<?xml version="1.0" encoding="UTF-8"?>
<testsuite xmlns:xsi="http://www.w3.org/2001/XMLSchema-instance" xsi:noNamespaceSchemaLocation="https://maven.apache.org/surefire/maven-surefire-plugin/xsd/surefire-test-report.xsd" name="org.apache.hadoop.hdds.scm.pipeline.TestPipelineClose" time="157.962" tests="4" errors="0" skipped="0" failures="1">
  <properties>
    <property name="awt.toolkit" value="sun.awt.X11.XToolkit"/>
    <property name="file.encoding.pkg" value="sun.io"/>
    <property name="java.specification.version" value="1.8"/>
    <property name="sun.cpu.isalist" value=""/>
    <property name="sun.jnu.encoding" value="UTF-8"/>
    <property name="java.class.path" value="/home/runner/work/ozone/ozone/hadoop-ozone/integration-test/target/test-classes:/home/runner/work/ozone/ozone/hadoop-ozone/integration-test/target/classes:/home/runner/.m2/repository/org/apache/ozone/ozone-common/1.2.0-SNAPSHOT/ozone-common-1.2.0-SNAPSHOT.jar:/home/runner/.m2/repository/org/apache/commons/commons-compress/1.20/commons-compress-1.20.jar:/home/runner/.m2/repository/org/apache/ozone/hdds-common/1.2.0-SNAPSHOT/hdds-common-1.2.0-SNAPSHOT.jar:/home/runner/.m2/repository/org/apache/ozone/hdds-client/1.2.0-SNAPSHOT/hdds-client-1.2.0-SNAPSHOT.jar:/home/runner/.m2/repository/org/apache/ozone/ozone-interface-client/1.2.0-SNAPSHOT/ozone-interface-client-1.2.0-SNAPSHOT.jar:/home/runner/.m2/repository/org/apache/ozone/hdds-server-framework/1.2.0-SNAPSHOT/hdds-server-framework-1.2.0-SNAPSHOT.jar:/home/runner/.m2/repository/org/apache/ozone/hdds-interface-server/1.2.0-SNAPSHOT/hdds-interface-server-1.2.0-SNAPSHOT.jar:/home/runner/.m2/repository/org/eclipse/jetty/jetty-servlet/9.4.43.v20210629/jetty-servlet-9.4.43.v20210629.jar:/home/runner/.m2/repository/org/eclipse/jetty/jetty-security/9.4.43.v20210629/jetty-security-9.4.43.v20210629.jar:/home/runner/.m2/repository/org/rocksdb/rocksdbjni/6.20.3/rocksdbjni-6.20.3.jar:/home/runner/.m2/repository/io/prometheus/simpleclient_dropwizard/0.7.0/simpleclient_dropwizard-0.7.0.jar:/home/runner/.m2/repository/io/prometheus/simpleclient/0.7.0/simpleclient-0.7.0.jar:/home/runner/.m2/repository/io/prometheus/simpleclient_common/0.7.0/simpleclient_common-0.7.0.jar:/home/runner/.m2/repository/com/fasterxml/jackson/datatype/jackson-datatype-jsr310/2.12.1/jackson-datatype-jsr310-2.12.1.jar:/home/runner/.m2/repository/org/apache/ozone/hdds-test-utils/1.2.0-SNAPSHOT/hdds-test-utils-1.2.0-SNAPSHOT.jar:/home/runner/.m2/repository/com/google/guava/guava/30.1.1-jre/guava-30.1.1-jre.jar:/home/runner/.m2/repository/com/google/guava/failureaccess/1.0.1/failureaccess-1.0.1.jar:/home/runner/.m2/repository/com/google/guava/listenablefuture/9999.0-empty-to-avoid-conflict-with-guava/listenablefuture-9999.0-empty-to-avoid-conflict-with-guava.jar:/home/runner/.m2/repository/com/google/code/findbugs/jsr305/3.0.0/jsr305-3.0.0.jar:/home/runner/.m2/repository/org/checkerframework/checker-qual/3.8.0/checker-qual-3.8.0.jar:/home/runner/.m2/repository/com/google/errorprone/error_prone_annotations/2.2.0/error_prone_annotations-2.2.0.jar:/home/runner/.m2/repository/com/google/j2objc/j2objc-annotations/1.3/j2objc-annotations-1.3.jar:/home/runner/.m2/repository/commons-io/commons-io/2.8.0/commons-io-2.8.0.jar:/home/runner/.m2/repository/commons-logging/commons-logging/1.2/commons-logging-1.2.jar:/home/runner/.m2/repository/log4j/log4j/1.2.17/log4j-1.2.17.jar:/home/runner/.m2/repository/org/slf4j/slf4j-api/1.7.30/slf4j-api-1.7.30.jar:/home/runner/.m2/repository/org/apache/ozone/hdds-server-scm/1.2.0-SNAPSHOT/hdds-server-scm-1.2.0-SNAPSHOT.jar:/home/runner/.m2/repository/org/apache/ozone/hdds-container-service/1.2.0-SNAPSHOT/hdds-container-service-1.2.0-SNAPSHOT.jar:/home/runner/.m2/repository/org/apache/ozone/hdds-hadoop-dependency-server/1.2.0-SNAPSHOT/hdds-hadoop-dependency-server-1.2.0-SNAPSHOT.jar:/home/runner/.m2/repository/org/apache/hadoop/hadoop-hdfs/3.3.1/hadoop-hdfs-3.3.1.jar:/home/runner/.m2/repository/io/dropwizard/metrics/metrics-core/3.2.4/metrics-core-3.2.4.jar:/home/runner/.m2/repository/org/apache/hadoop/hadoop-hdfs-client/3.3.1/hadoop-hdfs-client-3.3.1.jar:/home/runner/.m2/repository/org/bouncycastle/bcprov-jdk15on/1.67/bcprov-jdk15on-1.67.jar:/home/runner/.m2/repository/com/google/protobuf/protobuf-java/2.5.0/protobuf-java-2.5.0.jar:/home/runner/.m2/repository/org/apache/ozone/ozone-manager/1.2.0-SNAPSHOT/ozone-manager-1.2.0-SNAPSHOT.jar:/home/runner/.m2/repository/org/aspectj/aspectjrt/1.8.9/aspectjrt-1.8.9.jar:/home/runner/.m2/repository/org/aspectj/aspectjweaver/1.8.9/aspectjweaver-1.8.9.jar:/home/runner/.m2/repository/org/apache/ozone/hdds-interface-client/1.2.0-SNAPSHOT/hdds-interface-client-1.2.0-SNAPSHOT.jar:/home/runner/.m2/repository/org/apache/hadoop/thirdparty/hadoop-shaded-protobuf_3_7/1.1.1/hadoop-shaded-protobuf_3_7-1.1.1.jar:/home/runner/.m2/repository/org/apache/ratis/ratis-thirdparty-misc/0.7.0/ratis-thirdparty-misc-0.7.0.jar:/home/runner/.m2/repository/org/apache/ozone/ozone-interface-storage/1.2.0-SNAPSHOT/ozone-interface-storage-1.2.0-SNAPSHOT.jar:/home/runner/.m2/repository/org/reflections/reflections/0.9.11/reflections-0.9.11.jar:/home/runner/.m2/repository/org/apache/hadoop/hadoop-minikdc/3.3.1/hadoop-minikdc-3.3.1.jar:/home/runner/.m2/repository/org/apache/kerby/kerb-simplekdc/1.0.1/kerb-simplekdc-1.0.1.jar:/home/runner/.m2/repository/org/apache/kerby/kerb-client/1.0.1/kerb-client-1.0.1.jar:/home/runner/.m2/repository/org/apache/kerby/kerby-config/1.0.1/kerby-config-1.0.1.jar:/home/runner/.m2/repository/org/apache/kerby/kerb-common/1.0.1/kerb-common-1.0.1.jar:/home/runner/.m2/repository/org/apache/kerby/kerb-crypto/1.0.1/kerb-crypto-1.0.1.jar:/home/runner/.m2/repository/org/apache/kerby/kerb-util/1.0.1/kerb-util-1.0.1.jar:/home/runner/.m2/repository/org/apache/kerby/token-provider/1.0.1/token-provider-1.0.1.jar:/home/runner/.m2/repository/org/apache/kerby/kerb-admin/1.0.1/kerb-admin-1.0.1.jar:/home/runner/.m2/repository/org/apache/kerby/kerb-server/1.0.1/kerb-server-1.0.1.jar:/home/runner/.m2/repository/org/apache/kerby/kerb-identity/1.0.1/kerb-identity-1.0.1.jar:/home/runner/.m2/repository/org/apache/kerby/kerby-xdr/1.0.1/kerby-xdr-1.0.1.jar:/home/runner/.m2/repository/org/slf4j/slf4j-log4j12/1.7.30/slf4j-log4j12-1.7.30.jar:/home/runner/.m2/repository/org/apache/ozone/ozone-s3gateway/1.2.0-SNAPSHOT/ozone-s3gateway-1.2.0-SNAPSHOT.jar:/home/runner/.m2/repository/org/javassist/javassist/3.21.0-GA/javassist-3.21.0-GA.jar:/home/runner/.m2/repository/org/jboss/weld/servlet/weld-servlet/2.4.7.Final/weld-servlet-2.4.7.Final.jar:/home/runner/.m2/repository/org/glassfish/jersey/containers/jersey-container-servlet-core/2.33/jersey-container-servlet-core-2.33.jar:/home/runner/.m2/repository/org/glassfish/hk2/external/jakarta.inject/2.6.1/jakarta.inject-2.6.1.jar:/home/runner/.m2/repository/org/glassfish/jersey/core/jersey-common/2.33/jersey-common-2.33.jar:/home/runner/.m2/repository/jakarta/ws/rs/jakarta.ws.rs-api/2.1.6/jakarta.ws.rs-api-2.1.6.jar:/home/runner/.m2/repository/org/glassfish/jersey/ext/cdi/jersey-cdi1x/2.33/jersey-cdi1x-2.33.jar:/home/runner/.m2/repository/org/glassfish/jersey/inject/jersey-hk2/2.33/jersey-hk2-2.33.jar:/home/runner/.m2/repository/org/glassfish/hk2/hk2-locator/2.6.1/hk2-locator-2.6.1.jar:/home/runner/.m2/repository/org/glassfish/jersey/media/jersey-media-jaxb/2.33/jersey-media-jaxb-2.33.jar:/home/runner/.m2/repository/org/glassfish/hk2/osgi-resource-locator/1.0.3/osgi-resource-locator-1.0.3.jar:/home/runner/.m2/repository/org/glassfish/hk2/hk2-api/2.5.0/hk2-api-2.5.0.jar:/home/runner/.m2/repository/org/glassfish/hk2/hk2-utils/2.5.0/hk2-utils-2.5.0.jar:/home/runner/.m2/repository/org/glassfish/hk2/external/aopalliance-repackaged/2.5.0/aopalliance-repackaged-2.5.0.jar:/home/runner/.m2/repository/com/fasterxml/jackson/dataformat/jackson-dataformat-xml/2.12.1/jackson-dataformat-xml-2.12.1.jar:/home/runner/.m2/repository/com/fasterxml/jackson/core/jackson-core/2.12.1/jackson-core-2.12.1.jar:/home/runner/.m2/repository/com/fasterxml/jackson/module/jackson-module-jaxb-annotations/2.12.1/jackson-module-jaxb-annotations-2.12.1.jar:/home/runner/.m2/repository/jakarta/xml/bind/jakarta.xml.bind-api/2.3.2/jakarta.xml.bind-api-2.3.2.jar:/home/runner/.m2/repository/org/codehaus/woodstox/stax2-api/3.1.4/stax2-api-3.1.4.jar:/home/runner/.m2/repository/com/fasterxml/woodstox/woodstox-core/5.0.3/woodstox-core-5.0.3.jar:/home/runner/.m2/repository/javax/enterprise/cdi-api/1.2/cdi-api-1.2.jar:/home/runner/.m2/repository/javax/el/javax.el-api/3.0.0/javax.el-api-3.0.0.jar:/home/runner/.m2/repository/javax/interceptor/javax.interceptor-api/1.2/javax.interceptor-api-1.2.jar:/home/runner/.m2/repository/javax/inject/javax.inject/1/javax.inject-1.jar:/home/runner/.m2/repository/javax/xml/bind/jaxb-api/2.3.0/jaxb-api-2.3.0.jar:/home/runner/.m2/repository/org/glassfish/jaxb/jaxb-runtime/2.3.0.1/jaxb-runtime-2.3.0.1.jar:/home/runner/.m2/repository/org/glassfish/jaxb/jaxb-core/2.3.0.1/jaxb-core-2.3.0.1.jar:/home/runner/.m2/repository/org/glassfish/jaxb/txw2/2.3.0.1/txw2-2.3.0.1.jar:/home/runner/.m2/repository/com/sun/istack/istack-commons-runtime/3.0.5/istack-commons-runtime-3.0.5.jar:/home/runner/.m2/repository/org/jvnet/staxex/stax-ex/1.7.8/stax-ex-1.7.8.jar:/home/runner/.m2/repository/com/sun/xml/fastinfoset/FastInfoset/1.2.13/FastInfoset-1.2.13.jar:/home/runner/.m2/repository/javax/activation/activation/1.1.1/activation-1.1.1.jar:/home/runner/.m2/repository/org/apache/ozone/ozone-csi/1.2.0-SNAPSHOT/ozone-csi-1.2.0-SNAPSHOT.jar:/home/runner/.m2/repository/com/google/protobuf/protobuf-java-util/3.12.0/protobuf-java-util-3.12.0.jar:/home/runner/.m2/repository/com/google/code/gson/gson/2.2.4/gson-2.2.4.jar:/home/runner/.m2/repository/org/apache/ozone/hdds-config/1.2.0-SNAPSHOT/hdds-config-1.2.0-SNAPSHOT.jar:/home/runner/.m2/repository/io/grpc/grpc-netty/1.33.0/grpc-netty-1.33.0.jar:/home/runner/.m2/repository/io/grpc/grpc-core/1.33.0/grpc-core-1.33.0.jar:/home/runner/.m2/repository/com/google/android/annotations/4.1.1.4/annotations-4.1.1.4.jar:/home/runner/.m2/repository/io/netty/netty-codec-http2/4.1.63.Final/netty-codec-http2-4.1.63.Final.jar:/home/runner/.m2/repository/io/netty/netty-codec-http/4.1.63.Final/netty-codec-http-4.1.63.Final.jar:/home/runner/.m2/repository/io/netty/netty-handler-proxy/4.1.63.Final/netty-handler-proxy-4.1.63.Final.jar:/home/runner/.m2/repository/io/netty/netty-codec-socks/4.1.63.Final/netty-codec-socks-4.1.63.Final.jar:/home/runner/.m2/repository/io/perfmark/perfmark-api/0.19.0/perfmark-api-0.19.0.jar:/home/runner/.m2/repository/org/codehaus/mojo/animal-sniffer-annotations/1.18/animal-sniffer-annotations-1.18.jar:/home/runner/.m2/repository/io/netty/netty-transport-native-epoll/4.1.63.Final/netty-transport-native-epoll-4.1.63.Final.jar:/home/runner/.m2/repository/io/netty/netty-common/4.1.63.Final/netty-common-4.1.63.Final.jar:/home/runner/.m2/repository/io/netty/netty-buffer/4.1.63.Final/netty-buffer-4.1.63.Final.jar:/home/runner/.m2/repository/io/netty/netty-transport-native-unix-common/4.1.63.Final/netty-transport-native-unix-common-4.1.63.Final.jar:/home/runner/.m2/repository/io/grpc/grpc-protobuf/1.33.0/grpc-protobuf-1.33.0.jar:/home/runner/.m2/repository/io/grpc/grpc-api/1.33.0/grpc-api-1.33.0.jar:/home/runner/.m2/repository/io/grpc/grpc-context/1.33.0/grpc-context-1.33.0.jar:/home/runner/.m2/repository/com/google/api/grpc/proto-google-common-protos/1.17.0/proto-google-common-protos-1.17.0.jar:/home/runner/.m2/repository/io/grpc/grpc-protobuf-lite/1.33.0/grpc-protobuf-lite-1.33.0.jar:/home/runner/.m2/repository/io/grpc/grpc-stub/1.33.0/grpc-stub-1.33.0.jar:/home/runner/.m2/repository/org/apache/ozone/ozone-recon/1.2.0-SNAPSHOT/ozone-recon-1.2.0-SNAPSHOT.jar:/home/runner/.m2/repository/org/apache/ozone/ozone-reconcodegen/1.2.0-SNAPSHOT/ozone-reconcodegen-1.2.0-SNAPSHOT.jar:/home/runner/.m2/repository/com/google/inject/extensions/guice-multibindings/4.0/guice-multibindings-4.0.jar:/home/runner/.m2/repository/com/google/inject/guice/4.0/guice-4.0.jar:/home/runner/.m2/repository/aopalliance/aopalliance/1.0/aopalliance-1.0.jar:/home/runner/.m2/repository/com/google/inject/extensions/guice-assistedinject/4.0/guice-assistedinject-4.0.jar:/home/runner/.m2/repository/com/google/inject/extensions/guice-servlet/4.0/guice-servlet-4.0.jar:/home/runner/.m2/repository/org/glassfish/jersey/containers/jersey-container-servlet/2.33/jersey-container-servlet-2.33.jar:/home/runner/.m2/repository/org/glassfish/hk2/guice-bridge/2.5.0/guice-bridge-2.5.0.jar:/home/runner/.m2/repository/org/glassfish/jersey/core/jersey-server/2.33/jersey-server-2.33.jar:/home/runner/.m2/repository/org/glassfish/jersey/core/jersey-client/2.33/jersey-client-2.33.jar:/home/runner/.m2/repository/jakarta/annotation/jakarta.annotation-api/1.3.5/jakarta.annotation-api-1.3.5.jar:/home/runner/.m2/repository/jakarta/validation/jakarta.validation-api/2.0.2/jakarta.validation-api-2.0.2.jar:/home/runner/.m2/repository/org/glassfish/jersey/media/jersey-media-json-jackson/2.33/jersey-media-json-jackson-2.33.jar:/home/runner/.m2/repository/org/glassfish/jersey/ext/jersey-entity-filtering/2.33/jersey-entity-filtering-2.33.jar:/home/runner/.m2/repository/org/jooq/jooq/3.11.10/jooq-3.11.10.jar:/home/runner/.m2/repository/org/jooq/jooq-meta/3.11.10/jooq-meta-3.11.10.jar:/home/runner/.m2/repository/org/jooq/jooq-codegen/3.11.10/jooq-codegen-3.11.10.jar:/home/runner/.m2/repository/com/jolbox/bonecp/0.8.0.RELEASE/bonecp-0.8.0.RELEASE.jar:/home/runner/.m2/repository/org/apache/derby/derby/10.14.2.0/derby-10.14.2.0.jar:/home/runner/.m2/repository/org/xerial/sqlite-jdbc/3.25.2/sqlite-jdbc-3.25.2.jar:/home/runner/.m2/repository/org/springframework/spring-jdbc/5.2.11.RELEASE/spring-jdbc-5.2.11.RELEASE.jar:/home/runner/.m2/repository/org/springframework/spring-beans/5.2.11.RELEASE/spring-beans-5.2.11.RELEASE.jar:/home/runner/.m2/repository/org/springframework/spring-core/5.2.11.RELEASE/spring-core-5.2.11.RELEASE.jar:/home/runner/.m2/repository/org/springframework/spring-jcl/5.2.11.RELEASE/spring-jcl-5.2.11.RELEASE.jar:/home/runner/.m2/repository/org/springframework/spring-tx/5.2.11.RELEASE/spring-tx-5.2.11.RELEASE.jar:/home/runner/.m2/repository/org/apache/ozone/ozone-client/1.2.0-SNAPSHOT/ozone-client-1.2.0-SNAPSHOT.jar:/home/runner/.m2/repository/org/apache/ozone/ozone-filesystem/1.2.0-SNAPSHOT/ozone-filesystem-1.2.0-SNAPSHOT.jar:/home/runner/.m2/repository/org/apache/ozone/ozone-filesystem-common/1.2.0-SNAPSHOT/ozone-filesystem-common-1.2.0-SNAPSHOT.jar:/home/runner/.m2/repository/org/apache/ozone/ozone-tools/1.2.0-SNAPSHOT/ozone-tools-1.2.0-SNAPSHOT.jar:/home/runner/.m2/repository/org/apache/ratis/ratis-tools/2.1.0/ratis-tools-2.1.0.jar:/home/runner/.m2/repository/org/apache/ratis/ratis-proto/2.1.0/ratis-proto-2.1.0.jar:/home/runner/.m2/repository/org/apache/ratis/ratis-common/2.1.0/ratis-common-2.1.0.jar:/home/runner/.m2/repository/com/amazonaws/aws-java-sdk-core/1.11.901/aws-java-sdk-core-1.11.901.jar:/home/runner/.m2/repository/org/apache/httpcomponents/httpclient/4.5.13/httpclient-4.5.13.jar:/home/runner/.m2/repository/org/apache/httpcomponents/httpcore/4.4.13/httpcore-4.4.13.jar:/home/runner/.m2/repository/software/amazon/ion/ion-java/1.0.2/ion-java-1.0.2.jar:/home/runner/.m2/repository/com/fasterxml/jackson/dataformat/jackson-dataformat-cbor/2.12.1/jackson-dataformat-cbor-2.12.1.jar:/home/runner/.m2/repository/joda-time/joda-time/2.8.1/joda-time-2.8.1.jar:/home/runner/.m2/repository/com/amazonaws/aws-java-sdk-s3/1.11.901/aws-java-sdk-s3-1.11.901.jar:/home/runner/.m2/repository/com/amazonaws/aws-java-sdk-kms/1.11.901/aws-java-sdk-kms-1.11.901.jar:/home/runner/.m2/repository/com/amazonaws/jmespath-java/1.11.901/jmespath-java-1.11.901.jar:/home/runner/.m2/repository/org/kohsuke/metainf-services/metainf-services/1.8/metainf-services-1.8.jar:/home/runner/.m2/repository/org/apache/ozone/hdds-tools/1.2.0-SNAPSHOT/hdds-tools-1.2.0-SNAPSHOT.jar:/home/runner/.m2/repository/commons-cli/commons-cli/1.2/commons-cli-1.2.jar:/home/runner/.m2/repository/org/apache/commons/commons-lang3/3.7/commons-lang3-3.7.jar:/home/runner/.m2/repository/org/apache/ozone/ozone-manager/1.2.0-SNAPSHOT/ozone-manager-1.2.0-SNAPSHOT-tests.jar:/home/runner/.m2/repository/org/apache/ozone/hdds-common/1.2.0-SNAPSHOT/hdds-common-1.2.0-SNAPSHOT-tests.jar:/home/runner/.m2/repository/org/apache/ozone/hdds-hadoop-dependency-client/1.2.0-SNAPSHOT/hdds-hadoop-dependency-client-1.2.0-SNAPSHOT.jar:/home/runner/.m2/repository/info/picocli/picocli/4.4.0/picocli-4.4.0.jar:/home/runner/.m2/repository/com/fasterxml/jackson/core/jackson-annotations/2.12.1/jackson-annotations-2.12.1.jar:/home/runner/.m2/repository/javax/annotation/javax.annotation-api/1.2/javax.annotation-api-1.2.jar:/home/runner/.m2/repository/org/apache/ratis/ratis-server/2.1.0/ratis-server-2.1.0.jar:/home/runner/.m2/repository/org/apache/ratis/ratis-client/2.1.0/ratis-client-2.1.0.jar:/home/runner/.m2/repository/org/apache/ratis/ratis-server-api/2.1.0/ratis-server-api-2.1.0.jar:/home/runner/.m2/repository/org/apache/ratis/ratis-metrics/2.1.0/ratis-metrics-2.1.0.jar:/home/runner/.m2/repository/org/apache/ratis/ratis-netty/2.1.0/ratis-netty-2.1.0.jar:/home/runner/.m2/repository/org/apache/ratis/ratis-grpc/2.1.0/ratis-grpc-2.1.0.jar:/home/runner/.m2/repository/org/apache/logging/log4j/log4j-api/2.13.3/log4j-api-2.13.3.jar:/home/runner/.m2/repository/org/apache/logging/log4j/log4j-core/2.13.3/log4j-core-2.13.3.jar:/home/runner/.m2/repository/com/lmax/disruptor/3.4.2/disruptor-3.4.2.jar:/home/runner/.m2/repository/org/apache/commons/commons-pool2/2.6.0/commons-pool2-2.6.0.jar:/home/runner/.m2/repository/org/bouncycastle/bcpkix-jdk15on/1.67/bcpkix-jdk15on-1.67.jar:/home/runner/.m2/repository/commons-validator/commons-validator/1.6/commons-validator-1.6.jar:/home/runner/.m2/repository/commons-beanutils/commons-beanutils/1.9.4/commons-beanutils-1.9.4.jar:/home/runner/.m2/repository/commons-digester/commons-digester/1.8.1/commons-digester-1.8.1.jar:/home/runner/.m2/repository/commons-collections/commons-collections/3.2.2/commons-collections-3.2.2.jar:/home/runner/.m2/repository/io/jaegertracing/jaeger-client/1.6.0/jaeger-client-1.6.0.jar:/home/runner/.m2/repository/io/jaegertracing/jaeger-thrift/1.6.0/jaeger-thrift-1.6.0.jar:/home/runner/.m2/repository/org/apache/thrift/libthrift/0.14.1/libthrift-0.14.1.jar:/home/runner/.m2/repository/com/squareup/okhttp3/okhttp/4.9.0/okhttp-4.9.0.jar:/home/runner/.m2/repository/com/squareup/okio/okio/2.8.0/okio-2.8.0.jar:/home/runner/.m2/repository/io/jaegertracing/jaeger-core/1.6.0/jaeger-core-1.6.0.jar:/home/runner/.m2/repository/io/jaegertracing/jaeger-tracerresolver/1.6.0/jaeger-tracerresolver-1.6.0.jar:/home/runner/.m2/repository/io/opentracing/contrib/opentracing-tracerresolver/0.1.8/opentracing-tracerresolver-0.1.8.jar:/home/runner/.m2/repository/org/jetbrains/kotlin/kotlin-stdlib/1.4.31/kotlin-stdlib-1.4.31.jar:/home/runner/.m2/repository/org/jetbrains/kotlin/kotlin-stdlib-common/1.4.31/kotlin-stdlib-common-1.4.31.jar:/home/runner/.m2/repository/org/jetbrains/annotations/13.0/annotations-13.0.jar:/home/runner/.m2/repository/io/opentracing/opentracing-util/0.33.0/opentracing-util-0.33.0.jar:/home/runner/.m2/repository/io/opentracing/opentracing-api/0.33.0/opentracing-api-0.33.0.jar:/home/runner/.m2/repository/io/opentracing/opentracing-noop/0.33.0/opentracing-noop-0.33.0.jar:/home/runner/.m2/repository/org/yaml/snakeyaml/1.26/snakeyaml-1.26.jar:/home/runner/.m2/repository/org/apache/ozone/hdds-interface-admin/1.2.0-SNAPSHOT/hdds-interface-admin-1.2.0-SNAPSHOT.jar:/home/runner/.m2/repository/junit/junit/4.13.1/junit-4.13.1.jar:/home/runner/.m2/repository/org/hamcrest/hamcrest-core/1.3/hamcrest-core-1.3.jar:/home/runner/.m2/repository/org/junit/jupiter/junit-jupiter-api/5.7.0/junit-jupiter-api-5.7.0.jar:/home/runner/.m2/repository/org/apiguardian/apiguardian-api/1.1.0/apiguardian-api-1.1.0.jar:/home/runner/.m2/repository/org/opentest4j/opentest4j/1.2.0/opentest4j-1.2.0.jar:/home/runner/.m2/repository/org/junit/platform/junit-platform-commons/1.7.0/junit-platform-commons-1.7.0.jar:/home/runner/.m2/repository/org/junit/jupiter/junit-jupiter-engine/5.7.0/junit-jupiter-engine-5.7.0.jar:/home/runner/.m2/repository/org/junit/platform/junit-platform-engine/1.7.0/junit-platform-engine-1.7.0.jar:/home/runner/.m2/repository/org/junit/vintage/junit-vintage-engine/5.7.0/junit-vintage-engine-5.7.0.jar:/home/runner/.m2/repository/org/junit/platform/junit-platform-launcher/1.7.0/junit-platform-launcher-1.7.0.jar:/home/runner/.m2/repository/org/openjdk/jmh/jmh-core/1.19/jmh-core-1.19.jar:/home/runner/.m2/repository/net/sf/jopt-simple/jopt-simple/4.6/jopt-simple-4.6.jar:/home/runner/.m2/repository/org/apache/commons/commons-math3/3.1.1/commons-math3-3.1.1.jar:/home/runner/.m2/repository/org/openjdk/jmh/jmh-generator-annprocess/1.19/jmh-generator-annprocess-1.19.jar:/home/runner/.m2/repository/org/mockito/mockito-core/2.28.2/mockito-core-2.28.2.jar:/home/runner/.m2/repository/net/bytebuddy/byte-buddy/1.9.10/byte-buddy-1.9.10.jar:/home/runner/.m2/repository/net/bytebuddy/byte-buddy-agent/1.9.10/byte-buddy-agent-1.9.10.jar:/home/runner/.m2/repository/org/objenesis/objenesis/1.0/objenesis-1.0.jar:/home/runner/.m2/repository/org/apache/hadoop/hadoop-kms/3.3.1/hadoop-kms-3.3.1.jar:/home/runner/.m2/repository/org/apache/hadoop/hadoop-auth/3.3.1/hadoop-auth-3.3.1.jar:/home/runner/.m2/repository/com/nimbusds/nimbus-jose-jwt/7.9/nimbus-jose-jwt-7.9.jar:/home/runner/.m2/repository/com/github/stephenc/jcip/jcip-annotations/1.0-1/jcip-annotations-1.0-1.jar:/home/runner/.m2/repository/net/minidev/json-smart/2.3/json-smart-2.3.jar:/home/runner/.m2/repository/net/minidev/accessors-smart/1.2/accessors-smart-1.2.jar:/home/runner/.m2/repository/org/ow2/asm/asm/5.0.4/asm-5.0.4.jar:/home/runner/.m2/repository/org/apache/zookeeper/zookeeper/3.5.6/zookeeper-3.5.6.jar:/home/runner/.m2/repository/org/apache/zookeeper/zookeeper-jute/3.5.6/zookeeper-jute-3.5.6.jar:/home/runner/.m2/repository/org/apache/yetus/audience-annotations/0.5.0/audience-annotations-0.5.0.jar:/home/runner/.m2/repository/org/apache/curator/curator-framework/4.2.0/curator-framework-4.2.0.jar:/home/runner/.m2/repository/org/apache/hadoop/thirdparty/hadoop-shaded-guava/1.1.1/hadoop-shaded-guava-1.1.1.jar:/home/runner/.m2/repository/com/sun/jersey/jersey-core/1.19/jersey-core-1.19.jar:/home/runner/.m2/repository/javax/ws/rs/jsr311-api/1.1.1/jsr311-api-1.1.1.jar:/home/runner/.m2/repository/com/sun/jersey/jersey-server/1.19/jersey-server-1.19.jar:/home/runner/.m2/repository/javax/servlet/javax.servlet-api/3.1.0/javax.servlet-api-3.1.0.jar:/home/runner/.m2/repository/org/eclipse/jetty/jetty-server/9.4.43.v20210629/jetty-server-9.4.43.v20210629.jar:/home/runner/.m2/repository/org/eclipse/jetty/jetty-http/9.4.43.v20210629/jetty-http-9.4.43.v20210629.jar:/home/runner/.m2/repository/org/eclipse/jetty/jetty-io/9.4.43.v20210629/jetty-io-9.4.43.v20210629.jar:/home/runner/.m2/repository/org/eclipse/jetty/jetty-webapp/9.4.43.v20210629/jetty-webapp-9.4.43.v20210629.jar:/home/runner/.m2/repository/org/eclipse/jetty/jetty-xml/9.4.43.v20210629/jetty-xml-9.4.43.v20210629.jar:/home/runner/.m2/repository/org/apache/hadoop/hadoop-common/3.3.1/hadoop-common-3.3.1.jar:/home/runner/.m2/repository/commons-net/commons-net/3.6/commons-net-3.6.jar:/home/runner/.m2/repository/jakarta/activation/jakarta.activation-api/1.2.1/jakarta.activation-api-1.2.1.jar:/home/runner/.m2/repository/com/sun/jersey/jersey-servlet/1.19/jersey-servlet-1.19.jar:/home/runner/.m2/repository/com/sun/jersey/jersey-json/1.19/jersey-json-1.19.jar:/home/runner/.m2/repository/org/codehaus/jettison/jettison/1.1/jettison-1.1.jar:/home/runner/.m2/repository/com/sun/xml/bind/jaxb-impl/2.2.3-1/jaxb-impl-2.2.3-1.jar:/home/runner/.m2/repository/org/codehaus/jackson/jackson-jaxrs/1.9.2/jackson-jaxrs-1.9.2.jar:/home/runner/.m2/repository/org/codehaus/jackson/jackson-xc/1.9.2/jackson-xc-1.9.2.jar:/home/runner/.m2/repository/org/apache/commons/commons-configuration2/2.1.1/commons-configuration2-2.1.1.jar:/home/runner/.m2/repository/org/apache/commons/commons-text/1.4/commons-text-1.4.jar:/home/runner/.m2/repository/com/google/re2j/re2j/1.1/re2j-1.1.jar:/home/runner/.m2/repository/com/jcraft/jsch/0.1.54/jsch-0.1.54.jar:/home/runner/.m2/repository/org/apache/curator/curator-client/4.2.0/curator-client-4.2.0.jar:/home/runner/.m2/repository/org/apache/curator/curator-recipes/4.2.0/curator-recipes-4.2.0.jar:/home/runner/.m2/repository/org/apache/kerby/kerb-core/1.0.1/kerb-core-1.0.1.jar:/home/runner/.m2/repository/org/apache/kerby/kerby-pkix/1.0.1/kerby-pkix-1.0.1.jar:/home/runner/.m2/repository/org/apache/kerby/kerby-asn1/1.0.1/kerby-asn1-1.0.1.jar:/home/runner/.m2/repository/org/apache/kerby/kerby-util/1.0.1/kerby-util-1.0.1.jar:/home/runner/.m2/repository/dnsjava/dnsjava/2.1.7/dnsjava-2.1.7.jar:/home/runner/.m2/repository/org/xerial/snappy/snappy-java/1.1.8.2/snappy-java-1.1.8.2.jar:/home/runner/.m2/repository/org/slf4j/jul-to-slf4j/1.7.30/jul-to-slf4j-1.7.30.jar:/home/runner/.m2/repository/org/eclipse/jetty/jetty-util/9.4.43.v20210629/jetty-util-9.4.43.v20210629.jar:/home/runner/.m2/repository/com/fasterxml/jackson/core/jackson-databind/2.12.1/jackson-databind-2.12.1.jar:/home/runner/.m2/repository/org/apache/hadoop/hadoop-kms/3.3.1/hadoop-kms-3.3.1-tests.jar:/home/runner/.m2/repository/org/apache/ozone/hdds-server-scm/1.2.0-SNAPSHOT/hdds-server-scm-1.2.0-SNAPSHOT-tests.jar:/home/runner/.m2/repository/org/apache/ozone/hdds-container-service/1.2.0-SNAPSHOT/hdds-container-service-1.2.0-SNAPSHOT-tests.jar:/home/runner/.m2/repository/commons-codec/commons-codec/1.11/commons-codec-1.11.jar:/home/runner/.m2/repository/io/netty/netty-transport/4.1.63.Final/netty-transport-4.1.63.Final.jar:/home/runner/.m2/repository/io/netty/netty-resolver/4.1.63.Final/netty-resolver-4.1.63.Final.jar:/home/runner/.m2/repository/io/netty/netty-codec/4.1.63.Final/netty-codec-4.1.63.Final.jar:/home/runner/.m2/repository/io/netty/netty-handler/4.1.63.Final/netty-handler-4.1.63.Final.jar:/home/runner/.m2/repository/org/apache/ozone/hdds-hadoop-dependency-test/1.2.0-SNAPSHOT/hdds-hadoop-dependency-test-1.2.0-SNAPSHOT.jar:/home/runner/.m2/repository/org/apache/hadoop/hadoop-common/3.3.1/hadoop-common-3.3.1-tests.jar:/home/runner/.m2/repository/org/assertj/assertj-core/3.12.2/assertj-core-3.12.2.jar:/home/runner/.m2/repository/org/apache/hadoop/hadoop-hdfs/3.3.1/hadoop-hdfs-3.3.1-tests.jar:/home/runner/.m2/repository/org/eclipse/jetty/jetty-util-ajax/9.4.43.v20210629/jetty-util-ajax-9.4.43.v20210629.jar:/home/runner/.m2/repository/commons-daemon/commons-daemon/1.0.13/commons-daemon-1.0.13.jar:/home/runner/.m2/repository/io/netty/netty/3.10.6.Final/netty-3.10.6.Final.jar:/home/runner/.m2/repository/io/netty/netty-all/4.1.63.Final/netty-all-4.1.63.Final.jar:/home/runner/.m2/repository/org/apache/htrace/htrace-core4/4.1.0-incubating/htrace-core4-4.1.0-incubating.jar:/home/runner/.m2/repository/org/fusesource/leveldbjni/leveldbjni-all/1.8/leveldbjni-all-1.8.jar:/home/runner/.m2/repository/org/apache/hadoop/hadoop-distcp/3.3.1/hadoop-distcp-3.3.1.jar:/home/runner/.m2/repository/org/apache/hadoop/hadoop-mapreduce-client-jobclient/3.3.1/hadoop-mapreduce-client-jobclient-3.3.1.jar:/home/runner/.m2/repository/org/apache/hadoop/hadoop-mapreduce-client-common/3.3.1/hadoop-mapreduce-client-common-3.3.1.jar:/home/runner/.m2/repository/org/apache/hadoop/hadoop-yarn-common/3.3.1/hadoop-yarn-common-3.3.1.jar:/home/runner/.m2/repository/org/apache/hadoop/hadoop-yarn-api/3.3.1/hadoop-yarn-api-3.3.1.jar:/home/runner/.m2/repository/com/sun/jersey/jersey-client/1.19/jersey-client-1.19.jar:/home/runner/.m2/repository/com/sun/jersey/contribs/jersey-guice/1.19/jersey-guice-1.19.jar:/home/runner/.m2/repository/com/fasterxml/jackson/jaxrs/jackson-jaxrs-json-provider/2.12.1/jackson-jaxrs-json-provider-2.12.1.jar:/home/runner/.m2/repository/com/fasterxml/jackson/jaxrs/jackson-jaxrs-base/2.12.1/jackson-jaxrs-base-2.12.1.jar:/home/runner/.m2/repository/org/apache/hadoop/hadoop-yarn-client/3.3.1/hadoop-yarn-client-3.3.1.jar:/home/runner/.m2/repository/org/eclipse/jetty/websocket/websocket-client/9.4.40.v20210413/websocket-client-9.4.40.v20210413.jar:/home/runner/.m2/repository/org/eclipse/jetty/jetty-client/9.4.40.v20210413/jetty-client-9.4.40.v20210413.jar:/home/runner/.m2/repository/org/eclipse/jetty/websocket/websocket-common/9.4.40.v20210413/websocket-common-9.4.40.v20210413.jar:/home/runner/.m2/repository/org/eclipse/jetty/websocket/websocket-api/9.4.40.v20210413/websocket-api-9.4.40.v20210413.jar:/home/runner/.m2/repository/org/jline/jline/3.9.0/jline-3.9.0.jar:/home/runner/.m2/repository/org/apache/hadoop/hadoop-mapreduce-client-core/3.3.1/hadoop-mapreduce-client-core-3.3.1.jar:/home/runner/.m2/repository/org/apache/avro/avro/1.7.7/avro-1.7.7.jar:/home/runner/.m2/repository/org/codehaus/jackson/jackson-core-asl/1.9.13/jackson-core-asl-1.9.13.jar:/home/runner/.m2/repository/org/codehaus/jackson/jackson-mapper-asl/1.9.13/jackson-mapper-asl-1.9.13.jar:/home/runner/.m2/repository/com/thoughtworks/paranamer/paranamer/2.3/paranamer-2.3.jar:/home/runner/.m2/repository/org/apache/hadoop/hadoop-annotations/3.3.1/hadoop-annotations-3.3.1.jar:/usr/lib/jvm/adoptopenjdk-8-hotspot-amd64/jre/../lib/tools.jar:/home/runner/.m2/repository/org/apache/hadoop/hadoop-distcp/3.3.1/hadoop-distcp-3.3.1-tests.jar:"/>
    <property name="java.vm.vendor" value="AdoptOpenJDK"/>
    <property name="sun.arch.data.model" value="64"/>
    <property name="test.build.dir" value="/home/runner/work/ozone/ozone/hadoop-ozone/integration-test/target/test-dir"/>
    <property name="test.cache.data" value=""/>
    <property name="java.vendor.url" value="https://adoptopenjdk.net/"/>
    <property name="user.timezone" value=""/>
    <property name="java.vm.specification.version" value="1.8"/>
    <property name="os.name" value="Linux"/>
    <property name="test.build.data" value="/home/runner/work/ozone/ozone/hadoop-ozone/integration-test/target/test-dir"/>
    <property name="sun.java.launcher" value="SUN_STANDARD"/>
    <property name="sun.boot.library.path" value="/usr/lib/jvm/adoptopenjdk-8-hotspot-amd64/jre/lib/amd64"/>
    <property name="sun.java.command" value="/home/runner/work/ozone/ozone/hadoop-ozone/integration-test/target/surefire/surefirebooter1243254372590423537.jar /home/runner/work/ozone/ozone/hadoop-ozone/integration-test/target/surefire 2021-08-10T18-05-35_397-jvmRun1 surefire191957763833093326tmp surefire_14846514851798719323tmp"/>
    <property name="surefire.test.class.path" value="/home/runner/work/ozone/ozone/hadoop-ozone/integration-test/target/test-classes:/home/runner/work/ozone/ozone/hadoop-ozone/integration-test/target/classes:/home/runner/.m2/repository/org/apache/ozone/ozone-common/1.2.0-SNAPSHOT/ozone-common-1.2.0-SNAPSHOT.jar:/home/runner/.m2/repository/org/apache/commons/commons-compress/1.20/commons-compress-1.20.jar:/home/runner/.m2/repository/org/apache/ozone/hdds-common/1.2.0-SNAPSHOT/hdds-common-1.2.0-SNAPSHOT.jar:/home/runner/.m2/repository/org/apache/ozone/hdds-client/1.2.0-SNAPSHOT/hdds-client-1.2.0-SNAPSHOT.jar:/home/runner/.m2/repository/org/apache/ozone/ozone-interface-client/1.2.0-SNAPSHOT/ozone-interface-client-1.2.0-SNAPSHOT.jar:/home/runner/.m2/repository/org/apache/ozone/hdds-server-framework/1.2.0-SNAPSHOT/hdds-server-framework-1.2.0-SNAPSHOT.jar:/home/runner/.m2/repository/org/apache/ozone/hdds-interface-server/1.2.0-SNAPSHOT/hdds-interface-server-1.2.0-SNAPSHOT.jar:/home/runner/.m2/repository/org/eclipse/jetty/jetty-servlet/9.4.43.v20210629/jetty-servlet-9.4.43.v20210629.jar:/home/runner/.m2/repository/org/eclipse/jetty/jetty-security/9.4.43.v20210629/jetty-security-9.4.43.v20210629.jar:/home/runner/.m2/repository/org/rocksdb/rocksdbjni/6.20.3/rocksdbjni-6.20.3.jar:/home/runner/.m2/repository/io/prometheus/simpleclient_dropwizard/0.7.0/simpleclient_dropwizard-0.7.0.jar:/home/runner/.m2/repository/io/prometheus/simpleclient/0.7.0/simpleclient-0.7.0.jar:/home/runner/.m2/repository/io/prometheus/simpleclient_common/0.7.0/simpleclient_common-0.7.0.jar:/home/runner/.m2/repository/com/fasterxml/jackson/datatype/jackson-datatype-jsr310/2.12.1/jackson-datatype-jsr310-2.12.1.jar:/home/runner/.m2/repository/org/apache/ozone/hdds-test-utils/1.2.0-SNAPSHOT/hdds-test-utils-1.2.0-SNAPSHOT.jar:/home/runner/.m2/repository/com/google/guava/guava/30.1.1-jre/guava-30.1.1-jre.jar:/home/runner/.m2/repository/com/google/guava/failureaccess/1.0.1/failureaccess-1.0.1.jar:/home/runner/.m2/repository/com/google/guava/listenablefuture/9999.0-empty-to-avoid-conflict-with-guava/listenablefuture-9999.0-empty-to-avoid-conflict-with-guava.jar:/home/runner/.m2/repository/com/google/code/findbugs/jsr305/3.0.0/jsr305-3.0.0.jar:/home/runner/.m2/repository/org/checkerframework/checker-qual/3.8.0/checker-qual-3.8.0.jar:/home/runner/.m2/repository/com/google/errorprone/error_prone_annotations/2.2.0/error_prone_annotations-2.2.0.jar:/home/runner/.m2/repository/com/google/j2objc/j2objc-annotations/1.3/j2objc-annotations-1.3.jar:/home/runner/.m2/repository/commons-io/commons-io/2.8.0/commons-io-2.8.0.jar:/home/runner/.m2/repository/commons-logging/commons-logging/1.2/commons-logging-1.2.jar:/home/runner/.m2/repository/log4j/log4j/1.2.17/log4j-1.2.17.jar:/home/runner/.m2/repository/org/slf4j/slf4j-api/1.7.30/slf4j-api-1.7.30.jar:/home/runner/.m2/repository/org/apache/ozone/hdds-server-scm/1.2.0-SNAPSHOT/hdds-server-scm-1.2.0-SNAPSHOT.jar:/home/runner/.m2/repository/org/apache/ozone/hdds-container-service/1.2.0-SNAPSHOT/hdds-container-service-1.2.0-SNAPSHOT.jar:/home/runner/.m2/repository/org/apache/ozone/hdds-hadoop-dependency-server/1.2.0-SNAPSHOT/hdds-hadoop-dependency-server-1.2.0-SNAPSHOT.jar:/home/runner/.m2/repository/org/apache/hadoop/hadoop-hdfs/3.3.1/hadoop-hdfs-3.3.1.jar:/home/runner/.m2/repository/io/dropwizard/metrics/metrics-core/3.2.4/metrics-core-3.2.4.jar:/home/runner/.m2/repository/org/apache/hadoop/hadoop-hdfs-client/3.3.1/hadoop-hdfs-client-3.3.1.jar:/home/runner/.m2/repository/org/bouncycastle/bcprov-jdk15on/1.67/bcprov-jdk15on-1.67.jar:/home/runner/.m2/repository/com/google/protobuf/protobuf-java/2.5.0/protobuf-java-2.5.0.jar:/home/runner/.m2/repository/org/apache/ozone/ozone-manager/1.2.0-SNAPSHOT/ozone-manager-1.2.0-SNAPSHOT.jar:/home/runner/.m2/repository/org/aspectj/aspectjrt/1.8.9/aspectjrt-1.8.9.jar:/home/runner/.m2/repository/org/aspectj/aspectjweaver/1.8.9/aspectjweaver-1.8.9.jar:/home/runner/.m2/repository/org/apache/ozone/hdds-interface-client/1.2.0-SNAPSHOT/hdds-interface-client-1.2.0-SNAPSHOT.jar:/home/runner/.m2/repository/org/apache/hadoop/thirdparty/hadoop-shaded-protobuf_3_7/1.1.1/hadoop-shaded-protobuf_3_7-1.1.1.jar:/home/runner/.m2/repository/org/apache/ratis/ratis-thirdparty-misc/0.7.0/ratis-thirdparty-misc-0.7.0.jar:/home/runner/.m2/repository/org/apache/ozone/ozone-interface-storage/1.2.0-SNAPSHOT/ozone-interface-storage-1.2.0-SNAPSHOT.jar:/home/runner/.m2/repository/org/reflections/reflections/0.9.11/reflections-0.9.11.jar:/home/runner/.m2/repository/org/apache/hadoop/hadoop-minikdc/3.3.1/hadoop-minikdc-3.3.1.jar:/home/runner/.m2/repository/org/apache/kerby/kerb-simplekdc/1.0.1/kerb-simplekdc-1.0.1.jar:/home/runner/.m2/repository/org/apache/kerby/kerb-client/1.0.1/kerb-client-1.0.1.jar:/home/runner/.m2/repository/org/apache/kerby/kerby-config/1.0.1/kerby-config-1.0.1.jar:/home/runner/.m2/repository/org/apache/kerby/kerb-common/1.0.1/kerb-common-1.0.1.jar:/home/runner/.m2/repository/org/apache/kerby/kerb-crypto/1.0.1/kerb-crypto-1.0.1.jar:/home/runner/.m2/repository/org/apache/kerby/kerb-util/1.0.1/kerb-util-1.0.1.jar:/home/runner/.m2/repository/org/apache/kerby/token-provider/1.0.1/token-provider-1.0.1.jar:/home/runner/.m2/repository/org/apache/kerby/kerb-admin/1.0.1/kerb-admin-1.0.1.jar:/home/runner/.m2/repository/org/apache/kerby/kerb-server/1.0.1/kerb-server-1.0.1.jar:/home/runner/.m2/repository/org/apache/kerby/kerb-identity/1.0.1/kerb-identity-1.0.1.jar:/home/runner/.m2/repository/org/apache/kerby/kerby-xdr/1.0.1/kerby-xdr-1.0.1.jar:/home/runner/.m2/repository/org/slf4j/slf4j-log4j12/1.7.30/slf4j-log4j12-1.7.30.jar:/home/runner/.m2/repository/org/apache/ozone/ozone-s3gateway/1.2.0-SNAPSHOT/ozone-s3gateway-1.2.0-SNAPSHOT.jar:/home/runner/.m2/repository/org/javassist/javassist/3.21.0-GA/javassist-3.21.0-GA.jar:/home/runner/.m2/repository/org/jboss/weld/servlet/weld-servlet/2.4.7.Final/weld-servlet-2.4.7.Final.jar:/home/runner/.m2/repository/org/glassfish/jersey/containers/jersey-container-servlet-core/2.33/jersey-container-servlet-core-2.33.jar:/home/runner/.m2/repository/org/glassfish/hk2/external/jakarta.inject/2.6.1/jakarta.inject-2.6.1.jar:/home/runner/.m2/repository/org/glassfish/jersey/core/jersey-common/2.33/jersey-common-2.33.jar:/home/runner/.m2/repository/jakarta/ws/rs/jakarta.ws.rs-api/2.1.6/jakarta.ws.rs-api-2.1.6.jar:/home/runner/.m2/repository/org/glassfish/jersey/ext/cdi/jersey-cdi1x/2.33/jersey-cdi1x-2.33.jar:/home/runner/.m2/repository/org/glassfish/jersey/inject/jersey-hk2/2.33/jersey-hk2-2.33.jar:/home/runner/.m2/repository/org/glassfish/hk2/hk2-locator/2.6.1/hk2-locator-2.6.1.jar:/home/runner/.m2/repository/org/glassfish/jersey/media/jersey-media-jaxb/2.33/jersey-media-jaxb-2.33.jar:/home/runner/.m2/repository/org/glassfish/hk2/osgi-resource-locator/1.0.3/osgi-resource-locator-1.0.3.jar:/home/runner/.m2/repository/org/glassfish/hk2/hk2-api/2.5.0/hk2-api-2.5.0.jar:/home/runner/.m2/repository/org/glassfish/hk2/hk2-utils/2.5.0/hk2-utils-2.5.0.jar:/home/runner/.m2/repository/org/glassfish/hk2/external/aopalliance-repackaged/2.5.0/aopalliance-repackaged-2.5.0.jar:/home/runner/.m2/repository/com/fasterxml/jackson/dataformat/jackson-dataformat-xml/2.12.1/jackson-dataformat-xml-2.12.1.jar:/home/runner/.m2/repository/com/fasterxml/jackson/core/jackson-core/2.12.1/jackson-core-2.12.1.jar:/home/runner/.m2/repository/com/fasterxml/jackson/module/jackson-module-jaxb-annotations/2.12.1/jackson-module-jaxb-annotations-2.12.1.jar:/home/runner/.m2/repository/jakarta/xml/bind/jakarta.xml.bind-api/2.3.2/jakarta.xml.bind-api-2.3.2.jar:/home/runner/.m2/repository/org/codehaus/woodstox/stax2-api/3.1.4/stax2-api-3.1.4.jar:/home/runner/.m2/repository/com/fasterxml/woodstox/woodstox-core/5.0.3/woodstox-core-5.0.3.jar:/home/runner/.m2/repository/javax/enterprise/cdi-api/1.2/cdi-api-1.2.jar:/home/runner/.m2/repository/javax/el/javax.el-api/3.0.0/javax.el-api-3.0.0.jar:/home/runner/.m2/repository/javax/interceptor/javax.interceptor-api/1.2/javax.interceptor-api-1.2.jar:/home/runner/.m2/repository/javax/inject/javax.inject/1/javax.inject-1.jar:/home/runner/.m2/repository/javax/xml/bind/jaxb-api/2.3.0/jaxb-api-2.3.0.jar:/home/runner/.m2/repository/org/glassfish/jaxb/jaxb-runtime/2.3.0.1/jaxb-runtime-2.3.0.1.jar:/home/runner/.m2/repository/org/glassfish/jaxb/jaxb-core/2.3.0.1/jaxb-core-2.3.0.1.jar:/home/runner/.m2/repository/org/glassfish/jaxb/txw2/2.3.0.1/txw2-2.3.0.1.jar:/home/runner/.m2/repository/com/sun/istack/istack-commons-runtime/3.0.5/istack-commons-runtime-3.0.5.jar:/home/runner/.m2/repository/org/jvnet/staxex/stax-ex/1.7.8/stax-ex-1.7.8.jar:/home/runner/.m2/repository/com/sun/xml/fastinfoset/FastInfoset/1.2.13/FastInfoset-1.2.13.jar:/home/runner/.m2/repository/javax/activation/activation/1.1.1/activation-1.1.1.jar:/home/runner/.m2/repository/org/apache/ozone/ozone-csi/1.2.0-SNAPSHOT/ozone-csi-1.2.0-SNAPSHOT.jar:/home/runner/.m2/repository/com/google/protobuf/protobuf-java-util/3.12.0/protobuf-java-util-3.12.0.jar:/home/runner/.m2/repository/com/google/code/gson/gson/2.2.4/gson-2.2.4.jar:/home/runner/.m2/repository/org/apache/ozone/hdds-config/1.2.0-SNAPSHOT/hdds-config-1.2.0-SNAPSHOT.jar:/home/runner/.m2/repository/io/grpc/grpc-netty/1.33.0/grpc-netty-1.33.0.jar:/home/runner/.m2/repository/io/grpc/grpc-core/1.33.0/grpc-core-1.33.0.jar:/home/runner/.m2/repository/com/google/android/annotations/4.1.1.4/annotations-4.1.1.4.jar:/home/runner/.m2/repository/io/netty/netty-codec-http2/4.1.63.Final/netty-codec-http2-4.1.63.Final.jar:/home/runner/.m2/repository/io/netty/netty-codec-http/4.1.63.Final/netty-codec-http-4.1.63.Final.jar:/home/runner/.m2/repository/io/netty/netty-handler-proxy/4.1.63.Final/netty-handler-proxy-4.1.63.Final.jar:/home/runner/.m2/repository/io/netty/netty-codec-socks/4.1.63.Final/netty-codec-socks-4.1.63.Final.jar:/home/runner/.m2/repository/io/perfmark/perfmark-api/0.19.0/perfmark-api-0.19.0.jar:/home/runner/.m2/repository/org/codehaus/mojo/animal-sniffer-annotations/1.18/animal-sniffer-annotations-1.18.jar:/home/runner/.m2/repository/io/netty/netty-transport-native-epoll/4.1.63.Final/netty-transport-native-epoll-4.1.63.Final.jar:/home/runner/.m2/repository/io/netty/netty-common/4.1.63.Final/netty-common-4.1.63.Final.jar:/home/runner/.m2/repository/io/netty/netty-buffer/4.1.63.Final/netty-buffer-4.1.63.Final.jar:/home/runner/.m2/repository/io/netty/netty-transport-native-unix-common/4.1.63.Final/netty-transport-native-unix-common-4.1.63.Final.jar:/home/runner/.m2/repository/io/grpc/grpc-protobuf/1.33.0/grpc-protobuf-1.33.0.jar:/home/runner/.m2/repository/io/grpc/grpc-api/1.33.0/grpc-api-1.33.0.jar:/home/runner/.m2/repository/io/grpc/grpc-context/1.33.0/grpc-context-1.33.0.jar:/home/runner/.m2/repository/com/google/api/grpc/proto-google-common-protos/1.17.0/proto-google-common-protos-1.17.0.jar:/home/runner/.m2/repository/io/grpc/grpc-protobuf-lite/1.33.0/grpc-protobuf-lite-1.33.0.jar:/home/runner/.m2/repository/io/grpc/grpc-stub/1.33.0/grpc-stub-1.33.0.jar:/home/runner/.m2/repository/org/apache/ozone/ozone-recon/1.2.0-SNAPSHOT/ozone-recon-1.2.0-SNAPSHOT.jar:/home/runner/.m2/repository/org/apache/ozone/ozone-reconcodegen/1.2.0-SNAPSHOT/ozone-reconcodegen-1.2.0-SNAPSHOT.jar:/home/runner/.m2/repository/com/google/inject/extensions/guice-multibindings/4.0/guice-multibindings-4.0.jar:/home/runner/.m2/repository/com/google/inject/guice/4.0/guice-4.0.jar:/home/runner/.m2/repository/aopalliance/aopalliance/1.0/aopalliance-1.0.jar:/home/runner/.m2/repository/com/google/inject/extensions/guice-assistedinject/4.0/guice-assistedinject-4.0.jar:/home/runner/.m2/repository/com/google/inject/extensions/guice-servlet/4.0/guice-servlet-4.0.jar:/home/runner/.m2/repository/org/glassfish/jersey/containers/jersey-container-servlet/2.33/jersey-container-servlet-2.33.jar:/home/runner/.m2/repository/org/glassfish/hk2/guice-bridge/2.5.0/guice-bridge-2.5.0.jar:/home/runner/.m2/repository/org/glassfish/jersey/core/jersey-server/2.33/jersey-server-2.33.jar:/home/runner/.m2/repository/org/glassfish/jersey/core/jersey-client/2.33/jersey-client-2.33.jar:/home/runner/.m2/repository/jakarta/annotation/jakarta.annotation-api/1.3.5/jakarta.annotation-api-1.3.5.jar:/home/runner/.m2/repository/jakarta/validation/jakarta.validation-api/2.0.2/jakarta.validation-api-2.0.2.jar:/home/runner/.m2/repository/org/glassfish/jersey/media/jersey-media-json-jackson/2.33/jersey-media-json-jackson-2.33.jar:/home/runner/.m2/repository/org/glassfish/jersey/ext/jersey-entity-filtering/2.33/jersey-entity-filtering-2.33.jar:/home/runner/.m2/repository/org/jooq/jooq/3.11.10/jooq-3.11.10.jar:/home/runner/.m2/repository/org/jooq/jooq-meta/3.11.10/jooq-meta-3.11.10.jar:/home/runner/.m2/repository/org/jooq/jooq-codegen/3.11.10/jooq-codegen-3.11.10.jar:/home/runner/.m2/repository/com/jolbox/bonecp/0.8.0.RELEASE/bonecp-0.8.0.RELEASE.jar:/home/runner/.m2/repository/org/apache/derby/derby/10.14.2.0/derby-10.14.2.0.jar:/home/runner/.m2/repository/org/xerial/sqlite-jdbc/3.25.2/sqlite-jdbc-3.25.2.jar:/home/runner/.m2/repository/org/springframework/spring-jdbc/5.2.11.RELEASE/spring-jdbc-5.2.11.RELEASE.jar:/home/runner/.m2/repository/org/springframework/spring-beans/5.2.11.RELEASE/spring-beans-5.2.11.RELEASE.jar:/home/runner/.m2/repository/org/springframework/spring-core/5.2.11.RELEASE/spring-core-5.2.11.RELEASE.jar:/home/runner/.m2/repository/org/springframework/spring-jcl/5.2.11.RELEASE/spring-jcl-5.2.11.RELEASE.jar:/home/runner/.m2/repository/org/springframework/spring-tx/5.2.11.RELEASE/spring-tx-5.2.11.RELEASE.jar:/home/runner/.m2/repository/org/apache/ozone/ozone-client/1.2.0-SNAPSHOT/ozone-client-1.2.0-SNAPSHOT.jar:/home/runner/.m2/repository/org/apache/ozone/ozone-filesystem/1.2.0-SNAPSHOT/ozone-filesystem-1.2.0-SNAPSHOT.jar:/home/runner/.m2/repository/org/apache/ozone/ozone-filesystem-common/1.2.0-SNAPSHOT/ozone-filesystem-common-1.2.0-SNAPSHOT.jar:/home/runner/.m2/repository/org/apache/ozone/ozone-tools/1.2.0-SNAPSHOT/ozone-tools-1.2.0-SNAPSHOT.jar:/home/runner/.m2/repository/org/apache/ratis/ratis-tools/2.1.0/ratis-tools-2.1.0.jar:/home/runner/.m2/repository/org/apache/ratis/ratis-proto/2.1.0/ratis-proto-2.1.0.jar:/home/runner/.m2/repository/org/apache/ratis/ratis-common/2.1.0/ratis-common-2.1.0.jar:/home/runner/.m2/repository/com/amazonaws/aws-java-sdk-core/1.11.901/aws-java-sdk-core-1.11.901.jar:/home/runner/.m2/repository/org/apache/httpcomponents/httpclient/4.5.13/httpclient-4.5.13.jar:/home/runner/.m2/repository/org/apache/httpcomponents/httpcore/4.4.13/httpcore-4.4.13.jar:/home/runner/.m2/repository/software/amazon/ion/ion-java/1.0.2/ion-java-1.0.2.jar:/home/runner/.m2/repository/com/fasterxml/jackson/dataformat/jackson-dataformat-cbor/2.12.1/jackson-dataformat-cbor-2.12.1.jar:/home/runner/.m2/repository/joda-time/joda-time/2.8.1/joda-time-2.8.1.jar:/home/runner/.m2/repository/com/amazonaws/aws-java-sdk-s3/1.11.901/aws-java-sdk-s3-1.11.901.jar:/home/runner/.m2/repository/com/amazonaws/aws-java-sdk-kms/1.11.901/aws-java-sdk-kms-1.11.901.jar:/home/runner/.m2/repository/com/amazonaws/jmespath-java/1.11.901/jmespath-java-1.11.901.jar:/home/runner/.m2/repository/org/kohsuke/metainf-services/metainf-services/1.8/metainf-services-1.8.jar:/home/runner/.m2/repository/org/apache/ozone/hdds-tools/1.2.0-SNAPSHOT/hdds-tools-1.2.0-SNAPSHOT.jar:/home/runner/.m2/repository/commons-cli/commons-cli/1.2/commons-cli-1.2.jar:/home/runner/.m2/repository/org/apache/commons/commons-lang3/3.7/commons-lang3-3.7.jar:/home/runner/.m2/repository/org/apache/ozone/ozone-manager/1.2.0-SNAPSHOT/ozone-manager-1.2.0-SNAPSHOT-tests.jar:/home/runner/.m2/repository/org/apache/ozone/hdds-common/1.2.0-SNAPSHOT/hdds-common-1.2.0-SNAPSHOT-tests.jar:/home/runner/.m2/repository/org/apache/ozone/hdds-hadoop-dependency-client/1.2.0-SNAPSHOT/hdds-hadoop-dependency-client-1.2.0-SNAPSHOT.jar:/home/runner/.m2/repository/info/picocli/picocli/4.4.0/picocli-4.4.0.jar:/home/runner/.m2/repository/com/fasterxml/jackson/core/jackson-annotations/2.12.1/jackson-annotations-2.12.1.jar:/home/runner/.m2/repository/javax/annotation/javax.annotation-api/1.2/javax.annotation-api-1.2.jar:/home/runner/.m2/repository/org/apache/ratis/ratis-server/2.1.0/ratis-server-2.1.0.jar:/home/runner/.m2/repository/org/apache/ratis/ratis-client/2.1.0/ratis-client-2.1.0.jar:/home/runner/.m2/repository/org/apache/ratis/ratis-server-api/2.1.0/ratis-server-api-2.1.0.jar:/home/runner/.m2/repository/org/apache/ratis/ratis-metrics/2.1.0/ratis-metrics-2.1.0.jar:/home/runner/.m2/repository/org/apache/ratis/ratis-netty/2.1.0/ratis-netty-2.1.0.jar:/home/runner/.m2/repository/org/apache/ratis/ratis-grpc/2.1.0/ratis-grpc-2.1.0.jar:/home/runner/.m2/repository/org/apache/logging/log4j/log4j-api/2.13.3/log4j-api-2.13.3.jar:/home/runner/.m2/repository/org/apache/logging/log4j/log4j-core/2.13.3/log4j-core-2.13.3.jar:/home/runner/.m2/repository/com/lmax/disruptor/3.4.2/disruptor-3.4.2.jar:/home/runner/.m2/repository/org/apache/commons/commons-pool2/2.6.0/commons-pool2-2.6.0.jar:/home/runner/.m2/repository/org/bouncycastle/bcpkix-jdk15on/1.67/bcpkix-jdk15on-1.67.jar:/home/runner/.m2/repository/commons-validator/commons-validator/1.6/commons-validator-1.6.jar:/home/runner/.m2/repository/commons-beanutils/commons-beanutils/1.9.4/commons-beanutils-1.9.4.jar:/home/runner/.m2/repository/commons-digester/commons-digester/1.8.1/commons-digester-1.8.1.jar:/home/runner/.m2/repository/commons-collections/commons-collections/3.2.2/commons-collections-3.2.2.jar:/home/runner/.m2/repository/io/jaegertracing/jaeger-client/1.6.0/jaeger-client-1.6.0.jar:/home/runner/.m2/repository/io/jaegertracing/jaeger-thrift/1.6.0/jaeger-thrift-1.6.0.jar:/home/runner/.m2/repository/org/apache/thrift/libthrift/0.14.1/libthrift-0.14.1.jar:/home/runner/.m2/repository/com/squareup/okhttp3/okhttp/4.9.0/okhttp-4.9.0.jar:/home/runner/.m2/repository/com/squareup/okio/okio/2.8.0/okio-2.8.0.jar:/home/runner/.m2/repository/io/jaegertracing/jaeger-core/1.6.0/jaeger-core-1.6.0.jar:/home/runner/.m2/repository/io/jaegertracing/jaeger-tracerresolver/1.6.0/jaeger-tracerresolver-1.6.0.jar:/home/runner/.m2/repository/io/opentracing/contrib/opentracing-tracerresolver/0.1.8/opentracing-tracerresolver-0.1.8.jar:/home/runner/.m2/repository/org/jetbrains/kotlin/kotlin-stdlib/1.4.31/kotlin-stdlib-1.4.31.jar:/home/runner/.m2/repository/org/jetbrains/kotlin/kotlin-stdlib-common/1.4.31/kotlin-stdlib-common-1.4.31.jar:/home/runner/.m2/repository/org/jetbrains/annotations/13.0/annotations-13.0.jar:/home/runner/.m2/repository/io/opentracing/opentracing-util/0.33.0/opentracing-util-0.33.0.jar:/home/runner/.m2/repository/io/opentracing/opentracing-api/0.33.0/opentracing-api-0.33.0.jar:/home/runner/.m2/repository/io/opentracing/opentracing-noop/0.33.0/opentracing-noop-0.33.0.jar:/home/runner/.m2/repository/org/yaml/snakeyaml/1.26/snakeyaml-1.26.jar:/home/runner/.m2/repository/org/apache/ozone/hdds-interface-admin/1.2.0-SNAPSHOT/hdds-interface-admin-1.2.0-SNAPSHOT.jar:/home/runner/.m2/repository/junit/junit/4.13.1/junit-4.13.1.jar:/home/runner/.m2/repository/org/hamcrest/hamcrest-core/1.3/hamcrest-core-1.3.jar:/home/runner/.m2/repository/org/junit/jupiter/junit-jupiter-api/5.7.0/junit-jupiter-api-5.7.0.jar:/home/runner/.m2/repository/org/apiguardian/apiguardian-api/1.1.0/apiguardian-api-1.1.0.jar:/home/runner/.m2/repository/org/opentest4j/opentest4j/1.2.0/opentest4j-1.2.0.jar:/home/runner/.m2/repository/org/junit/platform/junit-platform-commons/1.7.0/junit-platform-commons-1.7.0.jar:/home/runner/.m2/repository/org/junit/jupiter/junit-jupiter-engine/5.7.0/junit-jupiter-engine-5.7.0.jar:/home/runner/.m2/repository/org/junit/platform/junit-platform-engine/1.7.0/junit-platform-engine-1.7.0.jar:/home/runner/.m2/repository/org/junit/vintage/junit-vintage-engine/5.7.0/junit-vintage-engine-5.7.0.jar:/home/runner/.m2/repository/org/junit/platform/junit-platform-launcher/1.7.0/junit-platform-launcher-1.7.0.jar:/home/runner/.m2/repository/org/openjdk/jmh/jmh-core/1.19/jmh-core-1.19.jar:/home/runner/.m2/repository/net/sf/jopt-simple/jopt-simple/4.6/jopt-simple-4.6.jar:/home/runner/.m2/repository/org/apache/commons/commons-math3/3.1.1/commons-math3-3.1.1.jar:/home/runner/.m2/repository/org/openjdk/jmh/jmh-generator-annprocess/1.19/jmh-generator-annprocess-1.19.jar:/home/runner/.m2/repository/org/mockito/mockito-core/2.28.2/mockito-core-2.28.2.jar:/home/runner/.m2/repository/net/bytebuddy/byte-buddy/1.9.10/byte-buddy-1.9.10.jar:/home/runner/.m2/repository/net/bytebuddy/byte-buddy-agent/1.9.10/byte-buddy-agent-1.9.10.jar:/home/runner/.m2/repository/org/objenesis/objenesis/1.0/objenesis-1.0.jar:/home/runner/.m2/repository/org/apache/hadoop/hadoop-kms/3.3.1/hadoop-kms-3.3.1.jar:/home/runner/.m2/repository/org/apache/hadoop/hadoop-auth/3.3.1/hadoop-auth-3.3.1.jar:/home/runner/.m2/repository/com/nimbusds/nimbus-jose-jwt/7.9/nimbus-jose-jwt-7.9.jar:/home/runner/.m2/repository/com/github/stephenc/jcip/jcip-annotations/1.0-1/jcip-annotations-1.0-1.jar:/home/runner/.m2/repository/net/minidev/json-smart/2.3/json-smart-2.3.jar:/home/runner/.m2/repository/net/minidev/accessors-smart/1.2/accessors-smart-1.2.jar:/home/runner/.m2/repository/org/ow2/asm/asm/5.0.4/asm-5.0.4.jar:/home/runner/.m2/repository/org/apache/zookeeper/zookeeper/3.5.6/zookeeper-3.5.6.jar:/home/runner/.m2/repository/org/apache/zookeeper/zookeeper-jute/3.5.6/zookeeper-jute-3.5.6.jar:/home/runner/.m2/repository/org/apache/yetus/audience-annotations/0.5.0/audience-annotations-0.5.0.jar:/home/runner/.m2/repository/org/apache/curator/curator-framework/4.2.0/curator-framework-4.2.0.jar:/home/runner/.m2/repository/org/apache/hadoop/thirdparty/hadoop-shaded-guava/1.1.1/hadoop-shaded-guava-1.1.1.jar:/home/runner/.m2/repository/com/sun/jersey/jersey-core/1.19/jersey-core-1.19.jar:/home/runner/.m2/repository/javax/ws/rs/jsr311-api/1.1.1/jsr311-api-1.1.1.jar:/home/runner/.m2/repository/com/sun/jersey/jersey-server/1.19/jersey-server-1.19.jar:/home/runner/.m2/repository/javax/servlet/javax.servlet-api/3.1.0/javax.servlet-api-3.1.0.jar:/home/runner/.m2/repository/org/eclipse/jetty/jetty-server/9.4.43.v20210629/jetty-server-9.4.43.v20210629.jar:/home/runner/.m2/repository/org/eclipse/jetty/jetty-http/9.4.43.v20210629/jetty-http-9.4.43.v20210629.jar:/home/runner/.m2/repository/org/eclipse/jetty/jetty-io/9.4.43.v20210629/jetty-io-9.4.43.v20210629.jar:/home/runner/.m2/repository/org/eclipse/jetty/jetty-webapp/9.4.43.v20210629/jetty-webapp-9.4.43.v20210629.jar:/home/runner/.m2/repository/org/eclipse/jetty/jetty-xml/9.4.43.v20210629/jetty-xml-9.4.43.v20210629.jar:/home/runner/.m2/repository/org/apache/hadoop/hadoop-common/3.3.1/hadoop-common-3.3.1.jar:/home/runner/.m2/repository/commons-net/commons-net/3.6/commons-net-3.6.jar:/home/runner/.m2/repository/jakarta/activation/jakarta.activation-api/1.2.1/jakarta.activation-api-1.2.1.jar:/home/runner/.m2/repository/com/sun/jersey/jersey-servlet/1.19/jersey-servlet-1.19.jar:/home/runner/.m2/repository/com/sun/jersey/jersey-json/1.19/jersey-json-1.19.jar:/home/runner/.m2/repository/org/codehaus/jettison/jettison/1.1/jettison-1.1.jar:/home/runner/.m2/repository/com/sun/xml/bind/jaxb-impl/2.2.3-1/jaxb-impl-2.2.3-1.jar:/home/runner/.m2/repository/org/codehaus/jackson/jackson-jaxrs/1.9.2/jackson-jaxrs-1.9.2.jar:/home/runner/.m2/repository/org/codehaus/jackson/jackson-xc/1.9.2/jackson-xc-1.9.2.jar:/home/runner/.m2/repository/org/apache/commons/commons-configuration2/2.1.1/commons-configuration2-2.1.1.jar:/home/runner/.m2/repository/org/apache/commons/commons-text/1.4/commons-text-1.4.jar:/home/runner/.m2/repository/com/google/re2j/re2j/1.1/re2j-1.1.jar:/home/runner/.m2/repository/com/jcraft/jsch/0.1.54/jsch-0.1.54.jar:/home/runner/.m2/repository/org/apache/curator/curator-client/4.2.0/curator-client-4.2.0.jar:/home/runner/.m2/repository/org/apache/curator/curator-recipes/4.2.0/curator-recipes-4.2.0.jar:/home/runner/.m2/repository/org/apache/kerby/kerb-core/1.0.1/kerb-core-1.0.1.jar:/home/runner/.m2/repository/org/apache/kerby/kerby-pkix/1.0.1/kerby-pkix-1.0.1.jar:/home/runner/.m2/repository/org/apache/kerby/kerby-asn1/1.0.1/kerby-asn1-1.0.1.jar:/home/runner/.m2/repository/org/apache/kerby/kerby-util/1.0.1/kerby-util-1.0.1.jar:/home/runner/.m2/repository/dnsjava/dnsjava/2.1.7/dnsjava-2.1.7.jar:/home/runner/.m2/repository/org/xerial/snappy/snappy-java/1.1.8.2/snappy-java-1.1.8.2.jar:/home/runner/.m2/repository/org/slf4j/jul-to-slf4j/1.7.30/jul-to-slf4j-1.7.30.jar:/home/runner/.m2/repository/org/eclipse/jetty/jetty-util/9.4.43.v20210629/jetty-util-9.4.43.v20210629.jar:/home/runner/.m2/repository/com/fasterxml/jackson/core/jackson-databind/2.12.1/jackson-databind-2.12.1.jar:/home/runner/.m2/repository/org/apache/hadoop/hadoop-kms/3.3.1/hadoop-kms-3.3.1-tests.jar:/home/runner/.m2/repository/org/apache/ozone/hdds-server-scm/1.2.0-SNAPSHOT/hdds-server-scm-1.2.0-SNAPSHOT-tests.jar:/home/runner/.m2/repository/org/apache/ozone/hdds-container-service/1.2.0-SNAPSHOT/hdds-container-service-1.2.0-SNAPSHOT-tests.jar:/home/runner/.m2/repository/commons-codec/commons-codec/1.11/commons-codec-1.11.jar:/home/runner/.m2/repository/io/netty/netty-transport/4.1.63.Final/netty-transport-4.1.63.Final.jar:/home/runner/.m2/repository/io/netty/netty-resolver/4.1.63.Final/netty-resolver-4.1.63.Final.jar:/home/runner/.m2/repository/io/netty/netty-codec/4.1.63.Final/netty-codec-4.1.63.Final.jar:/home/runner/.m2/repository/io/netty/netty-handler/4.1.63.Final/netty-handler-4.1.63.Final.jar:/home/runner/.m2/repository/org/apache/ozone/hdds-hadoop-dependency-test/1.2.0-SNAPSHOT/hdds-hadoop-dependency-test-1.2.0-SNAPSHOT.jar:/home/runner/.m2/repository/org/apache/hadoop/hadoop-common/3.3.1/hadoop-common-3.3.1-tests.jar:/home/runner/.m2/repository/org/assertj/assertj-core/3.12.2/assertj-core-3.12.2.jar:/home/runner/.m2/repository/org/apache/hadoop/hadoop-hdfs/3.3.1/hadoop-hdfs-3.3.1-tests.jar:/home/runner/.m2/repository/org/eclipse/jetty/jetty-util-ajax/9.4.43.v20210629/jetty-util-ajax-9.4.43.v20210629.jar:/home/runner/.m2/repository/commons-daemon/commons-daemon/1.0.13/commons-daemon-1.0.13.jar:/home/runner/.m2/repository/io/netty/netty/3.10.6.Final/netty-3.10.6.Final.jar:/home/runner/.m2/repository/io/netty/netty-all/4.1.63.Final/netty-all-4.1.63.Final.jar:/home/runner/.m2/repository/org/apache/htrace/htrace-core4/4.1.0-incubating/htrace-core4-4.1.0-incubating.jar:/home/runner/.m2/repository/org/fusesource/leveldbjni/leveldbjni-all/1.8/leveldbjni-all-1.8.jar:/home/runner/.m2/repository/org/apache/hadoop/hadoop-distcp/3.3.1/hadoop-distcp-3.3.1.jar:/home/runner/.m2/repository/org/apache/hadoop/hadoop-mapreduce-client-jobclient/3.3.1/hadoop-mapreduce-client-jobclient-3.3.1.jar:/home/runner/.m2/repository/org/apache/hadoop/hadoop-mapreduce-client-common/3.3.1/hadoop-mapreduce-client-common-3.3.1.jar:/home/runner/.m2/repository/org/apache/hadoop/hadoop-yarn-common/3.3.1/hadoop-yarn-common-3.3.1.jar:/home/runner/.m2/repository/org/apache/hadoop/hadoop-yarn-api/3.3.1/hadoop-yarn-api-3.3.1.jar:/home/runner/.m2/repository/com/sun/jersey/jersey-client/1.19/jersey-client-1.19.jar:/home/runner/.m2/repository/com/sun/jersey/contribs/jersey-guice/1.19/jersey-guice-1.19.jar:/home/runner/.m2/repository/com/fasterxml/jackson/jaxrs/jackson-jaxrs-json-provider/2.12.1/jackson-jaxrs-json-provider-2.12.1.jar:/home/runner/.m2/repository/com/fasterxml/jackson/jaxrs/jackson-jaxrs-base/2.12.1/jackson-jaxrs-base-2.12.1.jar:/home/runner/.m2/repository/org/apache/hadoop/hadoop-yarn-client/3.3.1/hadoop-yarn-client-3.3.1.jar:/home/runner/.m2/repository/org/eclipse/jetty/websocket/websocket-client/9.4.40.v20210413/websocket-client-9.4.40.v20210413.jar:/home/runner/.m2/repository/org/eclipse/jetty/jetty-client/9.4.40.v20210413/jetty-client-9.4.40.v20210413.jar:/home/runner/.m2/repository/org/eclipse/jetty/websocket/websocket-common/9.4.40.v20210413/websocket-common-9.4.40.v20210413.jar:/home/runner/.m2/repository/org/eclipse/jetty/websocket/websocket-api/9.4.40.v20210413/websocket-api-9.4.40.v20210413.jar:/home/runner/.m2/repository/org/jline/jline/3.9.0/jline-3.9.0.jar:/home/runner/.m2/repository/org/apache/hadoop/hadoop-mapreduce-client-core/3.3.1/hadoop-mapreduce-client-core-3.3.1.jar:/home/runner/.m2/repository/org/apache/avro/avro/1.7.7/avro-1.7.7.jar:/home/runner/.m2/repository/org/codehaus/jackson/jackson-core-asl/1.9.13/jackson-core-asl-1.9.13.jar:/home/runner/.m2/repository/org/codehaus/jackson/jackson-mapper-asl/1.9.13/jackson-mapper-asl-1.9.13.jar:/home/runner/.m2/repository/com/thoughtworks/paranamer/paranamer/2.3/paranamer-2.3.jar:/home/runner/.m2/repository/org/apache/hadoop/hadoop-annotations/3.3.1/hadoop-annotations-3.3.1.jar:/usr/lib/jvm/adoptopenjdk-8-hotspot-amd64/jre/../lib/tools.jar:/home/runner/.m2/repository/org/apache/hadoop/hadoop-distcp/3.3.1/hadoop-distcp-3.3.1-tests.jar:"/>
    <property name="sun.cpu.endian" value="little"/>
    <property name="user.home" value="/home/runner"/>
    <property name="user.language" value="en"/>
    <property name="java.specification.vendor" value="Oracle Corporation"/>
    <property name="java.home" value="/usr/lib/jvm/adoptopenjdk-8-hotspot-amd64/jre"/>
    <property name="java.security.krb5.conf" value="/home/runner/work/ozone/ozone/hadoop-ozone/integration-test/target/test-classes/krb5.conf"/>
    <property name="basedir" value="/home/runner/work/ozone/ozone/hadoop-ozone/integration-test"/>
    <property name="file.separator" value="/"/>
    <property name="line.separator" value="&#10;"/>
    <property name="java.vm.specification.vendor" value="Oracle Corporation"/>
    <property name="java.specification.name" value="Java Platform API Specification"/>
    <property name="java.awt.graphicsenv" value="sun.awt.X11GraphicsEnvironment"/>
    <property name="skip.installnpx" value="true"/>
    <property name="surefire.real.class.path" value="/home/runner/work/ozone/ozone/hadoop-ozone/integration-test/target/surefire/surefirebooter1243254372590423537.jar:/home/runner/.m2/repository/org/jacoco/org.jacoco.agent/0.8.5/org.jacoco.agent-0.8.5-runtime.jar"/>
    <property name="hadoop.log.dir" value="/home/runner/work/ozone/ozone/hadoop-ozone/integration-test/target/log"/>
    <property name="sun.boot.class.path" value="/usr/lib/jvm/adoptopenjdk-8-hotspot-amd64/jre/lib/resources.jar:/usr/lib/jvm/adoptopenjdk-8-hotspot-amd64/jre/lib/rt.jar:/usr/lib/jvm/adoptopenjdk-8-hotspot-amd64/jre/lib/sunrsasign.jar:/usr/lib/jvm/adoptopenjdk-8-hotspot-amd64/jre/lib/jsse.jar:/usr/lib/jvm/adoptopenjdk-8-hotspot-amd64/jre/lib/jce.jar:/usr/lib/jvm/adoptopenjdk-8-hotspot-amd64/jre/lib/charsets.jar:/usr/lib/jvm/adoptopenjdk-8-hotspot-amd64/jre/lib/jfr.jar:/usr/lib/jvm/adoptopenjdk-8-hotspot-amd64/jre/classes"/>
    <property name="sun.management.compiler" value="HotSpot 64-Bit Tiered Compilers"/>
    <property name="skip.npx" value="true"/>
    <property name="java.runtime.version" value="1.8.0_292-b10"/>
    <property name="java.net.preferIPv4Stack" value="true"/>
    <property name="user.name" value="runner"/>
    <property name="path.separator" value=":"/>
    <property name="java.security.egd" value="file:///dev/urandom"/>
    <property name="os.version" value="5.4.0-1055-azure"/>
    <property name="java.endorsed.dirs" value="/usr/lib/jvm/adoptopenjdk-8-hotspot-amd64/jre/lib/endorsed"/>
    <property name="java.runtime.name" value="OpenJDK Runtime Environment"/>
    <property name="file.encoding" value="UTF-8"/>
    <property name="java.vm.name" value="OpenJDK 64-Bit Server VM"/>
    <property name="test.build.webapps" value=""/>
    <property name="localRepository" value="/home/runner/.m2/repository"/>
    <property name="java.vendor.url.bug" value="https://github.com/AdoptOpenJDK/openjdk-support/issues"/>
    <property name="java.io.tmpdir" value="/tmp"/>
    <property name="require.test.libhadoop" value=""/>
    <property name="java.version" value="1.8.0_292"/>
    <property name="user.dir" value="/home/runner/work/ozone/ozone/hadoop-ozone/integration-test"/>
    <property name="os.arch" value="amd64"/>
    <property name="java.vm.specification.name" value="Java Virtual Machine Specification"/>
    <property name="test.build.classes" value="/home/runner/work/ozone/ozone/hadoop-ozone/integration-test/target/test-classes"/>
    <property name="java.awt.printerjob" value="sun.print.PSPrinterJob"/>
    <property name="sun.os.patch.level" value="unknown"/>
    <property name="hadoop.tmp.dir" value="/home/runner/work/ozone/ozone/hadoop-ozone/integration-test/target/tmp"/>
    <property name="java.library.path" value="/usr/java/packages/lib/amd64:/usr/lib64:/lib64:/lib:/usr/lib"/>
    <property name="java.vm.info" value="mixed mode"/>
    <property name="java.vendor" value="AdoptOpenJDK"/>
    <property name="java.vm.version" value="25.292-b10"/>
    <property name="java.ext.dirs" value="/usr/lib/jvm/adoptopenjdk-8-hotspot-amd64/jre/lib/ext:/usr/java/packages/lib/ext"/>
    <property name="sun.io.unicode.encoding" value="UnicodeLittle"/>
    <property name="java.class.version" value="52.0"/>
  </properties>
  <testcase name="testPipelineCloseWithPipelineAction" classname="org.apache.hadoop.hdds.scm.pipeline.TestPipelineClose" time="45.843"/>
  <testcase name="testPipelineCloseWithOpenContainer" classname="org.apache.hadoop.hdds.scm.pipeline.TestPipelineClose" time="30.999"/>
  <testcase name="testPipelineCloseWithClosedContainer" classname="org.apache.hadoop.hdds.scm.pipeline.TestPipelineClose" time="47.36"/>
  <testcase name="testPipelineCloseWithLogFailure" classname="org.apache.hadoop.hdds.scm.pipeline.TestPipelineClose" time="33.751">
    <failure message="&#10;pipelineActionHandler.onMessage(&#10;    &lt;Capturing argument&gt;,&#10;    &lt;any org.apache.hadoop.hdds.server.events.EventPublisher&gt;&#10;);&#10;Wanted 1 time:&#10;-&gt; at org.apache.hadoop.hdds.scm.pipeline.PipelineActionHandler.onMessage(PipelineActionHandler.java:64)&#10;But was 0 times.&#10;" type="org.mockito.exceptions.verification.TooFewActualInvocations"><![CDATA[org.mockito.exceptions.verification.TooFewActualInvocations: 

pipelineActionHandler.onMessage(
    <Capturing argument>,
    <any org.apache.hadoop.hdds.server.events.EventPublisher>
);
Wanted 1 time:
-> at org.apache.hadoop.hdds.scm.pipeline.PipelineActionHandler.onMessage(PipelineActionHandler.java:64)
But was 0 times.

	at org.apache.hadoop.hdds.scm.pipeline.PipelineActionHandler.onMessage(PipelineActionHandler.java:64)
	at org.apache.hadoop.hdds.scm.pipeline.TestPipelineClose.testPipelineCloseWithLogFailure(TestPipelineClose.java:246)
	at sun.reflect.NativeMethodAccessorImpl.invoke0(Native Method)
	at sun.reflect.NativeMethodAccessorImpl.invoke(NativeMethodAccessorImpl.java:62)
	at sun.reflect.DelegatingMethodAccessorImpl.invoke(DelegatingMethodAccessorImpl.java:43)
	at java.lang.reflect.Method.invoke(Method.java:498)
	at org.junit.runners.model.FrameworkMethod$1.runReflectiveCall(FrameworkMethod.java:59)
	at org.junit.internal.runners.model.ReflectiveCallable.run(ReflectiveCallable.java:12)
	at org.junit.runners.model.FrameworkMethod.invokeExplosively(FrameworkMethod.java:56)
	at org.junit.internal.runners.statements.InvokeMethod.evaluate(InvokeMethod.java:17)
	at org.junit.internal.runners.statements.RunBefores.evaluate(RunBefores.java:26)
	at org.junit.internal.runners.statements.RunAfters.evaluate(RunAfters.java:27)
	at org.junit.internal.runners.statements.FailOnTimeout$CallableStatement.call(FailOnTimeout.java:288)
	at org.junit.internal.runners.statements.FailOnTimeout$CallableStatement.call(FailOnTimeout.java:282)
	at java.util.concurrent.FutureTask.run(FutureTask.java:266)
	at java.lang.Thread.run(Thread.java:748)
]]></failure>
    <system-out><![CDATA[2021-08-10 18:28:19,623 [Time-limited test] WARN  server.ServerUtils (ServerUtils.java:getScmDbDir(148)) - ozone.scm.db.dirs is not configured. We recommend adding this setting. Falling back to ozone.metadata.dirs instead.
2021-08-10 18:28:19,628 [Time-limited test] INFO  ha.SCMHANodeDetails (SCMHANodeDetails.java:loadSCMHAConfig(157)) - ServiceID for StorageContainerManager is null
2021-08-10 18:28:19,628 [Time-limited test] INFO  ha.SCMHANodeDetails (SCMHANodeDetails.java:loadSCMHAConfig(162)) - ozone.scm.default.service.id is not defined, falling back to ozone.scm.service.ids to find serviceID for StorageContainerManager if it is HA enabled cluster
2021-08-10 18:28:19,629 [Time-limited test] WARN  server.ServerUtils (ServerUtils.java:getScmDbDir(148)) - ozone.scm.db.dirs is not configured. We recommend adding this setting. Falling back to ozone.metadata.dirs instead.
2021-08-10 18:28:19,629 [Time-limited test] INFO  upgrade.AbstractLayoutVersionManager (AbstractLayoutVersionManager.java:init(70)) - Initializing Layout version manager with metadata layout = SCM_HA (version = 2), software layout = SCM_HA (version = 2)
2021-08-10 18:28:19,751 [Time-limited test] INFO  reflections.Reflections (Reflections.java:scan(232)) - Reflections took 121 ms to scan 7 urls, producing 120 keys and 275 values 
2021-08-10 18:28:19,765 [Time-limited test] WARN  utils.HAUtils (HAUtils.java:getMetaDir(342)) - ozone.scm.db.dirs is not configured. We recommend adding this setting. Falling back to ozone.metadata.dirs instead.
2021-08-10 18:28:19,765 [Time-limited test] WARN  db.DBStoreBuilder (DBStoreBuilder.java:applyDBDefinition(145)) - ozone.scm.db.dirs is not configured. We recommend adding this setting. Falling back to ozone.metadata.dirs instead.
2021-08-10 18:28:19,942 [Time-limited test] INFO  net.NodeSchemaLoader (NodeSchemaLoader.java:loadSchemaFromFile(129)) - Loading schema from [jar:file:/home/runner/.m2/repository/org/apache/ozone/hdds-common/1.2.0-SNAPSHOT/hdds-common-1.2.0-SNAPSHOT.jar!/network-topology-default.xml]
2021-08-10 18:28:19,943 [Time-limited test] INFO  net.NodeSchemaLoader (NodeSchemaLoader.java:loadSchema(176)) - Loading network topology layer schema file
2021-08-10 18:28:19,946 [Time-limited test] INFO  ha.SequenceIdGenerator (SequenceIdGenerator.java:upgradeToSequenceId(327)) - upgrade localId to 107544261427200000
2021-08-10 18:28:19,947 [Time-limited test] INFO  ha.SequenceIdGenerator (SequenceIdGenerator.java:upgradeToSequenceId(337)) - upgrade delTxnId to 0
2021-08-10 18:28:19,947 [Time-limited test] INFO  ha.SequenceIdGenerator (SequenceIdGenerator.java:upgradeToSequenceId(351)) - upgrade containerId to 0
2021-08-10 18:28:19,947 [Time-limited test] INFO  ha.SequenceIdGenerator (SequenceIdGenerator.java:<init>(217)) - Init the HA SequenceIdGenerator.
2021-08-10 18:28:19,947 [Time-limited test] WARN  server.ServerUtils (ServerUtils.java:sanitizeUserArgs(73)) - ozone.scm.stale.node.interval value = 300000 is larger than max = 100000 based on the key value of ozone.scm.heartbeat.thread.interval, reset to the max value 100000.
2021-08-10 18:28:19,947 [Time-limited test] WARN  server.ServerUtils (ServerUtils.java:sanitizeUserArgs(73)) - ozone.scm.stale.node.interval value = 300000 is larger than max = 100000 based on the key value of ozone.scm.heartbeat.thread.interval, reset to the max value 100000.
2021-08-10 18:28:19,956 [Time-limited test] INFO  node.SCMNodeManager (SCMNodeManager.java:<init>(145)) - Entering startup safe mode.
2021-08-10 18:28:19,957 [Time-limited test] INFO  algorithms.ContainerPlacementPolicyFactory (ContainerPlacementPolicyFactory.java:getPolicy(60)) - Create container placement policy of type org.apache.hadoop.hdds.scm.container.placement.algorithms.SCMContainerPlacementRandom
2021-08-10 18:28:19,957 [Time-limited test] INFO  pipeline.PipelineStateManager (PipelineStateManagerV2Impl.java:initialize(78)) - No pipeline exists in current db
2021-08-10 18:28:19,957 [Time-limited test] INFO  algorithms.LeaderChoosePolicyFactory (LeaderChoosePolicyFactory.java:getPolicy(57)) - Create leader choose policy of type org.apache.hadoop.hdds.scm.pipeline.leader.choose.algorithms.MinLeaderCountChoosePolicy
2021-08-10 18:28:19,957 [Time-limited test] INFO  ha.SCMServiceManager (SCMServiceManager.java:register(43)) - Registering service BackgroundPipelineCreator.
2021-08-10 18:28:19,957 [Time-limited test] INFO  pipeline.BackgroundPipelineCreator (BackgroundPipelineCreatorV2.java:start(130)) - Starting RatisPipelineUtilsThread.
2021-08-10 18:28:19,958 [Time-limited test] INFO  algorithms.PipelineChoosePolicyFactory (PipelineChoosePolicyFactory.java:createPipelineChoosePolicyFromClass(73)) - Create pipeline choose policy of type org.apache.hadoop.hdds.scm.pipeline.choose.algorithms.RandomPipelineChoosePolicy
2021-08-10 18:28:19,963 [Time-limited test] INFO  ha.SCMServiceManager (SCMServiceManager.java:register(43)) - Registering service SCMBlockDeletingService.
2021-08-10 18:28:19,963 [Time-limited test] INFO  ha.SCMServiceManager (SCMServiceManager.java:register(43)) - Registering service ReplicationManager.
2021-08-10 18:28:19,963 [Time-limited test] INFO  container.ReplicationManager (ReplicationManager.java:start(286)) - Starting Replication Monitor Thread.
2021-08-10 18:28:19,972 [Time-limited test] INFO  safemode.ContainerSafeModeRule (ContainerSafeModeRule.java:<init>(89)) - containers with one replica threshold count 0
2021-08-10 18:28:19,973 [Time-limited test] INFO  safemode.HealthyPipelineSafeModeRule (HealthyPipelineSafeModeRule.java:initializeRule(156)) - Total pipeline count is 0, healthy pipeline threshold count is 1
2021-08-10 18:28:19,973 [Time-limited test] INFO  safemode.OneReplicaPipelineSafeModeRule (OneReplicaPipelineSafeModeRule.java:initializeRule(180)) - Total pipeline count is 0, pipeline's with at least one datanode reported threshold count is 0
2021-08-10 18:28:19,985 [ReplicationMonitor] INFO  container.ReplicationManager (ReplicationManager.java:processAll(341)) - Replication Monitor Thread took 0 milliseconds for processing 0 containers.
2021-08-10 18:28:19,992 [Time-limited test] INFO  ipc.CallQueueManager (CallQueueManager.java:<init>(90)) - Using callQueue: class java.util.concurrent.LinkedBlockingQueue, queueCapacity: 2000, scheduler: class org.apache.hadoop.ipc.DefaultRpcScheduler, ipcBackoff: false.
2021-08-10 18:28:19,993 [Socket Reader #1 for port 0] INFO  ipc.Server (Server.java:run(1265)) - Starting Socket Reader #1 for port 0
2021-08-10 18:28:19,993 [Listener at 0.0.0.0/41415] INFO  ipc.CallQueueManager (CallQueueManager.java:<init>(90)) - Using callQueue: class java.util.concurrent.LinkedBlockingQueue, queueCapacity: 2000, scheduler: class org.apache.hadoop.ipc.DefaultRpcScheduler, ipcBackoff: false.
2021-08-10 18:28:19,996 [Socket Reader #1 for port 0] INFO  ipc.Server (Server.java:run(1265)) - Starting Socket Reader #1 for port 0
2021-08-10 18:28:20,003 [Listener at 0.0.0.0/45803] INFO  ipc.CallQueueManager (CallQueueManager.java:<init>(90)) - Using callQueue: class java.util.concurrent.LinkedBlockingQueue, queueCapacity: 2000, scheduler: class org.apache.hadoop.ipc.DefaultRpcScheduler, ipcBackoff: false.
2021-08-10 18:28:20,007 [Socket Reader #1 for port 0] INFO  ipc.Server (Server.java:run(1265)) - Starting Socket Reader #1 for port 0
2021-08-10 18:28:20,090 [Listener at 0.0.0.0/40387] INFO  server.StorageContainerManager (StorageContainerManager.java:<init>(380)) - 
Container Balancer status:
Key                            Value
Running                        true
Container Balancer Configuration values:
Key                            Value
Threshold                      0.1
Max Datanodes to Balance       5
Max Size to Move               10737418240B

2021-08-10 18:28:20,090 [Listener at 0.0.0.0/40387] WARN  events.EventQueue (EventQueue.java:fireEvent(194)) - No event handler registered for event TypedEvent{payloadType=SafeModeStatus, name='Safe mode status'}
2021-08-10 18:28:20,090 [Listener at 0.0.0.0/40387] INFO  ha.SCMContext (SCMContext.java:updateSafeModeStatus(205)) - Update SafeModeStatus from SafeModeStatus{safeModeStatus=true, preCheckPassed=false} to SafeModeStatus{safeModeStatus=true, preCheckPassed=false}.
2021-08-10 18:28:20,090 [Listener at 0.0.0.0/40387] INFO  server.StorageContainerManager (StorageContainerManager.java:start(1246)) - StorageContainerLocationProtocol RPC server is listening at /0.0.0.0:40387
2021-08-10 18:28:20,093 [Listener at 0.0.0.0/40387] WARN  impl.MetricsConfig (MetricsConfig.java:loadFirst(136)) - Cannot locate configuration: tried hadoop-metrics2-storagecontainermanager.properties,hadoop-metrics2.properties
2021-08-10 18:28:20,108 [Listener at 0.0.0.0/40387] INFO  impl.MetricsSystemImpl (MetricsSystemImpl.java:startTimer(378)) - Scheduled Metric snapshot period at 10 second(s).
2021-08-10 18:28:20,108 [Listener at 0.0.0.0/40387] INFO  impl.MetricsSystemImpl (MetricsSystemImpl.java:start(191)) - StorageContainerManager metrics system started
2021-08-10 18:28:20,239 [Listener at 0.0.0.0/40387] INFO  impl.MetricsSinkAdapter (MetricsSinkAdapter.java:start(204)) - Sink prometheus started
2021-08-10 18:28:20,239 [Listener at 0.0.0.0/40387] INFO  impl.MetricsSystemImpl (MetricsSystemImpl.java:registerSink(305)) - Registered sink prometheus
2021-08-10 18:28:20,269 [Listener at 0.0.0.0/40387] INFO  server.SCMClientProtocolServer (SCMClientProtocolServer.java:start(165)) - RPC server for Client  is listening at /0.0.0.0:40387
2021-08-10 18:28:20,270 [IPC Server Responder] INFO  ipc.Server (Server.java:run(1507)) - IPC Server Responder: starting
2021-08-10 18:28:20,270 [IPC Server listener on 0] INFO  ipc.Server (Server.java:run(1344)) - IPC Server listener on 0: starting
2021-08-10 18:28:20,307 [Listener at 0.0.0.0/40387] INFO  server.StorageContainerManager (StorageContainerManager.java:start(1261)) - ScmBlockLocationProtocol RPC server is listening at /0.0.0.0:45803
2021-08-10 18:28:20,307 [Listener at 0.0.0.0/40387] INFO  server.SCMBlockProtocolServer (SCMBlockProtocolServer.java:start(151)) - RPC server for Block Protocol is listening at /0.0.0.0:45803
2021-08-10 18:28:20,307 [IPC Server Responder] INFO  ipc.Server (Server.java:run(1507)) - IPC Server Responder: starting
2021-08-10 18:28:20,307 [IPC Server listener on 0] INFO  ipc.Server (Server.java:run(1344)) - IPC Server listener on 0: starting
2021-08-10 18:28:20,310 [Listener at 0.0.0.0/40387] INFO  server.StorageContainerManager (StorageContainerManager.java:start(1267)) - ScmDatanodeProtocl RPC server is listening at /0.0.0.0:41415
2021-08-10 18:28:20,310 [Listener at 0.0.0.0/40387] INFO  server.SCMDatanodeProtocolServer (SCMDatanodeProtocolServer.java:start(181)) - RPC server for DataNodes is listening at /0.0.0.0:41415
2021-08-10 18:28:20,311 [IPC Server Responder] INFO  ipc.Server (Server.java:run(1507)) - IPC Server Responder: starting
2021-08-10 18:28:20,311 [IPC Server listener on 0] INFO  ipc.Server (Server.java:run(1344)) - IPC Server listener on 0: starting
2021-08-10 18:28:20,315 [Listener at 0.0.0.0/40387] INFO  http.BaseHttpServer (BaseHttpServer.java:newHttpServer2BuilderForOzone(209)) - Starting Web-server for scm at: http://0.0.0.0:0
2021-08-10 18:28:20,315 [Listener at 0.0.0.0/40387] INFO  http.BaseHttpServer (BaseHttpServer.java:<init>(107)) - Hadoop Security Enabled: false Ozone Security Enabled: false Ozone HTTP Security Enabled: false 
2021-08-10 18:28:20,337 [Listener at 0.0.0.0/40387] INFO  server.AuthenticationFilter (AuthenticationFilter.java:constructSecretProvider(240)) - Unable to initialize FileSignerSecretProvider, falling back to use random secrets.
2021-08-10 18:28:20,338 [org.apache.hadoop.util.JvmPauseMonitor$Monitor@3b6240b5] INFO  util.JvmPauseMonitor (JvmPauseMonitor.java:run(188)) - Starting JVM pause monitor
2021-08-10 18:28:20,347 [Listener at 0.0.0.0/40387] WARN  http.HttpRequestLog (HttpRequestLog.java:getRequestLog(103)) - Jetty request log can only be enabled using Log4j
2021-08-10 18:28:20,348 [Listener at 0.0.0.0/40387] INFO  http.HttpServer2 (HttpServer2.java:addGlobalFilter(1020)) - Added global filter 'safety' (class=org.apache.hadoop.hdds.server.http.HttpServer2$QuotingInputFilter)
2021-08-10 18:28:20,349 [Listener at 0.0.0.0/40387] INFO  http.HttpServer2 (HttpServer2.java:addFilter(996)) - Added filter static_user_filter (class=org.apache.hadoop.http.lib.StaticUserWebFilter$StaticUserFilter) to context scm
2021-08-10 18:28:20,349 [Listener at 0.0.0.0/40387] INFO  http.HttpServer2 (HttpServer2.java:addFilter(1004)) - Added filter static_user_filter (class=org.apache.hadoop.http.lib.StaticUserWebFilter$StaticUserFilter) to context static
2021-08-10 18:28:20,349 [Listener at 0.0.0.0/40387] INFO  http.HttpServer2 (HttpServer2.java:addFilter(1004)) - Added filter static_user_filter (class=org.apache.hadoop.http.lib.StaticUserWebFilter$StaticUserFilter) to context logs
2021-08-10 18:28:20,350 [Listener at 0.0.0.0/40387] INFO  http.HttpServer2 (HttpServer2.java:bindListener(1239)) - Jetty bound to port 42459
2021-08-10 18:28:20,350 [Listener at 0.0.0.0/40387] INFO  server.Server (Server.java:doStart(375)) - jetty-9.4.43.v20210629; built: 2021-06-30T11:07:22.254Z; git: 526006ecfa3af7f1a27ef3a288e2bef7ea9dd7e8; jvm 1.8.0_292-b10
2021-08-10 18:28:20,357 [Listener at 0.0.0.0/40387] INFO  server.session (DefaultSessionIdManager.java:doStart(334)) - DefaultSessionIdManager workerName=node0
2021-08-10 18:28:20,357 [Listener at 0.0.0.0/40387] INFO  server.session (DefaultSessionIdManager.java:doStart(339)) - No SessionScavenger set, using defaults
2021-08-10 18:28:20,358 [Listener at 0.0.0.0/40387] INFO  server.session (HouseKeeper.java:startScavenging(132)) - node0 Scavenging every 660000ms
2021-08-10 18:28:20,359 [Listener at 0.0.0.0/40387] INFO  handler.ContextHandler (ContextHandler.java:doStart(915)) - Started o.e.j.s.ServletContextHandler@51f682af{logs,/logs,file:///home/runner/work/ozone/ozone/hadoop-ozone/integration-test/target/log,AVAILABLE}
2021-08-10 18:28:20,359 [Listener at 0.0.0.0/40387] INFO  handler.ContextHandler (ContextHandler.java:doStart(915)) - Started o.e.j.s.ServletContextHandler@c3995e9{static,/static,file:///home/runner/work/ozone/ozone/hadoop-ozone/integration-test/target/test-classes/webapps/static,AVAILABLE}
2021-08-10 18:28:20,363 [Listener at 0.0.0.0/40387] INFO  handler.ContextHandler (ContextHandler.java:doStart(915)) - Started o.e.j.w.WebAppContext@615dfdaa{scm,/,file:///home/runner/work/ozone/ozone/hadoop-ozone/integration-test/target/test-classes/webapps/scm/,AVAILABLE}{file:/home/runner/work/ozone/ozone/hadoop-ozone/integration-test/target/test-classes/webapps/scm}
2021-08-10 18:28:20,380 [Listener at 0.0.0.0/40387] INFO  server.AbstractConnector (AbstractConnector.java:doStart(331)) - Started ServerConnector@64fcf920{HTTP/1.1, (http/1.1)}{0.0.0.0:42459}
2021-08-10 18:28:20,380 [Listener at 0.0.0.0/40387] INFO  server.Server (Server.java:doStart(415)) - Started @126122ms
2021-08-10 18:28:20,380 [Listener at 0.0.0.0/40387] WARN  impl.MetricsSystemImpl (MetricsSystemImpl.java:register(279)) - Sink prometheus already exists!
2021-08-10 18:28:20,381 [Listener at 0.0.0.0/40387] INFO  http.BaseHttpServer (BaseHttpServer.java:updateConnectorAddress(329)) - HTTP server of scm listening at http://0.0.0.0:42459
2021-08-10 18:28:20,381 [Listener at 0.0.0.0/40387] WARN  server.ServerUtils (ServerUtils.java:getDBPath(225)) - ozone.om.db.dirs is not configured. We recommend adding this setting. Falling back to ozone.metadata.dirs instead.
2021-08-10 18:28:20,384 [Listener at 0.0.0.0/40387] INFO  ha.OMHANodeDetails (OMHANodeDetails.java:loadOMHAConfig(112)) - ozone.om.internal.service.id is not defined, falling back to ozone.om.service.ids to find serviceID for OzoneManager if it is HA enabled cluster
2021-08-10 18:28:20,384 [Listener at 0.0.0.0/40387] INFO  ha.OMHANodeDetails (OMHANodeDetails.java:loadOMHAConfig(219)) - Configuration does not have ozone.om.address set. Falling back to the default OM address /127.0.0.1:0
2021-08-10 18:28:20,384 [Listener at 0.0.0.0/40387] INFO  ha.OMHANodeDetails (OMHANodeDetails.java:getOMNodeDetails(247)) - OM Service ID is not set. Setting it to the default ID: omServiceIdDefault
2021-08-10 18:28:20,384 [Listener at 0.0.0.0/40387] INFO  ha.OMHANodeDetails (OMHANodeDetails.java:getOMNodeDetails(254)) - OM Node ID is not set. Setting it to the default ID: om1
2021-08-10 18:28:20,384 [Listener at 0.0.0.0/40387] WARN  server.ServerUtils (ServerUtils.java:getDBPath(225)) - ozone.om.db.dirs is not configured. We recommend adding this setting. Falling back to ozone.metadata.dirs instead.
2021-08-10 18:28:20,385 [Listener at 0.0.0.0/40387] INFO  upgrade.AbstractLayoutVersionManager (AbstractLayoutVersionManager.java:init(70)) - Initializing Layout version manager with metadata layout = INITIAL_VERSION (version = 0), software layout = INITIAL_VERSION (version = 0)
2021-08-10 18:28:20,526 [Listener at 0.0.0.0/40387] INFO  reflections.Reflections (Reflections.java:scan(232)) - Reflections took 141 ms to scan 2 urls, producing 131 keys and 342 values [using 2 cores]
2021-08-10 18:28:20,526 [Listener at 0.0.0.0/40387] INFO  upgrade.OMLayoutVersionManager (OMLayoutVersionManager.java:lambda$0(116)) - Skipping Upgrade Action MockOmUpgradeAction since it has been finalized.
2021-08-10 18:28:20,526 [Listener at 0.0.0.0/40387] WARN  server.ServerUtils (ServerUtils.java:getDBPath(225)) - ozone.om.db.dirs is not configured. We recommend adding this setting. Falling back to ozone.metadata.dirs instead.
2021-08-10 18:28:20,557 [Listener at 0.0.0.0/40387] WARN  server.ServerUtils (ServerUtils.java:getDBPath(225)) - ozone.om.db.dirs is not configured. We recommend adding this setting. Falling back to ozone.metadata.dirs instead.
2021-08-10 18:28:20,557 [Listener at 0.0.0.0/40387] INFO  codec.OmKeyInfoCodec (OmKeyInfoCodec.java:<init>(51)) - OmKeyInfoCodec ignorePipeline = true
2021-08-10 18:28:20,557 [Listener at 0.0.0.0/40387] INFO  codec.RepeatedOmKeyInfoCodec (RepeatedOmKeyInfoCodec.java:<init>(42)) - RepeatedOmKeyInfoCodec ignorePipeline = true
2021-08-10 18:28:20,787 [Listener at 0.0.0.0/40387] INFO  om.OzoneManager (OzoneManager.java:addS3GVolumeToDB(4115)) - Created Volume s3v With Owner runner required for S3Gateway operations.
2021-08-10 18:28:20,787 [Listener at 0.0.0.0/40387] WARN  server.ServerUtils (ServerUtils.java:getDefaultRatisDirectory(237)) - Storage directory for Ratis is not configured. It is a good idea to map this to an SSD disk. Falling back to ozone.metadata.dirs
2021-08-10 18:28:20,788 [Listener at 0.0.0.0/40387] WARN  utils.OzoneManagerRatisUtils (OzoneManagerRatisUtils.java:getOMRatisSnapshotDirectory(391)) - ozone.om.ratis.snapshot.dir is not configured. Falling back to ozone.metadata.dirs config
2021-08-10 18:28:20,788 [Listener at 0.0.0.0/40387] WARN  impl.MetricRegistriesImpl (MetricRegistriesImpl.java:addReporterRegistration(111)) - New reporters are added after registries were created. Some metrics will be missing from the reporter. Please add reporter before adding any new registry.
2021-08-10 18:28:20,788 [Listener at 0.0.0.0/40387] WARN  impl.MetricRegistriesImpl (MetricRegistriesImpl.java:addReporterRegistration(111)) - New reporters are added after registries were created. Some metrics will be missing from the reporter. Please add reporter before adding any new registry.
2021-08-10 18:28:20,788 [Listener at 0.0.0.0/40387] WARN  server.ServerUtils (ServerUtils.java:getDefaultRatisDirectory(237)) - Storage directory for Ratis is not configured. It is a good idea to map this to an SSD disk. Falling back to ozone.metadata.dirs
2021-08-10 18:28:20,789 [Listener at 0.0.0.0/40387] INFO  ratis.OzoneManagerRatisServer (OzoneManagerRatisServer.java:<init>(158)) - Instantiating OM Ratis server with groupID: omServiceIdDefault and peers: localhost:9872
2021-08-10 18:28:20,789 [Listener at 0.0.0.0/40387] INFO  ratis.OzoneManagerStateMachine (OzoneManagerStateMachine.java:loadSnapshotInfoFromDB(605)) - LastAppliedIndex is set from TransactionInfo from OM DB as (t:0, i:~)
2021-08-10 18:28:20,790 [Listener at 0.0.0.0/40387] INFO  server.RaftServer (ConfUtils.java:logGet(44)) - raft.rpc.type = GRPC (default)
2021-08-10 18:28:20,790 [Listener at 0.0.0.0/40387] INFO  grpc.GrpcFactory (GrpcFactory.java:checkPooledByteBufAllocatorUseCacheForAllThreads(48)) - PERFORMANCE WARNING: useCacheForAllThreads is true that may cause Netty to create a lot garbage objects and, as a result, trigger GC.
	It is recommended to disable useCacheForAllThreads by setting -Dorg.apache.ratis.thirdparty.io.netty.allocator.useCacheForAllThreads=false in command line.
2021-08-10 18:28:20,790 [Listener at 0.0.0.0/40387] INFO  grpc.GrpcConfigKeys (ConfUtils.java:logGet(44)) - raft.grpc.admin.port = -1 (default)
2021-08-10 18:28:20,790 [Listener at 0.0.0.0/40387] INFO  grpc.GrpcConfigKeys (ConfUtils.java:logGet(44)) - raft.grpc.server.port = 9872 (custom)
2021-08-10 18:28:20,790 [Listener at 0.0.0.0/40387] INFO  grpc.GrpcConfigKeys (ConfUtils.java:logGet(44)) - raft.grpc.client.port = -1 (default)
2021-08-10 18:28:20,790 [Listener at 0.0.0.0/40387] INFO  grpc.GrpcConfigKeys (ConfUtils.java:logGet(44)) - raft.grpc.server.port = 9872 (custom)
2021-08-10 18:28:20,790 [Listener at 0.0.0.0/40387] INFO  grpc.GrpcConfigKeys (ConfUtils.java:logGet(44)) - raft.grpc.server.port = 9872 (custom)
2021-08-10 18:28:20,790 [Listener at 0.0.0.0/40387] INFO  server.GrpcService (ConfUtils.java:logGet(44)) - raft.grpc.message.size.max = 33554432 (custom)
2021-08-10 18:28:20,790 [Listener at 0.0.0.0/40387] INFO  server.RaftServerConfigKeys (ConfUtils.java:logGet(44)) - raft.server.log.appender.buffer.byte-limit = 33554432 (custom)
2021-08-10 18:28:20,790 [Listener at 0.0.0.0/40387] INFO  server.GrpcService (ConfUtils.java:logGet(44)) - raft.grpc.flow.control.window = 1MB (=1048576) (default)
2021-08-10 18:28:20,790 [Listener at 0.0.0.0/40387] INFO  server.RaftServerConfigKeys (ConfUtils.java:logGet(44)) - raft.server.rpc.request.timeout = 3000ms (default)
2021-08-10 18:28:20,792 [Listener at 0.0.0.0/40387] INFO  impl.DataStreamServerImpl (ConfUtils.java:logGet(44)) - raft.datastream.type = DISABLED (default)
2021-08-10 18:28:20,793 [Listener at 0.0.0.0/40387] INFO  server.RaftServerConfigKeys (ConfUtils.java:logGet(44)) - raft.server.rpc.slowness.timeout = 120s (custom)
2021-08-10 18:28:20,793 [Listener at 0.0.0.0/40387] INFO  server.RaftServerConfigKeys (ConfUtils.java:logGet(44)) - raft.server.leaderelection.leader.step-down.wait-time = 10s (default)
2021-08-10 18:28:20,793 [Listener at 0.0.0.0/40387] INFO  server.RaftServerConfigKeys (ConfUtils.java:logGet(44)) - raft.server.storage.dir = [/home/runner/work/ozone/ozone/hadoop-ozone/integration-test/target/test-dir/MiniOzoneClusterImpl-a05ed1eb-feab-4415-88a0-4de04f3f758c/ozone-meta/ratis] (custom)
2021-08-10 18:28:20,794 [Listener at 0.0.0.0/40387] INFO  server.RaftServer (RaftServerProxy.java:addNew(95)) - om1: addNew group-C5BA1605619E:[om1|rpc:localhost:9872|priority:0] returns group-C5BA1605619E:java.util.concurrent.CompletableFuture@350770c9[Not completed]
2021-08-10 18:28:20,794 [Listener at 0.0.0.0/40387] INFO  om.OzoneManager (OzoneManager.java:initializeRatisServer(1573)) - OzoneManager Ratis server initialized at port 9872
2021-08-10 18:28:20,795 [Listener at 0.0.0.0/40387] INFO  ipc.CallQueueManager (CallQueueManager.java:<init>(90)) - Using callQueue: class java.util.concurrent.LinkedBlockingQueue, queueCapacity: 2000, scheduler: class org.apache.hadoop.ipc.DefaultRpcScheduler, ipcBackoff: false.
2021-08-10 18:28:20,798 [Socket Reader #1 for port 0] INFO  ipc.Server (Server.java:run(1265)) - Starting Socket Reader #1 for port 0
2021-08-10 18:28:20,804 [pool-355-thread-1] INFO  server.RaftServer$Division (RaftServerImpl.java:<init>(181)) - om1: new RaftServerImpl for group-C5BA1605619E:[om1|rpc:localhost:9872|priority:0] with OzoneManagerStateMachine:uninitialized
2021-08-10 18:28:20,820 [pool-355-thread-1] INFO  server.RaftServerConfigKeys (ConfUtils.java:logGet(44)) - raft.server.rpc.timeout.min = 1s (custom)
2021-08-10 18:28:20,820 [pool-355-thread-1] INFO  server.RaftServerConfigKeys (ConfUtils.java:logGet(44)) - raft.server.rpc.timeout.max = 1200ms (custom)
2021-08-10 18:28:20,820 [pool-355-thread-1] INFO  server.RaftServerConfigKeys (ConfUtils.java:logGet(44)) - raft.server.rpc.sleep.time = 25ms (default)
2021-08-10 18:28:20,820 [pool-355-thread-1] INFO  server.RaftServerConfigKeys (ConfUtils.java:logGet(44)) - raft.server.rpc.slowness.timeout = 120s (custom)
2021-08-10 18:28:20,820 [pool-355-thread-1] INFO  server.RaftServerConfigKeys (ConfUtils.java:logGet(44)) - raft.server.leaderelection.leader.step-down.wait-time = 10s (default)
2021-08-10 18:28:20,821 [pool-355-thread-1] INFO  server.RaftServerConfigKeys (ConfUtils.java:logGet(44)) - raft.server.sleep.deviation.threshold = 300ms (default)
2021-08-10 18:28:20,821 [pool-355-thread-1] INFO  server.RaftServerConfigKeys (ConfUtils.java:logGet(44)) - raft.server.log.appender.install.snapshot.enabled = false (custom)
2021-08-10 18:28:20,821 [pool-355-thread-1] INFO  server.RaftServer$Division (ServerState.java:<init>(105)) - om1@group-C5BA1605619E: ConfigurationManager, init=-1: [om1|rpc:localhost:9872|priority:0], old=null, confs=<EMPTY_MAP>
2021-08-10 18:28:20,821 [pool-355-thread-1] INFO  server.RaftServerConfigKeys (ConfUtils.java:logGet(44)) - raft.server.storage.dir = [/home/runner/work/ozone/ozone/hadoop-ozone/integration-test/target/test-dir/MiniOzoneClusterImpl-a05ed1eb-feab-4415-88a0-4de04f3f758c/ozone-meta/ratis] (custom)
2021-08-10 18:28:20,821 [pool-355-thread-1] INFO  server.RaftServerConfigKeys (ConfUtils.java:logGet(44)) - raft.server.log.corruption.policy = EXCEPTION (default)
2021-08-10 18:28:20,821 [pool-355-thread-1] INFO  server.RaftServerConfigKeys (ConfUtils.java:logGet(44)) - raft.server.storage.free-space.min = 0MB (=0) (default)
2021-08-10 18:28:20,821 [pool-355-thread-1] INFO  storage.RaftStorageDirectory (RaftStorageDirectoryImpl.java:analyzeStorage(135)) - The storage directory /home/runner/work/ozone/ozone/hadoop-ozone/integration-test/target/test-dir/MiniOzoneClusterImpl-a05ed1eb-feab-4415-88a0-4de04f3f758c/ozone-meta/ratis/bf265839-605b-3f16-9796-c5ba1605619e does not exist. Creating ...
2021-08-10 18:28:20,822 [pool-355-thread-1] INFO  storage.RaftStorageDirectory (RaftStorageDirectoryImpl.java:tryLock(230)) - Lock on /home/runner/work/ozone/ozone/hadoop-ozone/integration-test/target/test-dir/MiniOzoneClusterImpl-a05ed1eb-feab-4415-88a0-4de04f3f758c/ozone-meta/ratis/bf265839-605b-3f16-9796-c5ba1605619e/in_use.lock acquired by nodename 20908@fv-az291-953
2021-08-10 18:28:20,828 [pool-355-thread-1] INFO  storage.RaftStorage (RaftStorageImpl.java:format(89)) - Storage directory /home/runner/work/ozone/ozone/hadoop-ozone/integration-test/target/test-dir/MiniOzoneClusterImpl-a05ed1eb-feab-4415-88a0-4de04f3f758c/ozone-meta/ratis/bf265839-605b-3f16-9796-c5ba1605619e has been successfully formatted.
2021-08-10 18:28:20,829 [pool-355-thread-1] INFO  server.RaftServerConfigKeys (ConfUtils.java:logGet(44)) - raft.server.notification.no-leader.timeout = 120s (custom)
2021-08-10 18:28:20,829 [pool-355-thread-1] INFO  server.RaftServerConfigKeys (ConfUtils.java:logGet(44)) - raft.server.log.use.memory = false (default)
2021-08-10 18:28:20,829 [pool-355-thread-1] INFO  server.RaftServerConfigKeys (ConfUtils.java:logGet(44)) - raft.server.log.purge.gap = 1000000 (custom)
2021-08-10 18:28:20,829 [pool-355-thread-1] INFO  server.RaftServerConfigKeys (ConfUtils.java:logGet(44)) - raft.server.log.appender.buffer.byte-limit = 33554432 (custom)
2021-08-10 18:28:20,829 [pool-355-thread-1] INFO  server.RaftServerConfigKeys (ConfUtils.java:logGet(44)) - raft.server.log.segment.size.max = 4194304 (custom)
2021-08-10 18:28:20,834 [pool-355-thread-1] INFO  server.RaftServerConfigKeys (ConfUtils.java:logGet(44)) - raft.server.log.segment.cache.num.max = 2 (custom)
2021-08-10 18:28:20,834 [pool-355-thread-1] INFO  server.RaftServerConfigKeys (ConfUtils.java:logGet(44)) - raft.server.log.segment.cache.size.max = 200MB (=209715200) (default)
2021-08-10 18:28:20,834 [pool-355-thread-1] INFO  segmented.SegmentedRaftLogWorker (SegmentedRaftLogWorker.java:<init>(182)) - new om1@group-C5BA1605619E-SegmentedRaftLogWorker for RaftStorageImpl:Storage Directory /home/runner/work/ozone/ozone/hadoop-ozone/integration-test/target/test-dir/MiniOzoneClusterImpl-a05ed1eb-feab-4415-88a0-4de04f3f758c/ozone-meta/ratis/bf265839-605b-3f16-9796-c5ba1605619e
2021-08-10 18:28:20,834 [pool-355-thread-1] INFO  server.RaftServerConfigKeys (ConfUtils.java:logGet(44)) - raft.server.log.queue.byte-limit = 64MB (=67108864) (default)
2021-08-10 18:28:20,834 [pool-355-thread-1] INFO  server.RaftServerConfigKeys (ConfUtils.java:logGet(44)) - raft.server.log.queue.element-limit = 4096 (default)
2021-08-10 18:28:20,834 [pool-355-thread-1] INFO  server.RaftServerConfigKeys (ConfUtils.java:logGet(44)) - raft.server.log.segment.size.max = 4194304 (custom)
2021-08-10 18:28:20,834 [pool-355-thread-1] INFO  server.RaftServerConfigKeys (ConfUtils.java:logGet(44)) - raft.server.log.preallocated.size = 4194304 (custom)
2021-08-10 18:28:20,835 [pool-355-thread-1] INFO  server.RaftServerConfigKeys (ConfUtils.java:logGet(44)) - raft.server.log.force.sync.num = 128 (default)
2021-08-10 18:28:20,835 [pool-355-thread-1] INFO  server.RaftServerConfigKeys (ConfUtils.java:logGet(44)) - raft.server.log.statemachine.data.sync = true (default)
2021-08-10 18:28:20,835 [pool-355-thread-1] INFO  server.RaftServerConfigKeys (ConfUtils.java:logGet(44)) - raft.server.log.statemachine.data.sync.timeout = 10s (default)
2021-08-10 18:28:20,835 [pool-355-thread-1] INFO  server.RaftServerConfigKeys (ConfUtils.java:logGet(44)) - raft.server.log.statemachine.data.sync.timeout.retry = -1 (default)
2021-08-10 18:28:20,836 [pool-355-thread-1] INFO  server.RaftServerConfigKeys (ConfUtils.java:logGet(44)) - raft.server.log.write.buffer.size = 64KB (=65536) (default)
2021-08-10 18:28:20,836 [pool-355-thread-1] INFO  server.RaftServerConfigKeys (ConfUtils.java:logGet(44)) - raft.server.log.statemachine.data.caching.enabled = false (default)
2021-08-10 18:28:20,837 [pool-355-thread-1] INFO  segmented.SegmentedRaftLogWorker (SegmentedRaftLogWorker.java:lambda$new$0(133)) - om1@group-C5BA1605619E-SegmentedRaftLogWorker: flushIndex: setUnconditionally 0 -> -1
2021-08-10 18:28:20,837 [pool-355-thread-1] INFO  segmented.SegmentedRaftLogWorker (SegmentedRaftLogWorker.java:lambda$new$0(133)) - om1@group-C5BA1605619E-SegmentedRaftLogWorker: safeCacheEvictIndex: setUnconditionally 0 -> -1
2021-08-10 18:28:20,847 [pool-355-thread-1] INFO  server.RaftServerConfigKeys (ConfUtils.java:logGet(44)) - raft.server.snapshot.auto.trigger.enabled = true (custom)
2021-08-10 18:28:20,848 [pool-355-thread-1] INFO  server.RaftServerConfigKeys (ConfUtils.java:logGet(44)) - raft.server.snapshot.auto.trigger.threshold = 400000 (default)
2021-08-10 18:28:20,848 [pool-355-thread-1] INFO  server.RaftServerConfigKeys (ConfUtils.java:logGet(44)) - raft.server.snapshot.retention.file.num = -1 (default)
2021-08-10 18:28:20,848 [pool-355-thread-1] INFO  server.RaftServerConfigKeys (ConfUtils.java:logGet(44)) - raft.server.log.purge.upto.snapshot.index = true (custom)
2021-08-10 18:28:20,848 [pool-355-thread-1] INFO  server.RaftServerConfigKeys (ConfUtils.java:logGet(44)) - raft.server.retrycache.expirytime = 300s (custom)
2021-08-10 18:28:20,848 [pool-355-thread-1] INFO  server.RaftServerConfigKeys (ConfUtils.java:logGet(44)) - raft.server.retrycache.statistics.expirytime = 100μs (default)
2021-08-10 18:28:20,871 [Listener at 127.0.0.1/43729] INFO  om.OzoneManager (OzoneManager.java:initFSOLayout(4321)) - Configured ozone.om.metadata.layout=SIMPLE and disabled optimized OM FS operations
2021-08-10 18:28:20,872 [Listener at 127.0.0.1/43729] INFO  impl.MetricsSystemImpl (MetricsSystemImpl.java:init(158)) - OzoneManager metrics system started (again)
2021-08-10 18:28:20,887 [Listener at 127.0.0.1/43729] INFO  om.OzoneManager (OzoneManager.java:start(1270)) - OzoneManager RPC server is listening at localhost/127.0.0.1:43729
2021-08-10 18:28:20,888 [Listener at 127.0.0.1/43729] INFO  ratis.OzoneManagerRatisServer (OzoneManagerRatisServer.java:start(516)) - Starting OzoneManagerRatisServer om1 at port 9872
2021-08-10 18:28:20,896 [Listener at 127.0.0.1/43729] INFO  server.RaftServer$Division (RaftServerImpl.java:start(296)) - om1@group-C5BA1605619E: start as a follower, conf=-1: [om1|rpc:localhost:9872|priority:0], old=null
2021-08-10 18:28:20,896 [Listener at 127.0.0.1/43729] INFO  server.RaftServer$Division (RaftServerImpl.java:setRole(285)) - om1@group-C5BA1605619E: changes role from      null to FOLLOWER at term 0 for startAsFollower
2021-08-10 18:28:20,897 [Listener at 127.0.0.1/43729] INFO  impl.RoleInfo (RoleInfo.java:updateAndGet(130)) - om1: start om1@group-C5BA1605619E-FollowerState
2021-08-10 18:28:20,898 [Listener at 127.0.0.1/43729] INFO  util.JmxRegister (JmxRegister.java:tryRegister(44)) - Successfully registered JMX Bean with object name Ratis:service=RaftServer,group=group-C5BA1605619E,id=om1
2021-08-10 18:28:20,900 [Listener at 127.0.0.1/43729] INFO  server.RaftServer (RaftServerProxy.java:lambda$start$5(374)) - om1: start RPC server
2021-08-10 18:28:20,901 [Listener at 127.0.0.1/43729] INFO  server.GrpcService (GrpcService.java:startImpl(253)) - om1: GrpcService started, listening on 9872
2021-08-10 18:28:20,902 [Listener at 127.0.0.1/43729] INFO  om.OzoneManager (OzoneManager.java:start(1288)) - Version File has different layout version (0) than OM DB (null). That is expected if this OM has never been finalized to a newer layout version.
2021-08-10 18:28:20,902 [org.apache.ratis.util.JvmPauseMonitor$$Lambda$531/2055791967@4a0e2803] INFO  util.JvmPauseMonitor (JvmPauseMonitor.java:run(103)) - JvmPauseMonitor-om1: Started
2021-08-10 18:28:20,920 [Listener at 127.0.0.1/43729] INFO  http.BaseHttpServer (BaseHttpServer.java:newHttpServer2BuilderForOzone(209)) - Starting Web-server for ozoneManager at: http://0.0.0.0:0
2021-08-10 18:28:20,920 [Listener at 127.0.0.1/43729] INFO  http.BaseHttpServer (BaseHttpServer.java:<init>(107)) - Hadoop Security Enabled: false Ozone Security Enabled: false Ozone HTTP Security Enabled: false 
2021-08-10 18:28:20,921 [Listener at 127.0.0.1/43729] INFO  server.AuthenticationFilter (AuthenticationFilter.java:constructSecretProvider(240)) - Unable to initialize FileSignerSecretProvider, falling back to use random secrets.
2021-08-10 18:28:20,932 [Listener at 127.0.0.1/43729] WARN  http.HttpRequestLog (HttpRequestLog.java:getRequestLog(103)) - Jetty request log can only be enabled using Log4j
2021-08-10 18:28:20,933 [Listener at 127.0.0.1/43729] INFO  http.HttpServer2 (HttpServer2.java:addGlobalFilter(1020)) - Added global filter 'safety' (class=org.apache.hadoop.hdds.server.http.HttpServer2$QuotingInputFilter)
2021-08-10 18:28:20,934 [Listener at 127.0.0.1/43729] INFO  http.HttpServer2 (HttpServer2.java:addFilter(996)) - Added filter static_user_filter (class=org.apache.hadoop.http.lib.StaticUserWebFilter$StaticUserFilter) to context ozoneManager
2021-08-10 18:28:20,934 [Listener at 127.0.0.1/43729] INFO  http.HttpServer2 (HttpServer2.java:addFilter(1004)) - Added filter static_user_filter (class=org.apache.hadoop.http.lib.StaticUserWebFilter$StaticUserFilter) to context static
2021-08-10 18:28:20,934 [Listener at 127.0.0.1/43729] INFO  http.HttpServer2 (HttpServer2.java:addFilter(1004)) - Added filter static_user_filter (class=org.apache.hadoop.http.lib.StaticUserWebFilter$StaticUserFilter) to context logs
2021-08-10 18:28:20,934 [Listener at 127.0.0.1/43729] INFO  http.HttpServer2 (HttpServer2.java:bindListener(1239)) - Jetty bound to port 45033
2021-08-10 18:28:20,934 [Listener at 127.0.0.1/43729] INFO  server.Server (Server.java:doStart(375)) - jetty-9.4.43.v20210629; built: 2021-06-30T11:07:22.254Z; git: 526006ecfa3af7f1a27ef3a288e2bef7ea9dd7e8; jvm 1.8.0_292-b10
2021-08-10 18:28:21,007 [Listener at 127.0.0.1/43729] INFO  server.session (DefaultSessionIdManager.java:doStart(334)) - DefaultSessionIdManager workerName=node0
2021-08-10 18:28:21,007 [Listener at 127.0.0.1/43729] INFO  server.session (DefaultSessionIdManager.java:doStart(339)) - No SessionScavenger set, using defaults
2021-08-10 18:28:21,007 [Listener at 127.0.0.1/43729] INFO  server.session (HouseKeeper.java:startScavenging(132)) - node0 Scavenging every 600000ms
2021-08-10 18:28:21,008 [Listener at 127.0.0.1/43729] INFO  handler.ContextHandler (ContextHandler.java:doStart(915)) - Started o.e.j.s.ServletContextHandler@3ccd6b57{logs,/logs,file:///home/runner/work/ozone/ozone/hadoop-ozone/integration-test/target/log,AVAILABLE}
2021-08-10 18:28:21,008 [Listener at 127.0.0.1/43729] INFO  handler.ContextHandler (ContextHandler.java:doStart(915)) - Started o.e.j.s.ServletContextHandler@2ca8f841{static,/static,file:///home/runner/work/ozone/ozone/hadoop-ozone/integration-test/target/test-classes/webapps/static,AVAILABLE}
2021-08-10 18:28:21,013 [Listener at 127.0.0.1/43729] INFO  handler.ContextHandler (ContextHandler.java:doStart(915)) - Started o.e.j.w.WebAppContext@f9299b4{ozoneManager,/,file:///home/runner/work/ozone/ozone/hadoop-ozone/integration-test/target/test-classes/webapps/ozoneManager/,AVAILABLE}{file:/home/runner/work/ozone/ozone/hadoop-ozone/integration-test/target/test-classes/webapps/ozoneManager}
2021-08-10 18:28:21,024 [Listener at 127.0.0.1/43729] INFO  server.AbstractConnector (AbstractConnector.java:doStart(331)) - Started ServerConnector@5e9f523e{HTTP/1.1, (http/1.1)}{0.0.0.0:45033}
2021-08-10 18:28:21,024 [Listener at 127.0.0.1/43729] INFO  server.Server (Server.java:doStart(415)) - Started @126766ms
2021-08-10 18:28:21,024 [Listener at 127.0.0.1/43729] WARN  impl.MetricsSystemImpl (MetricsSystemImpl.java:register(279)) - Sink prometheus already exists!
2021-08-10 18:28:21,025 [Listener at 127.0.0.1/43729] INFO  http.BaseHttpServer (BaseHttpServer.java:updateConnectorAddress(329)) - HTTP server of ozoneManager listening at http://0.0.0.0:45033
2021-08-10 18:28:21,040 [IPC Server Responder] INFO  ipc.Server (Server.java:run(1507)) - IPC Server Responder: starting
2021-08-10 18:28:21,046 [IPC Server listener on 0] INFO  ipc.Server (Server.java:run(1344)) - IPC Server listener on 0: starting
2021-08-10 18:28:21,059 [Listener at 127.0.0.1/43729] INFO  om.OzoneManager (OzoneManager.java:startTrashEmptier(1531)) - Trash Interval set to 0. Files deleted will not move to trash
2021-08-10 18:28:21,101 [org.apache.hadoop.util.JvmPauseMonitor$Monitor@211c4411] INFO  util.JvmPauseMonitor (JvmPauseMonitor.java:run(188)) - Starting JVM pause monitor
2021-08-10 18:28:21,107 [Listener at 127.0.0.1/43729] WARN  impl.MetricRegistriesImpl (MetricRegistriesImpl.java:addReporterRegistration(111)) - New reporters are added after registries were created. Some metrics will be missing from the reporter. Please add reporter before adding any new registry.
2021-08-10 18:28:21,107 [Listener at 127.0.0.1/43729] WARN  impl.MetricRegistriesImpl (MetricRegistriesImpl.java:addReporterRegistration(111)) - New reporters are added after registries were created. Some metrics will be missing from the reporter. Please add reporter before adding any new registry.
2021-08-10 18:28:21,107 [Listener at 127.0.0.1/43729] INFO  impl.MetricsSystemImpl (MetricsSystemImpl.java:init(158)) - HddsDatanode metrics system started (again)
2021-08-10 18:28:21,146 [Listener at 127.0.0.1/43729] INFO  ozone.HddsDatanodeService (HddsDatanodeService.java:start(234)) - HddsDatanodeService host:fv-az291-953.wgnan5asplgejimfprtllbpdch.jx.internal.cloudapp.net ip:10.1.0.41
2021-08-10 18:28:21,190 [Listener at 127.0.0.1/43729] INFO  upgrade.AbstractLayoutVersionManager (AbstractLayoutVersionManager.java:init(70)) - Initializing Layout version manager with metadata layout = SCM_HA (version = 2), software layout = SCM_HA (version = 2)
2021-08-10 18:28:21,304 [Listener at 127.0.0.1/43729] INFO  reflections.Reflections (Reflections.java:scan(232)) - Reflections took 113 ms to scan 7 urls, producing 120 keys and 275 values 
2021-08-10 18:28:21,313 [Listener at 127.0.0.1/43729] INFO  volume.HddsVolume (HddsVolume.java:<init>(120)) - Creating HddsVolume: /home/runner/work/ozone/ozone/hadoop-ozone/integration-test/target/test-dir/MiniOzoneClusterImpl-a05ed1eb-feab-4415-88a0-4de04f3f758c/datanode-0/data-0/containers/hdds of storage type : DISK capacity : 9223372036854775807
2021-08-10 18:28:21,314 [Listener at 127.0.0.1/43729] INFO  volume.MutableVolumeSet (MutableVolumeSet.java:initializeVolumeSet(181)) - Added Volume : /home/runner/work/ozone/ozone/hadoop-ozone/integration-test/target/test-dir/MiniOzoneClusterImpl-a05ed1eb-feab-4415-88a0-4de04f3f758c/datanode-0/data-0/containers/hdds to VolumeSet
2021-08-10 18:28:21,314 [Listener at 127.0.0.1/43729] INFO  volume.ThrottledAsyncChecker (ThrottledAsyncChecker.java:schedule(141)) - Scheduling a check for /home/runner/work/ozone/ozone/hadoop-ozone/integration-test/target/test-dir/MiniOzoneClusterImpl-a05ed1eb-feab-4415-88a0-4de04f3f758c/datanode-0/data-0/containers/hdds
2021-08-10 18:28:21,339 [Listener at 127.0.0.1/43729] INFO  volume.StorageVolumeChecker (StorageVolumeChecker.java:checkAllVolumes(202)) - Scheduled health check for volume /home/runner/work/ozone/ozone/hadoop-ozone/integration-test/target/test-dir/MiniOzoneClusterImpl-a05ed1eb-feab-4415-88a0-4de04f3f758c/datanode-0/data-0/containers/hdds
2021-08-10 18:28:21,366 [Listener at 127.0.0.1/43729] INFO  volume.MutableVolumeSet (MutableVolumeSet.java:initializeVolumeSet(181)) - Added Volume : /home/runner/work/ozone/ozone/hadoop-ozone/integration-test/target/test-dir/MiniOzoneClusterImpl-a05ed1eb-feab-4415-88a0-4de04f3f758c/datanode-0/data/ratis to VolumeSet
2021-08-10 18:28:21,366 [Listener at 127.0.0.1/43729] INFO  volume.ThrottledAsyncChecker (ThrottledAsyncChecker.java:schedule(141)) - Scheduling a check for /home/runner/work/ozone/ozone/hadoop-ozone/integration-test/target/test-dir/MiniOzoneClusterImpl-a05ed1eb-feab-4415-88a0-4de04f3f758c/datanode-0/data/ratis
2021-08-10 18:28:21,366 [Listener at 127.0.0.1/43729] INFO  volume.StorageVolumeChecker (StorageVolumeChecker.java:checkAllVolumes(202)) - Scheduled health check for volume /home/runner/work/ozone/ozone/hadoop-ozone/integration-test/target/test-dir/MiniOzoneClusterImpl-a05ed1eb-feab-4415-88a0-4de04f3f758c/datanode-0/data/ratis
2021-08-10 18:28:21,410 [Listener at 127.0.0.1/43729] INFO  ozoneimpl.ContainerReader (ContainerReader.java:<init>(98)) - Running in upgrade mode:true
2021-08-10 18:28:21,414 [Thread-929] INFO  ozoneimpl.ContainerReader (ContainerReader.java:readVolume(142)) - Start to verify containers on volume /home/runner/work/ozone/ozone/hadoop-ozone/integration-test/target/test-dir/MiniOzoneClusterImpl-a05ed1eb-feab-4415-88a0-4de04f3f758c/datanode-0/data-0/containers/hdds
2021-08-10 18:28:21,414 [Thread-929] INFO  ozoneimpl.ContainerReader (ContainerReader.java:readVolume(174)) - Finish verifying containers on volume /home/runner/work/ozone/ozone/hadoop-ozone/integration-test/target/test-dir/MiniOzoneClusterImpl-a05ed1eb-feab-4415-88a0-4de04f3f758c/datanode-0/data-0/containers/hdds
2021-08-10 18:28:21,414 [Listener at 127.0.0.1/43729] INFO  ozoneimpl.OzoneContainer (OzoneContainer.java:buildContainerSet(237)) - Build ContainerSet costs 0s
2021-08-10 18:28:21,416 [Listener at 127.0.0.1/43729] INFO  server.RaftServer (ConfUtils.java:logGet(44)) - raft.rpc.type = GRPC (default)
2021-08-10 18:28:21,416 [Listener at 127.0.0.1/43729] INFO  grpc.GrpcFactory (GrpcFactory.java:checkPooledByteBufAllocatorUseCacheForAllThreads(48)) - PERFORMANCE WARNING: useCacheForAllThreads is true that may cause Netty to create a lot garbage objects and, as a result, trigger GC.
	It is recommended to disable useCacheForAllThreads by setting -Dorg.apache.ratis.thirdparty.io.netty.allocator.useCacheForAllThreads=false in command line.
2021-08-10 18:28:21,416 [Listener at 127.0.0.1/43729] INFO  grpc.GrpcConfigKeys (ConfUtils.java:logGet(44)) - raft.grpc.admin.port = 0 (custom)
2021-08-10 18:28:21,416 [Listener at 127.0.0.1/43729] INFO  grpc.GrpcConfigKeys (ConfUtils.java:logGet(44)) - raft.grpc.client.port = 0 (custom)
2021-08-10 18:28:21,416 [Listener at 127.0.0.1/43729] INFO  grpc.GrpcConfigKeys (ConfUtils.java:logGet(44)) - raft.grpc.server.port = 0 (default)
2021-08-10 18:28:21,416 [Listener at 127.0.0.1/43729] INFO  server.GrpcService (ConfUtils.java:logGet(44)) - raft.grpc.message.size.max = 32MB (=33554432) (custom)
2021-08-10 18:28:21,416 [Listener at 127.0.0.1/43729] INFO  server.RaftServerConfigKeys (ConfUtils.java:logGet(44)) - raft.server.log.appender.buffer.byte-limit = 33554432 (custom)
2021-08-10 18:28:21,417 [Listener at 127.0.0.1/43729] INFO  server.GrpcService (ConfUtils.java:logGet(44)) - raft.grpc.flow.control.window = 5MB (=5242880) (custom)
2021-08-10 18:28:21,417 [Listener at 127.0.0.1/43729] INFO  server.RaftServerConfigKeys (ConfUtils.java:logGet(44)) - raft.server.rpc.request.timeout = 60s (custom)
2021-08-10 18:28:21,418 [Listener at 127.0.0.1/43729] INFO  impl.DataStreamServerImpl (ConfUtils.java:logGet(44)) - raft.datastream.type = DISABLED (default)
2021-08-10 18:28:21,418 [Listener at 127.0.0.1/43729] INFO  server.RaftServerConfigKeys (ConfUtils.java:logGet(44)) - raft.server.rpc.slowness.timeout = 300s (custom)
2021-08-10 18:28:21,418 [Listener at 127.0.0.1/43729] INFO  server.RaftServerConfigKeys (ConfUtils.java:logGet(44)) - raft.server.leaderelection.leader.step-down.wait-time = 10s (default)
2021-08-10 18:28:21,418 [Listener at 127.0.0.1/43729] INFO  server.RaftServerConfigKeys (ConfUtils.java:logGet(44)) - raft.server.storage.dir = [/home/runner/work/ozone/ozone/hadoop-ozone/integration-test/target/test-dir/MiniOzoneClusterImpl-a05ed1eb-feab-4415-88a0-4de04f3f758c/datanode-0/data/ratis] (custom)
2021-08-10 18:28:21,436 [Listener at 127.0.0.1/43729] INFO  http.BaseHttpServer (BaseHttpServer.java:newHttpServer2BuilderForOzone(209)) - Starting Web-server for hddsDatanode at: http://0.0.0.0:0
2021-08-10 18:28:21,436 [Listener at 127.0.0.1/43729] INFO  http.BaseHttpServer (BaseHttpServer.java:<init>(107)) - Hadoop Security Enabled: false Ozone Security Enabled: false Ozone HTTP Security Enabled: false 
2021-08-10 18:28:21,437 [Listener at 127.0.0.1/43729] INFO  server.AuthenticationFilter (AuthenticationFilter.java:constructSecretProvider(240)) - Unable to initialize FileSignerSecretProvider, falling back to use random secrets.
2021-08-10 18:28:21,445 [Listener at 127.0.0.1/43729] WARN  http.HttpRequestLog (HttpRequestLog.java:getRequestLog(103)) - Jetty request log can only be enabled using Log4j
2021-08-10 18:28:21,446 [Listener at 127.0.0.1/43729] INFO  http.HttpServer2 (HttpServer2.java:addGlobalFilter(1020)) - Added global filter 'safety' (class=org.apache.hadoop.hdds.server.http.HttpServer2$QuotingInputFilter)
2021-08-10 18:28:21,446 [Listener at 127.0.0.1/43729] INFO  http.HttpServer2 (HttpServer2.java:addFilter(996)) - Added filter static_user_filter (class=org.apache.hadoop.http.lib.StaticUserWebFilter$StaticUserFilter) to context hddsDatanode
2021-08-10 18:28:21,447 [Listener at 127.0.0.1/43729] INFO  http.HttpServer2 (HttpServer2.java:addFilter(1004)) - Added filter static_user_filter (class=org.apache.hadoop.http.lib.StaticUserWebFilter$StaticUserFilter) to context static
2021-08-10 18:28:21,447 [Listener at 127.0.0.1/43729] INFO  http.HttpServer2 (HttpServer2.java:addFilter(1004)) - Added filter static_user_filter (class=org.apache.hadoop.http.lib.StaticUserWebFilter$StaticUserFilter) to context logs
2021-08-10 18:28:21,447 [Listener at 127.0.0.1/43729] INFO  http.HttpServer2 (HttpServer2.java:bindListener(1239)) - Jetty bound to port 42019
2021-08-10 18:28:21,447 [Listener at 127.0.0.1/43729] INFO  server.Server (Server.java:doStart(375)) - jetty-9.4.43.v20210629; built: 2021-06-30T11:07:22.254Z; git: 526006ecfa3af7f1a27ef3a288e2bef7ea9dd7e8; jvm 1.8.0_292-b10
2021-08-10 18:28:21,450 [Listener at 127.0.0.1/43729] INFO  server.session (DefaultSessionIdManager.java:doStart(334)) - DefaultSessionIdManager workerName=node0
2021-08-10 18:28:21,450 [Listener at 127.0.0.1/43729] INFO  server.session (DefaultSessionIdManager.java:doStart(339)) - No SessionScavenger set, using defaults
2021-08-10 18:28:21,450 [Listener at 127.0.0.1/43729] INFO  server.session (HouseKeeper.java:startScavenging(132)) - node0 Scavenging every 660000ms
2021-08-10 18:28:21,451 [Listener at 127.0.0.1/43729] INFO  handler.ContextHandler (ContextHandler.java:doStart(915)) - Started o.e.j.s.ServletContextHandler@732e06e5{logs,/logs,file:///home/runner/work/ozone/ozone/hadoop-ozone/integration-test/target/log,AVAILABLE}
2021-08-10 18:28:21,451 [Listener at 127.0.0.1/43729] INFO  handler.ContextHandler (ContextHandler.java:doStart(915)) - Started o.e.j.s.ServletContextHandler@5f6e0bd7{static,/static,jar:file:/home/runner/.m2/repository/org/apache/ozone/hdds-container-service/1.2.0-SNAPSHOT/hdds-container-service-1.2.0-SNAPSHOT.jar!/webapps/static,AVAILABLE}
2021-08-10 18:28:21,514 [Listener at 127.0.0.1/43729] INFO  handler.ContextHandler (ContextHandler.java:doStart(915)) - Started o.e.j.w.WebAppContext@4b2b1e29{hddsDatanode,/,file:///tmp/jetty-0_0_0_0-42019-hdds-container-service-1_2_0-SNAPSHOT_jar-_-any-7222169594948625789/webapp/,AVAILABLE}{jar:file:/home/runner/.m2/repository/org/apache/ozone/hdds-container-service/1.2.0-SNAPSHOT/hdds-container-service-1.2.0-SNAPSHOT.jar!/webapps/hddsDatanode}
2021-08-10 18:28:21,524 [Listener at 127.0.0.1/43729] INFO  server.AbstractConnector (AbstractConnector.java:doStart(331)) - Started ServerConnector@36957ba2{HTTP/1.1, (http/1.1)}{0.0.0.0:42019}
2021-08-10 18:28:21,524 [Listener at 127.0.0.1/43729] INFO  server.Server (Server.java:doStart(415)) - Started @127266ms
2021-08-10 18:28:21,524 [Listener at 127.0.0.1/43729] WARN  impl.MetricsSystemImpl (MetricsSystemImpl.java:register(279)) - Sink prometheus already exists!
2021-08-10 18:28:21,525 [Listener at 127.0.0.1/43729] INFO  http.BaseHttpServer (BaseHttpServer.java:updateConnectorAddress(329)) - HTTP server of hddsDatanode listening at http://0.0.0.0:42019
2021-08-10 18:28:21,525 [Listener at 127.0.0.1/43729] WARN  impl.MetricRegistriesImpl (MetricRegistriesImpl.java:addReporterRegistration(111)) - New reporters are added after registries were created. Some metrics will be missing from the reporter. Please add reporter before adding any new registry.
2021-08-10 18:28:21,525 [Listener at 127.0.0.1/43729] WARN  impl.MetricRegistriesImpl (MetricRegistriesImpl.java:addReporterRegistration(111)) - New reporters are added after registries were created. Some metrics will be missing from the reporter. Please add reporter before adding any new registry.
2021-08-10 18:28:21,525 [Listener at 127.0.0.1/43729] INFO  impl.MetricsSystemImpl (MetricsSystemImpl.java:init(158)) - HddsDatanode metrics system started (again)
2021-08-10 18:28:21,554 [Listener at 127.0.0.1/43729] INFO  ozone.HddsDatanodeService (HddsDatanodeService.java:start(234)) - HddsDatanodeService host:fv-az291-953.wgnan5asplgejimfprtllbpdch.jx.internal.cloudapp.net ip:10.1.0.41
2021-08-10 18:28:21,563 [org.apache.hadoop.util.JvmPauseMonitor$Monitor@6f489748] INFO  util.JvmPauseMonitor (JvmPauseMonitor.java:run(188)) - Starting JVM pause monitor
2021-08-10 18:28:21,595 [Datanode State Machine Task Thread - 0] INFO  datanode.InitDatanodeState (InitDatanodeState.java:persistContainerDatanodeDetails(145)) - DatanodeDetails is persisted to /home/runner/work/ozone/ozone/hadoop-ozone/integration-test/target/test-dir/MiniOzoneClusterImpl-a05ed1eb-feab-4415-88a0-4de04f3f758c/datanode-0/meta/datanode.id
2021-08-10 18:28:21,614 [Listener at 127.0.0.1/43729] INFO  upgrade.AbstractLayoutVersionManager (AbstractLayoutVersionManager.java:init(70)) - Initializing Layout version manager with metadata layout = SCM_HA (version = 2), software layout = SCM_HA (version = 2)
2021-08-10 18:28:21,680 [Listener at 127.0.0.1/43729] INFO  reflections.Reflections (Reflections.java:scan(232)) - Reflections took 65 ms to scan 7 urls, producing 120 keys and 275 values 
2021-08-10 18:28:21,686 [Listener at 127.0.0.1/43729] INFO  volume.HddsVolume (HddsVolume.java:<init>(120)) - Creating HddsVolume: /home/runner/work/ozone/ozone/hadoop-ozone/integration-test/target/test-dir/MiniOzoneClusterImpl-a05ed1eb-feab-4415-88a0-4de04f3f758c/datanode-1/data-0/containers/hdds of storage type : DISK capacity : 9223372036854775807
2021-08-10 18:28:21,686 [Listener at 127.0.0.1/43729] INFO  volume.MutableVolumeSet (MutableVolumeSet.java:initializeVolumeSet(181)) - Added Volume : /home/runner/work/ozone/ozone/hadoop-ozone/integration-test/target/test-dir/MiniOzoneClusterImpl-a05ed1eb-feab-4415-88a0-4de04f3f758c/datanode-1/data-0/containers/hdds to VolumeSet
2021-08-10 18:28:21,686 [Listener at 127.0.0.1/43729] INFO  volume.ThrottledAsyncChecker (ThrottledAsyncChecker.java:schedule(141)) - Scheduling a check for /home/runner/work/ozone/ozone/hadoop-ozone/integration-test/target/test-dir/MiniOzoneClusterImpl-a05ed1eb-feab-4415-88a0-4de04f3f758c/datanode-1/data-0/containers/hdds
2021-08-10 18:28:21,687 [Listener at 127.0.0.1/43729] INFO  volume.StorageVolumeChecker (StorageVolumeChecker.java:checkAllVolumes(202)) - Scheduled health check for volume /home/runner/work/ozone/ozone/hadoop-ozone/integration-test/target/test-dir/MiniOzoneClusterImpl-a05ed1eb-feab-4415-88a0-4de04f3f758c/datanode-1/data-0/containers/hdds
2021-08-10 18:28:21,704 [Listener at 127.0.0.1/43729] INFO  volume.MutableVolumeSet (MutableVolumeSet.java:initializeVolumeSet(181)) - Added Volume : /home/runner/work/ozone/ozone/hadoop-ozone/integration-test/target/test-dir/MiniOzoneClusterImpl-a05ed1eb-feab-4415-88a0-4de04f3f758c/datanode-1/data/ratis to VolumeSet
2021-08-10 18:28:21,705 [Listener at 127.0.0.1/43729] INFO  volume.ThrottledAsyncChecker (ThrottledAsyncChecker.java:schedule(141)) - Scheduling a check for /home/runner/work/ozone/ozone/hadoop-ozone/integration-test/target/test-dir/MiniOzoneClusterImpl-a05ed1eb-feab-4415-88a0-4de04f3f758c/datanode-1/data/ratis
2021-08-10 18:28:21,705 [Listener at 127.0.0.1/43729] INFO  volume.StorageVolumeChecker (StorageVolumeChecker.java:checkAllVolumes(202)) - Scheduled health check for volume /home/runner/work/ozone/ozone/hadoop-ozone/integration-test/target/test-dir/MiniOzoneClusterImpl-a05ed1eb-feab-4415-88a0-4de04f3f758c/datanode-1/data/ratis
2021-08-10 18:28:21,736 [Listener at 127.0.0.1/43729] INFO  ozoneimpl.ContainerReader (ContainerReader.java:<init>(98)) - Running in upgrade mode:true
2021-08-10 18:28:21,759 [Thread-941] INFO  ozoneimpl.ContainerReader (ContainerReader.java:readVolume(142)) - Start to verify containers on volume /home/runner/work/ozone/ozone/hadoop-ozone/integration-test/target/test-dir/MiniOzoneClusterImpl-a05ed1eb-feab-4415-88a0-4de04f3f758c/datanode-1/data-0/containers/hdds
2021-08-10 18:28:21,760 [Thread-941] INFO  ozoneimpl.ContainerReader (ContainerReader.java:readVolume(174)) - Finish verifying containers on volume /home/runner/work/ozone/ozone/hadoop-ozone/integration-test/target/test-dir/MiniOzoneClusterImpl-a05ed1eb-feab-4415-88a0-4de04f3f758c/datanode-1/data-0/containers/hdds
2021-08-10 18:28:21,760 [Listener at 127.0.0.1/43729] INFO  ozoneimpl.OzoneContainer (OzoneContainer.java:buildContainerSet(237)) - Build ContainerSet costs 0s
2021-08-10 18:28:21,767 [Listener at 127.0.0.1/43729] INFO  server.RaftServer (ConfUtils.java:logGet(44)) - raft.rpc.type = GRPC (default)
2021-08-10 18:28:21,771 [Listener at 127.0.0.1/43729] INFO  grpc.GrpcFactory (GrpcFactory.java:checkPooledByteBufAllocatorUseCacheForAllThreads(48)) - PERFORMANCE WARNING: useCacheForAllThreads is true that may cause Netty to create a lot garbage objects and, as a result, trigger GC.
	It is recommended to disable useCacheForAllThreads by setting -Dorg.apache.ratis.thirdparty.io.netty.allocator.useCacheForAllThreads=false in command line.
2021-08-10 18:28:21,771 [Listener at 127.0.0.1/43729] INFO  grpc.GrpcConfigKeys (ConfUtils.java:logGet(44)) - raft.grpc.admin.port = 0 (custom)
2021-08-10 18:28:21,771 [Listener at 127.0.0.1/43729] INFO  grpc.GrpcConfigKeys (ConfUtils.java:logGet(44)) - raft.grpc.client.port = 0 (custom)
2021-08-10 18:28:21,771 [Listener at 127.0.0.1/43729] INFO  grpc.GrpcConfigKeys (ConfUtils.java:logGet(44)) - raft.grpc.server.port = 0 (default)
2021-08-10 18:28:21,771 [Listener at 127.0.0.1/43729] INFO  server.GrpcService (ConfUtils.java:logGet(44)) - raft.grpc.message.size.max = 32MB (=33554432) (custom)
2021-08-10 18:28:21,772 [Listener at 127.0.0.1/43729] INFO  server.RaftServerConfigKeys (ConfUtils.java:logGet(44)) - raft.server.log.appender.buffer.byte-limit = 33554432 (custom)
2021-08-10 18:28:21,772 [Listener at 127.0.0.1/43729] INFO  server.GrpcService (ConfUtils.java:logGet(44)) - raft.grpc.flow.control.window = 5MB (=5242880) (custom)
2021-08-10 18:28:21,772 [Listener at 127.0.0.1/43729] INFO  server.RaftServerConfigKeys (ConfUtils.java:logGet(44)) - raft.server.rpc.request.timeout = 60s (custom)
2021-08-10 18:28:21,773 [Listener at 127.0.0.1/43729] INFO  impl.DataStreamServerImpl (ConfUtils.java:logGet(44)) - raft.datastream.type = DISABLED (default)
2021-08-10 18:28:21,773 [Listener at 127.0.0.1/43729] INFO  server.RaftServerConfigKeys (ConfUtils.java:logGet(44)) - raft.server.rpc.slowness.timeout = 300s (custom)
2021-08-10 18:28:21,773 [Listener at 127.0.0.1/43729] INFO  server.RaftServerConfigKeys (ConfUtils.java:logGet(44)) - raft.server.leaderelection.leader.step-down.wait-time = 10s (default)
2021-08-10 18:28:21,773 [Listener at 127.0.0.1/43729] INFO  server.RaftServerConfigKeys (ConfUtils.java:logGet(44)) - raft.server.storage.dir = [/home/runner/work/ozone/ozone/hadoop-ozone/integration-test/target/test-dir/MiniOzoneClusterImpl-a05ed1eb-feab-4415-88a0-4de04f3f758c/datanode-1/data/ratis] (custom)
2021-08-10 18:28:21,784 [Listener at 127.0.0.1/43729] INFO  http.BaseHttpServer (BaseHttpServer.java:newHttpServer2BuilderForOzone(209)) - Starting Web-server for hddsDatanode at: http://0.0.0.0:0
2021-08-10 18:28:21,784 [Listener at 127.0.0.1/43729] INFO  http.BaseHttpServer (BaseHttpServer.java:<init>(107)) - Hadoop Security Enabled: false Ozone Security Enabled: false Ozone HTTP Security Enabled: false 
2021-08-10 18:28:21,785 [Listener at 127.0.0.1/43729] INFO  server.AuthenticationFilter (AuthenticationFilter.java:constructSecretProvider(240)) - Unable to initialize FileSignerSecretProvider, falling back to use random secrets.
2021-08-10 18:28:21,796 [Listener at 127.0.0.1/43729] WARN  http.HttpRequestLog (HttpRequestLog.java:getRequestLog(103)) - Jetty request log can only be enabled using Log4j
2021-08-10 18:28:21,797 [Listener at 127.0.0.1/43729] INFO  http.HttpServer2 (HttpServer2.java:addGlobalFilter(1020)) - Added global filter 'safety' (class=org.apache.hadoop.hdds.server.http.HttpServer2$QuotingInputFilter)
2021-08-10 18:28:21,797 [Listener at 127.0.0.1/43729] INFO  http.HttpServer2 (HttpServer2.java:addFilter(996)) - Added filter static_user_filter (class=org.apache.hadoop.http.lib.StaticUserWebFilter$StaticUserFilter) to context hddsDatanode
2021-08-10 18:28:21,797 [Listener at 127.0.0.1/43729] INFO  http.HttpServer2 (HttpServer2.java:addFilter(1004)) - Added filter static_user_filter (class=org.apache.hadoop.http.lib.StaticUserWebFilter$StaticUserFilter) to context logs
2021-08-10 18:28:21,797 [Listener at 127.0.0.1/43729] INFO  http.HttpServer2 (HttpServer2.java:addFilter(1004)) - Added filter static_user_filter (class=org.apache.hadoop.http.lib.StaticUserWebFilter$StaticUserFilter) to context static
2021-08-10 18:28:21,798 [Listener at 127.0.0.1/43729] INFO  http.HttpServer2 (HttpServer2.java:bindListener(1239)) - Jetty bound to port 38085
2021-08-10 18:28:21,798 [Listener at 127.0.0.1/43729] INFO  server.Server (Server.java:doStart(375)) - jetty-9.4.43.v20210629; built: 2021-06-30T11:07:22.254Z; git: 526006ecfa3af7f1a27ef3a288e2bef7ea9dd7e8; jvm 1.8.0_292-b10
2021-08-10 18:28:21,839 [Listener at 127.0.0.1/43729] INFO  server.session (DefaultSessionIdManager.java:doStart(334)) - DefaultSessionIdManager workerName=node0
2021-08-10 18:28:21,839 [Listener at 127.0.0.1/43729] INFO  server.session (DefaultSessionIdManager.java:doStart(339)) - No SessionScavenger set, using defaults
2021-08-10 18:28:21,839 [Listener at 127.0.0.1/43729] INFO  server.session (HouseKeeper.java:startScavenging(132)) - node0 Scavenging every 600000ms
2021-08-10 18:28:21,840 [Listener at 127.0.0.1/43729] INFO  handler.ContextHandler (ContextHandler.java:doStart(915)) - Started o.e.j.s.ServletContextHandler@78668937{logs,/logs,file:///home/runner/work/ozone/ozone/hadoop-ozone/integration-test/target/log,AVAILABLE}
2021-08-10 18:28:21,841 [Listener at 127.0.0.1/43729] INFO  handler.ContextHandler (ContextHandler.java:doStart(915)) - Started o.e.j.s.ServletContextHandler@6a97caba{static,/static,jar:file:/home/runner/.m2/repository/org/apache/ozone/hdds-container-service/1.2.0-SNAPSHOT/hdds-container-service-1.2.0-SNAPSHOT.jar!/webapps/static,AVAILABLE}
2021-08-10 18:28:21,977 [Listener at 127.0.0.1/43729] INFO  handler.ContextHandler (ContextHandler.java:doStart(915)) - Started o.e.j.w.WebAppContext@37d35355{hddsDatanode,/,file:///tmp/jetty-0_0_0_0-38085-hdds-container-service-1_2_0-SNAPSHOT_jar-_-any-2032683527332689820/webapp/,AVAILABLE}{jar:file:/home/runner/.m2/repository/org/apache/ozone/hdds-container-service/1.2.0-SNAPSHOT/hdds-container-service-1.2.0-SNAPSHOT.jar!/webapps/hddsDatanode}
2021-08-10 18:28:21,981 [Listener at 127.0.0.1/43729] INFO  server.AbstractConnector (AbstractConnector.java:doStart(331)) - Started ServerConnector@78896c59{HTTP/1.1, (http/1.1)}{0.0.0.0:38085}
2021-08-10 18:28:21,981 [Listener at 127.0.0.1/43729] INFO  server.Server (Server.java:doStart(415)) - Started @127722ms
2021-08-10 18:28:21,981 [Listener at 127.0.0.1/43729] WARN  impl.MetricsSystemImpl (MetricsSystemImpl.java:register(279)) - Sink prometheus already exists!
2021-08-10 18:28:21,984 [Listener at 127.0.0.1/43729] INFO  http.BaseHttpServer (BaseHttpServer.java:updateConnectorAddress(329)) - HTTP server of hddsDatanode listening at http://0.0.0.0:38085
2021-08-10 18:28:21,994 [Listener at 127.0.0.1/43729] WARN  impl.MetricRegistriesImpl (MetricRegistriesImpl.java:addReporterRegistration(111)) - New reporters are added after registries were created. Some metrics will be missing from the reporter. Please add reporter before adding any new registry.
2021-08-10 18:28:21,994 [Listener at 127.0.0.1/43729] WARN  impl.MetricRegistriesImpl (MetricRegistriesImpl.java:addReporterRegistration(111)) - New reporters are added after registries were created. Some metrics will be missing from the reporter. Please add reporter before adding any new registry.
2021-08-10 18:28:21,994 [Listener at 127.0.0.1/43729] INFO  impl.MetricsSystemImpl (MetricsSystemImpl.java:init(158)) - HddsDatanode metrics system started (again)
2021-08-10 18:28:22,019 [Listener at 127.0.0.1/43729] INFO  ozone.HddsDatanodeService (HddsDatanodeService.java:start(234)) - HddsDatanodeService host:fv-az291-953.wgnan5asplgejimfprtllbpdch.jx.internal.cloudapp.net ip:10.1.0.41
2021-08-10 18:28:22,044 [om1@group-C5BA1605619E-FollowerState] INFO  impl.FollowerState (FollowerState.java:run(134)) - om1@group-C5BA1605619E-FollowerState: change to CANDIDATE, lastRpcElapsedTime:1147358532ns, electionTimeout:1124ms
2021-08-10 18:28:22,044 [om1@group-C5BA1605619E-FollowerState] INFO  impl.RoleInfo (RoleInfo.java:shutdownFollowerState(108)) - om1: shutdown om1@group-C5BA1605619E-FollowerState
2021-08-10 18:28:22,044 [om1@group-C5BA1605619E-FollowerState] INFO  server.RaftServer$Division (RaftServerImpl.java:setRole(285)) - om1@group-C5BA1605619E: changes role from  FOLLOWER to CANDIDATE at term 0 for changeToCandidate
2021-08-10 18:28:22,069 [org.apache.hadoop.util.JvmPauseMonitor$Monitor@d317eb0] INFO  util.JvmPauseMonitor (JvmPauseMonitor.java:run(188)) - Starting JVM pause monitor
2021-08-10 18:28:22,083 [om1@group-C5BA1605619E-FollowerState] INFO  server.RaftServerConfigKeys (ConfUtils.java:logGet(44)) - raft.server.leaderelection.pre-vote = false (custom)
2021-08-10 18:28:22,083 [om1@group-C5BA1605619E-FollowerState] INFO  impl.RoleInfo (RoleInfo.java:updateAndGet(130)) - om1: start om1@group-C5BA1605619E-LeaderElection38
2021-08-10 18:28:22,093 [Listener at 127.0.0.1/43729] INFO  upgrade.AbstractLayoutVersionManager (AbstractLayoutVersionManager.java:init(70)) - Initializing Layout version manager with metadata layout = SCM_HA (version = 2), software layout = SCM_HA (version = 2)
2021-08-10 18:28:22,162 [om1@group-C5BA1605619E-LeaderElection38] INFO  impl.LeaderElection (LeaderElection.java:askForVotes(306)) - om1@group-C5BA1605619E-LeaderElection38 ELECTION round 0: submit vote requests at term 1 for -1: [om1|rpc:localhost:9872|priority:0], old=null
2021-08-10 18:28:22,162 [om1@group-C5BA1605619E-LeaderElection38] INFO  impl.LeaderElection (LeaderElection.java:askForVotes(308)) - om1@group-C5BA1605619E-LeaderElection38 ELECTION round 0: result PASSED (term=1)
2021-08-10 18:28:22,162 [om1@group-C5BA1605619E-LeaderElection38] INFO  impl.RoleInfo (RoleInfo.java:shutdownLeaderElection(121)) - om1: shutdown om1@group-C5BA1605619E-LeaderElection38
2021-08-10 18:28:22,162 [om1@group-C5BA1605619E-LeaderElection38] INFO  server.RaftServer$Division (RaftServerImpl.java:setRole(285)) - om1@group-C5BA1605619E: changes role from CANDIDATE to LEADER at term 1 for changeToLeader
2021-08-10 18:28:22,162 [om1@group-C5BA1605619E-LeaderElection38] INFO  server.RaftServer$Division (ServerState.java:setLeader(285)) - om1@group-C5BA1605619E: change Leader from null to om1 at term 1 for becomeLeader, leader elected after 1333ms
2021-08-10 18:28:22,162 [om1@group-C5BA1605619E-LeaderElection38] INFO  server.RaftServerConfigKeys (ConfUtils.java:logGet(44)) - raft.server.staging.catchup.gap = 1000 (default)
2021-08-10 18:28:22,162 [om1@group-C5BA1605619E-LeaderElection38] INFO  server.RaftServerConfigKeys (ConfUtils.java:logGet(44)) - raft.server.write.element-limit = 4096 (default)
2021-08-10 18:28:22,162 [om1@group-C5BA1605619E-LeaderElection38] INFO  server.RaftServerConfigKeys (ConfUtils.java:logGet(44)) - raft.server.write.byte-limit = 64MB (=67108864) (default)
2021-08-10 18:28:22,162 [om1@group-C5BA1605619E-LeaderElection38] INFO  server.RaftServerConfigKeys (ConfUtils.java:logGet(44)) - raft.server.watch.timeout = 10s (default)
2021-08-10 18:28:22,162 [om1@group-C5BA1605619E-LeaderElection38] INFO  server.RaftServerConfigKeys (ConfUtils.java:logGet(44)) - raft.server.watch.timeout.denomination = 1s (default)
2021-08-10 18:28:22,163 [om1@group-C5BA1605619E-LeaderElection38] INFO  server.RaftServerConfigKeys (ConfUtils.java:logGet(44)) - raft.server.watch.element-limit = 65536 (default)
2021-08-10 18:28:22,163 [om1@group-C5BA1605619E-LeaderElection38] INFO  impl.RoleInfo (RoleInfo.java:updateAndGet(130)) - om1: start om1@group-C5BA1605619E-LeaderStateImpl
2021-08-10 18:28:22,163 [om1@group-C5BA1605619E-LeaderElection38] INFO  segmented.SegmentedRaftLogWorker (SegmentedRaftLogWorker.java:startLogSegment(394)) - om1@group-C5BA1605619E-SegmentedRaftLogWorker: Starting segment from index:0
2021-08-10 18:28:22,182 [om1@group-C5BA1605619E-SegmentedRaftLogWorker] INFO  segmented.SegmentedRaftLogWorker (SegmentedRaftLogWorker.java:execute(601)) - om1@group-C5BA1605619E-SegmentedRaftLogWorker: created new log segment /home/runner/work/ozone/ozone/hadoop-ozone/integration-test/target/test-dir/MiniOzoneClusterImpl-a05ed1eb-feab-4415-88a0-4de04f3f758c/ozone-meta/ratis/bf265839-605b-3f16-9796-c5ba1605619e/current/log_inprogress_0
2021-08-10 18:28:22,185 [om1@group-C5BA1605619E-LeaderElection38] INFO  server.RaftServer$Division (ServerState.java:setRaftConf(387)) - om1@group-C5BA1605619E: set configuration 0: [om1|rpc:localhost:9872|admin:|client:|dataStream:|priority:0], old=null
2021-08-10 18:28:22,200 [om1@group-C5BA1605619E-StateMachineUpdater] INFO  ratis.OzoneManagerStateMachine (OzoneManagerStateMachine.java:notifyConfigurationChanged(188)) - Received Configuration change notification from Ratis. New Peer list:
[id: "om1"
address: "localhost:9872"
]
2021-08-10 18:28:22,218 [Datanode State Machine Task Thread - 0] INFO  datanode.InitDatanodeState (InitDatanodeState.java:persistContainerDatanodeDetails(145)) - DatanodeDetails is persisted to /home/runner/work/ozone/ozone/hadoop-ozone/integration-test/target/test-dir/MiniOzoneClusterImpl-a05ed1eb-feab-4415-88a0-4de04f3f758c/datanode-1/meta/datanode.id
2021-08-10 18:28:22,229 [Listener at 127.0.0.1/43729] INFO  reflections.Reflections (Reflections.java:scan(232)) - Reflections took 135 ms to scan 7 urls, producing 120 keys and 275 values 
2021-08-10 18:28:22,260 [Listener at 127.0.0.1/43729] INFO  volume.HddsVolume (HddsVolume.java:<init>(120)) - Creating HddsVolume: /home/runner/work/ozone/ozone/hadoop-ozone/integration-test/target/test-dir/MiniOzoneClusterImpl-a05ed1eb-feab-4415-88a0-4de04f3f758c/datanode-2/data-0/containers/hdds of storage type : DISK capacity : 9223372036854775807
2021-08-10 18:28:22,260 [Listener at 127.0.0.1/43729] INFO  volume.MutableVolumeSet (MutableVolumeSet.java:initializeVolumeSet(181)) - Added Volume : /home/runner/work/ozone/ozone/hadoop-ozone/integration-test/target/test-dir/MiniOzoneClusterImpl-a05ed1eb-feab-4415-88a0-4de04f3f758c/datanode-2/data-0/containers/hdds to VolumeSet
2021-08-10 18:28:22,260 [Listener at 127.0.0.1/43729] INFO  volume.ThrottledAsyncChecker (ThrottledAsyncChecker.java:schedule(141)) - Scheduling a check for /home/runner/work/ozone/ozone/hadoop-ozone/integration-test/target/test-dir/MiniOzoneClusterImpl-a05ed1eb-feab-4415-88a0-4de04f3f758c/datanode-2/data-0/containers/hdds
2021-08-10 18:28:22,271 [Listener at 127.0.0.1/43729] INFO  volume.StorageVolumeChecker (StorageVolumeChecker.java:checkAllVolumes(202)) - Scheduled health check for volume /home/runner/work/ozone/ozone/hadoop-ozone/integration-test/target/test-dir/MiniOzoneClusterImpl-a05ed1eb-feab-4415-88a0-4de04f3f758c/datanode-2/data-0/containers/hdds
2021-08-10 18:28:22,295 [Listener at 127.0.0.1/43729] INFO  volume.MutableVolumeSet (MutableVolumeSet.java:initializeVolumeSet(181)) - Added Volume : /home/runner/work/ozone/ozone/hadoop-ozone/integration-test/target/test-dir/MiniOzoneClusterImpl-a05ed1eb-feab-4415-88a0-4de04f3f758c/datanode-2/data/ratis to VolumeSet
2021-08-10 18:28:22,296 [Listener at 127.0.0.1/43729] INFO  volume.ThrottledAsyncChecker (ThrottledAsyncChecker.java:schedule(141)) - Scheduling a check for /home/runner/work/ozone/ozone/hadoop-ozone/integration-test/target/test-dir/MiniOzoneClusterImpl-a05ed1eb-feab-4415-88a0-4de04f3f758c/datanode-2/data/ratis
2021-08-10 18:28:22,296 [Listener at 127.0.0.1/43729] INFO  volume.StorageVolumeChecker (StorageVolumeChecker.java:checkAllVolumes(202)) - Scheduled health check for volume /home/runner/work/ozone/ozone/hadoop-ozone/integration-test/target/test-dir/MiniOzoneClusterImpl-a05ed1eb-feab-4415-88a0-4de04f3f758c/datanode-2/data/ratis
2021-08-10 18:28:22,329 [Listener at 127.0.0.1/43729] INFO  ozoneimpl.ContainerReader (ContainerReader.java:<init>(98)) - Running in upgrade mode:true
2021-08-10 18:28:22,348 [Thread-955] INFO  ozoneimpl.ContainerReader (ContainerReader.java:readVolume(142)) - Start to verify containers on volume /home/runner/work/ozone/ozone/hadoop-ozone/integration-test/target/test-dir/MiniOzoneClusterImpl-a05ed1eb-feab-4415-88a0-4de04f3f758c/datanode-2/data-0/containers/hdds
2021-08-10 18:28:22,348 [Thread-955] INFO  ozoneimpl.ContainerReader (ContainerReader.java:readVolume(174)) - Finish verifying containers on volume /home/runner/work/ozone/ozone/hadoop-ozone/integration-test/target/test-dir/MiniOzoneClusterImpl-a05ed1eb-feab-4415-88a0-4de04f3f758c/datanode-2/data-0/containers/hdds
2021-08-10 18:28:22,348 [Listener at 127.0.0.1/43729] INFO  ozoneimpl.OzoneContainer (OzoneContainer.java:buildContainerSet(237)) - Build ContainerSet costs 0s
2021-08-10 18:28:22,351 [Listener at 127.0.0.1/43729] INFO  server.RaftServer (ConfUtils.java:logGet(44)) - raft.rpc.type = GRPC (default)
2021-08-10 18:28:22,351 [Listener at 127.0.0.1/43729] INFO  grpc.GrpcFactory (GrpcFactory.java:checkPooledByteBufAllocatorUseCacheForAllThreads(48)) - PERFORMANCE WARNING: useCacheForAllThreads is true that may cause Netty to create a lot garbage objects and, as a result, trigger GC.
	It is recommended to disable useCacheForAllThreads by setting -Dorg.apache.ratis.thirdparty.io.netty.allocator.useCacheForAllThreads=false in command line.
2021-08-10 18:28:22,351 [Listener at 127.0.0.1/43729] INFO  grpc.GrpcConfigKeys (ConfUtils.java:logGet(44)) - raft.grpc.admin.port = 0 (custom)
2021-08-10 18:28:22,352 [Listener at 127.0.0.1/43729] INFO  grpc.GrpcConfigKeys (ConfUtils.java:logGet(44)) - raft.grpc.client.port = 0 (custom)
2021-08-10 18:28:22,352 [Listener at 127.0.0.1/43729] INFO  grpc.GrpcConfigKeys (ConfUtils.java:logGet(44)) - raft.grpc.server.port = 0 (default)
2021-08-10 18:28:22,352 [Listener at 127.0.0.1/43729] INFO  server.GrpcService (ConfUtils.java:logGet(44)) - raft.grpc.message.size.max = 32MB (=33554432) (custom)
2021-08-10 18:28:22,352 [Listener at 127.0.0.1/43729] INFO  server.RaftServerConfigKeys (ConfUtils.java:logGet(44)) - raft.server.log.appender.buffer.byte-limit = 33554432 (custom)
2021-08-10 18:28:22,352 [Listener at 127.0.0.1/43729] INFO  server.GrpcService (ConfUtils.java:logGet(44)) - raft.grpc.flow.control.window = 5MB (=5242880) (custom)
2021-08-10 18:28:22,352 [Listener at 127.0.0.1/43729] INFO  server.RaftServerConfigKeys (ConfUtils.java:logGet(44)) - raft.server.rpc.request.timeout = 60s (custom)
2021-08-10 18:28:22,354 [Listener at 127.0.0.1/43729] INFO  impl.DataStreamServerImpl (ConfUtils.java:logGet(44)) - raft.datastream.type = DISABLED (default)
2021-08-10 18:28:22,355 [Listener at 127.0.0.1/43729] INFO  server.RaftServerConfigKeys (ConfUtils.java:logGet(44)) - raft.server.rpc.slowness.timeout = 300s (custom)
2021-08-10 18:28:22,355 [Listener at 127.0.0.1/43729] INFO  server.RaftServerConfigKeys (ConfUtils.java:logGet(44)) - raft.server.leaderelection.leader.step-down.wait-time = 10s (default)
2021-08-10 18:28:22,355 [Listener at 127.0.0.1/43729] INFO  server.RaftServerConfigKeys (ConfUtils.java:logGet(44)) - raft.server.storage.dir = [/home/runner/work/ozone/ozone/hadoop-ozone/integration-test/target/test-dir/MiniOzoneClusterImpl-a05ed1eb-feab-4415-88a0-4de04f3f758c/datanode-2/data/ratis] (custom)
2021-08-10 18:28:22,384 [Listener at 127.0.0.1/43729] INFO  http.BaseHttpServer (BaseHttpServer.java:newHttpServer2BuilderForOzone(209)) - Starting Web-server for hddsDatanode at: http://0.0.0.0:0
2021-08-10 18:28:22,384 [Listener at 127.0.0.1/43729] INFO  http.BaseHttpServer (BaseHttpServer.java:<init>(107)) - Hadoop Security Enabled: false Ozone Security Enabled: false Ozone HTTP Security Enabled: false 
2021-08-10 18:28:22,384 [Listener at 127.0.0.1/43729] INFO  server.AuthenticationFilter (AuthenticationFilter.java:constructSecretProvider(240)) - Unable to initialize FileSignerSecretProvider, falling back to use random secrets.
2021-08-10 18:28:22,385 [Listener at 127.0.0.1/43729] WARN  http.HttpRequestLog (HttpRequestLog.java:getRequestLog(103)) - Jetty request log can only be enabled using Log4j
2021-08-10 18:28:22,385 [Listener at 127.0.0.1/43729] INFO  http.HttpServer2 (HttpServer2.java:addGlobalFilter(1020)) - Added global filter 'safety' (class=org.apache.hadoop.hdds.server.http.HttpServer2$QuotingInputFilter)
2021-08-10 18:28:22,386 [Listener at 127.0.0.1/43729] INFO  http.HttpServer2 (HttpServer2.java:addFilter(996)) - Added filter static_user_filter (class=org.apache.hadoop.http.lib.StaticUserWebFilter$StaticUserFilter) to context hddsDatanode
2021-08-10 18:28:22,386 [Listener at 127.0.0.1/43729] INFO  http.HttpServer2 (HttpServer2.java:addFilter(1004)) - Added filter static_user_filter (class=org.apache.hadoop.http.lib.StaticUserWebFilter$StaticUserFilter) to context logs
2021-08-10 18:28:22,386 [Listener at 127.0.0.1/43729] INFO  http.HttpServer2 (HttpServer2.java:addFilter(1004)) - Added filter static_user_filter (class=org.apache.hadoop.http.lib.StaticUserWebFilter$StaticUserFilter) to context static
2021-08-10 18:28:22,386 [Listener at 127.0.0.1/43729] INFO  http.HttpServer2 (HttpServer2.java:bindListener(1239)) - Jetty bound to port 33753
2021-08-10 18:28:22,386 [Listener at 127.0.0.1/43729] INFO  server.Server (Server.java:doStart(375)) - jetty-9.4.43.v20210629; built: 2021-06-30T11:07:22.254Z; git: 526006ecfa3af7f1a27ef3a288e2bef7ea9dd7e8; jvm 1.8.0_292-b10
2021-08-10 18:28:22,461 [Listener at 127.0.0.1/43729] INFO  server.session (DefaultSessionIdManager.java:doStart(334)) - DefaultSessionIdManager workerName=node0
2021-08-10 18:28:22,461 [Listener at 127.0.0.1/43729] INFO  server.session (DefaultSessionIdManager.java:doStart(339)) - No SessionScavenger set, using defaults
2021-08-10 18:28:22,461 [Listener at 127.0.0.1/43729] INFO  server.session (HouseKeeper.java:startScavenging(132)) - node0 Scavenging every 600000ms
2021-08-10 18:28:22,470 [Listener at 127.0.0.1/43729] INFO  handler.ContextHandler (ContextHandler.java:doStart(915)) - Started o.e.j.s.ServletContextHandler@77cc8fdd{logs,/logs,file:///home/runner/work/ozone/ozone/hadoop-ozone/integration-test/target/log,AVAILABLE}
2021-08-10 18:28:22,470 [Listener at 127.0.0.1/43729] INFO  handler.ContextHandler (ContextHandler.java:doStart(915)) - Started o.e.j.s.ServletContextHandler@466be2a7{static,/static,jar:file:/home/runner/.m2/repository/org/apache/ozone/hdds-container-service/1.2.0-SNAPSHOT/hdds-container-service-1.2.0-SNAPSHOT.jar!/webapps/static,AVAILABLE}
2021-08-10 18:28:22,593 [Listener at 127.0.0.1/43729] INFO  handler.ContextHandler (ContextHandler.java:doStart(915)) - Started o.e.j.w.WebAppContext@b064ac{hddsDatanode,/,file:///tmp/jetty-0_0_0_0-33753-hdds-container-service-1_2_0-SNAPSHOT_jar-_-any-1654729995676829079/webapp/,AVAILABLE}{jar:file:/home/runner/.m2/repository/org/apache/ozone/hdds-container-service/1.2.0-SNAPSHOT/hdds-container-service-1.2.0-SNAPSHOT.jar!/webapps/hddsDatanode}
2021-08-10 18:28:22,595 [Listener at 127.0.0.1/43729] INFO  server.AbstractConnector (AbstractConnector.java:doStart(331)) - Started ServerConnector@32062655{HTTP/1.1, (http/1.1)}{0.0.0.0:33753}
2021-08-10 18:28:22,600 [Listener at 127.0.0.1/43729] INFO  server.Server (Server.java:doStart(415)) - Started @128342ms
2021-08-10 18:28:22,600 [Listener at 127.0.0.1/43729] WARN  impl.MetricsSystemImpl (MetricsSystemImpl.java:register(279)) - Sink prometheus already exists!
2021-08-10 18:28:22,601 [Listener at 127.0.0.1/43729] INFO  http.BaseHttpServer (BaseHttpServer.java:updateConnectorAddress(329)) - HTTP server of hddsDatanode listening at http://0.0.0.0:33753
2021-08-10 18:28:22,614 [Listener at 127.0.0.1/43729] INFO  ozone.MiniOzoneClusterImpl (MiniOzoneClusterImpl.java:lambda$waitForClusterToBeReady$0(235)) - Waiting for nodes to be ready. Got 0 of 3 DN Heartbeats.
2021-08-10 18:28:22,614 [Listener at 127.0.0.1/43729] INFO  ozone.MiniOzoneClusterImpl (MiniOzoneClusterImpl.java:lambda$waitForClusterToBeReady$0(238)) - Waiting for cluster to exit safe mode
2021-08-10 18:28:22,614 [Listener at 127.0.0.1/43729] INFO  ozone.MiniOzoneClusterImpl (MiniOzoneClusterImpl.java:lambda$waitForClusterToBeReady$0(240)) - SCM became leader
2021-08-10 18:28:22,647 [org.apache.hadoop.util.JvmPauseMonitor$Monitor@44b0caa2] INFO  util.JvmPauseMonitor (JvmPauseMonitor.java:run(188)) - Starting JVM pause monitor
2021-08-10 18:28:22,664 [Datanode State Machine Task Thread - 0] INFO  datanode.InitDatanodeState (InitDatanodeState.java:persistContainerDatanodeDetails(145)) - DatanodeDetails is persisted to /home/runner/work/ozone/ozone/hadoop-ozone/integration-test/target/test-dir/MiniOzoneClusterImpl-a05ed1eb-feab-4415-88a0-4de04f3f758c/datanode-2/meta/datanode.id
2021-08-10 18:28:23,600 [EndpointStateMachine task thread for /0.0.0.0:41415 - 0 ] INFO  ozoneimpl.OzoneContainer (OzoneContainer.java:start(305)) - Attempting to start container services.
2021-08-10 18:28:23,600 [EndpointStateMachine task thread for /0.0.0.0:41415 - 0 ] INFO  ozoneimpl.OzoneContainer (OzoneContainer.java:startContainerScrub(250)) - Background container scanner has been disabled.
2021-08-10 18:28:23,600 [EndpointStateMachine task thread for /0.0.0.0:41415 - 0 ] INFO  replication.ReplicationServer (ReplicationServer.java:start(106)) - ReplicationServer is started using port 38453
2021-08-10 18:28:23,601 [EndpointStateMachine task thread for /0.0.0.0:41415 - 0 ] INFO  ratis.XceiverServerRatis (XceiverServerRatis.java:start(478)) - Starting XceiverServerRatis 10120287-8d24-4050-8da6-9033ceeef397
2021-08-10 18:28:23,601 [EndpointStateMachine task thread for /0.0.0.0:41415 - 0 ] INFO  server.RaftServer (RaftServerProxy.java:lambda$start$5(374)) - 10120287-8d24-4050-8da6-9033ceeef397: start RPC server
2021-08-10 18:28:23,608 [EndpointStateMachine task thread for /0.0.0.0:41415 - 0 ] INFO  server.GrpcService (GrpcService.java:startImpl(253)) - 10120287-8d24-4050-8da6-9033ceeef397: GrpcService started, listening on 35929
2021-08-10 18:28:23,608 [EndpointStateMachine task thread for /0.0.0.0:41415 - 0 ] INFO  ratis.XceiverServerRatis (XceiverServerRatis.java:getRealPort(499)) - XceiverServerRatis 10120287-8d24-4050-8da6-9033ceeef397 is started using port 35929 for RATIS
2021-08-10 18:28:23,608 [EndpointStateMachine task thread for /0.0.0.0:41415 - 0 ] INFO  ratis.XceiverServerRatis (XceiverServerRatis.java:getRealPort(499)) - XceiverServerRatis 10120287-8d24-4050-8da6-9033ceeef397 is started using port 35929 for RATIS_ADMIN
2021-08-10 18:28:23,609 [EndpointStateMachine task thread for /0.0.0.0:41415 - 0 ] INFO  ratis.XceiverServerRatis (XceiverServerRatis.java:getRealPort(499)) - XceiverServerRatis 10120287-8d24-4050-8da6-9033ceeef397 is started using port 35929 for RATIS_SERVER
2021-08-10 18:28:23,609 [org.apache.ratis.util.JvmPauseMonitor$$Lambda$531/2055791967@4cd68a5c] INFO  util.JvmPauseMonitor (JvmPauseMonitor.java:run(103)) - JvmPauseMonitor-10120287-8d24-4050-8da6-9033ceeef397: Started
2021-08-10 18:28:23,614 [Listener at 127.0.0.1/43729] INFO  ozone.MiniOzoneClusterImpl (MiniOzoneClusterImpl.java:lambda$waitForClusterToBeReady$0(235)) - Waiting for nodes to be ready. Got 0 of 3 DN Heartbeats.
2021-08-10 18:28:23,614 [Listener at 127.0.0.1/43729] INFO  ozone.MiniOzoneClusterImpl (MiniOzoneClusterImpl.java:lambda$waitForClusterToBeReady$0(238)) - Waiting for cluster to exit safe mode
2021-08-10 18:28:23,614 [Listener at 127.0.0.1/43729] INFO  ozone.MiniOzoneClusterImpl (MiniOzoneClusterImpl.java:lambda$waitForClusterToBeReady$0(240)) - SCM became leader
2021-08-10 18:28:23,614 [EndpointStateMachine task thread for /0.0.0.0:41415 - 0 ] INFO  server.XceiverServerGrpc (XceiverServerGrpc.java:start(135)) - XceiverServerGrpc 10120287-8d24-4050-8da6-9033ceeef397 is started using port 34193
2021-08-10 18:28:24,100 [EndpointStateMachine task thread for /0.0.0.0:41415 - 0 ] INFO  ozoneimpl.OzoneContainer (OzoneContainer.java:start(305)) - Attempting to start container services.
2021-08-10 18:28:24,100 [EndpointStateMachine task thread for /0.0.0.0:41415 - 0 ] INFO  ozoneimpl.OzoneContainer (OzoneContainer.java:startContainerScrub(250)) - Background container scanner has been disabled.
2021-08-10 18:28:24,101 [EndpointStateMachine task thread for /0.0.0.0:41415 - 0 ] INFO  replication.ReplicationServer (ReplicationServer.java:start(106)) - ReplicationServer is started using port 43267
2021-08-10 18:28:24,111 [EndpointStateMachine task thread for /0.0.0.0:41415 - 0 ] INFO  ratis.XceiverServerRatis (XceiverServerRatis.java:start(478)) - Starting XceiverServerRatis f742b26a-fba2-4c03-ac3e-9dfa3325d7d9
2021-08-10 18:28:24,129 [EndpointStateMachine task thread for /0.0.0.0:41415 - 0 ] INFO  server.RaftServer (RaftServerProxy.java:lambda$start$5(374)) - f742b26a-fba2-4c03-ac3e-9dfa3325d7d9: start RPC server
2021-08-10 18:28:24,129 [EndpointStateMachine task thread for /0.0.0.0:41415 - 0 ] INFO  server.GrpcService (GrpcService.java:startImpl(253)) - f742b26a-fba2-4c03-ac3e-9dfa3325d7d9: GrpcService started, listening on 34143
2021-08-10 18:28:24,130 [EndpointStateMachine task thread for /0.0.0.0:41415 - 0 ] INFO  ratis.XceiverServerRatis (XceiverServerRatis.java:getRealPort(499)) - XceiverServerRatis f742b26a-fba2-4c03-ac3e-9dfa3325d7d9 is started using port 34143 for RATIS
2021-08-10 18:28:24,130 [EndpointStateMachine task thread for /0.0.0.0:41415 - 0 ] INFO  ratis.XceiverServerRatis (XceiverServerRatis.java:getRealPort(499)) - XceiverServerRatis f742b26a-fba2-4c03-ac3e-9dfa3325d7d9 is started using port 34143 for RATIS_ADMIN
2021-08-10 18:28:24,130 [EndpointStateMachine task thread for /0.0.0.0:41415 - 0 ] INFO  ratis.XceiverServerRatis (XceiverServerRatis.java:getRealPort(499)) - XceiverServerRatis f742b26a-fba2-4c03-ac3e-9dfa3325d7d9 is started using port 34143 for RATIS_SERVER
2021-08-10 18:28:24,130 [EndpointStateMachine task thread for /0.0.0.0:41415 - 0 ] INFO  server.XceiverServerGrpc (XceiverServerGrpc.java:start(135)) - XceiverServerGrpc f742b26a-fba2-4c03-ac3e-9dfa3325d7d9 is started using port 34217
2021-08-10 18:28:24,136 [org.apache.ratis.util.JvmPauseMonitor$$Lambda$531/2055791967@2455cfd1] INFO  util.JvmPauseMonitor (JvmPauseMonitor.java:run(103)) - JvmPauseMonitor-f742b26a-fba2-4c03-ac3e-9dfa3325d7d9: Started
2021-08-10 18:28:24,615 [Listener at 127.0.0.1/43729] INFO  ozone.MiniOzoneClusterImpl (MiniOzoneClusterImpl.java:lambda$waitForClusterToBeReady$0(235)) - Waiting for nodes to be ready. Got 0 of 3 DN Heartbeats.
2021-08-10 18:28:24,615 [Listener at 127.0.0.1/43729] INFO  ozone.MiniOzoneClusterImpl (MiniOzoneClusterImpl.java:lambda$waitForClusterToBeReady$0(238)) - Waiting for cluster to exit safe mode
2021-08-10 18:28:24,615 [Listener at 127.0.0.1/43729] INFO  ozone.MiniOzoneClusterImpl (MiniOzoneClusterImpl.java:lambda$waitForClusterToBeReady$0(240)) - SCM became leader
2021-08-10 18:28:24,648 [EndpointStateMachine task thread for /0.0.0.0:41415 - 0 ] INFO  ozoneimpl.OzoneContainer (OzoneContainer.java:start(305)) - Attempting to start container services.
2021-08-10 18:28:24,648 [EndpointStateMachine task thread for /0.0.0.0:41415 - 0 ] INFO  ozoneimpl.OzoneContainer (OzoneContainer.java:startContainerScrub(250)) - Background container scanner has been disabled.
2021-08-10 18:28:24,649 [EndpointStateMachine task thread for /0.0.0.0:41415 - 0 ] INFO  replication.ReplicationServer (ReplicationServer.java:start(106)) - ReplicationServer is started using port 41209
2021-08-10 18:28:24,666 [EndpointStateMachine task thread for /0.0.0.0:41415 - 0 ] INFO  ratis.XceiverServerRatis (XceiverServerRatis.java:start(478)) - Starting XceiverServerRatis caaea685-ee27-477a-9895-fe9115308b21
2021-08-10 18:28:24,666 [EndpointStateMachine task thread for /0.0.0.0:41415 - 0 ] INFO  server.RaftServer (RaftServerProxy.java:lambda$start$5(374)) - caaea685-ee27-477a-9895-fe9115308b21: start RPC server
2021-08-10 18:28:24,667 [EndpointStateMachine task thread for /0.0.0.0:41415 - 0 ] INFO  server.GrpcService (GrpcService.java:startImpl(253)) - caaea685-ee27-477a-9895-fe9115308b21: GrpcService started, listening on 46809
2021-08-10 18:28:24,667 [EndpointStateMachine task thread for /0.0.0.0:41415 - 0 ] INFO  ratis.XceiverServerRatis (XceiverServerRatis.java:getRealPort(499)) - XceiverServerRatis caaea685-ee27-477a-9895-fe9115308b21 is started using port 46809 for RATIS
2021-08-10 18:28:24,667 [EndpointStateMachine task thread for /0.0.0.0:41415 - 0 ] INFO  ratis.XceiverServerRatis (XceiverServerRatis.java:getRealPort(499)) - XceiverServerRatis caaea685-ee27-477a-9895-fe9115308b21 is started using port 46809 for RATIS_ADMIN
2021-08-10 18:28:24,667 [EndpointStateMachine task thread for /0.0.0.0:41415 - 0 ] INFO  ratis.XceiverServerRatis (XceiverServerRatis.java:getRealPort(499)) - XceiverServerRatis caaea685-ee27-477a-9895-fe9115308b21 is started using port 46809 for RATIS_SERVER
2021-08-10 18:28:24,668 [EndpointStateMachine task thread for /0.0.0.0:41415 - 0 ] INFO  server.XceiverServerGrpc (XceiverServerGrpc.java:start(135)) - XceiverServerGrpc caaea685-ee27-477a-9895-fe9115308b21 is started using port 35669
2021-08-10 18:28:24,668 [org.apache.ratis.util.JvmPauseMonitor$$Lambda$531/2055791967@388b296b] INFO  util.JvmPauseMonitor (JvmPauseMonitor.java:run(103)) - JvmPauseMonitor-caaea685-ee27-477a-9895-fe9115308b21: Started
2021-08-10 18:28:25,553 [IPC Server handler 2 on default port 41415] INFO  net.NetworkTopologyImpl (NetworkTopologyImpl.java:add(112)) - Added a new node: /default-rack/10120287-8d24-4050-8da6-9033ceeef397
2021-08-10 18:28:25,553 [IPC Server handler 2 on default port 41415] INFO  node.SCMNodeManager (SCMNodeManager.java:register(390)) - Registered Data node : 10120287-8d24-4050-8da6-9033ceeef397{ip: 10.1.0.41, host: fv-az291-953.wgnan5asplgejimfprtllbpdch.jx.internal.cloudapp.net, ports: [REPLICATION=38453, RATIS=35929, RATIS_ADMIN=35929, RATIS_SERVER=35929, STANDALONE=34193], networkLocation: /default-rack, certSerialId: null, persistedOpState: null, persistedOpStateExpiryEpochSec: 0}
2021-08-10 18:28:25,558 [EventQueue-NodeRegistrationContainerReportForContainerSafeModeRule] INFO  safemode.SCMSafeModeManager (SCMSafeModeManager.java:validateSafeModeExitRules(204)) - ContainerSafeModeRule rule is successfully validated
2021-08-10 18:28:25,558 [EventQueue-NodeRegistrationContainerReportForDataNodeSafeModeRule] INFO  safemode.SCMSafeModeManager (DataNodeSafeModeRule.java:process(71)) - SCM in safe mode. 1 DataNodes registered, 3 required.
2021-08-10 18:28:25,568 [EventQueue-NewNodeForNewNodeHandler] INFO  pipeline.BackgroundPipelineCreator (BackgroundPipelineCreatorV2.java:notifyEventTriggered(285)) - trigger a one-shot run on RatisPipelineUtilsThread.
2021-08-10 18:28:25,569 [RatisPipelineUtilsThread - 0] INFO  pipeline.RatisPipelineProvider (RatisPipelineProvider.java:lambda$create$0(183)) - Sending CreatePipelineCommand for pipeline:PipelineID=53523a20-a179-495e-8916-52fe261952ac to datanode:10120287-8d24-4050-8da6-9033ceeef397
2021-08-10 18:28:25,572 [RatisPipelineUtilsThread - 0] INFO  pipeline.PipelineStateManager (PipelineStateManagerV2Impl.java:addPipeline(101)) - Created pipeline Pipeline[ Id: 53523a20-a179-495e-8916-52fe261952ac, Nodes: 10120287-8d24-4050-8da6-9033ceeef397{ip: 10.1.0.41, host: fv-az291-953.wgnan5asplgejimfprtllbpdch.jx.internal.cloudapp.net, ports: [REPLICATION=38453, RATIS=35929, RATIS_ADMIN=35929, RATIS_SERVER=35929, STANDALONE=34193], networkLocation: /default-rack, certSerialId: null, persistedOpState: IN_SERVICE, persistedOpStateExpiryEpochSec: 0}, ReplicationConfig: RATIS/ONE, State:ALLOCATED, leaderId:, CreationTimestamp2021-08-10T18:28:25.569Z[Etc/UTC]].
2021-08-10 18:28:25,600 [EventQueue-PipelineReportForOneReplicaPipelineSafeModeRule] INFO  safemode.SCMSafeModeManager (SCMSafeModeManager.java:validateSafeModeExitRules(204)) - AtleastOneDatanodeReportedRule rule is successfully validated
2021-08-10 18:28:25,615 [Listener at 127.0.0.1/43729] INFO  ozone.MiniOzoneClusterImpl (MiniOzoneClusterImpl.java:lambda$waitForClusterToBeReady$0(235)) - Waiting for nodes to be ready. Got 1 of 3 DN Heartbeats.
2021-08-10 18:28:25,615 [Listener at 127.0.0.1/43729] INFO  ozone.MiniOzoneClusterImpl (MiniOzoneClusterImpl.java:lambda$waitForClusterToBeReady$0(238)) - Waiting for cluster to exit safe mode
2021-08-10 18:28:25,615 [Listener at 127.0.0.1/43729] INFO  ozone.MiniOzoneClusterImpl (MiniOzoneClusterImpl.java:lambda$waitForClusterToBeReady$0(240)) - SCM became leader
2021-08-10 18:28:26,072 [IPC Server handler 1 on default port 41415] INFO  net.NetworkTopologyImpl (NetworkTopologyImpl.java:add(112)) - Added a new node: /default-rack/f742b26a-fba2-4c03-ac3e-9dfa3325d7d9
2021-08-10 18:28:26,073 [IPC Server handler 1 on default port 41415] INFO  node.SCMNodeManager (SCMNodeManager.java:register(390)) - Registered Data node : f742b26a-fba2-4c03-ac3e-9dfa3325d7d9{ip: 10.1.0.41, host: fv-az291-953.wgnan5asplgejimfprtllbpdch.jx.internal.cloudapp.net, ports: [REPLICATION=43267, RATIS=34143, RATIS_ADMIN=34143, RATIS_SERVER=34143, STANDALONE=34217], networkLocation: /default-rack, certSerialId: null, persistedOpState: null, persistedOpStateExpiryEpochSec: 0}
2021-08-10 18:28:26,073 [EventQueue-NewNodeForNewNodeHandler] INFO  pipeline.BackgroundPipelineCreator (BackgroundPipelineCreatorV2.java:notifyEventTriggered(285)) - trigger a one-shot run on RatisPipelineUtilsThread.
2021-08-10 18:28:26,074 [EventQueue-NodeRegistrationContainerReportForDataNodeSafeModeRule] INFO  safemode.SCMSafeModeManager (DataNodeSafeModeRule.java:process(71)) - SCM in safe mode. 2 DataNodes registered, 3 required.
2021-08-10 18:28:26,075 [RatisPipelineUtilsThread - 0] INFO  pipeline.RatisPipelineProvider (RatisPipelineProvider.java:lambda$create$0(183)) - Sending CreatePipelineCommand for pipeline:PipelineID=ed080598-45f4-43a0-aa45-31f9ea2e53b8 to datanode:f742b26a-fba2-4c03-ac3e-9dfa3325d7d9
2021-08-10 18:28:26,075 [RatisPipelineUtilsThread - 0] INFO  pipeline.PipelineStateManager (PipelineStateManagerV2Impl.java:addPipeline(101)) - Created pipeline Pipeline[ Id: ed080598-45f4-43a0-aa45-31f9ea2e53b8, Nodes: f742b26a-fba2-4c03-ac3e-9dfa3325d7d9{ip: 10.1.0.41, host: fv-az291-953.wgnan5asplgejimfprtllbpdch.jx.internal.cloudapp.net, ports: [REPLICATION=43267, RATIS=34143, RATIS_ADMIN=34143, RATIS_SERVER=34143, STANDALONE=34217], networkLocation: /default-rack, certSerialId: null, persistedOpState: IN_SERVICE, persistedOpStateExpiryEpochSec: 0}, ReplicationConfig: RATIS/ONE, State:ALLOCATED, leaderId:, CreationTimestamp2021-08-10T18:28:26.075Z[Etc/UTC]].
2021-08-10 18:28:26,615 [Listener at 127.0.0.1/43729] INFO  ozone.MiniOzoneClusterImpl (MiniOzoneClusterImpl.java:lambda$waitForClusterToBeReady$0(235)) - Waiting for nodes to be ready. Got 2 of 3 DN Heartbeats.
2021-08-10 18:28:26,616 [Listener at 127.0.0.1/43729] INFO  ozone.MiniOzoneClusterImpl (MiniOzoneClusterImpl.java:lambda$waitForClusterToBeReady$0(238)) - Waiting for cluster to exit safe mode
2021-08-10 18:28:26,616 [Listener at 127.0.0.1/43729] INFO  ozone.MiniOzoneClusterImpl (MiniOzoneClusterImpl.java:lambda$waitForClusterToBeReady$0(240)) - SCM became leader
2021-08-10 18:28:26,641 [IPC Server handler 0 on default port 41415] INFO  net.NetworkTopologyImpl (NetworkTopologyImpl.java:add(112)) - Added a new node: /default-rack/caaea685-ee27-477a-9895-fe9115308b21
2021-08-10 18:28:26,641 [IPC Server handler 0 on default port 41415] INFO  node.SCMNodeManager (SCMNodeManager.java:register(390)) - Registered Data node : caaea685-ee27-477a-9895-fe9115308b21{ip: 10.1.0.41, host: fv-az291-953.wgnan5asplgejimfprtllbpdch.jx.internal.cloudapp.net, ports: [REPLICATION=41209, RATIS=46809, RATIS_ADMIN=46809, RATIS_SERVER=46809, STANDALONE=35669], networkLocation: /default-rack, certSerialId: null, persistedOpState: null, persistedOpStateExpiryEpochSec: 0}
2021-08-10 18:28:26,644 [EventQueue-NewNodeForNewNodeHandler] INFO  pipeline.BackgroundPipelineCreator (BackgroundPipelineCreatorV2.java:notifyEventTriggered(285)) - trigger a one-shot run on RatisPipelineUtilsThread.
2021-08-10 18:28:26,647 [RatisPipelineUtilsThread - 0] INFO  pipeline.RatisPipelineProvider (RatisPipelineProvider.java:lambda$create$0(183)) - Sending CreatePipelineCommand for pipeline:PipelineID=1adec00e-1ef5-4875-be2e-114c655627ef to datanode:caaea685-ee27-477a-9895-fe9115308b21
2021-08-10 18:28:26,648 [RatisPipelineUtilsThread - 0] INFO  pipeline.PipelineStateManager (PipelineStateManagerV2Impl.java:addPipeline(101)) - Created pipeline Pipeline[ Id: 1adec00e-1ef5-4875-be2e-114c655627ef, Nodes: caaea685-ee27-477a-9895-fe9115308b21{ip: 10.1.0.41, host: fv-az291-953.wgnan5asplgejimfprtllbpdch.jx.internal.cloudapp.net, ports: [REPLICATION=41209, RATIS=46809, RATIS_ADMIN=46809, RATIS_SERVER=46809, STANDALONE=35669], networkLocation: /default-rack, certSerialId: null, persistedOpState: IN_SERVICE, persistedOpStateExpiryEpochSec: 0}, ReplicationConfig: RATIS/ONE, State:ALLOCATED, leaderId:, CreationTimestamp2021-08-10T18:28:26.647Z[Etc/UTC]].
2021-08-10 18:28:26,648 [EventQueue-NodeRegistrationContainerReportForDataNodeSafeModeRule] INFO  safemode.SCMSafeModeManager (DataNodeSafeModeRule.java:process(71)) - SCM in safe mode. 3 DataNodes registered, 3 required.
2021-08-10 18:28:26,648 [EventQueue-NodeRegistrationContainerReportForDataNodeSafeModeRule] INFO  safemode.SCMSafeModeManager (SCMSafeModeManager.java:validateSafeModeExitRules(204)) - DataNodeSafeModeRule rule is successfully validated
2021-08-10 18:28:26,648 [EventQueue-NodeRegistrationContainerReportForDataNodeSafeModeRule] INFO  safemode.SCMSafeModeManager (SCMSafeModeManager.java:completePreCheck(233)) - All SCM safe mode pre check rules have passed
2021-08-10 18:28:26,648 [EventQueue-NodeRegistrationContainerReportForDataNodeSafeModeRule] WARN  events.EventQueue (EventQueue.java:fireEvent(194)) - No event handler registered for event TypedEvent{payloadType=SafeModeStatus, name='Safe mode status'}
2021-08-10 18:28:26,648 [EventQueue-NodeRegistrationContainerReportForDataNodeSafeModeRule] INFO  ha.SCMContext (SCMContext.java:updateSafeModeStatus(205)) - Update SafeModeStatus from SafeModeStatus{safeModeStatus=true, preCheckPassed=false} to SafeModeStatus{safeModeStatus=true, preCheckPassed=true}.
2021-08-10 18:28:26,648 [EventQueue-NodeRegistrationContainerReportForDataNodeSafeModeRule] INFO  pipeline.BackgroundPipelineCreator (BackgroundPipelineCreatorV2.java:notifyEventTriggered(285)) - trigger a one-shot run on RatisPipelineUtilsThread.
2021-08-10 18:28:26,649 [RatisPipelineUtilsThread - 0] INFO  pipeline.RatisPipelineProvider (RatisPipelineProvider.java:lambda$create$0(183)) - Sending CreatePipelineCommand for pipeline:PipelineID=568d6894-7e1d-4f35-8924-48b17f817404 to datanode:f742b26a-fba2-4c03-ac3e-9dfa3325d7d9
2021-08-10 18:28:26,649 [RatisPipelineUtilsThread - 0] INFO  pipeline.RatisPipelineProvider (RatisPipelineProvider.java:lambda$create$0(183)) - Sending CreatePipelineCommand for pipeline:PipelineID=568d6894-7e1d-4f35-8924-48b17f817404 to datanode:10120287-8d24-4050-8da6-9033ceeef397
2021-08-10 18:28:26,649 [RatisPipelineUtilsThread - 0] INFO  pipeline.RatisPipelineProvider (RatisPipelineProvider.java:lambda$create$0(183)) - Sending CreatePipelineCommand for pipeline:PipelineID=568d6894-7e1d-4f35-8924-48b17f817404 to datanode:caaea685-ee27-477a-9895-fe9115308b21
2021-08-10 18:28:26,650 [RatisPipelineUtilsThread - 0] INFO  pipeline.PipelineStateManager (PipelineStateManagerV2Impl.java:addPipeline(101)) - Created pipeline Pipeline[ Id: 568d6894-7e1d-4f35-8924-48b17f817404, Nodes: f742b26a-fba2-4c03-ac3e-9dfa3325d7d9{ip: 10.1.0.41, host: fv-az291-953.wgnan5asplgejimfprtllbpdch.jx.internal.cloudapp.net, ports: [REPLICATION=43267, RATIS=34143, RATIS_ADMIN=34143, RATIS_SERVER=34143, STANDALONE=34217], networkLocation: /default-rack, certSerialId: null, persistedOpState: IN_SERVICE, persistedOpStateExpiryEpochSec: 0}10120287-8d24-4050-8da6-9033ceeef397{ip: 10.1.0.41, host: fv-az291-953.wgnan5asplgejimfprtllbpdch.jx.internal.cloudapp.net, ports: [REPLICATION=38453, RATIS=35929, RATIS_ADMIN=35929, RATIS_SERVER=35929, STANDALONE=34193], networkLocation: /default-rack, certSerialId: null, persistedOpState: IN_SERVICE, persistedOpStateExpiryEpochSec: 0}caaea685-ee27-477a-9895-fe9115308b21{ip: 10.1.0.41, host: fv-az291-953.wgnan5asplgejimfprtllbpdch.jx.internal.cloudapp.net, ports: [REPLICATION=41209, RATIS=46809, RATIS_ADMIN=46809, RATIS_SERVER=46809, STANDALONE=35669], networkLocation: /default-rack, certSerialId: null, persistedOpState: IN_SERVICE, persistedOpStateExpiryEpochSec: 0}, ReplicationConfig: RATIS/THREE, State:ALLOCATED, leaderId:, CreationTimestamp2021-08-10T18:28:26.649Z[Etc/UTC]].
2021-08-10 18:28:26,651 [RatisPipelineUtilsThread - 0] INFO  pipeline.RatisPipelineProvider (RatisPipelineProvider.java:lambda$create$0(183)) - Sending CreatePipelineCommand for pipeline:PipelineID=6c79079c-5180-44ad-aa27-c1c0cc0f09c0 to datanode:caaea685-ee27-477a-9895-fe9115308b21
2021-08-10 18:28:26,652 [RatisPipelineUtilsThread - 0] INFO  pipeline.RatisPipelineProvider (RatisPipelineProvider.java:lambda$create$0(183)) - Sending CreatePipelineCommand for pipeline:PipelineID=6c79079c-5180-44ad-aa27-c1c0cc0f09c0 to datanode:10120287-8d24-4050-8da6-9033ceeef397
2021-08-10 18:28:26,652 [RatisPipelineUtilsThread - 0] INFO  pipeline.RatisPipelineProvider (RatisPipelineProvider.java:lambda$create$0(183)) - Sending CreatePipelineCommand for pipeline:PipelineID=6c79079c-5180-44ad-aa27-c1c0cc0f09c0 to datanode:f742b26a-fba2-4c03-ac3e-9dfa3325d7d9
2021-08-10 18:28:26,652 [RatisPipelineUtilsThread - 0] INFO  pipeline.PipelineStateManager (PipelineStateManagerV2Impl.java:addPipeline(101)) - Created pipeline Pipeline[ Id: 6c79079c-5180-44ad-aa27-c1c0cc0f09c0, Nodes: caaea685-ee27-477a-9895-fe9115308b21{ip: 10.1.0.41, host: fv-az291-953.wgnan5asplgejimfprtllbpdch.jx.internal.cloudapp.net, ports: [REPLICATION=41209, RATIS=46809, RATIS_ADMIN=46809, RATIS_SERVER=46809, STANDALONE=35669], networkLocation: /default-rack, certSerialId: null, persistedOpState: IN_SERVICE, persistedOpStateExpiryEpochSec: 0}10120287-8d24-4050-8da6-9033ceeef397{ip: 10.1.0.41, host: fv-az291-953.wgnan5asplgejimfprtllbpdch.jx.internal.cloudapp.net, ports: [REPLICATION=38453, RATIS=35929, RATIS_ADMIN=35929, RATIS_SERVER=35929, STANDALONE=34193], networkLocation: /default-rack, certSerialId: null, persistedOpState: IN_SERVICE, persistedOpStateExpiryEpochSec: 0}f742b26a-fba2-4c03-ac3e-9dfa3325d7d9{ip: 10.1.0.41, host: fv-az291-953.wgnan5asplgejimfprtllbpdch.jx.internal.cloudapp.net, ports: [REPLICATION=43267, RATIS=34143, RATIS_ADMIN=34143, RATIS_SERVER=34143, STANDALONE=34217], networkLocation: /default-rack, certSerialId: null, persistedOpState: IN_SERVICE, persistedOpStateExpiryEpochSec: 0}, ReplicationConfig: RATIS/THREE, State:ALLOCATED, leaderId:, CreationTimestamp2021-08-10T18:28:26.651Z[Etc/UTC]].
2021-08-10 18:28:26,656 [RatisPipelineUtilsThread - 0] INFO  pipeline.PipelineManagerImpl (PipelineManagerImpl.java:recordMetricsForPipeline(614)) - Pipeline: PipelineID=6c79079c-5180-44ad-aa27-c1c0cc0f09c0 contains same datanodes as previous pipelines: PipelineID=568d6894-7e1d-4f35-8924-48b17f817404 nodeIds: caaea685-ee27-477a-9895-fe9115308b21, 10120287-8d24-4050-8da6-9033ceeef397, f742b26a-fba2-4c03-ac3e-9dfa3325d7d9
2021-08-10 18:28:27,616 [Listener at 127.0.0.1/43729] INFO  ozone.MiniOzoneClusterImpl (MiniOzoneClusterImpl.java:lambda$waitForClusterToBeReady$0(235)) - Nodes are ready. Got 3 of 3 DN Heartbeats.
2021-08-10 18:28:27,616 [Listener at 127.0.0.1/43729] INFO  ozone.MiniOzoneClusterImpl (MiniOzoneClusterImpl.java:lambda$waitForClusterToBeReady$0(238)) - Waiting for cluster to exit safe mode
2021-08-10 18:28:27,616 [Listener at 127.0.0.1/43729] INFO  ozone.MiniOzoneClusterImpl (MiniOzoneClusterImpl.java:lambda$waitForClusterToBeReady$0(240)) - SCM became leader
2021-08-10 18:28:28,553 [Command processor thread] INFO  server.RaftServer (RaftServerProxy.java:addNew(95)) - 10120287-8d24-4050-8da6-9033ceeef397: addNew group-52FE261952AC:[10120287-8d24-4050-8da6-9033ceeef397|rpc:10.1.0.41:35929|priority:1] returns group-52FE261952AC:java.util.concurrent.CompletableFuture@683814fc[Not completed]
2021-08-10 18:28:28,569 [pool-369-thread-1] INFO  server.RaftServer$Division (RaftServerImpl.java:<init>(181)) - 10120287-8d24-4050-8da6-9033ceeef397: new RaftServerImpl for group-52FE261952AC:[10120287-8d24-4050-8da6-9033ceeef397|rpc:10.1.0.41:35929|priority:1] with ContainerStateMachine:uninitialized
2021-08-10 18:28:28,573 [pool-369-thread-1] INFO  server.RaftServerConfigKeys (ConfUtils.java:logGet(44)) - raft.server.rpc.timeout.min = 5s (custom)
2021-08-10 18:28:28,573 [pool-369-thread-1] INFO  server.RaftServerConfigKeys (ConfUtils.java:logGet(44)) - raft.server.rpc.timeout.max = 5200ms (custom)
2021-08-10 18:28:28,573 [pool-369-thread-1] INFO  server.RaftServerConfigKeys (ConfUtils.java:logGet(44)) - raft.server.rpc.sleep.time = 25ms (default)
2021-08-10 18:28:28,574 [pool-369-thread-1] INFO  server.RaftServerConfigKeys (ConfUtils.java:logGet(44)) - raft.server.rpc.slowness.timeout = 300s (custom)
2021-08-10 18:28:28,574 [pool-369-thread-1] INFO  server.RaftServerConfigKeys (ConfUtils.java:logGet(44)) - raft.server.leaderelection.leader.step-down.wait-time = 10s (default)
2021-08-10 18:28:28,574 [pool-369-thread-1] INFO  server.RaftServerConfigKeys (ConfUtils.java:logGet(44)) - raft.server.sleep.deviation.threshold = 300ms (default)
2021-08-10 18:28:28,574 [pool-369-thread-1] INFO  server.RaftServerConfigKeys (ConfUtils.java:logGet(44)) - raft.server.log.appender.install.snapshot.enabled = false (custom)
2021-08-10 18:28:28,574 [pool-369-thread-1] INFO  server.RaftServer$Division (ServerState.java:<init>(105)) - 10120287-8d24-4050-8da6-9033ceeef397@group-52FE261952AC: ConfigurationManager, init=-1: [10120287-8d24-4050-8da6-9033ceeef397|rpc:10.1.0.41:35929|priority:1], old=null, confs=<EMPTY_MAP>
2021-08-10 18:28:28,574 [pool-369-thread-1] INFO  server.RaftServerConfigKeys (ConfUtils.java:logGet(44)) - raft.server.storage.dir = [/home/runner/work/ozone/ozone/hadoop-ozone/integration-test/target/test-dir/MiniOzoneClusterImpl-a05ed1eb-feab-4415-88a0-4de04f3f758c/datanode-0/data/ratis] (custom)
2021-08-10 18:28:28,574 [pool-369-thread-1] INFO  server.RaftServerConfigKeys (ConfUtils.java:logGet(44)) - raft.server.log.corruption.policy = EXCEPTION (default)
2021-08-10 18:28:28,574 [pool-369-thread-1] INFO  server.RaftServerConfigKeys (ConfUtils.java:logGet(44)) - raft.server.storage.free-space.min = 0MB (=0) (default)
2021-08-10 18:28:28,575 [pool-369-thread-1] INFO  storage.RaftStorageDirectory (RaftStorageDirectoryImpl.java:analyzeStorage(135)) - The storage directory /home/runner/work/ozone/ozone/hadoop-ozone/integration-test/target/test-dir/MiniOzoneClusterImpl-a05ed1eb-feab-4415-88a0-4de04f3f758c/datanode-0/data/ratis/53523a20-a179-495e-8916-52fe261952ac does not exist. Creating ...
2021-08-10 18:28:28,586 [pool-369-thread-1] INFO  storage.RaftStorageDirectory (RaftStorageDirectoryImpl.java:tryLock(230)) - Lock on /home/runner/work/ozone/ozone/hadoop-ozone/integration-test/target/test-dir/MiniOzoneClusterImpl-a05ed1eb-feab-4415-88a0-4de04f3f758c/datanode-0/data/ratis/53523a20-a179-495e-8916-52fe261952ac/in_use.lock acquired by nodename 20908@fv-az291-953
2021-08-10 18:28:28,591 [pool-369-thread-1] INFO  storage.RaftStorage (RaftStorageImpl.java:format(89)) - Storage directory /home/runner/work/ozone/ozone/hadoop-ozone/integration-test/target/test-dir/MiniOzoneClusterImpl-a05ed1eb-feab-4415-88a0-4de04f3f758c/datanode-0/data/ratis/53523a20-a179-495e-8916-52fe261952ac has been successfully formatted.
2021-08-10 18:28:28,592 [pool-369-thread-1] INFO  ratis.ContainerStateMachine (ContainerStateMachine.java:loadSnapshot(223)) - group-52FE261952AC: The snapshot info is null. Setting the last applied indexto:(t:0, i:~)
2021-08-10 18:28:28,592 [pool-369-thread-1] INFO  server.RaftServerConfigKeys (ConfUtils.java:logGet(44)) - raft.server.notification.no-leader.timeout = 300s (custom)
2021-08-10 18:28:28,592 [pool-369-thread-1] INFO  server.RaftServerConfigKeys (ConfUtils.java:logGet(44)) - raft.server.log.use.memory = false (default)
2021-08-10 18:28:28,592 [pool-369-thread-1] INFO  server.RaftServerConfigKeys (ConfUtils.java:logGet(44)) - raft.server.log.purge.gap = 1000000 (custom)
2021-08-10 18:28:28,592 [pool-369-thread-1] INFO  server.RaftServerConfigKeys (ConfUtils.java:logGet(44)) - raft.server.log.appender.buffer.byte-limit = 33554432 (custom)
2021-08-10 18:28:28,592 [pool-369-thread-1] INFO  server.RaftServerConfigKeys (ConfUtils.java:logGet(44)) - raft.server.log.segment.size.max = 1048576 (custom)
2021-08-10 18:28:28,593 [pool-369-thread-1] INFO  server.RaftServerConfigKeys (ConfUtils.java:logGet(44)) - raft.server.log.segment.cache.num.max = 2 (custom)
2021-08-10 18:28:28,593 [pool-369-thread-1] INFO  server.RaftServerConfigKeys (ConfUtils.java:logGet(44)) - raft.server.log.segment.cache.size.max = 200MB (=209715200) (default)
2021-08-10 18:28:28,593 [pool-369-thread-1] INFO  segmented.SegmentedRaftLogWorker (SegmentedRaftLogWorker.java:<init>(182)) - new 10120287-8d24-4050-8da6-9033ceeef397@group-52FE261952AC-SegmentedRaftLogWorker for RaftStorageImpl:Storage Directory /home/runner/work/ozone/ozone/hadoop-ozone/integration-test/target/test-dir/MiniOzoneClusterImpl-a05ed1eb-feab-4415-88a0-4de04f3f758c/datanode-0/data/ratis/53523a20-a179-495e-8916-52fe261952ac
2021-08-10 18:28:28,593 [pool-369-thread-1] INFO  server.RaftServerConfigKeys (ConfUtils.java:logGet(44)) - raft.server.log.queue.byte-limit = 2147483647 (custom)
2021-08-10 18:28:28,593 [pool-369-thread-1] INFO  server.RaftServerConfigKeys (ConfUtils.java:logGet(44)) - raft.server.log.queue.element-limit = 1024 (custom)
2021-08-10 18:28:28,593 [pool-369-thread-1] INFO  server.RaftServerConfigKeys (ConfUtils.java:logGet(44)) - raft.server.log.segment.size.max = 1048576 (custom)
2021-08-10 18:28:28,593 [pool-369-thread-1] INFO  server.RaftServerConfigKeys (ConfUtils.java:logGet(44)) - raft.server.log.preallocated.size = 16384 (custom)
2021-08-10 18:28:28,593 [pool-369-thread-1] INFO  server.RaftServerConfigKeys (ConfUtils.java:logGet(44)) - raft.server.log.force.sync.num = 128 (default)
2021-08-10 18:28:28,593 [pool-369-thread-1] INFO  server.RaftServerConfigKeys (ConfUtils.java:logGet(44)) - raft.server.log.statemachine.data.sync = true (default)
2021-08-10 18:28:28,593 [pool-369-thread-1] INFO  server.RaftServerConfigKeys (ConfUtils.java:logGet(44)) - raft.server.log.statemachine.data.sync.timeout = 10s (default)
2021-08-10 18:28:28,593 [pool-369-thread-1] INFO  server.RaftServerConfigKeys (ConfUtils.java:logGet(44)) - raft.server.log.statemachine.data.sync.timeout.retry = -1 (default)
2021-08-10 18:28:28,594 [pool-369-thread-1] INFO  server.RaftServerConfigKeys (ConfUtils.java:logGet(44)) - raft.server.log.write.buffer.size = 1048576 (custom)
2021-08-10 18:28:28,595 [pool-369-thread-1] INFO  server.RaftServerConfigKeys (ConfUtils.java:logGet(44)) - raft.server.log.statemachine.data.caching.enabled = true (custom)
2021-08-10 18:28:28,595 [pool-369-thread-1] INFO  segmented.SegmentedRaftLogWorker (SegmentedRaftLogWorker.java:lambda$new$0(133)) - 10120287-8d24-4050-8da6-9033ceeef397@group-52FE261952AC-SegmentedRaftLogWorker: flushIndex: setUnconditionally 0 -> -1
2021-08-10 18:28:28,595 [pool-369-thread-1] INFO  segmented.SegmentedRaftLogWorker (SegmentedRaftLogWorker.java:lambda$new$0(133)) - 10120287-8d24-4050-8da6-9033ceeef397@group-52FE261952AC-SegmentedRaftLogWorker: safeCacheEvictIndex: setUnconditionally 0 -> -1
2021-08-10 18:28:28,595 [Datanode State Machine Thread - 0] WARN  statemachine.StateContext (StateContext.java:execute(621)) - No available thread in pool for past 1 seconds.
2021-08-10 18:28:28,597 [EventQueue-PipelineReportForPipelineReportHandler] INFO  pipeline.PipelineManagerImpl (PipelineManagerImpl.java:openPipeline(283)) - Pipeline Pipeline[ Id: 53523a20-a179-495e-8916-52fe261952ac, Nodes: 10120287-8d24-4050-8da6-9033ceeef397{ip: 10.1.0.41, host: fv-az291-953.wgnan5asplgejimfprtllbpdch.jx.internal.cloudapp.net, ports: [REPLICATION=38453, RATIS=35929, RATIS_ADMIN=35929, RATIS_SERVER=35929, STANDALONE=34193], networkLocation: /default-rack, certSerialId: null, persistedOpState: IN_SERVICE, persistedOpStateExpiryEpochSec: 0}, ReplicationConfig: RATIS/ONE, State:ALLOCATED, leaderId:10120287-8d24-4050-8da6-9033ceeef397, CreationTimestamp2021-08-10T18:28:25.569Z[Etc/UTC]] moved to OPEN state
2021-08-10 18:28:28,599 [pool-369-thread-1] INFO  server.RaftServerConfigKeys (ConfUtils.java:logGet(44)) - raft.server.snapshot.auto.trigger.enabled = true (custom)
2021-08-10 18:28:28,599 [pool-369-thread-1] INFO  server.RaftServerConfigKeys (ConfUtils.java:logGet(44)) - raft.server.snapshot.auto.trigger.threshold = 10000 (custom)
2021-08-10 18:28:28,599 [pool-369-thread-1] INFO  server.RaftServerConfigKeys (ConfUtils.java:logGet(44)) - raft.server.snapshot.retention.file.num = 5 (custom)
2021-08-10 18:28:28,599 [pool-369-thread-1] INFO  server.RaftServerConfigKeys (ConfUtils.java:logGet(44)) - raft.server.log.purge.upto.snapshot.index = false (default)
2021-08-10 18:28:28,599 [pool-369-thread-1] INFO  server.RaftServerConfigKeys (ConfUtils.java:logGet(44)) - raft.server.retrycache.expirytime = 600000ms (custom)
2021-08-10 18:28:28,599 [pool-369-thread-1] INFO  server.RaftServerConfigKeys (ConfUtils.java:logGet(44)) - raft.server.retrycache.statistics.expirytime = 100μs (default)
2021-08-10 18:28:28,600 [pool-369-thread-1] INFO  server.RaftServer$Division (RaftServerImpl.java:start(296)) - 10120287-8d24-4050-8da6-9033ceeef397@group-52FE261952AC: start as a follower, conf=-1: [10120287-8d24-4050-8da6-9033ceeef397|rpc:10.1.0.41:35929|priority:1], old=null
2021-08-10 18:28:28,602 [pool-369-thread-1] INFO  server.RaftServer$Division (RaftServerImpl.java:setRole(285)) - 10120287-8d24-4050-8da6-9033ceeef397@group-52FE261952AC: changes role from      null to FOLLOWER at term 0 for startAsFollower
2021-08-10 18:28:28,612 [pool-369-thread-1] INFO  impl.RoleInfo (RoleInfo.java:updateAndGet(130)) - 10120287-8d24-4050-8da6-9033ceeef397: start 10120287-8d24-4050-8da6-9033ceeef397@group-52FE261952AC-FollowerState
2021-08-10 18:28:28,616 [pool-369-thread-1] INFO  util.JmxRegister (JmxRegister.java:tryRegister(44)) - Successfully registered JMX Bean with object name Ratis:service=RaftServer,group=group-52FE261952AC,id=10120287-8d24-4050-8da6-9033ceeef397
2021-08-10 18:28:28,616 [Command processor thread] INFO  ratis.XceiverServerRatis (XceiverServerRatis.java:addGroup(759)) - Created group PipelineID=53523a20-a179-495e-8916-52fe261952ac
2021-08-10 18:28:28,616 [Listener at 127.0.0.1/43729] INFO  ozone.MiniOzoneClusterImpl (MiniOzoneClusterImpl.java:lambda$waitForClusterToBeReady$0(235)) - Nodes are ready. Got 3 of 3 DN Heartbeats.
2021-08-10 18:28:28,616 [Listener at 127.0.0.1/43729] INFO  ozone.MiniOzoneClusterImpl (MiniOzoneClusterImpl.java:lambda$waitForClusterToBeReady$0(238)) - Waiting for cluster to exit safe mode
2021-08-10 18:28:28,617 [Listener at 127.0.0.1/43729] INFO  ozone.MiniOzoneClusterImpl (MiniOzoneClusterImpl.java:lambda$waitForClusterToBeReady$0(240)) - SCM became leader
2021-08-10 18:28:28,616 [Command processor thread] INFO  commandhandler.CreatePipelineCommandHandler (CreatePipelineCommandHandler.java:handle(106)) - Created Pipeline RATIS ONE PipelineID=53523a20-a179-495e-8916-52fe261952ac.
2021-08-10 18:28:28,617 [Command processor thread] INFO  server.RaftServer (RaftServerProxy.java:addNew(95)) - 10120287-8d24-4050-8da6-9033ceeef397: addNew group-48B17F817404:[10120287-8d24-4050-8da6-9033ceeef397|rpc:10.1.0.41:35929|priority:0, caaea685-ee27-477a-9895-fe9115308b21|rpc:10.1.0.41:46809|priority:0, f742b26a-fba2-4c03-ac3e-9dfa3325d7d9|rpc:10.1.0.41:34143|priority:1] returns group-48B17F817404:java.util.concurrent.CompletableFuture@6c079d23[Not completed]
2021-08-10 18:28:28,618 [pool-369-thread-1] INFO  server.RaftServer$Division (RaftServerImpl.java:<init>(181)) - 10120287-8d24-4050-8da6-9033ceeef397: new RaftServerImpl for group-48B17F817404:[10120287-8d24-4050-8da6-9033ceeef397|rpc:10.1.0.41:35929|priority:0, caaea685-ee27-477a-9895-fe9115308b21|rpc:10.1.0.41:46809|priority:0, f742b26a-fba2-4c03-ac3e-9dfa3325d7d9|rpc:10.1.0.41:34143|priority:1] with ContainerStateMachine:uninitialized
2021-08-10 18:28:28,618 [pool-369-thread-1] INFO  server.RaftServerConfigKeys (ConfUtils.java:logGet(44)) - raft.server.rpc.timeout.min = 5s (custom)
2021-08-10 18:28:28,618 [pool-369-thread-1] INFO  server.RaftServerConfigKeys (ConfUtils.java:logGet(44)) - raft.server.rpc.timeout.max = 5200ms (custom)
2021-08-10 18:28:28,618 [pool-369-thread-1] INFO  server.RaftServerConfigKeys (ConfUtils.java:logGet(44)) - raft.server.rpc.sleep.time = 25ms (default)
2021-08-10 18:28:28,618 [pool-369-thread-1] INFO  server.RaftServerConfigKeys (ConfUtils.java:logGet(44)) - raft.server.rpc.slowness.timeout = 300s (custom)
2021-08-10 18:28:28,618 [pool-369-thread-1] INFO  server.RaftServerConfigKeys (ConfUtils.java:logGet(44)) - raft.server.leaderelection.leader.step-down.wait-time = 10s (default)
2021-08-10 18:28:28,618 [pool-369-thread-1] INFO  server.RaftServerConfigKeys (ConfUtils.java:logGet(44)) - raft.server.sleep.deviation.threshold = 300ms (default)
2021-08-10 18:28:28,618 [pool-369-thread-1] INFO  server.RaftServerConfigKeys (ConfUtils.java:logGet(44)) - raft.server.log.appender.install.snapshot.enabled = false (custom)
2021-08-10 18:28:28,618 [pool-369-thread-1] INFO  server.RaftServer$Division (ServerState.java:<init>(105)) - 10120287-8d24-4050-8da6-9033ceeef397@group-48B17F817404: ConfigurationManager, init=-1: [10120287-8d24-4050-8da6-9033ceeef397|rpc:10.1.0.41:35929|priority:0, caaea685-ee27-477a-9895-fe9115308b21|rpc:10.1.0.41:46809|priority:0, f742b26a-fba2-4c03-ac3e-9dfa3325d7d9|rpc:10.1.0.41:34143|priority:1], old=null, confs=<EMPTY_MAP>
2021-08-10 18:28:28,618 [pool-369-thread-1] INFO  server.RaftServerConfigKeys (ConfUtils.java:logGet(44)) - raft.server.storage.dir = [/home/runner/work/ozone/ozone/hadoop-ozone/integration-test/target/test-dir/MiniOzoneClusterImpl-a05ed1eb-feab-4415-88a0-4de04f3f758c/datanode-0/data/ratis] (custom)
2021-08-10 18:28:28,618 [pool-369-thread-1] INFO  server.RaftServerConfigKeys (ConfUtils.java:logGet(44)) - raft.server.log.corruption.policy = EXCEPTION (default)
2021-08-10 18:28:28,618 [pool-369-thread-1] INFO  server.RaftServerConfigKeys (ConfUtils.java:logGet(44)) - raft.server.storage.free-space.min = 0MB (=0) (default)
2021-08-10 18:28:28,618 [pool-369-thread-1] INFO  storage.RaftStorageDirectory (RaftStorageDirectoryImpl.java:analyzeStorage(135)) - The storage directory /home/runner/work/ozone/ozone/hadoop-ozone/integration-test/target/test-dir/MiniOzoneClusterImpl-a05ed1eb-feab-4415-88a0-4de04f3f758c/datanode-0/data/ratis/568d6894-7e1d-4f35-8924-48b17f817404 does not exist. Creating ...
2021-08-10 18:28:28,619 [EventQueue-OpenPipelineForHealthyPipelineSafeModeRule] INFO  safemode.SCMSafeModeManager (HealthyPipelineSafeModeRule.java:process(124)) - SCM in safe mode. Healthy pipelines reported count is 0, required healthy pipeline reported count is 1
2021-08-10 18:28:28,620 [pool-369-thread-1] INFO  storage.RaftStorageDirectory (RaftStorageDirectoryImpl.java:tryLock(230)) - Lock on /home/runner/work/ozone/ozone/hadoop-ozone/integration-test/target/test-dir/MiniOzoneClusterImpl-a05ed1eb-feab-4415-88a0-4de04f3f758c/datanode-0/data/ratis/568d6894-7e1d-4f35-8924-48b17f817404/in_use.lock acquired by nodename 20908@fv-az291-953
2021-08-10 18:28:28,623 [pool-369-thread-1] INFO  storage.RaftStorage (RaftStorageImpl.java:format(89)) - Storage directory /home/runner/work/ozone/ozone/hadoop-ozone/integration-test/target/test-dir/MiniOzoneClusterImpl-a05ed1eb-feab-4415-88a0-4de04f3f758c/datanode-0/data/ratis/568d6894-7e1d-4f35-8924-48b17f817404 has been successfully formatted.
2021-08-10 18:28:28,623 [pool-369-thread-1] INFO  ratis.ContainerStateMachine (ContainerStateMachine.java:loadSnapshot(223)) - group-48B17F817404: The snapshot info is null. Setting the last applied indexto:(t:0, i:~)
2021-08-10 18:28:28,625 [EventQueue-OpenPipelineForHealthyPipelineSafeModeRule] INFO  safemode.SCMSafeModeManager (HealthyPipelineSafeModeRule.java:process(124)) - SCM in safe mode. Healthy pipelines reported count is 0, required healthy pipeline reported count is 1
2021-08-10 18:28:28,626 [pool-369-thread-1] INFO  server.RaftServerConfigKeys (ConfUtils.java:logGet(44)) - raft.server.notification.no-leader.timeout = 300s (custom)
2021-08-10 18:28:28,627 [pool-369-thread-1] INFO  server.RaftServerConfigKeys (ConfUtils.java:logGet(44)) - raft.server.log.use.memory = false (default)
2021-08-10 18:28:28,627 [pool-369-thread-1] INFO  server.RaftServerConfigKeys (ConfUtils.java:logGet(44)) - raft.server.log.purge.gap = 1000000 (custom)
2021-08-10 18:28:28,627 [pool-369-thread-1] INFO  server.RaftServerConfigKeys (ConfUtils.java:logGet(44)) - raft.server.log.appender.buffer.byte-limit = 33554432 (custom)
2021-08-10 18:28:28,623 [Datanode State Machine Thread - 0] WARN  statemachine.StateContext (StateContext.java:execute(621)) - No available thread in pool for past 1 seconds.
2021-08-10 18:28:28,630 [pool-369-thread-1] INFO  server.RaftServerConfigKeys (ConfUtils.java:logGet(44)) - raft.server.log.segment.size.max = 1048576 (custom)
2021-08-10 18:28:28,631 [pool-369-thread-1] INFO  server.RaftServerConfigKeys (ConfUtils.java:logGet(44)) - raft.server.log.segment.cache.num.max = 2 (custom)
2021-08-10 18:28:28,637 [pool-369-thread-1] INFO  server.RaftServerConfigKeys (ConfUtils.java:logGet(44)) - raft.server.log.segment.cache.size.max = 200MB (=209715200) (default)
2021-08-10 18:28:28,637 [pool-369-thread-1] INFO  segmented.SegmentedRaftLogWorker (SegmentedRaftLogWorker.java:<init>(182)) - new 10120287-8d24-4050-8da6-9033ceeef397@group-48B17F817404-SegmentedRaftLogWorker for RaftStorageImpl:Storage Directory /home/runner/work/ozone/ozone/hadoop-ozone/integration-test/target/test-dir/MiniOzoneClusterImpl-a05ed1eb-feab-4415-88a0-4de04f3f758c/datanode-0/data/ratis/568d6894-7e1d-4f35-8924-48b17f817404
2021-08-10 18:28:28,637 [pool-369-thread-1] INFO  server.RaftServerConfigKeys (ConfUtils.java:logGet(44)) - raft.server.log.queue.byte-limit = 2147483647 (custom)
2021-08-10 18:28:28,637 [pool-369-thread-1] INFO  server.RaftServerConfigKeys (ConfUtils.java:logGet(44)) - raft.server.log.queue.element-limit = 1024 (custom)
2021-08-10 18:28:28,637 [pool-369-thread-1] INFO  server.RaftServerConfigKeys (ConfUtils.java:logGet(44)) - raft.server.log.segment.size.max = 1048576 (custom)
2021-08-10 18:28:28,637 [pool-369-thread-1] INFO  server.RaftServerConfigKeys (ConfUtils.java:logGet(44)) - raft.server.log.preallocated.size = 16384 (custom)
2021-08-10 18:28:28,637 [pool-369-thread-1] INFO  server.RaftServerConfigKeys (ConfUtils.java:logGet(44)) - raft.server.log.force.sync.num = 128 (default)
2021-08-10 18:28:28,637 [pool-369-thread-1] INFO  server.RaftServerConfigKeys (ConfUtils.java:logGet(44)) - raft.server.log.statemachine.data.sync = true (default)
2021-08-10 18:28:28,637 [pool-369-thread-1] INFO  server.RaftServerConfigKeys (ConfUtils.java:logGet(44)) - raft.server.log.statemachine.data.sync.timeout = 10s (default)
2021-08-10 18:28:28,637 [pool-369-thread-1] INFO  server.RaftServerConfigKeys (ConfUtils.java:logGet(44)) - raft.server.log.statemachine.data.sync.timeout.retry = -1 (default)
2021-08-10 18:28:28,638 [pool-369-thread-1] INFO  server.RaftServerConfigKeys (ConfUtils.java:logGet(44)) - raft.server.log.write.buffer.size = 1048576 (custom)
2021-08-10 18:28:28,639 [pool-369-thread-1] INFO  server.RaftServerConfigKeys (ConfUtils.java:logGet(44)) - raft.server.log.statemachine.data.caching.enabled = true (custom)
2021-08-10 18:28:28,640 [pool-369-thread-1] INFO  segmented.SegmentedRaftLogWorker (SegmentedRaftLogWorker.java:lambda$new$0(133)) - 10120287-8d24-4050-8da6-9033ceeef397@group-48B17F817404-SegmentedRaftLogWorker: flushIndex: setUnconditionally 0 -> -1
2021-08-10 18:28:28,640 [pool-369-thread-1] INFO  segmented.SegmentedRaftLogWorker (SegmentedRaftLogWorker.java:lambda$new$0(133)) - 10120287-8d24-4050-8da6-9033ceeef397@group-48B17F817404-SegmentedRaftLogWorker: safeCacheEvictIndex: setUnconditionally 0 -> -1
2021-08-10 18:28:28,640 [pool-369-thread-1] INFO  server.RaftServerConfigKeys (ConfUtils.java:logGet(44)) - raft.server.snapshot.auto.trigger.enabled = true (custom)
2021-08-10 18:28:28,640 [pool-369-thread-1] INFO  server.RaftServerConfigKeys (ConfUtils.java:logGet(44)) - raft.server.snapshot.auto.trigger.threshold = 10000 (custom)
2021-08-10 18:28:28,640 [pool-369-thread-1] INFO  server.RaftServerConfigKeys (ConfUtils.java:logGet(44)) - raft.server.snapshot.retention.file.num = 5 (custom)
2021-08-10 18:28:28,640 [pool-369-thread-1] INFO  server.RaftServerConfigKeys (ConfUtils.java:logGet(44)) - raft.server.log.purge.upto.snapshot.index = false (default)
2021-08-10 18:28:28,640 [pool-369-thread-1] INFO  server.RaftServerConfigKeys (ConfUtils.java:logGet(44)) - raft.server.retrycache.expirytime = 600000ms (custom)
2021-08-10 18:28:28,640 [pool-369-thread-1] INFO  server.RaftServerConfigKeys (ConfUtils.java:logGet(44)) - raft.server.retrycache.statistics.expirytime = 100μs (default)
2021-08-10 18:28:28,641 [pool-369-thread-1] INFO  server.RaftServer$Division (RaftServerImpl.java:start(296)) - 10120287-8d24-4050-8da6-9033ceeef397@group-48B17F817404: start as a follower, conf=-1: [10120287-8d24-4050-8da6-9033ceeef397|rpc:10.1.0.41:35929|priority:0, caaea685-ee27-477a-9895-fe9115308b21|rpc:10.1.0.41:46809|priority:0, f742b26a-fba2-4c03-ac3e-9dfa3325d7d9|rpc:10.1.0.41:34143|priority:1], old=null
2021-08-10 18:28:28,641 [pool-369-thread-1] INFO  server.RaftServer$Division (RaftServerImpl.java:setRole(285)) - 10120287-8d24-4050-8da6-9033ceeef397@group-48B17F817404: changes role from      null to FOLLOWER at term 0 for startAsFollower
2021-08-10 18:28:28,642 [pool-369-thread-1] INFO  impl.RoleInfo (RoleInfo.java:updateAndGet(130)) - 10120287-8d24-4050-8da6-9033ceeef397: start 10120287-8d24-4050-8da6-9033ceeef397@group-48B17F817404-FollowerState
2021-08-10 18:28:28,642 [pool-369-thread-1] INFO  util.JmxRegister (JmxRegister.java:tryRegister(44)) - Successfully registered JMX Bean with object name Ratis:service=RaftServer,group=group-48B17F817404,id=10120287-8d24-4050-8da6-9033ceeef397
2021-08-10 18:28:28,642 [Command processor thread] INFO  ratis.XceiverServerRatis (XceiverServerRatis.java:addGroup(759)) - Created group PipelineID=568d6894-7e1d-4f35-8924-48b17f817404
2021-08-10 18:28:28,719 [grpc-default-executor-0] INFO  server.RaftServer (RaftServerProxy.java:addNew(95)) - f742b26a-fba2-4c03-ac3e-9dfa3325d7d9: addNew group-48B17F817404:[10120287-8d24-4050-8da6-9033ceeef397|rpc:10.1.0.41:35929|dataStream:|priority:0, caaea685-ee27-477a-9895-fe9115308b21|rpc:10.1.0.41:46809|dataStream:|priority:0, f742b26a-fba2-4c03-ac3e-9dfa3325d7d9|rpc:10.1.0.41:34143|dataStream:|priority:1] returns group-48B17F817404:java.util.concurrent.CompletableFuture@1701ab14[Not completed]
2021-08-10 18:28:28,721 [pool-388-thread-1] INFO  server.RaftServer$Division (RaftServerImpl.java:<init>(181)) - f742b26a-fba2-4c03-ac3e-9dfa3325d7d9: new RaftServerImpl for group-48B17F817404:[10120287-8d24-4050-8da6-9033ceeef397|rpc:10.1.0.41:35929|dataStream:|priority:0, caaea685-ee27-477a-9895-fe9115308b21|rpc:10.1.0.41:46809|dataStream:|priority:0, f742b26a-fba2-4c03-ac3e-9dfa3325d7d9|rpc:10.1.0.41:34143|dataStream:|priority:1] with ContainerStateMachine:uninitialized
2021-08-10 18:28:28,721 [pool-388-thread-1] INFO  server.RaftServerConfigKeys (ConfUtils.java:logGet(44)) - raft.server.rpc.timeout.min = 5s (custom)
2021-08-10 18:28:28,721 [pool-388-thread-1] INFO  server.RaftServerConfigKeys (ConfUtils.java:logGet(44)) - raft.server.rpc.timeout.max = 5200ms (custom)
2021-08-10 18:28:28,721 [pool-388-thread-1] INFO  server.RaftServerConfigKeys (ConfUtils.java:logGet(44)) - raft.server.rpc.sleep.time = 25ms (default)
2021-08-10 18:28:28,721 [pool-388-thread-1] INFO  server.RaftServerConfigKeys (ConfUtils.java:logGet(44)) - raft.server.rpc.slowness.timeout = 300s (custom)
2021-08-10 18:28:28,721 [pool-388-thread-1] INFO  server.RaftServerConfigKeys (ConfUtils.java:logGet(44)) - raft.server.leaderelection.leader.step-down.wait-time = 10s (default)
2021-08-10 18:28:28,721 [pool-388-thread-1] INFO  server.RaftServerConfigKeys (ConfUtils.java:logGet(44)) - raft.server.sleep.deviation.threshold = 300ms (default)
2021-08-10 18:28:28,721 [pool-388-thread-1] INFO  server.RaftServerConfigKeys (ConfUtils.java:logGet(44)) - raft.server.log.appender.install.snapshot.enabled = false (custom)
2021-08-10 18:28:28,721 [pool-388-thread-1] INFO  server.RaftServer$Division (ServerState.java:<init>(105)) - f742b26a-fba2-4c03-ac3e-9dfa3325d7d9@group-48B17F817404: ConfigurationManager, init=-1: [10120287-8d24-4050-8da6-9033ceeef397|rpc:10.1.0.41:35929|dataStream:|priority:0, caaea685-ee27-477a-9895-fe9115308b21|rpc:10.1.0.41:46809|dataStream:|priority:0, f742b26a-fba2-4c03-ac3e-9dfa3325d7d9|rpc:10.1.0.41:34143|dataStream:|priority:1], old=null, confs=<EMPTY_MAP>
2021-08-10 18:28:28,721 [pool-388-thread-1] INFO  server.RaftServerConfigKeys (ConfUtils.java:logGet(44)) - raft.server.storage.dir = [/home/runner/work/ozone/ozone/hadoop-ozone/integration-test/target/test-dir/MiniOzoneClusterImpl-a05ed1eb-feab-4415-88a0-4de04f3f758c/datanode-1/data/ratis] (custom)
2021-08-10 18:28:28,722 [pool-388-thread-1] INFO  server.RaftServerConfigKeys (ConfUtils.java:logGet(44)) - raft.server.log.corruption.policy = EXCEPTION (default)
2021-08-10 18:28:28,722 [pool-388-thread-1] INFO  server.RaftServerConfigKeys (ConfUtils.java:logGet(44)) - raft.server.storage.free-space.min = 0MB (=0) (default)
2021-08-10 18:28:28,722 [pool-388-thread-1] INFO  storage.RaftStorageDirectory (RaftStorageDirectoryImpl.java:analyzeStorage(135)) - The storage directory /home/runner/work/ozone/ozone/hadoop-ozone/integration-test/target/test-dir/MiniOzoneClusterImpl-a05ed1eb-feab-4415-88a0-4de04f3f758c/datanode-1/data/ratis/568d6894-7e1d-4f35-8924-48b17f817404 does not exist. Creating ...
2021-08-10 18:28:28,726 [pool-388-thread-1] INFO  storage.RaftStorageDirectory (RaftStorageDirectoryImpl.java:tryLock(230)) - Lock on /home/runner/work/ozone/ozone/hadoop-ozone/integration-test/target/test-dir/MiniOzoneClusterImpl-a05ed1eb-feab-4415-88a0-4de04f3f758c/datanode-1/data/ratis/568d6894-7e1d-4f35-8924-48b17f817404/in_use.lock acquired by nodename 20908@fv-az291-953
2021-08-10 18:28:28,729 [pool-388-thread-1] INFO  storage.RaftStorage (RaftStorageImpl.java:format(89)) - Storage directory /home/runner/work/ozone/ozone/hadoop-ozone/integration-test/target/test-dir/MiniOzoneClusterImpl-a05ed1eb-feab-4415-88a0-4de04f3f758c/datanode-1/data/ratis/568d6894-7e1d-4f35-8924-48b17f817404 has been successfully formatted.
2021-08-10 18:28:28,731 [pool-388-thread-1] INFO  ratis.ContainerStateMachine (ContainerStateMachine.java:loadSnapshot(223)) - group-48B17F817404: The snapshot info is null. Setting the last applied indexto:(t:0, i:~)
2021-08-10 18:28:28,731 [pool-388-thread-1] INFO  server.RaftServerConfigKeys (ConfUtils.java:logGet(44)) - raft.server.notification.no-leader.timeout = 300s (custom)
2021-08-10 18:28:28,731 [pool-388-thread-1] INFO  server.RaftServerConfigKeys (ConfUtils.java:logGet(44)) - raft.server.log.use.memory = false (default)
2021-08-10 18:28:28,731 [pool-388-thread-1] INFO  server.RaftServerConfigKeys (ConfUtils.java:logGet(44)) - raft.server.log.purge.gap = 1000000 (custom)
2021-08-10 18:28:28,731 [pool-388-thread-1] INFO  server.RaftServerConfigKeys (ConfUtils.java:logGet(44)) - raft.server.log.appender.buffer.byte-limit = 33554432 (custom)
2021-08-10 18:28:28,731 [pool-388-thread-1] INFO  server.RaftServerConfigKeys (ConfUtils.java:logGet(44)) - raft.server.log.segment.size.max = 1048576 (custom)
2021-08-10 18:28:28,732 [pool-388-thread-1] INFO  server.RaftServerConfigKeys (ConfUtils.java:logGet(44)) - raft.server.log.segment.cache.num.max = 2 (custom)
2021-08-10 18:28:28,736 [pool-388-thread-1] INFO  server.RaftServerConfigKeys (ConfUtils.java:logGet(44)) - raft.server.log.segment.cache.size.max = 200MB (=209715200) (default)
2021-08-10 18:28:28,736 [pool-388-thread-1] INFO  segmented.SegmentedRaftLogWorker (SegmentedRaftLogWorker.java:<init>(182)) - new f742b26a-fba2-4c03-ac3e-9dfa3325d7d9@group-48B17F817404-SegmentedRaftLogWorker for RaftStorageImpl:Storage Directory /home/runner/work/ozone/ozone/hadoop-ozone/integration-test/target/test-dir/MiniOzoneClusterImpl-a05ed1eb-feab-4415-88a0-4de04f3f758c/datanode-1/data/ratis/568d6894-7e1d-4f35-8924-48b17f817404
2021-08-10 18:28:28,736 [pool-388-thread-1] INFO  server.RaftServerConfigKeys (ConfUtils.java:logGet(44)) - raft.server.log.queue.byte-limit = 2147483647 (custom)
2021-08-10 18:28:28,736 [pool-388-thread-1] INFO  server.RaftServerConfigKeys (ConfUtils.java:logGet(44)) - raft.server.log.queue.element-limit = 1024 (custom)
2021-08-10 18:28:28,736 [pool-388-thread-1] INFO  server.RaftServerConfigKeys (ConfUtils.java:logGet(44)) - raft.server.log.segment.size.max = 1048576 (custom)
2021-08-10 18:28:28,737 [pool-388-thread-1] INFO  server.RaftServerConfigKeys (ConfUtils.java:logGet(44)) - raft.server.log.preallocated.size = 16384 (custom)
2021-08-10 18:28:28,737 [pool-388-thread-1] INFO  server.RaftServerConfigKeys (ConfUtils.java:logGet(44)) - raft.server.log.force.sync.num = 128 (default)
2021-08-10 18:28:28,737 [pool-388-thread-1] INFO  server.RaftServerConfigKeys (ConfUtils.java:logGet(44)) - raft.server.log.statemachine.data.sync = true (default)
2021-08-10 18:28:28,737 [pool-388-thread-1] INFO  server.RaftServerConfigKeys (ConfUtils.java:logGet(44)) - raft.server.log.statemachine.data.sync.timeout = 10s (default)
2021-08-10 18:28:28,737 [pool-388-thread-1] INFO  server.RaftServerConfigKeys (ConfUtils.java:logGet(44)) - raft.server.log.statemachine.data.sync.timeout.retry = -1 (default)
2021-08-10 18:28:28,738 [pool-388-thread-1] INFO  server.RaftServerConfigKeys (ConfUtils.java:logGet(44)) - raft.server.log.write.buffer.size = 1048576 (custom)
2021-08-10 18:28:28,739 [pool-388-thread-1] INFO  server.RaftServerConfigKeys (ConfUtils.java:logGet(44)) - raft.server.log.statemachine.data.caching.enabled = true (custom)
2021-08-10 18:28:28,740 [pool-388-thread-1] INFO  segmented.SegmentedRaftLogWorker (SegmentedRaftLogWorker.java:lambda$new$0(133)) - f742b26a-fba2-4c03-ac3e-9dfa3325d7d9@group-48B17F817404-SegmentedRaftLogWorker: flushIndex: setUnconditionally 0 -> -1
2021-08-10 18:28:28,740 [pool-388-thread-1] INFO  segmented.SegmentedRaftLogWorker (SegmentedRaftLogWorker.java:lambda$new$0(133)) - f742b26a-fba2-4c03-ac3e-9dfa3325d7d9@group-48B17F817404-SegmentedRaftLogWorker: safeCacheEvictIndex: setUnconditionally 0 -> -1
2021-08-10 18:28:28,740 [pool-388-thread-1] INFO  server.RaftServerConfigKeys (ConfUtils.java:logGet(44)) - raft.server.snapshot.auto.trigger.enabled = true (custom)
2021-08-10 18:28:28,740 [pool-388-thread-1] INFO  server.RaftServerConfigKeys (ConfUtils.java:logGet(44)) - raft.server.snapshot.auto.trigger.threshold = 10000 (custom)
2021-08-10 18:28:28,740 [pool-388-thread-1] INFO  server.RaftServerConfigKeys (ConfUtils.java:logGet(44)) - raft.server.snapshot.retention.file.num = 5 (custom)
2021-08-10 18:28:28,740 [pool-388-thread-1] INFO  server.RaftServerConfigKeys (ConfUtils.java:logGet(44)) - raft.server.log.purge.upto.snapshot.index = false (default)
2021-08-10 18:28:28,740 [pool-388-thread-1] INFO  server.RaftServerConfigKeys (ConfUtils.java:logGet(44)) - raft.server.retrycache.expirytime = 600000ms (custom)
2021-08-10 18:28:28,741 [pool-388-thread-1] INFO  server.RaftServerConfigKeys (ConfUtils.java:logGet(44)) - raft.server.retrycache.statistics.expirytime = 100μs (default)
2021-08-10 18:28:28,742 [pool-388-thread-1] INFO  server.RaftServer$Division (RaftServerImpl.java:start(296)) - f742b26a-fba2-4c03-ac3e-9dfa3325d7d9@group-48B17F817404: start as a follower, conf=-1: [10120287-8d24-4050-8da6-9033ceeef397|rpc:10.1.0.41:35929|dataStream:|priority:0, caaea685-ee27-477a-9895-fe9115308b21|rpc:10.1.0.41:46809|dataStream:|priority:0, f742b26a-fba2-4c03-ac3e-9dfa3325d7d9|rpc:10.1.0.41:34143|dataStream:|priority:1], old=null
2021-08-10 18:28:28,742 [pool-388-thread-1] INFO  server.RaftServer$Division (RaftServerImpl.java:setRole(285)) - f742b26a-fba2-4c03-ac3e-9dfa3325d7d9@group-48B17F817404: changes role from      null to FOLLOWER at term 0 for startAsFollower
2021-08-10 18:28:28,742 [pool-388-thread-1] INFO  impl.RoleInfo (RoleInfo.java:updateAndGet(130)) - f742b26a-fba2-4c03-ac3e-9dfa3325d7d9: start f742b26a-fba2-4c03-ac3e-9dfa3325d7d9@group-48B17F817404-FollowerState
2021-08-10 18:28:28,743 [pool-388-thread-1] INFO  util.JmxRegister (JmxRegister.java:tryRegister(44)) - Successfully registered JMX Bean with object name Ratis:service=RaftServer,group=group-48B17F817404,id=f742b26a-fba2-4c03-ac3e-9dfa3325d7d9
2021-08-10 18:28:28,815 [grpc-default-executor-0] INFO  server.RaftServer (RaftServerProxy.java:addNew(95)) - caaea685-ee27-477a-9895-fe9115308b21: addNew group-48B17F817404:[10120287-8d24-4050-8da6-9033ceeef397|rpc:10.1.0.41:35929|dataStream:|priority:0, caaea685-ee27-477a-9895-fe9115308b21|rpc:10.1.0.41:46809|dataStream:|priority:0, f742b26a-fba2-4c03-ac3e-9dfa3325d7d9|rpc:10.1.0.41:34143|dataStream:|priority:1] returns group-48B17F817404:java.util.concurrent.CompletableFuture@411b5ce2[Not completed]
2021-08-10 18:28:28,816 [pool-407-thread-1] INFO  server.RaftServer$Division (RaftServerImpl.java:<init>(181)) - caaea685-ee27-477a-9895-fe9115308b21: new RaftServerImpl for group-48B17F817404:[10120287-8d24-4050-8da6-9033ceeef397|rpc:10.1.0.41:35929|dataStream:|priority:0, caaea685-ee27-477a-9895-fe9115308b21|rpc:10.1.0.41:46809|dataStream:|priority:0, f742b26a-fba2-4c03-ac3e-9dfa3325d7d9|rpc:10.1.0.41:34143|dataStream:|priority:1] with ContainerStateMachine:uninitialized
2021-08-10 18:28:28,818 [pool-407-thread-1] INFO  server.RaftServerConfigKeys (ConfUtils.java:logGet(44)) - raft.server.rpc.timeout.min = 5s (custom)
2021-08-10 18:28:28,818 [pool-407-thread-1] INFO  server.RaftServerConfigKeys (ConfUtils.java:logGet(44)) - raft.server.rpc.timeout.max = 5200ms (custom)
2021-08-10 18:28:28,818 [pool-407-thread-1] INFO  server.RaftServerConfigKeys (ConfUtils.java:logGet(44)) - raft.server.rpc.sleep.time = 25ms (default)
2021-08-10 18:28:28,818 [pool-407-thread-1] INFO  server.RaftServerConfigKeys (ConfUtils.java:logGet(44)) - raft.server.rpc.slowness.timeout = 300s (custom)
2021-08-10 18:28:28,818 [pool-407-thread-1] INFO  server.RaftServerConfigKeys (ConfUtils.java:logGet(44)) - raft.server.leaderelection.leader.step-down.wait-time = 10s (default)
2021-08-10 18:28:28,818 [pool-407-thread-1] INFO  server.RaftServerConfigKeys (ConfUtils.java:logGet(44)) - raft.server.sleep.deviation.threshold = 300ms (default)
2021-08-10 18:28:28,818 [pool-407-thread-1] INFO  server.RaftServerConfigKeys (ConfUtils.java:logGet(44)) - raft.server.log.appender.install.snapshot.enabled = false (custom)
2021-08-10 18:28:28,819 [pool-407-thread-1] INFO  server.RaftServer$Division (ServerState.java:<init>(105)) - caaea685-ee27-477a-9895-fe9115308b21@group-48B17F817404: ConfigurationManager, init=-1: [10120287-8d24-4050-8da6-9033ceeef397|rpc:10.1.0.41:35929|dataStream:|priority:0, caaea685-ee27-477a-9895-fe9115308b21|rpc:10.1.0.41:46809|dataStream:|priority:0, f742b26a-fba2-4c03-ac3e-9dfa3325d7d9|rpc:10.1.0.41:34143|dataStream:|priority:1], old=null, confs=<EMPTY_MAP>
2021-08-10 18:28:28,819 [pool-407-thread-1] INFO  server.RaftServerConfigKeys (ConfUtils.java:logGet(44)) - raft.server.storage.dir = [/home/runner/work/ozone/ozone/hadoop-ozone/integration-test/target/test-dir/MiniOzoneClusterImpl-a05ed1eb-feab-4415-88a0-4de04f3f758c/datanode-2/data/ratis] (custom)
2021-08-10 18:28:28,819 [pool-407-thread-1] INFO  server.RaftServerConfigKeys (ConfUtils.java:logGet(44)) - raft.server.log.corruption.policy = EXCEPTION (default)
2021-08-10 18:28:28,819 [pool-407-thread-1] INFO  server.RaftServerConfigKeys (ConfUtils.java:logGet(44)) - raft.server.storage.free-space.min = 0MB (=0) (default)
2021-08-10 18:28:28,819 [pool-407-thread-1] INFO  storage.RaftStorageDirectory (RaftStorageDirectoryImpl.java:analyzeStorage(135)) - The storage directory /home/runner/work/ozone/ozone/hadoop-ozone/integration-test/target/test-dir/MiniOzoneClusterImpl-a05ed1eb-feab-4415-88a0-4de04f3f758c/datanode-2/data/ratis/568d6894-7e1d-4f35-8924-48b17f817404 does not exist. Creating ...
2021-08-10 18:28:28,825 [pool-407-thread-1] INFO  storage.RaftStorageDirectory (RaftStorageDirectoryImpl.java:tryLock(230)) - Lock on /home/runner/work/ozone/ozone/hadoop-ozone/integration-test/target/test-dir/MiniOzoneClusterImpl-a05ed1eb-feab-4415-88a0-4de04f3f758c/datanode-2/data/ratis/568d6894-7e1d-4f35-8924-48b17f817404/in_use.lock acquired by nodename 20908@fv-az291-953
2021-08-10 18:28:28,843 [pool-407-thread-1] INFO  storage.RaftStorage (RaftStorageImpl.java:format(89)) - Storage directory /home/runner/work/ozone/ozone/hadoop-ozone/integration-test/target/test-dir/MiniOzoneClusterImpl-a05ed1eb-feab-4415-88a0-4de04f3f758c/datanode-2/data/ratis/568d6894-7e1d-4f35-8924-48b17f817404 has been successfully formatted.
2021-08-10 18:28:28,844 [pool-407-thread-1] INFO  ratis.ContainerStateMachine (ContainerStateMachine.java:loadSnapshot(223)) - group-48B17F817404: The snapshot info is null. Setting the last applied indexto:(t:0, i:~)
2021-08-10 18:28:28,844 [pool-407-thread-1] INFO  server.RaftServerConfigKeys (ConfUtils.java:logGet(44)) - raft.server.notification.no-leader.timeout = 300s (custom)
2021-08-10 18:28:28,844 [pool-407-thread-1] INFO  server.RaftServerConfigKeys (ConfUtils.java:logGet(44)) - raft.server.log.use.memory = false (default)
2021-08-10 18:28:28,844 [pool-407-thread-1] INFO  server.RaftServerConfigKeys (ConfUtils.java:logGet(44)) - raft.server.log.purge.gap = 1000000 (custom)
2021-08-10 18:28:28,844 [pool-407-thread-1] INFO  server.RaftServerConfigKeys (ConfUtils.java:logGet(44)) - raft.server.log.appender.buffer.byte-limit = 33554432 (custom)
2021-08-10 18:28:28,844 [pool-407-thread-1] INFO  server.RaftServerConfigKeys (ConfUtils.java:logGet(44)) - raft.server.log.segment.size.max = 1048576 (custom)
2021-08-10 18:28:28,845 [pool-407-thread-1] INFO  server.RaftServerConfigKeys (ConfUtils.java:logGet(44)) - raft.server.log.segment.cache.num.max = 2 (custom)
2021-08-10 18:28:28,845 [pool-407-thread-1] INFO  server.RaftServerConfigKeys (ConfUtils.java:logGet(44)) - raft.server.log.segment.cache.size.max = 200MB (=209715200) (default)
2021-08-10 18:28:28,845 [pool-407-thread-1] INFO  segmented.SegmentedRaftLogWorker (SegmentedRaftLogWorker.java:<init>(182)) - new caaea685-ee27-477a-9895-fe9115308b21@group-48B17F817404-SegmentedRaftLogWorker for RaftStorageImpl:Storage Directory /home/runner/work/ozone/ozone/hadoop-ozone/integration-test/target/test-dir/MiniOzoneClusterImpl-a05ed1eb-feab-4415-88a0-4de04f3f758c/datanode-2/data/ratis/568d6894-7e1d-4f35-8924-48b17f817404
2021-08-10 18:28:28,845 [pool-407-thread-1] INFO  server.RaftServerConfigKeys (ConfUtils.java:logGet(44)) - raft.server.log.queue.byte-limit = 2147483647 (custom)
2021-08-10 18:28:28,845 [pool-407-thread-1] INFO  server.RaftServerConfigKeys (ConfUtils.java:logGet(44)) - raft.server.log.queue.element-limit = 1024 (custom)
2021-08-10 18:28:28,845 [pool-407-thread-1] INFO  server.RaftServerConfigKeys (ConfUtils.java:logGet(44)) - raft.server.log.segment.size.max = 1048576 (custom)
2021-08-10 18:28:28,845 [pool-407-thread-1] INFO  server.RaftServerConfigKeys (ConfUtils.java:logGet(44)) - raft.server.log.preallocated.size = 16384 (custom)
2021-08-10 18:28:28,845 [pool-407-thread-1] INFO  server.RaftServerConfigKeys (ConfUtils.java:logGet(44)) - raft.server.log.force.sync.num = 128 (default)
2021-08-10 18:28:28,846 [pool-407-thread-1] INFO  server.RaftServerConfigKeys (ConfUtils.java:logGet(44)) - raft.server.log.statemachine.data.sync = true (default)
2021-08-10 18:28:28,846 [pool-407-thread-1] INFO  server.RaftServerConfigKeys (ConfUtils.java:logGet(44)) - raft.server.log.statemachine.data.sync.timeout = 10s (default)
2021-08-10 18:28:28,846 [pool-407-thread-1] INFO  server.RaftServerConfigKeys (ConfUtils.java:logGet(44)) - raft.server.log.statemachine.data.sync.timeout.retry = -1 (default)
2021-08-10 18:28:28,847 [pool-407-thread-1] INFO  server.RaftServerConfigKeys (ConfUtils.java:logGet(44)) - raft.server.log.write.buffer.size = 1048576 (custom)
2021-08-10 18:28:28,847 [pool-407-thread-1] INFO  server.RaftServerConfigKeys (ConfUtils.java:logGet(44)) - raft.server.log.statemachine.data.caching.enabled = true (custom)
2021-08-10 18:28:28,849 [pool-407-thread-1] INFO  segmented.SegmentedRaftLogWorker (SegmentedRaftLogWorker.java:lambda$new$0(133)) - caaea685-ee27-477a-9895-fe9115308b21@group-48B17F817404-SegmentedRaftLogWorker: flushIndex: setUnconditionally 0 -> -1
2021-08-10 18:28:28,849 [pool-407-thread-1] INFO  segmented.SegmentedRaftLogWorker (SegmentedRaftLogWorker.java:lambda$new$0(133)) - caaea685-ee27-477a-9895-fe9115308b21@group-48B17F817404-SegmentedRaftLogWorker: safeCacheEvictIndex: setUnconditionally 0 -> -1
2021-08-10 18:28:28,849 [pool-407-thread-1] INFO  server.RaftServerConfigKeys (ConfUtils.java:logGet(44)) - raft.server.snapshot.auto.trigger.enabled = true (custom)
2021-08-10 18:28:28,849 [pool-407-thread-1] INFO  server.RaftServerConfigKeys (ConfUtils.java:logGet(44)) - raft.server.snapshot.auto.trigger.threshold = 10000 (custom)
2021-08-10 18:28:28,849 [pool-407-thread-1] INFO  server.RaftServerConfigKeys (ConfUtils.java:logGet(44)) - raft.server.snapshot.retention.file.num = 5 (custom)
2021-08-10 18:28:28,849 [pool-407-thread-1] INFO  server.RaftServerConfigKeys (ConfUtils.java:logGet(44)) - raft.server.log.purge.upto.snapshot.index = false (default)
2021-08-10 18:28:28,849 [pool-407-thread-1] INFO  server.RaftServerConfigKeys (ConfUtils.java:logGet(44)) - raft.server.retrycache.expirytime = 600000ms (custom)
2021-08-10 18:28:28,849 [pool-407-thread-1] INFO  server.RaftServerConfigKeys (ConfUtils.java:logGet(44)) - raft.server.retrycache.statistics.expirytime = 100μs (default)
2021-08-10 18:28:28,850 [pool-407-thread-1] INFO  server.RaftServer$Division (RaftServerImpl.java:start(296)) - caaea685-ee27-477a-9895-fe9115308b21@group-48B17F817404: start as a follower, conf=-1: [10120287-8d24-4050-8da6-9033ceeef397|rpc:10.1.0.41:35929|dataStream:|priority:0, caaea685-ee27-477a-9895-fe9115308b21|rpc:10.1.0.41:46809|dataStream:|priority:0, f742b26a-fba2-4c03-ac3e-9dfa3325d7d9|rpc:10.1.0.41:34143|dataStream:|priority:1], old=null
2021-08-10 18:28:28,850 [pool-407-thread-1] INFO  server.RaftServer$Division (RaftServerImpl.java:setRole(285)) - caaea685-ee27-477a-9895-fe9115308b21@group-48B17F817404: changes role from      null to FOLLOWER at term 0 for startAsFollower
2021-08-10 18:28:28,851 [pool-407-thread-1] INFO  impl.RoleInfo (RoleInfo.java:updateAndGet(130)) - caaea685-ee27-477a-9895-fe9115308b21: start caaea685-ee27-477a-9895-fe9115308b21@group-48B17F817404-FollowerState
2021-08-10 18:28:28,860 [pool-407-thread-1] INFO  util.JmxRegister (JmxRegister.java:tryRegister(44)) - Successfully registered JMX Bean with object name Ratis:service=RaftServer,group=group-48B17F817404,id=caaea685-ee27-477a-9895-fe9115308b21
2021-08-10 18:28:28,898 [Command processor thread] INFO  commandhandler.CreatePipelineCommandHandler (CreatePipelineCommandHandler.java:handle(106)) - Created Pipeline RATIS THREE PipelineID=568d6894-7e1d-4f35-8924-48b17f817404.
2021-08-10 18:28:28,899 [Command processor thread] INFO  server.RaftServer (RaftServerProxy.java:addNew(95)) - 10120287-8d24-4050-8da6-9033ceeef397: addNew group-C1C0CC0F09C0:[10120287-8d24-4050-8da6-9033ceeef397|rpc:10.1.0.41:35929|priority:0, caaea685-ee27-477a-9895-fe9115308b21|rpc:10.1.0.41:46809|priority:1, f742b26a-fba2-4c03-ac3e-9dfa3325d7d9|rpc:10.1.0.41:34143|priority:0] returns group-C1C0CC0F09C0:java.util.concurrent.CompletableFuture@74f1955e[Not completed]
2021-08-10 18:28:28,899 [pool-369-thread-1] INFO  server.RaftServer$Division (RaftServerImpl.java:<init>(181)) - 10120287-8d24-4050-8da6-9033ceeef397: new RaftServerImpl for group-C1C0CC0F09C0:[10120287-8d24-4050-8da6-9033ceeef397|rpc:10.1.0.41:35929|priority:0, caaea685-ee27-477a-9895-fe9115308b21|rpc:10.1.0.41:46809|priority:1, f742b26a-fba2-4c03-ac3e-9dfa3325d7d9|rpc:10.1.0.41:34143|priority:0] with ContainerStateMachine:uninitialized
2021-08-10 18:28:28,899 [pool-369-thread-1] INFO  server.RaftServerConfigKeys (ConfUtils.java:logGet(44)) - raft.server.rpc.timeout.min = 5s (custom)
2021-08-10 18:28:28,899 [pool-369-thread-1] INFO  server.RaftServerConfigKeys (ConfUtils.java:logGet(44)) - raft.server.rpc.timeout.max = 5200ms (custom)
2021-08-10 18:28:28,899 [pool-369-thread-1] INFO  server.RaftServerConfigKeys (ConfUtils.java:logGet(44)) - raft.server.rpc.sleep.time = 25ms (default)
2021-08-10 18:28:28,899 [pool-369-thread-1] INFO  server.RaftServerConfigKeys (ConfUtils.java:logGet(44)) - raft.server.rpc.slowness.timeout = 300s (custom)
2021-08-10 18:28:28,899 [pool-369-thread-1] INFO  server.RaftServerConfigKeys (ConfUtils.java:logGet(44)) - raft.server.leaderelection.leader.step-down.wait-time = 10s (default)
2021-08-10 18:28:28,899 [pool-369-thread-1] INFO  server.RaftServerConfigKeys (ConfUtils.java:logGet(44)) - raft.server.sleep.deviation.threshold = 300ms (default)
2021-08-10 18:28:28,900 [pool-369-thread-1] INFO  server.RaftServerConfigKeys (ConfUtils.java:logGet(44)) - raft.server.log.appender.install.snapshot.enabled = false (custom)
2021-08-10 18:28:28,900 [pool-369-thread-1] INFO  server.RaftServer$Division (ServerState.java:<init>(105)) - 10120287-8d24-4050-8da6-9033ceeef397@group-C1C0CC0F09C0: ConfigurationManager, init=-1: [10120287-8d24-4050-8da6-9033ceeef397|rpc:10.1.0.41:35929|priority:0, caaea685-ee27-477a-9895-fe9115308b21|rpc:10.1.0.41:46809|priority:1, f742b26a-fba2-4c03-ac3e-9dfa3325d7d9|rpc:10.1.0.41:34143|priority:0], old=null, confs=<EMPTY_MAP>
2021-08-10 18:28:28,900 [pool-369-thread-1] INFO  server.RaftServerConfigKeys (ConfUtils.java:logGet(44)) - raft.server.storage.dir = [/home/runner/work/ozone/ozone/hadoop-ozone/integration-test/target/test-dir/MiniOzoneClusterImpl-a05ed1eb-feab-4415-88a0-4de04f3f758c/datanode-0/data/ratis] (custom)
2021-08-10 18:28:28,900 [pool-369-thread-1] INFO  server.RaftServerConfigKeys (ConfUtils.java:logGet(44)) - raft.server.log.corruption.policy = EXCEPTION (default)
2021-08-10 18:28:28,900 [pool-369-thread-1] INFO  server.RaftServerConfigKeys (ConfUtils.java:logGet(44)) - raft.server.storage.free-space.min = 0MB (=0) (default)
2021-08-10 18:28:28,900 [pool-369-thread-1] INFO  storage.RaftStorageDirectory (RaftStorageDirectoryImpl.java:analyzeStorage(135)) - The storage directory /home/runner/work/ozone/ozone/hadoop-ozone/integration-test/target/test-dir/MiniOzoneClusterImpl-a05ed1eb-feab-4415-88a0-4de04f3f758c/datanode-0/data/ratis/6c79079c-5180-44ad-aa27-c1c0cc0f09c0 does not exist. Creating ...
2021-08-10 18:28:28,901 [pool-369-thread-1] INFO  storage.RaftStorageDirectory (RaftStorageDirectoryImpl.java:tryLock(230)) - Lock on /home/runner/work/ozone/ozone/hadoop-ozone/integration-test/target/test-dir/MiniOzoneClusterImpl-a05ed1eb-feab-4415-88a0-4de04f3f758c/datanode-0/data/ratis/6c79079c-5180-44ad-aa27-c1c0cc0f09c0/in_use.lock acquired by nodename 20908@fv-az291-953
2021-08-10 18:28:28,904 [pool-369-thread-1] INFO  storage.RaftStorage (RaftStorageImpl.java:format(89)) - Storage directory /home/runner/work/ozone/ozone/hadoop-ozone/integration-test/target/test-dir/MiniOzoneClusterImpl-a05ed1eb-feab-4415-88a0-4de04f3f758c/datanode-0/data/ratis/6c79079c-5180-44ad-aa27-c1c0cc0f09c0 has been successfully formatted.
2021-08-10 18:28:28,904 [pool-369-thread-1] INFO  ratis.ContainerStateMachine (ContainerStateMachine.java:loadSnapshot(223)) - group-C1C0CC0F09C0: The snapshot info is null. Setting the last applied indexto:(t:0, i:~)
2021-08-10 18:28:28,904 [pool-369-thread-1] INFO  server.RaftServerConfigKeys (ConfUtils.java:logGet(44)) - raft.server.notification.no-leader.timeout = 300s (custom)
2021-08-10 18:28:28,905 [pool-369-thread-1] INFO  server.RaftServerConfigKeys (ConfUtils.java:logGet(44)) - raft.server.log.use.memory = false (default)
2021-08-10 18:28:28,905 [pool-369-thread-1] INFO  server.RaftServerConfigKeys (ConfUtils.java:logGet(44)) - raft.server.log.purge.gap = 1000000 (custom)
2021-08-10 18:28:28,905 [pool-369-thread-1] INFO  server.RaftServerConfigKeys (ConfUtils.java:logGet(44)) - raft.server.log.appender.buffer.byte-limit = 33554432 (custom)
2021-08-10 18:28:28,904 [Datanode State Machine Thread - 0] WARN  statemachine.StateContext (StateContext.java:execute(621)) - No available thread in pool for past 1 seconds.
2021-08-10 18:28:28,906 [EventQueue-OpenPipelineForHealthyPipelineSafeModeRule] INFO  safemode.SCMSafeModeManager (HealthyPipelineSafeModeRule.java:process(124)) - SCM in safe mode. Healthy pipelines reported count is 0, required healthy pipeline reported count is 1
2021-08-10 18:28:28,906 [pool-369-thread-1] INFO  server.RaftServerConfigKeys (ConfUtils.java:logGet(44)) - raft.server.log.segment.size.max = 1048576 (custom)
2021-08-10 18:28:28,906 [pool-369-thread-1] INFO  server.RaftServerConfigKeys (ConfUtils.java:logGet(44)) - raft.server.log.segment.cache.num.max = 2 (custom)
2021-08-10 18:28:28,906 [pool-369-thread-1] INFO  server.RaftServerConfigKeys (ConfUtils.java:logGet(44)) - raft.server.log.segment.cache.size.max = 200MB (=209715200) (default)
2021-08-10 18:28:28,906 [pool-369-thread-1] INFO  segmented.SegmentedRaftLogWorker (SegmentedRaftLogWorker.java:<init>(182)) - new 10120287-8d24-4050-8da6-9033ceeef397@group-C1C0CC0F09C0-SegmentedRaftLogWorker for RaftStorageImpl:Storage Directory /home/runner/work/ozone/ozone/hadoop-ozone/integration-test/target/test-dir/MiniOzoneClusterImpl-a05ed1eb-feab-4415-88a0-4de04f3f758c/datanode-0/data/ratis/6c79079c-5180-44ad-aa27-c1c0cc0f09c0
2021-08-10 18:28:28,906 [pool-369-thread-1] INFO  server.RaftServerConfigKeys (ConfUtils.java:logGet(44)) - raft.server.log.queue.byte-limit = 2147483647 (custom)
2021-08-10 18:28:28,916 [pool-369-thread-1] INFO  server.RaftServerConfigKeys (ConfUtils.java:logGet(44)) - raft.server.log.queue.element-limit = 1024 (custom)
2021-08-10 18:28:28,916 [pool-369-thread-1] INFO  server.RaftServerConfigKeys (ConfUtils.java:logGet(44)) - raft.server.log.segment.size.max = 1048576 (custom)
2021-08-10 18:28:28,916 [pool-369-thread-1] INFO  server.RaftServerConfigKeys (ConfUtils.java:logGet(44)) - raft.server.log.preallocated.size = 16384 (custom)
2021-08-10 18:28:28,916 [pool-369-thread-1] INFO  server.RaftServerConfigKeys (ConfUtils.java:logGet(44)) - raft.server.log.force.sync.num = 128 (default)
2021-08-10 18:28:28,916 [pool-369-thread-1] INFO  server.RaftServerConfigKeys (ConfUtils.java:logGet(44)) - raft.server.log.statemachine.data.sync = true (default)
2021-08-10 18:28:28,916 [pool-369-thread-1] INFO  server.RaftServerConfigKeys (ConfUtils.java:logGet(44)) - raft.server.log.statemachine.data.sync.timeout = 10s (default)
2021-08-10 18:28:28,916 [pool-369-thread-1] INFO  server.RaftServerConfigKeys (ConfUtils.java:logGet(44)) - raft.server.log.statemachine.data.sync.timeout.retry = -1 (default)
2021-08-10 18:28:28,917 [pool-369-thread-1] INFO  server.RaftServerConfigKeys (ConfUtils.java:logGet(44)) - raft.server.log.write.buffer.size = 1048576 (custom)
2021-08-10 18:28:28,918 [pool-369-thread-1] INFO  server.RaftServerConfigKeys (ConfUtils.java:logGet(44)) - raft.server.log.statemachine.data.caching.enabled = true (custom)
2021-08-10 18:28:28,918 [pool-369-thread-1] INFO  segmented.SegmentedRaftLogWorker (SegmentedRaftLogWorker.java:lambda$new$0(133)) - 10120287-8d24-4050-8da6-9033ceeef397@group-C1C0CC0F09C0-SegmentedRaftLogWorker: flushIndex: setUnconditionally 0 -> -1
2021-08-10 18:28:28,918 [pool-369-thread-1] INFO  segmented.SegmentedRaftLogWorker (SegmentedRaftLogWorker.java:lambda$new$0(133)) - 10120287-8d24-4050-8da6-9033ceeef397@group-C1C0CC0F09C0-SegmentedRaftLogWorker: safeCacheEvictIndex: setUnconditionally 0 -> -1
2021-08-10 18:28:28,928 [pool-369-thread-1] INFO  server.RaftServerConfigKeys (ConfUtils.java:logGet(44)) - raft.server.snapshot.auto.trigger.enabled = true (custom)
2021-08-10 18:28:28,928 [pool-369-thread-1] INFO  server.RaftServerConfigKeys (ConfUtils.java:logGet(44)) - raft.server.snapshot.auto.trigger.threshold = 10000 (custom)
2021-08-10 18:28:28,928 [pool-369-thread-1] INFO  server.RaftServerConfigKeys (ConfUtils.java:logGet(44)) - raft.server.snapshot.retention.file.num = 5 (custom)
2021-08-10 18:28:28,929 [pool-369-thread-1] INFO  server.RaftServerConfigKeys (ConfUtils.java:logGet(44)) - raft.server.log.purge.upto.snapshot.index = false (default)
2021-08-10 18:28:28,929 [pool-369-thread-1] INFO  server.RaftServerConfigKeys (ConfUtils.java:logGet(44)) - raft.server.retrycache.expirytime = 600000ms (custom)
2021-08-10 18:28:28,929 [pool-369-thread-1] INFO  server.RaftServerConfigKeys (ConfUtils.java:logGet(44)) - raft.server.retrycache.statistics.expirytime = 100μs (default)
2021-08-10 18:28:28,930 [pool-369-thread-1] INFO  server.RaftServer$Division (RaftServerImpl.java:start(296)) - 10120287-8d24-4050-8da6-9033ceeef397@group-C1C0CC0F09C0: start as a follower, conf=-1: [10120287-8d24-4050-8da6-9033ceeef397|rpc:10.1.0.41:35929|priority:0, caaea685-ee27-477a-9895-fe9115308b21|rpc:10.1.0.41:46809|priority:1, f742b26a-fba2-4c03-ac3e-9dfa3325d7d9|rpc:10.1.0.41:34143|priority:0], old=null
2021-08-10 18:28:28,930 [pool-369-thread-1] INFO  server.RaftServer$Division (RaftServerImpl.java:setRole(285)) - 10120287-8d24-4050-8da6-9033ceeef397@group-C1C0CC0F09C0: changes role from      null to FOLLOWER at term 0 for startAsFollower
2021-08-10 18:28:28,930 [pool-369-thread-1] INFO  impl.RoleInfo (RoleInfo.java:updateAndGet(130)) - 10120287-8d24-4050-8da6-9033ceeef397: start 10120287-8d24-4050-8da6-9033ceeef397@group-C1C0CC0F09C0-FollowerState
2021-08-10 18:28:28,935 [pool-369-thread-1] INFO  util.JmxRegister (JmxRegister.java:tryRegister(44)) - Successfully registered JMX Bean with object name Ratis:service=RaftServer,group=group-C1C0CC0F09C0,id=10120287-8d24-4050-8da6-9033ceeef397
2021-08-10 18:28:28,939 [Command processor thread] INFO  ratis.XceiverServerRatis (XceiverServerRatis.java:addGroup(759)) - Created group PipelineID=6c79079c-5180-44ad-aa27-c1c0cc0f09c0
2021-08-10 18:28:28,968 [grpc-default-executor-0] INFO  server.RaftServer (RaftServerProxy.java:addNew(95)) - caaea685-ee27-477a-9895-fe9115308b21: addNew group-C1C0CC0F09C0:[10120287-8d24-4050-8da6-9033ceeef397|rpc:10.1.0.41:35929|dataStream:|priority:0, caaea685-ee27-477a-9895-fe9115308b21|rpc:10.1.0.41:46809|dataStream:|priority:1, f742b26a-fba2-4c03-ac3e-9dfa3325d7d9|rpc:10.1.0.41:34143|dataStream:|priority:0] returns group-C1C0CC0F09C0:java.util.concurrent.CompletableFuture@40eb33f6[Not completed]
2021-08-10 18:28:28,969 [pool-407-thread-1] INFO  server.RaftServer$Division (RaftServerImpl.java:<init>(181)) - caaea685-ee27-477a-9895-fe9115308b21: new RaftServerImpl for group-C1C0CC0F09C0:[10120287-8d24-4050-8da6-9033ceeef397|rpc:10.1.0.41:35929|dataStream:|priority:0, caaea685-ee27-477a-9895-fe9115308b21|rpc:10.1.0.41:46809|dataStream:|priority:1, f742b26a-fba2-4c03-ac3e-9dfa3325d7d9|rpc:10.1.0.41:34143|dataStream:|priority:0] with ContainerStateMachine:uninitialized
2021-08-10 18:28:28,969 [pool-407-thread-1] INFO  server.RaftServerConfigKeys (ConfUtils.java:logGet(44)) - raft.server.rpc.timeout.min = 5s (custom)
2021-08-10 18:28:28,969 [pool-407-thread-1] INFO  server.RaftServerConfigKeys (ConfUtils.java:logGet(44)) - raft.server.rpc.timeout.max = 5200ms (custom)
2021-08-10 18:28:28,969 [pool-407-thread-1] INFO  server.RaftServerConfigKeys (ConfUtils.java:logGet(44)) - raft.server.rpc.sleep.time = 25ms (default)
2021-08-10 18:28:28,969 [pool-407-thread-1] INFO  server.RaftServerConfigKeys (ConfUtils.java:logGet(44)) - raft.server.rpc.slowness.timeout = 300s (custom)
2021-08-10 18:28:28,969 [pool-407-thread-1] INFO  server.RaftServerConfigKeys (ConfUtils.java:logGet(44)) - raft.server.leaderelection.leader.step-down.wait-time = 10s (default)
2021-08-10 18:28:28,969 [pool-407-thread-1] INFO  server.RaftServerConfigKeys (ConfUtils.java:logGet(44)) - raft.server.sleep.deviation.threshold = 300ms (default)
2021-08-10 18:28:28,969 [pool-407-thread-1] INFO  server.RaftServerConfigKeys (ConfUtils.java:logGet(44)) - raft.server.log.appender.install.snapshot.enabled = false (custom)
2021-08-10 18:28:28,969 [pool-407-thread-1] INFO  server.RaftServer$Division (ServerState.java:<init>(105)) - caaea685-ee27-477a-9895-fe9115308b21@group-C1C0CC0F09C0: ConfigurationManager, init=-1: [10120287-8d24-4050-8da6-9033ceeef397|rpc:10.1.0.41:35929|dataStream:|priority:0, caaea685-ee27-477a-9895-fe9115308b21|rpc:10.1.0.41:46809|dataStream:|priority:1, f742b26a-fba2-4c03-ac3e-9dfa3325d7d9|rpc:10.1.0.41:34143|dataStream:|priority:0], old=null, confs=<EMPTY_MAP>
2021-08-10 18:28:28,969 [pool-407-thread-1] INFO  server.RaftServerConfigKeys (ConfUtils.java:logGet(44)) - raft.server.storage.dir = [/home/runner/work/ozone/ozone/hadoop-ozone/integration-test/target/test-dir/MiniOzoneClusterImpl-a05ed1eb-feab-4415-88a0-4de04f3f758c/datanode-2/data/ratis] (custom)
2021-08-10 18:28:28,969 [pool-407-thread-1] INFO  server.RaftServerConfigKeys (ConfUtils.java:logGet(44)) - raft.server.log.corruption.policy = EXCEPTION (default)
2021-08-10 18:28:28,969 [pool-407-thread-1] INFO  server.RaftServerConfigKeys (ConfUtils.java:logGet(44)) - raft.server.storage.free-space.min = 0MB (=0) (default)
2021-08-10 18:28:28,970 [pool-407-thread-1] INFO  storage.RaftStorageDirectory (RaftStorageDirectoryImpl.java:analyzeStorage(135)) - The storage directory /home/runner/work/ozone/ozone/hadoop-ozone/integration-test/target/test-dir/MiniOzoneClusterImpl-a05ed1eb-feab-4415-88a0-4de04f3f758c/datanode-2/data/ratis/6c79079c-5180-44ad-aa27-c1c0cc0f09c0 does not exist. Creating ...
2021-08-10 18:28:28,971 [pool-407-thread-1] INFO  storage.RaftStorageDirectory (RaftStorageDirectoryImpl.java:tryLock(230)) - Lock on /home/runner/work/ozone/ozone/hadoop-ozone/integration-test/target/test-dir/MiniOzoneClusterImpl-a05ed1eb-feab-4415-88a0-4de04f3f758c/datanode-2/data/ratis/6c79079c-5180-44ad-aa27-c1c0cc0f09c0/in_use.lock acquired by nodename 20908@fv-az291-953
2021-08-10 18:28:28,981 [pool-407-thread-1] INFO  storage.RaftStorage (RaftStorageImpl.java:format(89)) - Storage directory /home/runner/work/ozone/ozone/hadoop-ozone/integration-test/target/test-dir/MiniOzoneClusterImpl-a05ed1eb-feab-4415-88a0-4de04f3f758c/datanode-2/data/ratis/6c79079c-5180-44ad-aa27-c1c0cc0f09c0 has been successfully formatted.
2021-08-10 18:28:28,982 [Datanode State Machine Thread - 0] WARN  statemachine.StateContext (StateContext.java:execute(621)) - No available thread in pool for past 1 seconds.
2021-08-10 18:28:28,982 [pool-407-thread-1] INFO  ratis.ContainerStateMachine (ContainerStateMachine.java:loadSnapshot(223)) - group-C1C0CC0F09C0: The snapshot info is null. Setting the last applied indexto:(t:0, i:~)
2021-08-10 18:28:28,983 [pool-407-thread-1] INFO  server.RaftServerConfigKeys (ConfUtils.java:logGet(44)) - raft.server.notification.no-leader.timeout = 300s (custom)
2021-08-10 18:28:28,983 [pool-407-thread-1] INFO  server.RaftServerConfigKeys (ConfUtils.java:logGet(44)) - raft.server.log.use.memory = false (default)
2021-08-10 18:28:28,983 [pool-407-thread-1] INFO  server.RaftServerConfigKeys (ConfUtils.java:logGet(44)) - raft.server.log.purge.gap = 1000000 (custom)
2021-08-10 18:28:28,983 [pool-407-thread-1] INFO  server.RaftServerConfigKeys (ConfUtils.java:logGet(44)) - raft.server.log.appender.buffer.byte-limit = 33554432 (custom)
2021-08-10 18:28:28,983 [pool-407-thread-1] INFO  server.RaftServerConfigKeys (ConfUtils.java:logGet(44)) - raft.server.log.segment.size.max = 1048576 (custom)
2021-08-10 18:28:28,983 [pool-407-thread-1] INFO  server.RaftServerConfigKeys (ConfUtils.java:logGet(44)) - raft.server.log.segment.cache.num.max = 2 (custom)
2021-08-10 18:28:28,984 [pool-407-thread-1] INFO  server.RaftServerConfigKeys (ConfUtils.java:logGet(44)) - raft.server.log.segment.cache.size.max = 200MB (=209715200) (default)
2021-08-10 18:28:28,984 [pool-407-thread-1] INFO  segmented.SegmentedRaftLogWorker (SegmentedRaftLogWorker.java:<init>(182)) - new caaea685-ee27-477a-9895-fe9115308b21@group-C1C0CC0F09C0-SegmentedRaftLogWorker for RaftStorageImpl:Storage Directory /home/runner/work/ozone/ozone/hadoop-ozone/integration-test/target/test-dir/MiniOzoneClusterImpl-a05ed1eb-feab-4415-88a0-4de04f3f758c/datanode-2/data/ratis/6c79079c-5180-44ad-aa27-c1c0cc0f09c0
2021-08-10 18:28:28,984 [pool-407-thread-1] INFO  server.RaftServerConfigKeys (ConfUtils.java:logGet(44)) - raft.server.log.queue.byte-limit = 2147483647 (custom)
2021-08-10 18:28:28,984 [pool-407-thread-1] INFO  server.RaftServerConfigKeys (ConfUtils.java:logGet(44)) - raft.server.log.queue.element-limit = 1024 (custom)
2021-08-10 18:28:28,984 [pool-407-thread-1] INFO  server.RaftServerConfigKeys (ConfUtils.java:logGet(44)) - raft.server.log.segment.size.max = 1048576 (custom)
2021-08-10 18:28:28,984 [pool-407-thread-1] INFO  server.RaftServerConfigKeys (ConfUtils.java:logGet(44)) - raft.server.log.preallocated.size = 16384 (custom)
2021-08-10 18:28:28,984 [pool-407-thread-1] INFO  server.RaftServerConfigKeys (ConfUtils.java:logGet(44)) - raft.server.log.force.sync.num = 128 (default)
2021-08-10 18:28:28,984 [pool-407-thread-1] INFO  server.RaftServerConfigKeys (ConfUtils.java:logGet(44)) - raft.server.log.statemachine.data.sync = true (default)
2021-08-10 18:28:28,984 [pool-407-thread-1] INFO  server.RaftServerConfigKeys (ConfUtils.java:logGet(44)) - raft.server.log.statemachine.data.sync.timeout = 10s (default)
2021-08-10 18:28:28,984 [pool-407-thread-1] INFO  server.RaftServerConfigKeys (ConfUtils.java:logGet(44)) - raft.server.log.statemachine.data.sync.timeout.retry = -1 (default)
2021-08-10 18:28:28,985 [pool-407-thread-1] INFO  server.RaftServerConfigKeys (ConfUtils.java:logGet(44)) - raft.server.log.write.buffer.size = 1048576 (custom)
2021-08-10 18:28:28,988 [pool-407-thread-1] INFO  server.RaftServerConfigKeys (ConfUtils.java:logGet(44)) - raft.server.log.statemachine.data.caching.enabled = true (custom)
2021-08-10 18:28:28,988 [pool-407-thread-1] INFO  segmented.SegmentedRaftLogWorker (SegmentedRaftLogWorker.java:lambda$new$0(133)) - caaea685-ee27-477a-9895-fe9115308b21@group-C1C0CC0F09C0-SegmentedRaftLogWorker: flushIndex: setUnconditionally 0 -> -1
2021-08-10 18:28:28,988 [pool-407-thread-1] INFO  segmented.SegmentedRaftLogWorker (SegmentedRaftLogWorker.java:lambda$new$0(133)) - caaea685-ee27-477a-9895-fe9115308b21@group-C1C0CC0F09C0-SegmentedRaftLogWorker: safeCacheEvictIndex: setUnconditionally 0 -> -1
2021-08-10 18:28:29,000 [pool-407-thread-1] INFO  server.RaftServerConfigKeys (ConfUtils.java:logGet(44)) - raft.server.snapshot.auto.trigger.enabled = true (custom)
2021-08-10 18:28:29,001 [pool-407-thread-1] INFO  server.RaftServerConfigKeys (ConfUtils.java:logGet(44)) - raft.server.snapshot.auto.trigger.threshold = 10000 (custom)
2021-08-10 18:28:29,001 [pool-407-thread-1] INFO  server.RaftServerConfigKeys (ConfUtils.java:logGet(44)) - raft.server.snapshot.retention.file.num = 5 (custom)
2021-08-10 18:28:29,001 [pool-407-thread-1] INFO  server.RaftServerConfigKeys (ConfUtils.java:logGet(44)) - raft.server.log.purge.upto.snapshot.index = false (default)
2021-08-10 18:28:29,001 [pool-407-thread-1] INFO  server.RaftServerConfigKeys (ConfUtils.java:logGet(44)) - raft.server.retrycache.expirytime = 600000ms (custom)
2021-08-10 18:28:29,001 [pool-407-thread-1] INFO  server.RaftServerConfigKeys (ConfUtils.java:logGet(44)) - raft.server.retrycache.statistics.expirytime = 100μs (default)
2021-08-10 18:28:29,002 [pool-407-thread-1] INFO  server.RaftServer$Division (RaftServerImpl.java:start(296)) - caaea685-ee27-477a-9895-fe9115308b21@group-C1C0CC0F09C0: start as a follower, conf=-1: [10120287-8d24-4050-8da6-9033ceeef397|rpc:10.1.0.41:35929|dataStream:|priority:0, caaea685-ee27-477a-9895-fe9115308b21|rpc:10.1.0.41:46809|dataStream:|priority:1, f742b26a-fba2-4c03-ac3e-9dfa3325d7d9|rpc:10.1.0.41:34143|dataStream:|priority:0], old=null
2021-08-10 18:28:29,002 [pool-407-thread-1] INFO  server.RaftServer$Division (RaftServerImpl.java:setRole(285)) - caaea685-ee27-477a-9895-fe9115308b21@group-C1C0CC0F09C0: changes role from      null to FOLLOWER at term 0 for startAsFollower
2021-08-10 18:28:29,002 [pool-407-thread-1] INFO  impl.RoleInfo (RoleInfo.java:updateAndGet(130)) - caaea685-ee27-477a-9895-fe9115308b21: start caaea685-ee27-477a-9895-fe9115308b21@group-C1C0CC0F09C0-FollowerState
2021-08-10 18:28:29,004 [pool-407-thread-1] INFO  util.JmxRegister (JmxRegister.java:tryRegister(44)) - Successfully registered JMX Bean with object name Ratis:service=RaftServer,group=group-C1C0CC0F09C0,id=caaea685-ee27-477a-9895-fe9115308b21
2021-08-10 18:28:29,055 [grpc-default-executor-0] INFO  server.RaftServer (RaftServerProxy.java:addNew(95)) - f742b26a-fba2-4c03-ac3e-9dfa3325d7d9: addNew group-C1C0CC0F09C0:[10120287-8d24-4050-8da6-9033ceeef397|rpc:10.1.0.41:35929|dataStream:|priority:0, caaea685-ee27-477a-9895-fe9115308b21|rpc:10.1.0.41:46809|dataStream:|priority:1, f742b26a-fba2-4c03-ac3e-9dfa3325d7d9|rpc:10.1.0.41:34143|dataStream:|priority:0] returns group-C1C0CC0F09C0:java.util.concurrent.CompletableFuture@5abaaabd[Not completed]
2021-08-10 18:28:29,056 [pool-388-thread-1] INFO  server.RaftServer$Division (RaftServerImpl.java:<init>(181)) - f742b26a-fba2-4c03-ac3e-9dfa3325d7d9: new RaftServerImpl for group-C1C0CC0F09C0:[10120287-8d24-4050-8da6-9033ceeef397|rpc:10.1.0.41:35929|dataStream:|priority:0, caaea685-ee27-477a-9895-fe9115308b21|rpc:10.1.0.41:46809|dataStream:|priority:1, f742b26a-fba2-4c03-ac3e-9dfa3325d7d9|rpc:10.1.0.41:34143|dataStream:|priority:0] with ContainerStateMachine:uninitialized
2021-08-10 18:28:29,056 [pool-388-thread-1] INFO  server.RaftServerConfigKeys (ConfUtils.java:logGet(44)) - raft.server.rpc.timeout.min = 5s (custom)
2021-08-10 18:28:29,056 [pool-388-thread-1] INFO  server.RaftServerConfigKeys (ConfUtils.java:logGet(44)) - raft.server.rpc.timeout.max = 5200ms (custom)
2021-08-10 18:28:29,056 [pool-388-thread-1] INFO  server.RaftServerConfigKeys (ConfUtils.java:logGet(44)) - raft.server.rpc.sleep.time = 25ms (default)
2021-08-10 18:28:29,056 [pool-388-thread-1] INFO  server.RaftServerConfigKeys (ConfUtils.java:logGet(44)) - raft.server.rpc.slowness.timeout = 300s (custom)
2021-08-10 18:28:29,056 [pool-388-thread-1] INFO  server.RaftServerConfigKeys (ConfUtils.java:logGet(44)) - raft.server.leaderelection.leader.step-down.wait-time = 10s (default)
2021-08-10 18:28:29,056 [pool-388-thread-1] INFO  server.RaftServerConfigKeys (ConfUtils.java:logGet(44)) - raft.server.sleep.deviation.threshold = 300ms (default)
2021-08-10 18:28:29,056 [pool-388-thread-1] INFO  server.RaftServerConfigKeys (ConfUtils.java:logGet(44)) - raft.server.log.appender.install.snapshot.enabled = false (custom)
2021-08-10 18:28:29,056 [pool-388-thread-1] INFO  server.RaftServer$Division (ServerState.java:<init>(105)) - f742b26a-fba2-4c03-ac3e-9dfa3325d7d9@group-C1C0CC0F09C0: ConfigurationManager, init=-1: [10120287-8d24-4050-8da6-9033ceeef397|rpc:10.1.0.41:35929|dataStream:|priority:0, caaea685-ee27-477a-9895-fe9115308b21|rpc:10.1.0.41:46809|dataStream:|priority:1, f742b26a-fba2-4c03-ac3e-9dfa3325d7d9|rpc:10.1.0.41:34143|dataStream:|priority:0], old=null, confs=<EMPTY_MAP>
2021-08-10 18:28:29,056 [pool-388-thread-1] INFO  server.RaftServerConfigKeys (ConfUtils.java:logGet(44)) - raft.server.storage.dir = [/home/runner/work/ozone/ozone/hadoop-ozone/integration-test/target/test-dir/MiniOzoneClusterImpl-a05ed1eb-feab-4415-88a0-4de04f3f758c/datanode-1/data/ratis] (custom)
2021-08-10 18:28:29,056 [pool-388-thread-1] INFO  server.RaftServerConfigKeys (ConfUtils.java:logGet(44)) - raft.server.log.corruption.policy = EXCEPTION (default)
2021-08-10 18:28:29,056 [pool-388-thread-1] INFO  server.RaftServerConfigKeys (ConfUtils.java:logGet(44)) - raft.server.storage.free-space.min = 0MB (=0) (default)
2021-08-10 18:28:29,057 [pool-388-thread-1] INFO  storage.RaftStorageDirectory (RaftStorageDirectoryImpl.java:analyzeStorage(135)) - The storage directory /home/runner/work/ozone/ozone/hadoop-ozone/integration-test/target/test-dir/MiniOzoneClusterImpl-a05ed1eb-feab-4415-88a0-4de04f3f758c/datanode-1/data/ratis/6c79079c-5180-44ad-aa27-c1c0cc0f09c0 does not exist. Creating ...
2021-08-10 18:28:29,060 [pool-388-thread-1] INFO  storage.RaftStorageDirectory (RaftStorageDirectoryImpl.java:tryLock(230)) - Lock on /home/runner/work/ozone/ozone/hadoop-ozone/integration-test/target/test-dir/MiniOzoneClusterImpl-a05ed1eb-feab-4415-88a0-4de04f3f758c/datanode-1/data/ratis/6c79079c-5180-44ad-aa27-c1c0cc0f09c0/in_use.lock acquired by nodename 20908@fv-az291-953
2021-08-10 18:28:29,061 [pool-388-thread-1] INFO  storage.RaftStorage (RaftStorageImpl.java:format(89)) - Storage directory /home/runner/work/ozone/ozone/hadoop-ozone/integration-test/target/test-dir/MiniOzoneClusterImpl-a05ed1eb-feab-4415-88a0-4de04f3f758c/datanode-1/data/ratis/6c79079c-5180-44ad-aa27-c1c0cc0f09c0 has been successfully formatted.
2021-08-10 18:28:29,063 [pool-388-thread-1] INFO  ratis.ContainerStateMachine (ContainerStateMachine.java:loadSnapshot(223)) - group-C1C0CC0F09C0: The snapshot info is null. Setting the last applied indexto:(t:0, i:~)
2021-08-10 18:28:29,070 [Command processor thread] INFO  server.RaftServer (RaftServerProxy.java:addNew(95)) - f742b26a-fba2-4c03-ac3e-9dfa3325d7d9: addNew group-31F9EA2E53B8:[f742b26a-fba2-4c03-ac3e-9dfa3325d7d9|rpc:10.1.0.41:34143|priority:1] returns group-31F9EA2E53B8:java.util.concurrent.CompletableFuture@189f47b5[Not completed]
2021-08-10 18:28:29,076 [pool-388-thread-1] INFO  server.RaftServerConfigKeys (ConfUtils.java:logGet(44)) - raft.server.notification.no-leader.timeout = 300s (custom)
2021-08-10 18:28:29,076 [pool-388-thread-1] INFO  server.RaftServerConfigKeys (ConfUtils.java:logGet(44)) - raft.server.log.use.memory = false (default)
2021-08-10 18:28:29,076 [Datanode State Machine Thread - 0] WARN  statemachine.StateContext (StateContext.java:execute(621)) - No available thread in pool for past 1 seconds.
2021-08-10 18:28:29,076 [pool-388-thread-1] INFO  server.RaftServerConfigKeys (ConfUtils.java:logGet(44)) - raft.server.log.purge.gap = 1000000 (custom)
2021-08-10 18:28:29,076 [pool-388-thread-1] INFO  server.RaftServerConfigKeys (ConfUtils.java:logGet(44)) - raft.server.log.appender.buffer.byte-limit = 33554432 (custom)
2021-08-10 18:28:29,077 [pool-388-thread-1] INFO  server.RaftServerConfigKeys (ConfUtils.java:logGet(44)) - raft.server.log.segment.size.max = 1048576 (custom)
2021-08-10 18:28:29,077 [pool-388-thread-1] INFO  server.RaftServerConfigKeys (ConfUtils.java:logGet(44)) - raft.server.log.segment.cache.num.max = 2 (custom)
2021-08-10 18:28:29,077 [pool-388-thread-1] INFO  server.RaftServerConfigKeys (ConfUtils.java:logGet(44)) - raft.server.log.segment.cache.size.max = 200MB (=209715200) (default)
2021-08-10 18:28:29,077 [pool-388-thread-1] INFO  segmented.SegmentedRaftLogWorker (SegmentedRaftLogWorker.java:<init>(182)) - new f742b26a-fba2-4c03-ac3e-9dfa3325d7d9@group-C1C0CC0F09C0-SegmentedRaftLogWorker for RaftStorageImpl:Storage Directory /home/runner/work/ozone/ozone/hadoop-ozone/integration-test/target/test-dir/MiniOzoneClusterImpl-a05ed1eb-feab-4415-88a0-4de04f3f758c/datanode-1/data/ratis/6c79079c-5180-44ad-aa27-c1c0cc0f09c0
2021-08-10 18:28:29,077 [pool-388-thread-1] INFO  server.RaftServerConfigKeys (ConfUtils.java:logGet(44)) - raft.server.log.queue.byte-limit = 2147483647 (custom)
2021-08-10 18:28:29,077 [pool-388-thread-1] INFO  server.RaftServerConfigKeys (ConfUtils.java:logGet(44)) - raft.server.log.queue.element-limit = 1024 (custom)
2021-08-10 18:28:29,077 [pool-388-thread-1] INFO  server.RaftServerConfigKeys (ConfUtils.java:logGet(44)) - raft.server.log.segment.size.max = 1048576 (custom)
2021-08-10 18:28:29,077 [pool-388-thread-1] INFO  server.RaftServerConfigKeys (ConfUtils.java:logGet(44)) - raft.server.log.preallocated.size = 16384 (custom)
2021-08-10 18:28:29,077 [pool-388-thread-1] INFO  server.RaftServerConfigKeys (ConfUtils.java:logGet(44)) - raft.server.log.force.sync.num = 128 (default)
2021-08-10 18:28:29,077 [pool-388-thread-1] INFO  server.RaftServerConfigKeys (ConfUtils.java:logGet(44)) - raft.server.log.statemachine.data.sync = true (default)
2021-08-10 18:28:29,078 [pool-388-thread-1] INFO  server.RaftServerConfigKeys (ConfUtils.java:logGet(44)) - raft.server.log.statemachine.data.sync.timeout = 10s (default)
2021-08-10 18:28:29,078 [pool-388-thread-1] INFO  server.RaftServerConfigKeys (ConfUtils.java:logGet(44)) - raft.server.log.statemachine.data.sync.timeout.retry = -1 (default)
2021-08-10 18:28:29,078 [pool-388-thread-1] INFO  server.RaftServerConfigKeys (ConfUtils.java:logGet(44)) - raft.server.log.write.buffer.size = 1048576 (custom)
2021-08-10 18:28:29,079 [pool-388-thread-1] INFO  server.RaftServerConfigKeys (ConfUtils.java:logGet(44)) - raft.server.log.statemachine.data.caching.enabled = true (custom)
2021-08-10 18:28:29,079 [pool-388-thread-1] INFO  segmented.SegmentedRaftLogWorker (SegmentedRaftLogWorker.java:lambda$new$0(133)) - f742b26a-fba2-4c03-ac3e-9dfa3325d7d9@group-C1C0CC0F09C0-SegmentedRaftLogWorker: flushIndex: setUnconditionally 0 -> -1
2021-08-10 18:28:29,079 [pool-388-thread-1] INFO  segmented.SegmentedRaftLogWorker (SegmentedRaftLogWorker.java:lambda$new$0(133)) - f742b26a-fba2-4c03-ac3e-9dfa3325d7d9@group-C1C0CC0F09C0-SegmentedRaftLogWorker: safeCacheEvictIndex: setUnconditionally 0 -> -1
2021-08-10 18:28:29,082 [pool-388-thread-1] INFO  server.RaftServerConfigKeys (ConfUtils.java:logGet(44)) - raft.server.snapshot.auto.trigger.enabled = true (custom)
2021-08-10 18:28:29,082 [pool-388-thread-1] INFO  server.RaftServerConfigKeys (ConfUtils.java:logGet(44)) - raft.server.snapshot.auto.trigger.threshold = 10000 (custom)
2021-08-10 18:28:29,082 [pool-388-thread-1] INFO  server.RaftServerConfigKeys (ConfUtils.java:logGet(44)) - raft.server.snapshot.retention.file.num = 5 (custom)
2021-08-10 18:28:29,082 [pool-388-thread-1] INFO  server.RaftServerConfigKeys (ConfUtils.java:logGet(44)) - raft.server.log.purge.upto.snapshot.index = false (default)
2021-08-10 18:28:29,083 [pool-388-thread-1] INFO  server.RaftServerConfigKeys (ConfUtils.java:logGet(44)) - raft.server.retrycache.expirytime = 600000ms (custom)
2021-08-10 18:28:29,083 [pool-388-thread-1] INFO  server.RaftServerConfigKeys (ConfUtils.java:logGet(44)) - raft.server.retrycache.statistics.expirytime = 100μs (default)
2021-08-10 18:28:29,084 [pool-388-thread-1] INFO  server.RaftServer$Division (RaftServerImpl.java:<init>(181)) - f742b26a-fba2-4c03-ac3e-9dfa3325d7d9: new RaftServerImpl for group-31F9EA2E53B8:[f742b26a-fba2-4c03-ac3e-9dfa3325d7d9|rpc:10.1.0.41:34143|priority:1] with ContainerStateMachine:uninitialized
2021-08-10 18:28:29,084 [pool-388-thread-1] INFO  server.RaftServerConfigKeys (ConfUtils.java:logGet(44)) - raft.server.rpc.timeout.min = 5s (custom)
2021-08-10 18:28:29,084 [pool-388-thread-1] INFO  server.RaftServerConfigKeys (ConfUtils.java:logGet(44)) - raft.server.rpc.timeout.max = 5200ms (custom)
2021-08-10 18:28:29,084 [pool-388-thread-1] INFO  server.RaftServerConfigKeys (ConfUtils.java:logGet(44)) - raft.server.rpc.sleep.time = 25ms (default)
2021-08-10 18:28:29,084 [pool-388-thread-1] INFO  server.RaftServerConfigKeys (ConfUtils.java:logGet(44)) - raft.server.rpc.slowness.timeout = 300s (custom)
2021-08-10 18:28:29,084 [pool-388-thread-1] INFO  server.RaftServerConfigKeys (ConfUtils.java:logGet(44)) - raft.server.leaderelection.leader.step-down.wait-time = 10s (default)
2021-08-10 18:28:29,084 [pool-388-thread-1] INFO  server.RaftServerConfigKeys (ConfUtils.java:logGet(44)) - raft.server.sleep.deviation.threshold = 300ms (default)
2021-08-10 18:28:29,084 [pool-388-thread-1] INFO  server.RaftServerConfigKeys (ConfUtils.java:logGet(44)) - raft.server.log.appender.install.snapshot.enabled = false (custom)
2021-08-10 18:28:29,084 [pool-388-thread-1] INFO  server.RaftServer$Division (ServerState.java:<init>(105)) - f742b26a-fba2-4c03-ac3e-9dfa3325d7d9@group-31F9EA2E53B8: ConfigurationManager, init=-1: [f742b26a-fba2-4c03-ac3e-9dfa3325d7d9|rpc:10.1.0.41:34143|priority:1], old=null, confs=<EMPTY_MAP>
2021-08-10 18:28:29,084 [pool-388-thread-1] INFO  server.RaftServerConfigKeys (ConfUtils.java:logGet(44)) - raft.server.storage.dir = [/home/runner/work/ozone/ozone/hadoop-ozone/integration-test/target/test-dir/MiniOzoneClusterImpl-a05ed1eb-feab-4415-88a0-4de04f3f758c/datanode-1/data/ratis] (custom)
2021-08-10 18:28:29,085 [pool-388-thread-1] INFO  server.RaftServerConfigKeys (ConfUtils.java:logGet(44)) - raft.server.log.corruption.policy = EXCEPTION (default)
2021-08-10 18:28:29,085 [pool-388-thread-1] INFO  server.RaftServerConfigKeys (ConfUtils.java:logGet(44)) - raft.server.storage.free-space.min = 0MB (=0) (default)
2021-08-10 18:28:29,085 [pool-388-thread-1] INFO  storage.RaftStorageDirectory (RaftStorageDirectoryImpl.java:analyzeStorage(135)) - The storage directory /home/runner/work/ozone/ozone/hadoop-ozone/integration-test/target/test-dir/MiniOzoneClusterImpl-a05ed1eb-feab-4415-88a0-4de04f3f758c/datanode-1/data/ratis/ed080598-45f4-43a0-aa45-31f9ea2e53b8 does not exist. Creating ...
2021-08-10 18:28:29,086 [pool-388-thread-1] INFO  storage.RaftStorageDirectory (RaftStorageDirectoryImpl.java:tryLock(230)) - Lock on /home/runner/work/ozone/ozone/hadoop-ozone/integration-test/target/test-dir/MiniOzoneClusterImpl-a05ed1eb-feab-4415-88a0-4de04f3f758c/datanode-1/data/ratis/ed080598-45f4-43a0-aa45-31f9ea2e53b8/in_use.lock acquired by nodename 20908@fv-az291-953
2021-08-10 18:28:29,088 [pool-388-thread-1] INFO  storage.RaftStorage (RaftStorageImpl.java:format(89)) - Storage directory /home/runner/work/ozone/ozone/hadoop-ozone/integration-test/target/test-dir/MiniOzoneClusterImpl-a05ed1eb-feab-4415-88a0-4de04f3f758c/datanode-1/data/ratis/ed080598-45f4-43a0-aa45-31f9ea2e53b8 has been successfully formatted.
2021-08-10 18:28:29,089 [pool-388-thread-1] INFO  ratis.ContainerStateMachine (ContainerStateMachine.java:loadSnapshot(223)) - group-31F9EA2E53B8: The snapshot info is null. Setting the last applied indexto:(t:0, i:~)
2021-08-10 18:28:29,089 [pool-388-thread-1] INFO  server.RaftServerConfigKeys (ConfUtils.java:logGet(44)) - raft.server.notification.no-leader.timeout = 300s (custom)
2021-08-10 18:28:29,089 [pool-388-thread-1] INFO  server.RaftServerConfigKeys (ConfUtils.java:logGet(44)) - raft.server.log.use.memory = false (default)
2021-08-10 18:28:29,089 [pool-388-thread-1] INFO  server.RaftServerConfigKeys (ConfUtils.java:logGet(44)) - raft.server.log.purge.gap = 1000000 (custom)
2021-08-10 18:28:29,089 [pool-388-thread-1] INFO  server.RaftServerConfigKeys (ConfUtils.java:logGet(44)) - raft.server.log.appender.buffer.byte-limit = 33554432 (custom)
2021-08-10 18:28:29,089 [pool-388-thread-1] INFO  server.RaftServerConfigKeys (ConfUtils.java:logGet(44)) - raft.server.log.segment.size.max = 1048576 (custom)
2021-08-10 18:28:29,090 [pool-388-thread-1] INFO  server.RaftServerConfigKeys (ConfUtils.java:logGet(44)) - raft.server.log.segment.cache.num.max = 2 (custom)
2021-08-10 18:28:29,090 [pool-388-thread-1] INFO  server.RaftServerConfigKeys (ConfUtils.java:logGet(44)) - raft.server.log.segment.cache.size.max = 200MB (=209715200) (default)
2021-08-10 18:28:29,090 [pool-388-thread-1] INFO  segmented.SegmentedRaftLogWorker (SegmentedRaftLogWorker.java:<init>(182)) - new f742b26a-fba2-4c03-ac3e-9dfa3325d7d9@group-31F9EA2E53B8-SegmentedRaftLogWorker for RaftStorageImpl:Storage Directory /home/runner/work/ozone/ozone/hadoop-ozone/integration-test/target/test-dir/MiniOzoneClusterImpl-a05ed1eb-feab-4415-88a0-4de04f3f758c/datanode-1/data/ratis/ed080598-45f4-43a0-aa45-31f9ea2e53b8
2021-08-10 18:28:29,090 [pool-388-thread-1] INFO  server.RaftServerConfigKeys (ConfUtils.java:logGet(44)) - raft.server.log.queue.byte-limit = 2147483647 (custom)
2021-08-10 18:28:29,090 [pool-388-thread-1] INFO  server.RaftServerConfigKeys (ConfUtils.java:logGet(44)) - raft.server.log.queue.element-limit = 1024 (custom)
2021-08-10 18:28:29,090 [pool-388-thread-1] INFO  server.RaftServerConfigKeys (ConfUtils.java:logGet(44)) - raft.server.log.segment.size.max = 1048576 (custom)
2021-08-10 18:28:29,090 [pool-388-thread-1] INFO  server.RaftServerConfigKeys (ConfUtils.java:logGet(44)) - raft.server.log.preallocated.size = 16384 (custom)
2021-08-10 18:28:29,090 [pool-388-thread-1] INFO  server.RaftServerConfigKeys (ConfUtils.java:logGet(44)) - raft.server.log.force.sync.num = 128 (default)
2021-08-10 18:28:29,090 [pool-388-thread-1] INFO  server.RaftServerConfigKeys (ConfUtils.java:logGet(44)) - raft.server.log.statemachine.data.sync = true (default)
2021-08-10 18:28:29,090 [pool-388-thread-1] INFO  server.RaftServerConfigKeys (ConfUtils.java:logGet(44)) - raft.server.log.statemachine.data.sync.timeout = 10s (default)
2021-08-10 18:28:29,090 [pool-388-thread-1] INFO  server.RaftServerConfigKeys (ConfUtils.java:logGet(44)) - raft.server.log.statemachine.data.sync.timeout.retry = -1 (default)
2021-08-10 18:28:29,091 [Datanode State Machine Thread - 0] WARN  statemachine.StateContext (StateContext.java:execute(621)) - No available thread in pool for past 1 seconds.
2021-08-10 18:28:29,092 [EventQueue-PipelineReportForPipelineReportHandler] INFO  pipeline.PipelineManagerImpl (PipelineManagerImpl.java:openPipeline(283)) - Pipeline Pipeline[ Id: ed080598-45f4-43a0-aa45-31f9ea2e53b8, Nodes: f742b26a-fba2-4c03-ac3e-9dfa3325d7d9{ip: 10.1.0.41, host: fv-az291-953.wgnan5asplgejimfprtllbpdch.jx.internal.cloudapp.net, ports: [REPLICATION=43267, RATIS=34143, RATIS_ADMIN=34143, RATIS_SERVER=34143, STANDALONE=34217], networkLocation: /default-rack, certSerialId: null, persistedOpState: IN_SERVICE, persistedOpStateExpiryEpochSec: 0}, ReplicationConfig: RATIS/ONE, State:ALLOCATED, leaderId:f742b26a-fba2-4c03-ac3e-9dfa3325d7d9, CreationTimestamp2021-08-10T18:28:26.075Z[Etc/UTC]] moved to OPEN state
2021-08-10 18:28:29,094 [EventQueue-OpenPipelineForHealthyPipelineSafeModeRule] INFO  safemode.SCMSafeModeManager (HealthyPipelineSafeModeRule.java:process(124)) - SCM in safe mode. Healthy pipelines reported count is 0, required healthy pipeline reported count is 1
2021-08-10 18:28:29,094 [pool-388-thread-1] INFO  server.RaftServerConfigKeys (ConfUtils.java:logGet(44)) - raft.server.log.write.buffer.size = 1048576 (custom)
2021-08-10 18:28:29,095 [pool-388-thread-1] INFO  server.RaftServerConfigKeys (ConfUtils.java:logGet(44)) - raft.server.log.statemachine.data.caching.enabled = true (custom)
2021-08-10 18:28:29,095 [pool-388-thread-1] INFO  segmented.SegmentedRaftLogWorker (SegmentedRaftLogWorker.java:lambda$new$0(133)) - f742b26a-fba2-4c03-ac3e-9dfa3325d7d9@group-31F9EA2E53B8-SegmentedRaftLogWorker: flushIndex: setUnconditionally 0 -> -1
2021-08-10 18:28:29,095 [pool-388-thread-1] INFO  segmented.SegmentedRaftLogWorker (SegmentedRaftLogWorker.java:lambda$new$0(133)) - f742b26a-fba2-4c03-ac3e-9dfa3325d7d9@group-31F9EA2E53B8-SegmentedRaftLogWorker: safeCacheEvictIndex: setUnconditionally 0 -> -1
2021-08-10 18:28:29,109 [pool-388-thread-1] INFO  server.RaftServerConfigKeys (ConfUtils.java:logGet(44)) - raft.server.snapshot.auto.trigger.enabled = true (custom)
2021-08-10 18:28:29,110 [pool-388-thread-1] INFO  server.RaftServerConfigKeys (ConfUtils.java:logGet(44)) - raft.server.snapshot.auto.trigger.threshold = 10000 (custom)
2021-08-10 18:28:29,110 [pool-388-thread-1] INFO  server.RaftServerConfigKeys (ConfUtils.java:logGet(44)) - raft.server.snapshot.retention.file.num = 5 (custom)
2021-08-10 18:28:29,110 [pool-388-thread-1] INFO  server.RaftServerConfigKeys (ConfUtils.java:logGet(44)) - raft.server.log.purge.upto.snapshot.index = false (default)
2021-08-10 18:28:29,110 [pool-388-thread-1] INFO  server.RaftServerConfigKeys (ConfUtils.java:logGet(44)) - raft.server.retrycache.expirytime = 600000ms (custom)
2021-08-10 18:28:29,110 [pool-388-thread-1] INFO  server.RaftServerConfigKeys (ConfUtils.java:logGet(44)) - raft.server.retrycache.statistics.expirytime = 100μs (default)
2021-08-10 18:28:29,111 [pool-388-thread-1] INFO  server.RaftServer$Division (RaftServerImpl.java:start(296)) - f742b26a-fba2-4c03-ac3e-9dfa3325d7d9@group-C1C0CC0F09C0: start as a follower, conf=-1: [10120287-8d24-4050-8da6-9033ceeef397|rpc:10.1.0.41:35929|dataStream:|priority:0, caaea685-ee27-477a-9895-fe9115308b21|rpc:10.1.0.41:46809|dataStream:|priority:1, f742b26a-fba2-4c03-ac3e-9dfa3325d7d9|rpc:10.1.0.41:34143|dataStream:|priority:0], old=null
2021-08-10 18:28:29,111 [pool-388-thread-1] INFO  server.RaftServer$Division (RaftServerImpl.java:setRole(285)) - f742b26a-fba2-4c03-ac3e-9dfa3325d7d9@group-C1C0CC0F09C0: changes role from      null to FOLLOWER at term 0 for startAsFollower
2021-08-10 18:28:29,111 [pool-388-thread-1] INFO  impl.RoleInfo (RoleInfo.java:updateAndGet(130)) - f742b26a-fba2-4c03-ac3e-9dfa3325d7d9: start f742b26a-fba2-4c03-ac3e-9dfa3325d7d9@group-C1C0CC0F09C0-FollowerState
2021-08-10 18:28:29,117 [pool-388-thread-1] INFO  util.JmxRegister (JmxRegister.java:tryRegister(44)) - Successfully registered JMX Bean with object name Ratis:service=RaftServer,group=group-C1C0CC0F09C0,id=f742b26a-fba2-4c03-ac3e-9dfa3325d7d9
2021-08-10 18:28:29,133 [pool-388-thread-1] INFO  server.RaftServer$Division (RaftServerImpl.java:start(296)) - f742b26a-fba2-4c03-ac3e-9dfa3325d7d9@group-31F9EA2E53B8: start as a follower, conf=-1: [f742b26a-fba2-4c03-ac3e-9dfa3325d7d9|rpc:10.1.0.41:34143|priority:1], old=null
2021-08-10 18:28:29,134 [pool-388-thread-1] INFO  server.RaftServer$Division (RaftServerImpl.java:setRole(285)) - f742b26a-fba2-4c03-ac3e-9dfa3325d7d9@group-31F9EA2E53B8: changes role from      null to FOLLOWER at term 0 for startAsFollower
2021-08-10 18:28:29,134 [pool-388-thread-1] INFO  impl.RoleInfo (RoleInfo.java:updateAndGet(130)) - f742b26a-fba2-4c03-ac3e-9dfa3325d7d9: start f742b26a-fba2-4c03-ac3e-9dfa3325d7d9@group-31F9EA2E53B8-FollowerState
2021-08-10 18:28:29,135 [pool-388-thread-1] INFO  util.JmxRegister (JmxRegister.java:tryRegister(44)) - Successfully registered JMX Bean with object name Ratis:service=RaftServer,group=group-31F9EA2E53B8,id=f742b26a-fba2-4c03-ac3e-9dfa3325d7d9
2021-08-10 18:28:29,144 [Command processor thread] INFO  ratis.XceiverServerRatis (XceiverServerRatis.java:addGroup(759)) - Created group PipelineID=ed080598-45f4-43a0-aa45-31f9ea2e53b8
2021-08-10 18:28:29,144 [Command processor thread] INFO  commandhandler.CreatePipelineCommandHandler (CreatePipelineCommandHandler.java:handle(106)) - Created Pipeline RATIS ONE PipelineID=ed080598-45f4-43a0-aa45-31f9ea2e53b8.
2021-08-10 18:28:29,148 [Command processor thread] INFO  commandhandler.CreatePipelineCommandHandler (CreatePipelineCommandHandler.java:handle(106)) - Created Pipeline RATIS THREE PipelineID=6c79079c-5180-44ad-aa27-c1c0cc0f09c0.
2021-08-10 18:28:29,617 [Listener at 127.0.0.1/43729] INFO  ozone.MiniOzoneClusterImpl (MiniOzoneClusterImpl.java:lambda$waitForClusterToBeReady$0(235)) - Nodes are ready. Got 3 of 3 DN Heartbeats.
2021-08-10 18:28:29,617 [Listener at 127.0.0.1/43729] INFO  ozone.MiniOzoneClusterImpl (MiniOzoneClusterImpl.java:lambda$waitForClusterToBeReady$0(238)) - Waiting for cluster to exit safe mode
2021-08-10 18:28:29,617 [Listener at 127.0.0.1/43729] INFO  ozone.MiniOzoneClusterImpl (MiniOzoneClusterImpl.java:lambda$waitForClusterToBeReady$0(240)) - SCM became leader
2021-08-10 18:28:29,640 [Command processor thread] INFO  server.RaftServer (RaftServerProxy.java:addNew(95)) - caaea685-ee27-477a-9895-fe9115308b21: addNew group-114C655627EF:[caaea685-ee27-477a-9895-fe9115308b21|rpc:10.1.0.41:46809|priority:1] returns group-114C655627EF:java.util.concurrent.CompletableFuture@5e087bab[Not completed]
2021-08-10 18:28:29,644 [pool-407-thread-1] INFO  server.RaftServer$Division (RaftServerImpl.java:<init>(181)) - caaea685-ee27-477a-9895-fe9115308b21: new RaftServerImpl for group-114C655627EF:[caaea685-ee27-477a-9895-fe9115308b21|rpc:10.1.0.41:46809|priority:1] with ContainerStateMachine:uninitialized
2021-08-10 18:28:29,644 [pool-407-thread-1] INFO  server.RaftServerConfigKeys (ConfUtils.java:logGet(44)) - raft.server.rpc.timeout.min = 5s (custom)
2021-08-10 18:28:29,644 [pool-407-thread-1] INFO  server.RaftServerConfigKeys (ConfUtils.java:logGet(44)) - raft.server.rpc.timeout.max = 5200ms (custom)
2021-08-10 18:28:29,645 [pool-407-thread-1] INFO  server.RaftServerConfigKeys (ConfUtils.java:logGet(44)) - raft.server.rpc.sleep.time = 25ms (default)
2021-08-10 18:28:29,645 [pool-407-thread-1] INFO  server.RaftServerConfigKeys (ConfUtils.java:logGet(44)) - raft.server.rpc.slowness.timeout = 300s (custom)
2021-08-10 18:28:29,645 [pool-407-thread-1] INFO  server.RaftServerConfigKeys (ConfUtils.java:logGet(44)) - raft.server.leaderelection.leader.step-down.wait-time = 10s (default)
2021-08-10 18:28:29,645 [pool-407-thread-1] INFO  server.RaftServerConfigKeys (ConfUtils.java:logGet(44)) - raft.server.sleep.deviation.threshold = 300ms (default)
2021-08-10 18:28:29,645 [pool-407-thread-1] INFO  server.RaftServerConfigKeys (ConfUtils.java:logGet(44)) - raft.server.log.appender.install.snapshot.enabled = false (custom)
2021-08-10 18:28:29,645 [pool-407-thread-1] INFO  server.RaftServer$Division (ServerState.java:<init>(105)) - caaea685-ee27-477a-9895-fe9115308b21@group-114C655627EF: ConfigurationManager, init=-1: [caaea685-ee27-477a-9895-fe9115308b21|rpc:10.1.0.41:46809|priority:1], old=null, confs=<EMPTY_MAP>
2021-08-10 18:28:29,645 [pool-407-thread-1] INFO  server.RaftServerConfigKeys (ConfUtils.java:logGet(44)) - raft.server.storage.dir = [/home/runner/work/ozone/ozone/hadoop-ozone/integration-test/target/test-dir/MiniOzoneClusterImpl-a05ed1eb-feab-4415-88a0-4de04f3f758c/datanode-2/data/ratis] (custom)
2021-08-10 18:28:29,645 [pool-407-thread-1] INFO  server.RaftServerConfigKeys (ConfUtils.java:logGet(44)) - raft.server.log.corruption.policy = EXCEPTION (default)
2021-08-10 18:28:29,645 [pool-407-thread-1] INFO  server.RaftServerConfigKeys (ConfUtils.java:logGet(44)) - raft.server.storage.free-space.min = 0MB (=0) (default)
2021-08-10 18:28:29,645 [pool-407-thread-1] INFO  storage.RaftStorageDirectory (RaftStorageDirectoryImpl.java:analyzeStorage(135)) - The storage directory /home/runner/work/ozone/ozone/hadoop-ozone/integration-test/target/test-dir/MiniOzoneClusterImpl-a05ed1eb-feab-4415-88a0-4de04f3f758c/datanode-2/data/ratis/1adec00e-1ef5-4875-be2e-114c655627ef does not exist. Creating ...
2021-08-10 18:28:29,646 [pool-407-thread-1] INFO  storage.RaftStorageDirectory (RaftStorageDirectoryImpl.java:tryLock(230)) - Lock on /home/runner/work/ozone/ozone/hadoop-ozone/integration-test/target/test-dir/MiniOzoneClusterImpl-a05ed1eb-feab-4415-88a0-4de04f3f758c/datanode-2/data/ratis/1adec00e-1ef5-4875-be2e-114c655627ef/in_use.lock acquired by nodename 20908@fv-az291-953
2021-08-10 18:28:29,648 [pool-407-thread-1] INFO  storage.RaftStorage (RaftStorageImpl.java:format(89)) - Storage directory /home/runner/work/ozone/ozone/hadoop-ozone/integration-test/target/test-dir/MiniOzoneClusterImpl-a05ed1eb-feab-4415-88a0-4de04f3f758c/datanode-2/data/ratis/1adec00e-1ef5-4875-be2e-114c655627ef has been successfully formatted.
2021-08-10 18:28:29,648 [pool-407-thread-1] INFO  ratis.ContainerStateMachine (ContainerStateMachine.java:loadSnapshot(223)) - group-114C655627EF: The snapshot info is null. Setting the last applied indexto:(t:0, i:~)
2021-08-10 18:28:29,649 [pool-407-thread-1] INFO  server.RaftServerConfigKeys (ConfUtils.java:logGet(44)) - raft.server.notification.no-leader.timeout = 300s (custom)
2021-08-10 18:28:29,649 [Datanode State Machine Thread - 0] WARN  statemachine.StateContext (StateContext.java:execute(621)) - No available thread in pool for past 1 seconds.
2021-08-10 18:28:29,649 [pool-407-thread-1] INFO  server.RaftServerConfigKeys (ConfUtils.java:logGet(44)) - raft.server.log.use.memory = false (default)
2021-08-10 18:28:29,649 [pool-407-thread-1] INFO  server.RaftServerConfigKeys (ConfUtils.java:logGet(44)) - raft.server.log.purge.gap = 1000000 (custom)
2021-08-10 18:28:29,649 [pool-407-thread-1] INFO  server.RaftServerConfigKeys (ConfUtils.java:logGet(44)) - raft.server.log.appender.buffer.byte-limit = 33554432 (custom)
2021-08-10 18:28:29,649 [pool-407-thread-1] INFO  server.RaftServerConfigKeys (ConfUtils.java:logGet(44)) - raft.server.log.segment.size.max = 1048576 (custom)
2021-08-10 18:28:29,650 [pool-407-thread-1] INFO  server.RaftServerConfigKeys (ConfUtils.java:logGet(44)) - raft.server.log.segment.cache.num.max = 2 (custom)
2021-08-10 18:28:29,650 [pool-407-thread-1] INFO  server.RaftServerConfigKeys (ConfUtils.java:logGet(44)) - raft.server.log.segment.cache.size.max = 200MB (=209715200) (default)
2021-08-10 18:28:29,650 [pool-407-thread-1] INFO  segmented.SegmentedRaftLogWorker (SegmentedRaftLogWorker.java:<init>(182)) - new caaea685-ee27-477a-9895-fe9115308b21@group-114C655627EF-SegmentedRaftLogWorker for RaftStorageImpl:Storage Directory /home/runner/work/ozone/ozone/hadoop-ozone/integration-test/target/test-dir/MiniOzoneClusterImpl-a05ed1eb-feab-4415-88a0-4de04f3f758c/datanode-2/data/ratis/1adec00e-1ef5-4875-be2e-114c655627ef
2021-08-10 18:28:29,650 [pool-407-thread-1] INFO  server.RaftServerConfigKeys (ConfUtils.java:logGet(44)) - raft.server.log.queue.byte-limit = 2147483647 (custom)
2021-08-10 18:28:29,650 [pool-407-thread-1] INFO  server.RaftServerConfigKeys (ConfUtils.java:logGet(44)) - raft.server.log.queue.element-limit = 1024 (custom)
2021-08-10 18:28:29,650 [pool-407-thread-1] INFO  server.RaftServerConfigKeys (ConfUtils.java:logGet(44)) - raft.server.log.segment.size.max = 1048576 (custom)
2021-08-10 18:28:29,650 [pool-407-thread-1] INFO  server.RaftServerConfigKeys (ConfUtils.java:logGet(44)) - raft.server.log.preallocated.size = 16384 (custom)
2021-08-10 18:28:29,650 [pool-407-thread-1] INFO  server.RaftServerConfigKeys (ConfUtils.java:logGet(44)) - raft.server.log.force.sync.num = 128 (default)
2021-08-10 18:28:29,650 [pool-407-thread-1] INFO  server.RaftServerConfigKeys (ConfUtils.java:logGet(44)) - raft.server.log.statemachine.data.sync = true (default)
2021-08-10 18:28:29,650 [EventQueue-PipelineReportForPipelineReportHandler] INFO  pipeline.PipelineManagerImpl (PipelineManagerImpl.java:openPipeline(283)) - Pipeline Pipeline[ Id: 1adec00e-1ef5-4875-be2e-114c655627ef, Nodes: caaea685-ee27-477a-9895-fe9115308b21{ip: 10.1.0.41, host: fv-az291-953.wgnan5asplgejimfprtllbpdch.jx.internal.cloudapp.net, ports: [REPLICATION=41209, RATIS=46809, RATIS_ADMIN=46809, RATIS_SERVER=46809, STANDALONE=35669], networkLocation: /default-rack, certSerialId: null, persistedOpState: IN_SERVICE, persistedOpStateExpiryEpochSec: 0}, ReplicationConfig: RATIS/ONE, State:ALLOCATED, leaderId:caaea685-ee27-477a-9895-fe9115308b21, CreationTimestamp2021-08-10T18:28:26.647Z[Etc/UTC]] moved to OPEN state
2021-08-10 18:28:29,650 [pool-407-thread-1] INFO  server.RaftServerConfigKeys (ConfUtils.java:logGet(44)) - raft.server.log.statemachine.data.sync.timeout = 10s (default)
2021-08-10 18:28:29,650 [pool-407-thread-1] INFO  server.RaftServerConfigKeys (ConfUtils.java:logGet(44)) - raft.server.log.statemachine.data.sync.timeout.retry = -1 (default)
2021-08-10 18:28:29,651 [EventQueue-OpenPipelineForHealthyPipelineSafeModeRule] INFO  safemode.SCMSafeModeManager (HealthyPipelineSafeModeRule.java:process(124)) - SCM in safe mode. Healthy pipelines reported count is 0, required healthy pipeline reported count is 1
2021-08-10 18:28:29,651 [pool-407-thread-1] INFO  server.RaftServerConfigKeys (ConfUtils.java:logGet(44)) - raft.server.log.write.buffer.size = 1048576 (custom)
2021-08-10 18:28:29,655 [pool-407-thread-1] INFO  server.RaftServerConfigKeys (ConfUtils.java:logGet(44)) - raft.server.log.statemachine.data.caching.enabled = true (custom)
2021-08-10 18:28:29,655 [pool-407-thread-1] INFO  segmented.SegmentedRaftLogWorker (SegmentedRaftLogWorker.java:lambda$new$0(133)) - caaea685-ee27-477a-9895-fe9115308b21@group-114C655627EF-SegmentedRaftLogWorker: flushIndex: setUnconditionally 0 -> -1
2021-08-10 18:28:29,656 [pool-407-thread-1] INFO  segmented.SegmentedRaftLogWorker (SegmentedRaftLogWorker.java:lambda$new$0(133)) - caaea685-ee27-477a-9895-fe9115308b21@group-114C655627EF-SegmentedRaftLogWorker: safeCacheEvictIndex: setUnconditionally 0 -> -1
2021-08-10 18:28:29,659 [pool-407-thread-1] INFO  server.RaftServerConfigKeys (ConfUtils.java:logGet(44)) - raft.server.snapshot.auto.trigger.enabled = true (custom)
2021-08-10 18:28:29,659 [pool-407-thread-1] INFO  server.RaftServerConfigKeys (ConfUtils.java:logGet(44)) - raft.server.snapshot.auto.trigger.threshold = 10000 (custom)
2021-08-10 18:28:29,659 [pool-407-thread-1] INFO  server.RaftServerConfigKeys (ConfUtils.java:logGet(44)) - raft.server.snapshot.retention.file.num = 5 (custom)
2021-08-10 18:28:29,659 [pool-407-thread-1] INFO  server.RaftServerConfigKeys (ConfUtils.java:logGet(44)) - raft.server.log.purge.upto.snapshot.index = false (default)
2021-08-10 18:28:29,659 [pool-407-thread-1] INFO  server.RaftServerConfigKeys (ConfUtils.java:logGet(44)) - raft.server.retrycache.expirytime = 600000ms (custom)
2021-08-10 18:28:29,659 [pool-407-thread-1] INFO  server.RaftServerConfigKeys (ConfUtils.java:logGet(44)) - raft.server.retrycache.statistics.expirytime = 100μs (default)
2021-08-10 18:28:29,660 [pool-407-thread-1] INFO  server.RaftServer$Division (RaftServerImpl.java:start(296)) - caaea685-ee27-477a-9895-fe9115308b21@group-114C655627EF: start as a follower, conf=-1: [caaea685-ee27-477a-9895-fe9115308b21|rpc:10.1.0.41:46809|priority:1], old=null
2021-08-10 18:28:29,660 [pool-407-thread-1] INFO  server.RaftServer$Division (RaftServerImpl.java:setRole(285)) - caaea685-ee27-477a-9895-fe9115308b21@group-114C655627EF: changes role from      null to FOLLOWER at term 0 for startAsFollower
2021-08-10 18:28:29,660 [pool-407-thread-1] INFO  impl.RoleInfo (RoleInfo.java:updateAndGet(130)) - caaea685-ee27-477a-9895-fe9115308b21: start caaea685-ee27-477a-9895-fe9115308b21@group-114C655627EF-FollowerState
2021-08-10 18:28:29,661 [pool-407-thread-1] INFO  util.JmxRegister (JmxRegister.java:tryRegister(44)) - Successfully registered JMX Bean with object name Ratis:service=RaftServer,group=group-114C655627EF,id=caaea685-ee27-477a-9895-fe9115308b21
2021-08-10 18:28:29,661 [Command processor thread] INFO  ratis.XceiverServerRatis (XceiverServerRatis.java:addGroup(759)) - Created group PipelineID=1adec00e-1ef5-4875-be2e-114c655627ef
2021-08-10 18:28:29,661 [Command processor thread] INFO  commandhandler.CreatePipelineCommandHandler (CreatePipelineCommandHandler.java:handle(106)) - Created Pipeline RATIS ONE PipelineID=1adec00e-1ef5-4875-be2e-114c655627ef.
2021-08-10 18:28:30,617 [Listener at 127.0.0.1/43729] INFO  ozone.MiniOzoneClusterImpl (MiniOzoneClusterImpl.java:lambda$waitForClusterToBeReady$0(235)) - Nodes are ready. Got 3 of 3 DN Heartbeats.
2021-08-10 18:28:30,617 [Listener at 127.0.0.1/43729] INFO  ozone.MiniOzoneClusterImpl (MiniOzoneClusterImpl.java:lambda$waitForClusterToBeReady$0(238)) - Waiting for cluster to exit safe mode
2021-08-10 18:28:30,617 [Listener at 127.0.0.1/43729] INFO  ozone.MiniOzoneClusterImpl (MiniOzoneClusterImpl.java:lambda$waitForClusterToBeReady$0(240)) - SCM became leader
2021-08-10 18:28:31,618 [Listener at 127.0.0.1/43729] INFO  ozone.MiniOzoneClusterImpl (MiniOzoneClusterImpl.java:lambda$waitForClusterToBeReady$0(235)) - Nodes are ready. Got 3 of 3 DN Heartbeats.
2021-08-10 18:28:31,618 [Listener at 127.0.0.1/43729] INFO  ozone.MiniOzoneClusterImpl (MiniOzoneClusterImpl.java:lambda$waitForClusterToBeReady$0(238)) - Waiting for cluster to exit safe mode
2021-08-10 18:28:31,618 [Listener at 127.0.0.1/43729] INFO  ozone.MiniOzoneClusterImpl (MiniOzoneClusterImpl.java:lambda$waitForClusterToBeReady$0(240)) - SCM became leader
2021-08-10 18:28:32,618 [Listener at 127.0.0.1/43729] INFO  ozone.MiniOzoneClusterImpl (MiniOzoneClusterImpl.java:lambda$waitForClusterToBeReady$0(235)) - Nodes are ready. Got 3 of 3 DN Heartbeats.
2021-08-10 18:28:32,618 [Listener at 127.0.0.1/43729] INFO  ozone.MiniOzoneClusterImpl (MiniOzoneClusterImpl.java:lambda$waitForClusterToBeReady$0(238)) - Waiting for cluster to exit safe mode
2021-08-10 18:28:32,618 [Listener at 127.0.0.1/43729] INFO  ozone.MiniOzoneClusterImpl (MiniOzoneClusterImpl.java:lambda$waitForClusterToBeReady$0(240)) - SCM became leader
2021-08-10 18:28:33,618 [Listener at 127.0.0.1/43729] INFO  ozone.MiniOzoneClusterImpl (MiniOzoneClusterImpl.java:lambda$waitForClusterToBeReady$0(235)) - Nodes are ready. Got 3 of 3 DN Heartbeats.
2021-08-10 18:28:33,619 [Listener at 127.0.0.1/43729] INFO  ozone.MiniOzoneClusterImpl (MiniOzoneClusterImpl.java:lambda$waitForClusterToBeReady$0(238)) - Waiting for cluster to exit safe mode
2021-08-10 18:28:33,619 [Listener at 127.0.0.1/43729] INFO  ozone.MiniOzoneClusterImpl (MiniOzoneClusterImpl.java:lambda$waitForClusterToBeReady$0(240)) - SCM became leader
2021-08-10 18:28:33,747 [f742b26a-fba2-4c03-ac3e-9dfa3325d7d9@group-48B17F817404-FollowerState] INFO  impl.FollowerState (FollowerState.java:run(134)) - f742b26a-fba2-4c03-ac3e-9dfa3325d7d9@group-48B17F817404-FollowerState: change to CANDIDATE, lastRpcElapsedTime:5004618194ns, electionTimeout:5003ms
2021-08-10 18:28:33,747 [f742b26a-fba2-4c03-ac3e-9dfa3325d7d9@group-48B17F817404-FollowerState] INFO  impl.RoleInfo (RoleInfo.java:shutdownFollowerState(108)) - f742b26a-fba2-4c03-ac3e-9dfa3325d7d9: shutdown f742b26a-fba2-4c03-ac3e-9dfa3325d7d9@group-48B17F817404-FollowerState
2021-08-10 18:28:33,747 [f742b26a-fba2-4c03-ac3e-9dfa3325d7d9@group-48B17F817404-FollowerState] INFO  server.RaftServer$Division (RaftServerImpl.java:setRole(285)) - f742b26a-fba2-4c03-ac3e-9dfa3325d7d9@group-48B17F817404: changes role from  FOLLOWER to CANDIDATE at term 0 for changeToCandidate
2021-08-10 18:28:33,748 [f742b26a-fba2-4c03-ac3e-9dfa3325d7d9@group-48B17F817404-FollowerState] INFO  server.RaftServerConfigKeys (ConfUtils.java:logGet(44)) - raft.server.leaderelection.pre-vote = false (custom)
2021-08-10 18:28:33,748 [f742b26a-fba2-4c03-ac3e-9dfa3325d7d9@group-48B17F817404-FollowerState] INFO  impl.RoleInfo (RoleInfo.java:updateAndGet(130)) - f742b26a-fba2-4c03-ac3e-9dfa3325d7d9: start f742b26a-fba2-4c03-ac3e-9dfa3325d7d9@group-48B17F817404-LeaderElection39
2021-08-10 18:28:33,756 [f742b26a-fba2-4c03-ac3e-9dfa3325d7d9@group-48B17F817404-LeaderElection39] INFO  impl.LeaderElection (LeaderElection.java:askForVotes(306)) - f742b26a-fba2-4c03-ac3e-9dfa3325d7d9@group-48B17F817404-LeaderElection39 ELECTION round 0: submit vote requests at term 1 for -1: [10120287-8d24-4050-8da6-9033ceeef397|rpc:10.1.0.41:35929|dataStream:|priority:0, caaea685-ee27-477a-9895-fe9115308b21|rpc:10.1.0.41:46809|dataStream:|priority:0, f742b26a-fba2-4c03-ac3e-9dfa3325d7d9|rpc:10.1.0.41:34143|dataStream:|priority:1], old=null
2021-08-10 18:28:33,793 [10120287-8d24-4050-8da6-9033ceeef397@group-52FE261952AC-FollowerState] INFO  impl.FollowerState (FollowerState.java:run(134)) - 10120287-8d24-4050-8da6-9033ceeef397@group-52FE261952AC-FollowerState: change to CANDIDATE, lastRpcElapsedTime:5181403659ns, electionTimeout:5176ms
2021-08-10 18:28:33,793 [10120287-8d24-4050-8da6-9033ceeef397@group-52FE261952AC-FollowerState] INFO  impl.RoleInfo (RoleInfo.java:shutdownFollowerState(108)) - 10120287-8d24-4050-8da6-9033ceeef397: shutdown 10120287-8d24-4050-8da6-9033ceeef397@group-52FE261952AC-FollowerState
2021-08-10 18:28:33,793 [10120287-8d24-4050-8da6-9033ceeef397@group-52FE261952AC-FollowerState] INFO  server.RaftServer$Division (RaftServerImpl.java:setRole(285)) - 10120287-8d24-4050-8da6-9033ceeef397@group-52FE261952AC: changes role from  FOLLOWER to CANDIDATE at term 0 for changeToCandidate
2021-08-10 18:28:33,804 [10120287-8d24-4050-8da6-9033ceeef397@group-52FE261952AC-FollowerState] INFO  server.RaftServerConfigKeys (ConfUtils.java:logGet(44)) - raft.server.leaderelection.pre-vote = false (custom)
2021-08-10 18:28:33,804 [10120287-8d24-4050-8da6-9033ceeef397@group-48B17F817404-FollowerState] INFO  impl.FollowerState (FollowerState.java:run(134)) - 10120287-8d24-4050-8da6-9033ceeef397@group-48B17F817404-FollowerState: change to CANDIDATE, lastRpcElapsedTime:5162803516ns, electionTimeout:5162ms
2021-08-10 18:28:33,804 [10120287-8d24-4050-8da6-9033ceeef397@group-52FE261952AC-FollowerState] INFO  impl.RoleInfo (RoleInfo.java:updateAndGet(130)) - 10120287-8d24-4050-8da6-9033ceeef397: start 10120287-8d24-4050-8da6-9033ceeef397@group-52FE261952AC-LeaderElection40
2021-08-10 18:28:33,805 [10120287-8d24-4050-8da6-9033ceeef397@group-48B17F817404-FollowerState] INFO  impl.RoleInfo (RoleInfo.java:shutdownFollowerState(108)) - 10120287-8d24-4050-8da6-9033ceeef397: shutdown 10120287-8d24-4050-8da6-9033ceeef397@group-48B17F817404-FollowerState
2021-08-10 18:28:33,805 [10120287-8d24-4050-8da6-9033ceeef397@group-48B17F817404-FollowerState] INFO  server.RaftServer$Division (RaftServerImpl.java:setRole(285)) - 10120287-8d24-4050-8da6-9033ceeef397@group-48B17F817404: changes role from  FOLLOWER to CANDIDATE at term 0 for changeToCandidate
2021-08-10 18:28:33,805 [10120287-8d24-4050-8da6-9033ceeef397@group-48B17F817404-FollowerState] INFO  server.RaftServerConfigKeys (ConfUtils.java:logGet(44)) - raft.server.leaderelection.pre-vote = false (custom)
2021-08-10 18:28:33,805 [10120287-8d24-4050-8da6-9033ceeef397@group-48B17F817404-FollowerState] INFO  impl.RoleInfo (RoleInfo.java:updateAndGet(130)) - 10120287-8d24-4050-8da6-9033ceeef397: start 10120287-8d24-4050-8da6-9033ceeef397@group-48B17F817404-LeaderElection41
2021-08-10 18:28:33,806 [grpc-default-executor-0] INFO  server.RaftServer$Division (RaftServerImpl.java:requestVote(1043)) - caaea685-ee27-477a-9895-fe9115308b21@group-48B17F817404: receive requestVote(ELECTION, f742b26a-fba2-4c03-ac3e-9dfa3325d7d9, group-48B17F817404, 1, (t:0, i:0))
2021-08-10 18:28:33,806 [grpc-default-executor-0] INFO  impl.VoteContext (VoteContext.java:log(48)) - caaea685-ee27-477a-9895-fe9115308b21@group-48B17F817404-FOLLOWER: accept ELECTION from f742b26a-fba2-4c03-ac3e-9dfa3325d7d9: our priority 0 <= candidate's priority 1
2021-08-10 18:28:33,806 [grpc-default-executor-0] INFO  server.RaftServer$Division (RaftServerImpl.java:setRole(285)) - caaea685-ee27-477a-9895-fe9115308b21@group-48B17F817404: changes role from  FOLLOWER to FOLLOWER at term 1 for candidate:f742b26a-fba2-4c03-ac3e-9dfa3325d7d9
2021-08-10 18:28:33,806 [grpc-default-executor-0] INFO  impl.RoleInfo (RoleInfo.java:shutdownFollowerState(108)) - caaea685-ee27-477a-9895-fe9115308b21: shutdown caaea685-ee27-477a-9895-fe9115308b21@group-48B17F817404-FollowerState
2021-08-10 18:28:33,806 [grpc-default-executor-0] INFO  impl.RoleInfo (RoleInfo.java:updateAndGet(130)) - caaea685-ee27-477a-9895-fe9115308b21: start caaea685-ee27-477a-9895-fe9115308b21@group-48B17F817404-FollowerState
2021-08-10 18:28:33,807 [caaea685-ee27-477a-9895-fe9115308b21@group-48B17F817404-FollowerState] INFO  impl.FollowerState (FollowerState.java:run(143)) - caaea685-ee27-477a-9895-fe9115308b21@group-48B17F817404-FollowerState was interrupted: {}
java.lang.InterruptedException: sleep interrupted
	at java.lang.Thread.sleep(Native Method)
	at java.lang.Thread.sleep(Thread.java:340)
	at java.util.concurrent.TimeUnit.sleep(TimeUnit.java:386)
	at org.apache.ratis.util.TimeDuration.sleep(TimeDuration.java:324)
	at org.apache.ratis.util.TimeDuration.sleep(TimeDuration.java:309)
	at org.apache.ratis.server.impl.FollowerState.run(FollowerState.java:118)
2021-08-10 18:28:33,807 [grpc-default-executor-1] INFO  server.RaftServer$Division (RaftServerImpl.java:requestVote(1043)) - 10120287-8d24-4050-8da6-9033ceeef397@group-48B17F817404: receive requestVote(ELECTION, f742b26a-fba2-4c03-ac3e-9dfa3325d7d9, group-48B17F817404, 1, (t:0, i:0))
2021-08-10 18:28:33,814 [10120287-8d24-4050-8da6-9033ceeef397@group-52FE261952AC-LeaderElection40] INFO  impl.LeaderElection (LeaderElection.java:askForVotes(306)) - 10120287-8d24-4050-8da6-9033ceeef397@group-52FE261952AC-LeaderElection40 ELECTION round 0: submit vote requests at term 1 for -1: [10120287-8d24-4050-8da6-9033ceeef397|rpc:10.1.0.41:35929|priority:1], old=null
2021-08-10 18:28:33,814 [10120287-8d24-4050-8da6-9033ceeef397@group-52FE261952AC-LeaderElection40] INFO  impl.LeaderElection (LeaderElection.java:askForVotes(308)) - 10120287-8d24-4050-8da6-9033ceeef397@group-52FE261952AC-LeaderElection40 ELECTION round 0: result PASSED (term=1)
2021-08-10 18:28:33,814 [10120287-8d24-4050-8da6-9033ceeef397@group-52FE261952AC-LeaderElection40] INFO  impl.RoleInfo (RoleInfo.java:shutdownLeaderElection(121)) - 10120287-8d24-4050-8da6-9033ceeef397: shutdown 10120287-8d24-4050-8da6-9033ceeef397@group-52FE261952AC-LeaderElection40
2021-08-10 18:28:33,814 [10120287-8d24-4050-8da6-9033ceeef397@group-52FE261952AC-LeaderElection40] INFO  server.RaftServer$Division (RaftServerImpl.java:setRole(285)) - 10120287-8d24-4050-8da6-9033ceeef397@group-52FE261952AC: changes role from CANDIDATE to LEADER at term 1 for changeToLeader
2021-08-10 18:28:33,814 [10120287-8d24-4050-8da6-9033ceeef397@group-52FE261952AC-LeaderElection40] INFO  ratis.XceiverServerRatis (XceiverServerRatis.java:handleLeaderChangedNotification(857)) - Leader change notification received for group: group-52FE261952AC with new leaderId: 10120287-8d24-4050-8da6-9033ceeef397
2021-08-10 18:28:33,814 [10120287-8d24-4050-8da6-9033ceeef397@group-52FE261952AC-LeaderElection40] INFO  server.RaftServer$Division (ServerState.java:setLeader(285)) - 10120287-8d24-4050-8da6-9033ceeef397@group-52FE261952AC: change Leader from null to 10120287-8d24-4050-8da6-9033ceeef397 at term 1 for becomeLeader, leader elected after 5222ms
2021-08-10 18:28:33,814 [10120287-8d24-4050-8da6-9033ceeef397@group-52FE261952AC-LeaderElection40] INFO  server.RaftServerConfigKeys (ConfUtils.java:logGet(44)) - raft.server.staging.catchup.gap = 1000 (default)
2021-08-10 18:28:33,815 [10120287-8d24-4050-8da6-9033ceeef397@group-52FE261952AC-LeaderElection40] INFO  server.RaftServerConfigKeys (ConfUtils.java:logGet(44)) - raft.server.write.element-limit = 1024 (custom)
2021-08-10 18:28:33,815 [10120287-8d24-4050-8da6-9033ceeef397@group-52FE261952AC-LeaderElection40] INFO  server.RaftServerConfigKeys (ConfUtils.java:logGet(44)) - raft.server.write.byte-limit = 1073741824 (custom)
2021-08-10 18:28:33,815 [10120287-8d24-4050-8da6-9033ceeef397@group-52FE261952AC-LeaderElection40] INFO  server.RaftServerConfigKeys (ConfUtils.java:logGet(44)) - raft.server.watch.timeout = 180s (custom)
2021-08-10 18:28:33,815 [10120287-8d24-4050-8da6-9033ceeef397@group-52FE261952AC-LeaderElection40] INFO  server.RaftServerConfigKeys (ConfUtils.java:logGet(44)) - raft.server.watch.timeout.denomination = 1s (default)
2021-08-10 18:28:33,815 [10120287-8d24-4050-8da6-9033ceeef397@group-52FE261952AC-LeaderElection40] INFO  server.RaftServerConfigKeys (ConfUtils.java:logGet(44)) - raft.server.watch.element-limit = 65536 (default)
2021-08-10 18:28:33,815 [10120287-8d24-4050-8da6-9033ceeef397@group-52FE261952AC-LeaderElection40] INFO  impl.RoleInfo (RoleInfo.java:updateAndGet(130)) - 10120287-8d24-4050-8da6-9033ceeef397: start 10120287-8d24-4050-8da6-9033ceeef397@group-52FE261952AC-LeaderStateImpl
2021-08-10 18:28:33,815 [10120287-8d24-4050-8da6-9033ceeef397@group-52FE261952AC-LeaderElection40] INFO  segmented.SegmentedRaftLogWorker (SegmentedRaftLogWorker.java:startLogSegment(394)) - 10120287-8d24-4050-8da6-9033ceeef397@group-52FE261952AC-SegmentedRaftLogWorker: Starting segment from index:0
2021-08-10 18:28:33,816 [10120287-8d24-4050-8da6-9033ceeef397@group-48B17F817404-LeaderElection41] INFO  impl.LeaderElection (LeaderElection.java:askForVotes(306)) - 10120287-8d24-4050-8da6-9033ceeef397@group-48B17F817404-LeaderElection41 ELECTION round 0: submit vote requests at term 1 for -1: [10120287-8d24-4050-8da6-9033ceeef397|rpc:10.1.0.41:35929|priority:0, caaea685-ee27-477a-9895-fe9115308b21|rpc:10.1.0.41:46809|priority:0, f742b26a-fba2-4c03-ac3e-9dfa3325d7d9|rpc:10.1.0.41:34143|priority:1], old=null
2021-08-10 18:28:33,816 [grpc-default-executor-1] INFO  impl.VoteContext (VoteContext.java:log(48)) - 10120287-8d24-4050-8da6-9033ceeef397@group-48B17F817404-CANDIDATE: reject ELECTION from f742b26a-fba2-4c03-ac3e-9dfa3325d7d9: already has voted for 10120287-8d24-4050-8da6-9033ceeef397 at current term 1
2021-08-10 18:28:33,817 [grpc-default-executor-1] INFO  server.RaftServer$Division (RaftServerImpl.java:requestVote(1075)) - 10120287-8d24-4050-8da6-9033ceeef397@group-48B17F817404 replies to ELECTION vote request: f742b26a-fba2-4c03-ac3e-9dfa3325d7d9<-10120287-8d24-4050-8da6-9033ceeef397#0:FAIL-t1. Peer's state: 10120287-8d24-4050-8da6-9033ceeef397@group-48B17F817404:t1, leader=null, voted=10120287-8d24-4050-8da6-9033ceeef397, raftlog=10120287-8d24-4050-8da6-9033ceeef397@group-48B17F817404-SegmentedRaftLog:OPENED:c-1,f-1,i0, conf=-1: [10120287-8d24-4050-8da6-9033ceeef397|rpc:10.1.0.41:35929|priority:0, caaea685-ee27-477a-9895-fe9115308b21|rpc:10.1.0.41:46809|priority:0, f742b26a-fba2-4c03-ac3e-9dfa3325d7d9|rpc:10.1.0.41:34143|priority:1], old=null
2021-08-10 18:28:33,817 [EventQueue-OpenPipelineForHealthyPipelineSafeModeRule] INFO  safemode.SCMSafeModeManager (HealthyPipelineSafeModeRule.java:process(124)) - SCM in safe mode. Healthy pipelines reported count is 0, required healthy pipeline reported count is 1
2021-08-10 18:28:33,816 [Datanode State Machine Thread - 0] WARN  statemachine.StateContext (StateContext.java:execute(621)) - No available thread in pool for past 1 seconds.
2021-08-10 18:28:33,817 [10120287-8d24-4050-8da6-9033ceeef397@group-52FE261952AC-SegmentedRaftLogWorker] INFO  segmented.SegmentedRaftLogWorker (SegmentedRaftLogWorker.java:execute(601)) - 10120287-8d24-4050-8da6-9033ceeef397@group-52FE261952AC-SegmentedRaftLogWorker: created new log segment /home/runner/work/ozone/ozone/hadoop-ozone/integration-test/target/test-dir/MiniOzoneClusterImpl-a05ed1eb-feab-4415-88a0-4de04f3f758c/datanode-0/data/ratis/53523a20-a179-495e-8916-52fe261952ac/current/log_inprogress_0
2021-08-10 18:28:33,829 [10120287-8d24-4050-8da6-9033ceeef397@group-52FE261952AC-LeaderElection40] INFO  server.RaftServer$Division (ServerState.java:setRaftConf(387)) - 10120287-8d24-4050-8da6-9033ceeef397@group-52FE261952AC: set configuration 0: [10120287-8d24-4050-8da6-9033ceeef397|rpc:10.1.0.41:35929|dataStream:|priority:1], old=null
2021-08-10 18:28:33,853 [grpc-default-executor-0] INFO  server.RaftServer$Division (RaftServerImpl.java:requestVote(1075)) - caaea685-ee27-477a-9895-fe9115308b21@group-48B17F817404 replies to ELECTION vote request: f742b26a-fba2-4c03-ac3e-9dfa3325d7d9<-caaea685-ee27-477a-9895-fe9115308b21#0:OK-t1. Peer's state: caaea685-ee27-477a-9895-fe9115308b21@group-48B17F817404:t1, leader=null, voted=f742b26a-fba2-4c03-ac3e-9dfa3325d7d9, raftlog=caaea685-ee27-477a-9895-fe9115308b21@group-48B17F817404-SegmentedRaftLog:OPENED:c-1,f-1,i0, conf=-1: [10120287-8d24-4050-8da6-9033ceeef397|rpc:10.1.0.41:35929|dataStream:|priority:0, caaea685-ee27-477a-9895-fe9115308b21|rpc:10.1.0.41:46809|dataStream:|priority:0, f742b26a-fba2-4c03-ac3e-9dfa3325d7d9|rpc:10.1.0.41:34143|dataStream:|priority:1], old=null
2021-08-10 18:28:33,857 [f742b26a-fba2-4c03-ac3e-9dfa3325d7d9@group-48B17F817404-LeaderElection39] INFO  impl.LeaderElection (LeaderElection.java:logAndReturn(89)) - f742b26a-fba2-4c03-ac3e-9dfa3325d7d9@group-48B17F817404-LeaderElection39: ELECTION PASSED received 2 response(s) and 0 exception(s):
2021-08-10 18:28:33,857 [f742b26a-fba2-4c03-ac3e-9dfa3325d7d9@group-48B17F817404-LeaderElection39] INFO  impl.LeaderElection (LeaderElection.java:logAndReturn(93)) -   Response 0: f742b26a-fba2-4c03-ac3e-9dfa3325d7d9<-10120287-8d24-4050-8da6-9033ceeef397#0:FAIL-t1
2021-08-10 18:28:33,857 [f742b26a-fba2-4c03-ac3e-9dfa3325d7d9@group-48B17F817404-LeaderElection39] INFO  impl.LeaderElection (LeaderElection.java:logAndReturn(93)) -   Response 1: f742b26a-fba2-4c03-ac3e-9dfa3325d7d9<-caaea685-ee27-477a-9895-fe9115308b21#0:OK-t1
2021-08-10 18:28:33,857 [f742b26a-fba2-4c03-ac3e-9dfa3325d7d9@group-48B17F817404-LeaderElection39] INFO  impl.LeaderElection (LeaderElection.java:askForVotes(308)) - f742b26a-fba2-4c03-ac3e-9dfa3325d7d9@group-48B17F817404-LeaderElection39 ELECTION round 0: result PASSED
2021-08-10 18:28:33,857 [f742b26a-fba2-4c03-ac3e-9dfa3325d7d9@group-48B17F817404-LeaderElection39] INFO  impl.RoleInfo (RoleInfo.java:shutdownLeaderElection(121)) - f742b26a-fba2-4c03-ac3e-9dfa3325d7d9: shutdown f742b26a-fba2-4c03-ac3e-9dfa3325d7d9@group-48B17F817404-LeaderElection39
2021-08-10 18:28:33,857 [f742b26a-fba2-4c03-ac3e-9dfa3325d7d9@group-48B17F817404-LeaderElection39] INFO  server.RaftServer$Division (RaftServerImpl.java:setRole(285)) - f742b26a-fba2-4c03-ac3e-9dfa3325d7d9@group-48B17F817404: changes role from CANDIDATE to LEADER at term 1 for changeToLeader
2021-08-10 18:28:33,857 [f742b26a-fba2-4c03-ac3e-9dfa3325d7d9@group-48B17F817404-LeaderElection39] INFO  ratis.XceiverServerRatis (XceiverServerRatis.java:handleLeaderChangedNotification(857)) - Leader change notification received for group: group-48B17F817404 with new leaderId: f742b26a-fba2-4c03-ac3e-9dfa3325d7d9
2021-08-10 18:28:33,857 [f742b26a-fba2-4c03-ac3e-9dfa3325d7d9@group-48B17F817404-LeaderElection39] INFO  server.RaftServer$Division (ServerState.java:setLeader(285)) - f742b26a-fba2-4c03-ac3e-9dfa3325d7d9@group-48B17F817404: change Leader from null to f742b26a-fba2-4c03-ac3e-9dfa3325d7d9 at term 1 for becomeLeader, leader elected after 5125ms
2021-08-10 18:28:33,857 [f742b26a-fba2-4c03-ac3e-9dfa3325d7d9@group-48B17F817404-LeaderElection39] INFO  server.RaftServerConfigKeys (ConfUtils.java:logGet(44)) - raft.server.staging.catchup.gap = 1000 (default)
2021-08-10 18:28:33,857 [Datanode State Machine Thread - 0] WARN  statemachine.StateContext (StateContext.java:execute(621)) - No available thread in pool for past 1 seconds.
2021-08-10 18:28:33,857 [f742b26a-fba2-4c03-ac3e-9dfa3325d7d9@group-48B17F817404-LeaderElection39] INFO  server.RaftServerConfigKeys (ConfUtils.java:logGet(44)) - raft.server.write.element-limit = 1024 (custom)
2021-08-10 18:28:33,857 [f742b26a-fba2-4c03-ac3e-9dfa3325d7d9@group-48B17F817404-LeaderElection39] INFO  server.RaftServerConfigKeys (ConfUtils.java:logGet(44)) - raft.server.write.byte-limit = 1073741824 (custom)
2021-08-10 18:28:33,857 [f742b26a-fba2-4c03-ac3e-9dfa3325d7d9@group-48B17F817404-LeaderElection39] INFO  server.RaftServerConfigKeys (ConfUtils.java:logGet(44)) - raft.server.watch.timeout = 180s (custom)
2021-08-10 18:28:33,857 [f742b26a-fba2-4c03-ac3e-9dfa3325d7d9@group-48B17F817404-LeaderElection39] INFO  server.RaftServerConfigKeys (ConfUtils.java:logGet(44)) - raft.server.watch.timeout.denomination = 1s (default)
2021-08-10 18:28:33,858 [f742b26a-fba2-4c03-ac3e-9dfa3325d7d9@group-48B17F817404-LeaderElection39] INFO  server.RaftServerConfigKeys (ConfUtils.java:logGet(44)) - raft.server.watch.element-limit = 65536 (default)
2021-08-10 18:28:33,858 [f742b26a-fba2-4c03-ac3e-9dfa3325d7d9@group-48B17F817404-LeaderElection39] INFO  server.RaftServerConfigKeys (ConfUtils.java:logGet(44)) - raft.server.log.appender.snapshot.chunk.size.max = 16MB (=16777216) (default)
2021-08-10 18:28:33,858 [f742b26a-fba2-4c03-ac3e-9dfa3325d7d9@group-48B17F817404-LeaderElection39] INFO  server.RaftServerConfigKeys (ConfUtils.java:logGet(44)) - raft.server.log.appender.buffer.byte-limit = 33554432 (custom)
2021-08-10 18:28:33,858 [f742b26a-fba2-4c03-ac3e-9dfa3325d7d9@group-48B17F817404-LeaderElection39] INFO  server.RaftServerConfigKeys (ConfUtils.java:logGet(44)) - raft.server.log.appender.buffer.element-limit = 1 (custom)
2021-08-10 18:28:33,858 [f742b26a-fba2-4c03-ac3e-9dfa3325d7d9@group-48B17F817404-LeaderElection39] INFO  grpc.GrpcConfigKeys (ConfUtils.java:logGet(44)) - raft.grpc.server.leader.outstanding.appends.max = 128 (default)
2021-08-10 18:28:33,858 [f742b26a-fba2-4c03-ac3e-9dfa3325d7d9@group-48B17F817404-LeaderElection39] INFO  server.RaftServerConfigKeys (ConfUtils.java:logGet(44)) - raft.server.rpc.request.timeout = 60s (custom)
2021-08-10 18:28:33,858 [f742b26a-fba2-4c03-ac3e-9dfa3325d7d9@group-48B17F817404-LeaderElection39] INFO  server.RaftServerConfigKeys (ConfUtils.java:logGet(44)) - raft.server.log.appender.install.snapshot.enabled = false (custom)
2021-08-10 18:28:33,859 [f742b26a-fba2-4c03-ac3e-9dfa3325d7d9@group-48B17F817404-LeaderElection39] INFO  server.RaftServerConfigKeys (ConfUtils.java:logGet(44)) - raft.server.log.appender.snapshot.chunk.size.max = 16MB (=16777216) (default)
2021-08-10 18:28:33,859 [f742b26a-fba2-4c03-ac3e-9dfa3325d7d9@group-48B17F817404-LeaderElection39] INFO  server.RaftServerConfigKeys (ConfUtils.java:logGet(44)) - raft.server.log.appender.buffer.byte-limit = 33554432 (custom)
2021-08-10 18:28:33,859 [f742b26a-fba2-4c03-ac3e-9dfa3325d7d9@group-48B17F817404-LeaderElection39] INFO  server.RaftServerConfigKeys (ConfUtils.java:logGet(44)) - raft.server.log.appender.buffer.element-limit = 1 (custom)
2021-08-10 18:28:33,859 [f742b26a-fba2-4c03-ac3e-9dfa3325d7d9@group-48B17F817404-LeaderElection39] INFO  grpc.GrpcConfigKeys (ConfUtils.java:logGet(44)) - raft.grpc.server.leader.outstanding.appends.max = 128 (default)
2021-08-10 18:28:33,859 [f742b26a-fba2-4c03-ac3e-9dfa3325d7d9@group-48B17F817404-LeaderElection39] INFO  server.RaftServerConfigKeys (ConfUtils.java:logGet(44)) - raft.server.rpc.request.timeout = 60s (custom)
2021-08-10 18:28:33,859 [f742b26a-fba2-4c03-ac3e-9dfa3325d7d9@group-48B17F817404-LeaderElection39] INFO  server.RaftServerConfigKeys (ConfUtils.java:logGet(44)) - raft.server.log.appender.install.snapshot.enabled = false (custom)
2021-08-10 18:28:33,861 [f742b26a-fba2-4c03-ac3e-9dfa3325d7d9@group-48B17F817404-LeaderElection39] INFO  impl.RoleInfo (RoleInfo.java:updateAndGet(130)) - f742b26a-fba2-4c03-ac3e-9dfa3325d7d9: start f742b26a-fba2-4c03-ac3e-9dfa3325d7d9@group-48B17F817404-LeaderStateImpl
2021-08-10 18:28:33,861 [f742b26a-fba2-4c03-ac3e-9dfa3325d7d9@group-48B17F817404-LeaderElection39] INFO  segmented.SegmentedRaftLogWorker (SegmentedRaftLogWorker.java:startLogSegment(394)) - f742b26a-fba2-4c03-ac3e-9dfa3325d7d9@group-48B17F817404-SegmentedRaftLogWorker: Starting segment from index:0
2021-08-10 18:28:33,862 [f742b26a-fba2-4c03-ac3e-9dfa3325d7d9@group-48B17F817404-SegmentedRaftLogWorker] INFO  segmented.SegmentedRaftLogWorker (SegmentedRaftLogWorker.java:execute(601)) - f742b26a-fba2-4c03-ac3e-9dfa3325d7d9@group-48B17F817404-SegmentedRaftLogWorker: created new log segment /home/runner/work/ozone/ozone/hadoop-ozone/integration-test/target/test-dir/MiniOzoneClusterImpl-a05ed1eb-feab-4415-88a0-4de04f3f758c/datanode-1/data/ratis/568d6894-7e1d-4f35-8924-48b17f817404/current/log_inprogress_0
2021-08-10 18:28:33,889 [f742b26a-fba2-4c03-ac3e-9dfa3325d7d9@group-48B17F817404-LeaderElection39] INFO  server.RaftServer$Division (ServerState.java:setRaftConf(387)) - f742b26a-fba2-4c03-ac3e-9dfa3325d7d9@group-48B17F817404: set configuration 0: [10120287-8d24-4050-8da6-9033ceeef397|rpc:10.1.0.41:35929|dataStream:|priority:0, caaea685-ee27-477a-9895-fe9115308b21|rpc:10.1.0.41:46809|dataStream:|priority:0, f742b26a-fba2-4c03-ac3e-9dfa3325d7d9|rpc:10.1.0.41:34143|dataStream:|priority:1], old=null
2021-08-10 18:28:33,896 [EventQueue-PipelineReportForPipelineReportHandler] INFO  pipeline.PipelineManagerImpl (PipelineManagerImpl.java:openPipeline(283)) - Pipeline Pipeline[ Id: 568d6894-7e1d-4f35-8924-48b17f817404, Nodes: f742b26a-fba2-4c03-ac3e-9dfa3325d7d9{ip: 10.1.0.41, host: fv-az291-953.wgnan5asplgejimfprtllbpdch.jx.internal.cloudapp.net, ports: [REPLICATION=43267, RATIS=34143, RATIS_ADMIN=34143, RATIS_SERVER=34143, STANDALONE=34217], networkLocation: /default-rack, certSerialId: null, persistedOpState: IN_SERVICE, persistedOpStateExpiryEpochSec: 0}10120287-8d24-4050-8da6-9033ceeef397{ip: 10.1.0.41, host: fv-az291-953.wgnan5asplgejimfprtllbpdch.jx.internal.cloudapp.net, ports: [REPLICATION=38453, RATIS=35929, RATIS_ADMIN=35929, RATIS_SERVER=35929, STANDALONE=34193], networkLocation: /default-rack, certSerialId: null, persistedOpState: IN_SERVICE, persistedOpStateExpiryEpochSec: 0}caaea685-ee27-477a-9895-fe9115308b21{ip: 10.1.0.41, host: fv-az291-953.wgnan5asplgejimfprtllbpdch.jx.internal.cloudapp.net, ports: [REPLICATION=41209, RATIS=46809, RATIS_ADMIN=46809, RATIS_SERVER=46809, STANDALONE=35669], networkLocation: /default-rack, certSerialId: null, persistedOpState: IN_SERVICE, persistedOpStateExpiryEpochSec: 0}, ReplicationConfig: RATIS/THREE, State:ALLOCATED, leaderId:f742b26a-fba2-4c03-ac3e-9dfa3325d7d9, CreationTimestamp2021-08-10T18:28:26.649Z[Etc/UTC]] moved to OPEN state
2021-08-10 18:28:33,896 [EventQueue-OpenPipelineForHealthyPipelineSafeModeRule] INFO  safemode.SCMSafeModeManager (HealthyPipelineSafeModeRule.java:process(124)) - SCM in safe mode. Healthy pipelines reported count is 1, required healthy pipeline reported count is 1
2021-08-10 18:28:33,896 [EventQueue-OpenPipelineForHealthyPipelineSafeModeRule] INFO  safemode.SCMSafeModeManager (SCMSafeModeManager.java:validateSafeModeExitRules(204)) - HealthyPipelineSafeModeRule rule is successfully validated
2021-08-10 18:28:33,896 [EventQueue-OpenPipelineForHealthyPipelineSafeModeRule] INFO  safemode.SCMSafeModeManager (SCMSafeModeManager.java:validateSafeModeExitRules(219)) - ScmSafeModeManager, all rules are successfully validated
2021-08-10 18:28:33,896 [EventQueue-OpenPipelineForHealthyPipelineSafeModeRule] INFO  safemode.SCMSafeModeManager (SCMSafeModeManager.java:exitSafeMode(248)) - SCM exiting safe mode.
2021-08-10 18:28:33,896 [EventQueue-OpenPipelineForHealthyPipelineSafeModeRule] WARN  events.EventQueue (EventQueue.java:fireEvent(194)) - No event handler registered for event TypedEvent{payloadType=SafeModeStatus, name='Safe mode status'}
2021-08-10 18:28:33,896 [EventQueue-OpenPipelineForHealthyPipelineSafeModeRule] INFO  ha.SCMContext (SCMContext.java:updateSafeModeStatus(205)) - Update SafeModeStatus from SafeModeStatus{safeModeStatus=true, preCheckPassed=true} to SafeModeStatus{safeModeStatus=false, preCheckPassed=true}.
2021-08-10 18:28:33,896 [EventQueue-OpenPipelineForHealthyPipelineSafeModeRule] INFO  pipeline.BackgroundPipelineCreator (BackgroundPipelineCreatorV2.java:notifyStatusChanged(264)) - Service BackgroundPipelineCreator transitions to RUNNING.
2021-08-10 18:28:33,897 [EventQueue-OpenPipelineForHealthyPipelineSafeModeRule] INFO  container.ReplicationManager (ReplicationManager.java:notifyStatusChanged(1674)) - Service ReplicationManager transitions to RUNNING.
2021-08-10 18:28:33,905 [grpc-default-executor-0] INFO  ratis.XceiverServerRatis (XceiverServerRatis.java:handleLeaderChangedNotification(857)) - Leader change notification received for group: group-48B17F817404 with new leaderId: f742b26a-fba2-4c03-ac3e-9dfa3325d7d9
2021-08-10 18:28:33,905 [grpc-default-executor-0] INFO  server.RaftServer$Division (ServerState.java:setLeader(285)) - caaea685-ee27-477a-9895-fe9115308b21@group-48B17F817404: change Leader from null to f742b26a-fba2-4c03-ac3e-9dfa3325d7d9 at term 1 for appendEntries, leader elected after 5060ms
2021-08-10 18:28:33,906 [grpc-default-executor-1] INFO  server.RaftServer$Division (RaftServerImpl.java:requestVote(1043)) - caaea685-ee27-477a-9895-fe9115308b21@group-48B17F817404: receive requestVote(ELECTION, 10120287-8d24-4050-8da6-9033ceeef397, group-48B17F817404, 1, (t:0, i:0))
2021-08-10 18:28:33,910 [grpc-default-executor-2] INFO  server.RaftServer$Division (RaftServerImpl.java:setRole(285)) - 10120287-8d24-4050-8da6-9033ceeef397@group-48B17F817404: changes role from CANDIDATE to FOLLOWER at term 1 for appendEntries
2021-08-10 18:28:33,910 [grpc-default-executor-2] INFO  impl.RoleInfo (RoleInfo.java:shutdownLeaderElection(121)) - 10120287-8d24-4050-8da6-9033ceeef397: shutdown 10120287-8d24-4050-8da6-9033ceeef397@group-48B17F817404-LeaderElection41
2021-08-10 18:28:33,910 [grpc-default-executor-2] INFO  impl.RoleInfo (RoleInfo.java:updateAndGet(130)) - 10120287-8d24-4050-8da6-9033ceeef397: start 10120287-8d24-4050-8da6-9033ceeef397@group-48B17F817404-FollowerState
2021-08-10 18:28:33,917 [grpc-default-executor-1] INFO  impl.VoteContext (VoteContext.java:log(48)) - caaea685-ee27-477a-9895-fe9115308b21@group-48B17F817404-FOLLOWER: reject ELECTION from 10120287-8d24-4050-8da6-9033ceeef397: already has voted for f742b26a-fba2-4c03-ac3e-9dfa3325d7d9 at current term 1
2021-08-10 18:28:33,917 [grpc-default-executor-1] INFO  server.RaftServer$Division (RaftServerImpl.java:requestVote(1075)) - caaea685-ee27-477a-9895-fe9115308b21@group-48B17F817404 replies to ELECTION vote request: 10120287-8d24-4050-8da6-9033ceeef397<-caaea685-ee27-477a-9895-fe9115308b21#0:FAIL-t1. Peer's state: caaea685-ee27-477a-9895-fe9115308b21@group-48B17F817404:t1, leader=f742b26a-fba2-4c03-ac3e-9dfa3325d7d9, voted=f742b26a-fba2-4c03-ac3e-9dfa3325d7d9, raftlog=caaea685-ee27-477a-9895-fe9115308b21@group-48B17F817404-SegmentedRaftLog:OPENED:c-1,f-1,i0, conf=-1: [10120287-8d24-4050-8da6-9033ceeef397|rpc:10.1.0.41:35929|dataStream:|priority:0, caaea685-ee27-477a-9895-fe9115308b21|rpc:10.1.0.41:46809|dataStream:|priority:0, f742b26a-fba2-4c03-ac3e-9dfa3325d7d9|rpc:10.1.0.41:34143|dataStream:|priority:1], old=null
2021-08-10 18:28:33,927 [grpc-default-executor-3] INFO  server.RaftServer$Division (RaftServerImpl.java:requestVote(1043)) - f742b26a-fba2-4c03-ac3e-9dfa3325d7d9@group-48B17F817404: receive requestVote(ELECTION, 10120287-8d24-4050-8da6-9033ceeef397, group-48B17F817404, 1, (t:0, i:0))
2021-08-10 18:28:33,928 [grpc-default-executor-3] INFO  impl.VoteContext (VoteContext.java:log(48)) - f742b26a-fba2-4c03-ac3e-9dfa3325d7d9@group-48B17F817404-LEADER: reject ELECTION from 10120287-8d24-4050-8da6-9033ceeef397: already has voted for f742b26a-fba2-4c03-ac3e-9dfa3325d7d9 at current term 1
2021-08-10 18:28:33,928 [grpc-default-executor-3] INFO  server.RaftServer$Division (RaftServerImpl.java:requestVote(1075)) - f742b26a-fba2-4c03-ac3e-9dfa3325d7d9@group-48B17F817404 replies to ELECTION vote request: 10120287-8d24-4050-8da6-9033ceeef397<-f742b26a-fba2-4c03-ac3e-9dfa3325d7d9#0:FAIL-t1. Peer's state: f742b26a-fba2-4c03-ac3e-9dfa3325d7d9@group-48B17F817404:t1, leader=f742b26a-fba2-4c03-ac3e-9dfa3325d7d9, voted=f742b26a-fba2-4c03-ac3e-9dfa3325d7d9, raftlog=f742b26a-fba2-4c03-ac3e-9dfa3325d7d9@group-48B17F817404-SegmentedRaftLog:OPENED:c0,f0,i0, conf=0: [10120287-8d24-4050-8da6-9033ceeef397|rpc:10.1.0.41:35929|dataStream:|priority:0, caaea685-ee27-477a-9895-fe9115308b21|rpc:10.1.0.41:46809|dataStream:|priority:0, f742b26a-fba2-4c03-ac3e-9dfa3325d7d9|rpc:10.1.0.41:34143|dataStream:|priority:1], old=null
2021-08-10 18:28:33,930 [grpc-default-executor-2] INFO  ratis.XceiverServerRatis (XceiverServerRatis.java:handleLeaderChangedNotification(857)) - Leader change notification received for group: group-48B17F817404 with new leaderId: f742b26a-fba2-4c03-ac3e-9dfa3325d7d9
2021-08-10 18:28:33,930 [grpc-default-executor-2] INFO  server.RaftServer$Division (ServerState.java:setLeader(285)) - 10120287-8d24-4050-8da6-9033ceeef397@group-48B17F817404: change Leader from null to f742b26a-fba2-4c03-ac3e-9dfa3325d7d9 at term 1 for appendEntries, leader elected after 5303ms
2021-08-10 18:28:33,939 [grpc-default-executor-2] INFO  server.RaftServer$Division (ServerState.java:setRaftConf(387)) - 10120287-8d24-4050-8da6-9033ceeef397@group-48B17F817404: set configuration 0: [10120287-8d24-4050-8da6-9033ceeef397|rpc:10.1.0.41:35929|dataStream:|priority:0, caaea685-ee27-477a-9895-fe9115308b21|rpc:10.1.0.41:46809|dataStream:|priority:0, f742b26a-fba2-4c03-ac3e-9dfa3325d7d9|rpc:10.1.0.41:34143|dataStream:|priority:1], old=null
2021-08-10 18:28:33,940 [grpc-default-executor-2] INFO  segmented.SegmentedRaftLogWorker (SegmentedRaftLogWorker.java:startLogSegment(394)) - 10120287-8d24-4050-8da6-9033ceeef397@group-48B17F817404-SegmentedRaftLogWorker: Starting segment from index:0
2021-08-10 18:28:33,941 [10120287-8d24-4050-8da6-9033ceeef397@group-48B17F817404-LeaderElection41] INFO  impl.LeaderElection (LeaderElection.java:logAndReturn(89)) - 10120287-8d24-4050-8da6-9033ceeef397@group-48B17F817404-LeaderElection41: ELECTION REJECTED received 1 response(s) and 0 exception(s):
2021-08-10 18:28:33,941 [10120287-8d24-4050-8da6-9033ceeef397@group-48B17F817404-LeaderElection41] INFO  impl.LeaderElection (LeaderElection.java:logAndReturn(93)) -   Response 0: 10120287-8d24-4050-8da6-9033ceeef397<-f742b26a-fba2-4c03-ac3e-9dfa3325d7d9#0:FAIL-t1
2021-08-10 18:28:33,941 [10120287-8d24-4050-8da6-9033ceeef397@group-48B17F817404-LeaderElection41] INFO  impl.LeaderElection (LeaderElection.java:askForVotes(308)) - 10120287-8d24-4050-8da6-9033ceeef397@group-48B17F817404-LeaderElection41 ELECTION round 0: result REJECTED
2021-08-10 18:28:33,944 [grpc-default-executor-1] INFO  server.RaftServer$Division (ServerState.java:setRaftConf(387)) - caaea685-ee27-477a-9895-fe9115308b21@group-48B17F817404: set configuration 0: [10120287-8d24-4050-8da6-9033ceeef397|rpc:10.1.0.41:35929|dataStream:|priority:0, caaea685-ee27-477a-9895-fe9115308b21|rpc:10.1.0.41:46809|dataStream:|priority:0, f742b26a-fba2-4c03-ac3e-9dfa3325d7d9|rpc:10.1.0.41:34143|dataStream:|priority:1], old=null
2021-08-10 18:28:33,944 [grpc-default-executor-1] INFO  segmented.SegmentedRaftLogWorker (SegmentedRaftLogWorker.java:startLogSegment(394)) - caaea685-ee27-477a-9895-fe9115308b21@group-48B17F817404-SegmentedRaftLogWorker: Starting segment from index:0
2021-08-10 18:28:33,947 [caaea685-ee27-477a-9895-fe9115308b21@group-48B17F817404-SegmentedRaftLogWorker] INFO  segmented.SegmentedRaftLogWorker (SegmentedRaftLogWorker.java:execute(601)) - caaea685-ee27-477a-9895-fe9115308b21@group-48B17F817404-SegmentedRaftLogWorker: created new log segment /home/runner/work/ozone/ozone/hadoop-ozone/integration-test/target/test-dir/MiniOzoneClusterImpl-a05ed1eb-feab-4415-88a0-4de04f3f758c/datanode-2/data/ratis/568d6894-7e1d-4f35-8924-48b17f817404/current/log_inprogress_0
2021-08-10 18:28:33,948 [10120287-8d24-4050-8da6-9033ceeef397@group-48B17F817404-SegmentedRaftLogWorker] INFO  segmented.SegmentedRaftLogWorker (SegmentedRaftLogWorker.java:execute(601)) - 10120287-8d24-4050-8da6-9033ceeef397@group-48B17F817404-SegmentedRaftLogWorker: created new log segment /home/runner/work/ozone/ozone/hadoop-ozone/integration-test/target/test-dir/MiniOzoneClusterImpl-a05ed1eb-feab-4415-88a0-4de04f3f758c/datanode-0/data/ratis/568d6894-7e1d-4f35-8924-48b17f817404/current/log_inprogress_0
2021-08-10 18:28:34,063 [10120287-8d24-4050-8da6-9033ceeef397@group-C1C0CC0F09C0-FollowerState] INFO  impl.FollowerState (FollowerState.java:run(134)) - 10120287-8d24-4050-8da6-9033ceeef397@group-C1C0CC0F09C0-FollowerState: change to CANDIDATE, lastRpcElapsedTime:5133069706ns, electionTimeout:5127ms
2021-08-10 18:28:34,063 [10120287-8d24-4050-8da6-9033ceeef397@group-C1C0CC0F09C0-FollowerState] INFO  impl.RoleInfo (RoleInfo.java:shutdownFollowerState(108)) - 10120287-8d24-4050-8da6-9033ceeef397: shutdown 10120287-8d24-4050-8da6-9033ceeef397@group-C1C0CC0F09C0-FollowerState
2021-08-10 18:28:34,063 [10120287-8d24-4050-8da6-9033ceeef397@group-C1C0CC0F09C0-FollowerState] INFO  server.RaftServer$Division (RaftServerImpl.java:setRole(285)) - 10120287-8d24-4050-8da6-9033ceeef397@group-C1C0CC0F09C0: changes role from  FOLLOWER to CANDIDATE at term 0 for changeToCandidate
2021-08-10 18:28:34,063 [10120287-8d24-4050-8da6-9033ceeef397@group-C1C0CC0F09C0-FollowerState] INFO  server.RaftServerConfigKeys (ConfUtils.java:logGet(44)) - raft.server.leaderelection.pre-vote = false (custom)
2021-08-10 18:28:34,063 [10120287-8d24-4050-8da6-9033ceeef397@group-C1C0CC0F09C0-FollowerState] INFO  impl.RoleInfo (RoleInfo.java:updateAndGet(130)) - 10120287-8d24-4050-8da6-9033ceeef397: start 10120287-8d24-4050-8da6-9033ceeef397@group-C1C0CC0F09C0-LeaderElection42
2021-08-10 18:28:34,075 [10120287-8d24-4050-8da6-9033ceeef397@group-C1C0CC0F09C0-LeaderElection42] INFO  impl.LeaderElection (LeaderElection.java:askForVotes(306)) - 10120287-8d24-4050-8da6-9033ceeef397@group-C1C0CC0F09C0-LeaderElection42 ELECTION round 0: submit vote requests at term 1 for -1: [10120287-8d24-4050-8da6-9033ceeef397|rpc:10.1.0.41:35929|priority:0, caaea685-ee27-477a-9895-fe9115308b21|rpc:10.1.0.41:46809|priority:1, f742b26a-fba2-4c03-ac3e-9dfa3325d7d9|rpc:10.1.0.41:34143|priority:0], old=null
2021-08-10 18:28:34,077 [grpc-default-executor-1] INFO  server.RaftServer$Division (RaftServerImpl.java:requestVote(1043)) - caaea685-ee27-477a-9895-fe9115308b21@group-C1C0CC0F09C0: receive requestVote(ELECTION, 10120287-8d24-4050-8da6-9033ceeef397, group-C1C0CC0F09C0, 1, (t:0, i:0))
2021-08-10 18:28:34,078 [grpc-default-executor-1] INFO  impl.VoteContext (VoteContext.java:log(48)) - caaea685-ee27-477a-9895-fe9115308b21@group-C1C0CC0F09C0-FOLLOWER: reject ELECTION from 10120287-8d24-4050-8da6-9033ceeef397: our priority 1 > candidate's priority 0
2021-08-10 18:28:34,078 [grpc-default-executor-1] INFO  server.RaftServer$Division (RaftServerImpl.java:setRole(285)) - caaea685-ee27-477a-9895-fe9115308b21@group-C1C0CC0F09C0: changes role from  FOLLOWER to FOLLOWER at term 1 for candidate:10120287-8d24-4050-8da6-9033ceeef397
2021-08-10 18:28:34,078 [grpc-default-executor-1] INFO  impl.RoleInfo (RoleInfo.java:shutdownFollowerState(108)) - caaea685-ee27-477a-9895-fe9115308b21: shutdown caaea685-ee27-477a-9895-fe9115308b21@group-C1C0CC0F09C0-FollowerState
2021-08-10 18:28:34,081 [grpc-default-executor-1] INFO  impl.RoleInfo (RoleInfo.java:updateAndGet(130)) - caaea685-ee27-477a-9895-fe9115308b21: start caaea685-ee27-477a-9895-fe9115308b21@group-C1C0CC0F09C0-FollowerState
2021-08-10 18:28:34,081 [caaea685-ee27-477a-9895-fe9115308b21@group-C1C0CC0F09C0-FollowerState] INFO  impl.FollowerState (FollowerState.java:run(143)) - caaea685-ee27-477a-9895-fe9115308b21@group-C1C0CC0F09C0-FollowerState was interrupted: {}
java.lang.InterruptedException: sleep interrupted
	at java.lang.Thread.sleep(Native Method)
	at java.lang.Thread.sleep(Thread.java:340)
	at java.util.concurrent.TimeUnit.sleep(TimeUnit.java:386)
	at org.apache.ratis.util.TimeDuration.sleep(TimeDuration.java:324)
	at org.apache.ratis.util.TimeDuration.sleep(TimeDuration.java:309)
	at org.apache.ratis.server.impl.FollowerState.run(FollowerState.java:118)
2021-08-10 18:28:34,084 [grpc-default-executor-3] INFO  server.RaftServer$Division (RaftServerImpl.java:requestVote(1043)) - f742b26a-fba2-4c03-ac3e-9dfa3325d7d9@group-C1C0CC0F09C0: receive requestVote(ELECTION, 10120287-8d24-4050-8da6-9033ceeef397, group-C1C0CC0F09C0, 1, (t:0, i:0))
2021-08-10 18:28:34,084 [grpc-default-executor-3] INFO  impl.VoteContext (VoteContext.java:log(48)) - f742b26a-fba2-4c03-ac3e-9dfa3325d7d9@group-C1C0CC0F09C0-FOLLOWER: accept ELECTION from 10120287-8d24-4050-8da6-9033ceeef397: our priority 0 <= candidate's priority 0
2021-08-10 18:28:34,084 [grpc-default-executor-3] INFO  server.RaftServer$Division (RaftServerImpl.java:setRole(285)) - f742b26a-fba2-4c03-ac3e-9dfa3325d7d9@group-C1C0CC0F09C0: changes role from  FOLLOWER to FOLLOWER at term 1 for candidate:10120287-8d24-4050-8da6-9033ceeef397
2021-08-10 18:28:34,084 [grpc-default-executor-3] INFO  impl.RoleInfo (RoleInfo.java:shutdownFollowerState(108)) - f742b26a-fba2-4c03-ac3e-9dfa3325d7d9: shutdown f742b26a-fba2-4c03-ac3e-9dfa3325d7d9@group-C1C0CC0F09C0-FollowerState
2021-08-10 18:28:34,085 [grpc-default-executor-3] INFO  impl.RoleInfo (RoleInfo.java:updateAndGet(130)) - f742b26a-fba2-4c03-ac3e-9dfa3325d7d9: start f742b26a-fba2-4c03-ac3e-9dfa3325d7d9@group-C1C0CC0F09C0-FollowerState
2021-08-10 18:28:34,085 [f742b26a-fba2-4c03-ac3e-9dfa3325d7d9@group-C1C0CC0F09C0-FollowerState] INFO  impl.FollowerState (FollowerState.java:run(143)) - f742b26a-fba2-4c03-ac3e-9dfa3325d7d9@group-C1C0CC0F09C0-FollowerState was interrupted: {}
java.lang.InterruptedException: sleep interrupted
	at java.lang.Thread.sleep(Native Method)
	at java.lang.Thread.sleep(Thread.java:340)
	at java.util.concurrent.TimeUnit.sleep(TimeUnit.java:386)
	at org.apache.ratis.util.TimeDuration.sleep(TimeDuration.java:324)
	at org.apache.ratis.util.TimeDuration.sleep(TimeDuration.java:309)
	at org.apache.ratis.server.impl.FollowerState.run(FollowerState.java:118)
2021-08-10 18:28:34,092 [grpc-default-executor-1] INFO  server.RaftServer$Division (RaftServerImpl.java:requestVote(1075)) - caaea685-ee27-477a-9895-fe9115308b21@group-C1C0CC0F09C0 replies to ELECTION vote request: 10120287-8d24-4050-8da6-9033ceeef397<-caaea685-ee27-477a-9895-fe9115308b21#0:FAIL-t1. Peer's state: caaea685-ee27-477a-9895-fe9115308b21@group-C1C0CC0F09C0:t1, leader=null, voted=null, raftlog=caaea685-ee27-477a-9895-fe9115308b21@group-C1C0CC0F09C0-SegmentedRaftLog:OPENED:c-1,f-1,i0, conf=-1: [10120287-8d24-4050-8da6-9033ceeef397|rpc:10.1.0.41:35929|dataStream:|priority:0, caaea685-ee27-477a-9895-fe9115308b21|rpc:10.1.0.41:46809|dataStream:|priority:1, f742b26a-fba2-4c03-ac3e-9dfa3325d7d9|rpc:10.1.0.41:34143|dataStream:|priority:0], old=null
2021-08-10 18:28:34,093 [grpc-default-executor-3] INFO  server.RaftServer$Division (RaftServerImpl.java:requestVote(1075)) - f742b26a-fba2-4c03-ac3e-9dfa3325d7d9@group-C1C0CC0F09C0 replies to ELECTION vote request: 10120287-8d24-4050-8da6-9033ceeef397<-f742b26a-fba2-4c03-ac3e-9dfa3325d7d9#0:OK-t1. Peer's state: f742b26a-fba2-4c03-ac3e-9dfa3325d7d9@group-C1C0CC0F09C0:t1, leader=null, voted=10120287-8d24-4050-8da6-9033ceeef397, raftlog=f742b26a-fba2-4c03-ac3e-9dfa3325d7d9@group-C1C0CC0F09C0-SegmentedRaftLog:OPENED:c-1,f-1,i0, conf=-1: [10120287-8d24-4050-8da6-9033ceeef397|rpc:10.1.0.41:35929|dataStream:|priority:0, caaea685-ee27-477a-9895-fe9115308b21|rpc:10.1.0.41:46809|dataStream:|priority:1, f742b26a-fba2-4c03-ac3e-9dfa3325d7d9|rpc:10.1.0.41:34143|dataStream:|priority:0], old=null
2021-08-10 18:28:34,096 [10120287-8d24-4050-8da6-9033ceeef397@group-C1C0CC0F09C0-LeaderElection42] INFO  impl.LeaderElection (LeaderElection.java:logAndReturn(89)) - 10120287-8d24-4050-8da6-9033ceeef397@group-C1C0CC0F09C0-LeaderElection42: ELECTION REJECTED received 1 response(s) and 0 exception(s):
2021-08-10 18:28:34,096 [10120287-8d24-4050-8da6-9033ceeef397@group-C1C0CC0F09C0-LeaderElection42] INFO  impl.LeaderElection (LeaderElection.java:logAndReturn(93)) -   Response 0: 10120287-8d24-4050-8da6-9033ceeef397<-caaea685-ee27-477a-9895-fe9115308b21#0:FAIL-t1
2021-08-10 18:28:34,096 [10120287-8d24-4050-8da6-9033ceeef397@group-C1C0CC0F09C0-LeaderElection42] INFO  impl.LeaderElection (LeaderElection.java:askForVotes(308)) - 10120287-8d24-4050-8da6-9033ceeef397@group-C1C0CC0F09C0-LeaderElection42 ELECTION round 0: result REJECTED
2021-08-10 18:28:34,096 [10120287-8d24-4050-8da6-9033ceeef397@group-C1C0CC0F09C0-LeaderElection42] INFO  server.RaftServer$Division (RaftServerImpl.java:setRole(285)) - 10120287-8d24-4050-8da6-9033ceeef397@group-C1C0CC0F09C0: changes role from CANDIDATE to FOLLOWER at term 1 for REJECTED
2021-08-10 18:28:34,096 [10120287-8d24-4050-8da6-9033ceeef397@group-C1C0CC0F09C0-LeaderElection42] INFO  impl.RoleInfo (RoleInfo.java:shutdownLeaderElection(121)) - 10120287-8d24-4050-8da6-9033ceeef397: shutdown 10120287-8d24-4050-8da6-9033ceeef397@group-C1C0CC0F09C0-LeaderElection42
2021-08-10 18:28:34,096 [10120287-8d24-4050-8da6-9033ceeef397@group-C1C0CC0F09C0-LeaderElection42] INFO  impl.RoleInfo (RoleInfo.java:updateAndGet(130)) - 10120287-8d24-4050-8da6-9033ceeef397: start 10120287-8d24-4050-8da6-9033ceeef397@group-C1C0CC0F09C0-FollowerState
2021-08-10 18:28:34,297 [f742b26a-fba2-4c03-ac3e-9dfa3325d7d9@group-31F9EA2E53B8-FollowerState] INFO  impl.FollowerState (FollowerState.java:run(134)) - f742b26a-fba2-4c03-ac3e-9dfa3325d7d9@group-31F9EA2E53B8-FollowerState: change to CANDIDATE, lastRpcElapsedTime:5163437315ns, electionTimeout:5154ms
2021-08-10 18:28:34,297 [f742b26a-fba2-4c03-ac3e-9dfa3325d7d9@group-31F9EA2E53B8-FollowerState] INFO  impl.RoleInfo (RoleInfo.java:shutdownFollowerState(108)) - f742b26a-fba2-4c03-ac3e-9dfa3325d7d9: shutdown f742b26a-fba2-4c03-ac3e-9dfa3325d7d9@group-31F9EA2E53B8-FollowerState
2021-08-10 18:28:34,297 [f742b26a-fba2-4c03-ac3e-9dfa3325d7d9@group-31F9EA2E53B8-FollowerState] INFO  server.RaftServer$Division (RaftServerImpl.java:setRole(285)) - f742b26a-fba2-4c03-ac3e-9dfa3325d7d9@group-31F9EA2E53B8: changes role from  FOLLOWER to CANDIDATE at term 0 for changeToCandidate
2021-08-10 18:28:34,297 [f742b26a-fba2-4c03-ac3e-9dfa3325d7d9@group-31F9EA2E53B8-FollowerState] INFO  server.RaftServerConfigKeys (ConfUtils.java:logGet(44)) - raft.server.leaderelection.pre-vote = false (custom)
2021-08-10 18:28:34,297 [f742b26a-fba2-4c03-ac3e-9dfa3325d7d9@group-31F9EA2E53B8-FollowerState] INFO  impl.RoleInfo (RoleInfo.java:updateAndGet(130)) - f742b26a-fba2-4c03-ac3e-9dfa3325d7d9: start f742b26a-fba2-4c03-ac3e-9dfa3325d7d9@group-31F9EA2E53B8-LeaderElection43
2021-08-10 18:28:34,315 [f742b26a-fba2-4c03-ac3e-9dfa3325d7d9@group-31F9EA2E53B8-LeaderElection43] INFO  impl.LeaderElection (LeaderElection.java:askForVotes(306)) - f742b26a-fba2-4c03-ac3e-9dfa3325d7d9@group-31F9EA2E53B8-LeaderElection43 ELECTION round 0: submit vote requests at term 1 for -1: [f742b26a-fba2-4c03-ac3e-9dfa3325d7d9|rpc:10.1.0.41:34143|priority:1], old=null
2021-08-10 18:28:34,315 [f742b26a-fba2-4c03-ac3e-9dfa3325d7d9@group-31F9EA2E53B8-LeaderElection43] INFO  impl.LeaderElection (LeaderElection.java:askForVotes(308)) - f742b26a-fba2-4c03-ac3e-9dfa3325d7d9@group-31F9EA2E53B8-LeaderElection43 ELECTION round 0: result PASSED (term=1)
2021-08-10 18:28:34,316 [f742b26a-fba2-4c03-ac3e-9dfa3325d7d9@group-31F9EA2E53B8-LeaderElection43] INFO  impl.RoleInfo (RoleInfo.java:shutdownLeaderElection(121)) - f742b26a-fba2-4c03-ac3e-9dfa3325d7d9: shutdown f742b26a-fba2-4c03-ac3e-9dfa3325d7d9@group-31F9EA2E53B8-LeaderElection43
2021-08-10 18:28:34,316 [f742b26a-fba2-4c03-ac3e-9dfa3325d7d9@group-31F9EA2E53B8-LeaderElection43] INFO  server.RaftServer$Division (RaftServerImpl.java:setRole(285)) - f742b26a-fba2-4c03-ac3e-9dfa3325d7d9@group-31F9EA2E53B8: changes role from CANDIDATE to LEADER at term 1 for changeToLeader
2021-08-10 18:28:34,316 [f742b26a-fba2-4c03-ac3e-9dfa3325d7d9@group-31F9EA2E53B8-LeaderElection43] INFO  ratis.XceiverServerRatis (XceiverServerRatis.java:handleLeaderChangedNotification(857)) - Leader change notification received for group: group-31F9EA2E53B8 with new leaderId: f742b26a-fba2-4c03-ac3e-9dfa3325d7d9
2021-08-10 18:28:34,316 [Datanode State Machine Thread - 0] WARN  statemachine.StateContext (StateContext.java:execute(621)) - No available thread in pool for past 1 seconds.
2021-08-10 18:28:34,319 [f742b26a-fba2-4c03-ac3e-9dfa3325d7d9@group-31F9EA2E53B8-LeaderElection43] INFO  server.RaftServer$Division (ServerState.java:setLeader(285)) - f742b26a-fba2-4c03-ac3e-9dfa3325d7d9@group-31F9EA2E53B8: change Leader from null to f742b26a-fba2-4c03-ac3e-9dfa3325d7d9 at term 1 for becomeLeader, leader elected after 5226ms
2021-08-10 18:28:34,319 [f742b26a-fba2-4c03-ac3e-9dfa3325d7d9@group-31F9EA2E53B8-LeaderElection43] INFO  server.RaftServerConfigKeys (ConfUtils.java:logGet(44)) - raft.server.staging.catchup.gap = 1000 (default)
2021-08-10 18:28:34,319 [f742b26a-fba2-4c03-ac3e-9dfa3325d7d9@group-31F9EA2E53B8-LeaderElection43] INFO  server.RaftServerConfigKeys (ConfUtils.java:logGet(44)) - raft.server.write.element-limit = 1024 (custom)
2021-08-10 18:28:34,319 [f742b26a-fba2-4c03-ac3e-9dfa3325d7d9@group-31F9EA2E53B8-LeaderElection43] INFO  server.RaftServerConfigKeys (ConfUtils.java:logGet(44)) - raft.server.write.byte-limit = 1073741824 (custom)
2021-08-10 18:28:34,320 [f742b26a-fba2-4c03-ac3e-9dfa3325d7d9@group-31F9EA2E53B8-LeaderElection43] INFO  server.RaftServerConfigKeys (ConfUtils.java:logGet(44)) - raft.server.watch.timeout = 180s (custom)
2021-08-10 18:28:34,320 [f742b26a-fba2-4c03-ac3e-9dfa3325d7d9@group-31F9EA2E53B8-LeaderElection43] INFO  server.RaftServerConfigKeys (ConfUtils.java:logGet(44)) - raft.server.watch.timeout.denomination = 1s (default)
2021-08-10 18:28:34,320 [f742b26a-fba2-4c03-ac3e-9dfa3325d7d9@group-31F9EA2E53B8-LeaderElection43] INFO  server.RaftServerConfigKeys (ConfUtils.java:logGet(44)) - raft.server.watch.element-limit = 65536 (default)
2021-08-10 18:28:34,321 [f742b26a-fba2-4c03-ac3e-9dfa3325d7d9@group-31F9EA2E53B8-LeaderElection43] INFO  impl.RoleInfo (RoleInfo.java:updateAndGet(130)) - f742b26a-fba2-4c03-ac3e-9dfa3325d7d9: start f742b26a-fba2-4c03-ac3e-9dfa3325d7d9@group-31F9EA2E53B8-LeaderStateImpl
2021-08-10 18:28:34,321 [f742b26a-fba2-4c03-ac3e-9dfa3325d7d9@group-31F9EA2E53B8-LeaderElection43] INFO  segmented.SegmentedRaftLogWorker (SegmentedRaftLogWorker.java:startLogSegment(394)) - f742b26a-fba2-4c03-ac3e-9dfa3325d7d9@group-31F9EA2E53B8-SegmentedRaftLogWorker: Starting segment from index:0
2021-08-10 18:28:34,323 [f742b26a-fba2-4c03-ac3e-9dfa3325d7d9@group-31F9EA2E53B8-SegmentedRaftLogWorker] INFO  segmented.SegmentedRaftLogWorker (SegmentedRaftLogWorker.java:execute(601)) - f742b26a-fba2-4c03-ac3e-9dfa3325d7d9@group-31F9EA2E53B8-SegmentedRaftLogWorker: created new log segment /home/runner/work/ozone/ozone/hadoop-ozone/integration-test/target/test-dir/MiniOzoneClusterImpl-a05ed1eb-feab-4415-88a0-4de04f3f758c/datanode-1/data/ratis/ed080598-45f4-43a0-aa45-31f9ea2e53b8/current/log_inprogress_0
2021-08-10 18:28:34,347 [f742b26a-fba2-4c03-ac3e-9dfa3325d7d9@group-31F9EA2E53B8-LeaderElection43] INFO  server.RaftServer$Division (ServerState.java:setRaftConf(387)) - f742b26a-fba2-4c03-ac3e-9dfa3325d7d9@group-31F9EA2E53B8: set configuration 0: [f742b26a-fba2-4c03-ac3e-9dfa3325d7d9|rpc:10.1.0.41:34143|dataStream:|priority:1], old=null
2021-08-10 18:28:34,619 [Listener at 127.0.0.1/43729] INFO  ozone.MiniOzoneClusterImpl (MiniOzoneClusterImpl.java:lambda$waitForClusterToBeReady$0(235)) - Nodes are ready. Got 3 of 3 DN Heartbeats.
2021-08-10 18:28:34,619 [Listener at 127.0.0.1/43729] INFO  ozone.MiniOzoneClusterImpl (MiniOzoneClusterImpl.java:lambda$waitForClusterToBeReady$0(238)) - Cluster exits safe mode
2021-08-10 18:28:34,619 [Listener at 127.0.0.1/43729] INFO  ozone.MiniOzoneClusterImpl (MiniOzoneClusterImpl.java:lambda$waitForClusterToBeReady$0(240)) - SCM became leader
2021-08-10 18:28:34,620 [Listener at 127.0.0.1/43729] INFO  ha.SequenceIdGenerator (SequenceIdGenerator.java:getNextId(127)) - Allocate a batch for containerId, change lastId from 0 to 1000.
2021-08-10 18:28:34,826 [caaea685-ee27-477a-9895-fe9115308b21@group-114C655627EF-FollowerState] INFO  impl.FollowerState (FollowerState.java:run(134)) - caaea685-ee27-477a-9895-fe9115308b21@group-114C655627EF-FollowerState: change to CANDIDATE, lastRpcElapsedTime:5165744008ns, electionTimeout:5165ms
2021-08-10 18:28:34,826 [caaea685-ee27-477a-9895-fe9115308b21@group-114C655627EF-FollowerState] INFO  impl.RoleInfo (RoleInfo.java:shutdownFollowerState(108)) - caaea685-ee27-477a-9895-fe9115308b21: shutdown caaea685-ee27-477a-9895-fe9115308b21@group-114C655627EF-FollowerState
2021-08-10 18:28:34,826 [caaea685-ee27-477a-9895-fe9115308b21@group-114C655627EF-FollowerState] INFO  server.RaftServer$Division (RaftServerImpl.java:setRole(285)) - caaea685-ee27-477a-9895-fe9115308b21@group-114C655627EF: changes role from  FOLLOWER to CANDIDATE at term 0 for changeToCandidate
2021-08-10 18:28:34,827 [caaea685-ee27-477a-9895-fe9115308b21@group-114C655627EF-FollowerState] INFO  server.RaftServerConfigKeys (ConfUtils.java:logGet(44)) - raft.server.leaderelection.pre-vote = false (custom)
2021-08-10 18:28:34,827 [caaea685-ee27-477a-9895-fe9115308b21@group-114C655627EF-FollowerState] INFO  impl.RoleInfo (RoleInfo.java:updateAndGet(130)) - caaea685-ee27-477a-9895-fe9115308b21: start caaea685-ee27-477a-9895-fe9115308b21@group-114C655627EF-LeaderElection44
2021-08-10 18:28:34,848 [caaea685-ee27-477a-9895-fe9115308b21@group-114C655627EF-LeaderElection44] INFO  impl.LeaderElection (LeaderElection.java:askForVotes(306)) - caaea685-ee27-477a-9895-fe9115308b21@group-114C655627EF-LeaderElection44 ELECTION round 0: submit vote requests at term 1 for -1: [caaea685-ee27-477a-9895-fe9115308b21|rpc:10.1.0.41:46809|priority:1], old=null
2021-08-10 18:28:34,848 [caaea685-ee27-477a-9895-fe9115308b21@group-114C655627EF-LeaderElection44] INFO  impl.LeaderElection (LeaderElection.java:askForVotes(308)) - caaea685-ee27-477a-9895-fe9115308b21@group-114C655627EF-LeaderElection44 ELECTION round 0: result PASSED (term=1)
2021-08-10 18:28:34,848 [caaea685-ee27-477a-9895-fe9115308b21@group-114C655627EF-LeaderElection44] INFO  impl.RoleInfo (RoleInfo.java:shutdownLeaderElection(121)) - caaea685-ee27-477a-9895-fe9115308b21: shutdown caaea685-ee27-477a-9895-fe9115308b21@group-114C655627EF-LeaderElection44
2021-08-10 18:28:34,848 [caaea685-ee27-477a-9895-fe9115308b21@group-114C655627EF-LeaderElection44] INFO  server.RaftServer$Division (RaftServerImpl.java:setRole(285)) - caaea685-ee27-477a-9895-fe9115308b21@group-114C655627EF: changes role from CANDIDATE to LEADER at term 1 for changeToLeader
2021-08-10 18:28:34,848 [caaea685-ee27-477a-9895-fe9115308b21@group-114C655627EF-LeaderElection44] INFO  ratis.XceiverServerRatis (XceiverServerRatis.java:handleLeaderChangedNotification(857)) - Leader change notification received for group: group-114C655627EF with new leaderId: caaea685-ee27-477a-9895-fe9115308b21
2021-08-10 18:28:34,852 [caaea685-ee27-477a-9895-fe9115308b21@group-114C655627EF-LeaderElection44] INFO  server.RaftServer$Division (ServerState.java:setLeader(285)) - caaea685-ee27-477a-9895-fe9115308b21@group-114C655627EF: change Leader from null to caaea685-ee27-477a-9895-fe9115308b21 at term 1 for becomeLeader, leader elected after 5199ms
2021-08-10 18:28:34,852 [caaea685-ee27-477a-9895-fe9115308b21@group-114C655627EF-LeaderElection44] INFO  server.RaftServerConfigKeys (ConfUtils.java:logGet(44)) - raft.server.staging.catchup.gap = 1000 (default)
2021-08-10 18:28:34,852 [caaea685-ee27-477a-9895-fe9115308b21@group-114C655627EF-LeaderElection44] INFO  server.RaftServerConfigKeys (ConfUtils.java:logGet(44)) - raft.server.write.element-limit = 1024 (custom)
2021-08-10 18:28:34,852 [caaea685-ee27-477a-9895-fe9115308b21@group-114C655627EF-LeaderElection44] INFO  server.RaftServerConfigKeys (ConfUtils.java:logGet(44)) - raft.server.write.byte-limit = 1073741824 (custom)
2021-08-10 18:28:34,852 [caaea685-ee27-477a-9895-fe9115308b21@group-114C655627EF-LeaderElection44] INFO  server.RaftServerConfigKeys (ConfUtils.java:logGet(44)) - raft.server.watch.timeout = 180s (custom)
2021-08-10 18:28:34,852 [caaea685-ee27-477a-9895-fe9115308b21@group-114C655627EF-LeaderElection44] INFO  server.RaftServerConfigKeys (ConfUtils.java:logGet(44)) - raft.server.watch.timeout.denomination = 1s (default)
2021-08-10 18:28:34,852 [caaea685-ee27-477a-9895-fe9115308b21@group-114C655627EF-LeaderElection44] INFO  server.RaftServerConfigKeys (ConfUtils.java:logGet(44)) - raft.server.watch.element-limit = 65536 (default)
2021-08-10 18:28:34,853 [caaea685-ee27-477a-9895-fe9115308b21@group-114C655627EF-LeaderElection44] INFO  impl.RoleInfo (RoleInfo.java:updateAndGet(130)) - caaea685-ee27-477a-9895-fe9115308b21: start caaea685-ee27-477a-9895-fe9115308b21@group-114C655627EF-LeaderStateImpl
2021-08-10 18:28:34,853 [caaea685-ee27-477a-9895-fe9115308b21@group-114C655627EF-LeaderElection44] INFO  segmented.SegmentedRaftLogWorker (SegmentedRaftLogWorker.java:startLogSegment(394)) - caaea685-ee27-477a-9895-fe9115308b21@group-114C655627EF-SegmentedRaftLogWorker: Starting segment from index:0
2021-08-10 18:28:34,873 [caaea685-ee27-477a-9895-fe9115308b21@group-114C655627EF-LeaderElection44] INFO  server.RaftServer$Division (ServerState.java:setRaftConf(387)) - caaea685-ee27-477a-9895-fe9115308b21@group-114C655627EF: set configuration 0: [caaea685-ee27-477a-9895-fe9115308b21|rpc:10.1.0.41:46809|dataStream:|priority:1], old=null
2021-08-10 18:28:34,875 [caaea685-ee27-477a-9895-fe9115308b21@group-114C655627EF-SegmentedRaftLogWorker] INFO  segmented.SegmentedRaftLogWorker (SegmentedRaftLogWorker.java:execute(601)) - caaea685-ee27-477a-9895-fe9115308b21@group-114C655627EF-SegmentedRaftLogWorker: created new log segment /home/runner/work/ozone/ozone/hadoop-ozone/integration-test/target/test-dir/MiniOzoneClusterImpl-a05ed1eb-feab-4415-88a0-4de04f3f758c/datanode-2/data/ratis/1adec00e-1ef5-4875-be2e-114c655627ef/current/log_inprogress_0
2021-08-10 18:28:36,086 [Listener at 127.0.0.1/43729] ERROR ratis.XceiverServerRatis (XceiverServerRatis.java:triggerPipelineClose(672)) - pipeline Action CLOSE on pipeline PipelineID=568d6894-7e1d-4f35-8924-48b17f817404.Reason : Unspecified failure reported in Ratis log
2021-08-10 18:28:36,088 [Datanode State Machine Thread - 0] WARN  statemachine.StateContext (StateContext.java:execute(621)) - No available thread in pool for past 1 seconds.
2021-08-10 18:28:36,117 [EventQueue-PipelineActionsForPipelineActionHandler] INFO  pipeline.PipelineActionHandler (PipelineActionHandler.java:processPipelineAction(82)) - Received pipeline action CLOSE for PipelineID=568d6894-7e1d-4f35-8924-48b17f817404 from datanode f742b26a-fba2-4c03-ac3e-9dfa3325d7d9. Reason : Unspecified failure reported in Ratis log
2021-08-10 18:28:36,119 [EventQueue-PipelineActionsForPipelineActionHandler] INFO  pipeline.PipelineManagerImpl (PipelineManagerImpl.java:closePipeline(343)) - Pipeline Pipeline[ Id: 568d6894-7e1d-4f35-8924-48b17f817404, Nodes: f742b26a-fba2-4c03-ac3e-9dfa3325d7d9{ip: 10.1.0.41, host: fv-az291-953.wgnan5asplgejimfprtllbpdch.jx.internal.cloudapp.net, ports: [REPLICATION=43267, RATIS=34143, RATIS_ADMIN=34143, RATIS_SERVER=34143, STANDALONE=34217], networkLocation: /default-rack, certSerialId: null, persistedOpState: IN_SERVICE, persistedOpStateExpiryEpochSec: 0}10120287-8d24-4050-8da6-9033ceeef397{ip: 10.1.0.41, host: fv-az291-953.wgnan5asplgejimfprtllbpdch.jx.internal.cloudapp.net, ports: [REPLICATION=38453, RATIS=35929, RATIS_ADMIN=35929, RATIS_SERVER=35929, STANDALONE=34193], networkLocation: /default-rack, certSerialId: null, persistedOpState: IN_SERVICE, persistedOpStateExpiryEpochSec: 0}caaea685-ee27-477a-9895-fe9115308b21{ip: 10.1.0.41, host: fv-az291-953.wgnan5asplgejimfprtllbpdch.jx.internal.cloudapp.net, ports: [REPLICATION=41209, RATIS=46809, RATIS_ADMIN=46809, RATIS_SERVER=46809, STANDALONE=35669], networkLocation: /default-rack, certSerialId: null, persistedOpState: IN_SERVICE, persistedOpStateExpiryEpochSec: 0}, ReplicationConfig: RATIS/THREE, State:OPEN, leaderId:f742b26a-fba2-4c03-ac3e-9dfa3325d7d9, CreationTimestamp2021-08-10T18:28:26.649Z[Etc/UTC]] moved to CLOSED state
2021-08-10 18:28:36,137 [EventQueue-PipelineActionsForPipelineActionHandler] INFO  pipeline.RatisPipelineProvider (RatisPipelineProvider.java:lambda$close$1(222)) - Send pipeline:PipelineID=568d6894-7e1d-4f35-8924-48b17f817404 close command to datanode f742b26a-fba2-4c03-ac3e-9dfa3325d7d9
2021-08-10 18:28:36,137 [EventQueue-PipelineActionsForPipelineActionHandler] INFO  pipeline.RatisPipelineProvider (RatisPipelineProvider.java:lambda$close$1(222)) - Send pipeline:PipelineID=568d6894-7e1d-4f35-8924-48b17f817404 close command to datanode 10120287-8d24-4050-8da6-9033ceeef397
2021-08-10 18:28:36,137 [EventQueue-PipelineActionsForPipelineActionHandler] INFO  pipeline.RatisPipelineProvider (RatisPipelineProvider.java:lambda$close$1(222)) - Send pipeline:PipelineID=568d6894-7e1d-4f35-8924-48b17f817404 close command to datanode caaea685-ee27-477a-9895-fe9115308b21
2021-08-10 18:28:36,137 [EventQueue-CloseContainerForCloseContainerEventHandler] INFO  container.CloseContainerEventHandler (CloseContainerEventHandler.java:onMessage(69)) - Close container Event triggered for container : #1
2021-08-10 18:28:36,138 [EventQueue-PipelineActionsForPipelineActionHandler] INFO  pipeline.PipelineStateManager (PipelineStateManagerV2Impl.java:removePipeline(211)) - Pipeline Pipeline[ Id: 568d6894-7e1d-4f35-8924-48b17f817404, Nodes: f742b26a-fba2-4c03-ac3e-9dfa3325d7d9{ip: 10.1.0.41, host: fv-az291-953.wgnan5asplgejimfprtllbpdch.jx.internal.cloudapp.net, ports: [REPLICATION=43267, RATIS=34143, RATIS_ADMIN=34143, RATIS_SERVER=34143, STANDALONE=34217], networkLocation: /default-rack, certSerialId: null, persistedOpState: IN_SERVICE, persistedOpStateExpiryEpochSec: 0}10120287-8d24-4050-8da6-9033ceeef397{ip: 10.1.0.41, host: fv-az291-953.wgnan5asplgejimfprtllbpdch.jx.internal.cloudapp.net, ports: [REPLICATION=38453, RATIS=35929, RATIS_ADMIN=35929, RATIS_SERVER=35929, STANDALONE=34193], networkLocation: /default-rack, certSerialId: null, persistedOpState: IN_SERVICE, persistedOpStateExpiryEpochSec: 0}caaea685-ee27-477a-9895-fe9115308b21{ip: 10.1.0.41, host: fv-az291-953.wgnan5asplgejimfprtllbpdch.jx.internal.cloudapp.net, ports: [REPLICATION=41209, RATIS=46809, RATIS_ADMIN=46809, RATIS_SERVER=46809, STANDALONE=35669], networkLocation: /default-rack, certSerialId: null, persistedOpState: IN_SERVICE, persistedOpStateExpiryEpochSec: 0}, ReplicationConfig: RATIS/THREE, State:CLOSED, leaderId:f742b26a-fba2-4c03-ac3e-9dfa3325d7d9, CreationTimestamp2021-08-10T18:28:26.649Z[Etc/UTC]] removed.
2021-08-10 18:28:36,173 [EventQueue-CloseContainerForCloseContainerEventHandler] INFO  pipeline.PipelineStateManager (PipelineStateManagerV2Impl.java:removeContainerFromPipeline(237)) - Pipeline PipelineID=568d6894-7e1d-4f35-8924-48b17f817404 is not found in the pipeline2ContainerMap. Pipeline may have been closed already.
2021-08-10 18:28:36,175 [EventQueue-CloseContainerForCloseContainerEventHandler] INFO  container.CloseContainerEventHandler (CloseContainerEventHandler.java:onMessage(69)) - Close container Event triggered for container : #2
2021-08-10 18:28:36,179 [EventQueue-CloseContainerForCloseContainerEventHandler] INFO  pipeline.PipelineStateManager (PipelineStateManagerV2Impl.java:removeContainerFromPipeline(237)) - Pipeline PipelineID=568d6894-7e1d-4f35-8924-48b17f817404 is not found in the pipeline2ContainerMap. Pipeline may have been closed already.
2021-08-10 18:28:36,458 [Listener at 127.0.0.1/43729] INFO  ozone.MiniOzoneClusterImpl (MiniOzoneClusterImpl.java:shutdown(453)) - Shutting down the Mini Ozone Cluster
2021-08-10 18:28:36,459 [Listener at 127.0.0.1/43729] INFO  ozone.MiniOzoneClusterImpl (MiniOzoneClusterImpl.java:stop(468)) - Stopping the Mini Ozone Cluster
2021-08-10 18:28:36,459 [Listener at 127.0.0.1/43729] INFO  ozone.MiniOzoneClusterImpl (MiniOzoneClusterImpl.java:stopOM(550)) - Stopping the OzoneManager
2021-08-10 18:28:36,459 [Listener at 127.0.0.1/43729] INFO  om.OzoneManager (OzoneManager.java:stop(1632)) - Stopping Ozone Manager
2021-08-10 18:28:36,480 [Listener at 127.0.0.1/43729] INFO  ipc.Server (Server.java:stop(3414)) - Stopping server on 43729
2021-08-10 18:28:36,547 [IPC Server listener on 0] INFO  ipc.Server (Server.java:run(1376)) - Stopping IPC Server listener on 0
2021-08-10 18:28:36,548 [IPC Server Responder] INFO  ipc.Server (Server.java:run(1512)) - Stopping IPC Server Responder
2021-08-10 18:28:36,552 [Listener at 127.0.0.1/43729] INFO  server.RaftServer (RaftServerProxy.java:lambda$close$6(391)) - om1: close
2021-08-10 18:28:36,552 [Listener at 127.0.0.1/43729] INFO  server.RaftServer$Division (RaftServerImpl.java:lambda$close$4(407)) - om1@group-C5BA1605619E: shutdown
2021-08-10 18:28:36,553 [Listener at 127.0.0.1/43729] INFO  util.JmxRegister (JmxRegister.java:unregister(73)) - Successfully un-registered JMX Bean with object name Ratis:service=RaftServer,group=group-C5BA1605619E,id=om1
2021-08-10 18:28:36,553 [Listener at 127.0.0.1/43729] INFO  impl.RoleInfo (RoleInfo.java:shutdownLeaderState(91)) - om1: shutdown om1@group-C5BA1605619E-LeaderStateImpl
2021-08-10 18:28:36,553 [Listener at 127.0.0.1/43729] INFO  impl.PendingRequests (PendingRequests.java:sendNotLeaderResponses(249)) - om1@group-C5BA1605619E-PendingRequests: sendNotLeaderResponses
2021-08-10 18:28:36,555 [Listener at 127.0.0.1/43729] INFO  impl.StateMachineUpdater (StateMachineUpdater.java:stopAndJoin(149)) - om1@group-C5BA1605619E-StateMachineUpdater: set stopIndex = 0
2021-08-10 18:28:36,573 [om1@group-C5BA1605619E-StateMachineUpdater] INFO  ratis.OzoneManagerStateMachine (OzoneManagerStateMachine.java:takeSnapshot(417)) - Current Snapshot Index (t:1, i:0)
2021-08-10 18:28:36,573 [om1@group-C5BA1605619E-StateMachineUpdater] INFO  impl.StateMachineUpdater (StateMachineUpdater.java:takeSnapshot(281)) - om1@group-C5BA1605619E-StateMachineUpdater: Took a snapshot at index 0
2021-08-10 18:28:36,573 [om1@group-C5BA1605619E-StateMachineUpdater] INFO  impl.StateMachineUpdater (StateMachineUpdater.java:lambda$new$0(89)) - om1@group-C5BA1605619E-StateMachineUpdater: snapshotIndex: updateIncreasingly -1 -> 0
2021-08-10 18:28:36,573 [om1@group-C5BA1605619E-StateMachineUpdater] INFO  ratis.OzoneManagerStateMachine (OzoneManagerStateMachine.java:close(471)) - StateMachine has shutdown. Shutdown OzoneManager if not already shutdown.
2021-08-10 18:28:36,574 [Listener at 127.0.0.1/43729] INFO  server.RaftServer$Division (ServerState.java:close(419)) - om1@group-C5BA1605619E: closes. applyIndex: 0
2021-08-10 18:28:36,580 [om1@group-C5BA1605619E-SegmentedRaftLogWorker] INFO  segmented.SegmentedRaftLogWorker (SegmentedRaftLogWorker.java:run(327)) - om1@group-C5BA1605619E-SegmentedRaftLogWorker was interrupted, exiting. There are 0 tasks remaining in the queue.
2021-08-10 18:28:36,582 [Listener at 127.0.0.1/43729] INFO  segmented.SegmentedRaftLogWorker (SegmentedRaftLogWorker.java:close(237)) - om1@group-C5BA1605619E-SegmentedRaftLogWorker close()
2021-08-10 18:28:36,596 [Listener at 127.0.0.1/43729] INFO  server.GrpcService (GrpcService.java:closeImpl(262)) - om1: shutdown server with port 9872 now
2021-08-10 18:28:36,600 [Listener at 127.0.0.1/43729] INFO  server.GrpcService (GrpcService.java:closeImpl(271)) - om1: shutdown server with port 9872 successfully
2021-08-10 18:28:36,600 [org.apache.ratis.util.JvmPauseMonitor$$Lambda$531/2055791967@4a0e2803] INFO  util.JvmPauseMonitor (JvmPauseMonitor.java:run(109)) - JvmPauseMonitor-om1: Stopped
2021-08-10 18:28:36,600 [Listener at 127.0.0.1/43729] INFO  ratis.OzoneManagerDoubleBuffer (OzoneManagerDoubleBuffer.java:stop(437)) - Stopping OMDoubleBuffer flush thread
2021-08-10 18:28:36,601 [OMDoubleBufferFlushThread] INFO  ratis.OzoneManagerDoubleBuffer (OzoneManagerDoubleBuffer.java:flushTransactions(356)) - OMDoubleBuffer flush thread OMDoubleBufferFlushThread is interrupted and will exit. OMDoubleBufferFlushThread
2021-08-10 18:28:36,604 [Listener at 127.0.0.1/43729] INFO  utils.BackgroundService (BackgroundService.java:shutdown(132)) - Shutting down service KeyDeletingService
2021-08-10 18:28:36,664 [Listener at 127.0.0.1/43729] INFO  handler.ContextHandler (ContextHandler.java:doStop(1153)) - Stopped o.e.j.w.WebAppContext@f9299b4{ozoneManager,/,null,STOPPED}{file:/home/runner/work/ozone/ozone/hadoop-ozone/integration-test/target/test-classes/webapps/ozoneManager}
2021-08-10 18:28:36,665 [Listener at 127.0.0.1/43729] INFO  server.AbstractConnector (AbstractConnector.java:doStop(381)) - Stopped ServerConnector@5e9f523e{HTTP/1.1, (http/1.1)}{0.0.0.0:0}
2021-08-10 18:28:36,665 [Listener at 127.0.0.1/43729] INFO  server.session (HouseKeeper.java:stopScavenging(149)) - node0 Stopped scavenging
2021-08-10 18:28:36,666 [Listener at 127.0.0.1/43729] INFO  handler.ContextHandler (ContextHandler.java:doStop(1153)) - Stopped o.e.j.s.ServletContextHandler@2ca8f841{static,/static,file:///home/runner/work/ozone/ozone/hadoop-ozone/integration-test/target/test-classes/webapps/static,STOPPED}
2021-08-10 18:28:36,666 [Listener at 127.0.0.1/43729] INFO  handler.ContextHandler (ContextHandler.java:doStop(1153)) - Stopped o.e.j.s.ServletContextHandler@3ccd6b57{logs,/logs,file:///home/runner/work/ozone/ozone/hadoop-ozone/integration-test/target/log,STOPPED}
2021-08-10 18:28:36,670 [Listener at 127.0.0.1/43729] INFO  ozone.MiniOzoneClusterImpl (MiniOzoneClusterImpl.java:stopDatanodes(527)) - Stopping the HddsDatanodes
2021-08-10 18:28:36,846 [Datanode State Machine Thread - 0] INFO  statemachine.DatanodeStateMachine (DatanodeStateMachine.java:lambda$startDaemon$0(457)) - Ozone container server started.
2021-08-10 18:28:37,088 [Datanode State Machine Thread - 0] INFO  statemachine.DatanodeStateMachine (DatanodeStateMachine.java:lambda$startDaemon$0(457)) - Ozone container server started.
2021-08-10 18:28:38,849 [Command processor thread] INFO  server.RaftServer (RaftServerProxy.java:remove(106)) - caaea685-ee27-477a-9895-fe9115308b21: remove  FOLLOWER caaea685-ee27-477a-9895-fe9115308b21@group-48B17F817404:t1, leader=f742b26a-fba2-4c03-ac3e-9dfa3325d7d9, voted=f742b26a-fba2-4c03-ac3e-9dfa3325d7d9, raftlog=caaea685-ee27-477a-9895-fe9115308b21@group-48B17F817404-SegmentedRaftLog:OPENED:c0,f0,i0, conf=0: [10120287-8d24-4050-8da6-9033ceeef397|rpc:10.1.0.41:35929|dataStream:|priority:0, caaea685-ee27-477a-9895-fe9115308b21|rpc:10.1.0.41:46809|dataStream:|priority:0, f742b26a-fba2-4c03-ac3e-9dfa3325d7d9|rpc:10.1.0.41:34143|dataStream:|priority:1], old=null RUNNING
2021-08-10 18:28:38,850 [Command processor thread] INFO  server.RaftServer$Division (RaftServerImpl.java:lambda$close$4(407)) - caaea685-ee27-477a-9895-fe9115308b21@group-48B17F817404: shutdown
2021-08-10 18:28:38,850 [Command processor thread] INFO  util.JmxRegister (JmxRegister.java:unregister(73)) - Successfully un-registered JMX Bean with object name Ratis:service=RaftServer,group=group-48B17F817404,id=caaea685-ee27-477a-9895-fe9115308b21
2021-08-10 18:28:38,850 [Command processor thread] INFO  impl.RoleInfo (RoleInfo.java:shutdownFollowerState(108)) - caaea685-ee27-477a-9895-fe9115308b21: shutdown caaea685-ee27-477a-9895-fe9115308b21@group-48B17F817404-FollowerState
2021-08-10 18:28:38,850 [Command processor thread] INFO  impl.StateMachineUpdater (StateMachineUpdater.java:stopAndJoin(149)) - caaea685-ee27-477a-9895-fe9115308b21@group-48B17F817404-StateMachineUpdater: set stopIndex = 0
2021-08-10 18:28:38,852 [caaea685-ee27-477a-9895-fe9115308b21@group-48B17F817404-StateMachineUpdater] INFO  ratis.ContainerStateMachine (ContainerStateMachine.java:takeSnapshot(291)) - group-48B17F817404: Taking a snapshot at:(t:1, i:0) file /home/runner/work/ozone/ozone/hadoop-ozone/integration-test/target/test-dir/MiniOzoneClusterImpl-a05ed1eb-feab-4415-88a0-4de04f3f758c/datanode-2/data/ratis/568d6894-7e1d-4f35-8924-48b17f817404/sm/snapshot.1_0
2021-08-10 18:28:38,855 [caaea685-ee27-477a-9895-fe9115308b21@group-48B17F817404-StateMachineUpdater] INFO  ratis.ContainerStateMachine (ContainerStateMachine.java:takeSnapshot(302)) - group-48B17F817404: Finished taking a snapshot at:(t:1, i:0) file:/home/runner/work/ozone/ozone/hadoop-ozone/integration-test/target/test-dir/MiniOzoneClusterImpl-a05ed1eb-feab-4415-88a0-4de04f3f758c/datanode-2/data/ratis/568d6894-7e1d-4f35-8924-48b17f817404/sm/snapshot.1_0 took: 4 ms
2021-08-10 18:28:38,856 [caaea685-ee27-477a-9895-fe9115308b21@group-48B17F817404-StateMachineUpdater] INFO  impl.StateMachineUpdater (StateMachineUpdater.java:takeSnapshot(281)) - caaea685-ee27-477a-9895-fe9115308b21@group-48B17F817404-StateMachineUpdater: Took a snapshot at index 0
2021-08-10 18:28:38,856 [caaea685-ee27-477a-9895-fe9115308b21@group-48B17F817404-StateMachineUpdater] INFO  impl.StateMachineUpdater (StateMachineUpdater.java:lambda$new$0(89)) - caaea685-ee27-477a-9895-fe9115308b21@group-48B17F817404-StateMachineUpdater: snapshotIndex: updateIncreasingly -1 -> 0
2021-08-10 18:28:38,857 [Command processor thread] INFO  server.RaftServer$Division (ServerState.java:close(419)) - caaea685-ee27-477a-9895-fe9115308b21@group-48B17F817404: closes. applyIndex: 0
2021-08-10 18:28:38,857 [caaea685-ee27-477a-9895-fe9115308b21@group-48B17F817404-SegmentedRaftLogWorker] INFO  segmented.SegmentedRaftLogWorker (SegmentedRaftLogWorker.java:run(327)) - caaea685-ee27-477a-9895-fe9115308b21@group-48B17F817404-SegmentedRaftLogWorker was interrupted, exiting. There are 0 tasks remaining in the queue.
2021-08-10 18:28:38,860 [Command processor thread] INFO  segmented.SegmentedRaftLogWorker (SegmentedRaftLogWorker.java:close(237)) - caaea685-ee27-477a-9895-fe9115308b21@group-48B17F817404-SegmentedRaftLogWorker close()
2021-08-10 18:28:38,862 [Command processor thread] INFO  server.RaftServer$Division (RaftServerImpl.java:groupRemove(377)) - caaea685-ee27-477a-9895-fe9115308b21@group-48B17F817404: Succeed to remove RaftStorageDirectory Storage Directory /home/runner/work/ozone/ozone/hadoop-ozone/integration-test/target/test-dir/MiniOzoneClusterImpl-a05ed1eb-feab-4415-88a0-4de04f3f758c/datanode-2/data/ratis/568d6894-7e1d-4f35-8924-48b17f817404
2021-08-10 18:28:38,862 [Command processor thread] INFO  commandhandler.ClosePipelineCommandHandler (ClosePipelineCommandHandler.java:handle(75)) - Close Pipeline PipelineID=568d6894-7e1d-4f35-8924-48b17f817404 command on datanode caaea685-ee27-477a-9895-fe9115308b21.
2021-08-10 18:28:38,863 [caaea685-ee27-477a-9895-fe9115308b21@group-48B17F817404-FollowerState] INFO  impl.FollowerState (FollowerState.java:run(143)) - caaea685-ee27-477a-9895-fe9115308b21@group-48B17F817404-FollowerState was interrupted: {}
java.lang.InterruptedException: sleep interrupted
	at java.lang.Thread.sleep(Native Method)
	at java.lang.Thread.sleep(Thread.java:340)
	at java.util.concurrent.TimeUnit.sleep(TimeUnit.java:386)
	at org.apache.ratis.util.TimeDuration.sleep(TimeDuration.java:324)
	at org.apache.ratis.util.TimeDuration.sleep(TimeDuration.java:309)
	at org.apache.ratis.server.impl.FollowerState.run(FollowerState.java:118)
2021-08-10 18:28:39,159 [caaea685-ee27-477a-9895-fe9115308b21@group-C1C0CC0F09C0-FollowerState] INFO  impl.FollowerState (FollowerState.java:run(134)) - caaea685-ee27-477a-9895-fe9115308b21@group-C1C0CC0F09C0-FollowerState: change to CANDIDATE, lastRpcElapsedTime:5078458581ns, electionTimeout:5072ms
2021-08-10 18:28:39,161 [caaea685-ee27-477a-9895-fe9115308b21@group-C1C0CC0F09C0-FollowerState] INFO  impl.RoleInfo (RoleInfo.java:shutdownFollowerState(108)) - caaea685-ee27-477a-9895-fe9115308b21: shutdown caaea685-ee27-477a-9895-fe9115308b21@group-C1C0CC0F09C0-FollowerState
2021-08-10 18:28:39,161 [caaea685-ee27-477a-9895-fe9115308b21@group-C1C0CC0F09C0-FollowerState] INFO  server.RaftServer$Division (RaftServerImpl.java:setRole(285)) - caaea685-ee27-477a-9895-fe9115308b21@group-C1C0CC0F09C0: changes role from  FOLLOWER to CANDIDATE at term 1 for changeToCandidate
2021-08-10 18:28:39,161 [caaea685-ee27-477a-9895-fe9115308b21@group-C1C0CC0F09C0-FollowerState] INFO  server.RaftServerConfigKeys (ConfUtils.java:logGet(44)) - raft.server.leaderelection.pre-vote = false (custom)
2021-08-10 18:28:39,161 [caaea685-ee27-477a-9895-fe9115308b21@group-C1C0CC0F09C0-FollowerState] INFO  impl.RoleInfo (RoleInfo.java:updateAndGet(130)) - caaea685-ee27-477a-9895-fe9115308b21: start caaea685-ee27-477a-9895-fe9115308b21@group-C1C0CC0F09C0-LeaderElection45
2021-08-10 18:28:39,208 [caaea685-ee27-477a-9895-fe9115308b21@group-C1C0CC0F09C0-LeaderElection45] INFO  impl.LeaderElection (LeaderElection.java:askForVotes(306)) - caaea685-ee27-477a-9895-fe9115308b21@group-C1C0CC0F09C0-LeaderElection45 ELECTION round 0: submit vote requests at term 2 for -1: [10120287-8d24-4050-8da6-9033ceeef397|rpc:10.1.0.41:35929|dataStream:|priority:0, caaea685-ee27-477a-9895-fe9115308b21|rpc:10.1.0.41:46809|dataStream:|priority:1, f742b26a-fba2-4c03-ac3e-9dfa3325d7d9|rpc:10.1.0.41:34143|dataStream:|priority:0], old=null
2021-08-10 18:28:39,250 [f742b26a-fba2-4c03-ac3e-9dfa3325d7d9@group-C1C0CC0F09C0-FollowerState] INFO  impl.FollowerState (FollowerState.java:run(134)) - f742b26a-fba2-4c03-ac3e-9dfa3325d7d9@group-C1C0CC0F09C0-FollowerState: change to CANDIDATE, lastRpcElapsedTime:5157178743ns, electionTimeout:5150ms
2021-08-10 18:28:39,257 [f742b26a-fba2-4c03-ac3e-9dfa3325d7d9@group-C1C0CC0F09C0-FollowerState] INFO  impl.RoleInfo (RoleInfo.java:shutdownFollowerState(108)) - f742b26a-fba2-4c03-ac3e-9dfa3325d7d9: shutdown f742b26a-fba2-4c03-ac3e-9dfa3325d7d9@group-C1C0CC0F09C0-FollowerState
2021-08-10 18:28:39,257 [f742b26a-fba2-4c03-ac3e-9dfa3325d7d9@group-C1C0CC0F09C0-FollowerState] INFO  server.RaftServer$Division (RaftServerImpl.java:setRole(285)) - f742b26a-fba2-4c03-ac3e-9dfa3325d7d9@group-C1C0CC0F09C0: changes role from  FOLLOWER to CANDIDATE at term 1 for changeToCandidate
2021-08-10 18:28:39,257 [f742b26a-fba2-4c03-ac3e-9dfa3325d7d9@group-C1C0CC0F09C0-FollowerState] INFO  server.RaftServerConfigKeys (ConfUtils.java:logGet(44)) - raft.server.leaderelection.pre-vote = false (custom)
2021-08-10 18:28:39,257 [f742b26a-fba2-4c03-ac3e-9dfa3325d7d9@group-C1C0CC0F09C0-FollowerState] INFO  impl.RoleInfo (RoleInfo.java:updateAndGet(130)) - f742b26a-fba2-4c03-ac3e-9dfa3325d7d9: start f742b26a-fba2-4c03-ac3e-9dfa3325d7d9@group-C1C0CC0F09C0-LeaderElection46
2021-08-10 18:28:39,263 [grpc-default-executor-1] INFO  server.RaftServer$Division (RaftServerImpl.java:requestVote(1043)) - f742b26a-fba2-4c03-ac3e-9dfa3325d7d9@group-C1C0CC0F09C0: receive requestVote(ELECTION, caaea685-ee27-477a-9895-fe9115308b21, group-C1C0CC0F09C0, 2, (t:0, i:0))
2021-08-10 18:28:39,295 [grpc-default-executor-1] INFO  impl.VoteContext (VoteContext.java:log(48)) - f742b26a-fba2-4c03-ac3e-9dfa3325d7d9@group-C1C0CC0F09C0-CANDIDATE: accept ELECTION from caaea685-ee27-477a-9895-fe9115308b21: our priority 0 <= candidate's priority 1
2021-08-10 18:28:39,310 [grpc-default-executor-1] INFO  server.RaftServer$Division (RaftServerImpl.java:setRole(285)) - f742b26a-fba2-4c03-ac3e-9dfa3325d7d9@group-C1C0CC0F09C0: changes role from CANDIDATE to FOLLOWER at term 2 for candidate:caaea685-ee27-477a-9895-fe9115308b21
2021-08-10 18:28:39,310 [grpc-default-executor-1] INFO  impl.RoleInfo (RoleInfo.java:shutdownLeaderElection(121)) - f742b26a-fba2-4c03-ac3e-9dfa3325d7d9: shutdown f742b26a-fba2-4c03-ac3e-9dfa3325d7d9@group-C1C0CC0F09C0-LeaderElection46
2021-08-10 18:28:39,311 [grpc-default-executor-1] INFO  impl.RoleInfo (RoleInfo.java:updateAndGet(130)) - f742b26a-fba2-4c03-ac3e-9dfa3325d7d9: start f742b26a-fba2-4c03-ac3e-9dfa3325d7d9@group-C1C0CC0F09C0-FollowerState
2021-08-10 18:28:39,295 [10120287-8d24-4050-8da6-9033ceeef397@group-C1C0CC0F09C0-FollowerState] INFO  impl.FollowerState (FollowerState.java:run(134)) - 10120287-8d24-4050-8da6-9033ceeef397@group-C1C0CC0F09C0-FollowerState: change to CANDIDATE, lastRpcElapsedTime:5199240916ns, electionTimeout:5176ms
2021-08-10 18:28:39,312 [10120287-8d24-4050-8da6-9033ceeef397@group-C1C0CC0F09C0-FollowerState] INFO  impl.RoleInfo (RoleInfo.java:shutdownFollowerState(108)) - 10120287-8d24-4050-8da6-9033ceeef397: shutdown 10120287-8d24-4050-8da6-9033ceeef397@group-C1C0CC0F09C0-FollowerState
2021-08-10 18:28:39,312 [10120287-8d24-4050-8da6-9033ceeef397@group-C1C0CC0F09C0-FollowerState] INFO  server.RaftServer$Division (RaftServerImpl.java:setRole(285)) - 10120287-8d24-4050-8da6-9033ceeef397@group-C1C0CC0F09C0: changes role from  FOLLOWER to CANDIDATE at term 1 for changeToCandidate
2021-08-10 18:28:39,312 [f742b26a-fba2-4c03-ac3e-9dfa3325d7d9@group-C1C0CC0F09C0-LeaderElection46] INFO  impl.LeaderElection (LeaderElection.java:run(230)) - f742b26a-fba2-4c03-ac3e-9dfa3325d7d9@group-C1C0CC0F09C0-LeaderElection46: skip running since this is already CLOSING
2021-08-10 18:28:39,312 [grpc-default-executor-3] INFO  server.RaftServer$Division (RaftServerImpl.java:requestVote(1043)) - 10120287-8d24-4050-8da6-9033ceeef397@group-C1C0CC0F09C0: receive requestVote(ELECTION, caaea685-ee27-477a-9895-fe9115308b21, group-C1C0CC0F09C0, 2, (t:0, i:0))
2021-08-10 18:28:39,326 [10120287-8d24-4050-8da6-9033ceeef397@group-C1C0CC0F09C0-FollowerState] INFO  server.RaftServerConfigKeys (ConfUtils.java:logGet(44)) - raft.server.leaderelection.pre-vote = false (custom)
2021-08-10 18:28:39,326 [10120287-8d24-4050-8da6-9033ceeef397@group-C1C0CC0F09C0-FollowerState] INFO  impl.RoleInfo (RoleInfo.java:updateAndGet(130)) - 10120287-8d24-4050-8da6-9033ceeef397: start 10120287-8d24-4050-8da6-9033ceeef397@group-C1C0CC0F09C0-LeaderElection47
2021-08-10 18:28:39,327 [grpc-default-executor-1] INFO  server.RaftServer$Division (RaftServerImpl.java:requestVote(1075)) - f742b26a-fba2-4c03-ac3e-9dfa3325d7d9@group-C1C0CC0F09C0 replies to ELECTION vote request: caaea685-ee27-477a-9895-fe9115308b21<-f742b26a-fba2-4c03-ac3e-9dfa3325d7d9#0:OK-t2. Peer's state: f742b26a-fba2-4c03-ac3e-9dfa3325d7d9@group-C1C0CC0F09C0:t2, leader=null, voted=caaea685-ee27-477a-9895-fe9115308b21, raftlog=f742b26a-fba2-4c03-ac3e-9dfa3325d7d9@group-C1C0CC0F09C0-SegmentedRaftLog:OPENED:c-1,f-1,i0, conf=-1: [10120287-8d24-4050-8da6-9033ceeef397|rpc:10.1.0.41:35929|dataStream:|priority:0, caaea685-ee27-477a-9895-fe9115308b21|rpc:10.1.0.41:46809|dataStream:|priority:1, f742b26a-fba2-4c03-ac3e-9dfa3325d7d9|rpc:10.1.0.41:34143|dataStream:|priority:0], old=null
2021-08-10 18:28:39,336 [grpc-default-executor-3] INFO  impl.VoteContext (VoteContext.java:log(48)) - 10120287-8d24-4050-8da6-9033ceeef397@group-C1C0CC0F09C0-CANDIDATE: accept ELECTION from caaea685-ee27-477a-9895-fe9115308b21: our priority 0 <= candidate's priority 1
2021-08-10 18:28:39,336 [grpc-default-executor-3] INFO  server.RaftServer$Division (RaftServerImpl.java:setRole(285)) - 10120287-8d24-4050-8da6-9033ceeef397@group-C1C0CC0F09C0: changes role from CANDIDATE to FOLLOWER at term 2 for candidate:caaea685-ee27-477a-9895-fe9115308b21
2021-08-10 18:28:39,337 [grpc-default-executor-3] INFO  impl.RoleInfo (RoleInfo.java:shutdownLeaderElection(121)) - 10120287-8d24-4050-8da6-9033ceeef397: shutdown 10120287-8d24-4050-8da6-9033ceeef397@group-C1C0CC0F09C0-LeaderElection47
2021-08-10 18:28:39,337 [grpc-default-executor-3] INFO  impl.RoleInfo (RoleInfo.java:updateAndGet(130)) - 10120287-8d24-4050-8da6-9033ceeef397: start 10120287-8d24-4050-8da6-9033ceeef397@group-C1C0CC0F09C0-FollowerState
2021-08-10 18:28:39,337 [10120287-8d24-4050-8da6-9033ceeef397@group-C1C0CC0F09C0-LeaderElection47] INFO  impl.LeaderElection (LeaderElection.java:run(230)) - 10120287-8d24-4050-8da6-9033ceeef397@group-C1C0CC0F09C0-LeaderElection47: skip running since this is already CLOSING
2021-08-10 18:28:39,345 [caaea685-ee27-477a-9895-fe9115308b21@group-C1C0CC0F09C0-LeaderElection45] INFO  impl.LeaderElection (LeaderElection.java:logAndReturn(89)) - caaea685-ee27-477a-9895-fe9115308b21@group-C1C0CC0F09C0-LeaderElection45: ELECTION PASSED received 1 response(s) and 0 exception(s):
2021-08-10 18:28:39,345 [caaea685-ee27-477a-9895-fe9115308b21@group-C1C0CC0F09C0-LeaderElection45] INFO  impl.LeaderElection (LeaderElection.java:logAndReturn(93)) -   Response 0: caaea685-ee27-477a-9895-fe9115308b21<-f742b26a-fba2-4c03-ac3e-9dfa3325d7d9#0:OK-t2
2021-08-10 18:28:39,345 [caaea685-ee27-477a-9895-fe9115308b21@group-C1C0CC0F09C0-LeaderElection45] INFO  impl.LeaderElection (LeaderElection.java:askForVotes(308)) - caaea685-ee27-477a-9895-fe9115308b21@group-C1C0CC0F09C0-LeaderElection45 ELECTION round 0: result PASSED
2021-08-10 18:28:39,345 [caaea685-ee27-477a-9895-fe9115308b21@group-C1C0CC0F09C0-LeaderElection45] INFO  impl.RoleInfo (RoleInfo.java:shutdownLeaderElection(121)) - caaea685-ee27-477a-9895-fe9115308b21: shutdown caaea685-ee27-477a-9895-fe9115308b21@group-C1C0CC0F09C0-LeaderElection45
2021-08-10 18:28:39,345 [caaea685-ee27-477a-9895-fe9115308b21@group-C1C0CC0F09C0-LeaderElection45] INFO  server.RaftServer$Division (RaftServerImpl.java:setRole(285)) - caaea685-ee27-477a-9895-fe9115308b21@group-C1C0CC0F09C0: changes role from CANDIDATE to LEADER at term 2 for changeToLeader
2021-08-10 18:28:39,345 [caaea685-ee27-477a-9895-fe9115308b21@group-C1C0CC0F09C0-LeaderElection45] INFO  ratis.XceiverServerRatis (XceiverServerRatis.java:handleLeaderChangedNotification(857)) - Leader change notification received for group: group-C1C0CC0F09C0 with new leaderId: caaea685-ee27-477a-9895-fe9115308b21
2021-08-10 18:28:39,346 [caaea685-ee27-477a-9895-fe9115308b21@group-C1C0CC0F09C0-LeaderElection45] INFO  server.RaftServer$Division (ServerState.java:setLeader(285)) - caaea685-ee27-477a-9895-fe9115308b21@group-C1C0CC0F09C0: change Leader from null to caaea685-ee27-477a-9895-fe9115308b21 at term 2 for becomeLeader, leader elected after 10362ms
2021-08-10 18:28:39,346 [caaea685-ee27-477a-9895-fe9115308b21@group-C1C0CC0F09C0-LeaderElection45] INFO  server.RaftServerConfigKeys (ConfUtils.java:logGet(44)) - raft.server.staging.catchup.gap = 1000 (default)
2021-08-10 18:28:39,348 [caaea685-ee27-477a-9895-fe9115308b21@group-C1C0CC0F09C0-LeaderElection45] INFO  server.RaftServerConfigKeys (ConfUtils.java:logGet(44)) - raft.server.write.element-limit = 1024 (custom)
2021-08-10 18:28:39,348 [caaea685-ee27-477a-9895-fe9115308b21@group-C1C0CC0F09C0-LeaderElection45] INFO  server.RaftServerConfigKeys (ConfUtils.java:logGet(44)) - raft.server.write.byte-limit = 1073741824 (custom)
2021-08-10 18:28:39,350 [caaea685-ee27-477a-9895-fe9115308b21@group-C1C0CC0F09C0-LeaderElection45] INFO  server.RaftServerConfigKeys (ConfUtils.java:logGet(44)) - raft.server.watch.timeout = 180s (custom)
2021-08-10 18:28:39,350 [caaea685-ee27-477a-9895-fe9115308b21@group-C1C0CC0F09C0-LeaderElection45] INFO  server.RaftServerConfigKeys (ConfUtils.java:logGet(44)) - raft.server.watch.timeout.denomination = 1s (default)
2021-08-10 18:28:39,350 [caaea685-ee27-477a-9895-fe9115308b21@group-C1C0CC0F09C0-LeaderElection45] INFO  server.RaftServerConfigKeys (ConfUtils.java:logGet(44)) - raft.server.watch.element-limit = 65536 (default)
2021-08-10 18:28:39,350 [caaea685-ee27-477a-9895-fe9115308b21@group-C1C0CC0F09C0-LeaderElection45] INFO  server.RaftServerConfigKeys (ConfUtils.java:logGet(44)) - raft.server.log.appender.snapshot.chunk.size.max = 16MB (=16777216) (default)
2021-08-10 18:28:39,350 [caaea685-ee27-477a-9895-fe9115308b21@group-C1C0CC0F09C0-LeaderElection45] INFO  server.RaftServerConfigKeys (ConfUtils.java:logGet(44)) - raft.server.log.appender.buffer.byte-limit = 33554432 (custom)
2021-08-10 18:28:39,351 [caaea685-ee27-477a-9895-fe9115308b21@group-C1C0CC0F09C0-LeaderElection45] INFO  server.RaftServerConfigKeys (ConfUtils.java:logGet(44)) - raft.server.log.appender.buffer.element-limit = 1 (custom)
2021-08-10 18:28:39,351 [caaea685-ee27-477a-9895-fe9115308b21@group-C1C0CC0F09C0-LeaderElection45] INFO  grpc.GrpcConfigKeys (ConfUtils.java:logGet(44)) - raft.grpc.server.leader.outstanding.appends.max = 128 (default)
2021-08-10 18:28:39,351 [caaea685-ee27-477a-9895-fe9115308b21@group-C1C0CC0F09C0-LeaderElection45] INFO  server.RaftServerConfigKeys (ConfUtils.java:logGet(44)) - raft.server.rpc.request.timeout = 60s (custom)
2021-08-10 18:28:39,351 [caaea685-ee27-477a-9895-fe9115308b21@group-C1C0CC0F09C0-LeaderElection45] INFO  server.RaftServerConfigKeys (ConfUtils.java:logGet(44)) - raft.server.log.appender.install.snapshot.enabled = false (custom)
2021-08-10 18:28:39,352 [Datanode State Machine Thread - 0] WARN  statemachine.StateContext (StateContext.java:execute(621)) - No available thread in pool for past 1 seconds.
2021-08-10 18:28:39,363 [caaea685-ee27-477a-9895-fe9115308b21@group-C1C0CC0F09C0-LeaderElection45] INFO  server.RaftServerConfigKeys (ConfUtils.java:logGet(44)) - raft.server.log.appender.snapshot.chunk.size.max = 16MB (=16777216) (default)
2021-08-10 18:28:39,363 [caaea685-ee27-477a-9895-fe9115308b21@group-C1C0CC0F09C0-LeaderElection45] INFO  server.RaftServerConfigKeys (ConfUtils.java:logGet(44)) - raft.server.log.appender.buffer.byte-limit = 33554432 (custom)
2021-08-10 18:28:39,364 [caaea685-ee27-477a-9895-fe9115308b21@group-C1C0CC0F09C0-LeaderElection45] INFO  server.RaftServerConfigKeys (ConfUtils.java:logGet(44)) - raft.server.log.appender.buffer.element-limit = 1 (custom)
2021-08-10 18:28:39,364 [caaea685-ee27-477a-9895-fe9115308b21@group-C1C0CC0F09C0-LeaderElection45] INFO  grpc.GrpcConfigKeys (ConfUtils.java:logGet(44)) - raft.grpc.server.leader.outstanding.appends.max = 128 (default)
2021-08-10 18:28:39,366 [grpc-default-executor-3] INFO  server.RaftServer$Division (RaftServerImpl.java:requestVote(1075)) - 10120287-8d24-4050-8da6-9033ceeef397@group-C1C0CC0F09C0 replies to ELECTION vote request: caaea685-ee27-477a-9895-fe9115308b21<-10120287-8d24-4050-8da6-9033ceeef397#0:OK-t2. Peer's state: 10120287-8d24-4050-8da6-9033ceeef397@group-C1C0CC0F09C0:t2, leader=null, voted=caaea685-ee27-477a-9895-fe9115308b21, raftlog=10120287-8d24-4050-8da6-9033ceeef397@group-C1C0CC0F09C0-SegmentedRaftLog:OPENED:c-1,f-1,i0, conf=-1: [10120287-8d24-4050-8da6-9033ceeef397|rpc:10.1.0.41:35929|priority:0, caaea685-ee27-477a-9895-fe9115308b21|rpc:10.1.0.41:46809|priority:1, f742b26a-fba2-4c03-ac3e-9dfa3325d7d9|rpc:10.1.0.41:34143|priority:0], old=null
2021-08-10 18:28:39,384 [caaea685-ee27-477a-9895-fe9115308b21@group-C1C0CC0F09C0-LeaderElection45] INFO  server.RaftServerConfigKeys (ConfUtils.java:logGet(44)) - raft.server.rpc.request.timeout = 60s (custom)
2021-08-10 18:28:39,365 [EventQueue-PipelineReportForPipelineReportHandler] INFO  pipeline.PipelineManagerImpl (PipelineManagerImpl.java:openPipeline(283)) - Pipeline Pipeline[ Id: 6c79079c-5180-44ad-aa27-c1c0cc0f09c0, Nodes: caaea685-ee27-477a-9895-fe9115308b21{ip: 10.1.0.41, host: fv-az291-953.wgnan5asplgejimfprtllbpdch.jx.internal.cloudapp.net, ports: [REPLICATION=41209, RATIS=46809, RATIS_ADMIN=46809, RATIS_SERVER=46809, STANDALONE=35669], networkLocation: /default-rack, certSerialId: null, persistedOpState: IN_SERVICE, persistedOpStateExpiryEpochSec: 0}10120287-8d24-4050-8da6-9033ceeef397{ip: 10.1.0.41, host: fv-az291-953.wgnan5asplgejimfprtllbpdch.jx.internal.cloudapp.net, ports: [REPLICATION=38453, RATIS=35929, RATIS_ADMIN=35929, RATIS_SERVER=35929, STANDALONE=34193], networkLocation: /default-rack, certSerialId: null, persistedOpState: IN_SERVICE, persistedOpStateExpiryEpochSec: 0}f742b26a-fba2-4c03-ac3e-9dfa3325d7d9{ip: 10.1.0.41, host: fv-az291-953.wgnan5asplgejimfprtllbpdch.jx.internal.cloudapp.net, ports: [REPLICATION=43267, RATIS=34143, RATIS_ADMIN=34143, RATIS_SERVER=34143, STANDALONE=34217], networkLocation: /default-rack, certSerialId: null, persistedOpState: IN_SERVICE, persistedOpStateExpiryEpochSec: 0}, ReplicationConfig: RATIS/THREE, State:ALLOCATED, leaderId:caaea685-ee27-477a-9895-fe9115308b21, CreationTimestamp2021-08-10T18:28:26.651Z[Etc/UTC]] moved to OPEN state
2021-08-10 18:28:39,385 [caaea685-ee27-477a-9895-fe9115308b21@group-C1C0CC0F09C0-LeaderElection45] INFO  server.RaftServerConfigKeys (ConfUtils.java:logGet(44)) - raft.server.log.appender.install.snapshot.enabled = false (custom)
2021-08-10 18:28:39,410 [caaea685-ee27-477a-9895-fe9115308b21@group-C1C0CC0F09C0-LeaderElection45] INFO  impl.RoleInfo (RoleInfo.java:updateAndGet(130)) - caaea685-ee27-477a-9895-fe9115308b21: start caaea685-ee27-477a-9895-fe9115308b21@group-C1C0CC0F09C0-LeaderStateImpl
2021-08-10 18:28:39,412 [caaea685-ee27-477a-9895-fe9115308b21@group-C1C0CC0F09C0-LeaderElection45] INFO  segmented.SegmentedRaftLogWorker (SegmentedRaftLogWorker.java:startLogSegment(394)) - caaea685-ee27-477a-9895-fe9115308b21@group-C1C0CC0F09C0-SegmentedRaftLogWorker: Starting segment from index:0
2021-08-10 18:28:39,414 [caaea685-ee27-477a-9895-fe9115308b21@group-C1C0CC0F09C0-SegmentedRaftLogWorker] INFO  segmented.SegmentedRaftLogWorker (SegmentedRaftLogWorker.java:execute(601)) - caaea685-ee27-477a-9895-fe9115308b21@group-C1C0CC0F09C0-SegmentedRaftLogWorker: created new log segment /home/runner/work/ozone/ozone/hadoop-ozone/integration-test/target/test-dir/MiniOzoneClusterImpl-a05ed1eb-feab-4415-88a0-4de04f3f758c/datanode-2/data/ratis/6c79079c-5180-44ad-aa27-c1c0cc0f09c0/current/log_inprogress_0
2021-08-10 18:28:39,428 [grpc-default-executor-2] INFO  ratis.XceiverServerRatis (XceiverServerRatis.java:handleLeaderChangedNotification(857)) - Leader change notification received for group: group-C1C0CC0F09C0 with new leaderId: caaea685-ee27-477a-9895-fe9115308b21
2021-08-10 18:28:39,428 [grpc-default-executor-2] INFO  server.RaftServer$Division (ServerState.java:setLeader(285)) - 10120287-8d24-4050-8da6-9033ceeef397@group-C1C0CC0F09C0: change Leader from null to caaea685-ee27-477a-9895-fe9115308b21 at term 2 for appendEntries, leader elected after 10523ms
2021-08-10 18:28:39,447 [caaea685-ee27-477a-9895-fe9115308b21@group-C1C0CC0F09C0-LeaderElection45] INFO  server.RaftServer$Division (ServerState.java:setRaftConf(387)) - caaea685-ee27-477a-9895-fe9115308b21@group-C1C0CC0F09C0: set configuration 0: [10120287-8d24-4050-8da6-9033ceeef397|rpc:10.1.0.41:35929|dataStream:|priority:0, caaea685-ee27-477a-9895-fe9115308b21|rpc:10.1.0.41:46809|dataStream:|priority:1, f742b26a-fba2-4c03-ac3e-9dfa3325d7d9|rpc:10.1.0.41:34143|dataStream:|priority:0], old=null
2021-08-10 18:28:39,470 [grpc-default-executor-2] INFO  server.RaftServer$Division (ServerState.java:setRaftConf(387)) - 10120287-8d24-4050-8da6-9033ceeef397@group-C1C0CC0F09C0: set configuration 0: [10120287-8d24-4050-8da6-9033ceeef397|rpc:10.1.0.41:35929|dataStream:|priority:0, caaea685-ee27-477a-9895-fe9115308b21|rpc:10.1.0.41:46809|dataStream:|priority:1, f742b26a-fba2-4c03-ac3e-9dfa3325d7d9|rpc:10.1.0.41:34143|dataStream:|priority:0], old=null
2021-08-10 18:28:39,481 [grpc-default-executor-2] INFO  segmented.SegmentedRaftLogWorker (SegmentedRaftLogWorker.java:startLogSegment(394)) - 10120287-8d24-4050-8da6-9033ceeef397@group-C1C0CC0F09C0-SegmentedRaftLogWorker: Starting segment from index:0
2021-08-10 18:28:39,481 [grpc-default-executor-1] INFO  ratis.XceiverServerRatis (XceiverServerRatis.java:handleLeaderChangedNotification(857)) - Leader change notification received for group: group-C1C0CC0F09C0 with new leaderId: caaea685-ee27-477a-9895-fe9115308b21
2021-08-10 18:28:39,483 [grpc-default-executor-1] INFO  server.RaftServer$Division (ServerState.java:setLeader(285)) - f742b26a-fba2-4c03-ac3e-9dfa3325d7d9@group-C1C0CC0F09C0: change Leader from null to caaea685-ee27-477a-9895-fe9115308b21 at term 2 for appendEntries, leader elected after 10404ms
2021-08-10 18:28:39,484 [10120287-8d24-4050-8da6-9033ceeef397@group-C1C0CC0F09C0-SegmentedRaftLogWorker] INFO  segmented.SegmentedRaftLogWorker (SegmentedRaftLogWorker.java:execute(601)) - 10120287-8d24-4050-8da6-9033ceeef397@group-C1C0CC0F09C0-SegmentedRaftLogWorker: created new log segment /home/runner/work/ozone/ozone/hadoop-ozone/integration-test/target/test-dir/MiniOzoneClusterImpl-a05ed1eb-feab-4415-88a0-4de04f3f758c/datanode-0/data/ratis/6c79079c-5180-44ad-aa27-c1c0cc0f09c0/current/log_inprogress_0
2021-08-10 18:28:39,508 [grpc-default-executor-1] INFO  server.RaftServer$Division (ServerState.java:setRaftConf(387)) - f742b26a-fba2-4c03-ac3e-9dfa3325d7d9@group-C1C0CC0F09C0: set configuration 0: [10120287-8d24-4050-8da6-9033ceeef397|rpc:10.1.0.41:35929|dataStream:|priority:0, caaea685-ee27-477a-9895-fe9115308b21|rpc:10.1.0.41:46809|dataStream:|priority:1, f742b26a-fba2-4c03-ac3e-9dfa3325d7d9|rpc:10.1.0.41:34143|dataStream:|priority:0], old=null
2021-08-10 18:28:39,509 [grpc-default-executor-1] INFO  segmented.SegmentedRaftLogWorker (SegmentedRaftLogWorker.java:startLogSegment(394)) - f742b26a-fba2-4c03-ac3e-9dfa3325d7d9@group-C1C0CC0F09C0-SegmentedRaftLogWorker: Starting segment from index:0
2021-08-10 18:28:39,511 [f742b26a-fba2-4c03-ac3e-9dfa3325d7d9@group-C1C0CC0F09C0-SegmentedRaftLogWorker] INFO  segmented.SegmentedRaftLogWorker (SegmentedRaftLogWorker.java:execute(601)) - f742b26a-fba2-4c03-ac3e-9dfa3325d7d9@group-C1C0CC0F09C0-SegmentedRaftLogWorker: created new log segment /home/runner/work/ozone/ozone/hadoop-ozone/integration-test/target/test-dir/MiniOzoneClusterImpl-a05ed1eb-feab-4415-88a0-4de04f3f758c/datanode-1/data/ratis/6c79079c-5180-44ad-aa27-c1c0cc0f09c0/current/log_inprogress_0
2021-08-10 18:28:41,696 [ForkJoinPool.commonPool-worker-0] INFO  ozoneimpl.OzoneContainer (OzoneContainer.java:stop(326)) - Attempting to stop container services.
2021-08-10 18:28:41,698 [ForkJoinPool.commonPool-worker-0] INFO  server.RaftServer (RaftServerProxy.java:lambda$close$6(391)) - 10120287-8d24-4050-8da6-9033ceeef397: close
2021-08-10 18:28:41,698 [ForkJoinPool.commonPool-worker-0] INFO  server.RaftServer$Division (RaftServerImpl.java:lambda$close$4(407)) - 10120287-8d24-4050-8da6-9033ceeef397@group-C1C0CC0F09C0: shutdown
2021-08-10 18:28:41,698 [ForkJoinPool.commonPool-worker-0] INFO  util.JmxRegister (JmxRegister.java:unregister(73)) - Successfully un-registered JMX Bean with object name Ratis:service=RaftServer,group=group-C1C0CC0F09C0,id=10120287-8d24-4050-8da6-9033ceeef397
2021-08-10 18:28:41,698 [ForkJoinPool.commonPool-worker-0] INFO  impl.RoleInfo (RoleInfo.java:shutdownFollowerState(108)) - 10120287-8d24-4050-8da6-9033ceeef397: shutdown 10120287-8d24-4050-8da6-9033ceeef397@group-C1C0CC0F09C0-FollowerState
2021-08-10 18:28:41,699 [ForkJoinPool.commonPool-worker-0] INFO  impl.StateMachineUpdater (StateMachineUpdater.java:stopAndJoin(149)) - 10120287-8d24-4050-8da6-9033ceeef397@group-C1C0CC0F09C0-StateMachineUpdater: set stopIndex = 0
2021-08-10 18:28:41,699 [10120287-8d24-4050-8da6-9033ceeef397@group-C1C0CC0F09C0-FollowerState] INFO  impl.FollowerState (FollowerState.java:run(143)) - 10120287-8d24-4050-8da6-9033ceeef397@group-C1C0CC0F09C0-FollowerState was interrupted: {}
java.lang.InterruptedException: sleep interrupted
	at java.lang.Thread.sleep(Native Method)
	at java.lang.Thread.sleep(Thread.java:340)
	at java.util.concurrent.TimeUnit.sleep(TimeUnit.java:386)
	at org.apache.ratis.util.TimeDuration.sleep(TimeDuration.java:324)
	at org.apache.ratis.util.TimeDuration.sleep(TimeDuration.java:309)
	at org.apache.ratis.server.impl.FollowerState.run(FollowerState.java:118)
2021-08-10 18:28:41,700 [10120287-8d24-4050-8da6-9033ceeef397@group-C1C0CC0F09C0-StateMachineUpdater] INFO  ratis.ContainerStateMachine (ContainerStateMachine.java:takeSnapshot(291)) - group-C1C0CC0F09C0: Taking a snapshot at:(t:2, i:0) file /home/runner/work/ozone/ozone/hadoop-ozone/integration-test/target/test-dir/MiniOzoneClusterImpl-a05ed1eb-feab-4415-88a0-4de04f3f758c/datanode-0/data/ratis/6c79079c-5180-44ad-aa27-c1c0cc0f09c0/sm/snapshot.2_0
2021-08-10 18:28:41,701 [10120287-8d24-4050-8da6-9033ceeef397@group-C1C0CC0F09C0-StateMachineUpdater] INFO  ratis.ContainerStateMachine (ContainerStateMachine.java:takeSnapshot(302)) - group-C1C0CC0F09C0: Finished taking a snapshot at:(t:2, i:0) file:/home/runner/work/ozone/ozone/hadoop-ozone/integration-test/target/test-dir/MiniOzoneClusterImpl-a05ed1eb-feab-4415-88a0-4de04f3f758c/datanode-0/data/ratis/6c79079c-5180-44ad-aa27-c1c0cc0f09c0/sm/snapshot.2_0 took: 1 ms
2021-08-10 18:28:41,704 [10120287-8d24-4050-8da6-9033ceeef397@group-C1C0CC0F09C0-StateMachineUpdater] INFO  impl.StateMachineUpdater (StateMachineUpdater.java:takeSnapshot(281)) - 10120287-8d24-4050-8da6-9033ceeef397@group-C1C0CC0F09C0-StateMachineUpdater: Took a snapshot at index 0
2021-08-10 18:28:41,704 [10120287-8d24-4050-8da6-9033ceeef397@group-C1C0CC0F09C0-StateMachineUpdater] INFO  impl.StateMachineUpdater (StateMachineUpdater.java:lambda$new$0(89)) - 10120287-8d24-4050-8da6-9033ceeef397@group-C1C0CC0F09C0-StateMachineUpdater: snapshotIndex: updateIncreasingly -1 -> 0
2021-08-10 18:28:41,705 [ForkJoinPool.commonPool-worker-0] INFO  server.RaftServer$Division (ServerState.java:close(419)) - 10120287-8d24-4050-8da6-9033ceeef397@group-C1C0CC0F09C0: closes. applyIndex: 0
2021-08-10 18:28:41,705 [10120287-8d24-4050-8da6-9033ceeef397@group-C1C0CC0F09C0-SegmentedRaftLogWorker] INFO  segmented.SegmentedRaftLogWorker (SegmentedRaftLogWorker.java:run(327)) - 10120287-8d24-4050-8da6-9033ceeef397@group-C1C0CC0F09C0-SegmentedRaftLogWorker was interrupted, exiting. There are 0 tasks remaining in the queue.
2021-08-10 18:28:41,710 [ForkJoinPool.commonPool-worker-0] INFO  segmented.SegmentedRaftLogWorker (SegmentedRaftLogWorker.java:close(237)) - 10120287-8d24-4050-8da6-9033ceeef397@group-C1C0CC0F09C0-SegmentedRaftLogWorker close()
2021-08-10 18:28:41,724 [ForkJoinPool.commonPool-worker-0] INFO  server.RaftServer$Division (RaftServerImpl.java:lambda$close$4(407)) - 10120287-8d24-4050-8da6-9033ceeef397@group-48B17F817404: shutdown
2021-08-10 18:28:41,724 [ForkJoinPool.commonPool-worker-0] INFO  util.JmxRegister (JmxRegister.java:unregister(73)) - Successfully un-registered JMX Bean with object name Ratis:service=RaftServer,group=group-48B17F817404,id=10120287-8d24-4050-8da6-9033ceeef397
2021-08-10 18:28:41,724 [ForkJoinPool.commonPool-worker-0] INFO  impl.RoleInfo (RoleInfo.java:shutdownFollowerState(108)) - 10120287-8d24-4050-8da6-9033ceeef397: shutdown 10120287-8d24-4050-8da6-9033ceeef397@group-48B17F817404-FollowerState
2021-08-10 18:28:41,724 [ForkJoinPool.commonPool-worker-0] INFO  impl.StateMachineUpdater (StateMachineUpdater.java:stopAndJoin(149)) - 10120287-8d24-4050-8da6-9033ceeef397@group-48B17F817404-StateMachineUpdater: set stopIndex = 0
2021-08-10 18:28:41,724 [Listener at 127.0.0.1/43729] INFO  ozoneimpl.OzoneContainer (OzoneContainer.java:stop(326)) - Attempting to stop container services.
2021-08-10 18:28:41,725 [10120287-8d24-4050-8da6-9033ceeef397@group-48B17F817404-FollowerState] INFO  impl.FollowerState (FollowerState.java:run(143)) - 10120287-8d24-4050-8da6-9033ceeef397@group-48B17F817404-FollowerState was interrupted: {}
java.lang.InterruptedException: sleep interrupted
	at java.lang.Thread.sleep(Native Method)
	at java.lang.Thread.sleep(Thread.java:340)
	at java.util.concurrent.TimeUnit.sleep(TimeUnit.java:386)
	at org.apache.ratis.util.TimeDuration.sleep(TimeDuration.java:324)
	at org.apache.ratis.util.TimeDuration.sleep(TimeDuration.java:309)
	at org.apache.ratis.server.impl.FollowerState.run(FollowerState.java:118)
2021-08-10 18:28:41,725 [10120287-8d24-4050-8da6-9033ceeef397@group-48B17F817404-StateMachineUpdater] INFO  ratis.ContainerStateMachine (ContainerStateMachine.java:takeSnapshot(291)) - group-48B17F817404: Taking a snapshot at:(t:1, i:0) file /home/runner/work/ozone/ozone/hadoop-ozone/integration-test/target/test-dir/MiniOzoneClusterImpl-a05ed1eb-feab-4415-88a0-4de04f3f758c/datanode-0/data/ratis/568d6894-7e1d-4f35-8924-48b17f817404/sm/snapshot.1_0
2021-08-10 18:28:41,726 [Listener at 127.0.0.1/43729] INFO  server.RaftServer (RaftServerProxy.java:lambda$close$6(391)) - f742b26a-fba2-4c03-ac3e-9dfa3325d7d9: close
2021-08-10 18:28:41,726 [Listener at 127.0.0.1/43729] INFO  server.RaftServer$Division (RaftServerImpl.java:lambda$close$4(407)) - f742b26a-fba2-4c03-ac3e-9dfa3325d7d9@group-C1C0CC0F09C0: shutdown
2021-08-10 18:28:41,726 [Listener at 127.0.0.1/43729] INFO  util.JmxRegister (JmxRegister.java:unregister(73)) - Successfully un-registered JMX Bean with object name Ratis:service=RaftServer,group=group-C1C0CC0F09C0,id=f742b26a-fba2-4c03-ac3e-9dfa3325d7d9
2021-08-10 18:28:41,727 [Listener at 127.0.0.1/43729] INFO  impl.RoleInfo (RoleInfo.java:shutdownFollowerState(108)) - f742b26a-fba2-4c03-ac3e-9dfa3325d7d9: shutdown f742b26a-fba2-4c03-ac3e-9dfa3325d7d9@group-C1C0CC0F09C0-FollowerState
2021-08-10 18:28:41,727 [Listener at 127.0.0.1/43729] INFO  impl.StateMachineUpdater (StateMachineUpdater.java:stopAndJoin(149)) - f742b26a-fba2-4c03-ac3e-9dfa3325d7d9@group-C1C0CC0F09C0-StateMachineUpdater: set stopIndex = 0
2021-08-10 18:28:41,727 [f742b26a-fba2-4c03-ac3e-9dfa3325d7d9@group-C1C0CC0F09C0-FollowerState] INFO  impl.FollowerState (FollowerState.java:run(143)) - f742b26a-fba2-4c03-ac3e-9dfa3325d7d9@group-C1C0CC0F09C0-FollowerState was interrupted: {}
java.lang.InterruptedException: sleep interrupted
	at java.lang.Thread.sleep(Native Method)
	at java.lang.Thread.sleep(Thread.java:340)
	at java.util.concurrent.TimeUnit.sleep(TimeUnit.java:386)
	at org.apache.ratis.util.TimeDuration.sleep(TimeDuration.java:324)
	at org.apache.ratis.util.TimeDuration.sleep(TimeDuration.java:309)
	at org.apache.ratis.server.impl.FollowerState.run(FollowerState.java:118)
2021-08-10 18:28:41,728 [f742b26a-fba2-4c03-ac3e-9dfa3325d7d9@group-C1C0CC0F09C0-StateMachineUpdater] INFO  ratis.ContainerStateMachine (ContainerStateMachine.java:takeSnapshot(291)) - group-C1C0CC0F09C0: Taking a snapshot at:(t:2, i:0) file /home/runner/work/ozone/ozone/hadoop-ozone/integration-test/target/test-dir/MiniOzoneClusterImpl-a05ed1eb-feab-4415-88a0-4de04f3f758c/datanode-1/data/ratis/6c79079c-5180-44ad-aa27-c1c0cc0f09c0/sm/snapshot.2_0
2021-08-10 18:28:41,728 [10120287-8d24-4050-8da6-9033ceeef397@group-48B17F817404-StateMachineUpdater] INFO  ratis.ContainerStateMachine (ContainerStateMachine.java:takeSnapshot(302)) - group-48B17F817404: Finished taking a snapshot at:(t:1, i:0) file:/home/runner/work/ozone/ozone/hadoop-ozone/integration-test/target/test-dir/MiniOzoneClusterImpl-a05ed1eb-feab-4415-88a0-4de04f3f758c/datanode-0/data/ratis/568d6894-7e1d-4f35-8924-48b17f817404/sm/snapshot.1_0 took: 2 ms
2021-08-10 18:28:41,728 [f742b26a-fba2-4c03-ac3e-9dfa3325d7d9@group-C1C0CC0F09C0-StateMachineUpdater] INFO  ratis.ContainerStateMachine (ContainerStateMachine.java:takeSnapshot(302)) - group-C1C0CC0F09C0: Finished taking a snapshot at:(t:2, i:0) file:/home/runner/work/ozone/ozone/hadoop-ozone/integration-test/target/test-dir/MiniOzoneClusterImpl-a05ed1eb-feab-4415-88a0-4de04f3f758c/datanode-1/data/ratis/6c79079c-5180-44ad-aa27-c1c0cc0f09c0/sm/snapshot.2_0 took: 1 ms
2021-08-10 18:28:41,732 [f742b26a-fba2-4c03-ac3e-9dfa3325d7d9@group-C1C0CC0F09C0-StateMachineUpdater] INFO  impl.StateMachineUpdater (StateMachineUpdater.java:takeSnapshot(281)) - f742b26a-fba2-4c03-ac3e-9dfa3325d7d9@group-C1C0CC0F09C0-StateMachineUpdater: Took a snapshot at index 0
2021-08-10 18:28:41,732 [f742b26a-fba2-4c03-ac3e-9dfa3325d7d9@group-C1C0CC0F09C0-StateMachineUpdater] INFO  impl.StateMachineUpdater (StateMachineUpdater.java:lambda$new$0(89)) - f742b26a-fba2-4c03-ac3e-9dfa3325d7d9@group-C1C0CC0F09C0-StateMachineUpdater: snapshotIndex: updateIncreasingly -1 -> 0
2021-08-10 18:28:41,733 [10120287-8d24-4050-8da6-9033ceeef397@group-48B17F817404-StateMachineUpdater] INFO  impl.StateMachineUpdater (StateMachineUpdater.java:takeSnapshot(281)) - 10120287-8d24-4050-8da6-9033ceeef397@group-48B17F817404-StateMachineUpdater: Took a snapshot at index 0
2021-08-10 18:28:41,733 [10120287-8d24-4050-8da6-9033ceeef397@group-48B17F817404-StateMachineUpdater] INFO  impl.StateMachineUpdater (StateMachineUpdater.java:lambda$new$0(89)) - 10120287-8d24-4050-8da6-9033ceeef397@group-48B17F817404-StateMachineUpdater: snapshotIndex: updateIncreasingly -1 -> 0
2021-08-10 18:28:41,733 [ForkJoinPool.commonPool-worker-0] INFO  server.RaftServer$Division (ServerState.java:close(419)) - 10120287-8d24-4050-8da6-9033ceeef397@group-48B17F817404: closes. applyIndex: 0
2021-08-10 18:28:41,733 [10120287-8d24-4050-8da6-9033ceeef397@group-48B17F817404-SegmentedRaftLogWorker] INFO  segmented.SegmentedRaftLogWorker (SegmentedRaftLogWorker.java:run(327)) - 10120287-8d24-4050-8da6-9033ceeef397@group-48B17F817404-SegmentedRaftLogWorker was interrupted, exiting. There are 0 tasks remaining in the queue.
2021-08-10 18:28:41,735 [ForkJoinPool.commonPool-worker-0] INFO  segmented.SegmentedRaftLogWorker (SegmentedRaftLogWorker.java:close(237)) - 10120287-8d24-4050-8da6-9033ceeef397@group-48B17F817404-SegmentedRaftLogWorker close()
2021-08-10 18:28:41,744 [Listener at 127.0.0.1/43729] INFO  server.RaftServer$Division (ServerState.java:close(419)) - f742b26a-fba2-4c03-ac3e-9dfa3325d7d9@group-C1C0CC0F09C0: closes. applyIndex: 0
2021-08-10 18:28:41,753 [f742b26a-fba2-4c03-ac3e-9dfa3325d7d9@group-C1C0CC0F09C0-SegmentedRaftLogWorker] INFO  segmented.SegmentedRaftLogWorker (SegmentedRaftLogWorker.java:run(327)) - f742b26a-fba2-4c03-ac3e-9dfa3325d7d9@group-C1C0CC0F09C0-SegmentedRaftLogWorker was interrupted, exiting. There are 0 tasks remaining in the queue.
2021-08-10 18:28:41,748 [ForkJoinPool.commonPool-worker-0] INFO  server.RaftServer$Division (RaftServerImpl.java:lambda$close$4(407)) - 10120287-8d24-4050-8da6-9033ceeef397@group-52FE261952AC: shutdown
2021-08-10 18:28:41,765 [ForkJoinPool.commonPool-worker-0] INFO  util.JmxRegister (JmxRegister.java:unregister(73)) - Successfully un-registered JMX Bean with object name Ratis:service=RaftServer,group=group-52FE261952AC,id=10120287-8d24-4050-8da6-9033ceeef397
2021-08-10 18:28:41,765 [ForkJoinPool.commonPool-worker-0] INFO  impl.RoleInfo (RoleInfo.java:shutdownLeaderState(91)) - 10120287-8d24-4050-8da6-9033ceeef397: shutdown 10120287-8d24-4050-8da6-9033ceeef397@group-52FE261952AC-LeaderStateImpl
2021-08-10 18:28:41,766 [ForkJoinPool.commonPool-worker-0] INFO  impl.PendingRequests (PendingRequests.java:sendNotLeaderResponses(249)) - 10120287-8d24-4050-8da6-9033ceeef397@group-52FE261952AC-PendingRequests: sendNotLeaderResponses
2021-08-10 18:28:41,767 [ForkJoinPool.commonPool-worker-0] INFO  impl.StateMachineUpdater (StateMachineUpdater.java:stopAndJoin(149)) - 10120287-8d24-4050-8da6-9033ceeef397@group-52FE261952AC-StateMachineUpdater: set stopIndex = 0
2021-08-10 18:28:41,767 [10120287-8d24-4050-8da6-9033ceeef397@group-52FE261952AC-StateMachineUpdater] INFO  ratis.ContainerStateMachine (ContainerStateMachine.java:takeSnapshot(291)) - group-52FE261952AC: Taking a snapshot at:(t:1, i:0) file /home/runner/work/ozone/ozone/hadoop-ozone/integration-test/target/test-dir/MiniOzoneClusterImpl-a05ed1eb-feab-4415-88a0-4de04f3f758c/datanode-0/data/ratis/53523a20-a179-495e-8916-52fe261952ac/sm/snapshot.1_0
2021-08-10 18:28:41,756 [Listener at 127.0.0.1/43729] INFO  segmented.SegmentedRaftLogWorker (SegmentedRaftLogWorker.java:close(237)) - f742b26a-fba2-4c03-ac3e-9dfa3325d7d9@group-C1C0CC0F09C0-SegmentedRaftLogWorker close()
2021-08-10 18:28:41,773 [Listener at 127.0.0.1/43729] INFO  server.RaftServer$Division (RaftServerImpl.java:lambda$close$4(407)) - f742b26a-fba2-4c03-ac3e-9dfa3325d7d9@group-48B17F817404: shutdown
2021-08-10 18:28:41,773 [Listener at 127.0.0.1/43729] INFO  util.JmxRegister (JmxRegister.java:unregister(73)) - Successfully un-registered JMX Bean with object name Ratis:service=RaftServer,group=group-48B17F817404,id=f742b26a-fba2-4c03-ac3e-9dfa3325d7d9
2021-08-10 18:28:41,773 [Listener at 127.0.0.1/43729] INFO  impl.RoleInfo (RoleInfo.java:shutdownLeaderState(91)) - f742b26a-fba2-4c03-ac3e-9dfa3325d7d9: shutdown f742b26a-fba2-4c03-ac3e-9dfa3325d7d9@group-48B17F817404-LeaderStateImpl
2021-08-10 18:28:41,773 [Listener at 127.0.0.1/43729] INFO  impl.PendingRequests (PendingRequests.java:sendNotLeaderResponses(249)) - f742b26a-fba2-4c03-ac3e-9dfa3325d7d9@group-48B17F817404-PendingRequests: sendNotLeaderResponses
2021-08-10 18:28:41,774 [f742b26a-fba2-4c03-ac3e-9dfa3325d7d9@group-48B17F817404-StateMachineUpdater] INFO  ratis.ContainerStateMachine (ContainerStateMachine.java:takeSnapshot(291)) - group-48B17F817404: Taking a snapshot at:(t:1, i:0) file /home/runner/work/ozone/ozone/hadoop-ozone/integration-test/target/test-dir/MiniOzoneClusterImpl-a05ed1eb-feab-4415-88a0-4de04f3f758c/datanode-1/data/ratis/568d6894-7e1d-4f35-8924-48b17f817404/sm/snapshot.1_0
2021-08-10 18:28:41,774 [Listener at 127.0.0.1/43729] INFO  impl.StateMachineUpdater (StateMachineUpdater.java:stopAndJoin(149)) - f742b26a-fba2-4c03-ac3e-9dfa3325d7d9@group-48B17F817404-StateMachineUpdater: set stopIndex = 0
2021-08-10 18:28:41,775 [f742b26a-fba2-4c03-ac3e-9dfa3325d7d9@group-48B17F817404-StateMachineUpdater] INFO  ratis.ContainerStateMachine (ContainerStateMachine.java:takeSnapshot(302)) - group-48B17F817404: Finished taking a snapshot at:(t:1, i:0) file:/home/runner/work/ozone/ozone/hadoop-ozone/integration-test/target/test-dir/MiniOzoneClusterImpl-a05ed1eb-feab-4415-88a0-4de04f3f758c/datanode-1/data/ratis/568d6894-7e1d-4f35-8924-48b17f817404/sm/snapshot.1_0 took: 0 ms
2021-08-10 18:28:41,775 [f742b26a-fba2-4c03-ac3e-9dfa3325d7d9@group-48B17F817404-StateMachineUpdater] INFO  impl.StateMachineUpdater (StateMachineUpdater.java:takeSnapshot(281)) - f742b26a-fba2-4c03-ac3e-9dfa3325d7d9@group-48B17F817404-StateMachineUpdater: Took a snapshot at index 0
2021-08-10 18:28:41,775 [f742b26a-fba2-4c03-ac3e-9dfa3325d7d9@group-48B17F817404-StateMachineUpdater] INFO  impl.StateMachineUpdater (StateMachineUpdater.java:lambda$new$0(89)) - f742b26a-fba2-4c03-ac3e-9dfa3325d7d9@group-48B17F817404-StateMachineUpdater: snapshotIndex: updateIncreasingly -1 -> 0
2021-08-10 18:28:41,776 [Listener at 127.0.0.1/43729] INFO  server.RaftServer$Division (ServerState.java:close(419)) - f742b26a-fba2-4c03-ac3e-9dfa3325d7d9@group-48B17F817404: closes. applyIndex: 0
2021-08-10 18:28:41,776 [f742b26a-fba2-4c03-ac3e-9dfa3325d7d9@group-48B17F817404-SegmentedRaftLogWorker] INFO  segmented.SegmentedRaftLogWorker (SegmentedRaftLogWorker.java:run(327)) - f742b26a-fba2-4c03-ac3e-9dfa3325d7d9@group-48B17F817404-SegmentedRaftLogWorker was interrupted, exiting. There are 0 tasks remaining in the queue.
2021-08-10 18:28:41,776 [f742b26a-fba2-4c03-ac3e-9dfa3325d7d9@group-48B17F817404->caaea685-ee27-477a-9895-fe9115308b21-GrpcLogAppender-LogAppenderDaemon] WARN  server.GrpcLogAppender (GrpcLogAppender.java:mayWait(175)) - f742b26a-fba2-4c03-ac3e-9dfa3325d7d9@group-48B17F817404->caaea685-ee27-477a-9895-fe9115308b21-GrpcLogAppender: Wait interrupted by java.lang.InterruptedException
2021-08-10 18:28:41,780 [grpc-default-executor-1] INFO  server.GrpcServerProtocolService (GrpcServerProtocolService.java:onCompleted(140)) - caaea685-ee27-477a-9895-fe9115308b21: Completed APPEND_ENTRIES, lastRequest: f742b26a-fba2-4c03-ac3e-9dfa3325d7d9->caaea685-ee27-477a-9895-fe9115308b21#1-t1,previous=(t:0, i:0),leaderCommit=0,initializing? true,entries: size=1, first=(t:1, i:0), CONFIGURATIONENTRY
2021-08-10 18:28:41,781 [grpc-default-executor-2] INFO  server.GrpcLogAppender (GrpcLogAppender.java:onCompleted(344)) - f742b26a-fba2-4c03-ac3e-9dfa3325d7d9@group-48B17F817404->caaea685-ee27-477a-9895-fe9115308b21-AppendLogResponseHandler: follower responses appendEntries COMPLETED
2021-08-10 18:28:41,781 [grpc-default-executor-2] INFO  leader.FollowerInfo (FollowerInfoImpl.java:lambda$new$0(46)) - f742b26a-fba2-4c03-ac3e-9dfa3325d7d9@group-48B17F817404->caaea685-ee27-477a-9895-fe9115308b21: nextIndex: updateUnconditionally 1 -> 0
2021-08-10 18:28:41,784 [Listener at 127.0.0.1/43729] INFO  segmented.SegmentedRaftLogWorker (SegmentedRaftLogWorker.java:close(237)) - f742b26a-fba2-4c03-ac3e-9dfa3325d7d9@group-48B17F817404-SegmentedRaftLogWorker close()
2021-08-10 18:28:41,789 [Listener at 127.0.0.1/43729] INFO  server.RaftServer$Division (RaftServerImpl.java:lambda$close$4(407)) - f742b26a-fba2-4c03-ac3e-9dfa3325d7d9@group-31F9EA2E53B8: shutdown
2021-08-10 18:28:41,789 [Listener at 127.0.0.1/43729] INFO  util.JmxRegister (JmxRegister.java:unregister(73)) - Successfully un-registered JMX Bean with object name Ratis:service=RaftServer,group=group-31F9EA2E53B8,id=f742b26a-fba2-4c03-ac3e-9dfa3325d7d9
2021-08-10 18:28:41,789 [Listener at 127.0.0.1/43729] INFO  impl.RoleInfo (RoleInfo.java:shutdownLeaderState(91)) - f742b26a-fba2-4c03-ac3e-9dfa3325d7d9: shutdown f742b26a-fba2-4c03-ac3e-9dfa3325d7d9@group-31F9EA2E53B8-LeaderStateImpl
2021-08-10 18:28:41,789 [Listener at 127.0.0.1/43729] INFO  impl.PendingRequests (PendingRequests.java:sendNotLeaderResponses(249)) - f742b26a-fba2-4c03-ac3e-9dfa3325d7d9@group-31F9EA2E53B8-PendingRequests: sendNotLeaderResponses
2021-08-10 18:28:41,790 [Listener at 127.0.0.1/43729] INFO  impl.StateMachineUpdater (StateMachineUpdater.java:stopAndJoin(149)) - f742b26a-fba2-4c03-ac3e-9dfa3325d7d9@group-31F9EA2E53B8-StateMachineUpdater: set stopIndex = 0
2021-08-10 18:28:41,790 [f742b26a-fba2-4c03-ac3e-9dfa3325d7d9@group-31F9EA2E53B8-StateMachineUpdater] INFO  ratis.ContainerStateMachine (ContainerStateMachine.java:takeSnapshot(291)) - group-31F9EA2E53B8: Taking a snapshot at:(t:1, i:0) file /home/runner/work/ozone/ozone/hadoop-ozone/integration-test/target/test-dir/MiniOzoneClusterImpl-a05ed1eb-feab-4415-88a0-4de04f3f758c/datanode-1/data/ratis/ed080598-45f4-43a0-aa45-31f9ea2e53b8/sm/snapshot.1_0
2021-08-10 18:28:41,791 [f742b26a-fba2-4c03-ac3e-9dfa3325d7d9@group-31F9EA2E53B8-StateMachineUpdater] INFO  ratis.ContainerStateMachine (ContainerStateMachine.java:takeSnapshot(302)) - group-31F9EA2E53B8: Finished taking a snapshot at:(t:1, i:0) file:/home/runner/work/ozone/ozone/hadoop-ozone/integration-test/target/test-dir/MiniOzoneClusterImpl-a05ed1eb-feab-4415-88a0-4de04f3f758c/datanode-1/data/ratis/ed080598-45f4-43a0-aa45-31f9ea2e53b8/sm/snapshot.1_0 took: 0 ms
2021-08-10 18:28:41,791 [f742b26a-fba2-4c03-ac3e-9dfa3325d7d9@group-31F9EA2E53B8-StateMachineUpdater] INFO  impl.StateMachineUpdater (StateMachineUpdater.java:takeSnapshot(281)) - f742b26a-fba2-4c03-ac3e-9dfa3325d7d9@group-31F9EA2E53B8-StateMachineUpdater: Took a snapshot at index 0
2021-08-10 18:28:41,791 [f742b26a-fba2-4c03-ac3e-9dfa3325d7d9@group-31F9EA2E53B8-StateMachineUpdater] INFO  impl.StateMachineUpdater (StateMachineUpdater.java:lambda$new$0(89)) - f742b26a-fba2-4c03-ac3e-9dfa3325d7d9@group-31F9EA2E53B8-StateMachineUpdater: snapshotIndex: updateIncreasingly -1 -> 0
2021-08-10 18:28:41,791 [Listener at 127.0.0.1/43729] INFO  server.RaftServer$Division (ServerState.java:close(419)) - f742b26a-fba2-4c03-ac3e-9dfa3325d7d9@group-31F9EA2E53B8: closes. applyIndex: 0
2021-08-10 18:28:41,792 [f742b26a-fba2-4c03-ac3e-9dfa3325d7d9@group-31F9EA2E53B8-SegmentedRaftLogWorker] INFO  segmented.SegmentedRaftLogWorker (SegmentedRaftLogWorker.java:run(327)) - f742b26a-fba2-4c03-ac3e-9dfa3325d7d9@group-31F9EA2E53B8-SegmentedRaftLogWorker was interrupted, exiting. There are 0 tasks remaining in the queue.
2021-08-10 18:28:41,792 [Listener at 127.0.0.1/43729] INFO  segmented.SegmentedRaftLogWorker (SegmentedRaftLogWorker.java:close(237)) - f742b26a-fba2-4c03-ac3e-9dfa3325d7d9@group-31F9EA2E53B8-SegmentedRaftLogWorker close()
2021-08-10 18:28:41,792 [10120287-8d24-4050-8da6-9033ceeef397@group-52FE261952AC-StateMachineUpdater] INFO  ratis.ContainerStateMachine (ContainerStateMachine.java:takeSnapshot(302)) - group-52FE261952AC: Finished taking a snapshot at:(t:1, i:0) file:/home/runner/work/ozone/ozone/hadoop-ozone/integration-test/target/test-dir/MiniOzoneClusterImpl-a05ed1eb-feab-4415-88a0-4de04f3f758c/datanode-0/data/ratis/53523a20-a179-495e-8916-52fe261952ac/sm/snapshot.1_0 took: 26 ms
2021-08-10 18:28:41,792 [f742b26a-fba2-4c03-ac3e-9dfa3325d7d9@group-48B17F817404->10120287-8d24-4050-8da6-9033ceeef397-GrpcLogAppender-LogAppenderDaemon] WARN  server.GrpcLogAppender (GrpcLogAppender.java:mayWait(175)) - f742b26a-fba2-4c03-ac3e-9dfa3325d7d9@group-48B17F817404->10120287-8d24-4050-8da6-9033ceeef397-GrpcLogAppender: Wait interrupted by java.lang.InterruptedException
2021-08-10 18:28:41,793 [10120287-8d24-4050-8da6-9033ceeef397@group-52FE261952AC-StateMachineUpdater] INFO  impl.StateMachineUpdater (StateMachineUpdater.java:takeSnapshot(281)) - 10120287-8d24-4050-8da6-9033ceeef397@group-52FE261952AC-StateMachineUpdater: Took a snapshot at index 0
2021-08-10 18:28:41,793 [10120287-8d24-4050-8da6-9033ceeef397@group-52FE261952AC-StateMachineUpdater] INFO  impl.StateMachineUpdater (StateMachineUpdater.java:lambda$new$0(89)) - 10120287-8d24-4050-8da6-9033ceeef397@group-52FE261952AC-StateMachineUpdater: snapshotIndex: updateIncreasingly -1 -> 0
2021-08-10 18:28:41,793 [grpc-default-executor-2] INFO  server.GrpcServerProtocolService (GrpcServerProtocolService.java:onCompleted(140)) - 10120287-8d24-4050-8da6-9033ceeef397: Completed APPEND_ENTRIES, lastRequest: f742b26a-fba2-4c03-ac3e-9dfa3325d7d9->10120287-8d24-4050-8da6-9033ceeef397#1-t1,previous=(t:0, i:0),leaderCommit=0,initializing? true,entries: size=1, first=(t:1, i:0), CONFIGURATIONENTRY
2021-08-10 18:28:41,794 [grpc-default-executor-2] INFO  server.GrpcLogAppender (GrpcLogAppender.java:onCompleted(344)) - f742b26a-fba2-4c03-ac3e-9dfa3325d7d9@group-48B17F817404->10120287-8d24-4050-8da6-9033ceeef397-AppendLogResponseHandler: follower responses appendEntries COMPLETED
2021-08-10 18:28:41,794 [grpc-default-executor-2] INFO  leader.FollowerInfo (FollowerInfoImpl.java:lambda$new$0(46)) - f742b26a-fba2-4c03-ac3e-9dfa3325d7d9@group-48B17F817404->10120287-8d24-4050-8da6-9033ceeef397: nextIndex: updateUnconditionally 1 -> 0
2021-08-10 18:28:41,795 [ForkJoinPool.commonPool-worker-0] INFO  server.RaftServer$Division (ServerState.java:close(419)) - 10120287-8d24-4050-8da6-9033ceeef397@group-52FE261952AC: closes. applyIndex: 0
2021-08-10 18:28:41,795 [10120287-8d24-4050-8da6-9033ceeef397@group-52FE261952AC-SegmentedRaftLogWorker] INFO  segmented.SegmentedRaftLogWorker (SegmentedRaftLogWorker.java:run(327)) - 10120287-8d24-4050-8da6-9033ceeef397@group-52FE261952AC-SegmentedRaftLogWorker was interrupted, exiting. There are 0 tasks remaining in the queue.
2021-08-10 18:28:41,800 [ForkJoinPool.commonPool-worker-0] INFO  segmented.SegmentedRaftLogWorker (SegmentedRaftLogWorker.java:close(237)) - 10120287-8d24-4050-8da6-9033ceeef397@group-52FE261952AC-SegmentedRaftLogWorker close()
2021-08-10 18:28:41,809 [Listener at 127.0.0.1/43729] INFO  server.GrpcService (GrpcService.java:closeImpl(262)) - f742b26a-fba2-4c03-ac3e-9dfa3325d7d9: shutdown server with port 34143 now
2021-08-10 18:28:41,809 [ForkJoinPool.commonPool-worker-0] INFO  server.GrpcService (GrpcService.java:closeImpl(262)) - 10120287-8d24-4050-8da6-9033ceeef397: shutdown server with port 35929 now
2021-08-10 18:28:41,845 [grpc-default-executor-3] WARN  server.GrpcLogAppender (LogUtils.java:warn(122)) - caaea685-ee27-477a-9895-fe9115308b21@group-C1C0CC0F09C0->10120287-8d24-4050-8da6-9033ceeef397-AppendLogResponseHandler: Failed appendEntries: org.apache.ratis.thirdparty.io.grpc.StatusRuntimeException: CANCELLED: HTTP/2 error code: CANCEL
Received Rst Stream
2021-08-10 18:28:41,845 [grpc-default-executor-3] WARN  server.GrpcLogAppender (GrpcLogAppender.java:resetClient(111)) - caaea685-ee27-477a-9895-fe9115308b21@group-C1C0CC0F09C0->10120287-8d24-4050-8da6-9033ceeef397-GrpcLogAppender: Leader has not got in touch with Follower caaea685-ee27-477a-9895-fe9115308b21@group-C1C0CC0F09C0->10120287-8d24-4050-8da6-9033ceeef397(c0,m0,n1, attendVote=true, lastRpcSendTime=2397, lastRpcResponseTime=2308) yet, just keep nextIndex unchanged and retry.
2021-08-10 18:28:41,846 [grpc-default-executor-1] WARN  server.GrpcServerProtocolService (LogUtils.java:warn(122)) - 10120287-8d24-4050-8da6-9033ceeef397: installSnapshot onError, lastRequest: caaea685-ee27-477a-9895-fe9115308b21->10120287-8d24-4050-8da6-9033ceeef397#1-t2,previous=(t:0, i:0),leaderCommit=-1,initializing? true,entries: size=1, first=(t:2, i:0), CONFIGURATIONENTRY: org.apache.ratis.thirdparty.io.grpc.StatusRuntimeException: CANCELLED: client cancelled
2021-08-10 18:28:41,863 [grpc-default-executor-4] WARN  server.GrpcServerProtocolService (LogUtils.java:warn(122)) - f742b26a-fba2-4c03-ac3e-9dfa3325d7d9: installSnapshot onError, lastRequest: caaea685-ee27-477a-9895-fe9115308b21->f742b26a-fba2-4c03-ac3e-9dfa3325d7d9#1-t2,previous=(t:0, i:0),leaderCommit=0,initializing? true,entries: size=1, first=(t:2, i:0), CONFIGURATIONENTRY: org.apache.ratis.thirdparty.io.grpc.StatusRuntimeException: CANCELLED: client cancelled
2021-08-10 18:28:41,863 [grpc-default-executor-4] WARN  server.GrpcLogAppender (LogUtils.java:warn(122)) - caaea685-ee27-477a-9895-fe9115308b21@group-C1C0CC0F09C0->f742b26a-fba2-4c03-ac3e-9dfa3325d7d9-AppendLogResponseHandler: Failed appendEntries: org.apache.ratis.thirdparty.io.grpc.StatusRuntimeException: CANCELLED: HTTP/2 error code: CANCEL
Received Rst Stream
2021-08-10 18:28:41,863 [grpc-default-executor-4] WARN  server.GrpcLogAppender (GrpcLogAppender.java:resetClient(111)) - caaea685-ee27-477a-9895-fe9115308b21@group-C1C0CC0F09C0->f742b26a-fba2-4c03-ac3e-9dfa3325d7d9-GrpcLogAppender: Leader has not got in touch with Follower caaea685-ee27-477a-9895-fe9115308b21@group-C1C0CC0F09C0->f742b26a-fba2-4c03-ac3e-9dfa3325d7d9(c0,m0,n1, attendVote=true, lastRpcSendTime=2398, lastRpcResponseTime=2337) yet, just keep nextIndex unchanged and retry.
2021-08-10 18:28:41,888 [ForkJoinPool.commonPool-worker-0] INFO  server.GrpcService (GrpcService.java:closeImpl(271)) - 10120287-8d24-4050-8da6-9033ceeef397: shutdown server with port 35929 successfully
2021-08-10 18:28:41,888 [org.apache.ratis.util.JvmPauseMonitor$$Lambda$531/2055791967@4cd68a5c] INFO  util.JvmPauseMonitor (JvmPauseMonitor.java:run(109)) - JvmPauseMonitor-10120287-8d24-4050-8da6-9033ceeef397: Stopped
2021-08-10 18:28:41,890 [Listener at 127.0.0.1/43729] INFO  server.GrpcService (GrpcService.java:closeImpl(271)) - f742b26a-fba2-4c03-ac3e-9dfa3325d7d9: shutdown server with port 34143 successfully
2021-08-10 18:28:41,890 [org.apache.ratis.util.JvmPauseMonitor$$Lambda$531/2055791967@2455cfd1] INFO  util.JvmPauseMonitor (JvmPauseMonitor.java:run(109)) - JvmPauseMonitor-f742b26a-fba2-4c03-ac3e-9dfa3325d7d9: Stopped
2021-08-10 18:28:41,891 [Listener at 127.0.0.1/43729] INFO  utils.BackgroundService (BackgroundService.java:shutdown(132)) - Shutting down service BlockDeletingService
2021-08-10 18:28:41,893 [ForkJoinPool.commonPool-worker-0] INFO  utils.BackgroundService (BackgroundService.java:shutdown(132)) - Shutting down service BlockDeletingService
2021-08-10 18:28:42,052 [grpc-default-executor-4] WARN  server.GrpcLogAppender (LogUtils.java:warn(122)) - caaea685-ee27-477a-9895-fe9115308b21@group-C1C0CC0F09C0->10120287-8d24-4050-8da6-9033ceeef397-AppendLogResponseHandler: Failed appendEntries: org.apache.ratis.thirdparty.io.grpc.StatusRuntimeException: UNAVAILABLE: io exception
2021-08-10 18:28:42,053 [grpc-default-executor-4] WARN  server.GrpcLogAppender (GrpcLogAppender.java:resetClient(111)) - caaea685-ee27-477a-9895-fe9115308b21@group-C1C0CC0F09C0->10120287-8d24-4050-8da6-9033ceeef397-GrpcLogAppender: Leader has not got in touch with Follower caaea685-ee27-477a-9895-fe9115308b21@group-C1C0CC0F09C0->10120287-8d24-4050-8da6-9033ceeef397(c0,m0,n1, attendVote=true, lastRpcSendTime=8, lastRpcResponseTime=2515) yet, just keep nextIndex unchanged and retry.
2021-08-10 18:28:42,084 [grpc-default-executor-0] WARN  server.GrpcLogAppender (LogUtils.java:warn(122)) - caaea685-ee27-477a-9895-fe9115308b21@group-C1C0CC0F09C0->f742b26a-fba2-4c03-ac3e-9dfa3325d7d9-AppendLogResponseHandler: Failed appendEntries: org.apache.ratis.thirdparty.io.grpc.StatusRuntimeException: UNAVAILABLE: io exception
2021-08-10 18:28:42,084 [grpc-default-executor-0] WARN  server.GrpcLogAppender (GrpcLogAppender.java:resetClient(111)) - caaea685-ee27-477a-9895-fe9115308b21@group-C1C0CC0F09C0->f742b26a-fba2-4c03-ac3e-9dfa3325d7d9-GrpcLogAppender: Leader has not got in touch with Follower caaea685-ee27-477a-9895-fe9115308b21@group-C1C0CC0F09C0->f742b26a-fba2-4c03-ac3e-9dfa3325d7d9(c0,m0,n1, attendVote=true, lastRpcSendTime=2, lastRpcResponseTime=2558) yet, just keep nextIndex unchanged and retry.
2021-08-10 18:28:44,550 [grpc-default-executor-0] WARN  server.GrpcLogAppender (LogUtils.java:warn(122)) - caaea685-ee27-477a-9895-fe9115308b21@group-C1C0CC0F09C0->10120287-8d24-4050-8da6-9033ceeef397-AppendLogResponseHandler: Failed appendEntries: org.apache.ratis.thirdparty.io.grpc.StatusRuntimeException: UNAVAILABLE: io exception
2021-08-10 18:28:44,551 [grpc-default-executor-0] WARN  server.GrpcLogAppender (GrpcLogAppender.java:resetClient(111)) - caaea685-ee27-477a-9895-fe9115308b21@group-C1C0CC0F09C0->10120287-8d24-4050-8da6-9033ceeef397-GrpcLogAppender: Leader has not got in touch with Follower caaea685-ee27-477a-9895-fe9115308b21@group-C1C0CC0F09C0->10120287-8d24-4050-8da6-9033ceeef397(c0,m0,n1, attendVote=true, lastRpcSendTime=2507, lastRpcResponseTime=5014) yet, just keep nextIndex unchanged and retry.
2021-08-10 18:28:44,585 [grpc-default-executor-0] WARN  server.GrpcLogAppender (LogUtils.java:warn(122)) - caaea685-ee27-477a-9895-fe9115308b21@group-C1C0CC0F09C0->f742b26a-fba2-4c03-ac3e-9dfa3325d7d9-AppendLogResponseHandler: Failed appendEntries: org.apache.ratis.thirdparty.io.grpc.StatusRuntimeException: UNAVAILABLE: io exception
2021-08-10 18:28:44,586 [grpc-default-executor-0] WARN  server.GrpcLogAppender (GrpcLogAppender.java:resetClient(111)) - caaea685-ee27-477a-9895-fe9115308b21@group-C1C0CC0F09C0->f742b26a-fba2-4c03-ac3e-9dfa3325d7d9-GrpcLogAppender: Leader has not got in touch with Follower caaea685-ee27-477a-9895-fe9115308b21@group-C1C0CC0F09C0->f742b26a-fba2-4c03-ac3e-9dfa3325d7d9(c0,m0,n1, attendVote=true, lastRpcSendTime=0, lastRpcResponseTime=5059) yet, just keep nextIndex unchanged and retry.
2021-08-10 18:28:44,901 [ForkJoinPool.commonPool-worker-0] INFO  statemachine.DatanodeStateMachine (DatanodeStateMachine.java:stopDaemon(515)) - Ozone container server stopped.
2021-08-10 18:28:44,921 [ForkJoinPool.commonPool-worker-0] INFO  handler.ContextHandler (ContextHandler.java:doStop(1153)) - Stopped o.e.j.w.WebAppContext@4b2b1e29{hddsDatanode,/,null,STOPPED}{jar:file:/home/runner/.m2/repository/org/apache/ozone/hdds-container-service/1.2.0-SNAPSHOT/hdds-container-service-1.2.0-SNAPSHOT.jar!/webapps/hddsDatanode}
2021-08-10 18:28:44,944 [Listener at 127.0.0.1/43729] INFO  statemachine.DatanodeStateMachine (DatanodeStateMachine.java:stopDaemon(515)) - Ozone container server stopped.
2021-08-10 18:28:44,948 [Listener at 127.0.0.1/43729] INFO  handler.ContextHandler (ContextHandler.java:doStop(1153)) - Stopped o.e.j.w.WebAppContext@37d35355{hddsDatanode,/,null,STOPPED}{jar:file:/home/runner/.m2/repository/org/apache/ozone/hdds-container-service/1.2.0-SNAPSHOT/hdds-container-service-1.2.0-SNAPSHOT.jar!/webapps/hddsDatanode}
2021-08-10 18:28:44,949 [ForkJoinPool.commonPool-worker-0] INFO  server.AbstractConnector (AbstractConnector.java:doStop(381)) - Stopped ServerConnector@36957ba2{HTTP/1.1, (http/1.1)}{0.0.0.0:0}
2021-08-10 18:28:44,949 [ForkJoinPool.commonPool-worker-0] INFO  server.session (HouseKeeper.java:stopScavenging(149)) - node0 Stopped scavenging
2021-08-10 18:28:44,951 [ForkJoinPool.commonPool-worker-0] INFO  handler.ContextHandler (ContextHandler.java:doStop(1153)) - Stopped o.e.j.s.ServletContextHandler@5f6e0bd7{static,/static,jar:file:/home/runner/.m2/repository/org/apache/ozone/hdds-container-service/1.2.0-SNAPSHOT/hdds-container-service-1.2.0-SNAPSHOT.jar!/webapps/static,STOPPED}
2021-08-10 18:28:44,951 [ForkJoinPool.commonPool-worker-0] INFO  handler.ContextHandler (ContextHandler.java:doStop(1153)) - Stopped o.e.j.s.ServletContextHandler@732e06e5{logs,/logs,file:///home/runner/work/ozone/ozone/hadoop-ozone/integration-test/target/log,STOPPED}
2021-08-10 18:28:44,984 [Listener at 127.0.0.1/43729] INFO  server.AbstractConnector (AbstractConnector.java:doStop(381)) - Stopped ServerConnector@78896c59{HTTP/1.1, (http/1.1)}{0.0.0.0:0}
2021-08-10 18:28:44,984 [Listener at 127.0.0.1/43729] INFO  server.session (HouseKeeper.java:stopScavenging(149)) - node0 Stopped scavenging
2021-08-10 18:28:44,985 [Listener at 127.0.0.1/43729] INFO  handler.ContextHandler (ContextHandler.java:doStop(1153)) - Stopped o.e.j.s.ServletContextHandler@6a97caba{static,/static,jar:file:/home/runner/.m2/repository/org/apache/ozone/hdds-container-service/1.2.0-SNAPSHOT/hdds-container-service-1.2.0-SNAPSHOT.jar!/webapps/static,STOPPED}
2021-08-10 18:28:44,985 [Listener at 127.0.0.1/43729] INFO  handler.ContextHandler (ContextHandler.java:doStop(1153)) - Stopped o.e.j.s.ServletContextHandler@78668937{logs,/logs,file:///home/runner/work/ozone/ozone/hadoop-ozone/integration-test/target/log,STOPPED}
2021-08-10 18:28:45,356 [Datanode State Machine Thread - 0] INFO  statemachine.DatanodeStateMachine (DatanodeStateMachine.java:lambda$startDaemon$0(457)) - Ozone container server started.
2021-08-10 18:28:47,072 [grpc-default-executor-0] WARN  server.GrpcLogAppender (LogUtils.java:warn(122)) - caaea685-ee27-477a-9895-fe9115308b21@group-C1C0CC0F09C0->10120287-8d24-4050-8da6-9033ceeef397-AppendLogResponseHandler: Failed appendEntries: org.apache.ratis.thirdparty.io.grpc.StatusRuntimeException: UNAVAILABLE: io exception
2021-08-10 18:28:47,073 [grpc-default-executor-0] WARN  server.GrpcLogAppender (GrpcLogAppender.java:resetClient(111)) - caaea685-ee27-477a-9895-fe9115308b21@group-C1C0CC0F09C0->10120287-8d24-4050-8da6-9033ceeef397-GrpcLogAppender: Leader has not got in touch with Follower caaea685-ee27-477a-9895-fe9115308b21@group-C1C0CC0F09C0->10120287-8d24-4050-8da6-9033ceeef397(c0,m0,n1, attendVote=true, lastRpcSendTime=2516, lastRpcResponseTime=7536) yet, just keep nextIndex unchanged and retry.
2021-08-10 18:28:47,097 [grpc-default-executor-0] WARN  server.GrpcLogAppender (LogUtils.java:warn(122)) - caaea685-ee27-477a-9895-fe9115308b21@group-C1C0CC0F09C0->f742b26a-fba2-4c03-ac3e-9dfa3325d7d9-AppendLogResponseHandler: Failed appendEntries: org.apache.ratis.thirdparty.io.grpc.StatusRuntimeException: UNAVAILABLE: io exception
2021-08-10 18:28:47,108 [grpc-default-executor-0] WARN  server.GrpcLogAppender (GrpcLogAppender.java:resetClient(111)) - caaea685-ee27-477a-9895-fe9115308b21@group-C1C0CC0F09C0->f742b26a-fba2-4c03-ac3e-9dfa3325d7d9-GrpcLogAppender: Leader has not got in touch with Follower caaea685-ee27-477a-9895-fe9115308b21@group-C1C0CC0F09C0->f742b26a-fba2-4c03-ac3e-9dfa3325d7d9(c0,m0,n1, attendVote=true, lastRpcSendTime=2523, lastRpcResponseTime=7582) yet, just keep nextIndex unchanged and retry.
2021-08-10 18:28:49,593 [grpc-default-executor-0] WARN  server.GrpcLogAppender (LogUtils.java:warn(122)) - caaea685-ee27-477a-9895-fe9115308b21@group-C1C0CC0F09C0->10120287-8d24-4050-8da6-9033ceeef397-AppendLogResponseHandler: Failed appendEntries: org.apache.ratis.thirdparty.io.grpc.StatusRuntimeException: UNAVAILABLE: io exception
2021-08-10 18:28:49,594 [grpc-default-executor-0] WARN  server.GrpcLogAppender (GrpcLogAppender.java:resetClient(111)) - caaea685-ee27-477a-9895-fe9115308b21@group-C1C0CC0F09C0->10120287-8d24-4050-8da6-9033ceeef397-GrpcLogAppender: Leader has not got in touch with Follower caaea685-ee27-477a-9895-fe9115308b21@group-C1C0CC0F09C0->10120287-8d24-4050-8da6-9033ceeef397(c0,m0,n1, attendVote=true, lastRpcSendTime=2504, lastRpcResponseTime=10057) yet, just keep nextIndex unchanged and retry.
2021-08-10 18:28:49,609 [grpc-default-executor-0] WARN  server.GrpcLogAppender (LogUtils.java:warn(122)) - caaea685-ee27-477a-9895-fe9115308b21@group-C1C0CC0F09C0->f742b26a-fba2-4c03-ac3e-9dfa3325d7d9-AppendLogResponseHandler: Failed appendEntries: org.apache.ratis.thirdparty.io.grpc.StatusRuntimeException: UNAVAILABLE: io exception
2021-08-10 18:28:49,609 [grpc-default-executor-0] WARN  server.GrpcLogAppender (GrpcLogAppender.java:resetClient(111)) - caaea685-ee27-477a-9895-fe9115308b21@group-C1C0CC0F09C0->f742b26a-fba2-4c03-ac3e-9dfa3325d7d9-GrpcLogAppender: Leader has not got in touch with Follower caaea685-ee27-477a-9895-fe9115308b21@group-C1C0CC0F09C0->f742b26a-fba2-4c03-ac3e-9dfa3325d7d9(c0,m0,n1, attendVote=true, lastRpcSendTime=2500, lastRpcResponseTime=10083) yet, just keep nextIndex unchanged and retry.
2021-08-10 18:28:49,848 [caaea685-ee27-477a-9895-fe9115308b21@group-C1C0CC0F09C0-LeaderStateImpl] WARN  server.RaftServer$Division (LeaderStateImpl.java:checkLeadership(944)) - caaea685-ee27-477a-9895-fe9115308b21@group-C1C0CC0F09C0-LeaderStateImpl: Lost leadership on term: 2. Election timeout: 5200ms. In charge for: 10502ms. Conf: 0: [10120287-8d24-4050-8da6-9033ceeef397|rpc:10.1.0.41:35929|dataStream:|priority:0, caaea685-ee27-477a-9895-fe9115308b21|rpc:10.1.0.41:46809|dataStream:|priority:1, f742b26a-fba2-4c03-ac3e-9dfa3325d7d9|rpc:10.1.0.41:34143|dataStream:|priority:0], old=null
2021-08-10 18:28:49,848 [caaea685-ee27-477a-9895-fe9115308b21@group-C1C0CC0F09C0-LeaderStateImpl] WARN  server.RaftServer$Division (LeaderStateImpl.java:lambda$checkLeadership$15(948)) - Follower caaea685-ee27-477a-9895-fe9115308b21@group-C1C0CC0F09C0->10120287-8d24-4050-8da6-9033ceeef397(c0,m0,n1, attendVote=true, lastRpcSendTime=246, lastRpcResponseTime=10311)
2021-08-10 18:28:49,848 [caaea685-ee27-477a-9895-fe9115308b21@group-C1C0CC0F09C0-LeaderStateImpl] WARN  server.RaftServer$Division (LeaderStateImpl.java:lambda$checkLeadership$15(948)) - Follower caaea685-ee27-477a-9895-fe9115308b21@group-C1C0CC0F09C0->f742b26a-fba2-4c03-ac3e-9dfa3325d7d9(c0,m0,n1, attendVote=true, lastRpcSendTime=232, lastRpcResponseTime=10322)
2021-08-10 18:28:49,849 [caaea685-ee27-477a-9895-fe9115308b21@group-C1C0CC0F09C0-LeaderStateImpl] INFO  server.RaftServer$Division (RaftServerImpl.java:setRole(285)) - caaea685-ee27-477a-9895-fe9115308b21@group-C1C0CC0F09C0: changes role from    LEADER to FOLLOWER at term 2 for StepDownReason:LOST_MAJORITY_HEARTBEATS
2021-08-10 18:28:49,849 [caaea685-ee27-477a-9895-fe9115308b21@group-C1C0CC0F09C0-LeaderStateImpl] INFO  impl.RoleInfo (RoleInfo.java:shutdownLeaderState(91)) - caaea685-ee27-477a-9895-fe9115308b21: shutdown caaea685-ee27-477a-9895-fe9115308b21@group-C1C0CC0F09C0-LeaderStateImpl
2021-08-10 18:28:49,849 [caaea685-ee27-477a-9895-fe9115308b21@group-C1C0CC0F09C0-LeaderStateImpl] INFO  impl.PendingRequests (PendingRequests.java:sendNotLeaderResponses(249)) - caaea685-ee27-477a-9895-fe9115308b21@group-C1C0CC0F09C0-PendingRequests: sendNotLeaderResponses
2021-08-10 18:28:49,850 [caaea685-ee27-477a-9895-fe9115308b21@group-C1C0CC0F09C0-LeaderStateImpl] INFO  impl.RoleInfo (RoleInfo.java:updateAndGet(130)) - caaea685-ee27-477a-9895-fe9115308b21: start caaea685-ee27-477a-9895-fe9115308b21@group-C1C0CC0F09C0-FollowerState
2021-08-10 18:28:49,986 [ForkJoinPool.commonPool-worker-0] INFO  ozoneimpl.OzoneContainer (OzoneContainer.java:stop(326)) - Attempting to stop container services.
2021-08-10 18:28:49,987 [ForkJoinPool.commonPool-worker-0] INFO  server.RaftServer (RaftServerProxy.java:lambda$close$6(391)) - caaea685-ee27-477a-9895-fe9115308b21: close
2021-08-10 18:28:49,987 [ForkJoinPool.commonPool-worker-0] INFO  server.RaftServer$Division (RaftServerImpl.java:lambda$close$4(407)) - caaea685-ee27-477a-9895-fe9115308b21@group-C1C0CC0F09C0: shutdown
2021-08-10 18:28:49,987 [ForkJoinPool.commonPool-worker-0] INFO  util.JmxRegister (JmxRegister.java:unregister(73)) - Successfully un-registered JMX Bean with object name Ratis:service=RaftServer,group=group-C1C0CC0F09C0,id=caaea685-ee27-477a-9895-fe9115308b21
2021-08-10 18:28:49,987 [ForkJoinPool.commonPool-worker-0] INFO  impl.RoleInfo (RoleInfo.java:shutdownFollowerState(108)) - caaea685-ee27-477a-9895-fe9115308b21: shutdown caaea685-ee27-477a-9895-fe9115308b21@group-C1C0CC0F09C0-FollowerState
2021-08-10 18:28:49,987 [ForkJoinPool.commonPool-worker-0] INFO  impl.StateMachineUpdater (StateMachineUpdater.java:stopAndJoin(149)) - caaea685-ee27-477a-9895-fe9115308b21@group-C1C0CC0F09C0-StateMachineUpdater: set stopIndex = 0
2021-08-10 18:28:49,987 [caaea685-ee27-477a-9895-fe9115308b21@group-C1C0CC0F09C0-FollowerState] INFO  impl.FollowerState (FollowerState.java:run(143)) - caaea685-ee27-477a-9895-fe9115308b21@group-C1C0CC0F09C0-FollowerState was interrupted: {}
java.lang.InterruptedException: sleep interrupted
	at java.lang.Thread.sleep(Native Method)
	at java.lang.Thread.sleep(Thread.java:340)
	at java.util.concurrent.TimeUnit.sleep(TimeUnit.java:386)
	at org.apache.ratis.util.TimeDuration.sleep(TimeDuration.java:324)
	at org.apache.ratis.util.TimeDuration.sleep(TimeDuration.java:309)
	at org.apache.ratis.server.impl.FollowerState.run(FollowerState.java:118)
2021-08-10 18:28:49,988 [caaea685-ee27-477a-9895-fe9115308b21@group-C1C0CC0F09C0-StateMachineUpdater] INFO  ratis.ContainerStateMachine (ContainerStateMachine.java:takeSnapshot(291)) - group-C1C0CC0F09C0: Taking a snapshot at:(t:2, i:0) file /home/runner/work/ozone/ozone/hadoop-ozone/integration-test/target/test-dir/MiniOzoneClusterImpl-a05ed1eb-feab-4415-88a0-4de04f3f758c/datanode-2/data/ratis/6c79079c-5180-44ad-aa27-c1c0cc0f09c0/sm/snapshot.2_0
2021-08-10 18:28:49,989 [caaea685-ee27-477a-9895-fe9115308b21@group-C1C0CC0F09C0-StateMachineUpdater] INFO  ratis.ContainerStateMachine (ContainerStateMachine.java:takeSnapshot(302)) - group-C1C0CC0F09C0: Finished taking a snapshot at:(t:2, i:0) file:/home/runner/work/ozone/ozone/hadoop-ozone/integration-test/target/test-dir/MiniOzoneClusterImpl-a05ed1eb-feab-4415-88a0-4de04f3f758c/datanode-2/data/ratis/6c79079c-5180-44ad-aa27-c1c0cc0f09c0/sm/snapshot.2_0 took: 1 ms
2021-08-10 18:28:49,989 [caaea685-ee27-477a-9895-fe9115308b21@group-C1C0CC0F09C0-StateMachineUpdater] INFO  impl.StateMachineUpdater (StateMachineUpdater.java:takeSnapshot(281)) - caaea685-ee27-477a-9895-fe9115308b21@group-C1C0CC0F09C0-StateMachineUpdater: Took a snapshot at index 0
2021-08-10 18:28:49,989 [caaea685-ee27-477a-9895-fe9115308b21@group-C1C0CC0F09C0-StateMachineUpdater] INFO  impl.StateMachineUpdater (StateMachineUpdater.java:lambda$new$0(89)) - caaea685-ee27-477a-9895-fe9115308b21@group-C1C0CC0F09C0-StateMachineUpdater: snapshotIndex: updateIncreasingly -1 -> 0
2021-08-10 18:28:49,990 [ForkJoinPool.commonPool-worker-0] INFO  server.RaftServer$Division (ServerState.java:close(419)) - caaea685-ee27-477a-9895-fe9115308b21@group-C1C0CC0F09C0: closes. applyIndex: 0
2021-08-10 18:28:49,990 [caaea685-ee27-477a-9895-fe9115308b21@group-C1C0CC0F09C0-SegmentedRaftLogWorker] INFO  segmented.SegmentedRaftLogWorker (SegmentedRaftLogWorker.java:run(327)) - caaea685-ee27-477a-9895-fe9115308b21@group-C1C0CC0F09C0-SegmentedRaftLogWorker was interrupted, exiting. There are 0 tasks remaining in the queue.
2021-08-10 18:28:49,991 [ForkJoinPool.commonPool-worker-0] INFO  segmented.SegmentedRaftLogWorker (SegmentedRaftLogWorker.java:close(237)) - caaea685-ee27-477a-9895-fe9115308b21@group-C1C0CC0F09C0-SegmentedRaftLogWorker close()
2021-08-10 18:28:49,997 [ForkJoinPool.commonPool-worker-0] INFO  server.RaftServer$Division (RaftServerImpl.java:lambda$close$4(407)) - caaea685-ee27-477a-9895-fe9115308b21@group-114C655627EF: shutdown
2021-08-10 18:28:49,997 [ForkJoinPool.commonPool-worker-0] INFO  util.JmxRegister (JmxRegister.java:unregister(73)) - Successfully un-registered JMX Bean with object name Ratis:service=RaftServer,group=group-114C655627EF,id=caaea685-ee27-477a-9895-fe9115308b21
2021-08-10 18:28:49,997 [ForkJoinPool.commonPool-worker-0] INFO  impl.RoleInfo (RoleInfo.java:shutdownLeaderState(91)) - caaea685-ee27-477a-9895-fe9115308b21: shutdown caaea685-ee27-477a-9895-fe9115308b21@group-114C655627EF-LeaderStateImpl
2021-08-10 18:28:49,997 [ForkJoinPool.commonPool-worker-0] INFO  impl.PendingRequests (PendingRequests.java:sendNotLeaderResponses(249)) - caaea685-ee27-477a-9895-fe9115308b21@group-114C655627EF-PendingRequests: sendNotLeaderResponses
2021-08-10 18:28:49,998 [ForkJoinPool.commonPool-worker-0] INFO  impl.StateMachineUpdater (StateMachineUpdater.java:stopAndJoin(149)) - caaea685-ee27-477a-9895-fe9115308b21@group-114C655627EF-StateMachineUpdater: set stopIndex = 0
2021-08-10 18:28:49,998 [caaea685-ee27-477a-9895-fe9115308b21@group-114C655627EF-StateMachineUpdater] INFO  ratis.ContainerStateMachine (ContainerStateMachine.java:takeSnapshot(291)) - group-114C655627EF: Taking a snapshot at:(t:1, i:0) file /home/runner/work/ozone/ozone/hadoop-ozone/integration-test/target/test-dir/MiniOzoneClusterImpl-a05ed1eb-feab-4415-88a0-4de04f3f758c/datanode-2/data/ratis/1adec00e-1ef5-4875-be2e-114c655627ef/sm/snapshot.1_0
2021-08-10 18:28:50,005 [caaea685-ee27-477a-9895-fe9115308b21@group-114C655627EF-StateMachineUpdater] INFO  ratis.ContainerStateMachine (ContainerStateMachine.java:takeSnapshot(302)) - group-114C655627EF: Finished taking a snapshot at:(t:1, i:0) file:/home/runner/work/ozone/ozone/hadoop-ozone/integration-test/target/test-dir/MiniOzoneClusterImpl-a05ed1eb-feab-4415-88a0-4de04f3f758c/datanode-2/data/ratis/1adec00e-1ef5-4875-be2e-114c655627ef/sm/snapshot.1_0 took: 7 ms
2021-08-10 18:28:50,005 [caaea685-ee27-477a-9895-fe9115308b21@group-114C655627EF-StateMachineUpdater] INFO  impl.StateMachineUpdater (StateMachineUpdater.java:takeSnapshot(281)) - caaea685-ee27-477a-9895-fe9115308b21@group-114C655627EF-StateMachineUpdater: Took a snapshot at index 0
2021-08-10 18:28:50,005 [caaea685-ee27-477a-9895-fe9115308b21@group-114C655627EF-StateMachineUpdater] INFO  impl.StateMachineUpdater (StateMachineUpdater.java:lambda$new$0(89)) - caaea685-ee27-477a-9895-fe9115308b21@group-114C655627EF-StateMachineUpdater: snapshotIndex: updateIncreasingly -1 -> 0
2021-08-10 18:28:50,006 [ForkJoinPool.commonPool-worker-0] INFO  server.RaftServer$Division (ServerState.java:close(419)) - caaea685-ee27-477a-9895-fe9115308b21@group-114C655627EF: closes. applyIndex: 0
2021-08-10 18:28:50,006 [caaea685-ee27-477a-9895-fe9115308b21@group-114C655627EF-SegmentedRaftLogWorker] INFO  segmented.SegmentedRaftLogWorker (SegmentedRaftLogWorker.java:run(327)) - caaea685-ee27-477a-9895-fe9115308b21@group-114C655627EF-SegmentedRaftLogWorker was interrupted, exiting. There are 0 tasks remaining in the queue.
2021-08-10 18:28:50,007 [ForkJoinPool.commonPool-worker-0] INFO  segmented.SegmentedRaftLogWorker (SegmentedRaftLogWorker.java:close(237)) - caaea685-ee27-477a-9895-fe9115308b21@group-114C655627EF-SegmentedRaftLogWorker close()
2021-08-10 18:28:50,008 [ForkJoinPool.commonPool-worker-0] INFO  server.GrpcService (GrpcService.java:closeImpl(262)) - caaea685-ee27-477a-9895-fe9115308b21: shutdown server with port 46809 now
2021-08-10 18:28:50,010 [ForkJoinPool.commonPool-worker-0] INFO  server.GrpcService (GrpcService.java:closeImpl(271)) - caaea685-ee27-477a-9895-fe9115308b21: shutdown server with port 46809 successfully
2021-08-10 18:28:50,010 [org.apache.ratis.util.JvmPauseMonitor$$Lambda$531/2055791967@388b296b] INFO  util.JvmPauseMonitor (JvmPauseMonitor.java:run(109)) - JvmPauseMonitor-caaea685-ee27-477a-9895-fe9115308b21: Stopped
2021-08-10 18:28:50,016 [ForkJoinPool.commonPool-worker-0] INFO  utils.BackgroundService (BackgroundService.java:shutdown(132)) - Shutting down service BlockDeletingService
2021-08-10 18:28:53,025 [ForkJoinPool.commonPool-worker-0] INFO  statemachine.DatanodeStateMachine (DatanodeStateMachine.java:stopDaemon(515)) - Ozone container server stopped.
2021-08-10 18:28:53,027 [ForkJoinPool.commonPool-worker-0] INFO  handler.ContextHandler (ContextHandler.java:doStop(1153)) - Stopped o.e.j.w.WebAppContext@b064ac{hddsDatanode,/,null,STOPPED}{jar:file:/home/runner/.m2/repository/org/apache/ozone/hdds-container-service/1.2.0-SNAPSHOT/hdds-container-service-1.2.0-SNAPSHOT.jar!/webapps/hddsDatanode}
2021-08-10 18:28:53,043 [ForkJoinPool.commonPool-worker-0] INFO  server.AbstractConnector (AbstractConnector.java:doStop(381)) - Stopped ServerConnector@32062655{HTTP/1.1, (http/1.1)}{0.0.0.0:0}
2021-08-10 18:28:53,043 [ForkJoinPool.commonPool-worker-0] INFO  server.session (HouseKeeper.java:stopScavenging(149)) - node0 Stopped scavenging
2021-08-10 18:28:53,046 [ForkJoinPool.commonPool-worker-0] INFO  handler.ContextHandler (ContextHandler.java:doStop(1153)) - Stopped o.e.j.s.ServletContextHandler@466be2a7{static,/static,jar:file:/home/runner/.m2/repository/org/apache/ozone/hdds-container-service/1.2.0-SNAPSHOT/hdds-container-service-1.2.0-SNAPSHOT.jar!/webapps/static,STOPPED}
2021-08-10 18:28:53,068 [ForkJoinPool.commonPool-worker-0] INFO  handler.ContextHandler (ContextHandler.java:doStop(1153)) - Stopped o.e.j.s.ServletContextHandler@77cc8fdd{logs,/logs,file:///home/runner/work/ozone/ozone/hadoop-ozone/integration-test/target/log,STOPPED}
2021-08-10 18:28:53,072 [Listener at 127.0.0.1/43729] INFO  ozone.MiniOzoneClusterImpl (MiniOzoneClusterImpl.java:stopSCM(542)) - Stopping the StorageContainerManager
2021-08-10 18:28:53,072 [Listener at 127.0.0.1/43729] INFO  server.StorageContainerManager (StorageContainerManager.java:stop(1338)) - Stopping Replication Manager Service.
2021-08-10 18:28:53,073 [Listener at 127.0.0.1/43729] INFO  container.ReplicationManager (ReplicationManager.java:stop(317)) - Stopping Replication Monitor Thread.
2021-08-10 18:28:53,073 [Listener at 127.0.0.1/43729] INFO  server.StorageContainerManager (StorageContainerManager.java:stop(1345)) - Stopping the Datanode Admin Monitor.
2021-08-10 18:28:53,073 [Listener at 127.0.0.1/43729] INFO  server.StorageContainerManager (StorageContainerManager.java:stop(1352)) - Stopping Lease Manager of the command watchers
2021-08-10 18:28:53,073 [Listener at 127.0.0.1/43729] INFO  server.StorageContainerManager (StorageContainerManager.java:stop(1359)) - Stopping datanode service RPC server
2021-08-10 18:28:53,073 [Listener at 127.0.0.1/43729] INFO  server.SCMDatanodeProtocolServer (SCMDatanodeProtocolServer.java:stop(389)) - Stopping the RPC server for DataNodes
2021-08-10 18:28:53,073 [Listener at 127.0.0.1/43729] INFO  ipc.Server (Server.java:stop(3414)) - Stopping server on 41415
2021-08-10 18:28:53,084 [IPC Server Responder] INFO  ipc.Server (Server.java:run(1512)) - Stopping IPC Server Responder
2021-08-10 18:28:53,085 [IPC Server listener on 0] INFO  ipc.Server (Server.java:run(1376)) - Stopping IPC Server listener on 0
2021-08-10 18:28:53,158 [SCM Heartbeat Processing Thread - 0] WARN  node.NodeStateManager (NodeStateManager.java:scheduleNextHealthCheck(799)) - Current Thread is interrupted, shutting down HB processing thread for Node Manager.
2021-08-10 18:28:53,159 [Listener at 127.0.0.1/43729] INFO  server.StorageContainerManager (StorageContainerManager.java:stop(1367)) - Stopping block service RPC server
2021-08-10 18:28:53,159 [Listener at 127.0.0.1/43729] INFO  server.SCMBlockProtocolServer (SCMBlockProtocolServer.java:stop(160)) - Stopping the RPC server for Block Protocol
2021-08-10 18:28:53,159 [Listener at 127.0.0.1/43729] INFO  ipc.Server (Server.java:stop(3414)) - Stopping server on 45803
2021-08-10 18:28:53,164 [Listener at 127.0.0.1/43729] INFO  server.StorageContainerManager (StorageContainerManager.java:stop(1374)) - Stopping the StorageContainerLocationProtocol RPC server
2021-08-10 18:28:53,164 [Listener at 127.0.0.1/43729] INFO  server.SCMClientProtocolServer (SCMClientProtocolServer.java:stop(174)) - Stopping the RPC server for Client Protocol
2021-08-10 18:28:53,164 [Listener at 127.0.0.1/43729] INFO  ipc.Server (Server.java:stop(3414)) - Stopping server on 40387
2021-08-10 18:28:53,165 [IPC Server listener on 0] INFO  ipc.Server (Server.java:run(1376)) - Stopping IPC Server listener on 0
2021-08-10 18:28:53,164 [IPC Server Responder] INFO  ipc.Server (Server.java:run(1512)) - Stopping IPC Server Responder
2021-08-10 18:28:53,168 [Listener at 127.0.0.1/43729] INFO  server.StorageContainerManager (StorageContainerManager.java:stop(1381)) - Stopping Storage Container Manager HTTP server.
2021-08-10 18:28:53,169 [Listener at 127.0.0.1/43729] INFO  handler.ContextHandler (ContextHandler.java:doStop(1153)) - Stopped o.e.j.w.WebAppContext@615dfdaa{scm,/,null,STOPPED}{file:/home/runner/work/ozone/ozone/hadoop-ozone/integration-test/target/test-classes/webapps/scm}
2021-08-10 18:28:53,169 [IPC Server Responder] INFO  ipc.Server (Server.java:run(1512)) - Stopping IPC Server Responder
2021-08-10 18:28:53,170 [Listener at 127.0.0.1/43729] INFO  server.AbstractConnector (AbstractConnector.java:doStop(381)) - Stopped ServerConnector@64fcf920{HTTP/1.1, (http/1.1)}{0.0.0.0:0}
2021-08-10 18:28:53,170 [Listener at 127.0.0.1/43729] INFO  server.session (HouseKeeper.java:stopScavenging(149)) - node0 Stopped scavenging
2021-08-10 18:28:53,170 [Listener at 127.0.0.1/43729] INFO  handler.ContextHandler (ContextHandler.java:doStop(1153)) - Stopped o.e.j.s.ServletContextHandler@c3995e9{static,/static,file:///home/runner/work/ozone/ozone/hadoop-ozone/integration-test/target/test-classes/webapps/static,STOPPED}
2021-08-10 18:28:53,170 [Listener at 127.0.0.1/43729] INFO  handler.ContextHandler (ContextHandler.java:doStop(1153)) - Stopped o.e.j.s.ServletContextHandler@51f682af{logs,/logs,file:///home/runner/work/ozone/ozone/hadoop-ozone/integration-test/target/log,STOPPED}
2021-08-10 18:28:53,172 [IPC Server listener on 0] INFO  ipc.Server (Server.java:run(1376)) - Stopping IPC Server listener on 0
2021-08-10 18:28:53,185 [Listener at 127.0.0.1/43729] INFO  server.StorageContainerManager (StorageContainerManager.java:stop(1392)) - Stopping Block Manager Service.
2021-08-10 18:28:53,185 [Listener at 127.0.0.1/43729] INFO  utils.BackgroundService (BackgroundService.java:shutdown(132)) - Shutting down service SCMBlockDeletingService
2021-08-10 18:28:53,188 [Listener at 127.0.0.1/43729] INFO  utils.BackgroundService (BackgroundService.java:shutdown(132)) - Shutting down service SCMBlockDeletingService
2021-08-10 18:28:53,189 [Listener at 127.0.0.1/43729] INFO  server.StorageContainerManager (StorageContainerManager.java:stop(1419)) - Stopping SCM Event Queue.
2021-08-10 18:28:53,192 [Listener at 127.0.0.1/43729] INFO  server.StorageContainerManager (StorageContainerManager.java:stop(1430)) - Stopping SCM HA services.
2021-08-10 18:28:53,193 [Listener at 127.0.0.1/43729] INFO  pipeline.BackgroundPipelineCreator (BackgroundPipelineCreatorV2.java:stop(158)) - Stopping RatisPipelineUtilsThread.
2021-08-10 18:28:53,194 [Listener at 127.0.0.1/43729] INFO  server.StorageContainerManager (StorageContainerManager.java:stop(1440)) - Stopping SCM MetadataStore.
2021-08-10 18:28:53,196 [Listener at 127.0.0.1/43729] INFO  impl.MetricsSystemImpl (MetricsSystemImpl.java:stop(210)) - Stopping HddsDatanode metrics system...
2021-08-10 18:28:53,209 [prometheus] INFO  impl.MetricsSinkAdapter (MetricsSinkAdapter.java:publishMetricsFromQueue(141)) - prometheus thread interrupted.
2021-08-10 18:28:53,209 [Listener at 127.0.0.1/43729] INFO  impl.MetricsSystemImpl (MetricsSystemImpl.java:stop(216)) - HddsDatanode metrics system stopped.
]]></system-out>
  </testcase>
</testsuite>