<?xml version="1.0" encoding="UTF-8"?>
<testsuite xmlns:xsi="http://www.w3.org/2001/XMLSchema-instance" xsi:noNamespaceSchemaLocation="https://maven.apache.org/surefire/maven-surefire-plugin/xsd/surefire-test-report-3.0.xsd" version="3.0" name="org.apache.hadoop.ozone.om.TestOzoneManagerHAMetrics" time="35.688" tests="1" errors="0" skipped="0" failures="1">
  <properties>
    <property name="awt.toolkit" value="sun.awt.X11.XToolkit"/>
    <property name="file.encoding.pkg" value="sun.io"/>
    <property name="java.specification.version" value="1.8"/>
    <property name="sun.cpu.isalist" value=""/>
    <property name="sun.jnu.encoding" value="UTF-8"/>
    <property name="java.class.path" value="/home/runner/work/ozone/ozone/hadoop-ozone/integration-test/target/test-classes:/home/runner/work/ozone/ozone/hadoop-ozone/integration-test/target/classes:/home/runner/.m2/repository/org/apache/ozone/ozone-common/1.4.0-SNAPSHOT/ozone-common-1.4.0-SNAPSHOT.jar:/home/runner/.m2/repository/io/grpc/grpc-netty/1.51.1/grpc-netty-1.51.1.jar:/home/runner/.m2/repository/io/grpc/grpc-core/1.51.1/grpc-core-1.51.1.jar:/home/runner/.m2/repository/com/google/android/annotations/4.1.1.4/annotations-4.1.1.4.jar:/home/runner/.m2/repository/org/codehaus/mojo/animal-sniffer-annotations/1.21/animal-sniffer-annotations-1.21.jar:/home/runner/.m2/repository/com/google/errorprone/error_prone_annotations/2.2.0/error_prone_annotations-2.2.0.jar:/home/runner/.m2/repository/io/perfmark/perfmark-api/0.25.0/perfmark-api-0.25.0.jar:/home/runner/.m2/repository/io/netty/netty-codec-http2/4.1.86.Final/netty-codec-http2-4.1.86.Final.jar:/home/runner/.m2/repository/io/netty/netty-common/4.1.86.Final/netty-common-4.1.86.Final.jar:/home/runner/.m2/repository/io/netty/netty-buffer/4.1.86.Final/netty-buffer-4.1.86.Final.jar:/home/runner/.m2/repository/io/netty/netty-codec-http/4.1.86.Final/netty-codec-http-4.1.86.Final.jar:/home/runner/.m2/repository/io/netty/netty-handler-proxy/4.1.86.Final/netty-handler-proxy-4.1.86.Final.jar:/home/runner/.m2/repository/io/netty/netty-codec-socks/4.1.86.Final/netty-codec-socks-4.1.86.Final.jar:/home/runner/.m2/repository/io/netty/netty-tcnative-boringssl-static/2.0.54.Final/netty-tcnative-boringssl-static-2.0.54.Final.jar:/home/runner/.m2/repository/io/netty/netty-tcnative-classes/2.0.54.Final/netty-tcnative-classes-2.0.54.Final.jar:/home/runner/.m2/repository/io/netty/netty-tcnative-boringssl-static/2.0.54.Final/netty-tcnative-boringssl-static-2.0.54.Final-linux-x86_64.jar:/home/runner/.m2/repository/io/netty/netty-tcnative-boringssl-static/2.0.54.Final/netty-tcnative-boringssl-static-2.0.54.Final-linux-aarch_64.jar:/home/runner/.m2/repository/io/netty/netty-tcnative-boringssl-static/2.0.54.Final/netty-tcnative-boringssl-static-2.0.54.Final-osx-x86_64.jar:/home/runner/.m2/repository/io/netty/netty-tcnative-boringssl-static/2.0.54.Final/netty-tcnative-boringssl-static-2.0.54.Final-osx-aarch_64.jar:/home/runner/.m2/repository/io/netty/netty-tcnative-boringssl-static/2.0.54.Final/netty-tcnative-boringssl-static-2.0.54.Final-windows-x86_64.jar:/home/runner/.m2/repository/org/apache/commons/commons-compress/1.21/commons-compress-1.21.jar:/home/runner/.m2/repository/org/apache/ozone/hdds-common/1.4.0-SNAPSHOT/hdds-common-1.4.0-SNAPSHOT.jar:/home/runner/.m2/repository/org/apache/ozone/hdds-client/1.4.0-SNAPSHOT/hdds-client-1.4.0-SNAPSHOT.jar:/home/runner/.m2/repository/org/apache/ozone/ozone-interface-client/1.4.0-SNAPSHOT/ozone-interface-client-1.4.0-SNAPSHOT.jar:/home/runner/.m2/repository/org/apache/hadoop/hadoop-hdfs-client/3.3.6/hadoop-hdfs-client-3.3.6.jar:/home/runner/.m2/repository/com/squareup/okhttp3/okhttp/4.9.3/okhttp-4.9.3.jar:/home/runner/.m2/repository/com/squareup/okio/okio/2.8.0/okio-2.8.0.jar:/home/runner/.m2/repository/org/jetbrains/kotlin/kotlin-stdlib-common/1.6.21/kotlin-stdlib-common-1.6.21.jar:/home/runner/.m2/repository/org/apache/ozone/hdds-test-utils/1.4.0-SNAPSHOT/hdds-test-utils-1.4.0-SNAPSHOT.jar:/home/runner/.m2/repository/com/google/guava/guava/32.0.0-jre/guava-32.0.0-jre.jar:/home/runner/.m2/repository/com/google/guava/failureaccess/1.0.1/failureaccess-1.0.1.jar:/home/runner/.m2/repository/com/google/guava/listenablefuture/9999.0-empty-to-avoid-conflict-with-guava/listenablefuture-9999.0-empty-to-avoid-conflict-with-guava.jar:/home/runner/.m2/repository/com/google/code/findbugs/jsr305/3.0.0/jsr305-3.0.0.jar:/home/runner/.m2/repository/org/checkerframework/checker-qual/3.33.0/checker-qual-3.33.0.jar:/home/runner/.m2/repository/com/google/j2objc/j2objc-annotations/2.8/j2objc-annotations-2.8.jar:/home/runner/.m2/repository/commons-io/commons-io/2.11.0/commons-io-2.11.0.jar:/home/runner/.m2/repository/commons-logging/commons-logging/1.2/commons-logging-1.2.jar:/home/runner/.m2/repository/ch/qos/reload4j/reload4j/1.2.22/reload4j-1.2.22.jar:/home/runner/.m2/repository/org/slf4j/slf4j-api/1.7.36/slf4j-api-1.7.36.jar:/home/runner/.m2/repository/org/apache/ozone/hdds-server-scm/1.4.0-SNAPSHOT/hdds-server-scm-1.4.0-SNAPSHOT.jar:/home/runner/.m2/repository/org/apache/ozone/hdds-container-service/1.4.0-SNAPSHOT/hdds-container-service-1.4.0-SNAPSHOT.jar:/home/runner/.m2/repository/org/apache/ozone/hdds-hadoop-dependency-server/1.4.0-SNAPSHOT/hdds-hadoop-dependency-server-1.4.0-SNAPSHOT.jar:/home/runner/.m2/repository/org/apache/hadoop/hadoop-hdfs/3.3.6/hadoop-hdfs-3.3.6.jar:/home/runner/.m2/repository/commons-daemon/commons-daemon/1.0.13/commons-daemon-1.0.13.jar:/home/runner/.m2/repository/org/apache/ozone/hdds-server-framework/1.4.0-SNAPSHOT/hdds-server-framework-1.4.0-SNAPSHOT.jar:/home/runner/.m2/repository/io/dropwizard/metrics/metrics-core/3.2.4/metrics-core-3.2.4.jar:/home/runner/.m2/repository/org/apache/commons/commons-text/1.10.0/commons-text-1.10.0.jar:/home/runner/.m2/repository/org/bouncycastle/bcprov-jdk15on/1.67/bcprov-jdk15on-1.67.jar:/home/runner/.m2/repository/com/google/protobuf/protobuf-java/2.5.0/protobuf-java-2.5.0.jar:/home/runner/.m2/repository/org/apache/ozone/hdds-server-framework/1.4.0-SNAPSHOT/hdds-server-framework-1.4.0-SNAPSHOT-tests.jar:/home/runner/.m2/repository/org/apache/ozone/hdds-interface-server/1.4.0-SNAPSHOT/hdds-interface-server-1.4.0-SNAPSHOT.jar:/home/runner/.m2/repository/org/apache/ozone/hdds-interface-admin/1.4.0-SNAPSHOT/hdds-interface-admin-1.4.0-SNAPSHOT.jar:/home/runner/.m2/repository/org/apache/ozone/hdds-managed-rocksdb/1.4.0-SNAPSHOT/hdds-managed-rocksdb-1.4.0-SNAPSHOT.jar:/home/runner/.m2/repository/org/rocksdb/rocksdbjni/7.7.3/rocksdbjni-7.7.3.jar:/home/runner/.m2/repository/org/slf4j/slf4j-reload4j/1.7.36/slf4j-reload4j-1.7.36.jar:/home/runner/.m2/repository/org/apache/commons/commons-configuration2/2.1.1/commons-configuration2-2.1.1.jar:/home/runner/.m2/repository/commons-fileupload/commons-fileupload/1.5/commons-fileupload-1.5.jar:/home/runner/.m2/repository/org/apache/logging/log4j/log4j-core/2.17.1/log4j-core-2.17.1.jar:/home/runner/.m2/repository/com/lmax/disruptor/3.4.2/disruptor-3.4.2.jar:/home/runner/.m2/repository/org/eclipse/jetty/jetty-util/9.4.51.v20230217/jetty-util-9.4.51.v20230217.jar:/home/runner/.m2/repository/org/eclipse/jetty/jetty-server/9.4.51.v20230217/jetty-server-9.4.51.v20230217.jar:/home/runner/.m2/repository/org/eclipse/jetty/jetty-http/9.4.51.v20230217/jetty-http-9.4.51.v20230217.jar:/home/runner/.m2/repository/org/eclipse/jetty/jetty-io/9.4.51.v20230217/jetty-io-9.4.51.v20230217.jar:/home/runner/.m2/repository/org/eclipse/jetty/jetty-servlet/9.4.51.v20230217/jetty-servlet-9.4.51.v20230217.jar:/home/runner/.m2/repository/org/eclipse/jetty/jetty-security/9.4.51.v20230217/jetty-security-9.4.51.v20230217.jar:/home/runner/.m2/repository/org/eclipse/jetty/jetty-util-ajax/9.4.51.v20230217/jetty-util-ajax-9.4.51.v20230217.jar:/home/runner/.m2/repository/org/eclipse/jetty/jetty-webapp/9.4.51.v20230217/jetty-webapp-9.4.51.v20230217.jar:/home/runner/.m2/repository/org/eclipse/jetty/jetty-xml/9.4.51.v20230217/jetty-xml-9.4.51.v20230217.jar:/home/runner/.m2/repository/org/apache/ratis/ratis-server/2.5.1/ratis-server-2.5.1.jar:/home/runner/.m2/repository/org/apache/ratis/ratis-thirdparty-misc/1.0.4/ratis-thirdparty-misc-1.0.4.jar:/home/runner/.m2/repository/org/apache/ratis/ratis-proto/2.5.1/ratis-proto-2.5.1.jar:/home/runner/.m2/repository/org/apache/ratis/ratis-common/2.5.1/ratis-common-2.5.1.jar:/home/runner/.m2/repository/org/apache/ratis/ratis-client/2.5.1/ratis-client-2.5.1.jar:/home/runner/.m2/repository/org/apache/ratis/ratis-server-api/2.5.1/ratis-server-api-2.5.1.jar:/home/runner/.m2/repository/org/apache/ratis/ratis-metrics/2.5.1/ratis-metrics-2.5.1.jar:/home/runner/.m2/repository/io/prometheus/simpleclient_dropwizard/0.7.0/simpleclient_dropwizard-0.7.0.jar:/home/runner/.m2/repository/io/prometheus/simpleclient/0.7.0/simpleclient-0.7.0.jar:/home/runner/.m2/repository/io/prometheus/simpleclient_common/0.7.0/simpleclient_common-0.7.0.jar:/home/runner/.m2/repository/com/fasterxml/jackson/datatype/jackson-datatype-jsr310/2.13.4/jackson-datatype-jsr310-2.13.4.jar:/home/runner/.m2/repository/com/fasterxml/jackson/core/jackson-core/2.13.4/jackson-core-2.13.4.jar:/home/runner/.m2/repository/com/github/spotbugs/spotbugs-annotations/3.1.12/spotbugs-annotations-3.1.12.jar:/home/runner/.m2/repository/org/apache/ozone/rocksdb-checkpoint-differ/1.4.0-SNAPSHOT/rocksdb-checkpoint-differ-1.4.0-SNAPSHOT.jar:/home/runner/.m2/repository/org/awaitility/awaitility/4.2.0/awaitility-4.2.0.jar:/home/runner/.m2/repository/org/hamcrest/hamcrest/2.1/hamcrest-2.1.jar:/home/runner/.m2/repository/org/apache/ozone/ozone-manager/1.4.0-SNAPSHOT/ozone-manager-1.4.0-SNAPSHOT.jar:/home/runner/.m2/repository/org/aspectj/aspectjrt/1.9.7/aspectjrt-1.9.7.jar:/home/runner/.m2/repository/org/aspectj/aspectjweaver/1.9.7/aspectjweaver-1.9.7.jar:/home/runner/.m2/repository/org/apache/ozone/hdds-interface-client/1.4.0-SNAPSHOT/hdds-interface-client-1.4.0-SNAPSHOT.jar:/home/runner/.m2/repository/org/apache/hadoop/thirdparty/hadoop-shaded-protobuf_3_7/1.1.1/hadoop-shaded-protobuf_3_7-1.1.1.jar:/home/runner/.m2/repository/org/apache/ozone/ozone-interface-storage/1.4.0-SNAPSHOT/ozone-interface-storage-1.4.0-SNAPSHOT.jar:/home/runner/.m2/repository/org/reflections/reflections/0.9.11/reflections-0.9.11.jar:/home/runner/.m2/repository/com/sun/jersey/jersey-client/1.19/jersey-client-1.19.jar:/home/runner/.m2/repository/org/codehaus/jackson/jackson-core-asl/1.9.13/jackson-core-asl-1.9.13.jar:/home/runner/.m2/repository/org/codehaus/jackson/jackson-mapper-asl/1.9.13/jackson-mapper-asl-1.9.13.jar:/home/runner/.m2/repository/org/codehaus/jackson/jackson-jaxrs/1.9.13/jackson-jaxrs-1.9.13.jar:/home/runner/.m2/repository/org/apache/ranger/ranger-intg/2.3.0/ranger-intg-2.3.0.jar:/home/runner/.m2/repository/org/apache/ranger/ranger-plugins-common/2.3.0/ranger-plugins-common-2.3.0.jar:/home/runner/.m2/repository/commons-lang/commons-lang/2.6/commons-lang-2.6.jar:/home/runner/.m2/repository/org/apache/ranger/ranger-plugins-cred/2.3.0/ranger-plugins-cred-2.3.0.jar:/home/runner/.m2/repository/org/apache/ranger/ranger-plugins-audit/2.3.0/ranger-plugins-audit-2.3.0.jar:/home/runner/.m2/repository/org/eclipse/jetty/jetty-client/9.4.51.v20230217/jetty-client-9.4.51.v20230217.jar:/home/runner/.m2/repository/org/apache/httpcomponents/httpmime/4.5.6/httpmime-4.5.6.jar:/home/runner/.m2/repository/org/apache/httpcomponents/httpcore-nio/4.4.13/httpcore-nio-4.4.13.jar:/home/runner/.m2/repository/org/apache/httpcomponents/httpasyncclient/4.1.3/httpasyncclient-4.1.3.jar:/home/runner/.m2/repository/com/carrotsearch/hppc/0.8.0/hppc-0.8.0.jar:/home/runner/.m2/repository/org/apache/orc/orc-core/1.5.8/orc-core-1.5.8.jar:/home/runner/.m2/repository/net/java/dev/jna/jna/5.2.0/jna-5.2.0.jar:/home/runner/.m2/repository/net/java/dev/jna/jna-platform/5.2.0/jna-platform-5.2.0.jar:/home/runner/.m2/repository/com/kstruct/gethostname4j/0.0.2/gethostname4j-0.0.2.jar:/home/runner/.m2/repository/org/apache/ranger/ranger-plugin-classloader/2.3.0/ranger-plugin-classloader-2.3.0.jar:/home/runner/.m2/repository/org/apache/ozone/hdds-rocks-native/1.4.0-SNAPSHOT/hdds-rocks-native-1.4.0-SNAPSHOT.jar:/home/runner/.m2/repository/org/apache/hadoop/hadoop-minikdc/3.3.6/hadoop-minikdc-3.3.6.jar:/home/runner/.m2/repository/org/apache/kerby/kerb-simplekdc/1.0.1/kerb-simplekdc-1.0.1.jar:/home/runner/.m2/repository/org/apache/kerby/kerb-client/1.0.1/kerb-client-1.0.1.jar:/home/runner/.m2/repository/org/apache/kerby/kerby-config/1.0.1/kerby-config-1.0.1.jar:/home/runner/.m2/repository/org/apache/kerby/kerb-common/1.0.1/kerb-common-1.0.1.jar:/home/runner/.m2/repository/org/apache/kerby/kerb-crypto/1.0.1/kerb-crypto-1.0.1.jar:/home/runner/.m2/repository/org/apache/kerby/kerb-util/1.0.1/kerb-util-1.0.1.jar:/home/runner/.m2/repository/org/apache/kerby/token-provider/1.0.1/token-provider-1.0.1.jar:/home/runner/.m2/repository/org/apache/kerby/kerb-admin/1.0.1/kerb-admin-1.0.1.jar:/home/runner/.m2/repository/org/apache/kerby/kerb-server/1.0.1/kerb-server-1.0.1.jar:/home/runner/.m2/repository/org/apache/kerby/kerb-identity/1.0.1/kerb-identity-1.0.1.jar:/home/runner/.m2/repository/org/apache/kerby/kerby-xdr/1.0.1/kerby-xdr-1.0.1.jar:/home/runner/.m2/repository/org/apache/ozone/ozone-s3gateway/1.4.0-SNAPSHOT/ozone-s3gateway-1.4.0-SNAPSHOT.jar:/home/runner/.m2/repository/org/javassist/javassist/3.21.0-GA/javassist-3.21.0-GA.jar:/home/runner/.m2/repository/org/jboss/weld/servlet/weld-servlet-shaded/3.1.9.Final/weld-servlet-shaded-3.1.9.Final.jar:/home/runner/.m2/repository/org/glassfish/jersey/containers/jersey-container-servlet-core/2.34/jersey-container-servlet-core-2.34.jar:/home/runner/.m2/repository/org/glassfish/hk2/external/jakarta.inject/2.6.1/jakarta.inject-2.6.1.jar:/home/runner/.m2/repository/org/glassfish/jersey/core/jersey-common/2.34/jersey-common-2.34.jar:/home/runner/.m2/repository/jakarta/ws/rs/jakarta.ws.rs-api/2.1.6/jakarta.ws.rs-api-2.1.6.jar:/home/runner/.m2/repository/org/glassfish/jersey/ext/cdi/jersey-cdi1x/2.34/jersey-cdi1x-2.34.jar:/home/runner/.m2/repository/org/glassfish/jersey/inject/jersey-hk2/2.34/jersey-hk2-2.34.jar:/home/runner/.m2/repository/org/glassfish/hk2/hk2-locator/2.6.1/hk2-locator-2.6.1.jar:/home/runner/.m2/repository/org/glassfish/jersey/media/jersey-media-jaxb/2.34/jersey-media-jaxb-2.34.jar:/home/runner/.m2/repository/org/glassfish/hk2/osgi-resource-locator/1.0.3/osgi-resource-locator-1.0.3.jar:/home/runner/.m2/repository/org/glassfish/hk2/hk2-api/2.5.0/hk2-api-2.5.0.jar:/home/runner/.m2/repository/org/glassfish/hk2/hk2-utils/2.5.0/hk2-utils-2.5.0.jar:/home/runner/.m2/repository/org/glassfish/hk2/external/aopalliance-repackaged/2.5.0/aopalliance-repackaged-2.5.0.jar:/home/runner/.m2/repository/com/fasterxml/jackson/dataformat/jackson-dataformat-xml/2.13.4/jackson-dataformat-xml-2.13.4.jar:/home/runner/.m2/repository/org/codehaus/woodstox/stax2-api/4.2.1/stax2-api-4.2.1.jar:/home/runner/.m2/repository/com/fasterxml/woodstox/woodstox-core/5.4.0/woodstox-core-5.4.0.jar:/home/runner/.m2/repository/com/fasterxml/jackson/module/jackson-module-jaxb-annotations/2.13.4/jackson-module-jaxb-annotations-2.13.4.jar:/home/runner/.m2/repository/jakarta/xml/bind/jakarta.xml.bind-api/2.3.3/jakarta.xml.bind-api-2.3.3.jar:/home/runner/.m2/repository/jakarta/activation/jakarta.activation-api/1.2.2/jakarta.activation-api-1.2.2.jar:/home/runner/.m2/repository/javax/enterprise/cdi-api/2.0/cdi-api-2.0.jar:/home/runner/.m2/repository/javax/el/javax.el-api/3.0.0/javax.el-api-3.0.0.jar:/home/runner/.m2/repository/javax/interceptor/javax.interceptor-api/1.2/javax.interceptor-api-1.2.jar:/home/runner/.m2/repository/javax/inject/javax.inject/1/javax.inject-1.jar:/home/runner/.m2/repository/javax/xml/bind/jaxb-api/2.3.0/jaxb-api-2.3.0.jar:/home/runner/.m2/repository/org/glassfish/jaxb/jaxb-runtime/2.3.0.1/jaxb-runtime-2.3.0.1.jar:/home/runner/.m2/repository/org/glassfish/jaxb/jaxb-core/2.3.0.1/jaxb-core-2.3.0.1.jar:/home/runner/.m2/repository/org/glassfish/jaxb/txw2/2.3.0.1/txw2-2.3.0.1.jar:/home/runner/.m2/repository/com/sun/istack/istack-commons-runtime/3.0.5/istack-commons-runtime-3.0.5.jar:/home/runner/.m2/repository/org/jvnet/staxex/stax-ex/1.7.8/stax-ex-1.7.8.jar:/home/runner/.m2/repository/com/sun/xml/fastinfoset/FastInfoset/1.2.13/FastInfoset-1.2.13.jar:/home/runner/.m2/repository/javax/activation/activation/1.1.1/activation-1.1.1.jar:/home/runner/.m2/repository/io/grpc/grpc-protobuf/1.51.1/grpc-protobuf-1.51.1.jar:/home/runner/.m2/repository/com/google/api/grpc/proto-google-common-protos/2.9.0/proto-google-common-protos-2.9.0.jar:/home/runner/.m2/repository/io/grpc/grpc-protobuf-lite/1.51.1/grpc-protobuf-lite-1.51.1.jar:/home/runner/.m2/repository/io/grpc/grpc-stub/1.51.1/grpc-stub-1.51.1.jar:/home/runner/.m2/repository/io/netty/netty-transport/4.1.86.Final/netty-transport-4.1.86.Final.jar:/home/runner/.m2/repository/io/netty/netty-resolver/4.1.86.Final/netty-resolver-4.1.86.Final.jar:/home/runner/.m2/repository/org/apache/ozone/ozone-csi/1.4.0-SNAPSHOT/ozone-csi-1.4.0-SNAPSHOT.jar:/home/runner/.m2/repository/com/google/protobuf/protobuf-java-util/3.19.6/protobuf-java-util-3.19.6.jar:/home/runner/.m2/repository/com/google/code/gson/gson/2.9.0/gson-2.9.0.jar:/home/runner/.m2/repository/org/apache/ozone/hdds-config/1.4.0-SNAPSHOT/hdds-config-1.4.0-SNAPSHOT.jar:/home/runner/.m2/repository/io/netty/netty-transport-native-epoll/4.1.86.Final/netty-transport-native-epoll-4.1.86.Final-linux-x86_64.jar:/home/runner/.m2/repository/io/netty/netty-transport-classes-epoll/4.1.86.Final/netty-transport-classes-epoll-4.1.86.Final.jar:/home/runner/.m2/repository/io/netty/netty-transport-native-unix-common/4.1.86.Final/netty-transport-native-unix-common-4.1.86.Final.jar:/home/runner/.m2/repository/org/apache/ozone/ozone-recon/1.4.0-SNAPSHOT/ozone-recon-1.4.0-SNAPSHOT.jar:/home/runner/.m2/repository/org/apache/ozone/ozone-reconcodegen/1.4.0-SNAPSHOT/ozone-reconcodegen-1.4.0-SNAPSHOT.jar:/home/runner/.m2/repository/com/google/inject/guice/5.1.0/guice-5.1.0.jar:/home/runner/.m2/repository/aopalliance/aopalliance/1.0/aopalliance-1.0.jar:/home/runner/.m2/repository/com/google/inject/extensions/guice-assistedinject/5.1.0/guice-assistedinject-5.1.0.jar:/home/runner/.m2/repository/com/google/inject/extensions/guice-servlet/5.1.0/guice-servlet-5.1.0.jar:/home/runner/.m2/repository/org/glassfish/jersey/containers/jersey-container-servlet/2.34/jersey-container-servlet-2.34.jar:/home/runner/.m2/repository/org/glassfish/hk2/guice-bridge/2.5.0/guice-bridge-2.5.0.jar:/home/runner/.m2/repository/org/glassfish/jersey/core/jersey-server/2.34/jersey-server-2.34.jar:/home/runner/.m2/repository/org/glassfish/jersey/core/jersey-client/2.34/jersey-client-2.34.jar:/home/runner/.m2/repository/jakarta/annotation/jakarta.annotation-api/1.3.5/jakarta.annotation-api-1.3.5.jar:/home/runner/.m2/repository/jakarta/validation/jakarta.validation-api/2.0.2/jakarta.validation-api-2.0.2.jar:/home/runner/.m2/repository/org/glassfish/jersey/media/jersey-media-json-jackson/2.34/jersey-media-json-jackson-2.34.jar:/home/runner/.m2/repository/org/glassfish/jersey/ext/jersey-entity-filtering/2.34/jersey-entity-filtering-2.34.jar:/home/runner/.m2/repository/org/jooq/jooq/3.11.10/jooq-3.11.10.jar:/home/runner/.m2/repository/org/jooq/jooq-meta/3.11.10/jooq-meta-3.11.10.jar:/home/runner/.m2/repository/org/jooq/jooq-codegen/3.11.10/jooq-codegen-3.11.10.jar:/home/runner/.m2/repository/com/jolbox/bonecp/0.8.0.RELEASE/bonecp-0.8.0.RELEASE.jar:/home/runner/.m2/repository/org/apache/derby/derby/10.14.2.0/derby-10.14.2.0.jar:/home/runner/.m2/repository/org/xerial/sqlite-jdbc/3.41.2.2/sqlite-jdbc-3.41.2.2.jar:/home/runner/.m2/repository/org/springframework/spring-jdbc/5.3.27/spring-jdbc-5.3.27.jar:/home/runner/.m2/repository/org/springframework/spring-beans/5.3.27/spring-beans-5.3.27.jar:/home/runner/.m2/repository/org/springframework/spring-core/5.3.27/spring-core-5.3.27.jar:/home/runner/.m2/repository/org/springframework/spring-tx/5.3.27/spring-tx-5.3.27.jar:/home/runner/.m2/repository/org/apache/ozone/ozone-client/1.4.0-SNAPSHOT/ozone-client-1.4.0-SNAPSHOT.jar:/home/runner/.m2/repository/org/apache/ozone/hdds-erasurecode/1.4.0-SNAPSHOT/hdds-erasurecode-1.4.0-SNAPSHOT.jar:/home/runner/.m2/repository/org/apache/ozone/ozone-filesystem/1.4.0-SNAPSHOT/ozone-filesystem-1.4.0-SNAPSHOT.jar:/home/runner/.m2/repository/org/apache/ozone/ozone-filesystem-common/1.4.0-SNAPSHOT/ozone-filesystem-common-1.4.0-SNAPSHOT.jar:/home/runner/.m2/repository/org/apache/ozone/ozone-tools/1.4.0-SNAPSHOT/ozone-tools-1.4.0-SNAPSHOT.jar:/home/runner/.m2/repository/com/amazonaws/aws-java-sdk-core/1.12.261/aws-java-sdk-core-1.12.261.jar:/home/runner/.m2/repository/org/apache/httpcomponents/httpclient/4.5.13/httpclient-4.5.13.jar:/home/runner/.m2/repository/org/apache/httpcomponents/httpcore/4.4.13/httpcore-4.4.13.jar:/home/runner/.m2/repository/software/amazon/ion/ion-java/1.0.2/ion-java-1.0.2.jar:/home/runner/.m2/repository/com/fasterxml/jackson/dataformat/jackson-dataformat-cbor/2.13.4/jackson-dataformat-cbor-2.13.4.jar:/home/runner/.m2/repository/joda-time/joda-time/2.10.6/joda-time-2.10.6.jar:/home/runner/.m2/repository/com/amazonaws/aws-java-sdk-s3/1.12.261/aws-java-sdk-s3-1.12.261.jar:/home/runner/.m2/repository/com/amazonaws/aws-java-sdk-kms/1.12.261/aws-java-sdk-kms-1.12.261.jar:/home/runner/.m2/repository/com/amazonaws/jmespath-java/1.12.261/jmespath-java-1.12.261.jar:/home/runner/.m2/repository/org/kohsuke/metainf-services/metainf-services/1.8/metainf-services-1.8.jar:/home/runner/.m2/repository/org/apache/ozone/hdds-tools/1.4.0-SNAPSHOT/hdds-tools-1.4.0-SNAPSHOT.jar:/home/runner/.m2/repository/org/apache/ratis/ratis-tools/2.5.1/ratis-tools-2.5.1.jar:/home/runner/.m2/repository/commons-cli/commons-cli/1.2/commons-cli-1.2.jar:/home/runner/.m2/repository/org/apache/commons/commons-lang3/3.7/commons-lang3-3.7.jar:/home/runner/.m2/repository/org/apache/ozone/ozone-manager/1.4.0-SNAPSHOT/ozone-manager-1.4.0-SNAPSHOT-tests.jar:/home/runner/.m2/repository/org/apache/ozone/hdds-common/1.4.0-SNAPSHOT/hdds-common-1.4.0-SNAPSHOT-tests.jar:/home/runner/.m2/repository/org/apache/ozone/hdds-hadoop-dependency-client/1.4.0-SNAPSHOT/hdds-hadoop-dependency-client-1.4.0-SNAPSHOT.jar:/home/runner/.m2/repository/info/picocli/picocli/4.6.1/picocli-4.6.1.jar:/home/runner/.m2/repository/com/fasterxml/jackson/core/jackson-annotations/2.13.4/jackson-annotations-2.13.4.jar:/home/runner/.m2/repository/org/apache/ozone/hdds-annotation-processing/1.4.0-SNAPSHOT/hdds-annotation-processing-1.4.0-SNAPSHOT.jar:/home/runner/.m2/repository/javax/annotation/javax.annotation-api/1.2/javax.annotation-api-1.2.jar:/home/runner/.m2/repository/org/apache/ratis/ratis-netty/2.5.1/ratis-netty-2.5.1.jar:/home/runner/.m2/repository/org/apache/ratis/ratis-grpc/2.5.1/ratis-grpc-2.5.1.jar:/home/runner/.m2/repository/org/apache/logging/log4j/log4j-api/2.17.1/log4j-api-2.17.1.jar:/home/runner/.m2/repository/org/apache/commons/commons-pool2/2.6.0/commons-pool2-2.6.0.jar:/home/runner/.m2/repository/org/bouncycastle/bcpkix-jdk15on/1.67/bcpkix-jdk15on-1.67.jar:/home/runner/.m2/repository/commons-validator/commons-validator/1.6/commons-validator-1.6.jar:/home/runner/.m2/repository/commons-beanutils/commons-beanutils/1.9.4/commons-beanutils-1.9.4.jar:/home/runner/.m2/repository/commons-digester/commons-digester/1.8.1/commons-digester-1.8.1.jar:/home/runner/.m2/repository/commons-collections/commons-collections/3.2.2/commons-collections-3.2.2.jar:/home/runner/.m2/repository/io/jaegertracing/jaeger-client/1.6.0/jaeger-client-1.6.0.jar:/home/runner/.m2/repository/io/jaegertracing/jaeger-thrift/1.6.0/jaeger-thrift-1.6.0.jar:/home/runner/.m2/repository/org/apache/thrift/libthrift/0.14.1/libthrift-0.14.1.jar:/home/runner/.m2/repository/io/jaegertracing/jaeger-core/1.6.0/jaeger-core-1.6.0.jar:/home/runner/.m2/repository/io/jaegertracing/jaeger-tracerresolver/1.6.0/jaeger-tracerresolver-1.6.0.jar:/home/runner/.m2/repository/io/opentracing/contrib/opentracing-tracerresolver/0.1.8/opentracing-tracerresolver-0.1.8.jar:/home/runner/.m2/repository/org/jetbrains/kotlin/kotlin-stdlib/1.6.21/kotlin-stdlib-1.6.21.jar:/home/runner/.m2/repository/org/jetbrains/annotations/13.0/annotations-13.0.jar:/home/runner/.m2/repository/io/opentracing/opentracing-util/0.33.0/opentracing-util-0.33.0.jar:/home/runner/.m2/repository/io/opentracing/opentracing-api/0.33.0/opentracing-api-0.33.0.jar:/home/runner/.m2/repository/io/opentracing/opentracing-noop/0.33.0/opentracing-noop-0.33.0.jar:/home/runner/.m2/repository/org/yaml/snakeyaml/2.0/snakeyaml-2.0.jar:/home/runner/.m2/repository/io/grpc/grpc-api/1.51.1/grpc-api-1.51.1.jar:/home/runner/.m2/repository/io/grpc/grpc-context/1.51.1/grpc-context-1.51.1.jar:/home/runner/.m2/repository/junit/junit/4.13.1/junit-4.13.1.jar:/home/runner/.m2/repository/org/hamcrest/hamcrest-core/1.3/hamcrest-core-1.3.jar:/home/runner/.m2/repository/org/junit/jupiter/junit-jupiter-api/5.8.2/junit-jupiter-api-5.8.2.jar:/home/runner/.m2/repository/org/opentest4j/opentest4j/1.2.0/opentest4j-1.2.0.jar:/home/runner/.m2/repository/org/junit/platform/junit-platform-commons/1.8.2/junit-platform-commons-1.8.2.jar:/home/runner/.m2/repository/org/apiguardian/apiguardian-api/1.1.2/apiguardian-api-1.1.2.jar:/home/runner/.m2/repository/org/junit/jupiter/junit-jupiter-params/5.8.2/junit-jupiter-params-5.8.2.jar:/home/runner/.m2/repository/org/junit/jupiter/junit-jupiter-migrationsupport/5.8.2/junit-jupiter-migrationsupport-5.8.2.jar:/home/runner/.m2/repository/org/junit/jupiter/junit-jupiter-engine/5.8.2/junit-jupiter-engine-5.8.2.jar:/home/runner/.m2/repository/org/junit/platform/junit-platform-engine/1.8.2/junit-platform-engine-1.8.2.jar:/home/runner/.m2/repository/org/junit/vintage/junit-vintage-engine/5.8.2/junit-vintage-engine-5.8.2.jar:/home/runner/.m2/repository/org/junit/platform/junit-platform-launcher/1.8.2/junit-platform-launcher-1.8.2.jar:/home/runner/.m2/repository/org/mockito/mockito-core/3.5.9/mockito-core-3.5.9.jar:/home/runner/.m2/repository/net/bytebuddy/byte-buddy/1.10.13/byte-buddy-1.10.13.jar:/home/runner/.m2/repository/net/bytebuddy/byte-buddy-agent/1.10.13/byte-buddy-agent-1.10.13.jar:/home/runner/.m2/repository/org/objenesis/objenesis/1.0/objenesis-1.0.jar:/home/runner/.m2/repository/org/apache/hadoop/hadoop-kms/3.3.6/hadoop-kms-3.3.6.jar:/home/runner/.m2/repository/org/apache/hadoop/hadoop-auth/3.3.6/hadoop-auth-3.3.6.jar:/home/runner/.m2/repository/com/nimbusds/nimbus-jose-jwt/9.8.1/nimbus-jose-jwt-9.8.1.jar:/home/runner/.m2/repository/com/github/stephenc/jcip/jcip-annotations/1.0-1/jcip-annotations-1.0-1.jar:/home/runner/.m2/repository/org/apache/zookeeper/zookeeper/3.5.6/zookeeper-3.5.6.jar:/home/runner/.m2/repository/org/apache/zookeeper/zookeeper-jute/3.5.6/zookeeper-jute-3.5.6.jar:/home/runner/.m2/repository/org/apache/yetus/audience-annotations/0.5.0/audience-annotations-0.5.0.jar:/home/runner/.m2/repository/org/apache/curator/curator-framework/4.2.0/curator-framework-4.2.0.jar:/home/runner/.m2/repository/org/apache/hadoop/thirdparty/hadoop-shaded-guava/1.1.1/hadoop-shaded-guava-1.1.1.jar:/home/runner/.m2/repository/com/sun/jersey/jersey-core/1.19/jersey-core-1.19.jar:/home/runner/.m2/repository/javax/ws/rs/jsr311-api/1.1.1/jsr311-api-1.1.1.jar:/home/runner/.m2/repository/com/sun/jersey/jersey-server/1.19/jersey-server-1.19.jar:/home/runner/.m2/repository/javax/servlet/javax.servlet-api/3.1.0/javax.servlet-api-3.1.0.jar:/home/runner/.m2/repository/org/apache/hadoop/hadoop-common/3.3.6/hadoop-common-3.3.6.jar:/home/runner/.m2/repository/org/apache/commons/commons-math3/3.1.1/commons-math3-3.1.1.jar:/home/runner/.m2/repository/commons-net/commons-net/3.9.0/commons-net-3.9.0.jar:/home/runner/.m2/repository/com/sun/jersey/jersey-servlet/1.19/jersey-servlet-1.19.jar:/home/runner/.m2/repository/com/github/pjfanning/jersey-json/1.20/jersey-json-1.20.jar:/home/runner/.m2/repository/org/codehaus/jettison/jettison/1.1/jettison-1.1.jar:/home/runner/.m2/repository/com/sun/xml/bind/jaxb-impl/2.2.3-1/jaxb-impl-2.2.3-1.jar:/home/runner/.m2/repository/com/google/re2j/re2j/1.1/re2j-1.1.jar:/home/runner/.m2/repository/com/jcraft/jsch/0.1.54/jsch-0.1.54.jar:/home/runner/.m2/repository/org/apache/curator/curator-client/4.2.0/curator-client-4.2.0.jar:/home/runner/.m2/repository/org/apache/curator/curator-recipes/5.2.0/curator-recipes-5.2.0.jar:/home/runner/.m2/repository/org/apache/kerby/kerb-core/1.0.1/kerb-core-1.0.1.jar:/home/runner/.m2/repository/org/apache/kerby/kerby-pkix/1.0.1/kerby-pkix-1.0.1.jar:/home/runner/.m2/repository/org/apache/kerby/kerby-asn1/1.0.1/kerby-asn1-1.0.1.jar:/home/runner/.m2/repository/org/apache/kerby/kerby-util/1.0.1/kerby-util-1.0.1.jar:/home/runner/.m2/repository/dnsjava/dnsjava/2.1.7/dnsjava-2.1.7.jar:/home/runner/.m2/repository/org/xerial/snappy/snappy-java/1.1.8.2/snappy-java-1.1.8.2.jar:/home/runner/.m2/repository/com/fasterxml/jackson/core/jackson-databind/2.13.4.2/jackson-databind-2.13.4.2.jar:/home/runner/.m2/repository/org/apache/hadoop/hadoop-kms/3.3.6/hadoop-kms-3.3.6-tests.jar:/home/runner/.m2/repository/org/apache/ozone/hdds-server-scm/1.4.0-SNAPSHOT/hdds-server-scm-1.4.0-SNAPSHOT-tests.jar:/home/runner/.m2/repository/org/apache/ozone/hdds-container-service/1.4.0-SNAPSHOT/hdds-container-service-1.4.0-SNAPSHOT-tests.jar:/home/runner/.m2/repository/com/github/luben/zstd-jni/1.5.2-5/zstd-jni-1.5.2-5.jar:/home/runner/.m2/repository/commons-codec/commons-codec/1.15/commons-codec-1.15.jar:/home/runner/.m2/repository/io/netty/netty-codec/4.1.86.Final/netty-codec-4.1.86.Final.jar:/home/runner/.m2/repository/io/netty/netty-handler/4.1.86.Final/netty-handler-4.1.86.Final.jar:/home/runner/.m2/repository/org/apache/ozone/hdds-hadoop-dependency-test/1.4.0-SNAPSHOT/hdds-hadoop-dependency-test-1.4.0-SNAPSHOT.jar:/home/runner/.m2/repository/org/apache/hadoop/hadoop-common/3.3.6/hadoop-common-3.3.6-tests.jar:/home/runner/.m2/repository/org/apache/hadoop/hadoop-hdfs/3.3.6/hadoop-hdfs-3.3.6-tests.jar:/home/runner/.m2/repository/org/assertj/assertj-core/3.12.2/assertj-core-3.12.2.jar:/home/runner/.m2/repository/org/apache/hadoop/hadoop-distcp/3.3.6/hadoop-distcp-3.3.6.jar:/home/runner/.m2/repository/org/apache/hadoop/hadoop-mapreduce-client-jobclient/3.3.6/hadoop-mapreduce-client-jobclient-3.3.6.jar:/home/runner/.m2/repository/org/apache/hadoop/hadoop-mapreduce-client-common/3.3.6/hadoop-mapreduce-client-common-3.3.6.jar:/home/runner/.m2/repository/org/apache/hadoop/hadoop-yarn-common/3.3.6/hadoop-yarn-common-3.3.6.jar:/home/runner/.m2/repository/org/apache/hadoop/hadoop-yarn-api/3.3.6/hadoop-yarn-api-3.3.6.jar:/home/runner/.m2/repository/com/sun/jersey/contribs/jersey-guice/1.19/jersey-guice-1.19.jar:/home/runner/.m2/repository/com/fasterxml/jackson/jaxrs/jackson-jaxrs-json-provider/2.13.4/jackson-jaxrs-json-provider-2.13.4.jar:/home/runner/.m2/repository/com/fasterxml/jackson/jaxrs/jackson-jaxrs-base/2.13.4/jackson-jaxrs-base-2.13.4.jar:/home/runner/.m2/repository/org/apache/hadoop/hadoop-yarn-client/3.3.6/hadoop-yarn-client-3.3.6.jar:/home/runner/.m2/repository/org/eclipse/jetty/websocket/websocket-client/9.4.51.v20230217/websocket-client-9.4.51.v20230217.jar:/home/runner/.m2/repository/org/eclipse/jetty/websocket/websocket-common/9.4.51.v20230217/websocket-common-9.4.51.v20230217.jar:/home/runner/.m2/repository/org/eclipse/jetty/websocket/websocket-api/9.4.51.v20230217/websocket-api-9.4.51.v20230217.jar:/home/runner/.m2/repository/org/jline/jline/3.9.0/jline-3.9.0.jar:/home/runner/.m2/repository/org/apache/hadoop/hadoop-mapreduce-client-core/3.3.6/hadoop-mapreduce-client-core-3.3.6.jar:/home/runner/.m2/repository/org/apache/avro/avro/1.7.7/avro-1.7.7.jar:/home/runner/.m2/repository/com/thoughtworks/paranamer/paranamer/2.3/paranamer-2.3.jar:/home/runner/.m2/repository/org/apache/hadoop/hadoop-annotations/3.3.6/hadoop-annotations-3.3.6.jar:/usr/lib/jvm/temurin-8-jdk-amd64/jre/../lib/tools.jar:/home/runner/.m2/repository/io/netty/netty/3.10.6.Final/netty-3.10.6.Final.jar:/home/runner/.m2/repository/org/apache/hadoop/hadoop-distcp/3.3.6/hadoop-distcp-3.3.6-tests.jar:/home/runner/.m2/repository/org/slf4j/jul-to-slf4j/1.7.36/jul-to-slf4j-1.7.36.jar:"/>
    <property name="java.vm.vendor" value="Temurin"/>
    <property name="sun.arch.data.model" value="64"/>
    <property name="test.build.dir" value="/home/runner/work/ozone/ozone/hadoop-ozone/integration-test/target/test-dir"/>
    <property name="test.cache.data" value=""/>
    <property name="java.vendor.url" value="https://adoptium.net/"/>
    <property name="user.timezone" value="Etc/UTC"/>
    <property name="java.vm.specification.version" value="1.8"/>
    <property name="os.name" value="Linux"/>
    <property name="test.build.data" value="/home/runner/work/ozone/ozone/hadoop-ozone/integration-test/target/test-dir"/>
    <property name="sun.java.launcher" value="SUN_STANDARD"/>
    <property name="sun.boot.library.path" value="/usr/lib/jvm/temurin-8-jdk-amd64/jre/lib/amd64"/>
    <property name="sun.java.command" value="/home/runner/work/ozone/ozone/hadoop-ozone/integration-test/target/surefire/surefirebooter241138525732486504.jar /home/runner/work/ozone/ozone/hadoop-ozone/integration-test/target/surefire 2023-06-27T16-46-57_574-jvmRun1 surefire4938810136065890930tmp surefire_191685845344544899839tmp"/>
    <property name="native.lib.tmp.dir" value="/tmp"/>
    <property name="surefire.test.class.path" value="/home/runner/work/ozone/ozone/hadoop-ozone/integration-test/target/test-classes:/home/runner/work/ozone/ozone/hadoop-ozone/integration-test/target/classes:/home/runner/.m2/repository/org/apache/ozone/ozone-common/1.4.0-SNAPSHOT/ozone-common-1.4.0-SNAPSHOT.jar:/home/runner/.m2/repository/io/grpc/grpc-netty/1.51.1/grpc-netty-1.51.1.jar:/home/runner/.m2/repository/io/grpc/grpc-core/1.51.1/grpc-core-1.51.1.jar:/home/runner/.m2/repository/com/google/android/annotations/4.1.1.4/annotations-4.1.1.4.jar:/home/runner/.m2/repository/org/codehaus/mojo/animal-sniffer-annotations/1.21/animal-sniffer-annotations-1.21.jar:/home/runner/.m2/repository/com/google/errorprone/error_prone_annotations/2.2.0/error_prone_annotations-2.2.0.jar:/home/runner/.m2/repository/io/perfmark/perfmark-api/0.25.0/perfmark-api-0.25.0.jar:/home/runner/.m2/repository/io/netty/netty-codec-http2/4.1.86.Final/netty-codec-http2-4.1.86.Final.jar:/home/runner/.m2/repository/io/netty/netty-common/4.1.86.Final/netty-common-4.1.86.Final.jar:/home/runner/.m2/repository/io/netty/netty-buffer/4.1.86.Final/netty-buffer-4.1.86.Final.jar:/home/runner/.m2/repository/io/netty/netty-codec-http/4.1.86.Final/netty-codec-http-4.1.86.Final.jar:/home/runner/.m2/repository/io/netty/netty-handler-proxy/4.1.86.Final/netty-handler-proxy-4.1.86.Final.jar:/home/runner/.m2/repository/io/netty/netty-codec-socks/4.1.86.Final/netty-codec-socks-4.1.86.Final.jar:/home/runner/.m2/repository/io/netty/netty-tcnative-boringssl-static/2.0.54.Final/netty-tcnative-boringssl-static-2.0.54.Final.jar:/home/runner/.m2/repository/io/netty/netty-tcnative-classes/2.0.54.Final/netty-tcnative-classes-2.0.54.Final.jar:/home/runner/.m2/repository/io/netty/netty-tcnative-boringssl-static/2.0.54.Final/netty-tcnative-boringssl-static-2.0.54.Final-linux-x86_64.jar:/home/runner/.m2/repository/io/netty/netty-tcnative-boringssl-static/2.0.54.Final/netty-tcnative-boringssl-static-2.0.54.Final-linux-aarch_64.jar:/home/runner/.m2/repository/io/netty/netty-tcnative-boringssl-static/2.0.54.Final/netty-tcnative-boringssl-static-2.0.54.Final-osx-x86_64.jar:/home/runner/.m2/repository/io/netty/netty-tcnative-boringssl-static/2.0.54.Final/netty-tcnative-boringssl-static-2.0.54.Final-osx-aarch_64.jar:/home/runner/.m2/repository/io/netty/netty-tcnative-boringssl-static/2.0.54.Final/netty-tcnative-boringssl-static-2.0.54.Final-windows-x86_64.jar:/home/runner/.m2/repository/org/apache/commons/commons-compress/1.21/commons-compress-1.21.jar:/home/runner/.m2/repository/org/apache/ozone/hdds-common/1.4.0-SNAPSHOT/hdds-common-1.4.0-SNAPSHOT.jar:/home/runner/.m2/repository/org/apache/ozone/hdds-client/1.4.0-SNAPSHOT/hdds-client-1.4.0-SNAPSHOT.jar:/home/runner/.m2/repository/org/apache/ozone/ozone-interface-client/1.4.0-SNAPSHOT/ozone-interface-client-1.4.0-SNAPSHOT.jar:/home/runner/.m2/repository/org/apache/hadoop/hadoop-hdfs-client/3.3.6/hadoop-hdfs-client-3.3.6.jar:/home/runner/.m2/repository/com/squareup/okhttp3/okhttp/4.9.3/okhttp-4.9.3.jar:/home/runner/.m2/repository/com/squareup/okio/okio/2.8.0/okio-2.8.0.jar:/home/runner/.m2/repository/org/jetbrains/kotlin/kotlin-stdlib-common/1.6.21/kotlin-stdlib-common-1.6.21.jar:/home/runner/.m2/repository/org/apache/ozone/hdds-test-utils/1.4.0-SNAPSHOT/hdds-test-utils-1.4.0-SNAPSHOT.jar:/home/runner/.m2/repository/com/google/guava/guava/32.0.0-jre/guava-32.0.0-jre.jar:/home/runner/.m2/repository/com/google/guava/failureaccess/1.0.1/failureaccess-1.0.1.jar:/home/runner/.m2/repository/com/google/guava/listenablefuture/9999.0-empty-to-avoid-conflict-with-guava/listenablefuture-9999.0-empty-to-avoid-conflict-with-guava.jar:/home/runner/.m2/repository/com/google/code/findbugs/jsr305/3.0.0/jsr305-3.0.0.jar:/home/runner/.m2/repository/org/checkerframework/checker-qual/3.33.0/checker-qual-3.33.0.jar:/home/runner/.m2/repository/com/google/j2objc/j2objc-annotations/2.8/j2objc-annotations-2.8.jar:/home/runner/.m2/repository/commons-io/commons-io/2.11.0/commons-io-2.11.0.jar:/home/runner/.m2/repository/commons-logging/commons-logging/1.2/commons-logging-1.2.jar:/home/runner/.m2/repository/ch/qos/reload4j/reload4j/1.2.22/reload4j-1.2.22.jar:/home/runner/.m2/repository/org/slf4j/slf4j-api/1.7.36/slf4j-api-1.7.36.jar:/home/runner/.m2/repository/org/apache/ozone/hdds-server-scm/1.4.0-SNAPSHOT/hdds-server-scm-1.4.0-SNAPSHOT.jar:/home/runner/.m2/repository/org/apache/ozone/hdds-container-service/1.4.0-SNAPSHOT/hdds-container-service-1.4.0-SNAPSHOT.jar:/home/runner/.m2/repository/org/apache/ozone/hdds-hadoop-dependency-server/1.4.0-SNAPSHOT/hdds-hadoop-dependency-server-1.4.0-SNAPSHOT.jar:/home/runner/.m2/repository/org/apache/hadoop/hadoop-hdfs/3.3.6/hadoop-hdfs-3.3.6.jar:/home/runner/.m2/repository/commons-daemon/commons-daemon/1.0.13/commons-daemon-1.0.13.jar:/home/runner/.m2/repository/org/apache/ozone/hdds-server-framework/1.4.0-SNAPSHOT/hdds-server-framework-1.4.0-SNAPSHOT.jar:/home/runner/.m2/repository/io/dropwizard/metrics/metrics-core/3.2.4/metrics-core-3.2.4.jar:/home/runner/.m2/repository/org/apache/commons/commons-text/1.10.0/commons-text-1.10.0.jar:/home/runner/.m2/repository/org/bouncycastle/bcprov-jdk15on/1.67/bcprov-jdk15on-1.67.jar:/home/runner/.m2/repository/com/google/protobuf/protobuf-java/2.5.0/protobuf-java-2.5.0.jar:/home/runner/.m2/repository/org/apache/ozone/hdds-server-framework/1.4.0-SNAPSHOT/hdds-server-framework-1.4.0-SNAPSHOT-tests.jar:/home/runner/.m2/repository/org/apache/ozone/hdds-interface-server/1.4.0-SNAPSHOT/hdds-interface-server-1.4.0-SNAPSHOT.jar:/home/runner/.m2/repository/org/apache/ozone/hdds-interface-admin/1.4.0-SNAPSHOT/hdds-interface-admin-1.4.0-SNAPSHOT.jar:/home/runner/.m2/repository/org/apache/ozone/hdds-managed-rocksdb/1.4.0-SNAPSHOT/hdds-managed-rocksdb-1.4.0-SNAPSHOT.jar:/home/runner/.m2/repository/org/rocksdb/rocksdbjni/7.7.3/rocksdbjni-7.7.3.jar:/home/runner/.m2/repository/org/slf4j/slf4j-reload4j/1.7.36/slf4j-reload4j-1.7.36.jar:/home/runner/.m2/repository/org/apache/commons/commons-configuration2/2.1.1/commons-configuration2-2.1.1.jar:/home/runner/.m2/repository/commons-fileupload/commons-fileupload/1.5/commons-fileupload-1.5.jar:/home/runner/.m2/repository/org/apache/logging/log4j/log4j-core/2.17.1/log4j-core-2.17.1.jar:/home/runner/.m2/repository/com/lmax/disruptor/3.4.2/disruptor-3.4.2.jar:/home/runner/.m2/repository/org/eclipse/jetty/jetty-util/9.4.51.v20230217/jetty-util-9.4.51.v20230217.jar:/home/runner/.m2/repository/org/eclipse/jetty/jetty-server/9.4.51.v20230217/jetty-server-9.4.51.v20230217.jar:/home/runner/.m2/repository/org/eclipse/jetty/jetty-http/9.4.51.v20230217/jetty-http-9.4.51.v20230217.jar:/home/runner/.m2/repository/org/eclipse/jetty/jetty-io/9.4.51.v20230217/jetty-io-9.4.51.v20230217.jar:/home/runner/.m2/repository/org/eclipse/jetty/jetty-servlet/9.4.51.v20230217/jetty-servlet-9.4.51.v20230217.jar:/home/runner/.m2/repository/org/eclipse/jetty/jetty-security/9.4.51.v20230217/jetty-security-9.4.51.v20230217.jar:/home/runner/.m2/repository/org/eclipse/jetty/jetty-util-ajax/9.4.51.v20230217/jetty-util-ajax-9.4.51.v20230217.jar:/home/runner/.m2/repository/org/eclipse/jetty/jetty-webapp/9.4.51.v20230217/jetty-webapp-9.4.51.v20230217.jar:/home/runner/.m2/repository/org/eclipse/jetty/jetty-xml/9.4.51.v20230217/jetty-xml-9.4.51.v20230217.jar:/home/runner/.m2/repository/org/apache/ratis/ratis-server/2.5.1/ratis-server-2.5.1.jar:/home/runner/.m2/repository/org/apache/ratis/ratis-thirdparty-misc/1.0.4/ratis-thirdparty-misc-1.0.4.jar:/home/runner/.m2/repository/org/apache/ratis/ratis-proto/2.5.1/ratis-proto-2.5.1.jar:/home/runner/.m2/repository/org/apache/ratis/ratis-common/2.5.1/ratis-common-2.5.1.jar:/home/runner/.m2/repository/org/apache/ratis/ratis-client/2.5.1/ratis-client-2.5.1.jar:/home/runner/.m2/repository/org/apache/ratis/ratis-server-api/2.5.1/ratis-server-api-2.5.1.jar:/home/runner/.m2/repository/org/apache/ratis/ratis-metrics/2.5.1/ratis-metrics-2.5.1.jar:/home/runner/.m2/repository/io/prometheus/simpleclient_dropwizard/0.7.0/simpleclient_dropwizard-0.7.0.jar:/home/runner/.m2/repository/io/prometheus/simpleclient/0.7.0/simpleclient-0.7.0.jar:/home/runner/.m2/repository/io/prometheus/simpleclient_common/0.7.0/simpleclient_common-0.7.0.jar:/home/runner/.m2/repository/com/fasterxml/jackson/datatype/jackson-datatype-jsr310/2.13.4/jackson-datatype-jsr310-2.13.4.jar:/home/runner/.m2/repository/com/fasterxml/jackson/core/jackson-core/2.13.4/jackson-core-2.13.4.jar:/home/runner/.m2/repository/com/github/spotbugs/spotbugs-annotations/3.1.12/spotbugs-annotations-3.1.12.jar:/home/runner/.m2/repository/org/apache/ozone/rocksdb-checkpoint-differ/1.4.0-SNAPSHOT/rocksdb-checkpoint-differ-1.4.0-SNAPSHOT.jar:/home/runner/.m2/repository/org/awaitility/awaitility/4.2.0/awaitility-4.2.0.jar:/home/runner/.m2/repository/org/hamcrest/hamcrest/2.1/hamcrest-2.1.jar:/home/runner/.m2/repository/org/apache/ozone/ozone-manager/1.4.0-SNAPSHOT/ozone-manager-1.4.0-SNAPSHOT.jar:/home/runner/.m2/repository/org/aspectj/aspectjrt/1.9.7/aspectjrt-1.9.7.jar:/home/runner/.m2/repository/org/aspectj/aspectjweaver/1.9.7/aspectjweaver-1.9.7.jar:/home/runner/.m2/repository/org/apache/ozone/hdds-interface-client/1.4.0-SNAPSHOT/hdds-interface-client-1.4.0-SNAPSHOT.jar:/home/runner/.m2/repository/org/apache/hadoop/thirdparty/hadoop-shaded-protobuf_3_7/1.1.1/hadoop-shaded-protobuf_3_7-1.1.1.jar:/home/runner/.m2/repository/org/apache/ozone/ozone-interface-storage/1.4.0-SNAPSHOT/ozone-interface-storage-1.4.0-SNAPSHOT.jar:/home/runner/.m2/repository/org/reflections/reflections/0.9.11/reflections-0.9.11.jar:/home/runner/.m2/repository/com/sun/jersey/jersey-client/1.19/jersey-client-1.19.jar:/home/runner/.m2/repository/org/codehaus/jackson/jackson-core-asl/1.9.13/jackson-core-asl-1.9.13.jar:/home/runner/.m2/repository/org/codehaus/jackson/jackson-mapper-asl/1.9.13/jackson-mapper-asl-1.9.13.jar:/home/runner/.m2/repository/org/codehaus/jackson/jackson-jaxrs/1.9.13/jackson-jaxrs-1.9.13.jar:/home/runner/.m2/repository/org/apache/ranger/ranger-intg/2.3.0/ranger-intg-2.3.0.jar:/home/runner/.m2/repository/org/apache/ranger/ranger-plugins-common/2.3.0/ranger-plugins-common-2.3.0.jar:/home/runner/.m2/repository/commons-lang/commons-lang/2.6/commons-lang-2.6.jar:/home/runner/.m2/repository/org/apache/ranger/ranger-plugins-cred/2.3.0/ranger-plugins-cred-2.3.0.jar:/home/runner/.m2/repository/org/apache/ranger/ranger-plugins-audit/2.3.0/ranger-plugins-audit-2.3.0.jar:/home/runner/.m2/repository/org/eclipse/jetty/jetty-client/9.4.51.v20230217/jetty-client-9.4.51.v20230217.jar:/home/runner/.m2/repository/org/apache/httpcomponents/httpmime/4.5.6/httpmime-4.5.6.jar:/home/runner/.m2/repository/org/apache/httpcomponents/httpcore-nio/4.4.13/httpcore-nio-4.4.13.jar:/home/runner/.m2/repository/org/apache/httpcomponents/httpasyncclient/4.1.3/httpasyncclient-4.1.3.jar:/home/runner/.m2/repository/com/carrotsearch/hppc/0.8.0/hppc-0.8.0.jar:/home/runner/.m2/repository/org/apache/orc/orc-core/1.5.8/orc-core-1.5.8.jar:/home/runner/.m2/repository/net/java/dev/jna/jna/5.2.0/jna-5.2.0.jar:/home/runner/.m2/repository/net/java/dev/jna/jna-platform/5.2.0/jna-platform-5.2.0.jar:/home/runner/.m2/repository/com/kstruct/gethostname4j/0.0.2/gethostname4j-0.0.2.jar:/home/runner/.m2/repository/org/apache/ranger/ranger-plugin-classloader/2.3.0/ranger-plugin-classloader-2.3.0.jar:/home/runner/.m2/repository/org/apache/ozone/hdds-rocks-native/1.4.0-SNAPSHOT/hdds-rocks-native-1.4.0-SNAPSHOT.jar:/home/runner/.m2/repository/org/apache/hadoop/hadoop-minikdc/3.3.6/hadoop-minikdc-3.3.6.jar:/home/runner/.m2/repository/org/apache/kerby/kerb-simplekdc/1.0.1/kerb-simplekdc-1.0.1.jar:/home/runner/.m2/repository/org/apache/kerby/kerb-client/1.0.1/kerb-client-1.0.1.jar:/home/runner/.m2/repository/org/apache/kerby/kerby-config/1.0.1/kerby-config-1.0.1.jar:/home/runner/.m2/repository/org/apache/kerby/kerb-common/1.0.1/kerb-common-1.0.1.jar:/home/runner/.m2/repository/org/apache/kerby/kerb-crypto/1.0.1/kerb-crypto-1.0.1.jar:/home/runner/.m2/repository/org/apache/kerby/kerb-util/1.0.1/kerb-util-1.0.1.jar:/home/runner/.m2/repository/org/apache/kerby/token-provider/1.0.1/token-provider-1.0.1.jar:/home/runner/.m2/repository/org/apache/kerby/kerb-admin/1.0.1/kerb-admin-1.0.1.jar:/home/runner/.m2/repository/org/apache/kerby/kerb-server/1.0.1/kerb-server-1.0.1.jar:/home/runner/.m2/repository/org/apache/kerby/kerb-identity/1.0.1/kerb-identity-1.0.1.jar:/home/runner/.m2/repository/org/apache/kerby/kerby-xdr/1.0.1/kerby-xdr-1.0.1.jar:/home/runner/.m2/repository/org/apache/ozone/ozone-s3gateway/1.4.0-SNAPSHOT/ozone-s3gateway-1.4.0-SNAPSHOT.jar:/home/runner/.m2/repository/org/javassist/javassist/3.21.0-GA/javassist-3.21.0-GA.jar:/home/runner/.m2/repository/org/jboss/weld/servlet/weld-servlet-shaded/3.1.9.Final/weld-servlet-shaded-3.1.9.Final.jar:/home/runner/.m2/repository/org/glassfish/jersey/containers/jersey-container-servlet-core/2.34/jersey-container-servlet-core-2.34.jar:/home/runner/.m2/repository/org/glassfish/hk2/external/jakarta.inject/2.6.1/jakarta.inject-2.6.1.jar:/home/runner/.m2/repository/org/glassfish/jersey/core/jersey-common/2.34/jersey-common-2.34.jar:/home/runner/.m2/repository/jakarta/ws/rs/jakarta.ws.rs-api/2.1.6/jakarta.ws.rs-api-2.1.6.jar:/home/runner/.m2/repository/org/glassfish/jersey/ext/cdi/jersey-cdi1x/2.34/jersey-cdi1x-2.34.jar:/home/runner/.m2/repository/org/glassfish/jersey/inject/jersey-hk2/2.34/jersey-hk2-2.34.jar:/home/runner/.m2/repository/org/glassfish/hk2/hk2-locator/2.6.1/hk2-locator-2.6.1.jar:/home/runner/.m2/repository/org/glassfish/jersey/media/jersey-media-jaxb/2.34/jersey-media-jaxb-2.34.jar:/home/runner/.m2/repository/org/glassfish/hk2/osgi-resource-locator/1.0.3/osgi-resource-locator-1.0.3.jar:/home/runner/.m2/repository/org/glassfish/hk2/hk2-api/2.5.0/hk2-api-2.5.0.jar:/home/runner/.m2/repository/org/glassfish/hk2/hk2-utils/2.5.0/hk2-utils-2.5.0.jar:/home/runner/.m2/repository/org/glassfish/hk2/external/aopalliance-repackaged/2.5.0/aopalliance-repackaged-2.5.0.jar:/home/runner/.m2/repository/com/fasterxml/jackson/dataformat/jackson-dataformat-xml/2.13.4/jackson-dataformat-xml-2.13.4.jar:/home/runner/.m2/repository/org/codehaus/woodstox/stax2-api/4.2.1/stax2-api-4.2.1.jar:/home/runner/.m2/repository/com/fasterxml/woodstox/woodstox-core/5.4.0/woodstox-core-5.4.0.jar:/home/runner/.m2/repository/com/fasterxml/jackson/module/jackson-module-jaxb-annotations/2.13.4/jackson-module-jaxb-annotations-2.13.4.jar:/home/runner/.m2/repository/jakarta/xml/bind/jakarta.xml.bind-api/2.3.3/jakarta.xml.bind-api-2.3.3.jar:/home/runner/.m2/repository/jakarta/activation/jakarta.activation-api/1.2.2/jakarta.activation-api-1.2.2.jar:/home/runner/.m2/repository/javax/enterprise/cdi-api/2.0/cdi-api-2.0.jar:/home/runner/.m2/repository/javax/el/javax.el-api/3.0.0/javax.el-api-3.0.0.jar:/home/runner/.m2/repository/javax/interceptor/javax.interceptor-api/1.2/javax.interceptor-api-1.2.jar:/home/runner/.m2/repository/javax/inject/javax.inject/1/javax.inject-1.jar:/home/runner/.m2/repository/javax/xml/bind/jaxb-api/2.3.0/jaxb-api-2.3.0.jar:/home/runner/.m2/repository/org/glassfish/jaxb/jaxb-runtime/2.3.0.1/jaxb-runtime-2.3.0.1.jar:/home/runner/.m2/repository/org/glassfish/jaxb/jaxb-core/2.3.0.1/jaxb-core-2.3.0.1.jar:/home/runner/.m2/repository/org/glassfish/jaxb/txw2/2.3.0.1/txw2-2.3.0.1.jar:/home/runner/.m2/repository/com/sun/istack/istack-commons-runtime/3.0.5/istack-commons-runtime-3.0.5.jar:/home/runner/.m2/repository/org/jvnet/staxex/stax-ex/1.7.8/stax-ex-1.7.8.jar:/home/runner/.m2/repository/com/sun/xml/fastinfoset/FastInfoset/1.2.13/FastInfoset-1.2.13.jar:/home/runner/.m2/repository/javax/activation/activation/1.1.1/activation-1.1.1.jar:/home/runner/.m2/repository/io/grpc/grpc-protobuf/1.51.1/grpc-protobuf-1.51.1.jar:/home/runner/.m2/repository/com/google/api/grpc/proto-google-common-protos/2.9.0/proto-google-common-protos-2.9.0.jar:/home/runner/.m2/repository/io/grpc/grpc-protobuf-lite/1.51.1/grpc-protobuf-lite-1.51.1.jar:/home/runner/.m2/repository/io/grpc/grpc-stub/1.51.1/grpc-stub-1.51.1.jar:/home/runner/.m2/repository/io/netty/netty-transport/4.1.86.Final/netty-transport-4.1.86.Final.jar:/home/runner/.m2/repository/io/netty/netty-resolver/4.1.86.Final/netty-resolver-4.1.86.Final.jar:/home/runner/.m2/repository/org/apache/ozone/ozone-csi/1.4.0-SNAPSHOT/ozone-csi-1.4.0-SNAPSHOT.jar:/home/runner/.m2/repository/com/google/protobuf/protobuf-java-util/3.19.6/protobuf-java-util-3.19.6.jar:/home/runner/.m2/repository/com/google/code/gson/gson/2.9.0/gson-2.9.0.jar:/home/runner/.m2/repository/org/apache/ozone/hdds-config/1.4.0-SNAPSHOT/hdds-config-1.4.0-SNAPSHOT.jar:/home/runner/.m2/repository/io/netty/netty-transport-native-epoll/4.1.86.Final/netty-transport-native-epoll-4.1.86.Final-linux-x86_64.jar:/home/runner/.m2/repository/io/netty/netty-transport-classes-epoll/4.1.86.Final/netty-transport-classes-epoll-4.1.86.Final.jar:/home/runner/.m2/repository/io/netty/netty-transport-native-unix-common/4.1.86.Final/netty-transport-native-unix-common-4.1.86.Final.jar:/home/runner/.m2/repository/org/apache/ozone/ozone-recon/1.4.0-SNAPSHOT/ozone-recon-1.4.0-SNAPSHOT.jar:/home/runner/.m2/repository/org/apache/ozone/ozone-reconcodegen/1.4.0-SNAPSHOT/ozone-reconcodegen-1.4.0-SNAPSHOT.jar:/home/runner/.m2/repository/com/google/inject/guice/5.1.0/guice-5.1.0.jar:/home/runner/.m2/repository/aopalliance/aopalliance/1.0/aopalliance-1.0.jar:/home/runner/.m2/repository/com/google/inject/extensions/guice-assistedinject/5.1.0/guice-assistedinject-5.1.0.jar:/home/runner/.m2/repository/com/google/inject/extensions/guice-servlet/5.1.0/guice-servlet-5.1.0.jar:/home/runner/.m2/repository/org/glassfish/jersey/containers/jersey-container-servlet/2.34/jersey-container-servlet-2.34.jar:/home/runner/.m2/repository/org/glassfish/hk2/guice-bridge/2.5.0/guice-bridge-2.5.0.jar:/home/runner/.m2/repository/org/glassfish/jersey/core/jersey-server/2.34/jersey-server-2.34.jar:/home/runner/.m2/repository/org/glassfish/jersey/core/jersey-client/2.34/jersey-client-2.34.jar:/home/runner/.m2/repository/jakarta/annotation/jakarta.annotation-api/1.3.5/jakarta.annotation-api-1.3.5.jar:/home/runner/.m2/repository/jakarta/validation/jakarta.validation-api/2.0.2/jakarta.validation-api-2.0.2.jar:/home/runner/.m2/repository/org/glassfish/jersey/media/jersey-media-json-jackson/2.34/jersey-media-json-jackson-2.34.jar:/home/runner/.m2/repository/org/glassfish/jersey/ext/jersey-entity-filtering/2.34/jersey-entity-filtering-2.34.jar:/home/runner/.m2/repository/org/jooq/jooq/3.11.10/jooq-3.11.10.jar:/home/runner/.m2/repository/org/jooq/jooq-meta/3.11.10/jooq-meta-3.11.10.jar:/home/runner/.m2/repository/org/jooq/jooq-codegen/3.11.10/jooq-codegen-3.11.10.jar:/home/runner/.m2/repository/com/jolbox/bonecp/0.8.0.RELEASE/bonecp-0.8.0.RELEASE.jar:/home/runner/.m2/repository/org/apache/derby/derby/10.14.2.0/derby-10.14.2.0.jar:/home/runner/.m2/repository/org/xerial/sqlite-jdbc/3.41.2.2/sqlite-jdbc-3.41.2.2.jar:/home/runner/.m2/repository/org/springframework/spring-jdbc/5.3.27/spring-jdbc-5.3.27.jar:/home/runner/.m2/repository/org/springframework/spring-beans/5.3.27/spring-beans-5.3.27.jar:/home/runner/.m2/repository/org/springframework/spring-core/5.3.27/spring-core-5.3.27.jar:/home/runner/.m2/repository/org/springframework/spring-tx/5.3.27/spring-tx-5.3.27.jar:/home/runner/.m2/repository/org/apache/ozone/ozone-client/1.4.0-SNAPSHOT/ozone-client-1.4.0-SNAPSHOT.jar:/home/runner/.m2/repository/org/apache/ozone/hdds-erasurecode/1.4.0-SNAPSHOT/hdds-erasurecode-1.4.0-SNAPSHOT.jar:/home/runner/.m2/repository/org/apache/ozone/ozone-filesystem/1.4.0-SNAPSHOT/ozone-filesystem-1.4.0-SNAPSHOT.jar:/home/runner/.m2/repository/org/apache/ozone/ozone-filesystem-common/1.4.0-SNAPSHOT/ozone-filesystem-common-1.4.0-SNAPSHOT.jar:/home/runner/.m2/repository/org/apache/ozone/ozone-tools/1.4.0-SNAPSHOT/ozone-tools-1.4.0-SNAPSHOT.jar:/home/runner/.m2/repository/com/amazonaws/aws-java-sdk-core/1.12.261/aws-java-sdk-core-1.12.261.jar:/home/runner/.m2/repository/org/apache/httpcomponents/httpclient/4.5.13/httpclient-4.5.13.jar:/home/runner/.m2/repository/org/apache/httpcomponents/httpcore/4.4.13/httpcore-4.4.13.jar:/home/runner/.m2/repository/software/amazon/ion/ion-java/1.0.2/ion-java-1.0.2.jar:/home/runner/.m2/repository/com/fasterxml/jackson/dataformat/jackson-dataformat-cbor/2.13.4/jackson-dataformat-cbor-2.13.4.jar:/home/runner/.m2/repository/joda-time/joda-time/2.10.6/joda-time-2.10.6.jar:/home/runner/.m2/repository/com/amazonaws/aws-java-sdk-s3/1.12.261/aws-java-sdk-s3-1.12.261.jar:/home/runner/.m2/repository/com/amazonaws/aws-java-sdk-kms/1.12.261/aws-java-sdk-kms-1.12.261.jar:/home/runner/.m2/repository/com/amazonaws/jmespath-java/1.12.261/jmespath-java-1.12.261.jar:/home/runner/.m2/repository/org/kohsuke/metainf-services/metainf-services/1.8/metainf-services-1.8.jar:/home/runner/.m2/repository/org/apache/ozone/hdds-tools/1.4.0-SNAPSHOT/hdds-tools-1.4.0-SNAPSHOT.jar:/home/runner/.m2/repository/org/apache/ratis/ratis-tools/2.5.1/ratis-tools-2.5.1.jar:/home/runner/.m2/repository/commons-cli/commons-cli/1.2/commons-cli-1.2.jar:/home/runner/.m2/repository/org/apache/commons/commons-lang3/3.7/commons-lang3-3.7.jar:/home/runner/.m2/repository/org/apache/ozone/ozone-manager/1.4.0-SNAPSHOT/ozone-manager-1.4.0-SNAPSHOT-tests.jar:/home/runner/.m2/repository/org/apache/ozone/hdds-common/1.4.0-SNAPSHOT/hdds-common-1.4.0-SNAPSHOT-tests.jar:/home/runner/.m2/repository/org/apache/ozone/hdds-hadoop-dependency-client/1.4.0-SNAPSHOT/hdds-hadoop-dependency-client-1.4.0-SNAPSHOT.jar:/home/runner/.m2/repository/info/picocli/picocli/4.6.1/picocli-4.6.1.jar:/home/runner/.m2/repository/com/fasterxml/jackson/core/jackson-annotations/2.13.4/jackson-annotations-2.13.4.jar:/home/runner/.m2/repository/org/apache/ozone/hdds-annotation-processing/1.4.0-SNAPSHOT/hdds-annotation-processing-1.4.0-SNAPSHOT.jar:/home/runner/.m2/repository/javax/annotation/javax.annotation-api/1.2/javax.annotation-api-1.2.jar:/home/runner/.m2/repository/org/apache/ratis/ratis-netty/2.5.1/ratis-netty-2.5.1.jar:/home/runner/.m2/repository/org/apache/ratis/ratis-grpc/2.5.1/ratis-grpc-2.5.1.jar:/home/runner/.m2/repository/org/apache/logging/log4j/log4j-api/2.17.1/log4j-api-2.17.1.jar:/home/runner/.m2/repository/org/apache/commons/commons-pool2/2.6.0/commons-pool2-2.6.0.jar:/home/runner/.m2/repository/org/bouncycastle/bcpkix-jdk15on/1.67/bcpkix-jdk15on-1.67.jar:/home/runner/.m2/repository/commons-validator/commons-validator/1.6/commons-validator-1.6.jar:/home/runner/.m2/repository/commons-beanutils/commons-beanutils/1.9.4/commons-beanutils-1.9.4.jar:/home/runner/.m2/repository/commons-digester/commons-digester/1.8.1/commons-digester-1.8.1.jar:/home/runner/.m2/repository/commons-collections/commons-collections/3.2.2/commons-collections-3.2.2.jar:/home/runner/.m2/repository/io/jaegertracing/jaeger-client/1.6.0/jaeger-client-1.6.0.jar:/home/runner/.m2/repository/io/jaegertracing/jaeger-thrift/1.6.0/jaeger-thrift-1.6.0.jar:/home/runner/.m2/repository/org/apache/thrift/libthrift/0.14.1/libthrift-0.14.1.jar:/home/runner/.m2/repository/io/jaegertracing/jaeger-core/1.6.0/jaeger-core-1.6.0.jar:/home/runner/.m2/repository/io/jaegertracing/jaeger-tracerresolver/1.6.0/jaeger-tracerresolver-1.6.0.jar:/home/runner/.m2/repository/io/opentracing/contrib/opentracing-tracerresolver/0.1.8/opentracing-tracerresolver-0.1.8.jar:/home/runner/.m2/repository/org/jetbrains/kotlin/kotlin-stdlib/1.6.21/kotlin-stdlib-1.6.21.jar:/home/runner/.m2/repository/org/jetbrains/annotations/13.0/annotations-13.0.jar:/home/runner/.m2/repository/io/opentracing/opentracing-util/0.33.0/opentracing-util-0.33.0.jar:/home/runner/.m2/repository/io/opentracing/opentracing-api/0.33.0/opentracing-api-0.33.0.jar:/home/runner/.m2/repository/io/opentracing/opentracing-noop/0.33.0/opentracing-noop-0.33.0.jar:/home/runner/.m2/repository/org/yaml/snakeyaml/2.0/snakeyaml-2.0.jar:/home/runner/.m2/repository/io/grpc/grpc-api/1.51.1/grpc-api-1.51.1.jar:/home/runner/.m2/repository/io/grpc/grpc-context/1.51.1/grpc-context-1.51.1.jar:/home/runner/.m2/repository/junit/junit/4.13.1/junit-4.13.1.jar:/home/runner/.m2/repository/org/hamcrest/hamcrest-core/1.3/hamcrest-core-1.3.jar:/home/runner/.m2/repository/org/junit/jupiter/junit-jupiter-api/5.8.2/junit-jupiter-api-5.8.2.jar:/home/runner/.m2/repository/org/opentest4j/opentest4j/1.2.0/opentest4j-1.2.0.jar:/home/runner/.m2/repository/org/junit/platform/junit-platform-commons/1.8.2/junit-platform-commons-1.8.2.jar:/home/runner/.m2/repository/org/apiguardian/apiguardian-api/1.1.2/apiguardian-api-1.1.2.jar:/home/runner/.m2/repository/org/junit/jupiter/junit-jupiter-params/5.8.2/junit-jupiter-params-5.8.2.jar:/home/runner/.m2/repository/org/junit/jupiter/junit-jupiter-migrationsupport/5.8.2/junit-jupiter-migrationsupport-5.8.2.jar:/home/runner/.m2/repository/org/junit/jupiter/junit-jupiter-engine/5.8.2/junit-jupiter-engine-5.8.2.jar:/home/runner/.m2/repository/org/junit/platform/junit-platform-engine/1.8.2/junit-platform-engine-1.8.2.jar:/home/runner/.m2/repository/org/junit/vintage/junit-vintage-engine/5.8.2/junit-vintage-engine-5.8.2.jar:/home/runner/.m2/repository/org/junit/platform/junit-platform-launcher/1.8.2/junit-platform-launcher-1.8.2.jar:/home/runner/.m2/repository/org/mockito/mockito-core/3.5.9/mockito-core-3.5.9.jar:/home/runner/.m2/repository/net/bytebuddy/byte-buddy/1.10.13/byte-buddy-1.10.13.jar:/home/runner/.m2/repository/net/bytebuddy/byte-buddy-agent/1.10.13/byte-buddy-agent-1.10.13.jar:/home/runner/.m2/repository/org/objenesis/objenesis/1.0/objenesis-1.0.jar:/home/runner/.m2/repository/org/apache/hadoop/hadoop-kms/3.3.6/hadoop-kms-3.3.6.jar:/home/runner/.m2/repository/org/apache/hadoop/hadoop-auth/3.3.6/hadoop-auth-3.3.6.jar:/home/runner/.m2/repository/com/nimbusds/nimbus-jose-jwt/9.8.1/nimbus-jose-jwt-9.8.1.jar:/home/runner/.m2/repository/com/github/stephenc/jcip/jcip-annotations/1.0-1/jcip-annotations-1.0-1.jar:/home/runner/.m2/repository/org/apache/zookeeper/zookeeper/3.5.6/zookeeper-3.5.6.jar:/home/runner/.m2/repository/org/apache/zookeeper/zookeeper-jute/3.5.6/zookeeper-jute-3.5.6.jar:/home/runner/.m2/repository/org/apache/yetus/audience-annotations/0.5.0/audience-annotations-0.5.0.jar:/home/runner/.m2/repository/org/apache/curator/curator-framework/4.2.0/curator-framework-4.2.0.jar:/home/runner/.m2/repository/org/apache/hadoop/thirdparty/hadoop-shaded-guava/1.1.1/hadoop-shaded-guava-1.1.1.jar:/home/runner/.m2/repository/com/sun/jersey/jersey-core/1.19/jersey-core-1.19.jar:/home/runner/.m2/repository/javax/ws/rs/jsr311-api/1.1.1/jsr311-api-1.1.1.jar:/home/runner/.m2/repository/com/sun/jersey/jersey-server/1.19/jersey-server-1.19.jar:/home/runner/.m2/repository/javax/servlet/javax.servlet-api/3.1.0/javax.servlet-api-3.1.0.jar:/home/runner/.m2/repository/org/apache/hadoop/hadoop-common/3.3.6/hadoop-common-3.3.6.jar:/home/runner/.m2/repository/org/apache/commons/commons-math3/3.1.1/commons-math3-3.1.1.jar:/home/runner/.m2/repository/commons-net/commons-net/3.9.0/commons-net-3.9.0.jar:/home/runner/.m2/repository/com/sun/jersey/jersey-servlet/1.19/jersey-servlet-1.19.jar:/home/runner/.m2/repository/com/github/pjfanning/jersey-json/1.20/jersey-json-1.20.jar:/home/runner/.m2/repository/org/codehaus/jettison/jettison/1.1/jettison-1.1.jar:/home/runner/.m2/repository/com/sun/xml/bind/jaxb-impl/2.2.3-1/jaxb-impl-2.2.3-1.jar:/home/runner/.m2/repository/com/google/re2j/re2j/1.1/re2j-1.1.jar:/home/runner/.m2/repository/com/jcraft/jsch/0.1.54/jsch-0.1.54.jar:/home/runner/.m2/repository/org/apache/curator/curator-client/4.2.0/curator-client-4.2.0.jar:/home/runner/.m2/repository/org/apache/curator/curator-recipes/5.2.0/curator-recipes-5.2.0.jar:/home/runner/.m2/repository/org/apache/kerby/kerb-core/1.0.1/kerb-core-1.0.1.jar:/home/runner/.m2/repository/org/apache/kerby/kerby-pkix/1.0.1/kerby-pkix-1.0.1.jar:/home/runner/.m2/repository/org/apache/kerby/kerby-asn1/1.0.1/kerby-asn1-1.0.1.jar:/home/runner/.m2/repository/org/apache/kerby/kerby-util/1.0.1/kerby-util-1.0.1.jar:/home/runner/.m2/repository/dnsjava/dnsjava/2.1.7/dnsjava-2.1.7.jar:/home/runner/.m2/repository/org/xerial/snappy/snappy-java/1.1.8.2/snappy-java-1.1.8.2.jar:/home/runner/.m2/repository/com/fasterxml/jackson/core/jackson-databind/2.13.4.2/jackson-databind-2.13.4.2.jar:/home/runner/.m2/repository/org/apache/hadoop/hadoop-kms/3.3.6/hadoop-kms-3.3.6-tests.jar:/home/runner/.m2/repository/org/apache/ozone/hdds-server-scm/1.4.0-SNAPSHOT/hdds-server-scm-1.4.0-SNAPSHOT-tests.jar:/home/runner/.m2/repository/org/apache/ozone/hdds-container-service/1.4.0-SNAPSHOT/hdds-container-service-1.4.0-SNAPSHOT-tests.jar:/home/runner/.m2/repository/com/github/luben/zstd-jni/1.5.2-5/zstd-jni-1.5.2-5.jar:/home/runner/.m2/repository/commons-codec/commons-codec/1.15/commons-codec-1.15.jar:/home/runner/.m2/repository/io/netty/netty-codec/4.1.86.Final/netty-codec-4.1.86.Final.jar:/home/runner/.m2/repository/io/netty/netty-handler/4.1.86.Final/netty-handler-4.1.86.Final.jar:/home/runner/.m2/repository/org/apache/ozone/hdds-hadoop-dependency-test/1.4.0-SNAPSHOT/hdds-hadoop-dependency-test-1.4.0-SNAPSHOT.jar:/home/runner/.m2/repository/org/apache/hadoop/hadoop-common/3.3.6/hadoop-common-3.3.6-tests.jar:/home/runner/.m2/repository/org/apache/hadoop/hadoop-hdfs/3.3.6/hadoop-hdfs-3.3.6-tests.jar:/home/runner/.m2/repository/org/assertj/assertj-core/3.12.2/assertj-core-3.12.2.jar:/home/runner/.m2/repository/org/apache/hadoop/hadoop-distcp/3.3.6/hadoop-distcp-3.3.6.jar:/home/runner/.m2/repository/org/apache/hadoop/hadoop-mapreduce-client-jobclient/3.3.6/hadoop-mapreduce-client-jobclient-3.3.6.jar:/home/runner/.m2/repository/org/apache/hadoop/hadoop-mapreduce-client-common/3.3.6/hadoop-mapreduce-client-common-3.3.6.jar:/home/runner/.m2/repository/org/apache/hadoop/hadoop-yarn-common/3.3.6/hadoop-yarn-common-3.3.6.jar:/home/runner/.m2/repository/org/apache/hadoop/hadoop-yarn-api/3.3.6/hadoop-yarn-api-3.3.6.jar:/home/runner/.m2/repository/com/sun/jersey/contribs/jersey-guice/1.19/jersey-guice-1.19.jar:/home/runner/.m2/repository/com/fasterxml/jackson/jaxrs/jackson-jaxrs-json-provider/2.13.4/jackson-jaxrs-json-provider-2.13.4.jar:/home/runner/.m2/repository/com/fasterxml/jackson/jaxrs/jackson-jaxrs-base/2.13.4/jackson-jaxrs-base-2.13.4.jar:/home/runner/.m2/repository/org/apache/hadoop/hadoop-yarn-client/3.3.6/hadoop-yarn-client-3.3.6.jar:/home/runner/.m2/repository/org/eclipse/jetty/websocket/websocket-client/9.4.51.v20230217/websocket-client-9.4.51.v20230217.jar:/home/runner/.m2/repository/org/eclipse/jetty/websocket/websocket-common/9.4.51.v20230217/websocket-common-9.4.51.v20230217.jar:/home/runner/.m2/repository/org/eclipse/jetty/websocket/websocket-api/9.4.51.v20230217/websocket-api-9.4.51.v20230217.jar:/home/runner/.m2/repository/org/jline/jline/3.9.0/jline-3.9.0.jar:/home/runner/.m2/repository/org/apache/hadoop/hadoop-mapreduce-client-core/3.3.6/hadoop-mapreduce-client-core-3.3.6.jar:/home/runner/.m2/repository/org/apache/avro/avro/1.7.7/avro-1.7.7.jar:/home/runner/.m2/repository/com/thoughtworks/paranamer/paranamer/2.3/paranamer-2.3.jar:/home/runner/.m2/repository/org/apache/hadoop/hadoop-annotations/3.3.6/hadoop-annotations-3.3.6.jar:/usr/lib/jvm/temurin-8-jdk-amd64/jre/../lib/tools.jar:/home/runner/.m2/repository/io/netty/netty/3.10.6.Final/netty-3.10.6.Final.jar:/home/runner/.m2/repository/org/apache/hadoop/hadoop-distcp/3.3.6/hadoop-distcp-3.3.6-tests.jar:/home/runner/.m2/repository/org/slf4j/jul-to-slf4j/1.7.36/jul-to-slf4j-1.7.36.jar:"/>
    <property name="sun.cpu.endian" value="little"/>
    <property name="user.home" value="/home/runner"/>
    <property name="user.language" value="en"/>
    <property name="java.specification.vendor" value="Oracle Corporation"/>
    <property name="java.home" value="/usr/lib/jvm/temurin-8-jdk-amd64/jre"/>
    <property name="java.security.krb5.conf" value="/home/runner/work/ozone/ozone/hadoop-ozone/integration-test/target/test-classes/krb5.conf"/>
    <property name="basedir" value="/home/runner/work/ozone/ozone/hadoop-ozone/integration-test"/>
    <property name="file.separator" value="/"/>
    <property name="line.separator" value="&#10;"/>
    <property name="java.vm.specification.vendor" value="Oracle Corporation"/>
    <property name="java.specification.name" value="Java Platform API Specification"/>
    <property name="java.awt.graphicsenv" value="sun.awt.X11GraphicsEnvironment"/>
    <property name="skip.installnpx" value="true"/>
    <property name="surefire.real.class.path" value="/home/runner/work/ozone/ozone/hadoop-ozone/integration-test/target/surefire/surefirebooter241138525732486504.jar:/home/runner/.m2/repository/org/jacoco/org.jacoco.agent/0.8.5/org.jacoco.agent-0.8.5-runtime.jar"/>
    <property name="hadoop.log.dir" value="/home/runner/work/ozone/ozone/hadoop-ozone/integration-test/target/log"/>
    <property name="sun.boot.class.path" value="/usr/lib/jvm/temurin-8-jdk-amd64/jre/lib/resources.jar:/usr/lib/jvm/temurin-8-jdk-amd64/jre/lib/rt.jar:/usr/lib/jvm/temurin-8-jdk-amd64/jre/lib/sunrsasign.jar:/usr/lib/jvm/temurin-8-jdk-amd64/jre/lib/jsse.jar:/usr/lib/jvm/temurin-8-jdk-amd64/jre/lib/jce.jar:/usr/lib/jvm/temurin-8-jdk-amd64/jre/lib/charsets.jar:/usr/lib/jvm/temurin-8-jdk-amd64/jre/lib/jfr.jar:/usr/lib/jvm/temurin-8-jdk-amd64/jre/classes"/>
    <property name="sun.management.compiler" value="HotSpot 64-Bit Tiered Compilers"/>
    <property name="skip.npx" value="true"/>
    <property name="java.runtime.version" value="1.8.0_372-b07"/>
    <property name="java.net.preferIPv4Stack" value="true"/>
    <property name="user.name" value="runner"/>
    <property name="path.separator" value=":"/>
    <property name="java.security.egd" value="file:///dev/urandom"/>
    <property name="os.version" value="5.15.0-1040-azure"/>
    <property name="java.endorsed.dirs" value="/usr/lib/jvm/temurin-8-jdk-amd64/jre/lib/endorsed"/>
    <property name="java.runtime.name" value="OpenJDK Runtime Environment"/>
    <property name="file.encoding" value="UTF-8"/>
    <property name="java.vm.name" value="OpenJDK 64-Bit Server VM"/>
    <property name="test.build.webapps" value=""/>
    <property name="localRepository" value="/home/runner/.m2/repository"/>
    <property name="jetty.git.hash" value="b45c405e4544384de066f814ed42ae3dceacdd49"/>
    <property name="java.vendor.url.bug" value="https://github.com/adoptium/adoptium-support/issues"/>
    <property name="java.io.tmpdir" value="/tmp"/>
    <property name="require.test.libhadoop" value=""/>
    <property name="java.version" value="1.8.0_372"/>
    <property name="user.dir" value="/home/runner/work/ozone/ozone/hadoop-ozone/integration-test"/>
    <property name="os.arch" value="amd64"/>
    <property name="java.vm.specification.name" value="Java Virtual Machine Specification"/>
    <property name="test.build.classes" value="/home/runner/work/ozone/ozone/hadoop-ozone/integration-test/target/test-classes"/>
    <property name="java.awt.printerjob" value="sun.print.PSPrinterJob"/>
    <property name="sun.os.patch.level" value="unknown"/>
    <property name="org.apache.ratis.thirdparty.io.netty.allocator.useCacheForAllThreads" value="false"/>
    <property name="hadoop.tmp.dir" value="/home/runner/work/ozone/ozone/hadoop-ozone/integration-test/target/tmp"/>
    <property name="java.library.path" value="/usr/java/packages/lib/amd64:/usr/lib64:/lib64:/lib:/usr/lib"/>
    <property name="java.vm.info" value="mixed mode"/>
    <property name="java.vendor" value="Temurin"/>
    <property name="java.vm.version" value="25.372-b07"/>
    <property name="java.specification.maintenance.version" value="4"/>
    <property name="java.ext.dirs" value="/usr/lib/jvm/temurin-8-jdk-amd64/jre/lib/ext:/usr/java/packages/lib/ext"/>
    <property name="sun.io.unicode.encoding" value="UnicodeLittle"/>
    <property name="java.class.version" value="52.0"/>
  </properties>
  <testcase name="testOMHAMetrics" classname="org.apache.hadoop.ozone.om.TestOzoneManagerHAMetrics" time="7.582">
    <failure type="org.opentest4j.AssertionFailedError"><![CDATA[org.opentest4j.AssertionFailedError: expected: <0> but was: <1>
	at org.junit.jupiter.api.AssertionUtils.fail(AssertionUtils.java:55)
	at org.junit.jupiter.api.AssertionUtils.failNotEqual(AssertionUtils.java:62)
	at org.junit.jupiter.api.AssertEquals.assertEquals(AssertEquals.java:150)
	at org.junit.jupiter.api.AssertEquals.assertEquals(AssertEquals.java:145)
	at org.junit.jupiter.api.Assertions.assertEquals(Assertions.java:527)
	at org.apache.hadoop.ozone.om.TestOzoneManagerHAMetrics.testOMHAMetrics(TestOzoneManagerHAMetrics.java:67)
	at sun.reflect.NativeMethodAccessorImpl.invoke0(Native Method)
	at sun.reflect.NativeMethodAccessorImpl.invoke(NativeMethodAccessorImpl.java:62)
	at sun.reflect.DelegatingMethodAccessorImpl.invoke(DelegatingMethodAccessorImpl.java:43)
	at java.lang.reflect.Method.invoke(Method.java:498)
	at org.junit.platform.commons.util.ReflectionUtils.invokeMethod(ReflectionUtils.java:725)
	at org.junit.jupiter.engine.execution.MethodInvocation.proceed(MethodInvocation.java:60)
	at org.junit.jupiter.engine.execution.InvocationInterceptorChain$ValidatingInvocation.proceed(InvocationInterceptorChain.java:131)
	at org.junit.jupiter.engine.extension.TimeoutInvocation.proceed(TimeoutInvocation.java:46)
	at org.junit.jupiter.engine.extension.TimeoutExtension.intercept(TimeoutExtension.java:149)
	at org.junit.jupiter.engine.extension.TimeoutExtension.interceptTestableMethod(TimeoutExtension.java:140)
	at org.junit.jupiter.engine.extension.TimeoutExtension.interceptTestMethod(TimeoutExtension.java:84)
	at org.junit.jupiter.engine.execution.ExecutableInvoker$ReflectiveInterceptorCall.lambda$ofVoidMethod$0(ExecutableInvoker.java:115)
	at org.junit.jupiter.engine.execution.ExecutableInvoker.lambda$invoke$0(ExecutableInvoker.java:105)
	at org.junit.jupiter.engine.execution.InvocationInterceptorChain$InterceptedInvocation.proceed(InvocationInterceptorChain.java:106)
	at org.junit.jupiter.engine.execution.InvocationInterceptorChain.proceed(InvocationInterceptorChain.java:64)
	at org.junit.jupiter.engine.execution.InvocationInterceptorChain.chainAndInvoke(InvocationInterceptorChain.java:45)
	at org.junit.jupiter.engine.execution.InvocationInterceptorChain.invoke(InvocationInterceptorChain.java:37)
	at org.junit.jupiter.engine.execution.ExecutableInvoker.invoke(ExecutableInvoker.java:104)
	at org.junit.jupiter.engine.execution.ExecutableInvoker.invoke(ExecutableInvoker.java:98)
	at org.junit.jupiter.engine.descriptor.TestMethodTestDescriptor.lambda$invokeTestMethod$7(TestMethodTestDescriptor.java:214)
	at org.junit.platform.engine.support.hierarchical.ThrowableCollector.execute(ThrowableCollector.java:73)
	at org.junit.jupiter.engine.descriptor.TestMethodTestDescriptor.invokeTestMethod(TestMethodTestDescriptor.java:210)
	at org.junit.jupiter.engine.descriptor.TestMethodTestDescriptor.execute(TestMethodTestDescriptor.java:135)
	at org.junit.jupiter.engine.descriptor.TestMethodTestDescriptor.execute(TestMethodTestDescriptor.java:66)
	at org.junit.platform.engine.support.hierarchical.NodeTestTask.lambda$executeRecursively$6(NodeTestTask.java:151)
	at org.junit.platform.engine.support.hierarchical.ThrowableCollector.execute(ThrowableCollector.java:73)
	at org.junit.platform.engine.support.hierarchical.NodeTestTask.lambda$executeRecursively$8(NodeTestTask.java:141)
	at org.junit.platform.engine.support.hierarchical.Node.around(Node.java:137)
	at org.junit.platform.engine.support.hierarchical.NodeTestTask.lambda$executeRecursively$9(NodeTestTask.java:139)
	at org.junit.platform.engine.support.hierarchical.ThrowableCollector.execute(ThrowableCollector.java:73)
	at org.junit.platform.engine.support.hierarchical.NodeTestTask.executeRecursively(NodeTestTask.java:138)
	at org.junit.platform.engine.support.hierarchical.NodeTestTask.execute(NodeTestTask.java:95)
	at java.util.ArrayList.forEach(ArrayList.java:1259)
	at org.junit.platform.engine.support.hierarchical.SameThreadHierarchicalTestExecutorService.invokeAll(SameThreadHierarchicalTestExecutorService.java:41)
	at org.junit.platform.engine.support.hierarchical.NodeTestTask.lambda$executeRecursively$6(NodeTestTask.java:155)
	at org.junit.platform.engine.support.hierarchical.ThrowableCollector.execute(ThrowableCollector.java:73)
	at org.junit.platform.engine.support.hierarchical.NodeTestTask.lambda$executeRecursively$8(NodeTestTask.java:141)
	at org.junit.platform.engine.support.hierarchical.Node.around(Node.java:137)
	at org.junit.platform.engine.support.hierarchical.NodeTestTask.lambda$executeRecursively$9(NodeTestTask.java:139)
	at org.junit.platform.engine.support.hierarchical.ThrowableCollector.execute(ThrowableCollector.java:73)
	at org.junit.platform.engine.support.hierarchical.NodeTestTask.executeRecursively(NodeTestTask.java:138)
	at org.junit.platform.engine.support.hierarchical.NodeTestTask.execute(NodeTestTask.java:95)
	at java.util.ArrayList.forEach(ArrayList.java:1259)
	at org.junit.platform.engine.support.hierarchical.SameThreadHierarchicalTestExecutorService.invokeAll(SameThreadHierarchicalTestExecutorService.java:41)
	at org.junit.platform.engine.support.hierarchical.NodeTestTask.lambda$executeRecursively$6(NodeTestTask.java:155)
	at org.junit.platform.engine.support.hierarchical.ThrowableCollector.execute(ThrowableCollector.java:73)
	at org.junit.platform.engine.support.hierarchical.NodeTestTask.lambda$executeRecursively$8(NodeTestTask.java:141)
	at org.junit.platform.engine.support.hierarchical.Node.around(Node.java:137)
	at org.junit.platform.engine.support.hierarchical.NodeTestTask.lambda$executeRecursively$9(NodeTestTask.java:139)
	at org.junit.platform.engine.support.hierarchical.ThrowableCollector.execute(ThrowableCollector.java:73)
	at org.junit.platform.engine.support.hierarchical.NodeTestTask.executeRecursively(NodeTestTask.java:138)
	at org.junit.platform.engine.support.hierarchical.NodeTestTask.execute(NodeTestTask.java:95)
	at org.junit.platform.engine.support.hierarchical.SameThreadHierarchicalTestExecutorService.submit(SameThreadHierarchicalTestExecutorService.java:35)
	at org.junit.platform.engine.support.hierarchical.HierarchicalTestExecutor.execute(HierarchicalTestExecutor.java:57)
	at org.junit.platform.engine.support.hierarchical.HierarchicalTestEngine.execute(HierarchicalTestEngine.java:54)
	at org.junit.platform.launcher.core.EngineExecutionOrchestrator.execute(EngineExecutionOrchestrator.java:107)
	at org.junit.platform.launcher.core.EngineExecutionOrchestrator.execute(EngineExecutionOrchestrator.java:88)
	at org.junit.platform.launcher.core.EngineExecutionOrchestrator.lambda$execute$0(EngineExecutionOrchestrator.java:54)
	at org.junit.platform.launcher.core.EngineExecutionOrchestrator.withInterceptedStreams(EngineExecutionOrchestrator.java:67)
	at org.junit.platform.launcher.core.EngineExecutionOrchestrator.execute(EngineExecutionOrchestrator.java:52)
	at org.junit.platform.launcher.core.DefaultLauncher.execute(DefaultLauncher.java:114)
	at org.junit.platform.launcher.core.DefaultLauncher.execute(DefaultLauncher.java:86)
	at org.junit.platform.launcher.core.DefaultLauncherSession$DelegatingLauncher.execute(DefaultLauncherSession.java:86)
	at org.junit.platform.launcher.core.SessionPerRequestLauncher.execute(SessionPerRequestLauncher.java:53)
	at org.apache.maven.surefire.junitplatform.JUnitPlatformProvider.execute(JUnitPlatformProvider.java:188)
	at org.apache.maven.surefire.junitplatform.JUnitPlatformProvider.invokeAllTests(JUnitPlatformProvider.java:154)
	at org.apache.maven.surefire.junitplatform.JUnitPlatformProvider.invoke(JUnitPlatformProvider.java:124)
	at org.apache.maven.surefire.booter.ForkedBooter.runSuitesInProcess(ForkedBooter.java:428)
	at org.apache.maven.surefire.booter.ForkedBooter.execute(ForkedBooter.java:162)
	at org.apache.maven.surefire.booter.ForkedBooter.run(ForkedBooter.java:562)
	at org.apache.maven.surefire.booter.ForkedBooter.main(ForkedBooter.java:548)
]]></failure>
    <system-out><![CDATA[2023-06-27 17:01:50,606 [main] WARN  server.ServerUtils (ServerUtils.java:getScmDbDir(155)) - ozone.scm.db.dirs is not configured. We recommend adding this setting. Falling back to ozone.metadata.dirs instead.
2023-06-27 17:01:50,788 [main] INFO  reflections.Reflections (Reflections.java:scan(232)) - Reflections took 125 ms to scan 7 urls, producing 159 keys and 372 values 
2023-06-27 17:01:50,912 [main] WARN  server.ServerUtils (ServerUtils.java:getScmDbDir(155)) - ozone.scm.db.dirs is not configured. We recommend adding this setting. Falling back to ozone.metadata.dirs instead.
2023-06-27 17:01:50,915 [main] INFO  ha.SCMHANodeDetails (SCMHANodeDetails.java:loadSCMHAConfig(210)) - ServiceID for StorageContainerManager is null
2023-06-27 17:01:50,922 [main] WARN  ha.SCMHANodeDetails (SCMHANodeDetails.java:validateSCMHAConfig(183)) - Invalid config ozone.scm.ratis.enable. The config was not specified, but the default value true conflicts with the expected config value false. Falling back to the expected value. Current State of SCM: SCM is running in Non-HA without Ratis Ratis SCM -> Non Ratis SCM or Non HA SCM -> HA SCM is not supported
2023-06-27 17:01:50,922 [main] INFO  ha.SCMHANodeDetails (SCMHANodeDetails.java:loadSCMHAConfig(215)) - ozone.scm.default.service.id is not defined, falling back to ozone.scm.service.ids to find serviceID for StorageContainerManager if it is HA enabled cluster
2023-06-27 17:01:51,540 [main] WARN  utils.HAUtils (HAUtils.java:getMetaDir(339)) - ozone.scm.db.dirs is not configured. We recommend adding this setting. Falling back to ozone.metadata.dirs instead.
2023-06-27 17:01:51,685 [main] WARN  db.DBStoreBuilder (DBStoreBuilder.java:applyDBDefinition(166)) - ozone.scm.db.dirs is not configured. We recommend adding this setting. Falling back to ozone.metadata.dirs instead.
2023-06-27 17:01:51,929 [main] INFO  net.NodeSchemaLoader (NodeSchemaLoader.java:loadSchemaFromFile(129)) - Loading schema from [jar:file:/home/runner/.m2/repository/org/apache/ozone/hdds-common/1.4.0-SNAPSHOT/hdds-common-1.4.0-SNAPSHOT.jar!/network-topology-default.xml]
2023-06-27 17:01:51,931 [main] INFO  net.NodeSchemaLoader (NodeSchemaLoader.java:loadSchema(176)) - Loading network topology layer schema file
2023-06-27 17:01:51,981 [main] INFO  metrics.MetricRegistries (MetricRegistriesLoader.java:load(64)) - Loaded MetricRegistries class org.apache.ratis.metrics.impl.MetricRegistriesImpl
2023-06-27 17:01:51,996 [main] INFO  upgrade.AbstractLayoutVersionManager (AbstractLayoutVersionManager.java:init(83)) - Initializing Layout version manager with metadata layout = HADOOP_PRC_PORTS_IN_DATANODEDETAILS (version = 7), software layout = HADOOP_PRC_PORTS_IN_DATANODEDETAILS (version = 7)
2023-06-27 17:01:52,201 [main] INFO  ha.SequenceIdGenerator (SequenceIdGenerator.java:upgradeToSequenceId(349)) - upgrade localId to 111677748019200000
2023-06-27 17:01:52,204 [main] INFO  ha.SequenceIdGenerator (SequenceIdGenerator.java:upgradeToSequenceId(359)) - upgrade delTxnId to 0
2023-06-27 17:01:52,228 [main] INFO  ha.SequenceIdGenerator (SequenceIdGenerator.java:upgradeToSequenceId(376)) - upgrade containerId to 0
2023-06-27 17:01:52,230 [main] INFO  ha.SequenceIdGenerator (SequenceIdGenerator.java:<init>(220)) - Init the HA SequenceIdGenerator.
2023-06-27 17:01:52,291 [main] WARN  server.ServerUtils (ServerUtils.java:sanitizeUserArgs(80)) - ozone.scm.stale.node.interval value = 300000 is larger than max = 100000 based on the key value of ozone.scm.heartbeat.thread.interval, reset to the max value 100000.
2023-06-27 17:01:52,292 [main] WARN  server.ServerUtils (ServerUtils.java:sanitizeUserArgs(80)) - ozone.scm.stale.node.interval value = 300000 is larger than max = 100000 based on the key value of ozone.scm.heartbeat.thread.interval, reset to the max value 100000.
2023-06-27 17:01:52,298 [main] INFO  node.SCMNodeManager (SCMNodeManager.java:<init>(157)) - Entering startup safe mode.
2023-06-27 17:01:52,317 [main] INFO  algorithms.ContainerPlacementPolicyFactory (ContainerPlacementPolicyFactory.java:getPolicyInternal(86)) - Create container placement policy of type org.apache.hadoop.hdds.scm.container.placement.algorithms.SCMContainerPlacementRackAware
2023-06-27 17:01:52,321 [main] INFO  algorithms.ContainerPlacementPolicyFactory (ContainerPlacementPolicyFactory.java:getPolicyInternal(86)) - Create container placement policy of type org.apache.hadoop.hdds.scm.container.placement.algorithms.SCMContainerPlacementRackScatter
2023-06-27 17:01:52,330 [main] INFO  pipeline.PipelineStateManagerImpl (PipelineStateManagerImpl.java:initialize(78)) - No pipeline exists in current db
2023-06-27 17:01:52,345 [main] INFO  algorithms.LeaderChoosePolicyFactory (LeaderChoosePolicyFactory.java:getPolicy(57)) - Create leader choose policy of type org.apache.hadoop.hdds.scm.pipeline.leader.choose.algorithms.MinLeaderCountChoosePolicy
2023-06-27 17:01:52,346 [main] INFO  algorithms.ContainerPlacementPolicyFactory (ContainerPlacementPolicyFactory.java:getPolicyInternal(86)) - Create container placement policy of type org.apache.hadoop.hdds.scm.container.placement.algorithms.SCMContainerPlacementRackScatter
2023-06-27 17:01:52,354 [main] INFO  ha.SCMServiceManager (SCMServiceManager.java:register(42)) - Registering service BackgroundPipelineCreator.
2023-06-27 17:01:52,354 [main] INFO  pipeline.BackgroundPipelineCreator (BackgroundPipelineCreator.java:start(124)) - Starting RatisPipelineUtilsThread.
2023-06-27 17:01:52,357 [main] INFO  BackgroundPipelineScrubber (BackgroundSCMService.java:start(68)) - Starting BackgroundPipelineScrubber Service.
2023-06-27 17:01:52,361 [main] INFO  ha.SCMServiceManager (SCMServiceManager.java:register(42)) - Registering service BackgroundPipelineScrubber.
2023-06-27 17:01:52,367 [main] INFO  ExpiredContainerReplicaOpScrubber (BackgroundSCMService.java:start(68)) - Starting ExpiredContainerReplicaOpScrubber Service.
2023-06-27 17:01:52,367 [main] INFO  ha.SCMServiceManager (SCMServiceManager.java:register(42)) - Registering service ExpiredContainerReplicaOpScrubber.
2023-06-27 17:01:52,389 [main] INFO  algorithms.PipelineChoosePolicyFactory (PipelineChoosePolicyFactory.java:createPipelineChoosePolicyFromClass(78)) - Create pipeline choose policy of type org.apache.hadoop.hdds.scm.pipeline.choose.algorithms.RandomPipelineChoosePolicy
2023-06-27 17:01:52,389 [main] INFO  algorithms.PipelineChoosePolicyFactory (PipelineChoosePolicyFactory.java:createPipelineChoosePolicyFromClass(78)) - Create pipeline choose policy of type org.apache.hadoop.hdds.scm.pipeline.choose.algorithms.RandomPipelineChoosePolicy
2023-06-27 17:01:52,408 [main] INFO  ha.SCMServiceManager (SCMServiceManager.java:register(42)) - Registering service SCMBlockDeletingService.
2023-06-27 17:01:52,462 [main] INFO  replication.ReplicationManager (ReplicationManager.java:start(286)) - Starting Replication Monitor Thread.
2023-06-27 17:01:52,470 [ReplicationMonitor] INFO  replication.ReplicationManager (ReplicationManager.java:processAll(361)) - Replication Manager is not ready to run until 3000ms after safemode exit
2023-06-27 17:01:52,470 [main] INFO  ha.SCMServiceManager (SCMServiceManager.java:register(42)) - Registering service ReplicationManager.
2023-06-27 17:01:52,483 [main] INFO  safemode.ContainerSafeModeRule (ContainerSafeModeRule.java:<init>(89)) - containers with one replica threshold count 0
2023-06-27 17:01:52,487 [main] INFO  safemode.HealthyPipelineSafeModeRule (HealthyPipelineSafeModeRule.java:initializeRule(169)) - Total pipeline count is 0, healthy pipeline threshold count is 1
2023-06-27 17:01:52,489 [main] INFO  safemode.OneReplicaPipelineSafeModeRule (OneReplicaPipelineSafeModeRule.java:initializeRule(180)) - Total pipeline count is 0, pipeline's with at least one datanode reported threshold count is 0
2023-06-27 17:01:52,534 [main] INFO  server.StorageContainerManager (StorageContainerManager.java:<init>(424)) - SCM start with adminUsers: [*, runner]
2023-06-27 17:01:52,886 [main] INFO  audit.AuditLogger (AuditLogger.java:refreshDebugCmdSet(126)) - Refresh DebugCmdSet for SCMAudit to [].
2023-06-27 17:01:52,920 [main] INFO  ipc.CallQueueManager (CallQueueManager.java:<init>(90)) - Using callQueue: class java.util.concurrent.LinkedBlockingQueue, queueCapacity: 2000, scheduler: class org.apache.hadoop.ipc.DefaultRpcScheduler, ipcBackoff: false.
2023-06-27 17:01:52,954 [main] INFO  ipc.Server (Server.java:<init>(1287)) - Listener at 0.0.0.0:15002
2023-06-27 17:01:52,958 [Socket Reader #1 for port 15002] INFO  ipc.Server (Server.java:run(1323)) - Starting Socket Reader #1 for port 15002
2023-06-27 17:01:53,023 [main] INFO  audit.AuditLogger (AuditLogger.java:refreshDebugCmdSet(126)) - Refresh DebugCmdSet for SCMAudit to [].
2023-06-27 17:01:53,029 [main] INFO  ipc.CallQueueManager (CallQueueManager.java:<init>(90)) - Using callQueue: class java.util.concurrent.LinkedBlockingQueue, queueCapacity: 2000, scheduler: class org.apache.hadoop.ipc.DefaultRpcScheduler, ipcBackoff: false.
2023-06-27 17:01:53,030 [main] INFO  ipc.Server (Server.java:<init>(1287)) - Listener at 0.0.0.0:15001
2023-06-27 17:01:53,030 [Socket Reader #1 for port 15001] INFO  ipc.Server (Server.java:run(1323)) - Starting Socket Reader #1 for port 15001
2023-06-27 17:01:53,067 [main] INFO  audit.AuditLogger (AuditLogger.java:refreshDebugCmdSet(126)) - Refresh DebugCmdSet for SCMAudit to [].
2023-06-27 17:01:53,091 [main] INFO  ipc.CallQueueManager (CallQueueManager.java:<init>(90)) - Using callQueue: class java.util.concurrent.LinkedBlockingQueue, queueCapacity: 2000, scheduler: class org.apache.hadoop.ipc.DefaultRpcScheduler, ipcBackoff: false.
2023-06-27 17:01:53,091 [main] INFO  ipc.Server (Server.java:<init>(1287)) - Listener at 0.0.0.0:15000
2023-06-27 17:01:53,094 [Socket Reader #1 for port 15000] INFO  ipc.Server (Server.java:run(1323)) - Starting Socket Reader #1 for port 15000
2023-06-27 17:01:53,146 [main] INFO  ha.SCMServiceManager (SCMServiceManager.java:register(42)) - Registering service ContainerBalancer.
2023-06-27 17:01:53,147 [main] INFO  server.StorageContainerManager (StorageContainerManager.java:<init>(437)) - 
Container Balancer status:
Key                            Value
Running                        false
Container Balancer Configuration values:
Key                                                Value
Threshold                                          10
Max Datanodes to Involve per Iteration(percent)    20
Max Size to Move per Iteration                     500GB
Max Size Entering Target per Iteration             26GB
Max Size Leaving Source per Iteration              26GB

2023-06-27 17:01:53,152 [main] INFO  ha.SCMContext (SCMContext.java:updateSafeModeStatus(228)) - Update SafeModeStatus from SafeModeStatus{safeModeStatus=true, preCheckPassed=false} to SafeModeStatus{safeModeStatus=true, preCheckPassed=false}.
2023-06-27 17:01:53,155 [main] INFO  server.StorageContainerManager (StorageContainerManager.java:start(1495)) - StorageContainerLocationProtocol RPC server is listening at /0.0.0.0:15000
2023-06-27 17:01:53,226 [main] WARN  impl.MetricsConfig (MetricsConfig.java:loadFirst(136)) - Cannot locate configuration: tried hadoop-metrics2-storagecontainermanager.properties,hadoop-metrics2.properties
2023-06-27 17:01:53,240 [main] INFO  impl.MetricsSystemImpl (MetricsSystemImpl.java:startTimer(378)) - Scheduled Metric snapshot period at 10 second(s).
2023-06-27 17:01:53,240 [main] INFO  impl.MetricsSystemImpl (MetricsSystemImpl.java:start(191)) - StorageContainerManager metrics system started
2023-06-27 17:01:53,494 [main] INFO  server.SCMClientProtocolServer (SCMClientProtocolServer.java:start(201)) - RPC server for Client  is listening at /0.0.0.0:15000
2023-06-27 17:01:53,494 [IPC Server Responder] INFO  ipc.Server (Server.java:run(1562)) - IPC Server Responder: starting
2023-06-27 17:01:53,496 [IPC Server listener on 15000] INFO  ipc.Server (Server.java:run(1402)) - IPC Server listener on 15000: starting
2023-06-27 17:01:53,509 [main] INFO  server.StorageContainerManager (StorageContainerManager.java:start(1508)) - ScmBlockLocationProtocol RPC server is listening at /0.0.0.0:15001
2023-06-27 17:01:53,510 [main] INFO  server.SCMBlockProtocolServer (SCMBlockProtocolServer.java:start(152)) - RPC server for Block Protocol is listening at /0.0.0.0:15001
2023-06-27 17:01:53,511 [IPC Server Responder] INFO  ipc.Server (Server.java:run(1562)) - IPC Server Responder: starting
2023-06-27 17:01:53,519 [IPC Server listener on 15001] INFO  ipc.Server (Server.java:run(1402)) - IPC Server listener on 15001: starting
2023-06-27 17:01:53,535 [main] INFO  server.SCMDatanodeProtocolServer (SCMDatanodeProtocolServer.java:start(193)) - ScmDatanodeProtocol RPC server for DataNodes is listening at /0.0.0.0:15002
2023-06-27 17:01:53,537 [IPC Server listener on 15002] INFO  ipc.Server (Server.java:run(1402)) - IPC Server listener on 15002: starting
2023-06-27 17:01:53,537 [IPC Server Responder] INFO  ipc.Server (Server.java:run(1562)) - IPC Server Responder: starting
2023-06-27 17:01:53,557 [JvmPauseMonitor0] INFO  util.JvmPauseMonitor (JvmPauseMonitor.java:run(103)) - JvmPauseMonitor-2e5d3d76-d475-46a1-8181-5e18c736dd9c: Started
2023-06-27 17:01:53,565 [main] INFO  http.BaseHttpServer (BaseHttpServer.java:newHttpServer2BuilderForOzone(224)) - Starting Web-server for scm at: http://0.0.0.0:15003
2023-06-27 17:01:53,565 [main] INFO  http.BaseHttpServer (BaseHttpServer.java:<init>(111)) - Hadoop Security Enabled: false Ozone Security Enabled: false Ozone HTTP Security Enabled: false 
2023-06-27 17:01:53,589 [main] INFO  util.log (Log.java:initialized(170)) - Logging initialized @4317ms to org.eclipse.jetty.util.log.Slf4jLog
2023-06-27 17:01:53,681 [main] WARN  server.AuthenticationFilter (AuthenticationFilter.java:constructSecretProvider(240)) - Unable to initialize FileSignerSecretProvider, falling back to use random secrets. Reason: Could not read signature secret file: /home/runner/hadoop-http-auth-signature-secret
2023-06-27 17:01:53,687 [main] INFO  http.HttpRequestLog (HttpRequestLog.java:getRequestLog(86)) - Http request log for http.requests.scm is not defined
2023-06-27 17:01:53,693 [main] INFO  http.HttpServer2 (HttpServer2.java:addGlobalFilter(1031)) - Added global filter 'safety' (class=org.apache.hadoop.hdds.server.http.HttpServer2$QuotingInputFilter)
2023-06-27 17:01:53,695 [main] INFO  http.HttpServer2 (HttpServer2.java:addFilter(1007)) - Added filter static_user_filter (class=org.apache.hadoop.http.lib.StaticUserWebFilter$StaticUserFilter) to context scm
2023-06-27 17:01:53,695 [main] INFO  http.HttpServer2 (HttpServer2.java:addFilter(1015)) - Added filter static_user_filter (class=org.apache.hadoop.http.lib.StaticUserWebFilter$StaticUserFilter) to context logs
2023-06-27 17:01:53,695 [main] INFO  http.HttpServer2 (HttpServer2.java:addFilter(1015)) - Added filter static_user_filter (class=org.apache.hadoop.http.lib.StaticUserWebFilter$StaticUserFilter) to context static
2023-06-27 17:01:53,730 [main] INFO  http.BaseHttpServer (BaseHttpServer.java:<init>(190)) - HTTP server of scm uses base directory /home/runner/work/ozone/ozone/hadoop-ozone/integration-test/target/test-dir/MiniOzoneClusterImpl-4d774b9f-68c7-4e3d-9dd4-f167b54dbd62/ozone-meta/webserver
2023-06-27 17:01:53,731 [main] INFO  http.HttpServer2 (HttpServer2.java:bindListener(1250)) - Jetty bound to port 15003
2023-06-27 17:01:53,732 [main] INFO  server.Server (Server.java:doStart(375)) - jetty-9.4.51.v20230217; built: 2023-02-17T08:19:37.309Z; git: b45c405e4544384de066f814ed42ae3dceacdd49; jvm 1.8.0_372-b07
2023-06-27 17:01:53,758 [main] INFO  server.session (DefaultSessionIdManager.java:doStart(334)) - DefaultSessionIdManager workerName=node0
2023-06-27 17:01:53,759 [main] INFO  server.session (DefaultSessionIdManager.java:doStart(339)) - No SessionScavenger set, using defaults
2023-06-27 17:01:53,760 [main] INFO  server.session (HouseKeeper.java:startScavenging(132)) - node0 Scavenging every 600000ms
2023-06-27 17:01:53,771 [main] INFO  handler.ContextHandler (ContextHandler.java:doStart(921)) - Started o.e.j.s.ServletContextHandler@2b27d5d3{logs,/logs,file:///home/runner/work/ozone/ozone/hadoop-ozone/integration-test/target/log,AVAILABLE}
2023-06-27 17:01:53,772 [main] INFO  handler.ContextHandler (ContextHandler.java:doStart(921)) - Started o.e.j.s.ServletContextHandler@1cecd0a9{static,/static,file:///home/runner/work/ozone/ozone/hadoop-ozone/integration-test/target/test-classes/webapps/static,AVAILABLE}
2023-06-27 17:01:53,810 [main] INFO  handler.ContextHandler (ContextHandler.java:doStart(921)) - Started o.e.j.w.WebAppContext@6a77953c{scm,/,file:///home/runner/work/ozone/ozone/hadoop-ozone/integration-test/target/test-classes/webapps/scm/,AVAILABLE}{file:/home/runner/work/ozone/ozone/hadoop-ozone/integration-test/target/test-classes/webapps/scm}
2023-06-27 17:01:53,819 [main] INFO  server.AbstractConnector (AbstractConnector.java:doStart(333)) - Started ServerConnector@4690a37e{HTTP/1.1, (http/1.1)}{0.0.0.0:15003}
2023-06-27 17:01:53,819 [main] INFO  server.Server (Server.java:doStart(415)) - Started @4547ms
2023-06-27 17:01:53,825 [main] INFO  impl.MetricsSinkAdapter (MetricsSinkAdapter.java:start(204)) - Sink prometheus started
2023-06-27 17:01:53,825 [main] INFO  impl.MetricsSystemImpl (MetricsSystemImpl.java:registerSink(305)) - Registered sink prometheus
2023-06-27 17:01:53,826 [main] INFO  http.BaseHttpServer (BaseHttpServer.java:updateConnectorAddress(344)) - HTTP server of scm listening at http://0.0.0.0:15003
2023-06-27 17:01:53,890 [main] INFO  audit.AuditLogger (AuditLogger.java:refreshDebugCmdSet(126)) - Refresh DebugCmdSet for OMAudit to [].
2023-06-27 17:01:53,964 [main] INFO  ha.OMHANodeDetails (OMHANodeDetails.java:loadOMHAConfig(121)) - ServiceID for OzoneManager is om-service-test1
2023-06-27 17:01:53,971 [main] INFO  ha.OMHANodeDetails (OMHANodeDetails.java:loadOMHAConfig(201)) - Found matching OM address with OMServiceId: om-service-test1, OMNodeId: omNode-1, RPC Address: localhost:15004 and Ratis port: 15007
2023-06-27 17:01:53,971 [main] INFO  ha.OMHANodeDetails (ConfUtils.java:setNodeSpecificConfigs(97)) - Setting configuration key ozone.om.http-address with value of key ozone.om.http-address.om-service-test1.omNode-1: 127.0.0.1:15005
2023-06-27 17:01:53,971 [main] INFO  ha.OMHANodeDetails (ConfUtils.java:setNodeSpecificConfigs(97)) - Setting configuration key ozone.om.https-address with value of key ozone.om.https-address.om-service-test1.omNode-1: 127.0.0.1:15006
2023-06-27 17:01:53,971 [main] INFO  ha.OMHANodeDetails (ConfUtils.java:setNodeSpecificConfigs(97)) - Setting configuration key ozone.om.address with value of key ozone.om.address.om-service-test1.omNode-1: 127.0.0.1:15004
2023-06-27 17:01:53,972 [main] WARN  server.ServerUtils (ServerUtils.java:getDBPath(311)) - ozone.om.db.dirs is not configured. We recommend adding this setting. Falling back to ozone.metadata.dirs instead.
2023-06-27 17:01:53,982 [main] INFO  proxy.SCMBlockLocationFailoverProxyProvider (SCMBlockLocationFailoverProxyProvider.java:<init>(114)) - Created block location fail-over proxy with 1 nodes: [nodeId=scmNodeId,nodeAddress=/0.0.0.0:15001]
OM initialization succeeded.Current cluster id for sd=/home/runner/work/ozone/ozone/hadoop-ozone/integration-test/target/test-dir/MiniOzoneClusterImpl-4d774b9f-68c7-4e3d-9dd4-f167b54dbd62/omNode-1/om;cid=4d774b9f-68c7-4e3d-9dd4-f167b54dbd62;layoutVersion=6
2023-06-27 17:01:54,226 [main] INFO  ha.OMHANodeDetails (OMHANodeDetails.java:loadOMHAConfig(121)) - ServiceID for OzoneManager is om-service-test1
2023-06-27 17:01:54,227 [main] INFO  ha.OMHANodeDetails (OMHANodeDetails.java:loadOMHAConfig(201)) - Found matching OM address with OMServiceId: om-service-test1, OMNodeId: omNode-1, RPC Address: localhost:15004 and Ratis port: 15007
2023-06-27 17:01:54,227 [main] INFO  ha.OMHANodeDetails (ConfUtils.java:setNodeSpecificConfigs(97)) - Setting configuration key ozone.om.http-address with value of key ozone.om.http-address.om-service-test1.omNode-1: 127.0.0.1:15005
2023-06-27 17:01:54,227 [main] INFO  ha.OMHANodeDetails (ConfUtils.java:setNodeSpecificConfigs(97)) - Setting configuration key ozone.om.https-address with value of key ozone.om.https-address.om-service-test1.omNode-1: 127.0.0.1:15006
2023-06-27 17:01:54,227 [main] INFO  ha.OMHANodeDetails (ConfUtils.java:setNodeSpecificConfigs(97)) - Setting configuration key ozone.om.address with value of key ozone.om.address.om-service-test1.omNode-1: 127.0.0.1:15004
2023-06-27 17:01:54,228 [main] WARN  server.ServerUtils (ServerUtils.java:getDBPath(311)) - ozone.om.db.dirs is not configured. We recommend adding this setting. Falling back to ozone.metadata.dirs instead.
2023-06-27 17:01:54,232 [main] INFO  upgrade.AbstractLayoutVersionManager (AbstractLayoutVersionManager.java:init(83)) - Initializing Layout version manager with metadata layout = QUOTA (version = 6), software layout = QUOTA (version = 6)
2023-06-27 17:01:54,344 [main] INFO  reflections.Reflections (Reflections.java:scan(232)) - Reflections took 106 ms to scan 2 urls, producing 184 keys and 505 values [using 2 cores]
2023-06-27 17:01:54,352 [main] INFO  upgrade.OMLayoutVersionManager (OMLayoutVersionManager.java:lambda$0(115)) - Skipping Upgrade Action MockOmUpgradeAction since it has been finalized.
2023-06-27 17:01:54,352 [main] INFO  upgrade.OMLayoutVersionManager (OMLayoutVersionManager.java:lambda$0(115)) - Skipping Upgrade Action QuotaRepairUpgradeAction since it has been finalized.
2023-06-27 17:01:54,355 [main] WARN  server.ServerUtils (ServerUtils.java:getDBPath(311)) - ozone.om.db.dirs is not configured. We recommend adding this setting. Falling back to ozone.metadata.dirs instead.
2023-06-27 17:01:54,510 [main] INFO  proxy.SCMBlockLocationFailoverProxyProvider (SCMBlockLocationFailoverProxyProvider.java:<init>(114)) - Created block location fail-over proxy with 1 nodes: [nodeId=scmNodeId,nodeAddress=/0.0.0.0:15001]
2023-06-27 17:01:54,525 [main] INFO  proxy.SCMBlockLocationFailoverProxyProvider (SCMBlockLocationFailoverProxyProvider.java:<init>(114)) - Created block location fail-over proxy with 1 nodes: [nodeId=scmNodeId,nodeAddress=/0.0.0.0:15001]
2023-06-27 17:01:54,567 [main] INFO  om.OzoneManager (OzoneManager.java:<init>(654)) - OM start with adminUsers: [*, runner]
2023-06-27 17:01:54,602 [main] WARN  server.ServerUtils (ServerUtils.java:getDBPath(311)) - ozone.om.db.dirs is not configured. We recommend adding this setting. Falling back to ozone.metadata.dirs instead.
2023-06-27 17:01:54,630 [main] INFO  helpers.OmKeyInfo (OmKeyInfo.java:getCodec(71)) - OmKeyInfo.getCodec ignorePipeline = true
2023-06-27 17:01:54,914 [main] INFO  om.OzoneManager (OzoneManager.java:instantiateServices(783)) - S3 Multi-Tenancy is disabled
2023-06-27 17:01:54,947 [main] INFO  om.OmSnapshotManager (OmSnapshotManager.java:<init>(179)) - Ozone filesystem snapshot feature is enabled.
2023-06-27 17:01:54,956 [main] WARN  server.ServerUtils (ServerUtils.java:getDBPath(311)) - ozone.om.snapshot.diff.db.dir is not configured. We recommend adding this setting. Falling back to ozone.metadata.dirs instead.
2023-06-27 17:01:54,997 [main] INFO  utils.NativeLibraryLoader (NativeLibraryLoader.java:loadLibrary(105)) - Loading Library: ozone_rocksdb_tools
2023-06-27 17:01:54,998 [main] INFO  snapshot.SnapshotDiffManager (SnapshotDiffManager.java:closeExecutorService(1630)) - Shutting down executorService: 'SstDumpToolExecutor'
2023-06-27 17:01:55,079 [main] INFO  om.OzoneManager (OzoneManager.java:addS3GVolumeToDB(4258)) - Created Volume s3v With Owner runner required for S3Gateway operations.
2023-06-27 17:01:55,140 [main] WARN  server.ServerUtils (ServerUtils.java:getDefaultRatisDirectory(323)) - Storage directory for Ratis is not configured. It is a good idea to map this to an SSD disk. Falling back to ozone.metadata.dirs
2023-06-27 17:01:55,141 [main] WARN  utils.OzoneManagerRatisUtils (OzoneManagerRatisUtils.java:getOMRatisSnapshotDirectory(461)) - ozone.om.ratis.snapshot.dir is not configured. Falling back to ozone.metadata.dirs config
2023-06-27 17:01:55,148 [main] INFO  utils.RDBSnapshotProvider (RDBSnapshotProvider.java:init(86)) - Cleaning up the candidate dir: /home/runner/work/ozone/ozone/hadoop-ozone/integration-test/target/test-dir/MiniOzoneClusterImpl-4d774b9f-68c7-4e3d-9dd4-f167b54dbd62/omNode-1/snapshot/om.db.candidate
2023-06-27 17:01:55,149 [main] INFO  ratis_snapshot.OmRatisSnapshotProvider (OmRatisSnapshotProvider.java:<init>(99)) - Initializing OM Snapshot Provider
2023-06-27 17:01:55,242 [main] WARN  server.ServerUtils (ServerUtils.java:getDefaultRatisDirectory(323)) - Storage directory for Ratis is not configured. It is a good idea to map this to an SSD disk. Falling back to ozone.metadata.dirs
2023-06-27 17:01:55,265 [main] INFO  ratis.OzoneManagerRatisServer (OzoneManagerRatisServer.java:<init>(163)) - Instantiating OM Ratis server with groupID: om-service-test1 and peers: localhost:15007, localhost:15015, localhost:15011
2023-06-27 17:01:55,274 [main] INFO  ratis.OzoneManagerStateMachine (OzoneManagerStateMachine.java:loadSnapshotInfoFromDB(670)) - LastAppliedIndex is set from TransactionInfo from OM DB as (t:0, i:~)
2023-06-27 17:01:55,325 [main] INFO  server.RaftServer (ConfUtils.java:logGet(46)) - raft.rpc.type = GRPC (default)
2023-06-27 17:01:55,333 [main] INFO  grpc.GrpcConfigKeys (ConfUtils.java:logFallback(53)) - raft.grpc.admin.host = null (fallback to raft.grpc.server.host)
2023-06-27 17:01:55,334 [main] INFO  grpc.GrpcConfigKeys (ConfUtils.java:logFallback(53)) - raft.grpc.admin.port = 15007 (fallback to raft.grpc.server.port)
2023-06-27 17:01:55,335 [main] INFO  grpc.GrpcConfigKeys (ConfUtils.java:logFallback(53)) - raft.grpc.client.host = null (fallback to raft.grpc.server.host)
2023-06-27 17:01:55,335 [main] INFO  grpc.GrpcConfigKeys (ConfUtils.java:logFallback(53)) - raft.grpc.client.port = 15007 (fallback to raft.grpc.server.port)
2023-06-27 17:01:55,335 [main] INFO  grpc.GrpcConfigKeys (ConfUtils.java:logGet(46)) - raft.grpc.server.host = null (default)
2023-06-27 17:01:55,336 [main] INFO  grpc.GrpcConfigKeys (ConfUtils.java:logGet(46)) - raft.grpc.server.port = 15007 (custom)
2023-06-27 17:01:55,336 [main] INFO  server.GrpcService (ConfUtils.java:logGet(46)) - raft.grpc.message.size.max = 33554432 (custom)
2023-06-27 17:01:55,337 [main] INFO  server.RaftServerConfigKeys (ConfUtils.java:logGet(46)) - raft.server.log.appender.buffer.byte-limit = 33554432 (custom)
2023-06-27 17:01:55,338 [main] INFO  server.GrpcService (ConfUtils.java:logGet(46)) - raft.grpc.flow.control.window = 1MB (=1048576) (default)
2023-06-27 17:01:55,338 [main] INFO  server.RaftServerConfigKeys (ConfUtils.java:logGet(46)) - raft.server.rpc.request.timeout = 3000ms (default)
2023-06-27 17:01:55,351 [main] INFO  grpc.GrpcConfigKeys (ConfUtils.java:logGet(46)) - raft.grpc.server.heartbeat.channel = true (default)
2023-06-27 17:01:55,384 [main] INFO  grpc.GrpcConfigKeys (ConfUtils.java:logGet(46)) - raft.grpc.server.async.request.thread.pool.cached = true (default)
2023-06-27 17:01:55,385 [main] INFO  grpc.GrpcConfigKeys (ConfUtils.java:logGet(46)) - raft.grpc.server.async.request.thread.pool.size = 32 (default)
2023-06-27 17:01:55,732 [main] INFO  impl.DataStreamServerImpl (ConfUtils.java:logGet(46)) - raft.datastream.type = DISABLED (default)
2023-06-27 17:01:55,735 [main] INFO  server.RaftServerConfigKeys (ConfUtils.java:logGet(46)) - raft.server.threadpool.proxy.cached = true (default)
2023-06-27 17:01:55,736 [main] INFO  server.RaftServerConfigKeys (ConfUtils.java:logGet(46)) - raft.server.threadpool.proxy.size = 0 (default)
2023-06-27 17:01:55,736 [main] INFO  server.RaftServerConfigKeys (ConfUtils.java:logGet(46)) - raft.server.rpc.slowness.timeout = 2s (custom)
2023-06-27 17:01:55,736 [main] INFO  server.RaftServerConfigKeys (ConfUtils.java:logGet(46)) - raft.server.leaderelection.leader.step-down.wait-time = 10s (default)
2023-06-27 17:01:55,738 [main] INFO  server.RaftServerConfigKeys (ConfUtils.java:logGet(46)) - raft.server.storage.dir = [/home/runner/work/ozone/ozone/hadoop-ozone/integration-test/target/test-dir/MiniOzoneClusterImpl-4d774b9f-68c7-4e3d-9dd4-f167b54dbd62/omNode-1/ratis] (custom)
2023-06-27 17:01:55,745 [main] INFO  server.RaftServer (RaftServerProxy.java:addNew(98)) - omNode-1: addNew group-523986131536:[omNode-3|rpc:localhost:15015|priority:0|startupRole:FOLLOWER, omNode-1|rpc:localhost:15007|priority:0|startupRole:FOLLOWER, omNode-2|rpc:localhost:15011|priority:0|startupRole:FOLLOWER] returns group-523986131536:java.util.concurrent.CompletableFuture@81acb6c[Not completed]
2023-06-27 17:01:55,745 [main] INFO  om.OzoneManager (OzoneManager.java:initializeRatisServer(2128)) - OzoneManager Ratis server initialized at port 15007
2023-06-27 17:01:55,748 [main] INFO  om.OzoneManager (OzoneManager.java:getRpcServer(1176)) - Creating RPC Server
2023-06-27 17:01:55,773 [omNode-1-groupManagement] INFO  server.RaftServer$Division (RaftServerImpl.java:<init>(198)) - omNode-1: new RaftServerImpl for group-523986131536:[omNode-3|rpc:localhost:15015|priority:0|startupRole:FOLLOWER, omNode-1|rpc:localhost:15007|priority:0|startupRole:FOLLOWER, omNode-2|rpc:localhost:15011|priority:0|startupRole:FOLLOWER] with OzoneManagerStateMachine:uninitialized
2023-06-27 17:01:55,774 [omNode-1-groupManagement] INFO  server.RaftServerConfigKeys (ConfUtils.java:logGet(46)) - raft.server.rpc.timeout.min = 1s (custom)
2023-06-27 17:01:55,775 [omNode-1-groupManagement] INFO  server.RaftServerConfigKeys (ConfUtils.java:logGet(46)) - raft.server.rpc.timeout.max = 1200ms (custom)
2023-06-27 17:01:55,775 [omNode-1-groupManagement] INFO  server.RaftServerConfigKeys (ConfUtils.java:logGet(46)) - raft.server.rpc.sleep.time = 25ms (default)
2023-06-27 17:01:55,775 [omNode-1-groupManagement] INFO  server.RaftServerConfigKeys (ConfUtils.java:logGet(46)) - raft.server.rpc.slowness.timeout = 2s (custom)
2023-06-27 17:01:55,775 [omNode-1-groupManagement] INFO  server.RaftServerConfigKeys (ConfUtils.java:logGet(46)) - raft.server.leaderelection.leader.step-down.wait-time = 10s (default)
2023-06-27 17:01:55,775 [omNode-1-groupManagement] INFO  server.RaftServerConfigKeys (ConfUtils.java:logGet(46)) - raft.server.sleep.deviation.threshold = 300ms (default)
2023-06-27 17:01:55,786 [omNode-1-groupManagement] INFO  server.RaftServer$Division (ServerState.java:<init>(120)) - omNode-1@group-523986131536: ConfigurationManager, init=-1: peers:[omNode-3|rpc:localhost:15015|priority:0|startupRole:FOLLOWER, omNode-1|rpc:localhost:15007|priority:0|startupRole:FOLLOWER, omNode-2|rpc:localhost:15011|priority:0|startupRole:FOLLOWER]|listeners:[], old=null, confs=<EMPTY_MAP>
2023-06-27 17:01:55,786 [omNode-1-groupManagement] INFO  server.RaftServerConfigKeys (ConfUtils.java:logGet(46)) - raft.server.storage.dir = [/home/runner/work/ozone/ozone/hadoop-ozone/integration-test/target/test-dir/MiniOzoneClusterImpl-4d774b9f-68c7-4e3d-9dd4-f167b54dbd62/omNode-1/ratis] (custom)
2023-06-27 17:01:55,796 [omNode-1-groupManagement] INFO  server.RaftServerConfigKeys (ConfUtils.java:logGet(46)) - raft.server.log.corruption.policy = EXCEPTION (default)
2023-06-27 17:01:55,796 [omNode-1-groupManagement] INFO  server.RaftServerConfigKeys (ConfUtils.java:logGet(46)) - raft.server.storage.free-space.min = 0MB (=0) (default)
2023-06-27 17:01:55,815 [omNode-1-groupManagement] INFO  server.RaftServerConfigKeys (ConfUtils.java:logGet(46)) - raft.server.notification.no-leader.timeout = 2s (custom)
2023-06-27 17:01:55,825 [omNode-1-groupManagement] INFO  server.RaftServerConfigKeys (ConfUtils.java:logGet(46)) - raft.server.read.timeout = 10s (default)
2023-06-27 17:01:55,834 [omNode-1-groupManagement] INFO  server.RaftServerConfigKeys (ConfUtils.java:logGet(46)) - raft.server.retrycache.expirytime = 30000ms (custom)
2023-06-27 17:01:55,834 [omNode-1-groupManagement] INFO  server.RaftServerConfigKeys (ConfUtils.java:logGet(46)) - raft.server.retrycache.statistics.expirytime = 100μs (default)
2023-06-27 17:01:55,894 [omNode-1-groupManagement] INFO  server.RaftServerConfigKeys (ConfUtils.java:logGet(46)) - raft.server.read.option = DEFAULT (default)
2023-06-27 17:01:55,928 [omNode-1-groupManagement] INFO  server.RaftServerConfigKeys (ConfUtils.java:logGet(46)) - raft.server.rpc.request.timeout = 3000ms (default)
2023-06-27 17:01:55,939 [omNode-1-groupManagement] INFO  server.RaftServerConfigKeys (ConfUtils.java:logGet(46)) - raft.server.log.appender.install.snapshot.enabled = false (custom)
2023-06-27 17:01:55,939 [omNode-1-groupManagement] INFO  server.RaftServerConfigKeys (ConfUtils.java:logGet(46)) - raft.server.threadpool.server.cached = true (default)
2023-06-27 17:01:55,939 [omNode-1-groupManagement] INFO  server.RaftServerConfigKeys (ConfUtils.java:logGet(46)) - raft.server.threadpool.server.size = 0 (default)
2023-06-27 17:01:55,941 [omNode-1-groupManagement] INFO  server.RaftServerConfigKeys (ConfUtils.java:logGet(46)) - raft.server.threadpool.client.cached = true (default)
2023-06-27 17:01:55,941 [omNode-1-groupManagement] INFO  server.RaftServerConfigKeys (ConfUtils.java:logGet(46)) - raft.server.threadpool.client.size = 0 (default)
2023-06-27 17:01:56,667 [main] INFO  reflections.Reflections (Reflections.java:scan(232)) - Reflections took 858 ms to scan 19 urls, producing 69 keys and 5454 values [using 2 cores]
2023-06-27 17:01:56,828 [main] INFO  ipc.CallQueueManager (CallQueueManager.java:<init>(90)) - Using callQueue: class java.util.concurrent.LinkedBlockingQueue, queueCapacity: 2000, scheduler: class org.apache.hadoop.ipc.DefaultRpcScheduler, ipcBackoff: false.
2023-06-27 17:01:56,828 [main] INFO  ipc.Server (Server.java:<init>(1287)) - Listener at 127.0.0.1:15004
2023-06-27 17:01:56,829 [Socket Reader #1 for port 15004] INFO  ipc.Server (Server.java:run(1323)) - Starting Socket Reader #1 for port 15004
2023-06-27 17:01:56,863 [main] INFO  impl.MetricsSystemImpl (MetricsSystemImpl.java:init(158)) - OzoneManager metrics system started (again)
2023-06-27 17:01:56,875 [main] INFO  om.OzoneManager (OzoneManager.java:start(1606)) - OzoneManager RPC server is listening at localhost/127.0.0.1:15004
2023-06-27 17:01:56,876 [main] INFO  ratis.OzoneManagerRatisServer (OzoneManagerRatisServer.java:start(558)) - Starting OzoneManagerRatisServer omNode-1 at port 15007
2023-06-27 17:01:56,878 [omNode-1-impl-thread1] INFO  storage.RaftStorageDirectory (RaftStorageDirectoryImpl.java:analyzeStorage(137)) - The storage directory /home/runner/work/ozone/ozone/hadoop-ozone/integration-test/target/test-dir/MiniOzoneClusterImpl-4d774b9f-68c7-4e3d-9dd4-f167b54dbd62/omNode-1/ratis/c9bc4cf4-3bc3-3c60-a66b-523986131536 does not exist. Creating ...
2023-06-27 17:01:56,882 [omNode-1-impl-thread1] INFO  storage.RaftStorageDirectory (RaftStorageDirectoryImpl.java:tryLock(231)) - Lock on /home/runner/work/ozone/ozone/hadoop-ozone/integration-test/target/test-dir/MiniOzoneClusterImpl-4d774b9f-68c7-4e3d-9dd4-f167b54dbd62/omNode-1/ratis/c9bc4cf4-3bc3-3c60-a66b-523986131536/in_use.lock acquired by nodename 52987@fv-az748-341
2023-06-27 17:01:56,887 [omNode-1-impl-thread1] INFO  storage.RaftStorage (RaftStorageImpl.java:format(96)) - Storage directory /home/runner/work/ozone/ozone/hadoop-ozone/integration-test/target/test-dir/MiniOzoneClusterImpl-4d774b9f-68c7-4e3d-9dd4-f167b54dbd62/omNode-1/ratis/c9bc4cf4-3bc3-3c60-a66b-523986131536 has been successfully formatted.
2023-06-27 17:01:56,890 [omNode-1-impl-thread1] INFO  server.RaftServerConfigKeys (ConfUtils.java:logGet(46)) - raft.server.log.use.memory = false (default)
2023-06-27 17:01:56,898 [omNode-1-impl-thread1] INFO  server.RaftServerConfigKeys (ConfUtils.java:logGet(46)) - raft.server.log.purge.gap = 50 (custom)
2023-06-27 17:01:56,898 [omNode-1-impl-thread1] INFO  server.RaftServerConfigKeys (ConfUtils.java:logGet(46)) - raft.server.log.appender.buffer.byte-limit = 33554432 (custom)
2023-06-27 17:01:56,900 [omNode-1-impl-thread1] INFO  server.RaftServerConfigKeys (ConfUtils.java:logGet(46)) - raft.server.log.statemachine.data.read.timeout = 1000ms (default)
2023-06-27 17:01:56,902 [omNode-1-impl-thread1] INFO  server.RaftServerConfigKeys (ConfUtils.java:logGet(46)) - raft.server.log.purge.preservation.log.num = 0 (default)
2023-06-27 17:01:56,905 [omNode-1-impl-thread1] INFO  server.RaftServerConfigKeys (ConfUtils.java:logGet(46)) - raft.server.log.segment.size.max = 4194304 (custom)
2023-06-27 17:01:56,911 [omNode-1-impl-thread1] INFO  server.RaftServerConfigKeys (ConfUtils.java:logGet(46)) - raft.server.log.segment.cache.num.max = 2 (custom)
2023-06-27 17:01:56,911 [omNode-1-impl-thread1] INFO  server.RaftServerConfigKeys (ConfUtils.java:logGet(46)) - raft.server.log.segment.cache.size.max = 200MB (=209715200) (default)
2023-06-27 17:01:56,911 [omNode-1-impl-thread1] INFO  server.RaftServerConfigKeys (ConfUtils.java:logGet(46)) - raft.server.log.appender.buffer.byte-limit = 33554432 (custom)
2023-06-27 17:01:56,916 [omNode-1-impl-thread1] INFO  segmented.SegmentedRaftLogWorker (SegmentedRaftLogWorker.java:<init>(188)) - new omNode-1@group-523986131536-SegmentedRaftLogWorker for RaftStorageImpl:Storage Directory /home/runner/work/ozone/ozone/hadoop-ozone/integration-test/target/test-dir/MiniOzoneClusterImpl-4d774b9f-68c7-4e3d-9dd4-f167b54dbd62/omNode-1/ratis/c9bc4cf4-3bc3-3c60-a66b-523986131536
2023-06-27 17:01:56,917 [omNode-1-impl-thread1] INFO  server.RaftServerConfigKeys (ConfUtils.java:logGet(46)) - raft.server.log.queue.byte-limit = 64MB (=67108864) (default)
2023-06-27 17:01:56,917 [omNode-1-impl-thread1] INFO  server.RaftServerConfigKeys (ConfUtils.java:logGet(46)) - raft.server.log.queue.element-limit = 4096 (default)
2023-06-27 17:01:56,918 [omNode-1-impl-thread1] INFO  server.RaftServerConfigKeys (ConfUtils.java:logGet(46)) - raft.server.log.segment.size.max = 4194304 (custom)
2023-06-27 17:01:56,918 [omNode-1-impl-thread1] INFO  server.RaftServerConfigKeys (ConfUtils.java:logGet(46)) - raft.server.log.preallocated.size = 4194304 (custom)
2023-06-27 17:01:56,918 [omNode-1-impl-thread1] INFO  server.RaftServerConfigKeys (ConfUtils.java:logGet(46)) - raft.server.log.force.sync.num = 128 (default)
2023-06-27 17:01:56,919 [omNode-1-impl-thread1] INFO  server.RaftServerConfigKeys (ConfUtils.java:logGet(46)) - raft.server.log.statemachine.data.sync = true (default)
2023-06-27 17:01:56,919 [omNode-1-impl-thread1] INFO  server.RaftServerConfigKeys (ConfUtils.java:logGet(46)) - raft.server.log.statemachine.data.sync.timeout = 10s (default)
2023-06-27 17:01:56,920 [omNode-1-impl-thread1] INFO  server.RaftServerConfigKeys (ConfUtils.java:logGet(46)) - raft.server.log.statemachine.data.sync.timeout.retry = -1 (default)
2023-06-27 17:01:56,928 [omNode-1-impl-thread1] INFO  server.RaftServerConfigKeys (ConfUtils.java:logGet(46)) - raft.server.log.write.buffer.size = 64KB (=65536) (default)
2023-06-27 17:01:56,929 [omNode-1-impl-thread1] INFO  server.RaftServerConfigKeys (ConfUtils.java:logGet(46)) - raft.server.log.appender.buffer.byte-limit = 33554432 (custom)
2023-06-27 17:01:56,936 [omNode-1-impl-thread1] INFO  server.RaftServerConfigKeys (ConfUtils.java:logGet(46)) - raft.server.log.unsafe-flush.enabled = false (default)
2023-06-27 17:01:56,937 [omNode-1-impl-thread1] INFO  server.RaftServerConfigKeys (ConfUtils.java:logGet(46)) - raft.server.log.async-flush.enabled = false (default)
2023-06-27 17:01:56,937 [omNode-1-impl-thread1] INFO  server.RaftServerConfigKeys (ConfUtils.java:logGet(46)) - raft.server.log.statemachine.data.caching.enabled = false (default)
2023-06-27 17:01:56,943 [omNode-1-impl-thread1] INFO  segmented.SegmentedRaftLogWorker (SegmentedRaftLogWorker.java:lambda$new$0(135)) - omNode-1@group-523986131536-SegmentedRaftLogWorker: flushIndex: setUnconditionally 0 -> -1
2023-06-27 17:01:56,943 [omNode-1-impl-thread1] INFO  segmented.SegmentedRaftLogWorker (SegmentedRaftLogWorker.java:lambda$new$0(135)) - omNode-1@group-523986131536-SegmentedRaftLogWorker: safeCacheEvictIndex: setUnconditionally 0 -> -1
2023-06-27 17:01:56,945 [omNode-1-impl-thread1] INFO  server.RaftServer$Division (RaftServerImpl.java:start(342)) - omNode-1@group-523986131536: start as a follower, conf=-1: peers:[omNode-3|rpc:localhost:15015|priority:0|startupRole:FOLLOWER, omNode-1|rpc:localhost:15007|priority:0|startupRole:FOLLOWER, omNode-2|rpc:localhost:15011|priority:0|startupRole:FOLLOWER]|listeners:[], old=null
2023-06-27 17:01:56,946 [omNode-1-impl-thread1] INFO  server.RaftServer$Division (RaftServerImpl.java:setRole(329)) - omNode-1@group-523986131536: changes role from      null to FOLLOWER at term 0 for startAsFollower
2023-06-27 17:01:56,947 [omNode-1-impl-thread1] INFO  impl.RoleInfo (RoleInfo.java:updateAndGet(139)) - omNode-1: start omNode-1@group-523986131536-FollowerState
2023-06-27 17:01:56,948 [omNode-1-impl-thread1] INFO  util.JmxRegister (JmxRegister.java:tryRegister(44)) - Successfully registered JMX Bean with object name Ratis:service=RaftServer,group=group-523986131536,id=omNode-1
2023-06-27 17:01:56,950 [omNode-1-impl-thread1] INFO  server.RaftServerConfigKeys (ConfUtils.java:logGet(46)) - raft.server.snapshot.auto.trigger.enabled = true (custom)
2023-06-27 17:01:56,950 [omNode-1-impl-thread1] INFO  server.RaftServerConfigKeys (ConfUtils.java:logGet(46)) - raft.server.snapshot.auto.trigger.threshold = 50 (custom)
2023-06-27 17:01:56,951 [omNode-1-impl-thread1] INFO  server.RaftServerConfigKeys (ConfUtils.java:logGet(46)) - raft.server.snapshot.retention.file.num = -1 (default)
2023-06-27 17:01:56,951 [omNode-1-impl-thread1] INFO  server.RaftServerConfigKeys (ConfUtils.java:logGet(46)) - raft.server.log.purge.upto.snapshot.index = true (custom)
2023-06-27 17:01:56,955 [omNode-1@group-523986131536-FollowerState] INFO  server.RaftServerConfigKeys (ConfUtils.java:logFallback(53)) - raft.server.rpc.first-election.timeout.min = 1s (fallback to raft.server.rpc.timeout.min)
2023-06-27 17:01:56,955 [omNode-1@group-523986131536-FollowerState] INFO  server.RaftServerConfigKeys (ConfUtils.java:logFallback(53)) - raft.server.rpc.first-election.timeout.max = 1200ms (fallback to raft.server.rpc.timeout.max)
2023-06-27 17:01:56,956 [main] INFO  server.RaftServer (RaftServerProxy.java:startImpl(400)) - omNode-1: start RPC server
2023-06-27 17:01:57,003 [main] INFO  server.GrpcService (GrpcService.java:startImpl(302)) - omNode-1: GrpcService started, listening on 15007
2023-06-27 17:01:57,004 [main] INFO  om.OzoneManager (OzoneManager.java:start(1622)) - Version File has different layout version (6) than OM DB (null). That is expected if this OM has never been finalized to a newer layout version.
2023-06-27 17:01:57,009 [JvmPauseMonitor1] INFO  util.JvmPauseMonitor (JvmPauseMonitor.java:run(103)) - JvmPauseMonitor-omNode-1: Started
2023-06-27 17:01:57,036 [main] INFO  http.BaseHttpServer (BaseHttpServer.java:newHttpServer2BuilderForOzone(224)) - Starting Web-server for ozoneManager at: http://0.0.0.0:15005
2023-06-27 17:01:57,037 [main] INFO  http.BaseHttpServer (BaseHttpServer.java:<init>(111)) - Hadoop Security Enabled: false Ozone Security Enabled: false Ozone HTTP Security Enabled: false 
2023-06-27 17:01:57,038 [main] WARN  server.AuthenticationFilter (AuthenticationFilter.java:constructSecretProvider(240)) - Unable to initialize FileSignerSecretProvider, falling back to use random secrets. Reason: Could not read signature secret file: /home/runner/hadoop-http-auth-signature-secret
2023-06-27 17:01:57,040 [main] INFO  http.HttpRequestLog (HttpRequestLog.java:getRequestLog(86)) - Http request log for http.requests.ozoneManager is not defined
2023-06-27 17:01:57,042 [main] INFO  http.HttpServer2 (HttpServer2.java:addGlobalFilter(1031)) - Added global filter 'safety' (class=org.apache.hadoop.hdds.server.http.HttpServer2$QuotingInputFilter)
2023-06-27 17:01:57,043 [main] INFO  http.HttpServer2 (HttpServer2.java:addFilter(1007)) - Added filter static_user_filter (class=org.apache.hadoop.http.lib.StaticUserWebFilter$StaticUserFilter) to context ozoneManager
2023-06-27 17:01:57,043 [main] INFO  http.HttpServer2 (HttpServer2.java:addFilter(1015)) - Added filter static_user_filter (class=org.apache.hadoop.http.lib.StaticUserWebFilter$StaticUserFilter) to context logs
2023-06-27 17:01:57,043 [main] INFO  http.HttpServer2 (HttpServer2.java:addFilter(1015)) - Added filter static_user_filter (class=org.apache.hadoop.http.lib.StaticUserWebFilter$StaticUserFilter) to context static
2023-06-27 17:01:57,044 [main] INFO  http.BaseHttpServer (BaseHttpServer.java:<init>(190)) - HTTP server of ozoneManager uses base directory /home/runner/work/ozone/ozone/hadoop-ozone/integration-test/target/test-dir/MiniOzoneClusterImpl-4d774b9f-68c7-4e3d-9dd4-f167b54dbd62/omNode-1/webserver
2023-06-27 17:01:57,048 [main] INFO  http.HttpServer2 (HttpServer2.java:bindListener(1250)) - Jetty bound to port 15005
2023-06-27 17:01:57,048 [main] INFO  server.Server (Server.java:doStart(375)) - jetty-9.4.51.v20230217; built: 2023-02-17T08:19:37.309Z; git: b45c405e4544384de066f814ed42ae3dceacdd49; jvm 1.8.0_372-b07
2023-06-27 17:01:57,057 [main] INFO  server.session (DefaultSessionIdManager.java:doStart(334)) - DefaultSessionIdManager workerName=node0
2023-06-27 17:01:57,057 [main] INFO  server.session (DefaultSessionIdManager.java:doStart(339)) - No SessionScavenger set, using defaults
2023-06-27 17:01:57,058 [main] INFO  server.session (HouseKeeper.java:startScavenging(132)) - node0 Scavenging every 660000ms
2023-06-27 17:01:57,059 [main] INFO  handler.ContextHandler (ContextHandler.java:doStart(921)) - Started o.e.j.s.ServletContextHandler@78626f16{logs,/logs,file:///home/runner/work/ozone/ozone/hadoop-ozone/integration-test/target/log,AVAILABLE}
2023-06-27 17:01:57,059 [main] INFO  handler.ContextHandler (ContextHandler.java:doStart(921)) - Started o.e.j.s.ServletContextHandler@3e666559{static,/static,file:///home/runner/work/ozone/ozone/hadoop-ozone/integration-test/target/test-classes/webapps/static,AVAILABLE}
2023-06-27 17:01:57,065 [main] INFO  handler.ContextHandler (ContextHandler.java:doStart(921)) - Started o.e.j.w.WebAppContext@320c10a8{ozoneManager,/,file:///home/runner/work/ozone/ozone/hadoop-ozone/integration-test/target/test-classes/webapps/ozoneManager/,AVAILABLE}{file:/home/runner/work/ozone/ozone/hadoop-ozone/integration-test/target/test-classes/webapps/ozoneManager}
2023-06-27 17:01:57,067 [main] INFO  server.AbstractConnector (AbstractConnector.java:doStart(333)) - Started ServerConnector@6179761f{HTTP/1.1, (http/1.1)}{0.0.0.0:15005}
2023-06-27 17:01:57,067 [main] INFO  server.Server (Server.java:doStart(415)) - Started @7796ms
2023-06-27 17:01:57,068 [main] WARN  impl.MetricsSystemImpl (MetricsSystemImpl.java:register(279)) - Sink prometheus already exists!
2023-06-27 17:01:57,068 [main] INFO  http.BaseHttpServer (BaseHttpServer.java:updateConnectorAddress(344)) - HTTP server of ozoneManager listening at http://0.0.0.0:15005
2023-06-27 17:01:57,069 [IPC Server Responder] INFO  ipc.Server (Server.java:run(1562)) - IPC Server Responder: starting
2023-06-27 17:01:57,070 [IPC Server listener on 15004] INFO  ipc.Server (Server.java:run(1402)) - IPC Server listener on 15004: starting
2023-06-27 17:01:57,073 [main] INFO  om.OzoneManager (OzoneManager.java:startTrashEmptier(2081)) - Trash Interval set to 0. Files deleted won't move to trash
2023-06-27 17:01:57,074 [main] INFO  ozone.MiniOzoneHAClusterImpl (MiniOzoneHAClusterImpl.java:createOMService(505)) - Started OzoneManager omNode-1 RPC server at localhost/127.0.0.1:15004
2023-06-27 17:01:57,075 [main] INFO  ha.OMHANodeDetails (OMHANodeDetails.java:loadOMHAConfig(121)) - ServiceID for OzoneManager is om-service-test1
2023-06-27 17:01:57,075 [main] INFO  ha.OMHANodeDetails (OMHANodeDetails.java:loadOMHAConfig(201)) - Found matching OM address with OMServiceId: om-service-test1, OMNodeId: omNode-2, RPC Address: localhost:15008 and Ratis port: 15011
2023-06-27 17:01:57,076 [main] INFO  ha.OMHANodeDetails (ConfUtils.java:setNodeSpecificConfigs(97)) - Setting configuration key ozone.om.http-address with value of key ozone.om.http-address.om-service-test1.omNode-2: 127.0.0.1:15009
2023-06-27 17:01:57,076 [main] INFO  ha.OMHANodeDetails (ConfUtils.java:setNodeSpecificConfigs(97)) - Setting configuration key ozone.om.https-address with value of key ozone.om.https-address.om-service-test1.omNode-2: 127.0.0.1:15010
2023-06-27 17:01:57,076 [main] INFO  ha.OMHANodeDetails (ConfUtils.java:setNodeSpecificConfigs(97)) - Setting configuration key ozone.om.address with value of key ozone.om.address.om-service-test1.omNode-2: 127.0.0.1:15008
2023-06-27 17:01:57,076 [main] WARN  server.ServerUtils (ServerUtils.java:getDBPath(311)) - ozone.om.db.dirs is not configured. We recommend adding this setting. Falling back to ozone.metadata.dirs instead.
2023-06-27 17:01:57,081 [main] INFO  proxy.SCMBlockLocationFailoverProxyProvider (SCMBlockLocationFailoverProxyProvider.java:<init>(114)) - Created block location fail-over proxy with 1 nodes: [nodeId=scmNodeId,nodeAddress=/0.0.0.0:15001]
OM initialization succeeded.Current cluster id for sd=/home/runner/work/ozone/ozone/hadoop-ozone/integration-test/target/test-dir/MiniOzoneClusterImpl-4d774b9f-68c7-4e3d-9dd4-f167b54dbd62/omNode-2/om;cid=4d774b9f-68c7-4e3d-9dd4-f167b54dbd62;layoutVersion=6
2023-06-27 17:01:57,088 [main] INFO  ha.OMHANodeDetails (OMHANodeDetails.java:loadOMHAConfig(121)) - ServiceID for OzoneManager is om-service-test1
2023-06-27 17:01:57,089 [main] INFO  ha.OMHANodeDetails (OMHANodeDetails.java:loadOMHAConfig(201)) - Found matching OM address with OMServiceId: om-service-test1, OMNodeId: omNode-2, RPC Address: localhost:15008 and Ratis port: 15011
2023-06-27 17:01:57,089 [main] INFO  ha.OMHANodeDetails (ConfUtils.java:setNodeSpecificConfigs(97)) - Setting configuration key ozone.om.http-address with value of key ozone.om.http-address.om-service-test1.omNode-2: 127.0.0.1:15009
2023-06-27 17:01:57,089 [main] INFO  ha.OMHANodeDetails (ConfUtils.java:setNodeSpecificConfigs(97)) - Setting configuration key ozone.om.https-address with value of key ozone.om.https-address.om-service-test1.omNode-2: 127.0.0.1:15010
2023-06-27 17:01:57,090 [main] INFO  ha.OMHANodeDetails (ConfUtils.java:setNodeSpecificConfigs(97)) - Setting configuration key ozone.om.address with value of key ozone.om.address.om-service-test1.omNode-2: 127.0.0.1:15008
2023-06-27 17:01:57,090 [main] WARN  server.ServerUtils (ServerUtils.java:getDBPath(311)) - ozone.om.db.dirs is not configured. We recommend adding this setting. Falling back to ozone.metadata.dirs instead.
2023-06-27 17:01:57,094 [main] INFO  upgrade.AbstractLayoutVersionManager (AbstractLayoutVersionManager.java:init(83)) - Initializing Layout version manager with metadata layout = QUOTA (version = 6), software layout = QUOTA (version = 6)
2023-06-27 17:01:57,228 [main] INFO  reflections.Reflections (Reflections.java:scan(232)) - Reflections took 133 ms to scan 2 urls, producing 184 keys and 505 values [using 2 cores]
2023-06-27 17:01:57,229 [main] INFO  upgrade.OMLayoutVersionManager (OMLayoutVersionManager.java:lambda$0(115)) - Skipping Upgrade Action MockOmUpgradeAction since it has been finalized.
2023-06-27 17:01:57,229 [main] INFO  upgrade.OMLayoutVersionManager (OMLayoutVersionManager.java:lambda$0(115)) - Skipping Upgrade Action QuotaRepairUpgradeAction since it has been finalized.
2023-06-27 17:01:57,229 [main] WARN  server.ServerUtils (ServerUtils.java:getDBPath(311)) - ozone.om.db.dirs is not configured. We recommend adding this setting. Falling back to ozone.metadata.dirs instead.
2023-06-27 17:01:57,230 [main] INFO  proxy.SCMBlockLocationFailoverProxyProvider (SCMBlockLocationFailoverProxyProvider.java:<init>(114)) - Created block location fail-over proxy with 1 nodes: [nodeId=scmNodeId,nodeAddress=/0.0.0.0:15001]
2023-06-27 17:01:57,232 [main] INFO  proxy.SCMBlockLocationFailoverProxyProvider (SCMBlockLocationFailoverProxyProvider.java:<init>(114)) - Created block location fail-over proxy with 1 nodes: [nodeId=scmNodeId,nodeAddress=/0.0.0.0:15001]
2023-06-27 17:01:57,257 [main] INFO  om.OzoneManager (OzoneManager.java:<init>(654)) - OM start with adminUsers: [*, runner]
2023-06-27 17:01:57,258 [main] WARN  server.ServerUtils (ServerUtils.java:getDBPath(311)) - ozone.om.db.dirs is not configured. We recommend adding this setting. Falling back to ozone.metadata.dirs instead.
2023-06-27 17:01:57,259 [main] INFO  helpers.OmKeyInfo (OmKeyInfo.java:getCodec(71)) - OmKeyInfo.getCodec ignorePipeline = true
2023-06-27 17:01:57,440 [main] INFO  om.OzoneManager (OzoneManager.java:instantiateServices(783)) - S3 Multi-Tenancy is disabled
2023-06-27 17:01:57,440 [main] INFO  om.OmSnapshotManager (OmSnapshotManager.java:<init>(179)) - Ozone filesystem snapshot feature is enabled.
2023-06-27 17:01:57,441 [main] WARN  server.ServerUtils (ServerUtils.java:getDBPath(311)) - ozone.om.snapshot.diff.db.dir is not configured. We recommend adding this setting. Falling back to ozone.metadata.dirs instead.
2023-06-27 17:01:57,471 [main] INFO  snapshot.SnapshotDiffManager (SnapshotDiffManager.java:closeExecutorService(1630)) - Shutting down executorService: 'SstDumpToolExecutor'
2023-06-27 17:01:57,473 [main] INFO  om.OzoneManager (OzoneManager.java:addS3GVolumeToDB(4258)) - Created Volume s3v With Owner runner required for S3Gateway operations.
2023-06-27 17:01:57,474 [main] WARN  server.ServerUtils (ServerUtils.java:getDefaultRatisDirectory(323)) - Storage directory for Ratis is not configured. It is a good idea to map this to an SSD disk. Falling back to ozone.metadata.dirs
2023-06-27 17:01:57,474 [main] WARN  utils.OzoneManagerRatisUtils (OzoneManagerRatisUtils.java:getOMRatisSnapshotDirectory(461)) - ozone.om.ratis.snapshot.dir is not configured. Falling back to ozone.metadata.dirs config
2023-06-27 17:01:57,474 [main] INFO  utils.RDBSnapshotProvider (RDBSnapshotProvider.java:init(86)) - Cleaning up the candidate dir: /home/runner/work/ozone/ozone/hadoop-ozone/integration-test/target/test-dir/MiniOzoneClusterImpl-4d774b9f-68c7-4e3d-9dd4-f167b54dbd62/omNode-2/snapshot/om.db.candidate
2023-06-27 17:01:57,475 [main] INFO  ratis_snapshot.OmRatisSnapshotProvider (OmRatisSnapshotProvider.java:<init>(99)) - Initializing OM Snapshot Provider
2023-06-27 17:01:57,476 [main] WARN  impl.MetricRegistriesImpl (MetricRegistriesImpl.java:addReporterRegistration(111)) - New reporters are added after registries were created. Some metrics will be missing from the reporter. Please add reporter before adding any new registry.
2023-06-27 17:01:57,476 [main] WARN  impl.MetricRegistriesImpl (MetricRegistriesImpl.java:addReporterRegistration(111)) - New reporters are added after registries were created. Some metrics will be missing from the reporter. Please add reporter before adding any new registry.
2023-06-27 17:01:57,476 [main] WARN  server.ServerUtils (ServerUtils.java:getDefaultRatisDirectory(323)) - Storage directory for Ratis is not configured. It is a good idea to map this to an SSD disk. Falling back to ozone.metadata.dirs
2023-06-27 17:01:57,478 [main] INFO  ratis.OzoneManagerRatisServer (OzoneManagerRatisServer.java:<init>(163)) - Instantiating OM Ratis server with groupID: om-service-test1 and peers: localhost:15011, localhost:15015, localhost:15007
2023-06-27 17:01:57,478 [main] INFO  ratis.OzoneManagerStateMachine (OzoneManagerStateMachine.java:loadSnapshotInfoFromDB(670)) - LastAppliedIndex is set from TransactionInfo from OM DB as (t:0, i:~)
2023-06-27 17:01:57,481 [main] INFO  server.RaftServer (ConfUtils.java:logGet(46)) - raft.rpc.type = GRPC (default)
2023-06-27 17:01:57,481 [main] INFO  grpc.GrpcConfigKeys (ConfUtils.java:logFallback(53)) - raft.grpc.admin.host = null (fallback to raft.grpc.server.host)
2023-06-27 17:01:57,481 [main] INFO  grpc.GrpcConfigKeys (ConfUtils.java:logFallback(53)) - raft.grpc.admin.port = 15011 (fallback to raft.grpc.server.port)
2023-06-27 17:01:57,481 [main] INFO  grpc.GrpcConfigKeys (ConfUtils.java:logFallback(53)) - raft.grpc.client.host = null (fallback to raft.grpc.server.host)
2023-06-27 17:01:57,482 [main] INFO  grpc.GrpcConfigKeys (ConfUtils.java:logFallback(53)) - raft.grpc.client.port = 15011 (fallback to raft.grpc.server.port)
2023-06-27 17:01:57,483 [main] INFO  grpc.GrpcConfigKeys (ConfUtils.java:logGet(46)) - raft.grpc.server.host = null (default)
2023-06-27 17:01:57,483 [main] INFO  grpc.GrpcConfigKeys (ConfUtils.java:logGet(46)) - raft.grpc.server.port = 15011 (custom)
2023-06-27 17:01:57,483 [main] INFO  server.GrpcService (ConfUtils.java:logGet(46)) - raft.grpc.message.size.max = 33554432 (custom)
2023-06-27 17:01:57,483 [main] INFO  server.RaftServerConfigKeys (ConfUtils.java:logGet(46)) - raft.server.log.appender.buffer.byte-limit = 33554432 (custom)
2023-06-27 17:01:57,484 [main] INFO  server.GrpcService (ConfUtils.java:logGet(46)) - raft.grpc.flow.control.window = 1MB (=1048576) (default)
2023-06-27 17:01:57,484 [main] INFO  server.RaftServerConfigKeys (ConfUtils.java:logGet(46)) - raft.server.rpc.request.timeout = 3000ms (default)
2023-06-27 17:01:57,484 [main] INFO  grpc.GrpcConfigKeys (ConfUtils.java:logGet(46)) - raft.grpc.server.heartbeat.channel = true (default)
2023-06-27 17:01:57,484 [main] INFO  grpc.GrpcConfigKeys (ConfUtils.java:logGet(46)) - raft.grpc.server.async.request.thread.pool.cached = true (default)
2023-06-27 17:01:57,484 [main] INFO  grpc.GrpcConfigKeys (ConfUtils.java:logGet(46)) - raft.grpc.server.async.request.thread.pool.size = 32 (default)
2023-06-27 17:01:57,486 [main] INFO  impl.DataStreamServerImpl (ConfUtils.java:logGet(46)) - raft.datastream.type = DISABLED (default)
2023-06-27 17:01:57,487 [main] INFO  server.RaftServerConfigKeys (ConfUtils.java:logGet(46)) - raft.server.threadpool.proxy.cached = true (default)
2023-06-27 17:01:57,487 [main] INFO  server.RaftServerConfigKeys (ConfUtils.java:logGet(46)) - raft.server.threadpool.proxy.size = 0 (default)
2023-06-27 17:01:57,488 [main] INFO  server.RaftServerConfigKeys (ConfUtils.java:logGet(46)) - raft.server.rpc.slowness.timeout = 2s (custom)
2023-06-27 17:01:57,488 [main] INFO  server.RaftServerConfigKeys (ConfUtils.java:logGet(46)) - raft.server.leaderelection.leader.step-down.wait-time = 10s (default)
2023-06-27 17:01:57,488 [main] INFO  server.RaftServerConfigKeys (ConfUtils.java:logGet(46)) - raft.server.storage.dir = [/home/runner/work/ozone/ozone/hadoop-ozone/integration-test/target/test-dir/MiniOzoneClusterImpl-4d774b9f-68c7-4e3d-9dd4-f167b54dbd62/omNode-2/ratis] (custom)
2023-06-27 17:01:57,495 [main] INFO  server.RaftServer (RaftServerProxy.java:addNew(98)) - omNode-2: addNew group-523986131536:[omNode-3|rpc:localhost:15015|priority:0|startupRole:FOLLOWER, omNode-1|rpc:localhost:15007|priority:0|startupRole:FOLLOWER, omNode-2|rpc:localhost:15011|priority:0|startupRole:FOLLOWER] returns group-523986131536:java.util.concurrent.CompletableFuture@34144ac[Not completed]
2023-06-27 17:01:57,495 [main] INFO  om.OzoneManager (OzoneManager.java:initializeRatisServer(2128)) - OzoneManager Ratis server initialized at port 15011
2023-06-27 17:01:57,495 [omNode-2-groupManagement] INFO  server.RaftServer$Division (RaftServerImpl.java:<init>(198)) - omNode-2: new RaftServerImpl for group-523986131536:[omNode-3|rpc:localhost:15015|priority:0|startupRole:FOLLOWER, omNode-1|rpc:localhost:15007|priority:0|startupRole:FOLLOWER, omNode-2|rpc:localhost:15011|priority:0|startupRole:FOLLOWER] with OzoneManagerStateMachine:uninitialized
2023-06-27 17:01:57,495 [main] INFO  om.OzoneManager (OzoneManager.java:getRpcServer(1176)) - Creating RPC Server
2023-06-27 17:01:57,495 [omNode-2-groupManagement] INFO  server.RaftServerConfigKeys (ConfUtils.java:logGet(46)) - raft.server.rpc.timeout.min = 1s (custom)
2023-06-27 17:01:57,496 [omNode-2-groupManagement] INFO  server.RaftServerConfigKeys (ConfUtils.java:logGet(46)) - raft.server.rpc.timeout.max = 1200ms (custom)
2023-06-27 17:01:57,496 [omNode-2-groupManagement] INFO  server.RaftServerConfigKeys (ConfUtils.java:logGet(46)) - raft.server.rpc.sleep.time = 25ms (default)
2023-06-27 17:01:57,496 [omNode-2-groupManagement] INFO  server.RaftServerConfigKeys (ConfUtils.java:logGet(46)) - raft.server.rpc.slowness.timeout = 2s (custom)
2023-06-27 17:01:57,496 [omNode-2-groupManagement] INFO  server.RaftServerConfigKeys (ConfUtils.java:logGet(46)) - raft.server.leaderelection.leader.step-down.wait-time = 10s (default)
2023-06-27 17:01:57,496 [omNode-2-groupManagement] INFO  server.RaftServerConfigKeys (ConfUtils.java:logGet(46)) - raft.server.sleep.deviation.threshold = 300ms (default)
2023-06-27 17:01:57,496 [omNode-2-groupManagement] INFO  server.RaftServer$Division (ServerState.java:<init>(120)) - omNode-2@group-523986131536: ConfigurationManager, init=-1: peers:[omNode-3|rpc:localhost:15015|priority:0|startupRole:FOLLOWER, omNode-1|rpc:localhost:15007|priority:0|startupRole:FOLLOWER, omNode-2|rpc:localhost:15011|priority:0|startupRole:FOLLOWER]|listeners:[], old=null, confs=<EMPTY_MAP>
2023-06-27 17:01:57,497 [omNode-2-groupManagement] INFO  server.RaftServerConfigKeys (ConfUtils.java:logGet(46)) - raft.server.storage.dir = [/home/runner/work/ozone/ozone/hadoop-ozone/integration-test/target/test-dir/MiniOzoneClusterImpl-4d774b9f-68c7-4e3d-9dd4-f167b54dbd62/omNode-2/ratis] (custom)
2023-06-27 17:01:57,497 [omNode-2-groupManagement] INFO  server.RaftServerConfigKeys (ConfUtils.java:logGet(46)) - raft.server.log.corruption.policy = EXCEPTION (default)
2023-06-27 17:01:57,497 [omNode-2-groupManagement] INFO  server.RaftServerConfigKeys (ConfUtils.java:logGet(46)) - raft.server.storage.free-space.min = 0MB (=0) (default)
2023-06-27 17:01:57,498 [omNode-2-groupManagement] INFO  server.RaftServerConfigKeys (ConfUtils.java:logGet(46)) - raft.server.notification.no-leader.timeout = 2s (custom)
2023-06-27 17:01:57,498 [omNode-2-groupManagement] INFO  server.RaftServerConfigKeys (ConfUtils.java:logGet(46)) - raft.server.read.timeout = 10s (default)
2023-06-27 17:01:57,498 [omNode-2-groupManagement] INFO  server.RaftServerConfigKeys (ConfUtils.java:logGet(46)) - raft.server.retrycache.expirytime = 30000ms (custom)
2023-06-27 17:01:57,498 [omNode-2-groupManagement] INFO  server.RaftServerConfigKeys (ConfUtils.java:logGet(46)) - raft.server.retrycache.statistics.expirytime = 100μs (default)
2023-06-27 17:01:57,499 [omNode-2-groupManagement] INFO  server.RaftServerConfigKeys (ConfUtils.java:logGet(46)) - raft.server.read.option = DEFAULT (default)
2023-06-27 17:01:57,504 [omNode-2-groupManagement] INFO  server.RaftServerConfigKeys (ConfUtils.java:logGet(46)) - raft.server.rpc.request.timeout = 3000ms (default)
2023-06-27 17:01:57,504 [omNode-2-groupManagement] INFO  server.RaftServerConfigKeys (ConfUtils.java:logGet(46)) - raft.server.log.appender.install.snapshot.enabled = false (custom)
2023-06-27 17:01:57,504 [omNode-2-groupManagement] INFO  server.RaftServerConfigKeys (ConfUtils.java:logGet(46)) - raft.server.threadpool.server.cached = true (default)
2023-06-27 17:01:57,504 [omNode-2-groupManagement] INFO  server.RaftServerConfigKeys (ConfUtils.java:logGet(46)) - raft.server.threadpool.server.size = 0 (default)
2023-06-27 17:01:57,504 [omNode-2-groupManagement] INFO  server.RaftServerConfigKeys (ConfUtils.java:logGet(46)) - raft.server.threadpool.client.cached = true (default)
2023-06-27 17:01:57,504 [omNode-2-groupManagement] INFO  server.RaftServerConfigKeys (ConfUtils.java:logGet(46)) - raft.server.threadpool.client.size = 0 (default)
2023-06-27 17:01:58,059 [main] INFO  reflections.Reflections (Reflections.java:scan(232)) - Reflections took 562 ms to scan 19 urls, producing 69 keys and 5454 values [using 2 cores]
2023-06-27 17:01:58,061 [main] INFO  ipc.CallQueueManager (CallQueueManager.java:<init>(90)) - Using callQueue: class java.util.concurrent.LinkedBlockingQueue, queueCapacity: 2000, scheduler: class org.apache.hadoop.ipc.DefaultRpcScheduler, ipcBackoff: false.
2023-06-27 17:01:58,067 [main] INFO  ipc.Server (Server.java:<init>(1287)) - Listener at 127.0.0.1:15008
2023-06-27 17:01:58,068 [Socket Reader #1 for port 15008] INFO  ipc.Server (Server.java:run(1323)) - Starting Socket Reader #1 for port 15008
2023-06-27 17:01:58,078 [omNode-1@group-523986131536-FollowerState] INFO  impl.FollowerState (FollowerState.java:run(143)) - omNode-1@group-523986131536-FollowerState: change to CANDIDATE, lastRpcElapsedTime:1130848748ns, electionTimeout:1115ms
2023-06-27 17:01:58,079 [omNode-1@group-523986131536-FollowerState] INFO  impl.RoleInfo (RoleInfo.java:shutdownFollowerState(110)) - omNode-1: shutdown omNode-1@group-523986131536-FollowerState
2023-06-27 17:01:58,079 [omNode-1@group-523986131536-FollowerState] INFO  server.RaftServer$Division (RaftServerImpl.java:setRole(329)) - omNode-1@group-523986131536: changes role from  FOLLOWER to CANDIDATE at term 0 for changeToCandidate
2023-06-27 17:01:58,109 [main] INFO  impl.MetricsSystemImpl (MetricsSystemImpl.java:init(158)) - OzoneManager metrics system started (again)
2023-06-27 17:01:58,113 [omNode-1@group-523986131536-FollowerState] INFO  server.RaftServerConfigKeys (ConfUtils.java:logGet(46)) - raft.server.leaderelection.pre-vote = true (default)
2023-06-27 17:01:58,113 [omNode-1@group-523986131536-FollowerState] INFO  impl.RoleInfo (RoleInfo.java:updateAndGet(139)) - omNode-1: start omNode-1@group-523986131536-LeaderElection1
2023-06-27 17:01:58,126 [omNode-1@group-523986131536-LeaderElection1] INFO  impl.LeaderElection (LeaderElection.java:askForVotes(321)) - omNode-1@group-523986131536-LeaderElection1 PRE_VOTE round 0: submit vote requests at term 0 for -1: peers:[omNode-3|rpc:localhost:15015|priority:0|startupRole:FOLLOWER, omNode-1|rpc:localhost:15007|priority:0|startupRole:FOLLOWER, omNode-2|rpc:localhost:15011|priority:0|startupRole:FOLLOWER]|listeners:[], old=null
2023-06-27 17:01:58,132 [main] INFO  om.OzoneManager (OzoneManager.java:start(1606)) - OzoneManager RPC server is listening at localhost/127.0.0.1:15008
2023-06-27 17:01:58,133 [main] INFO  ratis.OzoneManagerRatisServer (OzoneManagerRatisServer.java:start(558)) - Starting OzoneManagerRatisServer omNode-2 at port 15011
2023-06-27 17:01:58,133 [omNode-2-impl-thread1] INFO  storage.RaftStorageDirectory (RaftStorageDirectoryImpl.java:analyzeStorage(137)) - The storage directory /home/runner/work/ozone/ozone/hadoop-ozone/integration-test/target/test-dir/MiniOzoneClusterImpl-4d774b9f-68c7-4e3d-9dd4-f167b54dbd62/omNode-2/ratis/c9bc4cf4-3bc3-3c60-a66b-523986131536 does not exist. Creating ...
2023-06-27 17:01:58,135 [omNode-2-impl-thread1] INFO  storage.RaftStorageDirectory (RaftStorageDirectoryImpl.java:tryLock(231)) - Lock on /home/runner/work/ozone/ozone/hadoop-ozone/integration-test/target/test-dir/MiniOzoneClusterImpl-4d774b9f-68c7-4e3d-9dd4-f167b54dbd62/omNode-2/ratis/c9bc4cf4-3bc3-3c60-a66b-523986131536/in_use.lock acquired by nodename 52987@fv-az748-341
2023-06-27 17:01:58,137 [omNode-2-impl-thread1] INFO  storage.RaftStorage (RaftStorageImpl.java:format(96)) - Storage directory /home/runner/work/ozone/ozone/hadoop-ozone/integration-test/target/test-dir/MiniOzoneClusterImpl-4d774b9f-68c7-4e3d-9dd4-f167b54dbd62/omNode-2/ratis/c9bc4cf4-3bc3-3c60-a66b-523986131536 has been successfully formatted.
2023-06-27 17:01:58,137 [omNode-2-impl-thread1] INFO  server.RaftServerConfigKeys (ConfUtils.java:logGet(46)) - raft.server.log.use.memory = false (default)
2023-06-27 17:01:58,138 [omNode-2-impl-thread1] INFO  server.RaftServerConfigKeys (ConfUtils.java:logGet(46)) - raft.server.log.purge.gap = 50 (custom)
2023-06-27 17:01:58,138 [omNode-2-impl-thread1] INFO  server.RaftServerConfigKeys (ConfUtils.java:logGet(46)) - raft.server.log.appender.buffer.byte-limit = 33554432 (custom)
2023-06-27 17:01:58,138 [omNode-2-impl-thread1] INFO  server.RaftServerConfigKeys (ConfUtils.java:logGet(46)) - raft.server.log.statemachine.data.read.timeout = 1000ms (default)
2023-06-27 17:01:58,138 [omNode-2-impl-thread1] INFO  server.RaftServerConfigKeys (ConfUtils.java:logGet(46)) - raft.server.log.purge.preservation.log.num = 0 (default)
2023-06-27 17:01:58,138 [omNode-2-impl-thread1] INFO  server.RaftServerConfigKeys (ConfUtils.java:logGet(46)) - raft.server.log.segment.size.max = 4194304 (custom)
2023-06-27 17:01:58,138 [omNode-2-impl-thread1] INFO  server.RaftServerConfigKeys (ConfUtils.java:logGet(46)) - raft.server.log.segment.cache.num.max = 2 (custom)
2023-06-27 17:01:58,139 [omNode-2-impl-thread1] INFO  server.RaftServerConfigKeys (ConfUtils.java:logGet(46)) - raft.server.log.segment.cache.size.max = 200MB (=209715200) (default)
2023-06-27 17:01:58,139 [omNode-2-impl-thread1] INFO  server.RaftServerConfigKeys (ConfUtils.java:logGet(46)) - raft.server.log.appender.buffer.byte-limit = 33554432 (custom)
2023-06-27 17:01:58,139 [omNode-2-impl-thread1] INFO  segmented.SegmentedRaftLogWorker (SegmentedRaftLogWorker.java:<init>(188)) - new omNode-2@group-523986131536-SegmentedRaftLogWorker for RaftStorageImpl:Storage Directory /home/runner/work/ozone/ozone/hadoop-ozone/integration-test/target/test-dir/MiniOzoneClusterImpl-4d774b9f-68c7-4e3d-9dd4-f167b54dbd62/omNode-2/ratis/c9bc4cf4-3bc3-3c60-a66b-523986131536
2023-06-27 17:01:58,141 [omNode-2-impl-thread1] INFO  server.RaftServerConfigKeys (ConfUtils.java:logGet(46)) - raft.server.log.queue.byte-limit = 64MB (=67108864) (default)
2023-06-27 17:01:58,141 [omNode-2-impl-thread1] INFO  server.RaftServerConfigKeys (ConfUtils.java:logGet(46)) - raft.server.log.queue.element-limit = 4096 (default)
2023-06-27 17:01:58,141 [omNode-2-impl-thread1] INFO  server.RaftServerConfigKeys (ConfUtils.java:logGet(46)) - raft.server.log.segment.size.max = 4194304 (custom)
2023-06-27 17:01:58,141 [omNode-2-impl-thread1] INFO  server.RaftServerConfigKeys (ConfUtils.java:logGet(46)) - raft.server.log.preallocated.size = 4194304 (custom)
2023-06-27 17:01:58,141 [omNode-2-impl-thread1] INFO  server.RaftServerConfigKeys (ConfUtils.java:logGet(46)) - raft.server.log.force.sync.num = 128 (default)
2023-06-27 17:01:58,141 [omNode-2-impl-thread1] INFO  server.RaftServerConfigKeys (ConfUtils.java:logGet(46)) - raft.server.log.statemachine.data.sync = true (default)
2023-06-27 17:01:58,141 [omNode-2-impl-thread1] INFO  server.RaftServerConfigKeys (ConfUtils.java:logGet(46)) - raft.server.log.statemachine.data.sync.timeout = 10s (default)
2023-06-27 17:01:58,141 [omNode-2-impl-thread1] INFO  server.RaftServerConfigKeys (ConfUtils.java:logGet(46)) - raft.server.log.statemachine.data.sync.timeout.retry = -1 (default)
2023-06-27 17:01:58,142 [omNode-2-impl-thread1] INFO  server.RaftServerConfigKeys (ConfUtils.java:logGet(46)) - raft.server.log.write.buffer.size = 64KB (=65536) (default)
2023-06-27 17:01:58,142 [omNode-2-impl-thread1] INFO  server.RaftServerConfigKeys (ConfUtils.java:logGet(46)) - raft.server.log.appender.buffer.byte-limit = 33554432 (custom)
2023-06-27 17:01:58,147 [omNode-2-impl-thread1] INFO  server.RaftServerConfigKeys (ConfUtils.java:logGet(46)) - raft.server.log.unsafe-flush.enabled = false (default)
2023-06-27 17:01:58,147 [omNode-2-impl-thread1] INFO  server.RaftServerConfigKeys (ConfUtils.java:logGet(46)) - raft.server.log.async-flush.enabled = false (default)
2023-06-27 17:01:58,148 [omNode-2-impl-thread1] INFO  server.RaftServerConfigKeys (ConfUtils.java:logGet(46)) - raft.server.log.statemachine.data.caching.enabled = false (default)
2023-06-27 17:01:58,148 [omNode-2-impl-thread1] INFO  segmented.SegmentedRaftLogWorker (SegmentedRaftLogWorker.java:lambda$new$0(135)) - omNode-2@group-523986131536-SegmentedRaftLogWorker: flushIndex: setUnconditionally 0 -> -1
2023-06-27 17:01:58,148 [omNode-2-impl-thread1] INFO  segmented.SegmentedRaftLogWorker (SegmentedRaftLogWorker.java:lambda$new$0(135)) - omNode-2@group-523986131536-SegmentedRaftLogWorker: safeCacheEvictIndex: setUnconditionally 0 -> -1
2023-06-27 17:01:58,148 [omNode-2-impl-thread1] INFO  server.RaftServer$Division (RaftServerImpl.java:start(342)) - omNode-2@group-523986131536: start as a follower, conf=-1: peers:[omNode-3|rpc:localhost:15015|priority:0|startupRole:FOLLOWER, omNode-1|rpc:localhost:15007|priority:0|startupRole:FOLLOWER, omNode-2|rpc:localhost:15011|priority:0|startupRole:FOLLOWER]|listeners:[], old=null
2023-06-27 17:01:58,148 [omNode-2-impl-thread1] INFO  server.RaftServer$Division (RaftServerImpl.java:setRole(329)) - omNode-2@group-523986131536: changes role from      null to FOLLOWER at term 0 for startAsFollower
2023-06-27 17:01:58,149 [omNode-2-impl-thread1] INFO  impl.RoleInfo (RoleInfo.java:updateAndGet(139)) - omNode-2: start omNode-2@group-523986131536-FollowerState
2023-06-27 17:01:58,149 [omNode-2@group-523986131536-FollowerState] INFO  server.RaftServerConfigKeys (ConfUtils.java:logFallback(53)) - raft.server.rpc.first-election.timeout.min = 1s (fallback to raft.server.rpc.timeout.min)
2023-06-27 17:01:58,150 [omNode-2@group-523986131536-FollowerState] INFO  server.RaftServerConfigKeys (ConfUtils.java:logFallback(53)) - raft.server.rpc.first-election.timeout.max = 1200ms (fallback to raft.server.rpc.timeout.max)
2023-06-27 17:01:58,149 [omNode-2-impl-thread1] INFO  util.JmxRegister (JmxRegister.java:tryRegister(44)) - Successfully registered JMX Bean with object name Ratis:service=RaftServer,group=group-523986131536,id=omNode-2
2023-06-27 17:01:58,152 [omNode-2-impl-thread1] INFO  server.RaftServerConfigKeys (ConfUtils.java:logGet(46)) - raft.server.snapshot.auto.trigger.enabled = true (custom)
2023-06-27 17:01:58,152 [omNode-2-impl-thread1] INFO  server.RaftServerConfigKeys (ConfUtils.java:logGet(46)) - raft.server.snapshot.auto.trigger.threshold = 50 (custom)
2023-06-27 17:01:58,153 [omNode-2-impl-thread1] INFO  server.RaftServerConfigKeys (ConfUtils.java:logGet(46)) - raft.server.snapshot.retention.file.num = -1 (default)
2023-06-27 17:01:58,153 [omNode-2-impl-thread1] INFO  server.RaftServerConfigKeys (ConfUtils.java:logGet(46)) - raft.server.log.purge.upto.snapshot.index = true (custom)
2023-06-27 17:01:58,153 [main] INFO  server.RaftServer (RaftServerProxy.java:startImpl(400)) - omNode-2: start RPC server
2023-06-27 17:01:58,168 [omNode-1@group-523986131536-LeaderElection1] INFO  server.RaftServerConfigKeys (ConfUtils.java:logFallback(53)) - raft.server.rpc.first-election.timeout.min = 1s (fallback to raft.server.rpc.timeout.min)
2023-06-27 17:01:58,168 [omNode-1@group-523986131536-LeaderElection1] INFO  server.RaftServerConfigKeys (ConfUtils.java:logFallback(53)) - raft.server.rpc.first-election.timeout.max = 1200ms (fallback to raft.server.rpc.timeout.max)
2023-06-27 17:01:58,171 [main] INFO  server.GrpcService (GrpcService.java:startImpl(302)) - omNode-2: GrpcService started, listening on 15011
2023-06-27 17:01:58,171 [omNode-1@group-523986131536-LeaderElection1-1] INFO  server.GrpcServerProtocolClient (GrpcServerProtocolClient.java:<init>(65)) - Build channel for omNode-3
2023-06-27 17:01:58,171 [main] INFO  om.OzoneManager (OzoneManager.java:start(1622)) - Version File has different layout version (6) than OM DB (null). That is expected if this OM has never been finalized to a newer layout version.
2023-06-27 17:01:58,173 [JvmPauseMonitor2] INFO  util.JvmPauseMonitor (JvmPauseMonitor.java:run(103)) - JvmPauseMonitor-omNode-2: Started
2023-06-27 17:01:58,175 [omNode-1@group-523986131536-LeaderElection1-2] INFO  server.GrpcServerProtocolClient (GrpcServerProtocolClient.java:<init>(65)) - Build channel for omNode-2
2023-06-27 17:01:58,185 [main] INFO  http.BaseHttpServer (BaseHttpServer.java:newHttpServer2BuilderForOzone(224)) - Starting Web-server for ozoneManager at: http://0.0.0.0:15009
2023-06-27 17:01:58,185 [main] INFO  http.BaseHttpServer (BaseHttpServer.java:<init>(111)) - Hadoop Security Enabled: false Ozone Security Enabled: false Ozone HTTP Security Enabled: false 
2023-06-27 17:01:58,187 [main] WARN  server.AuthenticationFilter (AuthenticationFilter.java:constructSecretProvider(240)) - Unable to initialize FileSignerSecretProvider, falling back to use random secrets. Reason: Could not read signature secret file: /home/runner/hadoop-http-auth-signature-secret
2023-06-27 17:01:58,190 [main] INFO  http.HttpRequestLog (HttpRequestLog.java:getRequestLog(86)) - Http request log for http.requests.ozoneManager is not defined
2023-06-27 17:01:58,192 [main] INFO  http.HttpServer2 (HttpServer2.java:addGlobalFilter(1031)) - Added global filter 'safety' (class=org.apache.hadoop.hdds.server.http.HttpServer2$QuotingInputFilter)
2023-06-27 17:01:58,195 [main] INFO  http.HttpServer2 (HttpServer2.java:addFilter(1007)) - Added filter static_user_filter (class=org.apache.hadoop.http.lib.StaticUserWebFilter$StaticUserFilter) to context ozoneManager
2023-06-27 17:01:58,195 [main] INFO  http.HttpServer2 (HttpServer2.java:addFilter(1015)) - Added filter static_user_filter (class=org.apache.hadoop.http.lib.StaticUserWebFilter$StaticUserFilter) to context logs
2023-06-27 17:01:58,195 [main] INFO  http.HttpServer2 (HttpServer2.java:addFilter(1015)) - Added filter static_user_filter (class=org.apache.hadoop.http.lib.StaticUserWebFilter$StaticUserFilter) to context static
2023-06-27 17:01:58,197 [main] INFO  http.BaseHttpServer (BaseHttpServer.java:<init>(190)) - HTTP server of ozoneManager uses base directory /home/runner/work/ozone/ozone/hadoop-ozone/integration-test/target/test-dir/MiniOzoneClusterImpl-4d774b9f-68c7-4e3d-9dd4-f167b54dbd62/omNode-2/webserver
2023-06-27 17:01:58,197 [main] INFO  http.HttpServer2 (HttpServer2.java:bindListener(1250)) - Jetty bound to port 15009
2023-06-27 17:01:58,199 [main] INFO  server.Server (Server.java:doStart(375)) - jetty-9.4.51.v20230217; built: 2023-02-17T08:19:37.309Z; git: b45c405e4544384de066f814ed42ae3dceacdd49; jvm 1.8.0_372-b07
2023-06-27 17:01:58,204 [main] INFO  server.session (DefaultSessionIdManager.java:doStart(334)) - DefaultSessionIdManager workerName=node0
2023-06-27 17:01:58,204 [main] INFO  server.session (DefaultSessionIdManager.java:doStart(339)) - No SessionScavenger set, using defaults
2023-06-27 17:01:58,204 [main] INFO  server.session (HouseKeeper.java:startScavenging(132)) - node0 Scavenging every 660000ms
2023-06-27 17:01:58,207 [main] INFO  handler.ContextHandler (ContextHandler.java:doStart(921)) - Started o.e.j.s.ServletContextHandler@bbb5f74{logs,/logs,file:///home/runner/work/ozone/ozone/hadoop-ozone/integration-test/target/log,AVAILABLE}
2023-06-27 17:01:58,207 [main] INFO  handler.ContextHandler (ContextHandler.java:doStart(921)) - Started o.e.j.s.ServletContextHandler@437b23c4{static,/static,file:///home/runner/work/ozone/ozone/hadoop-ozone/integration-test/target/test-classes/webapps/static,AVAILABLE}
2023-06-27 17:01:58,211 [main] INFO  handler.ContextHandler (ContextHandler.java:doStart(921)) - Started o.e.j.w.WebAppContext@472f2a80{ozoneManager,/,file:///home/runner/work/ozone/ozone/hadoop-ozone/integration-test/target/test-classes/webapps/ozoneManager/,AVAILABLE}{file:/home/runner/work/ozone/ozone/hadoop-ozone/integration-test/target/test-classes/webapps/ozoneManager}
2023-06-27 17:01:58,216 [main] INFO  server.AbstractConnector (AbstractConnector.java:doStart(333)) - Started ServerConnector@2d5edbad{HTTP/1.1, (http/1.1)}{0.0.0.0:15009}
2023-06-27 17:01:58,217 [main] INFO  server.Server (Server.java:doStart(415)) - Started @8945ms
2023-06-27 17:01:58,217 [main] WARN  impl.MetricsSystemImpl (MetricsSystemImpl.java:register(279)) - Sink prometheus already exists!
2023-06-27 17:01:58,223 [main] INFO  http.BaseHttpServer (BaseHttpServer.java:updateConnectorAddress(344)) - HTTP server of ozoneManager listening at http://0.0.0.0:15009
2023-06-27 17:01:58,229 [IPC Server Responder] INFO  ipc.Server (Server.java:run(1562)) - IPC Server Responder: starting
2023-06-27 17:01:58,232 [IPC Server listener on 15008] INFO  ipc.Server (Server.java:run(1402)) - IPC Server listener on 15008: starting
2023-06-27 17:01:58,238 [main] INFO  om.OzoneManager (OzoneManager.java:startTrashEmptier(2081)) - Trash Interval set to 0. Files deleted won't move to trash
2023-06-27 17:01:58,238 [main] INFO  ozone.MiniOzoneHAClusterImpl (MiniOzoneHAClusterImpl.java:createOMService(505)) - Started OzoneManager omNode-2 RPC server at localhost/127.0.0.1:15008
2023-06-27 17:01:58,239 [main] INFO  ha.OMHANodeDetails (OMHANodeDetails.java:loadOMHAConfig(121)) - ServiceID for OzoneManager is om-service-test1
2023-06-27 17:01:58,240 [main] INFO  ha.OMHANodeDetails (OMHANodeDetails.java:loadOMHAConfig(201)) - Found matching OM address with OMServiceId: om-service-test1, OMNodeId: omNode-3, RPC Address: localhost:15012 and Ratis port: 15015
2023-06-27 17:01:58,240 [main] INFO  ha.OMHANodeDetails (ConfUtils.java:setNodeSpecificConfigs(97)) - Setting configuration key ozone.om.http-address with value of key ozone.om.http-address.om-service-test1.omNode-3: 127.0.0.1:15013
2023-06-27 17:01:58,240 [main] INFO  ha.OMHANodeDetails (ConfUtils.java:setNodeSpecificConfigs(97)) - Setting configuration key ozone.om.https-address with value of key ozone.om.https-address.om-service-test1.omNode-3: 127.0.0.1:15014
2023-06-27 17:01:58,240 [main] INFO  ha.OMHANodeDetails (ConfUtils.java:setNodeSpecificConfigs(97)) - Setting configuration key ozone.om.address with value of key ozone.om.address.om-service-test1.omNode-3: 127.0.0.1:15012
2023-06-27 17:01:58,240 [main] WARN  server.ServerUtils (ServerUtils.java:getDBPath(311)) - ozone.om.db.dirs is not configured. We recommend adding this setting. Falling back to ozone.metadata.dirs instead.
2023-06-27 17:01:58,245 [main] INFO  proxy.SCMBlockLocationFailoverProxyProvider (SCMBlockLocationFailoverProxyProvider.java:<init>(114)) - Created block location fail-over proxy with 1 nodes: [nodeId=scmNodeId,nodeAddress=/0.0.0.0:15001]
OM initialization succeeded.Current cluster id for sd=/home/runner/work/ozone/ozone/hadoop-ozone/integration-test/target/test-dir/MiniOzoneClusterImpl-4d774b9f-68c7-4e3d-9dd4-f167b54dbd62/omNode-3/om;cid=4d774b9f-68c7-4e3d-9dd4-f167b54dbd62;layoutVersion=6
2023-06-27 17:01:58,280 [main] INFO  ha.OMHANodeDetails (OMHANodeDetails.java:loadOMHAConfig(121)) - ServiceID for OzoneManager is om-service-test1
2023-06-27 17:01:58,280 [main] INFO  ha.OMHANodeDetails (OMHANodeDetails.java:loadOMHAConfig(201)) - Found matching OM address with OMServiceId: om-service-test1, OMNodeId: omNode-3, RPC Address: localhost:15012 and Ratis port: 15015
2023-06-27 17:01:58,281 [main] INFO  ha.OMHANodeDetails (ConfUtils.java:setNodeSpecificConfigs(97)) - Setting configuration key ozone.om.http-address with value of key ozone.om.http-address.om-service-test1.omNode-3: 127.0.0.1:15013
2023-06-27 17:01:58,281 [main] INFO  ha.OMHANodeDetails (ConfUtils.java:setNodeSpecificConfigs(97)) - Setting configuration key ozone.om.https-address with value of key ozone.om.https-address.om-service-test1.omNode-3: 127.0.0.1:15014
2023-06-27 17:01:58,281 [main] INFO  ha.OMHANodeDetails (ConfUtils.java:setNodeSpecificConfigs(97)) - Setting configuration key ozone.om.address with value of key ozone.om.address.om-service-test1.omNode-3: 127.0.0.1:15012
2023-06-27 17:01:58,281 [main] WARN  server.ServerUtils (ServerUtils.java:getDBPath(311)) - ozone.om.db.dirs is not configured. We recommend adding this setting. Falling back to ozone.metadata.dirs instead.
2023-06-27 17:01:58,282 [main] INFO  upgrade.AbstractLayoutVersionManager (AbstractLayoutVersionManager.java:init(83)) - Initializing Layout version manager with metadata layout = QUOTA (version = 6), software layout = QUOTA (version = 6)
2023-06-27 17:01:58,402 [main] INFO  reflections.Reflections (Reflections.java:scan(232)) - Reflections took 118 ms to scan 2 urls, producing 184 keys and 505 values [using 2 cores]
2023-06-27 17:01:58,403 [main] INFO  upgrade.OMLayoutVersionManager (OMLayoutVersionManager.java:lambda$0(115)) - Skipping Upgrade Action MockOmUpgradeAction since it has been finalized.
2023-06-27 17:01:58,403 [main] INFO  upgrade.OMLayoutVersionManager (OMLayoutVersionManager.java:lambda$0(115)) - Skipping Upgrade Action QuotaRepairUpgradeAction since it has been finalized.
2023-06-27 17:01:58,403 [main] WARN  server.ServerUtils (ServerUtils.java:getDBPath(311)) - ozone.om.db.dirs is not configured. We recommend adding this setting. Falling back to ozone.metadata.dirs instead.
2023-06-27 17:01:58,404 [main] INFO  proxy.SCMBlockLocationFailoverProxyProvider (SCMBlockLocationFailoverProxyProvider.java:<init>(114)) - Created block location fail-over proxy with 1 nodes: [nodeId=scmNodeId,nodeAddress=/0.0.0.0:15001]
2023-06-27 17:01:58,406 [main] INFO  proxy.SCMBlockLocationFailoverProxyProvider (SCMBlockLocationFailoverProxyProvider.java:<init>(114)) - Created block location fail-over proxy with 1 nodes: [nodeId=scmNodeId,nodeAddress=/0.0.0.0:15001]
2023-06-27 17:01:58,417 [main] INFO  om.OzoneManager (OzoneManager.java:<init>(654)) - OM start with adminUsers: [*, runner]
2023-06-27 17:01:58,418 [main] WARN  server.ServerUtils (ServerUtils.java:getDBPath(311)) - ozone.om.db.dirs is not configured. We recommend adding this setting. Falling back to ozone.metadata.dirs instead.
2023-06-27 17:01:58,418 [main] INFO  helpers.OmKeyInfo (OmKeyInfo.java:getCodec(71)) - OmKeyInfo.getCodec ignorePipeline = true
2023-06-27 17:01:58,524 [omNode-1@group-523986131536-LeaderElection1] INFO  impl.LeaderElection (LogUtils.java:infoOrTrace(137)) - omNode-1@group-523986131536-LeaderElection1 got exception when requesting votes: java.util.concurrent.ExecutionException: org.apache.ratis.thirdparty.io.grpc.StatusRuntimeException: UNAVAILABLE: io exception
2023-06-27 17:01:58,624 [grpc-default-executor-0] INFO  server.RaftServer$Division (RaftServerImpl.java:requestVote(1302)) - omNode-2@group-523986131536: receive requestVote(PRE_VOTE, omNode-1, group-523986131536, 0, (t:0, i:~))
2023-06-27 17:01:58,626 [grpc-default-executor-0] INFO  impl.VoteContext (VoteContext.java:log(49)) - omNode-2@group-523986131536-FOLLOWER: accept PRE_VOTE from omNode-1: our priority 0 <= candidate's priority 0
2023-06-27 17:01:58,632 [grpc-default-executor-0] INFO  server.RaftServer$Division (RaftServerImpl.java:requestVote(1335)) - omNode-2@group-523986131536 replies to PRE_VOTE vote request: omNode-1<-omNode-2#0:OK-t0. Peer's state: omNode-2@group-523986131536:t0, leader=null, voted=, raftlog=Memoized:omNode-2@group-523986131536-SegmentedRaftLog:OPENED:c-1, conf=-1: peers:[omNode-3|rpc:localhost:15015|priority:0|startupRole:FOLLOWER, omNode-1|rpc:localhost:15007|priority:0|startupRole:FOLLOWER, omNode-2|rpc:localhost:15011|priority:0|startupRole:FOLLOWER]|listeners:[], old=null
2023-06-27 17:01:58,644 [omNode-1@group-523986131536-LeaderElection1] INFO  impl.LeaderElection (LeaderElection.java:logAndReturn(90)) - omNode-1@group-523986131536-LeaderElection1: PRE_VOTE PASSED received 1 response(s) and 1 exception(s):
2023-06-27 17:01:58,644 [omNode-1@group-523986131536-LeaderElection1] INFO  impl.LeaderElection (LeaderElection.java:logAndReturn(94)) -   Response 0: omNode-1<-omNode-2#0:OK-t0
2023-06-27 17:01:58,644 [omNode-1@group-523986131536-LeaderElection1] INFO  impl.LeaderElection (LogUtils.java:infoOrTrace(137)) -   Exception 1: java.util.concurrent.ExecutionException: org.apache.ratis.thirdparty.io.grpc.StatusRuntimeException: UNAVAILABLE: io exception
2023-06-27 17:01:58,644 [omNode-1@group-523986131536-LeaderElection1] INFO  impl.LeaderElection (LeaderElection.java:askForVotes(323)) - omNode-1@group-523986131536-LeaderElection1 PRE_VOTE round 0: result PASSED
2023-06-27 17:01:58,647 [omNode-1@group-523986131536-LeaderElection1] INFO  impl.LeaderElection (LeaderElection.java:askForVotes(321)) - omNode-1@group-523986131536-LeaderElection1 ELECTION round 0: submit vote requests at term 1 for -1: peers:[omNode-3|rpc:localhost:15015|priority:0|startupRole:FOLLOWER, omNode-1|rpc:localhost:15007|priority:0|startupRole:FOLLOWER, omNode-2|rpc:localhost:15011|priority:0|startupRole:FOLLOWER]|listeners:[], old=null
2023-06-27 17:01:58,653 [omNode-1@group-523986131536-LeaderElection1] INFO  server.RaftServerConfigKeys (ConfUtils.java:logFallback(53)) - raft.server.rpc.first-election.timeout.min = 1s (fallback to raft.server.rpc.timeout.min)
2023-06-27 17:01:58,653 [omNode-1@group-523986131536-LeaderElection1] INFO  server.RaftServerConfigKeys (ConfUtils.java:logFallback(53)) - raft.server.rpc.first-election.timeout.max = 1200ms (fallback to raft.server.rpc.timeout.max)
2023-06-27 17:01:58,653 [omNode-1@group-523986131536-LeaderElection1] INFO  impl.LeaderElection (LogUtils.java:infoOrTrace(137)) - omNode-1@group-523986131536-LeaderElection1 got exception when requesting votes: java.util.concurrent.ExecutionException: org.apache.ratis.thirdparty.io.grpc.StatusRuntimeException: UNAVAILABLE: io exception
2023-06-27 17:01:58,660 [grpc-default-executor-0] INFO  server.RaftServer$Division (RaftServerImpl.java:requestVote(1302)) - omNode-2@group-523986131536: receive requestVote(ELECTION, omNode-1, group-523986131536, 1, (t:0, i:~))
2023-06-27 17:01:58,660 [grpc-default-executor-0] INFO  impl.VoteContext (VoteContext.java:log(49)) - omNode-2@group-523986131536-FOLLOWER: accept ELECTION from omNode-1: our priority 0 <= candidate's priority 0
2023-06-27 17:01:58,661 [grpc-default-executor-0] INFO  server.RaftServer$Division (RaftServerImpl.java:setRole(329)) - omNode-2@group-523986131536: changes role from  FOLLOWER to FOLLOWER at term 1 for candidate:omNode-1
2023-06-27 17:01:58,661 [grpc-default-executor-0] INFO  impl.RoleInfo (RoleInfo.java:shutdownFollowerState(110)) - omNode-2: shutdown omNode-2@group-523986131536-FollowerState
2023-06-27 17:01:58,661 [grpc-default-executor-0] INFO  impl.RoleInfo (RoleInfo.java:updateAndGet(139)) - omNode-2: start omNode-2@group-523986131536-FollowerState
2023-06-27 17:01:58,661 [omNode-2@group-523986131536-FollowerState] INFO  impl.FollowerState (FollowerState.java:run(152)) - omNode-2@group-523986131536-FollowerState was interrupted
2023-06-27 17:01:58,666 [grpc-default-executor-0] INFO  server.RaftServer$Division (RaftServerImpl.java:requestVote(1335)) - omNode-2@group-523986131536 replies to ELECTION vote request: omNode-1<-omNode-2#0:OK-t1. Peer's state: omNode-2@group-523986131536:t1, leader=null, voted=omNode-1, raftlog=Memoized:omNode-2@group-523986131536-SegmentedRaftLog:OPENED:c-1, conf=-1: peers:[omNode-3|rpc:localhost:15015|priority:0|startupRole:FOLLOWER, omNode-1|rpc:localhost:15007|priority:0|startupRole:FOLLOWER, omNode-2|rpc:localhost:15011|priority:0|startupRole:FOLLOWER]|listeners:[], old=null
2023-06-27 17:01:58,669 [omNode-1@group-523986131536-LeaderElection1] INFO  impl.LeaderElection (LeaderElection.java:logAndReturn(90)) - omNode-1@group-523986131536-LeaderElection1: ELECTION PASSED received 1 response(s) and 1 exception(s):
2023-06-27 17:01:58,669 [omNode-1@group-523986131536-LeaderElection1] INFO  impl.LeaderElection (LeaderElection.java:logAndReturn(94)) -   Response 0: omNode-1<-omNode-2#0:OK-t1
2023-06-27 17:01:58,669 [omNode-1@group-523986131536-LeaderElection1] INFO  impl.LeaderElection (LogUtils.java:infoOrTrace(137)) -   Exception 1: java.util.concurrent.ExecutionException: org.apache.ratis.thirdparty.io.grpc.StatusRuntimeException: UNAVAILABLE: io exception
2023-06-27 17:01:58,669 [omNode-1@group-523986131536-LeaderElection1] INFO  impl.LeaderElection (LeaderElection.java:askForVotes(323)) - omNode-1@group-523986131536-LeaderElection1 ELECTION round 0: result PASSED
2023-06-27 17:01:58,670 [omNode-1@group-523986131536-LeaderElection1] INFO  impl.RoleInfo (RoleInfo.java:shutdownLeaderElection(130)) - omNode-1: shutdown omNode-1@group-523986131536-LeaderElection1
2023-06-27 17:01:58,670 [omNode-1@group-523986131536-LeaderElection1] INFO  server.RaftServer$Division (RaftServerImpl.java:setRole(329)) - omNode-1@group-523986131536: changes role from CANDIDATE to LEADER at term 1 for changeToLeader
2023-06-27 17:01:58,673 [omNode-1@group-523986131536-LeaderElection1] INFO  server.RaftServer$Division (ServerState.java:setLeader(317)) - omNode-1@group-523986131536: change Leader from null to omNode-1 at term 1 for becomeLeader, leader elected after 2855ms
2023-06-27 17:01:58,686 [omNode-1@group-523986131536-LeaderElection1] INFO  server.RaftServerConfigKeys (ConfUtils.java:logGet(46)) - raft.server.staging.catchup.gap = 1000 (default)
2023-06-27 17:01:58,698 [omNode-1@group-523986131536-LeaderElection1] INFO  server.RaftServerConfigKeys (ConfUtils.java:logGet(46)) - raft.server.write.element-limit = 4096 (default)
2023-06-27 17:01:58,700 [omNode-1@group-523986131536-LeaderElection1] INFO  server.RaftServerConfigKeys (ConfUtils.java:logGet(46)) - raft.server.write.byte-limit = 64MB (=67108864) (default)
2023-06-27 17:01:58,710 [omNode-1@group-523986131536-LeaderElection1] INFO  server.RaftServerConfigKeys (ConfUtils.java:logGet(46)) - raft.server.watch.timeout = 10s (default)
2023-06-27 17:01:58,711 [omNode-1@group-523986131536-LeaderElection1] INFO  server.RaftServerConfigKeys (ConfUtils.java:logGet(46)) - raft.server.watch.timeout.denomination = 1s (default)
2023-06-27 17:01:58,711 [omNode-1@group-523986131536-LeaderElection1] INFO  server.RaftServerConfigKeys (ConfUtils.java:logGet(46)) - raft.server.watch.element-limit = 65536 (default)
2023-06-27 17:01:58,718 [omNode-1@group-523986131536-LeaderElection1] INFO  server.RaftServerConfigKeys (ConfUtils.java:logGet(46)) - raft.server.write.element-limit = 4096 (default)
2023-06-27 17:01:58,723 [omNode-1@group-523986131536-LeaderElection1] INFO  server.RaftServerConfigKeys (ConfUtils.java:logGet(46)) - raft.server.write.follower.gap.ratio.max = -1.0 (default)
2023-06-27 17:01:58,747 [omNode-1@group-523986131536-LeaderElection1] INFO  server.RaftServerConfigKeys (ConfUtils.java:logGet(46)) - raft.server.log.appender.snapshot.chunk.size.max = 16MB (=16777216) (default)
2023-06-27 17:01:58,748 [omNode-1@group-523986131536-LeaderElection1] INFO  server.RaftServerConfigKeys (ConfUtils.java:logGet(46)) - raft.server.log.appender.buffer.byte-limit = 33554432 (custom)
2023-06-27 17:01:58,749 [omNode-1@group-523986131536-LeaderElection1] INFO  server.RaftServerConfigKeys (ConfUtils.java:logGet(46)) - raft.server.log.appender.buffer.element-limit = 1024 (custom)
2023-06-27 17:01:58,752 [omNode-1@group-523986131536-LeaderElection1] INFO  server.RaftServerConfigKeys (ConfUtils.java:logGet(46)) - raft.server.log.appender.wait-time.min = 10ms (default)
2023-06-27 17:01:58,753 [main] INFO  om.OzoneManager (OzoneManager.java:instantiateServices(783)) - S3 Multi-Tenancy is disabled
2023-06-27 17:01:58,754 [main] INFO  om.OmSnapshotManager (OmSnapshotManager.java:<init>(179)) - Ozone filesystem snapshot feature is enabled.
2023-06-27 17:01:58,754 [main] WARN  server.ServerUtils (ServerUtils.java:getDBPath(311)) - ozone.om.snapshot.diff.db.dir is not configured. We recommend adding this setting. Falling back to ozone.metadata.dirs instead.
2023-06-27 17:01:58,754 [omNode-1@group-523986131536-LeaderElection1] INFO  grpc.GrpcConfigKeys (ConfUtils.java:logGet(46)) - raft.grpc.server.leader.outstanding.appends.max = 128 (default)
2023-06-27 17:01:58,756 [omNode-1@group-523986131536-LeaderElection1] INFO  server.RaftServerConfigKeys (ConfUtils.java:logGet(46)) - raft.server.rpc.request.timeout = 3000ms (default)
2023-06-27 17:01:58,756 [omNode-1@group-523986131536-LeaderElection1] INFO  grpc.GrpcConfigKeys (ConfUtils.java:logGet(46)) - raft.grpc.server.install_snapshot.request.element-limit = 8 (default)
2023-06-27 17:01:58,756 [omNode-1@group-523986131536-LeaderElection1] INFO  grpc.GrpcConfigKeys (ConfUtils.java:logGet(46)) - raft.grpc.server.install_snapshot.request.timeout = 3000ms (default)
2023-06-27 17:01:58,756 [omNode-1@group-523986131536-LeaderElection1] INFO  server.RaftServerConfigKeys (ConfUtils.java:logGet(46)) - raft.server.log.appender.install.snapshot.enabled = false (custom)
2023-06-27 17:01:58,757 [omNode-1@group-523986131536-LeaderElection1] INFO  grpc.GrpcConfigKeys (ConfUtils.java:logGet(46)) - raft.grpc.server.heartbeat.channel = true (default)
2023-06-27 17:01:58,763 [omNode-1@group-523986131536-LeaderElection1] INFO  server.RaftServerConfigKeys (ConfUtils.java:logGet(46)) - raft.server.log.appender.snapshot.chunk.size.max = 16MB (=16777216) (default)
2023-06-27 17:01:58,763 [omNode-1@group-523986131536-LeaderElection1] INFO  server.RaftServerConfigKeys (ConfUtils.java:logGet(46)) - raft.server.log.appender.buffer.byte-limit = 33554432 (custom)
2023-06-27 17:01:58,763 [omNode-1@group-523986131536-LeaderElection1] INFO  server.RaftServerConfigKeys (ConfUtils.java:logGet(46)) - raft.server.log.appender.buffer.element-limit = 1024 (custom)
2023-06-27 17:01:58,763 [omNode-1@group-523986131536-LeaderElection1] INFO  server.RaftServerConfigKeys (ConfUtils.java:logGet(46)) - raft.server.log.appender.wait-time.min = 10ms (default)
2023-06-27 17:01:58,763 [omNode-1@group-523986131536-LeaderElection1] INFO  grpc.GrpcConfigKeys (ConfUtils.java:logGet(46)) - raft.grpc.server.leader.outstanding.appends.max = 128 (default)
2023-06-27 17:01:58,764 [omNode-1@group-523986131536-LeaderElection1] INFO  server.RaftServerConfigKeys (ConfUtils.java:logGet(46)) - raft.server.rpc.request.timeout = 3000ms (default)
2023-06-27 17:01:58,764 [omNode-1@group-523986131536-LeaderElection1] INFO  grpc.GrpcConfigKeys (ConfUtils.java:logGet(46)) - raft.grpc.server.install_snapshot.request.element-limit = 8 (default)
2023-06-27 17:01:58,764 [omNode-1@group-523986131536-LeaderElection1] INFO  grpc.GrpcConfigKeys (ConfUtils.java:logGet(46)) - raft.grpc.server.install_snapshot.request.timeout = 3000ms (default)
2023-06-27 17:01:58,765 [omNode-1@group-523986131536-LeaderElection1] INFO  server.RaftServerConfigKeys (ConfUtils.java:logGet(46)) - raft.server.log.appender.install.snapshot.enabled = false (custom)
2023-06-27 17:01:58,765 [omNode-1@group-523986131536-LeaderElection1] INFO  grpc.GrpcConfigKeys (ConfUtils.java:logGet(46)) - raft.grpc.server.heartbeat.channel = true (default)
2023-06-27 17:01:58,768 [omNode-1@group-523986131536-LeaderElection1] INFO  impl.RoleInfo (RoleInfo.java:updateAndGet(139)) - omNode-1: start omNode-1@group-523986131536-LeaderStateImpl
2023-06-27 17:01:58,779 [main] INFO  snapshot.SnapshotDiffManager (SnapshotDiffManager.java:closeExecutorService(1630)) - Shutting down executorService: 'SstDumpToolExecutor'
2023-06-27 17:01:58,786 [main] INFO  om.OzoneManager (OzoneManager.java:addS3GVolumeToDB(4258)) - Created Volume s3v With Owner runner required for S3Gateway operations.
2023-06-27 17:01:58,786 [main] WARN  server.ServerUtils (ServerUtils.java:getDefaultRatisDirectory(323)) - Storage directory for Ratis is not configured. It is a good idea to map this to an SSD disk. Falling back to ozone.metadata.dirs
2023-06-27 17:01:58,787 [main] WARN  utils.OzoneManagerRatisUtils (OzoneManagerRatisUtils.java:getOMRatisSnapshotDirectory(461)) - ozone.om.ratis.snapshot.dir is not configured. Falling back to ozone.metadata.dirs config
2023-06-27 17:01:58,789 [main] INFO  utils.RDBSnapshotProvider (RDBSnapshotProvider.java:init(86)) - Cleaning up the candidate dir: /home/runner/work/ozone/ozone/hadoop-ozone/integration-test/target/test-dir/MiniOzoneClusterImpl-4d774b9f-68c7-4e3d-9dd4-f167b54dbd62/omNode-3/snapshot/om.db.candidate
2023-06-27 17:01:58,789 [main] INFO  ratis_snapshot.OmRatisSnapshotProvider (OmRatisSnapshotProvider.java:<init>(99)) - Initializing OM Snapshot Provider
2023-06-27 17:01:58,792 [main] WARN  impl.MetricRegistriesImpl (MetricRegistriesImpl.java:addReporterRegistration(111)) - New reporters are added after registries were created. Some metrics will be missing from the reporter. Please add reporter before adding any new registry.
2023-06-27 17:01:58,792 [main] WARN  impl.MetricRegistriesImpl (MetricRegistriesImpl.java:addReporterRegistration(111)) - New reporters are added after registries were created. Some metrics will be missing from the reporter. Please add reporter before adding any new registry.
2023-06-27 17:01:58,792 [main] WARN  server.ServerUtils (ServerUtils.java:getDefaultRatisDirectory(323)) - Storage directory for Ratis is not configured. It is a good idea to map this to an SSD disk. Falling back to ozone.metadata.dirs
2023-06-27 17:01:58,794 [main] INFO  ratis.OzoneManagerRatisServer (OzoneManagerRatisServer.java:<init>(163)) - Instantiating OM Ratis server with groupID: om-service-test1 and peers: localhost:15015, localhost:15007, localhost:15011
2023-06-27 17:01:58,795 [main] INFO  ratis.OzoneManagerStateMachine (OzoneManagerStateMachine.java:loadSnapshotInfoFromDB(670)) - LastAppliedIndex is set from TransactionInfo from OM DB as (t:0, i:~)
2023-06-27 17:01:58,801 [main] INFO  server.RaftServer (ConfUtils.java:logGet(46)) - raft.rpc.type = GRPC (default)
2023-06-27 17:01:58,803 [main] INFO  grpc.GrpcConfigKeys (ConfUtils.java:logFallback(53)) - raft.grpc.admin.host = null (fallback to raft.grpc.server.host)
2023-06-27 17:01:58,803 [main] INFO  grpc.GrpcConfigKeys (ConfUtils.java:logFallback(53)) - raft.grpc.admin.port = 15015 (fallback to raft.grpc.server.port)
2023-06-27 17:01:58,806 [main] INFO  grpc.GrpcConfigKeys (ConfUtils.java:logFallback(53)) - raft.grpc.client.host = null (fallback to raft.grpc.server.host)
2023-06-27 17:01:58,806 [main] INFO  grpc.GrpcConfigKeys (ConfUtils.java:logFallback(53)) - raft.grpc.client.port = 15015 (fallback to raft.grpc.server.port)
2023-06-27 17:01:58,806 [main] INFO  grpc.GrpcConfigKeys (ConfUtils.java:logGet(46)) - raft.grpc.server.host = null (default)
2023-06-27 17:01:58,806 [main] INFO  grpc.GrpcConfigKeys (ConfUtils.java:logGet(46)) - raft.grpc.server.port = 15015 (custom)
2023-06-27 17:01:58,806 [main] INFO  server.GrpcService (ConfUtils.java:logGet(46)) - raft.grpc.message.size.max = 33554432 (custom)
2023-06-27 17:01:58,806 [main] INFO  server.RaftServerConfigKeys (ConfUtils.java:logGet(46)) - raft.server.log.appender.buffer.byte-limit = 33554432 (custom)
2023-06-27 17:01:58,807 [main] INFO  server.GrpcService (ConfUtils.java:logGet(46)) - raft.grpc.flow.control.window = 1MB (=1048576) (default)
2023-06-27 17:01:58,807 [main] INFO  server.RaftServerConfigKeys (ConfUtils.java:logGet(46)) - raft.server.rpc.request.timeout = 3000ms (default)
2023-06-27 17:01:58,807 [main] INFO  grpc.GrpcConfigKeys (ConfUtils.java:logGet(46)) - raft.grpc.server.heartbeat.channel = true (default)
2023-06-27 17:01:58,807 [main] INFO  grpc.GrpcConfigKeys (ConfUtils.java:logGet(46)) - raft.grpc.server.async.request.thread.pool.cached = true (default)
2023-06-27 17:01:58,807 [main] INFO  grpc.GrpcConfigKeys (ConfUtils.java:logGet(46)) - raft.grpc.server.async.request.thread.pool.size = 32 (default)
2023-06-27 17:01:58,821 [main] INFO  impl.DataStreamServerImpl (ConfUtils.java:logGet(46)) - raft.datastream.type = DISABLED (default)
2023-06-27 17:01:58,821 [main] INFO  server.RaftServerConfigKeys (ConfUtils.java:logGet(46)) - raft.server.threadpool.proxy.cached = true (default)
2023-06-27 17:01:58,821 [main] INFO  server.RaftServerConfigKeys (ConfUtils.java:logGet(46)) - raft.server.threadpool.proxy.size = 0 (default)
2023-06-27 17:01:58,821 [main] INFO  server.RaftServerConfigKeys (ConfUtils.java:logGet(46)) - raft.server.rpc.slowness.timeout = 2s (custom)
2023-06-27 17:01:58,821 [main] INFO  server.RaftServerConfigKeys (ConfUtils.java:logGet(46)) - raft.server.leaderelection.leader.step-down.wait-time = 10s (default)
2023-06-27 17:01:58,822 [main] INFO  server.RaftServerConfigKeys (ConfUtils.java:logGet(46)) - raft.server.storage.dir = [/home/runner/work/ozone/ozone/hadoop-ozone/integration-test/target/test-dir/MiniOzoneClusterImpl-4d774b9f-68c7-4e3d-9dd4-f167b54dbd62/omNode-3/ratis] (custom)
2023-06-27 17:01:58,822 [omNode-1@group-523986131536-LeaderElection1] INFO  segmented.SegmentedRaftLogWorker (SegmentedRaftLogWorker.java:startLogSegment(447)) - omNode-1@group-523986131536-SegmentedRaftLogWorker: Starting segment from index:0
2023-06-27 17:01:58,842 [main] INFO  server.RaftServer (RaftServerProxy.java:addNew(98)) - omNode-3: addNew group-523986131536:[omNode-3|rpc:localhost:15015|priority:0|startupRole:FOLLOWER, omNode-1|rpc:localhost:15007|priority:0|startupRole:FOLLOWER, omNode-2|rpc:localhost:15011|priority:0|startupRole:FOLLOWER] returns group-523986131536:java.util.concurrent.CompletableFuture@1e5975db[Not completed]
2023-06-27 17:01:58,843 [main] INFO  om.OzoneManager (OzoneManager.java:initializeRatisServer(2128)) - OzoneManager Ratis server initialized at port 15015
2023-06-27 17:01:58,843 [main] INFO  om.OzoneManager (OzoneManager.java:getRpcServer(1176)) - Creating RPC Server
2023-06-27 17:01:58,845 [omNode-3-groupManagement] INFO  server.RaftServer$Division (RaftServerImpl.java:<init>(198)) - omNode-3: new RaftServerImpl for group-523986131536:[omNode-3|rpc:localhost:15015|priority:0|startupRole:FOLLOWER, omNode-1|rpc:localhost:15007|priority:0|startupRole:FOLLOWER, omNode-2|rpc:localhost:15011|priority:0|startupRole:FOLLOWER] with OzoneManagerStateMachine:uninitialized
2023-06-27 17:01:58,845 [omNode-3-groupManagement] INFO  server.RaftServerConfigKeys (ConfUtils.java:logGet(46)) - raft.server.rpc.timeout.min = 1s (custom)
2023-06-27 17:01:58,845 [omNode-3-groupManagement] INFO  server.RaftServerConfigKeys (ConfUtils.java:logGet(46)) - raft.server.rpc.timeout.max = 1200ms (custom)
2023-06-27 17:01:58,845 [omNode-3-groupManagement] INFO  server.RaftServerConfigKeys (ConfUtils.java:logGet(46)) - raft.server.rpc.sleep.time = 25ms (default)
2023-06-27 17:01:58,845 [omNode-3-groupManagement] INFO  server.RaftServerConfigKeys (ConfUtils.java:logGet(46)) - raft.server.rpc.slowness.timeout = 2s (custom)
2023-06-27 17:01:58,845 [omNode-3-groupManagement] INFO  server.RaftServerConfigKeys (ConfUtils.java:logGet(46)) - raft.server.leaderelection.leader.step-down.wait-time = 10s (default)
2023-06-27 17:01:58,845 [omNode-3-groupManagement] INFO  server.RaftServerConfigKeys (ConfUtils.java:logGet(46)) - raft.server.sleep.deviation.threshold = 300ms (default)
2023-06-27 17:01:58,845 [omNode-3-groupManagement] INFO  server.RaftServer$Division (ServerState.java:<init>(120)) - omNode-3@group-523986131536: ConfigurationManager, init=-1: peers:[omNode-3|rpc:localhost:15015|priority:0|startupRole:FOLLOWER, omNode-1|rpc:localhost:15007|priority:0|startupRole:FOLLOWER, omNode-2|rpc:localhost:15011|priority:0|startupRole:FOLLOWER]|listeners:[], old=null, confs=<EMPTY_MAP>
2023-06-27 17:01:58,845 [omNode-3-groupManagement] INFO  server.RaftServerConfigKeys (ConfUtils.java:logGet(46)) - raft.server.storage.dir = [/home/runner/work/ozone/ozone/hadoop-ozone/integration-test/target/test-dir/MiniOzoneClusterImpl-4d774b9f-68c7-4e3d-9dd4-f167b54dbd62/omNode-3/ratis] (custom)
2023-06-27 17:01:58,846 [omNode-3-groupManagement] INFO  server.RaftServerConfigKeys (ConfUtils.java:logGet(46)) - raft.server.log.corruption.policy = EXCEPTION (default)
2023-06-27 17:01:58,846 [omNode-3-groupManagement] INFO  server.RaftServerConfigKeys (ConfUtils.java:logGet(46)) - raft.server.storage.free-space.min = 0MB (=0) (default)
2023-06-27 17:01:58,846 [omNode-3-groupManagement] INFO  server.RaftServerConfigKeys (ConfUtils.java:logGet(46)) - raft.server.notification.no-leader.timeout = 2s (custom)
2023-06-27 17:01:58,846 [omNode-3-groupManagement] INFO  server.RaftServerConfigKeys (ConfUtils.java:logGet(46)) - raft.server.read.timeout = 10s (default)
2023-06-27 17:01:58,846 [omNode-3-groupManagement] INFO  server.RaftServerConfigKeys (ConfUtils.java:logGet(46)) - raft.server.retrycache.expirytime = 30000ms (custom)
2023-06-27 17:01:58,846 [omNode-3-groupManagement] INFO  server.RaftServerConfigKeys (ConfUtils.java:logGet(46)) - raft.server.retrycache.statistics.expirytime = 100μs (default)
2023-06-27 17:01:58,846 [omNode-3-groupManagement] INFO  server.RaftServerConfigKeys (ConfUtils.java:logGet(46)) - raft.server.read.option = DEFAULT (default)
2023-06-27 17:01:58,847 [omNode-3-groupManagement] INFO  server.RaftServerConfigKeys (ConfUtils.java:logGet(46)) - raft.server.rpc.request.timeout = 3000ms (default)
2023-06-27 17:01:58,847 [omNode-3-groupManagement] INFO  server.RaftServerConfigKeys (ConfUtils.java:logGet(46)) - raft.server.log.appender.install.snapshot.enabled = false (custom)
2023-06-27 17:01:58,847 [omNode-3-groupManagement] INFO  server.RaftServerConfigKeys (ConfUtils.java:logGet(46)) - raft.server.threadpool.server.cached = true (default)
2023-06-27 17:01:58,848 [omNode-3-groupManagement] INFO  server.RaftServerConfigKeys (ConfUtils.java:logGet(46)) - raft.server.threadpool.server.size = 0 (default)
2023-06-27 17:01:58,848 [omNode-3-groupManagement] INFO  server.RaftServerConfigKeys (ConfUtils.java:logGet(46)) - raft.server.threadpool.client.cached = true (default)
2023-06-27 17:01:58,848 [omNode-3-groupManagement] INFO  server.RaftServerConfigKeys (ConfUtils.java:logGet(46)) - raft.server.threadpool.client.size = 0 (default)
2023-06-27 17:01:58,869 [omNode-1@group-523986131536-LeaderElection1] INFO  server.RaftServer$Division (ServerState.java:setRaftConf(434)) - omNode-1@group-523986131536: set configuration 0: peers:[omNode-3|rpc:localhost:15015|admin:|client:|dataStream:|priority:0|startupRole:FOLLOWER, omNode-1|rpc:localhost:15007|admin:|client:|dataStream:|priority:0|startupRole:FOLLOWER, omNode-2|rpc:localhost:15011|admin:|client:|dataStream:|priority:0|startupRole:FOLLOWER]|listeners:[], old=null
2023-06-27 17:01:58,900 [grpc-default-executor-0] WARN  server.GrpcLogAppender (LogUtils.java:warn(122)) - omNode-1@group-523986131536->omNode-3-AppendLogResponseHandler: Failed appendEntries: org.apache.ratis.thirdparty.io.grpc.StatusRuntimeException: UNAVAILABLE: io exception
2023-06-27 17:01:58,975 [grpc-default-executor-3] WARN  server.GrpcLogAppender (LogUtils.java:warn(122)) - omNode-1@group-523986131536->omNode-3-AppendLogResponseHandler: Failed appendEntries: org.apache.ratis.thirdparty.io.grpc.StatusRuntimeException: UNAVAILABLE: io exception
2023-06-27 17:01:58,979 [grpc-default-executor-3] INFO  leader.FollowerInfo (FollowerInfoImpl.java:lambda$new$0(52)) - omNode-1@group-523986131536->omNode-3: decreaseNextIndex nextIndex: updateUnconditionally 1 -> 0
2023-06-27 17:01:58,985 [grpc-default-executor-1] WARN  server.GrpcLogAppender (LogUtils.java:warn(122)) - omNode-1@group-523986131536->omNode-3-AppendLogResponseHandler: Failed appendEntries: org.apache.ratis.thirdparty.io.grpc.StatusRuntimeException: UNAVAILABLE: io exception
2023-06-27 17:01:58,985 [grpc-default-executor-0] WARN  server.GrpcLogAppender (LogUtils.java:warn(122)) - omNode-1@group-523986131536->omNode-3-AppendLogResponseHandler: Failed appendEntries: org.apache.ratis.thirdparty.io.grpc.StatusRuntimeException: UNAVAILABLE: io exception
2023-06-27 17:01:58,986 [omNode-2-server-thread1] INFO  server.RaftServer$Division (ServerState.java:setLeader(317)) - omNode-2@group-523986131536: change Leader from null to omNode-1 at term 1 for appendEntries, leader elected after 1487ms
2023-06-27 17:01:58,988 [omNode-2-server-thread1] INFO  server.RaftServer$Division (ServerState.java:setRaftConf(434)) - omNode-2@group-523986131536: set configuration 0: peers:[omNode-3|rpc:localhost:15015|admin:|client:|dataStream:|priority:0|startupRole:FOLLOWER, omNode-1|rpc:localhost:15007|admin:|client:|dataStream:|priority:0|startupRole:FOLLOWER, omNode-2|rpc:localhost:15011|admin:|client:|dataStream:|priority:0|startupRole:FOLLOWER]|listeners:[], old=null
2023-06-27 17:01:58,993 [omNode-2-server-thread1] INFO  segmented.SegmentedRaftLogWorker (SegmentedRaftLogWorker.java:startLogSegment(447)) - omNode-2@group-523986131536-SegmentedRaftLogWorker: Starting segment from index:0
2023-06-27 17:01:59,069 [omNode-2@group-523986131536-SegmentedRaftLogWorker] INFO  segmented.SegmentedRaftLogWorker (SegmentedRaftLogWorker.java:execute(651)) - omNode-2@group-523986131536-SegmentedRaftLogWorker: created new log segment /home/runner/work/ozone/ozone/hadoop-ozone/integration-test/target/test-dir/MiniOzoneClusterImpl-4d774b9f-68c7-4e3d-9dd4-f167b54dbd62/omNode-2/ratis/c9bc4cf4-3bc3-3c60-a66b-523986131536/current/log_inprogress_0
2023-06-27 17:01:59,069 [omNode-1@group-523986131536-SegmentedRaftLogWorker] INFO  segmented.SegmentedRaftLogWorker (SegmentedRaftLogWorker.java:execute(651)) - omNode-1@group-523986131536-SegmentedRaftLogWorker: created new log segment /home/runner/work/ozone/ozone/hadoop-ozone/integration-test/target/test-dir/MiniOzoneClusterImpl-4d774b9f-68c7-4e3d-9dd4-f167b54dbd62/omNode-1/ratis/c9bc4cf4-3bc3-3c60-a66b-523986131536/current/log_inprogress_0
2023-06-27 17:01:59,085 [grpc-default-executor-2] WARN  server.GrpcLogAppender (LogUtils.java:warn(122)) - omNode-1@group-523986131536->omNode-3-AppendLogResponseHandler: Failed appendEntries: org.apache.ratis.thirdparty.io.grpc.StatusRuntimeException: UNAVAILABLE: io exception
2023-06-27 17:01:59,086 [grpc-default-executor-0] WARN  server.GrpcLogAppender (LogUtils.java:warn(122)) - omNode-1@group-523986131536->omNode-3-AppendLogResponseHandler: Failed appendEntries: org.apache.ratis.thirdparty.io.grpc.StatusRuntimeException: UNAVAILABLE: io exception
2023-06-27 17:01:59,086 [grpc-default-executor-2] INFO  leader.FollowerInfo (FollowerInfoImpl.java:lambda$new$0(52)) - omNode-1@group-523986131536->omNode-3: decreaseNextIndex nextIndex: updateUnconditionally 1 -> 0
2023-06-27 17:01:59,105 [grpc-default-executor-2] WARN  server.GrpcLogAppender (LogUtils.java:warn(122)) - omNode-1@group-523986131536->omNode-3-AppendLogResponseHandler: Failed appendEntries: org.apache.ratis.thirdparty.io.grpc.StatusRuntimeException: UNAVAILABLE: io exception
2023-06-27 17:01:59,106 [grpc-default-executor-2] INFO  leader.FollowerInfo (FollowerInfoImpl.java:lambda$new$0(52)) - omNode-1@group-523986131536->omNode-3: decreaseNextIndex nextIndex: updateUnconditionally 1 -> 0
2023-06-27 17:01:59,110 [grpc-default-executor-0] WARN  server.GrpcLogAppender (LogUtils.java:warn(122)) - omNode-1@group-523986131536->omNode-3-AppendLogResponseHandler: Failed appendEntries: org.apache.ratis.thirdparty.io.grpc.StatusRuntimeException: UNAVAILABLE: io exception
2023-06-27 17:01:59,162 [grpc-default-executor-0] WARN  server.GrpcLogAppender (LogUtils.java:warn(122)) - omNode-1@group-523986131536->omNode-3-AppendLogResponseHandler: Failed appendEntries: org.apache.ratis.thirdparty.io.grpc.StatusRuntimeException: UNAVAILABLE: io exception
2023-06-27 17:01:59,163 [grpc-default-executor-2] WARN  server.GrpcLogAppender (LogUtils.java:warn(122)) - omNode-1@group-523986131536->omNode-3-AppendLogResponseHandler: Failed appendEntries: org.apache.ratis.thirdparty.io.grpc.StatusRuntimeException: UNAVAILABLE: io exception
2023-06-27 17:01:59,236 [grpc-default-executor-0] WARN  server.GrpcLogAppender (LogUtils.java:warn(122)) - omNode-1@group-523986131536->omNode-3-AppendLogResponseHandler: Failed appendEntries: org.apache.ratis.thirdparty.io.grpc.StatusRuntimeException: UNAVAILABLE: io exception
2023-06-27 17:01:59,237 [grpc-default-executor-0] INFO  leader.FollowerInfo (FollowerInfoImpl.java:lambda$new$0(52)) - omNode-1@group-523986131536->omNode-3: decreaseNextIndex nextIndex: updateUnconditionally 1 -> 0
2023-06-27 17:01:59,259 [grpc-default-executor-2] WARN  server.GrpcLogAppender (LogUtils.java:warn(122)) - omNode-1@group-523986131536->omNode-3-AppendLogResponseHandler: Failed appendEntries: org.apache.ratis.thirdparty.io.grpc.StatusRuntimeException: UNAVAILABLE: io exception
2023-06-27 17:01:59,304 [omNode-1@group-523986131536-StateMachineUpdater] INFO  ratis.OzoneManagerStateMachine (OzoneManagerStateMachine.java:notifyConfigurationChanged(201)) - Received Configuration change notification from Ratis. New Peer list:
[id: "omNode-3"
address: "localhost:15015"
startupRole: FOLLOWER
, id: "omNode-1"
address: "localhost:15007"
startupRole: FOLLOWER
, id: "omNode-2"
address: "localhost:15011"
startupRole: FOLLOWER
]
2023-06-27 17:01:59,413 [grpc-default-executor-2] WARN  server.GrpcLogAppender (LogUtils.java:warn(122)) - omNode-1@group-523986131536->omNode-3-AppendLogResponseHandler: Failed appendEntries: org.apache.ratis.thirdparty.io.grpc.StatusRuntimeException: UNAVAILABLE: io exception
2023-06-27 17:01:59,415 [grpc-default-executor-0] WARN  server.GrpcLogAppender (LogUtils.java:warn(122)) - omNode-1@group-523986131536->omNode-3-AppendLogResponseHandler: Failed appendEntries: org.apache.ratis.thirdparty.io.grpc.StatusRuntimeException: UNAVAILABLE: io exception
2023-06-27 17:01:59,424 [grpc-default-executor-0] WARN  server.GrpcLogAppender (LogUtils.java:warn(122)) - omNode-1@group-523986131536->omNode-3-AppendLogResponseHandler: Failed appendEntries: org.apache.ratis.thirdparty.io.grpc.StatusRuntimeException: UNAVAILABLE: io exception
2023-06-27 17:01:59,425 [grpc-default-executor-0] INFO  leader.FollowerInfo (FollowerInfoImpl.java:lambda$new$0(52)) - omNode-1@group-523986131536->omNode-3: decreaseNextIndex nextIndex: updateUnconditionally 1 -> 0
2023-06-27 17:01:59,425 [grpc-default-executor-2] WARN  server.GrpcLogAppender (LogUtils.java:warn(122)) - omNode-1@group-523986131536->omNode-3-AppendLogResponseHandler: Failed appendEntries: org.apache.ratis.thirdparty.io.grpc.StatusRuntimeException: UNAVAILABLE: io exception
2023-06-27 17:01:59,526 [main] INFO  reflections.Reflections (Reflections.java:scan(232)) - Reflections took 682 ms to scan 19 urls, producing 69 keys and 5454 values [using 2 cores]
2023-06-27 17:01:59,528 [main] INFO  ipc.CallQueueManager (CallQueueManager.java:<init>(90)) - Using callQueue: class java.util.concurrent.LinkedBlockingQueue, queueCapacity: 2000, scheduler: class org.apache.hadoop.ipc.DefaultRpcScheduler, ipcBackoff: false.
2023-06-27 17:01:59,529 [main] INFO  ipc.Server (Server.java:<init>(1287)) - Listener at 127.0.0.1:15012
2023-06-27 17:01:59,529 [Socket Reader #1 for port 15012] INFO  ipc.Server (Server.java:run(1323)) - Starting Socket Reader #1 for port 15012
2023-06-27 17:01:59,551 [main] INFO  impl.MetricsSystemImpl (MetricsSystemImpl.java:init(158)) - OzoneManager metrics system started (again)
2023-06-27 17:01:59,563 [main] INFO  om.OzoneManager (OzoneManager.java:start(1606)) - OzoneManager RPC server is listening at localhost/127.0.0.1:15012
2023-06-27 17:01:59,563 [main] INFO  ratis.OzoneManagerRatisServer (OzoneManagerRatisServer.java:start(558)) - Starting OzoneManagerRatisServer omNode-3 at port 15015
2023-06-27 17:01:59,564 [omNode-3-impl-thread1] INFO  storage.RaftStorageDirectory (RaftStorageDirectoryImpl.java:analyzeStorage(137)) - The storage directory /home/runner/work/ozone/ozone/hadoop-ozone/integration-test/target/test-dir/MiniOzoneClusterImpl-4d774b9f-68c7-4e3d-9dd4-f167b54dbd62/omNode-3/ratis/c9bc4cf4-3bc3-3c60-a66b-523986131536 does not exist. Creating ...
2023-06-27 17:01:59,565 [omNode-3-impl-thread1] INFO  storage.RaftStorageDirectory (RaftStorageDirectoryImpl.java:tryLock(231)) - Lock on /home/runner/work/ozone/ozone/hadoop-ozone/integration-test/target/test-dir/MiniOzoneClusterImpl-4d774b9f-68c7-4e3d-9dd4-f167b54dbd62/omNode-3/ratis/c9bc4cf4-3bc3-3c60-a66b-523986131536/in_use.lock acquired by nodename 52987@fv-az748-341
2023-06-27 17:01:59,566 [omNode-3-impl-thread1] INFO  storage.RaftStorage (RaftStorageImpl.java:format(96)) - Storage directory /home/runner/work/ozone/ozone/hadoop-ozone/integration-test/target/test-dir/MiniOzoneClusterImpl-4d774b9f-68c7-4e3d-9dd4-f167b54dbd62/omNode-3/ratis/c9bc4cf4-3bc3-3c60-a66b-523986131536 has been successfully formatted.
2023-06-27 17:01:59,566 [omNode-3-impl-thread1] INFO  server.RaftServerConfigKeys (ConfUtils.java:logGet(46)) - raft.server.log.use.memory = false (default)
2023-06-27 17:01:59,566 [omNode-3-impl-thread1] INFO  server.RaftServerConfigKeys (ConfUtils.java:logGet(46)) - raft.server.log.purge.gap = 50 (custom)
2023-06-27 17:01:59,567 [omNode-3-impl-thread1] INFO  server.RaftServerConfigKeys (ConfUtils.java:logGet(46)) - raft.server.log.appender.buffer.byte-limit = 33554432 (custom)
2023-06-27 17:01:59,567 [omNode-3-impl-thread1] INFO  server.RaftServerConfigKeys (ConfUtils.java:logGet(46)) - raft.server.log.statemachine.data.read.timeout = 1000ms (default)
2023-06-27 17:01:59,567 [omNode-3-impl-thread1] INFO  server.RaftServerConfigKeys (ConfUtils.java:logGet(46)) - raft.server.log.purge.preservation.log.num = 0 (default)
2023-06-27 17:01:59,567 [omNode-3-impl-thread1] INFO  server.RaftServerConfigKeys (ConfUtils.java:logGet(46)) - raft.server.log.segment.size.max = 4194304 (custom)
2023-06-27 17:01:59,567 [omNode-3-impl-thread1] INFO  server.RaftServerConfigKeys (ConfUtils.java:logGet(46)) - raft.server.log.segment.cache.num.max = 2 (custom)
2023-06-27 17:01:59,568 [omNode-3-impl-thread1] INFO  server.RaftServerConfigKeys (ConfUtils.java:logGet(46)) - raft.server.log.segment.cache.size.max = 200MB (=209715200) (default)
2023-06-27 17:01:59,568 [omNode-3-impl-thread1] INFO  server.RaftServerConfigKeys (ConfUtils.java:logGet(46)) - raft.server.log.appender.buffer.byte-limit = 33554432 (custom)
2023-06-27 17:01:59,568 [omNode-3-impl-thread1] INFO  segmented.SegmentedRaftLogWorker (SegmentedRaftLogWorker.java:<init>(188)) - new omNode-3@group-523986131536-SegmentedRaftLogWorker for RaftStorageImpl:Storage Directory /home/runner/work/ozone/ozone/hadoop-ozone/integration-test/target/test-dir/MiniOzoneClusterImpl-4d774b9f-68c7-4e3d-9dd4-f167b54dbd62/omNode-3/ratis/c9bc4cf4-3bc3-3c60-a66b-523986131536
2023-06-27 17:01:59,568 [omNode-3-impl-thread1] INFO  server.RaftServerConfigKeys (ConfUtils.java:logGet(46)) - raft.server.log.queue.byte-limit = 64MB (=67108864) (default)
2023-06-27 17:01:59,568 [omNode-3-impl-thread1] INFO  server.RaftServerConfigKeys (ConfUtils.java:logGet(46)) - raft.server.log.queue.element-limit = 4096 (default)
2023-06-27 17:01:59,568 [omNode-3-impl-thread1] INFO  server.RaftServerConfigKeys (ConfUtils.java:logGet(46)) - raft.server.log.segment.size.max = 4194304 (custom)
2023-06-27 17:01:59,568 [omNode-3-impl-thread1] INFO  server.RaftServerConfigKeys (ConfUtils.java:logGet(46)) - raft.server.log.preallocated.size = 4194304 (custom)
2023-06-27 17:01:59,568 [omNode-3-impl-thread1] INFO  server.RaftServerConfigKeys (ConfUtils.java:logGet(46)) - raft.server.log.force.sync.num = 128 (default)
2023-06-27 17:01:59,568 [omNode-3-impl-thread1] INFO  server.RaftServerConfigKeys (ConfUtils.java:logGet(46)) - raft.server.log.statemachine.data.sync = true (default)
2023-06-27 17:01:59,568 [omNode-3-impl-thread1] INFO  server.RaftServerConfigKeys (ConfUtils.java:logGet(46)) - raft.server.log.statemachine.data.sync.timeout = 10s (default)
2023-06-27 17:01:59,568 [omNode-3-impl-thread1] INFO  server.RaftServerConfigKeys (ConfUtils.java:logGet(46)) - raft.server.log.statemachine.data.sync.timeout.retry = -1 (default)
2023-06-27 17:01:59,569 [omNode-3-impl-thread1] INFO  server.RaftServerConfigKeys (ConfUtils.java:logGet(46)) - raft.server.log.write.buffer.size = 64KB (=65536) (default)
2023-06-27 17:01:59,569 [omNode-3-impl-thread1] INFO  server.RaftServerConfigKeys (ConfUtils.java:logGet(46)) - raft.server.log.appender.buffer.byte-limit = 33554432 (custom)
2023-06-27 17:01:59,574 [omNode-3-impl-thread1] INFO  server.RaftServerConfigKeys (ConfUtils.java:logGet(46)) - raft.server.log.unsafe-flush.enabled = false (default)
2023-06-27 17:01:59,574 [omNode-3-impl-thread1] INFO  server.RaftServerConfigKeys (ConfUtils.java:logGet(46)) - raft.server.log.async-flush.enabled = false (default)
2023-06-27 17:01:59,574 [omNode-3-impl-thread1] INFO  server.RaftServerConfigKeys (ConfUtils.java:logGet(46)) - raft.server.log.statemachine.data.caching.enabled = false (default)
2023-06-27 17:01:59,574 [omNode-3-impl-thread1] INFO  segmented.SegmentedRaftLogWorker (SegmentedRaftLogWorker.java:lambda$new$0(135)) - omNode-3@group-523986131536-SegmentedRaftLogWorker: flushIndex: setUnconditionally 0 -> -1
2023-06-27 17:01:59,574 [omNode-3-impl-thread1] INFO  segmented.SegmentedRaftLogWorker (SegmentedRaftLogWorker.java:lambda$new$0(135)) - omNode-3@group-523986131536-SegmentedRaftLogWorker: safeCacheEvictIndex: setUnconditionally 0 -> -1
2023-06-27 17:01:59,575 [omNode-3-impl-thread1] INFO  server.RaftServer$Division (RaftServerImpl.java:start(342)) - omNode-3@group-523986131536: start as a follower, conf=-1: peers:[omNode-3|rpc:localhost:15015|priority:0|startupRole:FOLLOWER, omNode-1|rpc:localhost:15007|priority:0|startupRole:FOLLOWER, omNode-2|rpc:localhost:15011|priority:0|startupRole:FOLLOWER]|listeners:[], old=null
2023-06-27 17:01:59,575 [omNode-3-impl-thread1] INFO  server.RaftServer$Division (RaftServerImpl.java:setRole(329)) - omNode-3@group-523986131536: changes role from      null to FOLLOWER at term 0 for startAsFollower
2023-06-27 17:01:59,575 [omNode-3-impl-thread1] INFO  impl.RoleInfo (RoleInfo.java:updateAndGet(139)) - omNode-3: start omNode-3@group-523986131536-FollowerState
2023-06-27 17:01:59,576 [omNode-3@group-523986131536-FollowerState] INFO  server.RaftServerConfigKeys (ConfUtils.java:logFallback(53)) - raft.server.rpc.first-election.timeout.min = 1s (fallback to raft.server.rpc.timeout.min)
2023-06-27 17:01:59,576 [omNode-3-impl-thread1] INFO  util.JmxRegister (JmxRegister.java:tryRegister(44)) - Successfully registered JMX Bean with object name Ratis:service=RaftServer,group=group-523986131536,id=omNode-3
2023-06-27 17:01:59,576 [omNode-3@group-523986131536-FollowerState] INFO  server.RaftServerConfigKeys (ConfUtils.java:logFallback(53)) - raft.server.rpc.first-election.timeout.max = 1200ms (fallback to raft.server.rpc.timeout.max)
2023-06-27 17:01:59,576 [omNode-3-impl-thread1] INFO  server.RaftServerConfigKeys (ConfUtils.java:logGet(46)) - raft.server.snapshot.auto.trigger.enabled = true (custom)
2023-06-27 17:01:59,583 [omNode-2@group-523986131536-StateMachineUpdater] INFO  ratis.OzoneManagerStateMachine (OzoneManagerStateMachine.java:notifyConfigurationChanged(201)) - Received Configuration change notification from Ratis. New Peer list:
[id: "omNode-3"
address: "localhost:15015"
startupRole: FOLLOWER
, id: "omNode-1"
address: "localhost:15007"
startupRole: FOLLOWER
, id: "omNode-2"
address: "localhost:15011"
startupRole: FOLLOWER
]
2023-06-27 17:01:59,583 [omNode-3-impl-thread1] INFO  server.RaftServerConfigKeys (ConfUtils.java:logGet(46)) - raft.server.snapshot.auto.trigger.threshold = 50 (custom)
2023-06-27 17:01:59,585 [omNode-3-impl-thread1] INFO  server.RaftServerConfigKeys (ConfUtils.java:logGet(46)) - raft.server.snapshot.retention.file.num = -1 (default)
2023-06-27 17:01:59,585 [omNode-3-impl-thread1] INFO  server.RaftServerConfigKeys (ConfUtils.java:logGet(46)) - raft.server.log.purge.upto.snapshot.index = true (custom)
2023-06-27 17:01:59,589 [grpc-default-executor-0] WARN  server.GrpcLogAppender (LogUtils.java:warn(122)) - omNode-1@group-523986131536->omNode-3-AppendLogResponseHandler: Failed appendEntries: org.apache.ratis.thirdparty.io.grpc.StatusRuntimeException: UNAVAILABLE: io exception
2023-06-27 17:01:59,590 [grpc-default-executor-0] INFO  leader.FollowerInfo (FollowerInfoImpl.java:lambda$new$0(52)) - omNode-1@group-523986131536->omNode-3: decreaseNextIndex nextIndex: updateUnconditionally 1 -> 0
2023-06-27 17:01:59,589 [grpc-default-executor-1] WARN  server.GrpcLogAppender (LogUtils.java:warn(122)) - omNode-1@group-523986131536->omNode-3-AppendLogResponseHandler: Failed appendEntries: org.apache.ratis.thirdparty.io.grpc.StatusRuntimeException: UNAVAILABLE: io exception
2023-06-27 17:01:59,591 [main] INFO  server.RaftServer (RaftServerProxy.java:startImpl(400)) - omNode-3: start RPC server
2023-06-27 17:01:59,594 [main] INFO  server.GrpcService (GrpcService.java:startImpl(302)) - omNode-3: GrpcService started, listening on 15015
2023-06-27 17:01:59,597 [main] INFO  om.OzoneManager (OzoneManager.java:start(1622)) - Version File has different layout version (6) than OM DB (null). That is expected if this OM has never been finalized to a newer layout version.
2023-06-27 17:01:59,603 [JvmPauseMonitor3] INFO  util.JvmPauseMonitor (JvmPauseMonitor.java:run(103)) - JvmPauseMonitor-omNode-3: Started
2023-06-27 17:01:59,605 [main] INFO  http.BaseHttpServer (BaseHttpServer.java:newHttpServer2BuilderForOzone(224)) - Starting Web-server for ozoneManager at: http://0.0.0.0:15013
2023-06-27 17:01:59,605 [main] INFO  http.BaseHttpServer (BaseHttpServer.java:<init>(111)) - Hadoop Security Enabled: false Ozone Security Enabled: false Ozone HTTP Security Enabled: false 
2023-06-27 17:01:59,607 [main] WARN  server.AuthenticationFilter (AuthenticationFilter.java:constructSecretProvider(240)) - Unable to initialize FileSignerSecretProvider, falling back to use random secrets. Reason: Could not read signature secret file: /home/runner/hadoop-http-auth-signature-secret
2023-06-27 17:01:59,608 [main] INFO  http.HttpRequestLog (HttpRequestLog.java:getRequestLog(86)) - Http request log for http.requests.ozoneManager is not defined
2023-06-27 17:01:59,609 [main] INFO  http.HttpServer2 (HttpServer2.java:addGlobalFilter(1031)) - Added global filter 'safety' (class=org.apache.hadoop.hdds.server.http.HttpServer2$QuotingInputFilter)
2023-06-27 17:01:59,610 [main] INFO  http.HttpServer2 (HttpServer2.java:addFilter(1007)) - Added filter static_user_filter (class=org.apache.hadoop.http.lib.StaticUserWebFilter$StaticUserFilter) to context ozoneManager
2023-06-27 17:01:59,611 [main] INFO  http.HttpServer2 (HttpServer2.java:addFilter(1015)) - Added filter static_user_filter (class=org.apache.hadoop.http.lib.StaticUserWebFilter$StaticUserFilter) to context static
2023-06-27 17:01:59,611 [main] INFO  http.HttpServer2 (HttpServer2.java:addFilter(1015)) - Added filter static_user_filter (class=org.apache.hadoop.http.lib.StaticUserWebFilter$StaticUserFilter) to context logs
2023-06-27 17:01:59,611 [main] INFO  http.BaseHttpServer (BaseHttpServer.java:<init>(190)) - HTTP server of ozoneManager uses base directory /home/runner/work/ozone/ozone/hadoop-ozone/integration-test/target/test-dir/MiniOzoneClusterImpl-4d774b9f-68c7-4e3d-9dd4-f167b54dbd62/omNode-3/webserver
2023-06-27 17:01:59,612 [main] INFO  http.HttpServer2 (HttpServer2.java:bindListener(1250)) - Jetty bound to port 15013
2023-06-27 17:01:59,612 [main] INFO  server.Server (Server.java:doStart(375)) - jetty-9.4.51.v20230217; built: 2023-02-17T08:19:37.309Z; git: b45c405e4544384de066f814ed42ae3dceacdd49; jvm 1.8.0_372-b07
2023-06-27 17:01:59,620 [main] INFO  server.session (DefaultSessionIdManager.java:doStart(334)) - DefaultSessionIdManager workerName=node0
2023-06-27 17:01:59,620 [main] INFO  server.session (DefaultSessionIdManager.java:doStart(339)) - No SessionScavenger set, using defaults
2023-06-27 17:01:59,621 [main] INFO  server.session (HouseKeeper.java:startScavenging(132)) - node0 Scavenging every 600000ms
2023-06-27 17:01:59,621 [main] INFO  handler.ContextHandler (ContextHandler.java:doStart(921)) - Started o.e.j.s.ServletContextHandler@de3b06a{logs,/logs,file:///home/runner/work/ozone/ozone/hadoop-ozone/integration-test/target/log,AVAILABLE}
2023-06-27 17:01:59,622 [main] INFO  handler.ContextHandler (ContextHandler.java:doStart(921)) - Started o.e.j.s.ServletContextHandler@2fdd5baa{static,/static,file:///home/runner/work/ozone/ozone/hadoop-ozone/integration-test/target/test-classes/webapps/static,AVAILABLE}
2023-06-27 17:01:59,626 [main] INFO  handler.ContextHandler (ContextHandler.java:doStart(921)) - Started o.e.j.w.WebAppContext@3500af30{ozoneManager,/,file:///home/runner/work/ozone/ozone/hadoop-ozone/integration-test/target/test-classes/webapps/ozoneManager/,AVAILABLE}{file:/home/runner/work/ozone/ozone/hadoop-ozone/integration-test/target/test-classes/webapps/ozoneManager}
2023-06-27 17:01:59,627 [main] INFO  server.AbstractConnector (AbstractConnector.java:doStart(333)) - Started ServerConnector@7d5b1786{HTTP/1.1, (http/1.1)}{0.0.0.0:15013}
2023-06-27 17:01:59,627 [main] INFO  server.Server (Server.java:doStart(415)) - Started @10355ms
2023-06-27 17:01:59,627 [main] WARN  impl.MetricsSystemImpl (MetricsSystemImpl.java:register(279)) - Sink prometheus already exists!
2023-06-27 17:01:59,628 [main] INFO  http.BaseHttpServer (BaseHttpServer.java:updateConnectorAddress(344)) - HTTP server of ozoneManager listening at http://0.0.0.0:15013
2023-06-27 17:01:59,628 [IPC Server Responder] INFO  ipc.Server (Server.java:run(1562)) - IPC Server Responder: starting
2023-06-27 17:01:59,629 [IPC Server listener on 15012] INFO  ipc.Server (Server.java:run(1402)) - IPC Server listener on 15012: starting
2023-06-27 17:01:59,631 [main] INFO  om.OzoneManager (OzoneManager.java:startTrashEmptier(2081)) - Trash Interval set to 0. Files deleted won't move to trash
2023-06-27 17:01:59,633 [main] INFO  ozone.MiniOzoneHAClusterImpl (MiniOzoneHAClusterImpl.java:createOMService(505)) - Started OzoneManager omNode-3 RPC server at localhost/127.0.0.1:15012
2023-06-27 17:01:59,664 [grpc-default-executor-1] WARN  server.GrpcLogAppender (LogUtils.java:warn(122)) - omNode-1@group-523986131536->omNode-3-AppendLogResponseHandler: Failed appendEntries: org.apache.ratis.thirdparty.io.grpc.StatusRuntimeException: UNAVAILABLE: io exception
2023-06-27 17:01:59,685 [omNode-3-server-thread1] INFO  server.RaftServer$Division (ServerState.java:setLeader(317)) - omNode-3@group-523986131536: change Leader from null to omNode-1 at term 1 for appendEntries, leader elected after 838ms
2023-06-27 17:01:59,700 [omNode-3-server-thread2] INFO  server.RaftServer$Division (ServerState.java:setRaftConf(434)) - omNode-3@group-523986131536: set configuration 0: peers:[omNode-3|rpc:localhost:15015|admin:|client:|dataStream:|priority:0|startupRole:FOLLOWER, omNode-1|rpc:localhost:15007|admin:|client:|dataStream:|priority:0|startupRole:FOLLOWER, omNode-2|rpc:localhost:15011|admin:|client:|dataStream:|priority:0|startupRole:FOLLOWER]|listeners:[], old=null
2023-06-27 17:01:59,701 [omNode-3-server-thread2] INFO  segmented.SegmentedRaftLogWorker (SegmentedRaftLogWorker.java:startLogSegment(447)) - omNode-3@group-523986131536-SegmentedRaftLogWorker: Starting segment from index:0
2023-06-27 17:01:59,711 [omNode-3@group-523986131536-SegmentedRaftLogWorker] INFO  segmented.SegmentedRaftLogWorker (SegmentedRaftLogWorker.java:execute(651)) - omNode-3@group-523986131536-SegmentedRaftLogWorker: created new log segment /home/runner/work/ozone/ozone/hadoop-ozone/integration-test/target/test-dir/MiniOzoneClusterImpl-4d774b9f-68c7-4e3d-9dd4-f167b54dbd62/omNode-3/ratis/c9bc4cf4-3bc3-3c60-a66b-523986131536/current/log_inprogress_0
2023-06-27 17:01:59,715 [omNode-3@group-523986131536-StateMachineUpdater] INFO  ratis.OzoneManagerStateMachine (OzoneManagerStateMachine.java:notifyConfigurationChanged(201)) - Received Configuration change notification from Ratis. New Peer list:
[id: "omNode-3"
address: "localhost:15015"
startupRole: FOLLOWER
, id: "omNode-1"
address: "localhost:15007"
startupRole: FOLLOWER
, id: "omNode-2"
address: "localhost:15011"
startupRole: FOLLOWER
]
2023-06-27 17:01:59,795 [main] WARN  impl.MetricRegistriesImpl (MetricRegistriesImpl.java:addReporterRegistration(111)) - New reporters are added after registries were created. Some metrics will be missing from the reporter. Please add reporter before adding any new registry.
2023-06-27 17:01:59,796 [main] WARN  impl.MetricRegistriesImpl (MetricRegistriesImpl.java:addReporterRegistration(111)) - New reporters are added after registries were created. Some metrics will be missing from the reporter. Please add reporter before adding any new registry.
2023-06-27 17:01:59,796 [main] INFO  impl.MetricsSystemImpl (MetricsSystemImpl.java:init(158)) - HddsDatanode metrics system started (again)
2023-06-27 17:01:59,816 [main] INFO  ozone.HddsDatanodeService (HddsDatanodeService.java:start(237)) - HddsDatanodeService host:fv-az748-341 ip:10.1.72.1
2023-06-27 17:01:59,847 [main] INFO  upgrade.AbstractLayoutVersionManager (AbstractLayoutVersionManager.java:init(83)) - Initializing Layout version manager with metadata layout = HADOOP_PRC_PORTS_IN_DATANODEDETAILS (version = 7), software layout = HADOOP_PRC_PORTS_IN_DATANODEDETAILS (version = 7)
2023-06-27 17:01:59,850 [main] INFO  statemachine.DatanodeStateMachine (DatanodeStateMachine.java:getEndPointTaskThreadPoolSize(279)) - Datanode State Machine Task Thread Pool size 2
2023-06-27 17:01:59,907 [main] INFO  volume.HddsVolume (HddsVolume.java:<init>(133)) - Creating HddsVolume: /home/runner/work/ozone/ozone/hadoop-ozone/integration-test/target/test-dir/MiniOzoneClusterImpl-4d774b9f-68c7-4e3d-9dd4-f167b54dbd62/datanode-0/data-0/containers/hdds of storage type : DISK capacity : 9223372036854775807
2023-06-27 17:01:59,910 [main] INFO  volume.MutableVolumeSet (MutableVolumeSet.java:initializeVolumeSet(175)) - Added Volume : /home/runner/work/ozone/ozone/hadoop-ozone/integration-test/target/test-dir/MiniOzoneClusterImpl-4d774b9f-68c7-4e3d-9dd4-f167b54dbd62/datanode-0/data-0/containers/hdds to VolumeSet
2023-06-27 17:01:59,911 [main] INFO  volume.ThrottledAsyncChecker (ThrottledAsyncChecker.java:schedule(141)) - Scheduling a check for /home/runner/work/ozone/ozone/hadoop-ozone/integration-test/target/test-dir/MiniOzoneClusterImpl-4d774b9f-68c7-4e3d-9dd4-f167b54dbd62/datanode-0/data-0/containers/hdds
2023-06-27 17:01:59,934 [main] INFO  volume.StorageVolumeChecker (StorageVolumeChecker.java:checkAllVolumes(202)) - Scheduled health check for volume /home/runner/work/ozone/ozone/hadoop-ozone/integration-test/target/test-dir/MiniOzoneClusterImpl-4d774b9f-68c7-4e3d-9dd4-f167b54dbd62/datanode-0/data-0/containers/hdds
2023-06-27 17:01:59,938 [main] INFO  volume.MutableVolumeSet (MutableVolumeSet.java:initializeVolumeSet(175)) - Added Volume : /home/runner/work/ozone/ozone/hadoop-ozone/integration-test/target/test-dir/MiniOzoneClusterImpl-4d774b9f-68c7-4e3d-9dd4-f167b54dbd62/datanode-0/data/ratis to VolumeSet
2023-06-27 17:01:59,938 [main] INFO  volume.ThrottledAsyncChecker (ThrottledAsyncChecker.java:schedule(141)) - Scheduling a check for /home/runner/work/ozone/ozone/hadoop-ozone/integration-test/target/test-dir/MiniOzoneClusterImpl-4d774b9f-68c7-4e3d-9dd4-f167b54dbd62/datanode-0/data/ratis
2023-06-27 17:01:59,938 [main] INFO  volume.StorageVolumeChecker (StorageVolumeChecker.java:checkAllVolumes(202)) - Scheduled health check for volume /home/runner/work/ozone/ozone/hadoop-ozone/integration-test/target/test-dir/MiniOzoneClusterImpl-4d774b9f-68c7-4e3d-9dd4-f167b54dbd62/datanode-0/data/ratis
2023-06-27 17:01:59,951 [Thread-259] INFO  ozoneimpl.ContainerReader (ContainerReader.java:readVolume(175)) - Finish verifying containers on volume /home/runner/work/ozone/ozone/hadoop-ozone/integration-test/target/test-dir/MiniOzoneClusterImpl-4d774b9f-68c7-4e3d-9dd4-f167b54dbd62/datanode-0/data-0/containers/hdds
2023-06-27 17:01:59,951 [main] INFO  ozoneimpl.OzoneContainer (OzoneContainer.java:buildContainerSet(316)) - Build ContainerSet costs 0s
2023-06-27 17:01:59,998 [main] INFO  audit.AuditLogger (AuditLogger.java:refreshDebugCmdSet(126)) - Refresh DebugCmdSet for DNAudit to [].
2023-06-27 17:02:00,027 [main] INFO  server.RaftServer (ConfUtils.java:logGet(46)) - raft.rpc.type = GRPC (default)
2023-06-27 17:02:00,027 [main] INFO  grpc.GrpcConfigKeys (ConfUtils.java:logFallback(53)) - raft.grpc.admin.host = null (fallback to raft.grpc.server.host)
2023-06-27 17:02:00,027 [main] INFO  grpc.GrpcConfigKeys (ConfUtils.java:logGet(46)) - raft.grpc.admin.port = 15021 (custom)
2023-06-27 17:02:00,027 [main] INFO  grpc.GrpcConfigKeys (ConfUtils.java:logFallback(53)) - raft.grpc.client.host = null (fallback to raft.grpc.server.host)
2023-06-27 17:02:00,028 [main] INFO  grpc.GrpcConfigKeys (ConfUtils.java:logGet(46)) - raft.grpc.client.port = 15020 (custom)
2023-06-27 17:02:00,028 [main] INFO  grpc.GrpcConfigKeys (ConfUtils.java:logGet(46)) - raft.grpc.server.host = null (default)
2023-06-27 17:02:00,028 [main] INFO  grpc.GrpcConfigKeys (ConfUtils.java:logGet(46)) - raft.grpc.server.port = 15022 (custom)
2023-06-27 17:02:00,028 [main] INFO  server.GrpcService (ConfUtils.java:logGet(46)) - raft.grpc.message.size.max = 32MB (=33554432) (custom)
2023-06-27 17:02:00,028 [main] INFO  server.RaftServerConfigKeys (ConfUtils.java:logGet(46)) - raft.server.log.appender.buffer.byte-limit = 33554432 (custom)
2023-06-27 17:02:00,028 [main] INFO  server.GrpcService (ConfUtils.java:logGet(46)) - raft.grpc.flow.control.window = 5MB (=5242880) (custom)
2023-06-27 17:02:00,028 [main] INFO  server.RaftServerConfigKeys (ConfUtils.java:logGet(46)) - raft.server.rpc.request.timeout = 60s (custom)
2023-06-27 17:02:00,029 [main] INFO  grpc.GrpcConfigKeys (ConfUtils.java:logGet(46)) - raft.grpc.server.heartbeat.channel = true (default)
2023-06-27 17:02:00,029 [main] INFO  grpc.GrpcConfigKeys (ConfUtils.java:logGet(46)) - raft.grpc.server.async.request.thread.pool.cached = true (default)
2023-06-27 17:02:00,029 [main] INFO  grpc.GrpcConfigKeys (ConfUtils.java:logGet(46)) - raft.grpc.server.async.request.thread.pool.size = 32 (default)
2023-06-27 17:02:00,031 [main] INFO  impl.DataStreamServerImpl (ConfUtils.java:logGet(46)) - raft.datastream.type = NETTY (custom)
2023-06-27 17:02:00,040 [main] INFO  server.RaftServerConfigKeys (ConfUtils.java:logGet(46)) - raft.server.data-stream.async.request.thread.pool.cached = false (default)
2023-06-27 17:02:00,040 [main] INFO  server.RaftServerConfigKeys (ConfUtils.java:logGet(46)) - raft.server.data-stream.async.request.thread.pool.size = 20 (custom)
2023-06-27 17:02:00,041 [main] INFO  server.RaftServerConfigKeys (ConfUtils.java:logGet(46)) - raft.server.data-stream.async.write.thread.pool.size = 16 (default)
2023-06-27 17:02:00,042 [main] INFO  server.RaftServerConfigKeys (ConfUtils.java:logGet(46)) - raft.server.data-stream.client.pool.size = 10 (default)
2023-06-27 17:02:00,044 [main] INFO  netty.NettyConfigKeys$DataStream (ConfUtils.java:logGet(46)) - raft.netty.dataStream.server.use-epoll = false (default)
2023-06-27 17:02:00,045 [main] INFO  netty.NettyConfigKeys$DataStream (ConfUtils.java:logGet(46)) - raft.netty.dataStream.server.boss-group.size = 0 (default)
2023-06-27 17:02:00,051 [main] INFO  netty.NettyConfigKeys$DataStream (ConfUtils.java:logGet(46)) - raft.netty.dataStream.server.worker-group.size = 0 (default)
2023-06-27 17:02:00,052 [main] INFO  netty.NettyConfigKeys$DataStream (ConfUtils.java:logGet(46)) - raft.netty.dataStream.server.tls.conf = null (default)
2023-06-27 17:02:00,053 [main] INFO  netty.NettyConfigKeys$DataStream (ConfUtils.java:logGet(46)) - raft.netty.dataStream.host = null (default)
2023-06-27 17:02:00,054 [main] INFO  netty.NettyConfigKeys$DataStream (ConfUtils.java:logGet(46)) - raft.netty.dataStream.port = 15023 (custom)
2023-06-27 17:02:00,062 [main] INFO  server.RaftServerConfigKeys (ConfUtils.java:logGet(46)) - raft.server.threadpool.proxy.cached = true (default)
2023-06-27 17:02:00,063 [main] INFO  server.RaftServerConfigKeys (ConfUtils.java:logGet(46)) - raft.server.threadpool.proxy.size = 0 (default)
2023-06-27 17:02:00,063 [main] INFO  server.RaftServerConfigKeys (ConfUtils.java:logGet(46)) - raft.server.rpc.slowness.timeout = 300s (custom)
2023-06-27 17:02:00,063 [main] INFO  server.RaftServerConfigKeys (ConfUtils.java:logGet(46)) - raft.server.leaderelection.leader.step-down.wait-time = 10s (default)
2023-06-27 17:02:00,063 [main] INFO  server.RaftServerConfigKeys (ConfUtils.java:logGet(46)) - raft.server.storage.dir = [/home/runner/work/ozone/ozone/hadoop-ozone/integration-test/target/test-dir/MiniOzoneClusterImpl-4d774b9f-68c7-4e3d-9dd4-f167b54dbd62/datanode-0/data/ratis] (custom)
2023-06-27 17:02:00,082 [db05cefc-d1d0-4a37-85d6-512a7e836214-NettyServerStreamRpc-bossGroup--thread1] INFO  logging.LoggingHandler (AbstractInternalLogger.java:log(148)) - [id: 0x43675f8f] REGISTERED
2023-06-27 17:02:00,083 [db05cefc-d1d0-4a37-85d6-512a7e836214-NettyServerStreamRpc-bossGroup--thread1] INFO  logging.LoggingHandler (AbstractInternalLogger.java:log(148)) - [id: 0x43675f8f] BIND: 0.0.0.0/0.0.0.0:15023
2023-06-27 17:02:00,084 [db05cefc-d1d0-4a37-85d6-512a7e836214-NettyServerStreamRpc-bossGroup--thread1] INFO  logging.LoggingHandler (AbstractInternalLogger.java:log(148)) - [id: 0x43675f8f, L:/0:0:0:0:0:0:0:0:15023] ACTIVE
2023-06-27 17:02:00,089 [main] INFO  server.XceiverServerGrpc (XceiverServerGrpc.java:<init>(132)) - GrpcServer channel type EpollServerSocketChannel
2023-06-27 17:02:00,124 [main] INFO  replication.ReplicationSupervisor (ReplicationSupervisor.java:nodeStateUpdated(305)) - Node state updated to IN_SERVICE, scaling executor pool size to 10
2023-06-27 17:02:00,172 [main] INFO  http.BaseHttpServer (BaseHttpServer.java:newHttpServer2BuilderForOzone(224)) - Starting Web-server for hddsDatanode at: http://0.0.0.0:15017
2023-06-27 17:02:00,172 [main] INFO  http.BaseHttpServer (BaseHttpServer.java:<init>(111)) - Hadoop Security Enabled: false Ozone Security Enabled: false Ozone HTTP Security Enabled: false 
2023-06-27 17:02:00,173 [main] WARN  server.AuthenticationFilter (AuthenticationFilter.java:constructSecretProvider(240)) - Unable to initialize FileSignerSecretProvider, falling back to use random secrets. Reason: Could not read signature secret file: /home/runner/hadoop-http-auth-signature-secret
2023-06-27 17:02:00,174 [main] INFO  http.HttpRequestLog (HttpRequestLog.java:getRequestLog(86)) - Http request log for http.requests.hddsDatanode is not defined
2023-06-27 17:02:00,175 [main] INFO  http.HttpServer2 (HttpServer2.java:addGlobalFilter(1031)) - Added global filter 'safety' (class=org.apache.hadoop.hdds.server.http.HttpServer2$QuotingInputFilter)
2023-06-27 17:02:00,176 [main] INFO  http.HttpServer2 (HttpServer2.java:addFilter(1007)) - Added filter static_user_filter (class=org.apache.hadoop.http.lib.StaticUserWebFilter$StaticUserFilter) to context hddsDatanode
2023-06-27 17:02:00,176 [main] INFO  http.HttpServer2 (HttpServer2.java:addFilter(1015)) - Added filter static_user_filter (class=org.apache.hadoop.http.lib.StaticUserWebFilter$StaticUserFilter) to context logs
2023-06-27 17:02:00,177 [main] INFO  http.HttpServer2 (HttpServer2.java:addFilter(1015)) - Added filter static_user_filter (class=org.apache.hadoop.http.lib.StaticUserWebFilter$StaticUserFilter) to context static
2023-06-27 17:02:00,177 [main] INFO  http.BaseHttpServer (BaseHttpServer.java:<init>(190)) - HTTP server of hddsDatanode uses base directory /home/runner/work/ozone/ozone/hadoop-ozone/integration-test/target/test-dir/MiniOzoneClusterImpl-4d774b9f-68c7-4e3d-9dd4-f167b54dbd62/datanode-0/meta/webserver
2023-06-27 17:02:00,178 [main] INFO  http.HttpServer2 (HttpServer2.java:bindListener(1250)) - Jetty bound to port 15017
2023-06-27 17:02:00,178 [main] INFO  server.Server (Server.java:doStart(375)) - jetty-9.4.51.v20230217; built: 2023-02-17T08:19:37.309Z; git: b45c405e4544384de066f814ed42ae3dceacdd49; jvm 1.8.0_372-b07
2023-06-27 17:02:00,179 [main] INFO  server.session (DefaultSessionIdManager.java:doStart(334)) - DefaultSessionIdManager workerName=node0
2023-06-27 17:02:00,179 [main] INFO  server.session (DefaultSessionIdManager.java:doStart(339)) - No SessionScavenger set, using defaults
2023-06-27 17:02:00,179 [main] INFO  server.session (HouseKeeper.java:startScavenging(132)) - node0 Scavenging every 600000ms
2023-06-27 17:02:00,181 [main] INFO  handler.ContextHandler (ContextHandler.java:doStart(921)) - Started o.e.j.s.ServletContextHandler@756e526{logs,/logs,file:///home/runner/work/ozone/ozone/hadoop-ozone/integration-test/target/log,AVAILABLE}
2023-06-27 17:02:00,182 [main] INFO  handler.ContextHandler (ContextHandler.java:doStart(921)) - Started o.e.j.s.ServletContextHandler@584c62b{static,/static,jar:file:/home/runner/.m2/repository/org/apache/ozone/hdds-container-service/1.4.0-SNAPSHOT/hdds-container-service-1.4.0-SNAPSHOT.jar!/webapps/static,AVAILABLE}
2023-06-27 17:02:00,452 [main] INFO  handler.ContextHandler (ContextHandler.java:doStart(921)) - Started o.e.j.w.WebAppContext@492f3239{hddsDatanode,/,file:///home/runner/work/ozone/ozone/hadoop-ozone/integration-test/target/test-dir/MiniOzoneClusterImpl-4d774b9f-68c7-4e3d-9dd4-f167b54dbd62/datanode-0/meta/webserver/jetty-0_0_0_0-15017-hdds-container-service-1_4_0-SNAPSHOT_jar-_-any-8720574340289222981/webapp/,AVAILABLE}{jar:file:/home/runner/.m2/repository/org/apache/ozone/hdds-container-service/1.4.0-SNAPSHOT/hdds-container-service-1.4.0-SNAPSHOT.jar!/webapps/hddsDatanode}
2023-06-27 17:02:00,454 [main] INFO  server.AbstractConnector (AbstractConnector.java:doStart(333)) - Started ServerConnector@8fd4fac{HTTP/1.1, (http/1.1)}{0.0.0.0:15017}
2023-06-27 17:02:00,454 [main] INFO  server.Server (Server.java:doStart(415)) - Started @11182ms
2023-06-27 17:02:00,454 [main] WARN  impl.MetricsSystemImpl (MetricsSystemImpl.java:register(279)) - Sink prometheus already exists!
2023-06-27 17:02:00,455 [main] INFO  http.BaseHttpServer (BaseHttpServer.java:updateConnectorAddress(344)) - HTTP server of hddsDatanode listening at http://0.0.0.0:15017
2023-06-27 17:02:00,459 [main] INFO  ipc.CallQueueManager (CallQueueManager.java:<init>(90)) - Using callQueue: class java.util.concurrent.LinkedBlockingQueue, queueCapacity: 100, scheduler: class org.apache.hadoop.ipc.DefaultRpcScheduler, ipcBackoff: false.
2023-06-27 17:02:00,459 [main] INFO  ipc.Server (Server.java:<init>(1287)) - Listener at 0.0.0.0:15018
2023-06-27 17:02:00,462 [Socket Reader #1 for port 15018] INFO  ipc.Server (Server.java:run(1323)) - Starting Socket Reader #1 for port 15018
2023-06-27 17:02:00,466 [main] INFO  ozone.HddsDatanodeService (HddsDatanodeService.java:start(315)) - Datanode start with admins: [*, runner]
2023-06-27 17:02:00,466 [main] INFO  ozone.HddsDatanodeClientProtocolServer (HddsDatanodeClientProtocolServer.java:start(72)) - RPC server for Client /0.0.0.0:15018
2023-06-27 17:02:00,467 [IPC Server Responder] INFO  ipc.Server (Server.java:run(1562)) - IPC Server Responder: starting
2023-06-27 17:02:00,473 [IPC Server listener on 15018] INFO  ipc.Server (Server.java:run(1402)) - IPC Server listener on 15018: starting
2023-06-27 17:02:00,474 [Datanode State Machine Daemon Thread] INFO  statemachine.DatanodeStateMachine (DatanodeStateMachine.java:lambda$startDaemon$0(531)) - Ozone container server started.
2023-06-27 17:02:00,481 [main] WARN  impl.MetricRegistriesImpl (MetricRegistriesImpl.java:addReporterRegistration(111)) - New reporters are added after registries were created. Some metrics will be missing from the reporter. Please add reporter before adding any new registry.
2023-06-27 17:02:00,481 [main] WARN  impl.MetricRegistriesImpl (MetricRegistriesImpl.java:addReporterRegistration(111)) - New reporters are added after registries were created. Some metrics will be missing from the reporter. Please add reporter before adding any new registry.
2023-06-27 17:02:00,481 [main] INFO  impl.MetricsSystemImpl (MetricsSystemImpl.java:init(158)) - HddsDatanode metrics system started (again)
2023-06-27 17:02:00,496 [main] INFO  ozone.HddsDatanodeService (HddsDatanodeService.java:start(237)) - HddsDatanodeService host:fv-az748-341 ip:10.1.72.1
2023-06-27 17:02:00,528 [main] INFO  upgrade.AbstractLayoutVersionManager (AbstractLayoutVersionManager.java:init(83)) - Initializing Layout version manager with metadata layout = HADOOP_PRC_PORTS_IN_DATANODEDETAILS (version = 7), software layout = HADOOP_PRC_PORTS_IN_DATANODEDETAILS (version = 7)
2023-06-27 17:02:00,529 [main] INFO  statemachine.DatanodeStateMachine (DatanodeStateMachine.java:getEndPointTaskThreadPoolSize(279)) - Datanode State Machine Task Thread Pool size 2
2023-06-27 17:02:00,531 [main] INFO  volume.HddsVolume (HddsVolume.java:<init>(133)) - Creating HddsVolume: /home/runner/work/ozone/ozone/hadoop-ozone/integration-test/target/test-dir/MiniOzoneClusterImpl-4d774b9f-68c7-4e3d-9dd4-f167b54dbd62/datanode-1/data-0/containers/hdds of storage type : DISK capacity : 9223372036854775807
2023-06-27 17:02:00,532 [main] INFO  volume.MutableVolumeSet (MutableVolumeSet.java:initializeVolumeSet(175)) - Added Volume : /home/runner/work/ozone/ozone/hadoop-ozone/integration-test/target/test-dir/MiniOzoneClusterImpl-4d774b9f-68c7-4e3d-9dd4-f167b54dbd62/datanode-1/data-0/containers/hdds to VolumeSet
2023-06-27 17:02:00,532 [main] INFO  volume.ThrottledAsyncChecker (ThrottledAsyncChecker.java:schedule(141)) - Scheduling a check for /home/runner/work/ozone/ozone/hadoop-ozone/integration-test/target/test-dir/MiniOzoneClusterImpl-4d774b9f-68c7-4e3d-9dd4-f167b54dbd62/datanode-1/data-0/containers/hdds
2023-06-27 17:02:00,541 [main] INFO  volume.StorageVolumeChecker (StorageVolumeChecker.java:checkAllVolumes(202)) - Scheduled health check for volume /home/runner/work/ozone/ozone/hadoop-ozone/integration-test/target/test-dir/MiniOzoneClusterImpl-4d774b9f-68c7-4e3d-9dd4-f167b54dbd62/datanode-1/data-0/containers/hdds
2023-06-27 17:02:00,542 [main] INFO  volume.MutableVolumeSet (MutableVolumeSet.java:initializeVolumeSet(175)) - Added Volume : /home/runner/work/ozone/ozone/hadoop-ozone/integration-test/target/test-dir/MiniOzoneClusterImpl-4d774b9f-68c7-4e3d-9dd4-f167b54dbd62/datanode-1/data/ratis to VolumeSet
2023-06-27 17:02:00,542 [main] INFO  volume.ThrottledAsyncChecker (ThrottledAsyncChecker.java:schedule(141)) - Scheduling a check for /home/runner/work/ozone/ozone/hadoop-ozone/integration-test/target/test-dir/MiniOzoneClusterImpl-4d774b9f-68c7-4e3d-9dd4-f167b54dbd62/datanode-1/data/ratis
2023-06-27 17:02:00,543 [main] INFO  volume.StorageVolumeChecker (StorageVolumeChecker.java:checkAllVolumes(202)) - Scheduled health check for volume /home/runner/work/ozone/ozone/hadoop-ozone/integration-test/target/test-dir/MiniOzoneClusterImpl-4d774b9f-68c7-4e3d-9dd4-f167b54dbd62/datanode-1/data/ratis
2023-06-27 17:02:00,549 [Thread-276] INFO  ozoneimpl.ContainerReader (ContainerReader.java:readVolume(175)) - Finish verifying containers on volume /home/runner/work/ozone/ozone/hadoop-ozone/integration-test/target/test-dir/MiniOzoneClusterImpl-4d774b9f-68c7-4e3d-9dd4-f167b54dbd62/datanode-1/data-0/containers/hdds
2023-06-27 17:02:00,550 [main] INFO  ozoneimpl.OzoneContainer (OzoneContainer.java:buildContainerSet(316)) - Build ContainerSet costs 0s
2023-06-27 17:02:00,556 [main] INFO  server.RaftServer (ConfUtils.java:logGet(46)) - raft.rpc.type = GRPC (default)
2023-06-27 17:02:00,556 [main] INFO  grpc.GrpcConfigKeys (ConfUtils.java:logFallback(53)) - raft.grpc.admin.host = null (fallback to raft.grpc.server.host)
2023-06-27 17:02:00,556 [main] INFO  grpc.GrpcConfigKeys (ConfUtils.java:logGet(46)) - raft.grpc.admin.port = 15030 (custom)
2023-06-27 17:02:00,557 [main] INFO  grpc.GrpcConfigKeys (ConfUtils.java:logFallback(53)) - raft.grpc.client.host = null (fallback to raft.grpc.server.host)
2023-06-27 17:02:00,557 [main] INFO  grpc.GrpcConfigKeys (ConfUtils.java:logGet(46)) - raft.grpc.client.port = 15029 (custom)
2023-06-27 17:02:00,558 [main] INFO  grpc.GrpcConfigKeys (ConfUtils.java:logGet(46)) - raft.grpc.server.host = null (default)
2023-06-27 17:02:00,558 [main] INFO  grpc.GrpcConfigKeys (ConfUtils.java:logGet(46)) - raft.grpc.server.port = 15031 (custom)
2023-06-27 17:02:00,558 [main] INFO  server.GrpcService (ConfUtils.java:logGet(46)) - raft.grpc.message.size.max = 32MB (=33554432) (custom)
2023-06-27 17:02:00,558 [main] INFO  server.RaftServerConfigKeys (ConfUtils.java:logGet(46)) - raft.server.log.appender.buffer.byte-limit = 33554432 (custom)
2023-06-27 17:02:00,559 [main] INFO  server.GrpcService (ConfUtils.java:logGet(46)) - raft.grpc.flow.control.window = 5MB (=5242880) (custom)
2023-06-27 17:02:00,559 [main] INFO  server.RaftServerConfigKeys (ConfUtils.java:logGet(46)) - raft.server.rpc.request.timeout = 60s (custom)
2023-06-27 17:02:00,559 [main] INFO  grpc.GrpcConfigKeys (ConfUtils.java:logGet(46)) - raft.grpc.server.heartbeat.channel = true (default)
2023-06-27 17:02:00,560 [main] INFO  grpc.GrpcConfigKeys (ConfUtils.java:logGet(46)) - raft.grpc.server.async.request.thread.pool.cached = true (default)
2023-06-27 17:02:00,560 [main] INFO  grpc.GrpcConfigKeys (ConfUtils.java:logGet(46)) - raft.grpc.server.async.request.thread.pool.size = 32 (default)
2023-06-27 17:02:00,567 [main] INFO  impl.DataStreamServerImpl (ConfUtils.java:logGet(46)) - raft.datastream.type = NETTY (custom)
2023-06-27 17:02:00,567 [main] INFO  server.RaftServerConfigKeys (ConfUtils.java:logGet(46)) - raft.server.data-stream.async.request.thread.pool.cached = false (default)
2023-06-27 17:02:00,567 [main] INFO  server.RaftServerConfigKeys (ConfUtils.java:logGet(46)) - raft.server.data-stream.async.request.thread.pool.size = 20 (custom)
2023-06-27 17:02:00,567 [main] INFO  server.RaftServerConfigKeys (ConfUtils.java:logGet(46)) - raft.server.data-stream.async.write.thread.pool.size = 16 (default)
2023-06-27 17:02:00,568 [main] INFO  server.RaftServerConfigKeys (ConfUtils.java:logGet(46)) - raft.server.data-stream.client.pool.size = 10 (default)
2023-06-27 17:02:00,568 [main] INFO  netty.NettyConfigKeys$DataStream (ConfUtils.java:logGet(46)) - raft.netty.dataStream.server.use-epoll = false (default)
2023-06-27 17:02:00,568 [main] INFO  netty.NettyConfigKeys$DataStream (ConfUtils.java:logGet(46)) - raft.netty.dataStream.server.boss-group.size = 0 (default)
2023-06-27 17:02:00,574 [main] INFO  netty.NettyConfigKeys$DataStream (ConfUtils.java:logGet(46)) - raft.netty.dataStream.server.worker-group.size = 0 (default)
2023-06-27 17:02:00,574 [main] INFO  netty.NettyConfigKeys$DataStream (ConfUtils.java:logGet(46)) - raft.netty.dataStream.server.tls.conf = null (default)
2023-06-27 17:02:00,574 [main] INFO  netty.NettyConfigKeys$DataStream (ConfUtils.java:logGet(46)) - raft.netty.dataStream.host = null (default)
2023-06-27 17:02:00,574 [main] INFO  netty.NettyConfigKeys$DataStream (ConfUtils.java:logGet(46)) - raft.netty.dataStream.port = 15032 (custom)
2023-06-27 17:02:00,575 [main] INFO  server.RaftServerConfigKeys (ConfUtils.java:logGet(46)) - raft.server.threadpool.proxy.cached = true (default)
2023-06-27 17:02:00,575 [main] INFO  server.RaftServerConfigKeys (ConfUtils.java:logGet(46)) - raft.server.threadpool.proxy.size = 0 (default)
2023-06-27 17:02:00,575 [main] INFO  server.RaftServerConfigKeys (ConfUtils.java:logGet(46)) - raft.server.rpc.slowness.timeout = 300s (custom)
2023-06-27 17:02:00,576 [main] INFO  server.RaftServerConfigKeys (ConfUtils.java:logGet(46)) - raft.server.leaderelection.leader.step-down.wait-time = 10s (default)
2023-06-27 17:02:00,576 [main] INFO  server.RaftServerConfigKeys (ConfUtils.java:logGet(46)) - raft.server.storage.dir = [/home/runner/work/ozone/ozone/hadoop-ozone/integration-test/target/test-dir/MiniOzoneClusterImpl-4d774b9f-68c7-4e3d-9dd4-f167b54dbd62/datanode-1/data/ratis] (custom)
2023-06-27 17:02:00,576 [06134254-2103-4fb3-af28-769d7483b85f-NettyServerStreamRpc-bossGroup--thread1] INFO  logging.LoggingHandler (AbstractInternalLogger.java:log(148)) - [id: 0xcfadc09c] REGISTERED
2023-06-27 17:02:00,581 [06134254-2103-4fb3-af28-769d7483b85f-NettyServerStreamRpc-bossGroup--thread1] INFO  logging.LoggingHandler (AbstractInternalLogger.java:log(148)) - [id: 0xcfadc09c] BIND: 0.0.0.0/0.0.0.0:15032
2023-06-27 17:02:00,582 [06134254-2103-4fb3-af28-769d7483b85f-NettyServerStreamRpc-bossGroup--thread1] INFO  logging.LoggingHandler (AbstractInternalLogger.java:log(148)) - [id: 0xcfadc09c, L:/0:0:0:0:0:0:0:0:15032] ACTIVE
2023-06-27 17:02:00,586 [main] INFO  server.XceiverServerGrpc (XceiverServerGrpc.java:<init>(132)) - GrpcServer channel type EpollServerSocketChannel
2023-06-27 17:02:00,588 [main] INFO  replication.ReplicationSupervisor (ReplicationSupervisor.java:nodeStateUpdated(305)) - Node state updated to IN_SERVICE, scaling executor pool size to 10
2023-06-27 17:02:00,590 [main] INFO  http.BaseHttpServer (BaseHttpServer.java:newHttpServer2BuilderForOzone(224)) - Starting Web-server for hddsDatanode at: http://0.0.0.0:15026
2023-06-27 17:02:00,590 [main] INFO  http.BaseHttpServer (BaseHttpServer.java:<init>(111)) - Hadoop Security Enabled: false Ozone Security Enabled: false Ozone HTTP Security Enabled: false 
2023-06-27 17:02:00,592 [main] WARN  server.AuthenticationFilter (AuthenticationFilter.java:constructSecretProvider(240)) - Unable to initialize FileSignerSecretProvider, falling back to use random secrets. Reason: Could not read signature secret file: /home/runner/hadoop-http-auth-signature-secret
2023-06-27 17:02:00,593 [main] INFO  http.HttpRequestLog (HttpRequestLog.java:getRequestLog(86)) - Http request log for http.requests.hddsDatanode is not defined
2023-06-27 17:02:00,594 [main] INFO  http.HttpServer2 (HttpServer2.java:addGlobalFilter(1031)) - Added global filter 'safety' (class=org.apache.hadoop.hdds.server.http.HttpServer2$QuotingInputFilter)
2023-06-27 17:02:00,595 [main] INFO  http.HttpServer2 (HttpServer2.java:addFilter(1007)) - Added filter static_user_filter (class=org.apache.hadoop.http.lib.StaticUserWebFilter$StaticUserFilter) to context hddsDatanode
2023-06-27 17:02:00,595 [main] INFO  http.HttpServer2 (HttpServer2.java:addFilter(1015)) - Added filter static_user_filter (class=org.apache.hadoop.http.lib.StaticUserWebFilter$StaticUserFilter) to context logs
2023-06-27 17:02:00,596 [main] INFO  http.HttpServer2 (HttpServer2.java:addFilter(1015)) - Added filter static_user_filter (class=org.apache.hadoop.http.lib.StaticUserWebFilter$StaticUserFilter) to context static
2023-06-27 17:02:00,596 [main] INFO  http.BaseHttpServer (BaseHttpServer.java:<init>(190)) - HTTP server of hddsDatanode uses base directory /home/runner/work/ozone/ozone/hadoop-ozone/integration-test/target/test-dir/MiniOzoneClusterImpl-4d774b9f-68c7-4e3d-9dd4-f167b54dbd62/datanode-1/meta/webserver
2023-06-27 17:02:00,598 [main] INFO  http.HttpServer2 (HttpServer2.java:bindListener(1250)) - Jetty bound to port 15026
2023-06-27 17:02:00,599 [main] INFO  server.Server (Server.java:doStart(375)) - jetty-9.4.51.v20230217; built: 2023-02-17T08:19:37.309Z; git: b45c405e4544384de066f814ed42ae3dceacdd49; jvm 1.8.0_372-b07
2023-06-27 17:02:00,611 [main] INFO  server.session (DefaultSessionIdManager.java:doStart(334)) - DefaultSessionIdManager workerName=node0
2023-06-27 17:02:00,612 [main] INFO  server.session (DefaultSessionIdManager.java:doStart(339)) - No SessionScavenger set, using defaults
2023-06-27 17:02:00,612 [main] INFO  server.session (HouseKeeper.java:startScavenging(132)) - node0 Scavenging every 660000ms
2023-06-27 17:02:00,613 [main] INFO  handler.ContextHandler (ContextHandler.java:doStart(921)) - Started o.e.j.s.ServletContextHandler@38854d64{logs,/logs,file:///home/runner/work/ozone/ozone/hadoop-ozone/integration-test/target/log,AVAILABLE}
2023-06-27 17:02:00,613 [main] INFO  handler.ContextHandler (ContextHandler.java:doStart(921)) - Started o.e.j.s.ServletContextHandler@24a9599{static,/static,jar:file:/home/runner/.m2/repository/org/apache/ozone/hdds-container-service/1.4.0-SNAPSHOT/hdds-container-service-1.4.0-SNAPSHOT.jar!/webapps/static,AVAILABLE}
2023-06-27 17:02:00,634 [omNode-3@group-523986131536-FollowerState] INFO  server.RaftServerConfigKeys (ConfUtils.java:logFallback(53)) - raft.server.rpc.first-election.timeout.min = 1s (fallback to raft.server.rpc.timeout.min)
2023-06-27 17:02:00,635 [omNode-3@group-523986131536-FollowerState] INFO  server.RaftServerConfigKeys (ConfUtils.java:logFallback(53)) - raft.server.rpc.first-election.timeout.max = 1200ms (fallback to raft.server.rpc.timeout.max)
2023-06-27 17:02:00,692 [Datanode State Machine Task Thread - 0] INFO  datanode.InitDatanodeState (InitDatanodeState.java:persistContainerDatanodeDetails(138)) - DatanodeDetails is persisted to /home/runner/work/ozone/ozone/hadoop-ozone/integration-test/target/test-dir/MiniOzoneClusterImpl-4d774b9f-68c7-4e3d-9dd4-f167b54dbd62/datanode-0/meta/datanode.id
2023-06-27 17:02:00,818 [main] INFO  handler.ContextHandler (ContextHandler.java:doStart(921)) - Started o.e.j.w.WebAppContext@7974d89d{hddsDatanode,/,file:///home/runner/work/ozone/ozone/hadoop-ozone/integration-test/target/test-dir/MiniOzoneClusterImpl-4d774b9f-68c7-4e3d-9dd4-f167b54dbd62/datanode-1/meta/webserver/jetty-0_0_0_0-15026-hdds-container-service-1_4_0-SNAPSHOT_jar-_-any-7833879628861424556/webapp/,AVAILABLE}{jar:file:/home/runner/.m2/repository/org/apache/ozone/hdds-container-service/1.4.0-SNAPSHOT/hdds-container-service-1.4.0-SNAPSHOT.jar!/webapps/hddsDatanode}
2023-06-27 17:02:00,820 [main] INFO  server.AbstractConnector (AbstractConnector.java:doStart(333)) - Started ServerConnector@dfb23a6{HTTP/1.1, (http/1.1)}{0.0.0.0:15026}
2023-06-27 17:02:00,820 [main] INFO  server.Server (Server.java:doStart(415)) - Started @11548ms
2023-06-27 17:02:00,820 [main] WARN  impl.MetricsSystemImpl (MetricsSystemImpl.java:register(279)) - Sink prometheus already exists!
2023-06-27 17:02:00,821 [main] INFO  http.BaseHttpServer (BaseHttpServer.java:updateConnectorAddress(344)) - HTTP server of hddsDatanode listening at http://0.0.0.0:15026
2023-06-27 17:02:00,821 [main] INFO  ipc.CallQueueManager (CallQueueManager.java:<init>(90)) - Using callQueue: class java.util.concurrent.LinkedBlockingQueue, queueCapacity: 100, scheduler: class org.apache.hadoop.ipc.DefaultRpcScheduler, ipcBackoff: false.
2023-06-27 17:02:00,821 [main] INFO  ipc.Server (Server.java:<init>(1287)) - Listener at 0.0.0.0:15027
2023-06-27 17:02:00,825 [Socket Reader #1 for port 15027] INFO  ipc.Server (Server.java:run(1323)) - Starting Socket Reader #1 for port 15027
2023-06-27 17:02:00,832 [main] INFO  ozone.HddsDatanodeService (HddsDatanodeService.java:start(315)) - Datanode start with admins: [*, runner]
2023-06-27 17:02:00,832 [main] INFO  ozone.HddsDatanodeClientProtocolServer (HddsDatanodeClientProtocolServer.java:start(72)) - RPC server for Client /0.0.0.0:15027
2023-06-27 17:02:00,832 [IPC Server Responder] INFO  ipc.Server (Server.java:run(1562)) - IPC Server Responder: starting
2023-06-27 17:02:00,832 [IPC Server listener on 15027] INFO  ipc.Server (Server.java:run(1402)) - IPC Server listener on 15027: starting
2023-06-27 17:02:00,840 [main] WARN  impl.MetricRegistriesImpl (MetricRegistriesImpl.java:addReporterRegistration(111)) - New reporters are added after registries were created. Some metrics will be missing from the reporter. Please add reporter before adding any new registry.
2023-06-27 17:02:00,840 [main] WARN  impl.MetricRegistriesImpl (MetricRegistriesImpl.java:addReporterRegistration(111)) - New reporters are added after registries were created. Some metrics will be missing from the reporter. Please add reporter before adding any new registry.
2023-06-27 17:02:00,840 [main] INFO  impl.MetricsSystemImpl (MetricsSystemImpl.java:init(158)) - HddsDatanode metrics system started (again)
2023-06-27 17:02:00,832 [Datanode State Machine Daemon Thread] INFO  statemachine.DatanodeStateMachine (DatanodeStateMachine.java:lambda$startDaemon$0(531)) - Ozone container server started.
2023-06-27 17:02:00,853 [main] INFO  ozone.HddsDatanodeService (HddsDatanodeService.java:start(237)) - HddsDatanodeService host:fv-az748-341 ip:10.1.72.1
2023-06-27 17:02:00,863 [Datanode State Machine Task Thread - 0] INFO  datanode.InitDatanodeState (InitDatanodeState.java:persistContainerDatanodeDetails(138)) - DatanodeDetails is persisted to /home/runner/work/ozone/ozone/hadoop-ozone/integration-test/target/test-dir/MiniOzoneClusterImpl-4d774b9f-68c7-4e3d-9dd4-f167b54dbd62/datanode-1/meta/datanode.id
2023-06-27 17:02:00,882 [main] INFO  upgrade.AbstractLayoutVersionManager (AbstractLayoutVersionManager.java:init(83)) - Initializing Layout version manager with metadata layout = HADOOP_PRC_PORTS_IN_DATANODEDETAILS (version = 7), software layout = HADOOP_PRC_PORTS_IN_DATANODEDETAILS (version = 7)
2023-06-27 17:02:00,885 [main] INFO  statemachine.DatanodeStateMachine (DatanodeStateMachine.java:getEndPointTaskThreadPoolSize(279)) - Datanode State Machine Task Thread Pool size 2
2023-06-27 17:02:00,890 [main] INFO  volume.HddsVolume (HddsVolume.java:<init>(133)) - Creating HddsVolume: /home/runner/work/ozone/ozone/hadoop-ozone/integration-test/target/test-dir/MiniOzoneClusterImpl-4d774b9f-68c7-4e3d-9dd4-f167b54dbd62/datanode-2/data-0/containers/hdds of storage type : DISK capacity : 9223372036854775807
2023-06-27 17:02:00,891 [main] INFO  volume.MutableVolumeSet (MutableVolumeSet.java:initializeVolumeSet(175)) - Added Volume : /home/runner/work/ozone/ozone/hadoop-ozone/integration-test/target/test-dir/MiniOzoneClusterImpl-4d774b9f-68c7-4e3d-9dd4-f167b54dbd62/datanode-2/data-0/containers/hdds to VolumeSet
2023-06-27 17:02:00,891 [main] INFO  volume.ThrottledAsyncChecker (ThrottledAsyncChecker.java:schedule(141)) - Scheduling a check for /home/runner/work/ozone/ozone/hadoop-ozone/integration-test/target/test-dir/MiniOzoneClusterImpl-4d774b9f-68c7-4e3d-9dd4-f167b54dbd62/datanode-2/data-0/containers/hdds
2023-06-27 17:02:00,891 [main] INFO  volume.StorageVolumeChecker (StorageVolumeChecker.java:checkAllVolumes(202)) - Scheduled health check for volume /home/runner/work/ozone/ozone/hadoop-ozone/integration-test/target/test-dir/MiniOzoneClusterImpl-4d774b9f-68c7-4e3d-9dd4-f167b54dbd62/datanode-2/data-0/containers/hdds
2023-06-27 17:02:00,892 [main] INFO  volume.MutableVolumeSet (MutableVolumeSet.java:initializeVolumeSet(175)) - Added Volume : /home/runner/work/ozone/ozone/hadoop-ozone/integration-test/target/test-dir/MiniOzoneClusterImpl-4d774b9f-68c7-4e3d-9dd4-f167b54dbd62/datanode-2/data/ratis to VolumeSet
2023-06-27 17:02:00,892 [main] INFO  volume.ThrottledAsyncChecker (ThrottledAsyncChecker.java:schedule(141)) - Scheduling a check for /home/runner/work/ozone/ozone/hadoop-ozone/integration-test/target/test-dir/MiniOzoneClusterImpl-4d774b9f-68c7-4e3d-9dd4-f167b54dbd62/datanode-2/data/ratis
2023-06-27 17:02:00,892 [main] INFO  volume.StorageVolumeChecker (StorageVolumeChecker.java:checkAllVolumes(202)) - Scheduled health check for volume /home/runner/work/ozone/ozone/hadoop-ozone/integration-test/target/test-dir/MiniOzoneClusterImpl-4d774b9f-68c7-4e3d-9dd4-f167b54dbd62/datanode-2/data/ratis
2023-06-27 17:02:00,896 [Thread-293] INFO  ozoneimpl.ContainerReader (ContainerReader.java:readVolume(175)) - Finish verifying containers on volume /home/runner/work/ozone/ozone/hadoop-ozone/integration-test/target/test-dir/MiniOzoneClusterImpl-4d774b9f-68c7-4e3d-9dd4-f167b54dbd62/datanode-2/data-0/containers/hdds
2023-06-27 17:02:00,896 [main] INFO  ozoneimpl.OzoneContainer (OzoneContainer.java:buildContainerSet(316)) - Build ContainerSet costs 0s
2023-06-27 17:02:00,899 [main] INFO  server.RaftServer (ConfUtils.java:logGet(46)) - raft.rpc.type = GRPC (default)
2023-06-27 17:02:00,899 [main] INFO  grpc.GrpcConfigKeys (ConfUtils.java:logFallback(53)) - raft.grpc.admin.host = null (fallback to raft.grpc.server.host)
2023-06-27 17:02:00,900 [main] INFO  grpc.GrpcConfigKeys (ConfUtils.java:logGet(46)) - raft.grpc.admin.port = 15039 (custom)
2023-06-27 17:02:00,900 [main] INFO  grpc.GrpcConfigKeys (ConfUtils.java:logFallback(53)) - raft.grpc.client.host = null (fallback to raft.grpc.server.host)
2023-06-27 17:02:00,900 [main] INFO  grpc.GrpcConfigKeys (ConfUtils.java:logGet(46)) - raft.grpc.client.port = 15038 (custom)
2023-06-27 17:02:00,900 [main] INFO  grpc.GrpcConfigKeys (ConfUtils.java:logGet(46)) - raft.grpc.server.host = null (default)
2023-06-27 17:02:00,900 [main] INFO  grpc.GrpcConfigKeys (ConfUtils.java:logGet(46)) - raft.grpc.server.port = 15040 (custom)
2023-06-27 17:02:00,900 [main] INFO  server.GrpcService (ConfUtils.java:logGet(46)) - raft.grpc.message.size.max = 32MB (=33554432) (custom)
2023-06-27 17:02:00,900 [main] INFO  server.RaftServerConfigKeys (ConfUtils.java:logGet(46)) - raft.server.log.appender.buffer.byte-limit = 33554432 (custom)
2023-06-27 17:02:00,901 [main] INFO  server.GrpcService (ConfUtils.java:logGet(46)) - raft.grpc.flow.control.window = 5MB (=5242880) (custom)
2023-06-27 17:02:00,902 [main] INFO  server.RaftServerConfigKeys (ConfUtils.java:logGet(46)) - raft.server.rpc.request.timeout = 60s (custom)
2023-06-27 17:02:00,903 [main] INFO  grpc.GrpcConfigKeys (ConfUtils.java:logGet(46)) - raft.grpc.server.heartbeat.channel = true (default)
2023-06-27 17:02:00,903 [main] INFO  grpc.GrpcConfigKeys (ConfUtils.java:logGet(46)) - raft.grpc.server.async.request.thread.pool.cached = true (default)
2023-06-27 17:02:00,903 [main] INFO  grpc.GrpcConfigKeys (ConfUtils.java:logGet(46)) - raft.grpc.server.async.request.thread.pool.size = 32 (default)
2023-06-27 17:02:00,908 [main] INFO  impl.DataStreamServerImpl (ConfUtils.java:logGet(46)) - raft.datastream.type = NETTY (custom)
2023-06-27 17:02:00,909 [main] INFO  server.RaftServerConfigKeys (ConfUtils.java:logGet(46)) - raft.server.data-stream.async.request.thread.pool.cached = false (default)
2023-06-27 17:02:00,909 [main] INFO  server.RaftServerConfigKeys (ConfUtils.java:logGet(46)) - raft.server.data-stream.async.request.thread.pool.size = 20 (custom)
2023-06-27 17:02:00,909 [main] INFO  server.RaftServerConfigKeys (ConfUtils.java:logGet(46)) - raft.server.data-stream.async.write.thread.pool.size = 16 (default)
2023-06-27 17:02:00,909 [main] INFO  server.RaftServerConfigKeys (ConfUtils.java:logGet(46)) - raft.server.data-stream.client.pool.size = 10 (default)
2023-06-27 17:02:00,909 [main] INFO  netty.NettyConfigKeys$DataStream (ConfUtils.java:logGet(46)) - raft.netty.dataStream.server.use-epoll = false (default)
2023-06-27 17:02:00,910 [main] INFO  netty.NettyConfigKeys$DataStream (ConfUtils.java:logGet(46)) - raft.netty.dataStream.server.boss-group.size = 0 (default)
2023-06-27 17:02:00,910 [main] INFO  netty.NettyConfigKeys$DataStream (ConfUtils.java:logGet(46)) - raft.netty.dataStream.server.worker-group.size = 0 (default)
2023-06-27 17:02:00,911 [main] INFO  netty.NettyConfigKeys$DataStream (ConfUtils.java:logGet(46)) - raft.netty.dataStream.server.tls.conf = null (default)
2023-06-27 17:02:00,911 [main] INFO  netty.NettyConfigKeys$DataStream (ConfUtils.java:logGet(46)) - raft.netty.dataStream.host = null (default)
2023-06-27 17:02:00,911 [main] INFO  netty.NettyConfigKeys$DataStream (ConfUtils.java:logGet(46)) - raft.netty.dataStream.port = 15041 (custom)
2023-06-27 17:02:00,912 [main] INFO  server.RaftServerConfigKeys (ConfUtils.java:logGet(46)) - raft.server.threadpool.proxy.cached = true (default)
2023-06-27 17:02:00,912 [main] INFO  server.RaftServerConfigKeys (ConfUtils.java:logGet(46)) - raft.server.threadpool.proxy.size = 0 (default)
2023-06-27 17:02:00,912 [main] INFO  server.RaftServerConfigKeys (ConfUtils.java:logGet(46)) - raft.server.rpc.slowness.timeout = 300s (custom)
2023-06-27 17:02:00,912 [main] INFO  server.RaftServerConfigKeys (ConfUtils.java:logGet(46)) - raft.server.leaderelection.leader.step-down.wait-time = 10s (default)
2023-06-27 17:02:00,913 [main] INFO  server.RaftServerConfigKeys (ConfUtils.java:logGet(46)) - raft.server.storage.dir = [/home/runner/work/ozone/ozone/hadoop-ozone/integration-test/target/test-dir/MiniOzoneClusterImpl-4d774b9f-68c7-4e3d-9dd4-f167b54dbd62/datanode-2/data/ratis] (custom)
2023-06-27 17:02:00,913 [e112e51e-5103-4e17-9bb8-79f4bd4a8423-NettyServerStreamRpc-bossGroup--thread1] INFO  logging.LoggingHandler (AbstractInternalLogger.java:log(148)) - [id: 0x84fe30f6] REGISTERED
2023-06-27 17:02:00,913 [e112e51e-5103-4e17-9bb8-79f4bd4a8423-NettyServerStreamRpc-bossGroup--thread1] INFO  logging.LoggingHandler (AbstractInternalLogger.java:log(148)) - [id: 0x84fe30f6] BIND: 0.0.0.0/0.0.0.0:15041
2023-06-27 17:02:00,913 [e112e51e-5103-4e17-9bb8-79f4bd4a8423-NettyServerStreamRpc-bossGroup--thread1] INFO  logging.LoggingHandler (AbstractInternalLogger.java:log(148)) - [id: 0x84fe30f6, L:/0:0:0:0:0:0:0:0:15041] ACTIVE
2023-06-27 17:02:00,915 [main] INFO  server.XceiverServerGrpc (XceiverServerGrpc.java:<init>(132)) - GrpcServer channel type EpollServerSocketChannel
2023-06-27 17:02:00,921 [main] INFO  replication.ReplicationSupervisor (ReplicationSupervisor.java:nodeStateUpdated(305)) - Node state updated to IN_SERVICE, scaling executor pool size to 10
2023-06-27 17:02:00,923 [main] INFO  http.BaseHttpServer (BaseHttpServer.java:newHttpServer2BuilderForOzone(224)) - Starting Web-server for hddsDatanode at: http://0.0.0.0:15035
2023-06-27 17:02:00,923 [main] INFO  http.BaseHttpServer (BaseHttpServer.java:<init>(111)) - Hadoop Security Enabled: false Ozone Security Enabled: false Ozone HTTP Security Enabled: false 
2023-06-27 17:02:00,925 [main] WARN  server.AuthenticationFilter (AuthenticationFilter.java:constructSecretProvider(240)) - Unable to initialize FileSignerSecretProvider, falling back to use random secrets. Reason: Could not read signature secret file: /home/runner/hadoop-http-auth-signature-secret
2023-06-27 17:02:00,926 [main] INFO  http.HttpRequestLog (HttpRequestLog.java:getRequestLog(86)) - Http request log for http.requests.hddsDatanode is not defined
2023-06-27 17:02:00,927 [main] INFO  http.HttpServer2 (HttpServer2.java:addGlobalFilter(1031)) - Added global filter 'safety' (class=org.apache.hadoop.hdds.server.http.HttpServer2$QuotingInputFilter)
2023-06-27 17:02:00,928 [main] INFO  http.HttpServer2 (HttpServer2.java:addFilter(1007)) - Added filter static_user_filter (class=org.apache.hadoop.http.lib.StaticUserWebFilter$StaticUserFilter) to context hddsDatanode
2023-06-27 17:02:00,928 [main] INFO  http.HttpServer2 (HttpServer2.java:addFilter(1015)) - Added filter static_user_filter (class=org.apache.hadoop.http.lib.StaticUserWebFilter$StaticUserFilter) to context logs
2023-06-27 17:02:00,928 [main] INFO  http.HttpServer2 (HttpServer2.java:addFilter(1015)) - Added filter static_user_filter (class=org.apache.hadoop.http.lib.StaticUserWebFilter$StaticUserFilter) to context static
2023-06-27 17:02:00,929 [main] INFO  http.BaseHttpServer (BaseHttpServer.java:<init>(190)) - HTTP server of hddsDatanode uses base directory /home/runner/work/ozone/ozone/hadoop-ozone/integration-test/target/test-dir/MiniOzoneClusterImpl-4d774b9f-68c7-4e3d-9dd4-f167b54dbd62/datanode-2/meta/webserver
2023-06-27 17:02:00,929 [main] INFO  http.HttpServer2 (HttpServer2.java:bindListener(1250)) - Jetty bound to port 15035
2023-06-27 17:02:00,929 [main] INFO  server.Server (Server.java:doStart(375)) - jetty-9.4.51.v20230217; built: 2023-02-17T08:19:37.309Z; git: b45c405e4544384de066f814ed42ae3dceacdd49; jvm 1.8.0_372-b07
2023-06-27 17:02:00,930 [main] INFO  server.session (DefaultSessionIdManager.java:doStart(334)) - DefaultSessionIdManager workerName=node0
2023-06-27 17:02:00,931 [main] INFO  server.session (DefaultSessionIdManager.java:doStart(339)) - No SessionScavenger set, using defaults
2023-06-27 17:02:00,931 [main] INFO  server.session (HouseKeeper.java:startScavenging(132)) - node0 Scavenging every 600000ms
2023-06-27 17:02:00,931 [main] INFO  handler.ContextHandler (ContextHandler.java:doStart(921)) - Started o.e.j.s.ServletContextHandler@11177e20{logs,/logs,file:///home/runner/work/ozone/ozone/hadoop-ozone/integration-test/target/log,AVAILABLE}
2023-06-27 17:02:00,932 [main] INFO  handler.ContextHandler (ContextHandler.java:doStart(921)) - Started o.e.j.s.ServletContextHandler@3cbaeedd{static,/static,jar:file:/home/runner/.m2/repository/org/apache/ozone/hdds-container-service/1.4.0-SNAPSHOT/hdds-container-service-1.4.0-SNAPSHOT.jar!/webapps/static,AVAILABLE}
2023-06-27 17:02:01,130 [main] INFO  handler.ContextHandler (ContextHandler.java:doStart(921)) - Started o.e.j.w.WebAppContext@4a5637d7{hddsDatanode,/,file:///home/runner/work/ozone/ozone/hadoop-ozone/integration-test/target/test-dir/MiniOzoneClusterImpl-4d774b9f-68c7-4e3d-9dd4-f167b54dbd62/datanode-2/meta/webserver/jetty-0_0_0_0-15035-hdds-container-service-1_4_0-SNAPSHOT_jar-_-any-3050663709959701131/webapp/,AVAILABLE}{jar:file:/home/runner/.m2/repository/org/apache/ozone/hdds-container-service/1.4.0-SNAPSHOT/hdds-container-service-1.4.0-SNAPSHOT.jar!/webapps/hddsDatanode}
2023-06-27 17:02:01,131 [main] INFO  server.AbstractConnector (AbstractConnector.java:doStart(333)) - Started ServerConnector@244037d3{HTTP/1.1, (http/1.1)}{0.0.0.0:15035}
2023-06-27 17:02:01,132 [main] INFO  server.Server (Server.java:doStart(415)) - Started @11860ms
2023-06-27 17:02:01,132 [main] WARN  impl.MetricsSystemImpl (MetricsSystemImpl.java:register(279)) - Sink prometheus already exists!
2023-06-27 17:02:01,132 [main] INFO  http.BaseHttpServer (BaseHttpServer.java:updateConnectorAddress(344)) - HTTP server of hddsDatanode listening at http://0.0.0.0:15035
2023-06-27 17:02:01,133 [main] INFO  ipc.CallQueueManager (CallQueueManager.java:<init>(90)) - Using callQueue: class java.util.concurrent.LinkedBlockingQueue, queueCapacity: 100, scheduler: class org.apache.hadoop.ipc.DefaultRpcScheduler, ipcBackoff: false.
2023-06-27 17:02:01,133 [main] INFO  ipc.Server (Server.java:<init>(1287)) - Listener at 0.0.0.0:15036
2023-06-27 17:02:01,134 [Socket Reader #1 for port 15036] INFO  ipc.Server (Server.java:run(1323)) - Starting Socket Reader #1 for port 15036
2023-06-27 17:02:01,144 [main] INFO  ozone.HddsDatanodeService (HddsDatanodeService.java:start(315)) - Datanode start with admins: [*, runner]
2023-06-27 17:02:01,144 [main] INFO  ozone.HddsDatanodeClientProtocolServer (HddsDatanodeClientProtocolServer.java:start(72)) - RPC server for Client /0.0.0.0:15036
2023-06-27 17:02:01,144 [IPC Server Responder] INFO  ipc.Server (Server.java:run(1562)) - IPC Server Responder: starting
2023-06-27 17:02:01,152 [IPC Server listener on 15036] INFO  ipc.Server (Server.java:run(1402)) - IPC Server listener on 15036: starting
2023-06-27 17:02:01,154 [Datanode State Machine Daemon Thread] INFO  statemachine.DatanodeStateMachine (DatanodeStateMachine.java:lambda$startDaemon$0(531)) - Ozone container server started.
2023-06-27 17:02:01,157 [main] INFO  ozone.MiniOzoneClusterImpl (MiniOzoneClusterImpl.java:lambda$waitForClusterToBeReady$0(224)) - Waiting for nodes to be ready. Got 0 of 3 DN Heartbeats.
2023-06-27 17:02:01,157 [main] INFO  ozone.MiniOzoneClusterImpl (MiniOzoneClusterImpl.java:lambda$waitForClusterToBeReady$0(227)) - Waiting for cluster to exit safe mode
2023-06-27 17:02:01,157 [main] INFO  ozone.MiniOzoneClusterImpl (MiniOzoneClusterImpl.java:lambda$waitForClusterToBeReady$0(229)) - SCM became leader
2023-06-27 17:02:01,162 [Datanode State Machine Task Thread - 0] INFO  datanode.InitDatanodeState (InitDatanodeState.java:persistContainerDatanodeDetails(138)) - DatanodeDetails is persisted to /home/runner/work/ozone/ozone/hadoop-ozone/integration-test/target/test-dir/MiniOzoneClusterImpl-4d774b9f-68c7-4e3d-9dd4-f167b54dbd62/datanode-2/meta/datanode.id
2023-06-27 17:02:01,666 [omNode-3@group-523986131536-FollowerState] INFO  server.RaftServerConfigKeys (ConfUtils.java:logFallback(53)) - raft.server.rpc.first-election.timeout.min = 1s (fallback to raft.server.rpc.timeout.min)
2023-06-27 17:02:01,666 [omNode-3@group-523986131536-FollowerState] INFO  server.RaftServerConfigKeys (ConfUtils.java:logFallback(53)) - raft.server.rpc.first-election.timeout.max = 1200ms (fallback to raft.server.rpc.timeout.max)
2023-06-27 17:02:02,158 [main] INFO  ozone.MiniOzoneClusterImpl (MiniOzoneClusterImpl.java:lambda$waitForClusterToBeReady$0(224)) - Waiting for nodes to be ready. Got 0 of 3 DN Heartbeats.
2023-06-27 17:02:02,158 [main] INFO  ozone.MiniOzoneClusterImpl (MiniOzoneClusterImpl.java:lambda$waitForClusterToBeReady$0(227)) - Waiting for cluster to exit safe mode
2023-06-27 17:02:02,158 [main] INFO  ozone.MiniOzoneClusterImpl (MiniOzoneClusterImpl.java:lambda$waitForClusterToBeReady$0(229)) - SCM became leader
2023-06-27 17:02:02,625 [EndpointStateMachine task thread for /0.0.0.0:15002 - 0 ] INFO  utils.DatanodeStoreCache (DatanodeStoreCache.java:addDB(66)) - Added db /home/runner/work/ozone/ozone/hadoop-ozone/integration-test/target/test-dir/MiniOzoneClusterImpl-4d774b9f-68c7-4e3d-9dd4-f167b54dbd62/datanode-0/data-0/containers/hdds/4d774b9f-68c7-4e3d-9dd4-f167b54dbd62/DS-cf59b4d1-2fa4-456a-abca-de756825e7d4/container.db to cache
2023-06-27 17:02:02,625 [EndpointStateMachine task thread for /0.0.0.0:15002 - 0 ] INFO  volume.HddsVolume (HddsVolume.java:createDbStore(461)) - SchemaV3 db is created and loaded at /home/runner/work/ozone/ozone/hadoop-ozone/integration-test/target/test-dir/MiniOzoneClusterImpl-4d774b9f-68c7-4e3d-9dd4-f167b54dbd62/datanode-0/data-0/containers/hdds/4d774b9f-68c7-4e3d-9dd4-f167b54dbd62/DS-cf59b4d1-2fa4-456a-abca-de756825e7d4/container.db for volume DS-cf59b4d1-2fa4-456a-abca-de756825e7d4
2023-06-27 17:02:02,627 [EndpointStateMachine task thread for /0.0.0.0:15002 - 0 ] INFO  ozoneimpl.OzoneContainer (OzoneContainer.java:start(419)) - Attempting to start container services.
2023-06-27 17:02:02,629 [EndpointStateMachine task thread for /0.0.0.0:15002 - 0 ] INFO  ozoneimpl.OzoneContainer (OzoneContainer.java:startContainerScrub(327)) - Scheduled background container scanners and the on-demand container scanner have been disabled.
2023-06-27 17:02:02,631 [EndpointStateMachine task thread for /0.0.0.0:15002 - 0 ] INFO  replication.ReplicationServer (ReplicationServer.java:start(128)) - ReplicationServer is started using port 15024
2023-06-27 17:02:02,631 [EndpointStateMachine task thread for /0.0.0.0:15002 - 0 ] INFO  ratis.XceiverServerRatis (XceiverServerRatis.java:start(517)) - Starting XceiverServerRatis db05cefc-d1d0-4a37-85d6-512a7e836214
2023-06-27 17:02:02,632 [EndpointStateMachine task thread for /0.0.0.0:15002 - 0 ] INFO  server.RaftServer (RaftServerProxy.java:startImpl(400)) - db05cefc-d1d0-4a37-85d6-512a7e836214: start RPC server
2023-06-27 17:02:02,635 [EndpointStateMachine task thread for /0.0.0.0:15002 - 0 ] INFO  server.GrpcService (GrpcService.java:startImpl(302)) - db05cefc-d1d0-4a37-85d6-512a7e836214: GrpcService started, listening on 15020
2023-06-27 17:02:02,637 [EndpointStateMachine task thread for /0.0.0.0:15002 - 0 ] INFO  server.GrpcService (GrpcService.java:startImpl(302)) - db05cefc-d1d0-4a37-85d6-512a7e836214: GrpcService started, listening on 15022
2023-06-27 17:02:02,640 [EndpointStateMachine task thread for /0.0.0.0:15002 - 0 ] INFO  server.GrpcService (GrpcService.java:startImpl(302)) - db05cefc-d1d0-4a37-85d6-512a7e836214: GrpcService started, listening on 15021
2023-06-27 17:02:02,640 [EndpointStateMachine task thread for /0.0.0.0:15002 - 0 ] INFO  ratis.XceiverServerRatis (XceiverServerRatis.java:getRealPort(543)) - XceiverServerRatis db05cefc-d1d0-4a37-85d6-512a7e836214 is started using port 15020 for RATIS
2023-06-27 17:02:02,640 [JvmPauseMonitor4] INFO  util.JvmPauseMonitor (JvmPauseMonitor.java:run(103)) - JvmPauseMonitor-db05cefc-d1d0-4a37-85d6-512a7e836214: Started
2023-06-27 17:02:02,640 [EndpointStateMachine task thread for /0.0.0.0:15002 - 0 ] INFO  ratis.XceiverServerRatis (XceiverServerRatis.java:getRealPort(543)) - XceiverServerRatis db05cefc-d1d0-4a37-85d6-512a7e836214 is started using port 15021 for RATIS_ADMIN
2023-06-27 17:02:02,642 [EndpointStateMachine task thread for /0.0.0.0:15002 - 0 ] INFO  ratis.XceiverServerRatis (XceiverServerRatis.java:getRealPort(543)) - XceiverServerRatis db05cefc-d1d0-4a37-85d6-512a7e836214 is started using port 15022 for RATIS_SERVER
2023-06-27 17:02:02,642 [EndpointStateMachine task thread for /0.0.0.0:15002 - 0 ] INFO  ratis.XceiverServerRatis (XceiverServerRatis.java:getRealPort(543)) - XceiverServerRatis db05cefc-d1d0-4a37-85d6-512a7e836214 is started using port 15023 for RATIS_DATASTREAM
2023-06-27 17:02:02,651 [BlockDeletingService#0] INFO  interfaces.ContainerDeletionChoosingPolicyTemplate (ContainerDeletionChoosingPolicyTemplate.java:chooseContainerForBlockDeletion(83)) - Chosen 0/5000 blocks from 0 candidate containers.
2023-06-27 17:02:02,722 [omNode-3@group-523986131536-FollowerState] INFO  server.RaftServerConfigKeys (ConfUtils.java:logFallback(53)) - raft.server.rpc.first-election.timeout.min = 1s (fallback to raft.server.rpc.timeout.min)
2023-06-27 17:02:02,722 [omNode-3@group-523986131536-FollowerState] INFO  server.RaftServerConfigKeys (ConfUtils.java:logFallback(53)) - raft.server.rpc.first-election.timeout.max = 1200ms (fallback to raft.server.rpc.timeout.max)
2023-06-27 17:02:02,883 [EndpointStateMachine task thread for /0.0.0.0:15002 - 0 ] INFO  utils.DatanodeStoreCache (DatanodeStoreCache.java:addDB(66)) - Added db /home/runner/work/ozone/ozone/hadoop-ozone/integration-test/target/test-dir/MiniOzoneClusterImpl-4d774b9f-68c7-4e3d-9dd4-f167b54dbd62/datanode-1/data-0/containers/hdds/4d774b9f-68c7-4e3d-9dd4-f167b54dbd62/DS-2abfaa34-849f-41e6-a5e9-83c430b25998/container.db to cache
2023-06-27 17:02:02,884 [EndpointStateMachine task thread for /0.0.0.0:15002 - 0 ] INFO  volume.HddsVolume (HddsVolume.java:createDbStore(461)) - SchemaV3 db is created and loaded at /home/runner/work/ozone/ozone/hadoop-ozone/integration-test/target/test-dir/MiniOzoneClusterImpl-4d774b9f-68c7-4e3d-9dd4-f167b54dbd62/datanode-1/data-0/containers/hdds/4d774b9f-68c7-4e3d-9dd4-f167b54dbd62/DS-2abfaa34-849f-41e6-a5e9-83c430b25998/container.db for volume DS-2abfaa34-849f-41e6-a5e9-83c430b25998
2023-06-27 17:02:02,884 [EndpointStateMachine task thread for /0.0.0.0:15002 - 0 ] INFO  ozoneimpl.OzoneContainer (OzoneContainer.java:start(419)) - Attempting to start container services.
2023-06-27 17:02:02,884 [EndpointStateMachine task thread for /0.0.0.0:15002 - 0 ] INFO  ozoneimpl.OzoneContainer (OzoneContainer.java:startContainerScrub(327)) - Scheduled background container scanners and the on-demand container scanner have been disabled.
2023-06-27 17:02:02,889 [EndpointStateMachine task thread for /0.0.0.0:15002 - 0 ] INFO  replication.ReplicationServer (ReplicationServer.java:start(128)) - ReplicationServer is started using port 15033
2023-06-27 17:02:02,889 [EndpointStateMachine task thread for /0.0.0.0:15002 - 0 ] INFO  ratis.XceiverServerRatis (XceiverServerRatis.java:start(517)) - Starting XceiverServerRatis 06134254-2103-4fb3-af28-769d7483b85f
2023-06-27 17:02:02,890 [EndpointStateMachine task thread for /0.0.0.0:15002 - 0 ] INFO  server.RaftServer (RaftServerProxy.java:startImpl(400)) - 06134254-2103-4fb3-af28-769d7483b85f: start RPC server
2023-06-27 17:02:02,896 [EndpointStateMachine task thread for /0.0.0.0:15002 - 0 ] INFO  server.GrpcService (GrpcService.java:startImpl(302)) - 06134254-2103-4fb3-af28-769d7483b85f: GrpcService started, listening on 15029
2023-06-27 17:02:02,898 [EndpointStateMachine task thread for /0.0.0.0:15002 - 0 ] INFO  server.GrpcService (GrpcService.java:startImpl(302)) - 06134254-2103-4fb3-af28-769d7483b85f: GrpcService started, listening on 15031
2023-06-27 17:02:02,899 [EndpointStateMachine task thread for /0.0.0.0:15002 - 0 ] INFO  server.GrpcService (GrpcService.java:startImpl(302)) - 06134254-2103-4fb3-af28-769d7483b85f: GrpcService started, listening on 15030
2023-06-27 17:02:02,900 [EndpointStateMachine task thread for /0.0.0.0:15002 - 0 ] INFO  ratis.XceiverServerRatis (XceiverServerRatis.java:getRealPort(543)) - XceiverServerRatis 06134254-2103-4fb3-af28-769d7483b85f is started using port 15029 for RATIS
2023-06-27 17:02:02,900 [JvmPauseMonitor5] INFO  util.JvmPauseMonitor (JvmPauseMonitor.java:run(103)) - JvmPauseMonitor-06134254-2103-4fb3-af28-769d7483b85f: Started
2023-06-27 17:02:02,900 [EndpointStateMachine task thread for /0.0.0.0:15002 - 0 ] INFO  ratis.XceiverServerRatis (XceiverServerRatis.java:getRealPort(543)) - XceiverServerRatis 06134254-2103-4fb3-af28-769d7483b85f is started using port 15030 for RATIS_ADMIN
2023-06-27 17:02:02,900 [EndpointStateMachine task thread for /0.0.0.0:15002 - 0 ] INFO  ratis.XceiverServerRatis (XceiverServerRatis.java:getRealPort(543)) - XceiverServerRatis 06134254-2103-4fb3-af28-769d7483b85f is started using port 15031 for RATIS_SERVER
2023-06-27 17:02:02,900 [EndpointStateMachine task thread for /0.0.0.0:15002 - 0 ] INFO  ratis.XceiverServerRatis (XceiverServerRatis.java:getRealPort(543)) - XceiverServerRatis 06134254-2103-4fb3-af28-769d7483b85f is started using port 15032 for RATIS_DATASTREAM
2023-06-27 17:02:02,905 [BlockDeletingService#0] INFO  interfaces.ContainerDeletionChoosingPolicyTemplate (ContainerDeletionChoosingPolicyTemplate.java:chooseContainerForBlockDeletion(83)) - Chosen 0/5000 blocks from 0 candidate containers.
2023-06-27 17:02:03,158 [main] INFO  ozone.MiniOzoneClusterImpl (MiniOzoneClusterImpl.java:lambda$waitForClusterToBeReady$0(224)) - Waiting for nodes to be ready. Got 0 of 3 DN Heartbeats.
2023-06-27 17:02:03,159 [main] INFO  ozone.MiniOzoneClusterImpl (MiniOzoneClusterImpl.java:lambda$waitForClusterToBeReady$0(227)) - Waiting for cluster to exit safe mode
2023-06-27 17:02:03,159 [main] INFO  ozone.MiniOzoneClusterImpl (MiniOzoneClusterImpl.java:lambda$waitForClusterToBeReady$0(229)) - SCM became leader
2023-06-27 17:02:03,195 [EndpointStateMachine task thread for /0.0.0.0:15002 - 0 ] INFO  utils.DatanodeStoreCache (DatanodeStoreCache.java:addDB(66)) - Added db /home/runner/work/ozone/ozone/hadoop-ozone/integration-test/target/test-dir/MiniOzoneClusterImpl-4d774b9f-68c7-4e3d-9dd4-f167b54dbd62/datanode-2/data-0/containers/hdds/4d774b9f-68c7-4e3d-9dd4-f167b54dbd62/DS-c305faa0-5265-4f0b-b125-c3069d45f125/container.db to cache
2023-06-27 17:02:03,195 [EndpointStateMachine task thread for /0.0.0.0:15002 - 0 ] INFO  volume.HddsVolume (HddsVolume.java:createDbStore(461)) - SchemaV3 db is created and loaded at /home/runner/work/ozone/ozone/hadoop-ozone/integration-test/target/test-dir/MiniOzoneClusterImpl-4d774b9f-68c7-4e3d-9dd4-f167b54dbd62/datanode-2/data-0/containers/hdds/4d774b9f-68c7-4e3d-9dd4-f167b54dbd62/DS-c305faa0-5265-4f0b-b125-c3069d45f125/container.db for volume DS-c305faa0-5265-4f0b-b125-c3069d45f125
2023-06-27 17:02:03,195 [EndpointStateMachine task thread for /0.0.0.0:15002 - 0 ] INFO  ozoneimpl.OzoneContainer (OzoneContainer.java:start(419)) - Attempting to start container services.
2023-06-27 17:02:03,196 [EndpointStateMachine task thread for /0.0.0.0:15002 - 0 ] INFO  ozoneimpl.OzoneContainer (OzoneContainer.java:startContainerScrub(327)) - Scheduled background container scanners and the on-demand container scanner have been disabled.
2023-06-27 17:02:03,201 [EndpointStateMachine task thread for /0.0.0.0:15002 - 0 ] INFO  replication.ReplicationServer (ReplicationServer.java:start(128)) - ReplicationServer is started using port 15042
2023-06-27 17:02:03,202 [EndpointStateMachine task thread for /0.0.0.0:15002 - 0 ] INFO  ratis.XceiverServerRatis (XceiverServerRatis.java:start(517)) - Starting XceiverServerRatis e112e51e-5103-4e17-9bb8-79f4bd4a8423
2023-06-27 17:02:03,203 [EndpointStateMachine task thread for /0.0.0.0:15002 - 0 ] INFO  server.RaftServer (RaftServerProxy.java:startImpl(400)) - e112e51e-5103-4e17-9bb8-79f4bd4a8423: start RPC server
2023-06-27 17:02:03,206 [EndpointStateMachine task thread for /0.0.0.0:15002 - 0 ] INFO  server.GrpcService (GrpcService.java:startImpl(302)) - e112e51e-5103-4e17-9bb8-79f4bd4a8423: GrpcService started, listening on 15038
2023-06-27 17:02:03,209 [EndpointStateMachine task thread for /0.0.0.0:15002 - 0 ] INFO  server.GrpcService (GrpcService.java:startImpl(302)) - e112e51e-5103-4e17-9bb8-79f4bd4a8423: GrpcService started, listening on 15040
2023-06-27 17:02:03,211 [EndpointStateMachine task thread for /0.0.0.0:15002 - 0 ] INFO  server.GrpcService (GrpcService.java:startImpl(302)) - e112e51e-5103-4e17-9bb8-79f4bd4a8423: GrpcService started, listening on 15039
2023-06-27 17:02:03,211 [EndpointStateMachine task thread for /0.0.0.0:15002 - 0 ] INFO  ratis.XceiverServerRatis (XceiverServerRatis.java:getRealPort(543)) - XceiverServerRatis e112e51e-5103-4e17-9bb8-79f4bd4a8423 is started using port 15038 for RATIS
2023-06-27 17:02:03,211 [EndpointStateMachine task thread for /0.0.0.0:15002 - 0 ] INFO  ratis.XceiverServerRatis (XceiverServerRatis.java:getRealPort(543)) - XceiverServerRatis e112e51e-5103-4e17-9bb8-79f4bd4a8423 is started using port 15039 for RATIS_ADMIN
2023-06-27 17:02:03,211 [EndpointStateMachine task thread for /0.0.0.0:15002 - 0 ] INFO  ratis.XceiverServerRatis (XceiverServerRatis.java:getRealPort(543)) - XceiverServerRatis e112e51e-5103-4e17-9bb8-79f4bd4a8423 is started using port 15040 for RATIS_SERVER
2023-06-27 17:02:03,211 [EndpointStateMachine task thread for /0.0.0.0:15002 - 0 ] INFO  ratis.XceiverServerRatis (XceiverServerRatis.java:getRealPort(543)) - XceiverServerRatis e112e51e-5103-4e17-9bb8-79f4bd4a8423 is started using port 15041 for RATIS_DATASTREAM
2023-06-27 17:02:03,217 [JvmPauseMonitor6] INFO  util.JvmPauseMonitor (JvmPauseMonitor.java:run(103)) - JvmPauseMonitor-e112e51e-5103-4e17-9bb8-79f4bd4a8423: Started
2023-06-27 17:02:03,222 [BlockDeletingService#0] INFO  interfaces.ContainerDeletionChoosingPolicyTemplate (ContainerDeletionChoosingPolicyTemplate.java:chooseContainerForBlockDeletion(83)) - Chosen 0/5000 blocks from 0 candidate containers.
2023-06-27 17:02:03,856 [omNode-3@group-523986131536-FollowerState] INFO  server.RaftServerConfigKeys (ConfUtils.java:logFallback(53)) - raft.server.rpc.first-election.timeout.min = 1s (fallback to raft.server.rpc.timeout.min)
2023-06-27 17:02:03,856 [omNode-3@group-523986131536-FollowerState] INFO  server.RaftServerConfigKeys (ConfUtils.java:logFallback(53)) - raft.server.rpc.first-election.timeout.max = 1200ms (fallback to raft.server.rpc.timeout.max)
2023-06-27 17:02:04,159 [main] INFO  ozone.MiniOzoneClusterImpl (MiniOzoneClusterImpl.java:lambda$waitForClusterToBeReady$0(224)) - Waiting for nodes to be ready. Got 0 of 3 DN Heartbeats.
2023-06-27 17:02:04,159 [main] INFO  ozone.MiniOzoneClusterImpl (MiniOzoneClusterImpl.java:lambda$waitForClusterToBeReady$0(227)) - Waiting for cluster to exit safe mode
2023-06-27 17:02:04,159 [main] INFO  ozone.MiniOzoneClusterImpl (MiniOzoneClusterImpl.java:lambda$waitForClusterToBeReady$0(229)) - SCM became leader
2023-06-27 17:02:04,548 [IPC Server handler 13 on default port 15002] INFO  net.NetworkTopologyImpl (NetworkTopologyImpl.java:add(112)) - Added a new node: /default-rack/db05cefc-d1d0-4a37-85d6-512a7e836214
2023-06-27 17:02:04,551 [IPC Server handler 13 on default port 15002] INFO  node.SCMNodeManager (SCMNodeManager.java:register(405)) - Registered Data node : db05cefc-d1d0-4a37-85d6-512a7e836214{ip: 10.1.72.1, host: fv-az748-341, ports: [HTTP=15017, CLIENT_RPC=15018, REPLICATION=15024, RATIS=15020, RATIS_ADMIN=15021, RATIS_SERVER=15022, RATIS_DATASTREAM=15023, STANDALONE=15019], networkLocation: /default-rack, certSerialId: null, persistedOpState: null, persistedOpStateExpiryEpochSec: 0}
2023-06-27 17:02:04,556 [EventQueue-NewNodeForNewNodeHandler] INFO  pipeline.BackgroundPipelineCreator (BackgroundPipelineCreator.java:notifyEventTriggered(276)) - trigger a one-shot run on RatisPipelineUtilsThread.
2023-06-27 17:02:04,557 [EventQueue-NodeRegistrationContainerReportForContainerSafeModeRule] INFO  safemode.SCMSafeModeManager (SCMSafeModeManager.java:validateSafeModeExitRules(200)) - ContainerSafeModeRule rule is successfully validated
2023-06-27 17:02:04,557 [EventQueue-NodeRegistrationContainerReportForDataNodeSafeModeRule] INFO  safemode.SCMSafeModeManager (DataNodeSafeModeRule.java:process(71)) - SCM in safe mode. 1 DataNodes registered, 3 required.
2023-06-27 17:02:04,562 [RatisPipelineUtilsThread - 0] INFO  pipeline.RatisPipelineProvider (RatisPipelineProvider.java:lambda$create$0(206)) - Sending CreatePipelineCommand for pipeline:PipelineID=17829ef3-b551-4bb5-8b5f-486a61ee134f to datanode:db05cefc-d1d0-4a37-85d6-512a7e836214
2023-06-27 17:02:04,564 [EventQueue-PipelineReportForOneReplicaPipelineSafeModeRule] INFO  safemode.SCMSafeModeManager (SCMSafeModeManager.java:validateSafeModeExitRules(200)) - AtleastOneDatanodeReportedRule rule is successfully validated
2023-06-27 17:02:04,572 [RatisPipelineUtilsThread - 0] INFO  pipeline.PipelineManagerImpl (PipelineManagerImpl.java:addPipelineToManager(301)) - Added pipeline Pipeline[ Id: 17829ef3-b551-4bb5-8b5f-486a61ee134f, Nodes: db05cefc-d1d0-4a37-85d6-512a7e836214(fv-az748-341/10.1.72.1), ReplicationConfig: RATIS/ONE, State:ALLOCATED, leaderId:, CreationTimestamp2023-06-27T17:02:04.561Z[Etc/UTC]].
2023-06-27 17:02:04,848 [IPC Server handler 17 on default port 15002] INFO  net.NetworkTopologyImpl (NetworkTopologyImpl.java:add(112)) - Added a new node: /default-rack/06134254-2103-4fb3-af28-769d7483b85f
2023-06-27 17:02:04,848 [IPC Server handler 17 on default port 15002] INFO  node.SCMNodeManager (SCMNodeManager.java:register(405)) - Registered Data node : 06134254-2103-4fb3-af28-769d7483b85f{ip: 10.1.72.1, host: fv-az748-341, ports: [HTTP=15026, CLIENT_RPC=15027, REPLICATION=15033, RATIS=15029, RATIS_ADMIN=15030, RATIS_SERVER=15031, RATIS_DATASTREAM=15032, STANDALONE=15028], networkLocation: /default-rack, certSerialId: null, persistedOpState: null, persistedOpStateExpiryEpochSec: 0}
2023-06-27 17:02:04,848 [EventQueue-NodeRegistrationContainerReportForDataNodeSafeModeRule] INFO  safemode.SCMSafeModeManager (DataNodeSafeModeRule.java:process(71)) - SCM in safe mode. 2 DataNodes registered, 3 required.
2023-06-27 17:02:04,849 [EventQueue-NewNodeForNewNodeHandler] INFO  pipeline.BackgroundPipelineCreator (BackgroundPipelineCreator.java:notifyEventTriggered(276)) - trigger a one-shot run on RatisPipelineUtilsThread.
2023-06-27 17:02:04,850 [RatisPipelineUtilsThread - 0] INFO  pipeline.RatisPipelineProvider (RatisPipelineProvider.java:lambda$create$0(206)) - Sending CreatePipelineCommand for pipeline:PipelineID=d0346edf-3953-4a7a-9d16-a5bbe74b45c4 to datanode:06134254-2103-4fb3-af28-769d7483b85f
2023-06-27 17:02:04,851 [RatisPipelineUtilsThread - 0] INFO  pipeline.PipelineManagerImpl (PipelineManagerImpl.java:addPipelineToManager(301)) - Added pipeline Pipeline[ Id: d0346edf-3953-4a7a-9d16-a5bbe74b45c4, Nodes: 06134254-2103-4fb3-af28-769d7483b85f(fv-az748-341/10.1.72.1), ReplicationConfig: RATIS/ONE, State:ALLOCATED, leaderId:, CreationTimestamp2023-06-27T17:02:04.850Z[Etc/UTC]].
2023-06-27 17:02:04,954 [omNode-3@group-523986131536-FollowerState] INFO  server.RaftServerConfigKeys (ConfUtils.java:logFallback(53)) - raft.server.rpc.first-election.timeout.min = 1s (fallback to raft.server.rpc.timeout.min)
2023-06-27 17:02:04,954 [omNode-3@group-523986131536-FollowerState] INFO  server.RaftServerConfigKeys (ConfUtils.java:logFallback(53)) - raft.server.rpc.first-election.timeout.max = 1200ms (fallback to raft.server.rpc.timeout.max)
2023-06-27 17:02:05,160 [main] INFO  ozone.MiniOzoneClusterImpl (MiniOzoneClusterImpl.java:lambda$waitForClusterToBeReady$0(224)) - Waiting for nodes to be ready. Got 2 of 3 DN Heartbeats.
2023-06-27 17:02:05,160 [main] INFO  ozone.MiniOzoneClusterImpl (MiniOzoneClusterImpl.java:lambda$waitForClusterToBeReady$0(227)) - Waiting for cluster to exit safe mode
2023-06-27 17:02:05,160 [main] INFO  ozone.MiniOzoneClusterImpl (MiniOzoneClusterImpl.java:lambda$waitForClusterToBeReady$0(229)) - SCM became leader
2023-06-27 17:02:05,163 [IPC Server handler 18 on default port 15002] INFO  net.NetworkTopologyImpl (NetworkTopologyImpl.java:add(112)) - Added a new node: /default-rack/e112e51e-5103-4e17-9bb8-79f4bd4a8423
2023-06-27 17:02:05,163 [IPC Server handler 18 on default port 15002] INFO  node.SCMNodeManager (SCMNodeManager.java:register(405)) - Registered Data node : e112e51e-5103-4e17-9bb8-79f4bd4a8423{ip: 10.1.72.1, host: fv-az748-341, ports: [HTTP=15035, CLIENT_RPC=15036, REPLICATION=15042, RATIS=15038, RATIS_ADMIN=15039, RATIS_SERVER=15040, RATIS_DATASTREAM=15041, STANDALONE=15037], networkLocation: /default-rack, certSerialId: null, persistedOpState: null, persistedOpStateExpiryEpochSec: 0}
2023-06-27 17:02:05,163 [EventQueue-NewNodeForNewNodeHandler] INFO  pipeline.BackgroundPipelineCreator (BackgroundPipelineCreator.java:notifyEventTriggered(276)) - trigger a one-shot run on RatisPipelineUtilsThread.
2023-06-27 17:02:05,163 [EventQueue-NodeRegistrationContainerReportForDataNodeSafeModeRule] INFO  safemode.SCMSafeModeManager (DataNodeSafeModeRule.java:process(71)) - SCM in safe mode. 3 DataNodes registered, 3 required.
2023-06-27 17:02:05,163 [EventQueue-NodeRegistrationContainerReportForDataNodeSafeModeRule] INFO  safemode.SCMSafeModeManager (SCMSafeModeManager.java:validateSafeModeExitRules(200)) - DataNodeSafeModeRule rule is successfully validated
2023-06-27 17:02:05,163 [EventQueue-NodeRegistrationContainerReportForDataNodeSafeModeRule] INFO  safemode.SCMSafeModeManager (SCMSafeModeManager.java:completePreCheck(229)) - All SCM safe mode pre check rules have passed
2023-06-27 17:02:05,163 [EventQueue-NodeRegistrationContainerReportForDataNodeSafeModeRule] INFO  ha.SCMContext (SCMContext.java:updateSafeModeStatus(228)) - Update SafeModeStatus from SafeModeStatus{safeModeStatus=true, preCheckPassed=false} to SafeModeStatus{safeModeStatus=true, preCheckPassed=true}.
2023-06-27 17:02:05,164 [EventQueue-NodeRegistrationContainerReportForDataNodeSafeModeRule] INFO  pipeline.BackgroundPipelineCreator (BackgroundPipelineCreator.java:notifyEventTriggered(276)) - trigger a one-shot run on RatisPipelineUtilsThread.
2023-06-27 17:02:05,164 [RatisPipelineUtilsThread - 0] INFO  pipeline.RatisPipelineProvider (RatisPipelineProvider.java:lambda$create$0(206)) - Sending CreatePipelineCommand for pipeline:PipelineID=e2a1bee4-fa04-4969-bc4c-ba14e5a3d625 to datanode:e112e51e-5103-4e17-9bb8-79f4bd4a8423
2023-06-27 17:02:05,165 [RatisPipelineUtilsThread - 0] INFO  pipeline.PipelineManagerImpl (PipelineManagerImpl.java:addPipelineToManager(301)) - Added pipeline Pipeline[ Id: e2a1bee4-fa04-4969-bc4c-ba14e5a3d625, Nodes: e112e51e-5103-4e17-9bb8-79f4bd4a8423(fv-az748-341/10.1.72.1), ReplicationConfig: RATIS/ONE, State:ALLOCATED, leaderId:, CreationTimestamp2023-06-27T17:02:05.164Z[Etc/UTC]].
2023-06-27 17:02:05,169 [RatisPipelineUtilsThread - 0] INFO  pipeline.RatisPipelineProvider (RatisPipelineProvider.java:lambda$create$0(206)) - Sending CreatePipelineCommand for pipeline:PipelineID=6fc11221-a144-4747-b53e-cc5c88e2d232 to datanode:e112e51e-5103-4e17-9bb8-79f4bd4a8423
2023-06-27 17:02:05,169 [RatisPipelineUtilsThread - 0] INFO  pipeline.RatisPipelineProvider (RatisPipelineProvider.java:lambda$create$0(206)) - Sending CreatePipelineCommand for pipeline:PipelineID=6fc11221-a144-4747-b53e-cc5c88e2d232 to datanode:06134254-2103-4fb3-af28-769d7483b85f
2023-06-27 17:02:05,169 [RatisPipelineUtilsThread - 0] INFO  pipeline.RatisPipelineProvider (RatisPipelineProvider.java:lambda$create$0(206)) - Sending CreatePipelineCommand for pipeline:PipelineID=6fc11221-a144-4747-b53e-cc5c88e2d232 to datanode:db05cefc-d1d0-4a37-85d6-512a7e836214
2023-06-27 17:02:05,170 [RatisPipelineUtilsThread - 0] INFO  pipeline.PipelineManagerImpl (PipelineManagerImpl.java:addPipelineToManager(301)) - Added pipeline Pipeline[ Id: 6fc11221-a144-4747-b53e-cc5c88e2d232, Nodes: e112e51e-5103-4e17-9bb8-79f4bd4a8423(fv-az748-341/10.1.72.1)06134254-2103-4fb3-af28-769d7483b85f(fv-az748-341/10.1.72.1)db05cefc-d1d0-4a37-85d6-512a7e836214(fv-az748-341/10.1.72.1), ReplicationConfig: RATIS/THREE, State:ALLOCATED, leaderId:, CreationTimestamp2023-06-27T17:02:05.169Z[Etc/UTC]].
2023-06-27 17:02:05,171 [RatisPipelineUtilsThread - 0] INFO  pipeline.RatisPipelineProvider (RatisPipelineProvider.java:lambda$create$0(206)) - Sending CreatePipelineCommand for pipeline:PipelineID=64ab8abf-997f-4247-b29f-3e88e0a6ee2f to datanode:06134254-2103-4fb3-af28-769d7483b85f
2023-06-27 17:02:05,171 [RatisPipelineUtilsThread - 0] INFO  pipeline.RatisPipelineProvider (RatisPipelineProvider.java:lambda$create$0(206)) - Sending CreatePipelineCommand for pipeline:PipelineID=64ab8abf-997f-4247-b29f-3e88e0a6ee2f to datanode:db05cefc-d1d0-4a37-85d6-512a7e836214
2023-06-27 17:02:05,171 [RatisPipelineUtilsThread - 0] INFO  pipeline.RatisPipelineProvider (RatisPipelineProvider.java:lambda$create$0(206)) - Sending CreatePipelineCommand for pipeline:PipelineID=64ab8abf-997f-4247-b29f-3e88e0a6ee2f to datanode:e112e51e-5103-4e17-9bb8-79f4bd4a8423
2023-06-27 17:02:05,172 [RatisPipelineUtilsThread - 0] INFO  pipeline.PipelineManagerImpl (PipelineManagerImpl.java:addPipelineToManager(301)) - Added pipeline Pipeline[ Id: 64ab8abf-997f-4247-b29f-3e88e0a6ee2f, Nodes: 06134254-2103-4fb3-af28-769d7483b85f(fv-az748-341/10.1.72.1)db05cefc-d1d0-4a37-85d6-512a7e836214(fv-az748-341/10.1.72.1)e112e51e-5103-4e17-9bb8-79f4bd4a8423(fv-az748-341/10.1.72.1), ReplicationConfig: RATIS/THREE, State:ALLOCATED, leaderId:, CreationTimestamp2023-06-27T17:02:05.171Z[Etc/UTC]].
2023-06-27 17:02:05,173 [RatisPipelineUtilsThread - 0] INFO  pipeline.PipelineManagerImpl (PipelineManagerImpl.java:recordMetricsForPipeline(904)) - Pipeline: PipelineID=64ab8abf-997f-4247-b29f-3e88e0a6ee2f contains same datanodes as previous pipelines: PipelineID=6fc11221-a144-4747-b53e-cc5c88e2d232 nodeIds: 06134254-2103-4fb3-af28-769d7483b85f, db05cefc-d1d0-4a37-85d6-512a7e836214, e112e51e-5103-4e17-9bb8-79f4bd4a8423
2023-06-27 17:02:05,173 [RatisPipelineUtilsThread - 0] WARN  pipeline.PipelinePlacementPolicy (PipelinePlacementPolicy.java:filterViableNodes(166)) - Pipeline creation failed due to no sufficient healthy datanodes. Required 3. Found 0. Excluded 3.
2023-06-27 17:02:06,042 [omNode-3@group-523986131536-FollowerState] INFO  server.RaftServerConfigKeys (ConfUtils.java:logFallback(53)) - raft.server.rpc.first-election.timeout.min = 1s (fallback to raft.server.rpc.timeout.min)
2023-06-27 17:02:06,042 [omNode-3@group-523986131536-FollowerState] INFO  server.RaftServerConfigKeys (ConfUtils.java:logFallback(53)) - raft.server.rpc.first-election.timeout.max = 1200ms (fallback to raft.server.rpc.timeout.max)
2023-06-27 17:02:06,160 [main] INFO  ozone.MiniOzoneClusterImpl (MiniOzoneClusterImpl.java:lambda$waitForClusterToBeReady$0(224)) - Nodes are ready. Got 3 of 3 DN Heartbeats.
2023-06-27 17:02:06,161 [main] INFO  ozone.MiniOzoneClusterImpl (MiniOzoneClusterImpl.java:lambda$waitForClusterToBeReady$0(227)) - Waiting for cluster to exit safe mode
2023-06-27 17:02:06,161 [main] INFO  ozone.MiniOzoneClusterImpl (MiniOzoneClusterImpl.java:lambda$waitForClusterToBeReady$0(229)) - SCM became leader
2023-06-27 17:02:07,161 [main] INFO  ozone.MiniOzoneClusterImpl (MiniOzoneClusterImpl.java:lambda$waitForClusterToBeReady$0(224)) - Nodes are ready. Got 3 of 3 DN Heartbeats.
2023-06-27 17:02:07,161 [main] INFO  ozone.MiniOzoneClusterImpl (MiniOzoneClusterImpl.java:lambda$waitForClusterToBeReady$0(227)) - Waiting for cluster to exit safe mode
2023-06-27 17:02:07,161 [main] INFO  ozone.MiniOzoneClusterImpl (MiniOzoneClusterImpl.java:lambda$waitForClusterToBeReady$0(229)) - SCM became leader
2023-06-27 17:02:07,200 [omNode-3@group-523986131536-FollowerState] INFO  server.RaftServerConfigKeys (ConfUtils.java:logFallback(53)) - raft.server.rpc.first-election.timeout.min = 1s (fallback to raft.server.rpc.timeout.min)
2023-06-27 17:02:07,200 [omNode-3@group-523986131536-FollowerState] INFO  server.RaftServerConfigKeys (ConfUtils.java:logFallback(53)) - raft.server.rpc.first-election.timeout.max = 1200ms (fallback to raft.server.rpc.timeout.max)
2023-06-27 17:02:07,539 [PipelineCommandHandlerThread-0] INFO  server.RaftServer (RaftServerProxy.java:addNew(98)) - db05cefc-d1d0-4a37-85d6-512a7e836214: addNew group-486A61EE134F:[db05cefc-d1d0-4a37-85d6-512a7e836214|rpc:10.1.72.1:15022|admin:10.1.72.1:15021|client:10.1.72.1:15020|dataStream:10.1.72.1:15023|priority:1|startupRole:FOLLOWER] returns group-486A61EE134F:java.util.concurrent.CompletableFuture@429dfe53[Not completed]
2023-06-27 17:02:07,553 [db05cefc-d1d0-4a37-85d6-512a7e836214-groupManagement] INFO  server.RaftServer$Division (RaftServerImpl.java:<init>(198)) - db05cefc-d1d0-4a37-85d6-512a7e836214: new RaftServerImpl for group-486A61EE134F:[db05cefc-d1d0-4a37-85d6-512a7e836214|rpc:10.1.72.1:15022|admin:10.1.72.1:15021|client:10.1.72.1:15020|dataStream:10.1.72.1:15023|priority:1|startupRole:FOLLOWER] with ContainerStateMachine:uninitialized
2023-06-27 17:02:07,553 [db05cefc-d1d0-4a37-85d6-512a7e836214-groupManagement] INFO  server.RaftServerConfigKeys (ConfUtils.java:logGet(46)) - raft.server.rpc.timeout.min = 5s (custom)
2023-06-27 17:02:07,553 [db05cefc-d1d0-4a37-85d6-512a7e836214-groupManagement] INFO  server.RaftServerConfigKeys (ConfUtils.java:logGet(46)) - raft.server.rpc.timeout.max = 5200ms (custom)
2023-06-27 17:02:07,553 [db05cefc-d1d0-4a37-85d6-512a7e836214-groupManagement] INFO  server.RaftServerConfigKeys (ConfUtils.java:logGet(46)) - raft.server.rpc.sleep.time = 25ms (default)
2023-06-27 17:02:07,553 [db05cefc-d1d0-4a37-85d6-512a7e836214-groupManagement] INFO  server.RaftServerConfigKeys (ConfUtils.java:logGet(46)) - raft.server.rpc.slowness.timeout = 300s (custom)
2023-06-27 17:02:07,553 [db05cefc-d1d0-4a37-85d6-512a7e836214-groupManagement] INFO  server.RaftServerConfigKeys (ConfUtils.java:logGet(46)) - raft.server.leaderelection.leader.step-down.wait-time = 10s (default)
2023-06-27 17:02:07,553 [db05cefc-d1d0-4a37-85d6-512a7e836214-groupManagement] INFO  server.RaftServerConfigKeys (ConfUtils.java:logGet(46)) - raft.server.sleep.deviation.threshold = 300ms (default)
2023-06-27 17:02:07,553 [db05cefc-d1d0-4a37-85d6-512a7e836214-groupManagement] INFO  server.RaftServer$Division (ServerState.java:<init>(120)) - db05cefc-d1d0-4a37-85d6-512a7e836214@group-486A61EE134F: ConfigurationManager, init=-1: peers:[db05cefc-d1d0-4a37-85d6-512a7e836214|rpc:10.1.72.1:15022|admin:10.1.72.1:15021|client:10.1.72.1:15020|dataStream:10.1.72.1:15023|priority:1|startupRole:FOLLOWER]|listeners:[], old=null, confs=<EMPTY_MAP>
2023-06-27 17:02:07,553 [db05cefc-d1d0-4a37-85d6-512a7e836214-groupManagement] INFO  server.RaftServerConfigKeys (ConfUtils.java:logGet(46)) - raft.server.storage.dir = [/home/runner/work/ozone/ozone/hadoop-ozone/integration-test/target/test-dir/MiniOzoneClusterImpl-4d774b9f-68c7-4e3d-9dd4-f167b54dbd62/datanode-0/data/ratis] (custom)
2023-06-27 17:02:07,553 [db05cefc-d1d0-4a37-85d6-512a7e836214-groupManagement] INFO  server.RaftServerConfigKeys (ConfUtils.java:logGet(46)) - raft.server.log.corruption.policy = EXCEPTION (default)
2023-06-27 17:02:07,554 [db05cefc-d1d0-4a37-85d6-512a7e836214-groupManagement] INFO  server.RaftServerConfigKeys (ConfUtils.java:logGet(46)) - raft.server.storage.free-space.min = 0MB (=0) (default)
2023-06-27 17:02:07,554 [db05cefc-d1d0-4a37-85d6-512a7e836214-groupManagement] INFO  server.RaftServerConfigKeys (ConfUtils.java:logGet(46)) - raft.server.notification.no-leader.timeout = 300s (custom)
2023-06-27 17:02:07,554 [db05cefc-d1d0-4a37-85d6-512a7e836214-groupManagement] INFO  server.RaftServerConfigKeys (ConfUtils.java:logGet(46)) - raft.server.read.timeout = 10s (default)
2023-06-27 17:02:07,554 [db05cefc-d1d0-4a37-85d6-512a7e836214-groupManagement] INFO  server.RaftServerConfigKeys (ConfUtils.java:logGet(46)) - raft.server.retrycache.expirytime = 600000ms (custom)
2023-06-27 17:02:07,554 [db05cefc-d1d0-4a37-85d6-512a7e836214-groupManagement] INFO  server.RaftServerConfigKeys (ConfUtils.java:logGet(46)) - raft.server.retrycache.statistics.expirytime = 100μs (default)
2023-06-27 17:02:07,554 [db05cefc-d1d0-4a37-85d6-512a7e836214-groupManagement] INFO  server.RaftServerConfigKeys (ConfUtils.java:logGet(46)) - raft.server.read.option = DEFAULT (default)
2023-06-27 17:02:07,556 [db05cefc-d1d0-4a37-85d6-512a7e836214-groupManagement] INFO  server.RaftServerConfigKeys (ConfUtils.java:logGet(46)) - raft.server.rpc.request.timeout = 60s (custom)
2023-06-27 17:02:07,556 [db05cefc-d1d0-4a37-85d6-512a7e836214-groupManagement] INFO  server.RaftServerConfigKeys (ConfUtils.java:logGet(46)) - raft.server.log.appender.install.snapshot.enabled = false (custom)
2023-06-27 17:02:07,556 [db05cefc-d1d0-4a37-85d6-512a7e836214-groupManagement] INFO  server.RaftServerConfigKeys (ConfUtils.java:logGet(46)) - raft.server.threadpool.server.cached = true (default)
2023-06-27 17:02:07,556 [db05cefc-d1d0-4a37-85d6-512a7e836214-groupManagement] INFO  server.RaftServerConfigKeys (ConfUtils.java:logGet(46)) - raft.server.threadpool.server.size = 0 (default)
2023-06-27 17:02:07,556 [db05cefc-d1d0-4a37-85d6-512a7e836214-groupManagement] INFO  server.RaftServerConfigKeys (ConfUtils.java:logGet(46)) - raft.server.threadpool.client.cached = true (default)
2023-06-27 17:02:07,556 [db05cefc-d1d0-4a37-85d6-512a7e836214-groupManagement] INFO  server.RaftServerConfigKeys (ConfUtils.java:logGet(46)) - raft.server.threadpool.client.size = 0 (default)
2023-06-27 17:02:07,556 [db05cefc-d1d0-4a37-85d6-512a7e836214-groupManagement] INFO  storage.RaftStorageDirectory (RaftStorageDirectoryImpl.java:analyzeStorage(137)) - The storage directory /home/runner/work/ozone/ozone/hadoop-ozone/integration-test/target/test-dir/MiniOzoneClusterImpl-4d774b9f-68c7-4e3d-9dd4-f167b54dbd62/datanode-0/data/ratis/17829ef3-b551-4bb5-8b5f-486a61ee134f does not exist. Creating ...
2023-06-27 17:02:07,558 [db05cefc-d1d0-4a37-85d6-512a7e836214-groupManagement] INFO  storage.RaftStorageDirectory (RaftStorageDirectoryImpl.java:tryLock(231)) - Lock on /home/runner/work/ozone/ozone/hadoop-ozone/integration-test/target/test-dir/MiniOzoneClusterImpl-4d774b9f-68c7-4e3d-9dd4-f167b54dbd62/datanode-0/data/ratis/17829ef3-b551-4bb5-8b5f-486a61ee134f/in_use.lock acquired by nodename 52987@fv-az748-341
2023-06-27 17:02:07,559 [db05cefc-d1d0-4a37-85d6-512a7e836214-groupManagement] INFO  storage.RaftStorage (RaftStorageImpl.java:format(96)) - Storage directory /home/runner/work/ozone/ozone/hadoop-ozone/integration-test/target/test-dir/MiniOzoneClusterImpl-4d774b9f-68c7-4e3d-9dd4-f167b54dbd62/datanode-0/data/ratis/17829ef3-b551-4bb5-8b5f-486a61ee134f has been successfully formatted.
2023-06-27 17:02:07,564 [db05cefc-d1d0-4a37-85d6-512a7e836214-groupManagement] INFO  ratis.ContainerStateMachine (ContainerStateMachine.java:loadSnapshot(262)) - group-486A61EE134F: The snapshot info is null. Setting the last applied indexto:(t:0, i:~)
2023-06-27 17:02:07,564 [db05cefc-d1d0-4a37-85d6-512a7e836214-groupManagement] INFO  server.RaftServerConfigKeys (ConfUtils.java:logGet(46)) - raft.server.log.use.memory = false (default)
2023-06-27 17:02:07,564 [db05cefc-d1d0-4a37-85d6-512a7e836214-groupManagement] INFO  server.RaftServerConfigKeys (ConfUtils.java:logGet(46)) - raft.server.log.purge.gap = 1000000 (custom)
2023-06-27 17:02:07,564 [db05cefc-d1d0-4a37-85d6-512a7e836214-groupManagement] INFO  server.RaftServerConfigKeys (ConfUtils.java:logGet(46)) - raft.server.log.appender.buffer.byte-limit = 33554432 (custom)
2023-06-27 17:02:07,564 [db05cefc-d1d0-4a37-85d6-512a7e836214-groupManagement] INFO  server.RaftServerConfigKeys (ConfUtils.java:logGet(46)) - raft.server.log.statemachine.data.read.timeout = 1000ms (default)
2023-06-27 17:02:07,564 [db05cefc-d1d0-4a37-85d6-512a7e836214-groupManagement] INFO  server.RaftServerConfigKeys (ConfUtils.java:logGet(46)) - raft.server.log.purge.preservation.log.num = 0 (default)
2023-06-27 17:02:07,564 [db05cefc-d1d0-4a37-85d6-512a7e836214-groupManagement] INFO  server.RaftServerConfigKeys (ConfUtils.java:logGet(46)) - raft.server.log.segment.size.max = 1048576 (custom)
2023-06-27 17:02:07,565 [db05cefc-d1d0-4a37-85d6-512a7e836214-groupManagement] INFO  server.RaftServerConfigKeys (ConfUtils.java:logGet(46)) - raft.server.log.segment.cache.num.max = 2 (custom)
2023-06-27 17:02:07,565 [db05cefc-d1d0-4a37-85d6-512a7e836214-groupManagement] INFO  server.RaftServerConfigKeys (ConfUtils.java:logGet(46)) - raft.server.log.segment.cache.size.max = 200MB (=209715200) (default)
2023-06-27 17:02:07,565 [db05cefc-d1d0-4a37-85d6-512a7e836214-groupManagement] INFO  server.RaftServerConfigKeys (ConfUtils.java:logGet(46)) - raft.server.log.appender.buffer.byte-limit = 33554432 (custom)
2023-06-27 17:02:07,565 [db05cefc-d1d0-4a37-85d6-512a7e836214-groupManagement] INFO  segmented.SegmentedRaftLogWorker (SegmentedRaftLogWorker.java:<init>(188)) - new db05cefc-d1d0-4a37-85d6-512a7e836214@group-486A61EE134F-SegmentedRaftLogWorker for RaftStorageImpl:Storage Directory /home/runner/work/ozone/ozone/hadoop-ozone/integration-test/target/test-dir/MiniOzoneClusterImpl-4d774b9f-68c7-4e3d-9dd4-f167b54dbd62/datanode-0/data/ratis/17829ef3-b551-4bb5-8b5f-486a61ee134f
2023-06-27 17:02:07,565 [db05cefc-d1d0-4a37-85d6-512a7e836214-groupManagement] INFO  server.RaftServerConfigKeys (ConfUtils.java:logGet(46)) - raft.server.log.queue.byte-limit = 4294967296 (custom)
2023-06-27 17:02:07,565 [db05cefc-d1d0-4a37-85d6-512a7e836214-groupManagement] INFO  server.RaftServerConfigKeys (ConfUtils.java:logGet(46)) - raft.server.log.queue.element-limit = 1024 (custom)
2023-06-27 17:02:07,565 [db05cefc-d1d0-4a37-85d6-512a7e836214-groupManagement] INFO  server.RaftServerConfigKeys (ConfUtils.java:logGet(46)) - raft.server.log.segment.size.max = 1048576 (custom)
2023-06-27 17:02:07,565 [db05cefc-d1d0-4a37-85d6-512a7e836214-groupManagement] INFO  server.RaftServerConfigKeys (ConfUtils.java:logGet(46)) - raft.server.log.preallocated.size = 16384 (custom)
2023-06-27 17:02:07,565 [db05cefc-d1d0-4a37-85d6-512a7e836214-groupManagement] INFO  server.RaftServerConfigKeys (ConfUtils.java:logGet(46)) - raft.server.log.force.sync.num = 128 (default)
2023-06-27 17:02:07,565 [db05cefc-d1d0-4a37-85d6-512a7e836214-groupManagement] INFO  server.RaftServerConfigKeys (ConfUtils.java:logGet(46)) - raft.server.log.statemachine.data.sync = true (default)
2023-06-27 17:02:07,565 [db05cefc-d1d0-4a37-85d6-512a7e836214-groupManagement] INFO  server.RaftServerConfigKeys (ConfUtils.java:logGet(46)) - raft.server.log.statemachine.data.sync.timeout = 10s (default)
2023-06-27 17:02:07,566 [db05cefc-d1d0-4a37-85d6-512a7e836214-groupManagement] INFO  server.RaftServerConfigKeys (ConfUtils.java:logGet(46)) - raft.server.log.statemachine.data.sync.timeout.retry = -1 (default)
2023-06-27 17:02:07,567 [db05cefc-d1d0-4a37-85d6-512a7e836214-groupManagement] INFO  server.RaftServerConfigKeys (ConfUtils.java:logGet(46)) - raft.server.log.write.buffer.size = 1048576 (custom)
2023-06-27 17:02:07,567 [db05cefc-d1d0-4a37-85d6-512a7e836214-groupManagement] INFO  server.RaftServerConfigKeys (ConfUtils.java:logGet(46)) - raft.server.log.appender.buffer.byte-limit = 33554432 (custom)
2023-06-27 17:02:07,572 [db05cefc-d1d0-4a37-85d6-512a7e836214-groupManagement] INFO  server.RaftServerConfigKeys (ConfUtils.java:logGet(46)) - raft.server.log.unsafe-flush.enabled = false (default)
2023-06-27 17:02:07,572 [db05cefc-d1d0-4a37-85d6-512a7e836214-groupManagement] INFO  server.RaftServerConfigKeys (ConfUtils.java:logGet(46)) - raft.server.log.async-flush.enabled = false (default)
2023-06-27 17:02:07,572 [db05cefc-d1d0-4a37-85d6-512a7e836214-groupManagement] INFO  server.RaftServerConfigKeys (ConfUtils.java:logGet(46)) - raft.server.log.statemachine.data.caching.enabled = true (custom)
2023-06-27 17:02:07,572 [db05cefc-d1d0-4a37-85d6-512a7e836214-groupManagement] INFO  segmented.SegmentedRaftLogWorker (SegmentedRaftLogWorker.java:lambda$new$0(135)) - db05cefc-d1d0-4a37-85d6-512a7e836214@group-486A61EE134F-SegmentedRaftLogWorker: flushIndex: setUnconditionally 0 -> -1
2023-06-27 17:02:07,573 [db05cefc-d1d0-4a37-85d6-512a7e836214-groupManagement] INFO  segmented.SegmentedRaftLogWorker (SegmentedRaftLogWorker.java:lambda$new$0(135)) - db05cefc-d1d0-4a37-85d6-512a7e836214@group-486A61EE134F-SegmentedRaftLogWorker: safeCacheEvictIndex: setUnconditionally 0 -> -1
2023-06-27 17:02:07,573 [db05cefc-d1d0-4a37-85d6-512a7e836214-groupManagement] INFO  server.RaftServer$Division (RaftServerImpl.java:start(342)) - db05cefc-d1d0-4a37-85d6-512a7e836214@group-486A61EE134F: start as a follower, conf=-1: peers:[db05cefc-d1d0-4a37-85d6-512a7e836214|rpc:10.1.72.1:15022|admin:10.1.72.1:15021|client:10.1.72.1:15020|dataStream:10.1.72.1:15023|priority:1|startupRole:FOLLOWER]|listeners:[], old=null
2023-06-27 17:02:07,573 [db05cefc-d1d0-4a37-85d6-512a7e836214-groupManagement] INFO  server.RaftServer$Division (RaftServerImpl.java:setRole(329)) - db05cefc-d1d0-4a37-85d6-512a7e836214@group-486A61EE134F: changes role from      null to FOLLOWER at term 0 for startAsFollower
2023-06-27 17:02:07,573 [db05cefc-d1d0-4a37-85d6-512a7e836214-groupManagement] INFO  impl.RoleInfo (RoleInfo.java:updateAndGet(139)) - db05cefc-d1d0-4a37-85d6-512a7e836214: start db05cefc-d1d0-4a37-85d6-512a7e836214@group-486A61EE134F-FollowerState
2023-06-27 17:02:07,577 [db05cefc-d1d0-4a37-85d6-512a7e836214-groupManagement] INFO  util.JmxRegister (JmxRegister.java:tryRegister(44)) - Successfully registered JMX Bean with object name Ratis:service=RaftServer,group=group-486A61EE134F,id=db05cefc-d1d0-4a37-85d6-512a7e836214
2023-06-27 17:02:07,577 [db05cefc-d1d0-4a37-85d6-512a7e836214-groupManagement] INFO  server.RaftServerConfigKeys (ConfUtils.java:logGet(46)) - raft.server.snapshot.auto.trigger.enabled = true (custom)
2023-06-27 17:02:07,577 [db05cefc-d1d0-4a37-85d6-512a7e836214-groupManagement] INFO  server.RaftServerConfigKeys (ConfUtils.java:logGet(46)) - raft.server.snapshot.auto.trigger.threshold = 10000 (custom)
2023-06-27 17:02:07,577 [db05cefc-d1d0-4a37-85d6-512a7e836214-groupManagement] INFO  server.RaftServerConfigKeys (ConfUtils.java:logGet(46)) - raft.server.snapshot.retention.file.num = 5 (custom)
2023-06-27 17:02:07,577 [db05cefc-d1d0-4a37-85d6-512a7e836214-groupManagement] INFO  server.RaftServerConfigKeys (ConfUtils.java:logGet(46)) - raft.server.log.purge.upto.snapshot.index = false (default)
2023-06-27 17:02:07,582 [db05cefc-d1d0-4a37-85d6-512a7e836214@group-486A61EE134F-FollowerState] INFO  server.RaftServerConfigKeys (ConfUtils.java:logFallback(53)) - raft.server.rpc.first-election.timeout.min = 5s (fallback to raft.server.rpc.timeout.min)
2023-06-27 17:02:07,582 [db05cefc-d1d0-4a37-85d6-512a7e836214@group-486A61EE134F-FollowerState] INFO  server.RaftServerConfigKeys (ConfUtils.java:logFallback(53)) - raft.server.rpc.first-election.timeout.max = 5200ms (fallback to raft.server.rpc.timeout.max)
2023-06-27 17:02:07,586 [PipelineCommandHandlerThread-0] INFO  ratis.XceiverServerRatis (XceiverServerRatis.java:addGroup(804)) - Created group PipelineID=17829ef3-b551-4bb5-8b5f-486a61ee134f
2023-06-27 17:02:07,587 [PipelineCommandHandlerThread-0] INFO  commandhandler.CreatePipelineCommandHandler (CreatePipelineCommandHandler.java:lambda$handle$2(124)) - Created Pipeline RATIS ONE PipelineID=17829ef3-b551-4bb5-8b5f-486a61ee134f.
2023-06-27 17:02:07,587 [PipelineCommandHandlerThread-0] INFO  server.RaftServer (RaftServerProxy.java:addNew(98)) - db05cefc-d1d0-4a37-85d6-512a7e836214: addNew group-CC5C88E2D232:[e112e51e-5103-4e17-9bb8-79f4bd4a8423|rpc:10.1.72.1:15040|admin:10.1.72.1:15039|client:10.1.72.1:15038|dataStream:10.1.72.1:15041|priority:0|startupRole:FOLLOWER, db05cefc-d1d0-4a37-85d6-512a7e836214|rpc:10.1.72.1:15022|admin:10.1.72.1:15021|client:10.1.72.1:15020|dataStream:10.1.72.1:15023|priority:1|startupRole:FOLLOWER, 06134254-2103-4fb3-af28-769d7483b85f|rpc:10.1.72.1:15031|admin:10.1.72.1:15030|client:10.1.72.1:15029|dataStream:10.1.72.1:15032|priority:0|startupRole:FOLLOWER] returns group-CC5C88E2D232:java.util.concurrent.CompletableFuture@35e59782[Not completed]
2023-06-27 17:02:07,588 [EventQueue-PipelineReportForPipelineReportHandler] INFO  pipeline.PipelineManagerImpl (PipelineManagerImpl.java:openPipeline(443)) - Pipeline Pipeline[ Id: 17829ef3-b551-4bb5-8b5f-486a61ee134f, Nodes: db05cefc-d1d0-4a37-85d6-512a7e836214(fv-az748-341/10.1.72.1), ReplicationConfig: RATIS/ONE, State:ALLOCATED, leaderId:db05cefc-d1d0-4a37-85d6-512a7e836214, CreationTimestamp2023-06-27T17:02:04.561Z[Etc/UTC]] moved to OPEN state
2023-06-27 17:02:07,589 [db05cefc-d1d0-4a37-85d6-512a7e836214-groupManagement] INFO  server.RaftServer$Division (RaftServerImpl.java:<init>(198)) - db05cefc-d1d0-4a37-85d6-512a7e836214: new RaftServerImpl for group-CC5C88E2D232:[e112e51e-5103-4e17-9bb8-79f4bd4a8423|rpc:10.1.72.1:15040|admin:10.1.72.1:15039|client:10.1.72.1:15038|dataStream:10.1.72.1:15041|priority:0|startupRole:FOLLOWER, db05cefc-d1d0-4a37-85d6-512a7e836214|rpc:10.1.72.1:15022|admin:10.1.72.1:15021|client:10.1.72.1:15020|dataStream:10.1.72.1:15023|priority:1|startupRole:FOLLOWER, 06134254-2103-4fb3-af28-769d7483b85f|rpc:10.1.72.1:15031|admin:10.1.72.1:15030|client:10.1.72.1:15029|dataStream:10.1.72.1:15032|priority:0|startupRole:FOLLOWER] with ContainerStateMachine:uninitialized
2023-06-27 17:02:07,593 [db05cefc-d1d0-4a37-85d6-512a7e836214-groupManagement] INFO  server.RaftServerConfigKeys (ConfUtils.java:logGet(46)) - raft.server.rpc.timeout.min = 5s (custom)
2023-06-27 17:02:07,594 [db05cefc-d1d0-4a37-85d6-512a7e836214-groupManagement] INFO  server.RaftServerConfigKeys (ConfUtils.java:logGet(46)) - raft.server.rpc.timeout.max = 5200ms (custom)
2023-06-27 17:02:07,594 [db05cefc-d1d0-4a37-85d6-512a7e836214-groupManagement] INFO  server.RaftServerConfigKeys (ConfUtils.java:logGet(46)) - raft.server.rpc.sleep.time = 25ms (default)
2023-06-27 17:02:07,594 [db05cefc-d1d0-4a37-85d6-512a7e836214-groupManagement] INFO  server.RaftServerConfigKeys (ConfUtils.java:logGet(46)) - raft.server.rpc.slowness.timeout = 300s (custom)
2023-06-27 17:02:07,594 [db05cefc-d1d0-4a37-85d6-512a7e836214-groupManagement] INFO  server.RaftServerConfigKeys (ConfUtils.java:logGet(46)) - raft.server.leaderelection.leader.step-down.wait-time = 10s (default)
2023-06-27 17:02:07,594 [db05cefc-d1d0-4a37-85d6-512a7e836214-groupManagement] INFO  server.RaftServerConfigKeys (ConfUtils.java:logGet(46)) - raft.server.sleep.deviation.threshold = 300ms (default)
2023-06-27 17:02:07,594 [db05cefc-d1d0-4a37-85d6-512a7e836214-groupManagement] INFO  server.RaftServer$Division (ServerState.java:<init>(120)) - db05cefc-d1d0-4a37-85d6-512a7e836214@group-CC5C88E2D232: ConfigurationManager, init=-1: peers:[e112e51e-5103-4e17-9bb8-79f4bd4a8423|rpc:10.1.72.1:15040|admin:10.1.72.1:15039|client:10.1.72.1:15038|dataStream:10.1.72.1:15041|priority:0|startupRole:FOLLOWER, db05cefc-d1d0-4a37-85d6-512a7e836214|rpc:10.1.72.1:15022|admin:10.1.72.1:15021|client:10.1.72.1:15020|dataStream:10.1.72.1:15023|priority:1|startupRole:FOLLOWER, 06134254-2103-4fb3-af28-769d7483b85f|rpc:10.1.72.1:15031|admin:10.1.72.1:15030|client:10.1.72.1:15029|dataStream:10.1.72.1:15032|priority:0|startupRole:FOLLOWER]|listeners:[], old=null, confs=<EMPTY_MAP>
2023-06-27 17:02:07,594 [db05cefc-d1d0-4a37-85d6-512a7e836214-groupManagement] INFO  server.RaftServerConfigKeys (ConfUtils.java:logGet(46)) - raft.server.storage.dir = [/home/runner/work/ozone/ozone/hadoop-ozone/integration-test/target/test-dir/MiniOzoneClusterImpl-4d774b9f-68c7-4e3d-9dd4-f167b54dbd62/datanode-0/data/ratis] (custom)
2023-06-27 17:02:07,594 [db05cefc-d1d0-4a37-85d6-512a7e836214-groupManagement] INFO  server.RaftServerConfigKeys (ConfUtils.java:logGet(46)) - raft.server.log.corruption.policy = EXCEPTION (default)
2023-06-27 17:02:07,594 [db05cefc-d1d0-4a37-85d6-512a7e836214-groupManagement] INFO  server.RaftServerConfigKeys (ConfUtils.java:logGet(46)) - raft.server.storage.free-space.min = 0MB (=0) (default)
2023-06-27 17:02:07,594 [db05cefc-d1d0-4a37-85d6-512a7e836214-groupManagement] INFO  server.RaftServerConfigKeys (ConfUtils.java:logGet(46)) - raft.server.notification.no-leader.timeout = 300s (custom)
2023-06-27 17:02:07,594 [db05cefc-d1d0-4a37-85d6-512a7e836214-groupManagement] INFO  server.RaftServerConfigKeys (ConfUtils.java:logGet(46)) - raft.server.read.timeout = 10s (default)
2023-06-27 17:02:07,594 [db05cefc-d1d0-4a37-85d6-512a7e836214-groupManagement] INFO  server.RaftServerConfigKeys (ConfUtils.java:logGet(46)) - raft.server.retrycache.expirytime = 600000ms (custom)
2023-06-27 17:02:07,594 [db05cefc-d1d0-4a37-85d6-512a7e836214-groupManagement] INFO  server.RaftServerConfigKeys (ConfUtils.java:logGet(46)) - raft.server.retrycache.statistics.expirytime = 100μs (default)
2023-06-27 17:02:07,595 [db05cefc-d1d0-4a37-85d6-512a7e836214-groupManagement] INFO  server.RaftServerConfigKeys (ConfUtils.java:logGet(46)) - raft.server.read.option = DEFAULT (default)
2023-06-27 17:02:07,595 [EventQueue-OpenPipelineForHealthyPipelineSafeModeRule] INFO  safemode.SCMSafeModeManager (HealthyPipelineSafeModeRule.java:process(137)) - SCM in safe mode. Healthy pipelines reported count is 0, required healthy pipeline reported count is 1
2023-06-27 17:02:07,597 [db05cefc-d1d0-4a37-85d6-512a7e836214-groupManagement] INFO  server.RaftServerConfigKeys (ConfUtils.java:logGet(46)) - raft.server.rpc.request.timeout = 60s (custom)
2023-06-27 17:02:07,599 [db05cefc-d1d0-4a37-85d6-512a7e836214-groupManagement] INFO  server.RaftServerConfigKeys (ConfUtils.java:logGet(46)) - raft.server.log.appender.install.snapshot.enabled = false (custom)
2023-06-27 17:02:07,599 [db05cefc-d1d0-4a37-85d6-512a7e836214-groupManagement] INFO  server.RaftServerConfigKeys (ConfUtils.java:logGet(46)) - raft.server.threadpool.server.cached = true (default)
2023-06-27 17:02:07,600 [db05cefc-d1d0-4a37-85d6-512a7e836214-groupManagement] INFO  server.RaftServerConfigKeys (ConfUtils.java:logGet(46)) - raft.server.threadpool.server.size = 0 (default)
2023-06-27 17:02:07,600 [db05cefc-d1d0-4a37-85d6-512a7e836214-groupManagement] INFO  server.RaftServerConfigKeys (ConfUtils.java:logGet(46)) - raft.server.threadpool.client.cached = true (default)
2023-06-27 17:02:07,600 [db05cefc-d1d0-4a37-85d6-512a7e836214-groupManagement] INFO  server.RaftServerConfigKeys (ConfUtils.java:logGet(46)) - raft.server.threadpool.client.size = 0 (default)
2023-06-27 17:02:07,600 [db05cefc-d1d0-4a37-85d6-512a7e836214-groupManagement] INFO  storage.RaftStorageDirectory (RaftStorageDirectoryImpl.java:analyzeStorage(137)) - The storage directory /home/runner/work/ozone/ozone/hadoop-ozone/integration-test/target/test-dir/MiniOzoneClusterImpl-4d774b9f-68c7-4e3d-9dd4-f167b54dbd62/datanode-0/data/ratis/6fc11221-a144-4747-b53e-cc5c88e2d232 does not exist. Creating ...
2023-06-27 17:02:07,601 [db05cefc-d1d0-4a37-85d6-512a7e836214-groupManagement] INFO  storage.RaftStorageDirectory (RaftStorageDirectoryImpl.java:tryLock(231)) - Lock on /home/runner/work/ozone/ozone/hadoop-ozone/integration-test/target/test-dir/MiniOzoneClusterImpl-4d774b9f-68c7-4e3d-9dd4-f167b54dbd62/datanode-0/data/ratis/6fc11221-a144-4747-b53e-cc5c88e2d232/in_use.lock acquired by nodename 52987@fv-az748-341
2023-06-27 17:02:07,602 [db05cefc-d1d0-4a37-85d6-512a7e836214-groupManagement] INFO  storage.RaftStorage (RaftStorageImpl.java:format(96)) - Storage directory /home/runner/work/ozone/ozone/hadoop-ozone/integration-test/target/test-dir/MiniOzoneClusterImpl-4d774b9f-68c7-4e3d-9dd4-f167b54dbd62/datanode-0/data/ratis/6fc11221-a144-4747-b53e-cc5c88e2d232 has been successfully formatted.
2023-06-27 17:02:07,602 [db05cefc-d1d0-4a37-85d6-512a7e836214-groupManagement] INFO  ratis.ContainerStateMachine (ContainerStateMachine.java:loadSnapshot(262)) - group-CC5C88E2D232: The snapshot info is null. Setting the last applied indexto:(t:0, i:~)
2023-06-27 17:02:07,603 [db05cefc-d1d0-4a37-85d6-512a7e836214-groupManagement] INFO  server.RaftServerConfigKeys (ConfUtils.java:logGet(46)) - raft.server.log.use.memory = false (default)
2023-06-27 17:02:07,603 [db05cefc-d1d0-4a37-85d6-512a7e836214-groupManagement] INFO  server.RaftServerConfigKeys (ConfUtils.java:logGet(46)) - raft.server.log.purge.gap = 1000000 (custom)
2023-06-27 17:02:07,603 [db05cefc-d1d0-4a37-85d6-512a7e836214-groupManagement] INFO  server.RaftServerConfigKeys (ConfUtils.java:logGet(46)) - raft.server.log.appender.buffer.byte-limit = 33554432 (custom)
2023-06-27 17:02:07,603 [db05cefc-d1d0-4a37-85d6-512a7e836214-groupManagement] INFO  server.RaftServerConfigKeys (ConfUtils.java:logGet(46)) - raft.server.log.statemachine.data.read.timeout = 1000ms (default)
2023-06-27 17:02:07,604 [db05cefc-d1d0-4a37-85d6-512a7e836214-groupManagement] INFO  server.RaftServerConfigKeys (ConfUtils.java:logGet(46)) - raft.server.log.purge.preservation.log.num = 0 (default)
2023-06-27 17:02:07,604 [db05cefc-d1d0-4a37-85d6-512a7e836214-groupManagement] INFO  server.RaftServerConfigKeys (ConfUtils.java:logGet(46)) - raft.server.log.segment.size.max = 1048576 (custom)
2023-06-27 17:02:07,605 [db05cefc-d1d0-4a37-85d6-512a7e836214-groupManagement] INFO  server.RaftServerConfigKeys (ConfUtils.java:logGet(46)) - raft.server.log.segment.cache.num.max = 2 (custom)
2023-06-27 17:02:07,605 [db05cefc-d1d0-4a37-85d6-512a7e836214-groupManagement] INFO  server.RaftServerConfigKeys (ConfUtils.java:logGet(46)) - raft.server.log.segment.cache.size.max = 200MB (=209715200) (default)
2023-06-27 17:02:07,605 [db05cefc-d1d0-4a37-85d6-512a7e836214-groupManagement] INFO  server.RaftServerConfigKeys (ConfUtils.java:logGet(46)) - raft.server.log.appender.buffer.byte-limit = 33554432 (custom)
2023-06-27 17:02:07,605 [db05cefc-d1d0-4a37-85d6-512a7e836214-groupManagement] INFO  segmented.SegmentedRaftLogWorker (SegmentedRaftLogWorker.java:<init>(188)) - new db05cefc-d1d0-4a37-85d6-512a7e836214@group-CC5C88E2D232-SegmentedRaftLogWorker for RaftStorageImpl:Storage Directory /home/runner/work/ozone/ozone/hadoop-ozone/integration-test/target/test-dir/MiniOzoneClusterImpl-4d774b9f-68c7-4e3d-9dd4-f167b54dbd62/datanode-0/data/ratis/6fc11221-a144-4747-b53e-cc5c88e2d232
2023-06-27 17:02:07,605 [db05cefc-d1d0-4a37-85d6-512a7e836214-groupManagement] INFO  server.RaftServerConfigKeys (ConfUtils.java:logGet(46)) - raft.server.log.queue.byte-limit = 4294967296 (custom)
2023-06-27 17:02:07,605 [db05cefc-d1d0-4a37-85d6-512a7e836214-groupManagement] INFO  server.RaftServerConfigKeys (ConfUtils.java:logGet(46)) - raft.server.log.queue.element-limit = 1024 (custom)
2023-06-27 17:02:07,605 [db05cefc-d1d0-4a37-85d6-512a7e836214-groupManagement] INFO  server.RaftServerConfigKeys (ConfUtils.java:logGet(46)) - raft.server.log.segment.size.max = 1048576 (custom)
2023-06-27 17:02:07,605 [db05cefc-d1d0-4a37-85d6-512a7e836214-groupManagement] INFO  server.RaftServerConfigKeys (ConfUtils.java:logGet(46)) - raft.server.log.preallocated.size = 16384 (custom)
2023-06-27 17:02:07,605 [db05cefc-d1d0-4a37-85d6-512a7e836214-groupManagement] INFO  server.RaftServerConfigKeys (ConfUtils.java:logGet(46)) - raft.server.log.force.sync.num = 128 (default)
2023-06-27 17:02:07,605 [db05cefc-d1d0-4a37-85d6-512a7e836214-groupManagement] INFO  server.RaftServerConfigKeys (ConfUtils.java:logGet(46)) - raft.server.log.statemachine.data.sync = true (default)
2023-06-27 17:02:07,606 [db05cefc-d1d0-4a37-85d6-512a7e836214-groupManagement] INFO  server.RaftServerConfigKeys (ConfUtils.java:logGet(46)) - raft.server.log.statemachine.data.sync.timeout = 10s (default)
2023-06-27 17:02:07,606 [db05cefc-d1d0-4a37-85d6-512a7e836214-groupManagement] INFO  server.RaftServerConfigKeys (ConfUtils.java:logGet(46)) - raft.server.log.statemachine.data.sync.timeout.retry = -1 (default)
2023-06-27 17:02:07,607 [db05cefc-d1d0-4a37-85d6-512a7e836214-groupManagement] INFO  server.RaftServerConfigKeys (ConfUtils.java:logGet(46)) - raft.server.log.write.buffer.size = 1048576 (custom)
2023-06-27 17:02:07,607 [db05cefc-d1d0-4a37-85d6-512a7e836214-groupManagement] INFO  server.RaftServerConfigKeys (ConfUtils.java:logGet(46)) - raft.server.log.appender.buffer.byte-limit = 33554432 (custom)
2023-06-27 17:02:07,610 [EventQueue-OpenPipelineForHealthyPipelineSafeModeRule] INFO  safemode.SCMSafeModeManager (HealthyPipelineSafeModeRule.java:process(137)) - SCM in safe mode. Healthy pipelines reported count is 0, required healthy pipeline reported count is 1
2023-06-27 17:02:07,612 [db05cefc-d1d0-4a37-85d6-512a7e836214-groupManagement] INFO  server.RaftServerConfigKeys (ConfUtils.java:logGet(46)) - raft.server.log.unsafe-flush.enabled = false (default)
2023-06-27 17:02:07,612 [db05cefc-d1d0-4a37-85d6-512a7e836214-groupManagement] INFO  server.RaftServerConfigKeys (ConfUtils.java:logGet(46)) - raft.server.log.async-flush.enabled = false (default)
2023-06-27 17:02:07,612 [db05cefc-d1d0-4a37-85d6-512a7e836214-groupManagement] INFO  server.RaftServerConfigKeys (ConfUtils.java:logGet(46)) - raft.server.log.statemachine.data.caching.enabled = true (custom)
2023-06-27 17:02:07,613 [db05cefc-d1d0-4a37-85d6-512a7e836214-groupManagement] INFO  segmented.SegmentedRaftLogWorker (SegmentedRaftLogWorker.java:lambda$new$0(135)) - db05cefc-d1d0-4a37-85d6-512a7e836214@group-CC5C88E2D232-SegmentedRaftLogWorker: flushIndex: setUnconditionally 0 -> -1
2023-06-27 17:02:07,613 [db05cefc-d1d0-4a37-85d6-512a7e836214-groupManagement] INFO  segmented.SegmentedRaftLogWorker (SegmentedRaftLogWorker.java:lambda$new$0(135)) - db05cefc-d1d0-4a37-85d6-512a7e836214@group-CC5C88E2D232-SegmentedRaftLogWorker: safeCacheEvictIndex: setUnconditionally 0 -> -1
2023-06-27 17:02:07,613 [db05cefc-d1d0-4a37-85d6-512a7e836214-groupManagement] INFO  server.RaftServer$Division (RaftServerImpl.java:start(342)) - db05cefc-d1d0-4a37-85d6-512a7e836214@group-CC5C88E2D232: start as a follower, conf=-1: peers:[e112e51e-5103-4e17-9bb8-79f4bd4a8423|rpc:10.1.72.1:15040|admin:10.1.72.1:15039|client:10.1.72.1:15038|dataStream:10.1.72.1:15041|priority:0|startupRole:FOLLOWER, db05cefc-d1d0-4a37-85d6-512a7e836214|rpc:10.1.72.1:15022|admin:10.1.72.1:15021|client:10.1.72.1:15020|dataStream:10.1.72.1:15023|priority:1|startupRole:FOLLOWER, 06134254-2103-4fb3-af28-769d7483b85f|rpc:10.1.72.1:15031|admin:10.1.72.1:15030|client:10.1.72.1:15029|dataStream:10.1.72.1:15032|priority:0|startupRole:FOLLOWER]|listeners:[], old=null
2023-06-27 17:02:07,613 [db05cefc-d1d0-4a37-85d6-512a7e836214-groupManagement] INFO  server.RaftServer$Division (RaftServerImpl.java:setRole(329)) - db05cefc-d1d0-4a37-85d6-512a7e836214@group-CC5C88E2D232: changes role from      null to FOLLOWER at term 0 for startAsFollower
2023-06-27 17:02:07,613 [db05cefc-d1d0-4a37-85d6-512a7e836214-groupManagement] INFO  impl.RoleInfo (RoleInfo.java:updateAndGet(139)) - db05cefc-d1d0-4a37-85d6-512a7e836214: start db05cefc-d1d0-4a37-85d6-512a7e836214@group-CC5C88E2D232-FollowerState
2023-06-27 17:02:07,616 [db05cefc-d1d0-4a37-85d6-512a7e836214@group-CC5C88E2D232-FollowerState] INFO  server.RaftServerConfigKeys (ConfUtils.java:logFallback(53)) - raft.server.rpc.first-election.timeout.min = 5s (fallback to raft.server.rpc.timeout.min)
2023-06-27 17:02:07,616 [db05cefc-d1d0-4a37-85d6-512a7e836214-groupManagement] INFO  util.JmxRegister (JmxRegister.java:tryRegister(44)) - Successfully registered JMX Bean with object name Ratis:service=RaftServer,group=group-CC5C88E2D232,id=db05cefc-d1d0-4a37-85d6-512a7e836214
2023-06-27 17:02:07,617 [db05cefc-d1d0-4a37-85d6-512a7e836214@group-CC5C88E2D232-FollowerState] INFO  server.RaftServerConfigKeys (ConfUtils.java:logFallback(53)) - raft.server.rpc.first-election.timeout.max = 5200ms (fallback to raft.server.rpc.timeout.max)
2023-06-27 17:02:07,617 [db05cefc-d1d0-4a37-85d6-512a7e836214-groupManagement] INFO  server.RaftServerConfigKeys (ConfUtils.java:logGet(46)) - raft.server.snapshot.auto.trigger.enabled = true (custom)
2023-06-27 17:02:07,617 [db05cefc-d1d0-4a37-85d6-512a7e836214-groupManagement] INFO  server.RaftServerConfigKeys (ConfUtils.java:logGet(46)) - raft.server.snapshot.auto.trigger.threshold = 10000 (custom)
2023-06-27 17:02:07,617 [db05cefc-d1d0-4a37-85d6-512a7e836214-groupManagement] INFO  server.RaftServerConfigKeys (ConfUtils.java:logGet(46)) - raft.server.snapshot.retention.file.num = 5 (custom)
2023-06-27 17:02:07,617 [db05cefc-d1d0-4a37-85d6-512a7e836214-groupManagement] INFO  server.RaftServerConfigKeys (ConfUtils.java:logGet(46)) - raft.server.log.purge.upto.snapshot.index = false (default)
2023-06-27 17:02:07,618 [PipelineCommandHandlerThread-0] INFO  ratis.XceiverServerRatis (XceiverServerRatis.java:addGroup(804)) - Created group PipelineID=6fc11221-a144-4747-b53e-cc5c88e2d232
2023-06-27 17:02:07,679 [grpc-default-executor-0] INFO  server.RaftServer (RaftServerProxy.java:addNew(98)) - e112e51e-5103-4e17-9bb8-79f4bd4a8423: addNew group-CC5C88E2D232:[e112e51e-5103-4e17-9bb8-79f4bd4a8423|rpc:10.1.72.1:15040|admin:10.1.72.1:15039|client:10.1.72.1:15038|dataStream:10.1.72.1:15041|priority:0|startupRole:FOLLOWER, db05cefc-d1d0-4a37-85d6-512a7e836214|rpc:10.1.72.1:15022|admin:10.1.72.1:15021|client:10.1.72.1:15020|dataStream:10.1.72.1:15023|priority:1|startupRole:FOLLOWER, 06134254-2103-4fb3-af28-769d7483b85f|rpc:10.1.72.1:15031|admin:10.1.72.1:15030|client:10.1.72.1:15029|dataStream:10.1.72.1:15032|priority:0|startupRole:FOLLOWER] returns group-CC5C88E2D232:java.util.concurrent.CompletableFuture@37dc5928[Not completed]
2023-06-27 17:02:07,681 [e112e51e-5103-4e17-9bb8-79f4bd4a8423-groupManagement] INFO  server.RaftServer$Division (RaftServerImpl.java:<init>(198)) - e112e51e-5103-4e17-9bb8-79f4bd4a8423: new RaftServerImpl for group-CC5C88E2D232:[e112e51e-5103-4e17-9bb8-79f4bd4a8423|rpc:10.1.72.1:15040|admin:10.1.72.1:15039|client:10.1.72.1:15038|dataStream:10.1.72.1:15041|priority:0|startupRole:FOLLOWER, db05cefc-d1d0-4a37-85d6-512a7e836214|rpc:10.1.72.1:15022|admin:10.1.72.1:15021|client:10.1.72.1:15020|dataStream:10.1.72.1:15023|priority:1|startupRole:FOLLOWER, 06134254-2103-4fb3-af28-769d7483b85f|rpc:10.1.72.1:15031|admin:10.1.72.1:15030|client:10.1.72.1:15029|dataStream:10.1.72.1:15032|priority:0|startupRole:FOLLOWER] with ContainerStateMachine:uninitialized
2023-06-27 17:02:07,683 [e112e51e-5103-4e17-9bb8-79f4bd4a8423-groupManagement] INFO  server.RaftServerConfigKeys (ConfUtils.java:logGet(46)) - raft.server.rpc.timeout.min = 5s (custom)
2023-06-27 17:02:07,683 [e112e51e-5103-4e17-9bb8-79f4bd4a8423-groupManagement] INFO  server.RaftServerConfigKeys (ConfUtils.java:logGet(46)) - raft.server.rpc.timeout.max = 5200ms (custom)
2023-06-27 17:02:07,683 [e112e51e-5103-4e17-9bb8-79f4bd4a8423-groupManagement] INFO  server.RaftServerConfigKeys (ConfUtils.java:logGet(46)) - raft.server.rpc.sleep.time = 25ms (default)
2023-06-27 17:02:07,683 [e112e51e-5103-4e17-9bb8-79f4bd4a8423-groupManagement] INFO  server.RaftServerConfigKeys (ConfUtils.java:logGet(46)) - raft.server.rpc.slowness.timeout = 300s (custom)
2023-06-27 17:02:07,683 [e112e51e-5103-4e17-9bb8-79f4bd4a8423-groupManagement] INFO  server.RaftServerConfigKeys (ConfUtils.java:logGet(46)) - raft.server.leaderelection.leader.step-down.wait-time = 10s (default)
2023-06-27 17:02:07,683 [e112e51e-5103-4e17-9bb8-79f4bd4a8423-groupManagement] INFO  server.RaftServerConfigKeys (ConfUtils.java:logGet(46)) - raft.server.sleep.deviation.threshold = 300ms (default)
2023-06-27 17:02:07,683 [e112e51e-5103-4e17-9bb8-79f4bd4a8423-groupManagement] INFO  server.RaftServer$Division (ServerState.java:<init>(120)) - e112e51e-5103-4e17-9bb8-79f4bd4a8423@group-CC5C88E2D232: ConfigurationManager, init=-1: peers:[e112e51e-5103-4e17-9bb8-79f4bd4a8423|rpc:10.1.72.1:15040|admin:10.1.72.1:15039|client:10.1.72.1:15038|dataStream:10.1.72.1:15041|priority:0|startupRole:FOLLOWER, db05cefc-d1d0-4a37-85d6-512a7e836214|rpc:10.1.72.1:15022|admin:10.1.72.1:15021|client:10.1.72.1:15020|dataStream:10.1.72.1:15023|priority:1|startupRole:FOLLOWER, 06134254-2103-4fb3-af28-769d7483b85f|rpc:10.1.72.1:15031|admin:10.1.72.1:15030|client:10.1.72.1:15029|dataStream:10.1.72.1:15032|priority:0|startupRole:FOLLOWER]|listeners:[], old=null, confs=<EMPTY_MAP>
2023-06-27 17:02:07,683 [e112e51e-5103-4e17-9bb8-79f4bd4a8423-groupManagement] INFO  server.RaftServerConfigKeys (ConfUtils.java:logGet(46)) - raft.server.storage.dir = [/home/runner/work/ozone/ozone/hadoop-ozone/integration-test/target/test-dir/MiniOzoneClusterImpl-4d774b9f-68c7-4e3d-9dd4-f167b54dbd62/datanode-2/data/ratis] (custom)
2023-06-27 17:02:07,684 [e112e51e-5103-4e17-9bb8-79f4bd4a8423-groupManagement] INFO  server.RaftServerConfigKeys (ConfUtils.java:logGet(46)) - raft.server.log.corruption.policy = EXCEPTION (default)
2023-06-27 17:02:07,684 [e112e51e-5103-4e17-9bb8-79f4bd4a8423-groupManagement] INFO  server.RaftServerConfigKeys (ConfUtils.java:logGet(46)) - raft.server.storage.free-space.min = 0MB (=0) (default)
2023-06-27 17:02:07,684 [e112e51e-5103-4e17-9bb8-79f4bd4a8423-groupManagement] INFO  server.RaftServerConfigKeys (ConfUtils.java:logGet(46)) - raft.server.notification.no-leader.timeout = 300s (custom)
2023-06-27 17:02:07,684 [e112e51e-5103-4e17-9bb8-79f4bd4a8423-groupManagement] INFO  server.RaftServerConfigKeys (ConfUtils.java:logGet(46)) - raft.server.read.timeout = 10s (default)
2023-06-27 17:02:07,684 [e112e51e-5103-4e17-9bb8-79f4bd4a8423-groupManagement] INFO  server.RaftServerConfigKeys (ConfUtils.java:logGet(46)) - raft.server.retrycache.expirytime = 600000ms (custom)
2023-06-27 17:02:07,684 [e112e51e-5103-4e17-9bb8-79f4bd4a8423-groupManagement] INFO  server.RaftServerConfigKeys (ConfUtils.java:logGet(46)) - raft.server.retrycache.statistics.expirytime = 100μs (default)
2023-06-27 17:02:07,684 [e112e51e-5103-4e17-9bb8-79f4bd4a8423-groupManagement] INFO  server.RaftServerConfigKeys (ConfUtils.java:logGet(46)) - raft.server.read.option = DEFAULT (default)
2023-06-27 17:02:07,686 [e112e51e-5103-4e17-9bb8-79f4bd4a8423-groupManagement] INFO  server.RaftServerConfigKeys (ConfUtils.java:logGet(46)) - raft.server.rpc.request.timeout = 60s (custom)
2023-06-27 17:02:07,686 [e112e51e-5103-4e17-9bb8-79f4bd4a8423-groupManagement] INFO  server.RaftServerConfigKeys (ConfUtils.java:logGet(46)) - raft.server.log.appender.install.snapshot.enabled = false (custom)
2023-06-27 17:02:07,686 [e112e51e-5103-4e17-9bb8-79f4bd4a8423-groupManagement] INFO  server.RaftServerConfigKeys (ConfUtils.java:logGet(46)) - raft.server.threadpool.server.cached = true (default)
2023-06-27 17:02:07,686 [e112e51e-5103-4e17-9bb8-79f4bd4a8423-groupManagement] INFO  server.RaftServerConfigKeys (ConfUtils.java:logGet(46)) - raft.server.threadpool.server.size = 0 (default)
2023-06-27 17:02:07,686 [e112e51e-5103-4e17-9bb8-79f4bd4a8423-groupManagement] INFO  server.RaftServerConfigKeys (ConfUtils.java:logGet(46)) - raft.server.threadpool.client.cached = true (default)
2023-06-27 17:02:07,687 [e112e51e-5103-4e17-9bb8-79f4bd4a8423-groupManagement] INFO  server.RaftServerConfigKeys (ConfUtils.java:logGet(46)) - raft.server.threadpool.client.size = 0 (default)
2023-06-27 17:02:07,687 [e112e51e-5103-4e17-9bb8-79f4bd4a8423-groupManagement] INFO  storage.RaftStorageDirectory (RaftStorageDirectoryImpl.java:analyzeStorage(137)) - The storage directory /home/runner/work/ozone/ozone/hadoop-ozone/integration-test/target/test-dir/MiniOzoneClusterImpl-4d774b9f-68c7-4e3d-9dd4-f167b54dbd62/datanode-2/data/ratis/6fc11221-a144-4747-b53e-cc5c88e2d232 does not exist. Creating ...
2023-06-27 17:02:07,688 [e112e51e-5103-4e17-9bb8-79f4bd4a8423-groupManagement] INFO  storage.RaftStorageDirectory (RaftStorageDirectoryImpl.java:tryLock(231)) - Lock on /home/runner/work/ozone/ozone/hadoop-ozone/integration-test/target/test-dir/MiniOzoneClusterImpl-4d774b9f-68c7-4e3d-9dd4-f167b54dbd62/datanode-2/data/ratis/6fc11221-a144-4747-b53e-cc5c88e2d232/in_use.lock acquired by nodename 52987@fv-az748-341
2023-06-27 17:02:07,689 [e112e51e-5103-4e17-9bb8-79f4bd4a8423-groupManagement] INFO  storage.RaftStorage (RaftStorageImpl.java:format(96)) - Storage directory /home/runner/work/ozone/ozone/hadoop-ozone/integration-test/target/test-dir/MiniOzoneClusterImpl-4d774b9f-68c7-4e3d-9dd4-f167b54dbd62/datanode-2/data/ratis/6fc11221-a144-4747-b53e-cc5c88e2d232 has been successfully formatted.
2023-06-27 17:02:07,690 [e112e51e-5103-4e17-9bb8-79f4bd4a8423-groupManagement] INFO  ratis.ContainerStateMachine (ContainerStateMachine.java:loadSnapshot(262)) - group-CC5C88E2D232: The snapshot info is null. Setting the last applied indexto:(t:0, i:~)
2023-06-27 17:02:07,691 [e112e51e-5103-4e17-9bb8-79f4bd4a8423-groupManagement] INFO  server.RaftServerConfigKeys (ConfUtils.java:logGet(46)) - raft.server.log.use.memory = false (default)
2023-06-27 17:02:07,691 [e112e51e-5103-4e17-9bb8-79f4bd4a8423-groupManagement] INFO  server.RaftServerConfigKeys (ConfUtils.java:logGet(46)) - raft.server.log.purge.gap = 1000000 (custom)
2023-06-27 17:02:07,691 [e112e51e-5103-4e17-9bb8-79f4bd4a8423-groupManagement] INFO  server.RaftServerConfigKeys (ConfUtils.java:logGet(46)) - raft.server.log.appender.buffer.byte-limit = 33554432 (custom)
2023-06-27 17:02:07,691 [e112e51e-5103-4e17-9bb8-79f4bd4a8423-groupManagement] INFO  server.RaftServerConfigKeys (ConfUtils.java:logGet(46)) - raft.server.log.statemachine.data.read.timeout = 1000ms (default)
2023-06-27 17:02:07,691 [e112e51e-5103-4e17-9bb8-79f4bd4a8423-groupManagement] INFO  server.RaftServerConfigKeys (ConfUtils.java:logGet(46)) - raft.server.log.purge.preservation.log.num = 0 (default)
2023-06-27 17:02:07,691 [e112e51e-5103-4e17-9bb8-79f4bd4a8423-groupManagement] INFO  server.RaftServerConfigKeys (ConfUtils.java:logGet(46)) - raft.server.log.segment.size.max = 1048576 (custom)
2023-06-27 17:02:07,692 [e112e51e-5103-4e17-9bb8-79f4bd4a8423-groupManagement] INFO  server.RaftServerConfigKeys (ConfUtils.java:logGet(46)) - raft.server.log.segment.cache.num.max = 2 (custom)
2023-06-27 17:02:07,692 [e112e51e-5103-4e17-9bb8-79f4bd4a8423-groupManagement] INFO  server.RaftServerConfigKeys (ConfUtils.java:logGet(46)) - raft.server.log.segment.cache.size.max = 200MB (=209715200) (default)
2023-06-27 17:02:07,692 [e112e51e-5103-4e17-9bb8-79f4bd4a8423-groupManagement] INFO  server.RaftServerConfigKeys (ConfUtils.java:logGet(46)) - raft.server.log.appender.buffer.byte-limit = 33554432 (custom)
2023-06-27 17:02:07,692 [e112e51e-5103-4e17-9bb8-79f4bd4a8423-groupManagement] INFO  segmented.SegmentedRaftLogWorker (SegmentedRaftLogWorker.java:<init>(188)) - new e112e51e-5103-4e17-9bb8-79f4bd4a8423@group-CC5C88E2D232-SegmentedRaftLogWorker for RaftStorageImpl:Storage Directory /home/runner/work/ozone/ozone/hadoop-ozone/integration-test/target/test-dir/MiniOzoneClusterImpl-4d774b9f-68c7-4e3d-9dd4-f167b54dbd62/datanode-2/data/ratis/6fc11221-a144-4747-b53e-cc5c88e2d232
2023-06-27 17:02:07,692 [e112e51e-5103-4e17-9bb8-79f4bd4a8423-groupManagement] INFO  server.RaftServerConfigKeys (ConfUtils.java:logGet(46)) - raft.server.log.queue.byte-limit = 4294967296 (custom)
2023-06-27 17:02:07,692 [e112e51e-5103-4e17-9bb8-79f4bd4a8423-groupManagement] INFO  server.RaftServerConfigKeys (ConfUtils.java:logGet(46)) - raft.server.log.queue.element-limit = 1024 (custom)
2023-06-27 17:02:07,692 [e112e51e-5103-4e17-9bb8-79f4bd4a8423-groupManagement] INFO  server.RaftServerConfigKeys (ConfUtils.java:logGet(46)) - raft.server.log.segment.size.max = 1048576 (custom)
2023-06-27 17:02:07,692 [e112e51e-5103-4e17-9bb8-79f4bd4a8423-groupManagement] INFO  server.RaftServerConfigKeys (ConfUtils.java:logGet(46)) - raft.server.log.preallocated.size = 16384 (custom)
2023-06-27 17:02:07,692 [e112e51e-5103-4e17-9bb8-79f4bd4a8423-groupManagement] INFO  server.RaftServerConfigKeys (ConfUtils.java:logGet(46)) - raft.server.log.force.sync.num = 128 (default)
2023-06-27 17:02:07,692 [e112e51e-5103-4e17-9bb8-79f4bd4a8423-groupManagement] INFO  server.RaftServerConfigKeys (ConfUtils.java:logGet(46)) - raft.server.log.statemachine.data.sync = true (default)
2023-06-27 17:02:07,692 [e112e51e-5103-4e17-9bb8-79f4bd4a8423-groupManagement] INFO  server.RaftServerConfigKeys (ConfUtils.java:logGet(46)) - raft.server.log.statemachine.data.sync.timeout = 10s (default)
2023-06-27 17:02:07,692 [e112e51e-5103-4e17-9bb8-79f4bd4a8423-groupManagement] INFO  server.RaftServerConfigKeys (ConfUtils.java:logGet(46)) - raft.server.log.statemachine.data.sync.timeout.retry = -1 (default)
2023-06-27 17:02:07,693 [e112e51e-5103-4e17-9bb8-79f4bd4a8423-groupManagement] INFO  server.RaftServerConfigKeys (ConfUtils.java:logGet(46)) - raft.server.log.write.buffer.size = 1048576 (custom)
2023-06-27 17:02:07,694 [e112e51e-5103-4e17-9bb8-79f4bd4a8423-groupManagement] INFO  server.RaftServerConfigKeys (ConfUtils.java:logGet(46)) - raft.server.log.appender.buffer.byte-limit = 33554432 (custom)
2023-06-27 17:02:07,700 [e112e51e-5103-4e17-9bb8-79f4bd4a8423-groupManagement] INFO  server.RaftServerConfigKeys (ConfUtils.java:logGet(46)) - raft.server.log.unsafe-flush.enabled = false (default)
2023-06-27 17:02:07,700 [e112e51e-5103-4e17-9bb8-79f4bd4a8423-groupManagement] INFO  server.RaftServerConfigKeys (ConfUtils.java:logGet(46)) - raft.server.log.async-flush.enabled = false (default)
2023-06-27 17:02:07,700 [e112e51e-5103-4e17-9bb8-79f4bd4a8423-groupManagement] INFO  server.RaftServerConfigKeys (ConfUtils.java:logGet(46)) - raft.server.log.statemachine.data.caching.enabled = true (custom)
2023-06-27 17:02:07,700 [e112e51e-5103-4e17-9bb8-79f4bd4a8423-groupManagement] INFO  segmented.SegmentedRaftLogWorker (SegmentedRaftLogWorker.java:lambda$new$0(135)) - e112e51e-5103-4e17-9bb8-79f4bd4a8423@group-CC5C88E2D232-SegmentedRaftLogWorker: flushIndex: setUnconditionally 0 -> -1
2023-06-27 17:02:07,700 [e112e51e-5103-4e17-9bb8-79f4bd4a8423-groupManagement] INFO  segmented.SegmentedRaftLogWorker (SegmentedRaftLogWorker.java:lambda$new$0(135)) - e112e51e-5103-4e17-9bb8-79f4bd4a8423@group-CC5C88E2D232-SegmentedRaftLogWorker: safeCacheEvictIndex: setUnconditionally 0 -> -1
2023-06-27 17:02:07,700 [e112e51e-5103-4e17-9bb8-79f4bd4a8423-groupManagement] INFO  server.RaftServer$Division (RaftServerImpl.java:start(342)) - e112e51e-5103-4e17-9bb8-79f4bd4a8423@group-CC5C88E2D232: start as a follower, conf=-1: peers:[e112e51e-5103-4e17-9bb8-79f4bd4a8423|rpc:10.1.72.1:15040|admin:10.1.72.1:15039|client:10.1.72.1:15038|dataStream:10.1.72.1:15041|priority:0|startupRole:FOLLOWER, db05cefc-d1d0-4a37-85d6-512a7e836214|rpc:10.1.72.1:15022|admin:10.1.72.1:15021|client:10.1.72.1:15020|dataStream:10.1.72.1:15023|priority:1|startupRole:FOLLOWER, 06134254-2103-4fb3-af28-769d7483b85f|rpc:10.1.72.1:15031|admin:10.1.72.1:15030|client:10.1.72.1:15029|dataStream:10.1.72.1:15032|priority:0|startupRole:FOLLOWER]|listeners:[], old=null
2023-06-27 17:02:07,700 [e112e51e-5103-4e17-9bb8-79f4bd4a8423-groupManagement] INFO  server.RaftServer$Division (RaftServerImpl.java:setRole(329)) - e112e51e-5103-4e17-9bb8-79f4bd4a8423@group-CC5C88E2D232: changes role from      null to FOLLOWER at term 0 for startAsFollower
2023-06-27 17:02:07,700 [e112e51e-5103-4e17-9bb8-79f4bd4a8423-groupManagement] INFO  impl.RoleInfo (RoleInfo.java:updateAndGet(139)) - e112e51e-5103-4e17-9bb8-79f4bd4a8423: start e112e51e-5103-4e17-9bb8-79f4bd4a8423@group-CC5C88E2D232-FollowerState
2023-06-27 17:02:07,701 [e112e51e-5103-4e17-9bb8-79f4bd4a8423-groupManagement] INFO  util.JmxRegister (JmxRegister.java:tryRegister(44)) - Successfully registered JMX Bean with object name Ratis:service=RaftServer,group=group-CC5C88E2D232,id=e112e51e-5103-4e17-9bb8-79f4bd4a8423
2023-06-27 17:02:07,701 [e112e51e-5103-4e17-9bb8-79f4bd4a8423-groupManagement] INFO  server.RaftServerConfigKeys (ConfUtils.java:logGet(46)) - raft.server.snapshot.auto.trigger.enabled = true (custom)
2023-06-27 17:02:07,701 [e112e51e-5103-4e17-9bb8-79f4bd4a8423-groupManagement] INFO  server.RaftServerConfigKeys (ConfUtils.java:logGet(46)) - raft.server.snapshot.auto.trigger.threshold = 10000 (custom)
2023-06-27 17:02:07,701 [e112e51e-5103-4e17-9bb8-79f4bd4a8423-groupManagement] INFO  server.RaftServerConfigKeys (ConfUtils.java:logGet(46)) - raft.server.snapshot.retention.file.num = 5 (custom)
2023-06-27 17:02:07,701 [e112e51e-5103-4e17-9bb8-79f4bd4a8423-groupManagement] INFO  server.RaftServerConfigKeys (ConfUtils.java:logGet(46)) - raft.server.log.purge.upto.snapshot.index = false (default)
2023-06-27 17:02:07,702 [e112e51e-5103-4e17-9bb8-79f4bd4a8423@group-CC5C88E2D232-FollowerState] INFO  server.RaftServerConfigKeys (ConfUtils.java:logFallback(53)) - raft.server.rpc.first-election.timeout.min = 5s (fallback to raft.server.rpc.timeout.min)
2023-06-27 17:02:07,705 [e112e51e-5103-4e17-9bb8-79f4bd4a8423@group-CC5C88E2D232-FollowerState] INFO  server.RaftServerConfigKeys (ConfUtils.java:logFallback(53)) - raft.server.rpc.first-election.timeout.max = 5200ms (fallback to raft.server.rpc.timeout.max)
2023-06-27 17:02:07,750 [grpc-default-executor-0] INFO  server.RaftServer (RaftServerProxy.java:addNew(98)) - 06134254-2103-4fb3-af28-769d7483b85f: addNew group-CC5C88E2D232:[e112e51e-5103-4e17-9bb8-79f4bd4a8423|rpc:10.1.72.1:15040|admin:10.1.72.1:15039|client:10.1.72.1:15038|dataStream:10.1.72.1:15041|priority:0|startupRole:FOLLOWER, db05cefc-d1d0-4a37-85d6-512a7e836214|rpc:10.1.72.1:15022|admin:10.1.72.1:15021|client:10.1.72.1:15020|dataStream:10.1.72.1:15023|priority:1|startupRole:FOLLOWER, 06134254-2103-4fb3-af28-769d7483b85f|rpc:10.1.72.1:15031|admin:10.1.72.1:15030|client:10.1.72.1:15029|dataStream:10.1.72.1:15032|priority:0|startupRole:FOLLOWER] returns group-CC5C88E2D232:java.util.concurrent.CompletableFuture@4217de81[Not completed]
2023-06-27 17:02:07,752 [06134254-2103-4fb3-af28-769d7483b85f-groupManagement] INFO  server.RaftServer$Division (RaftServerImpl.java:<init>(198)) - 06134254-2103-4fb3-af28-769d7483b85f: new RaftServerImpl for group-CC5C88E2D232:[e112e51e-5103-4e17-9bb8-79f4bd4a8423|rpc:10.1.72.1:15040|admin:10.1.72.1:15039|client:10.1.72.1:15038|dataStream:10.1.72.1:15041|priority:0|startupRole:FOLLOWER, db05cefc-d1d0-4a37-85d6-512a7e836214|rpc:10.1.72.1:15022|admin:10.1.72.1:15021|client:10.1.72.1:15020|dataStream:10.1.72.1:15023|priority:1|startupRole:FOLLOWER, 06134254-2103-4fb3-af28-769d7483b85f|rpc:10.1.72.1:15031|admin:10.1.72.1:15030|client:10.1.72.1:15029|dataStream:10.1.72.1:15032|priority:0|startupRole:FOLLOWER] with ContainerStateMachine:uninitialized
2023-06-27 17:02:07,752 [06134254-2103-4fb3-af28-769d7483b85f-groupManagement] INFO  server.RaftServerConfigKeys (ConfUtils.java:logGet(46)) - raft.server.rpc.timeout.min = 5s (custom)
2023-06-27 17:02:07,752 [06134254-2103-4fb3-af28-769d7483b85f-groupManagement] INFO  server.RaftServerConfigKeys (ConfUtils.java:logGet(46)) - raft.server.rpc.timeout.max = 5200ms (custom)
2023-06-27 17:02:07,752 [06134254-2103-4fb3-af28-769d7483b85f-groupManagement] INFO  server.RaftServerConfigKeys (ConfUtils.java:logGet(46)) - raft.server.rpc.sleep.time = 25ms (default)
2023-06-27 17:02:07,752 [06134254-2103-4fb3-af28-769d7483b85f-groupManagement] INFO  server.RaftServerConfigKeys (ConfUtils.java:logGet(46)) - raft.server.rpc.slowness.timeout = 300s (custom)
2023-06-27 17:02:07,752 [06134254-2103-4fb3-af28-769d7483b85f-groupManagement] INFO  server.RaftServerConfigKeys (ConfUtils.java:logGet(46)) - raft.server.leaderelection.leader.step-down.wait-time = 10s (default)
2023-06-27 17:02:07,752 [06134254-2103-4fb3-af28-769d7483b85f-groupManagement] INFO  server.RaftServerConfigKeys (ConfUtils.java:logGet(46)) - raft.server.sleep.deviation.threshold = 300ms (default)
2023-06-27 17:02:07,752 [06134254-2103-4fb3-af28-769d7483b85f-groupManagement] INFO  server.RaftServer$Division (ServerState.java:<init>(120)) - 06134254-2103-4fb3-af28-769d7483b85f@group-CC5C88E2D232: ConfigurationManager, init=-1: peers:[e112e51e-5103-4e17-9bb8-79f4bd4a8423|rpc:10.1.72.1:15040|admin:10.1.72.1:15039|client:10.1.72.1:15038|dataStream:10.1.72.1:15041|priority:0|startupRole:FOLLOWER, db05cefc-d1d0-4a37-85d6-512a7e836214|rpc:10.1.72.1:15022|admin:10.1.72.1:15021|client:10.1.72.1:15020|dataStream:10.1.72.1:15023|priority:1|startupRole:FOLLOWER, 06134254-2103-4fb3-af28-769d7483b85f|rpc:10.1.72.1:15031|admin:10.1.72.1:15030|client:10.1.72.1:15029|dataStream:10.1.72.1:15032|priority:0|startupRole:FOLLOWER]|listeners:[], old=null, confs=<EMPTY_MAP>
2023-06-27 17:02:07,752 [06134254-2103-4fb3-af28-769d7483b85f-groupManagement] INFO  server.RaftServerConfigKeys (ConfUtils.java:logGet(46)) - raft.server.storage.dir = [/home/runner/work/ozone/ozone/hadoop-ozone/integration-test/target/test-dir/MiniOzoneClusterImpl-4d774b9f-68c7-4e3d-9dd4-f167b54dbd62/datanode-1/data/ratis] (custom)
2023-06-27 17:02:07,753 [06134254-2103-4fb3-af28-769d7483b85f-groupManagement] INFO  server.RaftServerConfigKeys (ConfUtils.java:logGet(46)) - raft.server.log.corruption.policy = EXCEPTION (default)
2023-06-27 17:02:07,753 [06134254-2103-4fb3-af28-769d7483b85f-groupManagement] INFO  server.RaftServerConfigKeys (ConfUtils.java:logGet(46)) - raft.server.storage.free-space.min = 0MB (=0) (default)
2023-06-27 17:02:07,753 [06134254-2103-4fb3-af28-769d7483b85f-groupManagement] INFO  server.RaftServerConfigKeys (ConfUtils.java:logGet(46)) - raft.server.notification.no-leader.timeout = 300s (custom)
2023-06-27 17:02:07,753 [06134254-2103-4fb3-af28-769d7483b85f-groupManagement] INFO  server.RaftServerConfigKeys (ConfUtils.java:logGet(46)) - raft.server.read.timeout = 10s (default)
2023-06-27 17:02:07,753 [06134254-2103-4fb3-af28-769d7483b85f-groupManagement] INFO  server.RaftServerConfigKeys (ConfUtils.java:logGet(46)) - raft.server.retrycache.expirytime = 600000ms (custom)
2023-06-27 17:02:07,753 [06134254-2103-4fb3-af28-769d7483b85f-groupManagement] INFO  server.RaftServerConfigKeys (ConfUtils.java:logGet(46)) - raft.server.retrycache.statistics.expirytime = 100μs (default)
2023-06-27 17:02:07,753 [06134254-2103-4fb3-af28-769d7483b85f-groupManagement] INFO  server.RaftServerConfigKeys (ConfUtils.java:logGet(46)) - raft.server.read.option = DEFAULT (default)
2023-06-27 17:02:07,755 [06134254-2103-4fb3-af28-769d7483b85f-groupManagement] INFO  server.RaftServerConfigKeys (ConfUtils.java:logGet(46)) - raft.server.rpc.request.timeout = 60s (custom)
2023-06-27 17:02:07,755 [06134254-2103-4fb3-af28-769d7483b85f-groupManagement] INFO  server.RaftServerConfigKeys (ConfUtils.java:logGet(46)) - raft.server.log.appender.install.snapshot.enabled = false (custom)
2023-06-27 17:02:07,755 [06134254-2103-4fb3-af28-769d7483b85f-groupManagement] INFO  server.RaftServerConfigKeys (ConfUtils.java:logGet(46)) - raft.server.threadpool.server.cached = true (default)
2023-06-27 17:02:07,755 [06134254-2103-4fb3-af28-769d7483b85f-groupManagement] INFO  server.RaftServerConfigKeys (ConfUtils.java:logGet(46)) - raft.server.threadpool.server.size = 0 (default)
2023-06-27 17:02:07,755 [06134254-2103-4fb3-af28-769d7483b85f-groupManagement] INFO  server.RaftServerConfigKeys (ConfUtils.java:logGet(46)) - raft.server.threadpool.client.cached = true (default)
2023-06-27 17:02:07,755 [06134254-2103-4fb3-af28-769d7483b85f-groupManagement] INFO  server.RaftServerConfigKeys (ConfUtils.java:logGet(46)) - raft.server.threadpool.client.size = 0 (default)
2023-06-27 17:02:07,755 [06134254-2103-4fb3-af28-769d7483b85f-groupManagement] INFO  storage.RaftStorageDirectory (RaftStorageDirectoryImpl.java:analyzeStorage(137)) - The storage directory /home/runner/work/ozone/ozone/hadoop-ozone/integration-test/target/test-dir/MiniOzoneClusterImpl-4d774b9f-68c7-4e3d-9dd4-f167b54dbd62/datanode-1/data/ratis/6fc11221-a144-4747-b53e-cc5c88e2d232 does not exist. Creating ...
2023-06-27 17:02:07,756 [06134254-2103-4fb3-af28-769d7483b85f-groupManagement] INFO  storage.RaftStorageDirectory (RaftStorageDirectoryImpl.java:tryLock(231)) - Lock on /home/runner/work/ozone/ozone/hadoop-ozone/integration-test/target/test-dir/MiniOzoneClusterImpl-4d774b9f-68c7-4e3d-9dd4-f167b54dbd62/datanode-1/data/ratis/6fc11221-a144-4747-b53e-cc5c88e2d232/in_use.lock acquired by nodename 52987@fv-az748-341
2023-06-27 17:02:07,758 [06134254-2103-4fb3-af28-769d7483b85f-groupManagement] INFO  storage.RaftStorage (RaftStorageImpl.java:format(96)) - Storage directory /home/runner/work/ozone/ozone/hadoop-ozone/integration-test/target/test-dir/MiniOzoneClusterImpl-4d774b9f-68c7-4e3d-9dd4-f167b54dbd62/datanode-1/data/ratis/6fc11221-a144-4747-b53e-cc5c88e2d232 has been successfully formatted.
2023-06-27 17:02:07,764 [06134254-2103-4fb3-af28-769d7483b85f-groupManagement] INFO  ratis.ContainerStateMachine (ContainerStateMachine.java:loadSnapshot(262)) - group-CC5C88E2D232: The snapshot info is null. Setting the last applied indexto:(t:0, i:~)
2023-06-27 17:02:07,765 [06134254-2103-4fb3-af28-769d7483b85f-groupManagement] INFO  server.RaftServerConfigKeys (ConfUtils.java:logGet(46)) - raft.server.log.use.memory = false (default)
2023-06-27 17:02:07,765 [06134254-2103-4fb3-af28-769d7483b85f-groupManagement] INFO  server.RaftServerConfigKeys (ConfUtils.java:logGet(46)) - raft.server.log.purge.gap = 1000000 (custom)
2023-06-27 17:02:07,765 [06134254-2103-4fb3-af28-769d7483b85f-groupManagement] INFO  server.RaftServerConfigKeys (ConfUtils.java:logGet(46)) - raft.server.log.appender.buffer.byte-limit = 33554432 (custom)
2023-06-27 17:02:07,765 [06134254-2103-4fb3-af28-769d7483b85f-groupManagement] INFO  server.RaftServerConfigKeys (ConfUtils.java:logGet(46)) - raft.server.log.statemachine.data.read.timeout = 1000ms (default)
2023-06-27 17:02:07,765 [06134254-2103-4fb3-af28-769d7483b85f-groupManagement] INFO  server.RaftServerConfigKeys (ConfUtils.java:logGet(46)) - raft.server.log.purge.preservation.log.num = 0 (default)
2023-06-27 17:02:07,765 [06134254-2103-4fb3-af28-769d7483b85f-groupManagement] INFO  server.RaftServerConfigKeys (ConfUtils.java:logGet(46)) - raft.server.log.segment.size.max = 1048576 (custom)
2023-06-27 17:02:07,766 [06134254-2103-4fb3-af28-769d7483b85f-groupManagement] INFO  server.RaftServerConfigKeys (ConfUtils.java:logGet(46)) - raft.server.log.segment.cache.num.max = 2 (custom)
2023-06-27 17:02:07,766 [06134254-2103-4fb3-af28-769d7483b85f-groupManagement] INFO  server.RaftServerConfigKeys (ConfUtils.java:logGet(46)) - raft.server.log.segment.cache.size.max = 200MB (=209715200) (default)
2023-06-27 17:02:07,766 [06134254-2103-4fb3-af28-769d7483b85f-groupManagement] INFO  server.RaftServerConfigKeys (ConfUtils.java:logGet(46)) - raft.server.log.appender.buffer.byte-limit = 33554432 (custom)
2023-06-27 17:02:07,766 [06134254-2103-4fb3-af28-769d7483b85f-groupManagement] INFO  segmented.SegmentedRaftLogWorker (SegmentedRaftLogWorker.java:<init>(188)) - new 06134254-2103-4fb3-af28-769d7483b85f@group-CC5C88E2D232-SegmentedRaftLogWorker for RaftStorageImpl:Storage Directory /home/runner/work/ozone/ozone/hadoop-ozone/integration-test/target/test-dir/MiniOzoneClusterImpl-4d774b9f-68c7-4e3d-9dd4-f167b54dbd62/datanode-1/data/ratis/6fc11221-a144-4747-b53e-cc5c88e2d232
2023-06-27 17:02:07,766 [06134254-2103-4fb3-af28-769d7483b85f-groupManagement] INFO  server.RaftServerConfigKeys (ConfUtils.java:logGet(46)) - raft.server.log.queue.byte-limit = 4294967296 (custom)
2023-06-27 17:02:07,766 [06134254-2103-4fb3-af28-769d7483b85f-groupManagement] INFO  server.RaftServerConfigKeys (ConfUtils.java:logGet(46)) - raft.server.log.queue.element-limit = 1024 (custom)
2023-06-27 17:02:07,766 [06134254-2103-4fb3-af28-769d7483b85f-groupManagement] INFO  server.RaftServerConfigKeys (ConfUtils.java:logGet(46)) - raft.server.log.segment.size.max = 1048576 (custom)
2023-06-27 17:02:07,766 [06134254-2103-4fb3-af28-769d7483b85f-groupManagement] INFO  server.RaftServerConfigKeys (ConfUtils.java:logGet(46)) - raft.server.log.preallocated.size = 16384 (custom)
2023-06-27 17:02:07,766 [06134254-2103-4fb3-af28-769d7483b85f-groupManagement] INFO  server.RaftServerConfigKeys (ConfUtils.java:logGet(46)) - raft.server.log.force.sync.num = 128 (default)
2023-06-27 17:02:07,766 [06134254-2103-4fb3-af28-769d7483b85f-groupManagement] INFO  server.RaftServerConfigKeys (ConfUtils.java:logGet(46)) - raft.server.log.statemachine.data.sync = true (default)
2023-06-27 17:02:07,766 [06134254-2103-4fb3-af28-769d7483b85f-groupManagement] INFO  server.RaftServerConfigKeys (ConfUtils.java:logGet(46)) - raft.server.log.statemachine.data.sync.timeout = 10s (default)
2023-06-27 17:02:07,766 [06134254-2103-4fb3-af28-769d7483b85f-groupManagement] INFO  server.RaftServerConfigKeys (ConfUtils.java:logGet(46)) - raft.server.log.statemachine.data.sync.timeout.retry = -1 (default)
2023-06-27 17:02:07,767 [06134254-2103-4fb3-af28-769d7483b85f-groupManagement] INFO  server.RaftServerConfigKeys (ConfUtils.java:logGet(46)) - raft.server.log.write.buffer.size = 1048576 (custom)
2023-06-27 17:02:07,768 [06134254-2103-4fb3-af28-769d7483b85f-groupManagement] INFO  server.RaftServerConfigKeys (ConfUtils.java:logGet(46)) - raft.server.log.appender.buffer.byte-limit = 33554432 (custom)
2023-06-27 17:02:07,773 [06134254-2103-4fb3-af28-769d7483b85f-groupManagement] INFO  server.RaftServerConfigKeys (ConfUtils.java:logGet(46)) - raft.server.log.unsafe-flush.enabled = false (default)
2023-06-27 17:02:07,773 [06134254-2103-4fb3-af28-769d7483b85f-groupManagement] INFO  server.RaftServerConfigKeys (ConfUtils.java:logGet(46)) - raft.server.log.async-flush.enabled = false (default)
2023-06-27 17:02:07,773 [06134254-2103-4fb3-af28-769d7483b85f-groupManagement] INFO  server.RaftServerConfigKeys (ConfUtils.java:logGet(46)) - raft.server.log.statemachine.data.caching.enabled = true (custom)
2023-06-27 17:02:07,774 [06134254-2103-4fb3-af28-769d7483b85f-groupManagement] INFO  segmented.SegmentedRaftLogWorker (SegmentedRaftLogWorker.java:lambda$new$0(135)) - 06134254-2103-4fb3-af28-769d7483b85f@group-CC5C88E2D232-SegmentedRaftLogWorker: flushIndex: setUnconditionally 0 -> -1
2023-06-27 17:02:07,774 [06134254-2103-4fb3-af28-769d7483b85f-groupManagement] INFO  segmented.SegmentedRaftLogWorker (SegmentedRaftLogWorker.java:lambda$new$0(135)) - 06134254-2103-4fb3-af28-769d7483b85f@group-CC5C88E2D232-SegmentedRaftLogWorker: safeCacheEvictIndex: setUnconditionally 0 -> -1
2023-06-27 17:02:07,774 [06134254-2103-4fb3-af28-769d7483b85f-groupManagement] INFO  server.RaftServer$Division (RaftServerImpl.java:start(342)) - 06134254-2103-4fb3-af28-769d7483b85f@group-CC5C88E2D232: start as a follower, conf=-1: peers:[e112e51e-5103-4e17-9bb8-79f4bd4a8423|rpc:10.1.72.1:15040|admin:10.1.72.1:15039|client:10.1.72.1:15038|dataStream:10.1.72.1:15041|priority:0|startupRole:FOLLOWER, db05cefc-d1d0-4a37-85d6-512a7e836214|rpc:10.1.72.1:15022|admin:10.1.72.1:15021|client:10.1.72.1:15020|dataStream:10.1.72.1:15023|priority:1|startupRole:FOLLOWER, 06134254-2103-4fb3-af28-769d7483b85f|rpc:10.1.72.1:15031|admin:10.1.72.1:15030|client:10.1.72.1:15029|dataStream:10.1.72.1:15032|priority:0|startupRole:FOLLOWER]|listeners:[], old=null
2023-06-27 17:02:07,774 [06134254-2103-4fb3-af28-769d7483b85f-groupManagement] INFO  server.RaftServer$Division (RaftServerImpl.java:setRole(329)) - 06134254-2103-4fb3-af28-769d7483b85f@group-CC5C88E2D232: changes role from      null to FOLLOWER at term 0 for startAsFollower
2023-06-27 17:02:07,774 [06134254-2103-4fb3-af28-769d7483b85f-groupManagement] INFO  impl.RoleInfo (RoleInfo.java:updateAndGet(139)) - 06134254-2103-4fb3-af28-769d7483b85f: start 06134254-2103-4fb3-af28-769d7483b85f@group-CC5C88E2D232-FollowerState
2023-06-27 17:02:07,774 [06134254-2103-4fb3-af28-769d7483b85f-groupManagement] INFO  util.JmxRegister (JmxRegister.java:tryRegister(44)) - Successfully registered JMX Bean with object name Ratis:service=RaftServer,group=group-CC5C88E2D232,id=06134254-2103-4fb3-af28-769d7483b85f
2023-06-27 17:02:07,774 [06134254-2103-4fb3-af28-769d7483b85f-groupManagement] INFO  server.RaftServerConfigKeys (ConfUtils.java:logGet(46)) - raft.server.snapshot.auto.trigger.enabled = true (custom)
2023-06-27 17:02:07,774 [06134254-2103-4fb3-af28-769d7483b85f-groupManagement] INFO  server.RaftServerConfigKeys (ConfUtils.java:logGet(46)) - raft.server.snapshot.auto.trigger.threshold = 10000 (custom)
2023-06-27 17:02:07,775 [06134254-2103-4fb3-af28-769d7483b85f-groupManagement] INFO  server.RaftServerConfigKeys (ConfUtils.java:logGet(46)) - raft.server.snapshot.retention.file.num = 5 (custom)
2023-06-27 17:02:07,775 [06134254-2103-4fb3-af28-769d7483b85f-groupManagement] INFO  server.RaftServerConfigKeys (ConfUtils.java:logGet(46)) - raft.server.log.purge.upto.snapshot.index = false (default)
2023-06-27 17:02:07,775 [06134254-2103-4fb3-af28-769d7483b85f@group-CC5C88E2D232-FollowerState] INFO  server.RaftServerConfigKeys (ConfUtils.java:logFallback(53)) - raft.server.rpc.first-election.timeout.min = 5s (fallback to raft.server.rpc.timeout.min)
2023-06-27 17:02:07,782 [06134254-2103-4fb3-af28-769d7483b85f@group-CC5C88E2D232-FollowerState] INFO  server.RaftServerConfigKeys (ConfUtils.java:logFallback(53)) - raft.server.rpc.first-election.timeout.max = 5200ms (fallback to raft.server.rpc.timeout.max)
2023-06-27 17:02:07,793 [PipelineCommandHandlerThread-0] INFO  commandhandler.CreatePipelineCommandHandler (CreatePipelineCommandHandler.java:lambda$handle$2(124)) - Created Pipeline RATIS THREE PipelineID=6fc11221-a144-4747-b53e-cc5c88e2d232.
2023-06-27 17:02:07,793 [PipelineCommandHandlerThread-0] INFO  server.RaftServer (RaftServerProxy.java:addNew(98)) - db05cefc-d1d0-4a37-85d6-512a7e836214: addNew group-3E88E0A6EE2F:[e112e51e-5103-4e17-9bb8-79f4bd4a8423|rpc:10.1.72.1:15040|admin:10.1.72.1:15039|client:10.1.72.1:15038|dataStream:10.1.72.1:15041|priority:1|startupRole:FOLLOWER, db05cefc-d1d0-4a37-85d6-512a7e836214|rpc:10.1.72.1:15022|admin:10.1.72.1:15021|client:10.1.72.1:15020|dataStream:10.1.72.1:15023|priority:0|startupRole:FOLLOWER, 06134254-2103-4fb3-af28-769d7483b85f|rpc:10.1.72.1:15031|admin:10.1.72.1:15030|client:10.1.72.1:15029|dataStream:10.1.72.1:15032|priority:0|startupRole:FOLLOWER] returns group-3E88E0A6EE2F:java.util.concurrent.CompletableFuture@5af54c83[Not completed]
2023-06-27 17:02:07,794 [db05cefc-d1d0-4a37-85d6-512a7e836214-groupManagement] INFO  server.RaftServer$Division (RaftServerImpl.java:<init>(198)) - db05cefc-d1d0-4a37-85d6-512a7e836214: new RaftServerImpl for group-3E88E0A6EE2F:[e112e51e-5103-4e17-9bb8-79f4bd4a8423|rpc:10.1.72.1:15040|admin:10.1.72.1:15039|client:10.1.72.1:15038|dataStream:10.1.72.1:15041|priority:1|startupRole:FOLLOWER, db05cefc-d1d0-4a37-85d6-512a7e836214|rpc:10.1.72.1:15022|admin:10.1.72.1:15021|client:10.1.72.1:15020|dataStream:10.1.72.1:15023|priority:0|startupRole:FOLLOWER, 06134254-2103-4fb3-af28-769d7483b85f|rpc:10.1.72.1:15031|admin:10.1.72.1:15030|client:10.1.72.1:15029|dataStream:10.1.72.1:15032|priority:0|startupRole:FOLLOWER] with ContainerStateMachine:uninitialized
2023-06-27 17:02:07,795 [db05cefc-d1d0-4a37-85d6-512a7e836214-groupManagement] INFO  server.RaftServerConfigKeys (ConfUtils.java:logGet(46)) - raft.server.rpc.timeout.min = 5s (custom)
2023-06-27 17:02:07,795 [db05cefc-d1d0-4a37-85d6-512a7e836214-groupManagement] INFO  server.RaftServerConfigKeys (ConfUtils.java:logGet(46)) - raft.server.rpc.timeout.max = 5200ms (custom)
2023-06-27 17:02:07,795 [db05cefc-d1d0-4a37-85d6-512a7e836214-groupManagement] INFO  server.RaftServerConfigKeys (ConfUtils.java:logGet(46)) - raft.server.rpc.sleep.time = 25ms (default)
2023-06-27 17:02:07,795 [db05cefc-d1d0-4a37-85d6-512a7e836214-groupManagement] INFO  server.RaftServerConfigKeys (ConfUtils.java:logGet(46)) - raft.server.rpc.slowness.timeout = 300s (custom)
2023-06-27 17:02:07,795 [db05cefc-d1d0-4a37-85d6-512a7e836214-groupManagement] INFO  server.RaftServerConfigKeys (ConfUtils.java:logGet(46)) - raft.server.leaderelection.leader.step-down.wait-time = 10s (default)
2023-06-27 17:02:07,795 [db05cefc-d1d0-4a37-85d6-512a7e836214-groupManagement] INFO  server.RaftServerConfigKeys (ConfUtils.java:logGet(46)) - raft.server.sleep.deviation.threshold = 300ms (default)
2023-06-27 17:02:07,795 [db05cefc-d1d0-4a37-85d6-512a7e836214-groupManagement] INFO  server.RaftServer$Division (ServerState.java:<init>(120)) - db05cefc-d1d0-4a37-85d6-512a7e836214@group-3E88E0A6EE2F: ConfigurationManager, init=-1: peers:[e112e51e-5103-4e17-9bb8-79f4bd4a8423|rpc:10.1.72.1:15040|admin:10.1.72.1:15039|client:10.1.72.1:15038|dataStream:10.1.72.1:15041|priority:1|startupRole:FOLLOWER, db05cefc-d1d0-4a37-85d6-512a7e836214|rpc:10.1.72.1:15022|admin:10.1.72.1:15021|client:10.1.72.1:15020|dataStream:10.1.72.1:15023|priority:0|startupRole:FOLLOWER, 06134254-2103-4fb3-af28-769d7483b85f|rpc:10.1.72.1:15031|admin:10.1.72.1:15030|client:10.1.72.1:15029|dataStream:10.1.72.1:15032|priority:0|startupRole:FOLLOWER]|listeners:[], old=null, confs=<EMPTY_MAP>
2023-06-27 17:02:07,795 [db05cefc-d1d0-4a37-85d6-512a7e836214-groupManagement] INFO  server.RaftServerConfigKeys (ConfUtils.java:logGet(46)) - raft.server.storage.dir = [/home/runner/work/ozone/ozone/hadoop-ozone/integration-test/target/test-dir/MiniOzoneClusterImpl-4d774b9f-68c7-4e3d-9dd4-f167b54dbd62/datanode-0/data/ratis] (custom)
2023-06-27 17:02:07,795 [db05cefc-d1d0-4a37-85d6-512a7e836214-groupManagement] INFO  server.RaftServerConfigKeys (ConfUtils.java:logGet(46)) - raft.server.log.corruption.policy = EXCEPTION (default)
2023-06-27 17:02:07,795 [db05cefc-d1d0-4a37-85d6-512a7e836214-groupManagement] INFO  server.RaftServerConfigKeys (ConfUtils.java:logGet(46)) - raft.server.storage.free-space.min = 0MB (=0) (default)
2023-06-27 17:02:07,795 [db05cefc-d1d0-4a37-85d6-512a7e836214-groupManagement] INFO  server.RaftServerConfigKeys (ConfUtils.java:logGet(46)) - raft.server.notification.no-leader.timeout = 300s (custom)
2023-06-27 17:02:07,795 [db05cefc-d1d0-4a37-85d6-512a7e836214-groupManagement] INFO  server.RaftServerConfigKeys (ConfUtils.java:logGet(46)) - raft.server.read.timeout = 10s (default)
2023-06-27 17:02:07,795 [db05cefc-d1d0-4a37-85d6-512a7e836214-groupManagement] INFO  server.RaftServerConfigKeys (ConfUtils.java:logGet(46)) - raft.server.retrycache.expirytime = 600000ms (custom)
2023-06-27 17:02:07,795 [db05cefc-d1d0-4a37-85d6-512a7e836214-groupManagement] INFO  server.RaftServerConfigKeys (ConfUtils.java:logGet(46)) - raft.server.retrycache.statistics.expirytime = 100μs (default)
2023-06-27 17:02:07,796 [db05cefc-d1d0-4a37-85d6-512a7e836214-groupManagement] INFO  server.RaftServerConfigKeys (ConfUtils.java:logGet(46)) - raft.server.read.option = DEFAULT (default)
2023-06-27 17:02:07,797 [db05cefc-d1d0-4a37-85d6-512a7e836214-groupManagement] INFO  server.RaftServerConfigKeys (ConfUtils.java:logGet(46)) - raft.server.rpc.request.timeout = 60s (custom)
2023-06-27 17:02:07,798 [db05cefc-d1d0-4a37-85d6-512a7e836214-groupManagement] INFO  server.RaftServerConfigKeys (ConfUtils.java:logGet(46)) - raft.server.log.appender.install.snapshot.enabled = false (custom)
2023-06-27 17:02:07,798 [db05cefc-d1d0-4a37-85d6-512a7e836214-groupManagement] INFO  server.RaftServerConfigKeys (ConfUtils.java:logGet(46)) - raft.server.threadpool.server.cached = true (default)
2023-06-27 17:02:07,798 [db05cefc-d1d0-4a37-85d6-512a7e836214-groupManagement] INFO  server.RaftServerConfigKeys (ConfUtils.java:logGet(46)) - raft.server.threadpool.server.size = 0 (default)
2023-06-27 17:02:07,798 [db05cefc-d1d0-4a37-85d6-512a7e836214-groupManagement] INFO  server.RaftServerConfigKeys (ConfUtils.java:logGet(46)) - raft.server.threadpool.client.cached = true (default)
2023-06-27 17:02:07,798 [db05cefc-d1d0-4a37-85d6-512a7e836214-groupManagement] INFO  server.RaftServerConfigKeys (ConfUtils.java:logGet(46)) - raft.server.threadpool.client.size = 0 (default)
2023-06-27 17:02:07,798 [db05cefc-d1d0-4a37-85d6-512a7e836214-groupManagement] INFO  storage.RaftStorageDirectory (RaftStorageDirectoryImpl.java:analyzeStorage(137)) - The storage directory /home/runner/work/ozone/ozone/hadoop-ozone/integration-test/target/test-dir/MiniOzoneClusterImpl-4d774b9f-68c7-4e3d-9dd4-f167b54dbd62/datanode-0/data/ratis/64ab8abf-997f-4247-b29f-3e88e0a6ee2f does not exist. Creating ...
2023-06-27 17:02:07,800 [db05cefc-d1d0-4a37-85d6-512a7e836214-groupManagement] INFO  storage.RaftStorageDirectory (RaftStorageDirectoryImpl.java:tryLock(231)) - Lock on /home/runner/work/ozone/ozone/hadoop-ozone/integration-test/target/test-dir/MiniOzoneClusterImpl-4d774b9f-68c7-4e3d-9dd4-f167b54dbd62/datanode-0/data/ratis/64ab8abf-997f-4247-b29f-3e88e0a6ee2f/in_use.lock acquired by nodename 52987@fv-az748-341
2023-06-27 17:02:07,801 [db05cefc-d1d0-4a37-85d6-512a7e836214-groupManagement] INFO  storage.RaftStorage (RaftStorageImpl.java:format(96)) - Storage directory /home/runner/work/ozone/ozone/hadoop-ozone/integration-test/target/test-dir/MiniOzoneClusterImpl-4d774b9f-68c7-4e3d-9dd4-f167b54dbd62/datanode-0/data/ratis/64ab8abf-997f-4247-b29f-3e88e0a6ee2f has been successfully formatted.
2023-06-27 17:02:07,802 [db05cefc-d1d0-4a37-85d6-512a7e836214-groupManagement] INFO  ratis.ContainerStateMachine (ContainerStateMachine.java:loadSnapshot(262)) - group-3E88E0A6EE2F: The snapshot info is null. Setting the last applied indexto:(t:0, i:~)
2023-06-27 17:02:07,802 [db05cefc-d1d0-4a37-85d6-512a7e836214-groupManagement] INFO  server.RaftServerConfigKeys (ConfUtils.java:logGet(46)) - raft.server.log.use.memory = false (default)
2023-06-27 17:02:07,810 [EventQueue-OpenPipelineForHealthyPipelineSafeModeRule] INFO  safemode.SCMSafeModeManager (HealthyPipelineSafeModeRule.java:process(137)) - SCM in safe mode. Healthy pipelines reported count is 0, required healthy pipeline reported count is 1
2023-06-27 17:02:07,811 [db05cefc-d1d0-4a37-85d6-512a7e836214-groupManagement] INFO  server.RaftServerConfigKeys (ConfUtils.java:logGet(46)) - raft.server.log.purge.gap = 1000000 (custom)
2023-06-27 17:02:07,812 [db05cefc-d1d0-4a37-85d6-512a7e836214-groupManagement] INFO  server.RaftServerConfigKeys (ConfUtils.java:logGet(46)) - raft.server.log.appender.buffer.byte-limit = 33554432 (custom)
2023-06-27 17:02:07,812 [db05cefc-d1d0-4a37-85d6-512a7e836214-groupManagement] INFO  server.RaftServerConfigKeys (ConfUtils.java:logGet(46)) - raft.server.log.statemachine.data.read.timeout = 1000ms (default)
2023-06-27 17:02:07,812 [db05cefc-d1d0-4a37-85d6-512a7e836214-groupManagement] INFO  server.RaftServerConfigKeys (ConfUtils.java:logGet(46)) - raft.server.log.purge.preservation.log.num = 0 (default)
2023-06-27 17:02:07,813 [db05cefc-d1d0-4a37-85d6-512a7e836214-groupManagement] INFO  server.RaftServerConfigKeys (ConfUtils.java:logGet(46)) - raft.server.log.segment.size.max = 1048576 (custom)
2023-06-27 17:02:07,814 [db05cefc-d1d0-4a37-85d6-512a7e836214-groupManagement] INFO  server.RaftServerConfigKeys (ConfUtils.java:logGet(46)) - raft.server.log.segment.cache.num.max = 2 (custom)
2023-06-27 17:02:07,815 [db05cefc-d1d0-4a37-85d6-512a7e836214-groupManagement] INFO  server.RaftServerConfigKeys (ConfUtils.java:logGet(46)) - raft.server.log.segment.cache.size.max = 200MB (=209715200) (default)
2023-06-27 17:02:07,815 [db05cefc-d1d0-4a37-85d6-512a7e836214-groupManagement] INFO  server.RaftServerConfigKeys (ConfUtils.java:logGet(46)) - raft.server.log.appender.buffer.byte-limit = 33554432 (custom)
2023-06-27 17:02:07,815 [db05cefc-d1d0-4a37-85d6-512a7e836214-groupManagement] INFO  segmented.SegmentedRaftLogWorker (SegmentedRaftLogWorker.java:<init>(188)) - new db05cefc-d1d0-4a37-85d6-512a7e836214@group-3E88E0A6EE2F-SegmentedRaftLogWorker for RaftStorageImpl:Storage Directory /home/runner/work/ozone/ozone/hadoop-ozone/integration-test/target/test-dir/MiniOzoneClusterImpl-4d774b9f-68c7-4e3d-9dd4-f167b54dbd62/datanode-0/data/ratis/64ab8abf-997f-4247-b29f-3e88e0a6ee2f
2023-06-27 17:02:07,815 [db05cefc-d1d0-4a37-85d6-512a7e836214-groupManagement] INFO  server.RaftServerConfigKeys (ConfUtils.java:logGet(46)) - raft.server.log.queue.byte-limit = 4294967296 (custom)
2023-06-27 17:02:07,815 [db05cefc-d1d0-4a37-85d6-512a7e836214-groupManagement] INFO  server.RaftServerConfigKeys (ConfUtils.java:logGet(46)) - raft.server.log.queue.element-limit = 1024 (custom)
2023-06-27 17:02:07,815 [db05cefc-d1d0-4a37-85d6-512a7e836214-groupManagement] INFO  server.RaftServerConfigKeys (ConfUtils.java:logGet(46)) - raft.server.log.segment.size.max = 1048576 (custom)
2023-06-27 17:02:07,815 [db05cefc-d1d0-4a37-85d6-512a7e836214-groupManagement] INFO  server.RaftServerConfigKeys (ConfUtils.java:logGet(46)) - raft.server.log.preallocated.size = 16384 (custom)
2023-06-27 17:02:07,815 [db05cefc-d1d0-4a37-85d6-512a7e836214-groupManagement] INFO  server.RaftServerConfigKeys (ConfUtils.java:logGet(46)) - raft.server.log.force.sync.num = 128 (default)
2023-06-27 17:02:07,815 [db05cefc-d1d0-4a37-85d6-512a7e836214-groupManagement] INFO  server.RaftServerConfigKeys (ConfUtils.java:logGet(46)) - raft.server.log.statemachine.data.sync = true (default)
2023-06-27 17:02:07,815 [db05cefc-d1d0-4a37-85d6-512a7e836214-groupManagement] INFO  server.RaftServerConfigKeys (ConfUtils.java:logGet(46)) - raft.server.log.statemachine.data.sync.timeout = 10s (default)
2023-06-27 17:02:07,815 [db05cefc-d1d0-4a37-85d6-512a7e836214-groupManagement] INFO  server.RaftServerConfigKeys (ConfUtils.java:logGet(46)) - raft.server.log.statemachine.data.sync.timeout.retry = -1 (default)
2023-06-27 17:02:07,816 [db05cefc-d1d0-4a37-85d6-512a7e836214-groupManagement] INFO  server.RaftServerConfigKeys (ConfUtils.java:logGet(46)) - raft.server.log.write.buffer.size = 1048576 (custom)
2023-06-27 17:02:07,817 [db05cefc-d1d0-4a37-85d6-512a7e836214-groupManagement] INFO  server.RaftServerConfigKeys (ConfUtils.java:logGet(46)) - raft.server.log.appender.buffer.byte-limit = 33554432 (custom)
2023-06-27 17:02:07,822 [db05cefc-d1d0-4a37-85d6-512a7e836214-groupManagement] INFO  server.RaftServerConfigKeys (ConfUtils.java:logGet(46)) - raft.server.log.unsafe-flush.enabled = false (default)
2023-06-27 17:02:07,822 [db05cefc-d1d0-4a37-85d6-512a7e836214-groupManagement] INFO  server.RaftServerConfigKeys (ConfUtils.java:logGet(46)) - raft.server.log.async-flush.enabled = false (default)
2023-06-27 17:02:07,822 [db05cefc-d1d0-4a37-85d6-512a7e836214-groupManagement] INFO  server.RaftServerConfigKeys (ConfUtils.java:logGet(46)) - raft.server.log.statemachine.data.caching.enabled = true (custom)
2023-06-27 17:02:07,823 [db05cefc-d1d0-4a37-85d6-512a7e836214-groupManagement] INFO  segmented.SegmentedRaftLogWorker (SegmentedRaftLogWorker.java:lambda$new$0(135)) - db05cefc-d1d0-4a37-85d6-512a7e836214@group-3E88E0A6EE2F-SegmentedRaftLogWorker: flushIndex: setUnconditionally 0 -> -1
2023-06-27 17:02:07,823 [db05cefc-d1d0-4a37-85d6-512a7e836214-groupManagement] INFO  segmented.SegmentedRaftLogWorker (SegmentedRaftLogWorker.java:lambda$new$0(135)) - db05cefc-d1d0-4a37-85d6-512a7e836214@group-3E88E0A6EE2F-SegmentedRaftLogWorker: safeCacheEvictIndex: setUnconditionally 0 -> -1
2023-06-27 17:02:07,823 [db05cefc-d1d0-4a37-85d6-512a7e836214-groupManagement] INFO  server.RaftServer$Division (RaftServerImpl.java:start(342)) - db05cefc-d1d0-4a37-85d6-512a7e836214@group-3E88E0A6EE2F: start as a follower, conf=-1: peers:[e112e51e-5103-4e17-9bb8-79f4bd4a8423|rpc:10.1.72.1:15040|admin:10.1.72.1:15039|client:10.1.72.1:15038|dataStream:10.1.72.1:15041|priority:1|startupRole:FOLLOWER, db05cefc-d1d0-4a37-85d6-512a7e836214|rpc:10.1.72.1:15022|admin:10.1.72.1:15021|client:10.1.72.1:15020|dataStream:10.1.72.1:15023|priority:0|startupRole:FOLLOWER, 06134254-2103-4fb3-af28-769d7483b85f|rpc:10.1.72.1:15031|admin:10.1.72.1:15030|client:10.1.72.1:15029|dataStream:10.1.72.1:15032|priority:0|startupRole:FOLLOWER]|listeners:[], old=null
2023-06-27 17:02:07,823 [db05cefc-d1d0-4a37-85d6-512a7e836214-groupManagement] INFO  server.RaftServer$Division (RaftServerImpl.java:setRole(329)) - db05cefc-d1d0-4a37-85d6-512a7e836214@group-3E88E0A6EE2F: changes role from      null to FOLLOWER at term 0 for startAsFollower
2023-06-27 17:02:07,823 [db05cefc-d1d0-4a37-85d6-512a7e836214-groupManagement] INFO  impl.RoleInfo (RoleInfo.java:updateAndGet(139)) - db05cefc-d1d0-4a37-85d6-512a7e836214: start db05cefc-d1d0-4a37-85d6-512a7e836214@group-3E88E0A6EE2F-FollowerState
2023-06-27 17:02:07,826 [db05cefc-d1d0-4a37-85d6-512a7e836214@group-3E88E0A6EE2F-FollowerState] INFO  server.RaftServerConfigKeys (ConfUtils.java:logFallback(53)) - raft.server.rpc.first-election.timeout.min = 5s (fallback to raft.server.rpc.timeout.min)
2023-06-27 17:02:07,826 [db05cefc-d1d0-4a37-85d6-512a7e836214-groupManagement] INFO  util.JmxRegister (JmxRegister.java:tryRegister(44)) - Successfully registered JMX Bean with object name Ratis:service=RaftServer,group=group-3E88E0A6EE2F,id=db05cefc-d1d0-4a37-85d6-512a7e836214
2023-06-27 17:02:07,827 [db05cefc-d1d0-4a37-85d6-512a7e836214@group-3E88E0A6EE2F-FollowerState] INFO  server.RaftServerConfigKeys (ConfUtils.java:logFallback(53)) - raft.server.rpc.first-election.timeout.max = 5200ms (fallback to raft.server.rpc.timeout.max)
2023-06-27 17:02:07,827 [db05cefc-d1d0-4a37-85d6-512a7e836214-groupManagement] INFO  server.RaftServerConfigKeys (ConfUtils.java:logGet(46)) - raft.server.snapshot.auto.trigger.enabled = true (custom)
2023-06-27 17:02:07,827 [db05cefc-d1d0-4a37-85d6-512a7e836214-groupManagement] INFO  server.RaftServerConfigKeys (ConfUtils.java:logGet(46)) - raft.server.snapshot.auto.trigger.threshold = 10000 (custom)
2023-06-27 17:02:07,827 [db05cefc-d1d0-4a37-85d6-512a7e836214-groupManagement] INFO  server.RaftServerConfigKeys (ConfUtils.java:logGet(46)) - raft.server.snapshot.retention.file.num = 5 (custom)
2023-06-27 17:02:07,827 [db05cefc-d1d0-4a37-85d6-512a7e836214-groupManagement] INFO  server.RaftServerConfigKeys (ConfUtils.java:logGet(46)) - raft.server.log.purge.upto.snapshot.index = false (default)
2023-06-27 17:02:07,829 [PipelineCommandHandlerThread-0] INFO  ratis.XceiverServerRatis (XceiverServerRatis.java:addGroup(804)) - Created group PipelineID=64ab8abf-997f-4247-b29f-3e88e0a6ee2f
2023-06-27 17:02:07,841 [grpc-default-executor-0] INFO  server.RaftServer (RaftServerProxy.java:addNew(98)) - 06134254-2103-4fb3-af28-769d7483b85f: addNew group-3E88E0A6EE2F:[e112e51e-5103-4e17-9bb8-79f4bd4a8423|rpc:10.1.72.1:15040|admin:10.1.72.1:15039|client:10.1.72.1:15038|dataStream:10.1.72.1:15041|priority:1|startupRole:FOLLOWER, db05cefc-d1d0-4a37-85d6-512a7e836214|rpc:10.1.72.1:15022|admin:10.1.72.1:15021|client:10.1.72.1:15020|dataStream:10.1.72.1:15023|priority:0|startupRole:FOLLOWER, 06134254-2103-4fb3-af28-769d7483b85f|rpc:10.1.72.1:15031|admin:10.1.72.1:15030|client:10.1.72.1:15029|dataStream:10.1.72.1:15032|priority:0|startupRole:FOLLOWER] returns group-3E88E0A6EE2F:java.util.concurrent.CompletableFuture@4eb89852[Not completed]
2023-06-27 17:02:07,842 [06134254-2103-4fb3-af28-769d7483b85f-groupManagement] INFO  server.RaftServer$Division (RaftServerImpl.java:<init>(198)) - 06134254-2103-4fb3-af28-769d7483b85f: new RaftServerImpl for group-3E88E0A6EE2F:[e112e51e-5103-4e17-9bb8-79f4bd4a8423|rpc:10.1.72.1:15040|admin:10.1.72.1:15039|client:10.1.72.1:15038|dataStream:10.1.72.1:15041|priority:1|startupRole:FOLLOWER, db05cefc-d1d0-4a37-85d6-512a7e836214|rpc:10.1.72.1:15022|admin:10.1.72.1:15021|client:10.1.72.1:15020|dataStream:10.1.72.1:15023|priority:0|startupRole:FOLLOWER, 06134254-2103-4fb3-af28-769d7483b85f|rpc:10.1.72.1:15031|admin:10.1.72.1:15030|client:10.1.72.1:15029|dataStream:10.1.72.1:15032|priority:0|startupRole:FOLLOWER] with ContainerStateMachine:uninitialized
2023-06-27 17:02:07,842 [06134254-2103-4fb3-af28-769d7483b85f-groupManagement] INFO  server.RaftServerConfigKeys (ConfUtils.java:logGet(46)) - raft.server.rpc.timeout.min = 5s (custom)
2023-06-27 17:02:07,842 [06134254-2103-4fb3-af28-769d7483b85f-groupManagement] INFO  server.RaftServerConfigKeys (ConfUtils.java:logGet(46)) - raft.server.rpc.timeout.max = 5200ms (custom)
2023-06-27 17:02:07,843 [06134254-2103-4fb3-af28-769d7483b85f-groupManagement] INFO  server.RaftServerConfigKeys (ConfUtils.java:logGet(46)) - raft.server.rpc.sleep.time = 25ms (default)
2023-06-27 17:02:07,843 [06134254-2103-4fb3-af28-769d7483b85f-groupManagement] INFO  server.RaftServerConfigKeys (ConfUtils.java:logGet(46)) - raft.server.rpc.slowness.timeout = 300s (custom)
2023-06-27 17:02:07,843 [06134254-2103-4fb3-af28-769d7483b85f-groupManagement] INFO  server.RaftServerConfigKeys (ConfUtils.java:logGet(46)) - raft.server.leaderelection.leader.step-down.wait-time = 10s (default)
2023-06-27 17:02:07,843 [06134254-2103-4fb3-af28-769d7483b85f-groupManagement] INFO  server.RaftServerConfigKeys (ConfUtils.java:logGet(46)) - raft.server.sleep.deviation.threshold = 300ms (default)
2023-06-27 17:02:07,843 [06134254-2103-4fb3-af28-769d7483b85f-groupManagement] INFO  server.RaftServer$Division (ServerState.java:<init>(120)) - 06134254-2103-4fb3-af28-769d7483b85f@group-3E88E0A6EE2F: ConfigurationManager, init=-1: peers:[e112e51e-5103-4e17-9bb8-79f4bd4a8423|rpc:10.1.72.1:15040|admin:10.1.72.1:15039|client:10.1.72.1:15038|dataStream:10.1.72.1:15041|priority:1|startupRole:FOLLOWER, db05cefc-d1d0-4a37-85d6-512a7e836214|rpc:10.1.72.1:15022|admin:10.1.72.1:15021|client:10.1.72.1:15020|dataStream:10.1.72.1:15023|priority:0|startupRole:FOLLOWER, 06134254-2103-4fb3-af28-769d7483b85f|rpc:10.1.72.1:15031|admin:10.1.72.1:15030|client:10.1.72.1:15029|dataStream:10.1.72.1:15032|priority:0|startupRole:FOLLOWER]|listeners:[], old=null, confs=<EMPTY_MAP>
2023-06-27 17:02:07,843 [06134254-2103-4fb3-af28-769d7483b85f-groupManagement] INFO  server.RaftServerConfigKeys (ConfUtils.java:logGet(46)) - raft.server.storage.dir = [/home/runner/work/ozone/ozone/hadoop-ozone/integration-test/target/test-dir/MiniOzoneClusterImpl-4d774b9f-68c7-4e3d-9dd4-f167b54dbd62/datanode-1/data/ratis] (custom)
2023-06-27 17:02:07,843 [06134254-2103-4fb3-af28-769d7483b85f-groupManagement] INFO  server.RaftServerConfigKeys (ConfUtils.java:logGet(46)) - raft.server.log.corruption.policy = EXCEPTION (default)
2023-06-27 17:02:07,843 [06134254-2103-4fb3-af28-769d7483b85f-groupManagement] INFO  server.RaftServerConfigKeys (ConfUtils.java:logGet(46)) - raft.server.storage.free-space.min = 0MB (=0) (default)
2023-06-27 17:02:07,843 [06134254-2103-4fb3-af28-769d7483b85f-groupManagement] INFO  server.RaftServerConfigKeys (ConfUtils.java:logGet(46)) - raft.server.notification.no-leader.timeout = 300s (custom)
2023-06-27 17:02:07,843 [06134254-2103-4fb3-af28-769d7483b85f-groupManagement] INFO  server.RaftServerConfigKeys (ConfUtils.java:logGet(46)) - raft.server.read.timeout = 10s (default)
2023-06-27 17:02:07,843 [06134254-2103-4fb3-af28-769d7483b85f-groupManagement] INFO  server.RaftServerConfigKeys (ConfUtils.java:logGet(46)) - raft.server.retrycache.expirytime = 600000ms (custom)
2023-06-27 17:02:07,843 [06134254-2103-4fb3-af28-769d7483b85f-groupManagement] INFO  server.RaftServerConfigKeys (ConfUtils.java:logGet(46)) - raft.server.retrycache.statistics.expirytime = 100μs (default)
2023-06-27 17:02:07,843 [06134254-2103-4fb3-af28-769d7483b85f-groupManagement] INFO  server.RaftServerConfigKeys (ConfUtils.java:logGet(46)) - raft.server.read.option = DEFAULT (default)
2023-06-27 17:02:07,844 [06134254-2103-4fb3-af28-769d7483b85f-groupManagement] INFO  server.RaftServerConfigKeys (ConfUtils.java:logGet(46)) - raft.server.rpc.request.timeout = 60s (custom)
2023-06-27 17:02:07,844 [06134254-2103-4fb3-af28-769d7483b85f-groupManagement] INFO  server.RaftServerConfigKeys (ConfUtils.java:logGet(46)) - raft.server.log.appender.install.snapshot.enabled = false (custom)
2023-06-27 17:02:07,844 [06134254-2103-4fb3-af28-769d7483b85f-groupManagement] INFO  server.RaftServerConfigKeys (ConfUtils.java:logGet(46)) - raft.server.threadpool.server.cached = true (default)
2023-06-27 17:02:07,844 [06134254-2103-4fb3-af28-769d7483b85f-groupManagement] INFO  server.RaftServerConfigKeys (ConfUtils.java:logGet(46)) - raft.server.threadpool.server.size = 0 (default)
2023-06-27 17:02:07,845 [06134254-2103-4fb3-af28-769d7483b85f-groupManagement] INFO  server.RaftServerConfigKeys (ConfUtils.java:logGet(46)) - raft.server.threadpool.client.cached = true (default)
2023-06-27 17:02:07,845 [06134254-2103-4fb3-af28-769d7483b85f-groupManagement] INFO  server.RaftServerConfigKeys (ConfUtils.java:logGet(46)) - raft.server.threadpool.client.size = 0 (default)
2023-06-27 17:02:07,845 [06134254-2103-4fb3-af28-769d7483b85f-groupManagement] INFO  storage.RaftStorageDirectory (RaftStorageDirectoryImpl.java:analyzeStorage(137)) - The storage directory /home/runner/work/ozone/ozone/hadoop-ozone/integration-test/target/test-dir/MiniOzoneClusterImpl-4d774b9f-68c7-4e3d-9dd4-f167b54dbd62/datanode-1/data/ratis/64ab8abf-997f-4247-b29f-3e88e0a6ee2f does not exist. Creating ...
2023-06-27 17:02:07,846 [06134254-2103-4fb3-af28-769d7483b85f-groupManagement] INFO  storage.RaftStorageDirectory (RaftStorageDirectoryImpl.java:tryLock(231)) - Lock on /home/runner/work/ozone/ozone/hadoop-ozone/integration-test/target/test-dir/MiniOzoneClusterImpl-4d774b9f-68c7-4e3d-9dd4-f167b54dbd62/datanode-1/data/ratis/64ab8abf-997f-4247-b29f-3e88e0a6ee2f/in_use.lock acquired by nodename 52987@fv-az748-341
2023-06-27 17:02:07,848 [06134254-2103-4fb3-af28-769d7483b85f-groupManagement] INFO  storage.RaftStorage (RaftStorageImpl.java:format(96)) - Storage directory /home/runner/work/ozone/ozone/hadoop-ozone/integration-test/target/test-dir/MiniOzoneClusterImpl-4d774b9f-68c7-4e3d-9dd4-f167b54dbd62/datanode-1/data/ratis/64ab8abf-997f-4247-b29f-3e88e0a6ee2f has been successfully formatted.
2023-06-27 17:02:07,848 [06134254-2103-4fb3-af28-769d7483b85f-groupManagement] INFO  ratis.ContainerStateMachine (ContainerStateMachine.java:loadSnapshot(262)) - group-3E88E0A6EE2F: The snapshot info is null. Setting the last applied indexto:(t:0, i:~)
2023-06-27 17:02:07,848 [PipelineCommandHandlerThread-0] INFO  server.RaftServer (RaftServerProxy.java:addNew(98)) - 06134254-2103-4fb3-af28-769d7483b85f: addNew group-A5BBE74B45C4:[06134254-2103-4fb3-af28-769d7483b85f|rpc:10.1.72.1:15031|admin:10.1.72.1:15030|client:10.1.72.1:15029|dataStream:10.1.72.1:15032|priority:1|startupRole:FOLLOWER] returns group-A5BBE74B45C4:java.util.concurrent.CompletableFuture@3796f57c[Not completed]
2023-06-27 17:02:07,848 [06134254-2103-4fb3-af28-769d7483b85f-groupManagement] INFO  server.RaftServerConfigKeys (ConfUtils.java:logGet(46)) - raft.server.log.use.memory = false (default)
2023-06-27 17:02:07,849 [06134254-2103-4fb3-af28-769d7483b85f-groupManagement] INFO  server.RaftServerConfigKeys (ConfUtils.java:logGet(46)) - raft.server.log.purge.gap = 1000000 (custom)
2023-06-27 17:02:07,849 [06134254-2103-4fb3-af28-769d7483b85f-groupManagement] INFO  server.RaftServerConfigKeys (ConfUtils.java:logGet(46)) - raft.server.log.appender.buffer.byte-limit = 33554432 (custom)
2023-06-27 17:02:07,849 [06134254-2103-4fb3-af28-769d7483b85f-groupManagement] INFO  server.RaftServerConfigKeys (ConfUtils.java:logGet(46)) - raft.server.log.statemachine.data.read.timeout = 1000ms (default)
2023-06-27 17:02:07,850 [06134254-2103-4fb3-af28-769d7483b85f-groupManagement] INFO  server.RaftServerConfigKeys (ConfUtils.java:logGet(46)) - raft.server.log.purge.preservation.log.num = 0 (default)
2023-06-27 17:02:07,850 [06134254-2103-4fb3-af28-769d7483b85f-groupManagement] INFO  server.RaftServerConfigKeys (ConfUtils.java:logGet(46)) - raft.server.log.segment.size.max = 1048576 (custom)
2023-06-27 17:02:07,853 [06134254-2103-4fb3-af28-769d7483b85f-groupManagement] INFO  server.RaftServerConfigKeys (ConfUtils.java:logGet(46)) - raft.server.log.segment.cache.num.max = 2 (custom)
2023-06-27 17:02:07,853 [06134254-2103-4fb3-af28-769d7483b85f-groupManagement] INFO  server.RaftServerConfigKeys (ConfUtils.java:logGet(46)) - raft.server.log.segment.cache.size.max = 200MB (=209715200) (default)
2023-06-27 17:02:07,853 [06134254-2103-4fb3-af28-769d7483b85f-groupManagement] INFO  server.RaftServerConfigKeys (ConfUtils.java:logGet(46)) - raft.server.log.appender.buffer.byte-limit = 33554432 (custom)
2023-06-27 17:02:07,853 [06134254-2103-4fb3-af28-769d7483b85f-groupManagement] INFO  segmented.SegmentedRaftLogWorker (SegmentedRaftLogWorker.java:<init>(188)) - new 06134254-2103-4fb3-af28-769d7483b85f@group-3E88E0A6EE2F-SegmentedRaftLogWorker for RaftStorageImpl:Storage Directory /home/runner/work/ozone/ozone/hadoop-ozone/integration-test/target/test-dir/MiniOzoneClusterImpl-4d774b9f-68c7-4e3d-9dd4-f167b54dbd62/datanode-1/data/ratis/64ab8abf-997f-4247-b29f-3e88e0a6ee2f
2023-06-27 17:02:07,853 [06134254-2103-4fb3-af28-769d7483b85f-groupManagement] INFO  server.RaftServerConfigKeys (ConfUtils.java:logGet(46)) - raft.server.log.queue.byte-limit = 4294967296 (custom)
2023-06-27 17:02:07,854 [06134254-2103-4fb3-af28-769d7483b85f-groupManagement] INFO  server.RaftServerConfigKeys (ConfUtils.java:logGet(46)) - raft.server.log.queue.element-limit = 1024 (custom)
2023-06-27 17:02:07,854 [06134254-2103-4fb3-af28-769d7483b85f-groupManagement] INFO  server.RaftServerConfigKeys (ConfUtils.java:logGet(46)) - raft.server.log.segment.size.max = 1048576 (custom)
2023-06-27 17:02:07,854 [06134254-2103-4fb3-af28-769d7483b85f-groupManagement] INFO  server.RaftServerConfigKeys (ConfUtils.java:logGet(46)) - raft.server.log.preallocated.size = 16384 (custom)
2023-06-27 17:02:07,854 [06134254-2103-4fb3-af28-769d7483b85f-groupManagement] INFO  server.RaftServerConfigKeys (ConfUtils.java:logGet(46)) - raft.server.log.force.sync.num = 128 (default)
2023-06-27 17:02:07,854 [06134254-2103-4fb3-af28-769d7483b85f-groupManagement] INFO  server.RaftServerConfigKeys (ConfUtils.java:logGet(46)) - raft.server.log.statemachine.data.sync = true (default)
2023-06-27 17:02:07,854 [06134254-2103-4fb3-af28-769d7483b85f-groupManagement] INFO  server.RaftServerConfigKeys (ConfUtils.java:logGet(46)) - raft.server.log.statemachine.data.sync.timeout = 10s (default)
2023-06-27 17:02:07,854 [06134254-2103-4fb3-af28-769d7483b85f-groupManagement] INFO  server.RaftServerConfigKeys (ConfUtils.java:logGet(46)) - raft.server.log.statemachine.data.sync.timeout.retry = -1 (default)
2023-06-27 17:02:07,855 [06134254-2103-4fb3-af28-769d7483b85f-groupManagement] INFO  server.RaftServerConfigKeys (ConfUtils.java:logGet(46)) - raft.server.log.write.buffer.size = 1048576 (custom)
2023-06-27 17:02:07,855 [06134254-2103-4fb3-af28-769d7483b85f-groupManagement] INFO  server.RaftServerConfigKeys (ConfUtils.java:logGet(46)) - raft.server.log.appender.buffer.byte-limit = 33554432 (custom)
2023-06-27 17:02:07,860 [06134254-2103-4fb3-af28-769d7483b85f-groupManagement] INFO  server.RaftServerConfigKeys (ConfUtils.java:logGet(46)) - raft.server.log.unsafe-flush.enabled = false (default)
2023-06-27 17:02:07,860 [06134254-2103-4fb3-af28-769d7483b85f-groupManagement] INFO  server.RaftServerConfigKeys (ConfUtils.java:logGet(46)) - raft.server.log.async-flush.enabled = false (default)
2023-06-27 17:02:07,860 [06134254-2103-4fb3-af28-769d7483b85f-groupManagement] INFO  server.RaftServerConfigKeys (ConfUtils.java:logGet(46)) - raft.server.log.statemachine.data.caching.enabled = true (custom)
2023-06-27 17:02:07,860 [06134254-2103-4fb3-af28-769d7483b85f-groupManagement] INFO  segmented.SegmentedRaftLogWorker (SegmentedRaftLogWorker.java:lambda$new$0(135)) - 06134254-2103-4fb3-af28-769d7483b85f@group-3E88E0A6EE2F-SegmentedRaftLogWorker: flushIndex: setUnconditionally 0 -> -1
2023-06-27 17:02:07,861 [06134254-2103-4fb3-af28-769d7483b85f-groupManagement] INFO  segmented.SegmentedRaftLogWorker (SegmentedRaftLogWorker.java:lambda$new$0(135)) - 06134254-2103-4fb3-af28-769d7483b85f@group-3E88E0A6EE2F-SegmentedRaftLogWorker: safeCacheEvictIndex: setUnconditionally 0 -> -1
2023-06-27 17:02:07,861 [06134254-2103-4fb3-af28-769d7483b85f-groupManagement] INFO  server.RaftServer$Division (RaftServerImpl.java:start(342)) - 06134254-2103-4fb3-af28-769d7483b85f@group-3E88E0A6EE2F: start as a follower, conf=-1: peers:[e112e51e-5103-4e17-9bb8-79f4bd4a8423|rpc:10.1.72.1:15040|admin:10.1.72.1:15039|client:10.1.72.1:15038|dataStream:10.1.72.1:15041|priority:1|startupRole:FOLLOWER, db05cefc-d1d0-4a37-85d6-512a7e836214|rpc:10.1.72.1:15022|admin:10.1.72.1:15021|client:10.1.72.1:15020|dataStream:10.1.72.1:15023|priority:0|startupRole:FOLLOWER, 06134254-2103-4fb3-af28-769d7483b85f|rpc:10.1.72.1:15031|admin:10.1.72.1:15030|client:10.1.72.1:15029|dataStream:10.1.72.1:15032|priority:0|startupRole:FOLLOWER]|listeners:[], old=null
2023-06-27 17:02:07,861 [06134254-2103-4fb3-af28-769d7483b85f-groupManagement] INFO  server.RaftServer$Division (RaftServerImpl.java:setRole(329)) - 06134254-2103-4fb3-af28-769d7483b85f@group-3E88E0A6EE2F: changes role from      null to FOLLOWER at term 0 for startAsFollower
2023-06-27 17:02:07,861 [06134254-2103-4fb3-af28-769d7483b85f-groupManagement] INFO  impl.RoleInfo (RoleInfo.java:updateAndGet(139)) - 06134254-2103-4fb3-af28-769d7483b85f: start 06134254-2103-4fb3-af28-769d7483b85f@group-3E88E0A6EE2F-FollowerState
2023-06-27 17:02:07,861 [06134254-2103-4fb3-af28-769d7483b85f-groupManagement] INFO  util.JmxRegister (JmxRegister.java:tryRegister(44)) - Successfully registered JMX Bean with object name Ratis:service=RaftServer,group=group-3E88E0A6EE2F,id=06134254-2103-4fb3-af28-769d7483b85f
2023-06-27 17:02:07,861 [06134254-2103-4fb3-af28-769d7483b85f-groupManagement] INFO  server.RaftServerConfigKeys (ConfUtils.java:logGet(46)) - raft.server.snapshot.auto.trigger.enabled = true (custom)
2023-06-27 17:02:07,861 [06134254-2103-4fb3-af28-769d7483b85f-groupManagement] INFO  server.RaftServerConfigKeys (ConfUtils.java:logGet(46)) - raft.server.snapshot.auto.trigger.threshold = 10000 (custom)
2023-06-27 17:02:07,862 [06134254-2103-4fb3-af28-769d7483b85f-groupManagement] INFO  server.RaftServerConfigKeys (ConfUtils.java:logGet(46)) - raft.server.snapshot.retention.file.num = 5 (custom)
2023-06-27 17:02:07,862 [06134254-2103-4fb3-af28-769d7483b85f-groupManagement] INFO  server.RaftServerConfigKeys (ConfUtils.java:logGet(46)) - raft.server.log.purge.upto.snapshot.index = false (default)
2023-06-27 17:02:07,863 [06134254-2103-4fb3-af28-769d7483b85f@group-3E88E0A6EE2F-FollowerState] INFO  server.RaftServerConfigKeys (ConfUtils.java:logFallback(53)) - raft.server.rpc.first-election.timeout.min = 5s (fallback to raft.server.rpc.timeout.min)
2023-06-27 17:02:07,864 [06134254-2103-4fb3-af28-769d7483b85f@group-3E88E0A6EE2F-FollowerState] INFO  server.RaftServerConfigKeys (ConfUtils.java:logFallback(53)) - raft.server.rpc.first-election.timeout.max = 5200ms (fallback to raft.server.rpc.timeout.max)
2023-06-27 17:02:07,866 [06134254-2103-4fb3-af28-769d7483b85f-groupManagement] INFO  server.RaftServer$Division (RaftServerImpl.java:<init>(198)) - 06134254-2103-4fb3-af28-769d7483b85f: new RaftServerImpl for group-A5BBE74B45C4:[06134254-2103-4fb3-af28-769d7483b85f|rpc:10.1.72.1:15031|admin:10.1.72.1:15030|client:10.1.72.1:15029|dataStream:10.1.72.1:15032|priority:1|startupRole:FOLLOWER] with ContainerStateMachine:uninitialized
2023-06-27 17:02:07,866 [06134254-2103-4fb3-af28-769d7483b85f-groupManagement] INFO  server.RaftServerConfigKeys (ConfUtils.java:logGet(46)) - raft.server.rpc.timeout.min = 5s (custom)
2023-06-27 17:02:07,867 [06134254-2103-4fb3-af28-769d7483b85f-groupManagement] INFO  server.RaftServerConfigKeys (ConfUtils.java:logGet(46)) - raft.server.rpc.timeout.max = 5200ms (custom)
2023-06-27 17:02:07,867 [06134254-2103-4fb3-af28-769d7483b85f-groupManagement] INFO  server.RaftServerConfigKeys (ConfUtils.java:logGet(46)) - raft.server.rpc.sleep.time = 25ms (default)
2023-06-27 17:02:07,867 [06134254-2103-4fb3-af28-769d7483b85f-groupManagement] INFO  server.RaftServerConfigKeys (ConfUtils.java:logGet(46)) - raft.server.rpc.slowness.timeout = 300s (custom)
2023-06-27 17:02:07,867 [06134254-2103-4fb3-af28-769d7483b85f-groupManagement] INFO  server.RaftServerConfigKeys (ConfUtils.java:logGet(46)) - raft.server.leaderelection.leader.step-down.wait-time = 10s (default)
2023-06-27 17:02:07,867 [06134254-2103-4fb3-af28-769d7483b85f-groupManagement] INFO  server.RaftServerConfigKeys (ConfUtils.java:logGet(46)) - raft.server.sleep.deviation.threshold = 300ms (default)
2023-06-27 17:02:07,868 [06134254-2103-4fb3-af28-769d7483b85f-groupManagement] INFO  server.RaftServer$Division (ServerState.java:<init>(120)) - 06134254-2103-4fb3-af28-769d7483b85f@group-A5BBE74B45C4: ConfigurationManager, init=-1: peers:[06134254-2103-4fb3-af28-769d7483b85f|rpc:10.1.72.1:15031|admin:10.1.72.1:15030|client:10.1.72.1:15029|dataStream:10.1.72.1:15032|priority:1|startupRole:FOLLOWER]|listeners:[], old=null, confs=<EMPTY_MAP>
2023-06-27 17:02:07,868 [06134254-2103-4fb3-af28-769d7483b85f-groupManagement] INFO  server.RaftServerConfigKeys (ConfUtils.java:logGet(46)) - raft.server.storage.dir = [/home/runner/work/ozone/ozone/hadoop-ozone/integration-test/target/test-dir/MiniOzoneClusterImpl-4d774b9f-68c7-4e3d-9dd4-f167b54dbd62/datanode-1/data/ratis] (custom)
2023-06-27 17:02:07,868 [06134254-2103-4fb3-af28-769d7483b85f-groupManagement] INFO  server.RaftServerConfigKeys (ConfUtils.java:logGet(46)) - raft.server.log.corruption.policy = EXCEPTION (default)
2023-06-27 17:02:07,868 [06134254-2103-4fb3-af28-769d7483b85f-groupManagement] INFO  server.RaftServerConfigKeys (ConfUtils.java:logGet(46)) - raft.server.storage.free-space.min = 0MB (=0) (default)
2023-06-27 17:02:07,868 [06134254-2103-4fb3-af28-769d7483b85f-groupManagement] INFO  server.RaftServerConfigKeys (ConfUtils.java:logGet(46)) - raft.server.notification.no-leader.timeout = 300s (custom)
2023-06-27 17:02:07,868 [06134254-2103-4fb3-af28-769d7483b85f-groupManagement] INFO  server.RaftServerConfigKeys (ConfUtils.java:logGet(46)) - raft.server.read.timeout = 10s (default)
2023-06-27 17:02:07,868 [06134254-2103-4fb3-af28-769d7483b85f-groupManagement] INFO  server.RaftServerConfigKeys (ConfUtils.java:logGet(46)) - raft.server.retrycache.expirytime = 600000ms (custom)
2023-06-27 17:02:07,868 [06134254-2103-4fb3-af28-769d7483b85f-groupManagement] INFO  server.RaftServerConfigKeys (ConfUtils.java:logGet(46)) - raft.server.retrycache.statistics.expirytime = 100μs (default)
2023-06-27 17:02:07,868 [06134254-2103-4fb3-af28-769d7483b85f-groupManagement] INFO  server.RaftServerConfigKeys (ConfUtils.java:logGet(46)) - raft.server.read.option = DEFAULT (default)
2023-06-27 17:02:07,878 [06134254-2103-4fb3-af28-769d7483b85f-groupManagement] INFO  server.RaftServerConfigKeys (ConfUtils.java:logGet(46)) - raft.server.rpc.request.timeout = 60s (custom)
2023-06-27 17:02:07,878 [06134254-2103-4fb3-af28-769d7483b85f-groupManagement] INFO  server.RaftServerConfigKeys (ConfUtils.java:logGet(46)) - raft.server.log.appender.install.snapshot.enabled = false (custom)
2023-06-27 17:02:07,878 [06134254-2103-4fb3-af28-769d7483b85f-groupManagement] INFO  server.RaftServerConfigKeys (ConfUtils.java:logGet(46)) - raft.server.threadpool.server.cached = true (default)
2023-06-27 17:02:07,879 [06134254-2103-4fb3-af28-769d7483b85f-groupManagement] INFO  server.RaftServerConfigKeys (ConfUtils.java:logGet(46)) - raft.server.threadpool.server.size = 0 (default)
2023-06-27 17:02:07,879 [06134254-2103-4fb3-af28-769d7483b85f-groupManagement] INFO  server.RaftServerConfigKeys (ConfUtils.java:logGet(46)) - raft.server.threadpool.client.cached = true (default)
2023-06-27 17:02:07,879 [06134254-2103-4fb3-af28-769d7483b85f-groupManagement] INFO  server.RaftServerConfigKeys (ConfUtils.java:logGet(46)) - raft.server.threadpool.client.size = 0 (default)
2023-06-27 17:02:07,879 [06134254-2103-4fb3-af28-769d7483b85f-groupManagement] INFO  storage.RaftStorageDirectory (RaftStorageDirectoryImpl.java:analyzeStorage(137)) - The storage directory /home/runner/work/ozone/ozone/hadoop-ozone/integration-test/target/test-dir/MiniOzoneClusterImpl-4d774b9f-68c7-4e3d-9dd4-f167b54dbd62/datanode-1/data/ratis/d0346edf-3953-4a7a-9d16-a5bbe74b45c4 does not exist. Creating ...
2023-06-27 17:02:07,880 [06134254-2103-4fb3-af28-769d7483b85f-groupManagement] INFO  storage.RaftStorageDirectory (RaftStorageDirectoryImpl.java:tryLock(231)) - Lock on /home/runner/work/ozone/ozone/hadoop-ozone/integration-test/target/test-dir/MiniOzoneClusterImpl-4d774b9f-68c7-4e3d-9dd4-f167b54dbd62/datanode-1/data/ratis/d0346edf-3953-4a7a-9d16-a5bbe74b45c4/in_use.lock acquired by nodename 52987@fv-az748-341
2023-06-27 17:02:07,882 [06134254-2103-4fb3-af28-769d7483b85f-groupManagement] INFO  storage.RaftStorage (RaftStorageImpl.java:format(96)) - Storage directory /home/runner/work/ozone/ozone/hadoop-ozone/integration-test/target/test-dir/MiniOzoneClusterImpl-4d774b9f-68c7-4e3d-9dd4-f167b54dbd62/datanode-1/data/ratis/d0346edf-3953-4a7a-9d16-a5bbe74b45c4 has been successfully formatted.
2023-06-27 17:02:07,882 [06134254-2103-4fb3-af28-769d7483b85f-groupManagement] INFO  ratis.ContainerStateMachine (ContainerStateMachine.java:loadSnapshot(262)) - group-A5BBE74B45C4: The snapshot info is null. Setting the last applied indexto:(t:0, i:~)
2023-06-27 17:02:07,882 [06134254-2103-4fb3-af28-769d7483b85f-groupManagement] INFO  server.RaftServerConfigKeys (ConfUtils.java:logGet(46)) - raft.server.log.use.memory = false (default)
2023-06-27 17:02:07,882 [06134254-2103-4fb3-af28-769d7483b85f-groupManagement] INFO  server.RaftServerConfigKeys (ConfUtils.java:logGet(46)) - raft.server.log.purge.gap = 1000000 (custom)
2023-06-27 17:02:07,882 [06134254-2103-4fb3-af28-769d7483b85f-groupManagement] INFO  server.RaftServerConfigKeys (ConfUtils.java:logGet(46)) - raft.server.log.appender.buffer.byte-limit = 33554432 (custom)
2023-06-27 17:02:07,882 [06134254-2103-4fb3-af28-769d7483b85f-groupManagement] INFO  server.RaftServerConfigKeys (ConfUtils.java:logGet(46)) - raft.server.log.statemachine.data.read.timeout = 1000ms (default)
2023-06-27 17:02:07,883 [06134254-2103-4fb3-af28-769d7483b85f-groupManagement] INFO  server.RaftServerConfigKeys (ConfUtils.java:logGet(46)) - raft.server.log.purge.preservation.log.num = 0 (default)
2023-06-27 17:02:07,883 [06134254-2103-4fb3-af28-769d7483b85f-groupManagement] INFO  server.RaftServerConfigKeys (ConfUtils.java:logGet(46)) - raft.server.log.segment.size.max = 1048576 (custom)
2023-06-27 17:02:07,883 [06134254-2103-4fb3-af28-769d7483b85f-groupManagement] INFO  server.RaftServerConfigKeys (ConfUtils.java:logGet(46)) - raft.server.log.segment.cache.num.max = 2 (custom)
2023-06-27 17:02:07,883 [06134254-2103-4fb3-af28-769d7483b85f-groupManagement] INFO  server.RaftServerConfigKeys (ConfUtils.java:logGet(46)) - raft.server.log.segment.cache.size.max = 200MB (=209715200) (default)
2023-06-27 17:02:07,883 [06134254-2103-4fb3-af28-769d7483b85f-groupManagement] INFO  server.RaftServerConfigKeys (ConfUtils.java:logGet(46)) - raft.server.log.appender.buffer.byte-limit = 33554432 (custom)
2023-06-27 17:02:07,883 [06134254-2103-4fb3-af28-769d7483b85f-groupManagement] INFO  segmented.SegmentedRaftLogWorker (SegmentedRaftLogWorker.java:<init>(188)) - new 06134254-2103-4fb3-af28-769d7483b85f@group-A5BBE74B45C4-SegmentedRaftLogWorker for RaftStorageImpl:Storage Directory /home/runner/work/ozone/ozone/hadoop-ozone/integration-test/target/test-dir/MiniOzoneClusterImpl-4d774b9f-68c7-4e3d-9dd4-f167b54dbd62/datanode-1/data/ratis/d0346edf-3953-4a7a-9d16-a5bbe74b45c4
2023-06-27 17:02:07,883 [06134254-2103-4fb3-af28-769d7483b85f-groupManagement] INFO  server.RaftServerConfigKeys (ConfUtils.java:logGet(46)) - raft.server.log.queue.byte-limit = 4294967296 (custom)
2023-06-27 17:02:07,883 [06134254-2103-4fb3-af28-769d7483b85f-groupManagement] INFO  server.RaftServerConfigKeys (ConfUtils.java:logGet(46)) - raft.server.log.queue.element-limit = 1024 (custom)
2023-06-27 17:02:07,883 [06134254-2103-4fb3-af28-769d7483b85f-groupManagement] INFO  server.RaftServerConfigKeys (ConfUtils.java:logGet(46)) - raft.server.log.segment.size.max = 1048576 (custom)
2023-06-27 17:02:07,883 [06134254-2103-4fb3-af28-769d7483b85f-groupManagement] INFO  server.RaftServerConfigKeys (ConfUtils.java:logGet(46)) - raft.server.log.preallocated.size = 16384 (custom)
2023-06-27 17:02:07,883 [06134254-2103-4fb3-af28-769d7483b85f-groupManagement] INFO  server.RaftServerConfigKeys (ConfUtils.java:logGet(46)) - raft.server.log.force.sync.num = 128 (default)
2023-06-27 17:02:07,883 [06134254-2103-4fb3-af28-769d7483b85f-groupManagement] INFO  server.RaftServerConfigKeys (ConfUtils.java:logGet(46)) - raft.server.log.statemachine.data.sync = true (default)
2023-06-27 17:02:07,884 [06134254-2103-4fb3-af28-769d7483b85f-groupManagement] INFO  server.RaftServerConfigKeys (ConfUtils.java:logGet(46)) - raft.server.log.statemachine.data.sync.timeout = 10s (default)
2023-06-27 17:02:07,884 [06134254-2103-4fb3-af28-769d7483b85f-groupManagement] INFO  server.RaftServerConfigKeys (ConfUtils.java:logGet(46)) - raft.server.log.statemachine.data.sync.timeout.retry = -1 (default)
2023-06-27 17:02:07,884 [06134254-2103-4fb3-af28-769d7483b85f-groupManagement] INFO  server.RaftServerConfigKeys (ConfUtils.java:logGet(46)) - raft.server.log.write.buffer.size = 1048576 (custom)
2023-06-27 17:02:07,886 [06134254-2103-4fb3-af28-769d7483b85f-groupManagement] INFO  server.RaftServerConfigKeys (ConfUtils.java:logGet(46)) - raft.server.log.appender.buffer.byte-limit = 33554432 (custom)
2023-06-27 17:02:07,888 [EventQueue-PipelineReportForPipelineReportHandler] INFO  pipeline.PipelineManagerImpl (PipelineManagerImpl.java:openPipeline(443)) - Pipeline Pipeline[ Id: d0346edf-3953-4a7a-9d16-a5bbe74b45c4, Nodes: 06134254-2103-4fb3-af28-769d7483b85f(fv-az748-341/10.1.72.1), ReplicationConfig: RATIS/ONE, State:ALLOCATED, leaderId:06134254-2103-4fb3-af28-769d7483b85f, CreationTimestamp2023-06-27T17:02:04.850Z[Etc/UTC]] moved to OPEN state
2023-06-27 17:02:07,888 [EventQueue-OpenPipelineForHealthyPipelineSafeModeRule] INFO  safemode.SCMSafeModeManager (HealthyPipelineSafeModeRule.java:process(137)) - SCM in safe mode. Healthy pipelines reported count is 0, required healthy pipeline reported count is 1
2023-06-27 17:02:08,136 [JvmPauseMonitor5] WARN  util.JvmPauseMonitor (JvmPauseMonitor.java:detectPause(124)) - JvmPauseMonitor-06134254-2103-4fb3-af28-769d7483b85f: Detected pause in JVM or host machine approximately 0.218s with 0.226s GC time.
GC pool 'PS MarkSweep' had collection(s): count=1 time=159ms
GC pool 'PS Scavenge' had collection(s): count=1 time=67ms
2023-06-27 17:02:08,137 [06134254-2103-4fb3-af28-769d7483b85f-groupManagement] INFO  server.RaftServerConfigKeys (ConfUtils.java:logGet(46)) - raft.server.log.unsafe-flush.enabled = false (default)
2023-06-27 17:02:08,138 [06134254-2103-4fb3-af28-769d7483b85f-groupManagement] INFO  server.RaftServerConfigKeys (ConfUtils.java:logGet(46)) - raft.server.log.async-flush.enabled = false (default)
2023-06-27 17:02:08,145 [06134254-2103-4fb3-af28-769d7483b85f-groupManagement] INFO  server.RaftServerConfigKeys (ConfUtils.java:logGet(46)) - raft.server.log.statemachine.data.caching.enabled = true (custom)
2023-06-27 17:02:08,146 [06134254-2103-4fb3-af28-769d7483b85f-groupManagement] INFO  segmented.SegmentedRaftLogWorker (SegmentedRaftLogWorker.java:lambda$new$0(135)) - 06134254-2103-4fb3-af28-769d7483b85f@group-A5BBE74B45C4-SegmentedRaftLogWorker: flushIndex: setUnconditionally 0 -> -1
2023-06-27 17:02:08,146 [06134254-2103-4fb3-af28-769d7483b85f-groupManagement] INFO  segmented.SegmentedRaftLogWorker (SegmentedRaftLogWorker.java:lambda$new$0(135)) - 06134254-2103-4fb3-af28-769d7483b85f@group-A5BBE74B45C4-SegmentedRaftLogWorker: safeCacheEvictIndex: setUnconditionally 0 -> -1
2023-06-27 17:02:08,146 [06134254-2103-4fb3-af28-769d7483b85f-groupManagement] INFO  server.RaftServer$Division (RaftServerImpl.java:start(342)) - 06134254-2103-4fb3-af28-769d7483b85f@group-A5BBE74B45C4: start as a follower, conf=-1: peers:[06134254-2103-4fb3-af28-769d7483b85f|rpc:10.1.72.1:15031|admin:10.1.72.1:15030|client:10.1.72.1:15029|dataStream:10.1.72.1:15032|priority:1|startupRole:FOLLOWER]|listeners:[], old=null
2023-06-27 17:02:08,146 [06134254-2103-4fb3-af28-769d7483b85f-groupManagement] INFO  server.RaftServer$Division (RaftServerImpl.java:setRole(329)) - 06134254-2103-4fb3-af28-769d7483b85f@group-A5BBE74B45C4: changes role from      null to FOLLOWER at term 0 for startAsFollower
2023-06-27 17:02:08,146 [06134254-2103-4fb3-af28-769d7483b85f-groupManagement] INFO  impl.RoleInfo (RoleInfo.java:updateAndGet(139)) - 06134254-2103-4fb3-af28-769d7483b85f: start 06134254-2103-4fb3-af28-769d7483b85f@group-A5BBE74B45C4-FollowerState
2023-06-27 17:02:08,147 [06134254-2103-4fb3-af28-769d7483b85f-groupManagement] INFO  util.JmxRegister (JmxRegister.java:tryRegister(44)) - Successfully registered JMX Bean with object name Ratis:service=RaftServer,group=group-A5BBE74B45C4,id=06134254-2103-4fb3-af28-769d7483b85f
2023-06-27 17:02:08,148 [06134254-2103-4fb3-af28-769d7483b85f-groupManagement] INFO  server.RaftServerConfigKeys (ConfUtils.java:logGet(46)) - raft.server.snapshot.auto.trigger.enabled = true (custom)
2023-06-27 17:02:08,148 [06134254-2103-4fb3-af28-769d7483b85f-groupManagement] INFO  server.RaftServerConfigKeys (ConfUtils.java:logGet(46)) - raft.server.snapshot.auto.trigger.threshold = 10000 (custom)
2023-06-27 17:02:08,148 [06134254-2103-4fb3-af28-769d7483b85f-groupManagement] INFO  server.RaftServerConfigKeys (ConfUtils.java:logGet(46)) - raft.server.snapshot.retention.file.num = 5 (custom)
2023-06-27 17:02:08,148 [06134254-2103-4fb3-af28-769d7483b85f-groupManagement] INFO  server.RaftServerConfigKeys (ConfUtils.java:logGet(46)) - raft.server.log.purge.upto.snapshot.index = false (default)
2023-06-27 17:02:08,148 [06134254-2103-4fb3-af28-769d7483b85f@group-A5BBE74B45C4-FollowerState] INFO  server.RaftServerConfigKeys (ConfUtils.java:logFallback(53)) - raft.server.rpc.first-election.timeout.min = 5s (fallback to raft.server.rpc.timeout.min)
2023-06-27 17:02:08,148 [PipelineCommandHandlerThread-0] INFO  ratis.XceiverServerRatis (XceiverServerRatis.java:addGroup(804)) - Created group PipelineID=d0346edf-3953-4a7a-9d16-a5bbe74b45c4
2023-06-27 17:02:08,149 [PipelineCommandHandlerThread-0] INFO  commandhandler.CreatePipelineCommandHandler (CreatePipelineCommandHandler.java:lambda$handle$2(124)) - Created Pipeline RATIS ONE PipelineID=d0346edf-3953-4a7a-9d16-a5bbe74b45c4.
2023-06-27 17:02:08,153 [grpc-default-executor-0] INFO  server.RaftServer (RaftServerProxy.java:addNew(98)) - e112e51e-5103-4e17-9bb8-79f4bd4a8423: addNew group-3E88E0A6EE2F:[e112e51e-5103-4e17-9bb8-79f4bd4a8423|rpc:10.1.72.1:15040|admin:10.1.72.1:15039|client:10.1.72.1:15038|dataStream:10.1.72.1:15041|priority:1|startupRole:FOLLOWER, db05cefc-d1d0-4a37-85d6-512a7e836214|rpc:10.1.72.1:15022|admin:10.1.72.1:15021|client:10.1.72.1:15020|dataStream:10.1.72.1:15023|priority:0|startupRole:FOLLOWER, 06134254-2103-4fb3-af28-769d7483b85f|rpc:10.1.72.1:15031|admin:10.1.72.1:15030|client:10.1.72.1:15029|dataStream:10.1.72.1:15032|priority:0|startupRole:FOLLOWER] returns group-3E88E0A6EE2F:java.util.concurrent.CompletableFuture@3922a3[Not completed]
2023-06-27 17:02:08,154 [e112e51e-5103-4e17-9bb8-79f4bd4a8423-groupManagement] INFO  server.RaftServer$Division (RaftServerImpl.java:<init>(198)) - e112e51e-5103-4e17-9bb8-79f4bd4a8423: new RaftServerImpl for group-3E88E0A6EE2F:[e112e51e-5103-4e17-9bb8-79f4bd4a8423|rpc:10.1.72.1:15040|admin:10.1.72.1:15039|client:10.1.72.1:15038|dataStream:10.1.72.1:15041|priority:1|startupRole:FOLLOWER, db05cefc-d1d0-4a37-85d6-512a7e836214|rpc:10.1.72.1:15022|admin:10.1.72.1:15021|client:10.1.72.1:15020|dataStream:10.1.72.1:15023|priority:0|startupRole:FOLLOWER, 06134254-2103-4fb3-af28-769d7483b85f|rpc:10.1.72.1:15031|admin:10.1.72.1:15030|client:10.1.72.1:15029|dataStream:10.1.72.1:15032|priority:0|startupRole:FOLLOWER] with ContainerStateMachine:uninitialized
2023-06-27 17:02:08,154 [e112e51e-5103-4e17-9bb8-79f4bd4a8423-groupManagement] INFO  server.RaftServerConfigKeys (ConfUtils.java:logGet(46)) - raft.server.rpc.timeout.min = 5s (custom)
2023-06-27 17:02:08,154 [e112e51e-5103-4e17-9bb8-79f4bd4a8423-groupManagement] INFO  server.RaftServerConfigKeys (ConfUtils.java:logGet(46)) - raft.server.rpc.timeout.max = 5200ms (custom)
2023-06-27 17:02:08,154 [e112e51e-5103-4e17-9bb8-79f4bd4a8423-groupManagement] INFO  server.RaftServerConfigKeys (ConfUtils.java:logGet(46)) - raft.server.rpc.sleep.time = 25ms (default)
2023-06-27 17:02:08,154 [e112e51e-5103-4e17-9bb8-79f4bd4a8423-groupManagement] INFO  server.RaftServerConfigKeys (ConfUtils.java:logGet(46)) - raft.server.rpc.slowness.timeout = 300s (custom)
2023-06-27 17:02:08,154 [e112e51e-5103-4e17-9bb8-79f4bd4a8423-groupManagement] INFO  server.RaftServerConfigKeys (ConfUtils.java:logGet(46)) - raft.server.leaderelection.leader.step-down.wait-time = 10s (default)
2023-06-27 17:02:08,155 [e112e51e-5103-4e17-9bb8-79f4bd4a8423-groupManagement] INFO  server.RaftServerConfigKeys (ConfUtils.java:logGet(46)) - raft.server.sleep.deviation.threshold = 300ms (default)
2023-06-27 17:02:08,155 [e112e51e-5103-4e17-9bb8-79f4bd4a8423-groupManagement] INFO  server.RaftServer$Division (ServerState.java:<init>(120)) - e112e51e-5103-4e17-9bb8-79f4bd4a8423@group-3E88E0A6EE2F: ConfigurationManager, init=-1: peers:[e112e51e-5103-4e17-9bb8-79f4bd4a8423|rpc:10.1.72.1:15040|admin:10.1.72.1:15039|client:10.1.72.1:15038|dataStream:10.1.72.1:15041|priority:1|startupRole:FOLLOWER, db05cefc-d1d0-4a37-85d6-512a7e836214|rpc:10.1.72.1:15022|admin:10.1.72.1:15021|client:10.1.72.1:15020|dataStream:10.1.72.1:15023|priority:0|startupRole:FOLLOWER, 06134254-2103-4fb3-af28-769d7483b85f|rpc:10.1.72.1:15031|admin:10.1.72.1:15030|client:10.1.72.1:15029|dataStream:10.1.72.1:15032|priority:0|startupRole:FOLLOWER]|listeners:[], old=null, confs=<EMPTY_MAP>
2023-06-27 17:02:08,155 [e112e51e-5103-4e17-9bb8-79f4bd4a8423-groupManagement] INFO  server.RaftServerConfigKeys (ConfUtils.java:logGet(46)) - raft.server.storage.dir = [/home/runner/work/ozone/ozone/hadoop-ozone/integration-test/target/test-dir/MiniOzoneClusterImpl-4d774b9f-68c7-4e3d-9dd4-f167b54dbd62/datanode-2/data/ratis] (custom)
2023-06-27 17:02:08,155 [e112e51e-5103-4e17-9bb8-79f4bd4a8423-groupManagement] INFO  server.RaftServerConfigKeys (ConfUtils.java:logGet(46)) - raft.server.log.corruption.policy = EXCEPTION (default)
2023-06-27 17:02:08,155 [e112e51e-5103-4e17-9bb8-79f4bd4a8423-groupManagement] INFO  server.RaftServerConfigKeys (ConfUtils.java:logGet(46)) - raft.server.storage.free-space.min = 0MB (=0) (default)
2023-06-27 17:02:08,155 [e112e51e-5103-4e17-9bb8-79f4bd4a8423-groupManagement] INFO  server.RaftServerConfigKeys (ConfUtils.java:logGet(46)) - raft.server.notification.no-leader.timeout = 300s (custom)
2023-06-27 17:02:08,155 [e112e51e-5103-4e17-9bb8-79f4bd4a8423-groupManagement] INFO  server.RaftServerConfigKeys (ConfUtils.java:logGet(46)) - raft.server.read.timeout = 10s (default)
2023-06-27 17:02:08,155 [e112e51e-5103-4e17-9bb8-79f4bd4a8423-groupManagement] INFO  server.RaftServerConfigKeys (ConfUtils.java:logGet(46)) - raft.server.retrycache.expirytime = 600000ms (custom)
2023-06-27 17:02:08,155 [e112e51e-5103-4e17-9bb8-79f4bd4a8423-groupManagement] INFO  server.RaftServerConfigKeys (ConfUtils.java:logGet(46)) - raft.server.retrycache.statistics.expirytime = 100μs (default)
2023-06-27 17:02:08,155 [e112e51e-5103-4e17-9bb8-79f4bd4a8423-groupManagement] INFO  server.RaftServerConfigKeys (ConfUtils.java:logGet(46)) - raft.server.read.option = DEFAULT (default)
2023-06-27 17:02:08,156 [e112e51e-5103-4e17-9bb8-79f4bd4a8423-groupManagement] INFO  server.RaftServerConfigKeys (ConfUtils.java:logGet(46)) - raft.server.rpc.request.timeout = 60s (custom)
2023-06-27 17:02:08,156 [e112e51e-5103-4e17-9bb8-79f4bd4a8423-groupManagement] INFO  server.RaftServerConfigKeys (ConfUtils.java:logGet(46)) - raft.server.log.appender.install.snapshot.enabled = false (custom)
2023-06-27 17:02:08,156 [e112e51e-5103-4e17-9bb8-79f4bd4a8423-groupManagement] INFO  server.RaftServerConfigKeys (ConfUtils.java:logGet(46)) - raft.server.threadpool.server.cached = true (default)
2023-06-27 17:02:08,156 [e112e51e-5103-4e17-9bb8-79f4bd4a8423-groupManagement] INFO  server.RaftServerConfigKeys (ConfUtils.java:logGet(46)) - raft.server.threadpool.server.size = 0 (default)
2023-06-27 17:02:08,158 [e112e51e-5103-4e17-9bb8-79f4bd4a8423-groupManagement] INFO  server.RaftServerConfigKeys (ConfUtils.java:logGet(46)) - raft.server.threadpool.client.cached = true (default)
2023-06-27 17:02:08,158 [e112e51e-5103-4e17-9bb8-79f4bd4a8423-groupManagement] INFO  server.RaftServerConfigKeys (ConfUtils.java:logGet(46)) - raft.server.threadpool.client.size = 0 (default)
2023-06-27 17:02:08,159 [e112e51e-5103-4e17-9bb8-79f4bd4a8423-groupManagement] INFO  storage.RaftStorageDirectory (RaftStorageDirectoryImpl.java:analyzeStorage(137)) - The storage directory /home/runner/work/ozone/ozone/hadoop-ozone/integration-test/target/test-dir/MiniOzoneClusterImpl-4d774b9f-68c7-4e3d-9dd4-f167b54dbd62/datanode-2/data/ratis/64ab8abf-997f-4247-b29f-3e88e0a6ee2f does not exist. Creating ...
2023-06-27 17:02:08,160 [06134254-2103-4fb3-af28-769d7483b85f@group-A5BBE74B45C4-FollowerState] INFO  server.RaftServerConfigKeys (ConfUtils.java:logFallback(53)) - raft.server.rpc.first-election.timeout.max = 5200ms (fallback to raft.server.rpc.timeout.max)
2023-06-27 17:02:08,161 [e112e51e-5103-4e17-9bb8-79f4bd4a8423-groupManagement] INFO  storage.RaftStorageDirectory (RaftStorageDirectoryImpl.java:tryLock(231)) - Lock on /home/runner/work/ozone/ozone/hadoop-ozone/integration-test/target/test-dir/MiniOzoneClusterImpl-4d774b9f-68c7-4e3d-9dd4-f167b54dbd62/datanode-2/data/ratis/64ab8abf-997f-4247-b29f-3e88e0a6ee2f/in_use.lock acquired by nodename 52987@fv-az748-341
2023-06-27 17:02:08,162 [main] INFO  ozone.MiniOzoneClusterImpl (MiniOzoneClusterImpl.java:lambda$waitForClusterToBeReady$0(224)) - Nodes are ready. Got 3 of 3 DN Heartbeats.
2023-06-27 17:02:08,163 [main] INFO  ozone.MiniOzoneClusterImpl (MiniOzoneClusterImpl.java:lambda$waitForClusterToBeReady$0(227)) - Waiting for cluster to exit safe mode
2023-06-27 17:02:08,163 [main] INFO  ozone.MiniOzoneClusterImpl (MiniOzoneClusterImpl.java:lambda$waitForClusterToBeReady$0(229)) - SCM became leader
2023-06-27 17:02:08,163 [e112e51e-5103-4e17-9bb8-79f4bd4a8423-groupManagement] INFO  storage.RaftStorage (RaftStorageImpl.java:format(96)) - Storage directory /home/runner/work/ozone/ozone/hadoop-ozone/integration-test/target/test-dir/MiniOzoneClusterImpl-4d774b9f-68c7-4e3d-9dd4-f167b54dbd62/datanode-2/data/ratis/64ab8abf-997f-4247-b29f-3e88e0a6ee2f has been successfully formatted.
2023-06-27 17:02:08,165 [e112e51e-5103-4e17-9bb8-79f4bd4a8423-groupManagement] INFO  ratis.ContainerStateMachine (ContainerStateMachine.java:loadSnapshot(262)) - group-3E88E0A6EE2F: The snapshot info is null. Setting the last applied indexto:(t:0, i:~)
2023-06-27 17:02:08,166 [PipelineCommandHandlerThread-0] INFO  server.RaftServer (RaftServerProxy.java:addNew(98)) - e112e51e-5103-4e17-9bb8-79f4bd4a8423: addNew group-BA14E5A3D625:[e112e51e-5103-4e17-9bb8-79f4bd4a8423|rpc:10.1.72.1:15040|admin:10.1.72.1:15039|client:10.1.72.1:15038|dataStream:10.1.72.1:15041|priority:1|startupRole:FOLLOWER] returns group-BA14E5A3D625:java.util.concurrent.CompletableFuture@236b9467[Not completed]
2023-06-27 17:02:08,167 [e112e51e-5103-4e17-9bb8-79f4bd4a8423-groupManagement] INFO  server.RaftServerConfigKeys (ConfUtils.java:logGet(46)) - raft.server.log.use.memory = false (default)
2023-06-27 17:02:08,167 [e112e51e-5103-4e17-9bb8-79f4bd4a8423-groupManagement] INFO  server.RaftServerConfigKeys (ConfUtils.java:logGet(46)) - raft.server.log.purge.gap = 1000000 (custom)
2023-06-27 17:02:08,167 [e112e51e-5103-4e17-9bb8-79f4bd4a8423-groupManagement] INFO  server.RaftServerConfigKeys (ConfUtils.java:logGet(46)) - raft.server.log.appender.buffer.byte-limit = 33554432 (custom)
2023-06-27 17:02:08,167 [e112e51e-5103-4e17-9bb8-79f4bd4a8423-groupManagement] INFO  server.RaftServerConfigKeys (ConfUtils.java:logGet(46)) - raft.server.log.statemachine.data.read.timeout = 1000ms (default)
2023-06-27 17:02:08,167 [e112e51e-5103-4e17-9bb8-79f4bd4a8423-groupManagement] INFO  server.RaftServerConfigKeys (ConfUtils.java:logGet(46)) - raft.server.log.purge.preservation.log.num = 0 (default)
2023-06-27 17:02:08,167 [e112e51e-5103-4e17-9bb8-79f4bd4a8423-groupManagement] INFO  server.RaftServerConfigKeys (ConfUtils.java:logGet(46)) - raft.server.log.segment.size.max = 1048576 (custom)
2023-06-27 17:02:08,168 [e112e51e-5103-4e17-9bb8-79f4bd4a8423-groupManagement] INFO  server.RaftServerConfigKeys (ConfUtils.java:logGet(46)) - raft.server.log.segment.cache.num.max = 2 (custom)
2023-06-27 17:02:08,168 [e112e51e-5103-4e17-9bb8-79f4bd4a8423-groupManagement] INFO  server.RaftServerConfigKeys (ConfUtils.java:logGet(46)) - raft.server.log.segment.cache.size.max = 200MB (=209715200) (default)
2023-06-27 17:02:08,168 [e112e51e-5103-4e17-9bb8-79f4bd4a8423-groupManagement] INFO  server.RaftServerConfigKeys (ConfUtils.java:logGet(46)) - raft.server.log.appender.buffer.byte-limit = 33554432 (custom)
2023-06-27 17:02:08,168 [e112e51e-5103-4e17-9bb8-79f4bd4a8423-groupManagement] INFO  segmented.SegmentedRaftLogWorker (SegmentedRaftLogWorker.java:<init>(188)) - new e112e51e-5103-4e17-9bb8-79f4bd4a8423@group-3E88E0A6EE2F-SegmentedRaftLogWorker for RaftStorageImpl:Storage Directory /home/runner/work/ozone/ozone/hadoop-ozone/integration-test/target/test-dir/MiniOzoneClusterImpl-4d774b9f-68c7-4e3d-9dd4-f167b54dbd62/datanode-2/data/ratis/64ab8abf-997f-4247-b29f-3e88e0a6ee2f
2023-06-27 17:02:08,168 [e112e51e-5103-4e17-9bb8-79f4bd4a8423-groupManagement] INFO  server.RaftServerConfigKeys (ConfUtils.java:logGet(46)) - raft.server.log.queue.byte-limit = 4294967296 (custom)
2023-06-27 17:02:08,168 [e112e51e-5103-4e17-9bb8-79f4bd4a8423-groupManagement] INFO  server.RaftServerConfigKeys (ConfUtils.java:logGet(46)) - raft.server.log.queue.element-limit = 1024 (custom)
2023-06-27 17:02:08,168 [e112e51e-5103-4e17-9bb8-79f4bd4a8423-groupManagement] INFO  server.RaftServerConfigKeys (ConfUtils.java:logGet(46)) - raft.server.log.segment.size.max = 1048576 (custom)
2023-06-27 17:02:08,168 [e112e51e-5103-4e17-9bb8-79f4bd4a8423-groupManagement] INFO  server.RaftServerConfigKeys (ConfUtils.java:logGet(46)) - raft.server.log.preallocated.size = 16384 (custom)
2023-06-27 17:02:08,168 [e112e51e-5103-4e17-9bb8-79f4bd4a8423-groupManagement] INFO  server.RaftServerConfigKeys (ConfUtils.java:logGet(46)) - raft.server.log.force.sync.num = 128 (default)
2023-06-27 17:02:08,168 [e112e51e-5103-4e17-9bb8-79f4bd4a8423-groupManagement] INFO  server.RaftServerConfigKeys (ConfUtils.java:logGet(46)) - raft.server.log.statemachine.data.sync = true (default)
2023-06-27 17:02:08,168 [e112e51e-5103-4e17-9bb8-79f4bd4a8423-groupManagement] INFO  server.RaftServerConfigKeys (ConfUtils.java:logGet(46)) - raft.server.log.statemachine.data.sync.timeout = 10s (default)
2023-06-27 17:02:08,168 [e112e51e-5103-4e17-9bb8-79f4bd4a8423-groupManagement] INFO  server.RaftServerConfigKeys (ConfUtils.java:logGet(46)) - raft.server.log.statemachine.data.sync.timeout.retry = -1 (default)
2023-06-27 17:02:08,169 [e112e51e-5103-4e17-9bb8-79f4bd4a8423-groupManagement] INFO  server.RaftServerConfigKeys (ConfUtils.java:logGet(46)) - raft.server.log.write.buffer.size = 1048576 (custom)
2023-06-27 17:02:08,170 [e112e51e-5103-4e17-9bb8-79f4bd4a8423-groupManagement] INFO  server.RaftServerConfigKeys (ConfUtils.java:logGet(46)) - raft.server.log.appender.buffer.byte-limit = 33554432 (custom)
2023-06-27 17:02:08,175 [e112e51e-5103-4e17-9bb8-79f4bd4a8423-groupManagement] INFO  server.RaftServerConfigKeys (ConfUtils.java:logGet(46)) - raft.server.log.unsafe-flush.enabled = false (default)
2023-06-27 17:02:08,175 [e112e51e-5103-4e17-9bb8-79f4bd4a8423-groupManagement] INFO  server.RaftServerConfigKeys (ConfUtils.java:logGet(46)) - raft.server.log.async-flush.enabled = false (default)
2023-06-27 17:02:08,175 [e112e51e-5103-4e17-9bb8-79f4bd4a8423-groupManagement] INFO  server.RaftServerConfigKeys (ConfUtils.java:logGet(46)) - raft.server.log.statemachine.data.caching.enabled = true (custom)
2023-06-27 17:02:08,175 [e112e51e-5103-4e17-9bb8-79f4bd4a8423-groupManagement] INFO  segmented.SegmentedRaftLogWorker (SegmentedRaftLogWorker.java:lambda$new$0(135)) - e112e51e-5103-4e17-9bb8-79f4bd4a8423@group-3E88E0A6EE2F-SegmentedRaftLogWorker: flushIndex: setUnconditionally 0 -> -1
2023-06-27 17:02:08,175 [e112e51e-5103-4e17-9bb8-79f4bd4a8423-groupManagement] INFO  segmented.SegmentedRaftLogWorker (SegmentedRaftLogWorker.java:lambda$new$0(135)) - e112e51e-5103-4e17-9bb8-79f4bd4a8423@group-3E88E0A6EE2F-SegmentedRaftLogWorker: safeCacheEvictIndex: setUnconditionally 0 -> -1
2023-06-27 17:02:08,176 [e112e51e-5103-4e17-9bb8-79f4bd4a8423-groupManagement] INFO  server.RaftServer$Division (RaftServerImpl.java:start(342)) - e112e51e-5103-4e17-9bb8-79f4bd4a8423@group-3E88E0A6EE2F: start as a follower, conf=-1: peers:[e112e51e-5103-4e17-9bb8-79f4bd4a8423|rpc:10.1.72.1:15040|admin:10.1.72.1:15039|client:10.1.72.1:15038|dataStream:10.1.72.1:15041|priority:1|startupRole:FOLLOWER, db05cefc-d1d0-4a37-85d6-512a7e836214|rpc:10.1.72.1:15022|admin:10.1.72.1:15021|client:10.1.72.1:15020|dataStream:10.1.72.1:15023|priority:0|startupRole:FOLLOWER, 06134254-2103-4fb3-af28-769d7483b85f|rpc:10.1.72.1:15031|admin:10.1.72.1:15030|client:10.1.72.1:15029|dataStream:10.1.72.1:15032|priority:0|startupRole:FOLLOWER]|listeners:[], old=null
2023-06-27 17:02:08,176 [e112e51e-5103-4e17-9bb8-79f4bd4a8423-groupManagement] INFO  server.RaftServer$Division (RaftServerImpl.java:setRole(329)) - e112e51e-5103-4e17-9bb8-79f4bd4a8423@group-3E88E0A6EE2F: changes role from      null to FOLLOWER at term 0 for startAsFollower
2023-06-27 17:02:08,176 [e112e51e-5103-4e17-9bb8-79f4bd4a8423-groupManagement] INFO  impl.RoleInfo (RoleInfo.java:updateAndGet(139)) - e112e51e-5103-4e17-9bb8-79f4bd4a8423: start e112e51e-5103-4e17-9bb8-79f4bd4a8423@group-3E88E0A6EE2F-FollowerState
2023-06-27 17:02:08,176 [e112e51e-5103-4e17-9bb8-79f4bd4a8423-groupManagement] INFO  util.JmxRegister (JmxRegister.java:tryRegister(44)) - Successfully registered JMX Bean with object name Ratis:service=RaftServer,group=group-3E88E0A6EE2F,id=e112e51e-5103-4e17-9bb8-79f4bd4a8423
2023-06-27 17:02:08,176 [e112e51e-5103-4e17-9bb8-79f4bd4a8423-groupManagement] INFO  server.RaftServerConfigKeys (ConfUtils.java:logGet(46)) - raft.server.snapshot.auto.trigger.enabled = true (custom)
2023-06-27 17:02:08,176 [e112e51e-5103-4e17-9bb8-79f4bd4a8423-groupManagement] INFO  server.RaftServerConfigKeys (ConfUtils.java:logGet(46)) - raft.server.snapshot.auto.trigger.threshold = 10000 (custom)
2023-06-27 17:02:08,176 [e112e51e-5103-4e17-9bb8-79f4bd4a8423-groupManagement] INFO  server.RaftServerConfigKeys (ConfUtils.java:logGet(46)) - raft.server.snapshot.retention.file.num = 5 (custom)
2023-06-27 17:02:08,176 [e112e51e-5103-4e17-9bb8-79f4bd4a8423-groupManagement] INFO  server.RaftServerConfigKeys (ConfUtils.java:logGet(46)) - raft.server.log.purge.upto.snapshot.index = false (default)
2023-06-27 17:02:08,177 [e112e51e-5103-4e17-9bb8-79f4bd4a8423@group-3E88E0A6EE2F-FollowerState] INFO  server.RaftServerConfigKeys (ConfUtils.java:logFallback(53)) - raft.server.rpc.first-election.timeout.min = 5s (fallback to raft.server.rpc.timeout.min)
2023-06-27 17:02:08,187 [e112e51e-5103-4e17-9bb8-79f4bd4a8423@group-3E88E0A6EE2F-FollowerState] INFO  server.RaftServerConfigKeys (ConfUtils.java:logFallback(53)) - raft.server.rpc.first-election.timeout.max = 5200ms (fallback to raft.server.rpc.timeout.max)
2023-06-27 17:02:08,178 [e112e51e-5103-4e17-9bb8-79f4bd4a8423-groupManagement] INFO  server.RaftServer$Division (RaftServerImpl.java:<init>(198)) - e112e51e-5103-4e17-9bb8-79f4bd4a8423: new RaftServerImpl for group-BA14E5A3D625:[e112e51e-5103-4e17-9bb8-79f4bd4a8423|rpc:10.1.72.1:15040|admin:10.1.72.1:15039|client:10.1.72.1:15038|dataStream:10.1.72.1:15041|priority:1|startupRole:FOLLOWER] with ContainerStateMachine:uninitialized
2023-06-27 17:02:08,187 [e112e51e-5103-4e17-9bb8-79f4bd4a8423-groupManagement] INFO  server.RaftServerConfigKeys (ConfUtils.java:logGet(46)) - raft.server.rpc.timeout.min = 5s (custom)
2023-06-27 17:02:08,187 [e112e51e-5103-4e17-9bb8-79f4bd4a8423-groupManagement] INFO  server.RaftServerConfigKeys (ConfUtils.java:logGet(46)) - raft.server.rpc.timeout.max = 5200ms (custom)
2023-06-27 17:02:08,187 [e112e51e-5103-4e17-9bb8-79f4bd4a8423-groupManagement] INFO  server.RaftServerConfigKeys (ConfUtils.java:logGet(46)) - raft.server.rpc.sleep.time = 25ms (default)
2023-06-27 17:02:08,187 [e112e51e-5103-4e17-9bb8-79f4bd4a8423-groupManagement] INFO  server.RaftServerConfigKeys (ConfUtils.java:logGet(46)) - raft.server.rpc.slowness.timeout = 300s (custom)
2023-06-27 17:02:08,187 [e112e51e-5103-4e17-9bb8-79f4bd4a8423-groupManagement] INFO  server.RaftServerConfigKeys (ConfUtils.java:logGet(46)) - raft.server.leaderelection.leader.step-down.wait-time = 10s (default)
2023-06-27 17:02:08,187 [e112e51e-5103-4e17-9bb8-79f4bd4a8423-groupManagement] INFO  server.RaftServerConfigKeys (ConfUtils.java:logGet(46)) - raft.server.sleep.deviation.threshold = 300ms (default)
2023-06-27 17:02:08,187 [e112e51e-5103-4e17-9bb8-79f4bd4a8423-groupManagement] INFO  server.RaftServer$Division (ServerState.java:<init>(120)) - e112e51e-5103-4e17-9bb8-79f4bd4a8423@group-BA14E5A3D625: ConfigurationManager, init=-1: peers:[e112e51e-5103-4e17-9bb8-79f4bd4a8423|rpc:10.1.72.1:15040|admin:10.1.72.1:15039|client:10.1.72.1:15038|dataStream:10.1.72.1:15041|priority:1|startupRole:FOLLOWER]|listeners:[], old=null, confs=<EMPTY_MAP>
2023-06-27 17:02:08,188 [e112e51e-5103-4e17-9bb8-79f4bd4a8423-groupManagement] INFO  server.RaftServerConfigKeys (ConfUtils.java:logGet(46)) - raft.server.storage.dir = [/home/runner/work/ozone/ozone/hadoop-ozone/integration-test/target/test-dir/MiniOzoneClusterImpl-4d774b9f-68c7-4e3d-9dd4-f167b54dbd62/datanode-2/data/ratis] (custom)
2023-06-27 17:02:08,188 [e112e51e-5103-4e17-9bb8-79f4bd4a8423-groupManagement] INFO  server.RaftServerConfigKeys (ConfUtils.java:logGet(46)) - raft.server.log.corruption.policy = EXCEPTION (default)
2023-06-27 17:02:08,188 [e112e51e-5103-4e17-9bb8-79f4bd4a8423-groupManagement] INFO  server.RaftServerConfigKeys (ConfUtils.java:logGet(46)) - raft.server.storage.free-space.min = 0MB (=0) (default)
2023-06-27 17:02:08,188 [e112e51e-5103-4e17-9bb8-79f4bd4a8423-groupManagement] INFO  server.RaftServerConfigKeys (ConfUtils.java:logGet(46)) - raft.server.notification.no-leader.timeout = 300s (custom)
2023-06-27 17:02:08,188 [e112e51e-5103-4e17-9bb8-79f4bd4a8423-groupManagement] INFO  server.RaftServerConfigKeys (ConfUtils.java:logGet(46)) - raft.server.read.timeout = 10s (default)
2023-06-27 17:02:08,188 [e112e51e-5103-4e17-9bb8-79f4bd4a8423-groupManagement] INFO  server.RaftServerConfigKeys (ConfUtils.java:logGet(46)) - raft.server.retrycache.expirytime = 600000ms (custom)
2023-06-27 17:02:08,188 [e112e51e-5103-4e17-9bb8-79f4bd4a8423-groupManagement] INFO  server.RaftServerConfigKeys (ConfUtils.java:logGet(46)) - raft.server.retrycache.statistics.expirytime = 100μs (default)
2023-06-27 17:02:08,188 [e112e51e-5103-4e17-9bb8-79f4bd4a8423-groupManagement] INFO  server.RaftServerConfigKeys (ConfUtils.java:logGet(46)) - raft.server.read.option = DEFAULT (default)
2023-06-27 17:02:08,189 [e112e51e-5103-4e17-9bb8-79f4bd4a8423-groupManagement] INFO  server.RaftServerConfigKeys (ConfUtils.java:logGet(46)) - raft.server.rpc.request.timeout = 60s (custom)
2023-06-27 17:02:08,189 [e112e51e-5103-4e17-9bb8-79f4bd4a8423-groupManagement] INFO  server.RaftServerConfigKeys (ConfUtils.java:logGet(46)) - raft.server.log.appender.install.snapshot.enabled = false (custom)
2023-06-27 17:02:08,189 [e112e51e-5103-4e17-9bb8-79f4bd4a8423-groupManagement] INFO  server.RaftServerConfigKeys (ConfUtils.java:logGet(46)) - raft.server.threadpool.server.cached = true (default)
2023-06-27 17:02:08,189 [e112e51e-5103-4e17-9bb8-79f4bd4a8423-groupManagement] INFO  server.RaftServerConfigKeys (ConfUtils.java:logGet(46)) - raft.server.threadpool.server.size = 0 (default)
2023-06-27 17:02:08,189 [e112e51e-5103-4e17-9bb8-79f4bd4a8423-groupManagement] INFO  server.RaftServerConfigKeys (ConfUtils.java:logGet(46)) - raft.server.threadpool.client.cached = true (default)
2023-06-27 17:02:08,189 [e112e51e-5103-4e17-9bb8-79f4bd4a8423-groupManagement] INFO  server.RaftServerConfigKeys (ConfUtils.java:logGet(46)) - raft.server.threadpool.client.size = 0 (default)
2023-06-27 17:02:08,189 [e112e51e-5103-4e17-9bb8-79f4bd4a8423-groupManagement] INFO  storage.RaftStorageDirectory (RaftStorageDirectoryImpl.java:analyzeStorage(137)) - The storage directory /home/runner/work/ozone/ozone/hadoop-ozone/integration-test/target/test-dir/MiniOzoneClusterImpl-4d774b9f-68c7-4e3d-9dd4-f167b54dbd62/datanode-2/data/ratis/e2a1bee4-fa04-4969-bc4c-ba14e5a3d625 does not exist. Creating ...
2023-06-27 17:02:08,192 [e112e51e-5103-4e17-9bb8-79f4bd4a8423-groupManagement] INFO  storage.RaftStorageDirectory (RaftStorageDirectoryImpl.java:tryLock(231)) - Lock on /home/runner/work/ozone/ozone/hadoop-ozone/integration-test/target/test-dir/MiniOzoneClusterImpl-4d774b9f-68c7-4e3d-9dd4-f167b54dbd62/datanode-2/data/ratis/e2a1bee4-fa04-4969-bc4c-ba14e5a3d625/in_use.lock acquired by nodename 52987@fv-az748-341
2023-06-27 17:02:08,194 [e112e51e-5103-4e17-9bb8-79f4bd4a8423-groupManagement] INFO  storage.RaftStorage (RaftStorageImpl.java:format(96)) - Storage directory /home/runner/work/ozone/ozone/hadoop-ozone/integration-test/target/test-dir/MiniOzoneClusterImpl-4d774b9f-68c7-4e3d-9dd4-f167b54dbd62/datanode-2/data/ratis/e2a1bee4-fa04-4969-bc4c-ba14e5a3d625 has been successfully formatted.
2023-06-27 17:02:08,195 [e112e51e-5103-4e17-9bb8-79f4bd4a8423-groupManagement] INFO  ratis.ContainerStateMachine (ContainerStateMachine.java:loadSnapshot(262)) - group-BA14E5A3D625: The snapshot info is null. Setting the last applied indexto:(t:0, i:~)
2023-06-27 17:02:08,205 [e112e51e-5103-4e17-9bb8-79f4bd4a8423-groupManagement] INFO  server.RaftServerConfigKeys (ConfUtils.java:logGet(46)) - raft.server.log.use.memory = false (default)
2023-06-27 17:02:08,205 [e112e51e-5103-4e17-9bb8-79f4bd4a8423-groupManagement] INFO  server.RaftServerConfigKeys (ConfUtils.java:logGet(46)) - raft.server.log.purge.gap = 1000000 (custom)
2023-06-27 17:02:08,205 [e112e51e-5103-4e17-9bb8-79f4bd4a8423-groupManagement] INFO  server.RaftServerConfigKeys (ConfUtils.java:logGet(46)) - raft.server.log.appender.buffer.byte-limit = 33554432 (custom)
2023-06-27 17:02:08,205 [e112e51e-5103-4e17-9bb8-79f4bd4a8423-groupManagement] INFO  server.RaftServerConfigKeys (ConfUtils.java:logGet(46)) - raft.server.log.statemachine.data.read.timeout = 1000ms (default)
2023-06-27 17:02:08,205 [e112e51e-5103-4e17-9bb8-79f4bd4a8423-groupManagement] INFO  server.RaftServerConfigKeys (ConfUtils.java:logGet(46)) - raft.server.log.purge.preservation.log.num = 0 (default)
2023-06-27 17:02:08,206 [e112e51e-5103-4e17-9bb8-79f4bd4a8423-groupManagement] INFO  server.RaftServerConfigKeys (ConfUtils.java:logGet(46)) - raft.server.log.segment.size.max = 1048576 (custom)
2023-06-27 17:02:08,206 [e112e51e-5103-4e17-9bb8-79f4bd4a8423-groupManagement] INFO  server.RaftServerConfigKeys (ConfUtils.java:logGet(46)) - raft.server.log.segment.cache.num.max = 2 (custom)
2023-06-27 17:02:08,206 [e112e51e-5103-4e17-9bb8-79f4bd4a8423-groupManagement] INFO  server.RaftServerConfigKeys (ConfUtils.java:logGet(46)) - raft.server.log.segment.cache.size.max = 200MB (=209715200) (default)
2023-06-27 17:02:08,206 [e112e51e-5103-4e17-9bb8-79f4bd4a8423-groupManagement] INFO  server.RaftServerConfigKeys (ConfUtils.java:logGet(46)) - raft.server.log.appender.buffer.byte-limit = 33554432 (custom)
2023-06-27 17:02:08,206 [e112e51e-5103-4e17-9bb8-79f4bd4a8423-groupManagement] INFO  segmented.SegmentedRaftLogWorker (SegmentedRaftLogWorker.java:<init>(188)) - new e112e51e-5103-4e17-9bb8-79f4bd4a8423@group-BA14E5A3D625-SegmentedRaftLogWorker for RaftStorageImpl:Storage Directory /home/runner/work/ozone/ozone/hadoop-ozone/integration-test/target/test-dir/MiniOzoneClusterImpl-4d774b9f-68c7-4e3d-9dd4-f167b54dbd62/datanode-2/data/ratis/e2a1bee4-fa04-4969-bc4c-ba14e5a3d625
2023-06-27 17:02:08,206 [e112e51e-5103-4e17-9bb8-79f4bd4a8423-groupManagement] INFO  server.RaftServerConfigKeys (ConfUtils.java:logGet(46)) - raft.server.log.queue.byte-limit = 4294967296 (custom)
2023-06-27 17:02:08,206 [e112e51e-5103-4e17-9bb8-79f4bd4a8423-groupManagement] INFO  server.RaftServerConfigKeys (ConfUtils.java:logGet(46)) - raft.server.log.queue.element-limit = 1024 (custom)
2023-06-27 17:02:08,206 [e112e51e-5103-4e17-9bb8-79f4bd4a8423-groupManagement] INFO  server.RaftServerConfigKeys (ConfUtils.java:logGet(46)) - raft.server.log.segment.size.max = 1048576 (custom)
2023-06-27 17:02:08,206 [e112e51e-5103-4e17-9bb8-79f4bd4a8423-groupManagement] INFO  server.RaftServerConfigKeys (ConfUtils.java:logGet(46)) - raft.server.log.preallocated.size = 16384 (custom)
2023-06-27 17:02:08,206 [e112e51e-5103-4e17-9bb8-79f4bd4a8423-groupManagement] INFO  server.RaftServerConfigKeys (ConfUtils.java:logGet(46)) - raft.server.log.force.sync.num = 128 (default)
2023-06-27 17:02:08,206 [e112e51e-5103-4e17-9bb8-79f4bd4a8423-groupManagement] INFO  server.RaftServerConfigKeys (ConfUtils.java:logGet(46)) - raft.server.log.statemachine.data.sync = true (default)
2023-06-27 17:02:08,207 [e112e51e-5103-4e17-9bb8-79f4bd4a8423-groupManagement] INFO  server.RaftServerConfigKeys (ConfUtils.java:logGet(46)) - raft.server.log.statemachine.data.sync.timeout = 10s (default)
2023-06-27 17:02:08,207 [e112e51e-5103-4e17-9bb8-79f4bd4a8423-groupManagement] INFO  server.RaftServerConfigKeys (ConfUtils.java:logGet(46)) - raft.server.log.statemachine.data.sync.timeout.retry = -1 (default)
2023-06-27 17:02:08,207 [e112e51e-5103-4e17-9bb8-79f4bd4a8423-groupManagement] INFO  server.RaftServerConfigKeys (ConfUtils.java:logGet(46)) - raft.server.log.write.buffer.size = 1048576 (custom)
2023-06-27 17:02:08,208 [e112e51e-5103-4e17-9bb8-79f4bd4a8423-groupManagement] INFO  server.RaftServerConfigKeys (ConfUtils.java:logGet(46)) - raft.server.log.appender.buffer.byte-limit = 33554432 (custom)
2023-06-27 17:02:08,215 [EventQueue-PipelineReportForPipelineReportHandler] INFO  pipeline.PipelineManagerImpl (PipelineManagerImpl.java:openPipeline(443)) - Pipeline Pipeline[ Id: e2a1bee4-fa04-4969-bc4c-ba14e5a3d625, Nodes: e112e51e-5103-4e17-9bb8-79f4bd4a8423(fv-az748-341/10.1.72.1), ReplicationConfig: RATIS/ONE, State:ALLOCATED, leaderId:e112e51e-5103-4e17-9bb8-79f4bd4a8423, CreationTimestamp2023-06-27T17:02:05.164Z[Etc/UTC]] moved to OPEN state
2023-06-27 17:02:08,215 [EventQueue-OpenPipelineForHealthyPipelineSafeModeRule] INFO  safemode.SCMSafeModeManager (HealthyPipelineSafeModeRule.java:process(137)) - SCM in safe mode. Healthy pipelines reported count is 0, required healthy pipeline reported count is 1
2023-06-27 17:02:08,219 [e112e51e-5103-4e17-9bb8-79f4bd4a8423-groupManagement] INFO  server.RaftServerConfigKeys (ConfUtils.java:logGet(46)) - raft.server.log.unsafe-flush.enabled = false (default)
2023-06-27 17:02:08,221 [e112e51e-5103-4e17-9bb8-79f4bd4a8423-groupManagement] INFO  server.RaftServerConfigKeys (ConfUtils.java:logGet(46)) - raft.server.log.async-flush.enabled = false (default)
2023-06-27 17:02:08,221 [e112e51e-5103-4e17-9bb8-79f4bd4a8423-groupManagement] INFO  server.RaftServerConfigKeys (ConfUtils.java:logGet(46)) - raft.server.log.statemachine.data.caching.enabled = true (custom)
2023-06-27 17:02:08,221 [e112e51e-5103-4e17-9bb8-79f4bd4a8423-groupManagement] INFO  segmented.SegmentedRaftLogWorker (SegmentedRaftLogWorker.java:lambda$new$0(135)) - e112e51e-5103-4e17-9bb8-79f4bd4a8423@group-BA14E5A3D625-SegmentedRaftLogWorker: flushIndex: setUnconditionally 0 -> -1
2023-06-27 17:02:08,221 [e112e51e-5103-4e17-9bb8-79f4bd4a8423-groupManagement] INFO  segmented.SegmentedRaftLogWorker (SegmentedRaftLogWorker.java:lambda$new$0(135)) - e112e51e-5103-4e17-9bb8-79f4bd4a8423@group-BA14E5A3D625-SegmentedRaftLogWorker: safeCacheEvictIndex: setUnconditionally 0 -> -1
2023-06-27 17:02:08,222 [e112e51e-5103-4e17-9bb8-79f4bd4a8423-groupManagement] INFO  server.RaftServer$Division (RaftServerImpl.java:start(342)) - e112e51e-5103-4e17-9bb8-79f4bd4a8423@group-BA14E5A3D625: start as a follower, conf=-1: peers:[e112e51e-5103-4e17-9bb8-79f4bd4a8423|rpc:10.1.72.1:15040|admin:10.1.72.1:15039|client:10.1.72.1:15038|dataStream:10.1.72.1:15041|priority:1|startupRole:FOLLOWER]|listeners:[], old=null
2023-06-27 17:02:08,222 [e112e51e-5103-4e17-9bb8-79f4bd4a8423-groupManagement] INFO  server.RaftServer$Division (RaftServerImpl.java:setRole(329)) - e112e51e-5103-4e17-9bb8-79f4bd4a8423@group-BA14E5A3D625: changes role from      null to FOLLOWER at term 0 for startAsFollower
2023-06-27 17:02:08,222 [e112e51e-5103-4e17-9bb8-79f4bd4a8423-groupManagement] INFO  impl.RoleInfo (RoleInfo.java:updateAndGet(139)) - e112e51e-5103-4e17-9bb8-79f4bd4a8423: start e112e51e-5103-4e17-9bb8-79f4bd4a8423@group-BA14E5A3D625-FollowerState
2023-06-27 17:02:08,222 [e112e51e-5103-4e17-9bb8-79f4bd4a8423-groupManagement] INFO  util.JmxRegister (JmxRegister.java:tryRegister(44)) - Successfully registered JMX Bean with object name Ratis:service=RaftServer,group=group-BA14E5A3D625,id=e112e51e-5103-4e17-9bb8-79f4bd4a8423
2023-06-27 17:02:08,222 [e112e51e-5103-4e17-9bb8-79f4bd4a8423-groupManagement] INFO  server.RaftServerConfigKeys (ConfUtils.java:logGet(46)) - raft.server.snapshot.auto.trigger.enabled = true (custom)
2023-06-27 17:02:08,222 [e112e51e-5103-4e17-9bb8-79f4bd4a8423-groupManagement] INFO  server.RaftServerConfigKeys (ConfUtils.java:logGet(46)) - raft.server.snapshot.auto.trigger.threshold = 10000 (custom)
2023-06-27 17:02:08,222 [e112e51e-5103-4e17-9bb8-79f4bd4a8423-groupManagement] INFO  server.RaftServerConfigKeys (ConfUtils.java:logGet(46)) - raft.server.snapshot.retention.file.num = 5 (custom)
2023-06-27 17:02:08,223 [e112e51e-5103-4e17-9bb8-79f4bd4a8423-groupManagement] INFO  server.RaftServerConfigKeys (ConfUtils.java:logGet(46)) - raft.server.log.purge.upto.snapshot.index = false (default)
2023-06-27 17:02:08,223 [PipelineCommandHandlerThread-0] INFO  commandhandler.CreatePipelineCommandHandler (CreatePipelineCommandHandler.java:lambda$handle$2(124)) - Created Pipeline RATIS THREE PipelineID=64ab8abf-997f-4247-b29f-3e88e0a6ee2f.
2023-06-27 17:02:08,223 [e112e51e-5103-4e17-9bb8-79f4bd4a8423@group-BA14E5A3D625-FollowerState] INFO  server.RaftServerConfigKeys (ConfUtils.java:logFallback(53)) - raft.server.rpc.first-election.timeout.min = 5s (fallback to raft.server.rpc.timeout.min)
2023-06-27 17:02:08,223 [e112e51e-5103-4e17-9bb8-79f4bd4a8423@group-BA14E5A3D625-FollowerState] INFO  server.RaftServerConfigKeys (ConfUtils.java:logFallback(53)) - raft.server.rpc.first-election.timeout.max = 5200ms (fallback to raft.server.rpc.timeout.max)
2023-06-27 17:02:08,225 [PipelineCommandHandlerThread-0] INFO  ratis.XceiverServerRatis (XceiverServerRatis.java:addGroup(804)) - Created group PipelineID=e2a1bee4-fa04-4969-bc4c-ba14e5a3d625
2023-06-27 17:02:08,225 [PipelineCommandHandlerThread-0] INFO  commandhandler.CreatePipelineCommandHandler (CreatePipelineCommandHandler.java:lambda$handle$2(124)) - Created Pipeline RATIS ONE PipelineID=e2a1bee4-fa04-4969-bc4c-ba14e5a3d625.
2023-06-27 17:02:08,250 [omNode-3@group-523986131536-FollowerState] INFO  server.RaftServerConfigKeys (ConfUtils.java:logFallback(53)) - raft.server.rpc.first-election.timeout.min = 1s (fallback to raft.server.rpc.timeout.min)
2023-06-27 17:02:08,250 [omNode-3@group-523986131536-FollowerState] INFO  server.RaftServerConfigKeys (ConfUtils.java:logFallback(53)) - raft.server.rpc.first-election.timeout.max = 1200ms (fallback to raft.server.rpc.timeout.max)
2023-06-27 17:02:09,163 [main] INFO  ozone.MiniOzoneClusterImpl (MiniOzoneClusterImpl.java:lambda$waitForClusterToBeReady$0(224)) - Nodes are ready. Got 3 of 3 DN Heartbeats.
2023-06-27 17:02:09,163 [main] INFO  ozone.MiniOzoneClusterImpl (MiniOzoneClusterImpl.java:lambda$waitForClusterToBeReady$0(227)) - Waiting for cluster to exit safe mode
2023-06-27 17:02:09,163 [main] INFO  ozone.MiniOzoneClusterImpl (MiniOzoneClusterImpl.java:lambda$waitForClusterToBeReady$0(229)) - SCM became leader
2023-06-27 17:02:09,372 [omNode-3@group-523986131536-FollowerState] INFO  server.RaftServerConfigKeys (ConfUtils.java:logFallback(53)) - raft.server.rpc.first-election.timeout.min = 1s (fallback to raft.server.rpc.timeout.min)
2023-06-27 17:02:09,372 [omNode-3@group-523986131536-FollowerState] INFO  server.RaftServerConfigKeys (ConfUtils.java:logFallback(53)) - raft.server.rpc.first-election.timeout.max = 1200ms (fallback to raft.server.rpc.timeout.max)
2023-06-27 17:02:10,164 [main] INFO  ozone.MiniOzoneClusterImpl (MiniOzoneClusterImpl.java:lambda$waitForClusterToBeReady$0(224)) - Nodes are ready. Got 3 of 3 DN Heartbeats.
2023-06-27 17:02:10,164 [main] INFO  ozone.MiniOzoneClusterImpl (MiniOzoneClusterImpl.java:lambda$waitForClusterToBeReady$0(227)) - Waiting for cluster to exit safe mode
2023-06-27 17:02:10,164 [main] INFO  ozone.MiniOzoneClusterImpl (MiniOzoneClusterImpl.java:lambda$waitForClusterToBeReady$0(229)) - SCM became leader
2023-06-27 17:02:10,545 [omNode-3@group-523986131536-FollowerState] INFO  server.RaftServerConfigKeys (ConfUtils.java:logFallback(53)) - raft.server.rpc.first-election.timeout.min = 1s (fallback to raft.server.rpc.timeout.min)
2023-06-27 17:02:10,546 [omNode-3@group-523986131536-FollowerState] INFO  server.RaftServerConfigKeys (ConfUtils.java:logFallback(53)) - raft.server.rpc.first-election.timeout.max = 1200ms (fallback to raft.server.rpc.timeout.max)
2023-06-27 17:02:11,164 [main] INFO  ozone.MiniOzoneClusterImpl (MiniOzoneClusterImpl.java:lambda$waitForClusterToBeReady$0(224)) - Nodes are ready. Got 3 of 3 DN Heartbeats.
2023-06-27 17:02:11,164 [main] INFO  ozone.MiniOzoneClusterImpl (MiniOzoneClusterImpl.java:lambda$waitForClusterToBeReady$0(227)) - Waiting for cluster to exit safe mode
2023-06-27 17:02:11,165 [main] INFO  ozone.MiniOzoneClusterImpl (MiniOzoneClusterImpl.java:lambda$waitForClusterToBeReady$0(229)) - SCM became leader
2023-06-27 17:02:11,669 [omNode-3@group-523986131536-FollowerState] INFO  server.RaftServerConfigKeys (ConfUtils.java:logFallback(53)) - raft.server.rpc.first-election.timeout.min = 1s (fallback to raft.server.rpc.timeout.min)
2023-06-27 17:02:11,669 [omNode-3@group-523986131536-FollowerState] INFO  server.RaftServerConfigKeys (ConfUtils.java:logFallback(53)) - raft.server.rpc.first-election.timeout.max = 1200ms (fallback to raft.server.rpc.timeout.max)
2023-06-27 17:02:12,165 [main] INFO  ozone.MiniOzoneClusterImpl (MiniOzoneClusterImpl.java:lambda$waitForClusterToBeReady$0(224)) - Nodes are ready. Got 3 of 3 DN Heartbeats.
2023-06-27 17:02:12,165 [main] INFO  ozone.MiniOzoneClusterImpl (MiniOzoneClusterImpl.java:lambda$waitForClusterToBeReady$0(227)) - Waiting for cluster to exit safe mode
2023-06-27 17:02:12,165 [main] INFO  ozone.MiniOzoneClusterImpl (MiniOzoneClusterImpl.java:lambda$waitForClusterToBeReady$0(229)) - SCM became leader
2023-06-27 17:02:12,591 [db05cefc-d1d0-4a37-85d6-512a7e836214@group-486A61EE134F-FollowerState] INFO  impl.FollowerState (FollowerState.java:run(143)) - db05cefc-d1d0-4a37-85d6-512a7e836214@group-486A61EE134F-FollowerState: change to CANDIDATE, lastRpcElapsedTime:5017911051ns, electionTimeout:5009ms
2023-06-27 17:02:12,591 [db05cefc-d1d0-4a37-85d6-512a7e836214@group-486A61EE134F-FollowerState] INFO  impl.RoleInfo (RoleInfo.java:shutdownFollowerState(110)) - db05cefc-d1d0-4a37-85d6-512a7e836214: shutdown db05cefc-d1d0-4a37-85d6-512a7e836214@group-486A61EE134F-FollowerState
2023-06-27 17:02:12,591 [db05cefc-d1d0-4a37-85d6-512a7e836214@group-486A61EE134F-FollowerState] INFO  server.RaftServer$Division (RaftServerImpl.java:setRole(329)) - db05cefc-d1d0-4a37-85d6-512a7e836214@group-486A61EE134F: changes role from  FOLLOWER to CANDIDATE at term 0 for changeToCandidate
2023-06-27 17:02:12,592 [db05cefc-d1d0-4a37-85d6-512a7e836214@group-486A61EE134F-FollowerState] INFO  server.RaftServerConfigKeys (ConfUtils.java:logGet(46)) - raft.server.leaderelection.pre-vote = true (default)
2023-06-27 17:02:12,593 [db05cefc-d1d0-4a37-85d6-512a7e836214@group-486A61EE134F-FollowerState] INFO  impl.RoleInfo (RoleInfo.java:updateAndGet(139)) - db05cefc-d1d0-4a37-85d6-512a7e836214: start db05cefc-d1d0-4a37-85d6-512a7e836214@group-486A61EE134F-LeaderElection2
2023-06-27 17:02:12,595 [db05cefc-d1d0-4a37-85d6-512a7e836214@group-486A61EE134F-LeaderElection2] INFO  impl.LeaderElection (LeaderElection.java:askForVotes(321)) - db05cefc-d1d0-4a37-85d6-512a7e836214@group-486A61EE134F-LeaderElection2 PRE_VOTE round 0: submit vote requests at term 0 for -1: peers:[db05cefc-d1d0-4a37-85d6-512a7e836214|rpc:10.1.72.1:15022|admin:10.1.72.1:15021|client:10.1.72.1:15020|dataStream:10.1.72.1:15023|priority:1|startupRole:FOLLOWER]|listeners:[], old=null
2023-06-27 17:02:12,595 [db05cefc-d1d0-4a37-85d6-512a7e836214@group-486A61EE134F-LeaderElection2] INFO  impl.LeaderElection (LeaderElection.java:askForVotes(323)) - db05cefc-d1d0-4a37-85d6-512a7e836214@group-486A61EE134F-LeaderElection2 PRE_VOTE round 0: result PASSED (term=0)
2023-06-27 17:02:12,597 [db05cefc-d1d0-4a37-85d6-512a7e836214@group-486A61EE134F-LeaderElection2] INFO  impl.LeaderElection (LeaderElection.java:askForVotes(321)) - db05cefc-d1d0-4a37-85d6-512a7e836214@group-486A61EE134F-LeaderElection2 ELECTION round 0: submit vote requests at term 1 for -1: peers:[db05cefc-d1d0-4a37-85d6-512a7e836214|rpc:10.1.72.1:15022|admin:10.1.72.1:15021|client:10.1.72.1:15020|dataStream:10.1.72.1:15023|priority:1|startupRole:FOLLOWER]|listeners:[], old=null
2023-06-27 17:02:12,597 [db05cefc-d1d0-4a37-85d6-512a7e836214@group-486A61EE134F-LeaderElection2] INFO  impl.LeaderElection (LeaderElection.java:askForVotes(323)) - db05cefc-d1d0-4a37-85d6-512a7e836214@group-486A61EE134F-LeaderElection2 ELECTION round 0: result PASSED (term=1)
2023-06-27 17:02:12,597 [db05cefc-d1d0-4a37-85d6-512a7e836214@group-486A61EE134F-LeaderElection2] INFO  impl.RoleInfo (RoleInfo.java:shutdownLeaderElection(130)) - db05cefc-d1d0-4a37-85d6-512a7e836214: shutdown db05cefc-d1d0-4a37-85d6-512a7e836214@group-486A61EE134F-LeaderElection2
2023-06-27 17:02:12,597 [db05cefc-d1d0-4a37-85d6-512a7e836214@group-486A61EE134F-LeaderElection2] INFO  server.RaftServer$Division (RaftServerImpl.java:setRole(329)) - db05cefc-d1d0-4a37-85d6-512a7e836214@group-486A61EE134F: changes role from CANDIDATE to LEADER at term 1 for changeToLeader
2023-06-27 17:02:12,597 [db05cefc-d1d0-4a37-85d6-512a7e836214@group-486A61EE134F-LeaderElection2] INFO  ratis.XceiverServerRatis (XceiverServerRatis.java:handleLeaderChangedNotification(902)) - Leader change notification received for group: group-486A61EE134F with new leaderId: db05cefc-d1d0-4a37-85d6-512a7e836214
2023-06-27 17:02:12,598 [db05cefc-d1d0-4a37-85d6-512a7e836214@group-486A61EE134F-LeaderElection2] INFO  server.RaftServer$Division (ServerState.java:setLeader(317)) - db05cefc-d1d0-4a37-85d6-512a7e836214@group-486A61EE134F: change Leader from null to db05cefc-d1d0-4a37-85d6-512a7e836214 at term 1 for becomeLeader, leader elected after 5043ms
2023-06-27 17:02:12,598 [db05cefc-d1d0-4a37-85d6-512a7e836214@group-486A61EE134F-LeaderElection2] INFO  server.RaftServerConfigKeys (ConfUtils.java:logGet(46)) - raft.server.staging.catchup.gap = 1000 (default)
2023-06-27 17:02:12,598 [db05cefc-d1d0-4a37-85d6-512a7e836214@group-486A61EE134F-LeaderElection2] INFO  server.RaftServerConfigKeys (ConfUtils.java:logGet(46)) - raft.server.write.element-limit = 1024 (custom)
2023-06-27 17:02:12,598 [db05cefc-d1d0-4a37-85d6-512a7e836214@group-486A61EE134F-LeaderElection2] INFO  server.RaftServerConfigKeys (ConfUtils.java:logGet(46)) - raft.server.write.byte-limit = 1024 M (=1073741824) (custom)
2023-06-27 17:02:12,598 [db05cefc-d1d0-4a37-85d6-512a7e836214@group-486A61EE134F-LeaderElection2] INFO  server.RaftServerConfigKeys (ConfUtils.java:logGet(46)) - raft.server.watch.timeout = 180s (custom)
2023-06-27 17:02:12,598 [db05cefc-d1d0-4a37-85d6-512a7e836214@group-486A61EE134F-LeaderElection2] INFO  server.RaftServerConfigKeys (ConfUtils.java:logGet(46)) - raft.server.watch.timeout.denomination = 1s (default)
2023-06-27 17:02:12,598 [db05cefc-d1d0-4a37-85d6-512a7e836214@group-486A61EE134F-LeaderElection2] INFO  server.RaftServerConfigKeys (ConfUtils.java:logGet(46)) - raft.server.watch.element-limit = 65536 (default)
2023-06-27 17:02:12,599 [db05cefc-d1d0-4a37-85d6-512a7e836214@group-486A61EE134F-LeaderElection2] INFO  server.RaftServerConfigKeys (ConfUtils.java:logGet(46)) - raft.server.write.element-limit = 1024 (custom)
2023-06-27 17:02:12,599 [db05cefc-d1d0-4a37-85d6-512a7e836214@group-486A61EE134F-LeaderElection2] INFO  server.RaftServerConfigKeys (ConfUtils.java:logGet(46)) - raft.server.write.follower.gap.ratio.max = -1.0 (default)
2023-06-27 17:02:12,599 [db05cefc-d1d0-4a37-85d6-512a7e836214@group-486A61EE134F-LeaderElection2] INFO  impl.RoleInfo (RoleInfo.java:updateAndGet(139)) - db05cefc-d1d0-4a37-85d6-512a7e836214: start db05cefc-d1d0-4a37-85d6-512a7e836214@group-486A61EE134F-LeaderStateImpl
2023-06-27 17:02:12,599 [db05cefc-d1d0-4a37-85d6-512a7e836214@group-486A61EE134F-LeaderElection2] INFO  segmented.SegmentedRaftLogWorker (SegmentedRaftLogWorker.java:startLogSegment(447)) - db05cefc-d1d0-4a37-85d6-512a7e836214@group-486A61EE134F-SegmentedRaftLogWorker: Starting segment from index:0
2023-06-27 17:02:12,600 [db05cefc-d1d0-4a37-85d6-512a7e836214@group-486A61EE134F-SegmentedRaftLogWorker] INFO  segmented.SegmentedRaftLogWorker (SegmentedRaftLogWorker.java:execute(651)) - db05cefc-d1d0-4a37-85d6-512a7e836214@group-486A61EE134F-SegmentedRaftLogWorker: created new log segment /home/runner/work/ozone/ozone/hadoop-ozone/integration-test/target/test-dir/MiniOzoneClusterImpl-4d774b9f-68c7-4e3d-9dd4-f167b54dbd62/datanode-0/data/ratis/17829ef3-b551-4bb5-8b5f-486a61ee134f/current/log_inprogress_0
2023-06-27 17:02:12,604 [db05cefc-d1d0-4a37-85d6-512a7e836214@group-486A61EE134F-LeaderElection2] INFO  server.RaftServer$Division (ServerState.java:setRaftConf(434)) - db05cefc-d1d0-4a37-85d6-512a7e836214@group-486A61EE134F: set configuration 0: peers:[db05cefc-d1d0-4a37-85d6-512a7e836214|rpc:10.1.72.1:15022|admin:10.1.72.1:15021|client:10.1.72.1:15020|dataStream:10.1.72.1:15023|priority:1|startupRole:FOLLOWER]|listeners:[], old=null
2023-06-27 17:02:12,605 [EventQueue-OpenPipelineForHealthyPipelineSafeModeRule] INFO  safemode.SCMSafeModeManager (HealthyPipelineSafeModeRule.java:process(137)) - SCM in safe mode. Healthy pipelines reported count is 0, required healthy pipeline reported count is 1
2023-06-27 17:02:12,742 [e112e51e-5103-4e17-9bb8-79f4bd4a8423@group-CC5C88E2D232-FollowerState] INFO  impl.FollowerState (FollowerState.java:run(143)) - e112e51e-5103-4e17-9bb8-79f4bd4a8423@group-CC5C88E2D232-FollowerState: change to CANDIDATE, lastRpcElapsedTime:5041973365ns, electionTimeout:5037ms
2023-06-27 17:02:12,743 [e112e51e-5103-4e17-9bb8-79f4bd4a8423@group-CC5C88E2D232-FollowerState] INFO  impl.RoleInfo (RoleInfo.java:shutdownFollowerState(110)) - e112e51e-5103-4e17-9bb8-79f4bd4a8423: shutdown e112e51e-5103-4e17-9bb8-79f4bd4a8423@group-CC5C88E2D232-FollowerState
2023-06-27 17:02:12,743 [e112e51e-5103-4e17-9bb8-79f4bd4a8423@group-CC5C88E2D232-FollowerState] INFO  server.RaftServer$Division (RaftServerImpl.java:setRole(329)) - e112e51e-5103-4e17-9bb8-79f4bd4a8423@group-CC5C88E2D232: changes role from  FOLLOWER to CANDIDATE at term 0 for changeToCandidate
2023-06-27 17:02:12,746 [e112e51e-5103-4e17-9bb8-79f4bd4a8423@group-CC5C88E2D232-FollowerState] INFO  server.RaftServerConfigKeys (ConfUtils.java:logGet(46)) - raft.server.leaderelection.pre-vote = true (default)
2023-06-27 17:02:12,746 [e112e51e-5103-4e17-9bb8-79f4bd4a8423@group-CC5C88E2D232-FollowerState] INFO  impl.RoleInfo (RoleInfo.java:updateAndGet(139)) - e112e51e-5103-4e17-9bb8-79f4bd4a8423: start e112e51e-5103-4e17-9bb8-79f4bd4a8423@group-CC5C88E2D232-LeaderElection3
2023-06-27 17:02:12,748 [e112e51e-5103-4e17-9bb8-79f4bd4a8423@group-CC5C88E2D232-LeaderElection3] INFO  impl.LeaderElection (LeaderElection.java:askForVotes(321)) - e112e51e-5103-4e17-9bb8-79f4bd4a8423@group-CC5C88E2D232-LeaderElection3 PRE_VOTE round 0: submit vote requests at term 0 for -1: peers:[e112e51e-5103-4e17-9bb8-79f4bd4a8423|rpc:10.1.72.1:15040|admin:10.1.72.1:15039|client:10.1.72.1:15038|dataStream:10.1.72.1:15041|priority:0|startupRole:FOLLOWER, db05cefc-d1d0-4a37-85d6-512a7e836214|rpc:10.1.72.1:15022|admin:10.1.72.1:15021|client:10.1.72.1:15020|dataStream:10.1.72.1:15023|priority:1|startupRole:FOLLOWER, 06134254-2103-4fb3-af28-769d7483b85f|rpc:10.1.72.1:15031|admin:10.1.72.1:15030|client:10.1.72.1:15029|dataStream:10.1.72.1:15032|priority:0|startupRole:FOLLOWER]|listeners:[], old=null
2023-06-27 17:02:12,749 [e112e51e-5103-4e17-9bb8-79f4bd4a8423@group-CC5C88E2D232-LeaderElection3-1] INFO  server.GrpcServerProtocolClient (GrpcServerProtocolClient.java:<init>(65)) - Build channel for db05cefc-d1d0-4a37-85d6-512a7e836214
2023-06-27 17:02:12,752 [e112e51e-5103-4e17-9bb8-79f4bd4a8423@group-CC5C88E2D232-LeaderElection3] INFO  server.RaftServerConfigKeys (ConfUtils.java:logFallback(53)) - raft.server.rpc.first-election.timeout.min = 5s (fallback to raft.server.rpc.timeout.min)
2023-06-27 17:02:12,753 [e112e51e-5103-4e17-9bb8-79f4bd4a8423@group-CC5C88E2D232-LeaderElection3] INFO  server.RaftServerConfigKeys (ConfUtils.java:logFallback(53)) - raft.server.rpc.first-election.timeout.max = 5200ms (fallback to raft.server.rpc.timeout.max)
2023-06-27 17:02:12,752 [e112e51e-5103-4e17-9bb8-79f4bd4a8423@group-CC5C88E2D232-LeaderElection3-2] INFO  server.GrpcServerProtocolClient (GrpcServerProtocolClient.java:<init>(65)) - Build channel for 06134254-2103-4fb3-af28-769d7483b85f
2023-06-27 17:02:12,756 [db05cefc-d1d0-4a37-85d6-512a7e836214@group-CC5C88E2D232-FollowerState] INFO  impl.FollowerState (FollowerState.java:run(143)) - db05cefc-d1d0-4a37-85d6-512a7e836214@group-CC5C88E2D232-FollowerState: change to CANDIDATE, lastRpcElapsedTime:5143178100ns, electionTimeout:5139ms
2023-06-27 17:02:12,757 [db05cefc-d1d0-4a37-85d6-512a7e836214@group-CC5C88E2D232-FollowerState] INFO  impl.RoleInfo (RoleInfo.java:shutdownFollowerState(110)) - db05cefc-d1d0-4a37-85d6-512a7e836214: shutdown db05cefc-d1d0-4a37-85d6-512a7e836214@group-CC5C88E2D232-FollowerState
2023-06-27 17:02:12,757 [db05cefc-d1d0-4a37-85d6-512a7e836214@group-CC5C88E2D232-FollowerState] INFO  server.RaftServer$Division (RaftServerImpl.java:setRole(329)) - db05cefc-d1d0-4a37-85d6-512a7e836214@group-CC5C88E2D232: changes role from  FOLLOWER to CANDIDATE at term 0 for changeToCandidate
2023-06-27 17:02:12,757 [grpc-default-executor-0] INFO  server.RaftServer$Division (RaftServerImpl.java:requestVote(1302)) - db05cefc-d1d0-4a37-85d6-512a7e836214@group-CC5C88E2D232: receive requestVote(PRE_VOTE, e112e51e-5103-4e17-9bb8-79f4bd4a8423, group-CC5C88E2D232, 0, (t:0, i:0))
2023-06-27 17:02:12,758 [db05cefc-d1d0-4a37-85d6-512a7e836214@group-CC5C88E2D232-FollowerState] INFO  server.RaftServerConfigKeys (ConfUtils.java:logGet(46)) - raft.server.leaderelection.pre-vote = true (default)
2023-06-27 17:02:12,758 [db05cefc-d1d0-4a37-85d6-512a7e836214@group-CC5C88E2D232-FollowerState] INFO  impl.RoleInfo (RoleInfo.java:updateAndGet(139)) - db05cefc-d1d0-4a37-85d6-512a7e836214: start db05cefc-d1d0-4a37-85d6-512a7e836214@group-CC5C88E2D232-LeaderElection4
2023-06-27 17:02:12,765 [grpc-default-executor-0] INFO  impl.VoteContext (VoteContext.java:log(49)) - db05cefc-d1d0-4a37-85d6-512a7e836214@group-CC5C88E2D232-CANDIDATE: reject PRE_VOTE from e112e51e-5103-4e17-9bb8-79f4bd4a8423: our priority 1 > candidate's priority 0
2023-06-27 17:02:12,765 [grpc-default-executor-0] INFO  server.RaftServer$Division (RaftServerImpl.java:requestVote(1335)) - db05cefc-d1d0-4a37-85d6-512a7e836214@group-CC5C88E2D232 replies to PRE_VOTE vote request: e112e51e-5103-4e17-9bb8-79f4bd4a8423<-db05cefc-d1d0-4a37-85d6-512a7e836214#0:FAIL-t0. Peer's state: db05cefc-d1d0-4a37-85d6-512a7e836214@group-CC5C88E2D232:t0, leader=null, voted=, raftlog=Memoized:db05cefc-d1d0-4a37-85d6-512a7e836214@group-CC5C88E2D232-SegmentedRaftLog:OPENED:c-1, conf=-1: peers:[e112e51e-5103-4e17-9bb8-79f4bd4a8423|rpc:10.1.72.1:15040|admin:10.1.72.1:15039|client:10.1.72.1:15038|dataStream:10.1.72.1:15041|priority:0|startupRole:FOLLOWER, db05cefc-d1d0-4a37-85d6-512a7e836214|rpc:10.1.72.1:15022|admin:10.1.72.1:15021|client:10.1.72.1:15020|dataStream:10.1.72.1:15023|priority:1|startupRole:FOLLOWER, 06134254-2103-4fb3-af28-769d7483b85f|rpc:10.1.72.1:15031|admin:10.1.72.1:15030|client:10.1.72.1:15029|dataStream:10.1.72.1:15032|priority:0|startupRole:FOLLOWER]|listeners:[], old=null
2023-06-27 17:02:12,765 [db05cefc-d1d0-4a37-85d6-512a7e836214@group-CC5C88E2D232-LeaderElection4] INFO  impl.LeaderElection (LeaderElection.java:askForVotes(321)) - db05cefc-d1d0-4a37-85d6-512a7e836214@group-CC5C88E2D232-LeaderElection4 PRE_VOTE round 0: submit vote requests at term 0 for -1: peers:[e112e51e-5103-4e17-9bb8-79f4bd4a8423|rpc:10.1.72.1:15040|admin:10.1.72.1:15039|client:10.1.72.1:15038|dataStream:10.1.72.1:15041|priority:0|startupRole:FOLLOWER, db05cefc-d1d0-4a37-85d6-512a7e836214|rpc:10.1.72.1:15022|admin:10.1.72.1:15021|client:10.1.72.1:15020|dataStream:10.1.72.1:15023|priority:1|startupRole:FOLLOWER, 06134254-2103-4fb3-af28-769d7483b85f|rpc:10.1.72.1:15031|admin:10.1.72.1:15030|client:10.1.72.1:15029|dataStream:10.1.72.1:15032|priority:0|startupRole:FOLLOWER]|listeners:[], old=null
2023-06-27 17:02:12,773 [db05cefc-d1d0-4a37-85d6-512a7e836214@group-CC5C88E2D232-LeaderElection4-1] INFO  server.GrpcServerProtocolClient (GrpcServerProtocolClient.java:<init>(65)) - Build channel for e112e51e-5103-4e17-9bb8-79f4bd4a8423
2023-06-27 17:02:12,785 [e112e51e-5103-4e17-9bb8-79f4bd4a8423@group-CC5C88E2D232-LeaderElection3] INFO  impl.LeaderElection (LeaderElection.java:logAndReturn(90)) - e112e51e-5103-4e17-9bb8-79f4bd4a8423@group-CC5C88E2D232-LeaderElection3: PRE_VOTE REJECTED received 1 response(s) and 0 exception(s):
2023-06-27 17:02:12,786 [db05cefc-d1d0-4a37-85d6-512a7e836214@group-CC5C88E2D232-LeaderElection4] INFO  server.RaftServerConfigKeys (ConfUtils.java:logFallback(53)) - raft.server.rpc.first-election.timeout.min = 5s (fallback to raft.server.rpc.timeout.min)
2023-06-27 17:02:12,786 [e112e51e-5103-4e17-9bb8-79f4bd4a8423@group-CC5C88E2D232-LeaderElection3] INFO  impl.LeaderElection (LeaderElection.java:logAndReturn(94)) -   Response 0: e112e51e-5103-4e17-9bb8-79f4bd4a8423<-db05cefc-d1d0-4a37-85d6-512a7e836214#0:FAIL-t0
2023-06-27 17:02:12,786 [db05cefc-d1d0-4a37-85d6-512a7e836214@group-CC5C88E2D232-LeaderElection4] INFO  server.RaftServerConfigKeys (ConfUtils.java:logFallback(53)) - raft.server.rpc.first-election.timeout.max = 5200ms (fallback to raft.server.rpc.timeout.max)
2023-06-27 17:02:12,786 [e112e51e-5103-4e17-9bb8-79f4bd4a8423@group-CC5C88E2D232-LeaderElection3] INFO  impl.LeaderElection (LeaderElection.java:askForVotes(323)) - e112e51e-5103-4e17-9bb8-79f4bd4a8423@group-CC5C88E2D232-LeaderElection3 PRE_VOTE round 0: result REJECTED
2023-06-27 17:02:12,786 [e112e51e-5103-4e17-9bb8-79f4bd4a8423@group-CC5C88E2D232-LeaderElection3] INFO  server.RaftServer$Division (RaftServerImpl.java:setRole(329)) - e112e51e-5103-4e17-9bb8-79f4bd4a8423@group-CC5C88E2D232: changes role from CANDIDATE to FOLLOWER at term 0 for REJECTED
2023-06-27 17:02:12,786 [e112e51e-5103-4e17-9bb8-79f4bd4a8423@group-CC5C88E2D232-LeaderElection3] INFO  impl.RoleInfo (RoleInfo.java:shutdownLeaderElection(130)) - e112e51e-5103-4e17-9bb8-79f4bd4a8423: shutdown e112e51e-5103-4e17-9bb8-79f4bd4a8423@group-CC5C88E2D232-LeaderElection3
2023-06-27 17:02:12,786 [e112e51e-5103-4e17-9bb8-79f4bd4a8423@group-CC5C88E2D232-LeaderElection3] INFO  impl.RoleInfo (RoleInfo.java:updateAndGet(139)) - e112e51e-5103-4e17-9bb8-79f4bd4a8423: start e112e51e-5103-4e17-9bb8-79f4bd4a8423@group-CC5C88E2D232-FollowerState
2023-06-27 17:02:12,789 [db05cefc-d1d0-4a37-85d6-512a7e836214@group-CC5C88E2D232-LeaderElection4-2] INFO  server.GrpcServerProtocolClient (GrpcServerProtocolClient.java:<init>(65)) - Build channel for 06134254-2103-4fb3-af28-769d7483b85f
2023-06-27 17:02:12,796 [grpc-default-executor-0] INFO  server.RaftServer$Division (RaftServerImpl.java:requestVote(1302)) - 06134254-2103-4fb3-af28-769d7483b85f@group-CC5C88E2D232: receive requestVote(PRE_VOTE, db05cefc-d1d0-4a37-85d6-512a7e836214, group-CC5C88E2D232, 0, (t:0, i:0))
2023-06-27 17:02:12,797 [grpc-default-executor-0] INFO  impl.VoteContext (VoteContext.java:log(49)) - 06134254-2103-4fb3-af28-769d7483b85f@group-CC5C88E2D232-FOLLOWER: accept PRE_VOTE from db05cefc-d1d0-4a37-85d6-512a7e836214: our priority 0 <= candidate's priority 1
2023-06-27 17:02:12,797 [grpc-default-executor-0] INFO  server.RaftServer$Division (RaftServerImpl.java:requestVote(1335)) - 06134254-2103-4fb3-af28-769d7483b85f@group-CC5C88E2D232 replies to PRE_VOTE vote request: db05cefc-d1d0-4a37-85d6-512a7e836214<-06134254-2103-4fb3-af28-769d7483b85f#0:OK-t0. Peer's state: 06134254-2103-4fb3-af28-769d7483b85f@group-CC5C88E2D232:t0, leader=null, voted=, raftlog=Memoized:06134254-2103-4fb3-af28-769d7483b85f@group-CC5C88E2D232-SegmentedRaftLog:OPENED:c-1, conf=-1: peers:[e112e51e-5103-4e17-9bb8-79f4bd4a8423|rpc:10.1.72.1:15040|admin:10.1.72.1:15039|client:10.1.72.1:15038|dataStream:10.1.72.1:15041|priority:0|startupRole:FOLLOWER, db05cefc-d1d0-4a37-85d6-512a7e836214|rpc:10.1.72.1:15022|admin:10.1.72.1:15021|client:10.1.72.1:15020|dataStream:10.1.72.1:15023|priority:1|startupRole:FOLLOWER, 06134254-2103-4fb3-af28-769d7483b85f|rpc:10.1.72.1:15031|admin:10.1.72.1:15030|client:10.1.72.1:15029|dataStream:10.1.72.1:15032|priority:0|startupRole:FOLLOWER]|listeners:[], old=null
2023-06-27 17:02:12,800 [db05cefc-d1d0-4a37-85d6-512a7e836214@group-CC5C88E2D232-LeaderElection4] INFO  impl.LeaderElection (LeaderElection.java:logAndReturn(90)) - db05cefc-d1d0-4a37-85d6-512a7e836214@group-CC5C88E2D232-LeaderElection4: PRE_VOTE PASSED received 1 response(s) and 0 exception(s):
2023-06-27 17:02:12,800 [db05cefc-d1d0-4a37-85d6-512a7e836214@group-CC5C88E2D232-LeaderElection4] INFO  impl.LeaderElection (LeaderElection.java:logAndReturn(94)) -   Response 0: db05cefc-d1d0-4a37-85d6-512a7e836214<-06134254-2103-4fb3-af28-769d7483b85f#0:OK-t0
2023-06-27 17:02:12,800 [db05cefc-d1d0-4a37-85d6-512a7e836214@group-CC5C88E2D232-LeaderElection4] INFO  impl.LeaderElection (LeaderElection.java:askForVotes(323)) - db05cefc-d1d0-4a37-85d6-512a7e836214@group-CC5C88E2D232-LeaderElection4 PRE_VOTE round 0: result PASSED
2023-06-27 17:02:12,801 [db05cefc-d1d0-4a37-85d6-512a7e836214@group-CC5C88E2D232-LeaderElection4] INFO  impl.LeaderElection (LeaderElection.java:askForVotes(321)) - db05cefc-d1d0-4a37-85d6-512a7e836214@group-CC5C88E2D232-LeaderElection4 ELECTION round 0: submit vote requests at term 1 for -1: peers:[e112e51e-5103-4e17-9bb8-79f4bd4a8423|rpc:10.1.72.1:15040|admin:10.1.72.1:15039|client:10.1.72.1:15038|dataStream:10.1.72.1:15041|priority:0|startupRole:FOLLOWER, db05cefc-d1d0-4a37-85d6-512a7e836214|rpc:10.1.72.1:15022|admin:10.1.72.1:15021|client:10.1.72.1:15020|dataStream:10.1.72.1:15023|priority:1|startupRole:FOLLOWER, 06134254-2103-4fb3-af28-769d7483b85f|rpc:10.1.72.1:15031|admin:10.1.72.1:15030|client:10.1.72.1:15029|dataStream:10.1.72.1:15032|priority:0|startupRole:FOLLOWER]|listeners:[], old=null
2023-06-27 17:02:12,802 [db05cefc-d1d0-4a37-85d6-512a7e836214@group-CC5C88E2D232-LeaderElection4] INFO  server.RaftServerConfigKeys (ConfUtils.java:logFallback(53)) - raft.server.rpc.first-election.timeout.min = 5s (fallback to raft.server.rpc.timeout.min)
2023-06-27 17:02:12,802 [db05cefc-d1d0-4a37-85d6-512a7e836214@group-CC5C88E2D232-LeaderElection4] INFO  server.RaftServerConfigKeys (ConfUtils.java:logFallback(53)) - raft.server.rpc.first-election.timeout.max = 5200ms (fallback to raft.server.rpc.timeout.max)
2023-06-27 17:02:12,814 [grpc-default-executor-0] INFO  server.RaftServer$Division (RaftServerImpl.java:requestVote(1302)) - 06134254-2103-4fb3-af28-769d7483b85f@group-CC5C88E2D232: receive requestVote(ELECTION, db05cefc-d1d0-4a37-85d6-512a7e836214, group-CC5C88E2D232, 1, (t:0, i:0))
2023-06-27 17:02:12,818 [grpc-default-executor-0] INFO  impl.VoteContext (VoteContext.java:log(49)) - 06134254-2103-4fb3-af28-769d7483b85f@group-CC5C88E2D232-FOLLOWER: accept ELECTION from db05cefc-d1d0-4a37-85d6-512a7e836214: our priority 0 <= candidate's priority 1
2023-06-27 17:02:12,818 [grpc-default-executor-0] INFO  server.RaftServer$Division (RaftServerImpl.java:setRole(329)) - 06134254-2103-4fb3-af28-769d7483b85f@group-CC5C88E2D232: changes role from  FOLLOWER to FOLLOWER at term 1 for candidate:db05cefc-d1d0-4a37-85d6-512a7e836214
2023-06-27 17:02:12,818 [grpc-default-executor-0] INFO  impl.RoleInfo (RoleInfo.java:shutdownFollowerState(110)) - 06134254-2103-4fb3-af28-769d7483b85f: shutdown 06134254-2103-4fb3-af28-769d7483b85f@group-CC5C88E2D232-FollowerState
2023-06-27 17:02:12,814 [grpc-default-executor-2] INFO  server.RaftServer$Division (RaftServerImpl.java:requestVote(1302)) - e112e51e-5103-4e17-9bb8-79f4bd4a8423@group-CC5C88E2D232: receive requestVote(ELECTION, db05cefc-d1d0-4a37-85d6-512a7e836214, group-CC5C88E2D232, 1, (t:0, i:0))
2023-06-27 17:02:12,814 [grpc-default-executor-1] INFO  server.RaftServer$Division (RaftServerImpl.java:requestVote(1302)) - e112e51e-5103-4e17-9bb8-79f4bd4a8423@group-CC5C88E2D232: receive requestVote(PRE_VOTE, db05cefc-d1d0-4a37-85d6-512a7e836214, group-CC5C88E2D232, 0, (t:0, i:0))
2023-06-27 17:02:12,819 [grpc-default-executor-0] INFO  impl.RoleInfo (RoleInfo.java:updateAndGet(139)) - 06134254-2103-4fb3-af28-769d7483b85f: start 06134254-2103-4fb3-af28-769d7483b85f@group-CC5C88E2D232-FollowerState
2023-06-27 17:02:12,819 [06134254-2103-4fb3-af28-769d7483b85f@group-CC5C88E2D232-FollowerState] INFO  impl.FollowerState (FollowerState.java:run(152)) - 06134254-2103-4fb3-af28-769d7483b85f@group-CC5C88E2D232-FollowerState was interrupted
2023-06-27 17:02:12,821 [grpc-default-executor-0] INFO  server.RaftServer$Division (RaftServerImpl.java:requestVote(1335)) - 06134254-2103-4fb3-af28-769d7483b85f@group-CC5C88E2D232 replies to ELECTION vote request: db05cefc-d1d0-4a37-85d6-512a7e836214<-06134254-2103-4fb3-af28-769d7483b85f#0:OK-t1. Peer's state: 06134254-2103-4fb3-af28-769d7483b85f@group-CC5C88E2D232:t1, leader=null, voted=db05cefc-d1d0-4a37-85d6-512a7e836214, raftlog=Memoized:06134254-2103-4fb3-af28-769d7483b85f@group-CC5C88E2D232-SegmentedRaftLog:OPENED:c-1, conf=-1: peers:[e112e51e-5103-4e17-9bb8-79f4bd4a8423|rpc:10.1.72.1:15040|admin:10.1.72.1:15039|client:10.1.72.1:15038|dataStream:10.1.72.1:15041|priority:0|startupRole:FOLLOWER, db05cefc-d1d0-4a37-85d6-512a7e836214|rpc:10.1.72.1:15022|admin:10.1.72.1:15021|client:10.1.72.1:15020|dataStream:10.1.72.1:15023|priority:1|startupRole:FOLLOWER, 06134254-2103-4fb3-af28-769d7483b85f|rpc:10.1.72.1:15031|admin:10.1.72.1:15030|client:10.1.72.1:15029|dataStream:10.1.72.1:15032|priority:0|startupRole:FOLLOWER]|listeners:[], old=null
2023-06-27 17:02:12,819 [grpc-default-executor-2] INFO  impl.VoteContext (VoteContext.java:log(49)) - e112e51e-5103-4e17-9bb8-79f4bd4a8423@group-CC5C88E2D232-FOLLOWER: accept ELECTION from db05cefc-d1d0-4a37-85d6-512a7e836214: our priority 0 <= candidate's priority 1
2023-06-27 17:02:12,822 [grpc-default-executor-2] INFO  server.RaftServer$Division (RaftServerImpl.java:setRole(329)) - e112e51e-5103-4e17-9bb8-79f4bd4a8423@group-CC5C88E2D232: changes role from  FOLLOWER to FOLLOWER at term 1 for candidate:db05cefc-d1d0-4a37-85d6-512a7e836214
2023-06-27 17:02:12,822 [grpc-default-executor-2] INFO  impl.RoleInfo (RoleInfo.java:shutdownFollowerState(110)) - e112e51e-5103-4e17-9bb8-79f4bd4a8423: shutdown e112e51e-5103-4e17-9bb8-79f4bd4a8423@group-CC5C88E2D232-FollowerState
2023-06-27 17:02:12,822 [grpc-default-executor-3] INFO  server.RaftServer$Division (RaftServerImpl.java:requestVote(1302)) - 06134254-2103-4fb3-af28-769d7483b85f@group-CC5C88E2D232: receive requestVote(PRE_VOTE, e112e51e-5103-4e17-9bb8-79f4bd4a8423, group-CC5C88E2D232, 0, (t:0, i:0))
2023-06-27 17:02:12,822 [e112e51e-5103-4e17-9bb8-79f4bd4a8423@group-CC5C88E2D232-FollowerState] INFO  impl.FollowerState (FollowerState.java:run(152)) - e112e51e-5103-4e17-9bb8-79f4bd4a8423@group-CC5C88E2D232-FollowerState was interrupted
2023-06-27 17:02:12,822 [grpc-default-executor-2] INFO  impl.RoleInfo (RoleInfo.java:updateAndGet(139)) - e112e51e-5103-4e17-9bb8-79f4bd4a8423: start e112e51e-5103-4e17-9bb8-79f4bd4a8423@group-CC5C88E2D232-FollowerState
2023-06-27 17:02:12,823 [grpc-default-executor-3] INFO  impl.VoteContext (VoteContext.java:log(49)) - 06134254-2103-4fb3-af28-769d7483b85f@group-CC5C88E2D232-FOLLOWER: accept PRE_VOTE from e112e51e-5103-4e17-9bb8-79f4bd4a8423: our priority 0 <= candidate's priority 0
2023-06-27 17:02:12,824 [grpc-default-executor-3] INFO  server.RaftServer$Division (RaftServerImpl.java:requestVote(1335)) - 06134254-2103-4fb3-af28-769d7483b85f@group-CC5C88E2D232 replies to PRE_VOTE vote request: e112e51e-5103-4e17-9bb8-79f4bd4a8423<-06134254-2103-4fb3-af28-769d7483b85f#0:OK-t1. Peer's state: 06134254-2103-4fb3-af28-769d7483b85f@group-CC5C88E2D232:t1, leader=null, voted=db05cefc-d1d0-4a37-85d6-512a7e836214, raftlog=Memoized:06134254-2103-4fb3-af28-769d7483b85f@group-CC5C88E2D232-SegmentedRaftLog:OPENED:c-1, conf=-1: peers:[e112e51e-5103-4e17-9bb8-79f4bd4a8423|rpc:10.1.72.1:15040|admin:10.1.72.1:15039|client:10.1.72.1:15038|dataStream:10.1.72.1:15041|priority:0|startupRole:FOLLOWER, db05cefc-d1d0-4a37-85d6-512a7e836214|rpc:10.1.72.1:15022|admin:10.1.72.1:15021|client:10.1.72.1:15020|dataStream:10.1.72.1:15023|priority:1|startupRole:FOLLOWER, 06134254-2103-4fb3-af28-769d7483b85f|rpc:10.1.72.1:15031|admin:10.1.72.1:15030|client:10.1.72.1:15029|dataStream:10.1.72.1:15032|priority:0|startupRole:FOLLOWER]|listeners:[], old=null
2023-06-27 17:02:12,829 [grpc-default-executor-2] INFO  server.RaftServer$Division (RaftServerImpl.java:requestVote(1335)) - e112e51e-5103-4e17-9bb8-79f4bd4a8423@group-CC5C88E2D232 replies to ELECTION vote request: db05cefc-d1d0-4a37-85d6-512a7e836214<-e112e51e-5103-4e17-9bb8-79f4bd4a8423#0:OK-t1. Peer's state: e112e51e-5103-4e17-9bb8-79f4bd4a8423@group-CC5C88E2D232:t1, leader=null, voted=db05cefc-d1d0-4a37-85d6-512a7e836214, raftlog=Memoized:e112e51e-5103-4e17-9bb8-79f4bd4a8423@group-CC5C88E2D232-SegmentedRaftLog:OPENED:c-1, conf=-1: peers:[e112e51e-5103-4e17-9bb8-79f4bd4a8423|rpc:10.1.72.1:15040|admin:10.1.72.1:15039|client:10.1.72.1:15038|dataStream:10.1.72.1:15041|priority:0|startupRole:FOLLOWER, db05cefc-d1d0-4a37-85d6-512a7e836214|rpc:10.1.72.1:15022|admin:10.1.72.1:15021|client:10.1.72.1:15020|dataStream:10.1.72.1:15023|priority:1|startupRole:FOLLOWER, 06134254-2103-4fb3-af28-769d7483b85f|rpc:10.1.72.1:15031|admin:10.1.72.1:15030|client:10.1.72.1:15029|dataStream:10.1.72.1:15032|priority:0|startupRole:FOLLOWER]|listeners:[], old=null
2023-06-27 17:02:12,829 [grpc-default-executor-1] INFO  impl.VoteContext (VoteContext.java:log(49)) - e112e51e-5103-4e17-9bb8-79f4bd4a8423@group-CC5C88E2D232-FOLLOWER: accept PRE_VOTE from db05cefc-d1d0-4a37-85d6-512a7e836214: our priority 0 <= candidate's priority 1
2023-06-27 17:02:12,832 [grpc-default-executor-1] INFO  server.RaftServer$Division (RaftServerImpl.java:requestVote(1335)) - e112e51e-5103-4e17-9bb8-79f4bd4a8423@group-CC5C88E2D232 replies to PRE_VOTE vote request: db05cefc-d1d0-4a37-85d6-512a7e836214<-e112e51e-5103-4e17-9bb8-79f4bd4a8423#0:OK-t1. Peer's state: e112e51e-5103-4e17-9bb8-79f4bd4a8423@group-CC5C88E2D232:t1, leader=null, voted=db05cefc-d1d0-4a37-85d6-512a7e836214, raftlog=Memoized:e112e51e-5103-4e17-9bb8-79f4bd4a8423@group-CC5C88E2D232-SegmentedRaftLog:OPENED:c-1, conf=-1: peers:[e112e51e-5103-4e17-9bb8-79f4bd4a8423|rpc:10.1.72.1:15040|admin:10.1.72.1:15039|client:10.1.72.1:15038|dataStream:10.1.72.1:15041|priority:0|startupRole:FOLLOWER, db05cefc-d1d0-4a37-85d6-512a7e836214|rpc:10.1.72.1:15022|admin:10.1.72.1:15021|client:10.1.72.1:15020|dataStream:10.1.72.1:15023|priority:1|startupRole:FOLLOWER, 06134254-2103-4fb3-af28-769d7483b85f|rpc:10.1.72.1:15031|admin:10.1.72.1:15030|client:10.1.72.1:15029|dataStream:10.1.72.1:15032|priority:0|startupRole:FOLLOWER]|listeners:[], old=null
2023-06-27 17:02:12,830 [db05cefc-d1d0-4a37-85d6-512a7e836214@group-CC5C88E2D232-LeaderElection4] INFO  impl.LeaderElection (LeaderElection.java:logAndReturn(90)) - db05cefc-d1d0-4a37-85d6-512a7e836214@group-CC5C88E2D232-LeaderElection4: ELECTION PASSED received 1 response(s) and 0 exception(s):
2023-06-27 17:02:12,833 [db05cefc-d1d0-4a37-85d6-512a7e836214@group-CC5C88E2D232-LeaderElection4] INFO  impl.LeaderElection (LeaderElection.java:logAndReturn(94)) -   Response 0: db05cefc-d1d0-4a37-85d6-512a7e836214<-06134254-2103-4fb3-af28-769d7483b85f#0:OK-t1
2023-06-27 17:02:12,833 [db05cefc-d1d0-4a37-85d6-512a7e836214@group-CC5C88E2D232-LeaderElection4] INFO  impl.LeaderElection (LeaderElection.java:askForVotes(323)) - db05cefc-d1d0-4a37-85d6-512a7e836214@group-CC5C88E2D232-LeaderElection4 ELECTION round 0: result PASSED
2023-06-27 17:02:12,833 [db05cefc-d1d0-4a37-85d6-512a7e836214@group-CC5C88E2D232-LeaderElection4] INFO  impl.RoleInfo (RoleInfo.java:shutdownLeaderElection(130)) - db05cefc-d1d0-4a37-85d6-512a7e836214: shutdown db05cefc-d1d0-4a37-85d6-512a7e836214@group-CC5C88E2D232-LeaderElection4
2023-06-27 17:02:12,834 [db05cefc-d1d0-4a37-85d6-512a7e836214@group-CC5C88E2D232-LeaderElection4] INFO  server.RaftServer$Division (RaftServerImpl.java:setRole(329)) - db05cefc-d1d0-4a37-85d6-512a7e836214@group-CC5C88E2D232: changes role from CANDIDATE to LEADER at term 1 for changeToLeader
2023-06-27 17:02:12,834 [db05cefc-d1d0-4a37-85d6-512a7e836214@group-CC5C88E2D232-LeaderElection4] INFO  ratis.XceiverServerRatis (XceiverServerRatis.java:handleLeaderChangedNotification(902)) - Leader change notification received for group: group-CC5C88E2D232 with new leaderId: db05cefc-d1d0-4a37-85d6-512a7e836214
2023-06-27 17:02:12,834 [db05cefc-d1d0-4a37-85d6-512a7e836214@group-CC5C88E2D232-LeaderElection4] INFO  server.RaftServer$Division (ServerState.java:setLeader(317)) - db05cefc-d1d0-4a37-85d6-512a7e836214@group-CC5C88E2D232: change Leader from null to db05cefc-d1d0-4a37-85d6-512a7e836214 at term 1 for becomeLeader, leader elected after 5239ms
2023-06-27 17:02:12,834 [db05cefc-d1d0-4a37-85d6-512a7e836214@group-CC5C88E2D232-LeaderElection4] INFO  server.RaftServerConfigKeys (ConfUtils.java:logGet(46)) - raft.server.staging.catchup.gap = 1000 (default)
2023-06-27 17:02:12,834 [db05cefc-d1d0-4a37-85d6-512a7e836214@group-CC5C88E2D232-LeaderElection4] INFO  server.RaftServerConfigKeys (ConfUtils.java:logGet(46)) - raft.server.write.element-limit = 1024 (custom)
2023-06-27 17:02:12,835 [db05cefc-d1d0-4a37-85d6-512a7e836214@group-CC5C88E2D232-LeaderElection4] INFO  server.RaftServerConfigKeys (ConfUtils.java:logGet(46)) - raft.server.write.byte-limit = 1024 M (=1073741824) (custom)
2023-06-27 17:02:12,835 [db05cefc-d1d0-4a37-85d6-512a7e836214@group-CC5C88E2D232-LeaderElection4] INFO  server.RaftServerConfigKeys (ConfUtils.java:logGet(46)) - raft.server.watch.timeout = 180s (custom)
2023-06-27 17:02:12,835 [db05cefc-d1d0-4a37-85d6-512a7e836214@group-CC5C88E2D232-LeaderElection4] INFO  server.RaftServerConfigKeys (ConfUtils.java:logGet(46)) - raft.server.watch.timeout.denomination = 1s (default)
2023-06-27 17:02:12,835 [db05cefc-d1d0-4a37-85d6-512a7e836214@group-CC5C88E2D232-LeaderElection4] INFO  server.RaftServerConfigKeys (ConfUtils.java:logGet(46)) - raft.server.watch.element-limit = 65536 (default)
2023-06-27 17:02:12,835 [db05cefc-d1d0-4a37-85d6-512a7e836214@group-CC5C88E2D232-LeaderElection4] INFO  server.RaftServerConfigKeys (ConfUtils.java:logGet(46)) - raft.server.write.element-limit = 1024 (custom)
2023-06-27 17:02:12,835 [db05cefc-d1d0-4a37-85d6-512a7e836214@group-CC5C88E2D232-LeaderElection4] INFO  server.RaftServerConfigKeys (ConfUtils.java:logGet(46)) - raft.server.write.follower.gap.ratio.max = -1.0 (default)
2023-06-27 17:02:12,835 [db05cefc-d1d0-4a37-85d6-512a7e836214@group-CC5C88E2D232-LeaderElection4] INFO  server.RaftServerConfigKeys (ConfUtils.java:logGet(46)) - raft.server.log.appender.snapshot.chunk.size.max = 16MB (=16777216) (default)
2023-06-27 17:02:12,836 [db05cefc-d1d0-4a37-85d6-512a7e836214@group-CC5C88E2D232-LeaderElection4] INFO  server.RaftServerConfigKeys (ConfUtils.java:logGet(46)) - raft.server.log.appender.buffer.byte-limit = 33554432 (custom)
2023-06-27 17:02:12,836 [db05cefc-d1d0-4a37-85d6-512a7e836214@group-CC5C88E2D232-LeaderElection4] INFO  server.RaftServerConfigKeys (ConfUtils.java:logGet(46)) - raft.server.log.appender.buffer.element-limit = 1 (custom)
2023-06-27 17:02:12,836 [db05cefc-d1d0-4a37-85d6-512a7e836214@group-CC5C88E2D232-LeaderElection4] INFO  server.RaftServerConfigKeys (ConfUtils.java:logGet(46)) - raft.server.log.appender.wait-time.min = 10ms (default)
2023-06-27 17:02:12,836 [db05cefc-d1d0-4a37-85d6-512a7e836214@group-CC5C88E2D232-LeaderElection4] INFO  grpc.GrpcConfigKeys (ConfUtils.java:logGet(46)) - raft.grpc.server.leader.outstanding.appends.max = 128 (default)
2023-06-27 17:02:12,836 [db05cefc-d1d0-4a37-85d6-512a7e836214@group-CC5C88E2D232-LeaderElection4] INFO  server.RaftServerConfigKeys (ConfUtils.java:logGet(46)) - raft.server.rpc.request.timeout = 60s (custom)
2023-06-27 17:02:12,836 [db05cefc-d1d0-4a37-85d6-512a7e836214@group-CC5C88E2D232-LeaderElection4] INFO  grpc.GrpcConfigKeys (ConfUtils.java:logGet(46)) - raft.grpc.server.install_snapshot.request.element-limit = 8 (default)
2023-06-27 17:02:12,836 [db05cefc-d1d0-4a37-85d6-512a7e836214@group-CC5C88E2D232-LeaderElection4] INFO  grpc.GrpcConfigKeys (ConfUtils.java:logGet(46)) - raft.grpc.server.install_snapshot.request.timeout = 3000ms (default)
2023-06-27 17:02:12,836 [db05cefc-d1d0-4a37-85d6-512a7e836214@group-CC5C88E2D232-LeaderElection4] INFO  server.RaftServerConfigKeys (ConfUtils.java:logGet(46)) - raft.server.log.appender.install.snapshot.enabled = false (custom)
2023-06-27 17:02:12,836 [db05cefc-d1d0-4a37-85d6-512a7e836214@group-CC5C88E2D232-LeaderElection4] INFO  grpc.GrpcConfigKeys (ConfUtils.java:logGet(46)) - raft.grpc.server.heartbeat.channel = true (default)
2023-06-27 17:02:12,837 [db05cefc-d1d0-4a37-85d6-512a7e836214@group-CC5C88E2D232-LeaderElection4] INFO  server.RaftServerConfigKeys (ConfUtils.java:logGet(46)) - raft.server.log.appender.snapshot.chunk.size.max = 16MB (=16777216) (default)
2023-06-27 17:02:12,837 [db05cefc-d1d0-4a37-85d6-512a7e836214@group-CC5C88E2D232-LeaderElection4] INFO  server.RaftServerConfigKeys (ConfUtils.java:logGet(46)) - raft.server.log.appender.buffer.byte-limit = 33554432 (custom)
2023-06-27 17:02:12,837 [db05cefc-d1d0-4a37-85d6-512a7e836214@group-CC5C88E2D232-LeaderElection4] INFO  server.RaftServerConfigKeys (ConfUtils.java:logGet(46)) - raft.server.log.appender.buffer.element-limit = 1 (custom)
2023-06-27 17:02:12,837 [db05cefc-d1d0-4a37-85d6-512a7e836214@group-CC5C88E2D232-LeaderElection4] INFO  server.RaftServerConfigKeys (ConfUtils.java:logGet(46)) - raft.server.log.appender.wait-time.min = 10ms (default)
2023-06-27 17:02:12,837 [db05cefc-d1d0-4a37-85d6-512a7e836214@group-CC5C88E2D232-LeaderElection4] INFO  grpc.GrpcConfigKeys (ConfUtils.java:logGet(46)) - raft.grpc.server.leader.outstanding.appends.max = 128 (default)
2023-06-27 17:02:12,837 [db05cefc-d1d0-4a37-85d6-512a7e836214@group-CC5C88E2D232-LeaderElection4] INFO  server.RaftServerConfigKeys (ConfUtils.java:logGet(46)) - raft.server.rpc.request.timeout = 60s (custom)
2023-06-27 17:02:12,837 [db05cefc-d1d0-4a37-85d6-512a7e836214@group-CC5C88E2D232-LeaderElection4] INFO  grpc.GrpcConfigKeys (ConfUtils.java:logGet(46)) - raft.grpc.server.install_snapshot.request.element-limit = 8 (default)
2023-06-27 17:02:12,837 [db05cefc-d1d0-4a37-85d6-512a7e836214@group-CC5C88E2D232-LeaderElection4] INFO  grpc.GrpcConfigKeys (ConfUtils.java:logGet(46)) - raft.grpc.server.install_snapshot.request.timeout = 3000ms (default)
2023-06-27 17:02:12,837 [db05cefc-d1d0-4a37-85d6-512a7e836214@group-CC5C88E2D232-LeaderElection4] INFO  server.RaftServerConfigKeys (ConfUtils.java:logGet(46)) - raft.server.log.appender.install.snapshot.enabled = false (custom)
2023-06-27 17:02:12,837 [db05cefc-d1d0-4a37-85d6-512a7e836214@group-CC5C88E2D232-LeaderElection4] INFO  grpc.GrpcConfigKeys (ConfUtils.java:logGet(46)) - raft.grpc.server.heartbeat.channel = true (default)
2023-06-27 17:02:12,837 [db05cefc-d1d0-4a37-85d6-512a7e836214@group-CC5C88E2D232-LeaderElection4] INFO  impl.RoleInfo (RoleInfo.java:updateAndGet(139)) - db05cefc-d1d0-4a37-85d6-512a7e836214: start db05cefc-d1d0-4a37-85d6-512a7e836214@group-CC5C88E2D232-LeaderStateImpl
2023-06-27 17:02:12,838 [db05cefc-d1d0-4a37-85d6-512a7e836214@group-CC5C88E2D232-LeaderElection4] INFO  segmented.SegmentedRaftLogWorker (SegmentedRaftLogWorker.java:startLogSegment(447)) - db05cefc-d1d0-4a37-85d6-512a7e836214@group-CC5C88E2D232-SegmentedRaftLogWorker: Starting segment from index:0
2023-06-27 17:02:12,839 [db05cefc-d1d0-4a37-85d6-512a7e836214@group-CC5C88E2D232-SegmentedRaftLogWorker] INFO  segmented.SegmentedRaftLogWorker (SegmentedRaftLogWorker.java:execute(651)) - db05cefc-d1d0-4a37-85d6-512a7e836214@group-CC5C88E2D232-SegmentedRaftLogWorker: created new log segment /home/runner/work/ozone/ozone/hadoop-ozone/integration-test/target/test-dir/MiniOzoneClusterImpl-4d774b9f-68c7-4e3d-9dd4-f167b54dbd62/datanode-0/data/ratis/6fc11221-a144-4747-b53e-cc5c88e2d232/current/log_inprogress_0
2023-06-27 17:02:12,850 [EventQueue-OpenPipelineForHealthyPipelineSafeModeRule] INFO  safemode.SCMSafeModeManager (HealthyPipelineSafeModeRule.java:process(137)) - SCM in safe mode. Healthy pipelines reported count is 0, required healthy pipeline reported count is 1
2023-06-27 17:02:12,851 [EventQueue-PipelineReportForPipelineReportHandler] INFO  pipeline.PipelineManagerImpl (PipelineManagerImpl.java:openPipeline(443)) - Pipeline Pipeline[ Id: 6fc11221-a144-4747-b53e-cc5c88e2d232, Nodes: e112e51e-5103-4e17-9bb8-79f4bd4a8423(fv-az748-341/10.1.72.1)06134254-2103-4fb3-af28-769d7483b85f(fv-az748-341/10.1.72.1)db05cefc-d1d0-4a37-85d6-512a7e836214(fv-az748-341/10.1.72.1), ReplicationConfig: RATIS/THREE, State:ALLOCATED, leaderId:db05cefc-d1d0-4a37-85d6-512a7e836214, CreationTimestamp2023-06-27T17:02:05.169Z[Etc/UTC]] moved to OPEN state
2023-06-27 17:02:12,852 [EventQueue-OpenPipelineForHealthyPipelineSafeModeRule] INFO  safemode.SCMSafeModeManager (HealthyPipelineSafeModeRule.java:process(137)) - SCM in safe mode. Healthy pipelines reported count is 1, required healthy pipeline reported count is 1
2023-06-27 17:02:12,852 [EventQueue-OpenPipelineForHealthyPipelineSafeModeRule] INFO  safemode.SCMSafeModeManager (SCMSafeModeManager.java:validateSafeModeExitRules(200)) - HealthyPipelineSafeModeRule rule is successfully validated
2023-06-27 17:02:12,852 [EventQueue-OpenPipelineForHealthyPipelineSafeModeRule] INFO  safemode.SCMSafeModeManager (SCMSafeModeManager.java:validateSafeModeExitRules(215)) - ScmSafeModeManager, all rules are successfully validated
2023-06-27 17:02:12,852 [EventQueue-OpenPipelineForHealthyPipelineSafeModeRule] INFO  safemode.SCMSafeModeManager (SCMSafeModeManager.java:exitSafeMode(244)) - SCM exiting safe mode.
2023-06-27 17:02:12,852 [EventQueue-OpenPipelineForHealthyPipelineSafeModeRule] INFO  ha.SCMContext (SCMContext.java:updateSafeModeStatus(228)) - Update SafeModeStatus from SafeModeStatus{safeModeStatus=true, preCheckPassed=true} to SafeModeStatus{safeModeStatus=false, preCheckPassed=true}.
2023-06-27 17:02:12,852 [EventQueue-OpenPipelineForHealthyPipelineSafeModeRule] INFO  pipeline.BackgroundPipelineCreator (BackgroundPipelineCreator.java:notifyStatusChanged(254)) - Service BackgroundPipelineCreator transitions to RUNNING.
2023-06-27 17:02:12,852 [EventQueue-OpenPipelineForHealthyPipelineSafeModeRule] INFO  BackgroundPipelineScrubber (BackgroundSCMService.java:notifyStatusChanged(82)) - Service BackgroundPipelineScrubber transitions to RUNNING.
2023-06-27 17:02:12,852 [EventQueue-OpenPipelineForHealthyPipelineSafeModeRule] INFO  ExpiredContainerReplicaOpScrubber (BackgroundSCMService.java:notifyStatusChanged(82)) - Service ExpiredContainerReplicaOpScrubber transitions to RUNNING.
2023-06-27 17:02:12,852 [EventQueue-OpenPipelineForHealthyPipelineSafeModeRule] INFO  replication.ReplicationManager (ReplicationManager.java:notifyStatusChanged(1367)) - Service ReplicationManager transitions to RUNNING.
2023-06-27 17:02:12,859 [db05cefc-d1d0-4a37-85d6-512a7e836214@group-CC5C88E2D232-LeaderElection4] INFO  server.RaftServer$Division (ServerState.java:setRaftConf(434)) - db05cefc-d1d0-4a37-85d6-512a7e836214@group-CC5C88E2D232: set configuration 0: peers:[e112e51e-5103-4e17-9bb8-79f4bd4a8423|rpc:10.1.72.1:15040|admin:10.1.72.1:15039|client:10.1.72.1:15038|dataStream:10.1.72.1:15041|priority:0|startupRole:FOLLOWER, db05cefc-d1d0-4a37-85d6-512a7e836214|rpc:10.1.72.1:15022|admin:10.1.72.1:15021|client:10.1.72.1:15020|dataStream:10.1.72.1:15023|priority:1|startupRole:FOLLOWER, 06134254-2103-4fb3-af28-769d7483b85f|rpc:10.1.72.1:15031|admin:10.1.72.1:15030|client:10.1.72.1:15029|dataStream:10.1.72.1:15032|priority:0|startupRole:FOLLOWER]|listeners:[], old=null
2023-06-27 17:02:12,861 [omNode-3@group-523986131536-FollowerState] INFO  server.RaftServerConfigKeys (ConfUtils.java:logFallback(53)) - raft.server.rpc.first-election.timeout.min = 1s (fallback to raft.server.rpc.timeout.min)
2023-06-27 17:02:12,864 [omNode-3@group-523986131536-FollowerState] INFO  server.RaftServerConfigKeys (ConfUtils.java:logFallback(53)) - raft.server.rpc.first-election.timeout.max = 1200ms (fallback to raft.server.rpc.timeout.max)
2023-06-27 17:02:12,870 [EventQueue-OpenPipelineForHealthyPipelineSafeModeRule] WARN  balancer.ContainerBalancer (ContainerBalancer.java:shouldRun(135)) - Could not find persisted configuration for ContainerBalancer when checking if ContainerBalancer should run. ContainerBalancer should not run now.
2023-06-27 17:02:12,871 [06134254-2103-4fb3-af28-769d7483b85f-server-thread1] INFO  ratis.XceiverServerRatis (XceiverServerRatis.java:handleLeaderChangedNotification(902)) - Leader change notification received for group: group-CC5C88E2D232 with new leaderId: db05cefc-d1d0-4a37-85d6-512a7e836214
2023-06-27 17:02:12,871 [06134254-2103-4fb3-af28-769d7483b85f-server-thread1] INFO  server.RaftServer$Division (ServerState.java:setLeader(317)) - 06134254-2103-4fb3-af28-769d7483b85f@group-CC5C88E2D232: change Leader from null to db05cefc-d1d0-4a37-85d6-512a7e836214 at term 1 for appendEntries, leader elected after 5118ms
2023-06-27 17:02:12,873 [06134254-2103-4fb3-af28-769d7483b85f-server-thread1] INFO  server.RaftServer$Division (ServerState.java:setRaftConf(434)) - 06134254-2103-4fb3-af28-769d7483b85f@group-CC5C88E2D232: set configuration 0: peers:[e112e51e-5103-4e17-9bb8-79f4bd4a8423|rpc:10.1.72.1:15040|admin:10.1.72.1:15039|client:10.1.72.1:15038|dataStream:10.1.72.1:15041|priority:0|startupRole:FOLLOWER, db05cefc-d1d0-4a37-85d6-512a7e836214|rpc:10.1.72.1:15022|admin:10.1.72.1:15021|client:10.1.72.1:15020|dataStream:10.1.72.1:15023|priority:1|startupRole:FOLLOWER, 06134254-2103-4fb3-af28-769d7483b85f|rpc:10.1.72.1:15031|admin:10.1.72.1:15030|client:10.1.72.1:15029|dataStream:10.1.72.1:15032|priority:0|startupRole:FOLLOWER]|listeners:[], old=null
2023-06-27 17:02:12,873 [e112e51e-5103-4e17-9bb8-79f4bd4a8423-server-thread1] INFO  ratis.XceiverServerRatis (XceiverServerRatis.java:handleLeaderChangedNotification(902)) - Leader change notification received for group: group-CC5C88E2D232 with new leaderId: db05cefc-d1d0-4a37-85d6-512a7e836214
2023-06-27 17:02:12,873 [e112e51e-5103-4e17-9bb8-79f4bd4a8423-server-thread1] INFO  server.RaftServer$Division (ServerState.java:setLeader(317)) - e112e51e-5103-4e17-9bb8-79f4bd4a8423@group-CC5C88E2D232: change Leader from null to db05cefc-d1d0-4a37-85d6-512a7e836214 at term 1 for appendEntries, leader elected after 5189ms
2023-06-27 17:02:12,873 [06134254-2103-4fb3-af28-769d7483b85f-server-thread1] INFO  segmented.SegmentedRaftLogWorker (SegmentedRaftLogWorker.java:startLogSegment(447)) - 06134254-2103-4fb3-af28-769d7483b85f@group-CC5C88E2D232-SegmentedRaftLogWorker: Starting segment from index:0
2023-06-27 17:02:12,877 [06134254-2103-4fb3-af28-769d7483b85f@group-CC5C88E2D232-SegmentedRaftLogWorker] INFO  segmented.SegmentedRaftLogWorker (SegmentedRaftLogWorker.java:execute(651)) - 06134254-2103-4fb3-af28-769d7483b85f@group-CC5C88E2D232-SegmentedRaftLogWorker: created new log segment /home/runner/work/ozone/ozone/hadoop-ozone/integration-test/target/test-dir/MiniOzoneClusterImpl-4d774b9f-68c7-4e3d-9dd4-f167b54dbd62/datanode-1/data/ratis/6fc11221-a144-4747-b53e-cc5c88e2d232/current/log_inprogress_0
2023-06-27 17:02:12,881 [e112e51e-5103-4e17-9bb8-79f4bd4a8423-server-thread1] INFO  server.RaftServer$Division (ServerState.java:setRaftConf(434)) - e112e51e-5103-4e17-9bb8-79f4bd4a8423@group-CC5C88E2D232: set configuration 0: peers:[e112e51e-5103-4e17-9bb8-79f4bd4a8423|rpc:10.1.72.1:15040|admin:10.1.72.1:15039|client:10.1.72.1:15038|dataStream:10.1.72.1:15041|priority:0|startupRole:FOLLOWER, db05cefc-d1d0-4a37-85d6-512a7e836214|rpc:10.1.72.1:15022|admin:10.1.72.1:15021|client:10.1.72.1:15020|dataStream:10.1.72.1:15023|priority:1|startupRole:FOLLOWER, 06134254-2103-4fb3-af28-769d7483b85f|rpc:10.1.72.1:15031|admin:10.1.72.1:15030|client:10.1.72.1:15029|dataStream:10.1.72.1:15032|priority:0|startupRole:FOLLOWER]|listeners:[], old=null
2023-06-27 17:02:12,881 [e112e51e-5103-4e17-9bb8-79f4bd4a8423-server-thread1] INFO  segmented.SegmentedRaftLogWorker (SegmentedRaftLogWorker.java:startLogSegment(447)) - e112e51e-5103-4e17-9bb8-79f4bd4a8423@group-CC5C88E2D232-SegmentedRaftLogWorker: Starting segment from index:0
2023-06-27 17:02:12,882 [e112e51e-5103-4e17-9bb8-79f4bd4a8423@group-CC5C88E2D232-SegmentedRaftLogWorker] INFO  segmented.SegmentedRaftLogWorker (SegmentedRaftLogWorker.java:execute(651)) - e112e51e-5103-4e17-9bb8-79f4bd4a8423@group-CC5C88E2D232-SegmentedRaftLogWorker: created new log segment /home/runner/work/ozone/ozone/hadoop-ozone/integration-test/target/test-dir/MiniOzoneClusterImpl-4d774b9f-68c7-4e3d-9dd4-f167b54dbd62/datanode-2/data/ratis/6fc11221-a144-4747-b53e-cc5c88e2d232/current/log_inprogress_0
2023-06-27 17:02:12,891 [06134254-2103-4fb3-af28-769d7483b85f@group-3E88E0A6EE2F-FollowerState] INFO  impl.FollowerState (FollowerState.java:run(143)) - 06134254-2103-4fb3-af28-769d7483b85f@group-3E88E0A6EE2F-FollowerState: change to CANDIDATE, lastRpcElapsedTime:5030331208ns, electionTimeout:5027ms
2023-06-27 17:02:12,892 [06134254-2103-4fb3-af28-769d7483b85f@group-3E88E0A6EE2F-FollowerState] INFO  impl.RoleInfo (RoleInfo.java:shutdownFollowerState(110)) - 06134254-2103-4fb3-af28-769d7483b85f: shutdown 06134254-2103-4fb3-af28-769d7483b85f@group-3E88E0A6EE2F-FollowerState
2023-06-27 17:02:12,892 [06134254-2103-4fb3-af28-769d7483b85f@group-3E88E0A6EE2F-FollowerState] INFO  server.RaftServer$Division (RaftServerImpl.java:setRole(329)) - 06134254-2103-4fb3-af28-769d7483b85f@group-3E88E0A6EE2F: changes role from  FOLLOWER to CANDIDATE at term 0 for changeToCandidate
2023-06-27 17:02:12,892 [06134254-2103-4fb3-af28-769d7483b85f@group-3E88E0A6EE2F-FollowerState] INFO  server.RaftServerConfigKeys (ConfUtils.java:logGet(46)) - raft.server.leaderelection.pre-vote = true (default)
2023-06-27 17:02:12,892 [06134254-2103-4fb3-af28-769d7483b85f@group-3E88E0A6EE2F-FollowerState] INFO  impl.RoleInfo (RoleInfo.java:updateAndGet(139)) - 06134254-2103-4fb3-af28-769d7483b85f: start 06134254-2103-4fb3-af28-769d7483b85f@group-3E88E0A6EE2F-LeaderElection5
2023-06-27 17:02:12,895 [06134254-2103-4fb3-af28-769d7483b85f@group-3E88E0A6EE2F-LeaderElection5] INFO  impl.LeaderElection (LeaderElection.java:askForVotes(321)) - 06134254-2103-4fb3-af28-769d7483b85f@group-3E88E0A6EE2F-LeaderElection5 PRE_VOTE round 0: submit vote requests at term 0 for -1: peers:[e112e51e-5103-4e17-9bb8-79f4bd4a8423|rpc:10.1.72.1:15040|admin:10.1.72.1:15039|client:10.1.72.1:15038|dataStream:10.1.72.1:15041|priority:1|startupRole:FOLLOWER, db05cefc-d1d0-4a37-85d6-512a7e836214|rpc:10.1.72.1:15022|admin:10.1.72.1:15021|client:10.1.72.1:15020|dataStream:10.1.72.1:15023|priority:0|startupRole:FOLLOWER, 06134254-2103-4fb3-af28-769d7483b85f|rpc:10.1.72.1:15031|admin:10.1.72.1:15030|client:10.1.72.1:15029|dataStream:10.1.72.1:15032|priority:0|startupRole:FOLLOWER]|listeners:[], old=null
2023-06-27 17:02:12,895 [06134254-2103-4fb3-af28-769d7483b85f@group-3E88E0A6EE2F-LeaderElection5-1] INFO  server.GrpcServerProtocolClient (GrpcServerProtocolClient.java:<init>(65)) - Build channel for e112e51e-5103-4e17-9bb8-79f4bd4a8423
2023-06-27 17:02:12,895 [06134254-2103-4fb3-af28-769d7483b85f@group-3E88E0A6EE2F-LeaderElection5] INFO  server.RaftServerConfigKeys (ConfUtils.java:logFallback(53)) - raft.server.rpc.first-election.timeout.min = 5s (fallback to raft.server.rpc.timeout.min)
2023-06-27 17:02:12,897 [06134254-2103-4fb3-af28-769d7483b85f@group-3E88E0A6EE2F-LeaderElection5-2] INFO  server.GrpcServerProtocolClient (GrpcServerProtocolClient.java:<init>(65)) - Build channel for db05cefc-d1d0-4a37-85d6-512a7e836214
2023-06-27 17:02:12,897 [06134254-2103-4fb3-af28-769d7483b85f@group-3E88E0A6EE2F-LeaderElection5] INFO  server.RaftServerConfigKeys (ConfUtils.java:logFallback(53)) - raft.server.rpc.first-election.timeout.max = 5200ms (fallback to raft.server.rpc.timeout.max)
2023-06-27 17:02:12,903 [db05cefc-d1d0-4a37-85d6-512a7e836214@group-3E88E0A6EE2F-FollowerState] INFO  impl.FollowerState (FollowerState.java:run(143)) - db05cefc-d1d0-4a37-85d6-512a7e836214@group-3E88E0A6EE2F-FollowerState: change to CANDIDATE, lastRpcElapsedTime:5079622859ns, electionTimeout:5076ms
2023-06-27 17:02:12,903 [db05cefc-d1d0-4a37-85d6-512a7e836214@group-3E88E0A6EE2F-FollowerState] INFO  impl.RoleInfo (RoleInfo.java:shutdownFollowerState(110)) - db05cefc-d1d0-4a37-85d6-512a7e836214: shutdown db05cefc-d1d0-4a37-85d6-512a7e836214@group-3E88E0A6EE2F-FollowerState
2023-06-27 17:02:12,903 [db05cefc-d1d0-4a37-85d6-512a7e836214@group-3E88E0A6EE2F-FollowerState] INFO  server.RaftServer$Division (RaftServerImpl.java:setRole(329)) - db05cefc-d1d0-4a37-85d6-512a7e836214@group-3E88E0A6EE2F: changes role from  FOLLOWER to CANDIDATE at term 0 for changeToCandidate
2023-06-27 17:02:12,904 [db05cefc-d1d0-4a37-85d6-512a7e836214@group-3E88E0A6EE2F-FollowerState] INFO  server.RaftServerConfigKeys (ConfUtils.java:logGet(46)) - raft.server.leaderelection.pre-vote = true (default)
2023-06-27 17:02:12,904 [db05cefc-d1d0-4a37-85d6-512a7e836214@group-3E88E0A6EE2F-FollowerState] INFO  impl.RoleInfo (RoleInfo.java:updateAndGet(139)) - db05cefc-d1d0-4a37-85d6-512a7e836214: start db05cefc-d1d0-4a37-85d6-512a7e836214@group-3E88E0A6EE2F-LeaderElection6
2023-06-27 17:02:12,910 [db05cefc-d1d0-4a37-85d6-512a7e836214@group-3E88E0A6EE2F-LeaderElection6] INFO  impl.LeaderElection (LeaderElection.java:askForVotes(321)) - db05cefc-d1d0-4a37-85d6-512a7e836214@group-3E88E0A6EE2F-LeaderElection6 PRE_VOTE round 0: submit vote requests at term 0 for -1: peers:[e112e51e-5103-4e17-9bb8-79f4bd4a8423|rpc:10.1.72.1:15040|admin:10.1.72.1:15039|client:10.1.72.1:15038|dataStream:10.1.72.1:15041|priority:1|startupRole:FOLLOWER, db05cefc-d1d0-4a37-85d6-512a7e836214|rpc:10.1.72.1:15022|admin:10.1.72.1:15021|client:10.1.72.1:15020|dataStream:10.1.72.1:15023|priority:0|startupRole:FOLLOWER, 06134254-2103-4fb3-af28-769d7483b85f|rpc:10.1.72.1:15031|admin:10.1.72.1:15030|client:10.1.72.1:15029|dataStream:10.1.72.1:15032|priority:0|startupRole:FOLLOWER]|listeners:[], old=null
2023-06-27 17:02:12,911 [db05cefc-d1d0-4a37-85d6-512a7e836214@group-3E88E0A6EE2F-LeaderElection6] INFO  server.RaftServerConfigKeys (ConfUtils.java:logFallback(53)) - raft.server.rpc.first-election.timeout.min = 5s (fallback to raft.server.rpc.timeout.min)
2023-06-27 17:02:12,911 [db05cefc-d1d0-4a37-85d6-512a7e836214@group-3E88E0A6EE2F-LeaderElection6] INFO  server.RaftServerConfigKeys (ConfUtils.java:logFallback(53)) - raft.server.rpc.first-election.timeout.max = 5200ms (fallback to raft.server.rpc.timeout.max)
2023-06-27 17:02:12,916 [grpc-default-executor-3] INFO  server.RaftServer$Division (RaftServerImpl.java:requestVote(1302)) - e112e51e-5103-4e17-9bb8-79f4bd4a8423@group-3E88E0A6EE2F: receive requestVote(PRE_VOTE, db05cefc-d1d0-4a37-85d6-512a7e836214, group-3E88E0A6EE2F, 0, (t:0, i:0))
2023-06-27 17:02:12,917 [grpc-default-executor-3] INFO  impl.VoteContext (VoteContext.java:log(49)) - e112e51e-5103-4e17-9bb8-79f4bd4a8423@group-3E88E0A6EE2F-FOLLOWER: reject PRE_VOTE from db05cefc-d1d0-4a37-85d6-512a7e836214: our priority 1 > candidate's priority 0
2023-06-27 17:02:12,917 [grpc-default-executor-3] INFO  server.RaftServer$Division (RaftServerImpl.java:requestVote(1335)) - e112e51e-5103-4e17-9bb8-79f4bd4a8423@group-3E88E0A6EE2F replies to PRE_VOTE vote request: db05cefc-d1d0-4a37-85d6-512a7e836214<-e112e51e-5103-4e17-9bb8-79f4bd4a8423#0:FAIL-t0. Peer's state: e112e51e-5103-4e17-9bb8-79f4bd4a8423@group-3E88E0A6EE2F:t0, leader=null, voted=, raftlog=Memoized:e112e51e-5103-4e17-9bb8-79f4bd4a8423@group-3E88E0A6EE2F-SegmentedRaftLog:OPENED:c-1, conf=-1: peers:[e112e51e-5103-4e17-9bb8-79f4bd4a8423|rpc:10.1.72.1:15040|admin:10.1.72.1:15039|client:10.1.72.1:15038|dataStream:10.1.72.1:15041|priority:1|startupRole:FOLLOWER, db05cefc-d1d0-4a37-85d6-512a7e836214|rpc:10.1.72.1:15022|admin:10.1.72.1:15021|client:10.1.72.1:15020|dataStream:10.1.72.1:15023|priority:0|startupRole:FOLLOWER, 06134254-2103-4fb3-af28-769d7483b85f|rpc:10.1.72.1:15031|admin:10.1.72.1:15030|client:10.1.72.1:15029|dataStream:10.1.72.1:15032|priority:0|startupRole:FOLLOWER]|listeners:[], old=null
2023-06-27 17:02:12,916 [grpc-default-executor-4] INFO  server.RaftServer$Division (RaftServerImpl.java:requestVote(1302)) - e112e51e-5103-4e17-9bb8-79f4bd4a8423@group-3E88E0A6EE2F: receive requestVote(PRE_VOTE, 06134254-2103-4fb3-af28-769d7483b85f, group-3E88E0A6EE2F, 0, (t:0, i:0))
2023-06-27 17:02:12,921 [grpc-default-executor-4] INFO  impl.VoteContext (VoteContext.java:log(49)) - e112e51e-5103-4e17-9bb8-79f4bd4a8423@group-3E88E0A6EE2F-FOLLOWER: reject PRE_VOTE from 06134254-2103-4fb3-af28-769d7483b85f: our priority 1 > candidate's priority 0
2023-06-27 17:02:12,921 [grpc-default-executor-4] INFO  server.RaftServer$Division (RaftServerImpl.java:requestVote(1335)) - e112e51e-5103-4e17-9bb8-79f4bd4a8423@group-3E88E0A6EE2F replies to PRE_VOTE vote request: 06134254-2103-4fb3-af28-769d7483b85f<-e112e51e-5103-4e17-9bb8-79f4bd4a8423#0:FAIL-t0. Peer's state: e112e51e-5103-4e17-9bb8-79f4bd4a8423@group-3E88E0A6EE2F:t0, leader=null, voted=, raftlog=Memoized:e112e51e-5103-4e17-9bb8-79f4bd4a8423@group-3E88E0A6EE2F-SegmentedRaftLog:OPENED:c-1, conf=-1: peers:[e112e51e-5103-4e17-9bb8-79f4bd4a8423|rpc:10.1.72.1:15040|admin:10.1.72.1:15039|client:10.1.72.1:15038|dataStream:10.1.72.1:15041|priority:1|startupRole:FOLLOWER, db05cefc-d1d0-4a37-85d6-512a7e836214|rpc:10.1.72.1:15022|admin:10.1.72.1:15021|client:10.1.72.1:15020|dataStream:10.1.72.1:15023|priority:0|startupRole:FOLLOWER, 06134254-2103-4fb3-af28-769d7483b85f|rpc:10.1.72.1:15031|admin:10.1.72.1:15030|client:10.1.72.1:15029|dataStream:10.1.72.1:15032|priority:0|startupRole:FOLLOWER]|listeners:[], old=null
2023-06-27 17:02:12,926 [db05cefc-d1d0-4a37-85d6-512a7e836214@group-3E88E0A6EE2F-LeaderElection6] INFO  impl.LeaderElection (LeaderElection.java:logAndReturn(90)) - db05cefc-d1d0-4a37-85d6-512a7e836214@group-3E88E0A6EE2F-LeaderElection6: PRE_VOTE REJECTED received 1 response(s) and 0 exception(s):
2023-06-27 17:02:12,927 [db05cefc-d1d0-4a37-85d6-512a7e836214@group-3E88E0A6EE2F-LeaderElection6] INFO  impl.LeaderElection (LeaderElection.java:logAndReturn(94)) -   Response 0: db05cefc-d1d0-4a37-85d6-512a7e836214<-e112e51e-5103-4e17-9bb8-79f4bd4a8423#0:FAIL-t0
2023-06-27 17:02:12,927 [db05cefc-d1d0-4a37-85d6-512a7e836214@group-3E88E0A6EE2F-LeaderElection6] INFO  impl.LeaderElection (LeaderElection.java:askForVotes(323)) - db05cefc-d1d0-4a37-85d6-512a7e836214@group-3E88E0A6EE2F-LeaderElection6 PRE_VOTE round 0: result REJECTED
2023-06-27 17:02:12,927 [db05cefc-d1d0-4a37-85d6-512a7e836214@group-3E88E0A6EE2F-LeaderElection6] INFO  server.RaftServer$Division (RaftServerImpl.java:setRole(329)) - db05cefc-d1d0-4a37-85d6-512a7e836214@group-3E88E0A6EE2F: changes role from CANDIDATE to FOLLOWER at term 0 for REJECTED
2023-06-27 17:02:12,927 [db05cefc-d1d0-4a37-85d6-512a7e836214@group-3E88E0A6EE2F-LeaderElection6] INFO  impl.RoleInfo (RoleInfo.java:shutdownLeaderElection(130)) - db05cefc-d1d0-4a37-85d6-512a7e836214: shutdown db05cefc-d1d0-4a37-85d6-512a7e836214@group-3E88E0A6EE2F-LeaderElection6
2023-06-27 17:02:12,927 [db05cefc-d1d0-4a37-85d6-512a7e836214@group-3E88E0A6EE2F-LeaderElection6] INFO  impl.RoleInfo (RoleInfo.java:updateAndGet(139)) - db05cefc-d1d0-4a37-85d6-512a7e836214: start db05cefc-d1d0-4a37-85d6-512a7e836214@group-3E88E0A6EE2F-FollowerState
2023-06-27 17:02:12,927 [06134254-2103-4fb3-af28-769d7483b85f@group-3E88E0A6EE2F-LeaderElection5] INFO  impl.LeaderElection (LeaderElection.java:logAndReturn(90)) - 06134254-2103-4fb3-af28-769d7483b85f@group-3E88E0A6EE2F-LeaderElection5: PRE_VOTE REJECTED received 1 response(s) and 0 exception(s):
2023-06-27 17:02:12,929 [06134254-2103-4fb3-af28-769d7483b85f@group-3E88E0A6EE2F-LeaderElection5] INFO  impl.LeaderElection (LeaderElection.java:logAndReturn(94)) -   Response 0: 06134254-2103-4fb3-af28-769d7483b85f<-e112e51e-5103-4e17-9bb8-79f4bd4a8423#0:FAIL-t0
2023-06-27 17:02:12,929 [06134254-2103-4fb3-af28-769d7483b85f@group-3E88E0A6EE2F-LeaderElection5] INFO  impl.LeaderElection (LeaderElection.java:askForVotes(323)) - 06134254-2103-4fb3-af28-769d7483b85f@group-3E88E0A6EE2F-LeaderElection5 PRE_VOTE round 0: result REJECTED
2023-06-27 17:02:12,929 [06134254-2103-4fb3-af28-769d7483b85f@group-3E88E0A6EE2F-LeaderElection5] INFO  server.RaftServer$Division (RaftServerImpl.java:setRole(329)) - 06134254-2103-4fb3-af28-769d7483b85f@group-3E88E0A6EE2F: changes role from CANDIDATE to FOLLOWER at term 0 for REJECTED
2023-06-27 17:02:12,929 [06134254-2103-4fb3-af28-769d7483b85f@group-3E88E0A6EE2F-LeaderElection5] INFO  impl.RoleInfo (RoleInfo.java:shutdownLeaderElection(130)) - 06134254-2103-4fb3-af28-769d7483b85f: shutdown 06134254-2103-4fb3-af28-769d7483b85f@group-3E88E0A6EE2F-LeaderElection5
2023-06-27 17:02:12,929 [grpc-default-executor-4] INFO  server.RaftServer$Division (RaftServerImpl.java:requestVote(1302)) - 06134254-2103-4fb3-af28-769d7483b85f@group-3E88E0A6EE2F: receive requestVote(PRE_VOTE, db05cefc-d1d0-4a37-85d6-512a7e836214, group-3E88E0A6EE2F, 0, (t:0, i:0))
2023-06-27 17:02:12,929 [06134254-2103-4fb3-af28-769d7483b85f@group-3E88E0A6EE2F-LeaderElection5] INFO  impl.RoleInfo (RoleInfo.java:updateAndGet(139)) - 06134254-2103-4fb3-af28-769d7483b85f: start 06134254-2103-4fb3-af28-769d7483b85f@group-3E88E0A6EE2F-FollowerState
2023-06-27 17:02:12,934 [grpc-default-executor-3] INFO  server.RaftServer$Division (RaftServerImpl.java:requestVote(1302)) - db05cefc-d1d0-4a37-85d6-512a7e836214@group-3E88E0A6EE2F: receive requestVote(PRE_VOTE, 06134254-2103-4fb3-af28-769d7483b85f, group-3E88E0A6EE2F, 0, (t:0, i:0))
2023-06-27 17:02:12,934 [grpc-default-executor-3] INFO  impl.VoteContext (VoteContext.java:log(49)) - db05cefc-d1d0-4a37-85d6-512a7e836214@group-3E88E0A6EE2F-FOLLOWER: accept PRE_VOTE from 06134254-2103-4fb3-af28-769d7483b85f: our priority 0 <= candidate's priority 0
2023-06-27 17:02:12,934 [grpc-default-executor-3] INFO  server.RaftServer$Division (RaftServerImpl.java:requestVote(1335)) - db05cefc-d1d0-4a37-85d6-512a7e836214@group-3E88E0A6EE2F replies to PRE_VOTE vote request: 06134254-2103-4fb3-af28-769d7483b85f<-db05cefc-d1d0-4a37-85d6-512a7e836214#0:OK-t0. Peer's state: db05cefc-d1d0-4a37-85d6-512a7e836214@group-3E88E0A6EE2F:t0, leader=null, voted=, raftlog=Memoized:db05cefc-d1d0-4a37-85d6-512a7e836214@group-3E88E0A6EE2F-SegmentedRaftLog:OPENED:c-1, conf=-1: peers:[e112e51e-5103-4e17-9bb8-79f4bd4a8423|rpc:10.1.72.1:15040|admin:10.1.72.1:15039|client:10.1.72.1:15038|dataStream:10.1.72.1:15041|priority:1|startupRole:FOLLOWER, db05cefc-d1d0-4a37-85d6-512a7e836214|rpc:10.1.72.1:15022|admin:10.1.72.1:15021|client:10.1.72.1:15020|dataStream:10.1.72.1:15023|priority:0|startupRole:FOLLOWER, 06134254-2103-4fb3-af28-769d7483b85f|rpc:10.1.72.1:15031|admin:10.1.72.1:15030|client:10.1.72.1:15029|dataStream:10.1.72.1:15032|priority:0|startupRole:FOLLOWER]|listeners:[], old=null
2023-06-27 17:02:12,934 [grpc-default-executor-4] INFO  impl.VoteContext (VoteContext.java:log(49)) - 06134254-2103-4fb3-af28-769d7483b85f@group-3E88E0A6EE2F-FOLLOWER: accept PRE_VOTE from db05cefc-d1d0-4a37-85d6-512a7e836214: our priority 0 <= candidate's priority 0
2023-06-27 17:02:12,934 [grpc-default-executor-4] INFO  server.RaftServer$Division (RaftServerImpl.java:requestVote(1335)) - 06134254-2103-4fb3-af28-769d7483b85f@group-3E88E0A6EE2F replies to PRE_VOTE vote request: db05cefc-d1d0-4a37-85d6-512a7e836214<-06134254-2103-4fb3-af28-769d7483b85f#0:OK-t0. Peer's state: 06134254-2103-4fb3-af28-769d7483b85f@group-3E88E0A6EE2F:t0, leader=null, voted=, raftlog=Memoized:06134254-2103-4fb3-af28-769d7483b85f@group-3E88E0A6EE2F-SegmentedRaftLog:OPENED:c-1, conf=-1: peers:[e112e51e-5103-4e17-9bb8-79f4bd4a8423|rpc:10.1.72.1:15040|admin:10.1.72.1:15039|client:10.1.72.1:15038|dataStream:10.1.72.1:15041|priority:1|startupRole:FOLLOWER, db05cefc-d1d0-4a37-85d6-512a7e836214|rpc:10.1.72.1:15022|admin:10.1.72.1:15021|client:10.1.72.1:15020|dataStream:10.1.72.1:15023|priority:0|startupRole:FOLLOWER, 06134254-2103-4fb3-af28-769d7483b85f|rpc:10.1.72.1:15031|admin:10.1.72.1:15030|client:10.1.72.1:15029|dataStream:10.1.72.1:15032|priority:0|startupRole:FOLLOWER]|listeners:[], old=null
2023-06-27 17:02:13,165 [main] INFO  ozone.MiniOzoneClusterImpl (MiniOzoneClusterImpl.java:lambda$waitForClusterToBeReady$0(224)) - Nodes are ready. Got 3 of 3 DN Heartbeats.
2023-06-27 17:02:13,167 [main] INFO  ozone.MiniOzoneClusterImpl (MiniOzoneClusterImpl.java:lambda$waitForClusterToBeReady$0(227)) - Cluster exits safe mode
2023-06-27 17:02:13,167 [main] INFO  ozone.MiniOzoneClusterImpl (MiniOzoneClusterImpl.java:lambda$waitForClusterToBeReady$0(229)) - SCM became leader
2023-06-27 17:02:13,233 [e112e51e-5103-4e17-9bb8-79f4bd4a8423@group-3E88E0A6EE2F-FollowerState] INFO  impl.FollowerState (FollowerState.java:run(143)) - e112e51e-5103-4e17-9bb8-79f4bd4a8423@group-3E88E0A6EE2F-FollowerState: change to CANDIDATE, lastRpcElapsedTime:5057446860ns, electionTimeout:5046ms
2023-06-27 17:02:13,235 [e112e51e-5103-4e17-9bb8-79f4bd4a8423@group-3E88E0A6EE2F-FollowerState] INFO  impl.RoleInfo (RoleInfo.java:shutdownFollowerState(110)) - e112e51e-5103-4e17-9bb8-79f4bd4a8423: shutdown e112e51e-5103-4e17-9bb8-79f4bd4a8423@group-3E88E0A6EE2F-FollowerState
2023-06-27 17:02:13,235 [e112e51e-5103-4e17-9bb8-79f4bd4a8423@group-3E88E0A6EE2F-FollowerState] INFO  server.RaftServer$Division (RaftServerImpl.java:setRole(329)) - e112e51e-5103-4e17-9bb8-79f4bd4a8423@group-3E88E0A6EE2F: changes role from  FOLLOWER to CANDIDATE at term 0 for changeToCandidate
2023-06-27 17:02:13,236 [e112e51e-5103-4e17-9bb8-79f4bd4a8423@group-3E88E0A6EE2F-FollowerState] INFO  server.RaftServerConfigKeys (ConfUtils.java:logGet(46)) - raft.server.leaderelection.pre-vote = true (default)
2023-06-27 17:02:13,236 [e112e51e-5103-4e17-9bb8-79f4bd4a8423@group-3E88E0A6EE2F-FollowerState] INFO  impl.RoleInfo (RoleInfo.java:updateAndGet(139)) - e112e51e-5103-4e17-9bb8-79f4bd4a8423: start e112e51e-5103-4e17-9bb8-79f4bd4a8423@group-3E88E0A6EE2F-LeaderElection7
2023-06-27 17:02:13,253 [e112e51e-5103-4e17-9bb8-79f4bd4a8423@group-3E88E0A6EE2F-LeaderElection7] INFO  impl.LeaderElection (LeaderElection.java:askForVotes(321)) - e112e51e-5103-4e17-9bb8-79f4bd4a8423@group-3E88E0A6EE2F-LeaderElection7 PRE_VOTE round 0: submit vote requests at term 0 for -1: peers:[e112e51e-5103-4e17-9bb8-79f4bd4a8423|rpc:10.1.72.1:15040|admin:10.1.72.1:15039|client:10.1.72.1:15038|dataStream:10.1.72.1:15041|priority:1|startupRole:FOLLOWER, db05cefc-d1d0-4a37-85d6-512a7e836214|rpc:10.1.72.1:15022|admin:10.1.72.1:15021|client:10.1.72.1:15020|dataStream:10.1.72.1:15023|priority:0|startupRole:FOLLOWER, 06134254-2103-4fb3-af28-769d7483b85f|rpc:10.1.72.1:15031|admin:10.1.72.1:15030|client:10.1.72.1:15029|dataStream:10.1.72.1:15032|priority:0|startupRole:FOLLOWER]|listeners:[], old=null
2023-06-27 17:02:13,267 [e112e51e-5103-4e17-9bb8-79f4bd4a8423@group-3E88E0A6EE2F-LeaderElection7] INFO  server.RaftServerConfigKeys (ConfUtils.java:logFallback(53)) - raft.server.rpc.first-election.timeout.min = 5s (fallback to raft.server.rpc.timeout.min)
2023-06-27 17:02:13,267 [e112e51e-5103-4e17-9bb8-79f4bd4a8423@group-3E88E0A6EE2F-LeaderElection7] INFO  server.RaftServerConfigKeys (ConfUtils.java:logFallback(53)) - raft.server.rpc.first-election.timeout.max = 5200ms (fallback to raft.server.rpc.timeout.max)
2023-06-27 17:02:13,269 [grpc-default-executor-3] INFO  server.RaftServer$Division (RaftServerImpl.java:requestVote(1302)) - db05cefc-d1d0-4a37-85d6-512a7e836214@group-3E88E0A6EE2F: receive requestVote(PRE_VOTE, e112e51e-5103-4e17-9bb8-79f4bd4a8423, group-3E88E0A6EE2F, 0, (t:0, i:0))
2023-06-27 17:02:13,271 [grpc-default-executor-3] INFO  impl.VoteContext (VoteContext.java:log(49)) - db05cefc-d1d0-4a37-85d6-512a7e836214@group-3E88E0A6EE2F-FOLLOWER: accept PRE_VOTE from e112e51e-5103-4e17-9bb8-79f4bd4a8423: our priority 0 <= candidate's priority 1
2023-06-27 17:02:13,271 [grpc-default-executor-3] INFO  server.RaftServer$Division (RaftServerImpl.java:requestVote(1335)) - db05cefc-d1d0-4a37-85d6-512a7e836214@group-3E88E0A6EE2F replies to PRE_VOTE vote request: e112e51e-5103-4e17-9bb8-79f4bd4a8423<-db05cefc-d1d0-4a37-85d6-512a7e836214#0:OK-t0. Peer's state: db05cefc-d1d0-4a37-85d6-512a7e836214@group-3E88E0A6EE2F:t0, leader=null, voted=, raftlog=Memoized:db05cefc-d1d0-4a37-85d6-512a7e836214@group-3E88E0A6EE2F-SegmentedRaftLog:OPENED:c-1, conf=-1: peers:[e112e51e-5103-4e17-9bb8-79f4bd4a8423|rpc:10.1.72.1:15040|admin:10.1.72.1:15039|client:10.1.72.1:15038|dataStream:10.1.72.1:15041|priority:1|startupRole:FOLLOWER, db05cefc-d1d0-4a37-85d6-512a7e836214|rpc:10.1.72.1:15022|admin:10.1.72.1:15021|client:10.1.72.1:15020|dataStream:10.1.72.1:15023|priority:0|startupRole:FOLLOWER, 06134254-2103-4fb3-af28-769d7483b85f|rpc:10.1.72.1:15031|admin:10.1.72.1:15030|client:10.1.72.1:15029|dataStream:10.1.72.1:15032|priority:0|startupRole:FOLLOWER]|listeners:[], old=null
2023-06-27 17:02:13,270 [grpc-default-executor-4] INFO  server.RaftServer$Division (RaftServerImpl.java:requestVote(1302)) - 06134254-2103-4fb3-af28-769d7483b85f@group-3E88E0A6EE2F: receive requestVote(PRE_VOTE, e112e51e-5103-4e17-9bb8-79f4bd4a8423, group-3E88E0A6EE2F, 0, (t:0, i:0))
2023-06-27 17:02:13,271 [grpc-default-executor-4] INFO  impl.VoteContext (VoteContext.java:log(49)) - 06134254-2103-4fb3-af28-769d7483b85f@group-3E88E0A6EE2F-FOLLOWER: accept PRE_VOTE from e112e51e-5103-4e17-9bb8-79f4bd4a8423: our priority 0 <= candidate's priority 1
2023-06-27 17:02:13,271 [grpc-default-executor-4] INFO  server.RaftServer$Division (RaftServerImpl.java:requestVote(1335)) - 06134254-2103-4fb3-af28-769d7483b85f@group-3E88E0A6EE2F replies to PRE_VOTE vote request: e112e51e-5103-4e17-9bb8-79f4bd4a8423<-06134254-2103-4fb3-af28-769d7483b85f#0:OK-t0. Peer's state: 06134254-2103-4fb3-af28-769d7483b85f@group-3E88E0A6EE2F:t0, leader=null, voted=, raftlog=Memoized:06134254-2103-4fb3-af28-769d7483b85f@group-3E88E0A6EE2F-SegmentedRaftLog:OPENED:c-1, conf=-1: peers:[e112e51e-5103-4e17-9bb8-79f4bd4a8423|rpc:10.1.72.1:15040|admin:10.1.72.1:15039|client:10.1.72.1:15038|dataStream:10.1.72.1:15041|priority:1|startupRole:FOLLOWER, db05cefc-d1d0-4a37-85d6-512a7e836214|rpc:10.1.72.1:15022|admin:10.1.72.1:15021|client:10.1.72.1:15020|dataStream:10.1.72.1:15023|priority:0|startupRole:FOLLOWER, 06134254-2103-4fb3-af28-769d7483b85f|rpc:10.1.72.1:15031|admin:10.1.72.1:15030|client:10.1.72.1:15029|dataStream:10.1.72.1:15032|priority:0|startupRole:FOLLOWER]|listeners:[], old=null
2023-06-27 17:02:13,276 [e112e51e-5103-4e17-9bb8-79f4bd4a8423@group-3E88E0A6EE2F-LeaderElection7] INFO  impl.LeaderElection (LeaderElection.java:logAndReturn(90)) - e112e51e-5103-4e17-9bb8-79f4bd4a8423@group-3E88E0A6EE2F-LeaderElection7: PRE_VOTE PASSED received 1 response(s) and 0 exception(s):
2023-06-27 17:02:13,276 [e112e51e-5103-4e17-9bb8-79f4bd4a8423@group-3E88E0A6EE2F-LeaderElection7] INFO  impl.LeaderElection (LeaderElection.java:logAndReturn(94)) -   Response 0: e112e51e-5103-4e17-9bb8-79f4bd4a8423<-db05cefc-d1d0-4a37-85d6-512a7e836214#0:OK-t0
2023-06-27 17:02:13,276 [e112e51e-5103-4e17-9bb8-79f4bd4a8423@group-3E88E0A6EE2F-LeaderElection7] INFO  impl.LeaderElection (LeaderElection.java:askForVotes(323)) - e112e51e-5103-4e17-9bb8-79f4bd4a8423@group-3E88E0A6EE2F-LeaderElection7 PRE_VOTE round 0: result PASSED
2023-06-27 17:02:13,285 [e112e51e-5103-4e17-9bb8-79f4bd4a8423@group-3E88E0A6EE2F-LeaderElection7] INFO  impl.LeaderElection (LeaderElection.java:askForVotes(321)) - e112e51e-5103-4e17-9bb8-79f4bd4a8423@group-3E88E0A6EE2F-LeaderElection7 ELECTION round 0: submit vote requests at term 1 for -1: peers:[e112e51e-5103-4e17-9bb8-79f4bd4a8423|rpc:10.1.72.1:15040|admin:10.1.72.1:15039|client:10.1.72.1:15038|dataStream:10.1.72.1:15041|priority:1|startupRole:FOLLOWER, db05cefc-d1d0-4a37-85d6-512a7e836214|rpc:10.1.72.1:15022|admin:10.1.72.1:15021|client:10.1.72.1:15020|dataStream:10.1.72.1:15023|priority:0|startupRole:FOLLOWER, 06134254-2103-4fb3-af28-769d7483b85f|rpc:10.1.72.1:15031|admin:10.1.72.1:15030|client:10.1.72.1:15029|dataStream:10.1.72.1:15032|priority:0|startupRole:FOLLOWER]|listeners:[], old=null
2023-06-27 17:02:13,287 [e112e51e-5103-4e17-9bb8-79f4bd4a8423@group-3E88E0A6EE2F-LeaderElection7] INFO  server.RaftServerConfigKeys (ConfUtils.java:logFallback(53)) - raft.server.rpc.first-election.timeout.min = 5s (fallback to raft.server.rpc.timeout.min)
2023-06-27 17:02:13,287 [e112e51e-5103-4e17-9bb8-79f4bd4a8423@group-3E88E0A6EE2F-LeaderElection7] INFO  server.RaftServerConfigKeys (ConfUtils.java:logFallback(53)) - raft.server.rpc.first-election.timeout.max = 5200ms (fallback to raft.server.rpc.timeout.max)
2023-06-27 17:02:13,318 [grpc-default-executor-3] INFO  server.RaftServer$Division (RaftServerImpl.java:requestVote(1302)) - db05cefc-d1d0-4a37-85d6-512a7e836214@group-3E88E0A6EE2F: receive requestVote(ELECTION, e112e51e-5103-4e17-9bb8-79f4bd4a8423, group-3E88E0A6EE2F, 1, (t:0, i:0))
2023-06-27 17:02:13,319 [grpc-default-executor-3] INFO  impl.VoteContext (VoteContext.java:log(49)) - db05cefc-d1d0-4a37-85d6-512a7e836214@group-3E88E0A6EE2F-FOLLOWER: accept ELECTION from e112e51e-5103-4e17-9bb8-79f4bd4a8423: our priority 0 <= candidate's priority 1
2023-06-27 17:02:13,319 [grpc-default-executor-3] INFO  server.RaftServer$Division (RaftServerImpl.java:setRole(329)) - db05cefc-d1d0-4a37-85d6-512a7e836214@group-3E88E0A6EE2F: changes role from  FOLLOWER to FOLLOWER at term 1 for candidate:e112e51e-5103-4e17-9bb8-79f4bd4a8423
2023-06-27 17:02:13,319 [grpc-default-executor-3] INFO  impl.RoleInfo (RoleInfo.java:shutdownFollowerState(110)) - db05cefc-d1d0-4a37-85d6-512a7e836214: shutdown db05cefc-d1d0-4a37-85d6-512a7e836214@group-3E88E0A6EE2F-FollowerState
2023-06-27 17:02:13,319 [grpc-default-executor-3] INFO  impl.RoleInfo (RoleInfo.java:updateAndGet(139)) - db05cefc-d1d0-4a37-85d6-512a7e836214: start db05cefc-d1d0-4a37-85d6-512a7e836214@group-3E88E0A6EE2F-FollowerState
2023-06-27 17:02:13,318 [grpc-default-executor-4] INFO  server.RaftServer$Division (RaftServerImpl.java:requestVote(1302)) - 06134254-2103-4fb3-af28-769d7483b85f@group-3E88E0A6EE2F: receive requestVote(ELECTION, e112e51e-5103-4e17-9bb8-79f4bd4a8423, group-3E88E0A6EE2F, 1, (t:0, i:0))
2023-06-27 17:02:13,319 [grpc-default-executor-4] INFO  impl.VoteContext (VoteContext.java:log(49)) - 06134254-2103-4fb3-af28-769d7483b85f@group-3E88E0A6EE2F-FOLLOWER: accept ELECTION from e112e51e-5103-4e17-9bb8-79f4bd4a8423: our priority 0 <= candidate's priority 1
2023-06-27 17:02:13,319 [grpc-default-executor-4] INFO  server.RaftServer$Division (RaftServerImpl.java:setRole(329)) - 06134254-2103-4fb3-af28-769d7483b85f@group-3E88E0A6EE2F: changes role from  FOLLOWER to FOLLOWER at term 1 for candidate:e112e51e-5103-4e17-9bb8-79f4bd4a8423
2023-06-27 17:02:13,319 [grpc-default-executor-4] INFO  impl.RoleInfo (RoleInfo.java:shutdownFollowerState(110)) - 06134254-2103-4fb3-af28-769d7483b85f: shutdown 06134254-2103-4fb3-af28-769d7483b85f@group-3E88E0A6EE2F-FollowerState
2023-06-27 17:02:13,320 [db05cefc-d1d0-4a37-85d6-512a7e836214@group-3E88E0A6EE2F-FollowerState] INFO  impl.FollowerState (FollowerState.java:run(152)) - db05cefc-d1d0-4a37-85d6-512a7e836214@group-3E88E0A6EE2F-FollowerState was interrupted
2023-06-27 17:02:13,321 [grpc-default-executor-4] INFO  impl.RoleInfo (RoleInfo.java:updateAndGet(139)) - 06134254-2103-4fb3-af28-769d7483b85f: start 06134254-2103-4fb3-af28-769d7483b85f@group-3E88E0A6EE2F-FollowerState
2023-06-27 17:02:13,322 [06134254-2103-4fb3-af28-769d7483b85f@group-3E88E0A6EE2F-FollowerState] INFO  impl.FollowerState (FollowerState.java:run(152)) - 06134254-2103-4fb3-af28-769d7483b85f@group-3E88E0A6EE2F-FollowerState was interrupted
2023-06-27 17:02:13,327 [grpc-default-executor-3] INFO  server.RaftServer$Division (RaftServerImpl.java:requestVote(1335)) - db05cefc-d1d0-4a37-85d6-512a7e836214@group-3E88E0A6EE2F replies to ELECTION vote request: e112e51e-5103-4e17-9bb8-79f4bd4a8423<-db05cefc-d1d0-4a37-85d6-512a7e836214#0:OK-t1. Peer's state: db05cefc-d1d0-4a37-85d6-512a7e836214@group-3E88E0A6EE2F:t1, leader=null, voted=e112e51e-5103-4e17-9bb8-79f4bd4a8423, raftlog=Memoized:db05cefc-d1d0-4a37-85d6-512a7e836214@group-3E88E0A6EE2F-SegmentedRaftLog:OPENED:c-1, conf=-1: peers:[e112e51e-5103-4e17-9bb8-79f4bd4a8423|rpc:10.1.72.1:15040|admin:10.1.72.1:15039|client:10.1.72.1:15038|dataStream:10.1.72.1:15041|priority:1|startupRole:FOLLOWER, db05cefc-d1d0-4a37-85d6-512a7e836214|rpc:10.1.72.1:15022|admin:10.1.72.1:15021|client:10.1.72.1:15020|dataStream:10.1.72.1:15023|priority:0|startupRole:FOLLOWER, 06134254-2103-4fb3-af28-769d7483b85f|rpc:10.1.72.1:15031|admin:10.1.72.1:15030|client:10.1.72.1:15029|dataStream:10.1.72.1:15032|priority:0|startupRole:FOLLOWER]|listeners:[], old=null
2023-06-27 17:02:13,331 [e112e51e-5103-4e17-9bb8-79f4bd4a8423@group-3E88E0A6EE2F-LeaderElection7] INFO  impl.LeaderElection (LeaderElection.java:logAndReturn(90)) - e112e51e-5103-4e17-9bb8-79f4bd4a8423@group-3E88E0A6EE2F-LeaderElection7: ELECTION PASSED received 1 response(s) and 0 exception(s):
2023-06-27 17:02:13,331 [e112e51e-5103-4e17-9bb8-79f4bd4a8423@group-3E88E0A6EE2F-LeaderElection7] INFO  impl.LeaderElection (LeaderElection.java:logAndReturn(94)) -   Response 0: e112e51e-5103-4e17-9bb8-79f4bd4a8423<-db05cefc-d1d0-4a37-85d6-512a7e836214#0:OK-t1
2023-06-27 17:02:13,331 [e112e51e-5103-4e17-9bb8-79f4bd4a8423@group-3E88E0A6EE2F-LeaderElection7] INFO  impl.LeaderElection (LeaderElection.java:askForVotes(323)) - e112e51e-5103-4e17-9bb8-79f4bd4a8423@group-3E88E0A6EE2F-LeaderElection7 ELECTION round 0: result PASSED
2023-06-27 17:02:13,331 [e112e51e-5103-4e17-9bb8-79f4bd4a8423@group-3E88E0A6EE2F-LeaderElection7] INFO  impl.RoleInfo (RoleInfo.java:shutdownLeaderElection(130)) - e112e51e-5103-4e17-9bb8-79f4bd4a8423: shutdown e112e51e-5103-4e17-9bb8-79f4bd4a8423@group-3E88E0A6EE2F-LeaderElection7
2023-06-27 17:02:13,331 [e112e51e-5103-4e17-9bb8-79f4bd4a8423@group-3E88E0A6EE2F-LeaderElection7] INFO  server.RaftServer$Division (RaftServerImpl.java:setRole(329)) - e112e51e-5103-4e17-9bb8-79f4bd4a8423@group-3E88E0A6EE2F: changes role from CANDIDATE to LEADER at term 1 for changeToLeader
2023-06-27 17:02:13,331 [e112e51e-5103-4e17-9bb8-79f4bd4a8423@group-3E88E0A6EE2F-LeaderElection7] INFO  ratis.XceiverServerRatis (XceiverServerRatis.java:handleLeaderChangedNotification(902)) - Leader change notification received for group: group-3E88E0A6EE2F with new leaderId: e112e51e-5103-4e17-9bb8-79f4bd4a8423
2023-06-27 17:02:13,331 [e112e51e-5103-4e17-9bb8-79f4bd4a8423@group-3E88E0A6EE2F-LeaderElection7] INFO  server.RaftServer$Division (ServerState.java:setLeader(317)) - e112e51e-5103-4e17-9bb8-79f4bd4a8423@group-3E88E0A6EE2F: change Leader from null to e112e51e-5103-4e17-9bb8-79f4bd4a8423 at term 1 for becomeLeader, leader elected after 5175ms
2023-06-27 17:02:13,331 [e112e51e-5103-4e17-9bb8-79f4bd4a8423@group-3E88E0A6EE2F-LeaderElection7] INFO  server.RaftServerConfigKeys (ConfUtils.java:logGet(46)) - raft.server.staging.catchup.gap = 1000 (default)
2023-06-27 17:02:13,332 [e112e51e-5103-4e17-9bb8-79f4bd4a8423@group-3E88E0A6EE2F-LeaderElection7] INFO  server.RaftServerConfigKeys (ConfUtils.java:logGet(46)) - raft.server.write.element-limit = 1024 (custom)
2023-06-27 17:02:13,332 [e112e51e-5103-4e17-9bb8-79f4bd4a8423@group-3E88E0A6EE2F-LeaderElection7] INFO  server.RaftServerConfigKeys (ConfUtils.java:logGet(46)) - raft.server.write.byte-limit = 1024 M (=1073741824) (custom)
2023-06-27 17:02:13,332 [e112e51e-5103-4e17-9bb8-79f4bd4a8423@group-3E88E0A6EE2F-LeaderElection7] INFO  server.RaftServerConfigKeys (ConfUtils.java:logGet(46)) - raft.server.watch.timeout = 180s (custom)
2023-06-27 17:02:13,332 [e112e51e-5103-4e17-9bb8-79f4bd4a8423@group-3E88E0A6EE2F-LeaderElection7] INFO  server.RaftServerConfigKeys (ConfUtils.java:logGet(46)) - raft.server.watch.timeout.denomination = 1s (default)
2023-06-27 17:02:13,332 [e112e51e-5103-4e17-9bb8-79f4bd4a8423@group-3E88E0A6EE2F-LeaderElection7] INFO  server.RaftServerConfigKeys (ConfUtils.java:logGet(46)) - raft.server.watch.element-limit = 65536 (default)
2023-06-27 17:02:13,332 [e112e51e-5103-4e17-9bb8-79f4bd4a8423@group-3E88E0A6EE2F-LeaderElection7] INFO  server.RaftServerConfigKeys (ConfUtils.java:logGet(46)) - raft.server.write.element-limit = 1024 (custom)
2023-06-27 17:02:13,332 [e112e51e-5103-4e17-9bb8-79f4bd4a8423@group-3E88E0A6EE2F-LeaderElection7] INFO  server.RaftServerConfigKeys (ConfUtils.java:logGet(46)) - raft.server.write.follower.gap.ratio.max = -1.0 (default)
2023-06-27 17:02:13,333 [e112e51e-5103-4e17-9bb8-79f4bd4a8423@group-3E88E0A6EE2F-LeaderElection7] INFO  server.RaftServerConfigKeys (ConfUtils.java:logGet(46)) - raft.server.log.appender.snapshot.chunk.size.max = 16MB (=16777216) (default)
2023-06-27 17:02:13,333 [e112e51e-5103-4e17-9bb8-79f4bd4a8423@group-3E88E0A6EE2F-LeaderElection7] INFO  server.RaftServerConfigKeys (ConfUtils.java:logGet(46)) - raft.server.log.appender.buffer.byte-limit = 33554432 (custom)
2023-06-27 17:02:13,333 [e112e51e-5103-4e17-9bb8-79f4bd4a8423@group-3E88E0A6EE2F-LeaderElection7] INFO  server.RaftServerConfigKeys (ConfUtils.java:logGet(46)) - raft.server.log.appender.buffer.element-limit = 1 (custom)
2023-06-27 17:02:13,333 [e112e51e-5103-4e17-9bb8-79f4bd4a8423@group-3E88E0A6EE2F-LeaderElection7] INFO  server.RaftServerConfigKeys (ConfUtils.java:logGet(46)) - raft.server.log.appender.wait-time.min = 10ms (default)
2023-06-27 17:02:13,333 [e112e51e-5103-4e17-9bb8-79f4bd4a8423@group-3E88E0A6EE2F-LeaderElection7] INFO  grpc.GrpcConfigKeys (ConfUtils.java:logGet(46)) - raft.grpc.server.leader.outstanding.appends.max = 128 (default)
2023-06-27 17:02:13,333 [e112e51e-5103-4e17-9bb8-79f4bd4a8423@group-3E88E0A6EE2F-LeaderElection7] INFO  server.RaftServerConfigKeys (ConfUtils.java:logGet(46)) - raft.server.rpc.request.timeout = 60s (custom)
2023-06-27 17:02:13,333 [e112e51e-5103-4e17-9bb8-79f4bd4a8423@group-3E88E0A6EE2F-LeaderElection7] INFO  grpc.GrpcConfigKeys (ConfUtils.java:logGet(46)) - raft.grpc.server.install_snapshot.request.element-limit = 8 (default)
2023-06-27 17:02:13,333 [e112e51e-5103-4e17-9bb8-79f4bd4a8423@group-3E88E0A6EE2F-LeaderElection7] INFO  grpc.GrpcConfigKeys (ConfUtils.java:logGet(46)) - raft.grpc.server.install_snapshot.request.timeout = 3000ms (default)
2023-06-27 17:02:13,333 [e112e51e-5103-4e17-9bb8-79f4bd4a8423@group-3E88E0A6EE2F-LeaderElection7] INFO  server.RaftServerConfigKeys (ConfUtils.java:logGet(46)) - raft.server.log.appender.install.snapshot.enabled = false (custom)
2023-06-27 17:02:13,333 [e112e51e-5103-4e17-9bb8-79f4bd4a8423@group-3E88E0A6EE2F-LeaderElection7] INFO  grpc.GrpcConfigKeys (ConfUtils.java:logGet(46)) - raft.grpc.server.heartbeat.channel = true (default)
2023-06-27 17:02:13,334 [e112e51e-5103-4e17-9bb8-79f4bd4a8423@group-3E88E0A6EE2F-LeaderElection7] INFO  server.RaftServerConfigKeys (ConfUtils.java:logGet(46)) - raft.server.log.appender.snapshot.chunk.size.max = 16MB (=16777216) (default)
2023-06-27 17:02:13,334 [e112e51e-5103-4e17-9bb8-79f4bd4a8423@group-3E88E0A6EE2F-LeaderElection7] INFO  server.RaftServerConfigKeys (ConfUtils.java:logGet(46)) - raft.server.log.appender.buffer.byte-limit = 33554432 (custom)
2023-06-27 17:02:13,334 [e112e51e-5103-4e17-9bb8-79f4bd4a8423@group-3E88E0A6EE2F-LeaderElection7] INFO  server.RaftServerConfigKeys (ConfUtils.java:logGet(46)) - raft.server.log.appender.buffer.element-limit = 1 (custom)
2023-06-27 17:02:13,334 [e112e51e-5103-4e17-9bb8-79f4bd4a8423@group-3E88E0A6EE2F-LeaderElection7] INFO  server.RaftServerConfigKeys (ConfUtils.java:logGet(46)) - raft.server.log.appender.wait-time.min = 10ms (default)
2023-06-27 17:02:13,334 [e112e51e-5103-4e17-9bb8-79f4bd4a8423@group-3E88E0A6EE2F-LeaderElection7] INFO  grpc.GrpcConfigKeys (ConfUtils.java:logGet(46)) - raft.grpc.server.leader.outstanding.appends.max = 128 (default)
2023-06-27 17:02:13,334 [e112e51e-5103-4e17-9bb8-79f4bd4a8423@group-3E88E0A6EE2F-LeaderElection7] INFO  server.RaftServerConfigKeys (ConfUtils.java:logGet(46)) - raft.server.rpc.request.timeout = 60s (custom)
2023-06-27 17:02:13,334 [e112e51e-5103-4e17-9bb8-79f4bd4a8423@group-3E88E0A6EE2F-LeaderElection7] INFO  grpc.GrpcConfigKeys (ConfUtils.java:logGet(46)) - raft.grpc.server.install_snapshot.request.element-limit = 8 (default)
2023-06-27 17:02:13,334 [e112e51e-5103-4e17-9bb8-79f4bd4a8423@group-3E88E0A6EE2F-LeaderElection7] INFO  grpc.GrpcConfigKeys (ConfUtils.java:logGet(46)) - raft.grpc.server.install_snapshot.request.timeout = 3000ms (default)
2023-06-27 17:02:13,334 [e112e51e-5103-4e17-9bb8-79f4bd4a8423@group-3E88E0A6EE2F-LeaderElection7] INFO  server.RaftServerConfigKeys (ConfUtils.java:logGet(46)) - raft.server.log.appender.install.snapshot.enabled = false (custom)
2023-06-27 17:02:13,334 [e112e51e-5103-4e17-9bb8-79f4bd4a8423@group-3E88E0A6EE2F-LeaderElection7] INFO  grpc.GrpcConfigKeys (ConfUtils.java:logGet(46)) - raft.grpc.server.heartbeat.channel = true (default)
2023-06-27 17:02:13,334 [e112e51e-5103-4e17-9bb8-79f4bd4a8423@group-3E88E0A6EE2F-LeaderElection7] INFO  impl.RoleInfo (RoleInfo.java:updateAndGet(139)) - e112e51e-5103-4e17-9bb8-79f4bd4a8423: start e112e51e-5103-4e17-9bb8-79f4bd4a8423@group-3E88E0A6EE2F-LeaderStateImpl
2023-06-27 17:02:13,335 [e112e51e-5103-4e17-9bb8-79f4bd4a8423@group-3E88E0A6EE2F-LeaderElection7] INFO  segmented.SegmentedRaftLogWorker (SegmentedRaftLogWorker.java:startLogSegment(447)) - e112e51e-5103-4e17-9bb8-79f4bd4a8423@group-3E88E0A6EE2F-SegmentedRaftLogWorker: Starting segment from index:0
2023-06-27 17:02:13,337 [grpc-default-executor-4] INFO  server.RaftServer$Division (RaftServerImpl.java:requestVote(1335)) - 06134254-2103-4fb3-af28-769d7483b85f@group-3E88E0A6EE2F replies to ELECTION vote request: e112e51e-5103-4e17-9bb8-79f4bd4a8423<-06134254-2103-4fb3-af28-769d7483b85f#0:OK-t1. Peer's state: 06134254-2103-4fb3-af28-769d7483b85f@group-3E88E0A6EE2F:t1, leader=null, voted=e112e51e-5103-4e17-9bb8-79f4bd4a8423, raftlog=Memoized:06134254-2103-4fb3-af28-769d7483b85f@group-3E88E0A6EE2F-SegmentedRaftLog:OPENED:c-1, conf=-1: peers:[e112e51e-5103-4e17-9bb8-79f4bd4a8423|rpc:10.1.72.1:15040|admin:10.1.72.1:15039|client:10.1.72.1:15038|dataStream:10.1.72.1:15041|priority:1|startupRole:FOLLOWER, db05cefc-d1d0-4a37-85d6-512a7e836214|rpc:10.1.72.1:15022|admin:10.1.72.1:15021|client:10.1.72.1:15020|dataStream:10.1.72.1:15023|priority:0|startupRole:FOLLOWER, 06134254-2103-4fb3-af28-769d7483b85f|rpc:10.1.72.1:15031|admin:10.1.72.1:15030|client:10.1.72.1:15029|dataStream:10.1.72.1:15032|priority:0|startupRole:FOLLOWER]|listeners:[], old=null
2023-06-27 17:02:13,339 [e112e51e-5103-4e17-9bb8-79f4bd4a8423@group-3E88E0A6EE2F-SegmentedRaftLogWorker] INFO  segmented.SegmentedRaftLogWorker (SegmentedRaftLogWorker.java:execute(651)) - e112e51e-5103-4e17-9bb8-79f4bd4a8423@group-3E88E0A6EE2F-SegmentedRaftLogWorker: created new log segment /home/runner/work/ozone/ozone/hadoop-ozone/integration-test/target/test-dir/MiniOzoneClusterImpl-4d774b9f-68c7-4e3d-9dd4-f167b54dbd62/datanode-2/data/ratis/64ab8abf-997f-4247-b29f-3e88e0a6ee2f/current/log_inprogress_0
2023-06-27 17:02:13,341 [EventQueue-PipelineReportForPipelineReportHandler] INFO  pipeline.PipelineManagerImpl (PipelineManagerImpl.java:openPipeline(443)) - Pipeline Pipeline[ Id: 64ab8abf-997f-4247-b29f-3e88e0a6ee2f, Nodes: 06134254-2103-4fb3-af28-769d7483b85f(fv-az748-341/10.1.72.1)db05cefc-d1d0-4a37-85d6-512a7e836214(fv-az748-341/10.1.72.1)e112e51e-5103-4e17-9bb8-79f4bd4a8423(fv-az748-341/10.1.72.1), ReplicationConfig: RATIS/THREE, State:ALLOCATED, leaderId:e112e51e-5103-4e17-9bb8-79f4bd4a8423, CreationTimestamp2023-06-27T17:02:05.171Z[Etc/UTC]] moved to OPEN state
2023-06-27 17:02:13,363 [06134254-2103-4fb3-af28-769d7483b85f@group-A5BBE74B45C4-FollowerState] INFO  impl.FollowerState (FollowerState.java:run(143)) - 06134254-2103-4fb3-af28-769d7483b85f@group-A5BBE74B45C4-FollowerState: change to CANDIDATE, lastRpcElapsedTime:5216766858ns, electionTimeout:5199ms
2023-06-27 17:02:13,369 [06134254-2103-4fb3-af28-769d7483b85f@group-A5BBE74B45C4-FollowerState] INFO  impl.RoleInfo (RoleInfo.java:shutdownFollowerState(110)) - 06134254-2103-4fb3-af28-769d7483b85f: shutdown 06134254-2103-4fb3-af28-769d7483b85f@group-A5BBE74B45C4-FollowerState
2023-06-27 17:02:13,369 [06134254-2103-4fb3-af28-769d7483b85f@group-A5BBE74B45C4-FollowerState] INFO  server.RaftServer$Division (RaftServerImpl.java:setRole(329)) - 06134254-2103-4fb3-af28-769d7483b85f@group-A5BBE74B45C4: changes role from  FOLLOWER to CANDIDATE at term 0 for changeToCandidate
2023-06-27 17:02:13,369 [06134254-2103-4fb3-af28-769d7483b85f@group-A5BBE74B45C4-FollowerState] INFO  server.RaftServerConfigKeys (ConfUtils.java:logGet(46)) - raft.server.leaderelection.pre-vote = true (default)
2023-06-27 17:02:13,370 [06134254-2103-4fb3-af28-769d7483b85f@group-A5BBE74B45C4-FollowerState] INFO  impl.RoleInfo (RoleInfo.java:updateAndGet(139)) - 06134254-2103-4fb3-af28-769d7483b85f: start 06134254-2103-4fb3-af28-769d7483b85f@group-A5BBE74B45C4-LeaderElection8
2023-06-27 17:02:13,385 [e112e51e-5103-4e17-9bb8-79f4bd4a8423@group-3E88E0A6EE2F-LeaderElection7] INFO  server.RaftServer$Division (ServerState.java:setRaftConf(434)) - e112e51e-5103-4e17-9bb8-79f4bd4a8423@group-3E88E0A6EE2F: set configuration 0: peers:[e112e51e-5103-4e17-9bb8-79f4bd4a8423|rpc:10.1.72.1:15040|admin:10.1.72.1:15039|client:10.1.72.1:15038|dataStream:10.1.72.1:15041|priority:1|startupRole:FOLLOWER, db05cefc-d1d0-4a37-85d6-512a7e836214|rpc:10.1.72.1:15022|admin:10.1.72.1:15021|client:10.1.72.1:15020|dataStream:10.1.72.1:15023|priority:0|startupRole:FOLLOWER, 06134254-2103-4fb3-af28-769d7483b85f|rpc:10.1.72.1:15031|admin:10.1.72.1:15030|client:10.1.72.1:15029|dataStream:10.1.72.1:15032|priority:0|startupRole:FOLLOWER]|listeners:[], old=null
2023-06-27 17:02:13,386 [06134254-2103-4fb3-af28-769d7483b85f-server-thread2] INFO  ratis.XceiverServerRatis (XceiverServerRatis.java:handleLeaderChangedNotification(902)) - Leader change notification received for group: group-3E88E0A6EE2F with new leaderId: e112e51e-5103-4e17-9bb8-79f4bd4a8423
2023-06-27 17:02:13,386 [06134254-2103-4fb3-af28-769d7483b85f-server-thread2] INFO  server.RaftServer$Division (ServerState.java:setLeader(317)) - 06134254-2103-4fb3-af28-769d7483b85f@group-3E88E0A6EE2F: change Leader from null to e112e51e-5103-4e17-9bb8-79f4bd4a8423 at term 1 for appendEntries, leader elected after 5542ms
2023-06-27 17:02:13,394 [06134254-2103-4fb3-af28-769d7483b85f@group-A5BBE74B45C4-LeaderElection8] INFO  impl.LeaderElection (LeaderElection.java:askForVotes(321)) - 06134254-2103-4fb3-af28-769d7483b85f@group-A5BBE74B45C4-LeaderElection8 PRE_VOTE round 0: submit vote requests at term 0 for -1: peers:[06134254-2103-4fb3-af28-769d7483b85f|rpc:10.1.72.1:15031|admin:10.1.72.1:15030|client:10.1.72.1:15029|dataStream:10.1.72.1:15032|priority:1|startupRole:FOLLOWER]|listeners:[], old=null
2023-06-27 17:02:13,394 [06134254-2103-4fb3-af28-769d7483b85f@group-A5BBE74B45C4-LeaderElection8] INFO  impl.LeaderElection (LeaderElection.java:askForVotes(323)) - 06134254-2103-4fb3-af28-769d7483b85f@group-A5BBE74B45C4-LeaderElection8 PRE_VOTE round 0: result PASSED (term=0)
2023-06-27 17:02:13,395 [06134254-2103-4fb3-af28-769d7483b85f-server-thread2] INFO  server.RaftServer$Division (ServerState.java:setRaftConf(434)) - 06134254-2103-4fb3-af28-769d7483b85f@group-3E88E0A6EE2F: set configuration 0: peers:[e112e51e-5103-4e17-9bb8-79f4bd4a8423|rpc:10.1.72.1:15040|admin:10.1.72.1:15039|client:10.1.72.1:15038|dataStream:10.1.72.1:15041|priority:1|startupRole:FOLLOWER, db05cefc-d1d0-4a37-85d6-512a7e836214|rpc:10.1.72.1:15022|admin:10.1.72.1:15021|client:10.1.72.1:15020|dataStream:10.1.72.1:15023|priority:0|startupRole:FOLLOWER, 06134254-2103-4fb3-af28-769d7483b85f|rpc:10.1.72.1:15031|admin:10.1.72.1:15030|client:10.1.72.1:15029|dataStream:10.1.72.1:15032|priority:0|startupRole:FOLLOWER]|listeners:[], old=null
2023-06-27 17:02:13,395 [06134254-2103-4fb3-af28-769d7483b85f-server-thread2] INFO  segmented.SegmentedRaftLogWorker (SegmentedRaftLogWorker.java:startLogSegment(447)) - 06134254-2103-4fb3-af28-769d7483b85f@group-3E88E0A6EE2F-SegmentedRaftLogWorker: Starting segment from index:0
2023-06-27 17:02:13,396 [06134254-2103-4fb3-af28-769d7483b85f@group-A5BBE74B45C4-LeaderElection8] INFO  impl.LeaderElection (LeaderElection.java:askForVotes(321)) - 06134254-2103-4fb3-af28-769d7483b85f@group-A5BBE74B45C4-LeaderElection8 ELECTION round 0: submit vote requests at term 1 for -1: peers:[06134254-2103-4fb3-af28-769d7483b85f|rpc:10.1.72.1:15031|admin:10.1.72.1:15030|client:10.1.72.1:15029|dataStream:10.1.72.1:15032|priority:1|startupRole:FOLLOWER]|listeners:[], old=null
2023-06-27 17:02:13,396 [06134254-2103-4fb3-af28-769d7483b85f@group-A5BBE74B45C4-LeaderElection8] INFO  impl.LeaderElection (LeaderElection.java:askForVotes(323)) - 06134254-2103-4fb3-af28-769d7483b85f@group-A5BBE74B45C4-LeaderElection8 ELECTION round 0: result PASSED (term=1)
2023-06-27 17:02:13,396 [06134254-2103-4fb3-af28-769d7483b85f@group-A5BBE74B45C4-LeaderElection8] INFO  impl.RoleInfo (RoleInfo.java:shutdownLeaderElection(130)) - 06134254-2103-4fb3-af28-769d7483b85f: shutdown 06134254-2103-4fb3-af28-769d7483b85f@group-A5BBE74B45C4-LeaderElection8
2023-06-27 17:02:13,396 [06134254-2103-4fb3-af28-769d7483b85f@group-A5BBE74B45C4-LeaderElection8] INFO  server.RaftServer$Division (RaftServerImpl.java:setRole(329)) - 06134254-2103-4fb3-af28-769d7483b85f@group-A5BBE74B45C4: changes role from CANDIDATE to LEADER at term 1 for changeToLeader
2023-06-27 17:02:13,396 [06134254-2103-4fb3-af28-769d7483b85f@group-A5BBE74B45C4-LeaderElection8] INFO  ratis.XceiverServerRatis (XceiverServerRatis.java:handleLeaderChangedNotification(902)) - Leader change notification received for group: group-A5BBE74B45C4 with new leaderId: 06134254-2103-4fb3-af28-769d7483b85f
2023-06-27 17:02:13,400 [06134254-2103-4fb3-af28-769d7483b85f@group-A5BBE74B45C4-LeaderElection8] INFO  server.RaftServer$Division (ServerState.java:setLeader(317)) - 06134254-2103-4fb3-af28-769d7483b85f@group-A5BBE74B45C4: change Leader from null to 06134254-2103-4fb3-af28-769d7483b85f at term 1 for becomeLeader, leader elected after 5527ms
2023-06-27 17:02:13,401 [06134254-2103-4fb3-af28-769d7483b85f@group-A5BBE74B45C4-LeaderElection8] INFO  server.RaftServerConfigKeys (ConfUtils.java:logGet(46)) - raft.server.staging.catchup.gap = 1000 (default)
2023-06-27 17:02:13,401 [06134254-2103-4fb3-af28-769d7483b85f@group-A5BBE74B45C4-LeaderElection8] INFO  server.RaftServerConfigKeys (ConfUtils.java:logGet(46)) - raft.server.write.element-limit = 1024 (custom)
2023-06-27 17:02:13,401 [06134254-2103-4fb3-af28-769d7483b85f@group-A5BBE74B45C4-LeaderElection8] INFO  server.RaftServerConfigKeys (ConfUtils.java:logGet(46)) - raft.server.write.byte-limit = 1024 M (=1073741824) (custom)
2023-06-27 17:02:13,401 [06134254-2103-4fb3-af28-769d7483b85f@group-A5BBE74B45C4-LeaderElection8] INFO  server.RaftServerConfigKeys (ConfUtils.java:logGet(46)) - raft.server.watch.timeout = 180s (custom)
2023-06-27 17:02:13,401 [06134254-2103-4fb3-af28-769d7483b85f@group-A5BBE74B45C4-LeaderElection8] INFO  server.RaftServerConfigKeys (ConfUtils.java:logGet(46)) - raft.server.watch.timeout.denomination = 1s (default)
2023-06-27 17:02:13,401 [06134254-2103-4fb3-af28-769d7483b85f@group-A5BBE74B45C4-LeaderElection8] INFO  server.RaftServerConfigKeys (ConfUtils.java:logGet(46)) - raft.server.watch.element-limit = 65536 (default)
2023-06-27 17:02:13,401 [06134254-2103-4fb3-af28-769d7483b85f@group-A5BBE74B45C4-LeaderElection8] INFO  server.RaftServerConfigKeys (ConfUtils.java:logGet(46)) - raft.server.write.element-limit = 1024 (custom)
2023-06-27 17:02:13,401 [06134254-2103-4fb3-af28-769d7483b85f@group-A5BBE74B45C4-LeaderElection8] INFO  server.RaftServerConfigKeys (ConfUtils.java:logGet(46)) - raft.server.write.follower.gap.ratio.max = -1.0 (default)
2023-06-27 17:02:13,404 [06134254-2103-4fb3-af28-769d7483b85f@group-A5BBE74B45C4-LeaderElection8] INFO  impl.RoleInfo (RoleInfo.java:updateAndGet(139)) - 06134254-2103-4fb3-af28-769d7483b85f: start 06134254-2103-4fb3-af28-769d7483b85f@group-A5BBE74B45C4-LeaderStateImpl
2023-06-27 17:02:13,404 [06134254-2103-4fb3-af28-769d7483b85f@group-3E88E0A6EE2F-SegmentedRaftLogWorker] INFO  segmented.SegmentedRaftLogWorker (SegmentedRaftLogWorker.java:execute(651)) - 06134254-2103-4fb3-af28-769d7483b85f@group-3E88E0A6EE2F-SegmentedRaftLogWorker: created new log segment /home/runner/work/ozone/ozone/hadoop-ozone/integration-test/target/test-dir/MiniOzoneClusterImpl-4d774b9f-68c7-4e3d-9dd4-f167b54dbd62/datanode-1/data/ratis/64ab8abf-997f-4247-b29f-3e88e0a6ee2f/current/log_inprogress_0
2023-06-27 17:02:13,405 [06134254-2103-4fb3-af28-769d7483b85f@group-A5BBE74B45C4-LeaderElection8] INFO  segmented.SegmentedRaftLogWorker (SegmentedRaftLogWorker.java:startLogSegment(447)) - 06134254-2103-4fb3-af28-769d7483b85f@group-A5BBE74B45C4-SegmentedRaftLogWorker: Starting segment from index:0
2023-06-27 17:02:13,410 [06134254-2103-4fb3-af28-769d7483b85f@group-A5BBE74B45C4-LeaderElection8] INFO  server.RaftServer$Division (ServerState.java:setRaftConf(434)) - 06134254-2103-4fb3-af28-769d7483b85f@group-A5BBE74B45C4: set configuration 0: peers:[06134254-2103-4fb3-af28-769d7483b85f|rpc:10.1.72.1:15031|admin:10.1.72.1:15030|client:10.1.72.1:15029|dataStream:10.1.72.1:15032|priority:1|startupRole:FOLLOWER]|listeners:[], old=null
2023-06-27 17:02:13,410 [db05cefc-d1d0-4a37-85d6-512a7e836214-server-thread2] INFO  ratis.XceiverServerRatis (XceiverServerRatis.java:handleLeaderChangedNotification(902)) - Leader change notification received for group: group-3E88E0A6EE2F with new leaderId: e112e51e-5103-4e17-9bb8-79f4bd4a8423
2023-06-27 17:02:13,410 [db05cefc-d1d0-4a37-85d6-512a7e836214-server-thread2] INFO  server.RaftServer$Division (ServerState.java:setLeader(317)) - db05cefc-d1d0-4a37-85d6-512a7e836214@group-3E88E0A6EE2F: change Leader from null to e112e51e-5103-4e17-9bb8-79f4bd4a8423 at term 1 for appendEntries, leader elected after 5614ms
2023-06-27 17:02:13,422 [e112e51e-5103-4e17-9bb8-79f4bd4a8423@group-BA14E5A3D625-FollowerState] INFO  impl.FollowerState (FollowerState.java:run(143)) - e112e51e-5103-4e17-9bb8-79f4bd4a8423@group-BA14E5A3D625-FollowerState: change to CANDIDATE, lastRpcElapsedTime:5200495142ns, electionTimeout:5199ms
2023-06-27 17:02:13,423 [e112e51e-5103-4e17-9bb8-79f4bd4a8423@group-BA14E5A3D625-FollowerState] INFO  impl.RoleInfo (RoleInfo.java:shutdownFollowerState(110)) - e112e51e-5103-4e17-9bb8-79f4bd4a8423: shutdown e112e51e-5103-4e17-9bb8-79f4bd4a8423@group-BA14E5A3D625-FollowerState
2023-06-27 17:02:13,423 [e112e51e-5103-4e17-9bb8-79f4bd4a8423@group-BA14E5A3D625-FollowerState] INFO  server.RaftServer$Division (RaftServerImpl.java:setRole(329)) - e112e51e-5103-4e17-9bb8-79f4bd4a8423@group-BA14E5A3D625: changes role from  FOLLOWER to CANDIDATE at term 0 for changeToCandidate
2023-06-27 17:02:13,423 [e112e51e-5103-4e17-9bb8-79f4bd4a8423@group-BA14E5A3D625-FollowerState] INFO  server.RaftServerConfigKeys (ConfUtils.java:logGet(46)) - raft.server.leaderelection.pre-vote = true (default)
2023-06-27 17:02:13,423 [e112e51e-5103-4e17-9bb8-79f4bd4a8423@group-BA14E5A3D625-FollowerState] INFO  impl.RoleInfo (RoleInfo.java:updateAndGet(139)) - e112e51e-5103-4e17-9bb8-79f4bd4a8423: start e112e51e-5103-4e17-9bb8-79f4bd4a8423@group-BA14E5A3D625-LeaderElection9
2023-06-27 17:02:13,430 [06134254-2103-4fb3-af28-769d7483b85f@group-A5BBE74B45C4-SegmentedRaftLogWorker] INFO  segmented.SegmentedRaftLogWorker (SegmentedRaftLogWorker.java:execute(651)) - 06134254-2103-4fb3-af28-769d7483b85f@group-A5BBE74B45C4-SegmentedRaftLogWorker: created new log segment /home/runner/work/ozone/ozone/hadoop-ozone/integration-test/target/test-dir/MiniOzoneClusterImpl-4d774b9f-68c7-4e3d-9dd4-f167b54dbd62/datanode-1/data/ratis/d0346edf-3953-4a7a-9d16-a5bbe74b45c4/current/log_inprogress_0
2023-06-27 17:02:13,446 [db05cefc-d1d0-4a37-85d6-512a7e836214-server-thread1] INFO  server.RaftServer$Division (ServerState.java:setRaftConf(434)) - db05cefc-d1d0-4a37-85d6-512a7e836214@group-3E88E0A6EE2F: set configuration 0: peers:[e112e51e-5103-4e17-9bb8-79f4bd4a8423|rpc:10.1.72.1:15040|admin:10.1.72.1:15039|client:10.1.72.1:15038|dataStream:10.1.72.1:15041|priority:1|startupRole:FOLLOWER, db05cefc-d1d0-4a37-85d6-512a7e836214|rpc:10.1.72.1:15022|admin:10.1.72.1:15021|client:10.1.72.1:15020|dataStream:10.1.72.1:15023|priority:0|startupRole:FOLLOWER, 06134254-2103-4fb3-af28-769d7483b85f|rpc:10.1.72.1:15031|admin:10.1.72.1:15030|client:10.1.72.1:15029|dataStream:10.1.72.1:15032|priority:0|startupRole:FOLLOWER]|listeners:[], old=null
2023-06-27 17:02:13,446 [db05cefc-d1d0-4a37-85d6-512a7e836214-server-thread1] INFO  segmented.SegmentedRaftLogWorker (SegmentedRaftLogWorker.java:startLogSegment(447)) - db05cefc-d1d0-4a37-85d6-512a7e836214@group-3E88E0A6EE2F-SegmentedRaftLogWorker: Starting segment from index:0
2023-06-27 17:02:13,446 [e112e51e-5103-4e17-9bb8-79f4bd4a8423@group-BA14E5A3D625-LeaderElection9] INFO  impl.LeaderElection (LeaderElection.java:askForVotes(321)) - e112e51e-5103-4e17-9bb8-79f4bd4a8423@group-BA14E5A3D625-LeaderElection9 PRE_VOTE round 0: submit vote requests at term 0 for -1: peers:[e112e51e-5103-4e17-9bb8-79f4bd4a8423|rpc:10.1.72.1:15040|admin:10.1.72.1:15039|client:10.1.72.1:15038|dataStream:10.1.72.1:15041|priority:1|startupRole:FOLLOWER]|listeners:[], old=null
2023-06-27 17:02:13,446 [e112e51e-5103-4e17-9bb8-79f4bd4a8423@group-BA14E5A3D625-LeaderElection9] INFO  impl.LeaderElection (LeaderElection.java:askForVotes(323)) - e112e51e-5103-4e17-9bb8-79f4bd4a8423@group-BA14E5A3D625-LeaderElection9 PRE_VOTE round 0: result PASSED (term=0)
2023-06-27 17:02:13,448 [e112e51e-5103-4e17-9bb8-79f4bd4a8423@group-BA14E5A3D625-LeaderElection9] INFO  impl.LeaderElection (LeaderElection.java:askForVotes(321)) - e112e51e-5103-4e17-9bb8-79f4bd4a8423@group-BA14E5A3D625-LeaderElection9 ELECTION round 0: submit vote requests at term 1 for -1: peers:[e112e51e-5103-4e17-9bb8-79f4bd4a8423|rpc:10.1.72.1:15040|admin:10.1.72.1:15039|client:10.1.72.1:15038|dataStream:10.1.72.1:15041|priority:1|startupRole:FOLLOWER]|listeners:[], old=null
2023-06-27 17:02:13,449 [e112e51e-5103-4e17-9bb8-79f4bd4a8423@group-BA14E5A3D625-LeaderElection9] INFO  impl.LeaderElection (LeaderElection.java:askForVotes(323)) - e112e51e-5103-4e17-9bb8-79f4bd4a8423@group-BA14E5A3D625-LeaderElection9 ELECTION round 0: result PASSED (term=1)
2023-06-27 17:02:13,449 [e112e51e-5103-4e17-9bb8-79f4bd4a8423@group-BA14E5A3D625-LeaderElection9] INFO  impl.RoleInfo (RoleInfo.java:shutdownLeaderElection(130)) - e112e51e-5103-4e17-9bb8-79f4bd4a8423: shutdown e112e51e-5103-4e17-9bb8-79f4bd4a8423@group-BA14E5A3D625-LeaderElection9
2023-06-27 17:02:13,449 [e112e51e-5103-4e17-9bb8-79f4bd4a8423@group-BA14E5A3D625-LeaderElection9] INFO  server.RaftServer$Division (RaftServerImpl.java:setRole(329)) - e112e51e-5103-4e17-9bb8-79f4bd4a8423@group-BA14E5A3D625: changes role from CANDIDATE to LEADER at term 1 for changeToLeader
2023-06-27 17:02:13,449 [e112e51e-5103-4e17-9bb8-79f4bd4a8423@group-BA14E5A3D625-LeaderElection9] INFO  ratis.XceiverServerRatis (XceiverServerRatis.java:handleLeaderChangedNotification(902)) - Leader change notification received for group: group-BA14E5A3D625 with new leaderId: e112e51e-5103-4e17-9bb8-79f4bd4a8423
2023-06-27 17:02:13,449 [e112e51e-5103-4e17-9bb8-79f4bd4a8423@group-BA14E5A3D625-LeaderElection9] INFO  server.RaftServer$Division (ServerState.java:setLeader(317)) - e112e51e-5103-4e17-9bb8-79f4bd4a8423@group-BA14E5A3D625: change Leader from null to e112e51e-5103-4e17-9bb8-79f4bd4a8423 at term 1 for becomeLeader, leader elected after 5260ms
2023-06-27 17:02:13,449 [e112e51e-5103-4e17-9bb8-79f4bd4a8423@group-BA14E5A3D625-LeaderElection9] INFO  server.RaftServerConfigKeys (ConfUtils.java:logGet(46)) - raft.server.staging.catchup.gap = 1000 (default)
2023-06-27 17:02:13,449 [e112e51e-5103-4e17-9bb8-79f4bd4a8423@group-BA14E5A3D625-LeaderElection9] INFO  server.RaftServerConfigKeys (ConfUtils.java:logGet(46)) - raft.server.write.element-limit = 1024 (custom)
2023-06-27 17:02:13,449 [e112e51e-5103-4e17-9bb8-79f4bd4a8423@group-BA14E5A3D625-LeaderElection9] INFO  server.RaftServerConfigKeys (ConfUtils.java:logGet(46)) - raft.server.write.byte-limit = 1024 M (=1073741824) (custom)
2023-06-27 17:02:13,450 [e112e51e-5103-4e17-9bb8-79f4bd4a8423@group-BA14E5A3D625-LeaderElection9] INFO  server.RaftServerConfigKeys (ConfUtils.java:logGet(46)) - raft.server.watch.timeout = 180s (custom)
2023-06-27 17:02:13,450 [e112e51e-5103-4e17-9bb8-79f4bd4a8423@group-BA14E5A3D625-LeaderElection9] INFO  server.RaftServerConfigKeys (ConfUtils.java:logGet(46)) - raft.server.watch.timeout.denomination = 1s (default)
2023-06-27 17:02:13,450 [e112e51e-5103-4e17-9bb8-79f4bd4a8423@group-BA14E5A3D625-LeaderElection9] INFO  server.RaftServerConfigKeys (ConfUtils.java:logGet(46)) - raft.server.watch.element-limit = 65536 (default)
2023-06-27 17:02:13,450 [e112e51e-5103-4e17-9bb8-79f4bd4a8423@group-BA14E5A3D625-LeaderElection9] INFO  server.RaftServerConfigKeys (ConfUtils.java:logGet(46)) - raft.server.write.element-limit = 1024 (custom)
2023-06-27 17:02:13,450 [e112e51e-5103-4e17-9bb8-79f4bd4a8423@group-BA14E5A3D625-LeaderElection9] INFO  server.RaftServerConfigKeys (ConfUtils.java:logGet(46)) - raft.server.write.follower.gap.ratio.max = -1.0 (default)
2023-06-27 17:02:13,450 [e112e51e-5103-4e17-9bb8-79f4bd4a8423@group-BA14E5A3D625-LeaderElection9] INFO  impl.RoleInfo (RoleInfo.java:updateAndGet(139)) - e112e51e-5103-4e17-9bb8-79f4bd4a8423: start e112e51e-5103-4e17-9bb8-79f4bd4a8423@group-BA14E5A3D625-LeaderStateImpl
2023-06-27 17:02:13,450 [e112e51e-5103-4e17-9bb8-79f4bd4a8423@group-BA14E5A3D625-LeaderElection9] INFO  segmented.SegmentedRaftLogWorker (SegmentedRaftLogWorker.java:startLogSegment(447)) - e112e51e-5103-4e17-9bb8-79f4bd4a8423@group-BA14E5A3D625-SegmentedRaftLogWorker: Starting segment from index:0
2023-06-27 17:02:13,451 [db05cefc-d1d0-4a37-85d6-512a7e836214@group-3E88E0A6EE2F-SegmentedRaftLogWorker] INFO  segmented.SegmentedRaftLogWorker (SegmentedRaftLogWorker.java:execute(651)) - db05cefc-d1d0-4a37-85d6-512a7e836214@group-3E88E0A6EE2F-SegmentedRaftLogWorker: created new log segment /home/runner/work/ozone/ozone/hadoop-ozone/integration-test/target/test-dir/MiniOzoneClusterImpl-4d774b9f-68c7-4e3d-9dd4-f167b54dbd62/datanode-0/data/ratis/64ab8abf-997f-4247-b29f-3e88e0a6ee2f/current/log_inprogress_0
2023-06-27 17:02:13,453 [e112e51e-5103-4e17-9bb8-79f4bd4a8423@group-BA14E5A3D625-SegmentedRaftLogWorker] INFO  segmented.SegmentedRaftLogWorker (SegmentedRaftLogWorker.java:execute(651)) - e112e51e-5103-4e17-9bb8-79f4bd4a8423@group-BA14E5A3D625-SegmentedRaftLogWorker: created new log segment /home/runner/work/ozone/ozone/hadoop-ozone/integration-test/target/test-dir/MiniOzoneClusterImpl-4d774b9f-68c7-4e3d-9dd4-f167b54dbd62/datanode-2/data/ratis/e2a1bee4-fa04-4969-bc4c-ba14e5a3d625/current/log_inprogress_0
2023-06-27 17:02:13,464 [e112e51e-5103-4e17-9bb8-79f4bd4a8423@group-BA14E5A3D625-LeaderElection9] INFO  server.RaftServer$Division (ServerState.java:setRaftConf(434)) - e112e51e-5103-4e17-9bb8-79f4bd4a8423@group-BA14E5A3D625: set configuration 0: peers:[e112e51e-5103-4e17-9bb8-79f4bd4a8423|rpc:10.1.72.1:15040|admin:10.1.72.1:15039|client:10.1.72.1:15038|dataStream:10.1.72.1:15041|priority:1|startupRole:FOLLOWER]|listeners:[], old=null
2023-06-27 17:02:13,819 [main] INFO  ozone.MiniOzoneHAClusterImpl (MiniOzoneHAClusterImpl.java:shutdownOzoneManager(231)) - Shutting down OzoneManager omNode-1
2023-06-27 17:02:13,820 [main] INFO  om.OzoneManager (OzoneManager.java:stop(2187)) - omNode-1[localhost:15004]: Stopping Ozone Manager
2023-06-27 17:02:13,820 [main] INFO  ipc.Server (Server.java:stop(3523)) - Stopping server on 15004
2023-06-27 17:02:13,832 [IPC Server listener on 15004] INFO  ipc.Server (Server.java:run(1434)) - Stopping IPC Server listener on 15004
2023-06-27 17:02:13,833 [IPC Server Responder] INFO  ipc.Server (Server.java:run(1567)) - Stopping IPC Server Responder
2023-06-27 17:02:13,836 [main] INFO  server.RaftServer (RaftServerProxy.java:lambda$close$6(416)) - omNode-1: close
2023-06-27 17:02:13,837 [omNode-1-impl-thread1] INFO  server.RaftServer$Division (RaftServerImpl.java:lambda$close$4(466)) - omNode-1@group-523986131536: shutdown
2023-06-27 17:02:13,838 [omNode-1-impl-thread1] INFO  util.JmxRegister (JmxRegister.java:unregister(73)) - Successfully un-registered JMX Bean with object name Ratis:service=RaftServer,group=group-523986131536,id=omNode-1
2023-06-27 17:02:13,838 [omNode-1-impl-thread1] INFO  impl.RoleInfo (RoleInfo.java:shutdownLeaderState(93)) - omNode-1: shutdown omNode-1@group-523986131536-LeaderStateImpl
2023-06-27 17:02:13,838 [omNode-1@group-523986131536->omNode-3-GrpcLogAppender-LogAppenderDaemon] WARN  server.GrpcLogAppender (GrpcLogAppender.java:mayWait(199)) - omNode-1@group-523986131536->omNode-3-GrpcLogAppender: Wait interrupted by java.lang.InterruptedException
2023-06-27 17:02:13,838 [omNode-1-impl-thread1] INFO  impl.PendingRequests (PendingRequests.java:sendNotLeaderResponses(289)) - omNode-1@group-523986131536-PendingRequests: sendNotLeaderResponses
2023-06-27 17:02:13,840 [omNode-1-impl-thread1] INFO  impl.StateMachineUpdater (StateMachineUpdater.java:stopAndJoin(155)) - omNode-1@group-523986131536-StateMachineUpdater: set stopIndex = 0
2023-06-27 17:02:13,840 [omNode-1@group-523986131536-StateMachineUpdater] INFO  ratis.OzoneManagerStateMachine (OzoneManagerStateMachine.java:takeSnapshot(479)) - Current Snapshot Index (t:1, i:0)
2023-06-27 17:02:13,841 [omNode-1@group-523986131536->omNode-2-GrpcLogAppender-LogAppenderDaemon] WARN  server.GrpcLogAppender (GrpcLogAppender.java:mayWait(199)) - omNode-1@group-523986131536->omNode-2-GrpcLogAppender: Wait interrupted by java.lang.InterruptedException
2023-06-27 17:02:13,842 [grpc-default-executor-3] INFO  server.GrpcServerProtocolService (GrpcServerProtocolService.java:onCompleted(155)) - omNode-3: Completed APPEND_ENTRIES, lastRequest: null
2023-06-27 17:02:13,843 [main] INFO  server.GrpcService (GrpcService.java:closeImpl(311)) - omNode-1: shutdown server GrpcServerProtocolService now
2023-06-27 17:02:13,843 [grpc-default-executor-3] INFO  server.GrpcServerProtocolService (GrpcServerProtocolService.java:lambda$onCompleted$5(157)) - omNode-3: Completed APPEND_ENTRIES, lastReply: serverReply {
  requestorId: "omNode-1"
  replyId: "omNode-3"
  raftGroupId {
    id: "\311\274L\364;\303<`\246kR9\206\023\0256"
  }
  callId: 39
  success: true
}
term: 1
nextIndex: 1
matchIndex: 18446744073709551615
isHearbeat: true

2023-06-27 17:02:13,857 [grpc-default-executor-4] INFO  server.GrpcServerProtocolService (GrpcServerProtocolService.java:onCompleted(155)) - omNode-3: Completed APPEND_ENTRIES, lastRequest: omNode-1->omNode-3#11-t1,previous=(t:0, i:0),leaderCommit=0,initializing? true,entries: size=1, first=(t:1, i:0), CONFIGURATIONENTRY(current:id: "omNode-3"
address: "localhost:15015"
startupRole: FOLLOWER
,id: "omNode-1"
address: "localhost:15007"
startupRole: FOLLOWER
,id: "omNode-2"
address: "localhost:15011"
startupRole: FOLLOWER
, old:)
2023-06-27 17:02:13,858 [grpc-default-executor-4] INFO  server.GrpcServerProtocolService (GrpcServerProtocolService.java:lambda$onCompleted$5(157)) - omNode-3: Completed APPEND_ENTRIES, lastReply: null
2023-06-27 17:02:13,859 [grpc-default-executor-0] INFO  server.GrpcServerProtocolService (GrpcServerProtocolService.java:onCompleted(155)) - omNode-2: Completed APPEND_ENTRIES, lastRequest: null
2023-06-27 17:02:13,859 [grpc-default-executor-0] INFO  server.GrpcServerProtocolService (GrpcServerProtocolService.java:lambda$onCompleted$5(157)) - omNode-2: Completed APPEND_ENTRIES, lastReply: serverReply {
  requestorId: "omNode-1"
  replyId: "omNode-2"
  raftGroupId {
    id: "\311\274L\364;\303<`\246kR9\206\023\0256"
  }
  callId: 32
  success: true
}
term: 1
nextIndex: 1
matchIndex: 18446744073709551615
isHearbeat: true

2023-06-27 17:02:13,859 [grpc-default-executor-2] INFO  server.GrpcLogAppender (GrpcLogAppender.java:onCompleted(428)) - omNode-1@group-523986131536->omNode-3-AppendLogResponseHandler: follower responses appendEntries COMPLETED
2023-06-27 17:02:13,859 [grpc-default-executor-2] INFO  leader.FollowerInfo (FollowerInfoImpl.java:lambda$new$0(52)) - omNode-1@group-523986131536->omNode-3: decreaseNextIndex nextIndex: updateUnconditionally 1 -> 0
2023-06-27 17:02:13,859 [grpc-default-executor-0] INFO  server.GrpcLogAppender (GrpcLogAppender.java:onCompleted(428)) - omNode-1@group-523986131536->omNode-3-AppendLogResponseHandler: follower responses appendEntries COMPLETED
2023-06-27 17:02:13,844 [grpc-default-executor-1] INFO  server.GrpcServerProtocolService (GrpcServerProtocolService.java:onCompleted(155)) - omNode-2: Completed APPEND_ENTRIES, lastRequest: omNode-1->omNode-2#1-t1,previous=(t:0, i:0),leaderCommit=-1,initializing? true,entries: size=1, first=(t:1, i:0), CONFIGURATIONENTRY(current:id: "omNode-3"
address: "localhost:15015"
startupRole: FOLLOWER
,id: "omNode-1"
address: "localhost:15007"
startupRole: FOLLOWER
,id: "omNode-2"
address: "localhost:15011"
startupRole: FOLLOWER
, old:)
2023-06-27 17:02:13,867 [grpc-default-executor-4] INFO  server.GrpcLogAppender (GrpcLogAppender.java:onCompleted(428)) - omNode-1@group-523986131536->omNode-2-AppendLogResponseHandler: follower responses appendEntries COMPLETED
2023-06-27 17:02:13,867 [grpc-default-executor-4] INFO  leader.FollowerInfo (FollowerInfoImpl.java:lambda$new$0(52)) - omNode-1@group-523986131536->omNode-2: decreaseNextIndex nextIndex: updateUnconditionally 1 -> 0
2023-06-27 17:02:13,867 [grpc-default-executor-1] INFO  server.GrpcServerProtocolService (GrpcServerProtocolService.java:lambda$onCompleted$5(157)) - omNode-2: Completed APPEND_ENTRIES, lastReply: null
2023-06-27 17:02:13,869 [grpc-default-executor-4] INFO  server.GrpcLogAppender (GrpcLogAppender.java:onCompleted(428)) - omNode-1@group-523986131536->omNode-2-AppendLogResponseHandler: follower responses appendEntries COMPLETED
2023-06-27 17:02:13,877 [Thread-440] INFO  server.GrpcServerProtocolClient (GrpcServerProtocolClient.java:close(103)) - omNode-3 Close channels
2023-06-27 17:02:13,880 [Thread-442] INFO  server.GrpcServerProtocolClient (GrpcServerProtocolClient.java:close(103)) - omNode-2 Close channels
2023-06-27 17:02:13,886 [omNode-1@group-523986131536-StateMachineUpdater] INFO  impl.StateMachineUpdater (StateMachineUpdater.java:takeSnapshot(291)) - omNode-1@group-523986131536-StateMachineUpdater: Took a snapshot at index 0
2023-06-27 17:02:13,886 [omNode-1@group-523986131536-StateMachineUpdater] INFO  impl.StateMachineUpdater (StateMachineUpdater.java:lambda$new$0(97)) - omNode-1@group-523986131536-StateMachineUpdater: snapshotIndex: updateIncreasingly -1 -> 0
2023-06-27 17:02:13,886 [omNode-1@group-523986131536-StateMachineUpdater] INFO  ratis.OzoneManagerStateMachine (OzoneManagerStateMachine.java:close(533)) - StateMachine has shutdown. Shutdown OzoneManager if not already shutdown.
2023-06-27 17:02:13,886 [omNode-1@group-523986131536-StateMachineUpdater] INFO  ratis.OzoneManagerDoubleBuffer (OzoneManagerDoubleBuffer.java:stopDaemon(551)) - Stopping OMDoubleBuffer flush thread
2023-06-27 17:02:13,886 [OMDoubleBufferFlushThread] INFO  ratis.OzoneManagerDoubleBuffer (OzoneManagerDoubleBuffer.java:canFlush(638)) - OMDoubleBuffer flush thread OMDoubleBufferFlushThread is interrupted and will exit.
2023-06-27 17:02:13,887 [omNode-3@group-523986131536-FollowerState] INFO  server.RaftServerConfigKeys (ConfUtils.java:logFallback(53)) - raft.server.rpc.first-election.timeout.min = 1s (fallback to raft.server.rpc.timeout.min)
2023-06-27 17:02:13,888 [omNode-3@group-523986131536-FollowerState] INFO  server.RaftServerConfigKeys (ConfUtils.java:logFallback(53)) - raft.server.rpc.first-election.timeout.max = 1200ms (fallback to raft.server.rpc.timeout.max)
2023-06-27 17:02:13,888 [omNode-1-impl-thread1] INFO  server.RaftServer$Division (ServerState.java:close(472)) - omNode-1@group-523986131536: closes. applyIndex: 0
2023-06-27 17:02:14,122 [omNode-1-impl-thread1] INFO  segmented.SegmentedRaftLogWorker (SegmentedRaftLogWorker.java:close(252)) - omNode-1@group-523986131536-SegmentedRaftLogWorker close()
2023-06-27 17:02:15,001 [omNode-3@group-523986131536-FollowerState] INFO  impl.FollowerState (FollowerState.java:run(143)) - omNode-3@group-523986131536-FollowerState: change to CANDIDATE, lastRpcElapsedTime:1174125963ns, electionTimeout:1113ms
2023-06-27 17:02:15,001 [omNode-3@group-523986131536-FollowerState] INFO  impl.RoleInfo (RoleInfo.java:shutdownFollowerState(110)) - omNode-3: shutdown omNode-3@group-523986131536-FollowerState
2023-06-27 17:02:15,001 [omNode-3@group-523986131536-FollowerState] INFO  server.RaftServer$Division (RaftServerImpl.java:setRole(329)) - omNode-3@group-523986131536: changes role from  FOLLOWER to CANDIDATE at term 1 for changeToCandidate
2023-06-27 17:02:15,001 [omNode-3@group-523986131536-FollowerState] INFO  server.RaftServerConfigKeys (ConfUtils.java:logGet(46)) - raft.server.leaderelection.pre-vote = true (default)
2023-06-27 17:02:15,002 [omNode-3@group-523986131536-FollowerState] INFO  impl.RoleInfo (RoleInfo.java:updateAndGet(139)) - omNode-3: start omNode-3@group-523986131536-LeaderElection10
2023-06-27 17:02:15,003 [omNode-3@group-523986131536-LeaderElection10] INFO  server.RaftServer$Division (ServerState.java:setLeader(317)) - omNode-3@group-523986131536: change Leader from omNode-1 to null at term 1 for PRE_VOTE
2023-06-27 17:02:15,003 [omNode-3@group-523986131536-LeaderElection10] INFO  impl.LeaderElection (LeaderElection.java:askForVotes(321)) - omNode-3@group-523986131536-LeaderElection10 PRE_VOTE round 0: submit vote requests at term 1 for 0: peers:[omNode-3|rpc:localhost:15015|admin:|client:|dataStream:|priority:0|startupRole:FOLLOWER, omNode-1|rpc:localhost:15007|admin:|client:|dataStream:|priority:0|startupRole:FOLLOWER, omNode-2|rpc:localhost:15011|admin:|client:|dataStream:|priority:0|startupRole:FOLLOWER]|listeners:[], old=null
2023-06-27 17:02:15,004 [omNode-3@group-523986131536-LeaderElection10] INFO  server.RaftServerConfigKeys (ConfUtils.java:logFallback(53)) - raft.server.rpc.first-election.timeout.min = 1s (fallback to raft.server.rpc.timeout.min)
2023-06-27 17:02:15,004 [omNode-3@group-523986131536-LeaderElection10-1] INFO  server.GrpcServerProtocolClient (GrpcServerProtocolClient.java:<init>(65)) - Build channel for omNode-1
2023-06-27 17:02:15,004 [omNode-3@group-523986131536-LeaderElection10] INFO  server.RaftServerConfigKeys (ConfUtils.java:logFallback(53)) - raft.server.rpc.first-election.timeout.max = 1200ms (fallback to raft.server.rpc.timeout.max)
2023-06-27 17:02:15,005 [omNode-3@group-523986131536-LeaderElection10-2] INFO  server.GrpcServerProtocolClient (GrpcServerProtocolClient.java:<init>(65)) - Build channel for omNode-2
2023-06-27 17:02:15,012 [grpc-default-executor-4] INFO  server.RaftServer$Division (RaftServerImpl.java:requestVote(1302)) - omNode-2@group-523986131536: receive requestVote(PRE_VOTE, omNode-3, group-523986131536, 1, (t:1, i:0))
2023-06-27 17:02:15,013 [grpc-default-executor-4] INFO  impl.VoteContext (VoteContext.java:log(49)) - omNode-2@group-523986131536-FOLLOWER: accept PRE_VOTE from omNode-3: our priority 0 <= candidate's priority 0
2023-06-27 17:02:15,013 [grpc-default-executor-4] INFO  server.RaftServer$Division (RaftServerImpl.java:requestVote(1335)) - omNode-2@group-523986131536 replies to PRE_VOTE vote request: omNode-3<-omNode-2#0:OK-t1. Peer's state: omNode-2@group-523986131536:t1, leader=omNode-1, voted=omNode-1, raftlog=Memoized:omNode-2@group-523986131536-SegmentedRaftLog:OPENED:c0, conf=0: peers:[omNode-3|rpc:localhost:15015|admin:|client:|dataStream:|priority:0|startupRole:FOLLOWER, omNode-1|rpc:localhost:15007|admin:|client:|dataStream:|priority:0|startupRole:FOLLOWER, omNode-2|rpc:localhost:15011|admin:|client:|dataStream:|priority:0|startupRole:FOLLOWER]|listeners:[], old=null
2023-06-27 17:02:15,017 [omNode-3@group-523986131536-LeaderElection10] INFO  impl.LeaderElection (LeaderElection.java:logAndReturn(90)) - omNode-3@group-523986131536-LeaderElection10: PRE_VOTE PASSED received 1 response(s) and 0 exception(s):
2023-06-27 17:02:15,017 [omNode-3@group-523986131536-LeaderElection10] INFO  impl.LeaderElection (LeaderElection.java:logAndReturn(94)) -   Response 0: omNode-3<-omNode-2#0:OK-t1
2023-06-27 17:02:15,017 [omNode-3@group-523986131536-LeaderElection10] INFO  impl.LeaderElection (LeaderElection.java:askForVotes(323)) - omNode-3@group-523986131536-LeaderElection10 PRE_VOTE round 0: result PASSED
2023-06-27 17:02:15,020 [omNode-3@group-523986131536-LeaderElection10] INFO  impl.LeaderElection (LeaderElection.java:askForVotes(321)) - omNode-3@group-523986131536-LeaderElection10 ELECTION round 0: submit vote requests at term 2 for 0: peers:[omNode-3|rpc:localhost:15015|admin:|client:|dataStream:|priority:0|startupRole:FOLLOWER, omNode-1|rpc:localhost:15007|admin:|client:|dataStream:|priority:0|startupRole:FOLLOWER, omNode-2|rpc:localhost:15011|admin:|client:|dataStream:|priority:0|startupRole:FOLLOWER]|listeners:[], old=null
2023-06-27 17:02:15,020 [omNode-3@group-523986131536-LeaderElection10] INFO  server.RaftServerConfigKeys (ConfUtils.java:logFallback(53)) - raft.server.rpc.first-election.timeout.min = 1s (fallback to raft.server.rpc.timeout.min)
2023-06-27 17:02:15,021 [omNode-3@group-523986131536-LeaderElection10] INFO  server.RaftServerConfigKeys (ConfUtils.java:logFallback(53)) - raft.server.rpc.first-election.timeout.max = 1200ms (fallback to raft.server.rpc.timeout.max)
2023-06-27 17:02:15,021 [omNode-3@group-523986131536-LeaderElection10] INFO  impl.LeaderElection (LogUtils.java:infoOrTrace(137)) - omNode-3@group-523986131536-LeaderElection10 got exception when requesting votes: java.util.concurrent.ExecutionException: org.apache.ratis.thirdparty.io.grpc.StatusRuntimeException: UNAVAILABLE: io exception
2023-06-27 17:02:15,023 [grpc-default-executor-4] INFO  server.RaftServer$Division (RaftServerImpl.java:requestVote(1302)) - omNode-2@group-523986131536: receive requestVote(ELECTION, omNode-3, group-523986131536, 2, (t:1, i:0))
2023-06-27 17:02:15,023 [grpc-default-executor-4] INFO  impl.VoteContext (VoteContext.java:log(49)) - omNode-2@group-523986131536-FOLLOWER: accept ELECTION from omNode-3: our priority 0 <= candidate's priority 0
2023-06-27 17:02:15,023 [grpc-default-executor-4] INFO  server.RaftServer$Division (ServerState.java:setLeader(317)) - omNode-2@group-523986131536: change Leader from omNode-1 to null at term 2 for updateCurrentTerm
2023-06-27 17:02:15,023 [grpc-default-executor-4] INFO  server.RaftServer$Division (RaftServerImpl.java:setRole(329)) - omNode-2@group-523986131536: changes role from  FOLLOWER to FOLLOWER at term 2 for candidate:omNode-3
2023-06-27 17:02:15,023 [grpc-default-executor-4] INFO  impl.RoleInfo (RoleInfo.java:shutdownFollowerState(110)) - omNode-2: shutdown omNode-2@group-523986131536-FollowerState
2023-06-27 17:02:15,023 [grpc-default-executor-4] INFO  impl.RoleInfo (RoleInfo.java:updateAndGet(139)) - omNode-2: start omNode-2@group-523986131536-FollowerState
2023-06-27 17:02:15,023 [omNode-2@group-523986131536-FollowerState] INFO  impl.FollowerState (FollowerState.java:run(152)) - omNode-2@group-523986131536-FollowerState was interrupted
2023-06-27 17:02:15,026 [grpc-default-executor-4] INFO  server.RaftServer$Division (RaftServerImpl.java:requestVote(1335)) - omNode-2@group-523986131536 replies to ELECTION vote request: omNode-3<-omNode-2#0:OK-t2. Peer's state: omNode-2@group-523986131536:t2, leader=null, voted=omNode-3, raftlog=Memoized:omNode-2@group-523986131536-SegmentedRaftLog:OPENED:c0, conf=0: peers:[omNode-3|rpc:localhost:15015|admin:|client:|dataStream:|priority:0|startupRole:FOLLOWER, omNode-1|rpc:localhost:15007|admin:|client:|dataStream:|priority:0|startupRole:FOLLOWER, omNode-2|rpc:localhost:15011|admin:|client:|dataStream:|priority:0|startupRole:FOLLOWER]|listeners:[], old=null
2023-06-27 17:02:15,027 [omNode-3@group-523986131536-LeaderElection10] INFO  impl.LeaderElection (LeaderElection.java:logAndReturn(90)) - omNode-3@group-523986131536-LeaderElection10: ELECTION PASSED received 1 response(s) and 1 exception(s):
2023-06-27 17:02:15,027 [omNode-3@group-523986131536-LeaderElection10] INFO  impl.LeaderElection (LeaderElection.java:logAndReturn(94)) -   Response 0: omNode-3<-omNode-2#0:OK-t2
2023-06-27 17:02:15,027 [omNode-3@group-523986131536-LeaderElection10] INFO  impl.LeaderElection (LogUtils.java:infoOrTrace(137)) -   Exception 1: java.util.concurrent.ExecutionException: org.apache.ratis.thirdparty.io.grpc.StatusRuntimeException: UNAVAILABLE: io exception
2023-06-27 17:02:15,027 [omNode-3@group-523986131536-LeaderElection10] INFO  impl.LeaderElection (LeaderElection.java:askForVotes(323)) - omNode-3@group-523986131536-LeaderElection10 ELECTION round 0: result PASSED
2023-06-27 17:02:15,027 [omNode-3@group-523986131536-LeaderElection10] INFO  impl.RoleInfo (RoleInfo.java:shutdownLeaderElection(130)) - omNode-3: shutdown omNode-3@group-523986131536-LeaderElection10
2023-06-27 17:02:15,027 [omNode-3@group-523986131536-LeaderElection10] INFO  server.RaftServer$Division (RaftServerImpl.java:setRole(329)) - omNode-3@group-523986131536: changes role from CANDIDATE to LEADER at term 2 for changeToLeader
2023-06-27 17:02:15,028 [omNode-3@group-523986131536-LeaderElection10] INFO  server.RaftServer$Division (ServerState.java:setLeader(317)) - omNode-3@group-523986131536: change Leader from null to omNode-3 at term 2 for becomeLeader, leader elected after 23ms
2023-06-27 17:02:15,029 [omNode-3@group-523986131536-LeaderElection10] INFO  server.RaftServerConfigKeys (ConfUtils.java:logGet(46)) - raft.server.staging.catchup.gap = 1000 (default)
2023-06-27 17:02:15,029 [omNode-3@group-523986131536-LeaderElection10] INFO  server.RaftServerConfigKeys (ConfUtils.java:logGet(46)) - raft.server.write.element-limit = 4096 (default)
2023-06-27 17:02:15,029 [omNode-3@group-523986131536-LeaderElection10] INFO  server.RaftServerConfigKeys (ConfUtils.java:logGet(46)) - raft.server.write.byte-limit = 64MB (=67108864) (default)
2023-06-27 17:02:15,029 [omNode-3@group-523986131536-LeaderElection10] INFO  server.RaftServerConfigKeys (ConfUtils.java:logGet(46)) - raft.server.watch.timeout = 10s (default)
2023-06-27 17:02:15,029 [omNode-3@group-523986131536-LeaderElection10] INFO  server.RaftServerConfigKeys (ConfUtils.java:logGet(46)) - raft.server.watch.timeout.denomination = 1s (default)
2023-06-27 17:02:15,029 [omNode-3@group-523986131536-LeaderElection10] INFO  server.RaftServerConfigKeys (ConfUtils.java:logGet(46)) - raft.server.watch.element-limit = 65536 (default)
2023-06-27 17:02:15,029 [omNode-3@group-523986131536-LeaderElection10] INFO  server.RaftServerConfigKeys (ConfUtils.java:logGet(46)) - raft.server.write.element-limit = 4096 (default)
2023-06-27 17:02:15,029 [omNode-3@group-523986131536-LeaderElection10] INFO  server.RaftServerConfigKeys (ConfUtils.java:logGet(46)) - raft.server.write.follower.gap.ratio.max = -1.0 (default)
2023-06-27 17:02:15,030 [omNode-3@group-523986131536-LeaderElection10] INFO  server.RaftServerConfigKeys (ConfUtils.java:logGet(46)) - raft.server.log.appender.snapshot.chunk.size.max = 16MB (=16777216) (default)
2023-06-27 17:02:15,030 [omNode-3@group-523986131536-LeaderElection10] INFO  server.RaftServerConfigKeys (ConfUtils.java:logGet(46)) - raft.server.log.appender.buffer.byte-limit = 33554432 (custom)
2023-06-27 17:02:15,030 [omNode-3@group-523986131536-LeaderElection10] INFO  server.RaftServerConfigKeys (ConfUtils.java:logGet(46)) - raft.server.log.appender.buffer.element-limit = 1024 (custom)
2023-06-27 17:02:15,030 [omNode-3@group-523986131536-LeaderElection10] INFO  server.RaftServerConfigKeys (ConfUtils.java:logGet(46)) - raft.server.log.appender.wait-time.min = 10ms (default)
2023-06-27 17:02:15,030 [omNode-3@group-523986131536-LeaderElection10] INFO  grpc.GrpcConfigKeys (ConfUtils.java:logGet(46)) - raft.grpc.server.leader.outstanding.appends.max = 128 (default)
2023-06-27 17:02:15,030 [omNode-3@group-523986131536-LeaderElection10] INFO  server.RaftServerConfigKeys (ConfUtils.java:logGet(46)) - raft.server.rpc.request.timeout = 3000ms (default)
2023-06-27 17:02:15,030 [omNode-3@group-523986131536-LeaderElection10] INFO  grpc.GrpcConfigKeys (ConfUtils.java:logGet(46)) - raft.grpc.server.install_snapshot.request.element-limit = 8 (default)
2023-06-27 17:02:15,030 [omNode-3@group-523986131536-LeaderElection10] INFO  grpc.GrpcConfigKeys (ConfUtils.java:logGet(46)) - raft.grpc.server.install_snapshot.request.timeout = 3000ms (default)
2023-06-27 17:02:15,030 [omNode-3@group-523986131536-LeaderElection10] INFO  server.RaftServerConfigKeys (ConfUtils.java:logGet(46)) - raft.server.log.appender.install.snapshot.enabled = false (custom)
2023-06-27 17:02:15,030 [omNode-3@group-523986131536-LeaderElection10] INFO  grpc.GrpcConfigKeys (ConfUtils.java:logGet(46)) - raft.grpc.server.heartbeat.channel = true (default)
2023-06-27 17:02:15,031 [omNode-3@group-523986131536-LeaderElection10] INFO  server.RaftServerConfigKeys (ConfUtils.java:logGet(46)) - raft.server.log.appender.snapshot.chunk.size.max = 16MB (=16777216) (default)
2023-06-27 17:02:15,031 [omNode-3@group-523986131536-LeaderElection10] INFO  server.RaftServerConfigKeys (ConfUtils.java:logGet(46)) - raft.server.log.appender.buffer.byte-limit = 33554432 (custom)
2023-06-27 17:02:15,031 [omNode-3@group-523986131536-LeaderElection10] INFO  server.RaftServerConfigKeys (ConfUtils.java:logGet(46)) - raft.server.log.appender.buffer.element-limit = 1024 (custom)
2023-06-27 17:02:15,031 [omNode-3@group-523986131536-LeaderElection10] INFO  server.RaftServerConfigKeys (ConfUtils.java:logGet(46)) - raft.server.log.appender.wait-time.min = 10ms (default)
2023-06-27 17:02:15,031 [omNode-3@group-523986131536-LeaderElection10] INFO  grpc.GrpcConfigKeys (ConfUtils.java:logGet(46)) - raft.grpc.server.leader.outstanding.appends.max = 128 (default)
2023-06-27 17:02:15,031 [omNode-3@group-523986131536-LeaderElection10] INFO  server.RaftServerConfigKeys (ConfUtils.java:logGet(46)) - raft.server.rpc.request.timeout = 3000ms (default)
2023-06-27 17:02:15,031 [omNode-3@group-523986131536-LeaderElection10] INFO  grpc.GrpcConfigKeys (ConfUtils.java:logGet(46)) - raft.grpc.server.install_snapshot.request.element-limit = 8 (default)
2023-06-27 17:02:15,031 [omNode-3@group-523986131536-LeaderElection10] INFO  grpc.GrpcConfigKeys (ConfUtils.java:logGet(46)) - raft.grpc.server.install_snapshot.request.timeout = 3000ms (default)
2023-06-27 17:02:15,031 [omNode-3@group-523986131536-LeaderElection10] INFO  server.RaftServerConfigKeys (ConfUtils.java:logGet(46)) - raft.server.log.appender.install.snapshot.enabled = false (custom)
2023-06-27 17:02:15,031 [omNode-3@group-523986131536-LeaderElection10] INFO  grpc.GrpcConfigKeys (ConfUtils.java:logGet(46)) - raft.grpc.server.heartbeat.channel = true (default)
2023-06-27 17:02:15,031 [omNode-3@group-523986131536-LeaderElection10] INFO  impl.RoleInfo (RoleInfo.java:updateAndGet(139)) - omNode-3: start omNode-3@group-523986131536-LeaderStateImpl
2023-06-27 17:02:15,033 [omNode-3@group-523986131536-LeaderElection10] INFO  segmented.SegmentedRaftLogWorker (SegmentedRaftLogWorker.java:rollLogSegment(452)) - omNode-3@group-523986131536-SegmentedRaftLogWorker: Rolling segment log-0_0 to index:0
2023-06-27 17:02:15,035 [omNode-3@group-523986131536-SegmentedRaftLogWorker] INFO  segmented.SegmentedRaftLogWorker (SegmentedRaftLogWorker.java:execute(608)) - omNode-3@group-523986131536-SegmentedRaftLogWorker: Rolled log segment from /home/runner/work/ozone/ozone/hadoop-ozone/integration-test/target/test-dir/MiniOzoneClusterImpl-4d774b9f-68c7-4e3d-9dd4-f167b54dbd62/omNode-3/ratis/c9bc4cf4-3bc3-3c60-a66b-523986131536/current/log_inprogress_0 to /home/runner/work/ozone/ozone/hadoop-ozone/integration-test/target/test-dir/MiniOzoneClusterImpl-4d774b9f-68c7-4e3d-9dd4-f167b54dbd62/omNode-3/ratis/c9bc4cf4-3bc3-3c60-a66b-523986131536/current/log_0-0
2023-06-27 17:02:15,038 [omNode-3@group-523986131536-LeaderElection10] INFO  server.RaftServer$Division (ServerState.java:setRaftConf(434)) - omNode-3@group-523986131536: set configuration 1: peers:[omNode-3|rpc:localhost:15015|admin:|client:|dataStream:|priority:0|startupRole:FOLLOWER, omNode-1|rpc:localhost:15007|admin:|client:|dataStream:|priority:0|startupRole:FOLLOWER, omNode-2|rpc:localhost:15011|admin:|client:|dataStream:|priority:0|startupRole:FOLLOWER]|listeners:[], old=null
2023-06-27 17:02:15,038 [grpc-default-executor-4] WARN  server.GrpcLogAppender (LogUtils.java:warn(122)) - omNode-3@group-523986131536->omNode-1-AppendLogResponseHandler: Failed appendEntries: org.apache.ratis.thirdparty.io.grpc.StatusRuntimeException: UNAVAILABLE: io exception
2023-06-27 17:02:15,039 [grpc-default-executor-0] WARN  server.GrpcLogAppender (LogUtils.java:warn(122)) - omNode-3@group-523986131536->omNode-1-AppendLogResponseHandler: Failed appendEntries: org.apache.ratis.thirdparty.io.grpc.StatusRuntimeException: UNAVAILABLE: io exception
2023-06-27 17:02:15,040 [grpc-default-executor-4] INFO  leader.FollowerInfo (FollowerInfoImpl.java:lambda$new$0(52)) - omNode-3@group-523986131536->omNode-1: decreaseNextIndex nextIndex: updateUnconditionally 1 -> 0
2023-06-27 17:02:15,046 [grpc-default-executor-0] WARN  server.GrpcLogAppender (LogUtils.java:warn(122)) - omNode-3@group-523986131536->omNode-1-AppendLogResponseHandler: Failed appendEntries: org.apache.ratis.thirdparty.io.grpc.StatusRuntimeException: UNAVAILABLE: io exception
2023-06-27 17:02:15,047 [grpc-default-executor-0] INFO  leader.FollowerInfo (FollowerInfoImpl.java:lambda$new$0(52)) - omNode-3@group-523986131536->omNode-1: decreaseNextIndex nextIndex: updateUnconditionally 2 -> 0
2023-06-27 17:02:15,049 [grpc-default-executor-2] WARN  server.GrpcLogAppender (LogUtils.java:warn(122)) - omNode-3@group-523986131536->omNode-1-AppendLogResponseHandler: Failed appendEntries: org.apache.ratis.thirdparty.io.grpc.StatusRuntimeException: UNAVAILABLE: io exception
2023-06-27 17:02:15,051 [omNode-2-server-thread1] INFO  server.RaftServer$Division (ServerState.java:setLeader(317)) - omNode-2@group-523986131536: change Leader from null to omNode-3 at term 2 for appendEntries, leader elected after 24ms
2023-06-27 17:02:15,055 [grpc-default-executor-2] WARN  server.GrpcLogAppender (LogUtils.java:warn(122)) - omNode-3@group-523986131536->omNode-1-AppendLogResponseHandler: Failed appendEntries: org.apache.ratis.thirdparty.io.grpc.StatusRuntimeException: UNAVAILABLE: io exception
2023-06-27 17:02:15,055 [grpc-default-executor-2] INFO  leader.FollowerInfo (FollowerInfoImpl.java:lambda$new$0(52)) - omNode-3@group-523986131536->omNode-1: decreaseNextIndex nextIndex: updateUnconditionally 2 -> 0
2023-06-27 17:02:15,056 [omNode-2-server-thread3] INFO  server.RaftServer$Division (ServerState.java:setRaftConf(434)) - omNode-2@group-523986131536: set configuration 1: peers:[omNode-3|rpc:localhost:15015|admin:|client:|dataStream:|priority:0|startupRole:FOLLOWER, omNode-1|rpc:localhost:15007|admin:|client:|dataStream:|priority:0|startupRole:FOLLOWER, omNode-2|rpc:localhost:15011|admin:|client:|dataStream:|priority:0|startupRole:FOLLOWER]|listeners:[], old=null
2023-06-27 17:02:15,056 [omNode-2-server-thread3] INFO  segmented.SegmentedRaftLogWorker (SegmentedRaftLogWorker.java:rollLogSegment(452)) - omNode-2@group-523986131536-SegmentedRaftLogWorker: Rolling segment log-0_0 to index:0
2023-06-27 17:02:15,058 [grpc-default-executor-4] WARN  server.GrpcLogAppender (LogUtils.java:warn(122)) - omNode-3@group-523986131536->omNode-1-AppendLogResponseHandler: Failed appendEntries: org.apache.ratis.thirdparty.io.grpc.StatusRuntimeException: UNAVAILABLE: io exception
2023-06-27 17:02:15,059 [omNode-2@group-523986131536-SegmentedRaftLogWorker] INFO  segmented.SegmentedRaftLogWorker (SegmentedRaftLogWorker.java:execute(608)) - omNode-2@group-523986131536-SegmentedRaftLogWorker: Rolled log segment from /home/runner/work/ozone/ozone/hadoop-ozone/integration-test/target/test-dir/MiniOzoneClusterImpl-4d774b9f-68c7-4e3d-9dd4-f167b54dbd62/omNode-2/ratis/c9bc4cf4-3bc3-3c60-a66b-523986131536/current/log_inprogress_0 to /home/runner/work/ozone/ozone/hadoop-ozone/integration-test/target/test-dir/MiniOzoneClusterImpl-4d774b9f-68c7-4e3d-9dd4-f167b54dbd62/omNode-2/ratis/c9bc4cf4-3bc3-3c60-a66b-523986131536/current/log_0-0
2023-06-27 17:02:15,059 [grpc-default-executor-4] WARN  server.GrpcLogAppender (LogUtils.java:warn(122)) - omNode-3@group-523986131536->omNode-1-AppendLogResponseHandler: Failed appendEntries: org.apache.ratis.thirdparty.io.grpc.StatusRuntimeException: UNAVAILABLE: io exception
2023-06-27 17:02:15,059 [grpc-default-executor-4] INFO  leader.FollowerInfo (FollowerInfoImpl.java:lambda$new$0(52)) - omNode-3@group-523986131536->omNode-1: decreaseNextIndex nextIndex: updateUnconditionally 2 -> 0
2023-06-27 17:02:15,061 [omNode-3@group-523986131536-SegmentedRaftLogWorker] INFO  segmented.SegmentedRaftLogWorker (SegmentedRaftLogWorker.java:execute(651)) - omNode-3@group-523986131536-SegmentedRaftLogWorker: created new log segment /home/runner/work/ozone/ozone/hadoop-ozone/integration-test/target/test-dir/MiniOzoneClusterImpl-4d774b9f-68c7-4e3d-9dd4-f167b54dbd62/omNode-3/ratis/c9bc4cf4-3bc3-3c60-a66b-523986131536/current/log_inprogress_1
2023-06-27 17:02:15,069 [grpc-default-executor-2] WARN  server.GrpcLogAppender (LogUtils.java:warn(122)) - omNode-3@group-523986131536->omNode-1-AppendLogResponseHandler: Failed appendEntries: org.apache.ratis.thirdparty.io.grpc.StatusRuntimeException: UNAVAILABLE: io exception
2023-06-27 17:02:15,074 [omNode-2@group-523986131536-SegmentedRaftLogWorker] INFO  segmented.SegmentedRaftLogWorker (SegmentedRaftLogWorker.java:execute(651)) - omNode-2@group-523986131536-SegmentedRaftLogWorker: created new log segment /home/runner/work/ozone/ozone/hadoop-ozone/integration-test/target/test-dir/MiniOzoneClusterImpl-4d774b9f-68c7-4e3d-9dd4-f167b54dbd62/omNode-2/ratis/c9bc4cf4-3bc3-3c60-a66b-523986131536/current/log_inprogress_1
2023-06-27 17:02:15,078 [omNode-3@group-523986131536-StateMachineUpdater] INFO  ratis.OzoneManagerStateMachine (OzoneManagerStateMachine.java:notifyConfigurationChanged(201)) - Received Configuration change notification from Ratis. New Peer list:
[id: "omNode-3"
address: "localhost:15015"
startupRole: FOLLOWER
, id: "omNode-1"
address: "localhost:15007"
startupRole: FOLLOWER
, id: "omNode-2"
address: "localhost:15011"
startupRole: FOLLOWER
]
2023-06-27 17:02:15,080 [grpc-default-executor-2] WARN  server.GrpcLogAppender (LogUtils.java:warn(122)) - omNode-3@group-523986131536->omNode-1-AppendLogResponseHandler: Failed appendEntries: org.apache.ratis.thirdparty.io.grpc.StatusRuntimeException: UNAVAILABLE: io exception
2023-06-27 17:02:15,081 [grpc-default-executor-2] INFO  leader.FollowerInfo (FollowerInfoImpl.java:lambda$new$0(52)) - omNode-3@group-523986131536->omNode-1: decreaseNextIndex nextIndex: updateUnconditionally 3 -> 0
2023-06-27 17:02:15,081 [grpc-default-executor-4] WARN  server.GrpcLogAppender (LogUtils.java:warn(122)) - omNode-3@group-523986131536->omNode-1-AppendLogResponseHandler: Failed appendEntries: org.apache.ratis.thirdparty.io.grpc.StatusRuntimeException: UNAVAILABLE: io exception
2023-06-27 17:02:15,084 [omNode-2@group-523986131536-StateMachineUpdater] INFO  ratis.OzoneManagerStateMachine (OzoneManagerStateMachine.java:notifyConfigurationChanged(201)) - Received Configuration change notification from Ratis. New Peer list:
[id: "omNode-3"
address: "localhost:15015"
startupRole: FOLLOWER
, id: "omNode-1"
address: "localhost:15007"
startupRole: FOLLOWER
, id: "omNode-2"
address: "localhost:15011"
startupRole: FOLLOWER
]
2023-06-27 17:02:15,085 [grpc-default-executor-4] WARN  server.GrpcLogAppender (LogUtils.java:warn(122)) - omNode-3@group-523986131536->omNode-1-AppendLogResponseHandler: Failed appendEntries: org.apache.ratis.thirdparty.io.grpc.StatusRuntimeException: UNAVAILABLE: io exception
2023-06-27 17:02:15,086 [grpc-default-executor-4] INFO  leader.FollowerInfo (FollowerInfoImpl.java:lambda$new$0(52)) - omNode-3@group-523986131536->omNode-1: decreaseNextIndex nextIndex: updateUnconditionally 3 -> 0
2023-06-27 17:02:15,086 [grpc-default-executor-2] WARN  server.GrpcLogAppender (LogUtils.java:warn(122)) - omNode-3@group-523986131536->omNode-1-AppendLogResponseHandler: Failed appendEntries: org.apache.ratis.thirdparty.io.grpc.StatusRuntimeException: UNAVAILABLE: io exception
2023-06-27 17:02:15,090 [grpc-default-executor-2] WARN  server.GrpcLogAppender (LogUtils.java:warn(122)) - omNode-3@group-523986131536->omNode-1-AppendLogResponseHandler: Failed appendEntries: org.apache.ratis.thirdparty.io.grpc.StatusRuntimeException: UNAVAILABLE: io exception
2023-06-27 17:02:15,090 [grpc-default-executor-2] INFO  leader.FollowerInfo (FollowerInfoImpl.java:lambda$new$0(52)) - omNode-3@group-523986131536->omNode-1: decreaseNextIndex nextIndex: updateUnconditionally 3 -> 0
2023-06-27 17:02:15,090 [grpc-default-executor-4] WARN  server.GrpcLogAppender (LogUtils.java:warn(122)) - omNode-3@group-523986131536->omNode-1-AppendLogResponseHandler: Failed appendEntries: org.apache.ratis.thirdparty.io.grpc.StatusRuntimeException: UNAVAILABLE: io exception
2023-06-27 17:02:15,286 [grpc-default-executor-4] WARN  server.GrpcLogAppender (LogUtils.java:warn(122)) - omNode-3@group-523986131536->omNode-1-AppendLogResponseHandler: Failed appendEntries: org.apache.ratis.thirdparty.io.grpc.StatusRuntimeException: UNAVAILABLE: io exception
2023-06-27 17:02:15,286 [grpc-default-executor-2] WARN  server.GrpcLogAppender (LogUtils.java:warn(122)) - omNode-3@group-523986131536->omNode-1-AppendLogResponseHandler: Failed appendEntries: org.apache.ratis.thirdparty.io.grpc.StatusRuntimeException: UNAVAILABLE: io exception
2023-06-27 17:02:15,297 [grpc-default-executor-4] WARN  server.GrpcLogAppender (LogUtils.java:warn(122)) - omNode-3@group-523986131536->omNode-1-AppendLogResponseHandler: Failed appendEntries: org.apache.ratis.thirdparty.io.grpc.StatusRuntimeException: UNAVAILABLE: io exception
2023-06-27 17:02:15,297 [grpc-default-executor-2] WARN  server.GrpcLogAppender (LogUtils.java:warn(122)) - omNode-3@group-523986131536->omNode-1-AppendLogResponseHandler: Failed appendEntries: org.apache.ratis.thirdparty.io.grpc.StatusRuntimeException: UNAVAILABLE: io exception
2023-06-27 17:02:15,298 [grpc-default-executor-4] INFO  leader.FollowerInfo (FollowerInfoImpl.java:lambda$new$0(52)) - omNode-3@group-523986131536->omNode-1: decreaseNextIndex nextIndex: updateUnconditionally 3 -> 0
2023-06-27 17:02:15,537 [grpc-default-executor-2] WARN  server.GrpcLogAppender (LogUtils.java:warn(122)) - omNode-3@group-523986131536->omNode-1-AppendLogResponseHandler: Failed appendEntries: org.apache.ratis.thirdparty.io.grpc.StatusRuntimeException: UNAVAILABLE: io exception
2023-06-27 17:02:15,538 [grpc-default-executor-4] WARN  server.GrpcLogAppender (LogUtils.java:warn(122)) - omNode-3@group-523986131536->omNode-1-AppendLogResponseHandler: Failed appendEntries: org.apache.ratis.thirdparty.io.grpc.StatusRuntimeException: UNAVAILABLE: io exception
2023-06-27 17:02:15,548 [grpc-default-executor-4] WARN  server.GrpcLogAppender (LogUtils.java:warn(122)) - omNode-3@group-523986131536->omNode-1-AppendLogResponseHandler: Failed appendEntries: org.apache.ratis.thirdparty.io.grpc.StatusRuntimeException: UNAVAILABLE: io exception
2023-06-27 17:02:15,548 [grpc-default-executor-2] WARN  server.GrpcLogAppender (LogUtils.java:warn(122)) - omNode-3@group-523986131536->omNode-1-AppendLogResponseHandler: Failed appendEntries: org.apache.ratis.thirdparty.io.grpc.StatusRuntimeException: UNAVAILABLE: io exception
2023-06-27 17:02:15,549 [grpc-default-executor-4] INFO  leader.FollowerInfo (FollowerInfoImpl.java:lambda$new$0(52)) - omNode-3@group-523986131536->omNode-1: decreaseNextIndex nextIndex: updateUnconditionally 3 -> 0
2023-06-27 17:02:15,589 [grpc-default-executor-2] WARN  server.GrpcLogAppender (LogUtils.java:warn(122)) - omNode-3@group-523986131536->omNode-1-AppendLogResponseHandler: Failed appendEntries: org.apache.ratis.thirdparty.io.grpc.StatusRuntimeException: UNAVAILABLE: io exception
2023-06-27 17:02:15,590 [grpc-default-executor-2] INFO  leader.FollowerInfo (FollowerInfoImpl.java:lambda$new$0(52)) - omNode-3@group-523986131536->omNode-1: decreaseNextIndex nextIndex: updateUnconditionally 3 -> 0
2023-06-27 17:02:15,590 [grpc-default-executor-4] WARN  server.GrpcLogAppender (LogUtils.java:warn(122)) - omNode-3@group-523986131536->omNode-1-AppendLogResponseHandler: Failed appendEntries: org.apache.ratis.thirdparty.io.grpc.StatusRuntimeException: UNAVAILABLE: io exception
2023-06-27 17:02:15,788 [grpc-default-executor-4] WARN  server.GrpcLogAppender (LogUtils.java:warn(122)) - omNode-3@group-523986131536->omNode-1-AppendLogResponseHandler: Failed appendEntries: org.apache.ratis.thirdparty.io.grpc.StatusRuntimeException: UNAVAILABLE: io exception
2023-06-27 17:02:15,788 [grpc-default-executor-2] WARN  server.GrpcLogAppender (LogUtils.java:warn(122)) - omNode-3@group-523986131536->omNode-1-AppendLogResponseHandler: Failed appendEntries: org.apache.ratis.thirdparty.io.grpc.StatusRuntimeException: UNAVAILABLE: io exception
2023-06-27 17:02:15,798 [grpc-default-executor-4] WARN  server.GrpcLogAppender (LogUtils.java:warn(122)) - omNode-3@group-523986131536->omNode-1-AppendLogResponseHandler: Failed appendEntries: org.apache.ratis.thirdparty.io.grpc.StatusRuntimeException: UNAVAILABLE: io exception
2023-06-27 17:02:15,799 [grpc-default-executor-2] WARN  server.GrpcLogAppender (LogUtils.java:warn(122)) - omNode-3@group-523986131536->omNode-1-AppendLogResponseHandler: Failed appendEntries: org.apache.ratis.thirdparty.io.grpc.StatusRuntimeException: UNAVAILABLE: io exception
2023-06-27 17:02:15,799 [grpc-default-executor-4] INFO  leader.FollowerInfo (FollowerInfoImpl.java:lambda$new$0(52)) - omNode-3@group-523986131536->omNode-1: decreaseNextIndex nextIndex: updateUnconditionally 3 -> 0
2023-06-27 17:02:16,039 [grpc-default-executor-2] WARN  server.GrpcLogAppender (LogUtils.java:warn(122)) - omNode-3@group-523986131536->omNode-1-AppendLogResponseHandler: Failed appendEntries: org.apache.ratis.thirdparty.io.grpc.StatusRuntimeException: UNAVAILABLE: io exception
2023-06-27 17:02:16,040 [grpc-default-executor-4] WARN  server.GrpcLogAppender (LogUtils.java:warn(122)) - omNode-3@group-523986131536->omNode-1-AppendLogResponseHandler: Failed appendEntries: org.apache.ratis.thirdparty.io.grpc.StatusRuntimeException: UNAVAILABLE: io exception
2023-06-27 17:02:16,290 [grpc-default-executor-2] WARN  server.GrpcLogAppender (LogUtils.java:warn(122)) - omNode-3@group-523986131536->omNode-1-AppendLogResponseHandler: Failed appendEntries: org.apache.ratis.thirdparty.io.grpc.StatusRuntimeException: UNAVAILABLE: io exception
2023-06-27 17:02:16,290 [grpc-default-executor-4] WARN  server.GrpcLogAppender (LogUtils.java:warn(122)) - omNode-3@group-523986131536->omNode-1-AppendLogResponseHandler: Failed appendEntries: org.apache.ratis.thirdparty.io.grpc.StatusRuntimeException: UNAVAILABLE: io exception
2023-06-27 17:02:16,540 [grpc-default-executor-4] WARN  server.GrpcLogAppender (LogUtils.java:warn(122)) - omNode-3@group-523986131536->omNode-1-AppendLogResponseHandler: Failed appendEntries: org.apache.ratis.thirdparty.io.grpc.StatusRuntimeException: UNAVAILABLE: io exception
2023-06-27 17:02:16,541 [grpc-default-executor-2] WARN  server.GrpcLogAppender (LogUtils.java:warn(122)) - omNode-3@group-523986131536->omNode-1-AppendLogResponseHandler: Failed appendEntries: org.apache.ratis.thirdparty.io.grpc.StatusRuntimeException: UNAVAILABLE: io exception
2023-06-27 17:02:16,791 [grpc-default-executor-2] WARN  server.GrpcLogAppender (LogUtils.java:warn(122)) - omNode-3@group-523986131536->omNode-1-AppendLogResponseHandler: Failed appendEntries: org.apache.ratis.thirdparty.io.grpc.StatusRuntimeException: UNAVAILABLE: io exception
2023-06-27 17:02:16,791 [grpc-default-executor-4] WARN  server.GrpcLogAppender (LogUtils.java:warn(122)) - omNode-3@group-523986131536->omNode-1-AppendLogResponseHandler: Failed appendEntries: org.apache.ratis.thirdparty.io.grpc.StatusRuntimeException: UNAVAILABLE: io exception
2023-06-27 17:02:16,878 [Thread-440] WARN  grpc.GrpcUtil (GrpcUtil.java:shutdownManagedChannel(223)) - Timed out gracefully shutting down connection: ManagedChannelOrphanWrapper{delegate=ManagedChannelImpl{logId=13, target=localhost:15015}}. 
2023-06-27 17:02:16,881 [grpc-default-executor-4] INFO  server.GrpcLogAppender (GrpcLogAppender.java:onError(417)) - omNode-1@group-523986131536->omNode-3-GrpcLogAppender is already stopped
2023-06-27 17:02:16,885 [grpc-default-executor-2] WARN  server.GrpcServerProtocolService (LogUtils.java:warn(122)) - omNode-3: APPEND_ENTRIES onError, lastRequest: null: org.apache.ratis.thirdparty.io.grpc.StatusRuntimeException: CANCELLED: client cancelled
2023-06-27 17:02:16,886 [main] INFO  server.GrpcService (GrpcService.java:closeImpl(320)) - omNode-1: shutdown server GrpcServerProtocolService successfully
2023-06-27 17:02:16,887 [JvmPauseMonitor1] INFO  util.JvmPauseMonitor (JvmPauseMonitor.java:run(109)) - JvmPauseMonitor-omNode-1: Stopped
2023-06-27 17:02:16,887 [main] INFO  ratis.OzoneManagerStateMachine (OzoneManagerStateMachine.java:close(533)) - StateMachine has shutdown. Shutdown OzoneManager if not already shutdown.
2023-06-27 17:02:16,887 [main] INFO  ratis.OzoneManagerDoubleBuffer (OzoneManagerDoubleBuffer.java:stopDaemon(560)) - OMDoubleBuffer flush thread is not running.
2023-06-27 17:02:16,890 [main] INFO  utils.BackgroundService (BackgroundService.java:shutdown(141)) - Shutting down service KeyDeletingService
2023-06-27 17:02:16,890 [main] INFO  utils.BackgroundService (BackgroundService.java:shutdown(141)) - Shutting down service KeyDeletingService
2023-06-27 17:02:16,890 [main] INFO  utils.BackgroundService (BackgroundService.java:shutdown(141)) - Shutting down service OpenKeyCleanupService
2023-06-27 17:02:16,891 [main] INFO  utils.BackgroundService (BackgroundService.java:shutdown(141)) - Shutting down service SstFilteringService
2023-06-27 17:02:16,891 [main] INFO  utils.BackgroundService (BackgroundService.java:shutdown(141)) - Shutting down service SnapshotDeletingService
2023-06-27 17:02:16,893 [main] INFO  handler.ContextHandler (ContextHandler.java:doStop(1159)) - Stopped o.e.j.w.WebAppContext@320c10a8{ozoneManager,/,null,STOPPED}{file:/home/runner/work/ozone/ozone/hadoop-ozone/integration-test/target/test-classes/webapps/ozoneManager}
2023-06-27 17:02:16,899 [main] INFO  server.AbstractConnector (AbstractConnector.java:doStop(383)) - Stopped ServerConnector@6179761f{HTTP/1.1, (http/1.1)}{0.0.0.0:15005}
2023-06-27 17:02:16,899 [main] INFO  server.session (HouseKeeper.java:stopScavenging(149)) - node0 Stopped scavenging
2023-06-27 17:02:16,900 [main] INFO  handler.ContextHandler (ContextHandler.java:doStop(1159)) - Stopped o.e.j.s.ServletContextHandler@3e666559{static,/static,file:///home/runner/work/ozone/ozone/hadoop-ozone/integration-test/target/test-classes/webapps/static,STOPPED}
2023-06-27 17:02:16,900 [main] INFO  handler.ContextHandler (ContextHandler.java:doStop(1159)) - Stopped o.e.j.s.ServletContextHandler@78626f16{logs,/logs,file:///home/runner/work/ozone/ozone/hadoop-ozone/integration-test/target/log,STOPPED}
2023-06-27 17:02:16,908 [main] INFO  snapshot.SnapshotDiffManager (SnapshotDiffManager.java:closeExecutorService(1630)) - Shutting down executorService: 'SnapDiffExecutor'
2023-06-27 17:02:16,908 [main] INFO  snapshot.SnapshotDiffManager (SnapshotDiffManager.java:closeExecutorService(1630)) - Shutting down executorService: 'SstDumpToolExecutor'
2023-06-27 17:02:16,909 [main] INFO  utils.BackgroundService (BackgroundService.java:shutdown(141)) - Shutting down service SnapshotDiffCleanupService
2023-06-27 17:02:16,911 [main] INFO  ozone.MiniOzoneHAClusterImpl (MiniOzoneHAClusterImpl.java:restartOzoneManager(238)) - Restarting OzoneManager omNode-1
2023-06-27 17:02:16,911 [main] INFO  om.OzoneManager (OzoneManager.java:restart(1695)) - OzoneManager RPC server is listening at localhost/127.0.0.1:15004
2023-06-27 17:02:16,911 [main] INFO  impl.MetricsSystemImpl (MetricsSystemImpl.java:init(158)) - OzoneManager metrics system started (again)
2023-06-27 17:02:16,929 [main] WARN  server.ServerUtils (ServerUtils.java:getDBPath(311)) - ozone.om.db.dirs is not configured. We recommend adding this setting. Falling back to ozone.metadata.dirs instead.
2023-06-27 17:02:16,930 [main] INFO  helpers.OmKeyInfo (OmKeyInfo.java:getCodec(71)) - OmKeyInfo.getCodec ignorePipeline = true
2023-06-27 17:02:16,975 [main] INFO  om.OzoneManager (OzoneManager.java:instantiateServices(783)) - S3 Multi-Tenancy is disabled
2023-06-27 17:02:16,976 [main] INFO  om.OmSnapshotManager (OmSnapshotManager.java:<init>(179)) - Ozone filesystem snapshot feature is enabled.
2023-06-27 17:02:16,976 [main] WARN  server.ServerUtils (ServerUtils.java:getDBPath(311)) - ozone.om.snapshot.diff.db.dir is not configured. We recommend adding this setting. Falling back to ozone.metadata.dirs instead.
2023-06-27 17:02:17,002 [main] INFO  snapshot.SnapshotDiffManager (SnapshotDiffManager.java:closeExecutorService(1630)) - Shutting down executorService: 'SstDumpToolExecutor'
2023-06-27 17:02:17,017 [main] WARN  server.ServerUtils (ServerUtils.java:getDefaultRatisDirectory(323)) - Storage directory for Ratis is not configured. It is a good idea to map this to an SSD disk. Falling back to ozone.metadata.dirs
2023-06-27 17:02:17,018 [main] INFO  ratis.OzoneManagerRatisServer (OzoneManagerRatisServer.java:<init>(163)) - Instantiating OM Ratis server with groupID: om-service-test1 and peers: localhost:15007, localhost:15015, localhost:15011
2023-06-27 17:02:17,019 [main] INFO  ratis.OzoneManagerStateMachine (OzoneManagerStateMachine.java:loadSnapshotInfoFromDB(670)) - LastAppliedIndex is set from TransactionInfo from OM DB as (t:1, i:0)
2023-06-27 17:02:17,020 [main] INFO  server.RaftServer (ConfUtils.java:logGet(46)) - raft.rpc.type = GRPC (default)
2023-06-27 17:02:17,020 [main] INFO  grpc.GrpcConfigKeys (ConfUtils.java:logFallback(53)) - raft.grpc.admin.host = null (fallback to raft.grpc.server.host)
2023-06-27 17:02:17,020 [main] INFO  grpc.GrpcConfigKeys (ConfUtils.java:logFallback(53)) - raft.grpc.admin.port = 15007 (fallback to raft.grpc.server.port)
2023-06-27 17:02:17,020 [main] INFO  grpc.GrpcConfigKeys (ConfUtils.java:logFallback(53)) - raft.grpc.client.host = null (fallback to raft.grpc.server.host)
2023-06-27 17:02:17,020 [main] INFO  grpc.GrpcConfigKeys (ConfUtils.java:logFallback(53)) - raft.grpc.client.port = 15007 (fallback to raft.grpc.server.port)
2023-06-27 17:02:17,020 [main] INFO  grpc.GrpcConfigKeys (ConfUtils.java:logGet(46)) - raft.grpc.server.host = null (default)
2023-06-27 17:02:17,020 [main] INFO  grpc.GrpcConfigKeys (ConfUtils.java:logGet(46)) - raft.grpc.server.port = 15007 (custom)
2023-06-27 17:02:17,021 [main] INFO  server.GrpcService (ConfUtils.java:logGet(46)) - raft.grpc.message.size.max = 33554432 (custom)
2023-06-27 17:02:17,021 [main] INFO  server.RaftServerConfigKeys (ConfUtils.java:logGet(46)) - raft.server.log.appender.buffer.byte-limit = 33554432 (custom)
2023-06-27 17:02:17,021 [main] INFO  server.GrpcService (ConfUtils.java:logGet(46)) - raft.grpc.flow.control.window = 1MB (=1048576) (default)
2023-06-27 17:02:17,021 [main] INFO  server.RaftServerConfigKeys (ConfUtils.java:logGet(46)) - raft.server.rpc.request.timeout = 3000ms (default)
2023-06-27 17:02:17,021 [main] INFO  grpc.GrpcConfigKeys (ConfUtils.java:logGet(46)) - raft.grpc.server.heartbeat.channel = true (default)
2023-06-27 17:02:17,021 [main] INFO  grpc.GrpcConfigKeys (ConfUtils.java:logGet(46)) - raft.grpc.server.async.request.thread.pool.cached = true (default)
2023-06-27 17:02:17,021 [main] INFO  grpc.GrpcConfigKeys (ConfUtils.java:logGet(46)) - raft.grpc.server.async.request.thread.pool.size = 32 (default)
2023-06-27 17:02:17,023 [main] INFO  impl.DataStreamServerImpl (ConfUtils.java:logGet(46)) - raft.datastream.type = DISABLED (default)
2023-06-27 17:02:17,023 [main] INFO  server.RaftServerConfigKeys (ConfUtils.java:logGet(46)) - raft.server.threadpool.proxy.cached = true (default)
2023-06-27 17:02:17,023 [main] INFO  server.RaftServerConfigKeys (ConfUtils.java:logGet(46)) - raft.server.threadpool.proxy.size = 0 (default)
2023-06-27 17:02:17,023 [main] INFO  server.RaftServerConfigKeys (ConfUtils.java:logGet(46)) - raft.server.rpc.slowness.timeout = 2s (custom)
2023-06-27 17:02:17,023 [main] INFO  server.RaftServerConfigKeys (ConfUtils.java:logGet(46)) - raft.server.leaderelection.leader.step-down.wait-time = 10s (default)
2023-06-27 17:02:17,023 [main] INFO  server.RaftServerConfigKeys (ConfUtils.java:logGet(46)) - raft.server.storage.dir = [/home/runner/work/ozone/ozone/hadoop-ozone/integration-test/target/test-dir/MiniOzoneClusterImpl-4d774b9f-68c7-4e3d-9dd4-f167b54dbd62/omNode-1/ratis] (custom)
2023-06-27 17:02:17,024 [omNode-1-impl-thread1] INFO  server.RaftServer (RaftServerProxy.java:initGroupDir(258)) - omNode-1: found a subdirectory /home/runner/work/ozone/ozone/hadoop-ozone/integration-test/target/test-dir/MiniOzoneClusterImpl-4d774b9f-68c7-4e3d-9dd4-f167b54dbd62/omNode-1/ratis/c9bc4cf4-3bc3-3c60-a66b-523986131536
2023-06-27 17:02:17,024 [main] INFO  server.RaftServer (RaftServerProxy.java:addNew(98)) - omNode-1: addNew group-523986131536:[omNode-3|rpc:localhost:15015|priority:0|startupRole:FOLLOWER, omNode-1|rpc:localhost:15007|priority:0|startupRole:FOLLOWER, omNode-2|rpc:localhost:15011|priority:0|startupRole:FOLLOWER] returns group-523986131536:java.util.concurrent.CompletableFuture@6736791a[Not completed]
2023-06-27 17:02:17,025 [main] INFO  om.OzoneManager (OzoneManager.java:initializeRatisServer(2128)) - OzoneManager Ratis server initialized at port 15007
2023-06-27 17:02:17,025 [main] INFO  ratis.OzoneManagerRatisServer (OzoneManagerRatisServer.java:start(558)) - Starting OzoneManagerRatisServer omNode-1 at port 15007
2023-06-27 17:02:17,025 [omNode-1-groupManagement] INFO  server.RaftServer$Division (RaftServerImpl.java:<init>(198)) - omNode-1: new RaftServerImpl for group-523986131536:[omNode-3|rpc:localhost:15015|priority:0|startupRole:FOLLOWER, omNode-1|rpc:localhost:15007|priority:0|startupRole:FOLLOWER, omNode-2|rpc:localhost:15011|priority:0|startupRole:FOLLOWER] with OzoneManagerStateMachine:uninitialized
2023-06-27 17:02:17,025 [omNode-1-groupManagement] INFO  server.RaftServerConfigKeys (ConfUtils.java:logGet(46)) - raft.server.rpc.timeout.min = 1s (custom)
2023-06-27 17:02:17,025 [omNode-1-groupManagement] INFO  server.RaftServerConfigKeys (ConfUtils.java:logGet(46)) - raft.server.rpc.timeout.max = 1200ms (custom)
2023-06-27 17:02:17,025 [omNode-1-groupManagement] INFO  server.RaftServerConfigKeys (ConfUtils.java:logGet(46)) - raft.server.rpc.sleep.time = 25ms (default)
2023-06-27 17:02:17,025 [omNode-1-groupManagement] INFO  server.RaftServerConfigKeys (ConfUtils.java:logGet(46)) - raft.server.rpc.slowness.timeout = 2s (custom)
2023-06-27 17:02:17,025 [omNode-1-groupManagement] INFO  server.RaftServerConfigKeys (ConfUtils.java:logGet(46)) - raft.server.leaderelection.leader.step-down.wait-time = 10s (default)
2023-06-27 17:02:17,025 [omNode-1-groupManagement] INFO  server.RaftServerConfigKeys (ConfUtils.java:logGet(46)) - raft.server.sleep.deviation.threshold = 300ms (default)
2023-06-27 17:02:17,025 [omNode-1-groupManagement] INFO  server.RaftServer$Division (ServerState.java:<init>(120)) - omNode-1@group-523986131536: ConfigurationManager, init=-1: peers:[omNode-3|rpc:localhost:15015|priority:0|startupRole:FOLLOWER, omNode-1|rpc:localhost:15007|priority:0|startupRole:FOLLOWER, omNode-2|rpc:localhost:15011|priority:0|startupRole:FOLLOWER]|listeners:[], old=null, confs=<EMPTY_MAP>
2023-06-27 17:02:17,025 [omNode-1-groupManagement] INFO  server.RaftServerConfigKeys (ConfUtils.java:logGet(46)) - raft.server.storage.dir = [/home/runner/work/ozone/ozone/hadoop-ozone/integration-test/target/test-dir/MiniOzoneClusterImpl-4d774b9f-68c7-4e3d-9dd4-f167b54dbd62/omNode-1/ratis] (custom)
2023-06-27 17:02:17,026 [omNode-1-groupManagement] INFO  server.RaftServerConfigKeys (ConfUtils.java:logGet(46)) - raft.server.log.corruption.policy = EXCEPTION (default)
2023-06-27 17:02:17,026 [omNode-1-groupManagement] INFO  server.RaftServerConfigKeys (ConfUtils.java:logGet(46)) - raft.server.storage.free-space.min = 0MB (=0) (default)
2023-06-27 17:02:17,026 [omNode-1-groupManagement] INFO  server.RaftServerConfigKeys (ConfUtils.java:logGet(46)) - raft.server.notification.no-leader.timeout = 2s (custom)
2023-06-27 17:02:17,026 [omNode-1-groupManagement] INFO  server.RaftServerConfigKeys (ConfUtils.java:logGet(46)) - raft.server.read.timeout = 10s (default)
2023-06-27 17:02:17,026 [omNode-1-groupManagement] INFO  server.RaftServerConfigKeys (ConfUtils.java:logGet(46)) - raft.server.retrycache.expirytime = 30000ms (custom)
2023-06-27 17:02:17,026 [omNode-1-groupManagement] INFO  server.RaftServerConfigKeys (ConfUtils.java:logGet(46)) - raft.server.retrycache.statistics.expirytime = 100μs (default)
2023-06-27 17:02:17,026 [omNode-1-groupManagement] INFO  server.RaftServerConfigKeys (ConfUtils.java:logGet(46)) - raft.server.read.option = DEFAULT (default)
2023-06-27 17:02:17,027 [omNode-1-groupManagement] INFO  server.RaftServerConfigKeys (ConfUtils.java:logGet(46)) - raft.server.rpc.request.timeout = 3000ms (default)
2023-06-27 17:02:17,027 [omNode-1-groupManagement] INFO  server.RaftServerConfigKeys (ConfUtils.java:logGet(46)) - raft.server.log.appender.install.snapshot.enabled = false (custom)
2023-06-27 17:02:17,027 [omNode-1-groupManagement] INFO  server.RaftServerConfigKeys (ConfUtils.java:logGet(46)) - raft.server.threadpool.server.cached = true (default)
2023-06-27 17:02:17,027 [omNode-1-groupManagement] INFO  server.RaftServerConfigKeys (ConfUtils.java:logGet(46)) - raft.server.threadpool.server.size = 0 (default)
2023-06-27 17:02:17,027 [omNode-1-groupManagement] INFO  server.RaftServerConfigKeys (ConfUtils.java:logGet(46)) - raft.server.threadpool.client.cached = true (default)
2023-06-27 17:02:17,027 [omNode-1-groupManagement] INFO  server.RaftServerConfigKeys (ConfUtils.java:logGet(46)) - raft.server.threadpool.client.size = 0 (default)
2023-06-27 17:02:17,028 [omNode-1-impl-thread1] INFO  storage.RaftStorageDirectory (RaftStorageDirectoryImpl.java:tryLock(231)) - Lock on /home/runner/work/ozone/ozone/hadoop-ozone/integration-test/target/test-dir/MiniOzoneClusterImpl-4d774b9f-68c7-4e3d-9dd4-f167b54dbd62/omNode-1/ratis/c9bc4cf4-3bc3-3c60-a66b-523986131536/in_use.lock acquired by nodename 52987@fv-az748-341
2023-06-27 17:02:17,029 [omNode-1-impl-thread1] INFO  storage.RaftStorage (RaftStorageImpl.java:analyzeAndRecoverStorage(117)) - Read RaftStorageMetadata{term=1, votedFor=omNode-1} from /home/runner/work/ozone/ozone/hadoop-ozone/integration-test/target/test-dir/MiniOzoneClusterImpl-4d774b9f-68c7-4e3d-9dd4-f167b54dbd62/omNode-1/ratis/c9bc4cf4-3bc3-3c60-a66b-523986131536/current/raft-meta
2023-06-27 17:02:17,031 [omNode-1-impl-thread1] INFO  server.RaftServer$Division (ServerState.java:setRaftConf(434)) - omNode-1@group-523986131536: set configuration 0: peers:[omNode-3|rpc:localhost:15015|admin:|client:|dataStream:|priority:0|startupRole:FOLLOWER, omNode-1|rpc:localhost:15007|admin:|client:|dataStream:|priority:0|startupRole:FOLLOWER, omNode-2|rpc:localhost:15011|admin:|client:|dataStream:|priority:0|startupRole:FOLLOWER]|listeners:[], old=null
2023-06-27 17:02:17,031 [omNode-1-impl-thread1] INFO  server.RaftServerConfigKeys (ConfUtils.java:logGet(46)) - raft.server.log.use.memory = false (default)
2023-06-27 17:02:17,032 [omNode-1-impl-thread1] INFO  server.RaftServerConfigKeys (ConfUtils.java:logGet(46)) - raft.server.log.purge.gap = 50 (custom)
2023-06-27 17:02:17,032 [omNode-1-impl-thread1] INFO  server.RaftServerConfigKeys (ConfUtils.java:logGet(46)) - raft.server.log.appender.buffer.byte-limit = 33554432 (custom)
2023-06-27 17:02:17,032 [omNode-1-impl-thread1] INFO  server.RaftServerConfigKeys (ConfUtils.java:logGet(46)) - raft.server.log.statemachine.data.read.timeout = 1000ms (default)
2023-06-27 17:02:17,032 [omNode-1-impl-thread1] INFO  server.RaftServerConfigKeys (ConfUtils.java:logGet(46)) - raft.server.log.purge.preservation.log.num = 0 (default)
2023-06-27 17:02:17,032 [omNode-1-impl-thread1] INFO  server.RaftServerConfigKeys (ConfUtils.java:logGet(46)) - raft.server.log.segment.size.max = 4194304 (custom)
2023-06-27 17:02:17,032 [omNode-1-impl-thread1] INFO  server.RaftServerConfigKeys (ConfUtils.java:logGet(46)) - raft.server.log.segment.cache.num.max = 2 (custom)
2023-06-27 17:02:17,032 [omNode-1-impl-thread1] INFO  server.RaftServerConfigKeys (ConfUtils.java:logGet(46)) - raft.server.log.segment.cache.size.max = 200MB (=209715200) (default)
2023-06-27 17:02:17,032 [omNode-1-impl-thread1] INFO  server.RaftServerConfigKeys (ConfUtils.java:logGet(46)) - raft.server.log.appender.buffer.byte-limit = 33554432 (custom)
2023-06-27 17:02:17,032 [omNode-1-impl-thread1] INFO  segmented.SegmentedRaftLogWorker (SegmentedRaftLogWorker.java:<init>(188)) - new omNode-1@group-523986131536-SegmentedRaftLogWorker for RaftStorageImpl:Storage Directory /home/runner/work/ozone/ozone/hadoop-ozone/integration-test/target/test-dir/MiniOzoneClusterImpl-4d774b9f-68c7-4e3d-9dd4-f167b54dbd62/omNode-1/ratis/c9bc4cf4-3bc3-3c60-a66b-523986131536
2023-06-27 17:02:17,032 [omNode-1-impl-thread1] INFO  server.RaftServerConfigKeys (ConfUtils.java:logGet(46)) - raft.server.log.queue.byte-limit = 64MB (=67108864) (default)
2023-06-27 17:02:17,032 [omNode-1-impl-thread1] INFO  server.RaftServerConfigKeys (ConfUtils.java:logGet(46)) - raft.server.log.queue.element-limit = 4096 (default)
2023-06-27 17:02:17,032 [omNode-1-impl-thread1] INFO  server.RaftServerConfigKeys (ConfUtils.java:logGet(46)) - raft.server.log.segment.size.max = 4194304 (custom)
2023-06-27 17:02:17,033 [omNode-1-impl-thread1] INFO  server.RaftServerConfigKeys (ConfUtils.java:logGet(46)) - raft.server.log.preallocated.size = 4194304 (custom)
2023-06-27 17:02:17,033 [omNode-1-impl-thread1] INFO  server.RaftServerConfigKeys (ConfUtils.java:logGet(46)) - raft.server.log.force.sync.num = 128 (default)
2023-06-27 17:02:17,033 [omNode-1-impl-thread1] INFO  server.RaftServerConfigKeys (ConfUtils.java:logGet(46)) - raft.server.log.statemachine.data.sync = true (default)
2023-06-27 17:02:17,033 [omNode-1-impl-thread1] INFO  server.RaftServerConfigKeys (ConfUtils.java:logGet(46)) - raft.server.log.statemachine.data.sync.timeout = 10s (default)
2023-06-27 17:02:17,033 [omNode-1-impl-thread1] INFO  server.RaftServerConfigKeys (ConfUtils.java:logGet(46)) - raft.server.log.statemachine.data.sync.timeout.retry = -1 (default)
2023-06-27 17:02:17,033 [omNode-1-impl-thread1] INFO  server.RaftServerConfigKeys (ConfUtils.java:logGet(46)) - raft.server.log.write.buffer.size = 64KB (=65536) (default)
2023-06-27 17:02:17,034 [omNode-1-impl-thread1] INFO  server.RaftServerConfigKeys (ConfUtils.java:logGet(46)) - raft.server.log.appender.buffer.byte-limit = 33554432 (custom)
2023-06-27 17:02:17,038 [omNode-1-impl-thread1] INFO  server.RaftServerConfigKeys (ConfUtils.java:logGet(46)) - raft.server.log.unsafe-flush.enabled = false (default)
2023-06-27 17:02:17,038 [omNode-1-impl-thread1] INFO  server.RaftServerConfigKeys (ConfUtils.java:logGet(46)) - raft.server.log.async-flush.enabled = false (default)
2023-06-27 17:02:17,039 [omNode-1-impl-thread1] INFO  server.RaftServerConfigKeys (ConfUtils.java:logGet(46)) - raft.server.log.statemachine.data.caching.enabled = false (default)
2023-06-27 17:02:17,042 [grpc-default-executor-2] WARN  server.GrpcLogAppender (LogUtils.java:warn(122)) - omNode-3@group-523986131536->omNode-1-AppendLogResponseHandler: Failed appendEntries: org.apache.ratis.thirdparty.io.grpc.StatusRuntimeException: UNAVAILABLE: io exception
2023-06-27 17:02:17,043 [grpc-default-executor-4] WARN  server.GrpcLogAppender (LogUtils.java:warn(122)) - omNode-3@group-523986131536->omNode-1-AppendLogResponseHandler: Failed appendEntries: org.apache.ratis.thirdparty.io.grpc.StatusRuntimeException: UNAVAILABLE: io exception
2023-06-27 17:02:17,044 [omNode-1-impl-thread1] INFO  server.RaftServer$Division (ServerState.java:setRaftConf(434)) - omNode-1@group-523986131536: set configuration 0: peers:[omNode-3|rpc:localhost:15015|admin:|client:|dataStream:|priority:0|startupRole:FOLLOWER, omNode-1|rpc:localhost:15007|admin:|client:|dataStream:|priority:0|startupRole:FOLLOWER, omNode-2|rpc:localhost:15011|admin:|client:|dataStream:|priority:0|startupRole:FOLLOWER]|listeners:[], old=null
2023-06-27 17:02:17,045 [omNode-1-impl-thread1] INFO  segmented.LogSegment (LogSegment.java:loadSegment(170)) - Successfully read 1 entries from segment file /home/runner/work/ozone/ozone/hadoop-ozone/integration-test/target/test-dir/MiniOzoneClusterImpl-4d774b9f-68c7-4e3d-9dd4-f167b54dbd62/omNode-1/ratis/c9bc4cf4-3bc3-3c60-a66b-523986131536/current/log_inprogress_0
2023-06-27 17:02:17,045 [omNode-1-impl-thread1] INFO  segmented.SegmentedRaftLogWorker (SegmentedRaftLogWorker.java:lambda$new$0(135)) - omNode-1@group-523986131536-SegmentedRaftLogWorker: safeCacheEvictIndex: setUnconditionally 0 -> -1
2023-06-27 17:02:17,045 [omNode-1-impl-thread1] INFO  server.RaftServer$Division (RaftServerImpl.java:start(342)) - omNode-1@group-523986131536: start as a follower, conf=0: peers:[omNode-3|rpc:localhost:15015|admin:|client:|dataStream:|priority:0|startupRole:FOLLOWER, omNode-1|rpc:localhost:15007|admin:|client:|dataStream:|priority:0|startupRole:FOLLOWER, omNode-2|rpc:localhost:15011|admin:|client:|dataStream:|priority:0|startupRole:FOLLOWER]|listeners:[], old=null
2023-06-27 17:02:17,045 [omNode-1-impl-thread1] INFO  server.RaftServer$Division (RaftServerImpl.java:setRole(329)) - omNode-1@group-523986131536: changes role from      null to FOLLOWER at term 1 for startAsFollower
2023-06-27 17:02:17,045 [omNode-1-impl-thread1] INFO  impl.RoleInfo (RoleInfo.java:updateAndGet(139)) - omNode-1: start omNode-1@group-523986131536-FollowerState
2023-06-27 17:02:17,049 [omNode-1-impl-thread1] INFO  util.JmxRegister (JmxRegister.java:tryRegister(44)) - Successfully registered JMX Bean with object name Ratis:service=RaftServer,group=group-523986131536,id=omNode-1
2023-06-27 17:02:17,049 [omNode-1@group-523986131536-FollowerState] INFO  server.RaftServerConfigKeys (ConfUtils.java:logFallback(53)) - raft.server.rpc.first-election.timeout.min = 1s (fallback to raft.server.rpc.timeout.min)
2023-06-27 17:02:17,049 [omNode-1-impl-thread1] INFO  server.RaftServerConfigKeys (ConfUtils.java:logGet(46)) - raft.server.snapshot.auto.trigger.enabled = true (custom)
2023-06-27 17:02:17,049 [omNode-1-impl-thread1] INFO  server.RaftServerConfigKeys (ConfUtils.java:logGet(46)) - raft.server.snapshot.auto.trigger.threshold = 50 (custom)
2023-06-27 17:02:17,049 [omNode-1-impl-thread1] INFO  server.RaftServerConfigKeys (ConfUtils.java:logGet(46)) - raft.server.snapshot.retention.file.num = -1 (default)
2023-06-27 17:02:17,049 [omNode-1-impl-thread1] INFO  server.RaftServerConfigKeys (ConfUtils.java:logGet(46)) - raft.server.log.purge.upto.snapshot.index = true (custom)
2023-06-27 17:02:17,049 [omNode-1@group-523986131536-FollowerState] INFO  server.RaftServerConfigKeys (ConfUtils.java:logFallback(53)) - raft.server.rpc.first-election.timeout.max = 1200ms (fallback to raft.server.rpc.timeout.max)
2023-06-27 17:02:17,050 [main] INFO  server.RaftServer (RaftServerProxy.java:startImpl(400)) - omNode-1: start RPC server
2023-06-27 17:02:17,052 [main] INFO  server.GrpcService (GrpcService.java:startImpl(302)) - omNode-1: GrpcService started, listening on 15007
2023-06-27 17:02:17,053 [main] INFO  om.OzoneManager (OzoneManager.java:getRpcServer(1176)) - Creating RPC Server
2023-06-27 17:02:17,053 [JvmPauseMonitor7] INFO  util.JvmPauseMonitor (JvmPauseMonitor.java:run(103)) - JvmPauseMonitor-omNode-1: Started
2023-06-27 17:02:17,292 [grpc-default-executor-4] WARN  server.GrpcLogAppender (LogUtils.java:warn(122)) - omNode-3@group-523986131536->omNode-1-AppendLogResponseHandler: Failed appendEntries: org.apache.ratis.thirdparty.io.grpc.StatusRuntimeException: UNAVAILABLE: io exception
2023-06-27 17:02:17,295 [grpc-default-executor-2] WARN  server.GrpcLogAppender (LogUtils.java:warn(122)) - omNode-3@group-523986131536->omNode-1-AppendLogResponseHandler: Failed appendEntries: org.apache.ratis.thirdparty.io.grpc.StatusRuntimeException: UNAVAILABLE: io exception
2023-06-27 17:02:17,462 [main] INFO  reflections.Reflections (Reflections.java:scan(232)) - Reflections took 408 ms to scan 19 urls, producing 69 keys and 5454 values [using 2 cores]
2023-06-27 17:02:17,463 [main] INFO  ipc.CallQueueManager (CallQueueManager.java:<init>(90)) - Using callQueue: class java.util.concurrent.LinkedBlockingQueue, queueCapacity: 2000, scheduler: class org.apache.hadoop.ipc.DefaultRpcScheduler, ipcBackoff: false.
2023-06-27 17:02:17,464 [main] INFO  ipc.Server (Server.java:<init>(1287)) - Listener at localhost:15004
2023-06-27 17:02:17,464 [Socket Reader #1 for port 15004] INFO  ipc.Server (Server.java:run(1323)) - Starting Socket Reader #1 for port 15004
2023-06-27 17:02:17,472 [main] INFO  http.BaseHttpServer (BaseHttpServer.java:newHttpServer2BuilderForOzone(224)) - Starting Web-server for ozoneManager at: http://0.0.0.0:15005
2023-06-27 17:02:17,472 [main] INFO  http.BaseHttpServer (BaseHttpServer.java:<init>(111)) - Hadoop Security Enabled: false Ozone Security Enabled: false Ozone HTTP Security Enabled: false 
2023-06-27 17:02:17,473 [main] WARN  server.AuthenticationFilter (AuthenticationFilter.java:constructSecretProvider(240)) - Unable to initialize FileSignerSecretProvider, falling back to use random secrets. Reason: Could not read signature secret file: /home/runner/hadoop-http-auth-signature-secret
2023-06-27 17:02:17,474 [main] INFO  http.HttpRequestLog (HttpRequestLog.java:getRequestLog(86)) - Http request log for http.requests.ozoneManager is not defined
2023-06-27 17:02:17,476 [main] INFO  http.HttpServer2 (HttpServer2.java:addGlobalFilter(1031)) - Added global filter 'safety' (class=org.apache.hadoop.hdds.server.http.HttpServer2$QuotingInputFilter)
2023-06-27 17:02:17,477 [main] INFO  http.HttpServer2 (HttpServer2.java:addFilter(1007)) - Added filter static_user_filter (class=org.apache.hadoop.http.lib.StaticUserWebFilter$StaticUserFilter) to context ozoneManager
2023-06-27 17:02:17,477 [main] INFO  http.HttpServer2 (HttpServer2.java:addFilter(1015)) - Added filter static_user_filter (class=org.apache.hadoop.http.lib.StaticUserWebFilter$StaticUserFilter) to context logs
2023-06-27 17:02:17,477 [main] INFO  http.HttpServer2 (HttpServer2.java:addFilter(1015)) - Added filter static_user_filter (class=org.apache.hadoop.http.lib.StaticUserWebFilter$StaticUserFilter) to context static
2023-06-27 17:02:17,477 [main] INFO  http.BaseHttpServer (BaseHttpServer.java:<init>(190)) - HTTP server of ozoneManager uses base directory /home/runner/work/ozone/ozone/hadoop-ozone/integration-test/target/test-dir/MiniOzoneClusterImpl-4d774b9f-68c7-4e3d-9dd4-f167b54dbd62/omNode-1/webserver
2023-06-27 17:02:17,478 [main] INFO  http.HttpServer2 (HttpServer2.java:bindListener(1250)) - Jetty bound to port 15005
2023-06-27 17:02:17,478 [main] INFO  server.Server (Server.java:doStart(375)) - jetty-9.4.51.v20230217; built: 2023-02-17T08:19:37.309Z; git: b45c405e4544384de066f814ed42ae3dceacdd49; jvm 1.8.0_372-b07
2023-06-27 17:02:17,479 [main] INFO  server.session (DefaultSessionIdManager.java:doStart(334)) - DefaultSessionIdManager workerName=node0
2023-06-27 17:02:17,479 [main] INFO  server.session (DefaultSessionIdManager.java:doStart(339)) - No SessionScavenger set, using defaults
2023-06-27 17:02:17,480 [main] INFO  server.session (HouseKeeper.java:startScavenging(132)) - node0 Scavenging every 660000ms
2023-06-27 17:02:17,480 [main] INFO  handler.ContextHandler (ContextHandler.java:doStart(921)) - Started o.e.j.s.ServletContextHandler@75bf619c{logs,/logs,file:///home/runner/work/ozone/ozone/hadoop-ozone/integration-test/target/log,AVAILABLE}
2023-06-27 17:02:17,481 [main] INFO  handler.ContextHandler (ContextHandler.java:doStart(921)) - Started o.e.j.s.ServletContextHandler@7c08cb77{static,/static,file:///home/runner/work/ozone/ozone/hadoop-ozone/integration-test/target/test-classes/webapps/static,AVAILABLE}
2023-06-27 17:02:17,485 [main] INFO  handler.ContextHandler (ContextHandler.java:doStart(921)) - Started o.e.j.w.WebAppContext@1523ef53{ozoneManager,/,file:///home/runner/work/ozone/ozone/hadoop-ozone/integration-test/target/test-classes/webapps/ozoneManager/,AVAILABLE}{file:/home/runner/work/ozone/ozone/hadoop-ozone/integration-test/target/test-classes/webapps/ozoneManager}
2023-06-27 17:02:17,488 [main] INFO  server.AbstractConnector (AbstractConnector.java:doStart(333)) - Started ServerConnector@46e44cd0{HTTP/1.1, (http/1.1)}{0.0.0.0:15005}
2023-06-27 17:02:17,488 [main] INFO  server.Server (Server.java:doStart(415)) - Started @28216ms
2023-06-27 17:02:17,488 [main] WARN  impl.MetricsSystemImpl (MetricsSystemImpl.java:register(279)) - Sink prometheus already exists!
2023-06-27 17:02:17,489 [main] INFO  http.BaseHttpServer (BaseHttpServer.java:updateConnectorAddress(344)) - HTTP server of ozoneManager listening at http://0.0.0.0:15005
2023-06-27 17:02:17,489 [IPC Server Responder] INFO  ipc.Server (Server.java:run(1562)) - IPC Server Responder: starting
2023-06-27 17:02:17,489 [IPC Server listener on 15004] INFO  ipc.Server (Server.java:run(1402)) - IPC Server listener on 15004: starting
2023-06-27 17:02:17,499 [main] INFO  om.OzoneManager (OzoneManager.java:startTrashEmptier(2081)) - Trash Interval set to 0. Files deleted won't move to trash
2023-06-27 17:02:17,506 [main] INFO  om.OzoneManager (OzoneManager.java:stop(2187)) - omNode-3[localhost:15012]: Stopping Ozone Manager
2023-06-27 17:02:17,506 [main] INFO  ipc.Server (Server.java:stop(3523)) - Stopping server on 15012
2023-06-27 17:02:17,509 [IPC Server listener on 15012] INFO  ipc.Server (Server.java:run(1434)) - Stopping IPC Server listener on 15012
2023-06-27 17:02:17,509 [IPC Server Responder] INFO  ipc.Server (Server.java:run(1567)) - Stopping IPC Server Responder
2023-06-27 17:02:17,511 [main] INFO  server.RaftServer (RaftServerProxy.java:lambda$close$6(416)) - omNode-3: close
2023-06-27 17:02:17,511 [main] INFO  server.GrpcService (GrpcService.java:closeImpl(311)) - omNode-3: shutdown server GrpcServerProtocolService now
2023-06-27 17:02:17,511 [omNode-3-impl-thread1] INFO  server.RaftServer$Division (RaftServerImpl.java:lambda$close$4(466)) - omNode-3@group-523986131536: shutdown
2023-06-27 17:02:17,512 [omNode-3-impl-thread1] INFO  util.JmxRegister (JmxRegister.java:unregister(73)) - Successfully un-registered JMX Bean with object name Ratis:service=RaftServer,group=group-523986131536,id=omNode-3
2023-06-27 17:02:17,512 [omNode-3-impl-thread1] INFO  impl.RoleInfo (RoleInfo.java:shutdownLeaderState(93)) - omNode-3: shutdown omNode-3@group-523986131536-LeaderStateImpl
2023-06-27 17:02:17,512 [omNode-3@group-523986131536->omNode-2-GrpcLogAppender-LogAppenderDaemon] WARN  server.GrpcLogAppender (GrpcLogAppender.java:mayWait(199)) - omNode-3@group-523986131536->omNode-2-GrpcLogAppender: Wait interrupted by java.lang.InterruptedException
2023-06-27 17:02:17,512 [omNode-3@group-523986131536->omNode-1-GrpcLogAppender-LogAppenderDaemon] WARN  server.GrpcLogAppender (GrpcLogAppender.java:mayWait(199)) - omNode-3@group-523986131536->omNode-1-GrpcLogAppender: Wait interrupted by java.lang.InterruptedException
2023-06-27 17:02:17,513 [grpc-default-executor-4] INFO  server.GrpcServerProtocolService (GrpcServerProtocolService.java:onCompleted(155)) - omNode-2: Completed APPEND_ENTRIES, lastRequest: null
2023-06-27 17:02:17,513 [grpc-default-executor-2] INFO  server.GrpcServerProtocolService (GrpcServerProtocolService.java:onCompleted(155)) - omNode-2: Completed APPEND_ENTRIES, lastRequest: omNode-3->omNode-2#2-t2,previous=(t:2, i:1),leaderCommit=1,initializing? true,entries: size=1, first=(t:2, i:2), METADATAENTRY(c:1)
2023-06-27 17:02:17,513 [grpc-default-executor-2] INFO  server.GrpcServerProtocolService (GrpcServerProtocolService.java:lambda$onCompleted$5(157)) - omNode-2: Completed APPEND_ENTRIES, lastReply: null
2023-06-27 17:02:17,514 [grpc-default-executor-4] INFO  server.GrpcServerProtocolService (GrpcServerProtocolService.java:lambda$onCompleted$5(157)) - omNode-2: Completed APPEND_ENTRIES, lastReply: serverReply {
  requestorId: "omNode-3"
  replyId: "omNode-2"
  raftGroupId {
    id: "\311\274L\364;\303<`\246kR9\206\023\0256"
  }
  callId: 7
  success: true
}
term: 2
nextIndex: 3
followerCommit: 2
matchIndex: 18446744073709551615
isHearbeat: true

2023-06-27 17:02:17,514 [grpc-default-executor-0] INFO  server.GrpcLogAppender (GrpcLogAppender.java:onCompleted(428)) - omNode-3@group-523986131536->omNode-2-AppendLogResponseHandler: follower responses appendEntries COMPLETED
2023-06-27 17:02:17,514 [grpc-default-executor-0] INFO  leader.FollowerInfo (FollowerInfoImpl.java:lambda$new$0(52)) - omNode-3@group-523986131536->omNode-2: decreaseNextIndex nextIndex: updateUnconditionally 3 -> 2
2023-06-27 17:02:17,514 [grpc-default-executor-1] INFO  server.GrpcLogAppender (GrpcLogAppender.java:onCompleted(428)) - omNode-3@group-523986131536->omNode-2-AppendLogResponseHandler: follower responses appendEntries COMPLETED
2023-06-27 17:02:17,514 [grpc-default-executor-1] INFO  leader.FollowerInfo (FollowerInfoImpl.java:lambda$new$0(52)) - omNode-3@group-523986131536->omNode-2: decreaseNextIndex nextIndex: updateUnconditionally 2 -> 1
2023-06-27 17:02:17,512 [omNode-3-impl-thread1] INFO  impl.PendingRequests (PendingRequests.java:sendNotLeaderResponses(289)) - omNode-3@group-523986131536-PendingRequests: sendNotLeaderResponses
2023-06-27 17:02:17,522 [omNode-3-impl-thread1] INFO  impl.StateMachineUpdater (StateMachineUpdater.java:stopAndJoin(155)) - omNode-3@group-523986131536-StateMachineUpdater: set stopIndex = 2
2023-06-27 17:02:17,522 [omNode-3@group-523986131536-StateMachineUpdater] INFO  ratis.OzoneManagerStateMachine (OzoneManagerStateMachine.java:takeSnapshot(479)) - Current Snapshot Index (t:2, i:2)
2023-06-27 17:02:17,526 [Thread-524] INFO  server.GrpcServerProtocolClient (GrpcServerProtocolClient.java:close(103)) - omNode-1 Close channels
2023-06-27 17:02:17,526 [Thread-525] INFO  server.GrpcServerProtocolClient (GrpcServerProtocolClient.java:close(103)) - omNode-2 Close channels
2023-06-27 17:02:17,536 [main] INFO  server.GrpcService (GrpcService.java:closeImpl(320)) - omNode-3: shutdown server GrpcServerProtocolService successfully
2023-06-27 17:02:17,537 [omNode-3@group-523986131536-StateMachineUpdater] INFO  impl.StateMachineUpdater (StateMachineUpdater.java:takeSnapshot(291)) - omNode-3@group-523986131536-StateMachineUpdater: Took a snapshot at index 2
2023-06-27 17:02:17,537 [omNode-3@group-523986131536-StateMachineUpdater] INFO  impl.StateMachineUpdater (StateMachineUpdater.java:lambda$new$0(97)) - omNode-3@group-523986131536-StateMachineUpdater: snapshotIndex: updateIncreasingly -1 -> 2
2023-06-27 17:02:17,538 [omNode-3@group-523986131536-StateMachineUpdater] INFO  ratis.OzoneManagerStateMachine (OzoneManagerStateMachine.java:close(533)) - StateMachine has shutdown. Shutdown OzoneManager if not already shutdown.
2023-06-27 17:02:17,538 [omNode-3@group-523986131536-StateMachineUpdater] INFO  ratis.OzoneManagerDoubleBuffer (OzoneManagerDoubleBuffer.java:stopDaemon(551)) - Stopping OMDoubleBuffer flush thread
2023-06-27 17:02:17,538 [OMDoubleBufferFlushThread] INFO  ratis.OzoneManagerDoubleBuffer (OzoneManagerDoubleBuffer.java:canFlush(638)) - OMDoubleBuffer flush thread OMDoubleBufferFlushThread is interrupted and will exit.
2023-06-27 17:02:17,539 [omNode-3-impl-thread1] INFO  server.RaftServer$Division (ServerState.java:close(472)) - omNode-3@group-523986131536: closes. applyIndex: 2
2023-06-27 17:02:18,082 [omNode-3-impl-thread1] INFO  segmented.SegmentedRaftLogWorker (SegmentedRaftLogWorker.java:close(252)) - omNode-3@group-523986131536-SegmentedRaftLogWorker close()
2023-06-27 17:02:18,083 [JvmPauseMonitor3] INFO  util.JvmPauseMonitor (JvmPauseMonitor.java:run(109)) - JvmPauseMonitor-omNode-3: Stopped
2023-06-27 17:02:18,083 [main] INFO  ratis.OzoneManagerStateMachine (OzoneManagerStateMachine.java:close(533)) - StateMachine has shutdown. Shutdown OzoneManager if not already shutdown.
2023-06-27 17:02:18,083 [main] INFO  ratis.OzoneManagerDoubleBuffer (OzoneManagerDoubleBuffer.java:stopDaemon(560)) - OMDoubleBuffer flush thread is not running.
2023-06-27 17:02:18,083 [main] INFO  utils.BackgroundService (BackgroundService.java:shutdown(141)) - Shutting down service KeyDeletingService
2023-06-27 17:02:18,084 [main] INFO  utils.BackgroundService (BackgroundService.java:shutdown(141)) - Shutting down service KeyDeletingService
2023-06-27 17:02:18,084 [main] INFO  utils.BackgroundService (BackgroundService.java:shutdown(141)) - Shutting down service OpenKeyCleanupService
2023-06-27 17:02:18,084 [main] INFO  utils.BackgroundService (BackgroundService.java:shutdown(141)) - Shutting down service SstFilteringService
2023-06-27 17:02:18,084 [main] INFO  utils.BackgroundService (BackgroundService.java:shutdown(141)) - Shutting down service SnapshotDeletingService
2023-06-27 17:02:18,085 [main] INFO  handler.ContextHandler (ContextHandler.java:doStop(1159)) - Stopped o.e.j.w.WebAppContext@3500af30{ozoneManager,/,null,STOPPED}{file:/home/runner/work/ozone/ozone/hadoop-ozone/integration-test/target/test-classes/webapps/ozoneManager}
2023-06-27 17:02:18,086 [main] INFO  server.AbstractConnector (AbstractConnector.java:doStop(383)) - Stopped ServerConnector@7d5b1786{HTTP/1.1, (http/1.1)}{0.0.0.0:15013}
2023-06-27 17:02:18,086 [main] INFO  server.session (HouseKeeper.java:stopScavenging(149)) - node0 Stopped scavenging
2023-06-27 17:02:18,087 [main] INFO  handler.ContextHandler (ContextHandler.java:doStop(1159)) - Stopped o.e.j.s.ServletContextHandler@2fdd5baa{static,/static,file:///home/runner/work/ozone/ozone/hadoop-ozone/integration-test/target/test-classes/webapps/static,STOPPED}
2023-06-27 17:02:18,087 [main] INFO  handler.ContextHandler (ContextHandler.java:doStop(1159)) - Stopped o.e.j.s.ServletContextHandler@de3b06a{logs,/logs,file:///home/runner/work/ozone/ozone/hadoop-ozone/integration-test/target/log,STOPPED}
2023-06-27 17:02:18,089 [main] INFO  snapshot.SnapshotDiffManager (SnapshotDiffManager.java:closeExecutorService(1630)) - Shutting down executorService: 'SnapDiffExecutor'
2023-06-27 17:02:18,089 [main] INFO  snapshot.SnapshotDiffManager (SnapshotDiffManager.java:closeExecutorService(1630)) - Shutting down executorService: 'SstDumpToolExecutor'
2023-06-27 17:02:18,090 [main] INFO  utils.BackgroundService (BackgroundService.java:shutdown(141)) - Shutting down service SnapshotDiffCleanupService
2023-06-27 17:02:18,091 [main] INFO  om.OzoneManager (OzoneManager.java:restart(1695)) - OzoneManager RPC server is listening at localhost/127.0.0.1:15012
2023-06-27 17:02:18,091 [main] INFO  impl.MetricsSystemImpl (MetricsSystemImpl.java:init(158)) - OzoneManager metrics system started (again)
2023-06-27 17:02:18,104 [main] WARN  server.ServerUtils (ServerUtils.java:getDBPath(311)) - ozone.om.db.dirs is not configured. We recommend adding this setting. Falling back to ozone.metadata.dirs instead.
2023-06-27 17:02:18,104 [main] INFO  helpers.OmKeyInfo (OmKeyInfo.java:getCodec(71)) - OmKeyInfo.getCodec ignorePipeline = true
2023-06-27 17:02:18,143 [main] INFO  om.OzoneManager (OzoneManager.java:instantiateServices(783)) - S3 Multi-Tenancy is disabled
2023-06-27 17:02:18,143 [main] INFO  om.OmSnapshotManager (OmSnapshotManager.java:<init>(179)) - Ozone filesystem snapshot feature is enabled.
2023-06-27 17:02:18,144 [main] WARN  server.ServerUtils (ServerUtils.java:getDBPath(311)) - ozone.om.snapshot.diff.db.dir is not configured. We recommend adding this setting. Falling back to ozone.metadata.dirs instead.
2023-06-27 17:02:18,153 [main] INFO  snapshot.SnapshotDiffManager (SnapshotDiffManager.java:closeExecutorService(1630)) - Shutting down executorService: 'SstDumpToolExecutor'
2023-06-27 17:02:18,156 [main] WARN  server.ServerUtils (ServerUtils.java:getDefaultRatisDirectory(323)) - Storage directory for Ratis is not configured. It is a good idea to map this to an SSD disk. Falling back to ozone.metadata.dirs
2023-06-27 17:02:18,158 [main] INFO  ratis.OzoneManagerRatisServer (OzoneManagerRatisServer.java:<init>(163)) - Instantiating OM Ratis server with groupID: om-service-test1 and peers: localhost:15015, localhost:15007, localhost:15011
2023-06-27 17:02:18,158 [main] INFO  ratis.OzoneManagerStateMachine (OzoneManagerStateMachine.java:loadSnapshotInfoFromDB(670)) - LastAppliedIndex is set from TransactionInfo from OM DB as (t:2, i:2)
2023-06-27 17:02:18,158 [main] INFO  server.RaftServer (ConfUtils.java:logGet(46)) - raft.rpc.type = GRPC (default)
2023-06-27 17:02:18,159 [main] INFO  grpc.GrpcConfigKeys (ConfUtils.java:logFallback(53)) - raft.grpc.admin.host = null (fallback to raft.grpc.server.host)
2023-06-27 17:02:18,159 [main] INFO  grpc.GrpcConfigKeys (ConfUtils.java:logFallback(53)) - raft.grpc.admin.port = 15015 (fallback to raft.grpc.server.port)
2023-06-27 17:02:18,159 [main] INFO  grpc.GrpcConfigKeys (ConfUtils.java:logFallback(53)) - raft.grpc.client.host = null (fallback to raft.grpc.server.host)
2023-06-27 17:02:18,159 [main] INFO  grpc.GrpcConfigKeys (ConfUtils.java:logFallback(53)) - raft.grpc.client.port = 15015 (fallback to raft.grpc.server.port)
2023-06-27 17:02:18,159 [main] INFO  grpc.GrpcConfigKeys (ConfUtils.java:logGet(46)) - raft.grpc.server.host = null (default)
2023-06-27 17:02:18,159 [main] INFO  grpc.GrpcConfigKeys (ConfUtils.java:logGet(46)) - raft.grpc.server.port = 15015 (custom)
2023-06-27 17:02:18,160 [main] INFO  server.GrpcService (ConfUtils.java:logGet(46)) - raft.grpc.message.size.max = 33554432 (custom)
2023-06-27 17:02:18,160 [main] INFO  server.RaftServerConfigKeys (ConfUtils.java:logGet(46)) - raft.server.log.appender.buffer.byte-limit = 33554432 (custom)
2023-06-27 17:02:18,160 [main] INFO  server.GrpcService (ConfUtils.java:logGet(46)) - raft.grpc.flow.control.window = 1MB (=1048576) (default)
2023-06-27 17:02:18,160 [main] INFO  server.RaftServerConfigKeys (ConfUtils.java:logGet(46)) - raft.server.rpc.request.timeout = 3000ms (default)
2023-06-27 17:02:18,160 [main] INFO  grpc.GrpcConfigKeys (ConfUtils.java:logGet(46)) - raft.grpc.server.heartbeat.channel = true (default)
2023-06-27 17:02:18,160 [main] INFO  grpc.GrpcConfigKeys (ConfUtils.java:logGet(46)) - raft.grpc.server.async.request.thread.pool.cached = true (default)
2023-06-27 17:02:18,160 [main] INFO  grpc.GrpcConfigKeys (ConfUtils.java:logGet(46)) - raft.grpc.server.async.request.thread.pool.size = 32 (default)
2023-06-27 17:02:18,162 [main] INFO  impl.DataStreamServerImpl (ConfUtils.java:logGet(46)) - raft.datastream.type = DISABLED (default)
2023-06-27 17:02:18,162 [main] INFO  server.RaftServerConfigKeys (ConfUtils.java:logGet(46)) - raft.server.threadpool.proxy.cached = true (default)
2023-06-27 17:02:18,162 [main] INFO  server.RaftServerConfigKeys (ConfUtils.java:logGet(46)) - raft.server.threadpool.proxy.size = 0 (default)
2023-06-27 17:02:18,162 [main] INFO  server.RaftServerConfigKeys (ConfUtils.java:logGet(46)) - raft.server.rpc.slowness.timeout = 2s (custom)
2023-06-27 17:02:18,162 [main] INFO  server.RaftServerConfigKeys (ConfUtils.java:logGet(46)) - raft.server.leaderelection.leader.step-down.wait-time = 10s (default)
2023-06-27 17:02:18,163 [main] INFO  server.RaftServerConfigKeys (ConfUtils.java:logGet(46)) - raft.server.storage.dir = [/home/runner/work/ozone/ozone/hadoop-ozone/integration-test/target/test-dir/MiniOzoneClusterImpl-4d774b9f-68c7-4e3d-9dd4-f167b54dbd62/omNode-3/ratis] (custom)
2023-06-27 17:02:18,163 [omNode-3-impl-thread1] INFO  server.RaftServer (RaftServerProxy.java:initGroupDir(258)) - omNode-3: found a subdirectory /home/runner/work/ozone/ozone/hadoop-ozone/integration-test/target/test-dir/MiniOzoneClusterImpl-4d774b9f-68c7-4e3d-9dd4-f167b54dbd62/omNode-3/ratis/c9bc4cf4-3bc3-3c60-a66b-523986131536
2023-06-27 17:02:18,163 [main] INFO  server.RaftServer (RaftServerProxy.java:addNew(98)) - omNode-3: addNew group-523986131536:[omNode-3|rpc:localhost:15015|priority:0|startupRole:FOLLOWER, omNode-1|rpc:localhost:15007|priority:0|startupRole:FOLLOWER, omNode-2|rpc:localhost:15011|priority:0|startupRole:FOLLOWER] returns group-523986131536:java.util.concurrent.CompletableFuture@5d7adc2c[Not completed]
2023-06-27 17:02:18,163 [omNode-3-groupManagement] INFO  server.RaftServer$Division (RaftServerImpl.java:<init>(198)) - omNode-3: new RaftServerImpl for group-523986131536:[omNode-3|rpc:localhost:15015|priority:0|startupRole:FOLLOWER, omNode-1|rpc:localhost:15007|priority:0|startupRole:FOLLOWER, omNode-2|rpc:localhost:15011|priority:0|startupRole:FOLLOWER] with OzoneManagerStateMachine:uninitialized
2023-06-27 17:02:18,163 [main] INFO  om.OzoneManager (OzoneManager.java:initializeRatisServer(2128)) - OzoneManager Ratis server initialized at port 15015
2023-06-27 17:02:18,164 [omNode-3-groupManagement] INFO  server.RaftServerConfigKeys (ConfUtils.java:logGet(46)) - raft.server.rpc.timeout.min = 1s (custom)
2023-06-27 17:02:18,164 [main] INFO  ratis.OzoneManagerRatisServer (OzoneManagerRatisServer.java:start(558)) - Starting OzoneManagerRatisServer omNode-3 at port 15015
2023-06-27 17:02:18,164 [omNode-3-groupManagement] INFO  server.RaftServerConfigKeys (ConfUtils.java:logGet(46)) - raft.server.rpc.timeout.max = 1200ms (custom)
2023-06-27 17:02:18,164 [omNode-3-groupManagement] INFO  server.RaftServerConfigKeys (ConfUtils.java:logGet(46)) - raft.server.rpc.sleep.time = 25ms (default)
2023-06-27 17:02:18,164 [omNode-3-groupManagement] INFO  server.RaftServerConfigKeys (ConfUtils.java:logGet(46)) - raft.server.rpc.slowness.timeout = 2s (custom)
2023-06-27 17:02:18,164 [omNode-3-groupManagement] INFO  server.RaftServerConfigKeys (ConfUtils.java:logGet(46)) - raft.server.leaderelection.leader.step-down.wait-time = 10s (default)
2023-06-27 17:02:18,164 [omNode-3-groupManagement] INFO  server.RaftServerConfigKeys (ConfUtils.java:logGet(46)) - raft.server.sleep.deviation.threshold = 300ms (default)
2023-06-27 17:02:18,164 [omNode-3-groupManagement] INFO  server.RaftServer$Division (ServerState.java:<init>(120)) - omNode-3@group-523986131536: ConfigurationManager, init=-1: peers:[omNode-3|rpc:localhost:15015|priority:0|startupRole:FOLLOWER, omNode-1|rpc:localhost:15007|priority:0|startupRole:FOLLOWER, omNode-2|rpc:localhost:15011|priority:0|startupRole:FOLLOWER]|listeners:[], old=null, confs=<EMPTY_MAP>
2023-06-27 17:02:18,164 [omNode-3-groupManagement] INFO  server.RaftServerConfigKeys (ConfUtils.java:logGet(46)) - raft.server.storage.dir = [/home/runner/work/ozone/ozone/hadoop-ozone/integration-test/target/test-dir/MiniOzoneClusterImpl-4d774b9f-68c7-4e3d-9dd4-f167b54dbd62/omNode-3/ratis] (custom)
2023-06-27 17:02:18,164 [omNode-3-groupManagement] INFO  server.RaftServerConfigKeys (ConfUtils.java:logGet(46)) - raft.server.log.corruption.policy = EXCEPTION (default)
2023-06-27 17:02:18,164 [omNode-3-groupManagement] INFO  server.RaftServerConfigKeys (ConfUtils.java:logGet(46)) - raft.server.storage.free-space.min = 0MB (=0) (default)
2023-06-27 17:02:18,165 [omNode-3-groupManagement] INFO  server.RaftServerConfigKeys (ConfUtils.java:logGet(46)) - raft.server.notification.no-leader.timeout = 2s (custom)
2023-06-27 17:02:18,165 [omNode-3-groupManagement] INFO  server.RaftServerConfigKeys (ConfUtils.java:logGet(46)) - raft.server.read.timeout = 10s (default)
2023-06-27 17:02:18,165 [omNode-3-groupManagement] INFO  server.RaftServerConfigKeys (ConfUtils.java:logGet(46)) - raft.server.retrycache.expirytime = 30000ms (custom)
2023-06-27 17:02:18,165 [omNode-3-groupManagement] INFO  server.RaftServerConfigKeys (ConfUtils.java:logGet(46)) - raft.server.retrycache.statistics.expirytime = 100μs (default)
2023-06-27 17:02:18,165 [omNode-3-groupManagement] INFO  server.RaftServerConfigKeys (ConfUtils.java:logGet(46)) - raft.server.read.option = DEFAULT (default)
2023-06-27 17:02:18,166 [omNode-3-groupManagement] INFO  server.RaftServerConfigKeys (ConfUtils.java:logGet(46)) - raft.server.rpc.request.timeout = 3000ms (default)
2023-06-27 17:02:18,166 [omNode-3-groupManagement] INFO  server.RaftServerConfigKeys (ConfUtils.java:logGet(46)) - raft.server.log.appender.install.snapshot.enabled = false (custom)
2023-06-27 17:02:18,166 [omNode-3-groupManagement] INFO  server.RaftServerConfigKeys (ConfUtils.java:logGet(46)) - raft.server.threadpool.server.cached = true (default)
2023-06-27 17:02:18,166 [omNode-3-groupManagement] INFO  server.RaftServerConfigKeys (ConfUtils.java:logGet(46)) - raft.server.threadpool.server.size = 0 (default)
2023-06-27 17:02:18,166 [omNode-3-groupManagement] INFO  server.RaftServerConfigKeys (ConfUtils.java:logGet(46)) - raft.server.threadpool.client.cached = true (default)
2023-06-27 17:02:18,166 [omNode-3-groupManagement] INFO  server.RaftServerConfigKeys (ConfUtils.java:logGet(46)) - raft.server.threadpool.client.size = 0 (default)
2023-06-27 17:02:18,167 [omNode-3-impl-thread1] INFO  storage.RaftStorageDirectory (RaftStorageDirectoryImpl.java:tryLock(231)) - Lock on /home/runner/work/ozone/ozone/hadoop-ozone/integration-test/target/test-dir/MiniOzoneClusterImpl-4d774b9f-68c7-4e3d-9dd4-f167b54dbd62/omNode-3/ratis/c9bc4cf4-3bc3-3c60-a66b-523986131536/in_use.lock acquired by nodename 52987@fv-az748-341
2023-06-27 17:02:18,167 [omNode-3-impl-thread1] INFO  storage.RaftStorage (RaftStorageImpl.java:analyzeAndRecoverStorage(117)) - Read RaftStorageMetadata{term=2, votedFor=omNode-3} from /home/runner/work/ozone/ozone/hadoop-ozone/integration-test/target/test-dir/MiniOzoneClusterImpl-4d774b9f-68c7-4e3d-9dd4-f167b54dbd62/omNode-3/ratis/c9bc4cf4-3bc3-3c60-a66b-523986131536/current/raft-meta
2023-06-27 17:02:18,169 [omNode-3-impl-thread1] INFO  server.RaftServer$Division (ServerState.java:setRaftConf(434)) - omNode-3@group-523986131536: set configuration 1: peers:[omNode-3|rpc:localhost:15015|admin:|client:|dataStream:|priority:0|startupRole:FOLLOWER, omNode-1|rpc:localhost:15007|admin:|client:|dataStream:|priority:0|startupRole:FOLLOWER, omNode-2|rpc:localhost:15011|admin:|client:|dataStream:|priority:0|startupRole:FOLLOWER]|listeners:[], old=null
2023-06-27 17:02:18,169 [omNode-3-impl-thread1] INFO  server.RaftServerConfigKeys (ConfUtils.java:logGet(46)) - raft.server.log.use.memory = false (default)
2023-06-27 17:02:18,169 [omNode-3-impl-thread1] INFO  server.RaftServerConfigKeys (ConfUtils.java:logGet(46)) - raft.server.log.purge.gap = 50 (custom)
2023-06-27 17:02:18,169 [omNode-3-impl-thread1] INFO  server.RaftServerConfigKeys (ConfUtils.java:logGet(46)) - raft.server.log.appender.buffer.byte-limit = 33554432 (custom)
2023-06-27 17:02:18,169 [omNode-3-impl-thread1] INFO  server.RaftServerConfigKeys (ConfUtils.java:logGet(46)) - raft.server.log.statemachine.data.read.timeout = 1000ms (default)
2023-06-27 17:02:18,169 [omNode-3-impl-thread1] INFO  server.RaftServerConfigKeys (ConfUtils.java:logGet(46)) - raft.server.log.purge.preservation.log.num = 0 (default)
2023-06-27 17:02:18,170 [omNode-3-impl-thread1] INFO  server.RaftServerConfigKeys (ConfUtils.java:logGet(46)) - raft.server.log.segment.size.max = 4194304 (custom)
2023-06-27 17:02:18,170 [omNode-3-impl-thread1] INFO  server.RaftServerConfigKeys (ConfUtils.java:logGet(46)) - raft.server.log.segment.cache.num.max = 2 (custom)
2023-06-27 17:02:18,170 [omNode-3-impl-thread1] INFO  server.RaftServerConfigKeys (ConfUtils.java:logGet(46)) - raft.server.log.segment.cache.size.max = 200MB (=209715200) (default)
2023-06-27 17:02:18,170 [omNode-3-impl-thread1] INFO  server.RaftServerConfigKeys (ConfUtils.java:logGet(46)) - raft.server.log.appender.buffer.byte-limit = 33554432 (custom)
2023-06-27 17:02:18,170 [omNode-3-impl-thread1] INFO  segmented.SegmentedRaftLogWorker (SegmentedRaftLogWorker.java:<init>(188)) - new omNode-3@group-523986131536-SegmentedRaftLogWorker for RaftStorageImpl:Storage Directory /home/runner/work/ozone/ozone/hadoop-ozone/integration-test/target/test-dir/MiniOzoneClusterImpl-4d774b9f-68c7-4e3d-9dd4-f167b54dbd62/omNode-3/ratis/c9bc4cf4-3bc3-3c60-a66b-523986131536
2023-06-27 17:02:18,170 [omNode-3-impl-thread1] INFO  server.RaftServerConfigKeys (ConfUtils.java:logGet(46)) - raft.server.log.queue.byte-limit = 64MB (=67108864) (default)
2023-06-27 17:02:18,170 [omNode-3-impl-thread1] INFO  server.RaftServerConfigKeys (ConfUtils.java:logGet(46)) - raft.server.log.queue.element-limit = 4096 (default)
2023-06-27 17:02:18,170 [omNode-3-impl-thread1] INFO  server.RaftServerConfigKeys (ConfUtils.java:logGet(46)) - raft.server.log.segment.size.max = 4194304 (custom)
2023-06-27 17:02:18,170 [omNode-3-impl-thread1] INFO  server.RaftServerConfigKeys (ConfUtils.java:logGet(46)) - raft.server.log.preallocated.size = 4194304 (custom)
2023-06-27 17:02:18,170 [omNode-3-impl-thread1] INFO  server.RaftServerConfigKeys (ConfUtils.java:logGet(46)) - raft.server.log.force.sync.num = 128 (default)
2023-06-27 17:02:18,170 [omNode-3-impl-thread1] INFO  server.RaftServerConfigKeys (ConfUtils.java:logGet(46)) - raft.server.log.statemachine.data.sync = true (default)
2023-06-27 17:02:18,170 [omNode-3-impl-thread1] INFO  server.RaftServerConfigKeys (ConfUtils.java:logGet(46)) - raft.server.log.statemachine.data.sync.timeout = 10s (default)
2023-06-27 17:02:18,170 [omNode-3-impl-thread1] INFO  server.RaftServerConfigKeys (ConfUtils.java:logGet(46)) - raft.server.log.statemachine.data.sync.timeout.retry = -1 (default)
2023-06-27 17:02:18,171 [omNode-3-impl-thread1] INFO  server.RaftServerConfigKeys (ConfUtils.java:logGet(46)) - raft.server.log.write.buffer.size = 64KB (=65536) (default)
2023-06-27 17:02:18,171 [omNode-3-impl-thread1] INFO  server.RaftServerConfigKeys (ConfUtils.java:logGet(46)) - raft.server.log.appender.buffer.byte-limit = 33554432 (custom)
2023-06-27 17:02:18,176 [omNode-3-impl-thread1] INFO  server.RaftServerConfigKeys (ConfUtils.java:logGet(46)) - raft.server.log.unsafe-flush.enabled = false (default)
2023-06-27 17:02:18,176 [omNode-3-impl-thread1] INFO  server.RaftServerConfigKeys (ConfUtils.java:logGet(46)) - raft.server.log.async-flush.enabled = false (default)
2023-06-27 17:02:18,176 [omNode-3-impl-thread1] INFO  server.RaftServerConfigKeys (ConfUtils.java:logGet(46)) - raft.server.log.statemachine.data.caching.enabled = false (default)
2023-06-27 17:02:18,177 [omNode-3-impl-thread1] INFO  server.RaftServer$Division (ServerState.java:setRaftConf(434)) - omNode-3@group-523986131536: set configuration 0: peers:[omNode-3|rpc:localhost:15015|admin:|client:|dataStream:|priority:0|startupRole:FOLLOWER, omNode-1|rpc:localhost:15007|admin:|client:|dataStream:|priority:0|startupRole:FOLLOWER, omNode-2|rpc:localhost:15011|admin:|client:|dataStream:|priority:0|startupRole:FOLLOWER]|listeners:[], old=null
2023-06-27 17:02:18,178 [omNode-3-impl-thread1] INFO  segmented.LogSegment (LogSegment.java:loadSegment(170)) - Successfully read 1 entries from segment file /home/runner/work/ozone/ozone/hadoop-ozone/integration-test/target/test-dir/MiniOzoneClusterImpl-4d774b9f-68c7-4e3d-9dd4-f167b54dbd62/omNode-3/ratis/c9bc4cf4-3bc3-3c60-a66b-523986131536/current/log_0-0
2023-06-27 17:02:18,179 [omNode-3-impl-thread1] INFO  server.RaftServer$Division (ServerState.java:setRaftConf(434)) - omNode-3@group-523986131536: set configuration 1: peers:[omNode-3|rpc:localhost:15015|admin:|client:|dataStream:|priority:0|startupRole:FOLLOWER, omNode-1|rpc:localhost:15007|admin:|client:|dataStream:|priority:0|startupRole:FOLLOWER, omNode-2|rpc:localhost:15011|admin:|client:|dataStream:|priority:0|startupRole:FOLLOWER]|listeners:[], old=null
2023-06-27 17:02:18,179 [omNode-3-impl-thread1] INFO  segmented.LogSegment (LogSegment.java:loadSegment(170)) - Successfully read 2 entries from segment file /home/runner/work/ozone/ozone/hadoop-ozone/integration-test/target/test-dir/MiniOzoneClusterImpl-4d774b9f-68c7-4e3d-9dd4-f167b54dbd62/omNode-3/ratis/c9bc4cf4-3bc3-3c60-a66b-523986131536/current/log_inprogress_1
2023-06-27 17:02:18,180 [omNode-3-impl-thread1] INFO  segmented.SegmentedRaftLogWorker (SegmentedRaftLogWorker.java:lambda$new$0(135)) - omNode-3@group-523986131536-SegmentedRaftLogWorker: flushIndex: setUnconditionally 0 -> 2
2023-06-27 17:02:18,181 [omNode-3-impl-thread1] INFO  server.RaftServer$Division (RaftServerImpl.java:start(342)) - omNode-3@group-523986131536: start as a follower, conf=1: peers:[omNode-3|rpc:localhost:15015|admin:|client:|dataStream:|priority:0|startupRole:FOLLOWER, omNode-1|rpc:localhost:15007|admin:|client:|dataStream:|priority:0|startupRole:FOLLOWER, omNode-2|rpc:localhost:15011|admin:|client:|dataStream:|priority:0|startupRole:FOLLOWER]|listeners:[], old=null
2023-06-27 17:02:18,181 [omNode-3-impl-thread1] INFO  server.RaftServer$Division (RaftServerImpl.java:setRole(329)) - omNode-3@group-523986131536: changes role from      null to FOLLOWER at term 2 for startAsFollower
2023-06-27 17:02:18,181 [omNode-3-impl-thread1] INFO  impl.RoleInfo (RoleInfo.java:updateAndGet(139)) - omNode-3: start omNode-3@group-523986131536-FollowerState
2023-06-27 17:02:18,185 [omNode-3-impl-thread1] INFO  util.JmxRegister (JmxRegister.java:tryRegister(44)) - Successfully registered JMX Bean with object name Ratis:service=RaftServer,group=group-523986131536,id=omNode-3
2023-06-27 17:02:18,185 [omNode-3-impl-thread1] INFO  server.RaftServerConfigKeys (ConfUtils.java:logGet(46)) - raft.server.snapshot.auto.trigger.enabled = true (custom)
2023-06-27 17:02:18,185 [omNode-3-impl-thread1] INFO  server.RaftServerConfigKeys (ConfUtils.java:logGet(46)) - raft.server.snapshot.auto.trigger.threshold = 50 (custom)
2023-06-27 17:02:18,185 [omNode-3-impl-thread1] INFO  server.RaftServerConfigKeys (ConfUtils.java:logGet(46)) - raft.server.snapshot.retention.file.num = -1 (default)
2023-06-27 17:02:18,185 [omNode-3-impl-thread1] INFO  server.RaftServerConfigKeys (ConfUtils.java:logGet(46)) - raft.server.log.purge.upto.snapshot.index = true (custom)
2023-06-27 17:02:18,186 [main] INFO  server.RaftServer (RaftServerProxy.java:startImpl(400)) - omNode-3: start RPC server
2023-06-27 17:02:18,192 [main] INFO  server.GrpcService (GrpcService.java:startImpl(302)) - omNode-3: GrpcService started, listening on 15015
2023-06-27 17:02:18,192 [main] INFO  om.OzoneManager (OzoneManager.java:getRpcServer(1176)) - Creating RPC Server
2023-06-27 17:02:18,192 [JvmPauseMonitor8] INFO  util.JvmPauseMonitor (JvmPauseMonitor.java:run(103)) - JvmPauseMonitor-omNode-3: Started
2023-06-27 17:02:18,194 [omNode-3@group-523986131536-FollowerState] INFO  server.RaftServerConfigKeys (ConfUtils.java:logFallback(53)) - raft.server.rpc.first-election.timeout.min = 1s (fallback to raft.server.rpc.timeout.min)
2023-06-27 17:02:18,194 [omNode-3@group-523986131536-FollowerState] INFO  server.RaftServerConfigKeys (ConfUtils.java:logFallback(53)) - raft.server.rpc.first-election.timeout.max = 1200ms (fallback to raft.server.rpc.timeout.max)
2023-06-27 17:02:18,205 [omNode-1@group-523986131536-FollowerState] INFO  impl.FollowerState (FollowerState.java:run(143)) - omNode-1@group-523986131536-FollowerState: change to CANDIDATE, lastRpcElapsedTime:1159568172ns, electionTimeout:1146ms
2023-06-27 17:02:18,205 [omNode-1@group-523986131536-FollowerState] INFO  impl.RoleInfo (RoleInfo.java:shutdownFollowerState(110)) - omNode-1: shutdown omNode-1@group-523986131536-FollowerState
2023-06-27 17:02:18,205 [omNode-1@group-523986131536-FollowerState] INFO  server.RaftServer$Division (RaftServerImpl.java:setRole(329)) - omNode-1@group-523986131536: changes role from  FOLLOWER to CANDIDATE at term 1 for changeToCandidate
2023-06-27 17:02:18,205 [omNode-1@group-523986131536-FollowerState] INFO  server.RaftServerConfigKeys (ConfUtils.java:logGet(46)) - raft.server.leaderelection.pre-vote = true (default)
2023-06-27 17:02:18,205 [omNode-1@group-523986131536-FollowerState] INFO  impl.RoleInfo (RoleInfo.java:updateAndGet(139)) - omNode-1: start omNode-1@group-523986131536-LeaderElection11
2023-06-27 17:02:18,217 [omNode-1@group-523986131536-LeaderElection11] INFO  impl.LeaderElection (LeaderElection.java:askForVotes(321)) - omNode-1@group-523986131536-LeaderElection11 PRE_VOTE round 0: submit vote requests at term 1 for 0: peers:[omNode-3|rpc:localhost:15015|admin:|client:|dataStream:|priority:0|startupRole:FOLLOWER, omNode-1|rpc:localhost:15007|admin:|client:|dataStream:|priority:0|startupRole:FOLLOWER, omNode-2|rpc:localhost:15011|admin:|client:|dataStream:|priority:0|startupRole:FOLLOWER]|listeners:[], old=null
2023-06-27 17:02:18,218 [omNode-1@group-523986131536-LeaderElection11-1] INFO  server.GrpcServerProtocolClient (GrpcServerProtocolClient.java:<init>(65)) - Build channel for omNode-3
2023-06-27 17:02:18,221 [omNode-1@group-523986131536-LeaderElection11] INFO  server.RaftServerConfigKeys (ConfUtils.java:logFallback(53)) - raft.server.rpc.first-election.timeout.min = 1s (fallback to raft.server.rpc.timeout.min)
2023-06-27 17:02:18,221 [omNode-1@group-523986131536-LeaderElection11] INFO  server.RaftServerConfigKeys (ConfUtils.java:logFallback(53)) - raft.server.rpc.first-election.timeout.max = 1200ms (fallback to raft.server.rpc.timeout.max)
2023-06-27 17:02:18,221 [omNode-1@group-523986131536-LeaderElection11-2] INFO  server.GrpcServerProtocolClient (GrpcServerProtocolClient.java:<init>(65)) - Build channel for omNode-2
2023-06-27 17:02:18,222 [omNode-2@group-523986131536-FollowerState] INFO  impl.FollowerState (FollowerState.java:run(143)) - omNode-2@group-523986131536-FollowerState: change to CANDIDATE, lastRpcElapsedTime:1127482349ns, electionTimeout:1083ms
2023-06-27 17:02:18,223 [omNode-2@group-523986131536-FollowerState] INFO  impl.RoleInfo (RoleInfo.java:shutdownFollowerState(110)) - omNode-2: shutdown omNode-2@group-523986131536-FollowerState
2023-06-27 17:02:18,223 [omNode-2@group-523986131536-FollowerState] INFO  server.RaftServer$Division (RaftServerImpl.java:setRole(329)) - omNode-2@group-523986131536: changes role from  FOLLOWER to CANDIDATE at term 2 for changeToCandidate
2023-06-27 17:02:18,223 [omNode-2@group-523986131536-FollowerState] INFO  server.RaftServerConfigKeys (ConfUtils.java:logGet(46)) - raft.server.leaderelection.pre-vote = true (default)
2023-06-27 17:02:18,223 [omNode-2@group-523986131536-FollowerState] INFO  impl.RoleInfo (RoleInfo.java:updateAndGet(139)) - omNode-2: start omNode-2@group-523986131536-LeaderElection12
2023-06-27 17:02:18,234 [grpc-default-executor-2] INFO  server.RaftServer$Division (RaftServerImpl.java:requestVote(1302)) - omNode-3@group-523986131536: receive requestVote(PRE_VOTE, omNode-1, group-523986131536, 1, (t:1, i:0))
2023-06-27 17:02:18,234 [grpc-default-executor-2] INFO  impl.VoteContext (VoteContext.java:log(49)) - omNode-3@group-523986131536-FOLLOWER: reject PRE_VOTE from omNode-1: our last entry (t:2, i:2) > candidate's last entry (t:1, i:0)
2023-06-27 17:02:18,234 [grpc-default-executor-2] INFO  server.RaftServer$Division (RaftServerImpl.java:requestVote(1335)) - omNode-3@group-523986131536 replies to PRE_VOTE vote request: omNode-1<-omNode-3#0:FAIL-t2. Peer's state: omNode-3@group-523986131536:t2, leader=null, voted=omNode-3, raftlog=Memoized:omNode-3@group-523986131536-SegmentedRaftLog:OPENED:c2, conf=1: peers:[omNode-3|rpc:localhost:15015|admin:|client:|dataStream:|priority:0|startupRole:FOLLOWER, omNode-1|rpc:localhost:15007|admin:|client:|dataStream:|priority:0|startupRole:FOLLOWER, omNode-2|rpc:localhost:15011|admin:|client:|dataStream:|priority:0|startupRole:FOLLOWER]|listeners:[], old=null
2023-06-27 17:02:18,236 [omNode-2@group-523986131536-LeaderElection12] INFO  server.RaftServer$Division (ServerState.java:setLeader(317)) - omNode-2@group-523986131536: change Leader from omNode-3 to null at term 2 for PRE_VOTE
2023-06-27 17:02:18,237 [omNode-2@group-523986131536-LeaderElection12] INFO  impl.LeaderElection (LeaderElection.java:askForVotes(321)) - omNode-2@group-523986131536-LeaderElection12 PRE_VOTE round 0: submit vote requests at term 2 for 1: peers:[omNode-3|rpc:localhost:15015|admin:|client:|dataStream:|priority:0|startupRole:FOLLOWER, omNode-1|rpc:localhost:15007|admin:|client:|dataStream:|priority:0|startupRole:FOLLOWER, omNode-2|rpc:localhost:15011|admin:|client:|dataStream:|priority:0|startupRole:FOLLOWER]|listeners:[], old=null
2023-06-27 17:02:18,237 [omNode-2@group-523986131536-LeaderElection12-1] INFO  server.GrpcServerProtocolClient (GrpcServerProtocolClient.java:<init>(65)) - Build channel for omNode-3
2023-06-27 17:02:18,249 [omNode-2@group-523986131536-LeaderElection12-2] INFO  server.GrpcServerProtocolClient (GrpcServerProtocolClient.java:<init>(65)) - Build channel for omNode-1
2023-06-27 17:02:18,253 [omNode-1@group-523986131536-LeaderElection11] INFO  impl.LeaderElection (LeaderElection.java:logAndReturn(90)) - omNode-1@group-523986131536-LeaderElection11: PRE_VOTE DISCOVERED_A_NEW_TERM (term=2) received 1 response(s) and 0 exception(s):
2023-06-27 17:02:18,253 [omNode-1@group-523986131536-LeaderElection11] INFO  impl.LeaderElection (LeaderElection.java:logAndReturn(94)) -   Response 0: omNode-1<-omNode-3#0:FAIL-t2
2023-06-27 17:02:18,254 [omNode-1@group-523986131536-LeaderElection11] INFO  impl.LeaderElection (LeaderElection.java:askForVotes(323)) - omNode-1@group-523986131536-LeaderElection11 PRE_VOTE round 0: result DISCOVERED_A_NEW_TERM (term=2)
2023-06-27 17:02:18,254 [omNode-1@group-523986131536-LeaderElection11] INFO  server.RaftServer$Division (RaftServerImpl.java:setRole(329)) - omNode-1@group-523986131536: changes role from CANDIDATE to FOLLOWER at term 2 for DISCOVERED_A_NEW_TERM (term=2)
2023-06-27 17:02:18,254 [omNode-1@group-523986131536-LeaderElection11] INFO  impl.RoleInfo (RoleInfo.java:shutdownLeaderElection(130)) - omNode-1: shutdown omNode-1@group-523986131536-LeaderElection11
2023-06-27 17:02:18,254 [omNode-1@group-523986131536-LeaderElection11] INFO  impl.RoleInfo (RoleInfo.java:updateAndGet(139)) - omNode-1: start omNode-1@group-523986131536-FollowerState
2023-06-27 17:02:18,274 [grpc-default-executor-2] INFO  server.RaftServer$Division (RaftServerImpl.java:requestVote(1302)) - omNode-2@group-523986131536: receive requestVote(PRE_VOTE, omNode-1, group-523986131536, 1, (t:1, i:0))
2023-06-27 17:02:18,274 [grpc-default-executor-2] INFO  impl.VoteContext (VoteContext.java:log(49)) - omNode-2@group-523986131536-CANDIDATE: reject PRE_VOTE from omNode-1: our last entry (t:2, i:2) > candidate's last entry (t:1, i:0)
2023-06-27 17:02:18,275 [grpc-default-executor-2] INFO  server.RaftServer$Division (RaftServerImpl.java:requestVote(1335)) - omNode-2@group-523986131536 replies to PRE_VOTE vote request: omNode-1<-omNode-2#0:FAIL-t2. Peer's state: omNode-2@group-523986131536:t2, leader=null, voted=omNode-3, raftlog=Memoized:omNode-2@group-523986131536-SegmentedRaftLog:OPENED:c2, conf=1: peers:[omNode-3|rpc:localhost:15015|admin:|client:|dataStream:|priority:0|startupRole:FOLLOWER, omNode-1|rpc:localhost:15007|admin:|client:|dataStream:|priority:0|startupRole:FOLLOWER, omNode-2|rpc:localhost:15011|admin:|client:|dataStream:|priority:0|startupRole:FOLLOWER]|listeners:[], old=null
2023-06-27 17:02:18,277 [grpc-default-executor-4] INFO  server.RaftServer$Division (RaftServerImpl.java:requestVote(1302)) - omNode-1@group-523986131536: receive requestVote(PRE_VOTE, omNode-2, group-523986131536, 2, (t:2, i:2))
2023-06-27 17:02:18,277 [grpc-default-executor-4] INFO  impl.VoteContext (VoteContext.java:log(49)) - omNode-1@group-523986131536-FOLLOWER: accept PRE_VOTE from omNode-2: our last entry (t:1, i:0) < candidate's last entry (t:2, i:2)
2023-06-27 17:02:18,277 [grpc-default-executor-4] INFO  server.RaftServer$Division (RaftServerImpl.java:requestVote(1335)) - omNode-1@group-523986131536 replies to PRE_VOTE vote request: omNode-2<-omNode-1#0:OK-t2. Peer's state: omNode-1@group-523986131536:t2, leader=null, voted=null, raftlog=Memoized:omNode-1@group-523986131536-SegmentedRaftLog:OPENED:c0, conf=0: peers:[omNode-3|rpc:localhost:15015|admin:|client:|dataStream:|priority:0|startupRole:FOLLOWER, omNode-1|rpc:localhost:15007|admin:|client:|dataStream:|priority:0|startupRole:FOLLOWER, omNode-2|rpc:localhost:15011|admin:|client:|dataStream:|priority:0|startupRole:FOLLOWER]|listeners:[], old=null
2023-06-27 17:02:18,280 [grpc-default-executor-4] INFO  server.RaftServer$Division (RaftServerImpl.java:requestVote(1302)) - omNode-3@group-523986131536: receive requestVote(PRE_VOTE, omNode-2, group-523986131536, 2, (t:2, i:2))
2023-06-27 17:02:18,281 [omNode-2@group-523986131536-LeaderElection12] INFO  impl.LeaderElection (LeaderElection.java:logAndReturn(90)) - omNode-2@group-523986131536-LeaderElection12: PRE_VOTE PASSED received 1 response(s) and 0 exception(s):
2023-06-27 17:02:18,281 [omNode-2@group-523986131536-LeaderElection12] INFO  impl.LeaderElection (LeaderElection.java:logAndReturn(94)) -   Response 0: omNode-2<-omNode-1#0:OK-t2
2023-06-27 17:02:18,281 [omNode-2@group-523986131536-LeaderElection12] INFO  impl.LeaderElection (LeaderElection.java:askForVotes(323)) - omNode-2@group-523986131536-LeaderElection12 PRE_VOTE round 0: result PASSED
2023-06-27 17:02:18,282 [grpc-default-executor-4] INFO  impl.VoteContext (VoteContext.java:log(49)) - omNode-3@group-523986131536-FOLLOWER: accept PRE_VOTE from omNode-2: our priority 0 <= candidate's priority 0
2023-06-27 17:02:18,282 [grpc-default-executor-4] INFO  server.RaftServer$Division (RaftServerImpl.java:requestVote(1335)) - omNode-3@group-523986131536 replies to PRE_VOTE vote request: omNode-2<-omNode-3#0:OK-t2. Peer's state: omNode-3@group-523986131536:t2, leader=null, voted=omNode-3, raftlog=Memoized:omNode-3@group-523986131536-SegmentedRaftLog:OPENED:c2, conf=1: peers:[omNode-3|rpc:localhost:15015|admin:|client:|dataStream:|priority:0|startupRole:FOLLOWER, omNode-1|rpc:localhost:15007|admin:|client:|dataStream:|priority:0|startupRole:FOLLOWER, omNode-2|rpc:localhost:15011|admin:|client:|dataStream:|priority:0|startupRole:FOLLOWER]|listeners:[], old=null
2023-06-27 17:02:18,282 [omNode-2@group-523986131536-LeaderElection12] INFO  impl.LeaderElection (LeaderElection.java:askForVotes(321)) - omNode-2@group-523986131536-LeaderElection12 ELECTION round 0: submit vote requests at term 3 for 1: peers:[omNode-3|rpc:localhost:15015|admin:|client:|dataStream:|priority:0|startupRole:FOLLOWER, omNode-1|rpc:localhost:15007|admin:|client:|dataStream:|priority:0|startupRole:FOLLOWER, omNode-2|rpc:localhost:15011|admin:|client:|dataStream:|priority:0|startupRole:FOLLOWER]|listeners:[], old=null
2023-06-27 17:02:18,287 [grpc-default-executor-4] INFO  server.RaftServer$Division (RaftServerImpl.java:requestVote(1302)) - omNode-3@group-523986131536: receive requestVote(ELECTION, omNode-2, group-523986131536, 3, (t:2, i:2))
2023-06-27 17:02:18,287 [grpc-default-executor-4] INFO  impl.VoteContext (VoteContext.java:log(49)) - omNode-3@group-523986131536-FOLLOWER: accept ELECTION from omNode-2: our priority 0 <= candidate's priority 0
2023-06-27 17:02:18,287 [grpc-default-executor-4] INFO  server.RaftServer$Division (RaftServerImpl.java:setRole(329)) - omNode-3@group-523986131536: changes role from  FOLLOWER to FOLLOWER at term 3 for candidate:omNode-2
2023-06-27 17:02:18,287 [grpc-default-executor-4] INFO  impl.RoleInfo (RoleInfo.java:shutdownFollowerState(110)) - omNode-3: shutdown omNode-3@group-523986131536-FollowerState
2023-06-27 17:02:18,287 [grpc-default-executor-4] INFO  impl.RoleInfo (RoleInfo.java:updateAndGet(139)) - omNode-3: start omNode-3@group-523986131536-FollowerState
2023-06-27 17:02:18,287 [omNode-3@group-523986131536-FollowerState] INFO  impl.FollowerState (FollowerState.java:run(152)) - omNode-3@group-523986131536-FollowerState was interrupted
2023-06-27 17:02:18,290 [grpc-default-executor-4] INFO  server.RaftServer$Division (RaftServerImpl.java:requestVote(1335)) - omNode-3@group-523986131536 replies to ELECTION vote request: omNode-2<-omNode-3#0:OK-t3. Peer's state: omNode-3@group-523986131536:t3, leader=null, voted=omNode-2, raftlog=Memoized:omNode-3@group-523986131536-SegmentedRaftLog:OPENED:c2, conf=1: peers:[omNode-3|rpc:localhost:15015|admin:|client:|dataStream:|priority:0|startupRole:FOLLOWER, omNode-1|rpc:localhost:15007|admin:|client:|dataStream:|priority:0|startupRole:FOLLOWER, omNode-2|rpc:localhost:15011|admin:|client:|dataStream:|priority:0|startupRole:FOLLOWER]|listeners:[], old=null
2023-06-27 17:02:18,291 [omNode-2@group-523986131536-LeaderElection12] INFO  impl.LeaderElection (LeaderElection.java:logAndReturn(90)) - omNode-2@group-523986131536-LeaderElection12: ELECTION PASSED received 1 response(s) and 0 exception(s):
2023-06-27 17:02:18,291 [omNode-2@group-523986131536-LeaderElection12] INFO  impl.LeaderElection (LeaderElection.java:logAndReturn(94)) -   Response 0: omNode-2<-omNode-3#0:OK-t3
2023-06-27 17:02:18,291 [omNode-2@group-523986131536-LeaderElection12] INFO  impl.LeaderElection (LeaderElection.java:askForVotes(323)) - omNode-2@group-523986131536-LeaderElection12 ELECTION round 0: result PASSED
2023-06-27 17:02:18,291 [omNode-2@group-523986131536-LeaderElection12] INFO  impl.RoleInfo (RoleInfo.java:shutdownLeaderElection(130)) - omNode-2: shutdown omNode-2@group-523986131536-LeaderElection12
2023-06-27 17:02:18,292 [omNode-2@group-523986131536-LeaderElection12] INFO  server.RaftServer$Division (RaftServerImpl.java:setRole(329)) - omNode-2@group-523986131536: changes role from CANDIDATE to LEADER at term 3 for changeToLeader
2023-06-27 17:02:18,292 [omNode-2@group-523986131536-LeaderElection12] INFO  server.RaftServer$Division (ServerState.java:setLeader(317)) - omNode-2@group-523986131536: change Leader from null to omNode-2 at term 3 for becomeLeader, leader elected after 55ms
2023-06-27 17:02:18,292 [omNode-2@group-523986131536-LeaderElection12] INFO  server.RaftServerConfigKeys (ConfUtils.java:logGet(46)) - raft.server.staging.catchup.gap = 1000 (default)
2023-06-27 17:02:18,292 [omNode-2@group-523986131536-LeaderElection12] INFO  server.RaftServerConfigKeys (ConfUtils.java:logGet(46)) - raft.server.write.element-limit = 4096 (default)
2023-06-27 17:02:18,292 [omNode-2@group-523986131536-LeaderElection12] INFO  server.RaftServerConfigKeys (ConfUtils.java:logGet(46)) - raft.server.write.byte-limit = 64MB (=67108864) (default)
2023-06-27 17:02:18,292 [omNode-2@group-523986131536-LeaderElection12] INFO  server.RaftServerConfigKeys (ConfUtils.java:logGet(46)) - raft.server.watch.timeout = 10s (default)
2023-06-27 17:02:18,292 [omNode-2@group-523986131536-LeaderElection12] INFO  server.RaftServerConfigKeys (ConfUtils.java:logGet(46)) - raft.server.watch.timeout.denomination = 1s (default)
2023-06-27 17:02:18,293 [omNode-2@group-523986131536-LeaderElection12] INFO  server.RaftServerConfigKeys (ConfUtils.java:logGet(46)) - raft.server.watch.element-limit = 65536 (default)
2023-06-27 17:02:18,293 [omNode-2@group-523986131536-LeaderElection12] INFO  server.RaftServerConfigKeys (ConfUtils.java:logGet(46)) - raft.server.write.element-limit = 4096 (default)
2023-06-27 17:02:18,293 [omNode-2@group-523986131536-LeaderElection12] INFO  server.RaftServerConfigKeys (ConfUtils.java:logGet(46)) - raft.server.write.follower.gap.ratio.max = -1.0 (default)
2023-06-27 17:02:18,293 [omNode-2@group-523986131536-LeaderElection12] INFO  server.RaftServerConfigKeys (ConfUtils.java:logGet(46)) - raft.server.log.appender.snapshot.chunk.size.max = 16MB (=16777216) (default)
2023-06-27 17:02:18,293 [omNode-2@group-523986131536-LeaderElection12] INFO  server.RaftServerConfigKeys (ConfUtils.java:logGet(46)) - raft.server.log.appender.buffer.byte-limit = 33554432 (custom)
2023-06-27 17:02:18,293 [omNode-2@group-523986131536-LeaderElection12] INFO  server.RaftServerConfigKeys (ConfUtils.java:logGet(46)) - raft.server.log.appender.buffer.element-limit = 1024 (custom)
2023-06-27 17:02:18,293 [omNode-2@group-523986131536-LeaderElection12] INFO  server.RaftServerConfigKeys (ConfUtils.java:logGet(46)) - raft.server.log.appender.wait-time.min = 10ms (default)
2023-06-27 17:02:18,293 [omNode-2@group-523986131536-LeaderElection12] INFO  grpc.GrpcConfigKeys (ConfUtils.java:logGet(46)) - raft.grpc.server.leader.outstanding.appends.max = 128 (default)
2023-06-27 17:02:18,293 [omNode-2@group-523986131536-LeaderElection12] INFO  server.RaftServerConfigKeys (ConfUtils.java:logGet(46)) - raft.server.rpc.request.timeout = 3000ms (default)
2023-06-27 17:02:18,294 [omNode-2@group-523986131536-LeaderElection12] INFO  grpc.GrpcConfigKeys (ConfUtils.java:logGet(46)) - raft.grpc.server.install_snapshot.request.element-limit = 8 (default)
2023-06-27 17:02:18,294 [omNode-2@group-523986131536-LeaderElection12] INFO  grpc.GrpcConfigKeys (ConfUtils.java:logGet(46)) - raft.grpc.server.install_snapshot.request.timeout = 3000ms (default)
2023-06-27 17:02:18,294 [omNode-2@group-523986131536-LeaderElection12] INFO  server.RaftServerConfigKeys (ConfUtils.java:logGet(46)) - raft.server.log.appender.install.snapshot.enabled = false (custom)
2023-06-27 17:02:18,294 [omNode-2@group-523986131536-LeaderElection12] INFO  grpc.GrpcConfigKeys (ConfUtils.java:logGet(46)) - raft.grpc.server.heartbeat.channel = true (default)
2023-06-27 17:02:18,301 [grpc-default-executor-4] INFO  server.RaftServer$Division (RaftServerImpl.java:requestVote(1302)) - omNode-1@group-523986131536: receive requestVote(ELECTION, omNode-2, group-523986131536, 3, (t:2, i:2))
2023-06-27 17:02:18,301 [grpc-default-executor-4] INFO  impl.VoteContext (VoteContext.java:log(49)) - omNode-1@group-523986131536-FOLLOWER: accept ELECTION from omNode-2: our last entry (t:1, i:0) < candidate's last entry (t:2, i:2)
2023-06-27 17:02:18,301 [grpc-default-executor-4] INFO  server.RaftServer$Division (RaftServerImpl.java:setRole(329)) - omNode-1@group-523986131536: changes role from  FOLLOWER to FOLLOWER at term 3 for candidate:omNode-2
2023-06-27 17:02:18,301 [grpc-default-executor-4] INFO  impl.RoleInfo (RoleInfo.java:shutdownFollowerState(110)) - omNode-1: shutdown omNode-1@group-523986131536-FollowerState
2023-06-27 17:02:18,301 [grpc-default-executor-4] INFO  impl.RoleInfo (RoleInfo.java:updateAndGet(139)) - omNode-1: start omNode-1@group-523986131536-FollowerState
2023-06-27 17:02:18,301 [omNode-1@group-523986131536-FollowerState] INFO  impl.FollowerState (FollowerState.java:run(152)) - omNode-1@group-523986131536-FollowerState was interrupted
2023-06-27 17:02:18,302 [omNode-2@group-523986131536-LeaderElection12] INFO  server.RaftServerConfigKeys (ConfUtils.java:logGet(46)) - raft.server.log.appender.snapshot.chunk.size.max = 16MB (=16777216) (default)
2023-06-27 17:02:18,302 [omNode-2@group-523986131536-LeaderElection12] INFO  server.RaftServerConfigKeys (ConfUtils.java:logGet(46)) - raft.server.log.appender.buffer.byte-limit = 33554432 (custom)
2023-06-27 17:02:18,302 [omNode-2@group-523986131536-LeaderElection12] INFO  server.RaftServerConfigKeys (ConfUtils.java:logGet(46)) - raft.server.log.appender.buffer.element-limit = 1024 (custom)
2023-06-27 17:02:18,307 [omNode-2@group-523986131536-LeaderElection12] INFO  server.RaftServerConfigKeys (ConfUtils.java:logGet(46)) - raft.server.log.appender.wait-time.min = 10ms (default)
2023-06-27 17:02:18,307 [omNode-2@group-523986131536-LeaderElection12] INFO  grpc.GrpcConfigKeys (ConfUtils.java:logGet(46)) - raft.grpc.server.leader.outstanding.appends.max = 128 (default)
2023-06-27 17:02:18,307 [omNode-2@group-523986131536-LeaderElection12] INFO  server.RaftServerConfigKeys (ConfUtils.java:logGet(46)) - raft.server.rpc.request.timeout = 3000ms (default)
2023-06-27 17:02:18,307 [omNode-2@group-523986131536-LeaderElection12] INFO  grpc.GrpcConfigKeys (ConfUtils.java:logGet(46)) - raft.grpc.server.install_snapshot.request.element-limit = 8 (default)
2023-06-27 17:02:18,307 [omNode-2@group-523986131536-LeaderElection12] INFO  grpc.GrpcConfigKeys (ConfUtils.java:logGet(46)) - raft.grpc.server.install_snapshot.request.timeout = 3000ms (default)
2023-06-27 17:02:18,307 [omNode-2@group-523986131536-LeaderElection12] INFO  server.RaftServerConfigKeys (ConfUtils.java:logGet(46)) - raft.server.log.appender.install.snapshot.enabled = false (custom)
2023-06-27 17:02:18,307 [omNode-2@group-523986131536-LeaderElection12] INFO  grpc.GrpcConfigKeys (ConfUtils.java:logGet(46)) - raft.grpc.server.heartbeat.channel = true (default)
2023-06-27 17:02:18,307 [omNode-2@group-523986131536-LeaderElection12] INFO  impl.RoleInfo (RoleInfo.java:updateAndGet(139)) - omNode-2: start omNode-2@group-523986131536-LeaderStateImpl
2023-06-27 17:02:18,307 [grpc-default-executor-4] INFO  server.RaftServer$Division (RaftServerImpl.java:requestVote(1335)) - omNode-1@group-523986131536 replies to ELECTION vote request: omNode-2<-omNode-1#0:OK-t3. Peer's state: omNode-1@group-523986131536:t3, leader=null, voted=omNode-2, raftlog=Memoized:omNode-1@group-523986131536-SegmentedRaftLog:OPENED:c0, conf=0: peers:[omNode-3|rpc:localhost:15015|admin:|client:|dataStream:|priority:0|startupRole:FOLLOWER, omNode-1|rpc:localhost:15007|admin:|client:|dataStream:|priority:0|startupRole:FOLLOWER, omNode-2|rpc:localhost:15011|admin:|client:|dataStream:|priority:0|startupRole:FOLLOWER]|listeners:[], old=null
2023-06-27 17:02:18,309 [omNode-2@group-523986131536-LeaderElection12] INFO  segmented.SegmentedRaftLogWorker (SegmentedRaftLogWorker.java:rollLogSegment(452)) - omNode-2@group-523986131536-SegmentedRaftLogWorker: Rolling segment log-1_2 to index:2
2023-06-27 17:02:18,311 [omNode-2@group-523986131536-SegmentedRaftLogWorker] INFO  segmented.SegmentedRaftLogWorker (SegmentedRaftLogWorker.java:execute(608)) - omNode-2@group-523986131536-SegmentedRaftLogWorker: Rolled log segment from /home/runner/work/ozone/ozone/hadoop-ozone/integration-test/target/test-dir/MiniOzoneClusterImpl-4d774b9f-68c7-4e3d-9dd4-f167b54dbd62/omNode-2/ratis/c9bc4cf4-3bc3-3c60-a66b-523986131536/current/log_inprogress_1 to /home/runner/work/ozone/ozone/hadoop-ozone/integration-test/target/test-dir/MiniOzoneClusterImpl-4d774b9f-68c7-4e3d-9dd4-f167b54dbd62/omNode-2/ratis/c9bc4cf4-3bc3-3c60-a66b-523986131536/current/log_1-2
2023-06-27 17:02:18,324 [omNode-2@group-523986131536-LeaderElection12] INFO  server.RaftServer$Division (ServerState.java:setRaftConf(434)) - omNode-2@group-523986131536: set configuration 3: peers:[omNode-3|rpc:localhost:15015|admin:|client:|dataStream:|priority:0|startupRole:FOLLOWER, omNode-1|rpc:localhost:15007|admin:|client:|dataStream:|priority:0|startupRole:FOLLOWER, omNode-2|rpc:localhost:15011|admin:|client:|dataStream:|priority:0|startupRole:FOLLOWER]|listeners:[], old=null
2023-06-27 17:02:18,324 [omNode-2@group-523986131536-SegmentedRaftLogWorker] INFO  segmented.SegmentedRaftLogWorker (SegmentedRaftLogWorker.java:execute(651)) - omNode-2@group-523986131536-SegmentedRaftLogWorker: created new log segment /home/runner/work/ozone/ozone/hadoop-ozone/integration-test/target/test-dir/MiniOzoneClusterImpl-4d774b9f-68c7-4e3d-9dd4-f167b54dbd62/omNode-2/ratis/c9bc4cf4-3bc3-3c60-a66b-523986131536/current/log_inprogress_3
2023-06-27 17:02:18,335 [omNode-3-server-thread1] INFO  server.RaftServer$Division (ServerState.java:setLeader(317)) - omNode-3@group-523986131536: change Leader from null to omNode-2 at term 3 for appendEntries, leader elected after 164ms
2023-06-27 17:02:18,335 [omNode-3-server-thread2] INFO  server.RaftServer$Division (ServerState.java:setRaftConf(434)) - omNode-3@group-523986131536: set configuration 3: peers:[omNode-3|rpc:localhost:15015|admin:|client:|dataStream:|priority:0|startupRole:FOLLOWER, omNode-1|rpc:localhost:15007|admin:|client:|dataStream:|priority:0|startupRole:FOLLOWER, omNode-2|rpc:localhost:15011|admin:|client:|dataStream:|priority:0|startupRole:FOLLOWER]|listeners:[], old=null
2023-06-27 17:02:18,336 [omNode-3-server-thread2] INFO  segmented.SegmentedRaftLogWorker (SegmentedRaftLogWorker.java:rollLogSegment(452)) - omNode-3@group-523986131536-SegmentedRaftLogWorker: Rolling segment log-1_2 to index:2
2023-06-27 17:02:18,338 [omNode-3@group-523986131536-SegmentedRaftLogWorker] INFO  segmented.SegmentedRaftLogWorker (SegmentedRaftLogWorker.java:execute(608)) - omNode-3@group-523986131536-SegmentedRaftLogWorker: Rolled log segment from /home/runner/work/ozone/ozone/hadoop-ozone/integration-test/target/test-dir/MiniOzoneClusterImpl-4d774b9f-68c7-4e3d-9dd4-f167b54dbd62/omNode-3/ratis/c9bc4cf4-3bc3-3c60-a66b-523986131536/current/log_inprogress_1 to /home/runner/work/ozone/ozone/hadoop-ozone/integration-test/target/test-dir/MiniOzoneClusterImpl-4d774b9f-68c7-4e3d-9dd4-f167b54dbd62/omNode-3/ratis/c9bc4cf4-3bc3-3c60-a66b-523986131536/current/log_1-2
2023-06-27 17:02:18,341 [omNode-1-server-thread2] INFO  server.RaftServer$Division (ServerState.java:setLeader(317)) - omNode-1@group-523986131536: change Leader from null to omNode-2 at term 3 for appendEntries, leader elected after 1314ms
2023-06-27 17:02:18,341 [omNode-1-server-thread2] INFO  server.RaftServer$Division (RaftServerImpl.java:checkInconsistentAppendEntries(1613)) - omNode-1@group-523986131536: Failed appendEntries as previous log entry ((t:2, i:2)) is not found
2023-06-27 17:02:18,341 [omNode-1-server-thread2] INFO  server.RaftServer$Division (RaftServerImpl.java:checkInconsistentAppendEntries(1583)) - omNode-1@group-523986131536: inconsistency entries. Reply:omNode-2<-omNode-1#1:FAIL-t3,INCONSISTENCY,nextIndex=1,followerCommit=0,matchIndex=-1
2023-06-27 17:02:18,342 [grpc-default-executor-4] WARN  server.GrpcLogAppender (GrpcLogAppender.java:onNextImpl(401)) - omNode-2@group-523986131536->omNode-1-AppendLogResponseHandler: received INCONSISTENCY reply with nextIndex 1
2023-06-27 17:02:18,343 [grpc-default-executor-4] INFO  leader.FollowerInfo (FollowerInfoImpl.java:lambda$new$0(52)) - omNode-2@group-523986131536->omNode-1: setNextIndex nextIndex: updateUnconditionally 4 -> 1
2023-06-27 17:02:18,348 [omNode-1-server-thread1] INFO  server.RaftServer$Division (RaftServerImpl.java:checkInconsistentAppendEntries(1613)) - omNode-1@group-523986131536: Failed appendEntries as previous log entry ((t:2, i:2)) is not found
2023-06-27 17:02:18,348 [omNode-1-server-thread1] INFO  server.RaftServer$Division (RaftServerImpl.java:checkInconsistentAppendEntries(1583)) - omNode-1@group-523986131536: inconsistency entries. Reply:omNode-2<-omNode-1#0:FAIL-t3,INCONSISTENCY,nextIndex=1,followerCommit=0,matchIndex=-1
2023-06-27 17:02:18,349 [grpc-default-executor-1] WARN  server.GrpcLogAppender (GrpcLogAppender.java:onNextImpl(401)) - omNode-2@group-523986131536->omNode-1-AppendLogResponseHandler: received INCONSISTENCY reply with nextIndex 1
2023-06-27 17:02:18,349 [grpc-default-executor-1] INFO  leader.FollowerInfo (FollowerInfoImpl.java:lambda$new$0(52)) - omNode-2@group-523986131536->omNode-1: setNextIndex nextIndex: updateUnconditionally 4 -> 1
2023-06-27 17:02:18,354 [omNode-3@group-523986131536-SegmentedRaftLogWorker] INFO  segmented.SegmentedRaftLogWorker (SegmentedRaftLogWorker.java:execute(651)) - omNode-3@group-523986131536-SegmentedRaftLogWorker: created new log segment /home/runner/work/ozone/ozone/hadoop-ozone/integration-test/target/test-dir/MiniOzoneClusterImpl-4d774b9f-68c7-4e3d-9dd4-f167b54dbd62/omNode-3/ratis/c9bc4cf4-3bc3-3c60-a66b-523986131536/current/log_inprogress_3
2023-06-27 17:02:18,355 [omNode-1-server-thread1] INFO  server.RaftServer$Division (ServerState.java:setRaftConf(434)) - omNode-1@group-523986131536: set configuration 1: peers:[omNode-3|rpc:localhost:15015|admin:|client:|dataStream:|priority:0|startupRole:FOLLOWER, omNode-1|rpc:localhost:15007|admin:|client:|dataStream:|priority:0|startupRole:FOLLOWER, omNode-2|rpc:localhost:15011|admin:|client:|dataStream:|priority:0|startupRole:FOLLOWER]|listeners:[], old=null
2023-06-27 17:02:18,355 [omNode-1-server-thread1] INFO  server.RaftServer$Division (ServerState.java:setRaftConf(434)) - omNode-1@group-523986131536: set configuration 3: peers:[omNode-3|rpc:localhost:15015|admin:|client:|dataStream:|priority:0|startupRole:FOLLOWER, omNode-1|rpc:localhost:15007|admin:|client:|dataStream:|priority:0|startupRole:FOLLOWER, omNode-2|rpc:localhost:15011|admin:|client:|dataStream:|priority:0|startupRole:FOLLOWER]|listeners:[], old=null
2023-06-27 17:02:18,355 [omNode-1-server-thread1] INFO  segmented.SegmentedRaftLogWorker (SegmentedRaftLogWorker.java:rollLogSegment(452)) - omNode-1@group-523986131536-SegmentedRaftLogWorker: Rolling segment log-0_0 to index:0
2023-06-27 17:02:18,356 [omNode-1-server-thread1] INFO  segmented.SegmentedRaftLogWorker (SegmentedRaftLogWorker.java:rollLogSegment(452)) - omNode-1@group-523986131536-SegmentedRaftLogWorker: Rolling segment log-1_2 to index:2
2023-06-27 17:02:18,357 [omNode-1@group-523986131536-SegmentedRaftLogWorker] INFO  segmented.SegmentedRaftLogWorker (SegmentedRaftLogWorker.java:execute(608)) - omNode-1@group-523986131536-SegmentedRaftLogWorker: Rolled log segment from /home/runner/work/ozone/ozone/hadoop-ozone/integration-test/target/test-dir/MiniOzoneClusterImpl-4d774b9f-68c7-4e3d-9dd4-f167b54dbd62/omNode-1/ratis/c9bc4cf4-3bc3-3c60-a66b-523986131536/current/log_inprogress_0 to /home/runner/work/ozone/ozone/hadoop-ozone/integration-test/target/test-dir/MiniOzoneClusterImpl-4d774b9f-68c7-4e3d-9dd4-f167b54dbd62/omNode-1/ratis/c9bc4cf4-3bc3-3c60-a66b-523986131536/current/log_0-0
2023-06-27 17:02:18,360 [omNode-1-server-thread1] INFO  server.RaftServer$Division (ServerState.java:setRaftConf(434)) - omNode-1@group-523986131536: set configuration 1: peers:[omNode-3|rpc:localhost:15015|admin:|client:|dataStream:|priority:0|startupRole:FOLLOWER, omNode-1|rpc:localhost:15007|admin:|client:|dataStream:|priority:0|startupRole:FOLLOWER, omNode-2|rpc:localhost:15011|admin:|client:|dataStream:|priority:0|startupRole:FOLLOWER]|listeners:[], old=null
2023-06-27 17:02:18,360 [omNode-1-server-thread1] INFO  server.RaftServer$Division (ServerState.java:setRaftConf(434)) - omNode-1@group-523986131536: set configuration 3: peers:[omNode-3|rpc:localhost:15015|admin:|client:|dataStream:|priority:0|startupRole:FOLLOWER, omNode-1|rpc:localhost:15007|admin:|client:|dataStream:|priority:0|startupRole:FOLLOWER, omNode-2|rpc:localhost:15011|admin:|client:|dataStream:|priority:0|startupRole:FOLLOWER]|listeners:[], old=null
2023-06-27 17:02:18,367 [omNode-2@group-523986131536-StateMachineUpdater] INFO  ratis.OzoneManagerStateMachine (OzoneManagerStateMachine.java:notifyConfigurationChanged(201)) - Received Configuration change notification from Ratis. New Peer list:
[id: "omNode-3"
address: "localhost:15015"
startupRole: FOLLOWER
, id: "omNode-1"
address: "localhost:15007"
startupRole: FOLLOWER
, id: "omNode-2"
address: "localhost:15011"
startupRole: FOLLOWER
]
2023-06-27 17:02:18,370 [omNode-1@group-523986131536-SegmentedRaftLogWorker] INFO  segmented.SegmentedRaftLogWorker (SegmentedRaftLogWorker.java:execute(651)) - omNode-1@group-523986131536-SegmentedRaftLogWorker: created new log segment /home/runner/work/ozone/ozone/hadoop-ozone/integration-test/target/test-dir/MiniOzoneClusterImpl-4d774b9f-68c7-4e3d-9dd4-f167b54dbd62/omNode-1/ratis/c9bc4cf4-3bc3-3c60-a66b-523986131536/current/log_inprogress_1
2023-06-27 17:02:18,372 [omNode-1@group-523986131536-SegmentedRaftLogWorker] INFO  segmented.SegmentedRaftLogWorker (SegmentedRaftLogWorker.java:execute(608)) - omNode-1@group-523986131536-SegmentedRaftLogWorker: Rolled log segment from /home/runner/work/ozone/ozone/hadoop-ozone/integration-test/target/test-dir/MiniOzoneClusterImpl-4d774b9f-68c7-4e3d-9dd4-f167b54dbd62/omNode-1/ratis/c9bc4cf4-3bc3-3c60-a66b-523986131536/current/log_inprogress_1 to /home/runner/work/ozone/ozone/hadoop-ozone/integration-test/target/test-dir/MiniOzoneClusterImpl-4d774b9f-68c7-4e3d-9dd4-f167b54dbd62/omNode-1/ratis/c9bc4cf4-3bc3-3c60-a66b-523986131536/current/log_1-2
2023-06-27 17:02:18,372 [omNode-3@group-523986131536-StateMachineUpdater] INFO  ratis.OzoneManagerStateMachine (OzoneManagerStateMachine.java:notifyConfigurationChanged(201)) - Received Configuration change notification from Ratis. New Peer list:
[id: "omNode-3"
address: "localhost:15015"
startupRole: FOLLOWER
, id: "omNode-1"
address: "localhost:15007"
startupRole: FOLLOWER
, id: "omNode-2"
address: "localhost:15011"
startupRole: FOLLOWER
]
2023-06-27 17:02:18,385 [omNode-1@group-523986131536-SegmentedRaftLogWorker] INFO  segmented.SegmentedRaftLogWorker (SegmentedRaftLogWorker.java:execute(651)) - omNode-1@group-523986131536-SegmentedRaftLogWorker: created new log segment /home/runner/work/ozone/ozone/hadoop-ozone/integration-test/target/test-dir/MiniOzoneClusterImpl-4d774b9f-68c7-4e3d-9dd4-f167b54dbd62/omNode-1/ratis/c9bc4cf4-3bc3-3c60-a66b-523986131536/current/log_inprogress_3
2023-06-27 17:02:18,392 [omNode-1@group-523986131536-StateMachineUpdater] INFO  ratis.OzoneManagerStateMachine (OzoneManagerStateMachine.java:notifyConfigurationChanged(201)) - Received Configuration change notification from Ratis. New Peer list:
[id: "omNode-3"
address: "localhost:15015"
startupRole: FOLLOWER
, id: "omNode-1"
address: "localhost:15007"
startupRole: FOLLOWER
, id: "omNode-2"
address: "localhost:15011"
startupRole: FOLLOWER
]
2023-06-27 17:02:18,392 [omNode-1@group-523986131536-StateMachineUpdater] INFO  ratis.OzoneManagerStateMachine (OzoneManagerStateMachine.java:notifyConfigurationChanged(201)) - Received Configuration change notification from Ratis. New Peer list:
[id: "omNode-3"
address: "localhost:15015"
startupRole: FOLLOWER
, id: "omNode-1"
address: "localhost:15007"
startupRole: FOLLOWER
, id: "omNode-2"
address: "localhost:15011"
startupRole: FOLLOWER
]
2023-06-27 17:02:18,728 [main] INFO  reflections.Reflections (Reflections.java:scan(232)) - Reflections took 534 ms to scan 19 urls, producing 69 keys and 5454 values [using 2 cores]
2023-06-27 17:02:18,729 [main] INFO  ipc.CallQueueManager (CallQueueManager.java:<init>(90)) - Using callQueue: class java.util.concurrent.LinkedBlockingQueue, queueCapacity: 2000, scheduler: class org.apache.hadoop.ipc.DefaultRpcScheduler, ipcBackoff: false.
2023-06-27 17:02:18,730 [main] INFO  ipc.Server (Server.java:<init>(1287)) - Listener at localhost:15012
2023-06-27 17:02:18,733 [Socket Reader #1 for port 15012] INFO  ipc.Server (Server.java:run(1323)) - Starting Socket Reader #1 for port 15012
2023-06-27 17:02:18,737 [main] INFO  http.BaseHttpServer (BaseHttpServer.java:newHttpServer2BuilderForOzone(224)) - Starting Web-server for ozoneManager at: http://0.0.0.0:15013
2023-06-27 17:02:18,738 [main] INFO  http.BaseHttpServer (BaseHttpServer.java:<init>(111)) - Hadoop Security Enabled: false Ozone Security Enabled: false Ozone HTTP Security Enabled: false 
2023-06-27 17:02:18,739 [main] WARN  server.AuthenticationFilter (AuthenticationFilter.java:constructSecretProvider(240)) - Unable to initialize FileSignerSecretProvider, falling back to use random secrets. Reason: Could not read signature secret file: /home/runner/hadoop-http-auth-signature-secret
2023-06-27 17:02:18,740 [main] INFO  http.HttpRequestLog (HttpRequestLog.java:getRequestLog(86)) - Http request log for http.requests.ozoneManager is not defined
2023-06-27 17:02:18,741 [main] INFO  http.HttpServer2 (HttpServer2.java:addGlobalFilter(1031)) - Added global filter 'safety' (class=org.apache.hadoop.hdds.server.http.HttpServer2$QuotingInputFilter)
2023-06-27 17:02:18,742 [main] INFO  http.HttpServer2 (HttpServer2.java:addFilter(1007)) - Added filter static_user_filter (class=org.apache.hadoop.http.lib.StaticUserWebFilter$StaticUserFilter) to context ozoneManager
2023-06-27 17:02:18,742 [main] INFO  http.HttpServer2 (HttpServer2.java:addFilter(1015)) - Added filter static_user_filter (class=org.apache.hadoop.http.lib.StaticUserWebFilter$StaticUserFilter) to context static
2023-06-27 17:02:18,742 [main] INFO  http.HttpServer2 (HttpServer2.java:addFilter(1015)) - Added filter static_user_filter (class=org.apache.hadoop.http.lib.StaticUserWebFilter$StaticUserFilter) to context logs
2023-06-27 17:02:18,743 [main] INFO  http.BaseHttpServer (BaseHttpServer.java:<init>(190)) - HTTP server of ozoneManager uses base directory /home/runner/work/ozone/ozone/hadoop-ozone/integration-test/target/test-dir/MiniOzoneClusterImpl-4d774b9f-68c7-4e3d-9dd4-f167b54dbd62/omNode-3/webserver
2023-06-27 17:02:18,743 [main] INFO  http.HttpServer2 (HttpServer2.java:bindListener(1250)) - Jetty bound to port 15013
2023-06-27 17:02:18,746 [main] INFO  server.Server (Server.java:doStart(375)) - jetty-9.4.51.v20230217; built: 2023-02-17T08:19:37.309Z; git: b45c405e4544384de066f814ed42ae3dceacdd49; jvm 1.8.0_372-b07
2023-06-27 17:02:18,747 [main] INFO  server.session (DefaultSessionIdManager.java:doStart(334)) - DefaultSessionIdManager workerName=node0
2023-06-27 17:02:18,747 [main] INFO  server.session (DefaultSessionIdManager.java:doStart(339)) - No SessionScavenger set, using defaults
2023-06-27 17:02:18,747 [main] INFO  server.session (HouseKeeper.java:startScavenging(132)) - node0 Scavenging every 600000ms
2023-06-27 17:02:18,750 [main] INFO  handler.ContextHandler (ContextHandler.java:doStart(921)) - Started o.e.j.s.ServletContextHandler@75c2692b{logs,/logs,file:///home/runner/work/ozone/ozone/hadoop-ozone/integration-test/target/log,AVAILABLE}
2023-06-27 17:02:18,750 [main] INFO  handler.ContextHandler (ContextHandler.java:doStart(921)) - Started o.e.j.s.ServletContextHandler@60b6702e{static,/static,file:///home/runner/work/ozone/ozone/hadoop-ozone/integration-test/target/test-classes/webapps/static,AVAILABLE}
2023-06-27 17:02:18,756 [main] INFO  handler.ContextHandler (ContextHandler.java:doStart(921)) - Started o.e.j.w.WebAppContext@735a1b32{ozoneManager,/,file:///home/runner/work/ozone/ozone/hadoop-ozone/integration-test/target/test-classes/webapps/ozoneManager/,AVAILABLE}{file:/home/runner/work/ozone/ozone/hadoop-ozone/integration-test/target/test-classes/webapps/ozoneManager}
2023-06-27 17:02:18,763 [main] INFO  server.AbstractConnector (AbstractConnector.java:doStart(333)) - Started ServerConnector@548251a5{HTTP/1.1, (http/1.1)}{0.0.0.0:15013}
2023-06-27 17:02:18,763 [main] INFO  server.Server (Server.java:doStart(415)) - Started @29491ms
2023-06-27 17:02:18,763 [main] WARN  impl.MetricsSystemImpl (MetricsSystemImpl.java:register(279)) - Sink prometheus already exists!
2023-06-27 17:02:18,764 [main] INFO  http.BaseHttpServer (BaseHttpServer.java:updateConnectorAddress(344)) - HTTP server of ozoneManager listening at http://0.0.0.0:15013
2023-06-27 17:02:18,765 [IPC Server Responder] INFO  ipc.Server (Server.java:run(1562)) - IPC Server Responder: starting
2023-06-27 17:02:18,770 [IPC Server listener on 15012] INFO  ipc.Server (Server.java:run(1402)) - IPC Server listener on 15012: starting
2023-06-27 17:02:18,779 [main] INFO  om.OzoneManager (OzoneManager.java:startTrashEmptier(2081)) - Trash Interval set to 0. Files deleted won't move to trash
2023-06-27 17:02:18,780 [main] INFO  om.OzoneManager (OzoneManager.java:stop(2187)) - omNode-1[localhost:15004]: Stopping Ozone Manager
2023-06-27 17:02:18,780 [main] INFO  ipc.Server (Server.java:stop(3523)) - Stopping server on 15004
2023-06-27 17:02:18,785 [IPC Server Responder] INFO  ipc.Server (Server.java:run(1567)) - Stopping IPC Server Responder
2023-06-27 17:02:18,785 [IPC Server listener on 15004] INFO  ipc.Server (Server.java:run(1434)) - Stopping IPC Server listener on 15004
2023-06-27 17:02:18,785 [main] INFO  server.RaftServer (RaftServerProxy.java:lambda$close$6(416)) - omNode-1: close
2023-06-27 17:02:18,786 [main] INFO  server.GrpcService (GrpcService.java:closeImpl(311)) - omNode-1: shutdown server GrpcServerProtocolService now
2023-06-27 17:02:18,786 [omNode-1-impl-thread1] INFO  server.RaftServer$Division (RaftServerImpl.java:lambda$close$4(466)) - omNode-1@group-523986131536: shutdown
2023-06-27 17:02:18,786 [omNode-1-impl-thread1] INFO  util.JmxRegister (JmxRegister.java:unregister(73)) - Successfully un-registered JMX Bean with object name Ratis:service=RaftServer,group=group-523986131536,id=omNode-1
2023-06-27 17:02:18,786 [omNode-1-impl-thread1] INFO  impl.RoleInfo (RoleInfo.java:shutdownFollowerState(110)) - omNode-1: shutdown omNode-1@group-523986131536-FollowerState
2023-06-27 17:02:18,786 [omNode-1-impl-thread1] INFO  impl.StateMachineUpdater (StateMachineUpdater.java:stopAndJoin(155)) - omNode-1@group-523986131536-StateMachineUpdater: set stopIndex = 3
2023-06-27 17:02:18,786 [omNode-1@group-523986131536-StateMachineUpdater] INFO  ratis.OzoneManagerStateMachine (OzoneManagerStateMachine.java:takeSnapshot(479)) - Current Snapshot Index (t:3, i:3)
2023-06-27 17:02:18,787 [omNode-1@group-523986131536-FollowerState] INFO  impl.FollowerState (FollowerState.java:run(152)) - omNode-1@group-523986131536-FollowerState was interrupted
2023-06-27 17:02:18,797 [grpc-default-executor-4] WARN  server.GrpcServerProtocolService (LogUtils.java:warn(122)) - omNode-1: APPEND_ENTRIES onError, lastRequest: omNode-2->omNode-1#4-t3,previous=(t:3, i:3),leaderCommit=3,initializing? true,entries: size=1, first=(t:3, i:4), METADATAENTRY(c:3): org.apache.ratis.thirdparty.io.grpc.StatusRuntimeException: CANCELLED: client cancelled
2023-06-27 17:02:18,797 [grpc-default-executor-0] WARN  server.GrpcServerProtocolService (LogUtils.java:warn(122)) - omNode-1: APPEND_ENTRIES onError, lastRequest: null: org.apache.ratis.thirdparty.io.grpc.StatusRuntimeException: CANCELLED: client cancelled
2023-06-27 17:02:18,797 [grpc-default-executor-3] WARN  server.GrpcLogAppender (LogUtils.java:warn(122)) - omNode-2@group-523986131536->omNode-1-AppendLogResponseHandler: Failed appendEntries: org.apache.ratis.thirdparty.io.grpc.StatusRuntimeException: CANCELLED: RST_STREAM closed stream. HTTP/2 error code: CANCEL
2023-06-27 17:02:18,797 [grpc-default-executor-1] WARN  server.GrpcLogAppender (LogUtils.java:warn(122)) - omNode-2@group-523986131536->omNode-1-AppendLogResponseHandler: Failed appendEntries: org.apache.ratis.thirdparty.io.grpc.StatusRuntimeException: CANCELLED: RST_STREAM closed stream. HTTP/2 error code: CANCEL
2023-06-27 17:02:18,798 [grpc-default-executor-3] INFO  leader.FollowerInfo (FollowerInfoImpl.java:lambda$new$0(52)) - omNode-2@group-523986131536->omNode-1: decreaseNextIndex nextIndex: updateUnconditionally 5 -> 4
2023-06-27 17:02:18,798 [grpc-default-executor-1] INFO  leader.FollowerInfo (FollowerInfoImpl.java:lambda$new$0(52)) - omNode-2@group-523986131536->omNode-1: decreaseNextIndex nextIndex: updateUnconditionally 4 -> 3
2023-06-27 17:02:18,801 [Thread-632] INFO  server.GrpcServerProtocolClient (GrpcServerProtocolClient.java:close(103)) - omNode-2 Close channels
2023-06-27 17:02:18,801 [Thread-630] INFO  server.GrpcServerProtocolClient (GrpcServerProtocolClient.java:close(103)) - omNode-3 Close channels
2023-06-27 17:02:18,804 [main] INFO  server.GrpcService (GrpcService.java:closeImpl(320)) - omNode-1: shutdown server GrpcServerProtocolService successfully
2023-06-27 17:02:18,805 [omNode-1@group-523986131536-StateMachineUpdater] INFO  impl.StateMachineUpdater (StateMachineUpdater.java:takeSnapshot(291)) - omNode-1@group-523986131536-StateMachineUpdater: Took a snapshot at index 3
2023-06-27 17:02:18,805 [omNode-1@group-523986131536-StateMachineUpdater] INFO  impl.StateMachineUpdater (StateMachineUpdater.java:lambda$new$0(97)) - omNode-1@group-523986131536-StateMachineUpdater: snapshotIndex: updateIncreasingly 0 -> 3
2023-06-27 17:02:18,805 [omNode-1@group-523986131536-StateMachineUpdater] INFO  ratis.OzoneManagerStateMachine (OzoneManagerStateMachine.java:close(533)) - StateMachine has shutdown. Shutdown OzoneManager if not already shutdown.
2023-06-27 17:02:18,805 [omNode-1@group-523986131536-StateMachineUpdater] INFO  ratis.OzoneManagerDoubleBuffer (OzoneManagerDoubleBuffer.java:stopDaemon(551)) - Stopping OMDoubleBuffer flush thread
2023-06-27 17:02:18,805 [OMDoubleBufferFlushThread] INFO  ratis.OzoneManagerDoubleBuffer (OzoneManagerDoubleBuffer.java:canFlush(638)) - OMDoubleBuffer flush thread OMDoubleBufferFlushThread is interrupted and will exit.
2023-06-27 17:02:18,806 [omNode-1-impl-thread1] INFO  server.RaftServer$Division (ServerState.java:close(472)) - omNode-1@group-523986131536: closes. applyIndex: 3
2023-06-27 17:02:18,877 [grpc-default-executor-2] WARN  server.GrpcLogAppender (LogUtils.java:warn(122)) - omNode-2@group-523986131536->omNode-1-AppendLogResponseHandler: Failed appendEntries: org.apache.ratis.thirdparty.io.grpc.StatusRuntimeException: UNAVAILABLE: io exception
2023-06-27 17:02:18,878 [grpc-default-executor-2] INFO  leader.FollowerInfo (FollowerInfoImpl.java:lambda$new$0(52)) - omNode-2@group-523986131536->omNode-1: decreaseNextIndex nextIndex: updateUnconditionally 5 -> 4
2023-06-27 17:02:18,879 [grpc-default-executor-0] WARN  server.GrpcLogAppender (LogUtils.java:warn(122)) - omNode-2@group-523986131536->omNode-1-AppendLogResponseHandler: Failed appendEntries: org.apache.ratis.thirdparty.io.grpc.StatusRuntimeException: UNAVAILABLE: io exception
2023-06-27 17:02:18,880 [grpc-default-executor-0] INFO  leader.FollowerInfo (FollowerInfoImpl.java:lambda$new$0(52)) - omNode-2@group-523986131536->omNode-1: decreaseNextIndex nextIndex: updateUnconditionally 4 -> 3
2023-06-27 17:02:18,889 [grpc-default-executor-0] WARN  server.GrpcLogAppender (LogUtils.java:warn(122)) - omNode-2@group-523986131536->omNode-1-AppendLogResponseHandler: Failed appendEntries: org.apache.ratis.thirdparty.io.grpc.StatusRuntimeException: UNAVAILABLE: io exception
2023-06-27 17:02:18,889 [grpc-default-executor-2] WARN  server.GrpcLogAppender (LogUtils.java:warn(122)) - omNode-2@group-523986131536->omNode-1-AppendLogResponseHandler: Failed appendEntries: org.apache.ratis.thirdparty.io.grpc.StatusRuntimeException: UNAVAILABLE: io exception
2023-06-27 17:02:18,890 [grpc-default-executor-0] INFO  leader.FollowerInfo (FollowerInfoImpl.java:lambda$new$0(52)) - omNode-2@group-523986131536->omNode-1: decreaseNextIndex nextIndex: updateUnconditionally 3 -> 2
2023-06-27 17:02:18,890 [grpc-default-executor-2] INFO  leader.FollowerInfo (FollowerInfoImpl.java:lambda$new$0(52)) - omNode-2@group-523986131536->omNode-1: decreaseNextIndex nextIndex: updateUnconditionally 2 -> 1
2023-06-27 17:02:18,900 [grpc-default-executor-0] WARN  server.GrpcLogAppender (LogUtils.java:warn(122)) - omNode-2@group-523986131536->omNode-1-AppendLogResponseHandler: Failed appendEntries: org.apache.ratis.thirdparty.io.grpc.StatusRuntimeException: UNAVAILABLE: io exception
2023-06-27 17:02:18,900 [grpc-default-executor-2] WARN  server.GrpcLogAppender (LogUtils.java:warn(122)) - omNode-2@group-523986131536->omNode-1-AppendLogResponseHandler: Failed appendEntries: org.apache.ratis.thirdparty.io.grpc.StatusRuntimeException: UNAVAILABLE: io exception
2023-06-27 17:02:18,901 [grpc-default-executor-0] INFO  leader.FollowerInfo (FollowerInfoImpl.java:lambda$new$0(52)) - omNode-2@group-523986131536->omNode-1: decreaseNextIndex nextIndex: updateUnconditionally 5 -> 4
2023-06-27 17:02:18,902 [grpc-default-executor-2] INFO  leader.FollowerInfo (FollowerInfoImpl.java:lambda$new$0(52)) - omNode-2@group-523986131536->omNode-1: decreaseNextIndex nextIndex: updateUnconditionally 4 -> 3
2023-06-27 17:02:19,141 [grpc-default-executor-0] WARN  server.GrpcLogAppender (LogUtils.java:warn(122)) - omNode-2@group-523986131536->omNode-1-AppendLogResponseHandler: Failed appendEntries: org.apache.ratis.thirdparty.io.grpc.StatusRuntimeException: UNAVAILABLE: io exception
2023-06-27 17:02:19,141 [grpc-default-executor-2] WARN  server.GrpcLogAppender (LogUtils.java:warn(122)) - omNode-2@group-523986131536->omNode-1-AppendLogResponseHandler: Failed appendEntries: org.apache.ratis.thirdparty.io.grpc.StatusRuntimeException: UNAVAILABLE: io exception
2023-06-27 17:02:19,142 [grpc-default-executor-0] INFO  leader.FollowerInfo (FollowerInfoImpl.java:lambda$new$0(52)) - omNode-2@group-523986131536->omNode-1: decreaseNextIndex nextIndex: updateUnconditionally 3 -> 2
2023-06-27 17:02:19,142 [grpc-default-executor-2] INFO  leader.FollowerInfo (FollowerInfoImpl.java:lambda$new$0(52)) - omNode-2@group-523986131536->omNode-1: decreaseNextIndex nextIndex: updateUnconditionally 2 -> 1
2023-06-27 17:02:19,151 [grpc-default-executor-0] WARN  server.GrpcLogAppender (LogUtils.java:warn(122)) - omNode-2@group-523986131536->omNode-1-AppendLogResponseHandler: Failed appendEntries: org.apache.ratis.thirdparty.io.grpc.StatusRuntimeException: UNAVAILABLE: io exception
2023-06-27 17:02:19,151 [grpc-default-executor-2] WARN  server.GrpcLogAppender (LogUtils.java:warn(122)) - omNode-2@group-523986131536->omNode-1-AppendLogResponseHandler: Failed appendEntries: org.apache.ratis.thirdparty.io.grpc.StatusRuntimeException: UNAVAILABLE: io exception
2023-06-27 17:02:19,152 [grpc-default-executor-0] INFO  leader.FollowerInfo (FollowerInfoImpl.java:lambda$new$0(52)) - omNode-2@group-523986131536->omNode-1: decreaseNextIndex nextIndex: updateUnconditionally 5 -> 4
2023-06-27 17:02:19,152 [grpc-default-executor-2] INFO  leader.FollowerInfo (FollowerInfoImpl.java:lambda$new$0(52)) - omNode-2@group-523986131536->omNode-1: decreaseNextIndex nextIndex: updateUnconditionally 4 -> 3
2023-06-27 17:02:19,390 [omNode-1-impl-thread1] INFO  segmented.SegmentedRaftLogWorker (SegmentedRaftLogWorker.java:close(252)) - omNode-1@group-523986131536-SegmentedRaftLogWorker close()
2023-06-27 17:02:19,390 [JvmPauseMonitor7] INFO  util.JvmPauseMonitor (JvmPauseMonitor.java:run(109)) - JvmPauseMonitor-omNode-1: Stopped
2023-06-27 17:02:19,391 [main] INFO  ratis.OzoneManagerStateMachine (OzoneManagerStateMachine.java:close(533)) - StateMachine has shutdown. Shutdown OzoneManager if not already shutdown.
2023-06-27 17:02:19,391 [main] INFO  ratis.OzoneManagerDoubleBuffer (OzoneManagerDoubleBuffer.java:stopDaemon(560)) - OMDoubleBuffer flush thread is not running.
2023-06-27 17:02:19,392 [grpc-default-executor-2] WARN  server.GrpcLogAppender (LogUtils.java:warn(122)) - omNode-2@group-523986131536->omNode-1-AppendLogResponseHandler: Failed appendEntries: org.apache.ratis.thirdparty.io.grpc.StatusRuntimeException: UNAVAILABLE: io exception
2023-06-27 17:02:19,392 [main] INFO  handler.ContextHandler (ContextHandler.java:doStop(1159)) - Stopped o.e.j.w.WebAppContext@1523ef53{ozoneManager,/,null,STOPPED}{file:/home/runner/work/ozone/ozone/hadoop-ozone/integration-test/target/test-classes/webapps/ozoneManager}
2023-06-27 17:02:19,393 [grpc-default-executor-2] INFO  leader.FollowerInfo (FollowerInfoImpl.java:lambda$new$0(52)) - omNode-2@group-523986131536->omNode-1: decreaseNextIndex nextIndex: updateUnconditionally 3 -> 2
2023-06-27 17:02:19,393 [grpc-default-executor-0] WARN  server.GrpcLogAppender (LogUtils.java:warn(122)) - omNode-2@group-523986131536->omNode-1-AppendLogResponseHandler: Failed appendEntries: org.apache.ratis.thirdparty.io.grpc.StatusRuntimeException: UNAVAILABLE: io exception
2023-06-27 17:02:19,393 [grpc-default-executor-0] INFO  leader.FollowerInfo (FollowerInfoImpl.java:lambda$new$0(52)) - omNode-2@group-523986131536->omNode-1: decreaseNextIndex nextIndex: updateUnconditionally 2 -> 1
2023-06-27 17:02:19,394 [main] INFO  server.AbstractConnector (AbstractConnector.java:doStop(383)) - Stopped ServerConnector@46e44cd0{HTTP/1.1, (http/1.1)}{0.0.0.0:15005}
2023-06-27 17:02:19,394 [main] INFO  server.session (HouseKeeper.java:stopScavenging(149)) - node0 Stopped scavenging
2023-06-27 17:02:19,394 [main] INFO  handler.ContextHandler (ContextHandler.java:doStop(1159)) - Stopped o.e.j.s.ServletContextHandler@7c08cb77{static,/static,file:///home/runner/work/ozone/ozone/hadoop-ozone/integration-test/target/test-classes/webapps/static,STOPPED}
2023-06-27 17:02:19,394 [main] INFO  handler.ContextHandler (ContextHandler.java:doStop(1159)) - Stopped o.e.j.s.ServletContextHandler@75bf619c{logs,/logs,file:///home/runner/work/ozone/ozone/hadoop-ozone/integration-test/target/log,STOPPED}
2023-06-27 17:02:19,397 [main] INFO  snapshot.SnapshotDiffManager (SnapshotDiffManager.java:closeExecutorService(1630)) - Shutting down executorService: 'SnapDiffExecutor'
2023-06-27 17:02:19,397 [main] INFO  snapshot.SnapshotDiffManager (SnapshotDiffManager.java:closeExecutorService(1630)) - Shutting down executorService: 'SstDumpToolExecutor'
2023-06-27 17:02:19,397 [main] INFO  utils.BackgroundService (BackgroundService.java:shutdown(141)) - Shutting down service SnapshotDiffCleanupService
2023-06-27 17:02:19,398 [main] INFO  om.OzoneManager (OzoneManager.java:restart(1695)) - OzoneManager RPC server is listening at localhost/127.0.0.1:15004
2023-06-27 17:02:19,398 [main] INFO  impl.MetricsSystemImpl (MetricsSystemImpl.java:init(158)) - OzoneManager metrics system started (again)
2023-06-27 17:02:19,402 [grpc-default-executor-0] WARN  server.GrpcLogAppender (LogUtils.java:warn(122)) - omNode-2@group-523986131536->omNode-1-AppendLogResponseHandler: Failed appendEntries: org.apache.ratis.thirdparty.io.grpc.StatusRuntimeException: UNAVAILABLE: io exception
2023-06-27 17:02:19,403 [grpc-default-executor-0] INFO  leader.FollowerInfo (FollowerInfoImpl.java:lambda$new$0(52)) - omNode-2@group-523986131536->omNode-1: decreaseNextIndex nextIndex: updateUnconditionally 5 -> 4
2023-06-27 17:02:19,403 [grpc-default-executor-2] WARN  server.GrpcLogAppender (LogUtils.java:warn(122)) - omNode-2@group-523986131536->omNode-1-AppendLogResponseHandler: Failed appendEntries: org.apache.ratis.thirdparty.io.grpc.StatusRuntimeException: UNAVAILABLE: io exception
2023-06-27 17:02:19,403 [grpc-default-executor-2] INFO  leader.FollowerInfo (FollowerInfoImpl.java:lambda$new$0(52)) - omNode-2@group-523986131536->omNode-1: decreaseNextIndex nextIndex: updateUnconditionally 4 -> 3
2023-06-27 17:02:19,413 [main] WARN  server.ServerUtils (ServerUtils.java:getDBPath(311)) - ozone.om.db.dirs is not configured. We recommend adding this setting. Falling back to ozone.metadata.dirs instead.
2023-06-27 17:02:19,414 [main] INFO  helpers.OmKeyInfo (OmKeyInfo.java:getCodec(71)) - OmKeyInfo.getCodec ignorePipeline = true
2023-06-27 17:02:19,459 [main] INFO  om.OzoneManager (OzoneManager.java:instantiateServices(783)) - S3 Multi-Tenancy is disabled
2023-06-27 17:02:19,459 [main] INFO  om.OmSnapshotManager (OmSnapshotManager.java:<init>(179)) - Ozone filesystem snapshot feature is enabled.
2023-06-27 17:02:19,459 [main] WARN  server.ServerUtils (ServerUtils.java:getDBPath(311)) - ozone.om.snapshot.diff.db.dir is not configured. We recommend adding this setting. Falling back to ozone.metadata.dirs instead.
2023-06-27 17:02:19,473 [main] INFO  snapshot.SnapshotDiffManager (SnapshotDiffManager.java:closeExecutorService(1630)) - Shutting down executorService: 'SstDumpToolExecutor'
2023-06-27 17:02:19,477 [main] WARN  server.ServerUtils (ServerUtils.java:getDefaultRatisDirectory(323)) - Storage directory for Ratis is not configured. It is a good idea to map this to an SSD disk. Falling back to ozone.metadata.dirs
2023-06-27 17:02:19,478 [main] INFO  ratis.OzoneManagerRatisServer (OzoneManagerRatisServer.java:<init>(163)) - Instantiating OM Ratis server with groupID: om-service-test1 and peers: localhost:15007, localhost:15015, localhost:15011
2023-06-27 17:02:19,479 [main] INFO  ratis.OzoneManagerStateMachine (OzoneManagerStateMachine.java:loadSnapshotInfoFromDB(670)) - LastAppliedIndex is set from TransactionInfo from OM DB as (t:3, i:3)
2023-06-27 17:02:19,479 [main] INFO  server.RaftServer (ConfUtils.java:logGet(46)) - raft.rpc.type = GRPC (default)
2023-06-27 17:02:19,479 [main] INFO  grpc.GrpcConfigKeys (ConfUtils.java:logFallback(53)) - raft.grpc.admin.host = null (fallback to raft.grpc.server.host)
2023-06-27 17:02:19,479 [main] INFO  grpc.GrpcConfigKeys (ConfUtils.java:logFallback(53)) - raft.grpc.admin.port = 15007 (fallback to raft.grpc.server.port)
2023-06-27 17:02:19,480 [main] INFO  grpc.GrpcConfigKeys (ConfUtils.java:logFallback(53)) - raft.grpc.client.host = null (fallback to raft.grpc.server.host)
2023-06-27 17:02:19,480 [main] INFO  grpc.GrpcConfigKeys (ConfUtils.java:logFallback(53)) - raft.grpc.client.port = 15007 (fallback to raft.grpc.server.port)
2023-06-27 17:02:19,480 [main] INFO  grpc.GrpcConfigKeys (ConfUtils.java:logGet(46)) - raft.grpc.server.host = null (default)
2023-06-27 17:02:19,480 [main] INFO  grpc.GrpcConfigKeys (ConfUtils.java:logGet(46)) - raft.grpc.server.port = 15007 (custom)
2023-06-27 17:02:19,480 [main] INFO  server.GrpcService (ConfUtils.java:logGet(46)) - raft.grpc.message.size.max = 33554432 (custom)
2023-06-27 17:02:19,480 [main] INFO  server.RaftServerConfigKeys (ConfUtils.java:logGet(46)) - raft.server.log.appender.buffer.byte-limit = 33554432 (custom)
2023-06-27 17:02:19,480 [main] INFO  server.GrpcService (ConfUtils.java:logGet(46)) - raft.grpc.flow.control.window = 1MB (=1048576) (default)
2023-06-27 17:02:19,480 [main] INFO  server.RaftServerConfigKeys (ConfUtils.java:logGet(46)) - raft.server.rpc.request.timeout = 3000ms (default)
2023-06-27 17:02:19,481 [main] INFO  grpc.GrpcConfigKeys (ConfUtils.java:logGet(46)) - raft.grpc.server.heartbeat.channel = true (default)
2023-06-27 17:02:19,481 [main] INFO  grpc.GrpcConfigKeys (ConfUtils.java:logGet(46)) - raft.grpc.server.async.request.thread.pool.cached = true (default)
2023-06-27 17:02:19,481 [main] INFO  grpc.GrpcConfigKeys (ConfUtils.java:logGet(46)) - raft.grpc.server.async.request.thread.pool.size = 32 (default)
2023-06-27 17:02:19,482 [main] INFO  impl.DataStreamServerImpl (ConfUtils.java:logGet(46)) - raft.datastream.type = DISABLED (default)
2023-06-27 17:02:19,482 [main] INFO  server.RaftServerConfigKeys (ConfUtils.java:logGet(46)) - raft.server.threadpool.proxy.cached = true (default)
2023-06-27 17:02:19,483 [main] INFO  server.RaftServerConfigKeys (ConfUtils.java:logGet(46)) - raft.server.threadpool.proxy.size = 0 (default)
2023-06-27 17:02:19,483 [main] INFO  server.RaftServerConfigKeys (ConfUtils.java:logGet(46)) - raft.server.rpc.slowness.timeout = 2s (custom)
2023-06-27 17:02:19,483 [main] INFO  server.RaftServerConfigKeys (ConfUtils.java:logGet(46)) - raft.server.leaderelection.leader.step-down.wait-time = 10s (default)
2023-06-27 17:02:19,483 [main] INFO  server.RaftServerConfigKeys (ConfUtils.java:logGet(46)) - raft.server.storage.dir = [/home/runner/work/ozone/ozone/hadoop-ozone/integration-test/target/test-dir/MiniOzoneClusterImpl-4d774b9f-68c7-4e3d-9dd4-f167b54dbd62/omNode-1/ratis] (custom)
2023-06-27 17:02:19,484 [omNode-1-impl-thread1] INFO  server.RaftServer (RaftServerProxy.java:initGroupDir(258)) - omNode-1: found a subdirectory /home/runner/work/ozone/ozone/hadoop-ozone/integration-test/target/test-dir/MiniOzoneClusterImpl-4d774b9f-68c7-4e3d-9dd4-f167b54dbd62/omNode-1/ratis/c9bc4cf4-3bc3-3c60-a66b-523986131536
2023-06-27 17:02:19,485 [main] INFO  server.RaftServer (RaftServerProxy.java:addNew(98)) - omNode-1: addNew group-523986131536:[omNode-3|rpc:localhost:15015|priority:0|startupRole:FOLLOWER, omNode-1|rpc:localhost:15007|priority:0|startupRole:FOLLOWER, omNode-2|rpc:localhost:15011|priority:0|startupRole:FOLLOWER] returns group-523986131536:java.util.concurrent.CompletableFuture@611ac656[Not completed]
2023-06-27 17:02:19,485 [main] INFO  om.OzoneManager (OzoneManager.java:initializeRatisServer(2128)) - OzoneManager Ratis server initialized at port 15007
2023-06-27 17:02:19,485 [main] INFO  ratis.OzoneManagerRatisServer (OzoneManagerRatisServer.java:start(558)) - Starting OzoneManagerRatisServer omNode-1 at port 15007
2023-06-27 17:02:19,485 [omNode-1-groupManagement] INFO  server.RaftServer$Division (RaftServerImpl.java:<init>(198)) - omNode-1: new RaftServerImpl for group-523986131536:[omNode-3|rpc:localhost:15015|priority:0|startupRole:FOLLOWER, omNode-1|rpc:localhost:15007|priority:0|startupRole:FOLLOWER, omNode-2|rpc:localhost:15011|priority:0|startupRole:FOLLOWER] with OzoneManagerStateMachine:uninitialized
2023-06-27 17:02:19,485 [omNode-1-groupManagement] INFO  server.RaftServerConfigKeys (ConfUtils.java:logGet(46)) - raft.server.rpc.timeout.min = 1s (custom)
2023-06-27 17:02:19,485 [omNode-1-groupManagement] INFO  server.RaftServerConfigKeys (ConfUtils.java:logGet(46)) - raft.server.rpc.timeout.max = 1200ms (custom)
2023-06-27 17:02:19,486 [omNode-1-groupManagement] INFO  server.RaftServerConfigKeys (ConfUtils.java:logGet(46)) - raft.server.rpc.sleep.time = 25ms (default)
2023-06-27 17:02:19,486 [omNode-1-groupManagement] INFO  server.RaftServerConfigKeys (ConfUtils.java:logGet(46)) - raft.server.rpc.slowness.timeout = 2s (custom)
2023-06-27 17:02:19,486 [omNode-1-groupManagement] INFO  server.RaftServerConfigKeys (ConfUtils.java:logGet(46)) - raft.server.leaderelection.leader.step-down.wait-time = 10s (default)
2023-06-27 17:02:19,486 [omNode-1-groupManagement] INFO  server.RaftServerConfigKeys (ConfUtils.java:logGet(46)) - raft.server.sleep.deviation.threshold = 300ms (default)
2023-06-27 17:02:19,486 [omNode-1-groupManagement] INFO  server.RaftServer$Division (ServerState.java:<init>(120)) - omNode-1@group-523986131536: ConfigurationManager, init=-1: peers:[omNode-3|rpc:localhost:15015|priority:0|startupRole:FOLLOWER, omNode-1|rpc:localhost:15007|priority:0|startupRole:FOLLOWER, omNode-2|rpc:localhost:15011|priority:0|startupRole:FOLLOWER]|listeners:[], old=null, confs=<EMPTY_MAP>
2023-06-27 17:02:19,486 [omNode-1-groupManagement] INFO  server.RaftServerConfigKeys (ConfUtils.java:logGet(46)) - raft.server.storage.dir = [/home/runner/work/ozone/ozone/hadoop-ozone/integration-test/target/test-dir/MiniOzoneClusterImpl-4d774b9f-68c7-4e3d-9dd4-f167b54dbd62/omNode-1/ratis] (custom)
2023-06-27 17:02:19,486 [omNode-1-groupManagement] INFO  server.RaftServerConfigKeys (ConfUtils.java:logGet(46)) - raft.server.log.corruption.policy = EXCEPTION (default)
2023-06-27 17:02:19,486 [omNode-1-groupManagement] INFO  server.RaftServerConfigKeys (ConfUtils.java:logGet(46)) - raft.server.storage.free-space.min = 0MB (=0) (default)
2023-06-27 17:02:19,486 [omNode-1-groupManagement] INFO  server.RaftServerConfigKeys (ConfUtils.java:logGet(46)) - raft.server.notification.no-leader.timeout = 2s (custom)
2023-06-27 17:02:19,486 [omNode-1-groupManagement] INFO  server.RaftServerConfigKeys (ConfUtils.java:logGet(46)) - raft.server.read.timeout = 10s (default)
2023-06-27 17:02:19,486 [omNode-1-groupManagement] INFO  server.RaftServerConfigKeys (ConfUtils.java:logGet(46)) - raft.server.retrycache.expirytime = 30000ms (custom)
2023-06-27 17:02:19,486 [omNode-1-groupManagement] INFO  server.RaftServerConfigKeys (ConfUtils.java:logGet(46)) - raft.server.retrycache.statistics.expirytime = 100μs (default)
2023-06-27 17:02:19,486 [omNode-1-groupManagement] INFO  server.RaftServerConfigKeys (ConfUtils.java:logGet(46)) - raft.server.read.option = DEFAULT (default)
2023-06-27 17:02:19,487 [omNode-1-groupManagement] INFO  server.RaftServerConfigKeys (ConfUtils.java:logGet(46)) - raft.server.rpc.request.timeout = 3000ms (default)
2023-06-27 17:02:19,487 [omNode-1-groupManagement] INFO  server.RaftServerConfigKeys (ConfUtils.java:logGet(46)) - raft.server.log.appender.install.snapshot.enabled = false (custom)
2023-06-27 17:02:19,487 [omNode-1-groupManagement] INFO  server.RaftServerConfigKeys (ConfUtils.java:logGet(46)) - raft.server.threadpool.server.cached = true (default)
2023-06-27 17:02:19,487 [omNode-1-groupManagement] INFO  server.RaftServerConfigKeys (ConfUtils.java:logGet(46)) - raft.server.threadpool.server.size = 0 (default)
2023-06-27 17:02:19,487 [omNode-1-groupManagement] INFO  server.RaftServerConfigKeys (ConfUtils.java:logGet(46)) - raft.server.threadpool.client.cached = true (default)
2023-06-27 17:02:19,487 [omNode-1-groupManagement] INFO  server.RaftServerConfigKeys (ConfUtils.java:logGet(46)) - raft.server.threadpool.client.size = 0 (default)
2023-06-27 17:02:19,488 [omNode-1-impl-thread1] INFO  storage.RaftStorageDirectory (RaftStorageDirectoryImpl.java:tryLock(231)) - Lock on /home/runner/work/ozone/ozone/hadoop-ozone/integration-test/target/test-dir/MiniOzoneClusterImpl-4d774b9f-68c7-4e3d-9dd4-f167b54dbd62/omNode-1/ratis/c9bc4cf4-3bc3-3c60-a66b-523986131536/in_use.lock acquired by nodename 52987@fv-az748-341
2023-06-27 17:02:19,489 [omNode-1-impl-thread1] INFO  storage.RaftStorage (RaftStorageImpl.java:analyzeAndRecoverStorage(117)) - Read RaftStorageMetadata{term=3, votedFor=omNode-2} from /home/runner/work/ozone/ozone/hadoop-ozone/integration-test/target/test-dir/MiniOzoneClusterImpl-4d774b9f-68c7-4e3d-9dd4-f167b54dbd62/omNode-1/ratis/c9bc4cf4-3bc3-3c60-a66b-523986131536/current/raft-meta
2023-06-27 17:02:19,490 [omNode-1-impl-thread1] INFO  server.RaftServer$Division (ServerState.java:setRaftConf(434)) - omNode-1@group-523986131536: set configuration 3: peers:[omNode-3|rpc:localhost:15015|admin:|client:|dataStream:|priority:0|startupRole:FOLLOWER, omNode-1|rpc:localhost:15007|admin:|client:|dataStream:|priority:0|startupRole:FOLLOWER, omNode-2|rpc:localhost:15011|admin:|client:|dataStream:|priority:0|startupRole:FOLLOWER]|listeners:[], old=null
2023-06-27 17:02:19,490 [omNode-1-impl-thread1] INFO  server.RaftServerConfigKeys (ConfUtils.java:logGet(46)) - raft.server.log.use.memory = false (default)
2023-06-27 17:02:19,490 [omNode-1-impl-thread1] INFO  server.RaftServerConfigKeys (ConfUtils.java:logGet(46)) - raft.server.log.purge.gap = 50 (custom)
2023-06-27 17:02:19,490 [omNode-1-impl-thread1] INFO  server.RaftServerConfigKeys (ConfUtils.java:logGet(46)) - raft.server.log.appender.buffer.byte-limit = 33554432 (custom)
2023-06-27 17:02:19,491 [omNode-1-impl-thread1] INFO  server.RaftServerConfigKeys (ConfUtils.java:logGet(46)) - raft.server.log.statemachine.data.read.timeout = 1000ms (default)
2023-06-27 17:02:19,491 [omNode-1-impl-thread1] INFO  server.RaftServerConfigKeys (ConfUtils.java:logGet(46)) - raft.server.log.purge.preservation.log.num = 0 (default)
2023-06-27 17:02:19,491 [omNode-1-impl-thread1] INFO  server.RaftServerConfigKeys (ConfUtils.java:logGet(46)) - raft.server.log.segment.size.max = 4194304 (custom)
2023-06-27 17:02:19,491 [omNode-1-impl-thread1] INFO  server.RaftServerConfigKeys (ConfUtils.java:logGet(46)) - raft.server.log.segment.cache.num.max = 2 (custom)
2023-06-27 17:02:19,491 [omNode-1-impl-thread1] INFO  server.RaftServerConfigKeys (ConfUtils.java:logGet(46)) - raft.server.log.segment.cache.size.max = 200MB (=209715200) (default)
2023-06-27 17:02:19,491 [omNode-1-impl-thread1] INFO  server.RaftServerConfigKeys (ConfUtils.java:logGet(46)) - raft.server.log.appender.buffer.byte-limit = 33554432 (custom)
2023-06-27 17:02:19,491 [omNode-1-impl-thread1] INFO  segmented.SegmentedRaftLogWorker (SegmentedRaftLogWorker.java:<init>(188)) - new omNode-1@group-523986131536-SegmentedRaftLogWorker for RaftStorageImpl:Storage Directory /home/runner/work/ozone/ozone/hadoop-ozone/integration-test/target/test-dir/MiniOzoneClusterImpl-4d774b9f-68c7-4e3d-9dd4-f167b54dbd62/omNode-1/ratis/c9bc4cf4-3bc3-3c60-a66b-523986131536
2023-06-27 17:02:19,491 [omNode-1-impl-thread1] INFO  server.RaftServerConfigKeys (ConfUtils.java:logGet(46)) - raft.server.log.queue.byte-limit = 64MB (=67108864) (default)
2023-06-27 17:02:19,491 [omNode-1-impl-thread1] INFO  server.RaftServerConfigKeys (ConfUtils.java:logGet(46)) - raft.server.log.queue.element-limit = 4096 (default)
2023-06-27 17:02:19,491 [omNode-1-impl-thread1] INFO  server.RaftServerConfigKeys (ConfUtils.java:logGet(46)) - raft.server.log.segment.size.max = 4194304 (custom)
2023-06-27 17:02:19,491 [omNode-1-impl-thread1] INFO  server.RaftServerConfigKeys (ConfUtils.java:logGet(46)) - raft.server.log.preallocated.size = 4194304 (custom)
2023-06-27 17:02:19,491 [omNode-1-impl-thread1] INFO  server.RaftServerConfigKeys (ConfUtils.java:logGet(46)) - raft.server.log.force.sync.num = 128 (default)
2023-06-27 17:02:19,491 [omNode-1-impl-thread1] INFO  server.RaftServerConfigKeys (ConfUtils.java:logGet(46)) - raft.server.log.statemachine.data.sync = true (default)
2023-06-27 17:02:19,491 [omNode-1-impl-thread1] INFO  server.RaftServerConfigKeys (ConfUtils.java:logGet(46)) - raft.server.log.statemachine.data.sync.timeout = 10s (default)
2023-06-27 17:02:19,492 [omNode-1-impl-thread1] INFO  server.RaftServerConfigKeys (ConfUtils.java:logGet(46)) - raft.server.log.statemachine.data.sync.timeout.retry = -1 (default)
2023-06-27 17:02:19,492 [omNode-1-impl-thread1] INFO  server.RaftServerConfigKeys (ConfUtils.java:logGet(46)) - raft.server.log.write.buffer.size = 64KB (=65536) (default)
2023-06-27 17:02:19,492 [omNode-1-impl-thread1] INFO  server.RaftServerConfigKeys (ConfUtils.java:logGet(46)) - raft.server.log.appender.buffer.byte-limit = 33554432 (custom)
2023-06-27 17:02:19,497 [omNode-1-impl-thread1] INFO  server.RaftServerConfigKeys (ConfUtils.java:logGet(46)) - raft.server.log.unsafe-flush.enabled = false (default)
2023-06-27 17:02:19,497 [omNode-1-impl-thread1] INFO  server.RaftServerConfigKeys (ConfUtils.java:logGet(46)) - raft.server.log.async-flush.enabled = false (default)
2023-06-27 17:02:19,497 [omNode-1-impl-thread1] INFO  server.RaftServerConfigKeys (ConfUtils.java:logGet(46)) - raft.server.log.statemachine.data.caching.enabled = false (default)
2023-06-27 17:02:19,498 [omNode-1-impl-thread1] INFO  server.RaftServer$Division (ServerState.java:setRaftConf(434)) - omNode-1@group-523986131536: set configuration 0: peers:[omNode-3|rpc:localhost:15015|admin:|client:|dataStream:|priority:0|startupRole:FOLLOWER, omNode-1|rpc:localhost:15007|admin:|client:|dataStream:|priority:0|startupRole:FOLLOWER, omNode-2|rpc:localhost:15011|admin:|client:|dataStream:|priority:0|startupRole:FOLLOWER]|listeners:[], old=null
2023-06-27 17:02:19,498 [omNode-1-impl-thread1] INFO  segmented.LogSegment (LogSegment.java:loadSegment(170)) - Successfully read 1 entries from segment file /home/runner/work/ozone/ozone/hadoop-ozone/integration-test/target/test-dir/MiniOzoneClusterImpl-4d774b9f-68c7-4e3d-9dd4-f167b54dbd62/omNode-1/ratis/c9bc4cf4-3bc3-3c60-a66b-523986131536/current/log_0-0
2023-06-27 17:02:19,499 [omNode-1-impl-thread1] INFO  server.RaftServer$Division (ServerState.java:setRaftConf(434)) - omNode-1@group-523986131536: set configuration 1: peers:[omNode-3|rpc:localhost:15015|admin:|client:|dataStream:|priority:0|startupRole:FOLLOWER, omNode-1|rpc:localhost:15007|admin:|client:|dataStream:|priority:0|startupRole:FOLLOWER, omNode-2|rpc:localhost:15011|admin:|client:|dataStream:|priority:0|startupRole:FOLLOWER]|listeners:[], old=null
2023-06-27 17:02:19,499 [omNode-1-impl-thread1] INFO  segmented.LogSegment (LogSegment.java:loadSegment(170)) - Successfully read 2 entries from segment file /home/runner/work/ozone/ozone/hadoop-ozone/integration-test/target/test-dir/MiniOzoneClusterImpl-4d774b9f-68c7-4e3d-9dd4-f167b54dbd62/omNode-1/ratis/c9bc4cf4-3bc3-3c60-a66b-523986131536/current/log_1-2
2023-06-27 17:02:19,499 [omNode-1-impl-thread1] INFO  server.RaftServer$Division (ServerState.java:setRaftConf(434)) - omNode-1@group-523986131536: set configuration 3: peers:[omNode-3|rpc:localhost:15015|admin:|client:|dataStream:|priority:0|startupRole:FOLLOWER, omNode-1|rpc:localhost:15007|admin:|client:|dataStream:|priority:0|startupRole:FOLLOWER, omNode-2|rpc:localhost:15011|admin:|client:|dataStream:|priority:0|startupRole:FOLLOWER]|listeners:[], old=null
2023-06-27 17:02:19,499 [omNode-1-impl-thread1] INFO  segmented.LogSegment (LogSegment.java:loadSegment(170)) - Successfully read 2 entries from segment file /home/runner/work/ozone/ozone/hadoop-ozone/integration-test/target/test-dir/MiniOzoneClusterImpl-4d774b9f-68c7-4e3d-9dd4-f167b54dbd62/omNode-1/ratis/c9bc4cf4-3bc3-3c60-a66b-523986131536/current/log_inprogress_3
2023-06-27 17:02:19,500 [omNode-1-impl-thread1] INFO  segmented.SegmentedRaftLogWorker (SegmentedRaftLogWorker.java:lambda$new$0(135)) - omNode-1@group-523986131536-SegmentedRaftLogWorker: flushIndex: setUnconditionally 0 -> 4
2023-06-27 17:02:19,500 [omNode-1-impl-thread1] INFO  segmented.SegmentedRaftLogWorker (SegmentedRaftLogWorker.java:lambda$new$0(135)) - omNode-1@group-523986131536-SegmentedRaftLogWorker: safeCacheEvictIndex: setUnconditionally 0 -> 2
2023-06-27 17:02:19,500 [omNode-1-impl-thread1] INFO  server.RaftServer$Division (RaftServerImpl.java:start(342)) - omNode-1@group-523986131536: start as a follower, conf=3: peers:[omNode-3|rpc:localhost:15015|admin:|client:|dataStream:|priority:0|startupRole:FOLLOWER, omNode-1|rpc:localhost:15007|admin:|client:|dataStream:|priority:0|startupRole:FOLLOWER, omNode-2|rpc:localhost:15011|admin:|client:|dataStream:|priority:0|startupRole:FOLLOWER]|listeners:[], old=null
2023-06-27 17:02:19,500 [omNode-1-impl-thread1] INFO  server.RaftServer$Division (RaftServerImpl.java:setRole(329)) - omNode-1@group-523986131536: changes role from      null to FOLLOWER at term 3 for startAsFollower
2023-06-27 17:02:19,500 [omNode-1-impl-thread1] INFO  impl.RoleInfo (RoleInfo.java:updateAndGet(139)) - omNode-1: start omNode-1@group-523986131536-FollowerState
2023-06-27 17:02:19,500 [omNode-1-impl-thread1] INFO  util.JmxRegister (JmxRegister.java:tryRegister(44)) - Successfully registered JMX Bean with object name Ratis:service=RaftServer,group=group-523986131536,id=omNode-1
2023-06-27 17:02:19,500 [omNode-1-impl-thread1] INFO  server.RaftServerConfigKeys (ConfUtils.java:logGet(46)) - raft.server.snapshot.auto.trigger.enabled = true (custom)
2023-06-27 17:02:19,500 [omNode-1-impl-thread1] INFO  server.RaftServerConfigKeys (ConfUtils.java:logGet(46)) - raft.server.snapshot.auto.trigger.threshold = 50 (custom)
2023-06-27 17:02:19,500 [omNode-1-impl-thread1] INFO  server.RaftServerConfigKeys (ConfUtils.java:logGet(46)) - raft.server.snapshot.retention.file.num = -1 (default)
2023-06-27 17:02:19,501 [omNode-1-impl-thread1] INFO  server.RaftServerConfigKeys (ConfUtils.java:logGet(46)) - raft.server.log.purge.upto.snapshot.index = true (custom)
2023-06-27 17:02:19,501 [omNode-1@group-523986131536-FollowerState] INFO  server.RaftServerConfigKeys (ConfUtils.java:logFallback(53)) - raft.server.rpc.first-election.timeout.min = 1s (fallback to raft.server.rpc.timeout.min)
2023-06-27 17:02:19,501 [omNode-1@group-523986131536-FollowerState] INFO  server.RaftServerConfigKeys (ConfUtils.java:logFallback(53)) - raft.server.rpc.first-election.timeout.max = 1200ms (fallback to raft.server.rpc.timeout.max)
2023-06-27 17:02:19,501 [main] INFO  server.RaftServer (RaftServerProxy.java:startImpl(400)) - omNode-1: start RPC server
2023-06-27 17:02:19,505 [main] INFO  server.GrpcService (GrpcService.java:startImpl(302)) - omNode-1: GrpcService started, listening on 15007
2023-06-27 17:02:19,507 [main] INFO  om.OzoneManager (OzoneManager.java:getRpcServer(1176)) - Creating RPC Server
2023-06-27 17:02:19,507 [JvmPauseMonitor9] INFO  util.JvmPauseMonitor (JvmPauseMonitor.java:run(103)) - JvmPauseMonitor-omNode-1: Started
2023-06-27 17:02:19,645 [grpc-default-executor-2] WARN  server.GrpcLogAppender (LogUtils.java:warn(122)) - omNode-2@group-523986131536->omNode-1-AppendLogResponseHandler: Failed appendEntries: org.apache.ratis.thirdparty.io.grpc.StatusRuntimeException: UNAVAILABLE: io exception
2023-06-27 17:02:19,646 [grpc-default-executor-2] INFO  leader.FollowerInfo (FollowerInfoImpl.java:lambda$new$0(52)) - omNode-2@group-523986131536->omNode-1: decreaseNextIndex nextIndex: updateUnconditionally 3 -> 2
2023-06-27 17:02:19,646 [grpc-default-executor-0] WARN  server.GrpcLogAppender (LogUtils.java:warn(122)) - omNode-2@group-523986131536->omNode-1-AppendLogResponseHandler: Failed appendEntries: org.apache.ratis.thirdparty.io.grpc.StatusRuntimeException: UNAVAILABLE: io exception
2023-06-27 17:02:19,646 [grpc-default-executor-0] INFO  leader.FollowerInfo (FollowerInfoImpl.java:lambda$new$0(52)) - omNode-2@group-523986131536->omNode-1: decreaseNextIndex nextIndex: updateUnconditionally 2 -> 1
2023-06-27 17:02:19,662 [omNode-1-server-thread1] INFO  server.RaftServer$Division (ServerState.java:setLeader(317)) - omNode-1@group-523986131536: change Leader from null to omNode-2 at term 3 for appendEntries, leader elected after 175ms
2023-06-27 17:02:19,662 [omNode-1-server-thread1] INFO  server.RaftServer$Division (RaftServerImpl.java:checkInconsistentAppendEntries(1603)) - omNode-1@group-523986131536: Failed appendEntries as the first entry (index 1) already exists (snapshotIndex: 3, commitIndex: 3)
2023-06-27 17:02:19,662 [omNode-1-server-thread1] INFO  server.RaftServer$Division (RaftServerImpl.java:checkInconsistentAppendEntries(1583)) - omNode-1@group-523986131536: inconsistency entries. Reply:omNode-2<-omNode-1#18:FAIL-t3,INCONSISTENCY,nextIndex=4,followerCommit=3,matchIndex=-1
2023-06-27 17:02:19,664 [grpc-default-executor-4] WARN  server.GrpcLogAppender (GrpcLogAppender.java:onNextImpl(401)) - omNode-2@group-523986131536->omNode-1-AppendLogResponseHandler: received INCONSISTENCY reply with nextIndex 4
2023-06-27 17:02:19,664 [grpc-default-executor-4] INFO  leader.FollowerInfo (FollowerInfoImpl.java:lambda$new$0(52)) - omNode-2@group-523986131536->omNode-1: setNextIndex nextIndex: updateUnconditionally 5 -> 4
2023-06-27 17:02:19,842 [main] INFO  reflections.Reflections (Reflections.java:scan(232)) - Reflections took 334 ms to scan 19 urls, producing 69 keys and 5454 values [using 2 cores]
2023-06-27 17:02:19,843 [main] INFO  ipc.CallQueueManager (CallQueueManager.java:<init>(90)) - Using callQueue: class java.util.concurrent.LinkedBlockingQueue, queueCapacity: 2000, scheduler: class org.apache.hadoop.ipc.DefaultRpcScheduler, ipcBackoff: false.
2023-06-27 17:02:19,844 [main] INFO  ipc.Server (Server.java:<init>(1287)) - Listener at localhost:15004
2023-06-27 17:02:19,844 [Socket Reader #1 for port 15004] INFO  ipc.Server (Server.java:run(1323)) - Starting Socket Reader #1 for port 15004
2023-06-27 17:02:19,848 [main] INFO  http.BaseHttpServer (BaseHttpServer.java:newHttpServer2BuilderForOzone(224)) - Starting Web-server for ozoneManager at: http://0.0.0.0:15005
2023-06-27 17:02:19,848 [main] INFO  http.BaseHttpServer (BaseHttpServer.java:<init>(111)) - Hadoop Security Enabled: false Ozone Security Enabled: false Ozone HTTP Security Enabled: false 
2023-06-27 17:02:19,849 [main] WARN  server.AuthenticationFilter (AuthenticationFilter.java:constructSecretProvider(240)) - Unable to initialize FileSignerSecretProvider, falling back to use random secrets. Reason: Could not read signature secret file: /home/runner/hadoop-http-auth-signature-secret
2023-06-27 17:02:19,850 [main] INFO  http.HttpRequestLog (HttpRequestLog.java:getRequestLog(86)) - Http request log for http.requests.ozoneManager is not defined
2023-06-27 17:02:19,852 [main] INFO  http.HttpServer2 (HttpServer2.java:addGlobalFilter(1031)) - Added global filter 'safety' (class=org.apache.hadoop.hdds.server.http.HttpServer2$QuotingInputFilter)
2023-06-27 17:02:19,852 [main] INFO  http.HttpServer2 (HttpServer2.java:addFilter(1007)) - Added filter static_user_filter (class=org.apache.hadoop.http.lib.StaticUserWebFilter$StaticUserFilter) to context ozoneManager
2023-06-27 17:02:19,853 [main] INFO  http.HttpServer2 (HttpServer2.java:addFilter(1015)) - Added filter static_user_filter (class=org.apache.hadoop.http.lib.StaticUserWebFilter$StaticUserFilter) to context logs
2023-06-27 17:02:19,853 [main] INFO  http.HttpServer2 (HttpServer2.java:addFilter(1015)) - Added filter static_user_filter (class=org.apache.hadoop.http.lib.StaticUserWebFilter$StaticUserFilter) to context static
2023-06-27 17:02:19,853 [main] INFO  http.BaseHttpServer (BaseHttpServer.java:<init>(190)) - HTTP server of ozoneManager uses base directory /home/runner/work/ozone/ozone/hadoop-ozone/integration-test/target/test-dir/MiniOzoneClusterImpl-4d774b9f-68c7-4e3d-9dd4-f167b54dbd62/omNode-1/webserver
2023-06-27 17:02:19,854 [main] INFO  http.HttpServer2 (HttpServer2.java:bindListener(1250)) - Jetty bound to port 15005
2023-06-27 17:02:19,854 [main] INFO  server.Server (Server.java:doStart(375)) - jetty-9.4.51.v20230217; built: 2023-02-17T08:19:37.309Z; git: b45c405e4544384de066f814ed42ae3dceacdd49; jvm 1.8.0_372-b07
2023-06-27 17:02:19,857 [main] INFO  server.session (DefaultSessionIdManager.java:doStart(334)) - DefaultSessionIdManager workerName=node0
2023-06-27 17:02:19,858 [main] INFO  server.session (DefaultSessionIdManager.java:doStart(339)) - No SessionScavenger set, using defaults
2023-06-27 17:02:19,858 [main] INFO  server.session (HouseKeeper.java:startScavenging(132)) - node0 Scavenging every 660000ms
2023-06-27 17:02:19,859 [main] INFO  handler.ContextHandler (ContextHandler.java:doStart(921)) - Started o.e.j.s.ServletContextHandler@2fea6abb{logs,/logs,file:///home/runner/work/ozone/ozone/hadoop-ozone/integration-test/target/log,AVAILABLE}
2023-06-27 17:02:19,859 [main] INFO  handler.ContextHandler (ContextHandler.java:doStart(921)) - Started o.e.j.s.ServletContextHandler@34694c61{static,/static,file:///home/runner/work/ozone/ozone/hadoop-ozone/integration-test/target/test-classes/webapps/static,AVAILABLE}
2023-06-27 17:02:19,863 [main] INFO  handler.ContextHandler (ContextHandler.java:doStart(921)) - Started o.e.j.w.WebAppContext@56b37ee9{ozoneManager,/,file:///home/runner/work/ozone/ozone/hadoop-ozone/integration-test/target/test-classes/webapps/ozoneManager/,AVAILABLE}{file:/home/runner/work/ozone/ozone/hadoop-ozone/integration-test/target/test-classes/webapps/ozoneManager}
2023-06-27 17:02:19,864 [main] INFO  server.AbstractConnector (AbstractConnector.java:doStart(333)) - Started ServerConnector@7921a40c{HTTP/1.1, (http/1.1)}{0.0.0.0:15005}
2023-06-27 17:02:19,865 [main] INFO  server.Server (Server.java:doStart(415)) - Started @30593ms
2023-06-27 17:02:19,865 [main] WARN  impl.MetricsSystemImpl (MetricsSystemImpl.java:register(279)) - Sink prometheus already exists!
2023-06-27 17:02:19,865 [main] INFO  http.BaseHttpServer (BaseHttpServer.java:updateConnectorAddress(344)) - HTTP server of ozoneManager listening at http://0.0.0.0:15005
2023-06-27 17:02:19,866 [IPC Server Responder] INFO  ipc.Server (Server.java:run(1562)) - IPC Server Responder: starting
2023-06-27 17:02:19,867 [IPC Server listener on 15004] INFO  ipc.Server (Server.java:run(1402)) - IPC Server listener on 15004: starting
2023-06-27 17:02:19,872 [main] INFO  om.OzoneManager (OzoneManager.java:startTrashEmptier(2081)) - Trash Interval set to 0. Files deleted won't move to trash
2023-06-27 17:02:19,872 [main] INFO  om.OzoneManager (OzoneManager.java:stop(2187)) - omNode-2[localhost:15008]: Stopping Ozone Manager
2023-06-27 17:02:19,872 [main] INFO  ipc.Server (Server.java:stop(3523)) - Stopping server on 15008
2023-06-27 17:02:19,881 [IPC Server Responder] INFO  ipc.Server (Server.java:run(1567)) - Stopping IPC Server Responder
2023-06-27 17:02:19,881 [main] INFO  server.RaftServer (RaftServerProxy.java:lambda$close$6(416)) - omNode-2: close
2023-06-27 17:02:19,881 [main] INFO  server.GrpcService (GrpcService.java:closeImpl(311)) - omNode-2: shutdown server GrpcServerProtocolService now
2023-06-27 17:02:19,881 [omNode-2-impl-thread1] INFO  server.RaftServer$Division (RaftServerImpl.java:lambda$close$4(466)) - omNode-2@group-523986131536: shutdown
2023-06-27 17:02:19,881 [omNode-2-impl-thread1] INFO  util.JmxRegister (JmxRegister.java:unregister(73)) - Successfully un-registered JMX Bean with object name Ratis:service=RaftServer,group=group-523986131536,id=omNode-2
2023-06-27 17:02:19,881 [omNode-2-impl-thread1] INFO  impl.RoleInfo (RoleInfo.java:shutdownLeaderState(93)) - omNode-2: shutdown omNode-2@group-523986131536-LeaderStateImpl
2023-06-27 17:02:19,882 [omNode-2-impl-thread1] INFO  impl.PendingRequests (PendingRequests.java:sendNotLeaderResponses(289)) - omNode-2@group-523986131536-PendingRequests: sendNotLeaderResponses
2023-06-27 17:02:19,882 [omNode-2@group-523986131536->omNode-1-GrpcLogAppender-LogAppenderDaemon] WARN  server.GrpcLogAppender (GrpcLogAppender.java:mayWait(199)) - omNode-2@group-523986131536->omNode-1-GrpcLogAppender: Wait interrupted by java.lang.InterruptedException
2023-06-27 17:02:19,881 [IPC Server listener on 15008] INFO  ipc.Server (Server.java:run(1434)) - Stopping IPC Server listener on 15008
2023-06-27 17:02:19,882 [grpc-default-executor-1] INFO  server.GrpcServerProtocolService (GrpcServerProtocolService.java:onCompleted(155)) - omNode-1: Completed APPEND_ENTRIES, lastRequest: null
2023-06-27 17:02:19,882 [grpc-default-executor-1] INFO  server.GrpcServerProtocolService (GrpcServerProtocolService.java:lambda$onCompleted$5(157)) - omNode-1: Completed APPEND_ENTRIES, lastReply: null
2023-06-27 17:02:19,883 [grpc-default-executor-1] INFO  server.GrpcServerProtocolService (GrpcServerProtocolService.java:onCompleted(155)) - omNode-1: Completed APPEND_ENTRIES, lastRequest: omNode-2->omNode-1#19-t3,previous=(t:3, i:3),leaderCommit=4,initializing? true,entries: size=1, first=(t:3, i:4), METADATAENTRY(c:3)
2023-06-27 17:02:19,883 [grpc-default-executor-1] INFO  server.GrpcServerProtocolService (GrpcServerProtocolService.java:lambda$onCompleted$5(157)) - omNode-1: Completed APPEND_ENTRIES, lastReply: null
2023-06-27 17:02:19,884 [grpc-default-executor-4] INFO  server.GrpcLogAppender (GrpcLogAppender.java:onCompleted(428)) - omNode-2@group-523986131536->omNode-1-AppendLogResponseHandler: follower responses appendEntries COMPLETED
2023-06-27 17:02:19,884 [grpc-default-executor-4] INFO  leader.FollowerInfo (FollowerInfoImpl.java:lambda$new$0(52)) - omNode-2@group-523986131536->omNode-1: decreaseNextIndex nextIndex: updateUnconditionally 5 -> 4
2023-06-27 17:02:19,884 [grpc-default-executor-1] INFO  server.GrpcServerProtocolService (GrpcServerProtocolService.java:onCompleted(155)) - omNode-3: Completed APPEND_ENTRIES, lastRequest: omNode-2->omNode-3#2-t3,previous=(t:3, i:3),leaderCommit=3,initializing? true,entries: size=1, first=(t:3, i:4), METADATAENTRY(c:3)
2023-06-27 17:02:19,884 [grpc-default-executor-1] INFO  server.GrpcServerProtocolService (GrpcServerProtocolService.java:lambda$onCompleted$5(157)) - omNode-3: Completed APPEND_ENTRIES, lastReply: null
2023-06-27 17:02:19,885 [grpc-default-executor-2] INFO  server.GrpcLogAppender (GrpcLogAppender.java:onCompleted(428)) - omNode-2@group-523986131536->omNode-1-AppendLogResponseHandler: follower responses appendEntries COMPLETED
2023-06-27 17:02:19,885 [grpc-default-executor-2] INFO  leader.FollowerInfo (FollowerInfoImpl.java:lambda$new$0(52)) - omNode-2@group-523986131536->omNode-1: decreaseNextIndex nextIndex: updateUnconditionally 4 -> 3
2023-06-27 17:02:19,885 [grpc-default-executor-1] INFO  server.GrpcServerProtocolService (GrpcServerProtocolService.java:onCompleted(155)) - omNode-3: Completed APPEND_ENTRIES, lastRequest: null
2023-06-27 17:02:19,885 [grpc-default-executor-1] INFO  server.GrpcServerProtocolService (GrpcServerProtocolService.java:lambda$onCompleted$5(157)) - omNode-3: Completed APPEND_ENTRIES, lastReply: serverReply {
  requestorId: "omNode-2"
  replyId: "omNode-3"
  raftGroupId {
    id: "\311\274L\364;\303<`\246kR9\206\023\0256"
  }
  callId: 10
  success: true
}
term: 3
nextIndex: 5
followerCommit: 4
matchIndex: 18446744073709551615
isHearbeat: true

2023-06-27 17:02:19,885 [grpc-default-executor-2] INFO  server.GrpcLogAppender (GrpcLogAppender.java:onCompleted(428)) - omNode-2@group-523986131536->omNode-3-AppendLogResponseHandler: follower responses appendEntries COMPLETED
2023-06-27 17:02:19,885 [grpc-default-executor-2] INFO  leader.FollowerInfo (FollowerInfoImpl.java:lambda$new$0(52)) - omNode-2@group-523986131536->omNode-3: decreaseNextIndex nextIndex: updateUnconditionally 5 -> 4
2023-06-27 17:02:19,886 [grpc-default-executor-2] INFO  server.GrpcLogAppender (GrpcLogAppender.java:onCompleted(428)) - omNode-2@group-523986131536->omNode-3-AppendLogResponseHandler: follower responses appendEntries COMPLETED
2023-06-27 17:02:19,886 [grpc-default-executor-2] INFO  leader.FollowerInfo (FollowerInfoImpl.java:lambda$new$0(52)) - omNode-2@group-523986131536->omNode-3: decreaseNextIndex nextIndex: updateUnconditionally 4 -> 3
2023-06-27 17:02:19,888 [omNode-2-impl-thread1] INFO  impl.StateMachineUpdater (StateMachineUpdater.java:stopAndJoin(155)) - omNode-2@group-523986131536-StateMachineUpdater: set stopIndex = 4
2023-06-27 17:02:19,888 [omNode-2@group-523986131536-StateMachineUpdater] INFO  ratis.OzoneManagerStateMachine (OzoneManagerStateMachine.java:takeSnapshot(479)) - Current Snapshot Index (t:3, i:4)
2023-06-27 17:02:19,889 [Thread-684] INFO  server.GrpcServerProtocolClient (GrpcServerProtocolClient.java:close(103)) - omNode-3 Close channels
2023-06-27 17:02:19,889 [Thread-685] INFO  server.GrpcServerProtocolClient (GrpcServerProtocolClient.java:close(103)) - omNode-1 Close channels
2023-06-27 17:02:19,895 [main] INFO  server.GrpcService (GrpcService.java:closeImpl(320)) - omNode-2: shutdown server GrpcServerProtocolService successfully
2023-06-27 17:02:19,900 [omNode-2@group-523986131536-StateMachineUpdater] INFO  impl.StateMachineUpdater (StateMachineUpdater.java:takeSnapshot(291)) - omNode-2@group-523986131536-StateMachineUpdater: Took a snapshot at index 4
2023-06-27 17:02:19,900 [omNode-2@group-523986131536-StateMachineUpdater] INFO  impl.StateMachineUpdater (StateMachineUpdater.java:lambda$new$0(97)) - omNode-2@group-523986131536-StateMachineUpdater: snapshotIndex: updateIncreasingly -1 -> 4
2023-06-27 17:02:19,900 [omNode-2@group-523986131536-StateMachineUpdater] INFO  ratis.OzoneManagerStateMachine (OzoneManagerStateMachine.java:close(533)) - StateMachine has shutdown. Shutdown OzoneManager if not already shutdown.
2023-06-27 17:02:19,900 [omNode-2@group-523986131536-StateMachineUpdater] INFO  ratis.OzoneManagerDoubleBuffer (OzoneManagerDoubleBuffer.java:stopDaemon(551)) - Stopping OMDoubleBuffer flush thread
2023-06-27 17:02:19,900 [OMDoubleBufferFlushThread] INFO  ratis.OzoneManagerDoubleBuffer (OzoneManagerDoubleBuffer.java:canFlush(638)) - OMDoubleBuffer flush thread OMDoubleBufferFlushThread is interrupted and will exit.
2023-06-27 17:02:19,901 [omNode-2-impl-thread1] INFO  server.RaftServer$Division (ServerState.java:close(472)) - omNode-2@group-523986131536: closes. applyIndex: 4
2023-06-27 17:02:20,371 [omNode-2-impl-thread1] INFO  segmented.SegmentedRaftLogWorker (SegmentedRaftLogWorker.java:close(252)) - omNode-2@group-523986131536-SegmentedRaftLogWorker close()
2023-06-27 17:02:20,372 [JvmPauseMonitor2] INFO  util.JvmPauseMonitor (JvmPauseMonitor.java:run(109)) - JvmPauseMonitor-omNode-2: Stopped
2023-06-27 17:02:20,372 [main] INFO  ratis.OzoneManagerStateMachine (OzoneManagerStateMachine.java:close(533)) - StateMachine has shutdown. Shutdown OzoneManager if not already shutdown.
2023-06-27 17:02:20,373 [main] INFO  ratis.OzoneManagerDoubleBuffer (OzoneManagerDoubleBuffer.java:stopDaemon(560)) - OMDoubleBuffer flush thread is not running.
2023-06-27 17:02:20,374 [main] INFO  utils.BackgroundService (BackgroundService.java:shutdown(141)) - Shutting down service KeyDeletingService
2023-06-27 17:02:20,374 [main] INFO  utils.BackgroundService (BackgroundService.java:shutdown(141)) - Shutting down service KeyDeletingService
2023-06-27 17:02:20,374 [main] INFO  utils.BackgroundService (BackgroundService.java:shutdown(141)) - Shutting down service OpenKeyCleanupService
2023-06-27 17:02:20,375 [main] INFO  utils.BackgroundService (BackgroundService.java:shutdown(141)) - Shutting down service SstFilteringService
2023-06-27 17:02:20,375 [main] INFO  utils.BackgroundService (BackgroundService.java:shutdown(141)) - Shutting down service SnapshotDeletingService
2023-06-27 17:02:20,376 [main] INFO  handler.ContextHandler (ContextHandler.java:doStop(1159)) - Stopped o.e.j.w.WebAppContext@472f2a80{ozoneManager,/,null,STOPPED}{file:/home/runner/work/ozone/ozone/hadoop-ozone/integration-test/target/test-classes/webapps/ozoneManager}
2023-06-27 17:02:20,380 [main] INFO  server.AbstractConnector (AbstractConnector.java:doStop(383)) - Stopped ServerConnector@2d5edbad{HTTP/1.1, (http/1.1)}{0.0.0.0:15009}
2023-06-27 17:02:20,380 [main] INFO  server.session (HouseKeeper.java:stopScavenging(149)) - node0 Stopped scavenging
2023-06-27 17:02:20,381 [main] INFO  handler.ContextHandler (ContextHandler.java:doStop(1159)) - Stopped o.e.j.s.ServletContextHandler@437b23c4{static,/static,file:///home/runner/work/ozone/ozone/hadoop-ozone/integration-test/target/test-classes/webapps/static,STOPPED}
2023-06-27 17:02:20,381 [main] INFO  handler.ContextHandler (ContextHandler.java:doStop(1159)) - Stopped o.e.j.s.ServletContextHandler@bbb5f74{logs,/logs,file:///home/runner/work/ozone/ozone/hadoop-ozone/integration-test/target/log,STOPPED}
2023-06-27 17:02:20,384 [main] INFO  snapshot.SnapshotDiffManager (SnapshotDiffManager.java:closeExecutorService(1630)) - Shutting down executorService: 'SnapDiffExecutor'
2023-06-27 17:02:20,384 [main] INFO  snapshot.SnapshotDiffManager (SnapshotDiffManager.java:closeExecutorService(1630)) - Shutting down executorService: 'SstDumpToolExecutor'
2023-06-27 17:02:20,384 [main] INFO  utils.BackgroundService (BackgroundService.java:shutdown(141)) - Shutting down service SnapshotDiffCleanupService
2023-06-27 17:02:20,385 [main] INFO  om.OzoneManager (OzoneManager.java:restart(1695)) - OzoneManager RPC server is listening at localhost/127.0.0.1:15008
2023-06-27 17:02:20,385 [main] INFO  impl.MetricsSystemImpl (MetricsSystemImpl.java:init(158)) - OzoneManager metrics system started (again)
2023-06-27 17:02:20,402 [main] WARN  server.ServerUtils (ServerUtils.java:getDBPath(311)) - ozone.om.db.dirs is not configured. We recommend adding this setting. Falling back to ozone.metadata.dirs instead.
2023-06-27 17:02:20,402 [main] INFO  helpers.OmKeyInfo (OmKeyInfo.java:getCodec(71)) - OmKeyInfo.getCodec ignorePipeline = true
2023-06-27 17:02:20,443 [main] INFO  om.OzoneManager (OzoneManager.java:instantiateServices(783)) - S3 Multi-Tenancy is disabled
2023-06-27 17:02:20,444 [main] INFO  om.OmSnapshotManager (OmSnapshotManager.java:<init>(179)) - Ozone filesystem snapshot feature is enabled.
2023-06-27 17:02:20,444 [main] WARN  server.ServerUtils (ServerUtils.java:getDBPath(311)) - ozone.om.snapshot.diff.db.dir is not configured. We recommend adding this setting. Falling back to ozone.metadata.dirs instead.
2023-06-27 17:02:20,455 [main] INFO  snapshot.SnapshotDiffManager (SnapshotDiffManager.java:closeExecutorService(1630)) - Shutting down executorService: 'SstDumpToolExecutor'
2023-06-27 17:02:20,458 [main] WARN  server.ServerUtils (ServerUtils.java:getDefaultRatisDirectory(323)) - Storage directory for Ratis is not configured. It is a good idea to map this to an SSD disk. Falling back to ozone.metadata.dirs
2023-06-27 17:02:20,460 [main] INFO  ratis.OzoneManagerRatisServer (OzoneManagerRatisServer.java:<init>(163)) - Instantiating OM Ratis server with groupID: om-service-test1 and peers: localhost:15011, localhost:15015, localhost:15007
2023-06-27 17:02:20,460 [main] INFO  ratis.OzoneManagerStateMachine (OzoneManagerStateMachine.java:loadSnapshotInfoFromDB(670)) - LastAppliedIndex is set from TransactionInfo from OM DB as (t:3, i:4)
2023-06-27 17:02:20,461 [main] INFO  server.RaftServer (ConfUtils.java:logGet(46)) - raft.rpc.type = GRPC (default)
2023-06-27 17:02:20,461 [main] INFO  grpc.GrpcConfigKeys (ConfUtils.java:logFallback(53)) - raft.grpc.admin.host = null (fallback to raft.grpc.server.host)
2023-06-27 17:02:20,461 [main] INFO  grpc.GrpcConfigKeys (ConfUtils.java:logFallback(53)) - raft.grpc.admin.port = 15011 (fallback to raft.grpc.server.port)
2023-06-27 17:02:20,461 [main] INFO  grpc.GrpcConfigKeys (ConfUtils.java:logFallback(53)) - raft.grpc.client.host = null (fallback to raft.grpc.server.host)
2023-06-27 17:02:20,461 [main] INFO  grpc.GrpcConfigKeys (ConfUtils.java:logFallback(53)) - raft.grpc.client.port = 15011 (fallback to raft.grpc.server.port)
2023-06-27 17:02:20,461 [main] INFO  grpc.GrpcConfigKeys (ConfUtils.java:logGet(46)) - raft.grpc.server.host = null (default)
2023-06-27 17:02:20,462 [main] INFO  grpc.GrpcConfigKeys (ConfUtils.java:logGet(46)) - raft.grpc.server.port = 15011 (custom)
2023-06-27 17:02:20,462 [main] INFO  server.GrpcService (ConfUtils.java:logGet(46)) - raft.grpc.message.size.max = 33554432 (custom)
2023-06-27 17:02:20,462 [main] INFO  server.RaftServerConfigKeys (ConfUtils.java:logGet(46)) - raft.server.log.appender.buffer.byte-limit = 33554432 (custom)
2023-06-27 17:02:20,462 [main] INFO  server.GrpcService (ConfUtils.java:logGet(46)) - raft.grpc.flow.control.window = 1MB (=1048576) (default)
2023-06-27 17:02:20,462 [main] INFO  server.RaftServerConfigKeys (ConfUtils.java:logGet(46)) - raft.server.rpc.request.timeout = 3000ms (default)
2023-06-27 17:02:20,462 [main] INFO  grpc.GrpcConfigKeys (ConfUtils.java:logGet(46)) - raft.grpc.server.heartbeat.channel = true (default)
2023-06-27 17:02:20,462 [main] INFO  grpc.GrpcConfigKeys (ConfUtils.java:logGet(46)) - raft.grpc.server.async.request.thread.pool.cached = true (default)
2023-06-27 17:02:20,463 [main] INFO  grpc.GrpcConfigKeys (ConfUtils.java:logGet(46)) - raft.grpc.server.async.request.thread.pool.size = 32 (default)
2023-06-27 17:02:20,464 [main] INFO  impl.DataStreamServerImpl (ConfUtils.java:logGet(46)) - raft.datastream.type = DISABLED (default)
2023-06-27 17:02:20,464 [main] INFO  server.RaftServerConfigKeys (ConfUtils.java:logGet(46)) - raft.server.threadpool.proxy.cached = true (default)
2023-06-27 17:02:20,464 [main] INFO  server.RaftServerConfigKeys (ConfUtils.java:logGet(46)) - raft.server.threadpool.proxy.size = 0 (default)
2023-06-27 17:02:20,464 [main] INFO  server.RaftServerConfigKeys (ConfUtils.java:logGet(46)) - raft.server.rpc.slowness.timeout = 2s (custom)
2023-06-27 17:02:20,465 [main] INFO  server.RaftServerConfigKeys (ConfUtils.java:logGet(46)) - raft.server.leaderelection.leader.step-down.wait-time = 10s (default)
2023-06-27 17:02:20,465 [main] INFO  server.RaftServerConfigKeys (ConfUtils.java:logGet(46)) - raft.server.storage.dir = [/home/runner/work/ozone/ozone/hadoop-ozone/integration-test/target/test-dir/MiniOzoneClusterImpl-4d774b9f-68c7-4e3d-9dd4-f167b54dbd62/omNode-2/ratis] (custom)
2023-06-27 17:02:20,465 [omNode-2-impl-thread1] INFO  server.RaftServer (RaftServerProxy.java:initGroupDir(258)) - omNode-2: found a subdirectory /home/runner/work/ozone/ozone/hadoop-ozone/integration-test/target/test-dir/MiniOzoneClusterImpl-4d774b9f-68c7-4e3d-9dd4-f167b54dbd62/omNode-2/ratis/c9bc4cf4-3bc3-3c60-a66b-523986131536
2023-06-27 17:02:20,465 [main] INFO  server.RaftServer (RaftServerProxy.java:addNew(98)) - omNode-2: addNew group-523986131536:[omNode-3|rpc:localhost:15015|priority:0|startupRole:FOLLOWER, omNode-1|rpc:localhost:15007|priority:0|startupRole:FOLLOWER, omNode-2|rpc:localhost:15011|priority:0|startupRole:FOLLOWER] returns group-523986131536:java.util.concurrent.CompletableFuture@26aec38f[Not completed]
2023-06-27 17:02:20,466 [omNode-2-groupManagement] INFO  server.RaftServer$Division (RaftServerImpl.java:<init>(198)) - omNode-2: new RaftServerImpl for group-523986131536:[omNode-3|rpc:localhost:15015|priority:0|startupRole:FOLLOWER, omNode-1|rpc:localhost:15007|priority:0|startupRole:FOLLOWER, omNode-2|rpc:localhost:15011|priority:0|startupRole:FOLLOWER] with OzoneManagerStateMachine:uninitialized
2023-06-27 17:02:20,466 [main] INFO  om.OzoneManager (OzoneManager.java:initializeRatisServer(2128)) - OzoneManager Ratis server initialized at port 15011
2023-06-27 17:02:20,466 [main] INFO  ratis.OzoneManagerRatisServer (OzoneManagerRatisServer.java:start(558)) - Starting OzoneManagerRatisServer omNode-2 at port 15011
2023-06-27 17:02:20,466 [omNode-2-groupManagement] INFO  server.RaftServerConfigKeys (ConfUtils.java:logGet(46)) - raft.server.rpc.timeout.min = 1s (custom)
2023-06-27 17:02:20,466 [omNode-2-groupManagement] INFO  server.RaftServerConfigKeys (ConfUtils.java:logGet(46)) - raft.server.rpc.timeout.max = 1200ms (custom)
2023-06-27 17:02:20,466 [omNode-2-groupManagement] INFO  server.RaftServerConfigKeys (ConfUtils.java:logGet(46)) - raft.server.rpc.sleep.time = 25ms (default)
2023-06-27 17:02:20,466 [omNode-2-groupManagement] INFO  server.RaftServerConfigKeys (ConfUtils.java:logGet(46)) - raft.server.rpc.slowness.timeout = 2s (custom)
2023-06-27 17:02:20,466 [omNode-2-groupManagement] INFO  server.RaftServerConfigKeys (ConfUtils.java:logGet(46)) - raft.server.leaderelection.leader.step-down.wait-time = 10s (default)
2023-06-27 17:02:20,466 [omNode-2-groupManagement] INFO  server.RaftServerConfigKeys (ConfUtils.java:logGet(46)) - raft.server.sleep.deviation.threshold = 300ms (default)
2023-06-27 17:02:20,466 [omNode-2-groupManagement] INFO  server.RaftServer$Division (ServerState.java:<init>(120)) - omNode-2@group-523986131536: ConfigurationManager, init=-1: peers:[omNode-3|rpc:localhost:15015|priority:0|startupRole:FOLLOWER, omNode-1|rpc:localhost:15007|priority:0|startupRole:FOLLOWER, omNode-2|rpc:localhost:15011|priority:0|startupRole:FOLLOWER]|listeners:[], old=null, confs=<EMPTY_MAP>
2023-06-27 17:02:20,466 [omNode-2-groupManagement] INFO  server.RaftServerConfigKeys (ConfUtils.java:logGet(46)) - raft.server.storage.dir = [/home/runner/work/ozone/ozone/hadoop-ozone/integration-test/target/test-dir/MiniOzoneClusterImpl-4d774b9f-68c7-4e3d-9dd4-f167b54dbd62/omNode-2/ratis] (custom)
2023-06-27 17:02:20,466 [omNode-2-groupManagement] INFO  server.RaftServerConfigKeys (ConfUtils.java:logGet(46)) - raft.server.log.corruption.policy = EXCEPTION (default)
2023-06-27 17:02:20,467 [omNode-2-groupManagement] INFO  server.RaftServerConfigKeys (ConfUtils.java:logGet(46)) - raft.server.storage.free-space.min = 0MB (=0) (default)
2023-06-27 17:02:20,467 [omNode-2-groupManagement] INFO  server.RaftServerConfigKeys (ConfUtils.java:logGet(46)) - raft.server.notification.no-leader.timeout = 2s (custom)
2023-06-27 17:02:20,467 [omNode-2-groupManagement] INFO  server.RaftServerConfigKeys (ConfUtils.java:logGet(46)) - raft.server.read.timeout = 10s (default)
2023-06-27 17:02:20,467 [omNode-2-groupManagement] INFO  server.RaftServerConfigKeys (ConfUtils.java:logGet(46)) - raft.server.retrycache.expirytime = 30000ms (custom)
2023-06-27 17:02:20,467 [omNode-2-groupManagement] INFO  server.RaftServerConfigKeys (ConfUtils.java:logGet(46)) - raft.server.retrycache.statistics.expirytime = 100μs (default)
2023-06-27 17:02:20,467 [omNode-2-groupManagement] INFO  server.RaftServerConfigKeys (ConfUtils.java:logGet(46)) - raft.server.read.option = DEFAULT (default)
2023-06-27 17:02:20,468 [omNode-2-groupManagement] INFO  server.RaftServerConfigKeys (ConfUtils.java:logGet(46)) - raft.server.rpc.request.timeout = 3000ms (default)
2023-06-27 17:02:20,468 [omNode-2-groupManagement] INFO  server.RaftServerConfigKeys (ConfUtils.java:logGet(46)) - raft.server.log.appender.install.snapshot.enabled = false (custom)
2023-06-27 17:02:20,468 [omNode-2-groupManagement] INFO  server.RaftServerConfigKeys (ConfUtils.java:logGet(46)) - raft.server.threadpool.server.cached = true (default)
2023-06-27 17:02:20,468 [omNode-2-groupManagement] INFO  server.RaftServerConfigKeys (ConfUtils.java:logGet(46)) - raft.server.threadpool.server.size = 0 (default)
2023-06-27 17:02:20,468 [omNode-2-groupManagement] INFO  server.RaftServerConfigKeys (ConfUtils.java:logGet(46)) - raft.server.threadpool.client.cached = true (default)
2023-06-27 17:02:20,468 [omNode-2-groupManagement] INFO  server.RaftServerConfigKeys (ConfUtils.java:logGet(46)) - raft.server.threadpool.client.size = 0 (default)
2023-06-27 17:02:20,470 [omNode-2-impl-thread1] INFO  storage.RaftStorageDirectory (RaftStorageDirectoryImpl.java:tryLock(231)) - Lock on /home/runner/work/ozone/ozone/hadoop-ozone/integration-test/target/test-dir/MiniOzoneClusterImpl-4d774b9f-68c7-4e3d-9dd4-f167b54dbd62/omNode-2/ratis/c9bc4cf4-3bc3-3c60-a66b-523986131536/in_use.lock acquired by nodename 52987@fv-az748-341
2023-06-27 17:02:20,470 [omNode-2-impl-thread1] INFO  storage.RaftStorage (RaftStorageImpl.java:analyzeAndRecoverStorage(117)) - Read RaftStorageMetadata{term=3, votedFor=omNode-2} from /home/runner/work/ozone/ozone/hadoop-ozone/integration-test/target/test-dir/MiniOzoneClusterImpl-4d774b9f-68c7-4e3d-9dd4-f167b54dbd62/omNode-2/ratis/c9bc4cf4-3bc3-3c60-a66b-523986131536/current/raft-meta
2023-06-27 17:02:20,471 [omNode-2-impl-thread1] INFO  server.RaftServer$Division (ServerState.java:setRaftConf(434)) - omNode-2@group-523986131536: set configuration 3: peers:[omNode-3|rpc:localhost:15015|admin:|client:|dataStream:|priority:0|startupRole:FOLLOWER, omNode-1|rpc:localhost:15007|admin:|client:|dataStream:|priority:0|startupRole:FOLLOWER, omNode-2|rpc:localhost:15011|admin:|client:|dataStream:|priority:0|startupRole:FOLLOWER]|listeners:[], old=null
2023-06-27 17:02:20,472 [omNode-2-impl-thread1] INFO  server.RaftServerConfigKeys (ConfUtils.java:logGet(46)) - raft.server.log.use.memory = false (default)
2023-06-27 17:02:20,472 [omNode-2-impl-thread1] INFO  server.RaftServerConfigKeys (ConfUtils.java:logGet(46)) - raft.server.log.purge.gap = 50 (custom)
2023-06-27 17:02:20,472 [omNode-2-impl-thread1] INFO  server.RaftServerConfigKeys (ConfUtils.java:logGet(46)) - raft.server.log.appender.buffer.byte-limit = 33554432 (custom)
2023-06-27 17:02:20,472 [omNode-2-impl-thread1] INFO  server.RaftServerConfigKeys (ConfUtils.java:logGet(46)) - raft.server.log.statemachine.data.read.timeout = 1000ms (default)
2023-06-27 17:02:20,472 [omNode-2-impl-thread1] INFO  server.RaftServerConfigKeys (ConfUtils.java:logGet(46)) - raft.server.log.purge.preservation.log.num = 0 (default)
2023-06-27 17:02:20,472 [omNode-2-impl-thread1] INFO  server.RaftServerConfigKeys (ConfUtils.java:logGet(46)) - raft.server.log.segment.size.max = 4194304 (custom)
2023-06-27 17:02:20,473 [omNode-2-impl-thread1] INFO  server.RaftServerConfigKeys (ConfUtils.java:logGet(46)) - raft.server.log.segment.cache.num.max = 2 (custom)
2023-06-27 17:02:20,473 [omNode-2-impl-thread1] INFO  server.RaftServerConfigKeys (ConfUtils.java:logGet(46)) - raft.server.log.segment.cache.size.max = 200MB (=209715200) (default)
2023-06-27 17:02:20,473 [omNode-2-impl-thread1] INFO  server.RaftServerConfigKeys (ConfUtils.java:logGet(46)) - raft.server.log.appender.buffer.byte-limit = 33554432 (custom)
2023-06-27 17:02:20,473 [omNode-2-impl-thread1] INFO  segmented.SegmentedRaftLogWorker (SegmentedRaftLogWorker.java:<init>(188)) - new omNode-2@group-523986131536-SegmentedRaftLogWorker for RaftStorageImpl:Storage Directory /home/runner/work/ozone/ozone/hadoop-ozone/integration-test/target/test-dir/MiniOzoneClusterImpl-4d774b9f-68c7-4e3d-9dd4-f167b54dbd62/omNode-2/ratis/c9bc4cf4-3bc3-3c60-a66b-523986131536
2023-06-27 17:02:20,473 [omNode-2-impl-thread1] INFO  server.RaftServerConfigKeys (ConfUtils.java:logGet(46)) - raft.server.log.queue.byte-limit = 64MB (=67108864) (default)
2023-06-27 17:02:20,473 [omNode-2-impl-thread1] INFO  server.RaftServerConfigKeys (ConfUtils.java:logGet(46)) - raft.server.log.queue.element-limit = 4096 (default)
2023-06-27 17:02:20,473 [omNode-2-impl-thread1] INFO  server.RaftServerConfigKeys (ConfUtils.java:logGet(46)) - raft.server.log.segment.size.max = 4194304 (custom)
2023-06-27 17:02:20,473 [omNode-2-impl-thread1] INFO  server.RaftServerConfigKeys (ConfUtils.java:logGet(46)) - raft.server.log.preallocated.size = 4194304 (custom)
2023-06-27 17:02:20,473 [omNode-2-impl-thread1] INFO  server.RaftServerConfigKeys (ConfUtils.java:logGet(46)) - raft.server.log.force.sync.num = 128 (default)
2023-06-27 17:02:20,473 [omNode-2-impl-thread1] INFO  server.RaftServerConfigKeys (ConfUtils.java:logGet(46)) - raft.server.log.statemachine.data.sync = true (default)
2023-06-27 17:02:20,473 [omNode-2-impl-thread1] INFO  server.RaftServerConfigKeys (ConfUtils.java:logGet(46)) - raft.server.log.statemachine.data.sync.timeout = 10s (default)
2023-06-27 17:02:20,473 [omNode-2-impl-thread1] INFO  server.RaftServerConfigKeys (ConfUtils.java:logGet(46)) - raft.server.log.statemachine.data.sync.timeout.retry = -1 (default)
2023-06-27 17:02:20,474 [omNode-2-impl-thread1] INFO  server.RaftServerConfigKeys (ConfUtils.java:logGet(46)) - raft.server.log.write.buffer.size = 64KB (=65536) (default)
2023-06-27 17:02:20,474 [omNode-2-impl-thread1] INFO  server.RaftServerConfigKeys (ConfUtils.java:logGet(46)) - raft.server.log.appender.buffer.byte-limit = 33554432 (custom)
2023-06-27 17:02:20,478 [omNode-2-impl-thread1] INFO  server.RaftServerConfigKeys (ConfUtils.java:logGet(46)) - raft.server.log.unsafe-flush.enabled = false (default)
2023-06-27 17:02:20,479 [omNode-2-impl-thread1] INFO  server.RaftServerConfigKeys (ConfUtils.java:logGet(46)) - raft.server.log.async-flush.enabled = false (default)
2023-06-27 17:02:20,479 [omNode-2-impl-thread1] INFO  server.RaftServerConfigKeys (ConfUtils.java:logGet(46)) - raft.server.log.statemachine.data.caching.enabled = false (default)
2023-06-27 17:02:20,479 [omNode-2-impl-thread1] INFO  server.RaftServer$Division (ServerState.java:setRaftConf(434)) - omNode-2@group-523986131536: set configuration 0: peers:[omNode-3|rpc:localhost:15015|admin:|client:|dataStream:|priority:0|startupRole:FOLLOWER, omNode-1|rpc:localhost:15007|admin:|client:|dataStream:|priority:0|startupRole:FOLLOWER, omNode-2|rpc:localhost:15011|admin:|client:|dataStream:|priority:0|startupRole:FOLLOWER]|listeners:[], old=null
2023-06-27 17:02:20,480 [omNode-2-impl-thread1] INFO  segmented.LogSegment (LogSegment.java:loadSegment(170)) - Successfully read 1 entries from segment file /home/runner/work/ozone/ozone/hadoop-ozone/integration-test/target/test-dir/MiniOzoneClusterImpl-4d774b9f-68c7-4e3d-9dd4-f167b54dbd62/omNode-2/ratis/c9bc4cf4-3bc3-3c60-a66b-523986131536/current/log_0-0
2023-06-27 17:02:20,480 [omNode-2-impl-thread1] INFO  server.RaftServer$Division (ServerState.java:setRaftConf(434)) - omNode-2@group-523986131536: set configuration 1: peers:[omNode-3|rpc:localhost:15015|admin:|client:|dataStream:|priority:0|startupRole:FOLLOWER, omNode-1|rpc:localhost:15007|admin:|client:|dataStream:|priority:0|startupRole:FOLLOWER, omNode-2|rpc:localhost:15011|admin:|client:|dataStream:|priority:0|startupRole:FOLLOWER]|listeners:[], old=null
2023-06-27 17:02:20,480 [omNode-2-impl-thread1] INFO  segmented.LogSegment (LogSegment.java:loadSegment(170)) - Successfully read 2 entries from segment file /home/runner/work/ozone/ozone/hadoop-ozone/integration-test/target/test-dir/MiniOzoneClusterImpl-4d774b9f-68c7-4e3d-9dd4-f167b54dbd62/omNode-2/ratis/c9bc4cf4-3bc3-3c60-a66b-523986131536/current/log_1-2
2023-06-27 17:02:20,480 [omNode-2-impl-thread1] INFO  server.RaftServer$Division (ServerState.java:setRaftConf(434)) - omNode-2@group-523986131536: set configuration 3: peers:[omNode-3|rpc:localhost:15015|admin:|client:|dataStream:|priority:0|startupRole:FOLLOWER, omNode-1|rpc:localhost:15007|admin:|client:|dataStream:|priority:0|startupRole:FOLLOWER, omNode-2|rpc:localhost:15011|admin:|client:|dataStream:|priority:0|startupRole:FOLLOWER]|listeners:[], old=null
2023-06-27 17:02:20,481 [omNode-2-impl-thread1] INFO  segmented.LogSegment (LogSegment.java:loadSegment(170)) - Successfully read 2 entries from segment file /home/runner/work/ozone/ozone/hadoop-ozone/integration-test/target/test-dir/MiniOzoneClusterImpl-4d774b9f-68c7-4e3d-9dd4-f167b54dbd62/omNode-2/ratis/c9bc4cf4-3bc3-3c60-a66b-523986131536/current/log_inprogress_3
2023-06-27 17:02:20,481 [omNode-2-impl-thread1] INFO  segmented.SegmentedRaftLogWorker (SegmentedRaftLogWorker.java:lambda$new$0(135)) - omNode-2@group-523986131536-SegmentedRaftLogWorker: flushIndex: setUnconditionally 0 -> 4
2023-06-27 17:02:20,481 [omNode-2-impl-thread1] INFO  segmented.SegmentedRaftLogWorker (SegmentedRaftLogWorker.java:lambda$new$0(135)) - omNode-2@group-523986131536-SegmentedRaftLogWorker: safeCacheEvictIndex: setUnconditionally 0 -> 2
2023-06-27 17:02:20,481 [omNode-2-impl-thread1] INFO  server.RaftServer$Division (RaftServerImpl.java:start(342)) - omNode-2@group-523986131536: start as a follower, conf=3: peers:[omNode-3|rpc:localhost:15015|admin:|client:|dataStream:|priority:0|startupRole:FOLLOWER, omNode-1|rpc:localhost:15007|admin:|client:|dataStream:|priority:0|startupRole:FOLLOWER, omNode-2|rpc:localhost:15011|admin:|client:|dataStream:|priority:0|startupRole:FOLLOWER]|listeners:[], old=null
2023-06-27 17:02:20,481 [omNode-2-impl-thread1] INFO  server.RaftServer$Division (RaftServerImpl.java:setRole(329)) - omNode-2@group-523986131536: changes role from      null to FOLLOWER at term 3 for startAsFollower
2023-06-27 17:02:20,481 [omNode-2-impl-thread1] INFO  impl.RoleInfo (RoleInfo.java:updateAndGet(139)) - omNode-2: start omNode-2@group-523986131536-FollowerState
2023-06-27 17:02:20,481 [omNode-2-impl-thread1] INFO  util.JmxRegister (JmxRegister.java:tryRegister(44)) - Successfully registered JMX Bean with object name Ratis:service=RaftServer,group=group-523986131536,id=omNode-2
2023-06-27 17:02:20,481 [omNode-2@group-523986131536-FollowerState] INFO  server.RaftServerConfigKeys (ConfUtils.java:logFallback(53)) - raft.server.rpc.first-election.timeout.min = 1s (fallback to raft.server.rpc.timeout.min)
2023-06-27 17:02:20,482 [omNode-2-impl-thread1] INFO  server.RaftServerConfigKeys (ConfUtils.java:logGet(46)) - raft.server.snapshot.auto.trigger.enabled = true (custom)
2023-06-27 17:02:20,482 [omNode-2@group-523986131536-FollowerState] INFO  server.RaftServerConfigKeys (ConfUtils.java:logFallback(53)) - raft.server.rpc.first-election.timeout.max = 1200ms (fallback to raft.server.rpc.timeout.max)
2023-06-27 17:02:20,482 [omNode-2-impl-thread1] INFO  server.RaftServerConfigKeys (ConfUtils.java:logGet(46)) - raft.server.snapshot.auto.trigger.threshold = 50 (custom)
2023-06-27 17:02:20,482 [omNode-2-impl-thread1] INFO  server.RaftServerConfigKeys (ConfUtils.java:logGet(46)) - raft.server.snapshot.retention.file.num = -1 (default)
2023-06-27 17:02:20,482 [omNode-2-impl-thread1] INFO  server.RaftServerConfigKeys (ConfUtils.java:logGet(46)) - raft.server.log.purge.upto.snapshot.index = true (custom)
2023-06-27 17:02:20,482 [main] INFO  server.RaftServer (RaftServerProxy.java:startImpl(400)) - omNode-2: start RPC server
2023-06-27 17:02:20,484 [main] INFO  server.GrpcService (GrpcService.java:startImpl(302)) - omNode-2: GrpcService started, listening on 15011
2023-06-27 17:02:20,484 [main] INFO  om.OzoneManager (OzoneManager.java:getRpcServer(1176)) - Creating RPC Server
2023-06-27 17:02:20,484 [JvmPauseMonitor10] INFO  util.JvmPauseMonitor (JvmPauseMonitor.java:run(103)) - JvmPauseMonitor-omNode-2: Started
2023-06-27 17:02:20,800 [JvmPauseMonitor8] WARN  util.JvmPauseMonitor (JvmPauseMonitor.java:detectPause(124)) - JvmPauseMonitor-omNode-3: Detected pause in JVM or host machine approximately 0.106s with 0.300s GC time.
GC pool 'PS MarkSweep' had collection(s): count=1 time=203ms
GC pool 'PS Scavenge' had collection(s): count=1 time=97ms
2023-06-27 17:02:20,800 [JvmPauseMonitor0] WARN  util.JvmPauseMonitor (JvmPauseMonitor.java:detectPause(124)) - JvmPauseMonitor-2e5d3d76-d475-46a1-8181-5e18c736dd9c: Detected pause in JVM or host machine approximately 0.134s with 0.300s GC time.
GC pool 'PS MarkSweep' had collection(s): count=1 time=203ms
GC pool 'PS Scavenge' had collection(s): count=1 time=97ms
2023-06-27 17:02:20,801 [JvmPauseMonitor4] WARN  util.JvmPauseMonitor (JvmPauseMonitor.java:detectPause(124)) - JvmPauseMonitor-db05cefc-d1d0-4a37-85d6-512a7e836214: Detected pause in JVM or host machine approximately 0.156s with 0.300s GC time.
GC pool 'PS MarkSweep' had collection(s): count=1 time=203ms
GC pool 'PS Scavenge' had collection(s): count=1 time=97ms
2023-06-27 17:02:20,801 [JvmPauseMonitor5] WARN  util.JvmPauseMonitor (JvmPauseMonitor.java:detectPause(124)) - JvmPauseMonitor-06134254-2103-4fb3-af28-769d7483b85f: Detected pause in JVM or host machine approximately 0.161s with 0.300s GC time.
GC pool 'PS MarkSweep' had collection(s): count=1 time=203ms
GC pool 'PS Scavenge' had collection(s): count=1 time=97ms
2023-06-27 17:02:20,801 [omNode-1@group-523986131536-FollowerState] INFO  impl.FollowerState (FollowerState.java:run(143)) - omNode-1@group-523986131536-FollowerState: change to CANDIDATE, lastRpcElapsedTime:1129569064ns, electionTimeout:1008ms
2023-06-27 17:02:20,801 [omNode-1@group-523986131536-FollowerState] INFO  impl.RoleInfo (RoleInfo.java:shutdownFollowerState(110)) - omNode-1: shutdown omNode-1@group-523986131536-FollowerState
2023-06-27 17:02:20,801 [omNode-1@group-523986131536-FollowerState] INFO  server.RaftServer$Division (RaftServerImpl.java:setRole(329)) - omNode-1@group-523986131536: changes role from  FOLLOWER to CANDIDATE at term 3 for changeToCandidate
2023-06-27 17:02:20,801 [omNode-1@group-523986131536-FollowerState] INFO  server.RaftServerConfigKeys (ConfUtils.java:logGet(46)) - raft.server.leaderelection.pre-vote = true (default)
2023-06-27 17:02:20,802 [omNode-1@group-523986131536-FollowerState] INFO  impl.RoleInfo (RoleInfo.java:updateAndGet(139)) - omNode-1: start omNode-1@group-523986131536-LeaderElection13
2023-06-27 17:02:20,803 [JvmPauseMonitor9] WARN  util.JvmPauseMonitor (JvmPauseMonitor.java:detectPause(124)) - JvmPauseMonitor-omNode-1: Detected pause in JVM or host machine approximately 0.295s with 0.300s GC time.
GC pool 'PS MarkSweep' had collection(s): count=1 time=203ms
GC pool 'PS Scavenge' had collection(s): count=1 time=97ms
2023-06-27 17:02:20,825 [omNode-1@group-523986131536-LeaderElection13] INFO  server.RaftServer$Division (ServerState.java:setLeader(317)) - omNode-1@group-523986131536: change Leader from omNode-2 to null at term 3 for PRE_VOTE
2023-06-27 17:02:20,825 [omNode-1@group-523986131536-LeaderElection13] INFO  impl.LeaderElection (LeaderElection.java:askForVotes(321)) - omNode-1@group-523986131536-LeaderElection13 PRE_VOTE round 0: submit vote requests at term 3 for 3: peers:[omNode-3|rpc:localhost:15015|admin:|client:|dataStream:|priority:0|startupRole:FOLLOWER, omNode-1|rpc:localhost:15007|admin:|client:|dataStream:|priority:0|startupRole:FOLLOWER, omNode-2|rpc:localhost:15011|admin:|client:|dataStream:|priority:0|startupRole:FOLLOWER]|listeners:[], old=null
2023-06-27 17:02:20,830 [omNode-1@group-523986131536-LeaderElection13-1] INFO  server.GrpcServerProtocolClient (GrpcServerProtocolClient.java:<init>(65)) - Build channel for omNode-3
2023-06-27 17:02:20,832 [omNode-1@group-523986131536-LeaderElection13] INFO  server.RaftServerConfigKeys (ConfUtils.java:logFallback(53)) - raft.server.rpc.first-election.timeout.min = 1s (fallback to raft.server.rpc.timeout.min)
2023-06-27 17:02:20,833 [omNode-1@group-523986131536-LeaderElection13] INFO  server.RaftServerConfigKeys (ConfUtils.java:logFallback(53)) - raft.server.rpc.first-election.timeout.max = 1200ms (fallback to raft.server.rpc.timeout.max)
2023-06-27 17:02:20,833 [omNode-1@group-523986131536-LeaderElection13-2] INFO  server.GrpcServerProtocolClient (GrpcServerProtocolClient.java:<init>(65)) - Build channel for omNode-2
2023-06-27 17:02:20,842 [grpc-default-executor-0] INFO  server.RaftServer$Division (RaftServerImpl.java:requestVote(1302)) - omNode-3@group-523986131536: receive requestVote(PRE_VOTE, omNode-1, group-523986131536, 3, (t:3, i:4))
2023-06-27 17:02:20,842 [grpc-default-executor-0] INFO  impl.VoteContext (VoteContext.java:log(49)) - omNode-3@group-523986131536-FOLLOWER: reject PRE_VOTE from omNode-1: this server is a follower and still has a valid leader omNode-2
2023-06-27 17:02:20,842 [grpc-default-executor-0] INFO  server.RaftServer$Division (RaftServerImpl.java:requestVote(1335)) - omNode-3@group-523986131536 replies to PRE_VOTE vote request: omNode-1<-omNode-3#0:FAIL-t3. Peer's state: omNode-3@group-523986131536:t3, leader=omNode-2, voted=omNode-2, raftlog=Memoized:omNode-3@group-523986131536-SegmentedRaftLog:OPENED:c4, conf=3: peers:[omNode-3|rpc:localhost:15015|admin:|client:|dataStream:|priority:0|startupRole:FOLLOWER, omNode-1|rpc:localhost:15007|admin:|client:|dataStream:|priority:0|startupRole:FOLLOWER, omNode-2|rpc:localhost:15011|admin:|client:|dataStream:|priority:0|startupRole:FOLLOWER]|listeners:[], old=null
2023-06-27 17:02:20,861 [grpc-default-executor-0] INFO  server.RaftServer$Division (RaftServerImpl.java:requestVote(1302)) - omNode-2@group-523986131536: receive requestVote(PRE_VOTE, omNode-1, group-523986131536, 3, (t:3, i:4))
2023-06-27 17:02:20,861 [grpc-default-executor-0] INFO  impl.VoteContext (VoteContext.java:log(49)) - omNode-2@group-523986131536-FOLLOWER: accept PRE_VOTE from omNode-1: our priority 0 <= candidate's priority 0
2023-06-27 17:02:20,861 [grpc-default-executor-0] INFO  server.RaftServer$Division (RaftServerImpl.java:requestVote(1335)) - omNode-2@group-523986131536 replies to PRE_VOTE vote request: omNode-1<-omNode-2#0:OK-t3. Peer's state: omNode-2@group-523986131536:t3, leader=null, voted=omNode-2, raftlog=Memoized:omNode-2@group-523986131536-SegmentedRaftLog:OPENED:c4, conf=3: peers:[omNode-3|rpc:localhost:15015|admin:|client:|dataStream:|priority:0|startupRole:FOLLOWER, omNode-1|rpc:localhost:15007|admin:|client:|dataStream:|priority:0|startupRole:FOLLOWER, omNode-2|rpc:localhost:15011|admin:|client:|dataStream:|priority:0|startupRole:FOLLOWER]|listeners:[], old=null
2023-06-27 17:02:20,869 [omNode-1@group-523986131536-LeaderElection13] INFO  impl.LeaderElection (LeaderElection.java:logAndReturn(90)) - omNode-1@group-523986131536-LeaderElection13: PRE_VOTE PASSED received 2 response(s) and 0 exception(s):
2023-06-27 17:02:20,869 [omNode-1@group-523986131536-LeaderElection13] INFO  impl.LeaderElection (LeaderElection.java:logAndReturn(94)) -   Response 0: omNode-1<-omNode-3#0:FAIL-t3
2023-06-27 17:02:20,869 [omNode-1@group-523986131536-LeaderElection13] INFO  impl.LeaderElection (LeaderElection.java:logAndReturn(94)) -   Response 1: omNode-1<-omNode-2#0:OK-t3
2023-06-27 17:02:20,869 [omNode-1@group-523986131536-LeaderElection13] INFO  impl.LeaderElection (LeaderElection.java:askForVotes(323)) - omNode-1@group-523986131536-LeaderElection13 PRE_VOTE round 0: result PASSED
2023-06-27 17:02:20,871 [omNode-1@group-523986131536-LeaderElection13] INFO  impl.LeaderElection (LeaderElection.java:askForVotes(321)) - omNode-1@group-523986131536-LeaderElection13 ELECTION round 0: submit vote requests at term 4 for 3: peers:[omNode-3|rpc:localhost:15015|admin:|client:|dataStream:|priority:0|startupRole:FOLLOWER, omNode-1|rpc:localhost:15007|admin:|client:|dataStream:|priority:0|startupRole:FOLLOWER, omNode-2|rpc:localhost:15011|admin:|client:|dataStream:|priority:0|startupRole:FOLLOWER]|listeners:[], old=null
2023-06-27 17:02:20,881 [omNode-1@group-523986131536-LeaderElection13] INFO  server.RaftServerConfigKeys (ConfUtils.java:logFallback(53)) - raft.server.rpc.first-election.timeout.min = 1s (fallback to raft.server.rpc.timeout.min)
2023-06-27 17:02:20,881 [omNode-1@group-523986131536-LeaderElection13] INFO  server.RaftServerConfigKeys (ConfUtils.java:logFallback(53)) - raft.server.rpc.first-election.timeout.max = 1200ms (fallback to raft.server.rpc.timeout.max)
2023-06-27 17:02:20,885 [grpc-default-executor-0] INFO  server.RaftServer$Division (RaftServerImpl.java:requestVote(1302)) - omNode-3@group-523986131536: receive requestVote(ELECTION, omNode-1, group-523986131536, 4, (t:3, i:4))
2023-06-27 17:02:20,885 [grpc-default-executor-0] INFO  impl.VoteContext (VoteContext.java:log(49)) - omNode-3@group-523986131536-FOLLOWER: accept ELECTION from omNode-1: our priority 0 <= candidate's priority 0
2023-06-27 17:02:20,885 [grpc-default-executor-0] INFO  server.RaftServer$Division (ServerState.java:setLeader(317)) - omNode-3@group-523986131536: change Leader from omNode-2 to null at term 4 for updateCurrentTerm
2023-06-27 17:02:20,885 [grpc-default-executor-0] INFO  server.RaftServer$Division (RaftServerImpl.java:setRole(329)) - omNode-3@group-523986131536: changes role from  FOLLOWER to FOLLOWER at term 4 for candidate:omNode-1
2023-06-27 17:02:20,885 [grpc-default-executor-0] INFO  impl.RoleInfo (RoleInfo.java:shutdownFollowerState(110)) - omNode-3: shutdown omNode-3@group-523986131536-FollowerState
2023-06-27 17:02:20,885 [grpc-default-executor-0] INFO  impl.RoleInfo (RoleInfo.java:updateAndGet(139)) - omNode-3: start omNode-3@group-523986131536-FollowerState
2023-06-27 17:02:20,885 [grpc-default-executor-4] INFO  server.RaftServer$Division (RaftServerImpl.java:requestVote(1302)) - omNode-2@group-523986131536: receive requestVote(ELECTION, omNode-1, group-523986131536, 4, (t:3, i:4))
2023-06-27 17:02:20,885 [omNode-3@group-523986131536-FollowerState] INFO  impl.FollowerState (FollowerState.java:run(152)) - omNode-3@group-523986131536-FollowerState was interrupted
2023-06-27 17:02:20,888 [grpc-default-executor-4] INFO  impl.VoteContext (VoteContext.java:log(49)) - omNode-2@group-523986131536-FOLLOWER: accept ELECTION from omNode-1: our priority 0 <= candidate's priority 0
2023-06-27 17:02:20,888 [grpc-default-executor-4] INFO  server.RaftServer$Division (RaftServerImpl.java:setRole(329)) - omNode-2@group-523986131536: changes role from  FOLLOWER to FOLLOWER at term 4 for candidate:omNode-1
2023-06-27 17:02:20,888 [grpc-default-executor-4] INFO  impl.RoleInfo (RoleInfo.java:shutdownFollowerState(110)) - omNode-2: shutdown omNode-2@group-523986131536-FollowerState
2023-06-27 17:02:20,888 [grpc-default-executor-4] INFO  impl.RoleInfo (RoleInfo.java:updateAndGet(139)) - omNode-2: start omNode-2@group-523986131536-FollowerState
2023-06-27 17:02:20,888 [omNode-2@group-523986131536-FollowerState] INFO  impl.FollowerState (FollowerState.java:run(152)) - omNode-2@group-523986131536-FollowerState was interrupted
2023-06-27 17:02:20,889 [grpc-default-executor-0] INFO  server.RaftServer$Division (RaftServerImpl.java:requestVote(1335)) - omNode-3@group-523986131536 replies to ELECTION vote request: omNode-1<-omNode-3#0:OK-t4. Peer's state: omNode-3@group-523986131536:t4, leader=null, voted=omNode-1, raftlog=Memoized:omNode-3@group-523986131536-SegmentedRaftLog:OPENED:c4, conf=3: peers:[omNode-3|rpc:localhost:15015|admin:|client:|dataStream:|priority:0|startupRole:FOLLOWER, omNode-1|rpc:localhost:15007|admin:|client:|dataStream:|priority:0|startupRole:FOLLOWER, omNode-2|rpc:localhost:15011|admin:|client:|dataStream:|priority:0|startupRole:FOLLOWER]|listeners:[], old=null
2023-06-27 17:02:20,890 [omNode-1@group-523986131536-LeaderElection13] INFO  impl.LeaderElection (LeaderElection.java:logAndReturn(90)) - omNode-1@group-523986131536-LeaderElection13: ELECTION PASSED received 1 response(s) and 0 exception(s):
2023-06-27 17:02:20,890 [omNode-1@group-523986131536-LeaderElection13] INFO  impl.LeaderElection (LeaderElection.java:logAndReturn(94)) -   Response 0: omNode-1<-omNode-3#0:OK-t4
2023-06-27 17:02:20,890 [omNode-1@group-523986131536-LeaderElection13] INFO  impl.LeaderElection (LeaderElection.java:askForVotes(323)) - omNode-1@group-523986131536-LeaderElection13 ELECTION round 0: result PASSED
2023-06-27 17:02:20,891 [omNode-1@group-523986131536-LeaderElection13] INFO  impl.RoleInfo (RoleInfo.java:shutdownLeaderElection(130)) - omNode-1: shutdown omNode-1@group-523986131536-LeaderElection13
2023-06-27 17:02:20,891 [omNode-1@group-523986131536-LeaderElection13] INFO  server.RaftServer$Division (RaftServerImpl.java:setRole(329)) - omNode-1@group-523986131536: changes role from CANDIDATE to LEADER at term 4 for changeToLeader
2023-06-27 17:02:20,891 [omNode-1@group-523986131536-LeaderElection13] INFO  server.RaftServer$Division (ServerState.java:setLeader(317)) - omNode-1@group-523986131536: change Leader from null to omNode-1 at term 4 for becomeLeader, leader elected after 65ms
2023-06-27 17:02:20,891 [omNode-1@group-523986131536-LeaderElection13] INFO  server.RaftServerConfigKeys (ConfUtils.java:logGet(46)) - raft.server.staging.catchup.gap = 1000 (default)
2023-06-27 17:02:20,891 [omNode-1@group-523986131536-LeaderElection13] INFO  server.RaftServerConfigKeys (ConfUtils.java:logGet(46)) - raft.server.write.element-limit = 4096 (default)
2023-06-27 17:02:20,891 [omNode-1@group-523986131536-LeaderElection13] INFO  server.RaftServerConfigKeys (ConfUtils.java:logGet(46)) - raft.server.write.byte-limit = 64MB (=67108864) (default)
2023-06-27 17:02:20,891 [omNode-1@group-523986131536-LeaderElection13] INFO  server.RaftServerConfigKeys (ConfUtils.java:logGet(46)) - raft.server.watch.timeout = 10s (default)
2023-06-27 17:02:20,892 [omNode-1@group-523986131536-LeaderElection13] INFO  server.RaftServerConfigKeys (ConfUtils.java:logGet(46)) - raft.server.watch.timeout.denomination = 1s (default)
2023-06-27 17:02:20,892 [omNode-1@group-523986131536-LeaderElection13] INFO  server.RaftServerConfigKeys (ConfUtils.java:logGet(46)) - raft.server.watch.element-limit = 65536 (default)
2023-06-27 17:02:20,892 [omNode-1@group-523986131536-LeaderElection13] INFO  server.RaftServerConfigKeys (ConfUtils.java:logGet(46)) - raft.server.write.element-limit = 4096 (default)
2023-06-27 17:02:20,892 [omNode-1@group-523986131536-LeaderElection13] INFO  server.RaftServerConfigKeys (ConfUtils.java:logGet(46)) - raft.server.write.follower.gap.ratio.max = -1.0 (default)
2023-06-27 17:02:20,892 [omNode-1@group-523986131536-LeaderElection13] INFO  server.RaftServerConfigKeys (ConfUtils.java:logGet(46)) - raft.server.log.appender.snapshot.chunk.size.max = 16MB (=16777216) (default)
2023-06-27 17:02:20,892 [omNode-1@group-523986131536-LeaderElection13] INFO  server.RaftServerConfigKeys (ConfUtils.java:logGet(46)) - raft.server.log.appender.buffer.byte-limit = 33554432 (custom)
2023-06-27 17:02:20,892 [omNode-1@group-523986131536-LeaderElection13] INFO  server.RaftServerConfigKeys (ConfUtils.java:logGet(46)) - raft.server.log.appender.buffer.element-limit = 1024 (custom)
2023-06-27 17:02:20,892 [omNode-1@group-523986131536-LeaderElection13] INFO  server.RaftServerConfigKeys (ConfUtils.java:logGet(46)) - raft.server.log.appender.wait-time.min = 10ms (default)
2023-06-27 17:02:20,892 [omNode-1@group-523986131536-LeaderElection13] INFO  grpc.GrpcConfigKeys (ConfUtils.java:logGet(46)) - raft.grpc.server.leader.outstanding.appends.max = 128 (default)
2023-06-27 17:02:20,893 [omNode-1@group-523986131536-LeaderElection13] INFO  server.RaftServerConfigKeys (ConfUtils.java:logGet(46)) - raft.server.rpc.request.timeout = 3000ms (default)
2023-06-27 17:02:20,893 [omNode-1@group-523986131536-LeaderElection13] INFO  grpc.GrpcConfigKeys (ConfUtils.java:logGet(46)) - raft.grpc.server.install_snapshot.request.element-limit = 8 (default)
2023-06-27 17:02:20,893 [omNode-1@group-523986131536-LeaderElection13] INFO  grpc.GrpcConfigKeys (ConfUtils.java:logGet(46)) - raft.grpc.server.install_snapshot.request.timeout = 3000ms (default)
2023-06-27 17:02:20,893 [omNode-1@group-523986131536-LeaderElection13] INFO  server.RaftServerConfigKeys (ConfUtils.java:logGet(46)) - raft.server.log.appender.install.snapshot.enabled = false (custom)
2023-06-27 17:02:20,893 [omNode-1@group-523986131536-LeaderElection13] INFO  grpc.GrpcConfigKeys (ConfUtils.java:logGet(46)) - raft.grpc.server.heartbeat.channel = true (default)
2023-06-27 17:02:20,893 [omNode-1@group-523986131536-LeaderElection13] INFO  server.RaftServerConfigKeys (ConfUtils.java:logGet(46)) - raft.server.log.appender.snapshot.chunk.size.max = 16MB (=16777216) (default)
2023-06-27 17:02:20,893 [omNode-1@group-523986131536-LeaderElection13] INFO  server.RaftServerConfigKeys (ConfUtils.java:logGet(46)) - raft.server.log.appender.buffer.byte-limit = 33554432 (custom)
2023-06-27 17:02:20,893 [omNode-1@group-523986131536-LeaderElection13] INFO  server.RaftServerConfigKeys (ConfUtils.java:logGet(46)) - raft.server.log.appender.buffer.element-limit = 1024 (custom)
2023-06-27 17:02:20,893 [omNode-1@group-523986131536-LeaderElection13] INFO  server.RaftServerConfigKeys (ConfUtils.java:logGet(46)) - raft.server.log.appender.wait-time.min = 10ms (default)
2023-06-27 17:02:20,894 [omNode-1@group-523986131536-LeaderElection13] INFO  grpc.GrpcConfigKeys (ConfUtils.java:logGet(46)) - raft.grpc.server.leader.outstanding.appends.max = 128 (default)
2023-06-27 17:02:20,894 [omNode-1@group-523986131536-LeaderElection13] INFO  server.RaftServerConfigKeys (ConfUtils.java:logGet(46)) - raft.server.rpc.request.timeout = 3000ms (default)
2023-06-27 17:02:20,894 [omNode-1@group-523986131536-LeaderElection13] INFO  grpc.GrpcConfigKeys (ConfUtils.java:logGet(46)) - raft.grpc.server.install_snapshot.request.element-limit = 8 (default)
2023-06-27 17:02:20,894 [omNode-1@group-523986131536-LeaderElection13] INFO  grpc.GrpcConfigKeys (ConfUtils.java:logGet(46)) - raft.grpc.server.install_snapshot.request.timeout = 3000ms (default)
2023-06-27 17:02:20,894 [omNode-1@group-523986131536-LeaderElection13] INFO  server.RaftServerConfigKeys (ConfUtils.java:logGet(46)) - raft.server.log.appender.install.snapshot.enabled = false (custom)
2023-06-27 17:02:20,894 [omNode-1@group-523986131536-LeaderElection13] INFO  grpc.GrpcConfigKeys (ConfUtils.java:logGet(46)) - raft.grpc.server.heartbeat.channel = true (default)
2023-06-27 17:02:20,894 [omNode-1@group-523986131536-LeaderElection13] INFO  impl.RoleInfo (RoleInfo.java:updateAndGet(139)) - omNode-1: start omNode-1@group-523986131536-LeaderStateImpl
2023-06-27 17:02:20,894 [omNode-1@group-523986131536-LeaderElection13] INFO  segmented.SegmentedRaftLogWorker (SegmentedRaftLogWorker.java:rollLogSegment(452)) - omNode-1@group-523986131536-SegmentedRaftLogWorker: Rolling segment log-3_4 to index:4
2023-06-27 17:02:20,895 [grpc-default-executor-4] INFO  server.RaftServer$Division (RaftServerImpl.java:requestVote(1335)) - omNode-2@group-523986131536 replies to ELECTION vote request: omNode-1<-omNode-2#0:OK-t4. Peer's state: omNode-2@group-523986131536:t4, leader=null, voted=omNode-1, raftlog=Memoized:omNode-2@group-523986131536-SegmentedRaftLog:OPENED:c4, conf=3: peers:[omNode-3|rpc:localhost:15015|admin:|client:|dataStream:|priority:0|startupRole:FOLLOWER, omNode-1|rpc:localhost:15007|admin:|client:|dataStream:|priority:0|startupRole:FOLLOWER, omNode-2|rpc:localhost:15011|admin:|client:|dataStream:|priority:0|startupRole:FOLLOWER]|listeners:[], old=null
2023-06-27 17:02:20,897 [omNode-1@group-523986131536-SegmentedRaftLogWorker] INFO  segmented.SegmentedRaftLogWorker (SegmentedRaftLogWorker.java:execute(608)) - omNode-1@group-523986131536-SegmentedRaftLogWorker: Rolled log segment from /home/runner/work/ozone/ozone/hadoop-ozone/integration-test/target/test-dir/MiniOzoneClusterImpl-4d774b9f-68c7-4e3d-9dd4-f167b54dbd62/omNode-1/ratis/c9bc4cf4-3bc3-3c60-a66b-523986131536/current/log_inprogress_3 to /home/runner/work/ozone/ozone/hadoop-ozone/integration-test/target/test-dir/MiniOzoneClusterImpl-4d774b9f-68c7-4e3d-9dd4-f167b54dbd62/omNode-1/ratis/c9bc4cf4-3bc3-3c60-a66b-523986131536/current/log_3-4
2023-06-27 17:02:20,903 [omNode-1@group-523986131536-LeaderElection13] INFO  server.RaftServer$Division (ServerState.java:setRaftConf(434)) - omNode-1@group-523986131536: set configuration 5: peers:[omNode-3|rpc:localhost:15015|admin:|client:|dataStream:|priority:0|startupRole:FOLLOWER, omNode-1|rpc:localhost:15007|admin:|client:|dataStream:|priority:0|startupRole:FOLLOWER, omNode-2|rpc:localhost:15011|admin:|client:|dataStream:|priority:0|startupRole:FOLLOWER]|listeners:[], old=null
2023-06-27 17:02:20,907 [omNode-1@group-523986131536-SegmentedRaftLogWorker] INFO  segmented.SegmentedRaftLogWorker (SegmentedRaftLogWorker.java:execute(651)) - omNode-1@group-523986131536-SegmentedRaftLogWorker: created new log segment /home/runner/work/ozone/ozone/hadoop-ozone/integration-test/target/test-dir/MiniOzoneClusterImpl-4d774b9f-68c7-4e3d-9dd4-f167b54dbd62/omNode-1/ratis/c9bc4cf4-3bc3-3c60-a66b-523986131536/current/log_inprogress_5
2023-06-27 17:02:20,916 [omNode-3-server-thread3] INFO  server.RaftServer$Division (ServerState.java:setLeader(317)) - omNode-3@group-523986131536: change Leader from null to omNode-1 at term 4 for appendEntries, leader elected after 22ms
2023-06-27 17:02:20,924 [omNode-3-server-thread3] INFO  server.RaftServer$Division (ServerState.java:setRaftConf(434)) - omNode-3@group-523986131536: set configuration 5: peers:[omNode-3|rpc:localhost:15015|admin:|client:|dataStream:|priority:0|startupRole:FOLLOWER, omNode-1|rpc:localhost:15007|admin:|client:|dataStream:|priority:0|startupRole:FOLLOWER, omNode-2|rpc:localhost:15011|admin:|client:|dataStream:|priority:0|startupRole:FOLLOWER]|listeners:[], old=null
2023-06-27 17:02:20,924 [omNode-3-server-thread3] INFO  segmented.SegmentedRaftLogWorker (SegmentedRaftLogWorker.java:rollLogSegment(452)) - omNode-3@group-523986131536-SegmentedRaftLogWorker: Rolling segment log-3_4 to index:4
2023-06-27 17:02:20,925 [omNode-3@group-523986131536-SegmentedRaftLogWorker] INFO  segmented.SegmentedRaftLogWorker (SegmentedRaftLogWorker.java:execute(608)) - omNode-3@group-523986131536-SegmentedRaftLogWorker: Rolled log segment from /home/runner/work/ozone/ozone/hadoop-ozone/integration-test/target/test-dir/MiniOzoneClusterImpl-4d774b9f-68c7-4e3d-9dd4-f167b54dbd62/omNode-3/ratis/c9bc4cf4-3bc3-3c60-a66b-523986131536/current/log_inprogress_3 to /home/runner/work/ozone/ozone/hadoop-ozone/integration-test/target/test-dir/MiniOzoneClusterImpl-4d774b9f-68c7-4e3d-9dd4-f167b54dbd62/omNode-3/ratis/c9bc4cf4-3bc3-3c60-a66b-523986131536/current/log_3-4
2023-06-27 17:02:20,935 [omNode-3@group-523986131536-SegmentedRaftLogWorker] INFO  segmented.SegmentedRaftLogWorker (SegmentedRaftLogWorker.java:execute(651)) - omNode-3@group-523986131536-SegmentedRaftLogWorker: created new log segment /home/runner/work/ozone/ozone/hadoop-ozone/integration-test/target/test-dir/MiniOzoneClusterImpl-4d774b9f-68c7-4e3d-9dd4-f167b54dbd62/omNode-3/ratis/c9bc4cf4-3bc3-3c60-a66b-523986131536/current/log_inprogress_5
2023-06-27 17:02:20,938 [omNode-1@group-523986131536-StateMachineUpdater] INFO  ratis.OzoneManagerStateMachine (OzoneManagerStateMachine.java:notifyConfigurationChanged(201)) - Received Configuration change notification from Ratis. New Peer list:
[id: "omNode-3"
address: "localhost:15015"
startupRole: FOLLOWER
, id: "omNode-1"
address: "localhost:15007"
startupRole: FOLLOWER
, id: "omNode-2"
address: "localhost:15011"
startupRole: FOLLOWER
]
2023-06-27 17:02:20,950 [omNode-2-server-thread1] INFO  server.RaftServer$Division (ServerState.java:setLeader(317)) - omNode-2@group-523986131536: change Leader from null to omNode-1 at term 4 for appendEntries, leader elected after 478ms
2023-06-27 17:02:20,952 [omNode-2-server-thread1] INFO  server.RaftServer$Division (ServerState.java:setRaftConf(434)) - omNode-2@group-523986131536: set configuration 5: peers:[omNode-3|rpc:localhost:15015|admin:|client:|dataStream:|priority:0|startupRole:FOLLOWER, omNode-1|rpc:localhost:15007|admin:|client:|dataStream:|priority:0|startupRole:FOLLOWER, omNode-2|rpc:localhost:15011|admin:|client:|dataStream:|priority:0|startupRole:FOLLOWER]|listeners:[], old=null
2023-06-27 17:02:20,952 [omNode-2-server-thread1] INFO  segmented.SegmentedRaftLogWorker (SegmentedRaftLogWorker.java:rollLogSegment(452)) - omNode-2@group-523986131536-SegmentedRaftLogWorker: Rolling segment log-3_4 to index:4
2023-06-27 17:02:20,978 [omNode-2@group-523986131536-SegmentedRaftLogWorker] INFO  segmented.SegmentedRaftLogWorker (SegmentedRaftLogWorker.java:execute(608)) - omNode-2@group-523986131536-SegmentedRaftLogWorker: Rolled log segment from /home/runner/work/ozone/ozone/hadoop-ozone/integration-test/target/test-dir/MiniOzoneClusterImpl-4d774b9f-68c7-4e3d-9dd4-f167b54dbd62/omNode-2/ratis/c9bc4cf4-3bc3-3c60-a66b-523986131536/current/log_inprogress_3 to /home/runner/work/ozone/ozone/hadoop-ozone/integration-test/target/test-dir/MiniOzoneClusterImpl-4d774b9f-68c7-4e3d-9dd4-f167b54dbd62/omNode-2/ratis/c9bc4cf4-3bc3-3c60-a66b-523986131536/current/log_3-4
2023-06-27 17:02:20,978 [omNode-3@group-523986131536-StateMachineUpdater] INFO  ratis.OzoneManagerStateMachine (OzoneManagerStateMachine.java:notifyConfigurationChanged(201)) - Received Configuration change notification from Ratis. New Peer list:
[id: "omNode-3"
address: "localhost:15015"
startupRole: FOLLOWER
, id: "omNode-1"
address: "localhost:15007"
startupRole: FOLLOWER
, id: "omNode-2"
address: "localhost:15011"
startupRole: FOLLOWER
]
2023-06-27 17:02:20,989 [omNode-2@group-523986131536-SegmentedRaftLogWorker] INFO  segmented.SegmentedRaftLogWorker (SegmentedRaftLogWorker.java:execute(651)) - omNode-2@group-523986131536-SegmentedRaftLogWorker: created new log segment /home/runner/work/ozone/ozone/hadoop-ozone/integration-test/target/test-dir/MiniOzoneClusterImpl-4d774b9f-68c7-4e3d-9dd4-f167b54dbd62/omNode-2/ratis/c9bc4cf4-3bc3-3c60-a66b-523986131536/current/log_inprogress_5
2023-06-27 17:02:20,991 [omNode-2@group-523986131536-StateMachineUpdater] INFO  ratis.OzoneManagerStateMachine (OzoneManagerStateMachine.java:notifyConfigurationChanged(201)) - Received Configuration change notification from Ratis. New Peer list:
[id: "omNode-3"
address: "localhost:15015"
startupRole: FOLLOWER
, id: "omNode-1"
address: "localhost:15007"
startupRole: FOLLOWER
, id: "omNode-2"
address: "localhost:15011"
startupRole: FOLLOWER
]
2023-06-27 17:02:21,337 [main] INFO  reflections.Reflections (Reflections.java:scan(232)) - Reflections took 850 ms to scan 19 urls, producing 69 keys and 5454 values [using 2 cores]
2023-06-27 17:02:21,338 [main] INFO  ipc.CallQueueManager (CallQueueManager.java:<init>(90)) - Using callQueue: class java.util.concurrent.LinkedBlockingQueue, queueCapacity: 2000, scheduler: class org.apache.hadoop.ipc.DefaultRpcScheduler, ipcBackoff: false.
2023-06-27 17:02:21,338 [main] INFO  ipc.Server (Server.java:<init>(1287)) - Listener at localhost:15008
2023-06-27 17:02:21,340 [Socket Reader #1 for port 15008] INFO  ipc.Server (Server.java:run(1323)) - Starting Socket Reader #1 for port 15008
2023-06-27 17:02:21,343 [main] INFO  http.BaseHttpServer (BaseHttpServer.java:newHttpServer2BuilderForOzone(224)) - Starting Web-server for ozoneManager at: http://0.0.0.0:15009
2023-06-27 17:02:21,343 [main] INFO  http.BaseHttpServer (BaseHttpServer.java:<init>(111)) - Hadoop Security Enabled: false Ozone Security Enabled: false Ozone HTTP Security Enabled: false 
2023-06-27 17:02:21,345 [main] WARN  server.AuthenticationFilter (AuthenticationFilter.java:constructSecretProvider(240)) - Unable to initialize FileSignerSecretProvider, falling back to use random secrets. Reason: Could not read signature secret file: /home/runner/hadoop-http-auth-signature-secret
2023-06-27 17:02:21,345 [main] INFO  http.HttpRequestLog (HttpRequestLog.java:getRequestLog(86)) - Http request log for http.requests.ozoneManager is not defined
2023-06-27 17:02:21,347 [main] INFO  http.HttpServer2 (HttpServer2.java:addGlobalFilter(1031)) - Added global filter 'safety' (class=org.apache.hadoop.hdds.server.http.HttpServer2$QuotingInputFilter)
2023-06-27 17:02:21,348 [main] INFO  http.HttpServer2 (HttpServer2.java:addFilter(1007)) - Added filter static_user_filter (class=org.apache.hadoop.http.lib.StaticUserWebFilter$StaticUserFilter) to context ozoneManager
2023-06-27 17:02:21,348 [main] INFO  http.HttpServer2 (HttpServer2.java:addFilter(1015)) - Added filter static_user_filter (class=org.apache.hadoop.http.lib.StaticUserWebFilter$StaticUserFilter) to context static
2023-06-27 17:02:21,348 [main] INFO  http.HttpServer2 (HttpServer2.java:addFilter(1015)) - Added filter static_user_filter (class=org.apache.hadoop.http.lib.StaticUserWebFilter$StaticUserFilter) to context logs
2023-06-27 17:02:21,349 [main] INFO  http.BaseHttpServer (BaseHttpServer.java:<init>(190)) - HTTP server of ozoneManager uses base directory /home/runner/work/ozone/ozone/hadoop-ozone/integration-test/target/test-dir/MiniOzoneClusterImpl-4d774b9f-68c7-4e3d-9dd4-f167b54dbd62/omNode-2/webserver
2023-06-27 17:02:21,349 [main] INFO  http.HttpServer2 (HttpServer2.java:bindListener(1250)) - Jetty bound to port 15009
2023-06-27 17:02:21,349 [main] INFO  server.Server (Server.java:doStart(375)) - jetty-9.4.51.v20230217; built: 2023-02-17T08:19:37.309Z; git: b45c405e4544384de066f814ed42ae3dceacdd49; jvm 1.8.0_372-b07
2023-06-27 17:02:21,350 [main] INFO  server.session (DefaultSessionIdManager.java:doStart(334)) - DefaultSessionIdManager workerName=node0
2023-06-27 17:02:21,351 [main] INFO  server.session (DefaultSessionIdManager.java:doStart(339)) - No SessionScavenger set, using defaults
2023-06-27 17:02:21,351 [main] INFO  server.session (HouseKeeper.java:startScavenging(132)) - node0 Scavenging every 600000ms
2023-06-27 17:02:21,351 [main] INFO  handler.ContextHandler (ContextHandler.java:doStart(921)) - Started o.e.j.s.ServletContextHandler@f3a8150{logs,/logs,file:///home/runner/work/ozone/ozone/hadoop-ozone/integration-test/target/log,AVAILABLE}
2023-06-27 17:02:21,352 [main] INFO  handler.ContextHandler (ContextHandler.java:doStart(921)) - Started o.e.j.s.ServletContextHandler@496c7d29{static,/static,file:///home/runner/work/ozone/ozone/hadoop-ozone/integration-test/target/test-classes/webapps/static,AVAILABLE}
2023-06-27 17:02:21,355 [main] INFO  handler.ContextHandler (ContextHandler.java:doStart(921)) - Started o.e.j.w.WebAppContext@3bf327e3{ozoneManager,/,file:///home/runner/work/ozone/ozone/hadoop-ozone/integration-test/target/test-classes/webapps/ozoneManager/,AVAILABLE}{file:/home/runner/work/ozone/ozone/hadoop-ozone/integration-test/target/test-classes/webapps/ozoneManager}
2023-06-27 17:02:21,366 [main] INFO  server.AbstractConnector (AbstractConnector.java:doStart(333)) - Started ServerConnector@b9af9af{HTTP/1.1, (http/1.1)}{0.0.0.0:15009}
2023-06-27 17:02:21,366 [main] INFO  server.Server (Server.java:doStart(415)) - Started @32094ms
2023-06-27 17:02:21,366 [main] WARN  impl.MetricsSystemImpl (MetricsSystemImpl.java:register(279)) - Sink prometheus already exists!
2023-06-27 17:02:21,367 [main] INFO  http.BaseHttpServer (BaseHttpServer.java:updateConnectorAddress(344)) - HTTP server of ozoneManager listening at http://0.0.0.0:15009
2023-06-27 17:02:21,367 [IPC Server listener on 15008] INFO  ipc.Server (Server.java:run(1402)) - IPC Server listener on 15008: starting
2023-06-27 17:02:21,370 [IPC Server Responder] INFO  ipc.Server (Server.java:run(1562)) - IPC Server Responder: starting
2023-06-27 17:02:21,375 [main] INFO  om.OzoneManager (OzoneManager.java:startTrashEmptier(2081)) - Trash Interval set to 0. Files deleted won't move to trash
]]></system-out>
  </testcase>
</testsuite>