<?xml version="1.0" encoding="UTF-8"?>
<testsuite xmlns:xsi="http://www.w3.org/2001/XMLSchema-instance" xsi:noNamespaceSchemaLocation="https://maven.apache.org/surefire/maven-surefire-plugin/xsd/surefire-test-report-3.0.xsd" version="3.0" name="org.apache.hadoop.ozone.client.rpc.TestBlockOutputStreamFlushDelay" time="34.978" tests="6" errors="0" skipped="0" failures="1">
  <properties>
    <property name="awt.toolkit" value="sun.awt.X11.XToolkit"/>
    <property name="file.encoding.pkg" value="sun.io"/>
    <property name="java.specification.version" value="1.8"/>
    <property name="sun.cpu.isalist" value=""/>
    <property name="sun.jnu.encoding" value="UTF-8"/>
    <property name="java.class.path" value="/home/runner/work/ozone/ozone/hadoop-ozone/integration-test/target/test-classes:/home/runner/work/ozone/ozone/hadoop-ozone/integration-test/target/classes:/home/runner/.m2/repository/org/apache/ozone/ozone-common/1.4.0-SNAPSHOT/ozone-common-1.4.0-SNAPSHOT.jar:/home/runner/.m2/repository/io/grpc/grpc-netty/1.48.1/grpc-netty-1.48.1.jar:/home/runner/.m2/repository/io/grpc/grpc-core/1.48.1/grpc-core-1.48.1.jar:/home/runner/.m2/repository/com/google/android/annotations/4.1.1.4/annotations-4.1.1.4.jar:/home/runner/.m2/repository/org/codehaus/mojo/animal-sniffer-annotations/1.21/animal-sniffer-annotations-1.21.jar:/home/runner/.m2/repository/com/google/errorprone/error_prone_annotations/2.2.0/error_prone_annotations-2.2.0.jar:/home/runner/.m2/repository/io/perfmark/perfmark-api/0.25.0/perfmark-api-0.25.0.jar:/home/runner/.m2/repository/io/netty/netty-codec-http2/4.1.77.Final/netty-codec-http2-4.1.77.Final.jar:/home/runner/.m2/repository/io/netty/netty-common/4.1.77.Final/netty-common-4.1.77.Final.jar:/home/runner/.m2/repository/io/netty/netty-buffer/4.1.77.Final/netty-buffer-4.1.77.Final.jar:/home/runner/.m2/repository/io/netty/netty-codec-http/4.1.77.Final/netty-codec-http-4.1.77.Final.jar:/home/runner/.m2/repository/io/netty/netty-handler-proxy/4.1.77.Final/netty-handler-proxy-4.1.77.Final.jar:/home/runner/.m2/repository/io/netty/netty-codec-socks/4.1.77.Final/netty-codec-socks-4.1.77.Final.jar:/home/runner/.m2/repository/io/netty/netty-tcnative-boringssl-static/2.0.52.Final/netty-tcnative-boringssl-static-2.0.52.Final.jar:/home/runner/.m2/repository/io/netty/netty-tcnative-classes/2.0.52.Final/netty-tcnative-classes-2.0.52.Final.jar:/home/runner/.m2/repository/io/netty/netty-tcnative-boringssl-static/2.0.52.Final/netty-tcnative-boringssl-static-2.0.52.Final-linux-x86_64.jar:/home/runner/.m2/repository/io/netty/netty-tcnative-boringssl-static/2.0.52.Final/netty-tcnative-boringssl-static-2.0.52.Final-linux-aarch_64.jar:/home/runner/.m2/repository/io/netty/netty-tcnative-boringssl-static/2.0.52.Final/netty-tcnative-boringssl-static-2.0.52.Final-osx-x86_64.jar:/home/runner/.m2/repository/io/netty/netty-tcnative-boringssl-static/2.0.52.Final/netty-tcnative-boringssl-static-2.0.52.Final-osx-aarch_64.jar:/home/runner/.m2/repository/io/netty/netty-tcnative-boringssl-static/2.0.52.Final/netty-tcnative-boringssl-static-2.0.52.Final-windows-x86_64.jar:/home/runner/.m2/repository/org/apache/commons/commons-compress/1.21/commons-compress-1.21.jar:/home/runner/.m2/repository/org/apache/ozone/hdds-common/1.4.0-SNAPSHOT/hdds-common-1.4.0-SNAPSHOT.jar:/home/runner/.m2/repository/org/apache/ozone/hdds-client/1.4.0-SNAPSHOT/hdds-client-1.4.0-SNAPSHOT.jar:/home/runner/.m2/repository/org/apache/ozone/ozone-interface-client/1.4.0-SNAPSHOT/ozone-interface-client-1.4.0-SNAPSHOT.jar:/home/runner/.m2/repository/org/apache/ozone/hdds-test-utils/1.4.0-SNAPSHOT/hdds-test-utils-1.4.0-SNAPSHOT.jar:/home/runner/.m2/repository/com/google/guava/guava/31.1-jre/guava-31.1-jre.jar:/home/runner/.m2/repository/com/google/guava/failureaccess/1.0.1/failureaccess-1.0.1.jar:/home/runner/.m2/repository/com/google/guava/listenablefuture/9999.0-empty-to-avoid-conflict-with-guava/listenablefuture-9999.0-empty-to-avoid-conflict-with-guava.jar:/home/runner/.m2/repository/com/google/code/findbugs/jsr305/3.0.0/jsr305-3.0.0.jar:/home/runner/.m2/repository/org/checkerframework/checker-qual/3.12.0/checker-qual-3.12.0.jar:/home/runner/.m2/repository/com/google/j2objc/j2objc-annotations/1.3/j2objc-annotations-1.3.jar:/home/runner/.m2/repository/commons-io/commons-io/2.11.0/commons-io-2.11.0.jar:/home/runner/.m2/repository/commons-logging/commons-logging/1.2/commons-logging-1.2.jar:/home/runner/.m2/repository/ch/qos/reload4j/reload4j/1.2.22/reload4j-1.2.22.jar:/home/runner/.m2/repository/org/slf4j/slf4j-api/1.7.36/slf4j-api-1.7.36.jar:/home/runner/.m2/repository/org/apache/ozone/hdds-server-scm/1.4.0-SNAPSHOT/hdds-server-scm-1.4.0-SNAPSHOT.jar:/home/runner/.m2/repository/org/apache/ozone/hdds-container-service/1.4.0-SNAPSHOT/hdds-container-service-1.4.0-SNAPSHOT.jar:/home/runner/.m2/repository/org/apache/ozone/hdds-hadoop-dependency-server/1.4.0-SNAPSHOT/hdds-hadoop-dependency-server-1.4.0-SNAPSHOT.jar:/home/runner/.m2/repository/org/apache/hadoop/hadoop-hdfs/3.3.4/hadoop-hdfs-3.3.4.jar:/home/runner/.m2/repository/org/eclipse/jetty/jetty-util-ajax/9.4.49.v20220914/jetty-util-ajax-9.4.49.v20220914.jar:/home/runner/.m2/repository/commons-daemon/commons-daemon/1.0.13/commons-daemon-1.0.13.jar:/home/runner/.m2/repository/org/apache/ozone/hdds-server-framework/1.4.0-SNAPSHOT/hdds-server-framework-1.4.0-SNAPSHOT.jar:/home/runner/.m2/repository/org/apache/ozone/hdds-interface-server/1.4.0-SNAPSHOT/hdds-interface-server-1.4.0-SNAPSHOT.jar:/home/runner/.m2/repository/org/apache/commons/commons-configuration2/2.1.1/commons-configuration2-2.1.1.jar:/home/runner/.m2/repository/org/apache/logging/log4j/log4j-core/2.17.1/log4j-core-2.17.1.jar:/home/runner/.m2/repository/com/lmax/disruptor/3.4.2/disruptor-3.4.2.jar:/home/runner/.m2/repository/org/eclipse/jetty/jetty-servlet/9.4.49.v20220914/jetty-servlet-9.4.49.v20220914.jar:/home/runner/.m2/repository/org/eclipse/jetty/jetty-security/9.4.49.v20220914/jetty-security-9.4.49.v20220914.jar:/home/runner/.m2/repository/org/rocksdb/rocksdbjni/7.7.3/rocksdbjni-7.7.3.jar:/home/runner/.m2/repository/io/prometheus/simpleclient_dropwizard/0.7.0/simpleclient_dropwizard-0.7.0.jar:/home/runner/.m2/repository/io/prometheus/simpleclient/0.7.0/simpleclient-0.7.0.jar:/home/runner/.m2/repository/io/prometheus/simpleclient_common/0.7.0/simpleclient_common-0.7.0.jar:/home/runner/.m2/repository/com/github/spotbugs/spotbugs-annotations/3.1.12/spotbugs-annotations-3.1.12.jar:/home/runner/.m2/repository/io/dropwizard/metrics/metrics-core/3.2.4/metrics-core-3.2.4.jar:/home/runner/.m2/repository/org/apache/commons/commons-text/1.4/commons-text-1.4.jar:/home/runner/.m2/repository/org/apache/hadoop/hadoop-hdfs-client/3.3.4/hadoop-hdfs-client-3.3.4.jar:/home/runner/.m2/repository/com/squareup/okhttp3/okhttp/4.9.3/okhttp-4.9.3.jar:/home/runner/.m2/repository/com/squareup/okio/okio/2.8.0/okio-2.8.0.jar:/home/runner/.m2/repository/org/jetbrains/kotlin/kotlin-stdlib-common/1.4.10/kotlin-stdlib-common-1.4.10.jar:/home/runner/.m2/repository/org/bouncycastle/bcprov-jdk15on/1.67/bcprov-jdk15on-1.67.jar:/home/runner/.m2/repository/com/google/protobuf/protobuf-java/2.5.0/protobuf-java-2.5.0.jar:/home/runner/.m2/repository/org/apache/ozone/ozone-manager/1.4.0-SNAPSHOT/ozone-manager-1.4.0-SNAPSHOT.jar:/home/runner/.m2/repository/org/aspectj/aspectjrt/1.9.7/aspectjrt-1.9.7.jar:/home/runner/.m2/repository/org/aspectj/aspectjweaver/1.9.7/aspectjweaver-1.9.7.jar:/home/runner/.m2/repository/org/apache/ozone/hdds-interface-client/1.4.0-SNAPSHOT/hdds-interface-client-1.4.0-SNAPSHOT.jar:/home/runner/.m2/repository/org/apache/hadoop/thirdparty/hadoop-shaded-protobuf_3_7/1.1.1/hadoop-shaded-protobuf_3_7-1.1.1.jar:/home/runner/.m2/repository/org/apache/ozone/ozone-interface-storage/1.4.0-SNAPSHOT/ozone-interface-storage-1.4.0-SNAPSHOT.jar:/home/runner/.m2/repository/org/reflections/reflections/0.9.11/reflections-0.9.11.jar:/home/runner/.m2/repository/com/sun/jersey/jersey-client/1.19/jersey-client-1.19.jar:/home/runner/.m2/repository/org/apache/ranger/ranger-intg/2.3.0/ranger-intg-2.3.0.jar:/home/runner/.m2/repository/org/apache/ranger/ranger-plugins-common/2.3.0/ranger-plugins-common-2.3.0.jar:/home/runner/.m2/repository/commons-lang/commons-lang/2.6/commons-lang-2.6.jar:/home/runner/.m2/repository/org/codehaus/jackson/jackson-jaxrs/1.9.13/jackson-jaxrs-1.9.13.jar:/home/runner/.m2/repository/org/apache/ranger/ranger-plugins-cred/2.3.0/ranger-plugins-cred-2.3.0.jar:/home/runner/.m2/repository/org/apache/ranger/ranger-plugins-audit/2.3.0/ranger-plugins-audit-2.3.0.jar:/home/runner/.m2/repository/org/eclipse/jetty/jetty-client/9.4.31.v20200723/jetty-client-9.4.31.v20200723.jar:/home/runner/.m2/repository/org/apache/httpcomponents/httpmime/4.5.6/httpmime-4.5.6.jar:/home/runner/.m2/repository/org/apache/httpcomponents/httpcore-nio/4.4.6/httpcore-nio-4.4.6.jar:/home/runner/.m2/repository/org/apache/httpcomponents/httpasyncclient/4.1.3/httpasyncclient-4.1.3.jar:/home/runner/.m2/repository/com/carrotsearch/hppc/0.8.0/hppc-0.8.0.jar:/home/runner/.m2/repository/org/apache/orc/orc-core/1.5.8/orc-core-1.5.8.jar:/home/runner/.m2/repository/net/java/dev/jna/jna/5.2.0/jna-5.2.0.jar:/home/runner/.m2/repository/net/java/dev/jna/jna-platform/5.2.0/jna-platform-5.2.0.jar:/home/runner/.m2/repository/com/kstruct/gethostname4j/0.0.2/gethostname4j-0.0.2.jar:/home/runner/.m2/repository/org/apache/ranger/ranger-plugin-classloader/2.3.0/ranger-plugin-classloader-2.3.0.jar:/home/runner/.m2/repository/org/apache/hadoop/hadoop-minikdc/3.3.4/hadoop-minikdc-3.3.4.jar:/home/runner/.m2/repository/org/apache/kerby/kerb-simplekdc/1.0.1/kerb-simplekdc-1.0.1.jar:/home/runner/.m2/repository/org/apache/kerby/kerb-client/1.0.1/kerb-client-1.0.1.jar:/home/runner/.m2/repository/org/apache/kerby/kerby-config/1.0.1/kerby-config-1.0.1.jar:/home/runner/.m2/repository/org/apache/kerby/kerb-common/1.0.1/kerb-common-1.0.1.jar:/home/runner/.m2/repository/org/apache/kerby/kerb-crypto/1.0.1/kerb-crypto-1.0.1.jar:/home/runner/.m2/repository/org/apache/kerby/kerb-util/1.0.1/kerb-util-1.0.1.jar:/home/runner/.m2/repository/org/apache/kerby/token-provider/1.0.1/token-provider-1.0.1.jar:/home/runner/.m2/repository/org/apache/kerby/kerb-admin/1.0.1/kerb-admin-1.0.1.jar:/home/runner/.m2/repository/org/apache/kerby/kerb-server/1.0.1/kerb-server-1.0.1.jar:/home/runner/.m2/repository/org/apache/kerby/kerb-identity/1.0.1/kerb-identity-1.0.1.jar:/home/runner/.m2/repository/org/apache/kerby/kerby-xdr/1.0.1/kerby-xdr-1.0.1.jar:/home/runner/.m2/repository/org/apache/ozone/ozone-s3gateway/1.4.0-SNAPSHOT/ozone-s3gateway-1.4.0-SNAPSHOT.jar:/home/runner/.m2/repository/org/javassist/javassist/3.21.0-GA/javassist-3.21.0-GA.jar:/home/runner/.m2/repository/org/jboss/weld/servlet/weld-servlet/2.4.7.Final/weld-servlet-2.4.7.Final.jar:/home/runner/.m2/repository/org/glassfish/jersey/containers/jersey-container-servlet-core/2.34/jersey-container-servlet-core-2.34.jar:/home/runner/.m2/repository/org/glassfish/hk2/external/jakarta.inject/2.6.1/jakarta.inject-2.6.1.jar:/home/runner/.m2/repository/org/glassfish/jersey/core/jersey-common/2.34/jersey-common-2.34.jar:/home/runner/.m2/repository/jakarta/ws/rs/jakarta.ws.rs-api/2.1.6/jakarta.ws.rs-api-2.1.6.jar:/home/runner/.m2/repository/org/glassfish/jersey/ext/cdi/jersey-cdi1x/2.34/jersey-cdi1x-2.34.jar:/home/runner/.m2/repository/org/glassfish/jersey/inject/jersey-hk2/2.34/jersey-hk2-2.34.jar:/home/runner/.m2/repository/org/glassfish/hk2/hk2-locator/2.6.1/hk2-locator-2.6.1.jar:/home/runner/.m2/repository/org/glassfish/jersey/media/jersey-media-jaxb/2.34/jersey-media-jaxb-2.34.jar:/home/runner/.m2/repository/org/glassfish/hk2/osgi-resource-locator/1.0.3/osgi-resource-locator-1.0.3.jar:/home/runner/.m2/repository/org/glassfish/hk2/hk2-api/2.5.0/hk2-api-2.5.0.jar:/home/runner/.m2/repository/org/glassfish/hk2/hk2-utils/2.5.0/hk2-utils-2.5.0.jar:/home/runner/.m2/repository/org/glassfish/hk2/external/aopalliance-repackaged/2.5.0/aopalliance-repackaged-2.5.0.jar:/home/runner/.m2/repository/com/fasterxml/jackson/dataformat/jackson-dataformat-xml/2.13.4/jackson-dataformat-xml-2.13.4.jar:/home/runner/.m2/repository/com/fasterxml/jackson/core/jackson-core/2.13.4/jackson-core-2.13.4.jar:/home/runner/.m2/repository/org/codehaus/woodstox/stax2-api/4.2.1/stax2-api-4.2.1.jar:/home/runner/.m2/repository/com/fasterxml/woodstox/woodstox-core/5.4.0/woodstox-core-5.4.0.jar:/home/runner/.m2/repository/com/fasterxml/jackson/module/jackson-module-jaxb-annotations/2.13.4/jackson-module-jaxb-annotations-2.13.4.jar:/home/runner/.m2/repository/jakarta/xml/bind/jakarta.xml.bind-api/2.3.3/jakarta.xml.bind-api-2.3.3.jar:/home/runner/.m2/repository/jakarta/activation/jakarta.activation-api/1.2.1/jakarta.activation-api-1.2.1.jar:/home/runner/.m2/repository/javax/enterprise/cdi-api/1.2/cdi-api-1.2.jar:/home/runner/.m2/repository/javax/el/javax.el-api/3.0.0/javax.el-api-3.0.0.jar:/home/runner/.m2/repository/javax/interceptor/javax.interceptor-api/1.2/javax.interceptor-api-1.2.jar:/home/runner/.m2/repository/javax/inject/javax.inject/1/javax.inject-1.jar:/home/runner/.m2/repository/javax/xml/bind/jaxb-api/2.3.0/jaxb-api-2.3.0.jar:/home/runner/.m2/repository/org/glassfish/jaxb/jaxb-runtime/2.3.0.1/jaxb-runtime-2.3.0.1.jar:/home/runner/.m2/repository/org/glassfish/jaxb/jaxb-core/2.3.0.1/jaxb-core-2.3.0.1.jar:/home/runner/.m2/repository/org/glassfish/jaxb/txw2/2.3.0.1/txw2-2.3.0.1.jar:/home/runner/.m2/repository/com/sun/istack/istack-commons-runtime/3.0.5/istack-commons-runtime-3.0.5.jar:/home/runner/.m2/repository/org/jvnet/staxex/stax-ex/1.7.8/stax-ex-1.7.8.jar:/home/runner/.m2/repository/com/sun/xml/fastinfoset/FastInfoset/1.2.13/FastInfoset-1.2.13.jar:/home/runner/.m2/repository/javax/activation/activation/1.1.1/activation-1.1.1.jar:/home/runner/.m2/repository/io/grpc/grpc-protobuf/1.48.1/grpc-protobuf-1.48.1.jar:/home/runner/.m2/repository/io/grpc/grpc-api/1.48.1/grpc-api-1.48.1.jar:/home/runner/.m2/repository/io/grpc/grpc-context/1.48.1/grpc-context-1.48.1.jar:/home/runner/.m2/repository/com/google/api/grpc/proto-google-common-protos/2.9.0/proto-google-common-protos-2.9.0.jar:/home/runner/.m2/repository/io/grpc/grpc-protobuf-lite/1.48.1/grpc-protobuf-lite-1.48.1.jar:/home/runner/.m2/repository/io/grpc/grpc-stub/1.48.1/grpc-stub-1.48.1.jar:/home/runner/.m2/repository/io/netty/netty-transport/4.1.77.Final/netty-transport-4.1.77.Final.jar:/home/runner/.m2/repository/io/netty/netty-resolver/4.1.77.Final/netty-resolver-4.1.77.Final.jar:/home/runner/.m2/repository/org/apache/ozone/ozone-csi/1.4.0-SNAPSHOT/ozone-csi-1.4.0-SNAPSHOT.jar:/home/runner/.m2/repository/com/google/protobuf/protobuf-java-util/3.19.6/protobuf-java-util-3.19.6.jar:/home/runner/.m2/repository/com/google/code/gson/gson/2.9.0/gson-2.9.0.jar:/home/runner/.m2/repository/org/apache/ozone/hdds-config/1.4.0-SNAPSHOT/hdds-config-1.4.0-SNAPSHOT.jar:/home/runner/.m2/repository/io/netty/netty-transport-native-epoll/4.1.77.Final/netty-transport-native-epoll-4.1.77.Final-linux-x86_64.jar:/home/runner/.m2/repository/io/netty/netty-transport-classes-epoll/4.1.77.Final/netty-transport-classes-epoll-4.1.77.Final.jar:/home/runner/.m2/repository/io/netty/netty-transport-native-unix-common/4.1.77.Final/netty-transport-native-unix-common-4.1.77.Final.jar:/home/runner/.m2/repository/org/slf4j/slf4j-reload4j/1.7.36/slf4j-reload4j-1.7.36.jar:/home/runner/.m2/repository/org/apache/ozone/ozone-recon/1.4.0-SNAPSHOT/ozone-recon-1.4.0-SNAPSHOT.jar:/home/runner/.m2/repository/org/apache/ozone/ozone-reconcodegen/1.4.0-SNAPSHOT/ozone-reconcodegen-1.4.0-SNAPSHOT.jar:/home/runner/.m2/repository/com/google/inject/extensions/guice-multibindings/4.0/guice-multibindings-4.0.jar:/home/runner/.m2/repository/com/google/inject/guice/4.0/guice-4.0.jar:/home/runner/.m2/repository/aopalliance/aopalliance/1.0/aopalliance-1.0.jar:/home/runner/.m2/repository/com/google/inject/extensions/guice-assistedinject/4.0/guice-assistedinject-4.0.jar:/home/runner/.m2/repository/com/google/inject/extensions/guice-servlet/4.0/guice-servlet-4.0.jar:/home/runner/.m2/repository/org/glassfish/jersey/containers/jersey-container-servlet/2.34/jersey-container-servlet-2.34.jar:/home/runner/.m2/repository/org/glassfish/hk2/guice-bridge/2.5.0/guice-bridge-2.5.0.jar:/home/runner/.m2/repository/org/glassfish/jersey/core/jersey-server/2.34/jersey-server-2.34.jar:/home/runner/.m2/repository/org/glassfish/jersey/core/jersey-client/2.34/jersey-client-2.34.jar:/home/runner/.m2/repository/jakarta/annotation/jakarta.annotation-api/1.3.5/jakarta.annotation-api-1.3.5.jar:/home/runner/.m2/repository/jakarta/validation/jakarta.validation-api/2.0.2/jakarta.validation-api-2.0.2.jar:/home/runner/.m2/repository/org/glassfish/jersey/media/jersey-media-json-jackson/2.34/jersey-media-json-jackson-2.34.jar:/home/runner/.m2/repository/org/glassfish/jersey/ext/jersey-entity-filtering/2.34/jersey-entity-filtering-2.34.jar:/home/runner/.m2/repository/org/jooq/jooq/3.11.10/jooq-3.11.10.jar:/home/runner/.m2/repository/org/jooq/jooq-meta/3.11.10/jooq-meta-3.11.10.jar:/home/runner/.m2/repository/org/jooq/jooq-codegen/3.11.10/jooq-codegen-3.11.10.jar:/home/runner/.m2/repository/com/jolbox/bonecp/0.8.0.RELEASE/bonecp-0.8.0.RELEASE.jar:/home/runner/.m2/repository/org/apache/derby/derby/10.14.2.0/derby-10.14.2.0.jar:/home/runner/.m2/repository/org/xerial/sqlite-jdbc/3.25.2/sqlite-jdbc-3.25.2.jar:/home/runner/.m2/repository/org/springframework/spring-jdbc/5.3.23/spring-jdbc-5.3.23.jar:/home/runner/.m2/repository/org/springframework/spring-beans/5.3.23/spring-beans-5.3.23.jar:/home/runner/.m2/repository/org/springframework/spring-core/5.3.23/spring-core-5.3.23.jar:/home/runner/.m2/repository/org/springframework/spring-jcl/5.3.23/spring-jcl-5.3.23.jar:/home/runner/.m2/repository/org/springframework/spring-tx/5.3.23/spring-tx-5.3.23.jar:/home/runner/.m2/repository/org/apache/ozone/ozone-client/1.4.0-SNAPSHOT/ozone-client-1.4.0-SNAPSHOT.jar:/home/runner/.m2/repository/org/apache/ozone/hdds-erasurecode/1.4.0-SNAPSHOT/hdds-erasurecode-1.4.0-SNAPSHOT.jar:/home/runner/.m2/repository/org/apache/ozone/ozone-filesystem/1.4.0-SNAPSHOT/ozone-filesystem-1.4.0-SNAPSHOT.jar:/home/runner/.m2/repository/org/apache/ozone/ozone-filesystem-common/1.4.0-SNAPSHOT/ozone-filesystem-common-1.4.0-SNAPSHOT.jar:/home/runner/.m2/repository/org/apache/ozone/ozone-tools/1.4.0-SNAPSHOT/ozone-tools-1.4.0-SNAPSHOT.jar:/home/runner/.m2/repository/org/apache/ratis/ratis-tools/2.4.2-8b8bdda-SNAPSHOT/ratis-tools-2.4.2-8b8bdda-SNAPSHOT.jar:/home/runner/.m2/repository/com/amazonaws/aws-java-sdk-core/1.12.261/aws-java-sdk-core-1.12.261.jar:/home/runner/.m2/repository/org/apache/httpcomponents/httpclient/4.5.13/httpclient-4.5.13.jar:/home/runner/.m2/repository/org/apache/httpcomponents/httpcore/4.4.13/httpcore-4.4.13.jar:/home/runner/.m2/repository/software/amazon/ion/ion-java/1.0.2/ion-java-1.0.2.jar:/home/runner/.m2/repository/com/fasterxml/jackson/dataformat/jackson-dataformat-cbor/2.13.4/jackson-dataformat-cbor-2.13.4.jar:/home/runner/.m2/repository/joda-time/joda-time/2.8.1/joda-time-2.8.1.jar:/home/runner/.m2/repository/com/amazonaws/aws-java-sdk-s3/1.12.261/aws-java-sdk-s3-1.12.261.jar:/home/runner/.m2/repository/com/amazonaws/aws-java-sdk-kms/1.12.261/aws-java-sdk-kms-1.12.261.jar:/home/runner/.m2/repository/com/amazonaws/jmespath-java/1.12.261/jmespath-java-1.12.261.jar:/home/runner/.m2/repository/org/kohsuke/metainf-services/metainf-services/1.8/metainf-services-1.8.jar:/home/runner/.m2/repository/org/apache/ozone/hdds-tools/1.4.0-SNAPSHOT/hdds-tools-1.4.0-SNAPSHOT.jar:/home/runner/.m2/repository/commons-cli/commons-cli/1.2/commons-cli-1.2.jar:/home/runner/.m2/repository/org/apache/commons/commons-lang3/3.7/commons-lang3-3.7.jar:/home/runner/.m2/repository/org/apache/ozone/ozone-manager/1.4.0-SNAPSHOT/ozone-manager-1.4.0-SNAPSHOT-tests.jar:/home/runner/.m2/repository/org/apache/ozone/hdds-common/1.4.0-SNAPSHOT/hdds-common-1.4.0-SNAPSHOT-tests.jar:/home/runner/.m2/repository/org/apache/ozone/hdds-hadoop-dependency-client/1.4.0-SNAPSHOT/hdds-hadoop-dependency-client-1.4.0-SNAPSHOT.jar:/home/runner/.m2/repository/info/picocli/picocli/4.6.1/picocli-4.6.1.jar:/home/runner/.m2/repository/com/fasterxml/jackson/core/jackson-annotations/2.13.4/jackson-annotations-2.13.4.jar:/home/runner/.m2/repository/com/fasterxml/jackson/datatype/jackson-datatype-jsr310/2.13.4/jackson-datatype-jsr310-2.13.4.jar:/home/runner/.m2/repository/org/apache/ozone/hdds-annotation-processing/1.4.0-SNAPSHOT/hdds-annotation-processing-1.4.0-SNAPSHOT.jar:/home/runner/.m2/repository/javax/annotation/javax.annotation-api/1.2/javax.annotation-api-1.2.jar:/home/runner/.m2/repository/org/apache/ratis/ratis-server/2.4.2-8b8bdda-SNAPSHOT/ratis-server-2.4.2-8b8bdda-SNAPSHOT.jar:/home/runner/.m2/repository/org/apache/ratis/ratis-client/2.4.2-8b8bdda-SNAPSHOT/ratis-client-2.4.2-8b8bdda-SNAPSHOT.jar:/home/runner/.m2/repository/org/apache/ratis/ratis-server-api/2.4.2-8b8bdda-SNAPSHOT/ratis-server-api-2.4.2-8b8bdda-SNAPSHOT.jar:/home/runner/.m2/repository/org/apache/ratis/ratis-metrics/2.4.2-8b8bdda-SNAPSHOT/ratis-metrics-2.4.2-8b8bdda-SNAPSHOT.jar:/home/runner/.m2/repository/org/apache/ratis/ratis-netty/2.4.2-8b8bdda-SNAPSHOT/ratis-netty-2.4.2-8b8bdda-SNAPSHOT.jar:/home/runner/.m2/repository/org/apache/ratis/ratis-grpc/2.4.2-8b8bdda-SNAPSHOT/ratis-grpc-2.4.2-8b8bdda-SNAPSHOT.jar:/home/runner/.m2/repository/org/apache/logging/log4j/log4j-api/2.17.1/log4j-api-2.17.1.jar:/home/runner/.m2/repository/org/apache/commons/commons-pool2/2.6.0/commons-pool2-2.6.0.jar:/home/runner/.m2/repository/org/bouncycastle/bcpkix-jdk15on/1.67/bcpkix-jdk15on-1.67.jar:/home/runner/.m2/repository/commons-validator/commons-validator/1.6/commons-validator-1.6.jar:/home/runner/.m2/repository/commons-beanutils/commons-beanutils/1.9.4/commons-beanutils-1.9.4.jar:/home/runner/.m2/repository/commons-digester/commons-digester/1.8.1/commons-digester-1.8.1.jar:/home/runner/.m2/repository/commons-collections/commons-collections/3.2.2/commons-collections-3.2.2.jar:/home/runner/.m2/repository/io/jaegertracing/jaeger-client/1.6.0/jaeger-client-1.6.0.jar:/home/runner/.m2/repository/io/jaegertracing/jaeger-thrift/1.6.0/jaeger-thrift-1.6.0.jar:/home/runner/.m2/repository/org/apache/thrift/libthrift/0.14.1/libthrift-0.14.1.jar:/home/runner/.m2/repository/io/jaegertracing/jaeger-core/1.6.0/jaeger-core-1.6.0.jar:/home/runner/.m2/repository/io/jaegertracing/jaeger-tracerresolver/1.6.0/jaeger-tracerresolver-1.6.0.jar:/home/runner/.m2/repository/io/opentracing/contrib/opentracing-tracerresolver/0.1.8/opentracing-tracerresolver-0.1.8.jar:/home/runner/.m2/repository/org/jetbrains/kotlin/kotlin-stdlib/1.6.21/kotlin-stdlib-1.6.21.jar:/home/runner/.m2/repository/org/jetbrains/annotations/13.0/annotations-13.0.jar:/home/runner/.m2/repository/io/opentracing/opentracing-util/0.33.0/opentracing-util-0.33.0.jar:/home/runner/.m2/repository/io/opentracing/opentracing-api/0.33.0/opentracing-api-0.33.0.jar:/home/runner/.m2/repository/io/opentracing/opentracing-noop/0.33.0/opentracing-noop-0.33.0.jar:/home/runner/.m2/repository/org/yaml/snakeyaml/1.33/snakeyaml-1.33.jar:/home/runner/.m2/repository/org/apache/ozone/hdds-interface-admin/1.4.0-SNAPSHOT/hdds-interface-admin-1.4.0-SNAPSHOT.jar:/home/runner/.m2/repository/junit/junit/4.13.1/junit-4.13.1.jar:/home/runner/.m2/repository/org/hamcrest/hamcrest-core/1.3/hamcrest-core-1.3.jar:/home/runner/.m2/repository/org/junit/jupiter/junit-jupiter-api/5.8.2/junit-jupiter-api-5.8.2.jar:/home/runner/.m2/repository/org/opentest4j/opentest4j/1.2.0/opentest4j-1.2.0.jar:/home/runner/.m2/repository/org/junit/platform/junit-platform-commons/1.8.2/junit-platform-commons-1.8.2.jar:/home/runner/.m2/repository/org/apiguardian/apiguardian-api/1.1.2/apiguardian-api-1.1.2.jar:/home/runner/.m2/repository/org/junit/jupiter/junit-jupiter-params/5.8.2/junit-jupiter-params-5.8.2.jar:/home/runner/.m2/repository/org/junit/jupiter/junit-jupiter-migrationsupport/5.8.2/junit-jupiter-migrationsupport-5.8.2.jar:/home/runner/.m2/repository/org/junit/jupiter/junit-jupiter-engine/5.8.2/junit-jupiter-engine-5.8.2.jar:/home/runner/.m2/repository/org/junit/platform/junit-platform-engine/1.8.2/junit-platform-engine-1.8.2.jar:/home/runner/.m2/repository/org/junit/vintage/junit-vintage-engine/5.8.2/junit-vintage-engine-5.8.2.jar:/home/runner/.m2/repository/org/junit/platform/junit-platform-launcher/1.8.2/junit-platform-launcher-1.8.2.jar:/home/runner/.m2/repository/org/mockito/mockito-core/2.28.2/mockito-core-2.28.2.jar:/home/runner/.m2/repository/net/bytebuddy/byte-buddy/1.9.10/byte-buddy-1.9.10.jar:/home/runner/.m2/repository/net/bytebuddy/byte-buddy-agent/1.9.10/byte-buddy-agent-1.9.10.jar:/home/runner/.m2/repository/org/objenesis/objenesis/1.0/objenesis-1.0.jar:/home/runner/.m2/repository/org/apache/hadoop/hadoop-kms/3.3.4/hadoop-kms-3.3.4.jar:/home/runner/.m2/repository/org/apache/hadoop/hadoop-auth/3.3.4/hadoop-auth-3.3.4.jar:/home/runner/.m2/repository/com/nimbusds/nimbus-jose-jwt/9.8.1/nimbus-jose-jwt-9.8.1.jar:/home/runner/.m2/repository/com/github/stephenc/jcip/jcip-annotations/1.0-1/jcip-annotations-1.0-1.jar:/home/runner/.m2/repository/net/minidev/json-smart/2.4.7/json-smart-2.4.7.jar:/home/runner/.m2/repository/net/minidev/accessors-smart/2.4.7/accessors-smart-2.4.7.jar:/home/runner/.m2/repository/org/ow2/asm/asm/5.0.4/asm-5.0.4.jar:/home/runner/.m2/repository/org/apache/zookeeper/zookeeper/3.5.6/zookeeper-3.5.6.jar:/home/runner/.m2/repository/org/apache/zookeeper/zookeeper-jute/3.5.6/zookeeper-jute-3.5.6.jar:/home/runner/.m2/repository/org/apache/yetus/audience-annotations/0.5.0/audience-annotations-0.5.0.jar:/home/runner/.m2/repository/org/apache/curator/curator-framework/4.2.0/curator-framework-4.2.0.jar:/home/runner/.m2/repository/org/apache/hadoop/thirdparty/hadoop-shaded-guava/1.1.1/hadoop-shaded-guava-1.1.1.jar:/home/runner/.m2/repository/com/sun/jersey/jersey-core/1.19/jersey-core-1.19.jar:/home/runner/.m2/repository/javax/ws/rs/jsr311-api/1.1.1/jsr311-api-1.1.1.jar:/home/runner/.m2/repository/com/sun/jersey/jersey-server/1.19/jersey-server-1.19.jar:/home/runner/.m2/repository/javax/servlet/javax.servlet-api/3.1.0/javax.servlet-api-3.1.0.jar:/home/runner/.m2/repository/org/eclipse/jetty/jetty-server/9.4.49.v20220914/jetty-server-9.4.49.v20220914.jar:/home/runner/.m2/repository/org/eclipse/jetty/jetty-http/9.4.49.v20220914/jetty-http-9.4.49.v20220914.jar:/home/runner/.m2/repository/org/eclipse/jetty/jetty-io/9.4.49.v20220914/jetty-io-9.4.49.v20220914.jar:/home/runner/.m2/repository/org/eclipse/jetty/jetty-webapp/9.4.49.v20220914/jetty-webapp-9.4.49.v20220914.jar:/home/runner/.m2/repository/org/eclipse/jetty/jetty-xml/9.4.49.v20220914/jetty-xml-9.4.49.v20220914.jar:/home/runner/.m2/repository/org/apache/hadoop/hadoop-common/3.3.4/hadoop-common-3.3.4.jar:/home/runner/.m2/repository/org/apache/commons/commons-math3/3.1.1/commons-math3-3.1.1.jar:/home/runner/.m2/repository/commons-net/commons-net/3.9.0/commons-net-3.9.0.jar:/home/runner/.m2/repository/com/sun/jersey/jersey-servlet/1.19/jersey-servlet-1.19.jar:/home/runner/.m2/repository/com/sun/jersey/jersey-json/1.19/jersey-json-1.19.jar:/home/runner/.m2/repository/org/codehaus/jettison/jettison/1.1/jettison-1.1.jar:/home/runner/.m2/repository/com/sun/xml/bind/jaxb-impl/2.2.3-1/jaxb-impl-2.2.3-1.jar:/home/runner/.m2/repository/org/codehaus/jackson/jackson-xc/1.9.2/jackson-xc-1.9.2.jar:/home/runner/.m2/repository/com/google/re2j/re2j/1.1/re2j-1.1.jar:/home/runner/.m2/repository/com/jcraft/jsch/0.1.54/jsch-0.1.54.jar:/home/runner/.m2/repository/org/apache/curator/curator-client/4.2.0/curator-client-4.2.0.jar:/home/runner/.m2/repository/org/apache/curator/curator-recipes/4.2.0/curator-recipes-4.2.0.jar:/home/runner/.m2/repository/org/apache/kerby/kerb-core/1.0.1/kerb-core-1.0.1.jar:/home/runner/.m2/repository/org/apache/kerby/kerby-pkix/1.0.1/kerby-pkix-1.0.1.jar:/home/runner/.m2/repository/org/apache/kerby/kerby-asn1/1.0.1/kerby-asn1-1.0.1.jar:/home/runner/.m2/repository/org/apache/kerby/kerby-util/1.0.1/kerby-util-1.0.1.jar:/home/runner/.m2/repository/dnsjava/dnsjava/2.1.7/dnsjava-2.1.7.jar:/home/runner/.m2/repository/org/xerial/snappy/snappy-java/1.1.8.2/snappy-java-1.1.8.2.jar:/home/runner/.m2/repository/org/eclipse/jetty/jetty-util/9.4.49.v20220914/jetty-util-9.4.49.v20220914.jar:/home/runner/.m2/repository/com/fasterxml/jackson/core/jackson-databind/2.13.4.2/jackson-databind-2.13.4.2.jar:/home/runner/.m2/repository/org/apache/hadoop/hadoop-kms/3.3.4/hadoop-kms-3.3.4-tests.jar:/home/runner/.m2/repository/org/apache/ozone/hdds-server-scm/1.4.0-SNAPSHOT/hdds-server-scm-1.4.0-SNAPSHOT-tests.jar:/home/runner/.m2/repository/org/apache/ozone/hdds-container-service/1.4.0-SNAPSHOT/hdds-container-service-1.4.0-SNAPSHOT-tests.jar:/home/runner/.m2/repository/com/github/luben/zstd-jni/1.5.2-5/zstd-jni-1.5.2-5.jar:/home/runner/.m2/repository/commons-codec/commons-codec/1.15/commons-codec-1.15.jar:/home/runner/.m2/repository/io/netty/netty-codec/4.1.77.Final/netty-codec-4.1.77.Final.jar:/home/runner/.m2/repository/io/netty/netty-handler/4.1.77.Final/netty-handler-4.1.77.Final.jar:/home/runner/.m2/repository/org/apache/ozone/hdds-hadoop-dependency-test/1.4.0-SNAPSHOT/hdds-hadoop-dependency-test-1.4.0-SNAPSHOT.jar:/home/runner/.m2/repository/org/apache/hadoop/hadoop-common/3.3.4/hadoop-common-3.3.4-tests.jar:/home/runner/.m2/repository/org/apache/hadoop/hadoop-hdfs/3.3.4/hadoop-hdfs-3.3.4-tests.jar:/home/runner/.m2/repository/org/assertj/assertj-core/3.12.2/assertj-core-3.12.2.jar:/home/runner/.m2/repository/org/apache/hadoop/hadoop-distcp/3.3.4/hadoop-distcp-3.3.4.jar:/home/runner/.m2/repository/org/apache/hadoop/hadoop-mapreduce-client-jobclient/3.3.4/hadoop-mapreduce-client-jobclient-3.3.4.jar:/home/runner/.m2/repository/org/apache/hadoop/hadoop-mapreduce-client-common/3.3.4/hadoop-mapreduce-client-common-3.3.4.jar:/home/runner/.m2/repository/org/apache/hadoop/hadoop-yarn-common/3.3.4/hadoop-yarn-common-3.3.4.jar:/home/runner/.m2/repository/org/apache/hadoop/hadoop-yarn-api/3.3.4/hadoop-yarn-api-3.3.4.jar:/home/runner/.m2/repository/com/sun/jersey/contribs/jersey-guice/1.19/jersey-guice-1.19.jar:/home/runner/.m2/repository/com/fasterxml/jackson/jaxrs/jackson-jaxrs-json-provider/2.13.4/jackson-jaxrs-json-provider-2.13.4.jar:/home/runner/.m2/repository/com/fasterxml/jackson/jaxrs/jackson-jaxrs-base/2.13.4/jackson-jaxrs-base-2.13.4.jar:/home/runner/.m2/repository/org/apache/hadoop/hadoop-yarn-client/3.3.4/hadoop-yarn-client-3.3.4.jar:/home/runner/.m2/repository/org/eclipse/jetty/websocket/websocket-client/9.4.43.v20210629/websocket-client-9.4.43.v20210629.jar:/home/runner/.m2/repository/org/eclipse/jetty/websocket/websocket-common/9.4.43.v20210629/websocket-common-9.4.43.v20210629.jar:/home/runner/.m2/repository/org/eclipse/jetty/websocket/websocket-api/9.4.43.v20210629/websocket-api-9.4.43.v20210629.jar:/home/runner/.m2/repository/org/jline/jline/3.9.0/jline-3.9.0.jar:/home/runner/.m2/repository/org/apache/hadoop/hadoop-mapreduce-client-core/3.3.4/hadoop-mapreduce-client-core-3.3.4.jar:/home/runner/.m2/repository/org/apache/avro/avro/1.7.7/avro-1.7.7.jar:/home/runner/.m2/repository/org/codehaus/jackson/jackson-core-asl/1.9.13/jackson-core-asl-1.9.13.jar:/home/runner/.m2/repository/org/codehaus/jackson/jackson-mapper-asl/1.9.13/jackson-mapper-asl-1.9.13.jar:/home/runner/.m2/repository/com/thoughtworks/paranamer/paranamer/2.3/paranamer-2.3.jar:/home/runner/.m2/repository/org/apache/hadoop/hadoop-annotations/3.3.4/hadoop-annotations-3.3.4.jar:/usr/lib/jvm/temurin-8-jdk-amd64/jre/../lib/tools.jar:/home/runner/.m2/repository/io/netty/netty/3.10.6.Final/netty-3.10.6.Final.jar:/home/runner/.m2/repository/org/apache/hadoop/hadoop-distcp/3.3.4/hadoop-distcp-3.3.4-tests.jar:/home/runner/.m2/repository/org/slf4j/jul-to-slf4j/1.7.36/jul-to-slf4j-1.7.36.jar:/home/runner/.m2/repository/org/apache/ratis/ratis-common/2.4.2-8b8bdda-SNAPSHOT/ratis-common-2.4.2-8b8bdda-SNAPSHOT.jar:/home/runner/.m2/repository/org/apache/ratis/ratis-thirdparty-misc/1.0.3/ratis-thirdparty-misc-1.0.3.jar:/home/runner/.m2/repository/org/apache/ratis/ratis-proto/2.4.2-8b8bdda-SNAPSHOT/ratis-proto-2.4.2-8b8bdda-SNAPSHOT.jar:"/>
    <property name="java.vm.vendor" value="Temurin"/>
    <property name="sun.arch.data.model" value="64"/>
    <property name="test.build.dir" value="/home/runner/work/ozone/ozone/hadoop-ozone/integration-test/target/test-dir"/>
    <property name="test.cache.data" value=""/>
    <property name="java.vendor.url" value="https://adoptium.net/"/>
    <property name="user.timezone" value="Etc/UTC"/>
    <property name="java.vm.specification.version" value="1.8"/>
    <property name="os.name" value="Linux"/>
    <property name="test.build.data" value="/home/runner/work/ozone/ozone/hadoop-ozone/integration-test/target/test-dir"/>
    <property name="sun.java.launcher" value="SUN_STANDARD"/>
    <property name="sun.boot.library.path" value="/usr/lib/jvm/temurin-8-jdk-amd64/jre/lib/amd64"/>
    <property name="sun.java.command" value="/home/runner/work/ozone/ozone/hadoop-ozone/integration-test/target/surefire/surefirebooter2884789179523165336.jar /home/runner/work/ozone/ozone/hadoop-ozone/integration-test/target/surefire 2023-01-08T21-44-43_005-jvmRun1 surefire3032858107072331039tmp surefire_315868886386098186209tmp"/>
    <property name="surefire.test.class.path" value="/home/runner/work/ozone/ozone/hadoop-ozone/integration-test/target/test-classes:/home/runner/work/ozone/ozone/hadoop-ozone/integration-test/target/classes:/home/runner/.m2/repository/org/apache/ozone/ozone-common/1.4.0-SNAPSHOT/ozone-common-1.4.0-SNAPSHOT.jar:/home/runner/.m2/repository/io/grpc/grpc-netty/1.48.1/grpc-netty-1.48.1.jar:/home/runner/.m2/repository/io/grpc/grpc-core/1.48.1/grpc-core-1.48.1.jar:/home/runner/.m2/repository/com/google/android/annotations/4.1.1.4/annotations-4.1.1.4.jar:/home/runner/.m2/repository/org/codehaus/mojo/animal-sniffer-annotations/1.21/animal-sniffer-annotations-1.21.jar:/home/runner/.m2/repository/com/google/errorprone/error_prone_annotations/2.2.0/error_prone_annotations-2.2.0.jar:/home/runner/.m2/repository/io/perfmark/perfmark-api/0.25.0/perfmark-api-0.25.0.jar:/home/runner/.m2/repository/io/netty/netty-codec-http2/4.1.77.Final/netty-codec-http2-4.1.77.Final.jar:/home/runner/.m2/repository/io/netty/netty-common/4.1.77.Final/netty-common-4.1.77.Final.jar:/home/runner/.m2/repository/io/netty/netty-buffer/4.1.77.Final/netty-buffer-4.1.77.Final.jar:/home/runner/.m2/repository/io/netty/netty-codec-http/4.1.77.Final/netty-codec-http-4.1.77.Final.jar:/home/runner/.m2/repository/io/netty/netty-handler-proxy/4.1.77.Final/netty-handler-proxy-4.1.77.Final.jar:/home/runner/.m2/repository/io/netty/netty-codec-socks/4.1.77.Final/netty-codec-socks-4.1.77.Final.jar:/home/runner/.m2/repository/io/netty/netty-tcnative-boringssl-static/2.0.52.Final/netty-tcnative-boringssl-static-2.0.52.Final.jar:/home/runner/.m2/repository/io/netty/netty-tcnative-classes/2.0.52.Final/netty-tcnative-classes-2.0.52.Final.jar:/home/runner/.m2/repository/io/netty/netty-tcnative-boringssl-static/2.0.52.Final/netty-tcnative-boringssl-static-2.0.52.Final-linux-x86_64.jar:/home/runner/.m2/repository/io/netty/netty-tcnative-boringssl-static/2.0.52.Final/netty-tcnative-boringssl-static-2.0.52.Final-linux-aarch_64.jar:/home/runner/.m2/repository/io/netty/netty-tcnative-boringssl-static/2.0.52.Final/netty-tcnative-boringssl-static-2.0.52.Final-osx-x86_64.jar:/home/runner/.m2/repository/io/netty/netty-tcnative-boringssl-static/2.0.52.Final/netty-tcnative-boringssl-static-2.0.52.Final-osx-aarch_64.jar:/home/runner/.m2/repository/io/netty/netty-tcnative-boringssl-static/2.0.52.Final/netty-tcnative-boringssl-static-2.0.52.Final-windows-x86_64.jar:/home/runner/.m2/repository/org/apache/commons/commons-compress/1.21/commons-compress-1.21.jar:/home/runner/.m2/repository/org/apache/ozone/hdds-common/1.4.0-SNAPSHOT/hdds-common-1.4.0-SNAPSHOT.jar:/home/runner/.m2/repository/org/apache/ozone/hdds-client/1.4.0-SNAPSHOT/hdds-client-1.4.0-SNAPSHOT.jar:/home/runner/.m2/repository/org/apache/ozone/ozone-interface-client/1.4.0-SNAPSHOT/ozone-interface-client-1.4.0-SNAPSHOT.jar:/home/runner/.m2/repository/org/apache/ozone/hdds-test-utils/1.4.0-SNAPSHOT/hdds-test-utils-1.4.0-SNAPSHOT.jar:/home/runner/.m2/repository/com/google/guava/guava/31.1-jre/guava-31.1-jre.jar:/home/runner/.m2/repository/com/google/guava/failureaccess/1.0.1/failureaccess-1.0.1.jar:/home/runner/.m2/repository/com/google/guava/listenablefuture/9999.0-empty-to-avoid-conflict-with-guava/listenablefuture-9999.0-empty-to-avoid-conflict-with-guava.jar:/home/runner/.m2/repository/com/google/code/findbugs/jsr305/3.0.0/jsr305-3.0.0.jar:/home/runner/.m2/repository/org/checkerframework/checker-qual/3.12.0/checker-qual-3.12.0.jar:/home/runner/.m2/repository/com/google/j2objc/j2objc-annotations/1.3/j2objc-annotations-1.3.jar:/home/runner/.m2/repository/commons-io/commons-io/2.11.0/commons-io-2.11.0.jar:/home/runner/.m2/repository/commons-logging/commons-logging/1.2/commons-logging-1.2.jar:/home/runner/.m2/repository/ch/qos/reload4j/reload4j/1.2.22/reload4j-1.2.22.jar:/home/runner/.m2/repository/org/slf4j/slf4j-api/1.7.36/slf4j-api-1.7.36.jar:/home/runner/.m2/repository/org/apache/ozone/hdds-server-scm/1.4.0-SNAPSHOT/hdds-server-scm-1.4.0-SNAPSHOT.jar:/home/runner/.m2/repository/org/apache/ozone/hdds-container-service/1.4.0-SNAPSHOT/hdds-container-service-1.4.0-SNAPSHOT.jar:/home/runner/.m2/repository/org/apache/ozone/hdds-hadoop-dependency-server/1.4.0-SNAPSHOT/hdds-hadoop-dependency-server-1.4.0-SNAPSHOT.jar:/home/runner/.m2/repository/org/apache/hadoop/hadoop-hdfs/3.3.4/hadoop-hdfs-3.3.4.jar:/home/runner/.m2/repository/org/eclipse/jetty/jetty-util-ajax/9.4.49.v20220914/jetty-util-ajax-9.4.49.v20220914.jar:/home/runner/.m2/repository/commons-daemon/commons-daemon/1.0.13/commons-daemon-1.0.13.jar:/home/runner/.m2/repository/org/apache/ozone/hdds-server-framework/1.4.0-SNAPSHOT/hdds-server-framework-1.4.0-SNAPSHOT.jar:/home/runner/.m2/repository/org/apache/ozone/hdds-interface-server/1.4.0-SNAPSHOT/hdds-interface-server-1.4.0-SNAPSHOT.jar:/home/runner/.m2/repository/org/apache/commons/commons-configuration2/2.1.1/commons-configuration2-2.1.1.jar:/home/runner/.m2/repository/org/apache/logging/log4j/log4j-core/2.17.1/log4j-core-2.17.1.jar:/home/runner/.m2/repository/com/lmax/disruptor/3.4.2/disruptor-3.4.2.jar:/home/runner/.m2/repository/org/eclipse/jetty/jetty-servlet/9.4.49.v20220914/jetty-servlet-9.4.49.v20220914.jar:/home/runner/.m2/repository/org/eclipse/jetty/jetty-security/9.4.49.v20220914/jetty-security-9.4.49.v20220914.jar:/home/runner/.m2/repository/org/rocksdb/rocksdbjni/7.7.3/rocksdbjni-7.7.3.jar:/home/runner/.m2/repository/io/prometheus/simpleclient_dropwizard/0.7.0/simpleclient_dropwizard-0.7.0.jar:/home/runner/.m2/repository/io/prometheus/simpleclient/0.7.0/simpleclient-0.7.0.jar:/home/runner/.m2/repository/io/prometheus/simpleclient_common/0.7.0/simpleclient_common-0.7.0.jar:/home/runner/.m2/repository/com/github/spotbugs/spotbugs-annotations/3.1.12/spotbugs-annotations-3.1.12.jar:/home/runner/.m2/repository/io/dropwizard/metrics/metrics-core/3.2.4/metrics-core-3.2.4.jar:/home/runner/.m2/repository/org/apache/commons/commons-text/1.4/commons-text-1.4.jar:/home/runner/.m2/repository/org/apache/hadoop/hadoop-hdfs-client/3.3.4/hadoop-hdfs-client-3.3.4.jar:/home/runner/.m2/repository/com/squareup/okhttp3/okhttp/4.9.3/okhttp-4.9.3.jar:/home/runner/.m2/repository/com/squareup/okio/okio/2.8.0/okio-2.8.0.jar:/home/runner/.m2/repository/org/jetbrains/kotlin/kotlin-stdlib-common/1.4.10/kotlin-stdlib-common-1.4.10.jar:/home/runner/.m2/repository/org/bouncycastle/bcprov-jdk15on/1.67/bcprov-jdk15on-1.67.jar:/home/runner/.m2/repository/com/google/protobuf/protobuf-java/2.5.0/protobuf-java-2.5.0.jar:/home/runner/.m2/repository/org/apache/ozone/ozone-manager/1.4.0-SNAPSHOT/ozone-manager-1.4.0-SNAPSHOT.jar:/home/runner/.m2/repository/org/aspectj/aspectjrt/1.9.7/aspectjrt-1.9.7.jar:/home/runner/.m2/repository/org/aspectj/aspectjweaver/1.9.7/aspectjweaver-1.9.7.jar:/home/runner/.m2/repository/org/apache/ozone/hdds-interface-client/1.4.0-SNAPSHOT/hdds-interface-client-1.4.0-SNAPSHOT.jar:/home/runner/.m2/repository/org/apache/hadoop/thirdparty/hadoop-shaded-protobuf_3_7/1.1.1/hadoop-shaded-protobuf_3_7-1.1.1.jar:/home/runner/.m2/repository/org/apache/ozone/ozone-interface-storage/1.4.0-SNAPSHOT/ozone-interface-storage-1.4.0-SNAPSHOT.jar:/home/runner/.m2/repository/org/reflections/reflections/0.9.11/reflections-0.9.11.jar:/home/runner/.m2/repository/com/sun/jersey/jersey-client/1.19/jersey-client-1.19.jar:/home/runner/.m2/repository/org/apache/ranger/ranger-intg/2.3.0/ranger-intg-2.3.0.jar:/home/runner/.m2/repository/org/apache/ranger/ranger-plugins-common/2.3.0/ranger-plugins-common-2.3.0.jar:/home/runner/.m2/repository/commons-lang/commons-lang/2.6/commons-lang-2.6.jar:/home/runner/.m2/repository/org/codehaus/jackson/jackson-jaxrs/1.9.13/jackson-jaxrs-1.9.13.jar:/home/runner/.m2/repository/org/apache/ranger/ranger-plugins-cred/2.3.0/ranger-plugins-cred-2.3.0.jar:/home/runner/.m2/repository/org/apache/ranger/ranger-plugins-audit/2.3.0/ranger-plugins-audit-2.3.0.jar:/home/runner/.m2/repository/org/eclipse/jetty/jetty-client/9.4.31.v20200723/jetty-client-9.4.31.v20200723.jar:/home/runner/.m2/repository/org/apache/httpcomponents/httpmime/4.5.6/httpmime-4.5.6.jar:/home/runner/.m2/repository/org/apache/httpcomponents/httpcore-nio/4.4.6/httpcore-nio-4.4.6.jar:/home/runner/.m2/repository/org/apache/httpcomponents/httpasyncclient/4.1.3/httpasyncclient-4.1.3.jar:/home/runner/.m2/repository/com/carrotsearch/hppc/0.8.0/hppc-0.8.0.jar:/home/runner/.m2/repository/org/apache/orc/orc-core/1.5.8/orc-core-1.5.8.jar:/home/runner/.m2/repository/net/java/dev/jna/jna/5.2.0/jna-5.2.0.jar:/home/runner/.m2/repository/net/java/dev/jna/jna-platform/5.2.0/jna-platform-5.2.0.jar:/home/runner/.m2/repository/com/kstruct/gethostname4j/0.0.2/gethostname4j-0.0.2.jar:/home/runner/.m2/repository/org/apache/ranger/ranger-plugin-classloader/2.3.0/ranger-plugin-classloader-2.3.0.jar:/home/runner/.m2/repository/org/apache/hadoop/hadoop-minikdc/3.3.4/hadoop-minikdc-3.3.4.jar:/home/runner/.m2/repository/org/apache/kerby/kerb-simplekdc/1.0.1/kerb-simplekdc-1.0.1.jar:/home/runner/.m2/repository/org/apache/kerby/kerb-client/1.0.1/kerb-client-1.0.1.jar:/home/runner/.m2/repository/org/apache/kerby/kerby-config/1.0.1/kerby-config-1.0.1.jar:/home/runner/.m2/repository/org/apache/kerby/kerb-common/1.0.1/kerb-common-1.0.1.jar:/home/runner/.m2/repository/org/apache/kerby/kerb-crypto/1.0.1/kerb-crypto-1.0.1.jar:/home/runner/.m2/repository/org/apache/kerby/kerb-util/1.0.1/kerb-util-1.0.1.jar:/home/runner/.m2/repository/org/apache/kerby/token-provider/1.0.1/token-provider-1.0.1.jar:/home/runner/.m2/repository/org/apache/kerby/kerb-admin/1.0.1/kerb-admin-1.0.1.jar:/home/runner/.m2/repository/org/apache/kerby/kerb-server/1.0.1/kerb-server-1.0.1.jar:/home/runner/.m2/repository/org/apache/kerby/kerb-identity/1.0.1/kerb-identity-1.0.1.jar:/home/runner/.m2/repository/org/apache/kerby/kerby-xdr/1.0.1/kerby-xdr-1.0.1.jar:/home/runner/.m2/repository/org/apache/ozone/ozone-s3gateway/1.4.0-SNAPSHOT/ozone-s3gateway-1.4.0-SNAPSHOT.jar:/home/runner/.m2/repository/org/javassist/javassist/3.21.0-GA/javassist-3.21.0-GA.jar:/home/runner/.m2/repository/org/jboss/weld/servlet/weld-servlet/2.4.7.Final/weld-servlet-2.4.7.Final.jar:/home/runner/.m2/repository/org/glassfish/jersey/containers/jersey-container-servlet-core/2.34/jersey-container-servlet-core-2.34.jar:/home/runner/.m2/repository/org/glassfish/hk2/external/jakarta.inject/2.6.1/jakarta.inject-2.6.1.jar:/home/runner/.m2/repository/org/glassfish/jersey/core/jersey-common/2.34/jersey-common-2.34.jar:/home/runner/.m2/repository/jakarta/ws/rs/jakarta.ws.rs-api/2.1.6/jakarta.ws.rs-api-2.1.6.jar:/home/runner/.m2/repository/org/glassfish/jersey/ext/cdi/jersey-cdi1x/2.34/jersey-cdi1x-2.34.jar:/home/runner/.m2/repository/org/glassfish/jersey/inject/jersey-hk2/2.34/jersey-hk2-2.34.jar:/home/runner/.m2/repository/org/glassfish/hk2/hk2-locator/2.6.1/hk2-locator-2.6.1.jar:/home/runner/.m2/repository/org/glassfish/jersey/media/jersey-media-jaxb/2.34/jersey-media-jaxb-2.34.jar:/home/runner/.m2/repository/org/glassfish/hk2/osgi-resource-locator/1.0.3/osgi-resource-locator-1.0.3.jar:/home/runner/.m2/repository/org/glassfish/hk2/hk2-api/2.5.0/hk2-api-2.5.0.jar:/home/runner/.m2/repository/org/glassfish/hk2/hk2-utils/2.5.0/hk2-utils-2.5.0.jar:/home/runner/.m2/repository/org/glassfish/hk2/external/aopalliance-repackaged/2.5.0/aopalliance-repackaged-2.5.0.jar:/home/runner/.m2/repository/com/fasterxml/jackson/dataformat/jackson-dataformat-xml/2.13.4/jackson-dataformat-xml-2.13.4.jar:/home/runner/.m2/repository/com/fasterxml/jackson/core/jackson-core/2.13.4/jackson-core-2.13.4.jar:/home/runner/.m2/repository/org/codehaus/woodstox/stax2-api/4.2.1/stax2-api-4.2.1.jar:/home/runner/.m2/repository/com/fasterxml/woodstox/woodstox-core/5.4.0/woodstox-core-5.4.0.jar:/home/runner/.m2/repository/com/fasterxml/jackson/module/jackson-module-jaxb-annotations/2.13.4/jackson-module-jaxb-annotations-2.13.4.jar:/home/runner/.m2/repository/jakarta/xml/bind/jakarta.xml.bind-api/2.3.3/jakarta.xml.bind-api-2.3.3.jar:/home/runner/.m2/repository/jakarta/activation/jakarta.activation-api/1.2.1/jakarta.activation-api-1.2.1.jar:/home/runner/.m2/repository/javax/enterprise/cdi-api/1.2/cdi-api-1.2.jar:/home/runner/.m2/repository/javax/el/javax.el-api/3.0.0/javax.el-api-3.0.0.jar:/home/runner/.m2/repository/javax/interceptor/javax.interceptor-api/1.2/javax.interceptor-api-1.2.jar:/home/runner/.m2/repository/javax/inject/javax.inject/1/javax.inject-1.jar:/home/runner/.m2/repository/javax/xml/bind/jaxb-api/2.3.0/jaxb-api-2.3.0.jar:/home/runner/.m2/repository/org/glassfish/jaxb/jaxb-runtime/2.3.0.1/jaxb-runtime-2.3.0.1.jar:/home/runner/.m2/repository/org/glassfish/jaxb/jaxb-core/2.3.0.1/jaxb-core-2.3.0.1.jar:/home/runner/.m2/repository/org/glassfish/jaxb/txw2/2.3.0.1/txw2-2.3.0.1.jar:/home/runner/.m2/repository/com/sun/istack/istack-commons-runtime/3.0.5/istack-commons-runtime-3.0.5.jar:/home/runner/.m2/repository/org/jvnet/staxex/stax-ex/1.7.8/stax-ex-1.7.8.jar:/home/runner/.m2/repository/com/sun/xml/fastinfoset/FastInfoset/1.2.13/FastInfoset-1.2.13.jar:/home/runner/.m2/repository/javax/activation/activation/1.1.1/activation-1.1.1.jar:/home/runner/.m2/repository/io/grpc/grpc-protobuf/1.48.1/grpc-protobuf-1.48.1.jar:/home/runner/.m2/repository/io/grpc/grpc-api/1.48.1/grpc-api-1.48.1.jar:/home/runner/.m2/repository/io/grpc/grpc-context/1.48.1/grpc-context-1.48.1.jar:/home/runner/.m2/repository/com/google/api/grpc/proto-google-common-protos/2.9.0/proto-google-common-protos-2.9.0.jar:/home/runner/.m2/repository/io/grpc/grpc-protobuf-lite/1.48.1/grpc-protobuf-lite-1.48.1.jar:/home/runner/.m2/repository/io/grpc/grpc-stub/1.48.1/grpc-stub-1.48.1.jar:/home/runner/.m2/repository/io/netty/netty-transport/4.1.77.Final/netty-transport-4.1.77.Final.jar:/home/runner/.m2/repository/io/netty/netty-resolver/4.1.77.Final/netty-resolver-4.1.77.Final.jar:/home/runner/.m2/repository/org/apache/ozone/ozone-csi/1.4.0-SNAPSHOT/ozone-csi-1.4.0-SNAPSHOT.jar:/home/runner/.m2/repository/com/google/protobuf/protobuf-java-util/3.19.6/protobuf-java-util-3.19.6.jar:/home/runner/.m2/repository/com/google/code/gson/gson/2.9.0/gson-2.9.0.jar:/home/runner/.m2/repository/org/apache/ozone/hdds-config/1.4.0-SNAPSHOT/hdds-config-1.4.0-SNAPSHOT.jar:/home/runner/.m2/repository/io/netty/netty-transport-native-epoll/4.1.77.Final/netty-transport-native-epoll-4.1.77.Final-linux-x86_64.jar:/home/runner/.m2/repository/io/netty/netty-transport-classes-epoll/4.1.77.Final/netty-transport-classes-epoll-4.1.77.Final.jar:/home/runner/.m2/repository/io/netty/netty-transport-native-unix-common/4.1.77.Final/netty-transport-native-unix-common-4.1.77.Final.jar:/home/runner/.m2/repository/org/slf4j/slf4j-reload4j/1.7.36/slf4j-reload4j-1.7.36.jar:/home/runner/.m2/repository/org/apache/ozone/ozone-recon/1.4.0-SNAPSHOT/ozone-recon-1.4.0-SNAPSHOT.jar:/home/runner/.m2/repository/org/apache/ozone/ozone-reconcodegen/1.4.0-SNAPSHOT/ozone-reconcodegen-1.4.0-SNAPSHOT.jar:/home/runner/.m2/repository/com/google/inject/extensions/guice-multibindings/4.0/guice-multibindings-4.0.jar:/home/runner/.m2/repository/com/google/inject/guice/4.0/guice-4.0.jar:/home/runner/.m2/repository/aopalliance/aopalliance/1.0/aopalliance-1.0.jar:/home/runner/.m2/repository/com/google/inject/extensions/guice-assistedinject/4.0/guice-assistedinject-4.0.jar:/home/runner/.m2/repository/com/google/inject/extensions/guice-servlet/4.0/guice-servlet-4.0.jar:/home/runner/.m2/repository/org/glassfish/jersey/containers/jersey-container-servlet/2.34/jersey-container-servlet-2.34.jar:/home/runner/.m2/repository/org/glassfish/hk2/guice-bridge/2.5.0/guice-bridge-2.5.0.jar:/home/runner/.m2/repository/org/glassfish/jersey/core/jersey-server/2.34/jersey-server-2.34.jar:/home/runner/.m2/repository/org/glassfish/jersey/core/jersey-client/2.34/jersey-client-2.34.jar:/home/runner/.m2/repository/jakarta/annotation/jakarta.annotation-api/1.3.5/jakarta.annotation-api-1.3.5.jar:/home/runner/.m2/repository/jakarta/validation/jakarta.validation-api/2.0.2/jakarta.validation-api-2.0.2.jar:/home/runner/.m2/repository/org/glassfish/jersey/media/jersey-media-json-jackson/2.34/jersey-media-json-jackson-2.34.jar:/home/runner/.m2/repository/org/glassfish/jersey/ext/jersey-entity-filtering/2.34/jersey-entity-filtering-2.34.jar:/home/runner/.m2/repository/org/jooq/jooq/3.11.10/jooq-3.11.10.jar:/home/runner/.m2/repository/org/jooq/jooq-meta/3.11.10/jooq-meta-3.11.10.jar:/home/runner/.m2/repository/org/jooq/jooq-codegen/3.11.10/jooq-codegen-3.11.10.jar:/home/runner/.m2/repository/com/jolbox/bonecp/0.8.0.RELEASE/bonecp-0.8.0.RELEASE.jar:/home/runner/.m2/repository/org/apache/derby/derby/10.14.2.0/derby-10.14.2.0.jar:/home/runner/.m2/repository/org/xerial/sqlite-jdbc/3.25.2/sqlite-jdbc-3.25.2.jar:/home/runner/.m2/repository/org/springframework/spring-jdbc/5.3.23/spring-jdbc-5.3.23.jar:/home/runner/.m2/repository/org/springframework/spring-beans/5.3.23/spring-beans-5.3.23.jar:/home/runner/.m2/repository/org/springframework/spring-core/5.3.23/spring-core-5.3.23.jar:/home/runner/.m2/repository/org/springframework/spring-jcl/5.3.23/spring-jcl-5.3.23.jar:/home/runner/.m2/repository/org/springframework/spring-tx/5.3.23/spring-tx-5.3.23.jar:/home/runner/.m2/repository/org/apache/ozone/ozone-client/1.4.0-SNAPSHOT/ozone-client-1.4.0-SNAPSHOT.jar:/home/runner/.m2/repository/org/apache/ozone/hdds-erasurecode/1.4.0-SNAPSHOT/hdds-erasurecode-1.4.0-SNAPSHOT.jar:/home/runner/.m2/repository/org/apache/ozone/ozone-filesystem/1.4.0-SNAPSHOT/ozone-filesystem-1.4.0-SNAPSHOT.jar:/home/runner/.m2/repository/org/apache/ozone/ozone-filesystem-common/1.4.0-SNAPSHOT/ozone-filesystem-common-1.4.0-SNAPSHOT.jar:/home/runner/.m2/repository/org/apache/ozone/ozone-tools/1.4.0-SNAPSHOT/ozone-tools-1.4.0-SNAPSHOT.jar:/home/runner/.m2/repository/org/apache/ratis/ratis-tools/2.4.2-8b8bdda-SNAPSHOT/ratis-tools-2.4.2-8b8bdda-SNAPSHOT.jar:/home/runner/.m2/repository/com/amazonaws/aws-java-sdk-core/1.12.261/aws-java-sdk-core-1.12.261.jar:/home/runner/.m2/repository/org/apache/httpcomponents/httpclient/4.5.13/httpclient-4.5.13.jar:/home/runner/.m2/repository/org/apache/httpcomponents/httpcore/4.4.13/httpcore-4.4.13.jar:/home/runner/.m2/repository/software/amazon/ion/ion-java/1.0.2/ion-java-1.0.2.jar:/home/runner/.m2/repository/com/fasterxml/jackson/dataformat/jackson-dataformat-cbor/2.13.4/jackson-dataformat-cbor-2.13.4.jar:/home/runner/.m2/repository/joda-time/joda-time/2.8.1/joda-time-2.8.1.jar:/home/runner/.m2/repository/com/amazonaws/aws-java-sdk-s3/1.12.261/aws-java-sdk-s3-1.12.261.jar:/home/runner/.m2/repository/com/amazonaws/aws-java-sdk-kms/1.12.261/aws-java-sdk-kms-1.12.261.jar:/home/runner/.m2/repository/com/amazonaws/jmespath-java/1.12.261/jmespath-java-1.12.261.jar:/home/runner/.m2/repository/org/kohsuke/metainf-services/metainf-services/1.8/metainf-services-1.8.jar:/home/runner/.m2/repository/org/apache/ozone/hdds-tools/1.4.0-SNAPSHOT/hdds-tools-1.4.0-SNAPSHOT.jar:/home/runner/.m2/repository/commons-cli/commons-cli/1.2/commons-cli-1.2.jar:/home/runner/.m2/repository/org/apache/commons/commons-lang3/3.7/commons-lang3-3.7.jar:/home/runner/.m2/repository/org/apache/ozone/ozone-manager/1.4.0-SNAPSHOT/ozone-manager-1.4.0-SNAPSHOT-tests.jar:/home/runner/.m2/repository/org/apache/ozone/hdds-common/1.4.0-SNAPSHOT/hdds-common-1.4.0-SNAPSHOT-tests.jar:/home/runner/.m2/repository/org/apache/ozone/hdds-hadoop-dependency-client/1.4.0-SNAPSHOT/hdds-hadoop-dependency-client-1.4.0-SNAPSHOT.jar:/home/runner/.m2/repository/info/picocli/picocli/4.6.1/picocli-4.6.1.jar:/home/runner/.m2/repository/com/fasterxml/jackson/core/jackson-annotations/2.13.4/jackson-annotations-2.13.4.jar:/home/runner/.m2/repository/com/fasterxml/jackson/datatype/jackson-datatype-jsr310/2.13.4/jackson-datatype-jsr310-2.13.4.jar:/home/runner/.m2/repository/org/apache/ozone/hdds-annotation-processing/1.4.0-SNAPSHOT/hdds-annotation-processing-1.4.0-SNAPSHOT.jar:/home/runner/.m2/repository/javax/annotation/javax.annotation-api/1.2/javax.annotation-api-1.2.jar:/home/runner/.m2/repository/org/apache/ratis/ratis-server/2.4.2-8b8bdda-SNAPSHOT/ratis-server-2.4.2-8b8bdda-SNAPSHOT.jar:/home/runner/.m2/repository/org/apache/ratis/ratis-client/2.4.2-8b8bdda-SNAPSHOT/ratis-client-2.4.2-8b8bdda-SNAPSHOT.jar:/home/runner/.m2/repository/org/apache/ratis/ratis-server-api/2.4.2-8b8bdda-SNAPSHOT/ratis-server-api-2.4.2-8b8bdda-SNAPSHOT.jar:/home/runner/.m2/repository/org/apache/ratis/ratis-metrics/2.4.2-8b8bdda-SNAPSHOT/ratis-metrics-2.4.2-8b8bdda-SNAPSHOT.jar:/home/runner/.m2/repository/org/apache/ratis/ratis-netty/2.4.2-8b8bdda-SNAPSHOT/ratis-netty-2.4.2-8b8bdda-SNAPSHOT.jar:/home/runner/.m2/repository/org/apache/ratis/ratis-grpc/2.4.2-8b8bdda-SNAPSHOT/ratis-grpc-2.4.2-8b8bdda-SNAPSHOT.jar:/home/runner/.m2/repository/org/apache/logging/log4j/log4j-api/2.17.1/log4j-api-2.17.1.jar:/home/runner/.m2/repository/org/apache/commons/commons-pool2/2.6.0/commons-pool2-2.6.0.jar:/home/runner/.m2/repository/org/bouncycastle/bcpkix-jdk15on/1.67/bcpkix-jdk15on-1.67.jar:/home/runner/.m2/repository/commons-validator/commons-validator/1.6/commons-validator-1.6.jar:/home/runner/.m2/repository/commons-beanutils/commons-beanutils/1.9.4/commons-beanutils-1.9.4.jar:/home/runner/.m2/repository/commons-digester/commons-digester/1.8.1/commons-digester-1.8.1.jar:/home/runner/.m2/repository/commons-collections/commons-collections/3.2.2/commons-collections-3.2.2.jar:/home/runner/.m2/repository/io/jaegertracing/jaeger-client/1.6.0/jaeger-client-1.6.0.jar:/home/runner/.m2/repository/io/jaegertracing/jaeger-thrift/1.6.0/jaeger-thrift-1.6.0.jar:/home/runner/.m2/repository/org/apache/thrift/libthrift/0.14.1/libthrift-0.14.1.jar:/home/runner/.m2/repository/io/jaegertracing/jaeger-core/1.6.0/jaeger-core-1.6.0.jar:/home/runner/.m2/repository/io/jaegertracing/jaeger-tracerresolver/1.6.0/jaeger-tracerresolver-1.6.0.jar:/home/runner/.m2/repository/io/opentracing/contrib/opentracing-tracerresolver/0.1.8/opentracing-tracerresolver-0.1.8.jar:/home/runner/.m2/repository/org/jetbrains/kotlin/kotlin-stdlib/1.6.21/kotlin-stdlib-1.6.21.jar:/home/runner/.m2/repository/org/jetbrains/annotations/13.0/annotations-13.0.jar:/home/runner/.m2/repository/io/opentracing/opentracing-util/0.33.0/opentracing-util-0.33.0.jar:/home/runner/.m2/repository/io/opentracing/opentracing-api/0.33.0/opentracing-api-0.33.0.jar:/home/runner/.m2/repository/io/opentracing/opentracing-noop/0.33.0/opentracing-noop-0.33.0.jar:/home/runner/.m2/repository/org/yaml/snakeyaml/1.33/snakeyaml-1.33.jar:/home/runner/.m2/repository/org/apache/ozone/hdds-interface-admin/1.4.0-SNAPSHOT/hdds-interface-admin-1.4.0-SNAPSHOT.jar:/home/runner/.m2/repository/junit/junit/4.13.1/junit-4.13.1.jar:/home/runner/.m2/repository/org/hamcrest/hamcrest-core/1.3/hamcrest-core-1.3.jar:/home/runner/.m2/repository/org/junit/jupiter/junit-jupiter-api/5.8.2/junit-jupiter-api-5.8.2.jar:/home/runner/.m2/repository/org/opentest4j/opentest4j/1.2.0/opentest4j-1.2.0.jar:/home/runner/.m2/repository/org/junit/platform/junit-platform-commons/1.8.2/junit-platform-commons-1.8.2.jar:/home/runner/.m2/repository/org/apiguardian/apiguardian-api/1.1.2/apiguardian-api-1.1.2.jar:/home/runner/.m2/repository/org/junit/jupiter/junit-jupiter-params/5.8.2/junit-jupiter-params-5.8.2.jar:/home/runner/.m2/repository/org/junit/jupiter/junit-jupiter-migrationsupport/5.8.2/junit-jupiter-migrationsupport-5.8.2.jar:/home/runner/.m2/repository/org/junit/jupiter/junit-jupiter-engine/5.8.2/junit-jupiter-engine-5.8.2.jar:/home/runner/.m2/repository/org/junit/platform/junit-platform-engine/1.8.2/junit-platform-engine-1.8.2.jar:/home/runner/.m2/repository/org/junit/vintage/junit-vintage-engine/5.8.2/junit-vintage-engine-5.8.2.jar:/home/runner/.m2/repository/org/junit/platform/junit-platform-launcher/1.8.2/junit-platform-launcher-1.8.2.jar:/home/runner/.m2/repository/org/mockito/mockito-core/2.28.2/mockito-core-2.28.2.jar:/home/runner/.m2/repository/net/bytebuddy/byte-buddy/1.9.10/byte-buddy-1.9.10.jar:/home/runner/.m2/repository/net/bytebuddy/byte-buddy-agent/1.9.10/byte-buddy-agent-1.9.10.jar:/home/runner/.m2/repository/org/objenesis/objenesis/1.0/objenesis-1.0.jar:/home/runner/.m2/repository/org/apache/hadoop/hadoop-kms/3.3.4/hadoop-kms-3.3.4.jar:/home/runner/.m2/repository/org/apache/hadoop/hadoop-auth/3.3.4/hadoop-auth-3.3.4.jar:/home/runner/.m2/repository/com/nimbusds/nimbus-jose-jwt/9.8.1/nimbus-jose-jwt-9.8.1.jar:/home/runner/.m2/repository/com/github/stephenc/jcip/jcip-annotations/1.0-1/jcip-annotations-1.0-1.jar:/home/runner/.m2/repository/net/minidev/json-smart/2.4.7/json-smart-2.4.7.jar:/home/runner/.m2/repository/net/minidev/accessors-smart/2.4.7/accessors-smart-2.4.7.jar:/home/runner/.m2/repository/org/ow2/asm/asm/5.0.4/asm-5.0.4.jar:/home/runner/.m2/repository/org/apache/zookeeper/zookeeper/3.5.6/zookeeper-3.5.6.jar:/home/runner/.m2/repository/org/apache/zookeeper/zookeeper-jute/3.5.6/zookeeper-jute-3.5.6.jar:/home/runner/.m2/repository/org/apache/yetus/audience-annotations/0.5.0/audience-annotations-0.5.0.jar:/home/runner/.m2/repository/org/apache/curator/curator-framework/4.2.0/curator-framework-4.2.0.jar:/home/runner/.m2/repository/org/apache/hadoop/thirdparty/hadoop-shaded-guava/1.1.1/hadoop-shaded-guava-1.1.1.jar:/home/runner/.m2/repository/com/sun/jersey/jersey-core/1.19/jersey-core-1.19.jar:/home/runner/.m2/repository/javax/ws/rs/jsr311-api/1.1.1/jsr311-api-1.1.1.jar:/home/runner/.m2/repository/com/sun/jersey/jersey-server/1.19/jersey-server-1.19.jar:/home/runner/.m2/repository/javax/servlet/javax.servlet-api/3.1.0/javax.servlet-api-3.1.0.jar:/home/runner/.m2/repository/org/eclipse/jetty/jetty-server/9.4.49.v20220914/jetty-server-9.4.49.v20220914.jar:/home/runner/.m2/repository/org/eclipse/jetty/jetty-http/9.4.49.v20220914/jetty-http-9.4.49.v20220914.jar:/home/runner/.m2/repository/org/eclipse/jetty/jetty-io/9.4.49.v20220914/jetty-io-9.4.49.v20220914.jar:/home/runner/.m2/repository/org/eclipse/jetty/jetty-webapp/9.4.49.v20220914/jetty-webapp-9.4.49.v20220914.jar:/home/runner/.m2/repository/org/eclipse/jetty/jetty-xml/9.4.49.v20220914/jetty-xml-9.4.49.v20220914.jar:/home/runner/.m2/repository/org/apache/hadoop/hadoop-common/3.3.4/hadoop-common-3.3.4.jar:/home/runner/.m2/repository/org/apache/commons/commons-math3/3.1.1/commons-math3-3.1.1.jar:/home/runner/.m2/repository/commons-net/commons-net/3.9.0/commons-net-3.9.0.jar:/home/runner/.m2/repository/com/sun/jersey/jersey-servlet/1.19/jersey-servlet-1.19.jar:/home/runner/.m2/repository/com/sun/jersey/jersey-json/1.19/jersey-json-1.19.jar:/home/runner/.m2/repository/org/codehaus/jettison/jettison/1.1/jettison-1.1.jar:/home/runner/.m2/repository/com/sun/xml/bind/jaxb-impl/2.2.3-1/jaxb-impl-2.2.3-1.jar:/home/runner/.m2/repository/org/codehaus/jackson/jackson-xc/1.9.2/jackson-xc-1.9.2.jar:/home/runner/.m2/repository/com/google/re2j/re2j/1.1/re2j-1.1.jar:/home/runner/.m2/repository/com/jcraft/jsch/0.1.54/jsch-0.1.54.jar:/home/runner/.m2/repository/org/apache/curator/curator-client/4.2.0/curator-client-4.2.0.jar:/home/runner/.m2/repository/org/apache/curator/curator-recipes/4.2.0/curator-recipes-4.2.0.jar:/home/runner/.m2/repository/org/apache/kerby/kerb-core/1.0.1/kerb-core-1.0.1.jar:/home/runner/.m2/repository/org/apache/kerby/kerby-pkix/1.0.1/kerby-pkix-1.0.1.jar:/home/runner/.m2/repository/org/apache/kerby/kerby-asn1/1.0.1/kerby-asn1-1.0.1.jar:/home/runner/.m2/repository/org/apache/kerby/kerby-util/1.0.1/kerby-util-1.0.1.jar:/home/runner/.m2/repository/dnsjava/dnsjava/2.1.7/dnsjava-2.1.7.jar:/home/runner/.m2/repository/org/xerial/snappy/snappy-java/1.1.8.2/snappy-java-1.1.8.2.jar:/home/runner/.m2/repository/org/eclipse/jetty/jetty-util/9.4.49.v20220914/jetty-util-9.4.49.v20220914.jar:/home/runner/.m2/repository/com/fasterxml/jackson/core/jackson-databind/2.13.4.2/jackson-databind-2.13.4.2.jar:/home/runner/.m2/repository/org/apache/hadoop/hadoop-kms/3.3.4/hadoop-kms-3.3.4-tests.jar:/home/runner/.m2/repository/org/apache/ozone/hdds-server-scm/1.4.0-SNAPSHOT/hdds-server-scm-1.4.0-SNAPSHOT-tests.jar:/home/runner/.m2/repository/org/apache/ozone/hdds-container-service/1.4.0-SNAPSHOT/hdds-container-service-1.4.0-SNAPSHOT-tests.jar:/home/runner/.m2/repository/com/github/luben/zstd-jni/1.5.2-5/zstd-jni-1.5.2-5.jar:/home/runner/.m2/repository/commons-codec/commons-codec/1.15/commons-codec-1.15.jar:/home/runner/.m2/repository/io/netty/netty-codec/4.1.77.Final/netty-codec-4.1.77.Final.jar:/home/runner/.m2/repository/io/netty/netty-handler/4.1.77.Final/netty-handler-4.1.77.Final.jar:/home/runner/.m2/repository/org/apache/ozone/hdds-hadoop-dependency-test/1.4.0-SNAPSHOT/hdds-hadoop-dependency-test-1.4.0-SNAPSHOT.jar:/home/runner/.m2/repository/org/apache/hadoop/hadoop-common/3.3.4/hadoop-common-3.3.4-tests.jar:/home/runner/.m2/repository/org/apache/hadoop/hadoop-hdfs/3.3.4/hadoop-hdfs-3.3.4-tests.jar:/home/runner/.m2/repository/org/assertj/assertj-core/3.12.2/assertj-core-3.12.2.jar:/home/runner/.m2/repository/org/apache/hadoop/hadoop-distcp/3.3.4/hadoop-distcp-3.3.4.jar:/home/runner/.m2/repository/org/apache/hadoop/hadoop-mapreduce-client-jobclient/3.3.4/hadoop-mapreduce-client-jobclient-3.3.4.jar:/home/runner/.m2/repository/org/apache/hadoop/hadoop-mapreduce-client-common/3.3.4/hadoop-mapreduce-client-common-3.3.4.jar:/home/runner/.m2/repository/org/apache/hadoop/hadoop-yarn-common/3.3.4/hadoop-yarn-common-3.3.4.jar:/home/runner/.m2/repository/org/apache/hadoop/hadoop-yarn-api/3.3.4/hadoop-yarn-api-3.3.4.jar:/home/runner/.m2/repository/com/sun/jersey/contribs/jersey-guice/1.19/jersey-guice-1.19.jar:/home/runner/.m2/repository/com/fasterxml/jackson/jaxrs/jackson-jaxrs-json-provider/2.13.4/jackson-jaxrs-json-provider-2.13.4.jar:/home/runner/.m2/repository/com/fasterxml/jackson/jaxrs/jackson-jaxrs-base/2.13.4/jackson-jaxrs-base-2.13.4.jar:/home/runner/.m2/repository/org/apache/hadoop/hadoop-yarn-client/3.3.4/hadoop-yarn-client-3.3.4.jar:/home/runner/.m2/repository/org/eclipse/jetty/websocket/websocket-client/9.4.43.v20210629/websocket-client-9.4.43.v20210629.jar:/home/runner/.m2/repository/org/eclipse/jetty/websocket/websocket-common/9.4.43.v20210629/websocket-common-9.4.43.v20210629.jar:/home/runner/.m2/repository/org/eclipse/jetty/websocket/websocket-api/9.4.43.v20210629/websocket-api-9.4.43.v20210629.jar:/home/runner/.m2/repository/org/jline/jline/3.9.0/jline-3.9.0.jar:/home/runner/.m2/repository/org/apache/hadoop/hadoop-mapreduce-client-core/3.3.4/hadoop-mapreduce-client-core-3.3.4.jar:/home/runner/.m2/repository/org/apache/avro/avro/1.7.7/avro-1.7.7.jar:/home/runner/.m2/repository/org/codehaus/jackson/jackson-core-asl/1.9.13/jackson-core-asl-1.9.13.jar:/home/runner/.m2/repository/org/codehaus/jackson/jackson-mapper-asl/1.9.13/jackson-mapper-asl-1.9.13.jar:/home/runner/.m2/repository/com/thoughtworks/paranamer/paranamer/2.3/paranamer-2.3.jar:/home/runner/.m2/repository/org/apache/hadoop/hadoop-annotations/3.3.4/hadoop-annotations-3.3.4.jar:/usr/lib/jvm/temurin-8-jdk-amd64/jre/../lib/tools.jar:/home/runner/.m2/repository/io/netty/netty/3.10.6.Final/netty-3.10.6.Final.jar:/home/runner/.m2/repository/org/apache/hadoop/hadoop-distcp/3.3.4/hadoop-distcp-3.3.4-tests.jar:/home/runner/.m2/repository/org/slf4j/jul-to-slf4j/1.7.36/jul-to-slf4j-1.7.36.jar:/home/runner/.m2/repository/org/apache/ratis/ratis-common/2.4.2-8b8bdda-SNAPSHOT/ratis-common-2.4.2-8b8bdda-SNAPSHOT.jar:/home/runner/.m2/repository/org/apache/ratis/ratis-thirdparty-misc/1.0.3/ratis-thirdparty-misc-1.0.3.jar:/home/runner/.m2/repository/org/apache/ratis/ratis-proto/2.4.2-8b8bdda-SNAPSHOT/ratis-proto-2.4.2-8b8bdda-SNAPSHOT.jar:"/>
    <property name="sun.cpu.endian" value="little"/>
    <property name="user.home" value="/home/runner"/>
    <property name="user.language" value="en"/>
    <property name="java.specification.vendor" value="Oracle Corporation"/>
    <property name="java.home" value="/usr/lib/jvm/temurin-8-jdk-amd64/jre"/>
    <property name="java.security.krb5.conf" value="/home/runner/work/ozone/ozone/hadoop-ozone/integration-test/target/test-classes/krb5.conf"/>
    <property name="basedir" value="/home/runner/work/ozone/ozone/hadoop-ozone/integration-test"/>
    <property name="file.separator" value="/"/>
    <property name="line.separator" value="&#10;"/>
    <property name="java.vm.specification.vendor" value="Oracle Corporation"/>
    <property name="java.specification.name" value="Java Platform API Specification"/>
    <property name="java.awt.graphicsenv" value="sun.awt.X11GraphicsEnvironment"/>
    <property name="skip.installnpx" value="true"/>
    <property name="surefire.real.class.path" value="/home/runner/work/ozone/ozone/hadoop-ozone/integration-test/target/surefire/surefirebooter2884789179523165336.jar:/home/runner/.m2/repository/org/jacoco/org.jacoco.agent/0.8.5/org.jacoco.agent-0.8.5-runtime.jar"/>
    <property name="hadoop.log.dir" value="/home/runner/work/ozone/ozone/hadoop-ozone/integration-test/target/log"/>
    <property name="sun.boot.class.path" value="/usr/lib/jvm/temurin-8-jdk-amd64/jre/lib/resources.jar:/usr/lib/jvm/temurin-8-jdk-amd64/jre/lib/rt.jar:/usr/lib/jvm/temurin-8-jdk-amd64/jre/lib/sunrsasign.jar:/usr/lib/jvm/temurin-8-jdk-amd64/jre/lib/jsse.jar:/usr/lib/jvm/temurin-8-jdk-amd64/jre/lib/jce.jar:/usr/lib/jvm/temurin-8-jdk-amd64/jre/lib/charsets.jar:/usr/lib/jvm/temurin-8-jdk-amd64/jre/lib/jfr.jar:/usr/lib/jvm/temurin-8-jdk-amd64/jre/classes"/>
    <property name="sun.management.compiler" value="HotSpot 64-Bit Tiered Compilers"/>
    <property name="skip.npx" value="true"/>
    <property name="java.runtime.version" value="1.8.0_352-b08"/>
    <property name="java.net.preferIPv4Stack" value="true"/>
    <property name="user.name" value="runner"/>
    <property name="path.separator" value=":"/>
    <property name="java.security.egd" value="file:///dev/urandom"/>
    <property name="os.version" value="5.15.0-1023-azure"/>
    <property name="java.endorsed.dirs" value="/usr/lib/jvm/temurin-8-jdk-amd64/jre/lib/endorsed"/>
    <property name="java.runtime.name" value="OpenJDK Runtime Environment"/>
    <property name="file.encoding" value="UTF-8"/>
    <property name="java.vm.name" value="OpenJDK 64-Bit Server VM"/>
    <property name="test.build.webapps" value=""/>
    <property name="localRepository" value="/home/runner/.m2/repository"/>
    <property name="jetty.git.hash" value="4231a3b2e4cb8548a412a789936d640a97b1aa0a"/>
    <property name="java.vendor.url.bug" value="https://github.com/adoptium/adoptium-support/issues"/>
    <property name="java.io.tmpdir" value="/tmp"/>
    <property name="require.test.libhadoop" value=""/>
    <property name="java.version" value="1.8.0_352"/>
    <property name="user.dir" value="/home/runner/work/ozone/ozone/hadoop-ozone/integration-test"/>
    <property name="os.arch" value="amd64"/>
    <property name="java.vm.specification.name" value="Java Virtual Machine Specification"/>
    <property name="test.build.classes" value="/home/runner/work/ozone/ozone/hadoop-ozone/integration-test/target/test-classes"/>
    <property name="java.awt.printerjob" value="sun.print.PSPrinterJob"/>
    <property name="sun.os.patch.level" value="unknown"/>
    <property name="org.apache.ratis.thirdparty.io.netty.allocator.useCacheForAllThreads" value="false"/>
    <property name="hadoop.tmp.dir" value="/home/runner/work/ozone/ozone/hadoop-ozone/integration-test/target/tmp"/>
    <property name="java.library.path" value="/usr/java/packages/lib/amd64:/usr/lib64:/lib64:/lib:/usr/lib"/>
    <property name="java.vm.info" value="mixed mode"/>
    <property name="java.vendor" value="Temurin"/>
    <property name="java.vm.version" value="25.352-b08"/>
    <property name="java.specification.maintenance.version" value="4"/>
    <property name="java.ext.dirs" value="/usr/lib/jvm/temurin-8-jdk-amd64/jre/lib/ext:/usr/java/packages/lib/ext"/>
    <property name="sun.io.unicode.encoding" value="UnicodeLittle"/>
    <property name="java.class.version" value="52.0"/>
  </properties>
  <testcase name="testFlushChunk" classname="org.apache.hadoop.ozone.client.rpc.TestBlockOutputStreamFlushDelay" time="1.053">
    <system-out><![CDATA[2023-01-08 22:30:32,012 [main] WARN  server.ServerUtils (ServerUtils.java:getScmDbDir(148)) - ozone.scm.db.dirs is not configured. We recommend adding this setting. Falling back to ozone.metadata.dirs instead.
2023-01-08 22:30:32,150 [main] WARN  server.ServerUtils (ServerUtils.java:getScmDbDir(148)) - ozone.scm.db.dirs is not configured. We recommend adding this setting. Falling back to ozone.metadata.dirs instead.
2023-01-08 22:30:32,155 [main] INFO  ha.SCMHANodeDetails (SCMHANodeDetails.java:loadSCMHAConfig(209)) - ServiceID for StorageContainerManager is null
2023-01-08 22:30:32,170 [main] WARN  ha.SCMHANodeDetails (SCMHANodeDetails.java:validateSCMHAConfig(182)) - Invalid config ozone.scm.ratis.enable. The config was not specified, but the default value true conflicts with the expected config value false. Falling back to the expected value. Current State of SCM: SCM is running in Non-HA without Ratis Ratis SCM -> Non Ratis SCM or Non HA SCM -> HA SCM is not supported
2023-01-08 22:30:32,171 [main] INFO  ha.SCMHANodeDetails (SCMHANodeDetails.java:loadSCMHAConfig(214)) - ozone.scm.default.service.id is not defined, falling back to ozone.scm.service.ids to find serviceID for StorageContainerManager if it is HA enabled cluster
2023-01-08 22:30:32,609 [main] WARN  utils.HAUtils (HAUtils.java:getMetaDir(342)) - ozone.scm.db.dirs is not configured. We recommend adding this setting. Falling back to ozone.metadata.dirs instead.
2023-01-08 22:30:32,741 [main] WARN  db.DBStoreBuilder (DBStoreBuilder.java:applyDBDefinition(144)) - ozone.scm.db.dirs is not configured. We recommend adding this setting. Falling back to ozone.metadata.dirs instead.
2023-01-08 22:30:33,017 [main] INFO  net.NodeSchemaLoader (NodeSchemaLoader.java:loadSchemaFromFile(129)) - Loading schema from [jar:file:/home/runner/.m2/repository/org/apache/ozone/hdds-common/1.4.0-SNAPSHOT/hdds-common-1.4.0-SNAPSHOT.jar!/network-topology-default.xml]
2023-01-08 22:30:33,019 [main] INFO  net.NodeSchemaLoader (NodeSchemaLoader.java:loadSchema(176)) - Loading network topology layer schema file
2023-01-08 22:30:33,074 [main] INFO  metrics.MetricRegistries (MetricRegistriesLoader.java:load(64)) - Loaded MetricRegistries class org.apache.ratis.metrics.impl.MetricRegistriesImpl
2023-01-08 22:30:33,079 [main] INFO  upgrade.AbstractLayoutVersionManager (AbstractLayoutVersionManager.java:init(83)) - Initializing Layout version manager with metadata layout = DATANODE_SCHEMA_V3 (version = 4), software layout = DATANODE_SCHEMA_V3 (version = 4)
2023-01-08 22:30:33,267 [main] INFO  reflections.Reflections (Reflections.java:scan(232)) - Reflections took 121 ms to scan 7 urls, producing 146 keys and 350 values 
2023-01-08 22:30:33,360 [main] INFO  ha.SequenceIdGenerator (SequenceIdGenerator.java:upgradeToSequenceId(349)) - upgrade localId to 111677748019200000
2023-01-08 22:30:33,360 [main] INFO  ha.SequenceIdGenerator (SequenceIdGenerator.java:upgradeToSequenceId(359)) - upgrade delTxnId to 0
2023-01-08 22:30:33,364 [main] INFO  ha.SequenceIdGenerator (SequenceIdGenerator.java:upgradeToSequenceId(376)) - upgrade containerId to 0
2023-01-08 22:30:33,366 [main] INFO  ha.SequenceIdGenerator (SequenceIdGenerator.java:<init>(220)) - Init the HA SequenceIdGenerator.
2023-01-08 22:30:33,420 [main] INFO  node.SCMNodeManager (SCMNodeManager.java:<init>(149)) - Entering startup safe mode.
2023-01-08 22:30:33,476 [main] INFO  algorithms.ContainerPlacementPolicyFactory (ContainerPlacementPolicyFactory.java:getPolicyInternal(86)) - Create container placement policy of type org.apache.hadoop.hdds.scm.container.placement.algorithms.SCMContainerPlacementRandom
2023-01-08 22:30:33,479 [main] INFO  algorithms.ContainerPlacementPolicyFactory (ContainerPlacementPolicyFactory.java:getPolicyInternal(86)) - Create container placement policy of type org.apache.hadoop.hdds.scm.container.placement.algorithms.SCMContainerPlacementRackScatter
2023-01-08 22:30:33,497 [main] INFO  pipeline.PipelineStateManagerImpl (PipelineStateManagerImpl.java:initialize(78)) - No pipeline exists in current db
2023-01-08 22:30:33,531 [main] INFO  algorithms.LeaderChoosePolicyFactory (LeaderChoosePolicyFactory.java:getPolicy(57)) - Create leader choose policy of type org.apache.hadoop.hdds.scm.pipeline.leader.choose.algorithms.MinLeaderCountChoosePolicy
2023-01-08 22:30:33,532 [main] INFO  algorithms.ContainerPlacementPolicyFactory (ContainerPlacementPolicyFactory.java:getPolicyInternal(86)) - Create container placement policy of type org.apache.hadoop.hdds.scm.container.placement.algorithms.SCMContainerPlacementRackScatter
2023-01-08 22:30:33,537 [main] INFO  ha.SCMServiceManager (SCMServiceManager.java:register(42)) - Registering service BackgroundPipelineCreator.
2023-01-08 22:30:33,537 [main] INFO  pipeline.BackgroundPipelineCreator (BackgroundPipelineCreator.java:start(124)) - Starting RatisPipelineUtilsThread.
2023-01-08 22:30:33,541 [main] INFO  BackgroundPipelineScrubber (BackgroundSCMService.java:start(68)) - Starting BackgroundPipelineScrubber Service.
2023-01-08 22:30:33,542 [main] INFO  ha.SCMServiceManager (SCMServiceManager.java:register(42)) - Registering service BackgroundPipelineScrubber.
2023-01-08 22:30:33,549 [main] INFO  ExpiredContainerReplicaOpScrubber (BackgroundSCMService.java:start(68)) - Starting ExpiredContainerReplicaOpScrubber Service.
2023-01-08 22:30:33,554 [main] INFO  ha.SCMServiceManager (SCMServiceManager.java:register(42)) - Registering service ExpiredContainerReplicaOpScrubber.
2023-01-08 22:30:33,598 [main] INFO  algorithms.PipelineChoosePolicyFactory (PipelineChoosePolicyFactory.java:createPipelineChoosePolicyFromClass(73)) - Create pipeline choose policy of type org.apache.hadoop.hdds.scm.pipeline.choose.algorithms.RandomPipelineChoosePolicy
2023-01-08 22:30:33,618 [main] INFO  ha.SCMServiceManager (SCMServiceManager.java:register(42)) - Registering service SCMBlockDeletingService.
2023-01-08 22:30:33,669 [main] INFO  replication.ReplicationManager (ReplicationManager.java:start(261)) - Starting Replication Monitor Thread.
2023-01-08 22:30:33,677 [main] INFO  ha.SCMServiceManager (SCMServiceManager.java:register(42)) - Registering service ReplicationManager.
2023-01-08 22:30:33,682 [ReplicationMonitor] INFO  replication.ReplicationManager (ReplicationManager.java:processAll(330)) - Replication Manager is not ready to run until 3000ms after safemode exit
2023-01-08 22:30:33,688 [main] INFO  safemode.ContainerSafeModeRule (ContainerSafeModeRule.java:<init>(89)) - containers with one replica threshold count 0
2023-01-08 22:30:33,693 [main] INFO  safemode.HealthyPipelineSafeModeRule (HealthyPipelineSafeModeRule.java:initializeRule(169)) - Total pipeline count is 0, healthy pipeline threshold count is 1
2023-01-08 22:30:33,696 [main] INFO  safemode.OneReplicaPipelineSafeModeRule (OneReplicaPipelineSafeModeRule.java:initializeRule(180)) - Total pipeline count is 0, pipeline's with at least one datanode reported threshold count is 0
2023-01-08 22:30:34,012 [main] INFO  audit.AuditLogger (AuditLogger.java:refreshDebugCmdSet(126)) - Refresh DebugCmdSet for SCMAudit to [].
2023-01-08 22:30:34,041 [main] INFO  ipc.CallQueueManager (CallQueueManager.java:<init>(90)) - Using callQueue: class java.util.concurrent.LinkedBlockingQueue, queueCapacity: 2000, scheduler: class org.apache.hadoop.ipc.DefaultRpcScheduler, ipcBackoff: false.
2023-01-08 22:30:34,079 [Socket Reader #1 for port 0] INFO  ipc.Server (Server.java:run(1273)) - Starting Socket Reader #1 for port 0
2023-01-08 22:30:34,141 [Listener at 0.0.0.0/40749] INFO  audit.AuditLogger (AuditLogger.java:refreshDebugCmdSet(126)) - Refresh DebugCmdSet for SCMAudit to [].
2023-01-08 22:30:34,150 [Listener at 0.0.0.0/40749] INFO  ipc.CallQueueManager (CallQueueManager.java:<init>(90)) - Using callQueue: class java.util.concurrent.LinkedBlockingQueue, queueCapacity: 2000, scheduler: class org.apache.hadoop.ipc.DefaultRpcScheduler, ipcBackoff: false.
2023-01-08 22:30:34,151 [Socket Reader #1 for port 0] INFO  ipc.Server (Server.java:run(1273)) - Starting Socket Reader #1 for port 0
2023-01-08 22:30:34,181 [Listener at 0.0.0.0/33545] INFO  audit.AuditLogger (AuditLogger.java:refreshDebugCmdSet(126)) - Refresh DebugCmdSet for SCMAudit to [].
2023-01-08 22:30:34,193 [Listener at 0.0.0.0/33545] INFO  ipc.CallQueueManager (CallQueueManager.java:<init>(90)) - Using callQueue: class java.util.concurrent.LinkedBlockingQueue, queueCapacity: 2000, scheduler: class org.apache.hadoop.ipc.DefaultRpcScheduler, ipcBackoff: false.
2023-01-08 22:30:34,194 [Socket Reader #1 for port 0] INFO  ipc.Server (Server.java:run(1273)) - Starting Socket Reader #1 for port 0
2023-01-08 22:30:34,238 [Listener at 0.0.0.0/41951] INFO  ha.SCMServiceManager (SCMServiceManager.java:register(42)) - Registering service ContainerBalancer.
2023-01-08 22:30:34,242 [Listener at 0.0.0.0/41951] INFO  server.StorageContainerManager (StorageContainerManager.java:<init>(399)) - 
Container Balancer status:
Key                            Value
Running                        true
Container Balancer Configuration values:
Key                                                Value
Threshold                                          10
Max Datanodes to Involve per Iteration(percent)    20
Max Size to Move per Iteration                     500GB
Max Size Entering Target per Iteration             26GB
Max Size Leaving Source per Iteration              26GB

2023-01-08 22:30:34,243 [Listener at 0.0.0.0/41951] INFO  ha.SCMContext (SCMContext.java:updateSafeModeStatus(228)) - Update SafeModeStatus from SafeModeStatus{safeModeStatus=true, preCheckPassed=false} to SafeModeStatus{safeModeStatus=true, preCheckPassed=false}.
2023-01-08 22:30:34,248 [Listener at 0.0.0.0/41951] INFO  server.StorageContainerManager (StorageContainerManager.java:start(1426)) - StorageContainerLocationProtocol RPC server is listening at /0.0.0.0:41951
2023-01-08 22:30:34,344 [Listener at 0.0.0.0/41951] WARN  impl.MetricsConfig (MetricsConfig.java:loadFirst(136)) - Cannot locate configuration: tried hadoop-metrics2-storagecontainermanager.properties,hadoop-metrics2.properties
2023-01-08 22:30:34,360 [Listener at 0.0.0.0/41951] INFO  impl.MetricsSystemImpl (MetricsSystemImpl.java:startTimer(378)) - Scheduled Metric snapshot period at 10 second(s).
2023-01-08 22:30:34,361 [Listener at 0.0.0.0/41951] INFO  impl.MetricsSystemImpl (MetricsSystemImpl.java:start(191)) - StorageContainerManager metrics system started
2023-01-08 22:30:34,735 [Listener at 0.0.0.0/41951] INFO  server.SCMClientProtocolServer (SCMClientProtocolServer.java:start(170)) - RPC server for Client  is listening at /0.0.0.0:41951
2023-01-08 22:30:34,738 [IPC Server Responder] INFO  ipc.Server (Server.java:run(1512)) - IPC Server Responder: starting
2023-01-08 22:30:34,739 [IPC Server listener on 0] INFO  ipc.Server (Server.java:run(1352)) - IPC Server listener on 0: starting
2023-01-08 22:30:34,742 [Listener at 0.0.0.0/41951] INFO  server.StorageContainerManager (StorageContainerManager.java:start(1440)) - ScmBlockLocationProtocol RPC server is listening at /0.0.0.0:33545
2023-01-08 22:30:34,743 [Listener at 0.0.0.0/41951] INFO  server.SCMBlockProtocolServer (SCMBlockProtocolServer.java:start(152)) - RPC server for Block Protocol is listening at /0.0.0.0:33545
2023-01-08 22:30:34,744 [IPC Server Responder] INFO  ipc.Server (Server.java:run(1512)) - IPC Server Responder: starting
2023-01-08 22:30:34,744 [IPC Server listener on 0] INFO  ipc.Server (Server.java:run(1352)) - IPC Server listener on 0: starting
2023-01-08 22:30:34,747 [Listener at 0.0.0.0/41951] INFO  server.SCMDatanodeProtocolServer (SCMDatanodeProtocolServer.java:start(194)) - ScmDatanodeProtocol RPC server for DataNodes is listening at /0.0.0.0:40749
2023-01-08 22:30:34,748 [IPC Server Responder] INFO  ipc.Server (Server.java:run(1512)) - IPC Server Responder: starting
2023-01-08 22:30:34,748 [IPC Server listener on 0] INFO  ipc.Server (Server.java:run(1352)) - IPC Server listener on 0: starting
2023-01-08 22:30:34,769 [org.apache.hadoop.util.JvmPauseMonitor$Monitor@45ac973] INFO  util.JvmPauseMonitor (JvmPauseMonitor.java:run(188)) - Starting JVM pause monitor
2023-01-08 22:30:34,782 [Listener at 0.0.0.0/41951] INFO  http.BaseHttpServer (BaseHttpServer.java:newHttpServer2BuilderForOzone(213)) - Starting Web-server for scm at: http://0.0.0.0:0
2023-01-08 22:30:34,782 [Listener at 0.0.0.0/41951] INFO  http.BaseHttpServer (BaseHttpServer.java:<init>(108)) - Hadoop Security Enabled: false Ozone Security Enabled: false Ozone HTTP Security Enabled: false 
2023-01-08 22:30:34,810 [Listener at 0.0.0.0/41951] INFO  util.log (Log.java:initialized(170)) - Logging initialized @4175ms to org.eclipse.jetty.util.log.Slf4jLog
2023-01-08 22:30:34,924 [Listener at 0.0.0.0/41951] WARN  server.AuthenticationFilter (AuthenticationFilter.java:constructSecretProvider(240)) - Unable to initialize FileSignerSecretProvider, falling back to use random secrets. Reason: Could not read signature secret file: /home/runner/hadoop-http-auth-signature-secret
2023-01-08 22:30:34,931 [Listener at 0.0.0.0/41951] WARN  http.HttpRequestLog (HttpRequestLog.java:getRequestLog(103)) - Jetty request log can only be enabled using Log4j
2023-01-08 22:30:34,939 [Listener at 0.0.0.0/41951] INFO  http.HttpServer2 (HttpServer2.java:addGlobalFilter(1031)) - Added global filter 'safety' (class=org.apache.hadoop.hdds.server.http.HttpServer2$QuotingInputFilter)
2023-01-08 22:30:34,943 [Listener at 0.0.0.0/41951] INFO  http.HttpServer2 (HttpServer2.java:addFilter(1007)) - Added filter static_user_filter (class=org.apache.hadoop.http.lib.StaticUserWebFilter$StaticUserFilter) to context scm
2023-01-08 22:30:34,943 [Listener at 0.0.0.0/41951] INFO  http.HttpServer2 (HttpServer2.java:addFilter(1015)) - Added filter static_user_filter (class=org.apache.hadoop.http.lib.StaticUserWebFilter$StaticUserFilter) to context static
2023-01-08 22:30:34,944 [Listener at 0.0.0.0/41951] INFO  http.HttpServer2 (HttpServer2.java:addFilter(1015)) - Added filter static_user_filter (class=org.apache.hadoop.http.lib.StaticUserWebFilter$StaticUserFilter) to context logs
2023-01-08 22:30:34,989 [Listener at 0.0.0.0/41951] INFO  http.HttpServer2 (HttpServer2.java:bindListener(1250)) - Jetty bound to port 45099
2023-01-08 22:30:34,991 [Listener at 0.0.0.0/41951] INFO  server.Server (Server.java:doStart(375)) - jetty-9.4.49.v20220914; built: 2022-09-14T01:07:36.601Z; git: 4231a3b2e4cb8548a412a789936d640a97b1aa0a; jvm 1.8.0_352-b08
2023-01-08 22:30:35,024 [Listener at 0.0.0.0/41951] INFO  server.session (DefaultSessionIdManager.java:doStart(334)) - DefaultSessionIdManager workerName=node0
2023-01-08 22:30:35,024 [Listener at 0.0.0.0/41951] INFO  server.session (DefaultSessionIdManager.java:doStart(339)) - No SessionScavenger set, using defaults
2023-01-08 22:30:35,026 [Listener at 0.0.0.0/41951] INFO  server.session (HouseKeeper.java:startScavenging(132)) - node0 Scavenging every 600000ms
2023-01-08 22:30:35,042 [Listener at 0.0.0.0/41951] INFO  handler.ContextHandler (ContextHandler.java:doStart(921)) - Started o.e.j.s.ServletContextHandler@504b4a97{logs,/logs,file:///home/runner/work/ozone/ozone/hadoop-ozone/integration-test/target/log,AVAILABLE}
2023-01-08 22:30:35,042 [Listener at 0.0.0.0/41951] INFO  handler.ContextHandler (ContextHandler.java:doStart(921)) - Started o.e.j.s.ServletContextHandler@414d466e{static,/static,file:///home/runner/work/ozone/ozone/hadoop-ozone/integration-test/target/test-classes/webapps/static,AVAILABLE}
2023-01-08 22:30:35,097 [Listener at 0.0.0.0/41951] INFO  handler.ContextHandler (ContextHandler.java:doStart(921)) - Started o.e.j.w.WebAppContext@5cf6ba1c{scm,/,file:///home/runner/work/ozone/ozone/hadoop-ozone/integration-test/target/test-classes/webapps/scm/,AVAILABLE}{file:/home/runner/work/ozone/ozone/hadoop-ozone/integration-test/target/test-classes/webapps/scm}
2023-01-08 22:30:35,109 [Listener at 0.0.0.0/41951] INFO  server.AbstractConnector (AbstractConnector.java:doStart(333)) - Started ServerConnector@7da9b32c{HTTP/1.1, (http/1.1)}{0.0.0.0:45099}
2023-01-08 22:30:35,109 [Listener at 0.0.0.0/41951] INFO  server.Server (Server.java:doStart(415)) - Started @4475ms
2023-01-08 22:30:35,114 [Listener at 0.0.0.0/41951] INFO  impl.MetricsSinkAdapter (MetricsSinkAdapter.java:start(204)) - Sink prometheus started
2023-01-08 22:30:35,114 [Listener at 0.0.0.0/41951] INFO  impl.MetricsSystemImpl (MetricsSystemImpl.java:registerSink(305)) - Registered sink prometheus
2023-01-08 22:30:35,117 [Listener at 0.0.0.0/41951] INFO  http.BaseHttpServer (BaseHttpServer.java:updateConnectorAddress(333)) - HTTP server of scm listening at http://0.0.0.0:45099
2023-01-08 22:30:35,122 [Listener at 0.0.0.0/41951] WARN  server.ServerUtils (ServerUtils.java:getDBPath(225)) - ozone.om.db.dirs is not configured. We recommend adding this setting. Falling back to ozone.metadata.dirs instead.
2023-01-08 22:30:35,207 [Listener at 0.0.0.0/41951] INFO  audit.AuditLogger (AuditLogger.java:refreshDebugCmdSet(126)) - Refresh DebugCmdSet for OMAudit to [].
2023-01-08 22:30:35,294 [Listener at 0.0.0.0/41951] INFO  ha.OMHANodeDetails (OMHANodeDetails.java:loadOMHAConfig(115)) - ozone.om.internal.service.id is not defined, falling back to ozone.om.service.ids to find serviceID for OzoneManager if it is HA enabled cluster
2023-01-08 22:30:35,297 [Listener at 0.0.0.0/41951] INFO  ha.OMHANodeDetails (OMHANodeDetails.java:loadOMHAConfig(226)) - Configuration does not have ozone.om.address set. Falling back to the default OM address /127.0.0.1:0
2023-01-08 22:30:35,297 [Listener at 0.0.0.0/41951] INFO  ha.OMHANodeDetails (OMHANodeDetails.java:getOMNodeDetailsForNonHA(254)) - OM Service ID is not set. Setting it to the default ID: omServiceIdDefault
2023-01-08 22:30:35,298 [Listener at 0.0.0.0/41951] INFO  ha.OMHANodeDetails (OMHANodeDetails.java:getOMNodeDetailsForNonHA(261)) - OM Node ID is not set. Setting it to the default ID: om1
2023-01-08 22:30:35,302 [Listener at 0.0.0.0/41951] WARN  server.ServerUtils (ServerUtils.java:getDBPath(225)) - ozone.om.db.dirs is not configured. We recommend adding this setting. Falling back to ozone.metadata.dirs instead.
2023-01-08 22:30:35,303 [Listener at 0.0.0.0/41951] INFO  upgrade.AbstractLayoutVersionManager (AbstractLayoutVersionManager.java:init(83)) - Initializing Layout version manager with metadata layout = MULTITENANCY_SCHEMA (version = 3), software layout = MULTITENANCY_SCHEMA (version = 3)
2023-01-08 22:30:35,405 [Listener at 0.0.0.0/41951] INFO  reflections.Reflections (Reflections.java:scan(232)) - Reflections took 96 ms to scan 2 urls, producing 155 keys and 428 values [using 2 cores]
2023-01-08 22:30:35,411 [Listener at 0.0.0.0/41951] INFO  upgrade.OMLayoutVersionManager (OMLayoutVersionManager.java:lambda$0(115)) - Skipping Upgrade Action MockOmUpgradeAction since it has been finalized.
2023-01-08 22:30:35,412 [Listener at 0.0.0.0/41951] WARN  server.ServerUtils (ServerUtils.java:getDBPath(225)) - ozone.om.db.dirs is not configured. We recommend adding this setting. Falling back to ozone.metadata.dirs instead.
2023-01-08 22:30:35,578 [Listener at 0.0.0.0/41951] INFO  proxy.SCMBlockLocationFailoverProxyProvider (SCMBlockLocationFailoverProxyProvider.java:<init>(114)) - Created block location fail-over proxy with 1 nodes: [nodeId=scmNodeId,nodeAddress=/0.0.0.0:33545]
2023-01-08 22:30:35,611 [Listener at 0.0.0.0/41951] INFO  proxy.SCMBlockLocationFailoverProxyProvider (SCMBlockLocationFailoverProxyProvider.java:<init>(114)) - Created block location fail-over proxy with 1 nodes: [nodeId=scmNodeId,nodeAddress=/0.0.0.0:33545]
2023-01-08 22:30:35,807 [Listener at 0.0.0.0/41951] WARN  server.ServerUtils (ServerUtils.java:getDBPath(225)) - ozone.om.db.dirs is not configured. We recommend adding this setting. Falling back to ozone.metadata.dirs instead.
2023-01-08 22:30:35,814 [Listener at 0.0.0.0/41951] INFO  codec.OmKeyInfoCodec (OmKeyInfoCodec.java:<init>(49)) - OmKeyInfoCodec ignorePipeline = true
2023-01-08 22:30:35,815 [Listener at 0.0.0.0/41951] INFO  codec.RepeatedOmKeyInfoCodec (RepeatedOmKeyInfoCodec.java:<init>(41)) - RepeatedOmKeyInfoCodec ignorePipeline = true
2023-01-08 22:30:35,994 [Listener at 0.0.0.0/41951] INFO  om.OzoneManager (OzoneManager.java:instantiateServices(716)) - S3 Multi-Tenancy is disabled
2023-01-08 22:30:36,074 [Listener at 0.0.0.0/41951] INFO  om.OzoneManager (OzoneManager.java:addS3GVolumeToDB(4286)) - Created Volume s3v With Owner runner required for S3Gateway operations.
2023-01-08 22:30:36,151 [Listener at 0.0.0.0/41951] WARN  server.ServerUtils (ServerUtils.java:getDefaultRatisDirectory(237)) - Storage directory for Ratis is not configured. It is a good idea to map this to an SSD disk. Falling back to ozone.metadata.dirs
2023-01-08 22:30:36,152 [Listener at 0.0.0.0/41951] WARN  utils.OzoneManagerRatisUtils (OzoneManagerRatisUtils.java:getOMRatisSnapshotDirectory(431)) - ozone.om.ratis.snapshot.dir is not configured. Falling back to ozone.metadata.dirs config
2023-01-08 22:30:36,176 [Listener at 0.0.0.0/41951] WARN  server.ServerUtils (ServerUtils.java:getDefaultRatisDirectory(237)) - Storage directory for Ratis is not configured. It is a good idea to map this to an SSD disk. Falling back to ozone.metadata.dirs
2023-01-08 22:30:36,216 [Listener at 0.0.0.0/41951] INFO  ratis.OzoneManagerRatisServer (OzoneManagerRatisServer.java:<init>(160)) - Instantiating OM Ratis server with groupID: omServiceIdDefault and peers: localhost:9872
2023-01-08 22:30:36,226 [Listener at 0.0.0.0/41951] INFO  ratis.OzoneManagerStateMachine (OzoneManagerStateMachine.java:loadSnapshotInfoFromDB(636)) - LastAppliedIndex is set from TransactionInfo from OM DB as (t:0, i:~)
2023-01-08 22:30:36,276 [Listener at 0.0.0.0/41951] INFO  server.RaftServer (ConfUtils.java:logGet(46)) - raft.rpc.type = GRPC (default)
2023-01-08 22:30:36,364 [Listener at 0.0.0.0/41951] INFO  grpc.GrpcConfigKeys (ConfUtils.java:logFallback(53)) - raft.grpc.admin.host = null (fallback to raft.grpc.server.host)
2023-01-08 22:30:36,366 [Listener at 0.0.0.0/41951] INFO  grpc.GrpcConfigKeys (ConfUtils.java:logFallback(53)) - raft.grpc.admin.port = 9872 (fallback to raft.grpc.server.port)
2023-01-08 22:30:36,367 [Listener at 0.0.0.0/41951] INFO  grpc.GrpcConfigKeys (ConfUtils.java:logFallback(53)) - raft.grpc.client.host = null (fallback to raft.grpc.server.host)
2023-01-08 22:30:36,367 [Listener at 0.0.0.0/41951] INFO  grpc.GrpcConfigKeys (ConfUtils.java:logFallback(53)) - raft.grpc.client.port = 9872 (fallback to raft.grpc.server.port)
2023-01-08 22:30:36,367 [Listener at 0.0.0.0/41951] INFO  grpc.GrpcConfigKeys (ConfUtils.java:logGet(46)) - raft.grpc.server.host = null (default)
2023-01-08 22:30:36,367 [Listener at 0.0.0.0/41951] INFO  grpc.GrpcConfigKeys (ConfUtils.java:logGet(46)) - raft.grpc.server.port = 9872 (custom)
2023-01-08 22:30:36,368 [Listener at 0.0.0.0/41951] INFO  server.GrpcService (ConfUtils.java:logGet(46)) - raft.grpc.message.size.max = 33554432 (custom)
2023-01-08 22:30:36,369 [Listener at 0.0.0.0/41951] INFO  server.RaftServerConfigKeys (ConfUtils.java:logGet(46)) - raft.server.log.appender.buffer.byte-limit = 33554432 (custom)
2023-01-08 22:30:36,370 [Listener at 0.0.0.0/41951] INFO  server.GrpcService (ConfUtils.java:logGet(46)) - raft.grpc.flow.control.window = 1MB (=1048576) (default)
2023-01-08 22:30:36,370 [Listener at 0.0.0.0/41951] INFO  server.RaftServerConfigKeys (ConfUtils.java:logGet(46)) - raft.server.rpc.request.timeout = 3000ms (default)
2023-01-08 22:30:36,387 [Listener at 0.0.0.0/41951] INFO  grpc.GrpcConfigKeys (ConfUtils.java:logGet(46)) - raft.grpc.server.heartbeat.channel = true (default)
2023-01-08 22:30:36,391 [Listener at 0.0.0.0/41951] INFO  grpc.GrpcConfigKeys (ConfUtils.java:logGet(46)) - raft.grpc.server.async.request.thread.pool.cached = true (default)
2023-01-08 22:30:36,391 [Listener at 0.0.0.0/41951] INFO  grpc.GrpcConfigKeys (ConfUtils.java:logGet(46)) - raft.grpc.server.async.request.thread.pool.size = 32 (default)
2023-01-08 22:30:36,710 [Listener at 0.0.0.0/41951] INFO  impl.DataStreamServerImpl (ConfUtils.java:logGet(46)) - raft.datastream.type = NETTY (custom)
2023-01-08 22:30:36,734 [Listener at 0.0.0.0/41951] INFO  server.RaftServerConfigKeys (ConfUtils.java:logGet(46)) - raft.server.data-stream.async.request.thread.pool.cached = false (default)
2023-01-08 22:30:36,735 [Listener at 0.0.0.0/41951] INFO  server.RaftServerConfigKeys (ConfUtils.java:logGet(46)) - raft.server.data-stream.async.request.thread.pool.size = 32 (default)
2023-01-08 22:30:36,736 [Listener at 0.0.0.0/41951] INFO  server.RaftServerConfigKeys (ConfUtils.java:logGet(46)) - raft.server.data-stream.async.write.thread.pool.size = 16 (default)
2023-01-08 22:30:36,737 [Listener at 0.0.0.0/41951] INFO  server.RaftServerConfigKeys (ConfUtils.java:logGet(46)) - raft.server.data-stream.client.pool.size = 10 (default)
2023-01-08 22:30:36,741 [Listener at 0.0.0.0/41951] INFO  netty.NettyConfigKeys$DataStream (ConfUtils.java:logGet(46)) - raft.netty.dataStream.server.use-epoll = false (default)
2023-01-08 22:30:36,741 [Listener at 0.0.0.0/41951] INFO  netty.NettyConfigKeys$DataStream (ConfUtils.java:logGet(46)) - raft.netty.dataStream.server.boss-group.size = 0 (default)
2023-01-08 22:30:36,749 [Listener at 0.0.0.0/41951] INFO  netty.NettyConfigKeys$DataStream (ConfUtils.java:logGet(46)) - raft.netty.dataStream.server.worker-group.size = 0 (default)
2023-01-08 22:30:36,750 [Listener at 0.0.0.0/41951] INFO  netty.NettyConfigKeys$DataStream (ConfUtils.java:logGet(46)) - raft.netty.dataStream.server.tls.conf = null (default)
2023-01-08 22:30:36,752 [Listener at 0.0.0.0/41951] INFO  netty.NettyConfigKeys$DataStream (ConfUtils.java:logGet(46)) - raft.netty.dataStream.host = null (default)
2023-01-08 22:30:36,752 [Listener at 0.0.0.0/41951] INFO  netty.NettyConfigKeys$DataStream (ConfUtils.java:logGet(46)) - raft.netty.dataStream.port = 0 (default)
2023-01-08 22:30:36,808 [Listener at 0.0.0.0/41951] INFO  server.RaftServerConfigKeys (ConfUtils.java:logGet(46)) - raft.server.threadpool.proxy.cached = true (default)
2023-01-08 22:30:36,808 [Listener at 0.0.0.0/41951] INFO  server.RaftServerConfigKeys (ConfUtils.java:logGet(46)) - raft.server.threadpool.proxy.size = 0 (default)
2023-01-08 22:30:36,808 [Listener at 0.0.0.0/41951] INFO  server.RaftServerConfigKeys (ConfUtils.java:logGet(46)) - raft.server.rpc.slowness.timeout = 120s (custom)
2023-01-08 22:30:36,809 [Listener at 0.0.0.0/41951] INFO  server.RaftServerConfigKeys (ConfUtils.java:logGet(46)) - raft.server.leaderelection.leader.step-down.wait-time = 10s (default)
2023-01-08 22:30:36,813 [Listener at 0.0.0.0/41951] INFO  server.RaftServerConfigKeys (ConfUtils.java:logGet(46)) - raft.server.storage.dir = [/home/runner/work/ozone/ozone/hadoop-ozone/integration-test/target/test-dir/MiniOzoneClusterImpl-3463507a-8a94-4be2-9691-6a94fb394e4a/ozone-meta/ratis] (custom)
2023-01-08 22:30:36,839 [Listener at 0.0.0.0/41951] INFO  server.RaftServer (RaftServerProxy.java:addNew(96)) - om1: addNew group-C5BA1605619E:[om1|rpc:localhost:9872|priority:0|startupRole:FOLLOWER] returns group-C5BA1605619E:java.util.concurrent.CompletableFuture@dcaa310[Not completed]
2023-01-08 22:30:36,840 [Listener at 0.0.0.0/41951] INFO  om.OzoneManager (OzoneManager.java:initializeRatisServer(1981)) - OzoneManager Ratis server initialized at port 9872
2023-01-08 22:30:36,862 [om1-NettyServerStreamRpc-bossGroup--thread1] INFO  logging.LoggingHandler (AbstractInternalLogger.java:log(148)) - [id: 0xcf2c232c] REGISTERED
2023-01-08 22:30:36,868 [Listener at 0.0.0.0/41951] INFO  om.OzoneManager (OzoneManager.java:getRpcServer(1106)) - Creating RPC Server
2023-01-08 22:30:36,875 [om1-NettyServerStreamRpc-bossGroup--thread1] INFO  logging.LoggingHandler (AbstractInternalLogger.java:log(148)) - [id: 0xcf2c232c] BIND: 0.0.0.0/0.0.0.0:0
2023-01-08 22:30:36,877 [pool-54-thread-1] INFO  server.RaftServer$Division (RaftServerImpl.java:<init>(195)) - om1: new RaftServerImpl for group-C5BA1605619E:[om1|rpc:localhost:9872|priority:0|startupRole:FOLLOWER] with OzoneManagerStateMachine:uninitialized
2023-01-08 22:30:36,879 [pool-54-thread-1] INFO  server.RaftServerConfigKeys (ConfUtils.java:logGet(46)) - raft.server.rpc.timeout.min = 1s (custom)
2023-01-08 22:30:36,879 [pool-54-thread-1] INFO  server.RaftServerConfigKeys (ConfUtils.java:logGet(46)) - raft.server.rpc.timeout.max = 1200ms (custom)
2023-01-08 22:30:36,879 [pool-54-thread-1] INFO  server.RaftServerConfigKeys (ConfUtils.java:logGet(46)) - raft.server.rpc.sleep.time = 25ms (default)
2023-01-08 22:30:36,879 [pool-54-thread-1] INFO  server.RaftServerConfigKeys (ConfUtils.java:logGet(46)) - raft.server.rpc.slowness.timeout = 120s (custom)
2023-01-08 22:30:36,879 [pool-54-thread-1] INFO  server.RaftServerConfigKeys (ConfUtils.java:logGet(46)) - raft.server.leaderelection.leader.step-down.wait-time = 10s (default)
2023-01-08 22:30:36,881 [pool-54-thread-1] INFO  server.RaftServerConfigKeys (ConfUtils.java:logGet(46)) - raft.server.sleep.deviation.threshold = 300ms (default)
2023-01-08 22:30:36,886 [om1-NettyServerStreamRpc-bossGroup--thread1] INFO  logging.LoggingHandler (AbstractInternalLogger.java:log(148)) - [id: 0xcf2c232c, L:/0:0:0:0:0:0:0:0:45979] ACTIVE
2023-01-08 22:30:36,903 [pool-54-thread-1] INFO  server.RaftServer$Division (ServerState.java:<init>(118)) - om1@group-C5BA1605619E: ConfigurationManager, init=-1: peers:[om1|rpc:localhost:9872|priority:0|startupRole:FOLLOWER]|listeners:[], old=null, confs=<EMPTY_MAP>
2023-01-08 22:30:36,903 [pool-54-thread-1] INFO  server.RaftServerConfigKeys (ConfUtils.java:logGet(46)) - raft.server.storage.dir = [/home/runner/work/ozone/ozone/hadoop-ozone/integration-test/target/test-dir/MiniOzoneClusterImpl-3463507a-8a94-4be2-9691-6a94fb394e4a/ozone-meta/ratis] (custom)
2023-01-08 22:30:36,913 [pool-54-thread-1] INFO  server.RaftServerConfigKeys (ConfUtils.java:logGet(46)) - raft.server.log.corruption.policy = EXCEPTION (default)
2023-01-08 22:30:36,915 [pool-54-thread-1] INFO  server.RaftServerConfigKeys (ConfUtils.java:logGet(46)) - raft.server.storage.free-space.min = 0MB (=0) (default)
2023-01-08 22:30:36,934 [pool-54-thread-1] INFO  server.RaftServerConfigKeys (ConfUtils.java:logGet(46)) - raft.server.notification.no-leader.timeout = 120s (custom)
2023-01-08 22:30:36,941 [pool-54-thread-1] INFO  server.RaftServerConfigKeys (ConfUtils.java:logGet(46)) - raft.server.retrycache.expirytime = 300s (custom)
2023-01-08 22:30:36,942 [pool-54-thread-1] INFO  server.RaftServerConfigKeys (ConfUtils.java:logGet(46)) - raft.server.retrycache.statistics.expirytime = 100μs (default)
2023-01-08 22:30:37,094 [pool-54-thread-1] INFO  server.RaftServerConfigKeys (ConfUtils.java:logGet(46)) - raft.server.log.appender.install.snapshot.enabled = false (custom)
2023-01-08 22:30:37,095 [pool-54-thread-1] INFO  server.RaftServerConfigKeys (ConfUtils.java:logGet(46)) - raft.server.threadpool.server.cached = true (default)
2023-01-08 22:30:37,098 [pool-54-thread-1] INFO  server.RaftServerConfigKeys (ConfUtils.java:logGet(46)) - raft.server.threadpool.server.size = 0 (default)
2023-01-08 22:30:37,100 [pool-54-thread-1] INFO  server.RaftServerConfigKeys (ConfUtils.java:logGet(46)) - raft.server.threadpool.client.cached = true (default)
2023-01-08 22:30:37,100 [pool-54-thread-1] INFO  server.RaftServerConfigKeys (ConfUtils.java:logGet(46)) - raft.server.threadpool.client.size = 0 (default)
2023-01-08 22:30:37,688 [Listener at 0.0.0.0/41951] INFO  reflections.Reflections (Reflections.java:scan(232)) - Reflections took 736 ms to scan 19 urls, producing 67 keys and 4543 values [using 2 cores]
2023-01-08 22:30:37,873 [Listener at 0.0.0.0/41951] INFO  ipc.CallQueueManager (CallQueueManager.java:<init>(90)) - Using callQueue: class java.util.concurrent.LinkedBlockingQueue, queueCapacity: 2000, scheduler: class org.apache.hadoop.ipc.DefaultRpcScheduler, ipcBackoff: false.
2023-01-08 22:30:37,874 [Socket Reader #1 for port 0] INFO  ipc.Server (Server.java:run(1273)) - Starting Socket Reader #1 for port 0
2023-01-08 22:30:37,919 [Listener at 127.0.0.1/33975] INFO  impl.MetricsSystemImpl (MetricsSystemImpl.java:init(158)) - OzoneManager metrics system started (again)
2023-01-08 22:30:37,935 [Listener at 127.0.0.1/33975] INFO  om.OzoneManager (OzoneManager.java:start(1488)) - OzoneManager RPC server is listening at localhost/127.0.0.1:33975
2023-01-08 22:30:37,936 [Listener at 127.0.0.1/33975] INFO  ratis.OzoneManagerRatisServer (OzoneManagerRatisServer.java:start(555)) - Starting OzoneManagerRatisServer om1 at port 9872
2023-01-08 22:30:37,939 [om1-impl-thread1] INFO  storage.RaftStorageDirectory (RaftStorageDirectoryImpl.java:analyzeStorage(137)) - The storage directory /home/runner/work/ozone/ozone/hadoop-ozone/integration-test/target/test-dir/MiniOzoneClusterImpl-3463507a-8a94-4be2-9691-6a94fb394e4a/ozone-meta/ratis/bf265839-605b-3f16-9796-c5ba1605619e does not exist. Creating ...
2023-01-08 22:30:37,945 [om1-impl-thread1] INFO  storage.RaftStorageDirectory (RaftStorageDirectoryImpl.java:tryLock(231)) - Lock on /home/runner/work/ozone/ozone/hadoop-ozone/integration-test/target/test-dir/MiniOzoneClusterImpl-3463507a-8a94-4be2-9691-6a94fb394e4a/ozone-meta/ratis/bf265839-605b-3f16-9796-c5ba1605619e/in_use.lock acquired by nodename 69525@fv-az390-965
2023-01-08 22:30:37,951 [om1-impl-thread1] INFO  storage.RaftStorage (RaftStorageImpl.java:format(96)) - Storage directory /home/runner/work/ozone/ozone/hadoop-ozone/integration-test/target/test-dir/MiniOzoneClusterImpl-3463507a-8a94-4be2-9691-6a94fb394e4a/ozone-meta/ratis/bf265839-605b-3f16-9796-c5ba1605619e has been successfully formatted.
2023-01-08 22:30:37,953 [om1-impl-thread1] INFO  server.RaftServerConfigKeys (ConfUtils.java:logGet(46)) - raft.server.log.use.memory = false (default)
2023-01-08 22:30:37,961 [om1-impl-thread1] INFO  server.RaftServerConfigKeys (ConfUtils.java:logGet(46)) - raft.server.log.purge.gap = 1000000 (custom)
2023-01-08 22:30:37,961 [om1-impl-thread1] INFO  server.RaftServerConfigKeys (ConfUtils.java:logGet(46)) - raft.server.log.appender.buffer.byte-limit = 33554432 (custom)
2023-01-08 22:30:37,964 [om1-impl-thread1] INFO  server.RaftServerConfigKeys (ConfUtils.java:logGet(46)) - raft.server.log.statemachine.data.read.timeout = 1000ms (default)
2023-01-08 22:30:37,965 [om1-impl-thread1] INFO  server.RaftServerConfigKeys (ConfUtils.java:logGet(46)) - raft.server.log.purge.preservation.log.num = 0 (default)
2023-01-08 22:30:37,967 [om1-impl-thread1] INFO  server.RaftServerConfigKeys (ConfUtils.java:logGet(46)) - raft.server.log.segment.size.max = 4194304 (custom)
2023-01-08 22:30:37,973 [om1-impl-thread1] INFO  server.RaftServerConfigKeys (ConfUtils.java:logGet(46)) - raft.server.log.segment.cache.num.max = 2 (custom)
2023-01-08 22:30:37,973 [om1-impl-thread1] INFO  server.RaftServerConfigKeys (ConfUtils.java:logGet(46)) - raft.server.log.segment.cache.size.max = 200MB (=209715200) (default)
2023-01-08 22:30:37,979 [om1-impl-thread1] INFO  segmented.SegmentedRaftLogWorker (SegmentedRaftLogWorker.java:<init>(189)) - new om1@group-C5BA1605619E-SegmentedRaftLogWorker for RaftStorageImpl:Storage Directory /home/runner/work/ozone/ozone/hadoop-ozone/integration-test/target/test-dir/MiniOzoneClusterImpl-3463507a-8a94-4be2-9691-6a94fb394e4a/ozone-meta/ratis/bf265839-605b-3f16-9796-c5ba1605619e
2023-01-08 22:30:37,980 [om1-impl-thread1] INFO  server.RaftServerConfigKeys (ConfUtils.java:logGet(46)) - raft.server.log.queue.byte-limit = 64MB (=67108864) (default)
2023-01-08 22:30:37,980 [om1-impl-thread1] INFO  server.RaftServerConfigKeys (ConfUtils.java:logGet(46)) - raft.server.log.queue.element-limit = 4096 (default)
2023-01-08 22:30:37,981 [om1-impl-thread1] INFO  server.RaftServerConfigKeys (ConfUtils.java:logGet(46)) - raft.server.log.segment.size.max = 4194304 (custom)
2023-01-08 22:30:37,981 [om1-impl-thread1] INFO  server.RaftServerConfigKeys (ConfUtils.java:logGet(46)) - raft.server.log.preallocated.size = 4194304 (custom)
2023-01-08 22:30:37,982 [om1-impl-thread1] INFO  server.RaftServerConfigKeys (ConfUtils.java:logGet(46)) - raft.server.log.force.sync.num = 128 (default)
2023-01-08 22:30:37,983 [om1-impl-thread1] INFO  server.RaftServerConfigKeys (ConfUtils.java:logGet(46)) - raft.server.log.statemachine.data.sync = true (default)
2023-01-08 22:30:37,983 [om1-impl-thread1] INFO  server.RaftServerConfigKeys (ConfUtils.java:logGet(46)) - raft.server.log.statemachine.data.sync.timeout = 10s (default)
2023-01-08 22:30:37,983 [om1-impl-thread1] INFO  server.RaftServerConfigKeys (ConfUtils.java:logGet(46)) - raft.server.log.statemachine.data.sync.timeout.retry = -1 (default)
2023-01-08 22:30:37,991 [om1-impl-thread1] INFO  server.RaftServerConfigKeys (ConfUtils.java:logGet(46)) - raft.server.log.write.buffer.size = 64KB (=65536) (default)
2023-01-08 22:30:37,992 [om1-impl-thread1] INFO  server.RaftServerConfigKeys (ConfUtils.java:logGet(46)) - raft.server.log.appender.buffer.byte-limit = 33554432 (custom)
2023-01-08 22:30:37,997 [om1-impl-thread1] INFO  server.RaftServerConfigKeys (ConfUtils.java:logGet(46)) - raft.server.log.unsafe-flush.enabled = false (default)
2023-01-08 22:30:37,997 [om1-impl-thread1] INFO  server.RaftServerConfigKeys (ConfUtils.java:logGet(46)) - raft.server.log.async-flush.enabled = false (default)
2023-01-08 22:30:37,998 [om1-impl-thread1] INFO  server.RaftServerConfigKeys (ConfUtils.java:logGet(46)) - raft.server.log.statemachine.data.caching.enabled = false (default)
2023-01-08 22:30:38,006 [om1-impl-thread1] INFO  segmented.SegmentedRaftLogWorker (SegmentedRaftLogWorker.java:lambda$new$0(135)) - om1@group-C5BA1605619E-SegmentedRaftLogWorker: flushIndex: setUnconditionally 0 -> -1
2023-01-08 22:30:38,006 [om1-impl-thread1] INFO  segmented.SegmentedRaftLogWorker (SegmentedRaftLogWorker.java:lambda$new$0(135)) - om1@group-C5BA1605619E-SegmentedRaftLogWorker: safeCacheEvictIndex: setUnconditionally 0 -> -1
2023-01-08 22:30:38,008 [om1-impl-thread1] INFO  server.RaftServer$Division (RaftServerImpl.java:start(334)) - om1@group-C5BA1605619E: start as a follower, conf=-1: peers:[om1|rpc:localhost:9872|priority:0|startupRole:FOLLOWER]|listeners:[], old=null
2023-01-08 22:30:38,011 [om1-impl-thread1] INFO  server.RaftServer$Division (RaftServerImpl.java:setRole(321)) - om1@group-C5BA1605619E: changes role from      null to FOLLOWER at term 0 for startAsFollower
2023-01-08 22:30:38,014 [om1-impl-thread1] INFO  impl.RoleInfo (RoleInfo.java:updateAndGet(139)) - om1: start om1@group-C5BA1605619E-FollowerState
2023-01-08 22:30:38,015 [om1-impl-thread1] INFO  util.JmxRegister (JmxRegister.java:tryRegister(44)) - Successfully registered JMX Bean with object name Ratis:service=RaftServer,group=group-C5BA1605619E,id=om1
2023-01-08 22:30:38,017 [om1-impl-thread1] INFO  server.RaftServerConfigKeys (ConfUtils.java:logGet(46)) - raft.server.snapshot.auto.trigger.enabled = true (custom)
2023-01-08 22:30:38,017 [om1-impl-thread1] INFO  server.RaftServerConfigKeys (ConfUtils.java:logGet(46)) - raft.server.snapshot.auto.trigger.threshold = 400000 (default)
2023-01-08 22:30:38,018 [om1-impl-thread1] INFO  server.RaftServerConfigKeys (ConfUtils.java:logGet(46)) - raft.server.snapshot.retention.file.num = -1 (default)
2023-01-08 22:30:38,018 [om1-impl-thread1] INFO  server.RaftServerConfigKeys (ConfUtils.java:logGet(46)) - raft.server.log.purge.upto.snapshot.index = true (custom)
2023-01-08 22:30:38,023 [om1@group-C5BA1605619E-FollowerState] INFO  server.RaftServerConfigKeys (ConfUtils.java:logFallback(53)) - raft.server.rpc.first-election.timeout.min = 1s (fallback to raft.server.rpc.timeout.min)
2023-01-08 22:30:38,023 [om1@group-C5BA1605619E-FollowerState] INFO  server.RaftServerConfigKeys (ConfUtils.java:logFallback(53)) - raft.server.rpc.first-election.timeout.max = 1200ms (fallback to raft.server.rpc.timeout.max)
2023-01-08 22:30:38,024 [Listener at 127.0.0.1/33975] INFO  server.RaftServer (RaftServerProxy.java:startImpl(393)) - om1: start RPC server
2023-01-08 22:30:38,046 [Listener at 127.0.0.1/33975] INFO  server.GrpcService (GrpcService.java:startImpl(262)) - om1: GrpcService started, listening on 9872
2023-01-08 22:30:38,048 [Listener at 127.0.0.1/33975] INFO  om.OzoneManager (OzoneManager.java:start(1504)) - Version File has different layout version (3) than OM DB (null). That is expected if this OM has never been finalized to a newer layout version.
2023-01-08 22:30:38,050 [JvmPauseMonitor0] INFO  util.JvmPauseMonitor (JvmPauseMonitor.java:run(105)) - JvmPauseMonitor-om1: Started
2023-01-08 22:30:38,059 [Listener at 127.0.0.1/33975] INFO  http.BaseHttpServer (BaseHttpServer.java:newHttpServer2BuilderForOzone(213)) - Starting Web-server for ozoneManager at: http://0.0.0.0:0
2023-01-08 22:30:38,059 [Listener at 127.0.0.1/33975] INFO  http.BaseHttpServer (BaseHttpServer.java:<init>(108)) - Hadoop Security Enabled: false Ozone Security Enabled: false Ozone HTTP Security Enabled: false 
2023-01-08 22:30:38,061 [Listener at 127.0.0.1/33975] WARN  server.AuthenticationFilter (AuthenticationFilter.java:constructSecretProvider(240)) - Unable to initialize FileSignerSecretProvider, falling back to use random secrets. Reason: Could not read signature secret file: /home/runner/hadoop-http-auth-signature-secret
2023-01-08 22:30:38,063 [Listener at 127.0.0.1/33975] WARN  http.HttpRequestLog (HttpRequestLog.java:getRequestLog(103)) - Jetty request log can only be enabled using Log4j
2023-01-08 22:30:38,065 [Listener at 127.0.0.1/33975] INFO  http.HttpServer2 (HttpServer2.java:addGlobalFilter(1031)) - Added global filter 'safety' (class=org.apache.hadoop.hdds.server.http.HttpServer2$QuotingInputFilter)
2023-01-08 22:30:38,068 [Listener at 127.0.0.1/33975] INFO  http.HttpServer2 (HttpServer2.java:addFilter(1007)) - Added filter static_user_filter (class=org.apache.hadoop.http.lib.StaticUserWebFilter$StaticUserFilter) to context ozoneManager
2023-01-08 22:30:38,068 [Listener at 127.0.0.1/33975] INFO  http.HttpServer2 (HttpServer2.java:addFilter(1015)) - Added filter static_user_filter (class=org.apache.hadoop.http.lib.StaticUserWebFilter$StaticUserFilter) to context logs
2023-01-08 22:30:38,069 [Listener at 127.0.0.1/33975] INFO  http.HttpServer2 (HttpServer2.java:addFilter(1015)) - Added filter static_user_filter (class=org.apache.hadoop.http.lib.StaticUserWebFilter$StaticUserFilter) to context static
2023-01-08 22:30:38,076 [Listener at 127.0.0.1/33975] INFO  http.HttpServer2 (HttpServer2.java:bindListener(1250)) - Jetty bound to port 37279
2023-01-08 22:30:38,078 [Listener at 127.0.0.1/33975] INFO  server.Server (Server.java:doStart(375)) - jetty-9.4.49.v20220914; built: 2022-09-14T01:07:36.601Z; git: 4231a3b2e4cb8548a412a789936d640a97b1aa0a; jvm 1.8.0_352-b08
2023-01-08 22:30:38,079 [Listener at 127.0.0.1/33975] INFO  server.session (DefaultSessionIdManager.java:doStart(334)) - DefaultSessionIdManager workerName=node0
2023-01-08 22:30:38,080 [Listener at 127.0.0.1/33975] INFO  server.session (DefaultSessionIdManager.java:doStart(339)) - No SessionScavenger set, using defaults
2023-01-08 22:30:38,080 [Listener at 127.0.0.1/33975] INFO  server.session (HouseKeeper.java:startScavenging(132)) - node0 Scavenging every 660000ms
2023-01-08 22:30:38,081 [Listener at 127.0.0.1/33975] INFO  handler.ContextHandler (ContextHandler.java:doStart(921)) - Started o.e.j.s.ServletContextHandler@7c4f721e{logs,/logs,file:///home/runner/work/ozone/ozone/hadoop-ozone/integration-test/target/log,AVAILABLE}
2023-01-08 22:30:38,081 [Listener at 127.0.0.1/33975] INFO  handler.ContextHandler (ContextHandler.java:doStart(921)) - Started o.e.j.s.ServletContextHandler@79832158{static,/static,file:///home/runner/work/ozone/ozone/hadoop-ozone/integration-test/target/test-classes/webapps/static,AVAILABLE}
2023-01-08 22:30:38,085 [Listener at 127.0.0.1/33975] INFO  handler.ContextHandler (ContextHandler.java:doStart(921)) - Started o.e.j.w.WebAppContext@443641bf{ozoneManager,/,file:///home/runner/work/ozone/ozone/hadoop-ozone/integration-test/target/test-classes/webapps/ozoneManager/,AVAILABLE}{file:/home/runner/work/ozone/ozone/hadoop-ozone/integration-test/target/test-classes/webapps/ozoneManager}
2023-01-08 22:30:38,086 [Listener at 127.0.0.1/33975] INFO  server.AbstractConnector (AbstractConnector.java:doStart(333)) - Started ServerConnector@63fbefe8{HTTP/1.1, (http/1.1)}{0.0.0.0:37279}
2023-01-08 22:30:38,087 [Listener at 127.0.0.1/33975] INFO  server.Server (Server.java:doStart(415)) - Started @7452ms
2023-01-08 22:30:38,087 [Listener at 127.0.0.1/33975] WARN  impl.MetricsSystemImpl (MetricsSystemImpl.java:register(279)) - Sink prometheus already exists!
2023-01-08 22:30:38,087 [Listener at 127.0.0.1/33975] INFO  http.BaseHttpServer (BaseHttpServer.java:updateConnectorAddress(333)) - HTTP server of ozoneManager listening at http://0.0.0.0:37279
2023-01-08 22:30:38,088 [IPC Server Responder] INFO  ipc.Server (Server.java:run(1512)) - IPC Server Responder: starting
2023-01-08 22:30:38,088 [IPC Server listener on 0] INFO  ipc.Server (Server.java:run(1352)) - IPC Server listener on 0: starting
2023-01-08 22:30:38,091 [Listener at 127.0.0.1/33975] INFO  om.OzoneManager (OzoneManager.java:startTrashEmptier(1925)) - Trash Interval set to 0. Files deleted won't move to trash
2023-01-08 22:30:38,098 [org.apache.hadoop.util.JvmPauseMonitor$Monitor@251ad030] INFO  util.JvmPauseMonitor (JvmPauseMonitor.java:run(188)) - Starting JVM pause monitor
2023-01-08 22:30:38,226 [Listener at 127.0.0.1/33975] WARN  impl.MetricRegistriesImpl (MetricRegistriesImpl.java:addReporterRegistration(111)) - New reporters are added after registries were created. Some metrics will be missing from the reporter. Please add reporter before adding any new registry.
2023-01-08 22:30:38,226 [Listener at 127.0.0.1/33975] WARN  impl.MetricRegistriesImpl (MetricRegistriesImpl.java:addReporterRegistration(111)) - New reporters are added after registries were created. Some metrics will be missing from the reporter. Please add reporter before adding any new registry.
2023-01-08 22:30:38,226 [Listener at 127.0.0.1/33975] INFO  impl.MetricsSystemImpl (MetricsSystemImpl.java:init(158)) - HddsDatanode metrics system started (again)
2023-01-08 22:30:38,245 [Listener at 127.0.0.1/33975] INFO  ozone.HddsDatanodeService (HddsDatanodeService.java:start(228)) - HddsDatanodeService host:fv-az390-965.2udvygdcjcjuphbbpa4zxtqymb.gx.internal.cloudapp.net ip:10.1.0.12
2023-01-08 22:30:38,275 [Listener at 127.0.0.1/33975] INFO  upgrade.AbstractLayoutVersionManager (AbstractLayoutVersionManager.java:init(83)) - Initializing Layout version manager with metadata layout = DATANODE_SCHEMA_V3 (version = 4), software layout = DATANODE_SCHEMA_V3 (version = 4)
2023-01-08 22:30:38,325 [Listener at 127.0.0.1/33975] INFO  reflections.Reflections (Reflections.java:scan(232)) - Reflections took 48 ms to scan 7 urls, producing 146 keys and 350 values 
2023-01-08 22:30:38,330 [Listener at 127.0.0.1/33975] INFO  statemachine.DatanodeStateMachine (DatanodeStateMachine.java:getEndPointTaskThreadPoolSize(248)) - Datanode State Machine Task Thread Pool size 2
2023-01-08 22:30:38,385 [Listener at 127.0.0.1/33975] INFO  volume.HddsVolume (HddsVolume.java:<init>(117)) - Creating HddsVolume: /home/runner/work/ozone/ozone/hadoop-ozone/integration-test/target/test-dir/MiniOzoneClusterImpl-3463507a-8a94-4be2-9691-6a94fb394e4a/datanode-0/data-0/containers/hdds of storage type : DISK capacity : 9223372036854775807
2023-01-08 22:30:38,387 [Listener at 127.0.0.1/33975] INFO  volume.MutableVolumeSet (MutableVolumeSet.java:initializeVolumeSet(174)) - Added Volume : /home/runner/work/ozone/ozone/hadoop-ozone/integration-test/target/test-dir/MiniOzoneClusterImpl-3463507a-8a94-4be2-9691-6a94fb394e4a/datanode-0/data-0/containers/hdds to VolumeSet
2023-01-08 22:30:38,388 [Listener at 127.0.0.1/33975] INFO  volume.ThrottledAsyncChecker (ThrottledAsyncChecker.java:schedule(141)) - Scheduling a check for /home/runner/work/ozone/ozone/hadoop-ozone/integration-test/target/test-dir/MiniOzoneClusterImpl-3463507a-8a94-4be2-9691-6a94fb394e4a/datanode-0/data-0/containers/hdds
2023-01-08 22:30:38,409 [Listener at 127.0.0.1/33975] INFO  volume.StorageVolumeChecker (StorageVolumeChecker.java:checkAllVolumes(202)) - Scheduled health check for volume /home/runner/work/ozone/ozone/hadoop-ozone/integration-test/target/test-dir/MiniOzoneClusterImpl-3463507a-8a94-4be2-9691-6a94fb394e4a/datanode-0/data-0/containers/hdds
2023-01-08 22:30:38,427 [Listener at 127.0.0.1/33975] INFO  volume.MutableVolumeSet (MutableVolumeSet.java:initializeVolumeSet(174)) - Added Volume : /home/runner/work/ozone/ozone/hadoop-ozone/integration-test/target/test-dir/MiniOzoneClusterImpl-3463507a-8a94-4be2-9691-6a94fb394e4a/datanode-0/data/ratis to VolumeSet
2023-01-08 22:30:38,428 [Listener at 127.0.0.1/33975] INFO  volume.ThrottledAsyncChecker (ThrottledAsyncChecker.java:schedule(141)) - Scheduling a check for /home/runner/work/ozone/ozone/hadoop-ozone/integration-test/target/test-dir/MiniOzoneClusterImpl-3463507a-8a94-4be2-9691-6a94fb394e4a/datanode-0/data/ratis
2023-01-08 22:30:38,428 [Listener at 127.0.0.1/33975] INFO  volume.StorageVolumeChecker (StorageVolumeChecker.java:checkAllVolumes(202)) - Scheduled health check for volume /home/runner/work/ozone/ozone/hadoop-ozone/integration-test/target/test-dir/MiniOzoneClusterImpl-3463507a-8a94-4be2-9691-6a94fb394e4a/datanode-0/data/ratis
2023-01-08 22:30:38,452 [Thread-136] INFO  ozoneimpl.ContainerReader (ContainerReader.java:readVolume(175)) - Finish verifying containers on volume /home/runner/work/ozone/ozone/hadoop-ozone/integration-test/target/test-dir/MiniOzoneClusterImpl-3463507a-8a94-4be2-9691-6a94fb394e4a/datanode-0/data-0/containers/hdds
2023-01-08 22:30:38,452 [Listener at 127.0.0.1/33975] INFO  ozoneimpl.OzoneContainer (OzoneContainer.java:buildContainerSet(301)) - Build ContainerSet costs 0s
2023-01-08 22:30:38,504 [Listener at 127.0.0.1/33975] INFO  audit.AuditLogger (AuditLogger.java:refreshDebugCmdSet(126)) - Refresh DebugCmdSet for DNAudit to [].
2023-01-08 22:30:38,536 [Listener at 127.0.0.1/33975] INFO  server.RaftServer (ConfUtils.java:logGet(46)) - raft.rpc.type = GRPC (default)
2023-01-08 22:30:38,537 [Listener at 127.0.0.1/33975] INFO  grpc.GrpcConfigKeys (ConfUtils.java:logFallback(53)) - raft.grpc.admin.host = null (fallback to raft.grpc.server.host)
2023-01-08 22:30:38,537 [Listener at 127.0.0.1/33975] INFO  grpc.GrpcConfigKeys (ConfUtils.java:logGet(46)) - raft.grpc.admin.port = 0 (custom)
2023-01-08 22:30:38,537 [Listener at 127.0.0.1/33975] INFO  grpc.GrpcConfigKeys (ConfUtils.java:logFallback(53)) - raft.grpc.client.host = null (fallback to raft.grpc.server.host)
2023-01-08 22:30:38,537 [Listener at 127.0.0.1/33975] INFO  grpc.GrpcConfigKeys (ConfUtils.java:logGet(46)) - raft.grpc.client.port = 0 (custom)
2023-01-08 22:30:38,541 [Listener at 127.0.0.1/33975] INFO  grpc.GrpcConfigKeys (ConfUtils.java:logGet(46)) - raft.grpc.server.host = null (default)
2023-01-08 22:30:38,541 [Listener at 127.0.0.1/33975] INFO  grpc.GrpcConfigKeys (ConfUtils.java:logGet(46)) - raft.grpc.server.port = 0 (default)
2023-01-08 22:30:38,542 [Listener at 127.0.0.1/33975] INFO  server.GrpcService (ConfUtils.java:logGet(46)) - raft.grpc.message.size.max = 32MB (=33554432) (custom)
2023-01-08 22:30:38,542 [Listener at 127.0.0.1/33975] INFO  server.RaftServerConfigKeys (ConfUtils.java:logGet(46)) - raft.server.log.appender.buffer.byte-limit = 33554432 (custom)
2023-01-08 22:30:38,543 [Listener at 127.0.0.1/33975] INFO  server.GrpcService (ConfUtils.java:logGet(46)) - raft.grpc.flow.control.window = 5MB (=5242880) (custom)
2023-01-08 22:30:38,543 [Listener at 127.0.0.1/33975] INFO  server.RaftServerConfigKeys (ConfUtils.java:logGet(46)) - raft.server.rpc.request.timeout = 60s (custom)
2023-01-08 22:30:38,543 [Listener at 127.0.0.1/33975] INFO  grpc.GrpcConfigKeys (ConfUtils.java:logGet(46)) - raft.grpc.server.heartbeat.channel = true (default)
2023-01-08 22:30:38,543 [Listener at 127.0.0.1/33975] INFO  grpc.GrpcConfigKeys (ConfUtils.java:logGet(46)) - raft.grpc.server.async.request.thread.pool.cached = true (default)
2023-01-08 22:30:38,543 [Listener at 127.0.0.1/33975] INFO  grpc.GrpcConfigKeys (ConfUtils.java:logGet(46)) - raft.grpc.server.async.request.thread.pool.size = 32 (default)
2023-01-08 22:30:38,545 [Listener at 127.0.0.1/33975] INFO  impl.DataStreamServerImpl (ConfUtils.java:logGet(46)) - raft.datastream.type = NETTY (custom)
2023-01-08 22:30:38,545 [Listener at 127.0.0.1/33975] INFO  server.RaftServerConfigKeys (ConfUtils.java:logGet(46)) - raft.server.data-stream.async.request.thread.pool.cached = false (default)
2023-01-08 22:30:38,545 [Listener at 127.0.0.1/33975] INFO  server.RaftServerConfigKeys (ConfUtils.java:logGet(46)) - raft.server.data-stream.async.request.thread.pool.size = 20 (custom)
2023-01-08 22:30:38,546 [Listener at 127.0.0.1/33975] INFO  server.RaftServerConfigKeys (ConfUtils.java:logGet(46)) - raft.server.data-stream.async.write.thread.pool.size = 16 (default)
2023-01-08 22:30:38,546 [Listener at 127.0.0.1/33975] INFO  server.RaftServerConfigKeys (ConfUtils.java:logGet(46)) - raft.server.data-stream.client.pool.size = 10 (default)
2023-01-08 22:30:38,546 [Listener at 127.0.0.1/33975] INFO  netty.NettyConfigKeys$DataStream (ConfUtils.java:logGet(46)) - raft.netty.dataStream.server.use-epoll = false (default)
2023-01-08 22:30:38,546 [Listener at 127.0.0.1/33975] INFO  netty.NettyConfigKeys$DataStream (ConfUtils.java:logGet(46)) - raft.netty.dataStream.server.boss-group.size = 0 (default)
2023-01-08 22:30:38,546 [Listener at 127.0.0.1/33975] INFO  netty.NettyConfigKeys$DataStream (ConfUtils.java:logGet(46)) - raft.netty.dataStream.server.worker-group.size = 0 (default)
2023-01-08 22:30:38,562 [Listener at 127.0.0.1/33975] INFO  netty.NettyConfigKeys$DataStream (ConfUtils.java:logGet(46)) - raft.netty.dataStream.server.tls.conf = null (default)
2023-01-08 22:30:38,562 [Listener at 127.0.0.1/33975] INFO  netty.NettyConfigKeys$DataStream (ConfUtils.java:logGet(46)) - raft.netty.dataStream.host = null (default)
2023-01-08 22:30:38,562 [Listener at 127.0.0.1/33975] INFO  netty.NettyConfigKeys$DataStream (ConfUtils.java:logGet(46)) - raft.netty.dataStream.port = 0 (default)
2023-01-08 22:30:38,563 [Listener at 127.0.0.1/33975] INFO  server.RaftServerConfigKeys (ConfUtils.java:logGet(46)) - raft.server.threadpool.proxy.cached = true (default)
2023-01-08 22:30:38,563 [Listener at 127.0.0.1/33975] INFO  server.RaftServerConfigKeys (ConfUtils.java:logGet(46)) - raft.server.threadpool.proxy.size = 0 (default)
2023-01-08 22:30:38,563 [Listener at 127.0.0.1/33975] INFO  server.RaftServerConfigKeys (ConfUtils.java:logGet(46)) - raft.server.rpc.slowness.timeout = 300s (custom)
2023-01-08 22:30:38,563 [Listener at 127.0.0.1/33975] INFO  server.RaftServerConfigKeys (ConfUtils.java:logGet(46)) - raft.server.leaderelection.leader.step-down.wait-time = 10s (default)
2023-01-08 22:30:38,564 [Listener at 127.0.0.1/33975] INFO  server.RaftServerConfigKeys (ConfUtils.java:logGet(46)) - raft.server.storage.dir = [/home/runner/work/ozone/ozone/hadoop-ozone/integration-test/target/test-dir/MiniOzoneClusterImpl-3463507a-8a94-4be2-9691-6a94fb394e4a/datanode-0/data/ratis] (custom)
2023-01-08 22:30:38,574 [706a9b8c-4318-427e-9be3-8b37c9b0924f-NettyServerStreamRpc-bossGroup--thread1] INFO  logging.LoggingHandler (AbstractInternalLogger.java:log(148)) - [id: 0x8ab290d0] REGISTERED
2023-01-08 22:30:38,574 [706a9b8c-4318-427e-9be3-8b37c9b0924f-NettyServerStreamRpc-bossGroup--thread1] INFO  logging.LoggingHandler (AbstractInternalLogger.java:log(148)) - [id: 0x8ab290d0] BIND: 0.0.0.0/0.0.0.0:0
2023-01-08 22:30:38,574 [706a9b8c-4318-427e-9be3-8b37c9b0924f-NettyServerStreamRpc-bossGroup--thread1] INFO  logging.LoggingHandler (AbstractInternalLogger.java:log(148)) - [id: 0x8ab290d0, L:/0:0:0:0:0:0:0:0:44379] ACTIVE
2023-01-08 22:30:38,591 [Listener at 127.0.0.1/33975] INFO  server.XceiverServerGrpc (XceiverServerGrpc.java:<init>(132)) - GrpcServer channel type EpollServerSocketChannel
2023-01-08 22:30:38,665 [Listener at 127.0.0.1/33975] INFO  http.BaseHttpServer (BaseHttpServer.java:newHttpServer2BuilderForOzone(213)) - Starting Web-server for hddsDatanode at: http://0.0.0.0:0
2023-01-08 22:30:38,666 [Listener at 127.0.0.1/33975] INFO  http.BaseHttpServer (BaseHttpServer.java:<init>(108)) - Hadoop Security Enabled: false Ozone Security Enabled: false Ozone HTTP Security Enabled: false 
2023-01-08 22:30:38,667 [Listener at 127.0.0.1/33975] WARN  server.AuthenticationFilter (AuthenticationFilter.java:constructSecretProvider(240)) - Unable to initialize FileSignerSecretProvider, falling back to use random secrets. Reason: Could not read signature secret file: /home/runner/hadoop-http-auth-signature-secret
2023-01-08 22:30:38,671 [Listener at 127.0.0.1/33975] WARN  http.HttpRequestLog (HttpRequestLog.java:getRequestLog(103)) - Jetty request log can only be enabled using Log4j
2023-01-08 22:30:38,673 [Listener at 127.0.0.1/33975] INFO  http.HttpServer2 (HttpServer2.java:addGlobalFilter(1031)) - Added global filter 'safety' (class=org.apache.hadoop.hdds.server.http.HttpServer2$QuotingInputFilter)
2023-01-08 22:30:38,674 [Listener at 127.0.0.1/33975] INFO  http.HttpServer2 (HttpServer2.java:addFilter(1007)) - Added filter static_user_filter (class=org.apache.hadoop.http.lib.StaticUserWebFilter$StaticUserFilter) to context hddsDatanode
2023-01-08 22:30:38,674 [Listener at 127.0.0.1/33975] INFO  http.HttpServer2 (HttpServer2.java:addFilter(1015)) - Added filter static_user_filter (class=org.apache.hadoop.http.lib.StaticUserWebFilter$StaticUserFilter) to context static
2023-01-08 22:30:38,675 [Listener at 127.0.0.1/33975] INFO  http.HttpServer2 (HttpServer2.java:addFilter(1015)) - Added filter static_user_filter (class=org.apache.hadoop.http.lib.StaticUserWebFilter$StaticUserFilter) to context logs
2023-01-08 22:30:38,678 [Listener at 127.0.0.1/33975] INFO  http.HttpServer2 (HttpServer2.java:bindListener(1250)) - Jetty bound to port 41759
2023-01-08 22:30:38,679 [Listener at 127.0.0.1/33975] INFO  server.Server (Server.java:doStart(375)) - jetty-9.4.49.v20220914; built: 2022-09-14T01:07:36.601Z; git: 4231a3b2e4cb8548a412a789936d640a97b1aa0a; jvm 1.8.0_352-b08
2023-01-08 22:30:38,687 [Listener at 127.0.0.1/33975] INFO  server.session (DefaultSessionIdManager.java:doStart(334)) - DefaultSessionIdManager workerName=node0
2023-01-08 22:30:38,688 [Listener at 127.0.0.1/33975] INFO  server.session (DefaultSessionIdManager.java:doStart(339)) - No SessionScavenger set, using defaults
2023-01-08 22:30:38,688 [Listener at 127.0.0.1/33975] INFO  server.session (HouseKeeper.java:startScavenging(132)) - node0 Scavenging every 660000ms
2023-01-08 22:30:38,689 [Listener at 127.0.0.1/33975] INFO  handler.ContextHandler (ContextHandler.java:doStart(921)) - Started o.e.j.s.ServletContextHandler@1801aaef{logs,/logs,file:///home/runner/work/ozone/ozone/hadoop-ozone/integration-test/target/log,AVAILABLE}
2023-01-08 22:30:38,689 [Listener at 127.0.0.1/33975] INFO  handler.ContextHandler (ContextHandler.java:doStart(921)) - Started o.e.j.s.ServletContextHandler@31311a5{static,/static,jar:file:/home/runner/.m2/repository/org/apache/ozone/hdds-container-service/1.4.0-SNAPSHOT/hdds-container-service-1.4.0-SNAPSHOT.jar!/webapps/static,AVAILABLE}
2023-01-08 22:30:38,890 [Listener at 127.0.0.1/33975] INFO  handler.ContextHandler (ContextHandler.java:doStart(921)) - Started o.e.j.w.WebAppContext@2a0dda9e{hddsDatanode,/,file:///tmp/jetty-0_0_0_0-41759-hdds-container-service-1_4_0-SNAPSHOT_jar-_-any-1993439328311533391/webapp/,AVAILABLE}{jar:file:/home/runner/.m2/repository/org/apache/ozone/hdds-container-service/1.4.0-SNAPSHOT/hdds-container-service-1.4.0-SNAPSHOT.jar!/webapps/hddsDatanode}
2023-01-08 22:30:38,891 [Listener at 127.0.0.1/33975] INFO  server.AbstractConnector (AbstractConnector.java:doStart(333)) - Started ServerConnector@4b6cb496{HTTP/1.1, (http/1.1)}{0.0.0.0:41759}
2023-01-08 22:30:38,891 [Listener at 127.0.0.1/33975] INFO  server.Server (Server.java:doStart(415)) - Started @8257ms
2023-01-08 22:30:38,891 [Listener at 127.0.0.1/33975] WARN  impl.MetricsSystemImpl (MetricsSystemImpl.java:register(279)) - Sink prometheus already exists!
2023-01-08 22:30:38,892 [Listener at 127.0.0.1/33975] INFO  http.BaseHttpServer (BaseHttpServer.java:updateConnectorAddress(333)) - HTTP server of hddsDatanode listening at http://0.0.0.0:41759
2023-01-08 22:30:38,894 [Listener at 127.0.0.1/33975] WARN  impl.MetricRegistriesImpl (MetricRegistriesImpl.java:addReporterRegistration(111)) - New reporters are added after registries were created. Some metrics will be missing from the reporter. Please add reporter before adding any new registry.
2023-01-08 22:30:38,894 [Listener at 127.0.0.1/33975] WARN  impl.MetricRegistriesImpl (MetricRegistriesImpl.java:addReporterRegistration(111)) - New reporters are added after registries were created. Some metrics will be missing from the reporter. Please add reporter before adding any new registry.
2023-01-08 22:30:38,894 [Listener at 127.0.0.1/33975] INFO  impl.MetricsSystemImpl (MetricsSystemImpl.java:init(158)) - HddsDatanode metrics system started (again)
2023-01-08 22:30:38,901 [Datanode State Machine Daemon Thread] INFO  statemachine.DatanodeStateMachine (DatanodeStateMachine.java:lambda$startDaemon$0(508)) - Ozone container server started.
2023-01-08 22:30:38,922 [org.apache.hadoop.util.JvmPauseMonitor$Monitor@5cf60752] INFO  util.JvmPauseMonitor (JvmPauseMonitor.java:run(188)) - Starting JVM pause monitor
2023-01-08 22:30:38,922 [Listener at 127.0.0.1/33975] INFO  ozone.HddsDatanodeService (HddsDatanodeService.java:start(228)) - HddsDatanodeService host:fv-az390-965.2udvygdcjcjuphbbpa4zxtqymb.gx.internal.cloudapp.net ip:10.1.0.12
2023-01-08 22:30:38,951 [Listener at 127.0.0.1/33975] INFO  upgrade.AbstractLayoutVersionManager (AbstractLayoutVersionManager.java:init(83)) - Initializing Layout version manager with metadata layout = DATANODE_SCHEMA_V3 (version = 4), software layout = DATANODE_SCHEMA_V3 (version = 4)
2023-01-08 22:30:39,092 [Datanode State Machine Task Thread - 0] INFO  datanode.InitDatanodeState (InitDatanodeState.java:persistContainerDatanodeDetails(138)) - DatanodeDetails is persisted to /home/runner/work/ozone/ozone/hadoop-ozone/integration-test/target/test-dir/MiniOzoneClusterImpl-3463507a-8a94-4be2-9691-6a94fb394e4a/datanode-0/meta/datanode.id
2023-01-08 22:30:39,095 [Listener at 127.0.0.1/33975] INFO  reflections.Reflections (Reflections.java:scan(232)) - Reflections took 142 ms to scan 7 urls, producing 146 keys and 350 values 
2023-01-08 22:30:39,100 [Listener at 127.0.0.1/33975] INFO  statemachine.DatanodeStateMachine (DatanodeStateMachine.java:getEndPointTaskThreadPoolSize(248)) - Datanode State Machine Task Thread Pool size 2
2023-01-08 22:30:39,103 [Listener at 127.0.0.1/33975] INFO  volume.HddsVolume (HddsVolume.java:<init>(117)) - Creating HddsVolume: /home/runner/work/ozone/ozone/hadoop-ozone/integration-test/target/test-dir/MiniOzoneClusterImpl-3463507a-8a94-4be2-9691-6a94fb394e4a/datanode-1/data-0/containers/hdds of storage type : DISK capacity : 9223372036854775807
2023-01-08 22:30:39,103 [Listener at 127.0.0.1/33975] INFO  volume.MutableVolumeSet (MutableVolumeSet.java:initializeVolumeSet(174)) - Added Volume : /home/runner/work/ozone/ozone/hadoop-ozone/integration-test/target/test-dir/MiniOzoneClusterImpl-3463507a-8a94-4be2-9691-6a94fb394e4a/datanode-1/data-0/containers/hdds to VolumeSet
2023-01-08 22:30:39,103 [Listener at 127.0.0.1/33975] INFO  volume.ThrottledAsyncChecker (ThrottledAsyncChecker.java:schedule(141)) - Scheduling a check for /home/runner/work/ozone/ozone/hadoop-ozone/integration-test/target/test-dir/MiniOzoneClusterImpl-3463507a-8a94-4be2-9691-6a94fb394e4a/datanode-1/data-0/containers/hdds
2023-01-08 22:30:39,104 [Listener at 127.0.0.1/33975] INFO  volume.StorageVolumeChecker (StorageVolumeChecker.java:checkAllVolumes(202)) - Scheduled health check for volume /home/runner/work/ozone/ozone/hadoop-ozone/integration-test/target/test-dir/MiniOzoneClusterImpl-3463507a-8a94-4be2-9691-6a94fb394e4a/datanode-1/data-0/containers/hdds
2023-01-08 22:30:39,119 [Listener at 127.0.0.1/33975] INFO  volume.MutableVolumeSet (MutableVolumeSet.java:initializeVolumeSet(174)) - Added Volume : /home/runner/work/ozone/ozone/hadoop-ozone/integration-test/target/test-dir/MiniOzoneClusterImpl-3463507a-8a94-4be2-9691-6a94fb394e4a/datanode-1/data/ratis to VolumeSet
2023-01-08 22:30:39,119 [Listener at 127.0.0.1/33975] INFO  volume.ThrottledAsyncChecker (ThrottledAsyncChecker.java:schedule(141)) - Scheduling a check for /home/runner/work/ozone/ozone/hadoop-ozone/integration-test/target/test-dir/MiniOzoneClusterImpl-3463507a-8a94-4be2-9691-6a94fb394e4a/datanode-1/data/ratis
2023-01-08 22:30:39,119 [Listener at 127.0.0.1/33975] INFO  volume.StorageVolumeChecker (StorageVolumeChecker.java:checkAllVolumes(202)) - Scheduled health check for volume /home/runner/work/ozone/ozone/hadoop-ozone/integration-test/target/test-dir/MiniOzoneClusterImpl-3463507a-8a94-4be2-9691-6a94fb394e4a/datanode-1/data/ratis
2023-01-08 22:30:39,131 [Thread-150] INFO  ozoneimpl.ContainerReader (ContainerReader.java:readVolume(175)) - Finish verifying containers on volume /home/runner/work/ozone/ozone/hadoop-ozone/integration-test/target/test-dir/MiniOzoneClusterImpl-3463507a-8a94-4be2-9691-6a94fb394e4a/datanode-1/data-0/containers/hdds
2023-01-08 22:30:39,131 [Listener at 127.0.0.1/33975] INFO  ozoneimpl.OzoneContainer (OzoneContainer.java:buildContainerSet(301)) - Build ContainerSet costs 0s
2023-01-08 22:30:39,138 [Listener at 127.0.0.1/33975] INFO  server.RaftServer (ConfUtils.java:logGet(46)) - raft.rpc.type = GRPC (default)
2023-01-08 22:30:39,139 [Listener at 127.0.0.1/33975] INFO  grpc.GrpcConfigKeys (ConfUtils.java:logFallback(53)) - raft.grpc.admin.host = null (fallback to raft.grpc.server.host)
2023-01-08 22:30:39,139 [Listener at 127.0.0.1/33975] INFO  grpc.GrpcConfigKeys (ConfUtils.java:logGet(46)) - raft.grpc.admin.port = 0 (custom)
2023-01-08 22:30:39,139 [Listener at 127.0.0.1/33975] INFO  grpc.GrpcConfigKeys (ConfUtils.java:logFallback(53)) - raft.grpc.client.host = null (fallback to raft.grpc.server.host)
2023-01-08 22:30:39,140 [Listener at 127.0.0.1/33975] INFO  grpc.GrpcConfigKeys (ConfUtils.java:logGet(46)) - raft.grpc.client.port = 0 (custom)
2023-01-08 22:30:39,140 [Listener at 127.0.0.1/33975] INFO  grpc.GrpcConfigKeys (ConfUtils.java:logGet(46)) - raft.grpc.server.host = null (default)
2023-01-08 22:30:39,140 [Listener at 127.0.0.1/33975] INFO  grpc.GrpcConfigKeys (ConfUtils.java:logGet(46)) - raft.grpc.server.port = 0 (default)
2023-01-08 22:30:39,140 [Listener at 127.0.0.1/33975] INFO  server.GrpcService (ConfUtils.java:logGet(46)) - raft.grpc.message.size.max = 32MB (=33554432) (custom)
2023-01-08 22:30:39,140 [Listener at 127.0.0.1/33975] INFO  server.RaftServerConfigKeys (ConfUtils.java:logGet(46)) - raft.server.log.appender.buffer.byte-limit = 33554432 (custom)
2023-01-08 22:30:39,140 [Listener at 127.0.0.1/33975] INFO  server.GrpcService (ConfUtils.java:logGet(46)) - raft.grpc.flow.control.window = 5MB (=5242880) (custom)
2023-01-08 22:30:39,140 [Listener at 127.0.0.1/33975] INFO  server.RaftServerConfigKeys (ConfUtils.java:logGet(46)) - raft.server.rpc.request.timeout = 60s (custom)
2023-01-08 22:30:39,141 [Listener at 127.0.0.1/33975] INFO  grpc.GrpcConfigKeys (ConfUtils.java:logGet(46)) - raft.grpc.server.heartbeat.channel = true (default)
2023-01-08 22:30:39,141 [Listener at 127.0.0.1/33975] INFO  grpc.GrpcConfigKeys (ConfUtils.java:logGet(46)) - raft.grpc.server.async.request.thread.pool.cached = true (default)
2023-01-08 22:30:39,141 [Listener at 127.0.0.1/33975] INFO  grpc.GrpcConfigKeys (ConfUtils.java:logGet(46)) - raft.grpc.server.async.request.thread.pool.size = 32 (default)
2023-01-08 22:30:39,142 [Listener at 127.0.0.1/33975] INFO  impl.DataStreamServerImpl (ConfUtils.java:logGet(46)) - raft.datastream.type = NETTY (custom)
2023-01-08 22:30:39,143 [Listener at 127.0.0.1/33975] INFO  server.RaftServerConfigKeys (ConfUtils.java:logGet(46)) - raft.server.data-stream.async.request.thread.pool.cached = false (default)
2023-01-08 22:30:39,144 [Listener at 127.0.0.1/33975] INFO  server.RaftServerConfigKeys (ConfUtils.java:logGet(46)) - raft.server.data-stream.async.request.thread.pool.size = 20 (custom)
2023-01-08 22:30:39,144 [Listener at 127.0.0.1/33975] INFO  server.RaftServerConfigKeys (ConfUtils.java:logGet(46)) - raft.server.data-stream.async.write.thread.pool.size = 16 (default)
2023-01-08 22:30:39,144 [Listener at 127.0.0.1/33975] INFO  server.RaftServerConfigKeys (ConfUtils.java:logGet(46)) - raft.server.data-stream.client.pool.size = 10 (default)
2023-01-08 22:30:39,144 [Listener at 127.0.0.1/33975] INFO  netty.NettyConfigKeys$DataStream (ConfUtils.java:logGet(46)) - raft.netty.dataStream.server.use-epoll = false (default)
2023-01-08 22:30:39,145 [Listener at 127.0.0.1/33975] INFO  netty.NettyConfigKeys$DataStream (ConfUtils.java:logGet(46)) - raft.netty.dataStream.server.boss-group.size = 0 (default)
2023-01-08 22:30:39,146 [Listener at 127.0.0.1/33975] INFO  netty.NettyConfigKeys$DataStream (ConfUtils.java:logGet(46)) - raft.netty.dataStream.server.worker-group.size = 0 (default)
2023-01-08 22:30:39,147 [Listener at 127.0.0.1/33975] INFO  netty.NettyConfigKeys$DataStream (ConfUtils.java:logGet(46)) - raft.netty.dataStream.server.tls.conf = null (default)
2023-01-08 22:30:39,147 [Listener at 127.0.0.1/33975] INFO  netty.NettyConfigKeys$DataStream (ConfUtils.java:logGet(46)) - raft.netty.dataStream.host = null (default)
2023-01-08 22:30:39,150 [Listener at 127.0.0.1/33975] INFO  netty.NettyConfigKeys$DataStream (ConfUtils.java:logGet(46)) - raft.netty.dataStream.port = 0 (default)
2023-01-08 22:30:39,150 [Listener at 127.0.0.1/33975] INFO  server.RaftServerConfigKeys (ConfUtils.java:logGet(46)) - raft.server.threadpool.proxy.cached = true (default)
2023-01-08 22:30:39,151 [Listener at 127.0.0.1/33975] INFO  server.RaftServerConfigKeys (ConfUtils.java:logGet(46)) - raft.server.threadpool.proxy.size = 0 (default)
2023-01-08 22:30:39,151 [Listener at 127.0.0.1/33975] INFO  server.RaftServerConfigKeys (ConfUtils.java:logGet(46)) - raft.server.rpc.slowness.timeout = 300s (custom)
2023-01-08 22:30:39,151 [Listener at 127.0.0.1/33975] INFO  server.RaftServerConfigKeys (ConfUtils.java:logGet(46)) - raft.server.leaderelection.leader.step-down.wait-time = 10s (default)
2023-01-08 22:30:39,151 [Listener at 127.0.0.1/33975] INFO  server.RaftServerConfigKeys (ConfUtils.java:logGet(46)) - raft.server.storage.dir = [/home/runner/work/ozone/ozone/hadoop-ozone/integration-test/target/test-dir/MiniOzoneClusterImpl-3463507a-8a94-4be2-9691-6a94fb394e4a/datanode-1/data/ratis] (custom)
2023-01-08 22:30:39,153 [a5f0a7e4-4f3a-4f10-aa1a-af4297eff32d-NettyServerStreamRpc-bossGroup--thread1] INFO  logging.LoggingHandler (AbstractInternalLogger.java:log(148)) - [id: 0xd7d413ae] REGISTERED
2023-01-08 22:30:39,153 [a5f0a7e4-4f3a-4f10-aa1a-af4297eff32d-NettyServerStreamRpc-bossGroup--thread1] INFO  logging.LoggingHandler (AbstractInternalLogger.java:log(148)) - [id: 0xd7d413ae] BIND: 0.0.0.0/0.0.0.0:0
2023-01-08 22:30:39,154 [Listener at 127.0.0.1/33975] INFO  server.XceiverServerGrpc (XceiverServerGrpc.java:<init>(132)) - GrpcServer channel type EpollServerSocketChannel
2023-01-08 22:30:39,158 [a5f0a7e4-4f3a-4f10-aa1a-af4297eff32d-NettyServerStreamRpc-bossGroup--thread1] INFO  logging.LoggingHandler (AbstractInternalLogger.java:log(148)) - [id: 0xd7d413ae, L:/0:0:0:0:0:0:0:0:37417] ACTIVE
2023-01-08 22:30:39,158 [Listener at 127.0.0.1/33975] INFO  http.BaseHttpServer (BaseHttpServer.java:newHttpServer2BuilderForOzone(213)) - Starting Web-server for hddsDatanode at: http://0.0.0.0:0
2023-01-08 22:30:39,159 [Listener at 127.0.0.1/33975] INFO  http.BaseHttpServer (BaseHttpServer.java:<init>(108)) - Hadoop Security Enabled: false Ozone Security Enabled: false Ozone HTTP Security Enabled: false 
2023-01-08 22:30:39,160 [Listener at 127.0.0.1/33975] WARN  server.AuthenticationFilter (AuthenticationFilter.java:constructSecretProvider(240)) - Unable to initialize FileSignerSecretProvider, falling back to use random secrets. Reason: Could not read signature secret file: /home/runner/hadoop-http-auth-signature-secret
2023-01-08 22:30:39,163 [Listener at 127.0.0.1/33975] WARN  http.HttpRequestLog (HttpRequestLog.java:getRequestLog(103)) - Jetty request log can only be enabled using Log4j
2023-01-08 22:30:39,165 [Listener at 127.0.0.1/33975] INFO  http.HttpServer2 (HttpServer2.java:addGlobalFilter(1031)) - Added global filter 'safety' (class=org.apache.hadoop.hdds.server.http.HttpServer2$QuotingInputFilter)
2023-01-08 22:30:39,165 [Listener at 127.0.0.1/33975] INFO  http.HttpServer2 (HttpServer2.java:addFilter(1007)) - Added filter static_user_filter (class=org.apache.hadoop.http.lib.StaticUserWebFilter$StaticUserFilter) to context hddsDatanode
2023-01-08 22:30:39,166 [Listener at 127.0.0.1/33975] INFO  http.HttpServer2 (HttpServer2.java:addFilter(1015)) - Added filter static_user_filter (class=org.apache.hadoop.http.lib.StaticUserWebFilter$StaticUserFilter) to context static
2023-01-08 22:30:39,166 [Listener at 127.0.0.1/33975] INFO  http.HttpServer2 (HttpServer2.java:addFilter(1015)) - Added filter static_user_filter (class=org.apache.hadoop.http.lib.StaticUserWebFilter$StaticUserFilter) to context logs
2023-01-08 22:30:39,169 [Listener at 127.0.0.1/33975] INFO  http.HttpServer2 (HttpServer2.java:bindListener(1250)) - Jetty bound to port 43473
2023-01-08 22:30:39,169 [Listener at 127.0.0.1/33975] INFO  server.Server (Server.java:doStart(375)) - jetty-9.4.49.v20220914; built: 2022-09-14T01:07:36.601Z; git: 4231a3b2e4cb8548a412a789936d640a97b1aa0a; jvm 1.8.0_352-b08
2023-01-08 22:30:39,171 [Listener at 127.0.0.1/33975] INFO  server.session (DefaultSessionIdManager.java:doStart(334)) - DefaultSessionIdManager workerName=node0
2023-01-08 22:30:39,172 [Listener at 127.0.0.1/33975] INFO  server.session (DefaultSessionIdManager.java:doStart(339)) - No SessionScavenger set, using defaults
2023-01-08 22:30:39,172 [Listener at 127.0.0.1/33975] INFO  server.session (HouseKeeper.java:startScavenging(132)) - node0 Scavenging every 660000ms
2023-01-08 22:30:39,173 [Listener at 127.0.0.1/33975] INFO  handler.ContextHandler (ContextHandler.java:doStart(921)) - Started o.e.j.s.ServletContextHandler@1e2cf7f9{logs,/logs,file:///home/runner/work/ozone/ozone/hadoop-ozone/integration-test/target/log,AVAILABLE}
2023-01-08 22:30:39,173 [Listener at 127.0.0.1/33975] INFO  handler.ContextHandler (ContextHandler.java:doStart(921)) - Started o.e.j.s.ServletContextHandler@2c7e1fce{static,/static,jar:file:/home/runner/.m2/repository/org/apache/ozone/hdds-container-service/1.4.0-SNAPSHOT/hdds-container-service-1.4.0-SNAPSHOT.jar!/webapps/static,AVAILABLE}
2023-01-08 22:30:39,181 [om1@group-C5BA1605619E-FollowerState] INFO  impl.FollowerState (FollowerState.java:run(143)) - om1@group-C5BA1605619E-FollowerState: change to CANDIDATE, lastRpcElapsedTime:1167214578ns, electionTimeout:1156ms
2023-01-08 22:30:39,182 [om1@group-C5BA1605619E-FollowerState] INFO  impl.RoleInfo (RoleInfo.java:shutdownFollowerState(110)) - om1: shutdown om1@group-C5BA1605619E-FollowerState
2023-01-08 22:30:39,182 [om1@group-C5BA1605619E-FollowerState] INFO  server.RaftServer$Division (RaftServerImpl.java:setRole(321)) - om1@group-C5BA1605619E: changes role from  FOLLOWER to CANDIDATE at term 0 for changeToCandidate
2023-01-08 22:30:39,186 [om1@group-C5BA1605619E-FollowerState] INFO  server.RaftServerConfigKeys (ConfUtils.java:logGet(46)) - raft.server.leaderelection.pre-vote = false (custom)
2023-01-08 22:30:39,186 [om1@group-C5BA1605619E-FollowerState] INFO  impl.RoleInfo (RoleInfo.java:updateAndGet(139)) - om1: start om1@group-C5BA1605619E-LeaderElection1
2023-01-08 22:30:39,199 [om1@group-C5BA1605619E-LeaderElection1] INFO  impl.LeaderElection (LeaderElection.java:askForVotes(312)) - om1@group-C5BA1605619E-LeaderElection1 ELECTION round 0: submit vote requests at term 1 for -1: peers:[om1|rpc:localhost:9872|priority:0|startupRole:FOLLOWER]|listeners:[], old=null
2023-01-08 22:30:39,201 [om1@group-C5BA1605619E-LeaderElection1] INFO  impl.LeaderElection (LeaderElection.java:askForVotes(314)) - om1@group-C5BA1605619E-LeaderElection1 ELECTION round 0: result PASSED (term=1)
2023-01-08 22:30:39,202 [om1@group-C5BA1605619E-LeaderElection1] INFO  impl.RoleInfo (RoleInfo.java:shutdownLeaderElection(130)) - om1: shutdown om1@group-C5BA1605619E-LeaderElection1
2023-01-08 22:30:39,203 [om1@group-C5BA1605619E-LeaderElection1] INFO  server.RaftServer$Division (RaftServerImpl.java:setRole(321)) - om1@group-C5BA1605619E: changes role from CANDIDATE to LEADER at term 1 for changeToLeader
2023-01-08 22:30:39,203 [om1@group-C5BA1605619E-LeaderElection1] INFO  server.RaftServer$Division (ServerState.java:setLeader(313)) - om1@group-C5BA1605619E: change Leader from null to om1 at term 1 for becomeLeader, leader elected after 2268ms
2023-01-08 22:30:39,220 [om1@group-C5BA1605619E-LeaderElection1] INFO  server.RaftServerConfigKeys (ConfUtils.java:logGet(46)) - raft.server.staging.catchup.gap = 1000 (default)
2023-01-08 22:30:39,238 [om1@group-C5BA1605619E-LeaderElection1] INFO  server.RaftServerConfigKeys (ConfUtils.java:logGet(46)) - raft.server.write.element-limit = 4096 (default)
2023-01-08 22:30:39,241 [om1@group-C5BA1605619E-LeaderElection1] INFO  server.RaftServerConfigKeys (ConfUtils.java:logGet(46)) - raft.server.write.byte-limit = 64MB (=67108864) (default)
2023-01-08 22:30:39,247 [om1@group-C5BA1605619E-LeaderElection1] INFO  server.RaftServerConfigKeys (ConfUtils.java:logGet(46)) - raft.server.watch.timeout = 10s (default)
2023-01-08 22:30:39,247 [om1@group-C5BA1605619E-LeaderElection1] INFO  server.RaftServerConfigKeys (ConfUtils.java:logGet(46)) - raft.server.watch.timeout.denomination = 1s (default)
2023-01-08 22:30:39,248 [om1@group-C5BA1605619E-LeaderElection1] INFO  server.RaftServerConfigKeys (ConfUtils.java:logGet(46)) - raft.server.watch.element-limit = 65536 (default)
2023-01-08 22:30:39,253 [om1@group-C5BA1605619E-LeaderElection1] INFO  server.RaftServerConfigKeys (ConfUtils.java:logGet(46)) - raft.server.write.element-limit = 4096 (default)
2023-01-08 22:30:39,256 [om1@group-C5BA1605619E-LeaderElection1] INFO  server.RaftServerConfigKeys (ConfUtils.java:logGet(46)) - raft.server.write.follower.gap.ratio.max = -1.0 (default)
2023-01-08 22:30:39,269 [om1@group-C5BA1605619E-LeaderElection1] INFO  impl.RoleInfo (RoleInfo.java:updateAndGet(139)) - om1: start om1@group-C5BA1605619E-LeaderStateImpl
2023-01-08 22:30:39,326 [om1@group-C5BA1605619E-LeaderElection1] INFO  segmented.SegmentedRaftLogWorker (SegmentedRaftLogWorker.java:startLogSegment(452)) - om1@group-C5BA1605619E-SegmentedRaftLogWorker: Starting segment from index:0
2023-01-08 22:30:39,370 [om1@group-C5BA1605619E-LeaderElection1] INFO  server.RaftServer$Division (ServerState.java:setRaftConf(430)) - om1@group-C5BA1605619E: set configuration 0: peers:[om1|rpc:localhost:9872|admin:|client:|dataStream:|priority:0|startupRole:FOLLOWER]|listeners:[], old=null
2023-01-08 22:30:39,388 [Listener at 127.0.0.1/33975] INFO  handler.ContextHandler (ContextHandler.java:doStart(921)) - Started o.e.j.w.WebAppContext@732301d1{hddsDatanode,/,file:///tmp/jetty-0_0_0_0-43473-hdds-container-service-1_4_0-SNAPSHOT_jar-_-any-6133331254751184183/webapp/,AVAILABLE}{jar:file:/home/runner/.m2/repository/org/apache/ozone/hdds-container-service/1.4.0-SNAPSHOT/hdds-container-service-1.4.0-SNAPSHOT.jar!/webapps/hddsDatanode}
2023-01-08 22:30:39,391 [Listener at 127.0.0.1/33975] INFO  server.AbstractConnector (AbstractConnector.java:doStart(333)) - Started ServerConnector@47cd8d7c{HTTP/1.1, (http/1.1)}{0.0.0.0:43473}
2023-01-08 22:30:39,391 [Listener at 127.0.0.1/33975] INFO  server.Server (Server.java:doStart(415)) - Started @8756ms
2023-01-08 22:30:39,391 [Listener at 127.0.0.1/33975] WARN  impl.MetricsSystemImpl (MetricsSystemImpl.java:register(279)) - Sink prometheus already exists!
2023-01-08 22:30:39,394 [Listener at 127.0.0.1/33975] INFO  http.BaseHttpServer (BaseHttpServer.java:updateConnectorAddress(333)) - HTTP server of hddsDatanode listening at http://0.0.0.0:43473
2023-01-08 22:30:39,398 [Listener at 127.0.0.1/33975] WARN  impl.MetricRegistriesImpl (MetricRegistriesImpl.java:addReporterRegistration(111)) - New reporters are added after registries were created. Some metrics will be missing from the reporter. Please add reporter before adding any new registry.
2023-01-08 22:30:39,399 [Listener at 127.0.0.1/33975] WARN  impl.MetricRegistriesImpl (MetricRegistriesImpl.java:addReporterRegistration(111)) - New reporters are added after registries were created. Some metrics will be missing from the reporter. Please add reporter before adding any new registry.
2023-01-08 22:30:39,399 [Listener at 127.0.0.1/33975] INFO  impl.MetricsSystemImpl (MetricsSystemImpl.java:init(158)) - HddsDatanode metrics system started (again)
2023-01-08 22:30:39,399 [Datanode State Machine Daemon Thread] INFO  statemachine.DatanodeStateMachine (DatanodeStateMachine.java:lambda$startDaemon$0(508)) - Ozone container server started.
2023-01-08 22:30:39,417 [org.apache.hadoop.util.JvmPauseMonitor$Monitor@1c7f5bfa] INFO  util.JvmPauseMonitor (JvmPauseMonitor.java:run(188)) - Starting JVM pause monitor
2023-01-08 22:30:39,439 [Listener at 127.0.0.1/33975] INFO  ozone.HddsDatanodeService (HddsDatanodeService.java:start(228)) - HddsDatanodeService host:fv-az390-965.2udvygdcjcjuphbbpa4zxtqymb.gx.internal.cloudapp.net ip:10.1.0.12
2023-01-08 22:30:39,440 [Datanode State Machine Task Thread - 0] INFO  datanode.InitDatanodeState (InitDatanodeState.java:persistContainerDatanodeDetails(138)) - DatanodeDetails is persisted to /home/runner/work/ozone/ozone/hadoop-ozone/integration-test/target/test-dir/MiniOzoneClusterImpl-3463507a-8a94-4be2-9691-6a94fb394e4a/datanode-1/meta/datanode.id
2023-01-08 22:30:39,476 [Listener at 127.0.0.1/33975] INFO  upgrade.AbstractLayoutVersionManager (AbstractLayoutVersionManager.java:init(83)) - Initializing Layout version manager with metadata layout = DATANODE_SCHEMA_V3 (version = 4), software layout = DATANODE_SCHEMA_V3 (version = 4)
2023-01-08 22:30:39,514 [om1@group-C5BA1605619E-SegmentedRaftLogWorker] INFO  segmented.SegmentedRaftLogWorker (SegmentedRaftLogWorker.java:execute(656)) - om1@group-C5BA1605619E-SegmentedRaftLogWorker: created new log segment /home/runner/work/ozone/ozone/hadoop-ozone/integration-test/target/test-dir/MiniOzoneClusterImpl-3463507a-8a94-4be2-9691-6a94fb394e4a/ozone-meta/ratis/bf265839-605b-3f16-9796-c5ba1605619e/current/log_inprogress_0
2023-01-08 22:30:39,564 [Listener at 127.0.0.1/33975] INFO  reflections.Reflections (Reflections.java:scan(232)) - Reflections took 85 ms to scan 7 urls, producing 146 keys and 350 values 
2023-01-08 22:30:39,568 [Listener at 127.0.0.1/33975] INFO  statemachine.DatanodeStateMachine (DatanodeStateMachine.java:getEndPointTaskThreadPoolSize(248)) - Datanode State Machine Task Thread Pool size 2
2023-01-08 22:30:39,576 [Listener at 127.0.0.1/33975] INFO  volume.HddsVolume (HddsVolume.java:<init>(117)) - Creating HddsVolume: /home/runner/work/ozone/ozone/hadoop-ozone/integration-test/target/test-dir/MiniOzoneClusterImpl-3463507a-8a94-4be2-9691-6a94fb394e4a/datanode-2/data-0/containers/hdds of storage type : DISK capacity : 9223372036854775807
2023-01-08 22:30:39,576 [Listener at 127.0.0.1/33975] INFO  volume.MutableVolumeSet (MutableVolumeSet.java:initializeVolumeSet(174)) - Added Volume : /home/runner/work/ozone/ozone/hadoop-ozone/integration-test/target/test-dir/MiniOzoneClusterImpl-3463507a-8a94-4be2-9691-6a94fb394e4a/datanode-2/data-0/containers/hdds to VolumeSet
2023-01-08 22:30:39,576 [Listener at 127.0.0.1/33975] INFO  volume.ThrottledAsyncChecker (ThrottledAsyncChecker.java:schedule(141)) - Scheduling a check for /home/runner/work/ozone/ozone/hadoop-ozone/integration-test/target/test-dir/MiniOzoneClusterImpl-3463507a-8a94-4be2-9691-6a94fb394e4a/datanode-2/data-0/containers/hdds
2023-01-08 22:30:39,584 [Listener at 127.0.0.1/33975] INFO  volume.StorageVolumeChecker (StorageVolumeChecker.java:checkAllVolumes(202)) - Scheduled health check for volume /home/runner/work/ozone/ozone/hadoop-ozone/integration-test/target/test-dir/MiniOzoneClusterImpl-3463507a-8a94-4be2-9691-6a94fb394e4a/datanode-2/data-0/containers/hdds
2023-01-08 22:30:39,601 [Listener at 127.0.0.1/33975] INFO  volume.MutableVolumeSet (MutableVolumeSet.java:initializeVolumeSet(174)) - Added Volume : /home/runner/work/ozone/ozone/hadoop-ozone/integration-test/target/test-dir/MiniOzoneClusterImpl-3463507a-8a94-4be2-9691-6a94fb394e4a/datanode-2/data/ratis to VolumeSet
2023-01-08 22:30:39,602 [Listener at 127.0.0.1/33975] INFO  volume.ThrottledAsyncChecker (ThrottledAsyncChecker.java:schedule(141)) - Scheduling a check for /home/runner/work/ozone/ozone/hadoop-ozone/integration-test/target/test-dir/MiniOzoneClusterImpl-3463507a-8a94-4be2-9691-6a94fb394e4a/datanode-2/data/ratis
2023-01-08 22:30:39,603 [Listener at 127.0.0.1/33975] INFO  volume.StorageVolumeChecker (StorageVolumeChecker.java:checkAllVolumes(202)) - Scheduled health check for volume /home/runner/work/ozone/ozone/hadoop-ozone/integration-test/target/test-dir/MiniOzoneClusterImpl-3463507a-8a94-4be2-9691-6a94fb394e4a/datanode-2/data/ratis
2023-01-08 22:30:39,640 [Thread-166] INFO  ozoneimpl.ContainerReader (ContainerReader.java:readVolume(175)) - Finish verifying containers on volume /home/runner/work/ozone/ozone/hadoop-ozone/integration-test/target/test-dir/MiniOzoneClusterImpl-3463507a-8a94-4be2-9691-6a94fb394e4a/datanode-2/data-0/containers/hdds
2023-01-08 22:30:39,640 [Listener at 127.0.0.1/33975] INFO  ozoneimpl.OzoneContainer (OzoneContainer.java:buildContainerSet(301)) - Build ContainerSet costs 0s
2023-01-08 22:30:39,647 [Listener at 127.0.0.1/33975] INFO  server.RaftServer (ConfUtils.java:logGet(46)) - raft.rpc.type = GRPC (default)
2023-01-08 22:30:39,647 [Listener at 127.0.0.1/33975] INFO  grpc.GrpcConfigKeys (ConfUtils.java:logFallback(53)) - raft.grpc.admin.host = null (fallback to raft.grpc.server.host)
2023-01-08 22:30:39,647 [Listener at 127.0.0.1/33975] INFO  grpc.GrpcConfigKeys (ConfUtils.java:logGet(46)) - raft.grpc.admin.port = 0 (custom)
2023-01-08 22:30:39,648 [Listener at 127.0.0.1/33975] INFO  grpc.GrpcConfigKeys (ConfUtils.java:logFallback(53)) - raft.grpc.client.host = null (fallback to raft.grpc.server.host)
2023-01-08 22:30:39,648 [Listener at 127.0.0.1/33975] INFO  grpc.GrpcConfigKeys (ConfUtils.java:logGet(46)) - raft.grpc.client.port = 0 (custom)
2023-01-08 22:30:39,648 [Listener at 127.0.0.1/33975] INFO  grpc.GrpcConfigKeys (ConfUtils.java:logGet(46)) - raft.grpc.server.host = null (default)
2023-01-08 22:30:39,648 [Listener at 127.0.0.1/33975] INFO  grpc.GrpcConfigKeys (ConfUtils.java:logGet(46)) - raft.grpc.server.port = 0 (default)
2023-01-08 22:30:39,648 [Listener at 127.0.0.1/33975] INFO  server.GrpcService (ConfUtils.java:logGet(46)) - raft.grpc.message.size.max = 32MB (=33554432) (custom)
2023-01-08 22:30:39,648 [Listener at 127.0.0.1/33975] INFO  server.RaftServerConfigKeys (ConfUtils.java:logGet(46)) - raft.server.log.appender.buffer.byte-limit = 33554432 (custom)
2023-01-08 22:30:39,648 [Listener at 127.0.0.1/33975] INFO  server.GrpcService (ConfUtils.java:logGet(46)) - raft.grpc.flow.control.window = 5MB (=5242880) (custom)
2023-01-08 22:30:39,648 [Listener at 127.0.0.1/33975] INFO  server.RaftServerConfigKeys (ConfUtils.java:logGet(46)) - raft.server.rpc.request.timeout = 60s (custom)
2023-01-08 22:30:39,648 [Listener at 127.0.0.1/33975] INFO  grpc.GrpcConfigKeys (ConfUtils.java:logGet(46)) - raft.grpc.server.heartbeat.channel = true (default)
2023-01-08 22:30:39,649 [Listener at 127.0.0.1/33975] INFO  grpc.GrpcConfigKeys (ConfUtils.java:logGet(46)) - raft.grpc.server.async.request.thread.pool.cached = true (default)
2023-01-08 22:30:39,649 [Listener at 127.0.0.1/33975] INFO  grpc.GrpcConfigKeys (ConfUtils.java:logGet(46)) - raft.grpc.server.async.request.thread.pool.size = 32 (default)
2023-01-08 22:30:39,650 [Listener at 127.0.0.1/33975] INFO  impl.DataStreamServerImpl (ConfUtils.java:logGet(46)) - raft.datastream.type = NETTY (custom)
2023-01-08 22:30:39,650 [Listener at 127.0.0.1/33975] INFO  server.RaftServerConfigKeys (ConfUtils.java:logGet(46)) - raft.server.data-stream.async.request.thread.pool.cached = false (default)
2023-01-08 22:30:39,650 [Listener at 127.0.0.1/33975] INFO  server.RaftServerConfigKeys (ConfUtils.java:logGet(46)) - raft.server.data-stream.async.request.thread.pool.size = 20 (custom)
2023-01-08 22:30:39,651 [Listener at 127.0.0.1/33975] INFO  server.RaftServerConfigKeys (ConfUtils.java:logGet(46)) - raft.server.data-stream.async.write.thread.pool.size = 16 (default)
2023-01-08 22:30:39,651 [Listener at 127.0.0.1/33975] INFO  server.RaftServerConfigKeys (ConfUtils.java:logGet(46)) - raft.server.data-stream.client.pool.size = 10 (default)
2023-01-08 22:30:39,651 [Listener at 127.0.0.1/33975] INFO  netty.NettyConfigKeys$DataStream (ConfUtils.java:logGet(46)) - raft.netty.dataStream.server.use-epoll = false (default)
2023-01-08 22:30:39,651 [Listener at 127.0.0.1/33975] INFO  netty.NettyConfigKeys$DataStream (ConfUtils.java:logGet(46)) - raft.netty.dataStream.server.boss-group.size = 0 (default)
2023-01-08 22:30:39,651 [Listener at 127.0.0.1/33975] INFO  netty.NettyConfigKeys$DataStream (ConfUtils.java:logGet(46)) - raft.netty.dataStream.server.worker-group.size = 0 (default)
2023-01-08 22:30:39,652 [Listener at 127.0.0.1/33975] INFO  netty.NettyConfigKeys$DataStream (ConfUtils.java:logGet(46)) - raft.netty.dataStream.server.tls.conf = null (default)
2023-01-08 22:30:39,659 [Listener at 127.0.0.1/33975] INFO  netty.NettyConfigKeys$DataStream (ConfUtils.java:logGet(46)) - raft.netty.dataStream.host = null (default)
2023-01-08 22:30:39,659 [Listener at 127.0.0.1/33975] INFO  netty.NettyConfigKeys$DataStream (ConfUtils.java:logGet(46)) - raft.netty.dataStream.port = 0 (default)
2023-01-08 22:30:39,669 [Listener at 127.0.0.1/33975] INFO  server.RaftServerConfigKeys (ConfUtils.java:logGet(46)) - raft.server.threadpool.proxy.cached = true (default)
2023-01-08 22:30:39,669 [Listener at 127.0.0.1/33975] INFO  server.RaftServerConfigKeys (ConfUtils.java:logGet(46)) - raft.server.threadpool.proxy.size = 0 (default)
2023-01-08 22:30:39,669 [Listener at 127.0.0.1/33975] INFO  server.RaftServerConfigKeys (ConfUtils.java:logGet(46)) - raft.server.rpc.slowness.timeout = 300s (custom)
2023-01-08 22:30:39,670 [Listener at 127.0.0.1/33975] INFO  server.RaftServerConfigKeys (ConfUtils.java:logGet(46)) - raft.server.leaderelection.leader.step-down.wait-time = 10s (default)
2023-01-08 22:30:39,670 [Listener at 127.0.0.1/33975] INFO  server.RaftServerConfigKeys (ConfUtils.java:logGet(46)) - raft.server.storage.dir = [/home/runner/work/ozone/ozone/hadoop-ozone/integration-test/target/test-dir/MiniOzoneClusterImpl-3463507a-8a94-4be2-9691-6a94fb394e4a/datanode-2/data/ratis] (custom)
2023-01-08 22:30:39,678 [1ea1b0cd-ced3-45e8-8c40-55289e6aecfb-NettyServerStreamRpc-bossGroup--thread1] INFO  logging.LoggingHandler (AbstractInternalLogger.java:log(148)) - [id: 0x94355001] REGISTERED
2023-01-08 22:30:39,679 [1ea1b0cd-ced3-45e8-8c40-55289e6aecfb-NettyServerStreamRpc-bossGroup--thread1] INFO  logging.LoggingHandler (AbstractInternalLogger.java:log(148)) - [id: 0x94355001] BIND: 0.0.0.0/0.0.0.0:0
2023-01-08 22:30:39,679 [1ea1b0cd-ced3-45e8-8c40-55289e6aecfb-NettyServerStreamRpc-bossGroup--thread1] INFO  logging.LoggingHandler (AbstractInternalLogger.java:log(148)) - [id: 0x94355001, L:/0:0:0:0:0:0:0:0:40569] ACTIVE
2023-01-08 22:30:39,680 [Listener at 127.0.0.1/33975] INFO  server.XceiverServerGrpc (XceiverServerGrpc.java:<init>(132)) - GrpcServer channel type EpollServerSocketChannel
2023-01-08 22:30:39,688 [om1@group-C5BA1605619E-StateMachineUpdater] INFO  ratis.OzoneManagerStateMachine (OzoneManagerStateMachine.java:notifyConfigurationChanged(192)) - Received Configuration change notification from Ratis. New Peer list:
[id: "om1"
address: "localhost:9872"
startupRole: FOLLOWER
]
2023-01-08 22:30:39,691 [Listener at 127.0.0.1/33975] INFO  http.BaseHttpServer (BaseHttpServer.java:newHttpServer2BuilderForOzone(213)) - Starting Web-server for hddsDatanode at: http://0.0.0.0:0
2023-01-08 22:30:39,691 [Listener at 127.0.0.1/33975] INFO  http.BaseHttpServer (BaseHttpServer.java:<init>(108)) - Hadoop Security Enabled: false Ozone Security Enabled: false Ozone HTTP Security Enabled: false 
2023-01-08 22:30:39,693 [Listener at 127.0.0.1/33975] WARN  server.AuthenticationFilter (AuthenticationFilter.java:constructSecretProvider(240)) - Unable to initialize FileSignerSecretProvider, falling back to use random secrets. Reason: Could not read signature secret file: /home/runner/hadoop-http-auth-signature-secret
2023-01-08 22:30:39,694 [Listener at 127.0.0.1/33975] WARN  http.HttpRequestLog (HttpRequestLog.java:getRequestLog(103)) - Jetty request log can only be enabled using Log4j
2023-01-08 22:30:39,696 [Listener at 127.0.0.1/33975] INFO  http.HttpServer2 (HttpServer2.java:addGlobalFilter(1031)) - Added global filter 'safety' (class=org.apache.hadoop.hdds.server.http.HttpServer2$QuotingInputFilter)
2023-01-08 22:30:39,696 [Listener at 127.0.0.1/33975] INFO  http.HttpServer2 (HttpServer2.java:addFilter(1007)) - Added filter static_user_filter (class=org.apache.hadoop.http.lib.StaticUserWebFilter$StaticUserFilter) to context hddsDatanode
2023-01-08 22:30:39,697 [Listener at 127.0.0.1/33975] INFO  http.HttpServer2 (HttpServer2.java:addFilter(1015)) - Added filter static_user_filter (class=org.apache.hadoop.http.lib.StaticUserWebFilter$StaticUserFilter) to context logs
2023-01-08 22:30:39,697 [Listener at 127.0.0.1/33975] INFO  http.HttpServer2 (HttpServer2.java:addFilter(1015)) - Added filter static_user_filter (class=org.apache.hadoop.http.lib.StaticUserWebFilter$StaticUserFilter) to context static
2023-01-08 22:30:39,698 [Listener at 127.0.0.1/33975] INFO  http.HttpServer2 (HttpServer2.java:bindListener(1250)) - Jetty bound to port 39887
2023-01-08 22:30:39,698 [Listener at 127.0.0.1/33975] INFO  server.Server (Server.java:doStart(375)) - jetty-9.4.49.v20220914; built: 2022-09-14T01:07:36.601Z; git: 4231a3b2e4cb8548a412a789936d640a97b1aa0a; jvm 1.8.0_352-b08
2023-01-08 22:30:39,703 [Listener at 127.0.0.1/33975] INFO  server.session (DefaultSessionIdManager.java:doStart(334)) - DefaultSessionIdManager workerName=node0
2023-01-08 22:30:39,703 [Listener at 127.0.0.1/33975] INFO  server.session (DefaultSessionIdManager.java:doStart(339)) - No SessionScavenger set, using defaults
2023-01-08 22:30:39,703 [Listener at 127.0.0.1/33975] INFO  server.session (HouseKeeper.java:startScavenging(132)) - node0 Scavenging every 600000ms
2023-01-08 22:30:39,704 [Listener at 127.0.0.1/33975] INFO  handler.ContextHandler (ContextHandler.java:doStart(921)) - Started o.e.j.s.ServletContextHandler@5ac59c34{logs,/logs,file:///home/runner/work/ozone/ozone/hadoop-ozone/integration-test/target/log,AVAILABLE}
2023-01-08 22:30:39,705 [Listener at 127.0.0.1/33975] INFO  handler.ContextHandler (ContextHandler.java:doStart(921)) - Started o.e.j.s.ServletContextHandler@11ea648d{static,/static,jar:file:/home/runner/.m2/repository/org/apache/ozone/hdds-container-service/1.4.0-SNAPSHOT/hdds-container-service-1.4.0-SNAPSHOT.jar!/webapps/static,AVAILABLE}
2023-01-08 22:30:39,881 [Listener at 127.0.0.1/33975] INFO  handler.ContextHandler (ContextHandler.java:doStart(921)) - Started o.e.j.w.WebAppContext@41709aa8{hddsDatanode,/,file:///tmp/jetty-0_0_0_0-39887-hdds-container-service-1_4_0-SNAPSHOT_jar-_-any-9022640049912440426/webapp/,AVAILABLE}{jar:file:/home/runner/.m2/repository/org/apache/ozone/hdds-container-service/1.4.0-SNAPSHOT/hdds-container-service-1.4.0-SNAPSHOT.jar!/webapps/hddsDatanode}
2023-01-08 22:30:39,883 [Listener at 127.0.0.1/33975] INFO  server.AbstractConnector (AbstractConnector.java:doStart(333)) - Started ServerConnector@74943348{HTTP/1.1, (http/1.1)}{0.0.0.0:39887}
2023-01-08 22:30:39,884 [Listener at 127.0.0.1/33975] INFO  server.Server (Server.java:doStart(415)) - Started @9249ms
2023-01-08 22:30:39,884 [Listener at 127.0.0.1/33975] WARN  impl.MetricsSystemImpl (MetricsSystemImpl.java:register(279)) - Sink prometheus already exists!
2023-01-08 22:30:39,884 [Listener at 127.0.0.1/33975] INFO  http.BaseHttpServer (BaseHttpServer.java:updateConnectorAddress(333)) - HTTP server of hddsDatanode listening at http://0.0.0.0:39887
2023-01-08 22:30:39,885 [Datanode State Machine Daemon Thread] INFO  statemachine.DatanodeStateMachine (DatanodeStateMachine.java:lambda$startDaemon$0(508)) - Ozone container server started.
2023-01-08 22:30:39,890 [Listener at 127.0.0.1/33975] WARN  impl.MetricRegistriesImpl (MetricRegistriesImpl.java:addReporterRegistration(111)) - New reporters are added after registries were created. Some metrics will be missing from the reporter. Please add reporter before adding any new registry.
2023-01-08 22:30:39,890 [Listener at 127.0.0.1/33975] WARN  impl.MetricRegistriesImpl (MetricRegistriesImpl.java:addReporterRegistration(111)) - New reporters are added after registries were created. Some metrics will be missing from the reporter. Please add reporter before adding any new registry.
2023-01-08 22:30:39,890 [Listener at 127.0.0.1/33975] INFO  impl.MetricsSystemImpl (MetricsSystemImpl.java:init(158)) - HddsDatanode metrics system started (again)
2023-01-08 22:30:39,907 [org.apache.hadoop.util.JvmPauseMonitor$Monitor@1e43bd4e] INFO  util.JvmPauseMonitor (JvmPauseMonitor.java:run(188)) - Starting JVM pause monitor
2023-01-08 22:30:39,908 [Listener at 127.0.0.1/33975] INFO  ozone.HddsDatanodeService (HddsDatanodeService.java:start(228)) - HddsDatanodeService host:fv-az390-965.2udvygdcjcjuphbbpa4zxtqymb.gx.internal.cloudapp.net ip:10.1.0.12
2023-01-08 22:30:39,915 [Datanode State Machine Task Thread - 0] INFO  datanode.InitDatanodeState (InitDatanodeState.java:persistContainerDatanodeDetails(138)) - DatanodeDetails is persisted to /home/runner/work/ozone/ozone/hadoop-ozone/integration-test/target/test-dir/MiniOzoneClusterImpl-3463507a-8a94-4be2-9691-6a94fb394e4a/datanode-2/meta/datanode.id
2023-01-08 22:30:39,933 [Listener at 127.0.0.1/33975] INFO  upgrade.AbstractLayoutVersionManager (AbstractLayoutVersionManager.java:init(83)) - Initializing Layout version manager with metadata layout = DATANODE_SCHEMA_V3 (version = 4), software layout = DATANODE_SCHEMA_V3 (version = 4)
2023-01-08 22:30:39,989 [Listener at 127.0.0.1/33975] INFO  reflections.Reflections (Reflections.java:scan(232)) - Reflections took 54 ms to scan 7 urls, producing 146 keys and 350 values 
2023-01-08 22:30:39,994 [Listener at 127.0.0.1/33975] INFO  statemachine.DatanodeStateMachine (DatanodeStateMachine.java:getEndPointTaskThreadPoolSize(248)) - Datanode State Machine Task Thread Pool size 2
2023-01-08 22:30:39,999 [Listener at 127.0.0.1/33975] INFO  volume.HddsVolume (HddsVolume.java:<init>(117)) - Creating HddsVolume: /home/runner/work/ozone/ozone/hadoop-ozone/integration-test/target/test-dir/MiniOzoneClusterImpl-3463507a-8a94-4be2-9691-6a94fb394e4a/datanode-3/data-0/containers/hdds of storage type : DISK capacity : 9223372036854775807
2023-01-08 22:30:40,000 [Listener at 127.0.0.1/33975] INFO  volume.MutableVolumeSet (MutableVolumeSet.java:initializeVolumeSet(174)) - Added Volume : /home/runner/work/ozone/ozone/hadoop-ozone/integration-test/target/test-dir/MiniOzoneClusterImpl-3463507a-8a94-4be2-9691-6a94fb394e4a/datanode-3/data-0/containers/hdds to VolumeSet
2023-01-08 22:30:40,000 [Listener at 127.0.0.1/33975] INFO  volume.ThrottledAsyncChecker (ThrottledAsyncChecker.java:schedule(141)) - Scheduling a check for /home/runner/work/ozone/ozone/hadoop-ozone/integration-test/target/test-dir/MiniOzoneClusterImpl-3463507a-8a94-4be2-9691-6a94fb394e4a/datanode-3/data-0/containers/hdds
2023-01-08 22:30:40,001 [Listener at 127.0.0.1/33975] INFO  volume.StorageVolumeChecker (StorageVolumeChecker.java:checkAllVolumes(202)) - Scheduled health check for volume /home/runner/work/ozone/ozone/hadoop-ozone/integration-test/target/test-dir/MiniOzoneClusterImpl-3463507a-8a94-4be2-9691-6a94fb394e4a/datanode-3/data-0/containers/hdds
2023-01-08 22:30:40,014 [Listener at 127.0.0.1/33975] INFO  volume.MutableVolumeSet (MutableVolumeSet.java:initializeVolumeSet(174)) - Added Volume : /home/runner/work/ozone/ozone/hadoop-ozone/integration-test/target/test-dir/MiniOzoneClusterImpl-3463507a-8a94-4be2-9691-6a94fb394e4a/datanode-3/data/ratis to VolumeSet
2023-01-08 22:30:40,014 [Listener at 127.0.0.1/33975] INFO  volume.ThrottledAsyncChecker (ThrottledAsyncChecker.java:schedule(141)) - Scheduling a check for /home/runner/work/ozone/ozone/hadoop-ozone/integration-test/target/test-dir/MiniOzoneClusterImpl-3463507a-8a94-4be2-9691-6a94fb394e4a/datanode-3/data/ratis
2023-01-08 22:30:40,014 [Listener at 127.0.0.1/33975] INFO  volume.StorageVolumeChecker (StorageVolumeChecker.java:checkAllVolumes(202)) - Scheduled health check for volume /home/runner/work/ozone/ozone/hadoop-ozone/integration-test/target/test-dir/MiniOzoneClusterImpl-3463507a-8a94-4be2-9691-6a94fb394e4a/datanode-3/data/ratis
2023-01-08 22:30:40,030 [Thread-180] INFO  ozoneimpl.ContainerReader (ContainerReader.java:readVolume(175)) - Finish verifying containers on volume /home/runner/work/ozone/ozone/hadoop-ozone/integration-test/target/test-dir/MiniOzoneClusterImpl-3463507a-8a94-4be2-9691-6a94fb394e4a/datanode-3/data-0/containers/hdds
2023-01-08 22:30:40,030 [Listener at 127.0.0.1/33975] INFO  ozoneimpl.OzoneContainer (OzoneContainer.java:buildContainerSet(301)) - Build ContainerSet costs 0s
2023-01-08 22:30:40,033 [Listener at 127.0.0.1/33975] INFO  server.RaftServer (ConfUtils.java:logGet(46)) - raft.rpc.type = GRPC (default)
2023-01-08 22:30:40,033 [Listener at 127.0.0.1/33975] INFO  grpc.GrpcConfigKeys (ConfUtils.java:logFallback(53)) - raft.grpc.admin.host = null (fallback to raft.grpc.server.host)
2023-01-08 22:30:40,033 [Listener at 127.0.0.1/33975] INFO  grpc.GrpcConfigKeys (ConfUtils.java:logGet(46)) - raft.grpc.admin.port = 0 (custom)
2023-01-08 22:30:40,038 [Listener at 127.0.0.1/33975] INFO  grpc.GrpcConfigKeys (ConfUtils.java:logFallback(53)) - raft.grpc.client.host = null (fallback to raft.grpc.server.host)
2023-01-08 22:30:40,038 [Listener at 127.0.0.1/33975] INFO  grpc.GrpcConfigKeys (ConfUtils.java:logGet(46)) - raft.grpc.client.port = 0 (custom)
2023-01-08 22:30:40,038 [Listener at 127.0.0.1/33975] INFO  grpc.GrpcConfigKeys (ConfUtils.java:logGet(46)) - raft.grpc.server.host = null (default)
2023-01-08 22:30:40,038 [Listener at 127.0.0.1/33975] INFO  grpc.GrpcConfigKeys (ConfUtils.java:logGet(46)) - raft.grpc.server.port = 0 (default)
2023-01-08 22:30:40,038 [Listener at 127.0.0.1/33975] INFO  server.GrpcService (ConfUtils.java:logGet(46)) - raft.grpc.message.size.max = 32MB (=33554432) (custom)
2023-01-08 22:30:40,038 [Listener at 127.0.0.1/33975] INFO  server.RaftServerConfigKeys (ConfUtils.java:logGet(46)) - raft.server.log.appender.buffer.byte-limit = 33554432 (custom)
2023-01-08 22:30:40,038 [Listener at 127.0.0.1/33975] INFO  server.GrpcService (ConfUtils.java:logGet(46)) - raft.grpc.flow.control.window = 5MB (=5242880) (custom)
2023-01-08 22:30:40,039 [Listener at 127.0.0.1/33975] INFO  server.RaftServerConfigKeys (ConfUtils.java:logGet(46)) - raft.server.rpc.request.timeout = 60s (custom)
2023-01-08 22:30:40,039 [Listener at 127.0.0.1/33975] INFO  grpc.GrpcConfigKeys (ConfUtils.java:logGet(46)) - raft.grpc.server.heartbeat.channel = true (default)
2023-01-08 22:30:40,039 [Listener at 127.0.0.1/33975] INFO  grpc.GrpcConfigKeys (ConfUtils.java:logGet(46)) - raft.grpc.server.async.request.thread.pool.cached = true (default)
2023-01-08 22:30:40,039 [Listener at 127.0.0.1/33975] INFO  grpc.GrpcConfigKeys (ConfUtils.java:logGet(46)) - raft.grpc.server.async.request.thread.pool.size = 32 (default)
2023-01-08 22:30:40,041 [Listener at 127.0.0.1/33975] INFO  impl.DataStreamServerImpl (ConfUtils.java:logGet(46)) - raft.datastream.type = NETTY (custom)
2023-01-08 22:30:40,042 [Listener at 127.0.0.1/33975] INFO  server.RaftServerConfigKeys (ConfUtils.java:logGet(46)) - raft.server.data-stream.async.request.thread.pool.cached = false (default)
2023-01-08 22:30:40,042 [Listener at 127.0.0.1/33975] INFO  server.RaftServerConfigKeys (ConfUtils.java:logGet(46)) - raft.server.data-stream.async.request.thread.pool.size = 20 (custom)
2023-01-08 22:30:40,042 [Listener at 127.0.0.1/33975] INFO  server.RaftServerConfigKeys (ConfUtils.java:logGet(46)) - raft.server.data-stream.async.write.thread.pool.size = 16 (default)
2023-01-08 22:30:40,042 [Listener at 127.0.0.1/33975] INFO  server.RaftServerConfigKeys (ConfUtils.java:logGet(46)) - raft.server.data-stream.client.pool.size = 10 (default)
2023-01-08 22:30:40,042 [Listener at 127.0.0.1/33975] INFO  netty.NettyConfigKeys$DataStream (ConfUtils.java:logGet(46)) - raft.netty.dataStream.server.use-epoll = false (default)
2023-01-08 22:30:40,042 [Listener at 127.0.0.1/33975] INFO  netty.NettyConfigKeys$DataStream (ConfUtils.java:logGet(46)) - raft.netty.dataStream.server.boss-group.size = 0 (default)
2023-01-08 22:30:40,043 [Listener at 127.0.0.1/33975] INFO  netty.NettyConfigKeys$DataStream (ConfUtils.java:logGet(46)) - raft.netty.dataStream.server.worker-group.size = 0 (default)
2023-01-08 22:30:40,047 [Listener at 127.0.0.1/33975] INFO  netty.NettyConfigKeys$DataStream (ConfUtils.java:logGet(46)) - raft.netty.dataStream.server.tls.conf = null (default)
2023-01-08 22:30:40,047 [Listener at 127.0.0.1/33975] INFO  netty.NettyConfigKeys$DataStream (ConfUtils.java:logGet(46)) - raft.netty.dataStream.host = null (default)
2023-01-08 22:30:40,047 [Listener at 127.0.0.1/33975] INFO  netty.NettyConfigKeys$DataStream (ConfUtils.java:logGet(46)) - raft.netty.dataStream.port = 0 (default)
2023-01-08 22:30:40,048 [Listener at 127.0.0.1/33975] INFO  server.RaftServerConfigKeys (ConfUtils.java:logGet(46)) - raft.server.threadpool.proxy.cached = true (default)
2023-01-08 22:30:40,049 [Listener at 127.0.0.1/33975] INFO  server.RaftServerConfigKeys (ConfUtils.java:logGet(46)) - raft.server.threadpool.proxy.size = 0 (default)
2023-01-08 22:30:40,049 [Listener at 127.0.0.1/33975] INFO  server.RaftServerConfigKeys (ConfUtils.java:logGet(46)) - raft.server.rpc.slowness.timeout = 300s (custom)
2023-01-08 22:30:40,050 [Listener at 127.0.0.1/33975] INFO  server.RaftServerConfigKeys (ConfUtils.java:logGet(46)) - raft.server.leaderelection.leader.step-down.wait-time = 10s (default)
2023-01-08 22:30:40,050 [d2cb6247-0f92-4e0f-9f0c-5b2ce80c0115-NettyServerStreamRpc-bossGroup--thread1] INFO  logging.LoggingHandler (AbstractInternalLogger.java:log(148)) - [id: 0x3e383068] REGISTERED
2023-01-08 22:30:40,050 [Listener at 127.0.0.1/33975] INFO  server.RaftServerConfigKeys (ConfUtils.java:logGet(46)) - raft.server.storage.dir = [/home/runner/work/ozone/ozone/hadoop-ozone/integration-test/target/test-dir/MiniOzoneClusterImpl-3463507a-8a94-4be2-9691-6a94fb394e4a/datanode-3/data/ratis] (custom)
2023-01-08 22:30:40,050 [d2cb6247-0f92-4e0f-9f0c-5b2ce80c0115-NettyServerStreamRpc-bossGroup--thread1] INFO  logging.LoggingHandler (AbstractInternalLogger.java:log(148)) - [id: 0x3e383068] BIND: 0.0.0.0/0.0.0.0:0
2023-01-08 22:30:40,050 [d2cb6247-0f92-4e0f-9f0c-5b2ce80c0115-NettyServerStreamRpc-bossGroup--thread1] INFO  logging.LoggingHandler (AbstractInternalLogger.java:log(148)) - [id: 0x3e383068, L:/0:0:0:0:0:0:0:0:35007] ACTIVE
2023-01-08 22:30:40,052 [Listener at 127.0.0.1/33975] INFO  server.XceiverServerGrpc (XceiverServerGrpc.java:<init>(132)) - GrpcServer channel type EpollServerSocketChannel
2023-01-08 22:30:40,060 [Listener at 127.0.0.1/33975] INFO  http.BaseHttpServer (BaseHttpServer.java:newHttpServer2BuilderForOzone(213)) - Starting Web-server for hddsDatanode at: http://0.0.0.0:0
2023-01-08 22:30:40,060 [Listener at 127.0.0.1/33975] INFO  http.BaseHttpServer (BaseHttpServer.java:<init>(108)) - Hadoop Security Enabled: false Ozone Security Enabled: false Ozone HTTP Security Enabled: false 
2023-01-08 22:30:40,062 [Listener at 127.0.0.1/33975] WARN  server.AuthenticationFilter (AuthenticationFilter.java:constructSecretProvider(240)) - Unable to initialize FileSignerSecretProvider, falling back to use random secrets. Reason: Could not read signature secret file: /home/runner/hadoop-http-auth-signature-secret
2023-01-08 22:30:40,063 [Listener at 127.0.0.1/33975] WARN  http.HttpRequestLog (HttpRequestLog.java:getRequestLog(103)) - Jetty request log can only be enabled using Log4j
2023-01-08 22:30:40,064 [Listener at 127.0.0.1/33975] INFO  http.HttpServer2 (HttpServer2.java:addGlobalFilter(1031)) - Added global filter 'safety' (class=org.apache.hadoop.hdds.server.http.HttpServer2$QuotingInputFilter)
2023-01-08 22:30:40,065 [Listener at 127.0.0.1/33975] INFO  http.HttpServer2 (HttpServer2.java:addFilter(1007)) - Added filter static_user_filter (class=org.apache.hadoop.http.lib.StaticUserWebFilter$StaticUserFilter) to context hddsDatanode
2023-01-08 22:30:40,065 [Listener at 127.0.0.1/33975] INFO  http.HttpServer2 (HttpServer2.java:addFilter(1015)) - Added filter static_user_filter (class=org.apache.hadoop.http.lib.StaticUserWebFilter$StaticUserFilter) to context static
2023-01-08 22:30:40,065 [Listener at 127.0.0.1/33975] INFO  http.HttpServer2 (HttpServer2.java:addFilter(1015)) - Added filter static_user_filter (class=org.apache.hadoop.http.lib.StaticUserWebFilter$StaticUserFilter) to context logs
2023-01-08 22:30:40,065 [Listener at 127.0.0.1/33975] INFO  http.HttpServer2 (HttpServer2.java:bindListener(1250)) - Jetty bound to port 44919
2023-01-08 22:30:40,066 [Listener at 127.0.0.1/33975] INFO  server.Server (Server.java:doStart(375)) - jetty-9.4.49.v20220914; built: 2022-09-14T01:07:36.601Z; git: 4231a3b2e4cb8548a412a789936d640a97b1aa0a; jvm 1.8.0_352-b08
2023-01-08 22:30:40,069 [Listener at 127.0.0.1/33975] INFO  server.session (DefaultSessionIdManager.java:doStart(334)) - DefaultSessionIdManager workerName=node0
2023-01-08 22:30:40,069 [Listener at 127.0.0.1/33975] INFO  server.session (DefaultSessionIdManager.java:doStart(339)) - No SessionScavenger set, using defaults
2023-01-08 22:30:40,069 [Listener at 127.0.0.1/33975] INFO  server.session (HouseKeeper.java:startScavenging(132)) - node0 Scavenging every 600000ms
2023-01-08 22:30:40,070 [Listener at 127.0.0.1/33975] INFO  handler.ContextHandler (ContextHandler.java:doStart(921)) - Started o.e.j.s.ServletContextHandler@12eae11d{logs,/logs,file:///home/runner/work/ozone/ozone/hadoop-ozone/integration-test/target/log,AVAILABLE}
2023-01-08 22:30:40,070 [Listener at 127.0.0.1/33975] INFO  handler.ContextHandler (ContextHandler.java:doStart(921)) - Started o.e.j.s.ServletContextHandler@38903fa5{static,/static,jar:file:/home/runner/.m2/repository/org/apache/ozone/hdds-container-service/1.4.0-SNAPSHOT/hdds-container-service-1.4.0-SNAPSHOT.jar!/webapps/static,AVAILABLE}
2023-01-08 22:30:40,243 [Listener at 127.0.0.1/33975] INFO  handler.ContextHandler (ContextHandler.java:doStart(921)) - Started o.e.j.w.WebAppContext@498055a9{hddsDatanode,/,file:///tmp/jetty-0_0_0_0-44919-hdds-container-service-1_4_0-SNAPSHOT_jar-_-any-242312675458904072/webapp/,AVAILABLE}{jar:file:/home/runner/.m2/repository/org/apache/ozone/hdds-container-service/1.4.0-SNAPSHOT/hdds-container-service-1.4.0-SNAPSHOT.jar!/webapps/hddsDatanode}
2023-01-08 22:30:40,245 [Listener at 127.0.0.1/33975] INFO  server.AbstractConnector (AbstractConnector.java:doStart(333)) - Started ServerConnector@7e486dcf{HTTP/1.1, (http/1.1)}{0.0.0.0:44919}
2023-01-08 22:30:40,245 [Listener at 127.0.0.1/33975] INFO  server.Server (Server.java:doStart(415)) - Started @9610ms
2023-01-08 22:30:40,245 [Listener at 127.0.0.1/33975] WARN  impl.MetricsSystemImpl (MetricsSystemImpl.java:register(279)) - Sink prometheus already exists!
2023-01-08 22:30:40,246 [Listener at 127.0.0.1/33975] INFO  http.BaseHttpServer (BaseHttpServer.java:updateConnectorAddress(333)) - HTTP server of hddsDatanode listening at http://0.0.0.0:44919
2023-01-08 22:30:40,246 [Datanode State Machine Daemon Thread] INFO  statemachine.DatanodeStateMachine (DatanodeStateMachine.java:lambda$startDaemon$0(508)) - Ozone container server started.
2023-01-08 22:30:40,251 [Listener at 127.0.0.1/33975] WARN  impl.MetricRegistriesImpl (MetricRegistriesImpl.java:addReporterRegistration(111)) - New reporters are added after registries were created. Some metrics will be missing from the reporter. Please add reporter before adding any new registry.
2023-01-08 22:30:40,251 [Listener at 127.0.0.1/33975] WARN  impl.MetricRegistriesImpl (MetricRegistriesImpl.java:addReporterRegistration(111)) - New reporters are added after registries were created. Some metrics will be missing from the reporter. Please add reporter before adding any new registry.
2023-01-08 22:30:40,251 [Listener at 127.0.0.1/33975] INFO  impl.MetricsSystemImpl (MetricsSystemImpl.java:init(158)) - HddsDatanode metrics system started (again)
2023-01-08 22:30:40,258 [org.apache.hadoop.util.JvmPauseMonitor$Monitor@34a1ae42] INFO  util.JvmPauseMonitor (JvmPauseMonitor.java:run(188)) - Starting JVM pause monitor
2023-01-08 22:30:40,263 [Datanode State Machine Task Thread - 0] INFO  datanode.InitDatanodeState (InitDatanodeState.java:persistContainerDatanodeDetails(138)) - DatanodeDetails is persisted to /home/runner/work/ozone/ozone/hadoop-ozone/integration-test/target/test-dir/MiniOzoneClusterImpl-3463507a-8a94-4be2-9691-6a94fb394e4a/datanode-3/meta/datanode.id
2023-01-08 22:30:40,276 [Listener at 127.0.0.1/33975] INFO  ozone.HddsDatanodeService (HddsDatanodeService.java:start(228)) - HddsDatanodeService host:fv-az390-965.2udvygdcjcjuphbbpa4zxtqymb.gx.internal.cloudapp.net ip:10.1.0.12
2023-01-08 22:30:40,298 [Listener at 127.0.0.1/33975] INFO  upgrade.AbstractLayoutVersionManager (AbstractLayoutVersionManager.java:init(83)) - Initializing Layout version manager with metadata layout = DATANODE_SCHEMA_V3 (version = 4), software layout = DATANODE_SCHEMA_V3 (version = 4)
2023-01-08 22:30:40,350 [Listener at 127.0.0.1/33975] INFO  reflections.Reflections (Reflections.java:scan(232)) - Reflections took 50 ms to scan 7 urls, producing 146 keys and 350 values 
2023-01-08 22:30:40,351 [Listener at 127.0.0.1/33975] INFO  statemachine.DatanodeStateMachine (DatanodeStateMachine.java:getEndPointTaskThreadPoolSize(248)) - Datanode State Machine Task Thread Pool size 2
2023-01-08 22:30:40,354 [Listener at 127.0.0.1/33975] INFO  volume.HddsVolume (HddsVolume.java:<init>(117)) - Creating HddsVolume: /home/runner/work/ozone/ozone/hadoop-ozone/integration-test/target/test-dir/MiniOzoneClusterImpl-3463507a-8a94-4be2-9691-6a94fb394e4a/datanode-4/data-0/containers/hdds of storage type : DISK capacity : 9223372036854775807
2023-01-08 22:30:40,355 [Listener at 127.0.0.1/33975] INFO  volume.MutableVolumeSet (MutableVolumeSet.java:initializeVolumeSet(174)) - Added Volume : /home/runner/work/ozone/ozone/hadoop-ozone/integration-test/target/test-dir/MiniOzoneClusterImpl-3463507a-8a94-4be2-9691-6a94fb394e4a/datanode-4/data-0/containers/hdds to VolumeSet
2023-01-08 22:30:40,355 [Listener at 127.0.0.1/33975] INFO  volume.ThrottledAsyncChecker (ThrottledAsyncChecker.java:schedule(141)) - Scheduling a check for /home/runner/work/ozone/ozone/hadoop-ozone/integration-test/target/test-dir/MiniOzoneClusterImpl-3463507a-8a94-4be2-9691-6a94fb394e4a/datanode-4/data-0/containers/hdds
2023-01-08 22:30:40,356 [Listener at 127.0.0.1/33975] INFO  volume.StorageVolumeChecker (StorageVolumeChecker.java:checkAllVolumes(202)) - Scheduled health check for volume /home/runner/work/ozone/ozone/hadoop-ozone/integration-test/target/test-dir/MiniOzoneClusterImpl-3463507a-8a94-4be2-9691-6a94fb394e4a/datanode-4/data-0/containers/hdds
2023-01-08 22:30:40,368 [Listener at 127.0.0.1/33975] INFO  volume.MutableVolumeSet (MutableVolumeSet.java:initializeVolumeSet(174)) - Added Volume : /home/runner/work/ozone/ozone/hadoop-ozone/integration-test/target/test-dir/MiniOzoneClusterImpl-3463507a-8a94-4be2-9691-6a94fb394e4a/datanode-4/data/ratis to VolumeSet
2023-01-08 22:30:40,368 [Listener at 127.0.0.1/33975] INFO  volume.ThrottledAsyncChecker (ThrottledAsyncChecker.java:schedule(141)) - Scheduling a check for /home/runner/work/ozone/ozone/hadoop-ozone/integration-test/target/test-dir/MiniOzoneClusterImpl-3463507a-8a94-4be2-9691-6a94fb394e4a/datanode-4/data/ratis
2023-01-08 22:30:40,368 [Listener at 127.0.0.1/33975] INFO  volume.StorageVolumeChecker (StorageVolumeChecker.java:checkAllVolumes(202)) - Scheduled health check for volume /home/runner/work/ozone/ozone/hadoop-ozone/integration-test/target/test-dir/MiniOzoneClusterImpl-3463507a-8a94-4be2-9691-6a94fb394e4a/datanode-4/data/ratis
2023-01-08 22:30:40,382 [Thread-194] INFO  ozoneimpl.ContainerReader (ContainerReader.java:readVolume(175)) - Finish verifying containers on volume /home/runner/work/ozone/ozone/hadoop-ozone/integration-test/target/test-dir/MiniOzoneClusterImpl-3463507a-8a94-4be2-9691-6a94fb394e4a/datanode-4/data-0/containers/hdds
2023-01-08 22:30:40,382 [Listener at 127.0.0.1/33975] INFO  ozoneimpl.OzoneContainer (OzoneContainer.java:buildContainerSet(301)) - Build ContainerSet costs 0s
2023-01-08 22:30:40,386 [Listener at 127.0.0.1/33975] INFO  server.RaftServer (ConfUtils.java:logGet(46)) - raft.rpc.type = GRPC (default)
2023-01-08 22:30:40,386 [Listener at 127.0.0.1/33975] INFO  grpc.GrpcConfigKeys (ConfUtils.java:logFallback(53)) - raft.grpc.admin.host = null (fallback to raft.grpc.server.host)
2023-01-08 22:30:40,386 [Listener at 127.0.0.1/33975] INFO  grpc.GrpcConfigKeys (ConfUtils.java:logGet(46)) - raft.grpc.admin.port = 0 (custom)
2023-01-08 22:30:40,386 [Listener at 127.0.0.1/33975] INFO  grpc.GrpcConfigKeys (ConfUtils.java:logFallback(53)) - raft.grpc.client.host = null (fallback to raft.grpc.server.host)
2023-01-08 22:30:40,387 [Listener at 127.0.0.1/33975] INFO  grpc.GrpcConfigKeys (ConfUtils.java:logGet(46)) - raft.grpc.client.port = 0 (custom)
2023-01-08 22:30:40,387 [Listener at 127.0.0.1/33975] INFO  grpc.GrpcConfigKeys (ConfUtils.java:logGet(46)) - raft.grpc.server.host = null (default)
2023-01-08 22:30:40,387 [Listener at 127.0.0.1/33975] INFO  grpc.GrpcConfigKeys (ConfUtils.java:logGet(46)) - raft.grpc.server.port = 0 (default)
2023-01-08 22:30:40,387 [Listener at 127.0.0.1/33975] INFO  server.GrpcService (ConfUtils.java:logGet(46)) - raft.grpc.message.size.max = 32MB (=33554432) (custom)
2023-01-08 22:30:40,387 [Listener at 127.0.0.1/33975] INFO  server.RaftServerConfigKeys (ConfUtils.java:logGet(46)) - raft.server.log.appender.buffer.byte-limit = 33554432 (custom)
2023-01-08 22:30:40,387 [Listener at 127.0.0.1/33975] INFO  server.GrpcService (ConfUtils.java:logGet(46)) - raft.grpc.flow.control.window = 5MB (=5242880) (custom)
2023-01-08 22:30:40,387 [Listener at 127.0.0.1/33975] INFO  server.RaftServerConfigKeys (ConfUtils.java:logGet(46)) - raft.server.rpc.request.timeout = 60s (custom)
2023-01-08 22:30:40,387 [Listener at 127.0.0.1/33975] INFO  grpc.GrpcConfigKeys (ConfUtils.java:logGet(46)) - raft.grpc.server.heartbeat.channel = true (default)
2023-01-08 22:30:40,387 [Listener at 127.0.0.1/33975] INFO  grpc.GrpcConfigKeys (ConfUtils.java:logGet(46)) - raft.grpc.server.async.request.thread.pool.cached = true (default)
2023-01-08 22:30:40,387 [Listener at 127.0.0.1/33975] INFO  grpc.GrpcConfigKeys (ConfUtils.java:logGet(46)) - raft.grpc.server.async.request.thread.pool.size = 32 (default)
2023-01-08 22:30:40,389 [Listener at 127.0.0.1/33975] INFO  impl.DataStreamServerImpl (ConfUtils.java:logGet(46)) - raft.datastream.type = NETTY (custom)
2023-01-08 22:30:40,389 [Listener at 127.0.0.1/33975] INFO  server.RaftServerConfigKeys (ConfUtils.java:logGet(46)) - raft.server.data-stream.async.request.thread.pool.cached = false (default)
2023-01-08 22:30:40,389 [Listener at 127.0.0.1/33975] INFO  server.RaftServerConfigKeys (ConfUtils.java:logGet(46)) - raft.server.data-stream.async.request.thread.pool.size = 20 (custom)
2023-01-08 22:30:40,389 [Listener at 127.0.0.1/33975] INFO  server.RaftServerConfigKeys (ConfUtils.java:logGet(46)) - raft.server.data-stream.async.write.thread.pool.size = 16 (default)
2023-01-08 22:30:40,390 [Listener at 127.0.0.1/33975] INFO  server.RaftServerConfigKeys (ConfUtils.java:logGet(46)) - raft.server.data-stream.client.pool.size = 10 (default)
2023-01-08 22:30:40,390 [Listener at 127.0.0.1/33975] INFO  netty.NettyConfigKeys$DataStream (ConfUtils.java:logGet(46)) - raft.netty.dataStream.server.use-epoll = false (default)
2023-01-08 22:30:40,390 [Listener at 127.0.0.1/33975] INFO  netty.NettyConfigKeys$DataStream (ConfUtils.java:logGet(46)) - raft.netty.dataStream.server.boss-group.size = 0 (default)
2023-01-08 22:30:40,390 [Listener at 127.0.0.1/33975] INFO  netty.NettyConfigKeys$DataStream (ConfUtils.java:logGet(46)) - raft.netty.dataStream.server.worker-group.size = 0 (default)
2023-01-08 22:30:40,391 [Listener at 127.0.0.1/33975] INFO  netty.NettyConfigKeys$DataStream (ConfUtils.java:logGet(46)) - raft.netty.dataStream.server.tls.conf = null (default)
2023-01-08 22:30:40,391 [Listener at 127.0.0.1/33975] INFO  netty.NettyConfigKeys$DataStream (ConfUtils.java:logGet(46)) - raft.netty.dataStream.host = null (default)
2023-01-08 22:30:40,391 [Listener at 127.0.0.1/33975] INFO  netty.NettyConfigKeys$DataStream (ConfUtils.java:logGet(46)) - raft.netty.dataStream.port = 0 (default)
2023-01-08 22:30:40,393 [Listener at 127.0.0.1/33975] INFO  server.RaftServerConfigKeys (ConfUtils.java:logGet(46)) - raft.server.threadpool.proxy.cached = true (default)
2023-01-08 22:30:40,393 [Listener at 127.0.0.1/33975] INFO  server.RaftServerConfigKeys (ConfUtils.java:logGet(46)) - raft.server.threadpool.proxy.size = 0 (default)
2023-01-08 22:30:40,393 [Listener at 127.0.0.1/33975] INFO  server.RaftServerConfigKeys (ConfUtils.java:logGet(46)) - raft.server.rpc.slowness.timeout = 300s (custom)
2023-01-08 22:30:40,393 [Listener at 127.0.0.1/33975] INFO  server.RaftServerConfigKeys (ConfUtils.java:logGet(46)) - raft.server.leaderelection.leader.step-down.wait-time = 10s (default)
2023-01-08 22:30:40,393 [Listener at 127.0.0.1/33975] INFO  server.RaftServerConfigKeys (ConfUtils.java:logGet(46)) - raft.server.storage.dir = [/home/runner/work/ozone/ozone/hadoop-ozone/integration-test/target/test-dir/MiniOzoneClusterImpl-3463507a-8a94-4be2-9691-6a94fb394e4a/datanode-4/data/ratis] (custom)
2023-01-08 22:30:40,396 [e7301f7c-5c47-48c7-9f47-e06452a04696-NettyServerStreamRpc-bossGroup--thread1] INFO  logging.LoggingHandler (AbstractInternalLogger.java:log(148)) - [id: 0x867eb8ff] REGISTERED
2023-01-08 22:30:40,396 [e7301f7c-5c47-48c7-9f47-e06452a04696-NettyServerStreamRpc-bossGroup--thread1] INFO  logging.LoggingHandler (AbstractInternalLogger.java:log(148)) - [id: 0x867eb8ff] BIND: 0.0.0.0/0.0.0.0:0
2023-01-08 22:30:40,396 [e7301f7c-5c47-48c7-9f47-e06452a04696-NettyServerStreamRpc-bossGroup--thread1] INFO  logging.LoggingHandler (AbstractInternalLogger.java:log(148)) - [id: 0x867eb8ff, L:/0:0:0:0:0:0:0:0:38057] ACTIVE
2023-01-08 22:30:40,397 [Listener at 127.0.0.1/33975] INFO  server.XceiverServerGrpc (XceiverServerGrpc.java:<init>(132)) - GrpcServer channel type EpollServerSocketChannel
2023-01-08 22:30:40,400 [Listener at 127.0.0.1/33975] INFO  http.BaseHttpServer (BaseHttpServer.java:newHttpServer2BuilderForOzone(213)) - Starting Web-server for hddsDatanode at: http://0.0.0.0:0
2023-01-08 22:30:40,400 [Listener at 127.0.0.1/33975] INFO  http.BaseHttpServer (BaseHttpServer.java:<init>(108)) - Hadoop Security Enabled: false Ozone Security Enabled: false Ozone HTTP Security Enabled: false 
2023-01-08 22:30:40,402 [Listener at 127.0.0.1/33975] WARN  server.AuthenticationFilter (AuthenticationFilter.java:constructSecretProvider(240)) - Unable to initialize FileSignerSecretProvider, falling back to use random secrets. Reason: Could not read signature secret file: /home/runner/hadoop-http-auth-signature-secret
2023-01-08 22:30:40,406 [Listener at 127.0.0.1/33975] WARN  http.HttpRequestLog (HttpRequestLog.java:getRequestLog(103)) - Jetty request log can only be enabled using Log4j
2023-01-08 22:30:40,407 [Listener at 127.0.0.1/33975] INFO  http.HttpServer2 (HttpServer2.java:addGlobalFilter(1031)) - Added global filter 'safety' (class=org.apache.hadoop.hdds.server.http.HttpServer2$QuotingInputFilter)
2023-01-08 22:30:40,409 [Listener at 127.0.0.1/33975] INFO  http.HttpServer2 (HttpServer2.java:addFilter(1007)) - Added filter static_user_filter (class=org.apache.hadoop.http.lib.StaticUserWebFilter$StaticUserFilter) to context hddsDatanode
2023-01-08 22:30:40,409 [Listener at 127.0.0.1/33975] INFO  http.HttpServer2 (HttpServer2.java:addFilter(1015)) - Added filter static_user_filter (class=org.apache.hadoop.http.lib.StaticUserWebFilter$StaticUserFilter) to context static
2023-01-08 22:30:40,409 [Listener at 127.0.0.1/33975] INFO  http.HttpServer2 (HttpServer2.java:addFilter(1015)) - Added filter static_user_filter (class=org.apache.hadoop.http.lib.StaticUserWebFilter$StaticUserFilter) to context logs
2023-01-08 22:30:40,410 [Listener at 127.0.0.1/33975] INFO  http.HttpServer2 (HttpServer2.java:bindListener(1250)) - Jetty bound to port 46603
2023-01-08 22:30:40,410 [Listener at 127.0.0.1/33975] INFO  server.Server (Server.java:doStart(375)) - jetty-9.4.49.v20220914; built: 2022-09-14T01:07:36.601Z; git: 4231a3b2e4cb8548a412a789936d640a97b1aa0a; jvm 1.8.0_352-b08
2023-01-08 22:30:40,412 [Listener at 127.0.0.1/33975] INFO  server.session (DefaultSessionIdManager.java:doStart(334)) - DefaultSessionIdManager workerName=node0
2023-01-08 22:30:40,412 [Listener at 127.0.0.1/33975] INFO  server.session (DefaultSessionIdManager.java:doStart(339)) - No SessionScavenger set, using defaults
2023-01-08 22:30:40,412 [Listener at 127.0.0.1/33975] INFO  server.session (HouseKeeper.java:startScavenging(132)) - node0 Scavenging every 660000ms
2023-01-08 22:30:40,413 [Listener at 127.0.0.1/33975] INFO  handler.ContextHandler (ContextHandler.java:doStart(921)) - Started o.e.j.s.ServletContextHandler@63657988{logs,/logs,file:///home/runner/work/ozone/ozone/hadoop-ozone/integration-test/target/log,AVAILABLE}
2023-01-08 22:30:40,414 [Listener at 127.0.0.1/33975] INFO  handler.ContextHandler (ContextHandler.java:doStart(921)) - Started o.e.j.s.ServletContextHandler@2376142e{static,/static,jar:file:/home/runner/.m2/repository/org/apache/ozone/hdds-container-service/1.4.0-SNAPSHOT/hdds-container-service-1.4.0-SNAPSHOT.jar!/webapps/static,AVAILABLE}
2023-01-08 22:30:40,583 [Listener at 127.0.0.1/33975] INFO  handler.ContextHandler (ContextHandler.java:doStart(921)) - Started o.e.j.w.WebAppContext@7eecccfb{hddsDatanode,/,file:///tmp/jetty-0_0_0_0-46603-hdds-container-service-1_4_0-SNAPSHOT_jar-_-any-8143635554658050343/webapp/,AVAILABLE}{jar:file:/home/runner/.m2/repository/org/apache/ozone/hdds-container-service/1.4.0-SNAPSHOT/hdds-container-service-1.4.0-SNAPSHOT.jar!/webapps/hddsDatanode}
2023-01-08 22:30:40,585 [Listener at 127.0.0.1/33975] INFO  server.AbstractConnector (AbstractConnector.java:doStart(333)) - Started ServerConnector@5c40e398{HTTP/1.1, (http/1.1)}{0.0.0.0:46603}
2023-01-08 22:30:40,586 [Listener at 127.0.0.1/33975] INFO  server.Server (Server.java:doStart(415)) - Started @9951ms
2023-01-08 22:30:40,586 [Listener at 127.0.0.1/33975] WARN  impl.MetricsSystemImpl (MetricsSystemImpl.java:register(279)) - Sink prometheus already exists!
2023-01-08 22:30:40,586 [Listener at 127.0.0.1/33975] INFO  http.BaseHttpServer (BaseHttpServer.java:updateConnectorAddress(333)) - HTTP server of hddsDatanode listening at http://0.0.0.0:46603
2023-01-08 22:30:40,587 [Datanode State Machine Daemon Thread] INFO  statemachine.DatanodeStateMachine (DatanodeStateMachine.java:lambda$startDaemon$0(508)) - Ozone container server started.
2023-01-08 22:30:40,590 [Listener at 127.0.0.1/33975] WARN  impl.MetricRegistriesImpl (MetricRegistriesImpl.java:addReporterRegistration(111)) - New reporters are added after registries were created. Some metrics will be missing from the reporter. Please add reporter before adding any new registry.
2023-01-08 22:30:40,590 [Listener at 127.0.0.1/33975] WARN  impl.MetricRegistriesImpl (MetricRegistriesImpl.java:addReporterRegistration(111)) - New reporters are added after registries were created. Some metrics will be missing from the reporter. Please add reporter before adding any new registry.
2023-01-08 22:30:40,590 [Listener at 127.0.0.1/33975] INFO  impl.MetricsSystemImpl (MetricsSystemImpl.java:init(158)) - HddsDatanode metrics system started (again)
2023-01-08 22:30:40,602 [Listener at 127.0.0.1/33975] INFO  ozone.HddsDatanodeService (HddsDatanodeService.java:start(228)) - HddsDatanodeService host:fv-az390-965.2udvygdcjcjuphbbpa4zxtqymb.gx.internal.cloudapp.net ip:10.1.0.12
2023-01-08 22:30:40,602 [org.apache.hadoop.util.JvmPauseMonitor$Monitor@f1eee1a] INFO  util.JvmPauseMonitor (JvmPauseMonitor.java:run(188)) - Starting JVM pause monitor
2023-01-08 22:30:40,604 [Datanode State Machine Task Thread - 0] INFO  datanode.InitDatanodeState (InitDatanodeState.java:persistContainerDatanodeDetails(138)) - DatanodeDetails is persisted to /home/runner/work/ozone/ozone/hadoop-ozone/integration-test/target/test-dir/MiniOzoneClusterImpl-3463507a-8a94-4be2-9691-6a94fb394e4a/datanode-4/meta/datanode.id
2023-01-08 22:30:40,626 [Listener at 127.0.0.1/33975] INFO  upgrade.AbstractLayoutVersionManager (AbstractLayoutVersionManager.java:init(83)) - Initializing Layout version manager with metadata layout = DATANODE_SCHEMA_V3 (version = 4), software layout = DATANODE_SCHEMA_V3 (version = 4)
2023-01-08 22:30:40,672 [Listener at 127.0.0.1/33975] INFO  reflections.Reflections (Reflections.java:scan(232)) - Reflections took 44 ms to scan 7 urls, producing 146 keys and 350 values 
2023-01-08 22:30:40,674 [Listener at 127.0.0.1/33975] INFO  statemachine.DatanodeStateMachine (DatanodeStateMachine.java:getEndPointTaskThreadPoolSize(248)) - Datanode State Machine Task Thread Pool size 2
2023-01-08 22:30:40,676 [Listener at 127.0.0.1/33975] INFO  volume.HddsVolume (HddsVolume.java:<init>(117)) - Creating HddsVolume: /home/runner/work/ozone/ozone/hadoop-ozone/integration-test/target/test-dir/MiniOzoneClusterImpl-3463507a-8a94-4be2-9691-6a94fb394e4a/datanode-5/data-0/containers/hdds of storage type : DISK capacity : 9223372036854775807
2023-01-08 22:30:40,676 [Listener at 127.0.0.1/33975] INFO  volume.MutableVolumeSet (MutableVolumeSet.java:initializeVolumeSet(174)) - Added Volume : /home/runner/work/ozone/ozone/hadoop-ozone/integration-test/target/test-dir/MiniOzoneClusterImpl-3463507a-8a94-4be2-9691-6a94fb394e4a/datanode-5/data-0/containers/hdds to VolumeSet
2023-01-08 22:30:40,676 [Listener at 127.0.0.1/33975] INFO  volume.ThrottledAsyncChecker (ThrottledAsyncChecker.java:schedule(141)) - Scheduling a check for /home/runner/work/ozone/ozone/hadoop-ozone/integration-test/target/test-dir/MiniOzoneClusterImpl-3463507a-8a94-4be2-9691-6a94fb394e4a/datanode-5/data-0/containers/hdds
2023-01-08 22:30:40,677 [Listener at 127.0.0.1/33975] INFO  volume.StorageVolumeChecker (StorageVolumeChecker.java:checkAllVolumes(202)) - Scheduled health check for volume /home/runner/work/ozone/ozone/hadoop-ozone/integration-test/target/test-dir/MiniOzoneClusterImpl-3463507a-8a94-4be2-9691-6a94fb394e4a/datanode-5/data-0/containers/hdds
2023-01-08 22:30:40,688 [Listener at 127.0.0.1/33975] INFO  volume.MutableVolumeSet (MutableVolumeSet.java:initializeVolumeSet(174)) - Added Volume : /home/runner/work/ozone/ozone/hadoop-ozone/integration-test/target/test-dir/MiniOzoneClusterImpl-3463507a-8a94-4be2-9691-6a94fb394e4a/datanode-5/data/ratis to VolumeSet
2023-01-08 22:30:40,688 [Listener at 127.0.0.1/33975] INFO  volume.ThrottledAsyncChecker (ThrottledAsyncChecker.java:schedule(141)) - Scheduling a check for /home/runner/work/ozone/ozone/hadoop-ozone/integration-test/target/test-dir/MiniOzoneClusterImpl-3463507a-8a94-4be2-9691-6a94fb394e4a/datanode-5/data/ratis
2023-01-08 22:30:40,688 [Listener at 127.0.0.1/33975] INFO  volume.StorageVolumeChecker (StorageVolumeChecker.java:checkAllVolumes(202)) - Scheduled health check for volume /home/runner/work/ozone/ozone/hadoop-ozone/integration-test/target/test-dir/MiniOzoneClusterImpl-3463507a-8a94-4be2-9691-6a94fb394e4a/datanode-5/data/ratis
2023-01-08 22:30:40,699 [Thread-208] INFO  ozoneimpl.ContainerReader (ContainerReader.java:readVolume(175)) - Finish verifying containers on volume /home/runner/work/ozone/ozone/hadoop-ozone/integration-test/target/test-dir/MiniOzoneClusterImpl-3463507a-8a94-4be2-9691-6a94fb394e4a/datanode-5/data-0/containers/hdds
2023-01-08 22:30:40,699 [Listener at 127.0.0.1/33975] INFO  ozoneimpl.OzoneContainer (OzoneContainer.java:buildContainerSet(301)) - Build ContainerSet costs 0s
2023-01-08 22:30:40,702 [Listener at 127.0.0.1/33975] INFO  server.RaftServer (ConfUtils.java:logGet(46)) - raft.rpc.type = GRPC (default)
2023-01-08 22:30:40,702 [Listener at 127.0.0.1/33975] INFO  grpc.GrpcConfigKeys (ConfUtils.java:logFallback(53)) - raft.grpc.admin.host = null (fallback to raft.grpc.server.host)
2023-01-08 22:30:40,703 [Listener at 127.0.0.1/33975] INFO  grpc.GrpcConfigKeys (ConfUtils.java:logGet(46)) - raft.grpc.admin.port = 0 (custom)
2023-01-08 22:30:40,703 [Listener at 127.0.0.1/33975] INFO  grpc.GrpcConfigKeys (ConfUtils.java:logFallback(53)) - raft.grpc.client.host = null (fallback to raft.grpc.server.host)
2023-01-08 22:30:40,703 [Listener at 127.0.0.1/33975] INFO  grpc.GrpcConfigKeys (ConfUtils.java:logGet(46)) - raft.grpc.client.port = 0 (custom)
2023-01-08 22:30:40,703 [Listener at 127.0.0.1/33975] INFO  grpc.GrpcConfigKeys (ConfUtils.java:logGet(46)) - raft.grpc.server.host = null (default)
2023-01-08 22:30:40,703 [Listener at 127.0.0.1/33975] INFO  grpc.GrpcConfigKeys (ConfUtils.java:logGet(46)) - raft.grpc.server.port = 0 (default)
2023-01-08 22:30:40,703 [Listener at 127.0.0.1/33975] INFO  server.GrpcService (ConfUtils.java:logGet(46)) - raft.grpc.message.size.max = 32MB (=33554432) (custom)
2023-01-08 22:30:40,703 [Listener at 127.0.0.1/33975] INFO  server.RaftServerConfigKeys (ConfUtils.java:logGet(46)) - raft.server.log.appender.buffer.byte-limit = 33554432 (custom)
2023-01-08 22:30:40,703 [Listener at 127.0.0.1/33975] INFO  server.GrpcService (ConfUtils.java:logGet(46)) - raft.grpc.flow.control.window = 5MB (=5242880) (custom)
2023-01-08 22:30:40,703 [Listener at 127.0.0.1/33975] INFO  server.RaftServerConfigKeys (ConfUtils.java:logGet(46)) - raft.server.rpc.request.timeout = 60s (custom)
2023-01-08 22:30:40,703 [Listener at 127.0.0.1/33975] INFO  grpc.GrpcConfigKeys (ConfUtils.java:logGet(46)) - raft.grpc.server.heartbeat.channel = true (default)
2023-01-08 22:30:40,704 [Listener at 127.0.0.1/33975] INFO  grpc.GrpcConfigKeys (ConfUtils.java:logGet(46)) - raft.grpc.server.async.request.thread.pool.cached = true (default)
2023-01-08 22:30:40,704 [Listener at 127.0.0.1/33975] INFO  grpc.GrpcConfigKeys (ConfUtils.java:logGet(46)) - raft.grpc.server.async.request.thread.pool.size = 32 (default)
2023-01-08 22:30:40,705 [Listener at 127.0.0.1/33975] INFO  impl.DataStreamServerImpl (ConfUtils.java:logGet(46)) - raft.datastream.type = NETTY (custom)
2023-01-08 22:30:40,705 [Listener at 127.0.0.1/33975] INFO  server.RaftServerConfigKeys (ConfUtils.java:logGet(46)) - raft.server.data-stream.async.request.thread.pool.cached = false (default)
2023-01-08 22:30:40,705 [Listener at 127.0.0.1/33975] INFO  server.RaftServerConfigKeys (ConfUtils.java:logGet(46)) - raft.server.data-stream.async.request.thread.pool.size = 20 (custom)
2023-01-08 22:30:40,705 [Listener at 127.0.0.1/33975] INFO  server.RaftServerConfigKeys (ConfUtils.java:logGet(46)) - raft.server.data-stream.async.write.thread.pool.size = 16 (default)
2023-01-08 22:30:40,705 [Listener at 127.0.0.1/33975] INFO  server.RaftServerConfigKeys (ConfUtils.java:logGet(46)) - raft.server.data-stream.client.pool.size = 10 (default)
2023-01-08 22:30:40,706 [Listener at 127.0.0.1/33975] INFO  netty.NettyConfigKeys$DataStream (ConfUtils.java:logGet(46)) - raft.netty.dataStream.server.use-epoll = false (default)
2023-01-08 22:30:40,706 [Listener at 127.0.0.1/33975] INFO  netty.NettyConfigKeys$DataStream (ConfUtils.java:logGet(46)) - raft.netty.dataStream.server.boss-group.size = 0 (default)
2023-01-08 22:30:40,706 [Listener at 127.0.0.1/33975] INFO  netty.NettyConfigKeys$DataStream (ConfUtils.java:logGet(46)) - raft.netty.dataStream.server.worker-group.size = 0 (default)
2023-01-08 22:30:40,706 [Listener at 127.0.0.1/33975] INFO  netty.NettyConfigKeys$DataStream (ConfUtils.java:logGet(46)) - raft.netty.dataStream.server.tls.conf = null (default)
2023-01-08 22:30:40,707 [Listener at 127.0.0.1/33975] INFO  netty.NettyConfigKeys$DataStream (ConfUtils.java:logGet(46)) - raft.netty.dataStream.host = null (default)
2023-01-08 22:30:40,707 [Listener at 127.0.0.1/33975] INFO  netty.NettyConfigKeys$DataStream (ConfUtils.java:logGet(46)) - raft.netty.dataStream.port = 0 (default)
2023-01-08 22:30:40,710 [Listener at 127.0.0.1/33975] INFO  server.RaftServerConfigKeys (ConfUtils.java:logGet(46)) - raft.server.threadpool.proxy.cached = true (default)
2023-01-08 22:30:40,710 [Listener at 127.0.0.1/33975] INFO  server.RaftServerConfigKeys (ConfUtils.java:logGet(46)) - raft.server.threadpool.proxy.size = 0 (default)
2023-01-08 22:30:40,710 [Listener at 127.0.0.1/33975] INFO  server.RaftServerConfigKeys (ConfUtils.java:logGet(46)) - raft.server.rpc.slowness.timeout = 300s (custom)
2023-01-08 22:30:40,710 [Listener at 127.0.0.1/33975] INFO  server.RaftServerConfigKeys (ConfUtils.java:logGet(46)) - raft.server.leaderelection.leader.step-down.wait-time = 10s (default)
2023-01-08 22:30:40,710 [Listener at 127.0.0.1/33975] INFO  server.RaftServerConfigKeys (ConfUtils.java:logGet(46)) - raft.server.storage.dir = [/home/runner/work/ozone/ozone/hadoop-ozone/integration-test/target/test-dir/MiniOzoneClusterImpl-3463507a-8a94-4be2-9691-6a94fb394e4a/datanode-5/data/ratis] (custom)
2023-01-08 22:30:40,716 [739e0a5a-91fd-46ce-99c6-277f52566479-NettyServerStreamRpc-bossGroup--thread1] INFO  logging.LoggingHandler (AbstractInternalLogger.java:log(148)) - [id: 0xe2a12343] REGISTERED
2023-01-08 22:30:40,716 [739e0a5a-91fd-46ce-99c6-277f52566479-NettyServerStreamRpc-bossGroup--thread1] INFO  logging.LoggingHandler (AbstractInternalLogger.java:log(148)) - [id: 0xe2a12343] BIND: 0.0.0.0/0.0.0.0:0
2023-01-08 22:30:40,716 [739e0a5a-91fd-46ce-99c6-277f52566479-NettyServerStreamRpc-bossGroup--thread1] INFO  logging.LoggingHandler (AbstractInternalLogger.java:log(148)) - [id: 0xe2a12343, L:/0:0:0:0:0:0:0:0:44013] ACTIVE
2023-01-08 22:30:40,718 [Listener at 127.0.0.1/33975] INFO  server.XceiverServerGrpc (XceiverServerGrpc.java:<init>(132)) - GrpcServer channel type EpollServerSocketChannel
2023-01-08 22:30:40,721 [Listener at 127.0.0.1/33975] INFO  http.BaseHttpServer (BaseHttpServer.java:newHttpServer2BuilderForOzone(213)) - Starting Web-server for hddsDatanode at: http://0.0.0.0:0
2023-01-08 22:30:40,721 [Listener at 127.0.0.1/33975] INFO  http.BaseHttpServer (BaseHttpServer.java:<init>(108)) - Hadoop Security Enabled: false Ozone Security Enabled: false Ozone HTTP Security Enabled: false 
2023-01-08 22:30:40,723 [Listener at 127.0.0.1/33975] WARN  server.AuthenticationFilter (AuthenticationFilter.java:constructSecretProvider(240)) - Unable to initialize FileSignerSecretProvider, falling back to use random secrets. Reason: Could not read signature secret file: /home/runner/hadoop-http-auth-signature-secret
2023-01-08 22:30:40,723 [Listener at 127.0.0.1/33975] WARN  http.HttpRequestLog (HttpRequestLog.java:getRequestLog(103)) - Jetty request log can only be enabled using Log4j
2023-01-08 22:30:40,725 [Listener at 127.0.0.1/33975] INFO  http.HttpServer2 (HttpServer2.java:addGlobalFilter(1031)) - Added global filter 'safety' (class=org.apache.hadoop.hdds.server.http.HttpServer2$QuotingInputFilter)
2023-01-08 22:30:40,725 [Listener at 127.0.0.1/33975] INFO  http.HttpServer2 (HttpServer2.java:addFilter(1007)) - Added filter static_user_filter (class=org.apache.hadoop.http.lib.StaticUserWebFilter$StaticUserFilter) to context hddsDatanode
2023-01-08 22:30:40,726 [Listener at 127.0.0.1/33975] INFO  http.HttpServer2 (HttpServer2.java:addFilter(1015)) - Added filter static_user_filter (class=org.apache.hadoop.http.lib.StaticUserWebFilter$StaticUserFilter) to context logs
2023-01-08 22:30:40,726 [Listener at 127.0.0.1/33975] INFO  http.HttpServer2 (HttpServer2.java:addFilter(1015)) - Added filter static_user_filter (class=org.apache.hadoop.http.lib.StaticUserWebFilter$StaticUserFilter) to context static
2023-01-08 22:30:40,726 [Listener at 127.0.0.1/33975] INFO  http.HttpServer2 (HttpServer2.java:bindListener(1250)) - Jetty bound to port 44003
2023-01-08 22:30:40,726 [Listener at 127.0.0.1/33975] INFO  server.Server (Server.java:doStart(375)) - jetty-9.4.49.v20220914; built: 2022-09-14T01:07:36.601Z; git: 4231a3b2e4cb8548a412a789936d640a97b1aa0a; jvm 1.8.0_352-b08
2023-01-08 22:30:40,731 [Listener at 127.0.0.1/33975] INFO  server.session (DefaultSessionIdManager.java:doStart(334)) - DefaultSessionIdManager workerName=node0
2023-01-08 22:30:40,731 [Listener at 127.0.0.1/33975] INFO  server.session (DefaultSessionIdManager.java:doStart(339)) - No SessionScavenger set, using defaults
2023-01-08 22:30:40,731 [Listener at 127.0.0.1/33975] INFO  server.session (HouseKeeper.java:startScavenging(132)) - node0 Scavenging every 600000ms
2023-01-08 22:30:40,732 [Listener at 127.0.0.1/33975] INFO  handler.ContextHandler (ContextHandler.java:doStart(921)) - Started o.e.j.s.ServletContextHandler@49eaabdb{logs,/logs,file:///home/runner/work/ozone/ozone/hadoop-ozone/integration-test/target/log,AVAILABLE}
2023-01-08 22:30:40,733 [Listener at 127.0.0.1/33975] INFO  handler.ContextHandler (ContextHandler.java:doStart(921)) - Started o.e.j.s.ServletContextHandler@34fa65d6{static,/static,jar:file:/home/runner/.m2/repository/org/apache/ozone/hdds-container-service/1.4.0-SNAPSHOT/hdds-container-service-1.4.0-SNAPSHOT.jar!/webapps/static,AVAILABLE}
2023-01-08 22:30:40,901 [Listener at 127.0.0.1/33975] INFO  handler.ContextHandler (ContextHandler.java:doStart(921)) - Started o.e.j.w.WebAppContext@60866ff5{hddsDatanode,/,file:///tmp/jetty-0_0_0_0-44003-hdds-container-service-1_4_0-SNAPSHOT_jar-_-any-383034228664895785/webapp/,AVAILABLE}{jar:file:/home/runner/.m2/repository/org/apache/ozone/hdds-container-service/1.4.0-SNAPSHOT/hdds-container-service-1.4.0-SNAPSHOT.jar!/webapps/hddsDatanode}
2023-01-08 22:30:40,903 [Listener at 127.0.0.1/33975] INFO  server.AbstractConnector (AbstractConnector.java:doStart(333)) - Started ServerConnector@2fd78fb{HTTP/1.1, (http/1.1)}{0.0.0.0:44003}
2023-01-08 22:30:40,903 [Listener at 127.0.0.1/33975] INFO  server.Server (Server.java:doStart(415)) - Started @10268ms
2023-01-08 22:30:40,903 [Listener at 127.0.0.1/33975] WARN  impl.MetricsSystemImpl (MetricsSystemImpl.java:register(279)) - Sink prometheus already exists!
2023-01-08 22:30:40,904 [Listener at 127.0.0.1/33975] INFO  http.BaseHttpServer (BaseHttpServer.java:updateConnectorAddress(333)) - HTTP server of hddsDatanode listening at http://0.0.0.0:44003
2023-01-08 22:30:40,904 [Datanode State Machine Daemon Thread] INFO  statemachine.DatanodeStateMachine (DatanodeStateMachine.java:lambda$startDaemon$0(508)) - Ozone container server started.
2023-01-08 22:30:40,906 [Listener at 127.0.0.1/33975] WARN  impl.MetricRegistriesImpl (MetricRegistriesImpl.java:addReporterRegistration(111)) - New reporters are added after registries were created. Some metrics will be missing from the reporter. Please add reporter before adding any new registry.
2023-01-08 22:30:40,907 [Listener at 127.0.0.1/33975] WARN  impl.MetricRegistriesImpl (MetricRegistriesImpl.java:addReporterRegistration(111)) - New reporters are added after registries were created. Some metrics will be missing from the reporter. Please add reporter before adding any new registry.
2023-01-08 22:30:40,907 [Listener at 127.0.0.1/33975] INFO  impl.MetricsSystemImpl (MetricsSystemImpl.java:init(158)) - HddsDatanode metrics system started (again)
2023-01-08 22:30:40,919 [Listener at 127.0.0.1/33975] INFO  ozone.HddsDatanodeService (HddsDatanodeService.java:start(228)) - HddsDatanodeService host:fv-az390-965.2udvygdcjcjuphbbpa4zxtqymb.gx.internal.cloudapp.net ip:10.1.0.12
2023-01-08 22:30:40,932 [org.apache.hadoop.util.JvmPauseMonitor$Monitor@7eccf0fd] INFO  util.JvmPauseMonitor (JvmPauseMonitor.java:run(188)) - Starting JVM pause monitor
2023-01-08 22:30:40,933 [Datanode State Machine Task Thread - 0] INFO  datanode.InitDatanodeState (InitDatanodeState.java:persistContainerDatanodeDetails(138)) - DatanodeDetails is persisted to /home/runner/work/ozone/ozone/hadoop-ozone/integration-test/target/test-dir/MiniOzoneClusterImpl-3463507a-8a94-4be2-9691-6a94fb394e4a/datanode-5/meta/datanode.id
2023-01-08 22:30:40,948 [Listener at 127.0.0.1/33975] INFO  upgrade.AbstractLayoutVersionManager (AbstractLayoutVersionManager.java:init(83)) - Initializing Layout version manager with metadata layout = DATANODE_SCHEMA_V3 (version = 4), software layout = DATANODE_SCHEMA_V3 (version = 4)
2023-01-08 22:30:41,057 [Listener at 127.0.0.1/33975] INFO  reflections.Reflections (Reflections.java:scan(232)) - Reflections took 106 ms to scan 7 urls, producing 146 keys and 350 values 
2023-01-08 22:30:41,059 [Listener at 127.0.0.1/33975] INFO  statemachine.DatanodeStateMachine (DatanodeStateMachine.java:getEndPointTaskThreadPoolSize(248)) - Datanode State Machine Task Thread Pool size 2
2023-01-08 22:30:41,061 [Listener at 127.0.0.1/33975] INFO  volume.HddsVolume (HddsVolume.java:<init>(117)) - Creating HddsVolume: /home/runner/work/ozone/ozone/hadoop-ozone/integration-test/target/test-dir/MiniOzoneClusterImpl-3463507a-8a94-4be2-9691-6a94fb394e4a/datanode-6/data-0/containers/hdds of storage type : DISK capacity : 9223372036854775807
2023-01-08 22:30:41,061 [Listener at 127.0.0.1/33975] INFO  volume.MutableVolumeSet (MutableVolumeSet.java:initializeVolumeSet(174)) - Added Volume : /home/runner/work/ozone/ozone/hadoop-ozone/integration-test/target/test-dir/MiniOzoneClusterImpl-3463507a-8a94-4be2-9691-6a94fb394e4a/datanode-6/data-0/containers/hdds to VolumeSet
2023-01-08 22:30:41,061 [Listener at 127.0.0.1/33975] INFO  volume.ThrottledAsyncChecker (ThrottledAsyncChecker.java:schedule(141)) - Scheduling a check for /home/runner/work/ozone/ozone/hadoop-ozone/integration-test/target/test-dir/MiniOzoneClusterImpl-3463507a-8a94-4be2-9691-6a94fb394e4a/datanode-6/data-0/containers/hdds
2023-01-08 22:30:41,068 [Listener at 127.0.0.1/33975] INFO  volume.StorageVolumeChecker (StorageVolumeChecker.java:checkAllVolumes(202)) - Scheduled health check for volume /home/runner/work/ozone/ozone/hadoop-ozone/integration-test/target/test-dir/MiniOzoneClusterImpl-3463507a-8a94-4be2-9691-6a94fb394e4a/datanode-6/data-0/containers/hdds
2023-01-08 22:30:41,081 [Listener at 127.0.0.1/33975] INFO  volume.MutableVolumeSet (MutableVolumeSet.java:initializeVolumeSet(174)) - Added Volume : /home/runner/work/ozone/ozone/hadoop-ozone/integration-test/target/test-dir/MiniOzoneClusterImpl-3463507a-8a94-4be2-9691-6a94fb394e4a/datanode-6/data/ratis to VolumeSet
2023-01-08 22:30:41,081 [Listener at 127.0.0.1/33975] INFO  volume.ThrottledAsyncChecker (ThrottledAsyncChecker.java:schedule(141)) - Scheduling a check for /home/runner/work/ozone/ozone/hadoop-ozone/integration-test/target/test-dir/MiniOzoneClusterImpl-3463507a-8a94-4be2-9691-6a94fb394e4a/datanode-6/data/ratis
2023-01-08 22:30:41,081 [Listener at 127.0.0.1/33975] INFO  volume.StorageVolumeChecker (StorageVolumeChecker.java:checkAllVolumes(202)) - Scheduled health check for volume /home/runner/work/ozone/ozone/hadoop-ozone/integration-test/target/test-dir/MiniOzoneClusterImpl-3463507a-8a94-4be2-9691-6a94fb394e4a/datanode-6/data/ratis
2023-01-08 22:30:41,092 [Thread-223] INFO  ozoneimpl.ContainerReader (ContainerReader.java:readVolume(175)) - Finish verifying containers on volume /home/runner/work/ozone/ozone/hadoop-ozone/integration-test/target/test-dir/MiniOzoneClusterImpl-3463507a-8a94-4be2-9691-6a94fb394e4a/datanode-6/data-0/containers/hdds
2023-01-08 22:30:41,092 [Listener at 127.0.0.1/33975] INFO  ozoneimpl.OzoneContainer (OzoneContainer.java:buildContainerSet(301)) - Build ContainerSet costs 0s
2023-01-08 22:30:41,095 [Listener at 127.0.0.1/33975] INFO  server.RaftServer (ConfUtils.java:logGet(46)) - raft.rpc.type = GRPC (default)
2023-01-08 22:30:41,095 [Listener at 127.0.0.1/33975] INFO  grpc.GrpcConfigKeys (ConfUtils.java:logFallback(53)) - raft.grpc.admin.host = null (fallback to raft.grpc.server.host)
2023-01-08 22:30:41,095 [Listener at 127.0.0.1/33975] INFO  grpc.GrpcConfigKeys (ConfUtils.java:logGet(46)) - raft.grpc.admin.port = 0 (custom)
2023-01-08 22:30:41,095 [Listener at 127.0.0.1/33975] INFO  grpc.GrpcConfigKeys (ConfUtils.java:logFallback(53)) - raft.grpc.client.host = null (fallback to raft.grpc.server.host)
2023-01-08 22:30:41,095 [Listener at 127.0.0.1/33975] INFO  grpc.GrpcConfigKeys (ConfUtils.java:logGet(46)) - raft.grpc.client.port = 0 (custom)
2023-01-08 22:30:41,095 [Listener at 127.0.0.1/33975] INFO  grpc.GrpcConfigKeys (ConfUtils.java:logGet(46)) - raft.grpc.server.host = null (default)
2023-01-08 22:30:41,095 [Listener at 127.0.0.1/33975] INFO  grpc.GrpcConfigKeys (ConfUtils.java:logGet(46)) - raft.grpc.server.port = 0 (default)
2023-01-08 22:30:41,095 [Listener at 127.0.0.1/33975] INFO  server.GrpcService (ConfUtils.java:logGet(46)) - raft.grpc.message.size.max = 32MB (=33554432) (custom)
2023-01-08 22:30:41,096 [Listener at 127.0.0.1/33975] INFO  server.RaftServerConfigKeys (ConfUtils.java:logGet(46)) - raft.server.log.appender.buffer.byte-limit = 33554432 (custom)
2023-01-08 22:30:41,096 [Listener at 127.0.0.1/33975] INFO  server.GrpcService (ConfUtils.java:logGet(46)) - raft.grpc.flow.control.window = 5MB (=5242880) (custom)
2023-01-08 22:30:41,096 [Listener at 127.0.0.1/33975] INFO  server.RaftServerConfigKeys (ConfUtils.java:logGet(46)) - raft.server.rpc.request.timeout = 60s (custom)
2023-01-08 22:30:41,096 [Listener at 127.0.0.1/33975] INFO  grpc.GrpcConfigKeys (ConfUtils.java:logGet(46)) - raft.grpc.server.heartbeat.channel = true (default)
2023-01-08 22:30:41,096 [Listener at 127.0.0.1/33975] INFO  grpc.GrpcConfigKeys (ConfUtils.java:logGet(46)) - raft.grpc.server.async.request.thread.pool.cached = true (default)
2023-01-08 22:30:41,096 [Listener at 127.0.0.1/33975] INFO  grpc.GrpcConfigKeys (ConfUtils.java:logGet(46)) - raft.grpc.server.async.request.thread.pool.size = 32 (default)
2023-01-08 22:30:41,097 [Listener at 127.0.0.1/33975] INFO  impl.DataStreamServerImpl (ConfUtils.java:logGet(46)) - raft.datastream.type = NETTY (custom)
2023-01-08 22:30:41,098 [Listener at 127.0.0.1/33975] INFO  server.RaftServerConfigKeys (ConfUtils.java:logGet(46)) - raft.server.data-stream.async.request.thread.pool.cached = false (default)
2023-01-08 22:30:41,098 [Listener at 127.0.0.1/33975] INFO  server.RaftServerConfigKeys (ConfUtils.java:logGet(46)) - raft.server.data-stream.async.request.thread.pool.size = 20 (custom)
2023-01-08 22:30:41,098 [Listener at 127.0.0.1/33975] INFO  server.RaftServerConfigKeys (ConfUtils.java:logGet(46)) - raft.server.data-stream.async.write.thread.pool.size = 16 (default)
2023-01-08 22:30:41,098 [Listener at 127.0.0.1/33975] INFO  server.RaftServerConfigKeys (ConfUtils.java:logGet(46)) - raft.server.data-stream.client.pool.size = 10 (default)
2023-01-08 22:30:41,098 [Listener at 127.0.0.1/33975] INFO  netty.NettyConfigKeys$DataStream (ConfUtils.java:logGet(46)) - raft.netty.dataStream.server.use-epoll = false (default)
2023-01-08 22:30:41,098 [Listener at 127.0.0.1/33975] INFO  netty.NettyConfigKeys$DataStream (ConfUtils.java:logGet(46)) - raft.netty.dataStream.server.boss-group.size = 0 (default)
2023-01-08 22:30:41,099 [Listener at 127.0.0.1/33975] INFO  netty.NettyConfigKeys$DataStream (ConfUtils.java:logGet(46)) - raft.netty.dataStream.server.worker-group.size = 0 (default)
2023-01-08 22:30:41,099 [Listener at 127.0.0.1/33975] INFO  netty.NettyConfigKeys$DataStream (ConfUtils.java:logGet(46)) - raft.netty.dataStream.server.tls.conf = null (default)
2023-01-08 22:30:41,099 [Listener at 127.0.0.1/33975] INFO  netty.NettyConfigKeys$DataStream (ConfUtils.java:logGet(46)) - raft.netty.dataStream.host = null (default)
2023-01-08 22:30:41,099 [Listener at 127.0.0.1/33975] INFO  netty.NettyConfigKeys$DataStream (ConfUtils.java:logGet(46)) - raft.netty.dataStream.port = 0 (default)
2023-01-08 22:30:41,100 [Listener at 127.0.0.1/33975] INFO  server.RaftServerConfigKeys (ConfUtils.java:logGet(46)) - raft.server.threadpool.proxy.cached = true (default)
2023-01-08 22:30:41,100 [Listener at 127.0.0.1/33975] INFO  server.RaftServerConfigKeys (ConfUtils.java:logGet(46)) - raft.server.threadpool.proxy.size = 0 (default)
2023-01-08 22:30:41,100 [Listener at 127.0.0.1/33975] INFO  server.RaftServerConfigKeys (ConfUtils.java:logGet(46)) - raft.server.rpc.slowness.timeout = 300s (custom)
2023-01-08 22:30:41,100 [Listener at 127.0.0.1/33975] INFO  server.RaftServerConfigKeys (ConfUtils.java:logGet(46)) - raft.server.leaderelection.leader.step-down.wait-time = 10s (default)
2023-01-08 22:30:41,100 [Listener at 127.0.0.1/33975] INFO  server.RaftServerConfigKeys (ConfUtils.java:logGet(46)) - raft.server.storage.dir = [/home/runner/work/ozone/ozone/hadoop-ozone/integration-test/target/test-dir/MiniOzoneClusterImpl-3463507a-8a94-4be2-9691-6a94fb394e4a/datanode-6/data/ratis] (custom)
2023-01-08 22:30:41,103 [39f95326-1d02-4f34-8c27-9b7148a80084-NettyServerStreamRpc-bossGroup--thread1] INFO  logging.LoggingHandler (AbstractInternalLogger.java:log(148)) - [id: 0x1b2b98e0] REGISTERED
2023-01-08 22:30:41,103 [39f95326-1d02-4f34-8c27-9b7148a80084-NettyServerStreamRpc-bossGroup--thread1] INFO  logging.LoggingHandler (AbstractInternalLogger.java:log(148)) - [id: 0x1b2b98e0] BIND: 0.0.0.0/0.0.0.0:0
2023-01-08 22:30:41,103 [39f95326-1d02-4f34-8c27-9b7148a80084-NettyServerStreamRpc-bossGroup--thread1] INFO  logging.LoggingHandler (AbstractInternalLogger.java:log(148)) - [id: 0x1b2b98e0, L:/0:0:0:0:0:0:0:0:40111] ACTIVE
2023-01-08 22:30:41,104 [Listener at 127.0.0.1/33975] INFO  server.XceiverServerGrpc (XceiverServerGrpc.java:<init>(132)) - GrpcServer channel type EpollServerSocketChannel
2023-01-08 22:30:41,110 [Listener at 127.0.0.1/33975] INFO  http.BaseHttpServer (BaseHttpServer.java:newHttpServer2BuilderForOzone(213)) - Starting Web-server for hddsDatanode at: http://0.0.0.0:0
2023-01-08 22:30:41,111 [Listener at 127.0.0.1/33975] INFO  http.BaseHttpServer (BaseHttpServer.java:<init>(108)) - Hadoop Security Enabled: false Ozone Security Enabled: false Ozone HTTP Security Enabled: false 
2023-01-08 22:30:41,112 [Listener at 127.0.0.1/33975] WARN  server.AuthenticationFilter (AuthenticationFilter.java:constructSecretProvider(240)) - Unable to initialize FileSignerSecretProvider, falling back to use random secrets. Reason: Could not read signature secret file: /home/runner/hadoop-http-auth-signature-secret
2023-01-08 22:30:41,112 [Listener at 127.0.0.1/33975] WARN  http.HttpRequestLog (HttpRequestLog.java:getRequestLog(103)) - Jetty request log can only be enabled using Log4j
2023-01-08 22:30:41,118 [Listener at 127.0.0.1/33975] INFO  http.HttpServer2 (HttpServer2.java:addGlobalFilter(1031)) - Added global filter 'safety' (class=org.apache.hadoop.hdds.server.http.HttpServer2$QuotingInputFilter)
2023-01-08 22:30:41,119 [Listener at 127.0.0.1/33975] INFO  http.HttpServer2 (HttpServer2.java:addFilter(1007)) - Added filter static_user_filter (class=org.apache.hadoop.http.lib.StaticUserWebFilter$StaticUserFilter) to context hddsDatanode
2023-01-08 22:30:41,119 [Listener at 127.0.0.1/33975] INFO  http.HttpServer2 (HttpServer2.java:addFilter(1015)) - Added filter static_user_filter (class=org.apache.hadoop.http.lib.StaticUserWebFilter$StaticUserFilter) to context logs
2023-01-08 22:30:41,119 [Listener at 127.0.0.1/33975] INFO  http.HttpServer2 (HttpServer2.java:addFilter(1015)) - Added filter static_user_filter (class=org.apache.hadoop.http.lib.StaticUserWebFilter$StaticUserFilter) to context static
2023-01-08 22:30:41,120 [Listener at 127.0.0.1/33975] INFO  http.HttpServer2 (HttpServer2.java:bindListener(1250)) - Jetty bound to port 45185
2023-01-08 22:30:41,120 [Listener at 127.0.0.1/33975] INFO  server.Server (Server.java:doStart(375)) - jetty-9.4.49.v20220914; built: 2022-09-14T01:07:36.601Z; git: 4231a3b2e4cb8548a412a789936d640a97b1aa0a; jvm 1.8.0_352-b08
2023-01-08 22:30:41,121 [Listener at 127.0.0.1/33975] INFO  server.session (DefaultSessionIdManager.java:doStart(334)) - DefaultSessionIdManager workerName=node0
2023-01-08 22:30:41,121 [Listener at 127.0.0.1/33975] INFO  server.session (DefaultSessionIdManager.java:doStart(339)) - No SessionScavenger set, using defaults
2023-01-08 22:30:41,122 [Listener at 127.0.0.1/33975] INFO  server.session (HouseKeeper.java:startScavenging(132)) - node0 Scavenging every 600000ms
2023-01-08 22:30:41,122 [Listener at 127.0.0.1/33975] INFO  handler.ContextHandler (ContextHandler.java:doStart(921)) - Started o.e.j.s.ServletContextHandler@2a336787{logs,/logs,file:///home/runner/work/ozone/ozone/hadoop-ozone/integration-test/target/log,AVAILABLE}
2023-01-08 22:30:41,123 [Listener at 127.0.0.1/33975] INFO  handler.ContextHandler (ContextHandler.java:doStart(921)) - Started o.e.j.s.ServletContextHandler@5e25a95a{static,/static,jar:file:/home/runner/.m2/repository/org/apache/ozone/hdds-container-service/1.4.0-SNAPSHOT/hdds-container-service-1.4.0-SNAPSHOT.jar!/webapps/static,AVAILABLE}
2023-01-08 22:30:41,167 [EndpointStateMachine task thread for /0.0.0.0:40749 - 0 ] INFO  utils.DatanodeStoreCache (DatanodeStoreCache.java:addDB(58)) - Added db /home/runner/work/ozone/ozone/hadoop-ozone/integration-test/target/test-dir/MiniOzoneClusterImpl-3463507a-8a94-4be2-9691-6a94fb394e4a/datanode-0/data-0/containers/hdds/3463507a-8a94-4be2-9691-6a94fb394e4a/DS-708a65c7-e45f-4555-a011-c3a2492fef08/container.db to cache
2023-01-08 22:30:41,167 [EndpointStateMachine task thread for /0.0.0.0:40749 - 0 ] INFO  volume.HddsVolume (HddsVolume.java:createDbStore(307)) - SchemaV3 db is created and loaded at /home/runner/work/ozone/ozone/hadoop-ozone/integration-test/target/test-dir/MiniOzoneClusterImpl-3463507a-8a94-4be2-9691-6a94fb394e4a/datanode-0/data-0/containers/hdds/3463507a-8a94-4be2-9691-6a94fb394e4a/DS-708a65c7-e45f-4555-a011-c3a2492fef08/container.db for volume DS-708a65c7-e45f-4555-a011-c3a2492fef08
2023-01-08 22:30:41,168 [EndpointStateMachine task thread for /0.0.0.0:40749 - 0 ] INFO  ozoneimpl.OzoneContainer (OzoneContainer.java:start(395)) - Attempting to start container services.
2023-01-08 22:30:41,172 [EndpointStateMachine task thread for /0.0.0.0:40749 - 0 ] INFO  ozoneimpl.OzoneContainer (OzoneContainer.java:startContainerScrub(312)) - Scheduled background container scanners and the on-demand container scanner have been disabled.
2023-01-08 22:30:41,175 [EndpointStateMachine task thread for /0.0.0.0:40749 - 0 ] INFO  replication.ReplicationServer (ReplicationServer.java:start(106)) - ReplicationServer is started using port 44783
2023-01-08 22:30:41,180 [EndpointStateMachine task thread for /0.0.0.0:40749 - 0 ] INFO  ratis.XceiverServerRatis (XceiverServerRatis.java:start(517)) - Starting XceiverServerRatis 706a9b8c-4318-427e-9be3-8b37c9b0924f
2023-01-08 22:30:41,196 [EndpointStateMachine task thread for /0.0.0.0:40749 - 0 ] INFO  server.RaftServer (RaftServerProxy.java:startImpl(393)) - 706a9b8c-4318-427e-9be3-8b37c9b0924f: start RPC server
2023-01-08 22:30:41,200 [EndpointStateMachine task thread for /0.0.0.0:40749 - 0 ] INFO  server.GrpcService (GrpcService.java:startImpl(262)) - 706a9b8c-4318-427e-9be3-8b37c9b0924f: GrpcService started, listening on 45297
2023-01-08 22:30:41,200 [EndpointStateMachine task thread for /0.0.0.0:40749 - 0 ] INFO  ratis.XceiverServerRatis (XceiverServerRatis.java:getRealPort(543)) - XceiverServerRatis 706a9b8c-4318-427e-9be3-8b37c9b0924f is started using port 45297 for RATIS
2023-01-08 22:30:41,200 [EndpointStateMachine task thread for /0.0.0.0:40749 - 0 ] INFO  ratis.XceiverServerRatis (XceiverServerRatis.java:getRealPort(543)) - XceiverServerRatis 706a9b8c-4318-427e-9be3-8b37c9b0924f is started using port 45297 for RATIS_ADMIN
2023-01-08 22:30:41,200 [EndpointStateMachine task thread for /0.0.0.0:40749 - 0 ] INFO  ratis.XceiverServerRatis (XceiverServerRatis.java:getRealPort(543)) - XceiverServerRatis 706a9b8c-4318-427e-9be3-8b37c9b0924f is started using port 45297 for RATIS_SERVER
2023-01-08 22:30:41,200 [EndpointStateMachine task thread for /0.0.0.0:40749 - 0 ] INFO  ratis.XceiverServerRatis (XceiverServerRatis.java:getRealPort(543)) - XceiverServerRatis 706a9b8c-4318-427e-9be3-8b37c9b0924f is started using port 44379 for RATIS_DATASTREAM
2023-01-08 22:30:41,201 [JvmPauseMonitor1] INFO  util.JvmPauseMonitor (JvmPauseMonitor.java:run(105)) - JvmPauseMonitor-706a9b8c-4318-427e-9be3-8b37c9b0924f: Started
2023-01-08 22:30:41,203 [EndpointStateMachine task thread for /0.0.0.0:40749 - 0 ] INFO  server.XceiverServerGrpc (XceiverServerGrpc.java:start(180)) - XceiverServerGrpc 706a9b8c-4318-427e-9be3-8b37c9b0924f is started using port 33343
2023-01-08 22:30:41,314 [Listener at 127.0.0.1/33975] INFO  handler.ContextHandler (ContextHandler.java:doStart(921)) - Started o.e.j.w.WebAppContext@f8fd472{hddsDatanode,/,file:///tmp/jetty-0_0_0_0-45185-hdds-container-service-1_4_0-SNAPSHOT_jar-_-any-3051356051326489862/webapp/,AVAILABLE}{jar:file:/home/runner/.m2/repository/org/apache/ozone/hdds-container-service/1.4.0-SNAPSHOT/hdds-container-service-1.4.0-SNAPSHOT.jar!/webapps/hddsDatanode}
2023-01-08 22:30:41,315 [Listener at 127.0.0.1/33975] INFO  server.AbstractConnector (AbstractConnector.java:doStart(333)) - Started ServerConnector@7e10309a{HTTP/1.1, (http/1.1)}{0.0.0.0:45185}
2023-01-08 22:30:41,316 [Listener at 127.0.0.1/33975] INFO  server.Server (Server.java:doStart(415)) - Started @10681ms
2023-01-08 22:30:41,316 [Listener at 127.0.0.1/33975] WARN  impl.MetricsSystemImpl (MetricsSystemImpl.java:register(279)) - Sink prometheus already exists!
2023-01-08 22:30:41,316 [Listener at 127.0.0.1/33975] INFO  http.BaseHttpServer (BaseHttpServer.java:updateConnectorAddress(333)) - HTTP server of hddsDatanode listening at http://0.0.0.0:45185
2023-01-08 22:30:41,318 [Listener at 127.0.0.1/33975] INFO  ozone.MiniOzoneClusterImpl (MiniOzoneClusterImpl.java:lambda$waitForClusterToBeReady$0(217)) - Waiting for nodes to be ready. Got 0 of 7 DN Heartbeats.
2023-01-08 22:30:41,319 [Listener at 127.0.0.1/33975] INFO  ozone.MiniOzoneClusterImpl (MiniOzoneClusterImpl.java:lambda$waitForClusterToBeReady$0(220)) - Waiting for cluster to exit safe mode
2023-01-08 22:30:41,319 [Listener at 127.0.0.1/33975] INFO  ozone.MiniOzoneClusterImpl (MiniOzoneClusterImpl.java:lambda$waitForClusterToBeReady$0(222)) - SCM became leader
2023-01-08 22:30:41,319 [Datanode State Machine Daemon Thread] INFO  statemachine.DatanodeStateMachine (DatanodeStateMachine.java:lambda$startDaemon$0(508)) - Ozone container server started.
2023-01-08 22:30:41,328 [org.apache.hadoop.util.JvmPauseMonitor$Monitor@615a4a1] INFO  util.JvmPauseMonitor (JvmPauseMonitor.java:run(188)) - Starting JVM pause monitor
2023-01-08 22:30:41,329 [Datanode State Machine Task Thread - 0] INFO  datanode.InitDatanodeState (InitDatanodeState.java:persistContainerDatanodeDetails(138)) - DatanodeDetails is persisted to /home/runner/work/ozone/ozone/hadoop-ozone/integration-test/target/test-dir/MiniOzoneClusterImpl-3463507a-8a94-4be2-9691-6a94fb394e4a/datanode-6/meta/datanode.id
2023-01-08 22:30:41,446 [EndpointStateMachine task thread for /0.0.0.0:40749 - 0 ] INFO  utils.DatanodeStoreCache (DatanodeStoreCache.java:addDB(58)) - Added db /home/runner/work/ozone/ozone/hadoop-ozone/integration-test/target/test-dir/MiniOzoneClusterImpl-3463507a-8a94-4be2-9691-6a94fb394e4a/datanode-1/data-0/containers/hdds/3463507a-8a94-4be2-9691-6a94fb394e4a/DS-2d607ab4-8041-447c-ae42-13e5e9ab3cb1/container.db to cache
2023-01-08 22:30:41,447 [EndpointStateMachine task thread for /0.0.0.0:40749 - 0 ] INFO  volume.HddsVolume (HddsVolume.java:createDbStore(307)) - SchemaV3 db is created and loaded at /home/runner/work/ozone/ozone/hadoop-ozone/integration-test/target/test-dir/MiniOzoneClusterImpl-3463507a-8a94-4be2-9691-6a94fb394e4a/datanode-1/data-0/containers/hdds/3463507a-8a94-4be2-9691-6a94fb394e4a/DS-2d607ab4-8041-447c-ae42-13e5e9ab3cb1/container.db for volume DS-2d607ab4-8041-447c-ae42-13e5e9ab3cb1
2023-01-08 22:30:41,447 [EndpointStateMachine task thread for /0.0.0.0:40749 - 0 ] INFO  ozoneimpl.OzoneContainer (OzoneContainer.java:start(395)) - Attempting to start container services.
2023-01-08 22:30:41,447 [EndpointStateMachine task thread for /0.0.0.0:40749 - 0 ] INFO  ozoneimpl.OzoneContainer (OzoneContainer.java:startContainerScrub(312)) - Scheduled background container scanners and the on-demand container scanner have been disabled.
2023-01-08 22:30:41,449 [EndpointStateMachine task thread for /0.0.0.0:40749 - 0 ] INFO  replication.ReplicationServer (ReplicationServer.java:start(106)) - ReplicationServer is started using port 37905
2023-01-08 22:30:41,450 [EndpointStateMachine task thread for /0.0.0.0:40749 - 0 ] INFO  ratis.XceiverServerRatis (XceiverServerRatis.java:start(517)) - Starting XceiverServerRatis a5f0a7e4-4f3a-4f10-aa1a-af4297eff32d
2023-01-08 22:30:41,451 [EndpointStateMachine task thread for /0.0.0.0:40749 - 0 ] INFO  server.RaftServer (RaftServerProxy.java:startImpl(393)) - a5f0a7e4-4f3a-4f10-aa1a-af4297eff32d: start RPC server
2023-01-08 22:30:41,452 [EndpointStateMachine task thread for /0.0.0.0:40749 - 0 ] INFO  server.GrpcService (GrpcService.java:startImpl(262)) - a5f0a7e4-4f3a-4f10-aa1a-af4297eff32d: GrpcService started, listening on 33221
2023-01-08 22:30:41,452 [EndpointStateMachine task thread for /0.0.0.0:40749 - 0 ] INFO  ratis.XceiverServerRatis (XceiverServerRatis.java:getRealPort(543)) - XceiverServerRatis a5f0a7e4-4f3a-4f10-aa1a-af4297eff32d is started using port 33221 for RATIS
2023-01-08 22:30:41,452 [EndpointStateMachine task thread for /0.0.0.0:40749 - 0 ] INFO  ratis.XceiverServerRatis (XceiverServerRatis.java:getRealPort(543)) - XceiverServerRatis a5f0a7e4-4f3a-4f10-aa1a-af4297eff32d is started using port 33221 for RATIS_ADMIN
2023-01-08 22:30:41,452 [EndpointStateMachine task thread for /0.0.0.0:40749 - 0 ] INFO  ratis.XceiverServerRatis (XceiverServerRatis.java:getRealPort(543)) - XceiverServerRatis a5f0a7e4-4f3a-4f10-aa1a-af4297eff32d is started using port 33221 for RATIS_SERVER
2023-01-08 22:30:41,452 [EndpointStateMachine task thread for /0.0.0.0:40749 - 0 ] INFO  ratis.XceiverServerRatis (XceiverServerRatis.java:getRealPort(543)) - XceiverServerRatis a5f0a7e4-4f3a-4f10-aa1a-af4297eff32d is started using port 37417 for RATIS_DATASTREAM
2023-01-08 22:30:41,453 [JvmPauseMonitor2] INFO  util.JvmPauseMonitor (JvmPauseMonitor.java:run(105)) - JvmPauseMonitor-a5f0a7e4-4f3a-4f10-aa1a-af4297eff32d: Started
2023-01-08 22:30:41,455 [EndpointStateMachine task thread for /0.0.0.0:40749 - 0 ] INFO  server.XceiverServerGrpc (XceiverServerGrpc.java:start(180)) - XceiverServerGrpc a5f0a7e4-4f3a-4f10-aa1a-af4297eff32d is started using port 45417
2023-01-08 22:30:41,940 [EndpointStateMachine task thread for /0.0.0.0:40749 - 0 ] INFO  utils.DatanodeStoreCache (DatanodeStoreCache.java:addDB(58)) - Added db /home/runner/work/ozone/ozone/hadoop-ozone/integration-test/target/test-dir/MiniOzoneClusterImpl-3463507a-8a94-4be2-9691-6a94fb394e4a/datanode-2/data-0/containers/hdds/3463507a-8a94-4be2-9691-6a94fb394e4a/DS-570f9dd3-c2d7-40a8-931f-208776813b6a/container.db to cache
2023-01-08 22:30:41,940 [EndpointStateMachine task thread for /0.0.0.0:40749 - 0 ] INFO  volume.HddsVolume (HddsVolume.java:createDbStore(307)) - SchemaV3 db is created and loaded at /home/runner/work/ozone/ozone/hadoop-ozone/integration-test/target/test-dir/MiniOzoneClusterImpl-3463507a-8a94-4be2-9691-6a94fb394e4a/datanode-2/data-0/containers/hdds/3463507a-8a94-4be2-9691-6a94fb394e4a/DS-570f9dd3-c2d7-40a8-931f-208776813b6a/container.db for volume DS-570f9dd3-c2d7-40a8-931f-208776813b6a
2023-01-08 22:30:41,941 [EndpointStateMachine task thread for /0.0.0.0:40749 - 0 ] INFO  ozoneimpl.OzoneContainer (OzoneContainer.java:start(395)) - Attempting to start container services.
2023-01-08 22:30:41,941 [EndpointStateMachine task thread for /0.0.0.0:40749 - 0 ] INFO  ozoneimpl.OzoneContainer (OzoneContainer.java:startContainerScrub(312)) - Scheduled background container scanners and the on-demand container scanner have been disabled.
2023-01-08 22:30:41,943 [EndpointStateMachine task thread for /0.0.0.0:40749 - 0 ] INFO  replication.ReplicationServer (ReplicationServer.java:start(106)) - ReplicationServer is started using port 39949
2023-01-08 22:30:41,943 [EndpointStateMachine task thread for /0.0.0.0:40749 - 0 ] INFO  ratis.XceiverServerRatis (XceiverServerRatis.java:start(517)) - Starting XceiverServerRatis 1ea1b0cd-ced3-45e8-8c40-55289e6aecfb
2023-01-08 22:30:41,944 [EndpointStateMachine task thread for /0.0.0.0:40749 - 0 ] INFO  server.RaftServer (RaftServerProxy.java:startImpl(393)) - 1ea1b0cd-ced3-45e8-8c40-55289e6aecfb: start RPC server
2023-01-08 22:30:41,946 [EndpointStateMachine task thread for /0.0.0.0:40749 - 0 ] INFO  server.GrpcService (GrpcService.java:startImpl(262)) - 1ea1b0cd-ced3-45e8-8c40-55289e6aecfb: GrpcService started, listening on 40525
2023-01-08 22:30:41,946 [EndpointStateMachine task thread for /0.0.0.0:40749 - 0 ] INFO  ratis.XceiverServerRatis (XceiverServerRatis.java:getRealPort(543)) - XceiverServerRatis 1ea1b0cd-ced3-45e8-8c40-55289e6aecfb is started using port 40525 for RATIS
2023-01-08 22:30:41,946 [JvmPauseMonitor3] INFO  util.JvmPauseMonitor (JvmPauseMonitor.java:run(105)) - JvmPauseMonitor-1ea1b0cd-ced3-45e8-8c40-55289e6aecfb: Started
2023-01-08 22:30:41,946 [EndpointStateMachine task thread for /0.0.0.0:40749 - 0 ] INFO  ratis.XceiverServerRatis (XceiverServerRatis.java:getRealPort(543)) - XceiverServerRatis 1ea1b0cd-ced3-45e8-8c40-55289e6aecfb is started using port 40525 for RATIS_ADMIN
2023-01-08 22:30:41,947 [EndpointStateMachine task thread for /0.0.0.0:40749 - 0 ] INFO  ratis.XceiverServerRatis (XceiverServerRatis.java:getRealPort(543)) - XceiverServerRatis 1ea1b0cd-ced3-45e8-8c40-55289e6aecfb is started using port 40525 for RATIS_SERVER
2023-01-08 22:30:41,947 [EndpointStateMachine task thread for /0.0.0.0:40749 - 0 ] INFO  ratis.XceiverServerRatis (XceiverServerRatis.java:getRealPort(543)) - XceiverServerRatis 1ea1b0cd-ced3-45e8-8c40-55289e6aecfb is started using port 40569 for RATIS_DATASTREAM
2023-01-08 22:30:41,951 [EndpointStateMachine task thread for /0.0.0.0:40749 - 0 ] INFO  server.XceiverServerGrpc (XceiverServerGrpc.java:start(180)) - XceiverServerGrpc 1ea1b0cd-ced3-45e8-8c40-55289e6aecfb is started using port 34315
2023-01-08 22:30:42,290 [EndpointStateMachine task thread for /0.0.0.0:40749 - 0 ] INFO  utils.DatanodeStoreCache (DatanodeStoreCache.java:addDB(58)) - Added db /home/runner/work/ozone/ozone/hadoop-ozone/integration-test/target/test-dir/MiniOzoneClusterImpl-3463507a-8a94-4be2-9691-6a94fb394e4a/datanode-3/data-0/containers/hdds/3463507a-8a94-4be2-9691-6a94fb394e4a/DS-d7db9d89-827b-4f35-82e5-db50b0bc51e8/container.db to cache
2023-01-08 22:30:42,291 [EndpointStateMachine task thread for /0.0.0.0:40749 - 0 ] INFO  volume.HddsVolume (HddsVolume.java:createDbStore(307)) - SchemaV3 db is created and loaded at /home/runner/work/ozone/ozone/hadoop-ozone/integration-test/target/test-dir/MiniOzoneClusterImpl-3463507a-8a94-4be2-9691-6a94fb394e4a/datanode-3/data-0/containers/hdds/3463507a-8a94-4be2-9691-6a94fb394e4a/DS-d7db9d89-827b-4f35-82e5-db50b0bc51e8/container.db for volume DS-d7db9d89-827b-4f35-82e5-db50b0bc51e8
2023-01-08 22:30:42,291 [EndpointStateMachine task thread for /0.0.0.0:40749 - 0 ] INFO  ozoneimpl.OzoneContainer (OzoneContainer.java:start(395)) - Attempting to start container services.
2023-01-08 22:30:42,291 [EndpointStateMachine task thread for /0.0.0.0:40749 - 0 ] INFO  ozoneimpl.OzoneContainer (OzoneContainer.java:startContainerScrub(312)) - Scheduled background container scanners and the on-demand container scanner have been disabled.
2023-01-08 22:30:42,294 [EndpointStateMachine task thread for /0.0.0.0:40749 - 0 ] INFO  replication.ReplicationServer (ReplicationServer.java:start(106)) - ReplicationServer is started using port 38591
2023-01-08 22:30:42,294 [EndpointStateMachine task thread for /0.0.0.0:40749 - 0 ] INFO  ratis.XceiverServerRatis (XceiverServerRatis.java:start(517)) - Starting XceiverServerRatis d2cb6247-0f92-4e0f-9f0c-5b2ce80c0115
2023-01-08 22:30:42,295 [EndpointStateMachine task thread for /0.0.0.0:40749 - 0 ] INFO  server.RaftServer (RaftServerProxy.java:startImpl(393)) - d2cb6247-0f92-4e0f-9f0c-5b2ce80c0115: start RPC server
2023-01-08 22:30:42,297 [EndpointStateMachine task thread for /0.0.0.0:40749 - 0 ] INFO  server.GrpcService (GrpcService.java:startImpl(262)) - d2cb6247-0f92-4e0f-9f0c-5b2ce80c0115: GrpcService started, listening on 40175
2023-01-08 22:30:42,297 [EndpointStateMachine task thread for /0.0.0.0:40749 - 0 ] INFO  ratis.XceiverServerRatis (XceiverServerRatis.java:getRealPort(543)) - XceiverServerRatis d2cb6247-0f92-4e0f-9f0c-5b2ce80c0115 is started using port 40175 for RATIS
2023-01-08 22:30:42,297 [JvmPauseMonitor4] INFO  util.JvmPauseMonitor (JvmPauseMonitor.java:run(105)) - JvmPauseMonitor-d2cb6247-0f92-4e0f-9f0c-5b2ce80c0115: Started
2023-01-08 22:30:42,297 [EndpointStateMachine task thread for /0.0.0.0:40749 - 0 ] INFO  ratis.XceiverServerRatis (XceiverServerRatis.java:getRealPort(543)) - XceiverServerRatis d2cb6247-0f92-4e0f-9f0c-5b2ce80c0115 is started using port 40175 for RATIS_ADMIN
2023-01-08 22:30:42,297 [EndpointStateMachine task thread for /0.0.0.0:40749 - 0 ] INFO  ratis.XceiverServerRatis (XceiverServerRatis.java:getRealPort(543)) - XceiverServerRatis d2cb6247-0f92-4e0f-9f0c-5b2ce80c0115 is started using port 40175 for RATIS_SERVER
2023-01-08 22:30:42,297 [EndpointStateMachine task thread for /0.0.0.0:40749 - 0 ] INFO  ratis.XceiverServerRatis (XceiverServerRatis.java:getRealPort(543)) - XceiverServerRatis d2cb6247-0f92-4e0f-9f0c-5b2ce80c0115 is started using port 35007 for RATIS_DATASTREAM
2023-01-08 22:30:42,299 [EndpointStateMachine task thread for /0.0.0.0:40749 - 0 ] INFO  server.XceiverServerGrpc (XceiverServerGrpc.java:start(180)) - XceiverServerGrpc d2cb6247-0f92-4e0f-9f0c-5b2ce80c0115 is started using port 46877
2023-01-08 22:30:42,319 [Listener at 127.0.0.1/33975] INFO  ozone.MiniOzoneClusterImpl (MiniOzoneClusterImpl.java:lambda$waitForClusterToBeReady$0(217)) - Waiting for nodes to be ready. Got 0 of 7 DN Heartbeats.
2023-01-08 22:30:42,319 [Listener at 127.0.0.1/33975] INFO  ozone.MiniOzoneClusterImpl (MiniOzoneClusterImpl.java:lambda$waitForClusterToBeReady$0(220)) - Waiting for cluster to exit safe mode
2023-01-08 22:30:42,319 [Listener at 127.0.0.1/33975] INFO  ozone.MiniOzoneClusterImpl (MiniOzoneClusterImpl.java:lambda$waitForClusterToBeReady$0(222)) - SCM became leader
2023-01-08 22:30:42,632 [EndpointStateMachine task thread for /0.0.0.0:40749 - 0 ] INFO  utils.DatanodeStoreCache (DatanodeStoreCache.java:addDB(58)) - Added db /home/runner/work/ozone/ozone/hadoop-ozone/integration-test/target/test-dir/MiniOzoneClusterImpl-3463507a-8a94-4be2-9691-6a94fb394e4a/datanode-4/data-0/containers/hdds/3463507a-8a94-4be2-9691-6a94fb394e4a/DS-51ea2eb7-7a82-406a-a501-1726772de01a/container.db to cache
2023-01-08 22:30:42,633 [EndpointStateMachine task thread for /0.0.0.0:40749 - 0 ] INFO  volume.HddsVolume (HddsVolume.java:createDbStore(307)) - SchemaV3 db is created and loaded at /home/runner/work/ozone/ozone/hadoop-ozone/integration-test/target/test-dir/MiniOzoneClusterImpl-3463507a-8a94-4be2-9691-6a94fb394e4a/datanode-4/data-0/containers/hdds/3463507a-8a94-4be2-9691-6a94fb394e4a/DS-51ea2eb7-7a82-406a-a501-1726772de01a/container.db for volume DS-51ea2eb7-7a82-406a-a501-1726772de01a
2023-01-08 22:30:42,633 [EndpointStateMachine task thread for /0.0.0.0:40749 - 0 ] INFO  ozoneimpl.OzoneContainer (OzoneContainer.java:start(395)) - Attempting to start container services.
2023-01-08 22:30:42,633 [EndpointStateMachine task thread for /0.0.0.0:40749 - 0 ] INFO  ozoneimpl.OzoneContainer (OzoneContainer.java:startContainerScrub(312)) - Scheduled background container scanners and the on-demand container scanner have been disabled.
2023-01-08 22:30:42,636 [EndpointStateMachine task thread for /0.0.0.0:40749 - 0 ] INFO  replication.ReplicationServer (ReplicationServer.java:start(106)) - ReplicationServer is started using port 41061
2023-01-08 22:30:42,638 [EndpointStateMachine task thread for /0.0.0.0:40749 - 0 ] INFO  ratis.XceiverServerRatis (XceiverServerRatis.java:start(517)) - Starting XceiverServerRatis e7301f7c-5c47-48c7-9f47-e06452a04696
2023-01-08 22:30:42,639 [EndpointStateMachine task thread for /0.0.0.0:40749 - 0 ] INFO  server.RaftServer (RaftServerProxy.java:startImpl(393)) - e7301f7c-5c47-48c7-9f47-e06452a04696: start RPC server
2023-01-08 22:30:42,641 [EndpointStateMachine task thread for /0.0.0.0:40749 - 0 ] INFO  server.GrpcService (GrpcService.java:startImpl(262)) - e7301f7c-5c47-48c7-9f47-e06452a04696: GrpcService started, listening on 37583
2023-01-08 22:30:42,641 [EndpointStateMachine task thread for /0.0.0.0:40749 - 0 ] INFO  ratis.XceiverServerRatis (XceiverServerRatis.java:getRealPort(543)) - XceiverServerRatis e7301f7c-5c47-48c7-9f47-e06452a04696 is started using port 37583 for RATIS
2023-01-08 22:30:42,641 [EndpointStateMachine task thread for /0.0.0.0:40749 - 0 ] INFO  ratis.XceiverServerRatis (XceiverServerRatis.java:getRealPort(543)) - XceiverServerRatis e7301f7c-5c47-48c7-9f47-e06452a04696 is started using port 37583 for RATIS_ADMIN
2023-01-08 22:30:42,641 [EndpointStateMachine task thread for /0.0.0.0:40749 - 0 ] INFO  ratis.XceiverServerRatis (XceiverServerRatis.java:getRealPort(543)) - XceiverServerRatis e7301f7c-5c47-48c7-9f47-e06452a04696 is started using port 37583 for RATIS_SERVER
2023-01-08 22:30:42,641 [EndpointStateMachine task thread for /0.0.0.0:40749 - 0 ] INFO  ratis.XceiverServerRatis (XceiverServerRatis.java:getRealPort(543)) - XceiverServerRatis e7301f7c-5c47-48c7-9f47-e06452a04696 is started using port 38057 for RATIS_DATASTREAM
2023-01-08 22:30:42,641 [JvmPauseMonitor5] INFO  util.JvmPauseMonitor (JvmPauseMonitor.java:run(105)) - JvmPauseMonitor-e7301f7c-5c47-48c7-9f47-e06452a04696: Started
2023-01-08 22:30:42,644 [EndpointStateMachine task thread for /0.0.0.0:40749 - 0 ] INFO  server.XceiverServerGrpc (XceiverServerGrpc.java:start(180)) - XceiverServerGrpc e7301f7c-5c47-48c7-9f47-e06452a04696 is started using port 39145
2023-01-08 22:30:42,957 [IPC Server handler 2 on default port 40749] INFO  net.NetworkTopologyImpl (NetworkTopologyImpl.java:add(112)) - Added a new node: /default-rack/706a9b8c-4318-427e-9be3-8b37c9b0924f
2023-01-08 22:30:42,959 [IPC Server handler 2 on default port 40749] INFO  node.SCMNodeManager (SCMNodeManager.java:register(397)) - Registered Data node : 706a9b8c-4318-427e-9be3-8b37c9b0924f{ip: 10.1.0.12, host: fv-az390-965.2udvygdcjcjuphbbpa4zxtqymb.gx.internal.cloudapp.net, ports: [REPLICATION=44783, RATIS=45297, RATIS_ADMIN=45297, RATIS_SERVER=45297, RATIS_DATASTREAM=44379, STANDALONE=33343], networkLocation: /default-rack, certSerialId: null, persistedOpState: null, persistedOpStateExpiryEpochSec: 0}
2023-01-08 22:30:42,965 [EventQueue-NewNodeForNewNodeHandler] INFO  pipeline.BackgroundPipelineCreator (BackgroundPipelineCreator.java:notifyEventTriggered(276)) - trigger a one-shot run on RatisPipelineUtilsThread.
2023-01-08 22:30:42,972 [EventQueue-NodeRegistrationContainerReportForContainerSafeModeRule] INFO  safemode.SCMSafeModeManager (SCMSafeModeManager.java:validateSafeModeExitRules(200)) - ContainerSafeModeRule rule is successfully validated
2023-01-08 22:30:42,974 [RatisPipelineUtilsThread - 0] INFO  pipeline.RatisPipelineProvider (RatisPipelineProvider.java:lambda$create$0(206)) - Sending CreatePipelineCommand for pipeline:PipelineID=b92f29c7-763c-4b50-a758-f189e82036d4 to datanode:706a9b8c-4318-427e-9be3-8b37c9b0924f
2023-01-08 22:30:42,975 [EventQueue-NodeRegistrationContainerReportForDataNodeSafeModeRule] INFO  safemode.SCMSafeModeManager (DataNodeSafeModeRule.java:process(71)) - SCM in safe mode. 1 DataNodes registered, 3 required.
2023-01-08 22:30:42,987 [EndpointStateMachine task thread for /0.0.0.0:40749 - 0 ] INFO  utils.DatanodeStoreCache (DatanodeStoreCache.java:addDB(58)) - Added db /home/runner/work/ozone/ozone/hadoop-ozone/integration-test/target/test-dir/MiniOzoneClusterImpl-3463507a-8a94-4be2-9691-6a94fb394e4a/datanode-5/data-0/containers/hdds/3463507a-8a94-4be2-9691-6a94fb394e4a/DS-911a5df0-546a-47f6-9d91-9b30f8451529/container.db to cache
2023-01-08 22:30:42,987 [EndpointStateMachine task thread for /0.0.0.0:40749 - 0 ] INFO  volume.HddsVolume (HddsVolume.java:createDbStore(307)) - SchemaV3 db is created and loaded at /home/runner/work/ozone/ozone/hadoop-ozone/integration-test/target/test-dir/MiniOzoneClusterImpl-3463507a-8a94-4be2-9691-6a94fb394e4a/datanode-5/data-0/containers/hdds/3463507a-8a94-4be2-9691-6a94fb394e4a/DS-911a5df0-546a-47f6-9d91-9b30f8451529/container.db for volume DS-911a5df0-546a-47f6-9d91-9b30f8451529
2023-01-08 22:30:42,987 [EndpointStateMachine task thread for /0.0.0.0:40749 - 0 ] INFO  ozoneimpl.OzoneContainer (OzoneContainer.java:start(395)) - Attempting to start container services.
2023-01-08 22:30:42,988 [EndpointStateMachine task thread for /0.0.0.0:40749 - 0 ] INFO  ozoneimpl.OzoneContainer (OzoneContainer.java:startContainerScrub(312)) - Scheduled background container scanners and the on-demand container scanner have been disabled.
2023-01-08 22:30:42,991 [EventQueue-PipelineReportForOneReplicaPipelineSafeModeRule] INFO  safemode.SCMSafeModeManager (SCMSafeModeManager.java:validateSafeModeExitRules(200)) - AtleastOneDatanodeReportedRule rule is successfully validated
2023-01-08 22:30:43,001 [EndpointStateMachine task thread for /0.0.0.0:40749 - 0 ] INFO  replication.ReplicationServer (ReplicationServer.java:start(106)) - ReplicationServer is started using port 41845
2023-01-08 22:30:43,003 [EndpointStateMachine task thread for /0.0.0.0:40749 - 0 ] INFO  ratis.XceiverServerRatis (XceiverServerRatis.java:start(517)) - Starting XceiverServerRatis 739e0a5a-91fd-46ce-99c6-277f52566479
2023-01-08 22:30:43,004 [EndpointStateMachine task thread for /0.0.0.0:40749 - 0 ] INFO  server.RaftServer (RaftServerProxy.java:startImpl(393)) - 739e0a5a-91fd-46ce-99c6-277f52566479: start RPC server
2023-01-08 22:30:43,008 [EndpointStateMachine task thread for /0.0.0.0:40749 - 0 ] INFO  server.GrpcService (GrpcService.java:startImpl(262)) - 739e0a5a-91fd-46ce-99c6-277f52566479: GrpcService started, listening on 38543
2023-01-08 22:30:43,008 [EndpointStateMachine task thread for /0.0.0.0:40749 - 0 ] INFO  ratis.XceiverServerRatis (XceiverServerRatis.java:getRealPort(543)) - XceiverServerRatis 739e0a5a-91fd-46ce-99c6-277f52566479 is started using port 38543 for RATIS
2023-01-08 22:30:43,009 [EndpointStateMachine task thread for /0.0.0.0:40749 - 0 ] INFO  ratis.XceiverServerRatis (XceiverServerRatis.java:getRealPort(543)) - XceiverServerRatis 739e0a5a-91fd-46ce-99c6-277f52566479 is started using port 38543 for RATIS_ADMIN
2023-01-08 22:30:43,009 [EndpointStateMachine task thread for /0.0.0.0:40749 - 0 ] INFO  ratis.XceiverServerRatis (XceiverServerRatis.java:getRealPort(543)) - XceiverServerRatis 739e0a5a-91fd-46ce-99c6-277f52566479 is started using port 38543 for RATIS_SERVER
2023-01-08 22:30:43,009 [EndpointStateMachine task thread for /0.0.0.0:40749 - 0 ] INFO  ratis.XceiverServerRatis (XceiverServerRatis.java:getRealPort(543)) - XceiverServerRatis 739e0a5a-91fd-46ce-99c6-277f52566479 is started using port 44013 for RATIS_DATASTREAM
2023-01-08 22:30:43,010 [JvmPauseMonitor6] INFO  util.JvmPauseMonitor (JvmPauseMonitor.java:run(105)) - JvmPauseMonitor-739e0a5a-91fd-46ce-99c6-277f52566479: Started
2023-01-08 22:30:43,013 [RatisPipelineUtilsThread - 0] INFO  pipeline.PipelineStateManagerImpl (PipelineStateManagerImpl.java:addPipeline(103)) - Created pipeline Pipeline[ Id: b92f29c7-763c-4b50-a758-f189e82036d4, Nodes: 706a9b8c-4318-427e-9be3-8b37c9b0924f{ip: 10.1.0.12, host: fv-az390-965.2udvygdcjcjuphbbpa4zxtqymb.gx.internal.cloudapp.net, ports: [REPLICATION=44783, RATIS=45297, RATIS_ADMIN=45297, RATIS_SERVER=45297, RATIS_DATASTREAM=44379, STANDALONE=33343], networkLocation: /default-rack, certSerialId: null, persistedOpState: IN_SERVICE, persistedOpStateExpiryEpochSec: 0}, ReplicationConfig: RATIS/ONE, State:ALLOCATED, leaderId:, CreationTimestamp2023-01-08T22:30:42.973Z[Etc/UTC]].
2023-01-08 22:30:43,015 [EndpointStateMachine task thread for /0.0.0.0:40749 - 0 ] INFO  server.XceiverServerGrpc (XceiverServerGrpc.java:start(180)) - XceiverServerGrpc 739e0a5a-91fd-46ce-99c6-277f52566479 is started using port 37419
2023-01-08 22:30:43,319 [Listener at 127.0.0.1/33975] INFO  ozone.MiniOzoneClusterImpl (MiniOzoneClusterImpl.java:lambda$waitForClusterToBeReady$0(217)) - Waiting for nodes to be ready. Got 1 of 7 DN Heartbeats.
2023-01-08 22:30:43,321 [Listener at 127.0.0.1/33975] INFO  ozone.MiniOzoneClusterImpl (MiniOzoneClusterImpl.java:lambda$waitForClusterToBeReady$0(220)) - Waiting for cluster to exit safe mode
2023-01-08 22:30:43,321 [Listener at 127.0.0.1/33975] INFO  ozone.MiniOzoneClusterImpl (MiniOzoneClusterImpl.java:lambda$waitForClusterToBeReady$0(222)) - SCM became leader
2023-01-08 22:30:43,363 [EndpointStateMachine task thread for /0.0.0.0:40749 - 0 ] INFO  utils.DatanodeStoreCache (DatanodeStoreCache.java:addDB(58)) - Added db /home/runner/work/ozone/ozone/hadoop-ozone/integration-test/target/test-dir/MiniOzoneClusterImpl-3463507a-8a94-4be2-9691-6a94fb394e4a/datanode-6/data-0/containers/hdds/3463507a-8a94-4be2-9691-6a94fb394e4a/DS-48865ce9-7e41-476c-9df3-1dda0cdb971a/container.db to cache
2023-01-08 22:30:43,363 [EndpointStateMachine task thread for /0.0.0.0:40749 - 0 ] INFO  volume.HddsVolume (HddsVolume.java:createDbStore(307)) - SchemaV3 db is created and loaded at /home/runner/work/ozone/ozone/hadoop-ozone/integration-test/target/test-dir/MiniOzoneClusterImpl-3463507a-8a94-4be2-9691-6a94fb394e4a/datanode-6/data-0/containers/hdds/3463507a-8a94-4be2-9691-6a94fb394e4a/DS-48865ce9-7e41-476c-9df3-1dda0cdb971a/container.db for volume DS-48865ce9-7e41-476c-9df3-1dda0cdb971a
2023-01-08 22:30:43,363 [EndpointStateMachine task thread for /0.0.0.0:40749 - 0 ] INFO  ozoneimpl.OzoneContainer (OzoneContainer.java:start(395)) - Attempting to start container services.
2023-01-08 22:30:43,363 [EndpointStateMachine task thread for /0.0.0.0:40749 - 0 ] INFO  ozoneimpl.OzoneContainer (OzoneContainer.java:startContainerScrub(312)) - Scheduled background container scanners and the on-demand container scanner have been disabled.
2023-01-08 22:30:43,368 [EndpointStateMachine task thread for /0.0.0.0:40749 - 0 ] INFO  replication.ReplicationServer (ReplicationServer.java:start(106)) - ReplicationServer is started using port 34171
2023-01-08 22:30:43,369 [EndpointStateMachine task thread for /0.0.0.0:40749 - 0 ] INFO  ratis.XceiverServerRatis (XceiverServerRatis.java:start(517)) - Starting XceiverServerRatis 39f95326-1d02-4f34-8c27-9b7148a80084
2023-01-08 22:30:43,369 [EndpointStateMachine task thread for /0.0.0.0:40749 - 0 ] INFO  server.RaftServer (RaftServerProxy.java:startImpl(393)) - 39f95326-1d02-4f34-8c27-9b7148a80084: start RPC server
2023-01-08 22:30:43,370 [EndpointStateMachine task thread for /0.0.0.0:40749 - 0 ] INFO  server.GrpcService (GrpcService.java:startImpl(262)) - 39f95326-1d02-4f34-8c27-9b7148a80084: GrpcService started, listening on 41611
2023-01-08 22:30:43,372 [EndpointStateMachine task thread for /0.0.0.0:40749 - 0 ] INFO  ratis.XceiverServerRatis (XceiverServerRatis.java:getRealPort(543)) - XceiverServerRatis 39f95326-1d02-4f34-8c27-9b7148a80084 is started using port 41611 for RATIS
2023-01-08 22:30:43,372 [JvmPauseMonitor7] INFO  util.JvmPauseMonitor (JvmPauseMonitor.java:run(105)) - JvmPauseMonitor-39f95326-1d02-4f34-8c27-9b7148a80084: Started
2023-01-08 22:30:43,372 [EndpointStateMachine task thread for /0.0.0.0:40749 - 0 ] INFO  ratis.XceiverServerRatis (XceiverServerRatis.java:getRealPort(543)) - XceiverServerRatis 39f95326-1d02-4f34-8c27-9b7148a80084 is started using port 41611 for RATIS_ADMIN
2023-01-08 22:30:43,372 [EndpointStateMachine task thread for /0.0.0.0:40749 - 0 ] INFO  ratis.XceiverServerRatis (XceiverServerRatis.java:getRealPort(543)) - XceiverServerRatis 39f95326-1d02-4f34-8c27-9b7148a80084 is started using port 41611 for RATIS_SERVER
2023-01-08 22:30:43,372 [EndpointStateMachine task thread for /0.0.0.0:40749 - 0 ] INFO  ratis.XceiverServerRatis (XceiverServerRatis.java:getRealPort(543)) - XceiverServerRatis 39f95326-1d02-4f34-8c27-9b7148a80084 is started using port 40111 for RATIS_DATASTREAM
2023-01-08 22:30:43,376 [EndpointStateMachine task thread for /0.0.0.0:40749 - 0 ] INFO  server.XceiverServerGrpc (XceiverServerGrpc.java:start(180)) - XceiverServerGrpc 39f95326-1d02-4f34-8c27-9b7148a80084 is started using port 35241
2023-01-08 22:30:43,416 [IPC Server handler 4 on default port 40749] INFO  net.NetworkTopologyImpl (NetworkTopologyImpl.java:add(112)) - Added a new node: /default-rack/a5f0a7e4-4f3a-4f10-aa1a-af4297eff32d
2023-01-08 22:30:43,417 [IPC Server handler 4 on default port 40749] INFO  node.SCMNodeManager (SCMNodeManager.java:register(397)) - Registered Data node : a5f0a7e4-4f3a-4f10-aa1a-af4297eff32d{ip: 10.1.0.12, host: fv-az390-965.2udvygdcjcjuphbbpa4zxtqymb.gx.internal.cloudapp.net, ports: [REPLICATION=37905, RATIS=33221, RATIS_ADMIN=33221, RATIS_SERVER=33221, RATIS_DATASTREAM=37417, STANDALONE=45417], networkLocation: /default-rack, certSerialId: null, persistedOpState: null, persistedOpStateExpiryEpochSec: 0}
2023-01-08 22:30:43,417 [EventQueue-NewNodeForNewNodeHandler] INFO  pipeline.BackgroundPipelineCreator (BackgroundPipelineCreator.java:notifyEventTriggered(276)) - trigger a one-shot run on RatisPipelineUtilsThread.
2023-01-08 22:30:43,417 [EventQueue-NodeRegistrationContainerReportForDataNodeSafeModeRule] INFO  safemode.SCMSafeModeManager (DataNodeSafeModeRule.java:process(71)) - SCM in safe mode. 2 DataNodes registered, 3 required.
2023-01-08 22:30:43,419 [RatisPipelineUtilsThread - 0] INFO  pipeline.RatisPipelineProvider (RatisPipelineProvider.java:lambda$create$0(206)) - Sending CreatePipelineCommand for pipeline:PipelineID=2ef48131-7232-4c77-a5b1-c5ff8d29b941 to datanode:a5f0a7e4-4f3a-4f10-aa1a-af4297eff32d
2023-01-08 22:30:43,420 [RatisPipelineUtilsThread - 0] INFO  pipeline.PipelineStateManagerImpl (PipelineStateManagerImpl.java:addPipeline(103)) - Created pipeline Pipeline[ Id: 2ef48131-7232-4c77-a5b1-c5ff8d29b941, Nodes: a5f0a7e4-4f3a-4f10-aa1a-af4297eff32d{ip: 10.1.0.12, host: fv-az390-965.2udvygdcjcjuphbbpa4zxtqymb.gx.internal.cloudapp.net, ports: [REPLICATION=37905, RATIS=33221, RATIS_ADMIN=33221, RATIS_SERVER=33221, RATIS_DATASTREAM=37417, STANDALONE=45417], networkLocation: /default-rack, certSerialId: null, persistedOpState: IN_SERVICE, persistedOpStateExpiryEpochSec: 0}, ReplicationConfig: RATIS/ONE, State:ALLOCATED, leaderId:, CreationTimestamp2023-01-08T22:30:43.419Z[Etc/UTC]].
2023-01-08 22:30:43,911 [IPC Server handler 0 on default port 40749] INFO  net.NetworkTopologyImpl (NetworkTopologyImpl.java:add(112)) - Added a new node: /default-rack/1ea1b0cd-ced3-45e8-8c40-55289e6aecfb
2023-01-08 22:30:43,911 [IPC Server handler 0 on default port 40749] INFO  node.SCMNodeManager (SCMNodeManager.java:register(397)) - Registered Data node : 1ea1b0cd-ced3-45e8-8c40-55289e6aecfb{ip: 10.1.0.12, host: fv-az390-965.2udvygdcjcjuphbbpa4zxtqymb.gx.internal.cloudapp.net, ports: [REPLICATION=39949, RATIS=40525, RATIS_ADMIN=40525, RATIS_SERVER=40525, RATIS_DATASTREAM=40569, STANDALONE=34315], networkLocation: /default-rack, certSerialId: null, persistedOpState: null, persistedOpStateExpiryEpochSec: 0}
2023-01-08 22:30:43,911 [EventQueue-NewNodeForNewNodeHandler] INFO  pipeline.BackgroundPipelineCreator (BackgroundPipelineCreator.java:notifyEventTriggered(276)) - trigger a one-shot run on RatisPipelineUtilsThread.
2023-01-08 22:30:43,912 [EventQueue-NodeRegistrationContainerReportForDataNodeSafeModeRule] INFO  safemode.SCMSafeModeManager (DataNodeSafeModeRule.java:process(71)) - SCM in safe mode. 3 DataNodes registered, 3 required.
2023-01-08 22:30:43,913 [EventQueue-NodeRegistrationContainerReportForDataNodeSafeModeRule] INFO  safemode.SCMSafeModeManager (SCMSafeModeManager.java:validateSafeModeExitRules(200)) - DataNodeSafeModeRule rule is successfully validated
2023-01-08 22:30:43,913 [EventQueue-NodeRegistrationContainerReportForDataNodeSafeModeRule] INFO  safemode.SCMSafeModeManager (SCMSafeModeManager.java:completePreCheck(229)) - All SCM safe mode pre check rules have passed
2023-01-08 22:30:43,913 [EventQueue-NodeRegistrationContainerReportForDataNodeSafeModeRule] INFO  ha.SCMContext (SCMContext.java:updateSafeModeStatus(228)) - Update SafeModeStatus from SafeModeStatus{safeModeStatus=true, preCheckPassed=false} to SafeModeStatus{safeModeStatus=true, preCheckPassed=true}.
2023-01-08 22:30:43,913 [EventQueue-NodeRegistrationContainerReportForDataNodeSafeModeRule] INFO  pipeline.BackgroundPipelineCreator (BackgroundPipelineCreator.java:notifyEventTriggered(276)) - trigger a one-shot run on RatisPipelineUtilsThread.
2023-01-08 22:30:43,913 [RatisPipelineUtilsThread - 0] INFO  pipeline.RatisPipelineProvider (RatisPipelineProvider.java:lambda$create$0(206)) - Sending CreatePipelineCommand for pipeline:PipelineID=e31a2304-d3cc-4c97-bc14-c506d2160415 to datanode:1ea1b0cd-ced3-45e8-8c40-55289e6aecfb
2023-01-08 22:30:43,914 [RatisPipelineUtilsThread - 0] INFO  pipeline.PipelineStateManagerImpl (PipelineStateManagerImpl.java:addPipeline(103)) - Created pipeline Pipeline[ Id: e31a2304-d3cc-4c97-bc14-c506d2160415, Nodes: 1ea1b0cd-ced3-45e8-8c40-55289e6aecfb{ip: 10.1.0.12, host: fv-az390-965.2udvygdcjcjuphbbpa4zxtqymb.gx.internal.cloudapp.net, ports: [REPLICATION=39949, RATIS=40525, RATIS_ADMIN=40525, RATIS_SERVER=40525, RATIS_DATASTREAM=40569, STANDALONE=34315], networkLocation: /default-rack, certSerialId: null, persistedOpState: IN_SERVICE, persistedOpStateExpiryEpochSec: 0}, ReplicationConfig: RATIS/ONE, State:ALLOCATED, leaderId:, CreationTimestamp2023-01-08T22:30:43.913Z[Etc/UTC]].
2023-01-08 22:30:43,919 [RatisPipelineUtilsThread - 0] INFO  pipeline.RatisPipelineProvider (RatisPipelineProvider.java:lambda$create$0(206)) - Sending CreatePipelineCommand for pipeline:PipelineID=b8784cc6-8c04-4ac9-8856-4942502c2288 to datanode:706a9b8c-4318-427e-9be3-8b37c9b0924f
2023-01-08 22:30:43,920 [RatisPipelineUtilsThread - 0] INFO  pipeline.RatisPipelineProvider (RatisPipelineProvider.java:lambda$create$0(206)) - Sending CreatePipelineCommand for pipeline:PipelineID=b8784cc6-8c04-4ac9-8856-4942502c2288 to datanode:1ea1b0cd-ced3-45e8-8c40-55289e6aecfb
2023-01-08 22:30:43,920 [RatisPipelineUtilsThread - 0] INFO  pipeline.RatisPipelineProvider (RatisPipelineProvider.java:lambda$create$0(206)) - Sending CreatePipelineCommand for pipeline:PipelineID=b8784cc6-8c04-4ac9-8856-4942502c2288 to datanode:a5f0a7e4-4f3a-4f10-aa1a-af4297eff32d
2023-01-08 22:30:43,922 [RatisPipelineUtilsThread - 0] INFO  pipeline.PipelineStateManagerImpl (PipelineStateManagerImpl.java:addPipeline(103)) - Created pipeline Pipeline[ Id: b8784cc6-8c04-4ac9-8856-4942502c2288, Nodes: 706a9b8c-4318-427e-9be3-8b37c9b0924f{ip: 10.1.0.12, host: fv-az390-965.2udvygdcjcjuphbbpa4zxtqymb.gx.internal.cloudapp.net, ports: [REPLICATION=44783, RATIS=45297, RATIS_ADMIN=45297, RATIS_SERVER=45297, RATIS_DATASTREAM=44379, STANDALONE=33343], networkLocation: /default-rack, certSerialId: null, persistedOpState: IN_SERVICE, persistedOpStateExpiryEpochSec: 0}1ea1b0cd-ced3-45e8-8c40-55289e6aecfb{ip: 10.1.0.12, host: fv-az390-965.2udvygdcjcjuphbbpa4zxtqymb.gx.internal.cloudapp.net, ports: [REPLICATION=39949, RATIS=40525, RATIS_ADMIN=40525, RATIS_SERVER=40525, RATIS_DATASTREAM=40569, STANDALONE=34315], networkLocation: /default-rack, certSerialId: null, persistedOpState: IN_SERVICE, persistedOpStateExpiryEpochSec: 0}a5f0a7e4-4f3a-4f10-aa1a-af4297eff32d{ip: 10.1.0.12, host: fv-az390-965.2udvygdcjcjuphbbpa4zxtqymb.gx.internal.cloudapp.net, ports: [REPLICATION=37905, RATIS=33221, RATIS_ADMIN=33221, RATIS_SERVER=33221, RATIS_DATASTREAM=37417, STANDALONE=45417], networkLocation: /default-rack, certSerialId: null, persistedOpState: IN_SERVICE, persistedOpStateExpiryEpochSec: 0}, ReplicationConfig: RATIS/THREE, State:ALLOCATED, leaderId:, CreationTimestamp2023-01-08T22:30:43.919Z[Etc/UTC]].
2023-01-08 22:30:43,925 [RatisPipelineUtilsThread - 0] INFO  pipeline.RatisPipelineProvider (RatisPipelineProvider.java:lambda$create$0(206)) - Sending CreatePipelineCommand for pipeline:PipelineID=1d76360a-f64d-4a32-9733-5a52cb9248ba to datanode:a5f0a7e4-4f3a-4f10-aa1a-af4297eff32d
2023-01-08 22:30:43,925 [RatisPipelineUtilsThread - 0] INFO  pipeline.RatisPipelineProvider (RatisPipelineProvider.java:lambda$create$0(206)) - Sending CreatePipelineCommand for pipeline:PipelineID=1d76360a-f64d-4a32-9733-5a52cb9248ba to datanode:1ea1b0cd-ced3-45e8-8c40-55289e6aecfb
2023-01-08 22:30:43,925 [RatisPipelineUtilsThread - 0] INFO  pipeline.RatisPipelineProvider (RatisPipelineProvider.java:lambda$create$0(206)) - Sending CreatePipelineCommand for pipeline:PipelineID=1d76360a-f64d-4a32-9733-5a52cb9248ba to datanode:706a9b8c-4318-427e-9be3-8b37c9b0924f
2023-01-08 22:30:43,927 [RatisPipelineUtilsThread - 0] INFO  pipeline.PipelineStateManagerImpl (PipelineStateManagerImpl.java:addPipeline(103)) - Created pipeline Pipeline[ Id: 1d76360a-f64d-4a32-9733-5a52cb9248ba, Nodes: a5f0a7e4-4f3a-4f10-aa1a-af4297eff32d{ip: 10.1.0.12, host: fv-az390-965.2udvygdcjcjuphbbpa4zxtqymb.gx.internal.cloudapp.net, ports: [REPLICATION=37905, RATIS=33221, RATIS_ADMIN=33221, RATIS_SERVER=33221, RATIS_DATASTREAM=37417, STANDALONE=45417], networkLocation: /default-rack, certSerialId: null, persistedOpState: IN_SERVICE, persistedOpStateExpiryEpochSec: 0}1ea1b0cd-ced3-45e8-8c40-55289e6aecfb{ip: 10.1.0.12, host: fv-az390-965.2udvygdcjcjuphbbpa4zxtqymb.gx.internal.cloudapp.net, ports: [REPLICATION=39949, RATIS=40525, RATIS_ADMIN=40525, RATIS_SERVER=40525, RATIS_DATASTREAM=40569, STANDALONE=34315], networkLocation: /default-rack, certSerialId: null, persistedOpState: IN_SERVICE, persistedOpStateExpiryEpochSec: 0}706a9b8c-4318-427e-9be3-8b37c9b0924f{ip: 10.1.0.12, host: fv-az390-965.2udvygdcjcjuphbbpa4zxtqymb.gx.internal.cloudapp.net, ports: [REPLICATION=44783, RATIS=45297, RATIS_ADMIN=45297, RATIS_SERVER=45297, RATIS_DATASTREAM=44379, STANDALONE=33343], networkLocation: /default-rack, certSerialId: null, persistedOpState: IN_SERVICE, persistedOpStateExpiryEpochSec: 0}, ReplicationConfig: RATIS/THREE, State:ALLOCATED, leaderId:, CreationTimestamp2023-01-08T22:30:43.925Z[Etc/UTC]].
2023-01-08 22:30:43,927 [RatisPipelineUtilsThread - 0] INFO  pipeline.PipelineManagerImpl (PipelineManagerImpl.java:recordMetricsForPipeline(826)) - Pipeline: PipelineID=1d76360a-f64d-4a32-9733-5a52cb9248ba contains same datanodes as previous pipelines: PipelineID=b8784cc6-8c04-4ac9-8856-4942502c2288 nodeIds: a5f0a7e4-4f3a-4f10-aa1a-af4297eff32d, 1ea1b0cd-ced3-45e8-8c40-55289e6aecfb, 706a9b8c-4318-427e-9be3-8b37c9b0924f
2023-01-08 22:30:43,929 [RatisPipelineUtilsThread - 0] WARN  pipeline.PipelinePlacementPolicy (PipelinePlacementPolicy.java:filterViableNodes(158)) - Pipeline creation failed due to no sufficient healthy datanodes. Required 3. Found 0.
2023-01-08 22:30:43,931 [RatisPipelineUtilsThread - 0] WARN  pipeline.PipelinePlacementPolicy (PipelinePlacementPolicy.java:filterViableNodes(158)) - Pipeline creation failed due to no sufficient healthy datanodes. Required 3. Found 0.
2023-01-08 22:30:44,260 [IPC Server handler 3 on default port 40749] INFO  net.NetworkTopologyImpl (NetworkTopologyImpl.java:add(112)) - Added a new node: /default-rack/d2cb6247-0f92-4e0f-9f0c-5b2ce80c0115
2023-01-08 22:30:44,262 [IPC Server handler 3 on default port 40749] INFO  node.SCMNodeManager (SCMNodeManager.java:register(397)) - Registered Data node : d2cb6247-0f92-4e0f-9f0c-5b2ce80c0115{ip: 10.1.0.12, host: fv-az390-965.2udvygdcjcjuphbbpa4zxtqymb.gx.internal.cloudapp.net, ports: [REPLICATION=38591, RATIS=40175, RATIS_ADMIN=40175, RATIS_SERVER=40175, RATIS_DATASTREAM=35007, STANDALONE=46877], networkLocation: /default-rack, certSerialId: null, persistedOpState: null, persistedOpStateExpiryEpochSec: 0}
2023-01-08 22:30:44,262 [EventQueue-NewNodeForNewNodeHandler] INFO  pipeline.BackgroundPipelineCreator (BackgroundPipelineCreator.java:notifyEventTriggered(276)) - trigger a one-shot run on RatisPipelineUtilsThread.
2023-01-08 22:30:44,264 [RatisPipelineUtilsThread - 0] INFO  pipeline.RatisPipelineProvider (RatisPipelineProvider.java:lambda$create$0(206)) - Sending CreatePipelineCommand for pipeline:PipelineID=70760bcd-2761-439c-a0b9-48e47426221d to datanode:d2cb6247-0f92-4e0f-9f0c-5b2ce80c0115
2023-01-08 22:30:44,266 [RatisPipelineUtilsThread - 0] INFO  pipeline.PipelineStateManagerImpl (PipelineStateManagerImpl.java:addPipeline(103)) - Created pipeline Pipeline[ Id: 70760bcd-2761-439c-a0b9-48e47426221d, Nodes: d2cb6247-0f92-4e0f-9f0c-5b2ce80c0115{ip: 10.1.0.12, host: fv-az390-965.2udvygdcjcjuphbbpa4zxtqymb.gx.internal.cloudapp.net, ports: [REPLICATION=38591, RATIS=40175, RATIS_ADMIN=40175, RATIS_SERVER=40175, RATIS_DATASTREAM=35007, STANDALONE=46877], networkLocation: /default-rack, certSerialId: null, persistedOpState: IN_SERVICE, persistedOpStateExpiryEpochSec: 0}, ReplicationConfig: RATIS/ONE, State:ALLOCATED, leaderId:, CreationTimestamp2023-01-08T22:30:44.264Z[Etc/UTC]].
2023-01-08 22:30:44,266 [RatisPipelineUtilsThread - 0] WARN  pipeline.PipelinePlacementPolicy (PipelinePlacementPolicy.java:filterViableNodes(158)) - Pipeline creation failed due to no sufficient healthy datanodes. Required 3. Found 1.
2023-01-08 22:30:44,321 [Listener at 127.0.0.1/33975] INFO  ozone.MiniOzoneClusterImpl (MiniOzoneClusterImpl.java:lambda$waitForClusterToBeReady$0(217)) - Waiting for nodes to be ready. Got 4 of 7 DN Heartbeats.
2023-01-08 22:30:44,322 [Listener at 127.0.0.1/33975] INFO  ozone.MiniOzoneClusterImpl (MiniOzoneClusterImpl.java:lambda$waitForClusterToBeReady$0(220)) - Waiting for cluster to exit safe mode
2023-01-08 22:30:44,322 [Listener at 127.0.0.1/33975] INFO  ozone.MiniOzoneClusterImpl (MiniOzoneClusterImpl.java:lambda$waitForClusterToBeReady$0(222)) - SCM became leader
2023-01-08 22:30:44,605 [IPC Server handler 5 on default port 40749] INFO  net.NetworkTopologyImpl (NetworkTopologyImpl.java:add(112)) - Added a new node: /default-rack/e7301f7c-5c47-48c7-9f47-e06452a04696
2023-01-08 22:30:44,606 [IPC Server handler 5 on default port 40749] INFO  node.SCMNodeManager (SCMNodeManager.java:register(397)) - Registered Data node : e7301f7c-5c47-48c7-9f47-e06452a04696{ip: 10.1.0.12, host: fv-az390-965.2udvygdcjcjuphbbpa4zxtqymb.gx.internal.cloudapp.net, ports: [REPLICATION=41061, RATIS=37583, RATIS_ADMIN=37583, RATIS_SERVER=37583, RATIS_DATASTREAM=38057, STANDALONE=39145], networkLocation: /default-rack, certSerialId: null, persistedOpState: null, persistedOpStateExpiryEpochSec: 0}
2023-01-08 22:30:44,606 [EventQueue-NewNodeForNewNodeHandler] INFO  pipeline.BackgroundPipelineCreator (BackgroundPipelineCreator.java:notifyEventTriggered(276)) - trigger a one-shot run on RatisPipelineUtilsThread.
2023-01-08 22:30:44,607 [RatisPipelineUtilsThread - 0] INFO  pipeline.RatisPipelineProvider (RatisPipelineProvider.java:lambda$create$0(206)) - Sending CreatePipelineCommand for pipeline:PipelineID=80ba83ca-6906-4832-b61e-6a284d3f9087 to datanode:e7301f7c-5c47-48c7-9f47-e06452a04696
2023-01-08 22:30:44,607 [RatisPipelineUtilsThread - 0] INFO  pipeline.PipelineStateManagerImpl (PipelineStateManagerImpl.java:addPipeline(103)) - Created pipeline Pipeline[ Id: 80ba83ca-6906-4832-b61e-6a284d3f9087, Nodes: e7301f7c-5c47-48c7-9f47-e06452a04696{ip: 10.1.0.12, host: fv-az390-965.2udvygdcjcjuphbbpa4zxtqymb.gx.internal.cloudapp.net, ports: [REPLICATION=41061, RATIS=37583, RATIS_ADMIN=37583, RATIS_SERVER=37583, RATIS_DATASTREAM=38057, STANDALONE=39145], networkLocation: /default-rack, certSerialId: null, persistedOpState: IN_SERVICE, persistedOpStateExpiryEpochSec: 0}, ReplicationConfig: RATIS/ONE, State:ALLOCATED, leaderId:, CreationTimestamp2023-01-08T22:30:44.606Z[Etc/UTC]].
2023-01-08 22:30:44,608 [RatisPipelineUtilsThread - 0] WARN  pipeline.PipelinePlacementPolicy (PipelinePlacementPolicy.java:filterViableNodes(158)) - Pipeline creation failed due to no sufficient healthy datanodes. Required 3. Found 2.
2023-01-08 22:30:44,937 [IPC Server handler 2 on default port 40749] INFO  net.NetworkTopologyImpl (NetworkTopologyImpl.java:add(112)) - Added a new node: /default-rack/739e0a5a-91fd-46ce-99c6-277f52566479
2023-01-08 22:30:44,938 [IPC Server handler 2 on default port 40749] INFO  node.SCMNodeManager (SCMNodeManager.java:register(397)) - Registered Data node : 739e0a5a-91fd-46ce-99c6-277f52566479{ip: 10.1.0.12, host: fv-az390-965.2udvygdcjcjuphbbpa4zxtqymb.gx.internal.cloudapp.net, ports: [REPLICATION=41845, RATIS=38543, RATIS_ADMIN=38543, RATIS_SERVER=38543, RATIS_DATASTREAM=44013, STANDALONE=37419], networkLocation: /default-rack, certSerialId: null, persistedOpState: null, persistedOpStateExpiryEpochSec: 0}
2023-01-08 22:30:44,938 [EventQueue-NewNodeForNewNodeHandler] INFO  pipeline.BackgroundPipelineCreator (BackgroundPipelineCreator.java:notifyEventTriggered(276)) - trigger a one-shot run on RatisPipelineUtilsThread.
2023-01-08 22:30:44,939 [RatisPipelineUtilsThread - 0] INFO  pipeline.RatisPipelineProvider (RatisPipelineProvider.java:lambda$create$0(206)) - Sending CreatePipelineCommand for pipeline:PipelineID=42e8088b-fb69-46a6-9677-984c2871f6b5 to datanode:739e0a5a-91fd-46ce-99c6-277f52566479
2023-01-08 22:30:44,940 [RatisPipelineUtilsThread - 0] INFO  pipeline.PipelineStateManagerImpl (PipelineStateManagerImpl.java:addPipeline(103)) - Created pipeline Pipeline[ Id: 42e8088b-fb69-46a6-9677-984c2871f6b5, Nodes: 739e0a5a-91fd-46ce-99c6-277f52566479{ip: 10.1.0.12, host: fv-az390-965.2udvygdcjcjuphbbpa4zxtqymb.gx.internal.cloudapp.net, ports: [REPLICATION=41845, RATIS=38543, RATIS_ADMIN=38543, RATIS_SERVER=38543, RATIS_DATASTREAM=44013, STANDALONE=37419], networkLocation: /default-rack, certSerialId: null, persistedOpState: IN_SERVICE, persistedOpStateExpiryEpochSec: 0}, ReplicationConfig: RATIS/ONE, State:ALLOCATED, leaderId:, CreationTimestamp2023-01-08T22:30:44.939Z[Etc/UTC]].
2023-01-08 22:30:44,941 [RatisPipelineUtilsThread - 0] INFO  pipeline.RatisPipelineProvider (RatisPipelineProvider.java:lambda$create$0(206)) - Sending CreatePipelineCommand for pipeline:PipelineID=5c5aa780-f240-45fc-8407-75f8889383a4 to datanode:739e0a5a-91fd-46ce-99c6-277f52566479
2023-01-08 22:30:44,941 [RatisPipelineUtilsThread - 0] INFO  pipeline.RatisPipelineProvider (RatisPipelineProvider.java:lambda$create$0(206)) - Sending CreatePipelineCommand for pipeline:PipelineID=5c5aa780-f240-45fc-8407-75f8889383a4 to datanode:e7301f7c-5c47-48c7-9f47-e06452a04696
2023-01-08 22:30:44,941 [RatisPipelineUtilsThread - 0] INFO  pipeline.RatisPipelineProvider (RatisPipelineProvider.java:lambda$create$0(206)) - Sending CreatePipelineCommand for pipeline:PipelineID=5c5aa780-f240-45fc-8407-75f8889383a4 to datanode:d2cb6247-0f92-4e0f-9f0c-5b2ce80c0115
2023-01-08 22:30:44,942 [RatisPipelineUtilsThread - 0] INFO  pipeline.PipelineStateManagerImpl (PipelineStateManagerImpl.java:addPipeline(103)) - Created pipeline Pipeline[ Id: 5c5aa780-f240-45fc-8407-75f8889383a4, Nodes: 739e0a5a-91fd-46ce-99c6-277f52566479{ip: 10.1.0.12, host: fv-az390-965.2udvygdcjcjuphbbpa4zxtqymb.gx.internal.cloudapp.net, ports: [REPLICATION=41845, RATIS=38543, RATIS_ADMIN=38543, RATIS_SERVER=38543, RATIS_DATASTREAM=44013, STANDALONE=37419], networkLocation: /default-rack, certSerialId: null, persistedOpState: IN_SERVICE, persistedOpStateExpiryEpochSec: 0}e7301f7c-5c47-48c7-9f47-e06452a04696{ip: 10.1.0.12, host: fv-az390-965.2udvygdcjcjuphbbpa4zxtqymb.gx.internal.cloudapp.net, ports: [REPLICATION=41061, RATIS=37583, RATIS_ADMIN=37583, RATIS_SERVER=37583, RATIS_DATASTREAM=38057, STANDALONE=39145], networkLocation: /default-rack, certSerialId: null, persistedOpState: IN_SERVICE, persistedOpStateExpiryEpochSec: 0}d2cb6247-0f92-4e0f-9f0c-5b2ce80c0115{ip: 10.1.0.12, host: fv-az390-965.2udvygdcjcjuphbbpa4zxtqymb.gx.internal.cloudapp.net, ports: [REPLICATION=38591, RATIS=40175, RATIS_ADMIN=40175, RATIS_SERVER=40175, RATIS_DATASTREAM=35007, STANDALONE=46877], networkLocation: /default-rack, certSerialId: null, persistedOpState: IN_SERVICE, persistedOpStateExpiryEpochSec: 0}, ReplicationConfig: RATIS/THREE, State:ALLOCATED, leaderId:, CreationTimestamp2023-01-08T22:30:44.941Z[Etc/UTC]].
2023-01-08 22:30:44,942 [RatisPipelineUtilsThread - 0] INFO  pipeline.RatisPipelineProvider (RatisPipelineProvider.java:lambda$create$0(206)) - Sending CreatePipelineCommand for pipeline:PipelineID=6c145882-b56c-480b-b8eb-160e0352a5aa to datanode:d2cb6247-0f92-4e0f-9f0c-5b2ce80c0115
2023-01-08 22:30:44,943 [RatisPipelineUtilsThread - 0] INFO  pipeline.RatisPipelineProvider (RatisPipelineProvider.java:lambda$create$0(206)) - Sending CreatePipelineCommand for pipeline:PipelineID=6c145882-b56c-480b-b8eb-160e0352a5aa to datanode:739e0a5a-91fd-46ce-99c6-277f52566479
2023-01-08 22:30:44,943 [RatisPipelineUtilsThread - 0] INFO  pipeline.RatisPipelineProvider (RatisPipelineProvider.java:lambda$create$0(206)) - Sending CreatePipelineCommand for pipeline:PipelineID=6c145882-b56c-480b-b8eb-160e0352a5aa to datanode:e7301f7c-5c47-48c7-9f47-e06452a04696
2023-01-08 22:30:44,943 [RatisPipelineUtilsThread - 0] INFO  pipeline.PipelineStateManagerImpl (PipelineStateManagerImpl.java:addPipeline(103)) - Created pipeline Pipeline[ Id: 6c145882-b56c-480b-b8eb-160e0352a5aa, Nodes: d2cb6247-0f92-4e0f-9f0c-5b2ce80c0115{ip: 10.1.0.12, host: fv-az390-965.2udvygdcjcjuphbbpa4zxtqymb.gx.internal.cloudapp.net, ports: [REPLICATION=38591, RATIS=40175, RATIS_ADMIN=40175, RATIS_SERVER=40175, RATIS_DATASTREAM=35007, STANDALONE=46877], networkLocation: /default-rack, certSerialId: null, persistedOpState: IN_SERVICE, persistedOpStateExpiryEpochSec: 0}739e0a5a-91fd-46ce-99c6-277f52566479{ip: 10.1.0.12, host: fv-az390-965.2udvygdcjcjuphbbpa4zxtqymb.gx.internal.cloudapp.net, ports: [REPLICATION=41845, RATIS=38543, RATIS_ADMIN=38543, RATIS_SERVER=38543, RATIS_DATASTREAM=44013, STANDALONE=37419], networkLocation: /default-rack, certSerialId: null, persistedOpState: IN_SERVICE, persistedOpStateExpiryEpochSec: 0}e7301f7c-5c47-48c7-9f47-e06452a04696{ip: 10.1.0.12, host: fv-az390-965.2udvygdcjcjuphbbpa4zxtqymb.gx.internal.cloudapp.net, ports: [REPLICATION=41061, RATIS=37583, RATIS_ADMIN=37583, RATIS_SERVER=37583, RATIS_DATASTREAM=38057, STANDALONE=39145], networkLocation: /default-rack, certSerialId: null, persistedOpState: IN_SERVICE, persistedOpStateExpiryEpochSec: 0}, ReplicationConfig: RATIS/THREE, State:ALLOCATED, leaderId:, CreationTimestamp2023-01-08T22:30:44.942Z[Etc/UTC]].
2023-01-08 22:30:44,944 [RatisPipelineUtilsThread - 0] INFO  pipeline.PipelineManagerImpl (PipelineManagerImpl.java:recordMetricsForPipeline(826)) - Pipeline: PipelineID=6c145882-b56c-480b-b8eb-160e0352a5aa contains same datanodes as previous pipelines: PipelineID=5c5aa780-f240-45fc-8407-75f8889383a4 nodeIds: d2cb6247-0f92-4e0f-9f0c-5b2ce80c0115, 739e0a5a-91fd-46ce-99c6-277f52566479, e7301f7c-5c47-48c7-9f47-e06452a04696
2023-01-08 22:30:44,944 [RatisPipelineUtilsThread - 0] WARN  pipeline.PipelinePlacementPolicy (PipelinePlacementPolicy.java:filterViableNodes(158)) - Pipeline creation failed due to no sufficient healthy datanodes. Required 3. Found 0.
2023-01-08 22:30:45,322 [Listener at 127.0.0.1/33975] INFO  ozone.MiniOzoneClusterImpl (MiniOzoneClusterImpl.java:lambda$waitForClusterToBeReady$0(217)) - Waiting for nodes to be ready. Got 6 of 7 DN Heartbeats.
2023-01-08 22:30:45,324 [Listener at 127.0.0.1/33975] INFO  ozone.MiniOzoneClusterImpl (MiniOzoneClusterImpl.java:lambda$waitForClusterToBeReady$0(220)) - Waiting for cluster to exit safe mode
2023-01-08 22:30:45,324 [Listener at 127.0.0.1/33975] INFO  ozone.MiniOzoneClusterImpl (MiniOzoneClusterImpl.java:lambda$waitForClusterToBeReady$0(222)) - SCM became leader
2023-01-08 22:30:45,331 [IPC Server handler 4 on default port 40749] INFO  net.NetworkTopologyImpl (NetworkTopologyImpl.java:add(112)) - Added a new node: /default-rack/39f95326-1d02-4f34-8c27-9b7148a80084
2023-01-08 22:30:45,331 [IPC Server handler 4 on default port 40749] INFO  node.SCMNodeManager (SCMNodeManager.java:register(397)) - Registered Data node : 39f95326-1d02-4f34-8c27-9b7148a80084{ip: 10.1.0.12, host: fv-az390-965.2udvygdcjcjuphbbpa4zxtqymb.gx.internal.cloudapp.net, ports: [REPLICATION=34171, RATIS=41611, RATIS_ADMIN=41611, RATIS_SERVER=41611, RATIS_DATASTREAM=40111, STANDALONE=35241], networkLocation: /default-rack, certSerialId: null, persistedOpState: null, persistedOpStateExpiryEpochSec: 0}
2023-01-08 22:30:45,331 [EventQueue-NewNodeForNewNodeHandler] INFO  pipeline.BackgroundPipelineCreator (BackgroundPipelineCreator.java:notifyEventTriggered(276)) - trigger a one-shot run on RatisPipelineUtilsThread.
2023-01-08 22:30:45,332 [RatisPipelineUtilsThread - 0] INFO  pipeline.RatisPipelineProvider (RatisPipelineProvider.java:lambda$create$0(206)) - Sending CreatePipelineCommand for pipeline:PipelineID=34f36651-33af-4f00-b826-5d33229133d1 to datanode:39f95326-1d02-4f34-8c27-9b7148a80084
2023-01-08 22:30:45,333 [RatisPipelineUtilsThread - 0] INFO  pipeline.PipelineStateManagerImpl (PipelineStateManagerImpl.java:addPipeline(103)) - Created pipeline Pipeline[ Id: 34f36651-33af-4f00-b826-5d33229133d1, Nodes: 39f95326-1d02-4f34-8c27-9b7148a80084{ip: 10.1.0.12, host: fv-az390-965.2udvygdcjcjuphbbpa4zxtqymb.gx.internal.cloudapp.net, ports: [REPLICATION=34171, RATIS=41611, RATIS_ADMIN=41611, RATIS_SERVER=41611, RATIS_DATASTREAM=40111, STANDALONE=35241], networkLocation: /default-rack, certSerialId: null, persistedOpState: IN_SERVICE, persistedOpStateExpiryEpochSec: 0}, ReplicationConfig: RATIS/ONE, State:ALLOCATED, leaderId:, CreationTimestamp2023-01-08T22:30:45.332Z[Etc/UTC]].
2023-01-08 22:30:45,333 [RatisPipelineUtilsThread - 0] WARN  pipeline.PipelinePlacementPolicy (PipelinePlacementPolicy.java:filterViableNodes(158)) - Pipeline creation failed due to no sufficient healthy datanodes. Required 3. Found 1.
2023-01-08 22:30:45,952 [Command processor thread] INFO  server.RaftServer (RaftServerProxy.java:addNew(96)) - 706a9b8c-4318-427e-9be3-8b37c9b0924f: addNew group-F189E82036D4:[706a9b8c-4318-427e-9be3-8b37c9b0924f|rpc:10.1.0.12:45297|dataStream:10.1.0.12:44379|priority:1|startupRole:FOLLOWER] returns group-F189E82036D4:java.util.concurrent.CompletableFuture@51fabb29[Not completed]
2023-01-08 22:30:45,969 [pool-71-thread-1] INFO  server.RaftServer$Division (RaftServerImpl.java:<init>(195)) - 706a9b8c-4318-427e-9be3-8b37c9b0924f: new RaftServerImpl for group-F189E82036D4:[706a9b8c-4318-427e-9be3-8b37c9b0924f|rpc:10.1.0.12:45297|dataStream:10.1.0.12:44379|priority:1|startupRole:FOLLOWER] with ContainerStateMachine:uninitialized
2023-01-08 22:30:45,969 [pool-71-thread-1] INFO  server.RaftServerConfigKeys (ConfUtils.java:logGet(46)) - raft.server.rpc.timeout.min = 5s (custom)
2023-01-08 22:30:45,969 [pool-71-thread-1] INFO  server.RaftServerConfigKeys (ConfUtils.java:logGet(46)) - raft.server.rpc.timeout.max = 5200ms (custom)
2023-01-08 22:30:45,969 [pool-71-thread-1] INFO  server.RaftServerConfigKeys (ConfUtils.java:logGet(46)) - raft.server.rpc.sleep.time = 25ms (default)
2023-01-08 22:30:45,969 [pool-71-thread-1] INFO  server.RaftServerConfigKeys (ConfUtils.java:logGet(46)) - raft.server.rpc.slowness.timeout = 300s (custom)
2023-01-08 22:30:45,969 [pool-71-thread-1] INFO  server.RaftServerConfigKeys (ConfUtils.java:logGet(46)) - raft.server.leaderelection.leader.step-down.wait-time = 10s (default)
2023-01-08 22:30:45,969 [pool-71-thread-1] INFO  server.RaftServerConfigKeys (ConfUtils.java:logGet(46)) - raft.server.sleep.deviation.threshold = 300ms (default)
2023-01-08 22:30:45,971 [pool-71-thread-1] INFO  server.RaftServer$Division (ServerState.java:<init>(118)) - 706a9b8c-4318-427e-9be3-8b37c9b0924f@group-F189E82036D4: ConfigurationManager, init=-1: peers:[706a9b8c-4318-427e-9be3-8b37c9b0924f|rpc:10.1.0.12:45297|dataStream:10.1.0.12:44379|priority:1|startupRole:FOLLOWER]|listeners:[], old=null, confs=<EMPTY_MAP>
2023-01-08 22:30:45,971 [pool-71-thread-1] INFO  server.RaftServerConfigKeys (ConfUtils.java:logGet(46)) - raft.server.storage.dir = [/home/runner/work/ozone/ozone/hadoop-ozone/integration-test/target/test-dir/MiniOzoneClusterImpl-3463507a-8a94-4be2-9691-6a94fb394e4a/datanode-0/data/ratis] (custom)
2023-01-08 22:30:45,971 [pool-71-thread-1] INFO  server.RaftServerConfigKeys (ConfUtils.java:logGet(46)) - raft.server.log.corruption.policy = EXCEPTION (default)
2023-01-08 22:30:45,971 [pool-71-thread-1] INFO  server.RaftServerConfigKeys (ConfUtils.java:logGet(46)) - raft.server.storage.free-space.min = 0MB (=0) (default)
2023-01-08 22:30:45,971 [pool-71-thread-1] INFO  server.RaftServerConfigKeys (ConfUtils.java:logGet(46)) - raft.server.notification.no-leader.timeout = 300s (custom)
2023-01-08 22:30:45,972 [pool-71-thread-1] INFO  server.RaftServerConfigKeys (ConfUtils.java:logGet(46)) - raft.server.retrycache.expirytime = 600000ms (custom)
2023-01-08 22:30:45,972 [pool-71-thread-1] INFO  server.RaftServerConfigKeys (ConfUtils.java:logGet(46)) - raft.server.retrycache.statistics.expirytime = 100μs (default)
2023-01-08 22:30:45,977 [pool-71-thread-1] INFO  server.RaftServerConfigKeys (ConfUtils.java:logGet(46)) - raft.server.log.appender.install.snapshot.enabled = false (custom)
2023-01-08 22:30:45,977 [pool-71-thread-1] INFO  server.RaftServerConfigKeys (ConfUtils.java:logGet(46)) - raft.server.threadpool.server.cached = true (default)
2023-01-08 22:30:45,977 [pool-71-thread-1] INFO  server.RaftServerConfigKeys (ConfUtils.java:logGet(46)) - raft.server.threadpool.server.size = 0 (default)
2023-01-08 22:30:45,977 [pool-71-thread-1] INFO  server.RaftServerConfigKeys (ConfUtils.java:logGet(46)) - raft.server.threadpool.client.cached = true (default)
2023-01-08 22:30:45,977 [pool-71-thread-1] INFO  server.RaftServerConfigKeys (ConfUtils.java:logGet(46)) - raft.server.threadpool.client.size = 0 (default)
2023-01-08 22:30:45,977 [pool-71-thread-1] INFO  storage.RaftStorageDirectory (RaftStorageDirectoryImpl.java:analyzeStorage(137)) - The storage directory /home/runner/work/ozone/ozone/hadoop-ozone/integration-test/target/test-dir/MiniOzoneClusterImpl-3463507a-8a94-4be2-9691-6a94fb394e4a/datanode-0/data/ratis/b92f29c7-763c-4b50-a758-f189e82036d4 does not exist. Creating ...
2023-01-08 22:30:45,983 [pool-71-thread-1] INFO  storage.RaftStorageDirectory (RaftStorageDirectoryImpl.java:tryLock(231)) - Lock on /home/runner/work/ozone/ozone/hadoop-ozone/integration-test/target/test-dir/MiniOzoneClusterImpl-3463507a-8a94-4be2-9691-6a94fb394e4a/datanode-0/data/ratis/b92f29c7-763c-4b50-a758-f189e82036d4/in_use.lock acquired by nodename 69525@fv-az390-965
2023-01-08 22:30:45,986 [pool-71-thread-1] INFO  storage.RaftStorage (RaftStorageImpl.java:format(96)) - Storage directory /home/runner/work/ozone/ozone/hadoop-ozone/integration-test/target/test-dir/MiniOzoneClusterImpl-3463507a-8a94-4be2-9691-6a94fb394e4a/datanode-0/data/ratis/b92f29c7-763c-4b50-a758-f189e82036d4 has been successfully formatted.
2023-01-08 22:30:45,992 [pool-71-thread-1] INFO  ratis.ContainerStateMachine (ContainerStateMachine.java:loadSnapshot(240)) - group-F189E82036D4: The snapshot info is null. Setting the last applied indexto:(t:0, i:~)
2023-01-08 22:30:45,992 [pool-71-thread-1] INFO  server.RaftServerConfigKeys (ConfUtils.java:logGet(46)) - raft.server.log.use.memory = false (default)
2023-01-08 22:30:45,992 [pool-71-thread-1] INFO  server.RaftServerConfigKeys (ConfUtils.java:logGet(46)) - raft.server.log.purge.gap = 1000000 (custom)
2023-01-08 22:30:45,993 [pool-71-thread-1] INFO  server.RaftServerConfigKeys (ConfUtils.java:logGet(46)) - raft.server.log.appender.buffer.byte-limit = 33554432 (custom)
2023-01-08 22:30:45,993 [pool-71-thread-1] INFO  server.RaftServerConfigKeys (ConfUtils.java:logGet(46)) - raft.server.log.statemachine.data.read.timeout = 1000ms (default)
2023-01-08 22:30:45,993 [pool-71-thread-1] INFO  server.RaftServerConfigKeys (ConfUtils.java:logGet(46)) - raft.server.log.purge.preservation.log.num = 0 (default)
2023-01-08 22:30:45,993 [pool-71-thread-1] INFO  server.RaftServerConfigKeys (ConfUtils.java:logGet(46)) - raft.server.log.segment.size.max = 1048576 (custom)
2023-01-08 22:30:45,995 [pool-71-thread-1] INFO  server.RaftServerConfigKeys (ConfUtils.java:logGet(46)) - raft.server.log.segment.cache.num.max = 2 (custom)
2023-01-08 22:30:45,995 [pool-71-thread-1] INFO  server.RaftServerConfigKeys (ConfUtils.java:logGet(46)) - raft.server.log.segment.cache.size.max = 200MB (=209715200) (default)
2023-01-08 22:30:45,995 [pool-71-thread-1] INFO  segmented.SegmentedRaftLogWorker (SegmentedRaftLogWorker.java:<init>(189)) - new 706a9b8c-4318-427e-9be3-8b37c9b0924f@group-F189E82036D4-SegmentedRaftLogWorker for RaftStorageImpl:Storage Directory /home/runner/work/ozone/ozone/hadoop-ozone/integration-test/target/test-dir/MiniOzoneClusterImpl-3463507a-8a94-4be2-9691-6a94fb394e4a/datanode-0/data/ratis/b92f29c7-763c-4b50-a758-f189e82036d4
2023-01-08 22:30:45,995 [pool-71-thread-1] INFO  server.RaftServerConfigKeys (ConfUtils.java:logGet(46)) - raft.server.log.queue.byte-limit = 4294967296 (custom)
2023-01-08 22:30:45,995 [pool-71-thread-1] INFO  server.RaftServerConfigKeys (ConfUtils.java:logGet(46)) - raft.server.log.queue.element-limit = 1024 (custom)
2023-01-08 22:30:45,996 [pool-71-thread-1] INFO  server.RaftServerConfigKeys (ConfUtils.java:logGet(46)) - raft.server.log.segment.size.max = 1048576 (custom)
2023-01-08 22:30:45,996 [pool-71-thread-1] INFO  server.RaftServerConfigKeys (ConfUtils.java:logGet(46)) - raft.server.log.preallocated.size = 16384 (custom)
2023-01-08 22:30:45,996 [pool-71-thread-1] INFO  server.RaftServerConfigKeys (ConfUtils.java:logGet(46)) - raft.server.log.force.sync.num = 128 (default)
2023-01-08 22:30:45,996 [pool-71-thread-1] INFO  server.RaftServerConfigKeys (ConfUtils.java:logGet(46)) - raft.server.log.statemachine.data.sync = true (default)
2023-01-08 22:30:45,996 [pool-71-thread-1] INFO  server.RaftServerConfigKeys (ConfUtils.java:logGet(46)) - raft.server.log.statemachine.data.sync.timeout = 10s (default)
2023-01-08 22:30:45,996 [pool-71-thread-1] INFO  server.RaftServerConfigKeys (ConfUtils.java:logGet(46)) - raft.server.log.statemachine.data.sync.timeout.retry = -1 (default)
2023-01-08 22:30:46,003 [pool-71-thread-1] INFO  server.RaftServerConfigKeys (ConfUtils.java:logGet(46)) - raft.server.log.write.buffer.size = 1048576 (custom)
2023-01-08 22:30:46,004 [pool-71-thread-1] INFO  server.RaftServerConfigKeys (ConfUtils.java:logGet(46)) - raft.server.log.appender.buffer.byte-limit = 33554432 (custom)
2023-01-08 22:30:46,009 [pool-71-thread-1] INFO  server.RaftServerConfigKeys (ConfUtils.java:logGet(46)) - raft.server.log.unsafe-flush.enabled = false (default)
2023-01-08 22:30:46,009 [pool-71-thread-1] INFO  server.RaftServerConfigKeys (ConfUtils.java:logGet(46)) - raft.server.log.async-flush.enabled = false (default)
2023-01-08 22:30:46,009 [pool-71-thread-1] INFO  server.RaftServerConfigKeys (ConfUtils.java:logGet(46)) - raft.server.log.statemachine.data.caching.enabled = true (custom)
2023-01-08 22:30:46,009 [pool-71-thread-1] INFO  segmented.SegmentedRaftLogWorker (SegmentedRaftLogWorker.java:lambda$new$0(135)) - 706a9b8c-4318-427e-9be3-8b37c9b0924f@group-F189E82036D4-SegmentedRaftLogWorker: flushIndex: setUnconditionally 0 -> -1
2023-01-08 22:30:46,010 [pool-71-thread-1] INFO  segmented.SegmentedRaftLogWorker (SegmentedRaftLogWorker.java:lambda$new$0(135)) - 706a9b8c-4318-427e-9be3-8b37c9b0924f@group-F189E82036D4-SegmentedRaftLogWorker: safeCacheEvictIndex: setUnconditionally 0 -> -1
2023-01-08 22:30:46,010 [pool-71-thread-1] INFO  server.RaftServer$Division (RaftServerImpl.java:start(334)) - 706a9b8c-4318-427e-9be3-8b37c9b0924f@group-F189E82036D4: start as a follower, conf=-1: peers:[706a9b8c-4318-427e-9be3-8b37c9b0924f|rpc:10.1.0.12:45297|dataStream:10.1.0.12:44379|priority:1|startupRole:FOLLOWER]|listeners:[], old=null
2023-01-08 22:30:46,010 [pool-71-thread-1] INFO  server.RaftServer$Division (RaftServerImpl.java:setRole(321)) - 706a9b8c-4318-427e-9be3-8b37c9b0924f@group-F189E82036D4: changes role from      null to FOLLOWER at term 0 for startAsFollower
2023-01-08 22:30:46,010 [pool-71-thread-1] INFO  impl.RoleInfo (RoleInfo.java:updateAndGet(139)) - 706a9b8c-4318-427e-9be3-8b37c9b0924f: start 706a9b8c-4318-427e-9be3-8b37c9b0924f@group-F189E82036D4-FollowerState
2023-01-08 22:30:46,010 [pool-71-thread-1] INFO  util.JmxRegister (JmxRegister.java:tryRegister(44)) - Successfully registered JMX Bean with object name Ratis:service=RaftServer,group=group-F189E82036D4,id=706a9b8c-4318-427e-9be3-8b37c9b0924f
2023-01-08 22:30:46,011 [pool-71-thread-1] INFO  server.RaftServerConfigKeys (ConfUtils.java:logGet(46)) - raft.server.snapshot.auto.trigger.enabled = true (custom)
2023-01-08 22:30:46,011 [pool-71-thread-1] INFO  server.RaftServerConfigKeys (ConfUtils.java:logGet(46)) - raft.server.snapshot.auto.trigger.threshold = 10000 (custom)
2023-01-08 22:30:46,011 [pool-71-thread-1] INFO  server.RaftServerConfigKeys (ConfUtils.java:logGet(46)) - raft.server.snapshot.retention.file.num = 5 (custom)
2023-01-08 22:30:46,011 [pool-71-thread-1] INFO  server.RaftServerConfigKeys (ConfUtils.java:logGet(46)) - raft.server.log.purge.upto.snapshot.index = false (default)
2023-01-08 22:30:46,024 [706a9b8c-4318-427e-9be3-8b37c9b0924f@group-F189E82036D4-FollowerState] INFO  server.RaftServerConfigKeys (ConfUtils.java:logFallback(53)) - raft.server.rpc.first-election.timeout.min = 5s (fallback to raft.server.rpc.timeout.min)
2023-01-08 22:30:46,024 [706a9b8c-4318-427e-9be3-8b37c9b0924f@group-F189E82036D4-FollowerState] INFO  server.RaftServerConfigKeys (ConfUtils.java:logFallback(53)) - raft.server.rpc.first-election.timeout.max = 5200ms (fallback to raft.server.rpc.timeout.max)
2023-01-08 22:30:46,027 [EventQueue-PipelineReportForPipelineReportHandler] INFO  pipeline.PipelineManagerImpl (PipelineManagerImpl.java:openPipeline(367)) - Pipeline Pipeline[ Id: b92f29c7-763c-4b50-a758-f189e82036d4, Nodes: 706a9b8c-4318-427e-9be3-8b37c9b0924f{ip: 10.1.0.12, host: fv-az390-965.2udvygdcjcjuphbbpa4zxtqymb.gx.internal.cloudapp.net, ports: [REPLICATION=44783, RATIS=45297, RATIS_ADMIN=45297, RATIS_SERVER=45297, RATIS_DATASTREAM=44379, STANDALONE=33343], networkLocation: /default-rack, certSerialId: null, persistedOpState: IN_SERVICE, persistedOpStateExpiryEpochSec: 0}, ReplicationConfig: RATIS/ONE, State:ALLOCATED, leaderId:706a9b8c-4318-427e-9be3-8b37c9b0924f, CreationTimestamp2023-01-08T22:30:42.973Z[Etc/UTC]] moved to OPEN state
2023-01-08 22:30:46,037 [Command processor thread] INFO  ratis.XceiverServerRatis (XceiverServerRatis.java:addGroup(806)) - Created group PipelineID=b92f29c7-763c-4b50-a758-f189e82036d4
2023-01-08 22:30:46,038 [Command processor thread] INFO  commandhandler.CreatePipelineCommandHandler (CreatePipelineCommandHandler.java:handle(113)) - Created Pipeline RATIS ONE PipelineID=b92f29c7-763c-4b50-a758-f189e82036d4.
2023-01-08 22:30:46,038 [Command processor thread] INFO  server.RaftServer (RaftServerProxy.java:addNew(96)) - 706a9b8c-4318-427e-9be3-8b37c9b0924f: addNew group-4942502C2288:[1ea1b0cd-ced3-45e8-8c40-55289e6aecfb|rpc:10.1.0.12:40525|dataStream:10.1.0.12:40569|priority:0|startupRole:FOLLOWER, a5f0a7e4-4f3a-4f10-aa1a-af4297eff32d|rpc:10.1.0.12:33221|dataStream:10.1.0.12:37417|priority:1|startupRole:FOLLOWER, 706a9b8c-4318-427e-9be3-8b37c9b0924f|rpc:10.1.0.12:45297|dataStream:10.1.0.12:44379|priority:0|startupRole:FOLLOWER] returns group-4942502C2288:java.util.concurrent.CompletableFuture@5b988813[Not completed]
2023-01-08 22:30:46,040 [pool-71-thread-1] INFO  server.RaftServer$Division (RaftServerImpl.java:<init>(195)) - 706a9b8c-4318-427e-9be3-8b37c9b0924f: new RaftServerImpl for group-4942502C2288:[1ea1b0cd-ced3-45e8-8c40-55289e6aecfb|rpc:10.1.0.12:40525|dataStream:10.1.0.12:40569|priority:0|startupRole:FOLLOWER, a5f0a7e4-4f3a-4f10-aa1a-af4297eff32d|rpc:10.1.0.12:33221|dataStream:10.1.0.12:37417|priority:1|startupRole:FOLLOWER, 706a9b8c-4318-427e-9be3-8b37c9b0924f|rpc:10.1.0.12:45297|dataStream:10.1.0.12:44379|priority:0|startupRole:FOLLOWER] with ContainerStateMachine:uninitialized
2023-01-08 22:30:46,050 [pool-71-thread-1] INFO  server.RaftServerConfigKeys (ConfUtils.java:logGet(46)) - raft.server.rpc.timeout.min = 5s (custom)
2023-01-08 22:30:46,051 [pool-71-thread-1] INFO  server.RaftServerConfigKeys (ConfUtils.java:logGet(46)) - raft.server.rpc.timeout.max = 5200ms (custom)
2023-01-08 22:30:46,051 [pool-71-thread-1] INFO  server.RaftServerConfigKeys (ConfUtils.java:logGet(46)) - raft.server.rpc.sleep.time = 25ms (default)
2023-01-08 22:30:46,051 [pool-71-thread-1] INFO  server.RaftServerConfigKeys (ConfUtils.java:logGet(46)) - raft.server.rpc.slowness.timeout = 300s (custom)
2023-01-08 22:30:46,051 [pool-71-thread-1] INFO  server.RaftServerConfigKeys (ConfUtils.java:logGet(46)) - raft.server.leaderelection.leader.step-down.wait-time = 10s (default)
2023-01-08 22:30:46,051 [pool-71-thread-1] INFO  server.RaftServerConfigKeys (ConfUtils.java:logGet(46)) - raft.server.sleep.deviation.threshold = 300ms (default)
2023-01-08 22:30:46,051 [pool-71-thread-1] INFO  server.RaftServer$Division (ServerState.java:<init>(118)) - 706a9b8c-4318-427e-9be3-8b37c9b0924f@group-4942502C2288: ConfigurationManager, init=-1: peers:[1ea1b0cd-ced3-45e8-8c40-55289e6aecfb|rpc:10.1.0.12:40525|dataStream:10.1.0.12:40569|priority:0|startupRole:FOLLOWER, a5f0a7e4-4f3a-4f10-aa1a-af4297eff32d|rpc:10.1.0.12:33221|dataStream:10.1.0.12:37417|priority:1|startupRole:FOLLOWER, 706a9b8c-4318-427e-9be3-8b37c9b0924f|rpc:10.1.0.12:45297|dataStream:10.1.0.12:44379|priority:0|startupRole:FOLLOWER]|listeners:[], old=null, confs=<EMPTY_MAP>
2023-01-08 22:30:46,051 [pool-71-thread-1] INFO  server.RaftServerConfigKeys (ConfUtils.java:logGet(46)) - raft.server.storage.dir = [/home/runner/work/ozone/ozone/hadoop-ozone/integration-test/target/test-dir/MiniOzoneClusterImpl-3463507a-8a94-4be2-9691-6a94fb394e4a/datanode-0/data/ratis] (custom)
2023-01-08 22:30:46,051 [pool-71-thread-1] INFO  server.RaftServerConfigKeys (ConfUtils.java:logGet(46)) - raft.server.log.corruption.policy = EXCEPTION (default)
2023-01-08 22:30:46,051 [pool-71-thread-1] INFO  server.RaftServerConfigKeys (ConfUtils.java:logGet(46)) - raft.server.storage.free-space.min = 0MB (=0) (default)
2023-01-08 22:30:46,051 [pool-71-thread-1] INFO  server.RaftServerConfigKeys (ConfUtils.java:logGet(46)) - raft.server.notification.no-leader.timeout = 300s (custom)
2023-01-08 22:30:46,051 [pool-71-thread-1] INFO  server.RaftServerConfigKeys (ConfUtils.java:logGet(46)) - raft.server.retrycache.expirytime = 600000ms (custom)
2023-01-08 22:30:46,051 [pool-71-thread-1] INFO  server.RaftServerConfigKeys (ConfUtils.java:logGet(46)) - raft.server.retrycache.statistics.expirytime = 100μs (default)
2023-01-08 22:30:46,050 [EventQueue-OpenPipelineForHealthyPipelineSafeModeRule] INFO  safemode.SCMSafeModeManager (HealthyPipelineSafeModeRule.java:process(137)) - SCM in safe mode. Healthy pipelines reported count is 0, required healthy pipeline reported count is 1
2023-01-08 22:30:46,057 [pool-71-thread-1] INFO  server.RaftServerConfigKeys (ConfUtils.java:logGet(46)) - raft.server.log.appender.install.snapshot.enabled = false (custom)
2023-01-08 22:30:46,061 [pool-71-thread-1] INFO  server.RaftServerConfigKeys (ConfUtils.java:logGet(46)) - raft.server.threadpool.server.cached = true (default)
2023-01-08 22:30:46,061 [pool-71-thread-1] INFO  server.RaftServerConfigKeys (ConfUtils.java:logGet(46)) - raft.server.threadpool.server.size = 0 (default)
2023-01-08 22:30:46,061 [pool-71-thread-1] INFO  server.RaftServerConfigKeys (ConfUtils.java:logGet(46)) - raft.server.threadpool.client.cached = true (default)
2023-01-08 22:30:46,061 [pool-71-thread-1] INFO  server.RaftServerConfigKeys (ConfUtils.java:logGet(46)) - raft.server.threadpool.client.size = 0 (default)
2023-01-08 22:30:46,062 [pool-71-thread-1] INFO  storage.RaftStorageDirectory (RaftStorageDirectoryImpl.java:analyzeStorage(137)) - The storage directory /home/runner/work/ozone/ozone/hadoop-ozone/integration-test/target/test-dir/MiniOzoneClusterImpl-3463507a-8a94-4be2-9691-6a94fb394e4a/datanode-0/data/ratis/b8784cc6-8c04-4ac9-8856-4942502c2288 does not exist. Creating ...
2023-01-08 22:30:46,063 [pool-71-thread-1] INFO  storage.RaftStorageDirectory (RaftStorageDirectoryImpl.java:tryLock(231)) - Lock on /home/runner/work/ozone/ozone/hadoop-ozone/integration-test/target/test-dir/MiniOzoneClusterImpl-3463507a-8a94-4be2-9691-6a94fb394e4a/datanode-0/data/ratis/b8784cc6-8c04-4ac9-8856-4942502c2288/in_use.lock acquired by nodename 69525@fv-az390-965
2023-01-08 22:30:46,064 [pool-71-thread-1] INFO  storage.RaftStorage (RaftStorageImpl.java:format(96)) - Storage directory /home/runner/work/ozone/ozone/hadoop-ozone/integration-test/target/test-dir/MiniOzoneClusterImpl-3463507a-8a94-4be2-9691-6a94fb394e4a/datanode-0/data/ratis/b8784cc6-8c04-4ac9-8856-4942502c2288 has been successfully formatted.
2023-01-08 22:30:46,064 [pool-71-thread-1] INFO  ratis.ContainerStateMachine (ContainerStateMachine.java:loadSnapshot(240)) - group-4942502C2288: The snapshot info is null. Setting the last applied indexto:(t:0, i:~)
2023-01-08 22:30:46,065 [pool-71-thread-1] INFO  server.RaftServerConfigKeys (ConfUtils.java:logGet(46)) - raft.server.log.use.memory = false (default)
2023-01-08 22:30:46,065 [pool-71-thread-1] INFO  server.RaftServerConfigKeys (ConfUtils.java:logGet(46)) - raft.server.log.purge.gap = 1000000 (custom)
2023-01-08 22:30:46,065 [pool-71-thread-1] INFO  server.RaftServerConfigKeys (ConfUtils.java:logGet(46)) - raft.server.log.appender.buffer.byte-limit = 33554432 (custom)
2023-01-08 22:30:46,066 [pool-71-thread-1] INFO  server.RaftServerConfigKeys (ConfUtils.java:logGet(46)) - raft.server.log.statemachine.data.read.timeout = 1000ms (default)
2023-01-08 22:30:46,067 [pool-71-thread-1] INFO  server.RaftServerConfigKeys (ConfUtils.java:logGet(46)) - raft.server.log.purge.preservation.log.num = 0 (default)
2023-01-08 22:30:46,067 [pool-71-thread-1] INFO  server.RaftServerConfigKeys (ConfUtils.java:logGet(46)) - raft.server.log.segment.size.max = 1048576 (custom)
2023-01-08 22:30:46,067 [EventQueue-OpenPipelineForHealthyPipelineSafeModeRule] INFO  safemode.SCMSafeModeManager (HealthyPipelineSafeModeRule.java:process(137)) - SCM in safe mode. Healthy pipelines reported count is 0, required healthy pipeline reported count is 1
2023-01-08 22:30:46,068 [pool-71-thread-1] INFO  server.RaftServerConfigKeys (ConfUtils.java:logGet(46)) - raft.server.log.segment.cache.num.max = 2 (custom)
2023-01-08 22:30:46,068 [pool-71-thread-1] INFO  server.RaftServerConfigKeys (ConfUtils.java:logGet(46)) - raft.server.log.segment.cache.size.max = 200MB (=209715200) (default)
2023-01-08 22:30:46,068 [pool-71-thread-1] INFO  segmented.SegmentedRaftLogWorker (SegmentedRaftLogWorker.java:<init>(189)) - new 706a9b8c-4318-427e-9be3-8b37c9b0924f@group-4942502C2288-SegmentedRaftLogWorker for RaftStorageImpl:Storage Directory /home/runner/work/ozone/ozone/hadoop-ozone/integration-test/target/test-dir/MiniOzoneClusterImpl-3463507a-8a94-4be2-9691-6a94fb394e4a/datanode-0/data/ratis/b8784cc6-8c04-4ac9-8856-4942502c2288
2023-01-08 22:30:46,069 [pool-71-thread-1] INFO  server.RaftServerConfigKeys (ConfUtils.java:logGet(46)) - raft.server.log.queue.byte-limit = 4294967296 (custom)
2023-01-08 22:30:46,069 [pool-71-thread-1] INFO  server.RaftServerConfigKeys (ConfUtils.java:logGet(46)) - raft.server.log.queue.element-limit = 1024 (custom)
2023-01-08 22:30:46,069 [pool-71-thread-1] INFO  server.RaftServerConfigKeys (ConfUtils.java:logGet(46)) - raft.server.log.segment.size.max = 1048576 (custom)
2023-01-08 22:30:46,069 [pool-71-thread-1] INFO  server.RaftServerConfigKeys (ConfUtils.java:logGet(46)) - raft.server.log.preallocated.size = 16384 (custom)
2023-01-08 22:30:46,069 [pool-71-thread-1] INFO  server.RaftServerConfigKeys (ConfUtils.java:logGet(46)) - raft.server.log.force.sync.num = 128 (default)
2023-01-08 22:30:46,069 [pool-71-thread-1] INFO  server.RaftServerConfigKeys (ConfUtils.java:logGet(46)) - raft.server.log.statemachine.data.sync = true (default)
2023-01-08 22:30:46,069 [pool-71-thread-1] INFO  server.RaftServerConfigKeys (ConfUtils.java:logGet(46)) - raft.server.log.statemachine.data.sync.timeout = 10s (default)
2023-01-08 22:30:46,069 [pool-71-thread-1] INFO  server.RaftServerConfigKeys (ConfUtils.java:logGet(46)) - raft.server.log.statemachine.data.sync.timeout.retry = -1 (default)
2023-01-08 22:30:46,070 [pool-71-thread-1] INFO  server.RaftServerConfigKeys (ConfUtils.java:logGet(46)) - raft.server.log.write.buffer.size = 1048576 (custom)
2023-01-08 22:30:46,070 [pool-71-thread-1] INFO  server.RaftServerConfigKeys (ConfUtils.java:logGet(46)) - raft.server.log.appender.buffer.byte-limit = 33554432 (custom)
2023-01-08 22:30:46,077 [pool-71-thread-1] INFO  server.RaftServerConfigKeys (ConfUtils.java:logGet(46)) - raft.server.log.unsafe-flush.enabled = false (default)
2023-01-08 22:30:46,077 [pool-71-thread-1] INFO  server.RaftServerConfigKeys (ConfUtils.java:logGet(46)) - raft.server.log.async-flush.enabled = false (default)
2023-01-08 22:30:46,077 [pool-71-thread-1] INFO  server.RaftServerConfigKeys (ConfUtils.java:logGet(46)) - raft.server.log.statemachine.data.caching.enabled = true (custom)
2023-01-08 22:30:46,078 [pool-71-thread-1] INFO  segmented.SegmentedRaftLogWorker (SegmentedRaftLogWorker.java:lambda$new$0(135)) - 706a9b8c-4318-427e-9be3-8b37c9b0924f@group-4942502C2288-SegmentedRaftLogWorker: flushIndex: setUnconditionally 0 -> -1
2023-01-08 22:30:46,078 [pool-71-thread-1] INFO  segmented.SegmentedRaftLogWorker (SegmentedRaftLogWorker.java:lambda$new$0(135)) - 706a9b8c-4318-427e-9be3-8b37c9b0924f@group-4942502C2288-SegmentedRaftLogWorker: safeCacheEvictIndex: setUnconditionally 0 -> -1
2023-01-08 22:30:46,078 [pool-71-thread-1] INFO  server.RaftServer$Division (RaftServerImpl.java:start(334)) - 706a9b8c-4318-427e-9be3-8b37c9b0924f@group-4942502C2288: start as a follower, conf=-1: peers:[1ea1b0cd-ced3-45e8-8c40-55289e6aecfb|rpc:10.1.0.12:40525|dataStream:10.1.0.12:40569|priority:0|startupRole:FOLLOWER, a5f0a7e4-4f3a-4f10-aa1a-af4297eff32d|rpc:10.1.0.12:33221|dataStream:10.1.0.12:37417|priority:1|startupRole:FOLLOWER, 706a9b8c-4318-427e-9be3-8b37c9b0924f|rpc:10.1.0.12:45297|dataStream:10.1.0.12:44379|priority:0|startupRole:FOLLOWER]|listeners:[], old=null
2023-01-08 22:30:46,078 [pool-71-thread-1] INFO  server.RaftServer$Division (RaftServerImpl.java:setRole(321)) - 706a9b8c-4318-427e-9be3-8b37c9b0924f@group-4942502C2288: changes role from      null to FOLLOWER at term 0 for startAsFollower
2023-01-08 22:30:46,078 [pool-71-thread-1] INFO  impl.RoleInfo (RoleInfo.java:updateAndGet(139)) - 706a9b8c-4318-427e-9be3-8b37c9b0924f: start 706a9b8c-4318-427e-9be3-8b37c9b0924f@group-4942502C2288-FollowerState
2023-01-08 22:30:46,080 [pool-71-thread-1] INFO  util.JmxRegister (JmxRegister.java:tryRegister(44)) - Successfully registered JMX Bean with object name Ratis:service=RaftServer,group=group-4942502C2288,id=706a9b8c-4318-427e-9be3-8b37c9b0924f
2023-01-08 22:30:46,080 [pool-71-thread-1] INFO  server.RaftServerConfigKeys (ConfUtils.java:logGet(46)) - raft.server.snapshot.auto.trigger.enabled = true (custom)
2023-01-08 22:30:46,080 [pool-71-thread-1] INFO  server.RaftServerConfigKeys (ConfUtils.java:logGet(46)) - raft.server.snapshot.auto.trigger.threshold = 10000 (custom)
2023-01-08 22:30:46,080 [pool-71-thread-1] INFO  server.RaftServerConfigKeys (ConfUtils.java:logGet(46)) - raft.server.snapshot.retention.file.num = 5 (custom)
2023-01-08 22:30:46,080 [pool-71-thread-1] INFO  server.RaftServerConfigKeys (ConfUtils.java:logGet(46)) - raft.server.log.purge.upto.snapshot.index = false (default)
2023-01-08 22:30:46,082 [706a9b8c-4318-427e-9be3-8b37c9b0924f@group-4942502C2288-FollowerState] INFO  server.RaftServerConfigKeys (ConfUtils.java:logFallback(53)) - raft.server.rpc.first-election.timeout.min = 5s (fallback to raft.server.rpc.timeout.min)
2023-01-08 22:30:46,083 [Command processor thread] INFO  ratis.XceiverServerRatis (XceiverServerRatis.java:addGroup(806)) - Created group PipelineID=b8784cc6-8c04-4ac9-8856-4942502c2288
2023-01-08 22:30:46,089 [706a9b8c-4318-427e-9be3-8b37c9b0924f@group-4942502C2288-FollowerState] INFO  server.RaftServerConfigKeys (ConfUtils.java:logFallback(53)) - raft.server.rpc.first-election.timeout.max = 5200ms (fallback to raft.server.rpc.timeout.max)
2023-01-08 22:30:46,324 [Listener at 127.0.0.1/33975] INFO  ozone.MiniOzoneClusterImpl (MiniOzoneClusterImpl.java:lambda$waitForClusterToBeReady$0(217)) - Nodes are ready. Got 7 of 7 DN Heartbeats.
2023-01-08 22:30:46,324 [Listener at 127.0.0.1/33975] INFO  ozone.MiniOzoneClusterImpl (MiniOzoneClusterImpl.java:lambda$waitForClusterToBeReady$0(220)) - Waiting for cluster to exit safe mode
2023-01-08 22:30:46,324 [Listener at 127.0.0.1/33975] INFO  ozone.MiniOzoneClusterImpl (MiniOzoneClusterImpl.java:lambda$waitForClusterToBeReady$0(222)) - SCM became leader
2023-01-08 22:30:46,421 [Command processor thread] INFO  server.RaftServer (RaftServerProxy.java:addNew(96)) - a5f0a7e4-4f3a-4f10-aa1a-af4297eff32d: addNew group-C5FF8D29B941:[a5f0a7e4-4f3a-4f10-aa1a-af4297eff32d|rpc:10.1.0.12:33221|dataStream:10.1.0.12:37417|priority:1|startupRole:FOLLOWER] returns group-C5FF8D29B941:java.util.concurrent.CompletableFuture@3e4f7ef0[Not completed]
2023-01-08 22:30:46,428 [pool-94-thread-1] INFO  server.RaftServer$Division (RaftServerImpl.java:<init>(195)) - a5f0a7e4-4f3a-4f10-aa1a-af4297eff32d: new RaftServerImpl for group-C5FF8D29B941:[a5f0a7e4-4f3a-4f10-aa1a-af4297eff32d|rpc:10.1.0.12:33221|dataStream:10.1.0.12:37417|priority:1|startupRole:FOLLOWER] with ContainerStateMachine:uninitialized
2023-01-08 22:30:46,428 [pool-94-thread-1] INFO  server.RaftServerConfigKeys (ConfUtils.java:logGet(46)) - raft.server.rpc.timeout.min = 5s (custom)
2023-01-08 22:30:46,428 [pool-94-thread-1] INFO  server.RaftServerConfigKeys (ConfUtils.java:logGet(46)) - raft.server.rpc.timeout.max = 5200ms (custom)
2023-01-08 22:30:46,428 [pool-94-thread-1] INFO  server.RaftServerConfigKeys (ConfUtils.java:logGet(46)) - raft.server.rpc.sleep.time = 25ms (default)
2023-01-08 22:30:46,428 [pool-94-thread-1] INFO  server.RaftServerConfigKeys (ConfUtils.java:logGet(46)) - raft.server.rpc.slowness.timeout = 300s (custom)
2023-01-08 22:30:46,428 [pool-94-thread-1] INFO  server.RaftServerConfigKeys (ConfUtils.java:logGet(46)) - raft.server.leaderelection.leader.step-down.wait-time = 10s (default)
2023-01-08 22:30:46,428 [pool-94-thread-1] INFO  server.RaftServerConfigKeys (ConfUtils.java:logGet(46)) - raft.server.sleep.deviation.threshold = 300ms (default)
2023-01-08 22:30:46,428 [pool-94-thread-1] INFO  server.RaftServer$Division (ServerState.java:<init>(118)) - a5f0a7e4-4f3a-4f10-aa1a-af4297eff32d@group-C5FF8D29B941: ConfigurationManager, init=-1: peers:[a5f0a7e4-4f3a-4f10-aa1a-af4297eff32d|rpc:10.1.0.12:33221|dataStream:10.1.0.12:37417|priority:1|startupRole:FOLLOWER]|listeners:[], old=null, confs=<EMPTY_MAP>
2023-01-08 22:30:46,428 [pool-94-thread-1] INFO  server.RaftServerConfigKeys (ConfUtils.java:logGet(46)) - raft.server.storage.dir = [/home/runner/work/ozone/ozone/hadoop-ozone/integration-test/target/test-dir/MiniOzoneClusterImpl-3463507a-8a94-4be2-9691-6a94fb394e4a/datanode-1/data/ratis] (custom)
2023-01-08 22:30:46,431 [pool-94-thread-1] INFO  server.RaftServerConfigKeys (ConfUtils.java:logGet(46)) - raft.server.log.corruption.policy = EXCEPTION (default)
2023-01-08 22:30:46,431 [pool-94-thread-1] INFO  server.RaftServerConfigKeys (ConfUtils.java:logGet(46)) - raft.server.storage.free-space.min = 0MB (=0) (default)
2023-01-08 22:30:46,431 [pool-94-thread-1] INFO  server.RaftServerConfigKeys (ConfUtils.java:logGet(46)) - raft.server.notification.no-leader.timeout = 300s (custom)
2023-01-08 22:30:46,431 [pool-94-thread-1] INFO  server.RaftServerConfigKeys (ConfUtils.java:logGet(46)) - raft.server.retrycache.expirytime = 600000ms (custom)
2023-01-08 22:30:46,431 [pool-94-thread-1] INFO  server.RaftServerConfigKeys (ConfUtils.java:logGet(46)) - raft.server.retrycache.statistics.expirytime = 100μs (default)
2023-01-08 22:30:46,436 [pool-94-thread-1] INFO  server.RaftServerConfigKeys (ConfUtils.java:logGet(46)) - raft.server.log.appender.install.snapshot.enabled = false (custom)
2023-01-08 22:30:46,436 [pool-94-thread-1] INFO  server.RaftServerConfigKeys (ConfUtils.java:logGet(46)) - raft.server.threadpool.server.cached = true (default)
2023-01-08 22:30:46,436 [pool-94-thread-1] INFO  server.RaftServerConfigKeys (ConfUtils.java:logGet(46)) - raft.server.threadpool.server.size = 0 (default)
2023-01-08 22:30:46,436 [pool-94-thread-1] INFO  server.RaftServerConfigKeys (ConfUtils.java:logGet(46)) - raft.server.threadpool.client.cached = true (default)
2023-01-08 22:30:46,436 [pool-94-thread-1] INFO  server.RaftServerConfigKeys (ConfUtils.java:logGet(46)) - raft.server.threadpool.client.size = 0 (default)
2023-01-08 22:30:46,436 [pool-94-thread-1] INFO  storage.RaftStorageDirectory (RaftStorageDirectoryImpl.java:analyzeStorage(137)) - The storage directory /home/runner/work/ozone/ozone/hadoop-ozone/integration-test/target/test-dir/MiniOzoneClusterImpl-3463507a-8a94-4be2-9691-6a94fb394e4a/datanode-1/data/ratis/2ef48131-7232-4c77-a5b1-c5ff8d29b941 does not exist. Creating ...
2023-01-08 22:30:46,438 [pool-94-thread-1] INFO  storage.RaftStorageDirectory (RaftStorageDirectoryImpl.java:tryLock(231)) - Lock on /home/runner/work/ozone/ozone/hadoop-ozone/integration-test/target/test-dir/MiniOzoneClusterImpl-3463507a-8a94-4be2-9691-6a94fb394e4a/datanode-1/data/ratis/2ef48131-7232-4c77-a5b1-c5ff8d29b941/in_use.lock acquired by nodename 69525@fv-az390-965
2023-01-08 22:30:46,442 [pool-94-thread-1] INFO  storage.RaftStorage (RaftStorageImpl.java:format(96)) - Storage directory /home/runner/work/ozone/ozone/hadoop-ozone/integration-test/target/test-dir/MiniOzoneClusterImpl-3463507a-8a94-4be2-9691-6a94fb394e4a/datanode-1/data/ratis/2ef48131-7232-4c77-a5b1-c5ff8d29b941 has been successfully formatted.
2023-01-08 22:30:46,447 [pool-94-thread-1] INFO  ratis.ContainerStateMachine (ContainerStateMachine.java:loadSnapshot(240)) - group-C5FF8D29B941: The snapshot info is null. Setting the last applied indexto:(t:0, i:~)
2023-01-08 22:30:46,448 [pool-94-thread-1] INFO  server.RaftServerConfigKeys (ConfUtils.java:logGet(46)) - raft.server.log.use.memory = false (default)
2023-01-08 22:30:46,448 [pool-94-thread-1] INFO  server.RaftServerConfigKeys (ConfUtils.java:logGet(46)) - raft.server.log.purge.gap = 1000000 (custom)
2023-01-08 22:30:46,448 [pool-94-thread-1] INFO  server.RaftServerConfigKeys (ConfUtils.java:logGet(46)) - raft.server.log.appender.buffer.byte-limit = 33554432 (custom)
2023-01-08 22:30:46,448 [pool-94-thread-1] INFO  server.RaftServerConfigKeys (ConfUtils.java:logGet(46)) - raft.server.log.statemachine.data.read.timeout = 1000ms (default)
2023-01-08 22:30:46,449 [pool-94-thread-1] INFO  server.RaftServerConfigKeys (ConfUtils.java:logGet(46)) - raft.server.log.purge.preservation.log.num = 0 (default)
2023-01-08 22:30:46,449 [EventQueue-PipelineReportForPipelineReportHandler] INFO  pipeline.PipelineManagerImpl (PipelineManagerImpl.java:openPipeline(367)) - Pipeline Pipeline[ Id: 2ef48131-7232-4c77-a5b1-c5ff8d29b941, Nodes: a5f0a7e4-4f3a-4f10-aa1a-af4297eff32d{ip: 10.1.0.12, host: fv-az390-965.2udvygdcjcjuphbbpa4zxtqymb.gx.internal.cloudapp.net, ports: [REPLICATION=37905, RATIS=33221, RATIS_ADMIN=33221, RATIS_SERVER=33221, RATIS_DATASTREAM=37417, STANDALONE=45417], networkLocation: /default-rack, certSerialId: null, persistedOpState: IN_SERVICE, persistedOpStateExpiryEpochSec: 0}, ReplicationConfig: RATIS/ONE, State:ALLOCATED, leaderId:a5f0a7e4-4f3a-4f10-aa1a-af4297eff32d, CreationTimestamp2023-01-08T22:30:43.419Z[Etc/UTC]] moved to OPEN state
2023-01-08 22:30:46,449 [EventQueue-OpenPipelineForHealthyPipelineSafeModeRule] INFO  safemode.SCMSafeModeManager (HealthyPipelineSafeModeRule.java:process(137)) - SCM in safe mode. Healthy pipelines reported count is 0, required healthy pipeline reported count is 1
2023-01-08 22:30:46,450 [pool-94-thread-1] INFO  server.RaftServerConfigKeys (ConfUtils.java:logGet(46)) - raft.server.log.segment.size.max = 1048576 (custom)
2023-01-08 22:30:46,452 [pool-94-thread-1] INFO  server.RaftServerConfigKeys (ConfUtils.java:logGet(46)) - raft.server.log.segment.cache.num.max = 2 (custom)
2023-01-08 22:30:46,452 [pool-94-thread-1] INFO  server.RaftServerConfigKeys (ConfUtils.java:logGet(46)) - raft.server.log.segment.cache.size.max = 200MB (=209715200) (default)
2023-01-08 22:30:46,453 [pool-94-thread-1] INFO  segmented.SegmentedRaftLogWorker (SegmentedRaftLogWorker.java:<init>(189)) - new a5f0a7e4-4f3a-4f10-aa1a-af4297eff32d@group-C5FF8D29B941-SegmentedRaftLogWorker for RaftStorageImpl:Storage Directory /home/runner/work/ozone/ozone/hadoop-ozone/integration-test/target/test-dir/MiniOzoneClusterImpl-3463507a-8a94-4be2-9691-6a94fb394e4a/datanode-1/data/ratis/2ef48131-7232-4c77-a5b1-c5ff8d29b941
2023-01-08 22:30:46,453 [pool-94-thread-1] INFO  server.RaftServerConfigKeys (ConfUtils.java:logGet(46)) - raft.server.log.queue.byte-limit = 4294967296 (custom)
2023-01-08 22:30:46,453 [pool-94-thread-1] INFO  server.RaftServerConfigKeys (ConfUtils.java:logGet(46)) - raft.server.log.queue.element-limit = 1024 (custom)
2023-01-08 22:30:46,453 [pool-94-thread-1] INFO  server.RaftServerConfigKeys (ConfUtils.java:logGet(46)) - raft.server.log.segment.size.max = 1048576 (custom)
2023-01-08 22:30:46,455 [pool-94-thread-1] INFO  server.RaftServerConfigKeys (ConfUtils.java:logGet(46)) - raft.server.log.preallocated.size = 16384 (custom)
2023-01-08 22:30:46,455 [pool-94-thread-1] INFO  server.RaftServerConfigKeys (ConfUtils.java:logGet(46)) - raft.server.log.force.sync.num = 128 (default)
2023-01-08 22:30:46,456 [pool-94-thread-1] INFO  server.RaftServerConfigKeys (ConfUtils.java:logGet(46)) - raft.server.log.statemachine.data.sync = true (default)
2023-01-08 22:30:46,456 [pool-94-thread-1] INFO  server.RaftServerConfigKeys (ConfUtils.java:logGet(46)) - raft.server.log.statemachine.data.sync.timeout = 10s (default)
2023-01-08 22:30:46,456 [pool-94-thread-1] INFO  server.RaftServerConfigKeys (ConfUtils.java:logGet(46)) - raft.server.log.statemachine.data.sync.timeout.retry = -1 (default)
2023-01-08 22:30:46,459 [pool-94-thread-1] INFO  server.RaftServerConfigKeys (ConfUtils.java:logGet(46)) - raft.server.log.write.buffer.size = 1048576 (custom)
2023-01-08 22:30:46,461 [pool-94-thread-1] INFO  server.RaftServerConfigKeys (ConfUtils.java:logGet(46)) - raft.server.log.appender.buffer.byte-limit = 33554432 (custom)
2023-01-08 22:30:46,468 [pool-94-thread-1] INFO  server.RaftServerConfigKeys (ConfUtils.java:logGet(46)) - raft.server.log.unsafe-flush.enabled = false (default)
2023-01-08 22:30:46,468 [pool-94-thread-1] INFO  server.RaftServerConfigKeys (ConfUtils.java:logGet(46)) - raft.server.log.async-flush.enabled = false (default)
2023-01-08 22:30:46,468 [pool-94-thread-1] INFO  server.RaftServerConfigKeys (ConfUtils.java:logGet(46)) - raft.server.log.statemachine.data.caching.enabled = true (custom)
2023-01-08 22:30:46,468 [pool-94-thread-1] INFO  segmented.SegmentedRaftLogWorker (SegmentedRaftLogWorker.java:lambda$new$0(135)) - a5f0a7e4-4f3a-4f10-aa1a-af4297eff32d@group-C5FF8D29B941-SegmentedRaftLogWorker: flushIndex: setUnconditionally 0 -> -1
2023-01-08 22:30:46,468 [pool-94-thread-1] INFO  segmented.SegmentedRaftLogWorker (SegmentedRaftLogWorker.java:lambda$new$0(135)) - a5f0a7e4-4f3a-4f10-aa1a-af4297eff32d@group-C5FF8D29B941-SegmentedRaftLogWorker: safeCacheEvictIndex: setUnconditionally 0 -> -1
2023-01-08 22:30:46,469 [pool-94-thread-1] INFO  server.RaftServer$Division (RaftServerImpl.java:start(334)) - a5f0a7e4-4f3a-4f10-aa1a-af4297eff32d@group-C5FF8D29B941: start as a follower, conf=-1: peers:[a5f0a7e4-4f3a-4f10-aa1a-af4297eff32d|rpc:10.1.0.12:33221|dataStream:10.1.0.12:37417|priority:1|startupRole:FOLLOWER]|listeners:[], old=null
2023-01-08 22:30:46,469 [pool-94-thread-1] INFO  server.RaftServer$Division (RaftServerImpl.java:setRole(321)) - a5f0a7e4-4f3a-4f10-aa1a-af4297eff32d@group-C5FF8D29B941: changes role from      null to FOLLOWER at term 0 for startAsFollower
2023-01-08 22:30:46,469 [pool-94-thread-1] INFO  impl.RoleInfo (RoleInfo.java:updateAndGet(139)) - a5f0a7e4-4f3a-4f10-aa1a-af4297eff32d: start a5f0a7e4-4f3a-4f10-aa1a-af4297eff32d@group-C5FF8D29B941-FollowerState
2023-01-08 22:30:46,470 [pool-94-thread-1] INFO  util.JmxRegister (JmxRegister.java:tryRegister(44)) - Successfully registered JMX Bean with object name Ratis:service=RaftServer,group=group-C5FF8D29B941,id=a5f0a7e4-4f3a-4f10-aa1a-af4297eff32d
2023-01-08 22:30:46,474 [a5f0a7e4-4f3a-4f10-aa1a-af4297eff32d@group-C5FF8D29B941-FollowerState] INFO  server.RaftServerConfigKeys (ConfUtils.java:logFallback(53)) - raft.server.rpc.first-election.timeout.min = 5s (fallback to raft.server.rpc.timeout.min)
2023-01-08 22:30:46,474 [pool-94-thread-1] INFO  server.RaftServerConfigKeys (ConfUtils.java:logGet(46)) - raft.server.snapshot.auto.trigger.enabled = true (custom)
2023-01-08 22:30:46,475 [a5f0a7e4-4f3a-4f10-aa1a-af4297eff32d@group-C5FF8D29B941-FollowerState] INFO  server.RaftServerConfigKeys (ConfUtils.java:logFallback(53)) - raft.server.rpc.first-election.timeout.max = 5200ms (fallback to raft.server.rpc.timeout.max)
2023-01-08 22:30:46,475 [pool-94-thread-1] INFO  server.RaftServerConfigKeys (ConfUtils.java:logGet(46)) - raft.server.snapshot.auto.trigger.threshold = 10000 (custom)
2023-01-08 22:30:46,475 [pool-94-thread-1] INFO  server.RaftServerConfigKeys (ConfUtils.java:logGet(46)) - raft.server.snapshot.retention.file.num = 5 (custom)
2023-01-08 22:30:46,475 [pool-94-thread-1] INFO  server.RaftServerConfigKeys (ConfUtils.java:logGet(46)) - raft.server.log.purge.upto.snapshot.index = false (default)
2023-01-08 22:30:46,477 [Command processor thread] INFO  ratis.XceiverServerRatis (XceiverServerRatis.java:addGroup(806)) - Created group PipelineID=2ef48131-7232-4c77-a5b1-c5ff8d29b941
2023-01-08 22:30:46,477 [Command processor thread] INFO  commandhandler.CreatePipelineCommandHandler (CreatePipelineCommandHandler.java:handle(113)) - Created Pipeline RATIS ONE PipelineID=2ef48131-7232-4c77-a5b1-c5ff8d29b941.
2023-01-08 22:30:46,483 [Command processor thread] INFO  server.RaftServer (RaftServerProxy.java:addNew(96)) - a5f0a7e4-4f3a-4f10-aa1a-af4297eff32d: addNew group-4942502C2288:[1ea1b0cd-ced3-45e8-8c40-55289e6aecfb|rpc:10.1.0.12:40525|dataStream:10.1.0.12:40569|priority:0|startupRole:FOLLOWER, a5f0a7e4-4f3a-4f10-aa1a-af4297eff32d|rpc:10.1.0.12:33221|dataStream:10.1.0.12:37417|priority:1|startupRole:FOLLOWER, 706a9b8c-4318-427e-9be3-8b37c9b0924f|rpc:10.1.0.12:45297|dataStream:10.1.0.12:44379|priority:0|startupRole:FOLLOWER] returns group-4942502C2288:java.util.concurrent.CompletableFuture@3a70fde1[Not completed]
2023-01-08 22:30:46,486 [pool-94-thread-1] INFO  server.RaftServer$Division (RaftServerImpl.java:<init>(195)) - a5f0a7e4-4f3a-4f10-aa1a-af4297eff32d: new RaftServerImpl for group-4942502C2288:[1ea1b0cd-ced3-45e8-8c40-55289e6aecfb|rpc:10.1.0.12:40525|dataStream:10.1.0.12:40569|priority:0|startupRole:FOLLOWER, a5f0a7e4-4f3a-4f10-aa1a-af4297eff32d|rpc:10.1.0.12:33221|dataStream:10.1.0.12:37417|priority:1|startupRole:FOLLOWER, 706a9b8c-4318-427e-9be3-8b37c9b0924f|rpc:10.1.0.12:45297|dataStream:10.1.0.12:44379|priority:0|startupRole:FOLLOWER] with ContainerStateMachine:uninitialized
2023-01-08 22:30:46,486 [pool-94-thread-1] INFO  server.RaftServerConfigKeys (ConfUtils.java:logGet(46)) - raft.server.rpc.timeout.min = 5s (custom)
2023-01-08 22:30:46,486 [pool-94-thread-1] INFO  server.RaftServerConfigKeys (ConfUtils.java:logGet(46)) - raft.server.rpc.timeout.max = 5200ms (custom)
2023-01-08 22:30:46,486 [pool-94-thread-1] INFO  server.RaftServerConfigKeys (ConfUtils.java:logGet(46)) - raft.server.rpc.sleep.time = 25ms (default)
2023-01-08 22:30:46,486 [pool-94-thread-1] INFO  server.RaftServerConfigKeys (ConfUtils.java:logGet(46)) - raft.server.rpc.slowness.timeout = 300s (custom)
2023-01-08 22:30:46,486 [pool-94-thread-1] INFO  server.RaftServerConfigKeys (ConfUtils.java:logGet(46)) - raft.server.leaderelection.leader.step-down.wait-time = 10s (default)
2023-01-08 22:30:46,486 [pool-94-thread-1] INFO  server.RaftServerConfigKeys (ConfUtils.java:logGet(46)) - raft.server.sleep.deviation.threshold = 300ms (default)
2023-01-08 22:30:46,486 [pool-94-thread-1] INFO  server.RaftServer$Division (ServerState.java:<init>(118)) - a5f0a7e4-4f3a-4f10-aa1a-af4297eff32d@group-4942502C2288: ConfigurationManager, init=-1: peers:[1ea1b0cd-ced3-45e8-8c40-55289e6aecfb|rpc:10.1.0.12:40525|dataStream:10.1.0.12:40569|priority:0|startupRole:FOLLOWER, a5f0a7e4-4f3a-4f10-aa1a-af4297eff32d|rpc:10.1.0.12:33221|dataStream:10.1.0.12:37417|priority:1|startupRole:FOLLOWER, 706a9b8c-4318-427e-9be3-8b37c9b0924f|rpc:10.1.0.12:45297|dataStream:10.1.0.12:44379|priority:0|startupRole:FOLLOWER]|listeners:[], old=null, confs=<EMPTY_MAP>
2023-01-08 22:30:46,486 [pool-94-thread-1] INFO  server.RaftServerConfigKeys (ConfUtils.java:logGet(46)) - raft.server.storage.dir = [/home/runner/work/ozone/ozone/hadoop-ozone/integration-test/target/test-dir/MiniOzoneClusterImpl-3463507a-8a94-4be2-9691-6a94fb394e4a/datanode-1/data/ratis] (custom)
2023-01-08 22:30:46,487 [pool-94-thread-1] INFO  server.RaftServerConfigKeys (ConfUtils.java:logGet(46)) - raft.server.log.corruption.policy = EXCEPTION (default)
2023-01-08 22:30:46,487 [pool-94-thread-1] INFO  server.RaftServerConfigKeys (ConfUtils.java:logGet(46)) - raft.server.storage.free-space.min = 0MB (=0) (default)
2023-01-08 22:30:46,487 [pool-94-thread-1] INFO  server.RaftServerConfigKeys (ConfUtils.java:logGet(46)) - raft.server.notification.no-leader.timeout = 300s (custom)
2023-01-08 22:30:46,487 [pool-94-thread-1] INFO  server.RaftServerConfigKeys (ConfUtils.java:logGet(46)) - raft.server.retrycache.expirytime = 600000ms (custom)
2023-01-08 22:30:46,487 [pool-94-thread-1] INFO  server.RaftServerConfigKeys (ConfUtils.java:logGet(46)) - raft.server.retrycache.statistics.expirytime = 100μs (default)
2023-01-08 22:30:46,488 [pool-94-thread-1] INFO  server.RaftServerConfigKeys (ConfUtils.java:logGet(46)) - raft.server.log.appender.install.snapshot.enabled = false (custom)
2023-01-08 22:30:46,489 [pool-94-thread-1] INFO  server.RaftServerConfigKeys (ConfUtils.java:logGet(46)) - raft.server.threadpool.server.cached = true (default)
2023-01-08 22:30:46,489 [pool-94-thread-1] INFO  server.RaftServerConfigKeys (ConfUtils.java:logGet(46)) - raft.server.threadpool.server.size = 0 (default)
2023-01-08 22:30:46,489 [pool-94-thread-1] INFO  server.RaftServerConfigKeys (ConfUtils.java:logGet(46)) - raft.server.threadpool.client.cached = true (default)
2023-01-08 22:30:46,489 [pool-94-thread-1] INFO  server.RaftServerConfigKeys (ConfUtils.java:logGet(46)) - raft.server.threadpool.client.size = 0 (default)
2023-01-08 22:30:46,489 [pool-94-thread-1] INFO  storage.RaftStorageDirectory (RaftStorageDirectoryImpl.java:analyzeStorage(137)) - The storage directory /home/runner/work/ozone/ozone/hadoop-ozone/integration-test/target/test-dir/MiniOzoneClusterImpl-3463507a-8a94-4be2-9691-6a94fb394e4a/datanode-1/data/ratis/b8784cc6-8c04-4ac9-8856-4942502c2288 does not exist. Creating ...
2023-01-08 22:30:46,498 [pool-94-thread-1] INFO  storage.RaftStorageDirectory (RaftStorageDirectoryImpl.java:tryLock(231)) - Lock on /home/runner/work/ozone/ozone/hadoop-ozone/integration-test/target/test-dir/MiniOzoneClusterImpl-3463507a-8a94-4be2-9691-6a94fb394e4a/datanode-1/data/ratis/b8784cc6-8c04-4ac9-8856-4942502c2288/in_use.lock acquired by nodename 69525@fv-az390-965
2023-01-08 22:30:46,499 [pool-94-thread-1] INFO  storage.RaftStorage (RaftStorageImpl.java:format(96)) - Storage directory /home/runner/work/ozone/ozone/hadoop-ozone/integration-test/target/test-dir/MiniOzoneClusterImpl-3463507a-8a94-4be2-9691-6a94fb394e4a/datanode-1/data/ratis/b8784cc6-8c04-4ac9-8856-4942502c2288 has been successfully formatted.
2023-01-08 22:30:46,504 [EventQueue-OpenPipelineForHealthyPipelineSafeModeRule] INFO  safemode.SCMSafeModeManager (HealthyPipelineSafeModeRule.java:process(137)) - SCM in safe mode. Healthy pipelines reported count is 0, required healthy pipeline reported count is 1
2023-01-08 22:30:46,505 [pool-94-thread-1] INFO  ratis.ContainerStateMachine (ContainerStateMachine.java:loadSnapshot(240)) - group-4942502C2288: The snapshot info is null. Setting the last applied indexto:(t:0, i:~)
2023-01-08 22:30:46,505 [pool-94-thread-1] INFO  server.RaftServerConfigKeys (ConfUtils.java:logGet(46)) - raft.server.log.use.memory = false (default)
2023-01-08 22:30:46,505 [pool-94-thread-1] INFO  server.RaftServerConfigKeys (ConfUtils.java:logGet(46)) - raft.server.log.purge.gap = 1000000 (custom)
2023-01-08 22:30:46,505 [pool-94-thread-1] INFO  server.RaftServerConfigKeys (ConfUtils.java:logGet(46)) - raft.server.log.appender.buffer.byte-limit = 33554432 (custom)
2023-01-08 22:30:46,505 [pool-94-thread-1] INFO  server.RaftServerConfigKeys (ConfUtils.java:logGet(46)) - raft.server.log.statemachine.data.read.timeout = 1000ms (default)
2023-01-08 22:30:46,505 [pool-94-thread-1] INFO  server.RaftServerConfigKeys (ConfUtils.java:logGet(46)) - raft.server.log.purge.preservation.log.num = 0 (default)
2023-01-08 22:30:46,506 [pool-94-thread-1] INFO  server.RaftServerConfigKeys (ConfUtils.java:logGet(46)) - raft.server.log.segment.size.max = 1048576 (custom)
2023-01-08 22:30:46,506 [pool-94-thread-1] INFO  server.RaftServerConfigKeys (ConfUtils.java:logGet(46)) - raft.server.log.segment.cache.num.max = 2 (custom)
2023-01-08 22:30:46,506 [pool-94-thread-1] INFO  server.RaftServerConfigKeys (ConfUtils.java:logGet(46)) - raft.server.log.segment.cache.size.max = 200MB (=209715200) (default)
2023-01-08 22:30:46,506 [pool-94-thread-1] INFO  segmented.SegmentedRaftLogWorker (SegmentedRaftLogWorker.java:<init>(189)) - new a5f0a7e4-4f3a-4f10-aa1a-af4297eff32d@group-4942502C2288-SegmentedRaftLogWorker for RaftStorageImpl:Storage Directory /home/runner/work/ozone/ozone/hadoop-ozone/integration-test/target/test-dir/MiniOzoneClusterImpl-3463507a-8a94-4be2-9691-6a94fb394e4a/datanode-1/data/ratis/b8784cc6-8c04-4ac9-8856-4942502c2288
2023-01-08 22:30:46,506 [pool-94-thread-1] INFO  server.RaftServerConfigKeys (ConfUtils.java:logGet(46)) - raft.server.log.queue.byte-limit = 4294967296 (custom)
2023-01-08 22:30:46,506 [pool-94-thread-1] INFO  server.RaftServerConfigKeys (ConfUtils.java:logGet(46)) - raft.server.log.queue.element-limit = 1024 (custom)
2023-01-08 22:30:46,506 [pool-94-thread-1] INFO  server.RaftServerConfigKeys (ConfUtils.java:logGet(46)) - raft.server.log.segment.size.max = 1048576 (custom)
2023-01-08 22:30:46,507 [pool-94-thread-1] INFO  server.RaftServerConfigKeys (ConfUtils.java:logGet(46)) - raft.server.log.preallocated.size = 16384 (custom)
2023-01-08 22:30:46,507 [pool-94-thread-1] INFO  server.RaftServerConfigKeys (ConfUtils.java:logGet(46)) - raft.server.log.force.sync.num = 128 (default)
2023-01-08 22:30:46,507 [pool-94-thread-1] INFO  server.RaftServerConfigKeys (ConfUtils.java:logGet(46)) - raft.server.log.statemachine.data.sync = true (default)
2023-01-08 22:30:46,507 [pool-94-thread-1] INFO  server.RaftServerConfigKeys (ConfUtils.java:logGet(46)) - raft.server.log.statemachine.data.sync.timeout = 10s (default)
2023-01-08 22:30:46,507 [pool-94-thread-1] INFO  server.RaftServerConfigKeys (ConfUtils.java:logGet(46)) - raft.server.log.statemachine.data.sync.timeout.retry = -1 (default)
2023-01-08 22:30:46,508 [pool-94-thread-1] INFO  server.RaftServerConfigKeys (ConfUtils.java:logGet(46)) - raft.server.log.write.buffer.size = 1048576 (custom)
2023-01-08 22:30:46,510 [pool-94-thread-1] INFO  server.RaftServerConfigKeys (ConfUtils.java:logGet(46)) - raft.server.log.appender.buffer.byte-limit = 33554432 (custom)
2023-01-08 22:30:46,521 [pool-94-thread-1] INFO  server.RaftServerConfigKeys (ConfUtils.java:logGet(46)) - raft.server.log.unsafe-flush.enabled = false (default)
2023-01-08 22:30:46,521 [pool-94-thread-1] INFO  server.RaftServerConfigKeys (ConfUtils.java:logGet(46)) - raft.server.log.async-flush.enabled = false (default)
2023-01-08 22:30:46,521 [pool-94-thread-1] INFO  server.RaftServerConfigKeys (ConfUtils.java:logGet(46)) - raft.server.log.statemachine.data.caching.enabled = true (custom)
2023-01-08 22:30:46,521 [pool-94-thread-1] INFO  segmented.SegmentedRaftLogWorker (SegmentedRaftLogWorker.java:lambda$new$0(135)) - a5f0a7e4-4f3a-4f10-aa1a-af4297eff32d@group-4942502C2288-SegmentedRaftLogWorker: flushIndex: setUnconditionally 0 -> -1
2023-01-08 22:30:46,521 [pool-94-thread-1] INFO  segmented.SegmentedRaftLogWorker (SegmentedRaftLogWorker.java:lambda$new$0(135)) - a5f0a7e4-4f3a-4f10-aa1a-af4297eff32d@group-4942502C2288-SegmentedRaftLogWorker: safeCacheEvictIndex: setUnconditionally 0 -> -1
2023-01-08 22:30:46,522 [pool-94-thread-1] INFO  server.RaftServer$Division (RaftServerImpl.java:start(334)) - a5f0a7e4-4f3a-4f10-aa1a-af4297eff32d@group-4942502C2288: start as a follower, conf=-1: peers:[1ea1b0cd-ced3-45e8-8c40-55289e6aecfb|rpc:10.1.0.12:40525|dataStream:10.1.0.12:40569|priority:0|startupRole:FOLLOWER, a5f0a7e4-4f3a-4f10-aa1a-af4297eff32d|rpc:10.1.0.12:33221|dataStream:10.1.0.12:37417|priority:1|startupRole:FOLLOWER, 706a9b8c-4318-427e-9be3-8b37c9b0924f|rpc:10.1.0.12:45297|dataStream:10.1.0.12:44379|priority:0|startupRole:FOLLOWER]|listeners:[], old=null
2023-01-08 22:30:46,522 [pool-94-thread-1] INFO  server.RaftServer$Division (RaftServerImpl.java:setRole(321)) - a5f0a7e4-4f3a-4f10-aa1a-af4297eff32d@group-4942502C2288: changes role from      null to FOLLOWER at term 0 for startAsFollower
2023-01-08 22:30:46,522 [pool-94-thread-1] INFO  impl.RoleInfo (RoleInfo.java:updateAndGet(139)) - a5f0a7e4-4f3a-4f10-aa1a-af4297eff32d: start a5f0a7e4-4f3a-4f10-aa1a-af4297eff32d@group-4942502C2288-FollowerState
2023-01-08 22:30:46,522 [pool-94-thread-1] INFO  util.JmxRegister (JmxRegister.java:tryRegister(44)) - Successfully registered JMX Bean with object name Ratis:service=RaftServer,group=group-4942502C2288,id=a5f0a7e4-4f3a-4f10-aa1a-af4297eff32d
2023-01-08 22:30:46,522 [pool-94-thread-1] INFO  server.RaftServerConfigKeys (ConfUtils.java:logGet(46)) - raft.server.snapshot.auto.trigger.enabled = true (custom)
2023-01-08 22:30:46,522 [pool-94-thread-1] INFO  server.RaftServerConfigKeys (ConfUtils.java:logGet(46)) - raft.server.snapshot.auto.trigger.threshold = 10000 (custom)
2023-01-08 22:30:46,522 [pool-94-thread-1] INFO  server.RaftServerConfigKeys (ConfUtils.java:logGet(46)) - raft.server.snapshot.retention.file.num = 5 (custom)
2023-01-08 22:30:46,522 [pool-94-thread-1] INFO  server.RaftServerConfigKeys (ConfUtils.java:logGet(46)) - raft.server.log.purge.upto.snapshot.index = false (default)
2023-01-08 22:30:46,523 [a5f0a7e4-4f3a-4f10-aa1a-af4297eff32d@group-4942502C2288-FollowerState] INFO  server.RaftServerConfigKeys (ConfUtils.java:logFallback(53)) - raft.server.rpc.first-election.timeout.min = 5s (fallback to raft.server.rpc.timeout.min)
2023-01-08 22:30:46,525 [a5f0a7e4-4f3a-4f10-aa1a-af4297eff32d@group-4942502C2288-FollowerState] INFO  server.RaftServerConfigKeys (ConfUtils.java:logFallback(53)) - raft.server.rpc.first-election.timeout.max = 5200ms (fallback to raft.server.rpc.timeout.max)
2023-01-08 22:30:46,526 [Command processor thread] INFO  ratis.XceiverServerRatis (XceiverServerRatis.java:addGroup(806)) - Created group PipelineID=b8784cc6-8c04-4ac9-8856-4942502c2288
2023-01-08 22:30:46,739 [JvmPauseMonitor0] WARN  util.JvmPauseMonitor (JvmPauseMonitor.java:detectPause(126)) - JvmPauseMonitor-om1: Detected pause in JVM or host machine (eg GC): pause of approximately 181779309ns.
GC pool 'PS MarkSweep' had collection(s): count=1 time=136ms
GC pool 'PS Scavenge' had collection(s): count=1 time=51ms
2023-01-08 22:30:46,913 [Command processor thread] INFO  server.RaftServer (RaftServerProxy.java:addNew(96)) - 1ea1b0cd-ced3-45e8-8c40-55289e6aecfb: addNew group-C506D2160415:[1ea1b0cd-ced3-45e8-8c40-55289e6aecfb|rpc:10.1.0.12:40525|dataStream:10.1.0.12:40569|priority:1|startupRole:FOLLOWER] returns group-C506D2160415:java.util.concurrent.CompletableFuture@518c8e6d[Not completed]
2023-01-08 22:30:46,921 [pool-117-thread-1] INFO  server.RaftServer$Division (RaftServerImpl.java:<init>(195)) - 1ea1b0cd-ced3-45e8-8c40-55289e6aecfb: new RaftServerImpl for group-C506D2160415:[1ea1b0cd-ced3-45e8-8c40-55289e6aecfb|rpc:10.1.0.12:40525|dataStream:10.1.0.12:40569|priority:1|startupRole:FOLLOWER] with ContainerStateMachine:uninitialized
2023-01-08 22:30:46,921 [pool-117-thread-1] INFO  server.RaftServerConfigKeys (ConfUtils.java:logGet(46)) - raft.server.rpc.timeout.min = 5s (custom)
2023-01-08 22:30:46,923 [pool-117-thread-1] INFO  server.RaftServerConfigKeys (ConfUtils.java:logGet(46)) - raft.server.rpc.timeout.max = 5200ms (custom)
2023-01-08 22:30:46,923 [pool-117-thread-1] INFO  server.RaftServerConfigKeys (ConfUtils.java:logGet(46)) - raft.server.rpc.sleep.time = 25ms (default)
2023-01-08 22:30:46,923 [pool-117-thread-1] INFO  server.RaftServerConfigKeys (ConfUtils.java:logGet(46)) - raft.server.rpc.slowness.timeout = 300s (custom)
2023-01-08 22:30:46,923 [pool-117-thread-1] INFO  server.RaftServerConfigKeys (ConfUtils.java:logGet(46)) - raft.server.leaderelection.leader.step-down.wait-time = 10s (default)
2023-01-08 22:30:46,923 [pool-117-thread-1] INFO  server.RaftServerConfigKeys (ConfUtils.java:logGet(46)) - raft.server.sleep.deviation.threshold = 300ms (default)
2023-01-08 22:30:46,923 [pool-117-thread-1] INFO  server.RaftServer$Division (ServerState.java:<init>(118)) - 1ea1b0cd-ced3-45e8-8c40-55289e6aecfb@group-C506D2160415: ConfigurationManager, init=-1: peers:[1ea1b0cd-ced3-45e8-8c40-55289e6aecfb|rpc:10.1.0.12:40525|dataStream:10.1.0.12:40569|priority:1|startupRole:FOLLOWER]|listeners:[], old=null, confs=<EMPTY_MAP>
2023-01-08 22:30:46,923 [pool-117-thread-1] INFO  server.RaftServerConfigKeys (ConfUtils.java:logGet(46)) - raft.server.storage.dir = [/home/runner/work/ozone/ozone/hadoop-ozone/integration-test/target/test-dir/MiniOzoneClusterImpl-3463507a-8a94-4be2-9691-6a94fb394e4a/datanode-2/data/ratis] (custom)
2023-01-08 22:30:46,923 [pool-117-thread-1] INFO  server.RaftServerConfigKeys (ConfUtils.java:logGet(46)) - raft.server.log.corruption.policy = EXCEPTION (default)
2023-01-08 22:30:46,923 [pool-117-thread-1] INFO  server.RaftServerConfigKeys (ConfUtils.java:logGet(46)) - raft.server.storage.free-space.min = 0MB (=0) (default)
2023-01-08 22:30:46,924 [pool-117-thread-1] INFO  server.RaftServerConfigKeys (ConfUtils.java:logGet(46)) - raft.server.notification.no-leader.timeout = 300s (custom)
2023-01-08 22:30:46,924 [pool-117-thread-1] INFO  server.RaftServerConfigKeys (ConfUtils.java:logGet(46)) - raft.server.retrycache.expirytime = 600000ms (custom)
2023-01-08 22:30:46,924 [pool-117-thread-1] INFO  server.RaftServerConfigKeys (ConfUtils.java:logGet(46)) - raft.server.retrycache.statistics.expirytime = 100μs (default)
2023-01-08 22:30:46,926 [pool-117-thread-1] INFO  server.RaftServerConfigKeys (ConfUtils.java:logGet(46)) - raft.server.log.appender.install.snapshot.enabled = false (custom)
2023-01-08 22:30:46,926 [pool-117-thread-1] INFO  server.RaftServerConfigKeys (ConfUtils.java:logGet(46)) - raft.server.threadpool.server.cached = true (default)
2023-01-08 22:30:46,926 [pool-117-thread-1] INFO  server.RaftServerConfigKeys (ConfUtils.java:logGet(46)) - raft.server.threadpool.server.size = 0 (default)
2023-01-08 22:30:46,926 [pool-117-thread-1] INFO  server.RaftServerConfigKeys (ConfUtils.java:logGet(46)) - raft.server.threadpool.client.cached = true (default)
2023-01-08 22:30:46,926 [pool-117-thread-1] INFO  server.RaftServerConfigKeys (ConfUtils.java:logGet(46)) - raft.server.threadpool.client.size = 0 (default)
2023-01-08 22:30:46,926 [pool-117-thread-1] INFO  storage.RaftStorageDirectory (RaftStorageDirectoryImpl.java:analyzeStorage(137)) - The storage directory /home/runner/work/ozone/ozone/hadoop-ozone/integration-test/target/test-dir/MiniOzoneClusterImpl-3463507a-8a94-4be2-9691-6a94fb394e4a/datanode-2/data/ratis/e31a2304-d3cc-4c97-bc14-c506d2160415 does not exist. Creating ...
2023-01-08 22:30:46,927 [pool-117-thread-1] INFO  storage.RaftStorageDirectory (RaftStorageDirectoryImpl.java:tryLock(231)) - Lock on /home/runner/work/ozone/ozone/hadoop-ozone/integration-test/target/test-dir/MiniOzoneClusterImpl-3463507a-8a94-4be2-9691-6a94fb394e4a/datanode-2/data/ratis/e31a2304-d3cc-4c97-bc14-c506d2160415/in_use.lock acquired by nodename 69525@fv-az390-965
2023-01-08 22:30:46,928 [pool-117-thread-1] INFO  storage.RaftStorage (RaftStorageImpl.java:format(96)) - Storage directory /home/runner/work/ozone/ozone/hadoop-ozone/integration-test/target/test-dir/MiniOzoneClusterImpl-3463507a-8a94-4be2-9691-6a94fb394e4a/datanode-2/data/ratis/e31a2304-d3cc-4c97-bc14-c506d2160415 has been successfully formatted.
2023-01-08 22:30:46,946 [grpc-default-executor-1] INFO  server.RaftServer (RaftServerProxy.java:addNew(96)) - 1ea1b0cd-ced3-45e8-8c40-55289e6aecfb: addNew group-4942502C2288:[1ea1b0cd-ced3-45e8-8c40-55289e6aecfb|rpc:10.1.0.12:40525|dataStream:10.1.0.12:40569|priority:0|startupRole:FOLLOWER, a5f0a7e4-4f3a-4f10-aa1a-af4297eff32d|rpc:10.1.0.12:33221|dataStream:10.1.0.12:37417|priority:1|startupRole:FOLLOWER, 706a9b8c-4318-427e-9be3-8b37c9b0924f|rpc:10.1.0.12:45297|dataStream:10.1.0.12:44379|priority:0|startupRole:FOLLOWER] returns group-4942502C2288:java.util.concurrent.CompletableFuture@bc967f8[Not completed]
2023-01-08 22:30:46,946 [pool-117-thread-1] INFO  ratis.ContainerStateMachine (ContainerStateMachine.java:loadSnapshot(240)) - group-C506D2160415: The snapshot info is null. Setting the last applied indexto:(t:0, i:~)
2023-01-08 22:30:46,946 [pool-117-thread-1] INFO  server.RaftServerConfigKeys (ConfUtils.java:logGet(46)) - raft.server.log.use.memory = false (default)
2023-01-08 22:30:46,946 [pool-117-thread-1] INFO  server.RaftServerConfigKeys (ConfUtils.java:logGet(46)) - raft.server.log.purge.gap = 1000000 (custom)
2023-01-08 22:30:46,946 [pool-117-thread-1] INFO  server.RaftServerConfigKeys (ConfUtils.java:logGet(46)) - raft.server.log.appender.buffer.byte-limit = 33554432 (custom)
2023-01-08 22:30:46,946 [pool-117-thread-1] INFO  server.RaftServerConfigKeys (ConfUtils.java:logGet(46)) - raft.server.log.statemachine.data.read.timeout = 1000ms (default)
2023-01-08 22:30:46,946 [pool-117-thread-1] INFO  server.RaftServerConfigKeys (ConfUtils.java:logGet(46)) - raft.server.log.purge.preservation.log.num = 0 (default)
2023-01-08 22:30:46,947 [pool-117-thread-1] INFO  server.RaftServerConfigKeys (ConfUtils.java:logGet(46)) - raft.server.log.segment.size.max = 1048576 (custom)
2023-01-08 22:30:46,950 [pool-117-thread-1] INFO  server.RaftServerConfigKeys (ConfUtils.java:logGet(46)) - raft.server.log.segment.cache.num.max = 2 (custom)
2023-01-08 22:30:46,950 [pool-117-thread-1] INFO  server.RaftServerConfigKeys (ConfUtils.java:logGet(46)) - raft.server.log.segment.cache.size.max = 200MB (=209715200) (default)
2023-01-08 22:30:46,950 [pool-117-thread-1] INFO  segmented.SegmentedRaftLogWorker (SegmentedRaftLogWorker.java:<init>(189)) - new 1ea1b0cd-ced3-45e8-8c40-55289e6aecfb@group-C506D2160415-SegmentedRaftLogWorker for RaftStorageImpl:Storage Directory /home/runner/work/ozone/ozone/hadoop-ozone/integration-test/target/test-dir/MiniOzoneClusterImpl-3463507a-8a94-4be2-9691-6a94fb394e4a/datanode-2/data/ratis/e31a2304-d3cc-4c97-bc14-c506d2160415
2023-01-08 22:30:46,950 [pool-117-thread-1] INFO  server.RaftServerConfigKeys (ConfUtils.java:logGet(46)) - raft.server.log.queue.byte-limit = 4294967296 (custom)
2023-01-08 22:30:46,950 [pool-117-thread-1] INFO  server.RaftServerConfigKeys (ConfUtils.java:logGet(46)) - raft.server.log.queue.element-limit = 1024 (custom)
2023-01-08 22:30:46,951 [pool-117-thread-1] INFO  server.RaftServerConfigKeys (ConfUtils.java:logGet(46)) - raft.server.log.segment.size.max = 1048576 (custom)
2023-01-08 22:30:46,951 [pool-117-thread-1] INFO  server.RaftServerConfigKeys (ConfUtils.java:logGet(46)) - raft.server.log.preallocated.size = 16384 (custom)
2023-01-08 22:30:46,951 [pool-117-thread-1] INFO  server.RaftServerConfigKeys (ConfUtils.java:logGet(46)) - raft.server.log.force.sync.num = 128 (default)
2023-01-08 22:30:46,951 [pool-117-thread-1] INFO  server.RaftServerConfigKeys (ConfUtils.java:logGet(46)) - raft.server.log.statemachine.data.sync = true (default)
2023-01-08 22:30:46,951 [pool-117-thread-1] INFO  server.RaftServerConfigKeys (ConfUtils.java:logGet(46)) - raft.server.log.statemachine.data.sync.timeout = 10s (default)
2023-01-08 22:30:46,951 [pool-117-thread-1] INFO  server.RaftServerConfigKeys (ConfUtils.java:logGet(46)) - raft.server.log.statemachine.data.sync.timeout.retry = -1 (default)
2023-01-08 22:30:46,951 [EventQueue-PipelineReportForPipelineReportHandler] INFO  pipeline.PipelineManagerImpl (PipelineManagerImpl.java:openPipeline(367)) - Pipeline Pipeline[ Id: e31a2304-d3cc-4c97-bc14-c506d2160415, Nodes: 1ea1b0cd-ced3-45e8-8c40-55289e6aecfb{ip: 10.1.0.12, host: fv-az390-965.2udvygdcjcjuphbbpa4zxtqymb.gx.internal.cloudapp.net, ports: [REPLICATION=39949, RATIS=40525, RATIS_ADMIN=40525, RATIS_SERVER=40525, RATIS_DATASTREAM=40569, STANDALONE=34315], networkLocation: /default-rack, certSerialId: null, persistedOpState: IN_SERVICE, persistedOpStateExpiryEpochSec: 0}, ReplicationConfig: RATIS/ONE, State:ALLOCATED, leaderId:1ea1b0cd-ced3-45e8-8c40-55289e6aecfb, CreationTimestamp2023-01-08T22:30:43.913Z[Etc/UTC]] moved to OPEN state
2023-01-08 22:30:46,952 [EventQueue-OpenPipelineForHealthyPipelineSafeModeRule] INFO  safemode.SCMSafeModeManager (HealthyPipelineSafeModeRule.java:process(137)) - SCM in safe mode. Healthy pipelines reported count is 0, required healthy pipeline reported count is 1
2023-01-08 22:30:46,954 [pool-117-thread-1] INFO  server.RaftServerConfigKeys (ConfUtils.java:logGet(46)) - raft.server.log.write.buffer.size = 1048576 (custom)
2023-01-08 22:30:46,956 [pool-117-thread-1] INFO  server.RaftServerConfigKeys (ConfUtils.java:logGet(46)) - raft.server.log.appender.buffer.byte-limit = 33554432 (custom)
2023-01-08 22:30:46,962 [pool-117-thread-1] INFO  server.RaftServerConfigKeys (ConfUtils.java:logGet(46)) - raft.server.log.unsafe-flush.enabled = false (default)
2023-01-08 22:30:46,962 [pool-117-thread-1] INFO  server.RaftServerConfigKeys (ConfUtils.java:logGet(46)) - raft.server.log.async-flush.enabled = false (default)
2023-01-08 22:30:46,962 [pool-117-thread-1] INFO  server.RaftServerConfigKeys (ConfUtils.java:logGet(46)) - raft.server.log.statemachine.data.caching.enabled = true (custom)
2023-01-08 22:30:46,963 [pool-117-thread-1] INFO  segmented.SegmentedRaftLogWorker (SegmentedRaftLogWorker.java:lambda$new$0(135)) - 1ea1b0cd-ced3-45e8-8c40-55289e6aecfb@group-C506D2160415-SegmentedRaftLogWorker: flushIndex: setUnconditionally 0 -> -1
2023-01-08 22:30:46,963 [pool-117-thread-1] INFO  segmented.SegmentedRaftLogWorker (SegmentedRaftLogWorker.java:lambda$new$0(135)) - 1ea1b0cd-ced3-45e8-8c40-55289e6aecfb@group-C506D2160415-SegmentedRaftLogWorker: safeCacheEvictIndex: setUnconditionally 0 -> -1
2023-01-08 22:30:46,963 [pool-117-thread-1] INFO  server.RaftServer$Division (RaftServerImpl.java:start(334)) - 1ea1b0cd-ced3-45e8-8c40-55289e6aecfb@group-C506D2160415: start as a follower, conf=-1: peers:[1ea1b0cd-ced3-45e8-8c40-55289e6aecfb|rpc:10.1.0.12:40525|dataStream:10.1.0.12:40569|priority:1|startupRole:FOLLOWER]|listeners:[], old=null
2023-01-08 22:30:46,963 [pool-117-thread-1] INFO  server.RaftServer$Division (RaftServerImpl.java:setRole(321)) - 1ea1b0cd-ced3-45e8-8c40-55289e6aecfb@group-C506D2160415: changes role from      null to FOLLOWER at term 0 for startAsFollower
2023-01-08 22:30:46,963 [pool-117-thread-1] INFO  impl.RoleInfo (RoleInfo.java:updateAndGet(139)) - 1ea1b0cd-ced3-45e8-8c40-55289e6aecfb: start 1ea1b0cd-ced3-45e8-8c40-55289e6aecfb@group-C506D2160415-FollowerState
2023-01-08 22:30:46,963 [pool-117-thread-1] INFO  util.JmxRegister (JmxRegister.java:tryRegister(44)) - Successfully registered JMX Bean with object name Ratis:service=RaftServer,group=group-C506D2160415,id=1ea1b0cd-ced3-45e8-8c40-55289e6aecfb
2023-01-08 22:30:46,964 [pool-117-thread-1] INFO  server.RaftServerConfigKeys (ConfUtils.java:logGet(46)) - raft.server.snapshot.auto.trigger.enabled = true (custom)
2023-01-08 22:30:46,964 [pool-117-thread-1] INFO  server.RaftServerConfigKeys (ConfUtils.java:logGet(46)) - raft.server.snapshot.auto.trigger.threshold = 10000 (custom)
2023-01-08 22:30:46,964 [pool-117-thread-1] INFO  server.RaftServerConfigKeys (ConfUtils.java:logGet(46)) - raft.server.snapshot.retention.file.num = 5 (custom)
2023-01-08 22:30:46,964 [pool-117-thread-1] INFO  server.RaftServerConfigKeys (ConfUtils.java:logGet(46)) - raft.server.log.purge.upto.snapshot.index = false (default)
2023-01-08 22:30:46,964 [1ea1b0cd-ced3-45e8-8c40-55289e6aecfb@group-C506D2160415-FollowerState] INFO  server.RaftServerConfigKeys (ConfUtils.java:logFallback(53)) - raft.server.rpc.first-election.timeout.min = 5s (fallback to raft.server.rpc.timeout.min)
2023-01-08 22:30:46,965 [1ea1b0cd-ced3-45e8-8c40-55289e6aecfb@group-C506D2160415-FollowerState] INFO  server.RaftServerConfigKeys (ConfUtils.java:logFallback(53)) - raft.server.rpc.first-election.timeout.max = 5200ms (fallback to raft.server.rpc.timeout.max)
2023-01-08 22:30:46,966 [Command processor thread] INFO  ratis.XceiverServerRatis (XceiverServerRatis.java:addGroup(806)) - Created group PipelineID=e31a2304-d3cc-4c97-bc14-c506d2160415
2023-01-08 22:30:46,966 [Command processor thread] INFO  commandhandler.CreatePipelineCommandHandler (CreatePipelineCommandHandler.java:handle(113)) - Created Pipeline RATIS ONE PipelineID=e31a2304-d3cc-4c97-bc14-c506d2160415.
2023-01-08 22:30:46,966 [Command processor thread] INFO  server.RaftServer (RaftServerProxy.java:addNew(96)) - 1ea1b0cd-ced3-45e8-8c40-55289e6aecfb: addNew group-5A52CB9248BA:[a5f0a7e4-4f3a-4f10-aa1a-af4297eff32d|rpc:10.1.0.12:33221|dataStream:10.1.0.12:37417|priority:0|startupRole:FOLLOWER, 1ea1b0cd-ced3-45e8-8c40-55289e6aecfb|rpc:10.1.0.12:40525|dataStream:10.1.0.12:40569|priority:0|startupRole:FOLLOWER, 706a9b8c-4318-427e-9be3-8b37c9b0924f|rpc:10.1.0.12:45297|dataStream:10.1.0.12:44379|priority:1|startupRole:FOLLOWER] returns group-5A52CB9248BA:java.util.concurrent.CompletableFuture@55b30084[Not completed]
2023-01-08 22:30:46,967 [pool-117-thread-1] INFO  server.RaftServer$Division (RaftServerImpl.java:<init>(195)) - 1ea1b0cd-ced3-45e8-8c40-55289e6aecfb: new RaftServerImpl for group-4942502C2288:[1ea1b0cd-ced3-45e8-8c40-55289e6aecfb|rpc:10.1.0.12:40525|dataStream:10.1.0.12:40569|priority:0|startupRole:FOLLOWER, a5f0a7e4-4f3a-4f10-aa1a-af4297eff32d|rpc:10.1.0.12:33221|dataStream:10.1.0.12:37417|priority:1|startupRole:FOLLOWER, 706a9b8c-4318-427e-9be3-8b37c9b0924f|rpc:10.1.0.12:45297|dataStream:10.1.0.12:44379|priority:0|startupRole:FOLLOWER] with ContainerStateMachine:uninitialized
2023-01-08 22:30:46,967 [pool-117-thread-1] INFO  server.RaftServerConfigKeys (ConfUtils.java:logGet(46)) - raft.server.rpc.timeout.min = 5s (custom)
2023-01-08 22:30:46,967 [pool-117-thread-1] INFO  server.RaftServerConfigKeys (ConfUtils.java:logGet(46)) - raft.server.rpc.timeout.max = 5200ms (custom)
2023-01-08 22:30:46,967 [pool-117-thread-1] INFO  server.RaftServerConfigKeys (ConfUtils.java:logGet(46)) - raft.server.rpc.sleep.time = 25ms (default)
2023-01-08 22:30:46,967 [pool-117-thread-1] INFO  server.RaftServerConfigKeys (ConfUtils.java:logGet(46)) - raft.server.rpc.slowness.timeout = 300s (custom)
2023-01-08 22:30:46,967 [pool-117-thread-1] INFO  server.RaftServerConfigKeys (ConfUtils.java:logGet(46)) - raft.server.leaderelection.leader.step-down.wait-time = 10s (default)
2023-01-08 22:30:46,967 [pool-117-thread-1] INFO  server.RaftServerConfigKeys (ConfUtils.java:logGet(46)) - raft.server.sleep.deviation.threshold = 300ms (default)
2023-01-08 22:30:46,967 [pool-117-thread-1] INFO  server.RaftServer$Division (ServerState.java:<init>(118)) - 1ea1b0cd-ced3-45e8-8c40-55289e6aecfb@group-4942502C2288: ConfigurationManager, init=-1: peers:[1ea1b0cd-ced3-45e8-8c40-55289e6aecfb|rpc:10.1.0.12:40525|dataStream:10.1.0.12:40569|priority:0|startupRole:FOLLOWER, a5f0a7e4-4f3a-4f10-aa1a-af4297eff32d|rpc:10.1.0.12:33221|dataStream:10.1.0.12:37417|priority:1|startupRole:FOLLOWER, 706a9b8c-4318-427e-9be3-8b37c9b0924f|rpc:10.1.0.12:45297|dataStream:10.1.0.12:44379|priority:0|startupRole:FOLLOWER]|listeners:[], old=null, confs=<EMPTY_MAP>
2023-01-08 22:30:46,967 [pool-117-thread-1] INFO  server.RaftServerConfigKeys (ConfUtils.java:logGet(46)) - raft.server.storage.dir = [/home/runner/work/ozone/ozone/hadoop-ozone/integration-test/target/test-dir/MiniOzoneClusterImpl-3463507a-8a94-4be2-9691-6a94fb394e4a/datanode-2/data/ratis] (custom)
2023-01-08 22:30:46,968 [pool-117-thread-1] INFO  server.RaftServerConfigKeys (ConfUtils.java:logGet(46)) - raft.server.log.corruption.policy = EXCEPTION (default)
2023-01-08 22:30:46,968 [pool-117-thread-1] INFO  server.RaftServerConfigKeys (ConfUtils.java:logGet(46)) - raft.server.storage.free-space.min = 0MB (=0) (default)
2023-01-08 22:30:46,968 [pool-117-thread-1] INFO  server.RaftServerConfigKeys (ConfUtils.java:logGet(46)) - raft.server.notification.no-leader.timeout = 300s (custom)
2023-01-08 22:30:46,968 [pool-117-thread-1] INFO  server.RaftServerConfigKeys (ConfUtils.java:logGet(46)) - raft.server.retrycache.expirytime = 600000ms (custom)
2023-01-08 22:30:46,968 [pool-117-thread-1] INFO  server.RaftServerConfigKeys (ConfUtils.java:logGet(46)) - raft.server.retrycache.statistics.expirytime = 100μs (default)
2023-01-08 22:30:46,969 [pool-117-thread-1] INFO  server.RaftServerConfigKeys (ConfUtils.java:logGet(46)) - raft.server.log.appender.install.snapshot.enabled = false (custom)
2023-01-08 22:30:46,969 [pool-117-thread-1] INFO  server.RaftServerConfigKeys (ConfUtils.java:logGet(46)) - raft.server.threadpool.server.cached = true (default)
2023-01-08 22:30:46,969 [pool-117-thread-1] INFO  server.RaftServerConfigKeys (ConfUtils.java:logGet(46)) - raft.server.threadpool.server.size = 0 (default)
2023-01-08 22:30:46,969 [pool-117-thread-1] INFO  server.RaftServerConfigKeys (ConfUtils.java:logGet(46)) - raft.server.threadpool.client.cached = true (default)
2023-01-08 22:30:46,969 [pool-117-thread-1] INFO  server.RaftServerConfigKeys (ConfUtils.java:logGet(46)) - raft.server.threadpool.client.size = 0 (default)
2023-01-08 22:30:46,972 [pool-117-thread-1] INFO  server.RaftServer$Division (RaftServerImpl.java:<init>(195)) - 1ea1b0cd-ced3-45e8-8c40-55289e6aecfb: new RaftServerImpl for group-5A52CB9248BA:[a5f0a7e4-4f3a-4f10-aa1a-af4297eff32d|rpc:10.1.0.12:33221|dataStream:10.1.0.12:37417|priority:0|startupRole:FOLLOWER, 1ea1b0cd-ced3-45e8-8c40-55289e6aecfb|rpc:10.1.0.12:40525|dataStream:10.1.0.12:40569|priority:0|startupRole:FOLLOWER, 706a9b8c-4318-427e-9be3-8b37c9b0924f|rpc:10.1.0.12:45297|dataStream:10.1.0.12:44379|priority:1|startupRole:FOLLOWER] with ContainerStateMachine:uninitialized
2023-01-08 22:30:46,972 [pool-117-thread-1] INFO  server.RaftServerConfigKeys (ConfUtils.java:logGet(46)) - raft.server.rpc.timeout.min = 5s (custom)
2023-01-08 22:30:46,972 [pool-117-thread-1] INFO  server.RaftServerConfigKeys (ConfUtils.java:logGet(46)) - raft.server.rpc.timeout.max = 5200ms (custom)
2023-01-08 22:30:46,972 [pool-117-thread-1] INFO  server.RaftServerConfigKeys (ConfUtils.java:logGet(46)) - raft.server.rpc.sleep.time = 25ms (default)
2023-01-08 22:30:46,973 [pool-117-thread-1] INFO  server.RaftServerConfigKeys (ConfUtils.java:logGet(46)) - raft.server.rpc.slowness.timeout = 300s (custom)
2023-01-08 22:30:46,973 [pool-117-thread-1] INFO  server.RaftServerConfigKeys (ConfUtils.java:logGet(46)) - raft.server.leaderelection.leader.step-down.wait-time = 10s (default)
2023-01-08 22:30:46,973 [pool-117-thread-1] INFO  server.RaftServerConfigKeys (ConfUtils.java:logGet(46)) - raft.server.sleep.deviation.threshold = 300ms (default)
2023-01-08 22:30:46,973 [pool-117-thread-1] INFO  server.RaftServer$Division (ServerState.java:<init>(118)) - 1ea1b0cd-ced3-45e8-8c40-55289e6aecfb@group-5A52CB9248BA: ConfigurationManager, init=-1: peers:[a5f0a7e4-4f3a-4f10-aa1a-af4297eff32d|rpc:10.1.0.12:33221|dataStream:10.1.0.12:37417|priority:0|startupRole:FOLLOWER, 1ea1b0cd-ced3-45e8-8c40-55289e6aecfb|rpc:10.1.0.12:40525|dataStream:10.1.0.12:40569|priority:0|startupRole:FOLLOWER, 706a9b8c-4318-427e-9be3-8b37c9b0924f|rpc:10.1.0.12:45297|dataStream:10.1.0.12:44379|priority:1|startupRole:FOLLOWER]|listeners:[], old=null, confs=<EMPTY_MAP>
2023-01-08 22:30:46,973 [pool-117-thread-1] INFO  server.RaftServerConfigKeys (ConfUtils.java:logGet(46)) - raft.server.storage.dir = [/home/runner/work/ozone/ozone/hadoop-ozone/integration-test/target/test-dir/MiniOzoneClusterImpl-3463507a-8a94-4be2-9691-6a94fb394e4a/datanode-2/data/ratis] (custom)
2023-01-08 22:30:46,973 [pool-117-thread-1] INFO  server.RaftServerConfigKeys (ConfUtils.java:logGet(46)) - raft.server.log.corruption.policy = EXCEPTION (default)
2023-01-08 22:30:46,973 [pool-117-thread-1] INFO  server.RaftServerConfigKeys (ConfUtils.java:logGet(46)) - raft.server.storage.free-space.min = 0MB (=0) (default)
2023-01-08 22:30:46,973 [pool-117-thread-1] INFO  server.RaftServerConfigKeys (ConfUtils.java:logGet(46)) - raft.server.notification.no-leader.timeout = 300s (custom)
2023-01-08 22:30:46,973 [pool-117-thread-1] INFO  server.RaftServerConfigKeys (ConfUtils.java:logGet(46)) - raft.server.retrycache.expirytime = 600000ms (custom)
2023-01-08 22:30:46,973 [pool-117-thread-1] INFO  server.RaftServerConfigKeys (ConfUtils.java:logGet(46)) - raft.server.retrycache.statistics.expirytime = 100μs (default)
2023-01-08 22:30:46,974 [pool-117-thread-1] INFO  server.RaftServerConfigKeys (ConfUtils.java:logGet(46)) - raft.server.log.appender.install.snapshot.enabled = false (custom)
2023-01-08 22:30:46,974 [pool-117-thread-1] INFO  server.RaftServerConfigKeys (ConfUtils.java:logGet(46)) - raft.server.threadpool.server.cached = true (default)
2023-01-08 22:30:46,974 [pool-117-thread-1] INFO  server.RaftServerConfigKeys (ConfUtils.java:logGet(46)) - raft.server.threadpool.server.size = 0 (default)
2023-01-08 22:30:46,974 [pool-117-thread-1] INFO  server.RaftServerConfigKeys (ConfUtils.java:logGet(46)) - raft.server.threadpool.client.cached = true (default)
2023-01-08 22:30:46,974 [pool-117-thread-1] INFO  server.RaftServerConfigKeys (ConfUtils.java:logGet(46)) - raft.server.threadpool.client.size = 0 (default)
2023-01-08 22:30:46,975 [pool-117-thread-1] INFO  storage.RaftStorageDirectory (RaftStorageDirectoryImpl.java:analyzeStorage(137)) - The storage directory /home/runner/work/ozone/ozone/hadoop-ozone/integration-test/target/test-dir/MiniOzoneClusterImpl-3463507a-8a94-4be2-9691-6a94fb394e4a/datanode-2/data/ratis/b8784cc6-8c04-4ac9-8856-4942502c2288 does not exist. Creating ...
2023-01-08 22:30:46,976 [pool-117-thread-1] INFO  storage.RaftStorageDirectory (RaftStorageDirectoryImpl.java:tryLock(231)) - Lock on /home/runner/work/ozone/ozone/hadoop-ozone/integration-test/target/test-dir/MiniOzoneClusterImpl-3463507a-8a94-4be2-9691-6a94fb394e4a/datanode-2/data/ratis/b8784cc6-8c04-4ac9-8856-4942502c2288/in_use.lock acquired by nodename 69525@fv-az390-965
2023-01-08 22:30:46,977 [pool-117-thread-1] INFO  storage.RaftStorage (RaftStorageImpl.java:format(96)) - Storage directory /home/runner/work/ozone/ozone/hadoop-ozone/integration-test/target/test-dir/MiniOzoneClusterImpl-3463507a-8a94-4be2-9691-6a94fb394e4a/datanode-2/data/ratis/b8784cc6-8c04-4ac9-8856-4942502c2288 has been successfully formatted.
2023-01-08 22:30:46,977 [pool-117-thread-1] INFO  ratis.ContainerStateMachine (ContainerStateMachine.java:loadSnapshot(240)) - group-4942502C2288: The snapshot info is null. Setting the last applied indexto:(t:0, i:~)
2023-01-08 22:30:46,977 [pool-117-thread-1] INFO  server.RaftServerConfigKeys (ConfUtils.java:logGet(46)) - raft.server.log.use.memory = false (default)
2023-01-08 22:30:46,977 [pool-117-thread-1] INFO  server.RaftServerConfigKeys (ConfUtils.java:logGet(46)) - raft.server.log.purge.gap = 1000000 (custom)
2023-01-08 22:30:46,977 [pool-117-thread-1] INFO  server.RaftServerConfigKeys (ConfUtils.java:logGet(46)) - raft.server.log.appender.buffer.byte-limit = 33554432 (custom)
2023-01-08 22:30:46,977 [pool-117-thread-1] INFO  server.RaftServerConfigKeys (ConfUtils.java:logGet(46)) - raft.server.log.statemachine.data.read.timeout = 1000ms (default)
2023-01-08 22:30:46,977 [pool-117-thread-1] INFO  server.RaftServerConfigKeys (ConfUtils.java:logGet(46)) - raft.server.log.purge.preservation.log.num = 0 (default)
2023-01-08 22:30:46,978 [pool-117-thread-1] INFO  server.RaftServerConfigKeys (ConfUtils.java:logGet(46)) - raft.server.log.segment.size.max = 1048576 (custom)
2023-01-08 22:30:46,981 [EventQueue-OpenPipelineForHealthyPipelineSafeModeRule] INFO  safemode.SCMSafeModeManager (HealthyPipelineSafeModeRule.java:process(137)) - SCM in safe mode. Healthy pipelines reported count is 0, required healthy pipeline reported count is 1
2023-01-08 22:30:46,984 [pool-117-thread-1] INFO  server.RaftServerConfigKeys (ConfUtils.java:logGet(46)) - raft.server.log.segment.cache.num.max = 2 (custom)
2023-01-08 22:30:46,986 [pool-117-thread-1] INFO  server.RaftServerConfigKeys (ConfUtils.java:logGet(46)) - raft.server.log.segment.cache.size.max = 200MB (=209715200) (default)
2023-01-08 22:30:46,986 [pool-117-thread-1] INFO  segmented.SegmentedRaftLogWorker (SegmentedRaftLogWorker.java:<init>(189)) - new 1ea1b0cd-ced3-45e8-8c40-55289e6aecfb@group-4942502C2288-SegmentedRaftLogWorker for RaftStorageImpl:Storage Directory /home/runner/work/ozone/ozone/hadoop-ozone/integration-test/target/test-dir/MiniOzoneClusterImpl-3463507a-8a94-4be2-9691-6a94fb394e4a/datanode-2/data/ratis/b8784cc6-8c04-4ac9-8856-4942502c2288
2023-01-08 22:30:46,986 [pool-117-thread-1] INFO  server.RaftServerConfigKeys (ConfUtils.java:logGet(46)) - raft.server.log.queue.byte-limit = 4294967296 (custom)
2023-01-08 22:30:46,986 [pool-117-thread-1] INFO  server.RaftServerConfigKeys (ConfUtils.java:logGet(46)) - raft.server.log.queue.element-limit = 1024 (custom)
2023-01-08 22:30:46,986 [pool-117-thread-1] INFO  server.RaftServerConfigKeys (ConfUtils.java:logGet(46)) - raft.server.log.segment.size.max = 1048576 (custom)
2023-01-08 22:30:46,986 [pool-117-thread-1] INFO  server.RaftServerConfigKeys (ConfUtils.java:logGet(46)) - raft.server.log.preallocated.size = 16384 (custom)
2023-01-08 22:30:46,986 [pool-117-thread-1] INFO  server.RaftServerConfigKeys (ConfUtils.java:logGet(46)) - raft.server.log.force.sync.num = 128 (default)
2023-01-08 22:30:46,986 [pool-117-thread-1] INFO  server.RaftServerConfigKeys (ConfUtils.java:logGet(46)) - raft.server.log.statemachine.data.sync = true (default)
2023-01-08 22:30:46,987 [pool-117-thread-1] INFO  server.RaftServerConfigKeys (ConfUtils.java:logGet(46)) - raft.server.log.statemachine.data.sync.timeout = 10s (default)
2023-01-08 22:30:46,987 [pool-117-thread-1] INFO  server.RaftServerConfigKeys (ConfUtils.java:logGet(46)) - raft.server.log.statemachine.data.sync.timeout.retry = -1 (default)
2023-01-08 22:30:46,989 [pool-117-thread-1] INFO  server.RaftServerConfigKeys (ConfUtils.java:logGet(46)) - raft.server.log.write.buffer.size = 1048576 (custom)
2023-01-08 22:30:46,990 [pool-117-thread-1] INFO  server.RaftServerConfigKeys (ConfUtils.java:logGet(46)) - raft.server.log.appender.buffer.byte-limit = 33554432 (custom)
2023-01-08 22:30:47,000 [pool-117-thread-1] INFO  server.RaftServerConfigKeys (ConfUtils.java:logGet(46)) - raft.server.log.unsafe-flush.enabled = false (default)
2023-01-08 22:30:47,002 [pool-117-thread-1] INFO  server.RaftServerConfigKeys (ConfUtils.java:logGet(46)) - raft.server.log.async-flush.enabled = false (default)
2023-01-08 22:30:47,002 [pool-117-thread-1] INFO  server.RaftServerConfigKeys (ConfUtils.java:logGet(46)) - raft.server.log.statemachine.data.caching.enabled = true (custom)
2023-01-08 22:30:47,002 [pool-117-thread-1] INFO  segmented.SegmentedRaftLogWorker (SegmentedRaftLogWorker.java:lambda$new$0(135)) - 1ea1b0cd-ced3-45e8-8c40-55289e6aecfb@group-4942502C2288-SegmentedRaftLogWorker: flushIndex: setUnconditionally 0 -> -1
2023-01-08 22:30:47,002 [pool-117-thread-1] INFO  segmented.SegmentedRaftLogWorker (SegmentedRaftLogWorker.java:lambda$new$0(135)) - 1ea1b0cd-ced3-45e8-8c40-55289e6aecfb@group-4942502C2288-SegmentedRaftLogWorker: safeCacheEvictIndex: setUnconditionally 0 -> -1
2023-01-08 22:30:47,002 [pool-117-thread-1] INFO  server.RaftServer$Division (RaftServerImpl.java:start(334)) - 1ea1b0cd-ced3-45e8-8c40-55289e6aecfb@group-4942502C2288: start as a follower, conf=-1: peers:[1ea1b0cd-ced3-45e8-8c40-55289e6aecfb|rpc:10.1.0.12:40525|dataStream:10.1.0.12:40569|priority:0|startupRole:FOLLOWER, a5f0a7e4-4f3a-4f10-aa1a-af4297eff32d|rpc:10.1.0.12:33221|dataStream:10.1.0.12:37417|priority:1|startupRole:FOLLOWER, 706a9b8c-4318-427e-9be3-8b37c9b0924f|rpc:10.1.0.12:45297|dataStream:10.1.0.12:44379|priority:0|startupRole:FOLLOWER]|listeners:[], old=null
2023-01-08 22:30:47,002 [pool-117-thread-1] INFO  server.RaftServer$Division (RaftServerImpl.java:setRole(321)) - 1ea1b0cd-ced3-45e8-8c40-55289e6aecfb@group-4942502C2288: changes role from      null to FOLLOWER at term 0 for startAsFollower
2023-01-08 22:30:47,002 [pool-117-thread-1] INFO  impl.RoleInfo (RoleInfo.java:updateAndGet(139)) - 1ea1b0cd-ced3-45e8-8c40-55289e6aecfb: start 1ea1b0cd-ced3-45e8-8c40-55289e6aecfb@group-4942502C2288-FollowerState
2023-01-08 22:30:47,004 [pool-117-thread-1] INFO  util.JmxRegister (JmxRegister.java:tryRegister(44)) - Successfully registered JMX Bean with object name Ratis:service=RaftServer,group=group-4942502C2288,id=1ea1b0cd-ced3-45e8-8c40-55289e6aecfb
2023-01-08 22:30:47,004 [pool-117-thread-1] INFO  server.RaftServerConfigKeys (ConfUtils.java:logGet(46)) - raft.server.snapshot.auto.trigger.enabled = true (custom)
2023-01-08 22:30:47,005 [pool-117-thread-1] INFO  server.RaftServerConfigKeys (ConfUtils.java:logGet(46)) - raft.server.snapshot.auto.trigger.threshold = 10000 (custom)
2023-01-08 22:30:47,005 [pool-117-thread-1] INFO  server.RaftServerConfigKeys (ConfUtils.java:logGet(46)) - raft.server.snapshot.retention.file.num = 5 (custom)
2023-01-08 22:30:47,005 [pool-117-thread-1] INFO  server.RaftServerConfigKeys (ConfUtils.java:logGet(46)) - raft.server.log.purge.upto.snapshot.index = false (default)
2023-01-08 22:30:47,010 [1ea1b0cd-ced3-45e8-8c40-55289e6aecfb@group-4942502C2288-FollowerState] INFO  server.RaftServerConfigKeys (ConfUtils.java:logFallback(53)) - raft.server.rpc.first-election.timeout.min = 5s (fallback to raft.server.rpc.timeout.min)
2023-01-08 22:30:47,015 [pool-117-thread-1] INFO  storage.RaftStorageDirectory (RaftStorageDirectoryImpl.java:analyzeStorage(137)) - The storage directory /home/runner/work/ozone/ozone/hadoop-ozone/integration-test/target/test-dir/MiniOzoneClusterImpl-3463507a-8a94-4be2-9691-6a94fb394e4a/datanode-2/data/ratis/1d76360a-f64d-4a32-9733-5a52cb9248ba does not exist. Creating ...
2023-01-08 22:30:47,020 [1ea1b0cd-ced3-45e8-8c40-55289e6aecfb@group-4942502C2288-FollowerState] INFO  server.RaftServerConfigKeys (ConfUtils.java:logFallback(53)) - raft.server.rpc.first-election.timeout.max = 5200ms (fallback to raft.server.rpc.timeout.max)
2023-01-08 22:30:47,021 [pool-117-thread-1] INFO  storage.RaftStorageDirectory (RaftStorageDirectoryImpl.java:tryLock(231)) - Lock on /home/runner/work/ozone/ozone/hadoop-ozone/integration-test/target/test-dir/MiniOzoneClusterImpl-3463507a-8a94-4be2-9691-6a94fb394e4a/datanode-2/data/ratis/1d76360a-f64d-4a32-9733-5a52cb9248ba/in_use.lock acquired by nodename 69525@fv-az390-965
2023-01-08 22:30:47,022 [pool-117-thread-1] INFO  storage.RaftStorage (RaftStorageImpl.java:format(96)) - Storage directory /home/runner/work/ozone/ozone/hadoop-ozone/integration-test/target/test-dir/MiniOzoneClusterImpl-3463507a-8a94-4be2-9691-6a94fb394e4a/datanode-2/data/ratis/1d76360a-f64d-4a32-9733-5a52cb9248ba has been successfully formatted.
2023-01-08 22:30:47,023 [pool-117-thread-1] INFO  ratis.ContainerStateMachine (ContainerStateMachine.java:loadSnapshot(240)) - group-5A52CB9248BA: The snapshot info is null. Setting the last applied indexto:(t:0, i:~)
2023-01-08 22:30:47,023 [pool-117-thread-1] INFO  server.RaftServerConfigKeys (ConfUtils.java:logGet(46)) - raft.server.log.use.memory = false (default)
2023-01-08 22:30:47,023 [pool-117-thread-1] INFO  server.RaftServerConfigKeys (ConfUtils.java:logGet(46)) - raft.server.log.purge.gap = 1000000 (custom)
2023-01-08 22:30:47,023 [pool-117-thread-1] INFO  server.RaftServerConfigKeys (ConfUtils.java:logGet(46)) - raft.server.log.appender.buffer.byte-limit = 33554432 (custom)
2023-01-08 22:30:47,023 [pool-117-thread-1] INFO  server.RaftServerConfigKeys (ConfUtils.java:logGet(46)) - raft.server.log.statemachine.data.read.timeout = 1000ms (default)
2023-01-08 22:30:47,023 [pool-117-thread-1] INFO  server.RaftServerConfigKeys (ConfUtils.java:logGet(46)) - raft.server.log.purge.preservation.log.num = 0 (default)
2023-01-08 22:30:47,023 [pool-117-thread-1] INFO  server.RaftServerConfigKeys (ConfUtils.java:logGet(46)) - raft.server.log.segment.size.max = 1048576 (custom)
2023-01-08 22:30:47,024 [pool-117-thread-1] INFO  server.RaftServerConfigKeys (ConfUtils.java:logGet(46)) - raft.server.log.segment.cache.num.max = 2 (custom)
2023-01-08 22:30:47,024 [pool-117-thread-1] INFO  server.RaftServerConfigKeys (ConfUtils.java:logGet(46)) - raft.server.log.segment.cache.size.max = 200MB (=209715200) (default)
2023-01-08 22:30:47,024 [pool-117-thread-1] INFO  segmented.SegmentedRaftLogWorker (SegmentedRaftLogWorker.java:<init>(189)) - new 1ea1b0cd-ced3-45e8-8c40-55289e6aecfb@group-5A52CB9248BA-SegmentedRaftLogWorker for RaftStorageImpl:Storage Directory /home/runner/work/ozone/ozone/hadoop-ozone/integration-test/target/test-dir/MiniOzoneClusterImpl-3463507a-8a94-4be2-9691-6a94fb394e4a/datanode-2/data/ratis/1d76360a-f64d-4a32-9733-5a52cb9248ba
2023-01-08 22:30:47,024 [pool-117-thread-1] INFO  server.RaftServerConfigKeys (ConfUtils.java:logGet(46)) - raft.server.log.queue.byte-limit = 4294967296 (custom)
2023-01-08 22:30:47,024 [pool-117-thread-1] INFO  server.RaftServerConfigKeys (ConfUtils.java:logGet(46)) - raft.server.log.queue.element-limit = 1024 (custom)
2023-01-08 22:30:47,024 [pool-117-thread-1] INFO  server.RaftServerConfigKeys (ConfUtils.java:logGet(46)) - raft.server.log.segment.size.max = 1048576 (custom)
2023-01-08 22:30:47,024 [pool-117-thread-1] INFO  server.RaftServerConfigKeys (ConfUtils.java:logGet(46)) - raft.server.log.preallocated.size = 16384 (custom)
2023-01-08 22:30:47,024 [pool-117-thread-1] INFO  server.RaftServerConfigKeys (ConfUtils.java:logGet(46)) - raft.server.log.force.sync.num = 128 (default)
2023-01-08 22:30:47,024 [pool-117-thread-1] INFO  server.RaftServerConfigKeys (ConfUtils.java:logGet(46)) - raft.server.log.statemachine.data.sync = true (default)
2023-01-08 22:30:47,024 [pool-117-thread-1] INFO  server.RaftServerConfigKeys (ConfUtils.java:logGet(46)) - raft.server.log.statemachine.data.sync.timeout = 10s (default)
2023-01-08 22:30:47,024 [pool-117-thread-1] INFO  server.RaftServerConfigKeys (ConfUtils.java:logGet(46)) - raft.server.log.statemachine.data.sync.timeout.retry = -1 (default)
2023-01-08 22:30:47,025 [pool-117-thread-1] INFO  server.RaftServerConfigKeys (ConfUtils.java:logGet(46)) - raft.server.log.write.buffer.size = 1048576 (custom)
2023-01-08 22:30:47,031 [pool-117-thread-1] INFO  server.RaftServerConfigKeys (ConfUtils.java:logGet(46)) - raft.server.log.appender.buffer.byte-limit = 33554432 (custom)
2023-01-08 22:30:47,033 [EventQueue-OpenPipelineForHealthyPipelineSafeModeRule] INFO  safemode.SCMSafeModeManager (HealthyPipelineSafeModeRule.java:process(137)) - SCM in safe mode. Healthy pipelines reported count is 0, required healthy pipeline reported count is 1
2023-01-08 22:30:47,048 [pool-117-thread-1] INFO  server.RaftServerConfigKeys (ConfUtils.java:logGet(46)) - raft.server.log.unsafe-flush.enabled = false (default)
2023-01-08 22:30:47,048 [pool-117-thread-1] INFO  server.RaftServerConfigKeys (ConfUtils.java:logGet(46)) - raft.server.log.async-flush.enabled = false (default)
2023-01-08 22:30:47,048 [pool-117-thread-1] INFO  server.RaftServerConfigKeys (ConfUtils.java:logGet(46)) - raft.server.log.statemachine.data.caching.enabled = true (custom)
2023-01-08 22:30:47,049 [pool-117-thread-1] INFO  segmented.SegmentedRaftLogWorker (SegmentedRaftLogWorker.java:lambda$new$0(135)) - 1ea1b0cd-ced3-45e8-8c40-55289e6aecfb@group-5A52CB9248BA-SegmentedRaftLogWorker: flushIndex: setUnconditionally 0 -> -1
2023-01-08 22:30:47,049 [pool-117-thread-1] INFO  segmented.SegmentedRaftLogWorker (SegmentedRaftLogWorker.java:lambda$new$0(135)) - 1ea1b0cd-ced3-45e8-8c40-55289e6aecfb@group-5A52CB9248BA-SegmentedRaftLogWorker: safeCacheEvictIndex: setUnconditionally 0 -> -1
2023-01-08 22:30:47,049 [pool-117-thread-1] INFO  server.RaftServer$Division (RaftServerImpl.java:start(334)) - 1ea1b0cd-ced3-45e8-8c40-55289e6aecfb@group-5A52CB9248BA: start as a follower, conf=-1: peers:[a5f0a7e4-4f3a-4f10-aa1a-af4297eff32d|rpc:10.1.0.12:33221|dataStream:10.1.0.12:37417|priority:0|startupRole:FOLLOWER, 1ea1b0cd-ced3-45e8-8c40-55289e6aecfb|rpc:10.1.0.12:40525|dataStream:10.1.0.12:40569|priority:0|startupRole:FOLLOWER, 706a9b8c-4318-427e-9be3-8b37c9b0924f|rpc:10.1.0.12:45297|dataStream:10.1.0.12:44379|priority:1|startupRole:FOLLOWER]|listeners:[], old=null
2023-01-08 22:30:47,049 [pool-117-thread-1] INFO  server.RaftServer$Division (RaftServerImpl.java:setRole(321)) - 1ea1b0cd-ced3-45e8-8c40-55289e6aecfb@group-5A52CB9248BA: changes role from      null to FOLLOWER at term 0 for startAsFollower
2023-01-08 22:30:47,049 [pool-117-thread-1] INFO  impl.RoleInfo (RoleInfo.java:updateAndGet(139)) - 1ea1b0cd-ced3-45e8-8c40-55289e6aecfb: start 1ea1b0cd-ced3-45e8-8c40-55289e6aecfb@group-5A52CB9248BA-FollowerState
2023-01-08 22:30:47,050 [pool-117-thread-1] INFO  util.JmxRegister (JmxRegister.java:tryRegister(44)) - Successfully registered JMX Bean with object name Ratis:service=RaftServer,group=group-5A52CB9248BA,id=1ea1b0cd-ced3-45e8-8c40-55289e6aecfb
2023-01-08 22:30:47,050 [pool-117-thread-1] INFO  server.RaftServerConfigKeys (ConfUtils.java:logGet(46)) - raft.server.snapshot.auto.trigger.enabled = true (custom)
2023-01-08 22:30:47,050 [pool-117-thread-1] INFO  server.RaftServerConfigKeys (ConfUtils.java:logGet(46)) - raft.server.snapshot.auto.trigger.threshold = 10000 (custom)
2023-01-08 22:30:47,051 [pool-117-thread-1] INFO  server.RaftServerConfigKeys (ConfUtils.java:logGet(46)) - raft.server.snapshot.retention.file.num = 5 (custom)
2023-01-08 22:30:47,051 [pool-117-thread-1] INFO  server.RaftServerConfigKeys (ConfUtils.java:logGet(46)) - raft.server.log.purge.upto.snapshot.index = false (default)
2023-01-08 22:30:47,052 [1ea1b0cd-ced3-45e8-8c40-55289e6aecfb@group-5A52CB9248BA-FollowerState] INFO  server.RaftServerConfigKeys (ConfUtils.java:logFallback(53)) - raft.server.rpc.first-election.timeout.min = 5s (fallback to raft.server.rpc.timeout.min)
2023-01-08 22:30:47,054 [Command processor thread] INFO  ratis.XceiverServerRatis (XceiverServerRatis.java:addGroup(806)) - Created group PipelineID=1d76360a-f64d-4a32-9733-5a52cb9248ba
2023-01-08 22:30:47,065 [1ea1b0cd-ced3-45e8-8c40-55289e6aecfb@group-5A52CB9248BA-FollowerState] INFO  server.RaftServerConfigKeys (ConfUtils.java:logFallback(53)) - raft.server.rpc.first-election.timeout.max = 5200ms (fallback to raft.server.rpc.timeout.max)
2023-01-08 22:30:47,133 [grpc-default-executor-1] INFO  server.RaftServer (RaftServerProxy.java:addNew(96)) - a5f0a7e4-4f3a-4f10-aa1a-af4297eff32d: addNew group-5A52CB9248BA:[a5f0a7e4-4f3a-4f10-aa1a-af4297eff32d|rpc:10.1.0.12:33221|dataStream:10.1.0.12:37417|priority:0|startupRole:FOLLOWER, 1ea1b0cd-ced3-45e8-8c40-55289e6aecfb|rpc:10.1.0.12:40525|dataStream:10.1.0.12:40569|priority:0|startupRole:FOLLOWER, 706a9b8c-4318-427e-9be3-8b37c9b0924f|rpc:10.1.0.12:45297|dataStream:10.1.0.12:44379|priority:1|startupRole:FOLLOWER] returns group-5A52CB9248BA:java.util.concurrent.CompletableFuture@7bdd68b2[Not completed]
2023-01-08 22:30:47,134 [pool-94-thread-1] INFO  server.RaftServer$Division (RaftServerImpl.java:<init>(195)) - a5f0a7e4-4f3a-4f10-aa1a-af4297eff32d: new RaftServerImpl for group-5A52CB9248BA:[a5f0a7e4-4f3a-4f10-aa1a-af4297eff32d|rpc:10.1.0.12:33221|dataStream:10.1.0.12:37417|priority:0|startupRole:FOLLOWER, 1ea1b0cd-ced3-45e8-8c40-55289e6aecfb|rpc:10.1.0.12:40525|dataStream:10.1.0.12:40569|priority:0|startupRole:FOLLOWER, 706a9b8c-4318-427e-9be3-8b37c9b0924f|rpc:10.1.0.12:45297|dataStream:10.1.0.12:44379|priority:1|startupRole:FOLLOWER] with ContainerStateMachine:uninitialized
2023-01-08 22:30:47,134 [pool-94-thread-1] INFO  server.RaftServerConfigKeys (ConfUtils.java:logGet(46)) - raft.server.rpc.timeout.min = 5s (custom)
2023-01-08 22:30:47,134 [pool-94-thread-1] INFO  server.RaftServerConfigKeys (ConfUtils.java:logGet(46)) - raft.server.rpc.timeout.max = 5200ms (custom)
2023-01-08 22:30:47,134 [pool-94-thread-1] INFO  server.RaftServerConfigKeys (ConfUtils.java:logGet(46)) - raft.server.rpc.sleep.time = 25ms (default)
2023-01-08 22:30:47,134 [pool-94-thread-1] INFO  server.RaftServerConfigKeys (ConfUtils.java:logGet(46)) - raft.server.rpc.slowness.timeout = 300s (custom)
2023-01-08 22:30:47,134 [pool-94-thread-1] INFO  server.RaftServerConfigKeys (ConfUtils.java:logGet(46)) - raft.server.leaderelection.leader.step-down.wait-time = 10s (default)
2023-01-08 22:30:47,134 [pool-94-thread-1] INFO  server.RaftServerConfigKeys (ConfUtils.java:logGet(46)) - raft.server.sleep.deviation.threshold = 300ms (default)
2023-01-08 22:30:47,134 [pool-94-thread-1] INFO  server.RaftServer$Division (ServerState.java:<init>(118)) - a5f0a7e4-4f3a-4f10-aa1a-af4297eff32d@group-5A52CB9248BA: ConfigurationManager, init=-1: peers:[a5f0a7e4-4f3a-4f10-aa1a-af4297eff32d|rpc:10.1.0.12:33221|dataStream:10.1.0.12:37417|priority:0|startupRole:FOLLOWER, 1ea1b0cd-ced3-45e8-8c40-55289e6aecfb|rpc:10.1.0.12:40525|dataStream:10.1.0.12:40569|priority:0|startupRole:FOLLOWER, 706a9b8c-4318-427e-9be3-8b37c9b0924f|rpc:10.1.0.12:45297|dataStream:10.1.0.12:44379|priority:1|startupRole:FOLLOWER]|listeners:[], old=null, confs=<EMPTY_MAP>
2023-01-08 22:30:47,134 [pool-94-thread-1] INFO  server.RaftServerConfigKeys (ConfUtils.java:logGet(46)) - raft.server.storage.dir = [/home/runner/work/ozone/ozone/hadoop-ozone/integration-test/target/test-dir/MiniOzoneClusterImpl-3463507a-8a94-4be2-9691-6a94fb394e4a/datanode-1/data/ratis] (custom)
2023-01-08 22:30:47,135 [pool-94-thread-1] INFO  server.RaftServerConfigKeys (ConfUtils.java:logGet(46)) - raft.server.log.corruption.policy = EXCEPTION (default)
2023-01-08 22:30:47,135 [pool-94-thread-1] INFO  server.RaftServerConfigKeys (ConfUtils.java:logGet(46)) - raft.server.storage.free-space.min = 0MB (=0) (default)
2023-01-08 22:30:47,135 [pool-94-thread-1] INFO  server.RaftServerConfigKeys (ConfUtils.java:logGet(46)) - raft.server.notification.no-leader.timeout = 300s (custom)
2023-01-08 22:30:47,135 [pool-94-thread-1] INFO  server.RaftServerConfigKeys (ConfUtils.java:logGet(46)) - raft.server.retrycache.expirytime = 600000ms (custom)
2023-01-08 22:30:47,135 [pool-94-thread-1] INFO  server.RaftServerConfigKeys (ConfUtils.java:logGet(46)) - raft.server.retrycache.statistics.expirytime = 100μs (default)
2023-01-08 22:30:47,136 [pool-94-thread-1] INFO  server.RaftServerConfigKeys (ConfUtils.java:logGet(46)) - raft.server.log.appender.install.snapshot.enabled = false (custom)
2023-01-08 22:30:47,136 [pool-94-thread-1] INFO  server.RaftServerConfigKeys (ConfUtils.java:logGet(46)) - raft.server.threadpool.server.cached = true (default)
2023-01-08 22:30:47,136 [pool-94-thread-1] INFO  server.RaftServerConfigKeys (ConfUtils.java:logGet(46)) - raft.server.threadpool.server.size = 0 (default)
2023-01-08 22:30:47,136 [pool-94-thread-1] INFO  server.RaftServerConfigKeys (ConfUtils.java:logGet(46)) - raft.server.threadpool.client.cached = true (default)
2023-01-08 22:30:47,136 [pool-94-thread-1] INFO  server.RaftServerConfigKeys (ConfUtils.java:logGet(46)) - raft.server.threadpool.client.size = 0 (default)
2023-01-08 22:30:47,136 [pool-94-thread-1] INFO  storage.RaftStorageDirectory (RaftStorageDirectoryImpl.java:analyzeStorage(137)) - The storage directory /home/runner/work/ozone/ozone/hadoop-ozone/integration-test/target/test-dir/MiniOzoneClusterImpl-3463507a-8a94-4be2-9691-6a94fb394e4a/datanode-1/data/ratis/1d76360a-f64d-4a32-9733-5a52cb9248ba does not exist. Creating ...
2023-01-08 22:30:47,139 [pool-94-thread-1] INFO  storage.RaftStorageDirectory (RaftStorageDirectoryImpl.java:tryLock(231)) - Lock on /home/runner/work/ozone/ozone/hadoop-ozone/integration-test/target/test-dir/MiniOzoneClusterImpl-3463507a-8a94-4be2-9691-6a94fb394e4a/datanode-1/data/ratis/1d76360a-f64d-4a32-9733-5a52cb9248ba/in_use.lock acquired by nodename 69525@fv-az390-965
2023-01-08 22:30:47,142 [pool-94-thread-1] INFO  storage.RaftStorage (RaftStorageImpl.java:format(96)) - Storage directory /home/runner/work/ozone/ozone/hadoop-ozone/integration-test/target/test-dir/MiniOzoneClusterImpl-3463507a-8a94-4be2-9691-6a94fb394e4a/datanode-1/data/ratis/1d76360a-f64d-4a32-9733-5a52cb9248ba has been successfully formatted.
2023-01-08 22:30:47,143 [pool-94-thread-1] INFO  ratis.ContainerStateMachine (ContainerStateMachine.java:loadSnapshot(240)) - group-5A52CB9248BA: The snapshot info is null. Setting the last applied indexto:(t:0, i:~)
2023-01-08 22:30:47,143 [pool-94-thread-1] INFO  server.RaftServerConfigKeys (ConfUtils.java:logGet(46)) - raft.server.log.use.memory = false (default)
2023-01-08 22:30:47,143 [pool-94-thread-1] INFO  server.RaftServerConfigKeys (ConfUtils.java:logGet(46)) - raft.server.log.purge.gap = 1000000 (custom)
2023-01-08 22:30:47,143 [pool-94-thread-1] INFO  server.RaftServerConfigKeys (ConfUtils.java:logGet(46)) - raft.server.log.appender.buffer.byte-limit = 33554432 (custom)
2023-01-08 22:30:47,143 [pool-94-thread-1] INFO  server.RaftServerConfigKeys (ConfUtils.java:logGet(46)) - raft.server.log.statemachine.data.read.timeout = 1000ms (default)
2023-01-08 22:30:47,143 [pool-94-thread-1] INFO  server.RaftServerConfigKeys (ConfUtils.java:logGet(46)) - raft.server.log.purge.preservation.log.num = 0 (default)
2023-01-08 22:30:47,144 [pool-94-thread-1] INFO  server.RaftServerConfigKeys (ConfUtils.java:logGet(46)) - raft.server.log.segment.size.max = 1048576 (custom)
2023-01-08 22:30:47,144 [pool-94-thread-1] INFO  server.RaftServerConfigKeys (ConfUtils.java:logGet(46)) - raft.server.log.segment.cache.num.max = 2 (custom)
2023-01-08 22:30:47,144 [pool-94-thread-1] INFO  server.RaftServerConfigKeys (ConfUtils.java:logGet(46)) - raft.server.log.segment.cache.size.max = 200MB (=209715200) (default)
2023-01-08 22:30:47,144 [pool-94-thread-1] INFO  segmented.SegmentedRaftLogWorker (SegmentedRaftLogWorker.java:<init>(189)) - new a5f0a7e4-4f3a-4f10-aa1a-af4297eff32d@group-5A52CB9248BA-SegmentedRaftLogWorker for RaftStorageImpl:Storage Directory /home/runner/work/ozone/ozone/hadoop-ozone/integration-test/target/test-dir/MiniOzoneClusterImpl-3463507a-8a94-4be2-9691-6a94fb394e4a/datanode-1/data/ratis/1d76360a-f64d-4a32-9733-5a52cb9248ba
2023-01-08 22:30:47,144 [pool-94-thread-1] INFO  server.RaftServerConfigKeys (ConfUtils.java:logGet(46)) - raft.server.log.queue.byte-limit = 4294967296 (custom)
2023-01-08 22:30:47,144 [pool-94-thread-1] INFO  server.RaftServerConfigKeys (ConfUtils.java:logGet(46)) - raft.server.log.queue.element-limit = 1024 (custom)
2023-01-08 22:30:47,144 [pool-94-thread-1] INFO  server.RaftServerConfigKeys (ConfUtils.java:logGet(46)) - raft.server.log.segment.size.max = 1048576 (custom)
2023-01-08 22:30:47,144 [pool-94-thread-1] INFO  server.RaftServerConfigKeys (ConfUtils.java:logGet(46)) - raft.server.log.preallocated.size = 16384 (custom)
2023-01-08 22:30:47,144 [pool-94-thread-1] INFO  server.RaftServerConfigKeys (ConfUtils.java:logGet(46)) - raft.server.log.force.sync.num = 128 (default)
2023-01-08 22:30:47,144 [pool-94-thread-1] INFO  server.RaftServerConfigKeys (ConfUtils.java:logGet(46)) - raft.server.log.statemachine.data.sync = true (default)
2023-01-08 22:30:47,144 [pool-94-thread-1] INFO  server.RaftServerConfigKeys (ConfUtils.java:logGet(46)) - raft.server.log.statemachine.data.sync.timeout = 10s (default)
2023-01-08 22:30:47,144 [pool-94-thread-1] INFO  server.RaftServerConfigKeys (ConfUtils.java:logGet(46)) - raft.server.log.statemachine.data.sync.timeout.retry = -1 (default)
2023-01-08 22:30:47,145 [pool-94-thread-1] INFO  server.RaftServerConfigKeys (ConfUtils.java:logGet(46)) - raft.server.log.write.buffer.size = 1048576 (custom)
2023-01-08 22:30:47,148 [EventQueue-OpenPipelineForHealthyPipelineSafeModeRule] INFO  safemode.SCMSafeModeManager (HealthyPipelineSafeModeRule.java:process(137)) - SCM in safe mode. Healthy pipelines reported count is 0, required healthy pipeline reported count is 1
2023-01-08 22:30:47,155 [pool-94-thread-1] INFO  server.RaftServerConfigKeys (ConfUtils.java:logGet(46)) - raft.server.log.appender.buffer.byte-limit = 33554432 (custom)
2023-01-08 22:30:47,167 [pool-94-thread-1] INFO  server.RaftServerConfigKeys (ConfUtils.java:logGet(46)) - raft.server.log.unsafe-flush.enabled = false (default)
2023-01-08 22:30:47,167 [pool-94-thread-1] INFO  server.RaftServerConfigKeys (ConfUtils.java:logGet(46)) - raft.server.log.async-flush.enabled = false (default)
2023-01-08 22:30:47,167 [pool-94-thread-1] INFO  server.RaftServerConfigKeys (ConfUtils.java:logGet(46)) - raft.server.log.statemachine.data.caching.enabled = true (custom)
2023-01-08 22:30:47,167 [pool-94-thread-1] INFO  segmented.SegmentedRaftLogWorker (SegmentedRaftLogWorker.java:lambda$new$0(135)) - a5f0a7e4-4f3a-4f10-aa1a-af4297eff32d@group-5A52CB9248BA-SegmentedRaftLogWorker: flushIndex: setUnconditionally 0 -> -1
2023-01-08 22:30:47,167 [pool-94-thread-1] INFO  segmented.SegmentedRaftLogWorker (SegmentedRaftLogWorker.java:lambda$new$0(135)) - a5f0a7e4-4f3a-4f10-aa1a-af4297eff32d@group-5A52CB9248BA-SegmentedRaftLogWorker: safeCacheEvictIndex: setUnconditionally 0 -> -1
2023-01-08 22:30:47,169 [Command processor thread] INFO  commandhandler.CreatePipelineCommandHandler (CreatePipelineCommandHandler.java:handle(113)) - Created Pipeline RATIS THREE PipelineID=b8784cc6-8c04-4ac9-8856-4942502c2288.
2023-01-08 22:30:47,169 [Command processor thread] INFO  server.RaftServer (RaftServerProxy.java:addNew(96)) - 706a9b8c-4318-427e-9be3-8b37c9b0924f: addNew group-5A52CB9248BA:[a5f0a7e4-4f3a-4f10-aa1a-af4297eff32d|rpc:10.1.0.12:33221|dataStream:10.1.0.12:37417|priority:0|startupRole:FOLLOWER, 1ea1b0cd-ced3-45e8-8c40-55289e6aecfb|rpc:10.1.0.12:40525|dataStream:10.1.0.12:40569|priority:0|startupRole:FOLLOWER, 706a9b8c-4318-427e-9be3-8b37c9b0924f|rpc:10.1.0.12:45297|dataStream:10.1.0.12:44379|priority:1|startupRole:FOLLOWER] returns group-5A52CB9248BA:java.util.concurrent.CompletableFuture@2a2087c3[Not completed]
2023-01-08 22:30:47,171 [pool-71-thread-1] INFO  server.RaftServer$Division (RaftServerImpl.java:<init>(195)) - 706a9b8c-4318-427e-9be3-8b37c9b0924f: new RaftServerImpl for group-5A52CB9248BA:[a5f0a7e4-4f3a-4f10-aa1a-af4297eff32d|rpc:10.1.0.12:33221|dataStream:10.1.0.12:37417|priority:0|startupRole:FOLLOWER, 1ea1b0cd-ced3-45e8-8c40-55289e6aecfb|rpc:10.1.0.12:40525|dataStream:10.1.0.12:40569|priority:0|startupRole:FOLLOWER, 706a9b8c-4318-427e-9be3-8b37c9b0924f|rpc:10.1.0.12:45297|dataStream:10.1.0.12:44379|priority:1|startupRole:FOLLOWER] with ContainerStateMachine:uninitialized
2023-01-08 22:30:47,172 [pool-71-thread-1] INFO  server.RaftServerConfigKeys (ConfUtils.java:logGet(46)) - raft.server.rpc.timeout.min = 5s (custom)
2023-01-08 22:30:47,172 [pool-94-thread-1] INFO  server.RaftServer$Division (RaftServerImpl.java:start(334)) - a5f0a7e4-4f3a-4f10-aa1a-af4297eff32d@group-5A52CB9248BA: start as a follower, conf=-1: peers:[a5f0a7e4-4f3a-4f10-aa1a-af4297eff32d|rpc:10.1.0.12:33221|dataStream:10.1.0.12:37417|priority:0|startupRole:FOLLOWER, 1ea1b0cd-ced3-45e8-8c40-55289e6aecfb|rpc:10.1.0.12:40525|dataStream:10.1.0.12:40569|priority:0|startupRole:FOLLOWER, 706a9b8c-4318-427e-9be3-8b37c9b0924f|rpc:10.1.0.12:45297|dataStream:10.1.0.12:44379|priority:1|startupRole:FOLLOWER]|listeners:[], old=null
2023-01-08 22:30:47,172 [pool-71-thread-1] INFO  server.RaftServerConfigKeys (ConfUtils.java:logGet(46)) - raft.server.rpc.timeout.max = 5200ms (custom)
2023-01-08 22:30:47,176 [pool-71-thread-1] INFO  server.RaftServerConfigKeys (ConfUtils.java:logGet(46)) - raft.server.rpc.sleep.time = 25ms (default)
2023-01-08 22:30:47,177 [pool-94-thread-1] INFO  server.RaftServer$Division (RaftServerImpl.java:setRole(321)) - a5f0a7e4-4f3a-4f10-aa1a-af4297eff32d@group-5A52CB9248BA: changes role from      null to FOLLOWER at term 0 for startAsFollower
2023-01-08 22:30:47,179 [pool-94-thread-1] INFO  impl.RoleInfo (RoleInfo.java:updateAndGet(139)) - a5f0a7e4-4f3a-4f10-aa1a-af4297eff32d: start a5f0a7e4-4f3a-4f10-aa1a-af4297eff32d@group-5A52CB9248BA-FollowerState
2023-01-08 22:30:47,179 [Command processor thread] INFO  commandhandler.CreatePipelineCommandHandler (CreatePipelineCommandHandler.java:handle(113)) - Created Pipeline RATIS THREE PipelineID=b8784cc6-8c04-4ac9-8856-4942502c2288.
2023-01-08 22:30:47,178 [pool-71-thread-1] INFO  server.RaftServerConfigKeys (ConfUtils.java:logGet(46)) - raft.server.rpc.slowness.timeout = 300s (custom)
2023-01-08 22:30:47,179 [pool-71-thread-1] INFO  server.RaftServerConfigKeys (ConfUtils.java:logGet(46)) - raft.server.leaderelection.leader.step-down.wait-time = 10s (default)
2023-01-08 22:30:47,179 [pool-71-thread-1] INFO  server.RaftServerConfigKeys (ConfUtils.java:logGet(46)) - raft.server.sleep.deviation.threshold = 300ms (default)
2023-01-08 22:30:47,179 [pool-71-thread-1] INFO  server.RaftServer$Division (ServerState.java:<init>(118)) - 706a9b8c-4318-427e-9be3-8b37c9b0924f@group-5A52CB9248BA: ConfigurationManager, init=-1: peers:[a5f0a7e4-4f3a-4f10-aa1a-af4297eff32d|rpc:10.1.0.12:33221|dataStream:10.1.0.12:37417|priority:0|startupRole:FOLLOWER, 1ea1b0cd-ced3-45e8-8c40-55289e6aecfb|rpc:10.1.0.12:40525|dataStream:10.1.0.12:40569|priority:0|startupRole:FOLLOWER, 706a9b8c-4318-427e-9be3-8b37c9b0924f|rpc:10.1.0.12:45297|dataStream:10.1.0.12:44379|priority:1|startupRole:FOLLOWER]|listeners:[], old=null, confs=<EMPTY_MAP>
2023-01-08 22:30:47,179 [pool-71-thread-1] INFO  server.RaftServerConfigKeys (ConfUtils.java:logGet(46)) - raft.server.storage.dir = [/home/runner/work/ozone/ozone/hadoop-ozone/integration-test/target/test-dir/MiniOzoneClusterImpl-3463507a-8a94-4be2-9691-6a94fb394e4a/datanode-0/data/ratis] (custom)
2023-01-08 22:30:47,180 [pool-71-thread-1] INFO  server.RaftServerConfigKeys (ConfUtils.java:logGet(46)) - raft.server.log.corruption.policy = EXCEPTION (default)
2023-01-08 22:30:47,180 [pool-71-thread-1] INFO  server.RaftServerConfigKeys (ConfUtils.java:logGet(46)) - raft.server.storage.free-space.min = 0MB (=0) (default)
2023-01-08 22:30:47,180 [pool-71-thread-1] INFO  server.RaftServerConfigKeys (ConfUtils.java:logGet(46)) - raft.server.notification.no-leader.timeout = 300s (custom)
2023-01-08 22:30:47,180 [pool-71-thread-1] INFO  server.RaftServerConfigKeys (ConfUtils.java:logGet(46)) - raft.server.retrycache.expirytime = 600000ms (custom)
2023-01-08 22:30:47,180 [pool-71-thread-1] INFO  server.RaftServerConfigKeys (ConfUtils.java:logGet(46)) - raft.server.retrycache.statistics.expirytime = 100μs (default)
2023-01-08 22:30:47,181 [pool-71-thread-1] INFO  server.RaftServerConfigKeys (ConfUtils.java:logGet(46)) - raft.server.log.appender.install.snapshot.enabled = false (custom)
2023-01-08 22:30:47,181 [pool-71-thread-1] INFO  server.RaftServerConfigKeys (ConfUtils.java:logGet(46)) - raft.server.threadpool.server.cached = true (default)
2023-01-08 22:30:47,181 [pool-71-thread-1] INFO  server.RaftServerConfigKeys (ConfUtils.java:logGet(46)) - raft.server.threadpool.server.size = 0 (default)
2023-01-08 22:30:47,181 [pool-71-thread-1] INFO  server.RaftServerConfigKeys (ConfUtils.java:logGet(46)) - raft.server.threadpool.client.cached = true (default)
2023-01-08 22:30:47,181 [pool-71-thread-1] INFO  server.RaftServerConfigKeys (ConfUtils.java:logGet(46)) - raft.server.threadpool.client.size = 0 (default)
2023-01-08 22:30:47,181 [pool-71-thread-1] INFO  storage.RaftStorageDirectory (RaftStorageDirectoryImpl.java:analyzeStorage(137)) - The storage directory /home/runner/work/ozone/ozone/hadoop-ozone/integration-test/target/test-dir/MiniOzoneClusterImpl-3463507a-8a94-4be2-9691-6a94fb394e4a/datanode-0/data/ratis/1d76360a-f64d-4a32-9733-5a52cb9248ba does not exist. Creating ...
2023-01-08 22:30:47,182 [pool-94-thread-1] INFO  util.JmxRegister (JmxRegister.java:tryRegister(44)) - Successfully registered JMX Bean with object name Ratis:service=RaftServer,group=group-5A52CB9248BA,id=a5f0a7e4-4f3a-4f10-aa1a-af4297eff32d
2023-01-08 22:30:47,185 [pool-94-thread-1] INFO  server.RaftServerConfigKeys (ConfUtils.java:logGet(46)) - raft.server.snapshot.auto.trigger.enabled = true (custom)
2023-01-08 22:30:47,185 [pool-94-thread-1] INFO  server.RaftServerConfigKeys (ConfUtils.java:logGet(46)) - raft.server.snapshot.auto.trigger.threshold = 10000 (custom)
2023-01-08 22:30:47,185 [pool-94-thread-1] INFO  server.RaftServerConfigKeys (ConfUtils.java:logGet(46)) - raft.server.snapshot.retention.file.num = 5 (custom)
2023-01-08 22:30:47,185 [pool-94-thread-1] INFO  server.RaftServerConfigKeys (ConfUtils.java:logGet(46)) - raft.server.log.purge.upto.snapshot.index = false (default)
2023-01-08 22:30:47,186 [pool-71-thread-1] INFO  storage.RaftStorageDirectory (RaftStorageDirectoryImpl.java:tryLock(231)) - Lock on /home/runner/work/ozone/ozone/hadoop-ozone/integration-test/target/test-dir/MiniOzoneClusterImpl-3463507a-8a94-4be2-9691-6a94fb394e4a/datanode-0/data/ratis/1d76360a-f64d-4a32-9733-5a52cb9248ba/in_use.lock acquired by nodename 69525@fv-az390-965
2023-01-08 22:30:47,187 [a5f0a7e4-4f3a-4f10-aa1a-af4297eff32d@group-5A52CB9248BA-FollowerState] INFO  server.RaftServerConfigKeys (ConfUtils.java:logFallback(53)) - raft.server.rpc.first-election.timeout.min = 5s (fallback to raft.server.rpc.timeout.min)
2023-01-08 22:30:47,187 [a5f0a7e4-4f3a-4f10-aa1a-af4297eff32d@group-5A52CB9248BA-FollowerState] INFO  server.RaftServerConfigKeys (ConfUtils.java:logFallback(53)) - raft.server.rpc.first-election.timeout.max = 5200ms (fallback to raft.server.rpc.timeout.max)
2023-01-08 22:30:47,189 [pool-71-thread-1] INFO  storage.RaftStorage (RaftStorageImpl.java:format(96)) - Storage directory /home/runner/work/ozone/ozone/hadoop-ozone/integration-test/target/test-dir/MiniOzoneClusterImpl-3463507a-8a94-4be2-9691-6a94fb394e4a/datanode-0/data/ratis/1d76360a-f64d-4a32-9733-5a52cb9248ba has been successfully formatted.
2023-01-08 22:30:47,190 [pool-71-thread-1] INFO  ratis.ContainerStateMachine (ContainerStateMachine.java:loadSnapshot(240)) - group-5A52CB9248BA: The snapshot info is null. Setting the last applied indexto:(t:0, i:~)
2023-01-08 22:30:47,191 [pool-71-thread-1] INFO  server.RaftServerConfigKeys (ConfUtils.java:logGet(46)) - raft.server.log.use.memory = false (default)
2023-01-08 22:30:47,191 [pool-71-thread-1] INFO  server.RaftServerConfigKeys (ConfUtils.java:logGet(46)) - raft.server.log.purge.gap = 1000000 (custom)
2023-01-08 22:30:47,192 [pool-71-thread-1] INFO  server.RaftServerConfigKeys (ConfUtils.java:logGet(46)) - raft.server.log.appender.buffer.byte-limit = 33554432 (custom)
2023-01-08 22:30:47,192 [pool-71-thread-1] INFO  server.RaftServerConfigKeys (ConfUtils.java:logGet(46)) - raft.server.log.statemachine.data.read.timeout = 1000ms (default)
2023-01-08 22:30:47,192 [pool-71-thread-1] INFO  server.RaftServerConfigKeys (ConfUtils.java:logGet(46)) - raft.server.log.purge.preservation.log.num = 0 (default)
2023-01-08 22:30:47,192 [pool-71-thread-1] INFO  server.RaftServerConfigKeys (ConfUtils.java:logGet(46)) - raft.server.log.segment.size.max = 1048576 (custom)
2023-01-08 22:30:47,192 [EventQueue-OpenPipelineForHealthyPipelineSafeModeRule] INFO  safemode.SCMSafeModeManager (HealthyPipelineSafeModeRule.java:process(137)) - SCM in safe mode. Healthy pipelines reported count is 0, required healthy pipeline reported count is 1
2023-01-08 22:30:47,194 [pool-71-thread-1] INFO  server.RaftServerConfigKeys (ConfUtils.java:logGet(46)) - raft.server.log.segment.cache.num.max = 2 (custom)
2023-01-08 22:30:47,194 [pool-71-thread-1] INFO  server.RaftServerConfigKeys (ConfUtils.java:logGet(46)) - raft.server.log.segment.cache.size.max = 200MB (=209715200) (default)
2023-01-08 22:30:47,194 [pool-71-thread-1] INFO  segmented.SegmentedRaftLogWorker (SegmentedRaftLogWorker.java:<init>(189)) - new 706a9b8c-4318-427e-9be3-8b37c9b0924f@group-5A52CB9248BA-SegmentedRaftLogWorker for RaftStorageImpl:Storage Directory /home/runner/work/ozone/ozone/hadoop-ozone/integration-test/target/test-dir/MiniOzoneClusterImpl-3463507a-8a94-4be2-9691-6a94fb394e4a/datanode-0/data/ratis/1d76360a-f64d-4a32-9733-5a52cb9248ba
2023-01-08 22:30:47,194 [pool-71-thread-1] INFO  server.RaftServerConfigKeys (ConfUtils.java:logGet(46)) - raft.server.log.queue.byte-limit = 4294967296 (custom)
2023-01-08 22:30:47,194 [pool-71-thread-1] INFO  server.RaftServerConfigKeys (ConfUtils.java:logGet(46)) - raft.server.log.queue.element-limit = 1024 (custom)
2023-01-08 22:30:47,194 [pool-71-thread-1] INFO  server.RaftServerConfigKeys (ConfUtils.java:logGet(46)) - raft.server.log.segment.size.max = 1048576 (custom)
2023-01-08 22:30:47,195 [pool-71-thread-1] INFO  server.RaftServerConfigKeys (ConfUtils.java:logGet(46)) - raft.server.log.preallocated.size = 16384 (custom)
2023-01-08 22:30:47,195 [pool-71-thread-1] INFO  server.RaftServerConfigKeys (ConfUtils.java:logGet(46)) - raft.server.log.force.sync.num = 128 (default)
2023-01-08 22:30:47,195 [pool-71-thread-1] INFO  server.RaftServerConfigKeys (ConfUtils.java:logGet(46)) - raft.server.log.statemachine.data.sync = true (default)
2023-01-08 22:30:47,195 [pool-71-thread-1] INFO  server.RaftServerConfigKeys (ConfUtils.java:logGet(46)) - raft.server.log.statemachine.data.sync.timeout = 10s (default)
2023-01-08 22:30:47,195 [pool-71-thread-1] INFO  server.RaftServerConfigKeys (ConfUtils.java:logGet(46)) - raft.server.log.statemachine.data.sync.timeout.retry = -1 (default)
2023-01-08 22:30:47,197 [pool-71-thread-1] INFO  server.RaftServerConfigKeys (ConfUtils.java:logGet(46)) - raft.server.log.write.buffer.size = 1048576 (custom)
2023-01-08 22:30:47,198 [pool-71-thread-1] INFO  server.RaftServerConfigKeys (ConfUtils.java:logGet(46)) - raft.server.log.appender.buffer.byte-limit = 33554432 (custom)
2023-01-08 22:30:47,205 [pool-71-thread-1] INFO  server.RaftServerConfigKeys (ConfUtils.java:logGet(46)) - raft.server.log.unsafe-flush.enabled = false (default)
2023-01-08 22:30:47,214 [pool-71-thread-1] INFO  server.RaftServerConfigKeys (ConfUtils.java:logGet(46)) - raft.server.log.async-flush.enabled = false (default)
2023-01-08 22:30:47,214 [pool-71-thread-1] INFO  server.RaftServerConfigKeys (ConfUtils.java:logGet(46)) - raft.server.log.statemachine.data.caching.enabled = true (custom)
2023-01-08 22:30:47,214 [pool-71-thread-1] INFO  segmented.SegmentedRaftLogWorker (SegmentedRaftLogWorker.java:lambda$new$0(135)) - 706a9b8c-4318-427e-9be3-8b37c9b0924f@group-5A52CB9248BA-SegmentedRaftLogWorker: flushIndex: setUnconditionally 0 -> -1
2023-01-08 22:30:47,214 [pool-71-thread-1] INFO  segmented.SegmentedRaftLogWorker (SegmentedRaftLogWorker.java:lambda$new$0(135)) - 706a9b8c-4318-427e-9be3-8b37c9b0924f@group-5A52CB9248BA-SegmentedRaftLogWorker: safeCacheEvictIndex: setUnconditionally 0 -> -1
2023-01-08 22:30:47,214 [pool-71-thread-1] INFO  server.RaftServer$Division (RaftServerImpl.java:start(334)) - 706a9b8c-4318-427e-9be3-8b37c9b0924f@group-5A52CB9248BA: start as a follower, conf=-1: peers:[a5f0a7e4-4f3a-4f10-aa1a-af4297eff32d|rpc:10.1.0.12:33221|dataStream:10.1.0.12:37417|priority:0|startupRole:FOLLOWER, 1ea1b0cd-ced3-45e8-8c40-55289e6aecfb|rpc:10.1.0.12:40525|dataStream:10.1.0.12:40569|priority:0|startupRole:FOLLOWER, 706a9b8c-4318-427e-9be3-8b37c9b0924f|rpc:10.1.0.12:45297|dataStream:10.1.0.12:44379|priority:1|startupRole:FOLLOWER]|listeners:[], old=null
2023-01-08 22:30:47,215 [pool-71-thread-1] INFO  server.RaftServer$Division (RaftServerImpl.java:setRole(321)) - 706a9b8c-4318-427e-9be3-8b37c9b0924f@group-5A52CB9248BA: changes role from      null to FOLLOWER at term 0 for startAsFollower
2023-01-08 22:30:47,215 [pool-71-thread-1] INFO  impl.RoleInfo (RoleInfo.java:updateAndGet(139)) - 706a9b8c-4318-427e-9be3-8b37c9b0924f: start 706a9b8c-4318-427e-9be3-8b37c9b0924f@group-5A52CB9248BA-FollowerState
2023-01-08 22:30:47,217 [pool-71-thread-1] INFO  util.JmxRegister (JmxRegister.java:tryRegister(44)) - Successfully registered JMX Bean with object name Ratis:service=RaftServer,group=group-5A52CB9248BA,id=706a9b8c-4318-427e-9be3-8b37c9b0924f
2023-01-08 22:30:47,217 [pool-71-thread-1] INFO  server.RaftServerConfigKeys (ConfUtils.java:logGet(46)) - raft.server.snapshot.auto.trigger.enabled = true (custom)
2023-01-08 22:30:47,217 [pool-71-thread-1] INFO  server.RaftServerConfigKeys (ConfUtils.java:logGet(46)) - raft.server.snapshot.auto.trigger.threshold = 10000 (custom)
2023-01-08 22:30:47,217 [pool-71-thread-1] INFO  server.RaftServerConfigKeys (ConfUtils.java:logGet(46)) - raft.server.snapshot.retention.file.num = 5 (custom)
2023-01-08 22:30:47,217 [pool-71-thread-1] INFO  server.RaftServerConfigKeys (ConfUtils.java:logGet(46)) - raft.server.log.purge.upto.snapshot.index = false (default)
2023-01-08 22:30:47,218 [706a9b8c-4318-427e-9be3-8b37c9b0924f@group-5A52CB9248BA-FollowerState] INFO  server.RaftServerConfigKeys (ConfUtils.java:logFallback(53)) - raft.server.rpc.first-election.timeout.min = 5s (fallback to raft.server.rpc.timeout.min)
2023-01-08 22:30:47,218 [Command processor thread] INFO  ratis.XceiverServerRatis (XceiverServerRatis.java:addGroup(806)) - Created group PipelineID=1d76360a-f64d-4a32-9733-5a52cb9248ba
2023-01-08 22:30:47,224 [706a9b8c-4318-427e-9be3-8b37c9b0924f@group-5A52CB9248BA-FollowerState] INFO  server.RaftServerConfigKeys (ConfUtils.java:logFallback(53)) - raft.server.rpc.first-election.timeout.max = 5200ms (fallback to raft.server.rpc.timeout.max)
2023-01-08 22:30:47,250 [Command processor thread] INFO  commandhandler.CreatePipelineCommandHandler (CreatePipelineCommandHandler.java:handle(113)) - Created Pipeline RATIS THREE PipelineID=1d76360a-f64d-4a32-9733-5a52cb9248ba.
2023-01-08 22:30:47,259 [Command processor thread] INFO  server.RaftServer (RaftServerProxy.java:addNew(96)) - d2cb6247-0f92-4e0f-9f0c-5b2ce80c0115: addNew group-48E47426221D:[d2cb6247-0f92-4e0f-9f0c-5b2ce80c0115|rpc:10.1.0.12:40175|dataStream:10.1.0.12:35007|priority:1|startupRole:FOLLOWER] returns group-48E47426221D:java.util.concurrent.CompletableFuture@53be2824[Not completed]
2023-01-08 22:30:47,265 [pool-140-thread-1] INFO  server.RaftServer$Division (RaftServerImpl.java:<init>(195)) - d2cb6247-0f92-4e0f-9f0c-5b2ce80c0115: new RaftServerImpl for group-48E47426221D:[d2cb6247-0f92-4e0f-9f0c-5b2ce80c0115|rpc:10.1.0.12:40175|dataStream:10.1.0.12:35007|priority:1|startupRole:FOLLOWER] with ContainerStateMachine:uninitialized
2023-01-08 22:30:47,265 [pool-140-thread-1] INFO  server.RaftServerConfigKeys (ConfUtils.java:logGet(46)) - raft.server.rpc.timeout.min = 5s (custom)
2023-01-08 22:30:47,266 [pool-140-thread-1] INFO  server.RaftServerConfigKeys (ConfUtils.java:logGet(46)) - raft.server.rpc.timeout.max = 5200ms (custom)
2023-01-08 22:30:47,266 [pool-140-thread-1] INFO  server.RaftServerConfigKeys (ConfUtils.java:logGet(46)) - raft.server.rpc.sleep.time = 25ms (default)
2023-01-08 22:30:47,266 [pool-140-thread-1] INFO  server.RaftServerConfigKeys (ConfUtils.java:logGet(46)) - raft.server.rpc.slowness.timeout = 300s (custom)
2023-01-08 22:30:47,266 [pool-140-thread-1] INFO  server.RaftServerConfigKeys (ConfUtils.java:logGet(46)) - raft.server.leaderelection.leader.step-down.wait-time = 10s (default)
2023-01-08 22:30:47,266 [pool-140-thread-1] INFO  server.RaftServerConfigKeys (ConfUtils.java:logGet(46)) - raft.server.sleep.deviation.threshold = 300ms (default)
2023-01-08 22:30:47,266 [pool-140-thread-1] INFO  server.RaftServer$Division (ServerState.java:<init>(118)) - d2cb6247-0f92-4e0f-9f0c-5b2ce80c0115@group-48E47426221D: ConfigurationManager, init=-1: peers:[d2cb6247-0f92-4e0f-9f0c-5b2ce80c0115|rpc:10.1.0.12:40175|dataStream:10.1.0.12:35007|priority:1|startupRole:FOLLOWER]|listeners:[], old=null, confs=<EMPTY_MAP>
2023-01-08 22:30:47,266 [pool-140-thread-1] INFO  server.RaftServerConfigKeys (ConfUtils.java:logGet(46)) - raft.server.storage.dir = [/home/runner/work/ozone/ozone/hadoop-ozone/integration-test/target/test-dir/MiniOzoneClusterImpl-3463507a-8a94-4be2-9691-6a94fb394e4a/datanode-3/data/ratis] (custom)
2023-01-08 22:30:47,266 [pool-140-thread-1] INFO  server.RaftServerConfigKeys (ConfUtils.java:logGet(46)) - raft.server.log.corruption.policy = EXCEPTION (default)
2023-01-08 22:30:47,266 [pool-140-thread-1] INFO  server.RaftServerConfigKeys (ConfUtils.java:logGet(46)) - raft.server.storage.free-space.min = 0MB (=0) (default)
2023-01-08 22:30:47,266 [pool-140-thread-1] INFO  server.RaftServerConfigKeys (ConfUtils.java:logGet(46)) - raft.server.notification.no-leader.timeout = 300s (custom)
2023-01-08 22:30:47,266 [pool-140-thread-1] INFO  server.RaftServerConfigKeys (ConfUtils.java:logGet(46)) - raft.server.retrycache.expirytime = 600000ms (custom)
2023-01-08 22:30:47,268 [pool-140-thread-1] INFO  server.RaftServerConfigKeys (ConfUtils.java:logGet(46)) - raft.server.retrycache.statistics.expirytime = 100μs (default)
2023-01-08 22:30:47,274 [pool-140-thread-1] INFO  server.RaftServerConfigKeys (ConfUtils.java:logGet(46)) - raft.server.log.appender.install.snapshot.enabled = false (custom)
2023-01-08 22:30:47,274 [pool-140-thread-1] INFO  server.RaftServerConfigKeys (ConfUtils.java:logGet(46)) - raft.server.threadpool.server.cached = true (default)
2023-01-08 22:30:47,274 [pool-140-thread-1] INFO  server.RaftServerConfigKeys (ConfUtils.java:logGet(46)) - raft.server.threadpool.server.size = 0 (default)
2023-01-08 22:30:47,274 [pool-140-thread-1] INFO  server.RaftServerConfigKeys (ConfUtils.java:logGet(46)) - raft.server.threadpool.client.cached = true (default)
2023-01-08 22:30:47,274 [pool-140-thread-1] INFO  server.RaftServerConfigKeys (ConfUtils.java:logGet(46)) - raft.server.threadpool.client.size = 0 (default)
2023-01-08 22:30:47,274 [pool-140-thread-1] INFO  storage.RaftStorageDirectory (RaftStorageDirectoryImpl.java:analyzeStorage(137)) - The storage directory /home/runner/work/ozone/ozone/hadoop-ozone/integration-test/target/test-dir/MiniOzoneClusterImpl-3463507a-8a94-4be2-9691-6a94fb394e4a/datanode-3/data/ratis/70760bcd-2761-439c-a0b9-48e47426221d does not exist. Creating ...
2023-01-08 22:30:47,276 [pool-140-thread-1] INFO  storage.RaftStorageDirectory (RaftStorageDirectoryImpl.java:tryLock(231)) - Lock on /home/runner/work/ozone/ozone/hadoop-ozone/integration-test/target/test-dir/MiniOzoneClusterImpl-3463507a-8a94-4be2-9691-6a94fb394e4a/datanode-3/data/ratis/70760bcd-2761-439c-a0b9-48e47426221d/in_use.lock acquired by nodename 69525@fv-az390-965
2023-01-08 22:30:47,277 [pool-140-thread-1] INFO  storage.RaftStorage (RaftStorageImpl.java:format(96)) - Storage directory /home/runner/work/ozone/ozone/hadoop-ozone/integration-test/target/test-dir/MiniOzoneClusterImpl-3463507a-8a94-4be2-9691-6a94fb394e4a/datanode-3/data/ratis/70760bcd-2761-439c-a0b9-48e47426221d has been successfully formatted.
2023-01-08 22:30:47,281 [pool-140-thread-1] INFO  ratis.ContainerStateMachine (ContainerStateMachine.java:loadSnapshot(240)) - group-48E47426221D: The snapshot info is null. Setting the last applied indexto:(t:0, i:~)
2023-01-08 22:30:47,281 [pool-140-thread-1] INFO  server.RaftServerConfigKeys (ConfUtils.java:logGet(46)) - raft.server.log.use.memory = false (default)
2023-01-08 22:30:47,281 [pool-140-thread-1] INFO  server.RaftServerConfigKeys (ConfUtils.java:logGet(46)) - raft.server.log.purge.gap = 1000000 (custom)
2023-01-08 22:30:47,281 [pool-140-thread-1] INFO  server.RaftServerConfigKeys (ConfUtils.java:logGet(46)) - raft.server.log.appender.buffer.byte-limit = 33554432 (custom)
2023-01-08 22:30:47,281 [pool-140-thread-1] INFO  server.RaftServerConfigKeys (ConfUtils.java:logGet(46)) - raft.server.log.statemachine.data.read.timeout = 1000ms (default)
2023-01-08 22:30:47,281 [pool-140-thread-1] INFO  server.RaftServerConfigKeys (ConfUtils.java:logGet(46)) - raft.server.log.purge.preservation.log.num = 0 (default)
2023-01-08 22:30:47,282 [pool-140-thread-1] INFO  server.RaftServerConfigKeys (ConfUtils.java:logGet(46)) - raft.server.log.segment.size.max = 1048576 (custom)
2023-01-08 22:30:47,283 [pool-140-thread-1] INFO  server.RaftServerConfigKeys (ConfUtils.java:logGet(46)) - raft.server.log.segment.cache.num.max = 2 (custom)
2023-01-08 22:30:47,283 [pool-140-thread-1] INFO  server.RaftServerConfigKeys (ConfUtils.java:logGet(46)) - raft.server.log.segment.cache.size.max = 200MB (=209715200) (default)
2023-01-08 22:30:47,283 [pool-140-thread-1] INFO  segmented.SegmentedRaftLogWorker (SegmentedRaftLogWorker.java:<init>(189)) - new d2cb6247-0f92-4e0f-9f0c-5b2ce80c0115@group-48E47426221D-SegmentedRaftLogWorker for RaftStorageImpl:Storage Directory /home/runner/work/ozone/ozone/hadoop-ozone/integration-test/target/test-dir/MiniOzoneClusterImpl-3463507a-8a94-4be2-9691-6a94fb394e4a/datanode-3/data/ratis/70760bcd-2761-439c-a0b9-48e47426221d
2023-01-08 22:30:47,283 [pool-140-thread-1] INFO  server.RaftServerConfigKeys (ConfUtils.java:logGet(46)) - raft.server.log.queue.byte-limit = 4294967296 (custom)
2023-01-08 22:30:47,283 [pool-140-thread-1] INFO  server.RaftServerConfigKeys (ConfUtils.java:logGet(46)) - raft.server.log.queue.element-limit = 1024 (custom)
2023-01-08 22:30:47,283 [pool-140-thread-1] INFO  server.RaftServerConfigKeys (ConfUtils.java:logGet(46)) - raft.server.log.segment.size.max = 1048576 (custom)
2023-01-08 22:30:47,283 [pool-140-thread-1] INFO  server.RaftServerConfigKeys (ConfUtils.java:logGet(46)) - raft.server.log.preallocated.size = 16384 (custom)
2023-01-08 22:30:47,283 [pool-140-thread-1] INFO  server.RaftServerConfigKeys (ConfUtils.java:logGet(46)) - raft.server.log.force.sync.num = 128 (default)
2023-01-08 22:30:47,283 [pool-140-thread-1] INFO  server.RaftServerConfigKeys (ConfUtils.java:logGet(46)) - raft.server.log.statemachine.data.sync = true (default)
2023-01-08 22:30:47,283 [pool-140-thread-1] INFO  server.RaftServerConfigKeys (ConfUtils.java:logGet(46)) - raft.server.log.statemachine.data.sync.timeout = 10s (default)
2023-01-08 22:30:47,283 [pool-140-thread-1] INFO  server.RaftServerConfigKeys (ConfUtils.java:logGet(46)) - raft.server.log.statemachine.data.sync.timeout.retry = -1 (default)
2023-01-08 22:30:47,284 [pool-140-thread-1] INFO  server.RaftServerConfigKeys (ConfUtils.java:logGet(46)) - raft.server.log.write.buffer.size = 1048576 (custom)
2023-01-08 22:30:47,285 [EventQueue-PipelineReportForPipelineReportHandler] INFO  pipeline.PipelineManagerImpl (PipelineManagerImpl.java:openPipeline(367)) - Pipeline Pipeline[ Id: 70760bcd-2761-439c-a0b9-48e47426221d, Nodes: d2cb6247-0f92-4e0f-9f0c-5b2ce80c0115{ip: 10.1.0.12, host: fv-az390-965.2udvygdcjcjuphbbpa4zxtqymb.gx.internal.cloudapp.net, ports: [REPLICATION=38591, RATIS=40175, RATIS_ADMIN=40175, RATIS_SERVER=40175, RATIS_DATASTREAM=35007, STANDALONE=46877], networkLocation: /default-rack, certSerialId: null, persistedOpState: IN_SERVICE, persistedOpStateExpiryEpochSec: 0}, ReplicationConfig: RATIS/ONE, State:ALLOCATED, leaderId:d2cb6247-0f92-4e0f-9f0c-5b2ce80c0115, CreationTimestamp2023-01-08T22:30:44.264Z[Etc/UTC]] moved to OPEN state
2023-01-08 22:30:47,286 [pool-140-thread-1] INFO  server.RaftServerConfigKeys (ConfUtils.java:logGet(46)) - raft.server.log.appender.buffer.byte-limit = 33554432 (custom)
2023-01-08 22:30:47,286 [EventQueue-OpenPipelineForHealthyPipelineSafeModeRule] INFO  safemode.SCMSafeModeManager (HealthyPipelineSafeModeRule.java:process(137)) - SCM in safe mode. Healthy pipelines reported count is 0, required healthy pipeline reported count is 1
2023-01-08 22:30:47,294 [pool-140-thread-1] INFO  server.RaftServerConfigKeys (ConfUtils.java:logGet(46)) - raft.server.log.unsafe-flush.enabled = false (default)
2023-01-08 22:30:47,294 [pool-140-thread-1] INFO  server.RaftServerConfigKeys (ConfUtils.java:logGet(46)) - raft.server.log.async-flush.enabled = false (default)
2023-01-08 22:30:47,294 [pool-140-thread-1] INFO  server.RaftServerConfigKeys (ConfUtils.java:logGet(46)) - raft.server.log.statemachine.data.caching.enabled = true (custom)
2023-01-08 22:30:47,295 [pool-140-thread-1] INFO  segmented.SegmentedRaftLogWorker (SegmentedRaftLogWorker.java:lambda$new$0(135)) - d2cb6247-0f92-4e0f-9f0c-5b2ce80c0115@group-48E47426221D-SegmentedRaftLogWorker: flushIndex: setUnconditionally 0 -> -1
2023-01-08 22:30:47,295 [pool-140-thread-1] INFO  segmented.SegmentedRaftLogWorker (SegmentedRaftLogWorker.java:lambda$new$0(135)) - d2cb6247-0f92-4e0f-9f0c-5b2ce80c0115@group-48E47426221D-SegmentedRaftLogWorker: safeCacheEvictIndex: setUnconditionally 0 -> -1
2023-01-08 22:30:47,297 [pool-140-thread-1] INFO  server.RaftServer$Division (RaftServerImpl.java:start(334)) - d2cb6247-0f92-4e0f-9f0c-5b2ce80c0115@group-48E47426221D: start as a follower, conf=-1: peers:[d2cb6247-0f92-4e0f-9f0c-5b2ce80c0115|rpc:10.1.0.12:40175|dataStream:10.1.0.12:35007|priority:1|startupRole:FOLLOWER]|listeners:[], old=null
2023-01-08 22:30:47,297 [pool-140-thread-1] INFO  server.RaftServer$Division (RaftServerImpl.java:setRole(321)) - d2cb6247-0f92-4e0f-9f0c-5b2ce80c0115@group-48E47426221D: changes role from      null to FOLLOWER at term 0 for startAsFollower
2023-01-08 22:30:47,297 [pool-140-thread-1] INFO  impl.RoleInfo (RoleInfo.java:updateAndGet(139)) - d2cb6247-0f92-4e0f-9f0c-5b2ce80c0115: start d2cb6247-0f92-4e0f-9f0c-5b2ce80c0115@group-48E47426221D-FollowerState
2023-01-08 22:30:47,305 [pool-140-thread-1] INFO  util.JmxRegister (JmxRegister.java:tryRegister(44)) - Successfully registered JMX Bean with object name Ratis:service=RaftServer,group=group-48E47426221D,id=d2cb6247-0f92-4e0f-9f0c-5b2ce80c0115
2023-01-08 22:30:47,305 [pool-140-thread-1] INFO  server.RaftServerConfigKeys (ConfUtils.java:logGet(46)) - raft.server.snapshot.auto.trigger.enabled = true (custom)
2023-01-08 22:30:47,305 [pool-140-thread-1] INFO  server.RaftServerConfigKeys (ConfUtils.java:logGet(46)) - raft.server.snapshot.auto.trigger.threshold = 10000 (custom)
2023-01-08 22:30:47,305 [pool-140-thread-1] INFO  server.RaftServerConfigKeys (ConfUtils.java:logGet(46)) - raft.server.snapshot.retention.file.num = 5 (custom)
2023-01-08 22:30:47,305 [pool-140-thread-1] INFO  server.RaftServerConfigKeys (ConfUtils.java:logGet(46)) - raft.server.log.purge.upto.snapshot.index = false (default)
2023-01-08 22:30:47,310 [Command processor thread] INFO  commandhandler.CreatePipelineCommandHandler (CreatePipelineCommandHandler.java:handle(113)) - Created Pipeline RATIS THREE PipelineID=1d76360a-f64d-4a32-9733-5a52cb9248ba.
2023-01-08 22:30:47,310 [Command processor thread] INFO  ratis.XceiverServerRatis (XceiverServerRatis.java:addGroup(806)) - Created group PipelineID=70760bcd-2761-439c-a0b9-48e47426221d
2023-01-08 22:30:47,310 [Command processor thread] INFO  commandhandler.CreatePipelineCommandHandler (CreatePipelineCommandHandler.java:handle(113)) - Created Pipeline RATIS ONE PipelineID=70760bcd-2761-439c-a0b9-48e47426221d.
2023-01-08 22:30:47,311 [d2cb6247-0f92-4e0f-9f0c-5b2ce80c0115@group-48E47426221D-FollowerState] INFO  server.RaftServerConfigKeys (ConfUtils.java:logFallback(53)) - raft.server.rpc.first-election.timeout.min = 5s (fallback to raft.server.rpc.timeout.min)
2023-01-08 22:30:47,311 [d2cb6247-0f92-4e0f-9f0c-5b2ce80c0115@group-48E47426221D-FollowerState] INFO  server.RaftServerConfigKeys (ConfUtils.java:logFallback(53)) - raft.server.rpc.first-election.timeout.max = 5200ms (fallback to raft.server.rpc.timeout.max)
2023-01-08 22:30:47,311 [Command processor thread] INFO  server.RaftServer (RaftServerProxy.java:addNew(96)) - d2cb6247-0f92-4e0f-9f0c-5b2ce80c0115: addNew group-75F8889383A4:[739e0a5a-91fd-46ce-99c6-277f52566479|rpc:10.1.0.12:38543|dataStream:10.1.0.12:44013|priority:1|startupRole:FOLLOWER, e7301f7c-5c47-48c7-9f47-e06452a04696|rpc:10.1.0.12:37583|dataStream:10.1.0.12:38057|priority:0|startupRole:FOLLOWER, d2cb6247-0f92-4e0f-9f0c-5b2ce80c0115|rpc:10.1.0.12:40175|dataStream:10.1.0.12:35007|priority:0|startupRole:FOLLOWER] returns group-75F8889383A4:java.util.concurrent.CompletableFuture@5781a68b[Not completed]
2023-01-08 22:30:47,313 [pool-140-thread-1] INFO  server.RaftServer$Division (RaftServerImpl.java:<init>(195)) - d2cb6247-0f92-4e0f-9f0c-5b2ce80c0115: new RaftServerImpl for group-75F8889383A4:[739e0a5a-91fd-46ce-99c6-277f52566479|rpc:10.1.0.12:38543|dataStream:10.1.0.12:44013|priority:1|startupRole:FOLLOWER, e7301f7c-5c47-48c7-9f47-e06452a04696|rpc:10.1.0.12:37583|dataStream:10.1.0.12:38057|priority:0|startupRole:FOLLOWER, d2cb6247-0f92-4e0f-9f0c-5b2ce80c0115|rpc:10.1.0.12:40175|dataStream:10.1.0.12:35007|priority:0|startupRole:FOLLOWER] with ContainerStateMachine:uninitialized
2023-01-08 22:30:47,313 [pool-140-thread-1] INFO  server.RaftServerConfigKeys (ConfUtils.java:logGet(46)) - raft.server.rpc.timeout.min = 5s (custom)
2023-01-08 22:30:47,313 [pool-140-thread-1] INFO  server.RaftServerConfigKeys (ConfUtils.java:logGet(46)) - raft.server.rpc.timeout.max = 5200ms (custom)
2023-01-08 22:30:47,313 [pool-140-thread-1] INFO  server.RaftServerConfigKeys (ConfUtils.java:logGet(46)) - raft.server.rpc.sleep.time = 25ms (default)
2023-01-08 22:30:47,313 [pool-140-thread-1] INFO  server.RaftServerConfigKeys (ConfUtils.java:logGet(46)) - raft.server.rpc.slowness.timeout = 300s (custom)
2023-01-08 22:30:47,313 [pool-140-thread-1] INFO  server.RaftServerConfigKeys (ConfUtils.java:logGet(46)) - raft.server.leaderelection.leader.step-down.wait-time = 10s (default)
2023-01-08 22:30:47,313 [pool-140-thread-1] INFO  server.RaftServerConfigKeys (ConfUtils.java:logGet(46)) - raft.server.sleep.deviation.threshold = 300ms (default)
2023-01-08 22:30:47,313 [pool-140-thread-1] INFO  server.RaftServer$Division (ServerState.java:<init>(118)) - d2cb6247-0f92-4e0f-9f0c-5b2ce80c0115@group-75F8889383A4: ConfigurationManager, init=-1: peers:[739e0a5a-91fd-46ce-99c6-277f52566479|rpc:10.1.0.12:38543|dataStream:10.1.0.12:44013|priority:1|startupRole:FOLLOWER, e7301f7c-5c47-48c7-9f47-e06452a04696|rpc:10.1.0.12:37583|dataStream:10.1.0.12:38057|priority:0|startupRole:FOLLOWER, d2cb6247-0f92-4e0f-9f0c-5b2ce80c0115|rpc:10.1.0.12:40175|dataStream:10.1.0.12:35007|priority:0|startupRole:FOLLOWER]|listeners:[], old=null, confs=<EMPTY_MAP>
2023-01-08 22:30:47,313 [pool-140-thread-1] INFO  server.RaftServerConfigKeys (ConfUtils.java:logGet(46)) - raft.server.storage.dir = [/home/runner/work/ozone/ozone/hadoop-ozone/integration-test/target/test-dir/MiniOzoneClusterImpl-3463507a-8a94-4be2-9691-6a94fb394e4a/datanode-3/data/ratis] (custom)
2023-01-08 22:30:47,313 [pool-140-thread-1] INFO  server.RaftServerConfigKeys (ConfUtils.java:logGet(46)) - raft.server.log.corruption.policy = EXCEPTION (default)
2023-01-08 22:30:47,313 [pool-140-thread-1] INFO  server.RaftServerConfigKeys (ConfUtils.java:logGet(46)) - raft.server.storage.free-space.min = 0MB (=0) (default)
2023-01-08 22:30:47,313 [pool-140-thread-1] INFO  server.RaftServerConfigKeys (ConfUtils.java:logGet(46)) - raft.server.notification.no-leader.timeout = 300s (custom)
2023-01-08 22:30:47,314 [pool-140-thread-1] INFO  server.RaftServerConfigKeys (ConfUtils.java:logGet(46)) - raft.server.retrycache.expirytime = 600000ms (custom)
2023-01-08 22:30:47,314 [pool-140-thread-1] INFO  server.RaftServerConfigKeys (ConfUtils.java:logGet(46)) - raft.server.retrycache.statistics.expirytime = 100μs (default)
2023-01-08 22:30:47,315 [pool-140-thread-1] INFO  server.RaftServerConfigKeys (ConfUtils.java:logGet(46)) - raft.server.log.appender.install.snapshot.enabled = false (custom)
2023-01-08 22:30:47,315 [pool-140-thread-1] INFO  server.RaftServerConfigKeys (ConfUtils.java:logGet(46)) - raft.server.threadpool.server.cached = true (default)
2023-01-08 22:30:47,315 [pool-140-thread-1] INFO  server.RaftServerConfigKeys (ConfUtils.java:logGet(46)) - raft.server.threadpool.server.size = 0 (default)
2023-01-08 22:30:47,315 [pool-140-thread-1] INFO  server.RaftServerConfigKeys (ConfUtils.java:logGet(46)) - raft.server.threadpool.client.cached = true (default)
2023-01-08 22:30:47,315 [pool-140-thread-1] INFO  server.RaftServerConfigKeys (ConfUtils.java:logGet(46)) - raft.server.threadpool.client.size = 0 (default)
2023-01-08 22:30:47,315 [pool-140-thread-1] INFO  storage.RaftStorageDirectory (RaftStorageDirectoryImpl.java:analyzeStorage(137)) - The storage directory /home/runner/work/ozone/ozone/hadoop-ozone/integration-test/target/test-dir/MiniOzoneClusterImpl-3463507a-8a94-4be2-9691-6a94fb394e4a/datanode-3/data/ratis/5c5aa780-f240-45fc-8407-75f8889383a4 does not exist. Creating ...
2023-01-08 22:30:47,316 [pool-140-thread-1] INFO  storage.RaftStorageDirectory (RaftStorageDirectoryImpl.java:tryLock(231)) - Lock on /home/runner/work/ozone/ozone/hadoop-ozone/integration-test/target/test-dir/MiniOzoneClusterImpl-3463507a-8a94-4be2-9691-6a94fb394e4a/datanode-3/data/ratis/5c5aa780-f240-45fc-8407-75f8889383a4/in_use.lock acquired by nodename 69525@fv-az390-965
2023-01-08 22:30:47,317 [pool-140-thread-1] INFO  storage.RaftStorage (RaftStorageImpl.java:format(96)) - Storage directory /home/runner/work/ozone/ozone/hadoop-ozone/integration-test/target/test-dir/MiniOzoneClusterImpl-3463507a-8a94-4be2-9691-6a94fb394e4a/datanode-3/data/ratis/5c5aa780-f240-45fc-8407-75f8889383a4 has been successfully formatted.
2023-01-08 22:30:47,318 [pool-140-thread-1] INFO  ratis.ContainerStateMachine (ContainerStateMachine.java:loadSnapshot(240)) - group-75F8889383A4: The snapshot info is null. Setting the last applied indexto:(t:0, i:~)
2023-01-08 22:30:47,318 [pool-140-thread-1] INFO  server.RaftServerConfigKeys (ConfUtils.java:logGet(46)) - raft.server.log.use.memory = false (default)
2023-01-08 22:30:47,318 [pool-140-thread-1] INFO  server.RaftServerConfigKeys (ConfUtils.java:logGet(46)) - raft.server.log.purge.gap = 1000000 (custom)
2023-01-08 22:30:47,318 [pool-140-thread-1] INFO  server.RaftServerConfigKeys (ConfUtils.java:logGet(46)) - raft.server.log.appender.buffer.byte-limit = 33554432 (custom)
2023-01-08 22:30:47,318 [pool-140-thread-1] INFO  server.RaftServerConfigKeys (ConfUtils.java:logGet(46)) - raft.server.log.statemachine.data.read.timeout = 1000ms (default)
2023-01-08 22:30:47,318 [pool-140-thread-1] INFO  server.RaftServerConfigKeys (ConfUtils.java:logGet(46)) - raft.server.log.purge.preservation.log.num = 0 (default)
2023-01-08 22:30:47,319 [pool-140-thread-1] INFO  server.RaftServerConfigKeys (ConfUtils.java:logGet(46)) - raft.server.log.segment.size.max = 1048576 (custom)
2023-01-08 22:30:47,319 [pool-140-thread-1] INFO  server.RaftServerConfigKeys (ConfUtils.java:logGet(46)) - raft.server.log.segment.cache.num.max = 2 (custom)
2023-01-08 22:30:47,319 [pool-140-thread-1] INFO  server.RaftServerConfigKeys (ConfUtils.java:logGet(46)) - raft.server.log.segment.cache.size.max = 200MB (=209715200) (default)
2023-01-08 22:30:47,324 [EventQueue-OpenPipelineForHealthyPipelineSafeModeRule] INFO  safemode.SCMSafeModeManager (HealthyPipelineSafeModeRule.java:process(137)) - SCM in safe mode. Healthy pipelines reported count is 0, required healthy pipeline reported count is 1
2023-01-08 22:30:47,325 [Listener at 127.0.0.1/33975] INFO  ozone.MiniOzoneClusterImpl (MiniOzoneClusterImpl.java:lambda$waitForClusterToBeReady$0(217)) - Nodes are ready. Got 7 of 7 DN Heartbeats.
2023-01-08 22:30:47,325 [Listener at 127.0.0.1/33975] INFO  ozone.MiniOzoneClusterImpl (MiniOzoneClusterImpl.java:lambda$waitForClusterToBeReady$0(220)) - Waiting for cluster to exit safe mode
2023-01-08 22:30:47,325 [Listener at 127.0.0.1/33975] INFO  ozone.MiniOzoneClusterImpl (MiniOzoneClusterImpl.java:lambda$waitForClusterToBeReady$0(222)) - SCM became leader
2023-01-08 22:30:47,326 [pool-140-thread-1] INFO  segmented.SegmentedRaftLogWorker (SegmentedRaftLogWorker.java:<init>(189)) - new d2cb6247-0f92-4e0f-9f0c-5b2ce80c0115@group-75F8889383A4-SegmentedRaftLogWorker for RaftStorageImpl:Storage Directory /home/runner/work/ozone/ozone/hadoop-ozone/integration-test/target/test-dir/MiniOzoneClusterImpl-3463507a-8a94-4be2-9691-6a94fb394e4a/datanode-3/data/ratis/5c5aa780-f240-45fc-8407-75f8889383a4
2023-01-08 22:30:47,326 [pool-140-thread-1] INFO  server.RaftServerConfigKeys (ConfUtils.java:logGet(46)) - raft.server.log.queue.byte-limit = 4294967296 (custom)
2023-01-08 22:30:47,326 [pool-140-thread-1] INFO  server.RaftServerConfigKeys (ConfUtils.java:logGet(46)) - raft.server.log.queue.element-limit = 1024 (custom)
2023-01-08 22:30:47,326 [pool-140-thread-1] INFO  server.RaftServerConfigKeys (ConfUtils.java:logGet(46)) - raft.server.log.segment.size.max = 1048576 (custom)
2023-01-08 22:30:47,326 [pool-140-thread-1] INFO  server.RaftServerConfigKeys (ConfUtils.java:logGet(46)) - raft.server.log.preallocated.size = 16384 (custom)
2023-01-08 22:30:47,326 [pool-140-thread-1] INFO  server.RaftServerConfigKeys (ConfUtils.java:logGet(46)) - raft.server.log.force.sync.num = 128 (default)
2023-01-08 22:30:47,326 [pool-140-thread-1] INFO  server.RaftServerConfigKeys (ConfUtils.java:logGet(46)) - raft.server.log.statemachine.data.sync = true (default)
2023-01-08 22:30:47,326 [pool-140-thread-1] INFO  server.RaftServerConfigKeys (ConfUtils.java:logGet(46)) - raft.server.log.statemachine.data.sync.timeout = 10s (default)
2023-01-08 22:30:47,326 [pool-140-thread-1] INFO  server.RaftServerConfigKeys (ConfUtils.java:logGet(46)) - raft.server.log.statemachine.data.sync.timeout.retry = -1 (default)
2023-01-08 22:30:47,327 [pool-140-thread-1] INFO  server.RaftServerConfigKeys (ConfUtils.java:logGet(46)) - raft.server.log.write.buffer.size = 1048576 (custom)
2023-01-08 22:30:47,328 [pool-140-thread-1] INFO  server.RaftServerConfigKeys (ConfUtils.java:logGet(46)) - raft.server.log.appender.buffer.byte-limit = 33554432 (custom)
2023-01-08 22:30:47,337 [pool-140-thread-1] INFO  server.RaftServerConfigKeys (ConfUtils.java:logGet(46)) - raft.server.log.unsafe-flush.enabled = false (default)
2023-01-08 22:30:47,337 [pool-140-thread-1] INFO  server.RaftServerConfigKeys (ConfUtils.java:logGet(46)) - raft.server.log.async-flush.enabled = false (default)
2023-01-08 22:30:47,337 [pool-140-thread-1] INFO  server.RaftServerConfigKeys (ConfUtils.java:logGet(46)) - raft.server.log.statemachine.data.caching.enabled = true (custom)
2023-01-08 22:30:47,337 [pool-140-thread-1] INFO  segmented.SegmentedRaftLogWorker (SegmentedRaftLogWorker.java:lambda$new$0(135)) - d2cb6247-0f92-4e0f-9f0c-5b2ce80c0115@group-75F8889383A4-SegmentedRaftLogWorker: flushIndex: setUnconditionally 0 -> -1
2023-01-08 22:30:47,337 [pool-140-thread-1] INFO  segmented.SegmentedRaftLogWorker (SegmentedRaftLogWorker.java:lambda$new$0(135)) - d2cb6247-0f92-4e0f-9f0c-5b2ce80c0115@group-75F8889383A4-SegmentedRaftLogWorker: safeCacheEvictIndex: setUnconditionally 0 -> -1
2023-01-08 22:30:47,341 [pool-140-thread-1] INFO  server.RaftServer$Division (RaftServerImpl.java:start(334)) - d2cb6247-0f92-4e0f-9f0c-5b2ce80c0115@group-75F8889383A4: start as a follower, conf=-1: peers:[739e0a5a-91fd-46ce-99c6-277f52566479|rpc:10.1.0.12:38543|dataStream:10.1.0.12:44013|priority:1|startupRole:FOLLOWER, e7301f7c-5c47-48c7-9f47-e06452a04696|rpc:10.1.0.12:37583|dataStream:10.1.0.12:38057|priority:0|startupRole:FOLLOWER, d2cb6247-0f92-4e0f-9f0c-5b2ce80c0115|rpc:10.1.0.12:40175|dataStream:10.1.0.12:35007|priority:0|startupRole:FOLLOWER]|listeners:[], old=null
2023-01-08 22:30:47,341 [pool-140-thread-1] INFO  server.RaftServer$Division (RaftServerImpl.java:setRole(321)) - d2cb6247-0f92-4e0f-9f0c-5b2ce80c0115@group-75F8889383A4: changes role from      null to FOLLOWER at term 0 for startAsFollower
2023-01-08 22:30:47,341 [pool-140-thread-1] INFO  impl.RoleInfo (RoleInfo.java:updateAndGet(139)) - d2cb6247-0f92-4e0f-9f0c-5b2ce80c0115: start d2cb6247-0f92-4e0f-9f0c-5b2ce80c0115@group-75F8889383A4-FollowerState
2023-01-08 22:30:47,342 [pool-140-thread-1] INFO  util.JmxRegister (JmxRegister.java:tryRegister(44)) - Successfully registered JMX Bean with object name Ratis:service=RaftServer,group=group-75F8889383A4,id=d2cb6247-0f92-4e0f-9f0c-5b2ce80c0115
2023-01-08 22:30:47,342 [pool-140-thread-1] INFO  server.RaftServerConfigKeys (ConfUtils.java:logGet(46)) - raft.server.snapshot.auto.trigger.enabled = true (custom)
2023-01-08 22:30:47,342 [pool-140-thread-1] INFO  server.RaftServerConfigKeys (ConfUtils.java:logGet(46)) - raft.server.snapshot.auto.trigger.threshold = 10000 (custom)
2023-01-08 22:30:47,342 [pool-140-thread-1] INFO  server.RaftServerConfigKeys (ConfUtils.java:logGet(46)) - raft.server.snapshot.retention.file.num = 5 (custom)
2023-01-08 22:30:47,342 [pool-140-thread-1] INFO  server.RaftServerConfigKeys (ConfUtils.java:logGet(46)) - raft.server.log.purge.upto.snapshot.index = false (default)
2023-01-08 22:30:47,343 [d2cb6247-0f92-4e0f-9f0c-5b2ce80c0115@group-75F8889383A4-FollowerState] INFO  server.RaftServerConfigKeys (ConfUtils.java:logFallback(53)) - raft.server.rpc.first-election.timeout.min = 5s (fallback to raft.server.rpc.timeout.min)
2023-01-08 22:30:47,344 [Command processor thread] INFO  ratis.XceiverServerRatis (XceiverServerRatis.java:addGroup(806)) - Created group PipelineID=5c5aa780-f240-45fc-8407-75f8889383a4
2023-01-08 22:30:47,344 [d2cb6247-0f92-4e0f-9f0c-5b2ce80c0115@group-75F8889383A4-FollowerState] INFO  server.RaftServerConfigKeys (ConfUtils.java:logFallback(53)) - raft.server.rpc.first-election.timeout.max = 5200ms (fallback to raft.server.rpc.timeout.max)
2023-01-08 22:30:47,362 [grpc-default-executor-1] INFO  server.RaftServer (RaftServerProxy.java:addNew(96)) - 739e0a5a-91fd-46ce-99c6-277f52566479: addNew group-75F8889383A4:[739e0a5a-91fd-46ce-99c6-277f52566479|rpc:10.1.0.12:38543|dataStream:10.1.0.12:44013|priority:1|startupRole:FOLLOWER, e7301f7c-5c47-48c7-9f47-e06452a04696|rpc:10.1.0.12:37583|dataStream:10.1.0.12:38057|priority:0|startupRole:FOLLOWER, d2cb6247-0f92-4e0f-9f0c-5b2ce80c0115|rpc:10.1.0.12:40175|dataStream:10.1.0.12:35007|priority:0|startupRole:FOLLOWER] returns group-75F8889383A4:java.util.concurrent.CompletableFuture@48439124[Not completed]
2023-01-08 22:30:47,364 [pool-186-thread-1] INFO  server.RaftServer$Division (RaftServerImpl.java:<init>(195)) - 739e0a5a-91fd-46ce-99c6-277f52566479: new RaftServerImpl for group-75F8889383A4:[739e0a5a-91fd-46ce-99c6-277f52566479|rpc:10.1.0.12:38543|dataStream:10.1.0.12:44013|priority:1|startupRole:FOLLOWER, e7301f7c-5c47-48c7-9f47-e06452a04696|rpc:10.1.0.12:37583|dataStream:10.1.0.12:38057|priority:0|startupRole:FOLLOWER, d2cb6247-0f92-4e0f-9f0c-5b2ce80c0115|rpc:10.1.0.12:40175|dataStream:10.1.0.12:35007|priority:0|startupRole:FOLLOWER] with ContainerStateMachine:uninitialized
2023-01-08 22:30:47,365 [pool-186-thread-1] INFO  server.RaftServerConfigKeys (ConfUtils.java:logGet(46)) - raft.server.rpc.timeout.min = 5s (custom)
2023-01-08 22:30:47,365 [pool-186-thread-1] INFO  server.RaftServerConfigKeys (ConfUtils.java:logGet(46)) - raft.server.rpc.timeout.max = 5200ms (custom)
2023-01-08 22:30:47,365 [pool-186-thread-1] INFO  server.RaftServerConfigKeys (ConfUtils.java:logGet(46)) - raft.server.rpc.sleep.time = 25ms (default)
2023-01-08 22:30:47,365 [pool-186-thread-1] INFO  server.RaftServerConfigKeys (ConfUtils.java:logGet(46)) - raft.server.rpc.slowness.timeout = 300s (custom)
2023-01-08 22:30:47,365 [pool-186-thread-1] INFO  server.RaftServerConfigKeys (ConfUtils.java:logGet(46)) - raft.server.leaderelection.leader.step-down.wait-time = 10s (default)
2023-01-08 22:30:47,365 [pool-186-thread-1] INFO  server.RaftServerConfigKeys (ConfUtils.java:logGet(46)) - raft.server.sleep.deviation.threshold = 300ms (default)
2023-01-08 22:30:47,365 [pool-186-thread-1] INFO  server.RaftServer$Division (ServerState.java:<init>(118)) - 739e0a5a-91fd-46ce-99c6-277f52566479@group-75F8889383A4: ConfigurationManager, init=-1: peers:[739e0a5a-91fd-46ce-99c6-277f52566479|rpc:10.1.0.12:38543|dataStream:10.1.0.12:44013|priority:1|startupRole:FOLLOWER, e7301f7c-5c47-48c7-9f47-e06452a04696|rpc:10.1.0.12:37583|dataStream:10.1.0.12:38057|priority:0|startupRole:FOLLOWER, d2cb6247-0f92-4e0f-9f0c-5b2ce80c0115|rpc:10.1.0.12:40175|dataStream:10.1.0.12:35007|priority:0|startupRole:FOLLOWER]|listeners:[], old=null, confs=<EMPTY_MAP>
2023-01-08 22:30:47,365 [pool-186-thread-1] INFO  server.RaftServerConfigKeys (ConfUtils.java:logGet(46)) - raft.server.storage.dir = [/home/runner/work/ozone/ozone/hadoop-ozone/integration-test/target/test-dir/MiniOzoneClusterImpl-3463507a-8a94-4be2-9691-6a94fb394e4a/datanode-5/data/ratis] (custom)
2023-01-08 22:30:47,365 [pool-186-thread-1] INFO  server.RaftServerConfigKeys (ConfUtils.java:logGet(46)) - raft.server.log.corruption.policy = EXCEPTION (default)
2023-01-08 22:30:47,365 [pool-186-thread-1] INFO  server.RaftServerConfigKeys (ConfUtils.java:logGet(46)) - raft.server.storage.free-space.min = 0MB (=0) (default)
2023-01-08 22:30:47,365 [pool-186-thread-1] INFO  server.RaftServerConfigKeys (ConfUtils.java:logGet(46)) - raft.server.notification.no-leader.timeout = 300s (custom)
2023-01-08 22:30:47,365 [pool-186-thread-1] INFO  server.RaftServerConfigKeys (ConfUtils.java:logGet(46)) - raft.server.retrycache.expirytime = 600000ms (custom)
2023-01-08 22:30:47,365 [pool-186-thread-1] INFO  server.RaftServerConfigKeys (ConfUtils.java:logGet(46)) - raft.server.retrycache.statistics.expirytime = 100μs (default)
2023-01-08 22:30:47,369 [pool-186-thread-1] INFO  server.RaftServerConfigKeys (ConfUtils.java:logGet(46)) - raft.server.log.appender.install.snapshot.enabled = false (custom)
2023-01-08 22:30:47,369 [pool-186-thread-1] INFO  server.RaftServerConfigKeys (ConfUtils.java:logGet(46)) - raft.server.threadpool.server.cached = true (default)
2023-01-08 22:30:47,369 [pool-186-thread-1] INFO  server.RaftServerConfigKeys (ConfUtils.java:logGet(46)) - raft.server.threadpool.server.size = 0 (default)
2023-01-08 22:30:47,369 [pool-186-thread-1] INFO  server.RaftServerConfigKeys (ConfUtils.java:logGet(46)) - raft.server.threadpool.client.cached = true (default)
2023-01-08 22:30:47,369 [pool-186-thread-1] INFO  server.RaftServerConfigKeys (ConfUtils.java:logGet(46)) - raft.server.threadpool.client.size = 0 (default)
2023-01-08 22:30:47,369 [pool-186-thread-1] INFO  storage.RaftStorageDirectory (RaftStorageDirectoryImpl.java:analyzeStorage(137)) - The storage directory /home/runner/work/ozone/ozone/hadoop-ozone/integration-test/target/test-dir/MiniOzoneClusterImpl-3463507a-8a94-4be2-9691-6a94fb394e4a/datanode-5/data/ratis/5c5aa780-f240-45fc-8407-75f8889383a4 does not exist. Creating ...
2023-01-08 22:30:47,371 [pool-186-thread-1] INFO  storage.RaftStorageDirectory (RaftStorageDirectoryImpl.java:tryLock(231)) - Lock on /home/runner/work/ozone/ozone/hadoop-ozone/integration-test/target/test-dir/MiniOzoneClusterImpl-3463507a-8a94-4be2-9691-6a94fb394e4a/datanode-5/data/ratis/5c5aa780-f240-45fc-8407-75f8889383a4/in_use.lock acquired by nodename 69525@fv-az390-965
2023-01-08 22:30:47,372 [pool-186-thread-1] INFO  storage.RaftStorage (RaftStorageImpl.java:format(96)) - Storage directory /home/runner/work/ozone/ozone/hadoop-ozone/integration-test/target/test-dir/MiniOzoneClusterImpl-3463507a-8a94-4be2-9691-6a94fb394e4a/datanode-5/data/ratis/5c5aa780-f240-45fc-8407-75f8889383a4 has been successfully formatted.
2023-01-08 22:30:47,374 [pool-186-thread-1] INFO  ratis.ContainerStateMachine (ContainerStateMachine.java:loadSnapshot(240)) - group-75F8889383A4: The snapshot info is null. Setting the last applied indexto:(t:0, i:~)
2023-01-08 22:30:47,374 [pool-186-thread-1] INFO  server.RaftServerConfigKeys (ConfUtils.java:logGet(46)) - raft.server.log.use.memory = false (default)
2023-01-08 22:30:47,374 [pool-186-thread-1] INFO  server.RaftServerConfigKeys (ConfUtils.java:logGet(46)) - raft.server.log.purge.gap = 1000000 (custom)
2023-01-08 22:30:47,374 [pool-186-thread-1] INFO  server.RaftServerConfigKeys (ConfUtils.java:logGet(46)) - raft.server.log.appender.buffer.byte-limit = 33554432 (custom)
2023-01-08 22:30:47,374 [pool-186-thread-1] INFO  server.RaftServerConfigKeys (ConfUtils.java:logGet(46)) - raft.server.log.statemachine.data.read.timeout = 1000ms (default)
2023-01-08 22:30:47,375 [pool-186-thread-1] INFO  server.RaftServerConfigKeys (ConfUtils.java:logGet(46)) - raft.server.log.purge.preservation.log.num = 0 (default)
2023-01-08 22:30:47,375 [pool-186-thread-1] INFO  server.RaftServerConfigKeys (ConfUtils.java:logGet(46)) - raft.server.log.segment.size.max = 1048576 (custom)
2023-01-08 22:30:47,375 [pool-186-thread-1] INFO  server.RaftServerConfigKeys (ConfUtils.java:logGet(46)) - raft.server.log.segment.cache.num.max = 2 (custom)
2023-01-08 22:30:47,375 [pool-186-thread-1] INFO  server.RaftServerConfigKeys (ConfUtils.java:logGet(46)) - raft.server.log.segment.cache.size.max = 200MB (=209715200) (default)
2023-01-08 22:30:47,375 [pool-186-thread-1] INFO  segmented.SegmentedRaftLogWorker (SegmentedRaftLogWorker.java:<init>(189)) - new 739e0a5a-91fd-46ce-99c6-277f52566479@group-75F8889383A4-SegmentedRaftLogWorker for RaftStorageImpl:Storage Directory /home/runner/work/ozone/ozone/hadoop-ozone/integration-test/target/test-dir/MiniOzoneClusterImpl-3463507a-8a94-4be2-9691-6a94fb394e4a/datanode-5/data/ratis/5c5aa780-f240-45fc-8407-75f8889383a4
2023-01-08 22:30:47,375 [pool-186-thread-1] INFO  server.RaftServerConfigKeys (ConfUtils.java:logGet(46)) - raft.server.log.queue.byte-limit = 4294967296 (custom)
2023-01-08 22:30:47,376 [pool-186-thread-1] INFO  server.RaftServerConfigKeys (ConfUtils.java:logGet(46)) - raft.server.log.queue.element-limit = 1024 (custom)
2023-01-08 22:30:47,376 [pool-186-thread-1] INFO  server.RaftServerConfigKeys (ConfUtils.java:logGet(46)) - raft.server.log.segment.size.max = 1048576 (custom)
2023-01-08 22:30:47,376 [pool-186-thread-1] INFO  server.RaftServerConfigKeys (ConfUtils.java:logGet(46)) - raft.server.log.preallocated.size = 16384 (custom)
2023-01-08 22:30:47,376 [pool-186-thread-1] INFO  server.RaftServerConfigKeys (ConfUtils.java:logGet(46)) - raft.server.log.force.sync.num = 128 (default)
2023-01-08 22:30:47,376 [pool-186-thread-1] INFO  server.RaftServerConfigKeys (ConfUtils.java:logGet(46)) - raft.server.log.statemachine.data.sync = true (default)
2023-01-08 22:30:47,376 [pool-186-thread-1] INFO  server.RaftServerConfigKeys (ConfUtils.java:logGet(46)) - raft.server.log.statemachine.data.sync.timeout = 10s (default)
2023-01-08 22:30:47,376 [pool-186-thread-1] INFO  server.RaftServerConfigKeys (ConfUtils.java:logGet(46)) - raft.server.log.statemachine.data.sync.timeout.retry = -1 (default)
2023-01-08 22:30:47,377 [pool-186-thread-1] INFO  server.RaftServerConfigKeys (ConfUtils.java:logGet(46)) - raft.server.log.write.buffer.size = 1048576 (custom)
2023-01-08 22:30:47,378 [pool-186-thread-1] INFO  server.RaftServerConfigKeys (ConfUtils.java:logGet(46)) - raft.server.log.appender.buffer.byte-limit = 33554432 (custom)
2023-01-08 22:30:47,383 [pool-186-thread-1] INFO  server.RaftServerConfigKeys (ConfUtils.java:logGet(46)) - raft.server.log.unsafe-flush.enabled = false (default)
2023-01-08 22:30:47,383 [pool-186-thread-1] INFO  server.RaftServerConfigKeys (ConfUtils.java:logGet(46)) - raft.server.log.async-flush.enabled = false (default)
2023-01-08 22:30:47,383 [pool-186-thread-1] INFO  server.RaftServerConfigKeys (ConfUtils.java:logGet(46)) - raft.server.log.statemachine.data.caching.enabled = true (custom)
2023-01-08 22:30:47,383 [pool-186-thread-1] INFO  segmented.SegmentedRaftLogWorker (SegmentedRaftLogWorker.java:lambda$new$0(135)) - 739e0a5a-91fd-46ce-99c6-277f52566479@group-75F8889383A4-SegmentedRaftLogWorker: flushIndex: setUnconditionally 0 -> -1
2023-01-08 22:30:47,383 [pool-186-thread-1] INFO  segmented.SegmentedRaftLogWorker (SegmentedRaftLogWorker.java:lambda$new$0(135)) - 739e0a5a-91fd-46ce-99c6-277f52566479@group-75F8889383A4-SegmentedRaftLogWorker: safeCacheEvictIndex: setUnconditionally 0 -> -1
2023-01-08 22:30:47,388 [pool-186-thread-1] INFO  server.RaftServer$Division (RaftServerImpl.java:start(334)) - 739e0a5a-91fd-46ce-99c6-277f52566479@group-75F8889383A4: start as a follower, conf=-1: peers:[739e0a5a-91fd-46ce-99c6-277f52566479|rpc:10.1.0.12:38543|dataStream:10.1.0.12:44013|priority:1|startupRole:FOLLOWER, e7301f7c-5c47-48c7-9f47-e06452a04696|rpc:10.1.0.12:37583|dataStream:10.1.0.12:38057|priority:0|startupRole:FOLLOWER, d2cb6247-0f92-4e0f-9f0c-5b2ce80c0115|rpc:10.1.0.12:40175|dataStream:10.1.0.12:35007|priority:0|startupRole:FOLLOWER]|listeners:[], old=null
2023-01-08 22:30:47,388 [pool-186-thread-1] INFO  server.RaftServer$Division (RaftServerImpl.java:setRole(321)) - 739e0a5a-91fd-46ce-99c6-277f52566479@group-75F8889383A4: changes role from      null to FOLLOWER at term 0 for startAsFollower
2023-01-08 22:30:47,388 [pool-186-thread-1] INFO  impl.RoleInfo (RoleInfo.java:updateAndGet(139)) - 739e0a5a-91fd-46ce-99c6-277f52566479: start 739e0a5a-91fd-46ce-99c6-277f52566479@group-75F8889383A4-FollowerState
2023-01-08 22:30:47,388 [pool-186-thread-1] INFO  util.JmxRegister (JmxRegister.java:tryRegister(44)) - Successfully registered JMX Bean with object name Ratis:service=RaftServer,group=group-75F8889383A4,id=739e0a5a-91fd-46ce-99c6-277f52566479
2023-01-08 22:30:47,388 [pool-186-thread-1] INFO  server.RaftServerConfigKeys (ConfUtils.java:logGet(46)) - raft.server.snapshot.auto.trigger.enabled = true (custom)
2023-01-08 22:30:47,388 [pool-186-thread-1] INFO  server.RaftServerConfigKeys (ConfUtils.java:logGet(46)) - raft.server.snapshot.auto.trigger.threshold = 10000 (custom)
2023-01-08 22:30:47,389 [pool-186-thread-1] INFO  server.RaftServerConfigKeys (ConfUtils.java:logGet(46)) - raft.server.snapshot.retention.file.num = 5 (custom)
2023-01-08 22:30:47,389 [pool-186-thread-1] INFO  server.RaftServerConfigKeys (ConfUtils.java:logGet(46)) - raft.server.log.purge.upto.snapshot.index = false (default)
2023-01-08 22:30:47,389 [739e0a5a-91fd-46ce-99c6-277f52566479@group-75F8889383A4-FollowerState] INFO  server.RaftServerConfigKeys (ConfUtils.java:logFallback(53)) - raft.server.rpc.first-election.timeout.min = 5s (fallback to raft.server.rpc.timeout.min)
2023-01-08 22:30:47,391 [739e0a5a-91fd-46ce-99c6-277f52566479@group-75F8889383A4-FollowerState] INFO  server.RaftServerConfigKeys (ConfUtils.java:logFallback(53)) - raft.server.rpc.first-election.timeout.max = 5200ms (fallback to raft.server.rpc.timeout.max)
2023-01-08 22:30:47,415 [grpc-default-executor-1] INFO  server.RaftServer (RaftServerProxy.java:addNew(96)) - e7301f7c-5c47-48c7-9f47-e06452a04696: addNew group-75F8889383A4:[739e0a5a-91fd-46ce-99c6-277f52566479|rpc:10.1.0.12:38543|dataStream:10.1.0.12:44013|priority:1|startupRole:FOLLOWER, e7301f7c-5c47-48c7-9f47-e06452a04696|rpc:10.1.0.12:37583|dataStream:10.1.0.12:38057|priority:0|startupRole:FOLLOWER, d2cb6247-0f92-4e0f-9f0c-5b2ce80c0115|rpc:10.1.0.12:40175|dataStream:10.1.0.12:35007|priority:0|startupRole:FOLLOWER] returns group-75F8889383A4:java.util.concurrent.CompletableFuture@5eb5ff58[Not completed]
2023-01-08 22:30:47,417 [pool-163-thread-1] INFO  server.RaftServer$Division (RaftServerImpl.java:<init>(195)) - e7301f7c-5c47-48c7-9f47-e06452a04696: new RaftServerImpl for group-75F8889383A4:[739e0a5a-91fd-46ce-99c6-277f52566479|rpc:10.1.0.12:38543|dataStream:10.1.0.12:44013|priority:1|startupRole:FOLLOWER, e7301f7c-5c47-48c7-9f47-e06452a04696|rpc:10.1.0.12:37583|dataStream:10.1.0.12:38057|priority:0|startupRole:FOLLOWER, d2cb6247-0f92-4e0f-9f0c-5b2ce80c0115|rpc:10.1.0.12:40175|dataStream:10.1.0.12:35007|priority:0|startupRole:FOLLOWER] with ContainerStateMachine:uninitialized
2023-01-08 22:30:47,417 [pool-163-thread-1] INFO  server.RaftServerConfigKeys (ConfUtils.java:logGet(46)) - raft.server.rpc.timeout.min = 5s (custom)
2023-01-08 22:30:47,417 [pool-163-thread-1] INFO  server.RaftServerConfigKeys (ConfUtils.java:logGet(46)) - raft.server.rpc.timeout.max = 5200ms (custom)
2023-01-08 22:30:47,417 [pool-163-thread-1] INFO  server.RaftServerConfigKeys (ConfUtils.java:logGet(46)) - raft.server.rpc.sleep.time = 25ms (default)
2023-01-08 22:30:47,417 [pool-163-thread-1] INFO  server.RaftServerConfigKeys (ConfUtils.java:logGet(46)) - raft.server.rpc.slowness.timeout = 300s (custom)
2023-01-08 22:30:47,417 [pool-163-thread-1] INFO  server.RaftServerConfigKeys (ConfUtils.java:logGet(46)) - raft.server.leaderelection.leader.step-down.wait-time = 10s (default)
2023-01-08 22:30:47,417 [pool-163-thread-1] INFO  server.RaftServerConfigKeys (ConfUtils.java:logGet(46)) - raft.server.sleep.deviation.threshold = 300ms (default)
2023-01-08 22:30:47,417 [pool-163-thread-1] INFO  server.RaftServer$Division (ServerState.java:<init>(118)) - e7301f7c-5c47-48c7-9f47-e06452a04696@group-75F8889383A4: ConfigurationManager, init=-1: peers:[739e0a5a-91fd-46ce-99c6-277f52566479|rpc:10.1.0.12:38543|dataStream:10.1.0.12:44013|priority:1|startupRole:FOLLOWER, e7301f7c-5c47-48c7-9f47-e06452a04696|rpc:10.1.0.12:37583|dataStream:10.1.0.12:38057|priority:0|startupRole:FOLLOWER, d2cb6247-0f92-4e0f-9f0c-5b2ce80c0115|rpc:10.1.0.12:40175|dataStream:10.1.0.12:35007|priority:0|startupRole:FOLLOWER]|listeners:[], old=null, confs=<EMPTY_MAP>
2023-01-08 22:30:47,417 [pool-163-thread-1] INFO  server.RaftServerConfigKeys (ConfUtils.java:logGet(46)) - raft.server.storage.dir = [/home/runner/work/ozone/ozone/hadoop-ozone/integration-test/target/test-dir/MiniOzoneClusterImpl-3463507a-8a94-4be2-9691-6a94fb394e4a/datanode-4/data/ratis] (custom)
2023-01-08 22:30:47,418 [pool-163-thread-1] INFO  server.RaftServerConfigKeys (ConfUtils.java:logGet(46)) - raft.server.log.corruption.policy = EXCEPTION (default)
2023-01-08 22:30:47,418 [pool-163-thread-1] INFO  server.RaftServerConfigKeys (ConfUtils.java:logGet(46)) - raft.server.storage.free-space.min = 0MB (=0) (default)
2023-01-08 22:30:47,418 [pool-163-thread-1] INFO  server.RaftServerConfigKeys (ConfUtils.java:logGet(46)) - raft.server.notification.no-leader.timeout = 300s (custom)
2023-01-08 22:30:47,418 [pool-163-thread-1] INFO  server.RaftServerConfigKeys (ConfUtils.java:logGet(46)) - raft.server.retrycache.expirytime = 600000ms (custom)
2023-01-08 22:30:47,418 [pool-163-thread-1] INFO  server.RaftServerConfigKeys (ConfUtils.java:logGet(46)) - raft.server.retrycache.statistics.expirytime = 100μs (default)
2023-01-08 22:30:47,426 [pool-163-thread-1] INFO  server.RaftServerConfigKeys (ConfUtils.java:logGet(46)) - raft.server.log.appender.install.snapshot.enabled = false (custom)
2023-01-08 22:30:47,426 [pool-163-thread-1] INFO  server.RaftServerConfigKeys (ConfUtils.java:logGet(46)) - raft.server.threadpool.server.cached = true (default)
2023-01-08 22:30:47,426 [pool-163-thread-1] INFO  server.RaftServerConfigKeys (ConfUtils.java:logGet(46)) - raft.server.threadpool.server.size = 0 (default)
2023-01-08 22:30:47,426 [pool-163-thread-1] INFO  server.RaftServerConfigKeys (ConfUtils.java:logGet(46)) - raft.server.threadpool.client.cached = true (default)
2023-01-08 22:30:47,427 [pool-163-thread-1] INFO  server.RaftServerConfigKeys (ConfUtils.java:logGet(46)) - raft.server.threadpool.client.size = 0 (default)
2023-01-08 22:30:47,427 [pool-163-thread-1] INFO  storage.RaftStorageDirectory (RaftStorageDirectoryImpl.java:analyzeStorage(137)) - The storage directory /home/runner/work/ozone/ozone/hadoop-ozone/integration-test/target/test-dir/MiniOzoneClusterImpl-3463507a-8a94-4be2-9691-6a94fb394e4a/datanode-4/data/ratis/5c5aa780-f240-45fc-8407-75f8889383a4 does not exist. Creating ...
2023-01-08 22:30:47,428 [pool-163-thread-1] INFO  storage.RaftStorageDirectory (RaftStorageDirectoryImpl.java:tryLock(231)) - Lock on /home/runner/work/ozone/ozone/hadoop-ozone/integration-test/target/test-dir/MiniOzoneClusterImpl-3463507a-8a94-4be2-9691-6a94fb394e4a/datanode-4/data/ratis/5c5aa780-f240-45fc-8407-75f8889383a4/in_use.lock acquired by nodename 69525@fv-az390-965
2023-01-08 22:30:47,429 [pool-163-thread-1] INFO  storage.RaftStorage (RaftStorageImpl.java:format(96)) - Storage directory /home/runner/work/ozone/ozone/hadoop-ozone/integration-test/target/test-dir/MiniOzoneClusterImpl-3463507a-8a94-4be2-9691-6a94fb394e4a/datanode-4/data/ratis/5c5aa780-f240-45fc-8407-75f8889383a4 has been successfully formatted.
2023-01-08 22:30:47,430 [pool-163-thread-1] INFO  ratis.ContainerStateMachine (ContainerStateMachine.java:loadSnapshot(240)) - group-75F8889383A4: The snapshot info is null. Setting the last applied indexto:(t:0, i:~)
2023-01-08 22:30:47,430 [pool-163-thread-1] INFO  server.RaftServerConfigKeys (ConfUtils.java:logGet(46)) - raft.server.log.use.memory = false (default)
2023-01-08 22:30:47,430 [pool-163-thread-1] INFO  server.RaftServerConfigKeys (ConfUtils.java:logGet(46)) - raft.server.log.purge.gap = 1000000 (custom)
2023-01-08 22:30:47,430 [pool-163-thread-1] INFO  server.RaftServerConfigKeys (ConfUtils.java:logGet(46)) - raft.server.log.appender.buffer.byte-limit = 33554432 (custom)
2023-01-08 22:30:47,430 [pool-163-thread-1] INFO  server.RaftServerConfigKeys (ConfUtils.java:logGet(46)) - raft.server.log.statemachine.data.read.timeout = 1000ms (default)
2023-01-08 22:30:47,430 [pool-163-thread-1] INFO  server.RaftServerConfigKeys (ConfUtils.java:logGet(46)) - raft.server.log.purge.preservation.log.num = 0 (default)
2023-01-08 22:30:47,436 [pool-163-thread-1] INFO  server.RaftServerConfigKeys (ConfUtils.java:logGet(46)) - raft.server.log.segment.size.max = 1048576 (custom)
2023-01-08 22:30:47,436 [pool-163-thread-1] INFO  server.RaftServerConfigKeys (ConfUtils.java:logGet(46)) - raft.server.log.segment.cache.num.max = 2 (custom)
2023-01-08 22:30:47,436 [pool-163-thread-1] INFO  server.RaftServerConfigKeys (ConfUtils.java:logGet(46)) - raft.server.log.segment.cache.size.max = 200MB (=209715200) (default)
2023-01-08 22:30:47,436 [pool-163-thread-1] INFO  segmented.SegmentedRaftLogWorker (SegmentedRaftLogWorker.java:<init>(189)) - new e7301f7c-5c47-48c7-9f47-e06452a04696@group-75F8889383A4-SegmentedRaftLogWorker for RaftStorageImpl:Storage Directory /home/runner/work/ozone/ozone/hadoop-ozone/integration-test/target/test-dir/MiniOzoneClusterImpl-3463507a-8a94-4be2-9691-6a94fb394e4a/datanode-4/data/ratis/5c5aa780-f240-45fc-8407-75f8889383a4
2023-01-08 22:30:47,436 [pool-163-thread-1] INFO  server.RaftServerConfigKeys (ConfUtils.java:logGet(46)) - raft.server.log.queue.byte-limit = 4294967296 (custom)
2023-01-08 22:30:47,436 [pool-163-thread-1] INFO  server.RaftServerConfigKeys (ConfUtils.java:logGet(46)) - raft.server.log.queue.element-limit = 1024 (custom)
2023-01-08 22:30:47,436 [pool-163-thread-1] INFO  server.RaftServerConfigKeys (ConfUtils.java:logGet(46)) - raft.server.log.segment.size.max = 1048576 (custom)
2023-01-08 22:30:47,436 [pool-163-thread-1] INFO  server.RaftServerConfigKeys (ConfUtils.java:logGet(46)) - raft.server.log.preallocated.size = 16384 (custom)
2023-01-08 22:30:47,437 [pool-163-thread-1] INFO  server.RaftServerConfigKeys (ConfUtils.java:logGet(46)) - raft.server.log.force.sync.num = 128 (default)
2023-01-08 22:30:47,437 [pool-163-thread-1] INFO  server.RaftServerConfigKeys (ConfUtils.java:logGet(46)) - raft.server.log.statemachine.data.sync = true (default)
2023-01-08 22:30:47,437 [pool-163-thread-1] INFO  server.RaftServerConfigKeys (ConfUtils.java:logGet(46)) - raft.server.log.statemachine.data.sync.timeout = 10s (default)
2023-01-08 22:30:47,437 [pool-163-thread-1] INFO  server.RaftServerConfigKeys (ConfUtils.java:logGet(46)) - raft.server.log.statemachine.data.sync.timeout.retry = -1 (default)
2023-01-08 22:30:47,437 [pool-163-thread-1] INFO  server.RaftServerConfigKeys (ConfUtils.java:logGet(46)) - raft.server.log.write.buffer.size = 1048576 (custom)
2023-01-08 22:30:47,439 [pool-163-thread-1] INFO  server.RaftServerConfigKeys (ConfUtils.java:logGet(46)) - raft.server.log.appender.buffer.byte-limit = 33554432 (custom)
2023-01-08 22:30:47,444 [pool-163-thread-1] INFO  server.RaftServerConfigKeys (ConfUtils.java:logGet(46)) - raft.server.log.unsafe-flush.enabled = false (default)
2023-01-08 22:30:47,444 [pool-163-thread-1] INFO  server.RaftServerConfigKeys (ConfUtils.java:logGet(46)) - raft.server.log.async-flush.enabled = false (default)
2023-01-08 22:30:47,444 [pool-163-thread-1] INFO  server.RaftServerConfigKeys (ConfUtils.java:logGet(46)) - raft.server.log.statemachine.data.caching.enabled = true (custom)
2023-01-08 22:30:47,444 [pool-163-thread-1] INFO  segmented.SegmentedRaftLogWorker (SegmentedRaftLogWorker.java:lambda$new$0(135)) - e7301f7c-5c47-48c7-9f47-e06452a04696@group-75F8889383A4-SegmentedRaftLogWorker: flushIndex: setUnconditionally 0 -> -1
2023-01-08 22:30:47,444 [pool-163-thread-1] INFO  segmented.SegmentedRaftLogWorker (SegmentedRaftLogWorker.java:lambda$new$0(135)) - e7301f7c-5c47-48c7-9f47-e06452a04696@group-75F8889383A4-SegmentedRaftLogWorker: safeCacheEvictIndex: setUnconditionally 0 -> -1
2023-01-08 22:30:47,446 [pool-163-thread-1] INFO  server.RaftServer$Division (RaftServerImpl.java:start(334)) - e7301f7c-5c47-48c7-9f47-e06452a04696@group-75F8889383A4: start as a follower, conf=-1: peers:[739e0a5a-91fd-46ce-99c6-277f52566479|rpc:10.1.0.12:38543|dataStream:10.1.0.12:44013|priority:1|startupRole:FOLLOWER, e7301f7c-5c47-48c7-9f47-e06452a04696|rpc:10.1.0.12:37583|dataStream:10.1.0.12:38057|priority:0|startupRole:FOLLOWER, d2cb6247-0f92-4e0f-9f0c-5b2ce80c0115|rpc:10.1.0.12:40175|dataStream:10.1.0.12:35007|priority:0|startupRole:FOLLOWER]|listeners:[], old=null
2023-01-08 22:30:47,446 [pool-163-thread-1] INFO  server.RaftServer$Division (RaftServerImpl.java:setRole(321)) - e7301f7c-5c47-48c7-9f47-e06452a04696@group-75F8889383A4: changes role from      null to FOLLOWER at term 0 for startAsFollower
2023-01-08 22:30:47,446 [pool-163-thread-1] INFO  impl.RoleInfo (RoleInfo.java:updateAndGet(139)) - e7301f7c-5c47-48c7-9f47-e06452a04696: start e7301f7c-5c47-48c7-9f47-e06452a04696@group-75F8889383A4-FollowerState
2023-01-08 22:30:47,449 [pool-163-thread-1] INFO  util.JmxRegister (JmxRegister.java:tryRegister(44)) - Successfully registered JMX Bean with object name Ratis:service=RaftServer,group=group-75F8889383A4,id=e7301f7c-5c47-48c7-9f47-e06452a04696
2023-01-08 22:30:47,449 [pool-163-thread-1] INFO  server.RaftServerConfigKeys (ConfUtils.java:logGet(46)) - raft.server.snapshot.auto.trigger.enabled = true (custom)
2023-01-08 22:30:47,449 [pool-163-thread-1] INFO  server.RaftServerConfigKeys (ConfUtils.java:logGet(46)) - raft.server.snapshot.auto.trigger.threshold = 10000 (custom)
2023-01-08 22:30:47,450 [pool-163-thread-1] INFO  server.RaftServerConfigKeys (ConfUtils.java:logGet(46)) - raft.server.snapshot.retention.file.num = 5 (custom)
2023-01-08 22:30:47,450 [pool-163-thread-1] INFO  server.RaftServerConfigKeys (ConfUtils.java:logGet(46)) - raft.server.log.purge.upto.snapshot.index = false (default)
2023-01-08 22:30:47,450 [e7301f7c-5c47-48c7-9f47-e06452a04696@group-75F8889383A4-FollowerState] INFO  server.RaftServerConfigKeys (ConfUtils.java:logFallback(53)) - raft.server.rpc.first-election.timeout.min = 5s (fallback to raft.server.rpc.timeout.min)
2023-01-08 22:30:47,452 [e7301f7c-5c47-48c7-9f47-e06452a04696@group-75F8889383A4-FollowerState] INFO  server.RaftServerConfigKeys (ConfUtils.java:logFallback(53)) - raft.server.rpc.first-election.timeout.max = 5200ms (fallback to raft.server.rpc.timeout.max)
2023-01-08 22:30:47,458 [Command processor thread] INFO  commandhandler.CreatePipelineCommandHandler (CreatePipelineCommandHandler.java:handle(113)) - Created Pipeline RATIS THREE PipelineID=5c5aa780-f240-45fc-8407-75f8889383a4.
2023-01-08 22:30:47,459 [Command processor thread] INFO  server.RaftServer (RaftServerProxy.java:addNew(96)) - d2cb6247-0f92-4e0f-9f0c-5b2ce80c0115: addNew group-160E0352A5AA:[739e0a5a-91fd-46ce-99c6-277f52566479|rpc:10.1.0.12:38543|dataStream:10.1.0.12:44013|priority:0|startupRole:FOLLOWER, e7301f7c-5c47-48c7-9f47-e06452a04696|rpc:10.1.0.12:37583|dataStream:10.1.0.12:38057|priority:0|startupRole:FOLLOWER, d2cb6247-0f92-4e0f-9f0c-5b2ce80c0115|rpc:10.1.0.12:40175|dataStream:10.1.0.12:35007|priority:1|startupRole:FOLLOWER] returns group-160E0352A5AA:java.util.concurrent.CompletableFuture@b846af[Not completed]
2023-01-08 22:30:47,461 [pool-140-thread-1] INFO  server.RaftServer$Division (RaftServerImpl.java:<init>(195)) - d2cb6247-0f92-4e0f-9f0c-5b2ce80c0115: new RaftServerImpl for group-160E0352A5AA:[739e0a5a-91fd-46ce-99c6-277f52566479|rpc:10.1.0.12:38543|dataStream:10.1.0.12:44013|priority:0|startupRole:FOLLOWER, e7301f7c-5c47-48c7-9f47-e06452a04696|rpc:10.1.0.12:37583|dataStream:10.1.0.12:38057|priority:0|startupRole:FOLLOWER, d2cb6247-0f92-4e0f-9f0c-5b2ce80c0115|rpc:10.1.0.12:40175|dataStream:10.1.0.12:35007|priority:1|startupRole:FOLLOWER] with ContainerStateMachine:uninitialized
2023-01-08 22:30:47,461 [pool-140-thread-1] INFO  server.RaftServerConfigKeys (ConfUtils.java:logGet(46)) - raft.server.rpc.timeout.min = 5s (custom)
2023-01-08 22:30:47,461 [pool-140-thread-1] INFO  server.RaftServerConfigKeys (ConfUtils.java:logGet(46)) - raft.server.rpc.timeout.max = 5200ms (custom)
2023-01-08 22:30:47,461 [pool-140-thread-1] INFO  server.RaftServerConfigKeys (ConfUtils.java:logGet(46)) - raft.server.rpc.sleep.time = 25ms (default)
2023-01-08 22:30:47,461 [pool-140-thread-1] INFO  server.RaftServerConfigKeys (ConfUtils.java:logGet(46)) - raft.server.rpc.slowness.timeout = 300s (custom)
2023-01-08 22:30:47,461 [pool-140-thread-1] INFO  server.RaftServerConfigKeys (ConfUtils.java:logGet(46)) - raft.server.leaderelection.leader.step-down.wait-time = 10s (default)
2023-01-08 22:30:47,461 [pool-140-thread-1] INFO  server.RaftServerConfigKeys (ConfUtils.java:logGet(46)) - raft.server.sleep.deviation.threshold = 300ms (default)
2023-01-08 22:30:47,461 [pool-140-thread-1] INFO  server.RaftServer$Division (ServerState.java:<init>(118)) - d2cb6247-0f92-4e0f-9f0c-5b2ce80c0115@group-160E0352A5AA: ConfigurationManager, init=-1: peers:[739e0a5a-91fd-46ce-99c6-277f52566479|rpc:10.1.0.12:38543|dataStream:10.1.0.12:44013|priority:0|startupRole:FOLLOWER, e7301f7c-5c47-48c7-9f47-e06452a04696|rpc:10.1.0.12:37583|dataStream:10.1.0.12:38057|priority:0|startupRole:FOLLOWER, d2cb6247-0f92-4e0f-9f0c-5b2ce80c0115|rpc:10.1.0.12:40175|dataStream:10.1.0.12:35007|priority:1|startupRole:FOLLOWER]|listeners:[], old=null, confs=<EMPTY_MAP>
2023-01-08 22:30:47,461 [pool-140-thread-1] INFO  server.RaftServerConfigKeys (ConfUtils.java:logGet(46)) - raft.server.storage.dir = [/home/runner/work/ozone/ozone/hadoop-ozone/integration-test/target/test-dir/MiniOzoneClusterImpl-3463507a-8a94-4be2-9691-6a94fb394e4a/datanode-3/data/ratis] (custom)
2023-01-08 22:30:47,461 [pool-140-thread-1] INFO  server.RaftServerConfigKeys (ConfUtils.java:logGet(46)) - raft.server.log.corruption.policy = EXCEPTION (default)
2023-01-08 22:30:47,461 [pool-140-thread-1] INFO  server.RaftServerConfigKeys (ConfUtils.java:logGet(46)) - raft.server.storage.free-space.min = 0MB (=0) (default)
2023-01-08 22:30:47,461 [pool-140-thread-1] INFO  server.RaftServerConfigKeys (ConfUtils.java:logGet(46)) - raft.server.notification.no-leader.timeout = 300s (custom)
2023-01-08 22:30:47,461 [pool-140-thread-1] INFO  server.RaftServerConfigKeys (ConfUtils.java:logGet(46)) - raft.server.retrycache.expirytime = 600000ms (custom)
2023-01-08 22:30:47,461 [pool-140-thread-1] INFO  server.RaftServerConfigKeys (ConfUtils.java:logGet(46)) - raft.server.retrycache.statistics.expirytime = 100μs (default)
2023-01-08 22:30:47,462 [pool-140-thread-1] INFO  server.RaftServerConfigKeys (ConfUtils.java:logGet(46)) - raft.server.log.appender.install.snapshot.enabled = false (custom)
2023-01-08 22:30:47,462 [pool-140-thread-1] INFO  server.RaftServerConfigKeys (ConfUtils.java:logGet(46)) - raft.server.threadpool.server.cached = true (default)
2023-01-08 22:30:47,463 [pool-140-thread-1] INFO  server.RaftServerConfigKeys (ConfUtils.java:logGet(46)) - raft.server.threadpool.server.size = 0 (default)
2023-01-08 22:30:47,463 [pool-140-thread-1] INFO  server.RaftServerConfigKeys (ConfUtils.java:logGet(46)) - raft.server.threadpool.client.cached = true (default)
2023-01-08 22:30:47,463 [pool-140-thread-1] INFO  server.RaftServerConfigKeys (ConfUtils.java:logGet(46)) - raft.server.threadpool.client.size = 0 (default)
2023-01-08 22:30:47,463 [pool-140-thread-1] INFO  storage.RaftStorageDirectory (RaftStorageDirectoryImpl.java:analyzeStorage(137)) - The storage directory /home/runner/work/ozone/ozone/hadoop-ozone/integration-test/target/test-dir/MiniOzoneClusterImpl-3463507a-8a94-4be2-9691-6a94fb394e4a/datanode-3/data/ratis/6c145882-b56c-480b-b8eb-160e0352a5aa does not exist. Creating ...
2023-01-08 22:30:47,464 [pool-140-thread-1] INFO  storage.RaftStorageDirectory (RaftStorageDirectoryImpl.java:tryLock(231)) - Lock on /home/runner/work/ozone/ozone/hadoop-ozone/integration-test/target/test-dir/MiniOzoneClusterImpl-3463507a-8a94-4be2-9691-6a94fb394e4a/datanode-3/data/ratis/6c145882-b56c-480b-b8eb-160e0352a5aa/in_use.lock acquired by nodename 69525@fv-az390-965
2023-01-08 22:30:47,465 [pool-140-thread-1] INFO  storage.RaftStorage (RaftStorageImpl.java:format(96)) - Storage directory /home/runner/work/ozone/ozone/hadoop-ozone/integration-test/target/test-dir/MiniOzoneClusterImpl-3463507a-8a94-4be2-9691-6a94fb394e4a/datanode-3/data/ratis/6c145882-b56c-480b-b8eb-160e0352a5aa has been successfully formatted.
2023-01-08 22:30:47,465 [pool-140-thread-1] INFO  ratis.ContainerStateMachine (ContainerStateMachine.java:loadSnapshot(240)) - group-160E0352A5AA: The snapshot info is null. Setting the last applied indexto:(t:0, i:~)
2023-01-08 22:30:47,465 [pool-140-thread-1] INFO  server.RaftServerConfigKeys (ConfUtils.java:logGet(46)) - raft.server.log.use.memory = false (default)
2023-01-08 22:30:47,465 [pool-140-thread-1] INFO  server.RaftServerConfigKeys (ConfUtils.java:logGet(46)) - raft.server.log.purge.gap = 1000000 (custom)
2023-01-08 22:30:47,465 [pool-140-thread-1] INFO  server.RaftServerConfigKeys (ConfUtils.java:logGet(46)) - raft.server.log.appender.buffer.byte-limit = 33554432 (custom)
2023-01-08 22:30:47,466 [pool-140-thread-1] INFO  server.RaftServerConfigKeys (ConfUtils.java:logGet(46)) - raft.server.log.statemachine.data.read.timeout = 1000ms (default)
2023-01-08 22:30:47,466 [pool-140-thread-1] INFO  server.RaftServerConfigKeys (ConfUtils.java:logGet(46)) - raft.server.log.purge.preservation.log.num = 0 (default)
2023-01-08 22:30:47,466 [pool-140-thread-1] INFO  server.RaftServerConfigKeys (ConfUtils.java:logGet(46)) - raft.server.log.segment.size.max = 1048576 (custom)
2023-01-08 22:30:47,466 [pool-140-thread-1] INFO  server.RaftServerConfigKeys (ConfUtils.java:logGet(46)) - raft.server.log.segment.cache.num.max = 2 (custom)
2023-01-08 22:30:47,466 [pool-140-thread-1] INFO  server.RaftServerConfigKeys (ConfUtils.java:logGet(46)) - raft.server.log.segment.cache.size.max = 200MB (=209715200) (default)
2023-01-08 22:30:47,466 [pool-140-thread-1] INFO  segmented.SegmentedRaftLogWorker (SegmentedRaftLogWorker.java:<init>(189)) - new d2cb6247-0f92-4e0f-9f0c-5b2ce80c0115@group-160E0352A5AA-SegmentedRaftLogWorker for RaftStorageImpl:Storage Directory /home/runner/work/ozone/ozone/hadoop-ozone/integration-test/target/test-dir/MiniOzoneClusterImpl-3463507a-8a94-4be2-9691-6a94fb394e4a/datanode-3/data/ratis/6c145882-b56c-480b-b8eb-160e0352a5aa
2023-01-08 22:30:47,466 [pool-140-thread-1] INFO  server.RaftServerConfigKeys (ConfUtils.java:logGet(46)) - raft.server.log.queue.byte-limit = 4294967296 (custom)
2023-01-08 22:30:47,467 [pool-140-thread-1] INFO  server.RaftServerConfigKeys (ConfUtils.java:logGet(46)) - raft.server.log.queue.element-limit = 1024 (custom)
2023-01-08 22:30:47,467 [pool-140-thread-1] INFO  server.RaftServerConfigKeys (ConfUtils.java:logGet(46)) - raft.server.log.segment.size.max = 1048576 (custom)
2023-01-08 22:30:47,467 [pool-140-thread-1] INFO  server.RaftServerConfigKeys (ConfUtils.java:logGet(46)) - raft.server.log.preallocated.size = 16384 (custom)
2023-01-08 22:30:47,467 [pool-140-thread-1] INFO  server.RaftServerConfigKeys (ConfUtils.java:logGet(46)) - raft.server.log.force.sync.num = 128 (default)
2023-01-08 22:30:47,467 [pool-140-thread-1] INFO  server.RaftServerConfigKeys (ConfUtils.java:logGet(46)) - raft.server.log.statemachine.data.sync = true (default)
2023-01-08 22:30:47,467 [EventQueue-OpenPipelineForHealthyPipelineSafeModeRule] INFO  safemode.SCMSafeModeManager (HealthyPipelineSafeModeRule.java:process(137)) - SCM in safe mode. Healthy pipelines reported count is 0, required healthy pipeline reported count is 1
2023-01-08 22:30:47,467 [pool-140-thread-1] INFO  server.RaftServerConfigKeys (ConfUtils.java:logGet(46)) - raft.server.log.statemachine.data.sync.timeout = 10s (default)
2023-01-08 22:30:47,468 [pool-140-thread-1] INFO  server.RaftServerConfigKeys (ConfUtils.java:logGet(46)) - raft.server.log.statemachine.data.sync.timeout.retry = -1 (default)
2023-01-08 22:30:47,468 [pool-140-thread-1] INFO  server.RaftServerConfigKeys (ConfUtils.java:logGet(46)) - raft.server.log.write.buffer.size = 1048576 (custom)
2023-01-08 22:30:47,469 [pool-140-thread-1] INFO  server.RaftServerConfigKeys (ConfUtils.java:logGet(46)) - raft.server.log.appender.buffer.byte-limit = 33554432 (custom)
2023-01-08 22:30:47,474 [pool-140-thread-1] INFO  server.RaftServerConfigKeys (ConfUtils.java:logGet(46)) - raft.server.log.unsafe-flush.enabled = false (default)
2023-01-08 22:30:47,474 [pool-140-thread-1] INFO  server.RaftServerConfigKeys (ConfUtils.java:logGet(46)) - raft.server.log.async-flush.enabled = false (default)
2023-01-08 22:30:47,475 [pool-140-thread-1] INFO  server.RaftServerConfigKeys (ConfUtils.java:logGet(46)) - raft.server.log.statemachine.data.caching.enabled = true (custom)
2023-01-08 22:30:47,475 [pool-140-thread-1] INFO  segmented.SegmentedRaftLogWorker (SegmentedRaftLogWorker.java:lambda$new$0(135)) - d2cb6247-0f92-4e0f-9f0c-5b2ce80c0115@group-160E0352A5AA-SegmentedRaftLogWorker: flushIndex: setUnconditionally 0 -> -1
2023-01-08 22:30:47,475 [pool-140-thread-1] INFO  segmented.SegmentedRaftLogWorker (SegmentedRaftLogWorker.java:lambda$new$0(135)) - d2cb6247-0f92-4e0f-9f0c-5b2ce80c0115@group-160E0352A5AA-SegmentedRaftLogWorker: safeCacheEvictIndex: setUnconditionally 0 -> -1
2023-01-08 22:30:47,475 [pool-140-thread-1] INFO  server.RaftServer$Division (RaftServerImpl.java:start(334)) - d2cb6247-0f92-4e0f-9f0c-5b2ce80c0115@group-160E0352A5AA: start as a follower, conf=-1: peers:[739e0a5a-91fd-46ce-99c6-277f52566479|rpc:10.1.0.12:38543|dataStream:10.1.0.12:44013|priority:0|startupRole:FOLLOWER, e7301f7c-5c47-48c7-9f47-e06452a04696|rpc:10.1.0.12:37583|dataStream:10.1.0.12:38057|priority:0|startupRole:FOLLOWER, d2cb6247-0f92-4e0f-9f0c-5b2ce80c0115|rpc:10.1.0.12:40175|dataStream:10.1.0.12:35007|priority:1|startupRole:FOLLOWER]|listeners:[], old=null
2023-01-08 22:30:47,475 [pool-140-thread-1] INFO  server.RaftServer$Division (RaftServerImpl.java:setRole(321)) - d2cb6247-0f92-4e0f-9f0c-5b2ce80c0115@group-160E0352A5AA: changes role from      null to FOLLOWER at term 0 for startAsFollower
2023-01-08 22:30:47,475 [pool-140-thread-1] INFO  impl.RoleInfo (RoleInfo.java:updateAndGet(139)) - d2cb6247-0f92-4e0f-9f0c-5b2ce80c0115: start d2cb6247-0f92-4e0f-9f0c-5b2ce80c0115@group-160E0352A5AA-FollowerState
2023-01-08 22:30:47,477 [pool-140-thread-1] INFO  util.JmxRegister (JmxRegister.java:tryRegister(44)) - Successfully registered JMX Bean with object name Ratis:service=RaftServer,group=group-160E0352A5AA,id=d2cb6247-0f92-4e0f-9f0c-5b2ce80c0115
2023-01-08 22:30:47,477 [d2cb6247-0f92-4e0f-9f0c-5b2ce80c0115@group-160E0352A5AA-FollowerState] INFO  server.RaftServerConfigKeys (ConfUtils.java:logFallback(53)) - raft.server.rpc.first-election.timeout.min = 5s (fallback to raft.server.rpc.timeout.min)
2023-01-08 22:30:47,477 [pool-140-thread-1] INFO  server.RaftServerConfigKeys (ConfUtils.java:logGet(46)) - raft.server.snapshot.auto.trigger.enabled = true (custom)
2023-01-08 22:30:47,479 [d2cb6247-0f92-4e0f-9f0c-5b2ce80c0115@group-160E0352A5AA-FollowerState] INFO  server.RaftServerConfigKeys (ConfUtils.java:logFallback(53)) - raft.server.rpc.first-election.timeout.max = 5200ms (fallback to raft.server.rpc.timeout.max)
2023-01-08 22:30:47,479 [pool-140-thread-1] INFO  server.RaftServerConfigKeys (ConfUtils.java:logGet(46)) - raft.server.snapshot.auto.trigger.threshold = 10000 (custom)
2023-01-08 22:30:47,479 [pool-140-thread-1] INFO  server.RaftServerConfigKeys (ConfUtils.java:logGet(46)) - raft.server.snapshot.retention.file.num = 5 (custom)
2023-01-08 22:30:47,479 [pool-140-thread-1] INFO  server.RaftServerConfigKeys (ConfUtils.java:logGet(46)) - raft.server.log.purge.upto.snapshot.index = false (default)
2023-01-08 22:30:47,479 [Command processor thread] INFO  ratis.XceiverServerRatis (XceiverServerRatis.java:addGroup(806)) - Created group PipelineID=6c145882-b56c-480b-b8eb-160e0352a5aa
2023-01-08 22:30:47,494 [grpc-default-executor-1] INFO  server.RaftServer (RaftServerProxy.java:addNew(96)) - 739e0a5a-91fd-46ce-99c6-277f52566479: addNew group-160E0352A5AA:[739e0a5a-91fd-46ce-99c6-277f52566479|rpc:10.1.0.12:38543|dataStream:10.1.0.12:44013|priority:0|startupRole:FOLLOWER, e7301f7c-5c47-48c7-9f47-e06452a04696|rpc:10.1.0.12:37583|dataStream:10.1.0.12:38057|priority:0|startupRole:FOLLOWER, d2cb6247-0f92-4e0f-9f0c-5b2ce80c0115|rpc:10.1.0.12:40175|dataStream:10.1.0.12:35007|priority:1|startupRole:FOLLOWER] returns group-160E0352A5AA:java.util.concurrent.CompletableFuture@5234e9b2[Not completed]
2023-01-08 22:30:47,495 [pool-186-thread-1] INFO  server.RaftServer$Division (RaftServerImpl.java:<init>(195)) - 739e0a5a-91fd-46ce-99c6-277f52566479: new RaftServerImpl for group-160E0352A5AA:[739e0a5a-91fd-46ce-99c6-277f52566479|rpc:10.1.0.12:38543|dataStream:10.1.0.12:44013|priority:0|startupRole:FOLLOWER, e7301f7c-5c47-48c7-9f47-e06452a04696|rpc:10.1.0.12:37583|dataStream:10.1.0.12:38057|priority:0|startupRole:FOLLOWER, d2cb6247-0f92-4e0f-9f0c-5b2ce80c0115|rpc:10.1.0.12:40175|dataStream:10.1.0.12:35007|priority:1|startupRole:FOLLOWER] with ContainerStateMachine:uninitialized
2023-01-08 22:30:47,495 [pool-186-thread-1] INFO  server.RaftServerConfigKeys (ConfUtils.java:logGet(46)) - raft.server.rpc.timeout.min = 5s (custom)
2023-01-08 22:30:47,495 [pool-186-thread-1] INFO  server.RaftServerConfigKeys (ConfUtils.java:logGet(46)) - raft.server.rpc.timeout.max = 5200ms (custom)
2023-01-08 22:30:47,495 [pool-186-thread-1] INFO  server.RaftServerConfigKeys (ConfUtils.java:logGet(46)) - raft.server.rpc.sleep.time = 25ms (default)
2023-01-08 22:30:47,495 [pool-186-thread-1] INFO  server.RaftServerConfigKeys (ConfUtils.java:logGet(46)) - raft.server.rpc.slowness.timeout = 300s (custom)
2023-01-08 22:30:47,495 [pool-186-thread-1] INFO  server.RaftServerConfigKeys (ConfUtils.java:logGet(46)) - raft.server.leaderelection.leader.step-down.wait-time = 10s (default)
2023-01-08 22:30:47,495 [pool-186-thread-1] INFO  server.RaftServerConfigKeys (ConfUtils.java:logGet(46)) - raft.server.sleep.deviation.threshold = 300ms (default)
2023-01-08 22:30:47,495 [pool-186-thread-1] INFO  server.RaftServer$Division (ServerState.java:<init>(118)) - 739e0a5a-91fd-46ce-99c6-277f52566479@group-160E0352A5AA: ConfigurationManager, init=-1: peers:[739e0a5a-91fd-46ce-99c6-277f52566479|rpc:10.1.0.12:38543|dataStream:10.1.0.12:44013|priority:0|startupRole:FOLLOWER, e7301f7c-5c47-48c7-9f47-e06452a04696|rpc:10.1.0.12:37583|dataStream:10.1.0.12:38057|priority:0|startupRole:FOLLOWER, d2cb6247-0f92-4e0f-9f0c-5b2ce80c0115|rpc:10.1.0.12:40175|dataStream:10.1.0.12:35007|priority:1|startupRole:FOLLOWER]|listeners:[], old=null, confs=<EMPTY_MAP>
2023-01-08 22:30:47,495 [pool-186-thread-1] INFO  server.RaftServerConfigKeys (ConfUtils.java:logGet(46)) - raft.server.storage.dir = [/home/runner/work/ozone/ozone/hadoop-ozone/integration-test/target/test-dir/MiniOzoneClusterImpl-3463507a-8a94-4be2-9691-6a94fb394e4a/datanode-5/data/ratis] (custom)
2023-01-08 22:30:47,495 [pool-186-thread-1] INFO  server.RaftServerConfigKeys (ConfUtils.java:logGet(46)) - raft.server.log.corruption.policy = EXCEPTION (default)
2023-01-08 22:30:47,495 [pool-186-thread-1] INFO  server.RaftServerConfigKeys (ConfUtils.java:logGet(46)) - raft.server.storage.free-space.min = 0MB (=0) (default)
2023-01-08 22:30:47,496 [pool-186-thread-1] INFO  server.RaftServerConfigKeys (ConfUtils.java:logGet(46)) - raft.server.notification.no-leader.timeout = 300s (custom)
2023-01-08 22:30:47,496 [pool-186-thread-1] INFO  server.RaftServerConfigKeys (ConfUtils.java:logGet(46)) - raft.server.retrycache.expirytime = 600000ms (custom)
2023-01-08 22:30:47,496 [pool-186-thread-1] INFO  server.RaftServerConfigKeys (ConfUtils.java:logGet(46)) - raft.server.retrycache.statistics.expirytime = 100μs (default)
2023-01-08 22:30:47,497 [pool-186-thread-1] INFO  server.RaftServerConfigKeys (ConfUtils.java:logGet(46)) - raft.server.log.appender.install.snapshot.enabled = false (custom)
2023-01-08 22:30:47,497 [pool-186-thread-1] INFO  server.RaftServerConfigKeys (ConfUtils.java:logGet(46)) - raft.server.threadpool.server.cached = true (default)
2023-01-08 22:30:47,497 [pool-186-thread-1] INFO  server.RaftServerConfigKeys (ConfUtils.java:logGet(46)) - raft.server.threadpool.server.size = 0 (default)
2023-01-08 22:30:47,497 [pool-186-thread-1] INFO  server.RaftServerConfigKeys (ConfUtils.java:logGet(46)) - raft.server.threadpool.client.cached = true (default)
2023-01-08 22:30:47,497 [pool-186-thread-1] INFO  server.RaftServerConfigKeys (ConfUtils.java:logGet(46)) - raft.server.threadpool.client.size = 0 (default)
2023-01-08 22:30:47,497 [pool-186-thread-1] INFO  storage.RaftStorageDirectory (RaftStorageDirectoryImpl.java:analyzeStorage(137)) - The storage directory /home/runner/work/ozone/ozone/hadoop-ozone/integration-test/target/test-dir/MiniOzoneClusterImpl-3463507a-8a94-4be2-9691-6a94fb394e4a/datanode-5/data/ratis/6c145882-b56c-480b-b8eb-160e0352a5aa does not exist. Creating ...
2023-01-08 22:30:47,499 [pool-186-thread-1] INFO  storage.RaftStorageDirectory (RaftStorageDirectoryImpl.java:tryLock(231)) - Lock on /home/runner/work/ozone/ozone/hadoop-ozone/integration-test/target/test-dir/MiniOzoneClusterImpl-3463507a-8a94-4be2-9691-6a94fb394e4a/datanode-5/data/ratis/6c145882-b56c-480b-b8eb-160e0352a5aa/in_use.lock acquired by nodename 69525@fv-az390-965
2023-01-08 22:30:47,500 [pool-186-thread-1] INFO  storage.RaftStorage (RaftStorageImpl.java:format(96)) - Storage directory /home/runner/work/ozone/ozone/hadoop-ozone/integration-test/target/test-dir/MiniOzoneClusterImpl-3463507a-8a94-4be2-9691-6a94fb394e4a/datanode-5/data/ratis/6c145882-b56c-480b-b8eb-160e0352a5aa has been successfully formatted.
2023-01-08 22:30:47,500 [pool-186-thread-1] INFO  ratis.ContainerStateMachine (ContainerStateMachine.java:loadSnapshot(240)) - group-160E0352A5AA: The snapshot info is null. Setting the last applied indexto:(t:0, i:~)
2023-01-08 22:30:47,500 [pool-186-thread-1] INFO  server.RaftServerConfigKeys (ConfUtils.java:logGet(46)) - raft.server.log.use.memory = false (default)
2023-01-08 22:30:47,500 [pool-186-thread-1] INFO  server.RaftServerConfigKeys (ConfUtils.java:logGet(46)) - raft.server.log.purge.gap = 1000000 (custom)
2023-01-08 22:30:47,500 [pool-186-thread-1] INFO  server.RaftServerConfigKeys (ConfUtils.java:logGet(46)) - raft.server.log.appender.buffer.byte-limit = 33554432 (custom)
2023-01-08 22:30:47,500 [pool-186-thread-1] INFO  server.RaftServerConfigKeys (ConfUtils.java:logGet(46)) - raft.server.log.statemachine.data.read.timeout = 1000ms (default)
2023-01-08 22:30:47,500 [pool-186-thread-1] INFO  server.RaftServerConfigKeys (ConfUtils.java:logGet(46)) - raft.server.log.purge.preservation.log.num = 0 (default)
2023-01-08 22:30:47,501 [pool-186-thread-1] INFO  server.RaftServerConfigKeys (ConfUtils.java:logGet(46)) - raft.server.log.segment.size.max = 1048576 (custom)
2023-01-08 22:30:47,502 [pool-186-thread-1] INFO  server.RaftServerConfigKeys (ConfUtils.java:logGet(46)) - raft.server.log.segment.cache.num.max = 2 (custom)
2023-01-08 22:30:47,502 [pool-186-thread-1] INFO  server.RaftServerConfigKeys (ConfUtils.java:logGet(46)) - raft.server.log.segment.cache.size.max = 200MB (=209715200) (default)
2023-01-08 22:30:47,502 [pool-186-thread-1] INFO  segmented.SegmentedRaftLogWorker (SegmentedRaftLogWorker.java:<init>(189)) - new 739e0a5a-91fd-46ce-99c6-277f52566479@group-160E0352A5AA-SegmentedRaftLogWorker for RaftStorageImpl:Storage Directory /home/runner/work/ozone/ozone/hadoop-ozone/integration-test/target/test-dir/MiniOzoneClusterImpl-3463507a-8a94-4be2-9691-6a94fb394e4a/datanode-5/data/ratis/6c145882-b56c-480b-b8eb-160e0352a5aa
2023-01-08 22:30:47,502 [pool-186-thread-1] INFO  server.RaftServerConfigKeys (ConfUtils.java:logGet(46)) - raft.server.log.queue.byte-limit = 4294967296 (custom)
2023-01-08 22:30:47,503 [pool-186-thread-1] INFO  server.RaftServerConfigKeys (ConfUtils.java:logGet(46)) - raft.server.log.queue.element-limit = 1024 (custom)
2023-01-08 22:30:47,506 [pool-186-thread-1] INFO  server.RaftServerConfigKeys (ConfUtils.java:logGet(46)) - raft.server.log.segment.size.max = 1048576 (custom)
2023-01-08 22:30:47,506 [pool-186-thread-1] INFO  server.RaftServerConfigKeys (ConfUtils.java:logGet(46)) - raft.server.log.preallocated.size = 16384 (custom)
2023-01-08 22:30:47,506 [pool-186-thread-1] INFO  server.RaftServerConfigKeys (ConfUtils.java:logGet(46)) - raft.server.log.force.sync.num = 128 (default)
2023-01-08 22:30:47,506 [pool-186-thread-1] INFO  server.RaftServerConfigKeys (ConfUtils.java:logGet(46)) - raft.server.log.statemachine.data.sync = true (default)
2023-01-08 22:30:47,506 [pool-186-thread-1] INFO  server.RaftServerConfigKeys (ConfUtils.java:logGet(46)) - raft.server.log.statemachine.data.sync.timeout = 10s (default)
2023-01-08 22:30:47,506 [pool-186-thread-1] INFO  server.RaftServerConfigKeys (ConfUtils.java:logGet(46)) - raft.server.log.statemachine.data.sync.timeout.retry = -1 (default)
2023-01-08 22:30:47,508 [pool-186-thread-1] INFO  server.RaftServerConfigKeys (ConfUtils.java:logGet(46)) - raft.server.log.write.buffer.size = 1048576 (custom)
2023-01-08 22:30:47,508 [pool-186-thread-1] INFO  server.RaftServerConfigKeys (ConfUtils.java:logGet(46)) - raft.server.log.appender.buffer.byte-limit = 33554432 (custom)
2023-01-08 22:30:47,852 [JvmPauseMonitor0] WARN  util.JvmPauseMonitor (JvmPauseMonitor.java:detectPause(126)) - JvmPauseMonitor-om1: Detected pause in JVM or host machine (eg GC): pause of approximately 112689057ns.
GC pool 'PS MarkSweep' had collection(s): count=1 time=252ms
GC pool 'PS Scavenge' had collection(s): count=1 time=89ms
2023-01-08 22:30:47,854 [pool-163-thread-1] INFO  server.RaftServer$Division (RaftServerImpl.java:<init>(195)) - e7301f7c-5c47-48c7-9f47-e06452a04696: new RaftServerImpl for group-6A284D3F9087:[e7301f7c-5c47-48c7-9f47-e06452a04696|rpc:10.1.0.12:37583|dataStream:10.1.0.12:38057|priority:1|startupRole:FOLLOWER] with ContainerStateMachine:uninitialized
2023-01-08 22:30:47,858 [pool-163-thread-1] INFO  server.RaftServerConfigKeys (ConfUtils.java:logGet(46)) - raft.server.rpc.timeout.min = 5s (custom)
2023-01-08 22:30:47,859 [pool-163-thread-1] INFO  server.RaftServerConfigKeys (ConfUtils.java:logGet(46)) - raft.server.rpc.timeout.max = 5200ms (custom)
2023-01-08 22:30:47,859 [pool-163-thread-1] INFO  server.RaftServerConfigKeys (ConfUtils.java:logGet(46)) - raft.server.rpc.sleep.time = 25ms (default)
2023-01-08 22:30:47,859 [pool-163-thread-1] INFO  server.RaftServerConfigKeys (ConfUtils.java:logGet(46)) - raft.server.rpc.slowness.timeout = 300s (custom)
2023-01-08 22:30:47,859 [pool-163-thread-1] INFO  server.RaftServerConfigKeys (ConfUtils.java:logGet(46)) - raft.server.leaderelection.leader.step-down.wait-time = 10s (default)
2023-01-08 22:30:47,859 [pool-163-thread-1] INFO  server.RaftServerConfigKeys (ConfUtils.java:logGet(46)) - raft.server.sleep.deviation.threshold = 300ms (default)
2023-01-08 22:30:47,859 [pool-163-thread-1] INFO  server.RaftServer$Division (ServerState.java:<init>(118)) - e7301f7c-5c47-48c7-9f47-e06452a04696@group-6A284D3F9087: ConfigurationManager, init=-1: peers:[e7301f7c-5c47-48c7-9f47-e06452a04696|rpc:10.1.0.12:37583|dataStream:10.1.0.12:38057|priority:1|startupRole:FOLLOWER]|listeners:[], old=null, confs=<EMPTY_MAP>
2023-01-08 22:30:47,859 [pool-163-thread-1] INFO  server.RaftServerConfigKeys (ConfUtils.java:logGet(46)) - raft.server.storage.dir = [/home/runner/work/ozone/ozone/hadoop-ozone/integration-test/target/test-dir/MiniOzoneClusterImpl-3463507a-8a94-4be2-9691-6a94fb394e4a/datanode-4/data/ratis] (custom)
2023-01-08 22:30:47,859 [pool-163-thread-1] INFO  server.RaftServerConfigKeys (ConfUtils.java:logGet(46)) - raft.server.log.corruption.policy = EXCEPTION (default)
2023-01-08 22:30:47,859 [pool-163-thread-1] INFO  server.RaftServerConfigKeys (ConfUtils.java:logGet(46)) - raft.server.storage.free-space.min = 0MB (=0) (default)
2023-01-08 22:30:47,859 [pool-163-thread-1] INFO  server.RaftServerConfigKeys (ConfUtils.java:logGet(46)) - raft.server.notification.no-leader.timeout = 300s (custom)
2023-01-08 22:30:47,859 [pool-163-thread-1] INFO  server.RaftServerConfigKeys (ConfUtils.java:logGet(46)) - raft.server.retrycache.expirytime = 600000ms (custom)
2023-01-08 22:30:47,860 [pool-163-thread-1] INFO  server.RaftServerConfigKeys (ConfUtils.java:logGet(46)) - raft.server.retrycache.statistics.expirytime = 100μs (default)
2023-01-08 22:30:47,861 [pool-163-thread-1] INFO  server.RaftServerConfigKeys (ConfUtils.java:logGet(46)) - raft.server.log.appender.install.snapshot.enabled = false (custom)
2023-01-08 22:30:47,861 [pool-163-thread-1] INFO  server.RaftServerConfigKeys (ConfUtils.java:logGet(46)) - raft.server.threadpool.server.cached = true (default)
2023-01-08 22:30:47,861 [pool-163-thread-1] INFO  server.RaftServerConfigKeys (ConfUtils.java:logGet(46)) - raft.server.threadpool.server.size = 0 (default)
2023-01-08 22:30:47,861 [pool-163-thread-1] INFO  server.RaftServerConfigKeys (ConfUtils.java:logGet(46)) - raft.server.threadpool.client.cached = true (default)
2023-01-08 22:30:47,861 [pool-163-thread-1] INFO  server.RaftServerConfigKeys (ConfUtils.java:logGet(46)) - raft.server.threadpool.client.size = 0 (default)
2023-01-08 22:30:47,852 [JvmPauseMonitor5] WARN  util.JvmPauseMonitor (JvmPauseMonitor.java:detectPause(126)) - JvmPauseMonitor-e7301f7c-5c47-48c7-9f47-e06452a04696: Detected pause in JVM or host machine (eg GC): pause of approximately 113879366ns.
GC pool 'PS MarkSweep' had collection(s): count=1 time=252ms
GC pool 'PS Scavenge' had collection(s): count=1 time=89ms
2023-01-08 22:30:47,854 [JvmPauseMonitor6] WARN  util.JvmPauseMonitor (JvmPauseMonitor.java:detectPause(126)) - JvmPauseMonitor-739e0a5a-91fd-46ce-99c6-277f52566479: Detected pause in JVM or host machine (eg GC): pause of approximately 332741834ns.
GC pool 'PS MarkSweep' had collection(s): count=1 time=252ms
GC pool 'PS Scavenge' had collection(s): count=1 time=89ms
2023-01-08 22:30:47,853 [JvmPauseMonitor1] WARN  util.JvmPauseMonitor (JvmPauseMonitor.java:detectPause(126)) - JvmPauseMonitor-706a9b8c-4318-427e-9be3-8b37c9b0924f: Detected pause in JVM or host machine (eg GC): pause of approximately 113749065ns.
GC pool 'PS MarkSweep' had collection(s): count=1 time=252ms
GC pool 'PS Scavenge' had collection(s): count=1 time=89ms
2023-01-08 22:30:47,852 [Command processor thread] INFO  server.RaftServer (RaftServerProxy.java:addNew(96)) - e7301f7c-5c47-48c7-9f47-e06452a04696: addNew group-6A284D3F9087:[e7301f7c-5c47-48c7-9f47-e06452a04696|rpc:10.1.0.12:37583|dataStream:10.1.0.12:38057|priority:1|startupRole:FOLLOWER] returns group-6A284D3F9087:java.util.concurrent.CompletableFuture@3ad01989[Not completed]
2023-01-08 22:30:47,865 [pool-186-thread-1] INFO  server.RaftServerConfigKeys (ConfUtils.java:logGet(46)) - raft.server.log.unsafe-flush.enabled = false (default)
2023-01-08 22:30:47,866 [pool-163-thread-1] INFO  storage.RaftStorageDirectory (RaftStorageDirectoryImpl.java:analyzeStorage(137)) - The storage directory /home/runner/work/ozone/ozone/hadoop-ozone/integration-test/target/test-dir/MiniOzoneClusterImpl-3463507a-8a94-4be2-9691-6a94fb394e4a/datanode-4/data/ratis/80ba83ca-6906-4832-b61e-6a284d3f9087 does not exist. Creating ...
2023-01-08 22:30:47,868 [pool-186-thread-1] INFO  server.RaftServerConfigKeys (ConfUtils.java:logGet(46)) - raft.server.log.async-flush.enabled = false (default)
2023-01-08 22:30:47,868 [pool-186-thread-1] INFO  server.RaftServerConfigKeys (ConfUtils.java:logGet(46)) - raft.server.log.statemachine.data.caching.enabled = true (custom)
2023-01-08 22:30:47,868 [pool-186-thread-1] INFO  segmented.SegmentedRaftLogWorker (SegmentedRaftLogWorker.java:lambda$new$0(135)) - 739e0a5a-91fd-46ce-99c6-277f52566479@group-160E0352A5AA-SegmentedRaftLogWorker: flushIndex: setUnconditionally 0 -> -1
2023-01-08 22:30:47,868 [pool-186-thread-1] INFO  segmented.SegmentedRaftLogWorker (SegmentedRaftLogWorker.java:lambda$new$0(135)) - 739e0a5a-91fd-46ce-99c6-277f52566479@group-160E0352A5AA-SegmentedRaftLogWorker: safeCacheEvictIndex: setUnconditionally 0 -> -1
2023-01-08 22:30:47,868 [pool-163-thread-1] INFO  storage.RaftStorageDirectory (RaftStorageDirectoryImpl.java:tryLock(231)) - Lock on /home/runner/work/ozone/ozone/hadoop-ozone/integration-test/target/test-dir/MiniOzoneClusterImpl-3463507a-8a94-4be2-9691-6a94fb394e4a/datanode-4/data/ratis/80ba83ca-6906-4832-b61e-6a284d3f9087/in_use.lock acquired by nodename 69525@fv-az390-965
2023-01-08 22:30:47,869 [pool-186-thread-1] INFO  server.RaftServer$Division (RaftServerImpl.java:start(334)) - 739e0a5a-91fd-46ce-99c6-277f52566479@group-160E0352A5AA: start as a follower, conf=-1: peers:[739e0a5a-91fd-46ce-99c6-277f52566479|rpc:10.1.0.12:38543|dataStream:10.1.0.12:44013|priority:0|startupRole:FOLLOWER, e7301f7c-5c47-48c7-9f47-e06452a04696|rpc:10.1.0.12:37583|dataStream:10.1.0.12:38057|priority:0|startupRole:FOLLOWER, d2cb6247-0f92-4e0f-9f0c-5b2ce80c0115|rpc:10.1.0.12:40175|dataStream:10.1.0.12:35007|priority:1|startupRole:FOLLOWER]|listeners:[], old=null
2023-01-08 22:30:47,869 [pool-186-thread-1] INFO  server.RaftServer$Division (RaftServerImpl.java:setRole(321)) - 739e0a5a-91fd-46ce-99c6-277f52566479@group-160E0352A5AA: changes role from      null to FOLLOWER at term 0 for startAsFollower
2023-01-08 22:30:47,869 [pool-186-thread-1] INFO  impl.RoleInfo (RoleInfo.java:updateAndGet(139)) - 739e0a5a-91fd-46ce-99c6-277f52566479: start 739e0a5a-91fd-46ce-99c6-277f52566479@group-160E0352A5AA-FollowerState
2023-01-08 22:30:47,870 [pool-186-thread-1] INFO  util.JmxRegister (JmxRegister.java:tryRegister(44)) - Successfully registered JMX Bean with object name Ratis:service=RaftServer,group=group-160E0352A5AA,id=739e0a5a-91fd-46ce-99c6-277f52566479
2023-01-08 22:30:47,870 [pool-186-thread-1] INFO  server.RaftServerConfigKeys (ConfUtils.java:logGet(46)) - raft.server.snapshot.auto.trigger.enabled = true (custom)
2023-01-08 22:30:47,870 [pool-186-thread-1] INFO  server.RaftServerConfigKeys (ConfUtils.java:logGet(46)) - raft.server.snapshot.auto.trigger.threshold = 10000 (custom)
2023-01-08 22:30:47,870 [pool-186-thread-1] INFO  server.RaftServerConfigKeys (ConfUtils.java:logGet(46)) - raft.server.snapshot.retention.file.num = 5 (custom)
2023-01-08 22:30:47,870 [pool-186-thread-1] INFO  server.RaftServerConfigKeys (ConfUtils.java:logGet(46)) - raft.server.log.purge.upto.snapshot.index = false (default)
2023-01-08 22:30:47,870 [pool-163-thread-1] INFO  storage.RaftStorage (RaftStorageImpl.java:format(96)) - Storage directory /home/runner/work/ozone/ozone/hadoop-ozone/integration-test/target/test-dir/MiniOzoneClusterImpl-3463507a-8a94-4be2-9691-6a94fb394e4a/datanode-4/data/ratis/80ba83ca-6906-4832-b61e-6a284d3f9087 has been successfully formatted.
2023-01-08 22:30:47,871 [739e0a5a-91fd-46ce-99c6-277f52566479@group-160E0352A5AA-FollowerState] INFO  server.RaftServerConfigKeys (ConfUtils.java:logFallback(53)) - raft.server.rpc.first-election.timeout.min = 5s (fallback to raft.server.rpc.timeout.min)
2023-01-08 22:30:47,880 [739e0a5a-91fd-46ce-99c6-277f52566479@group-160E0352A5AA-FollowerState] INFO  server.RaftServerConfigKeys (ConfUtils.java:logFallback(53)) - raft.server.rpc.first-election.timeout.max = 5200ms (fallback to raft.server.rpc.timeout.max)
2023-01-08 22:30:47,880 [pool-163-thread-1] INFO  ratis.ContainerStateMachine (ContainerStateMachine.java:loadSnapshot(240)) - group-6A284D3F9087: The snapshot info is null. Setting the last applied indexto:(t:0, i:~)
2023-01-08 22:30:47,880 [pool-163-thread-1] INFO  server.RaftServerConfigKeys (ConfUtils.java:logGet(46)) - raft.server.log.use.memory = false (default)
2023-01-08 22:30:47,880 [pool-163-thread-1] INFO  server.RaftServerConfigKeys (ConfUtils.java:logGet(46)) - raft.server.log.purge.gap = 1000000 (custom)
2023-01-08 22:30:47,880 [pool-163-thread-1] INFO  server.RaftServerConfigKeys (ConfUtils.java:logGet(46)) - raft.server.log.appender.buffer.byte-limit = 33554432 (custom)
2023-01-08 22:30:47,880 [pool-163-thread-1] INFO  server.RaftServerConfigKeys (ConfUtils.java:logGet(46)) - raft.server.log.statemachine.data.read.timeout = 1000ms (default)
2023-01-08 22:30:47,880 [pool-163-thread-1] INFO  server.RaftServerConfigKeys (ConfUtils.java:logGet(46)) - raft.server.log.purge.preservation.log.num = 0 (default)
2023-01-08 22:30:47,881 [pool-163-thread-1] INFO  server.RaftServerConfigKeys (ConfUtils.java:logGet(46)) - raft.server.log.segment.size.max = 1048576 (custom)
2023-01-08 22:30:47,881 [pool-163-thread-1] INFO  server.RaftServerConfigKeys (ConfUtils.java:logGet(46)) - raft.server.log.segment.cache.num.max = 2 (custom)
2023-01-08 22:30:47,881 [pool-163-thread-1] INFO  server.RaftServerConfigKeys (ConfUtils.java:logGet(46)) - raft.server.log.segment.cache.size.max = 200MB (=209715200) (default)
2023-01-08 22:30:47,881 [pool-163-thread-1] INFO  segmented.SegmentedRaftLogWorker (SegmentedRaftLogWorker.java:<init>(189)) - new e7301f7c-5c47-48c7-9f47-e06452a04696@group-6A284D3F9087-SegmentedRaftLogWorker for RaftStorageImpl:Storage Directory /home/runner/work/ozone/ozone/hadoop-ozone/integration-test/target/test-dir/MiniOzoneClusterImpl-3463507a-8a94-4be2-9691-6a94fb394e4a/datanode-4/data/ratis/80ba83ca-6906-4832-b61e-6a284d3f9087
2023-01-08 22:30:47,881 [pool-163-thread-1] INFO  server.RaftServerConfigKeys (ConfUtils.java:logGet(46)) - raft.server.log.queue.byte-limit = 4294967296 (custom)
2023-01-08 22:30:47,881 [pool-163-thread-1] INFO  server.RaftServerConfigKeys (ConfUtils.java:logGet(46)) - raft.server.log.queue.element-limit = 1024 (custom)
2023-01-08 22:30:47,881 [pool-163-thread-1] INFO  server.RaftServerConfigKeys (ConfUtils.java:logGet(46)) - raft.server.log.segment.size.max = 1048576 (custom)
2023-01-08 22:30:47,881 [pool-163-thread-1] INFO  server.RaftServerConfigKeys (ConfUtils.java:logGet(46)) - raft.server.log.preallocated.size = 16384 (custom)
2023-01-08 22:30:47,881 [pool-163-thread-1] INFO  server.RaftServerConfigKeys (ConfUtils.java:logGet(46)) - raft.server.log.force.sync.num = 128 (default)
2023-01-08 22:30:47,881 [pool-163-thread-1] INFO  server.RaftServerConfigKeys (ConfUtils.java:logGet(46)) - raft.server.log.statemachine.data.sync = true (default)
2023-01-08 22:30:47,881 [pool-163-thread-1] INFO  server.RaftServerConfigKeys (ConfUtils.java:logGet(46)) - raft.server.log.statemachine.data.sync.timeout = 10s (default)
2023-01-08 22:30:47,881 [pool-163-thread-1] INFO  server.RaftServerConfigKeys (ConfUtils.java:logGet(46)) - raft.server.log.statemachine.data.sync.timeout.retry = -1 (default)
2023-01-08 22:30:47,882 [pool-163-thread-1] INFO  server.RaftServerConfigKeys (ConfUtils.java:logGet(46)) - raft.server.log.write.buffer.size = 1048576 (custom)
2023-01-08 22:30:47,883 [pool-163-thread-1] INFO  server.RaftServerConfigKeys (ConfUtils.java:logGet(46)) - raft.server.log.appender.buffer.byte-limit = 33554432 (custom)
2023-01-08 22:30:47,885 [EventQueue-PipelineReportForPipelineReportHandler] INFO  pipeline.PipelineManagerImpl (PipelineManagerImpl.java:openPipeline(367)) - Pipeline Pipeline[ Id: 80ba83ca-6906-4832-b61e-6a284d3f9087, Nodes: e7301f7c-5c47-48c7-9f47-e06452a04696{ip: 10.1.0.12, host: fv-az390-965.2udvygdcjcjuphbbpa4zxtqymb.gx.internal.cloudapp.net, ports: [REPLICATION=41061, RATIS=37583, RATIS_ADMIN=37583, RATIS_SERVER=37583, RATIS_DATASTREAM=38057, STANDALONE=39145], networkLocation: /default-rack, certSerialId: null, persistedOpState: IN_SERVICE, persistedOpStateExpiryEpochSec: 0}, ReplicationConfig: RATIS/ONE, State:ALLOCATED, leaderId:e7301f7c-5c47-48c7-9f47-e06452a04696, CreationTimestamp2023-01-08T22:30:44.606Z[Etc/UTC]] moved to OPEN state
2023-01-08 22:30:47,885 [EventQueue-OpenPipelineForHealthyPipelineSafeModeRule] INFO  safemode.SCMSafeModeManager (HealthyPipelineSafeModeRule.java:process(137)) - SCM in safe mode. Healthy pipelines reported count is 0, required healthy pipeline reported count is 1
2023-01-08 22:30:47,892 [pool-163-thread-1] INFO  server.RaftServerConfigKeys (ConfUtils.java:logGet(46)) - raft.server.log.unsafe-flush.enabled = false (default)
2023-01-08 22:30:47,893 [pool-163-thread-1] INFO  server.RaftServerConfigKeys (ConfUtils.java:logGet(46)) - raft.server.log.async-flush.enabled = false (default)
2023-01-08 22:30:47,893 [pool-163-thread-1] INFO  server.RaftServerConfigKeys (ConfUtils.java:logGet(46)) - raft.server.log.statemachine.data.caching.enabled = true (custom)
2023-01-08 22:30:47,893 [pool-163-thread-1] INFO  segmented.SegmentedRaftLogWorker (SegmentedRaftLogWorker.java:lambda$new$0(135)) - e7301f7c-5c47-48c7-9f47-e06452a04696@group-6A284D3F9087-SegmentedRaftLogWorker: flushIndex: setUnconditionally 0 -> -1
2023-01-08 22:30:47,893 [pool-163-thread-1] INFO  segmented.SegmentedRaftLogWorker (SegmentedRaftLogWorker.java:lambda$new$0(135)) - e7301f7c-5c47-48c7-9f47-e06452a04696@group-6A284D3F9087-SegmentedRaftLogWorker: safeCacheEvictIndex: setUnconditionally 0 -> -1
2023-01-08 22:30:47,893 [pool-163-thread-1] INFO  server.RaftServer$Division (RaftServerImpl.java:start(334)) - e7301f7c-5c47-48c7-9f47-e06452a04696@group-6A284D3F9087: start as a follower, conf=-1: peers:[e7301f7c-5c47-48c7-9f47-e06452a04696|rpc:10.1.0.12:37583|dataStream:10.1.0.12:38057|priority:1|startupRole:FOLLOWER]|listeners:[], old=null
2023-01-08 22:30:47,893 [pool-163-thread-1] INFO  server.RaftServer$Division (RaftServerImpl.java:setRole(321)) - e7301f7c-5c47-48c7-9f47-e06452a04696@group-6A284D3F9087: changes role from      null to FOLLOWER at term 0 for startAsFollower
2023-01-08 22:30:47,893 [pool-163-thread-1] INFO  impl.RoleInfo (RoleInfo.java:updateAndGet(139)) - e7301f7c-5c47-48c7-9f47-e06452a04696: start e7301f7c-5c47-48c7-9f47-e06452a04696@group-6A284D3F9087-FollowerState
2023-01-08 22:30:47,910 [pool-163-thread-1] INFO  util.JmxRegister (JmxRegister.java:tryRegister(44)) - Successfully registered JMX Bean with object name Ratis:service=RaftServer,group=group-6A284D3F9087,id=e7301f7c-5c47-48c7-9f47-e06452a04696
2023-01-08 22:30:47,910 [pool-163-thread-1] INFO  server.RaftServerConfigKeys (ConfUtils.java:logGet(46)) - raft.server.snapshot.auto.trigger.enabled = true (custom)
2023-01-08 22:30:47,910 [pool-163-thread-1] INFO  server.RaftServerConfigKeys (ConfUtils.java:logGet(46)) - raft.server.snapshot.auto.trigger.threshold = 10000 (custom)
2023-01-08 22:30:47,910 [pool-163-thread-1] INFO  server.RaftServerConfigKeys (ConfUtils.java:logGet(46)) - raft.server.snapshot.retention.file.num = 5 (custom)
2023-01-08 22:30:47,910 [pool-163-thread-1] INFO  server.RaftServerConfigKeys (ConfUtils.java:logGet(46)) - raft.server.log.purge.upto.snapshot.index = false (default)
2023-01-08 22:30:47,911 [e7301f7c-5c47-48c7-9f47-e06452a04696@group-6A284D3F9087-FollowerState] INFO  server.RaftServerConfigKeys (ConfUtils.java:logFallback(53)) - raft.server.rpc.first-election.timeout.min = 5s (fallback to raft.server.rpc.timeout.min)
2023-01-08 22:30:47,911 [e7301f7c-5c47-48c7-9f47-e06452a04696@group-6A284D3F9087-FollowerState] INFO  server.RaftServerConfigKeys (ConfUtils.java:logFallback(53)) - raft.server.rpc.first-election.timeout.max = 5200ms (fallback to raft.server.rpc.timeout.max)
2023-01-08 22:30:47,911 [Command processor thread] INFO  ratis.XceiverServerRatis (XceiverServerRatis.java:addGroup(806)) - Created group PipelineID=80ba83ca-6906-4832-b61e-6a284d3f9087
2023-01-08 22:30:47,911 [Command processor thread] INFO  commandhandler.CreatePipelineCommandHandler (CreatePipelineCommandHandler.java:handle(113)) - Created Pipeline RATIS ONE PipelineID=80ba83ca-6906-4832-b61e-6a284d3f9087.
2023-01-08 22:30:47,911 [Command processor thread] INFO  server.RaftServer (RaftServerProxy.java:addNew(96)) - e7301f7c-5c47-48c7-9f47-e06452a04696: addNew group-160E0352A5AA:[739e0a5a-91fd-46ce-99c6-277f52566479|rpc:10.1.0.12:38543|dataStream:10.1.0.12:44013|priority:0|startupRole:FOLLOWER, e7301f7c-5c47-48c7-9f47-e06452a04696|rpc:10.1.0.12:37583|dataStream:10.1.0.12:38057|priority:0|startupRole:FOLLOWER, d2cb6247-0f92-4e0f-9f0c-5b2ce80c0115|rpc:10.1.0.12:40175|dataStream:10.1.0.12:35007|priority:1|startupRole:FOLLOWER] returns group-160E0352A5AA:java.util.concurrent.CompletableFuture@3417e0a3[Not completed]
2023-01-08 22:30:47,913 [pool-163-thread-1] INFO  server.RaftServer$Division (RaftServerImpl.java:<init>(195)) - e7301f7c-5c47-48c7-9f47-e06452a04696: new RaftServerImpl for group-160E0352A5AA:[739e0a5a-91fd-46ce-99c6-277f52566479|rpc:10.1.0.12:38543|dataStream:10.1.0.12:44013|priority:0|startupRole:FOLLOWER, e7301f7c-5c47-48c7-9f47-e06452a04696|rpc:10.1.0.12:37583|dataStream:10.1.0.12:38057|priority:0|startupRole:FOLLOWER, d2cb6247-0f92-4e0f-9f0c-5b2ce80c0115|rpc:10.1.0.12:40175|dataStream:10.1.0.12:35007|priority:1|startupRole:FOLLOWER] with ContainerStateMachine:uninitialized
2023-01-08 22:30:47,913 [pool-163-thread-1] INFO  server.RaftServerConfigKeys (ConfUtils.java:logGet(46)) - raft.server.rpc.timeout.min = 5s (custom)
2023-01-08 22:30:47,913 [pool-163-thread-1] INFO  server.RaftServerConfigKeys (ConfUtils.java:logGet(46)) - raft.server.rpc.timeout.max = 5200ms (custom)
2023-01-08 22:30:47,913 [pool-163-thread-1] INFO  server.RaftServerConfigKeys (ConfUtils.java:logGet(46)) - raft.server.rpc.sleep.time = 25ms (default)
2023-01-08 22:30:47,913 [pool-163-thread-1] INFO  server.RaftServerConfigKeys (ConfUtils.java:logGet(46)) - raft.server.rpc.slowness.timeout = 300s (custom)
2023-01-08 22:30:47,913 [pool-163-thread-1] INFO  server.RaftServerConfigKeys (ConfUtils.java:logGet(46)) - raft.server.leaderelection.leader.step-down.wait-time = 10s (default)
2023-01-08 22:30:47,913 [pool-163-thread-1] INFO  server.RaftServerConfigKeys (ConfUtils.java:logGet(46)) - raft.server.sleep.deviation.threshold = 300ms (default)
2023-01-08 22:30:47,913 [pool-163-thread-1] INFO  server.RaftServer$Division (ServerState.java:<init>(118)) - e7301f7c-5c47-48c7-9f47-e06452a04696@group-160E0352A5AA: ConfigurationManager, init=-1: peers:[739e0a5a-91fd-46ce-99c6-277f52566479|rpc:10.1.0.12:38543|dataStream:10.1.0.12:44013|priority:0|startupRole:FOLLOWER, e7301f7c-5c47-48c7-9f47-e06452a04696|rpc:10.1.0.12:37583|dataStream:10.1.0.12:38057|priority:0|startupRole:FOLLOWER, d2cb6247-0f92-4e0f-9f0c-5b2ce80c0115|rpc:10.1.0.12:40175|dataStream:10.1.0.12:35007|priority:1|startupRole:FOLLOWER]|listeners:[], old=null, confs=<EMPTY_MAP>
2023-01-08 22:30:47,913 [pool-163-thread-1] INFO  server.RaftServerConfigKeys (ConfUtils.java:logGet(46)) - raft.server.storage.dir = [/home/runner/work/ozone/ozone/hadoop-ozone/integration-test/target/test-dir/MiniOzoneClusterImpl-3463507a-8a94-4be2-9691-6a94fb394e4a/datanode-4/data/ratis] (custom)
2023-01-08 22:30:47,913 [pool-163-thread-1] INFO  server.RaftServerConfigKeys (ConfUtils.java:logGet(46)) - raft.server.log.corruption.policy = EXCEPTION (default)
2023-01-08 22:30:47,913 [pool-163-thread-1] INFO  server.RaftServerConfigKeys (ConfUtils.java:logGet(46)) - raft.server.storage.free-space.min = 0MB (=0) (default)
2023-01-08 22:30:47,913 [pool-163-thread-1] INFO  server.RaftServerConfigKeys (ConfUtils.java:logGet(46)) - raft.server.notification.no-leader.timeout = 300s (custom)
2023-01-08 22:30:47,913 [pool-163-thread-1] INFO  server.RaftServerConfigKeys (ConfUtils.java:logGet(46)) - raft.server.retrycache.expirytime = 600000ms (custom)
2023-01-08 22:30:47,913 [pool-163-thread-1] INFO  server.RaftServerConfigKeys (ConfUtils.java:logGet(46)) - raft.server.retrycache.statistics.expirytime = 100μs (default)
2023-01-08 22:30:47,914 [pool-163-thread-1] INFO  server.RaftServerConfigKeys (ConfUtils.java:logGet(46)) - raft.server.log.appender.install.snapshot.enabled = false (custom)
2023-01-08 22:30:47,914 [pool-163-thread-1] INFO  server.RaftServerConfigKeys (ConfUtils.java:logGet(46)) - raft.server.threadpool.server.cached = true (default)
2023-01-08 22:30:47,914 [pool-163-thread-1] INFO  server.RaftServerConfigKeys (ConfUtils.java:logGet(46)) - raft.server.threadpool.server.size = 0 (default)
2023-01-08 22:30:47,915 [pool-163-thread-1] INFO  server.RaftServerConfigKeys (ConfUtils.java:logGet(46)) - raft.server.threadpool.client.cached = true (default)
2023-01-08 22:30:47,915 [pool-163-thread-1] INFO  server.RaftServerConfigKeys (ConfUtils.java:logGet(46)) - raft.server.threadpool.client.size = 0 (default)
2023-01-08 22:30:47,915 [pool-163-thread-1] INFO  storage.RaftStorageDirectory (RaftStorageDirectoryImpl.java:analyzeStorage(137)) - The storage directory /home/runner/work/ozone/ozone/hadoop-ozone/integration-test/target/test-dir/MiniOzoneClusterImpl-3463507a-8a94-4be2-9691-6a94fb394e4a/datanode-4/data/ratis/6c145882-b56c-480b-b8eb-160e0352a5aa does not exist. Creating ...
2023-01-08 22:30:47,918 [pool-163-thread-1] INFO  storage.RaftStorageDirectory (RaftStorageDirectoryImpl.java:tryLock(231)) - Lock on /home/runner/work/ozone/ozone/hadoop-ozone/integration-test/target/test-dir/MiniOzoneClusterImpl-3463507a-8a94-4be2-9691-6a94fb394e4a/datanode-4/data/ratis/6c145882-b56c-480b-b8eb-160e0352a5aa/in_use.lock acquired by nodename 69525@fv-az390-965
2023-01-08 22:30:47,919 [pool-163-thread-1] INFO  storage.RaftStorage (RaftStorageImpl.java:format(96)) - Storage directory /home/runner/work/ozone/ozone/hadoop-ozone/integration-test/target/test-dir/MiniOzoneClusterImpl-3463507a-8a94-4be2-9691-6a94fb394e4a/datanode-4/data/ratis/6c145882-b56c-480b-b8eb-160e0352a5aa has been successfully formatted.
2023-01-08 22:30:47,921 [EventQueue-OpenPipelineForHealthyPipelineSafeModeRule] INFO  safemode.SCMSafeModeManager (HealthyPipelineSafeModeRule.java:process(137)) - SCM in safe mode. Healthy pipelines reported count is 0, required healthy pipeline reported count is 1
2023-01-08 22:30:47,921 [pool-163-thread-1] INFO  ratis.ContainerStateMachine (ContainerStateMachine.java:loadSnapshot(240)) - group-160E0352A5AA: The snapshot info is null. Setting the last applied indexto:(t:0, i:~)
2023-01-08 22:30:47,924 [pool-163-thread-1] INFO  server.RaftServerConfigKeys (ConfUtils.java:logGet(46)) - raft.server.log.use.memory = false (default)
2023-01-08 22:30:47,924 [pool-163-thread-1] INFO  server.RaftServerConfigKeys (ConfUtils.java:logGet(46)) - raft.server.log.purge.gap = 1000000 (custom)
2023-01-08 22:30:47,924 [pool-163-thread-1] INFO  server.RaftServerConfigKeys (ConfUtils.java:logGet(46)) - raft.server.log.appender.buffer.byte-limit = 33554432 (custom)
2023-01-08 22:30:47,924 [pool-163-thread-1] INFO  server.RaftServerConfigKeys (ConfUtils.java:logGet(46)) - raft.server.log.statemachine.data.read.timeout = 1000ms (default)
2023-01-08 22:30:47,924 [pool-163-thread-1] INFO  server.RaftServerConfigKeys (ConfUtils.java:logGet(46)) - raft.server.log.purge.preservation.log.num = 0 (default)
2023-01-08 22:30:47,924 [pool-163-thread-1] INFO  server.RaftServerConfigKeys (ConfUtils.java:logGet(46)) - raft.server.log.segment.size.max = 1048576 (custom)
2023-01-08 22:30:47,925 [pool-163-thread-1] INFO  server.RaftServerConfigKeys (ConfUtils.java:logGet(46)) - raft.server.log.segment.cache.num.max = 2 (custom)
2023-01-08 22:30:47,925 [pool-163-thread-1] INFO  server.RaftServerConfigKeys (ConfUtils.java:logGet(46)) - raft.server.log.segment.cache.size.max = 200MB (=209715200) (default)
2023-01-08 22:30:47,925 [pool-163-thread-1] INFO  segmented.SegmentedRaftLogWorker (SegmentedRaftLogWorker.java:<init>(189)) - new e7301f7c-5c47-48c7-9f47-e06452a04696@group-160E0352A5AA-SegmentedRaftLogWorker for RaftStorageImpl:Storage Directory /home/runner/work/ozone/ozone/hadoop-ozone/integration-test/target/test-dir/MiniOzoneClusterImpl-3463507a-8a94-4be2-9691-6a94fb394e4a/datanode-4/data/ratis/6c145882-b56c-480b-b8eb-160e0352a5aa
2023-01-08 22:30:47,925 [pool-163-thread-1] INFO  server.RaftServerConfigKeys (ConfUtils.java:logGet(46)) - raft.server.log.queue.byte-limit = 4294967296 (custom)
2023-01-08 22:30:47,929 [pool-163-thread-1] INFO  server.RaftServerConfigKeys (ConfUtils.java:logGet(46)) - raft.server.log.queue.element-limit = 1024 (custom)
2023-01-08 22:30:47,929 [pool-163-thread-1] INFO  server.RaftServerConfigKeys (ConfUtils.java:logGet(46)) - raft.server.log.segment.size.max = 1048576 (custom)
2023-01-08 22:30:47,929 [pool-163-thread-1] INFO  server.RaftServerConfigKeys (ConfUtils.java:logGet(46)) - raft.server.log.preallocated.size = 16384 (custom)
2023-01-08 22:30:47,929 [pool-163-thread-1] INFO  server.RaftServerConfigKeys (ConfUtils.java:logGet(46)) - raft.server.log.force.sync.num = 128 (default)
2023-01-08 22:30:47,929 [pool-163-thread-1] INFO  server.RaftServerConfigKeys (ConfUtils.java:logGet(46)) - raft.server.log.statemachine.data.sync = true (default)
2023-01-08 22:30:47,929 [pool-163-thread-1] INFO  server.RaftServerConfigKeys (ConfUtils.java:logGet(46)) - raft.server.log.statemachine.data.sync.timeout = 10s (default)
2023-01-08 22:30:47,929 [pool-163-thread-1] INFO  server.RaftServerConfigKeys (ConfUtils.java:logGet(46)) - raft.server.log.statemachine.data.sync.timeout.retry = -1 (default)
2023-01-08 22:30:47,930 [pool-163-thread-1] INFO  server.RaftServerConfigKeys (ConfUtils.java:logGet(46)) - raft.server.log.write.buffer.size = 1048576 (custom)
2023-01-08 22:30:47,931 [pool-163-thread-1] INFO  server.RaftServerConfigKeys (ConfUtils.java:logGet(46)) - raft.server.log.appender.buffer.byte-limit = 33554432 (custom)
2023-01-08 22:30:47,931 [Command processor thread] INFO  server.RaftServer (RaftServerProxy.java:addNew(96)) - 739e0a5a-91fd-46ce-99c6-277f52566479: addNew group-984C2871F6B5:[739e0a5a-91fd-46ce-99c6-277f52566479|rpc:10.1.0.12:38543|dataStream:10.1.0.12:44013|priority:1|startupRole:FOLLOWER] returns group-984C2871F6B5:java.util.concurrent.CompletableFuture@674265ec[Not completed]
2023-01-08 22:30:47,933 [pool-186-thread-1] INFO  server.RaftServer$Division (RaftServerImpl.java:<init>(195)) - 739e0a5a-91fd-46ce-99c6-277f52566479: new RaftServerImpl for group-984C2871F6B5:[739e0a5a-91fd-46ce-99c6-277f52566479|rpc:10.1.0.12:38543|dataStream:10.1.0.12:44013|priority:1|startupRole:FOLLOWER] with ContainerStateMachine:uninitialized
2023-01-08 22:30:47,933 [pool-186-thread-1] INFO  server.RaftServerConfigKeys (ConfUtils.java:logGet(46)) - raft.server.rpc.timeout.min = 5s (custom)
2023-01-08 22:30:47,933 [pool-186-thread-1] INFO  server.RaftServerConfigKeys (ConfUtils.java:logGet(46)) - raft.server.rpc.timeout.max = 5200ms (custom)
2023-01-08 22:30:47,933 [pool-186-thread-1] INFO  server.RaftServerConfigKeys (ConfUtils.java:logGet(46)) - raft.server.rpc.sleep.time = 25ms (default)
2023-01-08 22:30:47,933 [pool-186-thread-1] INFO  server.RaftServerConfigKeys (ConfUtils.java:logGet(46)) - raft.server.rpc.slowness.timeout = 300s (custom)
2023-01-08 22:30:47,933 [pool-186-thread-1] INFO  server.RaftServerConfigKeys (ConfUtils.java:logGet(46)) - raft.server.leaderelection.leader.step-down.wait-time = 10s (default)
2023-01-08 22:30:47,933 [pool-186-thread-1] INFO  server.RaftServerConfigKeys (ConfUtils.java:logGet(46)) - raft.server.sleep.deviation.threshold = 300ms (default)
2023-01-08 22:30:47,933 [pool-186-thread-1] INFO  server.RaftServer$Division (ServerState.java:<init>(118)) - 739e0a5a-91fd-46ce-99c6-277f52566479@group-984C2871F6B5: ConfigurationManager, init=-1: peers:[739e0a5a-91fd-46ce-99c6-277f52566479|rpc:10.1.0.12:38543|dataStream:10.1.0.12:44013|priority:1|startupRole:FOLLOWER]|listeners:[], old=null, confs=<EMPTY_MAP>
2023-01-08 22:30:47,933 [pool-186-thread-1] INFO  server.RaftServerConfigKeys (ConfUtils.java:logGet(46)) - raft.server.storage.dir = [/home/runner/work/ozone/ozone/hadoop-ozone/integration-test/target/test-dir/MiniOzoneClusterImpl-3463507a-8a94-4be2-9691-6a94fb394e4a/datanode-5/data/ratis] (custom)
2023-01-08 22:30:47,934 [pool-186-thread-1] INFO  server.RaftServerConfigKeys (ConfUtils.java:logGet(46)) - raft.server.log.corruption.policy = EXCEPTION (default)
2023-01-08 22:30:47,934 [pool-186-thread-1] INFO  server.RaftServerConfigKeys (ConfUtils.java:logGet(46)) - raft.server.storage.free-space.min = 0MB (=0) (default)
2023-01-08 22:30:47,934 [pool-186-thread-1] INFO  server.RaftServerConfigKeys (ConfUtils.java:logGet(46)) - raft.server.notification.no-leader.timeout = 300s (custom)
2023-01-08 22:30:47,934 [pool-186-thread-1] INFO  server.RaftServerConfigKeys (ConfUtils.java:logGet(46)) - raft.server.retrycache.expirytime = 600000ms (custom)
2023-01-08 22:30:47,934 [pool-186-thread-1] INFO  server.RaftServerConfigKeys (ConfUtils.java:logGet(46)) - raft.server.retrycache.statistics.expirytime = 100μs (default)
2023-01-08 22:30:47,935 [pool-186-thread-1] INFO  server.RaftServerConfigKeys (ConfUtils.java:logGet(46)) - raft.server.log.appender.install.snapshot.enabled = false (custom)
2023-01-08 22:30:47,935 [pool-186-thread-1] INFO  server.RaftServerConfigKeys (ConfUtils.java:logGet(46)) - raft.server.threadpool.server.cached = true (default)
2023-01-08 22:30:47,935 [pool-186-thread-1] INFO  server.RaftServerConfigKeys (ConfUtils.java:logGet(46)) - raft.server.threadpool.server.size = 0 (default)
2023-01-08 22:30:47,935 [pool-186-thread-1] INFO  server.RaftServerConfigKeys (ConfUtils.java:logGet(46)) - raft.server.threadpool.client.cached = true (default)
2023-01-08 22:30:47,935 [pool-186-thread-1] INFO  server.RaftServerConfigKeys (ConfUtils.java:logGet(46)) - raft.server.threadpool.client.size = 0 (default)
2023-01-08 22:30:47,935 [pool-186-thread-1] INFO  storage.RaftStorageDirectory (RaftStorageDirectoryImpl.java:analyzeStorage(137)) - The storage directory /home/runner/work/ozone/ozone/hadoop-ozone/integration-test/target/test-dir/MiniOzoneClusterImpl-3463507a-8a94-4be2-9691-6a94fb394e4a/datanode-5/data/ratis/42e8088b-fb69-46a6-9677-984c2871f6b5 does not exist. Creating ...
2023-01-08 22:30:47,937 [pool-186-thread-1] INFO  storage.RaftStorageDirectory (RaftStorageDirectoryImpl.java:tryLock(231)) - Lock on /home/runner/work/ozone/ozone/hadoop-ozone/integration-test/target/test-dir/MiniOzoneClusterImpl-3463507a-8a94-4be2-9691-6a94fb394e4a/datanode-5/data/ratis/42e8088b-fb69-46a6-9677-984c2871f6b5/in_use.lock acquired by nodename 69525@fv-az390-965
2023-01-08 22:30:47,944 [pool-163-thread-1] INFO  server.RaftServerConfigKeys (ConfUtils.java:logGet(46)) - raft.server.log.unsafe-flush.enabled = false (default)
2023-01-08 22:30:47,944 [pool-163-thread-1] INFO  server.RaftServerConfigKeys (ConfUtils.java:logGet(46)) - raft.server.log.async-flush.enabled = false (default)
2023-01-08 22:30:47,944 [pool-163-thread-1] INFO  server.RaftServerConfigKeys (ConfUtils.java:logGet(46)) - raft.server.log.statemachine.data.caching.enabled = true (custom)
2023-01-08 22:30:47,944 [pool-163-thread-1] INFO  segmented.SegmentedRaftLogWorker (SegmentedRaftLogWorker.java:lambda$new$0(135)) - e7301f7c-5c47-48c7-9f47-e06452a04696@group-160E0352A5AA-SegmentedRaftLogWorker: flushIndex: setUnconditionally 0 -> -1
2023-01-08 22:30:47,944 [pool-163-thread-1] INFO  segmented.SegmentedRaftLogWorker (SegmentedRaftLogWorker.java:lambda$new$0(135)) - e7301f7c-5c47-48c7-9f47-e06452a04696@group-160E0352A5AA-SegmentedRaftLogWorker: safeCacheEvictIndex: setUnconditionally 0 -> -1
2023-01-08 22:30:47,945 [pool-186-thread-1] INFO  storage.RaftStorage (RaftStorageImpl.java:format(96)) - Storage directory /home/runner/work/ozone/ozone/hadoop-ozone/integration-test/target/test-dir/MiniOzoneClusterImpl-3463507a-8a94-4be2-9691-6a94fb394e4a/datanode-5/data/ratis/42e8088b-fb69-46a6-9677-984c2871f6b5 has been successfully formatted.
2023-01-08 22:30:47,946 [pool-186-thread-1] INFO  ratis.ContainerStateMachine (ContainerStateMachine.java:loadSnapshot(240)) - group-984C2871F6B5: The snapshot info is null. Setting the last applied indexto:(t:0, i:~)
2023-01-08 22:30:47,946 [pool-186-thread-1] INFO  server.RaftServerConfigKeys (ConfUtils.java:logGet(46)) - raft.server.log.use.memory = false (default)
2023-01-08 22:30:47,946 [pool-186-thread-1] INFO  server.RaftServerConfigKeys (ConfUtils.java:logGet(46)) - raft.server.log.purge.gap = 1000000 (custom)
2023-01-08 22:30:47,946 [pool-186-thread-1] INFO  server.RaftServerConfigKeys (ConfUtils.java:logGet(46)) - raft.server.log.appender.buffer.byte-limit = 33554432 (custom)
2023-01-08 22:30:47,946 [pool-186-thread-1] INFO  server.RaftServerConfigKeys (ConfUtils.java:logGet(46)) - raft.server.log.statemachine.data.read.timeout = 1000ms (default)
2023-01-08 22:30:47,946 [pool-186-thread-1] INFO  server.RaftServerConfigKeys (ConfUtils.java:logGet(46)) - raft.server.log.purge.preservation.log.num = 0 (default)
2023-01-08 22:30:47,946 [pool-186-thread-1] INFO  server.RaftServerConfigKeys (ConfUtils.java:logGet(46)) - raft.server.log.segment.size.max = 1048576 (custom)
2023-01-08 22:30:47,947 [pool-186-thread-1] INFO  server.RaftServerConfigKeys (ConfUtils.java:logGet(46)) - raft.server.log.segment.cache.num.max = 2 (custom)
2023-01-08 22:30:47,947 [pool-186-thread-1] INFO  server.RaftServerConfigKeys (ConfUtils.java:logGet(46)) - raft.server.log.segment.cache.size.max = 200MB (=209715200) (default)
2023-01-08 22:30:47,947 [pool-186-thread-1] INFO  segmented.SegmentedRaftLogWorker (SegmentedRaftLogWorker.java:<init>(189)) - new 739e0a5a-91fd-46ce-99c6-277f52566479@group-984C2871F6B5-SegmentedRaftLogWorker for RaftStorageImpl:Storage Directory /home/runner/work/ozone/ozone/hadoop-ozone/integration-test/target/test-dir/MiniOzoneClusterImpl-3463507a-8a94-4be2-9691-6a94fb394e4a/datanode-5/data/ratis/42e8088b-fb69-46a6-9677-984c2871f6b5
2023-01-08 22:30:47,947 [pool-186-thread-1] INFO  server.RaftServerConfigKeys (ConfUtils.java:logGet(46)) - raft.server.log.queue.byte-limit = 4294967296 (custom)
2023-01-08 22:30:47,947 [pool-186-thread-1] INFO  server.RaftServerConfigKeys (ConfUtils.java:logGet(46)) - raft.server.log.queue.element-limit = 1024 (custom)
2023-01-08 22:30:47,947 [pool-186-thread-1] INFO  server.RaftServerConfigKeys (ConfUtils.java:logGet(46)) - raft.server.log.segment.size.max = 1048576 (custom)
2023-01-08 22:30:47,947 [pool-186-thread-1] INFO  server.RaftServerConfigKeys (ConfUtils.java:logGet(46)) - raft.server.log.preallocated.size = 16384 (custom)
2023-01-08 22:30:47,947 [pool-186-thread-1] INFO  server.RaftServerConfigKeys (ConfUtils.java:logGet(46)) - raft.server.log.force.sync.num = 128 (default)
2023-01-08 22:30:47,947 [pool-186-thread-1] INFO  server.RaftServerConfigKeys (ConfUtils.java:logGet(46)) - raft.server.log.statemachine.data.sync = true (default)
2023-01-08 22:30:47,947 [pool-186-thread-1] INFO  server.RaftServerConfigKeys (ConfUtils.java:logGet(46)) - raft.server.log.statemachine.data.sync.timeout = 10s (default)
2023-01-08 22:30:47,947 [pool-186-thread-1] INFO  server.RaftServerConfigKeys (ConfUtils.java:logGet(46)) - raft.server.log.statemachine.data.sync.timeout.retry = -1 (default)
2023-01-08 22:30:47,948 [pool-186-thread-1] INFO  server.RaftServerConfigKeys (ConfUtils.java:logGet(46)) - raft.server.log.write.buffer.size = 1048576 (custom)
2023-01-08 22:30:47,948 [pool-186-thread-1] INFO  server.RaftServerConfigKeys (ConfUtils.java:logGet(46)) - raft.server.log.appender.buffer.byte-limit = 33554432 (custom)
2023-01-08 22:30:47,951 [EventQueue-PipelineReportForPipelineReportHandler] INFO  pipeline.PipelineManagerImpl (PipelineManagerImpl.java:openPipeline(367)) - Pipeline Pipeline[ Id: 42e8088b-fb69-46a6-9677-984c2871f6b5, Nodes: 739e0a5a-91fd-46ce-99c6-277f52566479{ip: 10.1.0.12, host: fv-az390-965.2udvygdcjcjuphbbpa4zxtqymb.gx.internal.cloudapp.net, ports: [REPLICATION=41845, RATIS=38543, RATIS_ADMIN=38543, RATIS_SERVER=38543, RATIS_DATASTREAM=44013, STANDALONE=37419], networkLocation: /default-rack, certSerialId: null, persistedOpState: IN_SERVICE, persistedOpStateExpiryEpochSec: 0}, ReplicationConfig: RATIS/ONE, State:ALLOCATED, leaderId:739e0a5a-91fd-46ce-99c6-277f52566479, CreationTimestamp2023-01-08T22:30:44.939Z[Etc/UTC]] moved to OPEN state
2023-01-08 22:30:47,952 [EventQueue-OpenPipelineForHealthyPipelineSafeModeRule] INFO  safemode.SCMSafeModeManager (HealthyPipelineSafeModeRule.java:process(137)) - SCM in safe mode. Healthy pipelines reported count is 0, required healthy pipeline reported count is 1
2023-01-08 22:30:47,955 [pool-186-thread-1] INFO  server.RaftServerConfigKeys (ConfUtils.java:logGet(46)) - raft.server.log.unsafe-flush.enabled = false (default)
2023-01-08 22:30:47,955 [pool-163-thread-1] INFO  server.RaftServer$Division (RaftServerImpl.java:start(334)) - e7301f7c-5c47-48c7-9f47-e06452a04696@group-160E0352A5AA: start as a follower, conf=-1: peers:[739e0a5a-91fd-46ce-99c6-277f52566479|rpc:10.1.0.12:38543|dataStream:10.1.0.12:44013|priority:0|startupRole:FOLLOWER, e7301f7c-5c47-48c7-9f47-e06452a04696|rpc:10.1.0.12:37583|dataStream:10.1.0.12:38057|priority:0|startupRole:FOLLOWER, d2cb6247-0f92-4e0f-9f0c-5b2ce80c0115|rpc:10.1.0.12:40175|dataStream:10.1.0.12:35007|priority:1|startupRole:FOLLOWER]|listeners:[], old=null
2023-01-08 22:30:47,966 [pool-163-thread-1] INFO  server.RaftServer$Division (RaftServerImpl.java:setRole(321)) - e7301f7c-5c47-48c7-9f47-e06452a04696@group-160E0352A5AA: changes role from      null to FOLLOWER at term 0 for startAsFollower
2023-01-08 22:30:47,966 [pool-163-thread-1] INFO  impl.RoleInfo (RoleInfo.java:updateAndGet(139)) - e7301f7c-5c47-48c7-9f47-e06452a04696: start e7301f7c-5c47-48c7-9f47-e06452a04696@group-160E0352A5AA-FollowerState
2023-01-08 22:30:47,968 [pool-186-thread-1] INFO  server.RaftServerConfigKeys (ConfUtils.java:logGet(46)) - raft.server.log.async-flush.enabled = false (default)
2023-01-08 22:30:47,973 [pool-186-thread-1] INFO  server.RaftServerConfigKeys (ConfUtils.java:logGet(46)) - raft.server.log.statemachine.data.caching.enabled = true (custom)
2023-01-08 22:30:47,973 [pool-186-thread-1] INFO  segmented.SegmentedRaftLogWorker (SegmentedRaftLogWorker.java:lambda$new$0(135)) - 739e0a5a-91fd-46ce-99c6-277f52566479@group-984C2871F6B5-SegmentedRaftLogWorker: flushIndex: setUnconditionally 0 -> -1
2023-01-08 22:30:47,973 [pool-186-thread-1] INFO  segmented.SegmentedRaftLogWorker (SegmentedRaftLogWorker.java:lambda$new$0(135)) - 739e0a5a-91fd-46ce-99c6-277f52566479@group-984C2871F6B5-SegmentedRaftLogWorker: safeCacheEvictIndex: setUnconditionally 0 -> -1
2023-01-08 22:30:47,972 [e7301f7c-5c47-48c7-9f47-e06452a04696@group-160E0352A5AA-FollowerState] INFO  server.RaftServerConfigKeys (ConfUtils.java:logFallback(53)) - raft.server.rpc.first-election.timeout.min = 5s (fallback to raft.server.rpc.timeout.min)
2023-01-08 22:30:47,968 [pool-163-thread-1] INFO  util.JmxRegister (JmxRegister.java:tryRegister(44)) - Successfully registered JMX Bean with object name Ratis:service=RaftServer,group=group-160E0352A5AA,id=e7301f7c-5c47-48c7-9f47-e06452a04696
2023-01-08 22:30:47,973 [pool-163-thread-1] INFO  server.RaftServerConfigKeys (ConfUtils.java:logGet(46)) - raft.server.snapshot.auto.trigger.enabled = true (custom)
2023-01-08 22:30:47,973 [pool-163-thread-1] INFO  server.RaftServerConfigKeys (ConfUtils.java:logGet(46)) - raft.server.snapshot.auto.trigger.threshold = 10000 (custom)
2023-01-08 22:30:47,973 [pool-163-thread-1] INFO  server.RaftServerConfigKeys (ConfUtils.java:logGet(46)) - raft.server.snapshot.retention.file.num = 5 (custom)
2023-01-08 22:30:47,973 [pool-163-thread-1] INFO  server.RaftServerConfigKeys (ConfUtils.java:logGet(46)) - raft.server.log.purge.upto.snapshot.index = false (default)
2023-01-08 22:30:47,974 [e7301f7c-5c47-48c7-9f47-e06452a04696@group-160E0352A5AA-FollowerState] INFO  server.RaftServerConfigKeys (ConfUtils.java:logFallback(53)) - raft.server.rpc.first-election.timeout.max = 5200ms (fallback to raft.server.rpc.timeout.max)
2023-01-08 22:30:47,974 [pool-186-thread-1] INFO  server.RaftServer$Division (RaftServerImpl.java:start(334)) - 739e0a5a-91fd-46ce-99c6-277f52566479@group-984C2871F6B5: start as a follower, conf=-1: peers:[739e0a5a-91fd-46ce-99c6-277f52566479|rpc:10.1.0.12:38543|dataStream:10.1.0.12:44013|priority:1|startupRole:FOLLOWER]|listeners:[], old=null
2023-01-08 22:30:47,974 [pool-186-thread-1] INFO  server.RaftServer$Division (RaftServerImpl.java:setRole(321)) - 739e0a5a-91fd-46ce-99c6-277f52566479@group-984C2871F6B5: changes role from      null to FOLLOWER at term 0 for startAsFollower
2023-01-08 22:30:47,974 [pool-186-thread-1] INFO  impl.RoleInfo (RoleInfo.java:updateAndGet(139)) - 739e0a5a-91fd-46ce-99c6-277f52566479: start 739e0a5a-91fd-46ce-99c6-277f52566479@group-984C2871F6B5-FollowerState
2023-01-08 22:30:47,975 [pool-186-thread-1] INFO  util.JmxRegister (JmxRegister.java:tryRegister(44)) - Successfully registered JMX Bean with object name Ratis:service=RaftServer,group=group-984C2871F6B5,id=739e0a5a-91fd-46ce-99c6-277f52566479
2023-01-08 22:30:47,975 [pool-186-thread-1] INFO  server.RaftServerConfigKeys (ConfUtils.java:logGet(46)) - raft.server.snapshot.auto.trigger.enabled = true (custom)
2023-01-08 22:30:47,975 [pool-186-thread-1] INFO  server.RaftServerConfigKeys (ConfUtils.java:logGet(46)) - raft.server.snapshot.auto.trigger.threshold = 10000 (custom)
2023-01-08 22:30:47,975 [pool-186-thread-1] INFO  server.RaftServerConfigKeys (ConfUtils.java:logGet(46)) - raft.server.snapshot.retention.file.num = 5 (custom)
2023-01-08 22:30:47,975 [pool-186-thread-1] INFO  server.RaftServerConfigKeys (ConfUtils.java:logGet(46)) - raft.server.log.purge.upto.snapshot.index = false (default)
2023-01-08 22:30:47,975 [739e0a5a-91fd-46ce-99c6-277f52566479@group-984C2871F6B5-FollowerState] INFO  server.RaftServerConfigKeys (ConfUtils.java:logFallback(53)) - raft.server.rpc.first-election.timeout.min = 5s (fallback to raft.server.rpc.timeout.min)
2023-01-08 22:30:47,975 [739e0a5a-91fd-46ce-99c6-277f52566479@group-984C2871F6B5-FollowerState] INFO  server.RaftServerConfigKeys (ConfUtils.java:logFallback(53)) - raft.server.rpc.first-election.timeout.max = 5200ms (fallback to raft.server.rpc.timeout.max)
2023-01-08 22:30:47,990 [Command processor thread] INFO  commandhandler.CreatePipelineCommandHandler (CreatePipelineCommandHandler.java:handle(113)) - Created Pipeline RATIS THREE PipelineID=6c145882-b56c-480b-b8eb-160e0352a5aa.
2023-01-08 22:30:47,994 [Command processor thread] INFO  ratis.XceiverServerRatis (XceiverServerRatis.java:addGroup(806)) - Created group PipelineID=6c145882-b56c-480b-b8eb-160e0352a5aa
2023-01-08 22:30:47,994 [Command processor thread] INFO  ratis.XceiverServerRatis (XceiverServerRatis.java:addGroup(806)) - Created group PipelineID=42e8088b-fb69-46a6-9677-984c2871f6b5
2023-01-08 22:30:47,994 [Command processor thread] INFO  commandhandler.CreatePipelineCommandHandler (CreatePipelineCommandHandler.java:handle(113)) - Created Pipeline RATIS ONE PipelineID=42e8088b-fb69-46a6-9677-984c2871f6b5.
2023-01-08 22:30:48,038 [Command processor thread] INFO  commandhandler.CreatePipelineCommandHandler (CreatePipelineCommandHandler.java:handle(113)) - Created Pipeline RATIS THREE PipelineID=6c145882-b56c-480b-b8eb-160e0352a5aa.
2023-01-08 22:30:48,325 [Listener at 127.0.0.1/33975] INFO  ozone.MiniOzoneClusterImpl (MiniOzoneClusterImpl.java:lambda$waitForClusterToBeReady$0(217)) - Nodes are ready. Got 7 of 7 DN Heartbeats.
2023-01-08 22:30:48,326 [Listener at 127.0.0.1/33975] INFO  ozone.MiniOzoneClusterImpl (MiniOzoneClusterImpl.java:lambda$waitForClusterToBeReady$0(220)) - Waiting for cluster to exit safe mode
2023-01-08 22:30:48,326 [Listener at 127.0.0.1/33975] INFO  ozone.MiniOzoneClusterImpl (MiniOzoneClusterImpl.java:lambda$waitForClusterToBeReady$0(222)) - SCM became leader
2023-01-08 22:30:48,331 [Command processor thread] INFO  server.RaftServer (RaftServerProxy.java:addNew(96)) - 39f95326-1d02-4f34-8c27-9b7148a80084: addNew group-5D33229133D1:[39f95326-1d02-4f34-8c27-9b7148a80084|rpc:10.1.0.12:41611|dataStream:10.1.0.12:40111|priority:1|startupRole:FOLLOWER] returns group-5D33229133D1:java.util.concurrent.CompletableFuture@1d072c2a[Not completed]
2023-01-08 22:30:48,332 [pool-209-thread-1] INFO  server.RaftServer$Division (RaftServerImpl.java:<init>(195)) - 39f95326-1d02-4f34-8c27-9b7148a80084: new RaftServerImpl for group-5D33229133D1:[39f95326-1d02-4f34-8c27-9b7148a80084|rpc:10.1.0.12:41611|dataStream:10.1.0.12:40111|priority:1|startupRole:FOLLOWER] with ContainerStateMachine:uninitialized
2023-01-08 22:30:48,333 [pool-209-thread-1] INFO  server.RaftServerConfigKeys (ConfUtils.java:logGet(46)) - raft.server.rpc.timeout.min = 5s (custom)
2023-01-08 22:30:48,333 [pool-209-thread-1] INFO  server.RaftServerConfigKeys (ConfUtils.java:logGet(46)) - raft.server.rpc.timeout.max = 5200ms (custom)
2023-01-08 22:30:48,333 [pool-209-thread-1] INFO  server.RaftServerConfigKeys (ConfUtils.java:logGet(46)) - raft.server.rpc.sleep.time = 25ms (default)
2023-01-08 22:30:48,333 [pool-209-thread-1] INFO  server.RaftServerConfigKeys (ConfUtils.java:logGet(46)) - raft.server.rpc.slowness.timeout = 300s (custom)
2023-01-08 22:30:48,333 [pool-209-thread-1] INFO  server.RaftServerConfigKeys (ConfUtils.java:logGet(46)) - raft.server.leaderelection.leader.step-down.wait-time = 10s (default)
2023-01-08 22:30:48,333 [pool-209-thread-1] INFO  server.RaftServerConfigKeys (ConfUtils.java:logGet(46)) - raft.server.sleep.deviation.threshold = 300ms (default)
2023-01-08 22:30:48,333 [pool-209-thread-1] INFO  server.RaftServer$Division (ServerState.java:<init>(118)) - 39f95326-1d02-4f34-8c27-9b7148a80084@group-5D33229133D1: ConfigurationManager, init=-1: peers:[39f95326-1d02-4f34-8c27-9b7148a80084|rpc:10.1.0.12:41611|dataStream:10.1.0.12:40111|priority:1|startupRole:FOLLOWER]|listeners:[], old=null, confs=<EMPTY_MAP>
2023-01-08 22:30:48,333 [pool-209-thread-1] INFO  server.RaftServerConfigKeys (ConfUtils.java:logGet(46)) - raft.server.storage.dir = [/home/runner/work/ozone/ozone/hadoop-ozone/integration-test/target/test-dir/MiniOzoneClusterImpl-3463507a-8a94-4be2-9691-6a94fb394e4a/datanode-6/data/ratis] (custom)
2023-01-08 22:30:48,333 [pool-209-thread-1] INFO  server.RaftServerConfigKeys (ConfUtils.java:logGet(46)) - raft.server.log.corruption.policy = EXCEPTION (default)
2023-01-08 22:30:48,333 [pool-209-thread-1] INFO  server.RaftServerConfigKeys (ConfUtils.java:logGet(46)) - raft.server.storage.free-space.min = 0MB (=0) (default)
2023-01-08 22:30:48,333 [pool-209-thread-1] INFO  server.RaftServerConfigKeys (ConfUtils.java:logGet(46)) - raft.server.notification.no-leader.timeout = 300s (custom)
2023-01-08 22:30:48,333 [pool-209-thread-1] INFO  server.RaftServerConfigKeys (ConfUtils.java:logGet(46)) - raft.server.retrycache.expirytime = 600000ms (custom)
2023-01-08 22:30:48,333 [pool-209-thread-1] INFO  server.RaftServerConfigKeys (ConfUtils.java:logGet(46)) - raft.server.retrycache.statistics.expirytime = 100μs (default)
2023-01-08 22:30:48,336 [pool-209-thread-1] INFO  server.RaftServerConfigKeys (ConfUtils.java:logGet(46)) - raft.server.log.appender.install.snapshot.enabled = false (custom)
2023-01-08 22:30:48,336 [pool-209-thread-1] INFO  server.RaftServerConfigKeys (ConfUtils.java:logGet(46)) - raft.server.threadpool.server.cached = true (default)
2023-01-08 22:30:48,336 [pool-209-thread-1] INFO  server.RaftServerConfigKeys (ConfUtils.java:logGet(46)) - raft.server.threadpool.server.size = 0 (default)
2023-01-08 22:30:48,336 [pool-209-thread-1] INFO  server.RaftServerConfigKeys (ConfUtils.java:logGet(46)) - raft.server.threadpool.client.cached = true (default)
2023-01-08 22:30:48,337 [pool-209-thread-1] INFO  server.RaftServerConfigKeys (ConfUtils.java:logGet(46)) - raft.server.threadpool.client.size = 0 (default)
2023-01-08 22:30:48,337 [pool-209-thread-1] INFO  storage.RaftStorageDirectory (RaftStorageDirectoryImpl.java:analyzeStorage(137)) - The storage directory /home/runner/work/ozone/ozone/hadoop-ozone/integration-test/target/test-dir/MiniOzoneClusterImpl-3463507a-8a94-4be2-9691-6a94fb394e4a/datanode-6/data/ratis/34f36651-33af-4f00-b826-5d33229133d1 does not exist. Creating ...
2023-01-08 22:30:48,338 [pool-209-thread-1] INFO  storage.RaftStorageDirectory (RaftStorageDirectoryImpl.java:tryLock(231)) - Lock on /home/runner/work/ozone/ozone/hadoop-ozone/integration-test/target/test-dir/MiniOzoneClusterImpl-3463507a-8a94-4be2-9691-6a94fb394e4a/datanode-6/data/ratis/34f36651-33af-4f00-b826-5d33229133d1/in_use.lock acquired by nodename 69525@fv-az390-965
2023-01-08 22:30:48,339 [pool-209-thread-1] INFO  storage.RaftStorage (RaftStorageImpl.java:format(96)) - Storage directory /home/runner/work/ozone/ozone/hadoop-ozone/integration-test/target/test-dir/MiniOzoneClusterImpl-3463507a-8a94-4be2-9691-6a94fb394e4a/datanode-6/data/ratis/34f36651-33af-4f00-b826-5d33229133d1 has been successfully formatted.
2023-01-08 22:30:48,340 [pool-209-thread-1] INFO  ratis.ContainerStateMachine (ContainerStateMachine.java:loadSnapshot(240)) - group-5D33229133D1: The snapshot info is null. Setting the last applied indexto:(t:0, i:~)
2023-01-08 22:30:48,340 [pool-209-thread-1] INFO  server.RaftServerConfigKeys (ConfUtils.java:logGet(46)) - raft.server.log.use.memory = false (default)
2023-01-08 22:30:48,342 [EventQueue-PipelineReportForPipelineReportHandler] INFO  pipeline.PipelineManagerImpl (PipelineManagerImpl.java:openPipeline(367)) - Pipeline Pipeline[ Id: 34f36651-33af-4f00-b826-5d33229133d1, Nodes: 39f95326-1d02-4f34-8c27-9b7148a80084{ip: 10.1.0.12, host: fv-az390-965.2udvygdcjcjuphbbpa4zxtqymb.gx.internal.cloudapp.net, ports: [REPLICATION=34171, RATIS=41611, RATIS_ADMIN=41611, RATIS_SERVER=41611, RATIS_DATASTREAM=40111, STANDALONE=35241], networkLocation: /default-rack, certSerialId: null, persistedOpState: IN_SERVICE, persistedOpStateExpiryEpochSec: 0}, ReplicationConfig: RATIS/ONE, State:ALLOCATED, leaderId:39f95326-1d02-4f34-8c27-9b7148a80084, CreationTimestamp2023-01-08T22:30:45.332Z[Etc/UTC]] moved to OPEN state
2023-01-08 22:30:48,342 [EventQueue-OpenPipelineForHealthyPipelineSafeModeRule] INFO  safemode.SCMSafeModeManager (HealthyPipelineSafeModeRule.java:process(137)) - SCM in safe mode. Healthy pipelines reported count is 0, required healthy pipeline reported count is 1
2023-01-08 22:30:48,343 [pool-209-thread-1] INFO  server.RaftServerConfigKeys (ConfUtils.java:logGet(46)) - raft.server.log.purge.gap = 1000000 (custom)
2023-01-08 22:30:48,344 [pool-209-thread-1] INFO  server.RaftServerConfigKeys (ConfUtils.java:logGet(46)) - raft.server.log.appender.buffer.byte-limit = 33554432 (custom)
2023-01-08 22:30:48,344 [pool-209-thread-1] INFO  server.RaftServerConfigKeys (ConfUtils.java:logGet(46)) - raft.server.log.statemachine.data.read.timeout = 1000ms (default)
2023-01-08 22:30:48,344 [pool-209-thread-1] INFO  server.RaftServerConfigKeys (ConfUtils.java:logGet(46)) - raft.server.log.purge.preservation.log.num = 0 (default)
2023-01-08 22:30:48,344 [pool-209-thread-1] INFO  server.RaftServerConfigKeys (ConfUtils.java:logGet(46)) - raft.server.log.segment.size.max = 1048576 (custom)
2023-01-08 22:30:48,344 [pool-209-thread-1] INFO  server.RaftServerConfigKeys (ConfUtils.java:logGet(46)) - raft.server.log.segment.cache.num.max = 2 (custom)
2023-01-08 22:30:48,344 [pool-209-thread-1] INFO  server.RaftServerConfigKeys (ConfUtils.java:logGet(46)) - raft.server.log.segment.cache.size.max = 200MB (=209715200) (default)
2023-01-08 22:30:48,344 [pool-209-thread-1] INFO  segmented.SegmentedRaftLogWorker (SegmentedRaftLogWorker.java:<init>(189)) - new 39f95326-1d02-4f34-8c27-9b7148a80084@group-5D33229133D1-SegmentedRaftLogWorker for RaftStorageImpl:Storage Directory /home/runner/work/ozone/ozone/hadoop-ozone/integration-test/target/test-dir/MiniOzoneClusterImpl-3463507a-8a94-4be2-9691-6a94fb394e4a/datanode-6/data/ratis/34f36651-33af-4f00-b826-5d33229133d1
2023-01-08 22:30:48,344 [pool-209-thread-1] INFO  server.RaftServerConfigKeys (ConfUtils.java:logGet(46)) - raft.server.log.queue.byte-limit = 4294967296 (custom)
2023-01-08 22:30:48,344 [pool-209-thread-1] INFO  server.RaftServerConfigKeys (ConfUtils.java:logGet(46)) - raft.server.log.queue.element-limit = 1024 (custom)
2023-01-08 22:30:48,344 [pool-209-thread-1] INFO  server.RaftServerConfigKeys (ConfUtils.java:logGet(46)) - raft.server.log.segment.size.max = 1048576 (custom)
2023-01-08 22:30:48,344 [pool-209-thread-1] INFO  server.RaftServerConfigKeys (ConfUtils.java:logGet(46)) - raft.server.log.preallocated.size = 16384 (custom)
2023-01-08 22:30:48,344 [pool-209-thread-1] INFO  server.RaftServerConfigKeys (ConfUtils.java:logGet(46)) - raft.server.log.force.sync.num = 128 (default)
2023-01-08 22:30:48,345 [pool-209-thread-1] INFO  server.RaftServerConfigKeys (ConfUtils.java:logGet(46)) - raft.server.log.statemachine.data.sync = true (default)
2023-01-08 22:30:48,345 [pool-209-thread-1] INFO  server.RaftServerConfigKeys (ConfUtils.java:logGet(46)) - raft.server.log.statemachine.data.sync.timeout = 10s (default)
2023-01-08 22:30:48,345 [pool-209-thread-1] INFO  server.RaftServerConfigKeys (ConfUtils.java:logGet(46)) - raft.server.log.statemachine.data.sync.timeout.retry = -1 (default)
2023-01-08 22:30:48,345 [pool-209-thread-1] INFO  server.RaftServerConfigKeys (ConfUtils.java:logGet(46)) - raft.server.log.write.buffer.size = 1048576 (custom)
2023-01-08 22:30:48,346 [pool-209-thread-1] INFO  server.RaftServerConfigKeys (ConfUtils.java:logGet(46)) - raft.server.log.appender.buffer.byte-limit = 33554432 (custom)
2023-01-08 22:30:48,351 [pool-209-thread-1] INFO  server.RaftServerConfigKeys (ConfUtils.java:logGet(46)) - raft.server.log.unsafe-flush.enabled = false (default)
2023-01-08 22:30:48,351 [pool-209-thread-1] INFO  server.RaftServerConfigKeys (ConfUtils.java:logGet(46)) - raft.server.log.async-flush.enabled = false (default)
2023-01-08 22:30:48,351 [pool-209-thread-1] INFO  server.RaftServerConfigKeys (ConfUtils.java:logGet(46)) - raft.server.log.statemachine.data.caching.enabled = true (custom)
2023-01-08 22:30:48,351 [pool-209-thread-1] INFO  segmented.SegmentedRaftLogWorker (SegmentedRaftLogWorker.java:lambda$new$0(135)) - 39f95326-1d02-4f34-8c27-9b7148a80084@group-5D33229133D1-SegmentedRaftLogWorker: flushIndex: setUnconditionally 0 -> -1
2023-01-08 22:30:48,351 [pool-209-thread-1] INFO  segmented.SegmentedRaftLogWorker (SegmentedRaftLogWorker.java:lambda$new$0(135)) - 39f95326-1d02-4f34-8c27-9b7148a80084@group-5D33229133D1-SegmentedRaftLogWorker: safeCacheEvictIndex: setUnconditionally 0 -> -1
2023-01-08 22:30:48,352 [pool-209-thread-1] INFO  server.RaftServer$Division (RaftServerImpl.java:start(334)) - 39f95326-1d02-4f34-8c27-9b7148a80084@group-5D33229133D1: start as a follower, conf=-1: peers:[39f95326-1d02-4f34-8c27-9b7148a80084|rpc:10.1.0.12:41611|dataStream:10.1.0.12:40111|priority:1|startupRole:FOLLOWER]|listeners:[], old=null
2023-01-08 22:30:48,352 [pool-209-thread-1] INFO  server.RaftServer$Division (RaftServerImpl.java:setRole(321)) - 39f95326-1d02-4f34-8c27-9b7148a80084@group-5D33229133D1: changes role from      null to FOLLOWER at term 0 for startAsFollower
2023-01-08 22:30:48,352 [pool-209-thread-1] INFO  impl.RoleInfo (RoleInfo.java:updateAndGet(139)) - 39f95326-1d02-4f34-8c27-9b7148a80084: start 39f95326-1d02-4f34-8c27-9b7148a80084@group-5D33229133D1-FollowerState
2023-01-08 22:30:48,352 [39f95326-1d02-4f34-8c27-9b7148a80084@group-5D33229133D1-FollowerState] INFO  server.RaftServerConfigKeys (ConfUtils.java:logFallback(53)) - raft.server.rpc.first-election.timeout.min = 5s (fallback to raft.server.rpc.timeout.min)
2023-01-08 22:30:48,356 [pool-209-thread-1] INFO  util.JmxRegister (JmxRegister.java:tryRegister(44)) - Successfully registered JMX Bean with object name Ratis:service=RaftServer,group=group-5D33229133D1,id=39f95326-1d02-4f34-8c27-9b7148a80084
2023-01-08 22:30:48,356 [39f95326-1d02-4f34-8c27-9b7148a80084@group-5D33229133D1-FollowerState] INFO  server.RaftServerConfigKeys (ConfUtils.java:logFallback(53)) - raft.server.rpc.first-election.timeout.max = 5200ms (fallback to raft.server.rpc.timeout.max)
2023-01-08 22:30:48,356 [pool-209-thread-1] INFO  server.RaftServerConfigKeys (ConfUtils.java:logGet(46)) - raft.server.snapshot.auto.trigger.enabled = true (custom)
2023-01-08 22:30:48,356 [pool-209-thread-1] INFO  server.RaftServerConfigKeys (ConfUtils.java:logGet(46)) - raft.server.snapshot.auto.trigger.threshold = 10000 (custom)
2023-01-08 22:30:48,356 [pool-209-thread-1] INFO  server.RaftServerConfigKeys (ConfUtils.java:logGet(46)) - raft.server.snapshot.retention.file.num = 5 (custom)
2023-01-08 22:30:48,357 [pool-209-thread-1] INFO  server.RaftServerConfigKeys (ConfUtils.java:logGet(46)) - raft.server.log.purge.upto.snapshot.index = false (default)
2023-01-08 22:30:48,357 [Command processor thread] INFO  ratis.XceiverServerRatis (XceiverServerRatis.java:addGroup(806)) - Created group PipelineID=34f36651-33af-4f00-b826-5d33229133d1
2023-01-08 22:30:48,357 [Command processor thread] INFO  commandhandler.CreatePipelineCommandHandler (CreatePipelineCommandHandler.java:handle(113)) - Created Pipeline RATIS ONE PipelineID=34f36651-33af-4f00-b826-5d33229133d1.
2023-01-08 22:30:49,326 [Listener at 127.0.0.1/33975] INFO  ozone.MiniOzoneClusterImpl (MiniOzoneClusterImpl.java:lambda$waitForClusterToBeReady$0(217)) - Nodes are ready. Got 7 of 7 DN Heartbeats.
2023-01-08 22:30:49,326 [Listener at 127.0.0.1/33975] INFO  ozone.MiniOzoneClusterImpl (MiniOzoneClusterImpl.java:lambda$waitForClusterToBeReady$0(220)) - Waiting for cluster to exit safe mode
2023-01-08 22:30:49,326 [Listener at 127.0.0.1/33975] INFO  ozone.MiniOzoneClusterImpl (MiniOzoneClusterImpl.java:lambda$waitForClusterToBeReady$0(222)) - SCM became leader
2023-01-08 22:30:50,327 [Listener at 127.0.0.1/33975] INFO  ozone.MiniOzoneClusterImpl (MiniOzoneClusterImpl.java:lambda$waitForClusterToBeReady$0(217)) - Nodes are ready. Got 7 of 7 DN Heartbeats.
2023-01-08 22:30:50,327 [Listener at 127.0.0.1/33975] INFO  ozone.MiniOzoneClusterImpl (MiniOzoneClusterImpl.java:lambda$waitForClusterToBeReady$0(220)) - Waiting for cluster to exit safe mode
2023-01-08 22:30:50,327 [Listener at 127.0.0.1/33975] INFO  ozone.MiniOzoneClusterImpl (MiniOzoneClusterImpl.java:lambda$waitForClusterToBeReady$0(222)) - SCM became leader
2023-01-08 22:30:51,072 [706a9b8c-4318-427e-9be3-8b37c9b0924f@group-F189E82036D4-FollowerState] INFO  impl.FollowerState (FollowerState.java:run(143)) - 706a9b8c-4318-427e-9be3-8b37c9b0924f@group-F189E82036D4-FollowerState: change to CANDIDATE, lastRpcElapsedTime:5062426840ns, electionTimeout:5048ms
2023-01-08 22:30:51,073 [706a9b8c-4318-427e-9be3-8b37c9b0924f@group-F189E82036D4-FollowerState] INFO  impl.RoleInfo (RoleInfo.java:shutdownFollowerState(110)) - 706a9b8c-4318-427e-9be3-8b37c9b0924f: shutdown 706a9b8c-4318-427e-9be3-8b37c9b0924f@group-F189E82036D4-FollowerState
2023-01-08 22:30:51,073 [706a9b8c-4318-427e-9be3-8b37c9b0924f@group-F189E82036D4-FollowerState] INFO  server.RaftServer$Division (RaftServerImpl.java:setRole(321)) - 706a9b8c-4318-427e-9be3-8b37c9b0924f@group-F189E82036D4: changes role from  FOLLOWER to CANDIDATE at term 0 for changeToCandidate
2023-01-08 22:30:51,074 [706a9b8c-4318-427e-9be3-8b37c9b0924f@group-F189E82036D4-FollowerState] INFO  server.RaftServerConfigKeys (ConfUtils.java:logGet(46)) - raft.server.leaderelection.pre-vote = false (custom)
2023-01-08 22:30:51,074 [706a9b8c-4318-427e-9be3-8b37c9b0924f@group-F189E82036D4-FollowerState] INFO  impl.RoleInfo (RoleInfo.java:updateAndGet(139)) - 706a9b8c-4318-427e-9be3-8b37c9b0924f: start 706a9b8c-4318-427e-9be3-8b37c9b0924f@group-F189E82036D4-LeaderElection2
2023-01-08 22:30:51,081 [706a9b8c-4318-427e-9be3-8b37c9b0924f@group-F189E82036D4-LeaderElection2] INFO  impl.LeaderElection (LeaderElection.java:askForVotes(312)) - 706a9b8c-4318-427e-9be3-8b37c9b0924f@group-F189E82036D4-LeaderElection2 ELECTION round 0: submit vote requests at term 1 for -1: peers:[706a9b8c-4318-427e-9be3-8b37c9b0924f|rpc:10.1.0.12:45297|dataStream:10.1.0.12:44379|priority:1|startupRole:FOLLOWER]|listeners:[], old=null
2023-01-08 22:30:51,082 [706a9b8c-4318-427e-9be3-8b37c9b0924f@group-F189E82036D4-LeaderElection2] INFO  impl.LeaderElection (LeaderElection.java:askForVotes(314)) - 706a9b8c-4318-427e-9be3-8b37c9b0924f@group-F189E82036D4-LeaderElection2 ELECTION round 0: result PASSED (term=1)
2023-01-08 22:30:51,082 [706a9b8c-4318-427e-9be3-8b37c9b0924f@group-F189E82036D4-LeaderElection2] INFO  impl.RoleInfo (RoleInfo.java:shutdownLeaderElection(130)) - 706a9b8c-4318-427e-9be3-8b37c9b0924f: shutdown 706a9b8c-4318-427e-9be3-8b37c9b0924f@group-F189E82036D4-LeaderElection2
2023-01-08 22:30:51,082 [706a9b8c-4318-427e-9be3-8b37c9b0924f@group-F189E82036D4-LeaderElection2] INFO  server.RaftServer$Division (RaftServerImpl.java:setRole(321)) - 706a9b8c-4318-427e-9be3-8b37c9b0924f@group-F189E82036D4: changes role from CANDIDATE to LEADER at term 1 for changeToLeader
2023-01-08 22:30:51,082 [706a9b8c-4318-427e-9be3-8b37c9b0924f@group-F189E82036D4-LeaderElection2] INFO  ratis.XceiverServerRatis (XceiverServerRatis.java:handleLeaderChangedNotification(904)) - Leader change notification received for group: group-F189E82036D4 with new leaderId: 706a9b8c-4318-427e-9be3-8b37c9b0924f
2023-01-08 22:30:51,082 [706a9b8c-4318-427e-9be3-8b37c9b0924f@group-F189E82036D4-LeaderElection2] INFO  server.RaftServer$Division (ServerState.java:setLeader(313)) - 706a9b8c-4318-427e-9be3-8b37c9b0924f@group-F189E82036D4: change Leader from null to 706a9b8c-4318-427e-9be3-8b37c9b0924f at term 1 for becomeLeader, leader elected after 5110ms
2023-01-08 22:30:51,082 [706a9b8c-4318-427e-9be3-8b37c9b0924f@group-F189E82036D4-LeaderElection2] INFO  server.RaftServerConfigKeys (ConfUtils.java:logGet(46)) - raft.server.staging.catchup.gap = 1000 (default)
2023-01-08 22:30:51,083 [706a9b8c-4318-427e-9be3-8b37c9b0924f@group-F189E82036D4-LeaderElection2] INFO  server.RaftServerConfigKeys (ConfUtils.java:logGet(46)) - raft.server.write.element-limit = 1024 (custom)
2023-01-08 22:30:51,083 [706a9b8c-4318-427e-9be3-8b37c9b0924f@group-F189E82036D4-LeaderElection2] INFO  server.RaftServerConfigKeys (ConfUtils.java:logGet(46)) - raft.server.write.byte-limit = 1024 M (=1073741824) (custom)
2023-01-08 22:30:51,083 [706a9b8c-4318-427e-9be3-8b37c9b0924f@group-F189E82036D4-LeaderElection2] INFO  server.RaftServerConfigKeys (ConfUtils.java:logGet(46)) - raft.server.watch.timeout = 180s (custom)
2023-01-08 22:30:51,083 [706a9b8c-4318-427e-9be3-8b37c9b0924f@group-F189E82036D4-LeaderElection2] INFO  server.RaftServerConfigKeys (ConfUtils.java:logGet(46)) - raft.server.watch.timeout.denomination = 1s (default)
2023-01-08 22:30:51,083 [706a9b8c-4318-427e-9be3-8b37c9b0924f@group-F189E82036D4-LeaderElection2] INFO  server.RaftServerConfigKeys (ConfUtils.java:logGet(46)) - raft.server.watch.element-limit = 65536 (default)
2023-01-08 22:30:51,083 [706a9b8c-4318-427e-9be3-8b37c9b0924f@group-F189E82036D4-LeaderElection2] INFO  server.RaftServerConfigKeys (ConfUtils.java:logGet(46)) - raft.server.write.element-limit = 1024 (custom)
2023-01-08 22:30:51,083 [706a9b8c-4318-427e-9be3-8b37c9b0924f@group-F189E82036D4-LeaderElection2] INFO  server.RaftServerConfigKeys (ConfUtils.java:logGet(46)) - raft.server.write.follower.gap.ratio.max = -1.0 (default)
2023-01-08 22:30:51,084 [EventQueue-OpenPipelineForHealthyPipelineSafeModeRule] INFO  safemode.SCMSafeModeManager (HealthyPipelineSafeModeRule.java:process(137)) - SCM in safe mode. Healthy pipelines reported count is 0, required healthy pipeline reported count is 1
2023-01-08 22:30:51,084 [706a9b8c-4318-427e-9be3-8b37c9b0924f@group-F189E82036D4-LeaderElection2] INFO  impl.RoleInfo (RoleInfo.java:updateAndGet(139)) - 706a9b8c-4318-427e-9be3-8b37c9b0924f: start 706a9b8c-4318-427e-9be3-8b37c9b0924f@group-F189E82036D4-LeaderStateImpl
2023-01-08 22:30:51,085 [706a9b8c-4318-427e-9be3-8b37c9b0924f@group-F189E82036D4-LeaderElection2] INFO  segmented.SegmentedRaftLogWorker (SegmentedRaftLogWorker.java:startLogSegment(452)) - 706a9b8c-4318-427e-9be3-8b37c9b0924f@group-F189E82036D4-SegmentedRaftLogWorker: Starting segment from index:0
2023-01-08 22:30:51,091 [706a9b8c-4318-427e-9be3-8b37c9b0924f@group-F189E82036D4-LeaderElection2] INFO  server.RaftServer$Division (ServerState.java:setRaftConf(430)) - 706a9b8c-4318-427e-9be3-8b37c9b0924f@group-F189E82036D4: set configuration 0: peers:[706a9b8c-4318-427e-9be3-8b37c9b0924f|rpc:10.1.0.12:45297|dataStream:10.1.0.12:44379|priority:1|startupRole:FOLLOWER]|listeners:[], old=null
2023-01-08 22:30:51,092 [706a9b8c-4318-427e-9be3-8b37c9b0924f@group-F189E82036D4-SegmentedRaftLogWorker] INFO  segmented.SegmentedRaftLogWorker (SegmentedRaftLogWorker.java:execute(656)) - 706a9b8c-4318-427e-9be3-8b37c9b0924f@group-F189E82036D4-SegmentedRaftLogWorker: created new log segment /home/runner/work/ozone/ozone/hadoop-ozone/integration-test/target/test-dir/MiniOzoneClusterImpl-3463507a-8a94-4be2-9691-6a94fb394e4a/datanode-0/data/ratis/b92f29c7-763c-4b50-a758-f189e82036d4/current/log_inprogress_0
2023-01-08 22:30:51,100 [706a9b8c-4318-427e-9be3-8b37c9b0924f@group-4942502C2288-FollowerState] INFO  impl.FollowerState (FollowerState.java:run(143)) - 706a9b8c-4318-427e-9be3-8b37c9b0924f@group-4942502C2288-FollowerState: change to CANDIDATE, lastRpcElapsedTime:5022176916ns, electionTimeout:5011ms
2023-01-08 22:30:51,101 [706a9b8c-4318-427e-9be3-8b37c9b0924f@group-4942502C2288-FollowerState] INFO  impl.RoleInfo (RoleInfo.java:shutdownFollowerState(110)) - 706a9b8c-4318-427e-9be3-8b37c9b0924f: shutdown 706a9b8c-4318-427e-9be3-8b37c9b0924f@group-4942502C2288-FollowerState
2023-01-08 22:30:51,101 [706a9b8c-4318-427e-9be3-8b37c9b0924f@group-4942502C2288-FollowerState] INFO  server.RaftServer$Division (RaftServerImpl.java:setRole(321)) - 706a9b8c-4318-427e-9be3-8b37c9b0924f@group-4942502C2288: changes role from  FOLLOWER to CANDIDATE at term 0 for changeToCandidate
2023-01-08 22:30:51,102 [706a9b8c-4318-427e-9be3-8b37c9b0924f@group-4942502C2288-FollowerState] INFO  server.RaftServerConfigKeys (ConfUtils.java:logGet(46)) - raft.server.leaderelection.pre-vote = false (custom)
2023-01-08 22:30:51,102 [706a9b8c-4318-427e-9be3-8b37c9b0924f@group-4942502C2288-FollowerState] INFO  impl.RoleInfo (RoleInfo.java:updateAndGet(139)) - 706a9b8c-4318-427e-9be3-8b37c9b0924f: start 706a9b8c-4318-427e-9be3-8b37c9b0924f@group-4942502C2288-LeaderElection3
2023-01-08 22:30:51,108 [706a9b8c-4318-427e-9be3-8b37c9b0924f@group-4942502C2288-LeaderElection3] INFO  impl.LeaderElection (LeaderElection.java:askForVotes(312)) - 706a9b8c-4318-427e-9be3-8b37c9b0924f@group-4942502C2288-LeaderElection3 ELECTION round 0: submit vote requests at term 1 for -1: peers:[1ea1b0cd-ced3-45e8-8c40-55289e6aecfb|rpc:10.1.0.12:40525|dataStream:10.1.0.12:40569|priority:0|startupRole:FOLLOWER, a5f0a7e4-4f3a-4f10-aa1a-af4297eff32d|rpc:10.1.0.12:33221|dataStream:10.1.0.12:37417|priority:1|startupRole:FOLLOWER, 706a9b8c-4318-427e-9be3-8b37c9b0924f|rpc:10.1.0.12:45297|dataStream:10.1.0.12:44379|priority:0|startupRole:FOLLOWER]|listeners:[], old=null
2023-01-08 22:30:51,114 [706a9b8c-4318-427e-9be3-8b37c9b0924f@group-4942502C2288-LeaderElection3] INFO  server.RaftServerConfigKeys (ConfUtils.java:logFallback(53)) - raft.server.rpc.first-election.timeout.min = 5s (fallback to raft.server.rpc.timeout.min)
2023-01-08 22:30:51,114 [706a9b8c-4318-427e-9be3-8b37c9b0924f@group-4942502C2288-LeaderElection3] INFO  server.RaftServerConfigKeys (ConfUtils.java:logFallback(53)) - raft.server.rpc.first-election.timeout.max = 5200ms (fallback to raft.server.rpc.timeout.max)
2023-01-08 22:30:51,114 [706a9b8c-4318-427e-9be3-8b37c9b0924f@group-4942502C2288-LeaderElection3-1] INFO  server.GrpcServerProtocolClient (GrpcServerProtocolClient.java:<init>(63)) - Build channel for 1ea1b0cd-ced3-45e8-8c40-55289e6aecfb
2023-01-08 22:30:51,116 [706a9b8c-4318-427e-9be3-8b37c9b0924f@group-4942502C2288-LeaderElection3-2] INFO  server.GrpcServerProtocolClient (GrpcServerProtocolClient.java:<init>(63)) - Build channel for a5f0a7e4-4f3a-4f10-aa1a-af4297eff32d
2023-01-08 22:30:51,148 [grpc-default-executor-0] INFO  server.RaftServer$Division (RaftServerImpl.java:requestVote(1218)) - a5f0a7e4-4f3a-4f10-aa1a-af4297eff32d@group-4942502C2288: receive requestVote(ELECTION, 706a9b8c-4318-427e-9be3-8b37c9b0924f, group-4942502C2288, 1, (t:0, i:0))
2023-01-08 22:30:51,149 [grpc-default-executor-1] INFO  server.RaftServer$Division (RaftServerImpl.java:requestVote(1218)) - 1ea1b0cd-ced3-45e8-8c40-55289e6aecfb@group-4942502C2288: receive requestVote(ELECTION, 706a9b8c-4318-427e-9be3-8b37c9b0924f, group-4942502C2288, 1, (t:0, i:0))
2023-01-08 22:30:51,151 [grpc-default-executor-1] INFO  impl.VoteContext (VoteContext.java:log(49)) - 1ea1b0cd-ced3-45e8-8c40-55289e6aecfb@group-4942502C2288-FOLLOWER: accept ELECTION from 706a9b8c-4318-427e-9be3-8b37c9b0924f: our priority 0 <= candidate's priority 0
2023-01-08 22:30:51,151 [grpc-default-executor-1] INFO  server.RaftServer$Division (RaftServerImpl.java:setRole(321)) - 1ea1b0cd-ced3-45e8-8c40-55289e6aecfb@group-4942502C2288: changes role from  FOLLOWER to FOLLOWER at term 1 for candidate:706a9b8c-4318-427e-9be3-8b37c9b0924f
2023-01-08 22:30:51,152 [grpc-default-executor-1] INFO  impl.RoleInfo (RoleInfo.java:shutdownFollowerState(110)) - 1ea1b0cd-ced3-45e8-8c40-55289e6aecfb: shutdown 1ea1b0cd-ced3-45e8-8c40-55289e6aecfb@group-4942502C2288-FollowerState
2023-01-08 22:30:51,152 [1ea1b0cd-ced3-45e8-8c40-55289e6aecfb@group-4942502C2288-FollowerState] INFO  impl.FollowerState (FollowerState.java:run(152)) - 1ea1b0cd-ced3-45e8-8c40-55289e6aecfb@group-4942502C2288-FollowerState was interrupted
2023-01-08 22:30:51,152 [grpc-default-executor-1] INFO  impl.RoleInfo (RoleInfo.java:updateAndGet(139)) - 1ea1b0cd-ced3-45e8-8c40-55289e6aecfb: start 1ea1b0cd-ced3-45e8-8c40-55289e6aecfb@group-4942502C2288-FollowerState
2023-01-08 22:30:51,152 [grpc-default-executor-0] INFO  impl.VoteContext (VoteContext.java:log(49)) - a5f0a7e4-4f3a-4f10-aa1a-af4297eff32d@group-4942502C2288-FOLLOWER: reject ELECTION from 706a9b8c-4318-427e-9be3-8b37c9b0924f: our priority 1 > candidate's priority 0
2023-01-08 22:30:51,153 [grpc-default-executor-0] INFO  server.RaftServer$Division (RaftServerImpl.java:setRole(321)) - a5f0a7e4-4f3a-4f10-aa1a-af4297eff32d@group-4942502C2288: changes role from  FOLLOWER to FOLLOWER at term 1 for candidate:706a9b8c-4318-427e-9be3-8b37c9b0924f
2023-01-08 22:30:51,153 [grpc-default-executor-0] INFO  impl.RoleInfo (RoleInfo.java:shutdownFollowerState(110)) - a5f0a7e4-4f3a-4f10-aa1a-af4297eff32d: shutdown a5f0a7e4-4f3a-4f10-aa1a-af4297eff32d@group-4942502C2288-FollowerState
2023-01-08 22:30:51,158 [a5f0a7e4-4f3a-4f10-aa1a-af4297eff32d@group-4942502C2288-FollowerState] INFO  impl.FollowerState (FollowerState.java:run(152)) - a5f0a7e4-4f3a-4f10-aa1a-af4297eff32d@group-4942502C2288-FollowerState was interrupted
2023-01-08 22:30:51,158 [1ea1b0cd-ced3-45e8-8c40-55289e6aecfb@group-4942502C2288-FollowerState] INFO  server.RaftServerConfigKeys (ConfUtils.java:logFallback(53)) - raft.server.rpc.first-election.timeout.min = 5s (fallback to raft.server.rpc.timeout.min)
2023-01-08 22:30:51,158 [1ea1b0cd-ced3-45e8-8c40-55289e6aecfb@group-4942502C2288-FollowerState] INFO  server.RaftServerConfigKeys (ConfUtils.java:logFallback(53)) - raft.server.rpc.first-election.timeout.max = 5200ms (fallback to raft.server.rpc.timeout.max)
2023-01-08 22:30:51,162 [grpc-default-executor-1] INFO  server.RaftServer$Division (RaftServerImpl.java:requestVote(1251)) - 1ea1b0cd-ced3-45e8-8c40-55289e6aecfb@group-4942502C2288 replies to ELECTION vote request: 706a9b8c-4318-427e-9be3-8b37c9b0924f<-1ea1b0cd-ced3-45e8-8c40-55289e6aecfb#0:OK-t1. Peer's state: 1ea1b0cd-ced3-45e8-8c40-55289e6aecfb@group-4942502C2288:t1, leader=null, voted=706a9b8c-4318-427e-9be3-8b37c9b0924f, raftlog=Memoized:1ea1b0cd-ced3-45e8-8c40-55289e6aecfb@group-4942502C2288-SegmentedRaftLog:OPENED:c-1, conf=-1: peers:[1ea1b0cd-ced3-45e8-8c40-55289e6aecfb|rpc:10.1.0.12:40525|dataStream:10.1.0.12:40569|priority:0|startupRole:FOLLOWER, a5f0a7e4-4f3a-4f10-aa1a-af4297eff32d|rpc:10.1.0.12:33221|dataStream:10.1.0.12:37417|priority:1|startupRole:FOLLOWER, 706a9b8c-4318-427e-9be3-8b37c9b0924f|rpc:10.1.0.12:45297|dataStream:10.1.0.12:44379|priority:0|startupRole:FOLLOWER]|listeners:[], old=null
2023-01-08 22:30:51,165 [grpc-default-executor-0] INFO  impl.RoleInfo (RoleInfo.java:updateAndGet(139)) - a5f0a7e4-4f3a-4f10-aa1a-af4297eff32d: start a5f0a7e4-4f3a-4f10-aa1a-af4297eff32d@group-4942502C2288-FollowerState
2023-01-08 22:30:51,174 [a5f0a7e4-4f3a-4f10-aa1a-af4297eff32d@group-4942502C2288-FollowerState] INFO  server.RaftServerConfigKeys (ConfUtils.java:logFallback(53)) - raft.server.rpc.first-election.timeout.min = 5s (fallback to raft.server.rpc.timeout.min)
2023-01-08 22:30:51,174 [grpc-default-executor-0] INFO  server.RaftServer$Division (RaftServerImpl.java:requestVote(1251)) - a5f0a7e4-4f3a-4f10-aa1a-af4297eff32d@group-4942502C2288 replies to ELECTION vote request: 706a9b8c-4318-427e-9be3-8b37c9b0924f<-a5f0a7e4-4f3a-4f10-aa1a-af4297eff32d#0:FAIL-t1. Peer's state: a5f0a7e4-4f3a-4f10-aa1a-af4297eff32d@group-4942502C2288:t1, leader=null, voted=null, raftlog=Memoized:a5f0a7e4-4f3a-4f10-aa1a-af4297eff32d@group-4942502C2288-SegmentedRaftLog:OPENED:c-1, conf=-1: peers:[1ea1b0cd-ced3-45e8-8c40-55289e6aecfb|rpc:10.1.0.12:40525|dataStream:10.1.0.12:40569|priority:0|startupRole:FOLLOWER, a5f0a7e4-4f3a-4f10-aa1a-af4297eff32d|rpc:10.1.0.12:33221|dataStream:10.1.0.12:37417|priority:1|startupRole:FOLLOWER, 706a9b8c-4318-427e-9be3-8b37c9b0924f|rpc:10.1.0.12:45297|dataStream:10.1.0.12:44379|priority:0|startupRole:FOLLOWER]|listeners:[], old=null
2023-01-08 22:30:51,179 [a5f0a7e4-4f3a-4f10-aa1a-af4297eff32d@group-4942502C2288-FollowerState] INFO  server.RaftServerConfigKeys (ConfUtils.java:logFallback(53)) - raft.server.rpc.first-election.timeout.max = 5200ms (fallback to raft.server.rpc.timeout.max)
2023-01-08 22:30:51,182 [706a9b8c-4318-427e-9be3-8b37c9b0924f@group-4942502C2288-LeaderElection3] INFO  impl.LeaderElection (LeaderElection.java:logAndReturn(90)) - 706a9b8c-4318-427e-9be3-8b37c9b0924f@group-4942502C2288-LeaderElection3: ELECTION REJECTED received 2 response(s) and 0 exception(s):
2023-01-08 22:30:51,182 [706a9b8c-4318-427e-9be3-8b37c9b0924f@group-4942502C2288-LeaderElection3] INFO  impl.LeaderElection (LeaderElection.java:logAndReturn(94)) -   Response 0: 706a9b8c-4318-427e-9be3-8b37c9b0924f<-1ea1b0cd-ced3-45e8-8c40-55289e6aecfb#0:OK-t1
2023-01-08 22:30:51,182 [706a9b8c-4318-427e-9be3-8b37c9b0924f@group-4942502C2288-LeaderElection3] INFO  impl.LeaderElection (LeaderElection.java:logAndReturn(94)) -   Response 1: 706a9b8c-4318-427e-9be3-8b37c9b0924f<-a5f0a7e4-4f3a-4f10-aa1a-af4297eff32d#0:FAIL-t1
2023-01-08 22:30:51,182 [706a9b8c-4318-427e-9be3-8b37c9b0924f@group-4942502C2288-LeaderElection3] INFO  impl.LeaderElection (LeaderElection.java:askForVotes(314)) - 706a9b8c-4318-427e-9be3-8b37c9b0924f@group-4942502C2288-LeaderElection3 ELECTION round 0: result REJECTED
2023-01-08 22:30:51,182 [706a9b8c-4318-427e-9be3-8b37c9b0924f@group-4942502C2288-LeaderElection3] INFO  server.RaftServer$Division (RaftServerImpl.java:setRole(321)) - 706a9b8c-4318-427e-9be3-8b37c9b0924f@group-4942502C2288: changes role from CANDIDATE to FOLLOWER at term 1 for REJECTED
2023-01-08 22:30:51,186 [706a9b8c-4318-427e-9be3-8b37c9b0924f@group-4942502C2288-LeaderElection3] INFO  impl.RoleInfo (RoleInfo.java:shutdownLeaderElection(130)) - 706a9b8c-4318-427e-9be3-8b37c9b0924f: shutdown 706a9b8c-4318-427e-9be3-8b37c9b0924f@group-4942502C2288-LeaderElection3
2023-01-08 22:30:51,186 [706a9b8c-4318-427e-9be3-8b37c9b0924f@group-4942502C2288-LeaderElection3] INFO  impl.RoleInfo (RoleInfo.java:updateAndGet(139)) - 706a9b8c-4318-427e-9be3-8b37c9b0924f: start 706a9b8c-4318-427e-9be3-8b37c9b0924f@group-4942502C2288-FollowerState
2023-01-08 22:30:51,189 [706a9b8c-4318-427e-9be3-8b37c9b0924f@group-4942502C2288-FollowerState] INFO  server.RaftServerConfigKeys (ConfUtils.java:logFallback(53)) - raft.server.rpc.first-election.timeout.min = 5s (fallback to raft.server.rpc.timeout.min)
2023-01-08 22:30:51,189 [706a9b8c-4318-427e-9be3-8b37c9b0924f@group-4942502C2288-FollowerState] INFO  server.RaftServerConfigKeys (ConfUtils.java:logFallback(53)) - raft.server.rpc.first-election.timeout.max = 5200ms (fallback to raft.server.rpc.timeout.max)
2023-01-08 22:30:51,327 [Listener at 127.0.0.1/33975] INFO  ozone.MiniOzoneClusterImpl (MiniOzoneClusterImpl.java:lambda$waitForClusterToBeReady$0(217)) - Nodes are ready. Got 7 of 7 DN Heartbeats.
2023-01-08 22:30:51,327 [Listener at 127.0.0.1/33975] INFO  ozone.MiniOzoneClusterImpl (MiniOzoneClusterImpl.java:lambda$waitForClusterToBeReady$0(220)) - Waiting for cluster to exit safe mode
2023-01-08 22:30:51,328 [Listener at 127.0.0.1/33975] INFO  ozone.MiniOzoneClusterImpl (MiniOzoneClusterImpl.java:lambda$waitForClusterToBeReady$0(222)) - SCM became leader
2023-01-08 22:30:51,509 [a5f0a7e4-4f3a-4f10-aa1a-af4297eff32d@group-C5FF8D29B941-FollowerState] INFO  impl.FollowerState (FollowerState.java:run(143)) - a5f0a7e4-4f3a-4f10-aa1a-af4297eff32d@group-C5FF8D29B941-FollowerState: change to CANDIDATE, lastRpcElapsedTime:5040048590ns, electionTimeout:5034ms
2023-01-08 22:30:51,509 [a5f0a7e4-4f3a-4f10-aa1a-af4297eff32d@group-C5FF8D29B941-FollowerState] INFO  impl.RoleInfo (RoleInfo.java:shutdownFollowerState(110)) - a5f0a7e4-4f3a-4f10-aa1a-af4297eff32d: shutdown a5f0a7e4-4f3a-4f10-aa1a-af4297eff32d@group-C5FF8D29B941-FollowerState
2023-01-08 22:30:51,509 [a5f0a7e4-4f3a-4f10-aa1a-af4297eff32d@group-C5FF8D29B941-FollowerState] INFO  server.RaftServer$Division (RaftServerImpl.java:setRole(321)) - a5f0a7e4-4f3a-4f10-aa1a-af4297eff32d@group-C5FF8D29B941: changes role from  FOLLOWER to CANDIDATE at term 0 for changeToCandidate
2023-01-08 22:30:51,511 [a5f0a7e4-4f3a-4f10-aa1a-af4297eff32d@group-C5FF8D29B941-FollowerState] INFO  server.RaftServerConfigKeys (ConfUtils.java:logGet(46)) - raft.server.leaderelection.pre-vote = false (custom)
2023-01-08 22:30:51,511 [a5f0a7e4-4f3a-4f10-aa1a-af4297eff32d@group-C5FF8D29B941-FollowerState] INFO  impl.RoleInfo (RoleInfo.java:updateAndGet(139)) - a5f0a7e4-4f3a-4f10-aa1a-af4297eff32d: start a5f0a7e4-4f3a-4f10-aa1a-af4297eff32d@group-C5FF8D29B941-LeaderElection4
2023-01-08 22:30:51,514 [a5f0a7e4-4f3a-4f10-aa1a-af4297eff32d@group-C5FF8D29B941-LeaderElection4] INFO  impl.LeaderElection (LeaderElection.java:askForVotes(312)) - a5f0a7e4-4f3a-4f10-aa1a-af4297eff32d@group-C5FF8D29B941-LeaderElection4 ELECTION round 0: submit vote requests at term 1 for -1: peers:[a5f0a7e4-4f3a-4f10-aa1a-af4297eff32d|rpc:10.1.0.12:33221|dataStream:10.1.0.12:37417|priority:1|startupRole:FOLLOWER]|listeners:[], old=null
2023-01-08 22:30:51,514 [a5f0a7e4-4f3a-4f10-aa1a-af4297eff32d@group-C5FF8D29B941-LeaderElection4] INFO  impl.LeaderElection (LeaderElection.java:askForVotes(314)) - a5f0a7e4-4f3a-4f10-aa1a-af4297eff32d@group-C5FF8D29B941-LeaderElection4 ELECTION round 0: result PASSED (term=1)
2023-01-08 22:30:51,514 [a5f0a7e4-4f3a-4f10-aa1a-af4297eff32d@group-C5FF8D29B941-LeaderElection4] INFO  impl.RoleInfo (RoleInfo.java:shutdownLeaderElection(130)) - a5f0a7e4-4f3a-4f10-aa1a-af4297eff32d: shutdown a5f0a7e4-4f3a-4f10-aa1a-af4297eff32d@group-C5FF8D29B941-LeaderElection4
2023-01-08 22:30:51,514 [a5f0a7e4-4f3a-4f10-aa1a-af4297eff32d@group-C5FF8D29B941-LeaderElection4] INFO  server.RaftServer$Division (RaftServerImpl.java:setRole(321)) - a5f0a7e4-4f3a-4f10-aa1a-af4297eff32d@group-C5FF8D29B941: changes role from CANDIDATE to LEADER at term 1 for changeToLeader
2023-01-08 22:30:51,515 [a5f0a7e4-4f3a-4f10-aa1a-af4297eff32d@group-C5FF8D29B941-LeaderElection4] INFO  ratis.XceiverServerRatis (XceiverServerRatis.java:handleLeaderChangedNotification(904)) - Leader change notification received for group: group-C5FF8D29B941 with new leaderId: a5f0a7e4-4f3a-4f10-aa1a-af4297eff32d
2023-01-08 22:30:51,515 [a5f0a7e4-4f3a-4f10-aa1a-af4297eff32d@group-C5FF8D29B941-LeaderElection4] INFO  server.RaftServer$Division (ServerState.java:setLeader(313)) - a5f0a7e4-4f3a-4f10-aa1a-af4297eff32d@group-C5FF8D29B941: change Leader from null to a5f0a7e4-4f3a-4f10-aa1a-af4297eff32d at term 1 for becomeLeader, leader elected after 5083ms
2023-01-08 22:30:51,515 [a5f0a7e4-4f3a-4f10-aa1a-af4297eff32d@group-C5FF8D29B941-LeaderElection4] INFO  server.RaftServerConfigKeys (ConfUtils.java:logGet(46)) - raft.server.staging.catchup.gap = 1000 (default)
2023-01-08 22:30:51,515 [a5f0a7e4-4f3a-4f10-aa1a-af4297eff32d@group-C5FF8D29B941-LeaderElection4] INFO  server.RaftServerConfigKeys (ConfUtils.java:logGet(46)) - raft.server.write.element-limit = 1024 (custom)
2023-01-08 22:30:51,515 [a5f0a7e4-4f3a-4f10-aa1a-af4297eff32d@group-C5FF8D29B941-LeaderElection4] INFO  server.RaftServerConfigKeys (ConfUtils.java:logGet(46)) - raft.server.write.byte-limit = 1024 M (=1073741824) (custom)
2023-01-08 22:30:51,516 [a5f0a7e4-4f3a-4f10-aa1a-af4297eff32d@group-C5FF8D29B941-LeaderElection4] INFO  server.RaftServerConfigKeys (ConfUtils.java:logGet(46)) - raft.server.watch.timeout = 180s (custom)
2023-01-08 22:30:51,516 [a5f0a7e4-4f3a-4f10-aa1a-af4297eff32d@group-C5FF8D29B941-LeaderElection4] INFO  server.RaftServerConfigKeys (ConfUtils.java:logGet(46)) - raft.server.watch.timeout.denomination = 1s (default)
2023-01-08 22:30:51,516 [a5f0a7e4-4f3a-4f10-aa1a-af4297eff32d@group-C5FF8D29B941-LeaderElection4] INFO  server.RaftServerConfigKeys (ConfUtils.java:logGet(46)) - raft.server.watch.element-limit = 65536 (default)
2023-01-08 22:30:51,516 [a5f0a7e4-4f3a-4f10-aa1a-af4297eff32d@group-C5FF8D29B941-LeaderElection4] INFO  server.RaftServerConfigKeys (ConfUtils.java:logGet(46)) - raft.server.write.element-limit = 1024 (custom)
2023-01-08 22:30:51,516 [a5f0a7e4-4f3a-4f10-aa1a-af4297eff32d@group-C5FF8D29B941-LeaderElection4] INFO  server.RaftServerConfigKeys (ConfUtils.java:logGet(46)) - raft.server.write.follower.gap.ratio.max = -1.0 (default)
2023-01-08 22:30:51,517 [a5f0a7e4-4f3a-4f10-aa1a-af4297eff32d@group-C5FF8D29B941-LeaderElection4] INFO  impl.RoleInfo (RoleInfo.java:updateAndGet(139)) - a5f0a7e4-4f3a-4f10-aa1a-af4297eff32d: start a5f0a7e4-4f3a-4f10-aa1a-af4297eff32d@group-C5FF8D29B941-LeaderStateImpl
2023-01-08 22:30:51,518 [EventQueue-OpenPipelineForHealthyPipelineSafeModeRule] INFO  safemode.SCMSafeModeManager (HealthyPipelineSafeModeRule.java:process(137)) - SCM in safe mode. Healthy pipelines reported count is 0, required healthy pipeline reported count is 1
2023-01-08 22:30:51,518 [a5f0a7e4-4f3a-4f10-aa1a-af4297eff32d@group-C5FF8D29B941-LeaderElection4] INFO  segmented.SegmentedRaftLogWorker (SegmentedRaftLogWorker.java:startLogSegment(452)) - a5f0a7e4-4f3a-4f10-aa1a-af4297eff32d@group-C5FF8D29B941-SegmentedRaftLogWorker: Starting segment from index:0
2023-01-08 22:30:51,519 [a5f0a7e4-4f3a-4f10-aa1a-af4297eff32d@group-C5FF8D29B941-SegmentedRaftLogWorker] INFO  segmented.SegmentedRaftLogWorker (SegmentedRaftLogWorker.java:execute(656)) - a5f0a7e4-4f3a-4f10-aa1a-af4297eff32d@group-C5FF8D29B941-SegmentedRaftLogWorker: created new log segment /home/runner/work/ozone/ozone/hadoop-ozone/integration-test/target/test-dir/MiniOzoneClusterImpl-3463507a-8a94-4be2-9691-6a94fb394e4a/datanode-1/data/ratis/2ef48131-7232-4c77-a5b1-c5ff8d29b941/current/log_inprogress_0
2023-01-08 22:30:51,521 [a5f0a7e4-4f3a-4f10-aa1a-af4297eff32d@group-C5FF8D29B941-LeaderElection4] INFO  server.RaftServer$Division (ServerState.java:setRaftConf(430)) - a5f0a7e4-4f3a-4f10-aa1a-af4297eff32d@group-C5FF8D29B941: set configuration 0: peers:[a5f0a7e4-4f3a-4f10-aa1a-af4297eff32d|rpc:10.1.0.12:33221|dataStream:10.1.0.12:37417|priority:1|startupRole:FOLLOWER]|listeners:[], old=null
2023-01-08 22:30:52,095 [1ea1b0cd-ced3-45e8-8c40-55289e6aecfb@group-5A52CB9248BA-FollowerState] INFO  impl.FollowerState (FollowerState.java:run(143)) - 1ea1b0cd-ced3-45e8-8c40-55289e6aecfb@group-5A52CB9248BA-FollowerState: change to CANDIDATE, lastRpcElapsedTime:5045910179ns, electionTimeout:5026ms
2023-01-08 22:30:52,095 [1ea1b0cd-ced3-45e8-8c40-55289e6aecfb@group-5A52CB9248BA-FollowerState] INFO  impl.RoleInfo (RoleInfo.java:shutdownFollowerState(110)) - 1ea1b0cd-ced3-45e8-8c40-55289e6aecfb: shutdown 1ea1b0cd-ced3-45e8-8c40-55289e6aecfb@group-5A52CB9248BA-FollowerState
2023-01-08 22:30:52,095 [1ea1b0cd-ced3-45e8-8c40-55289e6aecfb@group-5A52CB9248BA-FollowerState] INFO  server.RaftServer$Division (RaftServerImpl.java:setRole(321)) - 1ea1b0cd-ced3-45e8-8c40-55289e6aecfb@group-5A52CB9248BA: changes role from  FOLLOWER to CANDIDATE at term 0 for changeToCandidate
2023-01-08 22:30:52,097 [1ea1b0cd-ced3-45e8-8c40-55289e6aecfb@group-5A52CB9248BA-FollowerState] INFO  server.RaftServerConfigKeys (ConfUtils.java:logGet(46)) - raft.server.leaderelection.pre-vote = false (custom)
2023-01-08 22:30:52,097 [1ea1b0cd-ced3-45e8-8c40-55289e6aecfb@group-5A52CB9248BA-FollowerState] INFO  impl.RoleInfo (RoleInfo.java:updateAndGet(139)) - 1ea1b0cd-ced3-45e8-8c40-55289e6aecfb: start 1ea1b0cd-ced3-45e8-8c40-55289e6aecfb@group-5A52CB9248BA-LeaderElection5
2023-01-08 22:30:52,101 [1ea1b0cd-ced3-45e8-8c40-55289e6aecfb@group-5A52CB9248BA-LeaderElection5] INFO  impl.LeaderElection (LeaderElection.java:askForVotes(312)) - 1ea1b0cd-ced3-45e8-8c40-55289e6aecfb@group-5A52CB9248BA-LeaderElection5 ELECTION round 0: submit vote requests at term 1 for -1: peers:[a5f0a7e4-4f3a-4f10-aa1a-af4297eff32d|rpc:10.1.0.12:33221|dataStream:10.1.0.12:37417|priority:0|startupRole:FOLLOWER, 1ea1b0cd-ced3-45e8-8c40-55289e6aecfb|rpc:10.1.0.12:40525|dataStream:10.1.0.12:40569|priority:0|startupRole:FOLLOWER, 706a9b8c-4318-427e-9be3-8b37c9b0924f|rpc:10.1.0.12:45297|dataStream:10.1.0.12:44379|priority:1|startupRole:FOLLOWER]|listeners:[], old=null
2023-01-08 22:30:52,101 [1ea1b0cd-ced3-45e8-8c40-55289e6aecfb@group-5A52CB9248BA-LeaderElection5] INFO  server.RaftServerConfigKeys (ConfUtils.java:logFallback(53)) - raft.server.rpc.first-election.timeout.min = 5s (fallback to raft.server.rpc.timeout.min)
2023-01-08 22:30:52,101 [1ea1b0cd-ced3-45e8-8c40-55289e6aecfb@group-5A52CB9248BA-LeaderElection5] INFO  server.RaftServerConfigKeys (ConfUtils.java:logFallback(53)) - raft.server.rpc.first-election.timeout.max = 5200ms (fallback to raft.server.rpc.timeout.max)
2023-01-08 22:30:52,101 [1ea1b0cd-ced3-45e8-8c40-55289e6aecfb@group-5A52CB9248BA-LeaderElection5-2] INFO  server.GrpcServerProtocolClient (GrpcServerProtocolClient.java:<init>(63)) - Build channel for 706a9b8c-4318-427e-9be3-8b37c9b0924f
2023-01-08 22:30:52,102 [1ea1b0cd-ced3-45e8-8c40-55289e6aecfb@group-5A52CB9248BA-LeaderElection5-1] INFO  server.GrpcServerProtocolClient (GrpcServerProtocolClient.java:<init>(63)) - Build channel for a5f0a7e4-4f3a-4f10-aa1a-af4297eff32d
2023-01-08 22:30:52,114 [grpc-default-executor-0] INFO  server.RaftServer$Division (RaftServerImpl.java:requestVote(1218)) - 706a9b8c-4318-427e-9be3-8b37c9b0924f@group-5A52CB9248BA: receive requestVote(ELECTION, 1ea1b0cd-ced3-45e8-8c40-55289e6aecfb, group-5A52CB9248BA, 1, (t:0, i:0))
2023-01-08 22:30:52,114 [grpc-default-executor-0] INFO  impl.VoteContext (VoteContext.java:log(49)) - 706a9b8c-4318-427e-9be3-8b37c9b0924f@group-5A52CB9248BA-FOLLOWER: reject ELECTION from 1ea1b0cd-ced3-45e8-8c40-55289e6aecfb: our priority 1 > candidate's priority 0
2023-01-08 22:30:52,114 [grpc-default-executor-0] INFO  server.RaftServer$Division (RaftServerImpl.java:setRole(321)) - 706a9b8c-4318-427e-9be3-8b37c9b0924f@group-5A52CB9248BA: changes role from  FOLLOWER to FOLLOWER at term 1 for candidate:1ea1b0cd-ced3-45e8-8c40-55289e6aecfb
2023-01-08 22:30:52,114 [grpc-default-executor-0] INFO  impl.RoleInfo (RoleInfo.java:shutdownFollowerState(110)) - 706a9b8c-4318-427e-9be3-8b37c9b0924f: shutdown 706a9b8c-4318-427e-9be3-8b37c9b0924f@group-5A52CB9248BA-FollowerState
2023-01-08 22:30:52,114 [706a9b8c-4318-427e-9be3-8b37c9b0924f@group-5A52CB9248BA-FollowerState] INFO  impl.FollowerState (FollowerState.java:run(152)) - 706a9b8c-4318-427e-9be3-8b37c9b0924f@group-5A52CB9248BA-FollowerState was interrupted
2023-01-08 22:30:52,118 [grpc-default-executor-0] INFO  impl.RoleInfo (RoleInfo.java:updateAndGet(139)) - 706a9b8c-4318-427e-9be3-8b37c9b0924f: start 706a9b8c-4318-427e-9be3-8b37c9b0924f@group-5A52CB9248BA-FollowerState
2023-01-08 22:30:52,119 [706a9b8c-4318-427e-9be3-8b37c9b0924f@group-5A52CB9248BA-FollowerState] INFO  server.RaftServerConfigKeys (ConfUtils.java:logFallback(53)) - raft.server.rpc.first-election.timeout.min = 5s (fallback to raft.server.rpc.timeout.min)
2023-01-08 22:30:52,119 [706a9b8c-4318-427e-9be3-8b37c9b0924f@group-5A52CB9248BA-FollowerState] INFO  server.RaftServerConfigKeys (ConfUtils.java:logFallback(53)) - raft.server.rpc.first-election.timeout.max = 5200ms (fallback to raft.server.rpc.timeout.max)
2023-01-08 22:30:52,120 [grpc-default-executor-0] INFO  server.RaftServer$Division (RaftServerImpl.java:requestVote(1251)) - 706a9b8c-4318-427e-9be3-8b37c9b0924f@group-5A52CB9248BA replies to ELECTION vote request: 1ea1b0cd-ced3-45e8-8c40-55289e6aecfb<-706a9b8c-4318-427e-9be3-8b37c9b0924f#0:FAIL-t1. Peer's state: 706a9b8c-4318-427e-9be3-8b37c9b0924f@group-5A52CB9248BA:t1, leader=null, voted=null, raftlog=Memoized:706a9b8c-4318-427e-9be3-8b37c9b0924f@group-5A52CB9248BA-SegmentedRaftLog:OPENED:c-1, conf=-1: peers:[a5f0a7e4-4f3a-4f10-aa1a-af4297eff32d|rpc:10.1.0.12:33221|dataStream:10.1.0.12:37417|priority:0|startupRole:FOLLOWER, 1ea1b0cd-ced3-45e8-8c40-55289e6aecfb|rpc:10.1.0.12:40525|dataStream:10.1.0.12:40569|priority:0|startupRole:FOLLOWER, 706a9b8c-4318-427e-9be3-8b37c9b0924f|rpc:10.1.0.12:45297|dataStream:10.1.0.12:44379|priority:1|startupRole:FOLLOWER]|listeners:[], old=null
2023-01-08 22:30:52,124 [1ea1b0cd-ced3-45e8-8c40-55289e6aecfb@group-5A52CB9248BA-LeaderElection5] INFO  impl.LeaderElection (LeaderElection.java:logAndReturn(90)) - 1ea1b0cd-ced3-45e8-8c40-55289e6aecfb@group-5A52CB9248BA-LeaderElection5: ELECTION REJECTED received 1 response(s) and 0 exception(s):
2023-01-08 22:30:52,124 [1ea1b0cd-ced3-45e8-8c40-55289e6aecfb@group-5A52CB9248BA-LeaderElection5] INFO  impl.LeaderElection (LeaderElection.java:logAndReturn(94)) -   Response 0: 1ea1b0cd-ced3-45e8-8c40-55289e6aecfb<-706a9b8c-4318-427e-9be3-8b37c9b0924f#0:FAIL-t1
2023-01-08 22:30:52,125 [1ea1b0cd-ced3-45e8-8c40-55289e6aecfb@group-5A52CB9248BA-LeaderElection5] INFO  impl.LeaderElection (LeaderElection.java:askForVotes(314)) - 1ea1b0cd-ced3-45e8-8c40-55289e6aecfb@group-5A52CB9248BA-LeaderElection5 ELECTION round 0: result REJECTED
2023-01-08 22:30:52,125 [1ea1b0cd-ced3-45e8-8c40-55289e6aecfb@group-5A52CB9248BA-LeaderElection5] INFO  server.RaftServer$Division (RaftServerImpl.java:setRole(321)) - 1ea1b0cd-ced3-45e8-8c40-55289e6aecfb@group-5A52CB9248BA: changes role from CANDIDATE to FOLLOWER at term 1 for REJECTED
2023-01-08 22:30:52,125 [1ea1b0cd-ced3-45e8-8c40-55289e6aecfb@group-5A52CB9248BA-LeaderElection5] INFO  impl.RoleInfo (RoleInfo.java:shutdownLeaderElection(130)) - 1ea1b0cd-ced3-45e8-8c40-55289e6aecfb: shutdown 1ea1b0cd-ced3-45e8-8c40-55289e6aecfb@group-5A52CB9248BA-LeaderElection5
2023-01-08 22:30:52,125 [1ea1b0cd-ced3-45e8-8c40-55289e6aecfb@group-5A52CB9248BA-LeaderElection5] INFO  impl.RoleInfo (RoleInfo.java:updateAndGet(139)) - 1ea1b0cd-ced3-45e8-8c40-55289e6aecfb: start 1ea1b0cd-ced3-45e8-8c40-55289e6aecfb@group-5A52CB9248BA-FollowerState
2023-01-08 22:30:52,125 [1ea1b0cd-ced3-45e8-8c40-55289e6aecfb@group-5A52CB9248BA-FollowerState] INFO  server.RaftServerConfigKeys (ConfUtils.java:logFallback(53)) - raft.server.rpc.first-election.timeout.min = 5s (fallback to raft.server.rpc.timeout.min)
2023-01-08 22:30:52,125 [1ea1b0cd-ced3-45e8-8c40-55289e6aecfb@group-5A52CB9248BA-FollowerState] INFO  server.RaftServerConfigKeys (ConfUtils.java:logFallback(53)) - raft.server.rpc.first-election.timeout.max = 5200ms (fallback to raft.server.rpc.timeout.max)
2023-01-08 22:30:52,127 [grpc-default-executor-0] INFO  server.RaftServer$Division (RaftServerImpl.java:requestVote(1218)) - a5f0a7e4-4f3a-4f10-aa1a-af4297eff32d@group-5A52CB9248BA: receive requestVote(ELECTION, 1ea1b0cd-ced3-45e8-8c40-55289e6aecfb, group-5A52CB9248BA, 1, (t:0, i:0))
2023-01-08 22:30:52,127 [grpc-default-executor-0] INFO  impl.VoteContext (VoteContext.java:log(49)) - a5f0a7e4-4f3a-4f10-aa1a-af4297eff32d@group-5A52CB9248BA-FOLLOWER: accept ELECTION from 1ea1b0cd-ced3-45e8-8c40-55289e6aecfb: our priority 0 <= candidate's priority 0
2023-01-08 22:30:52,127 [grpc-default-executor-0] INFO  server.RaftServer$Division (RaftServerImpl.java:setRole(321)) - a5f0a7e4-4f3a-4f10-aa1a-af4297eff32d@group-5A52CB9248BA: changes role from  FOLLOWER to FOLLOWER at term 1 for candidate:1ea1b0cd-ced3-45e8-8c40-55289e6aecfb
2023-01-08 22:30:52,127 [grpc-default-executor-0] INFO  impl.RoleInfo (RoleInfo.java:shutdownFollowerState(110)) - a5f0a7e4-4f3a-4f10-aa1a-af4297eff32d: shutdown a5f0a7e4-4f3a-4f10-aa1a-af4297eff32d@group-5A52CB9248BA-FollowerState
2023-01-08 22:30:52,127 [a5f0a7e4-4f3a-4f10-aa1a-af4297eff32d@group-5A52CB9248BA-FollowerState] INFO  impl.FollowerState (FollowerState.java:run(152)) - a5f0a7e4-4f3a-4f10-aa1a-af4297eff32d@group-5A52CB9248BA-FollowerState was interrupted
2023-01-08 22:30:52,128 [grpc-default-executor-0] INFO  impl.RoleInfo (RoleInfo.java:updateAndGet(139)) - a5f0a7e4-4f3a-4f10-aa1a-af4297eff32d: start a5f0a7e4-4f3a-4f10-aa1a-af4297eff32d@group-5A52CB9248BA-FollowerState
2023-01-08 22:30:52,130 [grpc-default-executor-0] INFO  server.RaftServer$Division (RaftServerImpl.java:requestVote(1251)) - a5f0a7e4-4f3a-4f10-aa1a-af4297eff32d@group-5A52CB9248BA replies to ELECTION vote request: 1ea1b0cd-ced3-45e8-8c40-55289e6aecfb<-a5f0a7e4-4f3a-4f10-aa1a-af4297eff32d#0:OK-t1. Peer's state: a5f0a7e4-4f3a-4f10-aa1a-af4297eff32d@group-5A52CB9248BA:t1, leader=null, voted=1ea1b0cd-ced3-45e8-8c40-55289e6aecfb, raftlog=Memoized:a5f0a7e4-4f3a-4f10-aa1a-af4297eff32d@group-5A52CB9248BA-SegmentedRaftLog:OPENED:c-1, conf=-1: peers:[a5f0a7e4-4f3a-4f10-aa1a-af4297eff32d|rpc:10.1.0.12:33221|dataStream:10.1.0.12:37417|priority:0|startupRole:FOLLOWER, 1ea1b0cd-ced3-45e8-8c40-55289e6aecfb|rpc:10.1.0.12:40525|dataStream:10.1.0.12:40569|priority:0|startupRole:FOLLOWER, 706a9b8c-4318-427e-9be3-8b37c9b0924f|rpc:10.1.0.12:45297|dataStream:10.1.0.12:44379|priority:1|startupRole:FOLLOWER]|listeners:[], old=null
2023-01-08 22:30:52,131 [a5f0a7e4-4f3a-4f10-aa1a-af4297eff32d@group-5A52CB9248BA-FollowerState] INFO  server.RaftServerConfigKeys (ConfUtils.java:logFallback(53)) - raft.server.rpc.first-election.timeout.min = 5s (fallback to raft.server.rpc.timeout.min)
2023-01-08 22:30:52,132 [a5f0a7e4-4f3a-4f10-aa1a-af4297eff32d@group-5A52CB9248BA-FollowerState] INFO  server.RaftServerConfigKeys (ConfUtils.java:logFallback(53)) - raft.server.rpc.first-election.timeout.max = 5200ms (fallback to raft.server.rpc.timeout.max)
2023-01-08 22:30:52,147 [1ea1b0cd-ced3-45e8-8c40-55289e6aecfb@group-C506D2160415-FollowerState] INFO  impl.FollowerState (FollowerState.java:run(143)) - 1ea1b0cd-ced3-45e8-8c40-55289e6aecfb@group-C506D2160415-FollowerState: change to CANDIDATE, lastRpcElapsedTime:5183609395ns, electionTimeout:5182ms
2023-01-08 22:30:52,147 [1ea1b0cd-ced3-45e8-8c40-55289e6aecfb@group-C506D2160415-FollowerState] INFO  impl.RoleInfo (RoleInfo.java:shutdownFollowerState(110)) - 1ea1b0cd-ced3-45e8-8c40-55289e6aecfb: shutdown 1ea1b0cd-ced3-45e8-8c40-55289e6aecfb@group-C506D2160415-FollowerState
2023-01-08 22:30:52,147 [1ea1b0cd-ced3-45e8-8c40-55289e6aecfb@group-C506D2160415-FollowerState] INFO  server.RaftServer$Division (RaftServerImpl.java:setRole(321)) - 1ea1b0cd-ced3-45e8-8c40-55289e6aecfb@group-C506D2160415: changes role from  FOLLOWER to CANDIDATE at term 0 for changeToCandidate
2023-01-08 22:30:52,149 [1ea1b0cd-ced3-45e8-8c40-55289e6aecfb@group-C506D2160415-FollowerState] INFO  server.RaftServerConfigKeys (ConfUtils.java:logGet(46)) - raft.server.leaderelection.pre-vote = false (custom)
2023-01-08 22:30:52,149 [1ea1b0cd-ced3-45e8-8c40-55289e6aecfb@group-C506D2160415-FollowerState] INFO  impl.RoleInfo (RoleInfo.java:updateAndGet(139)) - 1ea1b0cd-ced3-45e8-8c40-55289e6aecfb: start 1ea1b0cd-ced3-45e8-8c40-55289e6aecfb@group-C506D2160415-LeaderElection6
2023-01-08 22:30:52,153 [1ea1b0cd-ced3-45e8-8c40-55289e6aecfb@group-C506D2160415-LeaderElection6] INFO  impl.LeaderElection (LeaderElection.java:askForVotes(312)) - 1ea1b0cd-ced3-45e8-8c40-55289e6aecfb@group-C506D2160415-LeaderElection6 ELECTION round 0: submit vote requests at term 1 for -1: peers:[1ea1b0cd-ced3-45e8-8c40-55289e6aecfb|rpc:10.1.0.12:40525|dataStream:10.1.0.12:40569|priority:1|startupRole:FOLLOWER]|listeners:[], old=null
2023-01-08 22:30:52,153 [1ea1b0cd-ced3-45e8-8c40-55289e6aecfb@group-C506D2160415-LeaderElection6] INFO  impl.LeaderElection (LeaderElection.java:askForVotes(314)) - 1ea1b0cd-ced3-45e8-8c40-55289e6aecfb@group-C506D2160415-LeaderElection6 ELECTION round 0: result PASSED (term=1)
2023-01-08 22:30:52,153 [1ea1b0cd-ced3-45e8-8c40-55289e6aecfb@group-C506D2160415-LeaderElection6] INFO  impl.RoleInfo (RoleInfo.java:shutdownLeaderElection(130)) - 1ea1b0cd-ced3-45e8-8c40-55289e6aecfb: shutdown 1ea1b0cd-ced3-45e8-8c40-55289e6aecfb@group-C506D2160415-LeaderElection6
2023-01-08 22:30:52,153 [1ea1b0cd-ced3-45e8-8c40-55289e6aecfb@group-C506D2160415-LeaderElection6] INFO  server.RaftServer$Division (RaftServerImpl.java:setRole(321)) - 1ea1b0cd-ced3-45e8-8c40-55289e6aecfb@group-C506D2160415: changes role from CANDIDATE to LEADER at term 1 for changeToLeader
2023-01-08 22:30:52,153 [1ea1b0cd-ced3-45e8-8c40-55289e6aecfb@group-C506D2160415-LeaderElection6] INFO  ratis.XceiverServerRatis (XceiverServerRatis.java:handleLeaderChangedNotification(904)) - Leader change notification received for group: group-C506D2160415 with new leaderId: 1ea1b0cd-ced3-45e8-8c40-55289e6aecfb
2023-01-08 22:30:52,153 [1ea1b0cd-ced3-45e8-8c40-55289e6aecfb@group-C506D2160415-LeaderElection6] INFO  server.RaftServer$Division (ServerState.java:setLeader(313)) - 1ea1b0cd-ced3-45e8-8c40-55289e6aecfb@group-C506D2160415: change Leader from null to 1ea1b0cd-ced3-45e8-8c40-55289e6aecfb at term 1 for becomeLeader, leader elected after 5229ms
2023-01-08 22:30:52,153 [1ea1b0cd-ced3-45e8-8c40-55289e6aecfb@group-C506D2160415-LeaderElection6] INFO  server.RaftServerConfigKeys (ConfUtils.java:logGet(46)) - raft.server.staging.catchup.gap = 1000 (default)
2023-01-08 22:30:52,154 [1ea1b0cd-ced3-45e8-8c40-55289e6aecfb@group-C506D2160415-LeaderElection6] INFO  server.RaftServerConfigKeys (ConfUtils.java:logGet(46)) - raft.server.write.element-limit = 1024 (custom)
2023-01-08 22:30:52,154 [1ea1b0cd-ced3-45e8-8c40-55289e6aecfb@group-C506D2160415-LeaderElection6] INFO  server.RaftServerConfigKeys (ConfUtils.java:logGet(46)) - raft.server.write.byte-limit = 1024 M (=1073741824) (custom)
2023-01-08 22:30:52,154 [1ea1b0cd-ced3-45e8-8c40-55289e6aecfb@group-C506D2160415-LeaderElection6] INFO  server.RaftServerConfigKeys (ConfUtils.java:logGet(46)) - raft.server.watch.timeout = 180s (custom)
2023-01-08 22:30:52,154 [1ea1b0cd-ced3-45e8-8c40-55289e6aecfb@group-C506D2160415-LeaderElection6] INFO  server.RaftServerConfigKeys (ConfUtils.java:logGet(46)) - raft.server.watch.timeout.denomination = 1s (default)
2023-01-08 22:30:52,154 [1ea1b0cd-ced3-45e8-8c40-55289e6aecfb@group-C506D2160415-LeaderElection6] INFO  server.RaftServerConfigKeys (ConfUtils.java:logGet(46)) - raft.server.watch.element-limit = 65536 (default)
2023-01-08 22:30:52,154 [1ea1b0cd-ced3-45e8-8c40-55289e6aecfb@group-C506D2160415-LeaderElection6] INFO  server.RaftServerConfigKeys (ConfUtils.java:logGet(46)) - raft.server.write.element-limit = 1024 (custom)
2023-01-08 22:30:52,154 [1ea1b0cd-ced3-45e8-8c40-55289e6aecfb@group-C506D2160415-LeaderElection6] INFO  server.RaftServerConfigKeys (ConfUtils.java:logGet(46)) - raft.server.write.follower.gap.ratio.max = -1.0 (default)
2023-01-08 22:30:52,155 [1ea1b0cd-ced3-45e8-8c40-55289e6aecfb@group-C506D2160415-LeaderElection6] INFO  impl.RoleInfo (RoleInfo.java:updateAndGet(139)) - 1ea1b0cd-ced3-45e8-8c40-55289e6aecfb: start 1ea1b0cd-ced3-45e8-8c40-55289e6aecfb@group-C506D2160415-LeaderStateImpl
2023-01-08 22:30:52,156 [EventQueue-OpenPipelineForHealthyPipelineSafeModeRule] INFO  safemode.SCMSafeModeManager (HealthyPipelineSafeModeRule.java:process(137)) - SCM in safe mode. Healthy pipelines reported count is 0, required healthy pipeline reported count is 1
2023-01-08 22:30:52,156 [1ea1b0cd-ced3-45e8-8c40-55289e6aecfb@group-C506D2160415-LeaderElection6] INFO  segmented.SegmentedRaftLogWorker (SegmentedRaftLogWorker.java:startLogSegment(452)) - 1ea1b0cd-ced3-45e8-8c40-55289e6aecfb@group-C506D2160415-SegmentedRaftLogWorker: Starting segment from index:0
2023-01-08 22:30:52,157 [1ea1b0cd-ced3-45e8-8c40-55289e6aecfb@group-C506D2160415-SegmentedRaftLogWorker] INFO  segmented.SegmentedRaftLogWorker (SegmentedRaftLogWorker.java:execute(656)) - 1ea1b0cd-ced3-45e8-8c40-55289e6aecfb@group-C506D2160415-SegmentedRaftLogWorker: created new log segment /home/runner/work/ozone/ozone/hadoop-ozone/integration-test/target/test-dir/MiniOzoneClusterImpl-3463507a-8a94-4be2-9691-6a94fb394e4a/datanode-2/data/ratis/e31a2304-d3cc-4c97-bc14-c506d2160415/current/log_inprogress_0
2023-01-08 22:30:52,158 [1ea1b0cd-ced3-45e8-8c40-55289e6aecfb@group-C506D2160415-LeaderElection6] INFO  server.RaftServer$Division (ServerState.java:setRaftConf(430)) - 1ea1b0cd-ced3-45e8-8c40-55289e6aecfb@group-C506D2160415: set configuration 0: peers:[1ea1b0cd-ced3-45e8-8c40-55289e6aecfb|rpc:10.1.0.12:40525|dataStream:10.1.0.12:40569|priority:1|startupRole:FOLLOWER]|listeners:[], old=null
2023-01-08 22:30:52,328 [Listener at 127.0.0.1/33975] INFO  ozone.MiniOzoneClusterImpl (MiniOzoneClusterImpl.java:lambda$waitForClusterToBeReady$0(217)) - Nodes are ready. Got 7 of 7 DN Heartbeats.
2023-01-08 22:30:52,328 [Listener at 127.0.0.1/33975] INFO  ozone.MiniOzoneClusterImpl (MiniOzoneClusterImpl.java:lambda$waitForClusterToBeReady$0(220)) - Waiting for cluster to exit safe mode
2023-01-08 22:30:52,328 [Listener at 127.0.0.1/33975] INFO  ozone.MiniOzoneClusterImpl (MiniOzoneClusterImpl.java:lambda$waitForClusterToBeReady$0(222)) - SCM became leader
2023-01-08 22:30:52,368 [d2cb6247-0f92-4e0f-9f0c-5b2ce80c0115@group-48E47426221D-FollowerState] INFO  impl.FollowerState (FollowerState.java:run(143)) - d2cb6247-0f92-4e0f-9f0c-5b2ce80c0115@group-48E47426221D-FollowerState: change to CANDIDATE, lastRpcElapsedTime:5070434597ns, electionTimeout:5057ms
2023-01-08 22:30:52,368 [d2cb6247-0f92-4e0f-9f0c-5b2ce80c0115@group-48E47426221D-FollowerState] INFO  impl.RoleInfo (RoleInfo.java:shutdownFollowerState(110)) - d2cb6247-0f92-4e0f-9f0c-5b2ce80c0115: shutdown d2cb6247-0f92-4e0f-9f0c-5b2ce80c0115@group-48E47426221D-FollowerState
2023-01-08 22:30:52,368 [d2cb6247-0f92-4e0f-9f0c-5b2ce80c0115@group-48E47426221D-FollowerState] INFO  server.RaftServer$Division (RaftServerImpl.java:setRole(321)) - d2cb6247-0f92-4e0f-9f0c-5b2ce80c0115@group-48E47426221D: changes role from  FOLLOWER to CANDIDATE at term 0 for changeToCandidate
2023-01-08 22:30:52,368 [d2cb6247-0f92-4e0f-9f0c-5b2ce80c0115@group-48E47426221D-FollowerState] INFO  server.RaftServerConfigKeys (ConfUtils.java:logGet(46)) - raft.server.leaderelection.pre-vote = false (custom)
2023-01-08 22:30:52,369 [d2cb6247-0f92-4e0f-9f0c-5b2ce80c0115@group-48E47426221D-FollowerState] INFO  impl.RoleInfo (RoleInfo.java:updateAndGet(139)) - d2cb6247-0f92-4e0f-9f0c-5b2ce80c0115: start d2cb6247-0f92-4e0f-9f0c-5b2ce80c0115@group-48E47426221D-LeaderElection7
2023-01-08 22:30:52,372 [d2cb6247-0f92-4e0f-9f0c-5b2ce80c0115@group-48E47426221D-LeaderElection7] INFO  impl.LeaderElection (LeaderElection.java:askForVotes(312)) - d2cb6247-0f92-4e0f-9f0c-5b2ce80c0115@group-48E47426221D-LeaderElection7 ELECTION round 0: submit vote requests at term 1 for -1: peers:[d2cb6247-0f92-4e0f-9f0c-5b2ce80c0115|rpc:10.1.0.12:40175|dataStream:10.1.0.12:35007|priority:1|startupRole:FOLLOWER]|listeners:[], old=null
2023-01-08 22:30:52,373 [d2cb6247-0f92-4e0f-9f0c-5b2ce80c0115@group-48E47426221D-LeaderElection7] INFO  impl.LeaderElection (LeaderElection.java:askForVotes(314)) - d2cb6247-0f92-4e0f-9f0c-5b2ce80c0115@group-48E47426221D-LeaderElection7 ELECTION round 0: result PASSED (term=1)
2023-01-08 22:30:52,373 [d2cb6247-0f92-4e0f-9f0c-5b2ce80c0115@group-48E47426221D-LeaderElection7] INFO  impl.RoleInfo (RoleInfo.java:shutdownLeaderElection(130)) - d2cb6247-0f92-4e0f-9f0c-5b2ce80c0115: shutdown d2cb6247-0f92-4e0f-9f0c-5b2ce80c0115@group-48E47426221D-LeaderElection7
2023-01-08 22:30:52,373 [d2cb6247-0f92-4e0f-9f0c-5b2ce80c0115@group-48E47426221D-LeaderElection7] INFO  server.RaftServer$Division (RaftServerImpl.java:setRole(321)) - d2cb6247-0f92-4e0f-9f0c-5b2ce80c0115@group-48E47426221D: changes role from CANDIDATE to LEADER at term 1 for changeToLeader
2023-01-08 22:30:52,373 [d2cb6247-0f92-4e0f-9f0c-5b2ce80c0115@group-48E47426221D-LeaderElection7] INFO  ratis.XceiverServerRatis (XceiverServerRatis.java:handleLeaderChangedNotification(904)) - Leader change notification received for group: group-48E47426221D with new leaderId: d2cb6247-0f92-4e0f-9f0c-5b2ce80c0115
2023-01-08 22:30:52,373 [d2cb6247-0f92-4e0f-9f0c-5b2ce80c0115@group-48E47426221D-LeaderElection7] INFO  server.RaftServer$Division (ServerState.java:setLeader(313)) - d2cb6247-0f92-4e0f-9f0c-5b2ce80c0115@group-48E47426221D: change Leader from null to d2cb6247-0f92-4e0f-9f0c-5b2ce80c0115 at term 1 for becomeLeader, leader elected after 5106ms
2023-01-08 22:30:52,373 [d2cb6247-0f92-4e0f-9f0c-5b2ce80c0115@group-48E47426221D-LeaderElection7] INFO  server.RaftServerConfigKeys (ConfUtils.java:logGet(46)) - raft.server.staging.catchup.gap = 1000 (default)
2023-01-08 22:30:52,373 [d2cb6247-0f92-4e0f-9f0c-5b2ce80c0115@group-48E47426221D-LeaderElection7] INFO  server.RaftServerConfigKeys (ConfUtils.java:logGet(46)) - raft.server.write.element-limit = 1024 (custom)
2023-01-08 22:30:52,373 [d2cb6247-0f92-4e0f-9f0c-5b2ce80c0115@group-48E47426221D-LeaderElection7] INFO  server.RaftServerConfigKeys (ConfUtils.java:logGet(46)) - raft.server.write.byte-limit = 1024 M (=1073741824) (custom)
2023-01-08 22:30:52,374 [d2cb6247-0f92-4e0f-9f0c-5b2ce80c0115@group-48E47426221D-LeaderElection7] INFO  server.RaftServerConfigKeys (ConfUtils.java:logGet(46)) - raft.server.watch.timeout = 180s (custom)
2023-01-08 22:30:52,374 [d2cb6247-0f92-4e0f-9f0c-5b2ce80c0115@group-48E47426221D-LeaderElection7] INFO  server.RaftServerConfigKeys (ConfUtils.java:logGet(46)) - raft.server.watch.timeout.denomination = 1s (default)
2023-01-08 22:30:52,374 [d2cb6247-0f92-4e0f-9f0c-5b2ce80c0115@group-48E47426221D-LeaderElection7] INFO  server.RaftServerConfigKeys (ConfUtils.java:logGet(46)) - raft.server.watch.element-limit = 65536 (default)
2023-01-08 22:30:52,374 [d2cb6247-0f92-4e0f-9f0c-5b2ce80c0115@group-48E47426221D-LeaderElection7] INFO  server.RaftServerConfigKeys (ConfUtils.java:logGet(46)) - raft.server.write.element-limit = 1024 (custom)
2023-01-08 22:30:52,374 [d2cb6247-0f92-4e0f-9f0c-5b2ce80c0115@group-48E47426221D-LeaderElection7] INFO  server.RaftServerConfigKeys (ConfUtils.java:logGet(46)) - raft.server.write.follower.gap.ratio.max = -1.0 (default)
2023-01-08 22:30:52,375 [EventQueue-OpenPipelineForHealthyPipelineSafeModeRule] INFO  safemode.SCMSafeModeManager (HealthyPipelineSafeModeRule.java:process(137)) - SCM in safe mode. Healthy pipelines reported count is 0, required healthy pipeline reported count is 1
2023-01-08 22:30:52,375 [d2cb6247-0f92-4e0f-9f0c-5b2ce80c0115@group-48E47426221D-LeaderElection7] INFO  impl.RoleInfo (RoleInfo.java:updateAndGet(139)) - d2cb6247-0f92-4e0f-9f0c-5b2ce80c0115: start d2cb6247-0f92-4e0f-9f0c-5b2ce80c0115@group-48E47426221D-LeaderStateImpl
2023-01-08 22:30:52,375 [d2cb6247-0f92-4e0f-9f0c-5b2ce80c0115@group-48E47426221D-LeaderElection7] INFO  segmented.SegmentedRaftLogWorker (SegmentedRaftLogWorker.java:startLogSegment(452)) - d2cb6247-0f92-4e0f-9f0c-5b2ce80c0115@group-48E47426221D-SegmentedRaftLogWorker: Starting segment from index:0
2023-01-08 22:30:52,378 [d2cb6247-0f92-4e0f-9f0c-5b2ce80c0115@group-48E47426221D-LeaderElection7] INFO  server.RaftServer$Division (ServerState.java:setRaftConf(430)) - d2cb6247-0f92-4e0f-9f0c-5b2ce80c0115@group-48E47426221D: set configuration 0: peers:[d2cb6247-0f92-4e0f-9f0c-5b2ce80c0115|rpc:10.1.0.12:40175|dataStream:10.1.0.12:35007|priority:1|startupRole:FOLLOWER]|listeners:[], old=null
2023-01-08 22:30:52,379 [d2cb6247-0f92-4e0f-9f0c-5b2ce80c0115@group-48E47426221D-SegmentedRaftLogWorker] INFO  segmented.SegmentedRaftLogWorker (SegmentedRaftLogWorker.java:execute(656)) - d2cb6247-0f92-4e0f-9f0c-5b2ce80c0115@group-48E47426221D-SegmentedRaftLogWorker: created new log segment /home/runner/work/ozone/ozone/hadoop-ozone/integration-test/target/test-dir/MiniOzoneClusterImpl-3463507a-8a94-4be2-9691-6a94fb394e4a/datanode-3/data/ratis/70760bcd-2761-439c-a0b9-48e47426221d/current/log_inprogress_0
2023-01-08 22:30:52,503 [e7301f7c-5c47-48c7-9f47-e06452a04696@group-75F8889383A4-FollowerState] INFO  impl.FollowerState (FollowerState.java:run(143)) - e7301f7c-5c47-48c7-9f47-e06452a04696@group-75F8889383A4-FollowerState: change to CANDIDATE, lastRpcElapsedTime:5056962497ns, electionTimeout:5051ms
2023-01-08 22:30:52,503 [e7301f7c-5c47-48c7-9f47-e06452a04696@group-75F8889383A4-FollowerState] INFO  impl.RoleInfo (RoleInfo.java:shutdownFollowerState(110)) - e7301f7c-5c47-48c7-9f47-e06452a04696: shutdown e7301f7c-5c47-48c7-9f47-e06452a04696@group-75F8889383A4-FollowerState
2023-01-08 22:30:52,503 [e7301f7c-5c47-48c7-9f47-e06452a04696@group-75F8889383A4-FollowerState] INFO  server.RaftServer$Division (RaftServerImpl.java:setRole(321)) - e7301f7c-5c47-48c7-9f47-e06452a04696@group-75F8889383A4: changes role from  FOLLOWER to CANDIDATE at term 0 for changeToCandidate
2023-01-08 22:30:52,503 [e7301f7c-5c47-48c7-9f47-e06452a04696@group-75F8889383A4-FollowerState] INFO  server.RaftServerConfigKeys (ConfUtils.java:logGet(46)) - raft.server.leaderelection.pre-vote = false (custom)
2023-01-08 22:30:52,503 [e7301f7c-5c47-48c7-9f47-e06452a04696@group-75F8889383A4-FollowerState] INFO  impl.RoleInfo (RoleInfo.java:updateAndGet(139)) - e7301f7c-5c47-48c7-9f47-e06452a04696: start e7301f7c-5c47-48c7-9f47-e06452a04696@group-75F8889383A4-LeaderElection8
2023-01-08 22:30:52,508 [e7301f7c-5c47-48c7-9f47-e06452a04696@group-75F8889383A4-LeaderElection8] INFO  impl.LeaderElection (LeaderElection.java:askForVotes(312)) - e7301f7c-5c47-48c7-9f47-e06452a04696@group-75F8889383A4-LeaderElection8 ELECTION round 0: submit vote requests at term 1 for -1: peers:[739e0a5a-91fd-46ce-99c6-277f52566479|rpc:10.1.0.12:38543|dataStream:10.1.0.12:44013|priority:1|startupRole:FOLLOWER, e7301f7c-5c47-48c7-9f47-e06452a04696|rpc:10.1.0.12:37583|dataStream:10.1.0.12:38057|priority:0|startupRole:FOLLOWER, d2cb6247-0f92-4e0f-9f0c-5b2ce80c0115|rpc:10.1.0.12:40175|dataStream:10.1.0.12:35007|priority:0|startupRole:FOLLOWER]|listeners:[], old=null
2023-01-08 22:30:52,509 [e7301f7c-5c47-48c7-9f47-e06452a04696@group-75F8889383A4-LeaderElection8] INFO  server.RaftServerConfigKeys (ConfUtils.java:logFallback(53)) - raft.server.rpc.first-election.timeout.min = 5s (fallback to raft.server.rpc.timeout.min)
2023-01-08 22:30:52,509 [e7301f7c-5c47-48c7-9f47-e06452a04696@group-75F8889383A4-LeaderElection8-1] INFO  server.GrpcServerProtocolClient (GrpcServerProtocolClient.java:<init>(63)) - Build channel for 739e0a5a-91fd-46ce-99c6-277f52566479
2023-01-08 22:30:52,509 [e7301f7c-5c47-48c7-9f47-e06452a04696@group-75F8889383A4-LeaderElection8] INFO  server.RaftServerConfigKeys (ConfUtils.java:logFallback(53)) - raft.server.rpc.first-election.timeout.max = 5200ms (fallback to raft.server.rpc.timeout.max)
2023-01-08 22:30:52,509 [e7301f7c-5c47-48c7-9f47-e06452a04696@group-75F8889383A4-LeaderElection8-2] INFO  server.GrpcServerProtocolClient (GrpcServerProtocolClient.java:<init>(63)) - Build channel for d2cb6247-0f92-4e0f-9f0c-5b2ce80c0115
2023-01-08 22:30:52,521 [grpc-default-executor-0] INFO  server.RaftServer$Division (RaftServerImpl.java:requestVote(1218)) - 739e0a5a-91fd-46ce-99c6-277f52566479@group-75F8889383A4: receive requestVote(ELECTION, e7301f7c-5c47-48c7-9f47-e06452a04696, group-75F8889383A4, 1, (t:0, i:0))
2023-01-08 22:30:52,521 [grpc-default-executor-0] INFO  impl.VoteContext (VoteContext.java:log(49)) - 739e0a5a-91fd-46ce-99c6-277f52566479@group-75F8889383A4-FOLLOWER: reject ELECTION from e7301f7c-5c47-48c7-9f47-e06452a04696: our priority 1 > candidate's priority 0
2023-01-08 22:30:52,521 [grpc-default-executor-0] INFO  server.RaftServer$Division (RaftServerImpl.java:setRole(321)) - 739e0a5a-91fd-46ce-99c6-277f52566479@group-75F8889383A4: changes role from  FOLLOWER to FOLLOWER at term 1 for candidate:e7301f7c-5c47-48c7-9f47-e06452a04696
2023-01-08 22:30:52,521 [grpc-default-executor-0] INFO  impl.RoleInfo (RoleInfo.java:shutdownFollowerState(110)) - 739e0a5a-91fd-46ce-99c6-277f52566479: shutdown 739e0a5a-91fd-46ce-99c6-277f52566479@group-75F8889383A4-FollowerState
2023-01-08 22:30:52,521 [grpc-default-executor-0] INFO  impl.RoleInfo (RoleInfo.java:updateAndGet(139)) - 739e0a5a-91fd-46ce-99c6-277f52566479: start 739e0a5a-91fd-46ce-99c6-277f52566479@group-75F8889383A4-FollowerState
2023-01-08 22:30:52,522 [739e0a5a-91fd-46ce-99c6-277f52566479@group-75F8889383A4-FollowerState] INFO  impl.FollowerState (FollowerState.java:run(152)) - 739e0a5a-91fd-46ce-99c6-277f52566479@group-75F8889383A4-FollowerState was interrupted
2023-01-08 22:30:52,522 [739e0a5a-91fd-46ce-99c6-277f52566479@group-75F8889383A4-FollowerState] INFO  server.RaftServerConfigKeys (ConfUtils.java:logFallback(53)) - raft.server.rpc.first-election.timeout.min = 5s (fallback to raft.server.rpc.timeout.min)
2023-01-08 22:30:52,526 [739e0a5a-91fd-46ce-99c6-277f52566479@group-75F8889383A4-FollowerState] INFO  server.RaftServerConfigKeys (ConfUtils.java:logFallback(53)) - raft.server.rpc.first-election.timeout.max = 5200ms (fallback to raft.server.rpc.timeout.max)
2023-01-08 22:30:52,526 [grpc-default-executor-0] INFO  server.RaftServer$Division (RaftServerImpl.java:requestVote(1251)) - 739e0a5a-91fd-46ce-99c6-277f52566479@group-75F8889383A4 replies to ELECTION vote request: e7301f7c-5c47-48c7-9f47-e06452a04696<-739e0a5a-91fd-46ce-99c6-277f52566479#0:FAIL-t1. Peer's state: 739e0a5a-91fd-46ce-99c6-277f52566479@group-75F8889383A4:t1, leader=null, voted=null, raftlog=Memoized:739e0a5a-91fd-46ce-99c6-277f52566479@group-75F8889383A4-SegmentedRaftLog:OPENED:c-1, conf=-1: peers:[739e0a5a-91fd-46ce-99c6-277f52566479|rpc:10.1.0.12:38543|dataStream:10.1.0.12:44013|priority:1|startupRole:FOLLOWER, e7301f7c-5c47-48c7-9f47-e06452a04696|rpc:10.1.0.12:37583|dataStream:10.1.0.12:38057|priority:0|startupRole:FOLLOWER, d2cb6247-0f92-4e0f-9f0c-5b2ce80c0115|rpc:10.1.0.12:40175|dataStream:10.1.0.12:35007|priority:0|startupRole:FOLLOWER]|listeners:[], old=null
2023-01-08 22:30:52,528 [e7301f7c-5c47-48c7-9f47-e06452a04696@group-75F8889383A4-LeaderElection8] INFO  impl.LeaderElection (LeaderElection.java:logAndReturn(90)) - e7301f7c-5c47-48c7-9f47-e06452a04696@group-75F8889383A4-LeaderElection8: ELECTION REJECTED received 1 response(s) and 0 exception(s):
2023-01-08 22:30:52,528 [e7301f7c-5c47-48c7-9f47-e06452a04696@group-75F8889383A4-LeaderElection8] INFO  impl.LeaderElection (LeaderElection.java:logAndReturn(94)) -   Response 0: e7301f7c-5c47-48c7-9f47-e06452a04696<-739e0a5a-91fd-46ce-99c6-277f52566479#0:FAIL-t1
2023-01-08 22:30:52,528 [e7301f7c-5c47-48c7-9f47-e06452a04696@group-75F8889383A4-LeaderElection8] INFO  impl.LeaderElection (LeaderElection.java:askForVotes(314)) - e7301f7c-5c47-48c7-9f47-e06452a04696@group-75F8889383A4-LeaderElection8 ELECTION round 0: result REJECTED
2023-01-08 22:30:52,528 [e7301f7c-5c47-48c7-9f47-e06452a04696@group-75F8889383A4-LeaderElection8] INFO  server.RaftServer$Division (RaftServerImpl.java:setRole(321)) - e7301f7c-5c47-48c7-9f47-e06452a04696@group-75F8889383A4: changes role from CANDIDATE to FOLLOWER at term 1 for REJECTED
2023-01-08 22:30:52,529 [e7301f7c-5c47-48c7-9f47-e06452a04696@group-75F8889383A4-LeaderElection8] INFO  impl.RoleInfo (RoleInfo.java:shutdownLeaderElection(130)) - e7301f7c-5c47-48c7-9f47-e06452a04696: shutdown e7301f7c-5c47-48c7-9f47-e06452a04696@group-75F8889383A4-LeaderElection8
2023-01-08 22:30:52,529 [e7301f7c-5c47-48c7-9f47-e06452a04696@group-75F8889383A4-LeaderElection8] INFO  impl.RoleInfo (RoleInfo.java:updateAndGet(139)) - e7301f7c-5c47-48c7-9f47-e06452a04696: start e7301f7c-5c47-48c7-9f47-e06452a04696@group-75F8889383A4-FollowerState
2023-01-08 22:30:52,535 [e7301f7c-5c47-48c7-9f47-e06452a04696@group-75F8889383A4-FollowerState] INFO  server.RaftServerConfigKeys (ConfUtils.java:logFallback(53)) - raft.server.rpc.first-election.timeout.min = 5s (fallback to raft.server.rpc.timeout.min)
2023-01-08 22:30:52,535 [e7301f7c-5c47-48c7-9f47-e06452a04696@group-75F8889383A4-FollowerState] INFO  server.RaftServerConfigKeys (ConfUtils.java:logFallback(53)) - raft.server.rpc.first-election.timeout.max = 5200ms (fallback to raft.server.rpc.timeout.max)
2023-01-08 22:30:52,544 [d2cb6247-0f92-4e0f-9f0c-5b2ce80c0115@group-75F8889383A4-FollowerState] INFO  impl.FollowerState (FollowerState.java:run(143)) - d2cb6247-0f92-4e0f-9f0c-5b2ce80c0115@group-75F8889383A4-FollowerState: change to CANDIDATE, lastRpcElapsedTime:5202422375ns, electionTimeout:5200ms
2023-01-08 22:30:52,544 [d2cb6247-0f92-4e0f-9f0c-5b2ce80c0115@group-75F8889383A4-FollowerState] INFO  impl.RoleInfo (RoleInfo.java:shutdownFollowerState(110)) - d2cb6247-0f92-4e0f-9f0c-5b2ce80c0115: shutdown d2cb6247-0f92-4e0f-9f0c-5b2ce80c0115@group-75F8889383A4-FollowerState
2023-01-08 22:30:52,544 [d2cb6247-0f92-4e0f-9f0c-5b2ce80c0115@group-75F8889383A4-FollowerState] INFO  server.RaftServer$Division (RaftServerImpl.java:setRole(321)) - d2cb6247-0f92-4e0f-9f0c-5b2ce80c0115@group-75F8889383A4: changes role from  FOLLOWER to CANDIDATE at term 0 for changeToCandidate
2023-01-08 22:30:52,544 [d2cb6247-0f92-4e0f-9f0c-5b2ce80c0115@group-75F8889383A4-FollowerState] INFO  server.RaftServerConfigKeys (ConfUtils.java:logGet(46)) - raft.server.leaderelection.pre-vote = false (custom)
2023-01-08 22:30:52,547 [grpc-default-executor-0] INFO  server.RaftServer$Division (RaftServerImpl.java:requestVote(1218)) - d2cb6247-0f92-4e0f-9f0c-5b2ce80c0115@group-75F8889383A4: receive requestVote(ELECTION, e7301f7c-5c47-48c7-9f47-e06452a04696, group-75F8889383A4, 1, (t:0, i:0))
2023-01-08 22:30:52,547 [d2cb6247-0f92-4e0f-9f0c-5b2ce80c0115@group-75F8889383A4-FollowerState] INFO  impl.RoleInfo (RoleInfo.java:updateAndGet(139)) - d2cb6247-0f92-4e0f-9f0c-5b2ce80c0115: start d2cb6247-0f92-4e0f-9f0c-5b2ce80c0115@group-75F8889383A4-LeaderElection9
2023-01-08 22:30:52,548 [grpc-default-executor-0] INFO  impl.VoteContext (VoteContext.java:log(49)) - d2cb6247-0f92-4e0f-9f0c-5b2ce80c0115@group-75F8889383A4-CANDIDATE: accept ELECTION from e7301f7c-5c47-48c7-9f47-e06452a04696: our priority 0 <= candidate's priority 0
2023-01-08 22:30:52,548 [grpc-default-executor-0] INFO  server.RaftServer$Division (RaftServerImpl.java:setRole(321)) - d2cb6247-0f92-4e0f-9f0c-5b2ce80c0115@group-75F8889383A4: changes role from CANDIDATE to FOLLOWER at term 1 for candidate:e7301f7c-5c47-48c7-9f47-e06452a04696
2023-01-08 22:30:52,548 [grpc-default-executor-0] INFO  impl.RoleInfo (RoleInfo.java:shutdownLeaderElection(130)) - d2cb6247-0f92-4e0f-9f0c-5b2ce80c0115: shutdown d2cb6247-0f92-4e0f-9f0c-5b2ce80c0115@group-75F8889383A4-LeaderElection9
2023-01-08 22:30:52,548 [grpc-default-executor-0] INFO  impl.RoleInfo (RoleInfo.java:updateAndGet(139)) - d2cb6247-0f92-4e0f-9f0c-5b2ce80c0115: start d2cb6247-0f92-4e0f-9f0c-5b2ce80c0115@group-75F8889383A4-FollowerState
2023-01-08 22:30:52,549 [d2cb6247-0f92-4e0f-9f0c-5b2ce80c0115@group-75F8889383A4-FollowerState] INFO  server.RaftServerConfigKeys (ConfUtils.java:logFallback(53)) - raft.server.rpc.first-election.timeout.min = 5s (fallback to raft.server.rpc.timeout.min)
2023-01-08 22:30:52,550 [d2cb6247-0f92-4e0f-9f0c-5b2ce80c0115@group-75F8889383A4-FollowerState] INFO  server.RaftServerConfigKeys (ConfUtils.java:logFallback(53)) - raft.server.rpc.first-election.timeout.max = 5200ms (fallback to raft.server.rpc.timeout.max)
2023-01-08 22:30:52,550 [grpc-default-executor-0] INFO  server.RaftServer$Division (RaftServerImpl.java:requestVote(1251)) - d2cb6247-0f92-4e0f-9f0c-5b2ce80c0115@group-75F8889383A4 replies to ELECTION vote request: e7301f7c-5c47-48c7-9f47-e06452a04696<-d2cb6247-0f92-4e0f-9f0c-5b2ce80c0115#0:OK-t1. Peer's state: d2cb6247-0f92-4e0f-9f0c-5b2ce80c0115@group-75F8889383A4:t1, leader=null, voted=e7301f7c-5c47-48c7-9f47-e06452a04696, raftlog=Memoized:d2cb6247-0f92-4e0f-9f0c-5b2ce80c0115@group-75F8889383A4-SegmentedRaftLog:OPENED:c-1, conf=-1: peers:[739e0a5a-91fd-46ce-99c6-277f52566479|rpc:10.1.0.12:38543|dataStream:10.1.0.12:44013|priority:1|startupRole:FOLLOWER, e7301f7c-5c47-48c7-9f47-e06452a04696|rpc:10.1.0.12:37583|dataStream:10.1.0.12:38057|priority:0|startupRole:FOLLOWER, d2cb6247-0f92-4e0f-9f0c-5b2ce80c0115|rpc:10.1.0.12:40175|dataStream:10.1.0.12:35007|priority:0|startupRole:FOLLOWER]|listeners:[], old=null
2023-01-08 22:30:52,614 [d2cb6247-0f92-4e0f-9f0c-5b2ce80c0115@group-160E0352A5AA-FollowerState] INFO  impl.FollowerState (FollowerState.java:run(143)) - d2cb6247-0f92-4e0f-9f0c-5b2ce80c0115@group-160E0352A5AA-FollowerState: change to CANDIDATE, lastRpcElapsedTime:5138604065ns, electionTimeout:5135ms
2023-01-08 22:30:52,614 [d2cb6247-0f92-4e0f-9f0c-5b2ce80c0115@group-160E0352A5AA-FollowerState] INFO  impl.RoleInfo (RoleInfo.java:shutdownFollowerState(110)) - d2cb6247-0f92-4e0f-9f0c-5b2ce80c0115: shutdown d2cb6247-0f92-4e0f-9f0c-5b2ce80c0115@group-160E0352A5AA-FollowerState
2023-01-08 22:30:52,614 [d2cb6247-0f92-4e0f-9f0c-5b2ce80c0115@group-160E0352A5AA-FollowerState] INFO  server.RaftServer$Division (RaftServerImpl.java:setRole(321)) - d2cb6247-0f92-4e0f-9f0c-5b2ce80c0115@group-160E0352A5AA: changes role from  FOLLOWER to CANDIDATE at term 0 for changeToCandidate
2023-01-08 22:30:52,614 [d2cb6247-0f92-4e0f-9f0c-5b2ce80c0115@group-160E0352A5AA-FollowerState] INFO  server.RaftServerConfigKeys (ConfUtils.java:logGet(46)) - raft.server.leaderelection.pre-vote = false (custom)
2023-01-08 22:30:52,614 [d2cb6247-0f92-4e0f-9f0c-5b2ce80c0115@group-160E0352A5AA-FollowerState] INFO  impl.RoleInfo (RoleInfo.java:updateAndGet(139)) - d2cb6247-0f92-4e0f-9f0c-5b2ce80c0115: start d2cb6247-0f92-4e0f-9f0c-5b2ce80c0115@group-160E0352A5AA-LeaderElection10
2023-01-08 22:30:52,618 [d2cb6247-0f92-4e0f-9f0c-5b2ce80c0115@group-160E0352A5AA-LeaderElection10] INFO  impl.LeaderElection (LeaderElection.java:askForVotes(312)) - d2cb6247-0f92-4e0f-9f0c-5b2ce80c0115@group-160E0352A5AA-LeaderElection10 ELECTION round 0: submit vote requests at term 1 for -1: peers:[739e0a5a-91fd-46ce-99c6-277f52566479|rpc:10.1.0.12:38543|dataStream:10.1.0.12:44013|priority:0|startupRole:FOLLOWER, e7301f7c-5c47-48c7-9f47-e06452a04696|rpc:10.1.0.12:37583|dataStream:10.1.0.12:38057|priority:0|startupRole:FOLLOWER, d2cb6247-0f92-4e0f-9f0c-5b2ce80c0115|rpc:10.1.0.12:40175|dataStream:10.1.0.12:35007|priority:1|startupRole:FOLLOWER]|listeners:[], old=null
2023-01-08 22:30:52,619 [d2cb6247-0f92-4e0f-9f0c-5b2ce80c0115@group-160E0352A5AA-LeaderElection10-1] INFO  server.GrpcServerProtocolClient (GrpcServerProtocolClient.java:<init>(63)) - Build channel for 739e0a5a-91fd-46ce-99c6-277f52566479
2023-01-08 22:30:52,622 [d2cb6247-0f92-4e0f-9f0c-5b2ce80c0115@group-160E0352A5AA-LeaderElection10] INFO  server.RaftServerConfigKeys (ConfUtils.java:logFallback(53)) - raft.server.rpc.first-election.timeout.min = 5s (fallback to raft.server.rpc.timeout.min)
2023-01-08 22:30:52,622 [d2cb6247-0f92-4e0f-9f0c-5b2ce80c0115@group-160E0352A5AA-LeaderElection10] INFO  server.RaftServerConfigKeys (ConfUtils.java:logFallback(53)) - raft.server.rpc.first-election.timeout.max = 5200ms (fallback to raft.server.rpc.timeout.max)
2023-01-08 22:30:52,622 [d2cb6247-0f92-4e0f-9f0c-5b2ce80c0115@group-160E0352A5AA-LeaderElection10-2] INFO  server.GrpcServerProtocolClient (GrpcServerProtocolClient.java:<init>(63)) - Build channel for e7301f7c-5c47-48c7-9f47-e06452a04696
2023-01-08 22:30:52,632 [grpc-default-executor-1] INFO  server.RaftServer$Division (RaftServerImpl.java:requestVote(1218)) - 739e0a5a-91fd-46ce-99c6-277f52566479@group-160E0352A5AA: receive requestVote(ELECTION, d2cb6247-0f92-4e0f-9f0c-5b2ce80c0115, group-160E0352A5AA, 1, (t:0, i:0))
2023-01-08 22:30:52,632 [grpc-default-executor-1] INFO  impl.VoteContext (VoteContext.java:log(49)) - 739e0a5a-91fd-46ce-99c6-277f52566479@group-160E0352A5AA-FOLLOWER: accept ELECTION from d2cb6247-0f92-4e0f-9f0c-5b2ce80c0115: our priority 0 <= candidate's priority 1
2023-01-08 22:30:52,632 [grpc-default-executor-1] INFO  server.RaftServer$Division (RaftServerImpl.java:setRole(321)) - 739e0a5a-91fd-46ce-99c6-277f52566479@group-160E0352A5AA: changes role from  FOLLOWER to FOLLOWER at term 1 for candidate:d2cb6247-0f92-4e0f-9f0c-5b2ce80c0115
2023-01-08 22:30:52,632 [grpc-default-executor-1] INFO  impl.RoleInfo (RoleInfo.java:shutdownFollowerState(110)) - 739e0a5a-91fd-46ce-99c6-277f52566479: shutdown 739e0a5a-91fd-46ce-99c6-277f52566479@group-160E0352A5AA-FollowerState
2023-01-08 22:30:52,632 [grpc-default-executor-1] INFO  impl.RoleInfo (RoleInfo.java:updateAndGet(139)) - 739e0a5a-91fd-46ce-99c6-277f52566479: start 739e0a5a-91fd-46ce-99c6-277f52566479@group-160E0352A5AA-FollowerState
2023-01-08 22:30:52,632 [739e0a5a-91fd-46ce-99c6-277f52566479@group-160E0352A5AA-FollowerState] INFO  impl.FollowerState (FollowerState.java:run(152)) - 739e0a5a-91fd-46ce-99c6-277f52566479@group-160E0352A5AA-FollowerState was interrupted
2023-01-08 22:30:52,634 [grpc-default-executor-1] INFO  server.RaftServer$Division (RaftServerImpl.java:requestVote(1251)) - 739e0a5a-91fd-46ce-99c6-277f52566479@group-160E0352A5AA replies to ELECTION vote request: d2cb6247-0f92-4e0f-9f0c-5b2ce80c0115<-739e0a5a-91fd-46ce-99c6-277f52566479#0:OK-t1. Peer's state: 739e0a5a-91fd-46ce-99c6-277f52566479@group-160E0352A5AA:t1, leader=null, voted=d2cb6247-0f92-4e0f-9f0c-5b2ce80c0115, raftlog=Memoized:739e0a5a-91fd-46ce-99c6-277f52566479@group-160E0352A5AA-SegmentedRaftLog:OPENED:c-1, conf=-1: peers:[739e0a5a-91fd-46ce-99c6-277f52566479|rpc:10.1.0.12:38543|dataStream:10.1.0.12:44013|priority:0|startupRole:FOLLOWER, e7301f7c-5c47-48c7-9f47-e06452a04696|rpc:10.1.0.12:37583|dataStream:10.1.0.12:38057|priority:0|startupRole:FOLLOWER, d2cb6247-0f92-4e0f-9f0c-5b2ce80c0115|rpc:10.1.0.12:40175|dataStream:10.1.0.12:35007|priority:1|startupRole:FOLLOWER]|listeners:[], old=null
2023-01-08 22:30:52,634 [739e0a5a-91fd-46ce-99c6-277f52566479@group-160E0352A5AA-FollowerState] INFO  server.RaftServerConfigKeys (ConfUtils.java:logFallback(53)) - raft.server.rpc.first-election.timeout.min = 5s (fallback to raft.server.rpc.timeout.min)
2023-01-08 22:30:52,643 [d2cb6247-0f92-4e0f-9f0c-5b2ce80c0115@group-160E0352A5AA-LeaderElection10] INFO  impl.LeaderElection (LeaderElection.java:logAndReturn(90)) - d2cb6247-0f92-4e0f-9f0c-5b2ce80c0115@group-160E0352A5AA-LeaderElection10: ELECTION PASSED received 1 response(s) and 0 exception(s):
2023-01-08 22:30:52,643 [d2cb6247-0f92-4e0f-9f0c-5b2ce80c0115@group-160E0352A5AA-LeaderElection10] INFO  impl.LeaderElection (LeaderElection.java:logAndReturn(94)) -   Response 0: d2cb6247-0f92-4e0f-9f0c-5b2ce80c0115<-739e0a5a-91fd-46ce-99c6-277f52566479#0:OK-t1
2023-01-08 22:30:52,643 [d2cb6247-0f92-4e0f-9f0c-5b2ce80c0115@group-160E0352A5AA-LeaderElection10] INFO  impl.LeaderElection (LeaderElection.java:askForVotes(314)) - d2cb6247-0f92-4e0f-9f0c-5b2ce80c0115@group-160E0352A5AA-LeaderElection10 ELECTION round 0: result PASSED
2023-01-08 22:30:52,643 [739e0a5a-91fd-46ce-99c6-277f52566479@group-160E0352A5AA-FollowerState] INFO  server.RaftServerConfigKeys (ConfUtils.java:logFallback(53)) - raft.server.rpc.first-election.timeout.max = 5200ms (fallback to raft.server.rpc.timeout.max)
2023-01-08 22:30:52,643 [d2cb6247-0f92-4e0f-9f0c-5b2ce80c0115@group-160E0352A5AA-LeaderElection10] INFO  impl.RoleInfo (RoleInfo.java:shutdownLeaderElection(130)) - d2cb6247-0f92-4e0f-9f0c-5b2ce80c0115: shutdown d2cb6247-0f92-4e0f-9f0c-5b2ce80c0115@group-160E0352A5AA-LeaderElection10
2023-01-08 22:30:52,644 [grpc-default-executor-0] INFO  server.RaftServer$Division (RaftServerImpl.java:requestVote(1218)) - e7301f7c-5c47-48c7-9f47-e06452a04696@group-160E0352A5AA: receive requestVote(ELECTION, d2cb6247-0f92-4e0f-9f0c-5b2ce80c0115, group-160E0352A5AA, 1, (t:0, i:0))
2023-01-08 22:30:52,644 [d2cb6247-0f92-4e0f-9f0c-5b2ce80c0115@group-160E0352A5AA-LeaderElection10] INFO  server.RaftServer$Division (RaftServerImpl.java:setRole(321)) - d2cb6247-0f92-4e0f-9f0c-5b2ce80c0115@group-160E0352A5AA: changes role from CANDIDATE to LEADER at term 1 for changeToLeader
2023-01-08 22:30:52,644 [d2cb6247-0f92-4e0f-9f0c-5b2ce80c0115@group-160E0352A5AA-LeaderElection10] INFO  ratis.XceiverServerRatis (XceiverServerRatis.java:handleLeaderChangedNotification(904)) - Leader change notification received for group: group-160E0352A5AA with new leaderId: d2cb6247-0f92-4e0f-9f0c-5b2ce80c0115
2023-01-08 22:30:52,644 [grpc-default-executor-0] INFO  impl.VoteContext (VoteContext.java:log(49)) - e7301f7c-5c47-48c7-9f47-e06452a04696@group-160E0352A5AA-FOLLOWER: accept ELECTION from d2cb6247-0f92-4e0f-9f0c-5b2ce80c0115: our priority 0 <= candidate's priority 1
2023-01-08 22:30:52,644 [grpc-default-executor-0] INFO  server.RaftServer$Division (RaftServerImpl.java:setRole(321)) - e7301f7c-5c47-48c7-9f47-e06452a04696@group-160E0352A5AA: changes role from  FOLLOWER to FOLLOWER at term 1 for candidate:d2cb6247-0f92-4e0f-9f0c-5b2ce80c0115
2023-01-08 22:30:52,644 [grpc-default-executor-0] INFO  impl.RoleInfo (RoleInfo.java:shutdownFollowerState(110)) - e7301f7c-5c47-48c7-9f47-e06452a04696: shutdown e7301f7c-5c47-48c7-9f47-e06452a04696@group-160E0352A5AA-FollowerState
2023-01-08 22:30:52,644 [d2cb6247-0f92-4e0f-9f0c-5b2ce80c0115@group-160E0352A5AA-LeaderElection10] INFO  server.RaftServer$Division (ServerState.java:setLeader(313)) - d2cb6247-0f92-4e0f-9f0c-5b2ce80c0115@group-160E0352A5AA: change Leader from null to d2cb6247-0f92-4e0f-9f0c-5b2ce80c0115 at term 1 for becomeLeader, leader elected after 5182ms
2023-01-08 22:30:52,644 [grpc-default-executor-0] INFO  impl.RoleInfo (RoleInfo.java:updateAndGet(139)) - e7301f7c-5c47-48c7-9f47-e06452a04696: start e7301f7c-5c47-48c7-9f47-e06452a04696@group-160E0352A5AA-FollowerState
2023-01-08 22:30:52,644 [d2cb6247-0f92-4e0f-9f0c-5b2ce80c0115@group-160E0352A5AA-LeaderElection10] INFO  server.RaftServerConfigKeys (ConfUtils.java:logGet(46)) - raft.server.staging.catchup.gap = 1000 (default)
2023-01-08 22:30:52,644 [e7301f7c-5c47-48c7-9f47-e06452a04696@group-160E0352A5AA-FollowerState] INFO  impl.FollowerState (FollowerState.java:run(152)) - e7301f7c-5c47-48c7-9f47-e06452a04696@group-160E0352A5AA-FollowerState was interrupted
2023-01-08 22:30:52,649 [EventQueue-PipelineReportForPipelineReportHandler] INFO  pipeline.PipelineManagerImpl (PipelineManagerImpl.java:openPipeline(367)) - Pipeline Pipeline[ Id: 6c145882-b56c-480b-b8eb-160e0352a5aa, Nodes: d2cb6247-0f92-4e0f-9f0c-5b2ce80c0115{ip: 10.1.0.12, host: fv-az390-965.2udvygdcjcjuphbbpa4zxtqymb.gx.internal.cloudapp.net, ports: [REPLICATION=38591, RATIS=40175, RATIS_ADMIN=40175, RATIS_SERVER=40175, RATIS_DATASTREAM=35007, STANDALONE=46877], networkLocation: /default-rack, certSerialId: null, persistedOpState: IN_SERVICE, persistedOpStateExpiryEpochSec: 0}739e0a5a-91fd-46ce-99c6-277f52566479{ip: 10.1.0.12, host: fv-az390-965.2udvygdcjcjuphbbpa4zxtqymb.gx.internal.cloudapp.net, ports: [REPLICATION=41845, RATIS=38543, RATIS_ADMIN=38543, RATIS_SERVER=38543, RATIS_DATASTREAM=44013, STANDALONE=37419], networkLocation: /default-rack, certSerialId: null, persistedOpState: IN_SERVICE, persistedOpStateExpiryEpochSec: 0}e7301f7c-5c47-48c7-9f47-e06452a04696{ip: 10.1.0.12, host: fv-az390-965.2udvygdcjcjuphbbpa4zxtqymb.gx.internal.cloudapp.net, ports: [REPLICATION=41061, RATIS=37583, RATIS_ADMIN=37583, RATIS_SERVER=37583, RATIS_DATASTREAM=38057, STANDALONE=39145], networkLocation: /default-rack, certSerialId: null, persistedOpState: IN_SERVICE, persistedOpStateExpiryEpochSec: 0}, ReplicationConfig: RATIS/THREE, State:ALLOCATED, leaderId:d2cb6247-0f92-4e0f-9f0c-5b2ce80c0115, CreationTimestamp2023-01-08T22:30:44.942Z[Etc/UTC]] moved to OPEN state
2023-01-08 22:30:52,650 [EventQueue-OpenPipelineForHealthyPipelineSafeModeRule] INFO  safemode.SCMSafeModeManager (HealthyPipelineSafeModeRule.java:process(137)) - SCM in safe mode. Healthy pipelines reported count is 0, required healthy pipeline reported count is 1
2023-01-08 22:30:52,651 [d2cb6247-0f92-4e0f-9f0c-5b2ce80c0115@group-160E0352A5AA-LeaderElection10] INFO  server.RaftServerConfigKeys (ConfUtils.java:logGet(46)) - raft.server.write.element-limit = 1024 (custom)
2023-01-08 22:30:52,651 [d2cb6247-0f92-4e0f-9f0c-5b2ce80c0115@group-160E0352A5AA-LeaderElection10] INFO  server.RaftServerConfigKeys (ConfUtils.java:logGet(46)) - raft.server.write.byte-limit = 1024 M (=1073741824) (custom)
2023-01-08 22:30:52,651 [grpc-default-executor-0] INFO  server.RaftServer$Division (RaftServerImpl.java:requestVote(1251)) - e7301f7c-5c47-48c7-9f47-e06452a04696@group-160E0352A5AA replies to ELECTION vote request: d2cb6247-0f92-4e0f-9f0c-5b2ce80c0115<-e7301f7c-5c47-48c7-9f47-e06452a04696#0:OK-t1. Peer's state: e7301f7c-5c47-48c7-9f47-e06452a04696@group-160E0352A5AA:t1, leader=null, voted=d2cb6247-0f92-4e0f-9f0c-5b2ce80c0115, raftlog=Memoized:e7301f7c-5c47-48c7-9f47-e06452a04696@group-160E0352A5AA-SegmentedRaftLog:OPENED:c-1, conf=-1: peers:[739e0a5a-91fd-46ce-99c6-277f52566479|rpc:10.1.0.12:38543|dataStream:10.1.0.12:44013|priority:0|startupRole:FOLLOWER, e7301f7c-5c47-48c7-9f47-e06452a04696|rpc:10.1.0.12:37583|dataStream:10.1.0.12:38057|priority:0|startupRole:FOLLOWER, d2cb6247-0f92-4e0f-9f0c-5b2ce80c0115|rpc:10.1.0.12:40175|dataStream:10.1.0.12:35007|priority:1|startupRole:FOLLOWER]|listeners:[], old=null
2023-01-08 22:30:52,651 [d2cb6247-0f92-4e0f-9f0c-5b2ce80c0115@group-160E0352A5AA-LeaderElection10] INFO  server.RaftServerConfigKeys (ConfUtils.java:logGet(46)) - raft.server.watch.timeout = 180s (custom)
2023-01-08 22:30:52,651 [d2cb6247-0f92-4e0f-9f0c-5b2ce80c0115@group-160E0352A5AA-LeaderElection10] INFO  server.RaftServerConfigKeys (ConfUtils.java:logGet(46)) - raft.server.watch.timeout.denomination = 1s (default)
2023-01-08 22:30:52,651 [d2cb6247-0f92-4e0f-9f0c-5b2ce80c0115@group-160E0352A5AA-LeaderElection10] INFO  server.RaftServerConfigKeys (ConfUtils.java:logGet(46)) - raft.server.watch.element-limit = 65536 (default)
2023-01-08 22:30:52,651 [d2cb6247-0f92-4e0f-9f0c-5b2ce80c0115@group-160E0352A5AA-LeaderElection10] INFO  server.RaftServerConfigKeys (ConfUtils.java:logGet(46)) - raft.server.write.element-limit = 1024 (custom)
2023-01-08 22:30:52,651 [d2cb6247-0f92-4e0f-9f0c-5b2ce80c0115@group-160E0352A5AA-LeaderElection10] INFO  server.RaftServerConfigKeys (ConfUtils.java:logGet(46)) - raft.server.write.follower.gap.ratio.max = -1.0 (default)
2023-01-08 22:30:52,654 [EventQueue-OpenPipelineForHealthyPipelineSafeModeRule] INFO  safemode.SCMSafeModeManager (HealthyPipelineSafeModeRule.java:process(137)) - SCM in safe mode. Healthy pipelines reported count is 1, required healthy pipeline reported count is 1
2023-01-08 22:30:52,654 [EventQueue-OpenPipelineForHealthyPipelineSafeModeRule] INFO  safemode.SCMSafeModeManager (SCMSafeModeManager.java:validateSafeModeExitRules(200)) - HealthyPipelineSafeModeRule rule is successfully validated
2023-01-08 22:30:52,654 [EventQueue-OpenPipelineForHealthyPipelineSafeModeRule] INFO  safemode.SCMSafeModeManager (SCMSafeModeManager.java:validateSafeModeExitRules(215)) - ScmSafeModeManager, all rules are successfully validated
2023-01-08 22:30:52,654 [EventQueue-OpenPipelineForHealthyPipelineSafeModeRule] INFO  safemode.SCMSafeModeManager (SCMSafeModeManager.java:exitSafeMode(244)) - SCM exiting safe mode.
2023-01-08 22:30:52,654 [EventQueue-OpenPipelineForHealthyPipelineSafeModeRule] INFO  ha.SCMContext (SCMContext.java:updateSafeModeStatus(228)) - Update SafeModeStatus from SafeModeStatus{safeModeStatus=true, preCheckPassed=true} to SafeModeStatus{safeModeStatus=false, preCheckPassed=true}.
2023-01-08 22:30:52,654 [EventQueue-OpenPipelineForHealthyPipelineSafeModeRule] INFO  pipeline.BackgroundPipelineCreator (BackgroundPipelineCreator.java:notifyStatusChanged(254)) - Service BackgroundPipelineCreator transitions to RUNNING.
2023-01-08 22:30:52,654 [EventQueue-OpenPipelineForHealthyPipelineSafeModeRule] INFO  BackgroundPipelineScrubber (BackgroundSCMService.java:notifyStatusChanged(82)) - Service BackgroundPipelineScrubber transitions to RUNNING.
2023-01-08 22:30:52,654 [EventQueue-OpenPipelineForHealthyPipelineSafeModeRule] INFO  ExpiredContainerReplicaOpScrubber (BackgroundSCMService.java:notifyStatusChanged(82)) - Service ExpiredContainerReplicaOpScrubber transitions to RUNNING.
2023-01-08 22:30:52,654 [EventQueue-OpenPipelineForHealthyPipelineSafeModeRule] INFO  replication.ReplicationManager (ReplicationManager.java:notifyStatusChanged(918)) - Service ReplicationManager transitions to RUNNING.
2023-01-08 22:30:52,658 [e7301f7c-5c47-48c7-9f47-e06452a04696@group-160E0352A5AA-FollowerState] INFO  server.RaftServerConfigKeys (ConfUtils.java:logFallback(53)) - raft.server.rpc.first-election.timeout.min = 5s (fallback to raft.server.rpc.timeout.min)
2023-01-08 22:30:52,658 [e7301f7c-5c47-48c7-9f47-e06452a04696@group-160E0352A5AA-FollowerState] INFO  server.RaftServerConfigKeys (ConfUtils.java:logFallback(53)) - raft.server.rpc.first-election.timeout.max = 5200ms (fallback to raft.server.rpc.timeout.max)
2023-01-08 22:30:52,658 [EventQueue-OpenPipelineForHealthyPipelineSafeModeRule] WARN  balancer.ContainerBalancer (ContainerBalancer.java:shouldRun(131)) - Could not find persisted configuration for ContainerBalancer when checking if ContainerBalancer should run. ContainerBalancer should not run now.
2023-01-08 22:30:52,669 [d2cb6247-0f92-4e0f-9f0c-5b2ce80c0115@group-160E0352A5AA-LeaderElection10] INFO  server.RaftServerConfigKeys (ConfUtils.java:logGet(46)) - raft.server.log.appender.snapshot.chunk.size.max = 16MB (=16777216) (default)
2023-01-08 22:30:52,669 [d2cb6247-0f92-4e0f-9f0c-5b2ce80c0115@group-160E0352A5AA-LeaderElection10] INFO  server.RaftServerConfigKeys (ConfUtils.java:logGet(46)) - raft.server.log.appender.buffer.byte-limit = 33554432 (custom)
2023-01-08 22:30:52,669 [d2cb6247-0f92-4e0f-9f0c-5b2ce80c0115@group-160E0352A5AA-LeaderElection10] INFO  server.RaftServerConfigKeys (ConfUtils.java:logGet(46)) - raft.server.log.appender.buffer.element-limit = 1 (custom)
2023-01-08 22:30:52,671 [d2cb6247-0f92-4e0f-9f0c-5b2ce80c0115@group-160E0352A5AA-LeaderElection10] INFO  grpc.GrpcConfigKeys (ConfUtils.java:logGet(46)) - raft.grpc.server.leader.outstanding.appends.max = 128 (default)
2023-01-08 22:30:52,671 [d2cb6247-0f92-4e0f-9f0c-5b2ce80c0115@group-160E0352A5AA-LeaderElection10] INFO  server.RaftServerConfigKeys (ConfUtils.java:logGet(46)) - raft.server.rpc.request.timeout = 60s (custom)
2023-01-08 22:30:52,671 [d2cb6247-0f92-4e0f-9f0c-5b2ce80c0115@group-160E0352A5AA-LeaderElection10] INFO  server.RaftServerConfigKeys (ConfUtils.java:logGet(46)) - raft.server.log.appender.install.snapshot.enabled = false (custom)
2023-01-08 22:30:52,671 [d2cb6247-0f92-4e0f-9f0c-5b2ce80c0115@group-160E0352A5AA-LeaderElection10] INFO  grpc.GrpcConfigKeys (ConfUtils.java:logGet(46)) - raft.grpc.server.heartbeat.channel = true (default)
2023-01-08 22:30:52,672 [d2cb6247-0f92-4e0f-9f0c-5b2ce80c0115@group-160E0352A5AA-LeaderElection10] INFO  server.RaftServerConfigKeys (ConfUtils.java:logGet(46)) - raft.server.log.appender.wait-time.min = 10ms (default)
2023-01-08 22:30:52,674 [d2cb6247-0f92-4e0f-9f0c-5b2ce80c0115@group-160E0352A5AA-LeaderElection10] INFO  server.RaftServerConfigKeys (ConfUtils.java:logGet(46)) - raft.server.log.appender.snapshot.chunk.size.max = 16MB (=16777216) (default)
2023-01-08 22:30:52,675 [d2cb6247-0f92-4e0f-9f0c-5b2ce80c0115@group-160E0352A5AA-LeaderElection10] INFO  server.RaftServerConfigKeys (ConfUtils.java:logGet(46)) - raft.server.log.appender.buffer.byte-limit = 33554432 (custom)
2023-01-08 22:30:52,675 [d2cb6247-0f92-4e0f-9f0c-5b2ce80c0115@group-160E0352A5AA-LeaderElection10] INFO  server.RaftServerConfigKeys (ConfUtils.java:logGet(46)) - raft.server.log.appender.buffer.element-limit = 1 (custom)
2023-01-08 22:30:52,675 [d2cb6247-0f92-4e0f-9f0c-5b2ce80c0115@group-160E0352A5AA-LeaderElection10] INFO  grpc.GrpcConfigKeys (ConfUtils.java:logGet(46)) - raft.grpc.server.leader.outstanding.appends.max = 128 (default)
2023-01-08 22:30:52,675 [d2cb6247-0f92-4e0f-9f0c-5b2ce80c0115@group-160E0352A5AA-LeaderElection10] INFO  server.RaftServerConfigKeys (ConfUtils.java:logGet(46)) - raft.server.rpc.request.timeout = 60s (custom)
2023-01-08 22:30:52,675 [d2cb6247-0f92-4e0f-9f0c-5b2ce80c0115@group-160E0352A5AA-LeaderElection10] INFO  server.RaftServerConfigKeys (ConfUtils.java:logGet(46)) - raft.server.log.appender.install.snapshot.enabled = false (custom)
2023-01-08 22:30:52,675 [d2cb6247-0f92-4e0f-9f0c-5b2ce80c0115@group-160E0352A5AA-LeaderElection10] INFO  grpc.GrpcConfigKeys (ConfUtils.java:logGet(46)) - raft.grpc.server.heartbeat.channel = true (default)
2023-01-08 22:30:52,675 [d2cb6247-0f92-4e0f-9f0c-5b2ce80c0115@group-160E0352A5AA-LeaderElection10] INFO  server.RaftServerConfigKeys (ConfUtils.java:logGet(46)) - raft.server.log.appender.wait-time.min = 10ms (default)
2023-01-08 22:30:52,677 [d2cb6247-0f92-4e0f-9f0c-5b2ce80c0115@group-160E0352A5AA-LeaderElection10] INFO  impl.RoleInfo (RoleInfo.java:updateAndGet(139)) - d2cb6247-0f92-4e0f-9f0c-5b2ce80c0115: start d2cb6247-0f92-4e0f-9f0c-5b2ce80c0115@group-160E0352A5AA-LeaderStateImpl
2023-01-08 22:30:52,677 [d2cb6247-0f92-4e0f-9f0c-5b2ce80c0115@group-160E0352A5AA-LeaderElection10] INFO  segmented.SegmentedRaftLogWorker (SegmentedRaftLogWorker.java:startLogSegment(452)) - d2cb6247-0f92-4e0f-9f0c-5b2ce80c0115@group-160E0352A5AA-SegmentedRaftLogWorker: Starting segment from index:0
2023-01-08 22:30:52,678 [d2cb6247-0f92-4e0f-9f0c-5b2ce80c0115@group-160E0352A5AA-SegmentedRaftLogWorker] INFO  segmented.SegmentedRaftLogWorker (SegmentedRaftLogWorker.java:execute(656)) - d2cb6247-0f92-4e0f-9f0c-5b2ce80c0115@group-160E0352A5AA-SegmentedRaftLogWorker: created new log segment /home/runner/work/ozone/ozone/hadoop-ozone/integration-test/target/test-dir/MiniOzoneClusterImpl-3463507a-8a94-4be2-9691-6a94fb394e4a/datanode-3/data/ratis/6c145882-b56c-480b-b8eb-160e0352a5aa/current/log_inprogress_0
2023-01-08 22:30:52,690 [d2cb6247-0f92-4e0f-9f0c-5b2ce80c0115@group-160E0352A5AA-LeaderElection10] INFO  server.RaftServer$Division (ServerState.java:setRaftConf(430)) - d2cb6247-0f92-4e0f-9f0c-5b2ce80c0115@group-160E0352A5AA: set configuration 0: peers:[739e0a5a-91fd-46ce-99c6-277f52566479|rpc:10.1.0.12:38543|dataStream:10.1.0.12:44013|priority:0|startupRole:FOLLOWER, e7301f7c-5c47-48c7-9f47-e06452a04696|rpc:10.1.0.12:37583|dataStream:10.1.0.12:38057|priority:0|startupRole:FOLLOWER, d2cb6247-0f92-4e0f-9f0c-5b2ce80c0115|rpc:10.1.0.12:40175|dataStream:10.1.0.12:35007|priority:1|startupRole:FOLLOWER]|listeners:[], old=null
2023-01-08 22:30:52,733 [e7301f7c-5c47-48c7-9f47-e06452a04696-server-thread2] INFO  ratis.XceiverServerRatis (XceiverServerRatis.java:handleLeaderChangedNotification(904)) - Leader change notification received for group: group-160E0352A5AA with new leaderId: d2cb6247-0f92-4e0f-9f0c-5b2ce80c0115
2023-01-08 22:30:52,734 [739e0a5a-91fd-46ce-99c6-277f52566479-server-thread1] INFO  ratis.XceiverServerRatis (XceiverServerRatis.java:handleLeaderChangedNotification(904)) - Leader change notification received for group: group-160E0352A5AA with new leaderId: d2cb6247-0f92-4e0f-9f0c-5b2ce80c0115
2023-01-08 22:30:52,734 [e7301f7c-5c47-48c7-9f47-e06452a04696-server-thread2] INFO  server.RaftServer$Division (ServerState.java:setLeader(313)) - e7301f7c-5c47-48c7-9f47-e06452a04696@group-160E0352A5AA: change Leader from null to d2cb6247-0f92-4e0f-9f0c-5b2ce80c0115 at term 1 for appendEntries, leader elected after 4819ms
2023-01-08 22:30:52,734 [739e0a5a-91fd-46ce-99c6-277f52566479-server-thread1] INFO  server.RaftServer$Division (ServerState.java:setLeader(313)) - 739e0a5a-91fd-46ce-99c6-277f52566479@group-160E0352A5AA: change Leader from null to d2cb6247-0f92-4e0f-9f0c-5b2ce80c0115 at term 1 for appendEntries, leader elected after 5237ms
2023-01-08 22:30:52,737 [e7301f7c-5c47-48c7-9f47-e06452a04696-server-thread1] INFO  server.RaftServer$Division (ServerState.java:setRaftConf(430)) - e7301f7c-5c47-48c7-9f47-e06452a04696@group-160E0352A5AA: set configuration 0: peers:[739e0a5a-91fd-46ce-99c6-277f52566479|rpc:10.1.0.12:38543|dataStream:10.1.0.12:44013|priority:0|startupRole:FOLLOWER, e7301f7c-5c47-48c7-9f47-e06452a04696|rpc:10.1.0.12:37583|dataStream:10.1.0.12:38057|priority:0|startupRole:FOLLOWER, d2cb6247-0f92-4e0f-9f0c-5b2ce80c0115|rpc:10.1.0.12:40175|dataStream:10.1.0.12:35007|priority:1|startupRole:FOLLOWER]|listeners:[], old=null
2023-01-08 22:30:52,738 [e7301f7c-5c47-48c7-9f47-e06452a04696-server-thread1] INFO  segmented.SegmentedRaftLogWorker (SegmentedRaftLogWorker.java:startLogSegment(452)) - e7301f7c-5c47-48c7-9f47-e06452a04696@group-160E0352A5AA-SegmentedRaftLogWorker: Starting segment from index:0
2023-01-08 22:30:52,743 [739e0a5a-91fd-46ce-99c6-277f52566479-server-thread2] INFO  server.RaftServer$Division (ServerState.java:setRaftConf(430)) - 739e0a5a-91fd-46ce-99c6-277f52566479@group-160E0352A5AA: set configuration 0: peers:[739e0a5a-91fd-46ce-99c6-277f52566479|rpc:10.1.0.12:38543|dataStream:10.1.0.12:44013|priority:0|startupRole:FOLLOWER, e7301f7c-5c47-48c7-9f47-e06452a04696|rpc:10.1.0.12:37583|dataStream:10.1.0.12:38057|priority:0|startupRole:FOLLOWER, d2cb6247-0f92-4e0f-9f0c-5b2ce80c0115|rpc:10.1.0.12:40175|dataStream:10.1.0.12:35007|priority:1|startupRole:FOLLOWER]|listeners:[], old=null
2023-01-08 22:30:52,743 [739e0a5a-91fd-46ce-99c6-277f52566479-server-thread2] INFO  segmented.SegmentedRaftLogWorker (SegmentedRaftLogWorker.java:startLogSegment(452)) - 739e0a5a-91fd-46ce-99c6-277f52566479@group-160E0352A5AA-SegmentedRaftLogWorker: Starting segment from index:0
2023-01-08 22:30:52,746 [739e0a5a-91fd-46ce-99c6-277f52566479@group-160E0352A5AA-SegmentedRaftLogWorker] INFO  segmented.SegmentedRaftLogWorker (SegmentedRaftLogWorker.java:execute(656)) - 739e0a5a-91fd-46ce-99c6-277f52566479@group-160E0352A5AA-SegmentedRaftLogWorker: created new log segment /home/runner/work/ozone/ozone/hadoop-ozone/integration-test/target/test-dir/MiniOzoneClusterImpl-3463507a-8a94-4be2-9691-6a94fb394e4a/datanode-5/data/ratis/6c145882-b56c-480b-b8eb-160e0352a5aa/current/log_inprogress_0
2023-01-08 22:30:52,747 [e7301f7c-5c47-48c7-9f47-e06452a04696@group-160E0352A5AA-SegmentedRaftLogWorker] INFO  segmented.SegmentedRaftLogWorker (SegmentedRaftLogWorker.java:execute(656)) - e7301f7c-5c47-48c7-9f47-e06452a04696@group-160E0352A5AA-SegmentedRaftLogWorker: created new log segment /home/runner/work/ozone/ozone/hadoop-ozone/integration-test/target/test-dir/MiniOzoneClusterImpl-3463507a-8a94-4be2-9691-6a94fb394e4a/datanode-4/data/ratis/6c145882-b56c-480b-b8eb-160e0352a5aa/current/log_inprogress_0
2023-01-08 22:30:52,990 [e7301f7c-5c47-48c7-9f47-e06452a04696@group-6A284D3F9087-FollowerState] INFO  impl.FollowerState (FollowerState.java:run(143)) - e7301f7c-5c47-48c7-9f47-e06452a04696@group-6A284D3F9087-FollowerState: change to CANDIDATE, lastRpcElapsedTime:5096348241ns, electionTimeout:5079ms
2023-01-08 22:30:52,990 [e7301f7c-5c47-48c7-9f47-e06452a04696@group-6A284D3F9087-FollowerState] INFO  impl.RoleInfo (RoleInfo.java:shutdownFollowerState(110)) - e7301f7c-5c47-48c7-9f47-e06452a04696: shutdown e7301f7c-5c47-48c7-9f47-e06452a04696@group-6A284D3F9087-FollowerState
2023-01-08 22:30:52,990 [e7301f7c-5c47-48c7-9f47-e06452a04696@group-6A284D3F9087-FollowerState] INFO  server.RaftServer$Division (RaftServerImpl.java:setRole(321)) - e7301f7c-5c47-48c7-9f47-e06452a04696@group-6A284D3F9087: changes role from  FOLLOWER to CANDIDATE at term 0 for changeToCandidate
2023-01-08 22:30:52,990 [e7301f7c-5c47-48c7-9f47-e06452a04696@group-6A284D3F9087-FollowerState] INFO  server.RaftServerConfigKeys (ConfUtils.java:logGet(46)) - raft.server.leaderelection.pre-vote = false (custom)
2023-01-08 22:30:52,990 [e7301f7c-5c47-48c7-9f47-e06452a04696@group-6A284D3F9087-FollowerState] INFO  impl.RoleInfo (RoleInfo.java:updateAndGet(139)) - e7301f7c-5c47-48c7-9f47-e06452a04696: start e7301f7c-5c47-48c7-9f47-e06452a04696@group-6A284D3F9087-LeaderElection11
2023-01-08 22:30:52,994 [e7301f7c-5c47-48c7-9f47-e06452a04696@group-6A284D3F9087-LeaderElection11] INFO  impl.LeaderElection (LeaderElection.java:askForVotes(312)) - e7301f7c-5c47-48c7-9f47-e06452a04696@group-6A284D3F9087-LeaderElection11 ELECTION round 0: submit vote requests at term 1 for -1: peers:[e7301f7c-5c47-48c7-9f47-e06452a04696|rpc:10.1.0.12:37583|dataStream:10.1.0.12:38057|priority:1|startupRole:FOLLOWER]|listeners:[], old=null
2023-01-08 22:30:52,995 [e7301f7c-5c47-48c7-9f47-e06452a04696@group-6A284D3F9087-LeaderElection11] INFO  impl.LeaderElection (LeaderElection.java:askForVotes(314)) - e7301f7c-5c47-48c7-9f47-e06452a04696@group-6A284D3F9087-LeaderElection11 ELECTION round 0: result PASSED (term=1)
2023-01-08 22:30:52,995 [e7301f7c-5c47-48c7-9f47-e06452a04696@group-6A284D3F9087-LeaderElection11] INFO  impl.RoleInfo (RoleInfo.java:shutdownLeaderElection(130)) - e7301f7c-5c47-48c7-9f47-e06452a04696: shutdown e7301f7c-5c47-48c7-9f47-e06452a04696@group-6A284D3F9087-LeaderElection11
2023-01-08 22:30:52,995 [e7301f7c-5c47-48c7-9f47-e06452a04696@group-6A284D3F9087-LeaderElection11] INFO  server.RaftServer$Division (RaftServerImpl.java:setRole(321)) - e7301f7c-5c47-48c7-9f47-e06452a04696@group-6A284D3F9087: changes role from CANDIDATE to LEADER at term 1 for changeToLeader
2023-01-08 22:30:52,995 [e7301f7c-5c47-48c7-9f47-e06452a04696@group-6A284D3F9087-LeaderElection11] INFO  ratis.XceiverServerRatis (XceiverServerRatis.java:handleLeaderChangedNotification(904)) - Leader change notification received for group: group-6A284D3F9087 with new leaderId: e7301f7c-5c47-48c7-9f47-e06452a04696
2023-01-08 22:30:52,996 [e7301f7c-5c47-48c7-9f47-e06452a04696@group-6A284D3F9087-LeaderElection11] INFO  server.RaftServer$Division (ServerState.java:setLeader(313)) - e7301f7c-5c47-48c7-9f47-e06452a04696@group-6A284D3F9087: change Leader from null to e7301f7c-5c47-48c7-9f47-e06452a04696 at term 1 for becomeLeader, leader elected after 5135ms
2023-01-08 22:30:52,999 [e7301f7c-5c47-48c7-9f47-e06452a04696@group-6A284D3F9087-LeaderElection11] INFO  server.RaftServerConfigKeys (ConfUtils.java:logGet(46)) - raft.server.staging.catchup.gap = 1000 (default)
2023-01-08 22:30:52,999 [e7301f7c-5c47-48c7-9f47-e06452a04696@group-6A284D3F9087-LeaderElection11] INFO  server.RaftServerConfigKeys (ConfUtils.java:logGet(46)) - raft.server.write.element-limit = 1024 (custom)
2023-01-08 22:30:52,999 [e7301f7c-5c47-48c7-9f47-e06452a04696@group-6A284D3F9087-LeaderElection11] INFO  server.RaftServerConfigKeys (ConfUtils.java:logGet(46)) - raft.server.write.byte-limit = 1024 M (=1073741824) (custom)
2023-01-08 22:30:52,999 [e7301f7c-5c47-48c7-9f47-e06452a04696@group-6A284D3F9087-LeaderElection11] INFO  server.RaftServerConfigKeys (ConfUtils.java:logGet(46)) - raft.server.watch.timeout = 180s (custom)
2023-01-08 22:30:52,999 [e7301f7c-5c47-48c7-9f47-e06452a04696@group-6A284D3F9087-LeaderElection11] INFO  server.RaftServerConfigKeys (ConfUtils.java:logGet(46)) - raft.server.watch.timeout.denomination = 1s (default)
2023-01-08 22:30:53,000 [e7301f7c-5c47-48c7-9f47-e06452a04696@group-6A284D3F9087-LeaderElection11] INFO  server.RaftServerConfigKeys (ConfUtils.java:logGet(46)) - raft.server.watch.element-limit = 65536 (default)
2023-01-08 22:30:53,000 [e7301f7c-5c47-48c7-9f47-e06452a04696@group-6A284D3F9087-LeaderElection11] INFO  server.RaftServerConfigKeys (ConfUtils.java:logGet(46)) - raft.server.write.element-limit = 1024 (custom)
2023-01-08 22:30:53,000 [e7301f7c-5c47-48c7-9f47-e06452a04696@group-6A284D3F9087-LeaderElection11] INFO  server.RaftServerConfigKeys (ConfUtils.java:logGet(46)) - raft.server.write.follower.gap.ratio.max = -1.0 (default)
2023-01-08 22:30:53,000 [e7301f7c-5c47-48c7-9f47-e06452a04696@group-6A284D3F9087-LeaderElection11] INFO  impl.RoleInfo (RoleInfo.java:updateAndGet(139)) - e7301f7c-5c47-48c7-9f47-e06452a04696: start e7301f7c-5c47-48c7-9f47-e06452a04696@group-6A284D3F9087-LeaderStateImpl
2023-01-08 22:30:53,000 [e7301f7c-5c47-48c7-9f47-e06452a04696@group-6A284D3F9087-LeaderElection11] INFO  segmented.SegmentedRaftLogWorker (SegmentedRaftLogWorker.java:startLogSegment(452)) - e7301f7c-5c47-48c7-9f47-e06452a04696@group-6A284D3F9087-SegmentedRaftLogWorker: Starting segment from index:0
2023-01-08 22:30:53,001 [e7301f7c-5c47-48c7-9f47-e06452a04696@group-6A284D3F9087-LeaderElection11] INFO  server.RaftServer$Division (ServerState.java:setRaftConf(430)) - e7301f7c-5c47-48c7-9f47-e06452a04696@group-6A284D3F9087: set configuration 0: peers:[e7301f7c-5c47-48c7-9f47-e06452a04696|rpc:10.1.0.12:37583|dataStream:10.1.0.12:38057|priority:1|startupRole:FOLLOWER]|listeners:[], old=null
2023-01-08 22:30:53,002 [e7301f7c-5c47-48c7-9f47-e06452a04696@group-6A284D3F9087-SegmentedRaftLogWorker] INFO  segmented.SegmentedRaftLogWorker (SegmentedRaftLogWorker.java:execute(656)) - e7301f7c-5c47-48c7-9f47-e06452a04696@group-6A284D3F9087-SegmentedRaftLogWorker: created new log segment /home/runner/work/ozone/ozone/hadoop-ozone/integration-test/target/test-dir/MiniOzoneClusterImpl-3463507a-8a94-4be2-9691-6a94fb394e4a/datanode-4/data/ratis/80ba83ca-6906-4832-b61e-6a284d3f9087/current/log_inprogress_0
2023-01-08 22:30:53,152 [739e0a5a-91fd-46ce-99c6-277f52566479@group-984C2871F6B5-FollowerState] INFO  impl.FollowerState (FollowerState.java:run(143)) - 739e0a5a-91fd-46ce-99c6-277f52566479@group-984C2871F6B5-FollowerState: change to CANDIDATE, lastRpcElapsedTime:5177239300ns, electionTimeout:5176ms
2023-01-08 22:30:53,152 [739e0a5a-91fd-46ce-99c6-277f52566479@group-984C2871F6B5-FollowerState] INFO  impl.RoleInfo (RoleInfo.java:shutdownFollowerState(110)) - 739e0a5a-91fd-46ce-99c6-277f52566479: shutdown 739e0a5a-91fd-46ce-99c6-277f52566479@group-984C2871F6B5-FollowerState
2023-01-08 22:30:53,152 [739e0a5a-91fd-46ce-99c6-277f52566479@group-984C2871F6B5-FollowerState] INFO  server.RaftServer$Division (RaftServerImpl.java:setRole(321)) - 739e0a5a-91fd-46ce-99c6-277f52566479@group-984C2871F6B5: changes role from  FOLLOWER to CANDIDATE at term 0 for changeToCandidate
2023-01-08 22:30:53,152 [739e0a5a-91fd-46ce-99c6-277f52566479@group-984C2871F6B5-FollowerState] INFO  server.RaftServerConfigKeys (ConfUtils.java:logGet(46)) - raft.server.leaderelection.pre-vote = false (custom)
2023-01-08 22:30:53,152 [739e0a5a-91fd-46ce-99c6-277f52566479@group-984C2871F6B5-FollowerState] INFO  impl.RoleInfo (RoleInfo.java:updateAndGet(139)) - 739e0a5a-91fd-46ce-99c6-277f52566479: start 739e0a5a-91fd-46ce-99c6-277f52566479@group-984C2871F6B5-LeaderElection12
2023-01-08 22:30:53,158 [739e0a5a-91fd-46ce-99c6-277f52566479@group-984C2871F6B5-LeaderElection12] INFO  impl.LeaderElection (LeaderElection.java:askForVotes(312)) - 739e0a5a-91fd-46ce-99c6-277f52566479@group-984C2871F6B5-LeaderElection12 ELECTION round 0: submit vote requests at term 1 for -1: peers:[739e0a5a-91fd-46ce-99c6-277f52566479|rpc:10.1.0.12:38543|dataStream:10.1.0.12:44013|priority:1|startupRole:FOLLOWER]|listeners:[], old=null
2023-01-08 22:30:53,158 [739e0a5a-91fd-46ce-99c6-277f52566479@group-984C2871F6B5-LeaderElection12] INFO  impl.LeaderElection (LeaderElection.java:askForVotes(314)) - 739e0a5a-91fd-46ce-99c6-277f52566479@group-984C2871F6B5-LeaderElection12 ELECTION round 0: result PASSED (term=1)
2023-01-08 22:30:53,159 [739e0a5a-91fd-46ce-99c6-277f52566479@group-984C2871F6B5-LeaderElection12] INFO  impl.RoleInfo (RoleInfo.java:shutdownLeaderElection(130)) - 739e0a5a-91fd-46ce-99c6-277f52566479: shutdown 739e0a5a-91fd-46ce-99c6-277f52566479@group-984C2871F6B5-LeaderElection12
2023-01-08 22:30:53,159 [739e0a5a-91fd-46ce-99c6-277f52566479@group-984C2871F6B5-LeaderElection12] INFO  server.RaftServer$Division (RaftServerImpl.java:setRole(321)) - 739e0a5a-91fd-46ce-99c6-277f52566479@group-984C2871F6B5: changes role from CANDIDATE to LEADER at term 1 for changeToLeader
2023-01-08 22:30:53,159 [739e0a5a-91fd-46ce-99c6-277f52566479@group-984C2871F6B5-LeaderElection12] INFO  ratis.XceiverServerRatis (XceiverServerRatis.java:handleLeaderChangedNotification(904)) - Leader change notification received for group: group-984C2871F6B5 with new leaderId: 739e0a5a-91fd-46ce-99c6-277f52566479
2023-01-08 22:30:53,159 [739e0a5a-91fd-46ce-99c6-277f52566479@group-984C2871F6B5-LeaderElection12] INFO  server.RaftServer$Division (ServerState.java:setLeader(313)) - 739e0a5a-91fd-46ce-99c6-277f52566479@group-984C2871F6B5: change Leader from null to 739e0a5a-91fd-46ce-99c6-277f52566479 at term 1 for becomeLeader, leader elected after 5224ms
2023-01-08 22:30:53,159 [739e0a5a-91fd-46ce-99c6-277f52566479@group-984C2871F6B5-LeaderElection12] INFO  server.RaftServerConfigKeys (ConfUtils.java:logGet(46)) - raft.server.staging.catchup.gap = 1000 (default)
2023-01-08 22:30:53,159 [739e0a5a-91fd-46ce-99c6-277f52566479@group-984C2871F6B5-LeaderElection12] INFO  server.RaftServerConfigKeys (ConfUtils.java:logGet(46)) - raft.server.write.element-limit = 1024 (custom)
2023-01-08 22:30:53,159 [739e0a5a-91fd-46ce-99c6-277f52566479@group-984C2871F6B5-LeaderElection12] INFO  server.RaftServerConfigKeys (ConfUtils.java:logGet(46)) - raft.server.write.byte-limit = 1024 M (=1073741824) (custom)
2023-01-08 22:30:53,160 [739e0a5a-91fd-46ce-99c6-277f52566479@group-984C2871F6B5-LeaderElection12] INFO  server.RaftServerConfigKeys (ConfUtils.java:logGet(46)) - raft.server.watch.timeout = 180s (custom)
2023-01-08 22:30:53,160 [739e0a5a-91fd-46ce-99c6-277f52566479@group-984C2871F6B5-LeaderElection12] INFO  server.RaftServerConfigKeys (ConfUtils.java:logGet(46)) - raft.server.watch.timeout.denomination = 1s (default)
2023-01-08 22:30:53,160 [739e0a5a-91fd-46ce-99c6-277f52566479@group-984C2871F6B5-LeaderElection12] INFO  server.RaftServerConfigKeys (ConfUtils.java:logGet(46)) - raft.server.watch.element-limit = 65536 (default)
2023-01-08 22:30:53,160 [739e0a5a-91fd-46ce-99c6-277f52566479@group-984C2871F6B5-LeaderElection12] INFO  server.RaftServerConfigKeys (ConfUtils.java:logGet(46)) - raft.server.write.element-limit = 1024 (custom)
2023-01-08 22:30:53,160 [739e0a5a-91fd-46ce-99c6-277f52566479@group-984C2871F6B5-LeaderElection12] INFO  server.RaftServerConfigKeys (ConfUtils.java:logGet(46)) - raft.server.write.follower.gap.ratio.max = -1.0 (default)
2023-01-08 22:30:53,160 [739e0a5a-91fd-46ce-99c6-277f52566479@group-984C2871F6B5-LeaderElection12] INFO  impl.RoleInfo (RoleInfo.java:updateAndGet(139)) - 739e0a5a-91fd-46ce-99c6-277f52566479: start 739e0a5a-91fd-46ce-99c6-277f52566479@group-984C2871F6B5-LeaderStateImpl
2023-01-08 22:30:53,161 [739e0a5a-91fd-46ce-99c6-277f52566479@group-984C2871F6B5-LeaderElection12] INFO  segmented.SegmentedRaftLogWorker (SegmentedRaftLogWorker.java:startLogSegment(452)) - 739e0a5a-91fd-46ce-99c6-277f52566479@group-984C2871F6B5-SegmentedRaftLogWorker: Starting segment from index:0
2023-01-08 22:30:53,170 [739e0a5a-91fd-46ce-99c6-277f52566479@group-984C2871F6B5-LeaderElection12] INFO  server.RaftServer$Division (ServerState.java:setRaftConf(430)) - 739e0a5a-91fd-46ce-99c6-277f52566479@group-984C2871F6B5: set configuration 0: peers:[739e0a5a-91fd-46ce-99c6-277f52566479|rpc:10.1.0.12:38543|dataStream:10.1.0.12:44013|priority:1|startupRole:FOLLOWER]|listeners:[], old=null
2023-01-08 22:30:53,173 [739e0a5a-91fd-46ce-99c6-277f52566479@group-984C2871F6B5-SegmentedRaftLogWorker] INFO  segmented.SegmentedRaftLogWorker (SegmentedRaftLogWorker.java:execute(656)) - 739e0a5a-91fd-46ce-99c6-277f52566479@group-984C2871F6B5-SegmentedRaftLogWorker: created new log segment /home/runner/work/ozone/ozone/hadoop-ozone/integration-test/target/test-dir/MiniOzoneClusterImpl-3463507a-8a94-4be2-9691-6a94fb394e4a/datanode-5/data/ratis/42e8088b-fb69-46a6-9677-984c2871f6b5/current/log_inprogress_0
2023-01-08 22:30:53,328 [Listener at 127.0.0.1/33975] INFO  ozone.MiniOzoneClusterImpl (MiniOzoneClusterImpl.java:lambda$waitForClusterToBeReady$0(217)) - Nodes are ready. Got 7 of 7 DN Heartbeats.
2023-01-08 22:30:53,329 [Listener at 127.0.0.1/33975] INFO  ozone.MiniOzoneClusterImpl (MiniOzoneClusterImpl.java:lambda$waitForClusterToBeReady$0(220)) - Cluster exits safe mode
2023-01-08 22:30:53,329 [Listener at 127.0.0.1/33975] INFO  ozone.MiniOzoneClusterImpl (MiniOzoneClusterImpl.java:lambda$waitForClusterToBeReady$0(222)) - SCM became leader
2023-01-08 22:30:53,380 [39f95326-1d02-4f34-8c27-9b7148a80084@group-5D33229133D1-FollowerState] INFO  impl.FollowerState (FollowerState.java:run(143)) - 39f95326-1d02-4f34-8c27-9b7148a80084@group-5D33229133D1-FollowerState: change to CANDIDATE, lastRpcElapsedTime:5028618889ns, electionTimeout:5024ms
2023-01-08 22:30:53,381 [39f95326-1d02-4f34-8c27-9b7148a80084@group-5D33229133D1-FollowerState] INFO  impl.RoleInfo (RoleInfo.java:shutdownFollowerState(110)) - 39f95326-1d02-4f34-8c27-9b7148a80084: shutdown 39f95326-1d02-4f34-8c27-9b7148a80084@group-5D33229133D1-FollowerState
2023-01-08 22:30:53,381 [39f95326-1d02-4f34-8c27-9b7148a80084@group-5D33229133D1-FollowerState] INFO  server.RaftServer$Division (RaftServerImpl.java:setRole(321)) - 39f95326-1d02-4f34-8c27-9b7148a80084@group-5D33229133D1: changes role from  FOLLOWER to CANDIDATE at term 0 for changeToCandidate
2023-01-08 22:30:53,381 [39f95326-1d02-4f34-8c27-9b7148a80084@group-5D33229133D1-FollowerState] INFO  server.RaftServerConfigKeys (ConfUtils.java:logGet(46)) - raft.server.leaderelection.pre-vote = false (custom)
2023-01-08 22:30:53,381 [39f95326-1d02-4f34-8c27-9b7148a80084@group-5D33229133D1-FollowerState] INFO  impl.RoleInfo (RoleInfo.java:updateAndGet(139)) - 39f95326-1d02-4f34-8c27-9b7148a80084: start 39f95326-1d02-4f34-8c27-9b7148a80084@group-5D33229133D1-LeaderElection13
2023-01-08 22:30:53,394 [39f95326-1d02-4f34-8c27-9b7148a80084@group-5D33229133D1-LeaderElection13] INFO  impl.LeaderElection (LeaderElection.java:askForVotes(312)) - 39f95326-1d02-4f34-8c27-9b7148a80084@group-5D33229133D1-LeaderElection13 ELECTION round 0: submit vote requests at term 1 for -1: peers:[39f95326-1d02-4f34-8c27-9b7148a80084|rpc:10.1.0.12:41611|dataStream:10.1.0.12:40111|priority:1|startupRole:FOLLOWER]|listeners:[], old=null
2023-01-08 22:30:53,394 [39f95326-1d02-4f34-8c27-9b7148a80084@group-5D33229133D1-LeaderElection13] INFO  impl.LeaderElection (LeaderElection.java:askForVotes(314)) - 39f95326-1d02-4f34-8c27-9b7148a80084@group-5D33229133D1-LeaderElection13 ELECTION round 0: result PASSED (term=1)
2023-01-08 22:30:53,394 [39f95326-1d02-4f34-8c27-9b7148a80084@group-5D33229133D1-LeaderElection13] INFO  impl.RoleInfo (RoleInfo.java:shutdownLeaderElection(130)) - 39f95326-1d02-4f34-8c27-9b7148a80084: shutdown 39f95326-1d02-4f34-8c27-9b7148a80084@group-5D33229133D1-LeaderElection13
2023-01-08 22:30:53,394 [39f95326-1d02-4f34-8c27-9b7148a80084@group-5D33229133D1-LeaderElection13] INFO  server.RaftServer$Division (RaftServerImpl.java:setRole(321)) - 39f95326-1d02-4f34-8c27-9b7148a80084@group-5D33229133D1: changes role from CANDIDATE to LEADER at term 1 for changeToLeader
2023-01-08 22:30:53,395 [39f95326-1d02-4f34-8c27-9b7148a80084@group-5D33229133D1-LeaderElection13] INFO  ratis.XceiverServerRatis (XceiverServerRatis.java:handleLeaderChangedNotification(904)) - Leader change notification received for group: group-5D33229133D1 with new leaderId: 39f95326-1d02-4f34-8c27-9b7148a80084
2023-01-08 22:30:53,395 [39f95326-1d02-4f34-8c27-9b7148a80084@group-5D33229133D1-LeaderElection13] INFO  server.RaftServer$Division (ServerState.java:setLeader(313)) - 39f95326-1d02-4f34-8c27-9b7148a80084@group-5D33229133D1: change Leader from null to 39f95326-1d02-4f34-8c27-9b7148a80084 at term 1 for becomeLeader, leader elected after 5061ms
2023-01-08 22:30:53,395 [39f95326-1d02-4f34-8c27-9b7148a80084@group-5D33229133D1-LeaderElection13] INFO  server.RaftServerConfigKeys (ConfUtils.java:logGet(46)) - raft.server.staging.catchup.gap = 1000 (default)
2023-01-08 22:30:53,397 [39f95326-1d02-4f34-8c27-9b7148a80084@group-5D33229133D1-LeaderElection13] INFO  server.RaftServerConfigKeys (ConfUtils.java:logGet(46)) - raft.server.write.element-limit = 1024 (custom)
2023-01-08 22:30:53,397 [39f95326-1d02-4f34-8c27-9b7148a80084@group-5D33229133D1-LeaderElection13] INFO  server.RaftServerConfigKeys (ConfUtils.java:logGet(46)) - raft.server.write.byte-limit = 1024 M (=1073741824) (custom)
2023-01-08 22:30:53,397 [39f95326-1d02-4f34-8c27-9b7148a80084@group-5D33229133D1-LeaderElection13] INFO  server.RaftServerConfigKeys (ConfUtils.java:logGet(46)) - raft.server.watch.timeout = 180s (custom)
2023-01-08 22:30:53,397 [39f95326-1d02-4f34-8c27-9b7148a80084@group-5D33229133D1-LeaderElection13] INFO  server.RaftServerConfigKeys (ConfUtils.java:logGet(46)) - raft.server.watch.timeout.denomination = 1s (default)
2023-01-08 22:30:53,397 [39f95326-1d02-4f34-8c27-9b7148a80084@group-5D33229133D1-LeaderElection13] INFO  server.RaftServerConfigKeys (ConfUtils.java:logGet(46)) - raft.server.watch.element-limit = 65536 (default)
2023-01-08 22:30:53,398 [39f95326-1d02-4f34-8c27-9b7148a80084@group-5D33229133D1-LeaderElection13] INFO  server.RaftServerConfigKeys (ConfUtils.java:logGet(46)) - raft.server.write.element-limit = 1024 (custom)
2023-01-08 22:30:53,398 [39f95326-1d02-4f34-8c27-9b7148a80084@group-5D33229133D1-LeaderElection13] INFO  server.RaftServerConfigKeys (ConfUtils.java:logGet(46)) - raft.server.write.follower.gap.ratio.max = -1.0 (default)
2023-01-08 22:30:53,399 [39f95326-1d02-4f34-8c27-9b7148a80084@group-5D33229133D1-LeaderElection13] INFO  impl.RoleInfo (RoleInfo.java:updateAndGet(139)) - 39f95326-1d02-4f34-8c27-9b7148a80084: start 39f95326-1d02-4f34-8c27-9b7148a80084@group-5D33229133D1-LeaderStateImpl
2023-01-08 22:30:53,405 [39f95326-1d02-4f34-8c27-9b7148a80084@group-5D33229133D1-LeaderElection13] INFO  segmented.SegmentedRaftLogWorker (SegmentedRaftLogWorker.java:startLogSegment(452)) - 39f95326-1d02-4f34-8c27-9b7148a80084@group-5D33229133D1-SegmentedRaftLogWorker: Starting segment from index:0
2023-01-08 22:30:53,407 [39f95326-1d02-4f34-8c27-9b7148a80084@group-5D33229133D1-SegmentedRaftLogWorker] INFO  segmented.SegmentedRaftLogWorker (SegmentedRaftLogWorker.java:execute(656)) - 39f95326-1d02-4f34-8c27-9b7148a80084@group-5D33229133D1-SegmentedRaftLogWorker: created new log segment /home/runner/work/ozone/ozone/hadoop-ozone/integration-test/target/test-dir/MiniOzoneClusterImpl-3463507a-8a94-4be2-9691-6a94fb394e4a/datanode-6/data/ratis/34f36651-33af-4f00-b826-5d33229133d1/current/log_inprogress_0
2023-01-08 22:30:53,415 [39f95326-1d02-4f34-8c27-9b7148a80084@group-5D33229133D1-LeaderElection13] INFO  server.RaftServer$Division (ServerState.java:setRaftConf(430)) - 39f95326-1d02-4f34-8c27-9b7148a80084@group-5D33229133D1: set configuration 0: peers:[39f95326-1d02-4f34-8c27-9b7148a80084|rpc:10.1.0.12:41611|dataStream:10.1.0.12:40111|priority:1|startupRole:FOLLOWER]|listeners:[], old=null
2023-01-08 22:30:53,774 [Listener at 127.0.0.1/33975] INFO  rpc.RpcClient (RpcClient.java:createVolume(474)) - Creating Volume: testblockoutputstream, with runner as owner and space quota set to -1 bytes, counts quota set to -1
2023-01-08 22:30:53,835 [OM StateMachine ApplyTransaction Thread - 0] INFO  volume.OMVolumeCreateRequest (OMVolumeCreateRequest.java:validateAndUpdateCache(195)) - created volume:testblockoutputstream for user:runner
2023-01-08 22:30:53,865 [Listener at 127.0.0.1/33975] INFO  rpc.RpcClient (RpcClient.java:createBucket(693)) - Creating Bucket: testblockoutputstream/testblockoutputstream, with server-side default bucket layout, runner as owner, Versioning false, Storage Type set to DISK and Encryption set to false 
2023-01-08 22:30:53,883 [OM StateMachine ApplyTransaction Thread - 0] INFO  bucket.OMBucketCreateRequest (OMBucketCreateRequest.java:validateAndUpdateCache(260)) - created bucket: testblockoutputstream of layout LEGACY in volume: testblockoutputstream
2023-01-08 22:30:53,900 [Time-limited test] INFO  impl.MetricsSystemImpl (MetricsSystemImpl.java:init(158)) - XceiverClientMetrics metrics system started (again)
2023-01-08 22:30:53,967 [IPC Server handler 0 on default port 33545] INFO  ha.SequenceIdGenerator (SequenceIdGenerator.java:getNextId(128)) - Allocate a batch for containerId, change lastId from 0 to 1000.
2023-01-08 22:30:53,978 [IPC Server handler 0 on default port 33545] WARN  ha.SequenceIdGenerator (SequenceIdGenerator.java:allocateBatch(237)) - Failed to allocate a batch for localId, expected lastId is 0, actual lastId is 111677748019200000.
2023-01-08 22:30:53,978 [IPC Server handler 0 on default port 33545] INFO  ha.SequenceIdGenerator (SequenceIdGenerator.java:getNextId(128)) - Allocate a batch for localId, change lastId from 111677748019200000 to 111677748019201000.
]]></system-out>
  </testcase>
  <testcase name="testMultiChunkWrite2" classname="org.apache.hadoop.ozone.client.rpc.TestBlockOutputStreamFlushDelay" time="0.18"/>
  <testcase name="testMultiChunkWrite" classname="org.apache.hadoop.ozone.client.rpc.TestBlockOutputStreamFlushDelay" time="0.041">
    <failure type="java.lang.AssertionError"><![CDATA[java.lang.AssertionError: expected:<1> but was:<0>
	at org.junit.Assert.fail(Assert.java:89)
	at org.junit.Assert.failNotEquals(Assert.java:835)
	at org.junit.Assert.assertEquals(Assert.java:647)
	at org.junit.Assert.assertEquals(Assert.java:633)
	at org.apache.hadoop.ozone.client.rpc.TestBlockOutputStreamFlushDelay.testMultiChunkWrite(TestBlockOutputStreamFlushDelay.java:347)
	at sun.reflect.NativeMethodAccessorImpl.invoke0(Native Method)
	at sun.reflect.NativeMethodAccessorImpl.invoke(NativeMethodAccessorImpl.java:62)
	at sun.reflect.DelegatingMethodAccessorImpl.invoke(DelegatingMethodAccessorImpl.java:43)
	at java.lang.reflect.Method.invoke(Method.java:498)
	at org.junit.runners.model.FrameworkMethod$1.runReflectiveCall(FrameworkMethod.java:59)
	at org.junit.internal.runners.model.ReflectiveCallable.run(ReflectiveCallable.java:12)
	at org.junit.runners.model.FrameworkMethod.invokeExplosively(FrameworkMethod.java:56)
	at org.junit.internal.runners.statements.InvokeMethod.evaluate(InvokeMethod.java:17)
	at org.junit.internal.runners.statements.FailOnTimeout$CallableStatement.call(FailOnTimeout.java:288)
	at org.junit.internal.runners.statements.FailOnTimeout$CallableStatement.call(FailOnTimeout.java:282)
	at java.util.concurrent.FutureTask.run(FutureTask.java:266)
	at java.lang.Thread.run(Thread.java:750)
]]></failure>
  </testcase>
  <testcase name="testFullBufferCondition" classname="org.apache.hadoop.ozone.client.rpc.TestBlockOutputStreamFlushDelay" time="0.146"/>
  <testcase name="testBufferCaching" classname="org.apache.hadoop.ozone.client.rpc.TestBlockOutputStreamFlushDelay" time="2.579">
    <system-out><![CDATA[2023-01-08 22:30:56,163 [1ea1b0cd-ced3-45e8-8c40-55289e6aecfb@group-4942502C2288-FollowerState] INFO  impl.FollowerState (FollowerState.java:run(143)) - 1ea1b0cd-ced3-45e8-8c40-55289e6aecfb@group-4942502C2288-FollowerState: change to CANDIDATE, lastRpcElapsedTime:5003042164ns, electionTimeout:5003ms
2023-01-08 22:30:56,163 [1ea1b0cd-ced3-45e8-8c40-55289e6aecfb@group-4942502C2288-FollowerState] INFO  impl.RoleInfo (RoleInfo.java:shutdownFollowerState(110)) - 1ea1b0cd-ced3-45e8-8c40-55289e6aecfb: shutdown 1ea1b0cd-ced3-45e8-8c40-55289e6aecfb@group-4942502C2288-FollowerState
2023-01-08 22:30:56,163 [1ea1b0cd-ced3-45e8-8c40-55289e6aecfb@group-4942502C2288-FollowerState] INFO  server.RaftServer$Division (RaftServerImpl.java:setRole(321)) - 1ea1b0cd-ced3-45e8-8c40-55289e6aecfb@group-4942502C2288: changes role from  FOLLOWER to CANDIDATE at term 1 for changeToCandidate
2023-01-08 22:30:56,163 [1ea1b0cd-ced3-45e8-8c40-55289e6aecfb@group-4942502C2288-FollowerState] INFO  server.RaftServerConfigKeys (ConfUtils.java:logGet(46)) - raft.server.leaderelection.pre-vote = false (custom)
2023-01-08 22:30:56,163 [1ea1b0cd-ced3-45e8-8c40-55289e6aecfb@group-4942502C2288-FollowerState] INFO  impl.RoleInfo (RoleInfo.java:updateAndGet(139)) - 1ea1b0cd-ced3-45e8-8c40-55289e6aecfb: start 1ea1b0cd-ced3-45e8-8c40-55289e6aecfb@group-4942502C2288-LeaderElection14
2023-01-08 22:30:56,165 [1ea1b0cd-ced3-45e8-8c40-55289e6aecfb@group-4942502C2288-LeaderElection14] INFO  impl.LeaderElection (LeaderElection.java:askForVotes(312)) - 1ea1b0cd-ced3-45e8-8c40-55289e6aecfb@group-4942502C2288-LeaderElection14 ELECTION round 0: submit vote requests at term 2 for -1: peers:[1ea1b0cd-ced3-45e8-8c40-55289e6aecfb|rpc:10.1.0.12:40525|dataStream:10.1.0.12:40569|priority:0|startupRole:FOLLOWER, a5f0a7e4-4f3a-4f10-aa1a-af4297eff32d|rpc:10.1.0.12:33221|dataStream:10.1.0.12:37417|priority:1|startupRole:FOLLOWER, 706a9b8c-4318-427e-9be3-8b37c9b0924f|rpc:10.1.0.12:45297|dataStream:10.1.0.12:44379|priority:0|startupRole:FOLLOWER]|listeners:[], old=null
2023-01-08 22:30:56,166 [1ea1b0cd-ced3-45e8-8c40-55289e6aecfb@group-4942502C2288-LeaderElection14] INFO  server.RaftServerConfigKeys (ConfUtils.java:logFallback(53)) - raft.server.rpc.first-election.timeout.min = 5s (fallback to raft.server.rpc.timeout.min)
2023-01-08 22:30:56,166 [1ea1b0cd-ced3-45e8-8c40-55289e6aecfb@group-4942502C2288-LeaderElection14] INFO  server.RaftServerConfigKeys (ConfUtils.java:logFallback(53)) - raft.server.rpc.first-election.timeout.max = 5200ms (fallback to raft.server.rpc.timeout.max)
2023-01-08 22:30:56,169 [grpc-default-executor-4] INFO  server.RaftServer$Division (RaftServerImpl.java:requestVote(1218)) - 706a9b8c-4318-427e-9be3-8b37c9b0924f@group-4942502C2288: receive requestVote(ELECTION, 1ea1b0cd-ced3-45e8-8c40-55289e6aecfb, group-4942502C2288, 2, (t:0, i:0))
2023-01-08 22:30:56,170 [grpc-default-executor-4] INFO  impl.VoteContext (VoteContext.java:log(49)) - 706a9b8c-4318-427e-9be3-8b37c9b0924f@group-4942502C2288-FOLLOWER: accept ELECTION from 1ea1b0cd-ced3-45e8-8c40-55289e6aecfb: our priority 0 <= candidate's priority 0
2023-01-08 22:30:56,170 [grpc-default-executor-4] INFO  server.RaftServer$Division (RaftServerImpl.java:setRole(321)) - 706a9b8c-4318-427e-9be3-8b37c9b0924f@group-4942502C2288: changes role from  FOLLOWER to FOLLOWER at term 2 for candidate:1ea1b0cd-ced3-45e8-8c40-55289e6aecfb
2023-01-08 22:30:56,170 [grpc-default-executor-4] INFO  impl.RoleInfo (RoleInfo.java:shutdownFollowerState(110)) - 706a9b8c-4318-427e-9be3-8b37c9b0924f: shutdown 706a9b8c-4318-427e-9be3-8b37c9b0924f@group-4942502C2288-FollowerState
2023-01-08 22:30:56,170 [grpc-default-executor-4] INFO  impl.RoleInfo (RoleInfo.java:updateAndGet(139)) - 706a9b8c-4318-427e-9be3-8b37c9b0924f: start 706a9b8c-4318-427e-9be3-8b37c9b0924f@group-4942502C2288-FollowerState
2023-01-08 22:30:56,170 [706a9b8c-4318-427e-9be3-8b37c9b0924f@group-4942502C2288-FollowerState] INFO  impl.FollowerState (FollowerState.java:run(152)) - 706a9b8c-4318-427e-9be3-8b37c9b0924f@group-4942502C2288-FollowerState was interrupted
2023-01-08 22:30:56,171 [706a9b8c-4318-427e-9be3-8b37c9b0924f@group-4942502C2288-FollowerState] INFO  server.RaftServerConfigKeys (ConfUtils.java:logFallback(53)) - raft.server.rpc.first-election.timeout.min = 5s (fallback to raft.server.rpc.timeout.min)
2023-01-08 22:30:56,171 [706a9b8c-4318-427e-9be3-8b37c9b0924f@group-4942502C2288-FollowerState] INFO  server.RaftServerConfigKeys (ConfUtils.java:logFallback(53)) - raft.server.rpc.first-election.timeout.max = 5200ms (fallback to raft.server.rpc.timeout.max)
2023-01-08 22:30:56,172 [grpc-default-executor-4] INFO  server.RaftServer$Division (RaftServerImpl.java:requestVote(1251)) - 706a9b8c-4318-427e-9be3-8b37c9b0924f@group-4942502C2288 replies to ELECTION vote request: 1ea1b0cd-ced3-45e8-8c40-55289e6aecfb<-706a9b8c-4318-427e-9be3-8b37c9b0924f#0:OK-t2. Peer's state: 706a9b8c-4318-427e-9be3-8b37c9b0924f@group-4942502C2288:t2, leader=null, voted=1ea1b0cd-ced3-45e8-8c40-55289e6aecfb, raftlog=Memoized:706a9b8c-4318-427e-9be3-8b37c9b0924f@group-4942502C2288-SegmentedRaftLog:OPENED:c-1, conf=-1: peers:[1ea1b0cd-ced3-45e8-8c40-55289e6aecfb|rpc:10.1.0.12:40525|dataStream:10.1.0.12:40569|priority:0|startupRole:FOLLOWER, a5f0a7e4-4f3a-4f10-aa1a-af4297eff32d|rpc:10.1.0.12:33221|dataStream:10.1.0.12:37417|priority:1|startupRole:FOLLOWER, 706a9b8c-4318-427e-9be3-8b37c9b0924f|rpc:10.1.0.12:45297|dataStream:10.1.0.12:44379|priority:0|startupRole:FOLLOWER]|listeners:[], old=null
2023-01-08 22:30:56,172 [grpc-default-executor-2] INFO  server.RaftServer$Division (RaftServerImpl.java:requestVote(1218)) - a5f0a7e4-4f3a-4f10-aa1a-af4297eff32d@group-4942502C2288: receive requestVote(ELECTION, 1ea1b0cd-ced3-45e8-8c40-55289e6aecfb, group-4942502C2288, 2, (t:0, i:0))
2023-01-08 22:30:56,173 [grpc-default-executor-2] INFO  impl.VoteContext (VoteContext.java:log(49)) - a5f0a7e4-4f3a-4f10-aa1a-af4297eff32d@group-4942502C2288-FOLLOWER: reject ELECTION from 1ea1b0cd-ced3-45e8-8c40-55289e6aecfb: our priority 1 > candidate's priority 0
2023-01-08 22:30:56,173 [grpc-default-executor-2] INFO  server.RaftServer$Division (RaftServerImpl.java:setRole(321)) - a5f0a7e4-4f3a-4f10-aa1a-af4297eff32d@group-4942502C2288: changes role from  FOLLOWER to FOLLOWER at term 2 for candidate:1ea1b0cd-ced3-45e8-8c40-55289e6aecfb
2023-01-08 22:30:56,173 [grpc-default-executor-2] INFO  impl.RoleInfo (RoleInfo.java:shutdownFollowerState(110)) - a5f0a7e4-4f3a-4f10-aa1a-af4297eff32d: shutdown a5f0a7e4-4f3a-4f10-aa1a-af4297eff32d@group-4942502C2288-FollowerState
2023-01-08 22:30:56,174 [grpc-default-executor-2] INFO  impl.RoleInfo (RoleInfo.java:updateAndGet(139)) - a5f0a7e4-4f3a-4f10-aa1a-af4297eff32d: start a5f0a7e4-4f3a-4f10-aa1a-af4297eff32d@group-4942502C2288-FollowerState
2023-01-08 22:30:56,174 [a5f0a7e4-4f3a-4f10-aa1a-af4297eff32d@group-4942502C2288-FollowerState] INFO  impl.FollowerState (FollowerState.java:run(152)) - a5f0a7e4-4f3a-4f10-aa1a-af4297eff32d@group-4942502C2288-FollowerState was interrupted
2023-01-08 22:30:56,174 [a5f0a7e4-4f3a-4f10-aa1a-af4297eff32d@group-4942502C2288-FollowerState] INFO  server.RaftServerConfigKeys (ConfUtils.java:logFallback(53)) - raft.server.rpc.first-election.timeout.min = 5s (fallback to raft.server.rpc.timeout.min)
2023-01-08 22:30:56,174 [a5f0a7e4-4f3a-4f10-aa1a-af4297eff32d@group-4942502C2288-FollowerState] INFO  server.RaftServerConfigKeys (ConfUtils.java:logFallback(53)) - raft.server.rpc.first-election.timeout.max = 5200ms (fallback to raft.server.rpc.timeout.max)
2023-01-08 22:30:56,175 [grpc-default-executor-2] INFO  server.RaftServer$Division (RaftServerImpl.java:requestVote(1251)) - a5f0a7e4-4f3a-4f10-aa1a-af4297eff32d@group-4942502C2288 replies to ELECTION vote request: 1ea1b0cd-ced3-45e8-8c40-55289e6aecfb<-a5f0a7e4-4f3a-4f10-aa1a-af4297eff32d#0:FAIL-t2. Peer's state: a5f0a7e4-4f3a-4f10-aa1a-af4297eff32d@group-4942502C2288:t2, leader=null, voted=null, raftlog=Memoized:a5f0a7e4-4f3a-4f10-aa1a-af4297eff32d@group-4942502C2288-SegmentedRaftLog:OPENED:c-1, conf=-1: peers:[1ea1b0cd-ced3-45e8-8c40-55289e6aecfb|rpc:10.1.0.12:40525|dataStream:10.1.0.12:40569|priority:0|startupRole:FOLLOWER, a5f0a7e4-4f3a-4f10-aa1a-af4297eff32d|rpc:10.1.0.12:33221|dataStream:10.1.0.12:37417|priority:1|startupRole:FOLLOWER, 706a9b8c-4318-427e-9be3-8b37c9b0924f|rpc:10.1.0.12:45297|dataStream:10.1.0.12:44379|priority:0|startupRole:FOLLOWER]|listeners:[], old=null
2023-01-08 22:30:56,179 [1ea1b0cd-ced3-45e8-8c40-55289e6aecfb@group-4942502C2288-LeaderElection14] INFO  impl.LeaderElection (LeaderElection.java:logAndReturn(90)) - 1ea1b0cd-ced3-45e8-8c40-55289e6aecfb@group-4942502C2288-LeaderElection14: ELECTION REJECTED received 1 response(s) and 0 exception(s):
2023-01-08 22:30:56,179 [1ea1b0cd-ced3-45e8-8c40-55289e6aecfb@group-4942502C2288-LeaderElection14] INFO  impl.LeaderElection (LeaderElection.java:logAndReturn(94)) -   Response 0: 1ea1b0cd-ced3-45e8-8c40-55289e6aecfb<-a5f0a7e4-4f3a-4f10-aa1a-af4297eff32d#0:FAIL-t2
2023-01-08 22:30:56,179 [1ea1b0cd-ced3-45e8-8c40-55289e6aecfb@group-4942502C2288-LeaderElection14] INFO  impl.LeaderElection (LeaderElection.java:askForVotes(314)) - 1ea1b0cd-ced3-45e8-8c40-55289e6aecfb@group-4942502C2288-LeaderElection14 ELECTION round 0: result REJECTED
2023-01-08 22:30:56,180 [1ea1b0cd-ced3-45e8-8c40-55289e6aecfb@group-4942502C2288-LeaderElection14] INFO  server.RaftServer$Division (RaftServerImpl.java:setRole(321)) - 1ea1b0cd-ced3-45e8-8c40-55289e6aecfb@group-4942502C2288: changes role from CANDIDATE to FOLLOWER at term 2 for REJECTED
2023-01-08 22:30:56,180 [1ea1b0cd-ced3-45e8-8c40-55289e6aecfb@group-4942502C2288-LeaderElection14] INFO  impl.RoleInfo (RoleInfo.java:shutdownLeaderElection(130)) - 1ea1b0cd-ced3-45e8-8c40-55289e6aecfb: shutdown 1ea1b0cd-ced3-45e8-8c40-55289e6aecfb@group-4942502C2288-LeaderElection14
2023-01-08 22:30:56,180 [1ea1b0cd-ced3-45e8-8c40-55289e6aecfb@group-4942502C2288-LeaderElection14] INFO  impl.RoleInfo (RoleInfo.java:updateAndGet(139)) - 1ea1b0cd-ced3-45e8-8c40-55289e6aecfb: start 1ea1b0cd-ced3-45e8-8c40-55289e6aecfb@group-4942502C2288-FollowerState
2023-01-08 22:30:56,181 [1ea1b0cd-ced3-45e8-8c40-55289e6aecfb@group-4942502C2288-FollowerState] INFO  server.RaftServerConfigKeys (ConfUtils.java:logFallback(53)) - raft.server.rpc.first-election.timeout.min = 5s (fallback to raft.server.rpc.timeout.min)
2023-01-08 22:30:56,182 [1ea1b0cd-ced3-45e8-8c40-55289e6aecfb@group-4942502C2288-FollowerState] INFO  server.RaftServerConfigKeys (ConfUtils.java:logFallback(53)) - raft.server.rpc.first-election.timeout.max = 5200ms (fallback to raft.server.rpc.timeout.max)
2023-01-08 22:30:57,129 [1ea1b0cd-ced3-45e8-8c40-55289e6aecfb@group-5A52CB9248BA-FollowerState] INFO  impl.FollowerState (FollowerState.java:run(143)) - 1ea1b0cd-ced3-45e8-8c40-55289e6aecfb@group-5A52CB9248BA-FollowerState: change to CANDIDATE, lastRpcElapsedTime:5004726536ns, electionTimeout:5004ms
2023-01-08 22:30:57,130 [1ea1b0cd-ced3-45e8-8c40-55289e6aecfb@group-5A52CB9248BA-FollowerState] INFO  impl.RoleInfo (RoleInfo.java:shutdownFollowerState(110)) - 1ea1b0cd-ced3-45e8-8c40-55289e6aecfb: shutdown 1ea1b0cd-ced3-45e8-8c40-55289e6aecfb@group-5A52CB9248BA-FollowerState
2023-01-08 22:30:57,130 [1ea1b0cd-ced3-45e8-8c40-55289e6aecfb@group-5A52CB9248BA-FollowerState] INFO  server.RaftServer$Division (RaftServerImpl.java:setRole(321)) - 1ea1b0cd-ced3-45e8-8c40-55289e6aecfb@group-5A52CB9248BA: changes role from  FOLLOWER to CANDIDATE at term 1 for changeToCandidate
2023-01-08 22:30:57,130 [1ea1b0cd-ced3-45e8-8c40-55289e6aecfb@group-5A52CB9248BA-FollowerState] INFO  server.RaftServerConfigKeys (ConfUtils.java:logGet(46)) - raft.server.leaderelection.pre-vote = false (custom)
2023-01-08 22:30:57,130 [1ea1b0cd-ced3-45e8-8c40-55289e6aecfb@group-5A52CB9248BA-FollowerState] INFO  impl.RoleInfo (RoleInfo.java:updateAndGet(139)) - 1ea1b0cd-ced3-45e8-8c40-55289e6aecfb: start 1ea1b0cd-ced3-45e8-8c40-55289e6aecfb@group-5A52CB9248BA-LeaderElection15
2023-01-08 22:30:57,132 [1ea1b0cd-ced3-45e8-8c40-55289e6aecfb@group-5A52CB9248BA-LeaderElection15] INFO  impl.LeaderElection (LeaderElection.java:askForVotes(312)) - 1ea1b0cd-ced3-45e8-8c40-55289e6aecfb@group-5A52CB9248BA-LeaderElection15 ELECTION round 0: submit vote requests at term 2 for -1: peers:[a5f0a7e4-4f3a-4f10-aa1a-af4297eff32d|rpc:10.1.0.12:33221|dataStream:10.1.0.12:37417|priority:0|startupRole:FOLLOWER, 1ea1b0cd-ced3-45e8-8c40-55289e6aecfb|rpc:10.1.0.12:40525|dataStream:10.1.0.12:40569|priority:0|startupRole:FOLLOWER, 706a9b8c-4318-427e-9be3-8b37c9b0924f|rpc:10.1.0.12:45297|dataStream:10.1.0.12:44379|priority:1|startupRole:FOLLOWER]|listeners:[], old=null
2023-01-08 22:30:57,133 [1ea1b0cd-ced3-45e8-8c40-55289e6aecfb@group-5A52CB9248BA-LeaderElection15] INFO  server.RaftServerConfigKeys (ConfUtils.java:logFallback(53)) - raft.server.rpc.first-election.timeout.min = 5s (fallback to raft.server.rpc.timeout.min)
2023-01-08 22:30:57,133 [1ea1b0cd-ced3-45e8-8c40-55289e6aecfb@group-5A52CB9248BA-LeaderElection15] INFO  server.RaftServerConfigKeys (ConfUtils.java:logFallback(53)) - raft.server.rpc.first-election.timeout.max = 5200ms (fallback to raft.server.rpc.timeout.max)
2023-01-08 22:30:57,137 [grpc-default-executor-2] INFO  server.RaftServer$Division (RaftServerImpl.java:requestVote(1218)) - a5f0a7e4-4f3a-4f10-aa1a-af4297eff32d@group-5A52CB9248BA: receive requestVote(ELECTION, 1ea1b0cd-ced3-45e8-8c40-55289e6aecfb, group-5A52CB9248BA, 2, (t:0, i:0))
2023-01-08 22:30:57,137 [grpc-default-executor-2] INFO  impl.VoteContext (VoteContext.java:log(49)) - a5f0a7e4-4f3a-4f10-aa1a-af4297eff32d@group-5A52CB9248BA-FOLLOWER: accept ELECTION from 1ea1b0cd-ced3-45e8-8c40-55289e6aecfb: our priority 0 <= candidate's priority 0
2023-01-08 22:30:57,138 [grpc-default-executor-2] INFO  server.RaftServer$Division (RaftServerImpl.java:setRole(321)) - a5f0a7e4-4f3a-4f10-aa1a-af4297eff32d@group-5A52CB9248BA: changes role from  FOLLOWER to FOLLOWER at term 2 for candidate:1ea1b0cd-ced3-45e8-8c40-55289e6aecfb
2023-01-08 22:30:57,138 [grpc-default-executor-2] INFO  impl.RoleInfo (RoleInfo.java:shutdownFollowerState(110)) - a5f0a7e4-4f3a-4f10-aa1a-af4297eff32d: shutdown a5f0a7e4-4f3a-4f10-aa1a-af4297eff32d@group-5A52CB9248BA-FollowerState
2023-01-08 22:30:57,138 [grpc-default-executor-2] INFO  impl.RoleInfo (RoleInfo.java:updateAndGet(139)) - a5f0a7e4-4f3a-4f10-aa1a-af4297eff32d: start a5f0a7e4-4f3a-4f10-aa1a-af4297eff32d@group-5A52CB9248BA-FollowerState
2023-01-08 22:30:57,138 [a5f0a7e4-4f3a-4f10-aa1a-af4297eff32d@group-5A52CB9248BA-FollowerState] INFO  impl.FollowerState (FollowerState.java:run(152)) - a5f0a7e4-4f3a-4f10-aa1a-af4297eff32d@group-5A52CB9248BA-FollowerState was interrupted
2023-01-08 22:30:57,138 [a5f0a7e4-4f3a-4f10-aa1a-af4297eff32d@group-5A52CB9248BA-FollowerState] INFO  server.RaftServerConfigKeys (ConfUtils.java:logFallback(53)) - raft.server.rpc.first-election.timeout.min = 5s (fallback to raft.server.rpc.timeout.min)
2023-01-08 22:30:57,138 [a5f0a7e4-4f3a-4f10-aa1a-af4297eff32d@group-5A52CB9248BA-FollowerState] INFO  server.RaftServerConfigKeys (ConfUtils.java:logFallback(53)) - raft.server.rpc.first-election.timeout.max = 5200ms (fallback to raft.server.rpc.timeout.max)
2023-01-08 22:30:57,139 [grpc-default-executor-2] INFO  server.RaftServer$Division (RaftServerImpl.java:requestVote(1251)) - a5f0a7e4-4f3a-4f10-aa1a-af4297eff32d@group-5A52CB9248BA replies to ELECTION vote request: 1ea1b0cd-ced3-45e8-8c40-55289e6aecfb<-a5f0a7e4-4f3a-4f10-aa1a-af4297eff32d#0:OK-t2. Peer's state: a5f0a7e4-4f3a-4f10-aa1a-af4297eff32d@group-5A52CB9248BA:t2, leader=null, voted=1ea1b0cd-ced3-45e8-8c40-55289e6aecfb, raftlog=Memoized:a5f0a7e4-4f3a-4f10-aa1a-af4297eff32d@group-5A52CB9248BA-SegmentedRaftLog:OPENED:c-1, conf=-1: peers:[a5f0a7e4-4f3a-4f10-aa1a-af4297eff32d|rpc:10.1.0.12:33221|dataStream:10.1.0.12:37417|priority:0|startupRole:FOLLOWER, 1ea1b0cd-ced3-45e8-8c40-55289e6aecfb|rpc:10.1.0.12:40525|dataStream:10.1.0.12:40569|priority:0|startupRole:FOLLOWER, 706a9b8c-4318-427e-9be3-8b37c9b0924f|rpc:10.1.0.12:45297|dataStream:10.1.0.12:44379|priority:1|startupRole:FOLLOWER]|listeners:[], old=null
2023-01-08 22:30:57,146 [grpc-default-executor-2] INFO  server.RaftServer$Division (RaftServerImpl.java:requestVote(1218)) - 706a9b8c-4318-427e-9be3-8b37c9b0924f@group-5A52CB9248BA: receive requestVote(ELECTION, 1ea1b0cd-ced3-45e8-8c40-55289e6aecfb, group-5A52CB9248BA, 2, (t:0, i:0))
2023-01-08 22:30:57,149 [grpc-default-executor-2] INFO  impl.VoteContext (VoteContext.java:log(49)) - 706a9b8c-4318-427e-9be3-8b37c9b0924f@group-5A52CB9248BA-FOLLOWER: reject ELECTION from 1ea1b0cd-ced3-45e8-8c40-55289e6aecfb: our priority 1 > candidate's priority 0
2023-01-08 22:30:57,149 [grpc-default-executor-2] INFO  server.RaftServer$Division (RaftServerImpl.java:setRole(321)) - 706a9b8c-4318-427e-9be3-8b37c9b0924f@group-5A52CB9248BA: changes role from  FOLLOWER to FOLLOWER at term 2 for candidate:1ea1b0cd-ced3-45e8-8c40-55289e6aecfb
2023-01-08 22:30:57,149 [grpc-default-executor-2] INFO  impl.RoleInfo (RoleInfo.java:shutdownFollowerState(110)) - 706a9b8c-4318-427e-9be3-8b37c9b0924f: shutdown 706a9b8c-4318-427e-9be3-8b37c9b0924f@group-5A52CB9248BA-FollowerState
2023-01-08 22:30:57,149 [grpc-default-executor-2] INFO  impl.RoleInfo (RoleInfo.java:updateAndGet(139)) - 706a9b8c-4318-427e-9be3-8b37c9b0924f: start 706a9b8c-4318-427e-9be3-8b37c9b0924f@group-5A52CB9248BA-FollowerState
2023-01-08 22:30:57,149 [706a9b8c-4318-427e-9be3-8b37c9b0924f@group-5A52CB9248BA-FollowerState] INFO  impl.FollowerState (FollowerState.java:run(152)) - 706a9b8c-4318-427e-9be3-8b37c9b0924f@group-5A52CB9248BA-FollowerState was interrupted
2023-01-08 22:30:57,151 [706a9b8c-4318-427e-9be3-8b37c9b0924f@group-5A52CB9248BA-FollowerState] INFO  server.RaftServerConfigKeys (ConfUtils.java:logFallback(53)) - raft.server.rpc.first-election.timeout.min = 5s (fallback to raft.server.rpc.timeout.min)
2023-01-08 22:30:57,151 [706a9b8c-4318-427e-9be3-8b37c9b0924f@group-5A52CB9248BA-FollowerState] INFO  server.RaftServerConfigKeys (ConfUtils.java:logFallback(53)) - raft.server.rpc.first-election.timeout.max = 5200ms (fallback to raft.server.rpc.timeout.max)
2023-01-08 22:30:57,151 [grpc-default-executor-2] INFO  server.RaftServer$Division (RaftServerImpl.java:requestVote(1251)) - 706a9b8c-4318-427e-9be3-8b37c9b0924f@group-5A52CB9248BA replies to ELECTION vote request: 1ea1b0cd-ced3-45e8-8c40-55289e6aecfb<-706a9b8c-4318-427e-9be3-8b37c9b0924f#0:FAIL-t2. Peer's state: 706a9b8c-4318-427e-9be3-8b37c9b0924f@group-5A52CB9248BA:t2, leader=null, voted=null, raftlog=Memoized:706a9b8c-4318-427e-9be3-8b37c9b0924f@group-5A52CB9248BA-SegmentedRaftLog:OPENED:c-1, conf=-1: peers:[a5f0a7e4-4f3a-4f10-aa1a-af4297eff32d|rpc:10.1.0.12:33221|dataStream:10.1.0.12:37417|priority:0|startupRole:FOLLOWER, 1ea1b0cd-ced3-45e8-8c40-55289e6aecfb|rpc:10.1.0.12:40525|dataStream:10.1.0.12:40569|priority:0|startupRole:FOLLOWER, 706a9b8c-4318-427e-9be3-8b37c9b0924f|rpc:10.1.0.12:45297|dataStream:10.1.0.12:44379|priority:1|startupRole:FOLLOWER]|listeners:[], old=null
2023-01-08 22:30:57,152 [1ea1b0cd-ced3-45e8-8c40-55289e6aecfb@group-5A52CB9248BA-LeaderElection15] INFO  impl.LeaderElection (LeaderElection.java:logAndReturn(90)) - 1ea1b0cd-ced3-45e8-8c40-55289e6aecfb@group-5A52CB9248BA-LeaderElection15: ELECTION REJECTED received 2 response(s) and 0 exception(s):
2023-01-08 22:30:57,152 [1ea1b0cd-ced3-45e8-8c40-55289e6aecfb@group-5A52CB9248BA-LeaderElection15] INFO  impl.LeaderElection (LeaderElection.java:logAndReturn(94)) -   Response 0: 1ea1b0cd-ced3-45e8-8c40-55289e6aecfb<-a5f0a7e4-4f3a-4f10-aa1a-af4297eff32d#0:OK-t2
2023-01-08 22:30:57,152 [1ea1b0cd-ced3-45e8-8c40-55289e6aecfb@group-5A52CB9248BA-LeaderElection15] INFO  impl.LeaderElection (LeaderElection.java:logAndReturn(94)) -   Response 1: 1ea1b0cd-ced3-45e8-8c40-55289e6aecfb<-706a9b8c-4318-427e-9be3-8b37c9b0924f#0:FAIL-t2
2023-01-08 22:30:57,152 [1ea1b0cd-ced3-45e8-8c40-55289e6aecfb@group-5A52CB9248BA-LeaderElection15] INFO  impl.LeaderElection (LeaderElection.java:askForVotes(314)) - 1ea1b0cd-ced3-45e8-8c40-55289e6aecfb@group-5A52CB9248BA-LeaderElection15 ELECTION round 0: result REJECTED
2023-01-08 22:30:57,152 [1ea1b0cd-ced3-45e8-8c40-55289e6aecfb@group-5A52CB9248BA-LeaderElection15] INFO  server.RaftServer$Division (RaftServerImpl.java:setRole(321)) - 1ea1b0cd-ced3-45e8-8c40-55289e6aecfb@group-5A52CB9248BA: changes role from CANDIDATE to FOLLOWER at term 2 for REJECTED
2023-01-08 22:30:57,154 [1ea1b0cd-ced3-45e8-8c40-55289e6aecfb@group-5A52CB9248BA-LeaderElection15] INFO  impl.RoleInfo (RoleInfo.java:shutdownLeaderElection(130)) - 1ea1b0cd-ced3-45e8-8c40-55289e6aecfb: shutdown 1ea1b0cd-ced3-45e8-8c40-55289e6aecfb@group-5A52CB9248BA-LeaderElection15
2023-01-08 22:30:57,154 [1ea1b0cd-ced3-45e8-8c40-55289e6aecfb@group-5A52CB9248BA-LeaderElection15] INFO  impl.RoleInfo (RoleInfo.java:updateAndGet(139)) - 1ea1b0cd-ced3-45e8-8c40-55289e6aecfb: start 1ea1b0cd-ced3-45e8-8c40-55289e6aecfb@group-5A52CB9248BA-FollowerState
2023-01-08 22:30:57,154 [1ea1b0cd-ced3-45e8-8c40-55289e6aecfb@group-5A52CB9248BA-FollowerState] INFO  server.RaftServerConfigKeys (ConfUtils.java:logFallback(53)) - raft.server.rpc.first-election.timeout.min = 5s (fallback to raft.server.rpc.timeout.min)
2023-01-08 22:30:57,154 [1ea1b0cd-ced3-45e8-8c40-55289e6aecfb@group-5A52CB9248BA-FollowerState] INFO  server.RaftServerConfigKeys (ConfUtils.java:logFallback(53)) - raft.server.rpc.first-election.timeout.max = 5200ms (fallback to raft.server.rpc.timeout.max)
2023-01-08 22:30:57,581 [e7301f7c-5c47-48c7-9f47-e06452a04696@group-75F8889383A4-FollowerState] INFO  impl.FollowerState (FollowerState.java:run(143)) - e7301f7c-5c47-48c7-9f47-e06452a04696@group-75F8889383A4-FollowerState: change to CANDIDATE, lastRpcElapsedTime:5052452406ns, electionTimeout:5046ms
2023-01-08 22:30:57,581 [e7301f7c-5c47-48c7-9f47-e06452a04696@group-75F8889383A4-FollowerState] INFO  impl.RoleInfo (RoleInfo.java:shutdownFollowerState(110)) - e7301f7c-5c47-48c7-9f47-e06452a04696: shutdown e7301f7c-5c47-48c7-9f47-e06452a04696@group-75F8889383A4-FollowerState
2023-01-08 22:30:57,581 [e7301f7c-5c47-48c7-9f47-e06452a04696@group-75F8889383A4-FollowerState] INFO  server.RaftServer$Division (RaftServerImpl.java:setRole(321)) - e7301f7c-5c47-48c7-9f47-e06452a04696@group-75F8889383A4: changes role from  FOLLOWER to CANDIDATE at term 1 for changeToCandidate
2023-01-08 22:30:57,581 [e7301f7c-5c47-48c7-9f47-e06452a04696@group-75F8889383A4-FollowerState] INFO  server.RaftServerConfigKeys (ConfUtils.java:logGet(46)) - raft.server.leaderelection.pre-vote = false (custom)
2023-01-08 22:30:57,581 [e7301f7c-5c47-48c7-9f47-e06452a04696@group-75F8889383A4-FollowerState] INFO  impl.RoleInfo (RoleInfo.java:updateAndGet(139)) - e7301f7c-5c47-48c7-9f47-e06452a04696: start e7301f7c-5c47-48c7-9f47-e06452a04696@group-75F8889383A4-LeaderElection16
2023-01-08 22:30:57,583 [e7301f7c-5c47-48c7-9f47-e06452a04696@group-75F8889383A4-LeaderElection16] INFO  impl.LeaderElection (LeaderElection.java:askForVotes(312)) - e7301f7c-5c47-48c7-9f47-e06452a04696@group-75F8889383A4-LeaderElection16 ELECTION round 0: submit vote requests at term 2 for -1: peers:[739e0a5a-91fd-46ce-99c6-277f52566479|rpc:10.1.0.12:38543|dataStream:10.1.0.12:44013|priority:1|startupRole:FOLLOWER, e7301f7c-5c47-48c7-9f47-e06452a04696|rpc:10.1.0.12:37583|dataStream:10.1.0.12:38057|priority:0|startupRole:FOLLOWER, d2cb6247-0f92-4e0f-9f0c-5b2ce80c0115|rpc:10.1.0.12:40175|dataStream:10.1.0.12:35007|priority:0|startupRole:FOLLOWER]|listeners:[], old=null
2023-01-08 22:30:57,584 [739e0a5a-91fd-46ce-99c6-277f52566479@group-75F8889383A4-FollowerState] INFO  impl.FollowerState (FollowerState.java:run(143)) - 739e0a5a-91fd-46ce-99c6-277f52566479@group-75F8889383A4-FollowerState: change to CANDIDATE, lastRpcElapsedTime:5062127985ns, electionTimeout:5057ms
2023-01-08 22:30:57,584 [739e0a5a-91fd-46ce-99c6-277f52566479@group-75F8889383A4-FollowerState] INFO  impl.RoleInfo (RoleInfo.java:shutdownFollowerState(110)) - 739e0a5a-91fd-46ce-99c6-277f52566479: shutdown 739e0a5a-91fd-46ce-99c6-277f52566479@group-75F8889383A4-FollowerState
2023-01-08 22:30:57,584 [739e0a5a-91fd-46ce-99c6-277f52566479@group-75F8889383A4-FollowerState] INFO  server.RaftServer$Division (RaftServerImpl.java:setRole(321)) - 739e0a5a-91fd-46ce-99c6-277f52566479@group-75F8889383A4: changes role from  FOLLOWER to CANDIDATE at term 1 for changeToCandidate
2023-01-08 22:30:57,586 [e7301f7c-5c47-48c7-9f47-e06452a04696@group-75F8889383A4-LeaderElection16] INFO  server.RaftServerConfigKeys (ConfUtils.java:logFallback(53)) - raft.server.rpc.first-election.timeout.min = 5s (fallback to raft.server.rpc.timeout.min)
2023-01-08 22:30:57,586 [e7301f7c-5c47-48c7-9f47-e06452a04696@group-75F8889383A4-LeaderElection16] INFO  server.RaftServerConfigKeys (ConfUtils.java:logFallback(53)) - raft.server.rpc.first-election.timeout.max = 5200ms (fallback to raft.server.rpc.timeout.max)
2023-01-08 22:30:57,587 [739e0a5a-91fd-46ce-99c6-277f52566479@group-75F8889383A4-FollowerState] INFO  server.RaftServerConfigKeys (ConfUtils.java:logGet(46)) - raft.server.leaderelection.pre-vote = false (custom)
2023-01-08 22:30:57,587 [739e0a5a-91fd-46ce-99c6-277f52566479@group-75F8889383A4-FollowerState] INFO  impl.RoleInfo (RoleInfo.java:updateAndGet(139)) - 739e0a5a-91fd-46ce-99c6-277f52566479: start 739e0a5a-91fd-46ce-99c6-277f52566479@group-75F8889383A4-LeaderElection17
2023-01-08 22:30:57,592 [grpc-default-executor-2] INFO  server.RaftServer$Division (RaftServerImpl.java:requestVote(1218)) - 739e0a5a-91fd-46ce-99c6-277f52566479@group-75F8889383A4: receive requestVote(ELECTION, e7301f7c-5c47-48c7-9f47-e06452a04696, group-75F8889383A4, 2, (t:0, i:0))
2023-01-08 22:30:57,592 [grpc-default-executor-2] INFO  impl.VoteContext (VoteContext.java:log(49)) - 739e0a5a-91fd-46ce-99c6-277f52566479@group-75F8889383A4-CANDIDATE: reject ELECTION from e7301f7c-5c47-48c7-9f47-e06452a04696: our priority 1 > candidate's priority 0
2023-01-08 22:30:57,592 [grpc-default-executor-2] INFO  server.RaftServer$Division (RaftServerImpl.java:setRole(321)) - 739e0a5a-91fd-46ce-99c6-277f52566479@group-75F8889383A4: changes role from CANDIDATE to FOLLOWER at term 2 for candidate:e7301f7c-5c47-48c7-9f47-e06452a04696
2023-01-08 22:30:57,592 [grpc-default-executor-2] INFO  impl.RoleInfo (RoleInfo.java:shutdownLeaderElection(130)) - 739e0a5a-91fd-46ce-99c6-277f52566479: shutdown 739e0a5a-91fd-46ce-99c6-277f52566479@group-75F8889383A4-LeaderElection17
2023-01-08 22:30:57,592 [grpc-default-executor-2] INFO  impl.RoleInfo (RoleInfo.java:updateAndGet(139)) - 739e0a5a-91fd-46ce-99c6-277f52566479: start 739e0a5a-91fd-46ce-99c6-277f52566479@group-75F8889383A4-FollowerState
2023-01-08 22:30:57,593 [grpc-default-executor-4] INFO  server.RaftServer$Division (RaftServerImpl.java:requestVote(1218)) - d2cb6247-0f92-4e0f-9f0c-5b2ce80c0115@group-75F8889383A4: receive requestVote(ELECTION, e7301f7c-5c47-48c7-9f47-e06452a04696, group-75F8889383A4, 2, (t:0, i:0))
2023-01-08 22:30:57,593 [grpc-default-executor-4] INFO  impl.VoteContext (VoteContext.java:log(49)) - d2cb6247-0f92-4e0f-9f0c-5b2ce80c0115@group-75F8889383A4-FOLLOWER: accept ELECTION from e7301f7c-5c47-48c7-9f47-e06452a04696: our priority 0 <= candidate's priority 0
2023-01-08 22:30:57,593 [grpc-default-executor-4] INFO  server.RaftServer$Division (RaftServerImpl.java:setRole(321)) - d2cb6247-0f92-4e0f-9f0c-5b2ce80c0115@group-75F8889383A4: changes role from  FOLLOWER to FOLLOWER at term 2 for candidate:e7301f7c-5c47-48c7-9f47-e06452a04696
2023-01-08 22:30:57,593 [grpc-default-executor-4] INFO  impl.RoleInfo (RoleInfo.java:shutdownFollowerState(110)) - d2cb6247-0f92-4e0f-9f0c-5b2ce80c0115: shutdown d2cb6247-0f92-4e0f-9f0c-5b2ce80c0115@group-75F8889383A4-FollowerState
2023-01-08 22:30:57,593 [739e0a5a-91fd-46ce-99c6-277f52566479@group-75F8889383A4-FollowerState] INFO  server.RaftServerConfigKeys (ConfUtils.java:logFallback(53)) - raft.server.rpc.first-election.timeout.min = 5s (fallback to raft.server.rpc.timeout.min)
2023-01-08 22:30:57,593 [739e0a5a-91fd-46ce-99c6-277f52566479@group-75F8889383A4-FollowerState] INFO  server.RaftServerConfigKeys (ConfUtils.java:logFallback(53)) - raft.server.rpc.first-election.timeout.max = 5200ms (fallback to raft.server.rpc.timeout.max)
2023-01-08 22:30:57,594 [grpc-default-executor-4] INFO  impl.RoleInfo (RoleInfo.java:updateAndGet(139)) - d2cb6247-0f92-4e0f-9f0c-5b2ce80c0115: start d2cb6247-0f92-4e0f-9f0c-5b2ce80c0115@group-75F8889383A4-FollowerState
2023-01-08 22:30:57,594 [d2cb6247-0f92-4e0f-9f0c-5b2ce80c0115@group-75F8889383A4-FollowerState] INFO  impl.FollowerState (FollowerState.java:run(152)) - d2cb6247-0f92-4e0f-9f0c-5b2ce80c0115@group-75F8889383A4-FollowerState was interrupted
2023-01-08 22:30:57,594 [grpc-default-executor-2] INFO  server.RaftServer$Division (RaftServerImpl.java:requestVote(1251)) - 739e0a5a-91fd-46ce-99c6-277f52566479@group-75F8889383A4 replies to ELECTION vote request: e7301f7c-5c47-48c7-9f47-e06452a04696<-739e0a5a-91fd-46ce-99c6-277f52566479#0:FAIL-t2. Peer's state: 739e0a5a-91fd-46ce-99c6-277f52566479@group-75F8889383A4:t2, leader=null, voted=null, raftlog=Memoized:739e0a5a-91fd-46ce-99c6-277f52566479@group-75F8889383A4-SegmentedRaftLog:OPENED:c-1, conf=-1: peers:[739e0a5a-91fd-46ce-99c6-277f52566479|rpc:10.1.0.12:38543|dataStream:10.1.0.12:44013|priority:1|startupRole:FOLLOWER, e7301f7c-5c47-48c7-9f47-e06452a04696|rpc:10.1.0.12:37583|dataStream:10.1.0.12:38057|priority:0|startupRole:FOLLOWER, d2cb6247-0f92-4e0f-9f0c-5b2ce80c0115|rpc:10.1.0.12:40175|dataStream:10.1.0.12:35007|priority:0|startupRole:FOLLOWER]|listeners:[], old=null
2023-01-08 22:30:57,604 [e7301f7c-5c47-48c7-9f47-e06452a04696@group-75F8889383A4-LeaderElection16] INFO  impl.LeaderElection (LeaderElection.java:logAndReturn(90)) - e7301f7c-5c47-48c7-9f47-e06452a04696@group-75F8889383A4-LeaderElection16: ELECTION REJECTED received 1 response(s) and 0 exception(s):
2023-01-08 22:30:57,604 [e7301f7c-5c47-48c7-9f47-e06452a04696@group-75F8889383A4-LeaderElection16] INFO  impl.LeaderElection (LeaderElection.java:logAndReturn(94)) -   Response 0: e7301f7c-5c47-48c7-9f47-e06452a04696<-739e0a5a-91fd-46ce-99c6-277f52566479#0:FAIL-t2
2023-01-08 22:30:57,604 [e7301f7c-5c47-48c7-9f47-e06452a04696@group-75F8889383A4-LeaderElection16] INFO  impl.LeaderElection (LeaderElection.java:askForVotes(314)) - e7301f7c-5c47-48c7-9f47-e06452a04696@group-75F8889383A4-LeaderElection16 ELECTION round 0: result REJECTED
2023-01-08 22:30:57,605 [e7301f7c-5c47-48c7-9f47-e06452a04696@group-75F8889383A4-LeaderElection16] INFO  server.RaftServer$Division (RaftServerImpl.java:setRole(321)) - e7301f7c-5c47-48c7-9f47-e06452a04696@group-75F8889383A4: changes role from CANDIDATE to FOLLOWER at term 2 for REJECTED
2023-01-08 22:30:57,605 [e7301f7c-5c47-48c7-9f47-e06452a04696@group-75F8889383A4-LeaderElection16] INFO  impl.RoleInfo (RoleInfo.java:shutdownLeaderElection(130)) - e7301f7c-5c47-48c7-9f47-e06452a04696: shutdown e7301f7c-5c47-48c7-9f47-e06452a04696@group-75F8889383A4-LeaderElection16
2023-01-08 22:30:57,605 [e7301f7c-5c47-48c7-9f47-e06452a04696@group-75F8889383A4-LeaderElection16] INFO  impl.RoleInfo (RoleInfo.java:updateAndGet(139)) - e7301f7c-5c47-48c7-9f47-e06452a04696: start e7301f7c-5c47-48c7-9f47-e06452a04696@group-75F8889383A4-FollowerState
2023-01-08 22:30:57,606 [d2cb6247-0f92-4e0f-9f0c-5b2ce80c0115@group-75F8889383A4-FollowerState] INFO  server.RaftServerConfigKeys (ConfUtils.java:logFallback(53)) - raft.server.rpc.first-election.timeout.min = 5s (fallback to raft.server.rpc.timeout.min)
2023-01-08 22:30:57,607 [d2cb6247-0f92-4e0f-9f0c-5b2ce80c0115@group-75F8889383A4-FollowerState] INFO  server.RaftServerConfigKeys (ConfUtils.java:logFallback(53)) - raft.server.rpc.first-election.timeout.max = 5200ms (fallback to raft.server.rpc.timeout.max)
2023-01-08 22:30:57,607 [grpc-default-executor-4] INFO  server.RaftServer$Division (RaftServerImpl.java:requestVote(1251)) - d2cb6247-0f92-4e0f-9f0c-5b2ce80c0115@group-75F8889383A4 replies to ELECTION vote request: e7301f7c-5c47-48c7-9f47-e06452a04696<-d2cb6247-0f92-4e0f-9f0c-5b2ce80c0115#0:OK-t2. Peer's state: d2cb6247-0f92-4e0f-9f0c-5b2ce80c0115@group-75F8889383A4:t2, leader=null, voted=e7301f7c-5c47-48c7-9f47-e06452a04696, raftlog=Memoized:d2cb6247-0f92-4e0f-9f0c-5b2ce80c0115@group-75F8889383A4-SegmentedRaftLog:OPENED:c-1, conf=-1: peers:[739e0a5a-91fd-46ce-99c6-277f52566479|rpc:10.1.0.12:38543|dataStream:10.1.0.12:44013|priority:1|startupRole:FOLLOWER, e7301f7c-5c47-48c7-9f47-e06452a04696|rpc:10.1.0.12:37583|dataStream:10.1.0.12:38057|priority:0|startupRole:FOLLOWER, d2cb6247-0f92-4e0f-9f0c-5b2ce80c0115|rpc:10.1.0.12:40175|dataStream:10.1.0.12:35007|priority:0|startupRole:FOLLOWER]|listeners:[], old=null
2023-01-08 22:30:57,607 [e7301f7c-5c47-48c7-9f47-e06452a04696@group-75F8889383A4-FollowerState] INFO  server.RaftServerConfigKeys (ConfUtils.java:logFallback(53)) - raft.server.rpc.first-election.timeout.min = 5s (fallback to raft.server.rpc.timeout.min)
2023-01-08 22:30:57,607 [e7301f7c-5c47-48c7-9f47-e06452a04696@group-75F8889383A4-FollowerState] INFO  server.RaftServerConfigKeys (ConfUtils.java:logFallback(53)) - raft.server.rpc.first-election.timeout.max = 5200ms (fallback to raft.server.rpc.timeout.max)
]]></system-out>
  </testcase>
  <testcase name="testWriteWithExceedingMaxBufferLimit" classname="org.apache.hadoop.ozone.client.rpc.TestBlockOutputStreamFlushDelay" time="0.152"/>
</testsuite>