<?xml version="1.0" encoding="UTF-8"?>
<testsuite xmlns:xsi="http://www.w3.org/2001/XMLSchema-instance" xsi:noNamespaceSchemaLocation="https://maven.apache.org/surefire/maven-surefire-plugin/xsd/surefire-test-report.xsd" name="org.apache.hadoop.ozone.client.rpc.TestDeleteWithSlowFollower" time="28.647" tests="1" errors="0" skipped="0" failures="1">
  <properties>
    <property name="awt.toolkit" value="sun.awt.X11.XToolkit"/>
    <property name="file.encoding.pkg" value="sun.io"/>
    <property name="java.specification.version" value="1.8"/>
    <property name="sun.cpu.isalist" value=""/>
    <property name="sun.jnu.encoding" value="ANSI_X3.4-1968"/>
    <property name="java.class.path" value="/github/workspace/mnt/ozone/hadoop-ozone/integration-test/target/test-classes:/github/workspace/mnt/ozone/hadoop-ozone/integration-test/target/classes:/home/user/.m2/repository/org/apache/hadoop/hadoop-ozone-common/0.6.0-SNAPSHOT/hadoop-ozone-common-0.6.0-SNAPSHOT.jar:/home/user/.m2/repository/org/apache/commons/commons-compress/1.4.1/commons-compress-1.4.1.jar:/home/user/.m2/repository/org/tukaani/xz/1.0/xz-1.0.jar:/home/user/.m2/repository/org/apache/hadoop/hadoop-hdds-common/0.6.0-SNAPSHOT/hadoop-hdds-common-0.6.0-SNAPSHOT.jar:/home/user/.m2/repository/org/apache/hadoop/hadoop-hdds-hadoop-dependency-client/0.6.0-SNAPSHOT/hadoop-hdds-hadoop-dependency-client-0.6.0-SNAPSHOT.jar:/home/user/.m2/repository/info/picocli/picocli/3.9.6/picocli-3.9.6.jar:/home/user/.m2/repository/com/fasterxml/jackson/core/jackson-annotations/2.10.3/jackson-annotations-2.10.3.jar:/home/user/.m2/repository/javax/annotation/javax.annotation-api/1.2/javax.annotation-api-1.2.jar:/home/user/.m2/repository/org/apache/ratis/ratis-server/0.6.0-6ab75ae-SNAPSHOT/ratis-server-0.6.0-6ab75ae-SNAPSHOT.jar:/home/user/.m2/repository/org/apache/ratis/ratis-client/0.6.0-6ab75ae-SNAPSHOT/ratis-client-0.6.0-6ab75ae-SNAPSHOT.jar:/home/user/.m2/repository/org/apache/ratis/ratis-metrics/0.6.0-6ab75ae-SNAPSHOT/ratis-metrics-0.6.0-6ab75ae-SNAPSHOT.jar:/home/user/.m2/repository/org/apache/ratis/ratis-netty/0.6.0-6ab75ae-SNAPSHOT/ratis-netty-0.6.0-6ab75ae-SNAPSHOT.jar:/home/user/.m2/repository/org/apache/ratis/ratis-grpc/0.6.0-6ab75ae-SNAPSHOT/ratis-grpc-0.6.0-6ab75ae-SNAPSHOT.jar:/home/user/.m2/repository/org/apache/logging/log4j/log4j-api/2.11.0/log4j-api-2.11.0.jar:/home/user/.m2/repository/org/apache/logging/log4j/log4j-core/2.11.0/log4j-core-2.11.0.jar:/home/user/.m2/repository/com/lmax/disruptor/3.4.2/disruptor-3.4.2.jar:/home/user/.m2/repository/org/apache/commons/commons-pool2/2.6.0/commons-pool2-2.6.0.jar:/home/user/.m2/repository/org/bouncycastle/bcpkix-jdk15on/1.60/bcpkix-jdk15on-1.60.jar:/home/user/.m2/repository/commons-validator/commons-validator/1.6/commons-validator-1.6.jar:/home/user/.m2/repository/commons-digester/commons-digester/1.8.1/commons-digester-1.8.1.jar:/home/user/.m2/repository/io/jaegertracing/jaeger-client/1.2.0/jaeger-client-1.2.0.jar:/home/user/.m2/repository/io/jaegertracing/jaeger-thrift/1.2.0/jaeger-thrift-1.2.0.jar:/home/user/.m2/repository/org/apache/thrift/libthrift/0.13.0/libthrift-0.13.0.jar:/home/user/.m2/repository/com/squareup/okhttp3/okhttp/4.2.2/okhttp-4.2.2.jar:/home/user/.m2/repository/com/squareup/okio/okio/2.2.2/okio-2.2.2.jar:/home/user/.m2/repository/org/jetbrains/kotlin/kotlin-stdlib/1.3.50/kotlin-stdlib-1.3.50.jar:/home/user/.m2/repository/org/jetbrains/kotlin/kotlin-stdlib-common/1.3.50/kotlin-stdlib-common-1.3.50.jar:/home/user/.m2/repository/org/jetbrains/annotations/13.0/annotations-13.0.jar:/home/user/.m2/repository/io/jaegertracing/jaeger-core/1.2.0/jaeger-core-1.2.0.jar:/home/user/.m2/repository/io/jaegertracing/jaeger-tracerresolver/1.2.0/jaeger-tracerresolver-1.2.0.jar:/home/user/.m2/repository/io/opentracing/contrib/opentracing-tracerresolver/0.1.8/opentracing-tracerresolver-0.1.8.jar:/home/user/.m2/repository/io/opentracing/opentracing-util/0.33.0/opentracing-util-0.33.0.jar:/home/user/.m2/repository/io/opentracing/opentracing-api/0.33.0/opentracing-api-0.33.0.jar:/home/user/.m2/repository/io/opentracing/opentracing-noop/0.33.0/opentracing-noop-0.33.0.jar:/home/user/.m2/repository/org/apache/hadoop/hadoop-hdds-client/0.6.0-SNAPSHOT/hadoop-hdds-client-0.6.0-SNAPSHOT.jar:/home/user/.m2/repository/org/apache/hadoop/hadoop-hdds-test-utils/0.6.0-SNAPSHOT/hadoop-hdds-test-utils-0.6.0-SNAPSHOT.jar:/home/user/.m2/repository/com/google/guava/guava/28.2-jre/guava-28.2-jre.jar:/home/user/.m2/repository/com/google/guava/failureaccess/1.0.1/failureaccess-1.0.1.jar:/home/user/.m2/repository/com/google/guava/listenablefuture/9999.0-empty-to-avoid-conflict-with-guava/listenablefuture-9999.0-empty-to-avoid-conflict-with-guava.jar:/home/user/.m2/repository/com/google/code/findbugs/jsr305/3.0.0/jsr305-3.0.0.jar:/home/user/.m2/repository/org/checkerframework/checker-qual/2.10.0/checker-qual-2.10.0.jar:/home/user/.m2/repository/com/google/errorprone/error_prone_annotations/2.2.0/error_prone_annotations-2.2.0.jar:/home/user/.m2/repository/com/google/j2objc/j2objc-annotations/1.3/j2objc-annotations-1.3.jar:/home/user/.m2/repository/commons-io/commons-io/2.5/commons-io-2.5.jar:/home/user/.m2/repository/commons-logging/commons-logging/1.2/commons-logging-1.2.jar:/home/user/.m2/repository/log4j/log4j/1.2.17/log4j-1.2.17.jar:/home/user/.m2/repository/org/slf4j/slf4j-api/1.7.25/slf4j-api-1.7.25.jar:/home/user/.m2/repository/org/apache/hadoop/hadoop-hdds-server-scm/0.6.0-SNAPSHOT/hadoop-hdds-server-scm-0.6.0-SNAPSHOT.jar:/home/user/.m2/repository/org/apache/hadoop/hadoop-hdds-container-service/0.6.0-SNAPSHOT/hadoop-hdds-container-service-0.6.0-SNAPSHOT.jar:/home/user/.m2/repository/org/apache/hadoop/hadoop-hdds-hadoop-dependency-server/0.6.0-SNAPSHOT/hadoop-hdds-hadoop-dependency-server-0.6.0-SNAPSHOT.jar:/home/user/.m2/repository/org/apache/hadoop/hadoop-hdds-server-framework/0.6.0-SNAPSHOT/hadoop-hdds-server-framework-0.6.0-SNAPSHOT.jar:/home/user/.m2/repository/org/apache/hadoop/hadoop-hdds-interface-server/0.6.0-SNAPSHOT/hadoop-hdds-interface-server-0.6.0-SNAPSHOT.jar:/home/user/.m2/repository/org/apache/hadoop/hadoop-hdds-interface-admin/0.6.0-SNAPSHOT/hadoop-hdds-interface-admin-0.6.0-SNAPSHOT.jar:/home/user/.m2/repository/org/rocksdb/rocksdbjni/6.6.4/rocksdbjni-6.6.4.jar:/home/user/.m2/repository/io/prometheus/simpleclient_dropwizard/0.7.0/simpleclient_dropwizard-0.7.0.jar:/home/user/.m2/repository/io/prometheus/simpleclient/0.7.0/simpleclient-0.7.0.jar:/home/user/.m2/repository/io/prometheus/simpleclient_common/0.7.0/simpleclient_common-0.7.0.jar:/home/user/.m2/repository/com/fasterxml/jackson/datatype/jackson-datatype-jsr310/2.10.3/jackson-datatype-jsr310-2.10.3.jar:/home/user/.m2/repository/org/apache/hadoop/hadoop-hdds-docs/0.6.0-SNAPSHOT/hadoop-hdds-docs-0.6.0-SNAPSHOT.jar:/home/user/.m2/repository/io/dropwizard/metrics/metrics-core/3.2.4/metrics-core-3.2.4.jar:/home/user/.m2/repository/org/apache/hadoop/hadoop-hdfs-client/3.2.1/hadoop-hdfs-client-3.2.1.jar:/home/user/.m2/repository/org/bouncycastle/bcprov-jdk15on/1.60/bcprov-jdk15on-1.60.jar:/home/user/.m2/repository/org/apache/hadoop/hadoop-ozone-ozone-manager/0.6.0-SNAPSHOT/hadoop-ozone-ozone-manager-0.6.0-SNAPSHOT.jar:/home/user/.m2/repository/org/apache/hadoop/hadoop-hdds-interface-client/0.6.0-SNAPSHOT/hadoop-hdds-interface-client-0.6.0-SNAPSHOT.jar:/home/user/.m2/repository/org/apache/ratis/ratis-thirdparty-misc/0.4.0/ratis-thirdparty-misc-0.4.0.jar:/home/user/.m2/repository/org/apache/hadoop/hadoop-minikdc/3.2.1/hadoop-minikdc-3.2.1.jar:/home/user/.m2/repository/org/apache/kerby/kerb-simplekdc/1.0.1/kerb-simplekdc-1.0.1.jar:/home/user/.m2/repository/org/apache/kerby/kerb-client/1.0.1/kerb-client-1.0.1.jar:/home/user/.m2/repository/org/apache/kerby/kerby-config/1.0.1/kerby-config-1.0.1.jar:/home/user/.m2/repository/org/apache/kerby/kerb-core/1.0.1/kerb-core-1.0.1.jar:/home/user/.m2/repository/org/apache/kerby/kerby-pkix/1.0.1/kerby-pkix-1.0.1.jar:/home/user/.m2/repository/org/apache/kerby/kerby-asn1/1.0.1/kerby-asn1-1.0.1.jar:/home/user/.m2/repository/org/apache/kerby/kerby-util/1.0.1/kerby-util-1.0.1.jar:/home/user/.m2/repository/org/apache/kerby/kerb-common/1.0.1/kerb-common-1.0.1.jar:/home/user/.m2/repository/org/apache/kerby/kerb-crypto/1.0.1/kerb-crypto-1.0.1.jar:/home/user/.m2/repository/org/apache/kerby/kerb-util/1.0.1/kerb-util-1.0.1.jar:/home/user/.m2/repository/org/apache/kerby/token-provider/1.0.1/token-provider-1.0.1.jar:/home/user/.m2/repository/org/apache/kerby/kerb-admin/1.0.1/kerb-admin-1.0.1.jar:/home/user/.m2/repository/org/apache/kerby/kerb-server/1.0.1/kerb-server-1.0.1.jar:/home/user/.m2/repository/org/apache/kerby/kerb-identity/1.0.1/kerb-identity-1.0.1.jar:/home/user/.m2/repository/org/apache/kerby/kerby-xdr/1.0.1/kerby-xdr-1.0.1.jar:/home/user/.m2/repository/org/slf4j/slf4j-log4j12/1.7.25/slf4j-log4j12-1.7.25.jar:/home/user/.m2/repository/org/apache/hadoop/hadoop-ozone-s3gateway/0.6.0-SNAPSHOT/hadoop-ozone-s3gateway-0.6.0-SNAPSHOT.jar:/home/user/.m2/repository/org/jboss/weld/servlet/weld-servlet/2.4.7.Final/weld-servlet-2.4.7.Final.jar:/home/user/.m2/repository/org/glassfish/jersey/containers/jersey-container-servlet-core/2.27/jersey-container-servlet-core-2.27.jar:/home/user/.m2/repository/org/glassfish/hk2/external/javax.inject/2.5.0-b42/javax.inject-2.5.0-b42.jar:/home/user/.m2/repository/org/glassfish/jersey/core/jersey-common/2.27/jersey-common-2.27.jar:/home/user/.m2/repository/org/glassfish/hk2/osgi-resource-locator/1.0.1/osgi-resource-locator-1.0.1.jar:/home/user/.m2/repository/javax/ws/rs/javax.ws.rs-api/2.1/javax.ws.rs-api-2.1.jar:/home/user/.m2/repository/org/glassfish/jersey/ext/cdi/jersey-cdi1x/2.27/jersey-cdi1x-2.27.jar:/home/user/.m2/repository/org/glassfish/jersey/inject/jersey-hk2/2.27/jersey-hk2-2.27.jar:/home/user/.m2/repository/org/glassfish/hk2/hk2-locator/2.5.0-b42/hk2-locator-2.5.0-b42.jar:/home/user/.m2/repository/org/javassist/javassist/3.22.0-CR2/javassist-3.22.0-CR2.jar:/home/user/.m2/repository/org/glassfish/hk2/hk2-api/2.5.0/hk2-api-2.5.0.jar:/home/user/.m2/repository/org/glassfish/hk2/external/jakarta.inject/2.5.0/jakarta.inject-2.5.0.jar:/home/user/.m2/repository/org/glassfish/hk2/hk2-utils/2.5.0/hk2-utils-2.5.0.jar:/home/user/.m2/repository/jakarta/annotation/jakarta.annotation-api/1.3.4/jakarta.annotation-api-1.3.4.jar:/home/user/.m2/repository/org/glassfish/hk2/external/aopalliance-repackaged/2.5.0/aopalliance-repackaged-2.5.0.jar:/home/user/.m2/repository/com/fasterxml/jackson/dataformat/jackson-dataformat-xml/2.10.3/jackson-dataformat-xml-2.10.3.jar:/home/user/.m2/repository/com/fasterxml/jackson/core/jackson-core/2.10.3/jackson-core-2.10.3.jar:/home/user/.m2/repository/com/fasterxml/jackson/module/jackson-module-jaxb-annotations/2.10.3/jackson-module-jaxb-annotations-2.10.3.jar:/home/user/.m2/repository/jakarta/xml/bind/jakarta.xml.bind-api/2.3.2/jakarta.xml.bind-api-2.3.2.jar:/home/user/.m2/repository/jakarta/activation/jakarta.activation-api/1.2.1/jakarta.activation-api-1.2.1.jar:/home/user/.m2/repository/org/codehaus/woodstox/stax2-api/3.1.4/stax2-api-3.1.4.jar:/home/user/.m2/repository/com/fasterxml/woodstox/woodstox-core/5.0.3/woodstox-core-5.0.3.jar:/home/user/.m2/repository/javax/enterprise/cdi-api/1.2/cdi-api-1.2.jar:/home/user/.m2/repository/javax/el/javax.el-api/3.0.0/javax.el-api-3.0.0.jar:/home/user/.m2/repository/javax/interceptor/javax.interceptor-api/1.2/javax.interceptor-api-1.2.jar:/home/user/.m2/repository/javax/inject/javax.inject/1/javax.inject-1.jar:/home/user/.m2/repository/com/sun/xml/bind/jaxb-impl/2.3.0.1/jaxb-impl-2.3.0.1.jar:/home/user/.m2/repository/com/sun/xml/bind/jaxb-core/2.3.0.1/jaxb-core-2.3.0.1.jar:/home/user/.m2/repository/javax/xml/bind/jaxb-api/2.3.0/jaxb-api-2.3.0.jar:/home/user/.m2/repository/javax/activation/activation/1.1.1/activation-1.1.1.jar:/home/user/.m2/repository/org/apache/hadoop/hadoop-ozone-csi/0.6.0-SNAPSHOT/hadoop-ozone-csi-0.6.0-SNAPSHOT.jar:/home/user/.m2/repository/com/google/protobuf/protobuf-java-util/3.11.0/protobuf-java-util-3.11.0.jar:/home/user/.m2/repository/com/google/code/gson/gson/2.2.4/gson-2.2.4.jar:/home/user/.m2/repository/org/apache/hadoop/hadoop-hdds-config/0.6.0-SNAPSHOT/hadoop-hdds-config-0.6.0-SNAPSHOT.jar:/home/user/.m2/repository/com/google/protobuf/protobuf-java/2.5.0/protobuf-java-2.5.0.jar:/home/user/.m2/repository/io/grpc/grpc-netty/1.29.0/grpc-netty-1.29.0.jar:/home/user/.m2/repository/io/grpc/grpc-core/1.29.0/grpc-core-1.29.0.jar:/home/user/.m2/repository/com/google/android/annotations/4.1.1.4/annotations-4.1.1.4.jar:/home/user/.m2/repository/io/perfmark/perfmark-api/0.19.0/perfmark-api-0.19.0.jar:/home/user/.m2/repository/io/netty/netty-codec-http2/4.1.48.Final/netty-codec-http2-4.1.48.Final.jar:/home/user/.m2/repository/io/netty/netty-codec/4.1.48.Final/netty-codec-4.1.48.Final.jar:/home/user/.m2/repository/io/netty/netty-handler/4.1.48.Final/netty-handler-4.1.48.Final.jar:/home/user/.m2/repository/io/netty/netty-codec-http/4.1.48.Final/netty-codec-http-4.1.48.Final.jar:/home/user/.m2/repository/io/netty/netty-handler-proxy/4.1.48.Final/netty-handler-proxy-4.1.48.Final.jar:/home/user/.m2/repository/io/netty/netty-codec-socks/4.1.48.Final/netty-codec-socks-4.1.48.Final.jar:/home/user/.m2/repository/io/netty/netty-transport-native-epoll/4.1.48.Final/netty-transport-native-epoll-4.1.48.Final.jar:/home/user/.m2/repository/io/netty/netty-common/4.1.48.Final/netty-common-4.1.48.Final.jar:/home/user/.m2/repository/io/netty/netty-buffer/4.1.48.Final/netty-buffer-4.1.48.Final.jar:/home/user/.m2/repository/io/netty/netty-transport/4.1.48.Final/netty-transport-4.1.48.Final.jar:/home/user/.m2/repository/io/netty/netty-resolver/4.1.48.Final/netty-resolver-4.1.48.Final.jar:/home/user/.m2/repository/io/netty/netty-transport-native-unix-common/4.1.48.Final/netty-transport-native-unix-common-4.1.48.Final.jar:/home/user/.m2/repository/io/grpc/grpc-protobuf/1.29.0/grpc-protobuf-1.29.0.jar:/home/user/.m2/repository/io/grpc/grpc-api/1.29.0/grpc-api-1.29.0.jar:/home/user/.m2/repository/io/grpc/grpc-context/1.29.0/grpc-context-1.29.0.jar:/home/user/.m2/repository/org/codehaus/mojo/animal-sniffer-annotations/1.18/animal-sniffer-annotations-1.18.jar:/home/user/.m2/repository/com/google/api/grpc/proto-google-common-protos/1.17.0/proto-google-common-protos-1.17.0.jar:/home/user/.m2/repository/io/grpc/grpc-protobuf-lite/1.29.0/grpc-protobuf-lite-1.29.0.jar:/home/user/.m2/repository/io/grpc/grpc-stub/1.29.0/grpc-stub-1.29.0.jar:/home/user/.m2/repository/org/apache/hadoop/hadoop-ozone-recon/0.6.0-SNAPSHOT/hadoop-ozone-recon-0.6.0-SNAPSHOT.jar:/home/user/.m2/repository/org/apache/hadoop/hadoop-ozone-reconcodegen/0.6.0-SNAPSHOT/hadoop-ozone-reconcodegen-0.6.0-SNAPSHOT.jar:/home/user/.m2/repository/com/google/inject/extensions/guice-multibindings/4.0/guice-multibindings-4.0.jar:/home/user/.m2/repository/com/google/inject/guice/4.0/guice-4.0.jar:/home/user/.m2/repository/aopalliance/aopalliance/1.0/aopalliance-1.0.jar:/home/user/.m2/repository/com/google/inject/extensions/guice-assistedinject/4.0/guice-assistedinject-4.0.jar:/home/user/.m2/repository/com/google/inject/extensions/guice-servlet/4.0/guice-servlet-4.0.jar:/home/user/.m2/repository/org/glassfish/jersey/containers/jersey-container-servlet/2.27/jersey-container-servlet-2.27.jar:/home/user/.m2/repository/org/glassfish/hk2/guice-bridge/2.5.0/guice-bridge-2.5.0.jar:/home/user/.m2/repository/org/glassfish/jersey/core/jersey-server/2.27/jersey-server-2.27.jar:/home/user/.m2/repository/org/glassfish/jersey/core/jersey-client/2.27/jersey-client-2.27.jar:/home/user/.m2/repository/org/glassfish/jersey/media/jersey-media-jaxb/2.27/jersey-media-jaxb-2.27.jar:/home/user/.m2/repository/javax/validation/validation-api/1.1.0.Final/validation-api-1.1.0.Final.jar:/home/user/.m2/repository/org/glassfish/jersey/media/jersey-media-json-jackson/2.27/jersey-media-json-jackson-2.27.jar:/home/user/.m2/repository/org/glassfish/jersey/ext/jersey-entity-filtering/2.27/jersey-entity-filtering-2.27.jar:/home/user/.m2/repository/org/jooq/jooq/3.11.10/jooq-3.11.10.jar:/home/user/.m2/repository/org/jooq/jooq-meta/3.11.10/jooq-meta-3.11.10.jar:/home/user/.m2/repository/org/jooq/jooq-codegen/3.11.10/jooq-codegen-3.11.10.jar:/home/user/.m2/repository/com/jolbox/bonecp/0.8.0.RELEASE/bonecp-0.8.0.RELEASE.jar:/home/user/.m2/repository/org/apache/derby/derby/10.14.2.0/derby-10.14.2.0.jar:/home/user/.m2/repository/org/xerial/sqlite-jdbc/3.25.2/sqlite-jdbc-3.25.2.jar:/home/user/.m2/repository/org/springframework/spring-jdbc/5.2.5.RELEASE/spring-jdbc-5.2.5.RELEASE.jar:/home/user/.m2/repository/org/springframework/spring-beans/5.2.5.RELEASE/spring-beans-5.2.5.RELEASE.jar:/home/user/.m2/repository/org/springframework/spring-core/5.2.5.RELEASE/spring-core-5.2.5.RELEASE.jar:/home/user/.m2/repository/org/springframework/spring-jcl/5.2.5.RELEASE/spring-jcl-5.2.5.RELEASE.jar:/home/user/.m2/repository/org/springframework/spring-tx/5.2.5.RELEASE/spring-tx-5.2.5.RELEASE.jar:/home/user/.m2/repository/org/apache/hadoop/hadoop-ozone-client/0.6.0-SNAPSHOT/hadoop-ozone-client-0.6.0-SNAPSHOT.jar:/home/user/.m2/repository/org/apache/hadoop/hadoop-ozone-filesystem/0.6.0-SNAPSHOT/hadoop-ozone-filesystem-0.6.0-SNAPSHOT.jar:/home/user/.m2/repository/org/apache/hadoop/hadoop-ozone-filesystem-common/0.6.0-SNAPSHOT/hadoop-ozone-filesystem-common-0.6.0-SNAPSHOT.jar:/home/user/.m2/repository/org/apache/hadoop/hadoop-ozone-tools/0.6.0-SNAPSHOT/hadoop-ozone-tools-0.6.0-SNAPSHOT.jar:/home/user/.m2/repository/org/apache/hadoop/hadoop-hdfs/3.2.1/hadoop-hdfs-3.2.1.jar:/home/user/.m2/repository/org/apache/ratis/ratis-tools/0.6.0-6ab75ae-SNAPSHOT/ratis-tools-0.6.0-6ab75ae-SNAPSHOT.jar:/home/user/.m2/repository/org/apache/ratis/ratis-proto/0.6.0-6ab75ae-SNAPSHOT/ratis-proto-0.6.0-6ab75ae-SNAPSHOT.jar:/home/user/.m2/repository/org/apache/ratis/ratis-common/0.6.0-6ab75ae-SNAPSHOT/ratis-common-0.6.0-6ab75ae-SNAPSHOT.jar:/home/user/.m2/repository/com/amazonaws/aws-java-sdk-core/1.11.615/aws-java-sdk-core-1.11.615.jar:/home/user/.m2/repository/org/apache/httpcomponents/httpclient/4.5.2/httpclient-4.5.2.jar:/home/user/.m2/repository/org/apache/httpcomponents/httpcore/4.4.4/httpcore-4.4.4.jar:/home/user/.m2/repository/software/amazon/ion/ion-java/1.0.2/ion-java-1.0.2.jar:/home/user/.m2/repository/com/fasterxml/jackson/dataformat/jackson-dataformat-cbor/2.10.3/jackson-dataformat-cbor-2.10.3.jar:/home/user/.m2/repository/joda-time/joda-time/2.8.1/joda-time-2.8.1.jar:/home/user/.m2/repository/com/amazonaws/aws-java-sdk-s3/1.11.615/aws-java-sdk-s3-1.11.615.jar:/home/user/.m2/repository/com/amazonaws/aws-java-sdk-kms/1.11.615/aws-java-sdk-kms-1.11.615.jar:/home/user/.m2/repository/com/amazonaws/jmespath-java/1.11.615/jmespath-java-1.11.615.jar:/home/user/.m2/repository/org/apache/hadoop/hadoop-hdds-tools/0.6.0-SNAPSHOT/hadoop-hdds-tools-0.6.0-SNAPSHOT.jar:/home/user/.m2/repository/commons-cli/commons-cli/1.2/commons-cli-1.2.jar:/home/user/.m2/repository/org/apache/commons/commons-lang3/3.7/commons-lang3-3.7.jar:/home/user/.m2/repository/org/apache/hadoop/hadoop-ozone-ozone-manager/0.6.0-SNAPSHOT/hadoop-ozone-ozone-manager-0.6.0-SNAPSHOT-tests.jar:/home/user/.m2/repository/junit/junit/4.11/junit-4.11.jar:/home/user/.m2/repository/org/hamcrest/hamcrest-core/1.3/hamcrest-core-1.3.jar:/home/user/.m2/repository/org/openjdk/jmh/jmh-core/1.19/jmh-core-1.19.jar:/home/user/.m2/repository/net/sf/jopt-simple/jopt-simple/4.6/jopt-simple-4.6.jar:/home/user/.m2/repository/org/apache/commons/commons-math3/3.1.1/commons-math3-3.1.1.jar:/home/user/.m2/repository/org/openjdk/jmh/jmh-generator-annprocess/1.19/jmh-generator-annprocess-1.19.jar:/home/user/.m2/repository/org/mockito/mockito-all/1.8.5/mockito-all-1.8.5.jar:/home/user/.m2/repository/org/apache/hadoop/hadoop-kms/3.2.1/hadoop-kms-3.2.1.jar:/home/user/.m2/repository/org/apache/hadoop/hadoop-auth/3.2.1/hadoop-auth-3.2.1.jar:/home/user/.m2/repository/com/nimbusds/nimbus-jose-jwt/7.9/nimbus-jose-jwt-7.9.jar:/home/user/.m2/repository/com/github/stephenc/jcip/jcip-annotations/1.0-1/jcip-annotations-1.0-1.jar:/home/user/.m2/repository/net/minidev/json-smart/2.3/json-smart-2.3.jar:/home/user/.m2/repository/net/minidev/accessors-smart/1.2/accessors-smart-1.2.jar:/home/user/.m2/repository/org/ow2/asm/asm/5.0.4/asm-5.0.4.jar:/home/user/.m2/repository/org/apache/zookeeper/zookeeper/3.4.13/zookeeper-3.4.13.jar:/home/user/.m2/repository/org/apache/yetus/audience-annotations/0.5.0/audience-annotations-0.5.0.jar:/home/user/.m2/repository/org/apache/curator/curator-framework/2.13.0/curator-framework-2.13.0.jar:/home/user/.m2/repository/com/sun/jersey/jersey-core/1.19/jersey-core-1.19.jar:/home/user/.m2/repository/javax/ws/rs/jsr311-api/1.1.1/jsr311-api-1.1.1.jar:/home/user/.m2/repository/com/sun/jersey/jersey-server/1.19/jersey-server-1.19.jar:/home/user/.m2/repository/javax/servlet/javax.servlet-api/3.1.0/javax.servlet-api-3.1.0.jar:/home/user/.m2/repository/org/eclipse/jetty/jetty-server/9.4.26.v20200117/jetty-server-9.4.26.v20200117.jar:/home/user/.m2/repository/org/eclipse/jetty/jetty-http/9.4.26.v20200117/jetty-http-9.4.26.v20200117.jar:/home/user/.m2/repository/org/eclipse/jetty/jetty-io/9.4.26.v20200117/jetty-io-9.4.26.v20200117.jar:/home/user/.m2/repository/org/eclipse/jetty/jetty-webapp/9.4.26.v20200117/jetty-webapp-9.4.26.v20200117.jar:/home/user/.m2/repository/org/eclipse/jetty/jetty-xml/9.4.26.v20200117/jetty-xml-9.4.26.v20200117.jar:/home/user/.m2/repository/org/eclipse/jetty/jetty-servlet/9.4.26.v20200117/jetty-servlet-9.4.26.v20200117.jar:/home/user/.m2/repository/org/eclipse/jetty/jetty-security/9.4.26.v20200117/jetty-security-9.4.26.v20200117.jar:/home/user/.m2/repository/org/apache/hadoop/hadoop-common/3.2.1/hadoop-common-3.2.1.jar:/home/user/.m2/repository/commons-net/commons-net/3.6/commons-net-3.6.jar:/home/user/.m2/repository/commons-collections/commons-collections/3.2.2/commons-collections-3.2.2.jar:/home/user/.m2/repository/com/sun/jersey/jersey-servlet/1.19/jersey-servlet-1.19.jar:/home/user/.m2/repository/com/sun/jersey/jersey-json/1.19/jersey-json-1.19.jar:/home/user/.m2/repository/org/codehaus/jettison/jettison/1.1/jettison-1.1.jar:/home/user/.m2/repository/org/codehaus/jackson/jackson-jaxrs/1.9.2/jackson-jaxrs-1.9.2.jar:/home/user/.m2/repository/org/codehaus/jackson/jackson-xc/1.9.2/jackson-xc-1.9.2.jar:/home/user/.m2/repository/commons-beanutils/commons-beanutils/1.9.4/commons-beanutils-1.9.4.jar:/home/user/.m2/repository/org/apache/commons/commons-configuration2/2.1.1/commons-configuration2-2.1.1.jar:/home/user/.m2/repository/org/apache/commons/commons-text/1.4/commons-text-1.4.jar:/home/user/.m2/repository/com/google/re2j/re2j/1.1/re2j-1.1.jar:/home/user/.m2/repository/com/jcraft/jsch/0.1.54/jsch-0.1.54.jar:/home/user/.m2/repository/org/apache/curator/curator-client/2.13.0/curator-client-2.13.0.jar:/home/user/.m2/repository/org/apache/curator/curator-recipes/2.13.0/curator-recipes-2.13.0.jar:/home/user/.m2/repository/dnsjava/dnsjava/2.1.7/dnsjava-2.1.7.jar:/home/user/.m2/repository/org/slf4j/jul-to-slf4j/1.7.25/jul-to-slf4j-1.7.25.jar:/home/user/.m2/repository/org/eclipse/jetty/jetty-util/9.4.26.v20200117/jetty-util-9.4.26.v20200117.jar:/home/user/.m2/repository/com/fasterxml/jackson/core/jackson-databind/2.10.3/jackson-databind-2.10.3.jar:/home/user/.m2/repository/org/apache/hadoop/hadoop-kms/3.2.1/hadoop-kms-3.2.1-tests.jar:/home/user/.m2/repository/org/apache/hadoop/hadoop-hdds-server-scm/0.6.0-SNAPSHOT/hadoop-hdds-server-scm-0.6.0-SNAPSHOT-tests.jar:/home/user/.m2/repository/org/apache/hadoop/hadoop-hdds-container-service/0.6.0-SNAPSHOT/hadoop-hdds-container-service-0.6.0-SNAPSHOT-tests.jar:/home/user/.m2/repository/org/apache/hadoop/hadoop-hdds-common/0.6.0-SNAPSHOT/hadoop-hdds-common-0.6.0-SNAPSHOT-tests.jar:/home/user/.m2/repository/org/yaml/snakeyaml/1.16/snakeyaml-1.16.jar:/home/user/.m2/repository/org/apache/hadoop/hadoop-hdds-hadoop-dependency-test/0.6.0-SNAPSHOT/hadoop-hdds-hadoop-dependency-test-0.6.0-SNAPSHOT.jar:/home/user/.m2/repository/org/apache/hadoop/hadoop-common/3.2.1/hadoop-common-3.2.1-tests.jar:/home/user/.m2/repository/javax/servlet/jsp/jsp-api/2.1/jsp-api-2.1.jar:/home/user/.m2/repository/org/apache/hadoop/hadoop-hdfs/3.2.1/hadoop-hdfs-3.2.1-tests.jar:/home/user/.m2/repository/org/eclipse/jetty/jetty-util-ajax/9.4.26.v20200117/jetty-util-ajax-9.4.26.v20200117.jar:/home/user/.m2/repository/commons-codec/commons-codec/1.11/commons-codec-1.11.jar:/home/user/.m2/repository/commons-daemon/commons-daemon/1.0.13/commons-daemon-1.0.13.jar:/home/user/.m2/repository/io/netty/netty/3.10.5.Final/netty-3.10.5.Final.jar:/home/user/.m2/repository/io/netty/netty-all/4.1.48.Final/netty-all-4.1.48.Final.jar:/home/user/.m2/repository/org/apache/htrace/htrace-core4/4.1.0-incubating/htrace-core4-4.1.0-incubating.jar:/home/user/.m2/repository/org/fusesource/leveldbjni/leveldbjni-all/1.8/leveldbjni-all-1.8.jar:/home/user/.m2/repository/org/apache/hadoop/hadoop-distcp/3.2.1/hadoop-distcp-3.2.1.jar:/home/user/.m2/repository/org/apache/hadoop/hadoop-mapreduce-client-jobclient/3.2.1/hadoop-mapreduce-client-jobclient-3.2.1.jar:/home/user/.m2/repository/org/apache/hadoop/hadoop-mapreduce-client-common/3.2.1/hadoop-mapreduce-client-common-3.2.1.jar:/home/user/.m2/repository/org/apache/hadoop/hadoop-yarn-common/3.2.1/hadoop-yarn-common-3.2.1.jar:/home/user/.m2/repository/org/apache/hadoop/hadoop-yarn-api/3.2.1/hadoop-yarn-api-3.2.1.jar:/home/user/.m2/repository/com/sun/jersey/jersey-client/1.19/jersey-client-1.19.jar:/home/user/.m2/repository/com/sun/jersey/contribs/jersey-guice/1.19/jersey-guice-1.19.jar:/home/user/.m2/repository/com/fasterxml/jackson/jaxrs/jackson-jaxrs-json-provider/2.10.3/jackson-jaxrs-json-provider-2.10.3.jar:/home/user/.m2/repository/com/fasterxml/jackson/jaxrs/jackson-jaxrs-base/2.10.3/jackson-jaxrs-base-2.10.3.jar:/home/user/.m2/repository/org/apache/hadoop/hadoop-yarn-client/3.2.1/hadoop-yarn-client-3.2.1.jar:/home/user/.m2/repository/org/apache/hadoop/hadoop-mapreduce-client-core/3.2.1/hadoop-mapreduce-client-core-3.2.1.jar:/home/user/.m2/repository/org/apache/avro/avro/1.7.7/avro-1.7.7.jar:/home/user/.m2/repository/org/codehaus/jackson/jackson-core-asl/1.9.13/jackson-core-asl-1.9.13.jar:/home/user/.m2/repository/org/codehaus/jackson/jackson-mapper-asl/1.9.13/jackson-mapper-asl-1.9.13.jar:/home/user/.m2/repository/com/thoughtworks/paranamer/paranamer/2.3/paranamer-2.3.jar:/home/user/.m2/repository/org/xerial/snappy/snappy-java/1.0.5/snappy-java-1.0.5.jar:/home/user/.m2/repository/org/apache/hadoop/hadoop-annotations/3.2.1/hadoop-annotations-3.2.1.jar:/usr/lib/jvm/java-1.8.0-openjdk-1.8.0.232.b09-0.el7_7.x86_64/jre/../lib/tools.jar:/home/user/.m2/repository/org/apache/hadoop/hadoop-distcp/3.2.1/hadoop-distcp-3.2.1-tests.jar:"/>
    <property name="java.vm.vendor" value="Oracle Corporation"/>
    <property name="sun.arch.data.model" value="64"/>
    <property name="test.build.dir" value="/github/workspace/mnt/ozone/hadoop-ozone/integration-test/target/test-dir"/>
    <property name="test.cache.data" value=""/>
    <property name="java.vendor.url" value="http://java.oracle.com/"/>
    <property name="user.timezone" value=""/>
    <property name="java.vm.specification.version" value="1.8"/>
    <property name="os.name" value="Linux"/>
    <property name="test.build.data" value="/github/workspace/mnt/ozone/hadoop-ozone/integration-test/target/test-dir"/>
    <property name="user.country" value="US"/>
    <property name="sun.java.launcher" value="SUN_STANDARD"/>
    <property name="sun.boot.library.path" value="/usr/lib/jvm/java-1.8.0-openjdk-1.8.0.232.b09-0.el7_7.x86_64/jre/lib/amd64"/>
    <property name="sun.java.command" value="/github/workspace/mnt/ozone/hadoop-ozone/integration-test/target/surefire/surefirebooter420554877369142703.jar /github/workspace/mnt/ozone/hadoop-ozone/integration-test/target/surefire 2020-06-09T10-09-52_136-jvmRun1 surefire668145985010915371tmp surefire_134711956942275760002tmp"/>
    <property name="surefire.test.class.path" value="/github/workspace/mnt/ozone/hadoop-ozone/integration-test/target/test-classes:/github/workspace/mnt/ozone/hadoop-ozone/integration-test/target/classes:/home/user/.m2/repository/org/apache/hadoop/hadoop-ozone-common/0.6.0-SNAPSHOT/hadoop-ozone-common-0.6.0-SNAPSHOT.jar:/home/user/.m2/repository/org/apache/commons/commons-compress/1.4.1/commons-compress-1.4.1.jar:/home/user/.m2/repository/org/tukaani/xz/1.0/xz-1.0.jar:/home/user/.m2/repository/org/apache/hadoop/hadoop-hdds-common/0.6.0-SNAPSHOT/hadoop-hdds-common-0.6.0-SNAPSHOT.jar:/home/user/.m2/repository/org/apache/hadoop/hadoop-hdds-hadoop-dependency-client/0.6.0-SNAPSHOT/hadoop-hdds-hadoop-dependency-client-0.6.0-SNAPSHOT.jar:/home/user/.m2/repository/info/picocli/picocli/3.9.6/picocli-3.9.6.jar:/home/user/.m2/repository/com/fasterxml/jackson/core/jackson-annotations/2.10.3/jackson-annotations-2.10.3.jar:/home/user/.m2/repository/javax/annotation/javax.annotation-api/1.2/javax.annotation-api-1.2.jar:/home/user/.m2/repository/org/apache/ratis/ratis-server/0.6.0-6ab75ae-SNAPSHOT/ratis-server-0.6.0-6ab75ae-SNAPSHOT.jar:/home/user/.m2/repository/org/apache/ratis/ratis-client/0.6.0-6ab75ae-SNAPSHOT/ratis-client-0.6.0-6ab75ae-SNAPSHOT.jar:/home/user/.m2/repository/org/apache/ratis/ratis-metrics/0.6.0-6ab75ae-SNAPSHOT/ratis-metrics-0.6.0-6ab75ae-SNAPSHOT.jar:/home/user/.m2/repository/org/apache/ratis/ratis-netty/0.6.0-6ab75ae-SNAPSHOT/ratis-netty-0.6.0-6ab75ae-SNAPSHOT.jar:/home/user/.m2/repository/org/apache/ratis/ratis-grpc/0.6.0-6ab75ae-SNAPSHOT/ratis-grpc-0.6.0-6ab75ae-SNAPSHOT.jar:/home/user/.m2/repository/org/apache/logging/log4j/log4j-api/2.11.0/log4j-api-2.11.0.jar:/home/user/.m2/repository/org/apache/logging/log4j/log4j-core/2.11.0/log4j-core-2.11.0.jar:/home/user/.m2/repository/com/lmax/disruptor/3.4.2/disruptor-3.4.2.jar:/home/user/.m2/repository/org/apache/commons/commons-pool2/2.6.0/commons-pool2-2.6.0.jar:/home/user/.m2/repository/org/bouncycastle/bcpkix-jdk15on/1.60/bcpkix-jdk15on-1.60.jar:/home/user/.m2/repository/commons-validator/commons-validator/1.6/commons-validator-1.6.jar:/home/user/.m2/repository/commons-digester/commons-digester/1.8.1/commons-digester-1.8.1.jar:/home/user/.m2/repository/io/jaegertracing/jaeger-client/1.2.0/jaeger-client-1.2.0.jar:/home/user/.m2/repository/io/jaegertracing/jaeger-thrift/1.2.0/jaeger-thrift-1.2.0.jar:/home/user/.m2/repository/org/apache/thrift/libthrift/0.13.0/libthrift-0.13.0.jar:/home/user/.m2/repository/com/squareup/okhttp3/okhttp/4.2.2/okhttp-4.2.2.jar:/home/user/.m2/repository/com/squareup/okio/okio/2.2.2/okio-2.2.2.jar:/home/user/.m2/repository/org/jetbrains/kotlin/kotlin-stdlib/1.3.50/kotlin-stdlib-1.3.50.jar:/home/user/.m2/repository/org/jetbrains/kotlin/kotlin-stdlib-common/1.3.50/kotlin-stdlib-common-1.3.50.jar:/home/user/.m2/repository/org/jetbrains/annotations/13.0/annotations-13.0.jar:/home/user/.m2/repository/io/jaegertracing/jaeger-core/1.2.0/jaeger-core-1.2.0.jar:/home/user/.m2/repository/io/jaegertracing/jaeger-tracerresolver/1.2.0/jaeger-tracerresolver-1.2.0.jar:/home/user/.m2/repository/io/opentracing/contrib/opentracing-tracerresolver/0.1.8/opentracing-tracerresolver-0.1.8.jar:/home/user/.m2/repository/io/opentracing/opentracing-util/0.33.0/opentracing-util-0.33.0.jar:/home/user/.m2/repository/io/opentracing/opentracing-api/0.33.0/opentracing-api-0.33.0.jar:/home/user/.m2/repository/io/opentracing/opentracing-noop/0.33.0/opentracing-noop-0.33.0.jar:/home/user/.m2/repository/org/apache/hadoop/hadoop-hdds-client/0.6.0-SNAPSHOT/hadoop-hdds-client-0.6.0-SNAPSHOT.jar:/home/user/.m2/repository/org/apache/hadoop/hadoop-hdds-test-utils/0.6.0-SNAPSHOT/hadoop-hdds-test-utils-0.6.0-SNAPSHOT.jar:/home/user/.m2/repository/com/google/guava/guava/28.2-jre/guava-28.2-jre.jar:/home/user/.m2/repository/com/google/guava/failureaccess/1.0.1/failureaccess-1.0.1.jar:/home/user/.m2/repository/com/google/guava/listenablefuture/9999.0-empty-to-avoid-conflict-with-guava/listenablefuture-9999.0-empty-to-avoid-conflict-with-guava.jar:/home/user/.m2/repository/com/google/code/findbugs/jsr305/3.0.0/jsr305-3.0.0.jar:/home/user/.m2/repository/org/checkerframework/checker-qual/2.10.0/checker-qual-2.10.0.jar:/home/user/.m2/repository/com/google/errorprone/error_prone_annotations/2.2.0/error_prone_annotations-2.2.0.jar:/home/user/.m2/repository/com/google/j2objc/j2objc-annotations/1.3/j2objc-annotations-1.3.jar:/home/user/.m2/repository/commons-io/commons-io/2.5/commons-io-2.5.jar:/home/user/.m2/repository/commons-logging/commons-logging/1.2/commons-logging-1.2.jar:/home/user/.m2/repository/log4j/log4j/1.2.17/log4j-1.2.17.jar:/home/user/.m2/repository/org/slf4j/slf4j-api/1.7.25/slf4j-api-1.7.25.jar:/home/user/.m2/repository/org/apache/hadoop/hadoop-hdds-server-scm/0.6.0-SNAPSHOT/hadoop-hdds-server-scm-0.6.0-SNAPSHOT.jar:/home/user/.m2/repository/org/apache/hadoop/hadoop-hdds-container-service/0.6.0-SNAPSHOT/hadoop-hdds-container-service-0.6.0-SNAPSHOT.jar:/home/user/.m2/repository/org/apache/hadoop/hadoop-hdds-hadoop-dependency-server/0.6.0-SNAPSHOT/hadoop-hdds-hadoop-dependency-server-0.6.0-SNAPSHOT.jar:/home/user/.m2/repository/org/apache/hadoop/hadoop-hdds-server-framework/0.6.0-SNAPSHOT/hadoop-hdds-server-framework-0.6.0-SNAPSHOT.jar:/home/user/.m2/repository/org/apache/hadoop/hadoop-hdds-interface-server/0.6.0-SNAPSHOT/hadoop-hdds-interface-server-0.6.0-SNAPSHOT.jar:/home/user/.m2/repository/org/apache/hadoop/hadoop-hdds-interface-admin/0.6.0-SNAPSHOT/hadoop-hdds-interface-admin-0.6.0-SNAPSHOT.jar:/home/user/.m2/repository/org/rocksdb/rocksdbjni/6.6.4/rocksdbjni-6.6.4.jar:/home/user/.m2/repository/io/prometheus/simpleclient_dropwizard/0.7.0/simpleclient_dropwizard-0.7.0.jar:/home/user/.m2/repository/io/prometheus/simpleclient/0.7.0/simpleclient-0.7.0.jar:/home/user/.m2/repository/io/prometheus/simpleclient_common/0.7.0/simpleclient_common-0.7.0.jar:/home/user/.m2/repository/com/fasterxml/jackson/datatype/jackson-datatype-jsr310/2.10.3/jackson-datatype-jsr310-2.10.3.jar:/home/user/.m2/repository/org/apache/hadoop/hadoop-hdds-docs/0.6.0-SNAPSHOT/hadoop-hdds-docs-0.6.0-SNAPSHOT.jar:/home/user/.m2/repository/io/dropwizard/metrics/metrics-core/3.2.4/metrics-core-3.2.4.jar:/home/user/.m2/repository/org/apache/hadoop/hadoop-hdfs-client/3.2.1/hadoop-hdfs-client-3.2.1.jar:/home/user/.m2/repository/org/bouncycastle/bcprov-jdk15on/1.60/bcprov-jdk15on-1.60.jar:/home/user/.m2/repository/org/apache/hadoop/hadoop-ozone-ozone-manager/0.6.0-SNAPSHOT/hadoop-ozone-ozone-manager-0.6.0-SNAPSHOT.jar:/home/user/.m2/repository/org/apache/hadoop/hadoop-hdds-interface-client/0.6.0-SNAPSHOT/hadoop-hdds-interface-client-0.6.0-SNAPSHOT.jar:/home/user/.m2/repository/org/apache/ratis/ratis-thirdparty-misc/0.4.0/ratis-thirdparty-misc-0.4.0.jar:/home/user/.m2/repository/org/apache/hadoop/hadoop-minikdc/3.2.1/hadoop-minikdc-3.2.1.jar:/home/user/.m2/repository/org/apache/kerby/kerb-simplekdc/1.0.1/kerb-simplekdc-1.0.1.jar:/home/user/.m2/repository/org/apache/kerby/kerb-client/1.0.1/kerb-client-1.0.1.jar:/home/user/.m2/repository/org/apache/kerby/kerby-config/1.0.1/kerby-config-1.0.1.jar:/home/user/.m2/repository/org/apache/kerby/kerb-core/1.0.1/kerb-core-1.0.1.jar:/home/user/.m2/repository/org/apache/kerby/kerby-pkix/1.0.1/kerby-pkix-1.0.1.jar:/home/user/.m2/repository/org/apache/kerby/kerby-asn1/1.0.1/kerby-asn1-1.0.1.jar:/home/user/.m2/repository/org/apache/kerby/kerby-util/1.0.1/kerby-util-1.0.1.jar:/home/user/.m2/repository/org/apache/kerby/kerb-common/1.0.1/kerb-common-1.0.1.jar:/home/user/.m2/repository/org/apache/kerby/kerb-crypto/1.0.1/kerb-crypto-1.0.1.jar:/home/user/.m2/repository/org/apache/kerby/kerb-util/1.0.1/kerb-util-1.0.1.jar:/home/user/.m2/repository/org/apache/kerby/token-provider/1.0.1/token-provider-1.0.1.jar:/home/user/.m2/repository/org/apache/kerby/kerb-admin/1.0.1/kerb-admin-1.0.1.jar:/home/user/.m2/repository/org/apache/kerby/kerb-server/1.0.1/kerb-server-1.0.1.jar:/home/user/.m2/repository/org/apache/kerby/kerb-identity/1.0.1/kerb-identity-1.0.1.jar:/home/user/.m2/repository/org/apache/kerby/kerby-xdr/1.0.1/kerby-xdr-1.0.1.jar:/home/user/.m2/repository/org/slf4j/slf4j-log4j12/1.7.25/slf4j-log4j12-1.7.25.jar:/home/user/.m2/repository/org/apache/hadoop/hadoop-ozone-s3gateway/0.6.0-SNAPSHOT/hadoop-ozone-s3gateway-0.6.0-SNAPSHOT.jar:/home/user/.m2/repository/org/jboss/weld/servlet/weld-servlet/2.4.7.Final/weld-servlet-2.4.7.Final.jar:/home/user/.m2/repository/org/glassfish/jersey/containers/jersey-container-servlet-core/2.27/jersey-container-servlet-core-2.27.jar:/home/user/.m2/repository/org/glassfish/hk2/external/javax.inject/2.5.0-b42/javax.inject-2.5.0-b42.jar:/home/user/.m2/repository/org/glassfish/jersey/core/jersey-common/2.27/jersey-common-2.27.jar:/home/user/.m2/repository/org/glassfish/hk2/osgi-resource-locator/1.0.1/osgi-resource-locator-1.0.1.jar:/home/user/.m2/repository/javax/ws/rs/javax.ws.rs-api/2.1/javax.ws.rs-api-2.1.jar:/home/user/.m2/repository/org/glassfish/jersey/ext/cdi/jersey-cdi1x/2.27/jersey-cdi1x-2.27.jar:/home/user/.m2/repository/org/glassfish/jersey/inject/jersey-hk2/2.27/jersey-hk2-2.27.jar:/home/user/.m2/repository/org/glassfish/hk2/hk2-locator/2.5.0-b42/hk2-locator-2.5.0-b42.jar:/home/user/.m2/repository/org/javassist/javassist/3.22.0-CR2/javassist-3.22.0-CR2.jar:/home/user/.m2/repository/org/glassfish/hk2/hk2-api/2.5.0/hk2-api-2.5.0.jar:/home/user/.m2/repository/org/glassfish/hk2/external/jakarta.inject/2.5.0/jakarta.inject-2.5.0.jar:/home/user/.m2/repository/org/glassfish/hk2/hk2-utils/2.5.0/hk2-utils-2.5.0.jar:/home/user/.m2/repository/jakarta/annotation/jakarta.annotation-api/1.3.4/jakarta.annotation-api-1.3.4.jar:/home/user/.m2/repository/org/glassfish/hk2/external/aopalliance-repackaged/2.5.0/aopalliance-repackaged-2.5.0.jar:/home/user/.m2/repository/com/fasterxml/jackson/dataformat/jackson-dataformat-xml/2.10.3/jackson-dataformat-xml-2.10.3.jar:/home/user/.m2/repository/com/fasterxml/jackson/core/jackson-core/2.10.3/jackson-core-2.10.3.jar:/home/user/.m2/repository/com/fasterxml/jackson/module/jackson-module-jaxb-annotations/2.10.3/jackson-module-jaxb-annotations-2.10.3.jar:/home/user/.m2/repository/jakarta/xml/bind/jakarta.xml.bind-api/2.3.2/jakarta.xml.bind-api-2.3.2.jar:/home/user/.m2/repository/jakarta/activation/jakarta.activation-api/1.2.1/jakarta.activation-api-1.2.1.jar:/home/user/.m2/repository/org/codehaus/woodstox/stax2-api/3.1.4/stax2-api-3.1.4.jar:/home/user/.m2/repository/com/fasterxml/woodstox/woodstox-core/5.0.3/woodstox-core-5.0.3.jar:/home/user/.m2/repository/javax/enterprise/cdi-api/1.2/cdi-api-1.2.jar:/home/user/.m2/repository/javax/el/javax.el-api/3.0.0/javax.el-api-3.0.0.jar:/home/user/.m2/repository/javax/interceptor/javax.interceptor-api/1.2/javax.interceptor-api-1.2.jar:/home/user/.m2/repository/javax/inject/javax.inject/1/javax.inject-1.jar:/home/user/.m2/repository/com/sun/xml/bind/jaxb-impl/2.3.0.1/jaxb-impl-2.3.0.1.jar:/home/user/.m2/repository/com/sun/xml/bind/jaxb-core/2.3.0.1/jaxb-core-2.3.0.1.jar:/home/user/.m2/repository/javax/xml/bind/jaxb-api/2.3.0/jaxb-api-2.3.0.jar:/home/user/.m2/repository/javax/activation/activation/1.1.1/activation-1.1.1.jar:/home/user/.m2/repository/org/apache/hadoop/hadoop-ozone-csi/0.6.0-SNAPSHOT/hadoop-ozone-csi-0.6.0-SNAPSHOT.jar:/home/user/.m2/repository/com/google/protobuf/protobuf-java-util/3.11.0/protobuf-java-util-3.11.0.jar:/home/user/.m2/repository/com/google/code/gson/gson/2.2.4/gson-2.2.4.jar:/home/user/.m2/repository/org/apache/hadoop/hadoop-hdds-config/0.6.0-SNAPSHOT/hadoop-hdds-config-0.6.0-SNAPSHOT.jar:/home/user/.m2/repository/com/google/protobuf/protobuf-java/2.5.0/protobuf-java-2.5.0.jar:/home/user/.m2/repository/io/grpc/grpc-netty/1.29.0/grpc-netty-1.29.0.jar:/home/user/.m2/repository/io/grpc/grpc-core/1.29.0/grpc-core-1.29.0.jar:/home/user/.m2/repository/com/google/android/annotations/4.1.1.4/annotations-4.1.1.4.jar:/home/user/.m2/repository/io/perfmark/perfmark-api/0.19.0/perfmark-api-0.19.0.jar:/home/user/.m2/repository/io/netty/netty-codec-http2/4.1.48.Final/netty-codec-http2-4.1.48.Final.jar:/home/user/.m2/repository/io/netty/netty-codec/4.1.48.Final/netty-codec-4.1.48.Final.jar:/home/user/.m2/repository/io/netty/netty-handler/4.1.48.Final/netty-handler-4.1.48.Final.jar:/home/user/.m2/repository/io/netty/netty-codec-http/4.1.48.Final/netty-codec-http-4.1.48.Final.jar:/home/user/.m2/repository/io/netty/netty-handler-proxy/4.1.48.Final/netty-handler-proxy-4.1.48.Final.jar:/home/user/.m2/repository/io/netty/netty-codec-socks/4.1.48.Final/netty-codec-socks-4.1.48.Final.jar:/home/user/.m2/repository/io/netty/netty-transport-native-epoll/4.1.48.Final/netty-transport-native-epoll-4.1.48.Final.jar:/home/user/.m2/repository/io/netty/netty-common/4.1.48.Final/netty-common-4.1.48.Final.jar:/home/user/.m2/repository/io/netty/netty-buffer/4.1.48.Final/netty-buffer-4.1.48.Final.jar:/home/user/.m2/repository/io/netty/netty-transport/4.1.48.Final/netty-transport-4.1.48.Final.jar:/home/user/.m2/repository/io/netty/netty-resolver/4.1.48.Final/netty-resolver-4.1.48.Final.jar:/home/user/.m2/repository/io/netty/netty-transport-native-unix-common/4.1.48.Final/netty-transport-native-unix-common-4.1.48.Final.jar:/home/user/.m2/repository/io/grpc/grpc-protobuf/1.29.0/grpc-protobuf-1.29.0.jar:/home/user/.m2/repository/io/grpc/grpc-api/1.29.0/grpc-api-1.29.0.jar:/home/user/.m2/repository/io/grpc/grpc-context/1.29.0/grpc-context-1.29.0.jar:/home/user/.m2/repository/org/codehaus/mojo/animal-sniffer-annotations/1.18/animal-sniffer-annotations-1.18.jar:/home/user/.m2/repository/com/google/api/grpc/proto-google-common-protos/1.17.0/proto-google-common-protos-1.17.0.jar:/home/user/.m2/repository/io/grpc/grpc-protobuf-lite/1.29.0/grpc-protobuf-lite-1.29.0.jar:/home/user/.m2/repository/io/grpc/grpc-stub/1.29.0/grpc-stub-1.29.0.jar:/home/user/.m2/repository/org/apache/hadoop/hadoop-ozone-recon/0.6.0-SNAPSHOT/hadoop-ozone-recon-0.6.0-SNAPSHOT.jar:/home/user/.m2/repository/org/apache/hadoop/hadoop-ozone-reconcodegen/0.6.0-SNAPSHOT/hadoop-ozone-reconcodegen-0.6.0-SNAPSHOT.jar:/home/user/.m2/repository/com/google/inject/extensions/guice-multibindings/4.0/guice-multibindings-4.0.jar:/home/user/.m2/repository/com/google/inject/guice/4.0/guice-4.0.jar:/home/user/.m2/repository/aopalliance/aopalliance/1.0/aopalliance-1.0.jar:/home/user/.m2/repository/com/google/inject/extensions/guice-assistedinject/4.0/guice-assistedinject-4.0.jar:/home/user/.m2/repository/com/google/inject/extensions/guice-servlet/4.0/guice-servlet-4.0.jar:/home/user/.m2/repository/org/glassfish/jersey/containers/jersey-container-servlet/2.27/jersey-container-servlet-2.27.jar:/home/user/.m2/repository/org/glassfish/hk2/guice-bridge/2.5.0/guice-bridge-2.5.0.jar:/home/user/.m2/repository/org/glassfish/jersey/core/jersey-server/2.27/jersey-server-2.27.jar:/home/user/.m2/repository/org/glassfish/jersey/core/jersey-client/2.27/jersey-client-2.27.jar:/home/user/.m2/repository/org/glassfish/jersey/media/jersey-media-jaxb/2.27/jersey-media-jaxb-2.27.jar:/home/user/.m2/repository/javax/validation/validation-api/1.1.0.Final/validation-api-1.1.0.Final.jar:/home/user/.m2/repository/org/glassfish/jersey/media/jersey-media-json-jackson/2.27/jersey-media-json-jackson-2.27.jar:/home/user/.m2/repository/org/glassfish/jersey/ext/jersey-entity-filtering/2.27/jersey-entity-filtering-2.27.jar:/home/user/.m2/repository/org/jooq/jooq/3.11.10/jooq-3.11.10.jar:/home/user/.m2/repository/org/jooq/jooq-meta/3.11.10/jooq-meta-3.11.10.jar:/home/user/.m2/repository/org/jooq/jooq-codegen/3.11.10/jooq-codegen-3.11.10.jar:/home/user/.m2/repository/com/jolbox/bonecp/0.8.0.RELEASE/bonecp-0.8.0.RELEASE.jar:/home/user/.m2/repository/org/apache/derby/derby/10.14.2.0/derby-10.14.2.0.jar:/home/user/.m2/repository/org/xerial/sqlite-jdbc/3.25.2/sqlite-jdbc-3.25.2.jar:/home/user/.m2/repository/org/springframework/spring-jdbc/5.2.5.RELEASE/spring-jdbc-5.2.5.RELEASE.jar:/home/user/.m2/repository/org/springframework/spring-beans/5.2.5.RELEASE/spring-beans-5.2.5.RELEASE.jar:/home/user/.m2/repository/org/springframework/spring-core/5.2.5.RELEASE/spring-core-5.2.5.RELEASE.jar:/home/user/.m2/repository/org/springframework/spring-jcl/5.2.5.RELEASE/spring-jcl-5.2.5.RELEASE.jar:/home/user/.m2/repository/org/springframework/spring-tx/5.2.5.RELEASE/spring-tx-5.2.5.RELEASE.jar:/home/user/.m2/repository/org/apache/hadoop/hadoop-ozone-client/0.6.0-SNAPSHOT/hadoop-ozone-client-0.6.0-SNAPSHOT.jar:/home/user/.m2/repository/org/apache/hadoop/hadoop-ozone-filesystem/0.6.0-SNAPSHOT/hadoop-ozone-filesystem-0.6.0-SNAPSHOT.jar:/home/user/.m2/repository/org/apache/hadoop/hadoop-ozone-filesystem-common/0.6.0-SNAPSHOT/hadoop-ozone-filesystem-common-0.6.0-SNAPSHOT.jar:/home/user/.m2/repository/org/apache/hadoop/hadoop-ozone-tools/0.6.0-SNAPSHOT/hadoop-ozone-tools-0.6.0-SNAPSHOT.jar:/home/user/.m2/repository/org/apache/hadoop/hadoop-hdfs/3.2.1/hadoop-hdfs-3.2.1.jar:/home/user/.m2/repository/org/apache/ratis/ratis-tools/0.6.0-6ab75ae-SNAPSHOT/ratis-tools-0.6.0-6ab75ae-SNAPSHOT.jar:/home/user/.m2/repository/org/apache/ratis/ratis-proto/0.6.0-6ab75ae-SNAPSHOT/ratis-proto-0.6.0-6ab75ae-SNAPSHOT.jar:/home/user/.m2/repository/org/apache/ratis/ratis-common/0.6.0-6ab75ae-SNAPSHOT/ratis-common-0.6.0-6ab75ae-SNAPSHOT.jar:/home/user/.m2/repository/com/amazonaws/aws-java-sdk-core/1.11.615/aws-java-sdk-core-1.11.615.jar:/home/user/.m2/repository/org/apache/httpcomponents/httpclient/4.5.2/httpclient-4.5.2.jar:/home/user/.m2/repository/org/apache/httpcomponents/httpcore/4.4.4/httpcore-4.4.4.jar:/home/user/.m2/repository/software/amazon/ion/ion-java/1.0.2/ion-java-1.0.2.jar:/home/user/.m2/repository/com/fasterxml/jackson/dataformat/jackson-dataformat-cbor/2.10.3/jackson-dataformat-cbor-2.10.3.jar:/home/user/.m2/repository/joda-time/joda-time/2.8.1/joda-time-2.8.1.jar:/home/user/.m2/repository/com/amazonaws/aws-java-sdk-s3/1.11.615/aws-java-sdk-s3-1.11.615.jar:/home/user/.m2/repository/com/amazonaws/aws-java-sdk-kms/1.11.615/aws-java-sdk-kms-1.11.615.jar:/home/user/.m2/repository/com/amazonaws/jmespath-java/1.11.615/jmespath-java-1.11.615.jar:/home/user/.m2/repository/org/apache/hadoop/hadoop-hdds-tools/0.6.0-SNAPSHOT/hadoop-hdds-tools-0.6.0-SNAPSHOT.jar:/home/user/.m2/repository/commons-cli/commons-cli/1.2/commons-cli-1.2.jar:/home/user/.m2/repository/org/apache/commons/commons-lang3/3.7/commons-lang3-3.7.jar:/home/user/.m2/repository/org/apache/hadoop/hadoop-ozone-ozone-manager/0.6.0-SNAPSHOT/hadoop-ozone-ozone-manager-0.6.0-SNAPSHOT-tests.jar:/home/user/.m2/repository/junit/junit/4.11/junit-4.11.jar:/home/user/.m2/repository/org/hamcrest/hamcrest-core/1.3/hamcrest-core-1.3.jar:/home/user/.m2/repository/org/openjdk/jmh/jmh-core/1.19/jmh-core-1.19.jar:/home/user/.m2/repository/net/sf/jopt-simple/jopt-simple/4.6/jopt-simple-4.6.jar:/home/user/.m2/repository/org/apache/commons/commons-math3/3.1.1/commons-math3-3.1.1.jar:/home/user/.m2/repository/org/openjdk/jmh/jmh-generator-annprocess/1.19/jmh-generator-annprocess-1.19.jar:/home/user/.m2/repository/org/mockito/mockito-all/1.8.5/mockito-all-1.8.5.jar:/home/user/.m2/repository/org/apache/hadoop/hadoop-kms/3.2.1/hadoop-kms-3.2.1.jar:/home/user/.m2/repository/org/apache/hadoop/hadoop-auth/3.2.1/hadoop-auth-3.2.1.jar:/home/user/.m2/repository/com/nimbusds/nimbus-jose-jwt/7.9/nimbus-jose-jwt-7.9.jar:/home/user/.m2/repository/com/github/stephenc/jcip/jcip-annotations/1.0-1/jcip-annotations-1.0-1.jar:/home/user/.m2/repository/net/minidev/json-smart/2.3/json-smart-2.3.jar:/home/user/.m2/repository/net/minidev/accessors-smart/1.2/accessors-smart-1.2.jar:/home/user/.m2/repository/org/ow2/asm/asm/5.0.4/asm-5.0.4.jar:/home/user/.m2/repository/org/apache/zookeeper/zookeeper/3.4.13/zookeeper-3.4.13.jar:/home/user/.m2/repository/org/apache/yetus/audience-annotations/0.5.0/audience-annotations-0.5.0.jar:/home/user/.m2/repository/org/apache/curator/curator-framework/2.13.0/curator-framework-2.13.0.jar:/home/user/.m2/repository/com/sun/jersey/jersey-core/1.19/jersey-core-1.19.jar:/home/user/.m2/repository/javax/ws/rs/jsr311-api/1.1.1/jsr311-api-1.1.1.jar:/home/user/.m2/repository/com/sun/jersey/jersey-server/1.19/jersey-server-1.19.jar:/home/user/.m2/repository/javax/servlet/javax.servlet-api/3.1.0/javax.servlet-api-3.1.0.jar:/home/user/.m2/repository/org/eclipse/jetty/jetty-server/9.4.26.v20200117/jetty-server-9.4.26.v20200117.jar:/home/user/.m2/repository/org/eclipse/jetty/jetty-http/9.4.26.v20200117/jetty-http-9.4.26.v20200117.jar:/home/user/.m2/repository/org/eclipse/jetty/jetty-io/9.4.26.v20200117/jetty-io-9.4.26.v20200117.jar:/home/user/.m2/repository/org/eclipse/jetty/jetty-webapp/9.4.26.v20200117/jetty-webapp-9.4.26.v20200117.jar:/home/user/.m2/repository/org/eclipse/jetty/jetty-xml/9.4.26.v20200117/jetty-xml-9.4.26.v20200117.jar:/home/user/.m2/repository/org/eclipse/jetty/jetty-servlet/9.4.26.v20200117/jetty-servlet-9.4.26.v20200117.jar:/home/user/.m2/repository/org/eclipse/jetty/jetty-security/9.4.26.v20200117/jetty-security-9.4.26.v20200117.jar:/home/user/.m2/repository/org/apache/hadoop/hadoop-common/3.2.1/hadoop-common-3.2.1.jar:/home/user/.m2/repository/commons-net/commons-net/3.6/commons-net-3.6.jar:/home/user/.m2/repository/commons-collections/commons-collections/3.2.2/commons-collections-3.2.2.jar:/home/user/.m2/repository/com/sun/jersey/jersey-servlet/1.19/jersey-servlet-1.19.jar:/home/user/.m2/repository/com/sun/jersey/jersey-json/1.19/jersey-json-1.19.jar:/home/user/.m2/repository/org/codehaus/jettison/jettison/1.1/jettison-1.1.jar:/home/user/.m2/repository/org/codehaus/jackson/jackson-jaxrs/1.9.2/jackson-jaxrs-1.9.2.jar:/home/user/.m2/repository/org/codehaus/jackson/jackson-xc/1.9.2/jackson-xc-1.9.2.jar:/home/user/.m2/repository/commons-beanutils/commons-beanutils/1.9.4/commons-beanutils-1.9.4.jar:/home/user/.m2/repository/org/apache/commons/commons-configuration2/2.1.1/commons-configuration2-2.1.1.jar:/home/user/.m2/repository/org/apache/commons/commons-text/1.4/commons-text-1.4.jar:/home/user/.m2/repository/com/google/re2j/re2j/1.1/re2j-1.1.jar:/home/user/.m2/repository/com/jcraft/jsch/0.1.54/jsch-0.1.54.jar:/home/user/.m2/repository/org/apache/curator/curator-client/2.13.0/curator-client-2.13.0.jar:/home/user/.m2/repository/org/apache/curator/curator-recipes/2.13.0/curator-recipes-2.13.0.jar:/home/user/.m2/repository/dnsjava/dnsjava/2.1.7/dnsjava-2.1.7.jar:/home/user/.m2/repository/org/slf4j/jul-to-slf4j/1.7.25/jul-to-slf4j-1.7.25.jar:/home/user/.m2/repository/org/eclipse/jetty/jetty-util/9.4.26.v20200117/jetty-util-9.4.26.v20200117.jar:/home/user/.m2/repository/com/fasterxml/jackson/core/jackson-databind/2.10.3/jackson-databind-2.10.3.jar:/home/user/.m2/repository/org/apache/hadoop/hadoop-kms/3.2.1/hadoop-kms-3.2.1-tests.jar:/home/user/.m2/repository/org/apache/hadoop/hadoop-hdds-server-scm/0.6.0-SNAPSHOT/hadoop-hdds-server-scm-0.6.0-SNAPSHOT-tests.jar:/home/user/.m2/repository/org/apache/hadoop/hadoop-hdds-container-service/0.6.0-SNAPSHOT/hadoop-hdds-container-service-0.6.0-SNAPSHOT-tests.jar:/home/user/.m2/repository/org/apache/hadoop/hadoop-hdds-common/0.6.0-SNAPSHOT/hadoop-hdds-common-0.6.0-SNAPSHOT-tests.jar:/home/user/.m2/repository/org/yaml/snakeyaml/1.16/snakeyaml-1.16.jar:/home/user/.m2/repository/org/apache/hadoop/hadoop-hdds-hadoop-dependency-test/0.6.0-SNAPSHOT/hadoop-hdds-hadoop-dependency-test-0.6.0-SNAPSHOT.jar:/home/user/.m2/repository/org/apache/hadoop/hadoop-common/3.2.1/hadoop-common-3.2.1-tests.jar:/home/user/.m2/repository/javax/servlet/jsp/jsp-api/2.1/jsp-api-2.1.jar:/home/user/.m2/repository/org/apache/hadoop/hadoop-hdfs/3.2.1/hadoop-hdfs-3.2.1-tests.jar:/home/user/.m2/repository/org/eclipse/jetty/jetty-util-ajax/9.4.26.v20200117/jetty-util-ajax-9.4.26.v20200117.jar:/home/user/.m2/repository/commons-codec/commons-codec/1.11/commons-codec-1.11.jar:/home/user/.m2/repository/commons-daemon/commons-daemon/1.0.13/commons-daemon-1.0.13.jar:/home/user/.m2/repository/io/netty/netty/3.10.5.Final/netty-3.10.5.Final.jar:/home/user/.m2/repository/io/netty/netty-all/4.1.48.Final/netty-all-4.1.48.Final.jar:/home/user/.m2/repository/org/apache/htrace/htrace-core4/4.1.0-incubating/htrace-core4-4.1.0-incubating.jar:/home/user/.m2/repository/org/fusesource/leveldbjni/leveldbjni-all/1.8/leveldbjni-all-1.8.jar:/home/user/.m2/repository/org/apache/hadoop/hadoop-distcp/3.2.1/hadoop-distcp-3.2.1.jar:/home/user/.m2/repository/org/apache/hadoop/hadoop-mapreduce-client-jobclient/3.2.1/hadoop-mapreduce-client-jobclient-3.2.1.jar:/home/user/.m2/repository/org/apache/hadoop/hadoop-mapreduce-client-common/3.2.1/hadoop-mapreduce-client-common-3.2.1.jar:/home/user/.m2/repository/org/apache/hadoop/hadoop-yarn-common/3.2.1/hadoop-yarn-common-3.2.1.jar:/home/user/.m2/repository/org/apache/hadoop/hadoop-yarn-api/3.2.1/hadoop-yarn-api-3.2.1.jar:/home/user/.m2/repository/com/sun/jersey/jersey-client/1.19/jersey-client-1.19.jar:/home/user/.m2/repository/com/sun/jersey/contribs/jersey-guice/1.19/jersey-guice-1.19.jar:/home/user/.m2/repository/com/fasterxml/jackson/jaxrs/jackson-jaxrs-json-provider/2.10.3/jackson-jaxrs-json-provider-2.10.3.jar:/home/user/.m2/repository/com/fasterxml/jackson/jaxrs/jackson-jaxrs-base/2.10.3/jackson-jaxrs-base-2.10.3.jar:/home/user/.m2/repository/org/apache/hadoop/hadoop-yarn-client/3.2.1/hadoop-yarn-client-3.2.1.jar:/home/user/.m2/repository/org/apache/hadoop/hadoop-mapreduce-client-core/3.2.1/hadoop-mapreduce-client-core-3.2.1.jar:/home/user/.m2/repository/org/apache/avro/avro/1.7.7/avro-1.7.7.jar:/home/user/.m2/repository/org/codehaus/jackson/jackson-core-asl/1.9.13/jackson-core-asl-1.9.13.jar:/home/user/.m2/repository/org/codehaus/jackson/jackson-mapper-asl/1.9.13/jackson-mapper-asl-1.9.13.jar:/home/user/.m2/repository/com/thoughtworks/paranamer/paranamer/2.3/paranamer-2.3.jar:/home/user/.m2/repository/org/xerial/snappy/snappy-java/1.0.5/snappy-java-1.0.5.jar:/home/user/.m2/repository/org/apache/hadoop/hadoop-annotations/3.2.1/hadoop-annotations-3.2.1.jar:/usr/lib/jvm/java-1.8.0-openjdk-1.8.0.232.b09-0.el7_7.x86_64/jre/../lib/tools.jar:/home/user/.m2/repository/org/apache/hadoop/hadoop-distcp/3.2.1/hadoop-distcp-3.2.1-tests.jar:"/>
    <property name="sun.cpu.endian" value="little"/>
    <property name="user.home" value="/home/user"/>
    <property name="user.language" value="en"/>
    <property name="java.specification.vendor" value="Oracle Corporation"/>
    <property name="java.home" value="/usr/lib/jvm/java-1.8.0-openjdk-1.8.0.232.b09-0.el7_7.x86_64/jre"/>
    <property name="java.security.krb5.conf" value="/github/workspace/mnt/ozone/hadoop-ozone/integration-test/target/test-classes/krb5.conf"/>
    <property name="basedir" value="/github/workspace/mnt/ozone/hadoop-ozone/integration-test"/>
    <property name="file.separator" value="/"/>
    <property name="line.separator" value="&#10;"/>
    <property name="java.vm.specification.vendor" value="Oracle Corporation"/>
    <property name="java.specification.name" value="Java Platform API Specification"/>
    <property name="java.awt.graphicsenv" value="sun.awt.X11GraphicsEnvironment"/>
    <property name="surefire.real.class.path" value="/github/workspace/mnt/ozone/hadoop-ozone/integration-test/target/surefire/surefirebooter420554877369142703.jar:/home/user/.m2/repository/org/jacoco/org.jacoco.agent/0.8.5/org.jacoco.agent-0.8.5-runtime.jar"/>
    <property name="hadoop.log.dir" value="/github/workspace/mnt/ozone/hadoop-ozone/integration-test/target/log"/>
    <property name="sun.boot.class.path" value="/usr/lib/jvm/java-1.8.0-openjdk-1.8.0.232.b09-0.el7_7.x86_64/jre/lib/resources.jar:/usr/lib/jvm/java-1.8.0-openjdk-1.8.0.232.b09-0.el7_7.x86_64/jre/lib/rt.jar:/usr/lib/jvm/java-1.8.0-openjdk-1.8.0.232.b09-0.el7_7.x86_64/jre/lib/sunrsasign.jar:/usr/lib/jvm/java-1.8.0-openjdk-1.8.0.232.b09-0.el7_7.x86_64/jre/lib/jsse.jar:/usr/lib/jvm/java-1.8.0-openjdk-1.8.0.232.b09-0.el7_7.x86_64/jre/lib/jce.jar:/usr/lib/jvm/java-1.8.0-openjdk-1.8.0.232.b09-0.el7_7.x86_64/jre/lib/charsets.jar:/usr/lib/jvm/java-1.8.0-openjdk-1.8.0.232.b09-0.el7_7.x86_64/jre/lib/jfr.jar:/usr/lib/jvm/java-1.8.0-openjdk-1.8.0.232.b09-0.el7_7.x86_64/jre/classes"/>
    <property name="sun.management.compiler" value="HotSpot 64-Bit Tiered Compilers"/>
    <property name="java.runtime.version" value="1.8.0_232-b09"/>
    <property name="java.net.preferIPv4Stack" value="true"/>
    <property name="user.name" value="jenkins1001"/>
    <property name="path.separator" value=":"/>
    <property name="java.security.egd" value="file:///dev/urandom"/>
    <property name="os.version" value="5.3.0-1020-azure"/>
    <property name="java.endorsed.dirs" value="/usr/lib/jvm/java-1.8.0-openjdk-1.8.0.232.b09-0.el7_7.x86_64/jre/lib/endorsed"/>
    <property name="java.runtime.name" value="OpenJDK Runtime Environment"/>
    <property name="file.encoding" value="ANSI_X3.4-1968"/>
    <property name="java.vm.name" value="OpenJDK 64-Bit Server VM"/>
    <property name="test.build.webapps" value=""/>
    <property name="localRepository" value="/home/user/.m2/repository"/>
    <property name="java.vendor.url.bug" value="http://bugreport.sun.com/bugreport/"/>
    <property name="java.io.tmpdir" value="/tmp"/>
    <property name="require.test.libhadoop" value=""/>
    <property name="java.version" value="1.8.0_232"/>
    <property name="user.dir" value="/github/workspace/mnt/ozone/hadoop-ozone/integration-test"/>
    <property name="os.arch" value="amd64"/>
    <property name="java.vm.specification.name" value="Java Virtual Machine Specification"/>
    <property name="test.build.classes" value="/github/workspace/mnt/ozone/hadoop-ozone/integration-test/target/test-classes"/>
    <property name="java.awt.printerjob" value="sun.print.PSPrinterJob"/>
    <property name="sun.os.patch.level" value="unknown"/>
    <property name="hadoop.tmp.dir" value="/github/workspace/mnt/ozone/hadoop-ozone/integration-test/target/tmp"/>
    <property name="java.library.path" value="/usr/lib:/usr/java/packages/lib/amd64:/usr/lib64:/lib64:/lib:/usr/lib"/>
    <property name="java.vm.info" value="mixed mode"/>
    <property name="java.vendor" value="Oracle Corporation"/>
    <property name="java.vm.version" value="25.232-b09"/>
    <property name="java.ext.dirs" value="/usr/lib/jvm/java-1.8.0-openjdk-1.8.0.232.b09-0.el7_7.x86_64/jre/lib/ext:/usr/java/packages/lib/ext"/>
    <property name="sun.io.unicode.encoding" value="UnicodeLittle"/>
    <property name="java.class.version" value="52.0"/>
  </properties>
  <testcase name="testDeleteKeyWithSlowFollower" classname="org.apache.hadoop.ozone.client.rpc.TestDeleteWithSlowFollower" time="0.163">
    <failure type="java.lang.AssertionError">java.lang.AssertionError
	at org.junit.Assert.fail(Assert.java:86)
	at org.junit.Assert.assertTrue(Assert.java:41)
	at org.junit.Assert.assertNotNull(Assert.java:621)
	at org.junit.Assert.assertNotNull(Assert.java:631)
	at org.apache.hadoop.ozone.client.rpc.TestDeleteWithSlowFollower.testDeleteKeyWithSlowFollower(TestDeleteWithSlowFollower.java:225)
	at sun.reflect.NativeMethodAccessorImpl.invoke0(Native Method)
	at sun.reflect.NativeMethodAccessorImpl.invoke(NativeMethodAccessorImpl.java:62)
	at sun.reflect.DelegatingMethodAccessorImpl.invoke(DelegatingMethodAccessorImpl.java:43)
	at java.lang.reflect.Method.invoke(Method.java:498)
	at org.junit.runners.model.FrameworkMethod$1.runReflectiveCall(FrameworkMethod.java:47)
	at org.junit.internal.runners.model.ReflectiveCallable.run(ReflectiveCallable.java:12)
	at org.junit.runners.model.FrameworkMethod.invokeExplosively(FrameworkMethod.java:44)
	at org.junit.internal.runners.statements.InvokeMethod.evaluate(InvokeMethod.java:17)
	at org.junit.runners.ParentRunner.runLeaf(ParentRunner.java:271)
	at org.junit.runners.BlockJUnit4ClassRunner.runChild(BlockJUnit4ClassRunner.java:70)
	at org.junit.runners.BlockJUnit4ClassRunner.runChild(BlockJUnit4ClassRunner.java:50)
	at org.junit.runners.ParentRunner$3.run(ParentRunner.java:238)
	at org.junit.runners.ParentRunner$1.schedule(ParentRunner.java:63)
	at org.junit.runners.ParentRunner.runChildren(ParentRunner.java:236)
	at org.junit.runners.ParentRunner.access$000(ParentRunner.java:53)
	at org.junit.runners.ParentRunner$2.evaluate(ParentRunner.java:229)
	at org.junit.internal.runners.statements.RunBefores.evaluate(RunBefores.java:26)
	at org.junit.internal.runners.statements.RunAfters.evaluate(RunAfters.java:27)
	at org.junit.runners.ParentRunner.run(ParentRunner.java:309)
	at org.apache.maven.surefire.junit4.JUnit4Provider.execute(JUnit4Provider.java:365)
	at org.apache.maven.surefire.junit4.JUnit4Provider.executeWithRerun(JUnit4Provider.java:273)
	at org.apache.maven.surefire.junit4.JUnit4Provider.executeTestSet(JUnit4Provider.java:238)
	at org.apache.maven.surefire.junit4.JUnit4Provider.invoke(JUnit4Provider.java:159)
	at org.apache.maven.surefire.booter.ForkedBooter.invokeProviderInSameClassLoader(ForkedBooter.java:384)
	at org.apache.maven.surefire.booter.ForkedBooter.runSuitesInProcess(ForkedBooter.java:345)
	at org.apache.maven.surefire.booter.ForkedBooter.execute(ForkedBooter.java:126)
	at org.apache.maven.surefire.booter.ForkedBooter.main(ForkedBooter.java:418)
</failure>
    <system-out><![CDATA[2020-06-09 10:28:57,967 [main] WARN  server.ServerUtils (ServerUtils.java:getScmDbDir(148)) - ozone.scm.db.dirs is not configured. We recommend adding this setting. Falling back to ozone.metadata.dirs instead.
2020-06-09 10:28:58,073 [main] WARN  server.ServerUtils (ServerUtils.java:getScmDbDir(148)) - ozone.scm.db.dirs is not configured. We recommend adding this setting. Falling back to ozone.metadata.dirs instead.
2020-06-09 10:28:58,196 [main] WARN  db.DBStoreBuilder (DBStoreBuilder.java:createDBStoreBuilder(277)) - ozone.scm.db.dirs is not configured. We recommend adding this setting. Falling back to ozone.metadata.dirs instead.
2020-06-09 10:28:58,350 [main] INFO  net.NodeSchemaLoader (NodeSchemaLoader.java:loadSchemaFromFile(126)) - Loading file from sun.misc.CompoundEnumeration@51df223b
2020-06-09 10:28:58,351 [main] INFO  net.NodeSchemaLoader (NodeSchemaLoader.java:loadSchema(172)) - Loading network topology layer schema file
2020-06-09 10:28:58,424 [main] WARN  server.ServerUtils (ServerUtils.java:sanitizeUserArgs(73)) - ozone.scm.stale.node.interval value = 1000000 is larger than max = 100000 based on the key value of ozone.scm.heartbeat.thread.interval, reset to the max value 100000.
2020-06-09 10:28:58,425 [main] WARN  server.ServerUtils (ServerUtils.java:sanitizeUserArgs(73)) - ozone.scm.stale.node.interval value = 1000000 is larger than max = 100000 based on the key value of ozone.scm.heartbeat.thread.interval, reset to the max value 100000.
2020-06-09 10:28:58,428 [main] INFO  node.SCMNodeManager (SCMNodeManager.java:<init>(116)) - Entering startup safe mode.
2020-06-09 10:28:58,579 [main] INFO  algorithms.ContainerPlacementPolicyFactory (ContainerPlacementPolicyFactory.java:getPolicy(60)) - Create container placement policy of type org.apache.hadoop.hdds.scm.container.placement.algorithms.SCMContainerPlacementRandom
2020-06-09 10:28:58,610 [main] INFO  pipeline.SCMPipelineManager (SCMPipelineManager.java:initializePipelineState(158)) - No pipeline exists in current db
2020-06-09 10:28:58,701 [main] INFO  safemode.HealthyPipelineSafeModeRule (HealthyPipelineSafeModeRule.java:<init>(89)) - Total pipeline count is 0, healthy pipeline threshold count is 0
2020-06-09 10:28:58,706 [main] INFO  safemode.OneReplicaPipelineSafeModeRule (OneReplicaPipelineSafeModeRule.java:<init>(79)) - Total pipeline count is 0, pipeline's with at least one datanode reported threshold count is 0
2020-06-09 10:28:58,761 [RatisPipelineUtilsThread] ERROR pipeline.SCMPipelineManager (SCMPipelineManager.java:createPipeline(222)) - Failed to create pipeline of type RATIS and factor ONE. Exception: Cannot create pipeline of factor 1 using 0 nodes. Used 0 nodes. Healthy nodes 0
2020-06-09 10:28:59,094 [main] INFO  ipc.CallQueueManager (CallQueueManager.java:<init>(84)) - Using callQueue: class java.util.concurrent.LinkedBlockingQueue, queueCapacity: 2000, scheduler: class org.apache.hadoop.ipc.DefaultRpcScheduler, ipcBackoff: false.
2020-06-09 10:28:59,118 [Socket Reader #1 for port 0] INFO  ipc.Server (Server.java:run(1219)) - Starting Socket Reader #1 for port 0
2020-06-09 10:28:59,150 [Listener at 0.0.0.0/40327] INFO  ipc.CallQueueManager (CallQueueManager.java:<init>(84)) - Using callQueue: class java.util.concurrent.LinkedBlockingQueue, queueCapacity: 2000, scheduler: class org.apache.hadoop.ipc.DefaultRpcScheduler, ipcBackoff: false.
2020-06-09 10:28:59,152 [Socket Reader #1 for port 0] INFO  ipc.Server (Server.java:run(1219)) - Starting Socket Reader #1 for port 0
2020-06-09 10:28:59,166 [Listener at 0.0.0.0/37857] INFO  ipc.CallQueueManager (CallQueueManager.java:<init>(84)) - Using callQueue: class java.util.concurrent.LinkedBlockingQueue, queueCapacity: 2000, scheduler: class org.apache.hadoop.ipc.DefaultRpcScheduler, ipcBackoff: false.
2020-06-09 10:28:59,167 [Socket Reader #1 for port 0] INFO  ipc.Server (Server.java:run(1219)) - Starting Socket Reader #1 for port 0
2020-06-09 10:28:59,188 [Listener at 0.0.0.0/37433] INFO  http.BaseHttpServer (BaseHttpServer.java:newHttpServer2BuilderForOzone(205)) - Starting Web-server for scm at: http://0.0.0.0:0
2020-06-09 10:28:59,189 [Listener at 0.0.0.0/37433] INFO  http.BaseHttpServer (BaseHttpServer.java:<init>(106)) - Hadoop Security Enabled: false Ozone Security Enabled: false Ozone HTTP Security Enabled: false 
2020-06-09 10:28:59,218 [Listener at 0.0.0.0/37433] INFO  util.log (Log.java:initialized(169)) - Logging initialized @2297ms to org.eclipse.jetty.util.log.Slf4jLog
2020-06-09 10:28:59,348 [Listener at 0.0.0.0/37433] INFO  server.AuthenticationFilter (AuthenticationFilter.java:constructSecretProvider(240)) - Unable to initialize FileSignerSecretProvider, falling back to use random secrets.
2020-06-09 10:28:59,363 [Listener at 0.0.0.0/37433] WARN  http.HttpRequestLog (HttpRequestLog.java:getRequestLog(103)) - Jetty request log can only be enabled using Log4j
2020-06-09 10:28:59,367 [Listener at 0.0.0.0/37433] INFO  http.HttpServer2 (HttpServer2.java:addGlobalFilter(993)) - Added global filter 'safety' (class=org.apache.hadoop.hdds.server.http.HttpServer2$QuotingInputFilter)
2020-06-09 10:28:59,369 [Listener at 0.0.0.0/37433] INFO  http.HttpServer2 (HttpServer2.java:addFilter(969)) - Added filter authentication (class=org.apache.hadoop.security.authentication.server.AuthenticationFilter) to context scm
2020-06-09 10:28:59,369 [Listener at 0.0.0.0/37433] INFO  http.HttpServer2 (HttpServer2.java:addFilter(977)) - Added filter authentication (class=org.apache.hadoop.security.authentication.server.AuthenticationFilter) to context logs
2020-06-09 10:28:59,370 [Listener at 0.0.0.0/37433] INFO  http.HttpServer2 (HttpServer2.java:addFilter(977)) - Added filter authentication (class=org.apache.hadoop.security.authentication.server.AuthenticationFilter) to context static
2020-06-09 10:28:59,415 [Listener at 0.0.0.0/37433] INFO  server.StorageContainerManager (StorageContainerManager.java:start(780)) - StorageContainerLocationProtocol RPC server is listening at /0.0.0.0:37433
2020-06-09 10:28:59,469 [Listener at 0.0.0.0/37433] WARN  impl.MetricsConfig (MetricsConfig.java:loadFirst(134)) - Cannot locate configuration: tried hadoop-metrics2-storagecontainermanager.properties,hadoop-metrics2.properties
2020-06-09 10:28:59,483 [Listener at 0.0.0.0/37433] INFO  impl.MetricsSystemImpl (MetricsSystemImpl.java:startTimer(374)) - Scheduled Metric snapshot period at 10 second(s).
2020-06-09 10:28:59,484 [Listener at 0.0.0.0/37433] INFO  impl.MetricsSystemImpl (MetricsSystemImpl.java:start(191)) - StorageContainerManager metrics system started
2020-06-09 10:28:59,705 [Listener at 0.0.0.0/37433] INFO  server.SCMClientProtocolServer (SCMClientProtocolServer.java:start(155)) - RPC server for Client  is listening at /0.0.0.0:37433
2020-06-09 10:28:59,706 [IPC Server Responder] INFO  ipc.Server (Server.java:run(1460)) - IPC Server Responder: starting
2020-06-09 10:28:59,706 [IPC Server listener on 0] INFO  ipc.Server (Server.java:run(1298)) - IPC Server listener on 0: starting
2020-06-09 10:28:59,712 [Listener at 0.0.0.0/37433] INFO  server.StorageContainerManager (StorageContainerManager.java:start(792)) - ScmBlockLocationProtocol RPC server is listening at /0.0.0.0:37857
2020-06-09 10:28:59,719 [Listener at 0.0.0.0/37433] INFO  server.SCMBlockProtocolServer (SCMBlockProtocolServer.java:start(149)) - RPC server for Block Protocol is listening at /0.0.0.0:37857
2020-06-09 10:28:59,719 [IPC Server Responder] INFO  ipc.Server (Server.java:run(1460)) - IPC Server Responder: starting
2020-06-09 10:28:59,719 [IPC Server listener on 0] INFO  ipc.Server (Server.java:run(1298)) - IPC Server listener on 0: starting
2020-06-09 10:28:59,725 [Listener at 0.0.0.0/37433] INFO  server.StorageContainerManager (StorageContainerManager.java:start(798)) - ScmDatanodeProtocl RPC server is listening at /0.0.0.0:40327
2020-06-09 10:28:59,725 [Listener at 0.0.0.0/37433] INFO  server.SCMDatanodeProtocolServer (SCMDatanodeProtocolServer.java:start(172)) - RPC server for DataNodes is listening at /0.0.0.0:40327
2020-06-09 10:28:59,726 [IPC Server Responder] INFO  ipc.Server (Server.java:run(1460)) - IPC Server Responder: starting
2020-06-09 10:28:59,727 [IPC Server listener on 0] INFO  ipc.Server (Server.java:run(1298)) - IPC Server listener on 0: starting
2020-06-09 10:28:59,734 [Listener at 0.0.0.0/37433] INFO  http.HttpServer2 (HttpServer2.java:bindListener(1211)) - Jetty bound to port 37143
2020-06-09 10:28:59,735 [Listener at 0.0.0.0/37433] INFO  server.Server (Server.java:doStart(359)) - jetty-9.4.26.v20200117; built: 2020-01-17T12:35:33.676Z; git: 7b38981d25d14afb4a12ff1f2596756144edf695; jvm 1.8.0_232-b09
2020-06-09 10:28:59,761 [Listener at 0.0.0.0/37433] INFO  server.session (DefaultSessionIdManager.java:doStart(333)) - DefaultSessionIdManager workerName=node0
2020-06-09 10:28:59,762 [Listener at 0.0.0.0/37433] INFO  server.session (DefaultSessionIdManager.java:doStart(338)) - No SessionScavenger set, using defaults
2020-06-09 10:28:59,763 [Listener at 0.0.0.0/37433] INFO  server.session (HouseKeeper.java:startScavenging(140)) - node0 Scavenging every 660000ms
2020-06-09 10:28:59,776 [Listener at 0.0.0.0/37433] INFO  server.AuthenticationFilter (AuthenticationFilter.java:constructSecretProvider(240)) - Unable to initialize FileSignerSecretProvider, falling back to use random secrets.
2020-06-09 10:28:59,778 [Listener at 0.0.0.0/37433] INFO  handler.ContextHandler (ContextHandler.java:doStart(825)) - Started o.e.j.s.ServletContextHandler@3443e476{logs,/logs,file:///github/workspace/mnt/ozone/hadoop-ozone/integration-test/target/log,AVAILABLE}
2020-06-09 10:28:59,779 [Listener at 0.0.0.0/37433] INFO  handler.ContextHandler (ContextHandler.java:doStart(825)) - Started o.e.j.s.ServletContextHandler@63f6bed1{static,/static,file:///github/workspace/mnt/ozone/hadoop-ozone/integration-test/target/test-classes/webapps/static,AVAILABLE}
2020-06-09 10:28:59,820 [Listener at 0.0.0.0/37433] INFO  handler.ContextHandler (ContextHandler.java:doStart(825)) - Started o.e.j.w.WebAppContext@3b35798{scm,/,file:///github/workspace/mnt/ozone/hadoop-ozone/integration-test/target/test-classes/webapps/scm/,AVAILABLE}{file:/github/workspace/mnt/ozone/hadoop-ozone/integration-test/target/test-classes/webapps/scm}
2020-06-09 10:28:59,828 [Listener at 0.0.0.0/37433] INFO  server.AbstractConnector (AbstractConnector.java:doStart(330)) - Started ServerConnector@1536ea40{HTTP/1.1,[http/1.1]}{0.0.0.0:37143}
2020-06-09 10:28:59,829 [Listener at 0.0.0.0/37433] INFO  server.Server (Server.java:doStart(399)) - Started @2908ms
2020-06-09 10:28:59,832 [Listener at 0.0.0.0/37433] INFO  impl.MetricsSinkAdapter (MetricsSinkAdapter.java:start(204)) - Sink prometheus started
2020-06-09 10:28:59,832 [Listener at 0.0.0.0/37433] INFO  impl.MetricsSystemImpl (MetricsSystemImpl.java:registerSink(301)) - Registered sink prometheus
2020-06-09 10:28:59,838 [Listener at 0.0.0.0/37433] INFO  http.BaseHttpServer (BaseHttpServer.java:updateConnectorAddress(325)) - HTTP server of scm listening at http://0.0.0.0:37143
2020-06-09 10:28:59,844 [Listener at 0.0.0.0/37433] WARN  server.ServerUtils (ServerUtils.java:getDBPath(225)) - ozone.om.db.dirs is not configured. We recommend adding this setting. Falling back to ozone.metadata.dirs instead.
2020-06-09 10:28:59,856 [org.apache.hadoop.util.JvmPauseMonitor$Monitor@626b639e] INFO  util.JvmPauseMonitor (JvmPauseMonitor.java:run(188)) - Starting JVM pause monitor
2020-06-09 10:28:59,948 [Listener at 0.0.0.0/37433] INFO  ha.OMHANodeDetails (OMHANodeDetails.java:loadOMHAConfig(104)) - ozone.om.internal.service.id is not defined, falling back to ozone.om.service.ids to find serviceID for OzoneManager if it is HA enabled cluster
2020-06-09 10:28:59,951 [Listener at 0.0.0.0/37433] INFO  ha.OMHANodeDetails (OMHANodeDetails.java:loadOMHAConfig(213)) - Configuration either no ozone.om.address set. Falling back to the default OM address /127.0.0.1:0
2020-06-09 10:28:59,951 [Listener at 0.0.0.0/37433] INFO  ha.OMHANodeDetails (OMHANodeDetails.java:getOMNodeDetails(241)) - OM Service ID is not set. Setting it to the default ID: omServiceIdDefault
2020-06-09 10:28:59,953 [Listener at 0.0.0.0/37433] WARN  server.ServerUtils (ServerUtils.java:getDBPath(225)) - ozone.om.db.dirs is not configured. We recommend adding this setting. Falling back to ozone.metadata.dirs instead.
2020-06-09 10:28:59,954 [Listener at 0.0.0.0/37433] WARN  server.ServerUtils (ServerUtils.java:getDBPath(225)) - ozone.om.db.dirs is not configured. We recommend adding this setting. Falling back to ozone.metadata.dirs instead.
2020-06-09 10:29:00,631 [Listener at 0.0.0.0/37433] WARN  server.ServerUtils (ServerUtils.java:getDBPath(225)) - ozone.om.db.dirs is not configured. We recommend adding this setting. Falling back to ozone.metadata.dirs instead.
2020-06-09 10:29:00,752 [Listener at 0.0.0.0/37433] INFO  ipc.CallQueueManager (CallQueueManager.java:<init>(84)) - Using callQueue: class java.util.concurrent.LinkedBlockingQueue, queueCapacity: 2000, scheduler: class org.apache.hadoop.ipc.DefaultRpcScheduler, ipcBackoff: false.
2020-06-09 10:29:00,756 [Socket Reader #1 for port 0] INFO  ipc.Server (Server.java:run(1219)) - Starting Socket Reader #1 for port 0
2020-06-09 10:29:00,777 [Listener at 127.0.0.1/39135] INFO  impl.MetricsSystemImpl (MetricsSystemImpl.java:init(158)) - OzoneManager metrics system started (again)
2020-06-09 10:29:00,779 [Listener at 127.0.0.1/39135] INFO  om.OzoneManager (OzoneManager.java:start(1085)) - OzoneManager RPC server is listening at localhost/127.0.0.1:39135
2020-06-09 10:29:00,797 [IPC Server Responder] INFO  ipc.Server (Server.java:run(1460)) - IPC Server Responder: starting
2020-06-09 10:29:00,797 [IPC Server listener on 0] INFO  ipc.Server (Server.java:run(1298)) - IPC Server listener on 0: starting
2020-06-09 10:29:00,814 [Listener at 127.0.0.1/39135] INFO  http.BaseHttpServer (BaseHttpServer.java:newHttpServer2BuilderForOzone(205)) - Starting Web-server for ozoneManager at: http://0.0.0.0:0
2020-06-09 10:29:00,814 [Listener at 127.0.0.1/39135] INFO  http.BaseHttpServer (BaseHttpServer.java:<init>(106)) - Hadoop Security Enabled: false Ozone Security Enabled: false Ozone HTTP Security Enabled: false 
2020-06-09 10:29:00,816 [Listener at 127.0.0.1/39135] INFO  server.AuthenticationFilter (AuthenticationFilter.java:constructSecretProvider(240)) - Unable to initialize FileSignerSecretProvider, falling back to use random secrets.
2020-06-09 10:29:00,816 [Listener at 127.0.0.1/39135] WARN  http.HttpRequestLog (HttpRequestLog.java:getRequestLog(103)) - Jetty request log can only be enabled using Log4j
2020-06-09 10:29:00,817 [Listener at 127.0.0.1/39135] INFO  http.HttpServer2 (HttpServer2.java:addGlobalFilter(993)) - Added global filter 'safety' (class=org.apache.hadoop.hdds.server.http.HttpServer2$QuotingInputFilter)
2020-06-09 10:29:00,818 [Listener at 127.0.0.1/39135] INFO  http.HttpServer2 (HttpServer2.java:addFilter(969)) - Added filter authentication (class=org.apache.hadoop.security.authentication.server.AuthenticationFilter) to context ozoneManager
2020-06-09 10:29:00,818 [Listener at 127.0.0.1/39135] INFO  http.HttpServer2 (HttpServer2.java:addFilter(977)) - Added filter authentication (class=org.apache.hadoop.security.authentication.server.AuthenticationFilter) to context static
2020-06-09 10:29:00,818 [Listener at 127.0.0.1/39135] INFO  http.HttpServer2 (HttpServer2.java:addFilter(977)) - Added filter authentication (class=org.apache.hadoop.security.authentication.server.AuthenticationFilter) to context logs
2020-06-09 10:29:00,821 [Listener at 127.0.0.1/39135] INFO  http.HttpServer2 (HttpServer2.java:bindListener(1211)) - Jetty bound to port 46661
2020-06-09 10:29:00,821 [Listener at 127.0.0.1/39135] INFO  server.Server (Server.java:doStart(359)) - jetty-9.4.26.v20200117; built: 2020-01-17T12:35:33.676Z; git: 7b38981d25d14afb4a12ff1f2596756144edf695; jvm 1.8.0_232-b09
2020-06-09 10:29:00,823 [Listener at 127.0.0.1/39135] INFO  server.session (DefaultSessionIdManager.java:doStart(333)) - DefaultSessionIdManager workerName=node0
2020-06-09 10:29:00,823 [Listener at 127.0.0.1/39135] INFO  server.session (DefaultSessionIdManager.java:doStart(338)) - No SessionScavenger set, using defaults
2020-06-09 10:29:00,824 [Listener at 127.0.0.1/39135] INFO  server.session (HouseKeeper.java:startScavenging(140)) - node0 Scavenging every 660000ms
2020-06-09 10:29:00,825 [Listener at 127.0.0.1/39135] INFO  server.AuthenticationFilter (AuthenticationFilter.java:constructSecretProvider(240)) - Unable to initialize FileSignerSecretProvider, falling back to use random secrets.
2020-06-09 10:29:00,825 [Listener at 127.0.0.1/39135] INFO  handler.ContextHandler (ContextHandler.java:doStart(825)) - Started o.e.j.s.ServletContextHandler@4a86be01{logs,/logs,file:///github/workspace/mnt/ozone/hadoop-ozone/integration-test/target/log,AVAILABLE}
2020-06-09 10:29:00,826 [Listener at 127.0.0.1/39135] INFO  handler.ContextHandler (ContextHandler.java:doStart(825)) - Started o.e.j.s.ServletContextHandler@5a654e05{static,/static,file:///github/workspace/mnt/ozone/hadoop-ozone/integration-test/target/test-classes/webapps/static,AVAILABLE}
2020-06-09 10:29:00,830 [Listener at 127.0.0.1/39135] INFO  handler.ContextHandler (ContextHandler.java:doStart(825)) - Started o.e.j.w.WebAppContext@71cc0e35{ozoneManager,/,file:///github/workspace/mnt/ozone/hadoop-ozone/integration-test/target/test-classes/webapps/ozoneManager/,AVAILABLE}{file:/github/workspace/mnt/ozone/hadoop-ozone/integration-test/target/test-classes/webapps/ozoneManager}
2020-06-09 10:29:00,831 [Listener at 127.0.0.1/39135] INFO  server.AbstractConnector (AbstractConnector.java:doStart(330)) - Started ServerConnector@6296e4bf{HTTP/1.1,[http/1.1]}{0.0.0.0:46661}
2020-06-09 10:29:00,831 [Listener at 127.0.0.1/39135] INFO  server.Server (Server.java:doStart(399)) - Started @3911ms
2020-06-09 10:29:00,831 [Listener at 127.0.0.1/39135] WARN  impl.MetricsSystemImpl (MetricsSystemImpl.java:register(276)) - Sink prometheus already exists!
2020-06-09 10:29:00,836 [Listener at 127.0.0.1/39135] INFO  http.BaseHttpServer (BaseHttpServer.java:updateConnectorAddress(325)) - HTTP server of ozoneManager listening at http://0.0.0.0:46661
2020-06-09 10:29:00,844 [org.apache.hadoop.util.JvmPauseMonitor$Monitor@90394d] INFO  util.JvmPauseMonitor (JvmPauseMonitor.java:run(188)) - Starting JVM pause monitor
2020-06-09 10:29:00,939 [Listener at 127.0.0.1/39135] INFO  metrics.MetricRegistries (MetricRegistriesLoader.java:load(64)) - Loaded MetricRegistries class org.apache.ratis.metrics.impl.MetricRegistriesImpl
2020-06-09 10:29:00,941 [Listener at 127.0.0.1/39135] INFO  impl.MetricsSystemImpl (MetricsSystemImpl.java:init(158)) - HddsDatanode metrics system started (again)
2020-06-09 10:29:00,944 [Listener at 127.0.0.1/39135] INFO  ozone.HddsDatanodeService (HddsDatanodeService.java:start(197)) - HddsDatanodeService host:77cef2ee2629 ip:172.17.0.2
2020-06-09 10:29:00,997 [Listener at 127.0.0.1/39135] INFO  volume.HddsVolume (HddsVolume.java:<init>(176)) - Creating Volume: /github/workspace/mnt/ozone/hadoop-ozone/integration-test/target/test-dir/MiniOzoneClusterImpl-55c3c36b-df07-4797-ad76-ca669897d6c5/datanode-0/data-0/containers/hdds of storage type : DISK and capacity : 9223372036854775807
2020-06-09 10:29:01,000 [Listener at 127.0.0.1/39135] INFO  volume.MutableVolumeSet (MutableVolumeSet.java:initializeVolumeSet(181)) - Added Volume : /github/workspace/mnt/ozone/hadoop-ozone/integration-test/target/test-dir/MiniOzoneClusterImpl-55c3c36b-df07-4797-ad76-ca669897d6c5/datanode-0/data-0/containers/hdds to VolumeSet
2020-06-09 10:29:01,001 [Listener at 127.0.0.1/39135] INFO  volume.ThrottledAsyncChecker (ThrottledAsyncChecker.java:schedule(141)) - Scheduling a check for /github/workspace/mnt/ozone/hadoop-ozone/integration-test/target/test-dir/MiniOzoneClusterImpl-55c3c36b-df07-4797-ad76-ca669897d6c5/datanode-0/data-0/containers/hdds
2020-06-09 10:29:01,021 [Listener at 127.0.0.1/39135] INFO  volume.HddsVolumeChecker (HddsVolumeChecker.java:checkAllVolumes(200)) - Scheduled health check for volume /github/workspace/mnt/ozone/hadoop-ozone/integration-test/target/test-dir/MiniOzoneClusterImpl-55c3c36b-df07-4797-ad76-ca669897d6c5/datanode-0/data-0/containers/hdds
2020-06-09 10:29:01,176 [Listener at 127.0.0.1/39135] INFO  impl.RaftServerProxy (ConfUtils.java:logGet(44)) - raft.rpc.type = GRPC (default)
2020-06-09 10:29:01,248 [Listener at 127.0.0.1/39135] INFO  grpc.GrpcFactory (GrpcFactory.java:checkPooledByteBufAllocatorUseCacheForAllThreads(45)) - PERFORMANCE WARNING: useCacheForAllThreads is true that may cause Netty to create a lot garbage objects and, as a result, trigger GC.
	It is recommended to disable useCacheForAllThreads by setting -Dorg.apache.ratis.thirdparty.io.netty.allocator.useCacheForAllThreads=false in command line.
2020-06-09 10:29:01,254 [Listener at 127.0.0.1/39135] INFO  grpc.GrpcConfigKeys (ConfUtils.java:logGet(44)) - raft.grpc.server.port = 0 (default)
2020-06-09 10:29:01,256 [Listener at 127.0.0.1/39135] INFO  server.GrpcService (ConfUtils.java:logGet(44)) - raft.grpc.message.size.max = 32MB (=33554432) (custom)
2020-06-09 10:29:01,258 [Listener at 127.0.0.1/39135] INFO  server.RaftServerConfigKeys (ConfUtils.java:logGet(44)) - raft.server.log.appender.buffer.byte-limit = 33554432 (custom)
2020-06-09 10:29:01,258 [Listener at 127.0.0.1/39135] INFO  server.GrpcService (ConfUtils.java:logGet(44)) - raft.grpc.flow.control.window = 5MB (=5242880) (custom)
2020-06-09 10:29:01,259 [Listener at 127.0.0.1/39135] INFO  server.RaftServerConfigKeys (ConfUtils.java:logGet(44)) - raft.server.rpc.request.timeout = 3s (default)
2020-06-09 10:29:01,451 [Listener at 127.0.0.1/39135] INFO  server.RaftServerConfigKeys (ConfUtils.java:logGet(44)) - raft.server.storage.dir = [/github/workspace/mnt/ozone/hadoop-ozone/integration-test/target/test-dir/MiniOzoneClusterImpl-55c3c36b-df07-4797-ad76-ca669897d6c5/datanode-0/data/ratis] (custom)
2020-06-09 10:29:01,558 [Listener at 127.0.0.1/39135] INFO  http.BaseHttpServer (BaseHttpServer.java:newHttpServer2BuilderForOzone(205)) - Starting Web-server for hddsDatanode at: http://0.0.0.0:0
2020-06-09 10:29:01,558 [Listener at 127.0.0.1/39135] INFO  http.BaseHttpServer (BaseHttpServer.java:<init>(106)) - Hadoop Security Enabled: false Ozone Security Enabled: false Ozone HTTP Security Enabled: false 
2020-06-09 10:29:01,559 [Listener at 127.0.0.1/39135] INFO  server.AuthenticationFilter (AuthenticationFilter.java:constructSecretProvider(240)) - Unable to initialize FileSignerSecretProvider, falling back to use random secrets.
2020-06-09 10:29:01,560 [Listener at 127.0.0.1/39135] WARN  http.HttpRequestLog (HttpRequestLog.java:getRequestLog(103)) - Jetty request log can only be enabled using Log4j
2020-06-09 10:29:01,561 [Listener at 127.0.0.1/39135] INFO  http.HttpServer2 (HttpServer2.java:addGlobalFilter(993)) - Added global filter 'safety' (class=org.apache.hadoop.hdds.server.http.HttpServer2$QuotingInputFilter)
2020-06-09 10:29:01,562 [Listener at 127.0.0.1/39135] INFO  http.HttpServer2 (HttpServer2.java:addFilter(969)) - Added filter authentication (class=org.apache.hadoop.security.authentication.server.AuthenticationFilter) to context hddsDatanode
2020-06-09 10:29:01,562 [Listener at 127.0.0.1/39135] INFO  http.HttpServer2 (HttpServer2.java:addFilter(977)) - Added filter authentication (class=org.apache.hadoop.security.authentication.server.AuthenticationFilter) to context logs
2020-06-09 10:29:01,562 [Listener at 127.0.0.1/39135] INFO  http.HttpServer2 (HttpServer2.java:addFilter(977)) - Added filter authentication (class=org.apache.hadoop.security.authentication.server.AuthenticationFilter) to context static
2020-06-09 10:29:01,562 [Listener at 127.0.0.1/39135] INFO  http.HttpServer2 (HttpServer2.java:bindListener(1211)) - Jetty bound to port 40419
2020-06-09 10:29:01,563 [Listener at 127.0.0.1/39135] INFO  server.Server (Server.java:doStart(359)) - jetty-9.4.26.v20200117; built: 2020-01-17T12:35:33.676Z; git: 7b38981d25d14afb4a12ff1f2596756144edf695; jvm 1.8.0_232-b09
2020-06-09 10:29:01,568 [Listener at 127.0.0.1/39135] INFO  server.session (DefaultSessionIdManager.java:doStart(333)) - DefaultSessionIdManager workerName=node0
2020-06-09 10:29:01,568 [Listener at 127.0.0.1/39135] INFO  server.session (DefaultSessionIdManager.java:doStart(338)) - No SessionScavenger set, using defaults
2020-06-09 10:29:01,568 [Listener at 127.0.0.1/39135] INFO  server.session (HouseKeeper.java:startScavenging(140)) - node0 Scavenging every 660000ms
2020-06-09 10:29:01,569 [Listener at 127.0.0.1/39135] INFO  server.AuthenticationFilter (AuthenticationFilter.java:constructSecretProvider(240)) - Unable to initialize FileSignerSecretProvider, falling back to use random secrets.
2020-06-09 10:29:01,570 [Listener at 127.0.0.1/39135] INFO  handler.ContextHandler (ContextHandler.java:doStart(825)) - Started o.e.j.s.ServletContextHandler@32cda33c{logs,/logs,file:///github/workspace/mnt/ozone/hadoop-ozone/integration-test/target/log,AVAILABLE}
2020-06-09 10:29:01,570 [Listener at 127.0.0.1/39135] INFO  handler.ContextHandler (ContextHandler.java:doStart(825)) - Started o.e.j.s.ServletContextHandler@63437af4{static,/static,jar:file:/home/user/.m2/repository/org/apache/hadoop/hadoop-hdds-container-service/0.6.0-SNAPSHOT/hadoop-hdds-container-service-0.6.0-SNAPSHOT.jar!/webapps/static,AVAILABLE}
2020-06-09 10:29:01,603 [Listener at 127.0.0.1/39135] INFO  handler.ContextHandler (ContextHandler.java:doStart(825)) - Started o.e.j.w.WebAppContext@7a59780b{hddsDatanode,/,file:///tmp/jetty-0_0_0_0-40419-hadoop-hdds-container-service-0_6_0-SNAPSHOT_jar-_-any-2283372540317144743.dir/webapp/,AVAILABLE}{jar:file:/home/user/.m2/repository/org/apache/hadoop/hadoop-hdds-container-service/0.6.0-SNAPSHOT/hadoop-hdds-container-service-0.6.0-SNAPSHOT.jar!/webapps/hddsDatanode}
2020-06-09 10:29:01,605 [Listener at 127.0.0.1/39135] INFO  server.AbstractConnector (AbstractConnector.java:doStart(330)) - Started ServerConnector@5e7fc012{HTTP/1.1,[http/1.1]}{0.0.0.0:40419}
2020-06-09 10:29:01,605 [Listener at 127.0.0.1/39135] INFO  server.Server (Server.java:doStart(399)) - Started @4685ms
2020-06-09 10:29:01,606 [Listener at 127.0.0.1/39135] WARN  impl.MetricsSystemImpl (MetricsSystemImpl.java:register(276)) - Sink prometheus already exists!
2020-06-09 10:29:01,615 [Listener at 127.0.0.1/39135] INFO  http.BaseHttpServer (BaseHttpServer.java:updateConnectorAddress(325)) - HTTP server of hddsDatanode listening at http://0.0.0.0:40419
2020-06-09 10:29:01,616 [Listener at 127.0.0.1/39135] INFO  impl.MetricsSystemImpl (MetricsSystemImpl.java:init(158)) - HddsDatanode metrics system started (again)
2020-06-09 10:29:01,618 [Listener at 127.0.0.1/39135] INFO  ozone.HddsDatanodeService (HddsDatanodeService.java:start(197)) - HddsDatanodeService host:77cef2ee2629 ip:172.17.0.2
2020-06-09 10:29:01,621 [Listener at 127.0.0.1/39135] INFO  volume.HddsVolume (HddsVolume.java:<init>(176)) - Creating Volume: /github/workspace/mnt/ozone/hadoop-ozone/integration-test/target/test-dir/MiniOzoneClusterImpl-55c3c36b-df07-4797-ad76-ca669897d6c5/datanode-1/data-0/containers/hdds of storage type : DISK and capacity : 9223372036854775807
2020-06-09 10:29:01,621 [Listener at 127.0.0.1/39135] INFO  volume.MutableVolumeSet (MutableVolumeSet.java:initializeVolumeSet(181)) - Added Volume : /github/workspace/mnt/ozone/hadoop-ozone/integration-test/target/test-dir/MiniOzoneClusterImpl-55c3c36b-df07-4797-ad76-ca669897d6c5/datanode-1/data-0/containers/hdds to VolumeSet
2020-06-09 10:29:01,622 [Listener at 127.0.0.1/39135] INFO  volume.ThrottledAsyncChecker (ThrottledAsyncChecker.java:schedule(141)) - Scheduling a check for /github/workspace/mnt/ozone/hadoop-ozone/integration-test/target/test-dir/MiniOzoneClusterImpl-55c3c36b-df07-4797-ad76-ca669897d6c5/datanode-1/data-0/containers/hdds
2020-06-09 10:29:01,622 [Listener at 127.0.0.1/39135] INFO  volume.HddsVolumeChecker (HddsVolumeChecker.java:checkAllVolumes(200)) - Scheduled health check for volume /github/workspace/mnt/ozone/hadoop-ozone/integration-test/target/test-dir/MiniOzoneClusterImpl-55c3c36b-df07-4797-ad76-ca669897d6c5/datanode-1/data-0/containers/hdds
2020-06-09 10:29:01,646 [org.apache.hadoop.util.JvmPauseMonitor$Monitor@4209849] INFO  util.JvmPauseMonitor (JvmPauseMonitor.java:run(188)) - Starting JVM pause monitor
2020-06-09 10:29:01,649 [Listener at 127.0.0.1/39135] INFO  impl.RaftServerProxy (ConfUtils.java:logGet(44)) - raft.rpc.type = GRPC (default)
2020-06-09 10:29:01,649 [Listener at 127.0.0.1/39135] INFO  grpc.GrpcFactory (GrpcFactory.java:checkPooledByteBufAllocatorUseCacheForAllThreads(45)) - PERFORMANCE WARNING: useCacheForAllThreads is true that may cause Netty to create a lot garbage objects and, as a result, trigger GC.
	It is recommended to disable useCacheForAllThreads by setting -Dorg.apache.ratis.thirdparty.io.netty.allocator.useCacheForAllThreads=false in command line.
2020-06-09 10:29:01,649 [Listener at 127.0.0.1/39135] INFO  grpc.GrpcConfigKeys (ConfUtils.java:logGet(44)) - raft.grpc.server.port = 0 (default)
2020-06-09 10:29:01,649 [Listener at 127.0.0.1/39135] INFO  server.GrpcService (ConfUtils.java:logGet(44)) - raft.grpc.message.size.max = 32MB (=33554432) (custom)
2020-06-09 10:29:01,649 [Listener at 127.0.0.1/39135] INFO  server.RaftServerConfigKeys (ConfUtils.java:logGet(44)) - raft.server.log.appender.buffer.byte-limit = 33554432 (custom)
2020-06-09 10:29:01,649 [Listener at 127.0.0.1/39135] INFO  server.GrpcService (ConfUtils.java:logGet(44)) - raft.grpc.flow.control.window = 5MB (=5242880) (custom)
2020-06-09 10:29:01,650 [Listener at 127.0.0.1/39135] INFO  server.RaftServerConfigKeys (ConfUtils.java:logGet(44)) - raft.server.rpc.request.timeout = 3s (default)
2020-06-09 10:29:01,651 [Listener at 127.0.0.1/39135] INFO  server.RaftServerConfigKeys (ConfUtils.java:logGet(44)) - raft.server.storage.dir = [/github/workspace/mnt/ozone/hadoop-ozone/integration-test/target/test-dir/MiniOzoneClusterImpl-55c3c36b-df07-4797-ad76-ca669897d6c5/datanode-1/data/ratis] (custom)
2020-06-09 10:29:01,658 [Listener at 127.0.0.1/39135] INFO  http.BaseHttpServer (BaseHttpServer.java:newHttpServer2BuilderForOzone(205)) - Starting Web-server for hddsDatanode at: http://0.0.0.0:0
2020-06-09 10:29:01,658 [Listener at 127.0.0.1/39135] INFO  http.BaseHttpServer (BaseHttpServer.java:<init>(106)) - Hadoop Security Enabled: false Ozone Security Enabled: false Ozone HTTP Security Enabled: false 
2020-06-09 10:29:01,662 [Listener at 127.0.0.1/39135] INFO  server.AuthenticationFilter (AuthenticationFilter.java:constructSecretProvider(240)) - Unable to initialize FileSignerSecretProvider, falling back to use random secrets.
2020-06-09 10:29:01,668 [Listener at 127.0.0.1/39135] WARN  http.HttpRequestLog (HttpRequestLog.java:getRequestLog(103)) - Jetty request log can only be enabled using Log4j
2020-06-09 10:29:01,669 [Listener at 127.0.0.1/39135] INFO  http.HttpServer2 (HttpServer2.java:addGlobalFilter(993)) - Added global filter 'safety' (class=org.apache.hadoop.hdds.server.http.HttpServer2$QuotingInputFilter)
2020-06-09 10:29:01,670 [Listener at 127.0.0.1/39135] INFO  http.HttpServer2 (HttpServer2.java:addFilter(969)) - Added filter authentication (class=org.apache.hadoop.security.authentication.server.AuthenticationFilter) to context hddsDatanode
2020-06-09 10:29:01,670 [Listener at 127.0.0.1/39135] INFO  http.HttpServer2 (HttpServer2.java:addFilter(977)) - Added filter authentication (class=org.apache.hadoop.security.authentication.server.AuthenticationFilter) to context logs
2020-06-09 10:29:01,670 [Listener at 127.0.0.1/39135] INFO  http.HttpServer2 (HttpServer2.java:addFilter(977)) - Added filter authentication (class=org.apache.hadoop.security.authentication.server.AuthenticationFilter) to context static
2020-06-09 10:29:01,671 [Listener at 127.0.0.1/39135] INFO  http.HttpServer2 (HttpServer2.java:bindListener(1211)) - Jetty bound to port 39099
2020-06-09 10:29:01,671 [Listener at 127.0.0.1/39135] INFO  server.Server (Server.java:doStart(359)) - jetty-9.4.26.v20200117; built: 2020-01-17T12:35:33.676Z; git: 7b38981d25d14afb4a12ff1f2596756144edf695; jvm 1.8.0_232-b09
2020-06-09 10:29:01,729 [Listener at 127.0.0.1/39135] INFO  server.session (DefaultSessionIdManager.java:doStart(333)) - DefaultSessionIdManager workerName=node0
2020-06-09 10:29:01,729 [Listener at 127.0.0.1/39135] INFO  server.session (DefaultSessionIdManager.java:doStart(338)) - No SessionScavenger set, using defaults
2020-06-09 10:29:01,729 [Listener at 127.0.0.1/39135] INFO  server.session (HouseKeeper.java:startScavenging(140)) - node0 Scavenging every 600000ms
2020-06-09 10:29:01,744 [Listener at 127.0.0.1/39135] INFO  server.AuthenticationFilter (AuthenticationFilter.java:constructSecretProvider(240)) - Unable to initialize FileSignerSecretProvider, falling back to use random secrets.
2020-06-09 10:29:01,750 [Listener at 127.0.0.1/39135] INFO  handler.ContextHandler (ContextHandler.java:doStart(825)) - Started o.e.j.s.ServletContextHandler@234adbe2{logs,/logs,file:///github/workspace/mnt/ozone/hadoop-ozone/integration-test/target/log,AVAILABLE}
2020-06-09 10:29:01,750 [Listener at 127.0.0.1/39135] INFO  handler.ContextHandler (ContextHandler.java:doStart(825)) - Started o.e.j.s.ServletContextHandler@7d8c264{static,/static,jar:file:/home/user/.m2/repository/org/apache/hadoop/hadoop-hdds-container-service/0.6.0-SNAPSHOT/hadoop-hdds-container-service-0.6.0-SNAPSHOT.jar!/webapps/static,AVAILABLE}
2020-06-09 10:29:01,780 [Listener at 127.0.0.1/39135] INFO  handler.ContextHandler (ContextHandler.java:doStart(825)) - Started o.e.j.w.WebAppContext@179cdf4f{hddsDatanode,/,file:///tmp/jetty-0_0_0_0-39099-hadoop-hdds-container-service-0_6_0-SNAPSHOT_jar-_-any-1470095110510212038.dir/webapp/,AVAILABLE}{jar:file:/home/user/.m2/repository/org/apache/hadoop/hadoop-hdds-container-service/0.6.0-SNAPSHOT/hadoop-hdds-container-service-0.6.0-SNAPSHOT.jar!/webapps/hddsDatanode}
2020-06-09 10:29:01,784 [Listener at 127.0.0.1/39135] INFO  server.AbstractConnector (AbstractConnector.java:doStart(330)) - Started ServerConnector@47e89fed{HTTP/1.1,[http/1.1]}{0.0.0.0:39099}
2020-06-09 10:29:01,784 [Listener at 127.0.0.1/39135] INFO  server.Server (Server.java:doStart(399)) - Started @4864ms
2020-06-09 10:29:01,785 [Listener at 127.0.0.1/39135] WARN  impl.MetricsSystemImpl (MetricsSystemImpl.java:register(276)) - Sink prometheus already exists!
2020-06-09 10:29:01,790 [Listener at 127.0.0.1/39135] INFO  http.BaseHttpServer (BaseHttpServer.java:updateConnectorAddress(325)) - HTTP server of hddsDatanode listening at http://0.0.0.0:39099
2020-06-09 10:29:01,796 [Listener at 127.0.0.1/39135] INFO  impl.MetricsSystemImpl (MetricsSystemImpl.java:init(158)) - HddsDatanode metrics system started (again)
2020-06-09 10:29:01,804 [Listener at 127.0.0.1/39135] INFO  ozone.HddsDatanodeService (HddsDatanodeService.java:start(197)) - HddsDatanodeService host:77cef2ee2629 ip:172.17.0.2
2020-06-09 10:29:01,805 [Datanode State Machine Thread - 0] INFO  datanode.InitDatanodeState (InitDatanodeState.java:persistContainerDatanodeDetails(145)) - DatanodeDetails is persisted to /github/workspace/mnt/ozone/hadoop-ozone/integration-test/target/test-dir/MiniOzoneClusterImpl-55c3c36b-df07-4797-ad76-ca669897d6c5/datanode-0/meta/datanode.id
2020-06-09 10:29:01,817 [Listener at 127.0.0.1/39135] INFO  volume.HddsVolume (HddsVolume.java:<init>(176)) - Creating Volume: /github/workspace/mnt/ozone/hadoop-ozone/integration-test/target/test-dir/MiniOzoneClusterImpl-55c3c36b-df07-4797-ad76-ca669897d6c5/datanode-2/data-0/containers/hdds of storage type : DISK and capacity : 9223372036854775807
2020-06-09 10:29:01,817 [Listener at 127.0.0.1/39135] INFO  volume.MutableVolumeSet (MutableVolumeSet.java:initializeVolumeSet(181)) - Added Volume : /github/workspace/mnt/ozone/hadoop-ozone/integration-test/target/test-dir/MiniOzoneClusterImpl-55c3c36b-df07-4797-ad76-ca669897d6c5/datanode-2/data-0/containers/hdds to VolumeSet
2020-06-09 10:29:01,817 [Listener at 127.0.0.1/39135] INFO  volume.ThrottledAsyncChecker (ThrottledAsyncChecker.java:schedule(141)) - Scheduling a check for /github/workspace/mnt/ozone/hadoop-ozone/integration-test/target/test-dir/MiniOzoneClusterImpl-55c3c36b-df07-4797-ad76-ca669897d6c5/datanode-2/data-0/containers/hdds
2020-06-09 10:29:01,833 [Listener at 127.0.0.1/39135] INFO  volume.HddsVolumeChecker (HddsVolumeChecker.java:checkAllVolumes(200)) - Scheduled health check for volume /github/workspace/mnt/ozone/hadoop-ozone/integration-test/target/test-dir/MiniOzoneClusterImpl-55c3c36b-df07-4797-ad76-ca669897d6c5/datanode-2/data-0/containers/hdds
2020-06-09 10:29:01,834 [org.apache.hadoop.util.JvmPauseMonitor$Monitor@599ebfc5] INFO  util.JvmPauseMonitor (JvmPauseMonitor.java:run(188)) - Starting JVM pause monitor
2020-06-09 10:29:01,871 [Datanode State Machine Thread - 0] INFO  datanode.InitDatanodeState (InitDatanodeState.java:persistContainerDatanodeDetails(145)) - DatanodeDetails is persisted to /github/workspace/mnt/ozone/hadoop-ozone/integration-test/target/test-dir/MiniOzoneClusterImpl-55c3c36b-df07-4797-ad76-ca669897d6c5/datanode-1/meta/datanode.id
2020-06-09 10:29:01,881 [Listener at 127.0.0.1/39135] INFO  impl.RaftServerProxy (ConfUtils.java:logGet(44)) - raft.rpc.type = GRPC (default)
2020-06-09 10:29:01,881 [Listener at 127.0.0.1/39135] INFO  grpc.GrpcFactory (GrpcFactory.java:checkPooledByteBufAllocatorUseCacheForAllThreads(45)) - PERFORMANCE WARNING: useCacheForAllThreads is true that may cause Netty to create a lot garbage objects and, as a result, trigger GC.
	It is recommended to disable useCacheForAllThreads by setting -Dorg.apache.ratis.thirdparty.io.netty.allocator.useCacheForAllThreads=false in command line.
2020-06-09 10:29:01,882 [Listener at 127.0.0.1/39135] INFO  grpc.GrpcConfigKeys (ConfUtils.java:logGet(44)) - raft.grpc.server.port = 0 (default)
2020-06-09 10:29:01,882 [Listener at 127.0.0.1/39135] INFO  server.GrpcService (ConfUtils.java:logGet(44)) - raft.grpc.message.size.max = 32MB (=33554432) (custom)
2020-06-09 10:29:01,882 [Listener at 127.0.0.1/39135] INFO  server.RaftServerConfigKeys (ConfUtils.java:logGet(44)) - raft.server.log.appender.buffer.byte-limit = 33554432 (custom)
2020-06-09 10:29:01,882 [Listener at 127.0.0.1/39135] INFO  server.GrpcService (ConfUtils.java:logGet(44)) - raft.grpc.flow.control.window = 5MB (=5242880) (custom)
2020-06-09 10:29:01,882 [Listener at 127.0.0.1/39135] INFO  server.RaftServerConfigKeys (ConfUtils.java:logGet(44)) - raft.server.rpc.request.timeout = 3s (default)
2020-06-09 10:29:01,885 [Listener at 127.0.0.1/39135] INFO  server.RaftServerConfigKeys (ConfUtils.java:logGet(44)) - raft.server.storage.dir = [/github/workspace/mnt/ozone/hadoop-ozone/integration-test/target/test-dir/MiniOzoneClusterImpl-55c3c36b-df07-4797-ad76-ca669897d6c5/datanode-2/data/ratis] (custom)
2020-06-09 10:29:01,892 [Listener at 127.0.0.1/39135] INFO  http.BaseHttpServer (BaseHttpServer.java:newHttpServer2BuilderForOzone(205)) - Starting Web-server for hddsDatanode at: http://0.0.0.0:0
2020-06-09 10:29:01,893 [Listener at 127.0.0.1/39135] INFO  http.BaseHttpServer (BaseHttpServer.java:<init>(106)) - Hadoop Security Enabled: false Ozone Security Enabled: false Ozone HTTP Security Enabled: false 
2020-06-09 10:29:01,895 [Listener at 127.0.0.1/39135] INFO  server.AuthenticationFilter (AuthenticationFilter.java:constructSecretProvider(240)) - Unable to initialize FileSignerSecretProvider, falling back to use random secrets.
2020-06-09 10:29:01,896 [Listener at 127.0.0.1/39135] WARN  http.HttpRequestLog (HttpRequestLog.java:getRequestLog(103)) - Jetty request log can only be enabled using Log4j
2020-06-09 10:29:01,897 [Listener at 127.0.0.1/39135] INFO  http.HttpServer2 (HttpServer2.java:addGlobalFilter(993)) - Added global filter 'safety' (class=org.apache.hadoop.hdds.server.http.HttpServer2$QuotingInputFilter)
2020-06-09 10:29:01,898 [Listener at 127.0.0.1/39135] INFO  http.HttpServer2 (HttpServer2.java:addFilter(969)) - Added filter authentication (class=org.apache.hadoop.security.authentication.server.AuthenticationFilter) to context hddsDatanode
2020-06-09 10:29:01,898 [Listener at 127.0.0.1/39135] INFO  http.HttpServer2 (HttpServer2.java:addFilter(977)) - Added filter authentication (class=org.apache.hadoop.security.authentication.server.AuthenticationFilter) to context static
2020-06-09 10:29:01,898 [Listener at 127.0.0.1/39135] INFO  http.HttpServer2 (HttpServer2.java:addFilter(977)) - Added filter authentication (class=org.apache.hadoop.security.authentication.server.AuthenticationFilter) to context logs
2020-06-09 10:29:01,899 [Listener at 127.0.0.1/39135] INFO  http.HttpServer2 (HttpServer2.java:bindListener(1211)) - Jetty bound to port 43911
2020-06-09 10:29:01,899 [Listener at 127.0.0.1/39135] INFO  server.Server (Server.java:doStart(359)) - jetty-9.4.26.v20200117; built: 2020-01-17T12:35:33.676Z; git: 7b38981d25d14afb4a12ff1f2596756144edf695; jvm 1.8.0_232-b09
2020-06-09 10:29:01,902 [Listener at 127.0.0.1/39135] INFO  server.session (DefaultSessionIdManager.java:doStart(333)) - DefaultSessionIdManager workerName=node0
2020-06-09 10:29:01,916 [Listener at 127.0.0.1/39135] INFO  server.session (DefaultSessionIdManager.java:doStart(338)) - No SessionScavenger set, using defaults
2020-06-09 10:29:01,916 [Listener at 127.0.0.1/39135] INFO  server.session (HouseKeeper.java:startScavenging(140)) - node0 Scavenging every 660000ms
2020-06-09 10:29:01,924 [Listener at 127.0.0.1/39135] INFO  server.AuthenticationFilter (AuthenticationFilter.java:constructSecretProvider(240)) - Unable to initialize FileSignerSecretProvider, falling back to use random secrets.
2020-06-09 10:29:01,925 [Listener at 127.0.0.1/39135] INFO  handler.ContextHandler (ContextHandler.java:doStart(825)) - Started o.e.j.s.ServletContextHandler@137a70f1{logs,/logs,file:///github/workspace/mnt/ozone/hadoop-ozone/integration-test/target/log,AVAILABLE}
2020-06-09 10:29:01,925 [Listener at 127.0.0.1/39135] INFO  handler.ContextHandler (ContextHandler.java:doStart(825)) - Started o.e.j.s.ServletContextHandler@54351197{static,/static,jar:file:/home/user/.m2/repository/org/apache/hadoop/hadoop-hdds-container-service/0.6.0-SNAPSHOT/hadoop-hdds-container-service-0.6.0-SNAPSHOT.jar!/webapps/static,AVAILABLE}
2020-06-09 10:29:01,954 [Listener at 127.0.0.1/39135] INFO  handler.ContextHandler (ContextHandler.java:doStart(825)) - Started o.e.j.w.WebAppContext@d640fe6{hddsDatanode,/,file:///tmp/jetty-0_0_0_0-43911-hadoop-hdds-container-service-0_6_0-SNAPSHOT_jar-_-any-761739213078879197.dir/webapp/,AVAILABLE}{jar:file:/home/user/.m2/repository/org/apache/hadoop/hadoop-hdds-container-service/0.6.0-SNAPSHOT/hadoop-hdds-container-service-0.6.0-SNAPSHOT.jar!/webapps/hddsDatanode}
2020-06-09 10:29:01,956 [Listener at 127.0.0.1/39135] INFO  server.AbstractConnector (AbstractConnector.java:doStart(330)) - Started ServerConnector@1b72f9a{HTTP/1.1,[http/1.1]}{0.0.0.0:43911}
2020-06-09 10:29:01,957 [Listener at 127.0.0.1/39135] INFO  server.Server (Server.java:doStart(399)) - Started @5036ms
2020-06-09 10:29:01,957 [Listener at 127.0.0.1/39135] WARN  impl.MetricsSystemImpl (MetricsSystemImpl.java:register(276)) - Sink prometheus already exists!
2020-06-09 10:29:01,961 [Listener at 127.0.0.1/39135] INFO  http.BaseHttpServer (BaseHttpServer.java:updateConnectorAddress(325)) - HTTP server of hddsDatanode listening at http://0.0.0.0:43911
2020-06-09 10:29:01,968 [Listener at 127.0.0.1/39135] INFO  ozone.MiniOzoneClusterImpl (MiniOzoneClusterImpl.java:lambda$waitForClusterToBeReady$0(177)) - Waiting for nodes to be ready. Got 0 of 3 DN Heartbeats.
2020-06-09 10:29:01,968 [Listener at 127.0.0.1/39135] INFO  ozone.MiniOzoneClusterImpl (MiniOzoneClusterImpl.java:lambda$waitForClusterToBeReady$0(180)) - Waiting for cluster to exit safe mode
2020-06-09 10:29:02,000 [org.apache.hadoop.util.JvmPauseMonitor$Monitor@4bc29a26] INFO  util.JvmPauseMonitor (JvmPauseMonitor.java:run(188)) - Starting JVM pause monitor
2020-06-09 10:29:02,001 [Datanode State Machine Thread - 0] INFO  datanode.InitDatanodeState (InitDatanodeState.java:persistContainerDatanodeDetails(145)) - DatanodeDetails is persisted to /github/workspace/mnt/ozone/hadoop-ozone/integration-test/target/test-dir/MiniOzoneClusterImpl-55c3c36b-df07-4797-ad76-ca669897d6c5/datanode-2/meta/datanode.id
2020-06-09 10:29:02,969 [Listener at 127.0.0.1/39135] INFO  ozone.MiniOzoneClusterImpl (MiniOzoneClusterImpl.java:lambda$waitForClusterToBeReady$0(177)) - Waiting for nodes to be ready. Got 0 of 3 DN Heartbeats.
2020-06-09 10:29:02,969 [Listener at 127.0.0.1/39135] INFO  ozone.MiniOzoneClusterImpl (MiniOzoneClusterImpl.java:lambda$waitForClusterToBeReady$0(180)) - Waiting for cluster to exit safe mode
2020-06-09 10:29:03,712 [Datanode State Machine Thread - 0] INFO  ozoneimpl.OzoneContainer (OzoneContainer.java:start(232)) - Attempting to start container services.
2020-06-09 10:29:03,713 [Datanode State Machine Thread - 0] INFO  ozoneimpl.OzoneContainer (OzoneContainer.java:startContainerScrub(196)) - Background container scanner has been disabled.
2020-06-09 10:29:03,713 [Datanode State Machine Thread - 0] INFO  ratis.XceiverServerRatis (XceiverServerRatis.java:start(425)) - Starting XceiverServerRatis f19c8f7f-7f71-43a0-9f21-c8aa8ec0a160 at port 0
2020-06-09 10:29:03,723 [Datanode State Machine Thread - 0] INFO  impl.RaftServerProxy (RaftServerProxy.java:lambda$start$3(304)) - f19c8f7f-7f71-43a0-9f21-c8aa8ec0a160: start RPC server
2020-06-09 10:29:03,786 [Datanode State Machine Thread - 0] INFO  server.GrpcService (GrpcService.java:startImpl(160)) - f19c8f7f-7f71-43a0-9f21-c8aa8ec0a160: GrpcService started, listening on 0.0.0.0/0.0.0.0:33881
2020-06-09 10:29:03,786 [Datanode State Machine Thread - 0] INFO  ratis.XceiverServerRatis (XceiverServerRatis.java:start(437)) - XceiverServerRatis f19c8f7f-7f71-43a0-9f21-c8aa8ec0a160 is started using port 33881
2020-06-09 10:29:03,791 [Datanode State Machine Thread - 0] INFO  server.XceiverServerGrpc (XceiverServerGrpc.java:start(145)) - XceiverServerGrpc f19c8f7f-7f71-43a0-9f21-c8aa8ec0a160 is started using port 44301
2020-06-09 10:29:03,838 [Datanode State Machine Thread - 0] INFO  ozoneimpl.OzoneContainer (OzoneContainer.java:start(232)) - Attempting to start container services.
2020-06-09 10:29:03,840 [Datanode State Machine Thread - 0] INFO  ozoneimpl.OzoneContainer (OzoneContainer.java:startContainerScrub(196)) - Background container scanner has been disabled.
2020-06-09 10:29:03,840 [Datanode State Machine Thread - 0] INFO  ratis.XceiverServerRatis (XceiverServerRatis.java:start(425)) - Starting XceiverServerRatis 4195d107-8053-4d3d-86a1-081a04d6e190 at port 0
2020-06-09 10:29:03,841 [Datanode State Machine Thread - 0] INFO  impl.RaftServerProxy (RaftServerProxy.java:lambda$start$3(304)) - 4195d107-8053-4d3d-86a1-081a04d6e190: start RPC server
2020-06-09 10:29:03,850 [Datanode State Machine Thread - 0] INFO  server.GrpcService (GrpcService.java:startImpl(160)) - 4195d107-8053-4d3d-86a1-081a04d6e190: GrpcService started, listening on 0.0.0.0/0.0.0.0:35423
2020-06-09 10:29:03,850 [Datanode State Machine Thread - 0] INFO  ratis.XceiverServerRatis (XceiverServerRatis.java:start(437)) - XceiverServerRatis 4195d107-8053-4d3d-86a1-081a04d6e190 is started using port 35423
2020-06-09 10:29:03,853 [Datanode State Machine Thread - 0] INFO  server.XceiverServerGrpc (XceiverServerGrpc.java:start(145)) - XceiverServerGrpc 4195d107-8053-4d3d-86a1-081a04d6e190 is started using port 45077
2020-06-09 10:29:03,969 [Listener at 127.0.0.1/39135] INFO  ozone.MiniOzoneClusterImpl (MiniOzoneClusterImpl.java:lambda$waitForClusterToBeReady$0(177)) - Waiting for nodes to be ready. Got 0 of 3 DN Heartbeats.
2020-06-09 10:29:03,970 [Listener at 127.0.0.1/39135] INFO  ozone.MiniOzoneClusterImpl (MiniOzoneClusterImpl.java:lambda$waitForClusterToBeReady$0(180)) - Waiting for cluster to exit safe mode
2020-06-09 10:29:04,006 [Datanode State Machine Thread - 0] INFO  ozoneimpl.OzoneContainer (OzoneContainer.java:start(232)) - Attempting to start container services.
2020-06-09 10:29:04,006 [Datanode State Machine Thread - 0] INFO  ozoneimpl.OzoneContainer (OzoneContainer.java:startContainerScrub(196)) - Background container scanner has been disabled.
2020-06-09 10:29:04,006 [Datanode State Machine Thread - 0] INFO  ratis.XceiverServerRatis (XceiverServerRatis.java:start(425)) - Starting XceiverServerRatis c73bcb3f-4fc6-4b4e-af5e-d374dcf0479d at port 0
2020-06-09 10:29:04,010 [Datanode State Machine Thread - 0] INFO  impl.RaftServerProxy (RaftServerProxy.java:lambda$start$3(304)) - c73bcb3f-4fc6-4b4e-af5e-d374dcf0479d: start RPC server
2020-06-09 10:29:04,020 [Datanode State Machine Thread - 0] INFO  server.GrpcService (GrpcService.java:startImpl(160)) - c73bcb3f-4fc6-4b4e-af5e-d374dcf0479d: GrpcService started, listening on 0.0.0.0/0.0.0.0:44855
2020-06-09 10:29:04,021 [Datanode State Machine Thread - 0] INFO  ratis.XceiverServerRatis (XceiverServerRatis.java:start(437)) - XceiverServerRatis c73bcb3f-4fc6-4b4e-af5e-d374dcf0479d is started using port 44855
2020-06-09 10:29:04,023 [Datanode State Machine Thread - 0] INFO  server.XceiverServerGrpc (XceiverServerGrpc.java:start(145)) - XceiverServerGrpc c73bcb3f-4fc6-4b4e-af5e-d374dcf0479d is started using port 41201
2020-06-09 10:29:04,970 [Listener at 127.0.0.1/39135] INFO  ozone.MiniOzoneClusterImpl (MiniOzoneClusterImpl.java:lambda$waitForClusterToBeReady$0(177)) - Waiting for nodes to be ready. Got 0 of 3 DN Heartbeats.
2020-06-09 10:29:04,970 [Listener at 127.0.0.1/39135] INFO  ozone.MiniOzoneClusterImpl (MiniOzoneClusterImpl.java:lambda$waitForClusterToBeReady$0(180)) - Waiting for cluster to exit safe mode
2020-06-09 10:29:05,674 [IPC Server handler 11 on default port 40327] INFO  net.NetworkTopology (NetworkTopologyImpl.java:add(111)) - Added a new node: /default-rack/f19c8f7f-7f71-43a0-9f21-c8aa8ec0a160
2020-06-09 10:29:05,674 [IPC Server handler 11 on default port 40327] INFO  node.SCMNodeManager (SCMNodeManager.java:register(268)) - Registered Data node : f19c8f7f-7f71-43a0-9f21-c8aa8ec0a160{ip: 172.17.0.2, host: 77cef2ee2629, networkLocation: /default-rack, certSerialId: null}
2020-06-09 10:29:05,679 [EventQueue-NodeRegistrationContainerReportForDataNodeSafeModeRule] INFO  safemode.SCMSafeModeManager (DataNodeSafeModeRule.java:process(71)) - SCM in safe mode. 1 DataNodes registered, 1 required.
2020-06-09 10:29:05,679 [EventQueue-NodeRegistrationContainerReportForDataNodeSafeModeRule] INFO  safemode.SCMSafeModeManager (SCMSafeModeManager.java:validateSafeModeExitRules(213)) - DataNodeSafeModeRule rule is successfully validated
2020-06-09 10:29:05,679 [EventQueue-NodeRegistrationContainerReportForDataNodeSafeModeRule] INFO  safemode.SCMSafeModeManager (SCMSafeModeManager.java:completePreCheck(241)) - All SCM safe mode pre check rules have passed
2020-06-09 10:29:05,683 [EventQueue-NodeRegistrationContainerReportForContainerSafeModeRule] INFO  safemode.SCMSafeModeManager (SCMSafeModeManager.java:validateSafeModeExitRules(213)) - ContainerSafeModeRule rule is successfully validated
2020-06-09 10:29:05,689 [RatisPipelineUtilsThread] INFO  pipeline.RatisPipelineProvider (RatisPipelineProvider.java:lambda$create$0(138)) - Sending CreatePipelineCommand for pipeline:PipelineID=0e8df833-4424-4e69-a2ab-c2d4063f12b4 to datanode:f19c8f7f-7f71-43a0-9f21-c8aa8ec0a160
2020-06-09 10:29:05,702 [RatisPipelineUtilsThread] INFO  pipeline.PipelineStateManager (PipelineStateManager.java:addPipeline(54)) - Created pipeline Pipeline[ Id: 0e8df833-4424-4e69-a2ab-c2d4063f12b4, Nodes: f19c8f7f-7f71-43a0-9f21-c8aa8ec0a160{ip: 172.17.0.2, host: 77cef2ee2629, networkLocation: /default-rack, certSerialId: null}, Type:RATIS, Factor:ONE, State:ALLOCATED, leaderId:null, CreationTimestamp2020-06-09T10:29:05.686Z]
2020-06-09 10:29:05,705 [RatisPipelineUtilsThread] ERROR pipeline.SCMPipelineManager (SCMPipelineManager.java:createPipeline(222)) - Failed to create pipeline of type RATIS and factor ONE. Exception: Cannot create pipeline of factor 1 using 0 nodes. Used 1 nodes. Healthy nodes 1
2020-06-09 10:29:05,705 [RatisPipelineUtilsThread] WARN  pipeline.PipelinePlacementPolicy (PipelinePlacementPolicy.java:filterViableNodes(133)) - Pipeline creation failed due to no sufficient healthy datanodes. Required 3. Found 1.
2020-06-09 10:29:05,705 [RatisPipelineUtilsThread] ERROR pipeline.SCMPipelineManager (SCMPipelineManager.java:createPipeline(222)) - Failed to create pipeline of type RATIS and factor THREE. Exception: Pipeline creation failed due to no sufficient healthy datanodes. Required 3. Found 1.
2020-06-09 10:29:05,835 [IPC Server handler 2 on default port 40327] INFO  net.NetworkTopology (NetworkTopologyImpl.java:add(111)) - Added a new node: /default-rack/4195d107-8053-4d3d-86a1-081a04d6e190
2020-06-09 10:29:05,836 [IPC Server handler 2 on default port 40327] INFO  node.SCMNodeManager (SCMNodeManager.java:register(268)) - Registered Data node : 4195d107-8053-4d3d-86a1-081a04d6e190{ip: 172.17.0.2, host: 77cef2ee2629, networkLocation: /default-rack, certSerialId: null}
2020-06-09 10:29:05,837 [EventQueue-NodeRegistrationContainerReportForDataNodeSafeModeRule] INFO  safemode.SCMSafeModeManager (SCMSafeModeManager.java:validateSafeModeExitRules(213)) - DataNodeSafeModeRule rule is successfully validated
2020-06-09 10:29:05,837 [EventQueue-NodeRegistrationContainerReportForContainerSafeModeRule] INFO  safemode.SCMSafeModeManager (SCMSafeModeManager.java:validateSafeModeExitRules(213)) - ContainerSafeModeRule rule is successfully validated
2020-06-09 10:29:05,840 [RatisPipelineUtilsThread] INFO  pipeline.RatisPipelineProvider (RatisPipelineProvider.java:lambda$create$0(138)) - Sending CreatePipelineCommand for pipeline:PipelineID=ee92ba83-f1e9-4449-a2a7-4ec77e48120b to datanode:4195d107-8053-4d3d-86a1-081a04d6e190
2020-06-09 10:29:05,841 [RatisPipelineUtilsThread] INFO  pipeline.PipelineStateManager (PipelineStateManager.java:addPipeline(54)) - Created pipeline Pipeline[ Id: ee92ba83-f1e9-4449-a2a7-4ec77e48120b, Nodes: 4195d107-8053-4d3d-86a1-081a04d6e190{ip: 172.17.0.2, host: 77cef2ee2629, networkLocation: /default-rack, certSerialId: null}, Type:RATIS, Factor:ONE, State:ALLOCATED, leaderId:null, CreationTimestamp2020-06-09T10:29:05.840Z]
2020-06-09 10:29:05,841 [RatisPipelineUtilsThread] ERROR pipeline.SCMPipelineManager (SCMPipelineManager.java:createPipeline(222)) - Failed to create pipeline of type RATIS and factor ONE. Exception: Cannot create pipeline of factor 1 using 0 nodes. Used 2 nodes. Healthy nodes 2
2020-06-09 10:29:05,841 [RatisPipelineUtilsThread] WARN  pipeline.PipelinePlacementPolicy (PipelinePlacementPolicy.java:filterViableNodes(133)) - Pipeline creation failed due to no sufficient healthy datanodes. Required 3. Found 2.
2020-06-09 10:29:05,842 [RatisPipelineUtilsThread] ERROR pipeline.SCMPipelineManager (SCMPipelineManager.java:createPipeline(222)) - Failed to create pipeline of type RATIS and factor THREE. Exception: Pipeline creation failed due to no sufficient healthy datanodes. Required 3. Found 2.
2020-06-09 10:29:05,971 [Listener at 127.0.0.1/39135] INFO  ozone.MiniOzoneClusterImpl (MiniOzoneClusterImpl.java:lambda$waitForClusterToBeReady$0(177)) - Waiting for nodes to be ready. Got 2 of 3 DN Heartbeats.
2020-06-09 10:29:05,971 [Listener at 127.0.0.1/39135] INFO  ozone.MiniOzoneClusterImpl (MiniOzoneClusterImpl.java:lambda$waitForClusterToBeReady$0(180)) - Waiting for cluster to exit safe mode
2020-06-09 10:29:06,002 [IPC Server handler 11 on default port 40327] INFO  net.NetworkTopology (NetworkTopologyImpl.java:add(111)) - Added a new node: /default-rack/c73bcb3f-4fc6-4b4e-af5e-d374dcf0479d
2020-06-09 10:29:06,003 [IPC Server handler 11 on default port 40327] INFO  node.SCMNodeManager (SCMNodeManager.java:register(268)) - Registered Data node : c73bcb3f-4fc6-4b4e-af5e-d374dcf0479d{ip: 172.17.0.2, host: 77cef2ee2629, networkLocation: /default-rack, certSerialId: null}
2020-06-09 10:29:06,003 [RatisPipelineUtilsThread] INFO  pipeline.RatisPipelineProvider (RatisPipelineProvider.java:lambda$create$0(138)) - Sending CreatePipelineCommand for pipeline:PipelineID=7917d303-f726-4633-85fd-eb3c52ad4eee to datanode:c73bcb3f-4fc6-4b4e-af5e-d374dcf0479d
2020-06-09 10:29:06,003 [EventQueue-NodeRegistrationContainerReportForDataNodeSafeModeRule] INFO  safemode.SCMSafeModeManager (SCMSafeModeManager.java:validateSafeModeExitRules(213)) - DataNodeSafeModeRule rule is successfully validated
2020-06-09 10:29:06,003 [RatisPipelineUtilsThread] INFO  pipeline.PipelineStateManager (PipelineStateManager.java:addPipeline(54)) - Created pipeline Pipeline[ Id: 7917d303-f726-4633-85fd-eb3c52ad4eee, Nodes: c73bcb3f-4fc6-4b4e-af5e-d374dcf0479d{ip: 172.17.0.2, host: 77cef2ee2629, networkLocation: /default-rack, certSerialId: null}, Type:RATIS, Factor:ONE, State:ALLOCATED, leaderId:null, CreationTimestamp2020-06-09T10:29:06.003Z]
2020-06-09 10:29:06,003 [EventQueue-NodeRegistrationContainerReportForContainerSafeModeRule] INFO  safemode.SCMSafeModeManager (SCMSafeModeManager.java:validateSafeModeExitRules(213)) - ContainerSafeModeRule rule is successfully validated
2020-06-09 10:29:06,004 [RatisPipelineUtilsThread] ERROR pipeline.SCMPipelineManager (SCMPipelineManager.java:createPipeline(222)) - Failed to create pipeline of type RATIS and factor ONE. Exception: Cannot create pipeline of factor 1 using 0 nodes. Used 3 nodes. Healthy nodes 3
2020-06-09 10:29:06,007 [RatisPipelineUtilsThread] INFO  pipeline.RatisPipelineProvider (RatisPipelineProvider.java:lambda$create$0(138)) - Sending CreatePipelineCommand for pipeline:PipelineID=a8bb2aae-6b86-409f-ade9-fb546344901b to datanode:4195d107-8053-4d3d-86a1-081a04d6e190
2020-06-09 10:29:06,008 [RatisPipelineUtilsThread] INFO  pipeline.RatisPipelineProvider (RatisPipelineProvider.java:lambda$create$0(138)) - Sending CreatePipelineCommand for pipeline:PipelineID=a8bb2aae-6b86-409f-ade9-fb546344901b to datanode:f19c8f7f-7f71-43a0-9f21-c8aa8ec0a160
2020-06-09 10:29:06,008 [RatisPipelineUtilsThread] INFO  pipeline.RatisPipelineProvider (RatisPipelineProvider.java:lambda$create$0(138)) - Sending CreatePipelineCommand for pipeline:PipelineID=a8bb2aae-6b86-409f-ade9-fb546344901b to datanode:c73bcb3f-4fc6-4b4e-af5e-d374dcf0479d
2020-06-09 10:29:06,010 [RatisPipelineUtilsThread] INFO  pipeline.PipelineStateManager (PipelineStateManager.java:addPipeline(54)) - Created pipeline Pipeline[ Id: a8bb2aae-6b86-409f-ade9-fb546344901b, Nodes: 4195d107-8053-4d3d-86a1-081a04d6e190{ip: 172.17.0.2, host: 77cef2ee2629, networkLocation: /default-rack, certSerialId: null}f19c8f7f-7f71-43a0-9f21-c8aa8ec0a160{ip: 172.17.0.2, host: 77cef2ee2629, networkLocation: /default-rack, certSerialId: null}c73bcb3f-4fc6-4b4e-af5e-d374dcf0479d{ip: 172.17.0.2, host: 77cef2ee2629, networkLocation: /default-rack, certSerialId: null}, Type:RATIS, Factor:THREE, State:ALLOCATED, leaderId:null, CreationTimestamp2020-06-09T10:29:06.007Z]
2020-06-09 10:29:06,010 [RatisPipelineUtilsThread] ERROR pipeline.SCMPipelineManager (SCMPipelineManager.java:createPipeline(222)) - Failed to create pipeline of type RATIS and factor THREE. Exception: Pipeline creation failed because nodes are engaged in other pipelines and every node can only be engaged in max 2 pipelines. Required 3. Found 0
2020-06-09 10:29:06,971 [Listener at 127.0.0.1/39135] INFO  ozone.MiniOzoneClusterImpl (MiniOzoneClusterImpl.java:lambda$waitForClusterToBeReady$0(177)) - Nodes are ready. Got 3 of 3 DN Heartbeats.
2020-06-09 10:29:06,972 [Listener at 127.0.0.1/39135] INFO  ozone.MiniOzoneClusterImpl (MiniOzoneClusterImpl.java:lambda$waitForClusterToBeReady$0(180)) - Waiting for cluster to exit safe mode
2020-06-09 10:29:07,973 [Listener at 127.0.0.1/39135] INFO  ozone.MiniOzoneClusterImpl (MiniOzoneClusterImpl.java:lambda$waitForClusterToBeReady$0(177)) - Nodes are ready. Got 3 of 3 DN Heartbeats.
2020-06-09 10:29:07,973 [Listener at 127.0.0.1/39135] INFO  ozone.MiniOzoneClusterImpl (MiniOzoneClusterImpl.java:lambda$waitForClusterToBeReady$0(180)) - Waiting for cluster to exit safe mode
2020-06-09 10:29:08,670 [Command processor thread] INFO  impl.RaftServerProxy (RaftServerProxy.java:addNew(89)) - f19c8f7f-7f71-43a0-9f21-c8aa8ec0a160: addNew group-C2D4063F12B4:[f19c8f7f-7f71-43a0-9f21-c8aa8ec0a160:172.17.0.2:33881] returns group-C2D4063F12B4:java.util.concurrent.CompletableFuture@632df8a9[Not completed]
2020-06-09 10:29:08,684 [pool-35-thread-1] INFO  impl.RaftServerImpl (RaftServerImpl.java:<init>(99)) - f19c8f7f-7f71-43a0-9f21-c8aa8ec0a160: new RaftServerImpl for group-C2D4063F12B4:[f19c8f7f-7f71-43a0-9f21-c8aa8ec0a160:172.17.0.2:33881] with ContainerStateMachine:uninitialized
2020-06-09 10:29:08,685 [pool-35-thread-1] INFO  server.RaftServerConfigKeys (ConfUtils.java:logGet(44)) - raft.server.rpc.timeout.min = 5s (custom)
2020-06-09 10:29:08,685 [pool-35-thread-1] INFO  server.RaftServerConfigKeys (ConfUtils.java:logGet(44)) - raft.server.rpc.timeout.max = 5200ms (custom)
2020-06-09 10:29:08,686 [pool-35-thread-1] INFO  server.RaftServerConfigKeys (ConfUtils.java:logGet(44)) - raft.server.rpcslowness.timeout = 1000s (custom)
2020-06-09 10:29:08,686 [pool-35-thread-1] INFO  server.RaftServerConfigKeys (ConfUtils.java:logGet(44)) - raft.server.sleep.deviation.threshold = 300 (default)
2020-06-09 10:29:08,686 [pool-35-thread-1] INFO  server.RaftServerConfigKeys (ConfUtils.java:logGet(44)) - raft.server.log.appender.install.snapshot.enabled = false (custom)
2020-06-09 10:29:08,692 [pool-35-thread-1] INFO  impl.RaftServerImpl (ServerState.java:<init>(103)) - f19c8f7f-7f71-43a0-9f21-c8aa8ec0a160@group-C2D4063F12B4: ConfigurationManager, init=-1: [f19c8f7f-7f71-43a0-9f21-c8aa8ec0a160:172.17.0.2:33881], old=null, confs=<EMPTY_MAP>
2020-06-09 10:29:08,693 [pool-35-thread-1] INFO  server.RaftServerConfigKeys (ConfUtils.java:logGet(44)) - raft.server.storage.dir = [/github/workspace/mnt/ozone/hadoop-ozone/integration-test/target/test-dir/MiniOzoneClusterImpl-55c3c36b-df07-4797-ad76-ca669897d6c5/datanode-0/data/ratis] (custom)
2020-06-09 10:29:08,698 [pool-35-thread-1] INFO  server.RaftServerConfigKeys (ConfUtils.java:logGet(44)) - raft.server.log.corruption.policy = EXCEPTION (default)
2020-06-09 10:29:08,700 [pool-35-thread-1] INFO  storage.RaftStorageDirectory (RaftStorageDirectory.java:analyzeStorage(261)) - The storage directory /github/workspace/mnt/ozone/hadoop-ozone/integration-test/target/test-dir/MiniOzoneClusterImpl-55c3c36b-df07-4797-ad76-ca669897d6c5/datanode-0/data/ratis/0e8df833-4424-4e69-a2ab-c2d4063f12b4 does not exist. Creating ...
2020-06-09 10:29:08,705 [pool-35-thread-1] INFO  storage.RaftStorageDirectory (RaftStorageDirectory.java:tryLock(343)) - Lock on /github/workspace/mnt/ozone/hadoop-ozone/integration-test/target/test-dir/MiniOzoneClusterImpl-55c3c36b-df07-4797-ad76-ca669897d6c5/datanode-0/data/ratis/0e8df833-4424-4e69-a2ab-c2d4063f12b4/in_use.lock acquired by nodename 20832@77cef2ee2629
2020-06-09 10:29:08,708 [pool-35-thread-1] INFO  storage.RaftStorage (RaftStorage.java:format(84)) - Storage directory /github/workspace/mnt/ozone/hadoop-ozone/integration-test/target/test-dir/MiniOzoneClusterImpl-55c3c36b-df07-4797-ad76-ca669897d6c5/datanode-0/data/ratis/0e8df833-4424-4e69-a2ab-c2d4063f12b4 has been successfully formatted.
2020-06-09 10:29:08,712 [pool-35-thread-1] INFO  ratis.ContainerStateMachine (ContainerStateMachine.java:loadSnapshot(226)) - group-C2D4063F12B4: The snapshot info is null. Setting the last applied indexto:(t:0, i:~)
2020-06-09 10:29:08,713 [pool-35-thread-1] INFO  server.RaftServerConfigKeys (ConfUtils.java:logGet(44)) - raft.server.notification.no-leader.timeout = 60s (default)
2020-06-09 10:29:08,714 [EventQueue-PipelineReportForPipelineReportHandler] INFO  pipeline.PipelineStateManager (PipelineStateManager.java:openPipeline(131)) - Pipeline Pipeline[ Id: 0e8df833-4424-4e69-a2ab-c2d4063f12b4, Nodes: f19c8f7f-7f71-43a0-9f21-c8aa8ec0a160{ip: 172.17.0.2, host: 77cef2ee2629, networkLocation: /default-rack, certSerialId: null}, Type:RATIS, Factor:ONE, State:ALLOCATED, leaderId:f19c8f7f-7f71-43a0-9f21-c8aa8ec0a160, CreationTimestamp2020-06-09T10:29:05.686Z] moved to OPEN state
2020-06-09 10:29:08,716 [EventQueue-OpenPipelineForOneReplicaPipelineSafeModeRule] INFO  safemode.SCMSafeModeManager (SCMSafeModeManager.java:validateSafeModeExitRules(213)) - AtleastOneDatanodeReportedRule rule is successfully validated
2020-06-09 10:29:08,722 [pool-35-thread-1] INFO  server.RaftServerConfigKeys (ConfUtils.java:logGet(44)) - raft.server.log.use.memory = false (default)
2020-06-09 10:29:08,724 [EventQueue-OpenPipelineForHealthyPipelineSafeModeRule] INFO  safemode.SCMSafeModeManager (HealthyPipelineSafeModeRule.java:process(132)) - SCM in safe mode. Healthy pipelines reported count is 0, required healthy pipeline reported count is 1
2020-06-09 10:29:08,726 [pool-35-thread-1] INFO  server.RaftServerConfigKeys (ConfUtils.java:logGet(44)) - raft.server.log.purge.gap = 1000000 (custom)
2020-06-09 10:29:08,727 [pool-35-thread-1] INFO  server.RaftServerConfigKeys (ConfUtils.java:logGet(44)) - raft.server.log.appender.buffer.byte-limit = 33554432 (custom)
2020-06-09 10:29:08,729 [pool-35-thread-1] INFO  server.RaftServerConfigKeys (ConfUtils.java:logGet(44)) - raft.server.log.segment.size.max = 1048576 (custom)
2020-06-09 10:29:08,732 [pool-35-thread-1] INFO  metrics.RatisMetrics (RatisMetrics.java:lambda$create$0(36)) - Creating Metrics Registry : ratis.log_worker.f19c8f7f-7f71-43a0-9f21-c8aa8ec0a160@group-C2D4063F12B4
2020-06-09 10:29:08,744 [pool-35-thread-1] INFO  server.RaftServerConfigKeys (ConfUtils.java:logGet(44)) - raft.server.log.segment.cache.num.max = 2 (custom)
2020-06-09 10:29:08,748 [pool-35-thread-1] INFO  segmented.SegmentedRaftLogWorker (SegmentedRaftLogWorker.java:<init>(180)) - new f19c8f7f-7f71-43a0-9f21-c8aa8ec0a160@group-C2D4063F12B4-SegmentedRaftLogWorker for RaftStorage:Storage Directory /github/workspace/mnt/ozone/hadoop-ozone/integration-test/target/test-dir/MiniOzoneClusterImpl-55c3c36b-df07-4797-ad76-ca669897d6c5/datanode-0/data/ratis/0e8df833-4424-4e69-a2ab-c2d4063f12b4
2020-06-09 10:29:08,749 [pool-35-thread-1] INFO  server.RaftServerConfigKeys (ConfUtils.java:logGet(44)) - raft.server.log.queue.byte-limit = 2147483647 (custom)
2020-06-09 10:29:08,749 [pool-35-thread-1] INFO  server.RaftServerConfigKeys (ConfUtils.java:logGet(44)) - raft.server.log.queue.element-limit = 1024 (custom)
2020-06-09 10:29:08,750 [pool-35-thread-1] INFO  server.RaftServerConfigKeys (ConfUtils.java:logGet(44)) - raft.server.log.segment.size.max = 1048576 (custom)
2020-06-09 10:29:08,751 [pool-35-thread-1] INFO  server.RaftServerConfigKeys (ConfUtils.java:logGet(44)) - raft.server.log.preallocated.size = 16384 (custom)
2020-06-09 10:29:08,751 [pool-35-thread-1] INFO  server.RaftServerConfigKeys (ConfUtils.java:logGet(44)) - raft.server.log.write.buffer.size = 1048576 (custom)
2020-06-09 10:29:08,751 [pool-35-thread-1] INFO  server.RaftServerConfigKeys (ConfUtils.java:logGet(44)) - raft.server.log.force.sync.num = 128 (default)
2020-06-09 10:29:08,752 [pool-35-thread-1] INFO  server.RaftServerConfigKeys (ConfUtils.java:logGet(44)) - raft.server.log.statemachine.data.sync = true (default)
2020-06-09 10:29:08,753 [pool-35-thread-1] INFO  server.RaftServerConfigKeys (ConfUtils.java:logGet(44)) - raft.server.log.statemachine.data.sync.timeout = 10s (default)
2020-06-09 10:29:08,753 [pool-35-thread-1] INFO  server.RaftServerConfigKeys (ConfUtils.java:logGet(44)) - raft.server.log.statemachine.data.sync.timeout.retry = -1 (default)
2020-06-09 10:29:08,764 [pool-35-thread-1] INFO  server.RaftServerConfigKeys (ConfUtils.java:logGet(44)) - raft.server.log.statemachine.data.caching.enabled = true (custom)
2020-06-09 10:29:08,770 [pool-35-thread-1] INFO  segmented.SegmentedRaftLogWorker (SegmentedRaftLogWorker.java:lambda$new$0(129)) - f19c8f7f-7f71-43a0-9f21-c8aa8ec0a160@group-C2D4063F12B4-SegmentedRaftLogWorker: flushIndex: setUnconditionally 0 -> -1
2020-06-09 10:29:08,770 [pool-35-thread-1] INFO  segmented.SegmentedRaftLogWorker (SegmentedRaftLogWorker.java:lambda$new$0(129)) - f19c8f7f-7f71-43a0-9f21-c8aa8ec0a160@group-C2D4063F12B4-SegmentedRaftLogWorker: safeCacheEvictIndex: setUnconditionally 0 -> -1
2020-06-09 10:29:08,775 [pool-35-thread-1] INFO  server.RaftServerConfigKeys (ConfUtils.java:logGet(44)) - raft.server.snapshot.auto.trigger.enabled = true (custom)
2020-06-09 10:29:08,776 [pool-35-thread-1] INFO  server.RaftServerConfigKeys (ConfUtils.java:logGet(44)) - raft.server.snapshot.auto.trigger.threshold = 10000 (custom)
2020-06-09 10:29:08,776 [pool-35-thread-1] INFO  server.RaftServerConfigKeys (ConfUtils.java:logGet(44)) - raft.server.snapshot.retention.file.num = 5 (custom)
2020-06-09 10:29:08,777 [pool-35-thread-1] INFO  server.RaftServerConfigKeys (ConfUtils.java:logGet(44)) - raft.server.log.purge.upto.snapshot.index = false (default)
2020-06-09 10:29:08,777 [pool-35-thread-1] INFO  server.RaftServerConfigKeys (ConfUtils.java:logGet(44)) - raft.server.retrycache.expirytime = 600000ms (custom)
2020-06-09 10:29:08,798 [pool-35-thread-1] INFO  metrics.RatisMetrics (RatisMetrics.java:lambda$create$0(36)) - Creating Metrics Registry : ratis.leader_election.f19c8f7f-7f71-43a0-9f21-c8aa8ec0a160@group-C2D4063F12B4
2020-06-09 10:29:08,801 [pool-35-thread-1] INFO  metrics.RatisMetrics (RatisMetrics.java:lambda$create$0(36)) - Creating Metrics Registry : ratis.server.f19c8f7f-7f71-43a0-9f21-c8aa8ec0a160@group-C2D4063F12B4
2020-06-09 10:29:08,805 [pool-35-thread-1] INFO  impl.RaftServerImpl (RaftServerImpl.java:start(186)) - f19c8f7f-7f71-43a0-9f21-c8aa8ec0a160@group-C2D4063F12B4: start as a follower, conf=-1: [f19c8f7f-7f71-43a0-9f21-c8aa8ec0a160:172.17.0.2:33881], old=null
2020-06-09 10:29:08,806 [pool-35-thread-1] INFO  impl.RaftServerImpl (RaftServerImpl.java:setRole(175)) - f19c8f7f-7f71-43a0-9f21-c8aa8ec0a160@group-C2D4063F12B4: changes role from      null to FOLLOWER at term 0 for startAsFollower
2020-06-09 10:29:08,819 [pool-35-thread-1] INFO  impl.RoleInfo (RoleInfo.java:updateAndGet(143)) - f19c8f7f-7f71-43a0-9f21-c8aa8ec0a160: start FollowerState
2020-06-09 10:29:08,824 [pool-35-thread-1] INFO  util.JmxRegister (JmxRegister.java:tryRegister(44)) - Successfully registered JMX Bean with object name Ratis:service=RaftServer,group=group-C2D4063F12B4,id=f19c8f7f-7f71-43a0-9f21-c8aa8ec0a160
2020-06-09 10:29:08,825 [pool-35-thread-1] INFO  metrics.RatisMetrics (RatisMetrics.java:lambda$create$0(36)) - Creating Metrics Registry : ratis.state_machine.f19c8f7f-7f71-43a0-9f21-c8aa8ec0a160@group-C2D4063F12B4
2020-06-09 10:29:08,840 [Command processor thread] INFO  impl.RaftServerProxy (RaftServerProxy.java:addNew(89)) - 4195d107-8053-4d3d-86a1-081a04d6e190: addNew group-4EC77E48120B:[4195d107-8053-4d3d-86a1-081a04d6e190:172.17.0.2:35423] returns group-4EC77E48120B:java.util.concurrent.CompletableFuture@11bf99d7[Not completed]
2020-06-09 10:29:08,867 [Command processor thread] INFO  commandhandler.CreatePipelineCommandHandler (CreatePipelineCommandHandler.java:handle(109)) - Created Pipeline RATIS ONE #id: "0e8df833-4424-4e69-a2ab-c2d4063f12b4"
.
2020-06-09 10:29:08,868 [Command processor thread] INFO  impl.RaftServerProxy (RaftServerProxy.java:addNew(89)) - f19c8f7f-7f71-43a0-9f21-c8aa8ec0a160: addNew group-FB546344901B:[f19c8f7f-7f71-43a0-9f21-c8aa8ec0a160:172.17.0.2:33881, c73bcb3f-4fc6-4b4e-af5e-d374dcf0479d:172.17.0.2:44855, 4195d107-8053-4d3d-86a1-081a04d6e190:172.17.0.2:35423] returns group-FB546344901B:java.util.concurrent.CompletableFuture@160d5de1[Not completed]
2020-06-09 10:29:08,872 [pool-51-thread-1] INFO  impl.RaftServerImpl (RaftServerImpl.java:<init>(99)) - 4195d107-8053-4d3d-86a1-081a04d6e190: new RaftServerImpl for group-4EC77E48120B:[4195d107-8053-4d3d-86a1-081a04d6e190:172.17.0.2:35423] with ContainerStateMachine:uninitialized
2020-06-09 10:29:08,873 [pool-51-thread-1] INFO  server.RaftServerConfigKeys (ConfUtils.java:logGet(44)) - raft.server.rpc.timeout.min = 5s (custom)
2020-06-09 10:29:08,873 [pool-51-thread-1] INFO  server.RaftServerConfigKeys (ConfUtils.java:logGet(44)) - raft.server.rpc.timeout.max = 5200ms (custom)
2020-06-09 10:29:08,873 [pool-51-thread-1] INFO  server.RaftServerConfigKeys (ConfUtils.java:logGet(44)) - raft.server.rpcslowness.timeout = 1000s (custom)
2020-06-09 10:29:08,873 [pool-51-thread-1] INFO  server.RaftServerConfigKeys (ConfUtils.java:logGet(44)) - raft.server.sleep.deviation.threshold = 300 (default)
2020-06-09 10:29:08,874 [pool-51-thread-1] INFO  server.RaftServerConfigKeys (ConfUtils.java:logGet(44)) - raft.server.log.appender.install.snapshot.enabled = false (custom)
2020-06-09 10:29:08,874 [pool-51-thread-1] INFO  impl.RaftServerImpl (ServerState.java:<init>(103)) - 4195d107-8053-4d3d-86a1-081a04d6e190@group-4EC77E48120B: ConfigurationManager, init=-1: [4195d107-8053-4d3d-86a1-081a04d6e190:172.17.0.2:35423], old=null, confs=<EMPTY_MAP>
2020-06-09 10:29:08,874 [pool-51-thread-1] INFO  server.RaftServerConfigKeys (ConfUtils.java:logGet(44)) - raft.server.storage.dir = [/github/workspace/mnt/ozone/hadoop-ozone/integration-test/target/test-dir/MiniOzoneClusterImpl-55c3c36b-df07-4797-ad76-ca669897d6c5/datanode-1/data/ratis] (custom)
2020-06-09 10:29:08,874 [pool-51-thread-1] INFO  server.RaftServerConfigKeys (ConfUtils.java:logGet(44)) - raft.server.log.corruption.policy = EXCEPTION (default)
2020-06-09 10:29:08,874 [pool-51-thread-1] INFO  storage.RaftStorageDirectory (RaftStorageDirectory.java:analyzeStorage(261)) - The storage directory /github/workspace/mnt/ozone/hadoop-ozone/integration-test/target/test-dir/MiniOzoneClusterImpl-55c3c36b-df07-4797-ad76-ca669897d6c5/datanode-1/data/ratis/ee92ba83-f1e9-4449-a2a7-4ec77e48120b does not exist. Creating ...
2020-06-09 10:29:08,876 [pool-51-thread-1] INFO  storage.RaftStorageDirectory (RaftStorageDirectory.java:tryLock(343)) - Lock on /github/workspace/mnt/ozone/hadoop-ozone/integration-test/target/test-dir/MiniOzoneClusterImpl-55c3c36b-df07-4797-ad76-ca669897d6c5/datanode-1/data/ratis/ee92ba83-f1e9-4449-a2a7-4ec77e48120b/in_use.lock acquired by nodename 20832@77cef2ee2629
2020-06-09 10:29:08,878 [pool-35-thread-1] INFO  impl.RaftServerImpl (RaftServerImpl.java:<init>(99)) - f19c8f7f-7f71-43a0-9f21-c8aa8ec0a160: new RaftServerImpl for group-FB546344901B:[f19c8f7f-7f71-43a0-9f21-c8aa8ec0a160:172.17.0.2:33881, c73bcb3f-4fc6-4b4e-af5e-d374dcf0479d:172.17.0.2:44855, 4195d107-8053-4d3d-86a1-081a04d6e190:172.17.0.2:35423] with ContainerStateMachine:uninitialized
2020-06-09 10:29:08,878 [pool-35-thread-1] INFO  server.RaftServerConfigKeys (ConfUtils.java:logGet(44)) - raft.server.rpc.timeout.min = 5s (custom)
2020-06-09 10:29:08,878 [pool-35-thread-1] INFO  server.RaftServerConfigKeys (ConfUtils.java:logGet(44)) - raft.server.rpc.timeout.max = 5200ms (custom)
2020-06-09 10:29:08,878 [pool-35-thread-1] INFO  server.RaftServerConfigKeys (ConfUtils.java:logGet(44)) - raft.server.rpcslowness.timeout = 1000s (custom)
2020-06-09 10:29:08,878 [pool-35-thread-1] INFO  server.RaftServerConfigKeys (ConfUtils.java:logGet(44)) - raft.server.sleep.deviation.threshold = 300 (default)
2020-06-09 10:29:08,878 [pool-35-thread-1] INFO  server.RaftServerConfigKeys (ConfUtils.java:logGet(44)) - raft.server.log.appender.install.snapshot.enabled = false (custom)
2020-06-09 10:29:08,879 [pool-35-thread-1] INFO  impl.RaftServerImpl (ServerState.java:<init>(103)) - f19c8f7f-7f71-43a0-9f21-c8aa8ec0a160@group-FB546344901B: ConfigurationManager, init=-1: [f19c8f7f-7f71-43a0-9f21-c8aa8ec0a160:172.17.0.2:33881, c73bcb3f-4fc6-4b4e-af5e-d374dcf0479d:172.17.0.2:44855, 4195d107-8053-4d3d-86a1-081a04d6e190:172.17.0.2:35423], old=null, confs=<EMPTY_MAP>
2020-06-09 10:29:08,879 [pool-35-thread-1] INFO  server.RaftServerConfigKeys (ConfUtils.java:logGet(44)) - raft.server.storage.dir = [/github/workspace/mnt/ozone/hadoop-ozone/integration-test/target/test-dir/MiniOzoneClusterImpl-55c3c36b-df07-4797-ad76-ca669897d6c5/datanode-0/data/ratis] (custom)
2020-06-09 10:29:08,879 [pool-35-thread-1] INFO  server.RaftServerConfigKeys (ConfUtils.java:logGet(44)) - raft.server.log.corruption.policy = EXCEPTION (default)
2020-06-09 10:29:08,879 [pool-35-thread-1] INFO  storage.RaftStorageDirectory (RaftStorageDirectory.java:analyzeStorage(261)) - The storage directory /github/workspace/mnt/ozone/hadoop-ozone/integration-test/target/test-dir/MiniOzoneClusterImpl-55c3c36b-df07-4797-ad76-ca669897d6c5/datanode-0/data/ratis/a8bb2aae-6b86-409f-ade9-fb546344901b does not exist. Creating ...
2020-06-09 10:29:08,879 [pool-51-thread-1] INFO  storage.RaftStorage (RaftStorage.java:format(84)) - Storage directory /github/workspace/mnt/ozone/hadoop-ozone/integration-test/target/test-dir/MiniOzoneClusterImpl-55c3c36b-df07-4797-ad76-ca669897d6c5/datanode-1/data/ratis/ee92ba83-f1e9-4449-a2a7-4ec77e48120b has been successfully formatted.
2020-06-09 10:29:08,881 [pool-35-thread-1] INFO  storage.RaftStorageDirectory (RaftStorageDirectory.java:tryLock(343)) - Lock on /github/workspace/mnt/ozone/hadoop-ozone/integration-test/target/test-dir/MiniOzoneClusterImpl-55c3c36b-df07-4797-ad76-ca669897d6c5/datanode-0/data/ratis/a8bb2aae-6b86-409f-ade9-fb546344901b/in_use.lock acquired by nodename 20832@77cef2ee2629
2020-06-09 10:29:08,880 [pool-51-thread-1] INFO  ratis.ContainerStateMachine (ContainerStateMachine.java:loadSnapshot(226)) - group-4EC77E48120B: The snapshot info is null. Setting the last applied indexto:(t:0, i:~)
2020-06-09 10:29:08,881 [pool-51-thread-1] INFO  server.RaftServerConfigKeys (ConfUtils.java:logGet(44)) - raft.server.notification.no-leader.timeout = 60s (default)
2020-06-09 10:29:08,881 [pool-51-thread-1] INFO  server.RaftServerConfigKeys (ConfUtils.java:logGet(44)) - raft.server.log.use.memory = false (default)
2020-06-09 10:29:08,881 [pool-51-thread-1] INFO  server.RaftServerConfigKeys (ConfUtils.java:logGet(44)) - raft.server.log.purge.gap = 1000000 (custom)
2020-06-09 10:29:08,882 [pool-51-thread-1] INFO  server.RaftServerConfigKeys (ConfUtils.java:logGet(44)) - raft.server.log.appender.buffer.byte-limit = 33554432 (custom)
2020-06-09 10:29:08,882 [pool-51-thread-1] INFO  server.RaftServerConfigKeys (ConfUtils.java:logGet(44)) - raft.server.log.segment.size.max = 1048576 (custom)
2020-06-09 10:29:08,883 [pool-35-thread-1] INFO  storage.RaftStorage (RaftStorage.java:format(84)) - Storage directory /github/workspace/mnt/ozone/hadoop-ozone/integration-test/target/test-dir/MiniOzoneClusterImpl-55c3c36b-df07-4797-ad76-ca669897d6c5/datanode-0/data/ratis/a8bb2aae-6b86-409f-ade9-fb546344901b has been successfully formatted.
2020-06-09 10:29:08,883 [pool-35-thread-1] INFO  ratis.ContainerStateMachine (ContainerStateMachine.java:loadSnapshot(226)) - group-FB546344901B: The snapshot info is null. Setting the last applied indexto:(t:0, i:~)
2020-06-09 10:29:08,883 [pool-35-thread-1] INFO  server.RaftServerConfigKeys (ConfUtils.java:logGet(44)) - raft.server.notification.no-leader.timeout = 60s (default)
2020-06-09 10:29:08,883 [pool-35-thread-1] INFO  server.RaftServerConfigKeys (ConfUtils.java:logGet(44)) - raft.server.log.use.memory = false (default)
2020-06-09 10:29:08,883 [pool-35-thread-1] INFO  server.RaftServerConfigKeys (ConfUtils.java:logGet(44)) - raft.server.log.purge.gap = 1000000 (custom)
2020-06-09 10:29:08,883 [pool-35-thread-1] INFO  server.RaftServerConfigKeys (ConfUtils.java:logGet(44)) - raft.server.log.appender.buffer.byte-limit = 33554432 (custom)
2020-06-09 10:29:08,883 [pool-35-thread-1] INFO  server.RaftServerConfigKeys (ConfUtils.java:logGet(44)) - raft.server.log.segment.size.max = 1048576 (custom)
2020-06-09 10:29:08,884 [pool-35-thread-1] INFO  metrics.RatisMetrics (RatisMetrics.java:lambda$create$0(36)) - Creating Metrics Registry : ratis.log_worker.f19c8f7f-7f71-43a0-9f21-c8aa8ec0a160@group-FB546344901B
2020-06-09 10:29:08,884 [pool-35-thread-1] INFO  server.RaftServerConfigKeys (ConfUtils.java:logGet(44)) - raft.server.log.segment.cache.num.max = 2 (custom)
2020-06-09 10:29:08,884 [pool-35-thread-1] INFO  segmented.SegmentedRaftLogWorker (SegmentedRaftLogWorker.java:<init>(180)) - new f19c8f7f-7f71-43a0-9f21-c8aa8ec0a160@group-FB546344901B-SegmentedRaftLogWorker for RaftStorage:Storage Directory /github/workspace/mnt/ozone/hadoop-ozone/integration-test/target/test-dir/MiniOzoneClusterImpl-55c3c36b-df07-4797-ad76-ca669897d6c5/datanode-0/data/ratis/a8bb2aae-6b86-409f-ade9-fb546344901b
2020-06-09 10:29:08,884 [pool-35-thread-1] INFO  server.RaftServerConfigKeys (ConfUtils.java:logGet(44)) - raft.server.log.queue.byte-limit = 2147483647 (custom)
2020-06-09 10:29:08,884 [pool-35-thread-1] INFO  server.RaftServerConfigKeys (ConfUtils.java:logGet(44)) - raft.server.log.queue.element-limit = 1024 (custom)
2020-06-09 10:29:08,884 [pool-35-thread-1] INFO  server.RaftServerConfigKeys (ConfUtils.java:logGet(44)) - raft.server.log.segment.size.max = 1048576 (custom)
2020-06-09 10:29:08,884 [pool-35-thread-1] INFO  server.RaftServerConfigKeys (ConfUtils.java:logGet(44)) - raft.server.log.preallocated.size = 16384 (custom)
2020-06-09 10:29:08,884 [pool-35-thread-1] INFO  server.RaftServerConfigKeys (ConfUtils.java:logGet(44)) - raft.server.log.write.buffer.size = 1048576 (custom)
2020-06-09 10:29:08,884 [pool-35-thread-1] INFO  server.RaftServerConfigKeys (ConfUtils.java:logGet(44)) - raft.server.log.force.sync.num = 128 (default)
2020-06-09 10:29:08,884 [pool-35-thread-1] INFO  server.RaftServerConfigKeys (ConfUtils.java:logGet(44)) - raft.server.log.statemachine.data.sync = true (default)
2020-06-09 10:29:08,885 [pool-35-thread-1] INFO  server.RaftServerConfigKeys (ConfUtils.java:logGet(44)) - raft.server.log.statemachine.data.sync.timeout = 10s (default)
2020-06-09 10:29:08,885 [pool-35-thread-1] INFO  server.RaftServerConfigKeys (ConfUtils.java:logGet(44)) - raft.server.log.statemachine.data.sync.timeout.retry = -1 (default)
2020-06-09 10:29:08,886 [pool-35-thread-1] INFO  server.RaftServerConfigKeys (ConfUtils.java:logGet(44)) - raft.server.log.statemachine.data.caching.enabled = true (custom)
2020-06-09 10:29:08,886 [pool-35-thread-1] INFO  segmented.SegmentedRaftLogWorker (SegmentedRaftLogWorker.java:lambda$new$0(129)) - f19c8f7f-7f71-43a0-9f21-c8aa8ec0a160@group-FB546344901B-SegmentedRaftLogWorker: flushIndex: setUnconditionally 0 -> -1
2020-06-09 10:29:08,886 [pool-35-thread-1] INFO  segmented.SegmentedRaftLogWorker (SegmentedRaftLogWorker.java:lambda$new$0(129)) - f19c8f7f-7f71-43a0-9f21-c8aa8ec0a160@group-FB546344901B-SegmentedRaftLogWorker: safeCacheEvictIndex: setUnconditionally 0 -> -1
2020-06-09 10:29:08,882 [pool-51-thread-1] INFO  metrics.RatisMetrics (RatisMetrics.java:lambda$create$0(36)) - Creating Metrics Registry : ratis.log_worker.4195d107-8053-4d3d-86a1-081a04d6e190@group-4EC77E48120B
2020-06-09 10:29:08,887 [pool-51-thread-1] INFO  server.RaftServerConfigKeys (ConfUtils.java:logGet(44)) - raft.server.log.segment.cache.num.max = 2 (custom)
2020-06-09 10:29:08,888 [EventQueue-PipelineReportForPipelineReportHandler] INFO  pipeline.PipelineStateManager (PipelineStateManager.java:openPipeline(131)) - Pipeline Pipeline[ Id: ee92ba83-f1e9-4449-a2a7-4ec77e48120b, Nodes: 4195d107-8053-4d3d-86a1-081a04d6e190{ip: 172.17.0.2, host: 77cef2ee2629, networkLocation: /default-rack, certSerialId: null}, Type:RATIS, Factor:ONE, State:ALLOCATED, leaderId:4195d107-8053-4d3d-86a1-081a04d6e190, CreationTimestamp2020-06-09T10:29:05.840Z] moved to OPEN state
2020-06-09 10:29:08,888 [pool-35-thread-1] INFO  server.RaftServerConfigKeys (ConfUtils.java:logGet(44)) - raft.server.snapshot.auto.trigger.enabled = true (custom)
2020-06-09 10:29:08,888 [pool-35-thread-1] INFO  server.RaftServerConfigKeys (ConfUtils.java:logGet(44)) - raft.server.snapshot.auto.trigger.threshold = 10000 (custom)
2020-06-09 10:29:08,888 [pool-35-thread-1] INFO  server.RaftServerConfigKeys (ConfUtils.java:logGet(44)) - raft.server.snapshot.retention.file.num = 5 (custom)
2020-06-09 10:29:08,888 [pool-35-thread-1] INFO  server.RaftServerConfigKeys (ConfUtils.java:logGet(44)) - raft.server.log.purge.upto.snapshot.index = false (default)
2020-06-09 10:29:08,888 [EventQueue-OpenPipelineForOneReplicaPipelineSafeModeRule] INFO  safemode.SCMSafeModeManager (SCMSafeModeManager.java:validateSafeModeExitRules(213)) - AtleastOneDatanodeReportedRule rule is successfully validated
2020-06-09 10:29:08,888 [EventQueue-OpenPipelineForHealthyPipelineSafeModeRule] INFO  safemode.SCMSafeModeManager (HealthyPipelineSafeModeRule.java:process(132)) - SCM in safe mode. Healthy pipelines reported count is 0, required healthy pipeline reported count is 1
2020-06-09 10:29:08,888 [pool-35-thread-1] INFO  server.RaftServerConfigKeys (ConfUtils.java:logGet(44)) - raft.server.retrycache.expirytime = 600000ms (custom)
2020-06-09 10:29:08,889 [pool-35-thread-1] INFO  metrics.RatisMetrics (RatisMetrics.java:lambda$create$0(36)) - Creating Metrics Registry : ratis.leader_election.f19c8f7f-7f71-43a0-9f21-c8aa8ec0a160@group-FB546344901B
2020-06-09 10:29:08,887 [pool-51-thread-1] INFO  segmented.SegmentedRaftLogWorker (SegmentedRaftLogWorker.java:<init>(180)) - new 4195d107-8053-4d3d-86a1-081a04d6e190@group-4EC77E48120B-SegmentedRaftLogWorker for RaftStorage:Storage Directory /github/workspace/mnt/ozone/hadoop-ozone/integration-test/target/test-dir/MiniOzoneClusterImpl-55c3c36b-df07-4797-ad76-ca669897d6c5/datanode-1/data/ratis/ee92ba83-f1e9-4449-a2a7-4ec77e48120b
2020-06-09 10:29:08,889 [pool-51-thread-1] INFO  server.RaftServerConfigKeys (ConfUtils.java:logGet(44)) - raft.server.log.queue.byte-limit = 2147483647 (custom)
2020-06-09 10:29:08,889 [pool-51-thread-1] INFO  server.RaftServerConfigKeys (ConfUtils.java:logGet(44)) - raft.server.log.queue.element-limit = 1024 (custom)
2020-06-09 10:29:08,889 [pool-51-thread-1] INFO  server.RaftServerConfigKeys (ConfUtils.java:logGet(44)) - raft.server.log.segment.size.max = 1048576 (custom)
2020-06-09 10:29:08,890 [pool-51-thread-1] INFO  server.RaftServerConfigKeys (ConfUtils.java:logGet(44)) - raft.server.log.preallocated.size = 16384 (custom)
2020-06-09 10:29:08,890 [pool-51-thread-1] INFO  server.RaftServerConfigKeys (ConfUtils.java:logGet(44)) - raft.server.log.write.buffer.size = 1048576 (custom)
2020-06-09 10:29:08,890 [pool-51-thread-1] INFO  server.RaftServerConfigKeys (ConfUtils.java:logGet(44)) - raft.server.log.force.sync.num = 128 (default)
2020-06-09 10:29:08,890 [pool-51-thread-1] INFO  server.RaftServerConfigKeys (ConfUtils.java:logGet(44)) - raft.server.log.statemachine.data.sync = true (default)
2020-06-09 10:29:08,890 [pool-51-thread-1] INFO  server.RaftServerConfigKeys (ConfUtils.java:logGet(44)) - raft.server.log.statemachine.data.sync.timeout = 10s (default)
2020-06-09 10:29:08,890 [pool-51-thread-1] INFO  server.RaftServerConfigKeys (ConfUtils.java:logGet(44)) - raft.server.log.statemachine.data.sync.timeout.retry = -1 (default)
2020-06-09 10:29:08,893 [pool-51-thread-1] INFO  server.RaftServerConfigKeys (ConfUtils.java:logGet(44)) - raft.server.log.statemachine.data.caching.enabled = true (custom)
2020-06-09 10:29:08,895 [pool-51-thread-1] INFO  segmented.SegmentedRaftLogWorker (SegmentedRaftLogWorker.java:lambda$new$0(129)) - 4195d107-8053-4d3d-86a1-081a04d6e190@group-4EC77E48120B-SegmentedRaftLogWorker: flushIndex: setUnconditionally 0 -> -1
2020-06-09 10:29:08,895 [pool-51-thread-1] INFO  segmented.SegmentedRaftLogWorker (SegmentedRaftLogWorker.java:lambda$new$0(129)) - 4195d107-8053-4d3d-86a1-081a04d6e190@group-4EC77E48120B-SegmentedRaftLogWorker: safeCacheEvictIndex: setUnconditionally 0 -> -1
2020-06-09 10:29:08,894 [pool-35-thread-1] INFO  metrics.RatisMetrics (RatisMetrics.java:lambda$create$0(36)) - Creating Metrics Registry : ratis.server.f19c8f7f-7f71-43a0-9f21-c8aa8ec0a160@group-FB546344901B
2020-06-09 10:29:08,897 [pool-35-thread-1] INFO  impl.RaftServerImpl (RaftServerImpl.java:start(186)) - f19c8f7f-7f71-43a0-9f21-c8aa8ec0a160@group-FB546344901B: start as a follower, conf=-1: [f19c8f7f-7f71-43a0-9f21-c8aa8ec0a160:172.17.0.2:33881, c73bcb3f-4fc6-4b4e-af5e-d374dcf0479d:172.17.0.2:44855, 4195d107-8053-4d3d-86a1-081a04d6e190:172.17.0.2:35423], old=null
2020-06-09 10:29:08,899 [pool-35-thread-1] INFO  impl.RaftServerImpl (RaftServerImpl.java:setRole(175)) - f19c8f7f-7f71-43a0-9f21-c8aa8ec0a160@group-FB546344901B: changes role from      null to FOLLOWER at term 0 for startAsFollower
2020-06-09 10:29:08,899 [pool-51-thread-1] INFO  server.RaftServerConfigKeys (ConfUtils.java:logGet(44)) - raft.server.snapshot.auto.trigger.enabled = true (custom)
2020-06-09 10:29:08,899 [pool-51-thread-1] INFO  server.RaftServerConfigKeys (ConfUtils.java:logGet(44)) - raft.server.snapshot.auto.trigger.threshold = 10000 (custom)
2020-06-09 10:29:08,899 [pool-51-thread-1] INFO  server.RaftServerConfigKeys (ConfUtils.java:logGet(44)) - raft.server.snapshot.retention.file.num = 5 (custom)
2020-06-09 10:29:08,899 [pool-51-thread-1] INFO  server.RaftServerConfigKeys (ConfUtils.java:logGet(44)) - raft.server.log.purge.upto.snapshot.index = false (default)
2020-06-09 10:29:08,900 [pool-51-thread-1] INFO  server.RaftServerConfigKeys (ConfUtils.java:logGet(44)) - raft.server.retrycache.expirytime = 600000ms (custom)
2020-06-09 10:29:08,900 [pool-51-thread-1] INFO  metrics.RatisMetrics (RatisMetrics.java:lambda$create$0(36)) - Creating Metrics Registry : ratis.leader_election.4195d107-8053-4d3d-86a1-081a04d6e190@group-4EC77E48120B
2020-06-09 10:29:08,900 [pool-51-thread-1] INFO  metrics.RatisMetrics (RatisMetrics.java:lambda$create$0(36)) - Creating Metrics Registry : ratis.server.4195d107-8053-4d3d-86a1-081a04d6e190@group-4EC77E48120B
2020-06-09 10:29:08,901 [pool-51-thread-1] INFO  impl.RaftServerImpl (RaftServerImpl.java:start(186)) - 4195d107-8053-4d3d-86a1-081a04d6e190@group-4EC77E48120B: start as a follower, conf=-1: [4195d107-8053-4d3d-86a1-081a04d6e190:172.17.0.2:35423], old=null
2020-06-09 10:29:08,901 [pool-51-thread-1] INFO  impl.RaftServerImpl (RaftServerImpl.java:setRole(175)) - 4195d107-8053-4d3d-86a1-081a04d6e190@group-4EC77E48120B: changes role from      null to FOLLOWER at term 0 for startAsFollower
2020-06-09 10:29:08,900 [pool-35-thread-1] INFO  impl.RoleInfo (RoleInfo.java:updateAndGet(143)) - f19c8f7f-7f71-43a0-9f21-c8aa8ec0a160: start FollowerState
2020-06-09 10:29:08,902 [pool-51-thread-1] INFO  impl.RoleInfo (RoleInfo.java:updateAndGet(143)) - 4195d107-8053-4d3d-86a1-081a04d6e190: start FollowerState
2020-06-09 10:29:08,907 [pool-35-thread-1] INFO  util.JmxRegister (JmxRegister.java:tryRegister(44)) - Successfully registered JMX Bean with object name Ratis:service=RaftServer,group=group-FB546344901B,id=f19c8f7f-7f71-43a0-9f21-c8aa8ec0a160
2020-06-09 10:29:08,907 [pool-35-thread-1] INFO  metrics.RatisMetrics (RatisMetrics.java:lambda$create$0(36)) - Creating Metrics Registry : ratis.state_machine.f19c8f7f-7f71-43a0-9f21-c8aa8ec0a160@group-FB546344901B
2020-06-09 10:29:08,908 [pool-51-thread-1] INFO  util.JmxRegister (JmxRegister.java:tryRegister(44)) - Successfully registered JMX Bean with object name Ratis:service=RaftServer,group=group-4EC77E48120B,id=4195d107-8053-4d3d-86a1-081a04d6e190
2020-06-09 10:29:08,914 [pool-51-thread-1] INFO  metrics.RatisMetrics (RatisMetrics.java:lambda$create$0(36)) - Creating Metrics Registry : ratis.state_machine.4195d107-8053-4d3d-86a1-081a04d6e190@group-4EC77E48120B
2020-06-09 10:29:08,921 [Command processor thread] INFO  commandhandler.CreatePipelineCommandHandler (CreatePipelineCommandHandler.java:handle(109)) - Created Pipeline RATIS ONE #id: "ee92ba83-f1e9-4449-a2a7-4ec77e48120b"
.
2020-06-09 10:29:08,926 [Command processor thread] INFO  impl.RaftServerProxy (RaftServerProxy.java:addNew(89)) - 4195d107-8053-4d3d-86a1-081a04d6e190: addNew group-FB546344901B:[f19c8f7f-7f71-43a0-9f21-c8aa8ec0a160:172.17.0.2:33881, c73bcb3f-4fc6-4b4e-af5e-d374dcf0479d:172.17.0.2:44855, 4195d107-8053-4d3d-86a1-081a04d6e190:172.17.0.2:35423] returns group-FB546344901B:java.util.concurrent.CompletableFuture@15800f38[Not completed]
2020-06-09 10:29:08,928 [pool-51-thread-1] INFO  impl.RaftServerImpl (RaftServerImpl.java:<init>(99)) - 4195d107-8053-4d3d-86a1-081a04d6e190: new RaftServerImpl for group-FB546344901B:[f19c8f7f-7f71-43a0-9f21-c8aa8ec0a160:172.17.0.2:33881, c73bcb3f-4fc6-4b4e-af5e-d374dcf0479d:172.17.0.2:44855, 4195d107-8053-4d3d-86a1-081a04d6e190:172.17.0.2:35423] with ContainerStateMachine:uninitialized
2020-06-09 10:29:08,929 [pool-51-thread-1] INFO  server.RaftServerConfigKeys (ConfUtils.java:logGet(44)) - raft.server.rpc.timeout.min = 5s (custom)
2020-06-09 10:29:08,929 [pool-51-thread-1] INFO  server.RaftServerConfigKeys (ConfUtils.java:logGet(44)) - raft.server.rpc.timeout.max = 5200ms (custom)
2020-06-09 10:29:08,929 [pool-51-thread-1] INFO  server.RaftServerConfigKeys (ConfUtils.java:logGet(44)) - raft.server.rpcslowness.timeout = 1000s (custom)
2020-06-09 10:29:08,929 [pool-51-thread-1] INFO  server.RaftServerConfigKeys (ConfUtils.java:logGet(44)) - raft.server.sleep.deviation.threshold = 300 (default)
2020-06-09 10:29:08,929 [pool-51-thread-1] INFO  server.RaftServerConfigKeys (ConfUtils.java:logGet(44)) - raft.server.log.appender.install.snapshot.enabled = false (custom)
2020-06-09 10:29:08,929 [pool-51-thread-1] INFO  impl.RaftServerImpl (ServerState.java:<init>(103)) - 4195d107-8053-4d3d-86a1-081a04d6e190@group-FB546344901B: ConfigurationManager, init=-1: [f19c8f7f-7f71-43a0-9f21-c8aa8ec0a160:172.17.0.2:33881, c73bcb3f-4fc6-4b4e-af5e-d374dcf0479d:172.17.0.2:44855, 4195d107-8053-4d3d-86a1-081a04d6e190:172.17.0.2:35423], old=null, confs=<EMPTY_MAP>
2020-06-09 10:29:08,929 [pool-51-thread-1] INFO  server.RaftServerConfigKeys (ConfUtils.java:logGet(44)) - raft.server.storage.dir = [/github/workspace/mnt/ozone/hadoop-ozone/integration-test/target/test-dir/MiniOzoneClusterImpl-55c3c36b-df07-4797-ad76-ca669897d6c5/datanode-1/data/ratis] (custom)
2020-06-09 10:29:08,929 [pool-51-thread-1] INFO  server.RaftServerConfigKeys (ConfUtils.java:logGet(44)) - raft.server.log.corruption.policy = EXCEPTION (default)
2020-06-09 10:29:08,929 [pool-51-thread-1] INFO  storage.RaftStorageDirectory (RaftStorageDirectory.java:analyzeStorage(261)) - The storage directory /github/workspace/mnt/ozone/hadoop-ozone/integration-test/target/test-dir/MiniOzoneClusterImpl-55c3c36b-df07-4797-ad76-ca669897d6c5/datanode-1/data/ratis/a8bb2aae-6b86-409f-ade9-fb546344901b does not exist. Creating ...
2020-06-09 10:29:08,931 [pool-51-thread-1] INFO  storage.RaftStorageDirectory (RaftStorageDirectory.java:tryLock(343)) - Lock on /github/workspace/mnt/ozone/hadoop-ozone/integration-test/target/test-dir/MiniOzoneClusterImpl-55c3c36b-df07-4797-ad76-ca669897d6c5/datanode-1/data/ratis/a8bb2aae-6b86-409f-ade9-fb546344901b/in_use.lock acquired by nodename 20832@77cef2ee2629
2020-06-09 10:29:08,933 [pool-51-thread-1] INFO  storage.RaftStorage (RaftStorage.java:format(84)) - Storage directory /github/workspace/mnt/ozone/hadoop-ozone/integration-test/target/test-dir/MiniOzoneClusterImpl-55c3c36b-df07-4797-ad76-ca669897d6c5/datanode-1/data/ratis/a8bb2aae-6b86-409f-ade9-fb546344901b has been successfully formatted.
2020-06-09 10:29:08,933 [pool-51-thread-1] INFO  ratis.ContainerStateMachine (ContainerStateMachine.java:loadSnapshot(226)) - group-FB546344901B: The snapshot info is null. Setting the last applied indexto:(t:0, i:~)
2020-06-09 10:29:08,933 [pool-51-thread-1] INFO  server.RaftServerConfigKeys (ConfUtils.java:logGet(44)) - raft.server.notification.no-leader.timeout = 60s (default)
2020-06-09 10:29:08,933 [pool-51-thread-1] INFO  server.RaftServerConfigKeys (ConfUtils.java:logGet(44)) - raft.server.log.use.memory = false (default)
2020-06-09 10:29:08,933 [pool-51-thread-1] INFO  server.RaftServerConfigKeys (ConfUtils.java:logGet(44)) - raft.server.log.purge.gap = 1000000 (custom)
2020-06-09 10:29:08,933 [pool-51-thread-1] INFO  server.RaftServerConfigKeys (ConfUtils.java:logGet(44)) - raft.server.log.appender.buffer.byte-limit = 33554432 (custom)
2020-06-09 10:29:08,934 [pool-51-thread-1] INFO  server.RaftServerConfigKeys (ConfUtils.java:logGet(44)) - raft.server.log.segment.size.max = 1048576 (custom)
2020-06-09 10:29:08,934 [pool-51-thread-1] INFO  metrics.RatisMetrics (RatisMetrics.java:lambda$create$0(36)) - Creating Metrics Registry : ratis.log_worker.4195d107-8053-4d3d-86a1-081a04d6e190@group-FB546344901B
2020-06-09 10:29:08,934 [pool-51-thread-1] INFO  server.RaftServerConfigKeys (ConfUtils.java:logGet(44)) - raft.server.log.segment.cache.num.max = 2 (custom)
2020-06-09 10:29:08,934 [pool-51-thread-1] INFO  segmented.SegmentedRaftLogWorker (SegmentedRaftLogWorker.java:<init>(180)) - new 4195d107-8053-4d3d-86a1-081a04d6e190@group-FB546344901B-SegmentedRaftLogWorker for RaftStorage:Storage Directory /github/workspace/mnt/ozone/hadoop-ozone/integration-test/target/test-dir/MiniOzoneClusterImpl-55c3c36b-df07-4797-ad76-ca669897d6c5/datanode-1/data/ratis/a8bb2aae-6b86-409f-ade9-fb546344901b
2020-06-09 10:29:08,934 [pool-51-thread-1] INFO  server.RaftServerConfigKeys (ConfUtils.java:logGet(44)) - raft.server.log.queue.byte-limit = 2147483647 (custom)
2020-06-09 10:29:08,934 [pool-51-thread-1] INFO  server.RaftServerConfigKeys (ConfUtils.java:logGet(44)) - raft.server.log.queue.element-limit = 1024 (custom)
2020-06-09 10:29:08,934 [pool-51-thread-1] INFO  server.RaftServerConfigKeys (ConfUtils.java:logGet(44)) - raft.server.log.segment.size.max = 1048576 (custom)
2020-06-09 10:29:08,934 [pool-51-thread-1] INFO  server.RaftServerConfigKeys (ConfUtils.java:logGet(44)) - raft.server.log.preallocated.size = 16384 (custom)
2020-06-09 10:29:08,934 [pool-51-thread-1] INFO  server.RaftServerConfigKeys (ConfUtils.java:logGet(44)) - raft.server.log.write.buffer.size = 1048576 (custom)
2020-06-09 10:29:08,934 [pool-51-thread-1] INFO  server.RaftServerConfigKeys (ConfUtils.java:logGet(44)) - raft.server.log.force.sync.num = 128 (default)
2020-06-09 10:29:08,935 [pool-51-thread-1] INFO  server.RaftServerConfigKeys (ConfUtils.java:logGet(44)) - raft.server.log.statemachine.data.sync = true (default)
2020-06-09 10:29:08,935 [pool-51-thread-1] INFO  server.RaftServerConfigKeys (ConfUtils.java:logGet(44)) - raft.server.log.statemachine.data.sync.timeout = 10s (default)
2020-06-09 10:29:08,935 [pool-51-thread-1] INFO  server.RaftServerConfigKeys (ConfUtils.java:logGet(44)) - raft.server.log.statemachine.data.sync.timeout.retry = -1 (default)
2020-06-09 10:29:08,936 [pool-51-thread-1] INFO  server.RaftServerConfigKeys (ConfUtils.java:logGet(44)) - raft.server.log.statemachine.data.caching.enabled = true (custom)
2020-06-09 10:29:08,943 [pool-51-thread-1] INFO  segmented.SegmentedRaftLogWorker (SegmentedRaftLogWorker.java:lambda$new$0(129)) - 4195d107-8053-4d3d-86a1-081a04d6e190@group-FB546344901B-SegmentedRaftLogWorker: flushIndex: setUnconditionally 0 -> -1
2020-06-09 10:29:08,943 [pool-51-thread-1] INFO  segmented.SegmentedRaftLogWorker (SegmentedRaftLogWorker.java:lambda$new$0(129)) - 4195d107-8053-4d3d-86a1-081a04d6e190@group-FB546344901B-SegmentedRaftLogWorker: safeCacheEvictIndex: setUnconditionally 0 -> -1
2020-06-09 10:29:08,948 [pool-51-thread-1] INFO  server.RaftServerConfigKeys (ConfUtils.java:logGet(44)) - raft.server.snapshot.auto.trigger.enabled = true (custom)
2020-06-09 10:29:08,948 [pool-51-thread-1] INFO  server.RaftServerConfigKeys (ConfUtils.java:logGet(44)) - raft.server.snapshot.auto.trigger.threshold = 10000 (custom)
2020-06-09 10:29:08,948 [pool-51-thread-1] INFO  server.RaftServerConfigKeys (ConfUtils.java:logGet(44)) - raft.server.snapshot.retention.file.num = 5 (custom)
2020-06-09 10:29:08,948 [pool-51-thread-1] INFO  server.RaftServerConfigKeys (ConfUtils.java:logGet(44)) - raft.server.log.purge.upto.snapshot.index = false (default)
2020-06-09 10:29:08,948 [pool-51-thread-1] INFO  server.RaftServerConfigKeys (ConfUtils.java:logGet(44)) - raft.server.retrycache.expirytime = 600000ms (custom)
2020-06-09 10:29:08,948 [pool-51-thread-1] INFO  metrics.RatisMetrics (RatisMetrics.java:lambda$create$0(36)) - Creating Metrics Registry : ratis.leader_election.4195d107-8053-4d3d-86a1-081a04d6e190@group-FB546344901B
2020-06-09 10:29:08,949 [pool-51-thread-1] INFO  metrics.RatisMetrics (RatisMetrics.java:lambda$create$0(36)) - Creating Metrics Registry : ratis.server.4195d107-8053-4d3d-86a1-081a04d6e190@group-FB546344901B
2020-06-09 10:29:08,949 [pool-51-thread-1] INFO  impl.RaftServerImpl (RaftServerImpl.java:start(186)) - 4195d107-8053-4d3d-86a1-081a04d6e190@group-FB546344901B: start as a follower, conf=-1: [f19c8f7f-7f71-43a0-9f21-c8aa8ec0a160:172.17.0.2:33881, c73bcb3f-4fc6-4b4e-af5e-d374dcf0479d:172.17.0.2:44855, 4195d107-8053-4d3d-86a1-081a04d6e190:172.17.0.2:35423], old=null
2020-06-09 10:29:08,950 [pool-51-thread-1] INFO  impl.RaftServerImpl (RaftServerImpl.java:setRole(175)) - 4195d107-8053-4d3d-86a1-081a04d6e190@group-FB546344901B: changes role from      null to FOLLOWER at term 0 for startAsFollower
2020-06-09 10:29:08,950 [pool-51-thread-1] INFO  impl.RoleInfo (RoleInfo.java:updateAndGet(143)) - 4195d107-8053-4d3d-86a1-081a04d6e190: start FollowerState
2020-06-09 10:29:08,960 [pool-51-thread-1] INFO  util.JmxRegister (JmxRegister.java:tryRegister(44)) - Successfully registered JMX Bean with object name Ratis:service=RaftServer,group=group-FB546344901B,id=4195d107-8053-4d3d-86a1-081a04d6e190
2020-06-09 10:29:08,961 [pool-51-thread-1] INFO  metrics.RatisMetrics (RatisMetrics.java:lambda$create$0(36)) - Creating Metrics Registry : ratis.state_machine.4195d107-8053-4d3d-86a1-081a04d6e190@group-FB546344901B
2020-06-09 10:29:08,973 [Listener at 127.0.0.1/39135] INFO  ozone.MiniOzoneClusterImpl (MiniOzoneClusterImpl.java:lambda$waitForClusterToBeReady$0(177)) - Nodes are ready. Got 3 of 3 DN Heartbeats.
2020-06-09 10:29:08,973 [Listener at 127.0.0.1/39135] INFO  ozone.MiniOzoneClusterImpl (MiniOzoneClusterImpl.java:lambda$waitForClusterToBeReady$0(180)) - Waiting for cluster to exit safe mode
2020-06-09 10:29:09,004 [Command processor thread] INFO  impl.RaftServerProxy (RaftServerProxy.java:addNew(89)) - c73bcb3f-4fc6-4b4e-af5e-d374dcf0479d: addNew group-EB3C52AD4EEE:[c73bcb3f-4fc6-4b4e-af5e-d374dcf0479d:172.17.0.2:44855] returns group-EB3C52AD4EEE:java.util.concurrent.CompletableFuture@352838ee[Not completed]
2020-06-09 10:29:09,014 [pool-67-thread-1] INFO  impl.RaftServerImpl (RaftServerImpl.java:<init>(99)) - c73bcb3f-4fc6-4b4e-af5e-d374dcf0479d: new RaftServerImpl for group-EB3C52AD4EEE:[c73bcb3f-4fc6-4b4e-af5e-d374dcf0479d:172.17.0.2:44855] with ContainerStateMachine:uninitialized
2020-06-09 10:29:09,018 [pool-67-thread-1] INFO  server.RaftServerConfigKeys (ConfUtils.java:logGet(44)) - raft.server.rpc.timeout.min = 5s (custom)
2020-06-09 10:29:09,018 [pool-67-thread-1] INFO  server.RaftServerConfigKeys (ConfUtils.java:logGet(44)) - raft.server.rpc.timeout.max = 5200ms (custom)
2020-06-09 10:29:09,018 [pool-67-thread-1] INFO  server.RaftServerConfigKeys (ConfUtils.java:logGet(44)) - raft.server.rpcslowness.timeout = 1000s (custom)
2020-06-09 10:29:09,018 [pool-67-thread-1] INFO  server.RaftServerConfigKeys (ConfUtils.java:logGet(44)) - raft.server.sleep.deviation.threshold = 300 (default)
2020-06-09 10:29:09,018 [pool-67-thread-1] INFO  server.RaftServerConfigKeys (ConfUtils.java:logGet(44)) - raft.server.log.appender.install.snapshot.enabled = false (custom)
2020-06-09 10:29:09,018 [pool-67-thread-1] INFO  impl.RaftServerImpl (ServerState.java:<init>(103)) - c73bcb3f-4fc6-4b4e-af5e-d374dcf0479d@group-EB3C52AD4EEE: ConfigurationManager, init=-1: [c73bcb3f-4fc6-4b4e-af5e-d374dcf0479d:172.17.0.2:44855], old=null, confs=<EMPTY_MAP>
2020-06-09 10:29:09,019 [pool-67-thread-1] INFO  server.RaftServerConfigKeys (ConfUtils.java:logGet(44)) - raft.server.storage.dir = [/github/workspace/mnt/ozone/hadoop-ozone/integration-test/target/test-dir/MiniOzoneClusterImpl-55c3c36b-df07-4797-ad76-ca669897d6c5/datanode-2/data/ratis] (custom)
2020-06-09 10:29:09,020 [pool-67-thread-1] INFO  server.RaftServerConfigKeys (ConfUtils.java:logGet(44)) - raft.server.log.corruption.policy = EXCEPTION (default)
2020-06-09 10:29:09,020 [pool-67-thread-1] INFO  storage.RaftStorageDirectory (RaftStorageDirectory.java:analyzeStorage(261)) - The storage directory /github/workspace/mnt/ozone/hadoop-ozone/integration-test/target/test-dir/MiniOzoneClusterImpl-55c3c36b-df07-4797-ad76-ca669897d6c5/datanode-2/data/ratis/7917d303-f726-4633-85fd-eb3c52ad4eee does not exist. Creating ...
2020-06-09 10:29:09,028 [pool-67-thread-1] INFO  storage.RaftStorageDirectory (RaftStorageDirectory.java:tryLock(343)) - Lock on /github/workspace/mnt/ozone/hadoop-ozone/integration-test/target/test-dir/MiniOzoneClusterImpl-55c3c36b-df07-4797-ad76-ca669897d6c5/datanode-2/data/ratis/7917d303-f726-4633-85fd-eb3c52ad4eee/in_use.lock acquired by nodename 20832@77cef2ee2629
2020-06-09 10:29:09,029 [pool-67-thread-1] INFO  storage.RaftStorage (RaftStorage.java:format(84)) - Storage directory /github/workspace/mnt/ozone/hadoop-ozone/integration-test/target/test-dir/MiniOzoneClusterImpl-55c3c36b-df07-4797-ad76-ca669897d6c5/datanode-2/data/ratis/7917d303-f726-4633-85fd-eb3c52ad4eee has been successfully formatted.
2020-06-09 10:29:09,032 [pool-67-thread-1] INFO  ratis.ContainerStateMachine (ContainerStateMachine.java:loadSnapshot(226)) - group-EB3C52AD4EEE: The snapshot info is null. Setting the last applied indexto:(t:0, i:~)
2020-06-09 10:29:09,033 [EventQueue-PipelineReportForPipelineReportHandler] INFO  pipeline.PipelineStateManager (PipelineStateManager.java:openPipeline(131)) - Pipeline Pipeline[ Id: 7917d303-f726-4633-85fd-eb3c52ad4eee, Nodes: c73bcb3f-4fc6-4b4e-af5e-d374dcf0479d{ip: 172.17.0.2, host: 77cef2ee2629, networkLocation: /default-rack, certSerialId: null}, Type:RATIS, Factor:ONE, State:ALLOCATED, leaderId:c73bcb3f-4fc6-4b4e-af5e-d374dcf0479d, CreationTimestamp2020-06-09T10:29:06.003Z] moved to OPEN state
2020-06-09 10:29:09,033 [EventQueue-OpenPipelineForOneReplicaPipelineSafeModeRule] INFO  safemode.SCMSafeModeManager (SCMSafeModeManager.java:validateSafeModeExitRules(213)) - AtleastOneDatanodeReportedRule rule is successfully validated
2020-06-09 10:29:09,033 [EventQueue-OpenPipelineForHealthyPipelineSafeModeRule] INFO  safemode.SCMSafeModeManager (HealthyPipelineSafeModeRule.java:process(132)) - SCM in safe mode. Healthy pipelines reported count is 0, required healthy pipeline reported count is 1
2020-06-09 10:29:09,038 [pool-67-thread-1] INFO  server.RaftServerConfigKeys (ConfUtils.java:logGet(44)) - raft.server.notification.no-leader.timeout = 60s (default)
2020-06-09 10:29:09,038 [pool-67-thread-1] INFO  server.RaftServerConfigKeys (ConfUtils.java:logGet(44)) - raft.server.log.use.memory = false (default)
2020-06-09 10:29:09,038 [pool-67-thread-1] INFO  server.RaftServerConfigKeys (ConfUtils.java:logGet(44)) - raft.server.log.purge.gap = 1000000 (custom)
2020-06-09 10:29:09,038 [pool-67-thread-1] INFO  server.RaftServerConfigKeys (ConfUtils.java:logGet(44)) - raft.server.log.appender.buffer.byte-limit = 33554432 (custom)
2020-06-09 10:29:09,038 [pool-67-thread-1] INFO  server.RaftServerConfigKeys (ConfUtils.java:logGet(44)) - raft.server.log.segment.size.max = 1048576 (custom)
2020-06-09 10:29:09,039 [pool-67-thread-1] INFO  metrics.RatisMetrics (RatisMetrics.java:lambda$create$0(36)) - Creating Metrics Registry : ratis.log_worker.c73bcb3f-4fc6-4b4e-af5e-d374dcf0479d@group-EB3C52AD4EEE
2020-06-09 10:29:09,052 [pool-67-thread-1] INFO  server.RaftServerConfigKeys (ConfUtils.java:logGet(44)) - raft.server.log.segment.cache.num.max = 2 (custom)
2020-06-09 10:29:09,052 [pool-67-thread-1] INFO  segmented.SegmentedRaftLogWorker (SegmentedRaftLogWorker.java:<init>(180)) - new c73bcb3f-4fc6-4b4e-af5e-d374dcf0479d@group-EB3C52AD4EEE-SegmentedRaftLogWorker for RaftStorage:Storage Directory /github/workspace/mnt/ozone/hadoop-ozone/integration-test/target/test-dir/MiniOzoneClusterImpl-55c3c36b-df07-4797-ad76-ca669897d6c5/datanode-2/data/ratis/7917d303-f726-4633-85fd-eb3c52ad4eee
2020-06-09 10:29:09,052 [pool-67-thread-1] INFO  server.RaftServerConfigKeys (ConfUtils.java:logGet(44)) - raft.server.log.queue.byte-limit = 2147483647 (custom)
2020-06-09 10:29:09,052 [pool-67-thread-1] INFO  server.RaftServerConfigKeys (ConfUtils.java:logGet(44)) - raft.server.log.queue.element-limit = 1024 (custom)
2020-06-09 10:29:09,052 [pool-67-thread-1] INFO  server.RaftServerConfigKeys (ConfUtils.java:logGet(44)) - raft.server.log.segment.size.max = 1048576 (custom)
2020-06-09 10:29:09,052 [pool-67-thread-1] INFO  server.RaftServerConfigKeys (ConfUtils.java:logGet(44)) - raft.server.log.preallocated.size = 16384 (custom)
2020-06-09 10:29:09,053 [pool-67-thread-1] INFO  server.RaftServerConfigKeys (ConfUtils.java:logGet(44)) - raft.server.log.write.buffer.size = 1048576 (custom)
2020-06-09 10:29:09,053 [pool-67-thread-1] INFO  server.RaftServerConfigKeys (ConfUtils.java:logGet(44)) - raft.server.log.force.sync.num = 128 (default)
2020-06-09 10:29:09,053 [pool-67-thread-1] INFO  server.RaftServerConfigKeys (ConfUtils.java:logGet(44)) - raft.server.log.statemachine.data.sync = true (default)
2020-06-09 10:29:09,053 [pool-67-thread-1] INFO  server.RaftServerConfigKeys (ConfUtils.java:logGet(44)) - raft.server.log.statemachine.data.sync.timeout = 10s (default)
2020-06-09 10:29:09,053 [pool-67-thread-1] INFO  server.RaftServerConfigKeys (ConfUtils.java:logGet(44)) - raft.server.log.statemachine.data.sync.timeout.retry = -1 (default)
2020-06-09 10:29:09,054 [pool-67-thread-1] INFO  server.RaftServerConfigKeys (ConfUtils.java:logGet(44)) - raft.server.log.statemachine.data.caching.enabled = true (custom)
2020-06-09 10:29:09,055 [pool-67-thread-1] INFO  segmented.SegmentedRaftLogWorker (SegmentedRaftLogWorker.java:lambda$new$0(129)) - c73bcb3f-4fc6-4b4e-af5e-d374dcf0479d@group-EB3C52AD4EEE-SegmentedRaftLogWorker: flushIndex: setUnconditionally 0 -> -1
2020-06-09 10:29:09,055 [pool-67-thread-1] INFO  segmented.SegmentedRaftLogWorker (SegmentedRaftLogWorker.java:lambda$new$0(129)) - c73bcb3f-4fc6-4b4e-af5e-d374dcf0479d@group-EB3C52AD4EEE-SegmentedRaftLogWorker: safeCacheEvictIndex: setUnconditionally 0 -> -1
2020-06-09 10:29:09,058 [pool-67-thread-1] INFO  server.RaftServerConfigKeys (ConfUtils.java:logGet(44)) - raft.server.snapshot.auto.trigger.enabled = true (custom)
2020-06-09 10:29:09,058 [pool-67-thread-1] INFO  server.RaftServerConfigKeys (ConfUtils.java:logGet(44)) - raft.server.snapshot.auto.trigger.threshold = 10000 (custom)
2020-06-09 10:29:09,058 [pool-67-thread-1] INFO  server.RaftServerConfigKeys (ConfUtils.java:logGet(44)) - raft.server.snapshot.retention.file.num = 5 (custom)
2020-06-09 10:29:09,058 [pool-67-thread-1] INFO  server.RaftServerConfigKeys (ConfUtils.java:logGet(44)) - raft.server.log.purge.upto.snapshot.index = false (default)
2020-06-09 10:29:09,059 [pool-67-thread-1] INFO  server.RaftServerConfigKeys (ConfUtils.java:logGet(44)) - raft.server.retrycache.expirytime = 600000ms (custom)
2020-06-09 10:29:09,059 [pool-67-thread-1] INFO  metrics.RatisMetrics (RatisMetrics.java:lambda$create$0(36)) - Creating Metrics Registry : ratis.leader_election.c73bcb3f-4fc6-4b4e-af5e-d374dcf0479d@group-EB3C52AD4EEE
2020-06-09 10:29:09,062 [pool-67-thread-1] INFO  metrics.RatisMetrics (RatisMetrics.java:lambda$create$0(36)) - Creating Metrics Registry : ratis.server.c73bcb3f-4fc6-4b4e-af5e-d374dcf0479d@group-EB3C52AD4EEE
2020-06-09 10:29:09,065 [pool-67-thread-1] INFO  impl.RaftServerImpl (RaftServerImpl.java:start(186)) - c73bcb3f-4fc6-4b4e-af5e-d374dcf0479d@group-EB3C52AD4EEE: start as a follower, conf=-1: [c73bcb3f-4fc6-4b4e-af5e-d374dcf0479d:172.17.0.2:44855], old=null
2020-06-09 10:29:09,065 [pool-67-thread-1] INFO  impl.RaftServerImpl (RaftServerImpl.java:setRole(175)) - c73bcb3f-4fc6-4b4e-af5e-d374dcf0479d@group-EB3C52AD4EEE: changes role from      null to FOLLOWER at term 0 for startAsFollower
2020-06-09 10:29:09,072 [pool-67-thread-1] INFO  impl.RoleInfo (RoleInfo.java:updateAndGet(143)) - c73bcb3f-4fc6-4b4e-af5e-d374dcf0479d: start FollowerState
2020-06-09 10:29:09,072 [pool-67-thread-1] INFO  util.JmxRegister (JmxRegister.java:tryRegister(44)) - Successfully registered JMX Bean with object name Ratis:service=RaftServer,group=group-EB3C52AD4EEE,id=c73bcb3f-4fc6-4b4e-af5e-d374dcf0479d
2020-06-09 10:29:09,073 [pool-67-thread-1] INFO  metrics.RatisMetrics (RatisMetrics.java:lambda$create$0(36)) - Creating Metrics Registry : ratis.state_machine.c73bcb3f-4fc6-4b4e-af5e-d374dcf0479d@group-EB3C52AD4EEE
2020-06-09 10:29:09,077 [Command processor thread] INFO  commandhandler.CreatePipelineCommandHandler (CreatePipelineCommandHandler.java:handle(109)) - Created Pipeline RATIS ONE #id: "7917d303-f726-4633-85fd-eb3c52ad4eee"
.
2020-06-09 10:29:09,077 [Command processor thread] INFO  impl.RaftServerProxy (RaftServerProxy.java:addNew(89)) - c73bcb3f-4fc6-4b4e-af5e-d374dcf0479d: addNew group-FB546344901B:[f19c8f7f-7f71-43a0-9f21-c8aa8ec0a160:172.17.0.2:33881, c73bcb3f-4fc6-4b4e-af5e-d374dcf0479d:172.17.0.2:44855, 4195d107-8053-4d3d-86a1-081a04d6e190:172.17.0.2:35423] returns group-FB546344901B:java.util.concurrent.CompletableFuture@3117aa93[Not completed]
2020-06-09 10:29:09,079 [pool-67-thread-1] INFO  impl.RaftServerImpl (RaftServerImpl.java:<init>(99)) - c73bcb3f-4fc6-4b4e-af5e-d374dcf0479d: new RaftServerImpl for group-FB546344901B:[f19c8f7f-7f71-43a0-9f21-c8aa8ec0a160:172.17.0.2:33881, c73bcb3f-4fc6-4b4e-af5e-d374dcf0479d:172.17.0.2:44855, 4195d107-8053-4d3d-86a1-081a04d6e190:172.17.0.2:35423] with ContainerStateMachine:uninitialized
2020-06-09 10:29:09,079 [pool-67-thread-1] INFO  server.RaftServerConfigKeys (ConfUtils.java:logGet(44)) - raft.server.rpc.timeout.min = 5s (custom)
2020-06-09 10:29:09,079 [pool-67-thread-1] INFO  server.RaftServerConfigKeys (ConfUtils.java:logGet(44)) - raft.server.rpc.timeout.max = 5200ms (custom)
2020-06-09 10:29:09,079 [pool-67-thread-1] INFO  server.RaftServerConfigKeys (ConfUtils.java:logGet(44)) - raft.server.rpcslowness.timeout = 1000s (custom)
2020-06-09 10:29:09,079 [pool-67-thread-1] INFO  server.RaftServerConfigKeys (ConfUtils.java:logGet(44)) - raft.server.sleep.deviation.threshold = 300 (default)
2020-06-09 10:29:09,079 [pool-67-thread-1] INFO  server.RaftServerConfigKeys (ConfUtils.java:logGet(44)) - raft.server.log.appender.install.snapshot.enabled = false (custom)
2020-06-09 10:29:09,079 [pool-67-thread-1] INFO  impl.RaftServerImpl (ServerState.java:<init>(103)) - c73bcb3f-4fc6-4b4e-af5e-d374dcf0479d@group-FB546344901B: ConfigurationManager, init=-1: [f19c8f7f-7f71-43a0-9f21-c8aa8ec0a160:172.17.0.2:33881, c73bcb3f-4fc6-4b4e-af5e-d374dcf0479d:172.17.0.2:44855, 4195d107-8053-4d3d-86a1-081a04d6e190:172.17.0.2:35423], old=null, confs=<EMPTY_MAP>
2020-06-09 10:29:09,079 [pool-67-thread-1] INFO  server.RaftServerConfigKeys (ConfUtils.java:logGet(44)) - raft.server.storage.dir = [/github/workspace/mnt/ozone/hadoop-ozone/integration-test/target/test-dir/MiniOzoneClusterImpl-55c3c36b-df07-4797-ad76-ca669897d6c5/datanode-2/data/ratis] (custom)
2020-06-09 10:29:09,079 [pool-67-thread-1] INFO  server.RaftServerConfigKeys (ConfUtils.java:logGet(44)) - raft.server.log.corruption.policy = EXCEPTION (default)
2020-06-09 10:29:09,080 [pool-67-thread-1] INFO  storage.RaftStorageDirectory (RaftStorageDirectory.java:analyzeStorage(261)) - The storage directory /github/workspace/mnt/ozone/hadoop-ozone/integration-test/target/test-dir/MiniOzoneClusterImpl-55c3c36b-df07-4797-ad76-ca669897d6c5/datanode-2/data/ratis/a8bb2aae-6b86-409f-ade9-fb546344901b does not exist. Creating ...
2020-06-09 10:29:09,086 [pool-67-thread-1] INFO  storage.RaftStorageDirectory (RaftStorageDirectory.java:tryLock(343)) - Lock on /github/workspace/mnt/ozone/hadoop-ozone/integration-test/target/test-dir/MiniOzoneClusterImpl-55c3c36b-df07-4797-ad76-ca669897d6c5/datanode-2/data/ratis/a8bb2aae-6b86-409f-ade9-fb546344901b/in_use.lock acquired by nodename 20832@77cef2ee2629
2020-06-09 10:29:09,088 [pool-67-thread-1] INFO  storage.RaftStorage (RaftStorage.java:format(84)) - Storage directory /github/workspace/mnt/ozone/hadoop-ozone/integration-test/target/test-dir/MiniOzoneClusterImpl-55c3c36b-df07-4797-ad76-ca669897d6c5/datanode-2/data/ratis/a8bb2aae-6b86-409f-ade9-fb546344901b has been successfully formatted.
2020-06-09 10:29:09,089 [pool-67-thread-1] INFO  ratis.ContainerStateMachine (ContainerStateMachine.java:loadSnapshot(226)) - group-FB546344901B: The snapshot info is null. Setting the last applied indexto:(t:0, i:~)
2020-06-09 10:29:09,089 [pool-67-thread-1] INFO  server.RaftServerConfigKeys (ConfUtils.java:logGet(44)) - raft.server.notification.no-leader.timeout = 60s (default)
2020-06-09 10:29:09,089 [pool-67-thread-1] INFO  server.RaftServerConfigKeys (ConfUtils.java:logGet(44)) - raft.server.log.use.memory = false (default)
2020-06-09 10:29:09,089 [pool-67-thread-1] INFO  server.RaftServerConfigKeys (ConfUtils.java:logGet(44)) - raft.server.log.purge.gap = 1000000 (custom)
2020-06-09 10:29:09,089 [pool-67-thread-1] INFO  server.RaftServerConfigKeys (ConfUtils.java:logGet(44)) - raft.server.log.appender.buffer.byte-limit = 33554432 (custom)
2020-06-09 10:29:09,089 [pool-67-thread-1] INFO  server.RaftServerConfigKeys (ConfUtils.java:logGet(44)) - raft.server.log.segment.size.max = 1048576 (custom)
2020-06-09 10:29:09,090 [pool-67-thread-1] INFO  metrics.RatisMetrics (RatisMetrics.java:lambda$create$0(36)) - Creating Metrics Registry : ratis.log_worker.c73bcb3f-4fc6-4b4e-af5e-d374dcf0479d@group-FB546344901B
2020-06-09 10:29:09,090 [pool-67-thread-1] INFO  server.RaftServerConfigKeys (ConfUtils.java:logGet(44)) - raft.server.log.segment.cache.num.max = 2 (custom)
2020-06-09 10:29:09,090 [pool-67-thread-1] INFO  segmented.SegmentedRaftLogWorker (SegmentedRaftLogWorker.java:<init>(180)) - new c73bcb3f-4fc6-4b4e-af5e-d374dcf0479d@group-FB546344901B-SegmentedRaftLogWorker for RaftStorage:Storage Directory /github/workspace/mnt/ozone/hadoop-ozone/integration-test/target/test-dir/MiniOzoneClusterImpl-55c3c36b-df07-4797-ad76-ca669897d6c5/datanode-2/data/ratis/a8bb2aae-6b86-409f-ade9-fb546344901b
2020-06-09 10:29:09,090 [pool-67-thread-1] INFO  server.RaftServerConfigKeys (ConfUtils.java:logGet(44)) - raft.server.log.queue.byte-limit = 2147483647 (custom)
2020-06-09 10:29:09,090 [pool-67-thread-1] INFO  server.RaftServerConfigKeys (ConfUtils.java:logGet(44)) - raft.server.log.queue.element-limit = 1024 (custom)
2020-06-09 10:29:09,090 [pool-67-thread-1] INFO  server.RaftServerConfigKeys (ConfUtils.java:logGet(44)) - raft.server.log.segment.size.max = 1048576 (custom)
2020-06-09 10:29:09,091 [pool-67-thread-1] INFO  server.RaftServerConfigKeys (ConfUtils.java:logGet(44)) - raft.server.log.preallocated.size = 16384 (custom)
2020-06-09 10:29:09,091 [pool-67-thread-1] INFO  server.RaftServerConfigKeys (ConfUtils.java:logGet(44)) - raft.server.log.write.buffer.size = 1048576 (custom)
2020-06-09 10:29:09,091 [pool-67-thread-1] INFO  server.RaftServerConfigKeys (ConfUtils.java:logGet(44)) - raft.server.log.force.sync.num = 128 (default)
2020-06-09 10:29:09,091 [pool-67-thread-1] INFO  server.RaftServerConfigKeys (ConfUtils.java:logGet(44)) - raft.server.log.statemachine.data.sync = true (default)
2020-06-09 10:29:09,091 [pool-67-thread-1] INFO  server.RaftServerConfigKeys (ConfUtils.java:logGet(44)) - raft.server.log.statemachine.data.sync.timeout = 10s (default)
2020-06-09 10:29:09,091 [pool-67-thread-1] INFO  server.RaftServerConfigKeys (ConfUtils.java:logGet(44)) - raft.server.log.statemachine.data.sync.timeout.retry = -1 (default)
2020-06-09 10:29:09,093 [pool-67-thread-1] INFO  server.RaftServerConfigKeys (ConfUtils.java:logGet(44)) - raft.server.log.statemachine.data.caching.enabled = true (custom)
2020-06-09 10:29:09,093 [pool-67-thread-1] INFO  segmented.SegmentedRaftLogWorker (SegmentedRaftLogWorker.java:lambda$new$0(129)) - c73bcb3f-4fc6-4b4e-af5e-d374dcf0479d@group-FB546344901B-SegmentedRaftLogWorker: flushIndex: setUnconditionally 0 -> -1
2020-06-09 10:29:09,093 [pool-67-thread-1] INFO  segmented.SegmentedRaftLogWorker (SegmentedRaftLogWorker.java:lambda$new$0(129)) - c73bcb3f-4fc6-4b4e-af5e-d374dcf0479d@group-FB546344901B-SegmentedRaftLogWorker: safeCacheEvictIndex: setUnconditionally 0 -> -1
2020-06-09 10:29:09,099 [pool-67-thread-1] INFO  server.RaftServerConfigKeys (ConfUtils.java:logGet(44)) - raft.server.snapshot.auto.trigger.enabled = true (custom)
2020-06-09 10:29:09,099 [pool-67-thread-1] INFO  server.RaftServerConfigKeys (ConfUtils.java:logGet(44)) - raft.server.snapshot.auto.trigger.threshold = 10000 (custom)
2020-06-09 10:29:09,099 [pool-67-thread-1] INFO  server.RaftServerConfigKeys (ConfUtils.java:logGet(44)) - raft.server.snapshot.retention.file.num = 5 (custom)
2020-06-09 10:29:09,099 [pool-67-thread-1] INFO  server.RaftServerConfigKeys (ConfUtils.java:logGet(44)) - raft.server.log.purge.upto.snapshot.index = false (default)
2020-06-09 10:29:09,100 [pool-67-thread-1] INFO  server.RaftServerConfigKeys (ConfUtils.java:logGet(44)) - raft.server.retrycache.expirytime = 600000ms (custom)
2020-06-09 10:29:09,100 [pool-67-thread-1] INFO  metrics.RatisMetrics (RatisMetrics.java:lambda$create$0(36)) - Creating Metrics Registry : ratis.leader_election.c73bcb3f-4fc6-4b4e-af5e-d374dcf0479d@group-FB546344901B
2020-06-09 10:29:09,100 [pool-67-thread-1] INFO  metrics.RatisMetrics (RatisMetrics.java:lambda$create$0(36)) - Creating Metrics Registry : ratis.server.c73bcb3f-4fc6-4b4e-af5e-d374dcf0479d@group-FB546344901B
2020-06-09 10:29:09,104 [pool-67-thread-1] INFO  impl.RaftServerImpl (RaftServerImpl.java:start(186)) - c73bcb3f-4fc6-4b4e-af5e-d374dcf0479d@group-FB546344901B: start as a follower, conf=-1: [f19c8f7f-7f71-43a0-9f21-c8aa8ec0a160:172.17.0.2:33881, c73bcb3f-4fc6-4b4e-af5e-d374dcf0479d:172.17.0.2:44855, 4195d107-8053-4d3d-86a1-081a04d6e190:172.17.0.2:35423], old=null
2020-06-09 10:29:09,104 [pool-67-thread-1] INFO  impl.RaftServerImpl (RaftServerImpl.java:setRole(175)) - c73bcb3f-4fc6-4b4e-af5e-d374dcf0479d@group-FB546344901B: changes role from      null to FOLLOWER at term 0 for startAsFollower
2020-06-09 10:29:09,104 [pool-67-thread-1] INFO  impl.RoleInfo (RoleInfo.java:updateAndGet(143)) - c73bcb3f-4fc6-4b4e-af5e-d374dcf0479d: start FollowerState
2020-06-09 10:29:09,108 [pool-67-thread-1] INFO  util.JmxRegister (JmxRegister.java:tryRegister(44)) - Successfully registered JMX Bean with object name Ratis:service=RaftServer,group=group-FB546344901B,id=c73bcb3f-4fc6-4b4e-af5e-d374dcf0479d
2020-06-09 10:29:09,108 [pool-67-thread-1] INFO  metrics.RatisMetrics (RatisMetrics.java:lambda$create$0(36)) - Creating Metrics Registry : ratis.state_machine.c73bcb3f-4fc6-4b4e-af5e-d374dcf0479d@group-FB546344901B
2020-06-09 10:29:09,601 [Command processor thread] INFO  commandhandler.CreatePipelineCommandHandler (CreatePipelineCommandHandler.java:handle(109)) - Created Pipeline RATIS THREE #id: "a8bb2aae-6b86-409f-ade9-fb546344901b"
.
2020-06-09 10:29:09,630 [Command processor thread] INFO  commandhandler.CreatePipelineCommandHandler (CreatePipelineCommandHandler.java:handle(109)) - Created Pipeline RATIS THREE #id: "a8bb2aae-6b86-409f-ade9-fb546344901b"
.
2020-06-09 10:29:09,635 [Command processor thread] INFO  commandhandler.CreatePipelineCommandHandler (CreatePipelineCommandHandler.java:handle(109)) - Created Pipeline RATIS THREE #id: "a8bb2aae-6b86-409f-ade9-fb546344901b"
.
2020-06-09 10:29:09,974 [Listener at 127.0.0.1/39135] INFO  ozone.MiniOzoneClusterImpl (MiniOzoneClusterImpl.java:lambda$waitForClusterToBeReady$0(177)) - Nodes are ready. Got 3 of 3 DN Heartbeats.
2020-06-09 10:29:09,974 [Listener at 127.0.0.1/39135] INFO  ozone.MiniOzoneClusterImpl (MiniOzoneClusterImpl.java:lambda$waitForClusterToBeReady$0(180)) - Waiting for cluster to exit safe mode
2020-06-09 10:29:10,974 [Listener at 127.0.0.1/39135] INFO  ozone.MiniOzoneClusterImpl (MiniOzoneClusterImpl.java:lambda$waitForClusterToBeReady$0(177)) - Nodes are ready. Got 3 of 3 DN Heartbeats.
2020-06-09 10:29:10,975 [Listener at 127.0.0.1/39135] INFO  ozone.MiniOzoneClusterImpl (MiniOzoneClusterImpl.java:lambda$waitForClusterToBeReady$0(180)) - Waiting for cluster to exit safe mode
2020-06-09 10:29:11,975 [Listener at 127.0.0.1/39135] INFO  ozone.MiniOzoneClusterImpl (MiniOzoneClusterImpl.java:lambda$waitForClusterToBeReady$0(177)) - Nodes are ready. Got 3 of 3 DN Heartbeats.
2020-06-09 10:29:11,975 [Listener at 127.0.0.1/39135] INFO  ozone.MiniOzoneClusterImpl (MiniOzoneClusterImpl.java:lambda$waitForClusterToBeReady$0(180)) - Waiting for cluster to exit safe mode
2020-06-09 10:29:12,976 [Listener at 127.0.0.1/39135] INFO  ozone.MiniOzoneClusterImpl (MiniOzoneClusterImpl.java:lambda$waitForClusterToBeReady$0(177)) - Nodes are ready. Got 3 of 3 DN Heartbeats.
2020-06-09 10:29:12,976 [Listener at 127.0.0.1/39135] INFO  ozone.MiniOzoneClusterImpl (MiniOzoneClusterImpl.java:lambda$waitForClusterToBeReady$0(180)) - Waiting for cluster to exit safe mode
2020-06-09 10:29:13,889 [Thread-191] INFO  impl.FollowerState (FollowerState.java:run(108)) - f19c8f7f-7f71-43a0-9f21-c8aa8ec0a160@group-C2D4063F12B4-FollowerState: change to CANDIDATE, lastRpcTime:5076ms, electionTimeout:5060ms
2020-06-09 10:29:13,891 [Thread-191] INFO  impl.RoleInfo (RoleInfo.java:shutdownFollowerState(121)) - f19c8f7f-7f71-43a0-9f21-c8aa8ec0a160: shutdown FollowerState
2020-06-09 10:29:13,891 [Thread-191] INFO  impl.RaftServerImpl (RaftServerImpl.java:setRole(175)) - f19c8f7f-7f71-43a0-9f21-c8aa8ec0a160@group-C2D4063F12B4: changes role from  FOLLOWER to CANDIDATE at term 0 for changeToCandidate
2020-06-09 10:29:13,893 [Thread-191] INFO  impl.RoleInfo (RoleInfo.java:updateAndGet(143)) - f19c8f7f-7f71-43a0-9f21-c8aa8ec0a160: start LeaderElection
2020-06-09 10:29:13,898 [f19c8f7f-7f71-43a0-9f21-c8aa8ec0a160@group-C2D4063F12B4-LeaderElection1] INFO  impl.LeaderElection (LeaderElection.java:askForVotes(206)) - f19c8f7f-7f71-43a0-9f21-c8aa8ec0a160@group-C2D4063F12B4-LeaderElection1: begin an election at term 1 for -1: [f19c8f7f-7f71-43a0-9f21-c8aa8ec0a160:172.17.0.2:33881], old=null
2020-06-09 10:29:13,899 [f19c8f7f-7f71-43a0-9f21-c8aa8ec0a160@group-C2D4063F12B4-LeaderElection1] INFO  impl.RoleInfo (RoleInfo.java:shutdownLeaderElection(134)) - f19c8f7f-7f71-43a0-9f21-c8aa8ec0a160: shutdown LeaderElection
2020-06-09 10:29:13,900 [f19c8f7f-7f71-43a0-9f21-c8aa8ec0a160@group-C2D4063F12B4-LeaderElection1] INFO  impl.RaftServerImpl (RaftServerImpl.java:setRole(175)) - f19c8f7f-7f71-43a0-9f21-c8aa8ec0a160@group-C2D4063F12B4: changes role from CANDIDATE to LEADER at term 1 for changeToLeader
2020-06-09 10:29:13,900 [f19c8f7f-7f71-43a0-9f21-c8aa8ec0a160@group-C2D4063F12B4-LeaderElection1] INFO  ratis.XceiverServerRatis (XceiverServerRatis.java:handleLeaderChangedNotification(762)) - Leader change notification received for group: group-C2D4063F12B4 with new leaderId: f19c8f7f-7f71-43a0-9f21-c8aa8ec0a160
2020-06-09 10:29:13,904 [f19c8f7f-7f71-43a0-9f21-c8aa8ec0a160@group-C2D4063F12B4-LeaderElection1] INFO  impl.RaftServerImpl (ServerState.java:setLeader(255)) - f19c8f7f-7f71-43a0-9f21-c8aa8ec0a160@group-C2D4063F12B4: change Leader from null to f19c8f7f-7f71-43a0-9f21-c8aa8ec0a160 at term 1 for becomeLeader, leader elected after 5187ms
2020-06-09 10:29:13,909 [f19c8f7f-7f71-43a0-9f21-c8aa8ec0a160@group-C2D4063F12B4-LeaderElection1] INFO  server.RaftServerConfigKeys (ConfUtils.java:logGet(44)) - raft.server.staging.catchup.gap = 1000 (default)
2020-06-09 10:29:13,909 [f19c8f7f-7f71-43a0-9f21-c8aa8ec0a160@group-C2D4063F12B4-LeaderElection1] INFO  server.RaftServerConfigKeys (ConfUtils.java:logGet(44)) - raft.server.rpc.sleep.time = 25ms (default)
2020-06-09 10:29:13,911 [f19c8f7f-7f71-43a0-9f21-c8aa8ec0a160@group-C2D4063F12B4-LeaderElection1] INFO  metrics.RatisMetrics (RatisMetrics.java:lambda$create$0(36)) - Creating Metrics Registry : ratis.log_appender.f19c8f7f-7f71-43a0-9f21-c8aa8ec0a160@group-C2D4063F12B4
2020-06-09 10:29:13,913 [f19c8f7f-7f71-43a0-9f21-c8aa8ec0a160@group-C2D4063F12B4-LeaderElection1] INFO  server.RaftServerConfigKeys (ConfUtils.java:logGet(44)) - raft.server.write.element-limit = 1024 (custom)
2020-06-09 10:29:13,913 [f19c8f7f-7f71-43a0-9f21-c8aa8ec0a160@group-C2D4063F12B4-LeaderElection1] INFO  server.RaftServerConfigKeys (ConfUtils.java:logGet(44)) - raft.server.write.byte-limit = 1073741824 (custom)
2020-06-09 10:29:13,920 [f19c8f7f-7f71-43a0-9f21-c8aa8ec0a160@group-C2D4063F12B4-LeaderElection1] INFO  server.RaftServerConfigKeys (ConfUtils.java:logGet(44)) - raft.server.watch.timeout = 3s (custom)
2020-06-09 10:29:13,920 [f19c8f7f-7f71-43a0-9f21-c8aa8ec0a160@group-C2D4063F12B4-LeaderElection1] INFO  server.RaftServerConfigKeys (ConfUtils.java:logGet(44)) - raft.server.watch.timeout.denomination = 1s (default)
2020-06-09 10:29:13,921 [f19c8f7f-7f71-43a0-9f21-c8aa8ec0a160@group-C2D4063F12B4-LeaderElection1] INFO  server.RaftServerConfigKeys (ConfUtils.java:logGet(44)) - raft.server.watch.element-limit = 65536 (default)
2020-06-09 10:29:13,928 [f19c8f7f-7f71-43a0-9f21-c8aa8ec0a160@group-C2D4063F12B4-LeaderElection1] INFO  impl.RoleInfo (RoleInfo.java:updateAndGet(143)) - f19c8f7f-7f71-43a0-9f21-c8aa8ec0a160: start LeaderState
2020-06-09 10:29:13,945 [f19c8f7f-7f71-43a0-9f21-c8aa8ec0a160@group-C2D4063F12B4-LeaderElection1] INFO  segmented.SegmentedRaftLogWorker (SegmentedRaftLogWorker.java:startLogSegment(397)) - f19c8f7f-7f71-43a0-9f21-c8aa8ec0a160@group-C2D4063F12B4-SegmentedRaftLogWorker: Starting segment from index:0
2020-06-09 10:29:13,960 [f19c8f7f-7f71-43a0-9f21-c8aa8ec0a160@group-C2D4063F12B4-LeaderElection1] INFO  impl.RaftServerImpl (ServerState.java:setRaftConf(356)) - f19c8f7f-7f71-43a0-9f21-c8aa8ec0a160@group-C2D4063F12B4: set configuration 0: [f19c8f7f-7f71-43a0-9f21-c8aa8ec0a160:172.17.0.2:33881], old=null at 0
2020-06-09 10:29:13,955 [Thread-196] INFO  impl.FollowerState (FollowerState.java:run(108)) - 4195d107-8053-4d3d-86a1-081a04d6e190@group-4EC77E48120B-FollowerState: change to CANDIDATE, lastRpcTime:5053ms, electionTimeout:5040ms
2020-06-09 10:29:13,961 [Thread-196] INFO  impl.RoleInfo (RoleInfo.java:shutdownFollowerState(121)) - 4195d107-8053-4d3d-86a1-081a04d6e190: shutdown FollowerState
2020-06-09 10:29:13,962 [Thread-196] INFO  impl.RaftServerImpl (RaftServerImpl.java:setRole(175)) - 4195d107-8053-4d3d-86a1-081a04d6e190@group-4EC77E48120B: changes role from  FOLLOWER to CANDIDATE at term 0 for changeToCandidate
2020-06-09 10:29:13,962 [Thread-196] INFO  impl.RoleInfo (RoleInfo.java:updateAndGet(143)) - 4195d107-8053-4d3d-86a1-081a04d6e190: start LeaderElection
2020-06-09 10:29:13,968 [4195d107-8053-4d3d-86a1-081a04d6e190@group-4EC77E48120B-LeaderElection2] INFO  impl.LeaderElection (LeaderElection.java:askForVotes(206)) - 4195d107-8053-4d3d-86a1-081a04d6e190@group-4EC77E48120B-LeaderElection2: begin an election at term 1 for -1: [4195d107-8053-4d3d-86a1-081a04d6e190:172.17.0.2:35423], old=null
2020-06-09 10:29:13,972 [4195d107-8053-4d3d-86a1-081a04d6e190@group-4EC77E48120B-LeaderElection2] INFO  impl.RoleInfo (RoleInfo.java:shutdownLeaderElection(134)) - 4195d107-8053-4d3d-86a1-081a04d6e190: shutdown LeaderElection
2020-06-09 10:29:13,972 [4195d107-8053-4d3d-86a1-081a04d6e190@group-4EC77E48120B-LeaderElection2] INFO  impl.RaftServerImpl (RaftServerImpl.java:setRole(175)) - 4195d107-8053-4d3d-86a1-081a04d6e190@group-4EC77E48120B: changes role from CANDIDATE to LEADER at term 1 for changeToLeader
2020-06-09 10:29:13,972 [4195d107-8053-4d3d-86a1-081a04d6e190@group-4EC77E48120B-LeaderElection2] INFO  ratis.XceiverServerRatis (XceiverServerRatis.java:handleLeaderChangedNotification(762)) - Leader change notification received for group: group-4EC77E48120B with new leaderId: 4195d107-8053-4d3d-86a1-081a04d6e190
2020-06-09 10:29:13,972 [4195d107-8053-4d3d-86a1-081a04d6e190@group-4EC77E48120B-LeaderElection2] INFO  impl.RaftServerImpl (ServerState.java:setLeader(255)) - 4195d107-8053-4d3d-86a1-081a04d6e190@group-4EC77E48120B: change Leader from null to 4195d107-8053-4d3d-86a1-081a04d6e190 at term 1 for becomeLeader, leader elected after 5090ms
2020-06-09 10:29:13,972 [4195d107-8053-4d3d-86a1-081a04d6e190@group-4EC77E48120B-LeaderElection2] INFO  server.RaftServerConfigKeys (ConfUtils.java:logGet(44)) - raft.server.staging.catchup.gap = 1000 (default)
2020-06-09 10:29:13,972 [4195d107-8053-4d3d-86a1-081a04d6e190@group-4EC77E48120B-LeaderElection2] INFO  server.RaftServerConfigKeys (ConfUtils.java:logGet(44)) - raft.server.rpc.sleep.time = 25ms (default)
2020-06-09 10:29:13,972 [4195d107-8053-4d3d-86a1-081a04d6e190@group-4EC77E48120B-LeaderElection2] INFO  metrics.RatisMetrics (RatisMetrics.java:lambda$create$0(36)) - Creating Metrics Registry : ratis.log_appender.4195d107-8053-4d3d-86a1-081a04d6e190@group-4EC77E48120B
2020-06-09 10:29:13,973 [4195d107-8053-4d3d-86a1-081a04d6e190@group-4EC77E48120B-LeaderElection2] INFO  server.RaftServerConfigKeys (ConfUtils.java:logGet(44)) - raft.server.write.element-limit = 1024 (custom)
2020-06-09 10:29:13,973 [4195d107-8053-4d3d-86a1-081a04d6e190@group-4EC77E48120B-LeaderElection2] INFO  server.RaftServerConfigKeys (ConfUtils.java:logGet(44)) - raft.server.write.byte-limit = 1073741824 (custom)
2020-06-09 10:29:13,973 [4195d107-8053-4d3d-86a1-081a04d6e190@group-4EC77E48120B-LeaderElection2] INFO  server.RaftServerConfigKeys (ConfUtils.java:logGet(44)) - raft.server.watch.timeout = 3s (custom)
2020-06-09 10:29:13,973 [4195d107-8053-4d3d-86a1-081a04d6e190@group-4EC77E48120B-LeaderElection2] INFO  server.RaftServerConfigKeys (ConfUtils.java:logGet(44)) - raft.server.watch.timeout.denomination = 1s (default)
2020-06-09 10:29:13,973 [4195d107-8053-4d3d-86a1-081a04d6e190@group-4EC77E48120B-LeaderElection2] INFO  server.RaftServerConfigKeys (ConfUtils.java:logGet(44)) - raft.server.watch.element-limit = 65536 (default)
2020-06-09 10:29:13,973 [4195d107-8053-4d3d-86a1-081a04d6e190@group-4EC77E48120B-LeaderElection2] INFO  impl.RoleInfo (RoleInfo.java:updateAndGet(143)) - 4195d107-8053-4d3d-86a1-081a04d6e190: start LeaderState
2020-06-09 10:29:13,973 [4195d107-8053-4d3d-86a1-081a04d6e190@group-4EC77E48120B-LeaderElection2] INFO  segmented.SegmentedRaftLogWorker (SegmentedRaftLogWorker.java:startLogSegment(397)) - 4195d107-8053-4d3d-86a1-081a04d6e190@group-4EC77E48120B-SegmentedRaftLogWorker: Starting segment from index:0
2020-06-09 10:29:13,976 [Listener at 127.0.0.1/39135] INFO  ozone.MiniOzoneClusterImpl (MiniOzoneClusterImpl.java:lambda$waitForClusterToBeReady$0(177)) - Nodes are ready. Got 3 of 3 DN Heartbeats.
2020-06-09 10:29:13,976 [Listener at 127.0.0.1/39135] INFO  ozone.MiniOzoneClusterImpl (MiniOzoneClusterImpl.java:lambda$waitForClusterToBeReady$0(180)) - Waiting for cluster to exit safe mode
2020-06-09 10:29:13,990 [4195d107-8053-4d3d-86a1-081a04d6e190@group-4EC77E48120B-LeaderElection2] INFO  impl.RaftServerImpl (ServerState.java:setRaftConf(356)) - 4195d107-8053-4d3d-86a1-081a04d6e190@group-4EC77E48120B: set configuration 0: [4195d107-8053-4d3d-86a1-081a04d6e190:172.17.0.2:35423], old=null at 0
2020-06-09 10:29:14,004 [Thread-198] INFO  impl.FollowerState (FollowerState.java:run(108)) - 4195d107-8053-4d3d-86a1-081a04d6e190@group-FB546344901B-FollowerState: change to CANDIDATE, lastRpcTime:5054ms, electionTimeout:5044ms
2020-06-09 10:29:14,005 [Thread-198] INFO  impl.RoleInfo (RoleInfo.java:shutdownFollowerState(121)) - 4195d107-8053-4d3d-86a1-081a04d6e190: shutdown FollowerState
2020-06-09 10:29:14,005 [Thread-198] INFO  impl.RaftServerImpl (RaftServerImpl.java:setRole(175)) - 4195d107-8053-4d3d-86a1-081a04d6e190@group-FB546344901B: changes role from  FOLLOWER to CANDIDATE at term 0 for changeToCandidate
2020-06-09 10:29:14,005 [Thread-198] INFO  impl.RoleInfo (RoleInfo.java:updateAndGet(143)) - 4195d107-8053-4d3d-86a1-081a04d6e190: start LeaderElection
2020-06-09 10:29:14,009 [4195d107-8053-4d3d-86a1-081a04d6e190@group-FB546344901B-LeaderElection3] INFO  impl.LeaderElection (LeaderElection.java:askForVotes(206)) - 4195d107-8053-4d3d-86a1-081a04d6e190@group-FB546344901B-LeaderElection3: begin an election at term 1 for -1: [f19c8f7f-7f71-43a0-9f21-c8aa8ec0a160:172.17.0.2:33881, c73bcb3f-4fc6-4b4e-af5e-d374dcf0479d:172.17.0.2:44855, 4195d107-8053-4d3d-86a1-081a04d6e190:172.17.0.2:35423], old=null
2020-06-09 10:29:14,044 [Thread-194] INFO  impl.FollowerState (FollowerState.java:run(108)) - f19c8f7f-7f71-43a0-9f21-c8aa8ec0a160@group-FB546344901B-FollowerState: change to CANDIDATE, lastRpcTime:5143ms, electionTimeout:5136ms
2020-06-09 10:29:14,045 [Thread-194] INFO  impl.RoleInfo (RoleInfo.java:shutdownFollowerState(121)) - f19c8f7f-7f71-43a0-9f21-c8aa8ec0a160: shutdown FollowerState
2020-06-09 10:29:14,045 [Thread-194] INFO  impl.RaftServerImpl (RaftServerImpl.java:setRole(175)) - f19c8f7f-7f71-43a0-9f21-c8aa8ec0a160@group-FB546344901B: changes role from  FOLLOWER to CANDIDATE at term 0 for changeToCandidate
2020-06-09 10:29:14,045 [Thread-194] INFO  impl.RoleInfo (RoleInfo.java:updateAndGet(143)) - f19c8f7f-7f71-43a0-9f21-c8aa8ec0a160: start LeaderElection
2020-06-09 10:29:14,057 [grpc-default-executor-2] INFO  impl.RaftServerImpl (RaftServerImpl.java:setRole(175)) - f19c8f7f-7f71-43a0-9f21-c8aa8ec0a160@group-FB546344901B: changes role from CANDIDATE to FOLLOWER at term 1 for recognizeCandidate:4195d107-8053-4d3d-86a1-081a04d6e190
2020-06-09 10:29:14,057 [grpc-default-executor-2] INFO  impl.RoleInfo (RoleInfo.java:shutdownLeaderElection(134)) - f19c8f7f-7f71-43a0-9f21-c8aa8ec0a160: shutdown LeaderElection
2020-06-09 10:29:14,057 [grpc-default-executor-2] INFO  impl.RoleInfo (RoleInfo.java:updateAndGet(143)) - f19c8f7f-7f71-43a0-9f21-c8aa8ec0a160: start FollowerState
2020-06-09 10:29:14,064 [grpc-default-executor-0] INFO  impl.RaftServerImpl (RaftServerImpl.java:setRole(175)) - c73bcb3f-4fc6-4b4e-af5e-d374dcf0479d@group-FB546344901B: changes role from  FOLLOWER to FOLLOWER at term 1 for recognizeCandidate:4195d107-8053-4d3d-86a1-081a04d6e190
2020-06-09 10:29:14,065 [grpc-default-executor-0] INFO  impl.RoleInfo (RoleInfo.java:shutdownFollowerState(121)) - c73bcb3f-4fc6-4b4e-af5e-d374dcf0479d: shutdown FollowerState
2020-06-09 10:29:14,065 [grpc-default-executor-0] INFO  impl.RoleInfo (RoleInfo.java:updateAndGet(143)) - c73bcb3f-4fc6-4b4e-af5e-d374dcf0479d: start FollowerState
2020-06-09 10:29:14,065 [Thread-203] INFO  impl.FollowerState (FollowerState.java:run(117)) - c73bcb3f-4fc6-4b4e-af5e-d374dcf0479d@group-FB546344901B-FollowerState was interrupted: java.lang.InterruptedException: sleep interrupted
2020-06-09 10:29:14,085 [4195d107-8053-4d3d-86a1-081a04d6e190@group-FB546344901B-LeaderElection3] INFO  impl.LeaderElection (LeaderElection.java:logAndReturn(61)) - 4195d107-8053-4d3d-86a1-081a04d6e190@group-FB546344901B-LeaderElection3: Election PASSED; received 1 response(s) [4195d107-8053-4d3d-86a1-081a04d6e190<-c73bcb3f-4fc6-4b4e-af5e-d374dcf0479d#0:OK-t1] and 0 exception(s); 4195d107-8053-4d3d-86a1-081a04d6e190@group-FB546344901B:t1, leader=null, voted=4195d107-8053-4d3d-86a1-081a04d6e190, raftlog=4195d107-8053-4d3d-86a1-081a04d6e190@group-FB546344901B-SegmentedRaftLog:OPENED:c-1,f-1,i0, conf=-1: [f19c8f7f-7f71-43a0-9f21-c8aa8ec0a160:172.17.0.2:33881, c73bcb3f-4fc6-4b4e-af5e-d374dcf0479d:172.17.0.2:44855, 4195d107-8053-4d3d-86a1-081a04d6e190:172.17.0.2:35423], old=null
2020-06-09 10:29:14,085 [4195d107-8053-4d3d-86a1-081a04d6e190@group-FB546344901B-LeaderElection3] INFO  impl.RoleInfo (RoleInfo.java:shutdownLeaderElection(134)) - 4195d107-8053-4d3d-86a1-081a04d6e190: shutdown LeaderElection
2020-06-09 10:29:14,085 [4195d107-8053-4d3d-86a1-081a04d6e190@group-FB546344901B-LeaderElection3] INFO  impl.RaftServerImpl (RaftServerImpl.java:setRole(175)) - 4195d107-8053-4d3d-86a1-081a04d6e190@group-FB546344901B: changes role from CANDIDATE to LEADER at term 1 for changeToLeader
2020-06-09 10:29:14,086 [4195d107-8053-4d3d-86a1-081a04d6e190@group-FB546344901B-LeaderElection3] INFO  ratis.XceiverServerRatis (XceiverServerRatis.java:handleLeaderChangedNotification(762)) - Leader change notification received for group: group-FB546344901B with new leaderId: 4195d107-8053-4d3d-86a1-081a04d6e190
2020-06-09 10:29:14,086 [f19c8f7f-7f71-43a0-9f21-c8aa8ec0a160@group-FB546344901B-LeaderElection4] INFO  impl.LeaderElection (LeaderElection.java:askForVotes(206)) - f19c8f7f-7f71-43a0-9f21-c8aa8ec0a160@group-FB546344901B-LeaderElection4: begin an election at term 2 for -1: [f19c8f7f-7f71-43a0-9f21-c8aa8ec0a160:172.17.0.2:33881, c73bcb3f-4fc6-4b4e-af5e-d374dcf0479d:172.17.0.2:44855, 4195d107-8053-4d3d-86a1-081a04d6e190:172.17.0.2:35423], old=null
2020-06-09 10:29:14,088 [4195d107-8053-4d3d-86a1-081a04d6e190@group-FB546344901B-LeaderElection3] INFO  impl.RaftServerImpl (ServerState.java:setLeader(255)) - 4195d107-8053-4d3d-86a1-081a04d6e190@group-FB546344901B: change Leader from null to 4195d107-8053-4d3d-86a1-081a04d6e190 at term 1 for becomeLeader, leader elected after 5152ms
2020-06-09 10:29:14,088 [4195d107-8053-4d3d-86a1-081a04d6e190@group-FB546344901B-LeaderElection3] INFO  server.RaftServerConfigKeys (ConfUtils.java:logGet(44)) - raft.server.staging.catchup.gap = 1000 (default)
2020-06-09 10:29:14,089 [4195d107-8053-4d3d-86a1-081a04d6e190@group-FB546344901B-LeaderElection3] INFO  server.RaftServerConfigKeys (ConfUtils.java:logGet(44)) - raft.server.rpc.sleep.time = 25ms (default)
2020-06-09 10:29:14,089 [f19c8f7f-7f71-43a0-9f21-c8aa8ec0a160@group-FB546344901B-LeaderElection4] INFO  impl.LeaderElection (LeaderElection.java:logAndReturn(61)) - f19c8f7f-7f71-43a0-9f21-c8aa8ec0a160@group-FB546344901B-LeaderElection4: Election REJECTED; received 0 response(s) [] and 0 exception(s); f19c8f7f-7f71-43a0-9f21-c8aa8ec0a160@group-FB546344901B:t2, leader=null, voted=f19c8f7f-7f71-43a0-9f21-c8aa8ec0a160, raftlog=f19c8f7f-7f71-43a0-9f21-c8aa8ec0a160@group-FB546344901B-SegmentedRaftLog:OPENED:c-1,f-1,i0, conf=-1: [f19c8f7f-7f71-43a0-9f21-c8aa8ec0a160:172.17.0.2:33881, c73bcb3f-4fc6-4b4e-af5e-d374dcf0479d:172.17.0.2:44855, 4195d107-8053-4d3d-86a1-081a04d6e190:172.17.0.2:35423], old=null
2020-06-09 10:29:14,090 [EventQueue-PipelineReportForPipelineReportHandler] INFO  pipeline.PipelineStateManager (PipelineStateManager.java:openPipeline(131)) - Pipeline Pipeline[ Id: a8bb2aae-6b86-409f-ade9-fb546344901b, Nodes: 4195d107-8053-4d3d-86a1-081a04d6e190{ip: 172.17.0.2, host: 77cef2ee2629, networkLocation: /default-rack, certSerialId: null}f19c8f7f-7f71-43a0-9f21-c8aa8ec0a160{ip: 172.17.0.2, host: 77cef2ee2629, networkLocation: /default-rack, certSerialId: null}c73bcb3f-4fc6-4b4e-af5e-d374dcf0479d{ip: 172.17.0.2, host: 77cef2ee2629, networkLocation: /default-rack, certSerialId: null}, Type:RATIS, Factor:THREE, State:ALLOCATED, leaderId:4195d107-8053-4d3d-86a1-081a04d6e190, CreationTimestamp2020-06-09T10:29:06.007Z] moved to OPEN state
2020-06-09 10:29:14,091 [EventQueue-OpenPipelineForOneReplicaPipelineSafeModeRule] INFO  safemode.SCMSafeModeManager (SCMSafeModeManager.java:validateSafeModeExitRules(213)) - AtleastOneDatanodeReportedRule rule is successfully validated
2020-06-09 10:29:14,089 [4195d107-8053-4d3d-86a1-081a04d6e190@group-FB546344901B-LeaderElection3] INFO  metrics.RatisMetrics (RatisMetrics.java:lambda$create$0(36)) - Creating Metrics Registry : ratis.log_appender.4195d107-8053-4d3d-86a1-081a04d6e190@group-FB546344901B
2020-06-09 10:29:14,093 [4195d107-8053-4d3d-86a1-081a04d6e190@group-FB546344901B-LeaderElection3] INFO  server.RaftServerConfigKeys (ConfUtils.java:logGet(44)) - raft.server.write.element-limit = 1024 (custom)
2020-06-09 10:29:14,093 [4195d107-8053-4d3d-86a1-081a04d6e190@group-FB546344901B-LeaderElection3] INFO  server.RaftServerConfigKeys (ConfUtils.java:logGet(44)) - raft.server.write.byte-limit = 1073741824 (custom)
2020-06-09 10:29:14,093 [4195d107-8053-4d3d-86a1-081a04d6e190@group-FB546344901B-LeaderElection3] INFO  server.RaftServerConfigKeys (ConfUtils.java:logGet(44)) - raft.server.watch.timeout = 3s (custom)
2020-06-09 10:29:14,094 [4195d107-8053-4d3d-86a1-081a04d6e190@group-FB546344901B-LeaderElection3] INFO  server.RaftServerConfigKeys (ConfUtils.java:logGet(44)) - raft.server.watch.timeout.denomination = 1s (default)
2020-06-09 10:29:14,094 [4195d107-8053-4d3d-86a1-081a04d6e190@group-FB546344901B-LeaderElection3] INFO  server.RaftServerConfigKeys (ConfUtils.java:logGet(44)) - raft.server.watch.element-limit = 65536 (default)
2020-06-09 10:29:14,096 [4195d107-8053-4d3d-86a1-081a04d6e190@group-FB546344901B-LeaderElection3] INFO  server.RaftServerConfigKeys (ConfUtils.java:logGet(44)) - raft.server.log.appender.snapshot.chunk.size.max = 16MB (=16777216) (default)
2020-06-09 10:29:14,097 [4195d107-8053-4d3d-86a1-081a04d6e190@group-FB546344901B-LeaderElection3] INFO  server.RaftServerConfigKeys (ConfUtils.java:logGet(44)) - raft.server.log.appender.buffer.byte-limit = 33554432 (custom)
2020-06-09 10:29:14,097 [4195d107-8053-4d3d-86a1-081a04d6e190@group-FB546344901B-LeaderElection3] INFO  server.RaftServerConfigKeys (ConfUtils.java:logGet(44)) - raft.server.log.appender.buffer.element-limit = 1 (custom)
2020-06-09 10:29:14,091 [EventQueue-OpenPipelineForHealthyPipelineSafeModeRule] INFO  safemode.SCMSafeModeManager (HealthyPipelineSafeModeRule.java:process(132)) - SCM in safe mode. Healthy pipelines reported count is 1, required healthy pipeline reported count is 1
2020-06-09 10:29:14,100 [EventQueue-OpenPipelineForHealthyPipelineSafeModeRule] INFO  safemode.SCMSafeModeManager (SCMSafeModeManager.java:validateSafeModeExitRules(213)) - HealthyPipelineSafeModeRule rule is successfully validated
2020-06-09 10:29:14,100 [EventQueue-OpenPipelineForHealthyPipelineSafeModeRule] INFO  safemode.SCMSafeModeManager (SCMSafeModeManager.java:validateSafeModeExitRules(227)) - ScmSafeModeManager, all rules are successfully validated
2020-06-09 10:29:14,100 [EventQueue-OpenPipelineForHealthyPipelineSafeModeRule] INFO  safemode.SCMSafeModeManager (SCMSafeModeManager.java:exitSafeMode(256)) - SCM exiting safe mode.
2020-06-09 10:29:14,120 [4195d107-8053-4d3d-86a1-081a04d6e190@group-FB546344901B-LeaderElection3] INFO  grpc.GrpcConfigKeys (ConfUtils.java:logGet(44)) - raft.grpc.server.leader.outstanding.appends.max = 128 (default)
2020-06-09 10:29:14,124 [4195d107-8053-4d3d-86a1-081a04d6e190@group-FB546344901B-LeaderElection3] INFO  server.RaftServerConfigKeys (ConfUtils.java:logGet(44)) - raft.server.rpc.request.timeout = 3s (default)
2020-06-09 10:29:14,130 [4195d107-8053-4d3d-86a1-081a04d6e190@group-FB546344901B-LeaderElection3] INFO  server.RaftServerConfigKeys (ConfUtils.java:logGet(44)) - raft.server.log.appender.install.snapshot.enabled = false (custom)
2020-06-09 10:29:14,130 [grpc-default-executor-2] INFO  impl.RaftServerImpl (RaftServerImpl.java:setRole(175)) - c73bcb3f-4fc6-4b4e-af5e-d374dcf0479d@group-FB546344901B: changes role from  FOLLOWER to FOLLOWER at term 2 for recognizeCandidate:f19c8f7f-7f71-43a0-9f21-c8aa8ec0a160
2020-06-09 10:29:14,137 [grpc-default-executor-2] INFO  impl.RoleInfo (RoleInfo.java:shutdownFollowerState(121)) - c73bcb3f-4fc6-4b4e-af5e-d374dcf0479d: shutdown FollowerState
2020-06-09 10:29:14,137 [grpc-default-executor-2] INFO  impl.RoleInfo (RoleInfo.java:updateAndGet(143)) - c73bcb3f-4fc6-4b4e-af5e-d374dcf0479d: start FollowerState
2020-06-09 10:29:14,131 [4195d107-8053-4d3d-86a1-081a04d6e190@group-FB546344901B-LeaderElection3] INFO  metrics.RatisMetrics (RatisMetrics.java:lambda$create$0(36)) - Creating Metrics Registry : ratis_grpc.log_appender.4195d107-8053-4d3d-86a1-081a04d6e190@group-FB546344901B
2020-06-09 10:29:14,137 [Thread-228] INFO  impl.FollowerState (FollowerState.java:run(117)) - c73bcb3f-4fc6-4b4e-af5e-d374dcf0479d@group-FB546344901B-FollowerState was interrupted: java.lang.InterruptedException: sleep interrupted
2020-06-09 10:29:14,141 [4195d107-8053-4d3d-86a1-081a04d6e190@group-FB546344901B-LeaderElection3] INFO  server.RaftServerConfigKeys (ConfUtils.java:logGet(44)) - raft.server.log.appender.snapshot.chunk.size.max = 16MB (=16777216) (default)
2020-06-09 10:29:14,142 [4195d107-8053-4d3d-86a1-081a04d6e190@group-FB546344901B-LeaderElection3] INFO  server.RaftServerConfigKeys (ConfUtils.java:logGet(44)) - raft.server.log.appender.buffer.byte-limit = 33554432 (custom)
2020-06-09 10:29:14,142 [4195d107-8053-4d3d-86a1-081a04d6e190@group-FB546344901B-LeaderElection3] INFO  server.RaftServerConfigKeys (ConfUtils.java:logGet(44)) - raft.server.log.appender.buffer.element-limit = 1 (custom)
2020-06-09 10:29:14,148 [4195d107-8053-4d3d-86a1-081a04d6e190@group-FB546344901B-LeaderElection3] INFO  grpc.GrpcConfigKeys (ConfUtils.java:logGet(44)) - raft.grpc.server.leader.outstanding.appends.max = 128 (default)
2020-06-09 10:29:14,148 [4195d107-8053-4d3d-86a1-081a04d6e190@group-FB546344901B-LeaderElection3] INFO  server.RaftServerConfigKeys (ConfUtils.java:logGet(44)) - raft.server.rpc.request.timeout = 3s (default)
2020-06-09 10:29:14,148 [4195d107-8053-4d3d-86a1-081a04d6e190@group-FB546344901B-LeaderElection3] INFO  server.RaftServerConfigKeys (ConfUtils.java:logGet(44)) - raft.server.log.appender.install.snapshot.enabled = false (custom)
2020-06-09 10:29:14,164 [4195d107-8053-4d3d-86a1-081a04d6e190@group-FB546344901B-LeaderElection3] INFO  impl.RoleInfo (RoleInfo.java:updateAndGet(143)) - 4195d107-8053-4d3d-86a1-081a04d6e190: start LeaderState
2020-06-09 10:29:14,164 [4195d107-8053-4d3d-86a1-081a04d6e190@group-FB546344901B-LeaderElection3] INFO  segmented.SegmentedRaftLogWorker (SegmentedRaftLogWorker.java:startLogSegment(397)) - 4195d107-8053-4d3d-86a1-081a04d6e190@group-FB546344901B-SegmentedRaftLogWorker: Starting segment from index:0
2020-06-09 10:29:14,172 [4195d107-8053-4d3d-86a1-081a04d6e190@group-FB546344901B-LeaderElection3] INFO  impl.RaftServerImpl (ServerState.java:setRaftConf(356)) - 4195d107-8053-4d3d-86a1-081a04d6e190@group-FB546344901B: set configuration 0: [f19c8f7f-7f71-43a0-9f21-c8aa8ec0a160:172.17.0.2:33881, c73bcb3f-4fc6-4b4e-af5e-d374dcf0479d:172.17.0.2:44855, 4195d107-8053-4d3d-86a1-081a04d6e190:172.17.0.2:35423], old=null at 0
2020-06-09 10:29:14,173 [4195d107-8053-4d3d-86a1-081a04d6e190@group-4EC77E48120B-SegmentedRaftLogWorker] INFO  segmented.SegmentedRaftLogWorker (SegmentedRaftLogWorker.java:execute(596)) - 4195d107-8053-4d3d-86a1-081a04d6e190@group-4EC77E48120B-SegmentedRaftLogWorker: created new log segment /github/workspace/mnt/ozone/hadoop-ozone/integration-test/target/test-dir/MiniOzoneClusterImpl-55c3c36b-df07-4797-ad76-ca669897d6c5/datanode-1/data/ratis/ee92ba83-f1e9-4449-a2a7-4ec77e48120b/current/log_inprogress_0
2020-06-09 10:29:14,176 [4195d107-8053-4d3d-86a1-081a04d6e190@group-FB546344901B-SegmentedRaftLogWorker] INFO  segmented.SegmentedRaftLogWorker (SegmentedRaftLogWorker.java:execute(596)) - 4195d107-8053-4d3d-86a1-081a04d6e190@group-FB546344901B-SegmentedRaftLogWorker: created new log segment /github/workspace/mnt/ozone/hadoop-ozone/integration-test/target/test-dir/MiniOzoneClusterImpl-55c3c36b-df07-4797-ad76-ca669897d6c5/datanode-1/data/ratis/a8bb2aae-6b86-409f-ade9-fb546344901b/current/log_inprogress_0
2020-06-09 10:29:14,176 [f19c8f7f-7f71-43a0-9f21-c8aa8ec0a160@group-C2D4063F12B4-SegmentedRaftLogWorker] INFO  segmented.SegmentedRaftLogWorker (SegmentedRaftLogWorker.java:execute(596)) - f19c8f7f-7f71-43a0-9f21-c8aa8ec0a160@group-C2D4063F12B4-SegmentedRaftLogWorker: created new log segment /github/workspace/mnt/ozone/hadoop-ozone/integration-test/target/test-dir/MiniOzoneClusterImpl-55c3c36b-df07-4797-ad76-ca669897d6c5/datanode-0/data/ratis/0e8df833-4424-4e69-a2ab-c2d4063f12b4/current/log_inprogress_0
2020-06-09 10:29:14,177 [grpc-default-executor-0] INFO  impl.RaftServerImpl (ServerState.java:setLeader(255)) - 4195d107-8053-4d3d-86a1-081a04d6e190@group-FB546344901B: change Leader from 4195d107-8053-4d3d-86a1-081a04d6e190 to null at term 2 for updateCurrentTerm
2020-06-09 10:29:14,177 [grpc-default-executor-0] INFO  impl.RaftServerImpl (RaftServerImpl.java:setRole(175)) - 4195d107-8053-4d3d-86a1-081a04d6e190@group-FB546344901B: changes role from    LEADER to FOLLOWER at term 2 for recognizeCandidate:f19c8f7f-7f71-43a0-9f21-c8aa8ec0a160
2020-06-09 10:29:14,177 [grpc-default-executor-0] INFO  impl.RoleInfo (RoleInfo.java:shutdownLeaderState(104)) - 4195d107-8053-4d3d-86a1-081a04d6e190: shutdown LeaderState
2020-06-09 10:29:14,177 [grpc-default-executor-0] INFO  metrics.RatisMetrics (RatisMetrics.java:unregister(43)) - Unregistering Metrics Registry : ratis_grpc.log_appender.4195d107-8053-4d3d-86a1-081a04d6e190@group-FB546344901B
2020-06-09 10:29:14,182 [grpc-default-executor-0] INFO  metrics.RatisMetrics (RatisMetrics.java:unregister(43)) - Unregistering Metrics Registry : ratis_grpc.log_appender.4195d107-8053-4d3d-86a1-081a04d6e190@group-FB546344901B
2020-06-09 10:29:14,183 [grpc-default-executor-0] INFO  impl.PendingRequests (PendingRequests.java:sendNotLeaderResponses(249)) - 4195d107-8053-4d3d-86a1-081a04d6e190@group-FB546344901B-PendingRequests: sendNotLeaderResponses
2020-06-09 10:29:14,185 [grpc-default-executor-0] INFO  metrics.RatisMetrics (RatisMetrics.java:unregister(43)) - Unregistering Metrics Registry : ratis.log_appender.4195d107-8053-4d3d-86a1-081a04d6e190@group-FB546344901B
2020-06-09 10:29:14,185 [grpc-default-executor-0] INFO  metrics.RatisMetrics (RatisMetrics.java:unregister(43)) - Unregistering Metrics Registry : ratis.server.4195d107-8053-4d3d-86a1-081a04d6e190@group-FB546344901B
2020-06-09 10:29:14,185 [grpc-default-executor-0] INFO  impl.RoleInfo (RoleInfo.java:updateAndGet(143)) - 4195d107-8053-4d3d-86a1-081a04d6e190: start FollowerState
2020-06-09 10:29:14,200 [grpc-default-executor-2] INFO  server.GrpcServerProtocolService (GrpcServerProtocolService.java:onCompleted(138)) - f19c8f7f-7f71-43a0-9f21-c8aa8ec0a160: Completed APPEND_ENTRIES, lastRequest: null
2020-06-09 10:29:14,203 [grpc-default-executor-2] INFO  server.GrpcLogAppender (GrpcLogAppender.java:onCompleted(319)) - 4195d107-8053-4d3d-86a1-081a04d6e190@group-FB546344901B->f19c8f7f-7f71-43a0-9f21-c8aa8ec0a160-AppendLogResponseHandler: follower responses appendEntries COMPLETED
2020-06-09 10:29:14,207 [grpc-default-executor-2] INFO  impl.FollowerInfo (FollowerInfo.java:lambda$new$0(51)) - 4195d107-8053-4d3d-86a1-081a04d6e190@group-FB546344901B->f19c8f7f-7f71-43a0-9f21-c8aa8ec0a160: nextIndex: updateUnconditionally 0 -> 0
2020-06-09 10:29:14,240 [Thread-201] INFO  impl.FollowerState (FollowerState.java:run(108)) - c73bcb3f-4fc6-4b4e-af5e-d374dcf0479d@group-EB3C52AD4EEE-FollowerState: change to CANDIDATE, lastRpcTime:5167ms, electionTimeout:5166ms
2020-06-09 10:29:14,240 [Thread-201] INFO  impl.RoleInfo (RoleInfo.java:shutdownFollowerState(121)) - c73bcb3f-4fc6-4b4e-af5e-d374dcf0479d: shutdown FollowerState
2020-06-09 10:29:14,240 [Thread-201] INFO  impl.RaftServerImpl (RaftServerImpl.java:setRole(175)) - c73bcb3f-4fc6-4b4e-af5e-d374dcf0479d@group-EB3C52AD4EEE: changes role from  FOLLOWER to CANDIDATE at term 0 for changeToCandidate
2020-06-09 10:29:14,240 [Thread-201] INFO  impl.RoleInfo (RoleInfo.java:updateAndGet(143)) - c73bcb3f-4fc6-4b4e-af5e-d374dcf0479d: start LeaderElection
2020-06-09 10:29:14,243 [c73bcb3f-4fc6-4b4e-af5e-d374dcf0479d@group-EB3C52AD4EEE-LeaderElection5] INFO  impl.LeaderElection (LeaderElection.java:askForVotes(206)) - c73bcb3f-4fc6-4b4e-af5e-d374dcf0479d@group-EB3C52AD4EEE-LeaderElection5: begin an election at term 1 for -1: [c73bcb3f-4fc6-4b4e-af5e-d374dcf0479d:172.17.0.2:44855], old=null
2020-06-09 10:29:14,243 [c73bcb3f-4fc6-4b4e-af5e-d374dcf0479d@group-EB3C52AD4EEE-LeaderElection5] INFO  impl.RoleInfo (RoleInfo.java:shutdownLeaderElection(134)) - c73bcb3f-4fc6-4b4e-af5e-d374dcf0479d: shutdown LeaderElection
2020-06-09 10:29:14,243 [c73bcb3f-4fc6-4b4e-af5e-d374dcf0479d@group-EB3C52AD4EEE-LeaderElection5] INFO  impl.RaftServerImpl (RaftServerImpl.java:setRole(175)) - c73bcb3f-4fc6-4b4e-af5e-d374dcf0479d@group-EB3C52AD4EEE: changes role from CANDIDATE to LEADER at term 1 for changeToLeader
2020-06-09 10:29:14,244 [c73bcb3f-4fc6-4b4e-af5e-d374dcf0479d@group-EB3C52AD4EEE-LeaderElection5] INFO  ratis.XceiverServerRatis (XceiverServerRatis.java:handleLeaderChangedNotification(762)) - Leader change notification received for group: group-EB3C52AD4EEE with new leaderId: c73bcb3f-4fc6-4b4e-af5e-d374dcf0479d
2020-06-09 10:29:14,244 [c73bcb3f-4fc6-4b4e-af5e-d374dcf0479d@group-EB3C52AD4EEE-LeaderElection5] INFO  impl.RaftServerImpl (ServerState.java:setLeader(255)) - c73bcb3f-4fc6-4b4e-af5e-d374dcf0479d@group-EB3C52AD4EEE: change Leader from null to c73bcb3f-4fc6-4b4e-af5e-d374dcf0479d at term 1 for becomeLeader, leader elected after 5211ms
2020-06-09 10:29:14,244 [c73bcb3f-4fc6-4b4e-af5e-d374dcf0479d@group-EB3C52AD4EEE-LeaderElection5] INFO  server.RaftServerConfigKeys (ConfUtils.java:logGet(44)) - raft.server.staging.catchup.gap = 1000 (default)
2020-06-09 10:29:14,245 [c73bcb3f-4fc6-4b4e-af5e-d374dcf0479d@group-EB3C52AD4EEE-LeaderElection5] INFO  server.RaftServerConfigKeys (ConfUtils.java:logGet(44)) - raft.server.rpc.sleep.time = 25ms (default)
2020-06-09 10:29:14,245 [c73bcb3f-4fc6-4b4e-af5e-d374dcf0479d@group-EB3C52AD4EEE-LeaderElection5] INFO  metrics.RatisMetrics (RatisMetrics.java:lambda$create$0(36)) - Creating Metrics Registry : ratis.log_appender.c73bcb3f-4fc6-4b4e-af5e-d374dcf0479d@group-EB3C52AD4EEE
2020-06-09 10:29:14,245 [c73bcb3f-4fc6-4b4e-af5e-d374dcf0479d@group-EB3C52AD4EEE-LeaderElection5] INFO  server.RaftServerConfigKeys (ConfUtils.java:logGet(44)) - raft.server.write.element-limit = 1024 (custom)
2020-06-09 10:29:14,246 [c73bcb3f-4fc6-4b4e-af5e-d374dcf0479d@group-EB3C52AD4EEE-LeaderElection5] INFO  server.RaftServerConfigKeys (ConfUtils.java:logGet(44)) - raft.server.write.byte-limit = 1073741824 (custom)
2020-06-09 10:29:14,246 [c73bcb3f-4fc6-4b4e-af5e-d374dcf0479d@group-EB3C52AD4EEE-LeaderElection5] INFO  server.RaftServerConfigKeys (ConfUtils.java:logGet(44)) - raft.server.watch.timeout = 3s (custom)
2020-06-09 10:29:14,249 [c73bcb3f-4fc6-4b4e-af5e-d374dcf0479d@group-EB3C52AD4EEE-LeaderElection5] INFO  server.RaftServerConfigKeys (ConfUtils.java:logGet(44)) - raft.server.watch.timeout.denomination = 1s (default)
2020-06-09 10:29:14,249 [c73bcb3f-4fc6-4b4e-af5e-d374dcf0479d@group-EB3C52AD4EEE-LeaderElection5] INFO  server.RaftServerConfigKeys (ConfUtils.java:logGet(44)) - raft.server.watch.element-limit = 65536 (default)
2020-06-09 10:29:14,249 [c73bcb3f-4fc6-4b4e-af5e-d374dcf0479d@group-EB3C52AD4EEE-LeaderElection5] INFO  impl.RoleInfo (RoleInfo.java:updateAndGet(143)) - c73bcb3f-4fc6-4b4e-af5e-d374dcf0479d: start LeaderState
2020-06-09 10:29:14,249 [c73bcb3f-4fc6-4b4e-af5e-d374dcf0479d@group-EB3C52AD4EEE-LeaderElection5] INFO  segmented.SegmentedRaftLogWorker (SegmentedRaftLogWorker.java:startLogSegment(397)) - c73bcb3f-4fc6-4b4e-af5e-d374dcf0479d@group-EB3C52AD4EEE-SegmentedRaftLogWorker: Starting segment from index:0
2020-06-09 10:29:14,250 [c73bcb3f-4fc6-4b4e-af5e-d374dcf0479d@group-EB3C52AD4EEE-LeaderElection5] INFO  impl.RaftServerImpl (ServerState.java:setRaftConf(356)) - c73bcb3f-4fc6-4b4e-af5e-d374dcf0479d@group-EB3C52AD4EEE: set configuration 0: [c73bcb3f-4fc6-4b4e-af5e-d374dcf0479d:172.17.0.2:44855], old=null at 0
2020-06-09 10:29:14,251 [c73bcb3f-4fc6-4b4e-af5e-d374dcf0479d@group-EB3C52AD4EEE-SegmentedRaftLogWorker] INFO  segmented.SegmentedRaftLogWorker (SegmentedRaftLogWorker.java:execute(596)) - c73bcb3f-4fc6-4b4e-af5e-d374dcf0479d@group-EB3C52AD4EEE-SegmentedRaftLogWorker: created new log segment /github/workspace/mnt/ozone/hadoop-ozone/integration-test/target/test-dir/MiniOzoneClusterImpl-55c3c36b-df07-4797-ad76-ca669897d6c5/datanode-2/data/ratis/7917d303-f726-4633-85fd-eb3c52ad4eee/current/log_inprogress_0
2020-06-09 10:29:14,976 [Listener at 127.0.0.1/39135] INFO  ozone.MiniOzoneClusterImpl (MiniOzoneClusterImpl.java:lambda$waitForClusterToBeReady$0(177)) - Nodes are ready. Got 3 of 3 DN Heartbeats.
2020-06-09 10:29:14,976 [Listener at 127.0.0.1/39135] INFO  ozone.MiniOzoneClusterImpl (MiniOzoneClusterImpl.java:lambda$waitForClusterToBeReady$0(180)) - Cluster exits safe mode
2020-06-09 10:29:15,661 [Listener at 127.0.0.1/39135] INFO  rpc.RpcClient (RpcClient.java:createVolume(310)) - Creating Volume: testcontainerstatemachinefailures, with jenkins1001 as owner.
2020-06-09 10:29:15,746 [IPC Server handler 1 on default port 39135] INFO  volume.OMVolumeCreateRequest (OMVolumeCreateRequest.java:validateAndUpdateCache(204)) - created volume:testcontainerstatemachinefailures for user:jenkins1001
2020-06-09 10:29:15,774 [Listener at 127.0.0.1/39135] INFO  rpc.RpcClient (RpcClient.java:createBucket(450)) - Creating Bucket: testcontainerstatemachinefailures/testcontainerstatemachinefailures, with Versioning false and Storage Type set to DISK and Encryption set to false 
2020-06-09 10:29:15,934 [Listener at 127.0.0.1/39135] INFO  impl.MetricsSystemImpl (MetricsSystemImpl.java:init(158)) - XceiverClientMetrics metrics system started (again)
]]></system-out>
    <system-err><![CDATA[ERROR StatusLogger No Log4j 2 configuration file found. Using default configuration (logging only errors to the console), or user programmatically provided configurations. Set system property 'log4j2.debug' to show Log4j 2 internal initialization logging. See https://logging.apache.org/log4j/2.x/manual/configuration.html for instructions on how to configure Log4j 2
]]></system-err>
  </testcase>
</testsuite>