<?xml version="1.0" encoding="UTF-8"?>
<testsuite xmlns:xsi="http://www.w3.org/2001/XMLSchema-instance" xsi:noNamespaceSchemaLocation="https://maven.apache.org/surefire/maven-surefire-plugin/xsd/surefire-test-report.xsd" name="org.apache.hadoop.ozone.client.rpc.TestWatchForCommit" time="404.092" tests="4" errors="1" skipped="0" failures="0">
  <properties>
    <property name="awt.toolkit" value="sun.awt.X11.XToolkit"/>
    <property name="file.encoding.pkg" value="sun.io"/>
    <property name="java.specification.version" value="1.8"/>
    <property name="sun.cpu.isalist" value=""/>
    <property name="sun.jnu.encoding" value="UTF-8"/>
    <property name="java.class.path" value="/home/runner/work/ozone/ozone/hadoop-ozone/integration-test/target/test-classes:/home/runner/work/ozone/ozone/hadoop-ozone/integration-test/target/classes:/home/runner/.m2/repository/org/apache/ozone/ozone-common/1.3.0-SNAPSHOT/ozone-common-1.3.0-SNAPSHOT.jar:/home/runner/.m2/repository/org/apache/commons/commons-compress/1.21/commons-compress-1.21.jar:/home/runner/.m2/repository/org/apache/ozone/hdds-common/1.3.0-SNAPSHOT/hdds-common-1.3.0-SNAPSHOT.jar:/home/runner/.m2/repository/org/apache/ozone/hdds-client/1.3.0-SNAPSHOT/hdds-client-1.3.0-SNAPSHOT.jar:/home/runner/.m2/repository/org/apache/ozone/ozone-interface-client/1.3.0-SNAPSHOT/ozone-interface-client-1.3.0-SNAPSHOT.jar:/home/runner/.m2/repository/org/apache/ozone/hdds-test-utils/1.3.0-SNAPSHOT/hdds-test-utils-1.3.0-SNAPSHOT.jar:/home/runner/.m2/repository/com/google/guava/guava/30.1.1-jre/guava-30.1.1-jre.jar:/home/runner/.m2/repository/com/google/guava/failureaccess/1.0.1/failureaccess-1.0.1.jar:/home/runner/.m2/repository/com/google/guava/listenablefuture/9999.0-empty-to-avoid-conflict-with-guava/listenablefuture-9999.0-empty-to-avoid-conflict-with-guava.jar:/home/runner/.m2/repository/com/google/code/findbugs/jsr305/3.0.0/jsr305-3.0.0.jar:/home/runner/.m2/repository/org/checkerframework/checker-qual/3.8.0/checker-qual-3.8.0.jar:/home/runner/.m2/repository/com/google/errorprone/error_prone_annotations/2.2.0/error_prone_annotations-2.2.0.jar:/home/runner/.m2/repository/com/google/j2objc/j2objc-annotations/1.3/j2objc-annotations-1.3.jar:/home/runner/.m2/repository/commons-io/commons-io/2.11.0/commons-io-2.11.0.jar:/home/runner/.m2/repository/commons-logging/commons-logging/1.2/commons-logging-1.2.jar:/home/runner/.m2/repository/log4j/log4j/1.2.17/log4j-1.2.17.jar:/home/runner/.m2/repository/org/slf4j/slf4j-api/1.7.30/slf4j-api-1.7.30.jar:/home/runner/.m2/repository/org/apache/ozone/hdds-server-scm/1.3.0-SNAPSHOT/hdds-server-scm-1.3.0-SNAPSHOT.jar:/home/runner/.m2/repository/org/apache/ozone/hdds-container-service/1.3.0-SNAPSHOT/hdds-container-service-1.3.0-SNAPSHOT.jar:/home/runner/.m2/repository/org/apache/ozone/hdds-hadoop-dependency-server/1.3.0-SNAPSHOT/hdds-hadoop-dependency-server-1.3.0-SNAPSHOT.jar:/home/runner/.m2/repository/org/apache/hadoop/hadoop-hdfs/3.3.1/hadoop-hdfs-3.3.1.jar:/home/runner/.m2/repository/org/apache/ozone/hdds-server-framework/1.3.0-SNAPSHOT/hdds-server-framework-1.3.0-SNAPSHOT.jar:/home/runner/.m2/repository/org/apache/ozone/hdds-interface-server/1.3.0-SNAPSHOT/hdds-interface-server-1.3.0-SNAPSHOT.jar:/home/runner/.m2/repository/org/eclipse/jetty/jetty-servlet/9.4.43.v20210629/jetty-servlet-9.4.43.v20210629.jar:/home/runner/.m2/repository/org/eclipse/jetty/jetty-security/9.4.43.v20210629/jetty-security-9.4.43.v20210629.jar:/home/runner/.m2/repository/org/rocksdb/rocksdbjni/6.25.3/rocksdbjni-6.25.3.jar:/home/runner/.m2/repository/io/prometheus/simpleclient_dropwizard/0.7.0/simpleclient_dropwizard-0.7.0.jar:/home/runner/.m2/repository/io/prometheus/simpleclient/0.7.0/simpleclient-0.7.0.jar:/home/runner/.m2/repository/io/prometheus/simpleclient_common/0.7.0/simpleclient_common-0.7.0.jar:/home/runner/.m2/repository/com/fasterxml/jackson/datatype/jackson-datatype-jsr310/2.12.1/jackson-datatype-jsr310-2.12.1.jar:/home/runner/.m2/repository/io/dropwizard/metrics/metrics-core/3.2.4/metrics-core-3.2.4.jar:/home/runner/.m2/repository/org/apache/hadoop/hadoop-hdfs-client/3.3.1/hadoop-hdfs-client-3.3.1.jar:/home/runner/.m2/repository/org/bouncycastle/bcprov-jdk15on/1.67/bcprov-jdk15on-1.67.jar:/home/runner/.m2/repository/com/google/protobuf/protobuf-java/2.5.0/protobuf-java-2.5.0.jar:/home/runner/.m2/repository/org/apache/ozone/ozone-manager/1.3.0-SNAPSHOT/ozone-manager-1.3.0-SNAPSHOT.jar:/home/runner/.m2/repository/org/aspectj/aspectjrt/1.9.7/aspectjrt-1.9.7.jar:/home/runner/.m2/repository/org/aspectj/aspectjweaver/1.9.7/aspectjweaver-1.9.7.jar:/home/runner/.m2/repository/org/apache/ozone/hdds-interface-client/1.3.0-SNAPSHOT/hdds-interface-client-1.3.0-SNAPSHOT.jar:/home/runner/.m2/repository/org/apache/hadoop/thirdparty/hadoop-shaded-protobuf_3_7/1.1.1/hadoop-shaded-protobuf_3_7-1.1.1.jar:/home/runner/.m2/repository/org/apache/ozone/ozone-interface-storage/1.3.0-SNAPSHOT/ozone-interface-storage-1.3.0-SNAPSHOT.jar:/home/runner/.m2/repository/org/reflections/reflections/0.9.11/reflections-0.9.11.jar:/home/runner/.m2/repository/org/apache/hadoop/hadoop-minikdc/3.3.1/hadoop-minikdc-3.3.1.jar:/home/runner/.m2/repository/org/apache/kerby/kerb-simplekdc/1.0.1/kerb-simplekdc-1.0.1.jar:/home/runner/.m2/repository/org/apache/kerby/kerb-client/1.0.1/kerb-client-1.0.1.jar:/home/runner/.m2/repository/org/apache/kerby/kerby-config/1.0.1/kerby-config-1.0.1.jar:/home/runner/.m2/repository/org/apache/kerby/kerb-common/1.0.1/kerb-common-1.0.1.jar:/home/runner/.m2/repository/org/apache/kerby/kerb-crypto/1.0.1/kerb-crypto-1.0.1.jar:/home/runner/.m2/repository/org/apache/kerby/kerb-util/1.0.1/kerb-util-1.0.1.jar:/home/runner/.m2/repository/org/apache/kerby/token-provider/1.0.1/token-provider-1.0.1.jar:/home/runner/.m2/repository/org/apache/kerby/kerb-admin/1.0.1/kerb-admin-1.0.1.jar:/home/runner/.m2/repository/org/apache/kerby/kerb-server/1.0.1/kerb-server-1.0.1.jar:/home/runner/.m2/repository/org/apache/kerby/kerb-identity/1.0.1/kerb-identity-1.0.1.jar:/home/runner/.m2/repository/org/apache/kerby/kerby-xdr/1.0.1/kerby-xdr-1.0.1.jar:/home/runner/.m2/repository/org/slf4j/slf4j-log4j12/1.7.30/slf4j-log4j12-1.7.30.jar:/home/runner/.m2/repository/org/apache/ozone/ozone-s3gateway/1.3.0-SNAPSHOT/ozone-s3gateway-1.3.0-SNAPSHOT.jar:/home/runner/.m2/repository/org/javassist/javassist/3.21.0-GA/javassist-3.21.0-GA.jar:/home/runner/.m2/repository/org/jboss/weld/servlet/weld-servlet/2.4.7.Final/weld-servlet-2.4.7.Final.jar:/home/runner/.m2/repository/org/glassfish/jersey/containers/jersey-container-servlet-core/2.33/jersey-container-servlet-core-2.33.jar:/home/runner/.m2/repository/org/glassfish/hk2/external/jakarta.inject/2.6.1/jakarta.inject-2.6.1.jar:/home/runner/.m2/repository/org/glassfish/jersey/core/jersey-common/2.33/jersey-common-2.33.jar:/home/runner/.m2/repository/jakarta/ws/rs/jakarta.ws.rs-api/2.1.6/jakarta.ws.rs-api-2.1.6.jar:/home/runner/.m2/repository/org/glassfish/jersey/ext/cdi/jersey-cdi1x/2.33/jersey-cdi1x-2.33.jar:/home/runner/.m2/repository/org/glassfish/jersey/inject/jersey-hk2/2.33/jersey-hk2-2.33.jar:/home/runner/.m2/repository/org/glassfish/hk2/hk2-locator/2.6.1/hk2-locator-2.6.1.jar:/home/runner/.m2/repository/org/glassfish/jersey/media/jersey-media-jaxb/2.33/jersey-media-jaxb-2.33.jar:/home/runner/.m2/repository/org/glassfish/hk2/osgi-resource-locator/1.0.3/osgi-resource-locator-1.0.3.jar:/home/runner/.m2/repository/org/glassfish/hk2/hk2-api/2.5.0/hk2-api-2.5.0.jar:/home/runner/.m2/repository/org/glassfish/hk2/hk2-utils/2.5.0/hk2-utils-2.5.0.jar:/home/runner/.m2/repository/org/glassfish/hk2/external/aopalliance-repackaged/2.5.0/aopalliance-repackaged-2.5.0.jar:/home/runner/.m2/repository/com/fasterxml/jackson/dataformat/jackson-dataformat-xml/2.12.1/jackson-dataformat-xml-2.12.1.jar:/home/runner/.m2/repository/com/fasterxml/jackson/core/jackson-core/2.12.1/jackson-core-2.12.1.jar:/home/runner/.m2/repository/com/fasterxml/jackson/module/jackson-module-jaxb-annotations/2.12.1/jackson-module-jaxb-annotations-2.12.1.jar:/home/runner/.m2/repository/jakarta/xml/bind/jakarta.xml.bind-api/2.3.2/jakarta.xml.bind-api-2.3.2.jar:/home/runner/.m2/repository/org/codehaus/woodstox/stax2-api/3.1.4/stax2-api-3.1.4.jar:/home/runner/.m2/repository/com/fasterxml/woodstox/woodstox-core/5.0.3/woodstox-core-5.0.3.jar:/home/runner/.m2/repository/javax/enterprise/cdi-api/1.2/cdi-api-1.2.jar:/home/runner/.m2/repository/javax/el/javax.el-api/3.0.0/javax.el-api-3.0.0.jar:/home/runner/.m2/repository/javax/interceptor/javax.interceptor-api/1.2/javax.interceptor-api-1.2.jar:/home/runner/.m2/repository/javax/inject/javax.inject/1/javax.inject-1.jar:/home/runner/.m2/repository/javax/xml/bind/jaxb-api/2.3.0/jaxb-api-2.3.0.jar:/home/runner/.m2/repository/org/glassfish/jaxb/jaxb-runtime/2.3.0.1/jaxb-runtime-2.3.0.1.jar:/home/runner/.m2/repository/org/glassfish/jaxb/jaxb-core/2.3.0.1/jaxb-core-2.3.0.1.jar:/home/runner/.m2/repository/org/glassfish/jaxb/txw2/2.3.0.1/txw2-2.3.0.1.jar:/home/runner/.m2/repository/com/sun/istack/istack-commons-runtime/3.0.5/istack-commons-runtime-3.0.5.jar:/home/runner/.m2/repository/org/jvnet/staxex/stax-ex/1.7.8/stax-ex-1.7.8.jar:/home/runner/.m2/repository/com/sun/xml/fastinfoset/FastInfoset/1.2.13/FastInfoset-1.2.13.jar:/home/runner/.m2/repository/javax/activation/activation/1.1.1/activation-1.1.1.jar:/home/runner/.m2/repository/org/apache/ozone/ozone-csi/1.3.0-SNAPSHOT/ozone-csi-1.3.0-SNAPSHOT.jar:/home/runner/.m2/repository/com/google/protobuf/protobuf-java-util/3.12.0/protobuf-java-util-3.12.0.jar:/home/runner/.m2/repository/com/google/code/gson/gson/2.2.4/gson-2.2.4.jar:/home/runner/.m2/repository/org/apache/ozone/hdds-config/1.3.0-SNAPSHOT/hdds-config-1.3.0-SNAPSHOT.jar:/home/runner/.m2/repository/io/grpc/grpc-netty/1.33.0/grpc-netty-1.33.0.jar:/home/runner/.m2/repository/io/grpc/grpc-core/1.33.0/grpc-core-1.33.0.jar:/home/runner/.m2/repository/com/google/android/annotations/4.1.1.4/annotations-4.1.1.4.jar:/home/runner/.m2/repository/io/netty/netty-codec-http2/4.1.63.Final/netty-codec-http2-4.1.63.Final.jar:/home/runner/.m2/repository/io/netty/netty-codec-http/4.1.63.Final/netty-codec-http-4.1.63.Final.jar:/home/runner/.m2/repository/io/netty/netty-handler-proxy/4.1.63.Final/netty-handler-proxy-4.1.63.Final.jar:/home/runner/.m2/repository/io/netty/netty-codec-socks/4.1.63.Final/netty-codec-socks-4.1.63.Final.jar:/home/runner/.m2/repository/io/perfmark/perfmark-api/0.19.0/perfmark-api-0.19.0.jar:/home/runner/.m2/repository/org/codehaus/mojo/animal-sniffer-annotations/1.18/animal-sniffer-annotations-1.18.jar:/home/runner/.m2/repository/io/netty/netty-transport-native-epoll/4.1.63.Final/netty-transport-native-epoll-4.1.63.Final.jar:/home/runner/.m2/repository/io/netty/netty-common/4.1.63.Final/netty-common-4.1.63.Final.jar:/home/runner/.m2/repository/io/netty/netty-buffer/4.1.63.Final/netty-buffer-4.1.63.Final.jar:/home/runner/.m2/repository/io/netty/netty-transport-native-unix-common/4.1.63.Final/netty-transport-native-unix-common-4.1.63.Final.jar:/home/runner/.m2/repository/io/grpc/grpc-protobuf/1.33.0/grpc-protobuf-1.33.0.jar:/home/runner/.m2/repository/io/grpc/grpc-api/1.33.0/grpc-api-1.33.0.jar:/home/runner/.m2/repository/io/grpc/grpc-context/1.33.0/grpc-context-1.33.0.jar:/home/runner/.m2/repository/com/google/api/grpc/proto-google-common-protos/1.17.0/proto-google-common-protos-1.17.0.jar:/home/runner/.m2/repository/io/grpc/grpc-protobuf-lite/1.33.0/grpc-protobuf-lite-1.33.0.jar:/home/runner/.m2/repository/io/grpc/grpc-stub/1.33.0/grpc-stub-1.33.0.jar:/home/runner/.m2/repository/org/apache/ozone/ozone-recon/1.3.0-SNAPSHOT/ozone-recon-1.3.0-SNAPSHOT.jar:/home/runner/.m2/repository/org/apache/ozone/ozone-reconcodegen/1.3.0-SNAPSHOT/ozone-reconcodegen-1.3.0-SNAPSHOT.jar:/home/runner/.m2/repository/com/google/inject/extensions/guice-multibindings/4.0/guice-multibindings-4.0.jar:/home/runner/.m2/repository/com/google/inject/guice/4.0/guice-4.0.jar:/home/runner/.m2/repository/aopalliance/aopalliance/1.0/aopalliance-1.0.jar:/home/runner/.m2/repository/com/google/inject/extensions/guice-assistedinject/4.0/guice-assistedinject-4.0.jar:/home/runner/.m2/repository/com/google/inject/extensions/guice-servlet/4.0/guice-servlet-4.0.jar:/home/runner/.m2/repository/org/glassfish/jersey/containers/jersey-container-servlet/2.33/jersey-container-servlet-2.33.jar:/home/runner/.m2/repository/org/glassfish/hk2/guice-bridge/2.5.0/guice-bridge-2.5.0.jar:/home/runner/.m2/repository/org/glassfish/jersey/core/jersey-server/2.33/jersey-server-2.33.jar:/home/runner/.m2/repository/org/glassfish/jersey/core/jersey-client/2.33/jersey-client-2.33.jar:/home/runner/.m2/repository/jakarta/annotation/jakarta.annotation-api/1.3.5/jakarta.annotation-api-1.3.5.jar:/home/runner/.m2/repository/jakarta/validation/jakarta.validation-api/2.0.2/jakarta.validation-api-2.0.2.jar:/home/runner/.m2/repository/org/glassfish/jersey/media/jersey-media-json-jackson/2.33/jersey-media-json-jackson-2.33.jar:/home/runner/.m2/repository/org/glassfish/jersey/ext/jersey-entity-filtering/2.33/jersey-entity-filtering-2.33.jar:/home/runner/.m2/repository/org/jooq/jooq/3.11.10/jooq-3.11.10.jar:/home/runner/.m2/repository/org/jooq/jooq-meta/3.11.10/jooq-meta-3.11.10.jar:/home/runner/.m2/repository/org/jooq/jooq-codegen/3.11.10/jooq-codegen-3.11.10.jar:/home/runner/.m2/repository/com/jolbox/bonecp/0.8.0.RELEASE/bonecp-0.8.0.RELEASE.jar:/home/runner/.m2/repository/org/apache/derby/derby/10.14.2.0/derby-10.14.2.0.jar:/home/runner/.m2/repository/org/xerial/sqlite-jdbc/3.25.2/sqlite-jdbc-3.25.2.jar:/home/runner/.m2/repository/org/springframework/spring-jdbc/5.2.18.RELEASE/spring-jdbc-5.2.18.RELEASE.jar:/home/runner/.m2/repository/org/springframework/spring-beans/5.2.18.RELEASE/spring-beans-5.2.18.RELEASE.jar:/home/runner/.m2/repository/org/springframework/spring-core/5.2.18.RELEASE/spring-core-5.2.18.RELEASE.jar:/home/runner/.m2/repository/org/springframework/spring-jcl/5.2.18.RELEASE/spring-jcl-5.2.18.RELEASE.jar:/home/runner/.m2/repository/org/springframework/spring-tx/5.2.18.RELEASE/spring-tx-5.2.18.RELEASE.jar:/home/runner/.m2/repository/org/apache/ozone/ozone-client/1.3.0-SNAPSHOT/ozone-client-1.3.0-SNAPSHOT.jar:/home/runner/.m2/repository/org/apache/ozone/ozone-filesystem/1.3.0-SNAPSHOT/ozone-filesystem-1.3.0-SNAPSHOT.jar:/home/runner/.m2/repository/org/apache/ozone/ozone-filesystem-common/1.3.0-SNAPSHOT/ozone-filesystem-common-1.3.0-SNAPSHOT.jar:/home/runner/.m2/repository/org/apache/ozone/ozone-tools/1.3.0-SNAPSHOT/ozone-tools-1.3.0-SNAPSHOT.jar:/home/runner/.m2/repository/org/apache/ratis/ratis-tools/2.2.0/ratis-tools-2.2.0.jar:/home/runner/.m2/repository/com/amazonaws/aws-java-sdk-core/1.12.124/aws-java-sdk-core-1.12.124.jar:/home/runner/.m2/repository/org/apache/httpcomponents/httpclient/4.5.13/httpclient-4.5.13.jar:/home/runner/.m2/repository/org/apache/httpcomponents/httpcore/4.4.13/httpcore-4.4.13.jar:/home/runner/.m2/repository/software/amazon/ion/ion-java/1.0.2/ion-java-1.0.2.jar:/home/runner/.m2/repository/com/fasterxml/jackson/dataformat/jackson-dataformat-cbor/2.12.1/jackson-dataformat-cbor-2.12.1.jar:/home/runner/.m2/repository/joda-time/joda-time/2.8.1/joda-time-2.8.1.jar:/home/runner/.m2/repository/com/amazonaws/aws-java-sdk-s3/1.12.124/aws-java-sdk-s3-1.12.124.jar:/home/runner/.m2/repository/com/amazonaws/aws-java-sdk-kms/1.12.124/aws-java-sdk-kms-1.12.124.jar:/home/runner/.m2/repository/com/amazonaws/jmespath-java/1.12.124/jmespath-java-1.12.124.jar:/home/runner/.m2/repository/org/kohsuke/metainf-services/metainf-services/1.8/metainf-services-1.8.jar:/home/runner/.m2/repository/org/apache/ozone/hdds-tools/1.3.0-SNAPSHOT/hdds-tools-1.3.0-SNAPSHOT.jar:/home/runner/.m2/repository/commons-cli/commons-cli/1.2/commons-cli-1.2.jar:/home/runner/.m2/repository/org/apache/commons/commons-lang3/3.7/commons-lang3-3.7.jar:/home/runner/.m2/repository/org/apache/ozone/ozone-manager/1.3.0-SNAPSHOT/ozone-manager-1.3.0-SNAPSHOT-tests.jar:/home/runner/.m2/repository/org/apache/ozone/hdds-common/1.3.0-SNAPSHOT/hdds-common-1.3.0-SNAPSHOT-tests.jar:/home/runner/.m2/repository/org/apache/ozone/hdds-hadoop-dependency-client/1.3.0-SNAPSHOT/hdds-hadoop-dependency-client-1.3.0-SNAPSHOT.jar:/home/runner/.m2/repository/info/picocli/picocli/4.6.1/picocli-4.6.1.jar:/home/runner/.m2/repository/com/fasterxml/jackson/core/jackson-annotations/2.12.1/jackson-annotations-2.12.1.jar:/home/runner/.m2/repository/javax/annotation/javax.annotation-api/1.2/javax.annotation-api-1.2.jar:/home/runner/.m2/repository/org/apache/ratis/ratis-server/2.2.0/ratis-server-2.2.0.jar:/home/runner/.m2/repository/org/apache/ratis/ratis-client/2.2.0/ratis-client-2.2.0.jar:/home/runner/.m2/repository/org/apache/ratis/ratis-server-api/2.2.0/ratis-server-api-2.2.0.jar:/home/runner/.m2/repository/org/apache/ratis/ratis-metrics/2.2.0/ratis-metrics-2.2.0.jar:/home/runner/.m2/repository/org/apache/ratis/ratis-netty/2.2.0/ratis-netty-2.2.0.jar:/home/runner/.m2/repository/org/apache/ratis/ratis-grpc/2.2.0/ratis-grpc-2.2.0.jar:/home/runner/.m2/repository/org/apache/logging/log4j/log4j-api/2.17.1/log4j-api-2.17.1.jar:/home/runner/.m2/repository/org/apache/logging/log4j/log4j-core/2.17.1/log4j-core-2.17.1.jar:/home/runner/.m2/repository/com/lmax/disruptor/3.4.2/disruptor-3.4.2.jar:/home/runner/.m2/repository/org/apache/commons/commons-pool2/2.6.0/commons-pool2-2.6.0.jar:/home/runner/.m2/repository/org/bouncycastle/bcpkix-jdk15on/1.67/bcpkix-jdk15on-1.67.jar:/home/runner/.m2/repository/commons-validator/commons-validator/1.6/commons-validator-1.6.jar:/home/runner/.m2/repository/commons-beanutils/commons-beanutils/1.9.4/commons-beanutils-1.9.4.jar:/home/runner/.m2/repository/commons-digester/commons-digester/1.8.1/commons-digester-1.8.1.jar:/home/runner/.m2/repository/commons-collections/commons-collections/3.2.2/commons-collections-3.2.2.jar:/home/runner/.m2/repository/io/jaegertracing/jaeger-client/1.6.0/jaeger-client-1.6.0.jar:/home/runner/.m2/repository/io/jaegertracing/jaeger-thrift/1.6.0/jaeger-thrift-1.6.0.jar:/home/runner/.m2/repository/org/apache/thrift/libthrift/0.14.1/libthrift-0.14.1.jar:/home/runner/.m2/repository/com/squareup/okhttp3/okhttp/4.9.0/okhttp-4.9.0.jar:/home/runner/.m2/repository/com/squareup/okio/okio/2.8.0/okio-2.8.0.jar:/home/runner/.m2/repository/io/jaegertracing/jaeger-core/1.6.0/jaeger-core-1.6.0.jar:/home/runner/.m2/repository/io/jaegertracing/jaeger-tracerresolver/1.6.0/jaeger-tracerresolver-1.6.0.jar:/home/runner/.m2/repository/io/opentracing/contrib/opentracing-tracerresolver/0.1.8/opentracing-tracerresolver-0.1.8.jar:/home/runner/.m2/repository/org/jetbrains/kotlin/kotlin-stdlib/1.4.31/kotlin-stdlib-1.4.31.jar:/home/runner/.m2/repository/org/jetbrains/kotlin/kotlin-stdlib-common/1.4.31/kotlin-stdlib-common-1.4.31.jar:/home/runner/.m2/repository/org/jetbrains/annotations/13.0/annotations-13.0.jar:/home/runner/.m2/repository/io/opentracing/opentracing-util/0.33.0/opentracing-util-0.33.0.jar:/home/runner/.m2/repository/io/opentracing/opentracing-api/0.33.0/opentracing-api-0.33.0.jar:/home/runner/.m2/repository/io/opentracing/opentracing-noop/0.33.0/opentracing-noop-0.33.0.jar:/home/runner/.m2/repository/org/yaml/snakeyaml/1.26/snakeyaml-1.26.jar:/home/runner/.m2/repository/org/apache/ozone/hdds-interface-admin/1.3.0-SNAPSHOT/hdds-interface-admin-1.3.0-SNAPSHOT.jar:/home/runner/.m2/repository/junit/junit/4.13.1/junit-4.13.1.jar:/home/runner/.m2/repository/org/hamcrest/hamcrest-core/1.3/hamcrest-core-1.3.jar:/home/runner/.m2/repository/org/junit/jupiter/junit-jupiter-api/5.7.0/junit-jupiter-api-5.7.0.jar:/home/runner/.m2/repository/org/apiguardian/apiguardian-api/1.1.0/apiguardian-api-1.1.0.jar:/home/runner/.m2/repository/org/opentest4j/opentest4j/1.2.0/opentest4j-1.2.0.jar:/home/runner/.m2/repository/org/junit/platform/junit-platform-commons/1.7.0/junit-platform-commons-1.7.0.jar:/home/runner/.m2/repository/org/junit/jupiter/junit-jupiter-engine/5.7.0/junit-jupiter-engine-5.7.0.jar:/home/runner/.m2/repository/org/junit/platform/junit-platform-engine/1.7.0/junit-platform-engine-1.7.0.jar:/home/runner/.m2/repository/org/junit/vintage/junit-vintage-engine/5.7.0/junit-vintage-engine-5.7.0.jar:/home/runner/.m2/repository/org/junit/platform/junit-platform-launcher/1.7.0/junit-platform-launcher-1.7.0.jar:/home/runner/.m2/repository/org/mockito/mockito-core/2.28.2/mockito-core-2.28.2.jar:/home/runner/.m2/repository/net/bytebuddy/byte-buddy/1.9.10/byte-buddy-1.9.10.jar:/home/runner/.m2/repository/net/bytebuddy/byte-buddy-agent/1.9.10/byte-buddy-agent-1.9.10.jar:/home/runner/.m2/repository/org/objenesis/objenesis/1.0/objenesis-1.0.jar:/home/runner/.m2/repository/org/apache/hadoop/hadoop-kms/3.3.1/hadoop-kms-3.3.1.jar:/home/runner/.m2/repository/org/apache/hadoop/hadoop-auth/3.3.1/hadoop-auth-3.3.1.jar:/home/runner/.m2/repository/com/nimbusds/nimbus-jose-jwt/7.9/nimbus-jose-jwt-7.9.jar:/home/runner/.m2/repository/com/github/stephenc/jcip/jcip-annotations/1.0-1/jcip-annotations-1.0-1.jar:/home/runner/.m2/repository/net/minidev/json-smart/2.4.7/json-smart-2.4.7.jar:/home/runner/.m2/repository/net/minidev/accessors-smart/2.4.7/accessors-smart-2.4.7.jar:/home/runner/.m2/repository/org/ow2/asm/asm/5.0.4/asm-5.0.4.jar:/home/runner/.m2/repository/org/apache/zookeeper/zookeeper/3.5.6/zookeeper-3.5.6.jar:/home/runner/.m2/repository/org/apache/zookeeper/zookeeper-jute/3.5.6/zookeeper-jute-3.5.6.jar:/home/runner/.m2/repository/org/apache/yetus/audience-annotations/0.5.0/audience-annotations-0.5.0.jar:/home/runner/.m2/repository/org/apache/curator/curator-framework/4.2.0/curator-framework-4.2.0.jar:/home/runner/.m2/repository/org/apache/hadoop/thirdparty/hadoop-shaded-guava/1.1.1/hadoop-shaded-guava-1.1.1.jar:/home/runner/.m2/repository/com/sun/jersey/jersey-core/1.19/jersey-core-1.19.jar:/home/runner/.m2/repository/javax/ws/rs/jsr311-api/1.1.1/jsr311-api-1.1.1.jar:/home/runner/.m2/repository/com/sun/jersey/jersey-server/1.19/jersey-server-1.19.jar:/home/runner/.m2/repository/javax/servlet/javax.servlet-api/3.1.0/javax.servlet-api-3.1.0.jar:/home/runner/.m2/repository/org/eclipse/jetty/jetty-server/9.4.43.v20210629/jetty-server-9.4.43.v20210629.jar:/home/runner/.m2/repository/org/eclipse/jetty/jetty-http/9.4.43.v20210629/jetty-http-9.4.43.v20210629.jar:/home/runner/.m2/repository/org/eclipse/jetty/jetty-io/9.4.43.v20210629/jetty-io-9.4.43.v20210629.jar:/home/runner/.m2/repository/org/eclipse/jetty/jetty-webapp/9.4.43.v20210629/jetty-webapp-9.4.43.v20210629.jar:/home/runner/.m2/repository/org/eclipse/jetty/jetty-xml/9.4.43.v20210629/jetty-xml-9.4.43.v20210629.jar:/home/runner/.m2/repository/org/apache/hadoop/hadoop-common/3.3.1/hadoop-common-3.3.1.jar:/home/runner/.m2/repository/org/apache/commons/commons-math3/3.1.1/commons-math3-3.1.1.jar:/home/runner/.m2/repository/commons-net/commons-net/3.6/commons-net-3.6.jar:/home/runner/.m2/repository/jakarta/activation/jakarta.activation-api/1.2.1/jakarta.activation-api-1.2.1.jar:/home/runner/.m2/repository/com/sun/jersey/jersey-servlet/1.19/jersey-servlet-1.19.jar:/home/runner/.m2/repository/com/sun/jersey/jersey-json/1.19/jersey-json-1.19.jar:/home/runner/.m2/repository/org/codehaus/jettison/jettison/1.1/jettison-1.1.jar:/home/runner/.m2/repository/com/sun/xml/bind/jaxb-impl/2.2.3-1/jaxb-impl-2.2.3-1.jar:/home/runner/.m2/repository/org/codehaus/jackson/jackson-jaxrs/1.9.2/jackson-jaxrs-1.9.2.jar:/home/runner/.m2/repository/org/codehaus/jackson/jackson-xc/1.9.2/jackson-xc-1.9.2.jar:/home/runner/.m2/repository/org/apache/commons/commons-configuration2/2.1.1/commons-configuration2-2.1.1.jar:/home/runner/.m2/repository/org/apache/commons/commons-text/1.4/commons-text-1.4.jar:/home/runner/.m2/repository/com/google/re2j/re2j/1.1/re2j-1.1.jar:/home/runner/.m2/repository/com/jcraft/jsch/0.1.54/jsch-0.1.54.jar:/home/runner/.m2/repository/org/apache/curator/curator-client/4.2.0/curator-client-4.2.0.jar:/home/runner/.m2/repository/org/apache/curator/curator-recipes/4.2.0/curator-recipes-4.2.0.jar:/home/runner/.m2/repository/org/apache/kerby/kerb-core/1.0.1/kerb-core-1.0.1.jar:/home/runner/.m2/repository/org/apache/kerby/kerby-pkix/1.0.1/kerby-pkix-1.0.1.jar:/home/runner/.m2/repository/org/apache/kerby/kerby-asn1/1.0.1/kerby-asn1-1.0.1.jar:/home/runner/.m2/repository/org/apache/kerby/kerby-util/1.0.1/kerby-util-1.0.1.jar:/home/runner/.m2/repository/dnsjava/dnsjava/2.1.7/dnsjava-2.1.7.jar:/home/runner/.m2/repository/org/xerial/snappy/snappy-java/1.1.8.2/snappy-java-1.1.8.2.jar:/home/runner/.m2/repository/org/slf4j/jul-to-slf4j/1.7.30/jul-to-slf4j-1.7.30.jar:/home/runner/.m2/repository/org/eclipse/jetty/jetty-util/9.4.43.v20210629/jetty-util-9.4.43.v20210629.jar:/home/runner/.m2/repository/com/fasterxml/jackson/core/jackson-databind/2.12.1/jackson-databind-2.12.1.jar:/home/runner/.m2/repository/org/apache/hadoop/hadoop-kms/3.3.1/hadoop-kms-3.3.1-tests.jar:/home/runner/.m2/repository/org/apache/ozone/hdds-server-scm/1.3.0-SNAPSHOT/hdds-server-scm-1.3.0-SNAPSHOT-tests.jar:/home/runner/.m2/repository/org/apache/ozone/hdds-container-service/1.3.0-SNAPSHOT/hdds-container-service-1.3.0-SNAPSHOT-tests.jar:/home/runner/.m2/repository/commons-codec/commons-codec/1.11/commons-codec-1.11.jar:/home/runner/.m2/repository/io/netty/netty-transport/4.1.63.Final/netty-transport-4.1.63.Final.jar:/home/runner/.m2/repository/io/netty/netty-resolver/4.1.63.Final/netty-resolver-4.1.63.Final.jar:/home/runner/.m2/repository/io/netty/netty-codec/4.1.63.Final/netty-codec-4.1.63.Final.jar:/home/runner/.m2/repository/io/netty/netty-handler/4.1.63.Final/netty-handler-4.1.63.Final.jar:/home/runner/.m2/repository/org/apache/ozone/hdds-hadoop-dependency-test/1.3.0-SNAPSHOT/hdds-hadoop-dependency-test-1.3.0-SNAPSHOT.jar:/home/runner/.m2/repository/org/apache/hadoop/hadoop-common/3.3.1/hadoop-common-3.3.1-tests.jar:/home/runner/.m2/repository/org/assertj/assertj-core/3.12.2/assertj-core-3.12.2.jar:/home/runner/.m2/repository/org/apache/hadoop/hadoop-hdfs/3.3.1/hadoop-hdfs-3.3.1-tests.jar:/home/runner/.m2/repository/org/eclipse/jetty/jetty-util-ajax/9.4.43.v20210629/jetty-util-ajax-9.4.43.v20210629.jar:/home/runner/.m2/repository/commons-daemon/commons-daemon/1.0.13/commons-daemon-1.0.13.jar:/home/runner/.m2/repository/io/netty/netty/3.10.6.Final/netty-3.10.6.Final.jar:/home/runner/.m2/repository/io/netty/netty-all/4.1.63.Final/netty-all-4.1.63.Final.jar:/home/runner/.m2/repository/org/apache/htrace/htrace-core4/4.1.0-incubating/htrace-core4-4.1.0-incubating.jar:/home/runner/.m2/repository/org/fusesource/leveldbjni/leveldbjni-all/1.8/leveldbjni-all-1.8.jar:/home/runner/.m2/repository/org/apache/hadoop/hadoop-distcp/3.3.1/hadoop-distcp-3.3.1.jar:/home/runner/.m2/repository/org/apache/hadoop/hadoop-mapreduce-client-jobclient/3.3.1/hadoop-mapreduce-client-jobclient-3.3.1.jar:/home/runner/.m2/repository/org/apache/hadoop/hadoop-mapreduce-client-common/3.3.1/hadoop-mapreduce-client-common-3.3.1.jar:/home/runner/.m2/repository/org/apache/hadoop/hadoop-yarn-common/3.3.1/hadoop-yarn-common-3.3.1.jar:/home/runner/.m2/repository/org/apache/hadoop/hadoop-yarn-api/3.3.1/hadoop-yarn-api-3.3.1.jar:/home/runner/.m2/repository/com/sun/jersey/jersey-client/1.19/jersey-client-1.19.jar:/home/runner/.m2/repository/com/sun/jersey/contribs/jersey-guice/1.19/jersey-guice-1.19.jar:/home/runner/.m2/repository/com/fasterxml/jackson/jaxrs/jackson-jaxrs-json-provider/2.12.1/jackson-jaxrs-json-provider-2.12.1.jar:/home/runner/.m2/repository/com/fasterxml/jackson/jaxrs/jackson-jaxrs-base/2.12.1/jackson-jaxrs-base-2.12.1.jar:/home/runner/.m2/repository/org/apache/hadoop/hadoop-yarn-client/3.3.1/hadoop-yarn-client-3.3.1.jar:/home/runner/.m2/repository/org/eclipse/jetty/websocket/websocket-client/9.4.40.v20210413/websocket-client-9.4.40.v20210413.jar:/home/runner/.m2/repository/org/eclipse/jetty/jetty-client/9.4.40.v20210413/jetty-client-9.4.40.v20210413.jar:/home/runner/.m2/repository/org/eclipse/jetty/websocket/websocket-common/9.4.40.v20210413/websocket-common-9.4.40.v20210413.jar:/home/runner/.m2/repository/org/eclipse/jetty/websocket/websocket-api/9.4.40.v20210413/websocket-api-9.4.40.v20210413.jar:/home/runner/.m2/repository/org/jline/jline/3.9.0/jline-3.9.0.jar:/home/runner/.m2/repository/org/apache/hadoop/hadoop-mapreduce-client-core/3.3.1/hadoop-mapreduce-client-core-3.3.1.jar:/home/runner/.m2/repository/org/apache/avro/avro/1.7.7/avro-1.7.7.jar:/home/runner/.m2/repository/org/codehaus/jackson/jackson-core-asl/1.9.13/jackson-core-asl-1.9.13.jar:/home/runner/.m2/repository/org/codehaus/jackson/jackson-mapper-asl/1.9.13/jackson-mapper-asl-1.9.13.jar:/home/runner/.m2/repository/com/thoughtworks/paranamer/paranamer/2.3/paranamer-2.3.jar:/home/runner/.m2/repository/org/apache/hadoop/hadoop-annotations/3.3.1/hadoop-annotations-3.3.1.jar:/usr/lib/jvm/temurin-8-jdk-amd64/jre/../lib/tools.jar:/home/runner/.m2/repository/org/apache/hadoop/hadoop-distcp/3.3.1/hadoop-distcp-3.3.1-tests.jar:/home/runner/.m2/repository/org/apache/ratis/ratis-common/2.2.0/ratis-common-2.2.0.jar:/home/runner/.m2/repository/org/apache/ratis/ratis-thirdparty-misc/0.7.0/ratis-thirdparty-misc-0.7.0.jar:/home/runner/.m2/repository/org/apache/ratis/ratis-proto/2.2.0/ratis-proto-2.2.0.jar:"/>
    <property name="java.vm.vendor" value="Temurin"/>
    <property name="sun.arch.data.model" value="64"/>
    <property name="test.build.dir" value="/home/runner/work/ozone/ozone/hadoop-ozone/integration-test/target/test-dir"/>
    <property name="test.cache.data" value=""/>
    <property name="java.vendor.url" value="https://adoptium.net/"/>
    <property name="user.timezone" value=""/>
    <property name="java.vm.specification.version" value="1.8"/>
    <property name="os.name" value="Linux"/>
    <property name="test.build.data" value="/home/runner/work/ozone/ozone/hadoop-ozone/integration-test/target/test-dir"/>
    <property name="sun.java.launcher" value="SUN_STANDARD"/>
    <property name="sun.boot.library.path" value="/usr/lib/jvm/temurin-8-jdk-amd64/jre/lib/amd64"/>
    <property name="sun.java.command" value="/home/runner/work/ozone/ozone/hadoop-ozone/integration-test/target/surefire/surefirebooter6257227793208003793.jar /home/runner/work/ozone/ozone/hadoop-ozone/integration-test/target/surefire 2022-02-16T00-54-46_272-jvmRun1 surefire723585495357936505tmp surefire_204736036959301306872tmp"/>
    <property name="surefire.test.class.path" value="/home/runner/work/ozone/ozone/hadoop-ozone/integration-test/target/test-classes:/home/runner/work/ozone/ozone/hadoop-ozone/integration-test/target/classes:/home/runner/.m2/repository/org/apache/ozone/ozone-common/1.3.0-SNAPSHOT/ozone-common-1.3.0-SNAPSHOT.jar:/home/runner/.m2/repository/org/apache/commons/commons-compress/1.21/commons-compress-1.21.jar:/home/runner/.m2/repository/org/apache/ozone/hdds-common/1.3.0-SNAPSHOT/hdds-common-1.3.0-SNAPSHOT.jar:/home/runner/.m2/repository/org/apache/ozone/hdds-client/1.3.0-SNAPSHOT/hdds-client-1.3.0-SNAPSHOT.jar:/home/runner/.m2/repository/org/apache/ozone/ozone-interface-client/1.3.0-SNAPSHOT/ozone-interface-client-1.3.0-SNAPSHOT.jar:/home/runner/.m2/repository/org/apache/ozone/hdds-test-utils/1.3.0-SNAPSHOT/hdds-test-utils-1.3.0-SNAPSHOT.jar:/home/runner/.m2/repository/com/google/guava/guava/30.1.1-jre/guava-30.1.1-jre.jar:/home/runner/.m2/repository/com/google/guava/failureaccess/1.0.1/failureaccess-1.0.1.jar:/home/runner/.m2/repository/com/google/guava/listenablefuture/9999.0-empty-to-avoid-conflict-with-guava/listenablefuture-9999.0-empty-to-avoid-conflict-with-guava.jar:/home/runner/.m2/repository/com/google/code/findbugs/jsr305/3.0.0/jsr305-3.0.0.jar:/home/runner/.m2/repository/org/checkerframework/checker-qual/3.8.0/checker-qual-3.8.0.jar:/home/runner/.m2/repository/com/google/errorprone/error_prone_annotations/2.2.0/error_prone_annotations-2.2.0.jar:/home/runner/.m2/repository/com/google/j2objc/j2objc-annotations/1.3/j2objc-annotations-1.3.jar:/home/runner/.m2/repository/commons-io/commons-io/2.11.0/commons-io-2.11.0.jar:/home/runner/.m2/repository/commons-logging/commons-logging/1.2/commons-logging-1.2.jar:/home/runner/.m2/repository/log4j/log4j/1.2.17/log4j-1.2.17.jar:/home/runner/.m2/repository/org/slf4j/slf4j-api/1.7.30/slf4j-api-1.7.30.jar:/home/runner/.m2/repository/org/apache/ozone/hdds-server-scm/1.3.0-SNAPSHOT/hdds-server-scm-1.3.0-SNAPSHOT.jar:/home/runner/.m2/repository/org/apache/ozone/hdds-container-service/1.3.0-SNAPSHOT/hdds-container-service-1.3.0-SNAPSHOT.jar:/home/runner/.m2/repository/org/apache/ozone/hdds-hadoop-dependency-server/1.3.0-SNAPSHOT/hdds-hadoop-dependency-server-1.3.0-SNAPSHOT.jar:/home/runner/.m2/repository/org/apache/hadoop/hadoop-hdfs/3.3.1/hadoop-hdfs-3.3.1.jar:/home/runner/.m2/repository/org/apache/ozone/hdds-server-framework/1.3.0-SNAPSHOT/hdds-server-framework-1.3.0-SNAPSHOT.jar:/home/runner/.m2/repository/org/apache/ozone/hdds-interface-server/1.3.0-SNAPSHOT/hdds-interface-server-1.3.0-SNAPSHOT.jar:/home/runner/.m2/repository/org/eclipse/jetty/jetty-servlet/9.4.43.v20210629/jetty-servlet-9.4.43.v20210629.jar:/home/runner/.m2/repository/org/eclipse/jetty/jetty-security/9.4.43.v20210629/jetty-security-9.4.43.v20210629.jar:/home/runner/.m2/repository/org/rocksdb/rocksdbjni/6.25.3/rocksdbjni-6.25.3.jar:/home/runner/.m2/repository/io/prometheus/simpleclient_dropwizard/0.7.0/simpleclient_dropwizard-0.7.0.jar:/home/runner/.m2/repository/io/prometheus/simpleclient/0.7.0/simpleclient-0.7.0.jar:/home/runner/.m2/repository/io/prometheus/simpleclient_common/0.7.0/simpleclient_common-0.7.0.jar:/home/runner/.m2/repository/com/fasterxml/jackson/datatype/jackson-datatype-jsr310/2.12.1/jackson-datatype-jsr310-2.12.1.jar:/home/runner/.m2/repository/io/dropwizard/metrics/metrics-core/3.2.4/metrics-core-3.2.4.jar:/home/runner/.m2/repository/org/apache/hadoop/hadoop-hdfs-client/3.3.1/hadoop-hdfs-client-3.3.1.jar:/home/runner/.m2/repository/org/bouncycastle/bcprov-jdk15on/1.67/bcprov-jdk15on-1.67.jar:/home/runner/.m2/repository/com/google/protobuf/protobuf-java/2.5.0/protobuf-java-2.5.0.jar:/home/runner/.m2/repository/org/apache/ozone/ozone-manager/1.3.0-SNAPSHOT/ozone-manager-1.3.0-SNAPSHOT.jar:/home/runner/.m2/repository/org/aspectj/aspectjrt/1.9.7/aspectjrt-1.9.7.jar:/home/runner/.m2/repository/org/aspectj/aspectjweaver/1.9.7/aspectjweaver-1.9.7.jar:/home/runner/.m2/repository/org/apache/ozone/hdds-interface-client/1.3.0-SNAPSHOT/hdds-interface-client-1.3.0-SNAPSHOT.jar:/home/runner/.m2/repository/org/apache/hadoop/thirdparty/hadoop-shaded-protobuf_3_7/1.1.1/hadoop-shaded-protobuf_3_7-1.1.1.jar:/home/runner/.m2/repository/org/apache/ozone/ozone-interface-storage/1.3.0-SNAPSHOT/ozone-interface-storage-1.3.0-SNAPSHOT.jar:/home/runner/.m2/repository/org/reflections/reflections/0.9.11/reflections-0.9.11.jar:/home/runner/.m2/repository/org/apache/hadoop/hadoop-minikdc/3.3.1/hadoop-minikdc-3.3.1.jar:/home/runner/.m2/repository/org/apache/kerby/kerb-simplekdc/1.0.1/kerb-simplekdc-1.0.1.jar:/home/runner/.m2/repository/org/apache/kerby/kerb-client/1.0.1/kerb-client-1.0.1.jar:/home/runner/.m2/repository/org/apache/kerby/kerby-config/1.0.1/kerby-config-1.0.1.jar:/home/runner/.m2/repository/org/apache/kerby/kerb-common/1.0.1/kerb-common-1.0.1.jar:/home/runner/.m2/repository/org/apache/kerby/kerb-crypto/1.0.1/kerb-crypto-1.0.1.jar:/home/runner/.m2/repository/org/apache/kerby/kerb-util/1.0.1/kerb-util-1.0.1.jar:/home/runner/.m2/repository/org/apache/kerby/token-provider/1.0.1/token-provider-1.0.1.jar:/home/runner/.m2/repository/org/apache/kerby/kerb-admin/1.0.1/kerb-admin-1.0.1.jar:/home/runner/.m2/repository/org/apache/kerby/kerb-server/1.0.1/kerb-server-1.0.1.jar:/home/runner/.m2/repository/org/apache/kerby/kerb-identity/1.0.1/kerb-identity-1.0.1.jar:/home/runner/.m2/repository/org/apache/kerby/kerby-xdr/1.0.1/kerby-xdr-1.0.1.jar:/home/runner/.m2/repository/org/slf4j/slf4j-log4j12/1.7.30/slf4j-log4j12-1.7.30.jar:/home/runner/.m2/repository/org/apache/ozone/ozone-s3gateway/1.3.0-SNAPSHOT/ozone-s3gateway-1.3.0-SNAPSHOT.jar:/home/runner/.m2/repository/org/javassist/javassist/3.21.0-GA/javassist-3.21.0-GA.jar:/home/runner/.m2/repository/org/jboss/weld/servlet/weld-servlet/2.4.7.Final/weld-servlet-2.4.7.Final.jar:/home/runner/.m2/repository/org/glassfish/jersey/containers/jersey-container-servlet-core/2.33/jersey-container-servlet-core-2.33.jar:/home/runner/.m2/repository/org/glassfish/hk2/external/jakarta.inject/2.6.1/jakarta.inject-2.6.1.jar:/home/runner/.m2/repository/org/glassfish/jersey/core/jersey-common/2.33/jersey-common-2.33.jar:/home/runner/.m2/repository/jakarta/ws/rs/jakarta.ws.rs-api/2.1.6/jakarta.ws.rs-api-2.1.6.jar:/home/runner/.m2/repository/org/glassfish/jersey/ext/cdi/jersey-cdi1x/2.33/jersey-cdi1x-2.33.jar:/home/runner/.m2/repository/org/glassfish/jersey/inject/jersey-hk2/2.33/jersey-hk2-2.33.jar:/home/runner/.m2/repository/org/glassfish/hk2/hk2-locator/2.6.1/hk2-locator-2.6.1.jar:/home/runner/.m2/repository/org/glassfish/jersey/media/jersey-media-jaxb/2.33/jersey-media-jaxb-2.33.jar:/home/runner/.m2/repository/org/glassfish/hk2/osgi-resource-locator/1.0.3/osgi-resource-locator-1.0.3.jar:/home/runner/.m2/repository/org/glassfish/hk2/hk2-api/2.5.0/hk2-api-2.5.0.jar:/home/runner/.m2/repository/org/glassfish/hk2/hk2-utils/2.5.0/hk2-utils-2.5.0.jar:/home/runner/.m2/repository/org/glassfish/hk2/external/aopalliance-repackaged/2.5.0/aopalliance-repackaged-2.5.0.jar:/home/runner/.m2/repository/com/fasterxml/jackson/dataformat/jackson-dataformat-xml/2.12.1/jackson-dataformat-xml-2.12.1.jar:/home/runner/.m2/repository/com/fasterxml/jackson/core/jackson-core/2.12.1/jackson-core-2.12.1.jar:/home/runner/.m2/repository/com/fasterxml/jackson/module/jackson-module-jaxb-annotations/2.12.1/jackson-module-jaxb-annotations-2.12.1.jar:/home/runner/.m2/repository/jakarta/xml/bind/jakarta.xml.bind-api/2.3.2/jakarta.xml.bind-api-2.3.2.jar:/home/runner/.m2/repository/org/codehaus/woodstox/stax2-api/3.1.4/stax2-api-3.1.4.jar:/home/runner/.m2/repository/com/fasterxml/woodstox/woodstox-core/5.0.3/woodstox-core-5.0.3.jar:/home/runner/.m2/repository/javax/enterprise/cdi-api/1.2/cdi-api-1.2.jar:/home/runner/.m2/repository/javax/el/javax.el-api/3.0.0/javax.el-api-3.0.0.jar:/home/runner/.m2/repository/javax/interceptor/javax.interceptor-api/1.2/javax.interceptor-api-1.2.jar:/home/runner/.m2/repository/javax/inject/javax.inject/1/javax.inject-1.jar:/home/runner/.m2/repository/javax/xml/bind/jaxb-api/2.3.0/jaxb-api-2.3.0.jar:/home/runner/.m2/repository/org/glassfish/jaxb/jaxb-runtime/2.3.0.1/jaxb-runtime-2.3.0.1.jar:/home/runner/.m2/repository/org/glassfish/jaxb/jaxb-core/2.3.0.1/jaxb-core-2.3.0.1.jar:/home/runner/.m2/repository/org/glassfish/jaxb/txw2/2.3.0.1/txw2-2.3.0.1.jar:/home/runner/.m2/repository/com/sun/istack/istack-commons-runtime/3.0.5/istack-commons-runtime-3.0.5.jar:/home/runner/.m2/repository/org/jvnet/staxex/stax-ex/1.7.8/stax-ex-1.7.8.jar:/home/runner/.m2/repository/com/sun/xml/fastinfoset/FastInfoset/1.2.13/FastInfoset-1.2.13.jar:/home/runner/.m2/repository/javax/activation/activation/1.1.1/activation-1.1.1.jar:/home/runner/.m2/repository/org/apache/ozone/ozone-csi/1.3.0-SNAPSHOT/ozone-csi-1.3.0-SNAPSHOT.jar:/home/runner/.m2/repository/com/google/protobuf/protobuf-java-util/3.12.0/protobuf-java-util-3.12.0.jar:/home/runner/.m2/repository/com/google/code/gson/gson/2.2.4/gson-2.2.4.jar:/home/runner/.m2/repository/org/apache/ozone/hdds-config/1.3.0-SNAPSHOT/hdds-config-1.3.0-SNAPSHOT.jar:/home/runner/.m2/repository/io/grpc/grpc-netty/1.33.0/grpc-netty-1.33.0.jar:/home/runner/.m2/repository/io/grpc/grpc-core/1.33.0/grpc-core-1.33.0.jar:/home/runner/.m2/repository/com/google/android/annotations/4.1.1.4/annotations-4.1.1.4.jar:/home/runner/.m2/repository/io/netty/netty-codec-http2/4.1.63.Final/netty-codec-http2-4.1.63.Final.jar:/home/runner/.m2/repository/io/netty/netty-codec-http/4.1.63.Final/netty-codec-http-4.1.63.Final.jar:/home/runner/.m2/repository/io/netty/netty-handler-proxy/4.1.63.Final/netty-handler-proxy-4.1.63.Final.jar:/home/runner/.m2/repository/io/netty/netty-codec-socks/4.1.63.Final/netty-codec-socks-4.1.63.Final.jar:/home/runner/.m2/repository/io/perfmark/perfmark-api/0.19.0/perfmark-api-0.19.0.jar:/home/runner/.m2/repository/org/codehaus/mojo/animal-sniffer-annotations/1.18/animal-sniffer-annotations-1.18.jar:/home/runner/.m2/repository/io/netty/netty-transport-native-epoll/4.1.63.Final/netty-transport-native-epoll-4.1.63.Final.jar:/home/runner/.m2/repository/io/netty/netty-common/4.1.63.Final/netty-common-4.1.63.Final.jar:/home/runner/.m2/repository/io/netty/netty-buffer/4.1.63.Final/netty-buffer-4.1.63.Final.jar:/home/runner/.m2/repository/io/netty/netty-transport-native-unix-common/4.1.63.Final/netty-transport-native-unix-common-4.1.63.Final.jar:/home/runner/.m2/repository/io/grpc/grpc-protobuf/1.33.0/grpc-protobuf-1.33.0.jar:/home/runner/.m2/repository/io/grpc/grpc-api/1.33.0/grpc-api-1.33.0.jar:/home/runner/.m2/repository/io/grpc/grpc-context/1.33.0/grpc-context-1.33.0.jar:/home/runner/.m2/repository/com/google/api/grpc/proto-google-common-protos/1.17.0/proto-google-common-protos-1.17.0.jar:/home/runner/.m2/repository/io/grpc/grpc-protobuf-lite/1.33.0/grpc-protobuf-lite-1.33.0.jar:/home/runner/.m2/repository/io/grpc/grpc-stub/1.33.0/grpc-stub-1.33.0.jar:/home/runner/.m2/repository/org/apache/ozone/ozone-recon/1.3.0-SNAPSHOT/ozone-recon-1.3.0-SNAPSHOT.jar:/home/runner/.m2/repository/org/apache/ozone/ozone-reconcodegen/1.3.0-SNAPSHOT/ozone-reconcodegen-1.3.0-SNAPSHOT.jar:/home/runner/.m2/repository/com/google/inject/extensions/guice-multibindings/4.0/guice-multibindings-4.0.jar:/home/runner/.m2/repository/com/google/inject/guice/4.0/guice-4.0.jar:/home/runner/.m2/repository/aopalliance/aopalliance/1.0/aopalliance-1.0.jar:/home/runner/.m2/repository/com/google/inject/extensions/guice-assistedinject/4.0/guice-assistedinject-4.0.jar:/home/runner/.m2/repository/com/google/inject/extensions/guice-servlet/4.0/guice-servlet-4.0.jar:/home/runner/.m2/repository/org/glassfish/jersey/containers/jersey-container-servlet/2.33/jersey-container-servlet-2.33.jar:/home/runner/.m2/repository/org/glassfish/hk2/guice-bridge/2.5.0/guice-bridge-2.5.0.jar:/home/runner/.m2/repository/org/glassfish/jersey/core/jersey-server/2.33/jersey-server-2.33.jar:/home/runner/.m2/repository/org/glassfish/jersey/core/jersey-client/2.33/jersey-client-2.33.jar:/home/runner/.m2/repository/jakarta/annotation/jakarta.annotation-api/1.3.5/jakarta.annotation-api-1.3.5.jar:/home/runner/.m2/repository/jakarta/validation/jakarta.validation-api/2.0.2/jakarta.validation-api-2.0.2.jar:/home/runner/.m2/repository/org/glassfish/jersey/media/jersey-media-json-jackson/2.33/jersey-media-json-jackson-2.33.jar:/home/runner/.m2/repository/org/glassfish/jersey/ext/jersey-entity-filtering/2.33/jersey-entity-filtering-2.33.jar:/home/runner/.m2/repository/org/jooq/jooq/3.11.10/jooq-3.11.10.jar:/home/runner/.m2/repository/org/jooq/jooq-meta/3.11.10/jooq-meta-3.11.10.jar:/home/runner/.m2/repository/org/jooq/jooq-codegen/3.11.10/jooq-codegen-3.11.10.jar:/home/runner/.m2/repository/com/jolbox/bonecp/0.8.0.RELEASE/bonecp-0.8.0.RELEASE.jar:/home/runner/.m2/repository/org/apache/derby/derby/10.14.2.0/derby-10.14.2.0.jar:/home/runner/.m2/repository/org/xerial/sqlite-jdbc/3.25.2/sqlite-jdbc-3.25.2.jar:/home/runner/.m2/repository/org/springframework/spring-jdbc/5.2.18.RELEASE/spring-jdbc-5.2.18.RELEASE.jar:/home/runner/.m2/repository/org/springframework/spring-beans/5.2.18.RELEASE/spring-beans-5.2.18.RELEASE.jar:/home/runner/.m2/repository/org/springframework/spring-core/5.2.18.RELEASE/spring-core-5.2.18.RELEASE.jar:/home/runner/.m2/repository/org/springframework/spring-jcl/5.2.18.RELEASE/spring-jcl-5.2.18.RELEASE.jar:/home/runner/.m2/repository/org/springframework/spring-tx/5.2.18.RELEASE/spring-tx-5.2.18.RELEASE.jar:/home/runner/.m2/repository/org/apache/ozone/ozone-client/1.3.0-SNAPSHOT/ozone-client-1.3.0-SNAPSHOT.jar:/home/runner/.m2/repository/org/apache/ozone/ozone-filesystem/1.3.0-SNAPSHOT/ozone-filesystem-1.3.0-SNAPSHOT.jar:/home/runner/.m2/repository/org/apache/ozone/ozone-filesystem-common/1.3.0-SNAPSHOT/ozone-filesystem-common-1.3.0-SNAPSHOT.jar:/home/runner/.m2/repository/org/apache/ozone/ozone-tools/1.3.0-SNAPSHOT/ozone-tools-1.3.0-SNAPSHOT.jar:/home/runner/.m2/repository/org/apache/ratis/ratis-tools/2.2.0/ratis-tools-2.2.0.jar:/home/runner/.m2/repository/com/amazonaws/aws-java-sdk-core/1.12.124/aws-java-sdk-core-1.12.124.jar:/home/runner/.m2/repository/org/apache/httpcomponents/httpclient/4.5.13/httpclient-4.5.13.jar:/home/runner/.m2/repository/org/apache/httpcomponents/httpcore/4.4.13/httpcore-4.4.13.jar:/home/runner/.m2/repository/software/amazon/ion/ion-java/1.0.2/ion-java-1.0.2.jar:/home/runner/.m2/repository/com/fasterxml/jackson/dataformat/jackson-dataformat-cbor/2.12.1/jackson-dataformat-cbor-2.12.1.jar:/home/runner/.m2/repository/joda-time/joda-time/2.8.1/joda-time-2.8.1.jar:/home/runner/.m2/repository/com/amazonaws/aws-java-sdk-s3/1.12.124/aws-java-sdk-s3-1.12.124.jar:/home/runner/.m2/repository/com/amazonaws/aws-java-sdk-kms/1.12.124/aws-java-sdk-kms-1.12.124.jar:/home/runner/.m2/repository/com/amazonaws/jmespath-java/1.12.124/jmespath-java-1.12.124.jar:/home/runner/.m2/repository/org/kohsuke/metainf-services/metainf-services/1.8/metainf-services-1.8.jar:/home/runner/.m2/repository/org/apache/ozone/hdds-tools/1.3.0-SNAPSHOT/hdds-tools-1.3.0-SNAPSHOT.jar:/home/runner/.m2/repository/commons-cli/commons-cli/1.2/commons-cli-1.2.jar:/home/runner/.m2/repository/org/apache/commons/commons-lang3/3.7/commons-lang3-3.7.jar:/home/runner/.m2/repository/org/apache/ozone/ozone-manager/1.3.0-SNAPSHOT/ozone-manager-1.3.0-SNAPSHOT-tests.jar:/home/runner/.m2/repository/org/apache/ozone/hdds-common/1.3.0-SNAPSHOT/hdds-common-1.3.0-SNAPSHOT-tests.jar:/home/runner/.m2/repository/org/apache/ozone/hdds-hadoop-dependency-client/1.3.0-SNAPSHOT/hdds-hadoop-dependency-client-1.3.0-SNAPSHOT.jar:/home/runner/.m2/repository/info/picocli/picocli/4.6.1/picocli-4.6.1.jar:/home/runner/.m2/repository/com/fasterxml/jackson/core/jackson-annotations/2.12.1/jackson-annotations-2.12.1.jar:/home/runner/.m2/repository/javax/annotation/javax.annotation-api/1.2/javax.annotation-api-1.2.jar:/home/runner/.m2/repository/org/apache/ratis/ratis-server/2.2.0/ratis-server-2.2.0.jar:/home/runner/.m2/repository/org/apache/ratis/ratis-client/2.2.0/ratis-client-2.2.0.jar:/home/runner/.m2/repository/org/apache/ratis/ratis-server-api/2.2.0/ratis-server-api-2.2.0.jar:/home/runner/.m2/repository/org/apache/ratis/ratis-metrics/2.2.0/ratis-metrics-2.2.0.jar:/home/runner/.m2/repository/org/apache/ratis/ratis-netty/2.2.0/ratis-netty-2.2.0.jar:/home/runner/.m2/repository/org/apache/ratis/ratis-grpc/2.2.0/ratis-grpc-2.2.0.jar:/home/runner/.m2/repository/org/apache/logging/log4j/log4j-api/2.17.1/log4j-api-2.17.1.jar:/home/runner/.m2/repository/org/apache/logging/log4j/log4j-core/2.17.1/log4j-core-2.17.1.jar:/home/runner/.m2/repository/com/lmax/disruptor/3.4.2/disruptor-3.4.2.jar:/home/runner/.m2/repository/org/apache/commons/commons-pool2/2.6.0/commons-pool2-2.6.0.jar:/home/runner/.m2/repository/org/bouncycastle/bcpkix-jdk15on/1.67/bcpkix-jdk15on-1.67.jar:/home/runner/.m2/repository/commons-validator/commons-validator/1.6/commons-validator-1.6.jar:/home/runner/.m2/repository/commons-beanutils/commons-beanutils/1.9.4/commons-beanutils-1.9.4.jar:/home/runner/.m2/repository/commons-digester/commons-digester/1.8.1/commons-digester-1.8.1.jar:/home/runner/.m2/repository/commons-collections/commons-collections/3.2.2/commons-collections-3.2.2.jar:/home/runner/.m2/repository/io/jaegertracing/jaeger-client/1.6.0/jaeger-client-1.6.0.jar:/home/runner/.m2/repository/io/jaegertracing/jaeger-thrift/1.6.0/jaeger-thrift-1.6.0.jar:/home/runner/.m2/repository/org/apache/thrift/libthrift/0.14.1/libthrift-0.14.1.jar:/home/runner/.m2/repository/com/squareup/okhttp3/okhttp/4.9.0/okhttp-4.9.0.jar:/home/runner/.m2/repository/com/squareup/okio/okio/2.8.0/okio-2.8.0.jar:/home/runner/.m2/repository/io/jaegertracing/jaeger-core/1.6.0/jaeger-core-1.6.0.jar:/home/runner/.m2/repository/io/jaegertracing/jaeger-tracerresolver/1.6.0/jaeger-tracerresolver-1.6.0.jar:/home/runner/.m2/repository/io/opentracing/contrib/opentracing-tracerresolver/0.1.8/opentracing-tracerresolver-0.1.8.jar:/home/runner/.m2/repository/org/jetbrains/kotlin/kotlin-stdlib/1.4.31/kotlin-stdlib-1.4.31.jar:/home/runner/.m2/repository/org/jetbrains/kotlin/kotlin-stdlib-common/1.4.31/kotlin-stdlib-common-1.4.31.jar:/home/runner/.m2/repository/org/jetbrains/annotations/13.0/annotations-13.0.jar:/home/runner/.m2/repository/io/opentracing/opentracing-util/0.33.0/opentracing-util-0.33.0.jar:/home/runner/.m2/repository/io/opentracing/opentracing-api/0.33.0/opentracing-api-0.33.0.jar:/home/runner/.m2/repository/io/opentracing/opentracing-noop/0.33.0/opentracing-noop-0.33.0.jar:/home/runner/.m2/repository/org/yaml/snakeyaml/1.26/snakeyaml-1.26.jar:/home/runner/.m2/repository/org/apache/ozone/hdds-interface-admin/1.3.0-SNAPSHOT/hdds-interface-admin-1.3.0-SNAPSHOT.jar:/home/runner/.m2/repository/junit/junit/4.13.1/junit-4.13.1.jar:/home/runner/.m2/repository/org/hamcrest/hamcrest-core/1.3/hamcrest-core-1.3.jar:/home/runner/.m2/repository/org/junit/jupiter/junit-jupiter-api/5.7.0/junit-jupiter-api-5.7.0.jar:/home/runner/.m2/repository/org/apiguardian/apiguardian-api/1.1.0/apiguardian-api-1.1.0.jar:/home/runner/.m2/repository/org/opentest4j/opentest4j/1.2.0/opentest4j-1.2.0.jar:/home/runner/.m2/repository/org/junit/platform/junit-platform-commons/1.7.0/junit-platform-commons-1.7.0.jar:/home/runner/.m2/repository/org/junit/jupiter/junit-jupiter-engine/5.7.0/junit-jupiter-engine-5.7.0.jar:/home/runner/.m2/repository/org/junit/platform/junit-platform-engine/1.7.0/junit-platform-engine-1.7.0.jar:/home/runner/.m2/repository/org/junit/vintage/junit-vintage-engine/5.7.0/junit-vintage-engine-5.7.0.jar:/home/runner/.m2/repository/org/junit/platform/junit-platform-launcher/1.7.0/junit-platform-launcher-1.7.0.jar:/home/runner/.m2/repository/org/mockito/mockito-core/2.28.2/mockito-core-2.28.2.jar:/home/runner/.m2/repository/net/bytebuddy/byte-buddy/1.9.10/byte-buddy-1.9.10.jar:/home/runner/.m2/repository/net/bytebuddy/byte-buddy-agent/1.9.10/byte-buddy-agent-1.9.10.jar:/home/runner/.m2/repository/org/objenesis/objenesis/1.0/objenesis-1.0.jar:/home/runner/.m2/repository/org/apache/hadoop/hadoop-kms/3.3.1/hadoop-kms-3.3.1.jar:/home/runner/.m2/repository/org/apache/hadoop/hadoop-auth/3.3.1/hadoop-auth-3.3.1.jar:/home/runner/.m2/repository/com/nimbusds/nimbus-jose-jwt/7.9/nimbus-jose-jwt-7.9.jar:/home/runner/.m2/repository/com/github/stephenc/jcip/jcip-annotations/1.0-1/jcip-annotations-1.0-1.jar:/home/runner/.m2/repository/net/minidev/json-smart/2.4.7/json-smart-2.4.7.jar:/home/runner/.m2/repository/net/minidev/accessors-smart/2.4.7/accessors-smart-2.4.7.jar:/home/runner/.m2/repository/org/ow2/asm/asm/5.0.4/asm-5.0.4.jar:/home/runner/.m2/repository/org/apache/zookeeper/zookeeper/3.5.6/zookeeper-3.5.6.jar:/home/runner/.m2/repository/org/apache/zookeeper/zookeeper-jute/3.5.6/zookeeper-jute-3.5.6.jar:/home/runner/.m2/repository/org/apache/yetus/audience-annotations/0.5.0/audience-annotations-0.5.0.jar:/home/runner/.m2/repository/org/apache/curator/curator-framework/4.2.0/curator-framework-4.2.0.jar:/home/runner/.m2/repository/org/apache/hadoop/thirdparty/hadoop-shaded-guava/1.1.1/hadoop-shaded-guava-1.1.1.jar:/home/runner/.m2/repository/com/sun/jersey/jersey-core/1.19/jersey-core-1.19.jar:/home/runner/.m2/repository/javax/ws/rs/jsr311-api/1.1.1/jsr311-api-1.1.1.jar:/home/runner/.m2/repository/com/sun/jersey/jersey-server/1.19/jersey-server-1.19.jar:/home/runner/.m2/repository/javax/servlet/javax.servlet-api/3.1.0/javax.servlet-api-3.1.0.jar:/home/runner/.m2/repository/org/eclipse/jetty/jetty-server/9.4.43.v20210629/jetty-server-9.4.43.v20210629.jar:/home/runner/.m2/repository/org/eclipse/jetty/jetty-http/9.4.43.v20210629/jetty-http-9.4.43.v20210629.jar:/home/runner/.m2/repository/org/eclipse/jetty/jetty-io/9.4.43.v20210629/jetty-io-9.4.43.v20210629.jar:/home/runner/.m2/repository/org/eclipse/jetty/jetty-webapp/9.4.43.v20210629/jetty-webapp-9.4.43.v20210629.jar:/home/runner/.m2/repository/org/eclipse/jetty/jetty-xml/9.4.43.v20210629/jetty-xml-9.4.43.v20210629.jar:/home/runner/.m2/repository/org/apache/hadoop/hadoop-common/3.3.1/hadoop-common-3.3.1.jar:/home/runner/.m2/repository/org/apache/commons/commons-math3/3.1.1/commons-math3-3.1.1.jar:/home/runner/.m2/repository/commons-net/commons-net/3.6/commons-net-3.6.jar:/home/runner/.m2/repository/jakarta/activation/jakarta.activation-api/1.2.1/jakarta.activation-api-1.2.1.jar:/home/runner/.m2/repository/com/sun/jersey/jersey-servlet/1.19/jersey-servlet-1.19.jar:/home/runner/.m2/repository/com/sun/jersey/jersey-json/1.19/jersey-json-1.19.jar:/home/runner/.m2/repository/org/codehaus/jettison/jettison/1.1/jettison-1.1.jar:/home/runner/.m2/repository/com/sun/xml/bind/jaxb-impl/2.2.3-1/jaxb-impl-2.2.3-1.jar:/home/runner/.m2/repository/org/codehaus/jackson/jackson-jaxrs/1.9.2/jackson-jaxrs-1.9.2.jar:/home/runner/.m2/repository/org/codehaus/jackson/jackson-xc/1.9.2/jackson-xc-1.9.2.jar:/home/runner/.m2/repository/org/apache/commons/commons-configuration2/2.1.1/commons-configuration2-2.1.1.jar:/home/runner/.m2/repository/org/apache/commons/commons-text/1.4/commons-text-1.4.jar:/home/runner/.m2/repository/com/google/re2j/re2j/1.1/re2j-1.1.jar:/home/runner/.m2/repository/com/jcraft/jsch/0.1.54/jsch-0.1.54.jar:/home/runner/.m2/repository/org/apache/curator/curator-client/4.2.0/curator-client-4.2.0.jar:/home/runner/.m2/repository/org/apache/curator/curator-recipes/4.2.0/curator-recipes-4.2.0.jar:/home/runner/.m2/repository/org/apache/kerby/kerb-core/1.0.1/kerb-core-1.0.1.jar:/home/runner/.m2/repository/org/apache/kerby/kerby-pkix/1.0.1/kerby-pkix-1.0.1.jar:/home/runner/.m2/repository/org/apache/kerby/kerby-asn1/1.0.1/kerby-asn1-1.0.1.jar:/home/runner/.m2/repository/org/apache/kerby/kerby-util/1.0.1/kerby-util-1.0.1.jar:/home/runner/.m2/repository/dnsjava/dnsjava/2.1.7/dnsjava-2.1.7.jar:/home/runner/.m2/repository/org/xerial/snappy/snappy-java/1.1.8.2/snappy-java-1.1.8.2.jar:/home/runner/.m2/repository/org/slf4j/jul-to-slf4j/1.7.30/jul-to-slf4j-1.7.30.jar:/home/runner/.m2/repository/org/eclipse/jetty/jetty-util/9.4.43.v20210629/jetty-util-9.4.43.v20210629.jar:/home/runner/.m2/repository/com/fasterxml/jackson/core/jackson-databind/2.12.1/jackson-databind-2.12.1.jar:/home/runner/.m2/repository/org/apache/hadoop/hadoop-kms/3.3.1/hadoop-kms-3.3.1-tests.jar:/home/runner/.m2/repository/org/apache/ozone/hdds-server-scm/1.3.0-SNAPSHOT/hdds-server-scm-1.3.0-SNAPSHOT-tests.jar:/home/runner/.m2/repository/org/apache/ozone/hdds-container-service/1.3.0-SNAPSHOT/hdds-container-service-1.3.0-SNAPSHOT-tests.jar:/home/runner/.m2/repository/commons-codec/commons-codec/1.11/commons-codec-1.11.jar:/home/runner/.m2/repository/io/netty/netty-transport/4.1.63.Final/netty-transport-4.1.63.Final.jar:/home/runner/.m2/repository/io/netty/netty-resolver/4.1.63.Final/netty-resolver-4.1.63.Final.jar:/home/runner/.m2/repository/io/netty/netty-codec/4.1.63.Final/netty-codec-4.1.63.Final.jar:/home/runner/.m2/repository/io/netty/netty-handler/4.1.63.Final/netty-handler-4.1.63.Final.jar:/home/runner/.m2/repository/org/apache/ozone/hdds-hadoop-dependency-test/1.3.0-SNAPSHOT/hdds-hadoop-dependency-test-1.3.0-SNAPSHOT.jar:/home/runner/.m2/repository/org/apache/hadoop/hadoop-common/3.3.1/hadoop-common-3.3.1-tests.jar:/home/runner/.m2/repository/org/assertj/assertj-core/3.12.2/assertj-core-3.12.2.jar:/home/runner/.m2/repository/org/apache/hadoop/hadoop-hdfs/3.3.1/hadoop-hdfs-3.3.1-tests.jar:/home/runner/.m2/repository/org/eclipse/jetty/jetty-util-ajax/9.4.43.v20210629/jetty-util-ajax-9.4.43.v20210629.jar:/home/runner/.m2/repository/commons-daemon/commons-daemon/1.0.13/commons-daemon-1.0.13.jar:/home/runner/.m2/repository/io/netty/netty/3.10.6.Final/netty-3.10.6.Final.jar:/home/runner/.m2/repository/io/netty/netty-all/4.1.63.Final/netty-all-4.1.63.Final.jar:/home/runner/.m2/repository/org/apache/htrace/htrace-core4/4.1.0-incubating/htrace-core4-4.1.0-incubating.jar:/home/runner/.m2/repository/org/fusesource/leveldbjni/leveldbjni-all/1.8/leveldbjni-all-1.8.jar:/home/runner/.m2/repository/org/apache/hadoop/hadoop-distcp/3.3.1/hadoop-distcp-3.3.1.jar:/home/runner/.m2/repository/org/apache/hadoop/hadoop-mapreduce-client-jobclient/3.3.1/hadoop-mapreduce-client-jobclient-3.3.1.jar:/home/runner/.m2/repository/org/apache/hadoop/hadoop-mapreduce-client-common/3.3.1/hadoop-mapreduce-client-common-3.3.1.jar:/home/runner/.m2/repository/org/apache/hadoop/hadoop-yarn-common/3.3.1/hadoop-yarn-common-3.3.1.jar:/home/runner/.m2/repository/org/apache/hadoop/hadoop-yarn-api/3.3.1/hadoop-yarn-api-3.3.1.jar:/home/runner/.m2/repository/com/sun/jersey/jersey-client/1.19/jersey-client-1.19.jar:/home/runner/.m2/repository/com/sun/jersey/contribs/jersey-guice/1.19/jersey-guice-1.19.jar:/home/runner/.m2/repository/com/fasterxml/jackson/jaxrs/jackson-jaxrs-json-provider/2.12.1/jackson-jaxrs-json-provider-2.12.1.jar:/home/runner/.m2/repository/com/fasterxml/jackson/jaxrs/jackson-jaxrs-base/2.12.1/jackson-jaxrs-base-2.12.1.jar:/home/runner/.m2/repository/org/apache/hadoop/hadoop-yarn-client/3.3.1/hadoop-yarn-client-3.3.1.jar:/home/runner/.m2/repository/org/eclipse/jetty/websocket/websocket-client/9.4.40.v20210413/websocket-client-9.4.40.v20210413.jar:/home/runner/.m2/repository/org/eclipse/jetty/jetty-client/9.4.40.v20210413/jetty-client-9.4.40.v20210413.jar:/home/runner/.m2/repository/org/eclipse/jetty/websocket/websocket-common/9.4.40.v20210413/websocket-common-9.4.40.v20210413.jar:/home/runner/.m2/repository/org/eclipse/jetty/websocket/websocket-api/9.4.40.v20210413/websocket-api-9.4.40.v20210413.jar:/home/runner/.m2/repository/org/jline/jline/3.9.0/jline-3.9.0.jar:/home/runner/.m2/repository/org/apache/hadoop/hadoop-mapreduce-client-core/3.3.1/hadoop-mapreduce-client-core-3.3.1.jar:/home/runner/.m2/repository/org/apache/avro/avro/1.7.7/avro-1.7.7.jar:/home/runner/.m2/repository/org/codehaus/jackson/jackson-core-asl/1.9.13/jackson-core-asl-1.9.13.jar:/home/runner/.m2/repository/org/codehaus/jackson/jackson-mapper-asl/1.9.13/jackson-mapper-asl-1.9.13.jar:/home/runner/.m2/repository/com/thoughtworks/paranamer/paranamer/2.3/paranamer-2.3.jar:/home/runner/.m2/repository/org/apache/hadoop/hadoop-annotations/3.3.1/hadoop-annotations-3.3.1.jar:/usr/lib/jvm/temurin-8-jdk-amd64/jre/../lib/tools.jar:/home/runner/.m2/repository/org/apache/hadoop/hadoop-distcp/3.3.1/hadoop-distcp-3.3.1-tests.jar:/home/runner/.m2/repository/org/apache/ratis/ratis-common/2.2.0/ratis-common-2.2.0.jar:/home/runner/.m2/repository/org/apache/ratis/ratis-thirdparty-misc/0.7.0/ratis-thirdparty-misc-0.7.0.jar:/home/runner/.m2/repository/org/apache/ratis/ratis-proto/2.2.0/ratis-proto-2.2.0.jar:"/>
    <property name="sun.cpu.endian" value="little"/>
    <property name="user.home" value="/home/runner"/>
    <property name="user.language" value="en"/>
    <property name="java.specification.vendor" value="Oracle Corporation"/>
    <property name="java.home" value="/usr/lib/jvm/temurin-8-jdk-amd64/jre"/>
    <property name="java.security.krb5.conf" value="/home/runner/work/ozone/ozone/hadoop-ozone/integration-test/target/test-classes/krb5.conf"/>
    <property name="basedir" value="/home/runner/work/ozone/ozone/hadoop-ozone/integration-test"/>
    <property name="file.separator" value="/"/>
    <property name="line.separator" value="&#10;"/>
    <property name="java.vm.specification.vendor" value="Oracle Corporation"/>
    <property name="java.specification.name" value="Java Platform API Specification"/>
    <property name="java.awt.graphicsenv" value="sun.awt.X11GraphicsEnvironment"/>
    <property name="skip.installnpx" value="true"/>
    <property name="surefire.real.class.path" value="/home/runner/work/ozone/ozone/hadoop-ozone/integration-test/target/surefire/surefirebooter6257227793208003793.jar:/home/runner/.m2/repository/org/jacoco/org.jacoco.agent/0.8.5/org.jacoco.agent-0.8.5-runtime.jar"/>
    <property name="hadoop.log.dir" value="/home/runner/work/ozone/ozone/hadoop-ozone/integration-test/target/log"/>
    <property name="sun.boot.class.path" value="/usr/lib/jvm/temurin-8-jdk-amd64/jre/lib/resources.jar:/usr/lib/jvm/temurin-8-jdk-amd64/jre/lib/rt.jar:/usr/lib/jvm/temurin-8-jdk-amd64/jre/lib/sunrsasign.jar:/usr/lib/jvm/temurin-8-jdk-amd64/jre/lib/jsse.jar:/usr/lib/jvm/temurin-8-jdk-amd64/jre/lib/jce.jar:/usr/lib/jvm/temurin-8-jdk-amd64/jre/lib/charsets.jar:/usr/lib/jvm/temurin-8-jdk-amd64/jre/lib/jfr.jar:/usr/lib/jvm/temurin-8-jdk-amd64/jre/classes"/>
    <property name="sun.management.compiler" value="HotSpot 64-Bit Tiered Compilers"/>
    <property name="skip.npx" value="true"/>
    <property name="java.runtime.version" value="1.8.0_312-b07"/>
    <property name="java.net.preferIPv4Stack" value="true"/>
    <property name="user.name" value="runner"/>
    <property name="path.separator" value=":"/>
    <property name="java.security.egd" value="file:///dev/urandom"/>
    <property name="os.version" value="5.4.0-1068-azure"/>
    <property name="java.endorsed.dirs" value="/usr/lib/jvm/temurin-8-jdk-amd64/jre/lib/endorsed"/>
    <property name="java.runtime.name" value="OpenJDK Runtime Environment"/>
    <property name="file.encoding" value="UTF-8"/>
    <property name="java.vm.name" value="OpenJDK 64-Bit Server VM"/>
    <property name="test.build.webapps" value=""/>
    <property name="localRepository" value="/home/runner/.m2/repository"/>
    <property name="java.vendor.url.bug" value="https://github.com/adoptium/adoptium-support/issues"/>
    <property name="java.io.tmpdir" value="/tmp"/>
    <property name="require.test.libhadoop" value=""/>
    <property name="java.version" value="1.8.0_312"/>
    <property name="user.dir" value="/home/runner/work/ozone/ozone/hadoop-ozone/integration-test"/>
    <property name="os.arch" value="amd64"/>
    <property name="java.vm.specification.name" value="Java Virtual Machine Specification"/>
    <property name="test.build.classes" value="/home/runner/work/ozone/ozone/hadoop-ozone/integration-test/target/test-classes"/>
    <property name="java.awt.printerjob" value="sun.print.PSPrinterJob"/>
    <property name="sun.os.patch.level" value="unknown"/>
    <property name="hadoop.tmp.dir" value="/home/runner/work/ozone/ozone/hadoop-ozone/integration-test/target/tmp"/>
    <property name="java.library.path" value="/usr/java/packages/lib/amd64:/usr/lib64:/lib64:/lib:/usr/lib"/>
    <property name="java.vm.info" value="mixed mode"/>
    <property name="java.vendor" value="Temurin"/>
    <property name="java.vm.version" value="25.312-b07"/>
    <property name="java.ext.dirs" value="/usr/lib/jvm/temurin-8-jdk-amd64/jre/lib/ext:/usr/java/packages/lib/ext"/>
    <property name="sun.io.unicode.encoding" value="UnicodeLittle"/>
    <property name="java.class.version" value="52.0"/>
  </properties>
  <testcase name="testWatchForCommitWithKeyWrite" classname="org.apache.hadoop.ozone.client.rpc.TestWatchForCommit" time="107.613">
    <error message="java.io.IOException: INTERNAL_ERROR org.apache.hadoop.ozone.om.exceptions.OMException: Allocated 0 blocks. Requested 1 blocks" type="java.io.IOException">java.io.IOException: java.io.IOException: INTERNAL_ERROR org.apache.hadoop.ozone.om.exceptions.OMException: Allocated 0 blocks. Requested 1 blocks
	at org.apache.hadoop.ozone.client.io.KeyOutputStream.handleWrite(KeyOutputStream.java:243)
	at org.apache.hadoop.ozone.client.io.KeyOutputStream.write(KeyOutputStream.java:213)
	at org.apache.hadoop.ozone.client.io.OzoneOutputStream.write(OzoneOutputStream.java:50)
	at java.io.OutputStream.write(OutputStream.java:75)
	at org.apache.hadoop.ozone.client.rpc.TestWatchForCommit.testWatchForCommitWithKeyWrite(TestWatchForCommit.java:226)
	at sun.reflect.NativeMethodAccessorImpl.invoke0(Native Method)
	at sun.reflect.NativeMethodAccessorImpl.invoke(NativeMethodAccessorImpl.java:62)
	at sun.reflect.DelegatingMethodAccessorImpl.invoke(DelegatingMethodAccessorImpl.java:43)
	at java.lang.reflect.Method.invoke(Method.java:498)
	at org.junit.runners.model.FrameworkMethod$1.runReflectiveCall(FrameworkMethod.java:59)
	at org.junit.internal.runners.model.ReflectiveCallable.run(ReflectiveCallable.java:12)
	at org.junit.runners.model.FrameworkMethod.invokeExplosively(FrameworkMethod.java:56)
	at org.junit.internal.runners.statements.InvokeMethod.evaluate(InvokeMethod.java:17)
	at org.junit.internal.runners.statements.RunBefores.evaluate(RunBefores.java:26)
	at org.junit.internal.runners.statements.RunAfters.evaluate(RunAfters.java:27)
	at org.junit.runners.ParentRunner$3.evaluate(ParentRunner.java:306)
	at org.junit.runners.BlockJUnit4ClassRunner$1.evaluate(BlockJUnit4ClassRunner.java:100)
	at org.junit.runners.ParentRunner.runLeaf(ParentRunner.java:366)
	at org.junit.runners.BlockJUnit4ClassRunner.runChild(BlockJUnit4ClassRunner.java:103)
	at org.junit.runners.BlockJUnit4ClassRunner.runChild(BlockJUnit4ClassRunner.java:63)
	at org.junit.runners.ParentRunner$4.run(ParentRunner.java:331)
	at org.junit.runners.ParentRunner$1.schedule(ParentRunner.java:79)
	at org.junit.runners.ParentRunner.runChildren(ParentRunner.java:329)
	at org.junit.runners.ParentRunner.access$100(ParentRunner.java:66)
	at org.junit.runners.ParentRunner$2.evaluate(ParentRunner.java:293)
	at org.junit.runners.ParentRunner$3.evaluate(ParentRunner.java:306)
	at org.junit.runners.ParentRunner.run(ParentRunner.java:413)
	at org.junit.runner.JUnitCore.run(JUnitCore.java:137)
	at org.junit.runner.JUnitCore.run(JUnitCore.java:115)
	at org.junit.vintage.engine.execution.RunnerExecutor.execute(RunnerExecutor.java:43)
	at java.util.stream.ForEachOps$ForEachOp$OfRef.accept(ForEachOps.java:183)
	at java.util.stream.ReferencePipeline$3$1.accept(ReferencePipeline.java:193)
	at java.util.Iterator.forEachRemaining(Iterator.java:116)
	at java.util.Spliterators$IteratorSpliterator.forEachRemaining(Spliterators.java:1801)
	at java.util.stream.AbstractPipeline.copyInto(AbstractPipeline.java:482)
	at java.util.stream.AbstractPipeline.wrapAndCopyInto(AbstractPipeline.java:472)
	at java.util.stream.ForEachOps$ForEachOp.evaluateSequential(ForEachOps.java:150)
	at java.util.stream.ForEachOps$ForEachOp$OfRef.evaluateSequential(ForEachOps.java:173)
	at java.util.stream.AbstractPipeline.evaluate(AbstractPipeline.java:234)
	at java.util.stream.ReferencePipeline.forEach(ReferencePipeline.java:485)
	at org.junit.vintage.engine.VintageTestEngine.executeAllChildren(VintageTestEngine.java:82)
	at org.junit.vintage.engine.VintageTestEngine.execute(VintageTestEngine.java:73)
	at org.junit.platform.launcher.core.EngineExecutionOrchestrator.execute(EngineExecutionOrchestrator.java:108)
	at org.junit.platform.launcher.core.EngineExecutionOrchestrator.execute(EngineExecutionOrchestrator.java:88)
	at org.junit.platform.launcher.core.EngineExecutionOrchestrator.lambda$execute$0(EngineExecutionOrchestrator.java:54)
	at org.junit.platform.launcher.core.EngineExecutionOrchestrator.withInterceptedStreams(EngineExecutionOrchestrator.java:67)
	at org.junit.platform.launcher.core.EngineExecutionOrchestrator.execute(EngineExecutionOrchestrator.java:52)
	at org.junit.platform.launcher.core.DefaultLauncher.execute(DefaultLauncher.java:96)
	at org.junit.platform.launcher.core.DefaultLauncher.execute(DefaultLauncher.java:75)
	at org.apache.maven.surefire.junitplatform.JUnitPlatformProvider.invokeAllTests(JUnitPlatformProvider.java:142)
	at org.apache.maven.surefire.junitplatform.JUnitPlatformProvider.invoke(JUnitPlatformProvider.java:113)
	at org.apache.maven.surefire.booter.ForkedBooter.invokeProviderInSameClassLoader(ForkedBooter.java:384)
	at org.apache.maven.surefire.booter.ForkedBooter.runSuitesInProcess(ForkedBooter.java:345)
	at org.apache.maven.surefire.booter.ForkedBooter.execute(ForkedBooter.java:126)
	at org.apache.maven.surefire.booter.ForkedBooter.main(ForkedBooter.java:418)
Caused by: java.io.IOException: INTERNAL_ERROR org.apache.hadoop.ozone.om.exceptions.OMException: Allocated 0 blocks. Requested 1 blocks
	at org.apache.hadoop.ozone.client.io.KeyOutputStream.handleWrite(KeyOutputStream.java:243)
	at org.apache.hadoop.ozone.client.io.KeyOutputStream.handleRetry(KeyOutputStream.java:415)
	at org.apache.hadoop.ozone.client.io.KeyOutputStream.handleException(KeyOutputStream.java:360)
	at org.apache.hadoop.ozone.client.io.KeyOutputStream.handleFlushOrClose(KeyOutputStream.java:471)
	at org.apache.hadoop.ozone.client.io.KeyOutputStream.handleWrite(KeyOutputStream.java:237)
	... 54 more
Caused by: INTERNAL_ERROR org.apache.hadoop.ozone.om.exceptions.OMException: Allocated 0 blocks. Requested 1 blocks
	at org.apache.hadoop.ozone.om.protocolPB.OzoneManagerProtocolClientSideTranslatorPB.handleError(OzoneManagerProtocolClientSideTranslatorPB.java:654)
	at org.apache.hadoop.ozone.om.protocolPB.OzoneManagerProtocolClientSideTranslatorPB.allocateBlock(OzoneManagerProtocolClientSideTranslatorPB.java:684)
	at org.apache.hadoop.ozone.client.io.BlockOutputStreamEntryPool.allocateNewBlock(BlockOutputStreamEntryPool.java:305)
	at org.apache.hadoop.ozone.client.io.BlockOutputStreamEntryPool.allocateBlockIfNeeded(BlockOutputStreamEntryPool.java:366)
	at org.apache.hadoop.ozone.client.io.KeyOutputStream.handleWrite(KeyOutputStream.java:222)
	... 58 more
</error>
    <system-out><![CDATA[2022-02-16 01:42:07,675 [main] WARN  server.ServerUtils (ServerUtils.java:getScmDbDir(148)) - ozone.scm.db.dirs is not configured. We recommend adding this setting. Falling back to ozone.metadata.dirs instead.
2022-02-16 01:42:07,722 [main] INFO  ha.SCMHANodeDetails (SCMHANodeDetails.java:loadSCMHAConfig(157)) - ServiceID for StorageContainerManager is null
2022-02-16 01:42:07,723 [main] INFO  ha.SCMHANodeDetails (SCMHANodeDetails.java:loadSCMHAConfig(162)) - ozone.scm.default.service.id is not defined, falling back to ozone.scm.service.ids to find serviceID for StorageContainerManager if it is HA enabled cluster
2022-02-16 01:42:07,885 [main] INFO  server.RaftServer (ConfUtils.java:logGet(44)) - raft.rpc.type = GRPC (default)
2022-02-16 01:42:07,963 [main] INFO  grpc.GrpcFactory (GrpcFactory.java:checkPooledByteBufAllocatorUseCacheForAllThreads(48)) - PERFORMANCE WARNING: useCacheForAllThreads is true that may cause Netty to create a lot garbage objects and, as a result, trigger GC.
	It is recommended to disable useCacheForAllThreads by setting -Dorg.apache.ratis.thirdparty.io.netty.allocator.useCacheForAllThreads=false in command line.
2022-02-16 01:42:07,972 [main] INFO  grpc.GrpcConfigKeys (ConfUtils.java:logGet(44)) - raft.grpc.admin.port = -1 (default)
2022-02-16 01:42:07,973 [main] INFO  grpc.GrpcConfigKeys (ConfUtils.java:logGet(44)) - raft.grpc.server.port = 9894 (custom)
2022-02-16 01:42:07,974 [main] INFO  grpc.GrpcConfigKeys (ConfUtils.java:logGet(44)) - raft.grpc.client.port = -1 (default)
2022-02-16 01:42:07,974 [main] INFO  grpc.GrpcConfigKeys (ConfUtils.java:logGet(44)) - raft.grpc.server.port = 9894 (custom)
2022-02-16 01:42:07,975 [main] INFO  grpc.GrpcConfigKeys (ConfUtils.java:logGet(44)) - raft.grpc.server.port = 9894 (custom)
2022-02-16 01:42:07,977 [main] INFO  server.GrpcService (ConfUtils.java:logGet(44)) - raft.grpc.message.size.max = 32m (=33554432) (custom)
2022-02-16 01:42:07,979 [main] INFO  server.RaftServerConfigKeys (ConfUtils.java:logGet(44)) - raft.server.log.appender.buffer.byte-limit = 33554432 (custom)
2022-02-16 01:42:07,979 [main] INFO  server.GrpcService (ConfUtils.java:logGet(44)) - raft.grpc.flow.control.window = 1MB (=1048576) (default)
2022-02-16 01:42:07,981 [main] INFO  server.RaftServerConfigKeys (ConfUtils.java:logGet(44)) - raft.server.rpc.request.timeout = 30000ms (custom)
2022-02-16 01:42:08,300 [main] INFO  impl.DataStreamServerImpl (ConfUtils.java:logGet(44)) - raft.datastream.type = DISABLED (default)
2022-02-16 01:42:08,302 [main] INFO  server.RaftServerConfigKeys (ConfUtils.java:logGet(44)) - raft.server.rpc.slowness.timeout = 120000ms (custom)
2022-02-16 01:42:08,303 [main] INFO  server.RaftServerConfigKeys (ConfUtils.java:logGet(44)) - raft.server.leaderelection.leader.step-down.wait-time = 10s (default)
2022-02-16 01:42:08,318 [main] INFO  server.RaftServerConfigKeys (ConfUtils.java:logGet(44)) - raft.server.storage.dir = [/home/runner/work/ozone/ozone/hadoop-ozone/integration-test/target/test-dir/MiniOzoneClusterImpl-c31dc292-76fe-4ff2-ba7c-3deb75f75441/ozone-meta/scm-ha] (custom)
2022-02-16 01:42:08,324 [main] INFO  server.RaftServer (RaftServerProxy.java:addNew(95)) - a1539ca7-d2c9-46ac-93a4-114c16d1b05c: addNew group-3DEB75F75441:[a1539ca7-d2c9-46ac-93a4-114c16d1b05c|rpc:fv-az184-768:9894|priority:0] returns group-3DEB75F75441:java.util.concurrent.CompletableFuture@12477988[Not completed]
2022-02-16 01:42:08,350 [pool-1-thread-1] INFO  server.RaftServer$Division (RaftServerImpl.java:<init>(184)) - a1539ca7-d2c9-46ac-93a4-114c16d1b05c: new RaftServerImpl for group-3DEB75F75441:[a1539ca7-d2c9-46ac-93a4-114c16d1b05c|rpc:fv-az184-768:9894|priority:0] with SCMStateMachine:uninitialized
2022-02-16 01:42:08,352 [pool-1-thread-1] INFO  server.RaftServerConfigKeys (ConfUtils.java:logGet(44)) - raft.server.rpc.timeout.min = 5000ms (custom)
2022-02-16 01:42:08,352 [pool-1-thread-1] INFO  server.RaftServerConfigKeys (ConfUtils.java:logGet(44)) - raft.server.rpc.timeout.max = 5200ms (custom)
2022-02-16 01:42:08,352 [pool-1-thread-1] INFO  server.RaftServerConfigKeys (ConfUtils.java:logGet(44)) - raft.server.rpc.sleep.time = 25ms (default)
2022-02-16 01:42:08,352 [pool-1-thread-1] INFO  server.RaftServerConfigKeys (ConfUtils.java:logGet(44)) - raft.server.rpc.slowness.timeout = 120000ms (custom)
2022-02-16 01:42:08,353 [pool-1-thread-1] INFO  server.RaftServerConfigKeys (ConfUtils.java:logGet(44)) - raft.server.leaderelection.leader.step-down.wait-time = 10s (default)
2022-02-16 01:42:08,353 [pool-1-thread-1] INFO  server.RaftServerConfigKeys (ConfUtils.java:logGet(44)) - raft.server.sleep.deviation.threshold = 300ms (default)
2022-02-16 01:42:08,354 [pool-1-thread-1] INFO  server.RaftServerConfigKeys (ConfUtils.java:logGet(44)) - raft.server.log.appender.install.snapshot.enabled = false (custom)
2022-02-16 01:42:08,359 [pool-1-thread-1] INFO  server.RaftServer$Division (ServerState.java:<init>(105)) - a1539ca7-d2c9-46ac-93a4-114c16d1b05c@group-3DEB75F75441: ConfigurationManager, init=-1: [a1539ca7-d2c9-46ac-93a4-114c16d1b05c|rpc:fv-az184-768:9894|priority:0], old=null, confs=<EMPTY_MAP>
2022-02-16 01:42:08,359 [pool-1-thread-1] INFO  server.RaftServerConfigKeys (ConfUtils.java:logGet(44)) - raft.server.storage.dir = [/home/runner/work/ozone/ozone/hadoop-ozone/integration-test/target/test-dir/MiniOzoneClusterImpl-c31dc292-76fe-4ff2-ba7c-3deb75f75441/ozone-meta/scm-ha] (custom)
2022-02-16 01:42:08,363 [pool-1-thread-1] INFO  server.RaftServerConfigKeys (ConfUtils.java:logGet(44)) - raft.server.log.corruption.policy = EXCEPTION (default)
2022-02-16 01:42:08,364 [pool-1-thread-1] INFO  server.RaftServerConfigKeys (ConfUtils.java:logGet(44)) - raft.server.storage.free-space.min = 0MB (=0) (default)
2022-02-16 01:42:08,365 [pool-1-thread-1] INFO  storage.RaftStorageDirectory (RaftStorageDirectoryImpl.java:analyzeStorage(135)) - The storage directory /home/runner/work/ozone/ozone/hadoop-ozone/integration-test/target/test-dir/MiniOzoneClusterImpl-c31dc292-76fe-4ff2-ba7c-3deb75f75441/ozone-meta/scm-ha/c31dc292-76fe-4ff2-ba7c-3deb75f75441 does not exist. Creating ...
2022-02-16 01:42:08,370 [pool-1-thread-1] INFO  storage.RaftStorageDirectory (RaftStorageDirectoryImpl.java:tryLock(230)) - Lock on /home/runner/work/ozone/ozone/hadoop-ozone/integration-test/target/test-dir/MiniOzoneClusterImpl-c31dc292-76fe-4ff2-ba7c-3deb75f75441/ozone-meta/scm-ha/c31dc292-76fe-4ff2-ba7c-3deb75f75441/in_use.lock acquired by nodename 18047@fv-az184-768
2022-02-16 01:42:08,376 [pool-1-thread-1] INFO  storage.RaftStorage (RaftStorageImpl.java:format(89)) - Storage directory /home/runner/work/ozone/ozone/hadoop-ozone/integration-test/target/test-dir/MiniOzoneClusterImpl-c31dc292-76fe-4ff2-ba7c-3deb75f75441/ozone-meta/scm-ha/c31dc292-76fe-4ff2-ba7c-3deb75f75441 has been successfully formatted.
2022-02-16 01:42:08,380 [pool-1-thread-1] INFO  server.RaftServerConfigKeys (ConfUtils.java:logGet(44)) - raft.server.notification.no-leader.timeout = 60s (default)
2022-02-16 01:42:08,382 [pool-1-thread-1] INFO  server.RaftServerConfigKeys (ConfUtils.java:logGet(44)) - raft.server.log.use.memory = false (default)
2022-02-16 01:42:08,389 [pool-1-thread-1] INFO  server.RaftServerConfigKeys (ConfUtils.java:logGet(44)) - raft.server.log.purge.gap = 1000000 (custom)
2022-02-16 01:42:08,390 [pool-1-thread-1] INFO  server.RaftServerConfigKeys (ConfUtils.java:logGet(44)) - raft.server.log.appender.buffer.byte-limit = 33554432 (custom)
2022-02-16 01:42:08,397 [pool-1-thread-1] INFO  metrics.MetricRegistries (MetricRegistriesLoader.java:load(64)) - Loaded MetricRegistries class org.apache.ratis.metrics.impl.MetricRegistriesImpl
2022-02-16 01:42:08,447 [pool-1-thread-1] INFO  server.RaftServerConfigKeys (ConfUtils.java:logGet(44)) - raft.server.log.segment.size.max = 4194304 (custom)
2022-02-16 01:42:08,455 [pool-1-thread-1] INFO  server.RaftServerConfigKeys (ConfUtils.java:logGet(44)) - raft.server.log.segment.cache.num.max = 2 (custom)
2022-02-16 01:42:08,455 [pool-1-thread-1] INFO  server.RaftServerConfigKeys (ConfUtils.java:logGet(44)) - raft.server.log.segment.cache.size.max = 200MB (=209715200) (default)
2022-02-16 01:42:08,460 [pool-1-thread-1] INFO  segmented.SegmentedRaftLogWorker (SegmentedRaftLogWorker.java:<init>(182)) - new a1539ca7-d2c9-46ac-93a4-114c16d1b05c@group-3DEB75F75441-SegmentedRaftLogWorker for RaftStorageImpl:Storage Directory /home/runner/work/ozone/ozone/hadoop-ozone/integration-test/target/test-dir/MiniOzoneClusterImpl-c31dc292-76fe-4ff2-ba7c-3deb75f75441/ozone-meta/scm-ha/c31dc292-76fe-4ff2-ba7c-3deb75f75441
2022-02-16 01:42:08,461 [pool-1-thread-1] INFO  server.RaftServerConfigKeys (ConfUtils.java:logGet(44)) - raft.server.log.queue.byte-limit = 64MB (=67108864) (default)
2022-02-16 01:42:08,461 [pool-1-thread-1] INFO  server.RaftServerConfigKeys (ConfUtils.java:logGet(44)) - raft.server.log.queue.element-limit = 4096 (default)
2022-02-16 01:42:08,462 [pool-1-thread-1] INFO  server.RaftServerConfigKeys (ConfUtils.java:logGet(44)) - raft.server.log.segment.size.max = 4194304 (custom)
2022-02-16 01:42:08,463 [pool-1-thread-1] INFO  server.RaftServerConfigKeys (ConfUtils.java:logGet(44)) - raft.server.log.preallocated.size = 4194304 (custom)
2022-02-16 01:42:08,463 [pool-1-thread-1] INFO  server.RaftServerConfigKeys (ConfUtils.java:logGet(44)) - raft.server.log.force.sync.num = 128 (default)
2022-02-16 01:42:08,464 [pool-1-thread-1] INFO  server.RaftServerConfigKeys (ConfUtils.java:logGet(44)) - raft.server.log.statemachine.data.sync = true (default)
2022-02-16 01:42:08,465 [pool-1-thread-1] INFO  server.RaftServerConfigKeys (ConfUtils.java:logGet(44)) - raft.server.log.statemachine.data.sync.timeout = 10s (default)
2022-02-16 01:42:08,465 [pool-1-thread-1] INFO  server.RaftServerConfigKeys (ConfUtils.java:logGet(44)) - raft.server.log.statemachine.data.sync.timeout.retry = -1 (default)
2022-02-16 01:42:08,472 [pool-1-thread-1] INFO  server.RaftServerConfigKeys (ConfUtils.java:logGet(44)) - raft.server.log.write.buffer.size = 64KB (=65536) (default)
2022-02-16 01:42:08,472 [pool-1-thread-1] INFO  server.RaftServerConfigKeys (ConfUtils.java:logGet(44)) - raft.server.log.statemachine.data.caching.enabled = false (default)
2022-02-16 01:42:08,478 [pool-1-thread-1] INFO  segmented.SegmentedRaftLogWorker (SegmentedRaftLogWorker.java:lambda$new$0(133)) - a1539ca7-d2c9-46ac-93a4-114c16d1b05c@group-3DEB75F75441-SegmentedRaftLogWorker: flushIndex: setUnconditionally 0 -> -1
2022-02-16 01:42:08,478 [pool-1-thread-1] INFO  segmented.SegmentedRaftLogWorker (SegmentedRaftLogWorker.java:lambda$new$0(133)) - a1539ca7-d2c9-46ac-93a4-114c16d1b05c@group-3DEB75F75441-SegmentedRaftLogWorker: safeCacheEvictIndex: setUnconditionally 0 -> -1
2022-02-16 01:42:08,482 [pool-1-thread-1] INFO  server.RaftServerConfigKeys (ConfUtils.java:logGet(44)) - raft.server.snapshot.auto.trigger.enabled = true (custom)
2022-02-16 01:42:08,483 [pool-1-thread-1] INFO  server.RaftServerConfigKeys (ConfUtils.java:logGet(44)) - raft.server.snapshot.auto.trigger.threshold = 1000 (custom)
2022-02-16 01:42:08,483 [pool-1-thread-1] INFO  server.RaftServerConfigKeys (ConfUtils.java:logGet(44)) - raft.server.snapshot.retention.file.num = -1 (default)
2022-02-16 01:42:08,484 [pool-1-thread-1] INFO  server.RaftServerConfigKeys (ConfUtils.java:logGet(44)) - raft.server.log.purge.upto.snapshot.index = false (default)
2022-02-16 01:42:08,485 [pool-1-thread-1] INFO  server.RaftServerConfigKeys (ConfUtils.java:logGet(44)) - raft.server.retrycache.expirytime = 60000ms (default)
2022-02-16 01:42:08,485 [pool-1-thread-1] INFO  server.RaftServerConfigKeys (ConfUtils.java:logGet(44)) - raft.server.retrycache.statistics.expirytime = 100μs (default)
2022-02-16 01:42:08,519 [main] INFO  server.RaftServer$Division (RaftServerImpl.java:start(301)) - a1539ca7-d2c9-46ac-93a4-114c16d1b05c@group-3DEB75F75441: start as a follower, conf=-1: [a1539ca7-d2c9-46ac-93a4-114c16d1b05c|rpc:fv-az184-768:9894|priority:0], old=null
2022-02-16 01:42:08,520 [main] INFO  server.RaftServer$Division (RaftServerImpl.java:setRole(290)) - a1539ca7-d2c9-46ac-93a4-114c16d1b05c@group-3DEB75F75441: changes role from      null to FOLLOWER at term 0 for startAsFollower
2022-02-16 01:42:08,521 [main] INFO  impl.RoleInfo (RoleInfo.java:updateAndGet(130)) - a1539ca7-d2c9-46ac-93a4-114c16d1b05c: start a1539ca7-d2c9-46ac-93a4-114c16d1b05c@group-3DEB75F75441-FollowerState
2022-02-16 01:42:08,531 [main] INFO  util.JmxRegister (JmxRegister.java:tryRegister(44)) - Successfully registered JMX Bean with object name Ratis:service=RaftServer,group=group-3DEB75F75441,id=a1539ca7-d2c9-46ac-93a4-114c16d1b05c
2022-02-16 01:42:08,536 [main] INFO  server.RaftServer (RaftServerProxy.java:lambda$start$5(374)) - a1539ca7-d2c9-46ac-93a4-114c16d1b05c: start RPC server
2022-02-16 01:42:08,594 [main] INFO  server.GrpcService (GrpcService.java:startImpl(253)) - a1539ca7-d2c9-46ac-93a4-114c16d1b05c: GrpcService started, listening on 9894
2022-02-16 01:42:08,596 [org.apache.ratis.util.JvmPauseMonitor$$Lambda$431/1906549136@588ffeb] INFO  util.JvmPauseMonitor (JvmPauseMonitor.java:run(103)) - JvmPauseMonitor-a1539ca7-d2c9-46ac-93a4-114c16d1b05c: Started
2022-02-16 01:42:13,611 [a1539ca7-d2c9-46ac-93a4-114c16d1b05c@group-3DEB75F75441-FollowerState] INFO  impl.FollowerState (FollowerState.java:run(134)) - a1539ca7-d2c9-46ac-93a4-114c16d1b05c@group-3DEB75F75441-FollowerState: change to CANDIDATE, lastRpcElapsedTime:5089653219ns, electionTimeout:5078ms
2022-02-16 01:42:13,612 [a1539ca7-d2c9-46ac-93a4-114c16d1b05c@group-3DEB75F75441-FollowerState] INFO  impl.RoleInfo (RoleInfo.java:shutdownFollowerState(108)) - a1539ca7-d2c9-46ac-93a4-114c16d1b05c: shutdown a1539ca7-d2c9-46ac-93a4-114c16d1b05c@group-3DEB75F75441-FollowerState
2022-02-16 01:42:13,612 [a1539ca7-d2c9-46ac-93a4-114c16d1b05c@group-3DEB75F75441-FollowerState] INFO  server.RaftServer$Division (RaftServerImpl.java:setRole(290)) - a1539ca7-d2c9-46ac-93a4-114c16d1b05c@group-3DEB75F75441: changes role from  FOLLOWER to CANDIDATE at term 0 for changeToCandidate
2022-02-16 01:42:13,615 [a1539ca7-d2c9-46ac-93a4-114c16d1b05c@group-3DEB75F75441-FollowerState] INFO  server.RaftServerConfigKeys (ConfUtils.java:logGet(44)) - raft.server.leaderelection.pre-vote = false (custom)
2022-02-16 01:42:13,615 [a1539ca7-d2c9-46ac-93a4-114c16d1b05c@group-3DEB75F75441-FollowerState] INFO  impl.RoleInfo (RoleInfo.java:updateAndGet(130)) - a1539ca7-d2c9-46ac-93a4-114c16d1b05c: start a1539ca7-d2c9-46ac-93a4-114c16d1b05c@group-3DEB75F75441-LeaderElection1
2022-02-16 01:42:13,620 [a1539ca7-d2c9-46ac-93a4-114c16d1b05c@group-3DEB75F75441-LeaderElection1] INFO  impl.LeaderElection (LeaderElection.java:askForVotes(306)) - a1539ca7-d2c9-46ac-93a4-114c16d1b05c@group-3DEB75F75441-LeaderElection1 ELECTION round 0: submit vote requests at term 1 for -1: [a1539ca7-d2c9-46ac-93a4-114c16d1b05c|rpc:fv-az184-768:9894|priority:0], old=null
2022-02-16 01:42:13,621 [a1539ca7-d2c9-46ac-93a4-114c16d1b05c@group-3DEB75F75441-LeaderElection1] INFO  impl.LeaderElection (LeaderElection.java:askForVotes(308)) - a1539ca7-d2c9-46ac-93a4-114c16d1b05c@group-3DEB75F75441-LeaderElection1 ELECTION round 0: result PASSED (term=1)
2022-02-16 01:42:13,621 [a1539ca7-d2c9-46ac-93a4-114c16d1b05c@group-3DEB75F75441-LeaderElection1] INFO  impl.RoleInfo (RoleInfo.java:shutdownLeaderElection(121)) - a1539ca7-d2c9-46ac-93a4-114c16d1b05c: shutdown a1539ca7-d2c9-46ac-93a4-114c16d1b05c@group-3DEB75F75441-LeaderElection1
2022-02-16 01:42:13,622 [a1539ca7-d2c9-46ac-93a4-114c16d1b05c@group-3DEB75F75441-LeaderElection1] INFO  server.RaftServer$Division (RaftServerImpl.java:setRole(290)) - a1539ca7-d2c9-46ac-93a4-114c16d1b05c@group-3DEB75F75441: changes role from CANDIDATE to LEADER at term 1 for changeToLeader
2022-02-16 01:42:13,622 [a1539ca7-d2c9-46ac-93a4-114c16d1b05c@group-3DEB75F75441-LeaderElection1] INFO  server.RaftServer$Division (ServerState.java:setLeader(285)) - a1539ca7-d2c9-46ac-93a4-114c16d1b05c@group-3DEB75F75441: change Leader from null to a1539ca7-d2c9-46ac-93a4-114c16d1b05c at term 1 for becomeLeader, leader elected after 5241ms
2022-02-16 01:42:13,628 [a1539ca7-d2c9-46ac-93a4-114c16d1b05c@group-3DEB75F75441-LeaderElection1] INFO  server.RaftServerConfigKeys (ConfUtils.java:logGet(44)) - raft.server.staging.catchup.gap = 1000 (default)
2022-02-16 01:42:13,633 [a1539ca7-d2c9-46ac-93a4-114c16d1b05c@group-3DEB75F75441-LeaderElection1] INFO  server.RaftServerConfigKeys (ConfUtils.java:logGet(44)) - raft.server.write.element-limit = 4096 (default)
2022-02-16 01:42:13,634 [a1539ca7-d2c9-46ac-93a4-114c16d1b05c@group-3DEB75F75441-LeaderElection1] INFO  server.RaftServerConfigKeys (ConfUtils.java:logGet(44)) - raft.server.write.byte-limit = 64MB (=67108864) (default)
2022-02-16 01:42:13,641 [a1539ca7-d2c9-46ac-93a4-114c16d1b05c@group-3DEB75F75441-LeaderElection1] INFO  server.RaftServerConfigKeys (ConfUtils.java:logGet(44)) - raft.server.watch.timeout = 10s (default)
2022-02-16 01:42:13,641 [a1539ca7-d2c9-46ac-93a4-114c16d1b05c@group-3DEB75F75441-LeaderElection1] INFO  server.RaftServerConfigKeys (ConfUtils.java:logGet(44)) - raft.server.watch.timeout.denomination = 1s (default)
2022-02-16 01:42:13,641 [a1539ca7-d2c9-46ac-93a4-114c16d1b05c@group-3DEB75F75441-LeaderElection1] INFO  server.RaftServerConfigKeys (ConfUtils.java:logGet(44)) - raft.server.watch.element-limit = 65536 (default)
2022-02-16 01:42:13,645 [a1539ca7-d2c9-46ac-93a4-114c16d1b05c@group-3DEB75F75441-LeaderElection1] INFO  server.RaftServerConfigKeys (ConfUtils.java:logGet(44)) - raft.server.write.element-limit = 4096 (default)
2022-02-16 01:42:13,646 [a1539ca7-d2c9-46ac-93a4-114c16d1b05c@group-3DEB75F75441-LeaderElection1] INFO  server.RaftServerConfigKeys (ConfUtils.java:logGet(44)) - raft.server.write.follower.gap.ratio.max = -1.0 (default)
2022-02-16 01:42:13,648 [a1539ca7-d2c9-46ac-93a4-114c16d1b05c@group-3DEB75F75441-LeaderElection1] INFO  impl.RoleInfo (RoleInfo.java:updateAndGet(130)) - a1539ca7-d2c9-46ac-93a4-114c16d1b05c: start a1539ca7-d2c9-46ac-93a4-114c16d1b05c@group-3DEB75F75441-LeaderStateImpl
2022-02-16 01:42:13,672 [a1539ca7-d2c9-46ac-93a4-114c16d1b05c@group-3DEB75F75441-LeaderElection1] INFO  segmented.SegmentedRaftLogWorker (SegmentedRaftLogWorker.java:startLogSegment(394)) - a1539ca7-d2c9-46ac-93a4-114c16d1b05c@group-3DEB75F75441-SegmentedRaftLogWorker: Starting segment from index:0
2022-02-16 01:42:13,702 [a1539ca7-d2c9-46ac-93a4-114c16d1b05c@group-3DEB75F75441-LeaderElection1] INFO  server.RaftServer$Division (ServerState.java:setRaftConf(387)) - a1539ca7-d2c9-46ac-93a4-114c16d1b05c@group-3DEB75F75441: set configuration 0: [a1539ca7-d2c9-46ac-93a4-114c16d1b05c|rpc:fv-az184-768:9894|admin:|client:|dataStream:|priority:0], old=null
2022-02-16 01:42:13,764 [a1539ca7-d2c9-46ac-93a4-114c16d1b05c@group-3DEB75F75441-SegmentedRaftLogWorker] INFO  segmented.SegmentedRaftLogWorker (SegmentedRaftLogWorker.java:execute(601)) - a1539ca7-d2c9-46ac-93a4-114c16d1b05c@group-3DEB75F75441-SegmentedRaftLogWorker: created new log segment /home/runner/work/ozone/ozone/hadoop-ozone/integration-test/target/test-dir/MiniOzoneClusterImpl-c31dc292-76fe-4ff2-ba7c-3deb75f75441/ozone-meta/scm-ha/c31dc292-76fe-4ff2-ba7c-3deb75f75441/current/log_inprogress_0
2022-02-16 01:42:14,598 [main] INFO  server.RaftServer (RaftServerProxy.java:lambda$close$6(391)) - a1539ca7-d2c9-46ac-93a4-114c16d1b05c: close
2022-02-16 01:42:14,599 [main] INFO  server.RaftServer$Division (RaftServerImpl.java:lambda$close$4(412)) - a1539ca7-d2c9-46ac-93a4-114c16d1b05c@group-3DEB75F75441: shutdown
2022-02-16 01:42:14,600 [main] INFO  util.JmxRegister (JmxRegister.java:unregister(73)) - Successfully un-registered JMX Bean with object name Ratis:service=RaftServer,group=group-3DEB75F75441,id=a1539ca7-d2c9-46ac-93a4-114c16d1b05c
2022-02-16 01:42:14,600 [main] INFO  impl.RoleInfo (RoleInfo.java:shutdownLeaderState(91)) - a1539ca7-d2c9-46ac-93a4-114c16d1b05c: shutdown a1539ca7-d2c9-46ac-93a4-114c16d1b05c@group-3DEB75F75441-LeaderStateImpl
2022-02-16 01:42:14,606 [main] INFO  impl.PendingRequests (PendingRequests.java:sendNotLeaderResponses(282)) - a1539ca7-d2c9-46ac-93a4-114c16d1b05c@group-3DEB75F75441-PendingRequests: sendNotLeaderResponses
2022-02-16 01:42:14,609 [a1539ca7-d2c9-46ac-93a4-114c16d1b05c@group-3DEB75F75441-StateMachineUpdater] INFO  impl.StateMachineUpdater (StateMachineUpdater.java:takeSnapshot(281)) - a1539ca7-d2c9-46ac-93a4-114c16d1b05c@group-3DEB75F75441-StateMachineUpdater: Took a snapshot at index 0
2022-02-16 01:42:14,609 [a1539ca7-d2c9-46ac-93a4-114c16d1b05c@group-3DEB75F75441-StateMachineUpdater] INFO  impl.StateMachineUpdater (StateMachineUpdater.java:lambda$new$0(89)) - a1539ca7-d2c9-46ac-93a4-114c16d1b05c@group-3DEB75F75441-StateMachineUpdater: snapshotIndex: updateIncreasingly -1 -> 0
2022-02-16 01:42:14,611 [main] INFO  impl.StateMachineUpdater (StateMachineUpdater.java:stopAndJoin(149)) - a1539ca7-d2c9-46ac-93a4-114c16d1b05c@group-3DEB75F75441-StateMachineUpdater: set stopIndex = 0
2022-02-16 01:42:14,611 [main] INFO  server.RaftServer$Division (ServerState.java:close(419)) - a1539ca7-d2c9-46ac-93a4-114c16d1b05c@group-3DEB75F75441: closes. applyIndex: 0
2022-02-16 01:42:14,613 [a1539ca7-d2c9-46ac-93a4-114c16d1b05c@group-3DEB75F75441-SegmentedRaftLogWorker] INFO  segmented.SegmentedRaftLogWorker (SegmentedRaftLogWorker.java:run(327)) - a1539ca7-d2c9-46ac-93a4-114c16d1b05c@group-3DEB75F75441-SegmentedRaftLogWorker was interrupted, exiting. There are 0 tasks remaining in the queue.
2022-02-16 01:42:14,614 [main] INFO  segmented.SegmentedRaftLogWorker (SegmentedRaftLogWorker.java:close(237)) - a1539ca7-d2c9-46ac-93a4-114c16d1b05c@group-3DEB75F75441-SegmentedRaftLogWorker close()
2022-02-16 01:42:14,615 [main] INFO  server.GrpcService (GrpcService.java:closeImpl(262)) - a1539ca7-d2c9-46ac-93a4-114c16d1b05c: shutdown server with port 9894 now
2022-02-16 01:42:14,631 [main] INFO  server.GrpcService (GrpcService.java:closeImpl(271)) - a1539ca7-d2c9-46ac-93a4-114c16d1b05c: shutdown server with port 9894 successfully
2022-02-16 01:42:14,631 [org.apache.ratis.util.JvmPauseMonitor$$Lambda$431/1906549136@588ffeb] INFO  util.JvmPauseMonitor (JvmPauseMonitor.java:run(109)) - JvmPauseMonitor-a1539ca7-d2c9-46ac-93a4-114c16d1b05c: Stopped
2022-02-16 01:42:14,659 [main] INFO  ha.SCMHANodeDetails (SCMHANodeDetails.java:loadSCMHAConfig(157)) - ServiceID for StorageContainerManager is null
2022-02-16 01:42:14,660 [main] INFO  ha.SCMHANodeDetails (SCMHANodeDetails.java:loadSCMHAConfig(162)) - ozone.scm.default.service.id is not defined, falling back to ozone.scm.service.ids to find serviceID for StorageContainerManager if it is HA enabled cluster
2022-02-16 01:42:14,679 [main] WARN  server.ServerUtils (ServerUtils.java:getScmDbDir(148)) - ozone.scm.db.dirs is not configured. We recommend adding this setting. Falling back to ozone.metadata.dirs instead.
2022-02-16 01:42:14,681 [main] INFO  upgrade.AbstractLayoutVersionManager (AbstractLayoutVersionManager.java:init(79)) - Initializing Layout version manager with metadata layout = SCM_HA (version = 2), software layout = SCM_HA (version = 2)
2022-02-16 01:42:14,801 [main] INFO  reflections.Reflections (Reflections.java:scan(232)) - Reflections took 98 ms to scan 7 urls, producing 119 keys and 279 values 
2022-02-16 01:42:15,221 [main] WARN  utils.HAUtils (HAUtils.java:getMetaDir(342)) - ozone.scm.db.dirs is not configured. We recommend adding this setting. Falling back to ozone.metadata.dirs instead.
2022-02-16 01:42:15,350 [main] WARN  db.DBStoreBuilder (DBStoreBuilder.java:applyDBDefinition(145)) - ozone.scm.db.dirs is not configured. We recommend adding this setting. Falling back to ozone.metadata.dirs instead.
2022-02-16 01:42:15,492 [main] INFO  net.NodeSchemaLoader (NodeSchemaLoader.java:loadSchemaFromFile(129)) - Loading schema from [jar:file:/home/runner/.m2/repository/org/apache/ozone/hdds-common/1.3.0-SNAPSHOT/hdds-common-1.3.0-SNAPSHOT.jar!/network-topology-default.xml]
2022-02-16 01:42:15,494 [main] INFO  net.NodeSchemaLoader (NodeSchemaLoader.java:loadSchema(176)) - Loading network topology layer schema file
2022-02-16 01:42:15,534 [main] INFO  ha.SCMRatisServerImpl (SCMRatisServerImpl.java:<init>(87)) - starting Raft server for scm:a1539ca7-d2c9-46ac-93a4-114c16d1b05c
2022-02-16 01:42:15,538 [main] INFO  server.RaftServer (ConfUtils.java:logGet(44)) - raft.rpc.type = GRPC (default)
2022-02-16 01:42:15,538 [main] INFO  grpc.GrpcFactory (GrpcFactory.java:checkPooledByteBufAllocatorUseCacheForAllThreads(48)) - PERFORMANCE WARNING: useCacheForAllThreads is true that may cause Netty to create a lot garbage objects and, as a result, trigger GC.
	It is recommended to disable useCacheForAllThreads by setting -Dorg.apache.ratis.thirdparty.io.netty.allocator.useCacheForAllThreads=false in command line.
2022-02-16 01:42:15,538 [main] INFO  grpc.GrpcConfigKeys (ConfUtils.java:logGet(44)) - raft.grpc.admin.port = -1 (default)
2022-02-16 01:42:15,539 [main] INFO  grpc.GrpcConfigKeys (ConfUtils.java:logGet(44)) - raft.grpc.server.port = 9894 (custom)
2022-02-16 01:42:15,539 [main] INFO  grpc.GrpcConfigKeys (ConfUtils.java:logGet(44)) - raft.grpc.client.port = -1 (default)
2022-02-16 01:42:15,539 [main] INFO  grpc.GrpcConfigKeys (ConfUtils.java:logGet(44)) - raft.grpc.server.port = 9894 (custom)
2022-02-16 01:42:15,539 [main] INFO  grpc.GrpcConfigKeys (ConfUtils.java:logGet(44)) - raft.grpc.server.port = 9894 (custom)
2022-02-16 01:42:15,539 [main] INFO  server.GrpcService (ConfUtils.java:logGet(44)) - raft.grpc.message.size.max = 32m (=33554432) (custom)
2022-02-16 01:42:15,540 [main] INFO  server.RaftServerConfigKeys (ConfUtils.java:logGet(44)) - raft.server.log.appender.buffer.byte-limit = 33554432 (custom)
2022-02-16 01:42:15,540 [main] INFO  server.GrpcService (ConfUtils.java:logGet(44)) - raft.grpc.flow.control.window = 1MB (=1048576) (default)
2022-02-16 01:42:15,540 [main] INFO  server.RaftServerConfigKeys (ConfUtils.java:logGet(44)) - raft.server.rpc.request.timeout = 30000ms (custom)
2022-02-16 01:42:15,541 [main] INFO  impl.DataStreamServerImpl (ConfUtils.java:logGet(44)) - raft.datastream.type = DISABLED (default)
2022-02-16 01:42:15,541 [main] INFO  server.RaftServerConfigKeys (ConfUtils.java:logGet(44)) - raft.server.rpc.slowness.timeout = 120000ms (custom)
2022-02-16 01:42:15,542 [main] INFO  server.RaftServerConfigKeys (ConfUtils.java:logGet(44)) - raft.server.leaderelection.leader.step-down.wait-time = 10s (default)
2022-02-16 01:42:15,542 [main] INFO  server.RaftServerConfigKeys (ConfUtils.java:logGet(44)) - raft.server.storage.dir = [/home/runner/work/ozone/ozone/hadoop-ozone/integration-test/target/test-dir/MiniOzoneClusterImpl-c31dc292-76fe-4ff2-ba7c-3deb75f75441/ozone-meta/scm-ha] (custom)
2022-02-16 01:42:15,542 [main] INFO  server.RaftServer (RaftServerProxy.java:lambda$null$1(235)) - a1539ca7-d2c9-46ac-93a4-114c16d1b05c: found a subdirectory /home/runner/work/ozone/ozone/hadoop-ozone/integration-test/target/test-dir/MiniOzoneClusterImpl-c31dc292-76fe-4ff2-ba7c-3deb75f75441/ozone-meta/scm-ha/c31dc292-76fe-4ff2-ba7c-3deb75f75441
2022-02-16 01:42:15,543 [main] INFO  server.RaftServer (RaftServerProxy.java:addNew(95)) - a1539ca7-d2c9-46ac-93a4-114c16d1b05c: addNew group-3DEB75F75441:[] returns group-3DEB75F75441:java.util.concurrent.CompletableFuture@6fa02932[Not completed]
2022-02-16 01:42:15,546 [pool-16-thread-1] INFO  server.RaftServer$Division (RaftServerImpl.java:<init>(184)) - a1539ca7-d2c9-46ac-93a4-114c16d1b05c: new RaftServerImpl for group-3DEB75F75441:[] with SCMStateMachine:uninitialized
2022-02-16 01:42:15,546 [pool-16-thread-1] INFO  server.RaftServerConfigKeys (ConfUtils.java:logGet(44)) - raft.server.rpc.timeout.min = 5000ms (custom)
2022-02-16 01:42:15,546 [pool-16-thread-1] INFO  server.RaftServerConfigKeys (ConfUtils.java:logGet(44)) - raft.server.rpc.timeout.max = 5200ms (custom)
2022-02-16 01:42:15,547 [pool-16-thread-1] INFO  server.RaftServerConfigKeys (ConfUtils.java:logGet(44)) - raft.server.rpc.sleep.time = 25ms (default)
2022-02-16 01:42:15,547 [pool-16-thread-1] INFO  server.RaftServerConfigKeys (ConfUtils.java:logGet(44)) - raft.server.rpc.slowness.timeout = 120000ms (custom)
2022-02-16 01:42:15,547 [pool-16-thread-1] INFO  server.RaftServerConfigKeys (ConfUtils.java:logGet(44)) - raft.server.leaderelection.leader.step-down.wait-time = 10s (default)
2022-02-16 01:42:15,547 [pool-16-thread-1] INFO  server.RaftServerConfigKeys (ConfUtils.java:logGet(44)) - raft.server.sleep.deviation.threshold = 300ms (default)
2022-02-16 01:42:15,547 [pool-16-thread-1] INFO  server.RaftServerConfigKeys (ConfUtils.java:logGet(44)) - raft.server.log.appender.install.snapshot.enabled = false (custom)
2022-02-16 01:42:15,547 [pool-16-thread-1] INFO  server.RaftServer$Division (ServerState.java:<init>(105)) - a1539ca7-d2c9-46ac-93a4-114c16d1b05c@group-3DEB75F75441: ConfigurationManager, init=-1: [], old=null, confs=<EMPTY_MAP>
2022-02-16 01:42:15,547 [pool-16-thread-1] INFO  server.RaftServerConfigKeys (ConfUtils.java:logGet(44)) - raft.server.storage.dir = [/home/runner/work/ozone/ozone/hadoop-ozone/integration-test/target/test-dir/MiniOzoneClusterImpl-c31dc292-76fe-4ff2-ba7c-3deb75f75441/ozone-meta/scm-ha] (custom)
2022-02-16 01:42:15,547 [pool-16-thread-1] INFO  server.RaftServerConfigKeys (ConfUtils.java:logGet(44)) - raft.server.log.corruption.policy = EXCEPTION (default)
2022-02-16 01:42:15,548 [pool-16-thread-1] INFO  server.RaftServerConfigKeys (ConfUtils.java:logGet(44)) - raft.server.storage.free-space.min = 0MB (=0) (default)
2022-02-16 01:42:15,549 [pool-16-thread-1] INFO  storage.RaftStorageDirectory (RaftStorageDirectoryImpl.java:tryLock(230)) - Lock on /home/runner/work/ozone/ozone/hadoop-ozone/integration-test/target/test-dir/MiniOzoneClusterImpl-c31dc292-76fe-4ff2-ba7c-3deb75f75441/ozone-meta/scm-ha/c31dc292-76fe-4ff2-ba7c-3deb75f75441/in_use.lock acquired by nodename 18047@fv-az184-768
2022-02-16 01:42:15,550 [pool-16-thread-1] INFO  storage.RaftStorage (RaftStorageImpl.java:analyzeAndRecoverStorage(110)) - Read RaftStorageMetadata{term=1, votedFor=a1539ca7-d2c9-46ac-93a4-114c16d1b05c} from /home/runner/work/ozone/ozone/hadoop-ozone/integration-test/target/test-dir/MiniOzoneClusterImpl-c31dc292-76fe-4ff2-ba7c-3deb75f75441/ozone-meta/scm-ha/c31dc292-76fe-4ff2-ba7c-3deb75f75441/current/raft-meta
2022-02-16 01:42:15,559 [pool-16-thread-1] INFO  server.RaftServer$Division (ServerState.java:setRaftConf(387)) - a1539ca7-d2c9-46ac-93a4-114c16d1b05c@group-3DEB75F75441: set configuration 0: [a1539ca7-d2c9-46ac-93a4-114c16d1b05c|rpc:fv-az184-768:9894|admin:|client:|dataStream:|priority:0], old=null
2022-02-16 01:42:15,559 [pool-16-thread-1] INFO  server.RaftServerConfigKeys (ConfUtils.java:logGet(44)) - raft.server.notification.no-leader.timeout = 60s (default)
2022-02-16 01:42:15,560 [pool-16-thread-1] INFO  server.RaftServerConfigKeys (ConfUtils.java:logGet(44)) - raft.server.log.use.memory = false (default)
2022-02-16 01:42:15,560 [pool-16-thread-1] INFO  server.RaftServerConfigKeys (ConfUtils.java:logGet(44)) - raft.server.log.purge.gap = 1000000 (custom)
2022-02-16 01:42:15,560 [pool-16-thread-1] INFO  server.RaftServerConfigKeys (ConfUtils.java:logGet(44)) - raft.server.log.appender.buffer.byte-limit = 33554432 (custom)
2022-02-16 01:42:15,563 [pool-16-thread-1] INFO  server.RaftServerConfigKeys (ConfUtils.java:logGet(44)) - raft.server.log.segment.size.max = 4194304 (custom)
2022-02-16 01:42:15,563 [pool-16-thread-1] INFO  server.RaftServerConfigKeys (ConfUtils.java:logGet(44)) - raft.server.log.segment.cache.num.max = 2 (custom)
2022-02-16 01:42:15,564 [pool-16-thread-1] INFO  server.RaftServerConfigKeys (ConfUtils.java:logGet(44)) - raft.server.log.segment.cache.size.max = 200MB (=209715200) (default)
2022-02-16 01:42:15,564 [pool-16-thread-1] INFO  segmented.SegmentedRaftLogWorker (SegmentedRaftLogWorker.java:<init>(182)) - new a1539ca7-d2c9-46ac-93a4-114c16d1b05c@group-3DEB75F75441-SegmentedRaftLogWorker for RaftStorageImpl:Storage Directory /home/runner/work/ozone/ozone/hadoop-ozone/integration-test/target/test-dir/MiniOzoneClusterImpl-c31dc292-76fe-4ff2-ba7c-3deb75f75441/ozone-meta/scm-ha/c31dc292-76fe-4ff2-ba7c-3deb75f75441
2022-02-16 01:42:15,564 [pool-16-thread-1] INFO  server.RaftServerConfigKeys (ConfUtils.java:logGet(44)) - raft.server.log.queue.byte-limit = 64MB (=67108864) (default)
2022-02-16 01:42:15,564 [pool-16-thread-1] INFO  server.RaftServerConfigKeys (ConfUtils.java:logGet(44)) - raft.server.log.queue.element-limit = 4096 (default)
2022-02-16 01:42:15,564 [pool-16-thread-1] INFO  server.RaftServerConfigKeys (ConfUtils.java:logGet(44)) - raft.server.log.segment.size.max = 4194304 (custom)
2022-02-16 01:42:15,564 [pool-16-thread-1] INFO  server.RaftServerConfigKeys (ConfUtils.java:logGet(44)) - raft.server.log.preallocated.size = 4194304 (custom)
2022-02-16 01:42:15,564 [pool-16-thread-1] INFO  server.RaftServerConfigKeys (ConfUtils.java:logGet(44)) - raft.server.log.force.sync.num = 128 (default)
2022-02-16 01:42:15,564 [pool-16-thread-1] INFO  server.RaftServerConfigKeys (ConfUtils.java:logGet(44)) - raft.server.log.statemachine.data.sync = true (default)
2022-02-16 01:42:15,565 [pool-16-thread-1] INFO  server.RaftServerConfigKeys (ConfUtils.java:logGet(44)) - raft.server.log.statemachine.data.sync.timeout = 10s (default)
2022-02-16 01:42:15,565 [pool-16-thread-1] INFO  server.RaftServerConfigKeys (ConfUtils.java:logGet(44)) - raft.server.log.statemachine.data.sync.timeout.retry = -1 (default)
2022-02-16 01:42:15,566 [pool-16-thread-1] INFO  server.RaftServerConfigKeys (ConfUtils.java:logGet(44)) - raft.server.log.write.buffer.size = 64KB (=65536) (default)
2022-02-16 01:42:15,566 [pool-16-thread-1] INFO  server.RaftServerConfigKeys (ConfUtils.java:logGet(44)) - raft.server.log.statemachine.data.caching.enabled = false (default)
2022-02-16 01:42:15,572 [pool-16-thread-1] INFO  server.RaftServer$Division (ServerState.java:setRaftConf(387)) - a1539ca7-d2c9-46ac-93a4-114c16d1b05c@group-3DEB75F75441: set configuration 0: [a1539ca7-d2c9-46ac-93a4-114c16d1b05c|rpc:fv-az184-768:9894|admin:|client:|dataStream:|priority:0], old=null
2022-02-16 01:42:15,573 [pool-16-thread-1] INFO  segmented.LogSegment (LogSegment.java:loadSegment(173)) - Successfully read 1 entries from segment file /home/runner/work/ozone/ozone/hadoop-ozone/integration-test/target/test-dir/MiniOzoneClusterImpl-c31dc292-76fe-4ff2-ba7c-3deb75f75441/ozone-meta/scm-ha/c31dc292-76fe-4ff2-ba7c-3deb75f75441/current/log_inprogress_0
2022-02-16 01:42:15,574 [pool-16-thread-1] INFO  segmented.SegmentedRaftLogWorker (SegmentedRaftLogWorker.java:lambda$new$0(133)) - a1539ca7-d2c9-46ac-93a4-114c16d1b05c@group-3DEB75F75441-SegmentedRaftLogWorker: flushIndex: setUnconditionally 0 -> 0
2022-02-16 01:42:15,574 [pool-16-thread-1] INFO  segmented.SegmentedRaftLogWorker (SegmentedRaftLogWorker.java:lambda$new$0(133)) - a1539ca7-d2c9-46ac-93a4-114c16d1b05c@group-3DEB75F75441-SegmentedRaftLogWorker: safeCacheEvictIndex: setUnconditionally 0 -> -1
2022-02-16 01:42:15,574 [pool-16-thread-1] INFO  server.RaftServerConfigKeys (ConfUtils.java:logGet(44)) - raft.server.snapshot.auto.trigger.enabled = true (custom)
2022-02-16 01:42:15,574 [pool-16-thread-1] INFO  server.RaftServerConfigKeys (ConfUtils.java:logGet(44)) - raft.server.snapshot.auto.trigger.threshold = 1000 (custom)
2022-02-16 01:42:15,574 [pool-16-thread-1] INFO  server.RaftServerConfigKeys (ConfUtils.java:logGet(44)) - raft.server.snapshot.retention.file.num = -1 (default)
2022-02-16 01:42:15,574 [pool-16-thread-1] INFO  server.RaftServerConfigKeys (ConfUtils.java:logGet(44)) - raft.server.log.purge.upto.snapshot.index = false (default)
2022-02-16 01:42:15,575 [pool-16-thread-1] INFO  server.RaftServerConfigKeys (ConfUtils.java:logGet(44)) - raft.server.retrycache.expirytime = 60000ms (default)
2022-02-16 01:42:15,575 [pool-16-thread-1] INFO  server.RaftServerConfigKeys (ConfUtils.java:logGet(44)) - raft.server.retrycache.statistics.expirytime = 100μs (default)
2022-02-16 01:42:15,577 [main] INFO  ha.SCMSnapshotProvider (SCMSnapshotProvider.java:<init>(66)) - Initializing SCM Snapshot Provider
2022-02-16 01:42:15,577 [main] WARN  server.ServerUtils (ServerUtils.java:getDefaultRatisDirectory(237)) - Storage directory for Ratis is not configured. It is a good idea to map this to an SSD disk. Falling back to ozone.metadata.dirs
2022-02-16 01:42:15,578 [main] WARN  ha.SCMHAUtils (SCMHAUtils.java:getSCMRatisSnapshotDirectory(146)) - SCM snapshot dir is not configured. Falling back to ozone.metadata.dirs config
2022-02-16 01:42:15,685 [main] INFO  ha.SequenceIdGenerator (SequenceIdGenerator.java:upgradeToSequenceId(347)) - upgrade localId to 109611004723200000
2022-02-16 01:42:15,685 [main] INFO  ha.SequenceIdGenerator (SequenceIdGenerator.java:upgradeToSequenceId(357)) - upgrade delTxnId to 0
2022-02-16 01:42:15,688 [main] INFO  ha.SequenceIdGenerator (SequenceIdGenerator.java:upgradeToSequenceId(371)) - upgrade containerId to 0
2022-02-16 01:42:15,693 [main] INFO  ha.SequenceIdGenerator (SequenceIdGenerator.java:<init>(218)) - Init the HA SequenceIdGenerator.
2022-02-16 01:42:15,737 [main] INFO  node.SCMNodeManager (SCMNodeManager.java:<init>(144)) - Entering startup safe mode.
2022-02-16 01:42:15,805 [main] INFO  algorithms.ContainerPlacementPolicyFactory (ContainerPlacementPolicyFactory.java:getPolicy(60)) - Create container placement policy of type org.apache.hadoop.hdds.scm.container.placement.algorithms.SCMContainerPlacementRandom
2022-02-16 01:42:15,813 [main] INFO  pipeline.PipelineStateManagerImpl (PipelineStateManagerImpl.java:initialize(78)) - No pipeline exists in current db
2022-02-16 01:42:15,845 [main] INFO  algorithms.LeaderChoosePolicyFactory (LeaderChoosePolicyFactory.java:getPolicy(57)) - Create leader choose policy of type org.apache.hadoop.hdds.scm.pipeline.leader.choose.algorithms.MinLeaderCountChoosePolicy
2022-02-16 01:42:15,851 [main] INFO  ha.SCMServiceManager (SCMServiceManager.java:register(43)) - Registering service BackgroundPipelineCreator.
2022-02-16 01:42:15,851 [main] INFO  pipeline.BackgroundPipelineCreator (BackgroundPipelineCreator.java:start(130)) - Starting RatisPipelineUtilsThread.
2022-02-16 01:42:15,883 [main] INFO  algorithms.PipelineChoosePolicyFactory (PipelineChoosePolicyFactory.java:createPipelineChoosePolicyFromClass(73)) - Create pipeline choose policy of type org.apache.hadoop.hdds.scm.pipeline.choose.algorithms.RandomPipelineChoosePolicy
2022-02-16 01:42:15,898 [main] INFO  ha.SCMServiceManager (SCMServiceManager.java:register(43)) - Registering service SCMBlockDeletingService.
2022-02-16 01:42:15,924 [main] INFO  ha.SCMServiceManager (SCMServiceManager.java:register(43)) - Registering service ReplicationManager.
2022-02-16 01:42:15,936 [main] INFO  container.ReplicationManager (ReplicationManager.java:start(326)) - Starting Replication Monitor Thread.
2022-02-16 01:42:15,949 [ReplicationMonitor] INFO  container.ReplicationManager (ReplicationManager.java:processAll(374)) - Replication Manager is not ready to run until 3000ms after safemode exit
2022-02-16 01:42:15,951 [main] INFO  safemode.ContainerSafeModeRule (ContainerSafeModeRule.java:<init>(89)) - containers with one replica threshold count 0
2022-02-16 01:42:15,955 [main] INFO  safemode.HealthyPipelineSafeModeRule (HealthyPipelineSafeModeRule.java:initializeRule(156)) - Total pipeline count is 0, healthy pipeline threshold count is 1
2022-02-16 01:42:15,959 [main] INFO  safemode.OneReplicaPipelineSafeModeRule (OneReplicaPipelineSafeModeRule.java:initializeRule(180)) - Total pipeline count is 0, pipeline's with at least one datanode reported threshold count is 0
2022-02-16 01:42:16,311 [main] INFO  ipc.CallQueueManager (CallQueueManager.java:<init>(90)) - Using callQueue: class java.util.concurrent.LinkedBlockingQueue, queueCapacity: 2000, scheduler: class org.apache.hadoop.ipc.DefaultRpcScheduler, ipcBackoff: false.
2022-02-16 01:42:16,345 [Socket Reader #1 for port 0] INFO  ipc.Server (Server.java:run(1265)) - Starting Socket Reader #1 for port 0
2022-02-16 01:42:16,382 [Listener at 0.0.0.0/43911] INFO  ipc.CallQueueManager (CallQueueManager.java:<init>(90)) - Using callQueue: class java.util.concurrent.LinkedBlockingQueue, queueCapacity: 2000, scheduler: class org.apache.hadoop.ipc.DefaultRpcScheduler, ipcBackoff: false.
2022-02-16 01:42:16,384 [Socket Reader #1 for port 0] INFO  ipc.Server (Server.java:run(1265)) - Starting Socket Reader #1 for port 0
2022-02-16 01:42:16,408 [Listener at 0.0.0.0/39033] INFO  ipc.CallQueueManager (CallQueueManager.java:<init>(90)) - Using callQueue: class java.util.concurrent.LinkedBlockingQueue, queueCapacity: 2000, scheduler: class org.apache.hadoop.ipc.DefaultRpcScheduler, ipcBackoff: false.
2022-02-16 01:42:16,409 [Socket Reader #1 for port 0] INFO  ipc.Server (Server.java:run(1265)) - Starting Socket Reader #1 for port 0
2022-02-16 01:42:16,454 [Listener at 0.0.0.0/37497] INFO  algorithms.ContainerPlacementPolicyFactory (ContainerPlacementPolicyFactory.java:getPolicy(60)) - Create container placement policy of type org.apache.hadoop.hdds.scm.container.placement.algorithms.SCMContainerPlacementRandom
2022-02-16 01:42:16,460 [Listener at 0.0.0.0/37497] INFO  server.StorageContainerManager (StorageContainerManager.java:<init>(388)) - 
Container Balancer status:
Key                            Value
Running                        false
Container Balancer Configuration values:
Key                                                Value
Threshold                                          10
Max Datanodes to Involve per Iteration(percent)    20
Max Size to Move per Iteration                     500GB
Max Size Entering Target per Iteration             26GB
Max Size Leaving Source per Iteration              26GB

2022-02-16 01:42:16,461 [Listener at 0.0.0.0/37497] WARN  events.EventQueue (EventQueue.java:fireEvent(194)) - No event handler registered for event TypedEvent{payloadType=SafeModeStatus, name='Safe mode status'}
2022-02-16 01:42:16,461 [Listener at 0.0.0.0/37497] INFO  ha.SCMContext (SCMContext.java:updateSafeModeStatus(211)) - Update SafeModeStatus from SafeModeStatus{safeModeStatus=true, preCheckPassed=false} to SafeModeStatus{safeModeStatus=true, preCheckPassed=false}.
2022-02-16 01:42:16,463 [Listener at 0.0.0.0/37497] INFO  server.StorageContainerManager (StorageContainerManager.java:start(1303)) - StorageContainerLocationProtocol RPC server is listening at /0.0.0.0:37497
2022-02-16 01:42:16,465 [Listener at 0.0.0.0/37497] INFO  ha.SCMRatisServerImpl (SCMRatisServerImpl.java:start(177)) - starting ratis server 0.0.0.0:9894
2022-02-16 01:42:16,465 [Listener at 0.0.0.0/37497] INFO  server.RaftServer$Division (RaftServerImpl.java:start(301)) - a1539ca7-d2c9-46ac-93a4-114c16d1b05c@group-3DEB75F75441: start as a follower, conf=0: [a1539ca7-d2c9-46ac-93a4-114c16d1b05c|rpc:fv-az184-768:9894|admin:|client:|dataStream:|priority:0], old=null
2022-02-16 01:42:16,465 [Listener at 0.0.0.0/37497] INFO  server.RaftServer$Division (RaftServerImpl.java:setRole(290)) - a1539ca7-d2c9-46ac-93a4-114c16d1b05c@group-3DEB75F75441: changes role from      null to FOLLOWER at term 1 for startAsFollower
2022-02-16 01:42:16,465 [Listener at 0.0.0.0/37497] INFO  impl.RoleInfo (RoleInfo.java:updateAndGet(130)) - a1539ca7-d2c9-46ac-93a4-114c16d1b05c: start a1539ca7-d2c9-46ac-93a4-114c16d1b05c@group-3DEB75F75441-FollowerState
2022-02-16 01:42:16,466 [Listener at 0.0.0.0/37497] INFO  util.JmxRegister (JmxRegister.java:tryRegister(44)) - Successfully registered JMX Bean with object name Ratis:service=RaftServer,group=group-3DEB75F75441,id=a1539ca7-d2c9-46ac-93a4-114c16d1b05c
2022-02-16 01:42:16,471 [Listener at 0.0.0.0/37497] INFO  server.RaftServer (RaftServerProxy.java:lambda$start$5(374)) - a1539ca7-d2c9-46ac-93a4-114c16d1b05c: start RPC server
2022-02-16 01:42:16,475 [Listener at 0.0.0.0/37497] INFO  server.GrpcService (GrpcService.java:startImpl(253)) - a1539ca7-d2c9-46ac-93a4-114c16d1b05c: GrpcService started, listening on 9894
2022-02-16 01:42:16,476 [Listener at 0.0.0.0/37497] INFO  ha.SCMHAManagerImpl (SCMHAManagerImpl.java:start(121)) -  scm role is FOLLOWER peers [a1539ca7-d2c9-46ac-93a4-114c16d1b05c|rpc:fv-az184-768:9894|admin:|client:|dataStream:|priority:0]
2022-02-16 01:42:16,476 [Listener at 0.0.0.0/37497] INFO  ha.InterSCMGrpcService (InterSCMGrpcProtocolService.java:start(94)) - Starting SCM Grpc Service at port 9895
2022-02-16 01:42:16,476 [org.apache.ratis.util.JvmPauseMonitor$$Lambda$431/1906549136@301e5d23] INFO  util.JvmPauseMonitor (JvmPauseMonitor.java:run(103)) - JvmPauseMonitor-a1539ca7-d2c9-46ac-93a4-114c16d1b05c: Started
2022-02-16 01:42:16,540 [Listener at 0.0.0.0/37497] WARN  impl.MetricsConfig (MetricsConfig.java:loadFirst(136)) - Cannot locate configuration: tried hadoop-metrics2-storagecontainermanager.properties,hadoop-metrics2.properties
2022-02-16 01:42:16,554 [Listener at 0.0.0.0/37497] INFO  impl.MetricsSystemImpl (MetricsSystemImpl.java:startTimer(378)) - Scheduled Metric snapshot period at 10 second(s).
2022-02-16 01:42:16,555 [Listener at 0.0.0.0/37497] INFO  impl.MetricsSystemImpl (MetricsSystemImpl.java:start(191)) - StorageContainerManager metrics system started
2022-02-16 01:42:16,819 [Listener at 0.0.0.0/37497] INFO  server.SCMClientProtocolServer (SCMClientProtocolServer.java:start(165)) - RPC server for Client  is listening at /0.0.0.0:37497
2022-02-16 01:42:16,819 [IPC Server Responder] INFO  ipc.Server (Server.java:run(1507)) - IPC Server Responder: starting
2022-02-16 01:42:16,820 [IPC Server listener on 0] INFO  ipc.Server (Server.java:run(1344)) - IPC Server listener on 0: starting
2022-02-16 01:42:16,825 [Listener at 0.0.0.0/37497] INFO  server.StorageContainerManager (StorageContainerManager.java:start(1318)) - ScmBlockLocationProtocol RPC server is listening at /0.0.0.0:39033
2022-02-16 01:42:16,826 [Listener at 0.0.0.0/37497] INFO  server.SCMBlockProtocolServer (SCMBlockProtocolServer.java:start(151)) - RPC server for Block Protocol is listening at /0.0.0.0:39033
2022-02-16 01:42:16,826 [IPC Server Responder] INFO  ipc.Server (Server.java:run(1507)) - IPC Server Responder: starting
2022-02-16 01:42:16,827 [IPC Server listener on 0] INFO  ipc.Server (Server.java:run(1344)) - IPC Server listener on 0: starting
2022-02-16 01:42:16,849 [org.apache.hadoop.util.JvmPauseMonitor$Monitor@17e8c38c] INFO  util.JvmPauseMonitor (JvmPauseMonitor.java:run(188)) - Starting JVM pause monitor
2022-02-16 01:42:16,863 [Listener at 0.0.0.0/37497] INFO  http.BaseHttpServer (BaseHttpServer.java:newHttpServer2BuilderForOzone(209)) - Starting Web-server for scm at: http://0.0.0.0:0
2022-02-16 01:42:16,864 [Listener at 0.0.0.0/37497] INFO  http.BaseHttpServer (BaseHttpServer.java:<init>(107)) - Hadoop Security Enabled: false Ozone Security Enabled: false Ozone HTTP Security Enabled: false 
2022-02-16 01:42:16,890 [Listener at 0.0.0.0/37497] INFO  util.log (Log.java:initialized(170)) - Logging initialized @10412ms to org.eclipse.jetty.util.log.Slf4jLog
2022-02-16 01:42:16,995 [Listener at 0.0.0.0/37497] INFO  server.AuthenticationFilter (AuthenticationFilter.java:constructSecretProvider(240)) - Unable to initialize FileSignerSecretProvider, falling back to use random secrets.
2022-02-16 01:42:17,000 [Listener at 0.0.0.0/37497] WARN  http.HttpRequestLog (HttpRequestLog.java:getRequestLog(103)) - Jetty request log can only be enabled using Log4j
2022-02-16 01:42:17,005 [Listener at 0.0.0.0/37497] INFO  http.HttpServer2 (HttpServer2.java:addGlobalFilter(1030)) - Added global filter 'safety' (class=org.apache.hadoop.hdds.server.http.HttpServer2$QuotingInputFilter)
2022-02-16 01:42:17,008 [Listener at 0.0.0.0/37497] INFO  http.HttpServer2 (HttpServer2.java:addFilter(1006)) - Added filter static_user_filter (class=org.apache.hadoop.http.lib.StaticUserWebFilter$StaticUserFilter) to context scm
2022-02-16 01:42:17,008 [Listener at 0.0.0.0/37497] INFO  http.HttpServer2 (HttpServer2.java:addFilter(1014)) - Added filter static_user_filter (class=org.apache.hadoop.http.lib.StaticUserWebFilter$StaticUserFilter) to context static
2022-02-16 01:42:17,008 [Listener at 0.0.0.0/37497] INFO  http.HttpServer2 (HttpServer2.java:addFilter(1014)) - Added filter static_user_filter (class=org.apache.hadoop.http.lib.StaticUserWebFilter$StaticUserFilter) to context logs
2022-02-16 01:42:17,051 [Listener at 0.0.0.0/37497] INFO  http.HttpServer2 (HttpServer2.java:bindListener(1249)) - Jetty bound to port 40495
2022-02-16 01:42:17,053 [Listener at 0.0.0.0/37497] INFO  server.Server (Server.java:doStart(375)) - jetty-9.4.43.v20210629; built: 2021-06-30T11:07:22.254Z; git: 526006ecfa3af7f1a27ef3a288e2bef7ea9dd7e8; jvm 1.8.0_312-b07
2022-02-16 01:42:17,087 [Listener at 0.0.0.0/37497] INFO  server.session (DefaultSessionIdManager.java:doStart(334)) - DefaultSessionIdManager workerName=node0
2022-02-16 01:42:17,087 [Listener at 0.0.0.0/37497] INFO  server.session (DefaultSessionIdManager.java:doStart(339)) - No SessionScavenger set, using defaults
2022-02-16 01:42:17,089 [Listener at 0.0.0.0/37497] INFO  server.session (HouseKeeper.java:startScavenging(132)) - node0 Scavenging every 660000ms
2022-02-16 01:42:17,108 [Listener at 0.0.0.0/37497] INFO  handler.ContextHandler (ContextHandler.java:doStart(915)) - Started o.e.j.s.ServletContextHandler@9fd3b61{logs,/logs,file:///home/runner/work/ozone/ozone/hadoop-ozone/integration-test/target/log,AVAILABLE}
2022-02-16 01:42:17,109 [Listener at 0.0.0.0/37497] INFO  handler.ContextHandler (ContextHandler.java:doStart(915)) - Started o.e.j.s.ServletContextHandler@27691ee8{static,/static,file:///home/runner/work/ozone/ozone/hadoop-ozone/integration-test/target/test-classes/webapps/static,AVAILABLE}
2022-02-16 01:42:17,151 [Listener at 0.0.0.0/37497] INFO  handler.ContextHandler (ContextHandler.java:doStart(915)) - Started o.e.j.w.WebAppContext@5c261c74{scm,/,file:///home/runner/work/ozone/ozone/hadoop-ozone/integration-test/target/test-classes/webapps/scm/,AVAILABLE}{file:/home/runner/work/ozone/ozone/hadoop-ozone/integration-test/target/test-classes/webapps/scm}
2022-02-16 01:42:17,159 [Listener at 0.0.0.0/37497] INFO  server.AbstractConnector (AbstractConnector.java:doStart(331)) - Started ServerConnector@7e9ed4df{HTTP/1.1, (http/1.1)}{0.0.0.0:40495}
2022-02-16 01:42:17,160 [Listener at 0.0.0.0/37497] INFO  server.Server (Server.java:doStart(415)) - Started @10682ms
2022-02-16 01:42:17,162 [Listener at 0.0.0.0/37497] INFO  impl.MetricsSinkAdapter (MetricsSinkAdapter.java:start(204)) - Sink prometheus started
2022-02-16 01:42:17,162 [Listener at 0.0.0.0/37497] INFO  impl.MetricsSystemImpl (MetricsSystemImpl.java:registerSink(305)) - Registered sink prometheus
2022-02-16 01:42:17,163 [Listener at 0.0.0.0/37497] INFO  http.BaseHttpServer (BaseHttpServer.java:updateConnectorAddress(329)) - HTTP server of scm listening at http://0.0.0.0:40495
2022-02-16 01:42:17,164 [Listener at 0.0.0.0/37497] WARN  server.ServerUtils (ServerUtils.java:getDBPath(225)) - ozone.om.db.dirs is not configured. We recommend adding this setting. Falling back to ozone.metadata.dirs instead.
2022-02-16 01:42:17,272 [Listener at 0.0.0.0/37497] INFO  ha.OMHANodeDetails (OMHANodeDetails.java:loadOMHAConfig(112)) - ozone.om.internal.service.id is not defined, falling back to ozone.om.service.ids to find serviceID for OzoneManager if it is HA enabled cluster
2022-02-16 01:42:17,275 [Listener at 0.0.0.0/37497] INFO  ha.OMHANodeDetails (OMHANodeDetails.java:loadOMHAConfig(218)) - Configuration does not have ozone.om.address set. Falling back to the default OM address /127.0.0.1:0
2022-02-16 01:42:17,275 [Listener at 0.0.0.0/37497] INFO  ha.OMHANodeDetails (OMHANodeDetails.java:getOMNodeDetailsForNonHA(246)) - OM Service ID is not set. Setting it to the default ID: omServiceIdDefault
2022-02-16 01:42:17,275 [Listener at 0.0.0.0/37497] INFO  ha.OMHANodeDetails (OMHANodeDetails.java:getOMNodeDetailsForNonHA(253)) - OM Node ID is not set. Setting it to the default ID: om1
2022-02-16 01:42:17,279 [Listener at 0.0.0.0/37497] WARN  server.ServerUtils (ServerUtils.java:getDBPath(225)) - ozone.om.db.dirs is not configured. We recommend adding this setting. Falling back to ozone.metadata.dirs instead.
2022-02-16 01:42:17,280 [Listener at 0.0.0.0/37497] INFO  upgrade.AbstractLayoutVersionManager (AbstractLayoutVersionManager.java:init(79)) - Initializing Layout version manager with metadata layout = INITIAL_VERSION (version = 0), software layout = INITIAL_VERSION (version = 0)
2022-02-16 01:42:17,329 [Listener at 0.0.0.0/37497] INFO  reflections.Reflections (Reflections.java:scan(232)) - Reflections took 43 ms to scan 2 urls, producing 133 keys and 348 values [using 2 cores]
2022-02-16 01:42:17,334 [Listener at 0.0.0.0/37497] INFO  upgrade.OMLayoutVersionManager (OMLayoutVersionManager.java:lambda$0(115)) - Skipping Upgrade Action MockOmUpgradeAction since it has been finalized.
2022-02-16 01:42:17,336 [Listener at 0.0.0.0/37497] WARN  server.ServerUtils (ServerUtils.java:getDBPath(225)) - ozone.om.db.dirs is not configured. We recommend adding this setting. Falling back to ozone.metadata.dirs instead.
2022-02-16 01:42:19,695 [Listener at 0.0.0.0/37497] INFO  retry.RetryInvocationHandler (RetryInvocationHandler.java:log(411)) - com.google.protobuf.ServiceException: org.apache.hadoop.ipc.RemoteException(org.apache.hadoop.hdds.ratis.ServerNotLeaderException): Server:a1539ca7-d2c9-46ac-93a4-114c16d1b05c is not the leader. Could not determine the leader node.
	at org.apache.hadoop.hdds.ratis.ServerNotLeaderException.convertToNotLeaderException(ServerNotLeaderException.java:109)
	at org.apache.hadoop.hdds.scm.ha.RatisUtil.checkRatisException(RatisUtil.java:245)
	at org.apache.hadoop.hdds.scm.protocol.ScmBlockLocationProtocolServerSideTranslatorPB.send(ScmBlockLocationProtocolServerSideTranslatorPB.java:108)
	at org.apache.hadoop.hdds.protocol.proto.ScmBlockLocationProtocolProtos$ScmBlockLocationProtocolService$2.callBlockingMethod(ScmBlockLocationProtocolProtos.java:13937)
	at org.apache.hadoop.ipc.ProtobufRpcEngine$Server.processCall(ProtobufRpcEngine.java:466)
	at org.apache.hadoop.ipc.ProtobufRpcEngine2$Server$ProtoBufRpcInvoker.call(ProtobufRpcEngine2.java:574)
	at org.apache.hadoop.ipc.ProtobufRpcEngine2$Server$ProtoBufRpcInvoker.call(ProtobufRpcEngine2.java:552)
	at org.apache.hadoop.ipc.RPC$Server.call(RPC.java:1093)
	at org.apache.hadoop.ipc.Server$RpcCall.run(Server.java:1035)
	at org.apache.hadoop.ipc.Server$RpcCall.run(Server.java:963)
	at java.security.AccessController.doPrivileged(Native Method)
	at javax.security.auth.Subject.doAs(Subject.java:422)
	at org.apache.hadoop.security.UserGroupInformation.doAs(UserGroupInformation.java:1878)
	at org.apache.hadoop.ipc.Server$Handler.run(Server.java:2966)
, while invoking $Proxy42.send over nodeId=scmNodeId,nodeAddress=/0.0.0.0:39033 after 1 failover attempts. Trying to failover after sleeping for 2000ms.
2022-02-16 01:42:21,555 [a1539ca7-d2c9-46ac-93a4-114c16d1b05c@group-3DEB75F75441-FollowerState] INFO  impl.FollowerState (FollowerState.java:run(134)) - a1539ca7-d2c9-46ac-93a4-114c16d1b05c@group-3DEB75F75441-FollowerState: change to CANDIDATE, lastRpcElapsedTime:5089777446ns, electionTimeout:5083ms
2022-02-16 01:42:21,556 [a1539ca7-d2c9-46ac-93a4-114c16d1b05c@group-3DEB75F75441-FollowerState] INFO  impl.RoleInfo (RoleInfo.java:shutdownFollowerState(108)) - a1539ca7-d2c9-46ac-93a4-114c16d1b05c: shutdown a1539ca7-d2c9-46ac-93a4-114c16d1b05c@group-3DEB75F75441-FollowerState
2022-02-16 01:42:21,556 [a1539ca7-d2c9-46ac-93a4-114c16d1b05c@group-3DEB75F75441-FollowerState] INFO  server.RaftServer$Division (RaftServerImpl.java:setRole(290)) - a1539ca7-d2c9-46ac-93a4-114c16d1b05c@group-3DEB75F75441: changes role from  FOLLOWER to CANDIDATE at term 1 for changeToCandidate
2022-02-16 01:42:21,556 [a1539ca7-d2c9-46ac-93a4-114c16d1b05c@group-3DEB75F75441-FollowerState] INFO  server.RaftServerConfigKeys (ConfUtils.java:logGet(44)) - raft.server.leaderelection.pre-vote = false (custom)
2022-02-16 01:42:21,556 [a1539ca7-d2c9-46ac-93a4-114c16d1b05c@group-3DEB75F75441-FollowerState] INFO  impl.RoleInfo (RoleInfo.java:updateAndGet(130)) - a1539ca7-d2c9-46ac-93a4-114c16d1b05c: start a1539ca7-d2c9-46ac-93a4-114c16d1b05c@group-3DEB75F75441-LeaderElection2
2022-02-16 01:42:21,564 [a1539ca7-d2c9-46ac-93a4-114c16d1b05c@group-3DEB75F75441-LeaderElection2] INFO  impl.LeaderElection (LeaderElection.java:askForVotes(306)) - a1539ca7-d2c9-46ac-93a4-114c16d1b05c@group-3DEB75F75441-LeaderElection2 ELECTION round 0: submit vote requests at term 2 for 0: [a1539ca7-d2c9-46ac-93a4-114c16d1b05c|rpc:fv-az184-768:9894|admin:|client:|dataStream:|priority:0], old=null
2022-02-16 01:42:21,564 [a1539ca7-d2c9-46ac-93a4-114c16d1b05c@group-3DEB75F75441-LeaderElection2] INFO  impl.LeaderElection (LeaderElection.java:askForVotes(308)) - a1539ca7-d2c9-46ac-93a4-114c16d1b05c@group-3DEB75F75441-LeaderElection2 ELECTION round 0: result PASSED (term=2)
2022-02-16 01:42:21,566 [a1539ca7-d2c9-46ac-93a4-114c16d1b05c@group-3DEB75F75441-LeaderElection2] INFO  impl.RoleInfo (RoleInfo.java:shutdownLeaderElection(121)) - a1539ca7-d2c9-46ac-93a4-114c16d1b05c: shutdown a1539ca7-d2c9-46ac-93a4-114c16d1b05c@group-3DEB75F75441-LeaderElection2
2022-02-16 01:42:21,566 [a1539ca7-d2c9-46ac-93a4-114c16d1b05c@group-3DEB75F75441-LeaderElection2] INFO  server.RaftServer$Division (RaftServerImpl.java:setRole(290)) - a1539ca7-d2c9-46ac-93a4-114c16d1b05c@group-3DEB75F75441: changes role from CANDIDATE to LEADER at term 2 for changeToLeader
2022-02-16 01:42:21,566 [a1539ca7-d2c9-46ac-93a4-114c16d1b05c@group-3DEB75F75441-LeaderElection2] INFO  ha.SCMStateMachine (SCMStateMachine.java:notifyLeaderChanged(259)) - current SCM becomes leader of term 2.
2022-02-16 01:42:21,566 [a1539ca7-d2c9-46ac-93a4-114c16d1b05c@group-3DEB75F75441-LeaderElection2] INFO  ha.SCMContext (SCMContext.java:updateLeaderAndTerm(90)) - update <isLeader,term> from <false,0> to <true,2>
2022-02-16 01:42:21,569 [a1539ca7-d2c9-46ac-93a4-114c16d1b05c@group-3DEB75F75441-LeaderElection2] INFO  server.RaftServer$Division (ServerState.java:setLeader(285)) - a1539ca7-d2c9-46ac-93a4-114c16d1b05c@group-3DEB75F75441: change Leader from null to a1539ca7-d2c9-46ac-93a4-114c16d1b05c at term 2 for becomeLeader, leader elected after 6006ms
2022-02-16 01:42:21,571 [a1539ca7-d2c9-46ac-93a4-114c16d1b05c@group-3DEB75F75441-LeaderElection2] INFO  server.RaftServerConfigKeys (ConfUtils.java:logGet(44)) - raft.server.staging.catchup.gap = 1000 (default)
2022-02-16 01:42:21,572 [a1539ca7-d2c9-46ac-93a4-114c16d1b05c@group-3DEB75F75441-LeaderElection2] INFO  server.RaftServerConfigKeys (ConfUtils.java:logGet(44)) - raft.server.write.element-limit = 4096 (default)
2022-02-16 01:42:21,572 [a1539ca7-d2c9-46ac-93a4-114c16d1b05c@group-3DEB75F75441-LeaderElection2] INFO  server.RaftServerConfigKeys (ConfUtils.java:logGet(44)) - raft.server.write.byte-limit = 64MB (=67108864) (default)
2022-02-16 01:42:21,572 [a1539ca7-d2c9-46ac-93a4-114c16d1b05c@group-3DEB75F75441-LeaderElection2] INFO  server.RaftServerConfigKeys (ConfUtils.java:logGet(44)) - raft.server.watch.timeout = 10s (default)
2022-02-16 01:42:21,572 [a1539ca7-d2c9-46ac-93a4-114c16d1b05c@group-3DEB75F75441-LeaderElection2] INFO  server.RaftServerConfigKeys (ConfUtils.java:logGet(44)) - raft.server.watch.timeout.denomination = 1s (default)
2022-02-16 01:42:21,572 [a1539ca7-d2c9-46ac-93a4-114c16d1b05c@group-3DEB75F75441-LeaderElection2] INFO  server.RaftServerConfigKeys (ConfUtils.java:logGet(44)) - raft.server.watch.element-limit = 65536 (default)
2022-02-16 01:42:21,572 [a1539ca7-d2c9-46ac-93a4-114c16d1b05c@group-3DEB75F75441-LeaderElection2] INFO  server.RaftServerConfigKeys (ConfUtils.java:logGet(44)) - raft.server.write.element-limit = 4096 (default)
2022-02-16 01:42:21,573 [a1539ca7-d2c9-46ac-93a4-114c16d1b05c@group-3DEB75F75441-LeaderElection2] INFO  server.RaftServerConfigKeys (ConfUtils.java:logGet(44)) - raft.server.write.follower.gap.ratio.max = -1.0 (default)
2022-02-16 01:42:21,573 [a1539ca7-d2c9-46ac-93a4-114c16d1b05c@group-3DEB75F75441-LeaderElection2] INFO  impl.RoleInfo (RoleInfo.java:updateAndGet(130)) - a1539ca7-d2c9-46ac-93a4-114c16d1b05c: start a1539ca7-d2c9-46ac-93a4-114c16d1b05c@group-3DEB75F75441-LeaderStateImpl
2022-02-16 01:42:21,573 [a1539ca7-d2c9-46ac-93a4-114c16d1b05c@group-3DEB75F75441-LeaderElection2] INFO  segmented.SegmentedRaftLogWorker (SegmentedRaftLogWorker.java:rollLogSegment(399)) - a1539ca7-d2c9-46ac-93a4-114c16d1b05c@group-3DEB75F75441-SegmentedRaftLogWorker: Rolling segment log-0_0 to index:0
2022-02-16 01:42:21,576 [a1539ca7-d2c9-46ac-93a4-114c16d1b05c@group-3DEB75F75441-SegmentedRaftLogWorker] INFO  segmented.SegmentedRaftLogWorker (SegmentedRaftLogWorker.java:execute(558)) - a1539ca7-d2c9-46ac-93a4-114c16d1b05c@group-3DEB75F75441-SegmentedRaftLogWorker: Rolled log segment from /home/runner/work/ozone/ozone/hadoop-ozone/integration-test/target/test-dir/MiniOzoneClusterImpl-c31dc292-76fe-4ff2-ba7c-3deb75f75441/ozone-meta/scm-ha/c31dc292-76fe-4ff2-ba7c-3deb75f75441/current/log_inprogress_0 to /home/runner/work/ozone/ozone/hadoop-ozone/integration-test/target/test-dir/MiniOzoneClusterImpl-c31dc292-76fe-4ff2-ba7c-3deb75f75441/ozone-meta/scm-ha/c31dc292-76fe-4ff2-ba7c-3deb75f75441/current/log_0-0
2022-02-16 01:42:21,584 [a1539ca7-d2c9-46ac-93a4-114c16d1b05c@group-3DEB75F75441-LeaderElection2] INFO  server.RaftServer$Division (ServerState.java:setRaftConf(387)) - a1539ca7-d2c9-46ac-93a4-114c16d1b05c@group-3DEB75F75441: set configuration 1: [a1539ca7-d2c9-46ac-93a4-114c16d1b05c|rpc:fv-az184-768:9894|admin:|client:|dataStream:|priority:0], old=null
2022-02-16 01:42:21,589 [a1539ca7-d2c9-46ac-93a4-114c16d1b05c@group-3DEB75F75441-SegmentedRaftLogWorker] INFO  segmented.SegmentedRaftLogWorker (SegmentedRaftLogWorker.java:execute(601)) - a1539ca7-d2c9-46ac-93a4-114c16d1b05c@group-3DEB75F75441-SegmentedRaftLogWorker: created new log segment /home/runner/work/ozone/ozone/hadoop-ozone/integration-test/target/test-dir/MiniOzoneClusterImpl-c31dc292-76fe-4ff2-ba7c-3deb75f75441/ozone-meta/scm-ha/c31dc292-76fe-4ff2-ba7c-3deb75f75441/current/log_inprogress_1
2022-02-16 01:42:21,594 [a1539ca7-d2c9-46ac-93a4-114c16d1b05c@group-3DEB75F75441-StateMachineUpdater] INFO  ha.SCMContext (SCMContext.java:setLeaderReady(117)) - update <isLeaderReady> from <false> to <true>
2022-02-16 01:42:21,595 [a1539ca7-d2c9-46ac-93a4-114c16d1b05c@group-3DEB75F75441-StateMachineUpdater] INFO  pipeline.BackgroundPipelineCreator (BackgroundPipelineCreator.java:notifyStatusChanged(264)) - Service BackgroundPipelineCreator transitions to RUNNING.
2022-02-16 01:42:21,595 [a1539ca7-d2c9-46ac-93a4-114c16d1b05c@group-3DEB75F75441-StateMachineUpdater] INFO  safemode.HealthyPipelineSafeModeRule (HealthyPipelineSafeModeRule.java:initializeRule(152)) - Refreshed total pipeline count is 0, healthy pipeline threshold count is 1
2022-02-16 01:42:21,596 [a1539ca7-d2c9-46ac-93a4-114c16d1b05c@group-3DEB75F75441-StateMachineUpdater] INFO  safemode.ContainerSafeModeRule (ContainerSafeModeRule.java:reInitializeRule(177)) - Refreshed one replica container threshold 0, currentThreshold 0
2022-02-16 01:42:21,596 [a1539ca7-d2c9-46ac-93a4-114c16d1b05c@group-3DEB75F75441-StateMachineUpdater] INFO  safemode.OneReplicaPipelineSafeModeRule (OneReplicaPipelineSafeModeRule.java:initializeRule(176)) - Refreshed Total pipeline count is 0, pipeline's with at least one datanode reported threshold count is 0
2022-02-16 01:42:21,596 [a1539ca7-d2c9-46ac-93a4-114c16d1b05c@group-3DEB75F75441-StateMachineUpdater] INFO  server.SCMDatanodeProtocolServer (SCMDatanodeProtocolServer.java:start(181)) - ScmDatanodeProtocol RPC server for DataNodes is listening at /0.0.0.0:43911
2022-02-16 01:42:21,607 [IPC Server listener on 0] INFO  ipc.Server (Server.java:run(1344)) - IPC Server listener on 0: starting
2022-02-16 01:42:21,608 [IPC Server Responder] INFO  ipc.Server (Server.java:run(1507)) - IPC Server Responder: starting
2022-02-16 01:42:21,745 [Listener at 0.0.0.0/37497] WARN  server.ServerUtils (ServerUtils.java:getDBPath(225)) - ozone.om.db.dirs is not configured. We recommend adding this setting. Falling back to ozone.metadata.dirs instead.
2022-02-16 01:42:21,752 [Listener at 0.0.0.0/37497] INFO  codec.OmKeyInfoCodec (OmKeyInfoCodec.java:<init>(50)) - OmKeyInfoCodec ignorePipeline = true
2022-02-16 01:42:21,753 [Listener at 0.0.0.0/37497] INFO  codec.RepeatedOmKeyInfoCodec (RepeatedOmKeyInfoCodec.java:<init>(42)) - RepeatedOmKeyInfoCodec ignorePipeline = true
2022-02-16 01:42:21,940 [Listener at 0.0.0.0/37497] INFO  om.OzoneManager (OzoneManager.java:addS3GVolumeToDB(3732)) - Created Volume s3v With Owner runner required for S3Gateway operations.
2022-02-16 01:42:21,979 [Listener at 0.0.0.0/37497] WARN  server.ServerUtils (ServerUtils.java:getDefaultRatisDirectory(237)) - Storage directory for Ratis is not configured. It is a good idea to map this to an SSD disk. Falling back to ozone.metadata.dirs
2022-02-16 01:42:21,980 [Listener at 0.0.0.0/37497] WARN  utils.OzoneManagerRatisUtils (OzoneManagerRatisUtils.java:getOMRatisSnapshotDirectory(330)) - ozone.om.ratis.snapshot.dir is not configured. Falling back to ozone.metadata.dirs config
2022-02-16 01:42:21,983 [Listener at 0.0.0.0/37497] WARN  impl.MetricRegistriesImpl (MetricRegistriesImpl.java:addReporterRegistration(111)) - New reporters are added after registries were created. Some metrics will be missing from the reporter. Please add reporter before adding any new registry.
2022-02-16 01:42:21,984 [Listener at 0.0.0.0/37497] WARN  impl.MetricRegistriesImpl (MetricRegistriesImpl.java:addReporterRegistration(111)) - New reporters are added after registries were created. Some metrics will be missing from the reporter. Please add reporter before adding any new registry.
2022-02-16 01:42:21,984 [Listener at 0.0.0.0/37497] WARN  server.ServerUtils (ServerUtils.java:getDefaultRatisDirectory(237)) - Storage directory for Ratis is not configured. It is a good idea to map this to an SSD disk. Falling back to ozone.metadata.dirs
2022-02-16 01:42:21,987 [Listener at 0.0.0.0/37497] INFO  ratis.OzoneManagerRatisServer (OzoneManagerRatisServer.java:<init>(159)) - Instantiating OM Ratis server with groupID: omServiceIdDefault and peers: localhost:9872
2022-02-16 01:42:21,990 [Listener at 0.0.0.0/37497] INFO  ratis.OzoneManagerStateMachine (OzoneManagerStateMachine.java:loadSnapshotInfoFromDB(605)) - LastAppliedIndex is set from TransactionInfo from OM DB as (t:0, i:~)
2022-02-16 01:42:22,000 [Listener at 0.0.0.0/37497] INFO  server.RaftServer (ConfUtils.java:logGet(44)) - raft.rpc.type = GRPC (default)
2022-02-16 01:42:22,000 [Listener at 0.0.0.0/37497] INFO  grpc.GrpcFactory (GrpcFactory.java:checkPooledByteBufAllocatorUseCacheForAllThreads(48)) - PERFORMANCE WARNING: useCacheForAllThreads is true that may cause Netty to create a lot garbage objects and, as a result, trigger GC.
	It is recommended to disable useCacheForAllThreads by setting -Dorg.apache.ratis.thirdparty.io.netty.allocator.useCacheForAllThreads=false in command line.
2022-02-16 01:42:22,001 [Listener at 0.0.0.0/37497] INFO  grpc.GrpcConfigKeys (ConfUtils.java:logGet(44)) - raft.grpc.admin.port = -1 (default)
2022-02-16 01:42:22,001 [Listener at 0.0.0.0/37497] INFO  grpc.GrpcConfigKeys (ConfUtils.java:logGet(44)) - raft.grpc.server.port = 9872 (custom)
2022-02-16 01:42:22,001 [Listener at 0.0.0.0/37497] INFO  grpc.GrpcConfigKeys (ConfUtils.java:logGet(44)) - raft.grpc.client.port = -1 (default)
2022-02-16 01:42:22,001 [Listener at 0.0.0.0/37497] INFO  grpc.GrpcConfigKeys (ConfUtils.java:logGet(44)) - raft.grpc.server.port = 9872 (custom)
2022-02-16 01:42:22,001 [Listener at 0.0.0.0/37497] INFO  grpc.GrpcConfigKeys (ConfUtils.java:logGet(44)) - raft.grpc.server.port = 9872 (custom)
2022-02-16 01:42:22,001 [Listener at 0.0.0.0/37497] INFO  server.GrpcService (ConfUtils.java:logGet(44)) - raft.grpc.message.size.max = 33554432 (custom)
2022-02-16 01:42:22,001 [Listener at 0.0.0.0/37497] INFO  server.RaftServerConfigKeys (ConfUtils.java:logGet(44)) - raft.server.log.appender.buffer.byte-limit = 33554432 (custom)
2022-02-16 01:42:22,002 [Listener at 0.0.0.0/37497] INFO  server.GrpcService (ConfUtils.java:logGet(44)) - raft.grpc.flow.control.window = 1MB (=1048576) (default)
2022-02-16 01:42:22,002 [Listener at 0.0.0.0/37497] INFO  server.RaftServerConfigKeys (ConfUtils.java:logGet(44)) - raft.server.rpc.request.timeout = 3000ms (default)
2022-02-16 01:42:22,003 [Listener at 0.0.0.0/37497] INFO  impl.DataStreamServerImpl (ConfUtils.java:logGet(44)) - raft.datastream.type = DISABLED (default)
2022-02-16 01:42:22,003 [Listener at 0.0.0.0/37497] INFO  server.RaftServerConfigKeys (ConfUtils.java:logGet(44)) - raft.server.rpc.slowness.timeout = 120s (custom)
2022-02-16 01:42:22,004 [Listener at 0.0.0.0/37497] INFO  server.RaftServerConfigKeys (ConfUtils.java:logGet(44)) - raft.server.leaderelection.leader.step-down.wait-time = 10s (default)
2022-02-16 01:42:22,004 [Listener at 0.0.0.0/37497] INFO  server.RaftServerConfigKeys (ConfUtils.java:logGet(44)) - raft.server.storage.dir = [/home/runner/work/ozone/ozone/hadoop-ozone/integration-test/target/test-dir/MiniOzoneClusterImpl-c31dc292-76fe-4ff2-ba7c-3deb75f75441/ozone-meta/ratis] (custom)
2022-02-16 01:42:22,006 [Listener at 0.0.0.0/37497] INFO  server.RaftServer (RaftServerProxy.java:addNew(95)) - om1: addNew group-C5BA1605619E:[om1|rpc:localhost:9872|priority:0] returns group-C5BA1605619E:java.util.concurrent.CompletableFuture@2b9132ad[Not completed]
2022-02-16 01:42:22,006 [Listener at 0.0.0.0/37497] INFO  om.OzoneManager (OzoneManager.java:initializeRatisServer(1834)) - OzoneManager Ratis server initialized at port 9872
2022-02-16 01:42:22,012 [pool-45-thread-1] INFO  server.RaftServer$Division (RaftServerImpl.java:<init>(184)) - om1: new RaftServerImpl for group-C5BA1605619E:[om1|rpc:localhost:9872|priority:0] with OzoneManagerStateMachine:uninitialized
2022-02-16 01:42:22,013 [pool-45-thread-1] INFO  server.RaftServerConfigKeys (ConfUtils.java:logGet(44)) - raft.server.rpc.timeout.min = 1s (custom)
2022-02-16 01:42:22,014 [pool-45-thread-1] INFO  server.RaftServerConfigKeys (ConfUtils.java:logGet(44)) - raft.server.rpc.timeout.max = 1200ms (custom)
2022-02-16 01:42:22,014 [pool-45-thread-1] INFO  server.RaftServerConfigKeys (ConfUtils.java:logGet(44)) - raft.server.rpc.sleep.time = 25ms (default)
2022-02-16 01:42:22,014 [pool-45-thread-1] INFO  server.RaftServerConfigKeys (ConfUtils.java:logGet(44)) - raft.server.rpc.slowness.timeout = 120s (custom)
2022-02-16 01:42:22,014 [pool-45-thread-1] INFO  server.RaftServerConfigKeys (ConfUtils.java:logGet(44)) - raft.server.leaderelection.leader.step-down.wait-time = 10s (default)
2022-02-16 01:42:22,014 [pool-45-thread-1] INFO  server.RaftServerConfigKeys (ConfUtils.java:logGet(44)) - raft.server.sleep.deviation.threshold = 300ms (default)
2022-02-16 01:42:22,014 [pool-45-thread-1] INFO  server.RaftServerConfigKeys (ConfUtils.java:logGet(44)) - raft.server.log.appender.install.snapshot.enabled = false (custom)
2022-02-16 01:42:22,014 [pool-45-thread-1] INFO  server.RaftServer$Division (ServerState.java:<init>(105)) - om1@group-C5BA1605619E: ConfigurationManager, init=-1: [om1|rpc:localhost:9872|priority:0], old=null, confs=<EMPTY_MAP>
2022-02-16 01:42:22,015 [pool-45-thread-1] INFO  server.RaftServerConfigKeys (ConfUtils.java:logGet(44)) - raft.server.storage.dir = [/home/runner/work/ozone/ozone/hadoop-ozone/integration-test/target/test-dir/MiniOzoneClusterImpl-c31dc292-76fe-4ff2-ba7c-3deb75f75441/ozone-meta/ratis] (custom)
2022-02-16 01:42:22,015 [pool-45-thread-1] INFO  server.RaftServerConfigKeys (ConfUtils.java:logGet(44)) - raft.server.log.corruption.policy = EXCEPTION (default)
2022-02-16 01:42:22,015 [pool-45-thread-1] INFO  server.RaftServerConfigKeys (ConfUtils.java:logGet(44)) - raft.server.storage.free-space.min = 0MB (=0) (default)
2022-02-16 01:42:22,015 [pool-45-thread-1] INFO  storage.RaftStorageDirectory (RaftStorageDirectoryImpl.java:analyzeStorage(135)) - The storage directory /home/runner/work/ozone/ozone/hadoop-ozone/integration-test/target/test-dir/MiniOzoneClusterImpl-c31dc292-76fe-4ff2-ba7c-3deb75f75441/ozone-meta/ratis/bf265839-605b-3f16-9796-c5ba1605619e does not exist. Creating ...
2022-02-16 01:42:22,022 [pool-45-thread-1] INFO  storage.RaftStorageDirectory (RaftStorageDirectoryImpl.java:tryLock(230)) - Lock on /home/runner/work/ozone/ozone/hadoop-ozone/integration-test/target/test-dir/MiniOzoneClusterImpl-c31dc292-76fe-4ff2-ba7c-3deb75f75441/ozone-meta/ratis/bf265839-605b-3f16-9796-c5ba1605619e/in_use.lock acquired by nodename 18047@fv-az184-768
2022-02-16 01:42:22,023 [pool-45-thread-1] INFO  storage.RaftStorage (RaftStorageImpl.java:format(89)) - Storage directory /home/runner/work/ozone/ozone/hadoop-ozone/integration-test/target/test-dir/MiniOzoneClusterImpl-c31dc292-76fe-4ff2-ba7c-3deb75f75441/ozone-meta/ratis/bf265839-605b-3f16-9796-c5ba1605619e has been successfully formatted.
2022-02-16 01:42:22,024 [pool-45-thread-1] INFO  server.RaftServerConfigKeys (ConfUtils.java:logGet(44)) - raft.server.notification.no-leader.timeout = 120s (custom)
2022-02-16 01:42:22,024 [pool-45-thread-1] INFO  server.RaftServerConfigKeys (ConfUtils.java:logGet(44)) - raft.server.log.use.memory = false (default)
2022-02-16 01:42:22,024 [pool-45-thread-1] INFO  server.RaftServerConfigKeys (ConfUtils.java:logGet(44)) - raft.server.log.purge.gap = 1000000 (custom)
2022-02-16 01:42:22,024 [pool-45-thread-1] INFO  server.RaftServerConfigKeys (ConfUtils.java:logGet(44)) - raft.server.log.appender.buffer.byte-limit = 33554432 (custom)
2022-02-16 01:42:22,025 [pool-45-thread-1] INFO  server.RaftServerConfigKeys (ConfUtils.java:logGet(44)) - raft.server.log.segment.size.max = 4194304 (custom)
2022-02-16 01:42:22,025 [pool-45-thread-1] INFO  server.RaftServerConfigKeys (ConfUtils.java:logGet(44)) - raft.server.log.segment.cache.num.max = 2 (custom)
2022-02-16 01:42:22,025 [pool-45-thread-1] INFO  server.RaftServerConfigKeys (ConfUtils.java:logGet(44)) - raft.server.log.segment.cache.size.max = 200MB (=209715200) (default)
2022-02-16 01:42:22,025 [pool-45-thread-1] INFO  segmented.SegmentedRaftLogWorker (SegmentedRaftLogWorker.java:<init>(182)) - new om1@group-C5BA1605619E-SegmentedRaftLogWorker for RaftStorageImpl:Storage Directory /home/runner/work/ozone/ozone/hadoop-ozone/integration-test/target/test-dir/MiniOzoneClusterImpl-c31dc292-76fe-4ff2-ba7c-3deb75f75441/ozone-meta/ratis/bf265839-605b-3f16-9796-c5ba1605619e
2022-02-16 01:42:22,025 [pool-45-thread-1] INFO  server.RaftServerConfigKeys (ConfUtils.java:logGet(44)) - raft.server.log.queue.byte-limit = 64MB (=67108864) (default)
2022-02-16 01:42:22,025 [pool-45-thread-1] INFO  server.RaftServerConfigKeys (ConfUtils.java:logGet(44)) - raft.server.log.queue.element-limit = 4096 (default)
2022-02-16 01:42:22,025 [pool-45-thread-1] INFO  server.RaftServerConfigKeys (ConfUtils.java:logGet(44)) - raft.server.log.segment.size.max = 4194304 (custom)
2022-02-16 01:42:22,025 [pool-45-thread-1] INFO  server.RaftServerConfigKeys (ConfUtils.java:logGet(44)) - raft.server.log.preallocated.size = 4194304 (custom)
2022-02-16 01:42:22,026 [pool-45-thread-1] INFO  server.RaftServerConfigKeys (ConfUtils.java:logGet(44)) - raft.server.log.force.sync.num = 128 (default)
2022-02-16 01:42:22,026 [pool-45-thread-1] INFO  server.RaftServerConfigKeys (ConfUtils.java:logGet(44)) - raft.server.log.statemachine.data.sync = true (default)
2022-02-16 01:42:22,026 [pool-45-thread-1] INFO  server.RaftServerConfigKeys (ConfUtils.java:logGet(44)) - raft.server.log.statemachine.data.sync.timeout = 10s (default)
2022-02-16 01:42:22,026 [pool-45-thread-1] INFO  server.RaftServerConfigKeys (ConfUtils.java:logGet(44)) - raft.server.log.statemachine.data.sync.timeout.retry = -1 (default)
2022-02-16 01:42:22,027 [pool-45-thread-1] INFO  server.RaftServerConfigKeys (ConfUtils.java:logGet(44)) - raft.server.log.write.buffer.size = 64KB (=65536) (default)
2022-02-16 01:42:22,027 [pool-45-thread-1] INFO  server.RaftServerConfigKeys (ConfUtils.java:logGet(44)) - raft.server.log.statemachine.data.caching.enabled = false (default)
2022-02-16 01:42:22,027 [pool-45-thread-1] INFO  segmented.SegmentedRaftLogWorker (SegmentedRaftLogWorker.java:lambda$new$0(133)) - om1@group-C5BA1605619E-SegmentedRaftLogWorker: flushIndex: setUnconditionally 0 -> -1
2022-02-16 01:42:22,027 [pool-45-thread-1] INFO  segmented.SegmentedRaftLogWorker (SegmentedRaftLogWorker.java:lambda$new$0(133)) - om1@group-C5BA1605619E-SegmentedRaftLogWorker: safeCacheEvictIndex: setUnconditionally 0 -> -1
2022-02-16 01:42:22,028 [Listener at 0.0.0.0/37497] INFO  ipc.CallQueueManager (CallQueueManager.java:<init>(90)) - Using callQueue: class java.util.concurrent.LinkedBlockingQueue, queueCapacity: 2000, scheduler: class org.apache.hadoop.ipc.DefaultRpcScheduler, ipcBackoff: false.
2022-02-16 01:42:22,030 [pool-45-thread-1] INFO  server.RaftServerConfigKeys (ConfUtils.java:logGet(44)) - raft.server.snapshot.auto.trigger.enabled = true (custom)
2022-02-16 01:42:22,030 [pool-45-thread-1] INFO  server.RaftServerConfigKeys (ConfUtils.java:logGet(44)) - raft.server.snapshot.auto.trigger.threshold = 400000 (default)
2022-02-16 01:42:22,030 [pool-45-thread-1] INFO  server.RaftServerConfigKeys (ConfUtils.java:logGet(44)) - raft.server.snapshot.retention.file.num = -1 (default)
2022-02-16 01:42:22,030 [pool-45-thread-1] INFO  server.RaftServerConfigKeys (ConfUtils.java:logGet(44)) - raft.server.log.purge.upto.snapshot.index = true (custom)
2022-02-16 01:42:22,030 [pool-45-thread-1] INFO  server.RaftServerConfigKeys (ConfUtils.java:logGet(44)) - raft.server.retrycache.expirytime = 300s (custom)
2022-02-16 01:42:22,030 [pool-45-thread-1] INFO  server.RaftServerConfigKeys (ConfUtils.java:logGet(44)) - raft.server.retrycache.statistics.expirytime = 100μs (default)
2022-02-16 01:42:22,033 [Socket Reader #1 for port 0] INFO  ipc.Server (Server.java:run(1265)) - Starting Socket Reader #1 for port 0
2022-02-16 01:42:22,062 [Listener at 127.0.0.1/33913] INFO  impl.MetricsSystemImpl (MetricsSystemImpl.java:init(158)) - OzoneManager metrics system started (again)
2022-02-16 01:42:22,073 [Listener at 127.0.0.1/33913] INFO  om.OzoneManager (OzoneManager.java:start(1365)) - OzoneManager RPC server is listening at localhost/127.0.0.1:33913
2022-02-16 01:42:22,073 [Listener at 127.0.0.1/33913] INFO  ratis.OzoneManagerRatisServer (OzoneManagerRatisServer.java:start(554)) - Starting OzoneManagerRatisServer om1 at port 9872
2022-02-16 01:42:22,073 [Listener at 127.0.0.1/33913] INFO  server.RaftServer$Division (RaftServerImpl.java:start(301)) - om1@group-C5BA1605619E: start as a follower, conf=-1: [om1|rpc:localhost:9872|priority:0], old=null
2022-02-16 01:42:22,074 [Listener at 127.0.0.1/33913] INFO  server.RaftServer$Division (RaftServerImpl.java:setRole(290)) - om1@group-C5BA1605619E: changes role from      null to FOLLOWER at term 0 for startAsFollower
2022-02-16 01:42:22,074 [Listener at 127.0.0.1/33913] INFO  impl.RoleInfo (RoleInfo.java:updateAndGet(130)) - om1: start om1@group-C5BA1605619E-FollowerState
2022-02-16 01:42:22,074 [Listener at 127.0.0.1/33913] INFO  util.JmxRegister (JmxRegister.java:tryRegister(44)) - Successfully registered JMX Bean with object name Ratis:service=RaftServer,group=group-C5BA1605619E,id=om1
2022-02-16 01:42:22,075 [Listener at 127.0.0.1/33913] INFO  server.RaftServer (RaftServerProxy.java:lambda$start$5(374)) - om1: start RPC server
2022-02-16 01:42:22,076 [Listener at 127.0.0.1/33913] INFO  server.GrpcService (GrpcService.java:startImpl(253)) - om1: GrpcService started, listening on 9872
2022-02-16 01:42:22,077 [Listener at 127.0.0.1/33913] INFO  om.OzoneManager (OzoneManager.java:start(1381)) - Version File has different layout version (0) than OM DB (null). That is expected if this OM has never been finalized to a newer layout version.
2022-02-16 01:42:22,079 [org.apache.ratis.util.JvmPauseMonitor$$Lambda$431/1906549136@73f94f48] INFO  util.JvmPauseMonitor (JvmPauseMonitor.java:run(103)) - JvmPauseMonitor-om1: Started
2022-02-16 01:42:22,090 [Listener at 127.0.0.1/33913] INFO  http.BaseHttpServer (BaseHttpServer.java:newHttpServer2BuilderForOzone(209)) - Starting Web-server for ozoneManager at: http://0.0.0.0:0
2022-02-16 01:42:22,090 [Listener at 127.0.0.1/33913] INFO  http.BaseHttpServer (BaseHttpServer.java:<init>(107)) - Hadoop Security Enabled: false Ozone Security Enabled: false Ozone HTTP Security Enabled: false 
2022-02-16 01:42:22,092 [Listener at 127.0.0.1/33913] INFO  server.AuthenticationFilter (AuthenticationFilter.java:constructSecretProvider(240)) - Unable to initialize FileSignerSecretProvider, falling back to use random secrets.
2022-02-16 01:42:22,098 [Listener at 127.0.0.1/33913] WARN  http.HttpRequestLog (HttpRequestLog.java:getRequestLog(103)) - Jetty request log can only be enabled using Log4j
2022-02-16 01:42:22,099 [Listener at 127.0.0.1/33913] INFO  http.HttpServer2 (HttpServer2.java:addGlobalFilter(1030)) - Added global filter 'safety' (class=org.apache.hadoop.hdds.server.http.HttpServer2$QuotingInputFilter)
2022-02-16 01:42:22,100 [Listener at 127.0.0.1/33913] INFO  http.HttpServer2 (HttpServer2.java:addFilter(1006)) - Added filter static_user_filter (class=org.apache.hadoop.http.lib.StaticUserWebFilter$StaticUserFilter) to context ozoneManager
2022-02-16 01:42:22,101 [Listener at 127.0.0.1/33913] INFO  http.HttpServer2 (HttpServer2.java:addFilter(1014)) - Added filter static_user_filter (class=org.apache.hadoop.http.lib.StaticUserWebFilter$StaticUserFilter) to context static
2022-02-16 01:42:22,101 [Listener at 127.0.0.1/33913] INFO  http.HttpServer2 (HttpServer2.java:addFilter(1014)) - Added filter static_user_filter (class=org.apache.hadoop.http.lib.StaticUserWebFilter$StaticUserFilter) to context logs
2022-02-16 01:42:22,102 [Listener at 127.0.0.1/33913] INFO  http.HttpServer2 (HttpServer2.java:bindListener(1249)) - Jetty bound to port 43399
2022-02-16 01:42:22,103 [Listener at 127.0.0.1/33913] INFO  server.Server (Server.java:doStart(375)) - jetty-9.4.43.v20210629; built: 2021-06-30T11:07:22.254Z; git: 526006ecfa3af7f1a27ef3a288e2bef7ea9dd7e8; jvm 1.8.0_312-b07
2022-02-16 01:42:22,109 [Listener at 127.0.0.1/33913] INFO  server.session (DefaultSessionIdManager.java:doStart(334)) - DefaultSessionIdManager workerName=node0
2022-02-16 01:42:22,109 [Listener at 127.0.0.1/33913] INFO  server.session (DefaultSessionIdManager.java:doStart(339)) - No SessionScavenger set, using defaults
2022-02-16 01:42:22,109 [Listener at 127.0.0.1/33913] INFO  server.session (HouseKeeper.java:startScavenging(132)) - node0 Scavenging every 600000ms
2022-02-16 01:42:22,110 [Listener at 127.0.0.1/33913] INFO  handler.ContextHandler (ContextHandler.java:doStart(915)) - Started o.e.j.s.ServletContextHandler@3473e1bb{logs,/logs,file:///home/runner/work/ozone/ozone/hadoop-ozone/integration-test/target/log,AVAILABLE}
2022-02-16 01:42:22,111 [Listener at 127.0.0.1/33913] INFO  handler.ContextHandler (ContextHandler.java:doStart(915)) - Started o.e.j.s.ServletContextHandler@55feda3f{static,/static,file:///home/runner/work/ozone/ozone/hadoop-ozone/integration-test/target/test-classes/webapps/static,AVAILABLE}
2022-02-16 01:42:22,114 [Listener at 127.0.0.1/33913] INFO  handler.ContextHandler (ContextHandler.java:doStart(915)) - Started o.e.j.w.WebAppContext@15200332{ozoneManager,/,file:///home/runner/work/ozone/ozone/hadoop-ozone/integration-test/target/test-classes/webapps/ozoneManager/,AVAILABLE}{file:/home/runner/work/ozone/ozone/hadoop-ozone/integration-test/target/test-classes/webapps/ozoneManager}
2022-02-16 01:42:22,115 [Listener at 127.0.0.1/33913] INFO  server.AbstractConnector (AbstractConnector.java:doStart(331)) - Started ServerConnector@310ad792{HTTP/1.1, (http/1.1)}{0.0.0.0:43399}
2022-02-16 01:42:22,115 [Listener at 127.0.0.1/33913] INFO  server.Server (Server.java:doStart(415)) - Started @15637ms
2022-02-16 01:42:22,115 [Listener at 127.0.0.1/33913] WARN  impl.MetricsSystemImpl (MetricsSystemImpl.java:register(279)) - Sink prometheus already exists!
2022-02-16 01:42:22,116 [Listener at 127.0.0.1/33913] INFO  http.BaseHttpServer (BaseHttpServer.java:updateConnectorAddress(329)) - HTTP server of ozoneManager listening at http://0.0.0.0:43399
2022-02-16 01:42:22,116 [IPC Server Responder] INFO  ipc.Server (Server.java:run(1507)) - IPC Server Responder: starting
2022-02-16 01:42:22,116 [IPC Server listener on 0] INFO  ipc.Server (Server.java:run(1344)) - IPC Server listener on 0: starting
2022-02-16 01:42:22,119 [Listener at 127.0.0.1/33913] INFO  om.OzoneManager (OzoneManager.java:startTrashEmptier(1792)) - Trash Interval set to 0. Files deleted will not move to trash
2022-02-16 01:42:22,130 [org.apache.hadoop.util.JvmPauseMonitor$Monitor@9bc10bd] INFO  util.JvmPauseMonitor (JvmPauseMonitor.java:run(188)) - Starting JVM pause monitor
2022-02-16 01:42:22,271 [Listener at 127.0.0.1/33913] WARN  impl.MetricRegistriesImpl (MetricRegistriesImpl.java:addReporterRegistration(111)) - New reporters are added after registries were created. Some metrics will be missing from the reporter. Please add reporter before adding any new registry.
2022-02-16 01:42:22,271 [Listener at 127.0.0.1/33913] WARN  impl.MetricRegistriesImpl (MetricRegistriesImpl.java:addReporterRegistration(111)) - New reporters are added after registries were created. Some metrics will be missing from the reporter. Please add reporter before adding any new registry.
2022-02-16 01:42:22,271 [Listener at 127.0.0.1/33913] INFO  impl.MetricsSystemImpl (MetricsSystemImpl.java:init(158)) - HddsDatanode metrics system started (again)
2022-02-16 01:42:22,286 [Listener at 127.0.0.1/33913] INFO  ozone.HddsDatanodeService (HddsDatanodeService.java:start(233)) - HddsDatanodeService host:fv-az184-768.3ow45vhwbzuu5incsxmygykede.cx.internal.cloudapp.net ip:10.1.0.46
2022-02-16 01:42:22,309 [Listener at 127.0.0.1/33913] INFO  upgrade.AbstractLayoutVersionManager (AbstractLayoutVersionManager.java:init(79)) - Initializing Layout version manager with metadata layout = SCM_HA (version = 2), software layout = SCM_HA (version = 2)
2022-02-16 01:42:22,348 [Listener at 127.0.0.1/33913] INFO  reflections.Reflections (Reflections.java:scan(232)) - Reflections took 37 ms to scan 7 urls, producing 119 keys and 279 values 
2022-02-16 01:42:22,352 [Listener at 127.0.0.1/33913] INFO  statemachine.DatanodeStateMachine (DatanodeStateMachine.java:getEndPointTaskThreadPoolSize(222)) - Datanode State Machine Task Thread Pool size 2
2022-02-16 01:42:22,549 [Listener at 127.0.0.1/33913] INFO  volume.HddsVolume (HddsVolume.java:<init>(120)) - Creating HddsVolume: /home/runner/work/ozone/ozone/hadoop-ozone/integration-test/target/test-dir/MiniOzoneClusterImpl-c31dc292-76fe-4ff2-ba7c-3deb75f75441/datanode-0/data-0/containers/hdds of storage type : DISK capacity : 9223372036854775807
2022-02-16 01:42:22,552 [Listener at 127.0.0.1/33913] INFO  volume.MutableVolumeSet (MutableVolumeSet.java:initializeVolumeSet(168)) - Added Volume : /home/runner/work/ozone/ozone/hadoop-ozone/integration-test/target/test-dir/MiniOzoneClusterImpl-c31dc292-76fe-4ff2-ba7c-3deb75f75441/datanode-0/data-0/containers/hdds to VolumeSet
2022-02-16 01:42:22,553 [Listener at 127.0.0.1/33913] INFO  volume.ThrottledAsyncChecker (ThrottledAsyncChecker.java:schedule(141)) - Scheduling a check for /home/runner/work/ozone/ozone/hadoop-ozone/integration-test/target/test-dir/MiniOzoneClusterImpl-c31dc292-76fe-4ff2-ba7c-3deb75f75441/datanode-0/data-0/containers/hdds
2022-02-16 01:42:22,568 [Listener at 127.0.0.1/33913] INFO  volume.StorageVolumeChecker (StorageVolumeChecker.java:checkAllVolumes(202)) - Scheduled health check for volume /home/runner/work/ozone/ozone/hadoop-ozone/integration-test/target/test-dir/MiniOzoneClusterImpl-c31dc292-76fe-4ff2-ba7c-3deb75f75441/datanode-0/data-0/containers/hdds
2022-02-16 01:42:22,584 [Listener at 127.0.0.1/33913] INFO  volume.MutableVolumeSet (MutableVolumeSet.java:initializeVolumeSet(168)) - Added Volume : /home/runner/work/ozone/ozone/hadoop-ozone/integration-test/target/test-dir/MiniOzoneClusterImpl-c31dc292-76fe-4ff2-ba7c-3deb75f75441/datanode-0/data/ratis to VolumeSet
2022-02-16 01:42:22,584 [Listener at 127.0.0.1/33913] INFO  volume.ThrottledAsyncChecker (ThrottledAsyncChecker.java:schedule(141)) - Scheduling a check for /home/runner/work/ozone/ozone/hadoop-ozone/integration-test/target/test-dir/MiniOzoneClusterImpl-c31dc292-76fe-4ff2-ba7c-3deb75f75441/datanode-0/data/ratis
2022-02-16 01:42:22,585 [Listener at 127.0.0.1/33913] INFO  volume.StorageVolumeChecker (StorageVolumeChecker.java:checkAllVolumes(202)) - Scheduled health check for volume /home/runner/work/ozone/ozone/hadoop-ozone/integration-test/target/test-dir/MiniOzoneClusterImpl-c31dc292-76fe-4ff2-ba7c-3deb75f75441/datanode-0/data/ratis
2022-02-16 01:42:22,599 [Thread-139] INFO  ozoneimpl.ContainerReader (ContainerReader.java:readVolume(172)) - Finish verifying containers on volume /home/runner/work/ozone/ozone/hadoop-ozone/integration-test/target/test-dir/MiniOzoneClusterImpl-c31dc292-76fe-4ff2-ba7c-3deb75f75441/datanode-0/data-0/containers/hdds
2022-02-16 01:42:22,599 [Listener at 127.0.0.1/33913] INFO  ozoneimpl.OzoneContainer (OzoneContainer.java:buildContainerSet(237)) - Build ContainerSet costs 0s
2022-02-16 01:42:22,676 [Listener at 127.0.0.1/33913] INFO  server.RaftServer (ConfUtils.java:logGet(44)) - raft.rpc.type = GRPC (default)
2022-02-16 01:42:22,676 [Listener at 127.0.0.1/33913] INFO  grpc.GrpcFactory (GrpcFactory.java:checkPooledByteBufAllocatorUseCacheForAllThreads(48)) - PERFORMANCE WARNING: useCacheForAllThreads is true that may cause Netty to create a lot garbage objects and, as a result, trigger GC.
	It is recommended to disable useCacheForAllThreads by setting -Dorg.apache.ratis.thirdparty.io.netty.allocator.useCacheForAllThreads=false in command line.
2022-02-16 01:42:22,678 [Listener at 127.0.0.1/33913] INFO  grpc.GrpcConfigKeys (ConfUtils.java:logGet(44)) - raft.grpc.admin.port = 0 (custom)
2022-02-16 01:42:22,678 [Listener at 127.0.0.1/33913] INFO  grpc.GrpcConfigKeys (ConfUtils.java:logGet(44)) - raft.grpc.client.port = 0 (custom)
2022-02-16 01:42:22,678 [Listener at 127.0.0.1/33913] INFO  grpc.GrpcConfigKeys (ConfUtils.java:logGet(44)) - raft.grpc.server.port = 0 (default)
2022-02-16 01:42:22,678 [Listener at 127.0.0.1/33913] INFO  server.GrpcService (ConfUtils.java:logGet(44)) - raft.grpc.message.size.max = 32MB (=33554432) (custom)
2022-02-16 01:42:22,678 [Listener at 127.0.0.1/33913] INFO  server.RaftServerConfigKeys (ConfUtils.java:logGet(44)) - raft.server.log.appender.buffer.byte-limit = 33554432 (custom)
2022-02-16 01:42:22,678 [Listener at 127.0.0.1/33913] INFO  server.GrpcService (ConfUtils.java:logGet(44)) - raft.grpc.flow.control.window = 5MB (=5242880) (custom)
2022-02-16 01:42:22,679 [Listener at 127.0.0.1/33913] INFO  server.RaftServerConfigKeys (ConfUtils.java:logGet(44)) - raft.server.rpc.request.timeout = 3000ms (default)
2022-02-16 01:42:22,680 [Listener at 127.0.0.1/33913] INFO  impl.DataStreamServerImpl (ConfUtils.java:logGet(44)) - raft.datastream.type = DISABLED (default)
2022-02-16 01:42:22,680 [Listener at 127.0.0.1/33913] INFO  server.RaftServerConfigKeys (ConfUtils.java:logGet(44)) - raft.server.rpc.slowness.timeout = 300000ms (custom)
2022-02-16 01:42:22,680 [Listener at 127.0.0.1/33913] INFO  server.RaftServerConfigKeys (ConfUtils.java:logGet(44)) - raft.server.leaderelection.leader.step-down.wait-time = 10s (default)
2022-02-16 01:42:22,682 [Listener at 127.0.0.1/33913] INFO  server.RaftServerConfigKeys (ConfUtils.java:logGet(44)) - raft.server.storage.dir = [/home/runner/work/ozone/ozone/hadoop-ozone/integration-test/target/test-dir/MiniOzoneClusterImpl-c31dc292-76fe-4ff2-ba7c-3deb75f75441/datanode-0/data/ratis] (custom)
2022-02-16 01:42:22,699 [Listener at 127.0.0.1/33913] INFO  server.XceiverServerGrpc (XceiverServerGrpc.java:<init>(132)) - GrpcServer channel type EpollServerSocketChannel
2022-02-16 01:42:22,741 [Listener at 127.0.0.1/33913] INFO  http.BaseHttpServer (BaseHttpServer.java:newHttpServer2BuilderForOzone(209)) - Starting Web-server for hddsDatanode at: http://0.0.0.0:0
2022-02-16 01:42:22,742 [Listener at 127.0.0.1/33913] INFO  http.BaseHttpServer (BaseHttpServer.java:<init>(107)) - Hadoop Security Enabled: false Ozone Security Enabled: false Ozone HTTP Security Enabled: false 
2022-02-16 01:42:22,743 [Listener at 127.0.0.1/33913] INFO  server.AuthenticationFilter (AuthenticationFilter.java:constructSecretProvider(240)) - Unable to initialize FileSignerSecretProvider, falling back to use random secrets.
2022-02-16 01:42:22,744 [Listener at 127.0.0.1/33913] WARN  http.HttpRequestLog (HttpRequestLog.java:getRequestLog(103)) - Jetty request log can only be enabled using Log4j
2022-02-16 01:42:22,745 [Listener at 127.0.0.1/33913] INFO  http.HttpServer2 (HttpServer2.java:addGlobalFilter(1030)) - Added global filter 'safety' (class=org.apache.hadoop.hdds.server.http.HttpServer2$QuotingInputFilter)
2022-02-16 01:42:22,745 [Listener at 127.0.0.1/33913] INFO  http.HttpServer2 (HttpServer2.java:addFilter(1006)) - Added filter static_user_filter (class=org.apache.hadoop.http.lib.StaticUserWebFilter$StaticUserFilter) to context hddsDatanode
2022-02-16 01:42:22,746 [Listener at 127.0.0.1/33913] INFO  http.HttpServer2 (HttpServer2.java:addFilter(1014)) - Added filter static_user_filter (class=org.apache.hadoop.http.lib.StaticUserWebFilter$StaticUserFilter) to context logs
2022-02-16 01:42:22,746 [Listener at 127.0.0.1/33913] INFO  http.HttpServer2 (HttpServer2.java:addFilter(1014)) - Added filter static_user_filter (class=org.apache.hadoop.http.lib.StaticUserWebFilter$StaticUserFilter) to context static
2022-02-16 01:42:22,746 [Listener at 127.0.0.1/33913] INFO  http.HttpServer2 (HttpServer2.java:bindListener(1249)) - Jetty bound to port 34275
2022-02-16 01:42:22,746 [Listener at 127.0.0.1/33913] INFO  server.Server (Server.java:doStart(375)) - jetty-9.4.43.v20210629; built: 2021-06-30T11:07:22.254Z; git: 526006ecfa3af7f1a27ef3a288e2bef7ea9dd7e8; jvm 1.8.0_312-b07
2022-02-16 01:42:22,748 [Listener at 127.0.0.1/33913] INFO  server.session (DefaultSessionIdManager.java:doStart(334)) - DefaultSessionIdManager workerName=node0
2022-02-16 01:42:22,748 [Listener at 127.0.0.1/33913] INFO  server.session (DefaultSessionIdManager.java:doStart(339)) - No SessionScavenger set, using defaults
2022-02-16 01:42:22,749 [Listener at 127.0.0.1/33913] INFO  server.session (HouseKeeper.java:startScavenging(132)) - node0 Scavenging every 660000ms
2022-02-16 01:42:22,750 [Listener at 127.0.0.1/33913] INFO  handler.ContextHandler (ContextHandler.java:doStart(915)) - Started o.e.j.s.ServletContextHandler@1bb86f8d{logs,/logs,file:///home/runner/work/ozone/ozone/hadoop-ozone/integration-test/target/log,AVAILABLE}
2022-02-16 01:42:22,751 [Listener at 127.0.0.1/33913] INFO  handler.ContextHandler (ContextHandler.java:doStart(915)) - Started o.e.j.s.ServletContextHandler@6cf4ac81{static,/static,jar:file:/home/runner/.m2/repository/org/apache/ozone/hdds-container-service/1.3.0-SNAPSHOT/hdds-container-service-1.3.0-SNAPSHOT.jar!/webapps/static,AVAILABLE}
2022-02-16 01:42:22,807 [Listener at 127.0.0.1/33913] INFO  handler.ContextHandler (ContextHandler.java:doStart(915)) - Started o.e.j.w.WebAppContext@516c8f5a{hddsDatanode,/,file:///tmp/jetty-0_0_0_0-34275-hdds-container-service-1_3_0-SNAPSHOT_jar-_-any-992045949567812678/webapp/,AVAILABLE}{jar:file:/home/runner/.m2/repository/org/apache/ozone/hdds-container-service/1.3.0-SNAPSHOT/hdds-container-service-1.3.0-SNAPSHOT.jar!/webapps/hddsDatanode}
2022-02-16 01:42:22,809 [Listener at 127.0.0.1/33913] INFO  server.AbstractConnector (AbstractConnector.java:doStart(331)) - Started ServerConnector@768511c3{HTTP/1.1, (http/1.1)}{0.0.0.0:34275}
2022-02-16 01:42:22,809 [Listener at 127.0.0.1/33913] INFO  server.Server (Server.java:doStart(415)) - Started @16331ms
2022-02-16 01:42:22,810 [Listener at 127.0.0.1/33913] WARN  impl.MetricsSystemImpl (MetricsSystemImpl.java:register(279)) - Sink prometheus already exists!
2022-02-16 01:42:22,811 [Listener at 127.0.0.1/33913] INFO  http.BaseHttpServer (BaseHttpServer.java:updateConnectorAddress(329)) - HTTP server of hddsDatanode listening at http://0.0.0.0:34275
2022-02-16 01:42:22,815 [Listener at 127.0.0.1/33913] WARN  impl.MetricRegistriesImpl (MetricRegistriesImpl.java:addReporterRegistration(111)) - New reporters are added after registries were created. Some metrics will be missing from the reporter. Please add reporter before adding any new registry.
2022-02-16 01:42:22,815 [Listener at 127.0.0.1/33913] WARN  impl.MetricRegistriesImpl (MetricRegistriesImpl.java:addReporterRegistration(111)) - New reporters are added after registries were created. Some metrics will be missing from the reporter. Please add reporter before adding any new registry.
2022-02-16 01:42:22,815 [Listener at 127.0.0.1/33913] INFO  impl.MetricsSystemImpl (MetricsSystemImpl.java:init(158)) - HddsDatanode metrics system started (again)
2022-02-16 01:42:22,820 [Datanode State Machine Daemon Thread] INFO  statemachine.DatanodeStateMachine (DatanodeStateMachine.java:lambda$startDaemon$0(470)) - Ozone container server started.
2022-02-16 01:42:22,850 [org.apache.hadoop.util.JvmPauseMonitor$Monitor@2e7b1d47] INFO  util.JvmPauseMonitor (JvmPauseMonitor.java:run(188)) - Starting JVM pause monitor
2022-02-16 01:42:22,853 [Listener at 127.0.0.1/33913] INFO  ozone.HddsDatanodeService (HddsDatanodeService.java:start(233)) - HddsDatanodeService host:fv-az184-768.3ow45vhwbzuu5incsxmygykede.cx.internal.cloudapp.net ip:10.1.0.46
2022-02-16 01:42:22,889 [Listener at 127.0.0.1/33913] INFO  upgrade.AbstractLayoutVersionManager (AbstractLayoutVersionManager.java:init(79)) - Initializing Layout version manager with metadata layout = SCM_HA (version = 2), software layout = SCM_HA (version = 2)
2022-02-16 01:42:22,964 [Listener at 127.0.0.1/33913] INFO  reflections.Reflections (Reflections.java:scan(232)) - Reflections took 72 ms to scan 7 urls, producing 119 keys and 279 values 
2022-02-16 01:42:22,974 [Listener at 127.0.0.1/33913] INFO  statemachine.DatanodeStateMachine (DatanodeStateMachine.java:getEndPointTaskThreadPoolSize(222)) - Datanode State Machine Task Thread Pool size 2
2022-02-16 01:42:22,978 [Listener at 127.0.0.1/33913] INFO  volume.HddsVolume (HddsVolume.java:<init>(120)) - Creating HddsVolume: /home/runner/work/ozone/ozone/hadoop-ozone/integration-test/target/test-dir/MiniOzoneClusterImpl-c31dc292-76fe-4ff2-ba7c-3deb75f75441/datanode-1/data-0/containers/hdds of storage type : DISK capacity : 9223372036854775807
2022-02-16 01:42:22,979 [Listener at 127.0.0.1/33913] INFO  volume.MutableVolumeSet (MutableVolumeSet.java:initializeVolumeSet(168)) - Added Volume : /home/runner/work/ozone/ozone/hadoop-ozone/integration-test/target/test-dir/MiniOzoneClusterImpl-c31dc292-76fe-4ff2-ba7c-3deb75f75441/datanode-1/data-0/containers/hdds to VolumeSet
2022-02-16 01:42:22,979 [Listener at 127.0.0.1/33913] INFO  volume.ThrottledAsyncChecker (ThrottledAsyncChecker.java:schedule(141)) - Scheduling a check for /home/runner/work/ozone/ozone/hadoop-ozone/integration-test/target/test-dir/MiniOzoneClusterImpl-c31dc292-76fe-4ff2-ba7c-3deb75f75441/datanode-1/data-0/containers/hdds
2022-02-16 01:42:22,985 [Listener at 127.0.0.1/33913] INFO  volume.StorageVolumeChecker (StorageVolumeChecker.java:checkAllVolumes(202)) - Scheduled health check for volume /home/runner/work/ozone/ozone/hadoop-ozone/integration-test/target/test-dir/MiniOzoneClusterImpl-c31dc292-76fe-4ff2-ba7c-3deb75f75441/datanode-1/data-0/containers/hdds
2022-02-16 01:42:22,997 [Listener at 127.0.0.1/33913] INFO  volume.MutableVolumeSet (MutableVolumeSet.java:initializeVolumeSet(168)) - Added Volume : /home/runner/work/ozone/ozone/hadoop-ozone/integration-test/target/test-dir/MiniOzoneClusterImpl-c31dc292-76fe-4ff2-ba7c-3deb75f75441/datanode-1/data/ratis to VolumeSet
2022-02-16 01:42:22,997 [Listener at 127.0.0.1/33913] INFO  volume.ThrottledAsyncChecker (ThrottledAsyncChecker.java:schedule(141)) - Scheduling a check for /home/runner/work/ozone/ozone/hadoop-ozone/integration-test/target/test-dir/MiniOzoneClusterImpl-c31dc292-76fe-4ff2-ba7c-3deb75f75441/datanode-1/data/ratis
2022-02-16 01:42:22,997 [Listener at 127.0.0.1/33913] INFO  volume.StorageVolumeChecker (StorageVolumeChecker.java:checkAllVolumes(202)) - Scheduled health check for volume /home/runner/work/ozone/ozone/hadoop-ozone/integration-test/target/test-dir/MiniOzoneClusterImpl-c31dc292-76fe-4ff2-ba7c-3deb75f75441/datanode-1/data/ratis
2022-02-16 01:42:23,023 [Datanode State Machine Task Thread - 0] INFO  datanode.InitDatanodeState (InitDatanodeState.java:persistContainerDatanodeDetails(138)) - DatanodeDetails is persisted to /home/runner/work/ozone/ozone/hadoop-ozone/integration-test/target/test-dir/MiniOzoneClusterImpl-c31dc292-76fe-4ff2-ba7c-3deb75f75441/datanode-0/meta/datanode.id
2022-02-16 01:42:23,023 [Thread-151] INFO  ozoneimpl.ContainerReader (ContainerReader.java:readVolume(172)) - Finish verifying containers on volume /home/runner/work/ozone/ozone/hadoop-ozone/integration-test/target/test-dir/MiniOzoneClusterImpl-c31dc292-76fe-4ff2-ba7c-3deb75f75441/datanode-1/data-0/containers/hdds
2022-02-16 01:42:23,024 [Listener at 127.0.0.1/33913] INFO  ozoneimpl.OzoneContainer (OzoneContainer.java:buildContainerSet(237)) - Build ContainerSet costs 0s
2022-02-16 01:42:23,027 [Listener at 127.0.0.1/33913] INFO  server.RaftServer (ConfUtils.java:logGet(44)) - raft.rpc.type = GRPC (default)
2022-02-16 01:42:23,027 [Listener at 127.0.0.1/33913] INFO  grpc.GrpcFactory (GrpcFactory.java:checkPooledByteBufAllocatorUseCacheForAllThreads(48)) - PERFORMANCE WARNING: useCacheForAllThreads is true that may cause Netty to create a lot garbage objects and, as a result, trigger GC.
	It is recommended to disable useCacheForAllThreads by setting -Dorg.apache.ratis.thirdparty.io.netty.allocator.useCacheForAllThreads=false in command line.
2022-02-16 01:42:23,027 [Listener at 127.0.0.1/33913] INFO  grpc.GrpcConfigKeys (ConfUtils.java:logGet(44)) - raft.grpc.admin.port = 0 (custom)
2022-02-16 01:42:23,027 [Listener at 127.0.0.1/33913] INFO  grpc.GrpcConfigKeys (ConfUtils.java:logGet(44)) - raft.grpc.client.port = 0 (custom)
2022-02-16 01:42:23,027 [Listener at 127.0.0.1/33913] INFO  grpc.GrpcConfigKeys (ConfUtils.java:logGet(44)) - raft.grpc.server.port = 0 (default)
2022-02-16 01:42:23,028 [Listener at 127.0.0.1/33913] INFO  server.GrpcService (ConfUtils.java:logGet(44)) - raft.grpc.message.size.max = 32MB (=33554432) (custom)
2022-02-16 01:42:23,028 [Listener at 127.0.0.1/33913] INFO  server.RaftServerConfigKeys (ConfUtils.java:logGet(44)) - raft.server.log.appender.buffer.byte-limit = 33554432 (custom)
2022-02-16 01:42:23,028 [Listener at 127.0.0.1/33913] INFO  server.GrpcService (ConfUtils.java:logGet(44)) - raft.grpc.flow.control.window = 5MB (=5242880) (custom)
2022-02-16 01:42:23,028 [Listener at 127.0.0.1/33913] INFO  server.RaftServerConfigKeys (ConfUtils.java:logGet(44)) - raft.server.rpc.request.timeout = 3000ms (default)
2022-02-16 01:42:23,029 [Listener at 127.0.0.1/33913] INFO  impl.DataStreamServerImpl (ConfUtils.java:logGet(44)) - raft.datastream.type = DISABLED (default)
2022-02-16 01:42:23,029 [Listener at 127.0.0.1/33913] INFO  server.RaftServerConfigKeys (ConfUtils.java:logGet(44)) - raft.server.rpc.slowness.timeout = 300000ms (custom)
2022-02-16 01:42:23,029 [Listener at 127.0.0.1/33913] INFO  server.RaftServerConfigKeys (ConfUtils.java:logGet(44)) - raft.server.leaderelection.leader.step-down.wait-time = 10s (default)
2022-02-16 01:42:23,029 [Listener at 127.0.0.1/33913] INFO  server.RaftServerConfigKeys (ConfUtils.java:logGet(44)) - raft.server.storage.dir = [/home/runner/work/ozone/ozone/hadoop-ozone/integration-test/target/test-dir/MiniOzoneClusterImpl-c31dc292-76fe-4ff2-ba7c-3deb75f75441/datanode-1/data/ratis] (custom)
2022-02-16 01:42:23,031 [Listener at 127.0.0.1/33913] INFO  server.XceiverServerGrpc (XceiverServerGrpc.java:<init>(132)) - GrpcServer channel type EpollServerSocketChannel
2022-02-16 01:42:23,034 [Listener at 127.0.0.1/33913] INFO  http.BaseHttpServer (BaseHttpServer.java:newHttpServer2BuilderForOzone(209)) - Starting Web-server for hddsDatanode at: http://0.0.0.0:0
2022-02-16 01:42:23,034 [Listener at 127.0.0.1/33913] INFO  http.BaseHttpServer (BaseHttpServer.java:<init>(107)) - Hadoop Security Enabled: false Ozone Security Enabled: false Ozone HTTP Security Enabled: false 
2022-02-16 01:42:23,035 [Listener at 127.0.0.1/33913] INFO  server.AuthenticationFilter (AuthenticationFilter.java:constructSecretProvider(240)) - Unable to initialize FileSignerSecretProvider, falling back to use random secrets.
2022-02-16 01:42:23,036 [Listener at 127.0.0.1/33913] WARN  http.HttpRequestLog (HttpRequestLog.java:getRequestLog(103)) - Jetty request log can only be enabled using Log4j
2022-02-16 01:42:23,037 [Listener at 127.0.0.1/33913] INFO  http.HttpServer2 (HttpServer2.java:addGlobalFilter(1030)) - Added global filter 'safety' (class=org.apache.hadoop.hdds.server.http.HttpServer2$QuotingInputFilter)
2022-02-16 01:42:23,037 [Listener at 127.0.0.1/33913] INFO  http.HttpServer2 (HttpServer2.java:addFilter(1006)) - Added filter static_user_filter (class=org.apache.hadoop.http.lib.StaticUserWebFilter$StaticUserFilter) to context hddsDatanode
2022-02-16 01:42:23,038 [Listener at 127.0.0.1/33913] INFO  http.HttpServer2 (HttpServer2.java:addFilter(1014)) - Added filter static_user_filter (class=org.apache.hadoop.http.lib.StaticUserWebFilter$StaticUserFilter) to context static
2022-02-16 01:42:23,038 [Listener at 127.0.0.1/33913] INFO  http.HttpServer2 (HttpServer2.java:addFilter(1014)) - Added filter static_user_filter (class=org.apache.hadoop.http.lib.StaticUserWebFilter$StaticUserFilter) to context logs
2022-02-16 01:42:23,038 [Listener at 127.0.0.1/33913] INFO  http.HttpServer2 (HttpServer2.java:bindListener(1249)) - Jetty bound to port 43027
2022-02-16 01:42:23,038 [Listener at 127.0.0.1/33913] INFO  server.Server (Server.java:doStart(375)) - jetty-9.4.43.v20210629; built: 2021-06-30T11:07:22.254Z; git: 526006ecfa3af7f1a27ef3a288e2bef7ea9dd7e8; jvm 1.8.0_312-b07
2022-02-16 01:42:23,040 [Listener at 127.0.0.1/33913] INFO  server.session (DefaultSessionIdManager.java:doStart(334)) - DefaultSessionIdManager workerName=node0
2022-02-16 01:42:23,040 [Listener at 127.0.0.1/33913] INFO  server.session (DefaultSessionIdManager.java:doStart(339)) - No SessionScavenger set, using defaults
2022-02-16 01:42:23,041 [Listener at 127.0.0.1/33913] INFO  server.session (HouseKeeper.java:startScavenging(132)) - node0 Scavenging every 600000ms
2022-02-16 01:42:23,041 [Listener at 127.0.0.1/33913] INFO  handler.ContextHandler (ContextHandler.java:doStart(915)) - Started o.e.j.s.ServletContextHandler@76b51e5f{logs,/logs,file:///home/runner/work/ozone/ozone/hadoop-ozone/integration-test/target/log,AVAILABLE}
2022-02-16 01:42:23,042 [Listener at 127.0.0.1/33913] INFO  handler.ContextHandler (ContextHandler.java:doStart(915)) - Started o.e.j.s.ServletContextHandler@591ad4b3{static,/static,jar:file:/home/runner/.m2/repository/org/apache/ozone/hdds-container-service/1.3.0-SNAPSHOT/hdds-container-service-1.3.0-SNAPSHOT.jar!/webapps/static,AVAILABLE}
2022-02-16 01:42:23,090 [Listener at 127.0.0.1/33913] INFO  handler.ContextHandler (ContextHandler.java:doStart(915)) - Started o.e.j.w.WebAppContext@27688fc6{hddsDatanode,/,file:///tmp/jetty-0_0_0_0-43027-hdds-container-service-1_3_0-SNAPSHOT_jar-_-any-5550464293307049570/webapp/,AVAILABLE}{jar:file:/home/runner/.m2/repository/org/apache/ozone/hdds-container-service/1.3.0-SNAPSHOT/hdds-container-service-1.3.0-SNAPSHOT.jar!/webapps/hddsDatanode}
2022-02-16 01:42:23,091 [Listener at 127.0.0.1/33913] INFO  server.AbstractConnector (AbstractConnector.java:doStart(331)) - Started ServerConnector@431ac922{HTTP/1.1, (http/1.1)}{0.0.0.0:43027}
2022-02-16 01:42:23,091 [Listener at 127.0.0.1/33913] INFO  server.Server (Server.java:doStart(415)) - Started @16613ms
2022-02-16 01:42:23,091 [Listener at 127.0.0.1/33913] WARN  impl.MetricsSystemImpl (MetricsSystemImpl.java:register(279)) - Sink prometheus already exists!
2022-02-16 01:42:23,092 [Listener at 127.0.0.1/33913] INFO  http.BaseHttpServer (BaseHttpServer.java:updateConnectorAddress(329)) - HTTP server of hddsDatanode listening at http://0.0.0.0:43027
2022-02-16 01:42:23,093 [Listener at 127.0.0.1/33913] WARN  impl.MetricRegistriesImpl (MetricRegistriesImpl.java:addReporterRegistration(111)) - New reporters are added after registries were created. Some metrics will be missing from the reporter. Please add reporter before adding any new registry.
2022-02-16 01:42:23,093 [Listener at 127.0.0.1/33913] WARN  impl.MetricRegistriesImpl (MetricRegistriesImpl.java:addReporterRegistration(111)) - New reporters are added after registries were created. Some metrics will be missing from the reporter. Please add reporter before adding any new registry.
2022-02-16 01:42:23,093 [Listener at 127.0.0.1/33913] INFO  impl.MetricsSystemImpl (MetricsSystemImpl.java:init(158)) - HddsDatanode metrics system started (again)
2022-02-16 01:42:23,094 [Datanode State Machine Daemon Thread] INFO  statemachine.DatanodeStateMachine (DatanodeStateMachine.java:lambda$startDaemon$0(470)) - Ozone container server started.
2022-02-16 01:42:23,105 [Listener at 127.0.0.1/33913] INFO  ozone.HddsDatanodeService (HddsDatanodeService.java:start(233)) - HddsDatanodeService host:fv-az184-768.3ow45vhwbzuu5incsxmygykede.cx.internal.cloudapp.net ip:10.1.0.46
2022-02-16 01:42:23,105 [org.apache.hadoop.util.JvmPauseMonitor$Monitor@6cf93c5f] INFO  util.JvmPauseMonitor (JvmPauseMonitor.java:run(188)) - Starting JVM pause monitor
2022-02-16 01:42:23,119 [Datanode State Machine Task Thread - 0] INFO  datanode.InitDatanodeState (InitDatanodeState.java:persistContainerDatanodeDetails(138)) - DatanodeDetails is persisted to /home/runner/work/ozone/ozone/hadoop-ozone/integration-test/target/test-dir/MiniOzoneClusterImpl-c31dc292-76fe-4ff2-ba7c-3deb75f75441/datanode-1/meta/datanode.id
2022-02-16 01:42:23,127 [Listener at 127.0.0.1/33913] INFO  upgrade.AbstractLayoutVersionManager (AbstractLayoutVersionManager.java:init(79)) - Initializing Layout version manager with metadata layout = SCM_HA (version = 2), software layout = SCM_HA (version = 2)
2022-02-16 01:42:23,171 [Listener at 127.0.0.1/33913] INFO  reflections.Reflections (Reflections.java:scan(232)) - Reflections took 40 ms to scan 7 urls, producing 119 keys and 279 values 
2022-02-16 01:42:23,172 [Listener at 127.0.0.1/33913] INFO  statemachine.DatanodeStateMachine (DatanodeStateMachine.java:getEndPointTaskThreadPoolSize(222)) - Datanode State Machine Task Thread Pool size 2
2022-02-16 01:42:23,175 [Listener at 127.0.0.1/33913] INFO  volume.HddsVolume (HddsVolume.java:<init>(120)) - Creating HddsVolume: /home/runner/work/ozone/ozone/hadoop-ozone/integration-test/target/test-dir/MiniOzoneClusterImpl-c31dc292-76fe-4ff2-ba7c-3deb75f75441/datanode-2/data-0/containers/hdds of storage type : DISK capacity : 9223372036854775807
2022-02-16 01:42:23,175 [Listener at 127.0.0.1/33913] INFO  volume.MutableVolumeSet (MutableVolumeSet.java:initializeVolumeSet(168)) - Added Volume : /home/runner/work/ozone/ozone/hadoop-ozone/integration-test/target/test-dir/MiniOzoneClusterImpl-c31dc292-76fe-4ff2-ba7c-3deb75f75441/datanode-2/data-0/containers/hdds to VolumeSet
2022-02-16 01:42:23,176 [Listener at 127.0.0.1/33913] INFO  volume.ThrottledAsyncChecker (ThrottledAsyncChecker.java:schedule(141)) - Scheduling a check for /home/runner/work/ozone/ozone/hadoop-ozone/integration-test/target/test-dir/MiniOzoneClusterImpl-c31dc292-76fe-4ff2-ba7c-3deb75f75441/datanode-2/data-0/containers/hdds
2022-02-16 01:42:23,176 [Listener at 127.0.0.1/33913] INFO  volume.StorageVolumeChecker (StorageVolumeChecker.java:checkAllVolumes(202)) - Scheduled health check for volume /home/runner/work/ozone/ozone/hadoop-ozone/integration-test/target/test-dir/MiniOzoneClusterImpl-c31dc292-76fe-4ff2-ba7c-3deb75f75441/datanode-2/data-0/containers/hdds
2022-02-16 01:42:23,187 [Listener at 127.0.0.1/33913] INFO  volume.MutableVolumeSet (MutableVolumeSet.java:initializeVolumeSet(168)) - Added Volume : /home/runner/work/ozone/ozone/hadoop-ozone/integration-test/target/test-dir/MiniOzoneClusterImpl-c31dc292-76fe-4ff2-ba7c-3deb75f75441/datanode-2/data/ratis to VolumeSet
2022-02-16 01:42:23,188 [Listener at 127.0.0.1/33913] INFO  volume.ThrottledAsyncChecker (ThrottledAsyncChecker.java:schedule(141)) - Scheduling a check for /home/runner/work/ozone/ozone/hadoop-ozone/integration-test/target/test-dir/MiniOzoneClusterImpl-c31dc292-76fe-4ff2-ba7c-3deb75f75441/datanode-2/data/ratis
2022-02-16 01:42:23,188 [Listener at 127.0.0.1/33913] INFO  volume.StorageVolumeChecker (StorageVolumeChecker.java:checkAllVolumes(202)) - Scheduled health check for volume /home/runner/work/ozone/ozone/hadoop-ozone/integration-test/target/test-dir/MiniOzoneClusterImpl-c31dc292-76fe-4ff2-ba7c-3deb75f75441/datanode-2/data/ratis
2022-02-16 01:42:23,195 [om1@group-C5BA1605619E-FollowerState] INFO  impl.FollowerState (FollowerState.java:run(134)) - om1@group-C5BA1605619E-FollowerState: change to CANDIDATE, lastRpcElapsedTime:1121246165ns, electionTimeout:1120ms
2022-02-16 01:42:23,195 [om1@group-C5BA1605619E-FollowerState] INFO  impl.RoleInfo (RoleInfo.java:shutdownFollowerState(108)) - om1: shutdown om1@group-C5BA1605619E-FollowerState
2022-02-16 01:42:23,195 [om1@group-C5BA1605619E-FollowerState] INFO  server.RaftServer$Division (RaftServerImpl.java:setRole(290)) - om1@group-C5BA1605619E: changes role from  FOLLOWER to CANDIDATE at term 0 for changeToCandidate
2022-02-16 01:42:23,195 [om1@group-C5BA1605619E-FollowerState] INFO  server.RaftServerConfigKeys (ConfUtils.java:logGet(44)) - raft.server.leaderelection.pre-vote = false (custom)
2022-02-16 01:42:23,195 [om1@group-C5BA1605619E-FollowerState] INFO  impl.RoleInfo (RoleInfo.java:updateAndGet(130)) - om1: start om1@group-C5BA1605619E-LeaderElection3
2022-02-16 01:42:23,206 [om1@group-C5BA1605619E-LeaderElection3] INFO  impl.LeaderElection (LeaderElection.java:askForVotes(306)) - om1@group-C5BA1605619E-LeaderElection3 ELECTION round 0: submit vote requests at term 1 for -1: [om1|rpc:localhost:9872|priority:0], old=null
2022-02-16 01:42:23,206 [om1@group-C5BA1605619E-LeaderElection3] INFO  impl.LeaderElection (LeaderElection.java:askForVotes(308)) - om1@group-C5BA1605619E-LeaderElection3 ELECTION round 0: result PASSED (term=1)
2022-02-16 01:42:23,206 [om1@group-C5BA1605619E-LeaderElection3] INFO  impl.RoleInfo (RoleInfo.java:shutdownLeaderElection(121)) - om1: shutdown om1@group-C5BA1605619E-LeaderElection3
2022-02-16 01:42:23,206 [om1@group-C5BA1605619E-LeaderElection3] INFO  server.RaftServer$Division (RaftServerImpl.java:setRole(290)) - om1@group-C5BA1605619E: changes role from CANDIDATE to LEADER at term 1 for changeToLeader
2022-02-16 01:42:23,207 [om1@group-C5BA1605619E-LeaderElection3] INFO  server.RaftServer$Division (ServerState.java:setLeader(285)) - om1@group-C5BA1605619E: change Leader from null to om1 at term 1 for becomeLeader, leader elected after 1182ms
2022-02-16 01:42:23,207 [om1@group-C5BA1605619E-LeaderElection3] INFO  server.RaftServerConfigKeys (ConfUtils.java:logGet(44)) - raft.server.staging.catchup.gap = 1000 (default)
2022-02-16 01:42:23,207 [om1@group-C5BA1605619E-LeaderElection3] INFO  server.RaftServerConfigKeys (ConfUtils.java:logGet(44)) - raft.server.write.element-limit = 4096 (default)
2022-02-16 01:42:23,207 [om1@group-C5BA1605619E-LeaderElection3] INFO  server.RaftServerConfigKeys (ConfUtils.java:logGet(44)) - raft.server.write.byte-limit = 64MB (=67108864) (default)
2022-02-16 01:42:23,207 [om1@group-C5BA1605619E-LeaderElection3] INFO  server.RaftServerConfigKeys (ConfUtils.java:logGet(44)) - raft.server.watch.timeout = 10s (default)
2022-02-16 01:42:23,207 [om1@group-C5BA1605619E-LeaderElection3] INFO  server.RaftServerConfigKeys (ConfUtils.java:logGet(44)) - raft.server.watch.timeout.denomination = 1s (default)
2022-02-16 01:42:23,208 [om1@group-C5BA1605619E-LeaderElection3] INFO  server.RaftServerConfigKeys (ConfUtils.java:logGet(44)) - raft.server.watch.element-limit = 65536 (default)
2022-02-16 01:42:23,208 [om1@group-C5BA1605619E-LeaderElection3] INFO  server.RaftServerConfigKeys (ConfUtils.java:logGet(44)) - raft.server.write.element-limit = 4096 (default)
2022-02-16 01:42:23,208 [om1@group-C5BA1605619E-LeaderElection3] INFO  server.RaftServerConfigKeys (ConfUtils.java:logGet(44)) - raft.server.write.follower.gap.ratio.max = -1.0 (default)
2022-02-16 01:42:23,209 [om1@group-C5BA1605619E-LeaderElection3] INFO  impl.RoleInfo (RoleInfo.java:updateAndGet(130)) - om1: start om1@group-C5BA1605619E-LeaderStateImpl
2022-02-16 01:42:23,209 [om1@group-C5BA1605619E-LeaderElection3] INFO  segmented.SegmentedRaftLogWorker (SegmentedRaftLogWorker.java:startLogSegment(394)) - om1@group-C5BA1605619E-SegmentedRaftLogWorker: Starting segment from index:0
2022-02-16 01:42:23,210 [Thread-164] INFO  ozoneimpl.ContainerReader (ContainerReader.java:readVolume(172)) - Finish verifying containers on volume /home/runner/work/ozone/ozone/hadoop-ozone/integration-test/target/test-dir/MiniOzoneClusterImpl-c31dc292-76fe-4ff2-ba7c-3deb75f75441/datanode-2/data-0/containers/hdds
2022-02-16 01:42:23,210 [Listener at 127.0.0.1/33913] INFO  ozoneimpl.OzoneContainer (OzoneContainer.java:buildContainerSet(237)) - Build ContainerSet costs 0s
2022-02-16 01:42:23,213 [Listener at 127.0.0.1/33913] INFO  server.RaftServer (ConfUtils.java:logGet(44)) - raft.rpc.type = GRPC (default)
2022-02-16 01:42:23,213 [Listener at 127.0.0.1/33913] INFO  grpc.GrpcFactory (GrpcFactory.java:checkPooledByteBufAllocatorUseCacheForAllThreads(48)) - PERFORMANCE WARNING: useCacheForAllThreads is true that may cause Netty to create a lot garbage objects and, as a result, trigger GC.
	It is recommended to disable useCacheForAllThreads by setting -Dorg.apache.ratis.thirdparty.io.netty.allocator.useCacheForAllThreads=false in command line.
2022-02-16 01:42:23,214 [Listener at 127.0.0.1/33913] INFO  grpc.GrpcConfigKeys (ConfUtils.java:logGet(44)) - raft.grpc.admin.port = 0 (custom)
2022-02-16 01:42:23,214 [Listener at 127.0.0.1/33913] INFO  grpc.GrpcConfigKeys (ConfUtils.java:logGet(44)) - raft.grpc.client.port = 0 (custom)
2022-02-16 01:42:23,214 [Listener at 127.0.0.1/33913] INFO  grpc.GrpcConfigKeys (ConfUtils.java:logGet(44)) - raft.grpc.server.port = 0 (default)
2022-02-16 01:42:23,214 [Listener at 127.0.0.1/33913] INFO  server.GrpcService (ConfUtils.java:logGet(44)) - raft.grpc.message.size.max = 32MB (=33554432) (custom)
2022-02-16 01:42:23,214 [Listener at 127.0.0.1/33913] INFO  server.RaftServerConfigKeys (ConfUtils.java:logGet(44)) - raft.server.log.appender.buffer.byte-limit = 33554432 (custom)
2022-02-16 01:42:23,214 [Listener at 127.0.0.1/33913] INFO  server.GrpcService (ConfUtils.java:logGet(44)) - raft.grpc.flow.control.window = 5MB (=5242880) (custom)
2022-02-16 01:42:23,214 [Listener at 127.0.0.1/33913] INFO  server.RaftServerConfigKeys (ConfUtils.java:logGet(44)) - raft.server.rpc.request.timeout = 3000ms (default)
2022-02-16 01:42:23,219 [om1@group-C5BA1605619E-LeaderElection3] INFO  server.RaftServer$Division (ServerState.java:setRaftConf(387)) - om1@group-C5BA1605619E: set configuration 0: [om1|rpc:localhost:9872|admin:|client:|dataStream:|priority:0], old=null
2022-02-16 01:42:23,221 [Listener at 127.0.0.1/33913] INFO  impl.DataStreamServerImpl (ConfUtils.java:logGet(44)) - raft.datastream.type = DISABLED (default)
2022-02-16 01:42:23,221 [Listener at 127.0.0.1/33913] INFO  server.RaftServerConfigKeys (ConfUtils.java:logGet(44)) - raft.server.rpc.slowness.timeout = 300000ms (custom)
2022-02-16 01:42:23,221 [Listener at 127.0.0.1/33913] INFO  server.RaftServerConfigKeys (ConfUtils.java:logGet(44)) - raft.server.leaderelection.leader.step-down.wait-time = 10s (default)
2022-02-16 01:42:23,221 [Listener at 127.0.0.1/33913] INFO  server.RaftServerConfigKeys (ConfUtils.java:logGet(44)) - raft.server.storage.dir = [/home/runner/work/ozone/ozone/hadoop-ozone/integration-test/target/test-dir/MiniOzoneClusterImpl-c31dc292-76fe-4ff2-ba7c-3deb75f75441/datanode-2/data/ratis] (custom)
2022-02-16 01:42:23,223 [Listener at 127.0.0.1/33913] INFO  server.XceiverServerGrpc (XceiverServerGrpc.java:<init>(132)) - GrpcServer channel type EpollServerSocketChannel
2022-02-16 01:42:23,224 [om1@group-C5BA1605619E-SegmentedRaftLogWorker] INFO  segmented.SegmentedRaftLogWorker (SegmentedRaftLogWorker.java:execute(601)) - om1@group-C5BA1605619E-SegmentedRaftLogWorker: created new log segment /home/runner/work/ozone/ozone/hadoop-ozone/integration-test/target/test-dir/MiniOzoneClusterImpl-c31dc292-76fe-4ff2-ba7c-3deb75f75441/ozone-meta/ratis/bf265839-605b-3f16-9796-c5ba1605619e/current/log_inprogress_0
2022-02-16 01:42:23,226 [Listener at 127.0.0.1/33913] INFO  http.BaseHttpServer (BaseHttpServer.java:newHttpServer2BuilderForOzone(209)) - Starting Web-server for hddsDatanode at: http://0.0.0.0:0
2022-02-16 01:42:23,226 [Listener at 127.0.0.1/33913] INFO  http.BaseHttpServer (BaseHttpServer.java:<init>(107)) - Hadoop Security Enabled: false Ozone Security Enabled: false Ozone HTTP Security Enabled: false 
2022-02-16 01:42:23,227 [Listener at 127.0.0.1/33913] INFO  server.AuthenticationFilter (AuthenticationFilter.java:constructSecretProvider(240)) - Unable to initialize FileSignerSecretProvider, falling back to use random secrets.
2022-02-16 01:42:23,228 [Listener at 127.0.0.1/33913] WARN  http.HttpRequestLog (HttpRequestLog.java:getRequestLog(103)) - Jetty request log can only be enabled using Log4j
2022-02-16 01:42:23,228 [Listener at 127.0.0.1/33913] INFO  http.HttpServer2 (HttpServer2.java:addGlobalFilter(1030)) - Added global filter 'safety' (class=org.apache.hadoop.hdds.server.http.HttpServer2$QuotingInputFilter)
2022-02-16 01:42:23,229 [Listener at 127.0.0.1/33913] INFO  http.HttpServer2 (HttpServer2.java:addFilter(1006)) - Added filter static_user_filter (class=org.apache.hadoop.http.lib.StaticUserWebFilter$StaticUserFilter) to context hddsDatanode
2022-02-16 01:42:23,229 [Listener at 127.0.0.1/33913] INFO  http.HttpServer2 (HttpServer2.java:addFilter(1014)) - Added filter static_user_filter (class=org.apache.hadoop.http.lib.StaticUserWebFilter$StaticUserFilter) to context static
2022-02-16 01:42:23,229 [Listener at 127.0.0.1/33913] INFO  http.HttpServer2 (HttpServer2.java:addFilter(1014)) - Added filter static_user_filter (class=org.apache.hadoop.http.lib.StaticUserWebFilter$StaticUserFilter) to context logs
2022-02-16 01:42:23,230 [Listener at 127.0.0.1/33913] INFO  http.HttpServer2 (HttpServer2.java:bindListener(1249)) - Jetty bound to port 44899
2022-02-16 01:42:23,230 [Listener at 127.0.0.1/33913] INFO  server.Server (Server.java:doStart(375)) - jetty-9.4.43.v20210629; built: 2021-06-30T11:07:22.254Z; git: 526006ecfa3af7f1a27ef3a288e2bef7ea9dd7e8; jvm 1.8.0_312-b07
2022-02-16 01:42:23,231 [Listener at 127.0.0.1/33913] INFO  server.session (DefaultSessionIdManager.java:doStart(334)) - DefaultSessionIdManager workerName=node0
2022-02-16 01:42:23,231 [Listener at 127.0.0.1/33913] INFO  server.session (DefaultSessionIdManager.java:doStart(339)) - No SessionScavenger set, using defaults
2022-02-16 01:42:23,232 [Listener at 127.0.0.1/33913] INFO  server.session (HouseKeeper.java:startScavenging(132)) - node0 Scavenging every 660000ms
2022-02-16 01:42:23,232 [Listener at 127.0.0.1/33913] INFO  handler.ContextHandler (ContextHandler.java:doStart(915)) - Started o.e.j.s.ServletContextHandler@400ed209{logs,/logs,file:///home/runner/work/ozone/ozone/hadoop-ozone/integration-test/target/log,AVAILABLE}
2022-02-16 01:42:23,233 [Listener at 127.0.0.1/33913] INFO  handler.ContextHandler (ContextHandler.java:doStart(915)) - Started o.e.j.s.ServletContextHandler@20ea933f{static,/static,jar:file:/home/runner/.m2/repository/org/apache/ozone/hdds-container-service/1.3.0-SNAPSHOT/hdds-container-service-1.3.0-SNAPSHOT.jar!/webapps/static,AVAILABLE}
2022-02-16 01:42:23,292 [Listener at 127.0.0.1/33913] INFO  handler.ContextHandler (ContextHandler.java:doStart(915)) - Started o.e.j.w.WebAppContext@5bc2fcc6{hddsDatanode,/,file:///tmp/jetty-0_0_0_0-44899-hdds-container-service-1_3_0-SNAPSHOT_jar-_-any-9059887863427233784/webapp/,AVAILABLE}{jar:file:/home/runner/.m2/repository/org/apache/ozone/hdds-container-service/1.3.0-SNAPSHOT/hdds-container-service-1.3.0-SNAPSHOT.jar!/webapps/hddsDatanode}
2022-02-16 01:42:23,299 [Listener at 127.0.0.1/33913] INFO  server.AbstractConnector (AbstractConnector.java:doStart(331)) - Started ServerConnector@263426ea{HTTP/1.1, (http/1.1)}{0.0.0.0:44899}
2022-02-16 01:42:23,299 [Listener at 127.0.0.1/33913] INFO  server.Server (Server.java:doStart(415)) - Started @16821ms
2022-02-16 01:42:23,299 [Listener at 127.0.0.1/33913] WARN  impl.MetricsSystemImpl (MetricsSystemImpl.java:register(279)) - Sink prometheus already exists!
2022-02-16 01:42:23,300 [Listener at 127.0.0.1/33913] INFO  http.BaseHttpServer (BaseHttpServer.java:updateConnectorAddress(329)) - HTTP server of hddsDatanode listening at http://0.0.0.0:44899
2022-02-16 01:42:23,303 [Datanode State Machine Daemon Thread] INFO  statemachine.DatanodeStateMachine (DatanodeStateMachine.java:lambda$startDaemon$0(470)) - Ozone container server started.
2022-02-16 01:42:23,304 [Listener at 127.0.0.1/33913] WARN  impl.MetricRegistriesImpl (MetricRegistriesImpl.java:addReporterRegistration(111)) - New reporters are added after registries were created. Some metrics will be missing from the reporter. Please add reporter before adding any new registry.
2022-02-16 01:42:23,304 [Listener at 127.0.0.1/33913] WARN  impl.MetricRegistriesImpl (MetricRegistriesImpl.java:addReporterRegistration(111)) - New reporters are added after registries were created. Some metrics will be missing from the reporter. Please add reporter before adding any new registry.
2022-02-16 01:42:23,304 [Listener at 127.0.0.1/33913] INFO  impl.MetricsSystemImpl (MetricsSystemImpl.java:init(158)) - HddsDatanode metrics system started (again)
2022-02-16 01:42:23,326 [Listener at 127.0.0.1/33913] INFO  ozone.HddsDatanodeService (HddsDatanodeService.java:start(233)) - HddsDatanodeService host:fv-az184-768.3ow45vhwbzuu5incsxmygykede.cx.internal.cloudapp.net ip:10.1.0.46
2022-02-16 01:42:23,330 [org.apache.hadoop.util.JvmPauseMonitor$Monitor@54b4d933] INFO  util.JvmPauseMonitor (JvmPauseMonitor.java:run(188)) - Starting JVM pause monitor
2022-02-16 01:42:23,339 [Datanode State Machine Task Thread - 0] INFO  datanode.InitDatanodeState (InitDatanodeState.java:persistContainerDatanodeDetails(138)) - DatanodeDetails is persisted to /home/runner/work/ozone/ozone/hadoop-ozone/integration-test/target/test-dir/MiniOzoneClusterImpl-c31dc292-76fe-4ff2-ba7c-3deb75f75441/datanode-2/meta/datanode.id
2022-02-16 01:42:23,338 [om1@group-C5BA1605619E-StateMachineUpdater] INFO  ratis.OzoneManagerStateMachine (OzoneManagerStateMachine.java:notifyConfigurationChanged(188)) - Received Configuration change notification from Ratis. New Peer list:
[id: "om1"
address: "localhost:9872"
]
2022-02-16 01:42:23,350 [Listener at 127.0.0.1/33913] INFO  upgrade.AbstractLayoutVersionManager (AbstractLayoutVersionManager.java:init(79)) - Initializing Layout version manager with metadata layout = SCM_HA (version = 2), software layout = SCM_HA (version = 2)
2022-02-16 01:42:23,397 [Listener at 127.0.0.1/33913] INFO  reflections.Reflections (Reflections.java:scan(232)) - Reflections took 45 ms to scan 7 urls, producing 119 keys and 279 values 
2022-02-16 01:42:23,402 [Listener at 127.0.0.1/33913] INFO  statemachine.DatanodeStateMachine (DatanodeStateMachine.java:getEndPointTaskThreadPoolSize(222)) - Datanode State Machine Task Thread Pool size 2
2022-02-16 01:42:23,409 [Listener at 127.0.0.1/33913] INFO  volume.HddsVolume (HddsVolume.java:<init>(120)) - Creating HddsVolume: /home/runner/work/ozone/ozone/hadoop-ozone/integration-test/target/test-dir/MiniOzoneClusterImpl-c31dc292-76fe-4ff2-ba7c-3deb75f75441/datanode-3/data-0/containers/hdds of storage type : DISK capacity : 9223372036854775807
2022-02-16 01:42:23,409 [Listener at 127.0.0.1/33913] INFO  volume.MutableVolumeSet (MutableVolumeSet.java:initializeVolumeSet(168)) - Added Volume : /home/runner/work/ozone/ozone/hadoop-ozone/integration-test/target/test-dir/MiniOzoneClusterImpl-c31dc292-76fe-4ff2-ba7c-3deb75f75441/datanode-3/data-0/containers/hdds to VolumeSet
2022-02-16 01:42:23,409 [Listener at 127.0.0.1/33913] INFO  volume.ThrottledAsyncChecker (ThrottledAsyncChecker.java:schedule(141)) - Scheduling a check for /home/runner/work/ozone/ozone/hadoop-ozone/integration-test/target/test-dir/MiniOzoneClusterImpl-c31dc292-76fe-4ff2-ba7c-3deb75f75441/datanode-3/data-0/containers/hdds
2022-02-16 01:42:23,414 [Listener at 127.0.0.1/33913] INFO  volume.StorageVolumeChecker (StorageVolumeChecker.java:checkAllVolumes(202)) - Scheduled health check for volume /home/runner/work/ozone/ozone/hadoop-ozone/integration-test/target/test-dir/MiniOzoneClusterImpl-c31dc292-76fe-4ff2-ba7c-3deb75f75441/datanode-3/data-0/containers/hdds
2022-02-16 01:42:23,428 [Listener at 127.0.0.1/33913] INFO  volume.MutableVolumeSet (MutableVolumeSet.java:initializeVolumeSet(168)) - Added Volume : /home/runner/work/ozone/ozone/hadoop-ozone/integration-test/target/test-dir/MiniOzoneClusterImpl-c31dc292-76fe-4ff2-ba7c-3deb75f75441/datanode-3/data/ratis to VolumeSet
2022-02-16 01:42:23,428 [Listener at 127.0.0.1/33913] INFO  volume.ThrottledAsyncChecker (ThrottledAsyncChecker.java:schedule(141)) - Scheduling a check for /home/runner/work/ozone/ozone/hadoop-ozone/integration-test/target/test-dir/MiniOzoneClusterImpl-c31dc292-76fe-4ff2-ba7c-3deb75f75441/datanode-3/data/ratis
2022-02-16 01:42:23,429 [Listener at 127.0.0.1/33913] INFO  volume.StorageVolumeChecker (StorageVolumeChecker.java:checkAllVolumes(202)) - Scheduled health check for volume /home/runner/work/ozone/ozone/hadoop-ozone/integration-test/target/test-dir/MiniOzoneClusterImpl-c31dc292-76fe-4ff2-ba7c-3deb75f75441/datanode-3/data/ratis
2022-02-16 01:42:23,439 [Thread-177] INFO  ozoneimpl.ContainerReader (ContainerReader.java:readVolume(172)) - Finish verifying containers on volume /home/runner/work/ozone/ozone/hadoop-ozone/integration-test/target/test-dir/MiniOzoneClusterImpl-c31dc292-76fe-4ff2-ba7c-3deb75f75441/datanode-3/data-0/containers/hdds
2022-02-16 01:42:23,440 [Listener at 127.0.0.1/33913] INFO  ozoneimpl.OzoneContainer (OzoneContainer.java:buildContainerSet(237)) - Build ContainerSet costs 0s
2022-02-16 01:42:23,442 [Listener at 127.0.0.1/33913] INFO  server.RaftServer (ConfUtils.java:logGet(44)) - raft.rpc.type = GRPC (default)
2022-02-16 01:42:23,443 [Listener at 127.0.0.1/33913] INFO  grpc.GrpcFactory (GrpcFactory.java:checkPooledByteBufAllocatorUseCacheForAllThreads(48)) - PERFORMANCE WARNING: useCacheForAllThreads is true that may cause Netty to create a lot garbage objects and, as a result, trigger GC.
	It is recommended to disable useCacheForAllThreads by setting -Dorg.apache.ratis.thirdparty.io.netty.allocator.useCacheForAllThreads=false in command line.
2022-02-16 01:42:23,443 [Listener at 127.0.0.1/33913] INFO  grpc.GrpcConfigKeys (ConfUtils.java:logGet(44)) - raft.grpc.admin.port = 0 (custom)
2022-02-16 01:42:23,443 [Listener at 127.0.0.1/33913] INFO  grpc.GrpcConfigKeys (ConfUtils.java:logGet(44)) - raft.grpc.client.port = 0 (custom)
2022-02-16 01:42:23,443 [Listener at 127.0.0.1/33913] INFO  grpc.GrpcConfigKeys (ConfUtils.java:logGet(44)) - raft.grpc.server.port = 0 (default)
2022-02-16 01:42:23,443 [Listener at 127.0.0.1/33913] INFO  server.GrpcService (ConfUtils.java:logGet(44)) - raft.grpc.message.size.max = 32MB (=33554432) (custom)
2022-02-16 01:42:23,443 [Listener at 127.0.0.1/33913] INFO  server.RaftServerConfigKeys (ConfUtils.java:logGet(44)) - raft.server.log.appender.buffer.byte-limit = 33554432 (custom)
2022-02-16 01:42:23,443 [Listener at 127.0.0.1/33913] INFO  server.GrpcService (ConfUtils.java:logGet(44)) - raft.grpc.flow.control.window = 5MB (=5242880) (custom)
2022-02-16 01:42:23,443 [Listener at 127.0.0.1/33913] INFO  server.RaftServerConfigKeys (ConfUtils.java:logGet(44)) - raft.server.rpc.request.timeout = 3000ms (default)
2022-02-16 01:42:23,445 [Listener at 127.0.0.1/33913] INFO  impl.DataStreamServerImpl (ConfUtils.java:logGet(44)) - raft.datastream.type = DISABLED (default)
2022-02-16 01:42:23,445 [Listener at 127.0.0.1/33913] INFO  server.RaftServerConfigKeys (ConfUtils.java:logGet(44)) - raft.server.rpc.slowness.timeout = 300000ms (custom)
2022-02-16 01:42:23,445 [Listener at 127.0.0.1/33913] INFO  server.RaftServerConfigKeys (ConfUtils.java:logGet(44)) - raft.server.leaderelection.leader.step-down.wait-time = 10s (default)
2022-02-16 01:42:23,445 [Listener at 127.0.0.1/33913] INFO  server.RaftServerConfigKeys (ConfUtils.java:logGet(44)) - raft.server.storage.dir = [/home/runner/work/ozone/ozone/hadoop-ozone/integration-test/target/test-dir/MiniOzoneClusterImpl-c31dc292-76fe-4ff2-ba7c-3deb75f75441/datanode-3/data/ratis] (custom)
2022-02-16 01:42:23,450 [Listener at 127.0.0.1/33913] INFO  server.XceiverServerGrpc (XceiverServerGrpc.java:<init>(132)) - GrpcServer channel type EpollServerSocketChannel
2022-02-16 01:42:23,455 [Listener at 127.0.0.1/33913] INFO  http.BaseHttpServer (BaseHttpServer.java:newHttpServer2BuilderForOzone(209)) - Starting Web-server for hddsDatanode at: http://0.0.0.0:0
2022-02-16 01:42:23,455 [Listener at 127.0.0.1/33913] INFO  http.BaseHttpServer (BaseHttpServer.java:<init>(107)) - Hadoop Security Enabled: false Ozone Security Enabled: false Ozone HTTP Security Enabled: false 
2022-02-16 01:42:23,457 [Listener at 127.0.0.1/33913] INFO  server.AuthenticationFilter (AuthenticationFilter.java:constructSecretProvider(240)) - Unable to initialize FileSignerSecretProvider, falling back to use random secrets.
2022-02-16 01:42:23,457 [Listener at 127.0.0.1/33913] WARN  http.HttpRequestLog (HttpRequestLog.java:getRequestLog(103)) - Jetty request log can only be enabled using Log4j
2022-02-16 01:42:23,458 [Listener at 127.0.0.1/33913] INFO  http.HttpServer2 (HttpServer2.java:addGlobalFilter(1030)) - Added global filter 'safety' (class=org.apache.hadoop.hdds.server.http.HttpServer2$QuotingInputFilter)
2022-02-16 01:42:23,459 [Listener at 127.0.0.1/33913] INFO  http.HttpServer2 (HttpServer2.java:addFilter(1006)) - Added filter static_user_filter (class=org.apache.hadoop.http.lib.StaticUserWebFilter$StaticUserFilter) to context hddsDatanode
2022-02-16 01:42:23,459 [Listener at 127.0.0.1/33913] INFO  http.HttpServer2 (HttpServer2.java:addFilter(1014)) - Added filter static_user_filter (class=org.apache.hadoop.http.lib.StaticUserWebFilter$StaticUserFilter) to context static
2022-02-16 01:42:23,459 [Listener at 127.0.0.1/33913] INFO  http.HttpServer2 (HttpServer2.java:addFilter(1014)) - Added filter static_user_filter (class=org.apache.hadoop.http.lib.StaticUserWebFilter$StaticUserFilter) to context logs
2022-02-16 01:42:23,459 [Listener at 127.0.0.1/33913] INFO  http.HttpServer2 (HttpServer2.java:bindListener(1249)) - Jetty bound to port 44401
2022-02-16 01:42:23,460 [Listener at 127.0.0.1/33913] INFO  server.Server (Server.java:doStart(375)) - jetty-9.4.43.v20210629; built: 2021-06-30T11:07:22.254Z; git: 526006ecfa3af7f1a27ef3a288e2bef7ea9dd7e8; jvm 1.8.0_312-b07
2022-02-16 01:42:23,463 [Listener at 127.0.0.1/33913] INFO  server.session (DefaultSessionIdManager.java:doStart(334)) - DefaultSessionIdManager workerName=node0
2022-02-16 01:42:23,463 [Listener at 127.0.0.1/33913] INFO  server.session (DefaultSessionIdManager.java:doStart(339)) - No SessionScavenger set, using defaults
2022-02-16 01:42:23,463 [Listener at 127.0.0.1/33913] INFO  server.session (HouseKeeper.java:startScavenging(132)) - node0 Scavenging every 600000ms
2022-02-16 01:42:23,464 [Listener at 127.0.0.1/33913] INFO  handler.ContextHandler (ContextHandler.java:doStart(915)) - Started o.e.j.s.ServletContextHandler@d9e0ed2{logs,/logs,file:///home/runner/work/ozone/ozone/hadoop-ozone/integration-test/target/log,AVAILABLE}
2022-02-16 01:42:23,464 [Listener at 127.0.0.1/33913] INFO  handler.ContextHandler (ContextHandler.java:doStart(915)) - Started o.e.j.s.ServletContextHandler@700e4826{static,/static,jar:file:/home/runner/.m2/repository/org/apache/ozone/hdds-container-service/1.3.0-SNAPSHOT/hdds-container-service-1.3.0-SNAPSHOT.jar!/webapps/static,AVAILABLE}
2022-02-16 01:42:23,504 [Listener at 127.0.0.1/33913] INFO  handler.ContextHandler (ContextHandler.java:doStart(915)) - Started o.e.j.w.WebAppContext@3434890{hddsDatanode,/,file:///tmp/jetty-0_0_0_0-44401-hdds-container-service-1_3_0-SNAPSHOT_jar-_-any-4999836111521530334/webapp/,AVAILABLE}{jar:file:/home/runner/.m2/repository/org/apache/ozone/hdds-container-service/1.3.0-SNAPSHOT/hdds-container-service-1.3.0-SNAPSHOT.jar!/webapps/hddsDatanode}
2022-02-16 01:42:23,506 [Listener at 127.0.0.1/33913] INFO  server.AbstractConnector (AbstractConnector.java:doStart(331)) - Started ServerConnector@7f5e2cf1{HTTP/1.1, (http/1.1)}{0.0.0.0:44401}
2022-02-16 01:42:23,506 [Listener at 127.0.0.1/33913] INFO  server.Server (Server.java:doStart(415)) - Started @17028ms
2022-02-16 01:42:23,506 [Listener at 127.0.0.1/33913] WARN  impl.MetricsSystemImpl (MetricsSystemImpl.java:register(279)) - Sink prometheus already exists!
2022-02-16 01:42:23,507 [Listener at 127.0.0.1/33913] INFO  http.BaseHttpServer (BaseHttpServer.java:updateConnectorAddress(329)) - HTTP server of hddsDatanode listening at http://0.0.0.0:44401
2022-02-16 01:42:23,507 [Listener at 127.0.0.1/33913] WARN  impl.MetricRegistriesImpl (MetricRegistriesImpl.java:addReporterRegistration(111)) - New reporters are added after registries were created. Some metrics will be missing from the reporter. Please add reporter before adding any new registry.
2022-02-16 01:42:23,507 [Listener at 127.0.0.1/33913] WARN  impl.MetricRegistriesImpl (MetricRegistriesImpl.java:addReporterRegistration(111)) - New reporters are added after registries were created. Some metrics will be missing from the reporter. Please add reporter before adding any new registry.
2022-02-16 01:42:23,507 [Listener at 127.0.0.1/33913] INFO  impl.MetricsSystemImpl (MetricsSystemImpl.java:init(158)) - HddsDatanode metrics system started (again)
2022-02-16 01:42:23,510 [Datanode State Machine Daemon Thread] INFO  statemachine.DatanodeStateMachine (DatanodeStateMachine.java:lambda$startDaemon$0(470)) - Ozone container server started.
2022-02-16 01:42:23,521 [org.apache.hadoop.util.JvmPauseMonitor$Monitor@3bc54210] INFO  util.JvmPauseMonitor (JvmPauseMonitor.java:run(188)) - Starting JVM pause monitor
2022-02-16 01:42:23,522 [Datanode State Machine Task Thread - 0] INFO  datanode.InitDatanodeState (InitDatanodeState.java:persistContainerDatanodeDetails(138)) - DatanodeDetails is persisted to /home/runner/work/ozone/ozone/hadoop-ozone/integration-test/target/test-dir/MiniOzoneClusterImpl-c31dc292-76fe-4ff2-ba7c-3deb75f75441/datanode-3/meta/datanode.id
2022-02-16 01:42:23,528 [Listener at 127.0.0.1/33913] INFO  ozone.HddsDatanodeService (HddsDatanodeService.java:start(233)) - HddsDatanodeService host:fv-az184-768.3ow45vhwbzuu5incsxmygykede.cx.internal.cloudapp.net ip:10.1.0.46
2022-02-16 01:42:23,543 [Listener at 127.0.0.1/33913] INFO  upgrade.AbstractLayoutVersionManager (AbstractLayoutVersionManager.java:init(79)) - Initializing Layout version manager with metadata layout = SCM_HA (version = 2), software layout = SCM_HA (version = 2)
2022-02-16 01:42:23,582 [Listener at 127.0.0.1/33913] INFO  reflections.Reflections (Reflections.java:scan(232)) - Reflections took 37 ms to scan 7 urls, producing 119 keys and 279 values 
2022-02-16 01:42:23,583 [Listener at 127.0.0.1/33913] INFO  statemachine.DatanodeStateMachine (DatanodeStateMachine.java:getEndPointTaskThreadPoolSize(222)) - Datanode State Machine Task Thread Pool size 2
2022-02-16 01:42:23,587 [Listener at 127.0.0.1/33913] INFO  volume.HddsVolume (HddsVolume.java:<init>(120)) - Creating HddsVolume: /home/runner/work/ozone/ozone/hadoop-ozone/integration-test/target/test-dir/MiniOzoneClusterImpl-c31dc292-76fe-4ff2-ba7c-3deb75f75441/datanode-4/data-0/containers/hdds of storage type : DISK capacity : 9223372036854775807
2022-02-16 01:42:23,587 [Listener at 127.0.0.1/33913] INFO  volume.MutableVolumeSet (MutableVolumeSet.java:initializeVolumeSet(168)) - Added Volume : /home/runner/work/ozone/ozone/hadoop-ozone/integration-test/target/test-dir/MiniOzoneClusterImpl-c31dc292-76fe-4ff2-ba7c-3deb75f75441/datanode-4/data-0/containers/hdds to VolumeSet
2022-02-16 01:42:23,587 [Listener at 127.0.0.1/33913] INFO  volume.ThrottledAsyncChecker (ThrottledAsyncChecker.java:schedule(141)) - Scheduling a check for /home/runner/work/ozone/ozone/hadoop-ozone/integration-test/target/test-dir/MiniOzoneClusterImpl-c31dc292-76fe-4ff2-ba7c-3deb75f75441/datanode-4/data-0/containers/hdds
2022-02-16 01:42:23,590 [Listener at 127.0.0.1/33913] INFO  volume.StorageVolumeChecker (StorageVolumeChecker.java:checkAllVolumes(202)) - Scheduled health check for volume /home/runner/work/ozone/ozone/hadoop-ozone/integration-test/target/test-dir/MiniOzoneClusterImpl-c31dc292-76fe-4ff2-ba7c-3deb75f75441/datanode-4/data-0/containers/hdds
2022-02-16 01:42:23,601 [Listener at 127.0.0.1/33913] INFO  volume.MutableVolumeSet (MutableVolumeSet.java:initializeVolumeSet(168)) - Added Volume : /home/runner/work/ozone/ozone/hadoop-ozone/integration-test/target/test-dir/MiniOzoneClusterImpl-c31dc292-76fe-4ff2-ba7c-3deb75f75441/datanode-4/data/ratis to VolumeSet
2022-02-16 01:42:23,602 [Listener at 127.0.0.1/33913] INFO  volume.ThrottledAsyncChecker (ThrottledAsyncChecker.java:schedule(141)) - Scheduling a check for /home/runner/work/ozone/ozone/hadoop-ozone/integration-test/target/test-dir/MiniOzoneClusterImpl-c31dc292-76fe-4ff2-ba7c-3deb75f75441/datanode-4/data/ratis
2022-02-16 01:42:23,602 [Listener at 127.0.0.1/33913] INFO  volume.StorageVolumeChecker (StorageVolumeChecker.java:checkAllVolumes(202)) - Scheduled health check for volume /home/runner/work/ozone/ozone/hadoop-ozone/integration-test/target/test-dir/MiniOzoneClusterImpl-c31dc292-76fe-4ff2-ba7c-3deb75f75441/datanode-4/data/ratis
2022-02-16 01:42:23,613 [Thread-189] INFO  ozoneimpl.ContainerReader (ContainerReader.java:readVolume(172)) - Finish verifying containers on volume /home/runner/work/ozone/ozone/hadoop-ozone/integration-test/target/test-dir/MiniOzoneClusterImpl-c31dc292-76fe-4ff2-ba7c-3deb75f75441/datanode-4/data-0/containers/hdds
2022-02-16 01:42:23,613 [Listener at 127.0.0.1/33913] INFO  ozoneimpl.OzoneContainer (OzoneContainer.java:buildContainerSet(237)) - Build ContainerSet costs 0s
2022-02-16 01:42:23,617 [Listener at 127.0.0.1/33913] INFO  server.RaftServer (ConfUtils.java:logGet(44)) - raft.rpc.type = GRPC (default)
2022-02-16 01:42:23,617 [Listener at 127.0.0.1/33913] INFO  grpc.GrpcFactory (GrpcFactory.java:checkPooledByteBufAllocatorUseCacheForAllThreads(48)) - PERFORMANCE WARNING: useCacheForAllThreads is true that may cause Netty to create a lot garbage objects and, as a result, trigger GC.
	It is recommended to disable useCacheForAllThreads by setting -Dorg.apache.ratis.thirdparty.io.netty.allocator.useCacheForAllThreads=false in command line.
2022-02-16 01:42:23,617 [Listener at 127.0.0.1/33913] INFO  grpc.GrpcConfigKeys (ConfUtils.java:logGet(44)) - raft.grpc.admin.port = 0 (custom)
2022-02-16 01:42:23,617 [Listener at 127.0.0.1/33913] INFO  grpc.GrpcConfigKeys (ConfUtils.java:logGet(44)) - raft.grpc.client.port = 0 (custom)
2022-02-16 01:42:23,617 [Listener at 127.0.0.1/33913] INFO  grpc.GrpcConfigKeys (ConfUtils.java:logGet(44)) - raft.grpc.server.port = 0 (default)
2022-02-16 01:42:23,618 [Listener at 127.0.0.1/33913] INFO  server.GrpcService (ConfUtils.java:logGet(44)) - raft.grpc.message.size.max = 32MB (=33554432) (custom)
2022-02-16 01:42:23,618 [Listener at 127.0.0.1/33913] INFO  server.RaftServerConfigKeys (ConfUtils.java:logGet(44)) - raft.server.log.appender.buffer.byte-limit = 33554432 (custom)
2022-02-16 01:42:23,618 [Listener at 127.0.0.1/33913] INFO  server.GrpcService (ConfUtils.java:logGet(44)) - raft.grpc.flow.control.window = 5MB (=5242880) (custom)
2022-02-16 01:42:23,618 [Listener at 127.0.0.1/33913] INFO  server.RaftServerConfigKeys (ConfUtils.java:logGet(44)) - raft.server.rpc.request.timeout = 3000ms (default)
2022-02-16 01:42:23,619 [Listener at 127.0.0.1/33913] INFO  impl.DataStreamServerImpl (ConfUtils.java:logGet(44)) - raft.datastream.type = DISABLED (default)
2022-02-16 01:42:23,619 [Listener at 127.0.0.1/33913] INFO  server.RaftServerConfigKeys (ConfUtils.java:logGet(44)) - raft.server.rpc.slowness.timeout = 300000ms (custom)
2022-02-16 01:42:23,619 [Listener at 127.0.0.1/33913] INFO  server.RaftServerConfigKeys (ConfUtils.java:logGet(44)) - raft.server.leaderelection.leader.step-down.wait-time = 10s (default)
2022-02-16 01:42:23,620 [Listener at 127.0.0.1/33913] INFO  server.RaftServerConfigKeys (ConfUtils.java:logGet(44)) - raft.server.storage.dir = [/home/runner/work/ozone/ozone/hadoop-ozone/integration-test/target/test-dir/MiniOzoneClusterImpl-c31dc292-76fe-4ff2-ba7c-3deb75f75441/datanode-4/data/ratis] (custom)
2022-02-16 01:42:23,621 [Listener at 127.0.0.1/33913] INFO  server.XceiverServerGrpc (XceiverServerGrpc.java:<init>(132)) - GrpcServer channel type EpollServerSocketChannel
2022-02-16 01:42:23,624 [Listener at 127.0.0.1/33913] INFO  http.BaseHttpServer (BaseHttpServer.java:newHttpServer2BuilderForOzone(209)) - Starting Web-server for hddsDatanode at: http://0.0.0.0:0
2022-02-16 01:42:23,624 [Listener at 127.0.0.1/33913] INFO  http.BaseHttpServer (BaseHttpServer.java:<init>(107)) - Hadoop Security Enabled: false Ozone Security Enabled: false Ozone HTTP Security Enabled: false 
2022-02-16 01:42:23,625 [Listener at 127.0.0.1/33913] INFO  server.AuthenticationFilter (AuthenticationFilter.java:constructSecretProvider(240)) - Unable to initialize FileSignerSecretProvider, falling back to use random secrets.
2022-02-16 01:42:23,626 [Listener at 127.0.0.1/33913] WARN  http.HttpRequestLog (HttpRequestLog.java:getRequestLog(103)) - Jetty request log can only be enabled using Log4j
2022-02-16 01:42:23,627 [Listener at 127.0.0.1/33913] INFO  http.HttpServer2 (HttpServer2.java:addGlobalFilter(1030)) - Added global filter 'safety' (class=org.apache.hadoop.hdds.server.http.HttpServer2$QuotingInputFilter)
2022-02-16 01:42:23,628 [Listener at 127.0.0.1/33913] INFO  http.HttpServer2 (HttpServer2.java:addFilter(1006)) - Added filter static_user_filter (class=org.apache.hadoop.http.lib.StaticUserWebFilter$StaticUserFilter) to context hddsDatanode
2022-02-16 01:42:23,628 [Listener at 127.0.0.1/33913] INFO  http.HttpServer2 (HttpServer2.java:addFilter(1014)) - Added filter static_user_filter (class=org.apache.hadoop.http.lib.StaticUserWebFilter$StaticUserFilter) to context logs
2022-02-16 01:42:23,628 [Listener at 127.0.0.1/33913] INFO  http.HttpServer2 (HttpServer2.java:addFilter(1014)) - Added filter static_user_filter (class=org.apache.hadoop.http.lib.StaticUserWebFilter$StaticUserFilter) to context static
2022-02-16 01:42:23,629 [Listener at 127.0.0.1/33913] INFO  http.HttpServer2 (HttpServer2.java:bindListener(1249)) - Jetty bound to port 46825
2022-02-16 01:42:23,629 [Listener at 127.0.0.1/33913] INFO  server.Server (Server.java:doStart(375)) - jetty-9.4.43.v20210629; built: 2021-06-30T11:07:22.254Z; git: 526006ecfa3af7f1a27ef3a288e2bef7ea9dd7e8; jvm 1.8.0_312-b07
2022-02-16 01:42:23,632 [Listener at 127.0.0.1/33913] INFO  server.session (DefaultSessionIdManager.java:doStart(334)) - DefaultSessionIdManager workerName=node0
2022-02-16 01:42:23,632 [Listener at 127.0.0.1/33913] INFO  server.session (DefaultSessionIdManager.java:doStart(339)) - No SessionScavenger set, using defaults
2022-02-16 01:42:23,632 [Listener at 127.0.0.1/33913] INFO  server.session (HouseKeeper.java:startScavenging(132)) - node0 Scavenging every 660000ms
2022-02-16 01:42:23,634 [Listener at 127.0.0.1/33913] INFO  handler.ContextHandler (ContextHandler.java:doStart(915)) - Started o.e.j.s.ServletContextHandler@2b2bcb4a{logs,/logs,file:///home/runner/work/ozone/ozone/hadoop-ozone/integration-test/target/log,AVAILABLE}
2022-02-16 01:42:23,635 [Listener at 127.0.0.1/33913] INFO  handler.ContextHandler (ContextHandler.java:doStart(915)) - Started o.e.j.s.ServletContextHandler@56dc6b33{static,/static,jar:file:/home/runner/.m2/repository/org/apache/ozone/hdds-container-service/1.3.0-SNAPSHOT/hdds-container-service-1.3.0-SNAPSHOT.jar!/webapps/static,AVAILABLE}
2022-02-16 01:42:23,675 [Listener at 127.0.0.1/33913] INFO  handler.ContextHandler (ContextHandler.java:doStart(915)) - Started o.e.j.w.WebAppContext@209d4e32{hddsDatanode,/,file:///tmp/jetty-0_0_0_0-46825-hdds-container-service-1_3_0-SNAPSHOT_jar-_-any-1707174721130426903/webapp/,AVAILABLE}{jar:file:/home/runner/.m2/repository/org/apache/ozone/hdds-container-service/1.3.0-SNAPSHOT/hdds-container-service-1.3.0-SNAPSHOT.jar!/webapps/hddsDatanode}
2022-02-16 01:42:23,691 [Listener at 127.0.0.1/33913] INFO  server.AbstractConnector (AbstractConnector.java:doStart(331)) - Started ServerConnector@243dc57b{HTTP/1.1, (http/1.1)}{0.0.0.0:46825}
2022-02-16 01:42:23,691 [Listener at 127.0.0.1/33913] INFO  server.Server (Server.java:doStart(415)) - Started @17213ms
2022-02-16 01:42:23,691 [Listener at 127.0.0.1/33913] WARN  impl.MetricsSystemImpl (MetricsSystemImpl.java:register(279)) - Sink prometheus already exists!
2022-02-16 01:42:23,692 [Listener at 127.0.0.1/33913] INFO  http.BaseHttpServer (BaseHttpServer.java:updateConnectorAddress(329)) - HTTP server of hddsDatanode listening at http://0.0.0.0:46825
2022-02-16 01:42:23,693 [Listener at 127.0.0.1/33913] WARN  impl.MetricRegistriesImpl (MetricRegistriesImpl.java:addReporterRegistration(111)) - New reporters are added after registries were created. Some metrics will be missing from the reporter. Please add reporter before adding any new registry.
2022-02-16 01:42:23,693 [Listener at 127.0.0.1/33913] WARN  impl.MetricRegistriesImpl (MetricRegistriesImpl.java:addReporterRegistration(111)) - New reporters are added after registries were created. Some metrics will be missing from the reporter. Please add reporter before adding any new registry.
2022-02-16 01:42:23,693 [Listener at 127.0.0.1/33913] INFO  impl.MetricsSystemImpl (MetricsSystemImpl.java:init(158)) - HddsDatanode metrics system started (again)
2022-02-16 01:42:23,693 [Datanode State Machine Daemon Thread] INFO  statemachine.DatanodeStateMachine (DatanodeStateMachine.java:lambda$startDaemon$0(470)) - Ozone container server started.
2022-02-16 01:42:23,702 [org.apache.hadoop.util.JvmPauseMonitor$Monitor@3268adc5] INFO  util.JvmPauseMonitor (JvmPauseMonitor.java:run(188)) - Starting JVM pause monitor
2022-02-16 01:42:23,705 [Datanode State Machine Task Thread - 0] INFO  datanode.InitDatanodeState (InitDatanodeState.java:persistContainerDatanodeDetails(138)) - DatanodeDetails is persisted to /home/runner/work/ozone/ozone/hadoop-ozone/integration-test/target/test-dir/MiniOzoneClusterImpl-c31dc292-76fe-4ff2-ba7c-3deb75f75441/datanode-4/meta/datanode.id
2022-02-16 01:42:23,710 [Listener at 127.0.0.1/33913] INFO  ozone.HddsDatanodeService (HddsDatanodeService.java:start(233)) - HddsDatanodeService host:fv-az184-768.3ow45vhwbzuu5incsxmygykede.cx.internal.cloudapp.net ip:10.1.0.46
2022-02-16 01:42:23,726 [Listener at 127.0.0.1/33913] INFO  upgrade.AbstractLayoutVersionManager (AbstractLayoutVersionManager.java:init(79)) - Initializing Layout version manager with metadata layout = SCM_HA (version = 2), software layout = SCM_HA (version = 2)
2022-02-16 01:42:23,766 [Listener at 127.0.0.1/33913] INFO  reflections.Reflections (Reflections.java:scan(232)) - Reflections took 39 ms to scan 7 urls, producing 119 keys and 279 values 
2022-02-16 01:42:23,768 [Listener at 127.0.0.1/33913] INFO  statemachine.DatanodeStateMachine (DatanodeStateMachine.java:getEndPointTaskThreadPoolSize(222)) - Datanode State Machine Task Thread Pool size 2
2022-02-16 01:42:23,771 [Listener at 127.0.0.1/33913] INFO  volume.HddsVolume (HddsVolume.java:<init>(120)) - Creating HddsVolume: /home/runner/work/ozone/ozone/hadoop-ozone/integration-test/target/test-dir/MiniOzoneClusterImpl-c31dc292-76fe-4ff2-ba7c-3deb75f75441/datanode-5/data-0/containers/hdds of storage type : DISK capacity : 9223372036854775807
2022-02-16 01:42:23,771 [Listener at 127.0.0.1/33913] INFO  volume.MutableVolumeSet (MutableVolumeSet.java:initializeVolumeSet(168)) - Added Volume : /home/runner/work/ozone/ozone/hadoop-ozone/integration-test/target/test-dir/MiniOzoneClusterImpl-c31dc292-76fe-4ff2-ba7c-3deb75f75441/datanode-5/data-0/containers/hdds to VolumeSet
2022-02-16 01:42:23,772 [Listener at 127.0.0.1/33913] INFO  volume.ThrottledAsyncChecker (ThrottledAsyncChecker.java:schedule(141)) - Scheduling a check for /home/runner/work/ozone/ozone/hadoop-ozone/integration-test/target/test-dir/MiniOzoneClusterImpl-c31dc292-76fe-4ff2-ba7c-3deb75f75441/datanode-5/data-0/containers/hdds
2022-02-16 01:42:23,774 [Listener at 127.0.0.1/33913] INFO  volume.StorageVolumeChecker (StorageVolumeChecker.java:checkAllVolumes(202)) - Scheduled health check for volume /home/runner/work/ozone/ozone/hadoop-ozone/integration-test/target/test-dir/MiniOzoneClusterImpl-c31dc292-76fe-4ff2-ba7c-3deb75f75441/datanode-5/data-0/containers/hdds
2022-02-16 01:42:23,808 [Listener at 127.0.0.1/33913] INFO  volume.MutableVolumeSet (MutableVolumeSet.java:initializeVolumeSet(168)) - Added Volume : /home/runner/work/ozone/ozone/hadoop-ozone/integration-test/target/test-dir/MiniOzoneClusterImpl-c31dc292-76fe-4ff2-ba7c-3deb75f75441/datanode-5/data/ratis to VolumeSet
2022-02-16 01:42:23,809 [Listener at 127.0.0.1/33913] INFO  volume.ThrottledAsyncChecker (ThrottledAsyncChecker.java:schedule(141)) - Scheduling a check for /home/runner/work/ozone/ozone/hadoop-ozone/integration-test/target/test-dir/MiniOzoneClusterImpl-c31dc292-76fe-4ff2-ba7c-3deb75f75441/datanode-5/data/ratis
2022-02-16 01:42:23,814 [Listener at 127.0.0.1/33913] INFO  volume.StorageVolumeChecker (StorageVolumeChecker.java:checkAllVolumes(202)) - Scheduled health check for volume /home/runner/work/ozone/ozone/hadoop-ozone/integration-test/target/test-dir/MiniOzoneClusterImpl-c31dc292-76fe-4ff2-ba7c-3deb75f75441/datanode-5/data/ratis
2022-02-16 01:42:23,843 [Thread-201] INFO  ozoneimpl.ContainerReader (ContainerReader.java:readVolume(172)) - Finish verifying containers on volume /home/runner/work/ozone/ozone/hadoop-ozone/integration-test/target/test-dir/MiniOzoneClusterImpl-c31dc292-76fe-4ff2-ba7c-3deb75f75441/datanode-5/data-0/containers/hdds
2022-02-16 01:42:23,843 [Listener at 127.0.0.1/33913] INFO  ozoneimpl.OzoneContainer (OzoneContainer.java:buildContainerSet(237)) - Build ContainerSet costs 0s
2022-02-16 01:42:23,846 [Listener at 127.0.0.1/33913] INFO  server.RaftServer (ConfUtils.java:logGet(44)) - raft.rpc.type = GRPC (default)
2022-02-16 01:42:23,846 [Listener at 127.0.0.1/33913] INFO  grpc.GrpcFactory (GrpcFactory.java:checkPooledByteBufAllocatorUseCacheForAllThreads(48)) - PERFORMANCE WARNING: useCacheForAllThreads is true that may cause Netty to create a lot garbage objects and, as a result, trigger GC.
	It is recommended to disable useCacheForAllThreads by setting -Dorg.apache.ratis.thirdparty.io.netty.allocator.useCacheForAllThreads=false in command line.
2022-02-16 01:42:23,847 [Listener at 127.0.0.1/33913] INFO  grpc.GrpcConfigKeys (ConfUtils.java:logGet(44)) - raft.grpc.admin.port = 0 (custom)
2022-02-16 01:42:23,847 [Listener at 127.0.0.1/33913] INFO  grpc.GrpcConfigKeys (ConfUtils.java:logGet(44)) - raft.grpc.client.port = 0 (custom)
2022-02-16 01:42:23,847 [Listener at 127.0.0.1/33913] INFO  grpc.GrpcConfigKeys (ConfUtils.java:logGet(44)) - raft.grpc.server.port = 0 (default)
2022-02-16 01:42:23,847 [Listener at 127.0.0.1/33913] INFO  server.GrpcService (ConfUtils.java:logGet(44)) - raft.grpc.message.size.max = 32MB (=33554432) (custom)
2022-02-16 01:42:23,847 [Listener at 127.0.0.1/33913] INFO  server.RaftServerConfigKeys (ConfUtils.java:logGet(44)) - raft.server.log.appender.buffer.byte-limit = 33554432 (custom)
2022-02-16 01:42:23,847 [Listener at 127.0.0.1/33913] INFO  server.GrpcService (ConfUtils.java:logGet(44)) - raft.grpc.flow.control.window = 5MB (=5242880) (custom)
2022-02-16 01:42:23,847 [Listener at 127.0.0.1/33913] INFO  server.RaftServerConfigKeys (ConfUtils.java:logGet(44)) - raft.server.rpc.request.timeout = 3000ms (default)
2022-02-16 01:42:23,848 [Listener at 127.0.0.1/33913] INFO  impl.DataStreamServerImpl (ConfUtils.java:logGet(44)) - raft.datastream.type = DISABLED (default)
2022-02-16 01:42:23,849 [Listener at 127.0.0.1/33913] INFO  server.RaftServerConfigKeys (ConfUtils.java:logGet(44)) - raft.server.rpc.slowness.timeout = 300000ms (custom)
2022-02-16 01:42:23,849 [Listener at 127.0.0.1/33913] INFO  server.RaftServerConfigKeys (ConfUtils.java:logGet(44)) - raft.server.leaderelection.leader.step-down.wait-time = 10s (default)
2022-02-16 01:42:23,849 [Listener at 127.0.0.1/33913] INFO  server.RaftServerConfigKeys (ConfUtils.java:logGet(44)) - raft.server.storage.dir = [/home/runner/work/ozone/ozone/hadoop-ozone/integration-test/target/test-dir/MiniOzoneClusterImpl-c31dc292-76fe-4ff2-ba7c-3deb75f75441/datanode-5/data/ratis] (custom)
2022-02-16 01:42:23,850 [Listener at 127.0.0.1/33913] INFO  server.XceiverServerGrpc (XceiverServerGrpc.java:<init>(132)) - GrpcServer channel type EpollServerSocketChannel
2022-02-16 01:42:23,857 [Listener at 127.0.0.1/33913] INFO  http.BaseHttpServer (BaseHttpServer.java:newHttpServer2BuilderForOzone(209)) - Starting Web-server for hddsDatanode at: http://0.0.0.0:0
2022-02-16 01:42:23,857 [Listener at 127.0.0.1/33913] INFO  http.BaseHttpServer (BaseHttpServer.java:<init>(107)) - Hadoop Security Enabled: false Ozone Security Enabled: false Ozone HTTP Security Enabled: false 
2022-02-16 01:42:23,858 [Listener at 127.0.0.1/33913] INFO  server.AuthenticationFilter (AuthenticationFilter.java:constructSecretProvider(240)) - Unable to initialize FileSignerSecretProvider, falling back to use random secrets.
2022-02-16 01:42:23,858 [Listener at 127.0.0.1/33913] WARN  http.HttpRequestLog (HttpRequestLog.java:getRequestLog(103)) - Jetty request log can only be enabled using Log4j
2022-02-16 01:42:23,859 [Listener at 127.0.0.1/33913] INFO  http.HttpServer2 (HttpServer2.java:addGlobalFilter(1030)) - Added global filter 'safety' (class=org.apache.hadoop.hdds.server.http.HttpServer2$QuotingInputFilter)
2022-02-16 01:42:23,860 [Listener at 127.0.0.1/33913] INFO  http.HttpServer2 (HttpServer2.java:addFilter(1006)) - Added filter static_user_filter (class=org.apache.hadoop.http.lib.StaticUserWebFilter$StaticUserFilter) to context hddsDatanode
2022-02-16 01:42:23,860 [Listener at 127.0.0.1/33913] INFO  http.HttpServer2 (HttpServer2.java:addFilter(1014)) - Added filter static_user_filter (class=org.apache.hadoop.http.lib.StaticUserWebFilter$StaticUserFilter) to context static
2022-02-16 01:42:23,860 [Listener at 127.0.0.1/33913] INFO  http.HttpServer2 (HttpServer2.java:addFilter(1014)) - Added filter static_user_filter (class=org.apache.hadoop.http.lib.StaticUserWebFilter$StaticUserFilter) to context logs
2022-02-16 01:42:23,861 [Listener at 127.0.0.1/33913] INFO  http.HttpServer2 (HttpServer2.java:bindListener(1249)) - Jetty bound to port 35249
2022-02-16 01:42:23,861 [Listener at 127.0.0.1/33913] INFO  server.Server (Server.java:doStart(375)) - jetty-9.4.43.v20210629; built: 2021-06-30T11:07:22.254Z; git: 526006ecfa3af7f1a27ef3a288e2bef7ea9dd7e8; jvm 1.8.0_312-b07
2022-02-16 01:42:23,863 [Listener at 127.0.0.1/33913] INFO  server.session (DefaultSessionIdManager.java:doStart(334)) - DefaultSessionIdManager workerName=node0
2022-02-16 01:42:23,863 [Listener at 127.0.0.1/33913] INFO  server.session (DefaultSessionIdManager.java:doStart(339)) - No SessionScavenger set, using defaults
2022-02-16 01:42:23,863 [Listener at 127.0.0.1/33913] INFO  server.session (HouseKeeper.java:startScavenging(132)) - node0 Scavenging every 600000ms
2022-02-16 01:42:23,864 [Listener at 127.0.0.1/33913] INFO  handler.ContextHandler (ContextHandler.java:doStart(915)) - Started o.e.j.s.ServletContextHandler@482f1b64{logs,/logs,file:///home/runner/work/ozone/ozone/hadoop-ozone/integration-test/target/log,AVAILABLE}
2022-02-16 01:42:23,864 [Listener at 127.0.0.1/33913] INFO  handler.ContextHandler (ContextHandler.java:doStart(915)) - Started o.e.j.s.ServletContextHandler@60e9bda0{static,/static,jar:file:/home/runner/.m2/repository/org/apache/ozone/hdds-container-service/1.3.0-SNAPSHOT/hdds-container-service-1.3.0-SNAPSHOT.jar!/webapps/static,AVAILABLE}
2022-02-16 01:42:23,908 [Listener at 127.0.0.1/33913] INFO  handler.ContextHandler (ContextHandler.java:doStart(915)) - Started o.e.j.w.WebAppContext@51713b0f{hddsDatanode,/,file:///tmp/jetty-0_0_0_0-35249-hdds-container-service-1_3_0-SNAPSHOT_jar-_-any-9028203702188685376/webapp/,AVAILABLE}{jar:file:/home/runner/.m2/repository/org/apache/ozone/hdds-container-service/1.3.0-SNAPSHOT/hdds-container-service-1.3.0-SNAPSHOT.jar!/webapps/hddsDatanode}
2022-02-16 01:42:23,910 [Listener at 127.0.0.1/33913] INFO  server.AbstractConnector (AbstractConnector.java:doStart(331)) - Started ServerConnector@42b41bc2{HTTP/1.1, (http/1.1)}{0.0.0.0:35249}
2022-02-16 01:42:23,910 [Listener at 127.0.0.1/33913] INFO  server.Server (Server.java:doStart(415)) - Started @17432ms
2022-02-16 01:42:23,910 [Listener at 127.0.0.1/33913] WARN  impl.MetricsSystemImpl (MetricsSystemImpl.java:register(279)) - Sink prometheus already exists!
2022-02-16 01:42:23,911 [Listener at 127.0.0.1/33913] INFO  http.BaseHttpServer (BaseHttpServer.java:updateConnectorAddress(329)) - HTTP server of hddsDatanode listening at http://0.0.0.0:35249
2022-02-16 01:42:23,911 [Listener at 127.0.0.1/33913] WARN  impl.MetricRegistriesImpl (MetricRegistriesImpl.java:addReporterRegistration(111)) - New reporters are added after registries were created. Some metrics will be missing from the reporter. Please add reporter before adding any new registry.
2022-02-16 01:42:23,911 [Listener at 127.0.0.1/33913] WARN  impl.MetricRegistriesImpl (MetricRegistriesImpl.java:addReporterRegistration(111)) - New reporters are added after registries were created. Some metrics will be missing from the reporter. Please add reporter before adding any new registry.
2022-02-16 01:42:23,912 [Listener at 127.0.0.1/33913] INFO  impl.MetricsSystemImpl (MetricsSystemImpl.java:init(158)) - HddsDatanode metrics system started (again)
2022-02-16 01:42:23,922 [Datanode State Machine Daemon Thread] INFO  statemachine.DatanodeStateMachine (DatanodeStateMachine.java:lambda$startDaemon$0(470)) - Ozone container server started.
2022-02-16 01:42:23,938 [org.apache.hadoop.util.JvmPauseMonitor$Monitor@7d680f0a] INFO  util.JvmPauseMonitor (JvmPauseMonitor.java:run(188)) - Starting JVM pause monitor
2022-02-16 01:42:23,943 [Listener at 127.0.0.1/33913] INFO  ozone.HddsDatanodeService (HddsDatanodeService.java:start(233)) - HddsDatanodeService host:fv-az184-768.3ow45vhwbzuu5incsxmygykede.cx.internal.cloudapp.net ip:10.1.0.46
2022-02-16 01:42:23,947 [Datanode State Machine Task Thread - 0] INFO  datanode.InitDatanodeState (InitDatanodeState.java:persistContainerDatanodeDetails(138)) - DatanodeDetails is persisted to /home/runner/work/ozone/ozone/hadoop-ozone/integration-test/target/test-dir/MiniOzoneClusterImpl-c31dc292-76fe-4ff2-ba7c-3deb75f75441/datanode-5/meta/datanode.id
2022-02-16 01:42:23,964 [Listener at 127.0.0.1/33913] INFO  upgrade.AbstractLayoutVersionManager (AbstractLayoutVersionManager.java:init(79)) - Initializing Layout version manager with metadata layout = SCM_HA (version = 2), software layout = SCM_HA (version = 2)
2022-02-16 01:42:24,000 [Listener at 127.0.0.1/33913] INFO  reflections.Reflections (Reflections.java:scan(232)) - Reflections took 35 ms to scan 7 urls, producing 119 keys and 279 values 
2022-02-16 01:42:24,001 [Listener at 127.0.0.1/33913] INFO  statemachine.DatanodeStateMachine (DatanodeStateMachine.java:getEndPointTaskThreadPoolSize(222)) - Datanode State Machine Task Thread Pool size 2
2022-02-16 01:42:24,003 [Listener at 127.0.0.1/33913] INFO  volume.HddsVolume (HddsVolume.java:<init>(120)) - Creating HddsVolume: /home/runner/work/ozone/ozone/hadoop-ozone/integration-test/target/test-dir/MiniOzoneClusterImpl-c31dc292-76fe-4ff2-ba7c-3deb75f75441/datanode-6/data-0/containers/hdds of storage type : DISK capacity : 9223372036854775807
2022-02-16 01:42:24,003 [Listener at 127.0.0.1/33913] INFO  volume.MutableVolumeSet (MutableVolumeSet.java:initializeVolumeSet(168)) - Added Volume : /home/runner/work/ozone/ozone/hadoop-ozone/integration-test/target/test-dir/MiniOzoneClusterImpl-c31dc292-76fe-4ff2-ba7c-3deb75f75441/datanode-6/data-0/containers/hdds to VolumeSet
2022-02-16 01:42:24,003 [Listener at 127.0.0.1/33913] INFO  volume.ThrottledAsyncChecker (ThrottledAsyncChecker.java:schedule(141)) - Scheduling a check for /home/runner/work/ozone/ozone/hadoop-ozone/integration-test/target/test-dir/MiniOzoneClusterImpl-c31dc292-76fe-4ff2-ba7c-3deb75f75441/datanode-6/data-0/containers/hdds
2022-02-16 01:42:24,010 [Listener at 127.0.0.1/33913] INFO  volume.StorageVolumeChecker (StorageVolumeChecker.java:checkAllVolumes(202)) - Scheduled health check for volume /home/runner/work/ozone/ozone/hadoop-ozone/integration-test/target/test-dir/MiniOzoneClusterImpl-c31dc292-76fe-4ff2-ba7c-3deb75f75441/datanode-6/data-0/containers/hdds
2022-02-16 01:42:24,021 [Listener at 127.0.0.1/33913] INFO  volume.MutableVolumeSet (MutableVolumeSet.java:initializeVolumeSet(168)) - Added Volume : /home/runner/work/ozone/ozone/hadoop-ozone/integration-test/target/test-dir/MiniOzoneClusterImpl-c31dc292-76fe-4ff2-ba7c-3deb75f75441/datanode-6/data/ratis to VolumeSet
2022-02-16 01:42:24,021 [Listener at 127.0.0.1/33913] INFO  volume.ThrottledAsyncChecker (ThrottledAsyncChecker.java:schedule(141)) - Scheduling a check for /home/runner/work/ozone/ozone/hadoop-ozone/integration-test/target/test-dir/MiniOzoneClusterImpl-c31dc292-76fe-4ff2-ba7c-3deb75f75441/datanode-6/data/ratis
2022-02-16 01:42:24,021 [Listener at 127.0.0.1/33913] INFO  volume.StorageVolumeChecker (StorageVolumeChecker.java:checkAllVolumes(202)) - Scheduled health check for volume /home/runner/work/ozone/ozone/hadoop-ozone/integration-test/target/test-dir/MiniOzoneClusterImpl-c31dc292-76fe-4ff2-ba7c-3deb75f75441/datanode-6/data/ratis
2022-02-16 01:42:24,031 [Thread-213] INFO  ozoneimpl.ContainerReader (ContainerReader.java:readVolume(172)) - Finish verifying containers on volume /home/runner/work/ozone/ozone/hadoop-ozone/integration-test/target/test-dir/MiniOzoneClusterImpl-c31dc292-76fe-4ff2-ba7c-3deb75f75441/datanode-6/data-0/containers/hdds
2022-02-16 01:42:24,031 [Listener at 127.0.0.1/33913] INFO  ozoneimpl.OzoneContainer (OzoneContainer.java:buildContainerSet(237)) - Build ContainerSet costs 0s
2022-02-16 01:42:24,034 [Listener at 127.0.0.1/33913] INFO  server.RaftServer (ConfUtils.java:logGet(44)) - raft.rpc.type = GRPC (default)
2022-02-16 01:42:24,034 [Listener at 127.0.0.1/33913] INFO  grpc.GrpcFactory (GrpcFactory.java:checkPooledByteBufAllocatorUseCacheForAllThreads(48)) - PERFORMANCE WARNING: useCacheForAllThreads is true that may cause Netty to create a lot garbage objects and, as a result, trigger GC.
	It is recommended to disable useCacheForAllThreads by setting -Dorg.apache.ratis.thirdparty.io.netty.allocator.useCacheForAllThreads=false in command line.
2022-02-16 01:42:24,034 [Listener at 127.0.0.1/33913] INFO  grpc.GrpcConfigKeys (ConfUtils.java:logGet(44)) - raft.grpc.admin.port = 0 (custom)
2022-02-16 01:42:24,034 [Listener at 127.0.0.1/33913] INFO  grpc.GrpcConfigKeys (ConfUtils.java:logGet(44)) - raft.grpc.client.port = 0 (custom)
2022-02-16 01:42:24,034 [Listener at 127.0.0.1/33913] INFO  grpc.GrpcConfigKeys (ConfUtils.java:logGet(44)) - raft.grpc.server.port = 0 (default)
2022-02-16 01:42:24,034 [Listener at 127.0.0.1/33913] INFO  server.GrpcService (ConfUtils.java:logGet(44)) - raft.grpc.message.size.max = 32MB (=33554432) (custom)
2022-02-16 01:42:24,034 [Listener at 127.0.0.1/33913] INFO  server.RaftServerConfigKeys (ConfUtils.java:logGet(44)) - raft.server.log.appender.buffer.byte-limit = 33554432 (custom)
2022-02-16 01:42:24,035 [Listener at 127.0.0.1/33913] INFO  server.GrpcService (ConfUtils.java:logGet(44)) - raft.grpc.flow.control.window = 5MB (=5242880) (custom)
2022-02-16 01:42:24,035 [Listener at 127.0.0.1/33913] INFO  server.RaftServerConfigKeys (ConfUtils.java:logGet(44)) - raft.server.rpc.request.timeout = 3000ms (default)
2022-02-16 01:42:24,036 [Listener at 127.0.0.1/33913] INFO  impl.DataStreamServerImpl (ConfUtils.java:logGet(44)) - raft.datastream.type = DISABLED (default)
2022-02-16 01:42:24,036 [Listener at 127.0.0.1/33913] INFO  server.RaftServerConfigKeys (ConfUtils.java:logGet(44)) - raft.server.rpc.slowness.timeout = 300000ms (custom)
2022-02-16 01:42:24,036 [Listener at 127.0.0.1/33913] INFO  server.RaftServerConfigKeys (ConfUtils.java:logGet(44)) - raft.server.leaderelection.leader.step-down.wait-time = 10s (default)
2022-02-16 01:42:24,036 [Listener at 127.0.0.1/33913] INFO  server.RaftServerConfigKeys (ConfUtils.java:logGet(44)) - raft.server.storage.dir = [/home/runner/work/ozone/ozone/hadoop-ozone/integration-test/target/test-dir/MiniOzoneClusterImpl-c31dc292-76fe-4ff2-ba7c-3deb75f75441/datanode-6/data/ratis] (custom)
2022-02-16 01:42:24,037 [Listener at 127.0.0.1/33913] INFO  server.XceiverServerGrpc (XceiverServerGrpc.java:<init>(132)) - GrpcServer channel type EpollServerSocketChannel
2022-02-16 01:42:24,041 [Listener at 127.0.0.1/33913] INFO  http.BaseHttpServer (BaseHttpServer.java:newHttpServer2BuilderForOzone(209)) - Starting Web-server for hddsDatanode at: http://0.0.0.0:0
2022-02-16 01:42:24,041 [Listener at 127.0.0.1/33913] INFO  http.BaseHttpServer (BaseHttpServer.java:<init>(107)) - Hadoop Security Enabled: false Ozone Security Enabled: false Ozone HTTP Security Enabled: false 
2022-02-16 01:42:24,042 [Listener at 127.0.0.1/33913] INFO  server.AuthenticationFilter (AuthenticationFilter.java:constructSecretProvider(240)) - Unable to initialize FileSignerSecretProvider, falling back to use random secrets.
2022-02-16 01:42:24,043 [Listener at 127.0.0.1/33913] WARN  http.HttpRequestLog (HttpRequestLog.java:getRequestLog(103)) - Jetty request log can only be enabled using Log4j
2022-02-16 01:42:24,045 [Listener at 127.0.0.1/33913] INFO  http.HttpServer2 (HttpServer2.java:addGlobalFilter(1030)) - Added global filter 'safety' (class=org.apache.hadoop.hdds.server.http.HttpServer2$QuotingInputFilter)
2022-02-16 01:42:24,045 [Listener at 127.0.0.1/33913] INFO  http.HttpServer2 (HttpServer2.java:addFilter(1006)) - Added filter static_user_filter (class=org.apache.hadoop.http.lib.StaticUserWebFilter$StaticUserFilter) to context hddsDatanode
2022-02-16 01:42:24,046 [Listener at 127.0.0.1/33913] INFO  http.HttpServer2 (HttpServer2.java:addFilter(1014)) - Added filter static_user_filter (class=org.apache.hadoop.http.lib.StaticUserWebFilter$StaticUserFilter) to context logs
2022-02-16 01:42:24,046 [Listener at 127.0.0.1/33913] INFO  http.HttpServer2 (HttpServer2.java:addFilter(1014)) - Added filter static_user_filter (class=org.apache.hadoop.http.lib.StaticUserWebFilter$StaticUserFilter) to context static
2022-02-16 01:42:24,047 [Listener at 127.0.0.1/33913] INFO  http.HttpServer2 (HttpServer2.java:bindListener(1249)) - Jetty bound to port 38531
2022-02-16 01:42:24,047 [Listener at 127.0.0.1/33913] INFO  server.Server (Server.java:doStart(375)) - jetty-9.4.43.v20210629; built: 2021-06-30T11:07:22.254Z; git: 526006ecfa3af7f1a27ef3a288e2bef7ea9dd7e8; jvm 1.8.0_312-b07
2022-02-16 01:42:24,049 [Listener at 127.0.0.1/33913] INFO  server.session (DefaultSessionIdManager.java:doStart(334)) - DefaultSessionIdManager workerName=node0
2022-02-16 01:42:24,050 [Listener at 127.0.0.1/33913] INFO  server.session (DefaultSessionIdManager.java:doStart(339)) - No SessionScavenger set, using defaults
2022-02-16 01:42:24,050 [Listener at 127.0.0.1/33913] INFO  server.session (HouseKeeper.java:startScavenging(132)) - node0 Scavenging every 660000ms
2022-02-16 01:42:24,050 [Listener at 127.0.0.1/33913] INFO  handler.ContextHandler (ContextHandler.java:doStart(915)) - Started o.e.j.s.ServletContextHandler@2d532099{logs,/logs,file:///home/runner/work/ozone/ozone/hadoop-ozone/integration-test/target/log,AVAILABLE}
2022-02-16 01:42:24,051 [Listener at 127.0.0.1/33913] INFO  handler.ContextHandler (ContextHandler.java:doStart(915)) - Started o.e.j.s.ServletContextHandler@770ad1f0{static,/static,jar:file:/home/runner/.m2/repository/org/apache/ozone/hdds-container-service/1.3.0-SNAPSHOT/hdds-container-service-1.3.0-SNAPSHOT.jar!/webapps/static,AVAILABLE}
2022-02-16 01:42:24,096 [Listener at 127.0.0.1/33913] INFO  handler.ContextHandler (ContextHandler.java:doStart(915)) - Started o.e.j.w.WebAppContext@361398f6{hddsDatanode,/,file:///tmp/jetty-0_0_0_0-38531-hdds-container-service-1_3_0-SNAPSHOT_jar-_-any-7170803438330121823/webapp/,AVAILABLE}{jar:file:/home/runner/.m2/repository/org/apache/ozone/hdds-container-service/1.3.0-SNAPSHOT/hdds-container-service-1.3.0-SNAPSHOT.jar!/webapps/hddsDatanode}
2022-02-16 01:42:24,098 [Listener at 127.0.0.1/33913] INFO  server.AbstractConnector (AbstractConnector.java:doStart(331)) - Started ServerConnector@63574fbf{HTTP/1.1, (http/1.1)}{0.0.0.0:38531}
2022-02-16 01:42:24,099 [Listener at 127.0.0.1/33913] INFO  server.Server (Server.java:doStart(415)) - Started @17620ms
2022-02-16 01:42:24,099 [Listener at 127.0.0.1/33913] WARN  impl.MetricsSystemImpl (MetricsSystemImpl.java:register(279)) - Sink prometheus already exists!
2022-02-16 01:42:24,099 [Listener at 127.0.0.1/33913] INFO  http.BaseHttpServer (BaseHttpServer.java:updateConnectorAddress(329)) - HTTP server of hddsDatanode listening at http://0.0.0.0:38531
2022-02-16 01:42:24,100 [Listener at 127.0.0.1/33913] WARN  impl.MetricRegistriesImpl (MetricRegistriesImpl.java:addReporterRegistration(111)) - New reporters are added after registries were created. Some metrics will be missing from the reporter. Please add reporter before adding any new registry.
2022-02-16 01:42:24,100 [Listener at 127.0.0.1/33913] WARN  impl.MetricRegistriesImpl (MetricRegistriesImpl.java:addReporterRegistration(111)) - New reporters are added after registries were created. Some metrics will be missing from the reporter. Please add reporter before adding any new registry.
2022-02-16 01:42:24,100 [Listener at 127.0.0.1/33913] INFO  impl.MetricsSystemImpl (MetricsSystemImpl.java:init(158)) - HddsDatanode metrics system started (again)
2022-02-16 01:42:24,106 [Datanode State Machine Daemon Thread] INFO  statemachine.DatanodeStateMachine (DatanodeStateMachine.java:lambda$startDaemon$0(470)) - Ozone container server started.
2022-02-16 01:42:24,117 [Listener at 127.0.0.1/33913] INFO  ozone.HddsDatanodeService (HddsDatanodeService.java:start(233)) - HddsDatanodeService host:fv-az184-768.3ow45vhwbzuu5incsxmygykede.cx.internal.cloudapp.net ip:10.1.0.46
2022-02-16 01:42:24,118 [org.apache.hadoop.util.JvmPauseMonitor$Monitor@4887169d] INFO  util.JvmPauseMonitor (JvmPauseMonitor.java:run(188)) - Starting JVM pause monitor
2022-02-16 01:42:24,125 [Datanode State Machine Task Thread - 0] INFO  datanode.InitDatanodeState (InitDatanodeState.java:persistContainerDatanodeDetails(138)) - DatanodeDetails is persisted to /home/runner/work/ozone/ozone/hadoop-ozone/integration-test/target/test-dir/MiniOzoneClusterImpl-c31dc292-76fe-4ff2-ba7c-3deb75f75441/datanode-6/meta/datanode.id
2022-02-16 01:42:24,144 [Listener at 127.0.0.1/33913] INFO  upgrade.AbstractLayoutVersionManager (AbstractLayoutVersionManager.java:init(79)) - Initializing Layout version manager with metadata layout = SCM_HA (version = 2), software layout = SCM_HA (version = 2)
2022-02-16 01:42:24,181 [Listener at 127.0.0.1/33913] INFO  reflections.Reflections (Reflections.java:scan(232)) - Reflections took 36 ms to scan 7 urls, producing 119 keys and 279 values 
2022-02-16 01:42:24,183 [Listener at 127.0.0.1/33913] INFO  statemachine.DatanodeStateMachine (DatanodeStateMachine.java:getEndPointTaskThreadPoolSize(222)) - Datanode State Machine Task Thread Pool size 2
2022-02-16 01:42:24,187 [Listener at 127.0.0.1/33913] INFO  volume.HddsVolume (HddsVolume.java:<init>(120)) - Creating HddsVolume: /home/runner/work/ozone/ozone/hadoop-ozone/integration-test/target/test-dir/MiniOzoneClusterImpl-c31dc292-76fe-4ff2-ba7c-3deb75f75441/datanode-7/data-0/containers/hdds of storage type : DISK capacity : 9223372036854775807
2022-02-16 01:42:24,187 [Listener at 127.0.0.1/33913] INFO  volume.MutableVolumeSet (MutableVolumeSet.java:initializeVolumeSet(168)) - Added Volume : /home/runner/work/ozone/ozone/hadoop-ozone/integration-test/target/test-dir/MiniOzoneClusterImpl-c31dc292-76fe-4ff2-ba7c-3deb75f75441/datanode-7/data-0/containers/hdds to VolumeSet
2022-02-16 01:42:24,187 [Listener at 127.0.0.1/33913] INFO  volume.ThrottledAsyncChecker (ThrottledAsyncChecker.java:schedule(141)) - Scheduling a check for /home/runner/work/ozone/ozone/hadoop-ozone/integration-test/target/test-dir/MiniOzoneClusterImpl-c31dc292-76fe-4ff2-ba7c-3deb75f75441/datanode-7/data-0/containers/hdds
2022-02-16 01:42:24,188 [Listener at 127.0.0.1/33913] INFO  volume.StorageVolumeChecker (StorageVolumeChecker.java:checkAllVolumes(202)) - Scheduled health check for volume /home/runner/work/ozone/ozone/hadoop-ozone/integration-test/target/test-dir/MiniOzoneClusterImpl-c31dc292-76fe-4ff2-ba7c-3deb75f75441/datanode-7/data-0/containers/hdds
2022-02-16 01:42:24,199 [Listener at 127.0.0.1/33913] INFO  volume.MutableVolumeSet (MutableVolumeSet.java:initializeVolumeSet(168)) - Added Volume : /home/runner/work/ozone/ozone/hadoop-ozone/integration-test/target/test-dir/MiniOzoneClusterImpl-c31dc292-76fe-4ff2-ba7c-3deb75f75441/datanode-7/data/ratis to VolumeSet
2022-02-16 01:42:24,199 [Listener at 127.0.0.1/33913] INFO  volume.ThrottledAsyncChecker (ThrottledAsyncChecker.java:schedule(141)) - Scheduling a check for /home/runner/work/ozone/ozone/hadoop-ozone/integration-test/target/test-dir/MiniOzoneClusterImpl-c31dc292-76fe-4ff2-ba7c-3deb75f75441/datanode-7/data/ratis
2022-02-16 01:42:24,199 [Listener at 127.0.0.1/33913] INFO  volume.StorageVolumeChecker (StorageVolumeChecker.java:checkAllVolumes(202)) - Scheduled health check for volume /home/runner/work/ozone/ozone/hadoop-ozone/integration-test/target/test-dir/MiniOzoneClusterImpl-c31dc292-76fe-4ff2-ba7c-3deb75f75441/datanode-7/data/ratis
2022-02-16 01:42:24,214 [Thread-225] INFO  ozoneimpl.ContainerReader (ContainerReader.java:readVolume(172)) - Finish verifying containers on volume /home/runner/work/ozone/ozone/hadoop-ozone/integration-test/target/test-dir/MiniOzoneClusterImpl-c31dc292-76fe-4ff2-ba7c-3deb75f75441/datanode-7/data-0/containers/hdds
2022-02-16 01:42:24,214 [Listener at 127.0.0.1/33913] INFO  ozoneimpl.OzoneContainer (OzoneContainer.java:buildContainerSet(237)) - Build ContainerSet costs 0s
2022-02-16 01:42:24,216 [Listener at 127.0.0.1/33913] INFO  server.RaftServer (ConfUtils.java:logGet(44)) - raft.rpc.type = GRPC (default)
2022-02-16 01:42:24,217 [Listener at 127.0.0.1/33913] INFO  grpc.GrpcFactory (GrpcFactory.java:checkPooledByteBufAllocatorUseCacheForAllThreads(48)) - PERFORMANCE WARNING: useCacheForAllThreads is true that may cause Netty to create a lot garbage objects and, as a result, trigger GC.
	It is recommended to disable useCacheForAllThreads by setting -Dorg.apache.ratis.thirdparty.io.netty.allocator.useCacheForAllThreads=false in command line.
2022-02-16 01:42:24,217 [Listener at 127.0.0.1/33913] INFO  grpc.GrpcConfigKeys (ConfUtils.java:logGet(44)) - raft.grpc.admin.port = 0 (custom)
2022-02-16 01:42:24,217 [Listener at 127.0.0.1/33913] INFO  grpc.GrpcConfigKeys (ConfUtils.java:logGet(44)) - raft.grpc.client.port = 0 (custom)
2022-02-16 01:42:24,217 [Listener at 127.0.0.1/33913] INFO  grpc.GrpcConfigKeys (ConfUtils.java:logGet(44)) - raft.grpc.server.port = 0 (default)
2022-02-16 01:42:24,217 [Listener at 127.0.0.1/33913] INFO  server.GrpcService (ConfUtils.java:logGet(44)) - raft.grpc.message.size.max = 32MB (=33554432) (custom)
2022-02-16 01:42:24,217 [Listener at 127.0.0.1/33913] INFO  server.RaftServerConfigKeys (ConfUtils.java:logGet(44)) - raft.server.log.appender.buffer.byte-limit = 33554432 (custom)
2022-02-16 01:42:24,217 [Listener at 127.0.0.1/33913] INFO  server.GrpcService (ConfUtils.java:logGet(44)) - raft.grpc.flow.control.window = 5MB (=5242880) (custom)
2022-02-16 01:42:24,217 [Listener at 127.0.0.1/33913] INFO  server.RaftServerConfigKeys (ConfUtils.java:logGet(44)) - raft.server.rpc.request.timeout = 3000ms (default)
2022-02-16 01:42:24,218 [Listener at 127.0.0.1/33913] INFO  impl.DataStreamServerImpl (ConfUtils.java:logGet(44)) - raft.datastream.type = DISABLED (default)
2022-02-16 01:42:24,219 [Listener at 127.0.0.1/33913] INFO  server.RaftServerConfigKeys (ConfUtils.java:logGet(44)) - raft.server.rpc.slowness.timeout = 300000ms (custom)
2022-02-16 01:42:24,219 [Listener at 127.0.0.1/33913] INFO  server.RaftServerConfigKeys (ConfUtils.java:logGet(44)) - raft.server.leaderelection.leader.step-down.wait-time = 10s (default)
2022-02-16 01:42:24,219 [Listener at 127.0.0.1/33913] INFO  server.RaftServerConfigKeys (ConfUtils.java:logGet(44)) - raft.server.storage.dir = [/home/runner/work/ozone/ozone/hadoop-ozone/integration-test/target/test-dir/MiniOzoneClusterImpl-c31dc292-76fe-4ff2-ba7c-3deb75f75441/datanode-7/data/ratis] (custom)
2022-02-16 01:42:24,220 [Listener at 127.0.0.1/33913] INFO  server.XceiverServerGrpc (XceiverServerGrpc.java:<init>(132)) - GrpcServer channel type EpollServerSocketChannel
2022-02-16 01:42:24,223 [Listener at 127.0.0.1/33913] INFO  http.BaseHttpServer (BaseHttpServer.java:newHttpServer2BuilderForOzone(209)) - Starting Web-server for hddsDatanode at: http://0.0.0.0:0
2022-02-16 01:42:24,223 [Listener at 127.0.0.1/33913] INFO  http.BaseHttpServer (BaseHttpServer.java:<init>(107)) - Hadoop Security Enabled: false Ozone Security Enabled: false Ozone HTTP Security Enabled: false 
2022-02-16 01:42:24,224 [Listener at 127.0.0.1/33913] INFO  server.AuthenticationFilter (AuthenticationFilter.java:constructSecretProvider(240)) - Unable to initialize FileSignerSecretProvider, falling back to use random secrets.
2022-02-16 01:42:24,225 [Listener at 127.0.0.1/33913] WARN  http.HttpRequestLog (HttpRequestLog.java:getRequestLog(103)) - Jetty request log can only be enabled using Log4j
2022-02-16 01:42:24,226 [Listener at 127.0.0.1/33913] INFO  http.HttpServer2 (HttpServer2.java:addGlobalFilter(1030)) - Added global filter 'safety' (class=org.apache.hadoop.hdds.server.http.HttpServer2$QuotingInputFilter)
2022-02-16 01:42:24,226 [Listener at 127.0.0.1/33913] INFO  http.HttpServer2 (HttpServer2.java:addFilter(1006)) - Added filter static_user_filter (class=org.apache.hadoop.http.lib.StaticUserWebFilter$StaticUserFilter) to context hddsDatanode
2022-02-16 01:42:24,226 [Listener at 127.0.0.1/33913] INFO  http.HttpServer2 (HttpServer2.java:addFilter(1014)) - Added filter static_user_filter (class=org.apache.hadoop.http.lib.StaticUserWebFilter$StaticUserFilter) to context static
2022-02-16 01:42:24,227 [Listener at 127.0.0.1/33913] INFO  http.HttpServer2 (HttpServer2.java:addFilter(1014)) - Added filter static_user_filter (class=org.apache.hadoop.http.lib.StaticUserWebFilter$StaticUserFilter) to context logs
2022-02-16 01:42:24,227 [Listener at 127.0.0.1/33913] INFO  http.HttpServer2 (HttpServer2.java:bindListener(1249)) - Jetty bound to port 42135
2022-02-16 01:42:24,227 [Listener at 127.0.0.1/33913] INFO  server.Server (Server.java:doStart(375)) - jetty-9.4.43.v20210629; built: 2021-06-30T11:07:22.254Z; git: 526006ecfa3af7f1a27ef3a288e2bef7ea9dd7e8; jvm 1.8.0_312-b07
2022-02-16 01:42:24,228 [Listener at 127.0.0.1/33913] INFO  server.session (DefaultSessionIdManager.java:doStart(334)) - DefaultSessionIdManager workerName=node0
2022-02-16 01:42:24,228 [Listener at 127.0.0.1/33913] INFO  server.session (DefaultSessionIdManager.java:doStart(339)) - No SessionScavenger set, using defaults
2022-02-16 01:42:24,229 [Listener at 127.0.0.1/33913] INFO  server.session (HouseKeeper.java:startScavenging(132)) - node0 Scavenging every 600000ms
2022-02-16 01:42:24,229 [Listener at 127.0.0.1/33913] INFO  handler.ContextHandler (ContextHandler.java:doStart(915)) - Started o.e.j.s.ServletContextHandler@1ccacb0c{logs,/logs,file:///home/runner/work/ozone/ozone/hadoop-ozone/integration-test/target/log,AVAILABLE}
2022-02-16 01:42:24,230 [Listener at 127.0.0.1/33913] INFO  handler.ContextHandler (ContextHandler.java:doStart(915)) - Started o.e.j.s.ServletContextHandler@763a602{static,/static,jar:file:/home/runner/.m2/repository/org/apache/ozone/hdds-container-service/1.3.0-SNAPSHOT/hdds-container-service-1.3.0-SNAPSHOT.jar!/webapps/static,AVAILABLE}
2022-02-16 01:42:24,269 [Listener at 127.0.0.1/33913] INFO  handler.ContextHandler (ContextHandler.java:doStart(915)) - Started o.e.j.w.WebAppContext@69bd4edb{hddsDatanode,/,file:///tmp/jetty-0_0_0_0-42135-hdds-container-service-1_3_0-SNAPSHOT_jar-_-any-142654308192007101/webapp/,AVAILABLE}{jar:file:/home/runner/.m2/repository/org/apache/ozone/hdds-container-service/1.3.0-SNAPSHOT/hdds-container-service-1.3.0-SNAPSHOT.jar!/webapps/hddsDatanode}
2022-02-16 01:42:24,270 [Listener at 127.0.0.1/33913] INFO  server.AbstractConnector (AbstractConnector.java:doStart(331)) - Started ServerConnector@15a09ddc{HTTP/1.1, (http/1.1)}{0.0.0.0:42135}
2022-02-16 01:42:24,270 [Listener at 127.0.0.1/33913] INFO  server.Server (Server.java:doStart(415)) - Started @17792ms
2022-02-16 01:42:24,270 [Listener at 127.0.0.1/33913] WARN  impl.MetricsSystemImpl (MetricsSystemImpl.java:register(279)) - Sink prometheus already exists!
2022-02-16 01:42:24,271 [Listener at 127.0.0.1/33913] INFO  http.BaseHttpServer (BaseHttpServer.java:updateConnectorAddress(329)) - HTTP server of hddsDatanode listening at http://0.0.0.0:42135
2022-02-16 01:42:24,274 [Datanode State Machine Daemon Thread] INFO  statemachine.DatanodeStateMachine (DatanodeStateMachine.java:lambda$startDaemon$0(470)) - Ozone container server started.
2022-02-16 01:42:24,280 [Listener at 127.0.0.1/33913] WARN  impl.MetricRegistriesImpl (MetricRegistriesImpl.java:addReporterRegistration(111)) - New reporters are added after registries were created. Some metrics will be missing from the reporter. Please add reporter before adding any new registry.
2022-02-16 01:42:24,280 [Listener at 127.0.0.1/33913] WARN  impl.MetricRegistriesImpl (MetricRegistriesImpl.java:addReporterRegistration(111)) - New reporters are added after registries were created. Some metrics will be missing from the reporter. Please add reporter before adding any new registry.
2022-02-16 01:42:24,280 [Listener at 127.0.0.1/33913] INFO  impl.MetricsSystemImpl (MetricsSystemImpl.java:init(158)) - HddsDatanode metrics system started (again)
2022-02-16 01:42:24,291 [Listener at 127.0.0.1/33913] INFO  ozone.HddsDatanodeService (HddsDatanodeService.java:start(233)) - HddsDatanodeService host:fv-az184-768.3ow45vhwbzuu5incsxmygykede.cx.internal.cloudapp.net ip:10.1.0.46
2022-02-16 01:42:24,310 [org.apache.hadoop.util.JvmPauseMonitor$Monitor@1466880c] INFO  util.JvmPauseMonitor (JvmPauseMonitor.java:run(188)) - Starting JVM pause monitor
2022-02-16 01:42:24,310 [Listener at 127.0.0.1/33913] INFO  upgrade.AbstractLayoutVersionManager (AbstractLayoutVersionManager.java:init(79)) - Initializing Layout version manager with metadata layout = SCM_HA (version = 2), software layout = SCM_HA (version = 2)
2022-02-16 01:42:24,330 [Datanode State Machine Task Thread - 0] INFO  datanode.InitDatanodeState (InitDatanodeState.java:persistContainerDatanodeDetails(138)) - DatanodeDetails is persisted to /home/runner/work/ozone/ozone/hadoop-ozone/integration-test/target/test-dir/MiniOzoneClusterImpl-c31dc292-76fe-4ff2-ba7c-3deb75f75441/datanode-7/meta/datanode.id
2022-02-16 01:42:24,360 [Listener at 127.0.0.1/33913] INFO  reflections.Reflections (Reflections.java:scan(232)) - Reflections took 44 ms to scan 7 urls, producing 119 keys and 279 values 
2022-02-16 01:42:24,361 [Listener at 127.0.0.1/33913] INFO  statemachine.DatanodeStateMachine (DatanodeStateMachine.java:getEndPointTaskThreadPoolSize(222)) - Datanode State Machine Task Thread Pool size 2
2022-02-16 01:42:24,363 [Listener at 127.0.0.1/33913] INFO  volume.HddsVolume (HddsVolume.java:<init>(120)) - Creating HddsVolume: /home/runner/work/ozone/ozone/hadoop-ozone/integration-test/target/test-dir/MiniOzoneClusterImpl-c31dc292-76fe-4ff2-ba7c-3deb75f75441/datanode-8/data-0/containers/hdds of storage type : DISK capacity : 9223372036854775807
2022-02-16 01:42:24,363 [Listener at 127.0.0.1/33913] INFO  volume.MutableVolumeSet (MutableVolumeSet.java:initializeVolumeSet(168)) - Added Volume : /home/runner/work/ozone/ozone/hadoop-ozone/integration-test/target/test-dir/MiniOzoneClusterImpl-c31dc292-76fe-4ff2-ba7c-3deb75f75441/datanode-8/data-0/containers/hdds to VolumeSet
2022-02-16 01:42:24,363 [Listener at 127.0.0.1/33913] INFO  volume.ThrottledAsyncChecker (ThrottledAsyncChecker.java:schedule(141)) - Scheduling a check for /home/runner/work/ozone/ozone/hadoop-ozone/integration-test/target/test-dir/MiniOzoneClusterImpl-c31dc292-76fe-4ff2-ba7c-3deb75f75441/datanode-8/data-0/containers/hdds
2022-02-16 01:42:24,365 [Listener at 127.0.0.1/33913] INFO  volume.StorageVolumeChecker (StorageVolumeChecker.java:checkAllVolumes(202)) - Scheduled health check for volume /home/runner/work/ozone/ozone/hadoop-ozone/integration-test/target/test-dir/MiniOzoneClusterImpl-c31dc292-76fe-4ff2-ba7c-3deb75f75441/datanode-8/data-0/containers/hdds
2022-02-16 01:42:24,376 [Listener at 127.0.0.1/33913] INFO  volume.MutableVolumeSet (MutableVolumeSet.java:initializeVolumeSet(168)) - Added Volume : /home/runner/work/ozone/ozone/hadoop-ozone/integration-test/target/test-dir/MiniOzoneClusterImpl-c31dc292-76fe-4ff2-ba7c-3deb75f75441/datanode-8/data/ratis to VolumeSet
2022-02-16 01:42:24,376 [Listener at 127.0.0.1/33913] INFO  volume.ThrottledAsyncChecker (ThrottledAsyncChecker.java:schedule(141)) - Scheduling a check for /home/runner/work/ozone/ozone/hadoop-ozone/integration-test/target/test-dir/MiniOzoneClusterImpl-c31dc292-76fe-4ff2-ba7c-3deb75f75441/datanode-8/data/ratis
2022-02-16 01:42:24,376 [Listener at 127.0.0.1/33913] INFO  volume.StorageVolumeChecker (StorageVolumeChecker.java:checkAllVolumes(202)) - Scheduled health check for volume /home/runner/work/ozone/ozone/hadoop-ozone/integration-test/target/test-dir/MiniOzoneClusterImpl-c31dc292-76fe-4ff2-ba7c-3deb75f75441/datanode-8/data/ratis
2022-02-16 01:42:24,386 [Thread-237] INFO  ozoneimpl.ContainerReader (ContainerReader.java:readVolume(172)) - Finish verifying containers on volume /home/runner/work/ozone/ozone/hadoop-ozone/integration-test/target/test-dir/MiniOzoneClusterImpl-c31dc292-76fe-4ff2-ba7c-3deb75f75441/datanode-8/data-0/containers/hdds
2022-02-16 01:42:24,386 [Listener at 127.0.0.1/33913] INFO  ozoneimpl.OzoneContainer (OzoneContainer.java:buildContainerSet(237)) - Build ContainerSet costs 0s
2022-02-16 01:42:24,389 [Listener at 127.0.0.1/33913] INFO  server.RaftServer (ConfUtils.java:logGet(44)) - raft.rpc.type = GRPC (default)
2022-02-16 01:42:24,389 [Listener at 127.0.0.1/33913] INFO  grpc.GrpcFactory (GrpcFactory.java:checkPooledByteBufAllocatorUseCacheForAllThreads(48)) - PERFORMANCE WARNING: useCacheForAllThreads is true that may cause Netty to create a lot garbage objects and, as a result, trigger GC.
	It is recommended to disable useCacheForAllThreads by setting -Dorg.apache.ratis.thirdparty.io.netty.allocator.useCacheForAllThreads=false in command line.
2022-02-16 01:42:24,389 [Listener at 127.0.0.1/33913] INFO  grpc.GrpcConfigKeys (ConfUtils.java:logGet(44)) - raft.grpc.admin.port = 0 (custom)
2022-02-16 01:42:24,389 [Listener at 127.0.0.1/33913] INFO  grpc.GrpcConfigKeys (ConfUtils.java:logGet(44)) - raft.grpc.client.port = 0 (custom)
2022-02-16 01:42:24,389 [Listener at 127.0.0.1/33913] INFO  grpc.GrpcConfigKeys (ConfUtils.java:logGet(44)) - raft.grpc.server.port = 0 (default)
2022-02-16 01:42:24,389 [Listener at 127.0.0.1/33913] INFO  server.GrpcService (ConfUtils.java:logGet(44)) - raft.grpc.message.size.max = 32MB (=33554432) (custom)
2022-02-16 01:42:24,389 [Listener at 127.0.0.1/33913] INFO  server.RaftServerConfigKeys (ConfUtils.java:logGet(44)) - raft.server.log.appender.buffer.byte-limit = 33554432 (custom)
2022-02-16 01:42:24,390 [Listener at 127.0.0.1/33913] INFO  server.GrpcService (ConfUtils.java:logGet(44)) - raft.grpc.flow.control.window = 5MB (=5242880) (custom)
2022-02-16 01:42:24,390 [Listener at 127.0.0.1/33913] INFO  server.RaftServerConfigKeys (ConfUtils.java:logGet(44)) - raft.server.rpc.request.timeout = 3000ms (default)
2022-02-16 01:42:24,391 [Listener at 127.0.0.1/33913] INFO  impl.DataStreamServerImpl (ConfUtils.java:logGet(44)) - raft.datastream.type = DISABLED (default)
2022-02-16 01:42:24,391 [Listener at 127.0.0.1/33913] INFO  server.RaftServerConfigKeys (ConfUtils.java:logGet(44)) - raft.server.rpc.slowness.timeout = 300000ms (custom)
2022-02-16 01:42:24,391 [Listener at 127.0.0.1/33913] INFO  server.RaftServerConfigKeys (ConfUtils.java:logGet(44)) - raft.server.leaderelection.leader.step-down.wait-time = 10s (default)
2022-02-16 01:42:24,391 [Listener at 127.0.0.1/33913] INFO  server.RaftServerConfigKeys (ConfUtils.java:logGet(44)) - raft.server.storage.dir = [/home/runner/work/ozone/ozone/hadoop-ozone/integration-test/target/test-dir/MiniOzoneClusterImpl-c31dc292-76fe-4ff2-ba7c-3deb75f75441/datanode-8/data/ratis] (custom)
2022-02-16 01:42:24,392 [Listener at 127.0.0.1/33913] INFO  server.XceiverServerGrpc (XceiverServerGrpc.java:<init>(132)) - GrpcServer channel type EpollServerSocketChannel
2022-02-16 01:42:24,395 [Listener at 127.0.0.1/33913] INFO  http.BaseHttpServer (BaseHttpServer.java:newHttpServer2BuilderForOzone(209)) - Starting Web-server for hddsDatanode at: http://0.0.0.0:0
2022-02-16 01:42:24,395 [Listener at 127.0.0.1/33913] INFO  http.BaseHttpServer (BaseHttpServer.java:<init>(107)) - Hadoop Security Enabled: false Ozone Security Enabled: false Ozone HTTP Security Enabled: false 
2022-02-16 01:42:24,396 [Listener at 127.0.0.1/33913] INFO  server.AuthenticationFilter (AuthenticationFilter.java:constructSecretProvider(240)) - Unable to initialize FileSignerSecretProvider, falling back to use random secrets.
2022-02-16 01:42:24,396 [Listener at 127.0.0.1/33913] WARN  http.HttpRequestLog (HttpRequestLog.java:getRequestLog(103)) - Jetty request log can only be enabled using Log4j
2022-02-16 01:42:24,397 [Listener at 127.0.0.1/33913] INFO  http.HttpServer2 (HttpServer2.java:addGlobalFilter(1030)) - Added global filter 'safety' (class=org.apache.hadoop.hdds.server.http.HttpServer2$QuotingInputFilter)
2022-02-16 01:42:24,398 [Listener at 127.0.0.1/33913] INFO  http.HttpServer2 (HttpServer2.java:addFilter(1006)) - Added filter static_user_filter (class=org.apache.hadoop.http.lib.StaticUserWebFilter$StaticUserFilter) to context hddsDatanode
2022-02-16 01:42:24,398 [Listener at 127.0.0.1/33913] INFO  http.HttpServer2 (HttpServer2.java:addFilter(1014)) - Added filter static_user_filter (class=org.apache.hadoop.http.lib.StaticUserWebFilter$StaticUserFilter) to context static
2022-02-16 01:42:24,398 [Listener at 127.0.0.1/33913] INFO  http.HttpServer2 (HttpServer2.java:addFilter(1014)) - Added filter static_user_filter (class=org.apache.hadoop.http.lib.StaticUserWebFilter$StaticUserFilter) to context logs
2022-02-16 01:42:24,399 [Listener at 127.0.0.1/33913] INFO  http.HttpServer2 (HttpServer2.java:bindListener(1249)) - Jetty bound to port 39177
2022-02-16 01:42:24,399 [Listener at 127.0.0.1/33913] INFO  server.Server (Server.java:doStart(375)) - jetty-9.4.43.v20210629; built: 2021-06-30T11:07:22.254Z; git: 526006ecfa3af7f1a27ef3a288e2bef7ea9dd7e8; jvm 1.8.0_312-b07
2022-02-16 01:42:24,400 [Listener at 127.0.0.1/33913] INFO  server.session (DefaultSessionIdManager.java:doStart(334)) - DefaultSessionIdManager workerName=node0
2022-02-16 01:42:24,400 [Listener at 127.0.0.1/33913] INFO  server.session (DefaultSessionIdManager.java:doStart(339)) - No SessionScavenger set, using defaults
2022-02-16 01:42:24,400 [Listener at 127.0.0.1/33913] INFO  server.session (HouseKeeper.java:startScavenging(132)) - node0 Scavenging every 660000ms
2022-02-16 01:42:24,401 [Listener at 127.0.0.1/33913] INFO  handler.ContextHandler (ContextHandler.java:doStart(915)) - Started o.e.j.s.ServletContextHandler@2c892155{logs,/logs,file:///home/runner/work/ozone/ozone/hadoop-ozone/integration-test/target/log,AVAILABLE}
2022-02-16 01:42:24,401 [Listener at 127.0.0.1/33913] INFO  handler.ContextHandler (ContextHandler.java:doStart(915)) - Started o.e.j.s.ServletContextHandler@5275b8c2{static,/static,jar:file:/home/runner/.m2/repository/org/apache/ozone/hdds-container-service/1.3.0-SNAPSHOT/hdds-container-service-1.3.0-SNAPSHOT.jar!/webapps/static,AVAILABLE}
2022-02-16 01:42:24,440 [Listener at 127.0.0.1/33913] INFO  handler.ContextHandler (ContextHandler.java:doStart(915)) - Started o.e.j.w.WebAppContext@7f9c249c{hddsDatanode,/,file:///tmp/jetty-0_0_0_0-39177-hdds-container-service-1_3_0-SNAPSHOT_jar-_-any-4834601222053401108/webapp/,AVAILABLE}{jar:file:/home/runner/.m2/repository/org/apache/ozone/hdds-container-service/1.3.0-SNAPSHOT/hdds-container-service-1.3.0-SNAPSHOT.jar!/webapps/hddsDatanode}
2022-02-16 01:42:24,442 [Listener at 127.0.0.1/33913] INFO  server.AbstractConnector (AbstractConnector.java:doStart(331)) - Started ServerConnector@6014a1f5{HTTP/1.1, (http/1.1)}{0.0.0.0:39177}
2022-02-16 01:42:24,443 [Listener at 127.0.0.1/33913] INFO  server.Server (Server.java:doStart(415)) - Started @17964ms
2022-02-16 01:42:24,443 [Listener at 127.0.0.1/33913] WARN  impl.MetricsSystemImpl (MetricsSystemImpl.java:register(279)) - Sink prometheus already exists!
2022-02-16 01:42:24,443 [Listener at 127.0.0.1/33913] INFO  http.BaseHttpServer (BaseHttpServer.java:updateConnectorAddress(329)) - HTTP server of hddsDatanode listening at http://0.0.0.0:39177
2022-02-16 01:42:24,445 [Listener at 127.0.0.1/33913] INFO  ozone.MiniOzoneClusterImpl (MiniOzoneClusterImpl.java:lambda$waitForClusterToBeReady$0(219)) - Waiting for nodes to be ready. Got 0 of 9 DN Heartbeats.
2022-02-16 01:42:24,445 [Listener at 127.0.0.1/33913] INFO  ozone.MiniOzoneClusterImpl (MiniOzoneClusterImpl.java:lambda$waitForClusterToBeReady$0(222)) - Waiting for cluster to exit safe mode
2022-02-16 01:42:24,445 [Listener at 127.0.0.1/33913] INFO  ozone.MiniOzoneClusterImpl (MiniOzoneClusterImpl.java:lambda$waitForClusterToBeReady$0(224)) - SCM became leader
2022-02-16 01:42:24,446 [Datanode State Machine Daemon Thread] INFO  statemachine.DatanodeStateMachine (DatanodeStateMachine.java:lambda$startDaemon$0(470)) - Ozone container server started.
2022-02-16 01:42:24,450 [org.apache.hadoop.util.JvmPauseMonitor$Monitor@2347b1bd] INFO  util.JvmPauseMonitor (JvmPauseMonitor.java:run(188)) - Starting JVM pause monitor
2022-02-16 01:42:24,451 [Datanode State Machine Task Thread - 0] INFO  datanode.InitDatanodeState (InitDatanodeState.java:persistContainerDatanodeDetails(138)) - DatanodeDetails is persisted to /home/runner/work/ozone/ozone/hadoop-ozone/integration-test/target/test-dir/MiniOzoneClusterImpl-c31dc292-76fe-4ff2-ba7c-3deb75f75441/datanode-8/meta/datanode.id
2022-02-16 01:42:24,895 [EndpointStateMachine task thread for /0.0.0.0:43911 - 0 ] INFO  ozoneimpl.OzoneContainer (OzoneContainer.java:start(315)) - Attempting to start container services.
2022-02-16 01:42:24,897 [EndpointStateMachine task thread for /0.0.0.0:43911 - 0 ] INFO  ozoneimpl.OzoneContainer (OzoneContainer.java:startContainerScrub(250)) - Background container scanner has been disabled.
2022-02-16 01:42:24,899 [EndpointStateMachine task thread for /0.0.0.0:43911 - 0 ] INFO  replication.ReplicationServer (ReplicationServer.java:start(111)) - ReplicationServer is started using port 33779
2022-02-16 01:42:24,901 [EndpointStateMachine task thread for /0.0.0.0:43911 - 0 ] INFO  ratis.XceiverServerRatis (XceiverServerRatis.java:start(485)) - Starting XceiverServerRatis 2f6f166e-3639-444f-87d9-77f80c10b379
2022-02-16 01:42:24,906 [EndpointStateMachine task thread for /0.0.0.0:43911 - 0 ] INFO  server.RaftServer (RaftServerProxy.java:lambda$start$5(374)) - 2f6f166e-3639-444f-87d9-77f80c10b379: start RPC server
2022-02-16 01:42:24,913 [EndpointStateMachine task thread for /0.0.0.0:43911 - 0 ] INFO  server.GrpcService (GrpcService.java:startImpl(253)) - 2f6f166e-3639-444f-87d9-77f80c10b379: GrpcService started, listening on 41167
2022-02-16 01:42:24,917 [EndpointStateMachine task thread for /0.0.0.0:43911 - 0 ] INFO  ratis.XceiverServerRatis (XceiverServerRatis.java:getRealPort(506)) - XceiverServerRatis 2f6f166e-3639-444f-87d9-77f80c10b379 is started using port 41167 for RATIS
2022-02-16 01:42:24,917 [EndpointStateMachine task thread for /0.0.0.0:43911 - 0 ] INFO  ratis.XceiverServerRatis (XceiverServerRatis.java:getRealPort(506)) - XceiverServerRatis 2f6f166e-3639-444f-87d9-77f80c10b379 is started using port 41167 for RATIS_ADMIN
2022-02-16 01:42:24,917 [EndpointStateMachine task thread for /0.0.0.0:43911 - 0 ] INFO  ratis.XceiverServerRatis (XceiverServerRatis.java:getRealPort(506)) - XceiverServerRatis 2f6f166e-3639-444f-87d9-77f80c10b379 is started using port 41167 for RATIS_SERVER
2022-02-16 01:42:24,917 [org.apache.ratis.util.JvmPauseMonitor$$Lambda$431/1906549136@63181e30] INFO  util.JvmPauseMonitor (JvmPauseMonitor.java:run(103)) - JvmPauseMonitor-2f6f166e-3639-444f-87d9-77f80c10b379: Started
2022-02-16 01:42:24,918 [EndpointStateMachine task thread for /0.0.0.0:43911 - 0 ] INFO  server.XceiverServerGrpc (XceiverServerGrpc.java:start(180)) - XceiverServerGrpc 2f6f166e-3639-444f-87d9-77f80c10b379 is started using port 33451
2022-02-16 01:42:25,112 [EndpointStateMachine task thread for /0.0.0.0:43911 - 0 ] INFO  ozoneimpl.OzoneContainer (OzoneContainer.java:start(315)) - Attempting to start container services.
2022-02-16 01:42:25,112 [EndpointStateMachine task thread for /0.0.0.0:43911 - 0 ] INFO  ozoneimpl.OzoneContainer (OzoneContainer.java:startContainerScrub(250)) - Background container scanner has been disabled.
2022-02-16 01:42:25,114 [EndpointStateMachine task thread for /0.0.0.0:43911 - 0 ] INFO  replication.ReplicationServer (ReplicationServer.java:start(111)) - ReplicationServer is started using port 42017
2022-02-16 01:42:25,114 [EndpointStateMachine task thread for /0.0.0.0:43911 - 0 ] INFO  ratis.XceiverServerRatis (XceiverServerRatis.java:start(485)) - Starting XceiverServerRatis 7f4e46f4-a6a5-4e91-9d7c-c7c9d4b9ec17
2022-02-16 01:42:25,116 [EndpointStateMachine task thread for /0.0.0.0:43911 - 0 ] INFO  server.RaftServer (RaftServerProxy.java:lambda$start$5(374)) - 7f4e46f4-a6a5-4e91-9d7c-c7c9d4b9ec17: start RPC server
2022-02-16 01:42:25,117 [EndpointStateMachine task thread for /0.0.0.0:43911 - 0 ] INFO  server.GrpcService (GrpcService.java:startImpl(253)) - 7f4e46f4-a6a5-4e91-9d7c-c7c9d4b9ec17: GrpcService started, listening on 38997
2022-02-16 01:42:25,117 [EndpointStateMachine task thread for /0.0.0.0:43911 - 0 ] INFO  ratis.XceiverServerRatis (XceiverServerRatis.java:getRealPort(506)) - XceiverServerRatis 7f4e46f4-a6a5-4e91-9d7c-c7c9d4b9ec17 is started using port 38997 for RATIS
2022-02-16 01:42:25,118 [EndpointStateMachine task thread for /0.0.0.0:43911 - 0 ] INFO  ratis.XceiverServerRatis (XceiverServerRatis.java:getRealPort(506)) - XceiverServerRatis 7f4e46f4-a6a5-4e91-9d7c-c7c9d4b9ec17 is started using port 38997 for RATIS_ADMIN
2022-02-16 01:42:25,118 [EndpointStateMachine task thread for /0.0.0.0:43911 - 0 ] INFO  ratis.XceiverServerRatis (XceiverServerRatis.java:getRealPort(506)) - XceiverServerRatis 7f4e46f4-a6a5-4e91-9d7c-c7c9d4b9ec17 is started using port 38997 for RATIS_SERVER
2022-02-16 01:42:25,118 [org.apache.ratis.util.JvmPauseMonitor$$Lambda$431/1906549136@7c45600a] INFO  util.JvmPauseMonitor (JvmPauseMonitor.java:run(103)) - JvmPauseMonitor-7f4e46f4-a6a5-4e91-9d7c-c7c9d4b9ec17: Started
2022-02-16 01:42:25,119 [EndpointStateMachine task thread for /0.0.0.0:43911 - 0 ] INFO  server.XceiverServerGrpc (XceiverServerGrpc.java:start(180)) - XceiverServerGrpc 7f4e46f4-a6a5-4e91-9d7c-c7c9d4b9ec17 is started using port 39207
2022-02-16 01:42:25,335 [EndpointStateMachine task thread for /0.0.0.0:43911 - 0 ] INFO  ozoneimpl.OzoneContainer (OzoneContainer.java:start(315)) - Attempting to start container services.
2022-02-16 01:42:25,335 [EndpointStateMachine task thread for /0.0.0.0:43911 - 0 ] INFO  ozoneimpl.OzoneContainer (OzoneContainer.java:startContainerScrub(250)) - Background container scanner has been disabled.
2022-02-16 01:42:25,337 [EndpointStateMachine task thread for /0.0.0.0:43911 - 0 ] INFO  replication.ReplicationServer (ReplicationServer.java:start(111)) - ReplicationServer is started using port 36147
2022-02-16 01:42:25,338 [EndpointStateMachine task thread for /0.0.0.0:43911 - 0 ] INFO  ratis.XceiverServerRatis (XceiverServerRatis.java:start(485)) - Starting XceiverServerRatis b5efad6c-21e2-4d99-b376-b80a2810f054
2022-02-16 01:42:25,343 [EndpointStateMachine task thread for /0.0.0.0:43911 - 0 ] INFO  server.RaftServer (RaftServerProxy.java:lambda$start$5(374)) - b5efad6c-21e2-4d99-b376-b80a2810f054: start RPC server
2022-02-16 01:42:25,344 [EndpointStateMachine task thread for /0.0.0.0:43911 - 0 ] INFO  server.GrpcService (GrpcService.java:startImpl(253)) - b5efad6c-21e2-4d99-b376-b80a2810f054: GrpcService started, listening on 39795
2022-02-16 01:42:25,346 [EndpointStateMachine task thread for /0.0.0.0:43911 - 0 ] INFO  ratis.XceiverServerRatis (XceiverServerRatis.java:getRealPort(506)) - XceiverServerRatis b5efad6c-21e2-4d99-b376-b80a2810f054 is started using port 39795 for RATIS
2022-02-16 01:42:25,346 [EndpointStateMachine task thread for /0.0.0.0:43911 - 0 ] INFO  ratis.XceiverServerRatis (XceiverServerRatis.java:getRealPort(506)) - XceiverServerRatis b5efad6c-21e2-4d99-b376-b80a2810f054 is started using port 39795 for RATIS_ADMIN
2022-02-16 01:42:25,346 [EndpointStateMachine task thread for /0.0.0.0:43911 - 0 ] INFO  ratis.XceiverServerRatis (XceiverServerRatis.java:getRealPort(506)) - XceiverServerRatis b5efad6c-21e2-4d99-b376-b80a2810f054 is started using port 39795 for RATIS_SERVER
2022-02-16 01:42:25,346 [org.apache.ratis.util.JvmPauseMonitor$$Lambda$431/1906549136@23bb88a] INFO  util.JvmPauseMonitor (JvmPauseMonitor.java:run(103)) - JvmPauseMonitor-b5efad6c-21e2-4d99-b376-b80a2810f054: Started
2022-02-16 01:42:25,347 [EndpointStateMachine task thread for /0.0.0.0:43911 - 0 ] INFO  server.XceiverServerGrpc (XceiverServerGrpc.java:start(180)) - XceiverServerGrpc b5efad6c-21e2-4d99-b376-b80a2810f054 is started using port 38231
2022-02-16 01:42:25,446 [Listener at 127.0.0.1/33913] INFO  ozone.MiniOzoneClusterImpl (MiniOzoneClusterImpl.java:lambda$waitForClusterToBeReady$0(219)) - Waiting for nodes to be ready. Got 0 of 9 DN Heartbeats.
2022-02-16 01:42:25,446 [Listener at 127.0.0.1/33913] INFO  ozone.MiniOzoneClusterImpl (MiniOzoneClusterImpl.java:lambda$waitForClusterToBeReady$0(222)) - Waiting for cluster to exit safe mode
2022-02-16 01:42:25,446 [Listener at 127.0.0.1/33913] INFO  ozone.MiniOzoneClusterImpl (MiniOzoneClusterImpl.java:lambda$waitForClusterToBeReady$0(224)) - SCM became leader
2022-02-16 01:42:25,525 [EndpointStateMachine task thread for /0.0.0.0:43911 - 0 ] INFO  ozoneimpl.OzoneContainer (OzoneContainer.java:start(315)) - Attempting to start container services.
2022-02-16 01:42:25,530 [EndpointStateMachine task thread for /0.0.0.0:43911 - 0 ] INFO  ozoneimpl.OzoneContainer (OzoneContainer.java:startContainerScrub(250)) - Background container scanner has been disabled.
2022-02-16 01:42:25,533 [EndpointStateMachine task thread for /0.0.0.0:43911 - 0 ] INFO  replication.ReplicationServer (ReplicationServer.java:start(111)) - ReplicationServer is started using port 43341
2022-02-16 01:42:25,533 [EndpointStateMachine task thread for /0.0.0.0:43911 - 0 ] INFO  ratis.XceiverServerRatis (XceiverServerRatis.java:start(485)) - Starting XceiverServerRatis edcd5571-e430-46af-ba60-7657fe1b1d4c
2022-02-16 01:42:25,542 [EndpointStateMachine task thread for /0.0.0.0:43911 - 0 ] INFO  server.RaftServer (RaftServerProxy.java:lambda$start$5(374)) - edcd5571-e430-46af-ba60-7657fe1b1d4c: start RPC server
2022-02-16 01:42:25,544 [EndpointStateMachine task thread for /0.0.0.0:43911 - 0 ] INFO  server.GrpcService (GrpcService.java:startImpl(253)) - edcd5571-e430-46af-ba60-7657fe1b1d4c: GrpcService started, listening on 34285
2022-02-16 01:42:25,545 [EndpointStateMachine task thread for /0.0.0.0:43911 - 0 ] INFO  ratis.XceiverServerRatis (XceiverServerRatis.java:getRealPort(506)) - XceiverServerRatis edcd5571-e430-46af-ba60-7657fe1b1d4c is started using port 34285 for RATIS
2022-02-16 01:42:25,545 [EndpointStateMachine task thread for /0.0.0.0:43911 - 0 ] INFO  ratis.XceiverServerRatis (XceiverServerRatis.java:getRealPort(506)) - XceiverServerRatis edcd5571-e430-46af-ba60-7657fe1b1d4c is started using port 34285 for RATIS_ADMIN
2022-02-16 01:42:25,545 [EndpointStateMachine task thread for /0.0.0.0:43911 - 0 ] INFO  ratis.XceiverServerRatis (XceiverServerRatis.java:getRealPort(506)) - XceiverServerRatis edcd5571-e430-46af-ba60-7657fe1b1d4c is started using port 34285 for RATIS_SERVER
2022-02-16 01:42:25,545 [org.apache.ratis.util.JvmPauseMonitor$$Lambda$431/1906549136@540d9c1a] INFO  util.JvmPauseMonitor (JvmPauseMonitor.java:run(103)) - JvmPauseMonitor-edcd5571-e430-46af-ba60-7657fe1b1d4c: Started
2022-02-16 01:42:25,547 [EndpointStateMachine task thread for /0.0.0.0:43911 - 0 ] INFO  server.XceiverServerGrpc (XceiverServerGrpc.java:start(180)) - XceiverServerGrpc edcd5571-e430-46af-ba60-7657fe1b1d4c is started using port 39839
2022-02-16 01:42:25,707 [EndpointStateMachine task thread for /0.0.0.0:43911 - 0 ] INFO  ozoneimpl.OzoneContainer (OzoneContainer.java:start(315)) - Attempting to start container services.
2022-02-16 01:42:25,707 [EndpointStateMachine task thread for /0.0.0.0:43911 - 0 ] INFO  ozoneimpl.OzoneContainer (OzoneContainer.java:startContainerScrub(250)) - Background container scanner has been disabled.
2022-02-16 01:42:25,714 [EndpointStateMachine task thread for /0.0.0.0:43911 - 0 ] INFO  replication.ReplicationServer (ReplicationServer.java:start(111)) - ReplicationServer is started using port 43651
2022-02-16 01:42:25,714 [EndpointStateMachine task thread for /0.0.0.0:43911 - 0 ] INFO  ratis.XceiverServerRatis (XceiverServerRatis.java:start(485)) - Starting XceiverServerRatis a565342f-4fee-4f25-a030-3e45d0cf0ab9
2022-02-16 01:42:25,715 [EndpointStateMachine task thread for /0.0.0.0:43911 - 0 ] INFO  server.RaftServer (RaftServerProxy.java:lambda$start$5(374)) - a565342f-4fee-4f25-a030-3e45d0cf0ab9: start RPC server
2022-02-16 01:42:25,719 [EndpointStateMachine task thread for /0.0.0.0:43911 - 0 ] INFO  server.GrpcService (GrpcService.java:startImpl(253)) - a565342f-4fee-4f25-a030-3e45d0cf0ab9: GrpcService started, listening on 45097
2022-02-16 01:42:25,719 [EndpointStateMachine task thread for /0.0.0.0:43911 - 0 ] INFO  ratis.XceiverServerRatis (XceiverServerRatis.java:getRealPort(506)) - XceiverServerRatis a565342f-4fee-4f25-a030-3e45d0cf0ab9 is started using port 45097 for RATIS
2022-02-16 01:42:25,719 [EndpointStateMachine task thread for /0.0.0.0:43911 - 0 ] INFO  ratis.XceiverServerRatis (XceiverServerRatis.java:getRealPort(506)) - XceiverServerRatis a565342f-4fee-4f25-a030-3e45d0cf0ab9 is started using port 45097 for RATIS_ADMIN
2022-02-16 01:42:25,719 [EndpointStateMachine task thread for /0.0.0.0:43911 - 0 ] INFO  ratis.XceiverServerRatis (XceiverServerRatis.java:getRealPort(506)) - XceiverServerRatis a565342f-4fee-4f25-a030-3e45d0cf0ab9 is started using port 45097 for RATIS_SERVER
2022-02-16 01:42:25,720 [org.apache.ratis.util.JvmPauseMonitor$$Lambda$431/1906549136@c604008] INFO  util.JvmPauseMonitor (JvmPauseMonitor.java:run(103)) - JvmPauseMonitor-a565342f-4fee-4f25-a030-3e45d0cf0ab9: Started
2022-02-16 01:42:25,722 [EndpointStateMachine task thread for /0.0.0.0:43911 - 0 ] INFO  server.XceiverServerGrpc (XceiverServerGrpc.java:start(180)) - XceiverServerGrpc a565342f-4fee-4f25-a030-3e45d0cf0ab9 is started using port 45657
2022-02-16 01:42:25,943 [EndpointStateMachine task thread for /0.0.0.0:43911 - 0 ] INFO  ozoneimpl.OzoneContainer (OzoneContainer.java:start(315)) - Attempting to start container services.
2022-02-16 01:42:25,943 [EndpointStateMachine task thread for /0.0.0.0:43911 - 0 ] INFO  ozoneimpl.OzoneContainer (OzoneContainer.java:startContainerScrub(250)) - Background container scanner has been disabled.
2022-02-16 01:42:25,946 [EndpointStateMachine task thread for /0.0.0.0:43911 - 0 ] INFO  replication.ReplicationServer (ReplicationServer.java:start(111)) - ReplicationServer is started using port 41417
2022-02-16 01:42:25,946 [EndpointStateMachine task thread for /0.0.0.0:43911 - 0 ] INFO  ratis.XceiverServerRatis (XceiverServerRatis.java:start(485)) - Starting XceiverServerRatis 0abaf1aa-1b73-4e28-a6e5-0a41a9a3ec34
2022-02-16 01:42:25,947 [EndpointStateMachine task thread for /0.0.0.0:43911 - 0 ] INFO  server.RaftServer (RaftServerProxy.java:lambda$start$5(374)) - 0abaf1aa-1b73-4e28-a6e5-0a41a9a3ec34: start RPC server
2022-02-16 01:42:25,952 [EndpointStateMachine task thread for /0.0.0.0:43911 - 0 ] INFO  server.GrpcService (GrpcService.java:startImpl(253)) - 0abaf1aa-1b73-4e28-a6e5-0a41a9a3ec34: GrpcService started, listening on 36601
2022-02-16 01:42:25,952 [EndpointStateMachine task thread for /0.0.0.0:43911 - 0 ] INFO  ratis.XceiverServerRatis (XceiverServerRatis.java:getRealPort(506)) - XceiverServerRatis 0abaf1aa-1b73-4e28-a6e5-0a41a9a3ec34 is started using port 36601 for RATIS
2022-02-16 01:42:25,952 [EndpointStateMachine task thread for /0.0.0.0:43911 - 0 ] INFO  ratis.XceiverServerRatis (XceiverServerRatis.java:getRealPort(506)) - XceiverServerRatis 0abaf1aa-1b73-4e28-a6e5-0a41a9a3ec34 is started using port 36601 for RATIS_ADMIN
2022-02-16 01:42:25,952 [EndpointStateMachine task thread for /0.0.0.0:43911 - 0 ] INFO  ratis.XceiverServerRatis (XceiverServerRatis.java:getRealPort(506)) - XceiverServerRatis 0abaf1aa-1b73-4e28-a6e5-0a41a9a3ec34 is started using port 36601 for RATIS_SERVER
2022-02-16 01:42:25,952 [org.apache.ratis.util.JvmPauseMonitor$$Lambda$431/1906549136@495a4a99] INFO  util.JvmPauseMonitor (JvmPauseMonitor.java:run(103)) - JvmPauseMonitor-0abaf1aa-1b73-4e28-a6e5-0a41a9a3ec34: Started
2022-02-16 01:42:25,955 [EndpointStateMachine task thread for /0.0.0.0:43911 - 0 ] INFO  server.XceiverServerGrpc (XceiverServerGrpc.java:start(180)) - XceiverServerGrpc 0abaf1aa-1b73-4e28-a6e5-0a41a9a3ec34 is started using port 40789
2022-02-16 01:42:26,122 [EndpointStateMachine task thread for /0.0.0.0:43911 - 0 ] INFO  ozoneimpl.OzoneContainer (OzoneContainer.java:start(315)) - Attempting to start container services.
2022-02-16 01:42:26,123 [EndpointStateMachine task thread for /0.0.0.0:43911 - 0 ] INFO  ozoneimpl.OzoneContainer (OzoneContainer.java:startContainerScrub(250)) - Background container scanner has been disabled.
2022-02-16 01:42:26,126 [EndpointStateMachine task thread for /0.0.0.0:43911 - 0 ] INFO  replication.ReplicationServer (ReplicationServer.java:start(111)) - ReplicationServer is started using port 38313
2022-02-16 01:42:26,127 [EndpointStateMachine task thread for /0.0.0.0:43911 - 0 ] INFO  ratis.XceiverServerRatis (XceiverServerRatis.java:start(485)) - Starting XceiverServerRatis 81aedf04-38bc-4259-8f21-07d047f65c5c
2022-02-16 01:42:26,127 [EndpointStateMachine task thread for /0.0.0.0:43911 - 0 ] INFO  server.RaftServer (RaftServerProxy.java:lambda$start$5(374)) - 81aedf04-38bc-4259-8f21-07d047f65c5c: start RPC server
2022-02-16 01:42:26,129 [EndpointStateMachine task thread for /0.0.0.0:43911 - 0 ] INFO  server.GrpcService (GrpcService.java:startImpl(253)) - 81aedf04-38bc-4259-8f21-07d047f65c5c: GrpcService started, listening on 43527
2022-02-16 01:42:26,129 [EndpointStateMachine task thread for /0.0.0.0:43911 - 0 ] INFO  ratis.XceiverServerRatis (XceiverServerRatis.java:getRealPort(506)) - XceiverServerRatis 81aedf04-38bc-4259-8f21-07d047f65c5c is started using port 43527 for RATIS
2022-02-16 01:42:26,129 [EndpointStateMachine task thread for /0.0.0.0:43911 - 0 ] INFO  ratis.XceiverServerRatis (XceiverServerRatis.java:getRealPort(506)) - XceiverServerRatis 81aedf04-38bc-4259-8f21-07d047f65c5c is started using port 43527 for RATIS_ADMIN
2022-02-16 01:42:26,129 [org.apache.ratis.util.JvmPauseMonitor$$Lambda$431/1906549136@4aa08fd8] INFO  util.JvmPauseMonitor (JvmPauseMonitor.java:run(103)) - JvmPauseMonitor-81aedf04-38bc-4259-8f21-07d047f65c5c: Started
2022-02-16 01:42:26,129 [EndpointStateMachine task thread for /0.0.0.0:43911 - 0 ] INFO  ratis.XceiverServerRatis (XceiverServerRatis.java:getRealPort(506)) - XceiverServerRatis 81aedf04-38bc-4259-8f21-07d047f65c5c is started using port 43527 for RATIS_SERVER
2022-02-16 01:42:26,131 [EndpointStateMachine task thread for /0.0.0.0:43911 - 0 ] INFO  server.XceiverServerGrpc (XceiverServerGrpc.java:start(180)) - XceiverServerGrpc 81aedf04-38bc-4259-8f21-07d047f65c5c is started using port 44211
2022-02-16 01:42:26,316 [EndpointStateMachine task thread for /0.0.0.0:43911 - 0 ] INFO  ozoneimpl.OzoneContainer (OzoneContainer.java:start(315)) - Attempting to start container services.
2022-02-16 01:42:26,316 [EndpointStateMachine task thread for /0.0.0.0:43911 - 0 ] INFO  ozoneimpl.OzoneContainer (OzoneContainer.java:startContainerScrub(250)) - Background container scanner has been disabled.
2022-02-16 01:42:26,320 [EndpointStateMachine task thread for /0.0.0.0:43911 - 0 ] INFO  replication.ReplicationServer (ReplicationServer.java:start(111)) - ReplicationServer is started using port 42417
2022-02-16 01:42:26,321 [EndpointStateMachine task thread for /0.0.0.0:43911 - 0 ] INFO  ratis.XceiverServerRatis (XceiverServerRatis.java:start(485)) - Starting XceiverServerRatis a160d0e9-2905-4393-b4ab-3632e6d9b9e1
2022-02-16 01:42:26,321 [EndpointStateMachine task thread for /0.0.0.0:43911 - 0 ] INFO  server.RaftServer (RaftServerProxy.java:lambda$start$5(374)) - a160d0e9-2905-4393-b4ab-3632e6d9b9e1: start RPC server
2022-02-16 01:42:26,323 [EndpointStateMachine task thread for /0.0.0.0:43911 - 0 ] INFO  server.GrpcService (GrpcService.java:startImpl(253)) - a160d0e9-2905-4393-b4ab-3632e6d9b9e1: GrpcService started, listening on 39495
2022-02-16 01:42:26,323 [EndpointStateMachine task thread for /0.0.0.0:43911 - 0 ] INFO  ratis.XceiverServerRatis (XceiverServerRatis.java:getRealPort(506)) - XceiverServerRatis a160d0e9-2905-4393-b4ab-3632e6d9b9e1 is started using port 39495 for RATIS
2022-02-16 01:42:26,323 [EndpointStateMachine task thread for /0.0.0.0:43911 - 0 ] INFO  ratis.XceiverServerRatis (XceiverServerRatis.java:getRealPort(506)) - XceiverServerRatis a160d0e9-2905-4393-b4ab-3632e6d9b9e1 is started using port 39495 for RATIS_ADMIN
2022-02-16 01:42:26,323 [org.apache.ratis.util.JvmPauseMonitor$$Lambda$431/1906549136@6b203ebd] INFO  util.JvmPauseMonitor (JvmPauseMonitor.java:run(103)) - JvmPauseMonitor-a160d0e9-2905-4393-b4ab-3632e6d9b9e1: Started
2022-02-16 01:42:26,323 [EndpointStateMachine task thread for /0.0.0.0:43911 - 0 ] INFO  ratis.XceiverServerRatis (XceiverServerRatis.java:getRealPort(506)) - XceiverServerRatis a160d0e9-2905-4393-b4ab-3632e6d9b9e1 is started using port 39495 for RATIS_SERVER
2022-02-16 01:42:26,324 [EndpointStateMachine task thread for /0.0.0.0:43911 - 0 ] INFO  server.XceiverServerGrpc (XceiverServerGrpc.java:start(180)) - XceiverServerGrpc a160d0e9-2905-4393-b4ab-3632e6d9b9e1 is started using port 33557
2022-02-16 01:42:26,446 [Listener at 127.0.0.1/33913] INFO  ozone.MiniOzoneClusterImpl (MiniOzoneClusterImpl.java:lambda$waitForClusterToBeReady$0(219)) - Waiting for nodes to be ready. Got 0 of 9 DN Heartbeats.
2022-02-16 01:42:26,447 [Listener at 127.0.0.1/33913] INFO  ozone.MiniOzoneClusterImpl (MiniOzoneClusterImpl.java:lambda$waitForClusterToBeReady$0(222)) - Waiting for cluster to exit safe mode
2022-02-16 01:42:26,447 [Listener at 127.0.0.1/33913] INFO  ozone.MiniOzoneClusterImpl (MiniOzoneClusterImpl.java:lambda$waitForClusterToBeReady$0(224)) - SCM became leader
2022-02-16 01:42:26,456 [EndpointStateMachine task thread for /0.0.0.0:43911 - 0 ] INFO  ozoneimpl.OzoneContainer (OzoneContainer.java:start(315)) - Attempting to start container services.
2022-02-16 01:42:26,456 [EndpointStateMachine task thread for /0.0.0.0:43911 - 0 ] INFO  ozoneimpl.OzoneContainer (OzoneContainer.java:startContainerScrub(250)) - Background container scanner has been disabled.
2022-02-16 01:42:26,458 [EndpointStateMachine task thread for /0.0.0.0:43911 - 0 ] INFO  replication.ReplicationServer (ReplicationServer.java:start(111)) - ReplicationServer is started using port 44117
2022-02-16 01:42:26,458 [EndpointStateMachine task thread for /0.0.0.0:43911 - 0 ] INFO  ratis.XceiverServerRatis (XceiverServerRatis.java:start(485)) - Starting XceiverServerRatis 003e5be4-9867-4f5a-83bb-9c943051b5bb
2022-02-16 01:42:26,459 [EndpointStateMachine task thread for /0.0.0.0:43911 - 0 ] INFO  server.RaftServer (RaftServerProxy.java:lambda$start$5(374)) - 003e5be4-9867-4f5a-83bb-9c943051b5bb: start RPC server
2022-02-16 01:42:26,460 [EndpointStateMachine task thread for /0.0.0.0:43911 - 0 ] INFO  server.GrpcService (GrpcService.java:startImpl(253)) - 003e5be4-9867-4f5a-83bb-9c943051b5bb: GrpcService started, listening on 37171
2022-02-16 01:42:26,460 [EndpointStateMachine task thread for /0.0.0.0:43911 - 0 ] INFO  ratis.XceiverServerRatis (XceiverServerRatis.java:getRealPort(506)) - XceiverServerRatis 003e5be4-9867-4f5a-83bb-9c943051b5bb is started using port 37171 for RATIS
2022-02-16 01:42:26,460 [EndpointStateMachine task thread for /0.0.0.0:43911 - 0 ] INFO  ratis.XceiverServerRatis (XceiverServerRatis.java:getRealPort(506)) - XceiverServerRatis 003e5be4-9867-4f5a-83bb-9c943051b5bb is started using port 37171 for RATIS_ADMIN
2022-02-16 01:42:26,460 [EndpointStateMachine task thread for /0.0.0.0:43911 - 0 ] INFO  ratis.XceiverServerRatis (XceiverServerRatis.java:getRealPort(506)) - XceiverServerRatis 003e5be4-9867-4f5a-83bb-9c943051b5bb is started using port 37171 for RATIS_SERVER
2022-02-16 01:42:26,460 [org.apache.ratis.util.JvmPauseMonitor$$Lambda$431/1906549136@260c4641] INFO  util.JvmPauseMonitor (JvmPauseMonitor.java:run(103)) - JvmPauseMonitor-003e5be4-9867-4f5a-83bb-9c943051b5bb: Started
2022-02-16 01:42:26,462 [EndpointStateMachine task thread for /0.0.0.0:43911 - 0 ] INFO  server.XceiverServerGrpc (XceiverServerGrpc.java:start(180)) - XceiverServerGrpc 003e5be4-9867-4f5a-83bb-9c943051b5bb is started using port 44633
2022-02-16 01:42:26,871 [IPC Server handler 1 on default port 43911] INFO  net.NetworkTopologyImpl (NetworkTopologyImpl.java:add(112)) - Added a new node: /default-rack/2f6f166e-3639-444f-87d9-77f80c10b379
2022-02-16 01:42:26,872 [IPC Server handler 1 on default port 43911] INFO  node.SCMNodeManager (SCMNodeManager.java:register(389)) - Registered Data node : 2f6f166e-3639-444f-87d9-77f80c10b379{ip: 10.1.0.46, host: fv-az184-768.3ow45vhwbzuu5incsxmygykede.cx.internal.cloudapp.net, ports: [REPLICATION=33779, RATIS=41167, RATIS_ADMIN=41167, RATIS_SERVER=41167, STANDALONE=33451], networkLocation: /default-rack, certSerialId: null, persistedOpState: null, persistedOpStateExpiryEpochSec: 0}
2022-02-16 01:42:26,876 [EventQueue-NewNodeForNewNodeHandler] INFO  pipeline.BackgroundPipelineCreator (BackgroundPipelineCreator.java:notifyEventTriggered(285)) - trigger a one-shot run on RatisPipelineUtilsThread.
2022-02-16 01:42:26,879 [EventQueue-NodeRegistrationContainerReportForDataNodeSafeModeRule] INFO  safemode.SCMSafeModeManager (DataNodeSafeModeRule.java:process(71)) - SCM in safe mode. 1 DataNodes registered, 3 required.
2022-02-16 01:42:26,882 [EventQueue-NodeRegistrationContainerReportForContainerSafeModeRule] INFO  safemode.SCMSafeModeManager (SCMSafeModeManager.java:validateSafeModeExitRules(204)) - ContainerSafeModeRule rule is successfully validated
2022-02-16 01:42:26,888 [EventQueue-PipelineReportForOneReplicaPipelineSafeModeRule] INFO  safemode.SCMSafeModeManager (SCMSafeModeManager.java:validateSafeModeExitRules(204)) - AtleastOneDatanodeReportedRule rule is successfully validated
2022-02-16 01:42:26,889 [RatisPipelineUtilsThread - 0] INFO  pipeline.RatisPipelineProvider (RatisPipelineProvider.java:lambda$create$0(183)) - Sending CreatePipelineCommand for pipeline:PipelineID=8fc00d5e-68fd-47e8-9d04-df2487306472 to datanode:2f6f166e-3639-444f-87d9-77f80c10b379
2022-02-16 01:42:26,970 [a1539ca7-d2c9-46ac-93a4-114c16d1b05c@group-3DEB75F75441-StateMachineUpdater] INFO  pipeline.PipelineStateManagerImpl (PipelineStateManagerImpl.java:addPipeline(101)) - Created pipeline Pipeline[ Id: 8fc00d5e-68fd-47e8-9d04-df2487306472, Nodes: 2f6f166e-3639-444f-87d9-77f80c10b379{ip: 10.1.0.46, host: fv-az184-768.3ow45vhwbzuu5incsxmygykede.cx.internal.cloudapp.net, ports: [REPLICATION=33779, RATIS=41167, RATIS_ADMIN=41167, RATIS_SERVER=41167, STANDALONE=33451], networkLocation: /default-rack, certSerialId: null, persistedOpState: IN_SERVICE, persistedOpStateExpiryEpochSec: 0}, ReplicationConfig: RATIS/ONE, State:ALLOCATED, leaderId:, CreationTimestamp2022-02-16T01:42:26.885Z[Etc/UTC]].
2022-02-16 01:42:26,973 [a1539ca7-d2c9-46ac-93a4-114c16d1b05c@group-3DEB75F75441-StateMachineUpdater] INFO  safemode.HealthyPipelineSafeModeRule (HealthyPipelineSafeModeRule.java:initializeRule(152)) - Refreshed total pipeline count is 0, healthy pipeline threshold count is 1
2022-02-16 01:42:27,109 [IPC Server handler 2 on default port 43911] INFO  net.NetworkTopologyImpl (NetworkTopologyImpl.java:add(112)) - Added a new node: /default-rack/7f4e46f4-a6a5-4e91-9d7c-c7c9d4b9ec17
2022-02-16 01:42:27,110 [IPC Server handler 2 on default port 43911] INFO  node.SCMNodeManager (SCMNodeManager.java:register(389)) - Registered Data node : 7f4e46f4-a6a5-4e91-9d7c-c7c9d4b9ec17{ip: 10.1.0.46, host: fv-az184-768.3ow45vhwbzuu5incsxmygykede.cx.internal.cloudapp.net, ports: [REPLICATION=42017, RATIS=38997, RATIS_ADMIN=38997, RATIS_SERVER=38997, STANDALONE=39207], networkLocation: /default-rack, certSerialId: null, persistedOpState: null, persistedOpStateExpiryEpochSec: 0}
2022-02-16 01:42:27,110 [EventQueue-NewNodeForNewNodeHandler] INFO  pipeline.BackgroundPipelineCreator (BackgroundPipelineCreator.java:notifyEventTriggered(285)) - trigger a one-shot run on RatisPipelineUtilsThread.
2022-02-16 01:42:27,110 [EventQueue-NodeRegistrationContainerReportForDataNodeSafeModeRule] INFO  safemode.SCMSafeModeManager (DataNodeSafeModeRule.java:process(71)) - SCM in safe mode. 2 DataNodes registered, 3 required.
2022-02-16 01:42:27,112 [RatisPipelineUtilsThread - 0] INFO  pipeline.RatisPipelineProvider (RatisPipelineProvider.java:lambda$create$0(183)) - Sending CreatePipelineCommand for pipeline:PipelineID=147a6404-9c3a-4561-a8aa-7fecfe5e75a9 to datanode:7f4e46f4-a6a5-4e91-9d7c-c7c9d4b9ec17
2022-02-16 01:42:27,115 [a1539ca7-d2c9-46ac-93a4-114c16d1b05c@group-3DEB75F75441-StateMachineUpdater] INFO  pipeline.PipelineStateManagerImpl (PipelineStateManagerImpl.java:addPipeline(101)) - Created pipeline Pipeline[ Id: 147a6404-9c3a-4561-a8aa-7fecfe5e75a9, Nodes: 7f4e46f4-a6a5-4e91-9d7c-c7c9d4b9ec17{ip: 10.1.0.46, host: fv-az184-768.3ow45vhwbzuu5incsxmygykede.cx.internal.cloudapp.net, ports: [REPLICATION=42017, RATIS=38997, RATIS_ADMIN=38997, RATIS_SERVER=38997, STANDALONE=39207], networkLocation: /default-rack, certSerialId: null, persistedOpState: IN_SERVICE, persistedOpStateExpiryEpochSec: 0}, ReplicationConfig: RATIS/ONE, State:ALLOCATED, leaderId:, CreationTimestamp2022-02-16T01:42:27.112Z[Etc/UTC]].
2022-02-16 01:42:27,115 [a1539ca7-d2c9-46ac-93a4-114c16d1b05c@group-3DEB75F75441-StateMachineUpdater] INFO  safemode.HealthyPipelineSafeModeRule (HealthyPipelineSafeModeRule.java:initializeRule(152)) - Refreshed total pipeline count is 0, healthy pipeline threshold count is 1
2022-02-16 01:42:27,333 [IPC Server handler 3 on default port 43911] INFO  net.NetworkTopologyImpl (NetworkTopologyImpl.java:add(112)) - Added a new node: /default-rack/b5efad6c-21e2-4d99-b376-b80a2810f054
2022-02-16 01:42:27,335 [IPC Server handler 3 on default port 43911] INFO  node.SCMNodeManager (SCMNodeManager.java:register(389)) - Registered Data node : b5efad6c-21e2-4d99-b376-b80a2810f054{ip: 10.1.0.46, host: fv-az184-768.3ow45vhwbzuu5incsxmygykede.cx.internal.cloudapp.net, ports: [REPLICATION=36147, RATIS=39795, RATIS_ADMIN=39795, RATIS_SERVER=39795, STANDALONE=38231], networkLocation: /default-rack, certSerialId: null, persistedOpState: null, persistedOpStateExpiryEpochSec: 0}
2022-02-16 01:42:27,335 [EventQueue-NewNodeForNewNodeHandler] INFO  pipeline.BackgroundPipelineCreator (BackgroundPipelineCreator.java:notifyEventTriggered(285)) - trigger a one-shot run on RatisPipelineUtilsThread.
2022-02-16 01:42:27,335 [EventQueue-NodeRegistrationContainerReportForDataNodeSafeModeRule] INFO  safemode.SCMSafeModeManager (DataNodeSafeModeRule.java:process(71)) - SCM in safe mode. 3 DataNodes registered, 3 required.
2022-02-16 01:42:27,335 [EventQueue-NodeRegistrationContainerReportForDataNodeSafeModeRule] INFO  safemode.SCMSafeModeManager (SCMSafeModeManager.java:validateSafeModeExitRules(204)) - DataNodeSafeModeRule rule is successfully validated
2022-02-16 01:42:27,335 [EventQueue-NodeRegistrationContainerReportForDataNodeSafeModeRule] INFO  safemode.SCMSafeModeManager (SCMSafeModeManager.java:completePreCheck(233)) - All SCM safe mode pre check rules have passed
2022-02-16 01:42:27,335 [EventQueue-NodeRegistrationContainerReportForDataNodeSafeModeRule] WARN  events.EventQueue (EventQueue.java:fireEvent(194)) - No event handler registered for event TypedEvent{payloadType=SafeModeStatus, name='Safe mode status'}
2022-02-16 01:42:27,336 [EventQueue-NodeRegistrationContainerReportForDataNodeSafeModeRule] INFO  ha.SCMContext (SCMContext.java:updateSafeModeStatus(211)) - Update SafeModeStatus from SafeModeStatus{safeModeStatus=true, preCheckPassed=false} to SafeModeStatus{safeModeStatus=true, preCheckPassed=true}.
2022-02-16 01:42:27,336 [EventQueue-NodeRegistrationContainerReportForDataNodeSafeModeRule] INFO  pipeline.BackgroundPipelineCreator (BackgroundPipelineCreator.java:notifyEventTriggered(285)) - trigger a one-shot run on RatisPipelineUtilsThread.
2022-02-16 01:42:27,336 [RatisPipelineUtilsThread - 0] INFO  pipeline.RatisPipelineProvider (RatisPipelineProvider.java:lambda$create$0(183)) - Sending CreatePipelineCommand for pipeline:PipelineID=afa58c8c-fa43-41ba-bb5c-bef52e4e4d69 to datanode:b5efad6c-21e2-4d99-b376-b80a2810f054
2022-02-16 01:42:27,339 [a1539ca7-d2c9-46ac-93a4-114c16d1b05c@group-3DEB75F75441-StateMachineUpdater] INFO  pipeline.PipelineStateManagerImpl (PipelineStateManagerImpl.java:addPipeline(101)) - Created pipeline Pipeline[ Id: afa58c8c-fa43-41ba-bb5c-bef52e4e4d69, Nodes: b5efad6c-21e2-4d99-b376-b80a2810f054{ip: 10.1.0.46, host: fv-az184-768.3ow45vhwbzuu5incsxmygykede.cx.internal.cloudapp.net, ports: [REPLICATION=36147, RATIS=39795, RATIS_ADMIN=39795, RATIS_SERVER=39795, STANDALONE=38231], networkLocation: /default-rack, certSerialId: null, persistedOpState: IN_SERVICE, persistedOpStateExpiryEpochSec: 0}, ReplicationConfig: RATIS/ONE, State:ALLOCATED, leaderId:, CreationTimestamp2022-02-16T01:42:27.336Z[Etc/UTC]].
2022-02-16 01:42:27,339 [a1539ca7-d2c9-46ac-93a4-114c16d1b05c@group-3DEB75F75441-StateMachineUpdater] INFO  safemode.HealthyPipelineSafeModeRule (HealthyPipelineSafeModeRule.java:initializeRule(152)) - Refreshed total pipeline count is 0, healthy pipeline threshold count is 1
2022-02-16 01:42:27,342 [RatisPipelineUtilsThread - 0] INFO  pipeline.RatisPipelineProvider (RatisPipelineProvider.java:lambda$create$0(183)) - Sending CreatePipelineCommand for pipeline:PipelineID=9892d6ea-815e-4be0-abff-ecb279baf00e to datanode:b5efad6c-21e2-4d99-b376-b80a2810f054
2022-02-16 01:42:27,343 [RatisPipelineUtilsThread - 0] INFO  pipeline.RatisPipelineProvider (RatisPipelineProvider.java:lambda$create$0(183)) - Sending CreatePipelineCommand for pipeline:PipelineID=9892d6ea-815e-4be0-abff-ecb279baf00e to datanode:7f4e46f4-a6a5-4e91-9d7c-c7c9d4b9ec17
2022-02-16 01:42:27,343 [RatisPipelineUtilsThread - 0] INFO  pipeline.RatisPipelineProvider (RatisPipelineProvider.java:lambda$create$0(183)) - Sending CreatePipelineCommand for pipeline:PipelineID=9892d6ea-815e-4be0-abff-ecb279baf00e to datanode:2f6f166e-3639-444f-87d9-77f80c10b379
2022-02-16 01:42:27,345 [a1539ca7-d2c9-46ac-93a4-114c16d1b05c@group-3DEB75F75441-StateMachineUpdater] INFO  pipeline.PipelineStateManagerImpl (PipelineStateManagerImpl.java:addPipeline(101)) - Created pipeline Pipeline[ Id: 9892d6ea-815e-4be0-abff-ecb279baf00e, Nodes: b5efad6c-21e2-4d99-b376-b80a2810f054{ip: 10.1.0.46, host: fv-az184-768.3ow45vhwbzuu5incsxmygykede.cx.internal.cloudapp.net, ports: [REPLICATION=36147, RATIS=39795, RATIS_ADMIN=39795, RATIS_SERVER=39795, STANDALONE=38231], networkLocation: /default-rack, certSerialId: null, persistedOpState: IN_SERVICE, persistedOpStateExpiryEpochSec: 0}7f4e46f4-a6a5-4e91-9d7c-c7c9d4b9ec17{ip: 10.1.0.46, host: fv-az184-768.3ow45vhwbzuu5incsxmygykede.cx.internal.cloudapp.net, ports: [REPLICATION=42017, RATIS=38997, RATIS_ADMIN=38997, RATIS_SERVER=38997, STANDALONE=39207], networkLocation: /default-rack, certSerialId: null, persistedOpState: IN_SERVICE, persistedOpStateExpiryEpochSec: 0}2f6f166e-3639-444f-87d9-77f80c10b379{ip: 10.1.0.46, host: fv-az184-768.3ow45vhwbzuu5incsxmygykede.cx.internal.cloudapp.net, ports: [REPLICATION=33779, RATIS=41167, RATIS_ADMIN=41167, RATIS_SERVER=41167, STANDALONE=33451], networkLocation: /default-rack, certSerialId: null, persistedOpState: IN_SERVICE, persistedOpStateExpiryEpochSec: 0}, ReplicationConfig: RATIS/THREE, State:ALLOCATED, leaderId:, CreationTimestamp2022-02-16T01:42:27.342Z[Etc/UTC]].
2022-02-16 01:42:27,345 [a1539ca7-d2c9-46ac-93a4-114c16d1b05c@group-3DEB75F75441-StateMachineUpdater] INFO  safemode.HealthyPipelineSafeModeRule (HealthyPipelineSafeModeRule.java:initializeRule(152)) - Refreshed total pipeline count is 0, healthy pipeline threshold count is 1
2022-02-16 01:42:27,447 [Listener at 127.0.0.1/33913] INFO  ozone.MiniOzoneClusterImpl (MiniOzoneClusterImpl.java:lambda$waitForClusterToBeReady$0(219)) - Waiting for nodes to be ready. Got 3 of 9 DN Heartbeats.
2022-02-16 01:42:27,448 [Listener at 127.0.0.1/33913] INFO  ozone.MiniOzoneClusterImpl (MiniOzoneClusterImpl.java:lambda$waitForClusterToBeReady$0(222)) - Waiting for cluster to exit safe mode
2022-02-16 01:42:27,448 [Listener at 127.0.0.1/33913] INFO  ozone.MiniOzoneClusterImpl (MiniOzoneClusterImpl.java:lambda$waitForClusterToBeReady$0(224)) - SCM became leader
2022-02-16 01:42:27,524 [IPC Server handler 6 on default port 43911] INFO  net.NetworkTopologyImpl (NetworkTopologyImpl.java:add(112)) - Added a new node: /default-rack/edcd5571-e430-46af-ba60-7657fe1b1d4c
2022-02-16 01:42:27,524 [IPC Server handler 6 on default port 43911] INFO  node.SCMNodeManager (SCMNodeManager.java:register(389)) - Registered Data node : edcd5571-e430-46af-ba60-7657fe1b1d4c{ip: 10.1.0.46, host: fv-az184-768.3ow45vhwbzuu5incsxmygykede.cx.internal.cloudapp.net, ports: [REPLICATION=43341, RATIS=34285, RATIS_ADMIN=34285, RATIS_SERVER=34285, STANDALONE=39839], networkLocation: /default-rack, certSerialId: null, persistedOpState: null, persistedOpStateExpiryEpochSec: 0}
2022-02-16 01:42:27,524 [EventQueue-NewNodeForNewNodeHandler] INFO  pipeline.BackgroundPipelineCreator (BackgroundPipelineCreator.java:notifyEventTriggered(285)) - trigger a one-shot run on RatisPipelineUtilsThread.
2022-02-16 01:42:27,525 [RatisPipelineUtilsThread - 0] INFO  pipeline.RatisPipelineProvider (RatisPipelineProvider.java:lambda$create$0(183)) - Sending CreatePipelineCommand for pipeline:PipelineID=1880ea62-2451-47a3-a663-9f5c4bbd6fee to datanode:edcd5571-e430-46af-ba60-7657fe1b1d4c
2022-02-16 01:42:27,528 [a1539ca7-d2c9-46ac-93a4-114c16d1b05c@group-3DEB75F75441-StateMachineUpdater] INFO  pipeline.PipelineStateManagerImpl (PipelineStateManagerImpl.java:addPipeline(101)) - Created pipeline Pipeline[ Id: 1880ea62-2451-47a3-a663-9f5c4bbd6fee, Nodes: edcd5571-e430-46af-ba60-7657fe1b1d4c{ip: 10.1.0.46, host: fv-az184-768.3ow45vhwbzuu5incsxmygykede.cx.internal.cloudapp.net, ports: [REPLICATION=43341, RATIS=34285, RATIS_ADMIN=34285, RATIS_SERVER=34285, STANDALONE=39839], networkLocation: /default-rack, certSerialId: null, persistedOpState: IN_SERVICE, persistedOpStateExpiryEpochSec: 0}, ReplicationConfig: RATIS/ONE, State:ALLOCATED, leaderId:, CreationTimestamp2022-02-16T01:42:27.525Z[Etc/UTC]].
2022-02-16 01:42:27,528 [a1539ca7-d2c9-46ac-93a4-114c16d1b05c@group-3DEB75F75441-StateMachineUpdater] INFO  safemode.HealthyPipelineSafeModeRule (HealthyPipelineSafeModeRule.java:initializeRule(152)) - Refreshed total pipeline count is 0, healthy pipeline threshold count is 1
2022-02-16 01:42:27,705 [IPC Server handler 0 on default port 43911] INFO  net.NetworkTopologyImpl (NetworkTopologyImpl.java:add(112)) - Added a new node: /default-rack/a565342f-4fee-4f25-a030-3e45d0cf0ab9
2022-02-16 01:42:27,706 [IPC Server handler 0 on default port 43911] INFO  node.SCMNodeManager (SCMNodeManager.java:register(389)) - Registered Data node : a565342f-4fee-4f25-a030-3e45d0cf0ab9{ip: 10.1.0.46, host: fv-az184-768.3ow45vhwbzuu5incsxmygykede.cx.internal.cloudapp.net, ports: [REPLICATION=43651, RATIS=45097, RATIS_ADMIN=45097, RATIS_SERVER=45097, STANDALONE=45657], networkLocation: /default-rack, certSerialId: null, persistedOpState: null, persistedOpStateExpiryEpochSec: 0}
2022-02-16 01:42:27,706 [EventQueue-NewNodeForNewNodeHandler] INFO  pipeline.BackgroundPipelineCreator (BackgroundPipelineCreator.java:notifyEventTriggered(285)) - trigger a one-shot run on RatisPipelineUtilsThread.
2022-02-16 01:42:27,707 [RatisPipelineUtilsThread - 0] INFO  pipeline.RatisPipelineProvider (RatisPipelineProvider.java:lambda$create$0(183)) - Sending CreatePipelineCommand for pipeline:PipelineID=a90fc9b7-1cc6-443f-8fc3-41334fb35384 to datanode:a565342f-4fee-4f25-a030-3e45d0cf0ab9
2022-02-16 01:42:27,710 [a1539ca7-d2c9-46ac-93a4-114c16d1b05c@group-3DEB75F75441-StateMachineUpdater] INFO  pipeline.PipelineStateManagerImpl (PipelineStateManagerImpl.java:addPipeline(101)) - Created pipeline Pipeline[ Id: a90fc9b7-1cc6-443f-8fc3-41334fb35384, Nodes: a565342f-4fee-4f25-a030-3e45d0cf0ab9{ip: 10.1.0.46, host: fv-az184-768.3ow45vhwbzuu5incsxmygykede.cx.internal.cloudapp.net, ports: [REPLICATION=43651, RATIS=45097, RATIS_ADMIN=45097, RATIS_SERVER=45097, STANDALONE=45657], networkLocation: /default-rack, certSerialId: null, persistedOpState: IN_SERVICE, persistedOpStateExpiryEpochSec: 0}, ReplicationConfig: RATIS/ONE, State:ALLOCATED, leaderId:, CreationTimestamp2022-02-16T01:42:27.707Z[Etc/UTC]].
2022-02-16 01:42:27,710 [a1539ca7-d2c9-46ac-93a4-114c16d1b05c@group-3DEB75F75441-StateMachineUpdater] INFO  safemode.HealthyPipelineSafeModeRule (HealthyPipelineSafeModeRule.java:initializeRule(152)) - Refreshed total pipeline count is 0, healthy pipeline threshold count is 1
2022-02-16 01:42:27,942 [IPC Server handler 2 on default port 43911] INFO  net.NetworkTopologyImpl (NetworkTopologyImpl.java:add(112)) - Added a new node: /default-rack/0abaf1aa-1b73-4e28-a6e5-0a41a9a3ec34
2022-02-16 01:42:27,943 [IPC Server handler 2 on default port 43911] INFO  node.SCMNodeManager (SCMNodeManager.java:register(389)) - Registered Data node : 0abaf1aa-1b73-4e28-a6e5-0a41a9a3ec34{ip: 10.1.0.46, host: fv-az184-768.3ow45vhwbzuu5incsxmygykede.cx.internal.cloudapp.net, ports: [REPLICATION=41417, RATIS=36601, RATIS_ADMIN=36601, RATIS_SERVER=36601, STANDALONE=40789], networkLocation: /default-rack, certSerialId: null, persistedOpState: null, persistedOpStateExpiryEpochSec: 0}
2022-02-16 01:42:27,943 [EventQueue-NewNodeForNewNodeHandler] INFO  pipeline.BackgroundPipelineCreator (BackgroundPipelineCreator.java:notifyEventTriggered(285)) - trigger a one-shot run on RatisPipelineUtilsThread.
2022-02-16 01:42:27,944 [RatisPipelineUtilsThread - 0] INFO  pipeline.RatisPipelineProvider (RatisPipelineProvider.java:lambda$create$0(183)) - Sending CreatePipelineCommand for pipeline:PipelineID=2b72fae5-6830-4940-9b5a-be3c88dc2a16 to datanode:0abaf1aa-1b73-4e28-a6e5-0a41a9a3ec34
2022-02-16 01:42:27,946 [a1539ca7-d2c9-46ac-93a4-114c16d1b05c@group-3DEB75F75441-StateMachineUpdater] INFO  pipeline.PipelineStateManagerImpl (PipelineStateManagerImpl.java:addPipeline(101)) - Created pipeline Pipeline[ Id: 2b72fae5-6830-4940-9b5a-be3c88dc2a16, Nodes: 0abaf1aa-1b73-4e28-a6e5-0a41a9a3ec34{ip: 10.1.0.46, host: fv-az184-768.3ow45vhwbzuu5incsxmygykede.cx.internal.cloudapp.net, ports: [REPLICATION=41417, RATIS=36601, RATIS_ADMIN=36601, RATIS_SERVER=36601, STANDALONE=40789], networkLocation: /default-rack, certSerialId: null, persistedOpState: IN_SERVICE, persistedOpStateExpiryEpochSec: 0}, ReplicationConfig: RATIS/ONE, State:ALLOCATED, leaderId:, CreationTimestamp2022-02-16T01:42:27.944Z[Etc/UTC]].
2022-02-16 01:42:27,947 [a1539ca7-d2c9-46ac-93a4-114c16d1b05c@group-3DEB75F75441-StateMachineUpdater] INFO  safemode.HealthyPipelineSafeModeRule (HealthyPipelineSafeModeRule.java:initializeRule(152)) - Refreshed total pipeline count is 0, healthy pipeline threshold count is 1
2022-02-16 01:42:27,947 [RatisPipelineUtilsThread - 0] INFO  pipeline.RatisPipelineProvider (RatisPipelineProvider.java:lambda$create$0(183)) - Sending CreatePipelineCommand for pipeline:PipelineID=eff75b69-5cf3-4d72-bf43-504d69b4f741 to datanode:edcd5571-e430-46af-ba60-7657fe1b1d4c
2022-02-16 01:42:27,948 [RatisPipelineUtilsThread - 0] INFO  pipeline.RatisPipelineProvider (RatisPipelineProvider.java:lambda$create$0(183)) - Sending CreatePipelineCommand for pipeline:PipelineID=eff75b69-5cf3-4d72-bf43-504d69b4f741 to datanode:a565342f-4fee-4f25-a030-3e45d0cf0ab9
2022-02-16 01:42:27,948 [RatisPipelineUtilsThread - 0] INFO  pipeline.RatisPipelineProvider (RatisPipelineProvider.java:lambda$create$0(183)) - Sending CreatePipelineCommand for pipeline:PipelineID=eff75b69-5cf3-4d72-bf43-504d69b4f741 to datanode:0abaf1aa-1b73-4e28-a6e5-0a41a9a3ec34
2022-02-16 01:42:27,951 [a1539ca7-d2c9-46ac-93a4-114c16d1b05c@group-3DEB75F75441-StateMachineUpdater] INFO  pipeline.PipelineStateManagerImpl (PipelineStateManagerImpl.java:addPipeline(101)) - Created pipeline Pipeline[ Id: eff75b69-5cf3-4d72-bf43-504d69b4f741, Nodes: edcd5571-e430-46af-ba60-7657fe1b1d4c{ip: 10.1.0.46, host: fv-az184-768.3ow45vhwbzuu5incsxmygykede.cx.internal.cloudapp.net, ports: [REPLICATION=43341, RATIS=34285, RATIS_ADMIN=34285, RATIS_SERVER=34285, STANDALONE=39839], networkLocation: /default-rack, certSerialId: null, persistedOpState: IN_SERVICE, persistedOpStateExpiryEpochSec: 0}a565342f-4fee-4f25-a030-3e45d0cf0ab9{ip: 10.1.0.46, host: fv-az184-768.3ow45vhwbzuu5incsxmygykede.cx.internal.cloudapp.net, ports: [REPLICATION=43651, RATIS=45097, RATIS_ADMIN=45097, RATIS_SERVER=45097, STANDALONE=45657], networkLocation: /default-rack, certSerialId: null, persistedOpState: IN_SERVICE, persistedOpStateExpiryEpochSec: 0}0abaf1aa-1b73-4e28-a6e5-0a41a9a3ec34{ip: 10.1.0.46, host: fv-az184-768.3ow45vhwbzuu5incsxmygykede.cx.internal.cloudapp.net, ports: [REPLICATION=41417, RATIS=36601, RATIS_ADMIN=36601, RATIS_SERVER=36601, STANDALONE=40789], networkLocation: /default-rack, certSerialId: null, persistedOpState: IN_SERVICE, persistedOpStateExpiryEpochSec: 0}, ReplicationConfig: RATIS/THREE, State:ALLOCATED, leaderId:, CreationTimestamp2022-02-16T01:42:27.947Z[Etc/UTC]].
2022-02-16 01:42:27,951 [a1539ca7-d2c9-46ac-93a4-114c16d1b05c@group-3DEB75F75441-StateMachineUpdater] INFO  safemode.HealthyPipelineSafeModeRule (HealthyPipelineSafeModeRule.java:initializeRule(152)) - Refreshed total pipeline count is 0, healthy pipeline threshold count is 1
2022-02-16 01:42:28,120 [IPC Server handler 4 on default port 43911] INFO  net.NetworkTopologyImpl (NetworkTopologyImpl.java:add(112)) - Added a new node: /default-rack/81aedf04-38bc-4259-8f21-07d047f65c5c
2022-02-16 01:42:28,121 [IPC Server handler 4 on default port 43911] INFO  node.SCMNodeManager (SCMNodeManager.java:register(389)) - Registered Data node : 81aedf04-38bc-4259-8f21-07d047f65c5c{ip: 10.1.0.46, host: fv-az184-768.3ow45vhwbzuu5incsxmygykede.cx.internal.cloudapp.net, ports: [REPLICATION=38313, RATIS=43527, RATIS_ADMIN=43527, RATIS_SERVER=43527, STANDALONE=44211], networkLocation: /default-rack, certSerialId: null, persistedOpState: null, persistedOpStateExpiryEpochSec: 0}
2022-02-16 01:42:28,121 [EventQueue-NewNodeForNewNodeHandler] INFO  pipeline.BackgroundPipelineCreator (BackgroundPipelineCreator.java:notifyEventTriggered(285)) - trigger a one-shot run on RatisPipelineUtilsThread.
2022-02-16 01:42:28,123 [RatisPipelineUtilsThread - 0] INFO  pipeline.RatisPipelineProvider (RatisPipelineProvider.java:lambda$create$0(183)) - Sending CreatePipelineCommand for pipeline:PipelineID=9b233c29-1a5f-4785-a7a9-e93265fd3a7f to datanode:81aedf04-38bc-4259-8f21-07d047f65c5c
2022-02-16 01:42:28,126 [a1539ca7-d2c9-46ac-93a4-114c16d1b05c@group-3DEB75F75441-StateMachineUpdater] INFO  pipeline.PipelineStateManagerImpl (PipelineStateManagerImpl.java:addPipeline(101)) - Created pipeline Pipeline[ Id: 9b233c29-1a5f-4785-a7a9-e93265fd3a7f, Nodes: 81aedf04-38bc-4259-8f21-07d047f65c5c{ip: 10.1.0.46, host: fv-az184-768.3ow45vhwbzuu5incsxmygykede.cx.internal.cloudapp.net, ports: [REPLICATION=38313, RATIS=43527, RATIS_ADMIN=43527, RATIS_SERVER=43527, STANDALONE=44211], networkLocation: /default-rack, certSerialId: null, persistedOpState: IN_SERVICE, persistedOpStateExpiryEpochSec: 0}, ReplicationConfig: RATIS/ONE, State:ALLOCATED, leaderId:, CreationTimestamp2022-02-16T01:42:28.123Z[Etc/UTC]].
2022-02-16 01:42:28,126 [a1539ca7-d2c9-46ac-93a4-114c16d1b05c@group-3DEB75F75441-StateMachineUpdater] INFO  safemode.HealthyPipelineSafeModeRule (HealthyPipelineSafeModeRule.java:initializeRule(152)) - Refreshed total pipeline count is 0, healthy pipeline threshold count is 1
2022-02-16 01:42:28,316 [IPC Server handler 3 on default port 43911] INFO  net.NetworkTopologyImpl (NetworkTopologyImpl.java:add(112)) - Added a new node: /default-rack/a160d0e9-2905-4393-b4ab-3632e6d9b9e1
2022-02-16 01:42:28,317 [IPC Server handler 3 on default port 43911] INFO  node.SCMNodeManager (SCMNodeManager.java:register(389)) - Registered Data node : a160d0e9-2905-4393-b4ab-3632e6d9b9e1{ip: 10.1.0.46, host: fv-az184-768.3ow45vhwbzuu5incsxmygykede.cx.internal.cloudapp.net, ports: [REPLICATION=42417, RATIS=39495, RATIS_ADMIN=39495, RATIS_SERVER=39495, STANDALONE=33557], networkLocation: /default-rack, certSerialId: null, persistedOpState: null, persistedOpStateExpiryEpochSec: 0}
2022-02-16 01:42:28,317 [EventQueue-NewNodeForNewNodeHandler] INFO  pipeline.BackgroundPipelineCreator (BackgroundPipelineCreator.java:notifyEventTriggered(285)) - trigger a one-shot run on RatisPipelineUtilsThread.
2022-02-16 01:42:28,317 [RatisPipelineUtilsThread - 0] INFO  pipeline.RatisPipelineProvider (RatisPipelineProvider.java:lambda$create$0(183)) - Sending CreatePipelineCommand for pipeline:PipelineID=0a17d63c-3ced-4f8e-a9a1-b4cbc1484743 to datanode:a160d0e9-2905-4393-b4ab-3632e6d9b9e1
2022-02-16 01:42:28,320 [a1539ca7-d2c9-46ac-93a4-114c16d1b05c@group-3DEB75F75441-StateMachineUpdater] INFO  pipeline.PipelineStateManagerImpl (PipelineStateManagerImpl.java:addPipeline(101)) - Created pipeline Pipeline[ Id: 0a17d63c-3ced-4f8e-a9a1-b4cbc1484743, Nodes: a160d0e9-2905-4393-b4ab-3632e6d9b9e1{ip: 10.1.0.46, host: fv-az184-768.3ow45vhwbzuu5incsxmygykede.cx.internal.cloudapp.net, ports: [REPLICATION=42417, RATIS=39495, RATIS_ADMIN=39495, RATIS_SERVER=39495, STANDALONE=33557], networkLocation: /default-rack, certSerialId: null, persistedOpState: IN_SERVICE, persistedOpStateExpiryEpochSec: 0}, ReplicationConfig: RATIS/ONE, State:ALLOCATED, leaderId:, CreationTimestamp2022-02-16T01:42:28.317Z[Etc/UTC]].
2022-02-16 01:42:28,320 [a1539ca7-d2c9-46ac-93a4-114c16d1b05c@group-3DEB75F75441-StateMachineUpdater] INFO  safemode.HealthyPipelineSafeModeRule (HealthyPipelineSafeModeRule.java:initializeRule(152)) - Refreshed total pipeline count is 0, healthy pipeline threshold count is 1
2022-02-16 01:42:28,449 [Listener at 127.0.0.1/33913] INFO  ozone.MiniOzoneClusterImpl (MiniOzoneClusterImpl.java:lambda$waitForClusterToBeReady$0(219)) - Waiting for nodes to be ready. Got 8 of 9 DN Heartbeats.
2022-02-16 01:42:28,450 [Listener at 127.0.0.1/33913] INFO  ozone.MiniOzoneClusterImpl (MiniOzoneClusterImpl.java:lambda$waitForClusterToBeReady$0(222)) - Waiting for cluster to exit safe mode
2022-02-16 01:42:28,450 [Listener at 127.0.0.1/33913] INFO  ozone.MiniOzoneClusterImpl (MiniOzoneClusterImpl.java:lambda$waitForClusterToBeReady$0(224)) - SCM became leader
2022-02-16 01:42:28,453 [IPC Server handler 6 on default port 43911] INFO  net.NetworkTopologyImpl (NetworkTopologyImpl.java:add(112)) - Added a new node: /default-rack/003e5be4-9867-4f5a-83bb-9c943051b5bb
2022-02-16 01:42:28,453 [IPC Server handler 6 on default port 43911] INFO  node.SCMNodeManager (SCMNodeManager.java:register(389)) - Registered Data node : 003e5be4-9867-4f5a-83bb-9c943051b5bb{ip: 10.1.0.46, host: fv-az184-768.3ow45vhwbzuu5incsxmygykede.cx.internal.cloudapp.net, ports: [REPLICATION=44117, RATIS=37171, RATIS_ADMIN=37171, RATIS_SERVER=37171, STANDALONE=44633], networkLocation: /default-rack, certSerialId: null, persistedOpState: null, persistedOpStateExpiryEpochSec: 0}
2022-02-16 01:42:28,453 [EventQueue-NewNodeForNewNodeHandler] INFO  pipeline.BackgroundPipelineCreator (BackgroundPipelineCreator.java:notifyEventTriggered(285)) - trigger a one-shot run on RatisPipelineUtilsThread.
2022-02-16 01:42:28,454 [RatisPipelineUtilsThread - 0] INFO  pipeline.RatisPipelineProvider (RatisPipelineProvider.java:lambda$create$0(183)) - Sending CreatePipelineCommand for pipeline:PipelineID=c6456f98-7815-464e-9a3d-3ae065bf0a88 to datanode:003e5be4-9867-4f5a-83bb-9c943051b5bb
2022-02-16 01:42:28,456 [a1539ca7-d2c9-46ac-93a4-114c16d1b05c@group-3DEB75F75441-StateMachineUpdater] INFO  pipeline.PipelineStateManagerImpl (PipelineStateManagerImpl.java:addPipeline(101)) - Created pipeline Pipeline[ Id: c6456f98-7815-464e-9a3d-3ae065bf0a88, Nodes: 003e5be4-9867-4f5a-83bb-9c943051b5bb{ip: 10.1.0.46, host: fv-az184-768.3ow45vhwbzuu5incsxmygykede.cx.internal.cloudapp.net, ports: [REPLICATION=44117, RATIS=37171, RATIS_ADMIN=37171, RATIS_SERVER=37171, STANDALONE=44633], networkLocation: /default-rack, certSerialId: null, persistedOpState: IN_SERVICE, persistedOpStateExpiryEpochSec: 0}, ReplicationConfig: RATIS/ONE, State:ALLOCATED, leaderId:, CreationTimestamp2022-02-16T01:42:28.454Z[Etc/UTC]].
2022-02-16 01:42:28,456 [a1539ca7-d2c9-46ac-93a4-114c16d1b05c@group-3DEB75F75441-StateMachineUpdater] INFO  safemode.HealthyPipelineSafeModeRule (HealthyPipelineSafeModeRule.java:initializeRule(152)) - Refreshed total pipeline count is 0, healthy pipeline threshold count is 1
2022-02-16 01:42:28,457 [RatisPipelineUtilsThread - 0] INFO  pipeline.RatisPipelineProvider (RatisPipelineProvider.java:lambda$create$0(183)) - Sending CreatePipelineCommand for pipeline:PipelineID=03d3f062-6fb7-46ce-bb2a-1f9862849013 to datanode:81aedf04-38bc-4259-8f21-07d047f65c5c
2022-02-16 01:42:28,458 [RatisPipelineUtilsThread - 0] INFO  pipeline.RatisPipelineProvider (RatisPipelineProvider.java:lambda$create$0(183)) - Sending CreatePipelineCommand for pipeline:PipelineID=03d3f062-6fb7-46ce-bb2a-1f9862849013 to datanode:a160d0e9-2905-4393-b4ab-3632e6d9b9e1
2022-02-16 01:42:28,458 [RatisPipelineUtilsThread - 0] INFO  pipeline.RatisPipelineProvider (RatisPipelineProvider.java:lambda$create$0(183)) - Sending CreatePipelineCommand for pipeline:PipelineID=03d3f062-6fb7-46ce-bb2a-1f9862849013 to datanode:003e5be4-9867-4f5a-83bb-9c943051b5bb
2022-02-16 01:42:28,460 [a1539ca7-d2c9-46ac-93a4-114c16d1b05c@group-3DEB75F75441-StateMachineUpdater] INFO  pipeline.PipelineStateManagerImpl (PipelineStateManagerImpl.java:addPipeline(101)) - Created pipeline Pipeline[ Id: 03d3f062-6fb7-46ce-bb2a-1f9862849013, Nodes: 81aedf04-38bc-4259-8f21-07d047f65c5c{ip: 10.1.0.46, host: fv-az184-768.3ow45vhwbzuu5incsxmygykede.cx.internal.cloudapp.net, ports: [REPLICATION=38313, RATIS=43527, RATIS_ADMIN=43527, RATIS_SERVER=43527, STANDALONE=44211], networkLocation: /default-rack, certSerialId: null, persistedOpState: IN_SERVICE, persistedOpStateExpiryEpochSec: 0}a160d0e9-2905-4393-b4ab-3632e6d9b9e1{ip: 10.1.0.46, host: fv-az184-768.3ow45vhwbzuu5incsxmygykede.cx.internal.cloudapp.net, ports: [REPLICATION=42417, RATIS=39495, RATIS_ADMIN=39495, RATIS_SERVER=39495, STANDALONE=33557], networkLocation: /default-rack, certSerialId: null, persistedOpState: IN_SERVICE, persistedOpStateExpiryEpochSec: 0}003e5be4-9867-4f5a-83bb-9c943051b5bb{ip: 10.1.0.46, host: fv-az184-768.3ow45vhwbzuu5incsxmygykede.cx.internal.cloudapp.net, ports: [REPLICATION=44117, RATIS=37171, RATIS_ADMIN=37171, RATIS_SERVER=37171, STANDALONE=44633], networkLocation: /default-rack, certSerialId: null, persistedOpState: IN_SERVICE, persistedOpStateExpiryEpochSec: 0}, ReplicationConfig: RATIS/THREE, State:ALLOCATED, leaderId:, CreationTimestamp2022-02-16T01:42:28.457Z[Etc/UTC]].
2022-02-16 01:42:28,460 [a1539ca7-d2c9-46ac-93a4-114c16d1b05c@group-3DEB75F75441-StateMachineUpdater] INFO  safemode.HealthyPipelineSafeModeRule (HealthyPipelineSafeModeRule.java:initializeRule(152)) - Refreshed total pipeline count is 0, healthy pipeline threshold count is 1
2022-02-16 01:42:29,451 [Listener at 127.0.0.1/33913] INFO  ozone.MiniOzoneClusterImpl (MiniOzoneClusterImpl.java:lambda$waitForClusterToBeReady$0(219)) - Nodes are ready. Got 9 of 9 DN Heartbeats.
2022-02-16 01:42:29,452 [Listener at 127.0.0.1/33913] INFO  ozone.MiniOzoneClusterImpl (MiniOzoneClusterImpl.java:lambda$waitForClusterToBeReady$0(222)) - Waiting for cluster to exit safe mode
2022-02-16 01:42:29,452 [Listener at 127.0.0.1/33913] INFO  ozone.MiniOzoneClusterImpl (MiniOzoneClusterImpl.java:lambda$waitForClusterToBeReady$0(224)) - SCM became leader
2022-02-16 01:42:29,844 [Command processor thread] INFO  server.RaftServer (RaftServerProxy.java:addNew(95)) - 2f6f166e-3639-444f-87d9-77f80c10b379: addNew group-DF2487306472:[2f6f166e-3639-444f-87d9-77f80c10b379|rpc:10.1.0.46:41167|priority:1] returns group-DF2487306472:java.util.concurrent.CompletableFuture@66aaf039[Not completed]
2022-02-16 01:42:29,854 [pool-60-thread-1] INFO  server.RaftServer$Division (RaftServerImpl.java:<init>(184)) - 2f6f166e-3639-444f-87d9-77f80c10b379: new RaftServerImpl for group-DF2487306472:[2f6f166e-3639-444f-87d9-77f80c10b379|rpc:10.1.0.46:41167|priority:1] with ContainerStateMachine:uninitialized
2022-02-16 01:42:29,854 [pool-60-thread-1] INFO  server.RaftServerConfigKeys (ConfUtils.java:logGet(44)) - raft.server.rpc.timeout.min = 5s (custom)
2022-02-16 01:42:29,854 [pool-60-thread-1] INFO  server.RaftServerConfigKeys (ConfUtils.java:logGet(44)) - raft.server.rpc.timeout.max = 5200ms (custom)
2022-02-16 01:42:29,854 [pool-60-thread-1] INFO  server.RaftServerConfigKeys (ConfUtils.java:logGet(44)) - raft.server.rpc.sleep.time = 25ms (default)
2022-02-16 01:42:29,854 [pool-60-thread-1] INFO  server.RaftServerConfigKeys (ConfUtils.java:logGet(44)) - raft.server.rpc.slowness.timeout = 300000ms (custom)
2022-02-16 01:42:29,854 [pool-60-thread-1] INFO  server.RaftServerConfigKeys (ConfUtils.java:logGet(44)) - raft.server.leaderelection.leader.step-down.wait-time = 10s (default)
2022-02-16 01:42:29,855 [pool-60-thread-1] INFO  server.RaftServerConfigKeys (ConfUtils.java:logGet(44)) - raft.server.sleep.deviation.threshold = 300ms (default)
2022-02-16 01:42:29,855 [pool-60-thread-1] INFO  server.RaftServerConfigKeys (ConfUtils.java:logGet(44)) - raft.server.log.appender.install.snapshot.enabled = false (custom)
2022-02-16 01:42:29,855 [pool-60-thread-1] INFO  server.RaftServer$Division (ServerState.java:<init>(105)) - 2f6f166e-3639-444f-87d9-77f80c10b379@group-DF2487306472: ConfigurationManager, init=-1: [2f6f166e-3639-444f-87d9-77f80c10b379|rpc:10.1.0.46:41167|priority:1], old=null, confs=<EMPTY_MAP>
2022-02-16 01:42:29,855 [pool-60-thread-1] INFO  server.RaftServerConfigKeys (ConfUtils.java:logGet(44)) - raft.server.storage.dir = [/home/runner/work/ozone/ozone/hadoop-ozone/integration-test/target/test-dir/MiniOzoneClusterImpl-c31dc292-76fe-4ff2-ba7c-3deb75f75441/datanode-0/data/ratis] (custom)
2022-02-16 01:42:29,855 [pool-60-thread-1] INFO  server.RaftServerConfigKeys (ConfUtils.java:logGet(44)) - raft.server.log.corruption.policy = EXCEPTION (default)
2022-02-16 01:42:29,855 [pool-60-thread-1] INFO  server.RaftServerConfigKeys (ConfUtils.java:logGet(44)) - raft.server.storage.free-space.min = 0MB (=0) (default)
2022-02-16 01:42:29,855 [pool-60-thread-1] INFO  storage.RaftStorageDirectory (RaftStorageDirectoryImpl.java:analyzeStorage(135)) - The storage directory /home/runner/work/ozone/ozone/hadoop-ozone/integration-test/target/test-dir/MiniOzoneClusterImpl-c31dc292-76fe-4ff2-ba7c-3deb75f75441/datanode-0/data/ratis/8fc00d5e-68fd-47e8-9d04-df2487306472 does not exist. Creating ...
2022-02-16 01:42:29,856 [pool-60-thread-1] INFO  storage.RaftStorageDirectory (RaftStorageDirectoryImpl.java:tryLock(230)) - Lock on /home/runner/work/ozone/ozone/hadoop-ozone/integration-test/target/test-dir/MiniOzoneClusterImpl-c31dc292-76fe-4ff2-ba7c-3deb75f75441/datanode-0/data/ratis/8fc00d5e-68fd-47e8-9d04-df2487306472/in_use.lock acquired by nodename 18047@fv-az184-768
2022-02-16 01:42:29,857 [pool-60-thread-1] INFO  storage.RaftStorage (RaftStorageImpl.java:format(89)) - Storage directory /home/runner/work/ozone/ozone/hadoop-ozone/integration-test/target/test-dir/MiniOzoneClusterImpl-c31dc292-76fe-4ff2-ba7c-3deb75f75441/datanode-0/data/ratis/8fc00d5e-68fd-47e8-9d04-df2487306472 has been successfully formatted.
2022-02-16 01:42:29,861 [pool-60-thread-1] INFO  ratis.ContainerStateMachine (ContainerStateMachine.java:loadSnapshot(231)) - group-DF2487306472: The snapshot info is null. Setting the last applied indexto:(t:0, i:~)
2022-02-16 01:42:29,869 [pool-60-thread-1] INFO  server.RaftServerConfigKeys (ConfUtils.java:logGet(44)) - raft.server.notification.no-leader.timeout = 300000ms (custom)
2022-02-16 01:42:29,869 [pool-60-thread-1] INFO  server.RaftServerConfigKeys (ConfUtils.java:logGet(44)) - raft.server.log.use.memory = false (default)
2022-02-16 01:42:29,870 [pool-60-thread-1] INFO  server.RaftServerConfigKeys (ConfUtils.java:logGet(44)) - raft.server.log.purge.gap = 1000000 (custom)
2022-02-16 01:42:29,870 [pool-60-thread-1] INFO  server.RaftServerConfigKeys (ConfUtils.java:logGet(44)) - raft.server.log.appender.buffer.byte-limit = 33554432 (custom)
2022-02-16 01:42:29,870 [pool-60-thread-1] INFO  server.RaftServerConfigKeys (ConfUtils.java:logGet(44)) - raft.server.log.segment.size.max = 1048576 (custom)
2022-02-16 01:42:29,871 [pool-60-thread-1] INFO  server.RaftServerConfigKeys (ConfUtils.java:logGet(44)) - raft.server.log.segment.cache.num.max = 2 (custom)
2022-02-16 01:42:29,871 [pool-60-thread-1] INFO  server.RaftServerConfigKeys (ConfUtils.java:logGet(44)) - raft.server.log.segment.cache.size.max = 200MB (=209715200) (default)
2022-02-16 01:42:29,871 [pool-60-thread-1] INFO  segmented.SegmentedRaftLogWorker (SegmentedRaftLogWorker.java:<init>(182)) - new 2f6f166e-3639-444f-87d9-77f80c10b379@group-DF2487306472-SegmentedRaftLogWorker for RaftStorageImpl:Storage Directory /home/runner/work/ozone/ozone/hadoop-ozone/integration-test/target/test-dir/MiniOzoneClusterImpl-c31dc292-76fe-4ff2-ba7c-3deb75f75441/datanode-0/data/ratis/8fc00d5e-68fd-47e8-9d04-df2487306472
2022-02-16 01:42:29,873 [pool-60-thread-1] INFO  server.RaftServerConfigKeys (ConfUtils.java:logGet(44)) - raft.server.log.queue.byte-limit = 4294967296 (custom)
2022-02-16 01:42:29,874 [pool-60-thread-1] INFO  server.RaftServerConfigKeys (ConfUtils.java:logGet(44)) - raft.server.log.queue.element-limit = 1024 (custom)
2022-02-16 01:42:29,874 [pool-60-thread-1] INFO  server.RaftServerConfigKeys (ConfUtils.java:logGet(44)) - raft.server.log.segment.size.max = 1048576 (custom)
2022-02-16 01:42:29,874 [pool-60-thread-1] INFO  server.RaftServerConfigKeys (ConfUtils.java:logGet(44)) - raft.server.log.preallocated.size = 16384 (custom)
2022-02-16 01:42:29,874 [pool-60-thread-1] INFO  server.RaftServerConfigKeys (ConfUtils.java:logGet(44)) - raft.server.log.force.sync.num = 128 (default)
2022-02-16 01:42:29,874 [pool-60-thread-1] INFO  server.RaftServerConfigKeys (ConfUtils.java:logGet(44)) - raft.server.log.statemachine.data.sync = true (default)
2022-02-16 01:42:29,874 [pool-60-thread-1] INFO  server.RaftServerConfigKeys (ConfUtils.java:logGet(44)) - raft.server.log.statemachine.data.sync.timeout = 10s (default)
2022-02-16 01:42:29,874 [pool-60-thread-1] INFO  server.RaftServerConfigKeys (ConfUtils.java:logGet(44)) - raft.server.log.statemachine.data.sync.timeout.retry = -1 (default)
2022-02-16 01:42:29,876 [pool-60-thread-1] INFO  server.RaftServerConfigKeys (ConfUtils.java:logGet(44)) - raft.server.log.write.buffer.size = 1048576 (custom)
2022-02-16 01:42:29,876 [pool-60-thread-1] INFO  server.RaftServerConfigKeys (ConfUtils.java:logGet(44)) - raft.server.log.statemachine.data.caching.enabled = true (custom)
2022-02-16 01:42:29,877 [pool-60-thread-1] INFO  segmented.SegmentedRaftLogWorker (SegmentedRaftLogWorker.java:lambda$new$0(133)) - 2f6f166e-3639-444f-87d9-77f80c10b379@group-DF2487306472-SegmentedRaftLogWorker: flushIndex: setUnconditionally 0 -> -1
2022-02-16 01:42:29,877 [pool-60-thread-1] INFO  segmented.SegmentedRaftLogWorker (SegmentedRaftLogWorker.java:lambda$new$0(133)) - 2f6f166e-3639-444f-87d9-77f80c10b379@group-DF2487306472-SegmentedRaftLogWorker: safeCacheEvictIndex: setUnconditionally 0 -> -1
2022-02-16 01:42:29,881 [pool-60-thread-1] INFO  server.RaftServerConfigKeys (ConfUtils.java:logGet(44)) - raft.server.snapshot.auto.trigger.enabled = true (custom)
2022-02-16 01:42:29,884 [pool-60-thread-1] INFO  server.RaftServerConfigKeys (ConfUtils.java:logGet(44)) - raft.server.snapshot.auto.trigger.threshold = 10000 (custom)
2022-02-16 01:42:29,885 [EventQueue-PipelineReportForPipelineReportHandler] INFO  pipeline.PipelineManagerImpl (PipelineManagerImpl.java:openPipeline(291)) - Pipeline Pipeline[ Id: 8fc00d5e-68fd-47e8-9d04-df2487306472, Nodes: 2f6f166e-3639-444f-87d9-77f80c10b379{ip: 10.1.0.46, host: fv-az184-768.3ow45vhwbzuu5incsxmygykede.cx.internal.cloudapp.net, ports: [REPLICATION=33779, RATIS=41167, RATIS_ADMIN=41167, RATIS_SERVER=41167, STANDALONE=33451], networkLocation: /default-rack, certSerialId: null, persistedOpState: IN_SERVICE, persistedOpStateExpiryEpochSec: 0}, ReplicationConfig: RATIS/ONE, State:ALLOCATED, leaderId:2f6f166e-3639-444f-87d9-77f80c10b379, CreationTimestamp2022-02-16T01:42:26.885Z[Etc/UTC]] moved to OPEN state
2022-02-16 01:42:29,887 [pool-60-thread-1] INFO  server.RaftServerConfigKeys (ConfUtils.java:logGet(44)) - raft.server.snapshot.retention.file.num = 5 (custom)
2022-02-16 01:42:29,887 [pool-60-thread-1] INFO  server.RaftServerConfigKeys (ConfUtils.java:logGet(44)) - raft.server.log.purge.upto.snapshot.index = false (default)
2022-02-16 01:42:29,887 [pool-60-thread-1] INFO  server.RaftServerConfigKeys (ConfUtils.java:logGet(44)) - raft.server.retrycache.expirytime = 600000ms (custom)
2022-02-16 01:42:29,887 [pool-60-thread-1] INFO  server.RaftServerConfigKeys (ConfUtils.java:logGet(44)) - raft.server.retrycache.statistics.expirytime = 100μs (default)
2022-02-16 01:42:29,890 [a1539ca7-d2c9-46ac-93a4-114c16d1b05c@group-3DEB75F75441-StateMachineUpdater] INFO  safemode.HealthyPipelineSafeModeRule (HealthyPipelineSafeModeRule.java:initializeRule(152)) - Refreshed total pipeline count is 0, healthy pipeline threshold count is 1
2022-02-16 01:42:29,893 [pool-60-thread-1] INFO  server.RaftServer$Division (RaftServerImpl.java:start(301)) - 2f6f166e-3639-444f-87d9-77f80c10b379@group-DF2487306472: start as a follower, conf=-1: [2f6f166e-3639-444f-87d9-77f80c10b379|rpc:10.1.0.46:41167|priority:1], old=null
2022-02-16 01:42:29,893 [pool-60-thread-1] INFO  server.RaftServer$Division (RaftServerImpl.java:setRole(290)) - 2f6f166e-3639-444f-87d9-77f80c10b379@group-DF2487306472: changes role from      null to FOLLOWER at term 0 for startAsFollower
2022-02-16 01:42:29,893 [pool-60-thread-1] INFO  impl.RoleInfo (RoleInfo.java:updateAndGet(130)) - 2f6f166e-3639-444f-87d9-77f80c10b379: start 2f6f166e-3639-444f-87d9-77f80c10b379@group-DF2487306472-FollowerState
2022-02-16 01:42:29,903 [pool-60-thread-1] INFO  util.JmxRegister (JmxRegister.java:tryRegister(44)) - Successfully registered JMX Bean with object name Ratis:service=RaftServer,group=group-DF2487306472,id=2f6f166e-3639-444f-87d9-77f80c10b379
2022-02-16 01:42:29,906 [Command processor thread] INFO  ratis.XceiverServerRatis (XceiverServerRatis.java:addGroup(769)) - Created group PipelineID=8fc00d5e-68fd-47e8-9d04-df2487306472
2022-02-16 01:42:29,906 [Command processor thread] INFO  commandhandler.CreatePipelineCommandHandler (CreatePipelineCommandHandler.java:handle(106)) - Created Pipeline RATIS ONE PipelineID=8fc00d5e-68fd-47e8-9d04-df2487306472.
2022-02-16 01:42:29,906 [Command processor thread] INFO  server.RaftServer (RaftServerProxy.java:addNew(95)) - 2f6f166e-3639-444f-87d9-77f80c10b379: addNew group-ECB279BAF00E:[b5efad6c-21e2-4d99-b376-b80a2810f054|rpc:10.1.0.46:39795|priority:1, 2f6f166e-3639-444f-87d9-77f80c10b379|rpc:10.1.0.46:41167|priority:0, 7f4e46f4-a6a5-4e91-9d7c-c7c9d4b9ec17|rpc:10.1.0.46:38997|priority:0] returns group-ECB279BAF00E:java.util.concurrent.CompletableFuture@84406bc[Not completed]
2022-02-16 01:42:29,907 [EventQueue-OpenPipelineForHealthyPipelineSafeModeRule] INFO  safemode.SCMSafeModeManager (HealthyPipelineSafeModeRule.java:process(124)) - SCM in safe mode. Healthy pipelines reported count is 0, required healthy pipeline reported count is 1
2022-02-16 01:42:29,908 [pool-60-thread-1] INFO  server.RaftServer$Division (RaftServerImpl.java:<init>(184)) - 2f6f166e-3639-444f-87d9-77f80c10b379: new RaftServerImpl for group-ECB279BAF00E:[b5efad6c-21e2-4d99-b376-b80a2810f054|rpc:10.1.0.46:39795|priority:1, 2f6f166e-3639-444f-87d9-77f80c10b379|rpc:10.1.0.46:41167|priority:0, 7f4e46f4-a6a5-4e91-9d7c-c7c9d4b9ec17|rpc:10.1.0.46:38997|priority:0] with ContainerStateMachine:uninitialized
2022-02-16 01:42:29,910 [pool-60-thread-1] INFO  server.RaftServerConfigKeys (ConfUtils.java:logGet(44)) - raft.server.rpc.timeout.min = 5s (custom)
2022-02-16 01:42:29,910 [pool-60-thread-1] INFO  server.RaftServerConfigKeys (ConfUtils.java:logGet(44)) - raft.server.rpc.timeout.max = 5200ms (custom)
2022-02-16 01:42:29,910 [pool-60-thread-1] INFO  server.RaftServerConfigKeys (ConfUtils.java:logGet(44)) - raft.server.rpc.sleep.time = 25ms (default)
2022-02-16 01:42:29,910 [pool-60-thread-1] INFO  server.RaftServerConfigKeys (ConfUtils.java:logGet(44)) - raft.server.rpc.slowness.timeout = 300000ms (custom)
2022-02-16 01:42:29,910 [pool-60-thread-1] INFO  server.RaftServerConfigKeys (ConfUtils.java:logGet(44)) - raft.server.leaderelection.leader.step-down.wait-time = 10s (default)
2022-02-16 01:42:29,910 [pool-60-thread-1] INFO  server.RaftServerConfigKeys (ConfUtils.java:logGet(44)) - raft.server.sleep.deviation.threshold = 300ms (default)
2022-02-16 01:42:29,910 [pool-60-thread-1] INFO  server.RaftServerConfigKeys (ConfUtils.java:logGet(44)) - raft.server.log.appender.install.snapshot.enabled = false (custom)
2022-02-16 01:42:29,910 [pool-60-thread-1] INFO  server.RaftServer$Division (ServerState.java:<init>(105)) - 2f6f166e-3639-444f-87d9-77f80c10b379@group-ECB279BAF00E: ConfigurationManager, init=-1: [b5efad6c-21e2-4d99-b376-b80a2810f054|rpc:10.1.0.46:39795|priority:1, 2f6f166e-3639-444f-87d9-77f80c10b379|rpc:10.1.0.46:41167|priority:0, 7f4e46f4-a6a5-4e91-9d7c-c7c9d4b9ec17|rpc:10.1.0.46:38997|priority:0], old=null, confs=<EMPTY_MAP>
2022-02-16 01:42:29,910 [pool-60-thread-1] INFO  server.RaftServerConfigKeys (ConfUtils.java:logGet(44)) - raft.server.storage.dir = [/home/runner/work/ozone/ozone/hadoop-ozone/integration-test/target/test-dir/MiniOzoneClusterImpl-c31dc292-76fe-4ff2-ba7c-3deb75f75441/datanode-0/data/ratis] (custom)
2022-02-16 01:42:29,910 [pool-60-thread-1] INFO  server.RaftServerConfigKeys (ConfUtils.java:logGet(44)) - raft.server.log.corruption.policy = EXCEPTION (default)
2022-02-16 01:42:29,910 [pool-60-thread-1] INFO  server.RaftServerConfigKeys (ConfUtils.java:logGet(44)) - raft.server.storage.free-space.min = 0MB (=0) (default)
2022-02-16 01:42:29,911 [pool-60-thread-1] INFO  storage.RaftStorageDirectory (RaftStorageDirectoryImpl.java:analyzeStorage(135)) - The storage directory /home/runner/work/ozone/ozone/hadoop-ozone/integration-test/target/test-dir/MiniOzoneClusterImpl-c31dc292-76fe-4ff2-ba7c-3deb75f75441/datanode-0/data/ratis/9892d6ea-815e-4be0-abff-ecb279baf00e does not exist. Creating ...
2022-02-16 01:42:29,911 [pool-60-thread-1] INFO  storage.RaftStorageDirectory (RaftStorageDirectoryImpl.java:tryLock(230)) - Lock on /home/runner/work/ozone/ozone/hadoop-ozone/integration-test/target/test-dir/MiniOzoneClusterImpl-c31dc292-76fe-4ff2-ba7c-3deb75f75441/datanode-0/data/ratis/9892d6ea-815e-4be0-abff-ecb279baf00e/in_use.lock acquired by nodename 18047@fv-az184-768
2022-02-16 01:42:29,912 [pool-60-thread-1] INFO  storage.RaftStorage (RaftStorageImpl.java:format(89)) - Storage directory /home/runner/work/ozone/ozone/hadoop-ozone/integration-test/target/test-dir/MiniOzoneClusterImpl-c31dc292-76fe-4ff2-ba7c-3deb75f75441/datanode-0/data/ratis/9892d6ea-815e-4be0-abff-ecb279baf00e has been successfully formatted.
2022-02-16 01:42:29,913 [pool-60-thread-1] INFO  ratis.ContainerStateMachine (ContainerStateMachine.java:loadSnapshot(231)) - group-ECB279BAF00E: The snapshot info is null. Setting the last applied indexto:(t:0, i:~)
2022-02-16 01:42:29,913 [pool-60-thread-1] INFO  server.RaftServerConfigKeys (ConfUtils.java:logGet(44)) - raft.server.notification.no-leader.timeout = 300000ms (custom)
2022-02-16 01:42:29,913 [pool-60-thread-1] INFO  server.RaftServerConfigKeys (ConfUtils.java:logGet(44)) - raft.server.log.use.memory = false (default)
2022-02-16 01:42:29,917 [pool-60-thread-1] INFO  server.RaftServerConfigKeys (ConfUtils.java:logGet(44)) - raft.server.log.purge.gap = 1000000 (custom)
2022-02-16 01:42:29,917 [pool-60-thread-1] INFO  server.RaftServerConfigKeys (ConfUtils.java:logGet(44)) - raft.server.log.appender.buffer.byte-limit = 33554432 (custom)
2022-02-16 01:42:29,917 [pool-60-thread-1] INFO  server.RaftServerConfigKeys (ConfUtils.java:logGet(44)) - raft.server.log.segment.size.max = 1048576 (custom)
2022-02-16 01:42:29,918 [EventQueue-OpenPipelineForHealthyPipelineSafeModeRule] INFO  safemode.SCMSafeModeManager (HealthyPipelineSafeModeRule.java:process(124)) - SCM in safe mode. Healthy pipelines reported count is 0, required healthy pipeline reported count is 1
2022-02-16 01:42:29,920 [pool-60-thread-1] INFO  server.RaftServerConfigKeys (ConfUtils.java:logGet(44)) - raft.server.log.segment.cache.num.max = 2 (custom)
2022-02-16 01:42:29,920 [pool-60-thread-1] INFO  server.RaftServerConfigKeys (ConfUtils.java:logGet(44)) - raft.server.log.segment.cache.size.max = 200MB (=209715200) (default)
2022-02-16 01:42:29,920 [pool-60-thread-1] INFO  segmented.SegmentedRaftLogWorker (SegmentedRaftLogWorker.java:<init>(182)) - new 2f6f166e-3639-444f-87d9-77f80c10b379@group-ECB279BAF00E-SegmentedRaftLogWorker for RaftStorageImpl:Storage Directory /home/runner/work/ozone/ozone/hadoop-ozone/integration-test/target/test-dir/MiniOzoneClusterImpl-c31dc292-76fe-4ff2-ba7c-3deb75f75441/datanode-0/data/ratis/9892d6ea-815e-4be0-abff-ecb279baf00e
2022-02-16 01:42:29,920 [pool-60-thread-1] INFO  server.RaftServerConfigKeys (ConfUtils.java:logGet(44)) - raft.server.log.queue.byte-limit = 4294967296 (custom)
2022-02-16 01:42:29,920 [pool-60-thread-1] INFO  server.RaftServerConfigKeys (ConfUtils.java:logGet(44)) - raft.server.log.queue.element-limit = 1024 (custom)
2022-02-16 01:42:29,920 [pool-60-thread-1] INFO  server.RaftServerConfigKeys (ConfUtils.java:logGet(44)) - raft.server.log.segment.size.max = 1048576 (custom)
2022-02-16 01:42:29,920 [pool-60-thread-1] INFO  server.RaftServerConfigKeys (ConfUtils.java:logGet(44)) - raft.server.log.preallocated.size = 16384 (custom)
2022-02-16 01:42:29,920 [pool-60-thread-1] INFO  server.RaftServerConfigKeys (ConfUtils.java:logGet(44)) - raft.server.log.force.sync.num = 128 (default)
2022-02-16 01:42:29,922 [pool-60-thread-1] INFO  server.RaftServerConfigKeys (ConfUtils.java:logGet(44)) - raft.server.log.statemachine.data.sync = true (default)
2022-02-16 01:42:29,922 [pool-60-thread-1] INFO  server.RaftServerConfigKeys (ConfUtils.java:logGet(44)) - raft.server.log.statemachine.data.sync.timeout = 10s (default)
2022-02-16 01:42:29,922 [pool-60-thread-1] INFO  server.RaftServerConfigKeys (ConfUtils.java:logGet(44)) - raft.server.log.statemachine.data.sync.timeout.retry = -1 (default)
2022-02-16 01:42:29,924 [pool-60-thread-1] INFO  server.RaftServerConfigKeys (ConfUtils.java:logGet(44)) - raft.server.log.write.buffer.size = 1048576 (custom)
2022-02-16 01:42:29,925 [pool-60-thread-1] INFO  server.RaftServerConfigKeys (ConfUtils.java:logGet(44)) - raft.server.log.statemachine.data.caching.enabled = true (custom)
2022-02-16 01:42:29,925 [pool-60-thread-1] INFO  segmented.SegmentedRaftLogWorker (SegmentedRaftLogWorker.java:lambda$new$0(133)) - 2f6f166e-3639-444f-87d9-77f80c10b379@group-ECB279BAF00E-SegmentedRaftLogWorker: flushIndex: setUnconditionally 0 -> -1
2022-02-16 01:42:29,925 [pool-60-thread-1] INFO  segmented.SegmentedRaftLogWorker (SegmentedRaftLogWorker.java:lambda$new$0(133)) - 2f6f166e-3639-444f-87d9-77f80c10b379@group-ECB279BAF00E-SegmentedRaftLogWorker: safeCacheEvictIndex: setUnconditionally 0 -> -1
2022-02-16 01:42:29,925 [pool-60-thread-1] INFO  server.RaftServerConfigKeys (ConfUtils.java:logGet(44)) - raft.server.snapshot.auto.trigger.enabled = true (custom)
2022-02-16 01:42:29,925 [pool-60-thread-1] INFO  server.RaftServerConfigKeys (ConfUtils.java:logGet(44)) - raft.server.snapshot.auto.trigger.threshold = 10000 (custom)
2022-02-16 01:42:29,925 [pool-60-thread-1] INFO  server.RaftServerConfigKeys (ConfUtils.java:logGet(44)) - raft.server.snapshot.retention.file.num = 5 (custom)
2022-02-16 01:42:29,925 [pool-60-thread-1] INFO  server.RaftServerConfigKeys (ConfUtils.java:logGet(44)) - raft.server.log.purge.upto.snapshot.index = false (default)
2022-02-16 01:42:29,925 [pool-60-thread-1] INFO  server.RaftServerConfigKeys (ConfUtils.java:logGet(44)) - raft.server.retrycache.expirytime = 600000ms (custom)
2022-02-16 01:42:29,925 [pool-60-thread-1] INFO  server.RaftServerConfigKeys (ConfUtils.java:logGet(44)) - raft.server.retrycache.statistics.expirytime = 100μs (default)
2022-02-16 01:42:29,928 [pool-60-thread-1] INFO  server.RaftServer$Division (RaftServerImpl.java:start(301)) - 2f6f166e-3639-444f-87d9-77f80c10b379@group-ECB279BAF00E: start as a follower, conf=-1: [b5efad6c-21e2-4d99-b376-b80a2810f054|rpc:10.1.0.46:39795|priority:1, 2f6f166e-3639-444f-87d9-77f80c10b379|rpc:10.1.0.46:41167|priority:0, 7f4e46f4-a6a5-4e91-9d7c-c7c9d4b9ec17|rpc:10.1.0.46:38997|priority:0], old=null
2022-02-16 01:42:29,928 [pool-60-thread-1] INFO  server.RaftServer$Division (RaftServerImpl.java:setRole(290)) - 2f6f166e-3639-444f-87d9-77f80c10b379@group-ECB279BAF00E: changes role from      null to FOLLOWER at term 0 for startAsFollower
2022-02-16 01:42:29,928 [pool-60-thread-1] INFO  impl.RoleInfo (RoleInfo.java:updateAndGet(130)) - 2f6f166e-3639-444f-87d9-77f80c10b379: start 2f6f166e-3639-444f-87d9-77f80c10b379@group-ECB279BAF00E-FollowerState
2022-02-16 01:42:29,928 [pool-60-thread-1] INFO  util.JmxRegister (JmxRegister.java:tryRegister(44)) - Successfully registered JMX Bean with object name Ratis:service=RaftServer,group=group-ECB279BAF00E,id=2f6f166e-3639-444f-87d9-77f80c10b379
2022-02-16 01:42:29,929 [Command processor thread] INFO  ratis.XceiverServerRatis (XceiverServerRatis.java:addGroup(769)) - Created group PipelineID=9892d6ea-815e-4be0-abff-ecb279baf00e
2022-02-16 01:42:30,117 [Command processor thread] INFO  server.RaftServer (RaftServerProxy.java:addNew(95)) - 7f4e46f4-a6a5-4e91-9d7c-c7c9d4b9ec17: addNew group-7FECFE5E75A9:[7f4e46f4-a6a5-4e91-9d7c-c7c9d4b9ec17|rpc:10.1.0.46:38997|priority:1] returns group-7FECFE5E75A9:java.util.concurrent.CompletableFuture@455508ec[Not completed]
2022-02-16 01:42:30,131 [pool-81-thread-1] INFO  server.RaftServer$Division (RaftServerImpl.java:<init>(184)) - 7f4e46f4-a6a5-4e91-9d7c-c7c9d4b9ec17: new RaftServerImpl for group-7FECFE5E75A9:[7f4e46f4-a6a5-4e91-9d7c-c7c9d4b9ec17|rpc:10.1.0.46:38997|priority:1] with ContainerStateMachine:uninitialized
2022-02-16 01:42:30,131 [pool-81-thread-1] INFO  server.RaftServerConfigKeys (ConfUtils.java:logGet(44)) - raft.server.rpc.timeout.min = 5s (custom)
2022-02-16 01:42:30,132 [pool-81-thread-1] INFO  server.RaftServerConfigKeys (ConfUtils.java:logGet(44)) - raft.server.rpc.timeout.max = 5200ms (custom)
2022-02-16 01:42:30,132 [pool-81-thread-1] INFO  server.RaftServerConfigKeys (ConfUtils.java:logGet(44)) - raft.server.rpc.sleep.time = 25ms (default)
2022-02-16 01:42:30,132 [pool-81-thread-1] INFO  server.RaftServerConfigKeys (ConfUtils.java:logGet(44)) - raft.server.rpc.slowness.timeout = 300000ms (custom)
2022-02-16 01:42:30,132 [pool-81-thread-1] INFO  server.RaftServerConfigKeys (ConfUtils.java:logGet(44)) - raft.server.leaderelection.leader.step-down.wait-time = 10s (default)
2022-02-16 01:42:30,132 [pool-81-thread-1] INFO  server.RaftServerConfigKeys (ConfUtils.java:logGet(44)) - raft.server.sleep.deviation.threshold = 300ms (default)
2022-02-16 01:42:30,132 [pool-81-thread-1] INFO  server.RaftServerConfigKeys (ConfUtils.java:logGet(44)) - raft.server.log.appender.install.snapshot.enabled = false (custom)
2022-02-16 01:42:30,132 [pool-81-thread-1] INFO  server.RaftServer$Division (ServerState.java:<init>(105)) - 7f4e46f4-a6a5-4e91-9d7c-c7c9d4b9ec17@group-7FECFE5E75A9: ConfigurationManager, init=-1: [7f4e46f4-a6a5-4e91-9d7c-c7c9d4b9ec17|rpc:10.1.0.46:38997|priority:1], old=null, confs=<EMPTY_MAP>
2022-02-16 01:42:30,132 [pool-81-thread-1] INFO  server.RaftServerConfigKeys (ConfUtils.java:logGet(44)) - raft.server.storage.dir = [/home/runner/work/ozone/ozone/hadoop-ozone/integration-test/target/test-dir/MiniOzoneClusterImpl-c31dc292-76fe-4ff2-ba7c-3deb75f75441/datanode-1/data/ratis] (custom)
2022-02-16 01:42:30,132 [pool-81-thread-1] INFO  server.RaftServerConfigKeys (ConfUtils.java:logGet(44)) - raft.server.log.corruption.policy = EXCEPTION (default)
2022-02-16 01:42:30,132 [pool-81-thread-1] INFO  server.RaftServerConfigKeys (ConfUtils.java:logGet(44)) - raft.server.storage.free-space.min = 0MB (=0) (default)
2022-02-16 01:42:30,132 [pool-81-thread-1] INFO  storage.RaftStorageDirectory (RaftStorageDirectoryImpl.java:analyzeStorage(135)) - The storage directory /home/runner/work/ozone/ozone/hadoop-ozone/integration-test/target/test-dir/MiniOzoneClusterImpl-c31dc292-76fe-4ff2-ba7c-3deb75f75441/datanode-1/data/ratis/147a6404-9c3a-4561-a8aa-7fecfe5e75a9 does not exist. Creating ...
2022-02-16 01:42:30,134 [pool-81-thread-1] INFO  storage.RaftStorageDirectory (RaftStorageDirectoryImpl.java:tryLock(230)) - Lock on /home/runner/work/ozone/ozone/hadoop-ozone/integration-test/target/test-dir/MiniOzoneClusterImpl-c31dc292-76fe-4ff2-ba7c-3deb75f75441/datanode-1/data/ratis/147a6404-9c3a-4561-a8aa-7fecfe5e75a9/in_use.lock acquired by nodename 18047@fv-az184-768
2022-02-16 01:42:30,137 [pool-81-thread-1] INFO  storage.RaftStorage (RaftStorageImpl.java:format(89)) - Storage directory /home/runner/work/ozone/ozone/hadoop-ozone/integration-test/target/test-dir/MiniOzoneClusterImpl-c31dc292-76fe-4ff2-ba7c-3deb75f75441/datanode-1/data/ratis/147a6404-9c3a-4561-a8aa-7fecfe5e75a9 has been successfully formatted.
2022-02-16 01:42:30,137 [pool-81-thread-1] INFO  ratis.ContainerStateMachine (ContainerStateMachine.java:loadSnapshot(231)) - group-7FECFE5E75A9: The snapshot info is null. Setting the last applied indexto:(t:0, i:~)
2022-02-16 01:42:30,143 [pool-81-thread-1] INFO  server.RaftServerConfigKeys (ConfUtils.java:logGet(44)) - raft.server.notification.no-leader.timeout = 300000ms (custom)
2022-02-16 01:42:30,146 [pool-81-thread-1] INFO  server.RaftServerConfigKeys (ConfUtils.java:logGet(44)) - raft.server.log.use.memory = false (default)
2022-02-16 01:42:30,146 [pool-81-thread-1] INFO  server.RaftServerConfigKeys (ConfUtils.java:logGet(44)) - raft.server.log.purge.gap = 1000000 (custom)
2022-02-16 01:42:30,146 [pool-81-thread-1] INFO  server.RaftServerConfigKeys (ConfUtils.java:logGet(44)) - raft.server.log.appender.buffer.byte-limit = 33554432 (custom)
2022-02-16 01:42:30,144 [EventQueue-PipelineReportForPipelineReportHandler] INFO  pipeline.PipelineManagerImpl (PipelineManagerImpl.java:openPipeline(291)) - Pipeline Pipeline[ Id: 147a6404-9c3a-4561-a8aa-7fecfe5e75a9, Nodes: 7f4e46f4-a6a5-4e91-9d7c-c7c9d4b9ec17{ip: 10.1.0.46, host: fv-az184-768.3ow45vhwbzuu5incsxmygykede.cx.internal.cloudapp.net, ports: [REPLICATION=42017, RATIS=38997, RATIS_ADMIN=38997, RATIS_SERVER=38997, STANDALONE=39207], networkLocation: /default-rack, certSerialId: null, persistedOpState: IN_SERVICE, persistedOpStateExpiryEpochSec: 0}, ReplicationConfig: RATIS/ONE, State:ALLOCATED, leaderId:7f4e46f4-a6a5-4e91-9d7c-c7c9d4b9ec17, CreationTimestamp2022-02-16T01:42:27.112Z[Etc/UTC]] moved to OPEN state
2022-02-16 01:42:30,147 [pool-81-thread-1] INFO  server.RaftServerConfigKeys (ConfUtils.java:logGet(44)) - raft.server.log.segment.size.max = 1048576 (custom)
2022-02-16 01:42:30,147 [pool-81-thread-1] INFO  server.RaftServerConfigKeys (ConfUtils.java:logGet(44)) - raft.server.log.segment.cache.num.max = 2 (custom)
2022-02-16 01:42:30,147 [pool-81-thread-1] INFO  server.RaftServerConfigKeys (ConfUtils.java:logGet(44)) - raft.server.log.segment.cache.size.max = 200MB (=209715200) (default)
2022-02-16 01:42:30,147 [pool-81-thread-1] INFO  segmented.SegmentedRaftLogWorker (SegmentedRaftLogWorker.java:<init>(182)) - new 7f4e46f4-a6a5-4e91-9d7c-c7c9d4b9ec17@group-7FECFE5E75A9-SegmentedRaftLogWorker for RaftStorageImpl:Storage Directory /home/runner/work/ozone/ozone/hadoop-ozone/integration-test/target/test-dir/MiniOzoneClusterImpl-c31dc292-76fe-4ff2-ba7c-3deb75f75441/datanode-1/data/ratis/147a6404-9c3a-4561-a8aa-7fecfe5e75a9
2022-02-16 01:42:30,147 [pool-81-thread-1] INFO  server.RaftServerConfigKeys (ConfUtils.java:logGet(44)) - raft.server.log.queue.byte-limit = 4294967296 (custom)
2022-02-16 01:42:30,147 [pool-81-thread-1] INFO  server.RaftServerConfigKeys (ConfUtils.java:logGet(44)) - raft.server.log.queue.element-limit = 1024 (custom)
2022-02-16 01:42:30,147 [pool-81-thread-1] INFO  server.RaftServerConfigKeys (ConfUtils.java:logGet(44)) - raft.server.log.segment.size.max = 1048576 (custom)
2022-02-16 01:42:30,148 [pool-81-thread-1] INFO  server.RaftServerConfigKeys (ConfUtils.java:logGet(44)) - raft.server.log.preallocated.size = 16384 (custom)
2022-02-16 01:42:30,148 [pool-81-thread-1] INFO  server.RaftServerConfigKeys (ConfUtils.java:logGet(44)) - raft.server.log.force.sync.num = 128 (default)
2022-02-16 01:42:30,148 [pool-81-thread-1] INFO  server.RaftServerConfigKeys (ConfUtils.java:logGet(44)) - raft.server.log.statemachine.data.sync = true (default)
2022-02-16 01:42:30,148 [pool-81-thread-1] INFO  server.RaftServerConfigKeys (ConfUtils.java:logGet(44)) - raft.server.log.statemachine.data.sync.timeout = 10s (default)
2022-02-16 01:42:30,148 [pool-81-thread-1] INFO  server.RaftServerConfigKeys (ConfUtils.java:logGet(44)) - raft.server.log.statemachine.data.sync.timeout.retry = -1 (default)
2022-02-16 01:42:30,148 [a1539ca7-d2c9-46ac-93a4-114c16d1b05c@group-3DEB75F75441-StateMachineUpdater] INFO  safemode.HealthyPipelineSafeModeRule (HealthyPipelineSafeModeRule.java:initializeRule(152)) - Refreshed total pipeline count is 0, healthy pipeline threshold count is 1
2022-02-16 01:42:30,149 [EventQueue-OpenPipelineForHealthyPipelineSafeModeRule] INFO  safemode.SCMSafeModeManager (HealthyPipelineSafeModeRule.java:process(124)) - SCM in safe mode. Healthy pipelines reported count is 0, required healthy pipeline reported count is 1
2022-02-16 01:42:30,153 [pool-81-thread-1] INFO  server.RaftServerConfigKeys (ConfUtils.java:logGet(44)) - raft.server.log.write.buffer.size = 1048576 (custom)
2022-02-16 01:42:30,154 [pool-81-thread-1] INFO  server.RaftServerConfigKeys (ConfUtils.java:logGet(44)) - raft.server.log.statemachine.data.caching.enabled = true (custom)
2022-02-16 01:42:30,154 [pool-81-thread-1] INFO  segmented.SegmentedRaftLogWorker (SegmentedRaftLogWorker.java:lambda$new$0(133)) - 7f4e46f4-a6a5-4e91-9d7c-c7c9d4b9ec17@group-7FECFE5E75A9-SegmentedRaftLogWorker: flushIndex: setUnconditionally 0 -> -1
2022-02-16 01:42:30,154 [pool-81-thread-1] INFO  segmented.SegmentedRaftLogWorker (SegmentedRaftLogWorker.java:lambda$new$0(133)) - 7f4e46f4-a6a5-4e91-9d7c-c7c9d4b9ec17@group-7FECFE5E75A9-SegmentedRaftLogWorker: safeCacheEvictIndex: setUnconditionally 0 -> -1
2022-02-16 01:42:30,154 [pool-81-thread-1] INFO  server.RaftServerConfigKeys (ConfUtils.java:logGet(44)) - raft.server.snapshot.auto.trigger.enabled = true (custom)
2022-02-16 01:42:30,154 [pool-81-thread-1] INFO  server.RaftServerConfigKeys (ConfUtils.java:logGet(44)) - raft.server.snapshot.auto.trigger.threshold = 10000 (custom)
2022-02-16 01:42:30,154 [pool-81-thread-1] INFO  server.RaftServerConfigKeys (ConfUtils.java:logGet(44)) - raft.server.snapshot.retention.file.num = 5 (custom)
2022-02-16 01:42:30,154 [pool-81-thread-1] INFO  server.RaftServerConfigKeys (ConfUtils.java:logGet(44)) - raft.server.log.purge.upto.snapshot.index = false (default)
2022-02-16 01:42:30,155 [pool-81-thread-1] INFO  server.RaftServerConfigKeys (ConfUtils.java:logGet(44)) - raft.server.retrycache.expirytime = 600000ms (custom)
2022-02-16 01:42:30,155 [pool-81-thread-1] INFO  server.RaftServerConfigKeys (ConfUtils.java:logGet(44)) - raft.server.retrycache.statistics.expirytime = 100μs (default)
2022-02-16 01:42:30,156 [pool-81-thread-1] INFO  server.RaftServer$Division (RaftServerImpl.java:start(301)) - 7f4e46f4-a6a5-4e91-9d7c-c7c9d4b9ec17@group-7FECFE5E75A9: start as a follower, conf=-1: [7f4e46f4-a6a5-4e91-9d7c-c7c9d4b9ec17|rpc:10.1.0.46:38997|priority:1], old=null
2022-02-16 01:42:30,156 [pool-81-thread-1] INFO  server.RaftServer$Division (RaftServerImpl.java:setRole(290)) - 7f4e46f4-a6a5-4e91-9d7c-c7c9d4b9ec17@group-7FECFE5E75A9: changes role from      null to FOLLOWER at term 0 for startAsFollower
2022-02-16 01:42:30,156 [pool-81-thread-1] INFO  impl.RoleInfo (RoleInfo.java:updateAndGet(130)) - 7f4e46f4-a6a5-4e91-9d7c-c7c9d4b9ec17: start 7f4e46f4-a6a5-4e91-9d7c-c7c9d4b9ec17@group-7FECFE5E75A9-FollowerState
2022-02-16 01:42:30,163 [pool-81-thread-1] INFO  util.JmxRegister (JmxRegister.java:tryRegister(44)) - Successfully registered JMX Bean with object name Ratis:service=RaftServer,group=group-7FECFE5E75A9,id=7f4e46f4-a6a5-4e91-9d7c-c7c9d4b9ec17
2022-02-16 01:42:30,164 [Command processor thread] INFO  ratis.XceiverServerRatis (XceiverServerRatis.java:addGroup(769)) - Created group PipelineID=147a6404-9c3a-4561-a8aa-7fecfe5e75a9
2022-02-16 01:42:30,164 [Command processor thread] INFO  commandhandler.CreatePipelineCommandHandler (CreatePipelineCommandHandler.java:handle(106)) - Created Pipeline RATIS ONE PipelineID=147a6404-9c3a-4561-a8aa-7fecfe5e75a9.
2022-02-16 01:42:30,167 [Command processor thread] INFO  server.RaftServer (RaftServerProxy.java:addNew(95)) - 7f4e46f4-a6a5-4e91-9d7c-c7c9d4b9ec17: addNew group-ECB279BAF00E:[b5efad6c-21e2-4d99-b376-b80a2810f054|rpc:10.1.0.46:39795|priority:1, 2f6f166e-3639-444f-87d9-77f80c10b379|rpc:10.1.0.46:41167|priority:0, 7f4e46f4-a6a5-4e91-9d7c-c7c9d4b9ec17|rpc:10.1.0.46:38997|priority:0] returns group-ECB279BAF00E:java.util.concurrent.CompletableFuture@416a849e[Not completed]
2022-02-16 01:42:30,168 [pool-81-thread-1] INFO  server.RaftServer$Division (RaftServerImpl.java:<init>(184)) - 7f4e46f4-a6a5-4e91-9d7c-c7c9d4b9ec17: new RaftServerImpl for group-ECB279BAF00E:[b5efad6c-21e2-4d99-b376-b80a2810f054|rpc:10.1.0.46:39795|priority:1, 2f6f166e-3639-444f-87d9-77f80c10b379|rpc:10.1.0.46:41167|priority:0, 7f4e46f4-a6a5-4e91-9d7c-c7c9d4b9ec17|rpc:10.1.0.46:38997|priority:0] with ContainerStateMachine:uninitialized
2022-02-16 01:42:30,168 [pool-81-thread-1] INFO  server.RaftServerConfigKeys (ConfUtils.java:logGet(44)) - raft.server.rpc.timeout.min = 5s (custom)
2022-02-16 01:42:30,168 [pool-81-thread-1] INFO  server.RaftServerConfigKeys (ConfUtils.java:logGet(44)) - raft.server.rpc.timeout.max = 5200ms (custom)
2022-02-16 01:42:30,168 [pool-81-thread-1] INFO  server.RaftServerConfigKeys (ConfUtils.java:logGet(44)) - raft.server.rpc.sleep.time = 25ms (default)
2022-02-16 01:42:30,168 [pool-81-thread-1] INFO  server.RaftServerConfigKeys (ConfUtils.java:logGet(44)) - raft.server.rpc.slowness.timeout = 300000ms (custom)
2022-02-16 01:42:30,168 [pool-81-thread-1] INFO  server.RaftServerConfigKeys (ConfUtils.java:logGet(44)) - raft.server.leaderelection.leader.step-down.wait-time = 10s (default)
2022-02-16 01:42:30,168 [pool-81-thread-1] INFO  server.RaftServerConfigKeys (ConfUtils.java:logGet(44)) - raft.server.sleep.deviation.threshold = 300ms (default)
2022-02-16 01:42:30,168 [pool-81-thread-1] INFO  server.RaftServerConfigKeys (ConfUtils.java:logGet(44)) - raft.server.log.appender.install.snapshot.enabled = false (custom)
2022-02-16 01:42:30,168 [pool-81-thread-1] INFO  server.RaftServer$Division (ServerState.java:<init>(105)) - 7f4e46f4-a6a5-4e91-9d7c-c7c9d4b9ec17@group-ECB279BAF00E: ConfigurationManager, init=-1: [b5efad6c-21e2-4d99-b376-b80a2810f054|rpc:10.1.0.46:39795|priority:1, 2f6f166e-3639-444f-87d9-77f80c10b379|rpc:10.1.0.46:41167|priority:0, 7f4e46f4-a6a5-4e91-9d7c-c7c9d4b9ec17|rpc:10.1.0.46:38997|priority:0], old=null, confs=<EMPTY_MAP>
2022-02-16 01:42:30,168 [pool-81-thread-1] INFO  server.RaftServerConfigKeys (ConfUtils.java:logGet(44)) - raft.server.storage.dir = [/home/runner/work/ozone/ozone/hadoop-ozone/integration-test/target/test-dir/MiniOzoneClusterImpl-c31dc292-76fe-4ff2-ba7c-3deb75f75441/datanode-1/data/ratis] (custom)
2022-02-16 01:42:30,169 [pool-81-thread-1] INFO  server.RaftServerConfigKeys (ConfUtils.java:logGet(44)) - raft.server.log.corruption.policy = EXCEPTION (default)
2022-02-16 01:42:30,169 [pool-81-thread-1] INFO  server.RaftServerConfigKeys (ConfUtils.java:logGet(44)) - raft.server.storage.free-space.min = 0MB (=0) (default)
2022-02-16 01:42:30,169 [pool-81-thread-1] INFO  storage.RaftStorageDirectory (RaftStorageDirectoryImpl.java:analyzeStorage(135)) - The storage directory /home/runner/work/ozone/ozone/hadoop-ozone/integration-test/target/test-dir/MiniOzoneClusterImpl-c31dc292-76fe-4ff2-ba7c-3deb75f75441/datanode-1/data/ratis/9892d6ea-815e-4be0-abff-ecb279baf00e does not exist. Creating ...
2022-02-16 01:42:30,169 [pool-81-thread-1] INFO  storage.RaftStorageDirectory (RaftStorageDirectoryImpl.java:tryLock(230)) - Lock on /home/runner/work/ozone/ozone/hadoop-ozone/integration-test/target/test-dir/MiniOzoneClusterImpl-c31dc292-76fe-4ff2-ba7c-3deb75f75441/datanode-1/data/ratis/9892d6ea-815e-4be0-abff-ecb279baf00e/in_use.lock acquired by nodename 18047@fv-az184-768
2022-02-16 01:42:30,171 [pool-81-thread-1] INFO  storage.RaftStorage (RaftStorageImpl.java:format(89)) - Storage directory /home/runner/work/ozone/ozone/hadoop-ozone/integration-test/target/test-dir/MiniOzoneClusterImpl-c31dc292-76fe-4ff2-ba7c-3deb75f75441/datanode-1/data/ratis/9892d6ea-815e-4be0-abff-ecb279baf00e has been successfully formatted.
2022-02-16 01:42:30,171 [pool-81-thread-1] INFO  ratis.ContainerStateMachine (ContainerStateMachine.java:loadSnapshot(231)) - group-ECB279BAF00E: The snapshot info is null. Setting the last applied indexto:(t:0, i:~)
2022-02-16 01:42:30,171 [pool-81-thread-1] INFO  server.RaftServerConfigKeys (ConfUtils.java:logGet(44)) - raft.server.notification.no-leader.timeout = 300000ms (custom)
2022-02-16 01:42:30,171 [pool-81-thread-1] INFO  server.RaftServerConfigKeys (ConfUtils.java:logGet(44)) - raft.server.log.use.memory = false (default)
2022-02-16 01:42:30,171 [pool-81-thread-1] INFO  server.RaftServerConfigKeys (ConfUtils.java:logGet(44)) - raft.server.log.purge.gap = 1000000 (custom)
2022-02-16 01:42:30,171 [pool-81-thread-1] INFO  server.RaftServerConfigKeys (ConfUtils.java:logGet(44)) - raft.server.log.appender.buffer.byte-limit = 33554432 (custom)
2022-02-16 01:42:30,172 [pool-81-thread-1] INFO  server.RaftServerConfigKeys (ConfUtils.java:logGet(44)) - raft.server.log.segment.size.max = 1048576 (custom)
2022-02-16 01:42:30,172 [pool-81-thread-1] INFO  server.RaftServerConfigKeys (ConfUtils.java:logGet(44)) - raft.server.log.segment.cache.num.max = 2 (custom)
2022-02-16 01:42:30,172 [pool-81-thread-1] INFO  server.RaftServerConfigKeys (ConfUtils.java:logGet(44)) - raft.server.log.segment.cache.size.max = 200MB (=209715200) (default)
2022-02-16 01:42:30,172 [pool-81-thread-1] INFO  segmented.SegmentedRaftLogWorker (SegmentedRaftLogWorker.java:<init>(182)) - new 7f4e46f4-a6a5-4e91-9d7c-c7c9d4b9ec17@group-ECB279BAF00E-SegmentedRaftLogWorker for RaftStorageImpl:Storage Directory /home/runner/work/ozone/ozone/hadoop-ozone/integration-test/target/test-dir/MiniOzoneClusterImpl-c31dc292-76fe-4ff2-ba7c-3deb75f75441/datanode-1/data/ratis/9892d6ea-815e-4be0-abff-ecb279baf00e
2022-02-16 01:42:30,172 [pool-81-thread-1] INFO  server.RaftServerConfigKeys (ConfUtils.java:logGet(44)) - raft.server.log.queue.byte-limit = 4294967296 (custom)
2022-02-16 01:42:30,173 [pool-81-thread-1] INFO  server.RaftServerConfigKeys (ConfUtils.java:logGet(44)) - raft.server.log.queue.element-limit = 1024 (custom)
2022-02-16 01:42:30,173 [pool-81-thread-1] INFO  server.RaftServerConfigKeys (ConfUtils.java:logGet(44)) - raft.server.log.segment.size.max = 1048576 (custom)
2022-02-16 01:42:30,173 [pool-81-thread-1] INFO  server.RaftServerConfigKeys (ConfUtils.java:logGet(44)) - raft.server.log.preallocated.size = 16384 (custom)
2022-02-16 01:42:30,173 [pool-81-thread-1] INFO  server.RaftServerConfigKeys (ConfUtils.java:logGet(44)) - raft.server.log.force.sync.num = 128 (default)
2022-02-16 01:42:30,173 [pool-81-thread-1] INFO  server.RaftServerConfigKeys (ConfUtils.java:logGet(44)) - raft.server.log.statemachine.data.sync = true (default)
2022-02-16 01:42:30,173 [pool-81-thread-1] INFO  server.RaftServerConfigKeys (ConfUtils.java:logGet(44)) - raft.server.log.statemachine.data.sync.timeout = 10s (default)
2022-02-16 01:42:30,173 [pool-81-thread-1] INFO  server.RaftServerConfigKeys (ConfUtils.java:logGet(44)) - raft.server.log.statemachine.data.sync.timeout.retry = -1 (default)
2022-02-16 01:42:30,176 [pool-81-thread-1] INFO  server.RaftServerConfigKeys (ConfUtils.java:logGet(44)) - raft.server.log.write.buffer.size = 1048576 (custom)
2022-02-16 01:42:30,179 [pool-81-thread-1] INFO  server.RaftServerConfigKeys (ConfUtils.java:logGet(44)) - raft.server.log.statemachine.data.caching.enabled = true (custom)
2022-02-16 01:42:30,180 [EventQueue-OpenPipelineForHealthyPipelineSafeModeRule] INFO  safemode.SCMSafeModeManager (HealthyPipelineSafeModeRule.java:process(124)) - SCM in safe mode. Healthy pipelines reported count is 0, required healthy pipeline reported count is 1
2022-02-16 01:42:30,186 [pool-81-thread-1] INFO  segmented.SegmentedRaftLogWorker (SegmentedRaftLogWorker.java:lambda$new$0(133)) - 7f4e46f4-a6a5-4e91-9d7c-c7c9d4b9ec17@group-ECB279BAF00E-SegmentedRaftLogWorker: flushIndex: setUnconditionally 0 -> -1
2022-02-16 01:42:30,186 [pool-81-thread-1] INFO  segmented.SegmentedRaftLogWorker (SegmentedRaftLogWorker.java:lambda$new$0(133)) - 7f4e46f4-a6a5-4e91-9d7c-c7c9d4b9ec17@group-ECB279BAF00E-SegmentedRaftLogWorker: safeCacheEvictIndex: setUnconditionally 0 -> -1
2022-02-16 01:42:30,194 [pool-81-thread-1] INFO  server.RaftServerConfigKeys (ConfUtils.java:logGet(44)) - raft.server.snapshot.auto.trigger.enabled = true (custom)
2022-02-16 01:42:30,194 [pool-81-thread-1] INFO  server.RaftServerConfigKeys (ConfUtils.java:logGet(44)) - raft.server.snapshot.auto.trigger.threshold = 10000 (custom)
2022-02-16 01:42:30,194 [pool-81-thread-1] INFO  server.RaftServerConfigKeys (ConfUtils.java:logGet(44)) - raft.server.snapshot.retention.file.num = 5 (custom)
2022-02-16 01:42:30,194 [pool-81-thread-1] INFO  server.RaftServerConfigKeys (ConfUtils.java:logGet(44)) - raft.server.log.purge.upto.snapshot.index = false (default)
2022-02-16 01:42:30,195 [pool-81-thread-1] INFO  server.RaftServerConfigKeys (ConfUtils.java:logGet(44)) - raft.server.retrycache.expirytime = 600000ms (custom)
2022-02-16 01:42:30,195 [pool-81-thread-1] INFO  server.RaftServerConfigKeys (ConfUtils.java:logGet(44)) - raft.server.retrycache.statistics.expirytime = 100μs (default)
2022-02-16 01:42:30,196 [pool-81-thread-1] INFO  server.RaftServer$Division (RaftServerImpl.java:start(301)) - 7f4e46f4-a6a5-4e91-9d7c-c7c9d4b9ec17@group-ECB279BAF00E: start as a follower, conf=-1: [b5efad6c-21e2-4d99-b376-b80a2810f054|rpc:10.1.0.46:39795|priority:1, 2f6f166e-3639-444f-87d9-77f80c10b379|rpc:10.1.0.46:41167|priority:0, 7f4e46f4-a6a5-4e91-9d7c-c7c9d4b9ec17|rpc:10.1.0.46:38997|priority:0], old=null
2022-02-16 01:42:30,196 [pool-81-thread-1] INFO  server.RaftServer$Division (RaftServerImpl.java:setRole(290)) - 7f4e46f4-a6a5-4e91-9d7c-c7c9d4b9ec17@group-ECB279BAF00E: changes role from      null to FOLLOWER at term 0 for startAsFollower
2022-02-16 01:42:30,196 [pool-81-thread-1] INFO  impl.RoleInfo (RoleInfo.java:updateAndGet(130)) - 7f4e46f4-a6a5-4e91-9d7c-c7c9d4b9ec17: start 7f4e46f4-a6a5-4e91-9d7c-c7c9d4b9ec17@group-ECB279BAF00E-FollowerState
2022-02-16 01:42:30,202 [pool-81-thread-1] INFO  util.JmxRegister (JmxRegister.java:tryRegister(44)) - Successfully registered JMX Bean with object name Ratis:service=RaftServer,group=group-ECB279BAF00E,id=7f4e46f4-a6a5-4e91-9d7c-c7c9d4b9ec17
2022-02-16 01:42:30,206 [Command processor thread] INFO  ratis.XceiverServerRatis (XceiverServerRatis.java:addGroup(769)) - Created group PipelineID=9892d6ea-815e-4be0-abff-ecb279baf00e
2022-02-16 01:42:30,332 [Command processor thread] INFO  server.RaftServer (RaftServerProxy.java:addNew(95)) - b5efad6c-21e2-4d99-b376-b80a2810f054: addNew group-BEF52E4E4D69:[b5efad6c-21e2-4d99-b376-b80a2810f054|rpc:10.1.0.46:39795|priority:1] returns group-BEF52E4E4D69:java.util.concurrent.CompletableFuture@1ad35010[Not completed]
2022-02-16 01:42:30,351 [pool-102-thread-1] INFO  server.RaftServer$Division (RaftServerImpl.java:<init>(184)) - b5efad6c-21e2-4d99-b376-b80a2810f054: new RaftServerImpl for group-BEF52E4E4D69:[b5efad6c-21e2-4d99-b376-b80a2810f054|rpc:10.1.0.46:39795|priority:1] with ContainerStateMachine:uninitialized
2022-02-16 01:42:30,352 [pool-102-thread-1] INFO  server.RaftServerConfigKeys (ConfUtils.java:logGet(44)) - raft.server.rpc.timeout.min = 5s (custom)
2022-02-16 01:42:30,352 [pool-102-thread-1] INFO  server.RaftServerConfigKeys (ConfUtils.java:logGet(44)) - raft.server.rpc.timeout.max = 5200ms (custom)
2022-02-16 01:42:30,352 [pool-102-thread-1] INFO  server.RaftServerConfigKeys (ConfUtils.java:logGet(44)) - raft.server.rpc.sleep.time = 25ms (default)
2022-02-16 01:42:30,352 [pool-102-thread-1] INFO  server.RaftServerConfigKeys (ConfUtils.java:logGet(44)) - raft.server.rpc.slowness.timeout = 300000ms (custom)
2022-02-16 01:42:30,352 [pool-102-thread-1] INFO  server.RaftServerConfigKeys (ConfUtils.java:logGet(44)) - raft.server.leaderelection.leader.step-down.wait-time = 10s (default)
2022-02-16 01:42:30,352 [pool-102-thread-1] INFO  server.RaftServerConfigKeys (ConfUtils.java:logGet(44)) - raft.server.sleep.deviation.threshold = 300ms (default)
2022-02-16 01:42:30,352 [pool-102-thread-1] INFO  server.RaftServerConfigKeys (ConfUtils.java:logGet(44)) - raft.server.log.appender.install.snapshot.enabled = false (custom)
2022-02-16 01:42:30,353 [pool-102-thread-1] INFO  server.RaftServer$Division (ServerState.java:<init>(105)) - b5efad6c-21e2-4d99-b376-b80a2810f054@group-BEF52E4E4D69: ConfigurationManager, init=-1: [b5efad6c-21e2-4d99-b376-b80a2810f054|rpc:10.1.0.46:39795|priority:1], old=null, confs=<EMPTY_MAP>
2022-02-16 01:42:30,353 [pool-102-thread-1] INFO  server.RaftServerConfigKeys (ConfUtils.java:logGet(44)) - raft.server.storage.dir = [/home/runner/work/ozone/ozone/hadoop-ozone/integration-test/target/test-dir/MiniOzoneClusterImpl-c31dc292-76fe-4ff2-ba7c-3deb75f75441/datanode-2/data/ratis] (custom)
2022-02-16 01:42:30,353 [pool-102-thread-1] INFO  server.RaftServerConfigKeys (ConfUtils.java:logGet(44)) - raft.server.log.corruption.policy = EXCEPTION (default)
2022-02-16 01:42:30,353 [pool-102-thread-1] INFO  server.RaftServerConfigKeys (ConfUtils.java:logGet(44)) - raft.server.storage.free-space.min = 0MB (=0) (default)
2022-02-16 01:42:30,354 [pool-102-thread-1] INFO  storage.RaftStorageDirectory (RaftStorageDirectoryImpl.java:analyzeStorage(135)) - The storage directory /home/runner/work/ozone/ozone/hadoop-ozone/integration-test/target/test-dir/MiniOzoneClusterImpl-c31dc292-76fe-4ff2-ba7c-3deb75f75441/datanode-2/data/ratis/afa58c8c-fa43-41ba-bb5c-bef52e4e4d69 does not exist. Creating ...
2022-02-16 01:42:30,355 [pool-102-thread-1] INFO  storage.RaftStorageDirectory (RaftStorageDirectoryImpl.java:tryLock(230)) - Lock on /home/runner/work/ozone/ozone/hadoop-ozone/integration-test/target/test-dir/MiniOzoneClusterImpl-c31dc292-76fe-4ff2-ba7c-3deb75f75441/datanode-2/data/ratis/afa58c8c-fa43-41ba-bb5c-bef52e4e4d69/in_use.lock acquired by nodename 18047@fv-az184-768
2022-02-16 01:42:30,356 [pool-102-thread-1] INFO  storage.RaftStorage (RaftStorageImpl.java:format(89)) - Storage directory /home/runner/work/ozone/ozone/hadoop-ozone/integration-test/target/test-dir/MiniOzoneClusterImpl-c31dc292-76fe-4ff2-ba7c-3deb75f75441/datanode-2/data/ratis/afa58c8c-fa43-41ba-bb5c-bef52e4e4d69 has been successfully formatted.
2022-02-16 01:42:30,359 [pool-102-thread-1] INFO  ratis.ContainerStateMachine (ContainerStateMachine.java:loadSnapshot(231)) - group-BEF52E4E4D69: The snapshot info is null. Setting the last applied indexto:(t:0, i:~)
2022-02-16 01:42:30,359 [pool-102-thread-1] INFO  server.RaftServerConfigKeys (ConfUtils.java:logGet(44)) - raft.server.notification.no-leader.timeout = 300000ms (custom)
2022-02-16 01:42:30,359 [pool-102-thread-1] INFO  server.RaftServerConfigKeys (ConfUtils.java:logGet(44)) - raft.server.log.use.memory = false (default)
2022-02-16 01:42:30,362 [EventQueue-PipelineReportForPipelineReportHandler] INFO  pipeline.PipelineManagerImpl (PipelineManagerImpl.java:openPipeline(291)) - Pipeline Pipeline[ Id: afa58c8c-fa43-41ba-bb5c-bef52e4e4d69, Nodes: b5efad6c-21e2-4d99-b376-b80a2810f054{ip: 10.1.0.46, host: fv-az184-768.3ow45vhwbzuu5incsxmygykede.cx.internal.cloudapp.net, ports: [REPLICATION=36147, RATIS=39795, RATIS_ADMIN=39795, RATIS_SERVER=39795, STANDALONE=38231], networkLocation: /default-rack, certSerialId: null, persistedOpState: IN_SERVICE, persistedOpStateExpiryEpochSec: 0}, ReplicationConfig: RATIS/ONE, State:ALLOCATED, leaderId:b5efad6c-21e2-4d99-b376-b80a2810f054, CreationTimestamp2022-02-16T01:42:27.336Z[Etc/UTC]] moved to OPEN state
2022-02-16 01:42:30,364 [a1539ca7-d2c9-46ac-93a4-114c16d1b05c@group-3DEB75F75441-StateMachineUpdater] INFO  safemode.HealthyPipelineSafeModeRule (HealthyPipelineSafeModeRule.java:initializeRule(152)) - Refreshed total pipeline count is 0, healthy pipeline threshold count is 1
2022-02-16 01:42:30,365 [EventQueue-OpenPipelineForHealthyPipelineSafeModeRule] INFO  safemode.SCMSafeModeManager (HealthyPipelineSafeModeRule.java:process(124)) - SCM in safe mode. Healthy pipelines reported count is 0, required healthy pipeline reported count is 1
2022-02-16 01:42:30,374 [pool-102-thread-1] INFO  server.RaftServerConfigKeys (ConfUtils.java:logGet(44)) - raft.server.log.purge.gap = 1000000 (custom)
2022-02-16 01:42:30,374 [pool-102-thread-1] INFO  server.RaftServerConfigKeys (ConfUtils.java:logGet(44)) - raft.server.log.appender.buffer.byte-limit = 33554432 (custom)
2022-02-16 01:42:30,375 [pool-102-thread-1] INFO  server.RaftServerConfigKeys (ConfUtils.java:logGet(44)) - raft.server.log.segment.size.max = 1048576 (custom)
2022-02-16 01:42:30,376 [pool-102-thread-1] INFO  server.RaftServerConfigKeys (ConfUtils.java:logGet(44)) - raft.server.log.segment.cache.num.max = 2 (custom)
2022-02-16 01:42:30,379 [pool-102-thread-1] INFO  server.RaftServerConfigKeys (ConfUtils.java:logGet(44)) - raft.server.log.segment.cache.size.max = 200MB (=209715200) (default)
2022-02-16 01:42:30,379 [pool-102-thread-1] INFO  segmented.SegmentedRaftLogWorker (SegmentedRaftLogWorker.java:<init>(182)) - new b5efad6c-21e2-4d99-b376-b80a2810f054@group-BEF52E4E4D69-SegmentedRaftLogWorker for RaftStorageImpl:Storage Directory /home/runner/work/ozone/ozone/hadoop-ozone/integration-test/target/test-dir/MiniOzoneClusterImpl-c31dc292-76fe-4ff2-ba7c-3deb75f75441/datanode-2/data/ratis/afa58c8c-fa43-41ba-bb5c-bef52e4e4d69
2022-02-16 01:42:30,379 [pool-102-thread-1] INFO  server.RaftServerConfigKeys (ConfUtils.java:logGet(44)) - raft.server.log.queue.byte-limit = 4294967296 (custom)
2022-02-16 01:42:30,379 [pool-102-thread-1] INFO  server.RaftServerConfigKeys (ConfUtils.java:logGet(44)) - raft.server.log.queue.element-limit = 1024 (custom)
2022-02-16 01:42:30,379 [pool-102-thread-1] INFO  server.RaftServerConfigKeys (ConfUtils.java:logGet(44)) - raft.server.log.segment.size.max = 1048576 (custom)
2022-02-16 01:42:30,384 [pool-102-thread-1] INFO  server.RaftServerConfigKeys (ConfUtils.java:logGet(44)) - raft.server.log.preallocated.size = 16384 (custom)
2022-02-16 01:42:30,384 [pool-102-thread-1] INFO  server.RaftServerConfigKeys (ConfUtils.java:logGet(44)) - raft.server.log.force.sync.num = 128 (default)
2022-02-16 01:42:30,384 [pool-102-thread-1] INFO  server.RaftServerConfigKeys (ConfUtils.java:logGet(44)) - raft.server.log.statemachine.data.sync = true (default)
2022-02-16 01:42:30,384 [pool-102-thread-1] INFO  server.RaftServerConfigKeys (ConfUtils.java:logGet(44)) - raft.server.log.statemachine.data.sync.timeout = 10s (default)
2022-02-16 01:42:30,384 [pool-102-thread-1] INFO  server.RaftServerConfigKeys (ConfUtils.java:logGet(44)) - raft.server.log.statemachine.data.sync.timeout.retry = -1 (default)
2022-02-16 01:42:30,386 [pool-102-thread-1] INFO  server.RaftServerConfigKeys (ConfUtils.java:logGet(44)) - raft.server.log.write.buffer.size = 1048576 (custom)
2022-02-16 01:42:30,387 [pool-102-thread-1] INFO  server.RaftServerConfigKeys (ConfUtils.java:logGet(44)) - raft.server.log.statemachine.data.caching.enabled = true (custom)
2022-02-16 01:42:30,388 [pool-102-thread-1] INFO  segmented.SegmentedRaftLogWorker (SegmentedRaftLogWorker.java:lambda$new$0(133)) - b5efad6c-21e2-4d99-b376-b80a2810f054@group-BEF52E4E4D69-SegmentedRaftLogWorker: flushIndex: setUnconditionally 0 -> -1
2022-02-16 01:42:30,388 [pool-102-thread-1] INFO  segmented.SegmentedRaftLogWorker (SegmentedRaftLogWorker.java:lambda$new$0(133)) - b5efad6c-21e2-4d99-b376-b80a2810f054@group-BEF52E4E4D69-SegmentedRaftLogWorker: safeCacheEvictIndex: setUnconditionally 0 -> -1
2022-02-16 01:42:30,399 [pool-102-thread-1] INFO  server.RaftServerConfigKeys (ConfUtils.java:logGet(44)) - raft.server.snapshot.auto.trigger.enabled = true (custom)
2022-02-16 01:42:30,399 [pool-102-thread-1] INFO  server.RaftServerConfigKeys (ConfUtils.java:logGet(44)) - raft.server.snapshot.auto.trigger.threshold = 10000 (custom)
2022-02-16 01:42:30,399 [pool-102-thread-1] INFO  server.RaftServerConfigKeys (ConfUtils.java:logGet(44)) - raft.server.snapshot.retention.file.num = 5 (custom)
2022-02-16 01:42:30,399 [pool-102-thread-1] INFO  server.RaftServerConfigKeys (ConfUtils.java:logGet(44)) - raft.server.log.purge.upto.snapshot.index = false (default)
2022-02-16 01:42:30,399 [pool-102-thread-1] INFO  server.RaftServerConfigKeys (ConfUtils.java:logGet(44)) - raft.server.retrycache.expirytime = 600000ms (custom)
2022-02-16 01:42:30,399 [pool-102-thread-1] INFO  server.RaftServerConfigKeys (ConfUtils.java:logGet(44)) - raft.server.retrycache.statistics.expirytime = 100μs (default)
2022-02-16 01:42:30,401 [pool-102-thread-1] INFO  server.RaftServer$Division (RaftServerImpl.java:start(301)) - b5efad6c-21e2-4d99-b376-b80a2810f054@group-BEF52E4E4D69: start as a follower, conf=-1: [b5efad6c-21e2-4d99-b376-b80a2810f054|rpc:10.1.0.46:39795|priority:1], old=null
2022-02-16 01:42:30,401 [pool-102-thread-1] INFO  server.RaftServer$Division (RaftServerImpl.java:setRole(290)) - b5efad6c-21e2-4d99-b376-b80a2810f054@group-BEF52E4E4D69: changes role from      null to FOLLOWER at term 0 for startAsFollower
2022-02-16 01:42:30,401 [pool-102-thread-1] INFO  impl.RoleInfo (RoleInfo.java:updateAndGet(130)) - b5efad6c-21e2-4d99-b376-b80a2810f054: start b5efad6c-21e2-4d99-b376-b80a2810f054@group-BEF52E4E4D69-FollowerState
2022-02-16 01:42:30,408 [pool-102-thread-1] INFO  util.JmxRegister (JmxRegister.java:tryRegister(44)) - Successfully registered JMX Bean with object name Ratis:service=RaftServer,group=group-BEF52E4E4D69,id=b5efad6c-21e2-4d99-b376-b80a2810f054
2022-02-16 01:42:30,410 [Command processor thread] INFO  ratis.XceiverServerRatis (XceiverServerRatis.java:addGroup(769)) - Created group PipelineID=afa58c8c-fa43-41ba-bb5c-bef52e4e4d69
2022-02-16 01:42:30,410 [Command processor thread] INFO  commandhandler.CreatePipelineCommandHandler (CreatePipelineCommandHandler.java:handle(106)) - Created Pipeline RATIS ONE PipelineID=afa58c8c-fa43-41ba-bb5c-bef52e4e4d69.
2022-02-16 01:42:30,410 [Command processor thread] INFO  server.RaftServer (RaftServerProxy.java:addNew(95)) - b5efad6c-21e2-4d99-b376-b80a2810f054: addNew group-ECB279BAF00E:[b5efad6c-21e2-4d99-b376-b80a2810f054|rpc:10.1.0.46:39795|priority:1, 2f6f166e-3639-444f-87d9-77f80c10b379|rpc:10.1.0.46:41167|priority:0, 7f4e46f4-a6a5-4e91-9d7c-c7c9d4b9ec17|rpc:10.1.0.46:38997|priority:0] returns group-ECB279BAF00E:java.util.concurrent.CompletableFuture@1eecd792[Not completed]
2022-02-16 01:42:30,411 [pool-102-thread-1] INFO  server.RaftServer$Division (RaftServerImpl.java:<init>(184)) - b5efad6c-21e2-4d99-b376-b80a2810f054: new RaftServerImpl for group-ECB279BAF00E:[b5efad6c-21e2-4d99-b376-b80a2810f054|rpc:10.1.0.46:39795|priority:1, 2f6f166e-3639-444f-87d9-77f80c10b379|rpc:10.1.0.46:41167|priority:0, 7f4e46f4-a6a5-4e91-9d7c-c7c9d4b9ec17|rpc:10.1.0.46:38997|priority:0] with ContainerStateMachine:uninitialized
2022-02-16 01:42:30,412 [pool-102-thread-1] INFO  server.RaftServerConfigKeys (ConfUtils.java:logGet(44)) - raft.server.rpc.timeout.min = 5s (custom)
2022-02-16 01:42:30,412 [pool-102-thread-1] INFO  server.RaftServerConfigKeys (ConfUtils.java:logGet(44)) - raft.server.rpc.timeout.max = 5200ms (custom)
2022-02-16 01:42:30,412 [pool-102-thread-1] INFO  server.RaftServerConfigKeys (ConfUtils.java:logGet(44)) - raft.server.rpc.sleep.time = 25ms (default)
2022-02-16 01:42:30,412 [pool-102-thread-1] INFO  server.RaftServerConfigKeys (ConfUtils.java:logGet(44)) - raft.server.rpc.slowness.timeout = 300000ms (custom)
2022-02-16 01:42:30,412 [pool-102-thread-1] INFO  server.RaftServerConfigKeys (ConfUtils.java:logGet(44)) - raft.server.leaderelection.leader.step-down.wait-time = 10s (default)
2022-02-16 01:42:30,412 [pool-102-thread-1] INFO  server.RaftServerConfigKeys (ConfUtils.java:logGet(44)) - raft.server.sleep.deviation.threshold = 300ms (default)
2022-02-16 01:42:30,412 [pool-102-thread-1] INFO  server.RaftServerConfigKeys (ConfUtils.java:logGet(44)) - raft.server.log.appender.install.snapshot.enabled = false (custom)
2022-02-16 01:42:30,412 [pool-102-thread-1] INFO  server.RaftServer$Division (ServerState.java:<init>(105)) - b5efad6c-21e2-4d99-b376-b80a2810f054@group-ECB279BAF00E: ConfigurationManager, init=-1: [b5efad6c-21e2-4d99-b376-b80a2810f054|rpc:10.1.0.46:39795|priority:1, 2f6f166e-3639-444f-87d9-77f80c10b379|rpc:10.1.0.46:41167|priority:0, 7f4e46f4-a6a5-4e91-9d7c-c7c9d4b9ec17|rpc:10.1.0.46:38997|priority:0], old=null, confs=<EMPTY_MAP>
2022-02-16 01:42:30,412 [pool-102-thread-1] INFO  server.RaftServerConfigKeys (ConfUtils.java:logGet(44)) - raft.server.storage.dir = [/home/runner/work/ozone/ozone/hadoop-ozone/integration-test/target/test-dir/MiniOzoneClusterImpl-c31dc292-76fe-4ff2-ba7c-3deb75f75441/datanode-2/data/ratis] (custom)
2022-02-16 01:42:30,412 [pool-102-thread-1] INFO  server.RaftServerConfigKeys (ConfUtils.java:logGet(44)) - raft.server.log.corruption.policy = EXCEPTION (default)
2022-02-16 01:42:30,412 [pool-102-thread-1] INFO  server.RaftServerConfigKeys (ConfUtils.java:logGet(44)) - raft.server.storage.free-space.min = 0MB (=0) (default)
2022-02-16 01:42:30,412 [pool-102-thread-1] INFO  storage.RaftStorageDirectory (RaftStorageDirectoryImpl.java:analyzeStorage(135)) - The storage directory /home/runner/work/ozone/ozone/hadoop-ozone/integration-test/target/test-dir/MiniOzoneClusterImpl-c31dc292-76fe-4ff2-ba7c-3deb75f75441/datanode-2/data/ratis/9892d6ea-815e-4be0-abff-ecb279baf00e does not exist. Creating ...
2022-02-16 01:42:30,417 [pool-102-thread-1] INFO  storage.RaftStorageDirectory (RaftStorageDirectoryImpl.java:tryLock(230)) - Lock on /home/runner/work/ozone/ozone/hadoop-ozone/integration-test/target/test-dir/MiniOzoneClusterImpl-c31dc292-76fe-4ff2-ba7c-3deb75f75441/datanode-2/data/ratis/9892d6ea-815e-4be0-abff-ecb279baf00e/in_use.lock acquired by nodename 18047@fv-az184-768
2022-02-16 01:42:30,419 [pool-102-thread-1] INFO  storage.RaftStorage (RaftStorageImpl.java:format(89)) - Storage directory /home/runner/work/ozone/ozone/hadoop-ozone/integration-test/target/test-dir/MiniOzoneClusterImpl-c31dc292-76fe-4ff2-ba7c-3deb75f75441/datanode-2/data/ratis/9892d6ea-815e-4be0-abff-ecb279baf00e has been successfully formatted.
2022-02-16 01:42:30,419 [pool-102-thread-1] INFO  ratis.ContainerStateMachine (ContainerStateMachine.java:loadSnapshot(231)) - group-ECB279BAF00E: The snapshot info is null. Setting the last applied indexto:(t:0, i:~)
2022-02-16 01:42:30,419 [pool-102-thread-1] INFO  server.RaftServerConfigKeys (ConfUtils.java:logGet(44)) - raft.server.notification.no-leader.timeout = 300000ms (custom)
2022-02-16 01:42:30,420 [pool-102-thread-1] INFO  server.RaftServerConfigKeys (ConfUtils.java:logGet(44)) - raft.server.log.use.memory = false (default)
2022-02-16 01:42:30,420 [pool-102-thread-1] INFO  server.RaftServerConfigKeys (ConfUtils.java:logGet(44)) - raft.server.log.purge.gap = 1000000 (custom)
2022-02-16 01:42:30,420 [pool-102-thread-1] INFO  server.RaftServerConfigKeys (ConfUtils.java:logGet(44)) - raft.server.log.appender.buffer.byte-limit = 33554432 (custom)
2022-02-16 01:42:30,420 [pool-102-thread-1] INFO  server.RaftServerConfigKeys (ConfUtils.java:logGet(44)) - raft.server.log.segment.size.max = 1048576 (custom)
2022-02-16 01:42:30,421 [pool-102-thread-1] INFO  server.RaftServerConfigKeys (ConfUtils.java:logGet(44)) - raft.server.log.segment.cache.num.max = 2 (custom)
2022-02-16 01:42:30,421 [pool-102-thread-1] INFO  server.RaftServerConfigKeys (ConfUtils.java:logGet(44)) - raft.server.log.segment.cache.size.max = 200MB (=209715200) (default)
2022-02-16 01:42:30,421 [pool-102-thread-1] INFO  segmented.SegmentedRaftLogWorker (SegmentedRaftLogWorker.java:<init>(182)) - new b5efad6c-21e2-4d99-b376-b80a2810f054@group-ECB279BAF00E-SegmentedRaftLogWorker for RaftStorageImpl:Storage Directory /home/runner/work/ozone/ozone/hadoop-ozone/integration-test/target/test-dir/MiniOzoneClusterImpl-c31dc292-76fe-4ff2-ba7c-3deb75f75441/datanode-2/data/ratis/9892d6ea-815e-4be0-abff-ecb279baf00e
2022-02-16 01:42:30,421 [pool-102-thread-1] INFO  server.RaftServerConfigKeys (ConfUtils.java:logGet(44)) - raft.server.log.queue.byte-limit = 4294967296 (custom)
2022-02-16 01:42:30,421 [pool-102-thread-1] INFO  server.RaftServerConfigKeys (ConfUtils.java:logGet(44)) - raft.server.log.queue.element-limit = 1024 (custom)
2022-02-16 01:42:30,421 [pool-102-thread-1] INFO  server.RaftServerConfigKeys (ConfUtils.java:logGet(44)) - raft.server.log.segment.size.max = 1048576 (custom)
2022-02-16 01:42:30,421 [pool-102-thread-1] INFO  server.RaftServerConfigKeys (ConfUtils.java:logGet(44)) - raft.server.log.preallocated.size = 16384 (custom)
2022-02-16 01:42:30,421 [pool-102-thread-1] INFO  server.RaftServerConfigKeys (ConfUtils.java:logGet(44)) - raft.server.log.force.sync.num = 128 (default)
2022-02-16 01:42:30,421 [pool-102-thread-1] INFO  server.RaftServerConfigKeys (ConfUtils.java:logGet(44)) - raft.server.log.statemachine.data.sync = true (default)
2022-02-16 01:42:30,421 [pool-102-thread-1] INFO  server.RaftServerConfigKeys (ConfUtils.java:logGet(44)) - raft.server.log.statemachine.data.sync.timeout = 10s (default)
2022-02-16 01:42:30,421 [pool-102-thread-1] INFO  server.RaftServerConfigKeys (ConfUtils.java:logGet(44)) - raft.server.log.statemachine.data.sync.timeout.retry = -1 (default)
2022-02-16 01:42:30,422 [pool-102-thread-1] INFO  server.RaftServerConfigKeys (ConfUtils.java:logGet(44)) - raft.server.log.write.buffer.size = 1048576 (custom)
2022-02-16 01:42:30,423 [EventQueue-OpenPipelineForHealthyPipelineSafeModeRule] INFO  safemode.SCMSafeModeManager (HealthyPipelineSafeModeRule.java:process(124)) - SCM in safe mode. Healthy pipelines reported count is 0, required healthy pipeline reported count is 1
2022-02-16 01:42:30,425 [pool-102-thread-1] INFO  server.RaftServerConfigKeys (ConfUtils.java:logGet(44)) - raft.server.log.statemachine.data.caching.enabled = true (custom)
2022-02-16 01:42:30,425 [pool-102-thread-1] INFO  segmented.SegmentedRaftLogWorker (SegmentedRaftLogWorker.java:lambda$new$0(133)) - b5efad6c-21e2-4d99-b376-b80a2810f054@group-ECB279BAF00E-SegmentedRaftLogWorker: flushIndex: setUnconditionally 0 -> -1
2022-02-16 01:42:30,425 [pool-102-thread-1] INFO  segmented.SegmentedRaftLogWorker (SegmentedRaftLogWorker.java:lambda$new$0(133)) - b5efad6c-21e2-4d99-b376-b80a2810f054@group-ECB279BAF00E-SegmentedRaftLogWorker: safeCacheEvictIndex: setUnconditionally 0 -> -1
2022-02-16 01:42:30,429 [pool-102-thread-1] INFO  server.RaftServerConfigKeys (ConfUtils.java:logGet(44)) - raft.server.snapshot.auto.trigger.enabled = true (custom)
2022-02-16 01:42:30,429 [pool-102-thread-1] INFO  server.RaftServerConfigKeys (ConfUtils.java:logGet(44)) - raft.server.snapshot.auto.trigger.threshold = 10000 (custom)
2022-02-16 01:42:30,429 [pool-102-thread-1] INFO  server.RaftServerConfigKeys (ConfUtils.java:logGet(44)) - raft.server.snapshot.retention.file.num = 5 (custom)
2022-02-16 01:42:30,429 [pool-102-thread-1] INFO  server.RaftServerConfigKeys (ConfUtils.java:logGet(44)) - raft.server.log.purge.upto.snapshot.index = false (default)
2022-02-16 01:42:30,429 [pool-102-thread-1] INFO  server.RaftServerConfigKeys (ConfUtils.java:logGet(44)) - raft.server.retrycache.expirytime = 600000ms (custom)
2022-02-16 01:42:30,429 [pool-102-thread-1] INFO  server.RaftServerConfigKeys (ConfUtils.java:logGet(44)) - raft.server.retrycache.statistics.expirytime = 100μs (default)
2022-02-16 01:42:30,431 [pool-102-thread-1] INFO  server.RaftServer$Division (RaftServerImpl.java:start(301)) - b5efad6c-21e2-4d99-b376-b80a2810f054@group-ECB279BAF00E: start as a follower, conf=-1: [b5efad6c-21e2-4d99-b376-b80a2810f054|rpc:10.1.0.46:39795|priority:1, 2f6f166e-3639-444f-87d9-77f80c10b379|rpc:10.1.0.46:41167|priority:0, 7f4e46f4-a6a5-4e91-9d7c-c7c9d4b9ec17|rpc:10.1.0.46:38997|priority:0], old=null
2022-02-16 01:42:30,432 [pool-102-thread-1] INFO  server.RaftServer$Division (RaftServerImpl.java:setRole(290)) - b5efad6c-21e2-4d99-b376-b80a2810f054@group-ECB279BAF00E: changes role from      null to FOLLOWER at term 0 for startAsFollower
2022-02-16 01:42:30,432 [pool-102-thread-1] INFO  impl.RoleInfo (RoleInfo.java:updateAndGet(130)) - b5efad6c-21e2-4d99-b376-b80a2810f054: start b5efad6c-21e2-4d99-b376-b80a2810f054@group-ECB279BAF00E-FollowerState
2022-02-16 01:42:30,432 [pool-102-thread-1] INFO  util.JmxRegister (JmxRegister.java:tryRegister(44)) - Successfully registered JMX Bean with object name Ratis:service=RaftServer,group=group-ECB279BAF00E,id=b5efad6c-21e2-4d99-b376-b80a2810f054
2022-02-16 01:42:30,442 [Command processor thread] INFO  ratis.XceiverServerRatis (XceiverServerRatis.java:addGroup(769)) - Created group PipelineID=9892d6ea-815e-4be0-abff-ecb279baf00e
2022-02-16 01:42:30,452 [Listener at 127.0.0.1/33913] INFO  ozone.MiniOzoneClusterImpl (MiniOzoneClusterImpl.java:lambda$waitForClusterToBeReady$0(219)) - Nodes are ready. Got 9 of 9 DN Heartbeats.
2022-02-16 01:42:30,453 [Listener at 127.0.0.1/33913] INFO  ozone.MiniOzoneClusterImpl (MiniOzoneClusterImpl.java:lambda$waitForClusterToBeReady$0(222)) - Waiting for cluster to exit safe mode
2022-02-16 01:42:30,453 [Listener at 127.0.0.1/33913] INFO  ozone.MiniOzoneClusterImpl (MiniOzoneClusterImpl.java:lambda$waitForClusterToBeReady$0(224)) - SCM became leader
2022-02-16 01:42:30,525 [Command processor thread] INFO  server.RaftServer (RaftServerProxy.java:addNew(95)) - edcd5571-e430-46af-ba60-7657fe1b1d4c: addNew group-9F5C4BBD6FEE:[edcd5571-e430-46af-ba60-7657fe1b1d4c|rpc:10.1.0.46:34285|priority:1] returns group-9F5C4BBD6FEE:java.util.concurrent.CompletableFuture@7a377206[Not completed]
2022-02-16 01:42:30,526 [pool-123-thread-1] INFO  server.RaftServer$Division (RaftServerImpl.java:<init>(184)) - edcd5571-e430-46af-ba60-7657fe1b1d4c: new RaftServerImpl for group-9F5C4BBD6FEE:[edcd5571-e430-46af-ba60-7657fe1b1d4c|rpc:10.1.0.46:34285|priority:1] with ContainerStateMachine:uninitialized
2022-02-16 01:42:30,527 [pool-123-thread-1] INFO  server.RaftServerConfigKeys (ConfUtils.java:logGet(44)) - raft.server.rpc.timeout.min = 5s (custom)
2022-02-16 01:42:30,527 [pool-123-thread-1] INFO  server.RaftServerConfigKeys (ConfUtils.java:logGet(44)) - raft.server.rpc.timeout.max = 5200ms (custom)
2022-02-16 01:42:30,527 [pool-123-thread-1] INFO  server.RaftServerConfigKeys (ConfUtils.java:logGet(44)) - raft.server.rpc.sleep.time = 25ms (default)
2022-02-16 01:42:30,527 [pool-123-thread-1] INFO  server.RaftServerConfigKeys (ConfUtils.java:logGet(44)) - raft.server.rpc.slowness.timeout = 300000ms (custom)
2022-02-16 01:42:30,527 [pool-123-thread-1] INFO  server.RaftServerConfigKeys (ConfUtils.java:logGet(44)) - raft.server.leaderelection.leader.step-down.wait-time = 10s (default)
2022-02-16 01:42:30,527 [pool-123-thread-1] INFO  server.RaftServerConfigKeys (ConfUtils.java:logGet(44)) - raft.server.sleep.deviation.threshold = 300ms (default)
2022-02-16 01:42:30,527 [pool-123-thread-1] INFO  server.RaftServerConfigKeys (ConfUtils.java:logGet(44)) - raft.server.log.appender.install.snapshot.enabled = false (custom)
2022-02-16 01:42:30,527 [pool-123-thread-1] INFO  server.RaftServer$Division (ServerState.java:<init>(105)) - edcd5571-e430-46af-ba60-7657fe1b1d4c@group-9F5C4BBD6FEE: ConfigurationManager, init=-1: [edcd5571-e430-46af-ba60-7657fe1b1d4c|rpc:10.1.0.46:34285|priority:1], old=null, confs=<EMPTY_MAP>
2022-02-16 01:42:30,527 [pool-123-thread-1] INFO  server.RaftServerConfigKeys (ConfUtils.java:logGet(44)) - raft.server.storage.dir = [/home/runner/work/ozone/ozone/hadoop-ozone/integration-test/target/test-dir/MiniOzoneClusterImpl-c31dc292-76fe-4ff2-ba7c-3deb75f75441/datanode-3/data/ratis] (custom)
2022-02-16 01:42:30,527 [pool-123-thread-1] INFO  server.RaftServerConfigKeys (ConfUtils.java:logGet(44)) - raft.server.log.corruption.policy = EXCEPTION (default)
2022-02-16 01:42:30,527 [pool-123-thread-1] INFO  server.RaftServerConfigKeys (ConfUtils.java:logGet(44)) - raft.server.storage.free-space.min = 0MB (=0) (default)
2022-02-16 01:42:30,527 [pool-123-thread-1] INFO  storage.RaftStorageDirectory (RaftStorageDirectoryImpl.java:analyzeStorage(135)) - The storage directory /home/runner/work/ozone/ozone/hadoop-ozone/integration-test/target/test-dir/MiniOzoneClusterImpl-c31dc292-76fe-4ff2-ba7c-3deb75f75441/datanode-3/data/ratis/1880ea62-2451-47a3-a663-9f5c4bbd6fee does not exist. Creating ...
2022-02-16 01:42:30,533 [pool-123-thread-1] INFO  storage.RaftStorageDirectory (RaftStorageDirectoryImpl.java:tryLock(230)) - Lock on /home/runner/work/ozone/ozone/hadoop-ozone/integration-test/target/test-dir/MiniOzoneClusterImpl-c31dc292-76fe-4ff2-ba7c-3deb75f75441/datanode-3/data/ratis/1880ea62-2451-47a3-a663-9f5c4bbd6fee/in_use.lock acquired by nodename 18047@fv-az184-768
2022-02-16 01:42:30,538 [pool-123-thread-1] INFO  storage.RaftStorage (RaftStorageImpl.java:format(89)) - Storage directory /home/runner/work/ozone/ozone/hadoop-ozone/integration-test/target/test-dir/MiniOzoneClusterImpl-c31dc292-76fe-4ff2-ba7c-3deb75f75441/datanode-3/data/ratis/1880ea62-2451-47a3-a663-9f5c4bbd6fee has been successfully formatted.
2022-02-16 01:42:30,540 [pool-123-thread-1] INFO  ratis.ContainerStateMachine (ContainerStateMachine.java:loadSnapshot(231)) - group-9F5C4BBD6FEE: The snapshot info is null. Setting the last applied indexto:(t:0, i:~)
2022-02-16 01:42:30,540 [pool-123-thread-1] INFO  server.RaftServerConfigKeys (ConfUtils.java:logGet(44)) - raft.server.notification.no-leader.timeout = 300000ms (custom)
2022-02-16 01:42:30,541 [pool-123-thread-1] INFO  server.RaftServerConfigKeys (ConfUtils.java:logGet(44)) - raft.server.log.use.memory = false (default)
2022-02-16 01:42:30,541 [pool-123-thread-1] INFO  server.RaftServerConfigKeys (ConfUtils.java:logGet(44)) - raft.server.log.purge.gap = 1000000 (custom)
2022-02-16 01:42:30,541 [pool-123-thread-1] INFO  server.RaftServerConfigKeys (ConfUtils.java:logGet(44)) - raft.server.log.appender.buffer.byte-limit = 33554432 (custom)
2022-02-16 01:42:30,541 [pool-123-thread-1] INFO  server.RaftServerConfigKeys (ConfUtils.java:logGet(44)) - raft.server.log.segment.size.max = 1048576 (custom)
2022-02-16 01:42:30,541 [pool-123-thread-1] INFO  server.RaftServerConfigKeys (ConfUtils.java:logGet(44)) - raft.server.log.segment.cache.num.max = 2 (custom)
2022-02-16 01:42:30,542 [pool-123-thread-1] INFO  server.RaftServerConfigKeys (ConfUtils.java:logGet(44)) - raft.server.log.segment.cache.size.max = 200MB (=209715200) (default)
2022-02-16 01:42:30,542 [pool-123-thread-1] INFO  segmented.SegmentedRaftLogWorker (SegmentedRaftLogWorker.java:<init>(182)) - new edcd5571-e430-46af-ba60-7657fe1b1d4c@group-9F5C4BBD6FEE-SegmentedRaftLogWorker for RaftStorageImpl:Storage Directory /home/runner/work/ozone/ozone/hadoop-ozone/integration-test/target/test-dir/MiniOzoneClusterImpl-c31dc292-76fe-4ff2-ba7c-3deb75f75441/datanode-3/data/ratis/1880ea62-2451-47a3-a663-9f5c4bbd6fee
2022-02-16 01:42:30,542 [pool-123-thread-1] INFO  server.RaftServerConfigKeys (ConfUtils.java:logGet(44)) - raft.server.log.queue.byte-limit = 4294967296 (custom)
2022-02-16 01:42:30,542 [pool-123-thread-1] INFO  server.RaftServerConfigKeys (ConfUtils.java:logGet(44)) - raft.server.log.queue.element-limit = 1024 (custom)
2022-02-16 01:42:30,542 [pool-123-thread-1] INFO  server.RaftServerConfigKeys (ConfUtils.java:logGet(44)) - raft.server.log.segment.size.max = 1048576 (custom)
2022-02-16 01:42:30,542 [pool-123-thread-1] INFO  server.RaftServerConfigKeys (ConfUtils.java:logGet(44)) - raft.server.log.preallocated.size = 16384 (custom)
2022-02-16 01:42:30,542 [pool-123-thread-1] INFO  server.RaftServerConfigKeys (ConfUtils.java:logGet(44)) - raft.server.log.force.sync.num = 128 (default)
2022-02-16 01:42:30,542 [pool-123-thread-1] INFO  server.RaftServerConfigKeys (ConfUtils.java:logGet(44)) - raft.server.log.statemachine.data.sync = true (default)
2022-02-16 01:42:30,542 [pool-123-thread-1] INFO  server.RaftServerConfigKeys (ConfUtils.java:logGet(44)) - raft.server.log.statemachine.data.sync.timeout = 10s (default)
2022-02-16 01:42:30,542 [pool-123-thread-1] INFO  server.RaftServerConfigKeys (ConfUtils.java:logGet(44)) - raft.server.log.statemachine.data.sync.timeout.retry = -1 (default)
2022-02-16 01:42:30,544 [pool-123-thread-1] INFO  server.RaftServerConfigKeys (ConfUtils.java:logGet(44)) - raft.server.log.write.buffer.size = 1048576 (custom)
2022-02-16 01:42:30,544 [pool-123-thread-1] INFO  server.RaftServerConfigKeys (ConfUtils.java:logGet(44)) - raft.server.log.statemachine.data.caching.enabled = true (custom)
2022-02-16 01:42:30,545 [pool-123-thread-1] INFO  segmented.SegmentedRaftLogWorker (SegmentedRaftLogWorker.java:lambda$new$0(133)) - edcd5571-e430-46af-ba60-7657fe1b1d4c@group-9F5C4BBD6FEE-SegmentedRaftLogWorker: flushIndex: setUnconditionally 0 -> -1
2022-02-16 01:42:30,546 [pool-123-thread-1] INFO  segmented.SegmentedRaftLogWorker (SegmentedRaftLogWorker.java:lambda$new$0(133)) - edcd5571-e430-46af-ba60-7657fe1b1d4c@group-9F5C4BBD6FEE-SegmentedRaftLogWorker: safeCacheEvictIndex: setUnconditionally 0 -> -1
2022-02-16 01:42:30,546 [EventQueue-PipelineReportForPipelineReportHandler] INFO  pipeline.PipelineManagerImpl (PipelineManagerImpl.java:openPipeline(291)) - Pipeline Pipeline[ Id: 1880ea62-2451-47a3-a663-9f5c4bbd6fee, Nodes: edcd5571-e430-46af-ba60-7657fe1b1d4c{ip: 10.1.0.46, host: fv-az184-768.3ow45vhwbzuu5incsxmygykede.cx.internal.cloudapp.net, ports: [REPLICATION=43341, RATIS=34285, RATIS_ADMIN=34285, RATIS_SERVER=34285, STANDALONE=39839], networkLocation: /default-rack, certSerialId: null, persistedOpState: IN_SERVICE, persistedOpStateExpiryEpochSec: 0}, ReplicationConfig: RATIS/ONE, State:ALLOCATED, leaderId:edcd5571-e430-46af-ba60-7657fe1b1d4c, CreationTimestamp2022-02-16T01:42:27.525Z[Etc/UTC]] moved to OPEN state
2022-02-16 01:42:30,551 [a1539ca7-d2c9-46ac-93a4-114c16d1b05c@group-3DEB75F75441-StateMachineUpdater] INFO  safemode.HealthyPipelineSafeModeRule (HealthyPipelineSafeModeRule.java:initializeRule(152)) - Refreshed total pipeline count is 0, healthy pipeline threshold count is 1
2022-02-16 01:42:30,551 [EventQueue-OpenPipelineForHealthyPipelineSafeModeRule] INFO  safemode.SCMSafeModeManager (HealthyPipelineSafeModeRule.java:process(124)) - SCM in safe mode. Healthy pipelines reported count is 0, required healthy pipeline reported count is 1
2022-02-16 01:42:30,567 [pool-123-thread-1] INFO  server.RaftServerConfigKeys (ConfUtils.java:logGet(44)) - raft.server.snapshot.auto.trigger.enabled = true (custom)
2022-02-16 01:42:30,573 [pool-123-thread-1] INFO  server.RaftServerConfigKeys (ConfUtils.java:logGet(44)) - raft.server.snapshot.auto.trigger.threshold = 10000 (custom)
2022-02-16 01:42:30,573 [pool-123-thread-1] INFO  server.RaftServerConfigKeys (ConfUtils.java:logGet(44)) - raft.server.snapshot.retention.file.num = 5 (custom)
2022-02-16 01:42:30,573 [pool-123-thread-1] INFO  server.RaftServerConfigKeys (ConfUtils.java:logGet(44)) - raft.server.log.purge.upto.snapshot.index = false (default)
2022-02-16 01:42:30,573 [pool-123-thread-1] INFO  server.RaftServerConfigKeys (ConfUtils.java:logGet(44)) - raft.server.retrycache.expirytime = 600000ms (custom)
2022-02-16 01:42:30,573 [pool-123-thread-1] INFO  server.RaftServerConfigKeys (ConfUtils.java:logGet(44)) - raft.server.retrycache.statistics.expirytime = 100μs (default)
2022-02-16 01:42:30,574 [pool-123-thread-1] INFO  server.RaftServer$Division (RaftServerImpl.java:start(301)) - edcd5571-e430-46af-ba60-7657fe1b1d4c@group-9F5C4BBD6FEE: start as a follower, conf=-1: [edcd5571-e430-46af-ba60-7657fe1b1d4c|rpc:10.1.0.46:34285|priority:1], old=null
2022-02-16 01:42:30,575 [pool-123-thread-1] INFO  server.RaftServer$Division (RaftServerImpl.java:setRole(290)) - edcd5571-e430-46af-ba60-7657fe1b1d4c@group-9F5C4BBD6FEE: changes role from      null to FOLLOWER at term 0 for startAsFollower
2022-02-16 01:42:30,575 [pool-123-thread-1] INFO  impl.RoleInfo (RoleInfo.java:updateAndGet(130)) - edcd5571-e430-46af-ba60-7657fe1b1d4c: start edcd5571-e430-46af-ba60-7657fe1b1d4c@group-9F5C4BBD6FEE-FollowerState
2022-02-16 01:42:30,578 [pool-123-thread-1] INFO  util.JmxRegister (JmxRegister.java:tryRegister(44)) - Successfully registered JMX Bean with object name Ratis:service=RaftServer,group=group-9F5C4BBD6FEE,id=edcd5571-e430-46af-ba60-7657fe1b1d4c
2022-02-16 01:42:30,578 [Command processor thread] INFO  ratis.XceiverServerRatis (XceiverServerRatis.java:addGroup(769)) - Created group PipelineID=1880ea62-2451-47a3-a663-9f5c4bbd6fee
2022-02-16 01:42:30,578 [Command processor thread] INFO  commandhandler.CreatePipelineCommandHandler (CreatePipelineCommandHandler.java:handle(106)) - Created Pipeline RATIS ONE PipelineID=1880ea62-2451-47a3-a663-9f5c4bbd6fee.
2022-02-16 01:42:30,579 [Command processor thread] INFO  server.RaftServer (RaftServerProxy.java:addNew(95)) - edcd5571-e430-46af-ba60-7657fe1b1d4c: addNew group-504D69B4F741:[edcd5571-e430-46af-ba60-7657fe1b1d4c|rpc:10.1.0.46:34285|priority:0, a565342f-4fee-4f25-a030-3e45d0cf0ab9|rpc:10.1.0.46:45097|priority:1, 0abaf1aa-1b73-4e28-a6e5-0a41a9a3ec34|rpc:10.1.0.46:36601|priority:0] returns group-504D69B4F741:java.util.concurrent.CompletableFuture@7e08e998[Not completed]
2022-02-16 01:42:30,580 [pool-123-thread-1] INFO  server.RaftServer$Division (RaftServerImpl.java:<init>(184)) - edcd5571-e430-46af-ba60-7657fe1b1d4c: new RaftServerImpl for group-504D69B4F741:[edcd5571-e430-46af-ba60-7657fe1b1d4c|rpc:10.1.0.46:34285|priority:0, a565342f-4fee-4f25-a030-3e45d0cf0ab9|rpc:10.1.0.46:45097|priority:1, 0abaf1aa-1b73-4e28-a6e5-0a41a9a3ec34|rpc:10.1.0.46:36601|priority:0] with ContainerStateMachine:uninitialized
2022-02-16 01:42:30,580 [pool-123-thread-1] INFO  server.RaftServerConfigKeys (ConfUtils.java:logGet(44)) - raft.server.rpc.timeout.min = 5s (custom)
2022-02-16 01:42:30,580 [pool-123-thread-1] INFO  server.RaftServerConfigKeys (ConfUtils.java:logGet(44)) - raft.server.rpc.timeout.max = 5200ms (custom)
2022-02-16 01:42:30,580 [pool-123-thread-1] INFO  server.RaftServerConfigKeys (ConfUtils.java:logGet(44)) - raft.server.rpc.sleep.time = 25ms (default)
2022-02-16 01:42:30,580 [pool-123-thread-1] INFO  server.RaftServerConfigKeys (ConfUtils.java:logGet(44)) - raft.server.rpc.slowness.timeout = 300000ms (custom)
2022-02-16 01:42:30,580 [pool-123-thread-1] INFO  server.RaftServerConfigKeys (ConfUtils.java:logGet(44)) - raft.server.leaderelection.leader.step-down.wait-time = 10s (default)
2022-02-16 01:42:30,580 [pool-123-thread-1] INFO  server.RaftServerConfigKeys (ConfUtils.java:logGet(44)) - raft.server.sleep.deviation.threshold = 300ms (default)
2022-02-16 01:42:30,580 [pool-123-thread-1] INFO  server.RaftServerConfigKeys (ConfUtils.java:logGet(44)) - raft.server.log.appender.install.snapshot.enabled = false (custom)
2022-02-16 01:42:30,580 [pool-123-thread-1] INFO  server.RaftServer$Division (ServerState.java:<init>(105)) - edcd5571-e430-46af-ba60-7657fe1b1d4c@group-504D69B4F741: ConfigurationManager, init=-1: [edcd5571-e430-46af-ba60-7657fe1b1d4c|rpc:10.1.0.46:34285|priority:0, a565342f-4fee-4f25-a030-3e45d0cf0ab9|rpc:10.1.0.46:45097|priority:1, 0abaf1aa-1b73-4e28-a6e5-0a41a9a3ec34|rpc:10.1.0.46:36601|priority:0], old=null, confs=<EMPTY_MAP>
2022-02-16 01:42:30,580 [pool-123-thread-1] INFO  server.RaftServerConfigKeys (ConfUtils.java:logGet(44)) - raft.server.storage.dir = [/home/runner/work/ozone/ozone/hadoop-ozone/integration-test/target/test-dir/MiniOzoneClusterImpl-c31dc292-76fe-4ff2-ba7c-3deb75f75441/datanode-3/data/ratis] (custom)
2022-02-16 01:42:30,580 [pool-123-thread-1] INFO  server.RaftServerConfigKeys (ConfUtils.java:logGet(44)) - raft.server.log.corruption.policy = EXCEPTION (default)
2022-02-16 01:42:30,580 [pool-123-thread-1] INFO  server.RaftServerConfigKeys (ConfUtils.java:logGet(44)) - raft.server.storage.free-space.min = 0MB (=0) (default)
2022-02-16 01:42:30,580 [pool-123-thread-1] INFO  storage.RaftStorageDirectory (RaftStorageDirectoryImpl.java:analyzeStorage(135)) - The storage directory /home/runner/work/ozone/ozone/hadoop-ozone/integration-test/target/test-dir/MiniOzoneClusterImpl-c31dc292-76fe-4ff2-ba7c-3deb75f75441/datanode-3/data/ratis/eff75b69-5cf3-4d72-bf43-504d69b4f741 does not exist. Creating ...
2022-02-16 01:42:30,582 [pool-123-thread-1] INFO  storage.RaftStorageDirectory (RaftStorageDirectoryImpl.java:tryLock(230)) - Lock on /home/runner/work/ozone/ozone/hadoop-ozone/integration-test/target/test-dir/MiniOzoneClusterImpl-c31dc292-76fe-4ff2-ba7c-3deb75f75441/datanode-3/data/ratis/eff75b69-5cf3-4d72-bf43-504d69b4f741/in_use.lock acquired by nodename 18047@fv-az184-768
2022-02-16 01:42:30,587 [pool-123-thread-1] INFO  storage.RaftStorage (RaftStorageImpl.java:format(89)) - Storage directory /home/runner/work/ozone/ozone/hadoop-ozone/integration-test/target/test-dir/MiniOzoneClusterImpl-c31dc292-76fe-4ff2-ba7c-3deb75f75441/datanode-3/data/ratis/eff75b69-5cf3-4d72-bf43-504d69b4f741 has been successfully formatted.
2022-02-16 01:42:30,587 [pool-123-thread-1] INFO  ratis.ContainerStateMachine (ContainerStateMachine.java:loadSnapshot(231)) - group-504D69B4F741: The snapshot info is null. Setting the last applied indexto:(t:0, i:~)
2022-02-16 01:42:30,587 [pool-123-thread-1] INFO  server.RaftServerConfigKeys (ConfUtils.java:logGet(44)) - raft.server.notification.no-leader.timeout = 300000ms (custom)
2022-02-16 01:42:30,587 [pool-123-thread-1] INFO  server.RaftServerConfigKeys (ConfUtils.java:logGet(44)) - raft.server.log.use.memory = false (default)
2022-02-16 01:42:30,587 [pool-123-thread-1] INFO  server.RaftServerConfigKeys (ConfUtils.java:logGet(44)) - raft.server.log.purge.gap = 1000000 (custom)
2022-02-16 01:42:30,587 [pool-123-thread-1] INFO  server.RaftServerConfigKeys (ConfUtils.java:logGet(44)) - raft.server.log.appender.buffer.byte-limit = 33554432 (custom)
2022-02-16 01:42:30,587 [pool-123-thread-1] INFO  server.RaftServerConfigKeys (ConfUtils.java:logGet(44)) - raft.server.log.segment.size.max = 1048576 (custom)
2022-02-16 01:42:30,588 [pool-123-thread-1] INFO  server.RaftServerConfigKeys (ConfUtils.java:logGet(44)) - raft.server.log.segment.cache.num.max = 2 (custom)
2022-02-16 01:42:30,588 [pool-123-thread-1] INFO  server.RaftServerConfigKeys (ConfUtils.java:logGet(44)) - raft.server.log.segment.cache.size.max = 200MB (=209715200) (default)
2022-02-16 01:42:30,588 [pool-123-thread-1] INFO  segmented.SegmentedRaftLogWorker (SegmentedRaftLogWorker.java:<init>(182)) - new edcd5571-e430-46af-ba60-7657fe1b1d4c@group-504D69B4F741-SegmentedRaftLogWorker for RaftStorageImpl:Storage Directory /home/runner/work/ozone/ozone/hadoop-ozone/integration-test/target/test-dir/MiniOzoneClusterImpl-c31dc292-76fe-4ff2-ba7c-3deb75f75441/datanode-3/data/ratis/eff75b69-5cf3-4d72-bf43-504d69b4f741
2022-02-16 01:42:30,588 [pool-123-thread-1] INFO  server.RaftServerConfigKeys (ConfUtils.java:logGet(44)) - raft.server.log.queue.byte-limit = 4294967296 (custom)
2022-02-16 01:42:30,588 [pool-123-thread-1] INFO  server.RaftServerConfigKeys (ConfUtils.java:logGet(44)) - raft.server.log.queue.element-limit = 1024 (custom)
2022-02-16 01:42:30,588 [pool-123-thread-1] INFO  server.RaftServerConfigKeys (ConfUtils.java:logGet(44)) - raft.server.log.segment.size.max = 1048576 (custom)
2022-02-16 01:42:30,588 [pool-123-thread-1] INFO  server.RaftServerConfigKeys (ConfUtils.java:logGet(44)) - raft.server.log.preallocated.size = 16384 (custom)
2022-02-16 01:42:30,588 [pool-123-thread-1] INFO  server.RaftServerConfigKeys (ConfUtils.java:logGet(44)) - raft.server.log.force.sync.num = 128 (default)
2022-02-16 01:42:30,588 [pool-123-thread-1] INFO  server.RaftServerConfigKeys (ConfUtils.java:logGet(44)) - raft.server.log.statemachine.data.sync = true (default)
2022-02-16 01:42:30,588 [pool-123-thread-1] INFO  server.RaftServerConfigKeys (ConfUtils.java:logGet(44)) - raft.server.log.statemachine.data.sync.timeout = 10s (default)
2022-02-16 01:42:30,588 [pool-123-thread-1] INFO  server.RaftServerConfigKeys (ConfUtils.java:logGet(44)) - raft.server.log.statemachine.data.sync.timeout.retry = -1 (default)
2022-02-16 01:42:30,592 [EventQueue-OpenPipelineForHealthyPipelineSafeModeRule] INFO  safemode.SCMSafeModeManager (HealthyPipelineSafeModeRule.java:process(124)) - SCM in safe mode. Healthy pipelines reported count is 0, required healthy pipeline reported count is 1
2022-02-16 01:42:30,594 [pool-123-thread-1] INFO  server.RaftServerConfigKeys (ConfUtils.java:logGet(44)) - raft.server.log.write.buffer.size = 1048576 (custom)
2022-02-16 01:42:30,595 [pool-123-thread-1] INFO  server.RaftServerConfigKeys (ConfUtils.java:logGet(44)) - raft.server.log.statemachine.data.caching.enabled = true (custom)
2022-02-16 01:42:30,595 [pool-123-thread-1] INFO  segmented.SegmentedRaftLogWorker (SegmentedRaftLogWorker.java:lambda$new$0(133)) - edcd5571-e430-46af-ba60-7657fe1b1d4c@group-504D69B4F741-SegmentedRaftLogWorker: flushIndex: setUnconditionally 0 -> -1
2022-02-16 01:42:30,595 [pool-123-thread-1] INFO  segmented.SegmentedRaftLogWorker (SegmentedRaftLogWorker.java:lambda$new$0(133)) - edcd5571-e430-46af-ba60-7657fe1b1d4c@group-504D69B4F741-SegmentedRaftLogWorker: safeCacheEvictIndex: setUnconditionally 0 -> -1
2022-02-16 01:42:30,597 [pool-123-thread-1] INFO  server.RaftServerConfigKeys (ConfUtils.java:logGet(44)) - raft.server.snapshot.auto.trigger.enabled = true (custom)
2022-02-16 01:42:30,597 [pool-123-thread-1] INFO  server.RaftServerConfigKeys (ConfUtils.java:logGet(44)) - raft.server.snapshot.auto.trigger.threshold = 10000 (custom)
2022-02-16 01:42:30,597 [pool-123-thread-1] INFO  server.RaftServerConfigKeys (ConfUtils.java:logGet(44)) - raft.server.snapshot.retention.file.num = 5 (custom)
2022-02-16 01:42:30,597 [pool-123-thread-1] INFO  server.RaftServerConfigKeys (ConfUtils.java:logGet(44)) - raft.server.log.purge.upto.snapshot.index = false (default)
2022-02-16 01:42:30,597 [pool-123-thread-1] INFO  server.RaftServerConfigKeys (ConfUtils.java:logGet(44)) - raft.server.retrycache.expirytime = 600000ms (custom)
2022-02-16 01:42:30,597 [pool-123-thread-1] INFO  server.RaftServerConfigKeys (ConfUtils.java:logGet(44)) - raft.server.retrycache.statistics.expirytime = 100μs (default)
2022-02-16 01:42:30,599 [pool-123-thread-1] INFO  server.RaftServer$Division (RaftServerImpl.java:start(301)) - edcd5571-e430-46af-ba60-7657fe1b1d4c@group-504D69B4F741: start as a follower, conf=-1: [edcd5571-e430-46af-ba60-7657fe1b1d4c|rpc:10.1.0.46:34285|priority:0, a565342f-4fee-4f25-a030-3e45d0cf0ab9|rpc:10.1.0.46:45097|priority:1, 0abaf1aa-1b73-4e28-a6e5-0a41a9a3ec34|rpc:10.1.0.46:36601|priority:0], old=null
2022-02-16 01:42:30,599 [pool-123-thread-1] INFO  server.RaftServer$Division (RaftServerImpl.java:setRole(290)) - edcd5571-e430-46af-ba60-7657fe1b1d4c@group-504D69B4F741: changes role from      null to FOLLOWER at term 0 for startAsFollower
2022-02-16 01:42:30,599 [pool-123-thread-1] INFO  impl.RoleInfo (RoleInfo.java:updateAndGet(130)) - edcd5571-e430-46af-ba60-7657fe1b1d4c: start edcd5571-e430-46af-ba60-7657fe1b1d4c@group-504D69B4F741-FollowerState
2022-02-16 01:42:30,600 [pool-123-thread-1] INFO  util.JmxRegister (JmxRegister.java:tryRegister(44)) - Successfully registered JMX Bean with object name Ratis:service=RaftServer,group=group-504D69B4F741,id=edcd5571-e430-46af-ba60-7657fe1b1d4c
2022-02-16 01:42:30,601 [Command processor thread] INFO  ratis.XceiverServerRatis (XceiverServerRatis.java:addGroup(769)) - Created group PipelineID=eff75b69-5cf3-4d72-bf43-504d69b4f741
2022-02-16 01:42:30,657 [grpc-default-executor-2] INFO  server.RaftServer (RaftServerProxy.java:addNew(95)) - a565342f-4fee-4f25-a030-3e45d0cf0ab9: addNew group-504D69B4F741:[edcd5571-e430-46af-ba60-7657fe1b1d4c|rpc:10.1.0.46:34285|dataStream:|priority:0, a565342f-4fee-4f25-a030-3e45d0cf0ab9|rpc:10.1.0.46:45097|dataStream:|priority:1, 0abaf1aa-1b73-4e28-a6e5-0a41a9a3ec34|rpc:10.1.0.46:36601|dataStream:|priority:0] returns group-504D69B4F741:java.util.concurrent.CompletableFuture@3ae511f9[Not completed]
2022-02-16 01:42:30,670 [Command processor thread] INFO  commandhandler.CreatePipelineCommandHandler (CreatePipelineCommandHandler.java:handle(106)) - Created Pipeline RATIS THREE PipelineID=9892d6ea-815e-4be0-abff-ecb279baf00e.
2022-02-16 01:42:30,671 [Command processor thread] INFO  commandhandler.CreatePipelineCommandHandler (CreatePipelineCommandHandler.java:handle(106)) - Created Pipeline RATIS THREE PipelineID=9892d6ea-815e-4be0-abff-ecb279baf00e.
2022-02-16 01:42:30,672 [pool-144-thread-1] INFO  server.RaftServer$Division (RaftServerImpl.java:<init>(184)) - a565342f-4fee-4f25-a030-3e45d0cf0ab9: new RaftServerImpl for group-504D69B4F741:[edcd5571-e430-46af-ba60-7657fe1b1d4c|rpc:10.1.0.46:34285|dataStream:|priority:0, a565342f-4fee-4f25-a030-3e45d0cf0ab9|rpc:10.1.0.46:45097|dataStream:|priority:1, 0abaf1aa-1b73-4e28-a6e5-0a41a9a3ec34|rpc:10.1.0.46:36601|dataStream:|priority:0] with ContainerStateMachine:uninitialized
2022-02-16 01:42:30,672 [pool-144-thread-1] INFO  server.RaftServerConfigKeys (ConfUtils.java:logGet(44)) - raft.server.rpc.timeout.min = 5s (custom)
2022-02-16 01:42:30,672 [pool-144-thread-1] INFO  server.RaftServerConfigKeys (ConfUtils.java:logGet(44)) - raft.server.rpc.timeout.max = 5200ms (custom)
2022-02-16 01:42:30,672 [pool-144-thread-1] INFO  server.RaftServerConfigKeys (ConfUtils.java:logGet(44)) - raft.server.rpc.sleep.time = 25ms (default)
2022-02-16 01:42:30,672 [pool-144-thread-1] INFO  server.RaftServerConfigKeys (ConfUtils.java:logGet(44)) - raft.server.rpc.slowness.timeout = 300000ms (custom)
2022-02-16 01:42:30,672 [pool-144-thread-1] INFO  server.RaftServerConfigKeys (ConfUtils.java:logGet(44)) - raft.server.leaderelection.leader.step-down.wait-time = 10s (default)
2022-02-16 01:42:30,672 [pool-144-thread-1] INFO  server.RaftServerConfigKeys (ConfUtils.java:logGet(44)) - raft.server.sleep.deviation.threshold = 300ms (default)
2022-02-16 01:42:30,672 [pool-144-thread-1] INFO  server.RaftServerConfigKeys (ConfUtils.java:logGet(44)) - raft.server.log.appender.install.snapshot.enabled = false (custom)
2022-02-16 01:42:30,672 [pool-144-thread-1] INFO  server.RaftServer$Division (ServerState.java:<init>(105)) - a565342f-4fee-4f25-a030-3e45d0cf0ab9@group-504D69B4F741: ConfigurationManager, init=-1: [edcd5571-e430-46af-ba60-7657fe1b1d4c|rpc:10.1.0.46:34285|dataStream:|priority:0, a565342f-4fee-4f25-a030-3e45d0cf0ab9|rpc:10.1.0.46:45097|dataStream:|priority:1, 0abaf1aa-1b73-4e28-a6e5-0a41a9a3ec34|rpc:10.1.0.46:36601|dataStream:|priority:0], old=null, confs=<EMPTY_MAP>
2022-02-16 01:42:30,675 [pool-144-thread-1] INFO  server.RaftServerConfigKeys (ConfUtils.java:logGet(44)) - raft.server.storage.dir = [/home/runner/work/ozone/ozone/hadoop-ozone/integration-test/target/test-dir/MiniOzoneClusterImpl-c31dc292-76fe-4ff2-ba7c-3deb75f75441/datanode-4/data/ratis] (custom)
2022-02-16 01:42:30,676 [pool-144-thread-1] INFO  server.RaftServerConfigKeys (ConfUtils.java:logGet(44)) - raft.server.log.corruption.policy = EXCEPTION (default)
2022-02-16 01:42:30,676 [pool-144-thread-1] INFO  server.RaftServerConfigKeys (ConfUtils.java:logGet(44)) - raft.server.storage.free-space.min = 0MB (=0) (default)
2022-02-16 01:42:30,676 [pool-144-thread-1] INFO  storage.RaftStorageDirectory (RaftStorageDirectoryImpl.java:analyzeStorage(135)) - The storage directory /home/runner/work/ozone/ozone/hadoop-ozone/integration-test/target/test-dir/MiniOzoneClusterImpl-c31dc292-76fe-4ff2-ba7c-3deb75f75441/datanode-4/data/ratis/eff75b69-5cf3-4d72-bf43-504d69b4f741 does not exist. Creating ...
2022-02-16 01:42:30,678 [pool-144-thread-1] INFO  storage.RaftStorageDirectory (RaftStorageDirectoryImpl.java:tryLock(230)) - Lock on /home/runner/work/ozone/ozone/hadoop-ozone/integration-test/target/test-dir/MiniOzoneClusterImpl-c31dc292-76fe-4ff2-ba7c-3deb75f75441/datanode-4/data/ratis/eff75b69-5cf3-4d72-bf43-504d69b4f741/in_use.lock acquired by nodename 18047@fv-az184-768
2022-02-16 01:42:30,679 [Command processor thread] INFO  commandhandler.CreatePipelineCommandHandler (CreatePipelineCommandHandler.java:handle(106)) - Created Pipeline RATIS THREE PipelineID=9892d6ea-815e-4be0-abff-ecb279baf00e.
2022-02-16 01:42:30,681 [pool-144-thread-1] INFO  storage.RaftStorage (RaftStorageImpl.java:format(89)) - Storage directory /home/runner/work/ozone/ozone/hadoop-ozone/integration-test/target/test-dir/MiniOzoneClusterImpl-c31dc292-76fe-4ff2-ba7c-3deb75f75441/datanode-4/data/ratis/eff75b69-5cf3-4d72-bf43-504d69b4f741 has been successfully formatted.
2022-02-16 01:42:30,681 [pool-144-thread-1] INFO  ratis.ContainerStateMachine (ContainerStateMachine.java:loadSnapshot(231)) - group-504D69B4F741: The snapshot info is null. Setting the last applied indexto:(t:0, i:~)
2022-02-16 01:42:30,682 [pool-144-thread-1] INFO  server.RaftServerConfigKeys (ConfUtils.java:logGet(44)) - raft.server.notification.no-leader.timeout = 300000ms (custom)
2022-02-16 01:42:30,682 [pool-144-thread-1] INFO  server.RaftServerConfigKeys (ConfUtils.java:logGet(44)) - raft.server.log.use.memory = false (default)
2022-02-16 01:42:30,683 [pool-144-thread-1] INFO  server.RaftServerConfigKeys (ConfUtils.java:logGet(44)) - raft.server.log.purge.gap = 1000000 (custom)
2022-02-16 01:42:30,684 [pool-144-thread-1] INFO  server.RaftServerConfigKeys (ConfUtils.java:logGet(44)) - raft.server.log.appender.buffer.byte-limit = 33554432 (custom)
2022-02-16 01:42:30,684 [pool-144-thread-1] INFO  server.RaftServerConfigKeys (ConfUtils.java:logGet(44)) - raft.server.log.segment.size.max = 1048576 (custom)
2022-02-16 01:42:30,685 [pool-144-thread-1] INFO  server.RaftServerConfigKeys (ConfUtils.java:logGet(44)) - raft.server.log.segment.cache.num.max = 2 (custom)
2022-02-16 01:42:30,685 [pool-144-thread-1] INFO  server.RaftServerConfigKeys (ConfUtils.java:logGet(44)) - raft.server.log.segment.cache.size.max = 200MB (=209715200) (default)
2022-02-16 01:42:30,685 [pool-144-thread-1] INFO  segmented.SegmentedRaftLogWorker (SegmentedRaftLogWorker.java:<init>(182)) - new a565342f-4fee-4f25-a030-3e45d0cf0ab9@group-504D69B4F741-SegmentedRaftLogWorker for RaftStorageImpl:Storage Directory /home/runner/work/ozone/ozone/hadoop-ozone/integration-test/target/test-dir/MiniOzoneClusterImpl-c31dc292-76fe-4ff2-ba7c-3deb75f75441/datanode-4/data/ratis/eff75b69-5cf3-4d72-bf43-504d69b4f741
2022-02-16 01:42:30,685 [pool-144-thread-1] INFO  server.RaftServerConfigKeys (ConfUtils.java:logGet(44)) - raft.server.log.queue.byte-limit = 4294967296 (custom)
2022-02-16 01:42:30,685 [pool-144-thread-1] INFO  server.RaftServerConfigKeys (ConfUtils.java:logGet(44)) - raft.server.log.queue.element-limit = 1024 (custom)
2022-02-16 01:42:30,685 [pool-144-thread-1] INFO  server.RaftServerConfigKeys (ConfUtils.java:logGet(44)) - raft.server.log.segment.size.max = 1048576 (custom)
2022-02-16 01:42:30,685 [pool-144-thread-1] INFO  server.RaftServerConfigKeys (ConfUtils.java:logGet(44)) - raft.server.log.preallocated.size = 16384 (custom)
2022-02-16 01:42:30,685 [pool-144-thread-1] INFO  server.RaftServerConfigKeys (ConfUtils.java:logGet(44)) - raft.server.log.force.sync.num = 128 (default)
2022-02-16 01:42:30,685 [pool-144-thread-1] INFO  server.RaftServerConfigKeys (ConfUtils.java:logGet(44)) - raft.server.log.statemachine.data.sync = true (default)
2022-02-16 01:42:30,685 [pool-144-thread-1] INFO  server.RaftServerConfigKeys (ConfUtils.java:logGet(44)) - raft.server.log.statemachine.data.sync.timeout = 10s (default)
2022-02-16 01:42:30,685 [pool-144-thread-1] INFO  server.RaftServerConfigKeys (ConfUtils.java:logGet(44)) - raft.server.log.statemachine.data.sync.timeout.retry = -1 (default)
2022-02-16 01:42:30,686 [pool-144-thread-1] INFO  server.RaftServerConfigKeys (ConfUtils.java:logGet(44)) - raft.server.log.write.buffer.size = 1048576 (custom)
2022-02-16 01:42:30,687 [pool-144-thread-1] INFO  server.RaftServerConfigKeys (ConfUtils.java:logGet(44)) - raft.server.log.statemachine.data.caching.enabled = true (custom)
2022-02-16 01:42:30,687 [pool-144-thread-1] INFO  segmented.SegmentedRaftLogWorker (SegmentedRaftLogWorker.java:lambda$new$0(133)) - a565342f-4fee-4f25-a030-3e45d0cf0ab9@group-504D69B4F741-SegmentedRaftLogWorker: flushIndex: setUnconditionally 0 -> -1
2022-02-16 01:42:30,687 [pool-144-thread-1] INFO  segmented.SegmentedRaftLogWorker (SegmentedRaftLogWorker.java:lambda$new$0(133)) - a565342f-4fee-4f25-a030-3e45d0cf0ab9@group-504D69B4F741-SegmentedRaftLogWorker: safeCacheEvictIndex: setUnconditionally 0 -> -1
2022-02-16 01:42:30,693 [pool-144-thread-1] INFO  server.RaftServerConfigKeys (ConfUtils.java:logGet(44)) - raft.server.snapshot.auto.trigger.enabled = true (custom)
2022-02-16 01:42:30,693 [pool-144-thread-1] INFO  server.RaftServerConfigKeys (ConfUtils.java:logGet(44)) - raft.server.snapshot.auto.trigger.threshold = 10000 (custom)
2022-02-16 01:42:30,693 [pool-144-thread-1] INFO  server.RaftServerConfigKeys (ConfUtils.java:logGet(44)) - raft.server.snapshot.retention.file.num = 5 (custom)
2022-02-16 01:42:30,694 [pool-144-thread-1] INFO  server.RaftServerConfigKeys (ConfUtils.java:logGet(44)) - raft.server.log.purge.upto.snapshot.index = false (default)
2022-02-16 01:42:30,694 [pool-144-thread-1] INFO  server.RaftServerConfigKeys (ConfUtils.java:logGet(44)) - raft.server.retrycache.expirytime = 600000ms (custom)
2022-02-16 01:42:30,694 [pool-144-thread-1] INFO  server.RaftServerConfigKeys (ConfUtils.java:logGet(44)) - raft.server.retrycache.statistics.expirytime = 100μs (default)
2022-02-16 01:42:30,695 [pool-144-thread-1] INFO  server.RaftServer$Division (RaftServerImpl.java:start(301)) - a565342f-4fee-4f25-a030-3e45d0cf0ab9@group-504D69B4F741: start as a follower, conf=-1: [edcd5571-e430-46af-ba60-7657fe1b1d4c|rpc:10.1.0.46:34285|dataStream:|priority:0, a565342f-4fee-4f25-a030-3e45d0cf0ab9|rpc:10.1.0.46:45097|dataStream:|priority:1, 0abaf1aa-1b73-4e28-a6e5-0a41a9a3ec34|rpc:10.1.0.46:36601|dataStream:|priority:0], old=null
2022-02-16 01:42:30,695 [pool-144-thread-1] INFO  server.RaftServer$Division (RaftServerImpl.java:setRole(290)) - a565342f-4fee-4f25-a030-3e45d0cf0ab9@group-504D69B4F741: changes role from      null to FOLLOWER at term 0 for startAsFollower
2022-02-16 01:42:30,695 [pool-144-thread-1] INFO  impl.RoleInfo (RoleInfo.java:updateAndGet(130)) - a565342f-4fee-4f25-a030-3e45d0cf0ab9: start a565342f-4fee-4f25-a030-3e45d0cf0ab9@group-504D69B4F741-FollowerState
2022-02-16 01:42:30,698 [pool-144-thread-1] INFO  util.JmxRegister (JmxRegister.java:tryRegister(44)) - Successfully registered JMX Bean with object name Ratis:service=RaftServer,group=group-504D69B4F741,id=a565342f-4fee-4f25-a030-3e45d0cf0ab9
2022-02-16 01:42:30,703 [Command processor thread] INFO  server.RaftServer (RaftServerProxy.java:addNew(95)) - a565342f-4fee-4f25-a030-3e45d0cf0ab9: addNew group-41334FB35384:[a565342f-4fee-4f25-a030-3e45d0cf0ab9|rpc:10.1.0.46:45097|priority:1] returns group-41334FB35384:java.util.concurrent.CompletableFuture@9103234[Not completed]
2022-02-16 01:42:30,704 [pool-144-thread-1] INFO  server.RaftServer$Division (RaftServerImpl.java:<init>(184)) - a565342f-4fee-4f25-a030-3e45d0cf0ab9: new RaftServerImpl for group-41334FB35384:[a565342f-4fee-4f25-a030-3e45d0cf0ab9|rpc:10.1.0.46:45097|priority:1] with ContainerStateMachine:uninitialized
2022-02-16 01:42:30,704 [pool-144-thread-1] INFO  server.RaftServerConfigKeys (ConfUtils.java:logGet(44)) - raft.server.rpc.timeout.min = 5s (custom)
2022-02-16 01:42:30,704 [pool-144-thread-1] INFO  server.RaftServerConfigKeys (ConfUtils.java:logGet(44)) - raft.server.rpc.timeout.max = 5200ms (custom)
2022-02-16 01:42:30,704 [pool-144-thread-1] INFO  server.RaftServerConfigKeys (ConfUtils.java:logGet(44)) - raft.server.rpc.sleep.time = 25ms (default)
2022-02-16 01:42:30,704 [pool-144-thread-1] INFO  server.RaftServerConfigKeys (ConfUtils.java:logGet(44)) - raft.server.rpc.slowness.timeout = 300000ms (custom)
2022-02-16 01:42:30,704 [pool-144-thread-1] INFO  server.RaftServerConfigKeys (ConfUtils.java:logGet(44)) - raft.server.leaderelection.leader.step-down.wait-time = 10s (default)
2022-02-16 01:42:30,704 [pool-144-thread-1] INFO  server.RaftServerConfigKeys (ConfUtils.java:logGet(44)) - raft.server.sleep.deviation.threshold = 300ms (default)
2022-02-16 01:42:30,704 [pool-144-thread-1] INFO  server.RaftServerConfigKeys (ConfUtils.java:logGet(44)) - raft.server.log.appender.install.snapshot.enabled = false (custom)
2022-02-16 01:42:30,704 [pool-144-thread-1] INFO  server.RaftServer$Division (ServerState.java:<init>(105)) - a565342f-4fee-4f25-a030-3e45d0cf0ab9@group-41334FB35384: ConfigurationManager, init=-1: [a565342f-4fee-4f25-a030-3e45d0cf0ab9|rpc:10.1.0.46:45097|priority:1], old=null, confs=<EMPTY_MAP>
2022-02-16 01:42:30,705 [pool-144-thread-1] INFO  server.RaftServerConfigKeys (ConfUtils.java:logGet(44)) - raft.server.storage.dir = [/home/runner/work/ozone/ozone/hadoop-ozone/integration-test/target/test-dir/MiniOzoneClusterImpl-c31dc292-76fe-4ff2-ba7c-3deb75f75441/datanode-4/data/ratis] (custom)
2022-02-16 01:42:30,705 [pool-144-thread-1] INFO  server.RaftServerConfigKeys (ConfUtils.java:logGet(44)) - raft.server.log.corruption.policy = EXCEPTION (default)
2022-02-16 01:42:30,705 [pool-144-thread-1] INFO  server.RaftServerConfigKeys (ConfUtils.java:logGet(44)) - raft.server.storage.free-space.min = 0MB (=0) (default)
2022-02-16 01:42:30,705 [pool-144-thread-1] INFO  storage.RaftStorageDirectory (RaftStorageDirectoryImpl.java:analyzeStorage(135)) - The storage directory /home/runner/work/ozone/ozone/hadoop-ozone/integration-test/target/test-dir/MiniOzoneClusterImpl-c31dc292-76fe-4ff2-ba7c-3deb75f75441/datanode-4/data/ratis/a90fc9b7-1cc6-443f-8fc3-41334fb35384 does not exist. Creating ...
2022-02-16 01:42:30,708 [pool-144-thread-1] INFO  storage.RaftStorageDirectory (RaftStorageDirectoryImpl.java:tryLock(230)) - Lock on /home/runner/work/ozone/ozone/hadoop-ozone/integration-test/target/test-dir/MiniOzoneClusterImpl-c31dc292-76fe-4ff2-ba7c-3deb75f75441/datanode-4/data/ratis/a90fc9b7-1cc6-443f-8fc3-41334fb35384/in_use.lock acquired by nodename 18047@fv-az184-768
2022-02-16 01:42:30,709 [pool-144-thread-1] INFO  storage.RaftStorage (RaftStorageImpl.java:format(89)) - Storage directory /home/runner/work/ozone/ozone/hadoop-ozone/integration-test/target/test-dir/MiniOzoneClusterImpl-c31dc292-76fe-4ff2-ba7c-3deb75f75441/datanode-4/data/ratis/a90fc9b7-1cc6-443f-8fc3-41334fb35384 has been successfully formatted.
2022-02-16 01:42:30,710 [pool-144-thread-1] INFO  ratis.ContainerStateMachine (ContainerStateMachine.java:loadSnapshot(231)) - group-41334FB35384: The snapshot info is null. Setting the last applied indexto:(t:0, i:~)
2022-02-16 01:42:30,710 [pool-144-thread-1] INFO  server.RaftServerConfigKeys (ConfUtils.java:logGet(44)) - raft.server.notification.no-leader.timeout = 300000ms (custom)
2022-02-16 01:42:30,710 [pool-144-thread-1] INFO  server.RaftServerConfigKeys (ConfUtils.java:logGet(44)) - raft.server.log.use.memory = false (default)
2022-02-16 01:42:30,710 [pool-144-thread-1] INFO  server.RaftServerConfigKeys (ConfUtils.java:logGet(44)) - raft.server.log.purge.gap = 1000000 (custom)
2022-02-16 01:42:30,710 [pool-144-thread-1] INFO  server.RaftServerConfigKeys (ConfUtils.java:logGet(44)) - raft.server.log.appender.buffer.byte-limit = 33554432 (custom)
2022-02-16 01:42:30,710 [pool-144-thread-1] INFO  server.RaftServerConfigKeys (ConfUtils.java:logGet(44)) - raft.server.log.segment.size.max = 1048576 (custom)
2022-02-16 01:42:30,711 [pool-144-thread-1] INFO  server.RaftServerConfigKeys (ConfUtils.java:logGet(44)) - raft.server.log.segment.cache.num.max = 2 (custom)
2022-02-16 01:42:30,711 [pool-144-thread-1] INFO  server.RaftServerConfigKeys (ConfUtils.java:logGet(44)) - raft.server.log.segment.cache.size.max = 200MB (=209715200) (default)
2022-02-16 01:42:30,711 [pool-144-thread-1] INFO  segmented.SegmentedRaftLogWorker (SegmentedRaftLogWorker.java:<init>(182)) - new a565342f-4fee-4f25-a030-3e45d0cf0ab9@group-41334FB35384-SegmentedRaftLogWorker for RaftStorageImpl:Storage Directory /home/runner/work/ozone/ozone/hadoop-ozone/integration-test/target/test-dir/MiniOzoneClusterImpl-c31dc292-76fe-4ff2-ba7c-3deb75f75441/datanode-4/data/ratis/a90fc9b7-1cc6-443f-8fc3-41334fb35384
2022-02-16 01:42:30,711 [pool-144-thread-1] INFO  server.RaftServerConfigKeys (ConfUtils.java:logGet(44)) - raft.server.log.queue.byte-limit = 4294967296 (custom)
2022-02-16 01:42:30,711 [pool-144-thread-1] INFO  server.RaftServerConfigKeys (ConfUtils.java:logGet(44)) - raft.server.log.queue.element-limit = 1024 (custom)
2022-02-16 01:42:30,711 [pool-144-thread-1] INFO  server.RaftServerConfigKeys (ConfUtils.java:logGet(44)) - raft.server.log.segment.size.max = 1048576 (custom)
2022-02-16 01:42:30,711 [pool-144-thread-1] INFO  server.RaftServerConfigKeys (ConfUtils.java:logGet(44)) - raft.server.log.preallocated.size = 16384 (custom)
2022-02-16 01:42:30,711 [pool-144-thread-1] INFO  server.RaftServerConfigKeys (ConfUtils.java:logGet(44)) - raft.server.log.force.sync.num = 128 (default)
2022-02-16 01:42:30,711 [pool-144-thread-1] INFO  server.RaftServerConfigKeys (ConfUtils.java:logGet(44)) - raft.server.log.statemachine.data.sync = true (default)
2022-02-16 01:42:30,711 [pool-144-thread-1] INFO  server.RaftServerConfigKeys (ConfUtils.java:logGet(44)) - raft.server.log.statemachine.data.sync.timeout = 10s (default)
2022-02-16 01:42:30,711 [pool-144-thread-1] INFO  server.RaftServerConfigKeys (ConfUtils.java:logGet(44)) - raft.server.log.statemachine.data.sync.timeout.retry = -1 (default)
2022-02-16 01:42:30,712 [pool-144-thread-1] INFO  server.RaftServerConfigKeys (ConfUtils.java:logGet(44)) - raft.server.log.write.buffer.size = 1048576 (custom)
2022-02-16 01:42:30,713 [pool-144-thread-1] INFO  server.RaftServerConfigKeys (ConfUtils.java:logGet(44)) - raft.server.log.statemachine.data.caching.enabled = true (custom)
2022-02-16 01:42:30,713 [pool-144-thread-1] INFO  segmented.SegmentedRaftLogWorker (SegmentedRaftLogWorker.java:lambda$new$0(133)) - a565342f-4fee-4f25-a030-3e45d0cf0ab9@group-41334FB35384-SegmentedRaftLogWorker: flushIndex: setUnconditionally 0 -> -1
2022-02-16 01:42:30,713 [pool-144-thread-1] INFO  segmented.SegmentedRaftLogWorker (SegmentedRaftLogWorker.java:lambda$new$0(133)) - a565342f-4fee-4f25-a030-3e45d0cf0ab9@group-41334FB35384-SegmentedRaftLogWorker: safeCacheEvictIndex: setUnconditionally 0 -> -1
2022-02-16 01:42:30,716 [pool-144-thread-1] INFO  server.RaftServerConfigKeys (ConfUtils.java:logGet(44)) - raft.server.snapshot.auto.trigger.enabled = true (custom)
2022-02-16 01:42:30,716 [pool-144-thread-1] INFO  server.RaftServerConfigKeys (ConfUtils.java:logGet(44)) - raft.server.snapshot.auto.trigger.threshold = 10000 (custom)
2022-02-16 01:42:30,716 [pool-144-thread-1] INFO  server.RaftServerConfigKeys (ConfUtils.java:logGet(44)) - raft.server.snapshot.retention.file.num = 5 (custom)
2022-02-16 01:42:30,716 [pool-144-thread-1] INFO  server.RaftServerConfigKeys (ConfUtils.java:logGet(44)) - raft.server.log.purge.upto.snapshot.index = false (default)
2022-02-16 01:42:30,716 [pool-144-thread-1] INFO  server.RaftServerConfigKeys (ConfUtils.java:logGet(44)) - raft.server.retrycache.expirytime = 600000ms (custom)
2022-02-16 01:42:30,716 [pool-144-thread-1] INFO  server.RaftServerConfigKeys (ConfUtils.java:logGet(44)) - raft.server.retrycache.statistics.expirytime = 100μs (default)
2022-02-16 01:42:30,717 [EventQueue-PipelineReportForPipelineReportHandler] INFO  pipeline.PipelineManagerImpl (PipelineManagerImpl.java:openPipeline(291)) - Pipeline Pipeline[ Id: a90fc9b7-1cc6-443f-8fc3-41334fb35384, Nodes: a565342f-4fee-4f25-a030-3e45d0cf0ab9{ip: 10.1.0.46, host: fv-az184-768.3ow45vhwbzuu5incsxmygykede.cx.internal.cloudapp.net, ports: [REPLICATION=43651, RATIS=45097, RATIS_ADMIN=45097, RATIS_SERVER=45097, STANDALONE=45657], networkLocation: /default-rack, certSerialId: null, persistedOpState: IN_SERVICE, persistedOpStateExpiryEpochSec: 0}, ReplicationConfig: RATIS/ONE, State:ALLOCATED, leaderId:a565342f-4fee-4f25-a030-3e45d0cf0ab9, CreationTimestamp2022-02-16T01:42:27.707Z[Etc/UTC]] moved to OPEN state
2022-02-16 01:42:30,719 [a1539ca7-d2c9-46ac-93a4-114c16d1b05c@group-3DEB75F75441-StateMachineUpdater] INFO  safemode.HealthyPipelineSafeModeRule (HealthyPipelineSafeModeRule.java:initializeRule(152)) - Refreshed total pipeline count is 0, healthy pipeline threshold count is 1
2022-02-16 01:42:30,719 [EventQueue-OpenPipelineForHealthyPipelineSafeModeRule] INFO  safemode.SCMSafeModeManager (HealthyPipelineSafeModeRule.java:process(124)) - SCM in safe mode. Healthy pipelines reported count is 0, required healthy pipeline reported count is 1
2022-02-16 01:42:30,729 [pool-144-thread-1] INFO  server.RaftServer$Division (RaftServerImpl.java:start(301)) - a565342f-4fee-4f25-a030-3e45d0cf0ab9@group-41334FB35384: start as a follower, conf=-1: [a565342f-4fee-4f25-a030-3e45d0cf0ab9|rpc:10.1.0.46:45097|priority:1], old=null
2022-02-16 01:42:30,736 [pool-144-thread-1] INFO  server.RaftServer$Division (RaftServerImpl.java:setRole(290)) - a565342f-4fee-4f25-a030-3e45d0cf0ab9@group-41334FB35384: changes role from      null to FOLLOWER at term 0 for startAsFollower
2022-02-16 01:42:30,736 [pool-144-thread-1] INFO  impl.RoleInfo (RoleInfo.java:updateAndGet(130)) - a565342f-4fee-4f25-a030-3e45d0cf0ab9: start a565342f-4fee-4f25-a030-3e45d0cf0ab9@group-41334FB35384-FollowerState
2022-02-16 01:42:30,736 [pool-144-thread-1] INFO  util.JmxRegister (JmxRegister.java:tryRegister(44)) - Successfully registered JMX Bean with object name Ratis:service=RaftServer,group=group-41334FB35384,id=a565342f-4fee-4f25-a030-3e45d0cf0ab9
2022-02-16 01:42:30,737 [Command processor thread] INFO  ratis.XceiverServerRatis (XceiverServerRatis.java:addGroup(769)) - Created group PipelineID=a90fc9b7-1cc6-443f-8fc3-41334fb35384
2022-02-16 01:42:30,737 [Command processor thread] INFO  commandhandler.CreatePipelineCommandHandler (CreatePipelineCommandHandler.java:handle(106)) - Created Pipeline RATIS ONE PipelineID=a90fc9b7-1cc6-443f-8fc3-41334fb35384.
2022-02-16 01:42:30,772 [grpc-default-executor-2] INFO  server.RaftServer (RaftServerProxy.java:addNew(95)) - 0abaf1aa-1b73-4e28-a6e5-0a41a9a3ec34: addNew group-504D69B4F741:[edcd5571-e430-46af-ba60-7657fe1b1d4c|rpc:10.1.0.46:34285|dataStream:|priority:0, a565342f-4fee-4f25-a030-3e45d0cf0ab9|rpc:10.1.0.46:45097|dataStream:|priority:1, 0abaf1aa-1b73-4e28-a6e5-0a41a9a3ec34|rpc:10.1.0.46:36601|dataStream:|priority:0] returns group-504D69B4F741:java.util.concurrent.CompletableFuture@193d42d2[Not completed]
2022-02-16 01:42:30,774 [pool-165-thread-1] INFO  server.RaftServer$Division (RaftServerImpl.java:<init>(184)) - 0abaf1aa-1b73-4e28-a6e5-0a41a9a3ec34: new RaftServerImpl for group-504D69B4F741:[edcd5571-e430-46af-ba60-7657fe1b1d4c|rpc:10.1.0.46:34285|dataStream:|priority:0, a565342f-4fee-4f25-a030-3e45d0cf0ab9|rpc:10.1.0.46:45097|dataStream:|priority:1, 0abaf1aa-1b73-4e28-a6e5-0a41a9a3ec34|rpc:10.1.0.46:36601|dataStream:|priority:0] with ContainerStateMachine:uninitialized
2022-02-16 01:42:30,774 [pool-165-thread-1] INFO  server.RaftServerConfigKeys (ConfUtils.java:logGet(44)) - raft.server.rpc.timeout.min = 5s (custom)
2022-02-16 01:42:30,774 [pool-165-thread-1] INFO  server.RaftServerConfigKeys (ConfUtils.java:logGet(44)) - raft.server.rpc.timeout.max = 5200ms (custom)
2022-02-16 01:42:30,774 [pool-165-thread-1] INFO  server.RaftServerConfigKeys (ConfUtils.java:logGet(44)) - raft.server.rpc.sleep.time = 25ms (default)
2022-02-16 01:42:30,774 [pool-165-thread-1] INFO  server.RaftServerConfigKeys (ConfUtils.java:logGet(44)) - raft.server.rpc.slowness.timeout = 300000ms (custom)
2022-02-16 01:42:30,774 [pool-165-thread-1] INFO  server.RaftServerConfigKeys (ConfUtils.java:logGet(44)) - raft.server.leaderelection.leader.step-down.wait-time = 10s (default)
2022-02-16 01:42:30,774 [pool-165-thread-1] INFO  server.RaftServerConfigKeys (ConfUtils.java:logGet(44)) - raft.server.sleep.deviation.threshold = 300ms (default)
2022-02-16 01:42:30,774 [pool-165-thread-1] INFO  server.RaftServerConfigKeys (ConfUtils.java:logGet(44)) - raft.server.log.appender.install.snapshot.enabled = false (custom)
2022-02-16 01:42:30,774 [pool-165-thread-1] INFO  server.RaftServer$Division (ServerState.java:<init>(105)) - 0abaf1aa-1b73-4e28-a6e5-0a41a9a3ec34@group-504D69B4F741: ConfigurationManager, init=-1: [edcd5571-e430-46af-ba60-7657fe1b1d4c|rpc:10.1.0.46:34285|dataStream:|priority:0, a565342f-4fee-4f25-a030-3e45d0cf0ab9|rpc:10.1.0.46:45097|dataStream:|priority:1, 0abaf1aa-1b73-4e28-a6e5-0a41a9a3ec34|rpc:10.1.0.46:36601|dataStream:|priority:0], old=null, confs=<EMPTY_MAP>
2022-02-16 01:42:30,774 [pool-165-thread-1] INFO  server.RaftServerConfigKeys (ConfUtils.java:logGet(44)) - raft.server.storage.dir = [/home/runner/work/ozone/ozone/hadoop-ozone/integration-test/target/test-dir/MiniOzoneClusterImpl-c31dc292-76fe-4ff2-ba7c-3deb75f75441/datanode-5/data/ratis] (custom)
2022-02-16 01:42:30,775 [pool-165-thread-1] INFO  server.RaftServerConfigKeys (ConfUtils.java:logGet(44)) - raft.server.log.corruption.policy = EXCEPTION (default)
2022-02-16 01:42:30,775 [pool-165-thread-1] INFO  server.RaftServerConfigKeys (ConfUtils.java:logGet(44)) - raft.server.storage.free-space.min = 0MB (=0) (default)
2022-02-16 01:42:30,775 [pool-165-thread-1] INFO  storage.RaftStorageDirectory (RaftStorageDirectoryImpl.java:analyzeStorage(135)) - The storage directory /home/runner/work/ozone/ozone/hadoop-ozone/integration-test/target/test-dir/MiniOzoneClusterImpl-c31dc292-76fe-4ff2-ba7c-3deb75f75441/datanode-5/data/ratis/eff75b69-5cf3-4d72-bf43-504d69b4f741 does not exist. Creating ...
2022-02-16 01:42:30,776 [pool-165-thread-1] INFO  storage.RaftStorageDirectory (RaftStorageDirectoryImpl.java:tryLock(230)) - Lock on /home/runner/work/ozone/ozone/hadoop-ozone/integration-test/target/test-dir/MiniOzoneClusterImpl-c31dc292-76fe-4ff2-ba7c-3deb75f75441/datanode-5/data/ratis/eff75b69-5cf3-4d72-bf43-504d69b4f741/in_use.lock acquired by nodename 18047@fv-az184-768
2022-02-16 01:42:30,777 [pool-165-thread-1] INFO  storage.RaftStorage (RaftStorageImpl.java:format(89)) - Storage directory /home/runner/work/ozone/ozone/hadoop-ozone/integration-test/target/test-dir/MiniOzoneClusterImpl-c31dc292-76fe-4ff2-ba7c-3deb75f75441/datanode-5/data/ratis/eff75b69-5cf3-4d72-bf43-504d69b4f741 has been successfully formatted.
2022-02-16 01:42:30,778 [pool-165-thread-1] INFO  ratis.ContainerStateMachine (ContainerStateMachine.java:loadSnapshot(231)) - group-504D69B4F741: The snapshot info is null. Setting the last applied indexto:(t:0, i:~)
2022-02-16 01:42:30,778 [pool-165-thread-1] INFO  server.RaftServerConfigKeys (ConfUtils.java:logGet(44)) - raft.server.notification.no-leader.timeout = 300000ms (custom)
2022-02-16 01:42:30,778 [pool-165-thread-1] INFO  server.RaftServerConfigKeys (ConfUtils.java:logGet(44)) - raft.server.log.use.memory = false (default)
2022-02-16 01:42:30,778 [pool-165-thread-1] INFO  server.RaftServerConfigKeys (ConfUtils.java:logGet(44)) - raft.server.log.purge.gap = 1000000 (custom)
2022-02-16 01:42:30,779 [pool-165-thread-1] INFO  server.RaftServerConfigKeys (ConfUtils.java:logGet(44)) - raft.server.log.appender.buffer.byte-limit = 33554432 (custom)
2022-02-16 01:42:30,779 [pool-165-thread-1] INFO  server.RaftServerConfigKeys (ConfUtils.java:logGet(44)) - raft.server.log.segment.size.max = 1048576 (custom)
2022-02-16 01:42:30,780 [pool-165-thread-1] INFO  server.RaftServerConfigKeys (ConfUtils.java:logGet(44)) - raft.server.log.segment.cache.num.max = 2 (custom)
2022-02-16 01:42:30,781 [pool-165-thread-1] INFO  server.RaftServerConfigKeys (ConfUtils.java:logGet(44)) - raft.server.log.segment.cache.size.max = 200MB (=209715200) (default)
2022-02-16 01:42:30,781 [pool-165-thread-1] INFO  segmented.SegmentedRaftLogWorker (SegmentedRaftLogWorker.java:<init>(182)) - new 0abaf1aa-1b73-4e28-a6e5-0a41a9a3ec34@group-504D69B4F741-SegmentedRaftLogWorker for RaftStorageImpl:Storage Directory /home/runner/work/ozone/ozone/hadoop-ozone/integration-test/target/test-dir/MiniOzoneClusterImpl-c31dc292-76fe-4ff2-ba7c-3deb75f75441/datanode-5/data/ratis/eff75b69-5cf3-4d72-bf43-504d69b4f741
2022-02-16 01:42:30,781 [pool-165-thread-1] INFO  server.RaftServerConfigKeys (ConfUtils.java:logGet(44)) - raft.server.log.queue.byte-limit = 4294967296 (custom)
2022-02-16 01:42:30,781 [pool-165-thread-1] INFO  server.RaftServerConfigKeys (ConfUtils.java:logGet(44)) - raft.server.log.queue.element-limit = 1024 (custom)
2022-02-16 01:42:30,781 [pool-165-thread-1] INFO  server.RaftServerConfigKeys (ConfUtils.java:logGet(44)) - raft.server.log.segment.size.max = 1048576 (custom)
2022-02-16 01:42:30,781 [pool-165-thread-1] INFO  server.RaftServerConfigKeys (ConfUtils.java:logGet(44)) - raft.server.log.preallocated.size = 16384 (custom)
2022-02-16 01:42:30,781 [pool-165-thread-1] INFO  server.RaftServerConfigKeys (ConfUtils.java:logGet(44)) - raft.server.log.force.sync.num = 128 (default)
2022-02-16 01:42:30,781 [pool-165-thread-1] INFO  server.RaftServerConfigKeys (ConfUtils.java:logGet(44)) - raft.server.log.statemachine.data.sync = true (default)
2022-02-16 01:42:30,781 [pool-165-thread-1] INFO  server.RaftServerConfigKeys (ConfUtils.java:logGet(44)) - raft.server.log.statemachine.data.sync.timeout = 10s (default)
2022-02-16 01:42:30,781 [pool-165-thread-1] INFO  server.RaftServerConfigKeys (ConfUtils.java:logGet(44)) - raft.server.log.statemachine.data.sync.timeout.retry = -1 (default)
2022-02-16 01:42:30,782 [pool-165-thread-1] INFO  server.RaftServerConfigKeys (ConfUtils.java:logGet(44)) - raft.server.log.write.buffer.size = 1048576 (custom)
2022-02-16 01:42:30,783 [pool-165-thread-1] INFO  server.RaftServerConfigKeys (ConfUtils.java:logGet(44)) - raft.server.log.statemachine.data.caching.enabled = true (custom)
2022-02-16 01:42:30,783 [pool-165-thread-1] INFO  segmented.SegmentedRaftLogWorker (SegmentedRaftLogWorker.java:lambda$new$0(133)) - 0abaf1aa-1b73-4e28-a6e5-0a41a9a3ec34@group-504D69B4F741-SegmentedRaftLogWorker: flushIndex: setUnconditionally 0 -> -1
2022-02-16 01:42:30,783 [pool-165-thread-1] INFO  segmented.SegmentedRaftLogWorker (SegmentedRaftLogWorker.java:lambda$new$0(133)) - 0abaf1aa-1b73-4e28-a6e5-0a41a9a3ec34@group-504D69B4F741-SegmentedRaftLogWorker: safeCacheEvictIndex: setUnconditionally 0 -> -1
2022-02-16 01:42:30,786 [pool-165-thread-1] INFO  server.RaftServerConfigKeys (ConfUtils.java:logGet(44)) - raft.server.snapshot.auto.trigger.enabled = true (custom)
2022-02-16 01:42:30,786 [pool-165-thread-1] INFO  server.RaftServerConfigKeys (ConfUtils.java:logGet(44)) - raft.server.snapshot.auto.trigger.threshold = 10000 (custom)
2022-02-16 01:42:30,786 [pool-165-thread-1] INFO  server.RaftServerConfigKeys (ConfUtils.java:logGet(44)) - raft.server.snapshot.retention.file.num = 5 (custom)
2022-02-16 01:42:30,786 [pool-165-thread-1] INFO  server.RaftServerConfigKeys (ConfUtils.java:logGet(44)) - raft.server.log.purge.upto.snapshot.index = false (default)
2022-02-16 01:42:30,787 [pool-165-thread-1] INFO  server.RaftServerConfigKeys (ConfUtils.java:logGet(44)) - raft.server.retrycache.expirytime = 600000ms (custom)
2022-02-16 01:42:30,787 [pool-165-thread-1] INFO  server.RaftServerConfigKeys (ConfUtils.java:logGet(44)) - raft.server.retrycache.statistics.expirytime = 100μs (default)
2022-02-16 01:42:30,788 [pool-165-thread-1] INFO  server.RaftServer$Division (RaftServerImpl.java:start(301)) - 0abaf1aa-1b73-4e28-a6e5-0a41a9a3ec34@group-504D69B4F741: start as a follower, conf=-1: [edcd5571-e430-46af-ba60-7657fe1b1d4c|rpc:10.1.0.46:34285|dataStream:|priority:0, a565342f-4fee-4f25-a030-3e45d0cf0ab9|rpc:10.1.0.46:45097|dataStream:|priority:1, 0abaf1aa-1b73-4e28-a6e5-0a41a9a3ec34|rpc:10.1.0.46:36601|dataStream:|priority:0], old=null
2022-02-16 01:42:30,788 [pool-165-thread-1] INFO  server.RaftServer$Division (RaftServerImpl.java:setRole(290)) - 0abaf1aa-1b73-4e28-a6e5-0a41a9a3ec34@group-504D69B4F741: changes role from      null to FOLLOWER at term 0 for startAsFollower
2022-02-16 01:42:30,788 [pool-165-thread-1] INFO  impl.RoleInfo (RoleInfo.java:updateAndGet(130)) - 0abaf1aa-1b73-4e28-a6e5-0a41a9a3ec34: start 0abaf1aa-1b73-4e28-a6e5-0a41a9a3ec34@group-504D69B4F741-FollowerState
2022-02-16 01:42:30,788 [pool-165-thread-1] INFO  util.JmxRegister (JmxRegister.java:tryRegister(44)) - Successfully registered JMX Bean with object name Ratis:service=RaftServer,group=group-504D69B4F741,id=0abaf1aa-1b73-4e28-a6e5-0a41a9a3ec34
2022-02-16 01:42:30,799 [Command processor thread] INFO  commandhandler.CreatePipelineCommandHandler (CreatePipelineCommandHandler.java:handle(106)) - Created Pipeline RATIS THREE PipelineID=eff75b69-5cf3-4d72-bf43-504d69b4f741.
2022-02-16 01:42:30,939 [Command processor thread] INFO  server.RaftServer (RaftServerProxy.java:addNew(95)) - 0abaf1aa-1b73-4e28-a6e5-0a41a9a3ec34: addNew group-BE3C88DC2A16:[0abaf1aa-1b73-4e28-a6e5-0a41a9a3ec34|rpc:10.1.0.46:36601|priority:1] returns group-BE3C88DC2A16:java.util.concurrent.CompletableFuture@6c952c69[Not completed]
2022-02-16 01:42:30,941 [pool-165-thread-1] INFO  server.RaftServer$Division (RaftServerImpl.java:<init>(184)) - 0abaf1aa-1b73-4e28-a6e5-0a41a9a3ec34: new RaftServerImpl for group-BE3C88DC2A16:[0abaf1aa-1b73-4e28-a6e5-0a41a9a3ec34|rpc:10.1.0.46:36601|priority:1] with ContainerStateMachine:uninitialized
2022-02-16 01:42:30,941 [pool-165-thread-1] INFO  server.RaftServerConfigKeys (ConfUtils.java:logGet(44)) - raft.server.rpc.timeout.min = 5s (custom)
2022-02-16 01:42:30,941 [pool-165-thread-1] INFO  server.RaftServerConfigKeys (ConfUtils.java:logGet(44)) - raft.server.rpc.timeout.max = 5200ms (custom)
2022-02-16 01:42:30,941 [pool-165-thread-1] INFO  server.RaftServerConfigKeys (ConfUtils.java:logGet(44)) - raft.server.rpc.sleep.time = 25ms (default)
2022-02-16 01:42:30,941 [pool-165-thread-1] INFO  server.RaftServerConfigKeys (ConfUtils.java:logGet(44)) - raft.server.rpc.slowness.timeout = 300000ms (custom)
2022-02-16 01:42:30,941 [pool-165-thread-1] INFO  server.RaftServerConfigKeys (ConfUtils.java:logGet(44)) - raft.server.leaderelection.leader.step-down.wait-time = 10s (default)
2022-02-16 01:42:30,941 [pool-165-thread-1] INFO  server.RaftServerConfigKeys (ConfUtils.java:logGet(44)) - raft.server.sleep.deviation.threshold = 300ms (default)
2022-02-16 01:42:30,941 [pool-165-thread-1] INFO  server.RaftServerConfigKeys (ConfUtils.java:logGet(44)) - raft.server.log.appender.install.snapshot.enabled = false (custom)
2022-02-16 01:42:30,941 [pool-165-thread-1] INFO  server.RaftServer$Division (ServerState.java:<init>(105)) - 0abaf1aa-1b73-4e28-a6e5-0a41a9a3ec34@group-BE3C88DC2A16: ConfigurationManager, init=-1: [0abaf1aa-1b73-4e28-a6e5-0a41a9a3ec34|rpc:10.1.0.46:36601|priority:1], old=null, confs=<EMPTY_MAP>
2022-02-16 01:42:30,941 [pool-165-thread-1] INFO  server.RaftServerConfigKeys (ConfUtils.java:logGet(44)) - raft.server.storage.dir = [/home/runner/work/ozone/ozone/hadoop-ozone/integration-test/target/test-dir/MiniOzoneClusterImpl-c31dc292-76fe-4ff2-ba7c-3deb75f75441/datanode-5/data/ratis] (custom)
2022-02-16 01:42:30,942 [pool-165-thread-1] INFO  server.RaftServerConfigKeys (ConfUtils.java:logGet(44)) - raft.server.log.corruption.policy = EXCEPTION (default)
2022-02-16 01:42:30,942 [pool-165-thread-1] INFO  server.RaftServerConfigKeys (ConfUtils.java:logGet(44)) - raft.server.storage.free-space.min = 0MB (=0) (default)
2022-02-16 01:42:30,942 [pool-165-thread-1] INFO  storage.RaftStorageDirectory (RaftStorageDirectoryImpl.java:analyzeStorage(135)) - The storage directory /home/runner/work/ozone/ozone/hadoop-ozone/integration-test/target/test-dir/MiniOzoneClusterImpl-c31dc292-76fe-4ff2-ba7c-3deb75f75441/datanode-5/data/ratis/2b72fae5-6830-4940-9b5a-be3c88dc2a16 does not exist. Creating ...
2022-02-16 01:42:30,943 [pool-165-thread-1] INFO  storage.RaftStorageDirectory (RaftStorageDirectoryImpl.java:tryLock(230)) - Lock on /home/runner/work/ozone/ozone/hadoop-ozone/integration-test/target/test-dir/MiniOzoneClusterImpl-c31dc292-76fe-4ff2-ba7c-3deb75f75441/datanode-5/data/ratis/2b72fae5-6830-4940-9b5a-be3c88dc2a16/in_use.lock acquired by nodename 18047@fv-az184-768
2022-02-16 01:42:30,945 [pool-165-thread-1] INFO  storage.RaftStorage (RaftStorageImpl.java:format(89)) - Storage directory /home/runner/work/ozone/ozone/hadoop-ozone/integration-test/target/test-dir/MiniOzoneClusterImpl-c31dc292-76fe-4ff2-ba7c-3deb75f75441/datanode-5/data/ratis/2b72fae5-6830-4940-9b5a-be3c88dc2a16 has been successfully formatted.
2022-02-16 01:42:30,946 [pool-165-thread-1] INFO  ratis.ContainerStateMachine (ContainerStateMachine.java:loadSnapshot(231)) - group-BE3C88DC2A16: The snapshot info is null. Setting the last applied indexto:(t:0, i:~)
2022-02-16 01:42:30,947 [EventQueue-PipelineReportForPipelineReportHandler] INFO  pipeline.PipelineManagerImpl (PipelineManagerImpl.java:openPipeline(291)) - Pipeline Pipeline[ Id: 2b72fae5-6830-4940-9b5a-be3c88dc2a16, Nodes: 0abaf1aa-1b73-4e28-a6e5-0a41a9a3ec34{ip: 10.1.0.46, host: fv-az184-768.3ow45vhwbzuu5incsxmygykede.cx.internal.cloudapp.net, ports: [REPLICATION=41417, RATIS=36601, RATIS_ADMIN=36601, RATIS_SERVER=36601, STANDALONE=40789], networkLocation: /default-rack, certSerialId: null, persistedOpState: IN_SERVICE, persistedOpStateExpiryEpochSec: 0}, ReplicationConfig: RATIS/ONE, State:ALLOCATED, leaderId:0abaf1aa-1b73-4e28-a6e5-0a41a9a3ec34, CreationTimestamp2022-02-16T01:42:27.944Z[Etc/UTC]] moved to OPEN state
2022-02-16 01:42:30,947 [pool-165-thread-1] INFO  server.RaftServerConfigKeys (ConfUtils.java:logGet(44)) - raft.server.notification.no-leader.timeout = 300000ms (custom)
2022-02-16 01:42:30,947 [pool-165-thread-1] INFO  server.RaftServerConfigKeys (ConfUtils.java:logGet(44)) - raft.server.log.use.memory = false (default)
2022-02-16 01:42:30,947 [pool-165-thread-1] INFO  server.RaftServerConfigKeys (ConfUtils.java:logGet(44)) - raft.server.log.purge.gap = 1000000 (custom)
2022-02-16 01:42:30,947 [pool-165-thread-1] INFO  server.RaftServerConfigKeys (ConfUtils.java:logGet(44)) - raft.server.log.appender.buffer.byte-limit = 33554432 (custom)
2022-02-16 01:42:30,948 [pool-165-thread-1] INFO  server.RaftServerConfigKeys (ConfUtils.java:logGet(44)) - raft.server.log.segment.size.max = 1048576 (custom)
2022-02-16 01:42:30,948 [pool-165-thread-1] INFO  server.RaftServerConfigKeys (ConfUtils.java:logGet(44)) - raft.server.log.segment.cache.num.max = 2 (custom)
2022-02-16 01:42:30,948 [pool-165-thread-1] INFO  server.RaftServerConfigKeys (ConfUtils.java:logGet(44)) - raft.server.log.segment.cache.size.max = 200MB (=209715200) (default)
2022-02-16 01:42:30,948 [pool-165-thread-1] INFO  segmented.SegmentedRaftLogWorker (SegmentedRaftLogWorker.java:<init>(182)) - new 0abaf1aa-1b73-4e28-a6e5-0a41a9a3ec34@group-BE3C88DC2A16-SegmentedRaftLogWorker for RaftStorageImpl:Storage Directory /home/runner/work/ozone/ozone/hadoop-ozone/integration-test/target/test-dir/MiniOzoneClusterImpl-c31dc292-76fe-4ff2-ba7c-3deb75f75441/datanode-5/data/ratis/2b72fae5-6830-4940-9b5a-be3c88dc2a16
2022-02-16 01:42:30,948 [pool-165-thread-1] INFO  server.RaftServerConfigKeys (ConfUtils.java:logGet(44)) - raft.server.log.queue.byte-limit = 4294967296 (custom)
2022-02-16 01:42:30,948 [pool-165-thread-1] INFO  server.RaftServerConfigKeys (ConfUtils.java:logGet(44)) - raft.server.log.queue.element-limit = 1024 (custom)
2022-02-16 01:42:30,949 [pool-165-thread-1] INFO  server.RaftServerConfigKeys (ConfUtils.java:logGet(44)) - raft.server.log.segment.size.max = 1048576 (custom)
2022-02-16 01:42:30,949 [pool-165-thread-1] INFO  server.RaftServerConfigKeys (ConfUtils.java:logGet(44)) - raft.server.log.preallocated.size = 16384 (custom)
2022-02-16 01:42:30,949 [pool-165-thread-1] INFO  server.RaftServerConfigKeys (ConfUtils.java:logGet(44)) - raft.server.log.force.sync.num = 128 (default)
2022-02-16 01:42:30,949 [pool-165-thread-1] INFO  server.RaftServerConfigKeys (ConfUtils.java:logGet(44)) - raft.server.log.statemachine.data.sync = true (default)
2022-02-16 01:42:30,949 [pool-165-thread-1] INFO  server.RaftServerConfigKeys (ConfUtils.java:logGet(44)) - raft.server.log.statemachine.data.sync.timeout = 10s (default)
2022-02-16 01:42:30,949 [a1539ca7-d2c9-46ac-93a4-114c16d1b05c@group-3DEB75F75441-StateMachineUpdater] INFO  safemode.HealthyPipelineSafeModeRule (HealthyPipelineSafeModeRule.java:initializeRule(152)) - Refreshed total pipeline count is 0, healthy pipeline threshold count is 1
2022-02-16 01:42:30,951 [EventQueue-OpenPipelineForHealthyPipelineSafeModeRule] INFO  safemode.SCMSafeModeManager (HealthyPipelineSafeModeRule.java:process(124)) - SCM in safe mode. Healthy pipelines reported count is 0, required healthy pipeline reported count is 1
2022-02-16 01:42:30,949 [pool-165-thread-1] INFO  server.RaftServerConfigKeys (ConfUtils.java:logGet(44)) - raft.server.log.statemachine.data.sync.timeout.retry = -1 (default)
2022-02-16 01:42:30,952 [pool-165-thread-1] INFO  server.RaftServerConfigKeys (ConfUtils.java:logGet(44)) - raft.server.log.write.buffer.size = 1048576 (custom)
2022-02-16 01:42:30,952 [pool-165-thread-1] INFO  server.RaftServerConfigKeys (ConfUtils.java:logGet(44)) - raft.server.log.statemachine.data.caching.enabled = true (custom)
2022-02-16 01:42:30,953 [pool-165-thread-1] INFO  segmented.SegmentedRaftLogWorker (SegmentedRaftLogWorker.java:lambda$new$0(133)) - 0abaf1aa-1b73-4e28-a6e5-0a41a9a3ec34@group-BE3C88DC2A16-SegmentedRaftLogWorker: flushIndex: setUnconditionally 0 -> -1
2022-02-16 01:42:30,954 [pool-165-thread-1] INFO  segmented.SegmentedRaftLogWorker (SegmentedRaftLogWorker.java:lambda$new$0(133)) - 0abaf1aa-1b73-4e28-a6e5-0a41a9a3ec34@group-BE3C88DC2A16-SegmentedRaftLogWorker: safeCacheEvictIndex: setUnconditionally 0 -> -1
2022-02-16 01:42:30,955 [pool-165-thread-1] INFO  server.RaftServerConfigKeys (ConfUtils.java:logGet(44)) - raft.server.snapshot.auto.trigger.enabled = true (custom)
2022-02-16 01:42:30,955 [pool-165-thread-1] INFO  server.RaftServerConfigKeys (ConfUtils.java:logGet(44)) - raft.server.snapshot.auto.trigger.threshold = 10000 (custom)
2022-02-16 01:42:30,955 [pool-165-thread-1] INFO  server.RaftServerConfigKeys (ConfUtils.java:logGet(44)) - raft.server.snapshot.retention.file.num = 5 (custom)
2022-02-16 01:42:30,955 [pool-165-thread-1] INFO  server.RaftServerConfigKeys (ConfUtils.java:logGet(44)) - raft.server.log.purge.upto.snapshot.index = false (default)
2022-02-16 01:42:30,955 [pool-165-thread-1] INFO  server.RaftServerConfigKeys (ConfUtils.java:logGet(44)) - raft.server.retrycache.expirytime = 600000ms (custom)
2022-02-16 01:42:30,955 [pool-165-thread-1] INFO  server.RaftServerConfigKeys (ConfUtils.java:logGet(44)) - raft.server.retrycache.statistics.expirytime = 100μs (default)
2022-02-16 01:42:30,956 [pool-165-thread-1] INFO  server.RaftServer$Division (RaftServerImpl.java:start(301)) - 0abaf1aa-1b73-4e28-a6e5-0a41a9a3ec34@group-BE3C88DC2A16: start as a follower, conf=-1: [0abaf1aa-1b73-4e28-a6e5-0a41a9a3ec34|rpc:10.1.0.46:36601|priority:1], old=null
2022-02-16 01:42:30,956 [pool-165-thread-1] INFO  server.RaftServer$Division (RaftServerImpl.java:setRole(290)) - 0abaf1aa-1b73-4e28-a6e5-0a41a9a3ec34@group-BE3C88DC2A16: changes role from      null to FOLLOWER at term 0 for startAsFollower
2022-02-16 01:42:30,956 [pool-165-thread-1] INFO  impl.RoleInfo (RoleInfo.java:updateAndGet(130)) - 0abaf1aa-1b73-4e28-a6e5-0a41a9a3ec34: start 0abaf1aa-1b73-4e28-a6e5-0a41a9a3ec34@group-BE3C88DC2A16-FollowerState
2022-02-16 01:42:30,958 [pool-165-thread-1] INFO  util.JmxRegister (JmxRegister.java:tryRegister(44)) - Successfully registered JMX Bean with object name Ratis:service=RaftServer,group=group-BE3C88DC2A16,id=0abaf1aa-1b73-4e28-a6e5-0a41a9a3ec34
2022-02-16 01:42:30,960 [Command processor thread] INFO  ratis.XceiverServerRatis (XceiverServerRatis.java:addGroup(769)) - Created group PipelineID=2b72fae5-6830-4940-9b5a-be3c88dc2a16
2022-02-16 01:42:30,960 [Command processor thread] INFO  commandhandler.CreatePipelineCommandHandler (CreatePipelineCommandHandler.java:handle(106)) - Created Pipeline RATIS ONE PipelineID=2b72fae5-6830-4940-9b5a-be3c88dc2a16.
2022-02-16 01:42:31,119 [Command processor thread] INFO  server.RaftServer (RaftServerProxy.java:addNew(95)) - 81aedf04-38bc-4259-8f21-07d047f65c5c: addNew group-E93265FD3A7F:[81aedf04-38bc-4259-8f21-07d047f65c5c|rpc:10.1.0.46:43527|priority:1] returns group-E93265FD3A7F:java.util.concurrent.CompletableFuture@6aaefee[Not completed]
2022-02-16 01:42:31,122 [pool-186-thread-1] INFO  server.RaftServer$Division (RaftServerImpl.java:<init>(184)) - 81aedf04-38bc-4259-8f21-07d047f65c5c: new RaftServerImpl for group-E93265FD3A7F:[81aedf04-38bc-4259-8f21-07d047f65c5c|rpc:10.1.0.46:43527|priority:1] with ContainerStateMachine:uninitialized
2022-02-16 01:42:31,122 [pool-186-thread-1] INFO  server.RaftServerConfigKeys (ConfUtils.java:logGet(44)) - raft.server.rpc.timeout.min = 5s (custom)
2022-02-16 01:42:31,122 [pool-186-thread-1] INFO  server.RaftServerConfigKeys (ConfUtils.java:logGet(44)) - raft.server.rpc.timeout.max = 5200ms (custom)
2022-02-16 01:42:31,122 [pool-186-thread-1] INFO  server.RaftServerConfigKeys (ConfUtils.java:logGet(44)) - raft.server.rpc.sleep.time = 25ms (default)
2022-02-16 01:42:31,122 [pool-186-thread-1] INFO  server.RaftServerConfigKeys (ConfUtils.java:logGet(44)) - raft.server.rpc.slowness.timeout = 300000ms (custom)
2022-02-16 01:42:31,122 [pool-186-thread-1] INFO  server.RaftServerConfigKeys (ConfUtils.java:logGet(44)) - raft.server.leaderelection.leader.step-down.wait-time = 10s (default)
2022-02-16 01:42:31,122 [pool-186-thread-1] INFO  server.RaftServerConfigKeys (ConfUtils.java:logGet(44)) - raft.server.sleep.deviation.threshold = 300ms (default)
2022-02-16 01:42:31,122 [pool-186-thread-1] INFO  server.RaftServerConfigKeys (ConfUtils.java:logGet(44)) - raft.server.log.appender.install.snapshot.enabled = false (custom)
2022-02-16 01:42:31,123 [pool-186-thread-1] INFO  server.RaftServer$Division (ServerState.java:<init>(105)) - 81aedf04-38bc-4259-8f21-07d047f65c5c@group-E93265FD3A7F: ConfigurationManager, init=-1: [81aedf04-38bc-4259-8f21-07d047f65c5c|rpc:10.1.0.46:43527|priority:1], old=null, confs=<EMPTY_MAP>
2022-02-16 01:42:31,123 [pool-186-thread-1] INFO  server.RaftServerConfigKeys (ConfUtils.java:logGet(44)) - raft.server.storage.dir = [/home/runner/work/ozone/ozone/hadoop-ozone/integration-test/target/test-dir/MiniOzoneClusterImpl-c31dc292-76fe-4ff2-ba7c-3deb75f75441/datanode-6/data/ratis] (custom)
2022-02-16 01:42:31,123 [pool-186-thread-1] INFO  server.RaftServerConfigKeys (ConfUtils.java:logGet(44)) - raft.server.log.corruption.policy = EXCEPTION (default)
2022-02-16 01:42:31,123 [pool-186-thread-1] INFO  server.RaftServerConfigKeys (ConfUtils.java:logGet(44)) - raft.server.storage.free-space.min = 0MB (=0) (default)
2022-02-16 01:42:31,123 [pool-186-thread-1] INFO  storage.RaftStorageDirectory (RaftStorageDirectoryImpl.java:analyzeStorage(135)) - The storage directory /home/runner/work/ozone/ozone/hadoop-ozone/integration-test/target/test-dir/MiniOzoneClusterImpl-c31dc292-76fe-4ff2-ba7c-3deb75f75441/datanode-6/data/ratis/9b233c29-1a5f-4785-a7a9-e93265fd3a7f does not exist. Creating ...
2022-02-16 01:42:31,124 [pool-186-thread-1] INFO  storage.RaftStorageDirectory (RaftStorageDirectoryImpl.java:tryLock(230)) - Lock on /home/runner/work/ozone/ozone/hadoop-ozone/integration-test/target/test-dir/MiniOzoneClusterImpl-c31dc292-76fe-4ff2-ba7c-3deb75f75441/datanode-6/data/ratis/9b233c29-1a5f-4785-a7a9-e93265fd3a7f/in_use.lock acquired by nodename 18047@fv-az184-768
2022-02-16 01:42:31,125 [pool-186-thread-1] INFO  storage.RaftStorage (RaftStorageImpl.java:format(89)) - Storage directory /home/runner/work/ozone/ozone/hadoop-ozone/integration-test/target/test-dir/MiniOzoneClusterImpl-c31dc292-76fe-4ff2-ba7c-3deb75f75441/datanode-6/data/ratis/9b233c29-1a5f-4785-a7a9-e93265fd3a7f has been successfully formatted.
2022-02-16 01:42:31,126 [pool-186-thread-1] INFO  ratis.ContainerStateMachine (ContainerStateMachine.java:loadSnapshot(231)) - group-E93265FD3A7F: The snapshot info is null. Setting the last applied indexto:(t:0, i:~)
2022-02-16 01:42:31,126 [pool-186-thread-1] INFO  server.RaftServerConfigKeys (ConfUtils.java:logGet(44)) - raft.server.notification.no-leader.timeout = 300000ms (custom)
2022-02-16 01:42:31,126 [pool-186-thread-1] INFO  server.RaftServerConfigKeys (ConfUtils.java:logGet(44)) - raft.server.log.use.memory = false (default)
2022-02-16 01:42:31,126 [pool-186-thread-1] INFO  server.RaftServerConfigKeys (ConfUtils.java:logGet(44)) - raft.server.log.purge.gap = 1000000 (custom)
2022-02-16 01:42:31,126 [pool-186-thread-1] INFO  server.RaftServerConfigKeys (ConfUtils.java:logGet(44)) - raft.server.log.appender.buffer.byte-limit = 33554432 (custom)
2022-02-16 01:42:31,127 [pool-186-thread-1] INFO  server.RaftServerConfigKeys (ConfUtils.java:logGet(44)) - raft.server.log.segment.size.max = 1048576 (custom)
2022-02-16 01:42:31,127 [pool-186-thread-1] INFO  server.RaftServerConfigKeys (ConfUtils.java:logGet(44)) - raft.server.log.segment.cache.num.max = 2 (custom)
2022-02-16 01:42:31,127 [pool-186-thread-1] INFO  server.RaftServerConfigKeys (ConfUtils.java:logGet(44)) - raft.server.log.segment.cache.size.max = 200MB (=209715200) (default)
2022-02-16 01:42:31,127 [pool-186-thread-1] INFO  segmented.SegmentedRaftLogWorker (SegmentedRaftLogWorker.java:<init>(182)) - new 81aedf04-38bc-4259-8f21-07d047f65c5c@group-E93265FD3A7F-SegmentedRaftLogWorker for RaftStorageImpl:Storage Directory /home/runner/work/ozone/ozone/hadoop-ozone/integration-test/target/test-dir/MiniOzoneClusterImpl-c31dc292-76fe-4ff2-ba7c-3deb75f75441/datanode-6/data/ratis/9b233c29-1a5f-4785-a7a9-e93265fd3a7f
2022-02-16 01:42:31,127 [pool-186-thread-1] INFO  server.RaftServerConfigKeys (ConfUtils.java:logGet(44)) - raft.server.log.queue.byte-limit = 4294967296 (custom)
2022-02-16 01:42:31,127 [pool-186-thread-1] INFO  server.RaftServerConfigKeys (ConfUtils.java:logGet(44)) - raft.server.log.queue.element-limit = 1024 (custom)
2022-02-16 01:42:31,127 [pool-186-thread-1] INFO  server.RaftServerConfigKeys (ConfUtils.java:logGet(44)) - raft.server.log.segment.size.max = 1048576 (custom)
2022-02-16 01:42:31,127 [pool-186-thread-1] INFO  server.RaftServerConfigKeys (ConfUtils.java:logGet(44)) - raft.server.log.preallocated.size = 16384 (custom)
2022-02-16 01:42:31,127 [pool-186-thread-1] INFO  server.RaftServerConfigKeys (ConfUtils.java:logGet(44)) - raft.server.log.force.sync.num = 128 (default)
2022-02-16 01:42:31,127 [pool-186-thread-1] INFO  server.RaftServerConfigKeys (ConfUtils.java:logGet(44)) - raft.server.log.statemachine.data.sync = true (default)
2022-02-16 01:42:31,127 [pool-186-thread-1] INFO  server.RaftServerConfigKeys (ConfUtils.java:logGet(44)) - raft.server.log.statemachine.data.sync.timeout = 10s (default)
2022-02-16 01:42:31,127 [pool-186-thread-1] INFO  server.RaftServerConfigKeys (ConfUtils.java:logGet(44)) - raft.server.log.statemachine.data.sync.timeout.retry = -1 (default)
2022-02-16 01:42:31,128 [pool-186-thread-1] INFO  server.RaftServerConfigKeys (ConfUtils.java:logGet(44)) - raft.server.log.write.buffer.size = 1048576 (custom)
2022-02-16 01:42:31,128 [EventQueue-PipelineReportForPipelineReportHandler] INFO  pipeline.PipelineManagerImpl (PipelineManagerImpl.java:openPipeline(291)) - Pipeline Pipeline[ Id: 9b233c29-1a5f-4785-a7a9-e93265fd3a7f, Nodes: 81aedf04-38bc-4259-8f21-07d047f65c5c{ip: 10.1.0.46, host: fv-az184-768.3ow45vhwbzuu5incsxmygykede.cx.internal.cloudapp.net, ports: [REPLICATION=38313, RATIS=43527, RATIS_ADMIN=43527, RATIS_SERVER=43527, STANDALONE=44211], networkLocation: /default-rack, certSerialId: null, persistedOpState: IN_SERVICE, persistedOpStateExpiryEpochSec: 0}, ReplicationConfig: RATIS/ONE, State:ALLOCATED, leaderId:81aedf04-38bc-4259-8f21-07d047f65c5c, CreationTimestamp2022-02-16T01:42:28.123Z[Etc/UTC]] moved to OPEN state
2022-02-16 01:42:31,129 [pool-186-thread-1] INFO  server.RaftServerConfigKeys (ConfUtils.java:logGet(44)) - raft.server.log.statemachine.data.caching.enabled = true (custom)
2022-02-16 01:42:31,129 [pool-186-thread-1] INFO  segmented.SegmentedRaftLogWorker (SegmentedRaftLogWorker.java:lambda$new$0(133)) - 81aedf04-38bc-4259-8f21-07d047f65c5c@group-E93265FD3A7F-SegmentedRaftLogWorker: flushIndex: setUnconditionally 0 -> -1
2022-02-16 01:42:31,129 [pool-186-thread-1] INFO  segmented.SegmentedRaftLogWorker (SegmentedRaftLogWorker.java:lambda$new$0(133)) - 81aedf04-38bc-4259-8f21-07d047f65c5c@group-E93265FD3A7F-SegmentedRaftLogWorker: safeCacheEvictIndex: setUnconditionally 0 -> -1
2022-02-16 01:42:31,130 [a1539ca7-d2c9-46ac-93a4-114c16d1b05c@group-3DEB75F75441-StateMachineUpdater] INFO  safemode.HealthyPipelineSafeModeRule (HealthyPipelineSafeModeRule.java:initializeRule(152)) - Refreshed total pipeline count is 0, healthy pipeline threshold count is 1
2022-02-16 01:42:31,139 [pool-186-thread-1] INFO  server.RaftServerConfigKeys (ConfUtils.java:logGet(44)) - raft.server.snapshot.auto.trigger.enabled = true (custom)
2022-02-16 01:42:31,139 [pool-186-thread-1] INFO  server.RaftServerConfigKeys (ConfUtils.java:logGet(44)) - raft.server.snapshot.auto.trigger.threshold = 10000 (custom)
2022-02-16 01:42:31,140 [pool-186-thread-1] INFO  server.RaftServerConfigKeys (ConfUtils.java:logGet(44)) - raft.server.snapshot.retention.file.num = 5 (custom)
2022-02-16 01:42:31,140 [pool-186-thread-1] INFO  server.RaftServerConfigKeys (ConfUtils.java:logGet(44)) - raft.server.log.purge.upto.snapshot.index = false (default)
2022-02-16 01:42:31,140 [pool-186-thread-1] INFO  server.RaftServerConfigKeys (ConfUtils.java:logGet(44)) - raft.server.retrycache.expirytime = 600000ms (custom)
2022-02-16 01:42:31,140 [pool-186-thread-1] INFO  server.RaftServerConfigKeys (ConfUtils.java:logGet(44)) - raft.server.retrycache.statistics.expirytime = 100μs (default)
2022-02-16 01:42:31,141 [pool-186-thread-1] INFO  server.RaftServer$Division (RaftServerImpl.java:start(301)) - 81aedf04-38bc-4259-8f21-07d047f65c5c@group-E93265FD3A7F: start as a follower, conf=-1: [81aedf04-38bc-4259-8f21-07d047f65c5c|rpc:10.1.0.46:43527|priority:1], old=null
2022-02-16 01:42:31,141 [pool-186-thread-1] INFO  server.RaftServer$Division (RaftServerImpl.java:setRole(290)) - 81aedf04-38bc-4259-8f21-07d047f65c5c@group-E93265FD3A7F: changes role from      null to FOLLOWER at term 0 for startAsFollower
2022-02-16 01:42:31,141 [pool-186-thread-1] INFO  impl.RoleInfo (RoleInfo.java:updateAndGet(130)) - 81aedf04-38bc-4259-8f21-07d047f65c5c: start 81aedf04-38bc-4259-8f21-07d047f65c5c@group-E93265FD3A7F-FollowerState
2022-02-16 01:42:31,141 [EventQueue-OpenPipelineForHealthyPipelineSafeModeRule] INFO  safemode.SCMSafeModeManager (HealthyPipelineSafeModeRule.java:process(124)) - SCM in safe mode. Healthy pipelines reported count is 0, required healthy pipeline reported count is 1
2022-02-16 01:42:31,142 [pool-186-thread-1] INFO  util.JmxRegister (JmxRegister.java:tryRegister(44)) - Successfully registered JMX Bean with object name Ratis:service=RaftServer,group=group-E93265FD3A7F,id=81aedf04-38bc-4259-8f21-07d047f65c5c
2022-02-16 01:42:31,144 [Command processor thread] INFO  ratis.XceiverServerRatis (XceiverServerRatis.java:addGroup(769)) - Created group PipelineID=9b233c29-1a5f-4785-a7a9-e93265fd3a7f
2022-02-16 01:42:31,144 [Command processor thread] INFO  commandhandler.CreatePipelineCommandHandler (CreatePipelineCommandHandler.java:handle(106)) - Created Pipeline RATIS ONE PipelineID=9b233c29-1a5f-4785-a7a9-e93265fd3a7f.
2022-02-16 01:42:31,144 [Command processor thread] INFO  server.RaftServer (RaftServerProxy.java:addNew(95)) - 81aedf04-38bc-4259-8f21-07d047f65c5c: addNew group-1F9862849013:[81aedf04-38bc-4259-8f21-07d047f65c5c|rpc:10.1.0.46:43527|priority:0, a160d0e9-2905-4393-b4ab-3632e6d9b9e1|rpc:10.1.0.46:39495|priority:0, 003e5be4-9867-4f5a-83bb-9c943051b5bb|rpc:10.1.0.46:37171|priority:1] returns group-1F9862849013:java.util.concurrent.CompletableFuture@2956be3[Not completed]
2022-02-16 01:42:31,145 [pool-186-thread-1] INFO  server.RaftServer$Division (RaftServerImpl.java:<init>(184)) - 81aedf04-38bc-4259-8f21-07d047f65c5c: new RaftServerImpl for group-1F9862849013:[81aedf04-38bc-4259-8f21-07d047f65c5c|rpc:10.1.0.46:43527|priority:0, a160d0e9-2905-4393-b4ab-3632e6d9b9e1|rpc:10.1.0.46:39495|priority:0, 003e5be4-9867-4f5a-83bb-9c943051b5bb|rpc:10.1.0.46:37171|priority:1] with ContainerStateMachine:uninitialized
2022-02-16 01:42:31,145 [pool-186-thread-1] INFO  server.RaftServerConfigKeys (ConfUtils.java:logGet(44)) - raft.server.rpc.timeout.min = 5s (custom)
2022-02-16 01:42:31,145 [pool-186-thread-1] INFO  server.RaftServerConfigKeys (ConfUtils.java:logGet(44)) - raft.server.rpc.timeout.max = 5200ms (custom)
2022-02-16 01:42:31,145 [pool-186-thread-1] INFO  server.RaftServerConfigKeys (ConfUtils.java:logGet(44)) - raft.server.rpc.sleep.time = 25ms (default)
2022-02-16 01:42:31,145 [pool-186-thread-1] INFO  server.RaftServerConfigKeys (ConfUtils.java:logGet(44)) - raft.server.rpc.slowness.timeout = 300000ms (custom)
2022-02-16 01:42:31,145 [pool-186-thread-1] INFO  server.RaftServerConfigKeys (ConfUtils.java:logGet(44)) - raft.server.leaderelection.leader.step-down.wait-time = 10s (default)
2022-02-16 01:42:31,145 [pool-186-thread-1] INFO  server.RaftServerConfigKeys (ConfUtils.java:logGet(44)) - raft.server.sleep.deviation.threshold = 300ms (default)
2022-02-16 01:42:31,145 [pool-186-thread-1] INFO  server.RaftServerConfigKeys (ConfUtils.java:logGet(44)) - raft.server.log.appender.install.snapshot.enabled = false (custom)
2022-02-16 01:42:31,145 [pool-186-thread-1] INFO  server.RaftServer$Division (ServerState.java:<init>(105)) - 81aedf04-38bc-4259-8f21-07d047f65c5c@group-1F9862849013: ConfigurationManager, init=-1: [81aedf04-38bc-4259-8f21-07d047f65c5c|rpc:10.1.0.46:43527|priority:0, a160d0e9-2905-4393-b4ab-3632e6d9b9e1|rpc:10.1.0.46:39495|priority:0, 003e5be4-9867-4f5a-83bb-9c943051b5bb|rpc:10.1.0.46:37171|priority:1], old=null, confs=<EMPTY_MAP>
2022-02-16 01:42:31,145 [pool-186-thread-1] INFO  server.RaftServerConfigKeys (ConfUtils.java:logGet(44)) - raft.server.storage.dir = [/home/runner/work/ozone/ozone/hadoop-ozone/integration-test/target/test-dir/MiniOzoneClusterImpl-c31dc292-76fe-4ff2-ba7c-3deb75f75441/datanode-6/data/ratis] (custom)
2022-02-16 01:42:31,145 [pool-186-thread-1] INFO  server.RaftServerConfigKeys (ConfUtils.java:logGet(44)) - raft.server.log.corruption.policy = EXCEPTION (default)
2022-02-16 01:42:31,146 [pool-186-thread-1] INFO  server.RaftServerConfigKeys (ConfUtils.java:logGet(44)) - raft.server.storage.free-space.min = 0MB (=0) (default)
2022-02-16 01:42:31,146 [pool-186-thread-1] INFO  storage.RaftStorageDirectory (RaftStorageDirectoryImpl.java:analyzeStorage(135)) - The storage directory /home/runner/work/ozone/ozone/hadoop-ozone/integration-test/target/test-dir/MiniOzoneClusterImpl-c31dc292-76fe-4ff2-ba7c-3deb75f75441/datanode-6/data/ratis/03d3f062-6fb7-46ce-bb2a-1f9862849013 does not exist. Creating ...
2022-02-16 01:42:31,148 [pool-186-thread-1] INFO  storage.RaftStorageDirectory (RaftStorageDirectoryImpl.java:tryLock(230)) - Lock on /home/runner/work/ozone/ozone/hadoop-ozone/integration-test/target/test-dir/MiniOzoneClusterImpl-c31dc292-76fe-4ff2-ba7c-3deb75f75441/datanode-6/data/ratis/03d3f062-6fb7-46ce-bb2a-1f9862849013/in_use.lock acquired by nodename 18047@fv-az184-768
2022-02-16 01:42:31,149 [pool-186-thread-1] INFO  storage.RaftStorage (RaftStorageImpl.java:format(89)) - Storage directory /home/runner/work/ozone/ozone/hadoop-ozone/integration-test/target/test-dir/MiniOzoneClusterImpl-c31dc292-76fe-4ff2-ba7c-3deb75f75441/datanode-6/data/ratis/03d3f062-6fb7-46ce-bb2a-1f9862849013 has been successfully formatted.
2022-02-16 01:42:31,149 [pool-186-thread-1] INFO  ratis.ContainerStateMachine (ContainerStateMachine.java:loadSnapshot(231)) - group-1F9862849013: The snapshot info is null. Setting the last applied indexto:(t:0, i:~)
2022-02-16 01:42:31,149 [pool-186-thread-1] INFO  server.RaftServerConfigKeys (ConfUtils.java:logGet(44)) - raft.server.notification.no-leader.timeout = 300000ms (custom)
2022-02-16 01:42:31,149 [pool-186-thread-1] INFO  server.RaftServerConfigKeys (ConfUtils.java:logGet(44)) - raft.server.log.use.memory = false (default)
2022-02-16 01:42:31,149 [pool-186-thread-1] INFO  server.RaftServerConfigKeys (ConfUtils.java:logGet(44)) - raft.server.log.purge.gap = 1000000 (custom)
2022-02-16 01:42:31,149 [pool-186-thread-1] INFO  server.RaftServerConfigKeys (ConfUtils.java:logGet(44)) - raft.server.log.appender.buffer.byte-limit = 33554432 (custom)
2022-02-16 01:42:31,149 [pool-186-thread-1] INFO  server.RaftServerConfigKeys (ConfUtils.java:logGet(44)) - raft.server.log.segment.size.max = 1048576 (custom)
2022-02-16 01:42:31,150 [pool-186-thread-1] INFO  server.RaftServerConfigKeys (ConfUtils.java:logGet(44)) - raft.server.log.segment.cache.num.max = 2 (custom)
2022-02-16 01:42:31,150 [pool-186-thread-1] INFO  server.RaftServerConfigKeys (ConfUtils.java:logGet(44)) - raft.server.log.segment.cache.size.max = 200MB (=209715200) (default)
2022-02-16 01:42:31,150 [pool-186-thread-1] INFO  segmented.SegmentedRaftLogWorker (SegmentedRaftLogWorker.java:<init>(182)) - new 81aedf04-38bc-4259-8f21-07d047f65c5c@group-1F9862849013-SegmentedRaftLogWorker for RaftStorageImpl:Storage Directory /home/runner/work/ozone/ozone/hadoop-ozone/integration-test/target/test-dir/MiniOzoneClusterImpl-c31dc292-76fe-4ff2-ba7c-3deb75f75441/datanode-6/data/ratis/03d3f062-6fb7-46ce-bb2a-1f9862849013
2022-02-16 01:42:31,150 [pool-186-thread-1] INFO  server.RaftServerConfigKeys (ConfUtils.java:logGet(44)) - raft.server.log.queue.byte-limit = 4294967296 (custom)
2022-02-16 01:42:31,150 [pool-186-thread-1] INFO  server.RaftServerConfigKeys (ConfUtils.java:logGet(44)) - raft.server.log.queue.element-limit = 1024 (custom)
2022-02-16 01:42:31,150 [pool-186-thread-1] INFO  server.RaftServerConfigKeys (ConfUtils.java:logGet(44)) - raft.server.log.segment.size.max = 1048576 (custom)
2022-02-16 01:42:31,150 [pool-186-thread-1] INFO  server.RaftServerConfigKeys (ConfUtils.java:logGet(44)) - raft.server.log.preallocated.size = 16384 (custom)
2022-02-16 01:42:31,150 [pool-186-thread-1] INFO  server.RaftServerConfigKeys (ConfUtils.java:logGet(44)) - raft.server.log.force.sync.num = 128 (default)
2022-02-16 01:42:31,150 [pool-186-thread-1] INFO  server.RaftServerConfigKeys (ConfUtils.java:logGet(44)) - raft.server.log.statemachine.data.sync = true (default)
2022-02-16 01:42:31,150 [pool-186-thread-1] INFO  server.RaftServerConfigKeys (ConfUtils.java:logGet(44)) - raft.server.log.statemachine.data.sync.timeout = 10s (default)
2022-02-16 01:42:31,150 [pool-186-thread-1] INFO  server.RaftServerConfigKeys (ConfUtils.java:logGet(44)) - raft.server.log.statemachine.data.sync.timeout.retry = -1 (default)
2022-02-16 01:42:31,150 [EventQueue-OpenPipelineForHealthyPipelineSafeModeRule] INFO  safemode.SCMSafeModeManager (HealthyPipelineSafeModeRule.java:process(124)) - SCM in safe mode. Healthy pipelines reported count is 0, required healthy pipeline reported count is 1
2022-02-16 01:42:31,151 [pool-186-thread-1] INFO  server.RaftServerConfigKeys (ConfUtils.java:logGet(44)) - raft.server.log.write.buffer.size = 1048576 (custom)
2022-02-16 01:42:31,152 [pool-186-thread-1] INFO  server.RaftServerConfigKeys (ConfUtils.java:logGet(44)) - raft.server.log.statemachine.data.caching.enabled = true (custom)
2022-02-16 01:42:31,152 [pool-186-thread-1] INFO  segmented.SegmentedRaftLogWorker (SegmentedRaftLogWorker.java:lambda$new$0(133)) - 81aedf04-38bc-4259-8f21-07d047f65c5c@group-1F9862849013-SegmentedRaftLogWorker: flushIndex: setUnconditionally 0 -> -1
2022-02-16 01:42:31,152 [pool-186-thread-1] INFO  segmented.SegmentedRaftLogWorker (SegmentedRaftLogWorker.java:lambda$new$0(133)) - 81aedf04-38bc-4259-8f21-07d047f65c5c@group-1F9862849013-SegmentedRaftLogWorker: safeCacheEvictIndex: setUnconditionally 0 -> -1
2022-02-16 01:42:31,154 [pool-186-thread-1] INFO  server.RaftServerConfigKeys (ConfUtils.java:logGet(44)) - raft.server.snapshot.auto.trigger.enabled = true (custom)
2022-02-16 01:42:31,154 [pool-186-thread-1] INFO  server.RaftServerConfigKeys (ConfUtils.java:logGet(44)) - raft.server.snapshot.auto.trigger.threshold = 10000 (custom)
2022-02-16 01:42:31,154 [pool-186-thread-1] INFO  server.RaftServerConfigKeys (ConfUtils.java:logGet(44)) - raft.server.snapshot.retention.file.num = 5 (custom)
2022-02-16 01:42:31,154 [pool-186-thread-1] INFO  server.RaftServerConfigKeys (ConfUtils.java:logGet(44)) - raft.server.log.purge.upto.snapshot.index = false (default)
2022-02-16 01:42:31,154 [pool-186-thread-1] INFO  server.RaftServerConfigKeys (ConfUtils.java:logGet(44)) - raft.server.retrycache.expirytime = 600000ms (custom)
2022-02-16 01:42:31,154 [pool-186-thread-1] INFO  server.RaftServerConfigKeys (ConfUtils.java:logGet(44)) - raft.server.retrycache.statistics.expirytime = 100μs (default)
2022-02-16 01:42:31,155 [pool-186-thread-1] INFO  server.RaftServer$Division (RaftServerImpl.java:start(301)) - 81aedf04-38bc-4259-8f21-07d047f65c5c@group-1F9862849013: start as a follower, conf=-1: [81aedf04-38bc-4259-8f21-07d047f65c5c|rpc:10.1.0.46:43527|priority:0, a160d0e9-2905-4393-b4ab-3632e6d9b9e1|rpc:10.1.0.46:39495|priority:0, 003e5be4-9867-4f5a-83bb-9c943051b5bb|rpc:10.1.0.46:37171|priority:1], old=null
2022-02-16 01:42:31,155 [pool-186-thread-1] INFO  server.RaftServer$Division (RaftServerImpl.java:setRole(290)) - 81aedf04-38bc-4259-8f21-07d047f65c5c@group-1F9862849013: changes role from      null to FOLLOWER at term 0 for startAsFollower
2022-02-16 01:42:31,155 [pool-186-thread-1] INFO  impl.RoleInfo (RoleInfo.java:updateAndGet(130)) - 81aedf04-38bc-4259-8f21-07d047f65c5c: start 81aedf04-38bc-4259-8f21-07d047f65c5c@group-1F9862849013-FollowerState
2022-02-16 01:42:31,155 [pool-186-thread-1] INFO  util.JmxRegister (JmxRegister.java:tryRegister(44)) - Successfully registered JMX Bean with object name Ratis:service=RaftServer,group=group-1F9862849013,id=81aedf04-38bc-4259-8f21-07d047f65c5c
2022-02-16 01:42:31,156 [Command processor thread] INFO  ratis.XceiverServerRatis (XceiverServerRatis.java:addGroup(769)) - Created group PipelineID=03d3f062-6fb7-46ce-bb2a-1f9862849013
2022-02-16 01:42:31,167 [grpc-default-executor-2] INFO  server.RaftServer (RaftServerProxy.java:addNew(95)) - a160d0e9-2905-4393-b4ab-3632e6d9b9e1: addNew group-1F9862849013:[81aedf04-38bc-4259-8f21-07d047f65c5c|rpc:10.1.0.46:43527|dataStream:|priority:0, a160d0e9-2905-4393-b4ab-3632e6d9b9e1|rpc:10.1.0.46:39495|dataStream:|priority:0, 003e5be4-9867-4f5a-83bb-9c943051b5bb|rpc:10.1.0.46:37171|dataStream:|priority:1] returns group-1F9862849013:java.util.concurrent.CompletableFuture@20b2767e[Not completed]
2022-02-16 01:42:31,168 [pool-207-thread-1] INFO  server.RaftServer$Division (RaftServerImpl.java:<init>(184)) - a160d0e9-2905-4393-b4ab-3632e6d9b9e1: new RaftServerImpl for group-1F9862849013:[81aedf04-38bc-4259-8f21-07d047f65c5c|rpc:10.1.0.46:43527|dataStream:|priority:0, a160d0e9-2905-4393-b4ab-3632e6d9b9e1|rpc:10.1.0.46:39495|dataStream:|priority:0, 003e5be4-9867-4f5a-83bb-9c943051b5bb|rpc:10.1.0.46:37171|dataStream:|priority:1] with ContainerStateMachine:uninitialized
2022-02-16 01:42:31,168 [pool-207-thread-1] INFO  server.RaftServerConfigKeys (ConfUtils.java:logGet(44)) - raft.server.rpc.timeout.min = 5s (custom)
2022-02-16 01:42:31,168 [pool-207-thread-1] INFO  server.RaftServerConfigKeys (ConfUtils.java:logGet(44)) - raft.server.rpc.timeout.max = 5200ms (custom)
2022-02-16 01:42:31,168 [pool-207-thread-1] INFO  server.RaftServerConfigKeys (ConfUtils.java:logGet(44)) - raft.server.rpc.sleep.time = 25ms (default)
2022-02-16 01:42:31,168 [pool-207-thread-1] INFO  server.RaftServerConfigKeys (ConfUtils.java:logGet(44)) - raft.server.rpc.slowness.timeout = 300000ms (custom)
2022-02-16 01:42:31,169 [pool-207-thread-1] INFO  server.RaftServerConfigKeys (ConfUtils.java:logGet(44)) - raft.server.leaderelection.leader.step-down.wait-time = 10s (default)
2022-02-16 01:42:31,169 [pool-207-thread-1] INFO  server.RaftServerConfigKeys (ConfUtils.java:logGet(44)) - raft.server.sleep.deviation.threshold = 300ms (default)
2022-02-16 01:42:31,169 [pool-207-thread-1] INFO  server.RaftServerConfigKeys (ConfUtils.java:logGet(44)) - raft.server.log.appender.install.snapshot.enabled = false (custom)
2022-02-16 01:42:31,169 [pool-207-thread-1] INFO  server.RaftServer$Division (ServerState.java:<init>(105)) - a160d0e9-2905-4393-b4ab-3632e6d9b9e1@group-1F9862849013: ConfigurationManager, init=-1: [81aedf04-38bc-4259-8f21-07d047f65c5c|rpc:10.1.0.46:43527|dataStream:|priority:0, a160d0e9-2905-4393-b4ab-3632e6d9b9e1|rpc:10.1.0.46:39495|dataStream:|priority:0, 003e5be4-9867-4f5a-83bb-9c943051b5bb|rpc:10.1.0.46:37171|dataStream:|priority:1], old=null, confs=<EMPTY_MAP>
2022-02-16 01:42:31,169 [pool-207-thread-1] INFO  server.RaftServerConfigKeys (ConfUtils.java:logGet(44)) - raft.server.storage.dir = [/home/runner/work/ozone/ozone/hadoop-ozone/integration-test/target/test-dir/MiniOzoneClusterImpl-c31dc292-76fe-4ff2-ba7c-3deb75f75441/datanode-7/data/ratis] (custom)
2022-02-16 01:42:31,169 [pool-207-thread-1] INFO  server.RaftServerConfigKeys (ConfUtils.java:logGet(44)) - raft.server.log.corruption.policy = EXCEPTION (default)
2022-02-16 01:42:31,169 [pool-207-thread-1] INFO  server.RaftServerConfigKeys (ConfUtils.java:logGet(44)) - raft.server.storage.free-space.min = 0MB (=0) (default)
2022-02-16 01:42:31,169 [pool-207-thread-1] INFO  storage.RaftStorageDirectory (RaftStorageDirectoryImpl.java:analyzeStorage(135)) - The storage directory /home/runner/work/ozone/ozone/hadoop-ozone/integration-test/target/test-dir/MiniOzoneClusterImpl-c31dc292-76fe-4ff2-ba7c-3deb75f75441/datanode-7/data/ratis/03d3f062-6fb7-46ce-bb2a-1f9862849013 does not exist. Creating ...
2022-02-16 01:42:31,170 [pool-207-thread-1] INFO  storage.RaftStorageDirectory (RaftStorageDirectoryImpl.java:tryLock(230)) - Lock on /home/runner/work/ozone/ozone/hadoop-ozone/integration-test/target/test-dir/MiniOzoneClusterImpl-c31dc292-76fe-4ff2-ba7c-3deb75f75441/datanode-7/data/ratis/03d3f062-6fb7-46ce-bb2a-1f9862849013/in_use.lock acquired by nodename 18047@fv-az184-768
2022-02-16 01:42:31,171 [pool-207-thread-1] INFO  storage.RaftStorage (RaftStorageImpl.java:format(89)) - Storage directory /home/runner/work/ozone/ozone/hadoop-ozone/integration-test/target/test-dir/MiniOzoneClusterImpl-c31dc292-76fe-4ff2-ba7c-3deb75f75441/datanode-7/data/ratis/03d3f062-6fb7-46ce-bb2a-1f9862849013 has been successfully formatted.
2022-02-16 01:42:31,172 [pool-207-thread-1] INFO  ratis.ContainerStateMachine (ContainerStateMachine.java:loadSnapshot(231)) - group-1F9862849013: The snapshot info is null. Setting the last applied indexto:(t:0, i:~)
2022-02-16 01:42:31,172 [pool-207-thread-1] INFO  server.RaftServerConfigKeys (ConfUtils.java:logGet(44)) - raft.server.notification.no-leader.timeout = 300000ms (custom)
2022-02-16 01:42:31,172 [pool-207-thread-1] INFO  server.RaftServerConfigKeys (ConfUtils.java:logGet(44)) - raft.server.log.use.memory = false (default)
2022-02-16 01:42:31,173 [pool-207-thread-1] INFO  server.RaftServerConfigKeys (ConfUtils.java:logGet(44)) - raft.server.log.purge.gap = 1000000 (custom)
2022-02-16 01:42:31,173 [pool-207-thread-1] INFO  server.RaftServerConfigKeys (ConfUtils.java:logGet(44)) - raft.server.log.appender.buffer.byte-limit = 33554432 (custom)
2022-02-16 01:42:31,173 [pool-207-thread-1] INFO  server.RaftServerConfigKeys (ConfUtils.java:logGet(44)) - raft.server.log.segment.size.max = 1048576 (custom)
2022-02-16 01:42:31,175 [pool-207-thread-1] INFO  server.RaftServerConfigKeys (ConfUtils.java:logGet(44)) - raft.server.log.segment.cache.num.max = 2 (custom)
2022-02-16 01:42:31,176 [pool-207-thread-1] INFO  server.RaftServerConfigKeys (ConfUtils.java:logGet(44)) - raft.server.log.segment.cache.size.max = 200MB (=209715200) (default)
2022-02-16 01:42:31,176 [pool-207-thread-1] INFO  segmented.SegmentedRaftLogWorker (SegmentedRaftLogWorker.java:<init>(182)) - new a160d0e9-2905-4393-b4ab-3632e6d9b9e1@group-1F9862849013-SegmentedRaftLogWorker for RaftStorageImpl:Storage Directory /home/runner/work/ozone/ozone/hadoop-ozone/integration-test/target/test-dir/MiniOzoneClusterImpl-c31dc292-76fe-4ff2-ba7c-3deb75f75441/datanode-7/data/ratis/03d3f062-6fb7-46ce-bb2a-1f9862849013
2022-02-16 01:42:31,176 [pool-207-thread-1] INFO  server.RaftServerConfigKeys (ConfUtils.java:logGet(44)) - raft.server.log.queue.byte-limit = 4294967296 (custom)
2022-02-16 01:42:31,176 [pool-207-thread-1] INFO  server.RaftServerConfigKeys (ConfUtils.java:logGet(44)) - raft.server.log.queue.element-limit = 1024 (custom)
2022-02-16 01:42:31,176 [pool-207-thread-1] INFO  server.RaftServerConfigKeys (ConfUtils.java:logGet(44)) - raft.server.log.segment.size.max = 1048576 (custom)
2022-02-16 01:42:31,176 [pool-207-thread-1] INFO  server.RaftServerConfigKeys (ConfUtils.java:logGet(44)) - raft.server.log.preallocated.size = 16384 (custom)
2022-02-16 01:42:31,176 [pool-207-thread-1] INFO  server.RaftServerConfigKeys (ConfUtils.java:logGet(44)) - raft.server.log.force.sync.num = 128 (default)
2022-02-16 01:42:31,176 [pool-207-thread-1] INFO  server.RaftServerConfigKeys (ConfUtils.java:logGet(44)) - raft.server.log.statemachine.data.sync = true (default)
2022-02-16 01:42:31,176 [pool-207-thread-1] INFO  server.RaftServerConfigKeys (ConfUtils.java:logGet(44)) - raft.server.log.statemachine.data.sync.timeout = 10s (default)
2022-02-16 01:42:31,176 [pool-207-thread-1] INFO  server.RaftServerConfigKeys (ConfUtils.java:logGet(44)) - raft.server.log.statemachine.data.sync.timeout.retry = -1 (default)
2022-02-16 01:42:31,177 [pool-207-thread-1] INFO  server.RaftServerConfigKeys (ConfUtils.java:logGet(44)) - raft.server.log.write.buffer.size = 1048576 (custom)
2022-02-16 01:42:31,178 [pool-207-thread-1] INFO  server.RaftServerConfigKeys (ConfUtils.java:logGet(44)) - raft.server.log.statemachine.data.caching.enabled = true (custom)
2022-02-16 01:42:31,178 [pool-207-thread-1] INFO  segmented.SegmentedRaftLogWorker (SegmentedRaftLogWorker.java:lambda$new$0(133)) - a160d0e9-2905-4393-b4ab-3632e6d9b9e1@group-1F9862849013-SegmentedRaftLogWorker: flushIndex: setUnconditionally 0 -> -1
2022-02-16 01:42:31,178 [pool-207-thread-1] INFO  segmented.SegmentedRaftLogWorker (SegmentedRaftLogWorker.java:lambda$new$0(133)) - a160d0e9-2905-4393-b4ab-3632e6d9b9e1@group-1F9862849013-SegmentedRaftLogWorker: safeCacheEvictIndex: setUnconditionally 0 -> -1
2022-02-16 01:42:31,178 [pool-207-thread-1] INFO  server.RaftServerConfigKeys (ConfUtils.java:logGet(44)) - raft.server.snapshot.auto.trigger.enabled = true (custom)
2022-02-16 01:42:31,178 [pool-207-thread-1] INFO  server.RaftServerConfigKeys (ConfUtils.java:logGet(44)) - raft.server.snapshot.auto.trigger.threshold = 10000 (custom)
2022-02-16 01:42:31,178 [pool-207-thread-1] INFO  server.RaftServerConfigKeys (ConfUtils.java:logGet(44)) - raft.server.snapshot.retention.file.num = 5 (custom)
2022-02-16 01:42:31,179 [pool-207-thread-1] INFO  server.RaftServerConfigKeys (ConfUtils.java:logGet(44)) - raft.server.log.purge.upto.snapshot.index = false (default)
2022-02-16 01:42:31,179 [pool-207-thread-1] INFO  server.RaftServerConfigKeys (ConfUtils.java:logGet(44)) - raft.server.retrycache.expirytime = 600000ms (custom)
2022-02-16 01:42:31,179 [pool-207-thread-1] INFO  server.RaftServerConfigKeys (ConfUtils.java:logGet(44)) - raft.server.retrycache.statistics.expirytime = 100μs (default)
2022-02-16 01:42:31,207 [pool-207-thread-1] INFO  server.RaftServer$Division (RaftServerImpl.java:start(301)) - a160d0e9-2905-4393-b4ab-3632e6d9b9e1@group-1F9862849013: start as a follower, conf=-1: [81aedf04-38bc-4259-8f21-07d047f65c5c|rpc:10.1.0.46:43527|dataStream:|priority:0, a160d0e9-2905-4393-b4ab-3632e6d9b9e1|rpc:10.1.0.46:39495|dataStream:|priority:0, 003e5be4-9867-4f5a-83bb-9c943051b5bb|rpc:10.1.0.46:37171|dataStream:|priority:1], old=null
2022-02-16 01:42:31,207 [pool-207-thread-1] INFO  server.RaftServer$Division (RaftServerImpl.java:setRole(290)) - a160d0e9-2905-4393-b4ab-3632e6d9b9e1@group-1F9862849013: changes role from      null to FOLLOWER at term 0 for startAsFollower
2022-02-16 01:42:31,207 [pool-207-thread-1] INFO  impl.RoleInfo (RoleInfo.java:updateAndGet(130)) - a160d0e9-2905-4393-b4ab-3632e6d9b9e1: start a160d0e9-2905-4393-b4ab-3632e6d9b9e1@group-1F9862849013-FollowerState
2022-02-16 01:42:31,214 [pool-207-thread-1] INFO  util.JmxRegister (JmxRegister.java:tryRegister(44)) - Successfully registered JMX Bean with object name Ratis:service=RaftServer,group=group-1F9862849013,id=a160d0e9-2905-4393-b4ab-3632e6d9b9e1
2022-02-16 01:42:31,238 [grpc-default-executor-2] INFO  server.RaftServer (RaftServerProxy.java:addNew(95)) - 003e5be4-9867-4f5a-83bb-9c943051b5bb: addNew group-1F9862849013:[81aedf04-38bc-4259-8f21-07d047f65c5c|rpc:10.1.0.46:43527|dataStream:|priority:0, a160d0e9-2905-4393-b4ab-3632e6d9b9e1|rpc:10.1.0.46:39495|dataStream:|priority:0, 003e5be4-9867-4f5a-83bb-9c943051b5bb|rpc:10.1.0.46:37171|dataStream:|priority:1] returns group-1F9862849013:java.util.concurrent.CompletableFuture@57d692bb[Not completed]
2022-02-16 01:42:31,239 [pool-228-thread-1] INFO  server.RaftServer$Division (RaftServerImpl.java:<init>(184)) - 003e5be4-9867-4f5a-83bb-9c943051b5bb: new RaftServerImpl for group-1F9862849013:[81aedf04-38bc-4259-8f21-07d047f65c5c|rpc:10.1.0.46:43527|dataStream:|priority:0, a160d0e9-2905-4393-b4ab-3632e6d9b9e1|rpc:10.1.0.46:39495|dataStream:|priority:0, 003e5be4-9867-4f5a-83bb-9c943051b5bb|rpc:10.1.0.46:37171|dataStream:|priority:1] with ContainerStateMachine:uninitialized
2022-02-16 01:42:31,239 [pool-228-thread-1] INFO  server.RaftServerConfigKeys (ConfUtils.java:logGet(44)) - raft.server.rpc.timeout.min = 5s (custom)
2022-02-16 01:42:31,239 [pool-228-thread-1] INFO  server.RaftServerConfigKeys (ConfUtils.java:logGet(44)) - raft.server.rpc.timeout.max = 5200ms (custom)
2022-02-16 01:42:31,239 [pool-228-thread-1] INFO  server.RaftServerConfigKeys (ConfUtils.java:logGet(44)) - raft.server.rpc.sleep.time = 25ms (default)
2022-02-16 01:42:31,240 [pool-228-thread-1] INFO  server.RaftServerConfigKeys (ConfUtils.java:logGet(44)) - raft.server.rpc.slowness.timeout = 300000ms (custom)
2022-02-16 01:42:31,240 [pool-228-thread-1] INFO  server.RaftServerConfigKeys (ConfUtils.java:logGet(44)) - raft.server.leaderelection.leader.step-down.wait-time = 10s (default)
2022-02-16 01:42:31,240 [pool-228-thread-1] INFO  server.RaftServerConfigKeys (ConfUtils.java:logGet(44)) - raft.server.sleep.deviation.threshold = 300ms (default)
2022-02-16 01:42:31,240 [pool-228-thread-1] INFO  server.RaftServerConfigKeys (ConfUtils.java:logGet(44)) - raft.server.log.appender.install.snapshot.enabled = false (custom)
2022-02-16 01:42:31,240 [pool-228-thread-1] INFO  server.RaftServer$Division (ServerState.java:<init>(105)) - 003e5be4-9867-4f5a-83bb-9c943051b5bb@group-1F9862849013: ConfigurationManager, init=-1: [81aedf04-38bc-4259-8f21-07d047f65c5c|rpc:10.1.0.46:43527|dataStream:|priority:0, a160d0e9-2905-4393-b4ab-3632e6d9b9e1|rpc:10.1.0.46:39495|dataStream:|priority:0, 003e5be4-9867-4f5a-83bb-9c943051b5bb|rpc:10.1.0.46:37171|dataStream:|priority:1], old=null, confs=<EMPTY_MAP>
2022-02-16 01:42:31,240 [pool-228-thread-1] INFO  server.RaftServerConfigKeys (ConfUtils.java:logGet(44)) - raft.server.storage.dir = [/home/runner/work/ozone/ozone/hadoop-ozone/integration-test/target/test-dir/MiniOzoneClusterImpl-c31dc292-76fe-4ff2-ba7c-3deb75f75441/datanode-8/data/ratis] (custom)
2022-02-16 01:42:31,240 [pool-228-thread-1] INFO  server.RaftServerConfigKeys (ConfUtils.java:logGet(44)) - raft.server.log.corruption.policy = EXCEPTION (default)
2022-02-16 01:42:31,240 [pool-228-thread-1] INFO  server.RaftServerConfigKeys (ConfUtils.java:logGet(44)) - raft.server.storage.free-space.min = 0MB (=0) (default)
2022-02-16 01:42:31,240 [pool-228-thread-1] INFO  storage.RaftStorageDirectory (RaftStorageDirectoryImpl.java:analyzeStorage(135)) - The storage directory /home/runner/work/ozone/ozone/hadoop-ozone/integration-test/target/test-dir/MiniOzoneClusterImpl-c31dc292-76fe-4ff2-ba7c-3deb75f75441/datanode-8/data/ratis/03d3f062-6fb7-46ce-bb2a-1f9862849013 does not exist. Creating ...
2022-02-16 01:42:31,241 [pool-228-thread-1] INFO  storage.RaftStorageDirectory (RaftStorageDirectoryImpl.java:tryLock(230)) - Lock on /home/runner/work/ozone/ozone/hadoop-ozone/integration-test/target/test-dir/MiniOzoneClusterImpl-c31dc292-76fe-4ff2-ba7c-3deb75f75441/datanode-8/data/ratis/03d3f062-6fb7-46ce-bb2a-1f9862849013/in_use.lock acquired by nodename 18047@fv-az184-768
2022-02-16 01:42:31,243 [pool-228-thread-1] INFO  storage.RaftStorage (RaftStorageImpl.java:format(89)) - Storage directory /home/runner/work/ozone/ozone/hadoop-ozone/integration-test/target/test-dir/MiniOzoneClusterImpl-c31dc292-76fe-4ff2-ba7c-3deb75f75441/datanode-8/data/ratis/03d3f062-6fb7-46ce-bb2a-1f9862849013 has been successfully formatted.
2022-02-16 01:42:31,243 [pool-228-thread-1] INFO  ratis.ContainerStateMachine (ContainerStateMachine.java:loadSnapshot(231)) - group-1F9862849013: The snapshot info is null. Setting the last applied indexto:(t:0, i:~)
2022-02-16 01:42:31,244 [pool-228-thread-1] INFO  server.RaftServerConfigKeys (ConfUtils.java:logGet(44)) - raft.server.notification.no-leader.timeout = 300000ms (custom)
2022-02-16 01:42:31,244 [pool-228-thread-1] INFO  server.RaftServerConfigKeys (ConfUtils.java:logGet(44)) - raft.server.log.use.memory = false (default)
2022-02-16 01:42:31,244 [pool-228-thread-1] INFO  server.RaftServerConfigKeys (ConfUtils.java:logGet(44)) - raft.server.log.purge.gap = 1000000 (custom)
2022-02-16 01:42:31,244 [pool-228-thread-1] INFO  server.RaftServerConfigKeys (ConfUtils.java:logGet(44)) - raft.server.log.appender.buffer.byte-limit = 33554432 (custom)
2022-02-16 01:42:31,245 [pool-228-thread-1] INFO  server.RaftServerConfigKeys (ConfUtils.java:logGet(44)) - raft.server.log.segment.size.max = 1048576 (custom)
2022-02-16 01:42:31,245 [pool-228-thread-1] INFO  server.RaftServerConfigKeys (ConfUtils.java:logGet(44)) - raft.server.log.segment.cache.num.max = 2 (custom)
2022-02-16 01:42:31,245 [pool-228-thread-1] INFO  server.RaftServerConfigKeys (ConfUtils.java:logGet(44)) - raft.server.log.segment.cache.size.max = 200MB (=209715200) (default)
2022-02-16 01:42:31,245 [pool-228-thread-1] INFO  segmented.SegmentedRaftLogWorker (SegmentedRaftLogWorker.java:<init>(182)) - new 003e5be4-9867-4f5a-83bb-9c943051b5bb@group-1F9862849013-SegmentedRaftLogWorker for RaftStorageImpl:Storage Directory /home/runner/work/ozone/ozone/hadoop-ozone/integration-test/target/test-dir/MiniOzoneClusterImpl-c31dc292-76fe-4ff2-ba7c-3deb75f75441/datanode-8/data/ratis/03d3f062-6fb7-46ce-bb2a-1f9862849013
2022-02-16 01:42:31,245 [pool-228-thread-1] INFO  server.RaftServerConfigKeys (ConfUtils.java:logGet(44)) - raft.server.log.queue.byte-limit = 4294967296 (custom)
2022-02-16 01:42:31,245 [pool-228-thread-1] INFO  server.RaftServerConfigKeys (ConfUtils.java:logGet(44)) - raft.server.log.queue.element-limit = 1024 (custom)
2022-02-16 01:42:31,245 [pool-228-thread-1] INFO  server.RaftServerConfigKeys (ConfUtils.java:logGet(44)) - raft.server.log.segment.size.max = 1048576 (custom)
2022-02-16 01:42:31,245 [pool-228-thread-1] INFO  server.RaftServerConfigKeys (ConfUtils.java:logGet(44)) - raft.server.log.preallocated.size = 16384 (custom)
2022-02-16 01:42:31,249 [pool-228-thread-1] INFO  server.RaftServerConfigKeys (ConfUtils.java:logGet(44)) - raft.server.log.force.sync.num = 128 (default)
2022-02-16 01:42:31,250 [pool-228-thread-1] INFO  server.RaftServerConfigKeys (ConfUtils.java:logGet(44)) - raft.server.log.statemachine.data.sync = true (default)
2022-02-16 01:42:31,250 [pool-228-thread-1] INFO  server.RaftServerConfigKeys (ConfUtils.java:logGet(44)) - raft.server.log.statemachine.data.sync.timeout = 10s (default)
2022-02-16 01:42:31,250 [pool-228-thread-1] INFO  server.RaftServerConfigKeys (ConfUtils.java:logGet(44)) - raft.server.log.statemachine.data.sync.timeout.retry = -1 (default)
2022-02-16 01:42:31,250 [pool-228-thread-1] INFO  server.RaftServerConfigKeys (ConfUtils.java:logGet(44)) - raft.server.log.write.buffer.size = 1048576 (custom)
2022-02-16 01:42:31,251 [pool-228-thread-1] INFO  server.RaftServerConfigKeys (ConfUtils.java:logGet(44)) - raft.server.log.statemachine.data.caching.enabled = true (custom)
2022-02-16 01:42:31,251 [pool-228-thread-1] INFO  segmented.SegmentedRaftLogWorker (SegmentedRaftLogWorker.java:lambda$new$0(133)) - 003e5be4-9867-4f5a-83bb-9c943051b5bb@group-1F9862849013-SegmentedRaftLogWorker: flushIndex: setUnconditionally 0 -> -1
2022-02-16 01:42:31,251 [pool-228-thread-1] INFO  segmented.SegmentedRaftLogWorker (SegmentedRaftLogWorker.java:lambda$new$0(133)) - 003e5be4-9867-4f5a-83bb-9c943051b5bb@group-1F9862849013-SegmentedRaftLogWorker: safeCacheEvictIndex: setUnconditionally 0 -> -1
2022-02-16 01:42:31,252 [pool-228-thread-1] INFO  server.RaftServerConfigKeys (ConfUtils.java:logGet(44)) - raft.server.snapshot.auto.trigger.enabled = true (custom)
2022-02-16 01:42:31,252 [pool-228-thread-1] INFO  server.RaftServerConfigKeys (ConfUtils.java:logGet(44)) - raft.server.snapshot.auto.trigger.threshold = 10000 (custom)
2022-02-16 01:42:31,252 [pool-228-thread-1] INFO  server.RaftServerConfigKeys (ConfUtils.java:logGet(44)) - raft.server.snapshot.retention.file.num = 5 (custom)
2022-02-16 01:42:31,252 [pool-228-thread-1] INFO  server.RaftServerConfigKeys (ConfUtils.java:logGet(44)) - raft.server.log.purge.upto.snapshot.index = false (default)
2022-02-16 01:42:31,252 [pool-228-thread-1] INFO  server.RaftServerConfigKeys (ConfUtils.java:logGet(44)) - raft.server.retrycache.expirytime = 600000ms (custom)
2022-02-16 01:42:31,252 [pool-228-thread-1] INFO  server.RaftServerConfigKeys (ConfUtils.java:logGet(44)) - raft.server.retrycache.statistics.expirytime = 100μs (default)
2022-02-16 01:42:31,253 [pool-228-thread-1] INFO  server.RaftServer$Division (RaftServerImpl.java:start(301)) - 003e5be4-9867-4f5a-83bb-9c943051b5bb@group-1F9862849013: start as a follower, conf=-1: [81aedf04-38bc-4259-8f21-07d047f65c5c|rpc:10.1.0.46:43527|dataStream:|priority:0, a160d0e9-2905-4393-b4ab-3632e6d9b9e1|rpc:10.1.0.46:39495|dataStream:|priority:0, 003e5be4-9867-4f5a-83bb-9c943051b5bb|rpc:10.1.0.46:37171|dataStream:|priority:1], old=null
2022-02-16 01:42:31,253 [pool-228-thread-1] INFO  server.RaftServer$Division (RaftServerImpl.java:setRole(290)) - 003e5be4-9867-4f5a-83bb-9c943051b5bb@group-1F9862849013: changes role from      null to FOLLOWER at term 0 for startAsFollower
2022-02-16 01:42:31,253 [pool-228-thread-1] INFO  impl.RoleInfo (RoleInfo.java:updateAndGet(130)) - 003e5be4-9867-4f5a-83bb-9c943051b5bb: start 003e5be4-9867-4f5a-83bb-9c943051b5bb@group-1F9862849013-FollowerState
2022-02-16 01:42:31,254 [pool-228-thread-1] INFO  util.JmxRegister (JmxRegister.java:tryRegister(44)) - Successfully registered JMX Bean with object name Ratis:service=RaftServer,group=group-1F9862849013,id=003e5be4-9867-4f5a-83bb-9c943051b5bb
2022-02-16 01:42:31,259 [Command processor thread] INFO  commandhandler.CreatePipelineCommandHandler (CreatePipelineCommandHandler.java:handle(106)) - Created Pipeline RATIS THREE PipelineID=03d3f062-6fb7-46ce-bb2a-1f9862849013.
2022-02-16 01:42:31,310 [Command processor thread] INFO  server.RaftServer (RaftServerProxy.java:addNew(95)) - a160d0e9-2905-4393-b4ab-3632e6d9b9e1: addNew group-B4CBC1484743:[a160d0e9-2905-4393-b4ab-3632e6d9b9e1|rpc:10.1.0.46:39495|priority:1] returns group-B4CBC1484743:java.util.concurrent.CompletableFuture@1b43a644[Not completed]
2022-02-16 01:42:31,311 [pool-207-thread-1] INFO  server.RaftServer$Division (RaftServerImpl.java:<init>(184)) - a160d0e9-2905-4393-b4ab-3632e6d9b9e1: new RaftServerImpl for group-B4CBC1484743:[a160d0e9-2905-4393-b4ab-3632e6d9b9e1|rpc:10.1.0.46:39495|priority:1] with ContainerStateMachine:uninitialized
2022-02-16 01:42:31,311 [pool-207-thread-1] INFO  server.RaftServerConfigKeys (ConfUtils.java:logGet(44)) - raft.server.rpc.timeout.min = 5s (custom)
2022-02-16 01:42:31,311 [pool-207-thread-1] INFO  server.RaftServerConfigKeys (ConfUtils.java:logGet(44)) - raft.server.rpc.timeout.max = 5200ms (custom)
2022-02-16 01:42:31,311 [pool-207-thread-1] INFO  server.RaftServerConfigKeys (ConfUtils.java:logGet(44)) - raft.server.rpc.sleep.time = 25ms (default)
2022-02-16 01:42:31,311 [pool-207-thread-1] INFO  server.RaftServerConfigKeys (ConfUtils.java:logGet(44)) - raft.server.rpc.slowness.timeout = 300000ms (custom)
2022-02-16 01:42:31,311 [pool-207-thread-1] INFO  server.RaftServerConfigKeys (ConfUtils.java:logGet(44)) - raft.server.leaderelection.leader.step-down.wait-time = 10s (default)
2022-02-16 01:42:31,311 [pool-207-thread-1] INFO  server.RaftServerConfigKeys (ConfUtils.java:logGet(44)) - raft.server.sleep.deviation.threshold = 300ms (default)
2022-02-16 01:42:31,311 [pool-207-thread-1] INFO  server.RaftServerConfigKeys (ConfUtils.java:logGet(44)) - raft.server.log.appender.install.snapshot.enabled = false (custom)
2022-02-16 01:42:31,312 [pool-207-thread-1] INFO  server.RaftServer$Division (ServerState.java:<init>(105)) - a160d0e9-2905-4393-b4ab-3632e6d9b9e1@group-B4CBC1484743: ConfigurationManager, init=-1: [a160d0e9-2905-4393-b4ab-3632e6d9b9e1|rpc:10.1.0.46:39495|priority:1], old=null, confs=<EMPTY_MAP>
2022-02-16 01:42:31,312 [pool-207-thread-1] INFO  server.RaftServerConfigKeys (ConfUtils.java:logGet(44)) - raft.server.storage.dir = [/home/runner/work/ozone/ozone/hadoop-ozone/integration-test/target/test-dir/MiniOzoneClusterImpl-c31dc292-76fe-4ff2-ba7c-3deb75f75441/datanode-7/data/ratis] (custom)
2022-02-16 01:42:31,312 [pool-207-thread-1] INFO  server.RaftServerConfigKeys (ConfUtils.java:logGet(44)) - raft.server.log.corruption.policy = EXCEPTION (default)
2022-02-16 01:42:31,312 [pool-207-thread-1] INFO  server.RaftServerConfigKeys (ConfUtils.java:logGet(44)) - raft.server.storage.free-space.min = 0MB (=0) (default)
2022-02-16 01:42:31,312 [pool-207-thread-1] INFO  storage.RaftStorageDirectory (RaftStorageDirectoryImpl.java:analyzeStorage(135)) - The storage directory /home/runner/work/ozone/ozone/hadoop-ozone/integration-test/target/test-dir/MiniOzoneClusterImpl-c31dc292-76fe-4ff2-ba7c-3deb75f75441/datanode-7/data/ratis/0a17d63c-3ced-4f8e-a9a1-b4cbc1484743 does not exist. Creating ...
2022-02-16 01:42:31,313 [pool-207-thread-1] INFO  storage.RaftStorageDirectory (RaftStorageDirectoryImpl.java:tryLock(230)) - Lock on /home/runner/work/ozone/ozone/hadoop-ozone/integration-test/target/test-dir/MiniOzoneClusterImpl-c31dc292-76fe-4ff2-ba7c-3deb75f75441/datanode-7/data/ratis/0a17d63c-3ced-4f8e-a9a1-b4cbc1484743/in_use.lock acquired by nodename 18047@fv-az184-768
2022-02-16 01:42:31,314 [pool-207-thread-1] INFO  storage.RaftStorage (RaftStorageImpl.java:format(89)) - Storage directory /home/runner/work/ozone/ozone/hadoop-ozone/integration-test/target/test-dir/MiniOzoneClusterImpl-c31dc292-76fe-4ff2-ba7c-3deb75f75441/datanode-7/data/ratis/0a17d63c-3ced-4f8e-a9a1-b4cbc1484743 has been successfully formatted.
2022-02-16 01:42:31,314 [pool-207-thread-1] INFO  ratis.ContainerStateMachine (ContainerStateMachine.java:loadSnapshot(231)) - group-B4CBC1484743: The snapshot info is null. Setting the last applied indexto:(t:0, i:~)
2022-02-16 01:42:31,315 [pool-207-thread-1] INFO  server.RaftServerConfigKeys (ConfUtils.java:logGet(44)) - raft.server.notification.no-leader.timeout = 300000ms (custom)
2022-02-16 01:42:31,315 [pool-207-thread-1] INFO  server.RaftServerConfigKeys (ConfUtils.java:logGet(44)) - raft.server.log.use.memory = false (default)
2022-02-16 01:42:31,315 [pool-207-thread-1] INFO  server.RaftServerConfigKeys (ConfUtils.java:logGet(44)) - raft.server.log.purge.gap = 1000000 (custom)
2022-02-16 01:42:31,315 [pool-207-thread-1] INFO  server.RaftServerConfigKeys (ConfUtils.java:logGet(44)) - raft.server.log.appender.buffer.byte-limit = 33554432 (custom)
2022-02-16 01:42:31,315 [pool-207-thread-1] INFO  server.RaftServerConfigKeys (ConfUtils.java:logGet(44)) - raft.server.log.segment.size.max = 1048576 (custom)
2022-02-16 01:42:31,315 [pool-207-thread-1] INFO  server.RaftServerConfigKeys (ConfUtils.java:logGet(44)) - raft.server.log.segment.cache.num.max = 2 (custom)
2022-02-16 01:42:31,315 [pool-207-thread-1] INFO  server.RaftServerConfigKeys (ConfUtils.java:logGet(44)) - raft.server.log.segment.cache.size.max = 200MB (=209715200) (default)
2022-02-16 01:42:31,315 [pool-207-thread-1] INFO  segmented.SegmentedRaftLogWorker (SegmentedRaftLogWorker.java:<init>(182)) - new a160d0e9-2905-4393-b4ab-3632e6d9b9e1@group-B4CBC1484743-SegmentedRaftLogWorker for RaftStorageImpl:Storage Directory /home/runner/work/ozone/ozone/hadoop-ozone/integration-test/target/test-dir/MiniOzoneClusterImpl-c31dc292-76fe-4ff2-ba7c-3deb75f75441/datanode-7/data/ratis/0a17d63c-3ced-4f8e-a9a1-b4cbc1484743
2022-02-16 01:42:31,315 [pool-207-thread-1] INFO  server.RaftServerConfigKeys (ConfUtils.java:logGet(44)) - raft.server.log.queue.byte-limit = 4294967296 (custom)
2022-02-16 01:42:31,315 [pool-207-thread-1] INFO  server.RaftServerConfigKeys (ConfUtils.java:logGet(44)) - raft.server.log.queue.element-limit = 1024 (custom)
2022-02-16 01:42:31,316 [pool-207-thread-1] INFO  server.RaftServerConfigKeys (ConfUtils.java:logGet(44)) - raft.server.log.segment.size.max = 1048576 (custom)
2022-02-16 01:42:31,316 [pool-207-thread-1] INFO  server.RaftServerConfigKeys (ConfUtils.java:logGet(44)) - raft.server.log.preallocated.size = 16384 (custom)
2022-02-16 01:42:31,316 [pool-207-thread-1] INFO  server.RaftServerConfigKeys (ConfUtils.java:logGet(44)) - raft.server.log.force.sync.num = 128 (default)
2022-02-16 01:42:31,316 [pool-207-thread-1] INFO  server.RaftServerConfigKeys (ConfUtils.java:logGet(44)) - raft.server.log.statemachine.data.sync = true (default)
2022-02-16 01:42:31,316 [pool-207-thread-1] INFO  server.RaftServerConfigKeys (ConfUtils.java:logGet(44)) - raft.server.log.statemachine.data.sync.timeout = 10s (default)
2022-02-16 01:42:31,316 [pool-207-thread-1] INFO  server.RaftServerConfigKeys (ConfUtils.java:logGet(44)) - raft.server.log.statemachine.data.sync.timeout.retry = -1 (default)
2022-02-16 01:42:31,316 [EventQueue-PipelineReportForPipelineReportHandler] INFO  pipeline.PipelineManagerImpl (PipelineManagerImpl.java:openPipeline(291)) - Pipeline Pipeline[ Id: 0a17d63c-3ced-4f8e-a9a1-b4cbc1484743, Nodes: a160d0e9-2905-4393-b4ab-3632e6d9b9e1{ip: 10.1.0.46, host: fv-az184-768.3ow45vhwbzuu5incsxmygykede.cx.internal.cloudapp.net, ports: [REPLICATION=42417, RATIS=39495, RATIS_ADMIN=39495, RATIS_SERVER=39495, STANDALONE=33557], networkLocation: /default-rack, certSerialId: null, persistedOpState: IN_SERVICE, persistedOpStateExpiryEpochSec: 0}, ReplicationConfig: RATIS/ONE, State:ALLOCATED, leaderId:a160d0e9-2905-4393-b4ab-3632e6d9b9e1, CreationTimestamp2022-02-16T01:42:28.317Z[Etc/UTC]] moved to OPEN state
2022-02-16 01:42:31,316 [pool-207-thread-1] INFO  server.RaftServerConfigKeys (ConfUtils.java:logGet(44)) - raft.server.log.write.buffer.size = 1048576 (custom)
2022-02-16 01:42:31,318 [a1539ca7-d2c9-46ac-93a4-114c16d1b05c@group-3DEB75F75441-StateMachineUpdater] INFO  safemode.HealthyPipelineSafeModeRule (HealthyPipelineSafeModeRule.java:initializeRule(152)) - Refreshed total pipeline count is 0, healthy pipeline threshold count is 1
2022-02-16 01:42:31,320 [EventQueue-OpenPipelineForHealthyPipelineSafeModeRule] INFO  safemode.SCMSafeModeManager (HealthyPipelineSafeModeRule.java:process(124)) - SCM in safe mode. Healthy pipelines reported count is 0, required healthy pipeline reported count is 1
2022-02-16 01:42:31,321 [pool-207-thread-1] INFO  server.RaftServerConfigKeys (ConfUtils.java:logGet(44)) - raft.server.log.statemachine.data.caching.enabled = true (custom)
2022-02-16 01:42:31,321 [pool-207-thread-1] INFO  segmented.SegmentedRaftLogWorker (SegmentedRaftLogWorker.java:lambda$new$0(133)) - a160d0e9-2905-4393-b4ab-3632e6d9b9e1@group-B4CBC1484743-SegmentedRaftLogWorker: flushIndex: setUnconditionally 0 -> -1
2022-02-16 01:42:31,321 [pool-207-thread-1] INFO  segmented.SegmentedRaftLogWorker (SegmentedRaftLogWorker.java:lambda$new$0(133)) - a160d0e9-2905-4393-b4ab-3632e6d9b9e1@group-B4CBC1484743-SegmentedRaftLogWorker: safeCacheEvictIndex: setUnconditionally 0 -> -1
2022-02-16 01:42:31,321 [pool-207-thread-1] INFO  server.RaftServerConfigKeys (ConfUtils.java:logGet(44)) - raft.server.snapshot.auto.trigger.enabled = true (custom)
2022-02-16 01:42:31,322 [pool-207-thread-1] INFO  server.RaftServerConfigKeys (ConfUtils.java:logGet(44)) - raft.server.snapshot.auto.trigger.threshold = 10000 (custom)
2022-02-16 01:42:31,322 [pool-207-thread-1] INFO  server.RaftServerConfigKeys (ConfUtils.java:logGet(44)) - raft.server.snapshot.retention.file.num = 5 (custom)
2022-02-16 01:42:31,322 [pool-207-thread-1] INFO  server.RaftServerConfigKeys (ConfUtils.java:logGet(44)) - raft.server.log.purge.upto.snapshot.index = false (default)
2022-02-16 01:42:31,322 [pool-207-thread-1] INFO  server.RaftServerConfigKeys (ConfUtils.java:logGet(44)) - raft.server.retrycache.expirytime = 600000ms (custom)
2022-02-16 01:42:31,322 [pool-207-thread-1] INFO  server.RaftServerConfigKeys (ConfUtils.java:logGet(44)) - raft.server.retrycache.statistics.expirytime = 100μs (default)
2022-02-16 01:42:31,323 [pool-207-thread-1] INFO  server.RaftServer$Division (RaftServerImpl.java:start(301)) - a160d0e9-2905-4393-b4ab-3632e6d9b9e1@group-B4CBC1484743: start as a follower, conf=-1: [a160d0e9-2905-4393-b4ab-3632e6d9b9e1|rpc:10.1.0.46:39495|priority:1], old=null
2022-02-16 01:42:31,323 [pool-207-thread-1] INFO  server.RaftServer$Division (RaftServerImpl.java:setRole(290)) - a160d0e9-2905-4393-b4ab-3632e6d9b9e1@group-B4CBC1484743: changes role from      null to FOLLOWER at term 0 for startAsFollower
2022-02-16 01:42:31,323 [pool-207-thread-1] INFO  impl.RoleInfo (RoleInfo.java:updateAndGet(130)) - a160d0e9-2905-4393-b4ab-3632e6d9b9e1: start a160d0e9-2905-4393-b4ab-3632e6d9b9e1@group-B4CBC1484743-FollowerState
2022-02-16 01:42:31,323 [pool-207-thread-1] INFO  util.JmxRegister (JmxRegister.java:tryRegister(44)) - Successfully registered JMX Bean with object name Ratis:service=RaftServer,group=group-B4CBC1484743,id=a160d0e9-2905-4393-b4ab-3632e6d9b9e1
2022-02-16 01:42:31,324 [Command processor thread] INFO  ratis.XceiverServerRatis (XceiverServerRatis.java:addGroup(769)) - Created group PipelineID=0a17d63c-3ced-4f8e-a9a1-b4cbc1484743
2022-02-16 01:42:31,324 [Command processor thread] INFO  commandhandler.CreatePipelineCommandHandler (CreatePipelineCommandHandler.java:handle(106)) - Created Pipeline RATIS ONE PipelineID=0a17d63c-3ced-4f8e-a9a1-b4cbc1484743.
2022-02-16 01:42:31,451 [Command processor thread] INFO  server.RaftServer (RaftServerProxy.java:addNew(95)) - 003e5be4-9867-4f5a-83bb-9c943051b5bb: addNew group-3AE065BF0A88:[003e5be4-9867-4f5a-83bb-9c943051b5bb|rpc:10.1.0.46:37171|priority:1] returns group-3AE065BF0A88:java.util.concurrent.CompletableFuture@b256f4c[Not completed]
2022-02-16 01:42:31,452 [pool-228-thread-1] INFO  server.RaftServer$Division (RaftServerImpl.java:<init>(184)) - 003e5be4-9867-4f5a-83bb-9c943051b5bb: new RaftServerImpl for group-3AE065BF0A88:[003e5be4-9867-4f5a-83bb-9c943051b5bb|rpc:10.1.0.46:37171|priority:1] with ContainerStateMachine:uninitialized
2022-02-16 01:42:31,452 [pool-228-thread-1] INFO  server.RaftServerConfigKeys (ConfUtils.java:logGet(44)) - raft.server.rpc.timeout.min = 5s (custom)
2022-02-16 01:42:31,452 [pool-228-thread-1] INFO  server.RaftServerConfigKeys (ConfUtils.java:logGet(44)) - raft.server.rpc.timeout.max = 5200ms (custom)
2022-02-16 01:42:31,452 [pool-228-thread-1] INFO  server.RaftServerConfigKeys (ConfUtils.java:logGet(44)) - raft.server.rpc.sleep.time = 25ms (default)
2022-02-16 01:42:31,452 [pool-228-thread-1] INFO  server.RaftServerConfigKeys (ConfUtils.java:logGet(44)) - raft.server.rpc.slowness.timeout = 300000ms (custom)
2022-02-16 01:42:31,452 [pool-228-thread-1] INFO  server.RaftServerConfigKeys (ConfUtils.java:logGet(44)) - raft.server.leaderelection.leader.step-down.wait-time = 10s (default)
2022-02-16 01:42:31,452 [pool-228-thread-1] INFO  server.RaftServerConfigKeys (ConfUtils.java:logGet(44)) - raft.server.sleep.deviation.threshold = 300ms (default)
2022-02-16 01:42:31,452 [pool-228-thread-1] INFO  server.RaftServerConfigKeys (ConfUtils.java:logGet(44)) - raft.server.log.appender.install.snapshot.enabled = false (custom)
2022-02-16 01:42:31,452 [pool-228-thread-1] INFO  server.RaftServer$Division (ServerState.java:<init>(105)) - 003e5be4-9867-4f5a-83bb-9c943051b5bb@group-3AE065BF0A88: ConfigurationManager, init=-1: [003e5be4-9867-4f5a-83bb-9c943051b5bb|rpc:10.1.0.46:37171|priority:1], old=null, confs=<EMPTY_MAP>
2022-02-16 01:42:31,452 [pool-228-thread-1] INFO  server.RaftServerConfigKeys (ConfUtils.java:logGet(44)) - raft.server.storage.dir = [/home/runner/work/ozone/ozone/hadoop-ozone/integration-test/target/test-dir/MiniOzoneClusterImpl-c31dc292-76fe-4ff2-ba7c-3deb75f75441/datanode-8/data/ratis] (custom)
2022-02-16 01:42:31,452 [pool-228-thread-1] INFO  server.RaftServerConfigKeys (ConfUtils.java:logGet(44)) - raft.server.log.corruption.policy = EXCEPTION (default)
2022-02-16 01:42:31,453 [pool-228-thread-1] INFO  server.RaftServerConfigKeys (ConfUtils.java:logGet(44)) - raft.server.storage.free-space.min = 0MB (=0) (default)
2022-02-16 01:42:31,453 [pool-228-thread-1] INFO  storage.RaftStorageDirectory (RaftStorageDirectoryImpl.java:analyzeStorage(135)) - The storage directory /home/runner/work/ozone/ozone/hadoop-ozone/integration-test/target/test-dir/MiniOzoneClusterImpl-c31dc292-76fe-4ff2-ba7c-3deb75f75441/datanode-8/data/ratis/c6456f98-7815-464e-9a3d-3ae065bf0a88 does not exist. Creating ...
2022-02-16 01:42:31,453 [Listener at 127.0.0.1/33913] INFO  ozone.MiniOzoneClusterImpl (MiniOzoneClusterImpl.java:lambda$waitForClusterToBeReady$0(219)) - Nodes are ready. Got 9 of 9 DN Heartbeats.
2022-02-16 01:42:31,453 [Listener at 127.0.0.1/33913] INFO  ozone.MiniOzoneClusterImpl (MiniOzoneClusterImpl.java:lambda$waitForClusterToBeReady$0(222)) - Waiting for cluster to exit safe mode
2022-02-16 01:42:31,453 [Listener at 127.0.0.1/33913] INFO  ozone.MiniOzoneClusterImpl (MiniOzoneClusterImpl.java:lambda$waitForClusterToBeReady$0(224)) - SCM became leader
2022-02-16 01:42:31,454 [pool-228-thread-1] INFO  storage.RaftStorageDirectory (RaftStorageDirectoryImpl.java:tryLock(230)) - Lock on /home/runner/work/ozone/ozone/hadoop-ozone/integration-test/target/test-dir/MiniOzoneClusterImpl-c31dc292-76fe-4ff2-ba7c-3deb75f75441/datanode-8/data/ratis/c6456f98-7815-464e-9a3d-3ae065bf0a88/in_use.lock acquired by nodename 18047@fv-az184-768
2022-02-16 01:42:31,455 [pool-228-thread-1] INFO  storage.RaftStorage (RaftStorageImpl.java:format(89)) - Storage directory /home/runner/work/ozone/ozone/hadoop-ozone/integration-test/target/test-dir/MiniOzoneClusterImpl-c31dc292-76fe-4ff2-ba7c-3deb75f75441/datanode-8/data/ratis/c6456f98-7815-464e-9a3d-3ae065bf0a88 has been successfully formatted.
2022-02-16 01:42:31,456 [pool-228-thread-1] INFO  ratis.ContainerStateMachine (ContainerStateMachine.java:loadSnapshot(231)) - group-3AE065BF0A88: The snapshot info is null. Setting the last applied indexto:(t:0, i:~)
2022-02-16 01:42:31,457 [pool-228-thread-1] INFO  server.RaftServerConfigKeys (ConfUtils.java:logGet(44)) - raft.server.notification.no-leader.timeout = 300000ms (custom)
2022-02-16 01:42:31,457 [pool-228-thread-1] INFO  server.RaftServerConfigKeys (ConfUtils.java:logGet(44)) - raft.server.log.use.memory = false (default)
2022-02-16 01:42:31,457 [EventQueue-PipelineReportForPipelineReportHandler] INFO  pipeline.PipelineManagerImpl (PipelineManagerImpl.java:openPipeline(291)) - Pipeline Pipeline[ Id: c6456f98-7815-464e-9a3d-3ae065bf0a88, Nodes: 003e5be4-9867-4f5a-83bb-9c943051b5bb{ip: 10.1.0.46, host: fv-az184-768.3ow45vhwbzuu5incsxmygykede.cx.internal.cloudapp.net, ports: [REPLICATION=44117, RATIS=37171, RATIS_ADMIN=37171, RATIS_SERVER=37171, STANDALONE=44633], networkLocation: /default-rack, certSerialId: null, persistedOpState: IN_SERVICE, persistedOpStateExpiryEpochSec: 0}, ReplicationConfig: RATIS/ONE, State:ALLOCATED, leaderId:003e5be4-9867-4f5a-83bb-9c943051b5bb, CreationTimestamp2022-02-16T01:42:28.454Z[Etc/UTC]] moved to OPEN state
2022-02-16 01:42:31,457 [pool-228-thread-1] INFO  server.RaftServerConfigKeys (ConfUtils.java:logGet(44)) - raft.server.log.purge.gap = 1000000 (custom)
2022-02-16 01:42:31,457 [pool-228-thread-1] INFO  server.RaftServerConfigKeys (ConfUtils.java:logGet(44)) - raft.server.log.appender.buffer.byte-limit = 33554432 (custom)
2022-02-16 01:42:31,457 [pool-228-thread-1] INFO  server.RaftServerConfigKeys (ConfUtils.java:logGet(44)) - raft.server.log.segment.size.max = 1048576 (custom)
2022-02-16 01:42:31,458 [pool-228-thread-1] INFO  server.RaftServerConfigKeys (ConfUtils.java:logGet(44)) - raft.server.log.segment.cache.num.max = 2 (custom)
2022-02-16 01:42:31,459 [a1539ca7-d2c9-46ac-93a4-114c16d1b05c@group-3DEB75F75441-StateMachineUpdater] INFO  safemode.HealthyPipelineSafeModeRule (HealthyPipelineSafeModeRule.java:initializeRule(152)) - Refreshed total pipeline count is 0, healthy pipeline threshold count is 1
2022-02-16 01:42:31,461 [EventQueue-OpenPipelineForHealthyPipelineSafeModeRule] INFO  safemode.SCMSafeModeManager (HealthyPipelineSafeModeRule.java:process(124)) - SCM in safe mode. Healthy pipelines reported count is 0, required healthy pipeline reported count is 1
2022-02-16 01:42:31,461 [pool-228-thread-1] INFO  server.RaftServerConfigKeys (ConfUtils.java:logGet(44)) - raft.server.log.segment.cache.size.max = 200MB (=209715200) (default)
2022-02-16 01:42:31,461 [pool-228-thread-1] INFO  segmented.SegmentedRaftLogWorker (SegmentedRaftLogWorker.java:<init>(182)) - new 003e5be4-9867-4f5a-83bb-9c943051b5bb@group-3AE065BF0A88-SegmentedRaftLogWorker for RaftStorageImpl:Storage Directory /home/runner/work/ozone/ozone/hadoop-ozone/integration-test/target/test-dir/MiniOzoneClusterImpl-c31dc292-76fe-4ff2-ba7c-3deb75f75441/datanode-8/data/ratis/c6456f98-7815-464e-9a3d-3ae065bf0a88
2022-02-16 01:42:31,461 [pool-228-thread-1] INFO  server.RaftServerConfigKeys (ConfUtils.java:logGet(44)) - raft.server.log.queue.byte-limit = 4294967296 (custom)
2022-02-16 01:42:31,461 [pool-228-thread-1] INFO  server.RaftServerConfigKeys (ConfUtils.java:logGet(44)) - raft.server.log.queue.element-limit = 1024 (custom)
2022-02-16 01:42:31,461 [pool-228-thread-1] INFO  server.RaftServerConfigKeys (ConfUtils.java:logGet(44)) - raft.server.log.segment.size.max = 1048576 (custom)
2022-02-16 01:42:31,461 [pool-228-thread-1] INFO  server.RaftServerConfigKeys (ConfUtils.java:logGet(44)) - raft.server.log.preallocated.size = 16384 (custom)
2022-02-16 01:42:31,462 [pool-228-thread-1] INFO  server.RaftServerConfigKeys (ConfUtils.java:logGet(44)) - raft.server.log.force.sync.num = 128 (default)
2022-02-16 01:42:31,462 [pool-228-thread-1] INFO  server.RaftServerConfigKeys (ConfUtils.java:logGet(44)) - raft.server.log.statemachine.data.sync = true (default)
2022-02-16 01:42:31,462 [pool-228-thread-1] INFO  server.RaftServerConfigKeys (ConfUtils.java:logGet(44)) - raft.server.log.statemachine.data.sync.timeout = 10s (default)
2022-02-16 01:42:31,462 [pool-228-thread-1] INFO  server.RaftServerConfigKeys (ConfUtils.java:logGet(44)) - raft.server.log.statemachine.data.sync.timeout.retry = -1 (default)
2022-02-16 01:42:31,463 [pool-228-thread-1] INFO  server.RaftServerConfigKeys (ConfUtils.java:logGet(44)) - raft.server.log.write.buffer.size = 1048576 (custom)
2022-02-16 01:42:31,463 [pool-228-thread-1] INFO  server.RaftServerConfigKeys (ConfUtils.java:logGet(44)) - raft.server.log.statemachine.data.caching.enabled = true (custom)
2022-02-16 01:42:31,464 [pool-228-thread-1] INFO  segmented.SegmentedRaftLogWorker (SegmentedRaftLogWorker.java:lambda$new$0(133)) - 003e5be4-9867-4f5a-83bb-9c943051b5bb@group-3AE065BF0A88-SegmentedRaftLogWorker: flushIndex: setUnconditionally 0 -> -1
2022-02-16 01:42:31,464 [pool-228-thread-1] INFO  segmented.SegmentedRaftLogWorker (SegmentedRaftLogWorker.java:lambda$new$0(133)) - 003e5be4-9867-4f5a-83bb-9c943051b5bb@group-3AE065BF0A88-SegmentedRaftLogWorker: safeCacheEvictIndex: setUnconditionally 0 -> -1
2022-02-16 01:42:31,464 [pool-228-thread-1] INFO  server.RaftServerConfigKeys (ConfUtils.java:logGet(44)) - raft.server.snapshot.auto.trigger.enabled = true (custom)
2022-02-16 01:42:31,464 [pool-228-thread-1] INFO  server.RaftServerConfigKeys (ConfUtils.java:logGet(44)) - raft.server.snapshot.auto.trigger.threshold = 10000 (custom)
2022-02-16 01:42:31,464 [pool-228-thread-1] INFO  server.RaftServerConfigKeys (ConfUtils.java:logGet(44)) - raft.server.snapshot.retention.file.num = 5 (custom)
2022-02-16 01:42:31,465 [pool-228-thread-1] INFO  server.RaftServerConfigKeys (ConfUtils.java:logGet(44)) - raft.server.log.purge.upto.snapshot.index = false (default)
2022-02-16 01:42:31,465 [pool-228-thread-1] INFO  server.RaftServerConfigKeys (ConfUtils.java:logGet(44)) - raft.server.retrycache.expirytime = 600000ms (custom)
2022-02-16 01:42:31,465 [pool-228-thread-1] INFO  server.RaftServerConfigKeys (ConfUtils.java:logGet(44)) - raft.server.retrycache.statistics.expirytime = 100μs (default)
2022-02-16 01:42:31,470 [pool-228-thread-1] INFO  server.RaftServer$Division (RaftServerImpl.java:start(301)) - 003e5be4-9867-4f5a-83bb-9c943051b5bb@group-3AE065BF0A88: start as a follower, conf=-1: [003e5be4-9867-4f5a-83bb-9c943051b5bb|rpc:10.1.0.46:37171|priority:1], old=null
2022-02-16 01:42:31,471 [pool-228-thread-1] INFO  server.RaftServer$Division (RaftServerImpl.java:setRole(290)) - 003e5be4-9867-4f5a-83bb-9c943051b5bb@group-3AE065BF0A88: changes role from      null to FOLLOWER at term 0 for startAsFollower
2022-02-16 01:42:31,471 [pool-228-thread-1] INFO  impl.RoleInfo (RoleInfo.java:updateAndGet(130)) - 003e5be4-9867-4f5a-83bb-9c943051b5bb: start 003e5be4-9867-4f5a-83bb-9c943051b5bb@group-3AE065BF0A88-FollowerState
2022-02-16 01:42:31,474 [pool-228-thread-1] INFO  util.JmxRegister (JmxRegister.java:tryRegister(44)) - Successfully registered JMX Bean with object name Ratis:service=RaftServer,group=group-3AE065BF0A88,id=003e5be4-9867-4f5a-83bb-9c943051b5bb
2022-02-16 01:42:31,475 [Command processor thread] INFO  ratis.XceiverServerRatis (XceiverServerRatis.java:addGroup(769)) - Created group PipelineID=c6456f98-7815-464e-9a3d-3ae065bf0a88
2022-02-16 01:42:31,475 [Command processor thread] INFO  commandhandler.CreatePipelineCommandHandler (CreatePipelineCommandHandler.java:handle(106)) - Created Pipeline RATIS ONE PipelineID=c6456f98-7815-464e-9a3d-3ae065bf0a88.
2022-02-16 01:42:32,453 [Listener at 127.0.0.1/33913] INFO  ozone.MiniOzoneClusterImpl (MiniOzoneClusterImpl.java:lambda$waitForClusterToBeReady$0(219)) - Nodes are ready. Got 9 of 9 DN Heartbeats.
2022-02-16 01:42:32,456 [Listener at 127.0.0.1/33913] INFO  ozone.MiniOzoneClusterImpl (MiniOzoneClusterImpl.java:lambda$waitForClusterToBeReady$0(222)) - Waiting for cluster to exit safe mode
2022-02-16 01:42:32,456 [Listener at 127.0.0.1/33913] INFO  ozone.MiniOzoneClusterImpl (MiniOzoneClusterImpl.java:lambda$waitForClusterToBeReady$0(224)) - SCM became leader
2022-02-16 01:42:33,456 [Listener at 127.0.0.1/33913] INFO  ozone.MiniOzoneClusterImpl (MiniOzoneClusterImpl.java:lambda$waitForClusterToBeReady$0(219)) - Nodes are ready. Got 9 of 9 DN Heartbeats.
2022-02-16 01:42:33,457 [Listener at 127.0.0.1/33913] INFO  ozone.MiniOzoneClusterImpl (MiniOzoneClusterImpl.java:lambda$waitForClusterToBeReady$0(222)) - Waiting for cluster to exit safe mode
2022-02-16 01:42:33,457 [Listener at 127.0.0.1/33913] INFO  ozone.MiniOzoneClusterImpl (MiniOzoneClusterImpl.java:lambda$waitForClusterToBeReady$0(224)) - SCM became leader
2022-02-16 01:42:34,457 [Listener at 127.0.0.1/33913] INFO  ozone.MiniOzoneClusterImpl (MiniOzoneClusterImpl.java:lambda$waitForClusterToBeReady$0(219)) - Nodes are ready. Got 9 of 9 DN Heartbeats.
2022-02-16 01:42:34,457 [Listener at 127.0.0.1/33913] INFO  ozone.MiniOzoneClusterImpl (MiniOzoneClusterImpl.java:lambda$waitForClusterToBeReady$0(222)) - Waiting for cluster to exit safe mode
2022-02-16 01:42:34,457 [Listener at 127.0.0.1/33913] INFO  ozone.MiniOzoneClusterImpl (MiniOzoneClusterImpl.java:lambda$waitForClusterToBeReady$0(224)) - SCM became leader
2022-02-16 01:42:35,089 [2f6f166e-3639-444f-87d9-77f80c10b379@group-DF2487306472-FollowerState] INFO  impl.FollowerState (FollowerState.java:run(134)) - 2f6f166e-3639-444f-87d9-77f80c10b379@group-DF2487306472-FollowerState: change to CANDIDATE, lastRpcElapsedTime:5195544428ns, electionTimeout:5185ms
2022-02-16 01:42:35,089 [2f6f166e-3639-444f-87d9-77f80c10b379@group-DF2487306472-FollowerState] INFO  impl.RoleInfo (RoleInfo.java:shutdownFollowerState(108)) - 2f6f166e-3639-444f-87d9-77f80c10b379: shutdown 2f6f166e-3639-444f-87d9-77f80c10b379@group-DF2487306472-FollowerState
2022-02-16 01:42:35,090 [2f6f166e-3639-444f-87d9-77f80c10b379@group-DF2487306472-FollowerState] INFO  server.RaftServer$Division (RaftServerImpl.java:setRole(290)) - 2f6f166e-3639-444f-87d9-77f80c10b379@group-DF2487306472: changes role from  FOLLOWER to CANDIDATE at term 0 for changeToCandidate
2022-02-16 01:42:35,091 [2f6f166e-3639-444f-87d9-77f80c10b379@group-DF2487306472-FollowerState] INFO  server.RaftServerConfigKeys (ConfUtils.java:logGet(44)) - raft.server.leaderelection.pre-vote = false (custom)
2022-02-16 01:42:35,091 [2f6f166e-3639-444f-87d9-77f80c10b379@group-DF2487306472-FollowerState] INFO  impl.RoleInfo (RoleInfo.java:updateAndGet(130)) - 2f6f166e-3639-444f-87d9-77f80c10b379: start 2f6f166e-3639-444f-87d9-77f80c10b379@group-DF2487306472-LeaderElection4
2022-02-16 01:42:35,094 [2f6f166e-3639-444f-87d9-77f80c10b379@group-DF2487306472-LeaderElection4] INFO  impl.LeaderElection (LeaderElection.java:askForVotes(306)) - 2f6f166e-3639-444f-87d9-77f80c10b379@group-DF2487306472-LeaderElection4 ELECTION round 0: submit vote requests at term 1 for -1: [2f6f166e-3639-444f-87d9-77f80c10b379|rpc:10.1.0.46:41167|priority:1], old=null
2022-02-16 01:42:35,094 [2f6f166e-3639-444f-87d9-77f80c10b379@group-DF2487306472-LeaderElection4] INFO  impl.LeaderElection (LeaderElection.java:askForVotes(308)) - 2f6f166e-3639-444f-87d9-77f80c10b379@group-DF2487306472-LeaderElection4 ELECTION round 0: result PASSED (term=1)
2022-02-16 01:42:35,094 [2f6f166e-3639-444f-87d9-77f80c10b379@group-DF2487306472-LeaderElection4] INFO  impl.RoleInfo (RoleInfo.java:shutdownLeaderElection(121)) - 2f6f166e-3639-444f-87d9-77f80c10b379: shutdown 2f6f166e-3639-444f-87d9-77f80c10b379@group-DF2487306472-LeaderElection4
2022-02-16 01:42:35,094 [2f6f166e-3639-444f-87d9-77f80c10b379@group-DF2487306472-LeaderElection4] INFO  server.RaftServer$Division (RaftServerImpl.java:setRole(290)) - 2f6f166e-3639-444f-87d9-77f80c10b379@group-DF2487306472: changes role from CANDIDATE to LEADER at term 1 for changeToLeader
2022-02-16 01:42:35,094 [2f6f166e-3639-444f-87d9-77f80c10b379@group-DF2487306472-LeaderElection4] INFO  ratis.XceiverServerRatis (XceiverServerRatis.java:handleLeaderChangedNotification(867)) - Leader change notification received for group: group-DF2487306472 with new leaderId: 2f6f166e-3639-444f-87d9-77f80c10b379
2022-02-16 01:42:35,095 [2f6f166e-3639-444f-87d9-77f80c10b379@group-DF2487306472-LeaderElection4] INFO  server.RaftServer$Division (ServerState.java:setLeader(285)) - 2f6f166e-3639-444f-87d9-77f80c10b379@group-DF2487306472: change Leader from null to 2f6f166e-3639-444f-87d9-77f80c10b379 at term 1 for becomeLeader, leader elected after 5225ms
2022-02-16 01:42:35,095 [2f6f166e-3639-444f-87d9-77f80c10b379@group-DF2487306472-LeaderElection4] INFO  server.RaftServerConfigKeys (ConfUtils.java:logGet(44)) - raft.server.staging.catchup.gap = 1000 (default)
2022-02-16 01:42:35,095 [2f6f166e-3639-444f-87d9-77f80c10b379@group-DF2487306472-LeaderElection4] INFO  server.RaftServerConfigKeys (ConfUtils.java:logGet(44)) - raft.server.write.element-limit = 1024 (custom)
2022-02-16 01:42:35,095 [2f6f166e-3639-444f-87d9-77f80c10b379@group-DF2487306472-LeaderElection4] INFO  server.RaftServerConfigKeys (ConfUtils.java:logGet(44)) - raft.server.write.byte-limit = 1024 M (=1073741824) (custom)
2022-02-16 01:42:35,095 [2f6f166e-3639-444f-87d9-77f80c10b379@group-DF2487306472-LeaderElection4] INFO  server.RaftServerConfigKeys (ConfUtils.java:logGet(44)) - raft.server.watch.timeout = 3000ms (custom)
2022-02-16 01:42:35,095 [2f6f166e-3639-444f-87d9-77f80c10b379@group-DF2487306472-LeaderElection4] INFO  server.RaftServerConfigKeys (ConfUtils.java:logGet(44)) - raft.server.watch.timeout.denomination = 1s (default)
2022-02-16 01:42:35,096 [2f6f166e-3639-444f-87d9-77f80c10b379@group-DF2487306472-LeaderElection4] INFO  server.RaftServerConfigKeys (ConfUtils.java:logGet(44)) - raft.server.watch.element-limit = 65536 (default)
2022-02-16 01:42:35,096 [2f6f166e-3639-444f-87d9-77f80c10b379@group-DF2487306472-LeaderElection4] INFO  server.RaftServerConfigKeys (ConfUtils.java:logGet(44)) - raft.server.write.element-limit = 1024 (custom)
2022-02-16 01:42:35,096 [2f6f166e-3639-444f-87d9-77f80c10b379@group-DF2487306472-LeaderElection4] INFO  server.RaftServerConfigKeys (ConfUtils.java:logGet(44)) - raft.server.write.follower.gap.ratio.max = -1.0 (default)
2022-02-16 01:42:35,096 [2f6f166e-3639-444f-87d9-77f80c10b379@group-DF2487306472-LeaderElection4] INFO  impl.RoleInfo (RoleInfo.java:updateAndGet(130)) - 2f6f166e-3639-444f-87d9-77f80c10b379: start 2f6f166e-3639-444f-87d9-77f80c10b379@group-DF2487306472-LeaderStateImpl
2022-02-16 01:42:35,096 [2f6f166e-3639-444f-87d9-77f80c10b379@group-DF2487306472-LeaderElection4] INFO  segmented.SegmentedRaftLogWorker (SegmentedRaftLogWorker.java:startLogSegment(394)) - 2f6f166e-3639-444f-87d9-77f80c10b379@group-DF2487306472-SegmentedRaftLogWorker: Starting segment from index:0
2022-02-16 01:42:35,096 [EventQueue-OpenPipelineForHealthyPipelineSafeModeRule] INFO  safemode.SCMSafeModeManager (HealthyPipelineSafeModeRule.java:process(124)) - SCM in safe mode. Healthy pipelines reported count is 0, required healthy pipeline reported count is 1
2022-02-16 01:42:35,099 [2f6f166e-3639-444f-87d9-77f80c10b379@group-DF2487306472-SegmentedRaftLogWorker] INFO  segmented.SegmentedRaftLogWorker (SegmentedRaftLogWorker.java:execute(601)) - 2f6f166e-3639-444f-87d9-77f80c10b379@group-DF2487306472-SegmentedRaftLogWorker: created new log segment /home/runner/work/ozone/ozone/hadoop-ozone/integration-test/target/test-dir/MiniOzoneClusterImpl-c31dc292-76fe-4ff2-ba7c-3deb75f75441/datanode-0/data/ratis/8fc00d5e-68fd-47e8-9d04-df2487306472/current/log_inprogress_0
2022-02-16 01:42:35,103 [2f6f166e-3639-444f-87d9-77f80c10b379@group-DF2487306472-LeaderElection4] INFO  server.RaftServer$Division (ServerState.java:setRaftConf(387)) - 2f6f166e-3639-444f-87d9-77f80c10b379@group-DF2487306472: set configuration 0: [2f6f166e-3639-444f-87d9-77f80c10b379|rpc:10.1.0.46:41167|dataStream:|priority:1], old=null
2022-02-16 01:42:35,113 [2f6f166e-3639-444f-87d9-77f80c10b379@group-ECB279BAF00E-FollowerState] INFO  impl.FollowerState (FollowerState.java:run(134)) - 2f6f166e-3639-444f-87d9-77f80c10b379@group-ECB279BAF00E-FollowerState: change to CANDIDATE, lastRpcElapsedTime:5185444831ns, electionTimeout:5184ms
2022-02-16 01:42:35,113 [2f6f166e-3639-444f-87d9-77f80c10b379@group-ECB279BAF00E-FollowerState] INFO  impl.RoleInfo (RoleInfo.java:shutdownFollowerState(108)) - 2f6f166e-3639-444f-87d9-77f80c10b379: shutdown 2f6f166e-3639-444f-87d9-77f80c10b379@group-ECB279BAF00E-FollowerState
2022-02-16 01:42:35,113 [2f6f166e-3639-444f-87d9-77f80c10b379@group-ECB279BAF00E-FollowerState] INFO  server.RaftServer$Division (RaftServerImpl.java:setRole(290)) - 2f6f166e-3639-444f-87d9-77f80c10b379@group-ECB279BAF00E: changes role from  FOLLOWER to CANDIDATE at term 0 for changeToCandidate
2022-02-16 01:42:35,114 [2f6f166e-3639-444f-87d9-77f80c10b379@group-ECB279BAF00E-FollowerState] INFO  server.RaftServerConfigKeys (ConfUtils.java:logGet(44)) - raft.server.leaderelection.pre-vote = false (custom)
2022-02-16 01:42:35,114 [2f6f166e-3639-444f-87d9-77f80c10b379@group-ECB279BAF00E-FollowerState] INFO  impl.RoleInfo (RoleInfo.java:updateAndGet(130)) - 2f6f166e-3639-444f-87d9-77f80c10b379: start 2f6f166e-3639-444f-87d9-77f80c10b379@group-ECB279BAF00E-LeaderElection5
2022-02-16 01:42:35,116 [2f6f166e-3639-444f-87d9-77f80c10b379@group-ECB279BAF00E-LeaderElection5] INFO  impl.LeaderElection (LeaderElection.java:askForVotes(306)) - 2f6f166e-3639-444f-87d9-77f80c10b379@group-ECB279BAF00E-LeaderElection5 ELECTION round 0: submit vote requests at term 1 for -1: [b5efad6c-21e2-4d99-b376-b80a2810f054|rpc:10.1.0.46:39795|priority:1, 2f6f166e-3639-444f-87d9-77f80c10b379|rpc:10.1.0.46:41167|priority:0, 7f4e46f4-a6a5-4e91-9d7c-c7c9d4b9ec17|rpc:10.1.0.46:38997|priority:0], old=null
2022-02-16 01:42:35,134 [grpc-default-executor-2] INFO  server.RaftServer$Division (RaftServerImpl.java:requestVote(1046)) - b5efad6c-21e2-4d99-b376-b80a2810f054@group-ECB279BAF00E: receive requestVote(ELECTION, 2f6f166e-3639-444f-87d9-77f80c10b379, group-ECB279BAF00E, 1, (t:0, i:0))
2022-02-16 01:42:35,136 [grpc-default-executor-2] INFO  impl.VoteContext (VoteContext.java:log(48)) - b5efad6c-21e2-4d99-b376-b80a2810f054@group-ECB279BAF00E-FOLLOWER: reject ELECTION from 2f6f166e-3639-444f-87d9-77f80c10b379: our priority 1 > candidate's priority 0
2022-02-16 01:42:35,138 [grpc-default-executor-2] INFO  server.RaftServer$Division (RaftServerImpl.java:setRole(290)) - b5efad6c-21e2-4d99-b376-b80a2810f054@group-ECB279BAF00E: changes role from  FOLLOWER to FOLLOWER at term 1 for candidate:2f6f166e-3639-444f-87d9-77f80c10b379
2022-02-16 01:42:35,137 [grpc-default-executor-1] INFO  server.RaftServer$Division (RaftServerImpl.java:requestVote(1046)) - 7f4e46f4-a6a5-4e91-9d7c-c7c9d4b9ec17@group-ECB279BAF00E: receive requestVote(ELECTION, 2f6f166e-3639-444f-87d9-77f80c10b379, group-ECB279BAF00E, 1, (t:0, i:0))
2022-02-16 01:42:35,138 [grpc-default-executor-2] INFO  impl.RoleInfo (RoleInfo.java:shutdownFollowerState(108)) - b5efad6c-21e2-4d99-b376-b80a2810f054: shutdown b5efad6c-21e2-4d99-b376-b80a2810f054@group-ECB279BAF00E-FollowerState
2022-02-16 01:42:35,138 [grpc-default-executor-1] INFO  impl.VoteContext (VoteContext.java:log(48)) - 7f4e46f4-a6a5-4e91-9d7c-c7c9d4b9ec17@group-ECB279BAF00E-FOLLOWER: accept ELECTION from 2f6f166e-3639-444f-87d9-77f80c10b379: our priority 0 <= candidate's priority 0
2022-02-16 01:42:35,139 [grpc-default-executor-2] INFO  impl.RoleInfo (RoleInfo.java:updateAndGet(130)) - b5efad6c-21e2-4d99-b376-b80a2810f054: start b5efad6c-21e2-4d99-b376-b80a2810f054@group-ECB279BAF00E-FollowerState
2022-02-16 01:42:35,139 [b5efad6c-21e2-4d99-b376-b80a2810f054@group-ECB279BAF00E-FollowerState] INFO  impl.FollowerState (FollowerState.java:run(143)) - b5efad6c-21e2-4d99-b376-b80a2810f054@group-ECB279BAF00E-FollowerState was interrupted: {}
java.lang.InterruptedException: sleep interrupted
	at java.lang.Thread.sleep(Native Method)
	at java.lang.Thread.sleep(Thread.java:340)
	at java.util.concurrent.TimeUnit.sleep(TimeUnit.java:386)
	at org.apache.ratis.util.TimeDuration.sleep(TimeDuration.java:324)
	at org.apache.ratis.util.TimeDuration.sleep(TimeDuration.java:309)
	at org.apache.ratis.server.impl.FollowerState.run(FollowerState.java:118)
2022-02-16 01:42:35,139 [grpc-default-executor-1] INFO  server.RaftServer$Division (RaftServerImpl.java:setRole(290)) - 7f4e46f4-a6a5-4e91-9d7c-c7c9d4b9ec17@group-ECB279BAF00E: changes role from  FOLLOWER to FOLLOWER at term 1 for candidate:2f6f166e-3639-444f-87d9-77f80c10b379
2022-02-16 01:42:35,140 [grpc-default-executor-1] INFO  impl.RoleInfo (RoleInfo.java:shutdownFollowerState(108)) - 7f4e46f4-a6a5-4e91-9d7c-c7c9d4b9ec17: shutdown 7f4e46f4-a6a5-4e91-9d7c-c7c9d4b9ec17@group-ECB279BAF00E-FollowerState
2022-02-16 01:42:35,141 [grpc-default-executor-1] INFO  impl.RoleInfo (RoleInfo.java:updateAndGet(130)) - 7f4e46f4-a6a5-4e91-9d7c-c7c9d4b9ec17: start 7f4e46f4-a6a5-4e91-9d7c-c7c9d4b9ec17@group-ECB279BAF00E-FollowerState
2022-02-16 01:42:35,142 [7f4e46f4-a6a5-4e91-9d7c-c7c9d4b9ec17@group-ECB279BAF00E-FollowerState] INFO  impl.FollowerState (FollowerState.java:run(143)) - 7f4e46f4-a6a5-4e91-9d7c-c7c9d4b9ec17@group-ECB279BAF00E-FollowerState was interrupted: {}
java.lang.InterruptedException: sleep interrupted
	at java.lang.Thread.sleep(Native Method)
	at java.lang.Thread.sleep(Thread.java:340)
	at java.util.concurrent.TimeUnit.sleep(TimeUnit.java:386)
	at org.apache.ratis.util.TimeDuration.sleep(TimeDuration.java:324)
	at org.apache.ratis.util.TimeDuration.sleep(TimeDuration.java:309)
	at org.apache.ratis.server.impl.FollowerState.run(FollowerState.java:118)
2022-02-16 01:42:35,162 [grpc-default-executor-2] INFO  server.RaftServer$Division (RaftServerImpl.java:requestVote(1078)) - b5efad6c-21e2-4d99-b376-b80a2810f054@group-ECB279BAF00E replies to ELECTION vote request: 2f6f166e-3639-444f-87d9-77f80c10b379<-b5efad6c-21e2-4d99-b376-b80a2810f054#0:FAIL-t1. Peer's state: b5efad6c-21e2-4d99-b376-b80a2810f054@group-ECB279BAF00E:t1, leader=null, voted=null, raftlog=b5efad6c-21e2-4d99-b376-b80a2810f054@group-ECB279BAF00E-SegmentedRaftLog:OPENED:c-1, conf=-1: [b5efad6c-21e2-4d99-b376-b80a2810f054|rpc:10.1.0.46:39795|priority:1, 2f6f166e-3639-444f-87d9-77f80c10b379|rpc:10.1.0.46:41167|priority:0, 7f4e46f4-a6a5-4e91-9d7c-c7c9d4b9ec17|rpc:10.1.0.46:38997|priority:0], old=null
2022-02-16 01:42:35,162 [grpc-default-executor-1] INFO  server.RaftServer$Division (RaftServerImpl.java:requestVote(1078)) - 7f4e46f4-a6a5-4e91-9d7c-c7c9d4b9ec17@group-ECB279BAF00E replies to ELECTION vote request: 2f6f166e-3639-444f-87d9-77f80c10b379<-7f4e46f4-a6a5-4e91-9d7c-c7c9d4b9ec17#0:OK-t1. Peer's state: 7f4e46f4-a6a5-4e91-9d7c-c7c9d4b9ec17@group-ECB279BAF00E:t1, leader=null, voted=2f6f166e-3639-444f-87d9-77f80c10b379, raftlog=7f4e46f4-a6a5-4e91-9d7c-c7c9d4b9ec17@group-ECB279BAF00E-SegmentedRaftLog:OPENED:c-1, conf=-1: [b5efad6c-21e2-4d99-b376-b80a2810f054|rpc:10.1.0.46:39795|priority:1, 2f6f166e-3639-444f-87d9-77f80c10b379|rpc:10.1.0.46:41167|priority:0, 7f4e46f4-a6a5-4e91-9d7c-c7c9d4b9ec17|rpc:10.1.0.46:38997|priority:0], old=null
2022-02-16 01:42:35,165 [2f6f166e-3639-444f-87d9-77f80c10b379@group-ECB279BAF00E-LeaderElection5] INFO  impl.LeaderElection (LeaderElection.java:logAndReturn(89)) - 2f6f166e-3639-444f-87d9-77f80c10b379@group-ECB279BAF00E-LeaderElection5: ELECTION REJECTED received 1 response(s) and 0 exception(s):
2022-02-16 01:42:35,166 [2f6f166e-3639-444f-87d9-77f80c10b379@group-ECB279BAF00E-LeaderElection5] INFO  impl.LeaderElection (LeaderElection.java:logAndReturn(93)) -   Response 0: 2f6f166e-3639-444f-87d9-77f80c10b379<-b5efad6c-21e2-4d99-b376-b80a2810f054#0:FAIL-t1
2022-02-16 01:42:35,166 [2f6f166e-3639-444f-87d9-77f80c10b379@group-ECB279BAF00E-LeaderElection5] INFO  impl.LeaderElection (LeaderElection.java:askForVotes(308)) - 2f6f166e-3639-444f-87d9-77f80c10b379@group-ECB279BAF00E-LeaderElection5 ELECTION round 0: result REJECTED
2022-02-16 01:42:35,166 [2f6f166e-3639-444f-87d9-77f80c10b379@group-ECB279BAF00E-LeaderElection5] INFO  server.RaftServer$Division (RaftServerImpl.java:setRole(290)) - 2f6f166e-3639-444f-87d9-77f80c10b379@group-ECB279BAF00E: changes role from CANDIDATE to FOLLOWER at term 1 for REJECTED
2022-02-16 01:42:35,166 [2f6f166e-3639-444f-87d9-77f80c10b379@group-ECB279BAF00E-LeaderElection5] INFO  impl.RoleInfo (RoleInfo.java:shutdownLeaderElection(121)) - 2f6f166e-3639-444f-87d9-77f80c10b379: shutdown 2f6f166e-3639-444f-87d9-77f80c10b379@group-ECB279BAF00E-LeaderElection5
2022-02-16 01:42:35,166 [2f6f166e-3639-444f-87d9-77f80c10b379@group-ECB279BAF00E-LeaderElection5] INFO  impl.RoleInfo (RoleInfo.java:updateAndGet(130)) - 2f6f166e-3639-444f-87d9-77f80c10b379: start 2f6f166e-3639-444f-87d9-77f80c10b379@group-ECB279BAF00E-FollowerState
2022-02-16 01:42:35,335 [7f4e46f4-a6a5-4e91-9d7c-c7c9d4b9ec17@group-7FECFE5E75A9-FollowerState] INFO  impl.FollowerState (FollowerState.java:run(134)) - 7f4e46f4-a6a5-4e91-9d7c-c7c9d4b9ec17@group-7FECFE5E75A9-FollowerState: change to CANDIDATE, lastRpcElapsedTime:5178828066ns, electionTimeout:5171ms
2022-02-16 01:42:35,337 [7f4e46f4-a6a5-4e91-9d7c-c7c9d4b9ec17@group-7FECFE5E75A9-FollowerState] INFO  impl.RoleInfo (RoleInfo.java:shutdownFollowerState(108)) - 7f4e46f4-a6a5-4e91-9d7c-c7c9d4b9ec17: shutdown 7f4e46f4-a6a5-4e91-9d7c-c7c9d4b9ec17@group-7FECFE5E75A9-FollowerState
2022-02-16 01:42:35,337 [7f4e46f4-a6a5-4e91-9d7c-c7c9d4b9ec17@group-7FECFE5E75A9-FollowerState] INFO  server.RaftServer$Division (RaftServerImpl.java:setRole(290)) - 7f4e46f4-a6a5-4e91-9d7c-c7c9d4b9ec17@group-7FECFE5E75A9: changes role from  FOLLOWER to CANDIDATE at term 0 for changeToCandidate
2022-02-16 01:42:35,338 [7f4e46f4-a6a5-4e91-9d7c-c7c9d4b9ec17@group-7FECFE5E75A9-FollowerState] INFO  server.RaftServerConfigKeys (ConfUtils.java:logGet(44)) - raft.server.leaderelection.pre-vote = false (custom)
2022-02-16 01:42:35,338 [7f4e46f4-a6a5-4e91-9d7c-c7c9d4b9ec17@group-7FECFE5E75A9-FollowerState] INFO  impl.RoleInfo (RoleInfo.java:updateAndGet(130)) - 7f4e46f4-a6a5-4e91-9d7c-c7c9d4b9ec17: start 7f4e46f4-a6a5-4e91-9d7c-c7c9d4b9ec17@group-7FECFE5E75A9-LeaderElection6
2022-02-16 01:42:35,348 [7f4e46f4-a6a5-4e91-9d7c-c7c9d4b9ec17@group-7FECFE5E75A9-LeaderElection6] INFO  impl.LeaderElection (LeaderElection.java:askForVotes(306)) - 7f4e46f4-a6a5-4e91-9d7c-c7c9d4b9ec17@group-7FECFE5E75A9-LeaderElection6 ELECTION round 0: submit vote requests at term 1 for -1: [7f4e46f4-a6a5-4e91-9d7c-c7c9d4b9ec17|rpc:10.1.0.46:38997|priority:1], old=null
2022-02-16 01:42:35,348 [7f4e46f4-a6a5-4e91-9d7c-c7c9d4b9ec17@group-7FECFE5E75A9-LeaderElection6] INFO  impl.LeaderElection (LeaderElection.java:askForVotes(308)) - 7f4e46f4-a6a5-4e91-9d7c-c7c9d4b9ec17@group-7FECFE5E75A9-LeaderElection6 ELECTION round 0: result PASSED (term=1)
2022-02-16 01:42:35,348 [7f4e46f4-a6a5-4e91-9d7c-c7c9d4b9ec17@group-7FECFE5E75A9-LeaderElection6] INFO  impl.RoleInfo (RoleInfo.java:shutdownLeaderElection(121)) - 7f4e46f4-a6a5-4e91-9d7c-c7c9d4b9ec17: shutdown 7f4e46f4-a6a5-4e91-9d7c-c7c9d4b9ec17@group-7FECFE5E75A9-LeaderElection6
2022-02-16 01:42:35,348 [7f4e46f4-a6a5-4e91-9d7c-c7c9d4b9ec17@group-7FECFE5E75A9-LeaderElection6] INFO  server.RaftServer$Division (RaftServerImpl.java:setRole(290)) - 7f4e46f4-a6a5-4e91-9d7c-c7c9d4b9ec17@group-7FECFE5E75A9: changes role from CANDIDATE to LEADER at term 1 for changeToLeader
2022-02-16 01:42:35,348 [7f4e46f4-a6a5-4e91-9d7c-c7c9d4b9ec17@group-7FECFE5E75A9-LeaderElection6] INFO  ratis.XceiverServerRatis (XceiverServerRatis.java:handleLeaderChangedNotification(867)) - Leader change notification received for group: group-7FECFE5E75A9 with new leaderId: 7f4e46f4-a6a5-4e91-9d7c-c7c9d4b9ec17
2022-02-16 01:42:35,349 [7f4e46f4-a6a5-4e91-9d7c-c7c9d4b9ec17@group-7FECFE5E75A9-LeaderElection6] INFO  server.RaftServer$Division (ServerState.java:setLeader(285)) - 7f4e46f4-a6a5-4e91-9d7c-c7c9d4b9ec17@group-7FECFE5E75A9: change Leader from null to 7f4e46f4-a6a5-4e91-9d7c-c7c9d4b9ec17 at term 1 for becomeLeader, leader elected after 5205ms
2022-02-16 01:42:35,349 [7f4e46f4-a6a5-4e91-9d7c-c7c9d4b9ec17@group-7FECFE5E75A9-LeaderElection6] INFO  server.RaftServerConfigKeys (ConfUtils.java:logGet(44)) - raft.server.staging.catchup.gap = 1000 (default)
2022-02-16 01:42:35,349 [7f4e46f4-a6a5-4e91-9d7c-c7c9d4b9ec17@group-7FECFE5E75A9-LeaderElection6] INFO  server.RaftServerConfigKeys (ConfUtils.java:logGet(44)) - raft.server.write.element-limit = 1024 (custom)
2022-02-16 01:42:35,349 [7f4e46f4-a6a5-4e91-9d7c-c7c9d4b9ec17@group-7FECFE5E75A9-LeaderElection6] INFO  server.RaftServerConfigKeys (ConfUtils.java:logGet(44)) - raft.server.write.byte-limit = 1024 M (=1073741824) (custom)
2022-02-16 01:42:35,350 [EventQueue-OpenPipelineForHealthyPipelineSafeModeRule] INFO  safemode.SCMSafeModeManager (HealthyPipelineSafeModeRule.java:process(124)) - SCM in safe mode. Healthy pipelines reported count is 0, required healthy pipeline reported count is 1
2022-02-16 01:42:35,352 [7f4e46f4-a6a5-4e91-9d7c-c7c9d4b9ec17@group-7FECFE5E75A9-LeaderElection6] INFO  server.RaftServerConfigKeys (ConfUtils.java:logGet(44)) - raft.server.watch.timeout = 3000ms (custom)
2022-02-16 01:42:35,352 [7f4e46f4-a6a5-4e91-9d7c-c7c9d4b9ec17@group-7FECFE5E75A9-LeaderElection6] INFO  server.RaftServerConfigKeys (ConfUtils.java:logGet(44)) - raft.server.watch.timeout.denomination = 1s (default)
2022-02-16 01:42:35,352 [7f4e46f4-a6a5-4e91-9d7c-c7c9d4b9ec17@group-7FECFE5E75A9-LeaderElection6] INFO  server.RaftServerConfigKeys (ConfUtils.java:logGet(44)) - raft.server.watch.element-limit = 65536 (default)
2022-02-16 01:42:35,352 [7f4e46f4-a6a5-4e91-9d7c-c7c9d4b9ec17@group-7FECFE5E75A9-LeaderElection6] INFO  server.RaftServerConfigKeys (ConfUtils.java:logGet(44)) - raft.server.write.element-limit = 1024 (custom)
2022-02-16 01:42:35,352 [7f4e46f4-a6a5-4e91-9d7c-c7c9d4b9ec17@group-7FECFE5E75A9-LeaderElection6] INFO  server.RaftServerConfigKeys (ConfUtils.java:logGet(44)) - raft.server.write.follower.gap.ratio.max = -1.0 (default)
2022-02-16 01:42:35,352 [7f4e46f4-a6a5-4e91-9d7c-c7c9d4b9ec17@group-7FECFE5E75A9-LeaderElection6] INFO  impl.RoleInfo (RoleInfo.java:updateAndGet(130)) - 7f4e46f4-a6a5-4e91-9d7c-c7c9d4b9ec17: start 7f4e46f4-a6a5-4e91-9d7c-c7c9d4b9ec17@group-7FECFE5E75A9-LeaderStateImpl
2022-02-16 01:42:35,352 [7f4e46f4-a6a5-4e91-9d7c-c7c9d4b9ec17@group-7FECFE5E75A9-LeaderElection6] INFO  segmented.SegmentedRaftLogWorker (SegmentedRaftLogWorker.java:startLogSegment(394)) - 7f4e46f4-a6a5-4e91-9d7c-c7c9d4b9ec17@group-7FECFE5E75A9-SegmentedRaftLogWorker: Starting segment from index:0
2022-02-16 01:42:35,353 [7f4e46f4-a6a5-4e91-9d7c-c7c9d4b9ec17@group-7FECFE5E75A9-SegmentedRaftLogWorker] INFO  segmented.SegmentedRaftLogWorker (SegmentedRaftLogWorker.java:execute(601)) - 7f4e46f4-a6a5-4e91-9d7c-c7c9d4b9ec17@group-7FECFE5E75A9-SegmentedRaftLogWorker: created new log segment /home/runner/work/ozone/ozone/hadoop-ozone/integration-test/target/test-dir/MiniOzoneClusterImpl-c31dc292-76fe-4ff2-ba7c-3deb75f75441/datanode-1/data/ratis/147a6404-9c3a-4561-a8aa-7fecfe5e75a9/current/log_inprogress_0
2022-02-16 01:42:35,353 [7f4e46f4-a6a5-4e91-9d7c-c7c9d4b9ec17@group-7FECFE5E75A9-LeaderElection6] INFO  server.RaftServer$Division (ServerState.java:setRaftConf(387)) - 7f4e46f4-a6a5-4e91-9d7c-c7c9d4b9ec17@group-7FECFE5E75A9: set configuration 0: [7f4e46f4-a6a5-4e91-9d7c-c7c9d4b9ec17|rpc:10.1.0.46:38997|dataStream:|priority:1], old=null
2022-02-16 01:42:35,458 [Listener at 127.0.0.1/33913] INFO  ozone.MiniOzoneClusterImpl (MiniOzoneClusterImpl.java:lambda$waitForClusterToBeReady$0(219)) - Nodes are ready. Got 9 of 9 DN Heartbeats.
2022-02-16 01:42:35,458 [Listener at 127.0.0.1/33913] INFO  ozone.MiniOzoneClusterImpl (MiniOzoneClusterImpl.java:lambda$waitForClusterToBeReady$0(222)) - Waiting for cluster to exit safe mode
2022-02-16 01:42:35,458 [Listener at 127.0.0.1/33913] INFO  ozone.MiniOzoneClusterImpl (MiniOzoneClusterImpl.java:lambda$waitForClusterToBeReady$0(224)) - SCM became leader
2022-02-16 01:42:35,573 [b5efad6c-21e2-4d99-b376-b80a2810f054@group-BEF52E4E4D69-FollowerState] INFO  impl.FollowerState (FollowerState.java:run(134)) - b5efad6c-21e2-4d99-b376-b80a2810f054@group-BEF52E4E4D69-FollowerState: change to CANDIDATE, lastRpcElapsedTime:5171408294ns, electionTimeout:5164ms
2022-02-16 01:42:35,573 [b5efad6c-21e2-4d99-b376-b80a2810f054@group-BEF52E4E4D69-FollowerState] INFO  impl.RoleInfo (RoleInfo.java:shutdownFollowerState(108)) - b5efad6c-21e2-4d99-b376-b80a2810f054: shutdown b5efad6c-21e2-4d99-b376-b80a2810f054@group-BEF52E4E4D69-FollowerState
2022-02-16 01:42:35,573 [b5efad6c-21e2-4d99-b376-b80a2810f054@group-BEF52E4E4D69-FollowerState] INFO  server.RaftServer$Division (RaftServerImpl.java:setRole(290)) - b5efad6c-21e2-4d99-b376-b80a2810f054@group-BEF52E4E4D69: changes role from  FOLLOWER to CANDIDATE at term 0 for changeToCandidate
2022-02-16 01:42:35,575 [b5efad6c-21e2-4d99-b376-b80a2810f054@group-BEF52E4E4D69-FollowerState] INFO  server.RaftServerConfigKeys (ConfUtils.java:logGet(44)) - raft.server.leaderelection.pre-vote = false (custom)
2022-02-16 01:42:35,575 [b5efad6c-21e2-4d99-b376-b80a2810f054@group-BEF52E4E4D69-FollowerState] INFO  impl.RoleInfo (RoleInfo.java:updateAndGet(130)) - b5efad6c-21e2-4d99-b376-b80a2810f054: start b5efad6c-21e2-4d99-b376-b80a2810f054@group-BEF52E4E4D69-LeaderElection7
2022-02-16 01:42:35,585 [b5efad6c-21e2-4d99-b376-b80a2810f054@group-BEF52E4E4D69-LeaderElection7] INFO  impl.LeaderElection (LeaderElection.java:askForVotes(306)) - b5efad6c-21e2-4d99-b376-b80a2810f054@group-BEF52E4E4D69-LeaderElection7 ELECTION round 0: submit vote requests at term 1 for -1: [b5efad6c-21e2-4d99-b376-b80a2810f054|rpc:10.1.0.46:39795|priority:1], old=null
2022-02-16 01:42:35,585 [b5efad6c-21e2-4d99-b376-b80a2810f054@group-BEF52E4E4D69-LeaderElection7] INFO  impl.LeaderElection (LeaderElection.java:askForVotes(308)) - b5efad6c-21e2-4d99-b376-b80a2810f054@group-BEF52E4E4D69-LeaderElection7 ELECTION round 0: result PASSED (term=1)
2022-02-16 01:42:35,585 [b5efad6c-21e2-4d99-b376-b80a2810f054@group-BEF52E4E4D69-LeaderElection7] INFO  impl.RoleInfo (RoleInfo.java:shutdownLeaderElection(121)) - b5efad6c-21e2-4d99-b376-b80a2810f054: shutdown b5efad6c-21e2-4d99-b376-b80a2810f054@group-BEF52E4E4D69-LeaderElection7
2022-02-16 01:42:35,585 [b5efad6c-21e2-4d99-b376-b80a2810f054@group-BEF52E4E4D69-LeaderElection7] INFO  server.RaftServer$Division (RaftServerImpl.java:setRole(290)) - b5efad6c-21e2-4d99-b376-b80a2810f054@group-BEF52E4E4D69: changes role from CANDIDATE to LEADER at term 1 for changeToLeader
2022-02-16 01:42:35,585 [b5efad6c-21e2-4d99-b376-b80a2810f054@group-BEF52E4E4D69-LeaderElection7] INFO  ratis.XceiverServerRatis (XceiverServerRatis.java:handleLeaderChangedNotification(867)) - Leader change notification received for group: group-BEF52E4E4D69 with new leaderId: b5efad6c-21e2-4d99-b376-b80a2810f054
2022-02-16 01:42:35,586 [b5efad6c-21e2-4d99-b376-b80a2810f054@group-BEF52E4E4D69-LeaderElection7] INFO  server.RaftServer$Division (ServerState.java:setLeader(285)) - b5efad6c-21e2-4d99-b376-b80a2810f054@group-BEF52E4E4D69: change Leader from null to b5efad6c-21e2-4d99-b376-b80a2810f054 at term 1 for becomeLeader, leader elected after 5226ms
2022-02-16 01:42:35,586 [b5efad6c-21e2-4d99-b376-b80a2810f054@group-BEF52E4E4D69-LeaderElection7] INFO  server.RaftServerConfigKeys (ConfUtils.java:logGet(44)) - raft.server.staging.catchup.gap = 1000 (default)
2022-02-16 01:42:35,586 [b5efad6c-21e2-4d99-b376-b80a2810f054@group-BEF52E4E4D69-LeaderElection7] INFO  server.RaftServerConfigKeys (ConfUtils.java:logGet(44)) - raft.server.write.element-limit = 1024 (custom)
2022-02-16 01:42:35,586 [b5efad6c-21e2-4d99-b376-b80a2810f054@group-BEF52E4E4D69-LeaderElection7] INFO  server.RaftServerConfigKeys (ConfUtils.java:logGet(44)) - raft.server.write.byte-limit = 1024 M (=1073741824) (custom)
2022-02-16 01:42:35,587 [b5efad6c-21e2-4d99-b376-b80a2810f054@group-BEF52E4E4D69-LeaderElection7] INFO  server.RaftServerConfigKeys (ConfUtils.java:logGet(44)) - raft.server.watch.timeout = 3000ms (custom)
2022-02-16 01:42:35,587 [b5efad6c-21e2-4d99-b376-b80a2810f054@group-BEF52E4E4D69-LeaderElection7] INFO  server.RaftServerConfigKeys (ConfUtils.java:logGet(44)) - raft.server.watch.timeout.denomination = 1s (default)
2022-02-16 01:42:35,587 [b5efad6c-21e2-4d99-b376-b80a2810f054@group-BEF52E4E4D69-LeaderElection7] INFO  server.RaftServerConfigKeys (ConfUtils.java:logGet(44)) - raft.server.watch.element-limit = 65536 (default)
2022-02-16 01:42:35,587 [b5efad6c-21e2-4d99-b376-b80a2810f054@group-BEF52E4E4D69-LeaderElection7] INFO  server.RaftServerConfigKeys (ConfUtils.java:logGet(44)) - raft.server.write.element-limit = 1024 (custom)
2022-02-16 01:42:35,587 [b5efad6c-21e2-4d99-b376-b80a2810f054@group-BEF52E4E4D69-LeaderElection7] INFO  server.RaftServerConfigKeys (ConfUtils.java:logGet(44)) - raft.server.write.follower.gap.ratio.max = -1.0 (default)
2022-02-16 01:42:35,587 [b5efad6c-21e2-4d99-b376-b80a2810f054@group-BEF52E4E4D69-LeaderElection7] INFO  impl.RoleInfo (RoleInfo.java:updateAndGet(130)) - b5efad6c-21e2-4d99-b376-b80a2810f054: start b5efad6c-21e2-4d99-b376-b80a2810f054@group-BEF52E4E4D69-LeaderStateImpl
2022-02-16 01:42:35,587 [b5efad6c-21e2-4d99-b376-b80a2810f054@group-BEF52E4E4D69-LeaderElection7] INFO  segmented.SegmentedRaftLogWorker (SegmentedRaftLogWorker.java:startLogSegment(394)) - b5efad6c-21e2-4d99-b376-b80a2810f054@group-BEF52E4E4D69-SegmentedRaftLogWorker: Starting segment from index:0
2022-02-16 01:42:35,587 [EventQueue-OpenPipelineForHealthyPipelineSafeModeRule] INFO  safemode.SCMSafeModeManager (HealthyPipelineSafeModeRule.java:process(124)) - SCM in safe mode. Healthy pipelines reported count is 0, required healthy pipeline reported count is 1
2022-02-16 01:42:35,591 [b5efad6c-21e2-4d99-b376-b80a2810f054@group-BEF52E4E4D69-LeaderElection7] INFO  server.RaftServer$Division (ServerState.java:setRaftConf(387)) - b5efad6c-21e2-4d99-b376-b80a2810f054@group-BEF52E4E4D69: set configuration 0: [b5efad6c-21e2-4d99-b376-b80a2810f054|rpc:10.1.0.46:39795|dataStream:|priority:1], old=null
2022-02-16 01:42:35,592 [b5efad6c-21e2-4d99-b376-b80a2810f054@group-BEF52E4E4D69-SegmentedRaftLogWorker] INFO  segmented.SegmentedRaftLogWorker (SegmentedRaftLogWorker.java:execute(601)) - b5efad6c-21e2-4d99-b376-b80a2810f054@group-BEF52E4E4D69-SegmentedRaftLogWorker: created new log segment /home/runner/work/ozone/ozone/hadoop-ozone/integration-test/target/test-dir/MiniOzoneClusterImpl-c31dc292-76fe-4ff2-ba7c-3deb75f75441/datanode-2/data/ratis/afa58c8c-fa43-41ba-bb5c-bef52e4e4d69/current/log_inprogress_0
2022-02-16 01:42:35,644 [edcd5571-e430-46af-ba60-7657fe1b1d4c@group-504D69B4F741-FollowerState] INFO  impl.FollowerState (FollowerState.java:run(134)) - edcd5571-e430-46af-ba60-7657fe1b1d4c@group-504D69B4F741-FollowerState: change to CANDIDATE, lastRpcElapsedTime:5044301386ns, electionTimeout:5043ms
2022-02-16 01:42:35,644 [edcd5571-e430-46af-ba60-7657fe1b1d4c@group-504D69B4F741-FollowerState] INFO  impl.RoleInfo (RoleInfo.java:shutdownFollowerState(108)) - edcd5571-e430-46af-ba60-7657fe1b1d4c: shutdown edcd5571-e430-46af-ba60-7657fe1b1d4c@group-504D69B4F741-FollowerState
2022-02-16 01:42:35,644 [edcd5571-e430-46af-ba60-7657fe1b1d4c@group-504D69B4F741-FollowerState] INFO  server.RaftServer$Division (RaftServerImpl.java:setRole(290)) - edcd5571-e430-46af-ba60-7657fe1b1d4c@group-504D69B4F741: changes role from  FOLLOWER to CANDIDATE at term 0 for changeToCandidate
2022-02-16 01:42:35,645 [edcd5571-e430-46af-ba60-7657fe1b1d4c@group-504D69B4F741-FollowerState] INFO  server.RaftServerConfigKeys (ConfUtils.java:logGet(44)) - raft.server.leaderelection.pre-vote = false (custom)
2022-02-16 01:42:35,645 [edcd5571-e430-46af-ba60-7657fe1b1d4c@group-504D69B4F741-FollowerState] INFO  impl.RoleInfo (RoleInfo.java:updateAndGet(130)) - edcd5571-e430-46af-ba60-7657fe1b1d4c: start edcd5571-e430-46af-ba60-7657fe1b1d4c@group-504D69B4F741-LeaderElection8
2022-02-16 01:42:35,648 [edcd5571-e430-46af-ba60-7657fe1b1d4c@group-504D69B4F741-LeaderElection8] INFO  impl.LeaderElection (LeaderElection.java:askForVotes(306)) - edcd5571-e430-46af-ba60-7657fe1b1d4c@group-504D69B4F741-LeaderElection8 ELECTION round 0: submit vote requests at term 1 for -1: [edcd5571-e430-46af-ba60-7657fe1b1d4c|rpc:10.1.0.46:34285|priority:0, a565342f-4fee-4f25-a030-3e45d0cf0ab9|rpc:10.1.0.46:45097|priority:1, 0abaf1aa-1b73-4e28-a6e5-0a41a9a3ec34|rpc:10.1.0.46:36601|priority:0], old=null
2022-02-16 01:42:35,661 [grpc-default-executor-1] INFO  server.RaftServer$Division (RaftServerImpl.java:requestVote(1046)) - a565342f-4fee-4f25-a030-3e45d0cf0ab9@group-504D69B4F741: receive requestVote(ELECTION, edcd5571-e430-46af-ba60-7657fe1b1d4c, group-504D69B4F741, 1, (t:0, i:0))
2022-02-16 01:42:35,661 [grpc-default-executor-1] INFO  impl.VoteContext (VoteContext.java:log(48)) - a565342f-4fee-4f25-a030-3e45d0cf0ab9@group-504D69B4F741-FOLLOWER: reject ELECTION from edcd5571-e430-46af-ba60-7657fe1b1d4c: our priority 1 > candidate's priority 0
2022-02-16 01:42:35,661 [grpc-default-executor-1] INFO  server.RaftServer$Division (RaftServerImpl.java:setRole(290)) - a565342f-4fee-4f25-a030-3e45d0cf0ab9@group-504D69B4F741: changes role from  FOLLOWER to FOLLOWER at term 1 for candidate:edcd5571-e430-46af-ba60-7657fe1b1d4c
2022-02-16 01:42:35,661 [grpc-default-executor-1] INFO  impl.RoleInfo (RoleInfo.java:shutdownFollowerState(108)) - a565342f-4fee-4f25-a030-3e45d0cf0ab9: shutdown a565342f-4fee-4f25-a030-3e45d0cf0ab9@group-504D69B4F741-FollowerState
2022-02-16 01:42:35,662 [grpc-default-executor-1] INFO  impl.RoleInfo (RoleInfo.java:updateAndGet(130)) - a565342f-4fee-4f25-a030-3e45d0cf0ab9: start a565342f-4fee-4f25-a030-3e45d0cf0ab9@group-504D69B4F741-FollowerState
2022-02-16 01:42:35,662 [a565342f-4fee-4f25-a030-3e45d0cf0ab9@group-504D69B4F741-FollowerState] INFO  impl.FollowerState (FollowerState.java:run(143)) - a565342f-4fee-4f25-a030-3e45d0cf0ab9@group-504D69B4F741-FollowerState was interrupted: {}
java.lang.InterruptedException: sleep interrupted
	at java.lang.Thread.sleep(Native Method)
	at java.lang.Thread.sleep(Thread.java:340)
	at java.util.concurrent.TimeUnit.sleep(TimeUnit.java:386)
	at org.apache.ratis.util.TimeDuration.sleep(TimeDuration.java:324)
	at org.apache.ratis.util.TimeDuration.sleep(TimeDuration.java:309)
	at org.apache.ratis.server.impl.FollowerState.run(FollowerState.java:118)
2022-02-16 01:42:35,665 [grpc-default-executor-1] INFO  server.RaftServer$Division (RaftServerImpl.java:requestVote(1078)) - a565342f-4fee-4f25-a030-3e45d0cf0ab9@group-504D69B4F741 replies to ELECTION vote request: edcd5571-e430-46af-ba60-7657fe1b1d4c<-a565342f-4fee-4f25-a030-3e45d0cf0ab9#0:FAIL-t1. Peer's state: a565342f-4fee-4f25-a030-3e45d0cf0ab9@group-504D69B4F741:t1, leader=null, voted=null, raftlog=a565342f-4fee-4f25-a030-3e45d0cf0ab9@group-504D69B4F741-SegmentedRaftLog:OPENED:c-1, conf=-1: [edcd5571-e430-46af-ba60-7657fe1b1d4c|rpc:10.1.0.46:34285|dataStream:|priority:0, a565342f-4fee-4f25-a030-3e45d0cf0ab9|rpc:10.1.0.46:45097|dataStream:|priority:1, 0abaf1aa-1b73-4e28-a6e5-0a41a9a3ec34|rpc:10.1.0.46:36601|dataStream:|priority:0], old=null
2022-02-16 01:42:35,666 [grpc-default-executor-2] INFO  server.RaftServer$Division (RaftServerImpl.java:requestVote(1046)) - 0abaf1aa-1b73-4e28-a6e5-0a41a9a3ec34@group-504D69B4F741: receive requestVote(ELECTION, edcd5571-e430-46af-ba60-7657fe1b1d4c, group-504D69B4F741, 1, (t:0, i:0))
2022-02-16 01:42:35,666 [grpc-default-executor-2] INFO  impl.VoteContext (VoteContext.java:log(48)) - 0abaf1aa-1b73-4e28-a6e5-0a41a9a3ec34@group-504D69B4F741-FOLLOWER: accept ELECTION from edcd5571-e430-46af-ba60-7657fe1b1d4c: our priority 0 <= candidate's priority 0
2022-02-16 01:42:35,666 [grpc-default-executor-2] INFO  server.RaftServer$Division (RaftServerImpl.java:setRole(290)) - 0abaf1aa-1b73-4e28-a6e5-0a41a9a3ec34@group-504D69B4F741: changes role from  FOLLOWER to FOLLOWER at term 1 for candidate:edcd5571-e430-46af-ba60-7657fe1b1d4c
2022-02-16 01:42:35,666 [grpc-default-executor-2] INFO  impl.RoleInfo (RoleInfo.java:shutdownFollowerState(108)) - 0abaf1aa-1b73-4e28-a6e5-0a41a9a3ec34: shutdown 0abaf1aa-1b73-4e28-a6e5-0a41a9a3ec34@group-504D69B4F741-FollowerState
2022-02-16 01:42:35,666 [grpc-default-executor-2] INFO  impl.RoleInfo (RoleInfo.java:updateAndGet(130)) - 0abaf1aa-1b73-4e28-a6e5-0a41a9a3ec34: start 0abaf1aa-1b73-4e28-a6e5-0a41a9a3ec34@group-504D69B4F741-FollowerState
2022-02-16 01:42:35,668 [grpc-default-executor-2] INFO  server.RaftServer$Division (RaftServerImpl.java:requestVote(1078)) - 0abaf1aa-1b73-4e28-a6e5-0a41a9a3ec34@group-504D69B4F741 replies to ELECTION vote request: edcd5571-e430-46af-ba60-7657fe1b1d4c<-0abaf1aa-1b73-4e28-a6e5-0a41a9a3ec34#0:OK-t1. Peer's state: 0abaf1aa-1b73-4e28-a6e5-0a41a9a3ec34@group-504D69B4F741:t1, leader=null, voted=edcd5571-e430-46af-ba60-7657fe1b1d4c, raftlog=0abaf1aa-1b73-4e28-a6e5-0a41a9a3ec34@group-504D69B4F741-SegmentedRaftLog:OPENED:c-1, conf=-1: [edcd5571-e430-46af-ba60-7657fe1b1d4c|rpc:10.1.0.46:34285|dataStream:|priority:0, a565342f-4fee-4f25-a030-3e45d0cf0ab9|rpc:10.1.0.46:45097|dataStream:|priority:1, 0abaf1aa-1b73-4e28-a6e5-0a41a9a3ec34|rpc:10.1.0.46:36601|dataStream:|priority:0], old=null
2022-02-16 01:42:35,670 [0abaf1aa-1b73-4e28-a6e5-0a41a9a3ec34@group-504D69B4F741-FollowerState] INFO  impl.FollowerState (FollowerState.java:run(143)) - 0abaf1aa-1b73-4e28-a6e5-0a41a9a3ec34@group-504D69B4F741-FollowerState was interrupted: {}
java.lang.InterruptedException: sleep interrupted
	at java.lang.Thread.sleep(Native Method)
	at java.lang.Thread.sleep(Thread.java:340)
	at java.util.concurrent.TimeUnit.sleep(TimeUnit.java:386)
	at org.apache.ratis.util.TimeDuration.sleep(TimeDuration.java:324)
	at org.apache.ratis.util.TimeDuration.sleep(TimeDuration.java:309)
	at org.apache.ratis.server.impl.FollowerState.run(FollowerState.java:118)
2022-02-16 01:42:35,678 [edcd5571-e430-46af-ba60-7657fe1b1d4c@group-504D69B4F741-LeaderElection8] INFO  impl.LeaderElection (LeaderElection.java:logAndReturn(89)) - edcd5571-e430-46af-ba60-7657fe1b1d4c@group-504D69B4F741-LeaderElection8: ELECTION REJECTED received 2 response(s) and 0 exception(s):
2022-02-16 01:42:35,679 [edcd5571-e430-46af-ba60-7657fe1b1d4c@group-504D69B4F741-LeaderElection8] INFO  impl.LeaderElection (LeaderElection.java:logAndReturn(93)) -   Response 0: edcd5571-e430-46af-ba60-7657fe1b1d4c<-a565342f-4fee-4f25-a030-3e45d0cf0ab9#0:FAIL-t1
2022-02-16 01:42:35,679 [edcd5571-e430-46af-ba60-7657fe1b1d4c@group-504D69B4F741-LeaderElection8] INFO  impl.LeaderElection (LeaderElection.java:logAndReturn(93)) -   Response 1: edcd5571-e430-46af-ba60-7657fe1b1d4c<-0abaf1aa-1b73-4e28-a6e5-0a41a9a3ec34#0:OK-t1
2022-02-16 01:42:35,679 [edcd5571-e430-46af-ba60-7657fe1b1d4c@group-504D69B4F741-LeaderElection8] INFO  impl.LeaderElection (LeaderElection.java:askForVotes(308)) - edcd5571-e430-46af-ba60-7657fe1b1d4c@group-504D69B4F741-LeaderElection8 ELECTION round 0: result REJECTED
2022-02-16 01:42:35,679 [edcd5571-e430-46af-ba60-7657fe1b1d4c@group-504D69B4F741-LeaderElection8] INFO  server.RaftServer$Division (RaftServerImpl.java:setRole(290)) - edcd5571-e430-46af-ba60-7657fe1b1d4c@group-504D69B4F741: changes role from CANDIDATE to FOLLOWER at term 1 for REJECTED
2022-02-16 01:42:35,679 [edcd5571-e430-46af-ba60-7657fe1b1d4c@group-504D69B4F741-LeaderElection8] INFO  impl.RoleInfo (RoleInfo.java:shutdownLeaderElection(121)) - edcd5571-e430-46af-ba60-7657fe1b1d4c: shutdown edcd5571-e430-46af-ba60-7657fe1b1d4c@group-504D69B4F741-LeaderElection8
2022-02-16 01:42:35,680 [edcd5571-e430-46af-ba60-7657fe1b1d4c@group-504D69B4F741-LeaderElection8] INFO  impl.RoleInfo (RoleInfo.java:updateAndGet(130)) - edcd5571-e430-46af-ba60-7657fe1b1d4c: start edcd5571-e430-46af-ba60-7657fe1b1d4c@group-504D69B4F741-FollowerState
2022-02-16 01:42:35,769 [edcd5571-e430-46af-ba60-7657fe1b1d4c@group-9F5C4BBD6FEE-FollowerState] INFO  impl.FollowerState (FollowerState.java:run(134)) - edcd5571-e430-46af-ba60-7657fe1b1d4c@group-9F5C4BBD6FEE-FollowerState: change to CANDIDATE, lastRpcElapsedTime:5194219009ns, electionTimeout:5191ms
2022-02-16 01:42:35,770 [edcd5571-e430-46af-ba60-7657fe1b1d4c@group-9F5C4BBD6FEE-FollowerState] INFO  impl.RoleInfo (RoleInfo.java:shutdownFollowerState(108)) - edcd5571-e430-46af-ba60-7657fe1b1d4c: shutdown edcd5571-e430-46af-ba60-7657fe1b1d4c@group-9F5C4BBD6FEE-FollowerState
2022-02-16 01:42:35,770 [edcd5571-e430-46af-ba60-7657fe1b1d4c@group-9F5C4BBD6FEE-FollowerState] INFO  server.RaftServer$Division (RaftServerImpl.java:setRole(290)) - edcd5571-e430-46af-ba60-7657fe1b1d4c@group-9F5C4BBD6FEE: changes role from  FOLLOWER to CANDIDATE at term 0 for changeToCandidate
2022-02-16 01:42:35,770 [edcd5571-e430-46af-ba60-7657fe1b1d4c@group-9F5C4BBD6FEE-FollowerState] INFO  server.RaftServerConfigKeys (ConfUtils.java:logGet(44)) - raft.server.leaderelection.pre-vote = false (custom)
2022-02-16 01:42:35,770 [edcd5571-e430-46af-ba60-7657fe1b1d4c@group-9F5C4BBD6FEE-FollowerState] INFO  impl.RoleInfo (RoleInfo.java:updateAndGet(130)) - edcd5571-e430-46af-ba60-7657fe1b1d4c: start edcd5571-e430-46af-ba60-7657fe1b1d4c@group-9F5C4BBD6FEE-LeaderElection9
2022-02-16 01:42:35,774 [edcd5571-e430-46af-ba60-7657fe1b1d4c@group-9F5C4BBD6FEE-LeaderElection9] INFO  impl.LeaderElection (LeaderElection.java:askForVotes(306)) - edcd5571-e430-46af-ba60-7657fe1b1d4c@group-9F5C4BBD6FEE-LeaderElection9 ELECTION round 0: submit vote requests at term 1 for -1: [edcd5571-e430-46af-ba60-7657fe1b1d4c|rpc:10.1.0.46:34285|priority:1], old=null
2022-02-16 01:42:35,774 [edcd5571-e430-46af-ba60-7657fe1b1d4c@group-9F5C4BBD6FEE-LeaderElection9] INFO  impl.LeaderElection (LeaderElection.java:askForVotes(308)) - edcd5571-e430-46af-ba60-7657fe1b1d4c@group-9F5C4BBD6FEE-LeaderElection9 ELECTION round 0: result PASSED (term=1)
2022-02-16 01:42:35,774 [edcd5571-e430-46af-ba60-7657fe1b1d4c@group-9F5C4BBD6FEE-LeaderElection9] INFO  impl.RoleInfo (RoleInfo.java:shutdownLeaderElection(121)) - edcd5571-e430-46af-ba60-7657fe1b1d4c: shutdown edcd5571-e430-46af-ba60-7657fe1b1d4c@group-9F5C4BBD6FEE-LeaderElection9
2022-02-16 01:42:35,774 [edcd5571-e430-46af-ba60-7657fe1b1d4c@group-9F5C4BBD6FEE-LeaderElection9] INFO  server.RaftServer$Division (RaftServerImpl.java:setRole(290)) - edcd5571-e430-46af-ba60-7657fe1b1d4c@group-9F5C4BBD6FEE: changes role from CANDIDATE to LEADER at term 1 for changeToLeader
2022-02-16 01:42:35,774 [edcd5571-e430-46af-ba60-7657fe1b1d4c@group-9F5C4BBD6FEE-LeaderElection9] INFO  ratis.XceiverServerRatis (XceiverServerRatis.java:handleLeaderChangedNotification(867)) - Leader change notification received for group: group-9F5C4BBD6FEE with new leaderId: edcd5571-e430-46af-ba60-7657fe1b1d4c
2022-02-16 01:42:35,774 [edcd5571-e430-46af-ba60-7657fe1b1d4c@group-9F5C4BBD6FEE-LeaderElection9] INFO  server.RaftServer$Division (ServerState.java:setLeader(285)) - edcd5571-e430-46af-ba60-7657fe1b1d4c@group-9F5C4BBD6FEE: change Leader from null to edcd5571-e430-46af-ba60-7657fe1b1d4c at term 1 for becomeLeader, leader elected after 5233ms
2022-02-16 01:42:35,774 [edcd5571-e430-46af-ba60-7657fe1b1d4c@group-9F5C4BBD6FEE-LeaderElection9] INFO  server.RaftServerConfigKeys (ConfUtils.java:logGet(44)) - raft.server.staging.catchup.gap = 1000 (default)
2022-02-16 01:42:35,774 [edcd5571-e430-46af-ba60-7657fe1b1d4c@group-9F5C4BBD6FEE-LeaderElection9] INFO  server.RaftServerConfigKeys (ConfUtils.java:logGet(44)) - raft.server.write.element-limit = 1024 (custom)
2022-02-16 01:42:35,774 [edcd5571-e430-46af-ba60-7657fe1b1d4c@group-9F5C4BBD6FEE-LeaderElection9] INFO  server.RaftServerConfigKeys (ConfUtils.java:logGet(44)) - raft.server.write.byte-limit = 1024 M (=1073741824) (custom)
2022-02-16 01:42:35,775 [edcd5571-e430-46af-ba60-7657fe1b1d4c@group-9F5C4BBD6FEE-LeaderElection9] INFO  server.RaftServerConfigKeys (ConfUtils.java:logGet(44)) - raft.server.watch.timeout = 3000ms (custom)
2022-02-16 01:42:35,775 [edcd5571-e430-46af-ba60-7657fe1b1d4c@group-9F5C4BBD6FEE-LeaderElection9] INFO  server.RaftServerConfigKeys (ConfUtils.java:logGet(44)) - raft.server.watch.timeout.denomination = 1s (default)
2022-02-16 01:42:35,775 [edcd5571-e430-46af-ba60-7657fe1b1d4c@group-9F5C4BBD6FEE-LeaderElection9] INFO  server.RaftServerConfigKeys (ConfUtils.java:logGet(44)) - raft.server.watch.element-limit = 65536 (default)
2022-02-16 01:42:35,775 [edcd5571-e430-46af-ba60-7657fe1b1d4c@group-9F5C4BBD6FEE-LeaderElection9] INFO  server.RaftServerConfigKeys (ConfUtils.java:logGet(44)) - raft.server.write.element-limit = 1024 (custom)
2022-02-16 01:42:35,775 [edcd5571-e430-46af-ba60-7657fe1b1d4c@group-9F5C4BBD6FEE-LeaderElection9] INFO  server.RaftServerConfigKeys (ConfUtils.java:logGet(44)) - raft.server.write.follower.gap.ratio.max = -1.0 (default)
2022-02-16 01:42:35,775 [edcd5571-e430-46af-ba60-7657fe1b1d4c@group-9F5C4BBD6FEE-LeaderElection9] INFO  impl.RoleInfo (RoleInfo.java:updateAndGet(130)) - edcd5571-e430-46af-ba60-7657fe1b1d4c: start edcd5571-e430-46af-ba60-7657fe1b1d4c@group-9F5C4BBD6FEE-LeaderStateImpl
2022-02-16 01:42:35,776 [edcd5571-e430-46af-ba60-7657fe1b1d4c@group-9F5C4BBD6FEE-LeaderElection9] INFO  segmented.SegmentedRaftLogWorker (SegmentedRaftLogWorker.java:startLogSegment(394)) - edcd5571-e430-46af-ba60-7657fe1b1d4c@group-9F5C4BBD6FEE-SegmentedRaftLogWorker: Starting segment from index:0
2022-02-16 01:42:35,776 [EventQueue-OpenPipelineForHealthyPipelineSafeModeRule] INFO  safemode.SCMSafeModeManager (HealthyPipelineSafeModeRule.java:process(124)) - SCM in safe mode. Healthy pipelines reported count is 0, required healthy pipeline reported count is 1
2022-02-16 01:42:35,777 [edcd5571-e430-46af-ba60-7657fe1b1d4c@group-9F5C4BBD6FEE-SegmentedRaftLogWorker] INFO  segmented.SegmentedRaftLogWorker (SegmentedRaftLogWorker.java:execute(601)) - edcd5571-e430-46af-ba60-7657fe1b1d4c@group-9F5C4BBD6FEE-SegmentedRaftLogWorker: created new log segment /home/runner/work/ozone/ozone/hadoop-ozone/integration-test/target/test-dir/MiniOzoneClusterImpl-c31dc292-76fe-4ff2-ba7c-3deb75f75441/datanode-3/data/ratis/1880ea62-2451-47a3-a663-9f5c4bbd6fee/current/log_inprogress_0
2022-02-16 01:42:35,780 [edcd5571-e430-46af-ba60-7657fe1b1d4c@group-9F5C4BBD6FEE-LeaderElection9] INFO  server.RaftServer$Division (ServerState.java:setRaftConf(387)) - edcd5571-e430-46af-ba60-7657fe1b1d4c@group-9F5C4BBD6FEE: set configuration 0: [edcd5571-e430-46af-ba60-7657fe1b1d4c|rpc:10.1.0.46:34285|dataStream:|priority:1], old=null
2022-02-16 01:42:35,782 [a565342f-4fee-4f25-a030-3e45d0cf0ab9@group-41334FB35384-FollowerState] INFO  impl.FollowerState (FollowerState.java:run(134)) - a565342f-4fee-4f25-a030-3e45d0cf0ab9@group-41334FB35384-FollowerState: change to CANDIDATE, lastRpcElapsedTime:5046015101ns, electionTimeout:5045ms
2022-02-16 01:42:35,782 [a565342f-4fee-4f25-a030-3e45d0cf0ab9@group-41334FB35384-FollowerState] INFO  impl.RoleInfo (RoleInfo.java:shutdownFollowerState(108)) - a565342f-4fee-4f25-a030-3e45d0cf0ab9: shutdown a565342f-4fee-4f25-a030-3e45d0cf0ab9@group-41334FB35384-FollowerState
2022-02-16 01:42:35,782 [a565342f-4fee-4f25-a030-3e45d0cf0ab9@group-41334FB35384-FollowerState] INFO  server.RaftServer$Division (RaftServerImpl.java:setRole(290)) - a565342f-4fee-4f25-a030-3e45d0cf0ab9@group-41334FB35384: changes role from  FOLLOWER to CANDIDATE at term 0 for changeToCandidate
2022-02-16 01:42:35,783 [a565342f-4fee-4f25-a030-3e45d0cf0ab9@group-41334FB35384-FollowerState] INFO  server.RaftServerConfigKeys (ConfUtils.java:logGet(44)) - raft.server.leaderelection.pre-vote = false (custom)
2022-02-16 01:42:35,783 [a565342f-4fee-4f25-a030-3e45d0cf0ab9@group-41334FB35384-FollowerState] INFO  impl.RoleInfo (RoleInfo.java:updateAndGet(130)) - a565342f-4fee-4f25-a030-3e45d0cf0ab9: start a565342f-4fee-4f25-a030-3e45d0cf0ab9@group-41334FB35384-LeaderElection10
2022-02-16 01:42:35,785 [a565342f-4fee-4f25-a030-3e45d0cf0ab9@group-41334FB35384-LeaderElection10] INFO  impl.LeaderElection (LeaderElection.java:askForVotes(306)) - a565342f-4fee-4f25-a030-3e45d0cf0ab9@group-41334FB35384-LeaderElection10 ELECTION round 0: submit vote requests at term 1 for -1: [a565342f-4fee-4f25-a030-3e45d0cf0ab9|rpc:10.1.0.46:45097|priority:1], old=null
2022-02-16 01:42:35,785 [a565342f-4fee-4f25-a030-3e45d0cf0ab9@group-41334FB35384-LeaderElection10] INFO  impl.LeaderElection (LeaderElection.java:askForVotes(308)) - a565342f-4fee-4f25-a030-3e45d0cf0ab9@group-41334FB35384-LeaderElection10 ELECTION round 0: result PASSED (term=1)
2022-02-16 01:42:35,785 [a565342f-4fee-4f25-a030-3e45d0cf0ab9@group-41334FB35384-LeaderElection10] INFO  impl.RoleInfo (RoleInfo.java:shutdownLeaderElection(121)) - a565342f-4fee-4f25-a030-3e45d0cf0ab9: shutdown a565342f-4fee-4f25-a030-3e45d0cf0ab9@group-41334FB35384-LeaderElection10
2022-02-16 01:42:35,785 [a565342f-4fee-4f25-a030-3e45d0cf0ab9@group-41334FB35384-LeaderElection10] INFO  server.RaftServer$Division (RaftServerImpl.java:setRole(290)) - a565342f-4fee-4f25-a030-3e45d0cf0ab9@group-41334FB35384: changes role from CANDIDATE to LEADER at term 1 for changeToLeader
2022-02-16 01:42:35,785 [a565342f-4fee-4f25-a030-3e45d0cf0ab9@group-41334FB35384-LeaderElection10] INFO  ratis.XceiverServerRatis (XceiverServerRatis.java:handleLeaderChangedNotification(867)) - Leader change notification received for group: group-41334FB35384 with new leaderId: a565342f-4fee-4f25-a030-3e45d0cf0ab9
2022-02-16 01:42:35,785 [a565342f-4fee-4f25-a030-3e45d0cf0ab9@group-41334FB35384-LeaderElection10] INFO  server.RaftServer$Division (ServerState.java:setLeader(285)) - a565342f-4fee-4f25-a030-3e45d0cf0ab9@group-41334FB35384: change Leader from null to a565342f-4fee-4f25-a030-3e45d0cf0ab9 at term 1 for becomeLeader, leader elected after 5075ms
2022-02-16 01:42:35,785 [a565342f-4fee-4f25-a030-3e45d0cf0ab9@group-41334FB35384-LeaderElection10] INFO  server.RaftServerConfigKeys (ConfUtils.java:logGet(44)) - raft.server.staging.catchup.gap = 1000 (default)
2022-02-16 01:42:35,785 [a565342f-4fee-4f25-a030-3e45d0cf0ab9@group-41334FB35384-LeaderElection10] INFO  server.RaftServerConfigKeys (ConfUtils.java:logGet(44)) - raft.server.write.element-limit = 1024 (custom)
2022-02-16 01:42:35,785 [a565342f-4fee-4f25-a030-3e45d0cf0ab9@group-41334FB35384-LeaderElection10] INFO  server.RaftServerConfigKeys (ConfUtils.java:logGet(44)) - raft.server.write.byte-limit = 1024 M (=1073741824) (custom)
2022-02-16 01:42:35,786 [a565342f-4fee-4f25-a030-3e45d0cf0ab9@group-41334FB35384-LeaderElection10] INFO  server.RaftServerConfigKeys (ConfUtils.java:logGet(44)) - raft.server.watch.timeout = 3000ms (custom)
2022-02-16 01:42:35,786 [a565342f-4fee-4f25-a030-3e45d0cf0ab9@group-41334FB35384-LeaderElection10] INFO  server.RaftServerConfigKeys (ConfUtils.java:logGet(44)) - raft.server.watch.timeout.denomination = 1s (default)
2022-02-16 01:42:35,786 [a565342f-4fee-4f25-a030-3e45d0cf0ab9@group-41334FB35384-LeaderElection10] INFO  server.RaftServerConfigKeys (ConfUtils.java:logGet(44)) - raft.server.watch.element-limit = 65536 (default)
2022-02-16 01:42:35,786 [a565342f-4fee-4f25-a030-3e45d0cf0ab9@group-41334FB35384-LeaderElection10] INFO  server.RaftServerConfigKeys (ConfUtils.java:logGet(44)) - raft.server.write.element-limit = 1024 (custom)
2022-02-16 01:42:35,786 [a565342f-4fee-4f25-a030-3e45d0cf0ab9@group-41334FB35384-LeaderElection10] INFO  server.RaftServerConfigKeys (ConfUtils.java:logGet(44)) - raft.server.write.follower.gap.ratio.max = -1.0 (default)
2022-02-16 01:42:35,786 [a565342f-4fee-4f25-a030-3e45d0cf0ab9@group-41334FB35384-LeaderElection10] INFO  impl.RoleInfo (RoleInfo.java:updateAndGet(130)) - a565342f-4fee-4f25-a030-3e45d0cf0ab9: start a565342f-4fee-4f25-a030-3e45d0cf0ab9@group-41334FB35384-LeaderStateImpl
2022-02-16 01:42:35,787 [a565342f-4fee-4f25-a030-3e45d0cf0ab9@group-41334FB35384-LeaderElection10] INFO  segmented.SegmentedRaftLogWorker (SegmentedRaftLogWorker.java:startLogSegment(394)) - a565342f-4fee-4f25-a030-3e45d0cf0ab9@group-41334FB35384-SegmentedRaftLogWorker: Starting segment from index:0
2022-02-16 01:42:35,788 [a565342f-4fee-4f25-a030-3e45d0cf0ab9@group-41334FB35384-SegmentedRaftLogWorker] INFO  segmented.SegmentedRaftLogWorker (SegmentedRaftLogWorker.java:execute(601)) - a565342f-4fee-4f25-a030-3e45d0cf0ab9@group-41334FB35384-SegmentedRaftLogWorker: created new log segment /home/runner/work/ozone/ozone/hadoop-ozone/integration-test/target/test-dir/MiniOzoneClusterImpl-c31dc292-76fe-4ff2-ba7c-3deb75f75441/datanode-4/data/ratis/a90fc9b7-1cc6-443f-8fc3-41334fb35384/current/log_inprogress_0
2022-02-16 01:42:35,788 [EventQueue-OpenPipelineForHealthyPipelineSafeModeRule] INFO  safemode.SCMSafeModeManager (HealthyPipelineSafeModeRule.java:process(124)) - SCM in safe mode. Healthy pipelines reported count is 0, required healthy pipeline reported count is 1
2022-02-16 01:42:35,789 [a565342f-4fee-4f25-a030-3e45d0cf0ab9@group-41334FB35384-LeaderElection10] INFO  server.RaftServer$Division (ServerState.java:setRaftConf(387)) - a565342f-4fee-4f25-a030-3e45d0cf0ab9@group-41334FB35384: set configuration 0: [a565342f-4fee-4f25-a030-3e45d0cf0ab9|rpc:10.1.0.46:45097|dataStream:|priority:1], old=null
2022-02-16 01:42:36,107 [0abaf1aa-1b73-4e28-a6e5-0a41a9a3ec34@group-BE3C88DC2A16-FollowerState] INFO  impl.FollowerState (FollowerState.java:run(134)) - 0abaf1aa-1b73-4e28-a6e5-0a41a9a3ec34@group-BE3C88DC2A16-FollowerState: change to CANDIDATE, lastRpcElapsedTime:5151195497ns, electionTimeout:5148ms
2022-02-16 01:42:36,108 [0abaf1aa-1b73-4e28-a6e5-0a41a9a3ec34@group-BE3C88DC2A16-FollowerState] INFO  impl.RoleInfo (RoleInfo.java:shutdownFollowerState(108)) - 0abaf1aa-1b73-4e28-a6e5-0a41a9a3ec34: shutdown 0abaf1aa-1b73-4e28-a6e5-0a41a9a3ec34@group-BE3C88DC2A16-FollowerState
2022-02-16 01:42:36,108 [0abaf1aa-1b73-4e28-a6e5-0a41a9a3ec34@group-BE3C88DC2A16-FollowerState] INFO  server.RaftServer$Division (RaftServerImpl.java:setRole(290)) - 0abaf1aa-1b73-4e28-a6e5-0a41a9a3ec34@group-BE3C88DC2A16: changes role from  FOLLOWER to CANDIDATE at term 0 for changeToCandidate
2022-02-16 01:42:36,109 [0abaf1aa-1b73-4e28-a6e5-0a41a9a3ec34@group-BE3C88DC2A16-FollowerState] INFO  server.RaftServerConfigKeys (ConfUtils.java:logGet(44)) - raft.server.leaderelection.pre-vote = false (custom)
2022-02-16 01:42:36,109 [0abaf1aa-1b73-4e28-a6e5-0a41a9a3ec34@group-BE3C88DC2A16-FollowerState] INFO  impl.RoleInfo (RoleInfo.java:updateAndGet(130)) - 0abaf1aa-1b73-4e28-a6e5-0a41a9a3ec34: start 0abaf1aa-1b73-4e28-a6e5-0a41a9a3ec34@group-BE3C88DC2A16-LeaderElection11
2022-02-16 01:42:36,113 [0abaf1aa-1b73-4e28-a6e5-0a41a9a3ec34@group-BE3C88DC2A16-LeaderElection11] INFO  impl.LeaderElection (LeaderElection.java:askForVotes(306)) - 0abaf1aa-1b73-4e28-a6e5-0a41a9a3ec34@group-BE3C88DC2A16-LeaderElection11 ELECTION round 0: submit vote requests at term 1 for -1: [0abaf1aa-1b73-4e28-a6e5-0a41a9a3ec34|rpc:10.1.0.46:36601|priority:1], old=null
2022-02-16 01:42:36,113 [0abaf1aa-1b73-4e28-a6e5-0a41a9a3ec34@group-BE3C88DC2A16-LeaderElection11] INFO  impl.LeaderElection (LeaderElection.java:askForVotes(308)) - 0abaf1aa-1b73-4e28-a6e5-0a41a9a3ec34@group-BE3C88DC2A16-LeaderElection11 ELECTION round 0: result PASSED (term=1)
2022-02-16 01:42:36,113 [0abaf1aa-1b73-4e28-a6e5-0a41a9a3ec34@group-BE3C88DC2A16-LeaderElection11] INFO  impl.RoleInfo (RoleInfo.java:shutdownLeaderElection(121)) - 0abaf1aa-1b73-4e28-a6e5-0a41a9a3ec34: shutdown 0abaf1aa-1b73-4e28-a6e5-0a41a9a3ec34@group-BE3C88DC2A16-LeaderElection11
2022-02-16 01:42:36,113 [0abaf1aa-1b73-4e28-a6e5-0a41a9a3ec34@group-BE3C88DC2A16-LeaderElection11] INFO  server.RaftServer$Division (RaftServerImpl.java:setRole(290)) - 0abaf1aa-1b73-4e28-a6e5-0a41a9a3ec34@group-BE3C88DC2A16: changes role from CANDIDATE to LEADER at term 1 for changeToLeader
2022-02-16 01:42:36,113 [0abaf1aa-1b73-4e28-a6e5-0a41a9a3ec34@group-BE3C88DC2A16-LeaderElection11] INFO  ratis.XceiverServerRatis (XceiverServerRatis.java:handleLeaderChangedNotification(867)) - Leader change notification received for group: group-BE3C88DC2A16 with new leaderId: 0abaf1aa-1b73-4e28-a6e5-0a41a9a3ec34
2022-02-16 01:42:36,113 [0abaf1aa-1b73-4e28-a6e5-0a41a9a3ec34@group-BE3C88DC2A16-LeaderElection11] INFO  server.RaftServer$Division (ServerState.java:setLeader(285)) - 0abaf1aa-1b73-4e28-a6e5-0a41a9a3ec34@group-BE3C88DC2A16: change Leader from null to 0abaf1aa-1b73-4e28-a6e5-0a41a9a3ec34 at term 1 for becomeLeader, leader elected after 5165ms
2022-02-16 01:42:36,113 [0abaf1aa-1b73-4e28-a6e5-0a41a9a3ec34@group-BE3C88DC2A16-LeaderElection11] INFO  server.RaftServerConfigKeys (ConfUtils.java:logGet(44)) - raft.server.staging.catchup.gap = 1000 (default)
2022-02-16 01:42:36,114 [0abaf1aa-1b73-4e28-a6e5-0a41a9a3ec34@group-BE3C88DC2A16-LeaderElection11] INFO  server.RaftServerConfigKeys (ConfUtils.java:logGet(44)) - raft.server.write.element-limit = 1024 (custom)
2022-02-16 01:42:36,114 [0abaf1aa-1b73-4e28-a6e5-0a41a9a3ec34@group-BE3C88DC2A16-LeaderElection11] INFO  server.RaftServerConfigKeys (ConfUtils.java:logGet(44)) - raft.server.write.byte-limit = 1024 M (=1073741824) (custom)
2022-02-16 01:42:36,114 [EventQueue-OpenPipelineForHealthyPipelineSafeModeRule] INFO  safemode.SCMSafeModeManager (HealthyPipelineSafeModeRule.java:process(124)) - SCM in safe mode. Healthy pipelines reported count is 0, required healthy pipeline reported count is 1
2022-02-16 01:42:36,116 [0abaf1aa-1b73-4e28-a6e5-0a41a9a3ec34@group-BE3C88DC2A16-LeaderElection11] INFO  server.RaftServerConfigKeys (ConfUtils.java:logGet(44)) - raft.server.watch.timeout = 3000ms (custom)
2022-02-16 01:42:36,116 [0abaf1aa-1b73-4e28-a6e5-0a41a9a3ec34@group-BE3C88DC2A16-LeaderElection11] INFO  server.RaftServerConfigKeys (ConfUtils.java:logGet(44)) - raft.server.watch.timeout.denomination = 1s (default)
2022-02-16 01:42:36,116 [0abaf1aa-1b73-4e28-a6e5-0a41a9a3ec34@group-BE3C88DC2A16-LeaderElection11] INFO  server.RaftServerConfigKeys (ConfUtils.java:logGet(44)) - raft.server.watch.element-limit = 65536 (default)
2022-02-16 01:42:36,116 [0abaf1aa-1b73-4e28-a6e5-0a41a9a3ec34@group-BE3C88DC2A16-LeaderElection11] INFO  server.RaftServerConfigKeys (ConfUtils.java:logGet(44)) - raft.server.write.element-limit = 1024 (custom)
2022-02-16 01:42:36,116 [0abaf1aa-1b73-4e28-a6e5-0a41a9a3ec34@group-BE3C88DC2A16-LeaderElection11] INFO  server.RaftServerConfigKeys (ConfUtils.java:logGet(44)) - raft.server.write.follower.gap.ratio.max = -1.0 (default)
2022-02-16 01:42:36,116 [0abaf1aa-1b73-4e28-a6e5-0a41a9a3ec34@group-BE3C88DC2A16-LeaderElection11] INFO  impl.RoleInfo (RoleInfo.java:updateAndGet(130)) - 0abaf1aa-1b73-4e28-a6e5-0a41a9a3ec34: start 0abaf1aa-1b73-4e28-a6e5-0a41a9a3ec34@group-BE3C88DC2A16-LeaderStateImpl
2022-02-16 01:42:36,116 [0abaf1aa-1b73-4e28-a6e5-0a41a9a3ec34@group-BE3C88DC2A16-LeaderElection11] INFO  segmented.SegmentedRaftLogWorker (SegmentedRaftLogWorker.java:startLogSegment(394)) - 0abaf1aa-1b73-4e28-a6e5-0a41a9a3ec34@group-BE3C88DC2A16-SegmentedRaftLogWorker: Starting segment from index:0
2022-02-16 01:42:36,123 [0abaf1aa-1b73-4e28-a6e5-0a41a9a3ec34@group-BE3C88DC2A16-LeaderElection11] INFO  server.RaftServer$Division (ServerState.java:setRaftConf(387)) - 0abaf1aa-1b73-4e28-a6e5-0a41a9a3ec34@group-BE3C88DC2A16: set configuration 0: [0abaf1aa-1b73-4e28-a6e5-0a41a9a3ec34|rpc:10.1.0.46:36601|dataStream:|priority:1], old=null
2022-02-16 01:42:36,123 [0abaf1aa-1b73-4e28-a6e5-0a41a9a3ec34@group-BE3C88DC2A16-SegmentedRaftLogWorker] INFO  segmented.SegmentedRaftLogWorker (SegmentedRaftLogWorker.java:execute(601)) - 0abaf1aa-1b73-4e28-a6e5-0a41a9a3ec34@group-BE3C88DC2A16-SegmentedRaftLogWorker: created new log segment /home/runner/work/ozone/ozone/hadoop-ozone/integration-test/target/test-dir/MiniOzoneClusterImpl-c31dc292-76fe-4ff2-ba7c-3deb75f75441/datanode-5/data/ratis/2b72fae5-6830-4940-9b5a-be3c88dc2a16/current/log_inprogress_0
2022-02-16 01:42:36,269 [a160d0e9-2905-4393-b4ab-3632e6d9b9e1@group-1F9862849013-FollowerState] INFO  impl.FollowerState (FollowerState.java:run(134)) - a160d0e9-2905-4393-b4ab-3632e6d9b9e1@group-1F9862849013-FollowerState: change to CANDIDATE, lastRpcElapsedTime:5061659445ns, electionTimeout:5056ms
2022-02-16 01:42:36,269 [a160d0e9-2905-4393-b4ab-3632e6d9b9e1@group-1F9862849013-FollowerState] INFO  impl.RoleInfo (RoleInfo.java:shutdownFollowerState(108)) - a160d0e9-2905-4393-b4ab-3632e6d9b9e1: shutdown a160d0e9-2905-4393-b4ab-3632e6d9b9e1@group-1F9862849013-FollowerState
2022-02-16 01:42:36,269 [a160d0e9-2905-4393-b4ab-3632e6d9b9e1@group-1F9862849013-FollowerState] INFO  server.RaftServer$Division (RaftServerImpl.java:setRole(290)) - a160d0e9-2905-4393-b4ab-3632e6d9b9e1@group-1F9862849013: changes role from  FOLLOWER to CANDIDATE at term 0 for changeToCandidate
2022-02-16 01:42:36,271 [a160d0e9-2905-4393-b4ab-3632e6d9b9e1@group-1F9862849013-FollowerState] INFO  server.RaftServerConfigKeys (ConfUtils.java:logGet(44)) - raft.server.leaderelection.pre-vote = false (custom)
2022-02-16 01:42:36,271 [a160d0e9-2905-4393-b4ab-3632e6d9b9e1@group-1F9862849013-FollowerState] INFO  impl.RoleInfo (RoleInfo.java:updateAndGet(130)) - a160d0e9-2905-4393-b4ab-3632e6d9b9e1: start a160d0e9-2905-4393-b4ab-3632e6d9b9e1@group-1F9862849013-LeaderElection12
2022-02-16 01:42:36,275 [a160d0e9-2905-4393-b4ab-3632e6d9b9e1@group-1F9862849013-LeaderElection12] INFO  impl.LeaderElection (LeaderElection.java:askForVotes(306)) - a160d0e9-2905-4393-b4ab-3632e6d9b9e1@group-1F9862849013-LeaderElection12 ELECTION round 0: submit vote requests at term 1 for -1: [81aedf04-38bc-4259-8f21-07d047f65c5c|rpc:10.1.0.46:43527|dataStream:|priority:0, a160d0e9-2905-4393-b4ab-3632e6d9b9e1|rpc:10.1.0.46:39495|dataStream:|priority:0, 003e5be4-9867-4f5a-83bb-9c943051b5bb|rpc:10.1.0.46:37171|dataStream:|priority:1], old=null
2022-02-16 01:42:36,289 [grpc-default-executor-2] INFO  server.RaftServer$Division (RaftServerImpl.java:requestVote(1046)) - 81aedf04-38bc-4259-8f21-07d047f65c5c@group-1F9862849013: receive requestVote(ELECTION, a160d0e9-2905-4393-b4ab-3632e6d9b9e1, group-1F9862849013, 1, (t:0, i:0))
2022-02-16 01:42:36,289 [grpc-default-executor-2] INFO  impl.VoteContext (VoteContext.java:log(48)) - 81aedf04-38bc-4259-8f21-07d047f65c5c@group-1F9862849013-FOLLOWER: accept ELECTION from a160d0e9-2905-4393-b4ab-3632e6d9b9e1: our priority 0 <= candidate's priority 0
2022-02-16 01:42:36,289 [grpc-default-executor-2] INFO  server.RaftServer$Division (RaftServerImpl.java:setRole(290)) - 81aedf04-38bc-4259-8f21-07d047f65c5c@group-1F9862849013: changes role from  FOLLOWER to FOLLOWER at term 1 for candidate:a160d0e9-2905-4393-b4ab-3632e6d9b9e1
2022-02-16 01:42:36,289 [grpc-default-executor-2] INFO  impl.RoleInfo (RoleInfo.java:shutdownFollowerState(108)) - 81aedf04-38bc-4259-8f21-07d047f65c5c: shutdown 81aedf04-38bc-4259-8f21-07d047f65c5c@group-1F9862849013-FollowerState
2022-02-16 01:42:36,289 [grpc-default-executor-2] INFO  impl.RoleInfo (RoleInfo.java:updateAndGet(130)) - 81aedf04-38bc-4259-8f21-07d047f65c5c: start 81aedf04-38bc-4259-8f21-07d047f65c5c@group-1F9862849013-FollowerState
2022-02-16 01:42:36,289 [81aedf04-38bc-4259-8f21-07d047f65c5c@group-1F9862849013-FollowerState] INFO  impl.FollowerState (FollowerState.java:run(143)) - 81aedf04-38bc-4259-8f21-07d047f65c5c@group-1F9862849013-FollowerState was interrupted: {}
java.lang.InterruptedException: sleep interrupted
	at java.lang.Thread.sleep(Native Method)
	at java.lang.Thread.sleep(Thread.java:340)
	at java.util.concurrent.TimeUnit.sleep(TimeUnit.java:386)
	at org.apache.ratis.util.TimeDuration.sleep(TimeDuration.java:324)
	at org.apache.ratis.util.TimeDuration.sleep(TimeDuration.java:309)
	at org.apache.ratis.server.impl.FollowerState.run(FollowerState.java:118)
2022-02-16 01:42:36,299 [003e5be4-9867-4f5a-83bb-9c943051b5bb@group-1F9862849013-FollowerState] INFO  impl.FollowerState (FollowerState.java:run(134)) - 003e5be4-9867-4f5a-83bb-9c943051b5bb@group-1F9862849013-FollowerState: change to CANDIDATE, lastRpcElapsedTime:5045745394ns, electionTimeout:5037ms
2022-02-16 01:42:36,299 [003e5be4-9867-4f5a-83bb-9c943051b5bb@group-1F9862849013-FollowerState] INFO  impl.RoleInfo (RoleInfo.java:shutdownFollowerState(108)) - 003e5be4-9867-4f5a-83bb-9c943051b5bb: shutdown 003e5be4-9867-4f5a-83bb-9c943051b5bb@group-1F9862849013-FollowerState
2022-02-16 01:42:36,299 [003e5be4-9867-4f5a-83bb-9c943051b5bb@group-1F9862849013-FollowerState] INFO  server.RaftServer$Division (RaftServerImpl.java:setRole(290)) - 003e5be4-9867-4f5a-83bb-9c943051b5bb@group-1F9862849013: changes role from  FOLLOWER to CANDIDATE at term 0 for changeToCandidate
2022-02-16 01:42:36,299 [003e5be4-9867-4f5a-83bb-9c943051b5bb@group-1F9862849013-FollowerState] INFO  server.RaftServerConfigKeys (ConfUtils.java:logGet(44)) - raft.server.leaderelection.pre-vote = false (custom)
2022-02-16 01:42:36,300 [003e5be4-9867-4f5a-83bb-9c943051b5bb@group-1F9862849013-FollowerState] INFO  impl.RoleInfo (RoleInfo.java:updateAndGet(130)) - 003e5be4-9867-4f5a-83bb-9c943051b5bb: start 003e5be4-9867-4f5a-83bb-9c943051b5bb@group-1F9862849013-LeaderElection13
2022-02-16 01:42:36,300 [grpc-default-executor-2] INFO  server.RaftServer$Division (RaftServerImpl.java:requestVote(1078)) - 81aedf04-38bc-4259-8f21-07d047f65c5c@group-1F9862849013 replies to ELECTION vote request: a160d0e9-2905-4393-b4ab-3632e6d9b9e1<-81aedf04-38bc-4259-8f21-07d047f65c5c#0:OK-t1. Peer's state: 81aedf04-38bc-4259-8f21-07d047f65c5c@group-1F9862849013:t1, leader=null, voted=a160d0e9-2905-4393-b4ab-3632e6d9b9e1, raftlog=81aedf04-38bc-4259-8f21-07d047f65c5c@group-1F9862849013-SegmentedRaftLog:OPENED:c-1, conf=-1: [81aedf04-38bc-4259-8f21-07d047f65c5c|rpc:10.1.0.46:43527|priority:0, a160d0e9-2905-4393-b4ab-3632e6d9b9e1|rpc:10.1.0.46:39495|priority:0, 003e5be4-9867-4f5a-83bb-9c943051b5bb|rpc:10.1.0.46:37171|priority:1], old=null
2022-02-16 01:42:36,304 [grpc-default-executor-2] INFO  server.RaftServer$Division (RaftServerImpl.java:requestVote(1046)) - 003e5be4-9867-4f5a-83bb-9c943051b5bb@group-1F9862849013: receive requestVote(ELECTION, a160d0e9-2905-4393-b4ab-3632e6d9b9e1, group-1F9862849013, 1, (t:0, i:0))
2022-02-16 01:42:36,307 [grpc-default-executor-2] INFO  impl.VoteContext (VoteContext.java:log(48)) - 003e5be4-9867-4f5a-83bb-9c943051b5bb@group-1F9862849013-CANDIDATE: reject ELECTION from a160d0e9-2905-4393-b4ab-3632e6d9b9e1: our priority 1 > candidate's priority 0
2022-02-16 01:42:36,307 [grpc-default-executor-2] INFO  server.RaftServer$Division (RaftServerImpl.java:setRole(290)) - 003e5be4-9867-4f5a-83bb-9c943051b5bb@group-1F9862849013: changes role from CANDIDATE to FOLLOWER at term 1 for candidate:a160d0e9-2905-4393-b4ab-3632e6d9b9e1
2022-02-16 01:42:36,307 [grpc-default-executor-2] INFO  impl.RoleInfo (RoleInfo.java:shutdownLeaderElection(121)) - 003e5be4-9867-4f5a-83bb-9c943051b5bb: shutdown 003e5be4-9867-4f5a-83bb-9c943051b5bb@group-1F9862849013-LeaderElection13
2022-02-16 01:42:36,307 [grpc-default-executor-2] INFO  impl.RoleInfo (RoleInfo.java:updateAndGet(130)) - 003e5be4-9867-4f5a-83bb-9c943051b5bb: start 003e5be4-9867-4f5a-83bb-9c943051b5bb@group-1F9862849013-FollowerState
2022-02-16 01:42:36,308 [grpc-default-executor-2] INFO  server.RaftServer$Division (RaftServerImpl.java:requestVote(1078)) - 003e5be4-9867-4f5a-83bb-9c943051b5bb@group-1F9862849013 replies to ELECTION vote request: a160d0e9-2905-4393-b4ab-3632e6d9b9e1<-003e5be4-9867-4f5a-83bb-9c943051b5bb#0:FAIL-t1. Peer's state: 003e5be4-9867-4f5a-83bb-9c943051b5bb@group-1F9862849013:t1, leader=null, voted=null, raftlog=003e5be4-9867-4f5a-83bb-9c943051b5bb@group-1F9862849013-SegmentedRaftLog:OPENED:c-1, conf=-1: [81aedf04-38bc-4259-8f21-07d047f65c5c|rpc:10.1.0.46:43527|dataStream:|priority:0, a160d0e9-2905-4393-b4ab-3632e6d9b9e1|rpc:10.1.0.46:39495|dataStream:|priority:0, 003e5be4-9867-4f5a-83bb-9c943051b5bb|rpc:10.1.0.46:37171|dataStream:|priority:1], old=null
2022-02-16 01:42:36,315 [a160d0e9-2905-4393-b4ab-3632e6d9b9e1@group-1F9862849013-LeaderElection12] INFO  impl.LeaderElection (LeaderElection.java:logAndReturn(89)) - a160d0e9-2905-4393-b4ab-3632e6d9b9e1@group-1F9862849013-LeaderElection12: ELECTION REJECTED received 2 response(s) and 0 exception(s):
2022-02-16 01:42:36,316 [a160d0e9-2905-4393-b4ab-3632e6d9b9e1@group-1F9862849013-LeaderElection12] INFO  impl.LeaderElection (LeaderElection.java:logAndReturn(93)) -   Response 0: a160d0e9-2905-4393-b4ab-3632e6d9b9e1<-81aedf04-38bc-4259-8f21-07d047f65c5c#0:OK-t1
2022-02-16 01:42:36,316 [a160d0e9-2905-4393-b4ab-3632e6d9b9e1@group-1F9862849013-LeaderElection12] INFO  impl.LeaderElection (LeaderElection.java:logAndReturn(93)) -   Response 1: a160d0e9-2905-4393-b4ab-3632e6d9b9e1<-003e5be4-9867-4f5a-83bb-9c943051b5bb#0:FAIL-t1
2022-02-16 01:42:36,316 [a160d0e9-2905-4393-b4ab-3632e6d9b9e1@group-1F9862849013-LeaderElection12] INFO  impl.LeaderElection (LeaderElection.java:askForVotes(308)) - a160d0e9-2905-4393-b4ab-3632e6d9b9e1@group-1F9862849013-LeaderElection12 ELECTION round 0: result REJECTED
2022-02-16 01:42:36,316 [a160d0e9-2905-4393-b4ab-3632e6d9b9e1@group-1F9862849013-LeaderElection12] INFO  server.RaftServer$Division (RaftServerImpl.java:setRole(290)) - a160d0e9-2905-4393-b4ab-3632e6d9b9e1@group-1F9862849013: changes role from CANDIDATE to FOLLOWER at term 1 for REJECTED
2022-02-16 01:42:36,316 [a160d0e9-2905-4393-b4ab-3632e6d9b9e1@group-1F9862849013-LeaderElection12] INFO  impl.RoleInfo (RoleInfo.java:shutdownLeaderElection(121)) - a160d0e9-2905-4393-b4ab-3632e6d9b9e1: shutdown a160d0e9-2905-4393-b4ab-3632e6d9b9e1@group-1F9862849013-LeaderElection12
2022-02-16 01:42:36,316 [a160d0e9-2905-4393-b4ab-3632e6d9b9e1@group-1F9862849013-LeaderElection12] INFO  impl.RoleInfo (RoleInfo.java:updateAndGet(130)) - a160d0e9-2905-4393-b4ab-3632e6d9b9e1: start a160d0e9-2905-4393-b4ab-3632e6d9b9e1@group-1F9862849013-FollowerState
2022-02-16 01:42:36,317 [81aedf04-38bc-4259-8f21-07d047f65c5c@group-E93265FD3A7F-FollowerState] INFO  impl.FollowerState (FollowerState.java:run(134)) - 81aedf04-38bc-4259-8f21-07d047f65c5c@group-E93265FD3A7F-FollowerState: change to CANDIDATE, lastRpcElapsedTime:5175768628ns, electionTimeout:5174ms
2022-02-16 01:42:36,325 [81aedf04-38bc-4259-8f21-07d047f65c5c@group-E93265FD3A7F-FollowerState] INFO  impl.RoleInfo (RoleInfo.java:shutdownFollowerState(108)) - 81aedf04-38bc-4259-8f21-07d047f65c5c: shutdown 81aedf04-38bc-4259-8f21-07d047f65c5c@group-E93265FD3A7F-FollowerState
2022-02-16 01:42:36,325 [81aedf04-38bc-4259-8f21-07d047f65c5c@group-E93265FD3A7F-FollowerState] INFO  server.RaftServer$Division (RaftServerImpl.java:setRole(290)) - 81aedf04-38bc-4259-8f21-07d047f65c5c@group-E93265FD3A7F: changes role from  FOLLOWER to CANDIDATE at term 0 for changeToCandidate
2022-02-16 01:42:36,325 [81aedf04-38bc-4259-8f21-07d047f65c5c@group-E93265FD3A7F-FollowerState] INFO  server.RaftServerConfigKeys (ConfUtils.java:logGet(44)) - raft.server.leaderelection.pre-vote = false (custom)
2022-02-16 01:42:36,326 [81aedf04-38bc-4259-8f21-07d047f65c5c@group-E93265FD3A7F-FollowerState] INFO  impl.RoleInfo (RoleInfo.java:updateAndGet(130)) - 81aedf04-38bc-4259-8f21-07d047f65c5c: start 81aedf04-38bc-4259-8f21-07d047f65c5c@group-E93265FD3A7F-LeaderElection14
2022-02-16 01:42:36,328 [a160d0e9-2905-4393-b4ab-3632e6d9b9e1@group-B4CBC1484743-FollowerState] INFO  impl.FollowerState (FollowerState.java:run(134)) - a160d0e9-2905-4393-b4ab-3632e6d9b9e1@group-B4CBC1484743-FollowerState: change to CANDIDATE, lastRpcElapsedTime:5004779205ns, electionTimeout:5004ms
2022-02-16 01:42:36,328 [a160d0e9-2905-4393-b4ab-3632e6d9b9e1@group-B4CBC1484743-FollowerState] INFO  impl.RoleInfo (RoleInfo.java:shutdownFollowerState(108)) - a160d0e9-2905-4393-b4ab-3632e6d9b9e1: shutdown a160d0e9-2905-4393-b4ab-3632e6d9b9e1@group-B4CBC1484743-FollowerState
2022-02-16 01:42:36,328 [a160d0e9-2905-4393-b4ab-3632e6d9b9e1@group-B4CBC1484743-FollowerState] INFO  server.RaftServer$Division (RaftServerImpl.java:setRole(290)) - a160d0e9-2905-4393-b4ab-3632e6d9b9e1@group-B4CBC1484743: changes role from  FOLLOWER to CANDIDATE at term 0 for changeToCandidate
2022-02-16 01:42:36,328 [a160d0e9-2905-4393-b4ab-3632e6d9b9e1@group-B4CBC1484743-FollowerState] INFO  server.RaftServerConfigKeys (ConfUtils.java:logGet(44)) - raft.server.leaderelection.pre-vote = false (custom)
2022-02-16 01:42:36,328 [a160d0e9-2905-4393-b4ab-3632e6d9b9e1@group-B4CBC1484743-FollowerState] INFO  impl.RoleInfo (RoleInfo.java:updateAndGet(130)) - a160d0e9-2905-4393-b4ab-3632e6d9b9e1: start a160d0e9-2905-4393-b4ab-3632e6d9b9e1@group-B4CBC1484743-LeaderElection15
2022-02-16 01:42:36,331 [81aedf04-38bc-4259-8f21-07d047f65c5c@group-E93265FD3A7F-LeaderElection14] INFO  impl.LeaderElection (LeaderElection.java:askForVotes(306)) - 81aedf04-38bc-4259-8f21-07d047f65c5c@group-E93265FD3A7F-LeaderElection14 ELECTION round 0: submit vote requests at term 1 for -1: [81aedf04-38bc-4259-8f21-07d047f65c5c|rpc:10.1.0.46:43527|priority:1], old=null
2022-02-16 01:42:36,331 [81aedf04-38bc-4259-8f21-07d047f65c5c@group-E93265FD3A7F-LeaderElection14] INFO  impl.LeaderElection (LeaderElection.java:askForVotes(308)) - 81aedf04-38bc-4259-8f21-07d047f65c5c@group-E93265FD3A7F-LeaderElection14 ELECTION round 0: result PASSED (term=1)
2022-02-16 01:42:36,331 [81aedf04-38bc-4259-8f21-07d047f65c5c@group-E93265FD3A7F-LeaderElection14] INFO  impl.RoleInfo (RoleInfo.java:shutdownLeaderElection(121)) - 81aedf04-38bc-4259-8f21-07d047f65c5c: shutdown 81aedf04-38bc-4259-8f21-07d047f65c5c@group-E93265FD3A7F-LeaderElection14
2022-02-16 01:42:36,331 [81aedf04-38bc-4259-8f21-07d047f65c5c@group-E93265FD3A7F-LeaderElection14] INFO  server.RaftServer$Division (RaftServerImpl.java:setRole(290)) - 81aedf04-38bc-4259-8f21-07d047f65c5c@group-E93265FD3A7F: changes role from CANDIDATE to LEADER at term 1 for changeToLeader
2022-02-16 01:42:36,331 [81aedf04-38bc-4259-8f21-07d047f65c5c@group-E93265FD3A7F-LeaderElection14] INFO  ratis.XceiverServerRatis (XceiverServerRatis.java:handleLeaderChangedNotification(867)) - Leader change notification received for group: group-E93265FD3A7F with new leaderId: 81aedf04-38bc-4259-8f21-07d047f65c5c
2022-02-16 01:42:36,332 [81aedf04-38bc-4259-8f21-07d047f65c5c@group-E93265FD3A7F-LeaderElection14] INFO  server.RaftServer$Division (ServerState.java:setLeader(285)) - 81aedf04-38bc-4259-8f21-07d047f65c5c@group-E93265FD3A7F: change Leader from null to 81aedf04-38bc-4259-8f21-07d047f65c5c at term 1 for becomeLeader, leader elected after 5204ms
2022-02-16 01:42:36,332 [81aedf04-38bc-4259-8f21-07d047f65c5c@group-E93265FD3A7F-LeaderElection14] INFO  server.RaftServerConfigKeys (ConfUtils.java:logGet(44)) - raft.server.staging.catchup.gap = 1000 (default)
2022-02-16 01:42:36,332 [81aedf04-38bc-4259-8f21-07d047f65c5c@group-E93265FD3A7F-LeaderElection14] INFO  server.RaftServerConfigKeys (ConfUtils.java:logGet(44)) - raft.server.write.element-limit = 1024 (custom)
2022-02-16 01:42:36,332 [81aedf04-38bc-4259-8f21-07d047f65c5c@group-E93265FD3A7F-LeaderElection14] INFO  server.RaftServerConfigKeys (ConfUtils.java:logGet(44)) - raft.server.write.byte-limit = 1024 M (=1073741824) (custom)
2022-02-16 01:42:36,333 [81aedf04-38bc-4259-8f21-07d047f65c5c@group-E93265FD3A7F-LeaderElection14] INFO  server.RaftServerConfigKeys (ConfUtils.java:logGet(44)) - raft.server.watch.timeout = 3000ms (custom)
2022-02-16 01:42:36,333 [EventQueue-OpenPipelineForHealthyPipelineSafeModeRule] INFO  safemode.SCMSafeModeManager (HealthyPipelineSafeModeRule.java:process(124)) - SCM in safe mode. Healthy pipelines reported count is 0, required healthy pipeline reported count is 1
2022-02-16 01:42:36,333 [81aedf04-38bc-4259-8f21-07d047f65c5c@group-E93265FD3A7F-LeaderElection14] INFO  server.RaftServerConfigKeys (ConfUtils.java:logGet(44)) - raft.server.watch.timeout.denomination = 1s (default)
2022-02-16 01:42:36,333 [81aedf04-38bc-4259-8f21-07d047f65c5c@group-E93265FD3A7F-LeaderElection14] INFO  server.RaftServerConfigKeys (ConfUtils.java:logGet(44)) - raft.server.watch.element-limit = 65536 (default)
2022-02-16 01:42:36,333 [81aedf04-38bc-4259-8f21-07d047f65c5c@group-E93265FD3A7F-LeaderElection14] INFO  server.RaftServerConfigKeys (ConfUtils.java:logGet(44)) - raft.server.write.element-limit = 1024 (custom)
2022-02-16 01:42:36,333 [81aedf04-38bc-4259-8f21-07d047f65c5c@group-E93265FD3A7F-LeaderElection14] INFO  server.RaftServerConfigKeys (ConfUtils.java:logGet(44)) - raft.server.write.follower.gap.ratio.max = -1.0 (default)
2022-02-16 01:42:36,333 [81aedf04-38bc-4259-8f21-07d047f65c5c@group-E93265FD3A7F-LeaderElection14] INFO  impl.RoleInfo (RoleInfo.java:updateAndGet(130)) - 81aedf04-38bc-4259-8f21-07d047f65c5c: start 81aedf04-38bc-4259-8f21-07d047f65c5c@group-E93265FD3A7F-LeaderStateImpl
2022-02-16 01:42:36,334 [81aedf04-38bc-4259-8f21-07d047f65c5c@group-E93265FD3A7F-LeaderElection14] INFO  segmented.SegmentedRaftLogWorker (SegmentedRaftLogWorker.java:startLogSegment(394)) - 81aedf04-38bc-4259-8f21-07d047f65c5c@group-E93265FD3A7F-SegmentedRaftLogWorker: Starting segment from index:0
2022-02-16 01:42:36,335 [81aedf04-38bc-4259-8f21-07d047f65c5c@group-E93265FD3A7F-SegmentedRaftLogWorker] INFO  segmented.SegmentedRaftLogWorker (SegmentedRaftLogWorker.java:execute(601)) - 81aedf04-38bc-4259-8f21-07d047f65c5c@group-E93265FD3A7F-SegmentedRaftLogWorker: created new log segment /home/runner/work/ozone/ozone/hadoop-ozone/integration-test/target/test-dir/MiniOzoneClusterImpl-c31dc292-76fe-4ff2-ba7c-3deb75f75441/datanode-6/data/ratis/9b233c29-1a5f-4785-a7a9-e93265fd3a7f/current/log_inprogress_0
2022-02-16 01:42:36,336 [81aedf04-38bc-4259-8f21-07d047f65c5c@group-E93265FD3A7F-LeaderElection14] INFO  server.RaftServer$Division (ServerState.java:setRaftConf(387)) - 81aedf04-38bc-4259-8f21-07d047f65c5c@group-E93265FD3A7F: set configuration 0: [81aedf04-38bc-4259-8f21-07d047f65c5c|rpc:10.1.0.46:43527|dataStream:|priority:1], old=null
2022-02-16 01:42:36,337 [a160d0e9-2905-4393-b4ab-3632e6d9b9e1@group-B4CBC1484743-LeaderElection15] INFO  impl.LeaderElection (LeaderElection.java:askForVotes(306)) - a160d0e9-2905-4393-b4ab-3632e6d9b9e1@group-B4CBC1484743-LeaderElection15 ELECTION round 0: submit vote requests at term 1 for -1: [a160d0e9-2905-4393-b4ab-3632e6d9b9e1|rpc:10.1.0.46:39495|priority:1], old=null
2022-02-16 01:42:36,337 [a160d0e9-2905-4393-b4ab-3632e6d9b9e1@group-B4CBC1484743-LeaderElection15] INFO  impl.LeaderElection (LeaderElection.java:askForVotes(308)) - a160d0e9-2905-4393-b4ab-3632e6d9b9e1@group-B4CBC1484743-LeaderElection15 ELECTION round 0: result PASSED (term=1)
2022-02-16 01:42:36,337 [a160d0e9-2905-4393-b4ab-3632e6d9b9e1@group-B4CBC1484743-LeaderElection15] INFO  impl.RoleInfo (RoleInfo.java:shutdownLeaderElection(121)) - a160d0e9-2905-4393-b4ab-3632e6d9b9e1: shutdown a160d0e9-2905-4393-b4ab-3632e6d9b9e1@group-B4CBC1484743-LeaderElection15
2022-02-16 01:42:36,337 [a160d0e9-2905-4393-b4ab-3632e6d9b9e1@group-B4CBC1484743-LeaderElection15] INFO  server.RaftServer$Division (RaftServerImpl.java:setRole(290)) - a160d0e9-2905-4393-b4ab-3632e6d9b9e1@group-B4CBC1484743: changes role from CANDIDATE to LEADER at term 1 for changeToLeader
2022-02-16 01:42:36,337 [a160d0e9-2905-4393-b4ab-3632e6d9b9e1@group-B4CBC1484743-LeaderElection15] INFO  ratis.XceiverServerRatis (XceiverServerRatis.java:handleLeaderChangedNotification(867)) - Leader change notification received for group: group-B4CBC1484743 with new leaderId: a160d0e9-2905-4393-b4ab-3632e6d9b9e1
2022-02-16 01:42:36,338 [a160d0e9-2905-4393-b4ab-3632e6d9b9e1@group-B4CBC1484743-LeaderElection15] INFO  server.RaftServer$Division (ServerState.java:setLeader(285)) - a160d0e9-2905-4393-b4ab-3632e6d9b9e1@group-B4CBC1484743: change Leader from null to a160d0e9-2905-4393-b4ab-3632e6d9b9e1 at term 1 for becomeLeader, leader elected after 5022ms
2022-02-16 01:42:36,338 [a160d0e9-2905-4393-b4ab-3632e6d9b9e1@group-B4CBC1484743-LeaderElection15] INFO  server.RaftServerConfigKeys (ConfUtils.java:logGet(44)) - raft.server.staging.catchup.gap = 1000 (default)
2022-02-16 01:42:36,338 [a160d0e9-2905-4393-b4ab-3632e6d9b9e1@group-B4CBC1484743-LeaderElection15] INFO  server.RaftServerConfigKeys (ConfUtils.java:logGet(44)) - raft.server.write.element-limit = 1024 (custom)
2022-02-16 01:42:36,338 [a160d0e9-2905-4393-b4ab-3632e6d9b9e1@group-B4CBC1484743-LeaderElection15] INFO  server.RaftServerConfigKeys (ConfUtils.java:logGet(44)) - raft.server.write.byte-limit = 1024 M (=1073741824) (custom)
2022-02-16 01:42:36,338 [a160d0e9-2905-4393-b4ab-3632e6d9b9e1@group-B4CBC1484743-LeaderElection15] INFO  server.RaftServerConfigKeys (ConfUtils.java:logGet(44)) - raft.server.watch.timeout = 3000ms (custom)
2022-02-16 01:42:36,338 [a160d0e9-2905-4393-b4ab-3632e6d9b9e1@group-B4CBC1484743-LeaderElection15] INFO  server.RaftServerConfigKeys (ConfUtils.java:logGet(44)) - raft.server.watch.timeout.denomination = 1s (default)
2022-02-16 01:42:36,338 [a160d0e9-2905-4393-b4ab-3632e6d9b9e1@group-B4CBC1484743-LeaderElection15] INFO  server.RaftServerConfigKeys (ConfUtils.java:logGet(44)) - raft.server.watch.element-limit = 65536 (default)
2022-02-16 01:42:36,338 [a160d0e9-2905-4393-b4ab-3632e6d9b9e1@group-B4CBC1484743-LeaderElection15] INFO  server.RaftServerConfigKeys (ConfUtils.java:logGet(44)) - raft.server.write.element-limit = 1024 (custom)
2022-02-16 01:42:36,338 [a160d0e9-2905-4393-b4ab-3632e6d9b9e1@group-B4CBC1484743-LeaderElection15] INFO  server.RaftServerConfigKeys (ConfUtils.java:logGet(44)) - raft.server.write.follower.gap.ratio.max = -1.0 (default)
2022-02-16 01:42:36,338 [a160d0e9-2905-4393-b4ab-3632e6d9b9e1@group-B4CBC1484743-LeaderElection15] INFO  impl.RoleInfo (RoleInfo.java:updateAndGet(130)) - a160d0e9-2905-4393-b4ab-3632e6d9b9e1: start a160d0e9-2905-4393-b4ab-3632e6d9b9e1@group-B4CBC1484743-LeaderStateImpl
2022-02-16 01:42:36,339 [a160d0e9-2905-4393-b4ab-3632e6d9b9e1@group-B4CBC1484743-LeaderElection15] INFO  segmented.SegmentedRaftLogWorker (SegmentedRaftLogWorker.java:startLogSegment(394)) - a160d0e9-2905-4393-b4ab-3632e6d9b9e1@group-B4CBC1484743-SegmentedRaftLogWorker: Starting segment from index:0
2022-02-16 01:42:36,340 [EventQueue-OpenPipelineForHealthyPipelineSafeModeRule] INFO  safemode.SCMSafeModeManager (HealthyPipelineSafeModeRule.java:process(124)) - SCM in safe mode. Healthy pipelines reported count is 0, required healthy pipeline reported count is 1
2022-02-16 01:42:36,341 [a160d0e9-2905-4393-b4ab-3632e6d9b9e1@group-B4CBC1484743-SegmentedRaftLogWorker] INFO  segmented.SegmentedRaftLogWorker (SegmentedRaftLogWorker.java:execute(601)) - a160d0e9-2905-4393-b4ab-3632e6d9b9e1@group-B4CBC1484743-SegmentedRaftLogWorker: created new log segment /home/runner/work/ozone/ozone/hadoop-ozone/integration-test/target/test-dir/MiniOzoneClusterImpl-c31dc292-76fe-4ff2-ba7c-3deb75f75441/datanode-7/data/ratis/0a17d63c-3ced-4f8e-a9a1-b4cbc1484743/current/log_inprogress_0
2022-02-16 01:42:36,341 [a160d0e9-2905-4393-b4ab-3632e6d9b9e1@group-B4CBC1484743-LeaderElection15] INFO  server.RaftServer$Division (ServerState.java:setRaftConf(387)) - a160d0e9-2905-4393-b4ab-3632e6d9b9e1@group-B4CBC1484743: set configuration 0: [a160d0e9-2905-4393-b4ab-3632e6d9b9e1|rpc:10.1.0.46:39495|dataStream:|priority:1], old=null
2022-02-16 01:42:36,458 [Listener at 127.0.0.1/33913] INFO  ozone.MiniOzoneClusterImpl (MiniOzoneClusterImpl.java:lambda$waitForClusterToBeReady$0(219)) - Nodes are ready. Got 9 of 9 DN Heartbeats.
2022-02-16 01:42:36,458 [Listener at 127.0.0.1/33913] INFO  ozone.MiniOzoneClusterImpl (MiniOzoneClusterImpl.java:lambda$waitForClusterToBeReady$0(222)) - Waiting for cluster to exit safe mode
2022-02-16 01:42:36,459 [Listener at 127.0.0.1/33913] INFO  ozone.MiniOzoneClusterImpl (MiniOzoneClusterImpl.java:lambda$waitForClusterToBeReady$0(224)) - SCM became leader
2022-02-16 01:42:36,579 [003e5be4-9867-4f5a-83bb-9c943051b5bb@group-3AE065BF0A88-FollowerState] INFO  impl.FollowerState (FollowerState.java:run(134)) - 003e5be4-9867-4f5a-83bb-9c943051b5bb@group-3AE065BF0A88-FollowerState: change to CANDIDATE, lastRpcElapsedTime:5107944282ns, electionTimeout:5097ms
2022-02-16 01:42:36,586 [003e5be4-9867-4f5a-83bb-9c943051b5bb@group-3AE065BF0A88-FollowerState] INFO  impl.RoleInfo (RoleInfo.java:shutdownFollowerState(108)) - 003e5be4-9867-4f5a-83bb-9c943051b5bb: shutdown 003e5be4-9867-4f5a-83bb-9c943051b5bb@group-3AE065BF0A88-FollowerState
2022-02-16 01:42:36,586 [003e5be4-9867-4f5a-83bb-9c943051b5bb@group-3AE065BF0A88-FollowerState] INFO  server.RaftServer$Division (RaftServerImpl.java:setRole(290)) - 003e5be4-9867-4f5a-83bb-9c943051b5bb@group-3AE065BF0A88: changes role from  FOLLOWER to CANDIDATE at term 0 for changeToCandidate
2022-02-16 01:42:36,586 [003e5be4-9867-4f5a-83bb-9c943051b5bb@group-3AE065BF0A88-FollowerState] INFO  server.RaftServerConfigKeys (ConfUtils.java:logGet(44)) - raft.server.leaderelection.pre-vote = false (custom)
2022-02-16 01:42:36,586 [003e5be4-9867-4f5a-83bb-9c943051b5bb@group-3AE065BF0A88-FollowerState] INFO  impl.RoleInfo (RoleInfo.java:updateAndGet(130)) - 003e5be4-9867-4f5a-83bb-9c943051b5bb: start 003e5be4-9867-4f5a-83bb-9c943051b5bb@group-3AE065BF0A88-LeaderElection16
2022-02-16 01:42:36,607 [003e5be4-9867-4f5a-83bb-9c943051b5bb@group-3AE065BF0A88-LeaderElection16] INFO  impl.LeaderElection (LeaderElection.java:askForVotes(306)) - 003e5be4-9867-4f5a-83bb-9c943051b5bb@group-3AE065BF0A88-LeaderElection16 ELECTION round 0: submit vote requests at term 1 for -1: [003e5be4-9867-4f5a-83bb-9c943051b5bb|rpc:10.1.0.46:37171|priority:1], old=null
2022-02-16 01:42:36,607 [003e5be4-9867-4f5a-83bb-9c943051b5bb@group-3AE065BF0A88-LeaderElection16] INFO  impl.LeaderElection (LeaderElection.java:askForVotes(308)) - 003e5be4-9867-4f5a-83bb-9c943051b5bb@group-3AE065BF0A88-LeaderElection16 ELECTION round 0: result PASSED (term=1)
2022-02-16 01:42:36,607 [003e5be4-9867-4f5a-83bb-9c943051b5bb@group-3AE065BF0A88-LeaderElection16] INFO  impl.RoleInfo (RoleInfo.java:shutdownLeaderElection(121)) - 003e5be4-9867-4f5a-83bb-9c943051b5bb: shutdown 003e5be4-9867-4f5a-83bb-9c943051b5bb@group-3AE065BF0A88-LeaderElection16
2022-02-16 01:42:36,607 [003e5be4-9867-4f5a-83bb-9c943051b5bb@group-3AE065BF0A88-LeaderElection16] INFO  server.RaftServer$Division (RaftServerImpl.java:setRole(290)) - 003e5be4-9867-4f5a-83bb-9c943051b5bb@group-3AE065BF0A88: changes role from CANDIDATE to LEADER at term 1 for changeToLeader
2022-02-16 01:42:36,607 [003e5be4-9867-4f5a-83bb-9c943051b5bb@group-3AE065BF0A88-LeaderElection16] INFO  ratis.XceiverServerRatis (XceiverServerRatis.java:handleLeaderChangedNotification(867)) - Leader change notification received for group: group-3AE065BF0A88 with new leaderId: 003e5be4-9867-4f5a-83bb-9c943051b5bb
2022-02-16 01:42:36,607 [003e5be4-9867-4f5a-83bb-9c943051b5bb@group-3AE065BF0A88-LeaderElection16] INFO  server.RaftServer$Division (ServerState.java:setLeader(285)) - 003e5be4-9867-4f5a-83bb-9c943051b5bb@group-3AE065BF0A88: change Leader from null to 003e5be4-9867-4f5a-83bb-9c943051b5bb at term 1 for becomeLeader, leader elected after 5150ms
2022-02-16 01:42:36,607 [003e5be4-9867-4f5a-83bb-9c943051b5bb@group-3AE065BF0A88-LeaderElection16] INFO  server.RaftServerConfigKeys (ConfUtils.java:logGet(44)) - raft.server.staging.catchup.gap = 1000 (default)
2022-02-16 01:42:36,608 [003e5be4-9867-4f5a-83bb-9c943051b5bb@group-3AE065BF0A88-LeaderElection16] INFO  server.RaftServerConfigKeys (ConfUtils.java:logGet(44)) - raft.server.write.element-limit = 1024 (custom)
2022-02-16 01:42:36,608 [003e5be4-9867-4f5a-83bb-9c943051b5bb@group-3AE065BF0A88-LeaderElection16] INFO  server.RaftServerConfigKeys (ConfUtils.java:logGet(44)) - raft.server.write.byte-limit = 1024 M (=1073741824) (custom)
2022-02-16 01:42:36,608 [003e5be4-9867-4f5a-83bb-9c943051b5bb@group-3AE065BF0A88-LeaderElection16] INFO  server.RaftServerConfigKeys (ConfUtils.java:logGet(44)) - raft.server.watch.timeout = 3000ms (custom)
2022-02-16 01:42:36,608 [003e5be4-9867-4f5a-83bb-9c943051b5bb@group-3AE065BF0A88-LeaderElection16] INFO  server.RaftServerConfigKeys (ConfUtils.java:logGet(44)) - raft.server.watch.timeout.denomination = 1s (default)
2022-02-16 01:42:36,608 [003e5be4-9867-4f5a-83bb-9c943051b5bb@group-3AE065BF0A88-LeaderElection16] INFO  server.RaftServerConfigKeys (ConfUtils.java:logGet(44)) - raft.server.watch.element-limit = 65536 (default)
2022-02-16 01:42:36,609 [EventQueue-OpenPipelineForHealthyPipelineSafeModeRule] INFO  safemode.SCMSafeModeManager (HealthyPipelineSafeModeRule.java:process(124)) - SCM in safe mode. Healthy pipelines reported count is 0, required healthy pipeline reported count is 1
2022-02-16 01:42:36,609 [003e5be4-9867-4f5a-83bb-9c943051b5bb@group-3AE065BF0A88-LeaderElection16] INFO  server.RaftServerConfigKeys (ConfUtils.java:logGet(44)) - raft.server.write.element-limit = 1024 (custom)
2022-02-16 01:42:36,609 [003e5be4-9867-4f5a-83bb-9c943051b5bb@group-3AE065BF0A88-LeaderElection16] INFO  server.RaftServerConfigKeys (ConfUtils.java:logGet(44)) - raft.server.write.follower.gap.ratio.max = -1.0 (default)
2022-02-16 01:42:36,609 [003e5be4-9867-4f5a-83bb-9c943051b5bb@group-3AE065BF0A88-LeaderElection16] INFO  impl.RoleInfo (RoleInfo.java:updateAndGet(130)) - 003e5be4-9867-4f5a-83bb-9c943051b5bb: start 003e5be4-9867-4f5a-83bb-9c943051b5bb@group-3AE065BF0A88-LeaderStateImpl
2022-02-16 01:42:36,609 [003e5be4-9867-4f5a-83bb-9c943051b5bb@group-3AE065BF0A88-LeaderElection16] INFO  segmented.SegmentedRaftLogWorker (SegmentedRaftLogWorker.java:startLogSegment(394)) - 003e5be4-9867-4f5a-83bb-9c943051b5bb@group-3AE065BF0A88-SegmentedRaftLogWorker: Starting segment from index:0
2022-02-16 01:42:36,611 [003e5be4-9867-4f5a-83bb-9c943051b5bb@group-3AE065BF0A88-SegmentedRaftLogWorker] INFO  segmented.SegmentedRaftLogWorker (SegmentedRaftLogWorker.java:execute(601)) - 003e5be4-9867-4f5a-83bb-9c943051b5bb@group-3AE065BF0A88-SegmentedRaftLogWorker: created new log segment /home/runner/work/ozone/ozone/hadoop-ozone/integration-test/target/test-dir/MiniOzoneClusterImpl-c31dc292-76fe-4ff2-ba7c-3deb75f75441/datanode-8/data/ratis/c6456f98-7815-464e-9a3d-3ae065bf0a88/current/log_inprogress_0
2022-02-16 01:42:36,619 [003e5be4-9867-4f5a-83bb-9c943051b5bb@group-3AE065BF0A88-LeaderElection16] INFO  server.RaftServer$Division (ServerState.java:setRaftConf(387)) - 003e5be4-9867-4f5a-83bb-9c943051b5bb@group-3AE065BF0A88: set configuration 0: [003e5be4-9867-4f5a-83bb-9c943051b5bb|rpc:10.1.0.46:37171|dataStream:|priority:1], old=null
2022-02-16 01:42:37,459 [Listener at 127.0.0.1/33913] INFO  ozone.MiniOzoneClusterImpl (MiniOzoneClusterImpl.java:lambda$waitForClusterToBeReady$0(219)) - Nodes are ready. Got 9 of 9 DN Heartbeats.
2022-02-16 01:42:37,459 [Listener at 127.0.0.1/33913] INFO  ozone.MiniOzoneClusterImpl (MiniOzoneClusterImpl.java:lambda$waitForClusterToBeReady$0(222)) - Waiting for cluster to exit safe mode
2022-02-16 01:42:37,459 [Listener at 127.0.0.1/33913] INFO  ozone.MiniOzoneClusterImpl (MiniOzoneClusterImpl.java:lambda$waitForClusterToBeReady$0(224)) - SCM became leader
2022-02-16 01:42:38,460 [Listener at 127.0.0.1/33913] INFO  ozone.MiniOzoneClusterImpl (MiniOzoneClusterImpl.java:lambda$waitForClusterToBeReady$0(219)) - Nodes are ready. Got 9 of 9 DN Heartbeats.
2022-02-16 01:42:38,460 [Listener at 127.0.0.1/33913] INFO  ozone.MiniOzoneClusterImpl (MiniOzoneClusterImpl.java:lambda$waitForClusterToBeReady$0(222)) - Waiting for cluster to exit safe mode
2022-02-16 01:42:38,460 [Listener at 127.0.0.1/33913] INFO  ozone.MiniOzoneClusterImpl (MiniOzoneClusterImpl.java:lambda$waitForClusterToBeReady$0(224)) - SCM became leader
2022-02-16 01:42:39,460 [Listener at 127.0.0.1/33913] INFO  ozone.MiniOzoneClusterImpl (MiniOzoneClusterImpl.java:lambda$waitForClusterToBeReady$0(219)) - Nodes are ready. Got 9 of 9 DN Heartbeats.
2022-02-16 01:42:39,461 [Listener at 127.0.0.1/33913] INFO  ozone.MiniOzoneClusterImpl (MiniOzoneClusterImpl.java:lambda$waitForClusterToBeReady$0(222)) - Waiting for cluster to exit safe mode
2022-02-16 01:42:39,461 [Listener at 127.0.0.1/33913] INFO  ozone.MiniOzoneClusterImpl (MiniOzoneClusterImpl.java:lambda$waitForClusterToBeReady$0(224)) - SCM became leader
2022-02-16 01:42:40,184 [b5efad6c-21e2-4d99-b376-b80a2810f054@group-ECB279BAF00E-FollowerState] INFO  impl.FollowerState (FollowerState.java:run(134)) - b5efad6c-21e2-4d99-b376-b80a2810f054@group-ECB279BAF00E-FollowerState: change to CANDIDATE, lastRpcElapsedTime:5045306056ns, electionTimeout:5041ms
2022-02-16 01:42:40,184 [b5efad6c-21e2-4d99-b376-b80a2810f054@group-ECB279BAF00E-FollowerState] INFO  impl.RoleInfo (RoleInfo.java:shutdownFollowerState(108)) - b5efad6c-21e2-4d99-b376-b80a2810f054: shutdown b5efad6c-21e2-4d99-b376-b80a2810f054@group-ECB279BAF00E-FollowerState
2022-02-16 01:42:40,184 [b5efad6c-21e2-4d99-b376-b80a2810f054@group-ECB279BAF00E-FollowerState] INFO  server.RaftServer$Division (RaftServerImpl.java:setRole(290)) - b5efad6c-21e2-4d99-b376-b80a2810f054@group-ECB279BAF00E: changes role from  FOLLOWER to CANDIDATE at term 1 for changeToCandidate
2022-02-16 01:42:40,184 [b5efad6c-21e2-4d99-b376-b80a2810f054@group-ECB279BAF00E-FollowerState] INFO  server.RaftServerConfigKeys (ConfUtils.java:logGet(44)) - raft.server.leaderelection.pre-vote = false (custom)
2022-02-16 01:42:40,184 [b5efad6c-21e2-4d99-b376-b80a2810f054@group-ECB279BAF00E-FollowerState] INFO  impl.RoleInfo (RoleInfo.java:updateAndGet(130)) - b5efad6c-21e2-4d99-b376-b80a2810f054: start b5efad6c-21e2-4d99-b376-b80a2810f054@group-ECB279BAF00E-LeaderElection17
2022-02-16 01:42:40,186 [b5efad6c-21e2-4d99-b376-b80a2810f054@group-ECB279BAF00E-LeaderElection17] INFO  impl.LeaderElection (LeaderElection.java:askForVotes(306)) - b5efad6c-21e2-4d99-b376-b80a2810f054@group-ECB279BAF00E-LeaderElection17 ELECTION round 0: submit vote requests at term 2 for -1: [b5efad6c-21e2-4d99-b376-b80a2810f054|rpc:10.1.0.46:39795|priority:1, 2f6f166e-3639-444f-87d9-77f80c10b379|rpc:10.1.0.46:41167|priority:0, 7f4e46f4-a6a5-4e91-9d7c-c7c9d4b9ec17|rpc:10.1.0.46:38997|priority:0], old=null
2022-02-16 01:42:40,200 [grpc-default-executor-2] INFO  server.RaftServer$Division (RaftServerImpl.java:requestVote(1046)) - 2f6f166e-3639-444f-87d9-77f80c10b379@group-ECB279BAF00E: receive requestVote(ELECTION, b5efad6c-21e2-4d99-b376-b80a2810f054, group-ECB279BAF00E, 2, (t:0, i:0))
2022-02-16 01:42:40,200 [grpc-default-executor-2] INFO  impl.VoteContext (VoteContext.java:log(48)) - 2f6f166e-3639-444f-87d9-77f80c10b379@group-ECB279BAF00E-FOLLOWER: accept ELECTION from b5efad6c-21e2-4d99-b376-b80a2810f054: our priority 0 <= candidate's priority 1
2022-02-16 01:42:40,200 [grpc-default-executor-2] INFO  server.RaftServer$Division (RaftServerImpl.java:setRole(290)) - 2f6f166e-3639-444f-87d9-77f80c10b379@group-ECB279BAF00E: changes role from  FOLLOWER to FOLLOWER at term 2 for candidate:b5efad6c-21e2-4d99-b376-b80a2810f054
2022-02-16 01:42:40,200 [grpc-default-executor-2] INFO  impl.RoleInfo (RoleInfo.java:shutdownFollowerState(108)) - 2f6f166e-3639-444f-87d9-77f80c10b379: shutdown 2f6f166e-3639-444f-87d9-77f80c10b379@group-ECB279BAF00E-FollowerState
2022-02-16 01:42:40,200 [grpc-default-executor-2] INFO  impl.RoleInfo (RoleInfo.java:updateAndGet(130)) - 2f6f166e-3639-444f-87d9-77f80c10b379: start 2f6f166e-3639-444f-87d9-77f80c10b379@group-ECB279BAF00E-FollowerState
2022-02-16 01:42:40,201 [2f6f166e-3639-444f-87d9-77f80c10b379@group-ECB279BAF00E-FollowerState] INFO  impl.FollowerState (FollowerState.java:run(143)) - 2f6f166e-3639-444f-87d9-77f80c10b379@group-ECB279BAF00E-FollowerState was interrupted: {}
java.lang.InterruptedException: sleep interrupted
	at java.lang.Thread.sleep(Native Method)
	at java.lang.Thread.sleep(Thread.java:340)
	at java.util.concurrent.TimeUnit.sleep(TimeUnit.java:386)
	at org.apache.ratis.util.TimeDuration.sleep(TimeDuration.java:324)
	at org.apache.ratis.util.TimeDuration.sleep(TimeDuration.java:309)
	at org.apache.ratis.server.impl.FollowerState.run(FollowerState.java:118)
2022-02-16 01:42:40,204 [grpc-default-executor-1] INFO  server.RaftServer$Division (RaftServerImpl.java:requestVote(1046)) - 7f4e46f4-a6a5-4e91-9d7c-c7c9d4b9ec17@group-ECB279BAF00E: receive requestVote(ELECTION, b5efad6c-21e2-4d99-b376-b80a2810f054, group-ECB279BAF00E, 2, (t:0, i:0))
2022-02-16 01:42:40,204 [grpc-default-executor-1] INFO  impl.VoteContext (VoteContext.java:log(48)) - 7f4e46f4-a6a5-4e91-9d7c-c7c9d4b9ec17@group-ECB279BAF00E-FOLLOWER: accept ELECTION from b5efad6c-21e2-4d99-b376-b80a2810f054: our priority 0 <= candidate's priority 1
2022-02-16 01:42:40,204 [grpc-default-executor-2] INFO  server.RaftServer$Division (RaftServerImpl.java:requestVote(1078)) - 2f6f166e-3639-444f-87d9-77f80c10b379@group-ECB279BAF00E replies to ELECTION vote request: b5efad6c-21e2-4d99-b376-b80a2810f054<-2f6f166e-3639-444f-87d9-77f80c10b379#0:OK-t2. Peer's state: 2f6f166e-3639-444f-87d9-77f80c10b379@group-ECB279BAF00E:t2, leader=null, voted=b5efad6c-21e2-4d99-b376-b80a2810f054, raftlog=2f6f166e-3639-444f-87d9-77f80c10b379@group-ECB279BAF00E-SegmentedRaftLog:OPENED:c-1, conf=-1: [b5efad6c-21e2-4d99-b376-b80a2810f054|rpc:10.1.0.46:39795|priority:1, 2f6f166e-3639-444f-87d9-77f80c10b379|rpc:10.1.0.46:41167|priority:0, 7f4e46f4-a6a5-4e91-9d7c-c7c9d4b9ec17|rpc:10.1.0.46:38997|priority:0], old=null
2022-02-16 01:42:40,204 [grpc-default-executor-1] INFO  server.RaftServer$Division (RaftServerImpl.java:setRole(290)) - 7f4e46f4-a6a5-4e91-9d7c-c7c9d4b9ec17@group-ECB279BAF00E: changes role from  FOLLOWER to FOLLOWER at term 2 for candidate:b5efad6c-21e2-4d99-b376-b80a2810f054
2022-02-16 01:42:40,204 [grpc-default-executor-1] INFO  impl.RoleInfo (RoleInfo.java:shutdownFollowerState(108)) - 7f4e46f4-a6a5-4e91-9d7c-c7c9d4b9ec17: shutdown 7f4e46f4-a6a5-4e91-9d7c-c7c9d4b9ec17@group-ECB279BAF00E-FollowerState
2022-02-16 01:42:40,204 [grpc-default-executor-1] INFO  impl.RoleInfo (RoleInfo.java:updateAndGet(130)) - 7f4e46f4-a6a5-4e91-9d7c-c7c9d4b9ec17: start 7f4e46f4-a6a5-4e91-9d7c-c7c9d4b9ec17@group-ECB279BAF00E-FollowerState
2022-02-16 01:42:40,204 [7f4e46f4-a6a5-4e91-9d7c-c7c9d4b9ec17@group-ECB279BAF00E-FollowerState] INFO  impl.FollowerState (FollowerState.java:run(143)) - 7f4e46f4-a6a5-4e91-9d7c-c7c9d4b9ec17@group-ECB279BAF00E-FollowerState was interrupted: {}
java.lang.InterruptedException: sleep interrupted
	at java.lang.Thread.sleep(Native Method)
	at java.lang.Thread.sleep(Thread.java:340)
	at java.util.concurrent.TimeUnit.sleep(TimeUnit.java:386)
	at org.apache.ratis.util.TimeDuration.sleep(TimeDuration.java:324)
	at org.apache.ratis.util.TimeDuration.sleep(TimeDuration.java:309)
	at org.apache.ratis.server.impl.FollowerState.run(FollowerState.java:118)
2022-02-16 01:42:40,210 [grpc-default-executor-1] INFO  server.RaftServer$Division (RaftServerImpl.java:requestVote(1078)) - 7f4e46f4-a6a5-4e91-9d7c-c7c9d4b9ec17@group-ECB279BAF00E replies to ELECTION vote request: b5efad6c-21e2-4d99-b376-b80a2810f054<-7f4e46f4-a6a5-4e91-9d7c-c7c9d4b9ec17#0:OK-t2. Peer's state: 7f4e46f4-a6a5-4e91-9d7c-c7c9d4b9ec17@group-ECB279BAF00E:t2, leader=null, voted=b5efad6c-21e2-4d99-b376-b80a2810f054, raftlog=7f4e46f4-a6a5-4e91-9d7c-c7c9d4b9ec17@group-ECB279BAF00E-SegmentedRaftLog:OPENED:c-1, conf=-1: [b5efad6c-21e2-4d99-b376-b80a2810f054|rpc:10.1.0.46:39795|priority:1, 2f6f166e-3639-444f-87d9-77f80c10b379|rpc:10.1.0.46:41167|priority:0, 7f4e46f4-a6a5-4e91-9d7c-c7c9d4b9ec17|rpc:10.1.0.46:38997|priority:0], old=null
2022-02-16 01:42:40,212 [b5efad6c-21e2-4d99-b376-b80a2810f054@group-ECB279BAF00E-LeaderElection17] INFO  impl.LeaderElection (LeaderElection.java:logAndReturn(89)) - b5efad6c-21e2-4d99-b376-b80a2810f054@group-ECB279BAF00E-LeaderElection17: ELECTION PASSED received 1 response(s) and 0 exception(s):
2022-02-16 01:42:40,212 [b5efad6c-21e2-4d99-b376-b80a2810f054@group-ECB279BAF00E-LeaderElection17] INFO  impl.LeaderElection (LeaderElection.java:logAndReturn(93)) -   Response 0: b5efad6c-21e2-4d99-b376-b80a2810f054<-2f6f166e-3639-444f-87d9-77f80c10b379#0:OK-t2
2022-02-16 01:42:40,212 [b5efad6c-21e2-4d99-b376-b80a2810f054@group-ECB279BAF00E-LeaderElection17] INFO  impl.LeaderElection (LeaderElection.java:askForVotes(308)) - b5efad6c-21e2-4d99-b376-b80a2810f054@group-ECB279BAF00E-LeaderElection17 ELECTION round 0: result PASSED
2022-02-16 01:42:40,212 [b5efad6c-21e2-4d99-b376-b80a2810f054@group-ECB279BAF00E-LeaderElection17] INFO  impl.RoleInfo (RoleInfo.java:shutdownLeaderElection(121)) - b5efad6c-21e2-4d99-b376-b80a2810f054: shutdown b5efad6c-21e2-4d99-b376-b80a2810f054@group-ECB279BAF00E-LeaderElection17
2022-02-16 01:42:40,212 [b5efad6c-21e2-4d99-b376-b80a2810f054@group-ECB279BAF00E-LeaderElection17] INFO  server.RaftServer$Division (RaftServerImpl.java:setRole(290)) - b5efad6c-21e2-4d99-b376-b80a2810f054@group-ECB279BAF00E: changes role from CANDIDATE to LEADER at term 2 for changeToLeader
2022-02-16 01:42:40,212 [b5efad6c-21e2-4d99-b376-b80a2810f054@group-ECB279BAF00E-LeaderElection17] INFO  ratis.XceiverServerRatis (XceiverServerRatis.java:handleLeaderChangedNotification(867)) - Leader change notification received for group: group-ECB279BAF00E with new leaderId: b5efad6c-21e2-4d99-b376-b80a2810f054
2022-02-16 01:42:40,213 [b5efad6c-21e2-4d99-b376-b80a2810f054@group-ECB279BAF00E-LeaderElection17] INFO  server.RaftServer$Division (ServerState.java:setLeader(285)) - b5efad6c-21e2-4d99-b376-b80a2810f054@group-ECB279BAF00E: change Leader from null to b5efad6c-21e2-4d99-b376-b80a2810f054 at term 2 for becomeLeader, leader elected after 9792ms
2022-02-16 01:42:40,213 [b5efad6c-21e2-4d99-b376-b80a2810f054@group-ECB279BAF00E-LeaderElection17] INFO  server.RaftServerConfigKeys (ConfUtils.java:logGet(44)) - raft.server.staging.catchup.gap = 1000 (default)
2022-02-16 01:42:40,213 [b5efad6c-21e2-4d99-b376-b80a2810f054@group-ECB279BAF00E-LeaderElection17] INFO  server.RaftServerConfigKeys (ConfUtils.java:logGet(44)) - raft.server.write.element-limit = 1024 (custom)
2022-02-16 01:42:40,213 [b5efad6c-21e2-4d99-b376-b80a2810f054@group-ECB279BAF00E-LeaderElection17] INFO  server.RaftServerConfigKeys (ConfUtils.java:logGet(44)) - raft.server.write.byte-limit = 1024 M (=1073741824) (custom)
2022-02-16 01:42:40,213 [b5efad6c-21e2-4d99-b376-b80a2810f054@group-ECB279BAF00E-LeaderElection17] INFO  server.RaftServerConfigKeys (ConfUtils.java:logGet(44)) - raft.server.watch.timeout = 3000ms (custom)
2022-02-16 01:42:40,213 [b5efad6c-21e2-4d99-b376-b80a2810f054@group-ECB279BAF00E-LeaderElection17] INFO  server.RaftServerConfigKeys (ConfUtils.java:logGet(44)) - raft.server.watch.timeout.denomination = 1s (default)
2022-02-16 01:42:40,214 [b5efad6c-21e2-4d99-b376-b80a2810f054@group-ECB279BAF00E-LeaderElection17] INFO  server.RaftServerConfigKeys (ConfUtils.java:logGet(44)) - raft.server.watch.element-limit = 65536 (default)
2022-02-16 01:42:40,214 [b5efad6c-21e2-4d99-b376-b80a2810f054@group-ECB279BAF00E-LeaderElection17] INFO  server.RaftServerConfigKeys (ConfUtils.java:logGet(44)) - raft.server.write.element-limit = 1024 (custom)
2022-02-16 01:42:40,214 [b5efad6c-21e2-4d99-b376-b80a2810f054@group-ECB279BAF00E-LeaderElection17] INFO  server.RaftServerConfigKeys (ConfUtils.java:logGet(44)) - raft.server.write.follower.gap.ratio.max = -1.0 (default)
2022-02-16 01:42:40,219 [EventQueue-PipelineReportForPipelineReportHandler] INFO  pipeline.PipelineManagerImpl (PipelineManagerImpl.java:openPipeline(291)) - Pipeline Pipeline[ Id: 9892d6ea-815e-4be0-abff-ecb279baf00e, Nodes: b5efad6c-21e2-4d99-b376-b80a2810f054{ip: 10.1.0.46, host: fv-az184-768.3ow45vhwbzuu5incsxmygykede.cx.internal.cloudapp.net, ports: [REPLICATION=36147, RATIS=39795, RATIS_ADMIN=39795, RATIS_SERVER=39795, STANDALONE=38231], networkLocation: /default-rack, certSerialId: null, persistedOpState: IN_SERVICE, persistedOpStateExpiryEpochSec: 0}7f4e46f4-a6a5-4e91-9d7c-c7c9d4b9ec17{ip: 10.1.0.46, host: fv-az184-768.3ow45vhwbzuu5incsxmygykede.cx.internal.cloudapp.net, ports: [REPLICATION=42017, RATIS=38997, RATIS_ADMIN=38997, RATIS_SERVER=38997, STANDALONE=39207], networkLocation: /default-rack, certSerialId: null, persistedOpState: IN_SERVICE, persistedOpStateExpiryEpochSec: 0}2f6f166e-3639-444f-87d9-77f80c10b379{ip: 10.1.0.46, host: fv-az184-768.3ow45vhwbzuu5incsxmygykede.cx.internal.cloudapp.net, ports: [REPLICATION=33779, RATIS=41167, RATIS_ADMIN=41167, RATIS_SERVER=41167, STANDALONE=33451], networkLocation: /default-rack, certSerialId: null, persistedOpState: IN_SERVICE, persistedOpStateExpiryEpochSec: 0}, ReplicationConfig: RATIS/THREE, State:ALLOCATED, leaderId:b5efad6c-21e2-4d99-b376-b80a2810f054, CreationTimestamp2022-02-16T01:42:27.342Z[Etc/UTC]] moved to OPEN state
2022-02-16 01:42:40,220 [EventQueue-OpenPipelineForHealthyPipelineSafeModeRule] INFO  safemode.SCMSafeModeManager (HealthyPipelineSafeModeRule.java:process(124)) - SCM in safe mode. Healthy pipelines reported count is 0, required healthy pipeline reported count is 1
2022-02-16 01:42:40,223 [a1539ca7-d2c9-46ac-93a4-114c16d1b05c@group-3DEB75F75441-StateMachineUpdater] INFO  safemode.HealthyPipelineSafeModeRule (HealthyPipelineSafeModeRule.java:initializeRule(152)) - Refreshed total pipeline count is 1, healthy pipeline threshold count is 1
2022-02-16 01:42:40,225 [EventQueue-OpenPipelineForHealthyPipelineSafeModeRule] INFO  safemode.SCMSafeModeManager (HealthyPipelineSafeModeRule.java:process(124)) - SCM in safe mode. Healthy pipelines reported count is 1, required healthy pipeline reported count is 1
2022-02-16 01:42:40,225 [EventQueue-OpenPipelineForHealthyPipelineSafeModeRule] INFO  safemode.SCMSafeModeManager (SCMSafeModeManager.java:validateSafeModeExitRules(204)) - HealthyPipelineSafeModeRule rule is successfully validated
2022-02-16 01:42:40,225 [EventQueue-OpenPipelineForHealthyPipelineSafeModeRule] INFO  safemode.SCMSafeModeManager (SCMSafeModeManager.java:validateSafeModeExitRules(219)) - ScmSafeModeManager, all rules are successfully validated
2022-02-16 01:42:40,225 [EventQueue-OpenPipelineForHealthyPipelineSafeModeRule] INFO  safemode.SCMSafeModeManager (SCMSafeModeManager.java:exitSafeMode(248)) - SCM exiting safe mode.
2022-02-16 01:42:40,223 [b5efad6c-21e2-4d99-b376-b80a2810f054@group-ECB279BAF00E-LeaderElection17] INFO  server.RaftServerConfigKeys (ConfUtils.java:logGet(44)) - raft.server.log.appender.snapshot.chunk.size.max = 16MB (=16777216) (default)
2022-02-16 01:42:40,225 [EventQueue-OpenPipelineForHealthyPipelineSafeModeRule] WARN  events.EventQueue (EventQueue.java:fireEvent(194)) - No event handler registered for event TypedEvent{payloadType=SafeModeStatus, name='Safe mode status'}
2022-02-16 01:42:40,226 [EventQueue-OpenPipelineForHealthyPipelineSafeModeRule] INFO  ha.SCMContext (SCMContext.java:updateSafeModeStatus(211)) - Update SafeModeStatus from SafeModeStatus{safeModeStatus=true, preCheckPassed=true} to SafeModeStatus{safeModeStatus=false, preCheckPassed=true}.
2022-02-16 01:42:40,226 [EventQueue-OpenPipelineForHealthyPipelineSafeModeRule] INFO  container.ReplicationManager (ReplicationManager.java:notifyStatusChanged(1807)) - Service ReplicationManager transitions to RUNNING.
2022-02-16 01:42:40,226 [b5efad6c-21e2-4d99-b376-b80a2810f054@group-ECB279BAF00E-LeaderElection17] INFO  server.RaftServerConfigKeys (ConfUtils.java:logGet(44)) - raft.server.log.appender.buffer.byte-limit = 33554432 (custom)
2022-02-16 01:42:40,227 [b5efad6c-21e2-4d99-b376-b80a2810f054@group-ECB279BAF00E-LeaderElection17] INFO  server.RaftServerConfigKeys (ConfUtils.java:logGet(44)) - raft.server.log.appender.buffer.element-limit = 1 (custom)
2022-02-16 01:42:40,229 [b5efad6c-21e2-4d99-b376-b80a2810f054@group-ECB279BAF00E-LeaderElection17] INFO  grpc.GrpcConfigKeys (ConfUtils.java:logGet(44)) - raft.grpc.server.leader.outstanding.appends.max = 128 (default)
2022-02-16 01:42:40,229 [b5efad6c-21e2-4d99-b376-b80a2810f054@group-ECB279BAF00E-LeaderElection17] INFO  server.RaftServerConfigKeys (ConfUtils.java:logGet(44)) - raft.server.rpc.request.timeout = 3000ms (default)
2022-02-16 01:42:40,229 [b5efad6c-21e2-4d99-b376-b80a2810f054@group-ECB279BAF00E-LeaderElection17] INFO  server.RaftServerConfigKeys (ConfUtils.java:logGet(44)) - raft.server.log.appender.install.snapshot.enabled = false (custom)
2022-02-16 01:42:40,233 [b5efad6c-21e2-4d99-b376-b80a2810f054@group-ECB279BAF00E-LeaderElection17] INFO  server.RaftServerConfigKeys (ConfUtils.java:logGet(44)) - raft.server.log.appender.snapshot.chunk.size.max = 16MB (=16777216) (default)
2022-02-16 01:42:40,233 [b5efad6c-21e2-4d99-b376-b80a2810f054@group-ECB279BAF00E-LeaderElection17] INFO  server.RaftServerConfigKeys (ConfUtils.java:logGet(44)) - raft.server.log.appender.buffer.byte-limit = 33554432 (custom)
2022-02-16 01:42:40,234 [b5efad6c-21e2-4d99-b376-b80a2810f054@group-ECB279BAF00E-LeaderElection17] INFO  server.RaftServerConfigKeys (ConfUtils.java:logGet(44)) - raft.server.log.appender.buffer.element-limit = 1 (custom)
2022-02-16 01:42:40,234 [b5efad6c-21e2-4d99-b376-b80a2810f054@group-ECB279BAF00E-LeaderElection17] INFO  grpc.GrpcConfigKeys (ConfUtils.java:logGet(44)) - raft.grpc.server.leader.outstanding.appends.max = 128 (default)
2022-02-16 01:42:40,234 [b5efad6c-21e2-4d99-b376-b80a2810f054@group-ECB279BAF00E-LeaderElection17] INFO  server.RaftServerConfigKeys (ConfUtils.java:logGet(44)) - raft.server.rpc.request.timeout = 3000ms (default)
2022-02-16 01:42:40,234 [b5efad6c-21e2-4d99-b376-b80a2810f054@group-ECB279BAF00E-LeaderElection17] INFO  server.RaftServerConfigKeys (ConfUtils.java:logGet(44)) - raft.server.log.appender.install.snapshot.enabled = false (custom)
2022-02-16 01:42:40,235 [b5efad6c-21e2-4d99-b376-b80a2810f054@group-ECB279BAF00E-LeaderElection17] INFO  impl.RoleInfo (RoleInfo.java:updateAndGet(130)) - b5efad6c-21e2-4d99-b376-b80a2810f054: start b5efad6c-21e2-4d99-b376-b80a2810f054@group-ECB279BAF00E-LeaderStateImpl
2022-02-16 01:42:40,236 [b5efad6c-21e2-4d99-b376-b80a2810f054@group-ECB279BAF00E-LeaderElection17] INFO  segmented.SegmentedRaftLogWorker (SegmentedRaftLogWorker.java:startLogSegment(394)) - b5efad6c-21e2-4d99-b376-b80a2810f054@group-ECB279BAF00E-SegmentedRaftLogWorker: Starting segment from index:0
2022-02-16 01:42:40,237 [b5efad6c-21e2-4d99-b376-b80a2810f054@group-ECB279BAF00E-SegmentedRaftLogWorker] INFO  segmented.SegmentedRaftLogWorker (SegmentedRaftLogWorker.java:execute(601)) - b5efad6c-21e2-4d99-b376-b80a2810f054@group-ECB279BAF00E-SegmentedRaftLogWorker: created new log segment /home/runner/work/ozone/ozone/hadoop-ozone/integration-test/target/test-dir/MiniOzoneClusterImpl-c31dc292-76fe-4ff2-ba7c-3deb75f75441/datanode-2/data/ratis/9892d6ea-815e-4be0-abff-ecb279baf00e/current/log_inprogress_0
2022-02-16 01:42:40,249 [b5efad6c-21e2-4d99-b376-b80a2810f054@group-ECB279BAF00E-LeaderElection17] INFO  server.RaftServer$Division (ServerState.java:setRaftConf(387)) - b5efad6c-21e2-4d99-b376-b80a2810f054@group-ECB279BAF00E: set configuration 0: [b5efad6c-21e2-4d99-b376-b80a2810f054|rpc:10.1.0.46:39795|dataStream:|priority:1, 2f6f166e-3639-444f-87d9-77f80c10b379|rpc:10.1.0.46:41167|dataStream:|priority:0, 7f4e46f4-a6a5-4e91-9d7c-c7c9d4b9ec17|rpc:10.1.0.46:38997|dataStream:|priority:0], old=null
2022-02-16 01:42:40,267 [grpc-default-executor-0] INFO  ratis.XceiverServerRatis (XceiverServerRatis.java:handleLeaderChangedNotification(867)) - Leader change notification received for group: group-ECB279BAF00E with new leaderId: b5efad6c-21e2-4d99-b376-b80a2810f054
2022-02-16 01:42:40,267 [grpc-default-executor-0] INFO  server.RaftServer$Division (ServerState.java:setLeader(285)) - 2f6f166e-3639-444f-87d9-77f80c10b379@group-ECB279BAF00E: change Leader from null to b5efad6c-21e2-4d99-b376-b80a2810f054 at term 2 for appendEntries, leader elected after 10353ms
2022-02-16 01:42:40,279 [grpc-default-executor-1] INFO  ratis.XceiverServerRatis (XceiverServerRatis.java:handleLeaderChangedNotification(867)) - Leader change notification received for group: group-ECB279BAF00E with new leaderId: b5efad6c-21e2-4d99-b376-b80a2810f054
2022-02-16 01:42:40,279 [grpc-default-executor-1] INFO  server.RaftServer$Division (ServerState.java:setLeader(285)) - 7f4e46f4-a6a5-4e91-9d7c-c7c9d4b9ec17@group-ECB279BAF00E: change Leader from null to b5efad6c-21e2-4d99-b376-b80a2810f054 at term 2 for appendEntries, leader elected after 10107ms
2022-02-16 01:42:40,296 [grpc-default-executor-0] INFO  server.RaftServer$Division (ServerState.java:setRaftConf(387)) - 2f6f166e-3639-444f-87d9-77f80c10b379@group-ECB279BAF00E: set configuration 0: [b5efad6c-21e2-4d99-b376-b80a2810f054|rpc:10.1.0.46:39795|dataStream:|priority:1, 2f6f166e-3639-444f-87d9-77f80c10b379|rpc:10.1.0.46:41167|dataStream:|priority:0, 7f4e46f4-a6a5-4e91-9d7c-c7c9d4b9ec17|rpc:10.1.0.46:38997|dataStream:|priority:0], old=null
2022-02-16 01:42:40,297 [grpc-default-executor-0] INFO  segmented.SegmentedRaftLogWorker (SegmentedRaftLogWorker.java:startLogSegment(394)) - 2f6f166e-3639-444f-87d9-77f80c10b379@group-ECB279BAF00E-SegmentedRaftLogWorker: Starting segment from index:0
2022-02-16 01:42:40,300 [2f6f166e-3639-444f-87d9-77f80c10b379@group-ECB279BAF00E-SegmentedRaftLogWorker] INFO  segmented.SegmentedRaftLogWorker (SegmentedRaftLogWorker.java:execute(601)) - 2f6f166e-3639-444f-87d9-77f80c10b379@group-ECB279BAF00E-SegmentedRaftLogWorker: created new log segment /home/runner/work/ozone/ozone/hadoop-ozone/integration-test/target/test-dir/MiniOzoneClusterImpl-c31dc292-76fe-4ff2-ba7c-3deb75f75441/datanode-0/data/ratis/9892d6ea-815e-4be0-abff-ecb279baf00e/current/log_inprogress_0
2022-02-16 01:42:40,302 [grpc-default-executor-1] INFO  server.RaftServer$Division (ServerState.java:setRaftConf(387)) - 7f4e46f4-a6a5-4e91-9d7c-c7c9d4b9ec17@group-ECB279BAF00E: set configuration 0: [b5efad6c-21e2-4d99-b376-b80a2810f054|rpc:10.1.0.46:39795|dataStream:|priority:1, 2f6f166e-3639-444f-87d9-77f80c10b379|rpc:10.1.0.46:41167|dataStream:|priority:0, 7f4e46f4-a6a5-4e91-9d7c-c7c9d4b9ec17|rpc:10.1.0.46:38997|dataStream:|priority:0], old=null
2022-02-16 01:42:40,302 [grpc-default-executor-1] INFO  segmented.SegmentedRaftLogWorker (SegmentedRaftLogWorker.java:startLogSegment(394)) - 7f4e46f4-a6a5-4e91-9d7c-c7c9d4b9ec17@group-ECB279BAF00E-SegmentedRaftLogWorker: Starting segment from index:0
2022-02-16 01:42:40,304 [7f4e46f4-a6a5-4e91-9d7c-c7c9d4b9ec17@group-ECB279BAF00E-SegmentedRaftLogWorker] INFO  segmented.SegmentedRaftLogWorker (SegmentedRaftLogWorker.java:execute(601)) - 7f4e46f4-a6a5-4e91-9d7c-c7c9d4b9ec17@group-ECB279BAF00E-SegmentedRaftLogWorker: created new log segment /home/runner/work/ozone/ozone/hadoop-ozone/integration-test/target/test-dir/MiniOzoneClusterImpl-c31dc292-76fe-4ff2-ba7c-3deb75f75441/datanode-1/data/ratis/9892d6ea-815e-4be0-abff-ecb279baf00e/current/log_inprogress_0
2022-02-16 01:42:40,461 [Listener at 127.0.0.1/33913] INFO  ozone.MiniOzoneClusterImpl (MiniOzoneClusterImpl.java:lambda$waitForClusterToBeReady$0(219)) - Nodes are ready. Got 9 of 9 DN Heartbeats.
2022-02-16 01:42:40,461 [Listener at 127.0.0.1/33913] INFO  ozone.MiniOzoneClusterImpl (MiniOzoneClusterImpl.java:lambda$waitForClusterToBeReady$0(222)) - Cluster exits safe mode
2022-02-16 01:42:40,461 [Listener at 127.0.0.1/33913] INFO  ozone.MiniOzoneClusterImpl (MiniOzoneClusterImpl.java:lambda$waitForClusterToBeReady$0(224)) - SCM became leader
2022-02-16 01:42:40,669 [Listener at 127.0.0.1/33913] INFO  rpc.RpcClient (RpcClient.java:createVolume(399)) - Creating Volume: watchforcommithandlingtest, with runner as owner and space quota set to -1 bytes, counts quota set to -1
2022-02-16 01:42:40,756 [edcd5571-e430-46af-ba60-7657fe1b1d4c@group-504D69B4F741-FollowerState] INFO  impl.FollowerState (FollowerState.java:run(134)) - edcd5571-e430-46af-ba60-7657fe1b1d4c@group-504D69B4F741-FollowerState: change to CANDIDATE, lastRpcElapsedTime:5076294045ns, electionTimeout:5076ms
2022-02-16 01:42:40,756 [edcd5571-e430-46af-ba60-7657fe1b1d4c@group-504D69B4F741-FollowerState] INFO  impl.RoleInfo (RoleInfo.java:shutdownFollowerState(108)) - edcd5571-e430-46af-ba60-7657fe1b1d4c: shutdown edcd5571-e430-46af-ba60-7657fe1b1d4c@group-504D69B4F741-FollowerState
2022-02-16 01:42:40,756 [edcd5571-e430-46af-ba60-7657fe1b1d4c@group-504D69B4F741-FollowerState] INFO  server.RaftServer$Division (RaftServerImpl.java:setRole(290)) - edcd5571-e430-46af-ba60-7657fe1b1d4c@group-504D69B4F741: changes role from  FOLLOWER to CANDIDATE at term 1 for changeToCandidate
2022-02-16 01:42:40,756 [edcd5571-e430-46af-ba60-7657fe1b1d4c@group-504D69B4F741-FollowerState] INFO  server.RaftServerConfigKeys (ConfUtils.java:logGet(44)) - raft.server.leaderelection.pre-vote = false (custom)
2022-02-16 01:42:40,756 [edcd5571-e430-46af-ba60-7657fe1b1d4c@group-504D69B4F741-FollowerState] INFO  impl.RoleInfo (RoleInfo.java:updateAndGet(130)) - edcd5571-e430-46af-ba60-7657fe1b1d4c: start edcd5571-e430-46af-ba60-7657fe1b1d4c@group-504D69B4F741-LeaderElection18
2022-02-16 01:42:40,759 [edcd5571-e430-46af-ba60-7657fe1b1d4c@group-504D69B4F741-LeaderElection18] INFO  impl.LeaderElection (LeaderElection.java:askForVotes(306)) - edcd5571-e430-46af-ba60-7657fe1b1d4c@group-504D69B4F741-LeaderElection18 ELECTION round 0: submit vote requests at term 2 for -1: [edcd5571-e430-46af-ba60-7657fe1b1d4c|rpc:10.1.0.46:34285|priority:0, a565342f-4fee-4f25-a030-3e45d0cf0ab9|rpc:10.1.0.46:45097|priority:1, 0abaf1aa-1b73-4e28-a6e5-0a41a9a3ec34|rpc:10.1.0.46:36601|priority:0], old=null
2022-02-16 01:42:40,766 [grpc-default-executor-0] INFO  server.RaftServer$Division (RaftServerImpl.java:requestVote(1046)) - a565342f-4fee-4f25-a030-3e45d0cf0ab9@group-504D69B4F741: receive requestVote(ELECTION, edcd5571-e430-46af-ba60-7657fe1b1d4c, group-504D69B4F741, 2, (t:0, i:0))
2022-02-16 01:42:40,767 [grpc-default-executor-0] INFO  impl.VoteContext (VoteContext.java:log(48)) - a565342f-4fee-4f25-a030-3e45d0cf0ab9@group-504D69B4F741-FOLLOWER: reject ELECTION from edcd5571-e430-46af-ba60-7657fe1b1d4c: our priority 1 > candidate's priority 0
2022-02-16 01:42:40,767 [grpc-default-executor-0] INFO  server.RaftServer$Division (RaftServerImpl.java:setRole(290)) - a565342f-4fee-4f25-a030-3e45d0cf0ab9@group-504D69B4F741: changes role from  FOLLOWER to FOLLOWER at term 2 for candidate:edcd5571-e430-46af-ba60-7657fe1b1d4c
2022-02-16 01:42:40,767 [grpc-default-executor-0] INFO  impl.RoleInfo (RoleInfo.java:shutdownFollowerState(108)) - a565342f-4fee-4f25-a030-3e45d0cf0ab9: shutdown a565342f-4fee-4f25-a030-3e45d0cf0ab9@group-504D69B4F741-FollowerState
2022-02-16 01:42:40,767 [grpc-default-executor-0] INFO  impl.RoleInfo (RoleInfo.java:updateAndGet(130)) - a565342f-4fee-4f25-a030-3e45d0cf0ab9: start a565342f-4fee-4f25-a030-3e45d0cf0ab9@group-504D69B4F741-FollowerState
2022-02-16 01:42:40,768 [a565342f-4fee-4f25-a030-3e45d0cf0ab9@group-504D69B4F741-FollowerState] INFO  impl.FollowerState (FollowerState.java:run(143)) - a565342f-4fee-4f25-a030-3e45d0cf0ab9@group-504D69B4F741-FollowerState was interrupted: {}
java.lang.InterruptedException: sleep interrupted
	at java.lang.Thread.sleep(Native Method)
	at java.lang.Thread.sleep(Thread.java:340)
	at java.util.concurrent.TimeUnit.sleep(TimeUnit.java:386)
	at org.apache.ratis.util.TimeDuration.sleep(TimeDuration.java:324)
	at org.apache.ratis.util.TimeDuration.sleep(TimeDuration.java:309)
	at org.apache.ratis.server.impl.FollowerState.run(FollowerState.java:118)
2022-02-16 01:42:40,773 [grpc-default-executor-1] INFO  server.RaftServer$Division (RaftServerImpl.java:requestVote(1046)) - 0abaf1aa-1b73-4e28-a6e5-0a41a9a3ec34@group-504D69B4F741: receive requestVote(ELECTION, edcd5571-e430-46af-ba60-7657fe1b1d4c, group-504D69B4F741, 2, (t:0, i:0))
2022-02-16 01:42:40,775 [grpc-default-executor-0] INFO  server.RaftServer$Division (RaftServerImpl.java:requestVote(1078)) - a565342f-4fee-4f25-a030-3e45d0cf0ab9@group-504D69B4F741 replies to ELECTION vote request: edcd5571-e430-46af-ba60-7657fe1b1d4c<-a565342f-4fee-4f25-a030-3e45d0cf0ab9#0:FAIL-t2. Peer's state: a565342f-4fee-4f25-a030-3e45d0cf0ab9@group-504D69B4F741:t2, leader=null, voted=null, raftlog=a565342f-4fee-4f25-a030-3e45d0cf0ab9@group-504D69B4F741-SegmentedRaftLog:OPENED:c-1, conf=-1: [edcd5571-e430-46af-ba60-7657fe1b1d4c|rpc:10.1.0.46:34285|dataStream:|priority:0, a565342f-4fee-4f25-a030-3e45d0cf0ab9|rpc:10.1.0.46:45097|dataStream:|priority:1, 0abaf1aa-1b73-4e28-a6e5-0a41a9a3ec34|rpc:10.1.0.46:36601|dataStream:|priority:0], old=null
2022-02-16 01:42:40,776 [edcd5571-e430-46af-ba60-7657fe1b1d4c@group-504D69B4F741-LeaderElection18] INFO  impl.LeaderElection (LeaderElection.java:logAndReturn(89)) - edcd5571-e430-46af-ba60-7657fe1b1d4c@group-504D69B4F741-LeaderElection18: ELECTION REJECTED received 1 response(s) and 0 exception(s):
2022-02-16 01:42:40,776 [edcd5571-e430-46af-ba60-7657fe1b1d4c@group-504D69B4F741-LeaderElection18] INFO  impl.LeaderElection (LeaderElection.java:logAndReturn(93)) -   Response 0: edcd5571-e430-46af-ba60-7657fe1b1d4c<-a565342f-4fee-4f25-a030-3e45d0cf0ab9#0:FAIL-t2
2022-02-16 01:42:40,776 [edcd5571-e430-46af-ba60-7657fe1b1d4c@group-504D69B4F741-LeaderElection18] INFO  impl.LeaderElection (LeaderElection.java:askForVotes(308)) - edcd5571-e430-46af-ba60-7657fe1b1d4c@group-504D69B4F741-LeaderElection18 ELECTION round 0: result REJECTED
2022-02-16 01:42:40,776 [edcd5571-e430-46af-ba60-7657fe1b1d4c@group-504D69B4F741-LeaderElection18] INFO  server.RaftServer$Division (RaftServerImpl.java:setRole(290)) - edcd5571-e430-46af-ba60-7657fe1b1d4c@group-504D69B4F741: changes role from CANDIDATE to FOLLOWER at term 2 for REJECTED
2022-02-16 01:42:40,776 [edcd5571-e430-46af-ba60-7657fe1b1d4c@group-504D69B4F741-LeaderElection18] INFO  impl.RoleInfo (RoleInfo.java:shutdownLeaderElection(121)) - edcd5571-e430-46af-ba60-7657fe1b1d4c: shutdown edcd5571-e430-46af-ba60-7657fe1b1d4c@group-504D69B4F741-LeaderElection18
2022-02-16 01:42:40,776 [edcd5571-e430-46af-ba60-7657fe1b1d4c@group-504D69B4F741-LeaderElection18] INFO  impl.RoleInfo (RoleInfo.java:updateAndGet(130)) - edcd5571-e430-46af-ba60-7657fe1b1d4c: start edcd5571-e430-46af-ba60-7657fe1b1d4c@group-504D69B4F741-FollowerState
2022-02-16 01:42:40,779 [grpc-default-executor-1] INFO  impl.VoteContext (VoteContext.java:log(48)) - 0abaf1aa-1b73-4e28-a6e5-0a41a9a3ec34@group-504D69B4F741-FOLLOWER: accept ELECTION from edcd5571-e430-46af-ba60-7657fe1b1d4c: our priority 0 <= candidate's priority 0
2022-02-16 01:42:40,779 [grpc-default-executor-1] INFO  server.RaftServer$Division (RaftServerImpl.java:setRole(290)) - 0abaf1aa-1b73-4e28-a6e5-0a41a9a3ec34@group-504D69B4F741: changes role from  FOLLOWER to FOLLOWER at term 2 for candidate:edcd5571-e430-46af-ba60-7657fe1b1d4c
2022-02-16 01:42:40,779 [grpc-default-executor-1] INFO  impl.RoleInfo (RoleInfo.java:shutdownFollowerState(108)) - 0abaf1aa-1b73-4e28-a6e5-0a41a9a3ec34: shutdown 0abaf1aa-1b73-4e28-a6e5-0a41a9a3ec34@group-504D69B4F741-FollowerState
2022-02-16 01:42:40,779 [grpc-default-executor-1] INFO  impl.RoleInfo (RoleInfo.java:updateAndGet(130)) - 0abaf1aa-1b73-4e28-a6e5-0a41a9a3ec34: start 0abaf1aa-1b73-4e28-a6e5-0a41a9a3ec34@group-504D69B4F741-FollowerState
2022-02-16 01:42:40,779 [0abaf1aa-1b73-4e28-a6e5-0a41a9a3ec34@group-504D69B4F741-FollowerState] INFO  impl.FollowerState (FollowerState.java:run(143)) - 0abaf1aa-1b73-4e28-a6e5-0a41a9a3ec34@group-504D69B4F741-FollowerState was interrupted: {}
java.lang.InterruptedException: sleep interrupted
	at java.lang.Thread.sleep(Native Method)
	at java.lang.Thread.sleep(Thread.java:340)
	at java.util.concurrent.TimeUnit.sleep(TimeUnit.java:386)
	at org.apache.ratis.util.TimeDuration.sleep(TimeDuration.java:324)
	at org.apache.ratis.util.TimeDuration.sleep(TimeDuration.java:309)
	at org.apache.ratis.server.impl.FollowerState.run(FollowerState.java:118)
2022-02-16 01:42:40,783 [grpc-default-executor-1] INFO  server.RaftServer$Division (RaftServerImpl.java:requestVote(1078)) - 0abaf1aa-1b73-4e28-a6e5-0a41a9a3ec34@group-504D69B4F741 replies to ELECTION vote request: edcd5571-e430-46af-ba60-7657fe1b1d4c<-0abaf1aa-1b73-4e28-a6e5-0a41a9a3ec34#0:OK-t2. Peer's state: 0abaf1aa-1b73-4e28-a6e5-0a41a9a3ec34@group-504D69B4F741:t2, leader=null, voted=edcd5571-e430-46af-ba60-7657fe1b1d4c, raftlog=0abaf1aa-1b73-4e28-a6e5-0a41a9a3ec34@group-504D69B4F741-SegmentedRaftLog:OPENED:c-1, conf=-1: [edcd5571-e430-46af-ba60-7657fe1b1d4c|rpc:10.1.0.46:34285|dataStream:|priority:0, a565342f-4fee-4f25-a030-3e45d0cf0ab9|rpc:10.1.0.46:45097|dataStream:|priority:1, 0abaf1aa-1b73-4e28-a6e5-0a41a9a3ec34|rpc:10.1.0.46:36601|dataStream:|priority:0], old=null
2022-02-16 01:42:40,874 [OM StateMachine ApplyTransaction Thread - 0] INFO  volume.OMVolumeCreateRequest (OMVolumeCreateRequest.java:validateAndUpdateCache(195)) - created volume:watchforcommithandlingtest for user:runner
2022-02-16 01:42:40,899 [Listener at 127.0.0.1/33913] INFO  rpc.RpcClient (RpcClient.java:createBucket(562)) - Creating Bucket: watchforcommithandlingtest/watchforcommithandlingtest, with runner as owner and Versioning false and Storage Type set to DISK and Encryption set to false 
2022-02-16 01:42:40,916 [Listener at 127.0.0.1/33913] INFO  ozone.MiniOzoneClusterImpl (MiniOzoneClusterImpl.java:getStorageContainerLocationClient(330)) - Creating StorageContainerLocationProtocol RPC client with address /0.0.0.0:37497
2022-02-16 01:42:40,982 [IPC Server handler 1 on default port 39033] INFO  ha.SequenceIdGenerator (SequenceIdGenerator.java:getNextId(127)) - Allocate a batch for containerId, change lastId from 0 to 1000.
2022-02-16 01:42:40,995 [a1539ca7-d2c9-46ac-93a4-114c16d1b05c@group-3DEB75F75441-StateMachineUpdater] WARN  ha.SequenceIdGenerator (SequenceIdGenerator.java:allocateBatch(235)) - Failed to allocate a batch for localId, expected lastId is 0, actual lastId is 109611004723200000.
2022-02-16 01:42:40,997 [IPC Server handler 1 on default port 39033] INFO  ha.SequenceIdGenerator (SequenceIdGenerator.java:getNextId(127)) - Allocate a batch for localId, change lastId from 109611004723200000 to 109611004723201000.
2022-02-16 01:42:41,070 [Listener at 127.0.0.1/33913] INFO  impl.MetricsSystemImpl (MetricsSystemImpl.java:init(158)) - XceiverClientMetrics metrics system started (again)
2022-02-16 01:42:41,400 [a160d0e9-2905-4393-b4ab-3632e6d9b9e1@group-1F9862849013-FollowerState] INFO  impl.FollowerState (FollowerState.java:run(134)) - a160d0e9-2905-4393-b4ab-3632e6d9b9e1@group-1F9862849013-FollowerState: change to CANDIDATE, lastRpcElapsedTime:5083551907ns, electionTimeout:5074ms
2022-02-16 01:42:41,400 [a160d0e9-2905-4393-b4ab-3632e6d9b9e1@group-1F9862849013-FollowerState] INFO  impl.RoleInfo (RoleInfo.java:shutdownFollowerState(108)) - a160d0e9-2905-4393-b4ab-3632e6d9b9e1: shutdown a160d0e9-2905-4393-b4ab-3632e6d9b9e1@group-1F9862849013-FollowerState
2022-02-16 01:42:41,400 [a160d0e9-2905-4393-b4ab-3632e6d9b9e1@group-1F9862849013-FollowerState] INFO  server.RaftServer$Division (RaftServerImpl.java:setRole(290)) - a160d0e9-2905-4393-b4ab-3632e6d9b9e1@group-1F9862849013: changes role from  FOLLOWER to CANDIDATE at term 1 for changeToCandidate
2022-02-16 01:42:41,411 [a160d0e9-2905-4393-b4ab-3632e6d9b9e1@group-1F9862849013-FollowerState] INFO  server.RaftServerConfigKeys (ConfUtils.java:logGet(44)) - raft.server.leaderelection.pre-vote = false (custom)
2022-02-16 01:42:41,411 [a160d0e9-2905-4393-b4ab-3632e6d9b9e1@group-1F9862849013-FollowerState] INFO  impl.RoleInfo (RoleInfo.java:updateAndGet(130)) - a160d0e9-2905-4393-b4ab-3632e6d9b9e1: start a160d0e9-2905-4393-b4ab-3632e6d9b9e1@group-1F9862849013-LeaderElection19
2022-02-16 01:42:41,418 [a160d0e9-2905-4393-b4ab-3632e6d9b9e1@group-1F9862849013-LeaderElection19] INFO  impl.LeaderElection (LeaderElection.java:askForVotes(306)) - a160d0e9-2905-4393-b4ab-3632e6d9b9e1@group-1F9862849013-LeaderElection19 ELECTION round 0: submit vote requests at term 2 for -1: [81aedf04-38bc-4259-8f21-07d047f65c5c|rpc:10.1.0.46:43527|dataStream:|priority:0, a160d0e9-2905-4393-b4ab-3632e6d9b9e1|rpc:10.1.0.46:39495|dataStream:|priority:0, 003e5be4-9867-4f5a-83bb-9c943051b5bb|rpc:10.1.0.46:37171|dataStream:|priority:1], old=null
2022-02-16 01:42:41,445 [grpc-default-executor-0] INFO  server.RaftServer$Division (RaftServerImpl.java:requestVote(1046)) - 81aedf04-38bc-4259-8f21-07d047f65c5c@group-1F9862849013: receive requestVote(ELECTION, a160d0e9-2905-4393-b4ab-3632e6d9b9e1, group-1F9862849013, 2, (t:0, i:0))
2022-02-16 01:42:41,449 [grpc-default-executor-0] INFO  impl.VoteContext (VoteContext.java:log(48)) - 81aedf04-38bc-4259-8f21-07d047f65c5c@group-1F9862849013-FOLLOWER: accept ELECTION from a160d0e9-2905-4393-b4ab-3632e6d9b9e1: our priority 0 <= candidate's priority 0
2022-02-16 01:42:41,449 [grpc-default-executor-0] INFO  server.RaftServer$Division (RaftServerImpl.java:setRole(290)) - 81aedf04-38bc-4259-8f21-07d047f65c5c@group-1F9862849013: changes role from  FOLLOWER to FOLLOWER at term 2 for candidate:a160d0e9-2905-4393-b4ab-3632e6d9b9e1
2022-02-16 01:42:41,449 [grpc-default-executor-0] INFO  impl.RoleInfo (RoleInfo.java:shutdownFollowerState(108)) - 81aedf04-38bc-4259-8f21-07d047f65c5c: shutdown 81aedf04-38bc-4259-8f21-07d047f65c5c@group-1F9862849013-FollowerState
2022-02-16 01:42:41,449 [grpc-default-executor-0] INFO  impl.RoleInfo (RoleInfo.java:updateAndGet(130)) - 81aedf04-38bc-4259-8f21-07d047f65c5c: start 81aedf04-38bc-4259-8f21-07d047f65c5c@group-1F9862849013-FollowerState
2022-02-16 01:42:41,449 [81aedf04-38bc-4259-8f21-07d047f65c5c@group-1F9862849013-FollowerState] INFO  impl.FollowerState (FollowerState.java:run(143)) - 81aedf04-38bc-4259-8f21-07d047f65c5c@group-1F9862849013-FollowerState was interrupted: {}
java.lang.InterruptedException: sleep interrupted
	at java.lang.Thread.sleep(Native Method)
	at java.lang.Thread.sleep(Thread.java:340)
	at java.util.concurrent.TimeUnit.sleep(TimeUnit.java:386)
	at org.apache.ratis.util.TimeDuration.sleep(TimeDuration.java:324)
	at org.apache.ratis.util.TimeDuration.sleep(TimeDuration.java:309)
	at org.apache.ratis.server.impl.FollowerState.run(FollowerState.java:118)
2022-02-16 01:42:41,460 [grpc-default-executor-1] INFO  server.RaftServer$Division (RaftServerImpl.java:requestVote(1046)) - 003e5be4-9867-4f5a-83bb-9c943051b5bb@group-1F9862849013: receive requestVote(ELECTION, a160d0e9-2905-4393-b4ab-3632e6d9b9e1, group-1F9862849013, 2, (t:0, i:0))
2022-02-16 01:42:41,460 [grpc-default-executor-1] INFO  impl.VoteContext (VoteContext.java:log(48)) - 003e5be4-9867-4f5a-83bb-9c943051b5bb@group-1F9862849013-FOLLOWER: reject ELECTION from a160d0e9-2905-4393-b4ab-3632e6d9b9e1: our priority 1 > candidate's priority 0
2022-02-16 01:42:41,460 [grpc-default-executor-1] INFO  server.RaftServer$Division (RaftServerImpl.java:setRole(290)) - 003e5be4-9867-4f5a-83bb-9c943051b5bb@group-1F9862849013: changes role from  FOLLOWER to FOLLOWER at term 2 for candidate:a160d0e9-2905-4393-b4ab-3632e6d9b9e1
2022-02-16 01:42:41,461 [grpc-default-executor-1] INFO  impl.RoleInfo (RoleInfo.java:shutdownFollowerState(108)) - 003e5be4-9867-4f5a-83bb-9c943051b5bb: shutdown 003e5be4-9867-4f5a-83bb-9c943051b5bb@group-1F9862849013-FollowerState
2022-02-16 01:42:41,451 [grpc-default-executor-0] INFO  server.RaftServer$Division (RaftServerImpl.java:requestVote(1078)) - 81aedf04-38bc-4259-8f21-07d047f65c5c@group-1F9862849013 replies to ELECTION vote request: a160d0e9-2905-4393-b4ab-3632e6d9b9e1<-81aedf04-38bc-4259-8f21-07d047f65c5c#0:OK-t2. Peer's state: 81aedf04-38bc-4259-8f21-07d047f65c5c@group-1F9862849013:t2, leader=null, voted=a160d0e9-2905-4393-b4ab-3632e6d9b9e1, raftlog=81aedf04-38bc-4259-8f21-07d047f65c5c@group-1F9862849013-SegmentedRaftLog:OPENED:c-1, conf=-1: [81aedf04-38bc-4259-8f21-07d047f65c5c|rpc:10.1.0.46:43527|priority:0, a160d0e9-2905-4393-b4ab-3632e6d9b9e1|rpc:10.1.0.46:39495|priority:0, 003e5be4-9867-4f5a-83bb-9c943051b5bb|rpc:10.1.0.46:37171|priority:1], old=null
2022-02-16 01:42:41,465 [grpc-default-executor-1] INFO  impl.RoleInfo (RoleInfo.java:updateAndGet(130)) - 003e5be4-9867-4f5a-83bb-9c943051b5bb: start 003e5be4-9867-4f5a-83bb-9c943051b5bb@group-1F9862849013-FollowerState
2022-02-16 01:42:41,468 [grpc-default-executor-1] INFO  server.RaftServer$Division (RaftServerImpl.java:requestVote(1078)) - 003e5be4-9867-4f5a-83bb-9c943051b5bb@group-1F9862849013 replies to ELECTION vote request: a160d0e9-2905-4393-b4ab-3632e6d9b9e1<-003e5be4-9867-4f5a-83bb-9c943051b5bb#0:FAIL-t2. Peer's state: 003e5be4-9867-4f5a-83bb-9c943051b5bb@group-1F9862849013:t2, leader=null, voted=null, raftlog=003e5be4-9867-4f5a-83bb-9c943051b5bb@group-1F9862849013-SegmentedRaftLog:OPENED:c-1, conf=-1: [81aedf04-38bc-4259-8f21-07d047f65c5c|rpc:10.1.0.46:43527|dataStream:|priority:0, a160d0e9-2905-4393-b4ab-3632e6d9b9e1|rpc:10.1.0.46:39495|dataStream:|priority:0, 003e5be4-9867-4f5a-83bb-9c943051b5bb|rpc:10.1.0.46:37171|dataStream:|priority:1], old=null
2022-02-16 01:42:41,465 [003e5be4-9867-4f5a-83bb-9c943051b5bb@group-1F9862849013-FollowerState] INFO  impl.FollowerState (FollowerState.java:run(143)) - 003e5be4-9867-4f5a-83bb-9c943051b5bb@group-1F9862849013-FollowerState was interrupted: {}
java.lang.InterruptedException: sleep interrupted
	at java.lang.Thread.sleep(Native Method)
	at java.lang.Thread.sleep(Thread.java:340)
	at java.util.concurrent.TimeUnit.sleep(TimeUnit.java:386)
	at org.apache.ratis.util.TimeDuration.sleep(TimeDuration.java:324)
	at org.apache.ratis.util.TimeDuration.sleep(TimeDuration.java:309)
	at org.apache.ratis.server.impl.FollowerState.run(FollowerState.java:118)
2022-02-16 01:42:41,479 [a160d0e9-2905-4393-b4ab-3632e6d9b9e1@group-1F9862849013-LeaderElection19] INFO  impl.LeaderElection (LeaderElection.java:logAndReturn(89)) - a160d0e9-2905-4393-b4ab-3632e6d9b9e1@group-1F9862849013-LeaderElection19: ELECTION REJECTED received 2 response(s) and 0 exception(s):
2022-02-16 01:42:41,486 [a160d0e9-2905-4393-b4ab-3632e6d9b9e1@group-1F9862849013-LeaderElection19] INFO  impl.LeaderElection (LeaderElection.java:logAndReturn(93)) -   Response 0: a160d0e9-2905-4393-b4ab-3632e6d9b9e1<-81aedf04-38bc-4259-8f21-07d047f65c5c#0:OK-t2
2022-02-16 01:42:41,486 [a160d0e9-2905-4393-b4ab-3632e6d9b9e1@group-1F9862849013-LeaderElection19] INFO  impl.LeaderElection (LeaderElection.java:logAndReturn(93)) -   Response 1: a160d0e9-2905-4393-b4ab-3632e6d9b9e1<-003e5be4-9867-4f5a-83bb-9c943051b5bb#0:FAIL-t2
2022-02-16 01:42:41,486 [a160d0e9-2905-4393-b4ab-3632e6d9b9e1@group-1F9862849013-LeaderElection19] INFO  impl.LeaderElection (LeaderElection.java:askForVotes(308)) - a160d0e9-2905-4393-b4ab-3632e6d9b9e1@group-1F9862849013-LeaderElection19 ELECTION round 0: result REJECTED
2022-02-16 01:42:41,487 [a160d0e9-2905-4393-b4ab-3632e6d9b9e1@group-1F9862849013-LeaderElection19] INFO  server.RaftServer$Division (RaftServerImpl.java:setRole(290)) - a160d0e9-2905-4393-b4ab-3632e6d9b9e1@group-1F9862849013: changes role from CANDIDATE to FOLLOWER at term 2 for REJECTED
2022-02-16 01:42:41,487 [a160d0e9-2905-4393-b4ab-3632e6d9b9e1@group-1F9862849013-LeaderElection19] INFO  impl.RoleInfo (RoleInfo.java:shutdownLeaderElection(121)) - a160d0e9-2905-4393-b4ab-3632e6d9b9e1: shutdown a160d0e9-2905-4393-b4ab-3632e6d9b9e1@group-1F9862849013-LeaderElection19
2022-02-16 01:42:41,487 [a160d0e9-2905-4393-b4ab-3632e6d9b9e1@group-1F9862849013-LeaderElection19] INFO  impl.RoleInfo (RoleInfo.java:updateAndGet(130)) - a160d0e9-2905-4393-b4ab-3632e6d9b9e1: start a160d0e9-2905-4393-b4ab-3632e6d9b9e1@group-1F9862849013-FollowerState
2022-02-16 01:42:45,781 [edcd5571-e430-46af-ba60-7657fe1b1d4c@group-504D69B4F741-FollowerState] INFO  impl.FollowerState (FollowerState.java:run(134)) - edcd5571-e430-46af-ba60-7657fe1b1d4c@group-504D69B4F741-FollowerState: change to CANDIDATE, lastRpcElapsedTime:5004751622ns, electionTimeout:5001ms
2022-02-16 01:42:45,781 [edcd5571-e430-46af-ba60-7657fe1b1d4c@group-504D69B4F741-FollowerState] INFO  impl.RoleInfo (RoleInfo.java:shutdownFollowerState(108)) - edcd5571-e430-46af-ba60-7657fe1b1d4c: shutdown edcd5571-e430-46af-ba60-7657fe1b1d4c@group-504D69B4F741-FollowerState
2022-02-16 01:42:45,781 [edcd5571-e430-46af-ba60-7657fe1b1d4c@group-504D69B4F741-FollowerState] INFO  server.RaftServer$Division (RaftServerImpl.java:setRole(290)) - edcd5571-e430-46af-ba60-7657fe1b1d4c@group-504D69B4F741: changes role from  FOLLOWER to CANDIDATE at term 2 for changeToCandidate
2022-02-16 01:42:45,781 [edcd5571-e430-46af-ba60-7657fe1b1d4c@group-504D69B4F741-FollowerState] INFO  server.RaftServerConfigKeys (ConfUtils.java:logGet(44)) - raft.server.leaderelection.pre-vote = false (custom)
2022-02-16 01:42:45,781 [edcd5571-e430-46af-ba60-7657fe1b1d4c@group-504D69B4F741-FollowerState] INFO  impl.RoleInfo (RoleInfo.java:updateAndGet(130)) - edcd5571-e430-46af-ba60-7657fe1b1d4c: start edcd5571-e430-46af-ba60-7657fe1b1d4c@group-504D69B4F741-LeaderElection20
2022-02-16 01:42:45,784 [edcd5571-e430-46af-ba60-7657fe1b1d4c@group-504D69B4F741-LeaderElection20] INFO  impl.LeaderElection (LeaderElection.java:askForVotes(306)) - edcd5571-e430-46af-ba60-7657fe1b1d4c@group-504D69B4F741-LeaderElection20 ELECTION round 0: submit vote requests at term 3 for -1: [edcd5571-e430-46af-ba60-7657fe1b1d4c|rpc:10.1.0.46:34285|priority:0, a565342f-4fee-4f25-a030-3e45d0cf0ab9|rpc:10.1.0.46:45097|priority:1, 0abaf1aa-1b73-4e28-a6e5-0a41a9a3ec34|rpc:10.1.0.46:36601|priority:0], old=null
2022-02-16 01:42:45,788 [grpc-default-executor-1] INFO  server.RaftServer$Division (RaftServerImpl.java:requestVote(1046)) - a565342f-4fee-4f25-a030-3e45d0cf0ab9@group-504D69B4F741: receive requestVote(ELECTION, edcd5571-e430-46af-ba60-7657fe1b1d4c, group-504D69B4F741, 3, (t:0, i:0))
2022-02-16 01:42:45,788 [grpc-default-executor-1] INFO  impl.VoteContext (VoteContext.java:log(48)) - a565342f-4fee-4f25-a030-3e45d0cf0ab9@group-504D69B4F741-FOLLOWER: reject ELECTION from edcd5571-e430-46af-ba60-7657fe1b1d4c: our priority 1 > candidate's priority 0
2022-02-16 01:42:45,788 [grpc-default-executor-1] INFO  server.RaftServer$Division (RaftServerImpl.java:setRole(290)) - a565342f-4fee-4f25-a030-3e45d0cf0ab9@group-504D69B4F741: changes role from  FOLLOWER to FOLLOWER at term 3 for candidate:edcd5571-e430-46af-ba60-7657fe1b1d4c
2022-02-16 01:42:45,788 [grpc-default-executor-1] INFO  impl.RoleInfo (RoleInfo.java:shutdownFollowerState(108)) - a565342f-4fee-4f25-a030-3e45d0cf0ab9: shutdown a565342f-4fee-4f25-a030-3e45d0cf0ab9@group-504D69B4F741-FollowerState
2022-02-16 01:42:45,788 [grpc-default-executor-1] INFO  impl.RoleInfo (RoleInfo.java:updateAndGet(130)) - a565342f-4fee-4f25-a030-3e45d0cf0ab9: start a565342f-4fee-4f25-a030-3e45d0cf0ab9@group-504D69B4F741-FollowerState
2022-02-16 01:42:45,788 [a565342f-4fee-4f25-a030-3e45d0cf0ab9@group-504D69B4F741-FollowerState] INFO  impl.FollowerState (FollowerState.java:run(143)) - a565342f-4fee-4f25-a030-3e45d0cf0ab9@group-504D69B4F741-FollowerState was interrupted: {}
java.lang.InterruptedException: sleep interrupted
	at java.lang.Thread.sleep(Native Method)
	at java.lang.Thread.sleep(Thread.java:340)
	at java.util.concurrent.TimeUnit.sleep(TimeUnit.java:386)
	at org.apache.ratis.util.TimeDuration.sleep(TimeDuration.java:324)
	at org.apache.ratis.util.TimeDuration.sleep(TimeDuration.java:309)
	at org.apache.ratis.server.impl.FollowerState.run(FollowerState.java:118)
2022-02-16 01:42:45,799 [grpc-default-executor-1] INFO  server.RaftServer$Division (RaftServerImpl.java:requestVote(1078)) - a565342f-4fee-4f25-a030-3e45d0cf0ab9@group-504D69B4F741 replies to ELECTION vote request: edcd5571-e430-46af-ba60-7657fe1b1d4c<-a565342f-4fee-4f25-a030-3e45d0cf0ab9#0:FAIL-t3. Peer's state: a565342f-4fee-4f25-a030-3e45d0cf0ab9@group-504D69B4F741:t3, leader=null, voted=null, raftlog=a565342f-4fee-4f25-a030-3e45d0cf0ab9@group-504D69B4F741-SegmentedRaftLog:OPENED:c-1, conf=-1: [edcd5571-e430-46af-ba60-7657fe1b1d4c|rpc:10.1.0.46:34285|dataStream:|priority:0, a565342f-4fee-4f25-a030-3e45d0cf0ab9|rpc:10.1.0.46:45097|dataStream:|priority:1, 0abaf1aa-1b73-4e28-a6e5-0a41a9a3ec34|rpc:10.1.0.46:36601|dataStream:|priority:0], old=null
2022-02-16 01:42:45,800 [edcd5571-e430-46af-ba60-7657fe1b1d4c@group-504D69B4F741-LeaderElection20] INFO  impl.LeaderElection (LeaderElection.java:logAndReturn(89)) - edcd5571-e430-46af-ba60-7657fe1b1d4c@group-504D69B4F741-LeaderElection20: ELECTION REJECTED received 1 response(s) and 0 exception(s):
2022-02-16 01:42:45,801 [edcd5571-e430-46af-ba60-7657fe1b1d4c@group-504D69B4F741-LeaderElection20] INFO  impl.LeaderElection (LeaderElection.java:logAndReturn(93)) -   Response 0: edcd5571-e430-46af-ba60-7657fe1b1d4c<-a565342f-4fee-4f25-a030-3e45d0cf0ab9#0:FAIL-t3
2022-02-16 01:42:45,801 [edcd5571-e430-46af-ba60-7657fe1b1d4c@group-504D69B4F741-LeaderElection20] INFO  impl.LeaderElection (LeaderElection.java:askForVotes(308)) - edcd5571-e430-46af-ba60-7657fe1b1d4c@group-504D69B4F741-LeaderElection20 ELECTION round 0: result REJECTED
2022-02-16 01:42:45,801 [edcd5571-e430-46af-ba60-7657fe1b1d4c@group-504D69B4F741-LeaderElection20] INFO  server.RaftServer$Division (RaftServerImpl.java:setRole(290)) - edcd5571-e430-46af-ba60-7657fe1b1d4c@group-504D69B4F741: changes role from CANDIDATE to FOLLOWER at term 3 for REJECTED
2022-02-16 01:42:45,801 [edcd5571-e430-46af-ba60-7657fe1b1d4c@group-504D69B4F741-LeaderElection20] INFO  impl.RoleInfo (RoleInfo.java:shutdownLeaderElection(121)) - edcd5571-e430-46af-ba60-7657fe1b1d4c: shutdown edcd5571-e430-46af-ba60-7657fe1b1d4c@group-504D69B4F741-LeaderElection20
2022-02-16 01:42:45,801 [edcd5571-e430-46af-ba60-7657fe1b1d4c@group-504D69B4F741-LeaderElection20] INFO  impl.RoleInfo (RoleInfo.java:updateAndGet(130)) - edcd5571-e430-46af-ba60-7657fe1b1d4c: start edcd5571-e430-46af-ba60-7657fe1b1d4c@group-504D69B4F741-FollowerState
2022-02-16 01:42:45,805 [grpc-default-executor-1] INFO  server.RaftServer$Division (RaftServerImpl.java:requestVote(1046)) - 0abaf1aa-1b73-4e28-a6e5-0a41a9a3ec34@group-504D69B4F741: receive requestVote(ELECTION, edcd5571-e430-46af-ba60-7657fe1b1d4c, group-504D69B4F741, 3, (t:0, i:0))
2022-02-16 01:42:45,805 [grpc-default-executor-1] INFO  impl.VoteContext (VoteContext.java:log(48)) - 0abaf1aa-1b73-4e28-a6e5-0a41a9a3ec34@group-504D69B4F741-FOLLOWER: accept ELECTION from edcd5571-e430-46af-ba60-7657fe1b1d4c: our priority 0 <= candidate's priority 0
2022-02-16 01:42:45,805 [grpc-default-executor-1] INFO  server.RaftServer$Division (RaftServerImpl.java:setRole(290)) - 0abaf1aa-1b73-4e28-a6e5-0a41a9a3ec34@group-504D69B4F741: changes role from  FOLLOWER to FOLLOWER at term 3 for candidate:edcd5571-e430-46af-ba60-7657fe1b1d4c
2022-02-16 01:42:45,805 [grpc-default-executor-1] INFO  impl.RoleInfo (RoleInfo.java:shutdownFollowerState(108)) - 0abaf1aa-1b73-4e28-a6e5-0a41a9a3ec34: shutdown 0abaf1aa-1b73-4e28-a6e5-0a41a9a3ec34@group-504D69B4F741-FollowerState
2022-02-16 01:42:45,805 [grpc-default-executor-1] INFO  impl.RoleInfo (RoleInfo.java:updateAndGet(130)) - 0abaf1aa-1b73-4e28-a6e5-0a41a9a3ec34: start 0abaf1aa-1b73-4e28-a6e5-0a41a9a3ec34@group-504D69B4F741-FollowerState
2022-02-16 01:42:45,805 [0abaf1aa-1b73-4e28-a6e5-0a41a9a3ec34@group-504D69B4F741-FollowerState] INFO  impl.FollowerState (FollowerState.java:run(143)) - 0abaf1aa-1b73-4e28-a6e5-0a41a9a3ec34@group-504D69B4F741-FollowerState was interrupted: {}
java.lang.InterruptedException: sleep interrupted
	at java.lang.Thread.sleep(Native Method)
	at java.lang.Thread.sleep(Thread.java:340)
	at java.util.concurrent.TimeUnit.sleep(TimeUnit.java:386)
	at org.apache.ratis.util.TimeDuration.sleep(TimeDuration.java:324)
	at org.apache.ratis.util.TimeDuration.sleep(TimeDuration.java:309)
	at org.apache.ratis.server.impl.FollowerState.run(FollowerState.java:118)
2022-02-16 01:42:45,813 [grpc-default-executor-1] INFO  server.RaftServer$Division (RaftServerImpl.java:requestVote(1078)) - 0abaf1aa-1b73-4e28-a6e5-0a41a9a3ec34@group-504D69B4F741 replies to ELECTION vote request: edcd5571-e430-46af-ba60-7657fe1b1d4c<-0abaf1aa-1b73-4e28-a6e5-0a41a9a3ec34#0:OK-t3. Peer's state: 0abaf1aa-1b73-4e28-a6e5-0a41a9a3ec34@group-504D69B4F741:t3, leader=null, voted=edcd5571-e430-46af-ba60-7657fe1b1d4c, raftlog=0abaf1aa-1b73-4e28-a6e5-0a41a9a3ec34@group-504D69B4F741-SegmentedRaftLog:OPENED:c-1, conf=-1: [edcd5571-e430-46af-ba60-7657fe1b1d4c|rpc:10.1.0.46:34285|dataStream:|priority:0, a565342f-4fee-4f25-a030-3e45d0cf0ab9|rpc:10.1.0.46:45097|dataStream:|priority:1, 0abaf1aa-1b73-4e28-a6e5-0a41a9a3ec34|rpc:10.1.0.46:36601|dataStream:|priority:0], old=null
2022-02-16 01:42:46,466 [81aedf04-38bc-4259-8f21-07d047f65c5c@group-1F9862849013-FollowerState] INFO  impl.FollowerState (FollowerState.java:run(134)) - 81aedf04-38bc-4259-8f21-07d047f65c5c@group-1F9862849013-FollowerState: change to CANDIDATE, lastRpcElapsedTime:5015855721ns, electionTimeout:5014ms
2022-02-16 01:42:46,467 [81aedf04-38bc-4259-8f21-07d047f65c5c@group-1F9862849013-FollowerState] INFO  impl.RoleInfo (RoleInfo.java:shutdownFollowerState(108)) - 81aedf04-38bc-4259-8f21-07d047f65c5c: shutdown 81aedf04-38bc-4259-8f21-07d047f65c5c@group-1F9862849013-FollowerState
2022-02-16 01:42:46,467 [81aedf04-38bc-4259-8f21-07d047f65c5c@group-1F9862849013-FollowerState] INFO  server.RaftServer$Division (RaftServerImpl.java:setRole(290)) - 81aedf04-38bc-4259-8f21-07d047f65c5c@group-1F9862849013: changes role from  FOLLOWER to CANDIDATE at term 2 for changeToCandidate
2022-02-16 01:42:46,467 [81aedf04-38bc-4259-8f21-07d047f65c5c@group-1F9862849013-FollowerState] INFO  server.RaftServerConfigKeys (ConfUtils.java:logGet(44)) - raft.server.leaderelection.pre-vote = false (custom)
2022-02-16 01:42:46,467 [81aedf04-38bc-4259-8f21-07d047f65c5c@group-1F9862849013-FollowerState] INFO  impl.RoleInfo (RoleInfo.java:updateAndGet(130)) - 81aedf04-38bc-4259-8f21-07d047f65c5c: start 81aedf04-38bc-4259-8f21-07d047f65c5c@group-1F9862849013-LeaderElection21
2022-02-16 01:42:46,470 [81aedf04-38bc-4259-8f21-07d047f65c5c@group-1F9862849013-LeaderElection21] INFO  impl.LeaderElection (LeaderElection.java:askForVotes(306)) - 81aedf04-38bc-4259-8f21-07d047f65c5c@group-1F9862849013-LeaderElection21 ELECTION round 0: submit vote requests at term 3 for -1: [81aedf04-38bc-4259-8f21-07d047f65c5c|rpc:10.1.0.46:43527|priority:0, a160d0e9-2905-4393-b4ab-3632e6d9b9e1|rpc:10.1.0.46:39495|priority:0, 003e5be4-9867-4f5a-83bb-9c943051b5bb|rpc:10.1.0.46:37171|priority:1], old=null
2022-02-16 01:42:46,482 [grpc-default-executor-1] INFO  server.RaftServer$Division (RaftServerImpl.java:requestVote(1046)) - 003e5be4-9867-4f5a-83bb-9c943051b5bb@group-1F9862849013: receive requestVote(ELECTION, 81aedf04-38bc-4259-8f21-07d047f65c5c, group-1F9862849013, 3, (t:0, i:0))
2022-02-16 01:42:46,482 [grpc-default-executor-1] INFO  impl.VoteContext (VoteContext.java:log(48)) - 003e5be4-9867-4f5a-83bb-9c943051b5bb@group-1F9862849013-FOLLOWER: reject ELECTION from 81aedf04-38bc-4259-8f21-07d047f65c5c: our priority 1 > candidate's priority 0
2022-02-16 01:42:46,482 [grpc-default-executor-1] INFO  server.RaftServer$Division (RaftServerImpl.java:setRole(290)) - 003e5be4-9867-4f5a-83bb-9c943051b5bb@group-1F9862849013: changes role from  FOLLOWER to FOLLOWER at term 3 for candidate:81aedf04-38bc-4259-8f21-07d047f65c5c
2022-02-16 01:42:46,482 [grpc-default-executor-1] INFO  impl.RoleInfo (RoleInfo.java:shutdownFollowerState(108)) - 003e5be4-9867-4f5a-83bb-9c943051b5bb: shutdown 003e5be4-9867-4f5a-83bb-9c943051b5bb@group-1F9862849013-FollowerState
2022-02-16 01:42:46,482 [grpc-default-executor-1] INFO  impl.RoleInfo (RoleInfo.java:updateAndGet(130)) - 003e5be4-9867-4f5a-83bb-9c943051b5bb: start 003e5be4-9867-4f5a-83bb-9c943051b5bb@group-1F9862849013-FollowerState
2022-02-16 01:42:46,482 [003e5be4-9867-4f5a-83bb-9c943051b5bb@group-1F9862849013-FollowerState] INFO  impl.FollowerState (FollowerState.java:run(143)) - 003e5be4-9867-4f5a-83bb-9c943051b5bb@group-1F9862849013-FollowerState was interrupted: {}
java.lang.InterruptedException: sleep interrupted
	at java.lang.Thread.sleep(Native Method)
	at java.lang.Thread.sleep(Thread.java:340)
	at java.util.concurrent.TimeUnit.sleep(TimeUnit.java:386)
	at org.apache.ratis.util.TimeDuration.sleep(TimeDuration.java:324)
	at org.apache.ratis.util.TimeDuration.sleep(TimeDuration.java:309)
	at org.apache.ratis.server.impl.FollowerState.run(FollowerState.java:118)
2022-02-16 01:42:46,485 [grpc-default-executor-2] INFO  server.RaftServer$Division (RaftServerImpl.java:requestVote(1046)) - a160d0e9-2905-4393-b4ab-3632e6d9b9e1@group-1F9862849013: receive requestVote(ELECTION, 81aedf04-38bc-4259-8f21-07d047f65c5c, group-1F9862849013, 3, (t:0, i:0))
2022-02-16 01:42:46,485 [grpc-default-executor-2] INFO  impl.VoteContext (VoteContext.java:log(48)) - a160d0e9-2905-4393-b4ab-3632e6d9b9e1@group-1F9862849013-FOLLOWER: accept ELECTION from 81aedf04-38bc-4259-8f21-07d047f65c5c: our priority 0 <= candidate's priority 0
2022-02-16 01:42:46,485 [grpc-default-executor-2] INFO  server.RaftServer$Division (RaftServerImpl.java:setRole(290)) - a160d0e9-2905-4393-b4ab-3632e6d9b9e1@group-1F9862849013: changes role from  FOLLOWER to FOLLOWER at term 3 for candidate:81aedf04-38bc-4259-8f21-07d047f65c5c
2022-02-16 01:42:46,485 [grpc-default-executor-2] INFO  impl.RoleInfo (RoleInfo.java:shutdownFollowerState(108)) - a160d0e9-2905-4393-b4ab-3632e6d9b9e1: shutdown a160d0e9-2905-4393-b4ab-3632e6d9b9e1@group-1F9862849013-FollowerState
2022-02-16 01:42:46,485 [grpc-default-executor-2] INFO  impl.RoleInfo (RoleInfo.java:updateAndGet(130)) - a160d0e9-2905-4393-b4ab-3632e6d9b9e1: start a160d0e9-2905-4393-b4ab-3632e6d9b9e1@group-1F9862849013-FollowerState
2022-02-16 01:42:46,485 [a160d0e9-2905-4393-b4ab-3632e6d9b9e1@group-1F9862849013-FollowerState] INFO  impl.FollowerState (FollowerState.java:run(143)) - a160d0e9-2905-4393-b4ab-3632e6d9b9e1@group-1F9862849013-FollowerState was interrupted: {}
java.lang.InterruptedException: sleep interrupted
	at java.lang.Thread.sleep(Native Method)
	at java.lang.Thread.sleep(Thread.java:340)
	at java.util.concurrent.TimeUnit.sleep(TimeUnit.java:386)
	at org.apache.ratis.util.TimeDuration.sleep(TimeDuration.java:324)
	at org.apache.ratis.util.TimeDuration.sleep(TimeDuration.java:309)
	at org.apache.ratis.server.impl.FollowerState.run(FollowerState.java:118)
2022-02-16 01:42:46,491 [grpc-default-executor-1] INFO  server.RaftServer$Division (RaftServerImpl.java:requestVote(1078)) - 003e5be4-9867-4f5a-83bb-9c943051b5bb@group-1F9862849013 replies to ELECTION vote request: 81aedf04-38bc-4259-8f21-07d047f65c5c<-003e5be4-9867-4f5a-83bb-9c943051b5bb#0:FAIL-t3. Peer's state: 003e5be4-9867-4f5a-83bb-9c943051b5bb@group-1F9862849013:t3, leader=null, voted=null, raftlog=003e5be4-9867-4f5a-83bb-9c943051b5bb@group-1F9862849013-SegmentedRaftLog:OPENED:c-1, conf=-1: [81aedf04-38bc-4259-8f21-07d047f65c5c|rpc:10.1.0.46:43527|dataStream:|priority:0, a160d0e9-2905-4393-b4ab-3632e6d9b9e1|rpc:10.1.0.46:39495|dataStream:|priority:0, 003e5be4-9867-4f5a-83bb-9c943051b5bb|rpc:10.1.0.46:37171|dataStream:|priority:1], old=null
2022-02-16 01:42:46,492 [grpc-default-executor-2] INFO  server.RaftServer$Division (RaftServerImpl.java:requestVote(1078)) - a160d0e9-2905-4393-b4ab-3632e6d9b9e1@group-1F9862849013 replies to ELECTION vote request: 81aedf04-38bc-4259-8f21-07d047f65c5c<-a160d0e9-2905-4393-b4ab-3632e6d9b9e1#0:OK-t3. Peer's state: a160d0e9-2905-4393-b4ab-3632e6d9b9e1@group-1F9862849013:t3, leader=null, voted=81aedf04-38bc-4259-8f21-07d047f65c5c, raftlog=a160d0e9-2905-4393-b4ab-3632e6d9b9e1@group-1F9862849013-SegmentedRaftLog:OPENED:c-1, conf=-1: [81aedf04-38bc-4259-8f21-07d047f65c5c|rpc:10.1.0.46:43527|dataStream:|priority:0, a160d0e9-2905-4393-b4ab-3632e6d9b9e1|rpc:10.1.0.46:39495|dataStream:|priority:0, 003e5be4-9867-4f5a-83bb-9c943051b5bb|rpc:10.1.0.46:37171|dataStream:|priority:1], old=null
2022-02-16 01:42:46,494 [81aedf04-38bc-4259-8f21-07d047f65c5c@group-1F9862849013-LeaderElection21] INFO  impl.LeaderElection (LeaderElection.java:logAndReturn(89)) - 81aedf04-38bc-4259-8f21-07d047f65c5c@group-1F9862849013-LeaderElection21: ELECTION REJECTED received 2 response(s) and 0 exception(s):
2022-02-16 01:42:46,494 [81aedf04-38bc-4259-8f21-07d047f65c5c@group-1F9862849013-LeaderElection21] INFO  impl.LeaderElection (LeaderElection.java:logAndReturn(93)) -   Response 0: 81aedf04-38bc-4259-8f21-07d047f65c5c<-a160d0e9-2905-4393-b4ab-3632e6d9b9e1#0:OK-t3
2022-02-16 01:42:46,494 [81aedf04-38bc-4259-8f21-07d047f65c5c@group-1F9862849013-LeaderElection21] INFO  impl.LeaderElection (LeaderElection.java:logAndReturn(93)) -   Response 1: 81aedf04-38bc-4259-8f21-07d047f65c5c<-003e5be4-9867-4f5a-83bb-9c943051b5bb#0:FAIL-t3
2022-02-16 01:42:46,494 [81aedf04-38bc-4259-8f21-07d047f65c5c@group-1F9862849013-LeaderElection21] INFO  impl.LeaderElection (LeaderElection.java:askForVotes(308)) - 81aedf04-38bc-4259-8f21-07d047f65c5c@group-1F9862849013-LeaderElection21 ELECTION round 0: result REJECTED
2022-02-16 01:42:46,494 [81aedf04-38bc-4259-8f21-07d047f65c5c@group-1F9862849013-LeaderElection21] INFO  server.RaftServer$Division (RaftServerImpl.java:setRole(290)) - 81aedf04-38bc-4259-8f21-07d047f65c5c@group-1F9862849013: changes role from CANDIDATE to FOLLOWER at term 3 for REJECTED
2022-02-16 01:42:46,494 [81aedf04-38bc-4259-8f21-07d047f65c5c@group-1F9862849013-LeaderElection21] INFO  impl.RoleInfo (RoleInfo.java:shutdownLeaderElection(121)) - 81aedf04-38bc-4259-8f21-07d047f65c5c: shutdown 81aedf04-38bc-4259-8f21-07d047f65c5c@group-1F9862849013-LeaderElection21
2022-02-16 01:42:46,494 [81aedf04-38bc-4259-8f21-07d047f65c5c@group-1F9862849013-LeaderElection21] INFO  impl.RoleInfo (RoleInfo.java:updateAndGet(130)) - 81aedf04-38bc-4259-8f21-07d047f65c5c: start 81aedf04-38bc-4259-8f21-07d047f65c5c@group-1F9862849013-FollowerState
2022-02-16 01:42:46,546 [Listener at 127.0.0.1/33913] INFO  ozoneimpl.OzoneContainer (OzoneContainer.java:stop(336)) - Attempting to stop container services.
2022-02-16 01:42:46,547 [Listener at 127.0.0.1/33913] INFO  server.RaftServer (RaftServerProxy.java:lambda$close$6(391)) - b5efad6c-21e2-4d99-b376-b80a2810f054: close
2022-02-16 01:42:46,547 [Listener at 127.0.0.1/33913] INFO  server.RaftServer$Division (RaftServerImpl.java:lambda$close$4(412)) - b5efad6c-21e2-4d99-b376-b80a2810f054@group-BEF52E4E4D69: shutdown
2022-02-16 01:42:46,548 [Listener at 127.0.0.1/33913] INFO  util.JmxRegister (JmxRegister.java:unregister(73)) - Successfully un-registered JMX Bean with object name Ratis:service=RaftServer,group=group-BEF52E4E4D69,id=b5efad6c-21e2-4d99-b376-b80a2810f054
2022-02-16 01:42:46,548 [Listener at 127.0.0.1/33913] INFO  impl.RoleInfo (RoleInfo.java:shutdownLeaderState(91)) - b5efad6c-21e2-4d99-b376-b80a2810f054: shutdown b5efad6c-21e2-4d99-b376-b80a2810f054@group-BEF52E4E4D69-LeaderStateImpl
2022-02-16 01:42:46,548 [Listener at 127.0.0.1/33913] INFO  impl.PendingRequests (PendingRequests.java:sendNotLeaderResponses(282)) - b5efad6c-21e2-4d99-b376-b80a2810f054@group-BEF52E4E4D69-PendingRequests: sendNotLeaderResponses
2022-02-16 01:42:46,549 [b5efad6c-21e2-4d99-b376-b80a2810f054@group-BEF52E4E4D69-StateMachineUpdater] INFO  ratis.ContainerStateMachine (ContainerStateMachine.java:takeSnapshot(299)) - group-BEF52E4E4D69: Taking a snapshot at:(t:1, i:0) file /home/runner/work/ozone/ozone/hadoop-ozone/integration-test/target/test-dir/MiniOzoneClusterImpl-c31dc292-76fe-4ff2-ba7c-3deb75f75441/datanode-2/data/ratis/afa58c8c-fa43-41ba-bb5c-bef52e4e4d69/sm/snapshot.1_0
2022-02-16 01:42:46,557 [Listener at 127.0.0.1/33913] INFO  impl.StateMachineUpdater (StateMachineUpdater.java:stopAndJoin(149)) - b5efad6c-21e2-4d99-b376-b80a2810f054@group-BEF52E4E4D69-StateMachineUpdater: set stopIndex = 0
2022-02-16 01:42:46,591 [b5efad6c-21e2-4d99-b376-b80a2810f054@group-BEF52E4E4D69-StateMachineUpdater] INFO  ratis.ContainerStateMachine (ContainerStateMachine.java:takeSnapshot(310)) - group-BEF52E4E4D69: Finished taking a snapshot at:(t:1, i:0) file:/home/runner/work/ozone/ozone/hadoop-ozone/integration-test/target/test-dir/MiniOzoneClusterImpl-c31dc292-76fe-4ff2-ba7c-3deb75f75441/datanode-2/data/ratis/afa58c8c-fa43-41ba-bb5c-bef52e4e4d69/sm/snapshot.1_0 took: 42 ms
2022-02-16 01:42:46,593 [b5efad6c-21e2-4d99-b376-b80a2810f054@group-BEF52E4E4D69-StateMachineUpdater] INFO  impl.StateMachineUpdater (StateMachineUpdater.java:takeSnapshot(281)) - b5efad6c-21e2-4d99-b376-b80a2810f054@group-BEF52E4E4D69-StateMachineUpdater: Took a snapshot at index 0
2022-02-16 01:42:46,593 [b5efad6c-21e2-4d99-b376-b80a2810f054@group-BEF52E4E4D69-StateMachineUpdater] INFO  impl.StateMachineUpdater (StateMachineUpdater.java:lambda$new$0(89)) - b5efad6c-21e2-4d99-b376-b80a2810f054@group-BEF52E4E4D69-StateMachineUpdater: snapshotIndex: updateIncreasingly -1 -> 0
2022-02-16 01:42:46,593 [Listener at 127.0.0.1/33913] INFO  server.RaftServer$Division (ServerState.java:close(419)) - b5efad6c-21e2-4d99-b376-b80a2810f054@group-BEF52E4E4D69: closes. applyIndex: 0
2022-02-16 01:42:46,594 [b5efad6c-21e2-4d99-b376-b80a2810f054@group-BEF52E4E4D69-SegmentedRaftLogWorker] INFO  segmented.SegmentedRaftLogWorker (SegmentedRaftLogWorker.java:run(327)) - b5efad6c-21e2-4d99-b376-b80a2810f054@group-BEF52E4E4D69-SegmentedRaftLogWorker was interrupted, exiting. There are 0 tasks remaining in the queue.
2022-02-16 01:42:46,597 [Listener at 127.0.0.1/33913] INFO  segmented.SegmentedRaftLogWorker (SegmentedRaftLogWorker.java:close(237)) - b5efad6c-21e2-4d99-b376-b80a2810f054@group-BEF52E4E4D69-SegmentedRaftLogWorker close()
2022-02-16 01:42:46,599 [Listener at 127.0.0.1/33913] INFO  server.RaftServer$Division (RaftServerImpl.java:lambda$close$4(412)) - b5efad6c-21e2-4d99-b376-b80a2810f054@group-ECB279BAF00E: shutdown
2022-02-16 01:42:46,599 [Listener at 127.0.0.1/33913] INFO  util.JmxRegister (JmxRegister.java:unregister(73)) - Successfully un-registered JMX Bean with object name Ratis:service=RaftServer,group=group-ECB279BAF00E,id=b5efad6c-21e2-4d99-b376-b80a2810f054
2022-02-16 01:42:46,599 [Listener at 127.0.0.1/33913] INFO  impl.RoleInfo (RoleInfo.java:shutdownLeaderState(91)) - b5efad6c-21e2-4d99-b376-b80a2810f054: shutdown b5efad6c-21e2-4d99-b376-b80a2810f054@group-ECB279BAF00E-LeaderStateImpl
2022-02-16 01:42:46,599 [Listener at 127.0.0.1/33913] INFO  impl.PendingRequests (PendingRequests.java:sendNotLeaderResponses(282)) - b5efad6c-21e2-4d99-b376-b80a2810f054@group-ECB279BAF00E-PendingRequests: sendNotLeaderResponses
2022-02-16 01:42:46,603 [b5efad6c-21e2-4d99-b376-b80a2810f054@group-ECB279BAF00E->2f6f166e-3639-444f-87d9-77f80c10b379-GrpcLogAppender-LogAppenderDaemon] WARN  server.GrpcLogAppender (GrpcLogAppender.java:mayWait(177)) - b5efad6c-21e2-4d99-b376-b80a2810f054@group-ECB279BAF00E->2f6f166e-3639-444f-87d9-77f80c10b379-GrpcLogAppender: Wait interrupted by java.lang.InterruptedException
2022-02-16 01:42:46,606 [b5efad6c-21e2-4d99-b376-b80a2810f054@group-ECB279BAF00E-StateMachineUpdater] INFO  ratis.ContainerStateMachine (ContainerStateMachine.java:takeSnapshot(299)) - group-ECB279BAF00E: Taking a snapshot at:(t:2, i:16) file /home/runner/work/ozone/ozone/hadoop-ozone/integration-test/target/test-dir/MiniOzoneClusterImpl-c31dc292-76fe-4ff2-ba7c-3deb75f75441/datanode-2/data/ratis/9892d6ea-815e-4be0-abff-ecb279baf00e/sm/snapshot.2_16
2022-02-16 01:42:46,608 [grpc-default-executor-0] INFO  server.GrpcServerProtocolService (GrpcServerProtocolService.java:onCompleted(140)) - 2f6f166e-3639-444f-87d9-77f80c10b379: Completed APPEND_ENTRIES, lastRequest: b5efad6c-21e2-4d99-b376-b80a2810f054->2f6f166e-3639-444f-87d9-77f80c10b379#44-t2,previous=(t:2, i:15),leaderCommit=14,initializing? true,entries: size=1, first=(t:2, i:16), METADATAENTRY(c:14)
2022-02-16 01:42:46,609 [Listener at 127.0.0.1/33913] INFO  impl.StateMachineUpdater (StateMachineUpdater.java:stopAndJoin(149)) - b5efad6c-21e2-4d99-b376-b80a2810f054@group-ECB279BAF00E-StateMachineUpdater: set stopIndex = 16
2022-02-16 01:42:46,604 [b5efad6c-21e2-4d99-b376-b80a2810f054@group-ECB279BAF00E->7f4e46f4-a6a5-4e91-9d7c-c7c9d4b9ec17-GrpcLogAppender-LogAppenderDaemon] WARN  server.GrpcLogAppender (GrpcLogAppender.java:mayWait(177)) - b5efad6c-21e2-4d99-b376-b80a2810f054@group-ECB279BAF00E->7f4e46f4-a6a5-4e91-9d7c-c7c9d4b9ec17-GrpcLogAppender: Wait interrupted by java.lang.InterruptedException
2022-02-16 01:42:46,611 [b5efad6c-21e2-4d99-b376-b80a2810f054@group-ECB279BAF00E-StateMachineUpdater] INFO  ratis.ContainerStateMachine (ContainerStateMachine.java:takeSnapshot(310)) - group-ECB279BAF00E: Finished taking a snapshot at:(t:2, i:16) file:/home/runner/work/ozone/ozone/hadoop-ozone/integration-test/target/test-dir/MiniOzoneClusterImpl-c31dc292-76fe-4ff2-ba7c-3deb75f75441/datanode-2/data/ratis/9892d6ea-815e-4be0-abff-ecb279baf00e/sm/snapshot.2_16 took: 4 ms
2022-02-16 01:42:46,613 [b5efad6c-21e2-4d99-b376-b80a2810f054@group-ECB279BAF00E-StateMachineUpdater] INFO  impl.StateMachineUpdater (StateMachineUpdater.java:takeSnapshot(281)) - b5efad6c-21e2-4d99-b376-b80a2810f054@group-ECB279BAF00E-StateMachineUpdater: Took a snapshot at index 16
2022-02-16 01:42:46,613 [b5efad6c-21e2-4d99-b376-b80a2810f054@group-ECB279BAF00E-StateMachineUpdater] INFO  impl.StateMachineUpdater (StateMachineUpdater.java:lambda$new$0(89)) - b5efad6c-21e2-4d99-b376-b80a2810f054@group-ECB279BAF00E-StateMachineUpdater: snapshotIndex: updateIncreasingly -1 -> 16
2022-02-16 01:42:46,616 [grpc-default-executor-2] INFO  server.GrpcLogAppender (GrpcLogAppender.java:onCompleted(346)) - b5efad6c-21e2-4d99-b376-b80a2810f054@group-ECB279BAF00E->2f6f166e-3639-444f-87d9-77f80c10b379-AppendLogResponseHandler: follower responses appendEntries COMPLETED
2022-02-16 01:42:46,616 [grpc-default-executor-1] INFO  server.GrpcServerProtocolService (GrpcServerProtocolService.java:onCompleted(140)) - 7f4e46f4-a6a5-4e91-9d7c-c7c9d4b9ec17: Completed APPEND_ENTRIES, lastRequest: b5efad6c-21e2-4d99-b376-b80a2810f054->7f4e46f4-a6a5-4e91-9d7c-c7c9d4b9ec17#49-t2,previous=(t:2, i:15),leaderCommit=14,initializing? true,entries: size=1, first=(t:2, i:16), METADATAENTRY(c:14)
2022-02-16 01:42:46,617 [grpc-default-executor-0] INFO  server.GrpcLogAppender (GrpcLogAppender.java:onCompleted(346)) - b5efad6c-21e2-4d99-b376-b80a2810f054@group-ECB279BAF00E->7f4e46f4-a6a5-4e91-9d7c-c7c9d4b9ec17-AppendLogResponseHandler: follower responses appendEntries COMPLETED
2022-02-16 01:42:46,618 [grpc-default-executor-2] INFO  leader.FollowerInfo (FollowerInfoImpl.java:lambda$new$0(47)) - b5efad6c-21e2-4d99-b376-b80a2810f054@group-ECB279BAF00E->2f6f166e-3639-444f-87d9-77f80c10b379: nextIndex: updateUnconditionally 17 -> 16
2022-02-16 01:42:46,618 [grpc-default-executor-0] INFO  leader.FollowerInfo (FollowerInfoImpl.java:lambda$new$0(47)) - b5efad6c-21e2-4d99-b376-b80a2810f054@group-ECB279BAF00E->7f4e46f4-a6a5-4e91-9d7c-c7c9d4b9ec17: nextIndex: updateUnconditionally 17 -> 16
2022-02-16 01:42:46,620 [Listener at 127.0.0.1/33913] INFO  server.RaftServer$Division (ServerState.java:close(419)) - b5efad6c-21e2-4d99-b376-b80a2810f054@group-ECB279BAF00E: closes. applyIndex: 16
2022-02-16 01:42:46,620 [b5efad6c-21e2-4d99-b376-b80a2810f054@group-ECB279BAF00E-SegmentedRaftLogWorker] INFO  segmented.SegmentedRaftLogWorker (SegmentedRaftLogWorker.java:run(327)) - b5efad6c-21e2-4d99-b376-b80a2810f054@group-ECB279BAF00E-SegmentedRaftLogWorker was interrupted, exiting. There are 0 tasks remaining in the queue.
2022-02-16 01:42:46,627 [Listener at 127.0.0.1/33913] INFO  segmented.SegmentedRaftLogWorker (SegmentedRaftLogWorker.java:close(237)) - b5efad6c-21e2-4d99-b376-b80a2810f054@group-ECB279BAF00E-SegmentedRaftLogWorker close()
2022-02-16 01:42:46,634 [Listener at 127.0.0.1/33913] INFO  server.GrpcService (GrpcService.java:closeImpl(262)) - b5efad6c-21e2-4d99-b376-b80a2810f054: shutdown server with port 39795 now
2022-02-16 01:42:46,640 [grpc-default-executor-2] WARN  client.GrpcClientProtocolService (LogUtils.java:warn(122)) - 1-UnorderedRequestStreamObserver1: onError: org.apache.ratis.thirdparty.io.grpc.StatusRuntimeException: CANCELLED: client cancelled
2022-02-16 01:42:46,650 [Listener at 127.0.0.1/33913] INFO  server.GrpcService (GrpcService.java:closeImpl(271)) - b5efad6c-21e2-4d99-b376-b80a2810f054: shutdown server with port 39795 successfully
2022-02-16 01:42:46,650 [org.apache.ratis.util.JvmPauseMonitor$$Lambda$431/1906549136@23bb88a] INFO  util.JvmPauseMonitor (JvmPauseMonitor.java:run(109)) - JvmPauseMonitor-b5efad6c-21e2-4d99-b376-b80a2810f054: Stopped
2022-02-16 01:42:48,668 [Listener at 127.0.0.1/33913] INFO  utils.BackgroundService (BackgroundService.java:shutdown(132)) - Shutting down service BlockDeletingService
2022-02-16 01:42:50,927 [0abaf1aa-1b73-4e28-a6e5-0a41a9a3ec34@group-504D69B4F741-FollowerState] INFO  impl.FollowerState (FollowerState.java:run(134)) - 0abaf1aa-1b73-4e28-a6e5-0a41a9a3ec34@group-504D69B4F741-FollowerState: change to CANDIDATE, lastRpcElapsedTime:5114072812ns, electionTimeout:5114ms
2022-02-16 01:42:50,927 [0abaf1aa-1b73-4e28-a6e5-0a41a9a3ec34@group-504D69B4F741-FollowerState] INFO  impl.RoleInfo (RoleInfo.java:shutdownFollowerState(108)) - 0abaf1aa-1b73-4e28-a6e5-0a41a9a3ec34: shutdown 0abaf1aa-1b73-4e28-a6e5-0a41a9a3ec34@group-504D69B4F741-FollowerState
2022-02-16 01:42:50,927 [0abaf1aa-1b73-4e28-a6e5-0a41a9a3ec34@group-504D69B4F741-FollowerState] INFO  server.RaftServer$Division (RaftServerImpl.java:setRole(290)) - 0abaf1aa-1b73-4e28-a6e5-0a41a9a3ec34@group-504D69B4F741: changes role from  FOLLOWER to CANDIDATE at term 3 for changeToCandidate
2022-02-16 01:42:50,927 [0abaf1aa-1b73-4e28-a6e5-0a41a9a3ec34@group-504D69B4F741-FollowerState] INFO  server.RaftServerConfigKeys (ConfUtils.java:logGet(44)) - raft.server.leaderelection.pre-vote = false (custom)
2022-02-16 01:42:50,927 [0abaf1aa-1b73-4e28-a6e5-0a41a9a3ec34@group-504D69B4F741-FollowerState] INFO  impl.RoleInfo (RoleInfo.java:updateAndGet(130)) - 0abaf1aa-1b73-4e28-a6e5-0a41a9a3ec34: start 0abaf1aa-1b73-4e28-a6e5-0a41a9a3ec34@group-504D69B4F741-LeaderElection22
2022-02-16 01:42:50,940 [0abaf1aa-1b73-4e28-a6e5-0a41a9a3ec34@group-504D69B4F741-LeaderElection22] INFO  impl.LeaderElection (LeaderElection.java:askForVotes(306)) - 0abaf1aa-1b73-4e28-a6e5-0a41a9a3ec34@group-504D69B4F741-LeaderElection22 ELECTION round 0: submit vote requests at term 4 for -1: [edcd5571-e430-46af-ba60-7657fe1b1d4c|rpc:10.1.0.46:34285|dataStream:|priority:0, a565342f-4fee-4f25-a030-3e45d0cf0ab9|rpc:10.1.0.46:45097|dataStream:|priority:1, 0abaf1aa-1b73-4e28-a6e5-0a41a9a3ec34|rpc:10.1.0.46:36601|dataStream:|priority:0], old=null
2022-02-16 01:42:50,941 [a565342f-4fee-4f25-a030-3e45d0cf0ab9@group-504D69B4F741-FollowerState] INFO  impl.FollowerState (FollowerState.java:run(134)) - a565342f-4fee-4f25-a030-3e45d0cf0ab9@group-504D69B4F741-FollowerState: change to CANDIDATE, lastRpcElapsedTime:5153226483ns, electionTimeout:5148ms
2022-02-16 01:42:50,942 [a565342f-4fee-4f25-a030-3e45d0cf0ab9@group-504D69B4F741-FollowerState] INFO  impl.RoleInfo (RoleInfo.java:shutdownFollowerState(108)) - a565342f-4fee-4f25-a030-3e45d0cf0ab9: shutdown a565342f-4fee-4f25-a030-3e45d0cf0ab9@group-504D69B4F741-FollowerState
2022-02-16 01:42:50,942 [a565342f-4fee-4f25-a030-3e45d0cf0ab9@group-504D69B4F741-FollowerState] INFO  server.RaftServer$Division (RaftServerImpl.java:setRole(290)) - a565342f-4fee-4f25-a030-3e45d0cf0ab9@group-504D69B4F741: changes role from  FOLLOWER to CANDIDATE at term 3 for changeToCandidate
2022-02-16 01:42:50,953 [edcd5571-e430-46af-ba60-7657fe1b1d4c@group-504D69B4F741-FollowerState] INFO  impl.FollowerState (FollowerState.java:run(134)) - edcd5571-e430-46af-ba60-7657fe1b1d4c@group-504D69B4F741-FollowerState: change to CANDIDATE, lastRpcElapsedTime:5152079473ns, electionTimeout:5148ms
2022-02-16 01:42:50,953 [edcd5571-e430-46af-ba60-7657fe1b1d4c@group-504D69B4F741-FollowerState] INFO  impl.RoleInfo (RoleInfo.java:shutdownFollowerState(108)) - edcd5571-e430-46af-ba60-7657fe1b1d4c: shutdown edcd5571-e430-46af-ba60-7657fe1b1d4c@group-504D69B4F741-FollowerState
2022-02-16 01:42:50,953 [edcd5571-e430-46af-ba60-7657fe1b1d4c@group-504D69B4F741-FollowerState] INFO  server.RaftServer$Division (RaftServerImpl.java:setRole(290)) - edcd5571-e430-46af-ba60-7657fe1b1d4c@group-504D69B4F741: changes role from  FOLLOWER to CANDIDATE at term 3 for changeToCandidate
2022-02-16 01:42:50,953 [a565342f-4fee-4f25-a030-3e45d0cf0ab9@group-504D69B4F741-FollowerState] INFO  server.RaftServerConfigKeys (ConfUtils.java:logGet(44)) - raft.server.leaderelection.pre-vote = false (custom)
2022-02-16 01:42:50,953 [a565342f-4fee-4f25-a030-3e45d0cf0ab9@group-504D69B4F741-FollowerState] INFO  impl.RoleInfo (RoleInfo.java:updateAndGet(130)) - a565342f-4fee-4f25-a030-3e45d0cf0ab9: start a565342f-4fee-4f25-a030-3e45d0cf0ab9@group-504D69B4F741-LeaderElection23
2022-02-16 01:42:50,961 [edcd5571-e430-46af-ba60-7657fe1b1d4c@group-504D69B4F741-FollowerState] INFO  server.RaftServerConfigKeys (ConfUtils.java:logGet(44)) - raft.server.leaderelection.pre-vote = false (custom)
2022-02-16 01:42:50,961 [edcd5571-e430-46af-ba60-7657fe1b1d4c@group-504D69B4F741-FollowerState] INFO  impl.RoleInfo (RoleInfo.java:updateAndGet(130)) - edcd5571-e430-46af-ba60-7657fe1b1d4c: start edcd5571-e430-46af-ba60-7657fe1b1d4c@group-504D69B4F741-LeaderElection24
2022-02-16 01:42:50,963 [a565342f-4fee-4f25-a030-3e45d0cf0ab9@group-504D69B4F741-LeaderElection23] INFO  impl.LeaderElection (LeaderElection.java:askForVotes(306)) - a565342f-4fee-4f25-a030-3e45d0cf0ab9@group-504D69B4F741-LeaderElection23 ELECTION round 0: submit vote requests at term 4 for -1: [edcd5571-e430-46af-ba60-7657fe1b1d4c|rpc:10.1.0.46:34285|dataStream:|priority:0, a565342f-4fee-4f25-a030-3e45d0cf0ab9|rpc:10.1.0.46:45097|dataStream:|priority:1, 0abaf1aa-1b73-4e28-a6e5-0a41a9a3ec34|rpc:10.1.0.46:36601|dataStream:|priority:0], old=null
2022-02-16 01:42:50,972 [grpc-default-executor-1] INFO  server.RaftServer$Division (RaftServerImpl.java:requestVote(1046)) - edcd5571-e430-46af-ba60-7657fe1b1d4c@group-504D69B4F741: receive requestVote(ELECTION, 0abaf1aa-1b73-4e28-a6e5-0a41a9a3ec34, group-504D69B4F741, 4, (t:0, i:0))
2022-02-16 01:42:50,972 [grpc-default-executor-1] INFO  impl.VoteContext (VoteContext.java:log(48)) - edcd5571-e430-46af-ba60-7657fe1b1d4c@group-504D69B4F741-CANDIDATE: accept ELECTION from 0abaf1aa-1b73-4e28-a6e5-0a41a9a3ec34: our priority 0 <= candidate's priority 0
2022-02-16 01:42:50,972 [grpc-default-executor-1] INFO  server.RaftServer$Division (RaftServerImpl.java:setRole(290)) - edcd5571-e430-46af-ba60-7657fe1b1d4c@group-504D69B4F741: changes role from CANDIDATE to FOLLOWER at term 4 for candidate:0abaf1aa-1b73-4e28-a6e5-0a41a9a3ec34
2022-02-16 01:42:50,972 [grpc-default-executor-1] INFO  impl.RoleInfo (RoleInfo.java:shutdownLeaderElection(121)) - edcd5571-e430-46af-ba60-7657fe1b1d4c: shutdown edcd5571-e430-46af-ba60-7657fe1b1d4c@group-504D69B4F741-LeaderElection24
2022-02-16 01:42:50,972 [grpc-default-executor-1] INFO  impl.RoleInfo (RoleInfo.java:updateAndGet(130)) - edcd5571-e430-46af-ba60-7657fe1b1d4c: start edcd5571-e430-46af-ba60-7657fe1b1d4c@group-504D69B4F741-FollowerState
2022-02-16 01:42:50,974 [grpc-default-executor-1] INFO  server.RaftServer$Division (RaftServerImpl.java:requestVote(1078)) - edcd5571-e430-46af-ba60-7657fe1b1d4c@group-504D69B4F741 replies to ELECTION vote request: 0abaf1aa-1b73-4e28-a6e5-0a41a9a3ec34<-edcd5571-e430-46af-ba60-7657fe1b1d4c#0:OK-t4. Peer's state: edcd5571-e430-46af-ba60-7657fe1b1d4c@group-504D69B4F741:t4, leader=null, voted=0abaf1aa-1b73-4e28-a6e5-0a41a9a3ec34, raftlog=edcd5571-e430-46af-ba60-7657fe1b1d4c@group-504D69B4F741-SegmentedRaftLog:OPENED:c-1, conf=-1: [edcd5571-e430-46af-ba60-7657fe1b1d4c|rpc:10.1.0.46:34285|priority:0, a565342f-4fee-4f25-a030-3e45d0cf0ab9|rpc:10.1.0.46:45097|priority:1, 0abaf1aa-1b73-4e28-a6e5-0a41a9a3ec34|rpc:10.1.0.46:36601|priority:0], old=null
2022-02-16 01:42:50,992 [grpc-default-executor-2] INFO  server.RaftServer$Division (RaftServerImpl.java:requestVote(1046)) - edcd5571-e430-46af-ba60-7657fe1b1d4c@group-504D69B4F741: receive requestVote(ELECTION, a565342f-4fee-4f25-a030-3e45d0cf0ab9, group-504D69B4F741, 4, (t:0, i:0))
2022-02-16 01:42:50,993 [grpc-default-executor-2] INFO  impl.VoteContext (VoteContext.java:log(48)) - edcd5571-e430-46af-ba60-7657fe1b1d4c@group-504D69B4F741-FOLLOWER: reject ELECTION from a565342f-4fee-4f25-a030-3e45d0cf0ab9: already has voted for 0abaf1aa-1b73-4e28-a6e5-0a41a9a3ec34 at current term 4
2022-02-16 01:42:50,993 [grpc-default-executor-2] INFO  server.RaftServer$Division (RaftServerImpl.java:requestVote(1078)) - edcd5571-e430-46af-ba60-7657fe1b1d4c@group-504D69B4F741 replies to ELECTION vote request: a565342f-4fee-4f25-a030-3e45d0cf0ab9<-edcd5571-e430-46af-ba60-7657fe1b1d4c#0:FAIL-t4. Peer's state: edcd5571-e430-46af-ba60-7657fe1b1d4c@group-504D69B4F741:t4, leader=null, voted=0abaf1aa-1b73-4e28-a6e5-0a41a9a3ec34, raftlog=edcd5571-e430-46af-ba60-7657fe1b1d4c@group-504D69B4F741-SegmentedRaftLog:OPENED:c-1, conf=-1: [edcd5571-e430-46af-ba60-7657fe1b1d4c|rpc:10.1.0.46:34285|priority:0, a565342f-4fee-4f25-a030-3e45d0cf0ab9|rpc:10.1.0.46:45097|priority:1, 0abaf1aa-1b73-4e28-a6e5-0a41a9a3ec34|rpc:10.1.0.46:36601|priority:0], old=null
2022-02-16 01:42:50,993 [grpc-default-executor-1] INFO  server.RaftServer$Division (RaftServerImpl.java:requestVote(1046)) - a565342f-4fee-4f25-a030-3e45d0cf0ab9@group-504D69B4F741: receive requestVote(ELECTION, 0abaf1aa-1b73-4e28-a6e5-0a41a9a3ec34, group-504D69B4F741, 4, (t:0, i:0))
2022-02-16 01:42:50,993 [grpc-default-executor-1] INFO  impl.VoteContext (VoteContext.java:log(48)) - a565342f-4fee-4f25-a030-3e45d0cf0ab9@group-504D69B4F741-CANDIDATE: reject ELECTION from 0abaf1aa-1b73-4e28-a6e5-0a41a9a3ec34: already has voted for a565342f-4fee-4f25-a030-3e45d0cf0ab9 at current term 4
2022-02-16 01:42:50,993 [grpc-default-executor-1] INFO  server.RaftServer$Division (RaftServerImpl.java:requestVote(1078)) - a565342f-4fee-4f25-a030-3e45d0cf0ab9@group-504D69B4F741 replies to ELECTION vote request: 0abaf1aa-1b73-4e28-a6e5-0a41a9a3ec34<-a565342f-4fee-4f25-a030-3e45d0cf0ab9#0:FAIL-t4. Peer's state: a565342f-4fee-4f25-a030-3e45d0cf0ab9@group-504D69B4F741:t4, leader=null, voted=a565342f-4fee-4f25-a030-3e45d0cf0ab9, raftlog=a565342f-4fee-4f25-a030-3e45d0cf0ab9@group-504D69B4F741-SegmentedRaftLog:OPENED:c-1, conf=-1: [edcd5571-e430-46af-ba60-7657fe1b1d4c|rpc:10.1.0.46:34285|dataStream:|priority:0, a565342f-4fee-4f25-a030-3e45d0cf0ab9|rpc:10.1.0.46:45097|dataStream:|priority:1, 0abaf1aa-1b73-4e28-a6e5-0a41a9a3ec34|rpc:10.1.0.46:36601|dataStream:|priority:0], old=null
2022-02-16 01:42:50,997 [0abaf1aa-1b73-4e28-a6e5-0a41a9a3ec34@group-504D69B4F741-LeaderElection22] INFO  impl.LeaderElection (LeaderElection.java:logAndReturn(89)) - 0abaf1aa-1b73-4e28-a6e5-0a41a9a3ec34@group-504D69B4F741-LeaderElection22: ELECTION REJECTED received 2 response(s) and 0 exception(s):
2022-02-16 01:42:50,997 [0abaf1aa-1b73-4e28-a6e5-0a41a9a3ec34@group-504D69B4F741-LeaderElection22] INFO  impl.LeaderElection (LeaderElection.java:logAndReturn(93)) -   Response 0: 0abaf1aa-1b73-4e28-a6e5-0a41a9a3ec34<-edcd5571-e430-46af-ba60-7657fe1b1d4c#0:OK-t4
2022-02-16 01:42:50,997 [0abaf1aa-1b73-4e28-a6e5-0a41a9a3ec34@group-504D69B4F741-LeaderElection22] INFO  impl.LeaderElection (LeaderElection.java:logAndReturn(93)) -   Response 1: 0abaf1aa-1b73-4e28-a6e5-0a41a9a3ec34<-a565342f-4fee-4f25-a030-3e45d0cf0ab9#0:FAIL-t4
2022-02-16 01:42:50,997 [0abaf1aa-1b73-4e28-a6e5-0a41a9a3ec34@group-504D69B4F741-LeaderElection22] INFO  impl.LeaderElection (LeaderElection.java:askForVotes(308)) - 0abaf1aa-1b73-4e28-a6e5-0a41a9a3ec34@group-504D69B4F741-LeaderElection22 ELECTION round 0: result REJECTED
2022-02-16 01:42:50,997 [0abaf1aa-1b73-4e28-a6e5-0a41a9a3ec34@group-504D69B4F741-LeaderElection22] INFO  server.RaftServer$Division (RaftServerImpl.java:setRole(290)) - 0abaf1aa-1b73-4e28-a6e5-0a41a9a3ec34@group-504D69B4F741: changes role from CANDIDATE to FOLLOWER at term 4 for REJECTED
2022-02-16 01:42:50,997 [0abaf1aa-1b73-4e28-a6e5-0a41a9a3ec34@group-504D69B4F741-LeaderElection22] INFO  impl.RoleInfo (RoleInfo.java:shutdownLeaderElection(121)) - 0abaf1aa-1b73-4e28-a6e5-0a41a9a3ec34: shutdown 0abaf1aa-1b73-4e28-a6e5-0a41a9a3ec34@group-504D69B4F741-LeaderElection22
2022-02-16 01:42:50,997 [0abaf1aa-1b73-4e28-a6e5-0a41a9a3ec34@group-504D69B4F741-LeaderElection22] INFO  impl.RoleInfo (RoleInfo.java:updateAndGet(130)) - 0abaf1aa-1b73-4e28-a6e5-0a41a9a3ec34: start 0abaf1aa-1b73-4e28-a6e5-0a41a9a3ec34@group-504D69B4F741-FollowerState
2022-02-16 01:42:51,003 [grpc-default-executor-2] INFO  server.RaftServer$Division (RaftServerImpl.java:requestVote(1046)) - 0abaf1aa-1b73-4e28-a6e5-0a41a9a3ec34@group-504D69B4F741: receive requestVote(ELECTION, a565342f-4fee-4f25-a030-3e45d0cf0ab9, group-504D69B4F741, 4, (t:0, i:0))
2022-02-16 01:42:51,004 [grpc-default-executor-2] INFO  impl.VoteContext (VoteContext.java:log(48)) - 0abaf1aa-1b73-4e28-a6e5-0a41a9a3ec34@group-504D69B4F741-FOLLOWER: reject ELECTION from a565342f-4fee-4f25-a030-3e45d0cf0ab9: already has voted for 0abaf1aa-1b73-4e28-a6e5-0a41a9a3ec34 at current term 4
2022-02-16 01:42:51,004 [grpc-default-executor-2] INFO  server.RaftServer$Division (RaftServerImpl.java:requestVote(1078)) - 0abaf1aa-1b73-4e28-a6e5-0a41a9a3ec34@group-504D69B4F741 replies to ELECTION vote request: a565342f-4fee-4f25-a030-3e45d0cf0ab9<-0abaf1aa-1b73-4e28-a6e5-0a41a9a3ec34#0:FAIL-t4. Peer's state: 0abaf1aa-1b73-4e28-a6e5-0a41a9a3ec34@group-504D69B4F741:t4, leader=null, voted=0abaf1aa-1b73-4e28-a6e5-0a41a9a3ec34, raftlog=0abaf1aa-1b73-4e28-a6e5-0a41a9a3ec34@group-504D69B4F741-SegmentedRaftLog:OPENED:c-1, conf=-1: [edcd5571-e430-46af-ba60-7657fe1b1d4c|rpc:10.1.0.46:34285|dataStream:|priority:0, a565342f-4fee-4f25-a030-3e45d0cf0ab9|rpc:10.1.0.46:45097|dataStream:|priority:1, 0abaf1aa-1b73-4e28-a6e5-0a41a9a3ec34|rpc:10.1.0.46:36601|dataStream:|priority:0], old=null
2022-02-16 01:42:51,006 [a565342f-4fee-4f25-a030-3e45d0cf0ab9@group-504D69B4F741-LeaderElection23] INFO  impl.LeaderElection (LeaderElection.java:logAndReturn(89)) - a565342f-4fee-4f25-a030-3e45d0cf0ab9@group-504D69B4F741-LeaderElection23: ELECTION REJECTED received 2 response(s) and 0 exception(s):
2022-02-16 01:42:51,006 [a565342f-4fee-4f25-a030-3e45d0cf0ab9@group-504D69B4F741-LeaderElection23] INFO  impl.LeaderElection (LeaderElection.java:logAndReturn(93)) -   Response 0: a565342f-4fee-4f25-a030-3e45d0cf0ab9<-edcd5571-e430-46af-ba60-7657fe1b1d4c#0:FAIL-t4
2022-02-16 01:42:51,006 [a565342f-4fee-4f25-a030-3e45d0cf0ab9@group-504D69B4F741-LeaderElection23] INFO  impl.LeaderElection (LeaderElection.java:logAndReturn(93)) -   Response 1: a565342f-4fee-4f25-a030-3e45d0cf0ab9<-0abaf1aa-1b73-4e28-a6e5-0a41a9a3ec34#0:FAIL-t4
2022-02-16 01:42:51,006 [a565342f-4fee-4f25-a030-3e45d0cf0ab9@group-504D69B4F741-LeaderElection23] INFO  impl.LeaderElection (LeaderElection.java:askForVotes(308)) - a565342f-4fee-4f25-a030-3e45d0cf0ab9@group-504D69B4F741-LeaderElection23 ELECTION round 0: result REJECTED
2022-02-16 01:42:51,006 [a565342f-4fee-4f25-a030-3e45d0cf0ab9@group-504D69B4F741-LeaderElection23] INFO  server.RaftServer$Division (RaftServerImpl.java:setRole(290)) - a565342f-4fee-4f25-a030-3e45d0cf0ab9@group-504D69B4F741: changes role from CANDIDATE to FOLLOWER at term 4 for REJECTED
2022-02-16 01:42:51,007 [a565342f-4fee-4f25-a030-3e45d0cf0ab9@group-504D69B4F741-LeaderElection23] INFO  impl.RoleInfo (RoleInfo.java:shutdownLeaderElection(121)) - a565342f-4fee-4f25-a030-3e45d0cf0ab9: shutdown a565342f-4fee-4f25-a030-3e45d0cf0ab9@group-504D69B4F741-LeaderElection23
2022-02-16 01:42:51,007 [a565342f-4fee-4f25-a030-3e45d0cf0ab9@group-504D69B4F741-LeaderElection23] INFO  impl.RoleInfo (RoleInfo.java:updateAndGet(130)) - a565342f-4fee-4f25-a030-3e45d0cf0ab9: start a565342f-4fee-4f25-a030-3e45d0cf0ab9@group-504D69B4F741-FollowerState
2022-02-16 01:42:51,538 [81aedf04-38bc-4259-8f21-07d047f65c5c@group-1F9862849013-FollowerState] INFO  impl.FollowerState (FollowerState.java:run(134)) - 81aedf04-38bc-4259-8f21-07d047f65c5c@group-1F9862849013-FollowerState: change to CANDIDATE, lastRpcElapsedTime:5043420938ns, electionTimeout:5039ms
2022-02-16 01:42:51,538 [81aedf04-38bc-4259-8f21-07d047f65c5c@group-1F9862849013-FollowerState] INFO  impl.RoleInfo (RoleInfo.java:shutdownFollowerState(108)) - 81aedf04-38bc-4259-8f21-07d047f65c5c: shutdown 81aedf04-38bc-4259-8f21-07d047f65c5c@group-1F9862849013-FollowerState
2022-02-16 01:42:51,538 [81aedf04-38bc-4259-8f21-07d047f65c5c@group-1F9862849013-FollowerState] INFO  server.RaftServer$Division (RaftServerImpl.java:setRole(290)) - 81aedf04-38bc-4259-8f21-07d047f65c5c@group-1F9862849013: changes role from  FOLLOWER to CANDIDATE at term 3 for changeToCandidate
2022-02-16 01:42:51,538 [81aedf04-38bc-4259-8f21-07d047f65c5c@group-1F9862849013-FollowerState] INFO  server.RaftServerConfigKeys (ConfUtils.java:logGet(44)) - raft.server.leaderelection.pre-vote = false (custom)
2022-02-16 01:42:51,538 [81aedf04-38bc-4259-8f21-07d047f65c5c@group-1F9862849013-FollowerState] INFO  impl.RoleInfo (RoleInfo.java:updateAndGet(130)) - 81aedf04-38bc-4259-8f21-07d047f65c5c: start 81aedf04-38bc-4259-8f21-07d047f65c5c@group-1F9862849013-LeaderElection25
2022-02-16 01:42:51,547 [003e5be4-9867-4f5a-83bb-9c943051b5bb@group-1F9862849013-FollowerState] INFO  impl.FollowerState (FollowerState.java:run(134)) - 003e5be4-9867-4f5a-83bb-9c943051b5bb@group-1F9862849013-FollowerState: change to CANDIDATE, lastRpcElapsedTime:5064852542ns, electionTimeout:5055ms
2022-02-16 01:42:51,547 [003e5be4-9867-4f5a-83bb-9c943051b5bb@group-1F9862849013-FollowerState] INFO  impl.RoleInfo (RoleInfo.java:shutdownFollowerState(108)) - 003e5be4-9867-4f5a-83bb-9c943051b5bb: shutdown 003e5be4-9867-4f5a-83bb-9c943051b5bb@group-1F9862849013-FollowerState
2022-02-16 01:42:51,547 [003e5be4-9867-4f5a-83bb-9c943051b5bb@group-1F9862849013-FollowerState] INFO  server.RaftServer$Division (RaftServerImpl.java:setRole(290)) - 003e5be4-9867-4f5a-83bb-9c943051b5bb@group-1F9862849013: changes role from  FOLLOWER to CANDIDATE at term 3 for changeToCandidate
2022-02-16 01:42:51,547 [003e5be4-9867-4f5a-83bb-9c943051b5bb@group-1F9862849013-FollowerState] INFO  server.RaftServerConfigKeys (ConfUtils.java:logGet(44)) - raft.server.leaderelection.pre-vote = false (custom)
2022-02-16 01:42:51,547 [003e5be4-9867-4f5a-83bb-9c943051b5bb@group-1F9862849013-FollowerState] INFO  impl.RoleInfo (RoleInfo.java:updateAndGet(130)) - 003e5be4-9867-4f5a-83bb-9c943051b5bb: start 003e5be4-9867-4f5a-83bb-9c943051b5bb@group-1F9862849013-LeaderElection26
2022-02-16 01:42:51,551 [81aedf04-38bc-4259-8f21-07d047f65c5c@group-1F9862849013-LeaderElection25] INFO  impl.LeaderElection (LeaderElection.java:askForVotes(306)) - 81aedf04-38bc-4259-8f21-07d047f65c5c@group-1F9862849013-LeaderElection25 ELECTION round 0: submit vote requests at term 4 for -1: [81aedf04-38bc-4259-8f21-07d047f65c5c|rpc:10.1.0.46:43527|priority:0, a160d0e9-2905-4393-b4ab-3632e6d9b9e1|rpc:10.1.0.46:39495|priority:0, 003e5be4-9867-4f5a-83bb-9c943051b5bb|rpc:10.1.0.46:37171|priority:1], old=null
2022-02-16 01:42:51,557 [grpc-default-executor-2] INFO  server.RaftServer$Division (RaftServerImpl.java:requestVote(1046)) - a160d0e9-2905-4393-b4ab-3632e6d9b9e1@group-1F9862849013: receive requestVote(ELECTION, 81aedf04-38bc-4259-8f21-07d047f65c5c, group-1F9862849013, 4, (t:0, i:0))
2022-02-16 01:42:51,557 [grpc-default-executor-2] INFO  impl.VoteContext (VoteContext.java:log(48)) - a160d0e9-2905-4393-b4ab-3632e6d9b9e1@group-1F9862849013-FOLLOWER: accept ELECTION from 81aedf04-38bc-4259-8f21-07d047f65c5c: our priority 0 <= candidate's priority 0
2022-02-16 01:42:51,557 [grpc-default-executor-2] INFO  server.RaftServer$Division (RaftServerImpl.java:setRole(290)) - a160d0e9-2905-4393-b4ab-3632e6d9b9e1@group-1F9862849013: changes role from  FOLLOWER to FOLLOWER at term 4 for candidate:81aedf04-38bc-4259-8f21-07d047f65c5c
2022-02-16 01:42:51,557 [grpc-default-executor-2] INFO  impl.RoleInfo (RoleInfo.java:shutdownFollowerState(108)) - a160d0e9-2905-4393-b4ab-3632e6d9b9e1: shutdown a160d0e9-2905-4393-b4ab-3632e6d9b9e1@group-1F9862849013-FollowerState
2022-02-16 01:42:51,558 [grpc-default-executor-2] INFO  impl.RoleInfo (RoleInfo.java:updateAndGet(130)) - a160d0e9-2905-4393-b4ab-3632e6d9b9e1: start a160d0e9-2905-4393-b4ab-3632e6d9b9e1@group-1F9862849013-FollowerState
2022-02-16 01:42:51,558 [a160d0e9-2905-4393-b4ab-3632e6d9b9e1@group-1F9862849013-FollowerState] INFO  impl.FollowerState (FollowerState.java:run(143)) - a160d0e9-2905-4393-b4ab-3632e6d9b9e1@group-1F9862849013-FollowerState was interrupted: {}
java.lang.InterruptedException: sleep interrupted
	at java.lang.Thread.sleep(Native Method)
	at java.lang.Thread.sleep(Thread.java:340)
	at java.util.concurrent.TimeUnit.sleep(TimeUnit.java:386)
	at org.apache.ratis.util.TimeDuration.sleep(TimeDuration.java:324)
	at org.apache.ratis.util.TimeDuration.sleep(TimeDuration.java:309)
	at org.apache.ratis.server.impl.FollowerState.run(FollowerState.java:118)
2022-02-16 01:42:51,558 [grpc-default-executor-1] INFO  server.RaftServer$Division (RaftServerImpl.java:requestVote(1046)) - 003e5be4-9867-4f5a-83bb-9c943051b5bb@group-1F9862849013: receive requestVote(ELECTION, 81aedf04-38bc-4259-8f21-07d047f65c5c, group-1F9862849013, 4, (t:0, i:0))
2022-02-16 01:42:51,558 [grpc-default-executor-1] INFO  impl.VoteContext (VoteContext.java:log(48)) - 003e5be4-9867-4f5a-83bb-9c943051b5bb@group-1F9862849013-CANDIDATE: reject ELECTION from 81aedf04-38bc-4259-8f21-07d047f65c5c: our priority 1 > candidate's priority 0
2022-02-16 01:42:51,558 [grpc-default-executor-1] INFO  server.RaftServer$Division (RaftServerImpl.java:setRole(290)) - 003e5be4-9867-4f5a-83bb-9c943051b5bb@group-1F9862849013: changes role from CANDIDATE to FOLLOWER at term 4 for candidate:81aedf04-38bc-4259-8f21-07d047f65c5c
2022-02-16 01:42:51,558 [grpc-default-executor-1] INFO  impl.RoleInfo (RoleInfo.java:shutdownLeaderElection(121)) - 003e5be4-9867-4f5a-83bb-9c943051b5bb: shutdown 003e5be4-9867-4f5a-83bb-9c943051b5bb@group-1F9862849013-LeaderElection26
2022-02-16 01:42:51,566 [grpc-default-executor-1] INFO  impl.RoleInfo (RoleInfo.java:updateAndGet(130)) - 003e5be4-9867-4f5a-83bb-9c943051b5bb: start 003e5be4-9867-4f5a-83bb-9c943051b5bb@group-1F9862849013-FollowerState
2022-02-16 01:42:51,566 [grpc-default-executor-2] INFO  server.RaftServer$Division (RaftServerImpl.java:requestVote(1078)) - a160d0e9-2905-4393-b4ab-3632e6d9b9e1@group-1F9862849013 replies to ELECTION vote request: 81aedf04-38bc-4259-8f21-07d047f65c5c<-a160d0e9-2905-4393-b4ab-3632e6d9b9e1#0:OK-t4. Peer's state: a160d0e9-2905-4393-b4ab-3632e6d9b9e1@group-1F9862849013:t4, leader=null, voted=81aedf04-38bc-4259-8f21-07d047f65c5c, raftlog=a160d0e9-2905-4393-b4ab-3632e6d9b9e1@group-1F9862849013-SegmentedRaftLog:OPENED:c-1, conf=-1: [81aedf04-38bc-4259-8f21-07d047f65c5c|rpc:10.1.0.46:43527|dataStream:|priority:0, a160d0e9-2905-4393-b4ab-3632e6d9b9e1|rpc:10.1.0.46:39495|dataStream:|priority:0, 003e5be4-9867-4f5a-83bb-9c943051b5bb|rpc:10.1.0.46:37171|dataStream:|priority:1], old=null
2022-02-16 01:42:51,567 [grpc-default-executor-1] INFO  server.RaftServer$Division (RaftServerImpl.java:requestVote(1078)) - 003e5be4-9867-4f5a-83bb-9c943051b5bb@group-1F9862849013 replies to ELECTION vote request: 81aedf04-38bc-4259-8f21-07d047f65c5c<-003e5be4-9867-4f5a-83bb-9c943051b5bb#0:FAIL-t4. Peer's state: 003e5be4-9867-4f5a-83bb-9c943051b5bb@group-1F9862849013:t4, leader=null, voted=null, raftlog=003e5be4-9867-4f5a-83bb-9c943051b5bb@group-1F9862849013-SegmentedRaftLog:OPENED:c-1, conf=-1: [81aedf04-38bc-4259-8f21-07d047f65c5c|rpc:10.1.0.46:43527|dataStream:|priority:0, a160d0e9-2905-4393-b4ab-3632e6d9b9e1|rpc:10.1.0.46:39495|dataStream:|priority:0, 003e5be4-9867-4f5a-83bb-9c943051b5bb|rpc:10.1.0.46:37171|dataStream:|priority:1], old=null
2022-02-16 01:42:51,568 [003e5be4-9867-4f5a-83bb-9c943051b5bb@group-1F9862849013-LeaderElection26] INFO  impl.LeaderElection (LeaderElection.java:run(230)) - 003e5be4-9867-4f5a-83bb-9c943051b5bb@group-1F9862849013-LeaderElection26: skip running since this is already CLOSING
2022-02-16 01:42:51,568 [81aedf04-38bc-4259-8f21-07d047f65c5c@group-1F9862849013-LeaderElection25] INFO  impl.LeaderElection (LeaderElection.java:logAndReturn(89)) - 81aedf04-38bc-4259-8f21-07d047f65c5c@group-1F9862849013-LeaderElection25: ELECTION REJECTED received 2 response(s) and 0 exception(s):
2022-02-16 01:42:51,568 [81aedf04-38bc-4259-8f21-07d047f65c5c@group-1F9862849013-LeaderElection25] INFO  impl.LeaderElection (LeaderElection.java:logAndReturn(93)) -   Response 0: 81aedf04-38bc-4259-8f21-07d047f65c5c<-a160d0e9-2905-4393-b4ab-3632e6d9b9e1#0:OK-t4
2022-02-16 01:42:51,568 [81aedf04-38bc-4259-8f21-07d047f65c5c@group-1F9862849013-LeaderElection25] INFO  impl.LeaderElection (LeaderElection.java:logAndReturn(93)) -   Response 1: 81aedf04-38bc-4259-8f21-07d047f65c5c<-003e5be4-9867-4f5a-83bb-9c943051b5bb#0:FAIL-t4
2022-02-16 01:42:51,568 [81aedf04-38bc-4259-8f21-07d047f65c5c@group-1F9862849013-LeaderElection25] INFO  impl.LeaderElection (LeaderElection.java:askForVotes(308)) - 81aedf04-38bc-4259-8f21-07d047f65c5c@group-1F9862849013-LeaderElection25 ELECTION round 0: result REJECTED
2022-02-16 01:42:51,568 [81aedf04-38bc-4259-8f21-07d047f65c5c@group-1F9862849013-LeaderElection25] INFO  server.RaftServer$Division (RaftServerImpl.java:setRole(290)) - 81aedf04-38bc-4259-8f21-07d047f65c5c@group-1F9862849013: changes role from CANDIDATE to FOLLOWER at term 4 for REJECTED
2022-02-16 01:42:51,568 [81aedf04-38bc-4259-8f21-07d047f65c5c@group-1F9862849013-LeaderElection25] INFO  impl.RoleInfo (RoleInfo.java:shutdownLeaderElection(121)) - 81aedf04-38bc-4259-8f21-07d047f65c5c: shutdown 81aedf04-38bc-4259-8f21-07d047f65c5c@group-1F9862849013-LeaderElection25
2022-02-16 01:42:51,569 [81aedf04-38bc-4259-8f21-07d047f65c5c@group-1F9862849013-LeaderElection25] INFO  impl.RoleInfo (RoleInfo.java:updateAndGet(130)) - 81aedf04-38bc-4259-8f21-07d047f65c5c: start 81aedf04-38bc-4259-8f21-07d047f65c5c@group-1F9862849013-FollowerState
2022-02-16 01:42:51,670 [Listener at 127.0.0.1/33913] INFO  statemachine.DatanodeStateMachine (DatanodeStateMachine.java:stopDaemon(529)) - Ozone container server stopped.
2022-02-16 01:42:51,673 [Listener at 127.0.0.1/33913] INFO  handler.ContextHandler (ContextHandler.java:doStop(1153)) - Stopped o.e.j.w.WebAppContext@5bc2fcc6{hddsDatanode,/,null,STOPPED}{jar:file:/home/runner/.m2/repository/org/apache/ozone/hdds-container-service/1.3.0-SNAPSHOT/hdds-container-service-1.3.0-SNAPSHOT.jar!/webapps/hddsDatanode}
2022-02-16 01:42:51,689 [Listener at 127.0.0.1/33913] INFO  server.AbstractConnector (AbstractConnector.java:doStop(381)) - Stopped ServerConnector@263426ea{HTTP/1.1, (http/1.1)}{0.0.0.0:0}
2022-02-16 01:42:51,690 [Listener at 127.0.0.1/33913] INFO  server.session (HouseKeeper.java:stopScavenging(149)) - node0 Stopped scavenging
2022-02-16 01:42:51,690 [Listener at 127.0.0.1/33913] INFO  handler.ContextHandler (ContextHandler.java:doStop(1153)) - Stopped o.e.j.s.ServletContextHandler@20ea933f{static,/static,jar:file:/home/runner/.m2/repository/org/apache/ozone/hdds-container-service/1.3.0-SNAPSHOT/hdds-container-service-1.3.0-SNAPSHOT.jar!/webapps/static,STOPPED}
2022-02-16 01:42:51,690 [Listener at 127.0.0.1/33913] INFO  handler.ContextHandler (ContextHandler.java:doStop(1153)) - Stopped o.e.j.s.ServletContextHandler@400ed209{logs,/logs,file:///home/runner/work/ozone/ozone/hadoop-ozone/integration-test/target/log,STOPPED}
2022-02-16 01:42:55,309 [2f6f166e-3639-444f-87d9-77f80c10b379@group-ECB279BAF00E-FollowerState] INFO  impl.FollowerState (FollowerState.java:run(134)) - 2f6f166e-3639-444f-87d9-77f80c10b379@group-ECB279BAF00E-FollowerState: change to CANDIDATE, lastRpcElapsedTime:8780082579ns, electionTimeout:5028ms
2022-02-16 01:42:55,309 [2f6f166e-3639-444f-87d9-77f80c10b379@group-ECB279BAF00E-FollowerState] INFO  impl.RoleInfo (RoleInfo.java:shutdownFollowerState(108)) - 2f6f166e-3639-444f-87d9-77f80c10b379: shutdown 2f6f166e-3639-444f-87d9-77f80c10b379@group-ECB279BAF00E-FollowerState
2022-02-16 01:42:55,309 [2f6f166e-3639-444f-87d9-77f80c10b379@group-ECB279BAF00E-FollowerState] INFO  server.RaftServer$Division (RaftServerImpl.java:setRole(290)) - 2f6f166e-3639-444f-87d9-77f80c10b379@group-ECB279BAF00E: changes role from  FOLLOWER to CANDIDATE at term 2 for changeToCandidate
2022-02-16 01:42:55,309 [2f6f166e-3639-444f-87d9-77f80c10b379@group-ECB279BAF00E-FollowerState] INFO  server.RaftServerConfigKeys (ConfUtils.java:logGet(44)) - raft.server.leaderelection.pre-vote = false (custom)
2022-02-16 01:42:55,309 [2f6f166e-3639-444f-87d9-77f80c10b379@group-ECB279BAF00E-FollowerState] INFO  impl.RoleInfo (RoleInfo.java:updateAndGet(130)) - 2f6f166e-3639-444f-87d9-77f80c10b379: start 2f6f166e-3639-444f-87d9-77f80c10b379@group-ECB279BAF00E-LeaderElection27
2022-02-16 01:42:55,315 [2f6f166e-3639-444f-87d9-77f80c10b379@group-ECB279BAF00E-LeaderElection27] INFO  server.RaftServer$Division (ServerState.java:setLeader(285)) - 2f6f166e-3639-444f-87d9-77f80c10b379@group-ECB279BAF00E: change Leader from b5efad6c-21e2-4d99-b376-b80a2810f054 to null at term 2 for ELECTION
2022-02-16 01:42:55,317 [2f6f166e-3639-444f-87d9-77f80c10b379@group-ECB279BAF00E-LeaderElection27] INFO  impl.LeaderElection (LeaderElection.java:askForVotes(306)) - 2f6f166e-3639-444f-87d9-77f80c10b379@group-ECB279BAF00E-LeaderElection27 ELECTION round 0: submit vote requests at term 3 for 0: [b5efad6c-21e2-4d99-b376-b80a2810f054|rpc:10.1.0.46:39795|dataStream:|priority:1, 2f6f166e-3639-444f-87d9-77f80c10b379|rpc:10.1.0.46:41167|dataStream:|priority:0, 7f4e46f4-a6a5-4e91-9d7c-c7c9d4b9ec17|rpc:10.1.0.46:38997|dataStream:|priority:0], old=null
2022-02-16 01:42:55,331 [grpc-default-executor-1] INFO  server.RaftServer$Division (RaftServerImpl.java:requestVote(1046)) - 7f4e46f4-a6a5-4e91-9d7c-c7c9d4b9ec17@group-ECB279BAF00E: receive requestVote(ELECTION, 2f6f166e-3639-444f-87d9-77f80c10b379, group-ECB279BAF00E, 3, (t:2, i:16))
2022-02-16 01:42:55,331 [grpc-default-executor-1] INFO  impl.VoteContext (VoteContext.java:log(48)) - 7f4e46f4-a6a5-4e91-9d7c-c7c9d4b9ec17@group-ECB279BAF00E-FOLLOWER: accept ELECTION from 2f6f166e-3639-444f-87d9-77f80c10b379: our priority 0 <= candidate's priority 0
2022-02-16 01:42:55,331 [grpc-default-executor-1] INFO  server.RaftServer$Division (ServerState.java:setLeader(285)) - 7f4e46f4-a6a5-4e91-9d7c-c7c9d4b9ec17@group-ECB279BAF00E: change Leader from b5efad6c-21e2-4d99-b376-b80a2810f054 to null at term 3 for updateCurrentTerm
2022-02-16 01:42:55,331 [grpc-default-executor-1] INFO  server.RaftServer$Division (RaftServerImpl.java:setRole(290)) - 7f4e46f4-a6a5-4e91-9d7c-c7c9d4b9ec17@group-ECB279BAF00E: changes role from  FOLLOWER to FOLLOWER at term 3 for candidate:2f6f166e-3639-444f-87d9-77f80c10b379
2022-02-16 01:42:55,331 [grpc-default-executor-1] INFO  impl.RoleInfo (RoleInfo.java:shutdownFollowerState(108)) - 7f4e46f4-a6a5-4e91-9d7c-c7c9d4b9ec17: shutdown 7f4e46f4-a6a5-4e91-9d7c-c7c9d4b9ec17@group-ECB279BAF00E-FollowerState
2022-02-16 01:42:55,331 [grpc-default-executor-1] INFO  impl.RoleInfo (RoleInfo.java:updateAndGet(130)) - 7f4e46f4-a6a5-4e91-9d7c-c7c9d4b9ec17: start 7f4e46f4-a6a5-4e91-9d7c-c7c9d4b9ec17@group-ECB279BAF00E-FollowerState
2022-02-16 01:42:55,334 [7f4e46f4-a6a5-4e91-9d7c-c7c9d4b9ec17@group-ECB279BAF00E-FollowerState] INFO  impl.FollowerState (FollowerState.java:run(143)) - 7f4e46f4-a6a5-4e91-9d7c-c7c9d4b9ec17@group-ECB279BAF00E-FollowerState was interrupted: {}
java.lang.InterruptedException: sleep interrupted
	at java.lang.Thread.sleep(Native Method)
	at java.lang.Thread.sleep(Thread.java:340)
	at java.util.concurrent.TimeUnit.sleep(TimeUnit.java:386)
	at org.apache.ratis.util.TimeDuration.sleep(TimeDuration.java:324)
	at org.apache.ratis.util.TimeDuration.sleep(TimeDuration.java:309)
	at org.apache.ratis.server.impl.FollowerState.run(FollowerState.java:118)
2022-02-16 01:42:55,335 [grpc-default-executor-1] INFO  server.RaftServer$Division (RaftServerImpl.java:requestVote(1078)) - 7f4e46f4-a6a5-4e91-9d7c-c7c9d4b9ec17@group-ECB279BAF00E replies to ELECTION vote request: 2f6f166e-3639-444f-87d9-77f80c10b379<-7f4e46f4-a6a5-4e91-9d7c-c7c9d4b9ec17#0:OK-t3. Peer's state: 7f4e46f4-a6a5-4e91-9d7c-c7c9d4b9ec17@group-ECB279BAF00E:t3, leader=null, voted=2f6f166e-3639-444f-87d9-77f80c10b379, raftlog=7f4e46f4-a6a5-4e91-9d7c-c7c9d4b9ec17@group-ECB279BAF00E-SegmentedRaftLog:OPENED:c16, conf=0: [b5efad6c-21e2-4d99-b376-b80a2810f054|rpc:10.1.0.46:39795|dataStream:|priority:1, 2f6f166e-3639-444f-87d9-77f80c10b379|rpc:10.1.0.46:41167|dataStream:|priority:0, 7f4e46f4-a6a5-4e91-9d7c-c7c9d4b9ec17|rpc:10.1.0.46:38997|dataStream:|priority:0], old=null
2022-02-16 01:42:55,347 [2f6f166e-3639-444f-87d9-77f80c10b379@group-ECB279BAF00E-LeaderElection27] INFO  impl.LeaderElection (LogUtils.java:infoOrTrace(137)) - 2f6f166e-3639-444f-87d9-77f80c10b379@group-ECB279BAF00E-LeaderElection27 got exception when requesting votes: java.util.concurrent.ExecutionException: org.apache.ratis.thirdparty.io.grpc.StatusRuntimeException: UNAVAILABLE: io exception
2022-02-16 01:42:55,347 [2f6f166e-3639-444f-87d9-77f80c10b379@group-ECB279BAF00E-LeaderElection27] INFO  impl.LeaderElection (LeaderElection.java:logAndReturn(89)) - 2f6f166e-3639-444f-87d9-77f80c10b379@group-ECB279BAF00E-LeaderElection27: ELECTION PASSED received 1 response(s) and 1 exception(s):
2022-02-16 01:42:55,347 [2f6f166e-3639-444f-87d9-77f80c10b379@group-ECB279BAF00E-LeaderElection27] INFO  impl.LeaderElection (LeaderElection.java:logAndReturn(93)) -   Response 0: 2f6f166e-3639-444f-87d9-77f80c10b379<-7f4e46f4-a6a5-4e91-9d7c-c7c9d4b9ec17#0:OK-t3
2022-02-16 01:42:55,347 [2f6f166e-3639-444f-87d9-77f80c10b379@group-ECB279BAF00E-LeaderElection27] INFO  impl.LeaderElection (LogUtils.java:infoOrTrace(137)) -   Exception 1: java.util.concurrent.ExecutionException: org.apache.ratis.thirdparty.io.grpc.StatusRuntimeException: UNAVAILABLE: io exception
2022-02-16 01:42:55,347 [2f6f166e-3639-444f-87d9-77f80c10b379@group-ECB279BAF00E-LeaderElection27] INFO  impl.LeaderElection (LeaderElection.java:askForVotes(308)) - 2f6f166e-3639-444f-87d9-77f80c10b379@group-ECB279BAF00E-LeaderElection27 ELECTION round 0: result PASSED
2022-02-16 01:42:55,347 [2f6f166e-3639-444f-87d9-77f80c10b379@group-ECB279BAF00E-LeaderElection27] INFO  impl.RoleInfo (RoleInfo.java:shutdownLeaderElection(121)) - 2f6f166e-3639-444f-87d9-77f80c10b379: shutdown 2f6f166e-3639-444f-87d9-77f80c10b379@group-ECB279BAF00E-LeaderElection27
2022-02-16 01:42:55,347 [2f6f166e-3639-444f-87d9-77f80c10b379@group-ECB279BAF00E-LeaderElection27] INFO  server.RaftServer$Division (RaftServerImpl.java:setRole(290)) - 2f6f166e-3639-444f-87d9-77f80c10b379@group-ECB279BAF00E: changes role from CANDIDATE to LEADER at term 3 for changeToLeader
2022-02-16 01:42:55,347 [2f6f166e-3639-444f-87d9-77f80c10b379@group-ECB279BAF00E-LeaderElection27] INFO  ratis.XceiverServerRatis (XceiverServerRatis.java:handleLeaderChangedNotification(867)) - Leader change notification received for group: group-ECB279BAF00E with new leaderId: 2f6f166e-3639-444f-87d9-77f80c10b379
2022-02-16 01:42:55,348 [2f6f166e-3639-444f-87d9-77f80c10b379@group-ECB279BAF00E-LeaderElection27] INFO  server.RaftServer$Division (ServerState.java:setLeader(285)) - 2f6f166e-3639-444f-87d9-77f80c10b379@group-ECB279BAF00E: change Leader from null to 2f6f166e-3639-444f-87d9-77f80c10b379 at term 3 for becomeLeader, leader elected after 32ms
2022-02-16 01:42:55,348 [2f6f166e-3639-444f-87d9-77f80c10b379@group-ECB279BAF00E-LeaderElection27] INFO  server.RaftServerConfigKeys (ConfUtils.java:logGet(44)) - raft.server.staging.catchup.gap = 1000 (default)
2022-02-16 01:42:55,348 [2f6f166e-3639-444f-87d9-77f80c10b379@group-ECB279BAF00E-LeaderElection27] INFO  server.RaftServerConfigKeys (ConfUtils.java:logGet(44)) - raft.server.write.element-limit = 1024 (custom)
2022-02-16 01:42:55,348 [2f6f166e-3639-444f-87d9-77f80c10b379@group-ECB279BAF00E-LeaderElection27] INFO  server.RaftServerConfigKeys (ConfUtils.java:logGet(44)) - raft.server.write.byte-limit = 1024 M (=1073741824) (custom)
2022-02-16 01:42:55,348 [2f6f166e-3639-444f-87d9-77f80c10b379@group-ECB279BAF00E-LeaderElection27] INFO  server.RaftServerConfigKeys (ConfUtils.java:logGet(44)) - raft.server.watch.timeout = 3000ms (custom)
2022-02-16 01:42:55,348 [2f6f166e-3639-444f-87d9-77f80c10b379@group-ECB279BAF00E-LeaderElection27] INFO  server.RaftServerConfigKeys (ConfUtils.java:logGet(44)) - raft.server.watch.timeout.denomination = 1s (default)
2022-02-16 01:42:55,348 [2f6f166e-3639-444f-87d9-77f80c10b379@group-ECB279BAF00E-LeaderElection27] INFO  server.RaftServerConfigKeys (ConfUtils.java:logGet(44)) - raft.server.watch.element-limit = 65536 (default)
2022-02-16 01:42:55,348 [2f6f166e-3639-444f-87d9-77f80c10b379@group-ECB279BAF00E-LeaderElection27] INFO  server.RaftServerConfigKeys (ConfUtils.java:logGet(44)) - raft.server.write.element-limit = 1024 (custom)
2022-02-16 01:42:55,348 [2f6f166e-3639-444f-87d9-77f80c10b379@group-ECB279BAF00E-LeaderElection27] INFO  server.RaftServerConfigKeys (ConfUtils.java:logGet(44)) - raft.server.write.follower.gap.ratio.max = -1.0 (default)
2022-02-16 01:42:55,349 [2f6f166e-3639-444f-87d9-77f80c10b379@group-ECB279BAF00E-LeaderElection27] INFO  server.RaftServerConfigKeys (ConfUtils.java:logGet(44)) - raft.server.log.appender.snapshot.chunk.size.max = 16MB (=16777216) (default)
2022-02-16 01:42:55,349 [2f6f166e-3639-444f-87d9-77f80c10b379@group-ECB279BAF00E-LeaderElection27] INFO  server.RaftServerConfigKeys (ConfUtils.java:logGet(44)) - raft.server.log.appender.buffer.byte-limit = 33554432 (custom)
2022-02-16 01:42:55,349 [2f6f166e-3639-444f-87d9-77f80c10b379@group-ECB279BAF00E-LeaderElection27] INFO  server.RaftServerConfigKeys (ConfUtils.java:logGet(44)) - raft.server.log.appender.buffer.element-limit = 1 (custom)
2022-02-16 01:42:55,349 [2f6f166e-3639-444f-87d9-77f80c10b379@group-ECB279BAF00E-LeaderElection27] INFO  grpc.GrpcConfigKeys (ConfUtils.java:logGet(44)) - raft.grpc.server.leader.outstanding.appends.max = 128 (default)
2022-02-16 01:42:55,349 [2f6f166e-3639-444f-87d9-77f80c10b379@group-ECB279BAF00E-LeaderElection27] INFO  server.RaftServerConfigKeys (ConfUtils.java:logGet(44)) - raft.server.rpc.request.timeout = 3000ms (default)
2022-02-16 01:42:55,349 [2f6f166e-3639-444f-87d9-77f80c10b379@group-ECB279BAF00E-LeaderElection27] INFO  server.RaftServerConfigKeys (ConfUtils.java:logGet(44)) - raft.server.log.appender.install.snapshot.enabled = false (custom)
2022-02-16 01:42:55,349 [2f6f166e-3639-444f-87d9-77f80c10b379@group-ECB279BAF00E-LeaderElection27] INFO  server.RaftServerConfigKeys (ConfUtils.java:logGet(44)) - raft.server.log.appender.snapshot.chunk.size.max = 16MB (=16777216) (default)
2022-02-16 01:42:55,350 [2f6f166e-3639-444f-87d9-77f80c10b379@group-ECB279BAF00E-LeaderElection27] INFO  server.RaftServerConfigKeys (ConfUtils.java:logGet(44)) - raft.server.log.appender.buffer.byte-limit = 33554432 (custom)
2022-02-16 01:42:55,350 [2f6f166e-3639-444f-87d9-77f80c10b379@group-ECB279BAF00E-LeaderElection27] INFO  server.RaftServerConfigKeys (ConfUtils.java:logGet(44)) - raft.server.log.appender.buffer.element-limit = 1 (custom)
2022-02-16 01:42:55,350 [2f6f166e-3639-444f-87d9-77f80c10b379@group-ECB279BAF00E-LeaderElection27] INFO  grpc.GrpcConfigKeys (ConfUtils.java:logGet(44)) - raft.grpc.server.leader.outstanding.appends.max = 128 (default)
2022-02-16 01:42:55,350 [2f6f166e-3639-444f-87d9-77f80c10b379@group-ECB279BAF00E-LeaderElection27] INFO  server.RaftServerConfigKeys (ConfUtils.java:logGet(44)) - raft.server.rpc.request.timeout = 3000ms (default)
2022-02-16 01:42:55,350 [2f6f166e-3639-444f-87d9-77f80c10b379@group-ECB279BAF00E-LeaderElection27] INFO  server.RaftServerConfigKeys (ConfUtils.java:logGet(44)) - raft.server.log.appender.install.snapshot.enabled = false (custom)
2022-02-16 01:42:55,350 [2f6f166e-3639-444f-87d9-77f80c10b379@group-ECB279BAF00E-LeaderElection27] INFO  impl.RoleInfo (RoleInfo.java:updateAndGet(130)) - 2f6f166e-3639-444f-87d9-77f80c10b379: start 2f6f166e-3639-444f-87d9-77f80c10b379@group-ECB279BAF00E-LeaderStateImpl
2022-02-16 01:42:55,351 [2f6f166e-3639-444f-87d9-77f80c10b379@group-ECB279BAF00E-LeaderElection27] INFO  segmented.SegmentedRaftLogWorker (SegmentedRaftLogWorker.java:rollLogSegment(399)) - 2f6f166e-3639-444f-87d9-77f80c10b379@group-ECB279BAF00E-SegmentedRaftLogWorker: Rolling segment log-0_16 to index:16
2022-02-16 01:42:55,355 [2f6f166e-3639-444f-87d9-77f80c10b379@group-ECB279BAF00E-SegmentedRaftLogWorker] INFO  segmented.SegmentedRaftLogWorker (SegmentedRaftLogWorker.java:execute(558)) - 2f6f166e-3639-444f-87d9-77f80c10b379@group-ECB279BAF00E-SegmentedRaftLogWorker: Rolled log segment from /home/runner/work/ozone/ozone/hadoop-ozone/integration-test/target/test-dir/MiniOzoneClusterImpl-c31dc292-76fe-4ff2-ba7c-3deb75f75441/datanode-0/data/ratis/9892d6ea-815e-4be0-abff-ecb279baf00e/current/log_inprogress_0 to /home/runner/work/ozone/ozone/hadoop-ozone/integration-test/target/test-dir/MiniOzoneClusterImpl-c31dc292-76fe-4ff2-ba7c-3deb75f75441/datanode-0/data/ratis/9892d6ea-815e-4be0-abff-ecb279baf00e/current/log_0-16
2022-02-16 01:42:55,356 [2f6f166e-3639-444f-87d9-77f80c10b379@group-ECB279BAF00E-SegmentedRaftLogWorker] INFO  segmented.SegmentedRaftLogWorker (SegmentedRaftLogWorker.java:execute(601)) - 2f6f166e-3639-444f-87d9-77f80c10b379@group-ECB279BAF00E-SegmentedRaftLogWorker: created new log segment /home/runner/work/ozone/ozone/hadoop-ozone/integration-test/target/test-dir/MiniOzoneClusterImpl-c31dc292-76fe-4ff2-ba7c-3deb75f75441/datanode-0/data/ratis/9892d6ea-815e-4be0-abff-ecb279baf00e/current/log_inprogress_17
2022-02-16 01:42:55,364 [grpc-default-executor-2] INFO  ratis.XceiverServerRatis (XceiverServerRatis.java:handleLeaderChangedNotification(867)) - Leader change notification received for group: group-ECB279BAF00E with new leaderId: 2f6f166e-3639-444f-87d9-77f80c10b379
2022-02-16 01:42:55,364 [grpc-default-executor-2] INFO  server.RaftServer$Division (ServerState.java:setLeader(285)) - 7f4e46f4-a6a5-4e91-9d7c-c7c9d4b9ec17@group-ECB279BAF00E: change Leader from null to 2f6f166e-3639-444f-87d9-77f80c10b379 at term 3 for appendEntries, leader elected after 32ms
2022-02-16 01:42:55,365 [2f6f166e-3639-444f-87d9-77f80c10b379@group-ECB279BAF00E-LeaderElection27] INFO  server.RaftServer$Division (ServerState.java:setRaftConf(387)) - 2f6f166e-3639-444f-87d9-77f80c10b379@group-ECB279BAF00E: set configuration 17: [b5efad6c-21e2-4d99-b376-b80a2810f054|rpc:10.1.0.46:39795|dataStream:|priority:1, 2f6f166e-3639-444f-87d9-77f80c10b379|rpc:10.1.0.46:41167|dataStream:|priority:0, 7f4e46f4-a6a5-4e91-9d7c-c7c9d4b9ec17|rpc:10.1.0.46:38997|dataStream:|priority:0], old=null
2022-02-16 01:42:55,368 [grpc-default-executor-1] WARN  server.GrpcLogAppender (LogUtils.java:warn(122)) - 2f6f166e-3639-444f-87d9-77f80c10b379@group-ECB279BAF00E->b5efad6c-21e2-4d99-b376-b80a2810f054-AppendLogResponseHandler: Failed appendEntries: org.apache.ratis.thirdparty.io.grpc.StatusRuntimeException: UNAVAILABLE: io exception
2022-02-16 01:42:55,370 [grpc-default-executor-1] WARN  server.GrpcLogAppender (GrpcLogAppender.java:resetClient(110)) - 2f6f166e-3639-444f-87d9-77f80c10b379@group-ECB279BAF00E->b5efad6c-21e2-4d99-b376-b80a2810f054-GrpcLogAppender: Leader has not got in touch with Follower 2f6f166e-3639-444f-87d9-77f80c10b379@group-ECB279BAF00E->b5efad6c-21e2-4d99-b376-b80a2810f054(c-1,m0,n17, attendVote=true, lastRpcSendTime=5221, lastRpcResponseTime=5221) yet, just keep nextIndex unchanged and retry.
2022-02-16 01:42:55,371 [grpc-default-executor-2] INFO  server.RaftServer$Division (ServerState.java:setRaftConf(387)) - 7f4e46f4-a6a5-4e91-9d7c-c7c9d4b9ec17@group-ECB279BAF00E: set configuration 17: [b5efad6c-21e2-4d99-b376-b80a2810f054|rpc:10.1.0.46:39795|dataStream:|priority:1, 2f6f166e-3639-444f-87d9-77f80c10b379|rpc:10.1.0.46:41167|dataStream:|priority:0, 7f4e46f4-a6a5-4e91-9d7c-c7c9d4b9ec17|rpc:10.1.0.46:38997|dataStream:|priority:0], old=null
2022-02-16 01:42:55,371 [grpc-default-executor-2] INFO  segmented.SegmentedRaftLogWorker (SegmentedRaftLogWorker.java:rollLogSegment(399)) - 7f4e46f4-a6a5-4e91-9d7c-c7c9d4b9ec17@group-ECB279BAF00E-SegmentedRaftLogWorker: Rolling segment log-0_16 to index:16
2022-02-16 01:42:55,372 [7f4e46f4-a6a5-4e91-9d7c-c7c9d4b9ec17@group-ECB279BAF00E-SegmentedRaftLogWorker] INFO  segmented.SegmentedRaftLogWorker (SegmentedRaftLogWorker.java:execute(558)) - 7f4e46f4-a6a5-4e91-9d7c-c7c9d4b9ec17@group-ECB279BAF00E-SegmentedRaftLogWorker: Rolled log segment from /home/runner/work/ozone/ozone/hadoop-ozone/integration-test/target/test-dir/MiniOzoneClusterImpl-c31dc292-76fe-4ff2-ba7c-3deb75f75441/datanode-1/data/ratis/9892d6ea-815e-4be0-abff-ecb279baf00e/current/log_inprogress_0 to /home/runner/work/ozone/ozone/hadoop-ozone/integration-test/target/test-dir/MiniOzoneClusterImpl-c31dc292-76fe-4ff2-ba7c-3deb75f75441/datanode-1/data/ratis/9892d6ea-815e-4be0-abff-ecb279baf00e/current/log_0-16
2022-02-16 01:42:55,373 [7f4e46f4-a6a5-4e91-9d7c-c7c9d4b9ec17@group-ECB279BAF00E-SegmentedRaftLogWorker] INFO  segmented.SegmentedRaftLogWorker (SegmentedRaftLogWorker.java:execute(601)) - 7f4e46f4-a6a5-4e91-9d7c-c7c9d4b9ec17@group-ECB279BAF00E-SegmentedRaftLogWorker: created new log segment /home/runner/work/ozone/ozone/hadoop-ozone/integration-test/target/test-dir/MiniOzoneClusterImpl-c31dc292-76fe-4ff2-ba7c-3deb75f75441/datanode-1/data/ratis/9892d6ea-815e-4be0-abff-ecb279baf00e/current/log_inprogress_17
2022-02-16 01:42:55,374 [grpc-default-executor-2] WARN  server.GrpcLogAppender (LogUtils.java:warn(122)) - 2f6f166e-3639-444f-87d9-77f80c10b379@group-ECB279BAF00E->b5efad6c-21e2-4d99-b376-b80a2810f054-AppendLogResponseHandler: Failed appendEntries: org.apache.ratis.thirdparty.io.grpc.StatusRuntimeException: UNAVAILABLE: io exception
2022-02-16 01:42:55,375 [grpc-default-executor-2] WARN  server.GrpcLogAppender (GrpcLogAppender.java:resetClient(110)) - 2f6f166e-3639-444f-87d9-77f80c10b379@group-ECB279BAF00E->b5efad6c-21e2-4d99-b376-b80a2810f054-GrpcLogAppender: Leader has not got in touch with Follower 2f6f166e-3639-444f-87d9-77f80c10b379@group-ECB279BAF00E->b5efad6c-21e2-4d99-b376-b80a2810f054(c-1,m0,n18, attendVote=true, lastRpcSendTime=0, lastRpcResponseTime=5226) yet, just keep nextIndex unchanged and retry.
2022-02-16 01:42:55,395 [grpc-default-executor-2] WARN  server.GrpcLogAppender (LogUtils.java:warn(122)) - 2f6f166e-3639-444f-87d9-77f80c10b379@group-ECB279BAF00E->b5efad6c-21e2-4d99-b376-b80a2810f054-AppendLogResponseHandler: Failed appendEntries: org.apache.ratis.thirdparty.io.grpc.StatusRuntimeException: UNAVAILABLE: io exception
2022-02-16 01:42:55,396 [grpc-default-executor-2] WARN  server.GrpcLogAppender (GrpcLogAppender.java:resetClient(110)) - 2f6f166e-3639-444f-87d9-77f80c10b379@group-ECB279BAF00E->b5efad6c-21e2-4d99-b376-b80a2810f054-GrpcLogAppender: Leader has not got in touch with Follower 2f6f166e-3639-444f-87d9-77f80c10b379@group-ECB279BAF00E->b5efad6c-21e2-4d99-b376-b80a2810f054(c-1,m0,n19, attendVote=true, lastRpcSendTime=20, lastRpcResponseTime=5247) yet, just keep nextIndex unchanged and retry.
2022-02-16 01:42:56,102 [0abaf1aa-1b73-4e28-a6e5-0a41a9a3ec34@group-504D69B4F741-FollowerState] INFO  impl.FollowerState (FollowerState.java:run(134)) - 0abaf1aa-1b73-4e28-a6e5-0a41a9a3ec34@group-504D69B4F741-FollowerState: change to CANDIDATE, lastRpcElapsedTime:5104637678ns, electionTimeout:5104ms
2022-02-16 01:42:56,102 [0abaf1aa-1b73-4e28-a6e5-0a41a9a3ec34@group-504D69B4F741-FollowerState] INFO  impl.RoleInfo (RoleInfo.java:shutdownFollowerState(108)) - 0abaf1aa-1b73-4e28-a6e5-0a41a9a3ec34: shutdown 0abaf1aa-1b73-4e28-a6e5-0a41a9a3ec34@group-504D69B4F741-FollowerState
2022-02-16 01:42:56,102 [0abaf1aa-1b73-4e28-a6e5-0a41a9a3ec34@group-504D69B4F741-FollowerState] INFO  server.RaftServer$Division (RaftServerImpl.java:setRole(290)) - 0abaf1aa-1b73-4e28-a6e5-0a41a9a3ec34@group-504D69B4F741: changes role from  FOLLOWER to CANDIDATE at term 4 for changeToCandidate
2022-02-16 01:42:56,102 [0abaf1aa-1b73-4e28-a6e5-0a41a9a3ec34@group-504D69B4F741-FollowerState] INFO  server.RaftServerConfigKeys (ConfUtils.java:logGet(44)) - raft.server.leaderelection.pre-vote = false (custom)
2022-02-16 01:42:56,103 [0abaf1aa-1b73-4e28-a6e5-0a41a9a3ec34@group-504D69B4F741-FollowerState] INFO  impl.RoleInfo (RoleInfo.java:updateAndGet(130)) - 0abaf1aa-1b73-4e28-a6e5-0a41a9a3ec34: start 0abaf1aa-1b73-4e28-a6e5-0a41a9a3ec34@group-504D69B4F741-LeaderElection28
2022-02-16 01:42:56,116 [0abaf1aa-1b73-4e28-a6e5-0a41a9a3ec34@group-504D69B4F741-LeaderElection28] INFO  impl.LeaderElection (LeaderElection.java:askForVotes(306)) - 0abaf1aa-1b73-4e28-a6e5-0a41a9a3ec34@group-504D69B4F741-LeaderElection28 ELECTION round 0: submit vote requests at term 5 for -1: [edcd5571-e430-46af-ba60-7657fe1b1d4c|rpc:10.1.0.46:34285|dataStream:|priority:0, a565342f-4fee-4f25-a030-3e45d0cf0ab9|rpc:10.1.0.46:45097|dataStream:|priority:1, 0abaf1aa-1b73-4e28-a6e5-0a41a9a3ec34|rpc:10.1.0.46:36601|dataStream:|priority:0], old=null
2022-02-16 01:42:56,133 [a565342f-4fee-4f25-a030-3e45d0cf0ab9@group-504D69B4F741-FollowerState] INFO  impl.FollowerState (FollowerState.java:run(134)) - a565342f-4fee-4f25-a030-3e45d0cf0ab9@group-504D69B4F741-FollowerState: change to CANDIDATE, lastRpcElapsedTime:5125948680ns, electionTimeout:5123ms
2022-02-16 01:42:56,133 [a565342f-4fee-4f25-a030-3e45d0cf0ab9@group-504D69B4F741-FollowerState] INFO  impl.RoleInfo (RoleInfo.java:shutdownFollowerState(108)) - a565342f-4fee-4f25-a030-3e45d0cf0ab9: shutdown a565342f-4fee-4f25-a030-3e45d0cf0ab9@group-504D69B4F741-FollowerState
2022-02-16 01:42:56,133 [a565342f-4fee-4f25-a030-3e45d0cf0ab9@group-504D69B4F741-FollowerState] INFO  server.RaftServer$Division (RaftServerImpl.java:setRole(290)) - a565342f-4fee-4f25-a030-3e45d0cf0ab9@group-504D69B4F741: changes role from  FOLLOWER to CANDIDATE at term 4 for changeToCandidate
2022-02-16 01:42:56,133 [a565342f-4fee-4f25-a030-3e45d0cf0ab9@group-504D69B4F741-FollowerState] INFO  server.RaftServerConfigKeys (ConfUtils.java:logGet(44)) - raft.server.leaderelection.pre-vote = false (custom)
2022-02-16 01:42:56,133 [a565342f-4fee-4f25-a030-3e45d0cf0ab9@group-504D69B4F741-FollowerState] INFO  impl.RoleInfo (RoleInfo.java:updateAndGet(130)) - a565342f-4fee-4f25-a030-3e45d0cf0ab9: start a565342f-4fee-4f25-a030-3e45d0cf0ab9@group-504D69B4F741-LeaderElection29
2022-02-16 01:42:56,139 [grpc-default-executor-1] INFO  server.RaftServer$Division (RaftServerImpl.java:requestVote(1046)) - edcd5571-e430-46af-ba60-7657fe1b1d4c@group-504D69B4F741: receive requestVote(ELECTION, 0abaf1aa-1b73-4e28-a6e5-0a41a9a3ec34, group-504D69B4F741, 5, (t:0, i:0))
2022-02-16 01:42:56,139 [grpc-default-executor-1] INFO  impl.VoteContext (VoteContext.java:log(48)) - edcd5571-e430-46af-ba60-7657fe1b1d4c@group-504D69B4F741-FOLLOWER: accept ELECTION from 0abaf1aa-1b73-4e28-a6e5-0a41a9a3ec34: our priority 0 <= candidate's priority 0
2022-02-16 01:42:56,140 [grpc-default-executor-1] INFO  server.RaftServer$Division (RaftServerImpl.java:setRole(290)) - edcd5571-e430-46af-ba60-7657fe1b1d4c@group-504D69B4F741: changes role from  FOLLOWER to FOLLOWER at term 5 for candidate:0abaf1aa-1b73-4e28-a6e5-0a41a9a3ec34
2022-02-16 01:42:56,140 [grpc-default-executor-1] INFO  impl.RoleInfo (RoleInfo.java:shutdownFollowerState(108)) - edcd5571-e430-46af-ba60-7657fe1b1d4c: shutdown edcd5571-e430-46af-ba60-7657fe1b1d4c@group-504D69B4F741-FollowerState
2022-02-16 01:42:56,140 [grpc-default-executor-1] INFO  impl.RoleInfo (RoleInfo.java:updateAndGet(130)) - edcd5571-e430-46af-ba60-7657fe1b1d4c: start edcd5571-e430-46af-ba60-7657fe1b1d4c@group-504D69B4F741-FollowerState
2022-02-16 01:42:56,140 [edcd5571-e430-46af-ba60-7657fe1b1d4c@group-504D69B4F741-FollowerState] INFO  impl.FollowerState (FollowerState.java:run(143)) - edcd5571-e430-46af-ba60-7657fe1b1d4c@group-504D69B4F741-FollowerState was interrupted: {}
java.lang.InterruptedException: sleep interrupted
	at java.lang.Thread.sleep(Native Method)
	at java.lang.Thread.sleep(Thread.java:340)
	at java.util.concurrent.TimeUnit.sleep(TimeUnit.java:386)
	at org.apache.ratis.util.TimeDuration.sleep(TimeDuration.java:324)
	at org.apache.ratis.util.TimeDuration.sleep(TimeDuration.java:309)
	at org.apache.ratis.server.impl.FollowerState.run(FollowerState.java:118)
2022-02-16 01:42:56,140 [grpc-default-executor-2] INFO  server.RaftServer$Division (RaftServerImpl.java:requestVote(1046)) - a565342f-4fee-4f25-a030-3e45d0cf0ab9@group-504D69B4F741: receive requestVote(ELECTION, 0abaf1aa-1b73-4e28-a6e5-0a41a9a3ec34, group-504D69B4F741, 5, (t:0, i:0))
2022-02-16 01:42:56,140 [grpc-default-executor-2] INFO  impl.VoteContext (VoteContext.java:log(48)) - a565342f-4fee-4f25-a030-3e45d0cf0ab9@group-504D69B4F741-CANDIDATE: reject ELECTION from 0abaf1aa-1b73-4e28-a6e5-0a41a9a3ec34: our priority 1 > candidate's priority 0
2022-02-16 01:42:56,140 [grpc-default-executor-2] INFO  server.RaftServer$Division (RaftServerImpl.java:setRole(290)) - a565342f-4fee-4f25-a030-3e45d0cf0ab9@group-504D69B4F741: changes role from CANDIDATE to FOLLOWER at term 5 for candidate:0abaf1aa-1b73-4e28-a6e5-0a41a9a3ec34
2022-02-16 01:42:56,140 [grpc-default-executor-2] INFO  impl.RoleInfo (RoleInfo.java:shutdownLeaderElection(121)) - a565342f-4fee-4f25-a030-3e45d0cf0ab9: shutdown a565342f-4fee-4f25-a030-3e45d0cf0ab9@group-504D69B4F741-LeaderElection29
2022-02-16 01:42:56,143 [a565342f-4fee-4f25-a030-3e45d0cf0ab9@group-504D69B4F741-LeaderElection29] INFO  impl.LeaderElection (LeaderElection.java:run(230)) - a565342f-4fee-4f25-a030-3e45d0cf0ab9@group-504D69B4F741-LeaderElection29: skip running since this is already CLOSING
2022-02-16 01:42:56,147 [grpc-default-executor-2] INFO  impl.RoleInfo (RoleInfo.java:updateAndGet(130)) - a565342f-4fee-4f25-a030-3e45d0cf0ab9: start a565342f-4fee-4f25-a030-3e45d0cf0ab9@group-504D69B4F741-FollowerState
2022-02-16 01:42:56,148 [grpc-default-executor-1] INFO  server.RaftServer$Division (RaftServerImpl.java:requestVote(1078)) - edcd5571-e430-46af-ba60-7657fe1b1d4c@group-504D69B4F741 replies to ELECTION vote request: 0abaf1aa-1b73-4e28-a6e5-0a41a9a3ec34<-edcd5571-e430-46af-ba60-7657fe1b1d4c#0:OK-t5. Peer's state: edcd5571-e430-46af-ba60-7657fe1b1d4c@group-504D69B4F741:t5, leader=null, voted=0abaf1aa-1b73-4e28-a6e5-0a41a9a3ec34, raftlog=edcd5571-e430-46af-ba60-7657fe1b1d4c@group-504D69B4F741-SegmentedRaftLog:OPENED:c-1, conf=-1: [edcd5571-e430-46af-ba60-7657fe1b1d4c|rpc:10.1.0.46:34285|priority:0, a565342f-4fee-4f25-a030-3e45d0cf0ab9|rpc:10.1.0.46:45097|priority:1, 0abaf1aa-1b73-4e28-a6e5-0a41a9a3ec34|rpc:10.1.0.46:36601|priority:0], old=null
2022-02-16 01:42:56,149 [grpc-default-executor-2] INFO  server.RaftServer$Division (RaftServerImpl.java:requestVote(1078)) - a565342f-4fee-4f25-a030-3e45d0cf0ab9@group-504D69B4F741 replies to ELECTION vote request: 0abaf1aa-1b73-4e28-a6e5-0a41a9a3ec34<-a565342f-4fee-4f25-a030-3e45d0cf0ab9#0:FAIL-t5. Peer's state: a565342f-4fee-4f25-a030-3e45d0cf0ab9@group-504D69B4F741:t5, leader=null, voted=null, raftlog=a565342f-4fee-4f25-a030-3e45d0cf0ab9@group-504D69B4F741-SegmentedRaftLog:OPENED:c-1, conf=-1: [edcd5571-e430-46af-ba60-7657fe1b1d4c|rpc:10.1.0.46:34285|dataStream:|priority:0, a565342f-4fee-4f25-a030-3e45d0cf0ab9|rpc:10.1.0.46:45097|dataStream:|priority:1, 0abaf1aa-1b73-4e28-a6e5-0a41a9a3ec34|rpc:10.1.0.46:36601|dataStream:|priority:0], old=null
2022-02-16 01:42:56,150 [0abaf1aa-1b73-4e28-a6e5-0a41a9a3ec34@group-504D69B4F741-LeaderElection28] INFO  impl.LeaderElection (LeaderElection.java:logAndReturn(89)) - 0abaf1aa-1b73-4e28-a6e5-0a41a9a3ec34@group-504D69B4F741-LeaderElection28: ELECTION REJECTED received 2 response(s) and 0 exception(s):
2022-02-16 01:42:56,150 [0abaf1aa-1b73-4e28-a6e5-0a41a9a3ec34@group-504D69B4F741-LeaderElection28] INFO  impl.LeaderElection (LeaderElection.java:logAndReturn(93)) -   Response 0: 0abaf1aa-1b73-4e28-a6e5-0a41a9a3ec34<-edcd5571-e430-46af-ba60-7657fe1b1d4c#0:OK-t5
2022-02-16 01:42:56,150 [0abaf1aa-1b73-4e28-a6e5-0a41a9a3ec34@group-504D69B4F741-LeaderElection28] INFO  impl.LeaderElection (LeaderElection.java:logAndReturn(93)) -   Response 1: 0abaf1aa-1b73-4e28-a6e5-0a41a9a3ec34<-a565342f-4fee-4f25-a030-3e45d0cf0ab9#0:FAIL-t5
2022-02-16 01:42:56,150 [0abaf1aa-1b73-4e28-a6e5-0a41a9a3ec34@group-504D69B4F741-LeaderElection28] INFO  impl.LeaderElection (LeaderElection.java:askForVotes(308)) - 0abaf1aa-1b73-4e28-a6e5-0a41a9a3ec34@group-504D69B4F741-LeaderElection28 ELECTION round 0: result REJECTED
2022-02-16 01:42:56,150 [0abaf1aa-1b73-4e28-a6e5-0a41a9a3ec34@group-504D69B4F741-LeaderElection28] INFO  server.RaftServer$Division (RaftServerImpl.java:setRole(290)) - 0abaf1aa-1b73-4e28-a6e5-0a41a9a3ec34@group-504D69B4F741: changes role from CANDIDATE to FOLLOWER at term 5 for REJECTED
2022-02-16 01:42:56,150 [0abaf1aa-1b73-4e28-a6e5-0a41a9a3ec34@group-504D69B4F741-LeaderElection28] INFO  impl.RoleInfo (RoleInfo.java:shutdownLeaderElection(121)) - 0abaf1aa-1b73-4e28-a6e5-0a41a9a3ec34: shutdown 0abaf1aa-1b73-4e28-a6e5-0a41a9a3ec34@group-504D69B4F741-LeaderElection28
2022-02-16 01:42:56,150 [0abaf1aa-1b73-4e28-a6e5-0a41a9a3ec34@group-504D69B4F741-LeaderElection28] INFO  impl.RoleInfo (RoleInfo.java:updateAndGet(130)) - 0abaf1aa-1b73-4e28-a6e5-0a41a9a3ec34: start 0abaf1aa-1b73-4e28-a6e5-0a41a9a3ec34@group-504D69B4F741-FollowerState
2022-02-16 01:42:56,637 [003e5be4-9867-4f5a-83bb-9c943051b5bb@group-1F9862849013-FollowerState] INFO  impl.FollowerState (FollowerState.java:run(134)) - 003e5be4-9867-4f5a-83bb-9c943051b5bb@group-1F9862849013-FollowerState: change to CANDIDATE, lastRpcElapsedTime:5071722862ns, electionTimeout:5071ms
2022-02-16 01:42:56,638 [003e5be4-9867-4f5a-83bb-9c943051b5bb@group-1F9862849013-FollowerState] INFO  impl.RoleInfo (RoleInfo.java:shutdownFollowerState(108)) - 003e5be4-9867-4f5a-83bb-9c943051b5bb: shutdown 003e5be4-9867-4f5a-83bb-9c943051b5bb@group-1F9862849013-FollowerState
2022-02-16 01:42:56,638 [003e5be4-9867-4f5a-83bb-9c943051b5bb@group-1F9862849013-FollowerState] INFO  server.RaftServer$Division (RaftServerImpl.java:setRole(290)) - 003e5be4-9867-4f5a-83bb-9c943051b5bb@group-1F9862849013: changes role from  FOLLOWER to CANDIDATE at term 4 for changeToCandidate
2022-02-16 01:42:56,638 [003e5be4-9867-4f5a-83bb-9c943051b5bb@group-1F9862849013-FollowerState] INFO  server.RaftServerConfigKeys (ConfUtils.java:logGet(44)) - raft.server.leaderelection.pre-vote = false (custom)
2022-02-16 01:42:56,638 [003e5be4-9867-4f5a-83bb-9c943051b5bb@group-1F9862849013-FollowerState] INFO  impl.RoleInfo (RoleInfo.java:updateAndGet(130)) - 003e5be4-9867-4f5a-83bb-9c943051b5bb: start 003e5be4-9867-4f5a-83bb-9c943051b5bb@group-1F9862849013-LeaderElection30
2022-02-16 01:42:56,642 [a160d0e9-2905-4393-b4ab-3632e6d9b9e1@group-1F9862849013-FollowerState] INFO  impl.FollowerState (FollowerState.java:run(134)) - a160d0e9-2905-4393-b4ab-3632e6d9b9e1@group-1F9862849013-FollowerState: change to CANDIDATE, lastRpcElapsedTime:5075885202ns, electionTimeout:5074ms
2022-02-16 01:42:56,642 [a160d0e9-2905-4393-b4ab-3632e6d9b9e1@group-1F9862849013-FollowerState] INFO  impl.RoleInfo (RoleInfo.java:shutdownFollowerState(108)) - a160d0e9-2905-4393-b4ab-3632e6d9b9e1: shutdown a160d0e9-2905-4393-b4ab-3632e6d9b9e1@group-1F9862849013-FollowerState
2022-02-16 01:42:56,642 [a160d0e9-2905-4393-b4ab-3632e6d9b9e1@group-1F9862849013-FollowerState] INFO  server.RaftServer$Division (RaftServerImpl.java:setRole(290)) - a160d0e9-2905-4393-b4ab-3632e6d9b9e1@group-1F9862849013: changes role from  FOLLOWER to CANDIDATE at term 4 for changeToCandidate
2022-02-16 01:42:56,651 [a160d0e9-2905-4393-b4ab-3632e6d9b9e1@group-1F9862849013-FollowerState] INFO  server.RaftServerConfigKeys (ConfUtils.java:logGet(44)) - raft.server.leaderelection.pre-vote = false (custom)
2022-02-16 01:42:56,651 [a160d0e9-2905-4393-b4ab-3632e6d9b9e1@group-1F9862849013-FollowerState] INFO  impl.RoleInfo (RoleInfo.java:updateAndGet(130)) - a160d0e9-2905-4393-b4ab-3632e6d9b9e1: start a160d0e9-2905-4393-b4ab-3632e6d9b9e1@group-1F9862849013-LeaderElection31
2022-02-16 01:42:56,654 [81aedf04-38bc-4259-8f21-07d047f65c5c@group-1F9862849013-FollowerState] INFO  impl.FollowerState (FollowerState.java:run(134)) - 81aedf04-38bc-4259-8f21-07d047f65c5c@group-1F9862849013-FollowerState: change to CANDIDATE, lastRpcElapsedTime:5085610593ns, electionTimeout:5078ms
2022-02-16 01:42:56,654 [81aedf04-38bc-4259-8f21-07d047f65c5c@group-1F9862849013-FollowerState] INFO  impl.RoleInfo (RoleInfo.java:shutdownFollowerState(108)) - 81aedf04-38bc-4259-8f21-07d047f65c5c: shutdown 81aedf04-38bc-4259-8f21-07d047f65c5c@group-1F9862849013-FollowerState
2022-02-16 01:42:56,654 [81aedf04-38bc-4259-8f21-07d047f65c5c@group-1F9862849013-FollowerState] INFO  server.RaftServer$Division (RaftServerImpl.java:setRole(290)) - 81aedf04-38bc-4259-8f21-07d047f65c5c@group-1F9862849013: changes role from  FOLLOWER to CANDIDATE at term 4 for changeToCandidate
2022-02-16 01:42:56,654 [81aedf04-38bc-4259-8f21-07d047f65c5c@group-1F9862849013-FollowerState] INFO  server.RaftServerConfigKeys (ConfUtils.java:logGet(44)) - raft.server.leaderelection.pre-vote = false (custom)
2022-02-16 01:42:56,654 [81aedf04-38bc-4259-8f21-07d047f65c5c@group-1F9862849013-FollowerState] INFO  impl.RoleInfo (RoleInfo.java:updateAndGet(130)) - 81aedf04-38bc-4259-8f21-07d047f65c5c: start 81aedf04-38bc-4259-8f21-07d047f65c5c@group-1F9862849013-LeaderElection32
2022-02-16 01:42:56,655 [003e5be4-9867-4f5a-83bb-9c943051b5bb@group-1F9862849013-LeaderElection30] INFO  impl.LeaderElection (LeaderElection.java:askForVotes(306)) - 003e5be4-9867-4f5a-83bb-9c943051b5bb@group-1F9862849013-LeaderElection30 ELECTION round 0: submit vote requests at term 5 for -1: [81aedf04-38bc-4259-8f21-07d047f65c5c|rpc:10.1.0.46:43527|dataStream:|priority:0, a160d0e9-2905-4393-b4ab-3632e6d9b9e1|rpc:10.1.0.46:39495|dataStream:|priority:0, 003e5be4-9867-4f5a-83bb-9c943051b5bb|rpc:10.1.0.46:37171|dataStream:|priority:1], old=null
2022-02-16 01:42:56,663 [a160d0e9-2905-4393-b4ab-3632e6d9b9e1@group-1F9862849013-LeaderElection31] INFO  impl.LeaderElection (LeaderElection.java:askForVotes(306)) - a160d0e9-2905-4393-b4ab-3632e6d9b9e1@group-1F9862849013-LeaderElection31 ELECTION round 0: submit vote requests at term 5 for -1: [81aedf04-38bc-4259-8f21-07d047f65c5c|rpc:10.1.0.46:43527|dataStream:|priority:0, a160d0e9-2905-4393-b4ab-3632e6d9b9e1|rpc:10.1.0.46:39495|dataStream:|priority:0, 003e5be4-9867-4f5a-83bb-9c943051b5bb|rpc:10.1.0.46:37171|dataStream:|priority:1], old=null
2022-02-16 01:42:56,688 [81aedf04-38bc-4259-8f21-07d047f65c5c@group-1F9862849013-LeaderElection32] INFO  impl.LeaderElection (LeaderElection.java:askForVotes(306)) - 81aedf04-38bc-4259-8f21-07d047f65c5c@group-1F9862849013-LeaderElection32 ELECTION round 0: submit vote requests at term 5 for -1: [81aedf04-38bc-4259-8f21-07d047f65c5c|rpc:10.1.0.46:43527|priority:0, a160d0e9-2905-4393-b4ab-3632e6d9b9e1|rpc:10.1.0.46:39495|priority:0, 003e5be4-9867-4f5a-83bb-9c943051b5bb|rpc:10.1.0.46:37171|priority:1], old=null
2022-02-16 01:42:56,719 [grpc-default-executor-0] INFO  server.RaftServer$Division (RaftServerImpl.java:requestVote(1046)) - a160d0e9-2905-4393-b4ab-3632e6d9b9e1@group-1F9862849013: receive requestVote(ELECTION, 81aedf04-38bc-4259-8f21-07d047f65c5c, group-1F9862849013, 5, (t:0, i:0))
2022-02-16 01:42:56,719 [grpc-default-executor-0] INFO  impl.VoteContext (VoteContext.java:log(48)) - a160d0e9-2905-4393-b4ab-3632e6d9b9e1@group-1F9862849013-CANDIDATE: reject ELECTION from 81aedf04-38bc-4259-8f21-07d047f65c5c: already has voted for a160d0e9-2905-4393-b4ab-3632e6d9b9e1 at current term 5
2022-02-16 01:42:56,720 [grpc-default-executor-0] INFO  server.RaftServer$Division (RaftServerImpl.java:requestVote(1078)) - a160d0e9-2905-4393-b4ab-3632e6d9b9e1@group-1F9862849013 replies to ELECTION vote request: 81aedf04-38bc-4259-8f21-07d047f65c5c<-a160d0e9-2905-4393-b4ab-3632e6d9b9e1#0:FAIL-t5. Peer's state: a160d0e9-2905-4393-b4ab-3632e6d9b9e1@group-1F9862849013:t5, leader=null, voted=a160d0e9-2905-4393-b4ab-3632e6d9b9e1, raftlog=a160d0e9-2905-4393-b4ab-3632e6d9b9e1@group-1F9862849013-SegmentedRaftLog:OPENED:c-1, conf=-1: [81aedf04-38bc-4259-8f21-07d047f65c5c|rpc:10.1.0.46:43527|dataStream:|priority:0, a160d0e9-2905-4393-b4ab-3632e6d9b9e1|rpc:10.1.0.46:39495|dataStream:|priority:0, 003e5be4-9867-4f5a-83bb-9c943051b5bb|rpc:10.1.0.46:37171|dataStream:|priority:1], old=null
2022-02-16 01:42:56,720 [Listener at 127.0.0.1/33913] INFO  ozoneimpl.OzoneContainer (OzoneContainer.java:stop(336)) - Attempting to stop container services.
2022-02-16 01:42:56,721 [Listener at 127.0.0.1/33913] INFO  server.RaftServer (RaftServerProxy.java:lambda$close$6(391)) - 7f4e46f4-a6a5-4e91-9d7c-c7c9d4b9ec17: close
2022-02-16 01:42:56,721 [Listener at 127.0.0.1/33913] INFO  server.RaftServer$Division (RaftServerImpl.java:lambda$close$4(412)) - 7f4e46f4-a6a5-4e91-9d7c-c7c9d4b9ec17@group-7FECFE5E75A9: shutdown
2022-02-16 01:42:56,721 [Listener at 127.0.0.1/33913] INFO  util.JmxRegister (JmxRegister.java:unregister(73)) - Successfully un-registered JMX Bean with object name Ratis:service=RaftServer,group=group-7FECFE5E75A9,id=7f4e46f4-a6a5-4e91-9d7c-c7c9d4b9ec17
2022-02-16 01:42:56,722 [Listener at 127.0.0.1/33913] INFO  impl.RoleInfo (RoleInfo.java:shutdownLeaderState(91)) - 7f4e46f4-a6a5-4e91-9d7c-c7c9d4b9ec17: shutdown 7f4e46f4-a6a5-4e91-9d7c-c7c9d4b9ec17@group-7FECFE5E75A9-LeaderStateImpl
2022-02-16 01:42:56,722 [Listener at 127.0.0.1/33913] INFO  impl.PendingRequests (PendingRequests.java:sendNotLeaderResponses(282)) - 7f4e46f4-a6a5-4e91-9d7c-c7c9d4b9ec17@group-7FECFE5E75A9-PendingRequests: sendNotLeaderResponses
2022-02-16 01:42:56,722 [ForkJoinPool.commonPool-worker-0] INFO  server.RaftServer$Division (RaftServerImpl.java:lambda$close$4(412)) - 7f4e46f4-a6a5-4e91-9d7c-c7c9d4b9ec17@group-ECB279BAF00E: shutdown
2022-02-16 01:42:56,722 [ForkJoinPool.commonPool-worker-0] INFO  util.JmxRegister (JmxRegister.java:unregister(73)) - Successfully un-registered JMX Bean with object name Ratis:service=RaftServer,group=group-ECB279BAF00E,id=7f4e46f4-a6a5-4e91-9d7c-c7c9d4b9ec17
2022-02-16 01:42:56,722 [ForkJoinPool.commonPool-worker-0] INFO  impl.RoleInfo (RoleInfo.java:shutdownFollowerState(108)) - 7f4e46f4-a6a5-4e91-9d7c-c7c9d4b9ec17: shutdown 7f4e46f4-a6a5-4e91-9d7c-c7c9d4b9ec17@group-ECB279BAF00E-FollowerState
2022-02-16 01:42:56,722 [ForkJoinPool.commonPool-worker-0] INFO  impl.StateMachineUpdater (StateMachineUpdater.java:stopAndJoin(149)) - 7f4e46f4-a6a5-4e91-9d7c-c7c9d4b9ec17@group-ECB279BAF00E-StateMachineUpdater: set stopIndex = 17
2022-02-16 01:42:56,722 [Listener at 127.0.0.1/33913] INFO  impl.StateMachineUpdater (StateMachineUpdater.java:stopAndJoin(149)) - 7f4e46f4-a6a5-4e91-9d7c-c7c9d4b9ec17@group-7FECFE5E75A9-StateMachineUpdater: set stopIndex = 0
2022-02-16 01:42:56,722 [7f4e46f4-a6a5-4e91-9d7c-c7c9d4b9ec17@group-ECB279BAF00E-FollowerState] INFO  impl.FollowerState (FollowerState.java:run(143)) - 7f4e46f4-a6a5-4e91-9d7c-c7c9d4b9ec17@group-ECB279BAF00E-FollowerState was interrupted: {}
java.lang.InterruptedException: sleep interrupted
	at java.lang.Thread.sleep(Native Method)
	at java.lang.Thread.sleep(Thread.java:340)
	at java.util.concurrent.TimeUnit.sleep(TimeUnit.java:386)
	at org.apache.ratis.util.TimeDuration.sleep(TimeDuration.java:324)
	at org.apache.ratis.util.TimeDuration.sleep(TimeDuration.java:309)
	at org.apache.ratis.server.impl.FollowerState.run(FollowerState.java:118)
2022-02-16 01:42:56,726 [7f4e46f4-a6a5-4e91-9d7c-c7c9d4b9ec17@group-7FECFE5E75A9-StateMachineUpdater] INFO  ratis.ContainerStateMachine (ContainerStateMachine.java:takeSnapshot(299)) - group-7FECFE5E75A9: Taking a snapshot at:(t:1, i:0) file /home/runner/work/ozone/ozone/hadoop-ozone/integration-test/target/test-dir/MiniOzoneClusterImpl-c31dc292-76fe-4ff2-ba7c-3deb75f75441/datanode-1/data/ratis/147a6404-9c3a-4561-a8aa-7fecfe5e75a9/sm/snapshot.1_0
2022-02-16 01:42:56,726 [7f4e46f4-a6a5-4e91-9d7c-c7c9d4b9ec17@group-ECB279BAF00E-StateMachineUpdater] INFO  ratis.ContainerStateMachine (ContainerStateMachine.java:takeSnapshot(299)) - group-ECB279BAF00E: Taking a snapshot at:(t:3, i:17) file /home/runner/work/ozone/ozone/hadoop-ozone/integration-test/target/test-dir/MiniOzoneClusterImpl-c31dc292-76fe-4ff2-ba7c-3deb75f75441/datanode-1/data/ratis/9892d6ea-815e-4be0-abff-ecb279baf00e/sm/snapshot.3_17
2022-02-16 01:42:56,727 [7f4e46f4-a6a5-4e91-9d7c-c7c9d4b9ec17@group-7FECFE5E75A9-StateMachineUpdater] INFO  ratis.ContainerStateMachine (ContainerStateMachine.java:takeSnapshot(310)) - group-7FECFE5E75A9: Finished taking a snapshot at:(t:1, i:0) file:/home/runner/work/ozone/ozone/hadoop-ozone/integration-test/target/test-dir/MiniOzoneClusterImpl-c31dc292-76fe-4ff2-ba7c-3deb75f75441/datanode-1/data/ratis/147a6404-9c3a-4561-a8aa-7fecfe5e75a9/sm/snapshot.1_0 took: 1 ms
2022-02-16 01:42:56,728 [7f4e46f4-a6a5-4e91-9d7c-c7c9d4b9ec17@group-7FECFE5E75A9-StateMachineUpdater] INFO  impl.StateMachineUpdater (StateMachineUpdater.java:takeSnapshot(281)) - 7f4e46f4-a6a5-4e91-9d7c-c7c9d4b9ec17@group-7FECFE5E75A9-StateMachineUpdater: Took a snapshot at index 0
2022-02-16 01:42:56,728 [7f4e46f4-a6a5-4e91-9d7c-c7c9d4b9ec17@group-7FECFE5E75A9-StateMachineUpdater] INFO  impl.StateMachineUpdater (StateMachineUpdater.java:lambda$new$0(89)) - 7f4e46f4-a6a5-4e91-9d7c-c7c9d4b9ec17@group-7FECFE5E75A9-StateMachineUpdater: snapshotIndex: updateIncreasingly -1 -> 0
2022-02-16 01:42:56,728 [Listener at 127.0.0.1/33913] INFO  server.RaftServer$Division (ServerState.java:close(419)) - 7f4e46f4-a6a5-4e91-9d7c-c7c9d4b9ec17@group-7FECFE5E75A9: closes. applyIndex: 0
2022-02-16 01:42:56,728 [7f4e46f4-a6a5-4e91-9d7c-c7c9d4b9ec17@group-ECB279BAF00E-StateMachineUpdater] INFO  ratis.ContainerStateMachine (ContainerStateMachine.java:takeSnapshot(310)) - group-ECB279BAF00E: Finished taking a snapshot at:(t:3, i:17) file:/home/runner/work/ozone/ozone/hadoop-ozone/integration-test/target/test-dir/MiniOzoneClusterImpl-c31dc292-76fe-4ff2-ba7c-3deb75f75441/datanode-1/data/ratis/9892d6ea-815e-4be0-abff-ecb279baf00e/sm/snapshot.3_17 took: 2 ms
2022-02-16 01:42:56,728 [7f4e46f4-a6a5-4e91-9d7c-c7c9d4b9ec17@group-ECB279BAF00E-StateMachineUpdater] INFO  impl.StateMachineUpdater (StateMachineUpdater.java:takeSnapshot(281)) - 7f4e46f4-a6a5-4e91-9d7c-c7c9d4b9ec17@group-ECB279BAF00E-StateMachineUpdater: Took a snapshot at index 17
2022-02-16 01:42:56,729 [7f4e46f4-a6a5-4e91-9d7c-c7c9d4b9ec17@group-ECB279BAF00E-StateMachineUpdater] INFO  impl.StateMachineUpdater (StateMachineUpdater.java:lambda$new$0(89)) - 7f4e46f4-a6a5-4e91-9d7c-c7c9d4b9ec17@group-ECB279BAF00E-StateMachineUpdater: snapshotIndex: updateIncreasingly -1 -> 17
2022-02-16 01:42:56,738 [7f4e46f4-a6a5-4e91-9d7c-c7c9d4b9ec17@group-7FECFE5E75A9-SegmentedRaftLogWorker] INFO  segmented.SegmentedRaftLogWorker (SegmentedRaftLogWorker.java:run(327)) - 7f4e46f4-a6a5-4e91-9d7c-c7c9d4b9ec17@group-7FECFE5E75A9-SegmentedRaftLogWorker was interrupted, exiting. There are 0 tasks remaining in the queue.
2022-02-16 01:42:56,738 [ForkJoinPool.commonPool-worker-0] INFO  server.RaftServer$Division (ServerState.java:close(419)) - 7f4e46f4-a6a5-4e91-9d7c-c7c9d4b9ec17@group-ECB279BAF00E: closes. applyIndex: 17
2022-02-16 01:42:56,739 [7f4e46f4-a6a5-4e91-9d7c-c7c9d4b9ec17@group-ECB279BAF00E-SegmentedRaftLogWorker] INFO  segmented.SegmentedRaftLogWorker (SegmentedRaftLogWorker.java:run(327)) - 7f4e46f4-a6a5-4e91-9d7c-c7c9d4b9ec17@group-ECB279BAF00E-SegmentedRaftLogWorker was interrupted, exiting. There are 0 tasks remaining in the queue.
2022-02-16 01:42:56,752 [grpc-default-executor-3] INFO  server.RaftServer$Division (RaftServerImpl.java:requestVote(1046)) - 003e5be4-9867-4f5a-83bb-9c943051b5bb@group-1F9862849013: receive requestVote(ELECTION, 81aedf04-38bc-4259-8f21-07d047f65c5c, group-1F9862849013, 5, (t:0, i:0))
2022-02-16 01:42:56,752 [grpc-default-executor-3] INFO  impl.VoteContext (VoteContext.java:log(48)) - 003e5be4-9867-4f5a-83bb-9c943051b5bb@group-1F9862849013-CANDIDATE: reject ELECTION from 81aedf04-38bc-4259-8f21-07d047f65c5c: already has voted for 003e5be4-9867-4f5a-83bb-9c943051b5bb at current term 5
2022-02-16 01:42:56,752 [grpc-default-executor-3] INFO  server.RaftServer$Division (RaftServerImpl.java:requestVote(1078)) - 003e5be4-9867-4f5a-83bb-9c943051b5bb@group-1F9862849013 replies to ELECTION vote request: 81aedf04-38bc-4259-8f21-07d047f65c5c<-003e5be4-9867-4f5a-83bb-9c943051b5bb#0:FAIL-t5. Peer's state: 003e5be4-9867-4f5a-83bb-9c943051b5bb@group-1F9862849013:t5, leader=null, voted=003e5be4-9867-4f5a-83bb-9c943051b5bb, raftlog=003e5be4-9867-4f5a-83bb-9c943051b5bb@group-1F9862849013-SegmentedRaftLog:OPENED:c-1, conf=-1: [81aedf04-38bc-4259-8f21-07d047f65c5c|rpc:10.1.0.46:43527|dataStream:|priority:0, a160d0e9-2905-4393-b4ab-3632e6d9b9e1|rpc:10.1.0.46:39495|dataStream:|priority:0, 003e5be4-9867-4f5a-83bb-9c943051b5bb|rpc:10.1.0.46:37171|dataStream:|priority:1], old=null
2022-02-16 01:42:56,753 [Listener at 127.0.0.1/33913] INFO  segmented.SegmentedRaftLogWorker (SegmentedRaftLogWorker.java:close(237)) - 7f4e46f4-a6a5-4e91-9d7c-c7c9d4b9ec17@group-7FECFE5E75A9-SegmentedRaftLogWorker close()
2022-02-16 01:42:56,753 [ForkJoinPool.commonPool-worker-0] INFO  segmented.SegmentedRaftLogWorker (SegmentedRaftLogWorker.java:close(237)) - 7f4e46f4-a6a5-4e91-9d7c-c7c9d4b9ec17@group-ECB279BAF00E-SegmentedRaftLogWorker close()
2022-02-16 01:42:56,754 [grpc-default-executor-3] INFO  server.RaftServer$Division (RaftServerImpl.java:requestVote(1046)) - 003e5be4-9867-4f5a-83bb-9c943051b5bb@group-1F9862849013: receive requestVote(ELECTION, a160d0e9-2905-4393-b4ab-3632e6d9b9e1, group-1F9862849013, 5, (t:0, i:0))
2022-02-16 01:42:56,754 [grpc-default-executor-3] INFO  impl.VoteContext (VoteContext.java:log(48)) - 003e5be4-9867-4f5a-83bb-9c943051b5bb@group-1F9862849013-CANDIDATE: reject ELECTION from a160d0e9-2905-4393-b4ab-3632e6d9b9e1: already has voted for 003e5be4-9867-4f5a-83bb-9c943051b5bb at current term 5
2022-02-16 01:42:56,754 [grpc-default-executor-3] INFO  server.RaftServer$Division (RaftServerImpl.java:requestVote(1078)) - 003e5be4-9867-4f5a-83bb-9c943051b5bb@group-1F9862849013 replies to ELECTION vote request: a160d0e9-2905-4393-b4ab-3632e6d9b9e1<-003e5be4-9867-4f5a-83bb-9c943051b5bb#0:FAIL-t5. Peer's state: 003e5be4-9867-4f5a-83bb-9c943051b5bb@group-1F9862849013:t5, leader=null, voted=003e5be4-9867-4f5a-83bb-9c943051b5bb, raftlog=003e5be4-9867-4f5a-83bb-9c943051b5bb@group-1F9862849013-SegmentedRaftLog:OPENED:c-1, conf=-1: [81aedf04-38bc-4259-8f21-07d047f65c5c|rpc:10.1.0.46:43527|dataStream:|priority:0, a160d0e9-2905-4393-b4ab-3632e6d9b9e1|rpc:10.1.0.46:39495|dataStream:|priority:0, 003e5be4-9867-4f5a-83bb-9c943051b5bb|rpc:10.1.0.46:37171|dataStream:|priority:1], old=null
2022-02-16 01:42:56,755 [grpc-default-executor-1] INFO  server.RaftServer$Division (RaftServerImpl.java:requestVote(1046)) - a160d0e9-2905-4393-b4ab-3632e6d9b9e1@group-1F9862849013: receive requestVote(ELECTION, 003e5be4-9867-4f5a-83bb-9c943051b5bb, group-1F9862849013, 5, (t:0, i:0))
2022-02-16 01:42:56,755 [grpc-default-executor-1] INFO  impl.VoteContext (VoteContext.java:log(48)) - a160d0e9-2905-4393-b4ab-3632e6d9b9e1@group-1F9862849013-CANDIDATE: reject ELECTION from 003e5be4-9867-4f5a-83bb-9c943051b5bb: already has voted for a160d0e9-2905-4393-b4ab-3632e6d9b9e1 at current term 5
2022-02-16 01:42:56,755 [grpc-default-executor-1] INFO  server.RaftServer$Division (RaftServerImpl.java:requestVote(1078)) - a160d0e9-2905-4393-b4ab-3632e6d9b9e1@group-1F9862849013 replies to ELECTION vote request: 003e5be4-9867-4f5a-83bb-9c943051b5bb<-a160d0e9-2905-4393-b4ab-3632e6d9b9e1#0:FAIL-t5. Peer's state: a160d0e9-2905-4393-b4ab-3632e6d9b9e1@group-1F9862849013:t5, leader=null, voted=a160d0e9-2905-4393-b4ab-3632e6d9b9e1, raftlog=a160d0e9-2905-4393-b4ab-3632e6d9b9e1@group-1F9862849013-SegmentedRaftLog:OPENED:c-1, conf=-1: [81aedf04-38bc-4259-8f21-07d047f65c5c|rpc:10.1.0.46:43527|dataStream:|priority:0, a160d0e9-2905-4393-b4ab-3632e6d9b9e1|rpc:10.1.0.46:39495|dataStream:|priority:0, 003e5be4-9867-4f5a-83bb-9c943051b5bb|rpc:10.1.0.46:37171|dataStream:|priority:1], old=null
2022-02-16 01:42:56,764 [grpc-default-executor-1] INFO  server.RaftServer$Division (RaftServerImpl.java:requestVote(1046)) - 81aedf04-38bc-4259-8f21-07d047f65c5c@group-1F9862849013: receive requestVote(ELECTION, 003e5be4-9867-4f5a-83bb-9c943051b5bb, group-1F9862849013, 5, (t:0, i:0))
2022-02-16 01:42:56,764 [grpc-default-executor-1] INFO  impl.VoteContext (VoteContext.java:log(48)) - 81aedf04-38bc-4259-8f21-07d047f65c5c@group-1F9862849013-CANDIDATE: reject ELECTION from 003e5be4-9867-4f5a-83bb-9c943051b5bb: already has voted for 81aedf04-38bc-4259-8f21-07d047f65c5c at current term 5
2022-02-16 01:42:56,764 [grpc-default-executor-1] INFO  server.RaftServer$Division (RaftServerImpl.java:requestVote(1078)) - 81aedf04-38bc-4259-8f21-07d047f65c5c@group-1F9862849013 replies to ELECTION vote request: 003e5be4-9867-4f5a-83bb-9c943051b5bb<-81aedf04-38bc-4259-8f21-07d047f65c5c#0:FAIL-t5. Peer's state: 81aedf04-38bc-4259-8f21-07d047f65c5c@group-1F9862849013:t5, leader=null, voted=81aedf04-38bc-4259-8f21-07d047f65c5c, raftlog=81aedf04-38bc-4259-8f21-07d047f65c5c@group-1F9862849013-SegmentedRaftLog:OPENED:c-1, conf=-1: [81aedf04-38bc-4259-8f21-07d047f65c5c|rpc:10.1.0.46:43527|priority:0, a160d0e9-2905-4393-b4ab-3632e6d9b9e1|rpc:10.1.0.46:39495|priority:0, 003e5be4-9867-4f5a-83bb-9c943051b5bb|rpc:10.1.0.46:37171|priority:1], old=null
2022-02-16 01:42:56,771 [81aedf04-38bc-4259-8f21-07d047f65c5c@group-1F9862849013-LeaderElection32] INFO  impl.LeaderElection (LeaderElection.java:logAndReturn(89)) - 81aedf04-38bc-4259-8f21-07d047f65c5c@group-1F9862849013-LeaderElection32: ELECTION REJECTED received 2 response(s) and 0 exception(s):
2022-02-16 01:42:56,771 [a160d0e9-2905-4393-b4ab-3632e6d9b9e1@group-1F9862849013-LeaderElection31] INFO  impl.LeaderElection (LeaderElection.java:logAndReturn(89)) - a160d0e9-2905-4393-b4ab-3632e6d9b9e1@group-1F9862849013-LeaderElection31: ELECTION REJECTED received 1 response(s) and 0 exception(s):
2022-02-16 01:42:56,771 [a160d0e9-2905-4393-b4ab-3632e6d9b9e1@group-1F9862849013-LeaderElection31] INFO  impl.LeaderElection (LeaderElection.java:logAndReturn(93)) -   Response 0: a160d0e9-2905-4393-b4ab-3632e6d9b9e1<-003e5be4-9867-4f5a-83bb-9c943051b5bb#0:FAIL-t5
2022-02-16 01:42:56,771 [a160d0e9-2905-4393-b4ab-3632e6d9b9e1@group-1F9862849013-LeaderElection31] INFO  impl.LeaderElection (LeaderElection.java:askForVotes(308)) - a160d0e9-2905-4393-b4ab-3632e6d9b9e1@group-1F9862849013-LeaderElection31 ELECTION round 0: result REJECTED
2022-02-16 01:42:56,771 [a160d0e9-2905-4393-b4ab-3632e6d9b9e1@group-1F9862849013-LeaderElection31] INFO  server.RaftServer$Division (RaftServerImpl.java:setRole(290)) - a160d0e9-2905-4393-b4ab-3632e6d9b9e1@group-1F9862849013: changes role from CANDIDATE to FOLLOWER at term 5 for REJECTED
2022-02-16 01:42:56,771 [a160d0e9-2905-4393-b4ab-3632e6d9b9e1@group-1F9862849013-LeaderElection31] INFO  impl.RoleInfo (RoleInfo.java:shutdownLeaderElection(121)) - a160d0e9-2905-4393-b4ab-3632e6d9b9e1: shutdown a160d0e9-2905-4393-b4ab-3632e6d9b9e1@group-1F9862849013-LeaderElection31
2022-02-16 01:42:56,771 [a160d0e9-2905-4393-b4ab-3632e6d9b9e1@group-1F9862849013-LeaderElection31] INFO  impl.RoleInfo (RoleInfo.java:updateAndGet(130)) - a160d0e9-2905-4393-b4ab-3632e6d9b9e1: start a160d0e9-2905-4393-b4ab-3632e6d9b9e1@group-1F9862849013-FollowerState
2022-02-16 01:42:56,771 [81aedf04-38bc-4259-8f21-07d047f65c5c@group-1F9862849013-LeaderElection32] INFO  impl.LeaderElection (LeaderElection.java:logAndReturn(93)) -   Response 0: 81aedf04-38bc-4259-8f21-07d047f65c5c<-a160d0e9-2905-4393-b4ab-3632e6d9b9e1#0:FAIL-t5
2022-02-16 01:42:56,772 [81aedf04-38bc-4259-8f21-07d047f65c5c@group-1F9862849013-LeaderElection32] INFO  impl.LeaderElection (LeaderElection.java:logAndReturn(93)) -   Response 1: 81aedf04-38bc-4259-8f21-07d047f65c5c<-003e5be4-9867-4f5a-83bb-9c943051b5bb#0:FAIL-t5
2022-02-16 01:42:56,772 [81aedf04-38bc-4259-8f21-07d047f65c5c@group-1F9862849013-LeaderElection32] INFO  impl.LeaderElection (LeaderElection.java:askForVotes(308)) - 81aedf04-38bc-4259-8f21-07d047f65c5c@group-1F9862849013-LeaderElection32 ELECTION round 0: result REJECTED
2022-02-16 01:42:56,772 [81aedf04-38bc-4259-8f21-07d047f65c5c@group-1F9862849013-LeaderElection32] INFO  server.RaftServer$Division (RaftServerImpl.java:setRole(290)) - 81aedf04-38bc-4259-8f21-07d047f65c5c@group-1F9862849013: changes role from CANDIDATE to FOLLOWER at term 5 for REJECTED
2022-02-16 01:42:56,772 [81aedf04-38bc-4259-8f21-07d047f65c5c@group-1F9862849013-LeaderElection32] INFO  impl.RoleInfo (RoleInfo.java:shutdownLeaderElection(121)) - 81aedf04-38bc-4259-8f21-07d047f65c5c: shutdown 81aedf04-38bc-4259-8f21-07d047f65c5c@group-1F9862849013-LeaderElection32
2022-02-16 01:42:56,772 [81aedf04-38bc-4259-8f21-07d047f65c5c@group-1F9862849013-LeaderElection32] INFO  impl.RoleInfo (RoleInfo.java:updateAndGet(130)) - 81aedf04-38bc-4259-8f21-07d047f65c5c: start 81aedf04-38bc-4259-8f21-07d047f65c5c@group-1F9862849013-FollowerState
2022-02-16 01:42:56,772 [Listener at 127.0.0.1/33913] INFO  server.GrpcService (GrpcService.java:closeImpl(262)) - 7f4e46f4-a6a5-4e91-9d7c-c7c9d4b9ec17: shutdown server with port 38997 now
2022-02-16 01:42:56,773 [grpc-default-executor-1] INFO  server.RaftServer$Division (RaftServerImpl.java:requestVote(1046)) - 81aedf04-38bc-4259-8f21-07d047f65c5c@group-1F9862849013: receive requestVote(ELECTION, a160d0e9-2905-4393-b4ab-3632e6d9b9e1, group-1F9862849013, 5, (t:0, i:0))
2022-02-16 01:42:56,774 [grpc-default-executor-3] WARN  server.GrpcServerProtocolService (LogUtils.java:warn(122)) - 7f4e46f4-a6a5-4e91-9d7c-c7c9d4b9ec17: installSnapshot onError, lastRequest: 2f6f166e-3639-444f-87d9-77f80c10b379->7f4e46f4-a6a5-4e91-9d7c-c7c9d4b9ec17#2-t3,previous=(t:3, i:17),leaderCommit=17,initializing? true,entries: size=1, first=(t:3, i:18), METADATAENTRY(c:17): org.apache.ratis.thirdparty.io.grpc.StatusRuntimeException: CANCELLED: client cancelled
2022-02-16 01:42:56,774 [Listener at 127.0.0.1/33913] INFO  server.GrpcService (GrpcService.java:closeImpl(271)) - 7f4e46f4-a6a5-4e91-9d7c-c7c9d4b9ec17: shutdown server with port 38997 successfully
2022-02-16 01:42:56,775 [grpc-default-executor-1] INFO  impl.VoteContext (VoteContext.java:log(48)) - 81aedf04-38bc-4259-8f21-07d047f65c5c@group-1F9862849013-FOLLOWER: reject ELECTION from a160d0e9-2905-4393-b4ab-3632e6d9b9e1: already has voted for 81aedf04-38bc-4259-8f21-07d047f65c5c at current term 5
2022-02-16 01:42:56,775 [grpc-default-executor-1] INFO  server.RaftServer$Division (RaftServerImpl.java:requestVote(1078)) - 81aedf04-38bc-4259-8f21-07d047f65c5c@group-1F9862849013 replies to ELECTION vote request: a160d0e9-2905-4393-b4ab-3632e6d9b9e1<-81aedf04-38bc-4259-8f21-07d047f65c5c#0:FAIL-t5. Peer's state: 81aedf04-38bc-4259-8f21-07d047f65c5c@group-1F9862849013:t5, leader=null, voted=81aedf04-38bc-4259-8f21-07d047f65c5c, raftlog=81aedf04-38bc-4259-8f21-07d047f65c5c@group-1F9862849013-SegmentedRaftLog:OPENED:c-1, conf=-1: [81aedf04-38bc-4259-8f21-07d047f65c5c|rpc:10.1.0.46:43527|priority:0, a160d0e9-2905-4393-b4ab-3632e6d9b9e1|rpc:10.1.0.46:39495|priority:0, 003e5be4-9867-4f5a-83bb-9c943051b5bb|rpc:10.1.0.46:37171|priority:1], old=null
2022-02-16 01:42:56,783 [org.apache.ratis.util.JvmPauseMonitor$$Lambda$431/1906549136@7c45600a] INFO  util.JvmPauseMonitor (JvmPauseMonitor.java:run(109)) - JvmPauseMonitor-7f4e46f4-a6a5-4e91-9d7c-c7c9d4b9ec17: Stopped
2022-02-16 01:42:56,793 [003e5be4-9867-4f5a-83bb-9c943051b5bb@group-1F9862849013-LeaderElection30] INFO  impl.LeaderElection (LeaderElection.java:logAndReturn(89)) - 003e5be4-9867-4f5a-83bb-9c943051b5bb@group-1F9862849013-LeaderElection30: ELECTION REJECTED received 2 response(s) and 0 exception(s):
2022-02-16 01:42:56,793 [003e5be4-9867-4f5a-83bb-9c943051b5bb@group-1F9862849013-LeaderElection30] INFO  impl.LeaderElection (LeaderElection.java:logAndReturn(93)) -   Response 0: 003e5be4-9867-4f5a-83bb-9c943051b5bb<-81aedf04-38bc-4259-8f21-07d047f65c5c#0:FAIL-t5
2022-02-16 01:42:56,793 [003e5be4-9867-4f5a-83bb-9c943051b5bb@group-1F9862849013-LeaderElection30] INFO  impl.LeaderElection (LeaderElection.java:logAndReturn(93)) -   Response 1: 003e5be4-9867-4f5a-83bb-9c943051b5bb<-a160d0e9-2905-4393-b4ab-3632e6d9b9e1#0:FAIL-t5
2022-02-16 01:42:56,793 [grpc-default-executor-4] WARN  server.GrpcLogAppender (LogUtils.java:warn(122)) - 2f6f166e-3639-444f-87d9-77f80c10b379@group-ECB279BAF00E->7f4e46f4-a6a5-4e91-9d7c-c7c9d4b9ec17-AppendLogResponseHandler: Failed appendEntries: org.apache.ratis.thirdparty.io.grpc.StatusRuntimeException: CANCELLED: HTTP/2 error code: CANCEL
Received Rst Stream
2022-02-16 01:42:56,793 [grpc-default-executor-4] INFO  leader.FollowerInfo (FollowerInfoImpl.java:lambda$new$0(47)) - 2f6f166e-3639-444f-87d9-77f80c10b379@group-ECB279BAF00E->7f4e46f4-a6a5-4e91-9d7c-c7c9d4b9ec17: nextIndex: updateUnconditionally 19 -> 18
2022-02-16 01:42:56,793 [003e5be4-9867-4f5a-83bb-9c943051b5bb@group-1F9862849013-LeaderElection30] INFO  impl.LeaderElection (LeaderElection.java:askForVotes(308)) - 003e5be4-9867-4f5a-83bb-9c943051b5bb@group-1F9862849013-LeaderElection30 ELECTION round 0: result REJECTED
2022-02-16 01:42:56,794 [003e5be4-9867-4f5a-83bb-9c943051b5bb@group-1F9862849013-LeaderElection30] INFO  server.RaftServer$Division (RaftServerImpl.java:setRole(290)) - 003e5be4-9867-4f5a-83bb-9c943051b5bb@group-1F9862849013: changes role from CANDIDATE to FOLLOWER at term 5 for REJECTED
2022-02-16 01:42:56,794 [003e5be4-9867-4f5a-83bb-9c943051b5bb@group-1F9862849013-LeaderElection30] INFO  impl.RoleInfo (RoleInfo.java:shutdownLeaderElection(121)) - 003e5be4-9867-4f5a-83bb-9c943051b5bb: shutdown 003e5be4-9867-4f5a-83bb-9c943051b5bb@group-1F9862849013-LeaderElection30
2022-02-16 01:42:56,794 [003e5be4-9867-4f5a-83bb-9c943051b5bb@group-1F9862849013-LeaderElection30] INFO  impl.RoleInfo (RoleInfo.java:updateAndGet(130)) - 003e5be4-9867-4f5a-83bb-9c943051b5bb: start 003e5be4-9867-4f5a-83bb-9c943051b5bb@group-1F9862849013-FollowerState
2022-02-16 01:42:56,803 [grpc-default-executor-4] WARN  server.GrpcLogAppender (LogUtils.java:warn(122)) - 2f6f166e-3639-444f-87d9-77f80c10b379@group-ECB279BAF00E->7f4e46f4-a6a5-4e91-9d7c-c7c9d4b9ec17-AppendLogResponseHandler: Failed appendEntries: org.apache.ratis.thirdparty.io.grpc.StatusRuntimeException: UNAVAILABLE: io exception
2022-02-16 01:42:56,804 [grpc-default-executor-4] INFO  leader.FollowerInfo (FollowerInfoImpl.java:lambda$new$0(47)) - 2f6f166e-3639-444f-87d9-77f80c10b379@group-ECB279BAF00E->7f4e46f4-a6a5-4e91-9d7c-c7c9d4b9ec17: nextIndex: updateUnconditionally 19 -> 18
2022-02-16 01:42:57,897 [grpc-default-executor-4] WARN  server.GrpcLogAppender (LogUtils.java:warn(122)) - 2f6f166e-3639-444f-87d9-77f80c10b379@group-ECB279BAF00E->b5efad6c-21e2-4d99-b376-b80a2810f054-AppendLogResponseHandler: Failed appendEntries: org.apache.ratis.thirdparty.io.grpc.StatusRuntimeException: UNAVAILABLE: io exception
2022-02-16 01:42:57,898 [grpc-default-executor-4] WARN  server.GrpcLogAppender (GrpcLogAppender.java:resetClient(110)) - 2f6f166e-3639-444f-87d9-77f80c10b379@group-ECB279BAF00E->b5efad6c-21e2-4d99-b376-b80a2810f054-GrpcLogAppender: Leader has not got in touch with Follower 2f6f166e-3639-444f-87d9-77f80c10b379@group-ECB279BAF00E->b5efad6c-21e2-4d99-b376-b80a2810f054(c-1,m0,n19, attendVote=true, lastRpcSendTime=2501, lastRpcResponseTime=7749) yet, just keep nextIndex unchanged and retry.
2022-02-16 01:42:58,806 [Listener at 127.0.0.1/33913] INFO  utils.BackgroundService (BackgroundService.java:shutdown(132)) - Shutting down service BlockDeletingService
2022-02-16 01:42:59,303 [grpc-default-executor-4] WARN  server.GrpcLogAppender (LogUtils.java:warn(122)) - 2f6f166e-3639-444f-87d9-77f80c10b379@group-ECB279BAF00E->7f4e46f4-a6a5-4e91-9d7c-c7c9d4b9ec17-AppendLogResponseHandler: Failed appendEntries: org.apache.ratis.thirdparty.io.grpc.StatusRuntimeException: UNAVAILABLE: io exception
2022-02-16 01:42:59,304 [grpc-default-executor-4] INFO  leader.FollowerInfo (FollowerInfoImpl.java:lambda$new$0(47)) - 2f6f166e-3639-444f-87d9-77f80c10b379@group-ECB279BAF00E->7f4e46f4-a6a5-4e91-9d7c-c7c9d4b9ec17: nextIndex: updateUnconditionally 19 -> 18
2022-02-16 01:43:00,404 [grpc-default-executor-4] WARN  server.GrpcLogAppender (LogUtils.java:warn(122)) - 2f6f166e-3639-444f-87d9-77f80c10b379@group-ECB279BAF00E->b5efad6c-21e2-4d99-b376-b80a2810f054-AppendLogResponseHandler: Failed appendEntries: org.apache.ratis.thirdparty.io.grpc.StatusRuntimeException: UNAVAILABLE: io exception
2022-02-16 01:43:00,405 [grpc-default-executor-4] WARN  server.GrpcLogAppender (GrpcLogAppender.java:resetClient(110)) - 2f6f166e-3639-444f-87d9-77f80c10b379@group-ECB279BAF00E->b5efad6c-21e2-4d99-b376-b80a2810f054-GrpcLogAppender: Leader has not got in touch with Follower 2f6f166e-3639-444f-87d9-77f80c10b379@group-ECB279BAF00E->b5efad6c-21e2-4d99-b376-b80a2810f054(c-1,m0,n19, attendVote=true, lastRpcSendTime=2505, lastRpcResponseTime=10256) yet, just keep nextIndex unchanged and retry.
2022-02-16 01:43:01,159 [0abaf1aa-1b73-4e28-a6e5-0a41a9a3ec34@group-504D69B4F741-FollowerState] INFO  impl.FollowerState (FollowerState.java:run(134)) - 0abaf1aa-1b73-4e28-a6e5-0a41a9a3ec34@group-504D69B4F741-FollowerState: change to CANDIDATE, lastRpcElapsedTime:5009095932ns, electionTimeout:5001ms
2022-02-16 01:43:01,160 [0abaf1aa-1b73-4e28-a6e5-0a41a9a3ec34@group-504D69B4F741-FollowerState] INFO  impl.RoleInfo (RoleInfo.java:shutdownFollowerState(108)) - 0abaf1aa-1b73-4e28-a6e5-0a41a9a3ec34: shutdown 0abaf1aa-1b73-4e28-a6e5-0a41a9a3ec34@group-504D69B4F741-FollowerState
2022-02-16 01:43:01,160 [0abaf1aa-1b73-4e28-a6e5-0a41a9a3ec34@group-504D69B4F741-FollowerState] INFO  server.RaftServer$Division (RaftServerImpl.java:setRole(290)) - 0abaf1aa-1b73-4e28-a6e5-0a41a9a3ec34@group-504D69B4F741: changes role from  FOLLOWER to CANDIDATE at term 5 for changeToCandidate
2022-02-16 01:43:01,160 [0abaf1aa-1b73-4e28-a6e5-0a41a9a3ec34@group-504D69B4F741-FollowerState] INFO  server.RaftServerConfigKeys (ConfUtils.java:logGet(44)) - raft.server.leaderelection.pre-vote = false (custom)
2022-02-16 01:43:01,160 [0abaf1aa-1b73-4e28-a6e5-0a41a9a3ec34@group-504D69B4F741-FollowerState] INFO  impl.RoleInfo (RoleInfo.java:updateAndGet(130)) - 0abaf1aa-1b73-4e28-a6e5-0a41a9a3ec34: start 0abaf1aa-1b73-4e28-a6e5-0a41a9a3ec34@group-504D69B4F741-LeaderElection33
2022-02-16 01:43:01,170 [0abaf1aa-1b73-4e28-a6e5-0a41a9a3ec34@group-504D69B4F741-LeaderElection33] INFO  impl.LeaderElection (LeaderElection.java:askForVotes(306)) - 0abaf1aa-1b73-4e28-a6e5-0a41a9a3ec34@group-504D69B4F741-LeaderElection33 ELECTION round 0: submit vote requests at term 6 for -1: [edcd5571-e430-46af-ba60-7657fe1b1d4c|rpc:10.1.0.46:34285|dataStream:|priority:0, a565342f-4fee-4f25-a030-3e45d0cf0ab9|rpc:10.1.0.46:45097|dataStream:|priority:1, 0abaf1aa-1b73-4e28-a6e5-0a41a9a3ec34|rpc:10.1.0.46:36601|dataStream:|priority:0], old=null
2022-02-16 01:43:01,174 [a565342f-4fee-4f25-a030-3e45d0cf0ab9@group-504D69B4F741-FollowerState] INFO  impl.FollowerState (FollowerState.java:run(134)) - a565342f-4fee-4f25-a030-3e45d0cf0ab9@group-504D69B4F741-FollowerState: change to CANDIDATE, lastRpcElapsedTime:5027012901ns, electionTimeout:5018ms
2022-02-16 01:43:01,174 [a565342f-4fee-4f25-a030-3e45d0cf0ab9@group-504D69B4F741-FollowerState] INFO  impl.RoleInfo (RoleInfo.java:shutdownFollowerState(108)) - a565342f-4fee-4f25-a030-3e45d0cf0ab9: shutdown a565342f-4fee-4f25-a030-3e45d0cf0ab9@group-504D69B4F741-FollowerState
2022-02-16 01:43:01,174 [a565342f-4fee-4f25-a030-3e45d0cf0ab9@group-504D69B4F741-FollowerState] INFO  server.RaftServer$Division (RaftServerImpl.java:setRole(290)) - a565342f-4fee-4f25-a030-3e45d0cf0ab9@group-504D69B4F741: changes role from  FOLLOWER to CANDIDATE at term 5 for changeToCandidate
2022-02-16 01:43:01,180 [grpc-default-executor-4] INFO  server.RaftServer$Division (RaftServerImpl.java:requestVote(1046)) - edcd5571-e430-46af-ba60-7657fe1b1d4c@group-504D69B4F741: receive requestVote(ELECTION, 0abaf1aa-1b73-4e28-a6e5-0a41a9a3ec34, group-504D69B4F741, 6, (t:0, i:0))
2022-02-16 01:43:01,181 [grpc-default-executor-4] INFO  impl.VoteContext (VoteContext.java:log(48)) - edcd5571-e430-46af-ba60-7657fe1b1d4c@group-504D69B4F741-FOLLOWER: accept ELECTION from 0abaf1aa-1b73-4e28-a6e5-0a41a9a3ec34: our priority 0 <= candidate's priority 0
2022-02-16 01:43:01,181 [grpc-default-executor-4] INFO  server.RaftServer$Division (RaftServerImpl.java:setRole(290)) - edcd5571-e430-46af-ba60-7657fe1b1d4c@group-504D69B4F741: changes role from  FOLLOWER to FOLLOWER at term 6 for candidate:0abaf1aa-1b73-4e28-a6e5-0a41a9a3ec34
2022-02-16 01:43:01,181 [grpc-default-executor-4] INFO  impl.RoleInfo (RoleInfo.java:shutdownFollowerState(108)) - edcd5571-e430-46af-ba60-7657fe1b1d4c: shutdown edcd5571-e430-46af-ba60-7657fe1b1d4c@group-504D69B4F741-FollowerState
2022-02-16 01:43:01,181 [a565342f-4fee-4f25-a030-3e45d0cf0ab9@group-504D69B4F741-FollowerState] INFO  server.RaftServerConfigKeys (ConfUtils.java:logGet(44)) - raft.server.leaderelection.pre-vote = false (custom)
2022-02-16 01:43:01,181 [a565342f-4fee-4f25-a030-3e45d0cf0ab9@group-504D69B4F741-FollowerState] INFO  impl.RoleInfo (RoleInfo.java:updateAndGet(130)) - a565342f-4fee-4f25-a030-3e45d0cf0ab9: start a565342f-4fee-4f25-a030-3e45d0cf0ab9@group-504D69B4F741-LeaderElection34
2022-02-16 01:43:01,183 [grpc-default-executor-1] INFO  server.RaftServer$Division (RaftServerImpl.java:requestVote(1046)) - a565342f-4fee-4f25-a030-3e45d0cf0ab9@group-504D69B4F741: receive requestVote(ELECTION, 0abaf1aa-1b73-4e28-a6e5-0a41a9a3ec34, group-504D69B4F741, 6, (t:0, i:0))
2022-02-16 01:43:01,194 [grpc-default-executor-4] INFO  impl.RoleInfo (RoleInfo.java:updateAndGet(130)) - edcd5571-e430-46af-ba60-7657fe1b1d4c: start edcd5571-e430-46af-ba60-7657fe1b1d4c@group-504D69B4F741-FollowerState
2022-02-16 01:43:01,194 [edcd5571-e430-46af-ba60-7657fe1b1d4c@group-504D69B4F741-FollowerState] INFO  impl.FollowerState (FollowerState.java:run(143)) - edcd5571-e430-46af-ba60-7657fe1b1d4c@group-504D69B4F741-FollowerState was interrupted: {}
java.lang.InterruptedException: sleep interrupted
	at java.lang.Thread.sleep(Native Method)
	at java.lang.Thread.sleep(Thread.java:340)
	at java.util.concurrent.TimeUnit.sleep(TimeUnit.java:386)
	at org.apache.ratis.util.TimeDuration.sleep(TimeDuration.java:324)
	at org.apache.ratis.util.TimeDuration.sleep(TimeDuration.java:309)
	at org.apache.ratis.server.impl.FollowerState.run(FollowerState.java:118)
2022-02-16 01:43:01,196 [a565342f-4fee-4f25-a030-3e45d0cf0ab9@group-504D69B4F741-LeaderElection34] INFO  impl.LeaderElection (LeaderElection.java:askForVotes(306)) - a565342f-4fee-4f25-a030-3e45d0cf0ab9@group-504D69B4F741-LeaderElection34 ELECTION round 0: submit vote requests at term 6 for -1: [edcd5571-e430-46af-ba60-7657fe1b1d4c|rpc:10.1.0.46:34285|dataStream:|priority:0, a565342f-4fee-4f25-a030-3e45d0cf0ab9|rpc:10.1.0.46:45097|dataStream:|priority:1, 0abaf1aa-1b73-4e28-a6e5-0a41a9a3ec34|rpc:10.1.0.46:36601|dataStream:|priority:0], old=null
2022-02-16 01:43:01,196 [grpc-default-executor-1] INFO  impl.VoteContext (VoteContext.java:log(48)) - a565342f-4fee-4f25-a030-3e45d0cf0ab9@group-504D69B4F741-CANDIDATE: reject ELECTION from 0abaf1aa-1b73-4e28-a6e5-0a41a9a3ec34: already has voted for a565342f-4fee-4f25-a030-3e45d0cf0ab9 at current term 6
2022-02-16 01:43:01,205 [grpc-default-executor-1] INFO  server.RaftServer$Division (RaftServerImpl.java:requestVote(1078)) - a565342f-4fee-4f25-a030-3e45d0cf0ab9@group-504D69B4F741 replies to ELECTION vote request: 0abaf1aa-1b73-4e28-a6e5-0a41a9a3ec34<-a565342f-4fee-4f25-a030-3e45d0cf0ab9#0:FAIL-t6. Peer's state: a565342f-4fee-4f25-a030-3e45d0cf0ab9@group-504D69B4F741:t6, leader=null, voted=a565342f-4fee-4f25-a030-3e45d0cf0ab9, raftlog=a565342f-4fee-4f25-a030-3e45d0cf0ab9@group-504D69B4F741-SegmentedRaftLog:OPENED:c-1, conf=-1: [edcd5571-e430-46af-ba60-7657fe1b1d4c|rpc:10.1.0.46:34285|dataStream:|priority:0, a565342f-4fee-4f25-a030-3e45d0cf0ab9|rpc:10.1.0.46:45097|dataStream:|priority:1, 0abaf1aa-1b73-4e28-a6e5-0a41a9a3ec34|rpc:10.1.0.46:36601|dataStream:|priority:0], old=null
2022-02-16 01:43:01,213 [grpc-default-executor-1] INFO  server.RaftServer$Division (RaftServerImpl.java:requestVote(1046)) - edcd5571-e430-46af-ba60-7657fe1b1d4c@group-504D69B4F741: receive requestVote(ELECTION, a565342f-4fee-4f25-a030-3e45d0cf0ab9, group-504D69B4F741, 6, (t:0, i:0))
2022-02-16 01:43:01,222 [grpc-default-executor-4] INFO  server.RaftServer$Division (RaftServerImpl.java:requestVote(1078)) - edcd5571-e430-46af-ba60-7657fe1b1d4c@group-504D69B4F741 replies to ELECTION vote request: 0abaf1aa-1b73-4e28-a6e5-0a41a9a3ec34<-edcd5571-e430-46af-ba60-7657fe1b1d4c#0:OK-t6. Peer's state: edcd5571-e430-46af-ba60-7657fe1b1d4c@group-504D69B4F741:t6, leader=null, voted=0abaf1aa-1b73-4e28-a6e5-0a41a9a3ec34, raftlog=edcd5571-e430-46af-ba60-7657fe1b1d4c@group-504D69B4F741-SegmentedRaftLog:OPENED:c-1, conf=-1: [edcd5571-e430-46af-ba60-7657fe1b1d4c|rpc:10.1.0.46:34285|priority:0, a565342f-4fee-4f25-a030-3e45d0cf0ab9|rpc:10.1.0.46:45097|priority:1, 0abaf1aa-1b73-4e28-a6e5-0a41a9a3ec34|rpc:10.1.0.46:36601|priority:0], old=null
2022-02-16 01:43:01,223 [grpc-default-executor-1] INFO  impl.VoteContext (VoteContext.java:log(48)) - edcd5571-e430-46af-ba60-7657fe1b1d4c@group-504D69B4F741-FOLLOWER: reject ELECTION from a565342f-4fee-4f25-a030-3e45d0cf0ab9: already has voted for 0abaf1aa-1b73-4e28-a6e5-0a41a9a3ec34 at current term 6
2022-02-16 01:43:01,223 [grpc-default-executor-1] INFO  server.RaftServer$Division (RaftServerImpl.java:requestVote(1078)) - edcd5571-e430-46af-ba60-7657fe1b1d4c@group-504D69B4F741 replies to ELECTION vote request: a565342f-4fee-4f25-a030-3e45d0cf0ab9<-edcd5571-e430-46af-ba60-7657fe1b1d4c#0:FAIL-t6. Peer's state: edcd5571-e430-46af-ba60-7657fe1b1d4c@group-504D69B4F741:t6, leader=null, voted=0abaf1aa-1b73-4e28-a6e5-0a41a9a3ec34, raftlog=edcd5571-e430-46af-ba60-7657fe1b1d4c@group-504D69B4F741-SegmentedRaftLog:OPENED:c-1, conf=-1: [edcd5571-e430-46af-ba60-7657fe1b1d4c|rpc:10.1.0.46:34285|priority:0, a565342f-4fee-4f25-a030-3e45d0cf0ab9|rpc:10.1.0.46:45097|priority:1, 0abaf1aa-1b73-4e28-a6e5-0a41a9a3ec34|rpc:10.1.0.46:36601|priority:0], old=null
2022-02-16 01:43:01,225 [grpc-default-executor-4] INFO  server.RaftServer$Division (RaftServerImpl.java:requestVote(1046)) - 0abaf1aa-1b73-4e28-a6e5-0a41a9a3ec34@group-504D69B4F741: receive requestVote(ELECTION, a565342f-4fee-4f25-a030-3e45d0cf0ab9, group-504D69B4F741, 6, (t:0, i:0))
2022-02-16 01:43:01,225 [grpc-default-executor-4] INFO  impl.VoteContext (VoteContext.java:log(48)) - 0abaf1aa-1b73-4e28-a6e5-0a41a9a3ec34@group-504D69B4F741-CANDIDATE: reject ELECTION from a565342f-4fee-4f25-a030-3e45d0cf0ab9: already has voted for 0abaf1aa-1b73-4e28-a6e5-0a41a9a3ec34 at current term 6
2022-02-16 01:43:01,225 [grpc-default-executor-4] INFO  server.RaftServer$Division (RaftServerImpl.java:requestVote(1078)) - 0abaf1aa-1b73-4e28-a6e5-0a41a9a3ec34@group-504D69B4F741 replies to ELECTION vote request: a565342f-4fee-4f25-a030-3e45d0cf0ab9<-0abaf1aa-1b73-4e28-a6e5-0a41a9a3ec34#0:FAIL-t6. Peer's state: 0abaf1aa-1b73-4e28-a6e5-0a41a9a3ec34@group-504D69B4F741:t6, leader=null, voted=0abaf1aa-1b73-4e28-a6e5-0a41a9a3ec34, raftlog=0abaf1aa-1b73-4e28-a6e5-0a41a9a3ec34@group-504D69B4F741-SegmentedRaftLog:OPENED:c-1, conf=-1: [edcd5571-e430-46af-ba60-7657fe1b1d4c|rpc:10.1.0.46:34285|dataStream:|priority:0, a565342f-4fee-4f25-a030-3e45d0cf0ab9|rpc:10.1.0.46:45097|dataStream:|priority:1, 0abaf1aa-1b73-4e28-a6e5-0a41a9a3ec34|rpc:10.1.0.46:36601|dataStream:|priority:0], old=null
2022-02-16 01:43:01,226 [0abaf1aa-1b73-4e28-a6e5-0a41a9a3ec34@group-504D69B4F741-LeaderElection33] INFO  impl.LeaderElection (LeaderElection.java:logAndReturn(89)) - 0abaf1aa-1b73-4e28-a6e5-0a41a9a3ec34@group-504D69B4F741-LeaderElection33: ELECTION REJECTED received 1 response(s) and 0 exception(s):
2022-02-16 01:43:01,226 [0abaf1aa-1b73-4e28-a6e5-0a41a9a3ec34@group-504D69B4F741-LeaderElection33] INFO  impl.LeaderElection (LeaderElection.java:logAndReturn(93)) -   Response 0: 0abaf1aa-1b73-4e28-a6e5-0a41a9a3ec34<-a565342f-4fee-4f25-a030-3e45d0cf0ab9#0:FAIL-t6
2022-02-16 01:43:01,226 [0abaf1aa-1b73-4e28-a6e5-0a41a9a3ec34@group-504D69B4F741-LeaderElection33] INFO  impl.LeaderElection (LeaderElection.java:askForVotes(308)) - 0abaf1aa-1b73-4e28-a6e5-0a41a9a3ec34@group-504D69B4F741-LeaderElection33 ELECTION round 0: result REJECTED
2022-02-16 01:43:01,226 [0abaf1aa-1b73-4e28-a6e5-0a41a9a3ec34@group-504D69B4F741-LeaderElection33] INFO  server.RaftServer$Division (RaftServerImpl.java:setRole(290)) - 0abaf1aa-1b73-4e28-a6e5-0a41a9a3ec34@group-504D69B4F741: changes role from CANDIDATE to FOLLOWER at term 6 for REJECTED
2022-02-16 01:43:01,226 [0abaf1aa-1b73-4e28-a6e5-0a41a9a3ec34@group-504D69B4F741-LeaderElection33] INFO  impl.RoleInfo (RoleInfo.java:shutdownLeaderElection(121)) - 0abaf1aa-1b73-4e28-a6e5-0a41a9a3ec34: shutdown 0abaf1aa-1b73-4e28-a6e5-0a41a9a3ec34@group-504D69B4F741-LeaderElection33
2022-02-16 01:43:01,227 [0abaf1aa-1b73-4e28-a6e5-0a41a9a3ec34@group-504D69B4F741-LeaderElection33] INFO  impl.RoleInfo (RoleInfo.java:updateAndGet(130)) - 0abaf1aa-1b73-4e28-a6e5-0a41a9a3ec34: start 0abaf1aa-1b73-4e28-a6e5-0a41a9a3ec34@group-504D69B4F741-FollowerState
2022-02-16 01:43:01,235 [a565342f-4fee-4f25-a030-3e45d0cf0ab9@group-504D69B4F741-LeaderElection34] INFO  impl.LeaderElection (LeaderElection.java:logAndReturn(89)) - a565342f-4fee-4f25-a030-3e45d0cf0ab9@group-504D69B4F741-LeaderElection34: ELECTION REJECTED received 2 response(s) and 0 exception(s):
2022-02-16 01:43:01,235 [a565342f-4fee-4f25-a030-3e45d0cf0ab9@group-504D69B4F741-LeaderElection34] INFO  impl.LeaderElection (LeaderElection.java:logAndReturn(93)) -   Response 0: a565342f-4fee-4f25-a030-3e45d0cf0ab9<-edcd5571-e430-46af-ba60-7657fe1b1d4c#0:FAIL-t6
2022-02-16 01:43:01,235 [a565342f-4fee-4f25-a030-3e45d0cf0ab9@group-504D69B4F741-LeaderElection34] INFO  impl.LeaderElection (LeaderElection.java:logAndReturn(93)) -   Response 1: a565342f-4fee-4f25-a030-3e45d0cf0ab9<-0abaf1aa-1b73-4e28-a6e5-0a41a9a3ec34#0:FAIL-t6
2022-02-16 01:43:01,235 [a565342f-4fee-4f25-a030-3e45d0cf0ab9@group-504D69B4F741-LeaderElection34] INFO  impl.LeaderElection (LeaderElection.java:askForVotes(308)) - a565342f-4fee-4f25-a030-3e45d0cf0ab9@group-504D69B4F741-LeaderElection34 ELECTION round 0: result REJECTED
2022-02-16 01:43:01,235 [a565342f-4fee-4f25-a030-3e45d0cf0ab9@group-504D69B4F741-LeaderElection34] INFO  server.RaftServer$Division (RaftServerImpl.java:setRole(290)) - a565342f-4fee-4f25-a030-3e45d0cf0ab9@group-504D69B4F741: changes role from CANDIDATE to FOLLOWER at term 6 for REJECTED
2022-02-16 01:43:01,235 [a565342f-4fee-4f25-a030-3e45d0cf0ab9@group-504D69B4F741-LeaderElection34] INFO  impl.RoleInfo (RoleInfo.java:shutdownLeaderElection(121)) - a565342f-4fee-4f25-a030-3e45d0cf0ab9: shutdown a565342f-4fee-4f25-a030-3e45d0cf0ab9@group-504D69B4F741-LeaderElection34
2022-02-16 01:43:01,235 [a565342f-4fee-4f25-a030-3e45d0cf0ab9@group-504D69B4F741-LeaderElection34] INFO  impl.RoleInfo (RoleInfo.java:updateAndGet(130)) - a565342f-4fee-4f25-a030-3e45d0cf0ab9: start a565342f-4fee-4f25-a030-3e45d0cf0ab9@group-504D69B4F741-FollowerState
2022-02-16 01:43:01,805 [grpc-default-executor-4] WARN  server.GrpcLogAppender (LogUtils.java:warn(122)) - 2f6f166e-3639-444f-87d9-77f80c10b379@group-ECB279BAF00E->7f4e46f4-a6a5-4e91-9d7c-c7c9d4b9ec17-AppendLogResponseHandler: Failed appendEntries: org.apache.ratis.thirdparty.io.grpc.StatusRuntimeException: UNAVAILABLE: io exception
2022-02-16 01:43:01,806 [grpc-default-executor-4] INFO  leader.FollowerInfo (FollowerInfoImpl.java:lambda$new$0(47)) - 2f6f166e-3639-444f-87d9-77f80c10b379@group-ECB279BAF00E->7f4e46f4-a6a5-4e91-9d7c-c7c9d4b9ec17: nextIndex: updateUnconditionally 19 -> 18
2022-02-16 01:43:01,835 [Listener at 127.0.0.1/33913] INFO  statemachine.DatanodeStateMachine (DatanodeStateMachine.java:stopDaemon(529)) - Ozone container server stopped.
2022-02-16 01:43:01,836 [Listener at 127.0.0.1/33913] INFO  handler.ContextHandler (ContextHandler.java:doStop(1153)) - Stopped o.e.j.w.WebAppContext@27688fc6{hddsDatanode,/,null,STOPPED}{jar:file:/home/runner/.m2/repository/org/apache/ozone/hdds-container-service/1.3.0-SNAPSHOT/hdds-container-service-1.3.0-SNAPSHOT.jar!/webapps/hddsDatanode}
2022-02-16 01:43:01,838 [Listener at 127.0.0.1/33913] INFO  server.AbstractConnector (AbstractConnector.java:doStop(381)) - Stopped ServerConnector@431ac922{HTTP/1.1, (http/1.1)}{0.0.0.0:0}
2022-02-16 01:43:01,838 [Listener at 127.0.0.1/33913] INFO  server.session (HouseKeeper.java:stopScavenging(149)) - node0 Stopped scavenging
2022-02-16 01:43:01,838 [Listener at 127.0.0.1/33913] INFO  handler.ContextHandler (ContextHandler.java:doStop(1153)) - Stopped o.e.j.s.ServletContextHandler@591ad4b3{static,/static,jar:file:/home/runner/.m2/repository/org/apache/ozone/hdds-container-service/1.3.0-SNAPSHOT/hdds-container-service-1.3.0-SNAPSHOT.jar!/webapps/static,STOPPED}
2022-02-16 01:43:01,838 [Listener at 127.0.0.1/33913] INFO  handler.ContextHandler (ContextHandler.java:doStop(1153)) - Stopped o.e.j.s.ServletContextHandler@76b51e5f{logs,/logs,file:///home/runner/work/ozone/ozone/hadoop-ozone/integration-test/target/log,STOPPED}
2022-02-16 01:43:01,920 [a160d0e9-2905-4393-b4ab-3632e6d9b9e1@group-1F9862849013-FollowerState] INFO  impl.FollowerState (FollowerState.java:run(134)) - a160d0e9-2905-4393-b4ab-3632e6d9b9e1@group-1F9862849013-FollowerState: change to CANDIDATE, lastRpcElapsedTime:5148519943ns, electionTimeout:5145ms
2022-02-16 01:43:01,920 [a160d0e9-2905-4393-b4ab-3632e6d9b9e1@group-1F9862849013-FollowerState] INFO  impl.RoleInfo (RoleInfo.java:shutdownFollowerState(108)) - a160d0e9-2905-4393-b4ab-3632e6d9b9e1: shutdown a160d0e9-2905-4393-b4ab-3632e6d9b9e1@group-1F9862849013-FollowerState
2022-02-16 01:43:01,920 [a160d0e9-2905-4393-b4ab-3632e6d9b9e1@group-1F9862849013-FollowerState] INFO  server.RaftServer$Division (RaftServerImpl.java:setRole(290)) - a160d0e9-2905-4393-b4ab-3632e6d9b9e1@group-1F9862849013: changes role from  FOLLOWER to CANDIDATE at term 5 for changeToCandidate
2022-02-16 01:43:01,920 [a160d0e9-2905-4393-b4ab-3632e6d9b9e1@group-1F9862849013-FollowerState] INFO  server.RaftServerConfigKeys (ConfUtils.java:logGet(44)) - raft.server.leaderelection.pre-vote = false (custom)
2022-02-16 01:43:01,920 [a160d0e9-2905-4393-b4ab-3632e6d9b9e1@group-1F9862849013-FollowerState] INFO  impl.RoleInfo (RoleInfo.java:updateAndGet(130)) - a160d0e9-2905-4393-b4ab-3632e6d9b9e1: start a160d0e9-2905-4393-b4ab-3632e6d9b9e1@group-1F9862849013-LeaderElection35
2022-02-16 01:43:01,921 [003e5be4-9867-4f5a-83bb-9c943051b5bb@group-1F9862849013-FollowerState] INFO  impl.FollowerState (FollowerState.java:run(134)) - 003e5be4-9867-4f5a-83bb-9c943051b5bb@group-1F9862849013-FollowerState: change to CANDIDATE, lastRpcElapsedTime:5127595046ns, electionTimeout:5119ms
2022-02-16 01:43:01,921 [003e5be4-9867-4f5a-83bb-9c943051b5bb@group-1F9862849013-FollowerState] INFO  impl.RoleInfo (RoleInfo.java:shutdownFollowerState(108)) - 003e5be4-9867-4f5a-83bb-9c943051b5bb: shutdown 003e5be4-9867-4f5a-83bb-9c943051b5bb@group-1F9862849013-FollowerState
2022-02-16 01:43:01,922 [003e5be4-9867-4f5a-83bb-9c943051b5bb@group-1F9862849013-FollowerState] INFO  server.RaftServer$Division (RaftServerImpl.java:setRole(290)) - 003e5be4-9867-4f5a-83bb-9c943051b5bb@group-1F9862849013: changes role from  FOLLOWER to CANDIDATE at term 5 for changeToCandidate
2022-02-16 01:43:01,928 [003e5be4-9867-4f5a-83bb-9c943051b5bb@group-1F9862849013-FollowerState] INFO  server.RaftServerConfigKeys (ConfUtils.java:logGet(44)) - raft.server.leaderelection.pre-vote = false (custom)
2022-02-16 01:43:01,928 [003e5be4-9867-4f5a-83bb-9c943051b5bb@group-1F9862849013-FollowerState] INFO  impl.RoleInfo (RoleInfo.java:updateAndGet(130)) - 003e5be4-9867-4f5a-83bb-9c943051b5bb: start 003e5be4-9867-4f5a-83bb-9c943051b5bb@group-1F9862849013-LeaderElection36
2022-02-16 01:43:01,931 [a160d0e9-2905-4393-b4ab-3632e6d9b9e1@group-1F9862849013-LeaderElection35] INFO  impl.LeaderElection (LeaderElection.java:askForVotes(306)) - a160d0e9-2905-4393-b4ab-3632e6d9b9e1@group-1F9862849013-LeaderElection35 ELECTION round 0: submit vote requests at term 6 for -1: [81aedf04-38bc-4259-8f21-07d047f65c5c|rpc:10.1.0.46:43527|dataStream:|priority:0, a160d0e9-2905-4393-b4ab-3632e6d9b9e1|rpc:10.1.0.46:39495|dataStream:|priority:0, 003e5be4-9867-4f5a-83bb-9c943051b5bb|rpc:10.1.0.46:37171|dataStream:|priority:1], old=null
2022-02-16 01:43:01,933 [003e5be4-9867-4f5a-83bb-9c943051b5bb@group-1F9862849013-LeaderElection36] INFO  impl.LeaderElection (LeaderElection.java:askForVotes(306)) - 003e5be4-9867-4f5a-83bb-9c943051b5bb@group-1F9862849013-LeaderElection36 ELECTION round 0: submit vote requests at term 6 for -1: [81aedf04-38bc-4259-8f21-07d047f65c5c|rpc:10.1.0.46:43527|dataStream:|priority:0, a160d0e9-2905-4393-b4ab-3632e6d9b9e1|rpc:10.1.0.46:39495|dataStream:|priority:0, 003e5be4-9867-4f5a-83bb-9c943051b5bb|rpc:10.1.0.46:37171|dataStream:|priority:1], old=null
2022-02-16 01:43:01,943 [grpc-default-executor-4] INFO  server.RaftServer$Division (RaftServerImpl.java:requestVote(1046)) - 81aedf04-38bc-4259-8f21-07d047f65c5c@group-1F9862849013: receive requestVote(ELECTION, a160d0e9-2905-4393-b4ab-3632e6d9b9e1, group-1F9862849013, 6, (t:0, i:0))
2022-02-16 01:43:01,943 [grpc-default-executor-4] INFO  impl.VoteContext (VoteContext.java:log(48)) - 81aedf04-38bc-4259-8f21-07d047f65c5c@group-1F9862849013-FOLLOWER: accept ELECTION from a160d0e9-2905-4393-b4ab-3632e6d9b9e1: our priority 0 <= candidate's priority 0
2022-02-16 01:43:01,943 [grpc-default-executor-4] INFO  server.RaftServer$Division (RaftServerImpl.java:setRole(290)) - 81aedf04-38bc-4259-8f21-07d047f65c5c@group-1F9862849013: changes role from  FOLLOWER to FOLLOWER at term 6 for candidate:a160d0e9-2905-4393-b4ab-3632e6d9b9e1
2022-02-16 01:43:01,943 [grpc-default-executor-4] INFO  impl.RoleInfo (RoleInfo.java:shutdownFollowerState(108)) - 81aedf04-38bc-4259-8f21-07d047f65c5c: shutdown 81aedf04-38bc-4259-8f21-07d047f65c5c@group-1F9862849013-FollowerState
2022-02-16 01:43:01,949 [grpc-default-executor-1] INFO  server.RaftServer$Division (RaftServerImpl.java:requestVote(1046)) - 003e5be4-9867-4f5a-83bb-9c943051b5bb@group-1F9862849013: receive requestVote(ELECTION, a160d0e9-2905-4393-b4ab-3632e6d9b9e1, group-1F9862849013, 6, (t:0, i:0))
2022-02-16 01:43:01,949 [grpc-default-executor-1] INFO  impl.VoteContext (VoteContext.java:log(48)) - 003e5be4-9867-4f5a-83bb-9c943051b5bb@group-1F9862849013-CANDIDATE: reject ELECTION from a160d0e9-2905-4393-b4ab-3632e6d9b9e1: already has voted for 003e5be4-9867-4f5a-83bb-9c943051b5bb at current term 6
2022-02-16 01:43:01,949 [grpc-default-executor-1] INFO  server.RaftServer$Division (RaftServerImpl.java:requestVote(1078)) - 003e5be4-9867-4f5a-83bb-9c943051b5bb@group-1F9862849013 replies to ELECTION vote request: a160d0e9-2905-4393-b4ab-3632e6d9b9e1<-003e5be4-9867-4f5a-83bb-9c943051b5bb#0:FAIL-t6. Peer's state: 003e5be4-9867-4f5a-83bb-9c943051b5bb@group-1F9862849013:t6, leader=null, voted=003e5be4-9867-4f5a-83bb-9c943051b5bb, raftlog=003e5be4-9867-4f5a-83bb-9c943051b5bb@group-1F9862849013-SegmentedRaftLog:OPENED:c-1, conf=-1: [81aedf04-38bc-4259-8f21-07d047f65c5c|rpc:10.1.0.46:43527|dataStream:|priority:0, a160d0e9-2905-4393-b4ab-3632e6d9b9e1|rpc:10.1.0.46:39495|dataStream:|priority:0, 003e5be4-9867-4f5a-83bb-9c943051b5bb|rpc:10.1.0.46:37171|dataStream:|priority:1], old=null
2022-02-16 01:43:01,956 [grpc-default-executor-1] INFO  server.RaftServer$Division (RaftServerImpl.java:requestVote(1046)) - 81aedf04-38bc-4259-8f21-07d047f65c5c@group-1F9862849013: receive requestVote(ELECTION, 003e5be4-9867-4f5a-83bb-9c943051b5bb, group-1F9862849013, 6, (t:0, i:0))
2022-02-16 01:43:01,958 [grpc-default-executor-4] INFO  impl.RoleInfo (RoleInfo.java:updateAndGet(130)) - 81aedf04-38bc-4259-8f21-07d047f65c5c: start 81aedf04-38bc-4259-8f21-07d047f65c5c@group-1F9862849013-FollowerState
2022-02-16 01:43:01,958 [81aedf04-38bc-4259-8f21-07d047f65c5c@group-1F9862849013-FollowerState] INFO  impl.FollowerState (FollowerState.java:run(143)) - 81aedf04-38bc-4259-8f21-07d047f65c5c@group-1F9862849013-FollowerState was interrupted: {}
java.lang.InterruptedException: sleep interrupted
	at java.lang.Thread.sleep(Native Method)
	at java.lang.Thread.sleep(Thread.java:340)
	at java.util.concurrent.TimeUnit.sleep(TimeUnit.java:386)
	at org.apache.ratis.util.TimeDuration.sleep(TimeDuration.java:324)
	at org.apache.ratis.util.TimeDuration.sleep(TimeDuration.java:309)
	at org.apache.ratis.server.impl.FollowerState.run(FollowerState.java:118)
2022-02-16 01:43:01,959 [grpc-default-executor-3] INFO  server.RaftServer$Division (RaftServerImpl.java:requestVote(1046)) - a160d0e9-2905-4393-b4ab-3632e6d9b9e1@group-1F9862849013: receive requestVote(ELECTION, 003e5be4-9867-4f5a-83bb-9c943051b5bb, group-1F9862849013, 6, (t:0, i:0))
2022-02-16 01:43:01,959 [grpc-default-executor-3] INFO  impl.VoteContext (VoteContext.java:log(48)) - a160d0e9-2905-4393-b4ab-3632e6d9b9e1@group-1F9862849013-CANDIDATE: reject ELECTION from 003e5be4-9867-4f5a-83bb-9c943051b5bb: already has voted for a160d0e9-2905-4393-b4ab-3632e6d9b9e1 at current term 6
2022-02-16 01:43:01,959 [grpc-default-executor-3] INFO  server.RaftServer$Division (RaftServerImpl.java:requestVote(1078)) - a160d0e9-2905-4393-b4ab-3632e6d9b9e1@group-1F9862849013 replies to ELECTION vote request: 003e5be4-9867-4f5a-83bb-9c943051b5bb<-a160d0e9-2905-4393-b4ab-3632e6d9b9e1#0:FAIL-t6. Peer's state: a160d0e9-2905-4393-b4ab-3632e6d9b9e1@group-1F9862849013:t6, leader=null, voted=a160d0e9-2905-4393-b4ab-3632e6d9b9e1, raftlog=a160d0e9-2905-4393-b4ab-3632e6d9b9e1@group-1F9862849013-SegmentedRaftLog:OPENED:c-1, conf=-1: [81aedf04-38bc-4259-8f21-07d047f65c5c|rpc:10.1.0.46:43527|dataStream:|priority:0, a160d0e9-2905-4393-b4ab-3632e6d9b9e1|rpc:10.1.0.46:39495|dataStream:|priority:0, 003e5be4-9867-4f5a-83bb-9c943051b5bb|rpc:10.1.0.46:37171|dataStream:|priority:1], old=null
2022-02-16 01:43:01,965 [a160d0e9-2905-4393-b4ab-3632e6d9b9e1@group-1F9862849013-LeaderElection35] INFO  impl.LeaderElection (LeaderElection.java:logAndReturn(89)) - a160d0e9-2905-4393-b4ab-3632e6d9b9e1@group-1F9862849013-LeaderElection35: ELECTION REJECTED received 1 response(s) and 0 exception(s):
2022-02-16 01:43:01,965 [a160d0e9-2905-4393-b4ab-3632e6d9b9e1@group-1F9862849013-LeaderElection35] INFO  impl.LeaderElection (LeaderElection.java:logAndReturn(93)) -   Response 0: a160d0e9-2905-4393-b4ab-3632e6d9b9e1<-003e5be4-9867-4f5a-83bb-9c943051b5bb#0:FAIL-t6
2022-02-16 01:43:01,965 [a160d0e9-2905-4393-b4ab-3632e6d9b9e1@group-1F9862849013-LeaderElection35] INFO  impl.LeaderElection (LeaderElection.java:askForVotes(308)) - a160d0e9-2905-4393-b4ab-3632e6d9b9e1@group-1F9862849013-LeaderElection35 ELECTION round 0: result REJECTED
2022-02-16 01:43:01,965 [a160d0e9-2905-4393-b4ab-3632e6d9b9e1@group-1F9862849013-LeaderElection35] INFO  server.RaftServer$Division (RaftServerImpl.java:setRole(290)) - a160d0e9-2905-4393-b4ab-3632e6d9b9e1@group-1F9862849013: changes role from CANDIDATE to FOLLOWER at term 6 for REJECTED
2022-02-16 01:43:01,965 [a160d0e9-2905-4393-b4ab-3632e6d9b9e1@group-1F9862849013-LeaderElection35] INFO  impl.RoleInfo (RoleInfo.java:shutdownLeaderElection(121)) - a160d0e9-2905-4393-b4ab-3632e6d9b9e1: shutdown a160d0e9-2905-4393-b4ab-3632e6d9b9e1@group-1F9862849013-LeaderElection35
2022-02-16 01:43:01,966 [a160d0e9-2905-4393-b4ab-3632e6d9b9e1@group-1F9862849013-LeaderElection35] INFO  impl.RoleInfo (RoleInfo.java:updateAndGet(130)) - a160d0e9-2905-4393-b4ab-3632e6d9b9e1: start a160d0e9-2905-4393-b4ab-3632e6d9b9e1@group-1F9862849013-FollowerState
2022-02-16 01:43:01,967 [grpc-default-executor-4] INFO  server.RaftServer$Division (RaftServerImpl.java:requestVote(1078)) - 81aedf04-38bc-4259-8f21-07d047f65c5c@group-1F9862849013 replies to ELECTION vote request: a160d0e9-2905-4393-b4ab-3632e6d9b9e1<-81aedf04-38bc-4259-8f21-07d047f65c5c#0:OK-t6. Peer's state: 81aedf04-38bc-4259-8f21-07d047f65c5c@group-1F9862849013:t6, leader=null, voted=a160d0e9-2905-4393-b4ab-3632e6d9b9e1, raftlog=81aedf04-38bc-4259-8f21-07d047f65c5c@group-1F9862849013-SegmentedRaftLog:OPENED:c-1, conf=-1: [81aedf04-38bc-4259-8f21-07d047f65c5c|rpc:10.1.0.46:43527|priority:0, a160d0e9-2905-4393-b4ab-3632e6d9b9e1|rpc:10.1.0.46:39495|priority:0, 003e5be4-9867-4f5a-83bb-9c943051b5bb|rpc:10.1.0.46:37171|priority:1], old=null
2022-02-16 01:43:01,967 [grpc-default-executor-1] INFO  impl.VoteContext (VoteContext.java:log(48)) - 81aedf04-38bc-4259-8f21-07d047f65c5c@group-1F9862849013-FOLLOWER: reject ELECTION from 003e5be4-9867-4f5a-83bb-9c943051b5bb: already has voted for a160d0e9-2905-4393-b4ab-3632e6d9b9e1 at current term 6
2022-02-16 01:43:01,967 [grpc-default-executor-1] INFO  server.RaftServer$Division (RaftServerImpl.java:requestVote(1078)) - 81aedf04-38bc-4259-8f21-07d047f65c5c@group-1F9862849013 replies to ELECTION vote request: 003e5be4-9867-4f5a-83bb-9c943051b5bb<-81aedf04-38bc-4259-8f21-07d047f65c5c#0:FAIL-t6. Peer's state: 81aedf04-38bc-4259-8f21-07d047f65c5c@group-1F9862849013:t6, leader=null, voted=a160d0e9-2905-4393-b4ab-3632e6d9b9e1, raftlog=81aedf04-38bc-4259-8f21-07d047f65c5c@group-1F9862849013-SegmentedRaftLog:OPENED:c-1, conf=-1: [81aedf04-38bc-4259-8f21-07d047f65c5c|rpc:10.1.0.46:43527|priority:0, a160d0e9-2905-4393-b4ab-3632e6d9b9e1|rpc:10.1.0.46:39495|priority:0, 003e5be4-9867-4f5a-83bb-9c943051b5bb|rpc:10.1.0.46:37171|priority:1], old=null
2022-02-16 01:43:01,979 [003e5be4-9867-4f5a-83bb-9c943051b5bb@group-1F9862849013-LeaderElection36] INFO  impl.LeaderElection (LeaderElection.java:logAndReturn(89)) - 003e5be4-9867-4f5a-83bb-9c943051b5bb@group-1F9862849013-LeaderElection36: ELECTION REJECTED received 2 response(s) and 0 exception(s):
2022-02-16 01:43:01,979 [003e5be4-9867-4f5a-83bb-9c943051b5bb@group-1F9862849013-LeaderElection36] INFO  impl.LeaderElection (LeaderElection.java:logAndReturn(93)) -   Response 0: 003e5be4-9867-4f5a-83bb-9c943051b5bb<-81aedf04-38bc-4259-8f21-07d047f65c5c#0:FAIL-t6
2022-02-16 01:43:01,979 [003e5be4-9867-4f5a-83bb-9c943051b5bb@group-1F9862849013-LeaderElection36] INFO  impl.LeaderElection (LeaderElection.java:logAndReturn(93)) -   Response 1: 003e5be4-9867-4f5a-83bb-9c943051b5bb<-a160d0e9-2905-4393-b4ab-3632e6d9b9e1#0:FAIL-t6
2022-02-16 01:43:01,979 [003e5be4-9867-4f5a-83bb-9c943051b5bb@group-1F9862849013-LeaderElection36] INFO  impl.LeaderElection (LeaderElection.java:askForVotes(308)) - 003e5be4-9867-4f5a-83bb-9c943051b5bb@group-1F9862849013-LeaderElection36 ELECTION round 0: result REJECTED
2022-02-16 01:43:01,979 [003e5be4-9867-4f5a-83bb-9c943051b5bb@group-1F9862849013-LeaderElection36] INFO  server.RaftServer$Division (RaftServerImpl.java:setRole(290)) - 003e5be4-9867-4f5a-83bb-9c943051b5bb@group-1F9862849013: changes role from CANDIDATE to FOLLOWER at term 6 for REJECTED
2022-02-16 01:43:01,979 [003e5be4-9867-4f5a-83bb-9c943051b5bb@group-1F9862849013-LeaderElection36] INFO  impl.RoleInfo (RoleInfo.java:shutdownLeaderElection(121)) - 003e5be4-9867-4f5a-83bb-9c943051b5bb: shutdown 003e5be4-9867-4f5a-83bb-9c943051b5bb@group-1F9862849013-LeaderElection36
2022-02-16 01:43:01,979 [003e5be4-9867-4f5a-83bb-9c943051b5bb@group-1F9862849013-LeaderElection36] INFO  impl.RoleInfo (RoleInfo.java:updateAndGet(130)) - 003e5be4-9867-4f5a-83bb-9c943051b5bb: start 003e5be4-9867-4f5a-83bb-9c943051b5bb@group-1F9862849013-FollowerState
2022-02-16 01:43:02,907 [grpc-default-executor-4] WARN  server.GrpcLogAppender (LogUtils.java:warn(122)) - 2f6f166e-3639-444f-87d9-77f80c10b379@group-ECB279BAF00E->b5efad6c-21e2-4d99-b376-b80a2810f054-AppendLogResponseHandler: Failed appendEntries: org.apache.ratis.thirdparty.io.grpc.StatusRuntimeException: UNAVAILABLE: io exception
2022-02-16 01:43:02,908 [grpc-default-executor-4] WARN  server.GrpcLogAppender (GrpcLogAppender.java:resetClient(110)) - 2f6f166e-3639-444f-87d9-77f80c10b379@group-ECB279BAF00E->b5efad6c-21e2-4d99-b376-b80a2810f054-GrpcLogAppender: Leader has not got in touch with Follower 2f6f166e-3639-444f-87d9-77f80c10b379@group-ECB279BAF00E->b5efad6c-21e2-4d99-b376-b80a2810f054(c-1,m0,n19, attendVote=true, lastRpcSendTime=0, lastRpcResponseTime=12759) yet, just keep nextIndex unchanged and retry.
2022-02-16 01:43:04,305 [grpc-default-executor-4] WARN  server.GrpcLogAppender (LogUtils.java:warn(122)) - 2f6f166e-3639-444f-87d9-77f80c10b379@group-ECB279BAF00E->7f4e46f4-a6a5-4e91-9d7c-c7c9d4b9ec17-AppendLogResponseHandler: Failed appendEntries: org.apache.ratis.thirdparty.io.grpc.StatusRuntimeException: UNAVAILABLE: io exception
2022-02-16 01:43:04,306 [grpc-default-executor-4] INFO  leader.FollowerInfo (FollowerInfoImpl.java:lambda$new$0(47)) - 2f6f166e-3639-444f-87d9-77f80c10b379@group-ECB279BAF00E->7f4e46f4-a6a5-4e91-9d7c-c7c9d4b9ec17: nextIndex: updateUnconditionally 19 -> 18
2022-02-16 01:43:05,412 [grpc-default-executor-4] WARN  server.GrpcLogAppender (LogUtils.java:warn(122)) - 2f6f166e-3639-444f-87d9-77f80c10b379@group-ECB279BAF00E->b5efad6c-21e2-4d99-b376-b80a2810f054-AppendLogResponseHandler: Failed appendEntries: org.apache.ratis.thirdparty.io.grpc.StatusRuntimeException: UNAVAILABLE: io exception
2022-02-16 01:43:05,413 [grpc-default-executor-4] WARN  server.GrpcLogAppender (GrpcLogAppender.java:resetClient(110)) - 2f6f166e-3639-444f-87d9-77f80c10b379@group-ECB279BAF00E->b5efad6c-21e2-4d99-b376-b80a2810f054-GrpcLogAppender: Leader has not got in touch with Follower 2f6f166e-3639-444f-87d9-77f80c10b379@group-ECB279BAF00E->b5efad6c-21e2-4d99-b376-b80a2810f054(c-1,m0,n19, attendVote=true, lastRpcSendTime=0, lastRpcResponseTime=15264) yet, just keep nextIndex unchanged and retry.
2022-02-16 01:43:05,814 [2f6f166e-3639-444f-87d9-77f80c10b379@group-ECB279BAF00E-LeaderStateImpl] WARN  server.RaftServer$Division (LeaderStateImpl.java:checkLeadership(974)) - 2f6f166e-3639-444f-87d9-77f80c10b379@group-ECB279BAF00E-LeaderStateImpl: Lost leadership on term: 3. Election timeout: 5200ms. In charge for: 10466ms. Conf: 17: [b5efad6c-21e2-4d99-b376-b80a2810f054|rpc:10.1.0.46:39795|dataStream:|priority:1, 2f6f166e-3639-444f-87d9-77f80c10b379|rpc:10.1.0.46:41167|dataStream:|priority:0, 7f4e46f4-a6a5-4e91-9d7c-c7c9d4b9ec17|rpc:10.1.0.46:38997|dataStream:|priority:0], old=null
2022-02-16 01:43:05,815 [2f6f166e-3639-444f-87d9-77f80c10b379@group-ECB279BAF00E-LeaderStateImpl] WARN  server.RaftServer$Division (LeaderStateImpl.java:lambda$checkLeadership$15(978)) - Follower 2f6f166e-3639-444f-87d9-77f80c10b379@group-ECB279BAF00E->b5efad6c-21e2-4d99-b376-b80a2810f054(c-1,m0,n19, attendVote=true, lastRpcSendTime=402, lastRpcResponseTime=15666)
2022-02-16 01:43:05,815 [2f6f166e-3639-444f-87d9-77f80c10b379@group-ECB279BAF00E-LeaderStateImpl] WARN  server.RaftServer$Division (LeaderStateImpl.java:lambda$checkLeadership$15(978)) - Follower 2f6f166e-3639-444f-87d9-77f80c10b379@group-ECB279BAF00E->7f4e46f4-a6a5-4e91-9d7c-c7c9d4b9ec17(c17,m18,n18, attendVote=true, lastRpcSendTime=1510, lastRpcResponseTime=10402)
2022-02-16 01:43:05,815 [2f6f166e-3639-444f-87d9-77f80c10b379@group-ECB279BAF00E-LeaderStateImpl] INFO  server.RaftServer$Division (RaftServerImpl.java:setRole(290)) - 2f6f166e-3639-444f-87d9-77f80c10b379@group-ECB279BAF00E: changes role from    LEADER to FOLLOWER at term 3 for StepDownReason:LOST_MAJORITY_HEARTBEATS
2022-02-16 01:43:05,815 [2f6f166e-3639-444f-87d9-77f80c10b379@group-ECB279BAF00E-LeaderStateImpl] INFO  impl.RoleInfo (RoleInfo.java:shutdownLeaderState(91)) - 2f6f166e-3639-444f-87d9-77f80c10b379: shutdown 2f6f166e-3639-444f-87d9-77f80c10b379@group-ECB279BAF00E-LeaderStateImpl
2022-02-16 01:43:05,826 [2f6f166e-3639-444f-87d9-77f80c10b379@group-ECB279BAF00E-LeaderStateImpl] INFO  impl.PendingRequests (PendingRequests.java:sendNotLeaderResponses(282)) - 2f6f166e-3639-444f-87d9-77f80c10b379@group-ECB279BAF00E-PendingRequests: sendNotLeaderResponses
2022-02-16 01:43:05,837 [2f6f166e-3639-444f-87d9-77f80c10b379@group-ECB279BAF00E-LeaderStateImpl] INFO  impl.RoleInfo (RoleInfo.java:updateAndGet(130)) - 2f6f166e-3639-444f-87d9-77f80c10b379: start 2f6f166e-3639-444f-87d9-77f80c10b379@group-ECB279BAF00E-FollowerState
2022-02-16 01:43:05,843 [2f6f166e-3639-444f-87d9-77f80c10b379@group-ECB279BAF00E->7f4e46f4-a6a5-4e91-9d7c-c7c9d4b9ec17-GrpcLogAppender-LogAppenderDaemon] WARN  server.GrpcLogAppender (GrpcLogAppender.java:mayWait(177)) - 2f6f166e-3639-444f-87d9-77f80c10b379@group-ECB279BAF00E->7f4e46f4-a6a5-4e91-9d7c-c7c9d4b9ec17-GrpcLogAppender: Wait interrupted by java.lang.InterruptedException
2022-02-16 01:43:06,315 [0abaf1aa-1b73-4e28-a6e5-0a41a9a3ec34@group-504D69B4F741-FollowerState] INFO  impl.FollowerState (FollowerState.java:run(134)) - 0abaf1aa-1b73-4e28-a6e5-0a41a9a3ec34@group-504D69B4F741-FollowerState: change to CANDIDATE, lastRpcElapsedTime:5088786841ns, electionTimeout:5079ms
2022-02-16 01:43:06,316 [0abaf1aa-1b73-4e28-a6e5-0a41a9a3ec34@group-504D69B4F741-FollowerState] INFO  impl.RoleInfo (RoleInfo.java:shutdownFollowerState(108)) - 0abaf1aa-1b73-4e28-a6e5-0a41a9a3ec34: shutdown 0abaf1aa-1b73-4e28-a6e5-0a41a9a3ec34@group-504D69B4F741-FollowerState
2022-02-16 01:43:06,316 [0abaf1aa-1b73-4e28-a6e5-0a41a9a3ec34@group-504D69B4F741-FollowerState] INFO  server.RaftServer$Division (RaftServerImpl.java:setRole(290)) - 0abaf1aa-1b73-4e28-a6e5-0a41a9a3ec34@group-504D69B4F741: changes role from  FOLLOWER to CANDIDATE at term 6 for changeToCandidate
2022-02-16 01:43:06,316 [0abaf1aa-1b73-4e28-a6e5-0a41a9a3ec34@group-504D69B4F741-FollowerState] INFO  server.RaftServerConfigKeys (ConfUtils.java:logGet(44)) - raft.server.leaderelection.pre-vote = false (custom)
2022-02-16 01:43:06,316 [0abaf1aa-1b73-4e28-a6e5-0a41a9a3ec34@group-504D69B4F741-FollowerState] INFO  impl.RoleInfo (RoleInfo.java:updateAndGet(130)) - 0abaf1aa-1b73-4e28-a6e5-0a41a9a3ec34: start 0abaf1aa-1b73-4e28-a6e5-0a41a9a3ec34@group-504D69B4F741-LeaderElection37
2022-02-16 01:43:06,328 [0abaf1aa-1b73-4e28-a6e5-0a41a9a3ec34@group-504D69B4F741-LeaderElection37] INFO  impl.LeaderElection (LeaderElection.java:askForVotes(306)) - 0abaf1aa-1b73-4e28-a6e5-0a41a9a3ec34@group-504D69B4F741-LeaderElection37 ELECTION round 0: submit vote requests at term 7 for -1: [edcd5571-e430-46af-ba60-7657fe1b1d4c|rpc:10.1.0.46:34285|dataStream:|priority:0, a565342f-4fee-4f25-a030-3e45d0cf0ab9|rpc:10.1.0.46:45097|dataStream:|priority:1, 0abaf1aa-1b73-4e28-a6e5-0a41a9a3ec34|rpc:10.1.0.46:36601|dataStream:|priority:0], old=null
2022-02-16 01:43:06,335 [grpc-default-executor-4] INFO  server.RaftServer$Division (RaftServerImpl.java:requestVote(1046)) - edcd5571-e430-46af-ba60-7657fe1b1d4c@group-504D69B4F741: receive requestVote(ELECTION, 0abaf1aa-1b73-4e28-a6e5-0a41a9a3ec34, group-504D69B4F741, 7, (t:0, i:0))
2022-02-16 01:43:06,335 [grpc-default-executor-4] INFO  impl.VoteContext (VoteContext.java:log(48)) - edcd5571-e430-46af-ba60-7657fe1b1d4c@group-504D69B4F741-FOLLOWER: accept ELECTION from 0abaf1aa-1b73-4e28-a6e5-0a41a9a3ec34: our priority 0 <= candidate's priority 0
2022-02-16 01:43:06,335 [grpc-default-executor-4] INFO  server.RaftServer$Division (RaftServerImpl.java:setRole(290)) - edcd5571-e430-46af-ba60-7657fe1b1d4c@group-504D69B4F741: changes role from  FOLLOWER to FOLLOWER at term 7 for candidate:0abaf1aa-1b73-4e28-a6e5-0a41a9a3ec34
2022-02-16 01:43:06,335 [grpc-default-executor-4] INFO  impl.RoleInfo (RoleInfo.java:shutdownFollowerState(108)) - edcd5571-e430-46af-ba60-7657fe1b1d4c: shutdown edcd5571-e430-46af-ba60-7657fe1b1d4c@group-504D69B4F741-FollowerState
2022-02-16 01:43:06,342 [grpc-default-executor-4] INFO  impl.RoleInfo (RoleInfo.java:updateAndGet(130)) - edcd5571-e430-46af-ba60-7657fe1b1d4c: start edcd5571-e430-46af-ba60-7657fe1b1d4c@group-504D69B4F741-FollowerState
2022-02-16 01:43:06,342 [edcd5571-e430-46af-ba60-7657fe1b1d4c@group-504D69B4F741-FollowerState] INFO  impl.FollowerState (FollowerState.java:run(143)) - edcd5571-e430-46af-ba60-7657fe1b1d4c@group-504D69B4F741-FollowerState was interrupted: {}
java.lang.InterruptedException: sleep interrupted
	at java.lang.Thread.sleep(Native Method)
	at java.lang.Thread.sleep(Thread.java:340)
	at java.util.concurrent.TimeUnit.sleep(TimeUnit.java:386)
	at org.apache.ratis.util.TimeDuration.sleep(TimeDuration.java:324)
	at org.apache.ratis.util.TimeDuration.sleep(TimeDuration.java:309)
	at org.apache.ratis.server.impl.FollowerState.run(FollowerState.java:118)
2022-02-16 01:43:06,346 [grpc-default-executor-1] INFO  server.RaftServer$Division (RaftServerImpl.java:requestVote(1046)) - a565342f-4fee-4f25-a030-3e45d0cf0ab9@group-504D69B4F741: receive requestVote(ELECTION, 0abaf1aa-1b73-4e28-a6e5-0a41a9a3ec34, group-504D69B4F741, 7, (t:0, i:0))
2022-02-16 01:43:06,346 [grpc-default-executor-1] INFO  impl.VoteContext (VoteContext.java:log(48)) - a565342f-4fee-4f25-a030-3e45d0cf0ab9@group-504D69B4F741-FOLLOWER: reject ELECTION from 0abaf1aa-1b73-4e28-a6e5-0a41a9a3ec34: our priority 1 > candidate's priority 0
2022-02-16 01:43:06,346 [grpc-default-executor-1] INFO  server.RaftServer$Division (RaftServerImpl.java:setRole(290)) - a565342f-4fee-4f25-a030-3e45d0cf0ab9@group-504D69B4F741: changes role from  FOLLOWER to FOLLOWER at term 7 for candidate:0abaf1aa-1b73-4e28-a6e5-0a41a9a3ec34
2022-02-16 01:43:06,346 [grpc-default-executor-1] INFO  impl.RoleInfo (RoleInfo.java:shutdownFollowerState(108)) - a565342f-4fee-4f25-a030-3e45d0cf0ab9: shutdown a565342f-4fee-4f25-a030-3e45d0cf0ab9@group-504D69B4F741-FollowerState
2022-02-16 01:43:06,347 [a565342f-4fee-4f25-a030-3e45d0cf0ab9@group-504D69B4F741-FollowerState] INFO  impl.FollowerState (FollowerState.java:run(143)) - a565342f-4fee-4f25-a030-3e45d0cf0ab9@group-504D69B4F741-FollowerState was interrupted: {}
java.lang.InterruptedException: sleep interrupted
	at java.lang.Thread.sleep(Native Method)
	at java.lang.Thread.sleep(Thread.java:340)
	at java.util.concurrent.TimeUnit.sleep(TimeUnit.java:386)
	at org.apache.ratis.util.TimeDuration.sleep(TimeDuration.java:324)
	at org.apache.ratis.util.TimeDuration.sleep(TimeDuration.java:309)
	at org.apache.ratis.server.impl.FollowerState.run(FollowerState.java:118)
2022-02-16 01:43:06,347 [grpc-default-executor-1] INFO  impl.RoleInfo (RoleInfo.java:updateAndGet(130)) - a565342f-4fee-4f25-a030-3e45d0cf0ab9: start a565342f-4fee-4f25-a030-3e45d0cf0ab9@group-504D69B4F741-FollowerState
2022-02-16 01:43:06,348 [grpc-default-executor-4] INFO  server.RaftServer$Division (RaftServerImpl.java:requestVote(1078)) - edcd5571-e430-46af-ba60-7657fe1b1d4c@group-504D69B4F741 replies to ELECTION vote request: 0abaf1aa-1b73-4e28-a6e5-0a41a9a3ec34<-edcd5571-e430-46af-ba60-7657fe1b1d4c#0:OK-t7. Peer's state: edcd5571-e430-46af-ba60-7657fe1b1d4c@group-504D69B4F741:t7, leader=null, voted=0abaf1aa-1b73-4e28-a6e5-0a41a9a3ec34, raftlog=edcd5571-e430-46af-ba60-7657fe1b1d4c@group-504D69B4F741-SegmentedRaftLog:OPENED:c-1, conf=-1: [edcd5571-e430-46af-ba60-7657fe1b1d4c|rpc:10.1.0.46:34285|priority:0, a565342f-4fee-4f25-a030-3e45d0cf0ab9|rpc:10.1.0.46:45097|priority:1, 0abaf1aa-1b73-4e28-a6e5-0a41a9a3ec34|rpc:10.1.0.46:36601|priority:0], old=null
2022-02-16 01:43:06,349 [grpc-default-executor-1] INFO  server.RaftServer$Division (RaftServerImpl.java:requestVote(1078)) - a565342f-4fee-4f25-a030-3e45d0cf0ab9@group-504D69B4F741 replies to ELECTION vote request: 0abaf1aa-1b73-4e28-a6e5-0a41a9a3ec34<-a565342f-4fee-4f25-a030-3e45d0cf0ab9#0:FAIL-t7. Peer's state: a565342f-4fee-4f25-a030-3e45d0cf0ab9@group-504D69B4F741:t7, leader=null, voted=null, raftlog=a565342f-4fee-4f25-a030-3e45d0cf0ab9@group-504D69B4F741-SegmentedRaftLog:OPENED:c-1, conf=-1: [edcd5571-e430-46af-ba60-7657fe1b1d4c|rpc:10.1.0.46:34285|dataStream:|priority:0, a565342f-4fee-4f25-a030-3e45d0cf0ab9|rpc:10.1.0.46:45097|dataStream:|priority:1, 0abaf1aa-1b73-4e28-a6e5-0a41a9a3ec34|rpc:10.1.0.46:36601|dataStream:|priority:0], old=null
2022-02-16 01:43:06,352 [0abaf1aa-1b73-4e28-a6e5-0a41a9a3ec34@group-504D69B4F741-LeaderElection37] INFO  impl.LeaderElection (LeaderElection.java:logAndReturn(89)) - 0abaf1aa-1b73-4e28-a6e5-0a41a9a3ec34@group-504D69B4F741-LeaderElection37: ELECTION REJECTED received 2 response(s) and 0 exception(s):
2022-02-16 01:43:06,352 [0abaf1aa-1b73-4e28-a6e5-0a41a9a3ec34@group-504D69B4F741-LeaderElection37] INFO  impl.LeaderElection (LeaderElection.java:logAndReturn(93)) -   Response 0: 0abaf1aa-1b73-4e28-a6e5-0a41a9a3ec34<-edcd5571-e430-46af-ba60-7657fe1b1d4c#0:OK-t7
2022-02-16 01:43:06,352 [0abaf1aa-1b73-4e28-a6e5-0a41a9a3ec34@group-504D69B4F741-LeaderElection37] INFO  impl.LeaderElection (LeaderElection.java:logAndReturn(93)) -   Response 1: 0abaf1aa-1b73-4e28-a6e5-0a41a9a3ec34<-a565342f-4fee-4f25-a030-3e45d0cf0ab9#0:FAIL-t7
2022-02-16 01:43:06,352 [0abaf1aa-1b73-4e28-a6e5-0a41a9a3ec34@group-504D69B4F741-LeaderElection37] INFO  impl.LeaderElection (LeaderElection.java:askForVotes(308)) - 0abaf1aa-1b73-4e28-a6e5-0a41a9a3ec34@group-504D69B4F741-LeaderElection37 ELECTION round 0: result REJECTED
2022-02-16 01:43:06,352 [0abaf1aa-1b73-4e28-a6e5-0a41a9a3ec34@group-504D69B4F741-LeaderElection37] INFO  server.RaftServer$Division (RaftServerImpl.java:setRole(290)) - 0abaf1aa-1b73-4e28-a6e5-0a41a9a3ec34@group-504D69B4F741: changes role from CANDIDATE to FOLLOWER at term 7 for REJECTED
2022-02-16 01:43:06,352 [0abaf1aa-1b73-4e28-a6e5-0a41a9a3ec34@group-504D69B4F741-LeaderElection37] INFO  impl.RoleInfo (RoleInfo.java:shutdownLeaderElection(121)) - 0abaf1aa-1b73-4e28-a6e5-0a41a9a3ec34: shutdown 0abaf1aa-1b73-4e28-a6e5-0a41a9a3ec34@group-504D69B4F741-LeaderElection37
2022-02-16 01:43:06,352 [0abaf1aa-1b73-4e28-a6e5-0a41a9a3ec34@group-504D69B4F741-LeaderElection37] INFO  impl.RoleInfo (RoleInfo.java:updateAndGet(130)) - 0abaf1aa-1b73-4e28-a6e5-0a41a9a3ec34: start 0abaf1aa-1b73-4e28-a6e5-0a41a9a3ec34@group-504D69B4F741-FollowerState
2022-02-16 01:43:06,998 [a160d0e9-2905-4393-b4ab-3632e6d9b9e1@group-1F9862849013-FollowerState] INFO  impl.FollowerState (FollowerState.java:run(134)) - a160d0e9-2905-4393-b4ab-3632e6d9b9e1@group-1F9862849013-FollowerState: change to CANDIDATE, lastRpcElapsedTime:5032122300ns, electionTimeout:5019ms
2022-02-16 01:43:06,998 [a160d0e9-2905-4393-b4ab-3632e6d9b9e1@group-1F9862849013-FollowerState] INFO  impl.RoleInfo (RoleInfo.java:shutdownFollowerState(108)) - a160d0e9-2905-4393-b4ab-3632e6d9b9e1: shutdown a160d0e9-2905-4393-b4ab-3632e6d9b9e1@group-1F9862849013-FollowerState
2022-02-16 01:43:06,998 [a160d0e9-2905-4393-b4ab-3632e6d9b9e1@group-1F9862849013-FollowerState] INFO  server.RaftServer$Division (RaftServerImpl.java:setRole(290)) - a160d0e9-2905-4393-b4ab-3632e6d9b9e1@group-1F9862849013: changes role from  FOLLOWER to CANDIDATE at term 6 for changeToCandidate
2022-02-16 01:43:06,998 [a160d0e9-2905-4393-b4ab-3632e6d9b9e1@group-1F9862849013-FollowerState] INFO  server.RaftServerConfigKeys (ConfUtils.java:logGet(44)) - raft.server.leaderelection.pre-vote = false (custom)
2022-02-16 01:43:06,998 [a160d0e9-2905-4393-b4ab-3632e6d9b9e1@group-1F9862849013-FollowerState] INFO  impl.RoleInfo (RoleInfo.java:updateAndGet(130)) - a160d0e9-2905-4393-b4ab-3632e6d9b9e1: start a160d0e9-2905-4393-b4ab-3632e6d9b9e1@group-1F9862849013-LeaderElection38
2022-02-16 01:43:07,004 [a160d0e9-2905-4393-b4ab-3632e6d9b9e1@group-1F9862849013-LeaderElection38] INFO  impl.LeaderElection (LeaderElection.java:askForVotes(306)) - a160d0e9-2905-4393-b4ab-3632e6d9b9e1@group-1F9862849013-LeaderElection38 ELECTION round 0: submit vote requests at term 7 for -1: [81aedf04-38bc-4259-8f21-07d047f65c5c|rpc:10.1.0.46:43527|dataStream:|priority:0, a160d0e9-2905-4393-b4ab-3632e6d9b9e1|rpc:10.1.0.46:39495|dataStream:|priority:0, 003e5be4-9867-4f5a-83bb-9c943051b5bb|rpc:10.1.0.46:37171|dataStream:|priority:1], old=null
2022-02-16 01:43:07,016 [grpc-default-executor-1] INFO  server.RaftServer$Division (RaftServerImpl.java:requestVote(1046)) - 81aedf04-38bc-4259-8f21-07d047f65c5c@group-1F9862849013: receive requestVote(ELECTION, a160d0e9-2905-4393-b4ab-3632e6d9b9e1, group-1F9862849013, 7, (t:0, i:0))
2022-02-16 01:43:07,016 [grpc-default-executor-1] INFO  impl.VoteContext (VoteContext.java:log(48)) - 81aedf04-38bc-4259-8f21-07d047f65c5c@group-1F9862849013-FOLLOWER: accept ELECTION from a160d0e9-2905-4393-b4ab-3632e6d9b9e1: our priority 0 <= candidate's priority 0
2022-02-16 01:43:07,016 [grpc-default-executor-1] INFO  server.RaftServer$Division (RaftServerImpl.java:setRole(290)) - 81aedf04-38bc-4259-8f21-07d047f65c5c@group-1F9862849013: changes role from  FOLLOWER to FOLLOWER at term 7 for candidate:a160d0e9-2905-4393-b4ab-3632e6d9b9e1
2022-02-16 01:43:07,016 [grpc-default-executor-1] INFO  impl.RoleInfo (RoleInfo.java:shutdownFollowerState(108)) - 81aedf04-38bc-4259-8f21-07d047f65c5c: shutdown 81aedf04-38bc-4259-8f21-07d047f65c5c@group-1F9862849013-FollowerState
2022-02-16 01:43:07,016 [grpc-default-executor-1] INFO  impl.RoleInfo (RoleInfo.java:updateAndGet(130)) - 81aedf04-38bc-4259-8f21-07d047f65c5c: start 81aedf04-38bc-4259-8f21-07d047f65c5c@group-1F9862849013-FollowerState
2022-02-16 01:43:07,016 [81aedf04-38bc-4259-8f21-07d047f65c5c@group-1F9862849013-FollowerState] INFO  impl.FollowerState (FollowerState.java:run(143)) - 81aedf04-38bc-4259-8f21-07d047f65c5c@group-1F9862849013-FollowerState was interrupted: {}
java.lang.InterruptedException: sleep interrupted
	at java.lang.Thread.sleep(Native Method)
	at java.lang.Thread.sleep(Thread.java:340)
	at java.util.concurrent.TimeUnit.sleep(TimeUnit.java:386)
	at org.apache.ratis.util.TimeDuration.sleep(TimeDuration.java:324)
	at org.apache.ratis.util.TimeDuration.sleep(TimeDuration.java:309)
	at org.apache.ratis.server.impl.FollowerState.run(FollowerState.java:118)
2022-02-16 01:43:07,021 [grpc-default-executor-4] INFO  server.RaftServer$Division (RaftServerImpl.java:requestVote(1046)) - 003e5be4-9867-4f5a-83bb-9c943051b5bb@group-1F9862849013: receive requestVote(ELECTION, a160d0e9-2905-4393-b4ab-3632e6d9b9e1, group-1F9862849013, 7, (t:0, i:0))
2022-02-16 01:43:07,021 [grpc-default-executor-4] INFO  impl.VoteContext (VoteContext.java:log(48)) - 003e5be4-9867-4f5a-83bb-9c943051b5bb@group-1F9862849013-FOLLOWER: reject ELECTION from a160d0e9-2905-4393-b4ab-3632e6d9b9e1: our priority 1 > candidate's priority 0
2022-02-16 01:43:07,021 [grpc-default-executor-4] INFO  server.RaftServer$Division (RaftServerImpl.java:setRole(290)) - 003e5be4-9867-4f5a-83bb-9c943051b5bb@group-1F9862849013: changes role from  FOLLOWER to FOLLOWER at term 7 for candidate:a160d0e9-2905-4393-b4ab-3632e6d9b9e1
2022-02-16 01:43:07,021 [grpc-default-executor-4] INFO  impl.RoleInfo (RoleInfo.java:shutdownFollowerState(108)) - 003e5be4-9867-4f5a-83bb-9c943051b5bb: shutdown 003e5be4-9867-4f5a-83bb-9c943051b5bb@group-1F9862849013-FollowerState
2022-02-16 01:43:07,021 [grpc-default-executor-4] INFO  impl.RoleInfo (RoleInfo.java:updateAndGet(130)) - 003e5be4-9867-4f5a-83bb-9c943051b5bb: start 003e5be4-9867-4f5a-83bb-9c943051b5bb@group-1F9862849013-FollowerState
2022-02-16 01:43:07,023 [grpc-default-executor-1] INFO  server.RaftServer$Division (RaftServerImpl.java:requestVote(1078)) - 81aedf04-38bc-4259-8f21-07d047f65c5c@group-1F9862849013 replies to ELECTION vote request: a160d0e9-2905-4393-b4ab-3632e6d9b9e1<-81aedf04-38bc-4259-8f21-07d047f65c5c#0:OK-t7. Peer's state: 81aedf04-38bc-4259-8f21-07d047f65c5c@group-1F9862849013:t7, leader=null, voted=a160d0e9-2905-4393-b4ab-3632e6d9b9e1, raftlog=81aedf04-38bc-4259-8f21-07d047f65c5c@group-1F9862849013-SegmentedRaftLog:OPENED:c-1, conf=-1: [81aedf04-38bc-4259-8f21-07d047f65c5c|rpc:10.1.0.46:43527|priority:0, a160d0e9-2905-4393-b4ab-3632e6d9b9e1|rpc:10.1.0.46:39495|priority:0, 003e5be4-9867-4f5a-83bb-9c943051b5bb|rpc:10.1.0.46:37171|priority:1], old=null
2022-02-16 01:43:07,026 [003e5be4-9867-4f5a-83bb-9c943051b5bb@group-1F9862849013-FollowerState] INFO  impl.FollowerState (FollowerState.java:run(143)) - 003e5be4-9867-4f5a-83bb-9c943051b5bb@group-1F9862849013-FollowerState was interrupted: {}
java.lang.InterruptedException: sleep interrupted
	at java.lang.Thread.sleep(Native Method)
	at java.lang.Thread.sleep(Thread.java:340)
	at java.util.concurrent.TimeUnit.sleep(TimeUnit.java:386)
	at org.apache.ratis.util.TimeDuration.sleep(TimeDuration.java:324)
	at org.apache.ratis.util.TimeDuration.sleep(TimeDuration.java:309)
	at org.apache.ratis.server.impl.FollowerState.run(FollowerState.java:118)
2022-02-16 01:43:07,027 [grpc-default-executor-4] INFO  server.RaftServer$Division (RaftServerImpl.java:requestVote(1078)) - 003e5be4-9867-4f5a-83bb-9c943051b5bb@group-1F9862849013 replies to ELECTION vote request: a160d0e9-2905-4393-b4ab-3632e6d9b9e1<-003e5be4-9867-4f5a-83bb-9c943051b5bb#0:FAIL-t7. Peer's state: 003e5be4-9867-4f5a-83bb-9c943051b5bb@group-1F9862849013:t7, leader=null, voted=null, raftlog=003e5be4-9867-4f5a-83bb-9c943051b5bb@group-1F9862849013-SegmentedRaftLog:OPENED:c-1, conf=-1: [81aedf04-38bc-4259-8f21-07d047f65c5c|rpc:10.1.0.46:43527|dataStream:|priority:0, a160d0e9-2905-4393-b4ab-3632e6d9b9e1|rpc:10.1.0.46:39495|dataStream:|priority:0, 003e5be4-9867-4f5a-83bb-9c943051b5bb|rpc:10.1.0.46:37171|dataStream:|priority:1], old=null
2022-02-16 01:43:07,028 [a160d0e9-2905-4393-b4ab-3632e6d9b9e1@group-1F9862849013-LeaderElection38] INFO  impl.LeaderElection (LeaderElection.java:logAndReturn(89)) - a160d0e9-2905-4393-b4ab-3632e6d9b9e1@group-1F9862849013-LeaderElection38: ELECTION REJECTED received 2 response(s) and 0 exception(s):
2022-02-16 01:43:07,028 [a160d0e9-2905-4393-b4ab-3632e6d9b9e1@group-1F9862849013-LeaderElection38] INFO  impl.LeaderElection (LeaderElection.java:logAndReturn(93)) -   Response 0: a160d0e9-2905-4393-b4ab-3632e6d9b9e1<-81aedf04-38bc-4259-8f21-07d047f65c5c#0:OK-t7
2022-02-16 01:43:07,028 [a160d0e9-2905-4393-b4ab-3632e6d9b9e1@group-1F9862849013-LeaderElection38] INFO  impl.LeaderElection (LeaderElection.java:logAndReturn(93)) -   Response 1: a160d0e9-2905-4393-b4ab-3632e6d9b9e1<-003e5be4-9867-4f5a-83bb-9c943051b5bb#0:FAIL-t7
2022-02-16 01:43:07,028 [a160d0e9-2905-4393-b4ab-3632e6d9b9e1@group-1F9862849013-LeaderElection38] INFO  impl.LeaderElection (LeaderElection.java:askForVotes(308)) - a160d0e9-2905-4393-b4ab-3632e6d9b9e1@group-1F9862849013-LeaderElection38 ELECTION round 0: result REJECTED
2022-02-16 01:43:07,028 [a160d0e9-2905-4393-b4ab-3632e6d9b9e1@group-1F9862849013-LeaderElection38] INFO  server.RaftServer$Division (RaftServerImpl.java:setRole(290)) - a160d0e9-2905-4393-b4ab-3632e6d9b9e1@group-1F9862849013: changes role from CANDIDATE to FOLLOWER at term 7 for REJECTED
2022-02-16 01:43:07,028 [a160d0e9-2905-4393-b4ab-3632e6d9b9e1@group-1F9862849013-LeaderElection38] INFO  impl.RoleInfo (RoleInfo.java:shutdownLeaderElection(121)) - a160d0e9-2905-4393-b4ab-3632e6d9b9e1: shutdown a160d0e9-2905-4393-b4ab-3632e6d9b9e1@group-1F9862849013-LeaderElection38
2022-02-16 01:43:07,028 [a160d0e9-2905-4393-b4ab-3632e6d9b9e1@group-1F9862849013-LeaderElection38] INFO  impl.RoleInfo (RoleInfo.java:updateAndGet(130)) - a160d0e9-2905-4393-b4ab-3632e6d9b9e1: start a160d0e9-2905-4393-b4ab-3632e6d9b9e1@group-1F9862849013-FollowerState
2022-02-16 01:43:10,933 [2f6f166e-3639-444f-87d9-77f80c10b379@group-ECB279BAF00E-FollowerState] INFO  impl.FollowerState (FollowerState.java:lostMajorityHeartbeatsRecently(107)) - 2f6f166e-3639-444f-87d9-77f80c10b379@group-ECB279BAF00E-FollowerState: Skipping leader election since it stepped down recently (elapsed = 5095ms < waitTime = 10s)
2022-02-16 01:43:11,353 [EventQueue-StaleNodeForStaleNodeHandler] INFO  node.StaleNodeHandler (StaleNodeHandler.java:onMessage(58)) - Datanode b5efad6c-21e2-4d99-b376-b80a2810f054{ip: 10.1.0.46, host: fv-az184-768.3ow45vhwbzuu5incsxmygykede.cx.internal.cloudapp.net, ports: [REPLICATION=36147, RATIS=39795, RATIS_ADMIN=39795, RATIS_SERVER=39795, STANDALONE=38231], networkLocation: /default-rack, certSerialId: null, persistedOpState: IN_SERVICE, persistedOpStateExpiryEpochSec: 0} moved to stale state. Finalizing its pipelines [PipelineID=afa58c8c-fa43-41ba-bb5c-bef52e4e4d69, PipelineID=9892d6ea-815e-4be0-abff-ecb279baf00e]
2022-02-16 01:43:11,359 [EventQueue-StaleNodeForStaleNodeHandler] INFO  pipeline.PipelineManagerImpl (PipelineManagerImpl.java:closePipeline(365)) - Pipeline Pipeline[ Id: afa58c8c-fa43-41ba-bb5c-bef52e4e4d69, Nodes: b5efad6c-21e2-4d99-b376-b80a2810f054{ip: 10.1.0.46, host: fv-az184-768.3ow45vhwbzuu5incsxmygykede.cx.internal.cloudapp.net, ports: [REPLICATION=36147, RATIS=39795, RATIS_ADMIN=39795, RATIS_SERVER=39795, STANDALONE=38231], networkLocation: /default-rack, certSerialId: null, persistedOpState: IN_SERVICE, persistedOpStateExpiryEpochSec: 0}, ReplicationConfig: RATIS/ONE, State:OPEN, leaderId:b5efad6c-21e2-4d99-b376-b80a2810f054, CreationTimestamp2022-02-16T01:42:27.336Z[Etc/UTC]] moved to CLOSED state
2022-02-16 01:43:11,368 [EventQueue-StaleNodeForStaleNodeHandler] INFO  pipeline.PipelineManagerImpl (PipelineManagerImpl.java:closeContainersForPipeline(344)) - Container #1 closed for pipeline=PipelineID=9892d6ea-815e-4be0-abff-ecb279baf00e
2022-02-16 01:43:11,370 [EventQueue-StaleNodeForStaleNodeHandler] INFO  pipeline.PipelineManagerImpl (PipelineManagerImpl.java:closePipeline(365)) - Pipeline Pipeline[ Id: 9892d6ea-815e-4be0-abff-ecb279baf00e, Nodes: b5efad6c-21e2-4d99-b376-b80a2810f054{ip: 10.1.0.46, host: fv-az184-768.3ow45vhwbzuu5incsxmygykede.cx.internal.cloudapp.net, ports: [REPLICATION=36147, RATIS=39795, RATIS_ADMIN=39795, RATIS_SERVER=39795, STANDALONE=38231], networkLocation: /default-rack, certSerialId: null, persistedOpState: IN_SERVICE, persistedOpStateExpiryEpochSec: 0}7f4e46f4-a6a5-4e91-9d7c-c7c9d4b9ec17{ip: 10.1.0.46, host: fv-az184-768.3ow45vhwbzuu5incsxmygykede.cx.internal.cloudapp.net, ports: [REPLICATION=42017, RATIS=38997, RATIS_ADMIN=38997, RATIS_SERVER=38997, STANDALONE=39207], networkLocation: /default-rack, certSerialId: null, persistedOpState: IN_SERVICE, persistedOpStateExpiryEpochSec: 0}2f6f166e-3639-444f-87d9-77f80c10b379{ip: 10.1.0.46, host: fv-az184-768.3ow45vhwbzuu5incsxmygykede.cx.internal.cloudapp.net, ports: [REPLICATION=33779, RATIS=41167, RATIS_ADMIN=41167, RATIS_SERVER=41167, STANDALONE=33451], networkLocation: /default-rack, certSerialId: null, persistedOpState: IN_SERVICE, persistedOpStateExpiryEpochSec: 0}, ReplicationConfig: RATIS/THREE, State:OPEN, leaderId:2f6f166e-3639-444f-87d9-77f80c10b379, CreationTimestamp2022-02-16T01:42:27.342Z[Etc/UTC]] moved to CLOSED state
2022-02-16 01:43:11,372 [EventQueue-CloseContainerForCloseContainerEventHandler] INFO  container.CloseContainerEventHandler (CloseContainerEventHandler.java:onMessage(69)) - Close container Event triggered for container : #1
2022-02-16 01:43:11,397 [0abaf1aa-1b73-4e28-a6e5-0a41a9a3ec34@group-504D69B4F741-FollowerState] INFO  impl.FollowerState (FollowerState.java:run(134)) - 0abaf1aa-1b73-4e28-a6e5-0a41a9a3ec34@group-504D69B4F741-FollowerState: change to CANDIDATE, lastRpcElapsedTime:5045438990ns, electionTimeout:5045ms
2022-02-16 01:43:11,398 [0abaf1aa-1b73-4e28-a6e5-0a41a9a3ec34@group-504D69B4F741-FollowerState] INFO  impl.RoleInfo (RoleInfo.java:shutdownFollowerState(108)) - 0abaf1aa-1b73-4e28-a6e5-0a41a9a3ec34: shutdown 0abaf1aa-1b73-4e28-a6e5-0a41a9a3ec34@group-504D69B4F741-FollowerState
2022-02-16 01:43:11,398 [0abaf1aa-1b73-4e28-a6e5-0a41a9a3ec34@group-504D69B4F741-FollowerState] INFO  server.RaftServer$Division (RaftServerImpl.java:setRole(290)) - 0abaf1aa-1b73-4e28-a6e5-0a41a9a3ec34@group-504D69B4F741: changes role from  FOLLOWER to CANDIDATE at term 7 for changeToCandidate
2022-02-16 01:43:11,398 [0abaf1aa-1b73-4e28-a6e5-0a41a9a3ec34@group-504D69B4F741-FollowerState] INFO  server.RaftServerConfigKeys (ConfUtils.java:logGet(44)) - raft.server.leaderelection.pre-vote = false (custom)
2022-02-16 01:43:11,398 [0abaf1aa-1b73-4e28-a6e5-0a41a9a3ec34@group-504D69B4F741-FollowerState] INFO  impl.RoleInfo (RoleInfo.java:updateAndGet(130)) - 0abaf1aa-1b73-4e28-a6e5-0a41a9a3ec34: start 0abaf1aa-1b73-4e28-a6e5-0a41a9a3ec34@group-504D69B4F741-LeaderElection39
2022-02-16 01:43:11,406 [0abaf1aa-1b73-4e28-a6e5-0a41a9a3ec34@group-504D69B4F741-LeaderElection39] INFO  impl.LeaderElection (LeaderElection.java:askForVotes(306)) - 0abaf1aa-1b73-4e28-a6e5-0a41a9a3ec34@group-504D69B4F741-LeaderElection39 ELECTION round 0: submit vote requests at term 8 for -1: [edcd5571-e430-46af-ba60-7657fe1b1d4c|rpc:10.1.0.46:34285|dataStream:|priority:0, a565342f-4fee-4f25-a030-3e45d0cf0ab9|rpc:10.1.0.46:45097|dataStream:|priority:1, 0abaf1aa-1b73-4e28-a6e5-0a41a9a3ec34|rpc:10.1.0.46:36601|dataStream:|priority:0], old=null
2022-02-16 01:43:11,414 [grpc-default-executor-3] INFO  server.RaftServer$Division (RaftServerImpl.java:requestVote(1046)) - edcd5571-e430-46af-ba60-7657fe1b1d4c@group-504D69B4F741: receive requestVote(ELECTION, 0abaf1aa-1b73-4e28-a6e5-0a41a9a3ec34, group-504D69B4F741, 8, (t:0, i:0))
2022-02-16 01:43:11,414 [grpc-default-executor-3] INFO  impl.VoteContext (VoteContext.java:log(48)) - edcd5571-e430-46af-ba60-7657fe1b1d4c@group-504D69B4F741-FOLLOWER: accept ELECTION from 0abaf1aa-1b73-4e28-a6e5-0a41a9a3ec34: our priority 0 <= candidate's priority 0
2022-02-16 01:43:11,414 [grpc-default-executor-3] INFO  server.RaftServer$Division (RaftServerImpl.java:setRole(290)) - edcd5571-e430-46af-ba60-7657fe1b1d4c@group-504D69B4F741: changes role from  FOLLOWER to FOLLOWER at term 8 for candidate:0abaf1aa-1b73-4e28-a6e5-0a41a9a3ec34
2022-02-16 01:43:11,414 [grpc-default-executor-3] INFO  impl.RoleInfo (RoleInfo.java:shutdownFollowerState(108)) - edcd5571-e430-46af-ba60-7657fe1b1d4c: shutdown edcd5571-e430-46af-ba60-7657fe1b1d4c@group-504D69B4F741-FollowerState
2022-02-16 01:43:11,421 [grpc-default-executor-3] INFO  impl.RoleInfo (RoleInfo.java:updateAndGet(130)) - edcd5571-e430-46af-ba60-7657fe1b1d4c: start edcd5571-e430-46af-ba60-7657fe1b1d4c@group-504D69B4F741-FollowerState
2022-02-16 01:43:11,422 [edcd5571-e430-46af-ba60-7657fe1b1d4c@group-504D69B4F741-FollowerState] INFO  impl.FollowerState (FollowerState.java:run(143)) - edcd5571-e430-46af-ba60-7657fe1b1d4c@group-504D69B4F741-FollowerState was interrupted: {}
java.lang.InterruptedException: sleep interrupted
	at java.lang.Thread.sleep(Native Method)
	at java.lang.Thread.sleep(Thread.java:340)
	at java.util.concurrent.TimeUnit.sleep(TimeUnit.java:386)
	at org.apache.ratis.util.TimeDuration.sleep(TimeDuration.java:324)
	at org.apache.ratis.util.TimeDuration.sleep(TimeDuration.java:309)
	at org.apache.ratis.server.impl.FollowerState.run(FollowerState.java:118)
2022-02-16 01:43:11,422 [grpc-default-executor-4] INFO  server.RaftServer$Division (RaftServerImpl.java:requestVote(1046)) - a565342f-4fee-4f25-a030-3e45d0cf0ab9@group-504D69B4F741: receive requestVote(ELECTION, 0abaf1aa-1b73-4e28-a6e5-0a41a9a3ec34, group-504D69B4F741, 8, (t:0, i:0))
2022-02-16 01:43:11,423 [grpc-default-executor-4] INFO  impl.VoteContext (VoteContext.java:log(48)) - a565342f-4fee-4f25-a030-3e45d0cf0ab9@group-504D69B4F741-FOLLOWER: reject ELECTION from 0abaf1aa-1b73-4e28-a6e5-0a41a9a3ec34: our priority 1 > candidate's priority 0
2022-02-16 01:43:11,423 [grpc-default-executor-4] INFO  server.RaftServer$Division (RaftServerImpl.java:setRole(290)) - a565342f-4fee-4f25-a030-3e45d0cf0ab9@group-504D69B4F741: changes role from  FOLLOWER to FOLLOWER at term 8 for candidate:0abaf1aa-1b73-4e28-a6e5-0a41a9a3ec34
2022-02-16 01:43:11,423 [grpc-default-executor-4] INFO  impl.RoleInfo (RoleInfo.java:shutdownFollowerState(108)) - a565342f-4fee-4f25-a030-3e45d0cf0ab9: shutdown a565342f-4fee-4f25-a030-3e45d0cf0ab9@group-504D69B4F741-FollowerState
2022-02-16 01:43:11,427 [grpc-default-executor-4] INFO  impl.RoleInfo (RoleInfo.java:updateAndGet(130)) - a565342f-4fee-4f25-a030-3e45d0cf0ab9: start a565342f-4fee-4f25-a030-3e45d0cf0ab9@group-504D69B4F741-FollowerState
2022-02-16 01:43:11,427 [a565342f-4fee-4f25-a030-3e45d0cf0ab9@group-504D69B4F741-FollowerState] INFO  impl.FollowerState (FollowerState.java:run(143)) - a565342f-4fee-4f25-a030-3e45d0cf0ab9@group-504D69B4F741-FollowerState was interrupted: {}
java.lang.InterruptedException: sleep interrupted
	at java.lang.Thread.sleep(Native Method)
	at java.lang.Thread.sleep(Thread.java:340)
	at java.util.concurrent.TimeUnit.sleep(TimeUnit.java:386)
	at org.apache.ratis.util.TimeDuration.sleep(TimeDuration.java:324)
	at org.apache.ratis.util.TimeDuration.sleep(TimeDuration.java:309)
	at org.apache.ratis.server.impl.FollowerState.run(FollowerState.java:118)
2022-02-16 01:43:11,428 [grpc-default-executor-3] INFO  server.RaftServer$Division (RaftServerImpl.java:requestVote(1078)) - edcd5571-e430-46af-ba60-7657fe1b1d4c@group-504D69B4F741 replies to ELECTION vote request: 0abaf1aa-1b73-4e28-a6e5-0a41a9a3ec34<-edcd5571-e430-46af-ba60-7657fe1b1d4c#0:OK-t8. Peer's state: edcd5571-e430-46af-ba60-7657fe1b1d4c@group-504D69B4F741:t8, leader=null, voted=0abaf1aa-1b73-4e28-a6e5-0a41a9a3ec34, raftlog=edcd5571-e430-46af-ba60-7657fe1b1d4c@group-504D69B4F741-SegmentedRaftLog:OPENED:c-1, conf=-1: [edcd5571-e430-46af-ba60-7657fe1b1d4c|rpc:10.1.0.46:34285|priority:0, a565342f-4fee-4f25-a030-3e45d0cf0ab9|rpc:10.1.0.46:45097|priority:1, 0abaf1aa-1b73-4e28-a6e5-0a41a9a3ec34|rpc:10.1.0.46:36601|priority:0], old=null
2022-02-16 01:43:11,430 [grpc-default-executor-4] INFO  server.RaftServer$Division (RaftServerImpl.java:requestVote(1078)) - a565342f-4fee-4f25-a030-3e45d0cf0ab9@group-504D69B4F741 replies to ELECTION vote request: 0abaf1aa-1b73-4e28-a6e5-0a41a9a3ec34<-a565342f-4fee-4f25-a030-3e45d0cf0ab9#0:FAIL-t8. Peer's state: a565342f-4fee-4f25-a030-3e45d0cf0ab9@group-504D69B4F741:t8, leader=null, voted=null, raftlog=a565342f-4fee-4f25-a030-3e45d0cf0ab9@group-504D69B4F741-SegmentedRaftLog:OPENED:c-1, conf=-1: [edcd5571-e430-46af-ba60-7657fe1b1d4c|rpc:10.1.0.46:34285|dataStream:|priority:0, a565342f-4fee-4f25-a030-3e45d0cf0ab9|rpc:10.1.0.46:45097|dataStream:|priority:1, 0abaf1aa-1b73-4e28-a6e5-0a41a9a3ec34|rpc:10.1.0.46:36601|dataStream:|priority:0], old=null
2022-02-16 01:43:11,431 [0abaf1aa-1b73-4e28-a6e5-0a41a9a3ec34@group-504D69B4F741-LeaderElection39] INFO  impl.LeaderElection (LeaderElection.java:logAndReturn(89)) - 0abaf1aa-1b73-4e28-a6e5-0a41a9a3ec34@group-504D69B4F741-LeaderElection39: ELECTION REJECTED received 2 response(s) and 0 exception(s):
2022-02-16 01:43:11,431 [0abaf1aa-1b73-4e28-a6e5-0a41a9a3ec34@group-504D69B4F741-LeaderElection39] INFO  impl.LeaderElection (LeaderElection.java:logAndReturn(93)) -   Response 0: 0abaf1aa-1b73-4e28-a6e5-0a41a9a3ec34<-edcd5571-e430-46af-ba60-7657fe1b1d4c#0:OK-t8
2022-02-16 01:43:11,431 [0abaf1aa-1b73-4e28-a6e5-0a41a9a3ec34@group-504D69B4F741-LeaderElection39] INFO  impl.LeaderElection (LeaderElection.java:logAndReturn(93)) -   Response 1: 0abaf1aa-1b73-4e28-a6e5-0a41a9a3ec34<-a565342f-4fee-4f25-a030-3e45d0cf0ab9#0:FAIL-t8
2022-02-16 01:43:11,431 [0abaf1aa-1b73-4e28-a6e5-0a41a9a3ec34@group-504D69B4F741-LeaderElection39] INFO  impl.LeaderElection (LeaderElection.java:askForVotes(308)) - 0abaf1aa-1b73-4e28-a6e5-0a41a9a3ec34@group-504D69B4F741-LeaderElection39 ELECTION round 0: result REJECTED
2022-02-16 01:43:11,431 [0abaf1aa-1b73-4e28-a6e5-0a41a9a3ec34@group-504D69B4F741-LeaderElection39] INFO  server.RaftServer$Division (RaftServerImpl.java:setRole(290)) - 0abaf1aa-1b73-4e28-a6e5-0a41a9a3ec34@group-504D69B4F741: changes role from CANDIDATE to FOLLOWER at term 8 for REJECTED
2022-02-16 01:43:11,431 [0abaf1aa-1b73-4e28-a6e5-0a41a9a3ec34@group-504D69B4F741-LeaderElection39] INFO  impl.RoleInfo (RoleInfo.java:shutdownLeaderElection(121)) - 0abaf1aa-1b73-4e28-a6e5-0a41a9a3ec34: shutdown 0abaf1aa-1b73-4e28-a6e5-0a41a9a3ec34@group-504D69B4F741-LeaderElection39
2022-02-16 01:43:11,431 [0abaf1aa-1b73-4e28-a6e5-0a41a9a3ec34@group-504D69B4F741-LeaderElection39] INFO  impl.RoleInfo (RoleInfo.java:updateAndGet(130)) - 0abaf1aa-1b73-4e28-a6e5-0a41a9a3ec34: start 0abaf1aa-1b73-4e28-a6e5-0a41a9a3ec34@group-504D69B4F741-FollowerState
2022-02-16 01:43:12,097 [a160d0e9-2905-4393-b4ab-3632e6d9b9e1@group-1F9862849013-FollowerState] INFO  impl.FollowerState (FollowerState.java:run(134)) - a160d0e9-2905-4393-b4ab-3632e6d9b9e1@group-1F9862849013-FollowerState: change to CANDIDATE, lastRpcElapsedTime:5068635202ns, electionTimeout:5062ms
2022-02-16 01:43:12,097 [a160d0e9-2905-4393-b4ab-3632e6d9b9e1@group-1F9862849013-FollowerState] INFO  impl.RoleInfo (RoleInfo.java:shutdownFollowerState(108)) - a160d0e9-2905-4393-b4ab-3632e6d9b9e1: shutdown a160d0e9-2905-4393-b4ab-3632e6d9b9e1@group-1F9862849013-FollowerState
2022-02-16 01:43:12,097 [a160d0e9-2905-4393-b4ab-3632e6d9b9e1@group-1F9862849013-FollowerState] INFO  server.RaftServer$Division (RaftServerImpl.java:setRole(290)) - a160d0e9-2905-4393-b4ab-3632e6d9b9e1@group-1F9862849013: changes role from  FOLLOWER to CANDIDATE at term 7 for changeToCandidate
2022-02-16 01:43:12,097 [a160d0e9-2905-4393-b4ab-3632e6d9b9e1@group-1F9862849013-FollowerState] INFO  server.RaftServerConfigKeys (ConfUtils.java:logGet(44)) - raft.server.leaderelection.pre-vote = false (custom)
2022-02-16 01:43:12,097 [a160d0e9-2905-4393-b4ab-3632e6d9b9e1@group-1F9862849013-FollowerState] INFO  impl.RoleInfo (RoleInfo.java:updateAndGet(130)) - a160d0e9-2905-4393-b4ab-3632e6d9b9e1: start a160d0e9-2905-4393-b4ab-3632e6d9b9e1@group-1F9862849013-LeaderElection40
2022-02-16 01:43:12,106 [a160d0e9-2905-4393-b4ab-3632e6d9b9e1@group-1F9862849013-LeaderElection40] INFO  impl.LeaderElection (LeaderElection.java:askForVotes(306)) - a160d0e9-2905-4393-b4ab-3632e6d9b9e1@group-1F9862849013-LeaderElection40 ELECTION round 0: submit vote requests at term 8 for -1: [81aedf04-38bc-4259-8f21-07d047f65c5c|rpc:10.1.0.46:43527|dataStream:|priority:0, a160d0e9-2905-4393-b4ab-3632e6d9b9e1|rpc:10.1.0.46:39495|dataStream:|priority:0, 003e5be4-9867-4f5a-83bb-9c943051b5bb|rpc:10.1.0.46:37171|dataStream:|priority:1], old=null
2022-02-16 01:43:12,114 [grpc-default-executor-4] INFO  server.RaftServer$Division (RaftServerImpl.java:requestVote(1046)) - 81aedf04-38bc-4259-8f21-07d047f65c5c@group-1F9862849013: receive requestVote(ELECTION, a160d0e9-2905-4393-b4ab-3632e6d9b9e1, group-1F9862849013, 8, (t:0, i:0))
2022-02-16 01:43:12,114 [grpc-default-executor-4] INFO  impl.VoteContext (VoteContext.java:log(48)) - 81aedf04-38bc-4259-8f21-07d047f65c5c@group-1F9862849013-FOLLOWER: accept ELECTION from a160d0e9-2905-4393-b4ab-3632e6d9b9e1: our priority 0 <= candidate's priority 0
2022-02-16 01:43:12,114 [grpc-default-executor-4] INFO  server.RaftServer$Division (RaftServerImpl.java:setRole(290)) - 81aedf04-38bc-4259-8f21-07d047f65c5c@group-1F9862849013: changes role from  FOLLOWER to FOLLOWER at term 8 for candidate:a160d0e9-2905-4393-b4ab-3632e6d9b9e1
2022-02-16 01:43:12,114 [grpc-default-executor-4] INFO  impl.RoleInfo (RoleInfo.java:shutdownFollowerState(108)) - 81aedf04-38bc-4259-8f21-07d047f65c5c: shutdown 81aedf04-38bc-4259-8f21-07d047f65c5c@group-1F9862849013-FollowerState
2022-02-16 01:43:12,119 [81aedf04-38bc-4259-8f21-07d047f65c5c@group-1F9862849013-FollowerState] INFO  impl.FollowerState (FollowerState.java:run(143)) - 81aedf04-38bc-4259-8f21-07d047f65c5c@group-1F9862849013-FollowerState was interrupted: {}
java.lang.InterruptedException: sleep interrupted
	at java.lang.Thread.sleep(Native Method)
	at java.lang.Thread.sleep(Thread.java:340)
	at java.util.concurrent.TimeUnit.sleep(TimeUnit.java:386)
	at org.apache.ratis.util.TimeDuration.sleep(TimeDuration.java:324)
	at org.apache.ratis.util.TimeDuration.sleep(TimeDuration.java:309)
	at org.apache.ratis.server.impl.FollowerState.run(FollowerState.java:118)
2022-02-16 01:43:12,119 [grpc-default-executor-4] INFO  impl.RoleInfo (RoleInfo.java:updateAndGet(130)) - 81aedf04-38bc-4259-8f21-07d047f65c5c: start 81aedf04-38bc-4259-8f21-07d047f65c5c@group-1F9862849013-FollowerState
2022-02-16 01:43:12,120 [grpc-default-executor-3] INFO  server.RaftServer$Division (RaftServerImpl.java:requestVote(1046)) - 003e5be4-9867-4f5a-83bb-9c943051b5bb@group-1F9862849013: receive requestVote(ELECTION, a160d0e9-2905-4393-b4ab-3632e6d9b9e1, group-1F9862849013, 8, (t:0, i:0))
2022-02-16 01:43:12,121 [grpc-default-executor-3] INFO  impl.VoteContext (VoteContext.java:log(48)) - 003e5be4-9867-4f5a-83bb-9c943051b5bb@group-1F9862849013-FOLLOWER: reject ELECTION from a160d0e9-2905-4393-b4ab-3632e6d9b9e1: our priority 1 > candidate's priority 0
2022-02-16 01:43:12,121 [grpc-default-executor-3] INFO  server.RaftServer$Division (RaftServerImpl.java:setRole(290)) - 003e5be4-9867-4f5a-83bb-9c943051b5bb@group-1F9862849013: changes role from  FOLLOWER to FOLLOWER at term 8 for candidate:a160d0e9-2905-4393-b4ab-3632e6d9b9e1
2022-02-16 01:43:12,121 [grpc-default-executor-3] INFO  impl.RoleInfo (RoleInfo.java:shutdownFollowerState(108)) - 003e5be4-9867-4f5a-83bb-9c943051b5bb: shutdown 003e5be4-9867-4f5a-83bb-9c943051b5bb@group-1F9862849013-FollowerState
2022-02-16 01:43:12,126 [grpc-default-executor-3] INFO  impl.RoleInfo (RoleInfo.java:updateAndGet(130)) - 003e5be4-9867-4f5a-83bb-9c943051b5bb: start 003e5be4-9867-4f5a-83bb-9c943051b5bb@group-1F9862849013-FollowerState
2022-02-16 01:43:12,126 [003e5be4-9867-4f5a-83bb-9c943051b5bb@group-1F9862849013-FollowerState] INFO  impl.FollowerState (FollowerState.java:run(143)) - 003e5be4-9867-4f5a-83bb-9c943051b5bb@group-1F9862849013-FollowerState was interrupted: {}
java.lang.InterruptedException: sleep interrupted
	at java.lang.Thread.sleep(Native Method)
	at java.lang.Thread.sleep(Thread.java:340)
	at java.util.concurrent.TimeUnit.sleep(TimeUnit.java:386)
	at org.apache.ratis.util.TimeDuration.sleep(TimeDuration.java:324)
	at org.apache.ratis.util.TimeDuration.sleep(TimeDuration.java:309)
	at org.apache.ratis.server.impl.FollowerState.run(FollowerState.java:118)
2022-02-16 01:43:12,128 [grpc-default-executor-4] INFO  server.RaftServer$Division (RaftServerImpl.java:requestVote(1078)) - 81aedf04-38bc-4259-8f21-07d047f65c5c@group-1F9862849013 replies to ELECTION vote request: a160d0e9-2905-4393-b4ab-3632e6d9b9e1<-81aedf04-38bc-4259-8f21-07d047f65c5c#0:OK-t8. Peer's state: 81aedf04-38bc-4259-8f21-07d047f65c5c@group-1F9862849013:t8, leader=null, voted=a160d0e9-2905-4393-b4ab-3632e6d9b9e1, raftlog=81aedf04-38bc-4259-8f21-07d047f65c5c@group-1F9862849013-SegmentedRaftLog:OPENED:c-1, conf=-1: [81aedf04-38bc-4259-8f21-07d047f65c5c|rpc:10.1.0.46:43527|priority:0, a160d0e9-2905-4393-b4ab-3632e6d9b9e1|rpc:10.1.0.46:39495|priority:0, 003e5be4-9867-4f5a-83bb-9c943051b5bb|rpc:10.1.0.46:37171|priority:1], old=null
2022-02-16 01:43:12,131 [grpc-default-executor-3] INFO  server.RaftServer$Division (RaftServerImpl.java:requestVote(1078)) - 003e5be4-9867-4f5a-83bb-9c943051b5bb@group-1F9862849013 replies to ELECTION vote request: a160d0e9-2905-4393-b4ab-3632e6d9b9e1<-003e5be4-9867-4f5a-83bb-9c943051b5bb#0:FAIL-t8. Peer's state: 003e5be4-9867-4f5a-83bb-9c943051b5bb@group-1F9862849013:t8, leader=null, voted=null, raftlog=003e5be4-9867-4f5a-83bb-9c943051b5bb@group-1F9862849013-SegmentedRaftLog:OPENED:c-1, conf=-1: [81aedf04-38bc-4259-8f21-07d047f65c5c|rpc:10.1.0.46:43527|dataStream:|priority:0, a160d0e9-2905-4393-b4ab-3632e6d9b9e1|rpc:10.1.0.46:39495|dataStream:|priority:0, 003e5be4-9867-4f5a-83bb-9c943051b5bb|rpc:10.1.0.46:37171|dataStream:|priority:1], old=null
2022-02-16 01:43:12,132 [a160d0e9-2905-4393-b4ab-3632e6d9b9e1@group-1F9862849013-LeaderElection40] INFO  impl.LeaderElection (LeaderElection.java:logAndReturn(89)) - a160d0e9-2905-4393-b4ab-3632e6d9b9e1@group-1F9862849013-LeaderElection40: ELECTION REJECTED received 2 response(s) and 0 exception(s):
2022-02-16 01:43:12,132 [a160d0e9-2905-4393-b4ab-3632e6d9b9e1@group-1F9862849013-LeaderElection40] INFO  impl.LeaderElection (LeaderElection.java:logAndReturn(93)) -   Response 0: a160d0e9-2905-4393-b4ab-3632e6d9b9e1<-81aedf04-38bc-4259-8f21-07d047f65c5c#0:OK-t8
2022-02-16 01:43:12,132 [a160d0e9-2905-4393-b4ab-3632e6d9b9e1@group-1F9862849013-LeaderElection40] INFO  impl.LeaderElection (LeaderElection.java:logAndReturn(93)) -   Response 1: a160d0e9-2905-4393-b4ab-3632e6d9b9e1<-003e5be4-9867-4f5a-83bb-9c943051b5bb#0:FAIL-t8
2022-02-16 01:43:12,132 [a160d0e9-2905-4393-b4ab-3632e6d9b9e1@group-1F9862849013-LeaderElection40] INFO  impl.LeaderElection (LeaderElection.java:askForVotes(308)) - a160d0e9-2905-4393-b4ab-3632e6d9b9e1@group-1F9862849013-LeaderElection40 ELECTION round 0: result REJECTED
2022-02-16 01:43:12,132 [a160d0e9-2905-4393-b4ab-3632e6d9b9e1@group-1F9862849013-LeaderElection40] INFO  server.RaftServer$Division (RaftServerImpl.java:setRole(290)) - a160d0e9-2905-4393-b4ab-3632e6d9b9e1@group-1F9862849013: changes role from CANDIDATE to FOLLOWER at term 8 for REJECTED
2022-02-16 01:43:12,132 [a160d0e9-2905-4393-b4ab-3632e6d9b9e1@group-1F9862849013-LeaderElection40] INFO  impl.RoleInfo (RoleInfo.java:shutdownLeaderElection(121)) - a160d0e9-2905-4393-b4ab-3632e6d9b9e1: shutdown a160d0e9-2905-4393-b4ab-3632e6d9b9e1@group-1F9862849013-LeaderElection40
2022-02-16 01:43:12,132 [a160d0e9-2905-4393-b4ab-3632e6d9b9e1@group-1F9862849013-LeaderElection40] INFO  impl.RoleInfo (RoleInfo.java:updateAndGet(130)) - a160d0e9-2905-4393-b4ab-3632e6d9b9e1: start a160d0e9-2905-4393-b4ab-3632e6d9b9e1@group-1F9862849013-FollowerState
2022-02-16 01:43:14,023 [Listener at 127.0.0.1/33913] WARN  io.KeyOutputStream (KeyOutputStream.java:handleException(310)) - Encountered exception java.io.IOException: Unexpected Storage Container Exception: java.util.concurrent.CompletionException: Failed to write chunk 109611004723200001_chunk_6 into block conID: 1 locID: 109611004723200001 bcsId: 14 on the pipeline Pipeline[ Id: 9892d6ea-815e-4be0-abff-ecb279baf00e, Nodes: b5efad6c-21e2-4d99-b376-b80a2810f054{ip: 10.1.0.46, host: fv-az184-768.3ow45vhwbzuu5incsxmygykede.cx.internal.cloudapp.net, ports: [REPLICATION=36147, RATIS=39795, RATIS_ADMIN=39795, RATIS_SERVER=39795, STANDALONE=38231], networkLocation: /default-rack, certSerialId: null, persistedOpState: IN_SERVICE, persistedOpStateExpiryEpochSec: 0}7f4e46f4-a6a5-4e91-9d7c-c7c9d4b9ec17{ip: 10.1.0.46, host: fv-az184-768.3ow45vhwbzuu5incsxmygykede.cx.internal.cloudapp.net, ports: [REPLICATION=42017, RATIS=38997, RATIS_ADMIN=38997, RATIS_SERVER=38997, STANDALONE=39207], networkLocation: /default-rack, certSerialId: null, persistedOpState: IN_SERVICE, persistedOpStateExpiryEpochSec: 0}2f6f166e-3639-444f-87d9-77f80c10b379{ip: 10.1.0.46, host: fv-az184-768.3ow45vhwbzuu5incsxmygykede.cx.internal.cloudapp.net, ports: [REPLICATION=33779, RATIS=41167, RATIS_ADMIN=41167, RATIS_SERVER=41167, STANDALONE=33451], networkLocation: /default-rack, certSerialId: null, persistedOpState: IN_SERVICE, persistedOpStateExpiryEpochSec: 0}, ReplicationConfig: RATIS/THREE, State:OPEN, leaderId:b5efad6c-21e2-4d99-b376-b80a2810f054, CreationTimestamp2022-02-16T01:42:27.342Z[Etc/UTC]]. The last committed block length is 450, uncommitted data length is 350 retry count 0
2022-02-16 01:43:14,079 [IPC Server handler 0 on default port 39033] WARN  pipeline.WritableRatisContainerProvider (WritableRatisContainerProvider.java:getContainer(125)) - Pipeline creation failed for repConfig RATIS/THREE Datanodes may be used up.
org.apache.hadoop.hdds.scm.exceptions.SCMException: Pipeline creation failed because nodes are engaged in other pipelines and every node can only be engaged in max 1 pipelines. Required 3. Found 2
	at org.apache.hadoop.hdds.scm.pipeline.PipelinePlacementPolicy.filterViableNodes(PipelinePlacementPolicy.java:184)
	at org.apache.hadoop.hdds.scm.pipeline.PipelinePlacementPolicy.chooseDatanodes(PipelinePlacementPolicy.java:237)
	at org.apache.hadoop.hdds.scm.pipeline.RatisPipelineProvider.create(RatisPipelineProvider.java:153)
	at org.apache.hadoop.hdds.scm.pipeline.RatisPipelineProvider.create(RatisPipelineProvider.java:50)
	at org.apache.hadoop.hdds.scm.pipeline.PipelineFactory.create(PipelineFactory.java:72)
	at org.apache.hadoop.hdds.scm.pipeline.PipelineManagerImpl.createPipeline(PipelineManagerImpl.java:170)
	at org.apache.hadoop.hdds.scm.pipeline.WritableRatisContainerProvider.getContainer(WritableRatisContainerProvider.java:119)
	at org.apache.hadoop.hdds.scm.pipeline.WritableContainerFactory.getContainer(WritableContainerFactory.java:52)
	at org.apache.hadoop.hdds.scm.block.BlockManagerImpl.allocateBlock(BlockManagerImpl.java:176)
	at org.apache.hadoop.hdds.scm.server.SCMBlockProtocolServer.allocateBlock(SCMBlockProtocolServer.java:194)
	at org.apache.hadoop.hdds.scm.protocol.ScmBlockLocationProtocolServerSideTranslatorPB.allocateScmBlock(ScmBlockLocationProtocolServerSideTranslatorPB.java:180)
	at org.apache.hadoop.hdds.scm.protocol.ScmBlockLocationProtocolServerSideTranslatorPB.processMessage(ScmBlockLocationProtocolServerSideTranslatorPB.java:130)
	at org.apache.hadoop.hdds.server.OzoneProtocolMessageDispatcher.processRequest(OzoneProtocolMessageDispatcher.java:87)
	at org.apache.hadoop.hdds.scm.protocol.ScmBlockLocationProtocolServerSideTranslatorPB.send(ScmBlockLocationProtocolServerSideTranslatorPB.java:112)
	at org.apache.hadoop.hdds.protocol.proto.ScmBlockLocationProtocolProtos$ScmBlockLocationProtocolService$2.callBlockingMethod(ScmBlockLocationProtocolProtos.java:13937)
	at org.apache.hadoop.ipc.ProtobufRpcEngine$Server.processCall(ProtobufRpcEngine.java:466)
	at org.apache.hadoop.ipc.ProtobufRpcEngine2$Server$ProtoBufRpcInvoker.call(ProtobufRpcEngine2.java:574)
	at org.apache.hadoop.ipc.ProtobufRpcEngine2$Server$ProtoBufRpcInvoker.call(ProtobufRpcEngine2.java:552)
	at org.apache.hadoop.ipc.RPC$Server.call(RPC.java:1093)
	at org.apache.hadoop.ipc.Server$RpcCall.run(Server.java:1035)
	at org.apache.hadoop.ipc.Server$RpcCall.run(Server.java:963)
	at java.security.AccessController.doPrivileged(Native Method)
	at javax.security.auth.Subject.doAs(Subject.java:422)
	at org.apache.hadoop.security.UserGroupInformation.doAs(UserGroupInformation.java:1878)
	at org.apache.hadoop.ipc.Server$Handler.run(Server.java:2966)
2022-02-16 01:43:14,079 [IPC Server handler 0 on default port 39033] ERROR pipeline.WritableRatisContainerProvider (WritableRatisContainerProvider.java:getContainer(164)) - Unable to allocate a block for the size: 800, repConfig: RATIS/THREE
2022-02-16 01:43:14,079 [IPC Server handler 0 on default port 39033] ERROR block.BlockManagerImpl (BlockManagerImpl.java:allocateBlock(184)) - Unable to allocate a block for the size: 800, replicationConfig: RATIS/THREE
2022-02-16 01:43:14,086 [Listener at 127.0.0.1/33913] INFO  ozone.MiniOzoneClusterImpl (MiniOzoneClusterImpl.java:shutdown(437)) - Shutting down the Mini Ozone Cluster
2022-02-16 01:43:14,087 [Listener at 127.0.0.1/33913] INFO  ozone.MiniOzoneClusterImpl (MiniOzoneClusterImpl.java:stop(452)) - Stopping the Mini Ozone Cluster
2022-02-16 01:43:14,087 [Listener at 127.0.0.1/33913] INFO  ozone.MiniOzoneClusterImpl (MiniOzoneClusterImpl.java:stopOM(534)) - Stopping the OzoneManager
2022-02-16 01:43:14,087 [Listener at 127.0.0.1/33913] INFO  om.OzoneManager (OzoneManager.java:stop(1893)) - om1[localhost:0]: Stopping Ozone Manager
2022-02-16 01:43:14,087 [Listener at 127.0.0.1/33913] INFO  ipc.Server (Server.java:stop(3414)) - Stopping server on 33913
2022-02-16 01:43:14,088 [IPC Server listener on 0] INFO  ipc.Server (Server.java:run(1376)) - Stopping IPC Server listener on 0
2022-02-16 01:43:14,092 [IPC Server Responder] INFO  ipc.Server (Server.java:run(1512)) - Stopping IPC Server Responder
2022-02-16 01:43:14,093 [Listener at 127.0.0.1/33913] INFO  server.RaftServer (RaftServerProxy.java:lambda$close$6(391)) - om1: close
2022-02-16 01:43:14,093 [Listener at 127.0.0.1/33913] INFO  server.RaftServer$Division (RaftServerImpl.java:lambda$close$4(412)) - om1@group-C5BA1605619E: shutdown
2022-02-16 01:43:14,094 [Listener at 127.0.0.1/33913] INFO  util.JmxRegister (JmxRegister.java:unregister(73)) - Successfully un-registered JMX Bean with object name Ratis:service=RaftServer,group=group-C5BA1605619E,id=om1
2022-02-16 01:43:14,094 [Listener at 127.0.0.1/33913] INFO  impl.RoleInfo (RoleInfo.java:shutdownLeaderState(91)) - om1: shutdown om1@group-C5BA1605619E-LeaderStateImpl
2022-02-16 01:43:14,094 [Listener at 127.0.0.1/33913] INFO  impl.PendingRequests (PendingRequests.java:sendNotLeaderResponses(282)) - om1@group-C5BA1605619E-PendingRequests: sendNotLeaderResponses
2022-02-16 01:43:14,097 [Listener at 127.0.0.1/33913] INFO  impl.StateMachineUpdater (StateMachineUpdater.java:stopAndJoin(149)) - om1@group-C5BA1605619E-StateMachineUpdater: set stopIndex = 6
2022-02-16 01:43:14,097 [om1@group-C5BA1605619E-StateMachineUpdater] INFO  ratis.OzoneManagerStateMachine (OzoneManagerStateMachine.java:takeSnapshot(417)) - Current Snapshot Index (t:1, i:6)
2022-02-16 01:43:14,099 [om1@group-C5BA1605619E-StateMachineUpdater] INFO  impl.StateMachineUpdater (StateMachineUpdater.java:takeSnapshot(281)) - om1@group-C5BA1605619E-StateMachineUpdater: Took a snapshot at index 6
2022-02-16 01:43:14,099 [om1@group-C5BA1605619E-StateMachineUpdater] INFO  impl.StateMachineUpdater (StateMachineUpdater.java:lambda$new$0(89)) - om1@group-C5BA1605619E-StateMachineUpdater: snapshotIndex: updateIncreasingly -1 -> 6
2022-02-16 01:43:14,099 [om1@group-C5BA1605619E-StateMachineUpdater] INFO  ratis.OzoneManagerStateMachine (OzoneManagerStateMachine.java:close(471)) - StateMachine has shutdown. Shutdown OzoneManager if not already shutdown.
2022-02-16 01:43:14,099 [Listener at 127.0.0.1/33913] INFO  server.RaftServer$Division (ServerState.java:close(419)) - om1@group-C5BA1605619E: closes. applyIndex: 6
2022-02-16 01:43:14,099 [om1@group-C5BA1605619E-SegmentedRaftLogWorker] INFO  segmented.SegmentedRaftLogWorker (SegmentedRaftLogWorker.java:run(327)) - om1@group-C5BA1605619E-SegmentedRaftLogWorker was interrupted, exiting. There are 0 tasks remaining in the queue.
2022-02-16 01:43:14,100 [Listener at 127.0.0.1/33913] INFO  segmented.SegmentedRaftLogWorker (SegmentedRaftLogWorker.java:close(237)) - om1@group-C5BA1605619E-SegmentedRaftLogWorker close()
2022-02-16 01:43:14,101 [Listener at 127.0.0.1/33913] INFO  server.GrpcService (GrpcService.java:closeImpl(262)) - om1: shutdown server with port 9872 now
2022-02-16 01:43:14,102 [Listener at 127.0.0.1/33913] INFO  server.GrpcService (GrpcService.java:closeImpl(271)) - om1: shutdown server with port 9872 successfully
2022-02-16 01:43:14,102 [org.apache.ratis.util.JvmPauseMonitor$$Lambda$431/1906549136@73f94f48] INFO  util.JvmPauseMonitor (JvmPauseMonitor.java:run(109)) - JvmPauseMonitor-om1: Stopped
2022-02-16 01:43:14,102 [Listener at 127.0.0.1/33913] INFO  ratis.OzoneManagerDoubleBuffer (OzoneManagerDoubleBuffer.java:stop(437)) - Stopping OMDoubleBuffer flush thread
2022-02-16 01:43:14,102 [OMDoubleBufferFlushThread] INFO  ratis.OzoneManagerDoubleBuffer (OzoneManagerDoubleBuffer.java:flushTransactions(356)) - OMDoubleBuffer flush thread OMDoubleBufferFlushThread is interrupted and will exit. OMDoubleBufferFlushThread
2022-02-16 01:43:14,105 [Listener at 127.0.0.1/33913] INFO  utils.BackgroundService (BackgroundService.java:shutdown(132)) - Shutting down service KeyDeletingService
2022-02-16 01:43:14,105 [Listener at 127.0.0.1/33913] INFO  utils.BackgroundService (BackgroundService.java:shutdown(132)) - Shutting down service DirectoryDeletingService
2022-02-16 01:43:14,106 [Listener at 127.0.0.1/33913] INFO  handler.ContextHandler (ContextHandler.java:doStop(1153)) - Stopped o.e.j.w.WebAppContext@15200332{ozoneManager,/,null,STOPPED}{file:/home/runner/work/ozone/ozone/hadoop-ozone/integration-test/target/test-classes/webapps/ozoneManager}
2022-02-16 01:43:14,107 [Listener at 127.0.0.1/33913] INFO  server.AbstractConnector (AbstractConnector.java:doStop(381)) - Stopped ServerConnector@310ad792{HTTP/1.1, (http/1.1)}{0.0.0.0:0}
2022-02-16 01:43:14,107 [Listener at 127.0.0.1/33913] INFO  server.session (HouseKeeper.java:stopScavenging(149)) - node0 Stopped scavenging
2022-02-16 01:43:14,107 [Listener at 127.0.0.1/33913] INFO  handler.ContextHandler (ContextHandler.java:doStop(1153)) - Stopped o.e.j.s.ServletContextHandler@55feda3f{static,/static,file:///home/runner/work/ozone/ozone/hadoop-ozone/integration-test/target/test-classes/webapps/static,STOPPED}
2022-02-16 01:43:14,108 [Listener at 127.0.0.1/33913] INFO  handler.ContextHandler (ContextHandler.java:doStop(1153)) - Stopped o.e.j.s.ServletContextHandler@3473e1bb{logs,/logs,file:///home/runner/work/ozone/ozone/hadoop-ozone/integration-test/target/log,STOPPED}
2022-02-16 01:43:14,121 [Listener at 127.0.0.1/33913] INFO  ozone.MiniOzoneClusterImpl (MiniOzoneClusterImpl.java:stopDatanodes(511)) - Stopping the HddsDatanodes
2022-02-16 01:43:16,061 [2f6f166e-3639-444f-87d9-77f80c10b379@group-ECB279BAF00E-FollowerState] INFO  impl.FollowerState (FollowerState.java:run(134)) - 2f6f166e-3639-444f-87d9-77f80c10b379@group-ECB279BAF00E-FollowerState: change to CANDIDATE, lastRpcElapsedTime:10223832297ns, electionTimeout:5128ms
2022-02-16 01:43:16,061 [2f6f166e-3639-444f-87d9-77f80c10b379@group-ECB279BAF00E-FollowerState] INFO  impl.RoleInfo (RoleInfo.java:shutdownFollowerState(108)) - 2f6f166e-3639-444f-87d9-77f80c10b379: shutdown 2f6f166e-3639-444f-87d9-77f80c10b379@group-ECB279BAF00E-FollowerState
2022-02-16 01:43:16,061 [2f6f166e-3639-444f-87d9-77f80c10b379@group-ECB279BAF00E-FollowerState] INFO  server.RaftServer$Division (RaftServerImpl.java:setRole(290)) - 2f6f166e-3639-444f-87d9-77f80c10b379@group-ECB279BAF00E: changes role from  FOLLOWER to CANDIDATE at term 3 for changeToCandidate
2022-02-16 01:43:16,062 [2f6f166e-3639-444f-87d9-77f80c10b379@group-ECB279BAF00E-FollowerState] INFO  server.RaftServerConfigKeys (ConfUtils.java:logGet(44)) - raft.server.leaderelection.pre-vote = false (custom)
2022-02-16 01:43:16,062 [2f6f166e-3639-444f-87d9-77f80c10b379@group-ECB279BAF00E-FollowerState] INFO  impl.RoleInfo (RoleInfo.java:updateAndGet(130)) - 2f6f166e-3639-444f-87d9-77f80c10b379: start 2f6f166e-3639-444f-87d9-77f80c10b379@group-ECB279BAF00E-LeaderElection41
2022-02-16 01:43:16,070 [2f6f166e-3639-444f-87d9-77f80c10b379@group-ECB279BAF00E-LeaderElection41] INFO  server.RaftServer$Division (ServerState.java:setLeader(285)) - 2f6f166e-3639-444f-87d9-77f80c10b379@group-ECB279BAF00E: change Leader from 2f6f166e-3639-444f-87d9-77f80c10b379 to null at term 3 for ELECTION
2022-02-16 01:43:16,073 [2f6f166e-3639-444f-87d9-77f80c10b379@group-ECB279BAF00E-LeaderElection41] INFO  impl.LeaderElection (LeaderElection.java:askForVotes(306)) - 2f6f166e-3639-444f-87d9-77f80c10b379@group-ECB279BAF00E-LeaderElection41 ELECTION round 0: submit vote requests at term 4 for 17: [b5efad6c-21e2-4d99-b376-b80a2810f054|rpc:10.1.0.46:39795|dataStream:|priority:1, 2f6f166e-3639-444f-87d9-77f80c10b379|rpc:10.1.0.46:41167|dataStream:|priority:0, 7f4e46f4-a6a5-4e91-9d7c-c7c9d4b9ec17|rpc:10.1.0.46:38997|dataStream:|priority:0], old=null
2022-02-16 01:43:16,082 [2f6f166e-3639-444f-87d9-77f80c10b379@group-ECB279BAF00E-LeaderElection41] INFO  impl.LeaderElection (LogUtils.java:infoOrTrace(137)) - 2f6f166e-3639-444f-87d9-77f80c10b379@group-ECB279BAF00E-LeaderElection41 got exception when requesting votes: java.util.concurrent.ExecutionException: org.apache.ratis.thirdparty.io.grpc.StatusRuntimeException: UNAVAILABLE: io exception
2022-02-16 01:43:16,083 [2f6f166e-3639-444f-87d9-77f80c10b379@group-ECB279BAF00E-LeaderElection41] INFO  impl.LeaderElection (LogUtils.java:infoOrTrace(137)) - 2f6f166e-3639-444f-87d9-77f80c10b379@group-ECB279BAF00E-LeaderElection41 got exception when requesting votes: java.util.concurrent.ExecutionException: org.apache.ratis.thirdparty.io.grpc.StatusRuntimeException: UNAVAILABLE: io exception
2022-02-16 01:43:16,083 [2f6f166e-3639-444f-87d9-77f80c10b379@group-ECB279BAF00E-LeaderElection41] INFO  impl.LeaderElection (LeaderElection.java:logAndReturn(89)) - 2f6f166e-3639-444f-87d9-77f80c10b379@group-ECB279BAF00E-LeaderElection41: ELECTION REJECTED received 0 response(s) and 2 exception(s):
2022-02-16 01:43:16,083 [2f6f166e-3639-444f-87d9-77f80c10b379@group-ECB279BAF00E-LeaderElection41] INFO  impl.LeaderElection (LogUtils.java:infoOrTrace(137)) -   Exception 0: java.util.concurrent.ExecutionException: org.apache.ratis.thirdparty.io.grpc.StatusRuntimeException: UNAVAILABLE: io exception
2022-02-16 01:43:16,083 [2f6f166e-3639-444f-87d9-77f80c10b379@group-ECB279BAF00E-LeaderElection41] INFO  impl.LeaderElection (LogUtils.java:infoOrTrace(137)) -   Exception 1: java.util.concurrent.ExecutionException: org.apache.ratis.thirdparty.io.grpc.StatusRuntimeException: UNAVAILABLE: io exception
2022-02-16 01:43:16,083 [2f6f166e-3639-444f-87d9-77f80c10b379@group-ECB279BAF00E-LeaderElection41] INFO  impl.LeaderElection (LeaderElection.java:askForVotes(308)) - 2f6f166e-3639-444f-87d9-77f80c10b379@group-ECB279BAF00E-LeaderElection41 ELECTION round 0: result REJECTED
2022-02-16 01:43:16,083 [2f6f166e-3639-444f-87d9-77f80c10b379@group-ECB279BAF00E-LeaderElection41] INFO  server.RaftServer$Division (RaftServerImpl.java:setRole(290)) - 2f6f166e-3639-444f-87d9-77f80c10b379@group-ECB279BAF00E: changes role from CANDIDATE to FOLLOWER at term 4 for REJECTED
2022-02-16 01:43:16,083 [2f6f166e-3639-444f-87d9-77f80c10b379@group-ECB279BAF00E-LeaderElection41] INFO  impl.RoleInfo (RoleInfo.java:shutdownLeaderElection(121)) - 2f6f166e-3639-444f-87d9-77f80c10b379: shutdown 2f6f166e-3639-444f-87d9-77f80c10b379@group-ECB279BAF00E-LeaderElection41
2022-02-16 01:43:16,083 [2f6f166e-3639-444f-87d9-77f80c10b379@group-ECB279BAF00E-LeaderElection41] INFO  impl.RoleInfo (RoleInfo.java:updateAndGet(130)) - 2f6f166e-3639-444f-87d9-77f80c10b379: start 2f6f166e-3639-444f-87d9-77f80c10b379@group-ECB279BAF00E-FollowerState
2022-02-16 01:43:16,569 [a565342f-4fee-4f25-a030-3e45d0cf0ab9@group-504D69B4F741-FollowerState] INFO  impl.FollowerState (FollowerState.java:run(134)) - a565342f-4fee-4f25-a030-3e45d0cf0ab9@group-504D69B4F741-FollowerState: change to CANDIDATE, lastRpcElapsedTime:5142584362ns, electionTimeout:5131ms
2022-02-16 01:43:16,569 [a565342f-4fee-4f25-a030-3e45d0cf0ab9@group-504D69B4F741-FollowerState] INFO  impl.RoleInfo (RoleInfo.java:shutdownFollowerState(108)) - a565342f-4fee-4f25-a030-3e45d0cf0ab9: shutdown a565342f-4fee-4f25-a030-3e45d0cf0ab9@group-504D69B4F741-FollowerState
2022-02-16 01:43:16,570 [a565342f-4fee-4f25-a030-3e45d0cf0ab9@group-504D69B4F741-FollowerState] INFO  server.RaftServer$Division (RaftServerImpl.java:setRole(290)) - a565342f-4fee-4f25-a030-3e45d0cf0ab9@group-504D69B4F741: changes role from  FOLLOWER to CANDIDATE at term 8 for changeToCandidate
2022-02-16 01:43:16,570 [a565342f-4fee-4f25-a030-3e45d0cf0ab9@group-504D69B4F741-FollowerState] INFO  server.RaftServerConfigKeys (ConfUtils.java:logGet(44)) - raft.server.leaderelection.pre-vote = false (custom)
2022-02-16 01:43:16,570 [a565342f-4fee-4f25-a030-3e45d0cf0ab9@group-504D69B4F741-FollowerState] INFO  impl.RoleInfo (RoleInfo.java:updateAndGet(130)) - a565342f-4fee-4f25-a030-3e45d0cf0ab9: start a565342f-4fee-4f25-a030-3e45d0cf0ab9@group-504D69B4F741-LeaderElection42
2022-02-16 01:43:16,577 [a565342f-4fee-4f25-a030-3e45d0cf0ab9@group-504D69B4F741-LeaderElection42] INFO  impl.LeaderElection (LeaderElection.java:askForVotes(306)) - a565342f-4fee-4f25-a030-3e45d0cf0ab9@group-504D69B4F741-LeaderElection42 ELECTION round 0: submit vote requests at term 9 for -1: [edcd5571-e430-46af-ba60-7657fe1b1d4c|rpc:10.1.0.46:34285|dataStream:|priority:0, a565342f-4fee-4f25-a030-3e45d0cf0ab9|rpc:10.1.0.46:45097|dataStream:|priority:1, 0abaf1aa-1b73-4e28-a6e5-0a41a9a3ec34|rpc:10.1.0.46:36601|dataStream:|priority:0], old=null
2022-02-16 01:43:16,583 [0abaf1aa-1b73-4e28-a6e5-0a41a9a3ec34@group-504D69B4F741-FollowerState] INFO  impl.FollowerState (FollowerState.java:run(134)) - 0abaf1aa-1b73-4e28-a6e5-0a41a9a3ec34@group-504D69B4F741-FollowerState: change to CANDIDATE, lastRpcElapsedTime:5151975551ns, electionTimeout:5145ms
2022-02-16 01:43:16,583 [0abaf1aa-1b73-4e28-a6e5-0a41a9a3ec34@group-504D69B4F741-FollowerState] INFO  impl.RoleInfo (RoleInfo.java:shutdownFollowerState(108)) - 0abaf1aa-1b73-4e28-a6e5-0a41a9a3ec34: shutdown 0abaf1aa-1b73-4e28-a6e5-0a41a9a3ec34@group-504D69B4F741-FollowerState
2022-02-16 01:43:16,584 [0abaf1aa-1b73-4e28-a6e5-0a41a9a3ec34@group-504D69B4F741-FollowerState] INFO  server.RaftServer$Division (RaftServerImpl.java:setRole(290)) - 0abaf1aa-1b73-4e28-a6e5-0a41a9a3ec34@group-504D69B4F741: changes role from  FOLLOWER to CANDIDATE at term 8 for changeToCandidate
2022-02-16 01:43:16,585 [grpc-default-executor-4] INFO  server.RaftServer$Division (RaftServerImpl.java:requestVote(1046)) - edcd5571-e430-46af-ba60-7657fe1b1d4c@group-504D69B4F741: receive requestVote(ELECTION, a565342f-4fee-4f25-a030-3e45d0cf0ab9, group-504D69B4F741, 9, (t:0, i:0))
2022-02-16 01:43:16,586 [grpc-default-executor-4] INFO  impl.VoteContext (VoteContext.java:log(48)) - edcd5571-e430-46af-ba60-7657fe1b1d4c@group-504D69B4F741-FOLLOWER: accept ELECTION from a565342f-4fee-4f25-a030-3e45d0cf0ab9: our priority 0 <= candidate's priority 1
2022-02-16 01:43:16,586 [grpc-default-executor-4] INFO  server.RaftServer$Division (RaftServerImpl.java:setRole(290)) - edcd5571-e430-46af-ba60-7657fe1b1d4c@group-504D69B4F741: changes role from  FOLLOWER to FOLLOWER at term 9 for candidate:a565342f-4fee-4f25-a030-3e45d0cf0ab9
2022-02-16 01:43:16,586 [grpc-default-executor-4] INFO  impl.RoleInfo (RoleInfo.java:shutdownFollowerState(108)) - edcd5571-e430-46af-ba60-7657fe1b1d4c: shutdown edcd5571-e430-46af-ba60-7657fe1b1d4c@group-504D69B4F741-FollowerState
2022-02-16 01:43:16,598 [0abaf1aa-1b73-4e28-a6e5-0a41a9a3ec34@group-504D69B4F741-FollowerState] INFO  server.RaftServerConfigKeys (ConfUtils.java:logGet(44)) - raft.server.leaderelection.pre-vote = false (custom)
2022-02-16 01:43:16,598 [edcd5571-e430-46af-ba60-7657fe1b1d4c@group-504D69B4F741-FollowerState] INFO  impl.FollowerState (FollowerState.java:run(143)) - edcd5571-e430-46af-ba60-7657fe1b1d4c@group-504D69B4F741-FollowerState was interrupted: {}
java.lang.InterruptedException: sleep interrupted
	at java.lang.Thread.sleep(Native Method)
	at java.lang.Thread.sleep(Thread.java:340)
	at java.util.concurrent.TimeUnit.sleep(TimeUnit.java:386)
	at org.apache.ratis.util.TimeDuration.sleep(TimeDuration.java:324)
	at org.apache.ratis.util.TimeDuration.sleep(TimeDuration.java:309)
	at org.apache.ratis.server.impl.FollowerState.run(FollowerState.java:118)
2022-02-16 01:43:16,598 [0abaf1aa-1b73-4e28-a6e5-0a41a9a3ec34@group-504D69B4F741-FollowerState] INFO  impl.RoleInfo (RoleInfo.java:updateAndGet(130)) - 0abaf1aa-1b73-4e28-a6e5-0a41a9a3ec34: start 0abaf1aa-1b73-4e28-a6e5-0a41a9a3ec34@group-504D69B4F741-LeaderElection43
2022-02-16 01:43:16,598 [grpc-default-executor-4] INFO  impl.RoleInfo (RoleInfo.java:updateAndGet(130)) - edcd5571-e430-46af-ba60-7657fe1b1d4c: start edcd5571-e430-46af-ba60-7657fe1b1d4c@group-504D69B4F741-FollowerState
2022-02-16 01:43:16,601 [grpc-default-executor-3] INFO  server.RaftServer$Division (RaftServerImpl.java:requestVote(1046)) - 0abaf1aa-1b73-4e28-a6e5-0a41a9a3ec34@group-504D69B4F741: receive requestVote(ELECTION, a565342f-4fee-4f25-a030-3e45d0cf0ab9, group-504D69B4F741, 9, (t:0, i:0))
2022-02-16 01:43:16,605 [grpc-default-executor-3] INFO  impl.VoteContext (VoteContext.java:log(48)) - 0abaf1aa-1b73-4e28-a6e5-0a41a9a3ec34@group-504D69B4F741-CANDIDATE: accept ELECTION from a565342f-4fee-4f25-a030-3e45d0cf0ab9: our priority 0 <= candidate's priority 1
2022-02-16 01:43:16,605 [grpc-default-executor-3] INFO  server.RaftServer$Division (RaftServerImpl.java:setRole(290)) - 0abaf1aa-1b73-4e28-a6e5-0a41a9a3ec34@group-504D69B4F741: changes role from CANDIDATE to FOLLOWER at term 9 for candidate:a565342f-4fee-4f25-a030-3e45d0cf0ab9
2022-02-16 01:43:16,605 [grpc-default-executor-3] INFO  impl.RoleInfo (RoleInfo.java:shutdownLeaderElection(121)) - 0abaf1aa-1b73-4e28-a6e5-0a41a9a3ec34: shutdown 0abaf1aa-1b73-4e28-a6e5-0a41a9a3ec34@group-504D69B4F741-LeaderElection43
2022-02-16 01:43:16,605 [0abaf1aa-1b73-4e28-a6e5-0a41a9a3ec34@group-504D69B4F741-LeaderElection43] INFO  impl.LeaderElection (LeaderElection.java:run(230)) - 0abaf1aa-1b73-4e28-a6e5-0a41a9a3ec34@group-504D69B4F741-LeaderElection43: skip running since this is already CLOSING
2022-02-16 01:43:16,615 [grpc-default-executor-3] INFO  impl.RoleInfo (RoleInfo.java:updateAndGet(130)) - 0abaf1aa-1b73-4e28-a6e5-0a41a9a3ec34: start 0abaf1aa-1b73-4e28-a6e5-0a41a9a3ec34@group-504D69B4F741-FollowerState
2022-02-16 01:43:16,616 [grpc-default-executor-4] INFO  server.RaftServer$Division (RaftServerImpl.java:requestVote(1078)) - edcd5571-e430-46af-ba60-7657fe1b1d4c@group-504D69B4F741 replies to ELECTION vote request: a565342f-4fee-4f25-a030-3e45d0cf0ab9<-edcd5571-e430-46af-ba60-7657fe1b1d4c#0:OK-t9. Peer's state: edcd5571-e430-46af-ba60-7657fe1b1d4c@group-504D69B4F741:t9, leader=null, voted=a565342f-4fee-4f25-a030-3e45d0cf0ab9, raftlog=edcd5571-e430-46af-ba60-7657fe1b1d4c@group-504D69B4F741-SegmentedRaftLog:OPENED:c-1, conf=-1: [edcd5571-e430-46af-ba60-7657fe1b1d4c|rpc:10.1.0.46:34285|priority:0, a565342f-4fee-4f25-a030-3e45d0cf0ab9|rpc:10.1.0.46:45097|priority:1, 0abaf1aa-1b73-4e28-a6e5-0a41a9a3ec34|rpc:10.1.0.46:36601|priority:0], old=null
2022-02-16 01:43:16,624 [a565342f-4fee-4f25-a030-3e45d0cf0ab9@group-504D69B4F741-LeaderElection42] INFO  impl.LeaderElection (LeaderElection.java:logAndReturn(89)) - a565342f-4fee-4f25-a030-3e45d0cf0ab9@group-504D69B4F741-LeaderElection42: ELECTION PASSED received 1 response(s) and 0 exception(s):
2022-02-16 01:43:16,624 [a565342f-4fee-4f25-a030-3e45d0cf0ab9@group-504D69B4F741-LeaderElection42] INFO  impl.LeaderElection (LeaderElection.java:logAndReturn(93)) -   Response 0: a565342f-4fee-4f25-a030-3e45d0cf0ab9<-edcd5571-e430-46af-ba60-7657fe1b1d4c#0:OK-t9
2022-02-16 01:43:16,624 [a565342f-4fee-4f25-a030-3e45d0cf0ab9@group-504D69B4F741-LeaderElection42] INFO  impl.LeaderElection (LeaderElection.java:askForVotes(308)) - a565342f-4fee-4f25-a030-3e45d0cf0ab9@group-504D69B4F741-LeaderElection42 ELECTION round 0: result PASSED
2022-02-16 01:43:16,624 [a565342f-4fee-4f25-a030-3e45d0cf0ab9@group-504D69B4F741-LeaderElection42] INFO  impl.RoleInfo (RoleInfo.java:shutdownLeaderElection(121)) - a565342f-4fee-4f25-a030-3e45d0cf0ab9: shutdown a565342f-4fee-4f25-a030-3e45d0cf0ab9@group-504D69B4F741-LeaderElection42
2022-02-16 01:43:16,624 [a565342f-4fee-4f25-a030-3e45d0cf0ab9@group-504D69B4F741-LeaderElection42] INFO  server.RaftServer$Division (RaftServerImpl.java:setRole(290)) - a565342f-4fee-4f25-a030-3e45d0cf0ab9@group-504D69B4F741: changes role from CANDIDATE to LEADER at term 9 for changeToLeader
2022-02-16 01:43:16,624 [a565342f-4fee-4f25-a030-3e45d0cf0ab9@group-504D69B4F741-LeaderElection42] INFO  ratis.XceiverServerRatis (XceiverServerRatis.java:handleLeaderChangedNotification(867)) - Leader change notification received for group: group-504D69B4F741 with new leaderId: a565342f-4fee-4f25-a030-3e45d0cf0ab9
2022-02-16 01:43:16,624 [a565342f-4fee-4f25-a030-3e45d0cf0ab9@group-504D69B4F741-LeaderElection42] INFO  server.RaftServer$Division (ServerState.java:setLeader(285)) - a565342f-4fee-4f25-a030-3e45d0cf0ab9@group-504D69B4F741: change Leader from null to a565342f-4fee-4f25-a030-3e45d0cf0ab9 at term 9 for becomeLeader, leader elected after 45942ms
2022-02-16 01:43:16,625 [a565342f-4fee-4f25-a030-3e45d0cf0ab9@group-504D69B4F741-LeaderElection42] INFO  server.RaftServerConfigKeys (ConfUtils.java:logGet(44)) - raft.server.staging.catchup.gap = 1000 (default)
2022-02-16 01:43:16,625 [a565342f-4fee-4f25-a030-3e45d0cf0ab9@group-504D69B4F741-LeaderElection42] INFO  server.RaftServerConfigKeys (ConfUtils.java:logGet(44)) - raft.server.write.element-limit = 1024 (custom)
2022-02-16 01:43:16,625 [a565342f-4fee-4f25-a030-3e45d0cf0ab9@group-504D69B4F741-LeaderElection42] INFO  server.RaftServerConfigKeys (ConfUtils.java:logGet(44)) - raft.server.write.byte-limit = 1024 M (=1073741824) (custom)
2022-02-16 01:43:16,625 [a565342f-4fee-4f25-a030-3e45d0cf0ab9@group-504D69B4F741-LeaderElection42] INFO  server.RaftServerConfigKeys (ConfUtils.java:logGet(44)) - raft.server.watch.timeout = 3000ms (custom)
2022-02-16 01:43:16,625 [a565342f-4fee-4f25-a030-3e45d0cf0ab9@group-504D69B4F741-LeaderElection42] INFO  server.RaftServerConfigKeys (ConfUtils.java:logGet(44)) - raft.server.watch.timeout.denomination = 1s (default)
2022-02-16 01:43:16,626 [a565342f-4fee-4f25-a030-3e45d0cf0ab9@group-504D69B4F741-LeaderElection42] INFO  server.RaftServerConfigKeys (ConfUtils.java:logGet(44)) - raft.server.watch.element-limit = 65536 (default)
2022-02-16 01:43:16,626 [a565342f-4fee-4f25-a030-3e45d0cf0ab9@group-504D69B4F741-LeaderElection42] INFO  server.RaftServerConfigKeys (ConfUtils.java:logGet(44)) - raft.server.write.element-limit = 1024 (custom)
2022-02-16 01:43:16,626 [a565342f-4fee-4f25-a030-3e45d0cf0ab9@group-504D69B4F741-LeaderElection42] INFO  server.RaftServerConfigKeys (ConfUtils.java:logGet(44)) - raft.server.write.follower.gap.ratio.max = -1.0 (default)
2022-02-16 01:43:16,626 [a565342f-4fee-4f25-a030-3e45d0cf0ab9@group-504D69B4F741-LeaderElection42] INFO  server.RaftServerConfigKeys (ConfUtils.java:logGet(44)) - raft.server.log.appender.snapshot.chunk.size.max = 16MB (=16777216) (default)
2022-02-16 01:43:16,626 [a565342f-4fee-4f25-a030-3e45d0cf0ab9@group-504D69B4F741-LeaderElection42] INFO  server.RaftServerConfigKeys (ConfUtils.java:logGet(44)) - raft.server.log.appender.buffer.byte-limit = 33554432 (custom)
2022-02-16 01:43:16,626 [a565342f-4fee-4f25-a030-3e45d0cf0ab9@group-504D69B4F741-LeaderElection42] INFO  server.RaftServerConfigKeys (ConfUtils.java:logGet(44)) - raft.server.log.appender.buffer.element-limit = 1 (custom)
2022-02-16 01:43:16,626 [a565342f-4fee-4f25-a030-3e45d0cf0ab9@group-504D69B4F741-LeaderElection42] INFO  grpc.GrpcConfigKeys (ConfUtils.java:logGet(44)) - raft.grpc.server.leader.outstanding.appends.max = 128 (default)
2022-02-16 01:43:16,626 [a565342f-4fee-4f25-a030-3e45d0cf0ab9@group-504D69B4F741-LeaderElection42] INFO  server.RaftServerConfigKeys (ConfUtils.java:logGet(44)) - raft.server.rpc.request.timeout = 3000ms (default)
2022-02-16 01:43:16,626 [a565342f-4fee-4f25-a030-3e45d0cf0ab9@group-504D69B4F741-LeaderElection42] INFO  server.RaftServerConfigKeys (ConfUtils.java:logGet(44)) - raft.server.log.appender.install.snapshot.enabled = false (custom)
2022-02-16 01:43:16,627 [grpc-default-executor-3] INFO  server.RaftServer$Division (RaftServerImpl.java:requestVote(1078)) - 0abaf1aa-1b73-4e28-a6e5-0a41a9a3ec34@group-504D69B4F741 replies to ELECTION vote request: a565342f-4fee-4f25-a030-3e45d0cf0ab9<-0abaf1aa-1b73-4e28-a6e5-0a41a9a3ec34#0:OK-t9. Peer's state: 0abaf1aa-1b73-4e28-a6e5-0a41a9a3ec34@group-504D69B4F741:t9, leader=null, voted=a565342f-4fee-4f25-a030-3e45d0cf0ab9, raftlog=0abaf1aa-1b73-4e28-a6e5-0a41a9a3ec34@group-504D69B4F741-SegmentedRaftLog:OPENED:c-1, conf=-1: [edcd5571-e430-46af-ba60-7657fe1b1d4c|rpc:10.1.0.46:34285|dataStream:|priority:0, a565342f-4fee-4f25-a030-3e45d0cf0ab9|rpc:10.1.0.46:45097|dataStream:|priority:1, 0abaf1aa-1b73-4e28-a6e5-0a41a9a3ec34|rpc:10.1.0.46:36601|dataStream:|priority:0], old=null
2022-02-16 01:43:16,627 [a565342f-4fee-4f25-a030-3e45d0cf0ab9@group-504D69B4F741-LeaderElection42] INFO  server.RaftServerConfigKeys (ConfUtils.java:logGet(44)) - raft.server.log.appender.snapshot.chunk.size.max = 16MB (=16777216) (default)
2022-02-16 01:43:16,627 [a565342f-4fee-4f25-a030-3e45d0cf0ab9@group-504D69B4F741-LeaderElection42] INFO  server.RaftServerConfigKeys (ConfUtils.java:logGet(44)) - raft.server.log.appender.buffer.byte-limit = 33554432 (custom)
2022-02-16 01:43:16,627 [a565342f-4fee-4f25-a030-3e45d0cf0ab9@group-504D69B4F741-LeaderElection42] INFO  server.RaftServerConfigKeys (ConfUtils.java:logGet(44)) - raft.server.log.appender.buffer.element-limit = 1 (custom)
2022-02-16 01:43:16,627 [a565342f-4fee-4f25-a030-3e45d0cf0ab9@group-504D69B4F741-LeaderElection42] INFO  grpc.GrpcConfigKeys (ConfUtils.java:logGet(44)) - raft.grpc.server.leader.outstanding.appends.max = 128 (default)
2022-02-16 01:43:16,627 [a565342f-4fee-4f25-a030-3e45d0cf0ab9@group-504D69B4F741-LeaderElection42] INFO  server.RaftServerConfigKeys (ConfUtils.java:logGet(44)) - raft.server.rpc.request.timeout = 3000ms (default)
2022-02-16 01:43:16,627 [a565342f-4fee-4f25-a030-3e45d0cf0ab9@group-504D69B4F741-LeaderElection42] INFO  server.RaftServerConfigKeys (ConfUtils.java:logGet(44)) - raft.server.log.appender.install.snapshot.enabled = false (custom)
2022-02-16 01:43:16,628 [a565342f-4fee-4f25-a030-3e45d0cf0ab9@group-504D69B4F741-LeaderElection42] INFO  impl.RoleInfo (RoleInfo.java:updateAndGet(130)) - a565342f-4fee-4f25-a030-3e45d0cf0ab9: start a565342f-4fee-4f25-a030-3e45d0cf0ab9@group-504D69B4F741-LeaderStateImpl
2022-02-16 01:43:16,628 [a565342f-4fee-4f25-a030-3e45d0cf0ab9@group-504D69B4F741-LeaderElection42] INFO  segmented.SegmentedRaftLogWorker (SegmentedRaftLogWorker.java:startLogSegment(394)) - a565342f-4fee-4f25-a030-3e45d0cf0ab9@group-504D69B4F741-SegmentedRaftLogWorker: Starting segment from index:0
2022-02-16 01:43:16,629 [a565342f-4fee-4f25-a030-3e45d0cf0ab9@group-504D69B4F741-SegmentedRaftLogWorker] INFO  segmented.SegmentedRaftLogWorker (SegmentedRaftLogWorker.java:execute(601)) - a565342f-4fee-4f25-a030-3e45d0cf0ab9@group-504D69B4F741-SegmentedRaftLogWorker: created new log segment /home/runner/work/ozone/ozone/hadoop-ozone/integration-test/target/test-dir/MiniOzoneClusterImpl-c31dc292-76fe-4ff2-ba7c-3deb75f75441/datanode-4/data/ratis/eff75b69-5cf3-4d72-bf43-504d69b4f741/current/log_inprogress_0
2022-02-16 01:43:16,647 [a565342f-4fee-4f25-a030-3e45d0cf0ab9@group-504D69B4F741-LeaderElection42] INFO  server.RaftServer$Division (ServerState.java:setRaftConf(387)) - a565342f-4fee-4f25-a030-3e45d0cf0ab9@group-504D69B4F741: set configuration 0: [edcd5571-e430-46af-ba60-7657fe1b1d4c|rpc:10.1.0.46:34285|dataStream:|priority:0, a565342f-4fee-4f25-a030-3e45d0cf0ab9|rpc:10.1.0.46:45097|dataStream:|priority:1, 0abaf1aa-1b73-4e28-a6e5-0a41a9a3ec34|rpc:10.1.0.46:36601|dataStream:|priority:0], old=null
2022-02-16 01:43:16,650 [grpc-default-executor-3] INFO  ratis.XceiverServerRatis (XceiverServerRatis.java:handleLeaderChangedNotification(867)) - Leader change notification received for group: group-504D69B4F741 with new leaderId: a565342f-4fee-4f25-a030-3e45d0cf0ab9
2022-02-16 01:43:16,650 [grpc-default-executor-3] INFO  server.RaftServer$Division (ServerState.java:setLeader(285)) - 0abaf1aa-1b73-4e28-a6e5-0a41a9a3ec34@group-504D69B4F741: change Leader from null to a565342f-4fee-4f25-a030-3e45d0cf0ab9 at term 9 for appendEntries, leader elected after 45871ms
2022-02-16 01:43:16,652 [grpc-default-executor-4] INFO  ratis.XceiverServerRatis (XceiverServerRatis.java:handleLeaderChangedNotification(867)) - Leader change notification received for group: group-504D69B4F741 with new leaderId: a565342f-4fee-4f25-a030-3e45d0cf0ab9
2022-02-16 01:43:16,652 [grpc-default-executor-4] INFO  server.RaftServer$Division (ServerState.java:setLeader(285)) - edcd5571-e430-46af-ba60-7657fe1b1d4c@group-504D69B4F741: change Leader from null to a565342f-4fee-4f25-a030-3e45d0cf0ab9 at term 9 for appendEntries, leader elected after 46065ms
2022-02-16 01:43:16,675 [grpc-default-executor-3] INFO  server.RaftServer$Division (ServerState.java:setRaftConf(387)) - 0abaf1aa-1b73-4e28-a6e5-0a41a9a3ec34@group-504D69B4F741: set configuration 0: [edcd5571-e430-46af-ba60-7657fe1b1d4c|rpc:10.1.0.46:34285|dataStream:|priority:0, a565342f-4fee-4f25-a030-3e45d0cf0ab9|rpc:10.1.0.46:45097|dataStream:|priority:1, 0abaf1aa-1b73-4e28-a6e5-0a41a9a3ec34|rpc:10.1.0.46:36601|dataStream:|priority:0], old=null
2022-02-16 01:43:16,676 [grpc-default-executor-3] INFO  segmented.SegmentedRaftLogWorker (SegmentedRaftLogWorker.java:startLogSegment(394)) - 0abaf1aa-1b73-4e28-a6e5-0a41a9a3ec34@group-504D69B4F741-SegmentedRaftLogWorker: Starting segment from index:0
2022-02-16 01:43:16,677 [grpc-default-executor-3] INFO  server.RaftServer$Division (ServerState.java:setRaftConf(387)) - edcd5571-e430-46af-ba60-7657fe1b1d4c@group-504D69B4F741: set configuration 0: [edcd5571-e430-46af-ba60-7657fe1b1d4c|rpc:10.1.0.46:34285|dataStream:|priority:0, a565342f-4fee-4f25-a030-3e45d0cf0ab9|rpc:10.1.0.46:45097|dataStream:|priority:1, 0abaf1aa-1b73-4e28-a6e5-0a41a9a3ec34|rpc:10.1.0.46:36601|dataStream:|priority:0], old=null
2022-02-16 01:43:16,678 [grpc-default-executor-3] INFO  segmented.SegmentedRaftLogWorker (SegmentedRaftLogWorker.java:startLogSegment(394)) - edcd5571-e430-46af-ba60-7657fe1b1d4c@group-504D69B4F741-SegmentedRaftLogWorker: Starting segment from index:0
2022-02-16 01:43:16,678 [0abaf1aa-1b73-4e28-a6e5-0a41a9a3ec34@group-504D69B4F741-SegmentedRaftLogWorker] INFO  segmented.SegmentedRaftLogWorker (SegmentedRaftLogWorker.java:execute(601)) - 0abaf1aa-1b73-4e28-a6e5-0a41a9a3ec34@group-504D69B4F741-SegmentedRaftLogWorker: created new log segment /home/runner/work/ozone/ozone/hadoop-ozone/integration-test/target/test-dir/MiniOzoneClusterImpl-c31dc292-76fe-4ff2-ba7c-3deb75f75441/datanode-5/data/ratis/eff75b69-5cf3-4d72-bf43-504d69b4f741/current/log_inprogress_0
2022-02-16 01:43:16,679 [edcd5571-e430-46af-ba60-7657fe1b1d4c@group-504D69B4F741-SegmentedRaftLogWorker] INFO  segmented.SegmentedRaftLogWorker (SegmentedRaftLogWorker.java:execute(601)) - edcd5571-e430-46af-ba60-7657fe1b1d4c@group-504D69B4F741-SegmentedRaftLogWorker: created new log segment /home/runner/work/ozone/ozone/hadoop-ozone/integration-test/target/test-dir/MiniOzoneClusterImpl-c31dc292-76fe-4ff2-ba7c-3deb75f75441/datanode-3/data/ratis/eff75b69-5cf3-4d72-bf43-504d69b4f741/current/log_inprogress_0
2022-02-16 01:43:17,183 [003e5be4-9867-4f5a-83bb-9c943051b5bb@group-1F9862849013-FollowerState] INFO  impl.FollowerState (FollowerState.java:run(134)) - 003e5be4-9867-4f5a-83bb-9c943051b5bb@group-1F9862849013-FollowerState: change to CANDIDATE, lastRpcElapsedTime:5057186852ns, electionTimeout:5051ms
2022-02-16 01:43:17,184 [003e5be4-9867-4f5a-83bb-9c943051b5bb@group-1F9862849013-FollowerState] INFO  impl.RoleInfo (RoleInfo.java:shutdownFollowerState(108)) - 003e5be4-9867-4f5a-83bb-9c943051b5bb: shutdown 003e5be4-9867-4f5a-83bb-9c943051b5bb@group-1F9862849013-FollowerState
2022-02-16 01:43:17,184 [003e5be4-9867-4f5a-83bb-9c943051b5bb@group-1F9862849013-FollowerState] INFO  server.RaftServer$Division (RaftServerImpl.java:setRole(290)) - 003e5be4-9867-4f5a-83bb-9c943051b5bb@group-1F9862849013: changes role from  FOLLOWER to CANDIDATE at term 8 for changeToCandidate
2022-02-16 01:43:17,184 [003e5be4-9867-4f5a-83bb-9c943051b5bb@group-1F9862849013-FollowerState] INFO  server.RaftServerConfigKeys (ConfUtils.java:logGet(44)) - raft.server.leaderelection.pre-vote = false (custom)
2022-02-16 01:43:17,184 [003e5be4-9867-4f5a-83bb-9c943051b5bb@group-1F9862849013-FollowerState] INFO  impl.RoleInfo (RoleInfo.java:updateAndGet(130)) - 003e5be4-9867-4f5a-83bb-9c943051b5bb: start 003e5be4-9867-4f5a-83bb-9c943051b5bb@group-1F9862849013-LeaderElection44
2022-02-16 01:43:17,196 [003e5be4-9867-4f5a-83bb-9c943051b5bb@group-1F9862849013-LeaderElection44] INFO  impl.LeaderElection (LeaderElection.java:askForVotes(306)) - 003e5be4-9867-4f5a-83bb-9c943051b5bb@group-1F9862849013-LeaderElection44 ELECTION round 0: submit vote requests at term 9 for -1: [81aedf04-38bc-4259-8f21-07d047f65c5c|rpc:10.1.0.46:43527|dataStream:|priority:0, a160d0e9-2905-4393-b4ab-3632e6d9b9e1|rpc:10.1.0.46:39495|dataStream:|priority:0, 003e5be4-9867-4f5a-83bb-9c943051b5bb|rpc:10.1.0.46:37171|dataStream:|priority:1], old=null
2022-02-16 01:43:17,205 [grpc-default-executor-3] INFO  server.RaftServer$Division (RaftServerImpl.java:requestVote(1046)) - 81aedf04-38bc-4259-8f21-07d047f65c5c@group-1F9862849013: receive requestVote(ELECTION, 003e5be4-9867-4f5a-83bb-9c943051b5bb, group-1F9862849013, 9, (t:0, i:0))
2022-02-16 01:43:17,206 [grpc-default-executor-3] INFO  impl.VoteContext (VoteContext.java:log(48)) - 81aedf04-38bc-4259-8f21-07d047f65c5c@group-1F9862849013-FOLLOWER: accept ELECTION from 003e5be4-9867-4f5a-83bb-9c943051b5bb: our priority 0 <= candidate's priority 1
2022-02-16 01:43:17,206 [grpc-default-executor-3] INFO  server.RaftServer$Division (RaftServerImpl.java:setRole(290)) - 81aedf04-38bc-4259-8f21-07d047f65c5c@group-1F9862849013: changes role from  FOLLOWER to FOLLOWER at term 9 for candidate:003e5be4-9867-4f5a-83bb-9c943051b5bb
2022-02-16 01:43:17,206 [grpc-default-executor-3] INFO  impl.RoleInfo (RoleInfo.java:shutdownFollowerState(108)) - 81aedf04-38bc-4259-8f21-07d047f65c5c: shutdown 81aedf04-38bc-4259-8f21-07d047f65c5c@group-1F9862849013-FollowerState
2022-02-16 01:43:17,211 [81aedf04-38bc-4259-8f21-07d047f65c5c@group-1F9862849013-FollowerState] INFO  impl.FollowerState (FollowerState.java:run(143)) - 81aedf04-38bc-4259-8f21-07d047f65c5c@group-1F9862849013-FollowerState was interrupted: {}
java.lang.InterruptedException: sleep interrupted
	at java.lang.Thread.sleep(Native Method)
	at java.lang.Thread.sleep(Thread.java:340)
	at java.util.concurrent.TimeUnit.sleep(TimeUnit.java:386)
	at org.apache.ratis.util.TimeDuration.sleep(TimeDuration.java:324)
	at org.apache.ratis.util.TimeDuration.sleep(TimeDuration.java:309)
	at org.apache.ratis.server.impl.FollowerState.run(FollowerState.java:118)
2022-02-16 01:43:17,211 [grpc-default-executor-3] INFO  impl.RoleInfo (RoleInfo.java:updateAndGet(130)) - 81aedf04-38bc-4259-8f21-07d047f65c5c: start 81aedf04-38bc-4259-8f21-07d047f65c5c@group-1F9862849013-FollowerState
2022-02-16 01:43:17,213 [grpc-default-executor-4] INFO  server.RaftServer$Division (RaftServerImpl.java:requestVote(1046)) - a160d0e9-2905-4393-b4ab-3632e6d9b9e1@group-1F9862849013: receive requestVote(ELECTION, 003e5be4-9867-4f5a-83bb-9c943051b5bb, group-1F9862849013, 9, (t:0, i:0))
2022-02-16 01:43:17,213 [grpc-default-executor-4] INFO  impl.VoteContext (VoteContext.java:log(48)) - a160d0e9-2905-4393-b4ab-3632e6d9b9e1@group-1F9862849013-FOLLOWER: accept ELECTION from 003e5be4-9867-4f5a-83bb-9c943051b5bb: our priority 0 <= candidate's priority 1
2022-02-16 01:43:17,213 [grpc-default-executor-4] INFO  server.RaftServer$Division (RaftServerImpl.java:setRole(290)) - a160d0e9-2905-4393-b4ab-3632e6d9b9e1@group-1F9862849013: changes role from  FOLLOWER to FOLLOWER at term 9 for candidate:003e5be4-9867-4f5a-83bb-9c943051b5bb
2022-02-16 01:43:17,213 [grpc-default-executor-4] INFO  impl.RoleInfo (RoleInfo.java:shutdownFollowerState(108)) - a160d0e9-2905-4393-b4ab-3632e6d9b9e1: shutdown a160d0e9-2905-4393-b4ab-3632e6d9b9e1@group-1F9862849013-FollowerState
2022-02-16 01:43:17,214 [a160d0e9-2905-4393-b4ab-3632e6d9b9e1@group-1F9862849013-FollowerState] INFO  impl.FollowerState (FollowerState.java:run(143)) - a160d0e9-2905-4393-b4ab-3632e6d9b9e1@group-1F9862849013-FollowerState was interrupted: {}
java.lang.InterruptedException: sleep interrupted
	at java.lang.Thread.sleep(Native Method)
	at java.lang.Thread.sleep(Thread.java:340)
	at java.util.concurrent.TimeUnit.sleep(TimeUnit.java:386)
	at org.apache.ratis.util.TimeDuration.sleep(TimeDuration.java:324)
	at org.apache.ratis.util.TimeDuration.sleep(TimeDuration.java:309)
	at org.apache.ratis.server.impl.FollowerState.run(FollowerState.java:118)
2022-02-16 01:43:17,214 [grpc-default-executor-4] INFO  impl.RoleInfo (RoleInfo.java:updateAndGet(130)) - a160d0e9-2905-4393-b4ab-3632e6d9b9e1: start a160d0e9-2905-4393-b4ab-3632e6d9b9e1@group-1F9862849013-FollowerState
2022-02-16 01:43:17,215 [grpc-default-executor-3] INFO  server.RaftServer$Division (RaftServerImpl.java:requestVote(1078)) - 81aedf04-38bc-4259-8f21-07d047f65c5c@group-1F9862849013 replies to ELECTION vote request: 003e5be4-9867-4f5a-83bb-9c943051b5bb<-81aedf04-38bc-4259-8f21-07d047f65c5c#0:OK-t9. Peer's state: 81aedf04-38bc-4259-8f21-07d047f65c5c@group-1F9862849013:t9, leader=null, voted=003e5be4-9867-4f5a-83bb-9c943051b5bb, raftlog=81aedf04-38bc-4259-8f21-07d047f65c5c@group-1F9862849013-SegmentedRaftLog:OPENED:c-1, conf=-1: [81aedf04-38bc-4259-8f21-07d047f65c5c|rpc:10.1.0.46:43527|priority:0, a160d0e9-2905-4393-b4ab-3632e6d9b9e1|rpc:10.1.0.46:39495|priority:0, 003e5be4-9867-4f5a-83bb-9c943051b5bb|rpc:10.1.0.46:37171|priority:1], old=null
2022-02-16 01:43:17,223 [003e5be4-9867-4f5a-83bb-9c943051b5bb@group-1F9862849013-LeaderElection44] INFO  impl.LeaderElection (LeaderElection.java:logAndReturn(89)) - 003e5be4-9867-4f5a-83bb-9c943051b5bb@group-1F9862849013-LeaderElection44: ELECTION PASSED received 1 response(s) and 0 exception(s):
2022-02-16 01:43:17,223 [003e5be4-9867-4f5a-83bb-9c943051b5bb@group-1F9862849013-LeaderElection44] INFO  impl.LeaderElection (LeaderElection.java:logAndReturn(93)) -   Response 0: 003e5be4-9867-4f5a-83bb-9c943051b5bb<-81aedf04-38bc-4259-8f21-07d047f65c5c#0:OK-t9
2022-02-16 01:43:17,223 [003e5be4-9867-4f5a-83bb-9c943051b5bb@group-1F9862849013-LeaderElection44] INFO  impl.LeaderElection (LeaderElection.java:askForVotes(308)) - 003e5be4-9867-4f5a-83bb-9c943051b5bb@group-1F9862849013-LeaderElection44 ELECTION round 0: result PASSED
2022-02-16 01:43:17,223 [003e5be4-9867-4f5a-83bb-9c943051b5bb@group-1F9862849013-LeaderElection44] INFO  impl.RoleInfo (RoleInfo.java:shutdownLeaderElection(121)) - 003e5be4-9867-4f5a-83bb-9c943051b5bb: shutdown 003e5be4-9867-4f5a-83bb-9c943051b5bb@group-1F9862849013-LeaderElection44
2022-02-16 01:43:17,223 [003e5be4-9867-4f5a-83bb-9c943051b5bb@group-1F9862849013-LeaderElection44] INFO  server.RaftServer$Division (RaftServerImpl.java:setRole(290)) - 003e5be4-9867-4f5a-83bb-9c943051b5bb@group-1F9862849013: changes role from CANDIDATE to LEADER at term 9 for changeToLeader
2022-02-16 01:43:17,223 [003e5be4-9867-4f5a-83bb-9c943051b5bb@group-1F9862849013-LeaderElection44] INFO  ratis.XceiverServerRatis (XceiverServerRatis.java:handleLeaderChangedNotification(867)) - Leader change notification received for group: group-1F9862849013 with new leaderId: 003e5be4-9867-4f5a-83bb-9c943051b5bb
2022-02-16 01:43:17,223 [003e5be4-9867-4f5a-83bb-9c943051b5bb@group-1F9862849013-LeaderElection44] INFO  server.RaftServer$Division (ServerState.java:setLeader(285)) - 003e5be4-9867-4f5a-83bb-9c943051b5bb@group-1F9862849013: change Leader from null to 003e5be4-9867-4f5a-83bb-9c943051b5bb at term 9 for becomeLeader, leader elected after 45979ms
2022-02-16 01:43:17,223 [003e5be4-9867-4f5a-83bb-9c943051b5bb@group-1F9862849013-LeaderElection44] INFO  server.RaftServerConfigKeys (ConfUtils.java:logGet(44)) - raft.server.staging.catchup.gap = 1000 (default)
2022-02-16 01:43:17,223 [003e5be4-9867-4f5a-83bb-9c943051b5bb@group-1F9862849013-LeaderElection44] INFO  server.RaftServerConfigKeys (ConfUtils.java:logGet(44)) - raft.server.write.element-limit = 1024 (custom)
2022-02-16 01:43:17,223 [003e5be4-9867-4f5a-83bb-9c943051b5bb@group-1F9862849013-LeaderElection44] INFO  server.RaftServerConfigKeys (ConfUtils.java:logGet(44)) - raft.server.write.byte-limit = 1024 M (=1073741824) (custom)
2022-02-16 01:43:17,224 [003e5be4-9867-4f5a-83bb-9c943051b5bb@group-1F9862849013-LeaderElection44] INFO  server.RaftServerConfigKeys (ConfUtils.java:logGet(44)) - raft.server.watch.timeout = 3000ms (custom)
2022-02-16 01:43:17,224 [003e5be4-9867-4f5a-83bb-9c943051b5bb@group-1F9862849013-LeaderElection44] INFO  server.RaftServerConfigKeys (ConfUtils.java:logGet(44)) - raft.server.watch.timeout.denomination = 1s (default)
2022-02-16 01:43:17,224 [003e5be4-9867-4f5a-83bb-9c943051b5bb@group-1F9862849013-LeaderElection44] INFO  server.RaftServerConfigKeys (ConfUtils.java:logGet(44)) - raft.server.watch.element-limit = 65536 (default)
2022-02-16 01:43:17,224 [003e5be4-9867-4f5a-83bb-9c943051b5bb@group-1F9862849013-LeaderElection44] INFO  server.RaftServerConfigKeys (ConfUtils.java:logGet(44)) - raft.server.write.element-limit = 1024 (custom)
2022-02-16 01:43:17,224 [003e5be4-9867-4f5a-83bb-9c943051b5bb@group-1F9862849013-LeaderElection44] INFO  server.RaftServerConfigKeys (ConfUtils.java:logGet(44)) - raft.server.write.follower.gap.ratio.max = -1.0 (default)
2022-02-16 01:43:17,224 [003e5be4-9867-4f5a-83bb-9c943051b5bb@group-1F9862849013-LeaderElection44] INFO  server.RaftServerConfigKeys (ConfUtils.java:logGet(44)) - raft.server.log.appender.snapshot.chunk.size.max = 16MB (=16777216) (default)
2022-02-16 01:43:17,224 [003e5be4-9867-4f5a-83bb-9c943051b5bb@group-1F9862849013-LeaderElection44] INFO  server.RaftServerConfigKeys (ConfUtils.java:logGet(44)) - raft.server.log.appender.buffer.byte-limit = 33554432 (custom)
2022-02-16 01:43:17,224 [003e5be4-9867-4f5a-83bb-9c943051b5bb@group-1F9862849013-LeaderElection44] INFO  server.RaftServerConfigKeys (ConfUtils.java:logGet(44)) - raft.server.log.appender.buffer.element-limit = 1 (custom)
2022-02-16 01:43:17,224 [003e5be4-9867-4f5a-83bb-9c943051b5bb@group-1F9862849013-LeaderElection44] INFO  grpc.GrpcConfigKeys (ConfUtils.java:logGet(44)) - raft.grpc.server.leader.outstanding.appends.max = 128 (default)
2022-02-16 01:43:17,224 [003e5be4-9867-4f5a-83bb-9c943051b5bb@group-1F9862849013-LeaderElection44] INFO  server.RaftServerConfigKeys (ConfUtils.java:logGet(44)) - raft.server.rpc.request.timeout = 3000ms (default)
2022-02-16 01:43:17,224 [003e5be4-9867-4f5a-83bb-9c943051b5bb@group-1F9862849013-LeaderElection44] INFO  server.RaftServerConfigKeys (ConfUtils.java:logGet(44)) - raft.server.log.appender.install.snapshot.enabled = false (custom)
2022-02-16 01:43:17,225 [EventQueue-PipelineReportForPipelineReportHandler] INFO  pipeline.PipelineManagerImpl (PipelineManagerImpl.java:openPipeline(291)) - Pipeline Pipeline[ Id: 03d3f062-6fb7-46ce-bb2a-1f9862849013, Nodes: 81aedf04-38bc-4259-8f21-07d047f65c5c{ip: 10.1.0.46, host: fv-az184-768.3ow45vhwbzuu5incsxmygykede.cx.internal.cloudapp.net, ports: [REPLICATION=38313, RATIS=43527, RATIS_ADMIN=43527, RATIS_SERVER=43527, STANDALONE=44211], networkLocation: /default-rack, certSerialId: null, persistedOpState: IN_SERVICE, persistedOpStateExpiryEpochSec: 0}a160d0e9-2905-4393-b4ab-3632e6d9b9e1{ip: 10.1.0.46, host: fv-az184-768.3ow45vhwbzuu5incsxmygykede.cx.internal.cloudapp.net, ports: [REPLICATION=42417, RATIS=39495, RATIS_ADMIN=39495, RATIS_SERVER=39495, STANDALONE=33557], networkLocation: /default-rack, certSerialId: null, persistedOpState: IN_SERVICE, persistedOpStateExpiryEpochSec: 0}003e5be4-9867-4f5a-83bb-9c943051b5bb{ip: 10.1.0.46, host: fv-az184-768.3ow45vhwbzuu5incsxmygykede.cx.internal.cloudapp.net, ports: [REPLICATION=44117, RATIS=37171, RATIS_ADMIN=37171, RATIS_SERVER=37171, STANDALONE=44633], networkLocation: /default-rack, certSerialId: null, persistedOpState: IN_SERVICE, persistedOpStateExpiryEpochSec: 0}, ReplicationConfig: RATIS/THREE, State:ALLOCATED, leaderId:003e5be4-9867-4f5a-83bb-9c943051b5bb, CreationTimestamp2022-02-16T01:42:28.457Z[Etc/UTC]] moved to OPEN state
2022-02-16 01:43:17,225 [003e5be4-9867-4f5a-83bb-9c943051b5bb@group-1F9862849013-LeaderElection44] INFO  server.RaftServerConfigKeys (ConfUtils.java:logGet(44)) - raft.server.log.appender.snapshot.chunk.size.max = 16MB (=16777216) (default)
2022-02-16 01:43:17,225 [003e5be4-9867-4f5a-83bb-9c943051b5bb@group-1F9862849013-LeaderElection44] INFO  server.RaftServerConfigKeys (ConfUtils.java:logGet(44)) - raft.server.log.appender.buffer.byte-limit = 33554432 (custom)
2022-02-16 01:43:17,225 [003e5be4-9867-4f5a-83bb-9c943051b5bb@group-1F9862849013-LeaderElection44] INFO  server.RaftServerConfigKeys (ConfUtils.java:logGet(44)) - raft.server.log.appender.buffer.element-limit = 1 (custom)
2022-02-16 01:43:17,225 [003e5be4-9867-4f5a-83bb-9c943051b5bb@group-1F9862849013-LeaderElection44] INFO  grpc.GrpcConfigKeys (ConfUtils.java:logGet(44)) - raft.grpc.server.leader.outstanding.appends.max = 128 (default)
2022-02-16 01:43:17,225 [003e5be4-9867-4f5a-83bb-9c943051b5bb@group-1F9862849013-LeaderElection44] INFO  server.RaftServerConfigKeys (ConfUtils.java:logGet(44)) - raft.server.rpc.request.timeout = 3000ms (default)
2022-02-16 01:43:17,225 [003e5be4-9867-4f5a-83bb-9c943051b5bb@group-1F9862849013-LeaderElection44] INFO  server.RaftServerConfigKeys (ConfUtils.java:logGet(44)) - raft.server.log.appender.install.snapshot.enabled = false (custom)
2022-02-16 01:43:17,227 [grpc-default-executor-4] INFO  server.RaftServer$Division (RaftServerImpl.java:requestVote(1078)) - a160d0e9-2905-4393-b4ab-3632e6d9b9e1@group-1F9862849013 replies to ELECTION vote request: 003e5be4-9867-4f5a-83bb-9c943051b5bb<-a160d0e9-2905-4393-b4ab-3632e6d9b9e1#0:OK-t9. Peer's state: a160d0e9-2905-4393-b4ab-3632e6d9b9e1@group-1F9862849013:t9, leader=null, voted=003e5be4-9867-4f5a-83bb-9c943051b5bb, raftlog=a160d0e9-2905-4393-b4ab-3632e6d9b9e1@group-1F9862849013-SegmentedRaftLog:OPENED:c-1, conf=-1: [81aedf04-38bc-4259-8f21-07d047f65c5c|rpc:10.1.0.46:43527|dataStream:|priority:0, a160d0e9-2905-4393-b4ab-3632e6d9b9e1|rpc:10.1.0.46:39495|dataStream:|priority:0, 003e5be4-9867-4f5a-83bb-9c943051b5bb|rpc:10.1.0.46:37171|dataStream:|priority:1], old=null
2022-02-16 01:43:17,229 [003e5be4-9867-4f5a-83bb-9c943051b5bb@group-1F9862849013-LeaderElection44] INFO  impl.RoleInfo (RoleInfo.java:updateAndGet(130)) - 003e5be4-9867-4f5a-83bb-9c943051b5bb: start 003e5be4-9867-4f5a-83bb-9c943051b5bb@group-1F9862849013-LeaderStateImpl
2022-02-16 01:43:17,229 [003e5be4-9867-4f5a-83bb-9c943051b5bb@group-1F9862849013-LeaderElection44] INFO  segmented.SegmentedRaftLogWorker (SegmentedRaftLogWorker.java:startLogSegment(394)) - 003e5be4-9867-4f5a-83bb-9c943051b5bb@group-1F9862849013-SegmentedRaftLogWorker: Starting segment from index:0
2022-02-16 01:43:17,230 [003e5be4-9867-4f5a-83bb-9c943051b5bb@group-1F9862849013-SegmentedRaftLogWorker] INFO  segmented.SegmentedRaftLogWorker (SegmentedRaftLogWorker.java:execute(601)) - 003e5be4-9867-4f5a-83bb-9c943051b5bb@group-1F9862849013-SegmentedRaftLogWorker: created new log segment /home/runner/work/ozone/ozone/hadoop-ozone/integration-test/target/test-dir/MiniOzoneClusterImpl-c31dc292-76fe-4ff2-ba7c-3deb75f75441/datanode-8/data/ratis/03d3f062-6fb7-46ce-bb2a-1f9862849013/current/log_inprogress_0
2022-02-16 01:43:17,244 [grpc-default-executor-3] INFO  ratis.XceiverServerRatis (XceiverServerRatis.java:handleLeaderChangedNotification(867)) - Leader change notification received for group: group-1F9862849013 with new leaderId: 003e5be4-9867-4f5a-83bb-9c943051b5bb
2022-02-16 01:43:17,245 [grpc-default-executor-3] INFO  server.RaftServer$Division (ServerState.java:setLeader(285)) - a160d0e9-2905-4393-b4ab-3632e6d9b9e1@group-1F9862849013: change Leader from null to 003e5be4-9867-4f5a-83bb-9c943051b5bb at term 9 for appendEntries, leader elected after 46072ms
2022-02-16 01:43:17,255 [grpc-default-executor-4] INFO  ratis.XceiverServerRatis (XceiverServerRatis.java:handleLeaderChangedNotification(867)) - Leader change notification received for group: group-1F9862849013 with new leaderId: 003e5be4-9867-4f5a-83bb-9c943051b5bb
2022-02-16 01:43:17,255 [grpc-default-executor-4] INFO  server.RaftServer$Division (ServerState.java:setLeader(285)) - 81aedf04-38bc-4259-8f21-07d047f65c5c@group-1F9862849013: change Leader from null to 003e5be4-9867-4f5a-83bb-9c943051b5bb at term 9 for appendEntries, leader elected after 46105ms
2022-02-16 01:43:17,269 [003e5be4-9867-4f5a-83bb-9c943051b5bb@group-1F9862849013-LeaderElection44] INFO  server.RaftServer$Division (ServerState.java:setRaftConf(387)) - 003e5be4-9867-4f5a-83bb-9c943051b5bb@group-1F9862849013: set configuration 0: [81aedf04-38bc-4259-8f21-07d047f65c5c|rpc:10.1.0.46:43527|dataStream:|priority:0, a160d0e9-2905-4393-b4ab-3632e6d9b9e1|rpc:10.1.0.46:39495|dataStream:|priority:0, 003e5be4-9867-4f5a-83bb-9c943051b5bb|rpc:10.1.0.46:37171|dataStream:|priority:1], old=null
2022-02-16 01:43:17,269 [grpc-default-executor-3] INFO  server.RaftServer$Division (ServerState.java:setRaftConf(387)) - a160d0e9-2905-4393-b4ab-3632e6d9b9e1@group-1F9862849013: set configuration 0: [81aedf04-38bc-4259-8f21-07d047f65c5c|rpc:10.1.0.46:43527|dataStream:|priority:0, a160d0e9-2905-4393-b4ab-3632e6d9b9e1|rpc:10.1.0.46:39495|dataStream:|priority:0, 003e5be4-9867-4f5a-83bb-9c943051b5bb|rpc:10.1.0.46:37171|dataStream:|priority:1], old=null
2022-02-16 01:43:17,270 [grpc-default-executor-3] INFO  segmented.SegmentedRaftLogWorker (SegmentedRaftLogWorker.java:startLogSegment(394)) - a160d0e9-2905-4393-b4ab-3632e6d9b9e1@group-1F9862849013-SegmentedRaftLogWorker: Starting segment from index:0
2022-02-16 01:43:17,272 [a160d0e9-2905-4393-b4ab-3632e6d9b9e1@group-1F9862849013-SegmentedRaftLogWorker] INFO  segmented.SegmentedRaftLogWorker (SegmentedRaftLogWorker.java:execute(601)) - a160d0e9-2905-4393-b4ab-3632e6d9b9e1@group-1F9862849013-SegmentedRaftLogWorker: created new log segment /home/runner/work/ozone/ozone/hadoop-ozone/integration-test/target/test-dir/MiniOzoneClusterImpl-c31dc292-76fe-4ff2-ba7c-3deb75f75441/datanode-7/data/ratis/03d3f062-6fb7-46ce-bb2a-1f9862849013/current/log_inprogress_0
2022-02-16 01:43:17,279 [grpc-default-executor-4] INFO  server.RaftServer$Division (ServerState.java:setRaftConf(387)) - 81aedf04-38bc-4259-8f21-07d047f65c5c@group-1F9862849013: set configuration 0: [81aedf04-38bc-4259-8f21-07d047f65c5c|rpc:10.1.0.46:43527|dataStream:|priority:0, a160d0e9-2905-4393-b4ab-3632e6d9b9e1|rpc:10.1.0.46:39495|dataStream:|priority:0, 003e5be4-9867-4f5a-83bb-9c943051b5bb|rpc:10.1.0.46:37171|dataStream:|priority:1], old=null
2022-02-16 01:43:17,279 [grpc-default-executor-4] INFO  segmented.SegmentedRaftLogWorker (SegmentedRaftLogWorker.java:startLogSegment(394)) - 81aedf04-38bc-4259-8f21-07d047f65c5c@group-1F9862849013-SegmentedRaftLogWorker: Starting segment from index:0
2022-02-16 01:43:17,282 [81aedf04-38bc-4259-8f21-07d047f65c5c@group-1F9862849013-SegmentedRaftLogWorker] INFO  segmented.SegmentedRaftLogWorker (SegmentedRaftLogWorker.java:execute(601)) - 81aedf04-38bc-4259-8f21-07d047f65c5c@group-1F9862849013-SegmentedRaftLogWorker: created new log segment /home/runner/work/ozone/ozone/hadoop-ozone/integration-test/target/test-dir/MiniOzoneClusterImpl-c31dc292-76fe-4ff2-ba7c-3deb75f75441/datanode-6/data/ratis/03d3f062-6fb7-46ce-bb2a-1f9862849013/current/log_inprogress_0
2022-02-16 01:43:19,122 [ForkJoinPool.commonPool-worker-0] INFO  ozoneimpl.OzoneContainer (OzoneContainer.java:stop(336)) - Attempting to stop container services.
2022-02-16 01:43:19,123 [Listener at 127.0.0.1/33913] INFO  ozoneimpl.OzoneContainer (OzoneContainer.java:stop(336)) - Attempting to stop container services.
2022-02-16 01:43:19,124 [ForkJoinPool.commonPool-worker-0] INFO  server.RaftServer (RaftServerProxy.java:lambda$close$6(391)) - edcd5571-e430-46af-ba60-7657fe1b1d4c: close
2022-02-16 01:43:19,124 [ForkJoinPool.commonPool-worker-0] INFO  server.RaftServer$Division (RaftServerImpl.java:lambda$close$4(412)) - edcd5571-e430-46af-ba60-7657fe1b1d4c@group-504D69B4F741: shutdown
2022-02-16 01:43:19,124 [ForkJoinPool.commonPool-worker-0] INFO  util.JmxRegister (JmxRegister.java:unregister(73)) - Successfully un-registered JMX Bean with object name Ratis:service=RaftServer,group=group-504D69B4F741,id=edcd5571-e430-46af-ba60-7657fe1b1d4c
2022-02-16 01:43:19,124 [ForkJoinPool.commonPool-worker-0] INFO  impl.RoleInfo (RoleInfo.java:shutdownFollowerState(108)) - edcd5571-e430-46af-ba60-7657fe1b1d4c: shutdown edcd5571-e430-46af-ba60-7657fe1b1d4c@group-504D69B4F741-FollowerState
2022-02-16 01:43:19,124 [ForkJoinPool.commonPool-worker-0] INFO  impl.StateMachineUpdater (StateMachineUpdater.java:stopAndJoin(149)) - edcd5571-e430-46af-ba60-7657fe1b1d4c@group-504D69B4F741-StateMachineUpdater: set stopIndex = 0
2022-02-16 01:43:19,124 [edcd5571-e430-46af-ba60-7657fe1b1d4c@group-504D69B4F741-FollowerState] INFO  impl.FollowerState (FollowerState.java:run(143)) - edcd5571-e430-46af-ba60-7657fe1b1d4c@group-504D69B4F741-FollowerState was interrupted: {}
java.lang.InterruptedException: sleep interrupted
	at java.lang.Thread.sleep(Native Method)
	at java.lang.Thread.sleep(Thread.java:340)
	at java.util.concurrent.TimeUnit.sleep(TimeUnit.java:386)
	at org.apache.ratis.util.TimeDuration.sleep(TimeDuration.java:324)
	at org.apache.ratis.util.TimeDuration.sleep(TimeDuration.java:309)
	at org.apache.ratis.server.impl.FollowerState.run(FollowerState.java:118)
2022-02-16 01:43:19,125 [edcd5571-e430-46af-ba60-7657fe1b1d4c@group-504D69B4F741-StateMachineUpdater] INFO  ratis.ContainerStateMachine (ContainerStateMachine.java:takeSnapshot(299)) - group-504D69B4F741: Taking a snapshot at:(t:9, i:0) file /home/runner/work/ozone/ozone/hadoop-ozone/integration-test/target/test-dir/MiniOzoneClusterImpl-c31dc292-76fe-4ff2-ba7c-3deb75f75441/datanode-3/data/ratis/eff75b69-5cf3-4d72-bf43-504d69b4f741/sm/snapshot.9_0
2022-02-16 01:43:19,126 [Listener at 127.0.0.1/33913] INFO  server.RaftServer (RaftServerProxy.java:lambda$close$6(391)) - a565342f-4fee-4f25-a030-3e45d0cf0ab9: close
2022-02-16 01:43:19,126 [Listener at 127.0.0.1/33913] INFO  server.RaftServer$Division (RaftServerImpl.java:lambda$close$4(412)) - a565342f-4fee-4f25-a030-3e45d0cf0ab9@group-504D69B4F741: shutdown
2022-02-16 01:43:19,126 [Listener at 127.0.0.1/33913] INFO  util.JmxRegister (JmxRegister.java:unregister(73)) - Successfully un-registered JMX Bean with object name Ratis:service=RaftServer,group=group-504D69B4F741,id=a565342f-4fee-4f25-a030-3e45d0cf0ab9
2022-02-16 01:43:19,126 [Listener at 127.0.0.1/33913] INFO  impl.RoleInfo (RoleInfo.java:shutdownLeaderState(91)) - a565342f-4fee-4f25-a030-3e45d0cf0ab9: shutdown a565342f-4fee-4f25-a030-3e45d0cf0ab9@group-504D69B4F741-LeaderStateImpl
2022-02-16 01:43:19,126 [edcd5571-e430-46af-ba60-7657fe1b1d4c@group-504D69B4F741-StateMachineUpdater] INFO  ratis.ContainerStateMachine (ContainerStateMachine.java:takeSnapshot(310)) - group-504D69B4F741: Finished taking a snapshot at:(t:9, i:0) file:/home/runner/work/ozone/ozone/hadoop-ozone/integration-test/target/test-dir/MiniOzoneClusterImpl-c31dc292-76fe-4ff2-ba7c-3deb75f75441/datanode-3/data/ratis/eff75b69-5cf3-4d72-bf43-504d69b4f741/sm/snapshot.9_0 took: 2 ms
2022-02-16 01:43:19,126 [Listener at 127.0.0.1/33913] INFO  impl.PendingRequests (PendingRequests.java:sendNotLeaderResponses(282)) - a565342f-4fee-4f25-a030-3e45d0cf0ab9@group-504D69B4F741-PendingRequests: sendNotLeaderResponses
2022-02-16 01:43:19,126 [a565342f-4fee-4f25-a030-3e45d0cf0ab9@group-504D69B4F741->edcd5571-e430-46af-ba60-7657fe1b1d4c-GrpcLogAppender-LogAppenderDaemon] WARN  server.GrpcLogAppender (GrpcLogAppender.java:mayWait(177)) - a565342f-4fee-4f25-a030-3e45d0cf0ab9@group-504D69B4F741->edcd5571-e430-46af-ba60-7657fe1b1d4c-GrpcLogAppender: Wait interrupted by java.lang.InterruptedException
2022-02-16 01:43:19,127 [Listener at 127.0.0.1/33913] INFO  impl.StateMachineUpdater (StateMachineUpdater.java:stopAndJoin(149)) - a565342f-4fee-4f25-a030-3e45d0cf0ab9@group-504D69B4F741-StateMachineUpdater: set stopIndex = 0
2022-02-16 01:43:19,128 [a565342f-4fee-4f25-a030-3e45d0cf0ab9@group-504D69B4F741-StateMachineUpdater] INFO  ratis.ContainerStateMachine (ContainerStateMachine.java:takeSnapshot(299)) - group-504D69B4F741: Taking a snapshot at:(t:9, i:0) file /home/runner/work/ozone/ozone/hadoop-ozone/integration-test/target/test-dir/MiniOzoneClusterImpl-c31dc292-76fe-4ff2-ba7c-3deb75f75441/datanode-4/data/ratis/eff75b69-5cf3-4d72-bf43-504d69b4f741/sm/snapshot.9_0
2022-02-16 01:43:19,128 [grpc-default-executor-4] INFO  server.GrpcServerProtocolService (GrpcServerProtocolService.java:onCompleted(140)) - edcd5571-e430-46af-ba60-7657fe1b1d4c: Completed APPEND_ENTRIES, lastRequest: a565342f-4fee-4f25-a030-3e45d0cf0ab9->edcd5571-e430-46af-ba60-7657fe1b1d4c#1-t9,previous=(t:0, i:0),leaderCommit=0,initializing? true,entries: size=1, first=(t:9, i:0), CONFIGURATIONENTRY
2022-02-16 01:43:19,126 [a565342f-4fee-4f25-a030-3e45d0cf0ab9@group-504D69B4F741->0abaf1aa-1b73-4e28-a6e5-0a41a9a3ec34-GrpcLogAppender-LogAppenderDaemon] WARN  server.GrpcLogAppender (GrpcLogAppender.java:mayWait(177)) - a565342f-4fee-4f25-a030-3e45d0cf0ab9@group-504D69B4F741->0abaf1aa-1b73-4e28-a6e5-0a41a9a3ec34-GrpcLogAppender: Wait interrupted by java.lang.InterruptedException
2022-02-16 01:43:19,126 [edcd5571-e430-46af-ba60-7657fe1b1d4c@group-504D69B4F741-StateMachineUpdater] INFO  impl.StateMachineUpdater (StateMachineUpdater.java:takeSnapshot(281)) - edcd5571-e430-46af-ba60-7657fe1b1d4c@group-504D69B4F741-StateMachineUpdater: Took a snapshot at index 0
2022-02-16 01:43:19,129 [edcd5571-e430-46af-ba60-7657fe1b1d4c@group-504D69B4F741-StateMachineUpdater] INFO  impl.StateMachineUpdater (StateMachineUpdater.java:lambda$new$0(89)) - edcd5571-e430-46af-ba60-7657fe1b1d4c@group-504D69B4F741-StateMachineUpdater: snapshotIndex: updateIncreasingly -1 -> 0
2022-02-16 01:43:19,129 [ForkJoinPool.commonPool-worker-0] INFO  server.RaftServer$Division (ServerState.java:close(419)) - edcd5571-e430-46af-ba60-7657fe1b1d4c@group-504D69B4F741: closes. applyIndex: 0
2022-02-16 01:43:19,129 [a565342f-4fee-4f25-a030-3e45d0cf0ab9@group-504D69B4F741-StateMachineUpdater] INFO  ratis.ContainerStateMachine (ContainerStateMachine.java:takeSnapshot(310)) - group-504D69B4F741: Finished taking a snapshot at:(t:9, i:0) file:/home/runner/work/ozone/ozone/hadoop-ozone/integration-test/target/test-dir/MiniOzoneClusterImpl-c31dc292-76fe-4ff2-ba7c-3deb75f75441/datanode-4/data/ratis/eff75b69-5cf3-4d72-bf43-504d69b4f741/sm/snapshot.9_0 took: 2 ms
2022-02-16 01:43:19,129 [edcd5571-e430-46af-ba60-7657fe1b1d4c@group-504D69B4F741-SegmentedRaftLogWorker] INFO  segmented.SegmentedRaftLogWorker (SegmentedRaftLogWorker.java:run(327)) - edcd5571-e430-46af-ba60-7657fe1b1d4c@group-504D69B4F741-SegmentedRaftLogWorker was interrupted, exiting. There are 0 tasks remaining in the queue.
2022-02-16 01:43:19,129 [a565342f-4fee-4f25-a030-3e45d0cf0ab9@group-504D69B4F741-StateMachineUpdater] INFO  impl.StateMachineUpdater (StateMachineUpdater.java:takeSnapshot(281)) - a565342f-4fee-4f25-a030-3e45d0cf0ab9@group-504D69B4F741-StateMachineUpdater: Took a snapshot at index 0
2022-02-16 01:43:19,129 [a565342f-4fee-4f25-a030-3e45d0cf0ab9@group-504D69B4F741-StateMachineUpdater] INFO  impl.StateMachineUpdater (StateMachineUpdater.java:lambda$new$0(89)) - a565342f-4fee-4f25-a030-3e45d0cf0ab9@group-504D69B4F741-StateMachineUpdater: snapshotIndex: updateIncreasingly -1 -> 0
2022-02-16 01:43:19,131 [grpc-default-executor-4] INFO  server.GrpcServerProtocolService (GrpcServerProtocolService.java:onCompleted(140)) - 0abaf1aa-1b73-4e28-a6e5-0a41a9a3ec34: Completed APPEND_ENTRIES, lastRequest: a565342f-4fee-4f25-a030-3e45d0cf0ab9->0abaf1aa-1b73-4e28-a6e5-0a41a9a3ec34#1-t9,previous=(t:0, i:0),leaderCommit=-1,initializing? true,entries: size=1, first=(t:9, i:0), CONFIGURATIONENTRY
2022-02-16 01:43:19,129 [grpc-default-executor-1] INFO  server.GrpcLogAppender (GrpcLogAppender.java:onCompleted(346)) - a565342f-4fee-4f25-a030-3e45d0cf0ab9@group-504D69B4F741->edcd5571-e430-46af-ba60-7657fe1b1d4c-AppendLogResponseHandler: follower responses appendEntries COMPLETED
2022-02-16 01:43:19,131 [grpc-default-executor-1] INFO  leader.FollowerInfo (FollowerInfoImpl.java:lambda$new$0(47)) - a565342f-4fee-4f25-a030-3e45d0cf0ab9@group-504D69B4F741->edcd5571-e430-46af-ba60-7657fe1b1d4c: nextIndex: updateUnconditionally 1 -> 0
2022-02-16 01:43:19,130 [ForkJoinPool.commonPool-worker-0] INFO  segmented.SegmentedRaftLogWorker (SegmentedRaftLogWorker.java:close(237)) - edcd5571-e430-46af-ba60-7657fe1b1d4c@group-504D69B4F741-SegmentedRaftLogWorker close()
2022-02-16 01:43:19,131 [Listener at 127.0.0.1/33913] INFO  server.RaftServer$Division (ServerState.java:close(419)) - a565342f-4fee-4f25-a030-3e45d0cf0ab9@group-504D69B4F741: closes. applyIndex: 0
2022-02-16 01:43:19,131 [a565342f-4fee-4f25-a030-3e45d0cf0ab9@group-504D69B4F741-SegmentedRaftLogWorker] INFO  segmented.SegmentedRaftLogWorker (SegmentedRaftLogWorker.java:run(327)) - a565342f-4fee-4f25-a030-3e45d0cf0ab9@group-504D69B4F741-SegmentedRaftLogWorker was interrupted, exiting. There are 0 tasks remaining in the queue.
2022-02-16 01:43:19,132 [grpc-default-executor-4] INFO  server.GrpcLogAppender (GrpcLogAppender.java:onCompleted(346)) - a565342f-4fee-4f25-a030-3e45d0cf0ab9@group-504D69B4F741->0abaf1aa-1b73-4e28-a6e5-0a41a9a3ec34-AppendLogResponseHandler: follower responses appendEntries COMPLETED
2022-02-16 01:43:19,132 [grpc-default-executor-4] INFO  leader.FollowerInfo (FollowerInfoImpl.java:lambda$new$0(47)) - a565342f-4fee-4f25-a030-3e45d0cf0ab9@group-504D69B4F741->0abaf1aa-1b73-4e28-a6e5-0a41a9a3ec34: nextIndex: updateUnconditionally 1 -> 0
2022-02-16 01:43:19,133 [ForkJoinPool.commonPool-worker-0] INFO  server.RaftServer$Division (RaftServerImpl.java:lambda$close$4(412)) - edcd5571-e430-46af-ba60-7657fe1b1d4c@group-9F5C4BBD6FEE: shutdown
2022-02-16 01:43:19,133 [ForkJoinPool.commonPool-worker-0] INFO  util.JmxRegister (JmxRegister.java:unregister(73)) - Successfully un-registered JMX Bean with object name Ratis:service=RaftServer,group=group-9F5C4BBD6FEE,id=edcd5571-e430-46af-ba60-7657fe1b1d4c
2022-02-16 01:43:19,133 [ForkJoinPool.commonPool-worker-0] INFO  impl.RoleInfo (RoleInfo.java:shutdownLeaderState(91)) - edcd5571-e430-46af-ba60-7657fe1b1d4c: shutdown edcd5571-e430-46af-ba60-7657fe1b1d4c@group-9F5C4BBD6FEE-LeaderStateImpl
2022-02-16 01:43:19,134 [ForkJoinPool.commonPool-worker-0] INFO  impl.PendingRequests (PendingRequests.java:sendNotLeaderResponses(282)) - edcd5571-e430-46af-ba60-7657fe1b1d4c@group-9F5C4BBD6FEE-PendingRequests: sendNotLeaderResponses
2022-02-16 01:43:19,135 [Listener at 127.0.0.1/33913] INFO  segmented.SegmentedRaftLogWorker (SegmentedRaftLogWorker.java:close(237)) - a565342f-4fee-4f25-a030-3e45d0cf0ab9@group-504D69B4F741-SegmentedRaftLogWorker close()
2022-02-16 01:43:19,137 [ForkJoinPool.commonPool-worker-0] INFO  impl.StateMachineUpdater (StateMachineUpdater.java:stopAndJoin(149)) - edcd5571-e430-46af-ba60-7657fe1b1d4c@group-9F5C4BBD6FEE-StateMachineUpdater: set stopIndex = 0
2022-02-16 01:43:19,137 [edcd5571-e430-46af-ba60-7657fe1b1d4c@group-9F5C4BBD6FEE-StateMachineUpdater] INFO  ratis.ContainerStateMachine (ContainerStateMachine.java:takeSnapshot(299)) - group-9F5C4BBD6FEE: Taking a snapshot at:(t:1, i:0) file /home/runner/work/ozone/ozone/hadoop-ozone/integration-test/target/test-dir/MiniOzoneClusterImpl-c31dc292-76fe-4ff2-ba7c-3deb75f75441/datanode-3/data/ratis/1880ea62-2451-47a3-a663-9f5c4bbd6fee/sm/snapshot.1_0
2022-02-16 01:43:19,138 [edcd5571-e430-46af-ba60-7657fe1b1d4c@group-9F5C4BBD6FEE-StateMachineUpdater] INFO  ratis.ContainerStateMachine (ContainerStateMachine.java:takeSnapshot(310)) - group-9F5C4BBD6FEE: Finished taking a snapshot at:(t:1, i:0) file:/home/runner/work/ozone/ozone/hadoop-ozone/integration-test/target/test-dir/MiniOzoneClusterImpl-c31dc292-76fe-4ff2-ba7c-3deb75f75441/datanode-3/data/ratis/1880ea62-2451-47a3-a663-9f5c4bbd6fee/sm/snapshot.1_0 took: 1 ms
2022-02-16 01:43:19,138 [edcd5571-e430-46af-ba60-7657fe1b1d4c@group-9F5C4BBD6FEE-StateMachineUpdater] INFO  impl.StateMachineUpdater (StateMachineUpdater.java:takeSnapshot(281)) - edcd5571-e430-46af-ba60-7657fe1b1d4c@group-9F5C4BBD6FEE-StateMachineUpdater: Took a snapshot at index 0
2022-02-16 01:43:19,138 [edcd5571-e430-46af-ba60-7657fe1b1d4c@group-9F5C4BBD6FEE-StateMachineUpdater] INFO  impl.StateMachineUpdater (StateMachineUpdater.java:lambda$new$0(89)) - edcd5571-e430-46af-ba60-7657fe1b1d4c@group-9F5C4BBD6FEE-StateMachineUpdater: snapshotIndex: updateIncreasingly -1 -> 0
2022-02-16 01:43:19,139 [ForkJoinPool.commonPool-worker-0] INFO  server.RaftServer$Division (ServerState.java:close(419)) - edcd5571-e430-46af-ba60-7657fe1b1d4c@group-9F5C4BBD6FEE: closes. applyIndex: 0
2022-02-16 01:43:19,139 [edcd5571-e430-46af-ba60-7657fe1b1d4c@group-9F5C4BBD6FEE-SegmentedRaftLogWorker] INFO  segmented.SegmentedRaftLogWorker (SegmentedRaftLogWorker.java:run(327)) - edcd5571-e430-46af-ba60-7657fe1b1d4c@group-9F5C4BBD6FEE-SegmentedRaftLogWorker was interrupted, exiting. There are 0 tasks remaining in the queue.
2022-02-16 01:43:19,139 [Listener at 127.0.0.1/33913] INFO  server.RaftServer$Division (RaftServerImpl.java:lambda$close$4(412)) - a565342f-4fee-4f25-a030-3e45d0cf0ab9@group-41334FB35384: shutdown
2022-02-16 01:43:19,139 [Listener at 127.0.0.1/33913] INFO  util.JmxRegister (JmxRegister.java:unregister(73)) - Successfully un-registered JMX Bean with object name Ratis:service=RaftServer,group=group-41334FB35384,id=a565342f-4fee-4f25-a030-3e45d0cf0ab9
2022-02-16 01:43:19,139 [Listener at 127.0.0.1/33913] INFO  impl.RoleInfo (RoleInfo.java:shutdownLeaderState(91)) - a565342f-4fee-4f25-a030-3e45d0cf0ab9: shutdown a565342f-4fee-4f25-a030-3e45d0cf0ab9@group-41334FB35384-LeaderStateImpl
2022-02-16 01:43:19,139 [Listener at 127.0.0.1/33913] INFO  impl.PendingRequests (PendingRequests.java:sendNotLeaderResponses(282)) - a565342f-4fee-4f25-a030-3e45d0cf0ab9@group-41334FB35384-PendingRequests: sendNotLeaderResponses
2022-02-16 01:43:19,140 [Listener at 127.0.0.1/33913] INFO  impl.StateMachineUpdater (StateMachineUpdater.java:stopAndJoin(149)) - a565342f-4fee-4f25-a030-3e45d0cf0ab9@group-41334FB35384-StateMachineUpdater: set stopIndex = 0
2022-02-16 01:43:19,140 [a565342f-4fee-4f25-a030-3e45d0cf0ab9@group-41334FB35384-StateMachineUpdater] INFO  ratis.ContainerStateMachine (ContainerStateMachine.java:takeSnapshot(299)) - group-41334FB35384: Taking a snapshot at:(t:1, i:0) file /home/runner/work/ozone/ozone/hadoop-ozone/integration-test/target/test-dir/MiniOzoneClusterImpl-c31dc292-76fe-4ff2-ba7c-3deb75f75441/datanode-4/data/ratis/a90fc9b7-1cc6-443f-8fc3-41334fb35384/sm/snapshot.1_0
2022-02-16 01:43:19,143 [ForkJoinPool.commonPool-worker-0] INFO  segmented.SegmentedRaftLogWorker (SegmentedRaftLogWorker.java:close(237)) - edcd5571-e430-46af-ba60-7657fe1b1d4c@group-9F5C4BBD6FEE-SegmentedRaftLogWorker close()
2022-02-16 01:43:19,144 [a565342f-4fee-4f25-a030-3e45d0cf0ab9@group-41334FB35384-StateMachineUpdater] INFO  ratis.ContainerStateMachine (ContainerStateMachine.java:takeSnapshot(310)) - group-41334FB35384: Finished taking a snapshot at:(t:1, i:0) file:/home/runner/work/ozone/ozone/hadoop-ozone/integration-test/target/test-dir/MiniOzoneClusterImpl-c31dc292-76fe-4ff2-ba7c-3deb75f75441/datanode-4/data/ratis/a90fc9b7-1cc6-443f-8fc3-41334fb35384/sm/snapshot.1_0 took: 3 ms
2022-02-16 01:43:19,144 [ForkJoinPool.commonPool-worker-0] INFO  server.GrpcService (GrpcService.java:closeImpl(262)) - edcd5571-e430-46af-ba60-7657fe1b1d4c: shutdown server with port 34285 now
2022-02-16 01:43:19,144 [a565342f-4fee-4f25-a030-3e45d0cf0ab9@group-41334FB35384-StateMachineUpdater] INFO  impl.StateMachineUpdater (StateMachineUpdater.java:takeSnapshot(281)) - a565342f-4fee-4f25-a030-3e45d0cf0ab9@group-41334FB35384-StateMachineUpdater: Took a snapshot at index 0
2022-02-16 01:43:19,144 [a565342f-4fee-4f25-a030-3e45d0cf0ab9@group-41334FB35384-StateMachineUpdater] INFO  impl.StateMachineUpdater (StateMachineUpdater.java:lambda$new$0(89)) - a565342f-4fee-4f25-a030-3e45d0cf0ab9@group-41334FB35384-StateMachineUpdater: snapshotIndex: updateIncreasingly -1 -> 0
2022-02-16 01:43:19,149 [Listener at 127.0.0.1/33913] INFO  server.RaftServer$Division (ServerState.java:close(419)) - a565342f-4fee-4f25-a030-3e45d0cf0ab9@group-41334FB35384: closes. applyIndex: 0
2022-02-16 01:43:19,150 [a565342f-4fee-4f25-a030-3e45d0cf0ab9@group-41334FB35384-SegmentedRaftLogWorker] INFO  segmented.SegmentedRaftLogWorker (SegmentedRaftLogWorker.java:run(327)) - a565342f-4fee-4f25-a030-3e45d0cf0ab9@group-41334FB35384-SegmentedRaftLogWorker was interrupted, exiting. There are 0 tasks remaining in the queue.
2022-02-16 01:43:19,151 [Listener at 127.0.0.1/33913] INFO  segmented.SegmentedRaftLogWorker (SegmentedRaftLogWorker.java:close(237)) - a565342f-4fee-4f25-a030-3e45d0cf0ab9@group-41334FB35384-SegmentedRaftLogWorker close()
2022-02-16 01:43:19,151 [ForkJoinPool.commonPool-worker-0] INFO  server.GrpcService (GrpcService.java:closeImpl(271)) - edcd5571-e430-46af-ba60-7657fe1b1d4c: shutdown server with port 34285 successfully
2022-02-16 01:43:19,154 [org.apache.ratis.util.JvmPauseMonitor$$Lambda$431/1906549136@540d9c1a] INFO  util.JvmPauseMonitor (JvmPauseMonitor.java:run(109)) - JvmPauseMonitor-edcd5571-e430-46af-ba60-7657fe1b1d4c: Stopped
2022-02-16 01:43:19,155 [Listener at 127.0.0.1/33913] INFO  server.GrpcService (GrpcService.java:closeImpl(262)) - a565342f-4fee-4f25-a030-3e45d0cf0ab9: shutdown server with port 45097 now
2022-02-16 01:43:19,162 [Listener at 127.0.0.1/33913] INFO  server.GrpcService (GrpcService.java:closeImpl(271)) - a565342f-4fee-4f25-a030-3e45d0cf0ab9: shutdown server with port 45097 successfully
2022-02-16 01:43:19,166 [org.apache.ratis.util.JvmPauseMonitor$$Lambda$431/1906549136@c604008] INFO  util.JvmPauseMonitor (JvmPauseMonitor.java:run(109)) - JvmPauseMonitor-a565342f-4fee-4f25-a030-3e45d0cf0ab9: Stopped
2022-02-16 01:43:21,180 [ForkJoinPool.commonPool-worker-0] INFO  utils.BackgroundService (BackgroundService.java:shutdown(132)) - Shutting down service BlockDeletingService
2022-02-16 01:43:21,187 [Listener at 127.0.0.1/33913] INFO  utils.BackgroundService (BackgroundService.java:shutdown(132)) - Shutting down service BlockDeletingService
2022-02-16 01:43:21,244 [2f6f166e-3639-444f-87d9-77f80c10b379@group-ECB279BAF00E-FollowerState] INFO  impl.FollowerState (FollowerState.java:run(134)) - 2f6f166e-3639-444f-87d9-77f80c10b379@group-ECB279BAF00E-FollowerState: change to CANDIDATE, lastRpcElapsedTime:5160860695ns, electionTimeout:5154ms
2022-02-16 01:43:21,244 [2f6f166e-3639-444f-87d9-77f80c10b379@group-ECB279BAF00E-FollowerState] INFO  impl.RoleInfo (RoleInfo.java:shutdownFollowerState(108)) - 2f6f166e-3639-444f-87d9-77f80c10b379: shutdown 2f6f166e-3639-444f-87d9-77f80c10b379@group-ECB279BAF00E-FollowerState
2022-02-16 01:43:21,245 [2f6f166e-3639-444f-87d9-77f80c10b379@group-ECB279BAF00E-FollowerState] INFO  server.RaftServer$Division (RaftServerImpl.java:setRole(290)) - 2f6f166e-3639-444f-87d9-77f80c10b379@group-ECB279BAF00E: changes role from  FOLLOWER to CANDIDATE at term 4 for changeToCandidate
2022-02-16 01:43:21,245 [2f6f166e-3639-444f-87d9-77f80c10b379@group-ECB279BAF00E-FollowerState] INFO  server.RaftServerConfigKeys (ConfUtils.java:logGet(44)) - raft.server.leaderelection.pre-vote = false (custom)
2022-02-16 01:43:21,245 [2f6f166e-3639-444f-87d9-77f80c10b379@group-ECB279BAF00E-FollowerState] INFO  impl.RoleInfo (RoleInfo.java:updateAndGet(130)) - 2f6f166e-3639-444f-87d9-77f80c10b379: start 2f6f166e-3639-444f-87d9-77f80c10b379@group-ECB279BAF00E-LeaderElection45
2022-02-16 01:43:21,248 [2f6f166e-3639-444f-87d9-77f80c10b379@group-ECB279BAF00E-LeaderElection45] INFO  impl.LeaderElection (LeaderElection.java:askForVotes(306)) - 2f6f166e-3639-444f-87d9-77f80c10b379@group-ECB279BAF00E-LeaderElection45 ELECTION round 0: submit vote requests at term 5 for 17: [b5efad6c-21e2-4d99-b376-b80a2810f054|rpc:10.1.0.46:39795|dataStream:|priority:1, 2f6f166e-3639-444f-87d9-77f80c10b379|rpc:10.1.0.46:41167|dataStream:|priority:0, 7f4e46f4-a6a5-4e91-9d7c-c7c9d4b9ec17|rpc:10.1.0.46:38997|dataStream:|priority:0], old=null
2022-02-16 01:43:21,249 [2f6f166e-3639-444f-87d9-77f80c10b379@group-ECB279BAF00E-LeaderElection45] INFO  impl.LeaderElection (LogUtils.java:infoOrTrace(137)) - 2f6f166e-3639-444f-87d9-77f80c10b379@group-ECB279BAF00E-LeaderElection45 got exception when requesting votes: java.util.concurrent.ExecutionException: org.apache.ratis.thirdparty.io.grpc.StatusRuntimeException: UNAVAILABLE: io exception
2022-02-16 01:43:21,251 [2f6f166e-3639-444f-87d9-77f80c10b379@group-ECB279BAF00E-LeaderElection45] INFO  impl.LeaderElection (LogUtils.java:infoOrTrace(137)) - 2f6f166e-3639-444f-87d9-77f80c10b379@group-ECB279BAF00E-LeaderElection45 got exception when requesting votes: java.util.concurrent.ExecutionException: org.apache.ratis.thirdparty.io.grpc.StatusRuntimeException: UNAVAILABLE: io exception
2022-02-16 01:43:21,251 [2f6f166e-3639-444f-87d9-77f80c10b379@group-ECB279BAF00E-LeaderElection45] INFO  impl.LeaderElection (LeaderElection.java:logAndReturn(89)) - 2f6f166e-3639-444f-87d9-77f80c10b379@group-ECB279BAF00E-LeaderElection45: ELECTION REJECTED received 0 response(s) and 2 exception(s):
2022-02-16 01:43:21,251 [2f6f166e-3639-444f-87d9-77f80c10b379@group-ECB279BAF00E-LeaderElection45] INFO  impl.LeaderElection (LogUtils.java:infoOrTrace(137)) -   Exception 0: java.util.concurrent.ExecutionException: org.apache.ratis.thirdparty.io.grpc.StatusRuntimeException: UNAVAILABLE: io exception
2022-02-16 01:43:21,251 [2f6f166e-3639-444f-87d9-77f80c10b379@group-ECB279BAF00E-LeaderElection45] INFO  impl.LeaderElection (LogUtils.java:infoOrTrace(137)) -   Exception 1: java.util.concurrent.ExecutionException: org.apache.ratis.thirdparty.io.grpc.StatusRuntimeException: UNAVAILABLE: io exception
2022-02-16 01:43:21,251 [2f6f166e-3639-444f-87d9-77f80c10b379@group-ECB279BAF00E-LeaderElection45] INFO  impl.LeaderElection (LeaderElection.java:askForVotes(308)) - 2f6f166e-3639-444f-87d9-77f80c10b379@group-ECB279BAF00E-LeaderElection45 ELECTION round 0: result REJECTED
2022-02-16 01:43:21,251 [2f6f166e-3639-444f-87d9-77f80c10b379@group-ECB279BAF00E-LeaderElection45] INFO  server.RaftServer$Division (RaftServerImpl.java:setRole(290)) - 2f6f166e-3639-444f-87d9-77f80c10b379@group-ECB279BAF00E: changes role from CANDIDATE to FOLLOWER at term 5 for REJECTED
2022-02-16 01:43:21,251 [2f6f166e-3639-444f-87d9-77f80c10b379@group-ECB279BAF00E-LeaderElection45] INFO  impl.RoleInfo (RoleInfo.java:shutdownLeaderElection(121)) - 2f6f166e-3639-444f-87d9-77f80c10b379: shutdown 2f6f166e-3639-444f-87d9-77f80c10b379@group-ECB279BAF00E-LeaderElection45
2022-02-16 01:43:21,251 [2f6f166e-3639-444f-87d9-77f80c10b379@group-ECB279BAF00E-LeaderElection45] INFO  impl.RoleInfo (RoleInfo.java:updateAndGet(130)) - 2f6f166e-3639-444f-87d9-77f80c10b379: start 2f6f166e-3639-444f-87d9-77f80c10b379@group-ECB279BAF00E-FollowerState
2022-02-16 01:43:21,388 [EventQueue-StaleNodeForStaleNodeHandler] INFO  node.StaleNodeHandler (StaleNodeHandler.java:onMessage(58)) - Datanode 7f4e46f4-a6a5-4e91-9d7c-c7c9d4b9ec17{ip: 10.1.0.46, host: fv-az184-768.3ow45vhwbzuu5incsxmygykede.cx.internal.cloudapp.net, ports: [REPLICATION=42017, RATIS=38997, RATIS_ADMIN=38997, RATIS_SERVER=38997, STANDALONE=39207], networkLocation: /default-rack, certSerialId: null, persistedOpState: IN_SERVICE, persistedOpStateExpiryEpochSec: 0} moved to stale state. Finalizing its pipelines [PipelineID=147a6404-9c3a-4561-a8aa-7fecfe5e75a9, PipelineID=9892d6ea-815e-4be0-abff-ecb279baf00e]
2022-02-16 01:43:21,390 [EventQueue-StaleNodeForStaleNodeHandler] INFO  pipeline.PipelineManagerImpl (PipelineManagerImpl.java:closePipeline(365)) - Pipeline Pipeline[ Id: 147a6404-9c3a-4561-a8aa-7fecfe5e75a9, Nodes: 7f4e46f4-a6a5-4e91-9d7c-c7c9d4b9ec17{ip: 10.1.0.46, host: fv-az184-768.3ow45vhwbzuu5incsxmygykede.cx.internal.cloudapp.net, ports: [REPLICATION=42017, RATIS=38997, RATIS_ADMIN=38997, RATIS_SERVER=38997, STANDALONE=39207], networkLocation: /default-rack, certSerialId: null, persistedOpState: IN_SERVICE, persistedOpStateExpiryEpochSec: 0}, ReplicationConfig: RATIS/ONE, State:OPEN, leaderId:7f4e46f4-a6a5-4e91-9d7c-c7c9d4b9ec17, CreationTimestamp2022-02-16T01:42:27.112Z[Etc/UTC]] moved to CLOSED state
2022-02-16 01:43:24,184 [ForkJoinPool.commonPool-worker-0] INFO  statemachine.DatanodeStateMachine (DatanodeStateMachine.java:stopDaemon(529)) - Ozone container server stopped.
2022-02-16 01:43:24,187 [ForkJoinPool.commonPool-worker-0] INFO  handler.ContextHandler (ContextHandler.java:doStop(1153)) - Stopped o.e.j.w.WebAppContext@3434890{hddsDatanode,/,null,STOPPED}{jar:file:/home/runner/.m2/repository/org/apache/ozone/hdds-container-service/1.3.0-SNAPSHOT/hdds-container-service-1.3.0-SNAPSHOT.jar!/webapps/hddsDatanode}
2022-02-16 01:43:24,188 [ForkJoinPool.commonPool-worker-0] INFO  server.AbstractConnector (AbstractConnector.java:doStop(381)) - Stopped ServerConnector@7f5e2cf1{HTTP/1.1, (http/1.1)}{0.0.0.0:0}
2022-02-16 01:43:24,189 [ForkJoinPool.commonPool-worker-0] INFO  server.session (HouseKeeper.java:stopScavenging(149)) - node0 Stopped scavenging
2022-02-16 01:43:24,190 [ForkJoinPool.commonPool-worker-0] INFO  handler.ContextHandler (ContextHandler.java:doStop(1153)) - Stopped o.e.j.s.ServletContextHandler@700e4826{static,/static,jar:file:/home/runner/.m2/repository/org/apache/ozone/hdds-container-service/1.3.0-SNAPSHOT/hdds-container-service-1.3.0-SNAPSHOT.jar!/webapps/static,STOPPED}
2022-02-16 01:43:24,191 [ForkJoinPool.commonPool-worker-0] INFO  handler.ContextHandler (ContextHandler.java:doStop(1153)) - Stopped o.e.j.s.ServletContextHandler@d9e0ed2{logs,/logs,file:///home/runner/work/ozone/ozone/hadoop-ozone/integration-test/target/log,STOPPED}
2022-02-16 01:43:24,203 [Listener at 127.0.0.1/33913] INFO  statemachine.DatanodeStateMachine (DatanodeStateMachine.java:stopDaemon(529)) - Ozone container server stopped.
2022-02-16 01:43:24,204 [Listener at 127.0.0.1/33913] INFO  handler.ContextHandler (ContextHandler.java:doStop(1153)) - Stopped o.e.j.w.WebAppContext@209d4e32{hddsDatanode,/,null,STOPPED}{jar:file:/home/runner/.m2/repository/org/apache/ozone/hdds-container-service/1.3.0-SNAPSHOT/hdds-container-service-1.3.0-SNAPSHOT.jar!/webapps/hddsDatanode}
2022-02-16 01:43:24,205 [Listener at 127.0.0.1/33913] INFO  server.AbstractConnector (AbstractConnector.java:doStop(381)) - Stopped ServerConnector@243dc57b{HTTP/1.1, (http/1.1)}{0.0.0.0:0}
2022-02-16 01:43:24,205 [Listener at 127.0.0.1/33913] INFO  server.session (HouseKeeper.java:stopScavenging(149)) - node0 Stopped scavenging
2022-02-16 01:43:24,205 [Listener at 127.0.0.1/33913] INFO  handler.ContextHandler (ContextHandler.java:doStop(1153)) - Stopped o.e.j.s.ServletContextHandler@56dc6b33{static,/static,jar:file:/home/runner/.m2/repository/org/apache/ozone/hdds-container-service/1.3.0-SNAPSHOT/hdds-container-service-1.3.0-SNAPSHOT.jar!/webapps/static,STOPPED}
2022-02-16 01:43:24,205 [Listener at 127.0.0.1/33913] INFO  handler.ContextHandler (ContextHandler.java:doStop(1153)) - Stopped o.e.j.s.ServletContextHandler@2b2bcb4a{logs,/logs,file:///home/runner/work/ozone/ozone/hadoop-ozone/integration-test/target/log,STOPPED}
2022-02-16 01:43:26,299 [2f6f166e-3639-444f-87d9-77f80c10b379@group-ECB279BAF00E-FollowerState] INFO  impl.FollowerState (FollowerState.java:run(134)) - 2f6f166e-3639-444f-87d9-77f80c10b379@group-ECB279BAF00E-FollowerState: change to CANDIDATE, lastRpcElapsedTime:5047934491ns, electionTimeout:5021ms
2022-02-16 01:43:26,299 [2f6f166e-3639-444f-87d9-77f80c10b379@group-ECB279BAF00E-FollowerState] INFO  impl.RoleInfo (RoleInfo.java:shutdownFollowerState(108)) - 2f6f166e-3639-444f-87d9-77f80c10b379: shutdown 2f6f166e-3639-444f-87d9-77f80c10b379@group-ECB279BAF00E-FollowerState
2022-02-16 01:43:26,300 [2f6f166e-3639-444f-87d9-77f80c10b379@group-ECB279BAF00E-FollowerState] INFO  server.RaftServer$Division (RaftServerImpl.java:setRole(290)) - 2f6f166e-3639-444f-87d9-77f80c10b379@group-ECB279BAF00E: changes role from  FOLLOWER to CANDIDATE at term 5 for changeToCandidate
2022-02-16 01:43:26,300 [2f6f166e-3639-444f-87d9-77f80c10b379@group-ECB279BAF00E-FollowerState] INFO  server.RaftServerConfigKeys (ConfUtils.java:logGet(44)) - raft.server.leaderelection.pre-vote = false (custom)
2022-02-16 01:43:26,300 [2f6f166e-3639-444f-87d9-77f80c10b379@group-ECB279BAF00E-FollowerState] INFO  impl.RoleInfo (RoleInfo.java:updateAndGet(130)) - 2f6f166e-3639-444f-87d9-77f80c10b379: start 2f6f166e-3639-444f-87d9-77f80c10b379@group-ECB279BAF00E-LeaderElection46
2022-02-16 01:43:26,306 [2f6f166e-3639-444f-87d9-77f80c10b379@group-ECB279BAF00E-LeaderElection46] INFO  impl.LeaderElection (LeaderElection.java:askForVotes(306)) - 2f6f166e-3639-444f-87d9-77f80c10b379@group-ECB279BAF00E-LeaderElection46 ELECTION round 0: submit vote requests at term 6 for 17: [b5efad6c-21e2-4d99-b376-b80a2810f054|rpc:10.1.0.46:39795|dataStream:|priority:1, 2f6f166e-3639-444f-87d9-77f80c10b379|rpc:10.1.0.46:41167|dataStream:|priority:0, 7f4e46f4-a6a5-4e91-9d7c-c7c9d4b9ec17|rpc:10.1.0.46:38997|dataStream:|priority:0], old=null
2022-02-16 01:43:26,316 [2f6f166e-3639-444f-87d9-77f80c10b379@group-ECB279BAF00E-LeaderElection46] INFO  impl.LeaderElection (LogUtils.java:infoOrTrace(137)) - 2f6f166e-3639-444f-87d9-77f80c10b379@group-ECB279BAF00E-LeaderElection46 got exception when requesting votes: java.util.concurrent.ExecutionException: org.apache.ratis.thirdparty.io.grpc.StatusRuntimeException: UNAVAILABLE: io exception
2022-02-16 01:43:26,316 [2f6f166e-3639-444f-87d9-77f80c10b379@group-ECB279BAF00E-LeaderElection46] INFO  impl.LeaderElection (LogUtils.java:infoOrTrace(137)) - 2f6f166e-3639-444f-87d9-77f80c10b379@group-ECB279BAF00E-LeaderElection46 got exception when requesting votes: java.util.concurrent.ExecutionException: org.apache.ratis.thirdparty.io.grpc.StatusRuntimeException: UNAVAILABLE: io exception
2022-02-16 01:43:26,316 [2f6f166e-3639-444f-87d9-77f80c10b379@group-ECB279BAF00E-LeaderElection46] INFO  impl.LeaderElection (LeaderElection.java:logAndReturn(89)) - 2f6f166e-3639-444f-87d9-77f80c10b379@group-ECB279BAF00E-LeaderElection46: ELECTION REJECTED received 0 response(s) and 2 exception(s):
2022-02-16 01:43:26,316 [2f6f166e-3639-444f-87d9-77f80c10b379@group-ECB279BAF00E-LeaderElection46] INFO  impl.LeaderElection (LogUtils.java:infoOrTrace(137)) -   Exception 0: java.util.concurrent.ExecutionException: org.apache.ratis.thirdparty.io.grpc.StatusRuntimeException: UNAVAILABLE: io exception
2022-02-16 01:43:26,316 [2f6f166e-3639-444f-87d9-77f80c10b379@group-ECB279BAF00E-LeaderElection46] INFO  impl.LeaderElection (LogUtils.java:infoOrTrace(137)) -   Exception 1: java.util.concurrent.ExecutionException: org.apache.ratis.thirdparty.io.grpc.StatusRuntimeException: UNAVAILABLE: io exception
2022-02-16 01:43:26,316 [2f6f166e-3639-444f-87d9-77f80c10b379@group-ECB279BAF00E-LeaderElection46] INFO  impl.LeaderElection (LeaderElection.java:askForVotes(308)) - 2f6f166e-3639-444f-87d9-77f80c10b379@group-ECB279BAF00E-LeaderElection46 ELECTION round 0: result REJECTED
2022-02-16 01:43:26,316 [2f6f166e-3639-444f-87d9-77f80c10b379@group-ECB279BAF00E-LeaderElection46] INFO  server.RaftServer$Division (RaftServerImpl.java:setRole(290)) - 2f6f166e-3639-444f-87d9-77f80c10b379@group-ECB279BAF00E: changes role from CANDIDATE to FOLLOWER at term 6 for REJECTED
2022-02-16 01:43:26,316 [2f6f166e-3639-444f-87d9-77f80c10b379@group-ECB279BAF00E-LeaderElection46] INFO  impl.RoleInfo (RoleInfo.java:shutdownLeaderElection(121)) - 2f6f166e-3639-444f-87d9-77f80c10b379: shutdown 2f6f166e-3639-444f-87d9-77f80c10b379@group-ECB279BAF00E-LeaderElection46
2022-02-16 01:43:26,316 [2f6f166e-3639-444f-87d9-77f80c10b379@group-ECB279BAF00E-LeaderElection46] INFO  impl.RoleInfo (RoleInfo.java:updateAndGet(130)) - 2f6f166e-3639-444f-87d9-77f80c10b379: start 2f6f166e-3639-444f-87d9-77f80c10b379@group-ECB279BAF00E-FollowerState
2022-02-16 01:43:26,853 [0abaf1aa-1b73-4e28-a6e5-0a41a9a3ec34@group-504D69B4F741-FollowerState] INFO  impl.FollowerState (FollowerState.java:run(134)) - 0abaf1aa-1b73-4e28-a6e5-0a41a9a3ec34@group-504D69B4F741-FollowerState: change to CANDIDATE, lastRpcElapsedTime:10171833729ns, electionTimeout:5145ms
2022-02-16 01:43:26,853 [0abaf1aa-1b73-4e28-a6e5-0a41a9a3ec34@group-504D69B4F741-FollowerState] INFO  impl.RoleInfo (RoleInfo.java:shutdownFollowerState(108)) - 0abaf1aa-1b73-4e28-a6e5-0a41a9a3ec34: shutdown 0abaf1aa-1b73-4e28-a6e5-0a41a9a3ec34@group-504D69B4F741-FollowerState
2022-02-16 01:43:26,853 [0abaf1aa-1b73-4e28-a6e5-0a41a9a3ec34@group-504D69B4F741-FollowerState] INFO  server.RaftServer$Division (RaftServerImpl.java:setRole(290)) - 0abaf1aa-1b73-4e28-a6e5-0a41a9a3ec34@group-504D69B4F741: changes role from  FOLLOWER to CANDIDATE at term 9 for changeToCandidate
2022-02-16 01:43:26,853 [0abaf1aa-1b73-4e28-a6e5-0a41a9a3ec34@group-504D69B4F741-FollowerState] INFO  server.RaftServerConfigKeys (ConfUtils.java:logGet(44)) - raft.server.leaderelection.pre-vote = false (custom)
2022-02-16 01:43:26,854 [0abaf1aa-1b73-4e28-a6e5-0a41a9a3ec34@group-504D69B4F741-FollowerState] INFO  impl.RoleInfo (RoleInfo.java:updateAndGet(130)) - 0abaf1aa-1b73-4e28-a6e5-0a41a9a3ec34: start 0abaf1aa-1b73-4e28-a6e5-0a41a9a3ec34@group-504D69B4F741-LeaderElection47
2022-02-16 01:43:26,870 [0abaf1aa-1b73-4e28-a6e5-0a41a9a3ec34@group-504D69B4F741-LeaderElection47] INFO  server.RaftServer$Division (ServerState.java:setLeader(285)) - 0abaf1aa-1b73-4e28-a6e5-0a41a9a3ec34@group-504D69B4F741: change Leader from a565342f-4fee-4f25-a030-3e45d0cf0ab9 to null at term 9 for ELECTION
2022-02-16 01:43:26,876 [0abaf1aa-1b73-4e28-a6e5-0a41a9a3ec34@group-504D69B4F741-LeaderElection47] INFO  impl.LeaderElection (LeaderElection.java:askForVotes(306)) - 0abaf1aa-1b73-4e28-a6e5-0a41a9a3ec34@group-504D69B4F741-LeaderElection47 ELECTION round 0: submit vote requests at term 10 for 0: [edcd5571-e430-46af-ba60-7657fe1b1d4c|rpc:10.1.0.46:34285|dataStream:|priority:0, a565342f-4fee-4f25-a030-3e45d0cf0ab9|rpc:10.1.0.46:45097|dataStream:|priority:1, 0abaf1aa-1b73-4e28-a6e5-0a41a9a3ec34|rpc:10.1.0.46:36601|dataStream:|priority:0], old=null
2022-02-16 01:43:26,912 [0abaf1aa-1b73-4e28-a6e5-0a41a9a3ec34@group-504D69B4F741-LeaderElection47] INFO  impl.LeaderElection (LogUtils.java:infoOrTrace(137)) - 0abaf1aa-1b73-4e28-a6e5-0a41a9a3ec34@group-504D69B4F741-LeaderElection47 got exception when requesting votes: java.util.concurrent.ExecutionException: org.apache.ratis.thirdparty.io.grpc.StatusRuntimeException: UNAVAILABLE: io exception
2022-02-16 01:43:26,912 [0abaf1aa-1b73-4e28-a6e5-0a41a9a3ec34@group-504D69B4F741-LeaderElection47] INFO  impl.LeaderElection (LogUtils.java:infoOrTrace(137)) - 0abaf1aa-1b73-4e28-a6e5-0a41a9a3ec34@group-504D69B4F741-LeaderElection47 got exception when requesting votes: java.util.concurrent.ExecutionException: org.apache.ratis.thirdparty.io.grpc.StatusRuntimeException: UNAVAILABLE: io exception
2022-02-16 01:43:26,912 [0abaf1aa-1b73-4e28-a6e5-0a41a9a3ec34@group-504D69B4F741-LeaderElection47] INFO  impl.LeaderElection (LeaderElection.java:logAndReturn(89)) - 0abaf1aa-1b73-4e28-a6e5-0a41a9a3ec34@group-504D69B4F741-LeaderElection47: ELECTION REJECTED received 0 response(s) and 2 exception(s):
2022-02-16 01:43:26,912 [0abaf1aa-1b73-4e28-a6e5-0a41a9a3ec34@group-504D69B4F741-LeaderElection47] INFO  impl.LeaderElection (LogUtils.java:infoOrTrace(137)) -   Exception 0: java.util.concurrent.ExecutionException: org.apache.ratis.thirdparty.io.grpc.StatusRuntimeException: UNAVAILABLE: io exception
2022-02-16 01:43:26,912 [0abaf1aa-1b73-4e28-a6e5-0a41a9a3ec34@group-504D69B4F741-LeaderElection47] INFO  impl.LeaderElection (LogUtils.java:infoOrTrace(137)) -   Exception 1: java.util.concurrent.ExecutionException: org.apache.ratis.thirdparty.io.grpc.StatusRuntimeException: UNAVAILABLE: io exception
2022-02-16 01:43:26,912 [0abaf1aa-1b73-4e28-a6e5-0a41a9a3ec34@group-504D69B4F741-LeaderElection47] INFO  impl.LeaderElection (LeaderElection.java:askForVotes(308)) - 0abaf1aa-1b73-4e28-a6e5-0a41a9a3ec34@group-504D69B4F741-LeaderElection47 ELECTION round 0: result REJECTED
2022-02-16 01:43:26,912 [0abaf1aa-1b73-4e28-a6e5-0a41a9a3ec34@group-504D69B4F741-LeaderElection47] INFO  server.RaftServer$Division (RaftServerImpl.java:setRole(290)) - 0abaf1aa-1b73-4e28-a6e5-0a41a9a3ec34@group-504D69B4F741: changes role from CANDIDATE to FOLLOWER at term 10 for REJECTED
2022-02-16 01:43:26,912 [0abaf1aa-1b73-4e28-a6e5-0a41a9a3ec34@group-504D69B4F741-LeaderElection47] INFO  impl.RoleInfo (RoleInfo.java:shutdownLeaderElection(121)) - 0abaf1aa-1b73-4e28-a6e5-0a41a9a3ec34: shutdown 0abaf1aa-1b73-4e28-a6e5-0a41a9a3ec34@group-504D69B4F741-LeaderElection47
2022-02-16 01:43:26,912 [0abaf1aa-1b73-4e28-a6e5-0a41a9a3ec34@group-504D69B4F741-LeaderElection47] INFO  impl.RoleInfo (RoleInfo.java:updateAndGet(130)) - 0abaf1aa-1b73-4e28-a6e5-0a41a9a3ec34: start 0abaf1aa-1b73-4e28-a6e5-0a41a9a3ec34@group-504D69B4F741-FollowerState
2022-02-16 01:43:29,200 [ForkJoinPool.commonPool-worker-0] INFO  ozoneimpl.OzoneContainer (OzoneContainer.java:stop(336)) - Attempting to stop container services.
2022-02-16 01:43:29,201 [ForkJoinPool.commonPool-worker-0] INFO  server.RaftServer (RaftServerProxy.java:lambda$close$6(391)) - 2f6f166e-3639-444f-87d9-77f80c10b379: close
2022-02-16 01:43:29,201 [ForkJoinPool.commonPool-worker-0] INFO  server.RaftServer$Division (RaftServerImpl.java:lambda$close$4(412)) - 2f6f166e-3639-444f-87d9-77f80c10b379@group-DF2487306472: shutdown
2022-02-16 01:43:29,201 [ForkJoinPool.commonPool-worker-0] INFO  util.JmxRegister (JmxRegister.java:unregister(73)) - Successfully un-registered JMX Bean with object name Ratis:service=RaftServer,group=group-DF2487306472,id=2f6f166e-3639-444f-87d9-77f80c10b379
2022-02-16 01:43:29,201 [ForkJoinPool.commonPool-worker-0] INFO  impl.RoleInfo (RoleInfo.java:shutdownLeaderState(91)) - 2f6f166e-3639-444f-87d9-77f80c10b379: shutdown 2f6f166e-3639-444f-87d9-77f80c10b379@group-DF2487306472-LeaderStateImpl
2022-02-16 01:43:29,202 [ForkJoinPool.commonPool-worker-0] INFO  impl.PendingRequests (PendingRequests.java:sendNotLeaderResponses(282)) - 2f6f166e-3639-444f-87d9-77f80c10b379@group-DF2487306472-PendingRequests: sendNotLeaderResponses
2022-02-16 01:43:29,202 [ForkJoinPool.commonPool-worker-0] INFO  impl.StateMachineUpdater (StateMachineUpdater.java:stopAndJoin(149)) - 2f6f166e-3639-444f-87d9-77f80c10b379@group-DF2487306472-StateMachineUpdater: set stopIndex = 0
2022-02-16 01:43:29,202 [2f6f166e-3639-444f-87d9-77f80c10b379@group-DF2487306472-StateMachineUpdater] INFO  ratis.ContainerStateMachine (ContainerStateMachine.java:takeSnapshot(299)) - group-DF2487306472: Taking a snapshot at:(t:1, i:0) file /home/runner/work/ozone/ozone/hadoop-ozone/integration-test/target/test-dir/MiniOzoneClusterImpl-c31dc292-76fe-4ff2-ba7c-3deb75f75441/datanode-0/data/ratis/8fc00d5e-68fd-47e8-9d04-df2487306472/sm/snapshot.1_0
2022-02-16 01:43:29,204 [2f6f166e-3639-444f-87d9-77f80c10b379@group-DF2487306472-StateMachineUpdater] INFO  ratis.ContainerStateMachine (ContainerStateMachine.java:takeSnapshot(310)) - group-DF2487306472: Finished taking a snapshot at:(t:1, i:0) file:/home/runner/work/ozone/ozone/hadoop-ozone/integration-test/target/test-dir/MiniOzoneClusterImpl-c31dc292-76fe-4ff2-ba7c-3deb75f75441/datanode-0/data/ratis/8fc00d5e-68fd-47e8-9d04-df2487306472/sm/snapshot.1_0 took: 1 ms
2022-02-16 01:43:29,204 [2f6f166e-3639-444f-87d9-77f80c10b379@group-DF2487306472-StateMachineUpdater] INFO  impl.StateMachineUpdater (StateMachineUpdater.java:takeSnapshot(281)) - 2f6f166e-3639-444f-87d9-77f80c10b379@group-DF2487306472-StateMachineUpdater: Took a snapshot at index 0
2022-02-16 01:43:29,204 [2f6f166e-3639-444f-87d9-77f80c10b379@group-DF2487306472-StateMachineUpdater] INFO  impl.StateMachineUpdater (StateMachineUpdater.java:lambda$new$0(89)) - 2f6f166e-3639-444f-87d9-77f80c10b379@group-DF2487306472-StateMachineUpdater: snapshotIndex: updateIncreasingly -1 -> 0
2022-02-16 01:43:29,205 [ForkJoinPool.commonPool-worker-0] INFO  server.RaftServer$Division (ServerState.java:close(419)) - 2f6f166e-3639-444f-87d9-77f80c10b379@group-DF2487306472: closes. applyIndex: 0
2022-02-16 01:43:29,205 [2f6f166e-3639-444f-87d9-77f80c10b379@group-DF2487306472-SegmentedRaftLogWorker] INFO  segmented.SegmentedRaftLogWorker (SegmentedRaftLogWorker.java:run(327)) - 2f6f166e-3639-444f-87d9-77f80c10b379@group-DF2487306472-SegmentedRaftLogWorker was interrupted, exiting. There are 0 tasks remaining in the queue.
2022-02-16 01:43:29,206 [ForkJoinPool.commonPool-worker-0] INFO  segmented.SegmentedRaftLogWorker (SegmentedRaftLogWorker.java:close(237)) - 2f6f166e-3639-444f-87d9-77f80c10b379@group-DF2487306472-SegmentedRaftLogWorker close()
2022-02-16 01:43:29,207 [ForkJoinPool.commonPool-worker-0] INFO  server.RaftServer$Division (RaftServerImpl.java:lambda$close$4(412)) - 2f6f166e-3639-444f-87d9-77f80c10b379@group-ECB279BAF00E: shutdown
2022-02-16 01:43:29,207 [ForkJoinPool.commonPool-worker-0] INFO  util.JmxRegister (JmxRegister.java:unregister(73)) - Successfully un-registered JMX Bean with object name Ratis:service=RaftServer,group=group-ECB279BAF00E,id=2f6f166e-3639-444f-87d9-77f80c10b379
2022-02-16 01:43:29,207 [ForkJoinPool.commonPool-worker-0] INFO  impl.RoleInfo (RoleInfo.java:shutdownFollowerState(108)) - 2f6f166e-3639-444f-87d9-77f80c10b379: shutdown 2f6f166e-3639-444f-87d9-77f80c10b379@group-ECB279BAF00E-FollowerState
2022-02-16 01:43:29,207 [2f6f166e-3639-444f-87d9-77f80c10b379@group-ECB279BAF00E-StateMachineUpdater] INFO  ratis.ContainerStateMachine (ContainerStateMachine.java:takeSnapshot(299)) - group-ECB279BAF00E: Taking a snapshot at:(t:3, i:18) file /home/runner/work/ozone/ozone/hadoop-ozone/integration-test/target/test-dir/MiniOzoneClusterImpl-c31dc292-76fe-4ff2-ba7c-3deb75f75441/datanode-0/data/ratis/9892d6ea-815e-4be0-abff-ecb279baf00e/sm/snapshot.3_18
2022-02-16 01:43:29,207 [2f6f166e-3639-444f-87d9-77f80c10b379@group-ECB279BAF00E-FollowerState] INFO  impl.FollowerState (FollowerState.java:run(143)) - 2f6f166e-3639-444f-87d9-77f80c10b379@group-ECB279BAF00E-FollowerState was interrupted: {}
java.lang.InterruptedException: sleep interrupted
	at java.lang.Thread.sleep(Native Method)
	at java.lang.Thread.sleep(Thread.java:340)
	at java.util.concurrent.TimeUnit.sleep(TimeUnit.java:386)
	at org.apache.ratis.util.TimeDuration.sleep(TimeDuration.java:324)
	at org.apache.ratis.util.TimeDuration.sleep(TimeDuration.java:309)
	at org.apache.ratis.server.impl.FollowerState.run(FollowerState.java:118)
2022-02-16 01:43:29,208 [ForkJoinPool.commonPool-worker-0] INFO  impl.StateMachineUpdater (StateMachineUpdater.java:stopAndJoin(149)) - 2f6f166e-3639-444f-87d9-77f80c10b379@group-ECB279BAF00E-StateMachineUpdater: set stopIndex = 18
2022-02-16 01:43:29,208 [Listener at 127.0.0.1/33913] INFO  ozoneimpl.OzoneContainer (OzoneContainer.java:stop(336)) - Attempting to stop container services.
2022-02-16 01:43:29,208 [Listener at 127.0.0.1/33913] INFO  server.RaftServer (RaftServerProxy.java:lambda$close$6(391)) - 0abaf1aa-1b73-4e28-a6e5-0a41a9a3ec34: close
2022-02-16 01:43:29,209 [Listener at 127.0.0.1/33913] INFO  server.RaftServer$Division (RaftServerImpl.java:lambda$close$4(412)) - 0abaf1aa-1b73-4e28-a6e5-0a41a9a3ec34@group-504D69B4F741: shutdown
2022-02-16 01:43:29,209 [Listener at 127.0.0.1/33913] INFO  util.JmxRegister (JmxRegister.java:unregister(73)) - Successfully un-registered JMX Bean with object name Ratis:service=RaftServer,group=group-504D69B4F741,id=0abaf1aa-1b73-4e28-a6e5-0a41a9a3ec34
2022-02-16 01:43:29,209 [Listener at 127.0.0.1/33913] INFO  impl.RoleInfo (RoleInfo.java:shutdownFollowerState(108)) - 0abaf1aa-1b73-4e28-a6e5-0a41a9a3ec34: shutdown 0abaf1aa-1b73-4e28-a6e5-0a41a9a3ec34@group-504D69B4F741-FollowerState
2022-02-16 01:43:29,209 [2f6f166e-3639-444f-87d9-77f80c10b379@group-ECB279BAF00E-StateMachineUpdater] INFO  ratis.ContainerStateMachine (ContainerStateMachine.java:takeSnapshot(310)) - group-ECB279BAF00E: Finished taking a snapshot at:(t:3, i:18) file:/home/runner/work/ozone/ozone/hadoop-ozone/integration-test/target/test-dir/MiniOzoneClusterImpl-c31dc292-76fe-4ff2-ba7c-3deb75f75441/datanode-0/data/ratis/9892d6ea-815e-4be0-abff-ecb279baf00e/sm/snapshot.3_18 took: 1 ms
2022-02-16 01:43:29,209 [0abaf1aa-1b73-4e28-a6e5-0a41a9a3ec34@group-504D69B4F741-FollowerState] INFO  impl.FollowerState (FollowerState.java:run(143)) - 0abaf1aa-1b73-4e28-a6e5-0a41a9a3ec34@group-504D69B4F741-FollowerState was interrupted: {}
java.lang.InterruptedException: sleep interrupted
	at java.lang.Thread.sleep(Native Method)
	at java.lang.Thread.sleep(Thread.java:340)
	at java.util.concurrent.TimeUnit.sleep(TimeUnit.java:386)
	at org.apache.ratis.util.TimeDuration.sleep(TimeDuration.java:324)
	at org.apache.ratis.util.TimeDuration.sleep(TimeDuration.java:309)
	at org.apache.ratis.server.impl.FollowerState.run(FollowerState.java:118)
2022-02-16 01:43:29,209 [2f6f166e-3639-444f-87d9-77f80c10b379@group-ECB279BAF00E-StateMachineUpdater] INFO  impl.StateMachineUpdater (StateMachineUpdater.java:takeSnapshot(281)) - 2f6f166e-3639-444f-87d9-77f80c10b379@group-ECB279BAF00E-StateMachineUpdater: Took a snapshot at index 18
2022-02-16 01:43:29,209 [2f6f166e-3639-444f-87d9-77f80c10b379@group-ECB279BAF00E-StateMachineUpdater] INFO  impl.StateMachineUpdater (StateMachineUpdater.java:lambda$new$0(89)) - 2f6f166e-3639-444f-87d9-77f80c10b379@group-ECB279BAF00E-StateMachineUpdater: snapshotIndex: updateIncreasingly -1 -> 18
2022-02-16 01:43:29,210 [ForkJoinPool.commonPool-worker-0] INFO  server.RaftServer$Division (ServerState.java:close(419)) - 2f6f166e-3639-444f-87d9-77f80c10b379@group-ECB279BAF00E: closes. applyIndex: 18
2022-02-16 01:43:29,209 [Listener at 127.0.0.1/33913] INFO  impl.StateMachineUpdater (StateMachineUpdater.java:stopAndJoin(149)) - 0abaf1aa-1b73-4e28-a6e5-0a41a9a3ec34@group-504D69B4F741-StateMachineUpdater: set stopIndex = -1
2022-02-16 01:43:29,210 [Listener at 127.0.0.1/33913] INFO  server.RaftServer$Division (ServerState.java:close(419)) - 0abaf1aa-1b73-4e28-a6e5-0a41a9a3ec34@group-504D69B4F741: closes. applyIndex: -1
2022-02-16 01:43:29,210 [2f6f166e-3639-444f-87d9-77f80c10b379@group-ECB279BAF00E-SegmentedRaftLogWorker] INFO  segmented.SegmentedRaftLogWorker (SegmentedRaftLogWorker.java:run(327)) - 2f6f166e-3639-444f-87d9-77f80c10b379@group-ECB279BAF00E-SegmentedRaftLogWorker was interrupted, exiting. There are 0 tasks remaining in the queue.
2022-02-16 01:43:29,210 [0abaf1aa-1b73-4e28-a6e5-0a41a9a3ec34@group-504D69B4F741-SegmentedRaftLogWorker] INFO  segmented.SegmentedRaftLogWorker (SegmentedRaftLogWorker.java:run(327)) - 0abaf1aa-1b73-4e28-a6e5-0a41a9a3ec34@group-504D69B4F741-SegmentedRaftLogWorker was interrupted, exiting. There are 0 tasks remaining in the queue.
2022-02-16 01:43:29,211 [Listener at 127.0.0.1/33913] INFO  segmented.SegmentedRaftLogWorker (SegmentedRaftLogWorker.java:close(237)) - 0abaf1aa-1b73-4e28-a6e5-0a41a9a3ec34@group-504D69B4F741-SegmentedRaftLogWorker close()
2022-02-16 01:43:29,211 [ForkJoinPool.commonPool-worker-0] INFO  segmented.SegmentedRaftLogWorker (SegmentedRaftLogWorker.java:close(237)) - 2f6f166e-3639-444f-87d9-77f80c10b379@group-ECB279BAF00E-SegmentedRaftLogWorker close()
2022-02-16 01:43:29,217 [Listener at 127.0.0.1/33913] INFO  server.RaftServer$Division (RaftServerImpl.java:lambda$close$4(412)) - 0abaf1aa-1b73-4e28-a6e5-0a41a9a3ec34@group-BE3C88DC2A16: shutdown
2022-02-16 01:43:29,218 [Listener at 127.0.0.1/33913] INFO  util.JmxRegister (JmxRegister.java:unregister(73)) - Successfully un-registered JMX Bean with object name Ratis:service=RaftServer,group=group-BE3C88DC2A16,id=0abaf1aa-1b73-4e28-a6e5-0a41a9a3ec34
2022-02-16 01:43:29,218 [Listener at 127.0.0.1/33913] INFO  impl.RoleInfo (RoleInfo.java:shutdownLeaderState(91)) - 0abaf1aa-1b73-4e28-a6e5-0a41a9a3ec34: shutdown 0abaf1aa-1b73-4e28-a6e5-0a41a9a3ec34@group-BE3C88DC2A16-LeaderStateImpl
2022-02-16 01:43:29,218 [Listener at 127.0.0.1/33913] INFO  impl.PendingRequests (PendingRequests.java:sendNotLeaderResponses(282)) - 0abaf1aa-1b73-4e28-a6e5-0a41a9a3ec34@group-BE3C88DC2A16-PendingRequests: sendNotLeaderResponses
2022-02-16 01:43:29,218 [Listener at 127.0.0.1/33913] INFO  impl.StateMachineUpdater (StateMachineUpdater.java:stopAndJoin(149)) - 0abaf1aa-1b73-4e28-a6e5-0a41a9a3ec34@group-BE3C88DC2A16-StateMachineUpdater: set stopIndex = 0
2022-02-16 01:43:29,219 [0abaf1aa-1b73-4e28-a6e5-0a41a9a3ec34@group-BE3C88DC2A16-StateMachineUpdater] INFO  ratis.ContainerStateMachine (ContainerStateMachine.java:takeSnapshot(299)) - group-BE3C88DC2A16: Taking a snapshot at:(t:1, i:0) file /home/runner/work/ozone/ozone/hadoop-ozone/integration-test/target/test-dir/MiniOzoneClusterImpl-c31dc292-76fe-4ff2-ba7c-3deb75f75441/datanode-5/data/ratis/2b72fae5-6830-4940-9b5a-be3c88dc2a16/sm/snapshot.1_0
2022-02-16 01:43:29,220 [0abaf1aa-1b73-4e28-a6e5-0a41a9a3ec34@group-BE3C88DC2A16-StateMachineUpdater] INFO  ratis.ContainerStateMachine (ContainerStateMachine.java:takeSnapshot(310)) - group-BE3C88DC2A16: Finished taking a snapshot at:(t:1, i:0) file:/home/runner/work/ozone/ozone/hadoop-ozone/integration-test/target/test-dir/MiniOzoneClusterImpl-c31dc292-76fe-4ff2-ba7c-3deb75f75441/datanode-5/data/ratis/2b72fae5-6830-4940-9b5a-be3c88dc2a16/sm/snapshot.1_0 took: 1 ms
2022-02-16 01:43:29,220 [0abaf1aa-1b73-4e28-a6e5-0a41a9a3ec34@group-BE3C88DC2A16-StateMachineUpdater] INFO  impl.StateMachineUpdater (StateMachineUpdater.java:takeSnapshot(281)) - 0abaf1aa-1b73-4e28-a6e5-0a41a9a3ec34@group-BE3C88DC2A16-StateMachineUpdater: Took a snapshot at index 0
2022-02-16 01:43:29,220 [0abaf1aa-1b73-4e28-a6e5-0a41a9a3ec34@group-BE3C88DC2A16-StateMachineUpdater] INFO  impl.StateMachineUpdater (StateMachineUpdater.java:lambda$new$0(89)) - 0abaf1aa-1b73-4e28-a6e5-0a41a9a3ec34@group-BE3C88DC2A16-StateMachineUpdater: snapshotIndex: updateIncreasingly -1 -> 0
2022-02-16 01:43:29,221 [Listener at 127.0.0.1/33913] INFO  server.RaftServer$Division (ServerState.java:close(419)) - 0abaf1aa-1b73-4e28-a6e5-0a41a9a3ec34@group-BE3C88DC2A16: closes. applyIndex: 0
2022-02-16 01:43:29,223 [0abaf1aa-1b73-4e28-a6e5-0a41a9a3ec34@group-BE3C88DC2A16-SegmentedRaftLogWorker] INFO  segmented.SegmentedRaftLogWorker (SegmentedRaftLogWorker.java:run(327)) - 0abaf1aa-1b73-4e28-a6e5-0a41a9a3ec34@group-BE3C88DC2A16-SegmentedRaftLogWorker was interrupted, exiting. There are 0 tasks remaining in the queue.
2022-02-16 01:43:29,223 [Listener at 127.0.0.1/33913] INFO  segmented.SegmentedRaftLogWorker (SegmentedRaftLogWorker.java:close(237)) - 0abaf1aa-1b73-4e28-a6e5-0a41a9a3ec34@group-BE3C88DC2A16-SegmentedRaftLogWorker close()
2022-02-16 01:43:29,225 [ForkJoinPool.commonPool-worker-0] INFO  server.GrpcService (GrpcService.java:closeImpl(262)) - 2f6f166e-3639-444f-87d9-77f80c10b379: shutdown server with port 41167 now
2022-02-16 01:43:29,230 [Listener at 127.0.0.1/33913] INFO  server.GrpcService (GrpcService.java:closeImpl(262)) - 0abaf1aa-1b73-4e28-a6e5-0a41a9a3ec34: shutdown server with port 36601 now
2022-02-16 01:43:29,240 [ForkJoinPool.commonPool-worker-0] INFO  server.GrpcService (GrpcService.java:closeImpl(271)) - 2f6f166e-3639-444f-87d9-77f80c10b379: shutdown server with port 41167 successfully
2022-02-16 01:43:29,240 [org.apache.ratis.util.JvmPauseMonitor$$Lambda$431/1906549136@63181e30] INFO  util.JvmPauseMonitor (JvmPauseMonitor.java:run(109)) - JvmPauseMonitor-2f6f166e-3639-444f-87d9-77f80c10b379: Stopped
2022-02-16 01:43:29,247 [Listener at 127.0.0.1/33913] INFO  server.GrpcService (GrpcService.java:closeImpl(271)) - 0abaf1aa-1b73-4e28-a6e5-0a41a9a3ec34: shutdown server with port 36601 successfully
2022-02-16 01:43:29,247 [org.apache.ratis.util.JvmPauseMonitor$$Lambda$431/1906549136@495a4a99] INFO  util.JvmPauseMonitor (JvmPauseMonitor.java:run(109)) - JvmPauseMonitor-0abaf1aa-1b73-4e28-a6e5-0a41a9a3ec34: Stopped
2022-02-16 01:43:31,251 [Listener at 127.0.0.1/33913] INFO  utils.BackgroundService (BackgroundService.java:shutdown(132)) - Shutting down service BlockDeletingService
2022-02-16 01:43:31,254 [ForkJoinPool.commonPool-worker-0] INFO  utils.BackgroundService (BackgroundService.java:shutdown(132)) - Shutting down service BlockDeletingService
2022-02-16 01:43:34,256 [Listener at 127.0.0.1/33913] INFO  statemachine.DatanodeStateMachine (DatanodeStateMachine.java:stopDaemon(529)) - Ozone container server stopped.
2022-02-16 01:43:34,257 [Listener at 127.0.0.1/33913] INFO  handler.ContextHandler (ContextHandler.java:doStop(1153)) - Stopped o.e.j.w.WebAppContext@51713b0f{hddsDatanode,/,null,STOPPED}{jar:file:/home/runner/.m2/repository/org/apache/ozone/hdds-container-service/1.3.0-SNAPSHOT/hdds-container-service-1.3.0-SNAPSHOT.jar!/webapps/hddsDatanode}
2022-02-16 01:43:34,260 [Listener at 127.0.0.1/33913] INFO  server.AbstractConnector (AbstractConnector.java:doStop(381)) - Stopped ServerConnector@42b41bc2{HTTP/1.1, (http/1.1)}{0.0.0.0:0}
2022-02-16 01:43:34,261 [Listener at 127.0.0.1/33913] INFO  server.session (HouseKeeper.java:stopScavenging(149)) - node0 Stopped scavenging
2022-02-16 01:43:34,261 [Listener at 127.0.0.1/33913] INFO  handler.ContextHandler (ContextHandler.java:doStop(1153)) - Stopped o.e.j.s.ServletContextHandler@60e9bda0{static,/static,jar:file:/home/runner/.m2/repository/org/apache/ozone/hdds-container-service/1.3.0-SNAPSHOT/hdds-container-service-1.3.0-SNAPSHOT.jar!/webapps/static,STOPPED}
2022-02-16 01:43:34,261 [Listener at 127.0.0.1/33913] INFO  handler.ContextHandler (ContextHandler.java:doStop(1153)) - Stopped o.e.j.s.ServletContextHandler@482f1b64{logs,/logs,file:///home/runner/work/ozone/ozone/hadoop-ozone/integration-test/target/log,STOPPED}
2022-02-16 01:43:34,267 [ForkJoinPool.commonPool-worker-0] INFO  statemachine.DatanodeStateMachine (DatanodeStateMachine.java:stopDaemon(529)) - Ozone container server stopped.
2022-02-16 01:43:34,271 [ForkJoinPool.commonPool-worker-0] INFO  handler.ContextHandler (ContextHandler.java:doStop(1153)) - Stopped o.e.j.w.WebAppContext@516c8f5a{hddsDatanode,/,null,STOPPED}{jar:file:/home/runner/.m2/repository/org/apache/ozone/hdds-container-service/1.3.0-SNAPSHOT/hdds-container-service-1.3.0-SNAPSHOT.jar!/webapps/hddsDatanode}
2022-02-16 01:43:34,272 [ForkJoinPool.commonPool-worker-0] INFO  server.AbstractConnector (AbstractConnector.java:doStop(381)) - Stopped ServerConnector@768511c3{HTTP/1.1, (http/1.1)}{0.0.0.0:0}
2022-02-16 01:43:34,272 [ForkJoinPool.commonPool-worker-0] INFO  server.session (HouseKeeper.java:stopScavenging(149)) - node0 Stopped scavenging
2022-02-16 01:43:34,273 [ForkJoinPool.commonPool-worker-0] INFO  handler.ContextHandler (ContextHandler.java:doStop(1153)) - Stopped o.e.j.s.ServletContextHandler@6cf4ac81{static,/static,jar:file:/home/runner/.m2/repository/org/apache/ozone/hdds-container-service/1.3.0-SNAPSHOT/hdds-container-service-1.3.0-SNAPSHOT.jar!/webapps/static,STOPPED}
2022-02-16 01:43:34,273 [ForkJoinPool.commonPool-worker-0] INFO  handler.ContextHandler (ContextHandler.java:doStop(1153)) - Stopped o.e.j.s.ServletContextHandler@1bb86f8d{logs,/logs,file:///home/runner/work/ozone/ozone/hadoop-ozone/integration-test/target/log,STOPPED}
2022-02-16 01:43:39,263 [Listener at 127.0.0.1/33913] INFO  ozoneimpl.OzoneContainer (OzoneContainer.java:stop(336)) - Attempting to stop container services.
2022-02-16 01:43:39,266 [Listener at 127.0.0.1/33913] INFO  server.RaftServer (RaftServerProxy.java:lambda$close$6(391)) - a160d0e9-2905-4393-b4ab-3632e6d9b9e1: close
2022-02-16 01:43:39,266 [Listener at 127.0.0.1/33913] INFO  server.RaftServer$Division (RaftServerImpl.java:lambda$close$4(412)) - a160d0e9-2905-4393-b4ab-3632e6d9b9e1@group-B4CBC1484743: shutdown
2022-02-16 01:43:39,266 [Listener at 127.0.0.1/33913] INFO  util.JmxRegister (JmxRegister.java:unregister(73)) - Successfully un-registered JMX Bean with object name Ratis:service=RaftServer,group=group-B4CBC1484743,id=a160d0e9-2905-4393-b4ab-3632e6d9b9e1
2022-02-16 01:43:39,266 [Listener at 127.0.0.1/33913] INFO  impl.RoleInfo (RoleInfo.java:shutdownLeaderState(91)) - a160d0e9-2905-4393-b4ab-3632e6d9b9e1: shutdown a160d0e9-2905-4393-b4ab-3632e6d9b9e1@group-B4CBC1484743-LeaderStateImpl
2022-02-16 01:43:39,266 [Listener at 127.0.0.1/33913] INFO  impl.PendingRequests (PendingRequests.java:sendNotLeaderResponses(282)) - a160d0e9-2905-4393-b4ab-3632e6d9b9e1@group-B4CBC1484743-PendingRequests: sendNotLeaderResponses
2022-02-16 01:43:39,271 [a160d0e9-2905-4393-b4ab-3632e6d9b9e1@group-B4CBC1484743-StateMachineUpdater] INFO  ratis.ContainerStateMachine (ContainerStateMachine.java:takeSnapshot(299)) - group-B4CBC1484743: Taking a snapshot at:(t:1, i:0) file /home/runner/work/ozone/ozone/hadoop-ozone/integration-test/target/test-dir/MiniOzoneClusterImpl-c31dc292-76fe-4ff2-ba7c-3deb75f75441/datanode-7/data/ratis/0a17d63c-3ced-4f8e-a9a1-b4cbc1484743/sm/snapshot.1_0
2022-02-16 01:43:39,271 [Listener at 127.0.0.1/33913] INFO  impl.StateMachineUpdater (StateMachineUpdater.java:stopAndJoin(149)) - a160d0e9-2905-4393-b4ab-3632e6d9b9e1@group-B4CBC1484743-StateMachineUpdater: set stopIndex = 0
2022-02-16 01:43:39,273 [a160d0e9-2905-4393-b4ab-3632e6d9b9e1@group-B4CBC1484743-StateMachineUpdater] INFO  ratis.ContainerStateMachine (ContainerStateMachine.java:takeSnapshot(310)) - group-B4CBC1484743: Finished taking a snapshot at:(t:1, i:0) file:/home/runner/work/ozone/ozone/hadoop-ozone/integration-test/target/test-dir/MiniOzoneClusterImpl-c31dc292-76fe-4ff2-ba7c-3deb75f75441/datanode-7/data/ratis/0a17d63c-3ced-4f8e-a9a1-b4cbc1484743/sm/snapshot.1_0 took: 2 ms
2022-02-16 01:43:39,273 [a160d0e9-2905-4393-b4ab-3632e6d9b9e1@group-B4CBC1484743-StateMachineUpdater] INFO  impl.StateMachineUpdater (StateMachineUpdater.java:takeSnapshot(281)) - a160d0e9-2905-4393-b4ab-3632e6d9b9e1@group-B4CBC1484743-StateMachineUpdater: Took a snapshot at index 0
2022-02-16 01:43:39,273 [a160d0e9-2905-4393-b4ab-3632e6d9b9e1@group-B4CBC1484743-StateMachineUpdater] INFO  impl.StateMachineUpdater (StateMachineUpdater.java:lambda$new$0(89)) - a160d0e9-2905-4393-b4ab-3632e6d9b9e1@group-B4CBC1484743-StateMachineUpdater: snapshotIndex: updateIncreasingly -1 -> 0
2022-02-16 01:43:39,274 [Listener at 127.0.0.1/33913] INFO  server.RaftServer$Division (ServerState.java:close(419)) - a160d0e9-2905-4393-b4ab-3632e6d9b9e1@group-B4CBC1484743: closes. applyIndex: 0
2022-02-16 01:43:39,274 [a160d0e9-2905-4393-b4ab-3632e6d9b9e1@group-B4CBC1484743-SegmentedRaftLogWorker] INFO  segmented.SegmentedRaftLogWorker (SegmentedRaftLogWorker.java:run(327)) - a160d0e9-2905-4393-b4ab-3632e6d9b9e1@group-B4CBC1484743-SegmentedRaftLogWorker was interrupted, exiting. There are 0 tasks remaining in the queue.
2022-02-16 01:43:39,274 [Listener at 127.0.0.1/33913] INFO  segmented.SegmentedRaftLogWorker (SegmentedRaftLogWorker.java:close(237)) - a160d0e9-2905-4393-b4ab-3632e6d9b9e1@group-B4CBC1484743-SegmentedRaftLogWorker close()
2022-02-16 01:43:39,275 [Listener at 127.0.0.1/33913] INFO  server.RaftServer$Division (RaftServerImpl.java:lambda$close$4(412)) - a160d0e9-2905-4393-b4ab-3632e6d9b9e1@group-1F9862849013: shutdown
2022-02-16 01:43:39,275 [Listener at 127.0.0.1/33913] INFO  util.JmxRegister (JmxRegister.java:unregister(73)) - Successfully un-registered JMX Bean with object name Ratis:service=RaftServer,group=group-1F9862849013,id=a160d0e9-2905-4393-b4ab-3632e6d9b9e1
2022-02-16 01:43:39,275 [Listener at 127.0.0.1/33913] INFO  impl.RoleInfo (RoleInfo.java:shutdownFollowerState(108)) - a160d0e9-2905-4393-b4ab-3632e6d9b9e1: shutdown a160d0e9-2905-4393-b4ab-3632e6d9b9e1@group-1F9862849013-FollowerState
2022-02-16 01:43:39,275 [a160d0e9-2905-4393-b4ab-3632e6d9b9e1@group-1F9862849013-FollowerState] INFO  impl.FollowerState (FollowerState.java:run(143)) - a160d0e9-2905-4393-b4ab-3632e6d9b9e1@group-1F9862849013-FollowerState was interrupted: {}
java.lang.InterruptedException: sleep interrupted
	at java.lang.Thread.sleep(Native Method)
	at java.lang.Thread.sleep(Thread.java:340)
	at java.util.concurrent.TimeUnit.sleep(TimeUnit.java:386)
	at org.apache.ratis.util.TimeDuration.sleep(TimeDuration.java:324)
	at org.apache.ratis.util.TimeDuration.sleep(TimeDuration.java:309)
	at org.apache.ratis.server.impl.FollowerState.run(FollowerState.java:118)
2022-02-16 01:43:39,276 [Listener at 127.0.0.1/33913] INFO  impl.StateMachineUpdater (StateMachineUpdater.java:stopAndJoin(149)) - a160d0e9-2905-4393-b4ab-3632e6d9b9e1@group-1F9862849013-StateMachineUpdater: set stopIndex = 0
2022-02-16 01:43:39,276 [a160d0e9-2905-4393-b4ab-3632e6d9b9e1@group-1F9862849013-StateMachineUpdater] INFO  ratis.ContainerStateMachine (ContainerStateMachine.java:takeSnapshot(299)) - group-1F9862849013: Taking a snapshot at:(t:9, i:0) file /home/runner/work/ozone/ozone/hadoop-ozone/integration-test/target/test-dir/MiniOzoneClusterImpl-c31dc292-76fe-4ff2-ba7c-3deb75f75441/datanode-7/data/ratis/03d3f062-6fb7-46ce-bb2a-1f9862849013/sm/snapshot.9_0
2022-02-16 01:43:39,277 [a160d0e9-2905-4393-b4ab-3632e6d9b9e1@group-1F9862849013-StateMachineUpdater] INFO  ratis.ContainerStateMachine (ContainerStateMachine.java:takeSnapshot(310)) - group-1F9862849013: Finished taking a snapshot at:(t:9, i:0) file:/home/runner/work/ozone/ozone/hadoop-ozone/integration-test/target/test-dir/MiniOzoneClusterImpl-c31dc292-76fe-4ff2-ba7c-3deb75f75441/datanode-7/data/ratis/03d3f062-6fb7-46ce-bb2a-1f9862849013/sm/snapshot.9_0 took: 1 ms
2022-02-16 01:43:39,277 [a160d0e9-2905-4393-b4ab-3632e6d9b9e1@group-1F9862849013-StateMachineUpdater] INFO  impl.StateMachineUpdater (StateMachineUpdater.java:takeSnapshot(281)) - a160d0e9-2905-4393-b4ab-3632e6d9b9e1@group-1F9862849013-StateMachineUpdater: Took a snapshot at index 0
2022-02-16 01:43:39,277 [a160d0e9-2905-4393-b4ab-3632e6d9b9e1@group-1F9862849013-StateMachineUpdater] INFO  impl.StateMachineUpdater (StateMachineUpdater.java:lambda$new$0(89)) - a160d0e9-2905-4393-b4ab-3632e6d9b9e1@group-1F9862849013-StateMachineUpdater: snapshotIndex: updateIncreasingly -1 -> 0
2022-02-16 01:43:39,277 [ForkJoinPool.commonPool-worker-0] INFO  ozoneimpl.OzoneContainer (OzoneContainer.java:stop(336)) - Attempting to stop container services.
2022-02-16 01:43:39,277 [Listener at 127.0.0.1/33913] INFO  server.RaftServer$Division (ServerState.java:close(419)) - a160d0e9-2905-4393-b4ab-3632e6d9b9e1@group-1F9862849013: closes. applyIndex: 0
2022-02-16 01:43:39,278 [ForkJoinPool.commonPool-worker-0] INFO  server.RaftServer (RaftServerProxy.java:lambda$close$6(391)) - 81aedf04-38bc-4259-8f21-07d047f65c5c: close
2022-02-16 01:43:39,278 [ForkJoinPool.commonPool-worker-0] INFO  server.RaftServer$Division (RaftServerImpl.java:lambda$close$4(412)) - 81aedf04-38bc-4259-8f21-07d047f65c5c@group-E93265FD3A7F: shutdown
2022-02-16 01:43:39,278 [ForkJoinPool.commonPool-worker-0] INFO  util.JmxRegister (JmxRegister.java:unregister(73)) - Successfully un-registered JMX Bean with object name Ratis:service=RaftServer,group=group-E93265FD3A7F,id=81aedf04-38bc-4259-8f21-07d047f65c5c
2022-02-16 01:43:39,278 [ForkJoinPool.commonPool-worker-0] INFO  impl.RoleInfo (RoleInfo.java:shutdownLeaderState(91)) - 81aedf04-38bc-4259-8f21-07d047f65c5c: shutdown 81aedf04-38bc-4259-8f21-07d047f65c5c@group-E93265FD3A7F-LeaderStateImpl
2022-02-16 01:43:39,278 [ForkJoinPool.commonPool-worker-0] INFO  impl.PendingRequests (PendingRequests.java:sendNotLeaderResponses(282)) - 81aedf04-38bc-4259-8f21-07d047f65c5c@group-E93265FD3A7F-PendingRequests: sendNotLeaderResponses
2022-02-16 01:43:39,279 [ForkJoinPool.commonPool-worker-0] INFO  impl.StateMachineUpdater (StateMachineUpdater.java:stopAndJoin(149)) - 81aedf04-38bc-4259-8f21-07d047f65c5c@group-E93265FD3A7F-StateMachineUpdater: set stopIndex = 0
2022-02-16 01:43:39,279 [81aedf04-38bc-4259-8f21-07d047f65c5c@group-E93265FD3A7F-StateMachineUpdater] INFO  ratis.ContainerStateMachine (ContainerStateMachine.java:takeSnapshot(299)) - group-E93265FD3A7F: Taking a snapshot at:(t:1, i:0) file /home/runner/work/ozone/ozone/hadoop-ozone/integration-test/target/test-dir/MiniOzoneClusterImpl-c31dc292-76fe-4ff2-ba7c-3deb75f75441/datanode-6/data/ratis/9b233c29-1a5f-4785-a7a9-e93265fd3a7f/sm/snapshot.1_0
2022-02-16 01:43:39,279 [a160d0e9-2905-4393-b4ab-3632e6d9b9e1@group-1F9862849013-SegmentedRaftLogWorker] INFO  segmented.SegmentedRaftLogWorker (SegmentedRaftLogWorker.java:run(327)) - a160d0e9-2905-4393-b4ab-3632e6d9b9e1@group-1F9862849013-SegmentedRaftLogWorker was interrupted, exiting. There are 0 tasks remaining in the queue.
2022-02-16 01:43:39,280 [81aedf04-38bc-4259-8f21-07d047f65c5c@group-E93265FD3A7F-StateMachineUpdater] INFO  ratis.ContainerStateMachine (ContainerStateMachine.java:takeSnapshot(310)) - group-E93265FD3A7F: Finished taking a snapshot at:(t:1, i:0) file:/home/runner/work/ozone/ozone/hadoop-ozone/integration-test/target/test-dir/MiniOzoneClusterImpl-c31dc292-76fe-4ff2-ba7c-3deb75f75441/datanode-6/data/ratis/9b233c29-1a5f-4785-a7a9-e93265fd3a7f/sm/snapshot.1_0 took: 2 ms
2022-02-16 01:43:39,280 [81aedf04-38bc-4259-8f21-07d047f65c5c@group-E93265FD3A7F-StateMachineUpdater] INFO  impl.StateMachineUpdater (StateMachineUpdater.java:takeSnapshot(281)) - 81aedf04-38bc-4259-8f21-07d047f65c5c@group-E93265FD3A7F-StateMachineUpdater: Took a snapshot at index 0
2022-02-16 01:43:39,280 [81aedf04-38bc-4259-8f21-07d047f65c5c@group-E93265FD3A7F-StateMachineUpdater] INFO  impl.StateMachineUpdater (StateMachineUpdater.java:lambda$new$0(89)) - 81aedf04-38bc-4259-8f21-07d047f65c5c@group-E93265FD3A7F-StateMachineUpdater: snapshotIndex: updateIncreasingly -1 -> 0
2022-02-16 01:43:39,281 [ForkJoinPool.commonPool-worker-0] INFO  server.RaftServer$Division (ServerState.java:close(419)) - 81aedf04-38bc-4259-8f21-07d047f65c5c@group-E93265FD3A7F: closes. applyIndex: 0
2022-02-16 01:43:39,281 [81aedf04-38bc-4259-8f21-07d047f65c5c@group-E93265FD3A7F-SegmentedRaftLogWorker] INFO  segmented.SegmentedRaftLogWorker (SegmentedRaftLogWorker.java:run(327)) - 81aedf04-38bc-4259-8f21-07d047f65c5c@group-E93265FD3A7F-SegmentedRaftLogWorker was interrupted, exiting. There are 0 tasks remaining in the queue.
2022-02-16 01:43:39,282 [ForkJoinPool.commonPool-worker-0] INFO  segmented.SegmentedRaftLogWorker (SegmentedRaftLogWorker.java:close(237)) - 81aedf04-38bc-4259-8f21-07d047f65c5c@group-E93265FD3A7F-SegmentedRaftLogWorker close()
2022-02-16 01:43:39,283 [ForkJoinPool.commonPool-worker-0] INFO  server.RaftServer$Division (RaftServerImpl.java:lambda$close$4(412)) - 81aedf04-38bc-4259-8f21-07d047f65c5c@group-1F9862849013: shutdown
2022-02-16 01:43:39,283 [ForkJoinPool.commonPool-worker-0] INFO  util.JmxRegister (JmxRegister.java:unregister(73)) - Successfully un-registered JMX Bean with object name Ratis:service=RaftServer,group=group-1F9862849013,id=81aedf04-38bc-4259-8f21-07d047f65c5c
2022-02-16 01:43:39,283 [ForkJoinPool.commonPool-worker-0] INFO  impl.RoleInfo (RoleInfo.java:shutdownFollowerState(108)) - 81aedf04-38bc-4259-8f21-07d047f65c5c: shutdown 81aedf04-38bc-4259-8f21-07d047f65c5c@group-1F9862849013-FollowerState
2022-02-16 01:43:39,283 [ForkJoinPool.commonPool-worker-0] INFO  impl.StateMachineUpdater (StateMachineUpdater.java:stopAndJoin(149)) - 81aedf04-38bc-4259-8f21-07d047f65c5c@group-1F9862849013-StateMachineUpdater: set stopIndex = 0
2022-02-16 01:43:39,283 [81aedf04-38bc-4259-8f21-07d047f65c5c@group-1F9862849013-FollowerState] INFO  impl.FollowerState (FollowerState.java:run(143)) - 81aedf04-38bc-4259-8f21-07d047f65c5c@group-1F9862849013-FollowerState was interrupted: {}
java.lang.InterruptedException: sleep interrupted
	at java.lang.Thread.sleep(Native Method)
	at java.lang.Thread.sleep(Thread.java:340)
	at java.util.concurrent.TimeUnit.sleep(TimeUnit.java:386)
	at org.apache.ratis.util.TimeDuration.sleep(TimeDuration.java:324)
	at org.apache.ratis.util.TimeDuration.sleep(TimeDuration.java:309)
	at org.apache.ratis.server.impl.FollowerState.run(FollowerState.java:118)
2022-02-16 01:43:39,284 [81aedf04-38bc-4259-8f21-07d047f65c5c@group-1F9862849013-StateMachineUpdater] INFO  ratis.ContainerStateMachine (ContainerStateMachine.java:takeSnapshot(299)) - group-1F9862849013: Taking a snapshot at:(t:9, i:0) file /home/runner/work/ozone/ozone/hadoop-ozone/integration-test/target/test-dir/MiniOzoneClusterImpl-c31dc292-76fe-4ff2-ba7c-3deb75f75441/datanode-6/data/ratis/03d3f062-6fb7-46ce-bb2a-1f9862849013/sm/snapshot.9_0
2022-02-16 01:43:39,285 [81aedf04-38bc-4259-8f21-07d047f65c5c@group-1F9862849013-StateMachineUpdater] INFO  ratis.ContainerStateMachine (ContainerStateMachine.java:takeSnapshot(310)) - group-1F9862849013: Finished taking a snapshot at:(t:9, i:0) file:/home/runner/work/ozone/ozone/hadoop-ozone/integration-test/target/test-dir/MiniOzoneClusterImpl-c31dc292-76fe-4ff2-ba7c-3deb75f75441/datanode-6/data/ratis/03d3f062-6fb7-46ce-bb2a-1f9862849013/sm/snapshot.9_0 took: 1 ms
2022-02-16 01:43:39,285 [81aedf04-38bc-4259-8f21-07d047f65c5c@group-1F9862849013-StateMachineUpdater] INFO  impl.StateMachineUpdater (StateMachineUpdater.java:takeSnapshot(281)) - 81aedf04-38bc-4259-8f21-07d047f65c5c@group-1F9862849013-StateMachineUpdater: Took a snapshot at index 0
2022-02-16 01:43:39,285 [81aedf04-38bc-4259-8f21-07d047f65c5c@group-1F9862849013-StateMachineUpdater] INFO  impl.StateMachineUpdater (StateMachineUpdater.java:lambda$new$0(89)) - 81aedf04-38bc-4259-8f21-07d047f65c5c@group-1F9862849013-StateMachineUpdater: snapshotIndex: updateIncreasingly -1 -> 0
2022-02-16 01:43:39,285 [ForkJoinPool.commonPool-worker-0] INFO  server.RaftServer$Division (ServerState.java:close(419)) - 81aedf04-38bc-4259-8f21-07d047f65c5c@group-1F9862849013: closes. applyIndex: 0
2022-02-16 01:43:39,285 [81aedf04-38bc-4259-8f21-07d047f65c5c@group-1F9862849013-SegmentedRaftLogWorker] INFO  segmented.SegmentedRaftLogWorker (SegmentedRaftLogWorker.java:run(327)) - 81aedf04-38bc-4259-8f21-07d047f65c5c@group-1F9862849013-SegmentedRaftLogWorker was interrupted, exiting. There are 0 tasks remaining in the queue.
2022-02-16 01:43:39,285 [ForkJoinPool.commonPool-worker-0] INFO  segmented.SegmentedRaftLogWorker (SegmentedRaftLogWorker.java:close(237)) - 81aedf04-38bc-4259-8f21-07d047f65c5c@group-1F9862849013-SegmentedRaftLogWorker close()
2022-02-16 01:43:39,286 [Listener at 127.0.0.1/33913] INFO  segmented.SegmentedRaftLogWorker (SegmentedRaftLogWorker.java:close(237)) - a160d0e9-2905-4393-b4ab-3632e6d9b9e1@group-1F9862849013-SegmentedRaftLogWorker close()
2022-02-16 01:43:39,286 [ForkJoinPool.commonPool-worker-0] INFO  server.GrpcService (GrpcService.java:closeImpl(262)) - 81aedf04-38bc-4259-8f21-07d047f65c5c: shutdown server with port 43527 now
2022-02-16 01:43:39,287 [Listener at 127.0.0.1/33913] INFO  server.GrpcService (GrpcService.java:closeImpl(262)) - a160d0e9-2905-4393-b4ab-3632e6d9b9e1: shutdown server with port 39495 now
2022-02-16 01:43:39,300 [grpc-default-executor-4] WARN  server.GrpcServerProtocolService (LogUtils.java:warn(122)) - 81aedf04-38bc-4259-8f21-07d047f65c5c: installSnapshot onError, lastRequest: 003e5be4-9867-4f5a-83bb-9c943051b5bb->81aedf04-38bc-4259-8f21-07d047f65c5c#1-t9,previous=(t:0, i:0),leaderCommit=-1,initializing? true,entries: size=1, first=(t:9, i:0), CONFIGURATIONENTRY: org.apache.ratis.thirdparty.io.grpc.StatusRuntimeException: CANCELLED: client cancelled
2022-02-16 01:43:39,300 [grpc-default-executor-2] WARN  server.GrpcServerProtocolService (LogUtils.java:warn(122)) - a160d0e9-2905-4393-b4ab-3632e6d9b9e1: installSnapshot onError, lastRequest: 003e5be4-9867-4f5a-83bb-9c943051b5bb->a160d0e9-2905-4393-b4ab-3632e6d9b9e1#1-t9,previous=(t:0, i:0),leaderCommit=-1,initializing? true,entries: size=1, first=(t:9, i:0), CONFIGURATIONENTRY: org.apache.ratis.thirdparty.io.grpc.StatusRuntimeException: CANCELLED: client cancelled
2022-02-16 01:43:39,303 [grpc-default-executor-5] WARN  server.GrpcLogAppender (LogUtils.java:warn(122)) - 003e5be4-9867-4f5a-83bb-9c943051b5bb@group-1F9862849013->81aedf04-38bc-4259-8f21-07d047f65c5c-AppendLogResponseHandler: Failed appendEntries: org.apache.ratis.thirdparty.io.grpc.StatusRuntimeException: CANCELLED: HTTP/2 error code: CANCEL
Received Rst Stream
2022-02-16 01:43:39,303 [grpc-default-executor-5] WARN  server.GrpcLogAppender (GrpcLogAppender.java:resetClient(110)) - 003e5be4-9867-4f5a-83bb-9c943051b5bb@group-1F9862849013->81aedf04-38bc-4259-8f21-07d047f65c5c-GrpcLogAppender: Leader has not got in touch with Follower 003e5be4-9867-4f5a-83bb-9c943051b5bb@group-1F9862849013->81aedf04-38bc-4259-8f21-07d047f65c5c(c0,m0,n1, attendVote=true, lastRpcSendTime=1903, lastRpcResponseTime=1900) yet, just keep nextIndex unchanged and retry.
2022-02-16 01:43:39,306 [ForkJoinPool.commonPool-worker-0] INFO  server.GrpcService (GrpcService.java:closeImpl(271)) - 81aedf04-38bc-4259-8f21-07d047f65c5c: shutdown server with port 43527 successfully
2022-02-16 01:43:39,307 [org.apache.ratis.util.JvmPauseMonitor$$Lambda$431/1906549136@4aa08fd8] INFO  util.JvmPauseMonitor (JvmPauseMonitor.java:run(109)) - JvmPauseMonitor-81aedf04-38bc-4259-8f21-07d047f65c5c: Stopped
2022-02-16 01:43:39,310 [Listener at 127.0.0.1/33913] INFO  server.GrpcService (GrpcService.java:closeImpl(271)) - a160d0e9-2905-4393-b4ab-3632e6d9b9e1: shutdown server with port 39495 successfully
2022-02-16 01:43:39,310 [org.apache.ratis.util.JvmPauseMonitor$$Lambda$431/1906549136@6b203ebd] INFO  util.JvmPauseMonitor (JvmPauseMonitor.java:run(109)) - JvmPauseMonitor-a160d0e9-2905-4393-b4ab-3632e6d9b9e1: Stopped
2022-02-16 01:43:39,330 [grpc-default-executor-5] WARN  server.GrpcLogAppender (LogUtils.java:warn(122)) - 003e5be4-9867-4f5a-83bb-9c943051b5bb@group-1F9862849013->a160d0e9-2905-4393-b4ab-3632e6d9b9e1-AppendLogResponseHandler: Failed appendEntries: org.apache.ratis.thirdparty.io.grpc.StatusRuntimeException: CANCELLED: HTTP/2 error code: CANCEL
Received Rst Stream
2022-02-16 01:43:39,330 [grpc-default-executor-5] WARN  server.GrpcLogAppender (GrpcLogAppender.java:resetClient(110)) - 003e5be4-9867-4f5a-83bb-9c943051b5bb@group-1F9862849013->a160d0e9-2905-4393-b4ab-3632e6d9b9e1-GrpcLogAppender: Leader has not got in touch with Follower 003e5be4-9867-4f5a-83bb-9c943051b5bb@group-1F9862849013->a160d0e9-2905-4393-b4ab-3632e6d9b9e1(c0,m0,n1, attendVote=true, lastRpcSendTime=1931, lastRpcResponseTime=1926) yet, just keep nextIndex unchanged and retry.
2022-02-16 01:43:39,910 [grpc-default-executor-5] WARN  server.GrpcLogAppender (LogUtils.java:warn(122)) - 003e5be4-9867-4f5a-83bb-9c943051b5bb@group-1F9862849013->a160d0e9-2905-4393-b4ab-3632e6d9b9e1-AppendLogResponseHandler: Failed appendEntries: org.apache.ratis.thirdparty.io.grpc.StatusRuntimeException: UNAVAILABLE: io exception
2022-02-16 01:43:39,911 [grpc-default-executor-5] WARN  server.GrpcLogAppender (GrpcLogAppender.java:resetClient(110)) - 003e5be4-9867-4f5a-83bb-9c943051b5bb@group-1F9862849013->a160d0e9-2905-4393-b4ab-3632e6d9b9e1-GrpcLogAppender: Leader has not got in touch with Follower 003e5be4-9867-4f5a-83bb-9c943051b5bb@group-1F9862849013->a160d0e9-2905-4393-b4ab-3632e6d9b9e1(c0,m0,n1, attendVote=true, lastRpcSendTime=6, lastRpcResponseTime=2507) yet, just keep nextIndex unchanged and retry.
2022-02-16 01:43:39,927 [grpc-default-executor-5] WARN  server.GrpcLogAppender (LogUtils.java:warn(122)) - 003e5be4-9867-4f5a-83bb-9c943051b5bb@group-1F9862849013->81aedf04-38bc-4259-8f21-07d047f65c5c-AppendLogResponseHandler: Failed appendEntries: org.apache.ratis.thirdparty.io.grpc.StatusRuntimeException: UNAVAILABLE: io exception
2022-02-16 01:43:39,927 [grpc-default-executor-5] WARN  server.GrpcLogAppender (GrpcLogAppender.java:resetClient(110)) - 003e5be4-9867-4f5a-83bb-9c943051b5bb@group-1F9862849013->81aedf04-38bc-4259-8f21-07d047f65c5c-GrpcLogAppender: Leader has not got in touch with Follower 003e5be4-9867-4f5a-83bb-9c943051b5bb@group-1F9862849013->81aedf04-38bc-4259-8f21-07d047f65c5c(c0,m0,n1, attendVote=true, lastRpcSendTime=2528, lastRpcResponseTime=2524) yet, just keep nextIndex unchanged and retry.
2022-02-16 01:43:41,327 [Listener at 127.0.0.1/33913] INFO  utils.BackgroundService (BackgroundService.java:shutdown(132)) - Shutting down service BlockDeletingService
2022-02-16 01:43:41,393 [ForkJoinPool.commonPool-worker-0] INFO  utils.BackgroundService (BackgroundService.java:shutdown(132)) - Shutting down service BlockDeletingService
2022-02-16 01:43:42,407 [grpc-default-executor-5] WARN  server.GrpcLogAppender (LogUtils.java:warn(122)) - 003e5be4-9867-4f5a-83bb-9c943051b5bb@group-1F9862849013->a160d0e9-2905-4393-b4ab-3632e6d9b9e1-AppendLogResponseHandler: Failed appendEntries: org.apache.ratis.thirdparty.io.grpc.StatusRuntimeException: UNAVAILABLE: io exception
2022-02-16 01:43:42,408 [grpc-default-executor-5] WARN  server.GrpcLogAppender (GrpcLogAppender.java:resetClient(110)) - 003e5be4-9867-4f5a-83bb-9c943051b5bb@group-1F9862849013->a160d0e9-2905-4393-b4ab-3632e6d9b9e1-GrpcLogAppender: Leader has not got in touch with Follower 003e5be4-9867-4f5a-83bb-9c943051b5bb@group-1F9862849013->a160d0e9-2905-4393-b4ab-3632e6d9b9e1(c0,m0,n1, attendVote=true, lastRpcSendTime=2502, lastRpcResponseTime=5004) yet, just keep nextIndex unchanged and retry.
2022-02-16 01:43:42,444 [grpc-default-executor-5] WARN  server.GrpcLogAppender (LogUtils.java:warn(122)) - 003e5be4-9867-4f5a-83bb-9c943051b5bb@group-1F9862849013->81aedf04-38bc-4259-8f21-07d047f65c5c-AppendLogResponseHandler: Failed appendEntries: org.apache.ratis.thirdparty.io.grpc.StatusRuntimeException: UNAVAILABLE: io exception
2022-02-16 01:43:42,444 [grpc-default-executor-5] WARN  server.GrpcLogAppender (GrpcLogAppender.java:resetClient(110)) - 003e5be4-9867-4f5a-83bb-9c943051b5bb@group-1F9862849013->81aedf04-38bc-4259-8f21-07d047f65c5c-GrpcLogAppender: Leader has not got in touch with Follower 003e5be4-9867-4f5a-83bb-9c943051b5bb@group-1F9862849013->81aedf04-38bc-4259-8f21-07d047f65c5c(c0,m0,n1, attendVote=true, lastRpcSendTime=2516, lastRpcResponseTime=5041) yet, just keep nextIndex unchanged and retry.
2022-02-16 01:43:43,271 [003e5be4-9867-4f5a-83bb-9c943051b5bb@group-1F9862849013-LeaderStateImpl] WARN  server.RaftServer$Division (LeaderStateImpl.java:checkLeadership(974)) - 003e5be4-9867-4f5a-83bb-9c943051b5bb@group-1F9862849013-LeaderStateImpl: Lost leadership on term: 9. Election timeout: 5200ms. In charge for: 26048ms. Conf: 0: [81aedf04-38bc-4259-8f21-07d047f65c5c|rpc:10.1.0.46:43527|dataStream:|priority:0, a160d0e9-2905-4393-b4ab-3632e6d9b9e1|rpc:10.1.0.46:39495|dataStream:|priority:0, 003e5be4-9867-4f5a-83bb-9c943051b5bb|rpc:10.1.0.46:37171|dataStream:|priority:1], old=null
2022-02-16 01:43:43,271 [003e5be4-9867-4f5a-83bb-9c943051b5bb@group-1F9862849013-LeaderStateImpl] WARN  server.RaftServer$Division (LeaderStateImpl.java:lambda$checkLeadership$15(978)) - Follower 003e5be4-9867-4f5a-83bb-9c943051b5bb@group-1F9862849013->81aedf04-38bc-4259-8f21-07d047f65c5c(c0,m0,n1, attendVote=true, lastRpcSendTime=825, lastRpcResponseTime=5868)
2022-02-16 01:43:43,271 [003e5be4-9867-4f5a-83bb-9c943051b5bb@group-1F9862849013-LeaderStateImpl] WARN  server.RaftServer$Division (LeaderStateImpl.java:lambda$checkLeadership$15(978)) - Follower 003e5be4-9867-4f5a-83bb-9c943051b5bb@group-1F9862849013->a160d0e9-2905-4393-b4ab-3632e6d9b9e1(c0,m0,n1, attendVote=true, lastRpcSendTime=862, lastRpcResponseTime=5867)
2022-02-16 01:43:43,271 [003e5be4-9867-4f5a-83bb-9c943051b5bb@group-1F9862849013-LeaderStateImpl] INFO  server.RaftServer$Division (RaftServerImpl.java:setRole(290)) - 003e5be4-9867-4f5a-83bb-9c943051b5bb@group-1F9862849013: changes role from    LEADER to FOLLOWER at term 9 for StepDownReason:LOST_MAJORITY_HEARTBEATS
2022-02-16 01:43:43,272 [003e5be4-9867-4f5a-83bb-9c943051b5bb@group-1F9862849013-LeaderStateImpl] INFO  impl.RoleInfo (RoleInfo.java:shutdownLeaderState(91)) - 003e5be4-9867-4f5a-83bb-9c943051b5bb: shutdown 003e5be4-9867-4f5a-83bb-9c943051b5bb@group-1F9862849013-LeaderStateImpl
2022-02-16 01:43:43,272 [003e5be4-9867-4f5a-83bb-9c943051b5bb@group-1F9862849013-LeaderStateImpl] INFO  impl.PendingRequests (PendingRequests.java:sendNotLeaderResponses(282)) - 003e5be4-9867-4f5a-83bb-9c943051b5bb@group-1F9862849013-PendingRequests: sendNotLeaderResponses
2022-02-16 01:43:43,272 [003e5be4-9867-4f5a-83bb-9c943051b5bb@group-1F9862849013-LeaderStateImpl] INFO  impl.RoleInfo (RoleInfo.java:updateAndGet(130)) - 003e5be4-9867-4f5a-83bb-9c943051b5bb: start 003e5be4-9867-4f5a-83bb-9c943051b5bb@group-1F9862849013-FollowerState
2022-02-16 01:43:43,842 [EventQueue-StaleNodeForStaleNodeHandler] INFO  node.StaleNodeHandler (StaleNodeHandler.java:onMessage(58)) - Datanode a565342f-4fee-4f25-a030-3e45d0cf0ab9{ip: 10.1.0.46, host: fv-az184-768.3ow45vhwbzuu5incsxmygykede.cx.internal.cloudapp.net, ports: [REPLICATION=43651, RATIS=45097, RATIS_ADMIN=45097, RATIS_SERVER=45097, STANDALONE=45657], networkLocation: /default-rack, certSerialId: null, persistedOpState: IN_SERVICE, persistedOpStateExpiryEpochSec: 0} moved to stale state. Finalizing its pipelines [PipelineID=eff75b69-5cf3-4d72-bf43-504d69b4f741, PipelineID=a90fc9b7-1cc6-443f-8fc3-41334fb35384]
2022-02-16 01:43:43,885 [EventQueue-StaleNodeForStaleNodeHandler] INFO  pipeline.PipelineManagerImpl (PipelineManagerImpl.java:closePipeline(365)) - Pipeline Pipeline[ Id: eff75b69-5cf3-4d72-bf43-504d69b4f741, Nodes: edcd5571-e430-46af-ba60-7657fe1b1d4c{ip: 10.1.0.46, host: fv-az184-768.3ow45vhwbzuu5incsxmygykede.cx.internal.cloudapp.net, ports: [REPLICATION=43341, RATIS=34285, RATIS_ADMIN=34285, RATIS_SERVER=34285, STANDALONE=39839], networkLocation: /default-rack, certSerialId: null, persistedOpState: IN_SERVICE, persistedOpStateExpiryEpochSec: 0}a565342f-4fee-4f25-a030-3e45d0cf0ab9{ip: 10.1.0.46, host: fv-az184-768.3ow45vhwbzuu5incsxmygykede.cx.internal.cloudapp.net, ports: [REPLICATION=43651, RATIS=45097, RATIS_ADMIN=45097, RATIS_SERVER=45097, STANDALONE=45657], networkLocation: /default-rack, certSerialId: null, persistedOpState: IN_SERVICE, persistedOpStateExpiryEpochSec: 0}0abaf1aa-1b73-4e28-a6e5-0a41a9a3ec34{ip: 10.1.0.46, host: fv-az184-768.3ow45vhwbzuu5incsxmygykede.cx.internal.cloudapp.net, ports: [REPLICATION=41417, RATIS=36601, RATIS_ADMIN=36601, RATIS_SERVER=36601, STANDALONE=40789], networkLocation: /default-rack, certSerialId: null, persistedOpState: IN_SERVICE, persistedOpStateExpiryEpochSec: 0}, ReplicationConfig: RATIS/THREE, State:ALLOCATED, leaderId:, CreationTimestamp2022-02-16T01:42:27.947Z[Etc/UTC]] moved to CLOSED state
2022-02-16 01:43:43,894 [EventQueue-StaleNodeForStaleNodeHandler] INFO  pipeline.PipelineManagerImpl (PipelineManagerImpl.java:closePipeline(365)) - Pipeline Pipeline[ Id: a90fc9b7-1cc6-443f-8fc3-41334fb35384, Nodes: a565342f-4fee-4f25-a030-3e45d0cf0ab9{ip: 10.1.0.46, host: fv-az184-768.3ow45vhwbzuu5incsxmygykede.cx.internal.cloudapp.net, ports: [REPLICATION=43651, RATIS=45097, RATIS_ADMIN=45097, RATIS_SERVER=45097, STANDALONE=45657], networkLocation: /default-rack, certSerialId: null, persistedOpState: IN_SERVICE, persistedOpStateExpiryEpochSec: 0}, ReplicationConfig: RATIS/ONE, State:OPEN, leaderId:a565342f-4fee-4f25-a030-3e45d0cf0ab9, CreationTimestamp2022-02-16T01:42:27.707Z[Etc/UTC]] moved to CLOSED state
2022-02-16 01:43:43,896 [EventQueue-StaleNodeForStaleNodeHandler] INFO  node.StaleNodeHandler (StaleNodeHandler.java:onMessage(58)) - Datanode edcd5571-e430-46af-ba60-7657fe1b1d4c{ip: 10.1.0.46, host: fv-az184-768.3ow45vhwbzuu5incsxmygykede.cx.internal.cloudapp.net, ports: [REPLICATION=43341, RATIS=34285, RATIS_ADMIN=34285, RATIS_SERVER=34285, STANDALONE=39839], networkLocation: /default-rack, certSerialId: null, persistedOpState: IN_SERVICE, persistedOpStateExpiryEpochSec: 0} moved to stale state. Finalizing its pipelines [PipelineID=eff75b69-5cf3-4d72-bf43-504d69b4f741, PipelineID=1880ea62-2451-47a3-a663-9f5c4bbd6fee]
2022-02-16 01:43:43,898 [EventQueue-StaleNodeForStaleNodeHandler] INFO  pipeline.PipelineManagerImpl (PipelineManagerImpl.java:closePipeline(365)) - Pipeline Pipeline[ Id: 1880ea62-2451-47a3-a663-9f5c4bbd6fee, Nodes: edcd5571-e430-46af-ba60-7657fe1b1d4c{ip: 10.1.0.46, host: fv-az184-768.3ow45vhwbzuu5incsxmygykede.cx.internal.cloudapp.net, ports: [REPLICATION=43341, RATIS=34285, RATIS_ADMIN=34285, RATIS_SERVER=34285, STANDALONE=39839], networkLocation: /default-rack, certSerialId: null, persistedOpState: IN_SERVICE, persistedOpStateExpiryEpochSec: 0}, ReplicationConfig: RATIS/ONE, State:OPEN, leaderId:edcd5571-e430-46af-ba60-7657fe1b1d4c, CreationTimestamp2022-02-16T01:42:27.525Z[Etc/UTC]] moved to CLOSED state
2022-02-16 01:43:44,379 [Listener at 127.0.0.1/33913] INFO  statemachine.DatanodeStateMachine (DatanodeStateMachine.java:stopDaemon(529)) - Ozone container server stopped.
2022-02-16 01:43:44,380 [Listener at 127.0.0.1/33913] INFO  handler.ContextHandler (ContextHandler.java:doStop(1153)) - Stopped o.e.j.w.WebAppContext@69bd4edb{hddsDatanode,/,null,STOPPED}{jar:file:/home/runner/.m2/repository/org/apache/ozone/hdds-container-service/1.3.0-SNAPSHOT/hdds-container-service-1.3.0-SNAPSHOT.jar!/webapps/hddsDatanode}
2022-02-16 01:43:44,382 [Listener at 127.0.0.1/33913] INFO  server.AbstractConnector (AbstractConnector.java:doStop(381)) - Stopped ServerConnector@15a09ddc{HTTP/1.1, (http/1.1)}{0.0.0.0:0}
2022-02-16 01:43:44,382 [Listener at 127.0.0.1/33913] INFO  server.session (HouseKeeper.java:stopScavenging(149)) - node0 Stopped scavenging
2022-02-16 01:43:44,386 [Listener at 127.0.0.1/33913] INFO  handler.ContextHandler (ContextHandler.java:doStop(1153)) - Stopped o.e.j.s.ServletContextHandler@763a602{static,/static,jar:file:/home/runner/.m2/repository/org/apache/ozone/hdds-container-service/1.3.0-SNAPSHOT/hdds-container-service-1.3.0-SNAPSHOT.jar!/webapps/static,STOPPED}
2022-02-16 01:43:44,386 [Listener at 127.0.0.1/33913] INFO  handler.ContextHandler (ContextHandler.java:doStop(1153)) - Stopped o.e.j.s.ServletContextHandler@1ccacb0c{logs,/logs,file:///home/runner/work/ozone/ozone/hadoop-ozone/integration-test/target/log,STOPPED}
2022-02-16 01:43:44,407 [ForkJoinPool.commonPool-worker-0] INFO  statemachine.DatanodeStateMachine (DatanodeStateMachine.java:stopDaemon(529)) - Ozone container server stopped.
2022-02-16 01:43:44,409 [ForkJoinPool.commonPool-worker-0] INFO  handler.ContextHandler (ContextHandler.java:doStop(1153)) - Stopped o.e.j.w.WebAppContext@361398f6{hddsDatanode,/,null,STOPPED}{jar:file:/home/runner/.m2/repository/org/apache/ozone/hdds-container-service/1.3.0-SNAPSHOT/hdds-container-service-1.3.0-SNAPSHOT.jar!/webapps/hddsDatanode}
2022-02-16 01:43:44,414 [ForkJoinPool.commonPool-worker-0] INFO  server.AbstractConnector (AbstractConnector.java:doStop(381)) - Stopped ServerConnector@63574fbf{HTTP/1.1, (http/1.1)}{0.0.0.0:0}
2022-02-16 01:43:44,414 [ForkJoinPool.commonPool-worker-0] INFO  server.session (HouseKeeper.java:stopScavenging(149)) - node0 Stopped scavenging
2022-02-16 01:43:44,415 [ForkJoinPool.commonPool-worker-0] INFO  handler.ContextHandler (ContextHandler.java:doStop(1153)) - Stopped o.e.j.s.ServletContextHandler@770ad1f0{static,/static,jar:file:/home/runner/.m2/repository/org/apache/ozone/hdds-container-service/1.3.0-SNAPSHOT/hdds-container-service-1.3.0-SNAPSHOT.jar!/webapps/static,STOPPED}
2022-02-16 01:43:44,416 [ForkJoinPool.commonPool-worker-0] INFO  handler.ContextHandler (ContextHandler.java:doStop(1153)) - Stopped o.e.j.s.ServletContextHandler@2d532099{logs,/logs,file:///home/runner/work/ozone/ozone/hadoop-ozone/integration-test/target/log,STOPPED}
2022-02-16 01:43:48,404 [003e5be4-9867-4f5a-83bb-9c943051b5bb@group-1F9862849013-FollowerState] INFO  impl.FollowerState (FollowerState.java:lostMajorityHeartbeatsRecently(107)) - 003e5be4-9867-4f5a-83bb-9c943051b5bb@group-1F9862849013-FollowerState: Skipping leader election since it stepped down recently (elapsed = 5131ms < waitTime = 10s)
2022-02-16 01:43:49,388 [Listener at 127.0.0.1/33913] INFO  ozoneimpl.OzoneContainer (OzoneContainer.java:stop(336)) - Attempting to stop container services.
2022-02-16 01:43:49,390 [Listener at 127.0.0.1/33913] INFO  server.RaftServer (RaftServerProxy.java:lambda$close$6(391)) - 003e5be4-9867-4f5a-83bb-9c943051b5bb: close
2022-02-16 01:43:49,391 [Listener at 127.0.0.1/33913] INFO  server.RaftServer$Division (RaftServerImpl.java:lambda$close$4(412)) - 003e5be4-9867-4f5a-83bb-9c943051b5bb@group-3AE065BF0A88: shutdown
2022-02-16 01:43:49,391 [Listener at 127.0.0.1/33913] INFO  util.JmxRegister (JmxRegister.java:unregister(73)) - Successfully un-registered JMX Bean with object name Ratis:service=RaftServer,group=group-3AE065BF0A88,id=003e5be4-9867-4f5a-83bb-9c943051b5bb
2022-02-16 01:43:49,391 [Listener at 127.0.0.1/33913] INFO  impl.RoleInfo (RoleInfo.java:shutdownLeaderState(91)) - 003e5be4-9867-4f5a-83bb-9c943051b5bb: shutdown 003e5be4-9867-4f5a-83bb-9c943051b5bb@group-3AE065BF0A88-LeaderStateImpl
2022-02-16 01:43:49,391 [Listener at 127.0.0.1/33913] INFO  impl.PendingRequests (PendingRequests.java:sendNotLeaderResponses(282)) - 003e5be4-9867-4f5a-83bb-9c943051b5bb@group-3AE065BF0A88-PendingRequests: sendNotLeaderResponses
2022-02-16 01:43:49,392 [Listener at 127.0.0.1/33913] INFO  impl.StateMachineUpdater (StateMachineUpdater.java:stopAndJoin(149)) - 003e5be4-9867-4f5a-83bb-9c943051b5bb@group-3AE065BF0A88-StateMachineUpdater: set stopIndex = 0
2022-02-16 01:43:49,392 [003e5be4-9867-4f5a-83bb-9c943051b5bb@group-3AE065BF0A88-StateMachineUpdater] INFO  ratis.ContainerStateMachine (ContainerStateMachine.java:takeSnapshot(299)) - group-3AE065BF0A88: Taking a snapshot at:(t:1, i:0) file /home/runner/work/ozone/ozone/hadoop-ozone/integration-test/target/test-dir/MiniOzoneClusterImpl-c31dc292-76fe-4ff2-ba7c-3deb75f75441/datanode-8/data/ratis/c6456f98-7815-464e-9a3d-3ae065bf0a88/sm/snapshot.1_0
2022-02-16 01:43:49,393 [003e5be4-9867-4f5a-83bb-9c943051b5bb@group-3AE065BF0A88-StateMachineUpdater] INFO  ratis.ContainerStateMachine (ContainerStateMachine.java:takeSnapshot(310)) - group-3AE065BF0A88: Finished taking a snapshot at:(t:1, i:0) file:/home/runner/work/ozone/ozone/hadoop-ozone/integration-test/target/test-dir/MiniOzoneClusterImpl-c31dc292-76fe-4ff2-ba7c-3deb75f75441/datanode-8/data/ratis/c6456f98-7815-464e-9a3d-3ae065bf0a88/sm/snapshot.1_0 took: 1 ms
2022-02-16 01:43:49,394 [003e5be4-9867-4f5a-83bb-9c943051b5bb@group-3AE065BF0A88-StateMachineUpdater] INFO  impl.StateMachineUpdater (StateMachineUpdater.java:takeSnapshot(281)) - 003e5be4-9867-4f5a-83bb-9c943051b5bb@group-3AE065BF0A88-StateMachineUpdater: Took a snapshot at index 0
2022-02-16 01:43:49,394 [003e5be4-9867-4f5a-83bb-9c943051b5bb@group-3AE065BF0A88-StateMachineUpdater] INFO  impl.StateMachineUpdater (StateMachineUpdater.java:lambda$new$0(89)) - 003e5be4-9867-4f5a-83bb-9c943051b5bb@group-3AE065BF0A88-StateMachineUpdater: snapshotIndex: updateIncreasingly -1 -> 0
2022-02-16 01:43:49,394 [Listener at 127.0.0.1/33913] INFO  server.RaftServer$Division (ServerState.java:close(419)) - 003e5be4-9867-4f5a-83bb-9c943051b5bb@group-3AE065BF0A88: closes. applyIndex: 0
2022-02-16 01:43:49,395 [003e5be4-9867-4f5a-83bb-9c943051b5bb@group-3AE065BF0A88-SegmentedRaftLogWorker] INFO  segmented.SegmentedRaftLogWorker (SegmentedRaftLogWorker.java:run(327)) - 003e5be4-9867-4f5a-83bb-9c943051b5bb@group-3AE065BF0A88-SegmentedRaftLogWorker was interrupted, exiting. There are 0 tasks remaining in the queue.
2022-02-16 01:43:49,395 [Listener at 127.0.0.1/33913] INFO  segmented.SegmentedRaftLogWorker (SegmentedRaftLogWorker.java:close(237)) - 003e5be4-9867-4f5a-83bb-9c943051b5bb@group-3AE065BF0A88-SegmentedRaftLogWorker close()
2022-02-16 01:43:49,396 [Listener at 127.0.0.1/33913] INFO  server.RaftServer$Division (RaftServerImpl.java:lambda$close$4(412)) - 003e5be4-9867-4f5a-83bb-9c943051b5bb@group-1F9862849013: shutdown
2022-02-16 01:43:49,396 [Listener at 127.0.0.1/33913] INFO  util.JmxRegister (JmxRegister.java:unregister(73)) - Successfully un-registered JMX Bean with object name Ratis:service=RaftServer,group=group-1F9862849013,id=003e5be4-9867-4f5a-83bb-9c943051b5bb
2022-02-16 01:43:49,396 [Listener at 127.0.0.1/33913] INFO  impl.RoleInfo (RoleInfo.java:shutdownFollowerState(108)) - 003e5be4-9867-4f5a-83bb-9c943051b5bb: shutdown 003e5be4-9867-4f5a-83bb-9c943051b5bb@group-1F9862849013-FollowerState
2022-02-16 01:43:49,396 [Listener at 127.0.0.1/33913] INFO  impl.StateMachineUpdater (StateMachineUpdater.java:stopAndJoin(149)) - 003e5be4-9867-4f5a-83bb-9c943051b5bb@group-1F9862849013-StateMachineUpdater: set stopIndex = 0
2022-02-16 01:43:49,396 [003e5be4-9867-4f5a-83bb-9c943051b5bb@group-1F9862849013-FollowerState] INFO  impl.FollowerState (FollowerState.java:run(143)) - 003e5be4-9867-4f5a-83bb-9c943051b5bb@group-1F9862849013-FollowerState was interrupted: {}
java.lang.InterruptedException: sleep interrupted
	at java.lang.Thread.sleep(Native Method)
	at java.lang.Thread.sleep(Thread.java:340)
	at java.util.concurrent.TimeUnit.sleep(TimeUnit.java:386)
	at org.apache.ratis.util.TimeDuration.sleep(TimeDuration.java:324)
	at org.apache.ratis.util.TimeDuration.sleep(TimeDuration.java:309)
	at org.apache.ratis.server.impl.FollowerState.run(FollowerState.java:118)
2022-02-16 01:43:49,396 [003e5be4-9867-4f5a-83bb-9c943051b5bb@group-1F9862849013-StateMachineUpdater] INFO  ratis.ContainerStateMachine (ContainerStateMachine.java:takeSnapshot(299)) - group-1F9862849013: Taking a snapshot at:(t:9, i:0) file /home/runner/work/ozone/ozone/hadoop-ozone/integration-test/target/test-dir/MiniOzoneClusterImpl-c31dc292-76fe-4ff2-ba7c-3deb75f75441/datanode-8/data/ratis/03d3f062-6fb7-46ce-bb2a-1f9862849013/sm/snapshot.9_0
2022-02-16 01:43:49,397 [003e5be4-9867-4f5a-83bb-9c943051b5bb@group-1F9862849013-StateMachineUpdater] INFO  ratis.ContainerStateMachine (ContainerStateMachine.java:takeSnapshot(310)) - group-1F9862849013: Finished taking a snapshot at:(t:9, i:0) file:/home/runner/work/ozone/ozone/hadoop-ozone/integration-test/target/test-dir/MiniOzoneClusterImpl-c31dc292-76fe-4ff2-ba7c-3deb75f75441/datanode-8/data/ratis/03d3f062-6fb7-46ce-bb2a-1f9862849013/sm/snapshot.9_0 took: 1 ms
2022-02-16 01:43:49,397 [003e5be4-9867-4f5a-83bb-9c943051b5bb@group-1F9862849013-StateMachineUpdater] INFO  impl.StateMachineUpdater (StateMachineUpdater.java:takeSnapshot(281)) - 003e5be4-9867-4f5a-83bb-9c943051b5bb@group-1F9862849013-StateMachineUpdater: Took a snapshot at index 0
2022-02-16 01:43:49,397 [003e5be4-9867-4f5a-83bb-9c943051b5bb@group-1F9862849013-StateMachineUpdater] INFO  impl.StateMachineUpdater (StateMachineUpdater.java:lambda$new$0(89)) - 003e5be4-9867-4f5a-83bb-9c943051b5bb@group-1F9862849013-StateMachineUpdater: snapshotIndex: updateIncreasingly -1 -> 0
2022-02-16 01:43:49,402 [Listener at 127.0.0.1/33913] INFO  server.RaftServer$Division (ServerState.java:close(419)) - 003e5be4-9867-4f5a-83bb-9c943051b5bb@group-1F9862849013: closes. applyIndex: 0
2022-02-16 01:43:49,402 [003e5be4-9867-4f5a-83bb-9c943051b5bb@group-1F9862849013-SegmentedRaftLogWorker] INFO  segmented.SegmentedRaftLogWorker (SegmentedRaftLogWorker.java:run(327)) - 003e5be4-9867-4f5a-83bb-9c943051b5bb@group-1F9862849013-SegmentedRaftLogWorker was interrupted, exiting. There are 0 tasks remaining in the queue.
2022-02-16 01:43:49,403 [Listener at 127.0.0.1/33913] INFO  segmented.SegmentedRaftLogWorker (SegmentedRaftLogWorker.java:close(237)) - 003e5be4-9867-4f5a-83bb-9c943051b5bb@group-1F9862849013-SegmentedRaftLogWorker close()
2022-02-16 01:43:49,403 [Listener at 127.0.0.1/33913] INFO  server.GrpcService (GrpcService.java:closeImpl(262)) - 003e5be4-9867-4f5a-83bb-9c943051b5bb: shutdown server with port 37171 now
2022-02-16 01:43:49,406 [Listener at 127.0.0.1/33913] INFO  server.GrpcService (GrpcService.java:closeImpl(271)) - 003e5be4-9867-4f5a-83bb-9c943051b5bb: shutdown server with port 37171 successfully
2022-02-16 01:43:49,406 [org.apache.ratis.util.JvmPauseMonitor$$Lambda$431/1906549136@260c4641] INFO  util.JvmPauseMonitor (JvmPauseMonitor.java:run(109)) - JvmPauseMonitor-003e5be4-9867-4f5a-83bb-9c943051b5bb: Stopped
2022-02-16 01:43:51,440 [Listener at 127.0.0.1/33913] INFO  utils.BackgroundService (BackgroundService.java:shutdown(132)) - Shutting down service BlockDeletingService
2022-02-16 01:43:53,387 [EventQueue-StaleNodeForStaleNodeHandler] INFO  node.StaleNodeHandler (StaleNodeHandler.java:onMessage(58)) - Datanode 2f6f166e-3639-444f-87d9-77f80c10b379{ip: 10.1.0.46, host: fv-az184-768.3ow45vhwbzuu5incsxmygykede.cx.internal.cloudapp.net, ports: [REPLICATION=33779, RATIS=41167, RATIS_ADMIN=41167, RATIS_SERVER=41167, STANDALONE=33451], networkLocation: /default-rack, certSerialId: null, persistedOpState: IN_SERVICE, persistedOpStateExpiryEpochSec: 0} moved to stale state. Finalizing its pipelines [PipelineID=8fc00d5e-68fd-47e8-9d04-df2487306472, PipelineID=9892d6ea-815e-4be0-abff-ecb279baf00e]
2022-02-16 01:43:53,390 [EventQueue-StaleNodeForStaleNodeHandler] INFO  pipeline.PipelineManagerImpl (PipelineManagerImpl.java:closePipeline(365)) - Pipeline Pipeline[ Id: 8fc00d5e-68fd-47e8-9d04-df2487306472, Nodes: 2f6f166e-3639-444f-87d9-77f80c10b379{ip: 10.1.0.46, host: fv-az184-768.3ow45vhwbzuu5incsxmygykede.cx.internal.cloudapp.net, ports: [REPLICATION=33779, RATIS=41167, RATIS_ADMIN=41167, RATIS_SERVER=41167, STANDALONE=33451], networkLocation: /default-rack, certSerialId: null, persistedOpState: IN_SERVICE, persistedOpStateExpiryEpochSec: 0}, ReplicationConfig: RATIS/ONE, State:OPEN, leaderId:2f6f166e-3639-444f-87d9-77f80c10b379, CreationTimestamp2022-02-16T01:42:26.885Z[Etc/UTC]] moved to CLOSED state
2022-02-16 01:43:54,190 [EventQueue-StaleNodeForStaleNodeHandler] INFO  node.StaleNodeHandler (StaleNodeHandler.java:onMessage(58)) - Datanode 0abaf1aa-1b73-4e28-a6e5-0a41a9a3ec34{ip: 10.1.0.46, host: fv-az184-768.3ow45vhwbzuu5incsxmygykede.cx.internal.cloudapp.net, ports: [REPLICATION=41417, RATIS=36601, RATIS_ADMIN=36601, RATIS_SERVER=36601, STANDALONE=40789], networkLocation: /default-rack, certSerialId: null, persistedOpState: IN_SERVICE, persistedOpStateExpiryEpochSec: 0} moved to stale state. Finalizing its pipelines [PipelineID=eff75b69-5cf3-4d72-bf43-504d69b4f741, PipelineID=2b72fae5-6830-4940-9b5a-be3c88dc2a16]
2022-02-16 01:43:54,197 [EventQueue-StaleNodeForStaleNodeHandler] INFO  pipeline.PipelineManagerImpl (PipelineManagerImpl.java:closePipeline(365)) - Pipeline Pipeline[ Id: 2b72fae5-6830-4940-9b5a-be3c88dc2a16, Nodes: 0abaf1aa-1b73-4e28-a6e5-0a41a9a3ec34{ip: 10.1.0.46, host: fv-az184-768.3ow45vhwbzuu5incsxmygykede.cx.internal.cloudapp.net, ports: [REPLICATION=41417, RATIS=36601, RATIS_ADMIN=36601, RATIS_SERVER=36601, STANDALONE=40789], networkLocation: /default-rack, certSerialId: null, persistedOpState: IN_SERVICE, persistedOpStateExpiryEpochSec: 0}, ReplicationConfig: RATIS/ONE, State:OPEN, leaderId:0abaf1aa-1b73-4e28-a6e5-0a41a9a3ec34, CreationTimestamp2022-02-16T01:42:27.944Z[Etc/UTC]] moved to CLOSED state
2022-02-16 01:43:54,488 [Listener at 127.0.0.1/33913] INFO  statemachine.DatanodeStateMachine (DatanodeStateMachine.java:stopDaemon(529)) - Ozone container server stopped.
2022-02-16 01:43:54,489 [Listener at 127.0.0.1/33913] INFO  handler.ContextHandler (ContextHandler.java:doStop(1153)) - Stopped o.e.j.w.WebAppContext@7f9c249c{hddsDatanode,/,null,STOPPED}{jar:file:/home/runner/.m2/repository/org/apache/ozone/hdds-container-service/1.3.0-SNAPSHOT/hdds-container-service-1.3.0-SNAPSHOT.jar!/webapps/hddsDatanode}
2022-02-16 01:43:54,489 [Listener at 127.0.0.1/33913] INFO  server.AbstractConnector (AbstractConnector.java:doStop(381)) - Stopped ServerConnector@6014a1f5{HTTP/1.1, (http/1.1)}{0.0.0.0:0}
2022-02-16 01:43:54,489 [Listener at 127.0.0.1/33913] INFO  server.session (HouseKeeper.java:stopScavenging(149)) - node0 Stopped scavenging
2022-02-16 01:43:54,490 [Listener at 127.0.0.1/33913] INFO  handler.ContextHandler (ContextHandler.java:doStop(1153)) - Stopped o.e.j.s.ServletContextHandler@5275b8c2{static,/static,jar:file:/home/runner/.m2/repository/org/apache/ozone/hdds-container-service/1.3.0-SNAPSHOT/hdds-container-service-1.3.0-SNAPSHOT.jar!/webapps/static,STOPPED}
2022-02-16 01:43:54,490 [Listener at 127.0.0.1/33913] INFO  handler.ContextHandler (ContextHandler.java:doStop(1153)) - Stopped o.e.j.s.ServletContextHandler@2c892155{logs,/logs,file:///home/runner/work/ozone/ozone/hadoop-ozone/integration-test/target/log,STOPPED}
2022-02-16 01:43:54,495 [Listener at 127.0.0.1/33913] INFO  ozone.MiniOzoneClusterImpl (MiniOzoneClusterImpl.java:stopSCM(526)) - Stopping the StorageContainerManager
2022-02-16 01:43:54,495 [Listener at 127.0.0.1/33913] INFO  server.StorageContainerManager (StorageContainerManager.java:stop(1390)) - Stopping Container Balancer service.
2022-02-16 01:43:54,495 [Listener at 127.0.0.1/33913] INFO  balancer.ContainerBalancer (ContainerBalancer.java:stop(751)) - Container Balancer is not running.
2022-02-16 01:43:54,495 [Listener at 127.0.0.1/33913] INFO  server.StorageContainerManager (StorageContainerManager.java:stop(1397)) - Stopping Replication Manager Service.
2022-02-16 01:43:54,495 [Listener at 127.0.0.1/33913] INFO  container.ReplicationManager (ReplicationManager.java:stop(357)) - Stopping Replication Monitor Thread.
2022-02-16 01:43:54,495 [Listener at 127.0.0.1/33913] INFO  server.StorageContainerManager (StorageContainerManager.java:stop(1404)) - Stopping the Datanode Admin Monitor.
2022-02-16 01:43:54,496 [Listener at 127.0.0.1/33913] INFO  server.StorageContainerManager (StorageContainerManager.java:stop(1411)) - Stopping Lease Manager of the command watchers
2022-02-16 01:43:54,496 [Listener at 127.0.0.1/33913] INFO  server.StorageContainerManager (StorageContainerManager.java:stop(1418)) - Stopping datanode service RPC server
2022-02-16 01:43:54,496 [Listener at 127.0.0.1/33913] INFO  server.SCMDatanodeProtocolServer (SCMDatanodeProtocolServer.java:stop(390)) - Stopping the RPC server for DataNodes
2022-02-16 01:43:54,496 [Listener at 127.0.0.1/33913] INFO  ipc.Server (Server.java:stop(3414)) - Stopping server on 43911
2022-02-16 01:43:54,497 [IPC Server listener on 0] INFO  ipc.Server (Server.java:run(1376)) - Stopping IPC Server listener on 0
2022-02-16 01:43:54,511 [IPC Server Responder] INFO  ipc.Server (Server.java:run(1512)) - Stopping IPC Server Responder
2022-02-16 01:43:54,594 [SCM Heartbeat Processing Thread - 0] WARN  node.NodeStateManager (NodeStateManager.java:scheduleNextHealthCheck(799)) - Current Thread is interrupted, shutting down HB processing thread for Node Manager.
2022-02-16 01:43:54,595 [Listener at 127.0.0.1/33913] INFO  server.StorageContainerManager (StorageContainerManager.java:stop(1426)) - Stopping block service RPC server
2022-02-16 01:43:54,596 [Listener at 127.0.0.1/33913] INFO  server.SCMBlockProtocolServer (SCMBlockProtocolServer.java:stop(160)) - Stopping the RPC server for Block Protocol
2022-02-16 01:43:54,596 [Listener at 127.0.0.1/33913] INFO  ipc.Server (Server.java:stop(3414)) - Stopping server on 39033
2022-02-16 01:43:54,605 [IPC Server Responder] INFO  ipc.Server (Server.java:run(1512)) - Stopping IPC Server Responder
2022-02-16 01:43:54,605 [Listener at 127.0.0.1/33913] INFO  server.StorageContainerManager (StorageContainerManager.java:stop(1433)) - Stopping the StorageContainerLocationProtocol RPC server
2022-02-16 01:43:54,606 [Listener at 127.0.0.1/33913] INFO  server.SCMClientProtocolServer (SCMClientProtocolServer.java:stop(174)) - Stopping the RPC server for Client Protocol
2022-02-16 01:43:54,606 [Listener at 127.0.0.1/33913] INFO  ipc.Server (Server.java:stop(3414)) - Stopping server on 37497
2022-02-16 01:43:54,607 [IPC Server listener on 0] INFO  ipc.Server (Server.java:run(1376)) - Stopping IPC Server listener on 0
2022-02-16 01:43:54,624 [Listener at 127.0.0.1/33913] INFO  server.StorageContainerManager (StorageContainerManager.java:stop(1440)) - Stopping Storage Container Manager HTTP server.
2022-02-16 01:43:54,625 [Listener at 127.0.0.1/33913] INFO  handler.ContextHandler (ContextHandler.java:doStop(1153)) - Stopped o.e.j.w.WebAppContext@5c261c74{scm,/,null,STOPPED}{file:/home/runner/work/ozone/ozone/hadoop-ozone/integration-test/target/test-classes/webapps/scm}
2022-02-16 01:43:54,626 [Listener at 127.0.0.1/33913] INFO  server.AbstractConnector (AbstractConnector.java:doStop(381)) - Stopped ServerConnector@7e9ed4df{HTTP/1.1, (http/1.1)}{0.0.0.0:0}
2022-02-16 01:43:54,626 [Listener at 127.0.0.1/33913] INFO  server.session (HouseKeeper.java:stopScavenging(149)) - node0 Stopped scavenging
2022-02-16 01:43:54,626 [Listener at 127.0.0.1/33913] INFO  handler.ContextHandler (ContextHandler.java:doStop(1153)) - Stopped o.e.j.s.ServletContextHandler@27691ee8{static,/static,file:///home/runner/work/ozone/ozone/hadoop-ozone/integration-test/target/test-classes/webapps/static,STOPPED}
2022-02-16 01:43:54,627 [IPC Server listener on 0] INFO  ipc.Server (Server.java:run(1376)) - Stopping IPC Server listener on 0
2022-02-16 01:43:54,626 [IPC Server Responder] INFO  ipc.Server (Server.java:run(1512)) - Stopping IPC Server Responder
2022-02-16 01:43:54,627 [Listener at 127.0.0.1/33913] INFO  handler.ContextHandler (ContextHandler.java:doStop(1153)) - Stopped o.e.j.s.ServletContextHandler@9fd3b61{logs,/logs,file:///home/runner/work/ozone/ozone/hadoop-ozone/integration-test/target/log,STOPPED}
2022-02-16 01:43:54,628 [Listener at 127.0.0.1/33913] INFO  server.StorageContainerManager (StorageContainerManager.java:stop(1451)) - Stopping Block Manager Service.
2022-02-16 01:43:54,628 [Listener at 127.0.0.1/33913] INFO  utils.BackgroundService (BackgroundService.java:shutdown(132)) - Shutting down service SCMBlockDeletingService
2022-02-16 01:43:54,629 [Listener at 127.0.0.1/33913] INFO  utils.BackgroundService (BackgroundService.java:shutdown(132)) - Shutting down service SCMBlockDeletingService
2022-02-16 01:43:54,629 [Listener at 127.0.0.1/33913] INFO  server.StorageContainerManager (StorageContainerManager.java:stop(1478)) - Stopping SCM Event Queue.
2022-02-16 01:43:54,635 [Listener at 127.0.0.1/33913] INFO  server.StorageContainerManager (StorageContainerManager.java:stop(1489)) - Stopping SCM HA services.
2022-02-16 01:43:54,635 [Listener at 127.0.0.1/33913] INFO  ha.SCMRatisServerImpl (SCMRatisServerImpl.java:stop(236)) - stopping ratis server 0.0.0.0:9894
2022-02-16 01:43:54,638 [Listener at 127.0.0.1/33913] INFO  server.RaftServer (RaftServerProxy.java:lambda$close$6(391)) - a1539ca7-d2c9-46ac-93a4-114c16d1b05c: close
2022-02-16 01:43:54,638 [Listener at 127.0.0.1/33913] INFO  server.RaftServer$Division (RaftServerImpl.java:lambda$close$4(412)) - a1539ca7-d2c9-46ac-93a4-114c16d1b05c@group-3DEB75F75441: shutdown
2022-02-16 01:43:54,638 [Listener at 127.0.0.1/33913] INFO  util.JmxRegister (JmxRegister.java:unregister(73)) - Successfully un-registered JMX Bean with object name Ratis:service=RaftServer,group=group-3DEB75F75441,id=a1539ca7-d2c9-46ac-93a4-114c16d1b05c
2022-02-16 01:43:54,639 [Listener at 127.0.0.1/33913] INFO  impl.RoleInfo (RoleInfo.java:shutdownLeaderState(91)) - a1539ca7-d2c9-46ac-93a4-114c16d1b05c: shutdown a1539ca7-d2c9-46ac-93a4-114c16d1b05c@group-3DEB75F75441-LeaderStateImpl
2022-02-16 01:43:54,642 [Listener at 127.0.0.1/33913] INFO  impl.PendingRequests (PendingRequests.java:sendNotLeaderResponses(282)) - a1539ca7-d2c9-46ac-93a4-114c16d1b05c@group-3DEB75F75441-PendingRequests: sendNotLeaderResponses
2022-02-16 01:43:54,642 [Listener at 127.0.0.1/33913] INFO  ha.SCMStateMachine (SCMStateMachine.java:notifyNotLeader(190)) - current leader SCM steps down.
2022-02-16 01:43:54,642 [Listener at 127.0.0.1/33913] INFO  ha.SCMContext (SCMContext.java:updateLeaderAndTerm(90)) - update <isLeader,term> from <true,2> to <false,0>
2022-02-16 01:43:54,642 [Listener at 127.0.0.1/33913] INFO  ha.SCMContext (SCMContext.java:updateLeaderAndTerm(97)) - update <isLeaderReady> from <false> to <false>
2022-02-16 01:43:54,670 [Listener at 127.0.0.1/33913] INFO  impl.StateMachineUpdater (StateMachineUpdater.java:stopAndJoin(149)) - a1539ca7-d2c9-46ac-93a4-114c16d1b05c@group-3DEB75F75441-StateMachineUpdater: set stopIndex = 74
2022-02-16 01:43:54,671 [a1539ca7-d2c9-46ac-93a4-114c16d1b05c@group-3DEB75F75441-StateMachineUpdater] INFO  ha.SCMStateMachine (SCMStateMachine.java:takeSnapshot(297)) - Current Snapshot Index 74, takeSnapshot took 1 ms
2022-02-16 01:43:54,671 [a1539ca7-d2c9-46ac-93a4-114c16d1b05c@group-3DEB75F75441-StateMachineUpdater] INFO  impl.StateMachineUpdater (StateMachineUpdater.java:takeSnapshot(281)) - a1539ca7-d2c9-46ac-93a4-114c16d1b05c@group-3DEB75F75441-StateMachineUpdater: Took a snapshot at index 74
2022-02-16 01:43:54,671 [a1539ca7-d2c9-46ac-93a4-114c16d1b05c@group-3DEB75F75441-StateMachineUpdater] INFO  impl.StateMachineUpdater (StateMachineUpdater.java:lambda$new$0(89)) - a1539ca7-d2c9-46ac-93a4-114c16d1b05c@group-3DEB75F75441-StateMachineUpdater: snapshotIndex: updateIncreasingly -1 -> 74
2022-02-16 01:43:54,672 [Listener at 127.0.0.1/33913] INFO  server.RaftServer$Division (ServerState.java:close(419)) - a1539ca7-d2c9-46ac-93a4-114c16d1b05c@group-3DEB75F75441: closes. applyIndex: 74
2022-02-16 01:43:54,672 [a1539ca7-d2c9-46ac-93a4-114c16d1b05c@group-3DEB75F75441-SegmentedRaftLogWorker] INFO  segmented.SegmentedRaftLogWorker (SegmentedRaftLogWorker.java:run(327)) - a1539ca7-d2c9-46ac-93a4-114c16d1b05c@group-3DEB75F75441-SegmentedRaftLogWorker was interrupted, exiting. There are 0 tasks remaining in the queue.
2022-02-16 01:43:54,673 [Listener at 127.0.0.1/33913] INFO  segmented.SegmentedRaftLogWorker (SegmentedRaftLogWorker.java:close(237)) - a1539ca7-d2c9-46ac-93a4-114c16d1b05c@group-3DEB75F75441-SegmentedRaftLogWorker close()
2022-02-16 01:43:54,674 [Listener at 127.0.0.1/33913] INFO  server.GrpcService (GrpcService.java:closeImpl(262)) - a1539ca7-d2c9-46ac-93a4-114c16d1b05c: shutdown server with port 9894 now
2022-02-16 01:43:54,674 [Listener at 127.0.0.1/33913] INFO  server.GrpcService (GrpcService.java:closeImpl(271)) - a1539ca7-d2c9-46ac-93a4-114c16d1b05c: shutdown server with port 9894 successfully
2022-02-16 01:43:54,674 [org.apache.ratis.util.JvmPauseMonitor$$Lambda$431/1906549136@301e5d23] INFO  util.JvmPauseMonitor (JvmPauseMonitor.java:run(109)) - JvmPauseMonitor-a1539ca7-d2c9-46ac-93a4-114c16d1b05c: Stopped
2022-02-16 01:43:54,675 [Listener at 127.0.0.1/33913] INFO  pipeline.BackgroundPipelineCreator (BackgroundPipelineCreator.java:stop(158)) - Stopping RatisPipelineUtilsThread.
2022-02-16 01:43:54,675 [Listener at 127.0.0.1/33913] INFO  server.StorageContainerManager (StorageContainerManager.java:stop(1499)) - Stopping SCM MetadataStore.
2022-02-16 01:43:54,677 [Listener at 127.0.0.1/33913] INFO  impl.MetricsSystemImpl (MetricsSystemImpl.java:stop(210)) - Stopping XceiverClientMetrics metrics system...
2022-02-16 01:43:54,697 [prometheus] INFO  impl.MetricsSinkAdapter (MetricsSinkAdapter.java:publishMetricsFromQueue(141)) - prometheus thread interrupted.
2022-02-16 01:43:54,699 [Listener at 127.0.0.1/33913] INFO  impl.MetricsSystemImpl (MetricsSystemImpl.java:stop(216)) - XceiverClientMetrics metrics system stopped.
]]></system-out>
  </testcase>
  <testcase name="testWatchForCommitForRetryfailure" classname="org.apache.hadoop.ozone.client.rpc.TestWatchForCommit" time="124.153"/>
  <testcase name="testWatchForCommitForGroupMismatchException" classname="org.apache.hadoop.ozone.client.rpc.TestWatchForCommit" time="86.335"/>
  <testcase name="test2WayCommitForTimeoutException" classname="org.apache.hadoop.ozone.client.rpc.TestWatchForCommit" time="85.979"/>
</testsuite>