<?xml version="1.0" encoding="UTF-8"?>
<testsuite xmlns:xsi="http://www.w3.org/2001/XMLSchema-instance" xsi:noNamespaceSchemaLocation="https://maven.apache.org/surefire/maven-surefire-plugin/xsd/surefire-test-report.xsd" name="org.apache.hadoop.ozone.om.TestOMRatisSnapshots" time="178.509" tests="3" errors="0" skipped="0" failures="1">
  <properties>
    <property name="awt.toolkit" value="sun.awt.X11.XToolkit"/>
    <property name="file.encoding.pkg" value="sun.io"/>
    <property name="java.specification.version" value="1.8"/>
    <property name="sun.cpu.isalist" value=""/>
    <property name="sun.jnu.encoding" value="ANSI_X3.4-1968"/>
    <property name="java.class.path" value="/github/workspace/mnt/ozone/hadoop-ozone/integration-test/target/test-classes:/github/workspace/mnt/ozone/hadoop-ozone/integration-test/target/classes:/home/user/.m2/repository/org/apache/hadoop/hadoop-ozone-common/1.1.0-SNAPSHOT/hadoop-ozone-common-1.1.0-SNAPSHOT.jar:/home/user/.m2/repository/org/apache/commons/commons-compress/1.4.1/commons-compress-1.4.1.jar:/home/user/.m2/repository/org/tukaani/xz/1.0/xz-1.0.jar:/home/user/.m2/repository/org/apache/hadoop/hadoop-hdds-common/1.1.0-SNAPSHOT/hadoop-hdds-common-1.1.0-SNAPSHOT.jar:/home/user/.m2/repository/org/apache/hadoop/hadoop-hdds-client/1.1.0-SNAPSHOT/hadoop-hdds-client-1.1.0-SNAPSHOT.jar:/home/user/.m2/repository/org/apache/hadoop/hadoop-ozone-interface-client/1.1.0-SNAPSHOT/hadoop-ozone-interface-client-1.1.0-SNAPSHOT.jar:/home/user/.m2/repository/org/apache/hadoop/hadoop-hdds-test-utils/1.1.0-SNAPSHOT/hadoop-hdds-test-utils-1.1.0-SNAPSHOT.jar:/home/user/.m2/repository/com/google/guava/guava/28.2-jre/guava-28.2-jre.jar:/home/user/.m2/repository/com/google/guava/failureaccess/1.0.1/failureaccess-1.0.1.jar:/home/user/.m2/repository/com/google/guava/listenablefuture/9999.0-empty-to-avoid-conflict-with-guava/listenablefuture-9999.0-empty-to-avoid-conflict-with-guava.jar:/home/user/.m2/repository/com/google/code/findbugs/jsr305/3.0.0/jsr305-3.0.0.jar:/home/user/.m2/repository/org/checkerframework/checker-qual/2.10.0/checker-qual-2.10.0.jar:/home/user/.m2/repository/com/google/errorprone/error_prone_annotations/2.2.0/error_prone_annotations-2.2.0.jar:/home/user/.m2/repository/com/google/j2objc/j2objc-annotations/1.3/j2objc-annotations-1.3.jar:/home/user/.m2/repository/commons-io/commons-io/2.5/commons-io-2.5.jar:/home/user/.m2/repository/commons-logging/commons-logging/1.2/commons-logging-1.2.jar:/home/user/.m2/repository/log4j/log4j/1.2.17/log4j-1.2.17.jar:/home/user/.m2/repository/org/slf4j/slf4j-api/1.7.30/slf4j-api-1.7.30.jar:/home/user/.m2/repository/org/apache/hadoop/hadoop-hdds-server-scm/1.1.0-SNAPSHOT/hadoop-hdds-server-scm-1.1.0-SNAPSHOT.jar:/home/user/.m2/repository/org/apache/hadoop/hadoop-hdds-container-service/1.1.0-SNAPSHOT/hadoop-hdds-container-service-1.1.0-SNAPSHOT.jar:/home/user/.m2/repository/org/apache/hadoop/hadoop-hdds-hadoop-dependency-server/1.1.0-SNAPSHOT/hadoop-hdds-hadoop-dependency-server-1.1.0-SNAPSHOT.jar:/home/user/.m2/repository/org/apache/hadoop/hadoop-hdfs/3.2.1/hadoop-hdfs-3.2.1.jar:/home/user/.m2/repository/org/apache/hadoop/hadoop-hdds-server-framework/1.1.0-SNAPSHOT/hadoop-hdds-server-framework-1.1.0-SNAPSHOT.jar:/home/user/.m2/repository/org/apache/hadoop/hadoop-hdds-interface-server/1.1.0-SNAPSHOT/hadoop-hdds-interface-server-1.1.0-SNAPSHOT.jar:/home/user/.m2/repository/org/apache/hadoop/hadoop-hdds-interface-admin/1.1.0-SNAPSHOT/hadoop-hdds-interface-admin-1.1.0-SNAPSHOT.jar:/home/user/.m2/repository/org/eclipse/jetty/jetty-servlet/9.4.34.v20201102/jetty-servlet-9.4.34.v20201102.jar:/home/user/.m2/repository/org/eclipse/jetty/jetty-security/9.4.34.v20201102/jetty-security-9.4.34.v20201102.jar:/home/user/.m2/repository/org/rocksdb/rocksdbjni/6.8.1/rocksdbjni-6.8.1.jar:/home/user/.m2/repository/io/prometheus/simpleclient_dropwizard/0.7.0/simpleclient_dropwizard-0.7.0.jar:/home/user/.m2/repository/io/prometheus/simpleclient/0.7.0/simpleclient-0.7.0.jar:/home/user/.m2/repository/io/prometheus/simpleclient_common/0.7.0/simpleclient_common-0.7.0.jar:/home/user/.m2/repository/com/fasterxml/jackson/datatype/jackson-datatype-jsr310/2.10.3/jackson-datatype-jsr310-2.10.3.jar:/home/user/.m2/repository/io/dropwizard/metrics/metrics-core/3.2.4/metrics-core-3.2.4.jar:/home/user/.m2/repository/org/apache/hadoop/hadoop-hdfs-client/3.2.1/hadoop-hdfs-client-3.2.1.jar:/home/user/.m2/repository/org/bouncycastle/bcprov-jdk15on/1.67/bcprov-jdk15on-1.67.jar:/home/user/.m2/repository/org/apache/hadoop/hadoop-ozone-ozone-manager/1.1.0-SNAPSHOT/hadoop-ozone-ozone-manager-1.1.0-SNAPSHOT.jar:/home/user/.m2/repository/org/apache/hadoop/hadoop-hdds-interface-client/1.1.0-SNAPSHOT/hadoop-hdds-interface-client-1.1.0-SNAPSHOT.jar:/home/user/.m2/repository/org/apache/ratis/ratis-thirdparty-misc/0.6.0-SNAPSHOT/ratis-thirdparty-misc-0.6.0-SNAPSHOT.jar:/home/user/.m2/repository/org/apache/hadoop/hadoop-ozone-interface-storage/1.1.0-SNAPSHOT/hadoop-ozone-interface-storage-1.1.0-SNAPSHOT.jar:/home/user/.m2/repository/org/apache/hadoop/hadoop-minikdc/3.2.1/hadoop-minikdc-3.2.1.jar:/home/user/.m2/repository/org/apache/kerby/kerb-simplekdc/1.0.1/kerb-simplekdc-1.0.1.jar:/home/user/.m2/repository/org/apache/kerby/kerb-client/1.0.1/kerb-client-1.0.1.jar:/home/user/.m2/repository/org/apache/kerby/kerby-config/1.0.1/kerby-config-1.0.1.jar:/home/user/.m2/repository/org/apache/kerby/kerb-core/1.0.1/kerb-core-1.0.1.jar:/home/user/.m2/repository/org/apache/kerby/kerby-pkix/1.0.1/kerby-pkix-1.0.1.jar:/home/user/.m2/repository/org/apache/kerby/kerby-asn1/1.0.1/kerby-asn1-1.0.1.jar:/home/user/.m2/repository/org/apache/kerby/kerby-util/1.0.1/kerby-util-1.0.1.jar:/home/user/.m2/repository/org/apache/kerby/kerb-common/1.0.1/kerb-common-1.0.1.jar:/home/user/.m2/repository/org/apache/kerby/kerb-crypto/1.0.1/kerb-crypto-1.0.1.jar:/home/user/.m2/repository/org/apache/kerby/kerb-util/1.0.1/kerb-util-1.0.1.jar:/home/user/.m2/repository/org/apache/kerby/token-provider/1.0.1/token-provider-1.0.1.jar:/home/user/.m2/repository/org/apache/kerby/kerb-admin/1.0.1/kerb-admin-1.0.1.jar:/home/user/.m2/repository/org/apache/kerby/kerb-server/1.0.1/kerb-server-1.0.1.jar:/home/user/.m2/repository/org/apache/kerby/kerb-identity/1.0.1/kerb-identity-1.0.1.jar:/home/user/.m2/repository/org/apache/kerby/kerby-xdr/1.0.1/kerby-xdr-1.0.1.jar:/home/user/.m2/repository/org/slf4j/slf4j-log4j12/1.7.30/slf4j-log4j12-1.7.30.jar:/home/user/.m2/repository/org/apache/hadoop/hadoop-ozone-s3gateway/1.1.0-SNAPSHOT/hadoop-ozone-s3gateway-1.1.0-SNAPSHOT.jar:/home/user/.m2/repository/org/jboss/weld/servlet/weld-servlet/2.4.7.Final/weld-servlet-2.4.7.Final.jar:/home/user/.m2/repository/org/glassfish/jersey/containers/jersey-container-servlet-core/2.27/jersey-container-servlet-core-2.27.jar:/home/user/.m2/repository/org/glassfish/hk2/external/javax.inject/2.5.0-b42/javax.inject-2.5.0-b42.jar:/home/user/.m2/repository/org/glassfish/jersey/core/jersey-common/2.27/jersey-common-2.27.jar:/home/user/.m2/repository/org/glassfish/hk2/osgi-resource-locator/1.0.1/osgi-resource-locator-1.0.1.jar:/home/user/.m2/repository/javax/ws/rs/javax.ws.rs-api/2.1/javax.ws.rs-api-2.1.jar:/home/user/.m2/repository/org/glassfish/jersey/ext/cdi/jersey-cdi1x/2.27/jersey-cdi1x-2.27.jar:/home/user/.m2/repository/org/glassfish/jersey/inject/jersey-hk2/2.27/jersey-hk2-2.27.jar:/home/user/.m2/repository/org/glassfish/hk2/hk2-locator/2.5.0-b42/hk2-locator-2.5.0-b42.jar:/home/user/.m2/repository/org/javassist/javassist/3.22.0-CR2/javassist-3.22.0-CR2.jar:/home/user/.m2/repository/org/glassfish/hk2/hk2-api/2.5.0/hk2-api-2.5.0.jar:/home/user/.m2/repository/org/glassfish/hk2/external/jakarta.inject/2.5.0/jakarta.inject-2.5.0.jar:/home/user/.m2/repository/org/glassfish/hk2/hk2-utils/2.5.0/hk2-utils-2.5.0.jar:/home/user/.m2/repository/jakarta/annotation/jakarta.annotation-api/1.3.4/jakarta.annotation-api-1.3.4.jar:/home/user/.m2/repository/org/glassfish/hk2/external/aopalliance-repackaged/2.5.0/aopalliance-repackaged-2.5.0.jar:/home/user/.m2/repository/com/fasterxml/jackson/dataformat/jackson-dataformat-xml/2.10.3/jackson-dataformat-xml-2.10.3.jar:/home/user/.m2/repository/com/fasterxml/jackson/core/jackson-core/2.10.3/jackson-core-2.10.3.jar:/home/user/.m2/repository/com/fasterxml/jackson/module/jackson-module-jaxb-annotations/2.10.3/jackson-module-jaxb-annotations-2.10.3.jar:/home/user/.m2/repository/jakarta/xml/bind/jakarta.xml.bind-api/2.3.2/jakarta.xml.bind-api-2.3.2.jar:/home/user/.m2/repository/jakarta/activation/jakarta.activation-api/1.2.1/jakarta.activation-api-1.2.1.jar:/home/user/.m2/repository/org/codehaus/woodstox/stax2-api/3.1.4/stax2-api-3.1.4.jar:/home/user/.m2/repository/com/fasterxml/woodstox/woodstox-core/5.0.3/woodstox-core-5.0.3.jar:/home/user/.m2/repository/javax/enterprise/cdi-api/1.2/cdi-api-1.2.jar:/home/user/.m2/repository/javax/el/javax.el-api/3.0.0/javax.el-api-3.0.0.jar:/home/user/.m2/repository/javax/interceptor/javax.interceptor-api/1.2/javax.interceptor-api-1.2.jar:/home/user/.m2/repository/javax/inject/javax.inject/1/javax.inject-1.jar:/home/user/.m2/repository/com/sun/xml/bind/jaxb-impl/2.3.0.1/jaxb-impl-2.3.0.1.jar:/home/user/.m2/repository/com/sun/xml/bind/jaxb-core/2.3.0.1/jaxb-core-2.3.0.1.jar:/home/user/.m2/repository/javax/xml/bind/jaxb-api/2.3.0/jaxb-api-2.3.0.jar:/home/user/.m2/repository/javax/activation/activation/1.1.1/activation-1.1.1.jar:/home/user/.m2/repository/org/apache/hadoop/hadoop-ozone-csi/1.1.0-SNAPSHOT/hadoop-ozone-csi-1.1.0-SNAPSHOT.jar:/home/user/.m2/repository/com/google/protobuf/protobuf-java-util/3.11.0/protobuf-java-util-3.11.0.jar:/home/user/.m2/repository/com/google/code/gson/gson/2.2.4/gson-2.2.4.jar:/home/user/.m2/repository/org/apache/hadoop/hadoop-hdds-config/1.1.0-SNAPSHOT/hadoop-hdds-config-1.1.0-SNAPSHOT.jar:/home/user/.m2/repository/com/google/protobuf/protobuf-java/2.5.0/protobuf-java-2.5.0.jar:/home/user/.m2/repository/io/grpc/grpc-netty/1.29.0/grpc-netty-1.29.0.jar:/home/user/.m2/repository/io/grpc/grpc-core/1.29.0/grpc-core-1.29.0.jar:/home/user/.m2/repository/com/google/android/annotations/4.1.1.4/annotations-4.1.1.4.jar:/home/user/.m2/repository/io/perfmark/perfmark-api/0.19.0/perfmark-api-0.19.0.jar:/home/user/.m2/repository/io/netty/netty-codec-http2/4.1.48.Final/netty-codec-http2-4.1.48.Final.jar:/home/user/.m2/repository/io/netty/netty-codec/4.1.48.Final/netty-codec-4.1.48.Final.jar:/home/user/.m2/repository/io/netty/netty-handler/4.1.48.Final/netty-handler-4.1.48.Final.jar:/home/user/.m2/repository/io/netty/netty-codec-http/4.1.48.Final/netty-codec-http-4.1.48.Final.jar:/home/user/.m2/repository/io/netty/netty-handler-proxy/4.1.48.Final/netty-handler-proxy-4.1.48.Final.jar:/home/user/.m2/repository/io/netty/netty-codec-socks/4.1.48.Final/netty-codec-socks-4.1.48.Final.jar:/home/user/.m2/repository/io/netty/netty-transport-native-epoll/4.1.48.Final/netty-transport-native-epoll-4.1.48.Final.jar:/home/user/.m2/repository/io/netty/netty-common/4.1.48.Final/netty-common-4.1.48.Final.jar:/home/user/.m2/repository/io/netty/netty-buffer/4.1.48.Final/netty-buffer-4.1.48.Final.jar:/home/user/.m2/repository/io/netty/netty-transport/4.1.48.Final/netty-transport-4.1.48.Final.jar:/home/user/.m2/repository/io/netty/netty-resolver/4.1.48.Final/netty-resolver-4.1.48.Final.jar:/home/user/.m2/repository/io/netty/netty-transport-native-unix-common/4.1.48.Final/netty-transport-native-unix-common-4.1.48.Final.jar:/home/user/.m2/repository/io/grpc/grpc-protobuf/1.29.0/grpc-protobuf-1.29.0.jar:/home/user/.m2/repository/io/grpc/grpc-api/1.29.0/grpc-api-1.29.0.jar:/home/user/.m2/repository/io/grpc/grpc-context/1.29.0/grpc-context-1.29.0.jar:/home/user/.m2/repository/org/codehaus/mojo/animal-sniffer-annotations/1.18/animal-sniffer-annotations-1.18.jar:/home/user/.m2/repository/com/google/api/grpc/proto-google-common-protos/1.17.0/proto-google-common-protos-1.17.0.jar:/home/user/.m2/repository/io/grpc/grpc-protobuf-lite/1.29.0/grpc-protobuf-lite-1.29.0.jar:/home/user/.m2/repository/io/grpc/grpc-stub/1.29.0/grpc-stub-1.29.0.jar:/home/user/.m2/repository/org/apache/hadoop/hadoop-ozone-recon/1.1.0-SNAPSHOT/hadoop-ozone-recon-1.1.0-SNAPSHOT.jar:/home/user/.m2/repository/org/apache/hadoop/hadoop-ozone-reconcodegen/1.1.0-SNAPSHOT/hadoop-ozone-reconcodegen-1.1.0-SNAPSHOT.jar:/home/user/.m2/repository/com/google/inject/extensions/guice-multibindings/4.0/guice-multibindings-4.0.jar:/home/user/.m2/repository/com/google/inject/guice/4.0/guice-4.0.jar:/home/user/.m2/repository/aopalliance/aopalliance/1.0/aopalliance-1.0.jar:/home/user/.m2/repository/com/google/inject/extensions/guice-assistedinject/4.0/guice-assistedinject-4.0.jar:/home/user/.m2/repository/com/google/inject/extensions/guice-servlet/4.0/guice-servlet-4.0.jar:/home/user/.m2/repository/org/glassfish/jersey/containers/jersey-container-servlet/2.27/jersey-container-servlet-2.27.jar:/home/user/.m2/repository/org/glassfish/hk2/guice-bridge/2.5.0/guice-bridge-2.5.0.jar:/home/user/.m2/repository/org/glassfish/jersey/core/jersey-server/2.27/jersey-server-2.27.jar:/home/user/.m2/repository/org/glassfish/jersey/core/jersey-client/2.27/jersey-client-2.27.jar:/home/user/.m2/repository/org/glassfish/jersey/media/jersey-media-jaxb/2.27/jersey-media-jaxb-2.27.jar:/home/user/.m2/repository/javax/validation/validation-api/1.1.0.Final/validation-api-1.1.0.Final.jar:/home/user/.m2/repository/org/glassfish/jersey/media/jersey-media-json-jackson/2.27/jersey-media-json-jackson-2.27.jar:/home/user/.m2/repository/org/glassfish/jersey/ext/jersey-entity-filtering/2.27/jersey-entity-filtering-2.27.jar:/home/user/.m2/repository/org/jooq/jooq/3.11.10/jooq-3.11.10.jar:/home/user/.m2/repository/org/jooq/jooq-meta/3.11.10/jooq-meta-3.11.10.jar:/home/user/.m2/repository/org/jooq/jooq-codegen/3.11.10/jooq-codegen-3.11.10.jar:/home/user/.m2/repository/com/jolbox/bonecp/0.8.0.RELEASE/bonecp-0.8.0.RELEASE.jar:/home/user/.m2/repository/org/apache/derby/derby/10.14.2.0/derby-10.14.2.0.jar:/home/user/.m2/repository/org/xerial/sqlite-jdbc/3.25.2/sqlite-jdbc-3.25.2.jar:/home/user/.m2/repository/org/springframework/spring-jdbc/5.2.11.RELEASE/spring-jdbc-5.2.11.RELEASE.jar:/home/user/.m2/repository/org/springframework/spring-beans/5.2.11.RELEASE/spring-beans-5.2.11.RELEASE.jar:/home/user/.m2/repository/org/springframework/spring-core/5.2.11.RELEASE/spring-core-5.2.11.RELEASE.jar:/home/user/.m2/repository/org/springframework/spring-jcl/5.2.11.RELEASE/spring-jcl-5.2.11.RELEASE.jar:/home/user/.m2/repository/org/springframework/spring-tx/5.2.11.RELEASE/spring-tx-5.2.11.RELEASE.jar:/home/user/.m2/repository/org/apache/hadoop/hadoop-ozone-client/1.1.0-SNAPSHOT/hadoop-ozone-client-1.1.0-SNAPSHOT.jar:/home/user/.m2/repository/org/apache/hadoop/hadoop-ozone-filesystem/1.1.0-SNAPSHOT/hadoop-ozone-filesystem-1.1.0-SNAPSHOT.jar:/home/user/.m2/repository/org/apache/hadoop/hadoop-ozone-filesystem-common/1.1.0-SNAPSHOT/hadoop-ozone-filesystem-common-1.1.0-SNAPSHOT.jar:/home/user/.m2/repository/org/apache/hadoop/hadoop-ozone-tools/1.1.0-SNAPSHOT/hadoop-ozone-tools-1.1.0-SNAPSHOT.jar:/home/user/.m2/repository/org/apache/ratis/ratis-tools/1.1.0-35f17fa-SNAPSHOT/ratis-tools-1.1.0-35f17fa-SNAPSHOT.jar:/home/user/.m2/repository/org/apache/ratis/ratis-proto/1.1.0-35f17fa-SNAPSHOT/ratis-proto-1.1.0-35f17fa-SNAPSHOT.jar:/home/user/.m2/repository/org/apache/ratis/ratis-common/1.1.0-35f17fa-SNAPSHOT/ratis-common-1.1.0-35f17fa-SNAPSHOT.jar:/home/user/.m2/repository/com/amazonaws/aws-java-sdk-core/1.11.901/aws-java-sdk-core-1.11.901.jar:/home/user/.m2/repository/org/apache/httpcomponents/httpclient/4.5.13/httpclient-4.5.13.jar:/home/user/.m2/repository/org/apache/httpcomponents/httpcore/4.4.13/httpcore-4.4.13.jar:/home/user/.m2/repository/software/amazon/ion/ion-java/1.0.2/ion-java-1.0.2.jar:/home/user/.m2/repository/com/fasterxml/jackson/dataformat/jackson-dataformat-cbor/2.10.3/jackson-dataformat-cbor-2.10.3.jar:/home/user/.m2/repository/joda-time/joda-time/2.8.1/joda-time-2.8.1.jar:/home/user/.m2/repository/com/amazonaws/aws-java-sdk-s3/1.11.901/aws-java-sdk-s3-1.11.901.jar:/home/user/.m2/repository/com/amazonaws/aws-java-sdk-kms/1.11.901/aws-java-sdk-kms-1.11.901.jar:/home/user/.m2/repository/com/amazonaws/jmespath-java/1.11.901/jmespath-java-1.11.901.jar:/home/user/.m2/repository/org/kohsuke/metainf-services/metainf-services/1.8/metainf-services-1.8.jar:/home/user/.m2/repository/org/apache/hadoop/hadoop-hdds-tools/1.1.0-SNAPSHOT/hadoop-hdds-tools-1.1.0-SNAPSHOT.jar:/home/user/.m2/repository/commons-cli/commons-cli/1.2/commons-cli-1.2.jar:/home/user/.m2/repository/org/apache/commons/commons-lang3/3.7/commons-lang3-3.7.jar:/home/user/.m2/repository/org/apache/hadoop/hadoop-ozone-ozone-manager/1.1.0-SNAPSHOT/hadoop-ozone-ozone-manager-1.1.0-SNAPSHOT-tests.jar:/home/user/.m2/repository/org/apache/hadoop/hadoop-hdds-common/1.1.0-SNAPSHOT/hadoop-hdds-common-1.1.0-SNAPSHOT-tests.jar:/home/user/.m2/repository/org/apache/hadoop/hadoop-hdds-hadoop-dependency-client/1.1.0-SNAPSHOT/hadoop-hdds-hadoop-dependency-client-1.1.0-SNAPSHOT.jar:/home/user/.m2/repository/info/picocli/picocli/4.4.0/picocli-4.4.0.jar:/home/user/.m2/repository/com/fasterxml/jackson/core/jackson-annotations/2.10.3/jackson-annotations-2.10.3.jar:/home/user/.m2/repository/javax/annotation/javax.annotation-api/1.2/javax.annotation-api-1.2.jar:/home/user/.m2/repository/org/fusesource/leveldbjni/leveldbjni-all/1.8/leveldbjni-all-1.8.jar:/home/user/.m2/repository/org/apache/ratis/ratis-server/1.1.0-35f17fa-SNAPSHOT/ratis-server-1.1.0-35f17fa-SNAPSHOT.jar:/home/user/.m2/repository/org/apache/ratis/ratis-client/1.1.0-35f17fa-SNAPSHOT/ratis-client-1.1.0-35f17fa-SNAPSHOT.jar:/home/user/.m2/repository/org/apache/ratis/ratis-server-api/1.1.0-35f17fa-SNAPSHOT/ratis-server-api-1.1.0-35f17fa-SNAPSHOT.jar:/home/user/.m2/repository/org/apache/ratis/ratis-metrics/1.1.0-35f17fa-SNAPSHOT/ratis-metrics-1.1.0-35f17fa-SNAPSHOT.jar:/home/user/.m2/repository/org/apache/ratis/ratis-netty/1.1.0-35f17fa-SNAPSHOT/ratis-netty-1.1.0-35f17fa-SNAPSHOT.jar:/home/user/.m2/repository/org/apache/ratis/ratis-grpc/1.1.0-35f17fa-SNAPSHOT/ratis-grpc-1.1.0-35f17fa-SNAPSHOT.jar:/home/user/.m2/repository/org/apache/logging/log4j/log4j-api/2.13.3/log4j-api-2.13.3.jar:/home/user/.m2/repository/org/apache/logging/log4j/log4j-core/2.13.3/log4j-core-2.13.3.jar:/home/user/.m2/repository/com/lmax/disruptor/3.4.2/disruptor-3.4.2.jar:/home/user/.m2/repository/org/apache/commons/commons-pool2/2.6.0/commons-pool2-2.6.0.jar:/home/user/.m2/repository/org/bouncycastle/bcpkix-jdk15on/1.67/bcpkix-jdk15on-1.67.jar:/home/user/.m2/repository/commons-validator/commons-validator/1.6/commons-validator-1.6.jar:/home/user/.m2/repository/commons-beanutils/commons-beanutils/1.9.4/commons-beanutils-1.9.4.jar:/home/user/.m2/repository/commons-digester/commons-digester/1.8.1/commons-digester-1.8.1.jar:/home/user/.m2/repository/commons-collections/commons-collections/3.2.2/commons-collections-3.2.2.jar:/home/user/.m2/repository/io/jaegertracing/jaeger-client/1.2.0/jaeger-client-1.2.0.jar:/home/user/.m2/repository/io/jaegertracing/jaeger-thrift/1.2.0/jaeger-thrift-1.2.0.jar:/home/user/.m2/repository/org/apache/thrift/libthrift/0.13.0/libthrift-0.13.0.jar:/home/user/.m2/repository/com/squareup/okhttp3/okhttp/4.2.2/okhttp-4.2.2.jar:/home/user/.m2/repository/com/squareup/okio/okio/2.2.2/okio-2.2.2.jar:/home/user/.m2/repository/org/jetbrains/kotlin/kotlin-stdlib/1.3.50/kotlin-stdlib-1.3.50.jar:/home/user/.m2/repository/org/jetbrains/kotlin/kotlin-stdlib-common/1.3.50/kotlin-stdlib-common-1.3.50.jar:/home/user/.m2/repository/org/jetbrains/annotations/13.0/annotations-13.0.jar:/home/user/.m2/repository/io/jaegertracing/jaeger-core/1.2.0/jaeger-core-1.2.0.jar:/home/user/.m2/repository/io/jaegertracing/jaeger-tracerresolver/1.2.0/jaeger-tracerresolver-1.2.0.jar:/home/user/.m2/repository/io/opentracing/contrib/opentracing-tracerresolver/0.1.8/opentracing-tracerresolver-0.1.8.jar:/home/user/.m2/repository/io/opentracing/opentracing-util/0.33.0/opentracing-util-0.33.0.jar:/home/user/.m2/repository/io/opentracing/opentracing-api/0.33.0/opentracing-api-0.33.0.jar:/home/user/.m2/repository/io/opentracing/opentracing-noop/0.33.0/opentracing-noop-0.33.0.jar:/home/user/.m2/repository/org/yaml/snakeyaml/1.26/snakeyaml-1.26.jar:/home/user/.m2/repository/junit/junit/4.11/junit-4.11.jar:/home/user/.m2/repository/org/hamcrest/hamcrest-core/1.3/hamcrest-core-1.3.jar:/home/user/.m2/repository/org/openjdk/jmh/jmh-core/1.19/jmh-core-1.19.jar:/home/user/.m2/repository/net/sf/jopt-simple/jopt-simple/4.6/jopt-simple-4.6.jar:/home/user/.m2/repository/org/apache/commons/commons-math3/3.1.1/commons-math3-3.1.1.jar:/home/user/.m2/repository/org/openjdk/jmh/jmh-generator-annprocess/1.19/jmh-generator-annprocess-1.19.jar:/home/user/.m2/repository/org/mockito/mockito-all/1.8.5/mockito-all-1.8.5.jar:/home/user/.m2/repository/org/apache/hadoop/hadoop-kms/3.2.1/hadoop-kms-3.2.1.jar:/home/user/.m2/repository/org/apache/hadoop/hadoop-auth/3.2.1/hadoop-auth-3.2.1.jar:/home/user/.m2/repository/com/nimbusds/nimbus-jose-jwt/7.9/nimbus-jose-jwt-7.9.jar:/home/user/.m2/repository/com/github/stephenc/jcip/jcip-annotations/1.0-1/jcip-annotations-1.0-1.jar:/home/user/.m2/repository/net/minidev/json-smart/2.3/json-smart-2.3.jar:/home/user/.m2/repository/net/minidev/accessors-smart/1.2/accessors-smart-1.2.jar:/home/user/.m2/repository/org/ow2/asm/asm/5.0.4/asm-5.0.4.jar:/home/user/.m2/repository/org/apache/zookeeper/zookeeper/3.4.13/zookeeper-3.4.13.jar:/home/user/.m2/repository/org/apache/yetus/audience-annotations/0.5.0/audience-annotations-0.5.0.jar:/home/user/.m2/repository/org/apache/curator/curator-framework/2.13.0/curator-framework-2.13.0.jar:/home/user/.m2/repository/com/sun/jersey/jersey-core/1.19/jersey-core-1.19.jar:/home/user/.m2/repository/javax/ws/rs/jsr311-api/1.1.1/jsr311-api-1.1.1.jar:/home/user/.m2/repository/com/sun/jersey/jersey-server/1.19/jersey-server-1.19.jar:/home/user/.m2/repository/javax/servlet/javax.servlet-api/3.1.0/javax.servlet-api-3.1.0.jar:/home/user/.m2/repository/org/eclipse/jetty/jetty-server/9.4.34.v20201102/jetty-server-9.4.34.v20201102.jar:/home/user/.m2/repository/org/eclipse/jetty/jetty-http/9.4.34.v20201102/jetty-http-9.4.34.v20201102.jar:/home/user/.m2/repository/org/eclipse/jetty/jetty-io/9.4.34.v20201102/jetty-io-9.4.34.v20201102.jar:/home/user/.m2/repository/org/eclipse/jetty/jetty-webapp/9.4.34.v20201102/jetty-webapp-9.4.34.v20201102.jar:/home/user/.m2/repository/org/eclipse/jetty/jetty-xml/9.4.34.v20201102/jetty-xml-9.4.34.v20201102.jar:/home/user/.m2/repository/org/apache/hadoop/hadoop-common/3.2.1/hadoop-common-3.2.1.jar:/home/user/.m2/repository/commons-net/commons-net/3.6/commons-net-3.6.jar:/home/user/.m2/repository/com/sun/jersey/jersey-servlet/1.19/jersey-servlet-1.19.jar:/home/user/.m2/repository/com/sun/jersey/jersey-json/1.19/jersey-json-1.19.jar:/home/user/.m2/repository/org/codehaus/jettison/jettison/1.1/jettison-1.1.jar:/home/user/.m2/repository/org/codehaus/jackson/jackson-jaxrs/1.9.2/jackson-jaxrs-1.9.2.jar:/home/user/.m2/repository/org/codehaus/jackson/jackson-xc/1.9.2/jackson-xc-1.9.2.jar:/home/user/.m2/repository/org/apache/commons/commons-configuration2/2.1.1/commons-configuration2-2.1.1.jar:/home/user/.m2/repository/org/apache/commons/commons-text/1.4/commons-text-1.4.jar:/home/user/.m2/repository/com/google/re2j/re2j/1.1/re2j-1.1.jar:/home/user/.m2/repository/com/jcraft/jsch/0.1.54/jsch-0.1.54.jar:/home/user/.m2/repository/org/apache/curator/curator-client/2.13.0/curator-client-2.13.0.jar:/home/user/.m2/repository/org/apache/curator/curator-recipes/2.13.0/curator-recipes-2.13.0.jar:/home/user/.m2/repository/dnsjava/dnsjava/2.1.7/dnsjava-2.1.7.jar:/home/user/.m2/repository/org/slf4j/jul-to-slf4j/1.7.30/jul-to-slf4j-1.7.30.jar:/home/user/.m2/repository/org/eclipse/jetty/jetty-util/9.4.34.v20201102/jetty-util-9.4.34.v20201102.jar:/home/user/.m2/repository/com/fasterxml/jackson/core/jackson-databind/2.10.3/jackson-databind-2.10.3.jar:/home/user/.m2/repository/org/apache/hadoop/hadoop-kms/3.2.1/hadoop-kms-3.2.1-tests.jar:/home/user/.m2/repository/org/apache/hadoop/hadoop-hdds-server-scm/1.1.0-SNAPSHOT/hadoop-hdds-server-scm-1.1.0-SNAPSHOT-tests.jar:/home/user/.m2/repository/org/apache/hadoop/hadoop-hdds-container-service/1.1.0-SNAPSHOT/hadoop-hdds-container-service-1.1.0-SNAPSHOT-tests.jar:/home/user/.m2/repository/commons-codec/commons-codec/1.11/commons-codec-1.11.jar:/home/user/.m2/repository/org/apache/hadoop/hadoop-hdds-hadoop-dependency-test/1.1.0-SNAPSHOT/hadoop-hdds-hadoop-dependency-test-1.1.0-SNAPSHOT.jar:/home/user/.m2/repository/org/apache/hadoop/hadoop-common/3.2.1/hadoop-common-3.2.1-tests.jar:/home/user/.m2/repository/org/apache/hadoop/hadoop-hdfs/3.2.1/hadoop-hdfs-3.2.1-tests.jar:/home/user/.m2/repository/org/eclipse/jetty/jetty-util-ajax/9.4.34.v20201102/jetty-util-ajax-9.4.34.v20201102.jar:/home/user/.m2/repository/commons-daemon/commons-daemon/1.0.13/commons-daemon-1.0.13.jar:/home/user/.m2/repository/io/netty/netty/3.10.5.Final/netty-3.10.5.Final.jar:/home/user/.m2/repository/io/netty/netty-all/4.1.48.Final/netty-all-4.1.48.Final.jar:/home/user/.m2/repository/org/apache/htrace/htrace-core4/4.1.0-incubating/htrace-core4-4.1.0-incubating.jar:/home/user/.m2/repository/org/apache/hadoop/hadoop-distcp/3.2.1/hadoop-distcp-3.2.1.jar:/home/user/.m2/repository/org/apache/hadoop/hadoop-mapreduce-client-jobclient/3.2.1/hadoop-mapreduce-client-jobclient-3.2.1.jar:/home/user/.m2/repository/org/apache/hadoop/hadoop-mapreduce-client-common/3.2.1/hadoop-mapreduce-client-common-3.2.1.jar:/home/user/.m2/repository/org/apache/hadoop/hadoop-yarn-common/3.2.1/hadoop-yarn-common-3.2.1.jar:/home/user/.m2/repository/org/apache/hadoop/hadoop-yarn-api/3.2.1/hadoop-yarn-api-3.2.1.jar:/home/user/.m2/repository/com/sun/jersey/jersey-client/1.19/jersey-client-1.19.jar:/home/user/.m2/repository/com/sun/jersey/contribs/jersey-guice/1.19/jersey-guice-1.19.jar:/home/user/.m2/repository/com/fasterxml/jackson/jaxrs/jackson-jaxrs-json-provider/2.10.3/jackson-jaxrs-json-provider-2.10.3.jar:/home/user/.m2/repository/com/fasterxml/jackson/jaxrs/jackson-jaxrs-base/2.10.3/jackson-jaxrs-base-2.10.3.jar:/home/user/.m2/repository/org/apache/hadoop/hadoop-yarn-client/3.2.1/hadoop-yarn-client-3.2.1.jar:/home/user/.m2/repository/org/apache/hadoop/hadoop-mapreduce-client-core/3.2.1/hadoop-mapreduce-client-core-3.2.1.jar:/home/user/.m2/repository/org/apache/avro/avro/1.7.7/avro-1.7.7.jar:/home/user/.m2/repository/org/codehaus/jackson/jackson-core-asl/1.9.13/jackson-core-asl-1.9.13.jar:/home/user/.m2/repository/org/codehaus/jackson/jackson-mapper-asl/1.9.13/jackson-mapper-asl-1.9.13.jar:/home/user/.m2/repository/com/thoughtworks/paranamer/paranamer/2.3/paranamer-2.3.jar:/home/user/.m2/repository/org/xerial/snappy/snappy-java/1.0.5/snappy-java-1.0.5.jar:/home/user/.m2/repository/org/apache/hadoop/hadoop-annotations/3.2.1/hadoop-annotations-3.2.1.jar:/usr/lib/jvm/java-1.8.0-openjdk-1.8.0.232.b09-0.el7_7.x86_64/jre/../lib/tools.jar:/home/user/.m2/repository/org/apache/hadoop/hadoop-distcp/3.2.1/hadoop-distcp-3.2.1-tests.jar:"/>
    <property name="java.vm.vendor" value="Oracle Corporation"/>
    <property name="sun.arch.data.model" value="64"/>
    <property name="test.build.dir" value="/github/workspace/mnt/ozone/hadoop-ozone/integration-test/target/test-dir"/>
    <property name="test.cache.data" value=""/>
    <property name="java.vendor.url" value="http://java.oracle.com/"/>
    <property name="user.timezone" value=""/>
    <property name="java.vm.specification.version" value="1.8"/>
    <property name="os.name" value="Linux"/>
    <property name="test.build.data" value="/github/workspace/mnt/ozone/hadoop-ozone/integration-test/target/test-dir"/>
    <property name="user.country" value="US"/>
    <property name="sun.java.launcher" value="SUN_STANDARD"/>
    <property name="sun.boot.library.path" value="/usr/lib/jvm/java-1.8.0-openjdk-1.8.0.232.b09-0.el7_7.x86_64/jre/lib/amd64"/>
    <property name="sun.java.command" value="/github/workspace/mnt/ozone/hadoop-ozone/integration-test/target/surefire/surefirebooter170195153352852359.jar /github/workspace/mnt/ozone/hadoop-ozone/integration-test/target/surefire 2021-01-09T13-19-12_668-jvmRun1 surefire3646668216288413257tmp surefire_243533891267354279406tmp"/>
    <property name="surefire.test.class.path" value="/github/workspace/mnt/ozone/hadoop-ozone/integration-test/target/test-classes:/github/workspace/mnt/ozone/hadoop-ozone/integration-test/target/classes:/home/user/.m2/repository/org/apache/hadoop/hadoop-ozone-common/1.1.0-SNAPSHOT/hadoop-ozone-common-1.1.0-SNAPSHOT.jar:/home/user/.m2/repository/org/apache/commons/commons-compress/1.4.1/commons-compress-1.4.1.jar:/home/user/.m2/repository/org/tukaani/xz/1.0/xz-1.0.jar:/home/user/.m2/repository/org/apache/hadoop/hadoop-hdds-common/1.1.0-SNAPSHOT/hadoop-hdds-common-1.1.0-SNAPSHOT.jar:/home/user/.m2/repository/org/apache/hadoop/hadoop-hdds-client/1.1.0-SNAPSHOT/hadoop-hdds-client-1.1.0-SNAPSHOT.jar:/home/user/.m2/repository/org/apache/hadoop/hadoop-ozone-interface-client/1.1.0-SNAPSHOT/hadoop-ozone-interface-client-1.1.0-SNAPSHOT.jar:/home/user/.m2/repository/org/apache/hadoop/hadoop-hdds-test-utils/1.1.0-SNAPSHOT/hadoop-hdds-test-utils-1.1.0-SNAPSHOT.jar:/home/user/.m2/repository/com/google/guava/guava/28.2-jre/guava-28.2-jre.jar:/home/user/.m2/repository/com/google/guava/failureaccess/1.0.1/failureaccess-1.0.1.jar:/home/user/.m2/repository/com/google/guava/listenablefuture/9999.0-empty-to-avoid-conflict-with-guava/listenablefuture-9999.0-empty-to-avoid-conflict-with-guava.jar:/home/user/.m2/repository/com/google/code/findbugs/jsr305/3.0.0/jsr305-3.0.0.jar:/home/user/.m2/repository/org/checkerframework/checker-qual/2.10.0/checker-qual-2.10.0.jar:/home/user/.m2/repository/com/google/errorprone/error_prone_annotations/2.2.0/error_prone_annotations-2.2.0.jar:/home/user/.m2/repository/com/google/j2objc/j2objc-annotations/1.3/j2objc-annotations-1.3.jar:/home/user/.m2/repository/commons-io/commons-io/2.5/commons-io-2.5.jar:/home/user/.m2/repository/commons-logging/commons-logging/1.2/commons-logging-1.2.jar:/home/user/.m2/repository/log4j/log4j/1.2.17/log4j-1.2.17.jar:/home/user/.m2/repository/org/slf4j/slf4j-api/1.7.30/slf4j-api-1.7.30.jar:/home/user/.m2/repository/org/apache/hadoop/hadoop-hdds-server-scm/1.1.0-SNAPSHOT/hadoop-hdds-server-scm-1.1.0-SNAPSHOT.jar:/home/user/.m2/repository/org/apache/hadoop/hadoop-hdds-container-service/1.1.0-SNAPSHOT/hadoop-hdds-container-service-1.1.0-SNAPSHOT.jar:/home/user/.m2/repository/org/apache/hadoop/hadoop-hdds-hadoop-dependency-server/1.1.0-SNAPSHOT/hadoop-hdds-hadoop-dependency-server-1.1.0-SNAPSHOT.jar:/home/user/.m2/repository/org/apache/hadoop/hadoop-hdfs/3.2.1/hadoop-hdfs-3.2.1.jar:/home/user/.m2/repository/org/apache/hadoop/hadoop-hdds-server-framework/1.1.0-SNAPSHOT/hadoop-hdds-server-framework-1.1.0-SNAPSHOT.jar:/home/user/.m2/repository/org/apache/hadoop/hadoop-hdds-interface-server/1.1.0-SNAPSHOT/hadoop-hdds-interface-server-1.1.0-SNAPSHOT.jar:/home/user/.m2/repository/org/apache/hadoop/hadoop-hdds-interface-admin/1.1.0-SNAPSHOT/hadoop-hdds-interface-admin-1.1.0-SNAPSHOT.jar:/home/user/.m2/repository/org/eclipse/jetty/jetty-servlet/9.4.34.v20201102/jetty-servlet-9.4.34.v20201102.jar:/home/user/.m2/repository/org/eclipse/jetty/jetty-security/9.4.34.v20201102/jetty-security-9.4.34.v20201102.jar:/home/user/.m2/repository/org/rocksdb/rocksdbjni/6.8.1/rocksdbjni-6.8.1.jar:/home/user/.m2/repository/io/prometheus/simpleclient_dropwizard/0.7.0/simpleclient_dropwizard-0.7.0.jar:/home/user/.m2/repository/io/prometheus/simpleclient/0.7.0/simpleclient-0.7.0.jar:/home/user/.m2/repository/io/prometheus/simpleclient_common/0.7.0/simpleclient_common-0.7.0.jar:/home/user/.m2/repository/com/fasterxml/jackson/datatype/jackson-datatype-jsr310/2.10.3/jackson-datatype-jsr310-2.10.3.jar:/home/user/.m2/repository/io/dropwizard/metrics/metrics-core/3.2.4/metrics-core-3.2.4.jar:/home/user/.m2/repository/org/apache/hadoop/hadoop-hdfs-client/3.2.1/hadoop-hdfs-client-3.2.1.jar:/home/user/.m2/repository/org/bouncycastle/bcprov-jdk15on/1.67/bcprov-jdk15on-1.67.jar:/home/user/.m2/repository/org/apache/hadoop/hadoop-ozone-ozone-manager/1.1.0-SNAPSHOT/hadoop-ozone-ozone-manager-1.1.0-SNAPSHOT.jar:/home/user/.m2/repository/org/apache/hadoop/hadoop-hdds-interface-client/1.1.0-SNAPSHOT/hadoop-hdds-interface-client-1.1.0-SNAPSHOT.jar:/home/user/.m2/repository/org/apache/ratis/ratis-thirdparty-misc/0.6.0-SNAPSHOT/ratis-thirdparty-misc-0.6.0-SNAPSHOT.jar:/home/user/.m2/repository/org/apache/hadoop/hadoop-ozone-interface-storage/1.1.0-SNAPSHOT/hadoop-ozone-interface-storage-1.1.0-SNAPSHOT.jar:/home/user/.m2/repository/org/apache/hadoop/hadoop-minikdc/3.2.1/hadoop-minikdc-3.2.1.jar:/home/user/.m2/repository/org/apache/kerby/kerb-simplekdc/1.0.1/kerb-simplekdc-1.0.1.jar:/home/user/.m2/repository/org/apache/kerby/kerb-client/1.0.1/kerb-client-1.0.1.jar:/home/user/.m2/repository/org/apache/kerby/kerby-config/1.0.1/kerby-config-1.0.1.jar:/home/user/.m2/repository/org/apache/kerby/kerb-core/1.0.1/kerb-core-1.0.1.jar:/home/user/.m2/repository/org/apache/kerby/kerby-pkix/1.0.1/kerby-pkix-1.0.1.jar:/home/user/.m2/repository/org/apache/kerby/kerby-asn1/1.0.1/kerby-asn1-1.0.1.jar:/home/user/.m2/repository/org/apache/kerby/kerby-util/1.0.1/kerby-util-1.0.1.jar:/home/user/.m2/repository/org/apache/kerby/kerb-common/1.0.1/kerb-common-1.0.1.jar:/home/user/.m2/repository/org/apache/kerby/kerb-crypto/1.0.1/kerb-crypto-1.0.1.jar:/home/user/.m2/repository/org/apache/kerby/kerb-util/1.0.1/kerb-util-1.0.1.jar:/home/user/.m2/repository/org/apache/kerby/token-provider/1.0.1/token-provider-1.0.1.jar:/home/user/.m2/repository/org/apache/kerby/kerb-admin/1.0.1/kerb-admin-1.0.1.jar:/home/user/.m2/repository/org/apache/kerby/kerb-server/1.0.1/kerb-server-1.0.1.jar:/home/user/.m2/repository/org/apache/kerby/kerb-identity/1.0.1/kerb-identity-1.0.1.jar:/home/user/.m2/repository/org/apache/kerby/kerby-xdr/1.0.1/kerby-xdr-1.0.1.jar:/home/user/.m2/repository/org/slf4j/slf4j-log4j12/1.7.30/slf4j-log4j12-1.7.30.jar:/home/user/.m2/repository/org/apache/hadoop/hadoop-ozone-s3gateway/1.1.0-SNAPSHOT/hadoop-ozone-s3gateway-1.1.0-SNAPSHOT.jar:/home/user/.m2/repository/org/jboss/weld/servlet/weld-servlet/2.4.7.Final/weld-servlet-2.4.7.Final.jar:/home/user/.m2/repository/org/glassfish/jersey/containers/jersey-container-servlet-core/2.27/jersey-container-servlet-core-2.27.jar:/home/user/.m2/repository/org/glassfish/hk2/external/javax.inject/2.5.0-b42/javax.inject-2.5.0-b42.jar:/home/user/.m2/repository/org/glassfish/jersey/core/jersey-common/2.27/jersey-common-2.27.jar:/home/user/.m2/repository/org/glassfish/hk2/osgi-resource-locator/1.0.1/osgi-resource-locator-1.0.1.jar:/home/user/.m2/repository/javax/ws/rs/javax.ws.rs-api/2.1/javax.ws.rs-api-2.1.jar:/home/user/.m2/repository/org/glassfish/jersey/ext/cdi/jersey-cdi1x/2.27/jersey-cdi1x-2.27.jar:/home/user/.m2/repository/org/glassfish/jersey/inject/jersey-hk2/2.27/jersey-hk2-2.27.jar:/home/user/.m2/repository/org/glassfish/hk2/hk2-locator/2.5.0-b42/hk2-locator-2.5.0-b42.jar:/home/user/.m2/repository/org/javassist/javassist/3.22.0-CR2/javassist-3.22.0-CR2.jar:/home/user/.m2/repository/org/glassfish/hk2/hk2-api/2.5.0/hk2-api-2.5.0.jar:/home/user/.m2/repository/org/glassfish/hk2/external/jakarta.inject/2.5.0/jakarta.inject-2.5.0.jar:/home/user/.m2/repository/org/glassfish/hk2/hk2-utils/2.5.0/hk2-utils-2.5.0.jar:/home/user/.m2/repository/jakarta/annotation/jakarta.annotation-api/1.3.4/jakarta.annotation-api-1.3.4.jar:/home/user/.m2/repository/org/glassfish/hk2/external/aopalliance-repackaged/2.5.0/aopalliance-repackaged-2.5.0.jar:/home/user/.m2/repository/com/fasterxml/jackson/dataformat/jackson-dataformat-xml/2.10.3/jackson-dataformat-xml-2.10.3.jar:/home/user/.m2/repository/com/fasterxml/jackson/core/jackson-core/2.10.3/jackson-core-2.10.3.jar:/home/user/.m2/repository/com/fasterxml/jackson/module/jackson-module-jaxb-annotations/2.10.3/jackson-module-jaxb-annotations-2.10.3.jar:/home/user/.m2/repository/jakarta/xml/bind/jakarta.xml.bind-api/2.3.2/jakarta.xml.bind-api-2.3.2.jar:/home/user/.m2/repository/jakarta/activation/jakarta.activation-api/1.2.1/jakarta.activation-api-1.2.1.jar:/home/user/.m2/repository/org/codehaus/woodstox/stax2-api/3.1.4/stax2-api-3.1.4.jar:/home/user/.m2/repository/com/fasterxml/woodstox/woodstox-core/5.0.3/woodstox-core-5.0.3.jar:/home/user/.m2/repository/javax/enterprise/cdi-api/1.2/cdi-api-1.2.jar:/home/user/.m2/repository/javax/el/javax.el-api/3.0.0/javax.el-api-3.0.0.jar:/home/user/.m2/repository/javax/interceptor/javax.interceptor-api/1.2/javax.interceptor-api-1.2.jar:/home/user/.m2/repository/javax/inject/javax.inject/1/javax.inject-1.jar:/home/user/.m2/repository/com/sun/xml/bind/jaxb-impl/2.3.0.1/jaxb-impl-2.3.0.1.jar:/home/user/.m2/repository/com/sun/xml/bind/jaxb-core/2.3.0.1/jaxb-core-2.3.0.1.jar:/home/user/.m2/repository/javax/xml/bind/jaxb-api/2.3.0/jaxb-api-2.3.0.jar:/home/user/.m2/repository/javax/activation/activation/1.1.1/activation-1.1.1.jar:/home/user/.m2/repository/org/apache/hadoop/hadoop-ozone-csi/1.1.0-SNAPSHOT/hadoop-ozone-csi-1.1.0-SNAPSHOT.jar:/home/user/.m2/repository/com/google/protobuf/protobuf-java-util/3.11.0/protobuf-java-util-3.11.0.jar:/home/user/.m2/repository/com/google/code/gson/gson/2.2.4/gson-2.2.4.jar:/home/user/.m2/repository/org/apache/hadoop/hadoop-hdds-config/1.1.0-SNAPSHOT/hadoop-hdds-config-1.1.0-SNAPSHOT.jar:/home/user/.m2/repository/com/google/protobuf/protobuf-java/2.5.0/protobuf-java-2.5.0.jar:/home/user/.m2/repository/io/grpc/grpc-netty/1.29.0/grpc-netty-1.29.0.jar:/home/user/.m2/repository/io/grpc/grpc-core/1.29.0/grpc-core-1.29.0.jar:/home/user/.m2/repository/com/google/android/annotations/4.1.1.4/annotations-4.1.1.4.jar:/home/user/.m2/repository/io/perfmark/perfmark-api/0.19.0/perfmark-api-0.19.0.jar:/home/user/.m2/repository/io/netty/netty-codec-http2/4.1.48.Final/netty-codec-http2-4.1.48.Final.jar:/home/user/.m2/repository/io/netty/netty-codec/4.1.48.Final/netty-codec-4.1.48.Final.jar:/home/user/.m2/repository/io/netty/netty-handler/4.1.48.Final/netty-handler-4.1.48.Final.jar:/home/user/.m2/repository/io/netty/netty-codec-http/4.1.48.Final/netty-codec-http-4.1.48.Final.jar:/home/user/.m2/repository/io/netty/netty-handler-proxy/4.1.48.Final/netty-handler-proxy-4.1.48.Final.jar:/home/user/.m2/repository/io/netty/netty-codec-socks/4.1.48.Final/netty-codec-socks-4.1.48.Final.jar:/home/user/.m2/repository/io/netty/netty-transport-native-epoll/4.1.48.Final/netty-transport-native-epoll-4.1.48.Final.jar:/home/user/.m2/repository/io/netty/netty-common/4.1.48.Final/netty-common-4.1.48.Final.jar:/home/user/.m2/repository/io/netty/netty-buffer/4.1.48.Final/netty-buffer-4.1.48.Final.jar:/home/user/.m2/repository/io/netty/netty-transport/4.1.48.Final/netty-transport-4.1.48.Final.jar:/home/user/.m2/repository/io/netty/netty-resolver/4.1.48.Final/netty-resolver-4.1.48.Final.jar:/home/user/.m2/repository/io/netty/netty-transport-native-unix-common/4.1.48.Final/netty-transport-native-unix-common-4.1.48.Final.jar:/home/user/.m2/repository/io/grpc/grpc-protobuf/1.29.0/grpc-protobuf-1.29.0.jar:/home/user/.m2/repository/io/grpc/grpc-api/1.29.0/grpc-api-1.29.0.jar:/home/user/.m2/repository/io/grpc/grpc-context/1.29.0/grpc-context-1.29.0.jar:/home/user/.m2/repository/org/codehaus/mojo/animal-sniffer-annotations/1.18/animal-sniffer-annotations-1.18.jar:/home/user/.m2/repository/com/google/api/grpc/proto-google-common-protos/1.17.0/proto-google-common-protos-1.17.0.jar:/home/user/.m2/repository/io/grpc/grpc-protobuf-lite/1.29.0/grpc-protobuf-lite-1.29.0.jar:/home/user/.m2/repository/io/grpc/grpc-stub/1.29.0/grpc-stub-1.29.0.jar:/home/user/.m2/repository/org/apache/hadoop/hadoop-ozone-recon/1.1.0-SNAPSHOT/hadoop-ozone-recon-1.1.0-SNAPSHOT.jar:/home/user/.m2/repository/org/apache/hadoop/hadoop-ozone-reconcodegen/1.1.0-SNAPSHOT/hadoop-ozone-reconcodegen-1.1.0-SNAPSHOT.jar:/home/user/.m2/repository/com/google/inject/extensions/guice-multibindings/4.0/guice-multibindings-4.0.jar:/home/user/.m2/repository/com/google/inject/guice/4.0/guice-4.0.jar:/home/user/.m2/repository/aopalliance/aopalliance/1.0/aopalliance-1.0.jar:/home/user/.m2/repository/com/google/inject/extensions/guice-assistedinject/4.0/guice-assistedinject-4.0.jar:/home/user/.m2/repository/com/google/inject/extensions/guice-servlet/4.0/guice-servlet-4.0.jar:/home/user/.m2/repository/org/glassfish/jersey/containers/jersey-container-servlet/2.27/jersey-container-servlet-2.27.jar:/home/user/.m2/repository/org/glassfish/hk2/guice-bridge/2.5.0/guice-bridge-2.5.0.jar:/home/user/.m2/repository/org/glassfish/jersey/core/jersey-server/2.27/jersey-server-2.27.jar:/home/user/.m2/repository/org/glassfish/jersey/core/jersey-client/2.27/jersey-client-2.27.jar:/home/user/.m2/repository/org/glassfish/jersey/media/jersey-media-jaxb/2.27/jersey-media-jaxb-2.27.jar:/home/user/.m2/repository/javax/validation/validation-api/1.1.0.Final/validation-api-1.1.0.Final.jar:/home/user/.m2/repository/org/glassfish/jersey/media/jersey-media-json-jackson/2.27/jersey-media-json-jackson-2.27.jar:/home/user/.m2/repository/org/glassfish/jersey/ext/jersey-entity-filtering/2.27/jersey-entity-filtering-2.27.jar:/home/user/.m2/repository/org/jooq/jooq/3.11.10/jooq-3.11.10.jar:/home/user/.m2/repository/org/jooq/jooq-meta/3.11.10/jooq-meta-3.11.10.jar:/home/user/.m2/repository/org/jooq/jooq-codegen/3.11.10/jooq-codegen-3.11.10.jar:/home/user/.m2/repository/com/jolbox/bonecp/0.8.0.RELEASE/bonecp-0.8.0.RELEASE.jar:/home/user/.m2/repository/org/apache/derby/derby/10.14.2.0/derby-10.14.2.0.jar:/home/user/.m2/repository/org/xerial/sqlite-jdbc/3.25.2/sqlite-jdbc-3.25.2.jar:/home/user/.m2/repository/org/springframework/spring-jdbc/5.2.11.RELEASE/spring-jdbc-5.2.11.RELEASE.jar:/home/user/.m2/repository/org/springframework/spring-beans/5.2.11.RELEASE/spring-beans-5.2.11.RELEASE.jar:/home/user/.m2/repository/org/springframework/spring-core/5.2.11.RELEASE/spring-core-5.2.11.RELEASE.jar:/home/user/.m2/repository/org/springframework/spring-jcl/5.2.11.RELEASE/spring-jcl-5.2.11.RELEASE.jar:/home/user/.m2/repository/org/springframework/spring-tx/5.2.11.RELEASE/spring-tx-5.2.11.RELEASE.jar:/home/user/.m2/repository/org/apache/hadoop/hadoop-ozone-client/1.1.0-SNAPSHOT/hadoop-ozone-client-1.1.0-SNAPSHOT.jar:/home/user/.m2/repository/org/apache/hadoop/hadoop-ozone-filesystem/1.1.0-SNAPSHOT/hadoop-ozone-filesystem-1.1.0-SNAPSHOT.jar:/home/user/.m2/repository/org/apache/hadoop/hadoop-ozone-filesystem-common/1.1.0-SNAPSHOT/hadoop-ozone-filesystem-common-1.1.0-SNAPSHOT.jar:/home/user/.m2/repository/org/apache/hadoop/hadoop-ozone-tools/1.1.0-SNAPSHOT/hadoop-ozone-tools-1.1.0-SNAPSHOT.jar:/home/user/.m2/repository/org/apache/ratis/ratis-tools/1.1.0-35f17fa-SNAPSHOT/ratis-tools-1.1.0-35f17fa-SNAPSHOT.jar:/home/user/.m2/repository/org/apache/ratis/ratis-proto/1.1.0-35f17fa-SNAPSHOT/ratis-proto-1.1.0-35f17fa-SNAPSHOT.jar:/home/user/.m2/repository/org/apache/ratis/ratis-common/1.1.0-35f17fa-SNAPSHOT/ratis-common-1.1.0-35f17fa-SNAPSHOT.jar:/home/user/.m2/repository/com/amazonaws/aws-java-sdk-core/1.11.901/aws-java-sdk-core-1.11.901.jar:/home/user/.m2/repository/org/apache/httpcomponents/httpclient/4.5.13/httpclient-4.5.13.jar:/home/user/.m2/repository/org/apache/httpcomponents/httpcore/4.4.13/httpcore-4.4.13.jar:/home/user/.m2/repository/software/amazon/ion/ion-java/1.0.2/ion-java-1.0.2.jar:/home/user/.m2/repository/com/fasterxml/jackson/dataformat/jackson-dataformat-cbor/2.10.3/jackson-dataformat-cbor-2.10.3.jar:/home/user/.m2/repository/joda-time/joda-time/2.8.1/joda-time-2.8.1.jar:/home/user/.m2/repository/com/amazonaws/aws-java-sdk-s3/1.11.901/aws-java-sdk-s3-1.11.901.jar:/home/user/.m2/repository/com/amazonaws/aws-java-sdk-kms/1.11.901/aws-java-sdk-kms-1.11.901.jar:/home/user/.m2/repository/com/amazonaws/jmespath-java/1.11.901/jmespath-java-1.11.901.jar:/home/user/.m2/repository/org/kohsuke/metainf-services/metainf-services/1.8/metainf-services-1.8.jar:/home/user/.m2/repository/org/apache/hadoop/hadoop-hdds-tools/1.1.0-SNAPSHOT/hadoop-hdds-tools-1.1.0-SNAPSHOT.jar:/home/user/.m2/repository/commons-cli/commons-cli/1.2/commons-cli-1.2.jar:/home/user/.m2/repository/org/apache/commons/commons-lang3/3.7/commons-lang3-3.7.jar:/home/user/.m2/repository/org/apache/hadoop/hadoop-ozone-ozone-manager/1.1.0-SNAPSHOT/hadoop-ozone-ozone-manager-1.1.0-SNAPSHOT-tests.jar:/home/user/.m2/repository/org/apache/hadoop/hadoop-hdds-common/1.1.0-SNAPSHOT/hadoop-hdds-common-1.1.0-SNAPSHOT-tests.jar:/home/user/.m2/repository/org/apache/hadoop/hadoop-hdds-hadoop-dependency-client/1.1.0-SNAPSHOT/hadoop-hdds-hadoop-dependency-client-1.1.0-SNAPSHOT.jar:/home/user/.m2/repository/info/picocli/picocli/4.4.0/picocli-4.4.0.jar:/home/user/.m2/repository/com/fasterxml/jackson/core/jackson-annotations/2.10.3/jackson-annotations-2.10.3.jar:/home/user/.m2/repository/javax/annotation/javax.annotation-api/1.2/javax.annotation-api-1.2.jar:/home/user/.m2/repository/org/fusesource/leveldbjni/leveldbjni-all/1.8/leveldbjni-all-1.8.jar:/home/user/.m2/repository/org/apache/ratis/ratis-server/1.1.0-35f17fa-SNAPSHOT/ratis-server-1.1.0-35f17fa-SNAPSHOT.jar:/home/user/.m2/repository/org/apache/ratis/ratis-client/1.1.0-35f17fa-SNAPSHOT/ratis-client-1.1.0-35f17fa-SNAPSHOT.jar:/home/user/.m2/repository/org/apache/ratis/ratis-server-api/1.1.0-35f17fa-SNAPSHOT/ratis-server-api-1.1.0-35f17fa-SNAPSHOT.jar:/home/user/.m2/repository/org/apache/ratis/ratis-metrics/1.1.0-35f17fa-SNAPSHOT/ratis-metrics-1.1.0-35f17fa-SNAPSHOT.jar:/home/user/.m2/repository/org/apache/ratis/ratis-netty/1.1.0-35f17fa-SNAPSHOT/ratis-netty-1.1.0-35f17fa-SNAPSHOT.jar:/home/user/.m2/repository/org/apache/ratis/ratis-grpc/1.1.0-35f17fa-SNAPSHOT/ratis-grpc-1.1.0-35f17fa-SNAPSHOT.jar:/home/user/.m2/repository/org/apache/logging/log4j/log4j-api/2.13.3/log4j-api-2.13.3.jar:/home/user/.m2/repository/org/apache/logging/log4j/log4j-core/2.13.3/log4j-core-2.13.3.jar:/home/user/.m2/repository/com/lmax/disruptor/3.4.2/disruptor-3.4.2.jar:/home/user/.m2/repository/org/apache/commons/commons-pool2/2.6.0/commons-pool2-2.6.0.jar:/home/user/.m2/repository/org/bouncycastle/bcpkix-jdk15on/1.67/bcpkix-jdk15on-1.67.jar:/home/user/.m2/repository/commons-validator/commons-validator/1.6/commons-validator-1.6.jar:/home/user/.m2/repository/commons-beanutils/commons-beanutils/1.9.4/commons-beanutils-1.9.4.jar:/home/user/.m2/repository/commons-digester/commons-digester/1.8.1/commons-digester-1.8.1.jar:/home/user/.m2/repository/commons-collections/commons-collections/3.2.2/commons-collections-3.2.2.jar:/home/user/.m2/repository/io/jaegertracing/jaeger-client/1.2.0/jaeger-client-1.2.0.jar:/home/user/.m2/repository/io/jaegertracing/jaeger-thrift/1.2.0/jaeger-thrift-1.2.0.jar:/home/user/.m2/repository/org/apache/thrift/libthrift/0.13.0/libthrift-0.13.0.jar:/home/user/.m2/repository/com/squareup/okhttp3/okhttp/4.2.2/okhttp-4.2.2.jar:/home/user/.m2/repository/com/squareup/okio/okio/2.2.2/okio-2.2.2.jar:/home/user/.m2/repository/org/jetbrains/kotlin/kotlin-stdlib/1.3.50/kotlin-stdlib-1.3.50.jar:/home/user/.m2/repository/org/jetbrains/kotlin/kotlin-stdlib-common/1.3.50/kotlin-stdlib-common-1.3.50.jar:/home/user/.m2/repository/org/jetbrains/annotations/13.0/annotations-13.0.jar:/home/user/.m2/repository/io/jaegertracing/jaeger-core/1.2.0/jaeger-core-1.2.0.jar:/home/user/.m2/repository/io/jaegertracing/jaeger-tracerresolver/1.2.0/jaeger-tracerresolver-1.2.0.jar:/home/user/.m2/repository/io/opentracing/contrib/opentracing-tracerresolver/0.1.8/opentracing-tracerresolver-0.1.8.jar:/home/user/.m2/repository/io/opentracing/opentracing-util/0.33.0/opentracing-util-0.33.0.jar:/home/user/.m2/repository/io/opentracing/opentracing-api/0.33.0/opentracing-api-0.33.0.jar:/home/user/.m2/repository/io/opentracing/opentracing-noop/0.33.0/opentracing-noop-0.33.0.jar:/home/user/.m2/repository/org/yaml/snakeyaml/1.26/snakeyaml-1.26.jar:/home/user/.m2/repository/junit/junit/4.11/junit-4.11.jar:/home/user/.m2/repository/org/hamcrest/hamcrest-core/1.3/hamcrest-core-1.3.jar:/home/user/.m2/repository/org/openjdk/jmh/jmh-core/1.19/jmh-core-1.19.jar:/home/user/.m2/repository/net/sf/jopt-simple/jopt-simple/4.6/jopt-simple-4.6.jar:/home/user/.m2/repository/org/apache/commons/commons-math3/3.1.1/commons-math3-3.1.1.jar:/home/user/.m2/repository/org/openjdk/jmh/jmh-generator-annprocess/1.19/jmh-generator-annprocess-1.19.jar:/home/user/.m2/repository/org/mockito/mockito-all/1.8.5/mockito-all-1.8.5.jar:/home/user/.m2/repository/org/apache/hadoop/hadoop-kms/3.2.1/hadoop-kms-3.2.1.jar:/home/user/.m2/repository/org/apache/hadoop/hadoop-auth/3.2.1/hadoop-auth-3.2.1.jar:/home/user/.m2/repository/com/nimbusds/nimbus-jose-jwt/7.9/nimbus-jose-jwt-7.9.jar:/home/user/.m2/repository/com/github/stephenc/jcip/jcip-annotations/1.0-1/jcip-annotations-1.0-1.jar:/home/user/.m2/repository/net/minidev/json-smart/2.3/json-smart-2.3.jar:/home/user/.m2/repository/net/minidev/accessors-smart/1.2/accessors-smart-1.2.jar:/home/user/.m2/repository/org/ow2/asm/asm/5.0.4/asm-5.0.4.jar:/home/user/.m2/repository/org/apache/zookeeper/zookeeper/3.4.13/zookeeper-3.4.13.jar:/home/user/.m2/repository/org/apache/yetus/audience-annotations/0.5.0/audience-annotations-0.5.0.jar:/home/user/.m2/repository/org/apache/curator/curator-framework/2.13.0/curator-framework-2.13.0.jar:/home/user/.m2/repository/com/sun/jersey/jersey-core/1.19/jersey-core-1.19.jar:/home/user/.m2/repository/javax/ws/rs/jsr311-api/1.1.1/jsr311-api-1.1.1.jar:/home/user/.m2/repository/com/sun/jersey/jersey-server/1.19/jersey-server-1.19.jar:/home/user/.m2/repository/javax/servlet/javax.servlet-api/3.1.0/javax.servlet-api-3.1.0.jar:/home/user/.m2/repository/org/eclipse/jetty/jetty-server/9.4.34.v20201102/jetty-server-9.4.34.v20201102.jar:/home/user/.m2/repository/org/eclipse/jetty/jetty-http/9.4.34.v20201102/jetty-http-9.4.34.v20201102.jar:/home/user/.m2/repository/org/eclipse/jetty/jetty-io/9.4.34.v20201102/jetty-io-9.4.34.v20201102.jar:/home/user/.m2/repository/org/eclipse/jetty/jetty-webapp/9.4.34.v20201102/jetty-webapp-9.4.34.v20201102.jar:/home/user/.m2/repository/org/eclipse/jetty/jetty-xml/9.4.34.v20201102/jetty-xml-9.4.34.v20201102.jar:/home/user/.m2/repository/org/apache/hadoop/hadoop-common/3.2.1/hadoop-common-3.2.1.jar:/home/user/.m2/repository/commons-net/commons-net/3.6/commons-net-3.6.jar:/home/user/.m2/repository/com/sun/jersey/jersey-servlet/1.19/jersey-servlet-1.19.jar:/home/user/.m2/repository/com/sun/jersey/jersey-json/1.19/jersey-json-1.19.jar:/home/user/.m2/repository/org/codehaus/jettison/jettison/1.1/jettison-1.1.jar:/home/user/.m2/repository/org/codehaus/jackson/jackson-jaxrs/1.9.2/jackson-jaxrs-1.9.2.jar:/home/user/.m2/repository/org/codehaus/jackson/jackson-xc/1.9.2/jackson-xc-1.9.2.jar:/home/user/.m2/repository/org/apache/commons/commons-configuration2/2.1.1/commons-configuration2-2.1.1.jar:/home/user/.m2/repository/org/apache/commons/commons-text/1.4/commons-text-1.4.jar:/home/user/.m2/repository/com/google/re2j/re2j/1.1/re2j-1.1.jar:/home/user/.m2/repository/com/jcraft/jsch/0.1.54/jsch-0.1.54.jar:/home/user/.m2/repository/org/apache/curator/curator-client/2.13.0/curator-client-2.13.0.jar:/home/user/.m2/repository/org/apache/curator/curator-recipes/2.13.0/curator-recipes-2.13.0.jar:/home/user/.m2/repository/dnsjava/dnsjava/2.1.7/dnsjava-2.1.7.jar:/home/user/.m2/repository/org/slf4j/jul-to-slf4j/1.7.30/jul-to-slf4j-1.7.30.jar:/home/user/.m2/repository/org/eclipse/jetty/jetty-util/9.4.34.v20201102/jetty-util-9.4.34.v20201102.jar:/home/user/.m2/repository/com/fasterxml/jackson/core/jackson-databind/2.10.3/jackson-databind-2.10.3.jar:/home/user/.m2/repository/org/apache/hadoop/hadoop-kms/3.2.1/hadoop-kms-3.2.1-tests.jar:/home/user/.m2/repository/org/apache/hadoop/hadoop-hdds-server-scm/1.1.0-SNAPSHOT/hadoop-hdds-server-scm-1.1.0-SNAPSHOT-tests.jar:/home/user/.m2/repository/org/apache/hadoop/hadoop-hdds-container-service/1.1.0-SNAPSHOT/hadoop-hdds-container-service-1.1.0-SNAPSHOT-tests.jar:/home/user/.m2/repository/commons-codec/commons-codec/1.11/commons-codec-1.11.jar:/home/user/.m2/repository/org/apache/hadoop/hadoop-hdds-hadoop-dependency-test/1.1.0-SNAPSHOT/hadoop-hdds-hadoop-dependency-test-1.1.0-SNAPSHOT.jar:/home/user/.m2/repository/org/apache/hadoop/hadoop-common/3.2.1/hadoop-common-3.2.1-tests.jar:/home/user/.m2/repository/org/apache/hadoop/hadoop-hdfs/3.2.1/hadoop-hdfs-3.2.1-tests.jar:/home/user/.m2/repository/org/eclipse/jetty/jetty-util-ajax/9.4.34.v20201102/jetty-util-ajax-9.4.34.v20201102.jar:/home/user/.m2/repository/commons-daemon/commons-daemon/1.0.13/commons-daemon-1.0.13.jar:/home/user/.m2/repository/io/netty/netty/3.10.5.Final/netty-3.10.5.Final.jar:/home/user/.m2/repository/io/netty/netty-all/4.1.48.Final/netty-all-4.1.48.Final.jar:/home/user/.m2/repository/org/apache/htrace/htrace-core4/4.1.0-incubating/htrace-core4-4.1.0-incubating.jar:/home/user/.m2/repository/org/apache/hadoop/hadoop-distcp/3.2.1/hadoop-distcp-3.2.1.jar:/home/user/.m2/repository/org/apache/hadoop/hadoop-mapreduce-client-jobclient/3.2.1/hadoop-mapreduce-client-jobclient-3.2.1.jar:/home/user/.m2/repository/org/apache/hadoop/hadoop-mapreduce-client-common/3.2.1/hadoop-mapreduce-client-common-3.2.1.jar:/home/user/.m2/repository/org/apache/hadoop/hadoop-yarn-common/3.2.1/hadoop-yarn-common-3.2.1.jar:/home/user/.m2/repository/org/apache/hadoop/hadoop-yarn-api/3.2.1/hadoop-yarn-api-3.2.1.jar:/home/user/.m2/repository/com/sun/jersey/jersey-client/1.19/jersey-client-1.19.jar:/home/user/.m2/repository/com/sun/jersey/contribs/jersey-guice/1.19/jersey-guice-1.19.jar:/home/user/.m2/repository/com/fasterxml/jackson/jaxrs/jackson-jaxrs-json-provider/2.10.3/jackson-jaxrs-json-provider-2.10.3.jar:/home/user/.m2/repository/com/fasterxml/jackson/jaxrs/jackson-jaxrs-base/2.10.3/jackson-jaxrs-base-2.10.3.jar:/home/user/.m2/repository/org/apache/hadoop/hadoop-yarn-client/3.2.1/hadoop-yarn-client-3.2.1.jar:/home/user/.m2/repository/org/apache/hadoop/hadoop-mapreduce-client-core/3.2.1/hadoop-mapreduce-client-core-3.2.1.jar:/home/user/.m2/repository/org/apache/avro/avro/1.7.7/avro-1.7.7.jar:/home/user/.m2/repository/org/codehaus/jackson/jackson-core-asl/1.9.13/jackson-core-asl-1.9.13.jar:/home/user/.m2/repository/org/codehaus/jackson/jackson-mapper-asl/1.9.13/jackson-mapper-asl-1.9.13.jar:/home/user/.m2/repository/com/thoughtworks/paranamer/paranamer/2.3/paranamer-2.3.jar:/home/user/.m2/repository/org/xerial/snappy/snappy-java/1.0.5/snappy-java-1.0.5.jar:/home/user/.m2/repository/org/apache/hadoop/hadoop-annotations/3.2.1/hadoop-annotations-3.2.1.jar:/usr/lib/jvm/java-1.8.0-openjdk-1.8.0.232.b09-0.el7_7.x86_64/jre/../lib/tools.jar:/home/user/.m2/repository/org/apache/hadoop/hadoop-distcp/3.2.1/hadoop-distcp-3.2.1-tests.jar:"/>
    <property name="sun.cpu.endian" value="little"/>
    <property name="user.home" value="/home/user"/>
    <property name="user.language" value="en"/>
    <property name="java.specification.vendor" value="Oracle Corporation"/>
    <property name="java.home" value="/usr/lib/jvm/java-1.8.0-openjdk-1.8.0.232.b09-0.el7_7.x86_64/jre"/>
    <property name="java.security.krb5.conf" value="/github/workspace/mnt/ozone/hadoop-ozone/integration-test/target/test-classes/krb5.conf"/>
    <property name="basedir" value="/github/workspace/mnt/ozone/hadoop-ozone/integration-test"/>
    <property name="file.separator" value="/"/>
    <property name="line.separator" value="&#10;"/>
    <property name="java.vm.specification.vendor" value="Oracle Corporation"/>
    <property name="java.specification.name" value="Java Platform API Specification"/>
    <property name="java.awt.graphicsenv" value="sun.awt.X11GraphicsEnvironment"/>
    <property name="skip.installnpx" value="true"/>
    <property name="surefire.real.class.path" value="/github/workspace/mnt/ozone/hadoop-ozone/integration-test/target/surefire/surefirebooter170195153352852359.jar:/home/user/.m2/repository/org/jacoco/org.jacoco.agent/0.8.5/org.jacoco.agent-0.8.5-runtime.jar"/>
    <property name="hadoop.log.dir" value="/github/workspace/mnt/ozone/hadoop-ozone/integration-test/target/log"/>
    <property name="sun.boot.class.path" value="/usr/lib/jvm/java-1.8.0-openjdk-1.8.0.232.b09-0.el7_7.x86_64/jre/lib/resources.jar:/usr/lib/jvm/java-1.8.0-openjdk-1.8.0.232.b09-0.el7_7.x86_64/jre/lib/rt.jar:/usr/lib/jvm/java-1.8.0-openjdk-1.8.0.232.b09-0.el7_7.x86_64/jre/lib/sunrsasign.jar:/usr/lib/jvm/java-1.8.0-openjdk-1.8.0.232.b09-0.el7_7.x86_64/jre/lib/jsse.jar:/usr/lib/jvm/java-1.8.0-openjdk-1.8.0.232.b09-0.el7_7.x86_64/jre/lib/jce.jar:/usr/lib/jvm/java-1.8.0-openjdk-1.8.0.232.b09-0.el7_7.x86_64/jre/lib/charsets.jar:/usr/lib/jvm/java-1.8.0-openjdk-1.8.0.232.b09-0.el7_7.x86_64/jre/lib/jfr.jar:/usr/lib/jvm/java-1.8.0-openjdk-1.8.0.232.b09-0.el7_7.x86_64/jre/classes"/>
    <property name="sun.management.compiler" value="HotSpot 64-Bit Tiered Compilers"/>
    <property name="skip.npx" value="true"/>
    <property name="java.runtime.version" value="1.8.0_232-b09"/>
    <property name="java.net.preferIPv4Stack" value="true"/>
    <property name="user.name" value="jenkins1001"/>
    <property name="path.separator" value=":"/>
    <property name="java.security.egd" value="file:///dev/urandom"/>
    <property name="os.version" value="5.4.0-1032-azure"/>
    <property name="java.endorsed.dirs" value="/usr/lib/jvm/java-1.8.0-openjdk-1.8.0.232.b09-0.el7_7.x86_64/jre/lib/endorsed"/>
    <property name="java.runtime.name" value="OpenJDK Runtime Environment"/>
    <property name="file.encoding" value="ANSI_X3.4-1968"/>
    <property name="java.vm.name" value="OpenJDK 64-Bit Server VM"/>
    <property name="test.build.webapps" value=""/>
    <property name="localRepository" value="/home/user/.m2/repository"/>
    <property name="java.vendor.url.bug" value="http://bugreport.sun.com/bugreport/"/>
    <property name="java.io.tmpdir" value="/tmp"/>
    <property name="require.test.libhadoop" value=""/>
    <property name="java.version" value="1.8.0_232"/>
    <property name="user.dir" value="/github/workspace/mnt/ozone/hadoop-ozone/integration-test"/>
    <property name="os.arch" value="amd64"/>
    <property name="java.vm.specification.name" value="Java Virtual Machine Specification"/>
    <property name="test.build.classes" value="/github/workspace/mnt/ozone/hadoop-ozone/integration-test/target/test-classes"/>
    <property name="java.awt.printerjob" value="sun.print.PSPrinterJob"/>
    <property name="sun.os.patch.level" value="unknown"/>
    <property name="hadoop.tmp.dir" value="/github/workspace/mnt/ozone/hadoop-ozone/integration-test/target/tmp"/>
    <property name="java.library.path" value="/usr/lib:/usr/java/packages/lib/amd64:/usr/lib64:/lib64:/lib:/usr/lib"/>
    <property name="java.vm.info" value="mixed mode"/>
    <property name="java.vendor" value="Oracle Corporation"/>
    <property name="java.vm.version" value="25.232-b09"/>
    <property name="java.ext.dirs" value="/usr/lib/jvm/java-1.8.0-openjdk-1.8.0.232.b09-0.el7_7.x86_64/jre/lib/ext:/usr/java/packages/lib/ext"/>
    <property name="sun.io.unicode.encoding" value="UnicodeLittle"/>
    <property name="java.class.version" value="52.0"/>
  </properties>
  <testcase name="testInstallSnapshot" classname="org.apache.hadoop.ozone.om.TestOMRatisSnapshots" time="66.121">
    <failure type="java.lang.AssertionError">java.lang.AssertionError
	at org.junit.Assert.fail(Assert.java:86)
	at org.junit.Assert.assertTrue(Assert.java:41)
	at org.junit.Assert.assertTrue(Assert.java:52)
	at org.apache.hadoop.ozone.om.TestOMRatisSnapshots.testInstallSnapshot(TestOMRatisSnapshots.java:172)
	at sun.reflect.NativeMethodAccessorImpl.invoke0(Native Method)
	at sun.reflect.NativeMethodAccessorImpl.invoke(NativeMethodAccessorImpl.java:62)
	at sun.reflect.DelegatingMethodAccessorImpl.invoke(DelegatingMethodAccessorImpl.java:43)
	at java.lang.reflect.Method.invoke(Method.java:498)
	at org.junit.runners.model.FrameworkMethod$1.runReflectiveCall(FrameworkMethod.java:47)
	at org.junit.internal.runners.model.ReflectiveCallable.run(ReflectiveCallable.java:12)
	at org.junit.runners.model.FrameworkMethod.invokeExplosively(FrameworkMethod.java:44)
	at org.junit.internal.runners.statements.InvokeMethod.evaluate(InvokeMethod.java:17)
	at org.junit.internal.runners.statements.RunBefores.evaluate(RunBefores.java:26)
	at org.junit.internal.runners.statements.RunAfters.evaluate(RunAfters.java:27)
	at org.junit.rules.ExpectedException$ExpectedExceptionStatement.evaluate(ExpectedException.java:168)
	at org.junit.internal.runners.statements.FailOnTimeout$StatementThread.run(FailOnTimeout.java:74)
</failure>
    <system-out><![CDATA[2021-01-09 14:07:41,654 [Thread-1] WARN  server.ServerUtils (ServerUtils.java:getScmDbDir(148)) - ozone.scm.db.dirs is not configured. We recommend adding this setting. Falling back to ozone.metadata.dirs instead.
2021-01-09 14:07:41,760 [Thread-1] WARN  server.ServerUtils (ServerUtils.java:getScmDbDir(148)) - ozone.scm.db.dirs is not configured. We recommend adding this setting. Falling back to ozone.metadata.dirs instead.
2021-01-09 14:07:41,917 [Thread-1] WARN  db.DBStoreBuilder (DBStoreBuilder.java:applyDBDefinition(145)) - ozone.scm.db.dirs is not configured. We recommend adding this setting. Falling back to ozone.metadata.dirs instead.
2021-01-09 14:07:42,031 [Thread-1] INFO  net.NodeSchemaLoader (NodeSchemaLoader.java:loadSchemaFromFile(126)) - Loading file from sun.misc.CompoundEnumeration@28a77ffe
2021-01-09 14:07:42,033 [Thread-1] INFO  net.NodeSchemaLoader (NodeSchemaLoader.java:loadSchema(172)) - Loading network topology layer schema file
2021-01-09 14:07:42,098 [Thread-1] WARN  server.ServerUtils (ServerUtils.java:sanitizeUserArgs(73)) - ozone.scm.stale.node.interval value = 300000 is larger than max = 100000 based on the key value of ozone.scm.heartbeat.thread.interval, reset to the max value 100000.
2021-01-09 14:07:42,098 [Thread-1] WARN  server.ServerUtils (ServerUtils.java:sanitizeUserArgs(73)) - ozone.scm.stale.node.interval value = 300000 is larger than max = 100000 based on the key value of ozone.scm.heartbeat.thread.interval, reset to the max value 100000.
2021-01-09 14:07:42,102 [Thread-1] INFO  node.SCMNodeManager (SCMNodeManager.java:<init>(123)) - Entering startup safe mode.
2021-01-09 14:07:42,217 [Thread-1] INFO  algorithms.ContainerPlacementPolicyFactory (ContainerPlacementPolicyFactory.java:getPolicy(60)) - Create container placement policy of type org.apache.hadoop.hdds.scm.container.placement.algorithms.SCMContainerPlacementRandom
2021-01-09 14:07:42,243 [Thread-1] INFO  algorithms.LeaderChoosePolicyFactory (LeaderChoosePolicyFactory.java:getPolicy(57)) - Create leader choose policy of type org.apache.hadoop.hdds.scm.pipeline.leader.choose.algorithms.MinLeaderCountChoosePolicy
2021-01-09 14:07:42,243 [Thread-1] INFO  pipeline.SCMPipelineManager (SCMPipelineManager.java:initializePipelineState(161)) - No pipeline exists in current db
2021-01-09 14:07:42,263 [Thread-1] INFO  algorithms.PipelineChoosePolicyFactory (PipelineChoosePolicyFactory.java:createPipelineChoosePolicyFromClass(75)) - Create pipeline choose policy of type org.apache.hadoop.hdds.scm.pipeline.choose.algorithms.RandomPipelineChoosePolicy
2021-01-09 14:07:42,334 [Thread-1] INFO  safemode.HealthyPipelineSafeModeRule (HealthyPipelineSafeModeRule.java:<init>(89)) - Total pipeline count is 0, healthy pipeline threshold count is 0
2021-01-09 14:07:42,340 [Thread-1] INFO  safemode.OneReplicaPipelineSafeModeRule (OneReplicaPipelineSafeModeRule.java:<init>(85)) - Total pipeline count is 0, pipeline's with at least one datanode reported threshold count is 0
2021-01-09 14:07:42,822 [Thread-1] INFO  ipc.CallQueueManager (CallQueueManager.java:<init>(84)) - Using callQueue: class java.util.concurrent.LinkedBlockingQueue, queueCapacity: 2000, scheduler: class org.apache.hadoop.ipc.DefaultRpcScheduler, ipcBackoff: false.
2021-01-09 14:07:42,846 [Socket Reader #1 for port 0] INFO  ipc.Server (Server.java:run(1219)) - Starting Socket Reader #1 for port 0
2021-01-09 14:07:42,873 [Listener at 0.0.0.0/43739] INFO  ipc.CallQueueManager (CallQueueManager.java:<init>(84)) - Using callQueue: class java.util.concurrent.LinkedBlockingQueue, queueCapacity: 2000, scheduler: class org.apache.hadoop.ipc.DefaultRpcScheduler, ipcBackoff: false.
2021-01-09 14:07:42,875 [Socket Reader #1 for port 0] INFO  ipc.Server (Server.java:run(1219)) - Starting Socket Reader #1 for port 0
2021-01-09 14:07:42,893 [Listener at 0.0.0.0/38925] INFO  ipc.CallQueueManager (CallQueueManager.java:<init>(84)) - Using callQueue: class java.util.concurrent.LinkedBlockingQueue, queueCapacity: 2000, scheduler: class org.apache.hadoop.ipc.DefaultRpcScheduler, ipcBackoff: false.
2021-01-09 14:07:42,894 [Socket Reader #1 for port 0] INFO  ipc.Server (Server.java:run(1219)) - Starting Socket Reader #1 for port 0
2021-01-09 14:07:47,918 [Listener at 0.0.0.0/36051] INFO  http.BaseHttpServer (BaseHttpServer.java:newHttpServer2BuilderForOzone(207)) - Starting Web-server for scm at: http://0.0.0.0:0
2021-01-09 14:07:47,918 [Listener at 0.0.0.0/36051] INFO  http.BaseHttpServer (BaseHttpServer.java:<init>(106)) - Hadoop Security Enabled: false Ozone Security Enabled: false Ozone HTTP Security Enabled: false 
2021-01-09 14:07:47,952 [Listener at 0.0.0.0/36051] INFO  util.log (Log.java:initialized(169)) - Logging initialized @7403ms to org.eclipse.jetty.util.log.Slf4jLog
2021-01-09 14:07:48,098 [Listener at 0.0.0.0/36051] INFO  server.AuthenticationFilter (AuthenticationFilter.java:constructSecretProvider(240)) - Unable to initialize FileSignerSecretProvider, falling back to use random secrets.
2021-01-09 14:07:48,112 [Listener at 0.0.0.0/36051] WARN  http.HttpRequestLog (HttpRequestLog.java:getRequestLog(103)) - Jetty request log can only be enabled using Log4j
2021-01-09 14:07:48,118 [Listener at 0.0.0.0/36051] INFO  http.HttpServer2 (HttpServer2.java:addGlobalFilter(1020)) - Added global filter 'safety' (class=org.apache.hadoop.hdds.server.http.HttpServer2$QuotingInputFilter)
2021-01-09 14:07:48,120 [Listener at 0.0.0.0/36051] INFO  http.HttpServer2 (HttpServer2.java:addFilter(996)) - Added filter static_user_filter (class=org.apache.hadoop.http.lib.StaticUserWebFilter$StaticUserFilter) to context scm
2021-01-09 14:07:48,120 [Listener at 0.0.0.0/36051] INFO  http.HttpServer2 (HttpServer2.java:addFilter(1004)) - Added filter static_user_filter (class=org.apache.hadoop.http.lib.StaticUserWebFilter$StaticUserFilter) to context logs
2021-01-09 14:07:48,120 [Listener at 0.0.0.0/36051] INFO  http.HttpServer2 (HttpServer2.java:addFilter(1004)) - Added filter static_user_filter (class=org.apache.hadoop.http.lib.StaticUserWebFilter$StaticUserFilter) to context static
2021-01-09 14:07:48,173 [Listener at 0.0.0.0/36051] INFO  server.StorageContainerManager (StorageContainerManager.java:start(789)) - StorageContainerLocationProtocol RPC server is listening at /0.0.0.0:36051
2021-01-09 14:07:48,219 [Listener at 0.0.0.0/36051] WARN  impl.MetricsConfig (MetricsConfig.java:loadFirst(134)) - Cannot locate configuration: tried hadoop-metrics2-storagecontainermanager.properties,hadoop-metrics2.properties
2021-01-09 14:07:48,235 [Listener at 0.0.0.0/36051] INFO  impl.MetricsSystemImpl (MetricsSystemImpl.java:startTimer(374)) - Scheduled Metric snapshot period at 10 second(s).
2021-01-09 14:07:48,235 [Listener at 0.0.0.0/36051] INFO  impl.MetricsSystemImpl (MetricsSystemImpl.java:start(191)) - StorageContainerManager metrics system started
2021-01-09 14:07:48,452 [Listener at 0.0.0.0/36051] INFO  server.SCMClientProtocolServer (SCMClientProtocolServer.java:start(159)) - RPC server for Client  is listening at /0.0.0.0:36051
2021-01-09 14:07:48,453 [IPC Server Responder] INFO  ipc.Server (Server.java:run(1460)) - IPC Server Responder: starting
2021-01-09 14:07:48,454 [IPC Server listener on 0] INFO  ipc.Server (Server.java:run(1298)) - IPC Server listener on 0: starting
2021-01-09 14:07:48,457 [Listener at 0.0.0.0/36051] INFO  server.StorageContainerManager (StorageContainerManager.java:start(801)) - ScmBlockLocationProtocol RPC server is listening at /0.0.0.0:38925
2021-01-09 14:07:48,457 [Listener at 0.0.0.0/36051] INFO  server.SCMBlockProtocolServer (SCMBlockProtocolServer.java:start(150)) - RPC server for Block Protocol is listening at /0.0.0.0:38925
2021-01-09 14:07:48,459 [IPC Server Responder] INFO  ipc.Server (Server.java:run(1460)) - IPC Server Responder: starting
2021-01-09 14:07:48,459 [IPC Server listener on 0] INFO  ipc.Server (Server.java:run(1298)) - IPC Server listener on 0: starting
2021-01-09 14:07:48,462 [Listener at 0.0.0.0/36051] INFO  server.StorageContainerManager (StorageContainerManager.java:start(807)) - ScmDatanodeProtocl RPC server is listening at /0.0.0.0:43739
2021-01-09 14:07:48,463 [Listener at 0.0.0.0/36051] INFO  server.SCMDatanodeProtocolServer (SCMDatanodeProtocolServer.java:start(174)) - RPC server for DataNodes is listening at /0.0.0.0:43739
2021-01-09 14:07:48,463 [IPC Server Responder] INFO  ipc.Server (Server.java:run(1460)) - IPC Server Responder: starting
2021-01-09 14:07:48,463 [IPC Server listener on 0] INFO  ipc.Server (Server.java:run(1298)) - IPC Server listener on 0: starting
2021-01-09 14:07:48,470 [Listener at 0.0.0.0/36051] INFO  http.HttpServer2 (HttpServer2.java:bindListener(1238)) - Jetty bound to port 35567
2021-01-09 14:07:48,472 [Listener at 0.0.0.0/36051] INFO  server.Server (Server.java:doStart(375)) - jetty-9.4.34.v20201102; built: 2020-11-02T14:15:39.302Z; git: e46af88704a893fc12cb0e3bf46e2c7b48a009e7; jvm 1.8.0_232-b09
2021-01-09 14:07:48,505 [Listener at 0.0.0.0/36051] INFO  server.session (DefaultSessionIdManager.java:doStart(334)) - DefaultSessionIdManager workerName=node0
2021-01-09 14:07:48,506 [Listener at 0.0.0.0/36051] INFO  server.session (DefaultSessionIdManager.java:doStart(339)) - No SessionScavenger set, using defaults
2021-01-09 14:07:48,507 [Listener at 0.0.0.0/36051] INFO  server.session (HouseKeeper.java:startScavenging(132)) - node0 Scavenging every 660000ms
2021-01-09 14:07:48,524 [Listener at 0.0.0.0/36051] INFO  handler.ContextHandler (ContextHandler.java:doStart(916)) - Started o.e.j.s.ServletContextHandler@39ae1deb{logs,/logs,file:///github/workspace/mnt/ozone/hadoop-ozone/integration-test/target/log,AVAILABLE}
2021-01-09 14:07:48,525 [Listener at 0.0.0.0/36051] INFO  handler.ContextHandler (ContextHandler.java:doStart(916)) - Started o.e.j.s.ServletContextHandler@26300719{static,/static,file:///github/workspace/mnt/ozone/hadoop-ozone/integration-test/target/test-classes/webapps/static,AVAILABLE}
2021-01-09 14:07:48,573 [Listener at 0.0.0.0/36051] INFO  handler.ContextHandler (ContextHandler.java:doStart(916)) - Started o.e.j.w.WebAppContext@419c8a7e{scm,/,file:///github/workspace/mnt/ozone/hadoop-ozone/integration-test/target/test-classes/webapps/scm/,AVAILABLE}{file:/github/workspace/mnt/ozone/hadoop-ozone/integration-test/target/test-classes/webapps/scm}
2021-01-09 14:07:48,582 [Listener at 0.0.0.0/36051] INFO  server.AbstractConnector (AbstractConnector.java:doStart(331)) - Started ServerConnector@59a3616{HTTP/1.1, (http/1.1)}{0.0.0.0:35567}
2021-01-09 14:07:48,582 [Listener at 0.0.0.0/36051] INFO  server.Server (Server.java:doStart(415)) - Started @8032ms
2021-01-09 14:07:48,584 [Listener at 0.0.0.0/36051] INFO  impl.MetricsSinkAdapter (MetricsSinkAdapter.java:start(204)) - Sink prometheus started
2021-01-09 14:07:48,584 [Listener at 0.0.0.0/36051] INFO  impl.MetricsSystemImpl (MetricsSystemImpl.java:registerSink(301)) - Registered sink prometheus
2021-01-09 14:07:53,592 [Listener at 0.0.0.0/36051] INFO  http.BaseHttpServer (BaseHttpServer.java:updateConnectorAddress(327)) - HTTP server of scm listening at http://0.0.0.0:35567
2021-01-09 14:07:53,604 [Listener at 0.0.0.0/36051] WARN  server.ServerUtils (ServerUtils.java:getDBPath(225)) - ozone.om.db.dirs is not configured. We recommend adding this setting. Falling back to ozone.metadata.dirs instead.
2021-01-09 14:07:53,606 [org.apache.hadoop.util.JvmPauseMonitor$Monitor@4ccea2fb] INFO  util.JvmPauseMonitor (JvmPauseMonitor.java:run(188)) - Starting JVM pause monitor
2021-01-09 14:07:53,698 [Listener at 0.0.0.0/36051] INFO  ha.OMHANodeDetails (OMHANodeDetails.java:loadOMHAConfig(110)) - ServiceID for OzoneManager is om-service-test1
2021-01-09 14:07:53,703 [Listener at 0.0.0.0/36051] INFO  ha.OMHANodeDetails (OMHANodeDetails.java:loadOMHAConfig(188)) - Found matching OM address with OMServiceId: om-service-test1, OMNodeId: omNode-1, RPC Address: localhost:11768 and Ratis port: 11772
2021-01-09 14:07:53,703 [Listener at 0.0.0.0/36051] INFO  ha.OMHANodeDetails (OMHANodeDetails.java:setOMNodeSpecificConfigs(314)) - Setting configuration key ozone.om.http-address with value of key ozone.om.http-address.omNode-1: 127.0.0.1:11770
2021-01-09 14:07:53,703 [Listener at 0.0.0.0/36051] INFO  ha.OMHANodeDetails (OMHANodeDetails.java:setOMNodeSpecificConfigs(314)) - Setting configuration key ozone.om.https-address with value of key ozone.om.https-address.omNode-1: 127.0.0.1:11771
2021-01-09 14:07:53,703 [Listener at 0.0.0.0/36051] INFO  ha.OMHANodeDetails (OMHANodeDetails.java:setOMNodeSpecificConfigs(314)) - Setting configuration key ozone.om.address with value of key ozone.om.address.omNode-1: 127.0.0.1:11768
2021-01-09 14:07:53,704 [Listener at 0.0.0.0/36051] WARN  server.ServerUtils (ServerUtils.java:getDBPath(225)) - ozone.om.db.dirs is not configured. We recommend adding this setting. Falling back to ozone.metadata.dirs instead.
2021-01-09 14:07:53,704 [Listener at 0.0.0.0/36051] WARN  server.ServerUtils (ServerUtils.java:getDBPath(225)) - ozone.om.db.dirs is not configured. We recommend adding this setting. Falling back to ozone.metadata.dirs instead.
2021-01-09 14:07:54,542 [Listener at 0.0.0.0/36051] WARN  server.ServerUtils (ServerUtils.java:getDBPath(225)) - ozone.om.db.dirs is not configured. We recommend adding this setting. Falling back to ozone.metadata.dirs instead.
2021-01-09 14:07:54,548 [Listener at 0.0.0.0/36051] INFO  codec.OmKeyInfoCodec (OmKeyInfoCodec.java:<init>(41)) - OmKeyInfoCodec ignorePipeline = true
2021-01-09 14:07:54,550 [Listener at 0.0.0.0/36051] INFO  codec.RepeatedOmKeyInfoCodec (RepeatedOmKeyInfoCodec.java:<init>(40)) - RepeatedOmKeyInfoCodec ignorePipeline = true
2021-01-09 14:07:54,697 [Listener at 0.0.0.0/36051] INFO  om.OzoneManager (OzoneManager.java:addS3GVolumeToDB(3738)) - Created Volume s3v With Owner jenkins1001 required for S3Gateway operations.
2021-01-09 14:07:54,700 [Listener at 0.0.0.0/36051] WARN  server.ServerUtils (ServerUtils.java:getDefaultRatisDirectory(237)) - Storage directory for Ratis is not configured. It is a good idea to map this to an SSD disk. Falling back to ozone.metadata.dirs
2021-01-09 14:07:54,701 [Listener at 0.0.0.0/36051] WARN  ratis.OzoneManagerRatisServer (OzoneManagerRatisServer.java:getOMRatisSnapshotDirectory(638)) - ozone.om.ratis.snapshot.dir is not configured. Falling back to ozone.metadata.dirs config
2021-01-09 14:07:54,702 [Listener at 0.0.0.0/36051] INFO  snapshot.OzoneManagerSnapshotProvider (OzoneManagerSnapshotProvider.java:<init>(77)) - Initializing OM Snapshot Provider
2021-01-09 14:07:54,812 [Listener at 0.0.0.0/36051] INFO  metrics.MetricRegistries (MetricRegistriesLoader.java:load(64)) - Loaded MetricRegistries class org.apache.ratis.metrics.impl.MetricRegistriesImpl
2021-01-09 14:07:54,839 [Listener at 0.0.0.0/36051] WARN  server.ServerUtils (ServerUtils.java:getDefaultRatisDirectory(237)) - Storage directory for Ratis is not configured. It is a good idea to map this to an SSD disk. Falling back to ozone.metadata.dirs
2021-01-09 14:07:54,861 [Listener at 0.0.0.0/36051] INFO  ratis.OzoneManagerRatisServer (OzoneManagerRatisServer.java:<init>(280)) - Instantiating OM Ratis server with GroupID: om-service-test1 and Raft Peers: localhost:11772, localhost:11778, localhost:11784
2021-01-09 14:07:54,870 [Listener at 0.0.0.0/36051] INFO  ratis.OzoneManagerStateMachine (OzoneManagerStateMachine.java:loadSnapshotInfoFromDB(518)) - LastAppliedIndex is set from TransactionInfo from OM DB as (t:0, i:~)
2021-01-09 14:07:54,898 [Listener at 0.0.0.0/36051] INFO  server.RaftServer (ConfUtils.java:logGet(44)) - raft.rpc.type = GRPC (default)
2021-01-09 14:07:54,981 [Listener at 0.0.0.0/36051] INFO  grpc.GrpcFactory (GrpcFactory.java:checkPooledByteBufAllocatorUseCacheForAllThreads(48)) - PERFORMANCE WARNING: useCacheForAllThreads is true that may cause Netty to create a lot garbage objects and, as a result, trigger GC.
	It is recommended to disable useCacheForAllThreads by setting -Dorg.apache.ratis.thirdparty.io.netty.allocator.useCacheForAllThreads=false in command line.
2021-01-09 14:07:54,990 [Listener at 0.0.0.0/36051] INFO  grpc.GrpcConfigKeys (ConfUtils.java:logGet(44)) - raft.grpc.server.port = 11772 (custom)
2021-01-09 14:07:54,991 [Listener at 0.0.0.0/36051] INFO  server.GrpcService (ConfUtils.java:logGet(44)) - raft.grpc.message.size.max = 33554432 (custom)
2021-01-09 14:07:54,992 [Listener at 0.0.0.0/36051] INFO  server.RaftServerConfigKeys (ConfUtils.java:logGet(44)) - raft.server.log.appender.buffer.byte-limit = 33554432 (custom)
2021-01-09 14:07:54,993 [Listener at 0.0.0.0/36051] INFO  server.GrpcService (ConfUtils.java:logGet(44)) - raft.grpc.flow.control.window = 1MB (=1048576) (default)
2021-01-09 14:07:54,994 [Listener at 0.0.0.0/36051] INFO  server.RaftServerConfigKeys (ConfUtils.java:logGet(44)) - raft.server.rpc.request.timeout = 3000ms (default)
2021-01-09 14:07:55,191 [Listener at 0.0.0.0/36051] INFO  impl.DataStreamServerImpl (ConfUtils.java:logGet(44)) - raft.datastream.type = DISABLED (default)
2021-01-09 14:07:55,193 [Listener at 0.0.0.0/36051] INFO  server.RaftServerConfigKeys (ConfUtils.java:logGet(44)) - raft.server.rpc.slowness.timeout = 2s (custom)
2021-01-09 14:07:55,193 [Listener at 0.0.0.0/36051] INFO  server.RaftServerConfigKeys (ConfUtils.java:logGet(44)) - raft.server.leaderelection.leader.step-down.wait-time = 10s (default)
2021-01-09 14:07:55,204 [Listener at 0.0.0.0/36051] INFO  server.RaftServerConfigKeys (ConfUtils.java:logGet(44)) - raft.server.storage.dir = [/github/workspace/mnt/ozone/hadoop-ozone/integration-test/target/test-dir/MiniOzoneClusterImpl-8961eb2b-7999-4159-8884-2a1a29aa57c4/omNode-1/ratis] (custom)
2021-01-09 14:07:55,210 [Listener at 0.0.0.0/36051] INFO  server.RaftServer (RaftServerProxy.java:addNew(95)) - omNode-1: addNew group-523986131536:[omNode-3|rpc:localhost:11784|priority:0, omNode-1|rpc:localhost:11772|priority:0, omNode-2|rpc:localhost:11778|priority:0] returns group-523986131536:java.util.concurrent.CompletableFuture@74595a0a[Not completed]
2021-01-09 14:07:55,210 [Listener at 0.0.0.0/36051] INFO  om.OzoneManager (OzoneManager.java:initializeRatisServer(1332)) - OzoneManager Ratis server initialized at port 11772
2021-01-09 14:07:55,221 [Listener at 0.0.0.0/36051] INFO  ipc.CallQueueManager (CallQueueManager.java:<init>(84)) - Using callQueue: class java.util.concurrent.LinkedBlockingQueue, queueCapacity: 2000, scheduler: class org.apache.hadoop.ipc.DefaultRpcScheduler, ipcBackoff: false.
2021-01-09 14:07:55,237 [pool-25-thread-1] INFO  server.RaftServer$Division (RaftServerImpl.java:<init>(179)) - omNode-1: new RaftServerImpl for group-523986131536:[omNode-3|rpc:localhost:11784|priority:0, omNode-1|rpc:localhost:11772|priority:0, omNode-2|rpc:localhost:11778|priority:0] with OzoneManagerStateMachine:uninitialized
2021-01-09 14:07:55,239 [pool-25-thread-1] INFO  server.RaftServerConfigKeys (ConfUtils.java:logGet(44)) - raft.server.rpc.timeout.min = 1s (custom)
2021-01-09 14:07:55,239 [pool-25-thread-1] INFO  server.RaftServerConfigKeys (ConfUtils.java:logGet(44)) - raft.server.rpc.timeout.max = 1200ms (custom)
2021-01-09 14:07:55,240 [pool-25-thread-1] INFO  server.RaftServerConfigKeys (ConfUtils.java:logGet(44)) - raft.server.rpc.sleep.time = 25ms (default)
2021-01-09 14:07:55,240 [pool-25-thread-1] INFO  server.RaftServerConfigKeys (ConfUtils.java:logGet(44)) - raft.server.rpc.slowness.timeout = 2s (custom)
2021-01-09 14:07:55,240 [pool-25-thread-1] INFO  server.RaftServerConfigKeys (ConfUtils.java:logGet(44)) - raft.server.leaderelection.leader.step-down.wait-time = 10s (default)
2021-01-09 14:07:55,240 [pool-25-thread-1] INFO  server.RaftServerConfigKeys (ConfUtils.java:logGet(44)) - raft.server.sleep.deviation.threshold = 300ms (default)
2021-01-09 14:07:55,241 [pool-25-thread-1] INFO  server.RaftServerConfigKeys (ConfUtils.java:logGet(44)) - raft.server.log.appender.install.snapshot.enabled = false (custom)
2021-01-09 14:07:55,241 [Socket Reader #1 for port 11768] INFO  ipc.Server (Server.java:run(1219)) - Starting Socket Reader #1 for port 11768
2021-01-09 14:07:55,249 [pool-25-thread-1] INFO  server.RaftServer$Division (ServerState.java:<init>(103)) - omNode-1@group-523986131536: ConfigurationManager, init=-1: [omNode-3|rpc:localhost:11784|priority:0, omNode-1|rpc:localhost:11772|priority:0, omNode-2|rpc:localhost:11778|priority:0], old=null, confs=<EMPTY_MAP>
2021-01-09 14:07:55,249 [pool-25-thread-1] INFO  server.RaftServerConfigKeys (ConfUtils.java:logGet(44)) - raft.server.storage.dir = [/github/workspace/mnt/ozone/hadoop-ozone/integration-test/target/test-dir/MiniOzoneClusterImpl-8961eb2b-7999-4159-8884-2a1a29aa57c4/omNode-1/ratis] (custom)
2021-01-09 14:07:55,261 [pool-25-thread-1] INFO  server.RaftServerConfigKeys (ConfUtils.java:logGet(44)) - raft.server.log.corruption.policy = EXCEPTION (default)
2021-01-09 14:07:55,263 [pool-25-thread-1] INFO  storage.RaftStorageDirectory (RaftStorageDirectoryImpl.java:analyzeStorage(132)) - The storage directory /github/workspace/mnt/ozone/hadoop-ozone/integration-test/target/test-dir/MiniOzoneClusterImpl-8961eb2b-7999-4159-8884-2a1a29aa57c4/omNode-1/ratis/c9bc4cf4-3bc3-3c60-a66b-523986131536 does not exist. Creating ...
2021-01-09 14:07:55,272 [pool-25-thread-1] INFO  storage.RaftStorageDirectory (RaftStorageDirectoryImpl.java:tryLock(215)) - Lock on /github/workspace/mnt/ozone/hadoop-ozone/integration-test/target/test-dir/MiniOzoneClusterImpl-8961eb2b-7999-4159-8884-2a1a29aa57c4/omNode-1/ratis/c9bc4cf4-3bc3-3c60-a66b-523986131536/in_use.lock acquired by nodename 13839@849aa166ea4e
2021-01-09 14:07:55,280 [pool-25-thread-1] INFO  storage.RaftStorage (RaftStorageImpl.java:format(87)) - Storage directory /github/workspace/mnt/ozone/hadoop-ozone/integration-test/target/test-dir/MiniOzoneClusterImpl-8961eb2b-7999-4159-8884-2a1a29aa57c4/omNode-1/ratis/c9bc4cf4-3bc3-3c60-a66b-523986131536 has been successfully formatted.
2021-01-09 14:07:55,282 [pool-25-thread-1] ERROR storage.RaftStorage (RaftStorageImpl.java:readRaftConfiguration(147)) - Failed reading configuration from file:/github/workspace/mnt/ozone/hadoop-ozone/integration-test/target/test-dir/MiniOzoneClusterImpl-8961eb2b-7999-4159-8884-2a1a29aa57c4/omNode-1/ratis/c9bc4cf4-3bc3-3c60-a66b-523986131536/current/raft-meta.conf
java.io.FileNotFoundException: /github/workspace/mnt/ozone/hadoop-ozone/integration-test/target/test-dir/MiniOzoneClusterImpl-8961eb2b-7999-4159-8884-2a1a29aa57c4/omNode-1/ratis/c9bc4cf4-3bc3-3c60-a66b-523986131536/current/raft-meta.conf (No such file or directory)
	at java.io.FileInputStream.open0(Native Method)
	at java.io.FileInputStream.open(FileInputStream.java:195)
	at java.io.FileInputStream.<init>(FileInputStream.java:138)
	at org.apache.ratis.server.storage.RaftStorageImpl.readRaftConfiguration(RaftStorageImpl.java:143)
	at org.apache.ratis.server.impl.ServerState.<init>(ServerState.java:113)
	at org.apache.ratis.server.impl.RaftServerImpl.<init>(RaftServerImpl.java:192)
	at org.apache.ratis.server.impl.RaftServerProxy.lambda$newRaftServerImpl$4(RaftServerProxy.java:266)
	at java.util.concurrent.CompletableFuture$AsyncSupply.run(CompletableFuture.java:1604)
	at java.util.concurrent.ThreadPoolExecutor.runWorker(ThreadPoolExecutor.java:1149)
	at java.util.concurrent.ThreadPoolExecutor$Worker.run(ThreadPoolExecutor.java:624)
	at java.lang.Thread.run(Thread.java:748)
2021-01-09 14:07:55,288 [pool-25-thread-1] INFO  server.RaftServerConfigKeys (ConfUtils.java:logGet(44)) - raft.server.notification.no-leader.timeout = 2s (custom)
2021-01-09 14:07:55,290 [pool-25-thread-1] INFO  server.RaftServerConfigKeys (ConfUtils.java:logGet(44)) - raft.server.log.use.memory = false (default)
2021-01-09 14:07:55,296 [Listener at 127.0.0.1/11768] INFO  impl.MetricsSystemImpl (MetricsSystemImpl.java:init(158)) - OzoneManager metrics system started (again)
2021-01-09 14:07:55,298 [Listener at 127.0.0.1/11768] INFO  om.OzoneManager (OzoneManager.java:start(1160)) - OzoneManager RPC server is listening at localhost/127.0.0.1:11768
2021-01-09 14:07:55,298 [Listener at 127.0.0.1/11768] INFO  ratis.OzoneManagerRatisServer (OzoneManagerRatisServer.java:start(377)) - Starting OzoneManagerRatisServer omNode-1 at port 11772
2021-01-09 14:07:55,301 [pool-25-thread-1] INFO  server.RaftServerConfigKeys (ConfUtils.java:logGet(44)) - raft.server.log.purge.gap = 50 (custom)
2021-01-09 14:07:55,302 [pool-25-thread-1] INFO  server.RaftServerConfigKeys (ConfUtils.java:logGet(44)) - raft.server.log.appender.buffer.byte-limit = 33554432 (custom)
2021-01-09 14:07:55,307 [pool-25-thread-1] INFO  metrics.RatisMetrics (RatisMetrics.java:lambda$create$0(36)) - Creating Metrics Registry : ratis.log_worker.omNode-1@group-523986131536
2021-01-09 14:07:55,316 [pool-25-thread-1] INFO  server.RaftServerConfigKeys (ConfUtils.java:logGet(44)) - raft.server.log.segment.size.max = 4194304 (custom)
2021-01-09 14:07:55,322 [pool-25-thread-1] INFO  server.RaftServerConfigKeys (ConfUtils.java:logGet(44)) - raft.server.log.segment.cache.num.max = 2 (custom)
2021-01-09 14:07:55,322 [pool-25-thread-1] INFO  server.RaftServerConfigKeys (ConfUtils.java:logGet(44)) - raft.server.log.segment.cache.size.max = 200MB (=209715200) (default)
2021-01-09 14:07:55,328 [pool-25-thread-1] INFO  segmented.SegmentedRaftLogWorker (SegmentedRaftLogWorker.java:<init>(181)) - new omNode-1@group-523986131536-SegmentedRaftLogWorker for RaftStorageImpl:Storage Directory /github/workspace/mnt/ozone/hadoop-ozone/integration-test/target/test-dir/MiniOzoneClusterImpl-8961eb2b-7999-4159-8884-2a1a29aa57c4/omNode-1/ratis/c9bc4cf4-3bc3-3c60-a66b-523986131536
2021-01-09 14:07:55,329 [pool-25-thread-1] INFO  server.RaftServerConfigKeys (ConfUtils.java:logGet(44)) - raft.server.log.queue.byte-limit = 64MB (=67108864) (default)
2021-01-09 14:07:55,329 [pool-25-thread-1] INFO  server.RaftServerConfigKeys (ConfUtils.java:logGet(44)) - raft.server.log.queue.element-limit = 4096 (default)
2021-01-09 14:07:55,330 [pool-25-thread-1] INFO  server.RaftServerConfigKeys (ConfUtils.java:logGet(44)) - raft.server.log.segment.size.max = 4194304 (custom)
2021-01-09 14:07:55,331 [pool-25-thread-1] INFO  server.RaftServerConfigKeys (ConfUtils.java:logGet(44)) - raft.server.log.preallocated.size = 4194304 (custom)
2021-01-09 14:07:55,331 [pool-25-thread-1] INFO  server.RaftServerConfigKeys (ConfUtils.java:logGet(44)) - raft.server.log.force.sync.num = 128 (default)
2021-01-09 14:07:55,332 [pool-25-thread-1] INFO  server.RaftServerConfigKeys (ConfUtils.java:logGet(44)) - raft.server.log.statemachine.data.sync = true (default)
2021-01-09 14:07:55,332 [pool-25-thread-1] INFO  server.RaftServerConfigKeys (ConfUtils.java:logGet(44)) - raft.server.log.statemachine.data.sync.timeout = 10s (default)
2021-01-09 14:07:55,333 [pool-25-thread-1] INFO  server.RaftServerConfigKeys (ConfUtils.java:logGet(44)) - raft.server.log.statemachine.data.sync.timeout.retry = -1 (default)
2021-01-09 14:07:55,340 [pool-25-thread-1] INFO  server.RaftServerConfigKeys (ConfUtils.java:logGet(44)) - raft.server.log.write.buffer.size = 64KB (=65536) (default)
2021-01-09 14:07:55,341 [pool-25-thread-1] INFO  server.RaftServerConfigKeys (ConfUtils.java:logGet(44)) - raft.server.log.statemachine.data.caching.enabled = false (default)
2021-01-09 14:07:55,347 [pool-25-thread-1] INFO  segmented.SegmentedRaftLogWorker (SegmentedRaftLogWorker.java:lambda$new$0(132)) - omNode-1@group-523986131536-SegmentedRaftLogWorker: flushIndex: setUnconditionally 0 -> -1
2021-01-09 14:07:55,347 [pool-25-thread-1] INFO  segmented.SegmentedRaftLogWorker (SegmentedRaftLogWorker.java:lambda$new$0(132)) - omNode-1@group-523986131536-SegmentedRaftLogWorker: safeCacheEvictIndex: setUnconditionally 0 -> -1
2021-01-09 14:07:55,357 [pool-25-thread-1] INFO  server.RaftServerConfigKeys (ConfUtils.java:logGet(44)) - raft.server.snapshot.auto.trigger.enabled = true (custom)
2021-01-09 14:07:55,360 [pool-25-thread-1] INFO  server.RaftServerConfigKeys (ConfUtils.java:logGet(44)) - raft.server.snapshot.auto.trigger.threshold = 50 (custom)
2021-01-09 14:07:55,360 [pool-25-thread-1] INFO  server.RaftServerConfigKeys (ConfUtils.java:logGet(44)) - raft.server.snapshot.retention.file.num = -1 (default)
2021-01-09 14:07:55,361 [pool-25-thread-1] INFO  server.RaftServerConfigKeys (ConfUtils.java:logGet(44)) - raft.server.log.purge.upto.snapshot.index = true (custom)
2021-01-09 14:07:55,362 [pool-25-thread-1] INFO  server.RaftServerConfigKeys (ConfUtils.java:logGet(44)) - raft.server.retrycache.expirytime = 300s (custom)
2021-01-09 14:07:55,362 [pool-25-thread-1] INFO  server.RaftServerConfigKeys (ConfUtils.java:logGet(44)) - raft.server.retrycache.statistics.expirytime = 100?s (default)
2021-01-09 14:07:55,380 [pool-25-thread-1] INFO  metrics.RatisMetrics (RatisMetrics.java:lambda$create$0(36)) - Creating Metrics Registry : ratis.leader_election.omNode-1@group-523986131536
2021-01-09 14:07:55,384 [pool-25-thread-1] INFO  metrics.RatisMetrics (RatisMetrics.java:lambda$create$0(36)) - Creating Metrics Registry : ratis.server.omNode-1@group-523986131536
2021-01-09 14:07:55,391 [Listener at 127.0.0.1/11768] INFO  server.RaftServer$Division (RaftServerImpl.java:start(294)) - omNode-1@group-523986131536: start as a follower, conf=-1: [omNode-3|rpc:localhost:11784|priority:0, omNode-1|rpc:localhost:11772|priority:0, omNode-2|rpc:localhost:11778|priority:0], old=null
2021-01-09 14:07:55,392 [Listener at 127.0.0.1/11768] INFO  server.RaftServer$Division (RaftServerImpl.java:setRole(283)) - omNode-1@group-523986131536: changes role from      null to FOLLOWER at term 0 for startAsFollower
2021-01-09 14:07:55,393 [Listener at 127.0.0.1/11768] INFO  impl.RoleInfo (RoleInfo.java:updateAndGet(130)) - omNode-1: start omNode-1@group-523986131536-FollowerState
2021-01-09 14:07:55,395 [Listener at 127.0.0.1/11768] INFO  util.JmxRegister (JmxRegister.java:tryRegister(44)) - Successfully registered JMX Bean with object name Ratis:service=RaftServer,group=group-523986131536,id=omNode-1
2021-01-09 14:07:55,396 [Listener at 127.0.0.1/11768] INFO  metrics.RatisMetrics (RatisMetrics.java:lambda$create$0(36)) - Creating Metrics Registry : ratis.state_machine.omNode-1@group-523986131536
2021-01-09 14:07:55,398 [Listener at 127.0.0.1/11768] INFO  server.RaftServer (RaftServerProxy.java:lambda$start$5(372)) - omNode-1: start RPC server
2021-01-09 14:07:55,441 [Listener at 127.0.0.1/11768] INFO  server.GrpcService (GrpcService.java:startImpl(176)) - omNode-1: GrpcService started, listening on 0.0.0.0/0.0.0.0:11772
2021-01-09 14:07:55,451 [org.apache.ratis.util.JvmPauseMonitor$$Lambda$305/1107501547@42576eb2] INFO  util.JvmPauseMonitor (JvmPauseMonitor.java:run(103)) - JvmPauseMonitor-omNode-1: Started
2021-01-09 14:07:55,459 [Listener at 127.0.0.1/11768] INFO  http.BaseHttpServer (BaseHttpServer.java:newHttpServer2BuilderForOzone(207)) - Starting Web-server for ozoneManager at: http://0.0.0.0:11770
2021-01-09 14:07:55,459 [Listener at 127.0.0.1/11768] INFO  http.BaseHttpServer (BaseHttpServer.java:<init>(106)) - Hadoop Security Enabled: false Ozone Security Enabled: false Ozone HTTP Security Enabled: false 
2021-01-09 14:07:55,460 [Listener at 127.0.0.1/11768] INFO  server.AuthenticationFilter (AuthenticationFilter.java:constructSecretProvider(240)) - Unable to initialize FileSignerSecretProvider, falling back to use random secrets.
2021-01-09 14:07:55,461 [Listener at 127.0.0.1/11768] WARN  http.HttpRequestLog (HttpRequestLog.java:getRequestLog(103)) - Jetty request log can only be enabled using Log4j
2021-01-09 14:07:55,462 [Listener at 127.0.0.1/11768] INFO  http.HttpServer2 (HttpServer2.java:addGlobalFilter(1020)) - Added global filter 'safety' (class=org.apache.hadoop.hdds.server.http.HttpServer2$QuotingInputFilter)
2021-01-09 14:07:55,463 [Listener at 127.0.0.1/11768] INFO  http.HttpServer2 (HttpServer2.java:addFilter(996)) - Added filter static_user_filter (class=org.apache.hadoop.http.lib.StaticUserWebFilter$StaticUserFilter) to context ozoneManager
2021-01-09 14:07:55,463 [Listener at 127.0.0.1/11768] INFO  http.HttpServer2 (HttpServer2.java:addFilter(1004)) - Added filter static_user_filter (class=org.apache.hadoop.http.lib.StaticUserWebFilter$StaticUserFilter) to context logs
2021-01-09 14:07:55,463 [Listener at 127.0.0.1/11768] INFO  http.HttpServer2 (HttpServer2.java:addFilter(1004)) - Added filter static_user_filter (class=org.apache.hadoop.http.lib.StaticUserWebFilter$StaticUserFilter) to context static
2021-01-09 14:07:55,466 [Listener at 127.0.0.1/11768] INFO  http.HttpServer2 (HttpServer2.java:bindListener(1238)) - Jetty bound to port 11770
2021-01-09 14:07:55,466 [Listener at 127.0.0.1/11768] INFO  server.Server (Server.java:doStart(375)) - jetty-9.4.34.v20201102; built: 2020-11-02T14:15:39.302Z; git: e46af88704a893fc12cb0e3bf46e2c7b48a009e7; jvm 1.8.0_232-b09
2021-01-09 14:07:55,475 [Listener at 127.0.0.1/11768] INFO  server.session (DefaultSessionIdManager.java:doStart(334)) - DefaultSessionIdManager workerName=node0
2021-01-09 14:07:55,475 [Listener at 127.0.0.1/11768] INFO  server.session (DefaultSessionIdManager.java:doStart(339)) - No SessionScavenger set, using defaults
2021-01-09 14:07:55,476 [Listener at 127.0.0.1/11768] INFO  server.session (HouseKeeper.java:startScavenging(132)) - node0 Scavenging every 660000ms
2021-01-09 14:07:55,479 [Listener at 127.0.0.1/11768] INFO  handler.ContextHandler (ContextHandler.java:doStart(916)) - Started o.e.j.s.ServletContextHandler@ab1cb46{logs,/logs,file:///github/workspace/mnt/ozone/hadoop-ozone/integration-test/target/log,AVAILABLE}
2021-01-09 14:07:55,480 [Listener at 127.0.0.1/11768] INFO  handler.ContextHandler (ContextHandler.java:doStart(916)) - Started o.e.j.s.ServletContextHandler@5b750a58{static,/static,file:///github/workspace/mnt/ozone/hadoop-ozone/integration-test/target/test-classes/webapps/static,AVAILABLE}
2021-01-09 14:07:55,483 [Listener at 127.0.0.1/11768] INFO  handler.ContextHandler (ContextHandler.java:doStart(916)) - Started o.e.j.w.WebAppContext@70d7c925{ozoneManager,/,file:///github/workspace/mnt/ozone/hadoop-ozone/integration-test/target/test-classes/webapps/ozoneManager/,AVAILABLE}{file:/github/workspace/mnt/ozone/hadoop-ozone/integration-test/target/test-classes/webapps/ozoneManager}
2021-01-09 14:07:55,488 [Listener at 127.0.0.1/11768] INFO  server.AbstractConnector (AbstractConnector.java:doStart(331)) - Started ServerConnector@5db0632e{HTTP/1.1, (http/1.1)}{0.0.0.0:11770}
2021-01-09 14:07:55,488 [Listener at 127.0.0.1/11768] INFO  server.Server (Server.java:doStart(415)) - Started @14939ms
2021-01-09 14:07:55,489 [Listener at 127.0.0.1/11768] WARN  impl.MetricsSystemImpl (MetricsSystemImpl.java:register(276)) - Sink prometheus already exists!
2021-01-09 14:07:55,493 [Listener at 127.0.0.1/11768] INFO  http.BaseHttpServer (BaseHttpServer.java:updateConnectorAddress(327)) - HTTP server of ozoneManager listening at http://0.0.0.0:11770
2021-01-09 14:07:55,493 [IPC Server Responder] INFO  ipc.Server (Server.java:run(1460)) - IPC Server Responder: starting
2021-01-09 14:07:55,494 [IPC Server listener on 11768] INFO  ipc.Server (Server.java:run(1298)) - IPC Server listener on 11768: starting
2021-01-09 14:07:55,496 [Listener at 127.0.0.1/11768] INFO  om.OzoneManager (OzoneManager.java:startTrashEmptier(1281)) - Trash Interval set to 0. Files deleted will not move to trash
2021-01-09 14:07:55,502 [Listener at 127.0.0.1/11768] INFO  ozone.MiniOzoneHAClusterImpl (MiniOzoneHAClusterImpl.java:createOMService(380)) - Started OzoneManager RPC server at localhost/127.0.0.1:11768
2021-01-09 14:07:55,503 [Listener at 127.0.0.1/11768] WARN  server.ServerUtils (ServerUtils.java:getDBPath(225)) - ozone.om.db.dirs is not configured. We recommend adding this setting. Falling back to ozone.metadata.dirs instead.
2021-01-09 14:07:55,502 [org.apache.hadoop.util.JvmPauseMonitor$Monitor@5011da55] INFO  util.JvmPauseMonitor (JvmPauseMonitor.java:run(188)) - Starting JVM pause monitor
2021-01-09 14:07:55,504 [Listener at 127.0.0.1/11768] INFO  ha.OMHANodeDetails (OMHANodeDetails.java:loadOMHAConfig(110)) - ServiceID for OzoneManager is om-service-test1
2021-01-09 14:07:55,505 [Listener at 127.0.0.1/11768] INFO  ha.OMHANodeDetails (OMHANodeDetails.java:loadOMHAConfig(188)) - Found matching OM address with OMServiceId: om-service-test1, OMNodeId: omNode-2, RPC Address: localhost:11774 and Ratis port: 11778
2021-01-09 14:07:55,505 [Listener at 127.0.0.1/11768] INFO  ha.OMHANodeDetails (OMHANodeDetails.java:setOMNodeSpecificConfigs(314)) - Setting configuration key ozone.om.http-address with value of key ozone.om.http-address.omNode-2: 127.0.0.1:11776
2021-01-09 14:07:55,505 [Listener at 127.0.0.1/11768] INFO  ha.OMHANodeDetails (OMHANodeDetails.java:setOMNodeSpecificConfigs(314)) - Setting configuration key ozone.om.https-address with value of key ozone.om.https-address.omNode-2: 127.0.0.1:11777
2021-01-09 14:07:55,505 [Listener at 127.0.0.1/11768] INFO  ha.OMHANodeDetails (OMHANodeDetails.java:setOMNodeSpecificConfigs(314)) - Setting configuration key ozone.om.address with value of key ozone.om.address.omNode-2: 127.0.0.1:11774
2021-01-09 14:07:55,506 [Listener at 127.0.0.1/11768] WARN  server.ServerUtils (ServerUtils.java:getDBPath(225)) - ozone.om.db.dirs is not configured. We recommend adding this setting. Falling back to ozone.metadata.dirs instead.
2021-01-09 14:07:55,506 [Listener at 127.0.0.1/11768] WARN  server.ServerUtils (ServerUtils.java:getDBPath(225)) - ozone.om.db.dirs is not configured. We recommend adding this setting. Falling back to ozone.metadata.dirs instead.
2021-01-09 14:07:55,508 [Listener at 127.0.0.1/11768] WARN  server.ServerUtils (ServerUtils.java:getDBPath(225)) - ozone.om.db.dirs is not configured. We recommend adding this setting. Falling back to ozone.metadata.dirs instead.
2021-01-09 14:07:55,510 [Listener at 127.0.0.1/11768] INFO  codec.OmKeyInfoCodec (OmKeyInfoCodec.java:<init>(41)) - OmKeyInfoCodec ignorePipeline = true
2021-01-09 14:07:55,510 [Listener at 127.0.0.1/11768] INFO  codec.RepeatedOmKeyInfoCodec (RepeatedOmKeyInfoCodec.java:<init>(40)) - RepeatedOmKeyInfoCodec ignorePipeline = true
2021-01-09 14:07:55,556 [Listener at 127.0.0.1/11768] INFO  om.OzoneManager (OzoneManager.java:addS3GVolumeToDB(3738)) - Created Volume s3v With Owner jenkins1001 required for S3Gateway operations.
2021-01-09 14:07:55,557 [Listener at 127.0.0.1/11768] WARN  server.ServerUtils (ServerUtils.java:getDefaultRatisDirectory(237)) - Storage directory for Ratis is not configured. It is a good idea to map this to an SSD disk. Falling back to ozone.metadata.dirs
2021-01-09 14:07:55,557 [Listener at 127.0.0.1/11768] WARN  ratis.OzoneManagerRatisServer (OzoneManagerRatisServer.java:getOMRatisSnapshotDirectory(638)) - ozone.om.ratis.snapshot.dir is not configured. Falling back to ozone.metadata.dirs config
2021-01-09 14:07:55,558 [Listener at 127.0.0.1/11768] INFO  snapshot.OzoneManagerSnapshotProvider (OzoneManagerSnapshotProvider.java:<init>(77)) - Initializing OM Snapshot Provider
2021-01-09 14:07:55,560 [Listener at 127.0.0.1/11768] WARN  server.ServerUtils (ServerUtils.java:getDefaultRatisDirectory(237)) - Storage directory for Ratis is not configured. It is a good idea to map this to an SSD disk. Falling back to ozone.metadata.dirs
2021-01-09 14:07:55,561 [Listener at 127.0.0.1/11768] INFO  ratis.OzoneManagerRatisServer (OzoneManagerRatisServer.java:<init>(280)) - Instantiating OM Ratis server with GroupID: om-service-test1 and Raft Peers: localhost:11778, localhost:11772, localhost:11784
2021-01-09 14:07:55,562 [Listener at 127.0.0.1/11768] INFO  ratis.OzoneManagerStateMachine (OzoneManagerStateMachine.java:loadSnapshotInfoFromDB(518)) - LastAppliedIndex is set from TransactionInfo from OM DB as (t:0, i:~)
2021-01-09 14:07:55,562 [Listener at 127.0.0.1/11768] INFO  server.RaftServer (ConfUtils.java:logGet(44)) - raft.rpc.type = GRPC (default)
2021-01-09 14:07:55,562 [Listener at 127.0.0.1/11768] INFO  grpc.GrpcFactory (GrpcFactory.java:checkPooledByteBufAllocatorUseCacheForAllThreads(48)) - PERFORMANCE WARNING: useCacheForAllThreads is true that may cause Netty to create a lot garbage objects and, as a result, trigger GC.
	It is recommended to disable useCacheForAllThreads by setting -Dorg.apache.ratis.thirdparty.io.netty.allocator.useCacheForAllThreads=false in command line.
2021-01-09 14:07:55,563 [Listener at 127.0.0.1/11768] INFO  grpc.GrpcConfigKeys (ConfUtils.java:logGet(44)) - raft.grpc.server.port = 11778 (custom)
2021-01-09 14:07:55,563 [Listener at 127.0.0.1/11768] INFO  server.GrpcService (ConfUtils.java:logGet(44)) - raft.grpc.message.size.max = 33554432 (custom)
2021-01-09 14:07:55,563 [Listener at 127.0.0.1/11768] INFO  server.RaftServerConfigKeys (ConfUtils.java:logGet(44)) - raft.server.log.appender.buffer.byte-limit = 33554432 (custom)
2021-01-09 14:07:55,563 [Listener at 127.0.0.1/11768] INFO  server.GrpcService (ConfUtils.java:logGet(44)) - raft.grpc.flow.control.window = 1MB (=1048576) (default)
2021-01-09 14:07:55,563 [Listener at 127.0.0.1/11768] INFO  server.RaftServerConfigKeys (ConfUtils.java:logGet(44)) - raft.server.rpc.request.timeout = 3000ms (default)
2021-01-09 14:07:55,564 [Listener at 127.0.0.1/11768] INFO  impl.DataStreamServerImpl (ConfUtils.java:logGet(44)) - raft.datastream.type = DISABLED (default)
2021-01-09 14:07:55,564 [Listener at 127.0.0.1/11768] INFO  server.RaftServerConfigKeys (ConfUtils.java:logGet(44)) - raft.server.rpc.slowness.timeout = 2s (custom)
2021-01-09 14:07:55,564 [Listener at 127.0.0.1/11768] INFO  server.RaftServerConfigKeys (ConfUtils.java:logGet(44)) - raft.server.leaderelection.leader.step-down.wait-time = 10s (default)
2021-01-09 14:07:55,565 [Listener at 127.0.0.1/11768] INFO  server.RaftServerConfigKeys (ConfUtils.java:logGet(44)) - raft.server.storage.dir = [/github/workspace/mnt/ozone/hadoop-ozone/integration-test/target/test-dir/MiniOzoneClusterImpl-8961eb2b-7999-4159-8884-2a1a29aa57c4/omNode-2/ratis] (custom)
2021-01-09 14:07:55,567 [Listener at 127.0.0.1/11768] INFO  server.RaftServer (RaftServerProxy.java:addNew(95)) - omNode-2: addNew group-523986131536:[omNode-3|rpc:localhost:11784|priority:0, omNode-1|rpc:localhost:11772|priority:0, omNode-2|rpc:localhost:11778|priority:0] returns group-523986131536:java.util.concurrent.CompletableFuture@1e6855cb[Not completed]
2021-01-09 14:07:55,567 [Listener at 127.0.0.1/11768] INFO  om.OzoneManager (OzoneManager.java:initializeRatisServer(1332)) - OzoneManager Ratis server initialized at port 11778
2021-01-09 14:07:55,569 [Listener at 127.0.0.1/11768] INFO  ipc.CallQueueManager (CallQueueManager.java:<init>(84)) - Using callQueue: class java.util.concurrent.LinkedBlockingQueue, queueCapacity: 2000, scheduler: class org.apache.hadoop.ipc.DefaultRpcScheduler, ipcBackoff: false.
2021-01-09 14:07:55,574 [pool-42-thread-1] INFO  server.RaftServer$Division (RaftServerImpl.java:<init>(179)) - omNode-2: new RaftServerImpl for group-523986131536:[omNode-3|rpc:localhost:11784|priority:0, omNode-1|rpc:localhost:11772|priority:0, omNode-2|rpc:localhost:11778|priority:0] with OzoneManagerStateMachine:uninitialized
2021-01-09 14:07:55,574 [Socket Reader #1 for port 11774] INFO  ipc.Server (Server.java:run(1219)) - Starting Socket Reader #1 for port 11774
2021-01-09 14:07:55,583 [pool-42-thread-1] INFO  server.RaftServerConfigKeys (ConfUtils.java:logGet(44)) - raft.server.rpc.timeout.min = 1s (custom)
2021-01-09 14:07:55,583 [pool-42-thread-1] INFO  server.RaftServerConfigKeys (ConfUtils.java:logGet(44)) - raft.server.rpc.timeout.max = 1200ms (custom)
2021-01-09 14:07:55,584 [pool-42-thread-1] INFO  server.RaftServerConfigKeys (ConfUtils.java:logGet(44)) - raft.server.rpc.sleep.time = 25ms (default)
2021-01-09 14:07:55,584 [pool-42-thread-1] INFO  server.RaftServerConfigKeys (ConfUtils.java:logGet(44)) - raft.server.rpc.slowness.timeout = 2s (custom)
2021-01-09 14:07:55,584 [pool-42-thread-1] INFO  server.RaftServerConfigKeys (ConfUtils.java:logGet(44)) - raft.server.leaderelection.leader.step-down.wait-time = 10s (default)
2021-01-09 14:07:55,584 [pool-42-thread-1] INFO  server.RaftServerConfigKeys (ConfUtils.java:logGet(44)) - raft.server.sleep.deviation.threshold = 300ms (default)
2021-01-09 14:07:55,584 [pool-42-thread-1] INFO  server.RaftServerConfigKeys (ConfUtils.java:logGet(44)) - raft.server.log.appender.install.snapshot.enabled = false (custom)
2021-01-09 14:07:55,584 [pool-42-thread-1] INFO  server.RaftServer$Division (ServerState.java:<init>(103)) - omNode-2@group-523986131536: ConfigurationManager, init=-1: [omNode-3|rpc:localhost:11784|priority:0, omNode-1|rpc:localhost:11772|priority:0, omNode-2|rpc:localhost:11778|priority:0], old=null, confs=<EMPTY_MAP>
2021-01-09 14:07:55,588 [pool-42-thread-1] INFO  server.RaftServerConfigKeys (ConfUtils.java:logGet(44)) - raft.server.storage.dir = [/github/workspace/mnt/ozone/hadoop-ozone/integration-test/target/test-dir/MiniOzoneClusterImpl-8961eb2b-7999-4159-8884-2a1a29aa57c4/omNode-2/ratis] (custom)
2021-01-09 14:07:55,589 [pool-42-thread-1] INFO  server.RaftServerConfigKeys (ConfUtils.java:logGet(44)) - raft.server.log.corruption.policy = EXCEPTION (default)
2021-01-09 14:07:55,589 [pool-42-thread-1] INFO  storage.RaftStorageDirectory (RaftStorageDirectoryImpl.java:analyzeStorage(132)) - The storage directory /github/workspace/mnt/ozone/hadoop-ozone/integration-test/target/test-dir/MiniOzoneClusterImpl-8961eb2b-7999-4159-8884-2a1a29aa57c4/omNode-2/ratis/c9bc4cf4-3bc3-3c60-a66b-523986131536 does not exist. Creating ...
2021-01-09 14:07:55,594 [pool-42-thread-1] INFO  storage.RaftStorageDirectory (RaftStorageDirectoryImpl.java:tryLock(215)) - Lock on /github/workspace/mnt/ozone/hadoop-ozone/integration-test/target/test-dir/MiniOzoneClusterImpl-8961eb2b-7999-4159-8884-2a1a29aa57c4/omNode-2/ratis/c9bc4cf4-3bc3-3c60-a66b-523986131536/in_use.lock acquired by nodename 13839@849aa166ea4e
2021-01-09 14:07:55,595 [pool-42-thread-1] INFO  storage.RaftStorage (RaftStorageImpl.java:format(87)) - Storage directory /github/workspace/mnt/ozone/hadoop-ozone/integration-test/target/test-dir/MiniOzoneClusterImpl-8961eb2b-7999-4159-8884-2a1a29aa57c4/omNode-2/ratis/c9bc4cf4-3bc3-3c60-a66b-523986131536 has been successfully formatted.
2021-01-09 14:07:55,603 [pool-42-thread-1] ERROR storage.RaftStorage (RaftStorageImpl.java:readRaftConfiguration(147)) - Failed reading configuration from file:/github/workspace/mnt/ozone/hadoop-ozone/integration-test/target/test-dir/MiniOzoneClusterImpl-8961eb2b-7999-4159-8884-2a1a29aa57c4/omNode-2/ratis/c9bc4cf4-3bc3-3c60-a66b-523986131536/current/raft-meta.conf
java.io.FileNotFoundException: /github/workspace/mnt/ozone/hadoop-ozone/integration-test/target/test-dir/MiniOzoneClusterImpl-8961eb2b-7999-4159-8884-2a1a29aa57c4/omNode-2/ratis/c9bc4cf4-3bc3-3c60-a66b-523986131536/current/raft-meta.conf (No such file or directory)
	at java.io.FileInputStream.open0(Native Method)
	at java.io.FileInputStream.open(FileInputStream.java:195)
	at java.io.FileInputStream.<init>(FileInputStream.java:138)
	at org.apache.ratis.server.storage.RaftStorageImpl.readRaftConfiguration(RaftStorageImpl.java:143)
	at org.apache.ratis.server.impl.ServerState.<init>(ServerState.java:113)
	at org.apache.ratis.server.impl.RaftServerImpl.<init>(RaftServerImpl.java:192)
	at org.apache.ratis.server.impl.RaftServerProxy.lambda$newRaftServerImpl$4(RaftServerProxy.java:266)
	at java.util.concurrent.CompletableFuture$AsyncSupply.run(CompletableFuture.java:1604)
	at java.util.concurrent.ThreadPoolExecutor.runWorker(ThreadPoolExecutor.java:1149)
	at java.util.concurrent.ThreadPoolExecutor$Worker.run(ThreadPoolExecutor.java:624)
	at java.lang.Thread.run(Thread.java:748)
2021-01-09 14:07:55,604 [pool-42-thread-1] INFO  server.RaftServerConfigKeys (ConfUtils.java:logGet(44)) - raft.server.notification.no-leader.timeout = 2s (custom)
2021-01-09 14:07:55,604 [pool-42-thread-1] INFO  server.RaftServerConfigKeys (ConfUtils.java:logGet(44)) - raft.server.log.use.memory = false (default)
2021-01-09 14:07:55,604 [pool-42-thread-1] INFO  server.RaftServerConfigKeys (ConfUtils.java:logGet(44)) - raft.server.log.purge.gap = 50 (custom)
2021-01-09 14:07:55,604 [pool-42-thread-1] INFO  server.RaftServerConfigKeys (ConfUtils.java:logGet(44)) - raft.server.log.appender.buffer.byte-limit = 33554432 (custom)
2021-01-09 14:07:55,604 [pool-42-thread-1] INFO  metrics.RatisMetrics (RatisMetrics.java:lambda$create$0(36)) - Creating Metrics Registry : ratis.log_worker.omNode-2@group-523986131536
2021-01-09 14:07:55,604 [pool-42-thread-1] INFO  server.RaftServerConfigKeys (ConfUtils.java:logGet(44)) - raft.server.log.segment.size.max = 4194304 (custom)
2021-01-09 14:07:55,605 [pool-42-thread-1] INFO  server.RaftServerConfigKeys (ConfUtils.java:logGet(44)) - raft.server.log.segment.cache.num.max = 2 (custom)
2021-01-09 14:07:55,605 [pool-42-thread-1] INFO  server.RaftServerConfigKeys (ConfUtils.java:logGet(44)) - raft.server.log.segment.cache.size.max = 200MB (=209715200) (default)
2021-01-09 14:07:55,605 [pool-42-thread-1] INFO  segmented.SegmentedRaftLogWorker (SegmentedRaftLogWorker.java:<init>(181)) - new omNode-2@group-523986131536-SegmentedRaftLogWorker for RaftStorageImpl:Storage Directory /github/workspace/mnt/ozone/hadoop-ozone/integration-test/target/test-dir/MiniOzoneClusterImpl-8961eb2b-7999-4159-8884-2a1a29aa57c4/omNode-2/ratis/c9bc4cf4-3bc3-3c60-a66b-523986131536
2021-01-09 14:07:55,606 [pool-42-thread-1] INFO  server.RaftServerConfigKeys (ConfUtils.java:logGet(44)) - raft.server.log.queue.byte-limit = 64MB (=67108864) (default)
2021-01-09 14:07:55,606 [pool-42-thread-1] INFO  server.RaftServerConfigKeys (ConfUtils.java:logGet(44)) - raft.server.log.queue.element-limit = 4096 (default)
2021-01-09 14:07:55,606 [pool-42-thread-1] INFO  server.RaftServerConfigKeys (ConfUtils.java:logGet(44)) - raft.server.log.segment.size.max = 4194304 (custom)
2021-01-09 14:07:55,607 [pool-42-thread-1] INFO  server.RaftServerConfigKeys (ConfUtils.java:logGet(44)) - raft.server.log.preallocated.size = 4194304 (custom)
2021-01-09 14:07:55,607 [pool-42-thread-1] INFO  server.RaftServerConfigKeys (ConfUtils.java:logGet(44)) - raft.server.log.force.sync.num = 128 (default)
2021-01-09 14:07:55,607 [pool-42-thread-1] INFO  server.RaftServerConfigKeys (ConfUtils.java:logGet(44)) - raft.server.log.statemachine.data.sync = true (default)
2021-01-09 14:07:55,607 [pool-42-thread-1] INFO  server.RaftServerConfigKeys (ConfUtils.java:logGet(44)) - raft.server.log.statemachine.data.sync.timeout = 10s (default)
2021-01-09 14:07:55,607 [pool-42-thread-1] INFO  server.RaftServerConfigKeys (ConfUtils.java:logGet(44)) - raft.server.log.statemachine.data.sync.timeout.retry = -1 (default)
2021-01-09 14:07:55,610 [pool-42-thread-1] INFO  server.RaftServerConfigKeys (ConfUtils.java:logGet(44)) - raft.server.log.write.buffer.size = 64KB (=65536) (default)
2021-01-09 14:07:55,610 [pool-42-thread-1] INFO  server.RaftServerConfigKeys (ConfUtils.java:logGet(44)) - raft.server.log.statemachine.data.caching.enabled = false (default)
2021-01-09 14:07:55,610 [pool-42-thread-1] INFO  segmented.SegmentedRaftLogWorker (SegmentedRaftLogWorker.java:lambda$new$0(132)) - omNode-2@group-523986131536-SegmentedRaftLogWorker: flushIndex: setUnconditionally 0 -> -1
2021-01-09 14:07:55,611 [pool-42-thread-1] INFO  segmented.SegmentedRaftLogWorker (SegmentedRaftLogWorker.java:lambda$new$0(132)) - omNode-2@group-523986131536-SegmentedRaftLogWorker: safeCacheEvictIndex: setUnconditionally 0 -> -1
2021-01-09 14:07:55,619 [pool-42-thread-1] INFO  server.RaftServerConfigKeys (ConfUtils.java:logGet(44)) - raft.server.snapshot.auto.trigger.enabled = true (custom)
2021-01-09 14:07:55,620 [pool-42-thread-1] INFO  server.RaftServerConfigKeys (ConfUtils.java:logGet(44)) - raft.server.snapshot.auto.trigger.threshold = 50 (custom)
2021-01-09 14:07:55,620 [pool-42-thread-1] INFO  server.RaftServerConfigKeys (ConfUtils.java:logGet(44)) - raft.server.snapshot.retention.file.num = -1 (default)
2021-01-09 14:07:55,620 [pool-42-thread-1] INFO  server.RaftServerConfigKeys (ConfUtils.java:logGet(44)) - raft.server.log.purge.upto.snapshot.index = true (custom)
2021-01-09 14:07:55,620 [pool-42-thread-1] INFO  server.RaftServerConfigKeys (ConfUtils.java:logGet(44)) - raft.server.retrycache.expirytime = 300s (custom)
2021-01-09 14:07:55,620 [pool-42-thread-1] INFO  server.RaftServerConfigKeys (ConfUtils.java:logGet(44)) - raft.server.retrycache.statistics.expirytime = 100?s (default)
2021-01-09 14:07:55,620 [pool-42-thread-1] INFO  metrics.RatisMetrics (RatisMetrics.java:lambda$create$0(36)) - Creating Metrics Registry : ratis.leader_election.omNode-2@group-523986131536
2021-01-09 14:07:55,620 [pool-42-thread-1] INFO  metrics.RatisMetrics (RatisMetrics.java:lambda$create$0(36)) - Creating Metrics Registry : ratis.server.omNode-2@group-523986131536
2021-01-09 14:07:55,625 [Listener at 127.0.0.1/11774] INFO  impl.MetricsSystemImpl (MetricsSystemImpl.java:init(158)) - OzoneManager metrics system started (again)
2021-01-09 14:07:55,627 [Listener at 127.0.0.1/11774] INFO  om.OzoneManager (OzoneManager.java:start(1160)) - OzoneManager RPC server is listening at localhost/127.0.0.1:11774
2021-01-09 14:07:55,628 [Listener at 127.0.0.1/11774] INFO  ratis.OzoneManagerRatisServer (OzoneManagerRatisServer.java:start(377)) - Starting OzoneManagerRatisServer omNode-2 at port 11778
2021-01-09 14:07:55,628 [Listener at 127.0.0.1/11774] INFO  server.RaftServer$Division (RaftServerImpl.java:start(294)) - omNode-2@group-523986131536: start as a follower, conf=-1: [omNode-3|rpc:localhost:11784|priority:0, omNode-1|rpc:localhost:11772|priority:0, omNode-2|rpc:localhost:11778|priority:0], old=null
2021-01-09 14:07:55,628 [Listener at 127.0.0.1/11774] INFO  server.RaftServer$Division (RaftServerImpl.java:setRole(283)) - omNode-2@group-523986131536: changes role from      null to FOLLOWER at term 0 for startAsFollower
2021-01-09 14:07:55,628 [Listener at 127.0.0.1/11774] INFO  impl.RoleInfo (RoleInfo.java:updateAndGet(130)) - omNode-2: start omNode-2@group-523986131536-FollowerState
2021-01-09 14:07:55,634 [Listener at 127.0.0.1/11774] INFO  util.JmxRegister (JmxRegister.java:tryRegister(44)) - Successfully registered JMX Bean with object name Ratis:service=RaftServer,group=group-523986131536,id=omNode-2
2021-01-09 14:07:55,634 [Listener at 127.0.0.1/11774] INFO  metrics.RatisMetrics (RatisMetrics.java:lambda$create$0(36)) - Creating Metrics Registry : ratis.state_machine.omNode-2@group-523986131536
2021-01-09 14:07:55,640 [Listener at 127.0.0.1/11774] INFO  server.RaftServer (RaftServerProxy.java:lambda$start$5(372)) - omNode-2: start RPC server
2021-01-09 14:07:55,645 [Listener at 127.0.0.1/11774] INFO  server.GrpcService (GrpcService.java:startImpl(176)) - omNode-2: GrpcService started, listening on 0.0.0.0/0.0.0.0:11778
2021-01-09 14:07:55,646 [org.apache.ratis.util.JvmPauseMonitor$$Lambda$305/1107501547@7baeb5d] INFO  util.JvmPauseMonitor (JvmPauseMonitor.java:run(103)) - JvmPauseMonitor-omNode-2: Started
2021-01-09 14:07:55,652 [Listener at 127.0.0.1/11774] INFO  http.BaseHttpServer (BaseHttpServer.java:newHttpServer2BuilderForOzone(207)) - Starting Web-server for ozoneManager at: http://0.0.0.0:11776
2021-01-09 14:07:55,652 [Listener at 127.0.0.1/11774] INFO  http.BaseHttpServer (BaseHttpServer.java:<init>(106)) - Hadoop Security Enabled: false Ozone Security Enabled: false Ozone HTTP Security Enabled: false 
2021-01-09 14:07:55,653 [Listener at 127.0.0.1/11774] INFO  server.AuthenticationFilter (AuthenticationFilter.java:constructSecretProvider(240)) - Unable to initialize FileSignerSecretProvider, falling back to use random secrets.
2021-01-09 14:07:55,653 [Listener at 127.0.0.1/11774] WARN  http.HttpRequestLog (HttpRequestLog.java:getRequestLog(103)) - Jetty request log can only be enabled using Log4j
2021-01-09 14:07:55,654 [Listener at 127.0.0.1/11774] INFO  http.HttpServer2 (HttpServer2.java:addGlobalFilter(1020)) - Added global filter 'safety' (class=org.apache.hadoop.hdds.server.http.HttpServer2$QuotingInputFilter)
2021-01-09 14:07:55,655 [Listener at 127.0.0.1/11774] INFO  http.HttpServer2 (HttpServer2.java:addFilter(996)) - Added filter static_user_filter (class=org.apache.hadoop.http.lib.StaticUserWebFilter$StaticUserFilter) to context ozoneManager
2021-01-09 14:07:55,655 [Listener at 127.0.0.1/11774] INFO  http.HttpServer2 (HttpServer2.java:addFilter(1004)) - Added filter static_user_filter (class=org.apache.hadoop.http.lib.StaticUserWebFilter$StaticUserFilter) to context logs
2021-01-09 14:07:55,655 [Listener at 127.0.0.1/11774] INFO  http.HttpServer2 (HttpServer2.java:addFilter(1004)) - Added filter static_user_filter (class=org.apache.hadoop.http.lib.StaticUserWebFilter$StaticUserFilter) to context static
2021-01-09 14:07:55,656 [Listener at 127.0.0.1/11774] INFO  http.HttpServer2 (HttpServer2.java:bindListener(1238)) - Jetty bound to port 11776
2021-01-09 14:07:55,656 [Listener at 127.0.0.1/11774] INFO  server.Server (Server.java:doStart(375)) - jetty-9.4.34.v20201102; built: 2020-11-02T14:15:39.302Z; git: e46af88704a893fc12cb0e3bf46e2c7b48a009e7; jvm 1.8.0_232-b09
2021-01-09 14:07:55,659 [Listener at 127.0.0.1/11774] INFO  server.session (DefaultSessionIdManager.java:doStart(334)) - DefaultSessionIdManager workerName=node0
2021-01-09 14:07:55,659 [Listener at 127.0.0.1/11774] INFO  server.session (DefaultSessionIdManager.java:doStart(339)) - No SessionScavenger set, using defaults
2021-01-09 14:07:55,660 [Listener at 127.0.0.1/11774] INFO  server.session (HouseKeeper.java:startScavenging(132)) - node0 Scavenging every 660000ms
2021-01-09 14:07:55,661 [Listener at 127.0.0.1/11774] INFO  handler.ContextHandler (ContextHandler.java:doStart(916)) - Started o.e.j.s.ServletContextHandler@1f0e1c1a{logs,/logs,file:///github/workspace/mnt/ozone/hadoop-ozone/integration-test/target/log,AVAILABLE}
2021-01-09 14:07:55,662 [Listener at 127.0.0.1/11774] INFO  handler.ContextHandler (ContextHandler.java:doStart(916)) - Started o.e.j.s.ServletContextHandler@48243161{static,/static,file:///github/workspace/mnt/ozone/hadoop-ozone/integration-test/target/test-classes/webapps/static,AVAILABLE}
2021-01-09 14:07:55,666 [Listener at 127.0.0.1/11774] INFO  handler.ContextHandler (ContextHandler.java:doStart(916)) - Started o.e.j.w.WebAppContext@2e4a0701{ozoneManager,/,file:///github/workspace/mnt/ozone/hadoop-ozone/integration-test/target/test-classes/webapps/ozoneManager/,AVAILABLE}{file:/github/workspace/mnt/ozone/hadoop-ozone/integration-test/target/test-classes/webapps/ozoneManager}
2021-01-09 14:07:55,668 [Listener at 127.0.0.1/11774] INFO  server.AbstractConnector (AbstractConnector.java:doStart(331)) - Started ServerConnector@7ff7a629{HTTP/1.1, (http/1.1)}{0.0.0.0:11776}
2021-01-09 14:07:55,668 [Listener at 127.0.0.1/11774] INFO  server.Server (Server.java:doStart(415)) - Started @15118ms
2021-01-09 14:07:55,668 [Listener at 127.0.0.1/11774] WARN  impl.MetricsSystemImpl (MetricsSystemImpl.java:register(276)) - Sink prometheus already exists!
2021-01-09 14:07:55,671 [Listener at 127.0.0.1/11774] INFO  http.BaseHttpServer (BaseHttpServer.java:updateConnectorAddress(327)) - HTTP server of ozoneManager listening at http://0.0.0.0:11776
2021-01-09 14:07:55,672 [IPC Server Responder] INFO  ipc.Server (Server.java:run(1460)) - IPC Server Responder: starting
2021-01-09 14:07:55,672 [IPC Server listener on 11774] INFO  ipc.Server (Server.java:run(1298)) - IPC Server listener on 11774: starting
2021-01-09 14:07:55,675 [Listener at 127.0.0.1/11774] INFO  om.OzoneManager (OzoneManager.java:startTrashEmptier(1281)) - Trash Interval set to 0. Files deleted will not move to trash
2021-01-09 14:07:55,679 [Listener at 127.0.0.1/11774] INFO  ozone.MiniOzoneHAClusterImpl (MiniOzoneHAClusterImpl.java:createOMService(380)) - Started OzoneManager RPC server at localhost/127.0.0.1:11774
2021-01-09 14:07:55,680 [Listener at 127.0.0.1/11774] WARN  server.ServerUtils (ServerUtils.java:getDBPath(225)) - ozone.om.db.dirs is not configured. We recommend adding this setting. Falling back to ozone.metadata.dirs instead.
2021-01-09 14:07:55,681 [org.apache.hadoop.util.JvmPauseMonitor$Monitor@98cd9be] INFO  util.JvmPauseMonitor (JvmPauseMonitor.java:run(188)) - Starting JVM pause monitor
2021-01-09 14:07:55,681 [Listener at 127.0.0.1/11774] INFO  ha.OMHANodeDetails (OMHANodeDetails.java:loadOMHAConfig(110)) - ServiceID for OzoneManager is om-service-test1
2021-01-09 14:07:55,682 [Listener at 127.0.0.1/11774] INFO  ha.OMHANodeDetails (OMHANodeDetails.java:loadOMHAConfig(188)) - Found matching OM address with OMServiceId: om-service-test1, OMNodeId: omNode-3, RPC Address: localhost:11780 and Ratis port: 11784
2021-01-09 14:07:55,682 [Listener at 127.0.0.1/11774] INFO  ha.OMHANodeDetails (OMHANodeDetails.java:setOMNodeSpecificConfigs(314)) - Setting configuration key ozone.om.http-address with value of key ozone.om.http-address.omNode-3: 127.0.0.1:11782
2021-01-09 14:07:55,683 [Listener at 127.0.0.1/11774] INFO  ha.OMHANodeDetails (OMHANodeDetails.java:setOMNodeSpecificConfigs(314)) - Setting configuration key ozone.om.https-address with value of key ozone.om.https-address.omNode-3: 127.0.0.1:11783
2021-01-09 14:07:55,683 [Listener at 127.0.0.1/11774] INFO  ha.OMHANodeDetails (OMHANodeDetails.java:setOMNodeSpecificConfigs(314)) - Setting configuration key ozone.om.address with value of key ozone.om.address.omNode-3: 127.0.0.1:11780
2021-01-09 14:07:55,683 [Listener at 127.0.0.1/11774] WARN  server.ServerUtils (ServerUtils.java:getDBPath(225)) - ozone.om.db.dirs is not configured. We recommend adding this setting. Falling back to ozone.metadata.dirs instead.
2021-01-09 14:07:55,684 [Listener at 127.0.0.1/11774] WARN  server.ServerUtils (ServerUtils.java:getDBPath(225)) - ozone.om.db.dirs is not configured. We recommend adding this setting. Falling back to ozone.metadata.dirs instead.
2021-01-09 14:07:55,687 [Listener at 127.0.0.1/11774] WARN  server.ServerUtils (ServerUtils.java:getDBPath(225)) - ozone.om.db.dirs is not configured. We recommend adding this setting. Falling back to ozone.metadata.dirs instead.
2021-01-09 14:07:55,689 [Listener at 127.0.0.1/11774] INFO  codec.OmKeyInfoCodec (OmKeyInfoCodec.java:<init>(41)) - OmKeyInfoCodec ignorePipeline = true
2021-01-09 14:07:55,689 [Listener at 127.0.0.1/11774] INFO  codec.RepeatedOmKeyInfoCodec (RepeatedOmKeyInfoCodec.java:<init>(40)) - RepeatedOmKeyInfoCodec ignorePipeline = true
2021-01-09 14:07:55,740 [Listener at 127.0.0.1/11774] INFO  om.OzoneManager (OzoneManager.java:addS3GVolumeToDB(3738)) - Created Volume s3v With Owner jenkins1001 required for S3Gateway operations.
2021-01-09 14:07:55,740 [Listener at 127.0.0.1/11774] WARN  server.ServerUtils (ServerUtils.java:getDefaultRatisDirectory(237)) - Storage directory for Ratis is not configured. It is a good idea to map this to an SSD disk. Falling back to ozone.metadata.dirs
2021-01-09 14:07:55,741 [Listener at 127.0.0.1/11774] WARN  ratis.OzoneManagerRatisServer (OzoneManagerRatisServer.java:getOMRatisSnapshotDirectory(638)) - ozone.om.ratis.snapshot.dir is not configured. Falling back to ozone.metadata.dirs config
2021-01-09 14:07:55,741 [Listener at 127.0.0.1/11774] INFO  snapshot.OzoneManagerSnapshotProvider (OzoneManagerSnapshotProvider.java:<init>(77)) - Initializing OM Snapshot Provider
2021-01-09 14:07:55,742 [Listener at 127.0.0.1/11774] WARN  server.ServerUtils (ServerUtils.java:getDefaultRatisDirectory(237)) - Storage directory for Ratis is not configured. It is a good idea to map this to an SSD disk. Falling back to ozone.metadata.dirs
2021-01-09 14:07:55,743 [Listener at 127.0.0.1/11774] INFO  ratis.OzoneManagerRatisServer (OzoneManagerRatisServer.java:<init>(280)) - Instantiating OM Ratis server with GroupID: om-service-test1 and Raft Peers: localhost:11784, localhost:11772, localhost:11778
2021-01-09 14:07:55,744 [Listener at 127.0.0.1/11774] INFO  ratis.OzoneManagerStateMachine (OzoneManagerStateMachine.java:loadSnapshotInfoFromDB(518)) - LastAppliedIndex is set from TransactionInfo from OM DB as (t:0, i:~)
2021-01-09 14:07:55,744 [Listener at 127.0.0.1/11774] INFO  server.RaftServer (ConfUtils.java:logGet(44)) - raft.rpc.type = GRPC (default)
2021-01-09 14:07:55,744 [Listener at 127.0.0.1/11774] INFO  grpc.GrpcFactory (GrpcFactory.java:checkPooledByteBufAllocatorUseCacheForAllThreads(48)) - PERFORMANCE WARNING: useCacheForAllThreads is true that may cause Netty to create a lot garbage objects and, as a result, trigger GC.
	It is recommended to disable useCacheForAllThreads by setting -Dorg.apache.ratis.thirdparty.io.netty.allocator.useCacheForAllThreads=false in command line.
2021-01-09 14:07:55,744 [Listener at 127.0.0.1/11774] INFO  grpc.GrpcConfigKeys (ConfUtils.java:logGet(44)) - raft.grpc.server.port = 11784 (custom)
2021-01-09 14:07:55,744 [Listener at 127.0.0.1/11774] INFO  server.GrpcService (ConfUtils.java:logGet(44)) - raft.grpc.message.size.max = 33554432 (custom)
2021-01-09 14:07:55,744 [Listener at 127.0.0.1/11774] INFO  server.RaftServerConfigKeys (ConfUtils.java:logGet(44)) - raft.server.log.appender.buffer.byte-limit = 33554432 (custom)
2021-01-09 14:07:55,745 [Listener at 127.0.0.1/11774] INFO  server.GrpcService (ConfUtils.java:logGet(44)) - raft.grpc.flow.control.window = 1MB (=1048576) (default)
2021-01-09 14:07:55,745 [Listener at 127.0.0.1/11774] INFO  server.RaftServerConfigKeys (ConfUtils.java:logGet(44)) - raft.server.rpc.request.timeout = 3000ms (default)
2021-01-09 14:07:55,746 [Listener at 127.0.0.1/11774] INFO  impl.DataStreamServerImpl (ConfUtils.java:logGet(44)) - raft.datastream.type = DISABLED (default)
2021-01-09 14:07:55,746 [Listener at 127.0.0.1/11774] INFO  server.RaftServerConfigKeys (ConfUtils.java:logGet(44)) - raft.server.rpc.slowness.timeout = 2s (custom)
2021-01-09 14:07:55,746 [Listener at 127.0.0.1/11774] INFO  server.RaftServerConfigKeys (ConfUtils.java:logGet(44)) - raft.server.leaderelection.leader.step-down.wait-time = 10s (default)
2021-01-09 14:07:55,746 [Listener at 127.0.0.1/11774] INFO  server.RaftServerConfigKeys (ConfUtils.java:logGet(44)) - raft.server.storage.dir = [/github/workspace/mnt/ozone/hadoop-ozone/integration-test/target/test-dir/MiniOzoneClusterImpl-8961eb2b-7999-4159-8884-2a1a29aa57c4/omNode-3/ratis] (custom)
2021-01-09 14:07:55,748 [Listener at 127.0.0.1/11774] INFO  server.RaftServer (RaftServerProxy.java:addNew(95)) - omNode-3: addNew group-523986131536:[omNode-3|rpc:localhost:11784|priority:0, omNode-1|rpc:localhost:11772|priority:0, omNode-2|rpc:localhost:11778|priority:0] returns group-523986131536:java.util.concurrent.CompletableFuture@a45b7cc[Not completed]
2021-01-09 14:07:55,748 [Listener at 127.0.0.1/11774] INFO  om.OzoneManager (OzoneManager.java:initializeRatisServer(1332)) - OzoneManager Ratis server initialized at port 11784
2021-01-09 14:07:55,750 [Listener at 127.0.0.1/11774] INFO  ipc.CallQueueManager (CallQueueManager.java:<init>(84)) - Using callQueue: class java.util.concurrent.LinkedBlockingQueue, queueCapacity: 2000, scheduler: class org.apache.hadoop.ipc.DefaultRpcScheduler, ipcBackoff: false.
2021-01-09 14:07:55,752 [pool-57-thread-1] INFO  server.RaftServer$Division (RaftServerImpl.java:<init>(179)) - omNode-3: new RaftServerImpl for group-523986131536:[omNode-3|rpc:localhost:11784|priority:0, omNode-1|rpc:localhost:11772|priority:0, omNode-2|rpc:localhost:11778|priority:0] with OzoneManagerStateMachine:uninitialized
2021-01-09 14:07:55,755 [pool-57-thread-1] INFO  server.RaftServerConfigKeys (ConfUtils.java:logGet(44)) - raft.server.rpc.timeout.min = 1s (custom)
2021-01-09 14:07:55,756 [Socket Reader #1 for port 11780] INFO  ipc.Server (Server.java:run(1219)) - Starting Socket Reader #1 for port 11780
2021-01-09 14:07:55,757 [pool-57-thread-1] INFO  server.RaftServerConfigKeys (ConfUtils.java:logGet(44)) - raft.server.rpc.timeout.max = 1200ms (custom)
2021-01-09 14:07:55,757 [pool-57-thread-1] INFO  server.RaftServerConfigKeys (ConfUtils.java:logGet(44)) - raft.server.rpc.sleep.time = 25ms (default)
2021-01-09 14:07:55,757 [pool-57-thread-1] INFO  server.RaftServerConfigKeys (ConfUtils.java:logGet(44)) - raft.server.rpc.slowness.timeout = 2s (custom)
2021-01-09 14:07:55,757 [pool-57-thread-1] INFO  server.RaftServerConfigKeys (ConfUtils.java:logGet(44)) - raft.server.leaderelection.leader.step-down.wait-time = 10s (default)
2021-01-09 14:07:55,757 [pool-57-thread-1] INFO  server.RaftServerConfigKeys (ConfUtils.java:logGet(44)) - raft.server.sleep.deviation.threshold = 300ms (default)
2021-01-09 14:07:55,757 [pool-57-thread-1] INFO  server.RaftServerConfigKeys (ConfUtils.java:logGet(44)) - raft.server.log.appender.install.snapshot.enabled = false (custom)
2021-01-09 14:07:55,757 [pool-57-thread-1] INFO  server.RaftServer$Division (ServerState.java:<init>(103)) - omNode-3@group-523986131536: ConfigurationManager, init=-1: [omNode-3|rpc:localhost:11784|priority:0, omNode-1|rpc:localhost:11772|priority:0, omNode-2|rpc:localhost:11778|priority:0], old=null, confs=<EMPTY_MAP>
2021-01-09 14:07:55,758 [pool-57-thread-1] INFO  server.RaftServerConfigKeys (ConfUtils.java:logGet(44)) - raft.server.storage.dir = [/github/workspace/mnt/ozone/hadoop-ozone/integration-test/target/test-dir/MiniOzoneClusterImpl-8961eb2b-7999-4159-8884-2a1a29aa57c4/omNode-3/ratis] (custom)
2021-01-09 14:07:55,758 [pool-57-thread-1] INFO  server.RaftServerConfigKeys (ConfUtils.java:logGet(44)) - raft.server.log.corruption.policy = EXCEPTION (default)
2021-01-09 14:07:55,758 [pool-57-thread-1] INFO  storage.RaftStorageDirectory (RaftStorageDirectoryImpl.java:analyzeStorage(132)) - The storage directory /github/workspace/mnt/ozone/hadoop-ozone/integration-test/target/test-dir/MiniOzoneClusterImpl-8961eb2b-7999-4159-8884-2a1a29aa57c4/omNode-3/ratis/c9bc4cf4-3bc3-3c60-a66b-523986131536 does not exist. Creating ...
2021-01-09 14:07:55,770 [pool-57-thread-1] INFO  storage.RaftStorageDirectory (RaftStorageDirectoryImpl.java:tryLock(215)) - Lock on /github/workspace/mnt/ozone/hadoop-ozone/integration-test/target/test-dir/MiniOzoneClusterImpl-8961eb2b-7999-4159-8884-2a1a29aa57c4/omNode-3/ratis/c9bc4cf4-3bc3-3c60-a66b-523986131536/in_use.lock acquired by nodename 13839@849aa166ea4e
2021-01-09 14:07:55,771 [pool-57-thread-1] INFO  storage.RaftStorage (RaftStorageImpl.java:format(87)) - Storage directory /github/workspace/mnt/ozone/hadoop-ozone/integration-test/target/test-dir/MiniOzoneClusterImpl-8961eb2b-7999-4159-8884-2a1a29aa57c4/omNode-3/ratis/c9bc4cf4-3bc3-3c60-a66b-523986131536 has been successfully formatted.
2021-01-09 14:07:55,772 [pool-57-thread-1] ERROR storage.RaftStorage (RaftStorageImpl.java:readRaftConfiguration(147)) - Failed reading configuration from file:/github/workspace/mnt/ozone/hadoop-ozone/integration-test/target/test-dir/MiniOzoneClusterImpl-8961eb2b-7999-4159-8884-2a1a29aa57c4/omNode-3/ratis/c9bc4cf4-3bc3-3c60-a66b-523986131536/current/raft-meta.conf
java.io.FileNotFoundException: /github/workspace/mnt/ozone/hadoop-ozone/integration-test/target/test-dir/MiniOzoneClusterImpl-8961eb2b-7999-4159-8884-2a1a29aa57c4/omNode-3/ratis/c9bc4cf4-3bc3-3c60-a66b-523986131536/current/raft-meta.conf (No such file or directory)
	at java.io.FileInputStream.open0(Native Method)
	at java.io.FileInputStream.open(FileInputStream.java:195)
	at java.io.FileInputStream.<init>(FileInputStream.java:138)
	at org.apache.ratis.server.storage.RaftStorageImpl.readRaftConfiguration(RaftStorageImpl.java:143)
	at org.apache.ratis.server.impl.ServerState.<init>(ServerState.java:113)
	at org.apache.ratis.server.impl.RaftServerImpl.<init>(RaftServerImpl.java:192)
	at org.apache.ratis.server.impl.RaftServerProxy.lambda$newRaftServerImpl$4(RaftServerProxy.java:266)
	at java.util.concurrent.CompletableFuture$AsyncSupply.run(CompletableFuture.java:1604)
	at java.util.concurrent.ThreadPoolExecutor.runWorker(ThreadPoolExecutor.java:1149)
	at java.util.concurrent.ThreadPoolExecutor$Worker.run(ThreadPoolExecutor.java:624)
	at java.lang.Thread.run(Thread.java:748)
2021-01-09 14:07:55,772 [pool-57-thread-1] INFO  server.RaftServerConfigKeys (ConfUtils.java:logGet(44)) - raft.server.notification.no-leader.timeout = 2s (custom)
2021-01-09 14:07:55,772 [pool-57-thread-1] INFO  server.RaftServerConfigKeys (ConfUtils.java:logGet(44)) - raft.server.log.use.memory = false (default)
2021-01-09 14:07:55,772 [pool-57-thread-1] INFO  server.RaftServerConfigKeys (ConfUtils.java:logGet(44)) - raft.server.log.purge.gap = 50 (custom)
2021-01-09 14:07:55,772 [pool-57-thread-1] INFO  server.RaftServerConfigKeys (ConfUtils.java:logGet(44)) - raft.server.log.appender.buffer.byte-limit = 33554432 (custom)
2021-01-09 14:07:55,772 [pool-57-thread-1] INFO  metrics.RatisMetrics (RatisMetrics.java:lambda$create$0(36)) - Creating Metrics Registry : ratis.log_worker.omNode-3@group-523986131536
2021-01-09 14:07:55,773 [pool-57-thread-1] INFO  server.RaftServerConfigKeys (ConfUtils.java:logGet(44)) - raft.server.log.segment.size.max = 4194304 (custom)
2021-01-09 14:07:55,773 [pool-57-thread-1] INFO  server.RaftServerConfigKeys (ConfUtils.java:logGet(44)) - raft.server.log.segment.cache.num.max = 2 (custom)
2021-01-09 14:07:55,773 [pool-57-thread-1] INFO  server.RaftServerConfigKeys (ConfUtils.java:logGet(44)) - raft.server.log.segment.cache.size.max = 200MB (=209715200) (default)
2021-01-09 14:07:55,773 [pool-57-thread-1] INFO  segmented.SegmentedRaftLogWorker (SegmentedRaftLogWorker.java:<init>(181)) - new omNode-3@group-523986131536-SegmentedRaftLogWorker for RaftStorageImpl:Storage Directory /github/workspace/mnt/ozone/hadoop-ozone/integration-test/target/test-dir/MiniOzoneClusterImpl-8961eb2b-7999-4159-8884-2a1a29aa57c4/omNode-3/ratis/c9bc4cf4-3bc3-3c60-a66b-523986131536
2021-01-09 14:07:55,773 [pool-57-thread-1] INFO  server.RaftServerConfigKeys (ConfUtils.java:logGet(44)) - raft.server.log.queue.byte-limit = 64MB (=67108864) (default)
2021-01-09 14:07:55,773 [pool-57-thread-1] INFO  server.RaftServerConfigKeys (ConfUtils.java:logGet(44)) - raft.server.log.queue.element-limit = 4096 (default)
2021-01-09 14:07:55,773 [pool-57-thread-1] INFO  server.RaftServerConfigKeys (ConfUtils.java:logGet(44)) - raft.server.log.segment.size.max = 4194304 (custom)
2021-01-09 14:07:55,773 [pool-57-thread-1] INFO  server.RaftServerConfigKeys (ConfUtils.java:logGet(44)) - raft.server.log.preallocated.size = 4194304 (custom)
2021-01-09 14:07:55,773 [pool-57-thread-1] INFO  server.RaftServerConfigKeys (ConfUtils.java:logGet(44)) - raft.server.log.force.sync.num = 128 (default)
2021-01-09 14:07:55,774 [pool-57-thread-1] INFO  server.RaftServerConfigKeys (ConfUtils.java:logGet(44)) - raft.server.log.statemachine.data.sync = true (default)
2021-01-09 14:07:55,774 [pool-57-thread-1] INFO  server.RaftServerConfigKeys (ConfUtils.java:logGet(44)) - raft.server.log.statemachine.data.sync.timeout = 10s (default)
2021-01-09 14:07:55,774 [pool-57-thread-1] INFO  server.RaftServerConfigKeys (ConfUtils.java:logGet(44)) - raft.server.log.statemachine.data.sync.timeout.retry = -1 (default)
2021-01-09 14:07:55,775 [pool-57-thread-1] INFO  server.RaftServerConfigKeys (ConfUtils.java:logGet(44)) - raft.server.log.write.buffer.size = 64KB (=65536) (default)
2021-01-09 14:07:55,775 [pool-57-thread-1] INFO  server.RaftServerConfigKeys (ConfUtils.java:logGet(44)) - raft.server.log.statemachine.data.caching.enabled = false (default)
2021-01-09 14:07:55,775 [pool-57-thread-1] INFO  segmented.SegmentedRaftLogWorker (SegmentedRaftLogWorker.java:lambda$new$0(132)) - omNode-3@group-523986131536-SegmentedRaftLogWorker: flushIndex: setUnconditionally 0 -> -1
2021-01-09 14:07:55,775 [pool-57-thread-1] INFO  segmented.SegmentedRaftLogWorker (SegmentedRaftLogWorker.java:lambda$new$0(132)) - omNode-3@group-523986131536-SegmentedRaftLogWorker: safeCacheEvictIndex: setUnconditionally 0 -> -1
2021-01-09 14:07:55,786 [Listener at 127.0.0.1/11780] INFO  ozone.MiniOzoneHAClusterImpl (MiniOzoneHAClusterImpl.java:createOMService(384)) - Intialized OzoneManager at localhost/127.0.0.1:11780. This OM is currently inactive (not running).
2021-01-09 14:07:55,791 [pool-57-thread-1] INFO  server.RaftServerConfigKeys (ConfUtils.java:logGet(44)) - raft.server.snapshot.auto.trigger.enabled = true (custom)
2021-01-09 14:07:55,791 [pool-57-thread-1] INFO  server.RaftServerConfigKeys (ConfUtils.java:logGet(44)) - raft.server.snapshot.auto.trigger.threshold = 50 (custom)
2021-01-09 14:07:55,791 [pool-57-thread-1] INFO  server.RaftServerConfigKeys (ConfUtils.java:logGet(44)) - raft.server.snapshot.retention.file.num = -1 (default)
2021-01-09 14:07:55,791 [pool-57-thread-1] INFO  server.RaftServerConfigKeys (ConfUtils.java:logGet(44)) - raft.server.log.purge.upto.snapshot.index = true (custom)
2021-01-09 14:07:55,791 [pool-57-thread-1] INFO  server.RaftServerConfigKeys (ConfUtils.java:logGet(44)) - raft.server.retrycache.expirytime = 300s (custom)
2021-01-09 14:07:55,791 [pool-57-thread-1] INFO  server.RaftServerConfigKeys (ConfUtils.java:logGet(44)) - raft.server.retrycache.statistics.expirytime = 100?s (default)
2021-01-09 14:07:55,792 [pool-57-thread-1] INFO  metrics.RatisMetrics (RatisMetrics.java:lambda$create$0(36)) - Creating Metrics Registry : ratis.leader_election.omNode-3@group-523986131536
2021-01-09 14:07:55,792 [pool-57-thread-1] INFO  metrics.RatisMetrics (RatisMetrics.java:lambda$create$0(36)) - Creating Metrics Registry : ratis.server.omNode-3@group-523986131536
2021-01-09 14:07:55,974 [Listener at 127.0.0.1/11780] INFO  impl.MetricsSystemImpl (MetricsSystemImpl.java:init(158)) - HddsDatanode metrics system started (again)
2021-01-09 14:07:55,980 [Listener at 127.0.0.1/11780] INFO  ozone.HddsDatanodeService (HddsDatanodeService.java:start(215)) - HddsDatanodeService host:849aa166ea4e ip:172.17.0.2
2021-01-09 14:07:56,046 [Listener at 127.0.0.1/11780] INFO  volume.HddsVolume (HddsVolume.java:<init>(176)) - Creating Volume: /github/workspace/mnt/ozone/hadoop-ozone/integration-test/target/test-dir/MiniOzoneClusterImpl-8961eb2b-7999-4159-8884-2a1a29aa57c4/datanode-0/data-0/containers/hdds of storage type : DISK and capacity : 9223372036854775807
2021-01-09 14:07:56,048 [Listener at 127.0.0.1/11780] INFO  volume.MutableVolumeSet (MutableVolumeSet.java:initializeVolumeSet(179)) - Added Volume : /github/workspace/mnt/ozone/hadoop-ozone/integration-test/target/test-dir/MiniOzoneClusterImpl-8961eb2b-7999-4159-8884-2a1a29aa57c4/datanode-0/data-0/containers/hdds to VolumeSet
2021-01-09 14:07:56,049 [Listener at 127.0.0.1/11780] INFO  volume.ThrottledAsyncChecker (ThrottledAsyncChecker.java:schedule(141)) - Scheduling a check for /github/workspace/mnt/ozone/hadoop-ozone/integration-test/target/test-dir/MiniOzoneClusterImpl-8961eb2b-7999-4159-8884-2a1a29aa57c4/datanode-0/data-0/containers/hdds
2021-01-09 14:07:56,067 [Listener at 127.0.0.1/11780] INFO  volume.HddsVolumeChecker (HddsVolumeChecker.java:checkAllVolumes(200)) - Scheduled health check for volume /github/workspace/mnt/ozone/hadoop-ozone/integration-test/target/test-dir/MiniOzoneClusterImpl-8961eb2b-7999-4159-8884-2a1a29aa57c4/datanode-0/data-0/containers/hdds
2021-01-09 14:07:56,096 [Thread-175] INFO  ozoneimpl.ContainerReader (ContainerReader.java:readVolume(123)) - Start to verify containers on volume /github/workspace/mnt/ozone/hadoop-ozone/integration-test/target/test-dir/MiniOzoneClusterImpl-8961eb2b-7999-4159-8884-2a1a29aa57c4/datanode-0/data-0/containers/hdds
2021-01-09 14:07:56,096 [Thread-175] INFO  ozoneimpl.ContainerReader (ContainerReader.java:readVolume(148)) - Finish verifying containers on volume /github/workspace/mnt/ozone/hadoop-ozone/integration-test/target/test-dir/MiniOzoneClusterImpl-8961eb2b-7999-4159-8884-2a1a29aa57c4/datanode-0/data-0/containers/hdds
2021-01-09 14:07:56,096 [Listener at 127.0.0.1/11780] INFO  ozoneimpl.OzoneContainer (OzoneContainer.java:buildContainerSet(206)) - Build ContainerSet costs 0s
2021-01-09 14:07:56,164 [Listener at 127.0.0.1/11780] INFO  server.RaftServer (ConfUtils.java:logGet(44)) - raft.rpc.type = GRPC (default)
2021-01-09 14:07:56,164 [Listener at 127.0.0.1/11780] INFO  grpc.GrpcFactory (GrpcFactory.java:checkPooledByteBufAllocatorUseCacheForAllThreads(48)) - PERFORMANCE WARNING: useCacheForAllThreads is true that may cause Netty to create a lot garbage objects and, as a result, trigger GC.
	It is recommended to disable useCacheForAllThreads by setting -Dorg.apache.ratis.thirdparty.io.netty.allocator.useCacheForAllThreads=false in command line.
2021-01-09 14:07:56,164 [Listener at 127.0.0.1/11780] INFO  grpc.GrpcConfigKeys (ConfUtils.java:logGet(44)) - raft.grpc.server.port = 0 (default)
2021-01-09 14:07:56,164 [Listener at 127.0.0.1/11780] INFO  server.GrpcService (ConfUtils.java:logGet(44)) - raft.grpc.message.size.max = 32MB (=33554432) (custom)
2021-01-09 14:07:56,165 [Listener at 127.0.0.1/11780] INFO  server.RaftServerConfigKeys (ConfUtils.java:logGet(44)) - raft.server.log.appender.buffer.byte-limit = 33554432 (custom)
2021-01-09 14:07:56,165 [Listener at 127.0.0.1/11780] INFO  server.GrpcService (ConfUtils.java:logGet(44)) - raft.grpc.flow.control.window = 5MB (=5242880) (custom)
2021-01-09 14:07:56,165 [Listener at 127.0.0.1/11780] INFO  server.RaftServerConfigKeys (ConfUtils.java:logGet(44)) - raft.server.rpc.request.timeout = 60s (custom)
2021-01-09 14:07:56,167 [Listener at 127.0.0.1/11780] INFO  impl.DataStreamServerImpl (ConfUtils.java:logGet(44)) - raft.datastream.type = DISABLED (default)
2021-01-09 14:07:56,167 [Listener at 127.0.0.1/11780] INFO  server.RaftServerConfigKeys (ConfUtils.java:logGet(44)) - raft.server.rpc.slowness.timeout = 300s (custom)
2021-01-09 14:07:56,167 [Listener at 127.0.0.1/11780] INFO  server.RaftServerConfigKeys (ConfUtils.java:logGet(44)) - raft.server.leaderelection.leader.step-down.wait-time = 10s (default)
2021-01-09 14:07:56,167 [Listener at 127.0.0.1/11780] INFO  server.RaftServerConfigKeys (ConfUtils.java:logGet(44)) - raft.server.storage.dir = [/github/workspace/mnt/ozone/hadoop-ozone/integration-test/target/test-dir/MiniOzoneClusterImpl-8961eb2b-7999-4159-8884-2a1a29aa57c4/datanode-0/data/ratis] (custom)
2021-01-09 14:07:56,230 [Listener at 127.0.0.1/11780] INFO  http.BaseHttpServer (BaseHttpServer.java:newHttpServer2BuilderForOzone(207)) - Starting Web-server for hddsDatanode at: http://0.0.0.0:0
2021-01-09 14:07:56,234 [Listener at 127.0.0.1/11780] INFO  http.BaseHttpServer (BaseHttpServer.java:<init>(106)) - Hadoop Security Enabled: false Ozone Security Enabled: false Ozone HTTP Security Enabled: false 
2021-01-09 14:07:56,236 [Listener at 127.0.0.1/11780] INFO  server.AuthenticationFilter (AuthenticationFilter.java:constructSecretProvider(240)) - Unable to initialize FileSignerSecretProvider, falling back to use random secrets.
2021-01-09 14:07:56,236 [Listener at 127.0.0.1/11780] WARN  http.HttpRequestLog (HttpRequestLog.java:getRequestLog(103)) - Jetty request log can only be enabled using Log4j
2021-01-09 14:07:56,237 [Listener at 127.0.0.1/11780] INFO  http.HttpServer2 (HttpServer2.java:addGlobalFilter(1020)) - Added global filter 'safety' (class=org.apache.hadoop.hdds.server.http.HttpServer2$QuotingInputFilter)
2021-01-09 14:07:56,238 [Listener at 127.0.0.1/11780] INFO  http.HttpServer2 (HttpServer2.java:addFilter(996)) - Added filter static_user_filter (class=org.apache.hadoop.http.lib.StaticUserWebFilter$StaticUserFilter) to context hddsDatanode
2021-01-09 14:07:56,238 [Listener at 127.0.0.1/11780] INFO  http.HttpServer2 (HttpServer2.java:addFilter(1004)) - Added filter static_user_filter (class=org.apache.hadoop.http.lib.StaticUserWebFilter$StaticUserFilter) to context static
2021-01-09 14:07:56,238 [Listener at 127.0.0.1/11780] INFO  http.HttpServer2 (HttpServer2.java:addFilter(1004)) - Added filter static_user_filter (class=org.apache.hadoop.http.lib.StaticUserWebFilter$StaticUserFilter) to context logs
2021-01-09 14:07:56,239 [Listener at 127.0.0.1/11780] INFO  http.HttpServer2 (HttpServer2.java:bindListener(1238)) - Jetty bound to port 39579
2021-01-09 14:07:56,239 [Listener at 127.0.0.1/11780] INFO  server.Server (Server.java:doStart(375)) - jetty-9.4.34.v20201102; built: 2020-11-02T14:15:39.302Z; git: e46af88704a893fc12cb0e3bf46e2c7b48a009e7; jvm 1.8.0_232-b09
2021-01-09 14:07:56,243 [Listener at 127.0.0.1/11780] INFO  server.session (DefaultSessionIdManager.java:doStart(334)) - DefaultSessionIdManager workerName=node0
2021-01-09 14:07:56,243 [Listener at 127.0.0.1/11780] INFO  server.session (DefaultSessionIdManager.java:doStart(339)) - No SessionScavenger set, using defaults
2021-01-09 14:07:56,244 [Listener at 127.0.0.1/11780] INFO  server.session (HouseKeeper.java:startScavenging(132)) - node0 Scavenging every 600000ms
2021-01-09 14:07:56,246 [Listener at 127.0.0.1/11780] INFO  handler.ContextHandler (ContextHandler.java:doStart(916)) - Started o.e.j.s.ServletContextHandler@6ed8566{logs,/logs,file:///github/workspace/mnt/ozone/hadoop-ozone/integration-test/target/log,AVAILABLE}
2021-01-09 14:07:56,247 [Listener at 127.0.0.1/11780] INFO  handler.ContextHandler (ContextHandler.java:doStart(916)) - Started o.e.j.s.ServletContextHandler@48ba73d3{static,/static,jar:file:/home/user/.m2/repository/org/apache/hadoop/hadoop-hdds-container-service/1.1.0-SNAPSHOT/hadoop-hdds-container-service-1.1.0-SNAPSHOT.jar!/webapps/static,AVAILABLE}
2021-01-09 14:07:56,420 [Listener at 127.0.0.1/11780] INFO  handler.ContextHandler (ContextHandler.java:doStart(916)) - Started o.e.j.w.WebAppContext@3d03b388{hddsDatanode,/,file:///tmp/jetty-0_0_0_0-39579-hadoop-hdds-container-service-1_1_0-SNAPSHOT_jar-_-any-2485094306246436155/webapp/,AVAILABLE}{jar:file:/home/user/.m2/repository/org/apache/hadoop/hadoop-hdds-container-service/1.1.0-SNAPSHOT/hadoop-hdds-container-service-1.1.0-SNAPSHOT.jar!/webapps/hddsDatanode}
2021-01-09 14:07:56,421 [Listener at 127.0.0.1/11780] INFO  server.AbstractConnector (AbstractConnector.java:doStart(331)) - Started ServerConnector@67666b20{HTTP/1.1, (http/1.1)}{0.0.0.0:39579}
2021-01-09 14:07:56,421 [Listener at 127.0.0.1/11780] INFO  server.Server (Server.java:doStart(415)) - Started @15872ms
2021-01-09 14:07:56,421 [Listener at 127.0.0.1/11780] WARN  impl.MetricsSystemImpl (MetricsSystemImpl.java:register(276)) - Sink prometheus already exists!
2021-01-09 14:07:56,425 [Listener at 127.0.0.1/11780] INFO  http.BaseHttpServer (BaseHttpServer.java:updateConnectorAddress(327)) - HTTP server of hddsDatanode listening at http://0.0.0.0:39579
2021-01-09 14:07:56,427 [Listener at 127.0.0.1/11780] INFO  impl.MetricsSystemImpl (MetricsSystemImpl.java:init(158)) - HddsDatanode metrics system started (again)
2021-01-09 14:07:56,428 [Listener at 127.0.0.1/11780] INFO  ozone.HddsDatanodeService (HddsDatanodeService.java:start(215)) - HddsDatanodeService host:849aa166ea4e ip:172.17.0.2
2021-01-09 14:07:56,434 [Listener at 127.0.0.1/11780] INFO  volume.HddsVolume (HddsVolume.java:<init>(176)) - Creating Volume: /github/workspace/mnt/ozone/hadoop-ozone/integration-test/target/test-dir/MiniOzoneClusterImpl-8961eb2b-7999-4159-8884-2a1a29aa57c4/datanode-1/data-0/containers/hdds of storage type : DISK and capacity : 9223372036854775807
2021-01-09 14:07:56,434 [Listener at 127.0.0.1/11780] INFO  volume.MutableVolumeSet (MutableVolumeSet.java:initializeVolumeSet(179)) - Added Volume : /github/workspace/mnt/ozone/hadoop-ozone/integration-test/target/test-dir/MiniOzoneClusterImpl-8961eb2b-7999-4159-8884-2a1a29aa57c4/datanode-1/data-0/containers/hdds to VolumeSet
2021-01-09 14:07:56,435 [Listener at 127.0.0.1/11780] INFO  volume.ThrottledAsyncChecker (ThrottledAsyncChecker.java:schedule(141)) - Scheduling a check for /github/workspace/mnt/ozone/hadoop-ozone/integration-test/target/test-dir/MiniOzoneClusterImpl-8961eb2b-7999-4159-8884-2a1a29aa57c4/datanode-1/data-0/containers/hdds
2021-01-09 14:07:56,436 [Listener at 127.0.0.1/11780] INFO  volume.HddsVolumeChecker (HddsVolumeChecker.java:checkAllVolumes(200)) - Scheduled health check for volume /github/workspace/mnt/ozone/hadoop-ozone/integration-test/target/test-dir/MiniOzoneClusterImpl-8961eb2b-7999-4159-8884-2a1a29aa57c4/datanode-1/data-0/containers/hdds
2021-01-09 14:07:56,453 [Thread-99] INFO  impl.FollowerState (FollowerState.java:run(133)) - omNode-1@group-523986131536-FollowerState: change to CANDIDATE, lastRpcElapsedTime:1059958028ns, electionTimeout:1049ms
2021-01-09 14:07:56,458 [Thread-99] INFO  impl.RoleInfo (RoleInfo.java:shutdownFollowerState(108)) - omNode-1: shutdown omNode-1@group-523986131536-FollowerState
2021-01-09 14:07:56,459 [Thread-99] INFO  server.RaftServer$Division (RaftServerImpl.java:setRole(283)) - omNode-1@group-523986131536: changes role from  FOLLOWER to CANDIDATE at term 0 for changeToCandidate
2021-01-09 14:07:56,461 [Thread-99] INFO  impl.RoleInfo (RoleInfo.java:updateAndGet(130)) - omNode-1: start omNode-1@group-523986131536-LeaderElection1
2021-01-09 14:07:56,479 [omNode-1@group-523986131536-LeaderElection1] INFO  impl.LeaderElection (LeaderElection.java:askForPreVotes(259)) - omNode-1@group-523986131536-LeaderElection1: begin a pre-vote at term 0 for -1: [omNode-3|rpc:localhost:11784|priority:0, omNode-1|rpc:localhost:11772|priority:0, omNode-2|rpc:localhost:11778|priority:0], old=null
2021-01-09 14:07:56,475 [Thread-185] INFO  ozoneimpl.ContainerReader (ContainerReader.java:readVolume(123)) - Start to verify containers on volume /github/workspace/mnt/ozone/hadoop-ozone/integration-test/target/test-dir/MiniOzoneClusterImpl-8961eb2b-7999-4159-8884-2a1a29aa57c4/datanode-1/data-0/containers/hdds
2021-01-09 14:07:56,483 [Thread-185] INFO  ozoneimpl.ContainerReader (ContainerReader.java:readVolume(148)) - Finish verifying containers on volume /github/workspace/mnt/ozone/hadoop-ozone/integration-test/target/test-dir/MiniOzoneClusterImpl-8961eb2b-7999-4159-8884-2a1a29aa57c4/datanode-1/data-0/containers/hdds
2021-01-09 14:07:56,483 [Listener at 127.0.0.1/11780] INFO  ozoneimpl.OzoneContainer (OzoneContainer.java:buildContainerSet(206)) - Build ContainerSet costs 0s
2021-01-09 14:07:56,486 [Listener at 127.0.0.1/11780] INFO  server.RaftServer (ConfUtils.java:logGet(44)) - raft.rpc.type = GRPC (default)
2021-01-09 14:07:56,486 [Listener at 127.0.0.1/11780] INFO  grpc.GrpcFactory (GrpcFactory.java:checkPooledByteBufAllocatorUseCacheForAllThreads(48)) - PERFORMANCE WARNING: useCacheForAllThreads is true that may cause Netty to create a lot garbage objects and, as a result, trigger GC.
	It is recommended to disable useCacheForAllThreads by setting -Dorg.apache.ratis.thirdparty.io.netty.allocator.useCacheForAllThreads=false in command line.
2021-01-09 14:07:56,486 [Listener at 127.0.0.1/11780] INFO  grpc.GrpcConfigKeys (ConfUtils.java:logGet(44)) - raft.grpc.server.port = 0 (default)
2021-01-09 14:07:56,486 [Listener at 127.0.0.1/11780] INFO  server.GrpcService (ConfUtils.java:logGet(44)) - raft.grpc.message.size.max = 32MB (=33554432) (custom)
2021-01-09 14:07:56,486 [Listener at 127.0.0.1/11780] INFO  server.RaftServerConfigKeys (ConfUtils.java:logGet(44)) - raft.server.log.appender.buffer.byte-limit = 33554432 (custom)
2021-01-09 14:07:56,486 [Listener at 127.0.0.1/11780] INFO  server.GrpcService (ConfUtils.java:logGet(44)) - raft.grpc.flow.control.window = 5MB (=5242880) (custom)
2021-01-09 14:07:56,486 [Listener at 127.0.0.1/11780] INFO  server.RaftServerConfigKeys (ConfUtils.java:logGet(44)) - raft.server.rpc.request.timeout = 60s (custom)
2021-01-09 14:07:56,487 [Listener at 127.0.0.1/11780] INFO  impl.DataStreamServerImpl (ConfUtils.java:logGet(44)) - raft.datastream.type = DISABLED (default)
2021-01-09 14:07:56,487 [Listener at 127.0.0.1/11780] INFO  server.RaftServerConfigKeys (ConfUtils.java:logGet(44)) - raft.server.rpc.slowness.timeout = 300s (custom)
2021-01-09 14:07:56,488 [Listener at 127.0.0.1/11780] INFO  server.RaftServerConfigKeys (ConfUtils.java:logGet(44)) - raft.server.leaderelection.leader.step-down.wait-time = 10s (default)
2021-01-09 14:07:56,488 [org.apache.hadoop.util.JvmPauseMonitor$Monitor@77e6e16d] INFO  util.JvmPauseMonitor (JvmPauseMonitor.java:run(188)) - Starting JVM pause monitor
2021-01-09 14:07:56,488 [Listener at 127.0.0.1/11780] INFO  server.RaftServerConfigKeys (ConfUtils.java:logGet(44)) - raft.server.storage.dir = [/github/workspace/mnt/ozone/hadoop-ozone/integration-test/target/test-dir/MiniOzoneClusterImpl-8961eb2b-7999-4159-8884-2a1a29aa57c4/datanode-1/data/ratis] (custom)
2021-01-09 14:07:56,496 [Listener at 127.0.0.1/11780] INFO  http.BaseHttpServer (BaseHttpServer.java:newHttpServer2BuilderForOzone(207)) - Starting Web-server for hddsDatanode at: http://0.0.0.0:0
2021-01-09 14:07:56,496 [Listener at 127.0.0.1/11780] INFO  http.BaseHttpServer (BaseHttpServer.java:<init>(106)) - Hadoop Security Enabled: false Ozone Security Enabled: false Ozone HTTP Security Enabled: false 
2021-01-09 14:07:56,500 [Listener at 127.0.0.1/11780] INFO  server.AuthenticationFilter (AuthenticationFilter.java:constructSecretProvider(240)) - Unable to initialize FileSignerSecretProvider, falling back to use random secrets.
2021-01-09 14:07:56,500 [Listener at 127.0.0.1/11780] WARN  http.HttpRequestLog (HttpRequestLog.java:getRequestLog(103)) - Jetty request log can only be enabled using Log4j
2021-01-09 14:07:56,502 [Listener at 127.0.0.1/11780] INFO  http.HttpServer2 (HttpServer2.java:addGlobalFilter(1020)) - Added global filter 'safety' (class=org.apache.hadoop.hdds.server.http.HttpServer2$QuotingInputFilter)
2021-01-09 14:07:56,503 [Listener at 127.0.0.1/11780] INFO  http.HttpServer2 (HttpServer2.java:addFilter(996)) - Added filter static_user_filter (class=org.apache.hadoop.http.lib.StaticUserWebFilter$StaticUserFilter) to context hddsDatanode
2021-01-09 14:07:56,503 [Listener at 127.0.0.1/11780] INFO  http.HttpServer2 (HttpServer2.java:addFilter(1004)) - Added filter static_user_filter (class=org.apache.hadoop.http.lib.StaticUserWebFilter$StaticUserFilter) to context static
2021-01-09 14:07:56,503 [Listener at 127.0.0.1/11780] INFO  http.HttpServer2 (HttpServer2.java:addFilter(1004)) - Added filter static_user_filter (class=org.apache.hadoop.http.lib.StaticUserWebFilter$StaticUserFilter) to context logs
2021-01-09 14:07:56,504 [Listener at 127.0.0.1/11780] INFO  http.HttpServer2 (HttpServer2.java:bindListener(1238)) - Jetty bound to port 42623
2021-01-09 14:07:56,504 [Listener at 127.0.0.1/11780] INFO  server.Server (Server.java:doStart(375)) - jetty-9.4.34.v20201102; built: 2020-11-02T14:15:39.302Z; git: e46af88704a893fc12cb0e3bf46e2c7b48a009e7; jvm 1.8.0_232-b09
2021-01-09 14:07:56,662 [Listener at 127.0.0.1/11780] INFO  server.session (DefaultSessionIdManager.java:doStart(334)) - DefaultSessionIdManager workerName=node0
2021-01-09 14:07:56,662 [Listener at 127.0.0.1/11780] INFO  server.session (DefaultSessionIdManager.java:doStart(339)) - No SessionScavenger set, using defaults
2021-01-09 14:07:56,662 [Listener at 127.0.0.1/11780] INFO  server.session (HouseKeeper.java:startScavenging(132)) - node0 Scavenging every 660000ms
2021-01-09 14:07:56,665 [Listener at 127.0.0.1/11780] INFO  handler.ContextHandler (ContextHandler.java:doStart(916)) - Started o.e.j.s.ServletContextHandler@3a0c7085{logs,/logs,file:///github/workspace/mnt/ozone/hadoop-ozone/integration-test/target/log,AVAILABLE}
2021-01-09 14:07:56,666 [Listener at 127.0.0.1/11780] INFO  handler.ContextHandler (ContextHandler.java:doStart(916)) - Started o.e.j.s.ServletContextHandler@74285fc9{static,/static,jar:file:/home/user/.m2/repository/org/apache/hadoop/hadoop-hdds-container-service/1.1.0-SNAPSHOT/hadoop-hdds-container-service-1.1.0-SNAPSHOT.jar!/webapps/static,AVAILABLE}
2021-01-09 14:07:56,677 [Thread-137] INFO  impl.FollowerState (FollowerState.java:run(133)) - omNode-2@group-523986131536-FollowerState: change to CANDIDATE, lastRpcElapsedTime:1048887077ns, electionTimeout:1032ms
2021-01-09 14:07:56,683 [Thread-137] INFO  impl.RoleInfo (RoleInfo.java:shutdownFollowerState(108)) - omNode-2: shutdown omNode-2@group-523986131536-FollowerState
2021-01-09 14:07:56,683 [Thread-137] INFO  server.RaftServer$Division (RaftServerImpl.java:setRole(283)) - omNode-2@group-523986131536: changes role from  FOLLOWER to CANDIDATE at term 0 for changeToCandidate
2021-01-09 14:07:56,683 [Thread-137] INFO  impl.RoleInfo (RoleInfo.java:updateAndGet(130)) - omNode-2: start omNode-2@group-523986131536-LeaderElection2
2021-01-09 14:07:56,700 [Datanode State Machine Task Thread - 0] INFO  datanode.InitDatanodeState (InitDatanodeState.java:persistContainerDatanodeDetails(145)) - DatanodeDetails is persisted to /github/workspace/mnt/ozone/hadoop-ozone/integration-test/target/test-dir/MiniOzoneClusterImpl-8961eb2b-7999-4159-8884-2a1a29aa57c4/datanode-0/meta/datanode.id
2021-01-09 14:07:56,702 [omNode-2@group-523986131536-LeaderElection2] INFO  impl.LeaderElection (LeaderElection.java:askForPreVotes(259)) - omNode-2@group-523986131536-LeaderElection2: begin a pre-vote at term 0 for -1: [omNode-3|rpc:localhost:11784|priority:0, omNode-1|rpc:localhost:11772|priority:0, omNode-2|rpc:localhost:11778|priority:0], old=null
2021-01-09 14:07:57,046 [omNode-1@group-523986131536-LeaderElection1] INFO  impl.LeaderElection (LogUtils.java:infoOrTrace(137)) - omNode-1@group-523986131536-LeaderElection1 got exception when requesting votes: java.util.concurrent.ExecutionException: org.apache.ratis.thirdparty.io.grpc.StatusRuntimeException: UNAVAILABLE: io exception
2021-01-09 14:07:57,056 [omNode-2@group-523986131536-LeaderElection2] INFO  impl.LeaderElection (LogUtils.java:infoOrTrace(137)) - omNode-2@group-523986131536-LeaderElection2 got exception when requesting votes: java.util.concurrent.ExecutionException: org.apache.ratis.thirdparty.io.grpc.StatusRuntimeException: UNAVAILABLE: io exception
2021-01-09 14:07:57,068 [Listener at 127.0.0.1/11780] INFO  handler.ContextHandler (ContextHandler.java:doStart(916)) - Started o.e.j.w.WebAppContext@690d808e{hddsDatanode,/,file:///tmp/jetty-0_0_0_0-42623-hadoop-hdds-container-service-1_1_0-SNAPSHOT_jar-_-any-4408228077022292954/webapp/,AVAILABLE}{jar:file:/home/user/.m2/repository/org/apache/hadoop/hadoop-hdds-container-service/1.1.0-SNAPSHOT/hadoop-hdds-container-service-1.1.0-SNAPSHOT.jar!/webapps/hddsDatanode}
2021-01-09 14:07:57,078 [Listener at 127.0.0.1/11780] INFO  server.AbstractConnector (AbstractConnector.java:doStart(331)) - Started ServerConnector@21021779{HTTP/1.1, (http/1.1)}{0.0.0.0:42623}
2021-01-09 14:07:57,078 [Listener at 127.0.0.1/11780] INFO  server.Server (Server.java:doStart(415)) - Started @16529ms
2021-01-09 14:07:57,078 [Listener at 127.0.0.1/11780] WARN  impl.MetricsSystemImpl (MetricsSystemImpl.java:register(276)) - Sink prometheus already exists!
2021-01-09 14:07:57,082 [Listener at 127.0.0.1/11780] INFO  http.BaseHttpServer (BaseHttpServer.java:updateConnectorAddress(327)) - HTTP server of hddsDatanode listening at http://0.0.0.0:42623
2021-01-09 14:07:57,083 [Listener at 127.0.0.1/11780] INFO  impl.MetricsSystemImpl (MetricsSystemImpl.java:init(158)) - HddsDatanode metrics system started (again)
2021-01-09 14:07:57,085 [Listener at 127.0.0.1/11780] INFO  ozone.HddsDatanodeService (HddsDatanodeService.java:start(215)) - HddsDatanodeService host:849aa166ea4e ip:172.17.0.2
2021-01-09 14:07:57,100 [Listener at 127.0.0.1/11780] INFO  volume.HddsVolume (HddsVolume.java:<init>(176)) - Creating Volume: /github/workspace/mnt/ozone/hadoop-ozone/integration-test/target/test-dir/MiniOzoneClusterImpl-8961eb2b-7999-4159-8884-2a1a29aa57c4/datanode-2/data-0/containers/hdds of storage type : DISK and capacity : 9223372036854775807
2021-01-09 14:07:57,100 [Listener at 127.0.0.1/11780] INFO  volume.MutableVolumeSet (MutableVolumeSet.java:initializeVolumeSet(179)) - Added Volume : /github/workspace/mnt/ozone/hadoop-ozone/integration-test/target/test-dir/MiniOzoneClusterImpl-8961eb2b-7999-4159-8884-2a1a29aa57c4/datanode-2/data-0/containers/hdds to VolumeSet
2021-01-09 14:07:57,100 [Listener at 127.0.0.1/11780] INFO  volume.ThrottledAsyncChecker (ThrottledAsyncChecker.java:schedule(141)) - Scheduling a check for /github/workspace/mnt/ozone/hadoop-ozone/integration-test/target/test-dir/MiniOzoneClusterImpl-8961eb2b-7999-4159-8884-2a1a29aa57c4/datanode-2/data-0/containers/hdds
2021-01-09 14:07:57,103 [Listener at 127.0.0.1/11780] INFO  volume.HddsVolumeChecker (HddsVolumeChecker.java:checkAllVolumes(200)) - Scheduled health check for volume /github/workspace/mnt/ozone/hadoop-ozone/integration-test/target/test-dir/MiniOzoneClusterImpl-8961eb2b-7999-4159-8884-2a1a29aa57c4/datanode-2/data-0/containers/hdds
2021-01-09 14:07:57,113 [grpc-default-executor-3] INFO  metrics.RatisMetrics (RatisMetrics.java:lambda$create$0(36)) - Creating Metrics Registry : ratis.server_message_metrics.omNode-2
2021-01-09 14:07:57,129 [org.apache.hadoop.util.JvmPauseMonitor$Monitor@44182ebf] INFO  util.JvmPauseMonitor (JvmPauseMonitor.java:run(188)) - Starting JVM pause monitor
2021-01-09 14:07:57,130 [grpc-default-executor-0] INFO  metrics.RatisMetrics (RatisMetrics.java:lambda$create$0(36)) - Creating Metrics Registry : ratis.server_message_metrics.omNode-1
2021-01-09 14:07:57,133 [grpc-default-executor-0] INFO  server.RaftServer$Division (RaftServerImpl.java:requestPreVote(1060)) - omNode-1@group-523986131536: receive preVote(omNode-2, group-523986131536, 0, (t:0, i:~))
2021-01-09 14:07:57,135 [grpc-default-executor-0] INFO  server.RaftServer$Division (RaftServerImpl.java:requestPreVote(1081)) - omNode-1@group-523986131536 role:CANDIDATE allow pre-vote from:omNode-2
2021-01-09 14:07:57,134 [grpc-default-executor-3] INFO  server.RaftServer$Division (RaftServerImpl.java:requestPreVote(1060)) - omNode-2@group-523986131536: receive preVote(omNode-1, group-523986131536, 0, (t:0, i:~))
2021-01-09 14:07:57,136 [grpc-default-executor-3] INFO  server.RaftServer$Division (RaftServerImpl.java:requestPreVote(1081)) - omNode-2@group-523986131536 role:CANDIDATE allow pre-vote from:omNode-1
2021-01-09 14:07:57,145 [grpc-default-executor-3] INFO  server.RaftServer$Division (RaftServerImpl.java:requestPreVote(1099)) - omNode-2@group-523986131536 replies to pre-vote request: omNode-1<-omNode-2#0:OK-t0. Peer's state: omNode-2@group-523986131536:t0, leader=null, voted=, raftlog=omNode-2@group-523986131536-SegmentedRaftLog:OPENED:c-1,f-1,i0, conf=-1: [omNode-3|rpc:localhost:11784|priority:0, omNode-1|rpc:localhost:11772|priority:0, omNode-2|rpc:localhost:11778|priority:0], old=null
2021-01-09 14:07:57,145 [grpc-default-executor-0] INFO  server.RaftServer$Division (RaftServerImpl.java:requestPreVote(1099)) - omNode-1@group-523986131536 replies to pre-vote request: omNode-2<-omNode-1#0:OK-t0. Peer's state: omNode-1@group-523986131536:t0, leader=null, voted=, raftlog=omNode-1@group-523986131536-SegmentedRaftLog:OPENED:c-1,f-1,i0, conf=-1: [omNode-3|rpc:localhost:11784|priority:0, omNode-1|rpc:localhost:11772|priority:0, omNode-2|rpc:localhost:11778|priority:0], old=null
2021-01-09 14:07:57,152 [Thread-203] INFO  ozoneimpl.ContainerReader (ContainerReader.java:readVolume(123)) - Start to verify containers on volume /github/workspace/mnt/ozone/hadoop-ozone/integration-test/target/test-dir/MiniOzoneClusterImpl-8961eb2b-7999-4159-8884-2a1a29aa57c4/datanode-2/data-0/containers/hdds
2021-01-09 14:07:57,156 [Thread-203] INFO  ozoneimpl.ContainerReader (ContainerReader.java:readVolume(148)) - Finish verifying containers on volume /github/workspace/mnt/ozone/hadoop-ozone/integration-test/target/test-dir/MiniOzoneClusterImpl-8961eb2b-7999-4159-8884-2a1a29aa57c4/datanode-2/data-0/containers/hdds
2021-01-09 14:07:57,157 [Listener at 127.0.0.1/11780] INFO  ozoneimpl.OzoneContainer (OzoneContainer.java:buildContainerSet(206)) - Build ContainerSet costs 0s
2021-01-09 14:07:57,159 [Datanode State Machine Task Thread - 0] INFO  datanode.InitDatanodeState (InitDatanodeState.java:persistContainerDatanodeDetails(145)) - DatanodeDetails is persisted to /github/workspace/mnt/ozone/hadoop-ozone/integration-test/target/test-dir/MiniOzoneClusterImpl-8961eb2b-7999-4159-8884-2a1a29aa57c4/datanode-1/meta/datanode.id
2021-01-09 14:07:57,169 [omNode-1@group-523986131536-LeaderElection1] INFO  impl.LeaderElection (LeaderElection.java:logAndReturn(68)) - omNode-1@group-523986131536-LeaderElection1: Pre-vote  PASSED received 1 response(s):[omNode-1<-omNode-2#0:OK-t0]
2021-01-09 14:07:57,170 [omNode-1@group-523986131536-LeaderElection1] INFO  impl.LeaderElection (LogUtils.java:infoOrTrace(137)) -   Exception 0: java.util.concurrent.ExecutionException: org.apache.ratis.thirdparty.io.grpc.StatusRuntimeException: UNAVAILABLE: io exception
2021-01-09 14:07:57,170 [omNode-1@group-523986131536-LeaderElection1] INFO  impl.LeaderElection (LeaderElection.java:askForPreVotes(261)) - omNode-1@group-523986131536-LeaderElection1 pre-vote result is PASSED.
2021-01-09 14:07:57,171 [omNode-2@group-523986131536-LeaderElection2] INFO  impl.LeaderElection (LeaderElection.java:logAndReturn(68)) - omNode-2@group-523986131536-LeaderElection2: Pre-vote  PASSED received 1 response(s):[omNode-2<-omNode-1#0:OK-t0]
2021-01-09 14:07:57,171 [omNode-2@group-523986131536-LeaderElection2] INFO  impl.LeaderElection (LogUtils.java:infoOrTrace(137)) -   Exception 0: java.util.concurrent.ExecutionException: org.apache.ratis.thirdparty.io.grpc.StatusRuntimeException: UNAVAILABLE: io exception
2021-01-09 14:07:57,171 [omNode-2@group-523986131536-LeaderElection2] INFO  impl.LeaderElection (LeaderElection.java:askForPreVotes(261)) - omNode-2@group-523986131536-LeaderElection2 pre-vote result is PASSED.
2021-01-09 14:07:57,171 [Listener at 127.0.0.1/11780] INFO  server.RaftServer (ConfUtils.java:logGet(44)) - raft.rpc.type = GRPC (default)
2021-01-09 14:07:57,172 [Listener at 127.0.0.1/11780] INFO  grpc.GrpcFactory (GrpcFactory.java:checkPooledByteBufAllocatorUseCacheForAllThreads(48)) - PERFORMANCE WARNING: useCacheForAllThreads is true that may cause Netty to create a lot garbage objects and, as a result, trigger GC.
	It is recommended to disable useCacheForAllThreads by setting -Dorg.apache.ratis.thirdparty.io.netty.allocator.useCacheForAllThreads=false in command line.
2021-01-09 14:07:57,172 [Listener at 127.0.0.1/11780] INFO  grpc.GrpcConfigKeys (ConfUtils.java:logGet(44)) - raft.grpc.server.port = 0 (default)
2021-01-09 14:07:57,172 [omNode-2@group-523986131536-LeaderElection2] INFO  impl.LeaderElection (LeaderElection.java:askForVotes(308)) - omNode-2@group-523986131536-LeaderElection2: begin an election at term 1 for -1: [omNode-3|rpc:localhost:11784|priority:0, omNode-1|rpc:localhost:11772|priority:0, omNode-2|rpc:localhost:11778|priority:0], old=null
2021-01-09 14:07:57,172 [Listener at 127.0.0.1/11780] INFO  server.GrpcService (ConfUtils.java:logGet(44)) - raft.grpc.message.size.max = 32MB (=33554432) (custom)
2021-01-09 14:07:57,173 [omNode-1@group-523986131536-LeaderElection1] INFO  impl.LeaderElection (LeaderElection.java:askForVotes(308)) - omNode-1@group-523986131536-LeaderElection1: begin an election at term 1 for -1: [omNode-3|rpc:localhost:11784|priority:0, omNode-1|rpc:localhost:11772|priority:0, omNode-2|rpc:localhost:11778|priority:0], old=null
2021-01-09 14:07:57,173 [omNode-2@group-523986131536-LeaderElection2] INFO  impl.LeaderElection (LogUtils.java:infoOrTrace(137)) - omNode-2@group-523986131536-LeaderElection2 got exception when requesting votes: java.util.concurrent.ExecutionException: org.apache.ratis.thirdparty.io.grpc.StatusRuntimeException: UNAVAILABLE: io exception
2021-01-09 14:07:57,174 [omNode-1@group-523986131536-LeaderElection1] INFO  impl.LeaderElection (LogUtils.java:infoOrTrace(137)) - omNode-1@group-523986131536-LeaderElection1 got exception when requesting votes: java.util.concurrent.ExecutionException: org.apache.ratis.thirdparty.io.grpc.StatusRuntimeException: UNAVAILABLE: io exception
2021-01-09 14:07:57,173 [Listener at 127.0.0.1/11780] INFO  server.RaftServerConfigKeys (ConfUtils.java:logGet(44)) - raft.server.log.appender.buffer.byte-limit = 33554432 (custom)
2021-01-09 14:07:57,178 [Listener at 127.0.0.1/11780] INFO  server.GrpcService (ConfUtils.java:logGet(44)) - raft.grpc.flow.control.window = 5MB (=5242880) (custom)
2021-01-09 14:07:57,179 [Listener at 127.0.0.1/11780] INFO  server.RaftServerConfigKeys (ConfUtils.java:logGet(44)) - raft.server.rpc.request.timeout = 60s (custom)
2021-01-09 14:07:57,181 [omNode-2@group-523986131536-LeaderElection2] INFO  impl.LeaderElection (LeaderElection.java:logAndReturn(68)) - omNode-2@group-523986131536-LeaderElection2: Election  REJECTED received 1 response(s):[omNode-2<-omNode-1#0:FAIL-t1]
2021-01-09 14:07:57,181 [omNode-2@group-523986131536-LeaderElection2] INFO  impl.LeaderElection (LogUtils.java:infoOrTrace(137)) -   Exception 0: java.util.concurrent.ExecutionException: org.apache.ratis.thirdparty.io.grpc.StatusRuntimeException: UNAVAILABLE: io exception
2021-01-09 14:07:57,182 [omNode-2@group-523986131536-LeaderElection2] INFO  server.RaftServer$Division (RaftServerImpl.java:setRole(283)) - omNode-2@group-523986131536: changes role from CANDIDATE to FOLLOWER at term 1 for DISCOVERED_A_NEW_TERM
2021-01-09 14:07:57,182 [omNode-2@group-523986131536-LeaderElection2] INFO  impl.RoleInfo (RoleInfo.java:shutdownLeaderElection(121)) - omNode-2: shutdown omNode-2@group-523986131536-LeaderElection2
2021-01-09 14:07:57,182 [omNode-2@group-523986131536-LeaderElection2] INFO  impl.RoleInfo (RoleInfo.java:updateAndGet(130)) - omNode-2: start omNode-2@group-523986131536-FollowerState
2021-01-09 14:07:57,183 [Listener at 127.0.0.1/11780] INFO  impl.DataStreamServerImpl (ConfUtils.java:logGet(44)) - raft.datastream.type = DISABLED (default)
2021-01-09 14:07:57,183 [Listener at 127.0.0.1/11780] INFO  server.RaftServerConfigKeys (ConfUtils.java:logGet(44)) - raft.server.rpc.slowness.timeout = 300s (custom)
2021-01-09 14:07:57,183 [Listener at 127.0.0.1/11780] INFO  server.RaftServerConfigKeys (ConfUtils.java:logGet(44)) - raft.server.leaderelection.leader.step-down.wait-time = 10s (default)
2021-01-09 14:07:57,183 [Listener at 127.0.0.1/11780] INFO  server.RaftServerConfigKeys (ConfUtils.java:logGet(44)) - raft.server.storage.dir = [/github/workspace/mnt/ozone/hadoop-ozone/integration-test/target/test-dir/MiniOzoneClusterImpl-8961eb2b-7999-4159-8884-2a1a29aa57c4/datanode-2/data/ratis] (custom)
2021-01-09 14:07:57,191 [omNode-1@group-523986131536-LeaderElection1] INFO  impl.LeaderElection (LeaderElection.java:logAndReturn(68)) - omNode-1@group-523986131536-LeaderElection1: Election  REJECTED received 1 response(s):[omNode-1<-omNode-2#0:FAIL-t1]
2021-01-09 14:07:57,191 [omNode-1@group-523986131536-LeaderElection1] INFO  impl.LeaderElection (LogUtils.java:infoOrTrace(137)) -   Exception 0: java.util.concurrent.ExecutionException: org.apache.ratis.thirdparty.io.grpc.StatusRuntimeException: UNAVAILABLE: io exception
2021-01-09 14:07:57,191 [omNode-1@group-523986131536-LeaderElection1] INFO  server.RaftServer$Division (RaftServerImpl.java:setRole(283)) - omNode-1@group-523986131536: changes role from CANDIDATE to FOLLOWER at term 1 for DISCOVERED_A_NEW_TERM
2021-01-09 14:07:57,192 [omNode-1@group-523986131536-LeaderElection1] INFO  impl.RoleInfo (RoleInfo.java:shutdownLeaderElection(121)) - omNode-1: shutdown omNode-1@group-523986131536-LeaderElection1
2021-01-09 14:07:57,192 [omNode-1@group-523986131536-LeaderElection1] INFO  impl.RoleInfo (RoleInfo.java:updateAndGet(130)) - omNode-1: start omNode-1@group-523986131536-FollowerState
2021-01-09 14:07:57,193 [Listener at 127.0.0.1/11780] INFO  http.BaseHttpServer (BaseHttpServer.java:newHttpServer2BuilderForOzone(207)) - Starting Web-server for hddsDatanode at: http://0.0.0.0:0
2021-01-09 14:07:57,193 [Listener at 127.0.0.1/11780] INFO  http.BaseHttpServer (BaseHttpServer.java:<init>(106)) - Hadoop Security Enabled: false Ozone Security Enabled: false Ozone HTTP Security Enabled: false 
2021-01-09 14:07:57,194 [Listener at 127.0.0.1/11780] INFO  server.AuthenticationFilter (AuthenticationFilter.java:constructSecretProvider(240)) - Unable to initialize FileSignerSecretProvider, falling back to use random secrets.
2021-01-09 14:07:57,200 [Listener at 127.0.0.1/11780] WARN  http.HttpRequestLog (HttpRequestLog.java:getRequestLog(103)) - Jetty request log can only be enabled using Log4j
2021-01-09 14:07:57,201 [Listener at 127.0.0.1/11780] INFO  http.HttpServer2 (HttpServer2.java:addGlobalFilter(1020)) - Added global filter 'safety' (class=org.apache.hadoop.hdds.server.http.HttpServer2$QuotingInputFilter)
2021-01-09 14:07:57,201 [Listener at 127.0.0.1/11780] INFO  http.HttpServer2 (HttpServer2.java:addFilter(996)) - Added filter static_user_filter (class=org.apache.hadoop.http.lib.StaticUserWebFilter$StaticUserFilter) to context hddsDatanode
2021-01-09 14:07:57,202 [Listener at 127.0.0.1/11780] INFO  http.HttpServer2 (HttpServer2.java:addFilter(1004)) - Added filter static_user_filter (class=org.apache.hadoop.http.lib.StaticUserWebFilter$StaticUserFilter) to context static
2021-01-09 14:07:57,202 [Listener at 127.0.0.1/11780] INFO  http.HttpServer2 (HttpServer2.java:addFilter(1004)) - Added filter static_user_filter (class=org.apache.hadoop.http.lib.StaticUserWebFilter$StaticUserFilter) to context logs
2021-01-09 14:07:57,202 [Listener at 127.0.0.1/11780] INFO  http.HttpServer2 (HttpServer2.java:bindListener(1238)) - Jetty bound to port 43195
2021-01-09 14:07:57,202 [Listener at 127.0.0.1/11780] INFO  server.Server (Server.java:doStart(375)) - jetty-9.4.34.v20201102; built: 2020-11-02T14:15:39.302Z; git: e46af88704a893fc12cb0e3bf46e2c7b48a009e7; jvm 1.8.0_232-b09
2021-01-09 14:07:57,207 [Listener at 127.0.0.1/11780] INFO  server.session (DefaultSessionIdManager.java:doStart(334)) - DefaultSessionIdManager workerName=node0
2021-01-09 14:07:57,207 [Listener at 127.0.0.1/11780] INFO  server.session (DefaultSessionIdManager.java:doStart(339)) - No SessionScavenger set, using defaults
2021-01-09 14:07:57,207 [Listener at 127.0.0.1/11780] INFO  server.session (HouseKeeper.java:startScavenging(132)) - node0 Scavenging every 600000ms
2021-01-09 14:07:57,208 [Listener at 127.0.0.1/11780] INFO  handler.ContextHandler (ContextHandler.java:doStart(916)) - Started o.e.j.s.ServletContextHandler@11dbbf44{logs,/logs,file:///github/workspace/mnt/ozone/hadoop-ozone/integration-test/target/log,AVAILABLE}
2021-01-09 14:07:57,208 [Listener at 127.0.0.1/11780] INFO  handler.ContextHandler (ContextHandler.java:doStart(916)) - Started o.e.j.s.ServletContextHandler@5905aac8{static,/static,jar:file:/home/user/.m2/repository/org/apache/hadoop/hadoop-hdds-container-service/1.1.0-SNAPSHOT/hadoop-hdds-container-service-1.1.0-SNAPSHOT.jar!/webapps/static,AVAILABLE}
2021-01-09 14:07:57,368 [Listener at 127.0.0.1/11780] INFO  handler.ContextHandler (ContextHandler.java:doStart(916)) - Started o.e.j.w.WebAppContext@467942c9{hddsDatanode,/,file:///tmp/jetty-0_0_0_0-43195-hadoop-hdds-container-service-1_1_0-SNAPSHOT_jar-_-any-2776410353418107320/webapp/,AVAILABLE}{jar:file:/home/user/.m2/repository/org/apache/hadoop/hadoop-hdds-container-service/1.1.0-SNAPSHOT/hadoop-hdds-container-service-1.1.0-SNAPSHOT.jar!/webapps/hddsDatanode}
2021-01-09 14:07:57,369 [Listener at 127.0.0.1/11780] INFO  server.AbstractConnector (AbstractConnector.java:doStart(331)) - Started ServerConnector@ce8cef2{HTTP/1.1, (http/1.1)}{0.0.0.0:43195}
2021-01-09 14:07:57,369 [Listener at 127.0.0.1/11780] INFO  server.Server (Server.java:doStart(415)) - Started @16820ms
2021-01-09 14:07:57,369 [Listener at 127.0.0.1/11780] WARN  impl.MetricsSystemImpl (MetricsSystemImpl.java:register(276)) - Sink prometheus already exists!
2021-01-09 14:07:58,244 [Thread-209] INFO  impl.FollowerState (FollowerState.java:run(133)) - omNode-1@group-523986131536-FollowerState: change to CANDIDATE, lastRpcElapsedTime:1052084391ns, electionTimeout:1044ms
2021-01-09 14:07:58,244 [Thread-209] INFO  impl.RoleInfo (RoleInfo.java:shutdownFollowerState(108)) - omNode-1: shutdown omNode-1@group-523986131536-FollowerState
2021-01-09 14:07:58,244 [Thread-209] INFO  server.RaftServer$Division (RaftServerImpl.java:setRole(283)) - omNode-1@group-523986131536: changes role from  FOLLOWER to CANDIDATE at term 1 for changeToCandidate
2021-01-09 14:07:58,271 [Thread-209] INFO  impl.RoleInfo (RoleInfo.java:updateAndGet(130)) - omNode-1: start omNode-1@group-523986131536-LeaderElection3
2021-01-09 14:07:58,272 [omNode-1@group-523986131536-LeaderElection3] INFO  impl.LeaderElection (LeaderElection.java:askForPreVotes(259)) - omNode-1@group-523986131536-LeaderElection3: begin a pre-vote at term 1 for -1: [omNode-3|rpc:localhost:11784|priority:0, omNode-1|rpc:localhost:11772|priority:0, omNode-2|rpc:localhost:11778|priority:0], old=null
2021-01-09 14:07:58,286 [Thread-208] INFO  impl.FollowerState (FollowerState.java:run(133)) - omNode-2@group-523986131536-FollowerState: change to CANDIDATE, lastRpcElapsedTime:1103728332ns, electionTimeout:1095ms
2021-01-09 14:07:58,286 [Thread-208] INFO  impl.RoleInfo (RoleInfo.java:shutdownFollowerState(108)) - omNode-2: shutdown omNode-2@group-523986131536-FollowerState
2021-01-09 14:07:58,286 [Thread-208] INFO  server.RaftServer$Division (RaftServerImpl.java:setRole(283)) - omNode-2@group-523986131536: changes role from  FOLLOWER to CANDIDATE at term 1 for changeToCandidate
2021-01-09 14:07:58,286 [Thread-208] INFO  impl.RoleInfo (RoleInfo.java:updateAndGet(130)) - omNode-2: start omNode-2@group-523986131536-LeaderElection4
2021-01-09 14:07:58,292 [omNode-2@group-523986131536-LeaderElection4] INFO  impl.LeaderElection (LeaderElection.java:askForPreVotes(259)) - omNode-2@group-523986131536-LeaderElection4: begin a pre-vote at term 1 for -1: [omNode-3|rpc:localhost:11784|priority:0, omNode-1|rpc:localhost:11772|priority:0, omNode-2|rpc:localhost:11778|priority:0], old=null
2021-01-09 14:07:58,292 [omNode-1@group-523986131536-LeaderElection3] INFO  impl.LeaderElection (LogUtils.java:infoOrTrace(137)) - omNode-1@group-523986131536-LeaderElection3 got exception when requesting votes: java.util.concurrent.ExecutionException: org.apache.ratis.thirdparty.io.grpc.StatusRuntimeException: UNAVAILABLE: io exception
2021-01-09 14:07:58,311 [omNode-2@group-523986131536-LeaderElection4] INFO  impl.LeaderElection (LogUtils.java:infoOrTrace(137)) - omNode-2@group-523986131536-LeaderElection4 got exception when requesting votes: java.util.concurrent.ExecutionException: org.apache.ratis.thirdparty.io.grpc.StatusRuntimeException: UNAVAILABLE: io exception
2021-01-09 14:07:58,319 [grpc-default-executor-3] INFO  server.RaftServer$Division (RaftServerImpl.java:requestPreVote(1060)) - omNode-2@group-523986131536: receive preVote(omNode-1, group-523986131536, 1, (t:0, i:~))
2021-01-09 14:07:58,319 [grpc-default-executor-3] INFO  server.RaftServer$Division (RaftServerImpl.java:requestPreVote(1081)) - omNode-2@group-523986131536 role:CANDIDATE allow pre-vote from:omNode-1
2021-01-09 14:07:58,319 [grpc-default-executor-3] INFO  server.RaftServer$Division (RaftServerImpl.java:requestPreVote(1099)) - omNode-2@group-523986131536 replies to pre-vote request: omNode-1<-omNode-2#0:OK-t1. Peer's state: omNode-2@group-523986131536:t1, leader=null, voted=omNode-2, raftlog=omNode-2@group-523986131536-SegmentedRaftLog:OPENED:c-1,f-1,i0, conf=-1: [omNode-3|rpc:localhost:11784|priority:0, omNode-1|rpc:localhost:11772|priority:0, omNode-2|rpc:localhost:11778|priority:0], old=null
2021-01-09 14:07:58,329 [omNode-1@group-523986131536-LeaderElection3] INFO  impl.LeaderElection (LeaderElection.java:logAndReturn(68)) - omNode-1@group-523986131536-LeaderElection3: Pre-vote  PASSED received 1 response(s):[omNode-1<-omNode-2#0:OK-t1]
2021-01-09 14:07:58,329 [omNode-1@group-523986131536-LeaderElection3] INFO  impl.LeaderElection (LogUtils.java:infoOrTrace(137)) -   Exception 0: java.util.concurrent.ExecutionException: org.apache.ratis.thirdparty.io.grpc.StatusRuntimeException: UNAVAILABLE: io exception
2021-01-09 14:07:58,329 [omNode-1@group-523986131536-LeaderElection3] INFO  impl.LeaderElection (LeaderElection.java:askForPreVotes(261)) - omNode-1@group-523986131536-LeaderElection3 pre-vote result is PASSED.
2021-01-09 14:07:58,329 [grpc-default-executor-3] INFO  server.RaftServer$Division (RaftServerImpl.java:requestPreVote(1060)) - omNode-1@group-523986131536: receive preVote(omNode-2, group-523986131536, 1, (t:0, i:~))
2021-01-09 14:07:58,331 [omNode-1@group-523986131536-LeaderElection3] INFO  impl.LeaderElection (LeaderElection.java:askForVotes(308)) - omNode-1@group-523986131536-LeaderElection3: begin an election at term 2 for -1: [omNode-3|rpc:localhost:11784|priority:0, omNode-1|rpc:localhost:11772|priority:0, omNode-2|rpc:localhost:11778|priority:0], old=null
2021-01-09 14:07:58,332 [grpc-default-executor-3] INFO  server.RaftServer$Division (RaftServerImpl.java:requestPreVote(1081)) - omNode-1@group-523986131536 role:CANDIDATE allow pre-vote from:omNode-2
2021-01-09 14:07:58,332 [grpc-default-executor-3] INFO  server.RaftServer$Division (RaftServerImpl.java:requestPreVote(1099)) - omNode-1@group-523986131536 replies to pre-vote request: omNode-2<-omNode-1#0:OK-t2. Peer's state: omNode-1@group-523986131536:t2, leader=null, voted=omNode-1, raftlog=omNode-1@group-523986131536-SegmentedRaftLog:OPENED:c-1,f-1,i0, conf=-1: [omNode-3|rpc:localhost:11784|priority:0, omNode-1|rpc:localhost:11772|priority:0, omNode-2|rpc:localhost:11778|priority:0], old=null
2021-01-09 14:07:58,332 [omNode-1@group-523986131536-LeaderElection3] INFO  impl.LeaderElection (LogUtils.java:infoOrTrace(137)) - omNode-1@group-523986131536-LeaderElection3 got exception when requesting votes: java.util.concurrent.ExecutionException: org.apache.ratis.thirdparty.io.grpc.StatusRuntimeException: UNAVAILABLE: io exception
2021-01-09 14:07:58,340 [omNode-2@group-523986131536-LeaderElection4] INFO  impl.LeaderElection (LeaderElection.java:logAndReturn(68)) - omNode-2@group-523986131536-LeaderElection4: Pre-vote  PASSED received 1 response(s):[omNode-2<-omNode-1#0:OK-t2]
2021-01-09 14:07:58,340 [omNode-2@group-523986131536-LeaderElection4] INFO  impl.LeaderElection (LogUtils.java:infoOrTrace(137)) -   Exception 0: java.util.concurrent.ExecutionException: org.apache.ratis.thirdparty.io.grpc.StatusRuntimeException: UNAVAILABLE: io exception
2021-01-09 14:07:58,340 [omNode-2@group-523986131536-LeaderElection4] INFO  impl.LeaderElection (LeaderElection.java:askForPreVotes(261)) - omNode-2@group-523986131536-LeaderElection4 pre-vote result is PASSED.
2021-01-09 14:07:58,342 [omNode-2@group-523986131536-LeaderElection4] INFO  impl.LeaderElection (LeaderElection.java:askForVotes(308)) - omNode-2@group-523986131536-LeaderElection4: begin an election at term 2 for -1: [omNode-3|rpc:localhost:11784|priority:0, omNode-1|rpc:localhost:11772|priority:0, omNode-2|rpc:localhost:11778|priority:0], old=null
2021-01-09 14:07:58,345 [omNode-2@group-523986131536-LeaderElection4] INFO  impl.LeaderElection (LogUtils.java:infoOrTrace(137)) - omNode-2@group-523986131536-LeaderElection4 got exception when requesting votes: java.util.concurrent.ExecutionException: org.apache.ratis.thirdparty.io.grpc.StatusRuntimeException: UNAVAILABLE: io exception
2021-01-09 14:07:58,351 [omNode-1@group-523986131536-LeaderElection3] INFO  impl.LeaderElection (LeaderElection.java:logAndReturn(68)) - omNode-1@group-523986131536-LeaderElection3: Election  REJECTED received 1 response(s):[omNode-1<-omNode-2#0:FAIL-t2]
2021-01-09 14:07:58,351 [omNode-1@group-523986131536-LeaderElection3] INFO  impl.LeaderElection (LogUtils.java:infoOrTrace(137)) -   Exception 0: java.util.concurrent.ExecutionException: org.apache.ratis.thirdparty.io.grpc.StatusRuntimeException: UNAVAILABLE: io exception
2021-01-09 14:07:58,351 [omNode-1@group-523986131536-LeaderElection3] INFO  server.RaftServer$Division (RaftServerImpl.java:setRole(283)) - omNode-1@group-523986131536: changes role from CANDIDATE to FOLLOWER at term 2 for DISCOVERED_A_NEW_TERM
2021-01-09 14:07:58,351 [omNode-1@group-523986131536-LeaderElection3] INFO  impl.RoleInfo (RoleInfo.java:shutdownLeaderElection(121)) - omNode-1: shutdown omNode-1@group-523986131536-LeaderElection3
2021-01-09 14:07:58,352 [omNode-1@group-523986131536-LeaderElection3] INFO  impl.RoleInfo (RoleInfo.java:updateAndGet(130)) - omNode-1: start omNode-1@group-523986131536-FollowerState
2021-01-09 14:07:58,357 [omNode-2@group-523986131536-LeaderElection4] INFO  impl.LeaderElection (LeaderElection.java:logAndReturn(68)) - omNode-2@group-523986131536-LeaderElection4: Election  REJECTED received 1 response(s):[omNode-2<-omNode-1#0:FAIL-t2]
2021-01-09 14:07:58,357 [omNode-2@group-523986131536-LeaderElection4] INFO  impl.LeaderElection (LogUtils.java:infoOrTrace(137)) -   Exception 0: java.util.concurrent.ExecutionException: org.apache.ratis.thirdparty.io.grpc.StatusRuntimeException: UNAVAILABLE: io exception
2021-01-09 14:07:58,357 [omNode-2@group-523986131536-LeaderElection4] INFO  server.RaftServer$Division (RaftServerImpl.java:setRole(283)) - omNode-2@group-523986131536: changes role from CANDIDATE to FOLLOWER at term 2 for DISCOVERED_A_NEW_TERM
2021-01-09 14:07:58,357 [omNode-2@group-523986131536-LeaderElection4] INFO  impl.RoleInfo (RoleInfo.java:shutdownLeaderElection(121)) - omNode-2: shutdown omNode-2@group-523986131536-LeaderElection4
2021-01-09 14:07:58,357 [omNode-2@group-523986131536-LeaderElection4] INFO  impl.RoleInfo (RoleInfo.java:updateAndGet(130)) - omNode-2: start omNode-2@group-523986131536-FollowerState
2021-01-09 14:07:58,538 [EndpointStateMachine task thread for /0.0.0.0:43739 - 0 ] INFO  ozoneimpl.OzoneContainer (OzoneContainer.java:start(255)) - Attempting to start container services.
2021-01-09 14:07:58,539 [EndpointStateMachine task thread for /0.0.0.0:43739 - 0 ] INFO  ozoneimpl.OzoneContainer (OzoneContainer.java:startContainerScrub(219)) - Background container scanner has been disabled.
2021-01-09 14:07:58,541 [EndpointStateMachine task thread for /0.0.0.0:43739 - 0 ] INFO  replication.ReplicationServer (ReplicationServer.java:start(111)) - ReplicationServer is started using port 44131
2021-01-09 14:07:58,542 [EndpointStateMachine task thread for /0.0.0.0:43739 - 0 ] INFO  ratis.XceiverServerRatis (XceiverServerRatis.java:start(455)) - Starting XceiverServerRatis 470fbf9d-806e-42f0-a865-c68422311eea at port 0
2021-01-09 14:07:58,542 [EndpointStateMachine task thread for /0.0.0.0:43739 - 0 ] INFO  server.RaftServer (RaftServerProxy.java:lambda$start$5(372)) - 470fbf9d-806e-42f0-a865-c68422311eea: start RPC server
2021-01-09 14:07:58,547 [EndpointStateMachine task thread for /0.0.0.0:43739 - 0 ] INFO  server.GrpcService (GrpcService.java:startImpl(176)) - 470fbf9d-806e-42f0-a865-c68422311eea: GrpcService started, listening on 0.0.0.0/0.0.0.0:41015
2021-01-09 14:07:58,551 [EndpointStateMachine task thread for /0.0.0.0:43739 - 0 ] INFO  ratis.XceiverServerRatis (XceiverServerRatis.java:start(467)) - XceiverServerRatis 470fbf9d-806e-42f0-a865-c68422311eea is started using port 41015
2021-01-09 14:07:58,557 [org.apache.ratis.util.JvmPauseMonitor$$Lambda$305/1107501547@6b5e132b] INFO  util.JvmPauseMonitor (JvmPauseMonitor.java:run(103)) - JvmPauseMonitor-470fbf9d-806e-42f0-a865-c68422311eea: Started
2021-01-09 14:07:58,558 [EndpointStateMachine task thread for /0.0.0.0:43739 - 0 ] INFO  server.XceiverServerGrpc (XceiverServerGrpc.java:start(139)) - XceiverServerGrpc 470fbf9d-806e-42f0-a865-c68422311eea is started using port 40821
2021-01-09 14:07:59,127 [EndpointStateMachine task thread for /0.0.0.0:43739 - 0 ] INFO  ozoneimpl.OzoneContainer (OzoneContainer.java:start(255)) - Attempting to start container services.
2021-01-09 14:07:59,129 [EndpointStateMachine task thread for /0.0.0.0:43739 - 0 ] INFO  ozoneimpl.OzoneContainer (OzoneContainer.java:startContainerScrub(219)) - Background container scanner has been disabled.
2021-01-09 14:07:59,131 [EndpointStateMachine task thread for /0.0.0.0:43739 - 0 ] INFO  replication.ReplicationServer (ReplicationServer.java:start(111)) - ReplicationServer is started using port 34505
2021-01-09 14:07:59,131 [EndpointStateMachine task thread for /0.0.0.0:43739 - 0 ] INFO  ratis.XceiverServerRatis (XceiverServerRatis.java:start(455)) - Starting XceiverServerRatis 3325cc50-49b5-4605-b753-fe51c7c4e469 at port 0
2021-01-09 14:07:59,133 [EndpointStateMachine task thread for /0.0.0.0:43739 - 0 ] INFO  server.RaftServer (RaftServerProxy.java:lambda$start$5(372)) - 3325cc50-49b5-4605-b753-fe51c7c4e469: start RPC server
2021-01-09 14:07:59,135 [EndpointStateMachine task thread for /0.0.0.0:43739 - 0 ] INFO  server.GrpcService (GrpcService.java:startImpl(176)) - 3325cc50-49b5-4605-b753-fe51c7c4e469: GrpcService started, listening on 0.0.0.0/0.0.0.0:45501
2021-01-09 14:07:59,135 [EndpointStateMachine task thread for /0.0.0.0:43739 - 0 ] INFO  ratis.XceiverServerRatis (XceiverServerRatis.java:start(467)) - XceiverServerRatis 3325cc50-49b5-4605-b753-fe51c7c4e469 is started using port 45501
2021-01-09 14:07:59,135 [org.apache.ratis.util.JvmPauseMonitor$$Lambda$305/1107501547@6d993f39] INFO  util.JvmPauseMonitor (JvmPauseMonitor.java:run(103)) - JvmPauseMonitor-3325cc50-49b5-4605-b753-fe51c7c4e469: Started
2021-01-09 14:07:59,136 [EndpointStateMachine task thread for /0.0.0.0:43739 - 0 ] INFO  server.XceiverServerGrpc (XceiverServerGrpc.java:start(139)) - XceiverServerGrpc 3325cc50-49b5-4605-b753-fe51c7c4e469 is started using port 39115
2021-01-09 14:07:59,410 [Thread-228] INFO  impl.FollowerState (FollowerState.java:run(133)) - omNode-1@group-523986131536-FollowerState: change to CANDIDATE, lastRpcElapsedTime:1057981419ns, electionTimeout:1054ms
2021-01-09 14:07:59,410 [Thread-228] INFO  impl.RoleInfo (RoleInfo.java:shutdownFollowerState(108)) - omNode-1: shutdown omNode-1@group-523986131536-FollowerState
2021-01-09 14:07:59,410 [Thread-228] INFO  server.RaftServer$Division (RaftServerImpl.java:setRole(283)) - omNode-1@group-523986131536: changes role from  FOLLOWER to CANDIDATE at term 2 for changeToCandidate
2021-01-09 14:07:59,410 [Thread-228] INFO  impl.RoleInfo (RoleInfo.java:updateAndGet(130)) - omNode-1: start omNode-1@group-523986131536-LeaderElection5
2021-01-09 14:07:59,413 [omNode-1@group-523986131536-LeaderElection5] INFO  impl.LeaderElection (LeaderElection.java:askForPreVotes(259)) - omNode-1@group-523986131536-LeaderElection5: begin a pre-vote at term 2 for -1: [omNode-3|rpc:localhost:11784|priority:0, omNode-1|rpc:localhost:11772|priority:0, omNode-2|rpc:localhost:11778|priority:0], old=null
2021-01-09 14:07:59,417 [omNode-1@group-523986131536-LeaderElection5] INFO  impl.LeaderElection (LogUtils.java:infoOrTrace(137)) - omNode-1@group-523986131536-LeaderElection5 got exception when requesting votes: java.util.concurrent.ExecutionException: org.apache.ratis.thirdparty.io.grpc.StatusRuntimeException: UNAVAILABLE: io exception
2021-01-09 14:07:59,419 [grpc-default-executor-3] INFO  server.RaftServer$Division (RaftServerImpl.java:requestPreVote(1060)) - omNode-2@group-523986131536: receive preVote(omNode-1, group-523986131536, 2, (t:0, i:~))
2021-01-09 14:07:59,419 [grpc-default-executor-3] INFO  server.RaftServer$Division (RaftServerImpl.java:requestPreVote(1081)) - omNode-2@group-523986131536 role: FOLLOWER allow pre-vote from:omNode-1
2021-01-09 14:07:59,421 [grpc-default-executor-3] INFO  server.RaftServer$Division (RaftServerImpl.java:requestPreVote(1099)) - omNode-2@group-523986131536 replies to pre-vote request: omNode-1<-omNode-2#0:OK-t2. Peer's state: omNode-2@group-523986131536:t2, leader=null, voted=omNode-2, raftlog=omNode-2@group-523986131536-SegmentedRaftLog:OPENED:c-1,f-1,i0, conf=-1: [omNode-3|rpc:localhost:11784|priority:0, omNode-1|rpc:localhost:11772|priority:0, omNode-2|rpc:localhost:11778|priority:0], old=null
2021-01-09 14:07:59,431 [omNode-1@group-523986131536-LeaderElection5] INFO  impl.LeaderElection (LeaderElection.java:logAndReturn(68)) - omNode-1@group-523986131536-LeaderElection5: Pre-vote  PASSED received 1 response(s):[omNode-1<-omNode-2#0:OK-t2]
2021-01-09 14:07:59,431 [omNode-1@group-523986131536-LeaderElection5] INFO  impl.LeaderElection (LogUtils.java:infoOrTrace(137)) -   Exception 0: java.util.concurrent.ExecutionException: org.apache.ratis.thirdparty.io.grpc.StatusRuntimeException: UNAVAILABLE: io exception
2021-01-09 14:07:59,431 [omNode-1@group-523986131536-LeaderElection5] INFO  impl.LeaderElection (LeaderElection.java:askForPreVotes(261)) - omNode-1@group-523986131536-LeaderElection5 pre-vote result is PASSED.
2021-01-09 14:07:59,432 [omNode-1@group-523986131536-LeaderElection5] INFO  impl.LeaderElection (LeaderElection.java:askForVotes(308)) - omNode-1@group-523986131536-LeaderElection5: begin an election at term 3 for -1: [omNode-3|rpc:localhost:11784|priority:0, omNode-1|rpc:localhost:11772|priority:0, omNode-2|rpc:localhost:11778|priority:0], old=null
2021-01-09 14:07:59,433 [omNode-1@group-523986131536-LeaderElection5] INFO  impl.LeaderElection (LogUtils.java:infoOrTrace(137)) - omNode-1@group-523986131536-LeaderElection5 got exception when requesting votes: java.util.concurrent.ExecutionException: org.apache.ratis.thirdparty.io.grpc.StatusRuntimeException: UNAVAILABLE: io exception
2021-01-09 14:07:59,436 [grpc-default-executor-3] INFO  server.RaftServer$Division (RaftServerImpl.java:setRole(283)) - omNode-2@group-523986131536: changes role from  FOLLOWER to FOLLOWER at term 3 for recognizeCandidate:omNode-1
2021-01-09 14:07:59,436 [grpc-default-executor-3] INFO  impl.RoleInfo (RoleInfo.java:shutdownFollowerState(108)) - omNode-2: shutdown omNode-2@group-523986131536-FollowerState
2021-01-09 14:07:59,436 [grpc-default-executor-3] INFO  impl.RoleInfo (RoleInfo.java:updateAndGet(130)) - omNode-2: start omNode-2@group-523986131536-FollowerState
2021-01-09 14:07:59,436 [Thread-229] INFO  impl.FollowerState (FollowerState.java:run(142)) - omNode-2@group-523986131536-FollowerState was interrupted: {}
java.lang.InterruptedException: sleep interrupted
	at java.lang.Thread.sleep(Native Method)
	at java.lang.Thread.sleep(Thread.java:340)
	at java.util.concurrent.TimeUnit.sleep(TimeUnit.java:386)
	at org.apache.ratis.util.TimeDuration.sleep(TimeDuration.java:324)
	at org.apache.ratis.util.TimeDuration.sleep(TimeDuration.java:309)
	at org.apache.ratis.server.impl.FollowerState.run(FollowerState.java:117)
2021-01-09 14:07:59,437 [grpc-default-executor-3] INFO  server.RaftServer$Division (RaftServerImpl.java:requestVote(1137)) -  FOLLOWER omNode-2@group-523986131536:t3, leader=null, voted=null, raftlog=omNode-2@group-523986131536-SegmentedRaftLog:OPENED:c-1,f-1,i0, conf=-1: [omNode-3|rpc:localhost:11784|priority:0, omNode-1|rpc:localhost:11772|priority:0, omNode-2|rpc:localhost:11778|priority:0], old=null RUNNING priority:0 candidate:omNode-1|rpc:localhost:11772|priority:0 candidatePriority:0 compare:0
2021-01-09 14:07:59,444 [omNode-1@group-523986131536-LeaderElection5] INFO  impl.LeaderElection (LeaderElection.java:logAndReturn(68)) - omNode-1@group-523986131536-LeaderElection5: Election  PASSED received 1 response(s):[omNode-1<-omNode-2#0:OK-t3]
2021-01-09 14:07:59,444 [omNode-1@group-523986131536-LeaderElection5] INFO  impl.LeaderElection (LogUtils.java:infoOrTrace(137)) -   Exception 0: java.util.concurrent.ExecutionException: org.apache.ratis.thirdparty.io.grpc.StatusRuntimeException: UNAVAILABLE: io exception
2021-01-09 14:07:59,444 [omNode-1@group-523986131536-LeaderElection5] INFO  impl.RoleInfo (RoleInfo.java:shutdownLeaderElection(121)) - omNode-1: shutdown omNode-1@group-523986131536-LeaderElection5
2021-01-09 14:07:59,444 [omNode-1@group-523986131536-LeaderElection5] INFO  server.RaftServer$Division (RaftServerImpl.java:setRole(283)) - omNode-1@group-523986131536: changes role from CANDIDATE to LEADER at term 3 for changeToLeader
2021-01-09 14:07:59,445 [omNode-1@group-523986131536-LeaderElection5] INFO  server.RaftServer$Division (ServerState.java:setLeader(249)) - omNode-1@group-523986131536: change Leader from null to omNode-1 at term 3 for becomeLeader, leader elected after 4156ms
2021-01-09 14:07:59,451 [omNode-1@group-523986131536-LeaderElection5] INFO  server.RaftServerConfigKeys (ConfUtils.java:logGet(44)) - raft.server.staging.catchup.gap = 1000 (default)
2021-01-09 14:07:59,453 [omNode-1@group-523986131536-LeaderElection5] INFO  metrics.RatisMetrics (RatisMetrics.java:lambda$create$0(36)) - Creating Metrics Registry : ratis.log_appender.omNode-1@group-523986131536
2021-01-09 14:07:59,455 [omNode-1@group-523986131536-LeaderElection5] INFO  server.RaftServerConfigKeys (ConfUtils.java:logGet(44)) - raft.server.write.element-limit = 4096 (default)
2021-01-09 14:07:59,455 [omNode-1@group-523986131536-LeaderElection5] INFO  server.RaftServerConfigKeys (ConfUtils.java:logGet(44)) - raft.server.write.byte-limit = 64MB (=67108864) (default)
2021-01-09 14:07:59,460 [omNode-1@group-523986131536-LeaderElection5] INFO  server.RaftServerConfigKeys (ConfUtils.java:logGet(44)) - raft.server.watch.timeout = 10s (default)
2021-01-09 14:07:59,460 [omNode-1@group-523986131536-LeaderElection5] INFO  server.RaftServerConfigKeys (ConfUtils.java:logGet(44)) - raft.server.watch.timeout.denomination = 1s (default)
2021-01-09 14:07:59,461 [omNode-1@group-523986131536-LeaderElection5] INFO  server.RaftServerConfigKeys (ConfUtils.java:logGet(44)) - raft.server.watch.element-limit = 65536 (default)
2021-01-09 14:07:59,470 [omNode-1@group-523986131536-LeaderElection5] INFO  server.RaftServerConfigKeys (ConfUtils.java:logGet(44)) - raft.server.log.appender.snapshot.chunk.size.max = 16MB (=16777216) (default)
2021-01-09 14:07:59,471 [omNode-1@group-523986131536-LeaderElection5] INFO  server.RaftServerConfigKeys (ConfUtils.java:logGet(44)) - raft.server.log.appender.buffer.byte-limit = 33554432 (custom)
2021-01-09 14:07:59,471 [omNode-1@group-523986131536-LeaderElection5] INFO  server.RaftServerConfigKeys (ConfUtils.java:logGet(44)) - raft.server.log.appender.buffer.element-limit = 1024 (custom)
2021-01-09 14:07:59,473 [omNode-1@group-523986131536-LeaderElection5] INFO  grpc.GrpcConfigKeys (ConfUtils.java:logGet(44)) - raft.grpc.server.leader.outstanding.appends.max = 128 (default)
2021-01-09 14:07:59,475 [omNode-1@group-523986131536-LeaderElection5] INFO  server.RaftServerConfigKeys (ConfUtils.java:logGet(44)) - raft.server.rpc.request.timeout = 3000ms (default)
2021-01-09 14:07:59,475 [omNode-1@group-523986131536-LeaderElection5] INFO  server.RaftServerConfigKeys (ConfUtils.java:logGet(44)) - raft.server.log.appender.install.snapshot.enabled = false (custom)
2021-01-09 14:07:59,475 [omNode-1@group-523986131536-LeaderElection5] INFO  metrics.RatisMetrics (RatisMetrics.java:lambda$create$0(36)) - Creating Metrics Registry : ratis_grpc.log_appender.omNode-1@group-523986131536
2021-01-09 14:07:59,479 [omNode-1@group-523986131536-LeaderElection5] INFO  server.RaftServerConfigKeys (ConfUtils.java:logGet(44)) - raft.server.log.appender.snapshot.chunk.size.max = 16MB (=16777216) (default)
2021-01-09 14:07:59,479 [omNode-1@group-523986131536-LeaderElection5] INFO  server.RaftServerConfigKeys (ConfUtils.java:logGet(44)) - raft.server.log.appender.buffer.byte-limit = 33554432 (custom)
2021-01-09 14:07:59,479 [omNode-1@group-523986131536-LeaderElection5] INFO  server.RaftServerConfigKeys (ConfUtils.java:logGet(44)) - raft.server.log.appender.buffer.element-limit = 1024 (custom)
2021-01-09 14:07:59,480 [omNode-1@group-523986131536-LeaderElection5] INFO  grpc.GrpcConfigKeys (ConfUtils.java:logGet(44)) - raft.grpc.server.leader.outstanding.appends.max = 128 (default)
2021-01-09 14:07:59,480 [omNode-1@group-523986131536-LeaderElection5] INFO  server.RaftServerConfigKeys (ConfUtils.java:logGet(44)) - raft.server.rpc.request.timeout = 3000ms (default)
2021-01-09 14:07:59,480 [omNode-1@group-523986131536-LeaderElection5] INFO  server.RaftServerConfigKeys (ConfUtils.java:logGet(44)) - raft.server.log.appender.install.snapshot.enabled = false (custom)
2021-01-09 14:07:59,482 [omNode-1@group-523986131536-LeaderElection5] INFO  impl.RoleInfo (RoleInfo.java:updateAndGet(130)) - omNode-1: start omNode-1@group-523986131536-LeaderStateImpl
2021-01-09 14:07:59,496 [omNode-1@group-523986131536-LeaderElection5] INFO  segmented.SegmentedRaftLogWorker (SegmentedRaftLogWorker.java:startLogSegment(392)) - omNode-1@group-523986131536-SegmentedRaftLogWorker: Starting segment from index:0
2021-01-09 14:07:59,544 [omNode-1@group-523986131536-LeaderElection5] INFO  server.RaftServer$Division (ServerState.java:setRaftConf(368)) - omNode-1@group-523986131536: set configuration 0: [omNode-3|rpc:localhost:11784|dataStream:|priority:0, omNode-1|rpc:localhost:11772|dataStream:|priority:0, omNode-2|rpc:localhost:11778|dataStream:|priority:0], old=null
2021-01-09 14:07:59,736 [org.apache.ratis.util.JvmPauseMonitor$$Lambda$305/1107501547@6d993f39] WARN  util.JvmPauseMonitor (JvmPauseMonitor.java:detectPause(124)) - JvmPauseMonitor-3325cc50-49b5-4605-b753-fe51c7c4e469: Detected pause in JVM or host machine (eg GC): pause of approximately 100796894ns

GC pool 'PS MarkSweep' had collection(s): count=1 time=136ms
GC pool 'PS Scavenge' had collection(s): count=1 time=28ms
2021-01-09 14:07:59,762 [grpc-default-executor-1] INFO  server.RaftServer$Division (ServerState.java:setLeader(249)) - omNode-2@group-523986131536: change Leader from null to omNode-1 at term 3 for appendEntries, leader elected after 4158ms
2021-01-09 14:07:59,767 [grpc-default-executor-3] WARN  server.GrpcLogAppender (LogUtils.java:warn(122)) - omNode-1@group-523986131536->omNode-3-AppendLogResponseHandler: Failed appendEntries: org.apache.ratis.thirdparty.io.grpc.StatusRuntimeException: UNAVAILABLE: io exception
2021-01-09 14:07:59,769 [grpc-default-executor-3] WARN  server.GrpcLogAppender (GrpcLogAppender.java:resetClient(111)) - omNode-1@group-523986131536->omNode-3-GrpcLogAppender: Leader has not got in touch with Follower omNode-1@group-523986131536->omNode-3(c-1,m0,n1, attendVote=true, lastRpcSendTime=13, lastRpcResponseTime=1504) yet, just keep nextIndex unchanged and retry.
2021-01-09 14:07:59,778 [grpc-default-executor-1] INFO  server.RaftServer$Division (ServerState.java:setRaftConf(368)) - omNode-2@group-523986131536: set configuration 0: [omNode-3|rpc:localhost:11784|dataStream:|priority:0, omNode-1|rpc:localhost:11772|dataStream:|priority:0, omNode-2|rpc:localhost:11778|dataStream:|priority:0], old=null
2021-01-09 14:07:59,781 [grpc-default-executor-1] INFO  segmented.SegmentedRaftLogWorker (SegmentedRaftLogWorker.java:startLogSegment(392)) - omNode-2@group-523986131536-SegmentedRaftLogWorker: Starting segment from index:0
2021-01-09 14:07:59,930 [omNode-2@group-523986131536-SegmentedRaftLogWorker] INFO  segmented.SegmentedRaftLogWorker (SegmentedRaftLogWorker.java:execute(599)) - omNode-2@group-523986131536-SegmentedRaftLogWorker: created new log segment /github/workspace/mnt/ozone/hadoop-ozone/integration-test/target/test-dir/MiniOzoneClusterImpl-8961eb2b-7999-4159-8884-2a1a29aa57c4/omNode-2/ratis/c9bc4cf4-3bc3-3c60-a66b-523986131536/current/log_inprogress_0
2021-01-09 14:07:59,930 [omNode-1@group-523986131536-SegmentedRaftLogWorker] INFO  segmented.SegmentedRaftLogWorker (SegmentedRaftLogWorker.java:execute(599)) - omNode-1@group-523986131536-SegmentedRaftLogWorker: created new log segment /github/workspace/mnt/ozone/hadoop-ozone/integration-test/target/test-dir/MiniOzoneClusterImpl-8961eb2b-7999-4159-8884-2a1a29aa57c4/omNode-1/ratis/c9bc4cf4-3bc3-3c60-a66b-523986131536/current/log_inprogress_0
2021-01-09 14:08:00,256 [grpc-default-executor-1] WARN  server.GrpcLogAppender (LogUtils.java:warn(122)) - omNode-1@group-523986131536->omNode-3-AppendLogResponseHandler: Failed appendEntries: org.apache.ratis.thirdparty.io.grpc.StatusRuntimeException: UNAVAILABLE: io exception
2021-01-09 14:08:00,258 [grpc-default-executor-1] WARN  server.GrpcLogAppender (GrpcLogAppender.java:resetClient(111)) - omNode-1@group-523986131536->omNode-3-GrpcLogAppender: Leader has not got in touch with Follower omNode-1@group-523986131536->omNode-3(c-1,m0,n1, attendVote=true, lastRpcSendTime=2, lastRpcResponseTime=1993) yet, just keep nextIndex unchanged and retry.
2021-01-09 14:08:00,543 [IPC Server handler 4 on default port 43739] INFO  net.NetworkTopologyImpl (NetworkTopologyImpl.java:add(111)) - Added a new node: /default-rack/470fbf9d-806e-42f0-a865-c68422311eea
2021-01-09 14:08:00,553 [IPC Server handler 4 on default port 43739] INFO  node.SCMNodeManager (SCMNodeManager.java:register(341)) - Registered Data node : 470fbf9d-806e-42f0-a865-c68422311eea{ip: 172.17.0.2, host: 849aa166ea4e, networkLocation: /default-rack, certSerialId: null, persistedOpState: IN_SERVICE, persistedOpStateExpiryEpochSec: 0}
2021-01-09 14:08:00,582 [RatisPipelineUtilsThread] INFO  pipeline.RatisPipelineProvider (RatisPipelineProvider.java:lambda$create$0(161)) - Sending CreatePipelineCommand for pipeline:PipelineID=50e2d360-a740-44c3-ad36-fc597a5bf4e7 to datanode:470fbf9d-806e-42f0-a865-c68422311eea
2021-01-09 14:08:00,582 [EventQueue-NodeRegistrationContainerReportForDataNodeSafeModeRule] INFO  safemode.SCMSafeModeManager (DataNodeSafeModeRule.java:process(71)) - SCM in safe mode. 1 DataNodes registered, 1 required.
2021-01-09 14:08:00,582 [EventQueue-NodeRegistrationContainerReportForDataNodeSafeModeRule] INFO  safemode.SCMSafeModeManager (SCMSafeModeManager.java:validateSafeModeExitRules(214)) - DataNodeSafeModeRule rule is successfully validated
2021-01-09 14:08:00,582 [EventQueue-NodeRegistrationContainerReportForDataNodeSafeModeRule] INFO  safemode.SCMSafeModeManager (SCMSafeModeManager.java:completePreCheck(242)) - All SCM safe mode pre check rules have passed
2021-01-09 14:08:00,591 [EventQueue-NodeRegistrationContainerReportForContainerSafeModeRule] INFO  safemode.SCMSafeModeManager (SCMSafeModeManager.java:validateSafeModeExitRules(214)) - ContainerSafeModeRule rule is successfully validated
2021-01-09 14:08:00,603 [EventQueue-PipelineReportForOneReplicaPipelineSafeModeRule] INFO  safemode.SCMSafeModeManager (SCMSafeModeManager.java:validateSafeModeExitRules(214)) - AtleastOneDatanodeReportedRule rule is successfully validated
2021-01-09 14:08:00,615 [RatisPipelineUtilsThread] INFO  pipeline.PipelineStateManager (PipelineStateManager.java:addPipeline(54)) - Created pipeline Pipeline[ Id: 50e2d360-a740-44c3-ad36-fc597a5bf4e7, Nodes: 470fbf9d-806e-42f0-a865-c68422311eea{ip: 172.17.0.2, host: 849aa166ea4e, networkLocation: /default-rack, certSerialId: null, persistedOpState: IN_SERVICE, persistedOpStateExpiryEpochSec: 0}, Type:RATIS, Factor:ONE, State:ALLOCATED, leaderId:, CreationTimestamp2021-01-09T14:08:00.578Z]
2021-01-09 14:08:00,618 [RatisPipelineUtilsThread] WARN  pipeline.PipelinePlacementPolicy (PipelinePlacementPolicy.java:filterViableNodes(142)) - Pipeline creation failed due to no sufficient healthy datanodes. Required 3. Found 1.
2021-01-09 14:08:00,756 [grpc-default-executor-1] WARN  server.GrpcLogAppender (LogUtils.java:warn(122)) - omNode-1@group-523986131536->omNode-3-AppendLogResponseHandler: Failed appendEntries: org.apache.ratis.thirdparty.io.grpc.StatusRuntimeException: UNAVAILABLE: io exception
2021-01-09 14:08:00,757 [grpc-default-executor-1] WARN  server.GrpcLogAppender (GrpcLogAppender.java:resetClient(111)) - omNode-1@group-523986131536->omNode-3-GrpcLogAppender: Leader has not got in touch with Follower omNode-1@group-523986131536->omNode-3(c-1,m0,n1, attendVote=true, lastRpcSendTime=501, lastRpcResponseTime=2492) yet, just keep nextIndex unchanged and retry.
2021-01-09 14:08:01,128 [IPC Server handler 2 on default port 43739] INFO  net.NetworkTopologyImpl (NetworkTopologyImpl.java:add(111)) - Added a new node: /default-rack/3325cc50-49b5-4605-b753-fe51c7c4e469
2021-01-09 14:08:01,129 [IPC Server handler 2 on default port 43739] INFO  node.SCMNodeManager (SCMNodeManager.java:register(341)) - Registered Data node : 3325cc50-49b5-4605-b753-fe51c7c4e469{ip: 172.17.0.2, host: 849aa166ea4e, networkLocation: /default-rack, certSerialId: null, persistedOpState: IN_SERVICE, persistedOpStateExpiryEpochSec: 0}
2021-01-09 14:08:01,129 [EventQueue-NodeRegistrationContainerReportForContainerSafeModeRule] INFO  safemode.SCMSafeModeManager (SCMSafeModeManager.java:validateSafeModeExitRules(214)) - ContainerSafeModeRule rule is successfully validated
2021-01-09 14:08:01,129 [EventQueue-PipelineReportForOneReplicaPipelineSafeModeRule] INFO  safemode.SCMSafeModeManager (SCMSafeModeManager.java:validateSafeModeExitRules(214)) - AtleastOneDatanodeReportedRule rule is successfully validated
2021-01-09 14:08:01,129 [EventQueue-NodeRegistrationContainerReportForDataNodeSafeModeRule] INFO  safemode.SCMSafeModeManager (SCMSafeModeManager.java:validateSafeModeExitRules(214)) - DataNodeSafeModeRule rule is successfully validated
2021-01-09 14:08:01,139 [RatisPipelineUtilsThread] INFO  pipeline.RatisPipelineProvider (RatisPipelineProvider.java:lambda$create$0(161)) - Sending CreatePipelineCommand for pipeline:PipelineID=bf7e98a3-a94f-43b8-ac37-58e9d1396586 to datanode:3325cc50-49b5-4605-b753-fe51c7c4e469
2021-01-09 14:08:01,140 [RatisPipelineUtilsThread] INFO  pipeline.PipelineStateManager (PipelineStateManager.java:addPipeline(54)) - Created pipeline Pipeline[ Id: bf7e98a3-a94f-43b8-ac37-58e9d1396586, Nodes: 3325cc50-49b5-4605-b753-fe51c7c4e469{ip: 172.17.0.2, host: 849aa166ea4e, networkLocation: /default-rack, certSerialId: null, persistedOpState: IN_SERVICE, persistedOpStateExpiryEpochSec: 0}, Type:RATIS, Factor:ONE, State:ALLOCATED, leaderId:, CreationTimestamp2021-01-09T14:08:01.139Z]
2021-01-09 14:08:01,140 [RatisPipelineUtilsThread] WARN  pipeline.PipelinePlacementPolicy (PipelinePlacementPolicy.java:filterViableNodes(142)) - Pipeline creation failed due to no sufficient healthy datanodes. Required 3. Found 2.
2021-01-09 14:08:01,262 [grpc-default-executor-1] WARN  server.GrpcLogAppender (LogUtils.java:warn(122)) - omNode-1@group-523986131536->omNode-3-AppendLogResponseHandler: Failed appendEntries: org.apache.ratis.thirdparty.io.grpc.StatusRuntimeException: UNAVAILABLE: io exception
2021-01-09 14:08:01,263 [grpc-default-executor-1] WARN  server.GrpcLogAppender (GrpcLogAppender.java:resetClient(111)) - omNode-1@group-523986131536->omNode-3-GrpcLogAppender: Leader has not got in touch with Follower omNode-1@group-523986131536->omNode-3(c-1,m0,n1, attendVote=true, lastRpcSendTime=0, lastRpcResponseTime=2998) yet, just keep nextIndex unchanged and retry.
2021-01-09 14:08:01,763 [grpc-default-executor-1] WARN  server.GrpcLogAppender (LogUtils.java:warn(122)) - omNode-1@group-523986131536->omNode-3-AppendLogResponseHandler: Failed appendEntries: org.apache.ratis.thirdparty.io.grpc.StatusRuntimeException: UNAVAILABLE: io exception
2021-01-09 14:08:01,764 [grpc-default-executor-1] WARN  server.GrpcLogAppender (GrpcLogAppender.java:resetClient(111)) - omNode-1@group-523986131536->omNode-3-GrpcLogAppender: Leader has not got in touch with Follower omNode-1@group-523986131536->omNode-3(c-1,m0,n1, attendVote=true, lastRpcSendTime=501, lastRpcResponseTime=3499) yet, just keep nextIndex unchanged and retry.
2021-01-09 14:08:02,265 [grpc-default-executor-1] WARN  server.GrpcLogAppender (LogUtils.java:warn(122)) - omNode-1@group-523986131536->omNode-3-AppendLogResponseHandler: Failed appendEntries: org.apache.ratis.thirdparty.io.grpc.StatusRuntimeException: UNAVAILABLE: io exception
2021-01-09 14:08:02,266 [grpc-default-executor-1] WARN  server.GrpcLogAppender (GrpcLogAppender.java:resetClient(111)) - omNode-1@group-523986131536->omNode-3-GrpcLogAppender: Leader has not got in touch with Follower omNode-1@group-523986131536->omNode-3(c-1,m0,n1, attendVote=true, lastRpcSendTime=1, lastRpcResponseTime=4001) yet, just keep nextIndex unchanged and retry.
2021-01-09 14:08:02,377 [Listener at 127.0.0.1/11780] INFO  http.BaseHttpServer (BaseHttpServer.java:updateConnectorAddress(327)) - HTTP server of hddsDatanode listening at http://0.0.0.0:43195
2021-01-09 14:08:02,380 [Listener at 127.0.0.1/11780] INFO  ozone.MiniOzoneClusterImpl (MiniOzoneClusterImpl.java:lambda$waitForClusterToBeReady$0(179)) - Waiting for nodes to be ready. Got 2 of 3 DN Heartbeats.
2021-01-09 14:08:02,380 [Listener at 127.0.0.1/11780] INFO  ozone.MiniOzoneClusterImpl (MiniOzoneClusterImpl.java:lambda$waitForClusterToBeReady$0(182)) - Waiting for cluster to exit safe mode
2021-01-09 14:08:02,400 [Datanode State Machine Task Thread - 0] INFO  datanode.InitDatanodeState (InitDatanodeState.java:persistContainerDatanodeDetails(145)) - DatanodeDetails is persisted to /github/workspace/mnt/ozone/hadoop-ozone/integration-test/target/test-dir/MiniOzoneClusterImpl-8961eb2b-7999-4159-8884-2a1a29aa57c4/datanode-2/meta/datanode.id
2021-01-09 14:08:02,403 [org.apache.hadoop.util.JvmPauseMonitor$Monitor@9cc155e] INFO  util.JvmPauseMonitor (JvmPauseMonitor.java:run(188)) - Starting JVM pause monitor
2021-01-09 14:08:02,765 [grpc-default-executor-1] WARN  server.GrpcLogAppender (LogUtils.java:warn(122)) - omNode-1@group-523986131536->omNode-3-AppendLogResponseHandler: Failed appendEntries: org.apache.ratis.thirdparty.io.grpc.StatusRuntimeException: UNAVAILABLE: io exception
2021-01-09 14:08:02,766 [grpc-default-executor-1] WARN  server.GrpcLogAppender (GrpcLogAppender.java:resetClient(111)) - omNode-1@group-523986131536->omNode-3-GrpcLogAppender: Leader has not got in touch with Follower omNode-1@group-523986131536->omNode-3(c-1,m0,n1, attendVote=true, lastRpcSendTime=0, lastRpcResponseTime=4501) yet, just keep nextIndex unchanged and retry.
2021-01-09 14:08:03,266 [grpc-default-executor-1] WARN  server.GrpcLogAppender (LogUtils.java:warn(122)) - omNode-1@group-523986131536->omNode-3-AppendLogResponseHandler: Failed appendEntries: org.apache.ratis.thirdparty.io.grpc.StatusRuntimeException: UNAVAILABLE: io exception
2021-01-09 14:08:03,269 [grpc-default-executor-1] WARN  server.GrpcLogAppender (GrpcLogAppender.java:resetClient(111)) - omNode-1@group-523986131536->omNode-3-GrpcLogAppender: Leader has not got in touch with Follower omNode-1@group-523986131536->omNode-3(c-1,m0,n1, attendVote=true, lastRpcSendTime=2, lastRpcResponseTime=5004) yet, just keep nextIndex unchanged and retry.
2021-01-09 14:08:03,381 [Listener at 127.0.0.1/11780] INFO  ozone.MiniOzoneClusterImpl (MiniOzoneClusterImpl.java:lambda$waitForClusterToBeReady$0(179)) - Waiting for nodes to be ready. Got 2 of 3 DN Heartbeats.
2021-01-09 14:08:03,381 [Listener at 127.0.0.1/11780] INFO  ozone.MiniOzoneClusterImpl (MiniOzoneClusterImpl.java:lambda$waitForClusterToBeReady$0(182)) - Waiting for cluster to exit safe mode
2021-01-09 14:08:03,505 [Command processor thread] INFO  server.RaftServer (RaftServerProxy.java:addNew(95)) - 470fbf9d-806e-42f0-a865-c68422311eea: addNew group-FC597A5BF4E7:[470fbf9d-806e-42f0-a865-c68422311eea|rpc:172.17.0.2:41015|priority:1] returns group-FC597A5BF4E7:java.util.concurrent.CompletableFuture@1ed3568c[Not completed]
2021-01-09 14:08:03,550 [pool-67-thread-1] INFO  server.RaftServer$Division (RaftServerImpl.java:<init>(179)) - 470fbf9d-806e-42f0-a865-c68422311eea: new RaftServerImpl for group-FC597A5BF4E7:[470fbf9d-806e-42f0-a865-c68422311eea|rpc:172.17.0.2:41015|priority:1] with ContainerStateMachine:uninitialized
2021-01-09 14:08:03,555 [pool-67-thread-1] INFO  server.RaftServerConfigKeys (ConfUtils.java:logGet(44)) - raft.server.rpc.timeout.min = 5s (custom)
2021-01-09 14:08:03,556 [pool-67-thread-1] INFO  server.RaftServerConfigKeys (ConfUtils.java:logGet(44)) - raft.server.rpc.timeout.max = 5200ms (custom)
2021-01-09 14:08:03,556 [pool-67-thread-1] INFO  server.RaftServerConfigKeys (ConfUtils.java:logGet(44)) - raft.server.rpc.sleep.time = 25ms (default)
2021-01-09 14:08:03,556 [pool-67-thread-1] INFO  server.RaftServerConfigKeys (ConfUtils.java:logGet(44)) - raft.server.rpc.slowness.timeout = 300s (custom)
2021-01-09 14:08:03,556 [pool-67-thread-1] INFO  server.RaftServerConfigKeys (ConfUtils.java:logGet(44)) - raft.server.leaderelection.leader.step-down.wait-time = 10s (default)
2021-01-09 14:08:03,556 [pool-67-thread-1] INFO  server.RaftServerConfigKeys (ConfUtils.java:logGet(44)) - raft.server.sleep.deviation.threshold = 300ms (default)
2021-01-09 14:08:03,556 [pool-67-thread-1] INFO  server.RaftServerConfigKeys (ConfUtils.java:logGet(44)) - raft.server.log.appender.install.snapshot.enabled = false (custom)
2021-01-09 14:08:03,556 [pool-67-thread-1] INFO  server.RaftServer$Division (ServerState.java:<init>(103)) - 470fbf9d-806e-42f0-a865-c68422311eea@group-FC597A5BF4E7: ConfigurationManager, init=-1: [470fbf9d-806e-42f0-a865-c68422311eea|rpc:172.17.0.2:41015|priority:1], old=null, confs=<EMPTY_MAP>
2021-01-09 14:08:03,556 [pool-67-thread-1] INFO  server.RaftServerConfigKeys (ConfUtils.java:logGet(44)) - raft.server.storage.dir = [/github/workspace/mnt/ozone/hadoop-ozone/integration-test/target/test-dir/MiniOzoneClusterImpl-8961eb2b-7999-4159-8884-2a1a29aa57c4/datanode-0/data/ratis] (custom)
2021-01-09 14:08:03,557 [pool-67-thread-1] INFO  server.RaftServerConfigKeys (ConfUtils.java:logGet(44)) - raft.server.log.corruption.policy = EXCEPTION (default)
2021-01-09 14:08:03,557 [pool-67-thread-1] INFO  storage.RaftStorageDirectory (RaftStorageDirectoryImpl.java:analyzeStorage(132)) - The storage directory /github/workspace/mnt/ozone/hadoop-ozone/integration-test/target/test-dir/MiniOzoneClusterImpl-8961eb2b-7999-4159-8884-2a1a29aa57c4/datanode-0/data/ratis/50e2d360-a740-44c3-ad36-fc597a5bf4e7 does not exist. Creating ...
2021-01-09 14:08:03,558 [pool-67-thread-1] INFO  storage.RaftStorageDirectory (RaftStorageDirectoryImpl.java:tryLock(215)) - Lock on /github/workspace/mnt/ozone/hadoop-ozone/integration-test/target/test-dir/MiniOzoneClusterImpl-8961eb2b-7999-4159-8884-2a1a29aa57c4/datanode-0/data/ratis/50e2d360-a740-44c3-ad36-fc597a5bf4e7/in_use.lock acquired by nodename 13839@849aa166ea4e
2021-01-09 14:08:03,559 [pool-67-thread-1] INFO  storage.RaftStorage (RaftStorageImpl.java:format(87)) - Storage directory /github/workspace/mnt/ozone/hadoop-ozone/integration-test/target/test-dir/MiniOzoneClusterImpl-8961eb2b-7999-4159-8884-2a1a29aa57c4/datanode-0/data/ratis/50e2d360-a740-44c3-ad36-fc597a5bf4e7 has been successfully formatted.
2021-01-09 14:08:03,563 [pool-67-thread-1] INFO  ratis.ContainerStateMachine (ContainerStateMachine.java:loadSnapshot(223)) - group-FC597A5BF4E7: The snapshot info is null. Setting the last applied indexto:(t:0, i:~)
2021-01-09 14:08:03,563 [pool-67-thread-1] ERROR storage.RaftStorage (RaftStorageImpl.java:readRaftConfiguration(147)) - Failed reading configuration from file:/github/workspace/mnt/ozone/hadoop-ozone/integration-test/target/test-dir/MiniOzoneClusterImpl-8961eb2b-7999-4159-8884-2a1a29aa57c4/datanode-0/data/ratis/50e2d360-a740-44c3-ad36-fc597a5bf4e7/current/raft-meta.conf
java.io.FileNotFoundException: /github/workspace/mnt/ozone/hadoop-ozone/integration-test/target/test-dir/MiniOzoneClusterImpl-8961eb2b-7999-4159-8884-2a1a29aa57c4/datanode-0/data/ratis/50e2d360-a740-44c3-ad36-fc597a5bf4e7/current/raft-meta.conf (No such file or directory)
	at java.io.FileInputStream.open0(Native Method)
	at java.io.FileInputStream.open(FileInputStream.java:195)
	at java.io.FileInputStream.<init>(FileInputStream.java:138)
	at org.apache.ratis.server.storage.RaftStorageImpl.readRaftConfiguration(RaftStorageImpl.java:143)
	at org.apache.ratis.server.impl.ServerState.<init>(ServerState.java:113)
	at org.apache.ratis.server.impl.RaftServerImpl.<init>(RaftServerImpl.java:192)
	at org.apache.ratis.server.impl.RaftServerProxy.lambda$newRaftServerImpl$4(RaftServerProxy.java:266)
	at java.util.concurrent.CompletableFuture$AsyncSupply.run(CompletableFuture.java:1604)
	at java.util.concurrent.ThreadPoolExecutor.runWorker(ThreadPoolExecutor.java:1149)
	at java.util.concurrent.ThreadPoolExecutor$Worker.run(ThreadPoolExecutor.java:624)
	at java.lang.Thread.run(Thread.java:748)
2021-01-09 14:08:03,573 [pool-67-thread-1] INFO  server.RaftServerConfigKeys (ConfUtils.java:logGet(44)) - raft.server.notification.no-leader.timeout = 300s (custom)
2021-01-09 14:08:03,574 [pool-67-thread-1] INFO  server.RaftServerConfigKeys (ConfUtils.java:logGet(44)) - raft.server.log.use.memory = false (default)
2021-01-09 14:08:03,574 [pool-67-thread-1] INFO  server.RaftServerConfigKeys (ConfUtils.java:logGet(44)) - raft.server.log.purge.gap = 1000000 (custom)
2021-01-09 14:08:03,574 [pool-67-thread-1] INFO  server.RaftServerConfigKeys (ConfUtils.java:logGet(44)) - raft.server.log.appender.buffer.byte-limit = 33554432 (custom)
2021-01-09 14:08:03,574 [pool-67-thread-1] INFO  metrics.RatisMetrics (RatisMetrics.java:lambda$create$0(36)) - Creating Metrics Registry : ratis.log_worker.470fbf9d-806e-42f0-a865-c68422311eea@group-FC597A5BF4E7
2021-01-09 14:08:03,574 [pool-67-thread-1] INFO  server.RaftServerConfigKeys (ConfUtils.java:logGet(44)) - raft.server.log.segment.size.max = 1048576 (custom)
2021-01-09 14:08:03,574 [pool-67-thread-1] INFO  server.RaftServerConfigKeys (ConfUtils.java:logGet(44)) - raft.server.log.segment.cache.num.max = 2 (custom)
2021-01-09 14:08:03,575 [pool-67-thread-1] INFO  server.RaftServerConfigKeys (ConfUtils.java:logGet(44)) - raft.server.log.segment.cache.size.max = 200MB (=209715200) (default)
2021-01-09 14:08:03,575 [pool-67-thread-1] INFO  segmented.SegmentedRaftLogWorker (SegmentedRaftLogWorker.java:<init>(181)) - new 470fbf9d-806e-42f0-a865-c68422311eea@group-FC597A5BF4E7-SegmentedRaftLogWorker for RaftStorageImpl:Storage Directory /github/workspace/mnt/ozone/hadoop-ozone/integration-test/target/test-dir/MiniOzoneClusterImpl-8961eb2b-7999-4159-8884-2a1a29aa57c4/datanode-0/data/ratis/50e2d360-a740-44c3-ad36-fc597a5bf4e7
2021-01-09 14:08:03,575 [pool-67-thread-1] INFO  server.RaftServerConfigKeys (ConfUtils.java:logGet(44)) - raft.server.log.queue.byte-limit = 2147483647 (custom)
2021-01-09 14:08:03,575 [pool-67-thread-1] INFO  server.RaftServerConfigKeys (ConfUtils.java:logGet(44)) - raft.server.log.queue.element-limit = 1024 (custom)
2021-01-09 14:08:03,575 [pool-67-thread-1] INFO  server.RaftServerConfigKeys (ConfUtils.java:logGet(44)) - raft.server.log.segment.size.max = 1048576 (custom)
2021-01-09 14:08:03,575 [pool-67-thread-1] INFO  server.RaftServerConfigKeys (ConfUtils.java:logGet(44)) - raft.server.log.preallocated.size = 16384 (custom)
2021-01-09 14:08:03,575 [pool-67-thread-1] INFO  server.RaftServerConfigKeys (ConfUtils.java:logGet(44)) - raft.server.log.force.sync.num = 128 (default)
2021-01-09 14:08:03,575 [pool-67-thread-1] INFO  server.RaftServerConfigKeys (ConfUtils.java:logGet(44)) - raft.server.log.statemachine.data.sync = true (default)
2021-01-09 14:08:03,575 [pool-67-thread-1] INFO  server.RaftServerConfigKeys (ConfUtils.java:logGet(44)) - raft.server.log.statemachine.data.sync.timeout = 10s (default)
2021-01-09 14:08:03,575 [pool-67-thread-1] INFO  server.RaftServerConfigKeys (ConfUtils.java:logGet(44)) - raft.server.log.statemachine.data.sync.timeout.retry = -1 (default)
2021-01-09 14:08:03,582 [pool-67-thread-1] INFO  server.RaftServerConfigKeys (ConfUtils.java:logGet(44)) - raft.server.log.write.buffer.size = 1048576 (custom)
2021-01-09 14:08:03,583 [pool-67-thread-1] INFO  server.RaftServerConfigKeys (ConfUtils.java:logGet(44)) - raft.server.log.statemachine.data.caching.enabled = true (custom)
2021-01-09 14:08:03,583 [pool-67-thread-1] INFO  segmented.SegmentedRaftLogWorker (SegmentedRaftLogWorker.java:lambda$new$0(132)) - 470fbf9d-806e-42f0-a865-c68422311eea@group-FC597A5BF4E7-SegmentedRaftLogWorker: flushIndex: setUnconditionally 0 -> -1
2021-01-09 14:08:03,583 [pool-67-thread-1] INFO  segmented.SegmentedRaftLogWorker (SegmentedRaftLogWorker.java:lambda$new$0(132)) - 470fbf9d-806e-42f0-a865-c68422311eea@group-FC597A5BF4E7-SegmentedRaftLogWorker: safeCacheEvictIndex: setUnconditionally 0 -> -1
2021-01-09 14:08:03,591 [pool-67-thread-1] INFO  server.RaftServerConfigKeys (ConfUtils.java:logGet(44)) - raft.server.snapshot.auto.trigger.enabled = true (custom)
2021-01-09 14:08:03,591 [pool-67-thread-1] INFO  server.RaftServerConfigKeys (ConfUtils.java:logGet(44)) - raft.server.snapshot.auto.trigger.threshold = 10000 (custom)
2021-01-09 14:08:03,591 [pool-67-thread-1] INFO  server.RaftServerConfigKeys (ConfUtils.java:logGet(44)) - raft.server.snapshot.retention.file.num = 5 (custom)
2021-01-09 14:08:03,591 [pool-67-thread-1] INFO  server.RaftServerConfigKeys (ConfUtils.java:logGet(44)) - raft.server.log.purge.upto.snapshot.index = false (default)
2021-01-09 14:08:03,591 [pool-67-thread-1] INFO  server.RaftServerConfigKeys (ConfUtils.java:logGet(44)) - raft.server.retrycache.expirytime = 600000ms (custom)
2021-01-09 14:08:03,591 [pool-67-thread-1] INFO  server.RaftServerConfigKeys (ConfUtils.java:logGet(44)) - raft.server.retrycache.statistics.expirytime = 100?s (default)
2021-01-09 14:08:03,592 [pool-67-thread-1] INFO  metrics.RatisMetrics (RatisMetrics.java:lambda$create$0(36)) - Creating Metrics Registry : ratis.leader_election.470fbf9d-806e-42f0-a865-c68422311eea@group-FC597A5BF4E7
2021-01-09 14:08:03,592 [pool-67-thread-1] INFO  metrics.RatisMetrics (RatisMetrics.java:lambda$create$0(36)) - Creating Metrics Registry : ratis.server.470fbf9d-806e-42f0-a865-c68422311eea@group-FC597A5BF4E7
2021-01-09 14:08:03,593 [pool-67-thread-1] INFO  server.RaftServer$Division (RaftServerImpl.java:start(294)) - 470fbf9d-806e-42f0-a865-c68422311eea@group-FC597A5BF4E7: start as a follower, conf=-1: [470fbf9d-806e-42f0-a865-c68422311eea|rpc:172.17.0.2:41015|priority:1], old=null
2021-01-09 14:08:03,593 [pool-67-thread-1] INFO  server.RaftServer$Division (RaftServerImpl.java:setRole(283)) - 470fbf9d-806e-42f0-a865-c68422311eea@group-FC597A5BF4E7: changes role from      null to FOLLOWER at term 0 for startAsFollower
2021-01-09 14:08:03,593 [pool-67-thread-1] INFO  impl.RoleInfo (RoleInfo.java:updateAndGet(130)) - 470fbf9d-806e-42f0-a865-c68422311eea: start 470fbf9d-806e-42f0-a865-c68422311eea@group-FC597A5BF4E7-FollowerState
2021-01-09 14:08:03,614 [pool-67-thread-1] INFO  util.JmxRegister (JmxRegister.java:tryRegister(44)) - Successfully registered JMX Bean with object name Ratis:service=RaftServer,group=group-FC597A5BF4E7,id=470fbf9d-806e-42f0-a865-c68422311eea
2021-01-09 14:08:03,614 [pool-67-thread-1] INFO  metrics.RatisMetrics (RatisMetrics.java:lambda$create$0(36)) - Creating Metrics Registry : ratis.state_machine.470fbf9d-806e-42f0-a865-c68422311eea@group-FC597A5BF4E7
2021-01-09 14:08:03,616 [EventQueue-PipelineReportForOneReplicaPipelineSafeModeRule] INFO  safemode.SCMSafeModeManager (SCMSafeModeManager.java:validateSafeModeExitRules(214)) - AtleastOneDatanodeReportedRule rule is successfully validated
2021-01-09 14:08:03,616 [EventQueue-PipelineReportForPipelineReportHandler] INFO  pipeline.PipelineStateManager (PipelineStateManager.java:openPipeline(132)) - Pipeline Pipeline[ Id: 50e2d360-a740-44c3-ad36-fc597a5bf4e7, Nodes: 470fbf9d-806e-42f0-a865-c68422311eea{ip: 172.17.0.2, host: 849aa166ea4e, networkLocation: /default-rack, certSerialId: null, persistedOpState: IN_SERVICE, persistedOpStateExpiryEpochSec: 0}, Type:RATIS, Factor:ONE, State:ALLOCATED, leaderId:470fbf9d-806e-42f0-a865-c68422311eea, CreationTimestamp2021-01-09T14:08:00.578Z] moved to OPEN state
2021-01-09 14:08:03,639 [EventQueue-OpenPipelineForHealthyPipelineSafeModeRule] INFO  safemode.SCMSafeModeManager (HealthyPipelineSafeModeRule.java:process(128)) - SCM in safe mode. Healthy pipelines reported count is 0, required healthy pipeline reported count is 1
2021-01-09 14:08:03,639 [Command processor thread] INFO  commandhandler.CreatePipelineCommandHandler (CreatePipelineCommandHandler.java:handle(106)) - Created Pipeline RATIS ONE PipelineID=50e2d360-a740-44c3-ad36-fc597a5bf4e7.
2021-01-09 14:08:03,767 [grpc-default-executor-1] WARN  server.GrpcLogAppender (LogUtils.java:warn(122)) - omNode-1@group-523986131536->omNode-3-AppendLogResponseHandler: Failed appendEntries: org.apache.ratis.thirdparty.io.grpc.StatusRuntimeException: UNAVAILABLE: io exception
2021-01-09 14:08:03,767 [grpc-default-executor-1] WARN  server.GrpcLogAppender (GrpcLogAppender.java:resetClient(111)) - omNode-1@group-523986131536->omNode-3-GrpcLogAppender: Leader has not got in touch with Follower omNode-1@group-523986131536->omNode-3(c-1,m0,n1, attendVote=true, lastRpcSendTime=0, lastRpcResponseTime=5502) yet, just keep nextIndex unchanged and retry.
2021-01-09 14:08:04,124 [Command processor thread] INFO  server.RaftServer (RaftServerProxy.java:addNew(95)) - 3325cc50-49b5-4605-b753-fe51c7c4e469: addNew group-58E9D1396586:[3325cc50-49b5-4605-b753-fe51c7c4e469|rpc:172.17.0.2:45501|priority:1] returns group-58E9D1396586:java.util.concurrent.CompletableFuture@50dd5e0c[Not completed]
2021-01-09 14:08:04,140 [pool-82-thread-1] INFO  server.RaftServer$Division (RaftServerImpl.java:<init>(179)) - 3325cc50-49b5-4605-b753-fe51c7c4e469: new RaftServerImpl for group-58E9D1396586:[3325cc50-49b5-4605-b753-fe51c7c4e469|rpc:172.17.0.2:45501|priority:1] with ContainerStateMachine:uninitialized
2021-01-09 14:08:04,143 [pool-82-thread-1] INFO  server.RaftServerConfigKeys (ConfUtils.java:logGet(44)) - raft.server.rpc.timeout.min = 5s (custom)
2021-01-09 14:08:04,143 [pool-82-thread-1] INFO  server.RaftServerConfigKeys (ConfUtils.java:logGet(44)) - raft.server.rpc.timeout.max = 5200ms (custom)
2021-01-09 14:08:04,143 [pool-82-thread-1] INFO  server.RaftServerConfigKeys (ConfUtils.java:logGet(44)) - raft.server.rpc.sleep.time = 25ms (default)
2021-01-09 14:08:04,143 [pool-82-thread-1] INFO  server.RaftServerConfigKeys (ConfUtils.java:logGet(44)) - raft.server.rpc.slowness.timeout = 300s (custom)
2021-01-09 14:08:04,144 [pool-82-thread-1] INFO  server.RaftServerConfigKeys (ConfUtils.java:logGet(44)) - raft.server.leaderelection.leader.step-down.wait-time = 10s (default)
2021-01-09 14:08:04,144 [pool-82-thread-1] INFO  server.RaftServerConfigKeys (ConfUtils.java:logGet(44)) - raft.server.sleep.deviation.threshold = 300ms (default)
2021-01-09 14:08:04,144 [pool-82-thread-1] INFO  server.RaftServerConfigKeys (ConfUtils.java:logGet(44)) - raft.server.log.appender.install.snapshot.enabled = false (custom)
2021-01-09 14:08:04,144 [pool-82-thread-1] INFO  server.RaftServer$Division (ServerState.java:<init>(103)) - 3325cc50-49b5-4605-b753-fe51c7c4e469@group-58E9D1396586: ConfigurationManager, init=-1: [3325cc50-49b5-4605-b753-fe51c7c4e469|rpc:172.17.0.2:45501|priority:1], old=null, confs=<EMPTY_MAP>
2021-01-09 14:08:04,144 [pool-82-thread-1] INFO  server.RaftServerConfigKeys (ConfUtils.java:logGet(44)) - raft.server.storage.dir = [/github/workspace/mnt/ozone/hadoop-ozone/integration-test/target/test-dir/MiniOzoneClusterImpl-8961eb2b-7999-4159-8884-2a1a29aa57c4/datanode-1/data/ratis] (custom)
2021-01-09 14:08:04,144 [pool-82-thread-1] INFO  server.RaftServerConfigKeys (ConfUtils.java:logGet(44)) - raft.server.log.corruption.policy = EXCEPTION (default)
2021-01-09 14:08:04,144 [pool-82-thread-1] INFO  storage.RaftStorageDirectory (RaftStorageDirectoryImpl.java:analyzeStorage(132)) - The storage directory /github/workspace/mnt/ozone/hadoop-ozone/integration-test/target/test-dir/MiniOzoneClusterImpl-8961eb2b-7999-4159-8884-2a1a29aa57c4/datanode-1/data/ratis/bf7e98a3-a94f-43b8-ac37-58e9d1396586 does not exist. Creating ...
2021-01-09 14:08:04,145 [pool-82-thread-1] INFO  storage.RaftStorageDirectory (RaftStorageDirectoryImpl.java:tryLock(215)) - Lock on /github/workspace/mnt/ozone/hadoop-ozone/integration-test/target/test-dir/MiniOzoneClusterImpl-8961eb2b-7999-4159-8884-2a1a29aa57c4/datanode-1/data/ratis/bf7e98a3-a94f-43b8-ac37-58e9d1396586/in_use.lock acquired by nodename 13839@849aa166ea4e
2021-01-09 14:08:04,147 [pool-82-thread-1] INFO  storage.RaftStorage (RaftStorageImpl.java:format(87)) - Storage directory /github/workspace/mnt/ozone/hadoop-ozone/integration-test/target/test-dir/MiniOzoneClusterImpl-8961eb2b-7999-4159-8884-2a1a29aa57c4/datanode-1/data/ratis/bf7e98a3-a94f-43b8-ac37-58e9d1396586 has been successfully formatted.
2021-01-09 14:08:04,147 [pool-82-thread-1] INFO  ratis.ContainerStateMachine (ContainerStateMachine.java:loadSnapshot(223)) - group-58E9D1396586: The snapshot info is null. Setting the last applied indexto:(t:0, i:~)
2021-01-09 14:08:04,148 [pool-82-thread-1] ERROR storage.RaftStorage (RaftStorageImpl.java:readRaftConfiguration(147)) - Failed reading configuration from file:/github/workspace/mnt/ozone/hadoop-ozone/integration-test/target/test-dir/MiniOzoneClusterImpl-8961eb2b-7999-4159-8884-2a1a29aa57c4/datanode-1/data/ratis/bf7e98a3-a94f-43b8-ac37-58e9d1396586/current/raft-meta.conf
java.io.FileNotFoundException: /github/workspace/mnt/ozone/hadoop-ozone/integration-test/target/test-dir/MiniOzoneClusterImpl-8961eb2b-7999-4159-8884-2a1a29aa57c4/datanode-1/data/ratis/bf7e98a3-a94f-43b8-ac37-58e9d1396586/current/raft-meta.conf (No such file or directory)
	at java.io.FileInputStream.open0(Native Method)
	at java.io.FileInputStream.open(FileInputStream.java:195)
	at java.io.FileInputStream.<init>(FileInputStream.java:138)
	at org.apache.ratis.server.storage.RaftStorageImpl.readRaftConfiguration(RaftStorageImpl.java:143)
	at org.apache.ratis.server.impl.ServerState.<init>(ServerState.java:113)
	at org.apache.ratis.server.impl.RaftServerImpl.<init>(RaftServerImpl.java:192)
	at org.apache.ratis.server.impl.RaftServerProxy.lambda$newRaftServerImpl$4(RaftServerProxy.java:266)
	at java.util.concurrent.CompletableFuture$AsyncSupply.run(CompletableFuture.java:1604)
	at java.util.concurrent.ThreadPoolExecutor.runWorker(ThreadPoolExecutor.java:1149)
	at java.util.concurrent.ThreadPoolExecutor$Worker.run(ThreadPoolExecutor.java:624)
	at java.lang.Thread.run(Thread.java:748)
2021-01-09 14:08:04,149 [EventQueue-PipelineReportForPipelineReportHandler] INFO  pipeline.PipelineStateManager (PipelineStateManager.java:openPipeline(132)) - Pipeline Pipeline[ Id: bf7e98a3-a94f-43b8-ac37-58e9d1396586, Nodes: 3325cc50-49b5-4605-b753-fe51c7c4e469{ip: 172.17.0.2, host: 849aa166ea4e, networkLocation: /default-rack, certSerialId: null, persistedOpState: IN_SERVICE, persistedOpStateExpiryEpochSec: 0}, Type:RATIS, Factor:ONE, State:ALLOCATED, leaderId:3325cc50-49b5-4605-b753-fe51c7c4e469, CreationTimestamp2021-01-09T14:08:01.139Z] moved to OPEN state
2021-01-09 14:08:04,149 [EventQueue-PipelineReportForOneReplicaPipelineSafeModeRule] INFO  safemode.SCMSafeModeManager (SCMSafeModeManager.java:validateSafeModeExitRules(214)) - AtleastOneDatanodeReportedRule rule is successfully validated
2021-01-09 14:08:04,150 [EventQueue-OpenPipelineForHealthyPipelineSafeModeRule] INFO  safemode.SCMSafeModeManager (HealthyPipelineSafeModeRule.java:process(128)) - SCM in safe mode. Healthy pipelines reported count is 0, required healthy pipeline reported count is 1
2021-01-09 14:08:04,150 [pool-82-thread-1] INFO  server.RaftServerConfigKeys (ConfUtils.java:logGet(44)) - raft.server.notification.no-leader.timeout = 300s (custom)
2021-01-09 14:08:04,153 [pool-82-thread-1] INFO  server.RaftServerConfigKeys (ConfUtils.java:logGet(44)) - raft.server.log.use.memory = false (default)
2021-01-09 14:08:04,153 [pool-82-thread-1] INFO  server.RaftServerConfigKeys (ConfUtils.java:logGet(44)) - raft.server.log.purge.gap = 1000000 (custom)
2021-01-09 14:08:04,153 [pool-82-thread-1] INFO  server.RaftServerConfigKeys (ConfUtils.java:logGet(44)) - raft.server.log.appender.buffer.byte-limit = 33554432 (custom)
2021-01-09 14:08:04,153 [pool-82-thread-1] INFO  metrics.RatisMetrics (RatisMetrics.java:lambda$create$0(36)) - Creating Metrics Registry : ratis.log_worker.3325cc50-49b5-4605-b753-fe51c7c4e469@group-58E9D1396586
2021-01-09 14:08:04,153 [pool-82-thread-1] INFO  server.RaftServerConfigKeys (ConfUtils.java:logGet(44)) - raft.server.log.segment.size.max = 1048576 (custom)
2021-01-09 14:08:04,154 [pool-82-thread-1] INFO  server.RaftServerConfigKeys (ConfUtils.java:logGet(44)) - raft.server.log.segment.cache.num.max = 2 (custom)
2021-01-09 14:08:04,154 [pool-82-thread-1] INFO  server.RaftServerConfigKeys (ConfUtils.java:logGet(44)) - raft.server.log.segment.cache.size.max = 200MB (=209715200) (default)
2021-01-09 14:08:04,154 [pool-82-thread-1] INFO  segmented.SegmentedRaftLogWorker (SegmentedRaftLogWorker.java:<init>(181)) - new 3325cc50-49b5-4605-b753-fe51c7c4e469@group-58E9D1396586-SegmentedRaftLogWorker for RaftStorageImpl:Storage Directory /github/workspace/mnt/ozone/hadoop-ozone/integration-test/target/test-dir/MiniOzoneClusterImpl-8961eb2b-7999-4159-8884-2a1a29aa57c4/datanode-1/data/ratis/bf7e98a3-a94f-43b8-ac37-58e9d1396586
2021-01-09 14:08:04,154 [pool-82-thread-1] INFO  server.RaftServerConfigKeys (ConfUtils.java:logGet(44)) - raft.server.log.queue.byte-limit = 2147483647 (custom)
2021-01-09 14:08:04,154 [pool-82-thread-1] INFO  server.RaftServerConfigKeys (ConfUtils.java:logGet(44)) - raft.server.log.queue.element-limit = 1024 (custom)
2021-01-09 14:08:04,154 [pool-82-thread-1] INFO  server.RaftServerConfigKeys (ConfUtils.java:logGet(44)) - raft.server.log.segment.size.max = 1048576 (custom)
2021-01-09 14:08:04,155 [pool-82-thread-1] INFO  server.RaftServerConfigKeys (ConfUtils.java:logGet(44)) - raft.server.log.preallocated.size = 16384 (custom)
2021-01-09 14:08:04,155 [pool-82-thread-1] INFO  server.RaftServerConfigKeys (ConfUtils.java:logGet(44)) - raft.server.log.force.sync.num = 128 (default)
2021-01-09 14:08:04,155 [pool-82-thread-1] INFO  server.RaftServerConfigKeys (ConfUtils.java:logGet(44)) - raft.server.log.statemachine.data.sync = true (default)
2021-01-09 14:08:04,155 [pool-82-thread-1] INFO  server.RaftServerConfigKeys (ConfUtils.java:logGet(44)) - raft.server.log.statemachine.data.sync.timeout = 10s (default)
2021-01-09 14:08:04,155 [pool-82-thread-1] INFO  server.RaftServerConfigKeys (ConfUtils.java:logGet(44)) - raft.server.log.statemachine.data.sync.timeout.retry = -1 (default)
2021-01-09 14:08:04,156 [pool-82-thread-1] INFO  server.RaftServerConfigKeys (ConfUtils.java:logGet(44)) - raft.server.log.write.buffer.size = 1048576 (custom)
2021-01-09 14:08:04,157 [pool-82-thread-1] INFO  server.RaftServerConfigKeys (ConfUtils.java:logGet(44)) - raft.server.log.statemachine.data.caching.enabled = true (custom)
2021-01-09 14:08:04,163 [pool-82-thread-1] INFO  segmented.SegmentedRaftLogWorker (SegmentedRaftLogWorker.java:lambda$new$0(132)) - 3325cc50-49b5-4605-b753-fe51c7c4e469@group-58E9D1396586-SegmentedRaftLogWorker: flushIndex: setUnconditionally 0 -> -1
2021-01-09 14:08:04,163 [pool-82-thread-1] INFO  segmented.SegmentedRaftLogWorker (SegmentedRaftLogWorker.java:lambda$new$0(132)) - 3325cc50-49b5-4605-b753-fe51c7c4e469@group-58E9D1396586-SegmentedRaftLogWorker: safeCacheEvictIndex: setUnconditionally 0 -> -1
2021-01-09 14:08:04,168 [pool-82-thread-1] INFO  server.RaftServerConfigKeys (ConfUtils.java:logGet(44)) - raft.server.snapshot.auto.trigger.enabled = true (custom)
2021-01-09 14:08:04,168 [pool-82-thread-1] INFO  server.RaftServerConfigKeys (ConfUtils.java:logGet(44)) - raft.server.snapshot.auto.trigger.threshold = 10000 (custom)
2021-01-09 14:08:04,168 [pool-82-thread-1] INFO  server.RaftServerConfigKeys (ConfUtils.java:logGet(44)) - raft.server.snapshot.retention.file.num = 5 (custom)
2021-01-09 14:08:04,168 [pool-82-thread-1] INFO  server.RaftServerConfigKeys (ConfUtils.java:logGet(44)) - raft.server.log.purge.upto.snapshot.index = false (default)
2021-01-09 14:08:04,168 [pool-82-thread-1] INFO  server.RaftServerConfigKeys (ConfUtils.java:logGet(44)) - raft.server.retrycache.expirytime = 600000ms (custom)
2021-01-09 14:08:04,168 [pool-82-thread-1] INFO  server.RaftServerConfigKeys (ConfUtils.java:logGet(44)) - raft.server.retrycache.statistics.expirytime = 100?s (default)
2021-01-09 14:08:04,168 [pool-82-thread-1] INFO  metrics.RatisMetrics (RatisMetrics.java:lambda$create$0(36)) - Creating Metrics Registry : ratis.leader_election.3325cc50-49b5-4605-b753-fe51c7c4e469@group-58E9D1396586
2021-01-09 14:08:04,169 [pool-82-thread-1] INFO  metrics.RatisMetrics (RatisMetrics.java:lambda$create$0(36)) - Creating Metrics Registry : ratis.server.3325cc50-49b5-4605-b753-fe51c7c4e469@group-58E9D1396586
2021-01-09 14:08:04,170 [pool-82-thread-1] INFO  server.RaftServer$Division (RaftServerImpl.java:start(294)) - 3325cc50-49b5-4605-b753-fe51c7c4e469@group-58E9D1396586: start as a follower, conf=-1: [3325cc50-49b5-4605-b753-fe51c7c4e469|rpc:172.17.0.2:45501|priority:1], old=null
2021-01-09 14:08:04,170 [pool-82-thread-1] INFO  server.RaftServer$Division (RaftServerImpl.java:setRole(283)) - 3325cc50-49b5-4605-b753-fe51c7c4e469@group-58E9D1396586: changes role from      null to FOLLOWER at term 0 for startAsFollower
2021-01-09 14:08:04,170 [pool-82-thread-1] INFO  impl.RoleInfo (RoleInfo.java:updateAndGet(130)) - 3325cc50-49b5-4605-b753-fe51c7c4e469: start 3325cc50-49b5-4605-b753-fe51c7c4e469@group-58E9D1396586-FollowerState
2021-01-09 14:08:04,174 [pool-82-thread-1] INFO  util.JmxRegister (JmxRegister.java:tryRegister(44)) - Successfully registered JMX Bean with object name Ratis:service=RaftServer,group=group-58E9D1396586,id=3325cc50-49b5-4605-b753-fe51c7c4e469
2021-01-09 14:08:04,175 [pool-82-thread-1] INFO  metrics.RatisMetrics (RatisMetrics.java:lambda$create$0(36)) - Creating Metrics Registry : ratis.state_machine.3325cc50-49b5-4605-b753-fe51c7c4e469@group-58E9D1396586
2021-01-09 14:08:04,178 [Command processor thread] INFO  commandhandler.CreatePipelineCommandHandler (CreatePipelineCommandHandler.java:handle(106)) - Created Pipeline RATIS ONE PipelineID=bf7e98a3-a94f-43b8-ac37-58e9d1396586.
2021-01-09 14:08:04,267 [grpc-default-executor-1] WARN  server.GrpcLogAppender (LogUtils.java:warn(122)) - omNode-1@group-523986131536->omNode-3-AppendLogResponseHandler: Failed appendEntries: org.apache.ratis.thirdparty.io.grpc.StatusRuntimeException: UNAVAILABLE: io exception
2021-01-09 14:08:04,268 [grpc-default-executor-1] WARN  server.GrpcLogAppender (GrpcLogAppender.java:resetClient(111)) - omNode-1@group-523986131536->omNode-3-GrpcLogAppender: Leader has not got in touch with Follower omNode-1@group-523986131536->omNode-3(c-1,m0,n1, attendVote=true, lastRpcSendTime=1, lastRpcResponseTime=6003) yet, just keep nextIndex unchanged and retry.
2021-01-09 14:08:04,381 [Listener at 127.0.0.1/11780] INFO  ozone.MiniOzoneClusterImpl (MiniOzoneClusterImpl.java:lambda$waitForClusterToBeReady$0(179)) - Waiting for nodes to be ready. Got 2 of 3 DN Heartbeats.
2021-01-09 14:08:04,381 [Listener at 127.0.0.1/11780] INFO  ozone.MiniOzoneClusterImpl (MiniOzoneClusterImpl.java:lambda$waitForClusterToBeReady$0(182)) - Waiting for cluster to exit safe mode
2021-01-09 14:08:04,396 [EndpointStateMachine task thread for /0.0.0.0:43739 - 0 ] INFO  ozoneimpl.OzoneContainer (OzoneContainer.java:start(255)) - Attempting to start container services.
2021-01-09 14:08:04,396 [EndpointStateMachine task thread for /0.0.0.0:43739 - 0 ] INFO  ozoneimpl.OzoneContainer (OzoneContainer.java:startContainerScrub(219)) - Background container scanner has been disabled.
2021-01-09 14:08:04,397 [EndpointStateMachine task thread for /0.0.0.0:43739 - 0 ] INFO  replication.ReplicationServer (ReplicationServer.java:start(111)) - ReplicationServer is started using port 42707
2021-01-09 14:08:04,397 [EndpointStateMachine task thread for /0.0.0.0:43739 - 0 ] INFO  ratis.XceiverServerRatis (XceiverServerRatis.java:start(455)) - Starting XceiverServerRatis c6546d7c-3c2c-4358-92ae-ae46770bf30e at port 0
2021-01-09 14:08:04,404 [EndpointStateMachine task thread for /0.0.0.0:43739 - 0 ] INFO  server.RaftServer (RaftServerProxy.java:lambda$start$5(372)) - c6546d7c-3c2c-4358-92ae-ae46770bf30e: start RPC server
2021-01-09 14:08:04,406 [EndpointStateMachine task thread for /0.0.0.0:43739 - 0 ] INFO  server.GrpcService (GrpcService.java:startImpl(176)) - c6546d7c-3c2c-4358-92ae-ae46770bf30e: GrpcService started, listening on 0.0.0.0/0.0.0.0:44259
2021-01-09 14:08:04,407 [EndpointStateMachine task thread for /0.0.0.0:43739 - 0 ] INFO  ratis.XceiverServerRatis (XceiverServerRatis.java:start(467)) - XceiverServerRatis c6546d7c-3c2c-4358-92ae-ae46770bf30e is started using port 44259
2021-01-09 14:08:04,415 [EndpointStateMachine task thread for /0.0.0.0:43739 - 0 ] INFO  server.XceiverServerGrpc (XceiverServerGrpc.java:start(139)) - XceiverServerGrpc c6546d7c-3c2c-4358-92ae-ae46770bf30e is started using port 35605
2021-01-09 14:08:04,417 [org.apache.ratis.util.JvmPauseMonitor$$Lambda$305/1107501547@296f5032] INFO  util.JvmPauseMonitor (JvmPauseMonitor.java:run(103)) - JvmPauseMonitor-c6546d7c-3c2c-4358-92ae-ae46770bf30e: Started
2021-01-09 14:08:04,568 [EventQueue-PipelineReportForOneReplicaPipelineSafeModeRule] INFO  safemode.SCMSafeModeManager (SCMSafeModeManager.java:validateSafeModeExitRules(214)) - AtleastOneDatanodeReportedRule rule is successfully validated
2021-01-09 14:08:04,568 [EventQueue-OpenPipelineForHealthyPipelineSafeModeRule] INFO  safemode.SCMSafeModeManager (HealthyPipelineSafeModeRule.java:process(128)) - SCM in safe mode. Healthy pipelines reported count is 0, required healthy pipeline reported count is 1
2021-01-09 14:08:04,767 [grpc-default-executor-1] WARN  server.GrpcLogAppender (LogUtils.java:warn(122)) - omNode-1@group-523986131536->omNode-3-AppendLogResponseHandler: Failed appendEntries: org.apache.ratis.thirdparty.io.grpc.StatusRuntimeException: UNAVAILABLE: io exception
2021-01-09 14:08:04,769 [grpc-default-executor-1] WARN  server.GrpcLogAppender (GrpcLogAppender.java:resetClient(111)) - omNode-1@group-523986131536->omNode-3-GrpcLogAppender: Leader has not got in touch with Follower omNode-1@group-523986131536->omNode-3(c-1,m0,n1, attendVote=true, lastRpcSendTime=1, lastRpcResponseTime=6504) yet, just keep nextIndex unchanged and retry.
2021-01-09 14:08:05,151 [EventQueue-PipelineReportForOneReplicaPipelineSafeModeRule] INFO  safemode.SCMSafeModeManager (SCMSafeModeManager.java:validateSafeModeExitRules(214)) - AtleastOneDatanodeReportedRule rule is successfully validated
2021-01-09 14:08:05,151 [EventQueue-OpenPipelineForHealthyPipelineSafeModeRule] INFO  safemode.SCMSafeModeManager (HealthyPipelineSafeModeRule.java:process(128)) - SCM in safe mode. Healthy pipelines reported count is 0, required healthy pipeline reported count is 1
2021-01-09 14:08:05,268 [grpc-default-executor-1] WARN  server.GrpcLogAppender (LogUtils.java:warn(122)) - omNode-1@group-523986131536->omNode-3-AppendLogResponseHandler: Failed appendEntries: org.apache.ratis.thirdparty.io.grpc.StatusRuntimeException: UNAVAILABLE: io exception
2021-01-09 14:08:05,269 [grpc-default-executor-1] WARN  server.GrpcLogAppender (GrpcLogAppender.java:resetClient(111)) - omNode-1@group-523986131536->omNode-3-GrpcLogAppender: Leader has not got in touch with Follower omNode-1@group-523986131536->omNode-3(c-1,m0,n1, attendVote=true, lastRpcSendTime=1, lastRpcResponseTime=7004) yet, just keep nextIndex unchanged and retry.
2021-01-09 14:08:05,382 [Listener at 127.0.0.1/11780] INFO  ozone.MiniOzoneClusterImpl (MiniOzoneClusterImpl.java:lambda$waitForClusterToBeReady$0(179)) - Waiting for nodes to be ready. Got 2 of 3 DN Heartbeats.
2021-01-09 14:08:05,382 [Listener at 127.0.0.1/11780] INFO  ozone.MiniOzoneClusterImpl (MiniOzoneClusterImpl.java:lambda$waitForClusterToBeReady$0(182)) - Waiting for cluster to exit safe mode
2021-01-09 14:08:05,565 [EventQueue-PipelineReportForOneReplicaPipelineSafeModeRule] INFO  safemode.SCMSafeModeManager (SCMSafeModeManager.java:validateSafeModeExitRules(214)) - AtleastOneDatanodeReportedRule rule is successfully validated
2021-01-09 14:08:05,566 [EventQueue-OpenPipelineForHealthyPipelineSafeModeRule] INFO  safemode.SCMSafeModeManager (HealthyPipelineSafeModeRule.java:process(128)) - SCM in safe mode. Healthy pipelines reported count is 0, required healthy pipeline reported count is 1
2021-01-09 14:08:05,768 [grpc-default-executor-1] WARN  server.GrpcLogAppender (LogUtils.java:warn(122)) - omNode-1@group-523986131536->omNode-3-AppendLogResponseHandler: Failed appendEntries: org.apache.ratis.thirdparty.io.grpc.StatusRuntimeException: UNAVAILABLE: io exception
2021-01-09 14:08:05,769 [grpc-default-executor-1] WARN  server.GrpcLogAppender (GrpcLogAppender.java:resetClient(111)) - omNode-1@group-523986131536->omNode-3-GrpcLogAppender: Leader has not got in touch with Follower omNode-1@group-523986131536->omNode-3(c-1,m0,n1, attendVote=true, lastRpcSendTime=1, lastRpcResponseTime=7505) yet, just keep nextIndex unchanged and retry.
2021-01-09 14:08:06,150 [EventQueue-PipelineReportForOneReplicaPipelineSafeModeRule] INFO  safemode.SCMSafeModeManager (SCMSafeModeManager.java:validateSafeModeExitRules(214)) - AtleastOneDatanodeReportedRule rule is successfully validated
2021-01-09 14:08:06,150 [EventQueue-OpenPipelineForHealthyPipelineSafeModeRule] INFO  safemode.SCMSafeModeManager (HealthyPipelineSafeModeRule.java:process(128)) - SCM in safe mode. Healthy pipelines reported count is 0, required healthy pipeline reported count is 1
2021-01-09 14:08:06,269 [grpc-default-executor-1] WARN  server.GrpcLogAppender (LogUtils.java:warn(122)) - omNode-1@group-523986131536->omNode-3-AppendLogResponseHandler: Failed appendEntries: org.apache.ratis.thirdparty.io.grpc.StatusRuntimeException: UNAVAILABLE: io exception
2021-01-09 14:08:06,270 [grpc-default-executor-1] WARN  server.GrpcLogAppender (GrpcLogAppender.java:resetClient(111)) - omNode-1@group-523986131536->omNode-3-GrpcLogAppender: Leader has not got in touch with Follower omNode-1@group-523986131536->omNode-3(c-1,m0,n1, attendVote=true, lastRpcSendTime=0, lastRpcResponseTime=8005) yet, just keep nextIndex unchanged and retry.
2021-01-09 14:08:06,382 [Listener at 127.0.0.1/11780] INFO  ozone.MiniOzoneClusterImpl (MiniOzoneClusterImpl.java:lambda$waitForClusterToBeReady$0(179)) - Waiting for nodes to be ready. Got 2 of 3 DN Heartbeats.
2021-01-09 14:08:06,382 [Listener at 127.0.0.1/11780] INFO  ozone.MiniOzoneClusterImpl (MiniOzoneClusterImpl.java:lambda$waitForClusterToBeReady$0(182)) - Waiting for cluster to exit safe mode
2021-01-09 14:08:06,398 [IPC Server handler 0 on default port 43739] INFO  net.NetworkTopologyImpl (NetworkTopologyImpl.java:add(111)) - Added a new node: /default-rack/c6546d7c-3c2c-4358-92ae-ae46770bf30e
2021-01-09 14:08:06,398 [IPC Server handler 0 on default port 43739] INFO  node.SCMNodeManager (SCMNodeManager.java:register(341)) - Registered Data node : c6546d7c-3c2c-4358-92ae-ae46770bf30e{ip: 172.17.0.2, host: 849aa166ea4e, networkLocation: /default-rack, certSerialId: null, persistedOpState: IN_SERVICE, persistedOpStateExpiryEpochSec: 0}
2021-01-09 14:08:06,398 [EventQueue-NodeRegistrationContainerReportForContainerSafeModeRule] INFO  safemode.SCMSafeModeManager (SCMSafeModeManager.java:validateSafeModeExitRules(214)) - ContainerSafeModeRule rule is successfully validated
2021-01-09 14:08:06,399 [EventQueue-NodeRegistrationContainerReportForDataNodeSafeModeRule] INFO  safemode.SCMSafeModeManager (SCMSafeModeManager.java:validateSafeModeExitRules(214)) - DataNodeSafeModeRule rule is successfully validated
2021-01-09 14:08:06,399 [EventQueue-PipelineReportForOneReplicaPipelineSafeModeRule] INFO  safemode.SCMSafeModeManager (SCMSafeModeManager.java:validateSafeModeExitRules(214)) - AtleastOneDatanodeReportedRule rule is successfully validated
2021-01-09 14:08:06,401 [RatisPipelineUtilsThread] INFO  pipeline.RatisPipelineProvider (RatisPipelineProvider.java:lambda$create$0(161)) - Sending CreatePipelineCommand for pipeline:PipelineID=1a3bda3e-b45f-4b04-890c-51a44799d410 to datanode:c6546d7c-3c2c-4358-92ae-ae46770bf30e
2021-01-09 14:08:06,401 [RatisPipelineUtilsThread] INFO  pipeline.PipelineStateManager (PipelineStateManager.java:addPipeline(54)) - Created pipeline Pipeline[ Id: 1a3bda3e-b45f-4b04-890c-51a44799d410, Nodes: c6546d7c-3c2c-4358-92ae-ae46770bf30e{ip: 172.17.0.2, host: 849aa166ea4e, networkLocation: /default-rack, certSerialId: null, persistedOpState: IN_SERVICE, persistedOpStateExpiryEpochSec: 0}, Type:RATIS, Factor:ONE, State:ALLOCATED, leaderId:, CreationTimestamp2021-01-09T14:08:06.401Z]
2021-01-09 14:08:06,406 [RatisPipelineUtilsThread] INFO  pipeline.RatisPipelineProvider (RatisPipelineProvider.java:lambda$create$0(161)) - Sending CreatePipelineCommand for pipeline:PipelineID=1253064e-b1c3-41bb-b7d2-31b6157e209c to datanode:c6546d7c-3c2c-4358-92ae-ae46770bf30e
2021-01-09 14:08:06,407 [RatisPipelineUtilsThread] INFO  pipeline.RatisPipelineProvider (RatisPipelineProvider.java:lambda$create$0(161)) - Sending CreatePipelineCommand for pipeline:PipelineID=1253064e-b1c3-41bb-b7d2-31b6157e209c to datanode:470fbf9d-806e-42f0-a865-c68422311eea
2021-01-09 14:08:06,407 [RatisPipelineUtilsThread] INFO  pipeline.RatisPipelineProvider (RatisPipelineProvider.java:lambda$create$0(161)) - Sending CreatePipelineCommand for pipeline:PipelineID=1253064e-b1c3-41bb-b7d2-31b6157e209c to datanode:3325cc50-49b5-4605-b753-fe51c7c4e469
2021-01-09 14:08:06,408 [RatisPipelineUtilsThread] INFO  pipeline.PipelineStateManager (PipelineStateManager.java:addPipeline(54)) - Created pipeline Pipeline[ Id: 1253064e-b1c3-41bb-b7d2-31b6157e209c, Nodes: c6546d7c-3c2c-4358-92ae-ae46770bf30e{ip: 172.17.0.2, host: 849aa166ea4e, networkLocation: /default-rack, certSerialId: null, persistedOpState: IN_SERVICE, persistedOpStateExpiryEpochSec: 0}470fbf9d-806e-42f0-a865-c68422311eea{ip: 172.17.0.2, host: 849aa166ea4e, networkLocation: /default-rack, certSerialId: null, persistedOpState: IN_SERVICE, persistedOpStateExpiryEpochSec: 0}3325cc50-49b5-4605-b753-fe51c7c4e469{ip: 172.17.0.2, host: 849aa166ea4e, networkLocation: /default-rack, certSerialId: null, persistedOpState: IN_SERVICE, persistedOpStateExpiryEpochSec: 0}, Type:RATIS, Factor:THREE, State:ALLOCATED, leaderId:, CreationTimestamp2021-01-09T14:08:06.406Z]
2021-01-09 14:08:06,416 [RatisPipelineUtilsThread] INFO  pipeline.RatisPipelineProvider (RatisPipelineProvider.java:lambda$create$0(161)) - Sending CreatePipelineCommand for pipeline:PipelineID=188ae55a-546a-4727-b3b5-da1943af2f04 to datanode:c6546d7c-3c2c-4358-92ae-ae46770bf30e
2021-01-09 14:08:06,416 [RatisPipelineUtilsThread] INFO  pipeline.RatisPipelineProvider (RatisPipelineProvider.java:lambda$create$0(161)) - Sending CreatePipelineCommand for pipeline:PipelineID=188ae55a-546a-4727-b3b5-da1943af2f04 to datanode:470fbf9d-806e-42f0-a865-c68422311eea
2021-01-09 14:08:06,416 [RatisPipelineUtilsThread] INFO  pipeline.RatisPipelineProvider (RatisPipelineProvider.java:lambda$create$0(161)) - Sending CreatePipelineCommand for pipeline:PipelineID=188ae55a-546a-4727-b3b5-da1943af2f04 to datanode:3325cc50-49b5-4605-b753-fe51c7c4e469
2021-01-09 14:08:06,418 [RatisPipelineUtilsThread] INFO  pipeline.PipelineStateManager (PipelineStateManager.java:addPipeline(54)) - Created pipeline Pipeline[ Id: 188ae55a-546a-4727-b3b5-da1943af2f04, Nodes: c6546d7c-3c2c-4358-92ae-ae46770bf30e{ip: 172.17.0.2, host: 849aa166ea4e, networkLocation: /default-rack, certSerialId: null, persistedOpState: IN_SERVICE, persistedOpStateExpiryEpochSec: 0}470fbf9d-806e-42f0-a865-c68422311eea{ip: 172.17.0.2, host: 849aa166ea4e, networkLocation: /default-rack, certSerialId: null, persistedOpState: IN_SERVICE, persistedOpStateExpiryEpochSec: 0}3325cc50-49b5-4605-b753-fe51c7c4e469{ip: 172.17.0.2, host: 849aa166ea4e, networkLocation: /default-rack, certSerialId: null, persistedOpState: IN_SERVICE, persistedOpStateExpiryEpochSec: 0}, Type:RATIS, Factor:THREE, State:ALLOCATED, leaderId:, CreationTimestamp2021-01-09T14:08:06.416Z]
2021-01-09 14:08:06,419 [RatisPipelineUtilsThread] INFO  pipeline.SCMPipelineManager (SCMPipelineManager.java:recordMetricsForPipeline(243)) - Pipeline: PipelineID=188ae55a-546a-4727-b3b5-da1943af2f04 contains same datanodes as previous pipelines: PipelineID=1253064e-b1c3-41bb-b7d2-31b6157e209c nodeIds: c6546d7c-3c2c-4358-92ae-ae46770bf30e, 470fbf9d-806e-42f0-a865-c68422311eea, 3325cc50-49b5-4605-b753-fe51c7c4e469
2021-01-09 14:08:06,569 [EventQueue-PipelineReportForOneReplicaPipelineSafeModeRule] INFO  safemode.SCMSafeModeManager (SCMSafeModeManager.java:validateSafeModeExitRules(214)) - AtleastOneDatanodeReportedRule rule is successfully validated
2021-01-09 14:08:06,571 [EventQueue-OpenPipelineForHealthyPipelineSafeModeRule] INFO  safemode.SCMSafeModeManager (HealthyPipelineSafeModeRule.java:process(128)) - SCM in safe mode. Healthy pipelines reported count is 0, required healthy pipeline reported count is 1
2021-01-09 14:08:06,770 [grpc-default-executor-1] WARN  server.GrpcLogAppender (LogUtils.java:warn(122)) - omNode-1@group-523986131536->omNode-3-AppendLogResponseHandler: Failed appendEntries: org.apache.ratis.thirdparty.io.grpc.StatusRuntimeException: UNAVAILABLE: io exception
2021-01-09 14:08:06,770 [grpc-default-executor-1] WARN  server.GrpcLogAppender (GrpcLogAppender.java:resetClient(111)) - omNode-1@group-523986131536->omNode-3-GrpcLogAppender: Leader has not got in touch with Follower omNode-1@group-523986131536->omNode-3(c-1,m0,n1, attendVote=true, lastRpcSendTime=0, lastRpcResponseTime=8505) yet, just keep nextIndex unchanged and retry.
2021-01-09 14:08:07,151 [EventQueue-PipelineReportForOneReplicaPipelineSafeModeRule] INFO  safemode.SCMSafeModeManager (SCMSafeModeManager.java:validateSafeModeExitRules(214)) - AtleastOneDatanodeReportedRule rule is successfully validated
2021-01-09 14:08:07,156 [EventQueue-OpenPipelineForHealthyPipelineSafeModeRule] INFO  safemode.SCMSafeModeManager (HealthyPipelineSafeModeRule.java:process(128)) - SCM in safe mode. Healthy pipelines reported count is 0, required healthy pipeline reported count is 1
2021-01-09 14:08:07,270 [grpc-default-executor-1] WARN  server.GrpcLogAppender (LogUtils.java:warn(122)) - omNode-1@group-523986131536->omNode-3-AppendLogResponseHandler: Failed appendEntries: org.apache.ratis.thirdparty.io.grpc.StatusRuntimeException: UNAVAILABLE: io exception
2021-01-09 14:08:07,271 [grpc-default-executor-1] WARN  server.GrpcLogAppender (GrpcLogAppender.java:resetClient(111)) - omNode-1@group-523986131536->omNode-3-GrpcLogAppender: Leader has not got in touch with Follower omNode-1@group-523986131536->omNode-3(c-1,m0,n1, attendVote=true, lastRpcSendTime=0, lastRpcResponseTime=9006) yet, just keep nextIndex unchanged and retry.
2021-01-09 14:08:07,382 [Listener at 127.0.0.1/11780] INFO  ozone.MiniOzoneClusterImpl (MiniOzoneClusterImpl.java:lambda$waitForClusterToBeReady$0(179)) - Nodes are ready. Got 3 of 3 DN Heartbeats.
2021-01-09 14:08:07,383 [Listener at 127.0.0.1/11780] INFO  ozone.MiniOzoneClusterImpl (MiniOzoneClusterImpl.java:lambda$waitForClusterToBeReady$0(182)) - Waiting for cluster to exit safe mode
2021-01-09 14:08:07,563 [Command processor thread] INFO  server.RaftServer (RaftServerProxy.java:addNew(95)) - 470fbf9d-806e-42f0-a865-c68422311eea: addNew group-31B6157E209C:[c6546d7c-3c2c-4358-92ae-ae46770bf30e|rpc:172.17.0.2:44259|priority:1, 470fbf9d-806e-42f0-a865-c68422311eea|rpc:172.17.0.2:41015|priority:0, 3325cc50-49b5-4605-b753-fe51c7c4e469|rpc:172.17.0.2:45501|priority:0] returns group-31B6157E209C:java.util.concurrent.CompletableFuture@2276a8d6[Not completed]
2021-01-09 14:08:07,568 [EventQueue-PipelineReportForOneReplicaPipelineSafeModeRule] INFO  safemode.SCMSafeModeManager (SCMSafeModeManager.java:validateSafeModeExitRules(214)) - AtleastOneDatanodeReportedRule rule is successfully validated
2021-01-09 14:08:07,569 [EventQueue-OpenPipelineForHealthyPipelineSafeModeRule] INFO  safemode.SCMSafeModeManager (HealthyPipelineSafeModeRule.java:process(128)) - SCM in safe mode. Healthy pipelines reported count is 0, required healthy pipeline reported count is 1
2021-01-09 14:08:07,576 [pool-67-thread-1] INFO  server.RaftServer$Division (RaftServerImpl.java:<init>(179)) - 470fbf9d-806e-42f0-a865-c68422311eea: new RaftServerImpl for group-31B6157E209C:[c6546d7c-3c2c-4358-92ae-ae46770bf30e|rpc:172.17.0.2:44259|priority:1, 470fbf9d-806e-42f0-a865-c68422311eea|rpc:172.17.0.2:41015|priority:0, 3325cc50-49b5-4605-b753-fe51c7c4e469|rpc:172.17.0.2:45501|priority:0] with ContainerStateMachine:uninitialized
2021-01-09 14:08:07,576 [pool-67-thread-1] INFO  server.RaftServerConfigKeys (ConfUtils.java:logGet(44)) - raft.server.rpc.timeout.min = 5s (custom)
2021-01-09 14:08:07,576 [pool-67-thread-1] INFO  server.RaftServerConfigKeys (ConfUtils.java:logGet(44)) - raft.server.rpc.timeout.max = 5200ms (custom)
2021-01-09 14:08:07,576 [pool-67-thread-1] INFO  server.RaftServerConfigKeys (ConfUtils.java:logGet(44)) - raft.server.rpc.sleep.time = 25ms (default)
2021-01-09 14:08:07,576 [pool-67-thread-1] INFO  server.RaftServerConfigKeys (ConfUtils.java:logGet(44)) - raft.server.rpc.slowness.timeout = 300s (custom)
2021-01-09 14:08:07,576 [pool-67-thread-1] INFO  server.RaftServerConfigKeys (ConfUtils.java:logGet(44)) - raft.server.leaderelection.leader.step-down.wait-time = 10s (default)
2021-01-09 14:08:07,576 [pool-67-thread-1] INFO  server.RaftServerConfigKeys (ConfUtils.java:logGet(44)) - raft.server.sleep.deviation.threshold = 300ms (default)
2021-01-09 14:08:07,576 [pool-67-thread-1] INFO  server.RaftServerConfigKeys (ConfUtils.java:logGet(44)) - raft.server.log.appender.install.snapshot.enabled = false (custom)
2021-01-09 14:08:07,576 [pool-67-thread-1] INFO  server.RaftServer$Division (ServerState.java:<init>(103)) - 470fbf9d-806e-42f0-a865-c68422311eea@group-31B6157E209C: ConfigurationManager, init=-1: [c6546d7c-3c2c-4358-92ae-ae46770bf30e|rpc:172.17.0.2:44259|priority:1, 470fbf9d-806e-42f0-a865-c68422311eea|rpc:172.17.0.2:41015|priority:0, 3325cc50-49b5-4605-b753-fe51c7c4e469|rpc:172.17.0.2:45501|priority:0], old=null, confs=<EMPTY_MAP>
2021-01-09 14:08:07,576 [pool-67-thread-1] INFO  server.RaftServerConfigKeys (ConfUtils.java:logGet(44)) - raft.server.storage.dir = [/github/workspace/mnt/ozone/hadoop-ozone/integration-test/target/test-dir/MiniOzoneClusterImpl-8961eb2b-7999-4159-8884-2a1a29aa57c4/datanode-0/data/ratis] (custom)
2021-01-09 14:08:07,577 [pool-67-thread-1] INFO  server.RaftServerConfigKeys (ConfUtils.java:logGet(44)) - raft.server.log.corruption.policy = EXCEPTION (default)
2021-01-09 14:08:07,577 [pool-67-thread-1] INFO  storage.RaftStorageDirectory (RaftStorageDirectoryImpl.java:analyzeStorage(132)) - The storage directory /github/workspace/mnt/ozone/hadoop-ozone/integration-test/target/test-dir/MiniOzoneClusterImpl-8961eb2b-7999-4159-8884-2a1a29aa57c4/datanode-0/data/ratis/1253064e-b1c3-41bb-b7d2-31b6157e209c does not exist. Creating ...
2021-01-09 14:08:07,580 [pool-67-thread-1] INFO  storage.RaftStorageDirectory (RaftStorageDirectoryImpl.java:tryLock(215)) - Lock on /github/workspace/mnt/ozone/hadoop-ozone/integration-test/target/test-dir/MiniOzoneClusterImpl-8961eb2b-7999-4159-8884-2a1a29aa57c4/datanode-0/data/ratis/1253064e-b1c3-41bb-b7d2-31b6157e209c/in_use.lock acquired by nodename 13839@849aa166ea4e
2021-01-09 14:08:07,581 [pool-67-thread-1] INFO  storage.RaftStorage (RaftStorageImpl.java:format(87)) - Storage directory /github/workspace/mnt/ozone/hadoop-ozone/integration-test/target/test-dir/MiniOzoneClusterImpl-8961eb2b-7999-4159-8884-2a1a29aa57c4/datanode-0/data/ratis/1253064e-b1c3-41bb-b7d2-31b6157e209c has been successfully formatted.
2021-01-09 14:08:07,584 [pool-67-thread-1] INFO  ratis.ContainerStateMachine (ContainerStateMachine.java:loadSnapshot(223)) - group-31B6157E209C: The snapshot info is null. Setting the last applied indexto:(t:0, i:~)
2021-01-09 14:08:07,584 [pool-67-thread-1] ERROR storage.RaftStorage (RaftStorageImpl.java:readRaftConfiguration(147)) - Failed reading configuration from file:/github/workspace/mnt/ozone/hadoop-ozone/integration-test/target/test-dir/MiniOzoneClusterImpl-8961eb2b-7999-4159-8884-2a1a29aa57c4/datanode-0/data/ratis/1253064e-b1c3-41bb-b7d2-31b6157e209c/current/raft-meta.conf
java.io.FileNotFoundException: /github/workspace/mnt/ozone/hadoop-ozone/integration-test/target/test-dir/MiniOzoneClusterImpl-8961eb2b-7999-4159-8884-2a1a29aa57c4/datanode-0/data/ratis/1253064e-b1c3-41bb-b7d2-31b6157e209c/current/raft-meta.conf (No such file or directory)
	at java.io.FileInputStream.open0(Native Method)
	at java.io.FileInputStream.open(FileInputStream.java:195)
	at java.io.FileInputStream.<init>(FileInputStream.java:138)
	at org.apache.ratis.server.storage.RaftStorageImpl.readRaftConfiguration(RaftStorageImpl.java:143)
	at org.apache.ratis.server.impl.ServerState.<init>(ServerState.java:113)
	at org.apache.ratis.server.impl.RaftServerImpl.<init>(RaftServerImpl.java:192)
	at org.apache.ratis.server.impl.RaftServerProxy.lambda$newRaftServerImpl$4(RaftServerProxy.java:266)
	at java.util.concurrent.CompletableFuture$AsyncSupply.run(CompletableFuture.java:1604)
	at java.util.concurrent.ThreadPoolExecutor.runWorker(ThreadPoolExecutor.java:1149)
	at java.util.concurrent.ThreadPoolExecutor$Worker.run(ThreadPoolExecutor.java:624)
	at java.lang.Thread.run(Thread.java:748)
2021-01-09 14:08:07,584 [pool-67-thread-1] INFO  server.RaftServerConfigKeys (ConfUtils.java:logGet(44)) - raft.server.notification.no-leader.timeout = 300s (custom)
2021-01-09 14:08:07,584 [pool-67-thread-1] INFO  server.RaftServerConfigKeys (ConfUtils.java:logGet(44)) - raft.server.log.use.memory = false (default)
2021-01-09 14:08:07,584 [pool-67-thread-1] INFO  server.RaftServerConfigKeys (ConfUtils.java:logGet(44)) - raft.server.log.purge.gap = 1000000 (custom)
2021-01-09 14:08:07,585 [pool-67-thread-1] INFO  server.RaftServerConfigKeys (ConfUtils.java:logGet(44)) - raft.server.log.appender.buffer.byte-limit = 33554432 (custom)
2021-01-09 14:08:07,585 [pool-67-thread-1] INFO  metrics.RatisMetrics (RatisMetrics.java:lambda$create$0(36)) - Creating Metrics Registry : ratis.log_worker.470fbf9d-806e-42f0-a865-c68422311eea@group-31B6157E209C
2021-01-09 14:08:07,585 [pool-67-thread-1] INFO  server.RaftServerConfigKeys (ConfUtils.java:logGet(44)) - raft.server.log.segment.size.max = 1048576 (custom)
2021-01-09 14:08:07,586 [pool-67-thread-1] INFO  server.RaftServerConfigKeys (ConfUtils.java:logGet(44)) - raft.server.log.segment.cache.num.max = 2 (custom)
2021-01-09 14:08:07,586 [pool-67-thread-1] INFO  server.RaftServerConfigKeys (ConfUtils.java:logGet(44)) - raft.server.log.segment.cache.size.max = 200MB (=209715200) (default)
2021-01-09 14:08:07,586 [pool-67-thread-1] INFO  segmented.SegmentedRaftLogWorker (SegmentedRaftLogWorker.java:<init>(181)) - new 470fbf9d-806e-42f0-a865-c68422311eea@group-31B6157E209C-SegmentedRaftLogWorker for RaftStorageImpl:Storage Directory /github/workspace/mnt/ozone/hadoop-ozone/integration-test/target/test-dir/MiniOzoneClusterImpl-8961eb2b-7999-4159-8884-2a1a29aa57c4/datanode-0/data/ratis/1253064e-b1c3-41bb-b7d2-31b6157e209c
2021-01-09 14:08:07,587 [pool-67-thread-1] INFO  server.RaftServerConfigKeys (ConfUtils.java:logGet(44)) - raft.server.log.queue.byte-limit = 2147483647 (custom)
2021-01-09 14:08:07,588 [pool-67-thread-1] INFO  server.RaftServerConfigKeys (ConfUtils.java:logGet(44)) - raft.server.log.queue.element-limit = 1024 (custom)
2021-01-09 14:08:07,588 [pool-67-thread-1] INFO  server.RaftServerConfigKeys (ConfUtils.java:logGet(44)) - raft.server.log.segment.size.max = 1048576 (custom)
2021-01-09 14:08:07,588 [pool-67-thread-1] INFO  server.RaftServerConfigKeys (ConfUtils.java:logGet(44)) - raft.server.log.preallocated.size = 16384 (custom)
2021-01-09 14:08:07,588 [pool-67-thread-1] INFO  server.RaftServerConfigKeys (ConfUtils.java:logGet(44)) - raft.server.log.force.sync.num = 128 (default)
2021-01-09 14:08:07,588 [pool-67-thread-1] INFO  server.RaftServerConfigKeys (ConfUtils.java:logGet(44)) - raft.server.log.statemachine.data.sync = true (default)
2021-01-09 14:08:07,588 [pool-67-thread-1] INFO  server.RaftServerConfigKeys (ConfUtils.java:logGet(44)) - raft.server.log.statemachine.data.sync.timeout = 10s (default)
2021-01-09 14:08:07,591 [pool-67-thread-1] INFO  server.RaftServerConfigKeys (ConfUtils.java:logGet(44)) - raft.server.log.statemachine.data.sync.timeout.retry = -1 (default)
2021-01-09 14:08:07,592 [EventQueue-PipelineReportForOneReplicaPipelineSafeModeRule] INFO  safemode.SCMSafeModeManager (SCMSafeModeManager.java:validateSafeModeExitRules(214)) - AtleastOneDatanodeReportedRule rule is successfully validated
2021-01-09 14:08:07,592 [pool-67-thread-1] INFO  server.RaftServerConfigKeys (ConfUtils.java:logGet(44)) - raft.server.log.write.buffer.size = 1048576 (custom)
2021-01-09 14:08:07,593 [EventQueue-OpenPipelineForHealthyPipelineSafeModeRule] INFO  safemode.SCMSafeModeManager (HealthyPipelineSafeModeRule.java:process(128)) - SCM in safe mode. Healthy pipelines reported count is 0, required healthy pipeline reported count is 1
2021-01-09 14:08:07,593 [pool-67-thread-1] INFO  server.RaftServerConfigKeys (ConfUtils.java:logGet(44)) - raft.server.log.statemachine.data.caching.enabled = true (custom)
2021-01-09 14:08:07,593 [pool-67-thread-1] INFO  segmented.SegmentedRaftLogWorker (SegmentedRaftLogWorker.java:lambda$new$0(132)) - 470fbf9d-806e-42f0-a865-c68422311eea@group-31B6157E209C-SegmentedRaftLogWorker: flushIndex: setUnconditionally 0 -> -1
2021-01-09 14:08:07,594 [pool-67-thread-1] INFO  segmented.SegmentedRaftLogWorker (SegmentedRaftLogWorker.java:lambda$new$0(132)) - 470fbf9d-806e-42f0-a865-c68422311eea@group-31B6157E209C-SegmentedRaftLogWorker: safeCacheEvictIndex: setUnconditionally 0 -> -1
2021-01-09 14:08:07,596 [pool-67-thread-1] INFO  server.RaftServerConfigKeys (ConfUtils.java:logGet(44)) - raft.server.snapshot.auto.trigger.enabled = true (custom)
2021-01-09 14:08:07,596 [pool-67-thread-1] INFO  server.RaftServerConfigKeys (ConfUtils.java:logGet(44)) - raft.server.snapshot.auto.trigger.threshold = 10000 (custom)
2021-01-09 14:08:07,596 [pool-67-thread-1] INFO  server.RaftServerConfigKeys (ConfUtils.java:logGet(44)) - raft.server.snapshot.retention.file.num = 5 (custom)
2021-01-09 14:08:07,597 [pool-67-thread-1] INFO  server.RaftServerConfigKeys (ConfUtils.java:logGet(44)) - raft.server.log.purge.upto.snapshot.index = false (default)
2021-01-09 14:08:07,597 [pool-67-thread-1] INFO  server.RaftServerConfigKeys (ConfUtils.java:logGet(44)) - raft.server.retrycache.expirytime = 600000ms (custom)
2021-01-09 14:08:07,597 [pool-67-thread-1] INFO  server.RaftServerConfigKeys (ConfUtils.java:logGet(44)) - raft.server.retrycache.statistics.expirytime = 100?s (default)
2021-01-09 14:08:07,597 [pool-67-thread-1] INFO  metrics.RatisMetrics (RatisMetrics.java:lambda$create$0(36)) - Creating Metrics Registry : ratis.leader_election.470fbf9d-806e-42f0-a865-c68422311eea@group-31B6157E209C
2021-01-09 14:08:07,597 [pool-67-thread-1] INFO  metrics.RatisMetrics (RatisMetrics.java:lambda$create$0(36)) - Creating Metrics Registry : ratis.server.470fbf9d-806e-42f0-a865-c68422311eea@group-31B6157E209C
2021-01-09 14:08:07,598 [pool-67-thread-1] INFO  server.RaftServer$Division (RaftServerImpl.java:start(294)) - 470fbf9d-806e-42f0-a865-c68422311eea@group-31B6157E209C: start as a follower, conf=-1: [c6546d7c-3c2c-4358-92ae-ae46770bf30e|rpc:172.17.0.2:44259|priority:1, 470fbf9d-806e-42f0-a865-c68422311eea|rpc:172.17.0.2:41015|priority:0, 3325cc50-49b5-4605-b753-fe51c7c4e469|rpc:172.17.0.2:45501|priority:0], old=null
2021-01-09 14:08:07,598 [pool-67-thread-1] INFO  server.RaftServer$Division (RaftServerImpl.java:setRole(283)) - 470fbf9d-806e-42f0-a865-c68422311eea@group-31B6157E209C: changes role from      null to FOLLOWER at term 0 for startAsFollower
2021-01-09 14:08:07,598 [pool-67-thread-1] INFO  impl.RoleInfo (RoleInfo.java:updateAndGet(130)) - 470fbf9d-806e-42f0-a865-c68422311eea: start 470fbf9d-806e-42f0-a865-c68422311eea@group-31B6157E209C-FollowerState
2021-01-09 14:08:07,598 [pool-67-thread-1] INFO  util.JmxRegister (JmxRegister.java:tryRegister(44)) - Successfully registered JMX Bean with object name Ratis:service=RaftServer,group=group-31B6157E209C,id=470fbf9d-806e-42f0-a865-c68422311eea
2021-01-09 14:08:07,598 [pool-67-thread-1] INFO  metrics.RatisMetrics (RatisMetrics.java:lambda$create$0(36)) - Creating Metrics Registry : ratis.state_machine.470fbf9d-806e-42f0-a865-c68422311eea@group-31B6157E209C
2021-01-09 14:08:07,636 [Command processor thread] INFO  metrics.RatisMetrics (RatisMetrics.java:lambda$create$0(36)) - Creating Metrics Registry : ratis.client_message_metrics.client-CF3C5076F964->c6546d7c-3c2c-4358-92ae-ae46770bf30e
2021-01-09 14:08:07,665 [grpc-default-executor-1] INFO  metrics.RatisMetrics (RatisMetrics.java:lambda$create$0(36)) - Creating Metrics Registry : ratis.server_message_metrics.c6546d7c-3c2c-4358-92ae-ae46770bf30e
2021-01-09 14:08:07,677 [grpc-default-executor-1] INFO  server.RaftServer (RaftServerProxy.java:addNew(95)) - c6546d7c-3c2c-4358-92ae-ae46770bf30e: addNew group-31B6157E209C:[c6546d7c-3c2c-4358-92ae-ae46770bf30e|rpc:172.17.0.2:44259|dataStream:|priority:1, 470fbf9d-806e-42f0-a865-c68422311eea|rpc:172.17.0.2:41015|dataStream:|priority:0, 3325cc50-49b5-4605-b753-fe51c7c4e469|rpc:172.17.0.2:45501|dataStream:|priority:0] returns group-31B6157E209C:java.util.concurrent.CompletableFuture@1a4639df[Not completed]
2021-01-09 14:08:07,689 [pool-99-thread-1] INFO  server.RaftServer$Division (RaftServerImpl.java:<init>(179)) - c6546d7c-3c2c-4358-92ae-ae46770bf30e: new RaftServerImpl for group-31B6157E209C:[c6546d7c-3c2c-4358-92ae-ae46770bf30e|rpc:172.17.0.2:44259|dataStream:|priority:1, 470fbf9d-806e-42f0-a865-c68422311eea|rpc:172.17.0.2:41015|dataStream:|priority:0, 3325cc50-49b5-4605-b753-fe51c7c4e469|rpc:172.17.0.2:45501|dataStream:|priority:0] with ContainerStateMachine:uninitialized
2021-01-09 14:08:07,695 [pool-99-thread-1] INFO  server.RaftServerConfigKeys (ConfUtils.java:logGet(44)) - raft.server.rpc.timeout.min = 5s (custom)
2021-01-09 14:08:07,695 [pool-99-thread-1] INFO  server.RaftServerConfigKeys (ConfUtils.java:logGet(44)) - raft.server.rpc.timeout.max = 5200ms (custom)
2021-01-09 14:08:07,695 [pool-99-thread-1] INFO  server.RaftServerConfigKeys (ConfUtils.java:logGet(44)) - raft.server.rpc.sleep.time = 25ms (default)
2021-01-09 14:08:07,696 [pool-99-thread-1] INFO  server.RaftServerConfigKeys (ConfUtils.java:logGet(44)) - raft.server.rpc.slowness.timeout = 300s (custom)
2021-01-09 14:08:07,696 [pool-99-thread-1] INFO  server.RaftServerConfigKeys (ConfUtils.java:logGet(44)) - raft.server.leaderelection.leader.step-down.wait-time = 10s (default)
2021-01-09 14:08:07,696 [pool-99-thread-1] INFO  server.RaftServerConfigKeys (ConfUtils.java:logGet(44)) - raft.server.sleep.deviation.threshold = 300ms (default)
2021-01-09 14:08:07,696 [pool-99-thread-1] INFO  server.RaftServerConfigKeys (ConfUtils.java:logGet(44)) - raft.server.log.appender.install.snapshot.enabled = false (custom)
2021-01-09 14:08:07,696 [pool-99-thread-1] INFO  server.RaftServer$Division (ServerState.java:<init>(103)) - c6546d7c-3c2c-4358-92ae-ae46770bf30e@group-31B6157E209C: ConfigurationManager, init=-1: [c6546d7c-3c2c-4358-92ae-ae46770bf30e|rpc:172.17.0.2:44259|dataStream:|priority:1, 470fbf9d-806e-42f0-a865-c68422311eea|rpc:172.17.0.2:41015|dataStream:|priority:0, 3325cc50-49b5-4605-b753-fe51c7c4e469|rpc:172.17.0.2:45501|dataStream:|priority:0], old=null, confs=<EMPTY_MAP>
2021-01-09 14:08:07,696 [pool-99-thread-1] INFO  server.RaftServerConfigKeys (ConfUtils.java:logGet(44)) - raft.server.storage.dir = [/github/workspace/mnt/ozone/hadoop-ozone/integration-test/target/test-dir/MiniOzoneClusterImpl-8961eb2b-7999-4159-8884-2a1a29aa57c4/datanode-2/data/ratis] (custom)
2021-01-09 14:08:07,696 [pool-99-thread-1] INFO  server.RaftServerConfigKeys (ConfUtils.java:logGet(44)) - raft.server.log.corruption.policy = EXCEPTION (default)
2021-01-09 14:08:07,696 [pool-99-thread-1] INFO  storage.RaftStorageDirectory (RaftStorageDirectoryImpl.java:analyzeStorage(132)) - The storage directory /github/workspace/mnt/ozone/hadoop-ozone/integration-test/target/test-dir/MiniOzoneClusterImpl-8961eb2b-7999-4159-8884-2a1a29aa57c4/datanode-2/data/ratis/1253064e-b1c3-41bb-b7d2-31b6157e209c does not exist. Creating ...
2021-01-09 14:08:07,697 [pool-99-thread-1] INFO  storage.RaftStorageDirectory (RaftStorageDirectoryImpl.java:tryLock(215)) - Lock on /github/workspace/mnt/ozone/hadoop-ozone/integration-test/target/test-dir/MiniOzoneClusterImpl-8961eb2b-7999-4159-8884-2a1a29aa57c4/datanode-2/data/ratis/1253064e-b1c3-41bb-b7d2-31b6157e209c/in_use.lock acquired by nodename 13839@849aa166ea4e
2021-01-09 14:08:07,699 [pool-99-thread-1] INFO  storage.RaftStorage (RaftStorageImpl.java:format(87)) - Storage directory /github/workspace/mnt/ozone/hadoop-ozone/integration-test/target/test-dir/MiniOzoneClusterImpl-8961eb2b-7999-4159-8884-2a1a29aa57c4/datanode-2/data/ratis/1253064e-b1c3-41bb-b7d2-31b6157e209c has been successfully formatted.
2021-01-09 14:08:07,699 [pool-99-thread-1] INFO  ratis.ContainerStateMachine (ContainerStateMachine.java:loadSnapshot(223)) - group-31B6157E209C: The snapshot info is null. Setting the last applied indexto:(t:0, i:~)
2021-01-09 14:08:07,699 [pool-99-thread-1] ERROR storage.RaftStorage (RaftStorageImpl.java:readRaftConfiguration(147)) - Failed reading configuration from file:/github/workspace/mnt/ozone/hadoop-ozone/integration-test/target/test-dir/MiniOzoneClusterImpl-8961eb2b-7999-4159-8884-2a1a29aa57c4/datanode-2/data/ratis/1253064e-b1c3-41bb-b7d2-31b6157e209c/current/raft-meta.conf
java.io.FileNotFoundException: /github/workspace/mnt/ozone/hadoop-ozone/integration-test/target/test-dir/MiniOzoneClusterImpl-8961eb2b-7999-4159-8884-2a1a29aa57c4/datanode-2/data/ratis/1253064e-b1c3-41bb-b7d2-31b6157e209c/current/raft-meta.conf (No such file or directory)
	at java.io.FileInputStream.open0(Native Method)
	at java.io.FileInputStream.open(FileInputStream.java:195)
	at java.io.FileInputStream.<init>(FileInputStream.java:138)
	at org.apache.ratis.server.storage.RaftStorageImpl.readRaftConfiguration(RaftStorageImpl.java:143)
	at org.apache.ratis.server.impl.ServerState.<init>(ServerState.java:113)
	at org.apache.ratis.server.impl.RaftServerImpl.<init>(RaftServerImpl.java:192)
	at org.apache.ratis.server.impl.RaftServerProxy.lambda$newRaftServerImpl$4(RaftServerProxy.java:266)
	at java.util.concurrent.CompletableFuture$AsyncSupply.run(CompletableFuture.java:1604)
	at java.util.concurrent.ThreadPoolExecutor.runWorker(ThreadPoolExecutor.java:1149)
	at java.util.concurrent.ThreadPoolExecutor$Worker.run(ThreadPoolExecutor.java:624)
	at java.lang.Thread.run(Thread.java:748)
2021-01-09 14:08:07,699 [pool-99-thread-1] INFO  server.RaftServerConfigKeys (ConfUtils.java:logGet(44)) - raft.server.notification.no-leader.timeout = 300s (custom)
2021-01-09 14:08:07,699 [pool-99-thread-1] INFO  server.RaftServerConfigKeys (ConfUtils.java:logGet(44)) - raft.server.log.use.memory = false (default)
2021-01-09 14:08:07,699 [pool-99-thread-1] INFO  server.RaftServerConfigKeys (ConfUtils.java:logGet(44)) - raft.server.log.purge.gap = 1000000 (custom)
2021-01-09 14:08:07,699 [pool-99-thread-1] INFO  server.RaftServerConfigKeys (ConfUtils.java:logGet(44)) - raft.server.log.appender.buffer.byte-limit = 33554432 (custom)
2021-01-09 14:08:07,700 [pool-99-thread-1] INFO  metrics.RatisMetrics (RatisMetrics.java:lambda$create$0(36)) - Creating Metrics Registry : ratis.log_worker.c6546d7c-3c2c-4358-92ae-ae46770bf30e@group-31B6157E209C
2021-01-09 14:08:07,700 [pool-99-thread-1] INFO  server.RaftServerConfigKeys (ConfUtils.java:logGet(44)) - raft.server.log.segment.size.max = 1048576 (custom)
2021-01-09 14:08:07,700 [pool-99-thread-1] INFO  server.RaftServerConfigKeys (ConfUtils.java:logGet(44)) - raft.server.log.segment.cache.num.max = 2 (custom)
2021-01-09 14:08:07,700 [pool-99-thread-1] INFO  server.RaftServerConfigKeys (ConfUtils.java:logGet(44)) - raft.server.log.segment.cache.size.max = 200MB (=209715200) (default)
2021-01-09 14:08:07,700 [pool-99-thread-1] INFO  segmented.SegmentedRaftLogWorker (SegmentedRaftLogWorker.java:<init>(181)) - new c6546d7c-3c2c-4358-92ae-ae46770bf30e@group-31B6157E209C-SegmentedRaftLogWorker for RaftStorageImpl:Storage Directory /github/workspace/mnt/ozone/hadoop-ozone/integration-test/target/test-dir/MiniOzoneClusterImpl-8961eb2b-7999-4159-8884-2a1a29aa57c4/datanode-2/data/ratis/1253064e-b1c3-41bb-b7d2-31b6157e209c
2021-01-09 14:08:07,700 [pool-99-thread-1] INFO  server.RaftServerConfigKeys (ConfUtils.java:logGet(44)) - raft.server.log.queue.byte-limit = 2147483647 (custom)
2021-01-09 14:08:07,700 [pool-99-thread-1] INFO  server.RaftServerConfigKeys (ConfUtils.java:logGet(44)) - raft.server.log.queue.element-limit = 1024 (custom)
2021-01-09 14:08:07,700 [pool-99-thread-1] INFO  server.RaftServerConfigKeys (ConfUtils.java:logGet(44)) - raft.server.log.segment.size.max = 1048576 (custom)
2021-01-09 14:08:07,700 [pool-99-thread-1] INFO  server.RaftServerConfigKeys (ConfUtils.java:logGet(44)) - raft.server.log.preallocated.size = 16384 (custom)
2021-01-09 14:08:07,700 [pool-99-thread-1] INFO  server.RaftServerConfigKeys (ConfUtils.java:logGet(44)) - raft.server.log.force.sync.num = 128 (default)
2021-01-09 14:08:07,701 [pool-99-thread-1] INFO  server.RaftServerConfigKeys (ConfUtils.java:logGet(44)) - raft.server.log.statemachine.data.sync = true (default)
2021-01-09 14:08:07,701 [pool-99-thread-1] INFO  server.RaftServerConfigKeys (ConfUtils.java:logGet(44)) - raft.server.log.statemachine.data.sync.timeout = 10s (default)
2021-01-09 14:08:07,701 [pool-99-thread-1] INFO  server.RaftServerConfigKeys (ConfUtils.java:logGet(44)) - raft.server.log.statemachine.data.sync.timeout.retry = -1 (default)
2021-01-09 14:08:07,701 [pool-99-thread-1] INFO  server.RaftServerConfigKeys (ConfUtils.java:logGet(44)) - raft.server.log.write.buffer.size = 1048576 (custom)
2021-01-09 14:08:07,702 [pool-99-thread-1] INFO  server.RaftServerConfigKeys (ConfUtils.java:logGet(44)) - raft.server.log.statemachine.data.caching.enabled = true (custom)
2021-01-09 14:08:07,702 [pool-99-thread-1] INFO  segmented.SegmentedRaftLogWorker (SegmentedRaftLogWorker.java:lambda$new$0(132)) - c6546d7c-3c2c-4358-92ae-ae46770bf30e@group-31B6157E209C-SegmentedRaftLogWorker: flushIndex: setUnconditionally 0 -> -1
2021-01-09 14:08:07,702 [pool-99-thread-1] INFO  segmented.SegmentedRaftLogWorker (SegmentedRaftLogWorker.java:lambda$new$0(132)) - c6546d7c-3c2c-4358-92ae-ae46770bf30e@group-31B6157E209C-SegmentedRaftLogWorker: safeCacheEvictIndex: setUnconditionally 0 -> -1
2021-01-09 14:08:07,715 [pool-99-thread-1] INFO  server.RaftServerConfigKeys (ConfUtils.java:logGet(44)) - raft.server.snapshot.auto.trigger.enabled = true (custom)
2021-01-09 14:08:07,715 [pool-99-thread-1] INFO  server.RaftServerConfigKeys (ConfUtils.java:logGet(44)) - raft.server.snapshot.auto.trigger.threshold = 10000 (custom)
2021-01-09 14:08:07,715 [pool-99-thread-1] INFO  server.RaftServerConfigKeys (ConfUtils.java:logGet(44)) - raft.server.snapshot.retention.file.num = 5 (custom)
2021-01-09 14:08:07,715 [pool-99-thread-1] INFO  server.RaftServerConfigKeys (ConfUtils.java:logGet(44)) - raft.server.log.purge.upto.snapshot.index = false (default)
2021-01-09 14:08:07,715 [pool-99-thread-1] INFO  server.RaftServerConfigKeys (ConfUtils.java:logGet(44)) - raft.server.retrycache.expirytime = 600000ms (custom)
2021-01-09 14:08:07,715 [pool-99-thread-1] INFO  server.RaftServerConfigKeys (ConfUtils.java:logGet(44)) - raft.server.retrycache.statistics.expirytime = 100?s (default)
2021-01-09 14:08:07,716 [pool-99-thread-1] INFO  metrics.RatisMetrics (RatisMetrics.java:lambda$create$0(36)) - Creating Metrics Registry : ratis.leader_election.c6546d7c-3c2c-4358-92ae-ae46770bf30e@group-31B6157E209C
2021-01-09 14:08:07,716 [pool-99-thread-1] INFO  metrics.RatisMetrics (RatisMetrics.java:lambda$create$0(36)) - Creating Metrics Registry : ratis.server.c6546d7c-3c2c-4358-92ae-ae46770bf30e@group-31B6157E209C
2021-01-09 14:08:07,716 [pool-99-thread-1] INFO  server.RaftServer$Division (RaftServerImpl.java:start(294)) - c6546d7c-3c2c-4358-92ae-ae46770bf30e@group-31B6157E209C: start as a follower, conf=-1: [c6546d7c-3c2c-4358-92ae-ae46770bf30e|rpc:172.17.0.2:44259|dataStream:|priority:1, 470fbf9d-806e-42f0-a865-c68422311eea|rpc:172.17.0.2:41015|dataStream:|priority:0, 3325cc50-49b5-4605-b753-fe51c7c4e469|rpc:172.17.0.2:45501|dataStream:|priority:0], old=null
2021-01-09 14:08:07,717 [pool-99-thread-1] INFO  server.RaftServer$Division (RaftServerImpl.java:setRole(283)) - c6546d7c-3c2c-4358-92ae-ae46770bf30e@group-31B6157E209C: changes role from      null to FOLLOWER at term 0 for startAsFollower
2021-01-09 14:08:07,717 [pool-99-thread-1] INFO  impl.RoleInfo (RoleInfo.java:updateAndGet(130)) - c6546d7c-3c2c-4358-92ae-ae46770bf30e: start c6546d7c-3c2c-4358-92ae-ae46770bf30e@group-31B6157E209C-FollowerState
2021-01-09 14:08:07,717 [EventQueue-PipelineReportForOneReplicaPipelineSafeModeRule] INFO  safemode.SCMSafeModeManager (SCMSafeModeManager.java:validateSafeModeExitRules(214)) - AtleastOneDatanodeReportedRule rule is successfully validated
2021-01-09 14:08:07,723 [pool-99-thread-1] INFO  util.JmxRegister (JmxRegister.java:tryRegister(44)) - Successfully registered JMX Bean with object name Ratis:service=RaftServer,group=group-31B6157E209C,id=c6546d7c-3c2c-4358-92ae-ae46770bf30e
2021-01-09 14:08:07,723 [pool-99-thread-1] INFO  metrics.RatisMetrics (RatisMetrics.java:lambda$create$0(36)) - Creating Metrics Registry : ratis.state_machine.c6546d7c-3c2c-4358-92ae-ae46770bf30e@group-31B6157E209C
2021-01-09 14:08:07,770 [grpc-default-executor-1] WARN  server.GrpcLogAppender (LogUtils.java:warn(122)) - omNode-1@group-523986131536->omNode-3-AppendLogResponseHandler: Failed appendEntries: org.apache.ratis.thirdparty.io.grpc.StatusRuntimeException: UNAVAILABLE: io exception
2021-01-09 14:08:07,771 [grpc-default-executor-1] WARN  server.GrpcLogAppender (GrpcLogAppender.java:resetClient(111)) - omNode-1@group-523986131536->omNode-3-GrpcLogAppender: Leader has not got in touch with Follower omNode-1@group-523986131536->omNode-3(c-1,m0,n1, attendVote=true, lastRpcSendTime=501, lastRpcResponseTime=9506) yet, just keep nextIndex unchanged and retry.
2021-01-09 14:08:07,783 [Command processor thread] INFO  metrics.RatisMetrics (RatisMetrics.java:lambda$create$0(36)) - Creating Metrics Registry : ratis.client_message_metrics.client-B71F184F8906->3325cc50-49b5-4605-b753-fe51c7c4e469
2021-01-09 14:08:07,792 [grpc-default-executor-1] INFO  metrics.RatisMetrics (RatisMetrics.java:lambda$create$0(36)) - Creating Metrics Registry : ratis.server_message_metrics.3325cc50-49b5-4605-b753-fe51c7c4e469
2021-01-09 14:08:07,793 [grpc-default-executor-1] INFO  server.RaftServer (RaftServerProxy.java:addNew(95)) - 3325cc50-49b5-4605-b753-fe51c7c4e469: addNew group-31B6157E209C:[c6546d7c-3c2c-4358-92ae-ae46770bf30e|rpc:172.17.0.2:44259|dataStream:|priority:1, 470fbf9d-806e-42f0-a865-c68422311eea|rpc:172.17.0.2:41015|dataStream:|priority:0, 3325cc50-49b5-4605-b753-fe51c7c4e469|rpc:172.17.0.2:45501|dataStream:|priority:0] returns group-31B6157E209C:java.util.concurrent.CompletableFuture@5a7e5274[Not completed]
2021-01-09 14:08:07,794 [pool-82-thread-1] INFO  server.RaftServer$Division (RaftServerImpl.java:<init>(179)) - 3325cc50-49b5-4605-b753-fe51c7c4e469: new RaftServerImpl for group-31B6157E209C:[c6546d7c-3c2c-4358-92ae-ae46770bf30e|rpc:172.17.0.2:44259|dataStream:|priority:1, 470fbf9d-806e-42f0-a865-c68422311eea|rpc:172.17.0.2:41015|dataStream:|priority:0, 3325cc50-49b5-4605-b753-fe51c7c4e469|rpc:172.17.0.2:45501|dataStream:|priority:0] with ContainerStateMachine:uninitialized
2021-01-09 14:08:07,794 [pool-82-thread-1] INFO  server.RaftServerConfigKeys (ConfUtils.java:logGet(44)) - raft.server.rpc.timeout.min = 5s (custom)
2021-01-09 14:08:07,794 [pool-82-thread-1] INFO  server.RaftServerConfigKeys (ConfUtils.java:logGet(44)) - raft.server.rpc.timeout.max = 5200ms (custom)
2021-01-09 14:08:07,794 [pool-82-thread-1] INFO  server.RaftServerConfigKeys (ConfUtils.java:logGet(44)) - raft.server.rpc.sleep.time = 25ms (default)
2021-01-09 14:08:07,794 [pool-82-thread-1] INFO  server.RaftServerConfigKeys (ConfUtils.java:logGet(44)) - raft.server.rpc.slowness.timeout = 300s (custom)
2021-01-09 14:08:07,795 [pool-82-thread-1] INFO  server.RaftServerConfigKeys (ConfUtils.java:logGet(44)) - raft.server.leaderelection.leader.step-down.wait-time = 10s (default)
2021-01-09 14:08:07,795 [pool-82-thread-1] INFO  server.RaftServerConfigKeys (ConfUtils.java:logGet(44)) - raft.server.sleep.deviation.threshold = 300ms (default)
2021-01-09 14:08:07,795 [pool-82-thread-1] INFO  server.RaftServerConfigKeys (ConfUtils.java:logGet(44)) - raft.server.log.appender.install.snapshot.enabled = false (custom)
2021-01-09 14:08:07,795 [pool-82-thread-1] INFO  server.RaftServer$Division (ServerState.java:<init>(103)) - 3325cc50-49b5-4605-b753-fe51c7c4e469@group-31B6157E209C: ConfigurationManager, init=-1: [c6546d7c-3c2c-4358-92ae-ae46770bf30e|rpc:172.17.0.2:44259|dataStream:|priority:1, 470fbf9d-806e-42f0-a865-c68422311eea|rpc:172.17.0.2:41015|dataStream:|priority:0, 3325cc50-49b5-4605-b753-fe51c7c4e469|rpc:172.17.0.2:45501|dataStream:|priority:0], old=null, confs=<EMPTY_MAP>
2021-01-09 14:08:07,795 [pool-82-thread-1] INFO  server.RaftServerConfigKeys (ConfUtils.java:logGet(44)) - raft.server.storage.dir = [/github/workspace/mnt/ozone/hadoop-ozone/integration-test/target/test-dir/MiniOzoneClusterImpl-8961eb2b-7999-4159-8884-2a1a29aa57c4/datanode-1/data/ratis] (custom)
2021-01-09 14:08:07,795 [pool-82-thread-1] INFO  server.RaftServerConfigKeys (ConfUtils.java:logGet(44)) - raft.server.log.corruption.policy = EXCEPTION (default)
2021-01-09 14:08:07,795 [pool-82-thread-1] INFO  storage.RaftStorageDirectory (RaftStorageDirectoryImpl.java:analyzeStorage(132)) - The storage directory /github/workspace/mnt/ozone/hadoop-ozone/integration-test/target/test-dir/MiniOzoneClusterImpl-8961eb2b-7999-4159-8884-2a1a29aa57c4/datanode-1/data/ratis/1253064e-b1c3-41bb-b7d2-31b6157e209c does not exist. Creating ...
2021-01-09 14:08:07,796 [pool-82-thread-1] INFO  storage.RaftStorageDirectory (RaftStorageDirectoryImpl.java:tryLock(215)) - Lock on /github/workspace/mnt/ozone/hadoop-ozone/integration-test/target/test-dir/MiniOzoneClusterImpl-8961eb2b-7999-4159-8884-2a1a29aa57c4/datanode-1/data/ratis/1253064e-b1c3-41bb-b7d2-31b6157e209c/in_use.lock acquired by nodename 13839@849aa166ea4e
2021-01-09 14:08:07,797 [pool-82-thread-1] INFO  storage.RaftStorage (RaftStorageImpl.java:format(87)) - Storage directory /github/workspace/mnt/ozone/hadoop-ozone/integration-test/target/test-dir/MiniOzoneClusterImpl-8961eb2b-7999-4159-8884-2a1a29aa57c4/datanode-1/data/ratis/1253064e-b1c3-41bb-b7d2-31b6157e209c has been successfully formatted.
2021-01-09 14:08:07,798 [pool-82-thread-1] INFO  ratis.ContainerStateMachine (ContainerStateMachine.java:loadSnapshot(223)) - group-31B6157E209C: The snapshot info is null. Setting the last applied indexto:(t:0, i:~)
2021-01-09 14:08:07,798 [pool-82-thread-1] ERROR storage.RaftStorage (RaftStorageImpl.java:readRaftConfiguration(147)) - Failed reading configuration from file:/github/workspace/mnt/ozone/hadoop-ozone/integration-test/target/test-dir/MiniOzoneClusterImpl-8961eb2b-7999-4159-8884-2a1a29aa57c4/datanode-1/data/ratis/1253064e-b1c3-41bb-b7d2-31b6157e209c/current/raft-meta.conf
java.io.FileNotFoundException: /github/workspace/mnt/ozone/hadoop-ozone/integration-test/target/test-dir/MiniOzoneClusterImpl-8961eb2b-7999-4159-8884-2a1a29aa57c4/datanode-1/data/ratis/1253064e-b1c3-41bb-b7d2-31b6157e209c/current/raft-meta.conf (No such file or directory)
	at java.io.FileInputStream.open0(Native Method)
	at java.io.FileInputStream.open(FileInputStream.java:195)
	at java.io.FileInputStream.<init>(FileInputStream.java:138)
	at org.apache.ratis.server.storage.RaftStorageImpl.readRaftConfiguration(RaftStorageImpl.java:143)
	at org.apache.ratis.server.impl.ServerState.<init>(ServerState.java:113)
	at org.apache.ratis.server.impl.RaftServerImpl.<init>(RaftServerImpl.java:192)
	at org.apache.ratis.server.impl.RaftServerProxy.lambda$newRaftServerImpl$4(RaftServerProxy.java:266)
	at java.util.concurrent.CompletableFuture$AsyncSupply.run(CompletableFuture.java:1604)
	at java.util.concurrent.ThreadPoolExecutor.runWorker(ThreadPoolExecutor.java:1149)
	at java.util.concurrent.ThreadPoolExecutor$Worker.run(ThreadPoolExecutor.java:624)
	at java.lang.Thread.run(Thread.java:748)
2021-01-09 14:08:07,798 [pool-82-thread-1] INFO  server.RaftServerConfigKeys (ConfUtils.java:logGet(44)) - raft.server.notification.no-leader.timeout = 300s (custom)
2021-01-09 14:08:07,798 [pool-82-thread-1] INFO  server.RaftServerConfigKeys (ConfUtils.java:logGet(44)) - raft.server.log.use.memory = false (default)
2021-01-09 14:08:07,799 [pool-82-thread-1] INFO  server.RaftServerConfigKeys (ConfUtils.java:logGet(44)) - raft.server.log.purge.gap = 1000000 (custom)
2021-01-09 14:08:07,799 [pool-82-thread-1] INFO  server.RaftServerConfigKeys (ConfUtils.java:logGet(44)) - raft.server.log.appender.buffer.byte-limit = 33554432 (custom)
2021-01-09 14:08:07,799 [pool-82-thread-1] INFO  metrics.RatisMetrics (RatisMetrics.java:lambda$create$0(36)) - Creating Metrics Registry : ratis.log_worker.3325cc50-49b5-4605-b753-fe51c7c4e469@group-31B6157E209C
2021-01-09 14:08:07,799 [pool-82-thread-1] INFO  server.RaftServerConfigKeys (ConfUtils.java:logGet(44)) - raft.server.log.segment.size.max = 1048576 (custom)
2021-01-09 14:08:07,803 [pool-82-thread-1] INFO  server.RaftServerConfigKeys (ConfUtils.java:logGet(44)) - raft.server.log.segment.cache.num.max = 2 (custom)
2021-01-09 14:08:07,803 [pool-82-thread-1] INFO  server.RaftServerConfigKeys (ConfUtils.java:logGet(44)) - raft.server.log.segment.cache.size.max = 200MB (=209715200) (default)
2021-01-09 14:08:07,803 [pool-82-thread-1] INFO  segmented.SegmentedRaftLogWorker (SegmentedRaftLogWorker.java:<init>(181)) - new 3325cc50-49b5-4605-b753-fe51c7c4e469@group-31B6157E209C-SegmentedRaftLogWorker for RaftStorageImpl:Storage Directory /github/workspace/mnt/ozone/hadoop-ozone/integration-test/target/test-dir/MiniOzoneClusterImpl-8961eb2b-7999-4159-8884-2a1a29aa57c4/datanode-1/data/ratis/1253064e-b1c3-41bb-b7d2-31b6157e209c
2021-01-09 14:08:07,803 [pool-82-thread-1] INFO  server.RaftServerConfigKeys (ConfUtils.java:logGet(44)) - raft.server.log.queue.byte-limit = 2147483647 (custom)
2021-01-09 14:08:07,803 [EventQueue-PipelineReportForOneReplicaPipelineSafeModeRule] INFO  safemode.SCMSafeModeManager (SCMSafeModeManager.java:validateSafeModeExitRules(214)) - AtleastOneDatanodeReportedRule rule is successfully validated
2021-01-09 14:08:07,803 [pool-82-thread-1] INFO  server.RaftServerConfigKeys (ConfUtils.java:logGet(44)) - raft.server.log.queue.element-limit = 1024 (custom)
2021-01-09 14:08:07,803 [pool-82-thread-1] INFO  server.RaftServerConfigKeys (ConfUtils.java:logGet(44)) - raft.server.log.segment.size.max = 1048576 (custom)
2021-01-09 14:08:07,803 [pool-82-thread-1] INFO  server.RaftServerConfigKeys (ConfUtils.java:logGet(44)) - raft.server.log.preallocated.size = 16384 (custom)
2021-01-09 14:08:07,804 [pool-82-thread-1] INFO  server.RaftServerConfigKeys (ConfUtils.java:logGet(44)) - raft.server.log.force.sync.num = 128 (default)
2021-01-09 14:08:07,804 [pool-82-thread-1] INFO  server.RaftServerConfigKeys (ConfUtils.java:logGet(44)) - raft.server.log.statemachine.data.sync = true (default)
2021-01-09 14:08:07,804 [pool-82-thread-1] INFO  server.RaftServerConfigKeys (ConfUtils.java:logGet(44)) - raft.server.log.statemachine.data.sync.timeout = 10s (default)
2021-01-09 14:08:07,804 [pool-82-thread-1] INFO  server.RaftServerConfigKeys (ConfUtils.java:logGet(44)) - raft.server.log.statemachine.data.sync.timeout.retry = -1 (default)
2021-01-09 14:08:07,804 [EventQueue-OpenPipelineForHealthyPipelineSafeModeRule] INFO  safemode.SCMSafeModeManager (HealthyPipelineSafeModeRule.java:process(128)) - SCM in safe mode. Healthy pipelines reported count is 0, required healthy pipeline reported count is 1
2021-01-09 14:08:07,804 [pool-82-thread-1] INFO  server.RaftServerConfigKeys (ConfUtils.java:logGet(44)) - raft.server.log.write.buffer.size = 1048576 (custom)
2021-01-09 14:08:07,805 [pool-82-thread-1] INFO  server.RaftServerConfigKeys (ConfUtils.java:logGet(44)) - raft.server.log.statemachine.data.caching.enabled = true (custom)
2021-01-09 14:08:07,805 [pool-82-thread-1] INFO  segmented.SegmentedRaftLogWorker (SegmentedRaftLogWorker.java:lambda$new$0(132)) - 3325cc50-49b5-4605-b753-fe51c7c4e469@group-31B6157E209C-SegmentedRaftLogWorker: flushIndex: setUnconditionally 0 -> -1
2021-01-09 14:08:07,805 [pool-82-thread-1] INFO  segmented.SegmentedRaftLogWorker (SegmentedRaftLogWorker.java:lambda$new$0(132)) - 3325cc50-49b5-4605-b753-fe51c7c4e469@group-31B6157E209C-SegmentedRaftLogWorker: safeCacheEvictIndex: setUnconditionally 0 -> -1
2021-01-09 14:08:07,812 [pool-82-thread-1] INFO  server.RaftServerConfigKeys (ConfUtils.java:logGet(44)) - raft.server.snapshot.auto.trigger.enabled = true (custom)
2021-01-09 14:08:07,812 [pool-82-thread-1] INFO  server.RaftServerConfigKeys (ConfUtils.java:logGet(44)) - raft.server.snapshot.auto.trigger.threshold = 10000 (custom)
2021-01-09 14:08:07,812 [pool-82-thread-1] INFO  server.RaftServerConfigKeys (ConfUtils.java:logGet(44)) - raft.server.snapshot.retention.file.num = 5 (custom)
2021-01-09 14:08:07,812 [pool-82-thread-1] INFO  server.RaftServerConfigKeys (ConfUtils.java:logGet(44)) - raft.server.log.purge.upto.snapshot.index = false (default)
2021-01-09 14:08:07,812 [pool-82-thread-1] INFO  server.RaftServerConfigKeys (ConfUtils.java:logGet(44)) - raft.server.retrycache.expirytime = 600000ms (custom)
2021-01-09 14:08:07,812 [pool-82-thread-1] INFO  server.RaftServerConfigKeys (ConfUtils.java:logGet(44)) - raft.server.retrycache.statistics.expirytime = 100?s (default)
2021-01-09 14:08:07,812 [pool-82-thread-1] INFO  metrics.RatisMetrics (RatisMetrics.java:lambda$create$0(36)) - Creating Metrics Registry : ratis.leader_election.3325cc50-49b5-4605-b753-fe51c7c4e469@group-31B6157E209C
2021-01-09 14:08:07,813 [pool-82-thread-1] INFO  metrics.RatisMetrics (RatisMetrics.java:lambda$create$0(36)) - Creating Metrics Registry : ratis.server.3325cc50-49b5-4605-b753-fe51c7c4e469@group-31B6157E209C
2021-01-09 14:08:07,813 [pool-82-thread-1] INFO  server.RaftServer$Division (RaftServerImpl.java:start(294)) - 3325cc50-49b5-4605-b753-fe51c7c4e469@group-31B6157E209C: start as a follower, conf=-1: [c6546d7c-3c2c-4358-92ae-ae46770bf30e|rpc:172.17.0.2:44259|dataStream:|priority:1, 470fbf9d-806e-42f0-a865-c68422311eea|rpc:172.17.0.2:41015|dataStream:|priority:0, 3325cc50-49b5-4605-b753-fe51c7c4e469|rpc:172.17.0.2:45501|dataStream:|priority:0], old=null
2021-01-09 14:08:07,813 [pool-82-thread-1] INFO  server.RaftServer$Division (RaftServerImpl.java:setRole(283)) - 3325cc50-49b5-4605-b753-fe51c7c4e469@group-31B6157E209C: changes role from      null to FOLLOWER at term 0 for startAsFollower
2021-01-09 14:08:07,813 [pool-82-thread-1] INFO  impl.RoleInfo (RoleInfo.java:updateAndGet(130)) - 3325cc50-49b5-4605-b753-fe51c7c4e469: start 3325cc50-49b5-4605-b753-fe51c7c4e469@group-31B6157E209C-FollowerState
2021-01-09 14:08:07,823 [pool-82-thread-1] INFO  util.JmxRegister (JmxRegister.java:tryRegister(44)) - Successfully registered JMX Bean with object name Ratis:service=RaftServer,group=group-31B6157E209C,id=3325cc50-49b5-4605-b753-fe51c7c4e469
2021-01-09 14:08:07,823 [pool-82-thread-1] INFO  metrics.RatisMetrics (RatisMetrics.java:lambda$create$0(36)) - Creating Metrics Registry : ratis.state_machine.3325cc50-49b5-4605-b753-fe51c7c4e469@group-31B6157E209C
2021-01-09 14:08:07,838 [Command processor thread] INFO  commandhandler.CreatePipelineCommandHandler (CreatePipelineCommandHandler.java:handle(106)) - Created Pipeline RATIS THREE PipelineID=1253064e-b1c3-41bb-b7d2-31b6157e209c.
2021-01-09 14:08:07,838 [Command processor thread] INFO  server.RaftServer (RaftServerProxy.java:addNew(95)) - 470fbf9d-806e-42f0-a865-c68422311eea: addNew group-DA1943AF2F04:[c6546d7c-3c2c-4358-92ae-ae46770bf30e|rpc:172.17.0.2:44259|priority:0, 470fbf9d-806e-42f0-a865-c68422311eea|rpc:172.17.0.2:41015|priority:1, 3325cc50-49b5-4605-b753-fe51c7c4e469|rpc:172.17.0.2:45501|priority:0] returns group-DA1943AF2F04:java.util.concurrent.CompletableFuture@2f57b1a4[Not completed]
2021-01-09 14:08:07,839 [pool-67-thread-1] INFO  server.RaftServer$Division (RaftServerImpl.java:<init>(179)) - 470fbf9d-806e-42f0-a865-c68422311eea: new RaftServerImpl for group-DA1943AF2F04:[c6546d7c-3c2c-4358-92ae-ae46770bf30e|rpc:172.17.0.2:44259|priority:0, 470fbf9d-806e-42f0-a865-c68422311eea|rpc:172.17.0.2:41015|priority:1, 3325cc50-49b5-4605-b753-fe51c7c4e469|rpc:172.17.0.2:45501|priority:0] with ContainerStateMachine:uninitialized
2021-01-09 14:08:07,839 [pool-67-thread-1] INFO  server.RaftServerConfigKeys (ConfUtils.java:logGet(44)) - raft.server.rpc.timeout.min = 5s (custom)
2021-01-09 14:08:07,839 [pool-67-thread-1] INFO  server.RaftServerConfigKeys (ConfUtils.java:logGet(44)) - raft.server.rpc.timeout.max = 5200ms (custom)
2021-01-09 14:08:07,839 [pool-67-thread-1] INFO  server.RaftServerConfigKeys (ConfUtils.java:logGet(44)) - raft.server.rpc.sleep.time = 25ms (default)
2021-01-09 14:08:07,839 [pool-67-thread-1] INFO  server.RaftServerConfigKeys (ConfUtils.java:logGet(44)) - raft.server.rpc.slowness.timeout = 300s (custom)
2021-01-09 14:08:07,839 [pool-67-thread-1] INFO  server.RaftServerConfigKeys (ConfUtils.java:logGet(44)) - raft.server.leaderelection.leader.step-down.wait-time = 10s (default)
2021-01-09 14:08:07,839 [pool-67-thread-1] INFO  server.RaftServerConfigKeys (ConfUtils.java:logGet(44)) - raft.server.sleep.deviation.threshold = 300ms (default)
2021-01-09 14:08:07,839 [pool-67-thread-1] INFO  server.RaftServerConfigKeys (ConfUtils.java:logGet(44)) - raft.server.log.appender.install.snapshot.enabled = false (custom)
2021-01-09 14:08:07,839 [pool-67-thread-1] INFO  server.RaftServer$Division (ServerState.java:<init>(103)) - 470fbf9d-806e-42f0-a865-c68422311eea@group-DA1943AF2F04: ConfigurationManager, init=-1: [c6546d7c-3c2c-4358-92ae-ae46770bf30e|rpc:172.17.0.2:44259|priority:0, 470fbf9d-806e-42f0-a865-c68422311eea|rpc:172.17.0.2:41015|priority:1, 3325cc50-49b5-4605-b753-fe51c7c4e469|rpc:172.17.0.2:45501|priority:0], old=null, confs=<EMPTY_MAP>
2021-01-09 14:08:07,840 [pool-67-thread-1] INFO  server.RaftServerConfigKeys (ConfUtils.java:logGet(44)) - raft.server.storage.dir = [/github/workspace/mnt/ozone/hadoop-ozone/integration-test/target/test-dir/MiniOzoneClusterImpl-8961eb2b-7999-4159-8884-2a1a29aa57c4/datanode-0/data/ratis] (custom)
2021-01-09 14:08:07,840 [pool-67-thread-1] INFO  server.RaftServerConfigKeys (ConfUtils.java:logGet(44)) - raft.server.log.corruption.policy = EXCEPTION (default)
2021-01-09 14:08:07,840 [pool-67-thread-1] INFO  storage.RaftStorageDirectory (RaftStorageDirectoryImpl.java:analyzeStorage(132)) - The storage directory /github/workspace/mnt/ozone/hadoop-ozone/integration-test/target/test-dir/MiniOzoneClusterImpl-8961eb2b-7999-4159-8884-2a1a29aa57c4/datanode-0/data/ratis/188ae55a-546a-4727-b3b5-da1943af2f04 does not exist. Creating ...
2021-01-09 14:08:07,844 [pool-67-thread-1] INFO  storage.RaftStorageDirectory (RaftStorageDirectoryImpl.java:tryLock(215)) - Lock on /github/workspace/mnt/ozone/hadoop-ozone/integration-test/target/test-dir/MiniOzoneClusterImpl-8961eb2b-7999-4159-8884-2a1a29aa57c4/datanode-0/data/ratis/188ae55a-546a-4727-b3b5-da1943af2f04/in_use.lock acquired by nodename 13839@849aa166ea4e
2021-01-09 14:08:07,845 [pool-67-thread-1] INFO  storage.RaftStorage (RaftStorageImpl.java:format(87)) - Storage directory /github/workspace/mnt/ozone/hadoop-ozone/integration-test/target/test-dir/MiniOzoneClusterImpl-8961eb2b-7999-4159-8884-2a1a29aa57c4/datanode-0/data/ratis/188ae55a-546a-4727-b3b5-da1943af2f04 has been successfully formatted.
2021-01-09 14:08:07,845 [pool-67-thread-1] INFO  ratis.ContainerStateMachine (ContainerStateMachine.java:loadSnapshot(223)) - group-DA1943AF2F04: The snapshot info is null. Setting the last applied indexto:(t:0, i:~)
2021-01-09 14:08:07,846 [pool-67-thread-1] ERROR storage.RaftStorage (RaftStorageImpl.java:readRaftConfiguration(147)) - Failed reading configuration from file:/github/workspace/mnt/ozone/hadoop-ozone/integration-test/target/test-dir/MiniOzoneClusterImpl-8961eb2b-7999-4159-8884-2a1a29aa57c4/datanode-0/data/ratis/188ae55a-546a-4727-b3b5-da1943af2f04/current/raft-meta.conf
java.io.FileNotFoundException: /github/workspace/mnt/ozone/hadoop-ozone/integration-test/target/test-dir/MiniOzoneClusterImpl-8961eb2b-7999-4159-8884-2a1a29aa57c4/datanode-0/data/ratis/188ae55a-546a-4727-b3b5-da1943af2f04/current/raft-meta.conf (No such file or directory)
	at java.io.FileInputStream.open0(Native Method)
	at java.io.FileInputStream.open(FileInputStream.java:195)
	at java.io.FileInputStream.<init>(FileInputStream.java:138)
	at org.apache.ratis.server.storage.RaftStorageImpl.readRaftConfiguration(RaftStorageImpl.java:143)
	at org.apache.ratis.server.impl.ServerState.<init>(ServerState.java:113)
	at org.apache.ratis.server.impl.RaftServerImpl.<init>(RaftServerImpl.java:192)
	at org.apache.ratis.server.impl.RaftServerProxy.lambda$newRaftServerImpl$4(RaftServerProxy.java:266)
	at java.util.concurrent.CompletableFuture$AsyncSupply.run(CompletableFuture.java:1604)
	at java.util.concurrent.ThreadPoolExecutor.runWorker(ThreadPoolExecutor.java:1149)
	at java.util.concurrent.ThreadPoolExecutor$Worker.run(ThreadPoolExecutor.java:624)
	at java.lang.Thread.run(Thread.java:748)
2021-01-09 14:08:07,846 [pool-67-thread-1] INFO  server.RaftServerConfigKeys (ConfUtils.java:logGet(44)) - raft.server.notification.no-leader.timeout = 300s (custom)
2021-01-09 14:08:07,846 [pool-67-thread-1] INFO  server.RaftServerConfigKeys (ConfUtils.java:logGet(44)) - raft.server.log.use.memory = false (default)
2021-01-09 14:08:07,851 [pool-67-thread-1] INFO  server.RaftServerConfigKeys (ConfUtils.java:logGet(44)) - raft.server.log.purge.gap = 1000000 (custom)
2021-01-09 14:08:07,852 [pool-67-thread-1] INFO  server.RaftServerConfigKeys (ConfUtils.java:logGet(44)) - raft.server.log.appender.buffer.byte-limit = 33554432 (custom)
2021-01-09 14:08:07,852 [pool-67-thread-1] INFO  metrics.RatisMetrics (RatisMetrics.java:lambda$create$0(36)) - Creating Metrics Registry : ratis.log_worker.470fbf9d-806e-42f0-a865-c68422311eea@group-DA1943AF2F04
2021-01-09 14:08:07,852 [EventQueue-PipelineReportForOneReplicaPipelineSafeModeRule] INFO  safemode.SCMSafeModeManager (SCMSafeModeManager.java:validateSafeModeExitRules(214)) - AtleastOneDatanodeReportedRule rule is successfully validated
2021-01-09 14:08:07,852 [EventQueue-OpenPipelineForHealthyPipelineSafeModeRule] INFO  safemode.SCMSafeModeManager (HealthyPipelineSafeModeRule.java:process(128)) - SCM in safe mode. Healthy pipelines reported count is 0, required healthy pipeline reported count is 1
2021-01-09 14:08:07,852 [pool-67-thread-1] INFO  server.RaftServerConfigKeys (ConfUtils.java:logGet(44)) - raft.server.log.segment.size.max = 1048576 (custom)
2021-01-09 14:08:07,853 [pool-67-thread-1] INFO  server.RaftServerConfigKeys (ConfUtils.java:logGet(44)) - raft.server.log.segment.cache.num.max = 2 (custom)
2021-01-09 14:08:07,853 [pool-67-thread-1] INFO  server.RaftServerConfigKeys (ConfUtils.java:logGet(44)) - raft.server.log.segment.cache.size.max = 200MB (=209715200) (default)
2021-01-09 14:08:07,853 [pool-67-thread-1] INFO  segmented.SegmentedRaftLogWorker (SegmentedRaftLogWorker.java:<init>(181)) - new 470fbf9d-806e-42f0-a865-c68422311eea@group-DA1943AF2F04-SegmentedRaftLogWorker for RaftStorageImpl:Storage Directory /github/workspace/mnt/ozone/hadoop-ozone/integration-test/target/test-dir/MiniOzoneClusterImpl-8961eb2b-7999-4159-8884-2a1a29aa57c4/datanode-0/data/ratis/188ae55a-546a-4727-b3b5-da1943af2f04
2021-01-09 14:08:07,853 [pool-67-thread-1] INFO  server.RaftServerConfigKeys (ConfUtils.java:logGet(44)) - raft.server.log.queue.byte-limit = 2147483647 (custom)
2021-01-09 14:08:07,853 [pool-67-thread-1] INFO  server.RaftServerConfigKeys (ConfUtils.java:logGet(44)) - raft.server.log.queue.element-limit = 1024 (custom)
2021-01-09 14:08:07,853 [pool-67-thread-1] INFO  server.RaftServerConfigKeys (ConfUtils.java:logGet(44)) - raft.server.log.segment.size.max = 1048576 (custom)
2021-01-09 14:08:07,853 [pool-67-thread-1] INFO  server.RaftServerConfigKeys (ConfUtils.java:logGet(44)) - raft.server.log.preallocated.size = 16384 (custom)
2021-01-09 14:08:07,853 [pool-67-thread-1] INFO  server.RaftServerConfigKeys (ConfUtils.java:logGet(44)) - raft.server.log.force.sync.num = 128 (default)
2021-01-09 14:08:07,853 [pool-67-thread-1] INFO  server.RaftServerConfigKeys (ConfUtils.java:logGet(44)) - raft.server.log.statemachine.data.sync = true (default)
2021-01-09 14:08:07,853 [pool-67-thread-1] INFO  server.RaftServerConfigKeys (ConfUtils.java:logGet(44)) - raft.server.log.statemachine.data.sync.timeout = 10s (default)
2021-01-09 14:08:07,853 [pool-67-thread-1] INFO  server.RaftServerConfigKeys (ConfUtils.java:logGet(44)) - raft.server.log.statemachine.data.sync.timeout.retry = -1 (default)
2021-01-09 14:08:07,854 [pool-67-thread-1] INFO  server.RaftServerConfigKeys (ConfUtils.java:logGet(44)) - raft.server.log.write.buffer.size = 1048576 (custom)
2021-01-09 14:08:07,855 [pool-67-thread-1] INFO  server.RaftServerConfigKeys (ConfUtils.java:logGet(44)) - raft.server.log.statemachine.data.caching.enabled = true (custom)
2021-01-09 14:08:07,855 [pool-67-thread-1] INFO  segmented.SegmentedRaftLogWorker (SegmentedRaftLogWorker.java:lambda$new$0(132)) - 470fbf9d-806e-42f0-a865-c68422311eea@group-DA1943AF2F04-SegmentedRaftLogWorker: flushIndex: setUnconditionally 0 -> -1
2021-01-09 14:08:07,855 [pool-67-thread-1] INFO  segmented.SegmentedRaftLogWorker (SegmentedRaftLogWorker.java:lambda$new$0(132)) - 470fbf9d-806e-42f0-a865-c68422311eea@group-DA1943AF2F04-SegmentedRaftLogWorker: safeCacheEvictIndex: setUnconditionally 0 -> -1
2021-01-09 14:08:07,858 [pool-67-thread-1] INFO  server.RaftServerConfigKeys (ConfUtils.java:logGet(44)) - raft.server.snapshot.auto.trigger.enabled = true (custom)
2021-01-09 14:08:07,858 [pool-67-thread-1] INFO  server.RaftServerConfigKeys (ConfUtils.java:logGet(44)) - raft.server.snapshot.auto.trigger.threshold = 10000 (custom)
2021-01-09 14:08:07,858 [pool-67-thread-1] INFO  server.RaftServerConfigKeys (ConfUtils.java:logGet(44)) - raft.server.snapshot.retention.file.num = 5 (custom)
2021-01-09 14:08:07,858 [pool-67-thread-1] INFO  server.RaftServerConfigKeys (ConfUtils.java:logGet(44)) - raft.server.log.purge.upto.snapshot.index = false (default)
2021-01-09 14:08:07,859 [pool-67-thread-1] INFO  server.RaftServerConfigKeys (ConfUtils.java:logGet(44)) - raft.server.retrycache.expirytime = 600000ms (custom)
2021-01-09 14:08:07,859 [pool-67-thread-1] INFO  server.RaftServerConfigKeys (ConfUtils.java:logGet(44)) - raft.server.retrycache.statistics.expirytime = 100?s (default)
2021-01-09 14:08:07,859 [pool-67-thread-1] INFO  metrics.RatisMetrics (RatisMetrics.java:lambda$create$0(36)) - Creating Metrics Registry : ratis.leader_election.470fbf9d-806e-42f0-a865-c68422311eea@group-DA1943AF2F04
2021-01-09 14:08:07,859 [pool-67-thread-1] INFO  metrics.RatisMetrics (RatisMetrics.java:lambda$create$0(36)) - Creating Metrics Registry : ratis.server.470fbf9d-806e-42f0-a865-c68422311eea@group-DA1943AF2F04
2021-01-09 14:08:07,860 [pool-67-thread-1] INFO  server.RaftServer$Division (RaftServerImpl.java:start(294)) - 470fbf9d-806e-42f0-a865-c68422311eea@group-DA1943AF2F04: start as a follower, conf=-1: [c6546d7c-3c2c-4358-92ae-ae46770bf30e|rpc:172.17.0.2:44259|priority:0, 470fbf9d-806e-42f0-a865-c68422311eea|rpc:172.17.0.2:41015|priority:1, 3325cc50-49b5-4605-b753-fe51c7c4e469|rpc:172.17.0.2:45501|priority:0], old=null
2021-01-09 14:08:07,860 [pool-67-thread-1] INFO  server.RaftServer$Division (RaftServerImpl.java:setRole(283)) - 470fbf9d-806e-42f0-a865-c68422311eea@group-DA1943AF2F04: changes role from      null to FOLLOWER at term 0 for startAsFollower
2021-01-09 14:08:07,860 [pool-67-thread-1] INFO  impl.RoleInfo (RoleInfo.java:updateAndGet(130)) - 470fbf9d-806e-42f0-a865-c68422311eea: start 470fbf9d-806e-42f0-a865-c68422311eea@group-DA1943AF2F04-FollowerState
2021-01-09 14:08:07,862 [pool-67-thread-1] INFO  util.JmxRegister (JmxRegister.java:tryRegister(44)) - Successfully registered JMX Bean with object name Ratis:service=RaftServer,group=group-DA1943AF2F04,id=470fbf9d-806e-42f0-a865-c68422311eea
2021-01-09 14:08:07,862 [pool-67-thread-1] INFO  metrics.RatisMetrics (RatisMetrics.java:lambda$create$0(36)) - Creating Metrics Registry : ratis.state_machine.470fbf9d-806e-42f0-a865-c68422311eea@group-DA1943AF2F04
2021-01-09 14:08:07,864 [Command processor thread] INFO  metrics.RatisMetrics (RatisMetrics.java:lambda$create$0(36)) - Creating Metrics Registry : ratis.client_message_metrics.client-51783FE27AD5->c6546d7c-3c2c-4358-92ae-ae46770bf30e
2021-01-09 14:08:07,877 [grpc-default-executor-1] INFO  server.RaftServer (RaftServerProxy.java:addNew(95)) - c6546d7c-3c2c-4358-92ae-ae46770bf30e: addNew group-DA1943AF2F04:[c6546d7c-3c2c-4358-92ae-ae46770bf30e|rpc:172.17.0.2:44259|dataStream:|priority:0, 470fbf9d-806e-42f0-a865-c68422311eea|rpc:172.17.0.2:41015|dataStream:|priority:1, 3325cc50-49b5-4605-b753-fe51c7c4e469|rpc:172.17.0.2:45501|dataStream:|priority:0] returns group-DA1943AF2F04:java.util.concurrent.CompletableFuture@23773d14[Not completed]
2021-01-09 14:08:07,878 [pool-99-thread-1] INFO  server.RaftServer$Division (RaftServerImpl.java:<init>(179)) - c6546d7c-3c2c-4358-92ae-ae46770bf30e: new RaftServerImpl for group-DA1943AF2F04:[c6546d7c-3c2c-4358-92ae-ae46770bf30e|rpc:172.17.0.2:44259|dataStream:|priority:0, 470fbf9d-806e-42f0-a865-c68422311eea|rpc:172.17.0.2:41015|dataStream:|priority:1, 3325cc50-49b5-4605-b753-fe51c7c4e469|rpc:172.17.0.2:45501|dataStream:|priority:0] with ContainerStateMachine:uninitialized
2021-01-09 14:08:07,878 [pool-99-thread-1] INFO  server.RaftServerConfigKeys (ConfUtils.java:logGet(44)) - raft.server.rpc.timeout.min = 5s (custom)
2021-01-09 14:08:07,878 [pool-99-thread-1] INFO  server.RaftServerConfigKeys (ConfUtils.java:logGet(44)) - raft.server.rpc.timeout.max = 5200ms (custom)
2021-01-09 14:08:07,878 [pool-99-thread-1] INFO  server.RaftServerConfigKeys (ConfUtils.java:logGet(44)) - raft.server.rpc.sleep.time = 25ms (default)
2021-01-09 14:08:07,878 [pool-99-thread-1] INFO  server.RaftServerConfigKeys (ConfUtils.java:logGet(44)) - raft.server.rpc.slowness.timeout = 300s (custom)
2021-01-09 14:08:07,878 [pool-99-thread-1] INFO  server.RaftServerConfigKeys (ConfUtils.java:logGet(44)) - raft.server.leaderelection.leader.step-down.wait-time = 10s (default)
2021-01-09 14:08:07,878 [pool-99-thread-1] INFO  server.RaftServerConfigKeys (ConfUtils.java:logGet(44)) - raft.server.sleep.deviation.threshold = 300ms (default)
2021-01-09 14:08:07,878 [pool-99-thread-1] INFO  server.RaftServerConfigKeys (ConfUtils.java:logGet(44)) - raft.server.log.appender.install.snapshot.enabled = false (custom)
2021-01-09 14:08:07,878 [pool-99-thread-1] INFO  server.RaftServer$Division (ServerState.java:<init>(103)) - c6546d7c-3c2c-4358-92ae-ae46770bf30e@group-DA1943AF2F04: ConfigurationManager, init=-1: [c6546d7c-3c2c-4358-92ae-ae46770bf30e|rpc:172.17.0.2:44259|dataStream:|priority:0, 470fbf9d-806e-42f0-a865-c68422311eea|rpc:172.17.0.2:41015|dataStream:|priority:1, 3325cc50-49b5-4605-b753-fe51c7c4e469|rpc:172.17.0.2:45501|dataStream:|priority:0], old=null, confs=<EMPTY_MAP>
2021-01-09 14:08:07,878 [pool-99-thread-1] INFO  server.RaftServerConfigKeys (ConfUtils.java:logGet(44)) - raft.server.storage.dir = [/github/workspace/mnt/ozone/hadoop-ozone/integration-test/target/test-dir/MiniOzoneClusterImpl-8961eb2b-7999-4159-8884-2a1a29aa57c4/datanode-2/data/ratis] (custom)
2021-01-09 14:08:07,878 [pool-99-thread-1] INFO  server.RaftServerConfigKeys (ConfUtils.java:logGet(44)) - raft.server.log.corruption.policy = EXCEPTION (default)
2021-01-09 14:08:07,879 [pool-99-thread-1] INFO  storage.RaftStorageDirectory (RaftStorageDirectoryImpl.java:analyzeStorage(132)) - The storage directory /github/workspace/mnt/ozone/hadoop-ozone/integration-test/target/test-dir/MiniOzoneClusterImpl-8961eb2b-7999-4159-8884-2a1a29aa57c4/datanode-2/data/ratis/188ae55a-546a-4727-b3b5-da1943af2f04 does not exist. Creating ...
2021-01-09 14:08:07,880 [pool-99-thread-1] INFO  storage.RaftStorageDirectory (RaftStorageDirectoryImpl.java:tryLock(215)) - Lock on /github/workspace/mnt/ozone/hadoop-ozone/integration-test/target/test-dir/MiniOzoneClusterImpl-8961eb2b-7999-4159-8884-2a1a29aa57c4/datanode-2/data/ratis/188ae55a-546a-4727-b3b5-da1943af2f04/in_use.lock acquired by nodename 13839@849aa166ea4e
2021-01-09 14:08:07,881 [pool-99-thread-1] INFO  storage.RaftStorage (RaftStorageImpl.java:format(87)) - Storage directory /github/workspace/mnt/ozone/hadoop-ozone/integration-test/target/test-dir/MiniOzoneClusterImpl-8961eb2b-7999-4159-8884-2a1a29aa57c4/datanode-2/data/ratis/188ae55a-546a-4727-b3b5-da1943af2f04 has been successfully formatted.
2021-01-09 14:08:07,881 [pool-99-thread-1] INFO  ratis.ContainerStateMachine (ContainerStateMachine.java:loadSnapshot(223)) - group-DA1943AF2F04: The snapshot info is null. Setting the last applied indexto:(t:0, i:~)
2021-01-09 14:08:07,881 [pool-99-thread-1] ERROR storage.RaftStorage (RaftStorageImpl.java:readRaftConfiguration(147)) - Failed reading configuration from file:/github/workspace/mnt/ozone/hadoop-ozone/integration-test/target/test-dir/MiniOzoneClusterImpl-8961eb2b-7999-4159-8884-2a1a29aa57c4/datanode-2/data/ratis/188ae55a-546a-4727-b3b5-da1943af2f04/current/raft-meta.conf
java.io.FileNotFoundException: /github/workspace/mnt/ozone/hadoop-ozone/integration-test/target/test-dir/MiniOzoneClusterImpl-8961eb2b-7999-4159-8884-2a1a29aa57c4/datanode-2/data/ratis/188ae55a-546a-4727-b3b5-da1943af2f04/current/raft-meta.conf (No such file or directory)
	at java.io.FileInputStream.open0(Native Method)
	at java.io.FileInputStream.open(FileInputStream.java:195)
	at java.io.FileInputStream.<init>(FileInputStream.java:138)
	at org.apache.ratis.server.storage.RaftStorageImpl.readRaftConfiguration(RaftStorageImpl.java:143)
	at org.apache.ratis.server.impl.ServerState.<init>(ServerState.java:113)
	at org.apache.ratis.server.impl.RaftServerImpl.<init>(RaftServerImpl.java:192)
	at org.apache.ratis.server.impl.RaftServerProxy.lambda$newRaftServerImpl$4(RaftServerProxy.java:266)
	at java.util.concurrent.CompletableFuture$AsyncSupply.run(CompletableFuture.java:1604)
	at java.util.concurrent.ThreadPoolExecutor.runWorker(ThreadPoolExecutor.java:1149)
	at java.util.concurrent.ThreadPoolExecutor$Worker.run(ThreadPoolExecutor.java:624)
	at java.lang.Thread.run(Thread.java:748)
2021-01-09 14:08:07,881 [pool-99-thread-1] INFO  server.RaftServerConfigKeys (ConfUtils.java:logGet(44)) - raft.server.notification.no-leader.timeout = 300s (custom)
2021-01-09 14:08:07,881 [pool-99-thread-1] INFO  server.RaftServerConfigKeys (ConfUtils.java:logGet(44)) - raft.server.log.use.memory = false (default)
2021-01-09 14:08:07,881 [pool-99-thread-1] INFO  server.RaftServerConfigKeys (ConfUtils.java:logGet(44)) - raft.server.log.purge.gap = 1000000 (custom)
2021-01-09 14:08:07,881 [pool-99-thread-1] INFO  server.RaftServerConfigKeys (ConfUtils.java:logGet(44)) - raft.server.log.appender.buffer.byte-limit = 33554432 (custom)
2021-01-09 14:08:07,881 [pool-99-thread-1] INFO  metrics.RatisMetrics (RatisMetrics.java:lambda$create$0(36)) - Creating Metrics Registry : ratis.log_worker.c6546d7c-3c2c-4358-92ae-ae46770bf30e@group-DA1943AF2F04
2021-01-09 14:08:07,882 [pool-99-thread-1] INFO  server.RaftServerConfigKeys (ConfUtils.java:logGet(44)) - raft.server.log.segment.size.max = 1048576 (custom)
2021-01-09 14:08:07,882 [pool-99-thread-1] INFO  server.RaftServerConfigKeys (ConfUtils.java:logGet(44)) - raft.server.log.segment.cache.num.max = 2 (custom)
2021-01-09 14:08:07,882 [pool-99-thread-1] INFO  server.RaftServerConfigKeys (ConfUtils.java:logGet(44)) - raft.server.log.segment.cache.size.max = 200MB (=209715200) (default)
2021-01-09 14:08:07,882 [pool-99-thread-1] INFO  segmented.SegmentedRaftLogWorker (SegmentedRaftLogWorker.java:<init>(181)) - new c6546d7c-3c2c-4358-92ae-ae46770bf30e@group-DA1943AF2F04-SegmentedRaftLogWorker for RaftStorageImpl:Storage Directory /github/workspace/mnt/ozone/hadoop-ozone/integration-test/target/test-dir/MiniOzoneClusterImpl-8961eb2b-7999-4159-8884-2a1a29aa57c4/datanode-2/data/ratis/188ae55a-546a-4727-b3b5-da1943af2f04
2021-01-09 14:08:07,888 [EventQueue-PipelineReportForOneReplicaPipelineSafeModeRule] INFO  safemode.SCMSafeModeManager (SCMSafeModeManager.java:validateSafeModeExitRules(214)) - AtleastOneDatanodeReportedRule rule is successfully validated
2021-01-09 14:08:07,888 [pool-99-thread-1] INFO  server.RaftServerConfigKeys (ConfUtils.java:logGet(44)) - raft.server.log.queue.byte-limit = 2147483647 (custom)
2021-01-09 14:08:07,888 [pool-99-thread-1] INFO  server.RaftServerConfigKeys (ConfUtils.java:logGet(44)) - raft.server.log.queue.element-limit = 1024 (custom)
2021-01-09 14:08:07,888 [pool-99-thread-1] INFO  server.RaftServerConfigKeys (ConfUtils.java:logGet(44)) - raft.server.log.segment.size.max = 1048576 (custom)
2021-01-09 14:08:07,889 [pool-99-thread-1] INFO  server.RaftServerConfigKeys (ConfUtils.java:logGet(44)) - raft.server.log.preallocated.size = 16384 (custom)
2021-01-09 14:08:07,889 [pool-99-thread-1] INFO  server.RaftServerConfigKeys (ConfUtils.java:logGet(44)) - raft.server.log.force.sync.num = 128 (default)
2021-01-09 14:08:07,889 [pool-99-thread-1] INFO  server.RaftServerConfigKeys (ConfUtils.java:logGet(44)) - raft.server.log.statemachine.data.sync = true (default)
2021-01-09 14:08:07,889 [pool-99-thread-1] INFO  server.RaftServerConfigKeys (ConfUtils.java:logGet(44)) - raft.server.log.statemachine.data.sync.timeout = 10s (default)
2021-01-09 14:08:07,889 [pool-99-thread-1] INFO  server.RaftServerConfigKeys (ConfUtils.java:logGet(44)) - raft.server.log.statemachine.data.sync.timeout.retry = -1 (default)
2021-01-09 14:08:07,889 [pool-99-thread-1] INFO  server.RaftServerConfigKeys (ConfUtils.java:logGet(44)) - raft.server.log.write.buffer.size = 1048576 (custom)
2021-01-09 14:08:07,890 [pool-99-thread-1] INFO  server.RaftServerConfigKeys (ConfUtils.java:logGet(44)) - raft.server.log.statemachine.data.caching.enabled = true (custom)
2021-01-09 14:08:07,890 [pool-99-thread-1] INFO  segmented.SegmentedRaftLogWorker (SegmentedRaftLogWorker.java:lambda$new$0(132)) - c6546d7c-3c2c-4358-92ae-ae46770bf30e@group-DA1943AF2F04-SegmentedRaftLogWorker: flushIndex: setUnconditionally 0 -> -1
2021-01-09 14:08:07,890 [pool-99-thread-1] INFO  segmented.SegmentedRaftLogWorker (SegmentedRaftLogWorker.java:lambda$new$0(132)) - c6546d7c-3c2c-4358-92ae-ae46770bf30e@group-DA1943AF2F04-SegmentedRaftLogWorker: safeCacheEvictIndex: setUnconditionally 0 -> -1
2021-01-09 14:08:07,891 [pool-99-thread-1] INFO  server.RaftServerConfigKeys (ConfUtils.java:logGet(44)) - raft.server.snapshot.auto.trigger.enabled = true (custom)
2021-01-09 14:08:07,891 [pool-99-thread-1] INFO  server.RaftServerConfigKeys (ConfUtils.java:logGet(44)) - raft.server.snapshot.auto.trigger.threshold = 10000 (custom)
2021-01-09 14:08:07,891 [pool-99-thread-1] INFO  server.RaftServerConfigKeys (ConfUtils.java:logGet(44)) - raft.server.snapshot.retention.file.num = 5 (custom)
2021-01-09 14:08:07,891 [pool-99-thread-1] INFO  server.RaftServerConfigKeys (ConfUtils.java:logGet(44)) - raft.server.log.purge.upto.snapshot.index = false (default)
2021-01-09 14:08:07,891 [pool-99-thread-1] INFO  server.RaftServerConfigKeys (ConfUtils.java:logGet(44)) - raft.server.retrycache.expirytime = 600000ms (custom)
2021-01-09 14:08:07,891 [pool-99-thread-1] INFO  server.RaftServerConfigKeys (ConfUtils.java:logGet(44)) - raft.server.retrycache.statistics.expirytime = 100?s (default)
2021-01-09 14:08:07,891 [pool-99-thread-1] INFO  metrics.RatisMetrics (RatisMetrics.java:lambda$create$0(36)) - Creating Metrics Registry : ratis.leader_election.c6546d7c-3c2c-4358-92ae-ae46770bf30e@group-DA1943AF2F04
2021-01-09 14:08:07,891 [pool-99-thread-1] INFO  metrics.RatisMetrics (RatisMetrics.java:lambda$create$0(36)) - Creating Metrics Registry : ratis.server.c6546d7c-3c2c-4358-92ae-ae46770bf30e@group-DA1943AF2F04
2021-01-09 14:08:07,903 [pool-99-thread-1] INFO  server.RaftServer$Division (RaftServerImpl.java:start(294)) - c6546d7c-3c2c-4358-92ae-ae46770bf30e@group-DA1943AF2F04: start as a follower, conf=-1: [c6546d7c-3c2c-4358-92ae-ae46770bf30e|rpc:172.17.0.2:44259|dataStream:|priority:0, 470fbf9d-806e-42f0-a865-c68422311eea|rpc:172.17.0.2:41015|dataStream:|priority:1, 3325cc50-49b5-4605-b753-fe51c7c4e469|rpc:172.17.0.2:45501|dataStream:|priority:0], old=null
2021-01-09 14:08:07,903 [pool-99-thread-1] INFO  server.RaftServer$Division (RaftServerImpl.java:setRole(283)) - c6546d7c-3c2c-4358-92ae-ae46770bf30e@group-DA1943AF2F04: changes role from      null to FOLLOWER at term 0 for startAsFollower
2021-01-09 14:08:07,903 [pool-99-thread-1] INFO  impl.RoleInfo (RoleInfo.java:updateAndGet(130)) - c6546d7c-3c2c-4358-92ae-ae46770bf30e: start c6546d7c-3c2c-4358-92ae-ae46770bf30e@group-DA1943AF2F04-FollowerState
2021-01-09 14:08:07,907 [pool-99-thread-1] INFO  util.JmxRegister (JmxRegister.java:tryRegister(44)) - Successfully registered JMX Bean with object name Ratis:service=RaftServer,group=group-DA1943AF2F04,id=c6546d7c-3c2c-4358-92ae-ae46770bf30e
2021-01-09 14:08:07,907 [pool-99-thread-1] INFO  metrics.RatisMetrics (RatisMetrics.java:lambda$create$0(36)) - Creating Metrics Registry : ratis.state_machine.c6546d7c-3c2c-4358-92ae-ae46770bf30e@group-DA1943AF2F04
2021-01-09 14:08:07,925 [Command processor thread] INFO  metrics.RatisMetrics (RatisMetrics.java:lambda$create$0(36)) - Creating Metrics Registry : ratis.client_message_metrics.client-1741C8528A65->3325cc50-49b5-4605-b753-fe51c7c4e469
2021-01-09 14:08:07,932 [grpc-default-executor-1] INFO  server.RaftServer (RaftServerProxy.java:addNew(95)) - 3325cc50-49b5-4605-b753-fe51c7c4e469: addNew group-DA1943AF2F04:[c6546d7c-3c2c-4358-92ae-ae46770bf30e|rpc:172.17.0.2:44259|dataStream:|priority:0, 470fbf9d-806e-42f0-a865-c68422311eea|rpc:172.17.0.2:41015|dataStream:|priority:1, 3325cc50-49b5-4605-b753-fe51c7c4e469|rpc:172.17.0.2:45501|dataStream:|priority:0] returns group-DA1943AF2F04:java.util.concurrent.CompletableFuture@7ad6cef4[Not completed]
2021-01-09 14:08:07,933 [pool-82-thread-1] INFO  server.RaftServer$Division (RaftServerImpl.java:<init>(179)) - 3325cc50-49b5-4605-b753-fe51c7c4e469: new RaftServerImpl for group-DA1943AF2F04:[c6546d7c-3c2c-4358-92ae-ae46770bf30e|rpc:172.17.0.2:44259|dataStream:|priority:0, 470fbf9d-806e-42f0-a865-c68422311eea|rpc:172.17.0.2:41015|dataStream:|priority:1, 3325cc50-49b5-4605-b753-fe51c7c4e469|rpc:172.17.0.2:45501|dataStream:|priority:0] with ContainerStateMachine:uninitialized
2021-01-09 14:08:07,934 [pool-82-thread-1] INFO  server.RaftServerConfigKeys (ConfUtils.java:logGet(44)) - raft.server.rpc.timeout.min = 5s (custom)
2021-01-09 14:08:07,934 [pool-82-thread-1] INFO  server.RaftServerConfigKeys (ConfUtils.java:logGet(44)) - raft.server.rpc.timeout.max = 5200ms (custom)
2021-01-09 14:08:07,934 [pool-82-thread-1] INFO  server.RaftServerConfigKeys (ConfUtils.java:logGet(44)) - raft.server.rpc.sleep.time = 25ms (default)
2021-01-09 14:08:07,934 [pool-82-thread-1] INFO  server.RaftServerConfigKeys (ConfUtils.java:logGet(44)) - raft.server.rpc.slowness.timeout = 300s (custom)
2021-01-09 14:08:07,934 [pool-82-thread-1] INFO  server.RaftServerConfigKeys (ConfUtils.java:logGet(44)) - raft.server.leaderelection.leader.step-down.wait-time = 10s (default)
2021-01-09 14:08:07,934 [pool-82-thread-1] INFO  server.RaftServerConfigKeys (ConfUtils.java:logGet(44)) - raft.server.sleep.deviation.threshold = 300ms (default)
2021-01-09 14:08:07,934 [pool-82-thread-1] INFO  server.RaftServerConfigKeys (ConfUtils.java:logGet(44)) - raft.server.log.appender.install.snapshot.enabled = false (custom)
2021-01-09 14:08:07,934 [pool-82-thread-1] INFO  server.RaftServer$Division (ServerState.java:<init>(103)) - 3325cc50-49b5-4605-b753-fe51c7c4e469@group-DA1943AF2F04: ConfigurationManager, init=-1: [c6546d7c-3c2c-4358-92ae-ae46770bf30e|rpc:172.17.0.2:44259|dataStream:|priority:0, 470fbf9d-806e-42f0-a865-c68422311eea|rpc:172.17.0.2:41015|dataStream:|priority:1, 3325cc50-49b5-4605-b753-fe51c7c4e469|rpc:172.17.0.2:45501|dataStream:|priority:0], old=null, confs=<EMPTY_MAP>
2021-01-09 14:08:07,934 [pool-82-thread-1] INFO  server.RaftServerConfigKeys (ConfUtils.java:logGet(44)) - raft.server.storage.dir = [/github/workspace/mnt/ozone/hadoop-ozone/integration-test/target/test-dir/MiniOzoneClusterImpl-8961eb2b-7999-4159-8884-2a1a29aa57c4/datanode-1/data/ratis] (custom)
2021-01-09 14:08:07,934 [pool-82-thread-1] INFO  server.RaftServerConfigKeys (ConfUtils.java:logGet(44)) - raft.server.log.corruption.policy = EXCEPTION (default)
2021-01-09 14:08:07,934 [pool-82-thread-1] INFO  storage.RaftStorageDirectory (RaftStorageDirectoryImpl.java:analyzeStorage(132)) - The storage directory /github/workspace/mnt/ozone/hadoop-ozone/integration-test/target/test-dir/MiniOzoneClusterImpl-8961eb2b-7999-4159-8884-2a1a29aa57c4/datanode-1/data/ratis/188ae55a-546a-4727-b3b5-da1943af2f04 does not exist. Creating ...
2021-01-09 14:08:07,935 [pool-82-thread-1] INFO  storage.RaftStorageDirectory (RaftStorageDirectoryImpl.java:tryLock(215)) - Lock on /github/workspace/mnt/ozone/hadoop-ozone/integration-test/target/test-dir/MiniOzoneClusterImpl-8961eb2b-7999-4159-8884-2a1a29aa57c4/datanode-1/data/ratis/188ae55a-546a-4727-b3b5-da1943af2f04/in_use.lock acquired by nodename 13839@849aa166ea4e
2021-01-09 14:08:07,937 [pool-82-thread-1] INFO  storage.RaftStorage (RaftStorageImpl.java:format(87)) - Storage directory /github/workspace/mnt/ozone/hadoop-ozone/integration-test/target/test-dir/MiniOzoneClusterImpl-8961eb2b-7999-4159-8884-2a1a29aa57c4/datanode-1/data/ratis/188ae55a-546a-4727-b3b5-da1943af2f04 has been successfully formatted.
2021-01-09 14:08:07,939 [pool-82-thread-1] INFO  ratis.ContainerStateMachine (ContainerStateMachine.java:loadSnapshot(223)) - group-DA1943AF2F04: The snapshot info is null. Setting the last applied indexto:(t:0, i:~)
2021-01-09 14:08:07,940 [pool-82-thread-1] ERROR storage.RaftStorage (RaftStorageImpl.java:readRaftConfiguration(147)) - Failed reading configuration from file:/github/workspace/mnt/ozone/hadoop-ozone/integration-test/target/test-dir/MiniOzoneClusterImpl-8961eb2b-7999-4159-8884-2a1a29aa57c4/datanode-1/data/ratis/188ae55a-546a-4727-b3b5-da1943af2f04/current/raft-meta.conf
java.io.FileNotFoundException: /github/workspace/mnt/ozone/hadoop-ozone/integration-test/target/test-dir/MiniOzoneClusterImpl-8961eb2b-7999-4159-8884-2a1a29aa57c4/datanode-1/data/ratis/188ae55a-546a-4727-b3b5-da1943af2f04/current/raft-meta.conf (No such file or directory)
	at java.io.FileInputStream.open0(Native Method)
	at java.io.FileInputStream.open(FileInputStream.java:195)
	at java.io.FileInputStream.<init>(FileInputStream.java:138)
	at org.apache.ratis.server.storage.RaftStorageImpl.readRaftConfiguration(RaftStorageImpl.java:143)
	at org.apache.ratis.server.impl.ServerState.<init>(ServerState.java:113)
	at org.apache.ratis.server.impl.RaftServerImpl.<init>(RaftServerImpl.java:192)
	at org.apache.ratis.server.impl.RaftServerProxy.lambda$newRaftServerImpl$4(RaftServerProxy.java:266)
	at java.util.concurrent.CompletableFuture$AsyncSupply.run(CompletableFuture.java:1604)
	at java.util.concurrent.ThreadPoolExecutor.runWorker(ThreadPoolExecutor.java:1149)
	at java.util.concurrent.ThreadPoolExecutor$Worker.run(ThreadPoolExecutor.java:624)
	at java.lang.Thread.run(Thread.java:748)
2021-01-09 14:08:07,940 [EventQueue-PipelineReportForOneReplicaPipelineSafeModeRule] INFO  safemode.SCMSafeModeManager (SCMSafeModeManager.java:validateSafeModeExitRules(214)) - AtleastOneDatanodeReportedRule rule is successfully validated
2021-01-09 14:08:07,940 [EventQueue-OpenPipelineForHealthyPipelineSafeModeRule] INFO  safemode.SCMSafeModeManager (HealthyPipelineSafeModeRule.java:process(128)) - SCM in safe mode. Healthy pipelines reported count is 0, required healthy pipeline reported count is 1
2021-01-09 14:08:07,940 [pool-82-thread-1] INFO  server.RaftServerConfigKeys (ConfUtils.java:logGet(44)) - raft.server.notification.no-leader.timeout = 300s (custom)
2021-01-09 14:08:07,940 [pool-82-thread-1] INFO  server.RaftServerConfigKeys (ConfUtils.java:logGet(44)) - raft.server.log.use.memory = false (default)
2021-01-09 14:08:07,940 [pool-82-thread-1] INFO  server.RaftServerConfigKeys (ConfUtils.java:logGet(44)) - raft.server.log.purge.gap = 1000000 (custom)
2021-01-09 14:08:07,940 [pool-82-thread-1] INFO  server.RaftServerConfigKeys (ConfUtils.java:logGet(44)) - raft.server.log.appender.buffer.byte-limit = 33554432 (custom)
2021-01-09 14:08:07,940 [pool-82-thread-1] INFO  metrics.RatisMetrics (RatisMetrics.java:lambda$create$0(36)) - Creating Metrics Registry : ratis.log_worker.3325cc50-49b5-4605-b753-fe51c7c4e469@group-DA1943AF2F04
2021-01-09 14:08:07,941 [pool-82-thread-1] INFO  server.RaftServerConfigKeys (ConfUtils.java:logGet(44)) - raft.server.log.segment.size.max = 1048576 (custom)
2021-01-09 14:08:07,941 [pool-82-thread-1] INFO  server.RaftServerConfigKeys (ConfUtils.java:logGet(44)) - raft.server.log.segment.cache.num.max = 2 (custom)
2021-01-09 14:08:07,941 [pool-82-thread-1] INFO  server.RaftServerConfigKeys (ConfUtils.java:logGet(44)) - raft.server.log.segment.cache.size.max = 200MB (=209715200) (default)
2021-01-09 14:08:07,941 [pool-82-thread-1] INFO  segmented.SegmentedRaftLogWorker (SegmentedRaftLogWorker.java:<init>(181)) - new 3325cc50-49b5-4605-b753-fe51c7c4e469@group-DA1943AF2F04-SegmentedRaftLogWorker for RaftStorageImpl:Storage Directory /github/workspace/mnt/ozone/hadoop-ozone/integration-test/target/test-dir/MiniOzoneClusterImpl-8961eb2b-7999-4159-8884-2a1a29aa57c4/datanode-1/data/ratis/188ae55a-546a-4727-b3b5-da1943af2f04
2021-01-09 14:08:07,941 [pool-82-thread-1] INFO  server.RaftServerConfigKeys (ConfUtils.java:logGet(44)) - raft.server.log.queue.byte-limit = 2147483647 (custom)
2021-01-09 14:08:07,941 [pool-82-thread-1] INFO  server.RaftServerConfigKeys (ConfUtils.java:logGet(44)) - raft.server.log.queue.element-limit = 1024 (custom)
2021-01-09 14:08:07,941 [pool-82-thread-1] INFO  server.RaftServerConfigKeys (ConfUtils.java:logGet(44)) - raft.server.log.segment.size.max = 1048576 (custom)
2021-01-09 14:08:07,941 [pool-82-thread-1] INFO  server.RaftServerConfigKeys (ConfUtils.java:logGet(44)) - raft.server.log.preallocated.size = 16384 (custom)
2021-01-09 14:08:07,941 [pool-82-thread-1] INFO  server.RaftServerConfigKeys (ConfUtils.java:logGet(44)) - raft.server.log.force.sync.num = 128 (default)
2021-01-09 14:08:07,941 [pool-82-thread-1] INFO  server.RaftServerConfigKeys (ConfUtils.java:logGet(44)) - raft.server.log.statemachine.data.sync = true (default)
2021-01-09 14:08:07,941 [pool-82-thread-1] INFO  server.RaftServerConfigKeys (ConfUtils.java:logGet(44)) - raft.server.log.statemachine.data.sync.timeout = 10s (default)
2021-01-09 14:08:07,941 [pool-82-thread-1] INFO  server.RaftServerConfigKeys (ConfUtils.java:logGet(44)) - raft.server.log.statemachine.data.sync.timeout.retry = -1 (default)
2021-01-09 14:08:07,942 [pool-82-thread-1] INFO  server.RaftServerConfigKeys (ConfUtils.java:logGet(44)) - raft.server.log.write.buffer.size = 1048576 (custom)
2021-01-09 14:08:07,943 [pool-82-thread-1] INFO  server.RaftServerConfigKeys (ConfUtils.java:logGet(44)) - raft.server.log.statemachine.data.caching.enabled = true (custom)
2021-01-09 14:08:07,943 [pool-82-thread-1] INFO  segmented.SegmentedRaftLogWorker (SegmentedRaftLogWorker.java:lambda$new$0(132)) - 3325cc50-49b5-4605-b753-fe51c7c4e469@group-DA1943AF2F04-SegmentedRaftLogWorker: flushIndex: setUnconditionally 0 -> -1
2021-01-09 14:08:07,943 [pool-82-thread-1] INFO  segmented.SegmentedRaftLogWorker (SegmentedRaftLogWorker.java:lambda$new$0(132)) - 3325cc50-49b5-4605-b753-fe51c7c4e469@group-DA1943AF2F04-SegmentedRaftLogWorker: safeCacheEvictIndex: setUnconditionally 0 -> -1
2021-01-09 14:08:07,943 [pool-82-thread-1] INFO  server.RaftServerConfigKeys (ConfUtils.java:logGet(44)) - raft.server.snapshot.auto.trigger.enabled = true (custom)
2021-01-09 14:08:07,943 [pool-82-thread-1] INFO  server.RaftServerConfigKeys (ConfUtils.java:logGet(44)) - raft.server.snapshot.auto.trigger.threshold = 10000 (custom)
2021-01-09 14:08:07,943 [pool-82-thread-1] INFO  server.RaftServerConfigKeys (ConfUtils.java:logGet(44)) - raft.server.snapshot.retention.file.num = 5 (custom)
2021-01-09 14:08:07,943 [pool-82-thread-1] INFO  server.RaftServerConfigKeys (ConfUtils.java:logGet(44)) - raft.server.log.purge.upto.snapshot.index = false (default)
2021-01-09 14:08:07,943 [pool-82-thread-1] INFO  server.RaftServerConfigKeys (ConfUtils.java:logGet(44)) - raft.server.retrycache.expirytime = 600000ms (custom)
2021-01-09 14:08:07,943 [pool-82-thread-1] INFO  server.RaftServerConfigKeys (ConfUtils.java:logGet(44)) - raft.server.retrycache.statistics.expirytime = 100?s (default)
2021-01-09 14:08:07,943 [pool-82-thread-1] INFO  metrics.RatisMetrics (RatisMetrics.java:lambda$create$0(36)) - Creating Metrics Registry : ratis.leader_election.3325cc50-49b5-4605-b753-fe51c7c4e469@group-DA1943AF2F04
2021-01-09 14:08:07,944 [pool-82-thread-1] INFO  metrics.RatisMetrics (RatisMetrics.java:lambda$create$0(36)) - Creating Metrics Registry : ratis.server.3325cc50-49b5-4605-b753-fe51c7c4e469@group-DA1943AF2F04
2021-01-09 14:08:07,956 [pool-82-thread-1] INFO  server.RaftServer$Division (RaftServerImpl.java:start(294)) - 3325cc50-49b5-4605-b753-fe51c7c4e469@group-DA1943AF2F04: start as a follower, conf=-1: [c6546d7c-3c2c-4358-92ae-ae46770bf30e|rpc:172.17.0.2:44259|dataStream:|priority:0, 470fbf9d-806e-42f0-a865-c68422311eea|rpc:172.17.0.2:41015|dataStream:|priority:1, 3325cc50-49b5-4605-b753-fe51c7c4e469|rpc:172.17.0.2:45501|dataStream:|priority:0], old=null
2021-01-09 14:08:07,956 [pool-82-thread-1] INFO  server.RaftServer$Division (RaftServerImpl.java:setRole(283)) - 3325cc50-49b5-4605-b753-fe51c7c4e469@group-DA1943AF2F04: changes role from      null to FOLLOWER at term 0 for startAsFollower
2021-01-09 14:08:07,956 [pool-82-thread-1] INFO  impl.RoleInfo (RoleInfo.java:updateAndGet(130)) - 3325cc50-49b5-4605-b753-fe51c7c4e469: start 3325cc50-49b5-4605-b753-fe51c7c4e469@group-DA1943AF2F04-FollowerState
2021-01-09 14:08:07,957 [pool-82-thread-1] INFO  util.JmxRegister (JmxRegister.java:tryRegister(44)) - Successfully registered JMX Bean with object name Ratis:service=RaftServer,group=group-DA1943AF2F04,id=3325cc50-49b5-4605-b753-fe51c7c4e469
2021-01-09 14:08:07,957 [pool-82-thread-1] INFO  metrics.RatisMetrics (RatisMetrics.java:lambda$create$0(36)) - Creating Metrics Registry : ratis.state_machine.3325cc50-49b5-4605-b753-fe51c7c4e469@group-DA1943AF2F04
2021-01-09 14:08:07,980 [Command processor thread] INFO  commandhandler.CreatePipelineCommandHandler (CreatePipelineCommandHandler.java:handle(106)) - Created Pipeline RATIS THREE PipelineID=188ae55a-546a-4727-b3b5-da1943af2f04.
2021-01-09 14:08:08,273 [grpc-default-executor-1] WARN  server.GrpcLogAppender (LogUtils.java:warn(122)) - omNode-1@group-523986131536->omNode-3-AppendLogResponseHandler: Failed appendEntries: org.apache.ratis.thirdparty.io.grpc.StatusRuntimeException: UNAVAILABLE: io exception
2021-01-09 14:08:08,274 [grpc-default-executor-1] WARN  server.GrpcLogAppender (GrpcLogAppender.java:resetClient(111)) - omNode-1@group-523986131536->omNode-3-GrpcLogAppender: Leader has not got in touch with Follower omNode-1@group-523986131536->omNode-3(c-1,m0,n1, attendVote=true, lastRpcSendTime=0, lastRpcResponseTime=10009) yet, just keep nextIndex unchanged and retry.
2021-01-09 14:08:08,383 [Listener at 127.0.0.1/11780] INFO  ozone.MiniOzoneClusterImpl (MiniOzoneClusterImpl.java:lambda$waitForClusterToBeReady$0(179)) - Nodes are ready. Got 3 of 3 DN Heartbeats.
2021-01-09 14:08:08,383 [Listener at 127.0.0.1/11780] INFO  ozone.MiniOzoneClusterImpl (MiniOzoneClusterImpl.java:lambda$waitForClusterToBeReady$0(182)) - Waiting for cluster to exit safe mode
2021-01-09 14:08:08,750 [Thread-266] INFO  impl.FollowerState (FollowerState.java:run(133)) - 470fbf9d-806e-42f0-a865-c68422311eea@group-FC597A5BF4E7-FollowerState: change to CANDIDATE, lastRpcElapsedTime:5157231480ns, electionTimeout:5141ms
2021-01-09 14:08:08,751 [Thread-266] INFO  impl.RoleInfo (RoleInfo.java:shutdownFollowerState(108)) - 470fbf9d-806e-42f0-a865-c68422311eea: shutdown 470fbf9d-806e-42f0-a865-c68422311eea@group-FC597A5BF4E7-FollowerState
2021-01-09 14:08:08,751 [Thread-266] INFO  server.RaftServer$Division (RaftServerImpl.java:setRole(283)) - 470fbf9d-806e-42f0-a865-c68422311eea@group-FC597A5BF4E7: changes role from  FOLLOWER to CANDIDATE at term 0 for changeToCandidate
2021-01-09 14:08:08,751 [Thread-266] INFO  impl.RoleInfo (RoleInfo.java:updateAndGet(130)) - 470fbf9d-806e-42f0-a865-c68422311eea: start 470fbf9d-806e-42f0-a865-c68422311eea@group-FC597A5BF4E7-LeaderElection6
2021-01-09 14:08:08,753 [470fbf9d-806e-42f0-a865-c68422311eea@group-FC597A5BF4E7-LeaderElection6] INFO  impl.LeaderElection (LeaderElection.java:askForPreVotes(259)) - 470fbf9d-806e-42f0-a865-c68422311eea@group-FC597A5BF4E7-LeaderElection6: begin a pre-vote at term 0 for -1: [470fbf9d-806e-42f0-a865-c68422311eea|rpc:172.17.0.2:41015|priority:1], old=null
2021-01-09 14:08:08,753 [470fbf9d-806e-42f0-a865-c68422311eea@group-FC597A5BF4E7-LeaderElection6] INFO  impl.LeaderElection (LeaderElection.java:askForPreVotes(261)) - 470fbf9d-806e-42f0-a865-c68422311eea@group-FC597A5BF4E7-LeaderElection6 pre-vote result is PASSED.
2021-01-09 14:08:08,754 [470fbf9d-806e-42f0-a865-c68422311eea@group-FC597A5BF4E7-LeaderElection6] INFO  impl.LeaderElection (LeaderElection.java:askForVotes(308)) - 470fbf9d-806e-42f0-a865-c68422311eea@group-FC597A5BF4E7-LeaderElection6: begin an election at term 1 for -1: [470fbf9d-806e-42f0-a865-c68422311eea|rpc:172.17.0.2:41015|priority:1], old=null
2021-01-09 14:08:08,755 [470fbf9d-806e-42f0-a865-c68422311eea@group-FC597A5BF4E7-LeaderElection6] INFO  impl.RoleInfo (RoleInfo.java:shutdownLeaderElection(121)) - 470fbf9d-806e-42f0-a865-c68422311eea: shutdown 470fbf9d-806e-42f0-a865-c68422311eea@group-FC597A5BF4E7-LeaderElection6
2021-01-09 14:08:08,755 [470fbf9d-806e-42f0-a865-c68422311eea@group-FC597A5BF4E7-LeaderElection6] INFO  server.RaftServer$Division (RaftServerImpl.java:setRole(283)) - 470fbf9d-806e-42f0-a865-c68422311eea@group-FC597A5BF4E7: changes role from CANDIDATE to LEADER at term 1 for changeToLeader
2021-01-09 14:08:08,755 [470fbf9d-806e-42f0-a865-c68422311eea@group-FC597A5BF4E7-LeaderElection6] INFO  ratis.XceiverServerRatis (XceiverServerRatis.java:handleLeaderChangedNotification(868)) - Leader change notification received for group: group-FC597A5BF4E7 with new leaderId: 470fbf9d-806e-42f0-a865-c68422311eea
2021-01-09 14:08:08,755 [470fbf9d-806e-42f0-a865-c68422311eea@group-FC597A5BF4E7-LeaderElection6] INFO  server.RaftServer$Division (ServerState.java:setLeader(249)) - 470fbf9d-806e-42f0-a865-c68422311eea@group-FC597A5BF4E7: change Leader from null to 470fbf9d-806e-42f0-a865-c68422311eea at term 1 for becomeLeader, leader elected after 5181ms
2021-01-09 14:08:08,755 [470fbf9d-806e-42f0-a865-c68422311eea@group-FC597A5BF4E7-LeaderElection6] INFO  server.RaftServerConfigKeys (ConfUtils.java:logGet(44)) - raft.server.staging.catchup.gap = 1000 (default)
2021-01-09 14:08:08,755 [470fbf9d-806e-42f0-a865-c68422311eea@group-FC597A5BF4E7-LeaderElection6] INFO  metrics.RatisMetrics (RatisMetrics.java:lambda$create$0(36)) - Creating Metrics Registry : ratis.log_appender.470fbf9d-806e-42f0-a865-c68422311eea@group-FC597A5BF4E7
2021-01-09 14:08:08,758 [EventQueue-PipelineReportForOneReplicaPipelineSafeModeRule] INFO  safemode.SCMSafeModeManager (SCMSafeModeManager.java:validateSafeModeExitRules(214)) - AtleastOneDatanodeReportedRule rule is successfully validated
2021-01-09 14:08:08,758 [EventQueue-OpenPipelineForHealthyPipelineSafeModeRule] INFO  safemode.SCMSafeModeManager (HealthyPipelineSafeModeRule.java:process(128)) - SCM in safe mode. Healthy pipelines reported count is 0, required healthy pipeline reported count is 1
2021-01-09 14:08:08,759 [470fbf9d-806e-42f0-a865-c68422311eea@group-FC597A5BF4E7-LeaderElection6] INFO  server.RaftServerConfigKeys (ConfUtils.java:logGet(44)) - raft.server.write.element-limit = 1024 (custom)
2021-01-09 14:08:08,759 [470fbf9d-806e-42f0-a865-c68422311eea@group-FC597A5BF4E7-LeaderElection6] INFO  server.RaftServerConfigKeys (ConfUtils.java:logGet(44)) - raft.server.write.byte-limit = 1073741824 (custom)
2021-01-09 14:08:08,759 [470fbf9d-806e-42f0-a865-c68422311eea@group-FC597A5BF4E7-LeaderElection6] INFO  server.RaftServerConfigKeys (ConfUtils.java:logGet(44)) - raft.server.watch.timeout = 180s (custom)
2021-01-09 14:08:08,760 [470fbf9d-806e-42f0-a865-c68422311eea@group-FC597A5BF4E7-LeaderElection6] INFO  server.RaftServerConfigKeys (ConfUtils.java:logGet(44)) - raft.server.watch.timeout.denomination = 1s (default)
2021-01-09 14:08:08,760 [470fbf9d-806e-42f0-a865-c68422311eea@group-FC597A5BF4E7-LeaderElection6] INFO  server.RaftServerConfigKeys (ConfUtils.java:logGet(44)) - raft.server.watch.element-limit = 65536 (default)
2021-01-09 14:08:08,761 [470fbf9d-806e-42f0-a865-c68422311eea@group-FC597A5BF4E7-LeaderElection6] INFO  impl.RoleInfo (RoleInfo.java:updateAndGet(130)) - 470fbf9d-806e-42f0-a865-c68422311eea: start 470fbf9d-806e-42f0-a865-c68422311eea@group-FC597A5BF4E7-LeaderStateImpl
2021-01-09 14:08:08,762 [470fbf9d-806e-42f0-a865-c68422311eea@group-FC597A5BF4E7-LeaderElection6] INFO  segmented.SegmentedRaftLogWorker (SegmentedRaftLogWorker.java:startLogSegment(392)) - 470fbf9d-806e-42f0-a865-c68422311eea@group-FC597A5BF4E7-SegmentedRaftLogWorker: Starting segment from index:0
2021-01-09 14:08:08,763 [470fbf9d-806e-42f0-a865-c68422311eea@group-FC597A5BF4E7-SegmentedRaftLogWorker] INFO  segmented.SegmentedRaftLogWorker (SegmentedRaftLogWorker.java:execute(599)) - 470fbf9d-806e-42f0-a865-c68422311eea@group-FC597A5BF4E7-SegmentedRaftLogWorker: created new log segment /github/workspace/mnt/ozone/hadoop-ozone/integration-test/target/test-dir/MiniOzoneClusterImpl-8961eb2b-7999-4159-8884-2a1a29aa57c4/datanode-0/data/ratis/50e2d360-a740-44c3-ad36-fc597a5bf4e7/current/log_inprogress_0
2021-01-09 14:08:08,767 [470fbf9d-806e-42f0-a865-c68422311eea@group-FC597A5BF4E7-LeaderElection6] INFO  server.RaftServer$Division (ServerState.java:setRaftConf(368)) - 470fbf9d-806e-42f0-a865-c68422311eea@group-FC597A5BF4E7: set configuration 0: [470fbf9d-806e-42f0-a865-c68422311eea|rpc:172.17.0.2:41015|dataStream:|priority:1], old=null
2021-01-09 14:08:08,774 [grpc-default-executor-1] WARN  server.GrpcLogAppender (LogUtils.java:warn(122)) - omNode-1@group-523986131536->omNode-3-AppendLogResponseHandler: Failed appendEntries: org.apache.ratis.thirdparty.io.grpc.StatusRuntimeException: UNAVAILABLE: io exception
2021-01-09 14:08:08,774 [grpc-default-executor-1] WARN  server.GrpcLogAppender (GrpcLogAppender.java:resetClient(111)) - omNode-1@group-523986131536->omNode-3-GrpcLogAppender: Leader has not got in touch with Follower omNode-1@group-523986131536->omNode-3(c-1,m0,n1, attendVote=true, lastRpcSendTime=501, lastRpcResponseTime=10510) yet, just keep nextIndex unchanged and retry.
2021-01-09 14:08:08,885 [EventQueue-PipelineReportForOneReplicaPipelineSafeModeRule] INFO  safemode.SCMSafeModeManager (SCMSafeModeManager.java:validateSafeModeExitRules(214)) - AtleastOneDatanodeReportedRule rule is successfully validated
2021-01-09 14:08:08,939 [EventQueue-PipelineReportForOneReplicaPipelineSafeModeRule] INFO  safemode.SCMSafeModeManager (SCMSafeModeManager.java:validateSafeModeExitRules(214)) - AtleastOneDatanodeReportedRule rule is successfully validated
2021-01-09 14:08:08,939 [EventQueue-OpenPipelineForHealthyPipelineSafeModeRule] INFO  safemode.SCMSafeModeManager (HealthyPipelineSafeModeRule.java:process(128)) - SCM in safe mode. Healthy pipelines reported count is 0, required healthy pipeline reported count is 1
2021-01-09 14:08:09,275 [grpc-default-executor-1] WARN  server.GrpcLogAppender (LogUtils.java:warn(122)) - omNode-1@group-523986131536->omNode-3-AppendLogResponseHandler: Failed appendEntries: org.apache.ratis.thirdparty.io.grpc.StatusRuntimeException: UNAVAILABLE: io exception
2021-01-09 14:08:09,276 [grpc-default-executor-1] WARN  server.GrpcLogAppender (GrpcLogAppender.java:resetClient(111)) - omNode-1@group-523986131536->omNode-3-GrpcLogAppender: Leader has not got in touch with Follower omNode-1@group-523986131536->omNode-3(c-1,m0,n1, attendVote=true, lastRpcSendTime=1, lastRpcResponseTime=11011) yet, just keep nextIndex unchanged and retry.
2021-01-09 14:08:09,304 [Thread-270] INFO  impl.FollowerState (FollowerState.java:run(133)) - 3325cc50-49b5-4605-b753-fe51c7c4e469@group-58E9D1396586-FollowerState: change to CANDIDATE, lastRpcElapsedTime:5134093472ns, electionTimeout:5125ms
2021-01-09 14:08:09,304 [Thread-270] INFO  impl.RoleInfo (RoleInfo.java:shutdownFollowerState(108)) - 3325cc50-49b5-4605-b753-fe51c7c4e469: shutdown 3325cc50-49b5-4605-b753-fe51c7c4e469@group-58E9D1396586-FollowerState
2021-01-09 14:08:09,304 [Thread-270] INFO  server.RaftServer$Division (RaftServerImpl.java:setRole(283)) - 3325cc50-49b5-4605-b753-fe51c7c4e469@group-58E9D1396586: changes role from  FOLLOWER to CANDIDATE at term 0 for changeToCandidate
2021-01-09 14:08:09,304 [Thread-270] INFO  impl.RoleInfo (RoleInfo.java:updateAndGet(130)) - 3325cc50-49b5-4605-b753-fe51c7c4e469: start 3325cc50-49b5-4605-b753-fe51c7c4e469@group-58E9D1396586-LeaderElection7
2021-01-09 14:08:09,307 [3325cc50-49b5-4605-b753-fe51c7c4e469@group-58E9D1396586-LeaderElection7] INFO  impl.LeaderElection (LeaderElection.java:askForPreVotes(259)) - 3325cc50-49b5-4605-b753-fe51c7c4e469@group-58E9D1396586-LeaderElection7: begin a pre-vote at term 0 for -1: [3325cc50-49b5-4605-b753-fe51c7c4e469|rpc:172.17.0.2:45501|priority:1], old=null
2021-01-09 14:08:09,307 [3325cc50-49b5-4605-b753-fe51c7c4e469@group-58E9D1396586-LeaderElection7] INFO  impl.LeaderElection (LeaderElection.java:askForPreVotes(261)) - 3325cc50-49b5-4605-b753-fe51c7c4e469@group-58E9D1396586-LeaderElection7 pre-vote result is PASSED.
2021-01-09 14:08:09,308 [3325cc50-49b5-4605-b753-fe51c7c4e469@group-58E9D1396586-LeaderElection7] INFO  impl.LeaderElection (LeaderElection.java:askForVotes(308)) - 3325cc50-49b5-4605-b753-fe51c7c4e469@group-58E9D1396586-LeaderElection7: begin an election at term 1 for -1: [3325cc50-49b5-4605-b753-fe51c7c4e469|rpc:172.17.0.2:45501|priority:1], old=null
2021-01-09 14:08:09,308 [3325cc50-49b5-4605-b753-fe51c7c4e469@group-58E9D1396586-LeaderElection7] INFO  impl.RoleInfo (RoleInfo.java:shutdownLeaderElection(121)) - 3325cc50-49b5-4605-b753-fe51c7c4e469: shutdown 3325cc50-49b5-4605-b753-fe51c7c4e469@group-58E9D1396586-LeaderElection7
2021-01-09 14:08:09,308 [3325cc50-49b5-4605-b753-fe51c7c4e469@group-58E9D1396586-LeaderElection7] INFO  server.RaftServer$Division (RaftServerImpl.java:setRole(283)) - 3325cc50-49b5-4605-b753-fe51c7c4e469@group-58E9D1396586: changes role from CANDIDATE to LEADER at term 1 for changeToLeader
2021-01-09 14:08:09,308 [3325cc50-49b5-4605-b753-fe51c7c4e469@group-58E9D1396586-LeaderElection7] INFO  ratis.XceiverServerRatis (XceiverServerRatis.java:handleLeaderChangedNotification(868)) - Leader change notification received for group: group-58E9D1396586 with new leaderId: 3325cc50-49b5-4605-b753-fe51c7c4e469
2021-01-09 14:08:09,309 [3325cc50-49b5-4605-b753-fe51c7c4e469@group-58E9D1396586-LeaderElection7] INFO  server.RaftServer$Division (ServerState.java:setLeader(249)) - 3325cc50-49b5-4605-b753-fe51c7c4e469@group-58E9D1396586: change Leader from null to 3325cc50-49b5-4605-b753-fe51c7c4e469 at term 1 for becomeLeader, leader elected after 5158ms
2021-01-09 14:08:09,311 [EventQueue-PipelineReportForOneReplicaPipelineSafeModeRule] INFO  safemode.SCMSafeModeManager (SCMSafeModeManager.java:validateSafeModeExitRules(214)) - AtleastOneDatanodeReportedRule rule is successfully validated
2021-01-09 14:08:09,311 [EventQueue-OpenPipelineForHealthyPipelineSafeModeRule] INFO  safemode.SCMSafeModeManager (HealthyPipelineSafeModeRule.java:process(128)) - SCM in safe mode. Healthy pipelines reported count is 0, required healthy pipeline reported count is 1
2021-01-09 14:08:09,317 [3325cc50-49b5-4605-b753-fe51c7c4e469@group-58E9D1396586-LeaderElection7] INFO  server.RaftServerConfigKeys (ConfUtils.java:logGet(44)) - raft.server.staging.catchup.gap = 1000 (default)
2021-01-09 14:08:09,317 [3325cc50-49b5-4605-b753-fe51c7c4e469@group-58E9D1396586-LeaderElection7] INFO  metrics.RatisMetrics (RatisMetrics.java:lambda$create$0(36)) - Creating Metrics Registry : ratis.log_appender.3325cc50-49b5-4605-b753-fe51c7c4e469@group-58E9D1396586
2021-01-09 14:08:09,317 [3325cc50-49b5-4605-b753-fe51c7c4e469@group-58E9D1396586-LeaderElection7] INFO  server.RaftServerConfigKeys (ConfUtils.java:logGet(44)) - raft.server.write.element-limit = 1024 (custom)
2021-01-09 14:08:09,318 [3325cc50-49b5-4605-b753-fe51c7c4e469@group-58E9D1396586-LeaderElection7] INFO  server.RaftServerConfigKeys (ConfUtils.java:logGet(44)) - raft.server.write.byte-limit = 1073741824 (custom)
2021-01-09 14:08:09,319 [3325cc50-49b5-4605-b753-fe51c7c4e469@group-58E9D1396586-LeaderElection7] INFO  server.RaftServerConfigKeys (ConfUtils.java:logGet(44)) - raft.server.watch.timeout = 180s (custom)
2021-01-09 14:08:09,319 [3325cc50-49b5-4605-b753-fe51c7c4e469@group-58E9D1396586-LeaderElection7] INFO  server.RaftServerConfigKeys (ConfUtils.java:logGet(44)) - raft.server.watch.timeout.denomination = 1s (default)
2021-01-09 14:08:09,319 [3325cc50-49b5-4605-b753-fe51c7c4e469@group-58E9D1396586-LeaderElection7] INFO  server.RaftServerConfigKeys (ConfUtils.java:logGet(44)) - raft.server.watch.element-limit = 65536 (default)
2021-01-09 14:08:09,319 [3325cc50-49b5-4605-b753-fe51c7c4e469@group-58E9D1396586-LeaderElection7] INFO  impl.RoleInfo (RoleInfo.java:updateAndGet(130)) - 3325cc50-49b5-4605-b753-fe51c7c4e469: start 3325cc50-49b5-4605-b753-fe51c7c4e469@group-58E9D1396586-LeaderStateImpl
2021-01-09 14:08:09,319 [3325cc50-49b5-4605-b753-fe51c7c4e469@group-58E9D1396586-LeaderElection7] INFO  segmented.SegmentedRaftLogWorker (SegmentedRaftLogWorker.java:startLogSegment(392)) - 3325cc50-49b5-4605-b753-fe51c7c4e469@group-58E9D1396586-SegmentedRaftLogWorker: Starting segment from index:0
2021-01-09 14:08:09,323 [3325cc50-49b5-4605-b753-fe51c7c4e469@group-58E9D1396586-LeaderElection7] INFO  server.RaftServer$Division (ServerState.java:setRaftConf(368)) - 3325cc50-49b5-4605-b753-fe51c7c4e469@group-58E9D1396586: set configuration 0: [3325cc50-49b5-4605-b753-fe51c7c4e469|rpc:172.17.0.2:45501|dataStream:|priority:1], old=null
2021-01-09 14:08:09,324 [3325cc50-49b5-4605-b753-fe51c7c4e469@group-58E9D1396586-SegmentedRaftLogWorker] INFO  segmented.SegmentedRaftLogWorker (SegmentedRaftLogWorker.java:execute(599)) - 3325cc50-49b5-4605-b753-fe51c7c4e469@group-58E9D1396586-SegmentedRaftLogWorker: created new log segment /github/workspace/mnt/ozone/hadoop-ozone/integration-test/target/test-dir/MiniOzoneClusterImpl-8961eb2b-7999-4159-8884-2a1a29aa57c4/datanode-1/data/ratis/bf7e98a3-a94f-43b8-ac37-58e9d1396586/current/log_inprogress_0
2021-01-09 14:08:09,383 [Listener at 127.0.0.1/11780] INFO  ozone.MiniOzoneClusterImpl (MiniOzoneClusterImpl.java:lambda$waitForClusterToBeReady$0(179)) - Nodes are ready. Got 3 of 3 DN Heartbeats.
2021-01-09 14:08:09,384 [Listener at 127.0.0.1/11780] INFO  ozone.MiniOzoneClusterImpl (MiniOzoneClusterImpl.java:lambda$waitForClusterToBeReady$0(182)) - Waiting for cluster to exit safe mode
2021-01-09 14:08:09,392 [Command processor thread] INFO  server.RaftServer (RaftServerProxy.java:addNew(95)) - c6546d7c-3c2c-4358-92ae-ae46770bf30e: addNew group-51A44799D410:[c6546d7c-3c2c-4358-92ae-ae46770bf30e|rpc:172.17.0.2:44259|priority:1] returns group-51A44799D410:java.util.concurrent.CompletableFuture@19fba9bc[Not completed]
2021-01-09 14:08:09,393 [pool-99-thread-1] INFO  server.RaftServer$Division (RaftServerImpl.java:<init>(179)) - c6546d7c-3c2c-4358-92ae-ae46770bf30e: new RaftServerImpl for group-51A44799D410:[c6546d7c-3c2c-4358-92ae-ae46770bf30e|rpc:172.17.0.2:44259|priority:1] with ContainerStateMachine:uninitialized
2021-01-09 14:08:09,394 [pool-99-thread-1] INFO  server.RaftServerConfigKeys (ConfUtils.java:logGet(44)) - raft.server.rpc.timeout.min = 5s (custom)
2021-01-09 14:08:09,394 [pool-99-thread-1] INFO  server.RaftServerConfigKeys (ConfUtils.java:logGet(44)) - raft.server.rpc.timeout.max = 5200ms (custom)
2021-01-09 14:08:09,394 [pool-99-thread-1] INFO  server.RaftServerConfigKeys (ConfUtils.java:logGet(44)) - raft.server.rpc.sleep.time = 25ms (default)
2021-01-09 14:08:09,394 [pool-99-thread-1] INFO  server.RaftServerConfigKeys (ConfUtils.java:logGet(44)) - raft.server.rpc.slowness.timeout = 300s (custom)
2021-01-09 14:08:09,394 [pool-99-thread-1] INFO  server.RaftServerConfigKeys (ConfUtils.java:logGet(44)) - raft.server.leaderelection.leader.step-down.wait-time = 10s (default)
2021-01-09 14:08:09,394 [pool-99-thread-1] INFO  server.RaftServerConfigKeys (ConfUtils.java:logGet(44)) - raft.server.sleep.deviation.threshold = 300ms (default)
2021-01-09 14:08:09,394 [pool-99-thread-1] INFO  server.RaftServerConfigKeys (ConfUtils.java:logGet(44)) - raft.server.log.appender.install.snapshot.enabled = false (custom)
2021-01-09 14:08:09,394 [pool-99-thread-1] INFO  server.RaftServer$Division (ServerState.java:<init>(103)) - c6546d7c-3c2c-4358-92ae-ae46770bf30e@group-51A44799D410: ConfigurationManager, init=-1: [c6546d7c-3c2c-4358-92ae-ae46770bf30e|rpc:172.17.0.2:44259|priority:1], old=null, confs=<EMPTY_MAP>
2021-01-09 14:08:09,394 [pool-99-thread-1] INFO  server.RaftServerConfigKeys (ConfUtils.java:logGet(44)) - raft.server.storage.dir = [/github/workspace/mnt/ozone/hadoop-ozone/integration-test/target/test-dir/MiniOzoneClusterImpl-8961eb2b-7999-4159-8884-2a1a29aa57c4/datanode-2/data/ratis] (custom)
2021-01-09 14:08:09,395 [pool-99-thread-1] INFO  server.RaftServerConfigKeys (ConfUtils.java:logGet(44)) - raft.server.log.corruption.policy = EXCEPTION (default)
2021-01-09 14:08:09,395 [pool-99-thread-1] INFO  storage.RaftStorageDirectory (RaftStorageDirectoryImpl.java:analyzeStorage(132)) - The storage directory /github/workspace/mnt/ozone/hadoop-ozone/integration-test/target/test-dir/MiniOzoneClusterImpl-8961eb2b-7999-4159-8884-2a1a29aa57c4/datanode-2/data/ratis/1a3bda3e-b45f-4b04-890c-51a44799d410 does not exist. Creating ...
2021-01-09 14:08:09,400 [pool-99-thread-1] INFO  storage.RaftStorageDirectory (RaftStorageDirectoryImpl.java:tryLock(215)) - Lock on /github/workspace/mnt/ozone/hadoop-ozone/integration-test/target/test-dir/MiniOzoneClusterImpl-8961eb2b-7999-4159-8884-2a1a29aa57c4/datanode-2/data/ratis/1a3bda3e-b45f-4b04-890c-51a44799d410/in_use.lock acquired by nodename 13839@849aa166ea4e
2021-01-09 14:08:09,403 [pool-99-thread-1] INFO  storage.RaftStorage (RaftStorageImpl.java:format(87)) - Storage directory /github/workspace/mnt/ozone/hadoop-ozone/integration-test/target/test-dir/MiniOzoneClusterImpl-8961eb2b-7999-4159-8884-2a1a29aa57c4/datanode-2/data/ratis/1a3bda3e-b45f-4b04-890c-51a44799d410 has been successfully formatted.
2021-01-09 14:08:09,404 [pool-99-thread-1] INFO  ratis.ContainerStateMachine (ContainerStateMachine.java:loadSnapshot(223)) - group-51A44799D410: The snapshot info is null. Setting the last applied indexto:(t:0, i:~)
2021-01-09 14:08:09,404 [pool-99-thread-1] ERROR storage.RaftStorage (RaftStorageImpl.java:readRaftConfiguration(147)) - Failed reading configuration from file:/github/workspace/mnt/ozone/hadoop-ozone/integration-test/target/test-dir/MiniOzoneClusterImpl-8961eb2b-7999-4159-8884-2a1a29aa57c4/datanode-2/data/ratis/1a3bda3e-b45f-4b04-890c-51a44799d410/current/raft-meta.conf
java.io.FileNotFoundException: /github/workspace/mnt/ozone/hadoop-ozone/integration-test/target/test-dir/MiniOzoneClusterImpl-8961eb2b-7999-4159-8884-2a1a29aa57c4/datanode-2/data/ratis/1a3bda3e-b45f-4b04-890c-51a44799d410/current/raft-meta.conf (No such file or directory)
	at java.io.FileInputStream.open0(Native Method)
	at java.io.FileInputStream.open(FileInputStream.java:195)
	at java.io.FileInputStream.<init>(FileInputStream.java:138)
	at org.apache.ratis.server.storage.RaftStorageImpl.readRaftConfiguration(RaftStorageImpl.java:143)
	at org.apache.ratis.server.impl.ServerState.<init>(ServerState.java:113)
	at org.apache.ratis.server.impl.RaftServerImpl.<init>(RaftServerImpl.java:192)
	at org.apache.ratis.server.impl.RaftServerProxy.lambda$newRaftServerImpl$4(RaftServerProxy.java:266)
	at java.util.concurrent.CompletableFuture$AsyncSupply.run(CompletableFuture.java:1604)
	at java.util.concurrent.ThreadPoolExecutor.runWorker(ThreadPoolExecutor.java:1149)
	at java.util.concurrent.ThreadPoolExecutor$Worker.run(ThreadPoolExecutor.java:624)
	at java.lang.Thread.run(Thread.java:748)
2021-01-09 14:08:09,404 [pool-99-thread-1] INFO  server.RaftServerConfigKeys (ConfUtils.java:logGet(44)) - raft.server.notification.no-leader.timeout = 300s (custom)
2021-01-09 14:08:09,404 [pool-99-thread-1] INFO  server.RaftServerConfigKeys (ConfUtils.java:logGet(44)) - raft.server.log.use.memory = false (default)
2021-01-09 14:08:09,404 [pool-99-thread-1] INFO  server.RaftServerConfigKeys (ConfUtils.java:logGet(44)) - raft.server.log.purge.gap = 1000000 (custom)
2021-01-09 14:08:09,404 [pool-99-thread-1] INFO  server.RaftServerConfigKeys (ConfUtils.java:logGet(44)) - raft.server.log.appender.buffer.byte-limit = 33554432 (custom)
2021-01-09 14:08:09,404 [pool-99-thread-1] INFO  metrics.RatisMetrics (RatisMetrics.java:lambda$create$0(36)) - Creating Metrics Registry : ratis.log_worker.c6546d7c-3c2c-4358-92ae-ae46770bf30e@group-51A44799D410
2021-01-09 14:08:09,405 [pool-99-thread-1] INFO  server.RaftServerConfigKeys (ConfUtils.java:logGet(44)) - raft.server.log.segment.size.max = 1048576 (custom)
2021-01-09 14:08:09,405 [pool-99-thread-1] INFO  server.RaftServerConfigKeys (ConfUtils.java:logGet(44)) - raft.server.log.segment.cache.num.max = 2 (custom)
2021-01-09 14:08:09,405 [pool-99-thread-1] INFO  server.RaftServerConfigKeys (ConfUtils.java:logGet(44)) - raft.server.log.segment.cache.size.max = 200MB (=209715200) (default)
2021-01-09 14:08:09,405 [pool-99-thread-1] INFO  segmented.SegmentedRaftLogWorker (SegmentedRaftLogWorker.java:<init>(181)) - new c6546d7c-3c2c-4358-92ae-ae46770bf30e@group-51A44799D410-SegmentedRaftLogWorker for RaftStorageImpl:Storage Directory /github/workspace/mnt/ozone/hadoop-ozone/integration-test/target/test-dir/MiniOzoneClusterImpl-8961eb2b-7999-4159-8884-2a1a29aa57c4/datanode-2/data/ratis/1a3bda3e-b45f-4b04-890c-51a44799d410
2021-01-09 14:08:09,405 [pool-99-thread-1] INFO  server.RaftServerConfigKeys (ConfUtils.java:logGet(44)) - raft.server.log.queue.byte-limit = 2147483647 (custom)
2021-01-09 14:08:09,405 [pool-99-thread-1] INFO  server.RaftServerConfigKeys (ConfUtils.java:logGet(44)) - raft.server.log.queue.element-limit = 1024 (custom)
2021-01-09 14:08:09,405 [pool-99-thread-1] INFO  server.RaftServerConfigKeys (ConfUtils.java:logGet(44)) - raft.server.log.segment.size.max = 1048576 (custom)
2021-01-09 14:08:09,405 [pool-99-thread-1] INFO  server.RaftServerConfigKeys (ConfUtils.java:logGet(44)) - raft.server.log.preallocated.size = 16384 (custom)
2021-01-09 14:08:09,405 [pool-99-thread-1] INFO  server.RaftServerConfigKeys (ConfUtils.java:logGet(44)) - raft.server.log.force.sync.num = 128 (default)
2021-01-09 14:08:09,405 [pool-99-thread-1] INFO  server.RaftServerConfigKeys (ConfUtils.java:logGet(44)) - raft.server.log.statemachine.data.sync = true (default)
2021-01-09 14:08:09,405 [pool-99-thread-1] INFO  server.RaftServerConfigKeys (ConfUtils.java:logGet(44)) - raft.server.log.statemachine.data.sync.timeout = 10s (default)
2021-01-09 14:08:09,405 [pool-99-thread-1] INFO  server.RaftServerConfigKeys (ConfUtils.java:logGet(44)) - raft.server.log.statemachine.data.sync.timeout.retry = -1 (default)
2021-01-09 14:08:09,406 [pool-99-thread-1] INFO  server.RaftServerConfigKeys (ConfUtils.java:logGet(44)) - raft.server.log.write.buffer.size = 1048576 (custom)
2021-01-09 14:08:09,407 [pool-99-thread-1] INFO  server.RaftServerConfigKeys (ConfUtils.java:logGet(44)) - raft.server.log.statemachine.data.caching.enabled = true (custom)
2021-01-09 14:08:09,407 [pool-99-thread-1] INFO  segmented.SegmentedRaftLogWorker (SegmentedRaftLogWorker.java:lambda$new$0(132)) - c6546d7c-3c2c-4358-92ae-ae46770bf30e@group-51A44799D410-SegmentedRaftLogWorker: flushIndex: setUnconditionally 0 -> -1
2021-01-09 14:08:09,407 [pool-99-thread-1] INFO  segmented.SegmentedRaftLogWorker (SegmentedRaftLogWorker.java:lambda$new$0(132)) - c6546d7c-3c2c-4358-92ae-ae46770bf30e@group-51A44799D410-SegmentedRaftLogWorker: safeCacheEvictIndex: setUnconditionally 0 -> -1
2021-01-09 14:08:09,419 [EventQueue-PipelineReportForOneReplicaPipelineSafeModeRule] INFO  safemode.SCMSafeModeManager (SCMSafeModeManager.java:validateSafeModeExitRules(214)) - AtleastOneDatanodeReportedRule rule is successfully validated
2021-01-09 14:08:09,419 [EventQueue-PipelineReportForPipelineReportHandler] INFO  pipeline.PipelineStateManager (PipelineStateManager.java:openPipeline(132)) - Pipeline Pipeline[ Id: 1a3bda3e-b45f-4b04-890c-51a44799d410, Nodes: c6546d7c-3c2c-4358-92ae-ae46770bf30e{ip: 172.17.0.2, host: 849aa166ea4e, networkLocation: /default-rack, certSerialId: null, persistedOpState: IN_SERVICE, persistedOpStateExpiryEpochSec: 0}, Type:RATIS, Factor:ONE, State:ALLOCATED, leaderId:c6546d7c-3c2c-4358-92ae-ae46770bf30e, CreationTimestamp2021-01-09T14:08:06.401Z] moved to OPEN state
2021-01-09 14:08:09,419 [pool-99-thread-1] INFO  server.RaftServerConfigKeys (ConfUtils.java:logGet(44)) - raft.server.snapshot.auto.trigger.enabled = true (custom)
2021-01-09 14:08:09,419 [pool-99-thread-1] INFO  server.RaftServerConfigKeys (ConfUtils.java:logGet(44)) - raft.server.snapshot.auto.trigger.threshold = 10000 (custom)
2021-01-09 14:08:09,419 [pool-99-thread-1] INFO  server.RaftServerConfigKeys (ConfUtils.java:logGet(44)) - raft.server.snapshot.retention.file.num = 5 (custom)
2021-01-09 14:08:09,420 [pool-99-thread-1] INFO  server.RaftServerConfigKeys (ConfUtils.java:logGet(44)) - raft.server.log.purge.upto.snapshot.index = false (default)
2021-01-09 14:08:09,420 [pool-99-thread-1] INFO  server.RaftServerConfigKeys (ConfUtils.java:logGet(44)) - raft.server.retrycache.expirytime = 600000ms (custom)
2021-01-09 14:08:09,420 [pool-99-thread-1] INFO  server.RaftServerConfigKeys (ConfUtils.java:logGet(44)) - raft.server.retrycache.statistics.expirytime = 100?s (default)
2021-01-09 14:08:09,420 [EventQueue-OpenPipelineForHealthyPipelineSafeModeRule] INFO  safemode.SCMSafeModeManager (HealthyPipelineSafeModeRule.java:process(128)) - SCM in safe mode. Healthy pipelines reported count is 0, required healthy pipeline reported count is 1
2021-01-09 14:08:09,420 [pool-99-thread-1] INFO  metrics.RatisMetrics (RatisMetrics.java:lambda$create$0(36)) - Creating Metrics Registry : ratis.leader_election.c6546d7c-3c2c-4358-92ae-ae46770bf30e@group-51A44799D410
2021-01-09 14:08:09,431 [pool-99-thread-1] INFO  metrics.RatisMetrics (RatisMetrics.java:lambda$create$0(36)) - Creating Metrics Registry : ratis.server.c6546d7c-3c2c-4358-92ae-ae46770bf30e@group-51A44799D410
2021-01-09 14:08:09,431 [pool-99-thread-1] INFO  server.RaftServer$Division (RaftServerImpl.java:start(294)) - c6546d7c-3c2c-4358-92ae-ae46770bf30e@group-51A44799D410: start as a follower, conf=-1: [c6546d7c-3c2c-4358-92ae-ae46770bf30e|rpc:172.17.0.2:44259|priority:1], old=null
2021-01-09 14:08:09,432 [pool-99-thread-1] INFO  server.RaftServer$Division (RaftServerImpl.java:setRole(283)) - c6546d7c-3c2c-4358-92ae-ae46770bf30e@group-51A44799D410: changes role from      null to FOLLOWER at term 0 for startAsFollower
2021-01-09 14:08:09,432 [pool-99-thread-1] INFO  impl.RoleInfo (RoleInfo.java:updateAndGet(130)) - c6546d7c-3c2c-4358-92ae-ae46770bf30e: start c6546d7c-3c2c-4358-92ae-ae46770bf30e@group-51A44799D410-FollowerState
2021-01-09 14:08:09,435 [pool-99-thread-1] INFO  util.JmxRegister (JmxRegister.java:tryRegister(44)) - Successfully registered JMX Bean with object name Ratis:service=RaftServer,group=group-51A44799D410,id=c6546d7c-3c2c-4358-92ae-ae46770bf30e
2021-01-09 14:08:09,435 [pool-99-thread-1] INFO  metrics.RatisMetrics (RatisMetrics.java:lambda$create$0(36)) - Creating Metrics Registry : ratis.state_machine.c6546d7c-3c2c-4358-92ae-ae46770bf30e@group-51A44799D410
2021-01-09 14:08:09,436 [Command processor thread] INFO  commandhandler.CreatePipelineCommandHandler (CreatePipelineCommandHandler.java:handle(106)) - Created Pipeline RATIS ONE PipelineID=1a3bda3e-b45f-4b04-890c-51a44799d410.
2021-01-09 14:08:09,758 [EventQueue-PipelineReportForOneReplicaPipelineSafeModeRule] INFO  safemode.SCMSafeModeManager (SCMSafeModeManager.java:validateSafeModeExitRules(214)) - AtleastOneDatanodeReportedRule rule is successfully validated
2021-01-09 14:08:09,758 [EventQueue-OpenPipelineForHealthyPipelineSafeModeRule] INFO  safemode.SCMSafeModeManager (HealthyPipelineSafeModeRule.java:process(128)) - SCM in safe mode. Healthy pipelines reported count is 0, required healthy pipeline reported count is 1
2021-01-09 14:08:09,775 [grpc-default-executor-1] WARN  server.GrpcLogAppender (LogUtils.java:warn(122)) - omNode-1@group-523986131536->omNode-3-AppendLogResponseHandler: Failed appendEntries: org.apache.ratis.thirdparty.io.grpc.StatusRuntimeException: UNAVAILABLE: io exception
2021-01-09 14:08:09,776 [grpc-default-executor-1] WARN  server.GrpcLogAppender (GrpcLogAppender.java:resetClient(111)) - omNode-1@group-523986131536->omNode-3-GrpcLogAppender: Leader has not got in touch with Follower omNode-1@group-523986131536->omNode-3(c-1,m0,n1, attendVote=true, lastRpcSendTime=0, lastRpcResponseTime=11511) yet, just keep nextIndex unchanged and retry.
2021-01-09 14:08:10,276 [grpc-default-executor-1] WARN  server.GrpcLogAppender (LogUtils.java:warn(122)) - omNode-1@group-523986131536->omNode-3-AppendLogResponseHandler: Failed appendEntries: org.apache.ratis.thirdparty.io.grpc.StatusRuntimeException: UNAVAILABLE: io exception
2021-01-09 14:08:10,277 [grpc-default-executor-1] WARN  server.GrpcLogAppender (GrpcLogAppender.java:resetClient(111)) - omNode-1@group-523986131536->omNode-3-GrpcLogAppender: Leader has not got in touch with Follower omNode-1@group-523986131536->omNode-3(c-1,m0,n1, attendVote=true, lastRpcSendTime=1, lastRpcResponseTime=12012) yet, just keep nextIndex unchanged and retry.
2021-01-09 14:08:10,311 [EventQueue-PipelineReportForOneReplicaPipelineSafeModeRule] INFO  safemode.SCMSafeModeManager (SCMSafeModeManager.java:validateSafeModeExitRules(214)) - AtleastOneDatanodeReportedRule rule is successfully validated
2021-01-09 14:08:10,311 [EventQueue-OpenPipelineForHealthyPipelineSafeModeRule] INFO  safemode.SCMSafeModeManager (HealthyPipelineSafeModeRule.java:process(128)) - SCM in safe mode. Healthy pipelines reported count is 0, required healthy pipeline reported count is 1
2021-01-09 14:08:10,384 [Listener at 127.0.0.1/11780] INFO  ozone.MiniOzoneClusterImpl (MiniOzoneClusterImpl.java:lambda$waitForClusterToBeReady$0(179)) - Nodes are ready. Got 3 of 3 DN Heartbeats.
2021-01-09 14:08:10,384 [Listener at 127.0.0.1/11780] INFO  ozone.MiniOzoneClusterImpl (MiniOzoneClusterImpl.java:lambda$waitForClusterToBeReady$0(182)) - Waiting for cluster to exit safe mode
2021-01-09 14:08:10,412 [EventQueue-OpenPipelineForHealthyPipelineSafeModeRule] INFO  safemode.SCMSafeModeManager (HealthyPipelineSafeModeRule.java:process(128)) - SCM in safe mode. Healthy pipelines reported count is 0, required healthy pipeline reported count is 1
2021-01-09 14:08:10,412 [EventQueue-PipelineReportForOneReplicaPipelineSafeModeRule] INFO  safemode.SCMSafeModeManager (SCMSafeModeManager.java:validateSafeModeExitRules(214)) - AtleastOneDatanodeReportedRule rule is successfully validated
2021-01-09 14:08:10,758 [EventQueue-OpenPipelineForHealthyPipelineSafeModeRule] INFO  safemode.SCMSafeModeManager (HealthyPipelineSafeModeRule.java:process(128)) - SCM in safe mode. Healthy pipelines reported count is 0, required healthy pipeline reported count is 1
2021-01-09 14:08:10,758 [EventQueue-PipelineReportForOneReplicaPipelineSafeModeRule] INFO  safemode.SCMSafeModeManager (SCMSafeModeManager.java:validateSafeModeExitRules(214)) - AtleastOneDatanodeReportedRule rule is successfully validated
2021-01-09 14:08:10,776 [grpc-default-executor-1] WARN  server.GrpcLogAppender (LogUtils.java:warn(122)) - omNode-1@group-523986131536->omNode-3-AppendLogResponseHandler: Failed appendEntries: org.apache.ratis.thirdparty.io.grpc.StatusRuntimeException: UNAVAILABLE: io exception
2021-01-09 14:08:10,776 [grpc-default-executor-1] WARN  server.GrpcLogAppender (GrpcLogAppender.java:resetClient(111)) - omNode-1@group-523986131536->omNode-3-GrpcLogAppender: Leader has not got in touch with Follower omNode-1@group-523986131536->omNode-3(c-1,m0,n1, attendVote=true, lastRpcSendTime=0, lastRpcResponseTime=12511) yet, just keep nextIndex unchanged and retry.
2021-01-09 14:08:11,281 [grpc-default-executor-1] WARN  server.GrpcLogAppender (LogUtils.java:warn(122)) - omNode-1@group-523986131536->omNode-3-AppendLogResponseHandler: Failed appendEntries: org.apache.ratis.thirdparty.io.grpc.StatusRuntimeException: UNAVAILABLE: io exception
2021-01-09 14:08:11,282 [grpc-default-executor-1] WARN  server.GrpcLogAppender (GrpcLogAppender.java:resetClient(111)) - omNode-1@group-523986131536->omNode-3-GrpcLogAppender: Leader has not got in touch with Follower omNode-1@group-523986131536->omNode-3(c-1,m0,n1, attendVote=true, lastRpcSendTime=505, lastRpcResponseTime=13017) yet, just keep nextIndex unchanged and retry.
2021-01-09 14:08:11,312 [EventQueue-OpenPipelineForHealthyPipelineSafeModeRule] INFO  safemode.SCMSafeModeManager (HealthyPipelineSafeModeRule.java:process(128)) - SCM in safe mode. Healthy pipelines reported count is 0, required healthy pipeline reported count is 1
2021-01-09 14:08:11,312 [EventQueue-PipelineReportForOneReplicaPipelineSafeModeRule] INFO  safemode.SCMSafeModeManager (SCMSafeModeManager.java:validateSafeModeExitRules(214)) - AtleastOneDatanodeReportedRule rule is successfully validated
2021-01-09 14:08:11,384 [Listener at 127.0.0.1/11780] INFO  ozone.MiniOzoneClusterImpl (MiniOzoneClusterImpl.java:lambda$waitForClusterToBeReady$0(179)) - Nodes are ready. Got 3 of 3 DN Heartbeats.
2021-01-09 14:08:11,384 [Listener at 127.0.0.1/11780] INFO  ozone.MiniOzoneClusterImpl (MiniOzoneClusterImpl.java:lambda$waitForClusterToBeReady$0(182)) - Waiting for cluster to exit safe mode
2021-01-09 14:08:11,412 [EventQueue-PipelineReportForOneReplicaPipelineSafeModeRule] INFO  safemode.SCMSafeModeManager (SCMSafeModeManager.java:validateSafeModeExitRules(214)) - AtleastOneDatanodeReportedRule rule is successfully validated
2021-01-09 14:08:11,412 [EventQueue-OpenPipelineForHealthyPipelineSafeModeRule] INFO  safemode.SCMSafeModeManager (HealthyPipelineSafeModeRule.java:process(128)) - SCM in safe mode. Healthy pipelines reported count is 0, required healthy pipeline reported count is 1
2021-01-09 14:08:11,761 [EventQueue-PipelineReportForOneReplicaPipelineSafeModeRule] INFO  safemode.SCMSafeModeManager (SCMSafeModeManager.java:validateSafeModeExitRules(214)) - AtleastOneDatanodeReportedRule rule is successfully validated
2021-01-09 14:08:11,761 [EventQueue-OpenPipelineForHealthyPipelineSafeModeRule] INFO  safemode.SCMSafeModeManager (HealthyPipelineSafeModeRule.java:process(128)) - SCM in safe mode. Healthy pipelines reported count is 0, required healthy pipeline reported count is 1
2021-01-09 14:08:11,782 [grpc-default-executor-1] WARN  server.GrpcLogAppender (LogUtils.java:warn(122)) - omNode-1@group-523986131536->omNode-3-AppendLogResponseHandler: Failed appendEntries: org.apache.ratis.thirdparty.io.grpc.StatusRuntimeException: UNAVAILABLE: io exception
2021-01-09 14:08:11,783 [grpc-default-executor-1] WARN  server.GrpcLogAppender (GrpcLogAppender.java:resetClient(111)) - omNode-1@group-523986131536->omNode-3-GrpcLogAppender: Leader has not got in touch with Follower omNode-1@group-523986131536->omNode-3(c-1,m0,n1, attendVote=true, lastRpcSendTime=0, lastRpcResponseTime=13518) yet, just keep nextIndex unchanged and retry.
2021-01-09 14:08:12,283 [grpc-default-executor-1] WARN  server.GrpcLogAppender (LogUtils.java:warn(122)) - omNode-1@group-523986131536->omNode-3-AppendLogResponseHandler: Failed appendEntries: org.apache.ratis.thirdparty.io.grpc.StatusRuntimeException: UNAVAILABLE: io exception
2021-01-09 14:08:12,284 [grpc-default-executor-1] WARN  server.GrpcLogAppender (GrpcLogAppender.java:resetClient(111)) - omNode-1@group-523986131536->omNode-3-GrpcLogAppender: Leader has not got in touch with Follower omNode-1@group-523986131536->omNode-3(c-1,m0,n1, attendVote=true, lastRpcSendTime=1, lastRpcResponseTime=14019) yet, just keep nextIndex unchanged and retry.
2021-01-09 14:08:12,309 [EventQueue-PipelineReportForOneReplicaPipelineSafeModeRule] INFO  safemode.SCMSafeModeManager (SCMSafeModeManager.java:validateSafeModeExitRules(214)) - AtleastOneDatanodeReportedRule rule is successfully validated
2021-01-09 14:08:12,309 [EventQueue-OpenPipelineForHealthyPipelineSafeModeRule] INFO  safemode.SCMSafeModeManager (HealthyPipelineSafeModeRule.java:process(128)) - SCM in safe mode. Healthy pipelines reported count is 0, required healthy pipeline reported count is 1
2021-01-09 14:08:12,385 [Listener at 127.0.0.1/11780] INFO  ozone.MiniOzoneClusterImpl (MiniOzoneClusterImpl.java:lambda$waitForClusterToBeReady$0(179)) - Nodes are ready. Got 3 of 3 DN Heartbeats.
2021-01-09 14:08:12,385 [Listener at 127.0.0.1/11780] INFO  ozone.MiniOzoneClusterImpl (MiniOzoneClusterImpl.java:lambda$waitForClusterToBeReady$0(182)) - Waiting for cluster to exit safe mode
2021-01-09 14:08:12,409 [EventQueue-OpenPipelineForHealthyPipelineSafeModeRule] INFO  safemode.SCMSafeModeManager (HealthyPipelineSafeModeRule.java:process(128)) - SCM in safe mode. Healthy pipelines reported count is 0, required healthy pipeline reported count is 1
2021-01-09 14:08:12,409 [EventQueue-PipelineReportForOneReplicaPipelineSafeModeRule] INFO  safemode.SCMSafeModeManager (SCMSafeModeManager.java:validateSafeModeExitRules(214)) - AtleastOneDatanodeReportedRule rule is successfully validated
2021-01-09 14:08:12,679 [Thread-282] INFO  impl.FollowerState (FollowerState.java:run(133)) - 470fbf9d-806e-42f0-a865-c68422311eea@group-31B6157E209C-FollowerState: change to CANDIDATE, lastRpcElapsedTime:5080984125ns, electionTimeout:5080ms
2021-01-09 14:08:12,679 [Thread-282] INFO  impl.RoleInfo (RoleInfo.java:shutdownFollowerState(108)) - 470fbf9d-806e-42f0-a865-c68422311eea: shutdown 470fbf9d-806e-42f0-a865-c68422311eea@group-31B6157E209C-FollowerState
2021-01-09 14:08:12,679 [Thread-282] INFO  server.RaftServer$Division (RaftServerImpl.java:setRole(283)) - 470fbf9d-806e-42f0-a865-c68422311eea@group-31B6157E209C: changes role from  FOLLOWER to CANDIDATE at term 0 for changeToCandidate
2021-01-09 14:08:12,680 [Thread-282] INFO  impl.RoleInfo (RoleInfo.java:updateAndGet(130)) - 470fbf9d-806e-42f0-a865-c68422311eea: start 470fbf9d-806e-42f0-a865-c68422311eea@group-31B6157E209C-LeaderElection8
2021-01-09 14:08:12,683 [470fbf9d-806e-42f0-a865-c68422311eea@group-31B6157E209C-LeaderElection8] INFO  impl.LeaderElection (LeaderElection.java:askForPreVotes(259)) - 470fbf9d-806e-42f0-a865-c68422311eea@group-31B6157E209C-LeaderElection8: begin a pre-vote at term 0 for -1: [c6546d7c-3c2c-4358-92ae-ae46770bf30e|rpc:172.17.0.2:44259|priority:1, 470fbf9d-806e-42f0-a865-c68422311eea|rpc:172.17.0.2:41015|priority:0, 3325cc50-49b5-4605-b753-fe51c7c4e469|rpc:172.17.0.2:45501|priority:0], old=null
2021-01-09 14:08:12,702 [grpc-default-executor-1] INFO  server.RaftServer$Division (RaftServerImpl.java:requestPreVote(1060)) - c6546d7c-3c2c-4358-92ae-ae46770bf30e@group-31B6157E209C: receive preVote(470fbf9d-806e-42f0-a865-c68422311eea, group-31B6157E209C, 0, (t:0, i:0))
2021-01-09 14:08:12,702 [grpc-default-executor-1] INFO  server.RaftServer$Division (RaftServerImpl.java:requestPreVote(1083)) - c6546d7c-3c2c-4358-92ae-ae46770bf30e@group-31B6157E209C role: FOLLOWER reject pre-vote from:470fbf9d-806e-42f0-a865-c68422311eea because compare:0 isCurrentLeaderValid:false
2021-01-09 14:08:12,702 [grpc-default-executor-1] INFO  server.RaftServer$Division (RaftServerImpl.java:requestPreVote(1099)) - c6546d7c-3c2c-4358-92ae-ae46770bf30e@group-31B6157E209C replies to pre-vote request: 470fbf9d-806e-42f0-a865-c68422311eea<-c6546d7c-3c2c-4358-92ae-ae46770bf30e#0:FAIL-t0. Peer's state: c6546d7c-3c2c-4358-92ae-ae46770bf30e@group-31B6157E209C:t0, leader=null, voted=, raftlog=c6546d7c-3c2c-4358-92ae-ae46770bf30e@group-31B6157E209C-SegmentedRaftLog:OPENED:c-1,f-1,i0, conf=-1: [c6546d7c-3c2c-4358-92ae-ae46770bf30e|rpc:172.17.0.2:44259|dataStream:|priority:1, 470fbf9d-806e-42f0-a865-c68422311eea|rpc:172.17.0.2:41015|dataStream:|priority:0, 3325cc50-49b5-4605-b753-fe51c7c4e469|rpc:172.17.0.2:45501|dataStream:|priority:0], old=null
2021-01-09 14:08:12,712 [grpc-default-executor-3] INFO  server.RaftServer$Division (RaftServerImpl.java:requestPreVote(1060)) - 3325cc50-49b5-4605-b753-fe51c7c4e469@group-31B6157E209C: receive preVote(470fbf9d-806e-42f0-a865-c68422311eea, group-31B6157E209C, 0, (t:0, i:0))
2021-01-09 14:08:12,712 [grpc-default-executor-3] INFO  server.RaftServer$Division (RaftServerImpl.java:requestPreVote(1081)) - 3325cc50-49b5-4605-b753-fe51c7c4e469@group-31B6157E209C role: FOLLOWER allow pre-vote from:470fbf9d-806e-42f0-a865-c68422311eea
2021-01-09 14:08:12,712 [grpc-default-executor-3] INFO  server.RaftServer$Division (RaftServerImpl.java:requestPreVote(1099)) - 3325cc50-49b5-4605-b753-fe51c7c4e469@group-31B6157E209C replies to pre-vote request: 470fbf9d-806e-42f0-a865-c68422311eea<-3325cc50-49b5-4605-b753-fe51c7c4e469#0:OK-t0. Peer's state: 3325cc50-49b5-4605-b753-fe51c7c4e469@group-31B6157E209C:t0, leader=null, voted=, raftlog=3325cc50-49b5-4605-b753-fe51c7c4e469@group-31B6157E209C-SegmentedRaftLog:OPENED:c-1,f-1,i0, conf=-1: [c6546d7c-3c2c-4358-92ae-ae46770bf30e|rpc:172.17.0.2:44259|dataStream:|priority:1, 470fbf9d-806e-42f0-a865-c68422311eea|rpc:172.17.0.2:41015|dataStream:|priority:0, 3325cc50-49b5-4605-b753-fe51c7c4e469|rpc:172.17.0.2:45501|dataStream:|priority:0], old=null
2021-01-09 14:08:12,713 [470fbf9d-806e-42f0-a865-c68422311eea@group-31B6157E209C-LeaderElection8] INFO  impl.LeaderElection (LeaderElection.java:logAndReturn(68)) - 470fbf9d-806e-42f0-a865-c68422311eea@group-31B6157E209C-LeaderElection8: Pre-vote  REJECTED received 1 response(s):[470fbf9d-806e-42f0-a865-c68422311eea<-c6546d7c-3c2c-4358-92ae-ae46770bf30e#0:FAIL-t0]
2021-01-09 14:08:12,717 [470fbf9d-806e-42f0-a865-c68422311eea@group-31B6157E209C-LeaderElection8] INFO  impl.LeaderElection (LeaderElection.java:askForPreVotes(261)) - 470fbf9d-806e-42f0-a865-c68422311eea@group-31B6157E209C-LeaderElection8 pre-vote result is REJECTED.
2021-01-09 14:08:12,717 [470fbf9d-806e-42f0-a865-c68422311eea@group-31B6157E209C-LeaderElection8] INFO  server.RaftServer$Division (RaftServerImpl.java:setRole(283)) - 470fbf9d-806e-42f0-a865-c68422311eea@group-31B6157E209C: changes role from CANDIDATE to FOLLOWER at term 0 for REJECTED
2021-01-09 14:08:12,717 [470fbf9d-806e-42f0-a865-c68422311eea@group-31B6157E209C-LeaderElection8] INFO  impl.RoleInfo (RoleInfo.java:shutdownLeaderElection(121)) - 470fbf9d-806e-42f0-a865-c68422311eea: shutdown 470fbf9d-806e-42f0-a865-c68422311eea@group-31B6157E209C-LeaderElection8
2021-01-09 14:08:12,717 [470fbf9d-806e-42f0-a865-c68422311eea@group-31B6157E209C-LeaderElection8] INFO  impl.RoleInfo (RoleInfo.java:updateAndGet(130)) - 470fbf9d-806e-42f0-a865-c68422311eea: start 470fbf9d-806e-42f0-a865-c68422311eea@group-31B6157E209C-FollowerState
2021-01-09 14:08:12,762 [EventQueue-PipelineReportForOneReplicaPipelineSafeModeRule] INFO  safemode.SCMSafeModeManager (SCMSafeModeManager.java:validateSafeModeExitRules(214)) - AtleastOneDatanodeReportedRule rule is successfully validated
2021-01-09 14:08:12,762 [EventQueue-OpenPipelineForHealthyPipelineSafeModeRule] INFO  safemode.SCMSafeModeManager (HealthyPipelineSafeModeRule.java:process(128)) - SCM in safe mode. Healthy pipelines reported count is 0, required healthy pipeline reported count is 1
2021-01-09 14:08:12,775 [Thread-284] INFO  impl.FollowerState (FollowerState.java:run(133)) - c6546d7c-3c2c-4358-92ae-ae46770bf30e@group-31B6157E209C-FollowerState: change to CANDIDATE, lastRpcElapsedTime:5058105019ns, electionTimeout:5051ms
2021-01-09 14:08:12,775 [Thread-284] INFO  impl.RoleInfo (RoleInfo.java:shutdownFollowerState(108)) - c6546d7c-3c2c-4358-92ae-ae46770bf30e: shutdown c6546d7c-3c2c-4358-92ae-ae46770bf30e@group-31B6157E209C-FollowerState
2021-01-09 14:08:12,775 [Thread-284] INFO  server.RaftServer$Division (RaftServerImpl.java:setRole(283)) - c6546d7c-3c2c-4358-92ae-ae46770bf30e@group-31B6157E209C: changes role from  FOLLOWER to CANDIDATE at term 0 for changeToCandidate
2021-01-09 14:08:12,775 [Thread-284] INFO  impl.RoleInfo (RoleInfo.java:updateAndGet(130)) - c6546d7c-3c2c-4358-92ae-ae46770bf30e: start c6546d7c-3c2c-4358-92ae-ae46770bf30e@group-31B6157E209C-LeaderElection9
2021-01-09 14:08:12,782 [c6546d7c-3c2c-4358-92ae-ae46770bf30e@group-31B6157E209C-LeaderElection9] INFO  impl.LeaderElection (LeaderElection.java:askForPreVotes(259)) - c6546d7c-3c2c-4358-92ae-ae46770bf30e@group-31B6157E209C-LeaderElection9: begin a pre-vote at term 0 for -1: [c6546d7c-3c2c-4358-92ae-ae46770bf30e|rpc:172.17.0.2:44259|dataStream:|priority:1, 470fbf9d-806e-42f0-a865-c68422311eea|rpc:172.17.0.2:41015|dataStream:|priority:0, 3325cc50-49b5-4605-b753-fe51c7c4e469|rpc:172.17.0.2:45501|dataStream:|priority:0], old=null
2021-01-09 14:08:12,785 [grpc-default-executor-3] WARN  server.GrpcLogAppender (LogUtils.java:warn(122)) - omNode-1@group-523986131536->omNode-3-AppendLogResponseHandler: Failed appendEntries: org.apache.ratis.thirdparty.io.grpc.StatusRuntimeException: UNAVAILABLE: io exception
2021-01-09 14:08:12,786 [grpc-default-executor-3] WARN  server.GrpcLogAppender (GrpcLogAppender.java:resetClient(111)) - omNode-1@group-523986131536->omNode-3-GrpcLogAppender: Leader has not got in touch with Follower omNode-1@group-523986131536->omNode-3(c-1,m0,n1, attendVote=true, lastRpcSendTime=0, lastRpcResponseTime=14521) yet, just keep nextIndex unchanged and retry.
2021-01-09 14:08:12,789 [grpc-default-executor-3] INFO  metrics.RatisMetrics (RatisMetrics.java:lambda$create$0(36)) - Creating Metrics Registry : ratis.server_message_metrics.470fbf9d-806e-42f0-a865-c68422311eea
2021-01-09 14:08:12,790 [grpc-default-executor-3] INFO  server.RaftServer$Division (RaftServerImpl.java:requestPreVote(1060)) - 470fbf9d-806e-42f0-a865-c68422311eea@group-31B6157E209C: receive preVote(c6546d7c-3c2c-4358-92ae-ae46770bf30e, group-31B6157E209C, 0, (t:0, i:0))
2021-01-09 14:08:12,791 [grpc-default-executor-3] INFO  server.RaftServer$Division (RaftServerImpl.java:requestPreVote(1081)) - 470fbf9d-806e-42f0-a865-c68422311eea@group-31B6157E209C role: FOLLOWER allow pre-vote from:c6546d7c-3c2c-4358-92ae-ae46770bf30e
2021-01-09 14:08:12,791 [grpc-default-executor-3] INFO  server.RaftServer$Division (RaftServerImpl.java:requestPreVote(1099)) - 470fbf9d-806e-42f0-a865-c68422311eea@group-31B6157E209C replies to pre-vote request: c6546d7c-3c2c-4358-92ae-ae46770bf30e<-470fbf9d-806e-42f0-a865-c68422311eea#0:OK-t0. Peer's state: 470fbf9d-806e-42f0-a865-c68422311eea@group-31B6157E209C:t0, leader=null, voted=, raftlog=470fbf9d-806e-42f0-a865-c68422311eea@group-31B6157E209C-SegmentedRaftLog:OPENED:c-1,f-1,i0, conf=-1: [c6546d7c-3c2c-4358-92ae-ae46770bf30e|rpc:172.17.0.2:44259|priority:1, 470fbf9d-806e-42f0-a865-c68422311eea|rpc:172.17.0.2:41015|priority:0, 3325cc50-49b5-4605-b753-fe51c7c4e469|rpc:172.17.0.2:45501|priority:0], old=null
2021-01-09 14:08:12,794 [c6546d7c-3c2c-4358-92ae-ae46770bf30e@group-31B6157E209C-LeaderElection9] INFO  impl.LeaderElection (LeaderElection.java:logAndReturn(68)) - c6546d7c-3c2c-4358-92ae-ae46770bf30e@group-31B6157E209C-LeaderElection9: Pre-vote  PASSED received 1 response(s):[c6546d7c-3c2c-4358-92ae-ae46770bf30e<-470fbf9d-806e-42f0-a865-c68422311eea#0:OK-t0]
2021-01-09 14:08:12,799 [c6546d7c-3c2c-4358-92ae-ae46770bf30e@group-31B6157E209C-LeaderElection9] INFO  impl.LeaderElection (LeaderElection.java:askForPreVotes(261)) - c6546d7c-3c2c-4358-92ae-ae46770bf30e@group-31B6157E209C-LeaderElection9 pre-vote result is PASSED.
2021-01-09 14:08:12,801 [c6546d7c-3c2c-4358-92ae-ae46770bf30e@group-31B6157E209C-LeaderElection9] INFO  impl.LeaderElection (LeaderElection.java:askForVotes(308)) - c6546d7c-3c2c-4358-92ae-ae46770bf30e@group-31B6157E209C-LeaderElection9: begin an election at term 1 for -1: [c6546d7c-3c2c-4358-92ae-ae46770bf30e|rpc:172.17.0.2:44259|dataStream:|priority:1, 470fbf9d-806e-42f0-a865-c68422311eea|rpc:172.17.0.2:41015|dataStream:|priority:0, 3325cc50-49b5-4605-b753-fe51c7c4e469|rpc:172.17.0.2:45501|dataStream:|priority:0], old=null
2021-01-09 14:08:12,811 [grpc-default-executor-3] INFO  server.RaftServer$Division (RaftServerImpl.java:requestPreVote(1060)) - 3325cc50-49b5-4605-b753-fe51c7c4e469@group-31B6157E209C: receive preVote(c6546d7c-3c2c-4358-92ae-ae46770bf30e, group-31B6157E209C, 0, (t:0, i:0))
2021-01-09 14:08:12,812 [grpc-default-executor-3] INFO  server.RaftServer$Division (RaftServerImpl.java:requestPreVote(1081)) - 3325cc50-49b5-4605-b753-fe51c7c4e469@group-31B6157E209C role: FOLLOWER allow pre-vote from:c6546d7c-3c2c-4358-92ae-ae46770bf30e
2021-01-09 14:08:12,812 [grpc-default-executor-3] INFO  server.RaftServer$Division (RaftServerImpl.java:requestPreVote(1099)) - 3325cc50-49b5-4605-b753-fe51c7c4e469@group-31B6157E209C replies to pre-vote request: c6546d7c-3c2c-4358-92ae-ae46770bf30e<-3325cc50-49b5-4605-b753-fe51c7c4e469#0:OK-t0. Peer's state: 3325cc50-49b5-4605-b753-fe51c7c4e469@group-31B6157E209C:t0, leader=null, voted=, raftlog=3325cc50-49b5-4605-b753-fe51c7c4e469@group-31B6157E209C-SegmentedRaftLog:OPENED:c-1,f-1,i0, conf=-1: [c6546d7c-3c2c-4358-92ae-ae46770bf30e|rpc:172.17.0.2:44259|dataStream:|priority:1, 470fbf9d-806e-42f0-a865-c68422311eea|rpc:172.17.0.2:41015|dataStream:|priority:0, 3325cc50-49b5-4605-b753-fe51c7c4e469|rpc:172.17.0.2:45501|dataStream:|priority:0], old=null
2021-01-09 14:08:12,816 [grpc-default-executor-1] INFO  server.RaftServer$Division (RaftServerImpl.java:setRole(283)) - 470fbf9d-806e-42f0-a865-c68422311eea@group-31B6157E209C: changes role from  FOLLOWER to FOLLOWER at term 1 for recognizeCandidate:c6546d7c-3c2c-4358-92ae-ae46770bf30e
2021-01-09 14:08:12,817 [grpc-default-executor-1] INFO  impl.RoleInfo (RoleInfo.java:shutdownFollowerState(108)) - 470fbf9d-806e-42f0-a865-c68422311eea: shutdown 470fbf9d-806e-42f0-a865-c68422311eea@group-31B6157E209C-FollowerState
2021-01-09 14:08:12,817 [grpc-default-executor-1] INFO  impl.RoleInfo (RoleInfo.java:updateAndGet(130)) - 470fbf9d-806e-42f0-a865-c68422311eea: start 470fbf9d-806e-42f0-a865-c68422311eea@group-31B6157E209C-FollowerState
2021-01-09 14:08:12,818 [grpc-default-executor-1] INFO  server.RaftServer$Division (RaftServerImpl.java:requestVote(1137)) -  FOLLOWER 470fbf9d-806e-42f0-a865-c68422311eea@group-31B6157E209C:t1, leader=null, voted=null, raftlog=470fbf9d-806e-42f0-a865-c68422311eea@group-31B6157E209C-SegmentedRaftLog:OPENED:c-1,f-1,i0, conf=-1: [c6546d7c-3c2c-4358-92ae-ae46770bf30e|rpc:172.17.0.2:44259|priority:1, 470fbf9d-806e-42f0-a865-c68422311eea|rpc:172.17.0.2:41015|priority:0, 3325cc50-49b5-4605-b753-fe51c7c4e469|rpc:172.17.0.2:45501|priority:0], old=null RUNNING priority:0 candidate:c6546d7c-3c2c-4358-92ae-ae46770bf30e|rpc:172.17.0.2:44259|priority:1 candidatePriority:1 compare:0
2021-01-09 14:08:12,818 [Thread-318] INFO  impl.FollowerState (FollowerState.java:run(142)) - 470fbf9d-806e-42f0-a865-c68422311eea@group-31B6157E209C-FollowerState was interrupted: {}
java.lang.InterruptedException: sleep interrupted
	at java.lang.Thread.sleep(Native Method)
	at java.lang.Thread.sleep(Thread.java:340)
	at java.util.concurrent.TimeUnit.sleep(TimeUnit.java:386)
	at org.apache.ratis.util.TimeDuration.sleep(TimeDuration.java:324)
	at org.apache.ratis.util.TimeDuration.sleep(TimeDuration.java:309)
	at org.apache.ratis.server.impl.FollowerState.run(FollowerState.java:117)
2021-01-09 14:08:12,824 [grpc-default-executor-1] INFO  server.RaftServer$Division (RaftServerImpl.java:setRole(283)) - 3325cc50-49b5-4605-b753-fe51c7c4e469@group-31B6157E209C: changes role from  FOLLOWER to FOLLOWER at term 1 for recognizeCandidate:c6546d7c-3c2c-4358-92ae-ae46770bf30e
2021-01-09 14:08:12,825 [grpc-default-executor-1] INFO  impl.RoleInfo (RoleInfo.java:shutdownFollowerState(108)) - 3325cc50-49b5-4605-b753-fe51c7c4e469: shutdown 3325cc50-49b5-4605-b753-fe51c7c4e469@group-31B6157E209C-FollowerState
2021-01-09 14:08:12,825 [grpc-default-executor-1] INFO  impl.RoleInfo (RoleInfo.java:updateAndGet(130)) - 3325cc50-49b5-4605-b753-fe51c7c4e469: start 3325cc50-49b5-4605-b753-fe51c7c4e469@group-31B6157E209C-FollowerState
2021-01-09 14:08:12,825 [Thread-288] INFO  impl.FollowerState (FollowerState.java:run(142)) - 3325cc50-49b5-4605-b753-fe51c7c4e469@group-31B6157E209C-FollowerState was interrupted: {}
java.lang.InterruptedException: sleep interrupted
	at java.lang.Thread.sleep(Native Method)
	at java.lang.Thread.sleep(Thread.java:340)
	at java.util.concurrent.TimeUnit.sleep(TimeUnit.java:386)
	at org.apache.ratis.util.TimeDuration.sleep(TimeDuration.java:324)
	at org.apache.ratis.util.TimeDuration.sleep(TimeDuration.java:309)
	at org.apache.ratis.server.impl.FollowerState.run(FollowerState.java:117)
2021-01-09 14:08:12,826 [c6546d7c-3c2c-4358-92ae-ae46770bf30e@group-31B6157E209C-LeaderElection9] INFO  impl.LeaderElection (LeaderElection.java:logAndReturn(68)) - c6546d7c-3c2c-4358-92ae-ae46770bf30e@group-31B6157E209C-LeaderElection9: Election  PASSED received 1 response(s):[c6546d7c-3c2c-4358-92ae-ae46770bf30e<-470fbf9d-806e-42f0-a865-c68422311eea#0:OK-t1]
2021-01-09 14:08:12,826 [grpc-default-executor-1] INFO  server.RaftServer$Division (RaftServerImpl.java:requestVote(1137)) -  FOLLOWER 3325cc50-49b5-4605-b753-fe51c7c4e469@group-31B6157E209C:t1, leader=null, voted=null, raftlog=3325cc50-49b5-4605-b753-fe51c7c4e469@group-31B6157E209C-SegmentedRaftLog:OPENED:c-1,f-1,i0, conf=-1: [c6546d7c-3c2c-4358-92ae-ae46770bf30e|rpc:172.17.0.2:44259|dataStream:|priority:1, 470fbf9d-806e-42f0-a865-c68422311eea|rpc:172.17.0.2:41015|dataStream:|priority:0, 3325cc50-49b5-4605-b753-fe51c7c4e469|rpc:172.17.0.2:45501|dataStream:|priority:0], old=null RUNNING priority:0 candidate:c6546d7c-3c2c-4358-92ae-ae46770bf30e|rpc:172.17.0.2:44259|dataStream:|priority:1 candidatePriority:1 compare:0
2021-01-09 14:08:12,826 [c6546d7c-3c2c-4358-92ae-ae46770bf30e@group-31B6157E209C-LeaderElection9] INFO  impl.RoleInfo (RoleInfo.java:shutdownLeaderElection(121)) - c6546d7c-3c2c-4358-92ae-ae46770bf30e: shutdown c6546d7c-3c2c-4358-92ae-ae46770bf30e@group-31B6157E209C-LeaderElection9
2021-01-09 14:08:12,826 [c6546d7c-3c2c-4358-92ae-ae46770bf30e@group-31B6157E209C-LeaderElection9] INFO  server.RaftServer$Division (RaftServerImpl.java:setRole(283)) - c6546d7c-3c2c-4358-92ae-ae46770bf30e@group-31B6157E209C: changes role from CANDIDATE to LEADER at term 1 for changeToLeader
2021-01-09 14:08:12,826 [c6546d7c-3c2c-4358-92ae-ae46770bf30e@group-31B6157E209C-LeaderElection9] INFO  ratis.XceiverServerRatis (XceiverServerRatis.java:handleLeaderChangedNotification(868)) - Leader change notification received for group: group-31B6157E209C with new leaderId: c6546d7c-3c2c-4358-92ae-ae46770bf30e
2021-01-09 14:08:12,826 [c6546d7c-3c2c-4358-92ae-ae46770bf30e@group-31B6157E209C-LeaderElection9] INFO  server.RaftServer$Division (ServerState.java:setLeader(249)) - c6546d7c-3c2c-4358-92ae-ae46770bf30e@group-31B6157E209C: change Leader from null to c6546d7c-3c2c-4358-92ae-ae46770bf30e at term 1 for becomeLeader, leader elected after 5126ms
2021-01-09 14:08:12,826 [c6546d7c-3c2c-4358-92ae-ae46770bf30e@group-31B6157E209C-LeaderElection9] INFO  server.RaftServerConfigKeys (ConfUtils.java:logGet(44)) - raft.server.staging.catchup.gap = 1000 (default)
2021-01-09 14:08:12,826 [c6546d7c-3c2c-4358-92ae-ae46770bf30e@group-31B6157E209C-LeaderElection9] INFO  metrics.RatisMetrics (RatisMetrics.java:lambda$create$0(36)) - Creating Metrics Registry : ratis.log_appender.c6546d7c-3c2c-4358-92ae-ae46770bf30e@group-31B6157E209C
2021-01-09 14:08:12,826 [c6546d7c-3c2c-4358-92ae-ae46770bf30e@group-31B6157E209C-LeaderElection9] INFO  server.RaftServerConfigKeys (ConfUtils.java:logGet(44)) - raft.server.write.element-limit = 1024 (custom)
2021-01-09 14:08:12,826 [c6546d7c-3c2c-4358-92ae-ae46770bf30e@group-31B6157E209C-LeaderElection9] INFO  server.RaftServerConfigKeys (ConfUtils.java:logGet(44)) - raft.server.write.byte-limit = 1073741824 (custom)
2021-01-09 14:08:12,827 [c6546d7c-3c2c-4358-92ae-ae46770bf30e@group-31B6157E209C-LeaderElection9] INFO  server.RaftServerConfigKeys (ConfUtils.java:logGet(44)) - raft.server.watch.timeout = 180s (custom)
2021-01-09 14:08:12,827 [c6546d7c-3c2c-4358-92ae-ae46770bf30e@group-31B6157E209C-LeaderElection9] INFO  server.RaftServerConfigKeys (ConfUtils.java:logGet(44)) - raft.server.watch.timeout.denomination = 1s (default)
2021-01-09 14:08:12,827 [c6546d7c-3c2c-4358-92ae-ae46770bf30e@group-31B6157E209C-LeaderElection9] INFO  server.RaftServerConfigKeys (ConfUtils.java:logGet(44)) - raft.server.watch.element-limit = 65536 (default)
2021-01-09 14:08:12,827 [c6546d7c-3c2c-4358-92ae-ae46770bf30e@group-31B6157E209C-LeaderElection9] INFO  server.RaftServerConfigKeys (ConfUtils.java:logGet(44)) - raft.server.log.appender.snapshot.chunk.size.max = 16MB (=16777216) (default)
2021-01-09 14:08:12,832 [c6546d7c-3c2c-4358-92ae-ae46770bf30e@group-31B6157E209C-LeaderElection9] INFO  server.RaftServerConfigKeys (ConfUtils.java:logGet(44)) - raft.server.log.appender.buffer.byte-limit = 33554432 (custom)
2021-01-09 14:08:12,832 [c6546d7c-3c2c-4358-92ae-ae46770bf30e@group-31B6157E209C-LeaderElection9] INFO  server.RaftServerConfigKeys (ConfUtils.java:logGet(44)) - raft.server.log.appender.buffer.element-limit = 1 (custom)
2021-01-09 14:08:12,832 [c6546d7c-3c2c-4358-92ae-ae46770bf30e@group-31B6157E209C-LeaderElection9] INFO  grpc.GrpcConfigKeys (ConfUtils.java:logGet(44)) - raft.grpc.server.leader.outstanding.appends.max = 128 (default)
2021-01-09 14:08:12,832 [c6546d7c-3c2c-4358-92ae-ae46770bf30e@group-31B6157E209C-LeaderElection9] INFO  server.RaftServerConfigKeys (ConfUtils.java:logGet(44)) - raft.server.rpc.request.timeout = 60s (custom)
2021-01-09 14:08:12,832 [c6546d7c-3c2c-4358-92ae-ae46770bf30e@group-31B6157E209C-LeaderElection9] INFO  server.RaftServerConfigKeys (ConfUtils.java:logGet(44)) - raft.server.log.appender.install.snapshot.enabled = false (custom)
2021-01-09 14:08:12,832 [c6546d7c-3c2c-4358-92ae-ae46770bf30e@group-31B6157E209C-LeaderElection9] INFO  metrics.RatisMetrics (RatisMetrics.java:lambda$create$0(36)) - Creating Metrics Registry : ratis_grpc.log_appender.c6546d7c-3c2c-4358-92ae-ae46770bf30e@group-31B6157E209C
2021-01-09 14:08:12,833 [c6546d7c-3c2c-4358-92ae-ae46770bf30e@group-31B6157E209C-LeaderElection9] INFO  server.RaftServerConfigKeys (ConfUtils.java:logGet(44)) - raft.server.log.appender.snapshot.chunk.size.max = 16MB (=16777216) (default)
2021-01-09 14:08:12,833 [c6546d7c-3c2c-4358-92ae-ae46770bf30e@group-31B6157E209C-LeaderElection9] INFO  server.RaftServerConfigKeys (ConfUtils.java:logGet(44)) - raft.server.log.appender.buffer.byte-limit = 33554432 (custom)
2021-01-09 14:08:12,833 [c6546d7c-3c2c-4358-92ae-ae46770bf30e@group-31B6157E209C-LeaderElection9] INFO  server.RaftServerConfigKeys (ConfUtils.java:logGet(44)) - raft.server.log.appender.buffer.element-limit = 1 (custom)
2021-01-09 14:08:12,833 [EventQueue-PipelineReportForOneReplicaPipelineSafeModeRule] INFO  safemode.SCMSafeModeManager (SCMSafeModeManager.java:validateSafeModeExitRules(214)) - AtleastOneDatanodeReportedRule rule is successfully validated
2021-01-09 14:08:12,835 [EventQueue-PipelineReportForPipelineReportHandler] INFO  pipeline.PipelineStateManager (PipelineStateManager.java:openPipeline(132)) - Pipeline Pipeline[ Id: 1253064e-b1c3-41bb-b7d2-31b6157e209c, Nodes: c6546d7c-3c2c-4358-92ae-ae46770bf30e{ip: 172.17.0.2, host: 849aa166ea4e, networkLocation: /default-rack, certSerialId: null, persistedOpState: IN_SERVICE, persistedOpStateExpiryEpochSec: 0}470fbf9d-806e-42f0-a865-c68422311eea{ip: 172.17.0.2, host: 849aa166ea4e, networkLocation: /default-rack, certSerialId: null, persistedOpState: IN_SERVICE, persistedOpStateExpiryEpochSec: 0}3325cc50-49b5-4605-b753-fe51c7c4e469{ip: 172.17.0.2, host: 849aa166ea4e, networkLocation: /default-rack, certSerialId: null, persistedOpState: IN_SERVICE, persistedOpStateExpiryEpochSec: 0}, Type:RATIS, Factor:THREE, State:ALLOCATED, leaderId:c6546d7c-3c2c-4358-92ae-ae46770bf30e, CreationTimestamp2021-01-09T14:08:06.406Z] moved to OPEN state
2021-01-09 14:08:12,835 [EventQueue-OpenPipelineForHealthyPipelineSafeModeRule] INFO  safemode.SCMSafeModeManager (HealthyPipelineSafeModeRule.java:process(128)) - SCM in safe mode. Healthy pipelines reported count is 1, required healthy pipeline reported count is 1
2021-01-09 14:08:12,835 [EventQueue-OpenPipelineForHealthyPipelineSafeModeRule] INFO  safemode.SCMSafeModeManager (SCMSafeModeManager.java:validateSafeModeExitRules(214)) - HealthyPipelineSafeModeRule rule is successfully validated
2021-01-09 14:08:12,835 [EventQueue-OpenPipelineForHealthyPipelineSafeModeRule] INFO  safemode.SCMSafeModeManager (SCMSafeModeManager.java:validateSafeModeExitRules(228)) - ScmSafeModeManager, all rules are successfully validated
2021-01-09 14:08:12,836 [EventQueue-OpenPipelineForHealthyPipelineSafeModeRule] INFO  safemode.SCMSafeModeManager (SCMSafeModeManager.java:exitSafeMode(257)) - SCM exiting safe mode.
2021-01-09 14:08:12,833 [c6546d7c-3c2c-4358-92ae-ae46770bf30e@group-31B6157E209C-LeaderElection9] INFO  grpc.GrpcConfigKeys (ConfUtils.java:logGet(44)) - raft.grpc.server.leader.outstanding.appends.max = 128 (default)
2021-01-09 14:08:12,843 [c6546d7c-3c2c-4358-92ae-ae46770bf30e@group-31B6157E209C-LeaderElection9] INFO  server.RaftServerConfigKeys (ConfUtils.java:logGet(44)) - raft.server.rpc.request.timeout = 60s (custom)
2021-01-09 14:08:12,843 [c6546d7c-3c2c-4358-92ae-ae46770bf30e@group-31B6157E209C-LeaderElection9] INFO  server.RaftServerConfigKeys (ConfUtils.java:logGet(44)) - raft.server.log.appender.install.snapshot.enabled = false (custom)
2021-01-09 14:08:12,843 [c6546d7c-3c2c-4358-92ae-ae46770bf30e@group-31B6157E209C-LeaderElection9] INFO  impl.RoleInfo (RoleInfo.java:updateAndGet(130)) - c6546d7c-3c2c-4358-92ae-ae46770bf30e: start c6546d7c-3c2c-4358-92ae-ae46770bf30e@group-31B6157E209C-LeaderStateImpl
2021-01-09 14:08:12,844 [c6546d7c-3c2c-4358-92ae-ae46770bf30e@group-31B6157E209C-LeaderElection9] INFO  segmented.SegmentedRaftLogWorker (SegmentedRaftLogWorker.java:startLogSegment(392)) - c6546d7c-3c2c-4358-92ae-ae46770bf30e@group-31B6157E209C-SegmentedRaftLogWorker: Starting segment from index:0
2021-01-09 14:08:12,845 [c6546d7c-3c2c-4358-92ae-ae46770bf30e@group-31B6157E209C-SegmentedRaftLogWorker] INFO  segmented.SegmentedRaftLogWorker (SegmentedRaftLogWorker.java:execute(599)) - c6546d7c-3c2c-4358-92ae-ae46770bf30e@group-31B6157E209C-SegmentedRaftLogWorker: created new log segment /github/workspace/mnt/ozone/hadoop-ozone/integration-test/target/test-dir/MiniOzoneClusterImpl-8961eb2b-7999-4159-8884-2a1a29aa57c4/datanode-2/data/ratis/1253064e-b1c3-41bb-b7d2-31b6157e209c/current/log_inprogress_0
2021-01-09 14:08:12,855 [grpc-default-executor-3] INFO  ratis.XceiverServerRatis (XceiverServerRatis.java:handleLeaderChangedNotification(868)) - Leader change notification received for group: group-31B6157E209C with new leaderId: c6546d7c-3c2c-4358-92ae-ae46770bf30e
2021-01-09 14:08:12,855 [grpc-default-executor-3] INFO  server.RaftServer$Division (ServerState.java:setLeader(249)) - 470fbf9d-806e-42f0-a865-c68422311eea@group-31B6157E209C: change Leader from null to c6546d7c-3c2c-4358-92ae-ae46770bf30e at term 1 for appendEntries, leader elected after 5270ms
2021-01-09 14:08:12,863 [grpc-default-executor-0] INFO  ratis.XceiverServerRatis (XceiverServerRatis.java:handleLeaderChangedNotification(868)) - Leader change notification received for group: group-31B6157E209C with new leaderId: c6546d7c-3c2c-4358-92ae-ae46770bf30e
2021-01-09 14:08:12,863 [grpc-default-executor-0] INFO  server.RaftServer$Division (ServerState.java:setLeader(249)) - 3325cc50-49b5-4605-b753-fe51c7c4e469@group-31B6157E209C: change Leader from null to c6546d7c-3c2c-4358-92ae-ae46770bf30e at term 1 for appendEntries, leader elected after 5064ms
2021-01-09 14:08:12,882 [c6546d7c-3c2c-4358-92ae-ae46770bf30e@group-31B6157E209C-LeaderElection9] INFO  server.RaftServer$Division (ServerState.java:setRaftConf(368)) - c6546d7c-3c2c-4358-92ae-ae46770bf30e@group-31B6157E209C: set configuration 0: [c6546d7c-3c2c-4358-92ae-ae46770bf30e|rpc:172.17.0.2:44259|dataStream:|priority:1, 470fbf9d-806e-42f0-a865-c68422311eea|rpc:172.17.0.2:41015|dataStream:|priority:0, 3325cc50-49b5-4605-b753-fe51c7c4e469|rpc:172.17.0.2:45501|dataStream:|priority:0], old=null
2021-01-09 14:08:12,883 [grpc-default-executor-3] INFO  server.RaftServer$Division (ServerState.java:setRaftConf(368)) - 470fbf9d-806e-42f0-a865-c68422311eea@group-31B6157E209C: set configuration 0: [c6546d7c-3c2c-4358-92ae-ae46770bf30e|rpc:172.17.0.2:44259|dataStream:|priority:1, 470fbf9d-806e-42f0-a865-c68422311eea|rpc:172.17.0.2:41015|dataStream:|priority:0, 3325cc50-49b5-4605-b753-fe51c7c4e469|rpc:172.17.0.2:45501|dataStream:|priority:0], old=null
2021-01-09 14:08:12,883 [grpc-default-executor-3] INFO  segmented.SegmentedRaftLogWorker (SegmentedRaftLogWorker.java:startLogSegment(392)) - 470fbf9d-806e-42f0-a865-c68422311eea@group-31B6157E209C-SegmentedRaftLogWorker: Starting segment from index:0
2021-01-09 14:08:12,888 [470fbf9d-806e-42f0-a865-c68422311eea@group-31B6157E209C-SegmentedRaftLogWorker] INFO  segmented.SegmentedRaftLogWorker (SegmentedRaftLogWorker.java:execute(599)) - 470fbf9d-806e-42f0-a865-c68422311eea@group-31B6157E209C-SegmentedRaftLogWorker: created new log segment /github/workspace/mnt/ozone/hadoop-ozone/integration-test/target/test-dir/MiniOzoneClusterImpl-8961eb2b-7999-4159-8884-2a1a29aa57c4/datanode-0/data/ratis/1253064e-b1c3-41bb-b7d2-31b6157e209c/current/log_inprogress_0
2021-01-09 14:08:12,891 [grpc-default-executor-0] INFO  server.RaftServer$Division (ServerState.java:setRaftConf(368)) - 3325cc50-49b5-4605-b753-fe51c7c4e469@group-31B6157E209C: set configuration 0: [c6546d7c-3c2c-4358-92ae-ae46770bf30e|rpc:172.17.0.2:44259|dataStream:|priority:1, 470fbf9d-806e-42f0-a865-c68422311eea|rpc:172.17.0.2:41015|dataStream:|priority:0, 3325cc50-49b5-4605-b753-fe51c7c4e469|rpc:172.17.0.2:45501|dataStream:|priority:0], old=null
2021-01-09 14:08:12,892 [grpc-default-executor-0] INFO  segmented.SegmentedRaftLogWorker (SegmentedRaftLogWorker.java:startLogSegment(392)) - 3325cc50-49b5-4605-b753-fe51c7c4e469@group-31B6157E209C-SegmentedRaftLogWorker: Starting segment from index:0
2021-01-09 14:08:12,893 [3325cc50-49b5-4605-b753-fe51c7c4e469@group-31B6157E209C-SegmentedRaftLogWorker] INFO  segmented.SegmentedRaftLogWorker (SegmentedRaftLogWorker.java:execute(599)) - 3325cc50-49b5-4605-b753-fe51c7c4e469@group-31B6157E209C-SegmentedRaftLogWorker: created new log segment /github/workspace/mnt/ozone/hadoop-ozone/integration-test/target/test-dir/MiniOzoneClusterImpl-8961eb2b-7999-4159-8884-2a1a29aa57c4/datanode-1/data/ratis/1253064e-b1c3-41bb-b7d2-31b6157e209c/current/log_inprogress_0
2021-01-09 14:08:12,983 [Thread-291] INFO  impl.FollowerState (FollowerState.java:run(133)) - 470fbf9d-806e-42f0-a865-c68422311eea@group-DA1943AF2F04-FollowerState: change to CANDIDATE, lastRpcElapsedTime:5123223321ns, electionTimeout:5120ms
2021-01-09 14:08:12,983 [Thread-291] INFO  impl.RoleInfo (RoleInfo.java:shutdownFollowerState(108)) - 470fbf9d-806e-42f0-a865-c68422311eea: shutdown 470fbf9d-806e-42f0-a865-c68422311eea@group-DA1943AF2F04-FollowerState
2021-01-09 14:08:12,983 [Thread-291] INFO  server.RaftServer$Division (RaftServerImpl.java:setRole(283)) - 470fbf9d-806e-42f0-a865-c68422311eea@group-DA1943AF2F04: changes role from  FOLLOWER to CANDIDATE at term 0 for changeToCandidate
2021-01-09 14:08:12,984 [Thread-291] INFO  impl.RoleInfo (RoleInfo.java:updateAndGet(130)) - 470fbf9d-806e-42f0-a865-c68422311eea: start 470fbf9d-806e-42f0-a865-c68422311eea@group-DA1943AF2F04-LeaderElection10
2021-01-09 14:08:13,000 [470fbf9d-806e-42f0-a865-c68422311eea@group-DA1943AF2F04-LeaderElection10] INFO  impl.LeaderElection (LeaderElection.java:askForPreVotes(259)) - 470fbf9d-806e-42f0-a865-c68422311eea@group-DA1943AF2F04-LeaderElection10: begin a pre-vote at term 0 for -1: [c6546d7c-3c2c-4358-92ae-ae46770bf30e|rpc:172.17.0.2:44259|priority:0, 470fbf9d-806e-42f0-a865-c68422311eea|rpc:172.17.0.2:41015|priority:1, 3325cc50-49b5-4605-b753-fe51c7c4e469|rpc:172.17.0.2:45501|priority:0], old=null
2021-01-09 14:08:13,010 [grpc-default-executor-0] INFO  server.RaftServer$Division (RaftServerImpl.java:requestPreVote(1060)) - c6546d7c-3c2c-4358-92ae-ae46770bf30e@group-DA1943AF2F04: receive preVote(470fbf9d-806e-42f0-a865-c68422311eea, group-DA1943AF2F04, 0, (t:0, i:0))
2021-01-09 14:08:13,010 [grpc-default-executor-0] INFO  server.RaftServer$Division (RaftServerImpl.java:requestPreVote(1081)) - c6546d7c-3c2c-4358-92ae-ae46770bf30e@group-DA1943AF2F04 role: FOLLOWER allow pre-vote from:470fbf9d-806e-42f0-a865-c68422311eea
2021-01-09 14:08:13,010 [grpc-default-executor-0] INFO  server.RaftServer$Division (RaftServerImpl.java:requestPreVote(1099)) - c6546d7c-3c2c-4358-92ae-ae46770bf30e@group-DA1943AF2F04 replies to pre-vote request: 470fbf9d-806e-42f0-a865-c68422311eea<-c6546d7c-3c2c-4358-92ae-ae46770bf30e#0:OK-t0. Peer's state: c6546d7c-3c2c-4358-92ae-ae46770bf30e@group-DA1943AF2F04:t0, leader=null, voted=, raftlog=c6546d7c-3c2c-4358-92ae-ae46770bf30e@group-DA1943AF2F04-SegmentedRaftLog:OPENED:c-1,f-1,i0, conf=-1: [c6546d7c-3c2c-4358-92ae-ae46770bf30e|rpc:172.17.0.2:44259|dataStream:|priority:0, 470fbf9d-806e-42f0-a865-c68422311eea|rpc:172.17.0.2:41015|dataStream:|priority:1, 3325cc50-49b5-4605-b753-fe51c7c4e469|rpc:172.17.0.2:45501|dataStream:|priority:0], old=null
2021-01-09 14:08:13,012 [470fbf9d-806e-42f0-a865-c68422311eea@group-DA1943AF2F04-LeaderElection10] INFO  impl.LeaderElection (LeaderElection.java:logAndReturn(68)) - 470fbf9d-806e-42f0-a865-c68422311eea@group-DA1943AF2F04-LeaderElection10: Pre-vote  PASSED received 1 response(s):[470fbf9d-806e-42f0-a865-c68422311eea<-c6546d7c-3c2c-4358-92ae-ae46770bf30e#0:OK-t0]
2021-01-09 14:08:13,012 [470fbf9d-806e-42f0-a865-c68422311eea@group-DA1943AF2F04-LeaderElection10] INFO  impl.LeaderElection (LeaderElection.java:askForPreVotes(261)) - 470fbf9d-806e-42f0-a865-c68422311eea@group-DA1943AF2F04-LeaderElection10 pre-vote result is PASSED.
2021-01-09 14:08:13,014 [470fbf9d-806e-42f0-a865-c68422311eea@group-DA1943AF2F04-LeaderElection10] INFO  impl.LeaderElection (LeaderElection.java:askForVotes(308)) - 470fbf9d-806e-42f0-a865-c68422311eea@group-DA1943AF2F04-LeaderElection10: begin an election at term 1 for -1: [c6546d7c-3c2c-4358-92ae-ae46770bf30e|rpc:172.17.0.2:44259|priority:0, 470fbf9d-806e-42f0-a865-c68422311eea|rpc:172.17.0.2:41015|priority:1, 3325cc50-49b5-4605-b753-fe51c7c4e469|rpc:172.17.0.2:45501|priority:0], old=null
2021-01-09 14:08:13,020 [grpc-default-executor-0] INFO  server.RaftServer$Division (RaftServerImpl.java:setRole(283)) - c6546d7c-3c2c-4358-92ae-ae46770bf30e@group-DA1943AF2F04: changes role from  FOLLOWER to FOLLOWER at term 1 for recognizeCandidate:470fbf9d-806e-42f0-a865-c68422311eea
2021-01-09 14:08:13,020 [grpc-default-executor-0] INFO  impl.RoleInfo (RoleInfo.java:shutdownFollowerState(108)) - c6546d7c-3c2c-4358-92ae-ae46770bf30e: shutdown c6546d7c-3c2c-4358-92ae-ae46770bf30e@group-DA1943AF2F04-FollowerState
2021-01-09 14:08:13,021 [grpc-default-executor-0] INFO  impl.RoleInfo (RoleInfo.java:updateAndGet(130)) - c6546d7c-3c2c-4358-92ae-ae46770bf30e: start c6546d7c-3c2c-4358-92ae-ae46770bf30e@group-DA1943AF2F04-FollowerState
2021-01-09 14:08:13,020 [grpc-default-executor-3] INFO  server.RaftServer$Division (RaftServerImpl.java:setRole(283)) - 3325cc50-49b5-4605-b753-fe51c7c4e469@group-DA1943AF2F04: changes role from  FOLLOWER to FOLLOWER at term 1 for recognizeCandidate:470fbf9d-806e-42f0-a865-c68422311eea
2021-01-09 14:08:13,021 [grpc-default-executor-3] INFO  impl.RoleInfo (RoleInfo.java:shutdownFollowerState(108)) - 3325cc50-49b5-4605-b753-fe51c7c4e469: shutdown 3325cc50-49b5-4605-b753-fe51c7c4e469@group-DA1943AF2F04-FollowerState
2021-01-09 14:08:13,020 [grpc-default-executor-2] INFO  server.RaftServer$Division (RaftServerImpl.java:requestPreVote(1060)) - 3325cc50-49b5-4605-b753-fe51c7c4e469@group-DA1943AF2F04: receive preVote(470fbf9d-806e-42f0-a865-c68422311eea, group-DA1943AF2F04, 0, (t:0, i:0))
2021-01-09 14:08:13,021 [Thread-293] INFO  impl.FollowerState (FollowerState.java:run(142)) - c6546d7c-3c2c-4358-92ae-ae46770bf30e@group-DA1943AF2F04-FollowerState was interrupted: {}
java.lang.InterruptedException: sleep interrupted
	at java.lang.Thread.sleep(Native Method)
	at java.lang.Thread.sleep(Thread.java:340)
	at java.util.concurrent.TimeUnit.sleep(TimeUnit.java:386)
	at org.apache.ratis.util.TimeDuration.sleep(TimeDuration.java:324)
	at org.apache.ratis.util.TimeDuration.sleep(TimeDuration.java:309)
	at org.apache.ratis.server.impl.FollowerState.run(FollowerState.java:117)
2021-01-09 14:08:13,029 [grpc-default-executor-0] INFO  server.RaftServer$Division (RaftServerImpl.java:requestVote(1137)) -  FOLLOWER c6546d7c-3c2c-4358-92ae-ae46770bf30e@group-DA1943AF2F04:t1, leader=null, voted=null, raftlog=c6546d7c-3c2c-4358-92ae-ae46770bf30e@group-DA1943AF2F04-SegmentedRaftLog:OPENED:c-1,f-1,i0, conf=-1: [c6546d7c-3c2c-4358-92ae-ae46770bf30e|rpc:172.17.0.2:44259|dataStream:|priority:0, 470fbf9d-806e-42f0-a865-c68422311eea|rpc:172.17.0.2:41015|dataStream:|priority:1, 3325cc50-49b5-4605-b753-fe51c7c4e469|rpc:172.17.0.2:45501|dataStream:|priority:0], old=null RUNNING priority:0 candidate:470fbf9d-806e-42f0-a865-c68422311eea|rpc:172.17.0.2:41015|dataStream:|priority:1 candidatePriority:1 compare:0
2021-01-09 14:08:13,035 [grpc-default-executor-3] INFO  impl.RoleInfo (RoleInfo.java:updateAndGet(130)) - 3325cc50-49b5-4605-b753-fe51c7c4e469: start 3325cc50-49b5-4605-b753-fe51c7c4e469@group-DA1943AF2F04-FollowerState
2021-01-09 14:08:13,035 [Thread-296] INFO  impl.FollowerState (FollowerState.java:run(142)) - 3325cc50-49b5-4605-b753-fe51c7c4e469@group-DA1943AF2F04-FollowerState was interrupted: {}
java.lang.InterruptedException: sleep interrupted
	at java.lang.Thread.sleep(Native Method)
	at java.lang.Thread.sleep(Thread.java:340)
	at java.util.concurrent.TimeUnit.sleep(TimeUnit.java:386)
	at org.apache.ratis.util.TimeDuration.sleep(TimeDuration.java:324)
	at org.apache.ratis.util.TimeDuration.sleep(TimeDuration.java:309)
	at org.apache.ratis.server.impl.FollowerState.run(FollowerState.java:117)
2021-01-09 14:08:13,036 [grpc-default-executor-3] INFO  server.RaftServer$Division (RaftServerImpl.java:requestVote(1137)) -  FOLLOWER 3325cc50-49b5-4605-b753-fe51c7c4e469@group-DA1943AF2F04:t1, leader=null, voted=null, raftlog=3325cc50-49b5-4605-b753-fe51c7c4e469@group-DA1943AF2F04-SegmentedRaftLog:OPENED:c-1,f-1,i0, conf=-1: [c6546d7c-3c2c-4358-92ae-ae46770bf30e|rpc:172.17.0.2:44259|dataStream:|priority:0, 470fbf9d-806e-42f0-a865-c68422311eea|rpc:172.17.0.2:41015|dataStream:|priority:1, 3325cc50-49b5-4605-b753-fe51c7c4e469|rpc:172.17.0.2:45501|dataStream:|priority:0], old=null RUNNING priority:0 candidate:470fbf9d-806e-42f0-a865-c68422311eea|rpc:172.17.0.2:41015|dataStream:|priority:1 candidatePriority:1 compare:0
2021-01-09 14:08:13,048 [grpc-default-executor-2] INFO  server.RaftServer$Division (RaftServerImpl.java:requestPreVote(1081)) - 3325cc50-49b5-4605-b753-fe51c7c4e469@group-DA1943AF2F04 role: FOLLOWER allow pre-vote from:470fbf9d-806e-42f0-a865-c68422311eea
2021-01-09 14:08:13,048 [grpc-default-executor-2] INFO  server.RaftServer$Division (RaftServerImpl.java:requestPreVote(1099)) - 3325cc50-49b5-4605-b753-fe51c7c4e469@group-DA1943AF2F04 replies to pre-vote request: 470fbf9d-806e-42f0-a865-c68422311eea<-3325cc50-49b5-4605-b753-fe51c7c4e469#0:OK-t1. Peer's state: 3325cc50-49b5-4605-b753-fe51c7c4e469@group-DA1943AF2F04:t1, leader=null, voted=470fbf9d-806e-42f0-a865-c68422311eea, raftlog=3325cc50-49b5-4605-b753-fe51c7c4e469@group-DA1943AF2F04-SegmentedRaftLog:OPENED:c-1,f-1,i0, conf=-1: [c6546d7c-3c2c-4358-92ae-ae46770bf30e|rpc:172.17.0.2:44259|dataStream:|priority:0, 470fbf9d-806e-42f0-a865-c68422311eea|rpc:172.17.0.2:41015|dataStream:|priority:1, 3325cc50-49b5-4605-b753-fe51c7c4e469|rpc:172.17.0.2:45501|dataStream:|priority:0], old=null
2021-01-09 14:08:13,058 [470fbf9d-806e-42f0-a865-c68422311eea@group-DA1943AF2F04-LeaderElection10] INFO  impl.LeaderElection (LeaderElection.java:logAndReturn(68)) - 470fbf9d-806e-42f0-a865-c68422311eea@group-DA1943AF2F04-LeaderElection10: Election  PASSED received 1 response(s):[470fbf9d-806e-42f0-a865-c68422311eea<-c6546d7c-3c2c-4358-92ae-ae46770bf30e#0:OK-t1]
2021-01-09 14:08:13,061 [470fbf9d-806e-42f0-a865-c68422311eea@group-DA1943AF2F04-LeaderElection10] INFO  impl.RoleInfo (RoleInfo.java:shutdownLeaderElection(121)) - 470fbf9d-806e-42f0-a865-c68422311eea: shutdown 470fbf9d-806e-42f0-a865-c68422311eea@group-DA1943AF2F04-LeaderElection10
2021-01-09 14:08:13,061 [470fbf9d-806e-42f0-a865-c68422311eea@group-DA1943AF2F04-LeaderElection10] INFO  server.RaftServer$Division (RaftServerImpl.java:setRole(283)) - 470fbf9d-806e-42f0-a865-c68422311eea@group-DA1943AF2F04: changes role from CANDIDATE to LEADER at term 1 for changeToLeader
2021-01-09 14:08:13,061 [470fbf9d-806e-42f0-a865-c68422311eea@group-DA1943AF2F04-LeaderElection10] INFO  ratis.XceiverServerRatis (XceiverServerRatis.java:handleLeaderChangedNotification(868)) - Leader change notification received for group: group-DA1943AF2F04 with new leaderId: 470fbf9d-806e-42f0-a865-c68422311eea
2021-01-09 14:08:13,061 [470fbf9d-806e-42f0-a865-c68422311eea@group-DA1943AF2F04-LeaderElection10] INFO  server.RaftServer$Division (ServerState.java:setLeader(249)) - 470fbf9d-806e-42f0-a865-c68422311eea@group-DA1943AF2F04: change Leader from null to 470fbf9d-806e-42f0-a865-c68422311eea at term 1 for becomeLeader, leader elected after 5215ms
2021-01-09 14:08:13,061 [470fbf9d-806e-42f0-a865-c68422311eea@group-DA1943AF2F04-LeaderElection10] INFO  server.RaftServerConfigKeys (ConfUtils.java:logGet(44)) - raft.server.staging.catchup.gap = 1000 (default)
2021-01-09 14:08:13,062 [470fbf9d-806e-42f0-a865-c68422311eea@group-DA1943AF2F04-LeaderElection10] INFO  metrics.RatisMetrics (RatisMetrics.java:lambda$create$0(36)) - Creating Metrics Registry : ratis.log_appender.470fbf9d-806e-42f0-a865-c68422311eea@group-DA1943AF2F04
2021-01-09 14:08:13,062 [470fbf9d-806e-42f0-a865-c68422311eea@group-DA1943AF2F04-LeaderElection10] INFO  server.RaftServerConfigKeys (ConfUtils.java:logGet(44)) - raft.server.write.element-limit = 1024 (custom)
2021-01-09 14:08:13,062 [470fbf9d-806e-42f0-a865-c68422311eea@group-DA1943AF2F04-LeaderElection10] INFO  server.RaftServerConfigKeys (ConfUtils.java:logGet(44)) - raft.server.write.byte-limit = 1073741824 (custom)
2021-01-09 14:08:13,062 [470fbf9d-806e-42f0-a865-c68422311eea@group-DA1943AF2F04-LeaderElection10] INFO  server.RaftServerConfigKeys (ConfUtils.java:logGet(44)) - raft.server.watch.timeout = 180s (custom)
2021-01-09 14:08:13,062 [470fbf9d-806e-42f0-a865-c68422311eea@group-DA1943AF2F04-LeaderElection10] INFO  server.RaftServerConfigKeys (ConfUtils.java:logGet(44)) - raft.server.watch.timeout.denomination = 1s (default)
2021-01-09 14:08:13,062 [470fbf9d-806e-42f0-a865-c68422311eea@group-DA1943AF2F04-LeaderElection10] INFO  server.RaftServerConfigKeys (ConfUtils.java:logGet(44)) - raft.server.watch.element-limit = 65536 (default)
2021-01-09 14:08:13,062 [470fbf9d-806e-42f0-a865-c68422311eea@group-DA1943AF2F04-LeaderElection10] INFO  server.RaftServerConfigKeys (ConfUtils.java:logGet(44)) - raft.server.log.appender.snapshot.chunk.size.max = 16MB (=16777216) (default)
2021-01-09 14:08:13,062 [470fbf9d-806e-42f0-a865-c68422311eea@group-DA1943AF2F04-LeaderElection10] INFO  server.RaftServerConfigKeys (ConfUtils.java:logGet(44)) - raft.server.log.appender.buffer.byte-limit = 33554432 (custom)
2021-01-09 14:08:13,062 [470fbf9d-806e-42f0-a865-c68422311eea@group-DA1943AF2F04-LeaderElection10] INFO  server.RaftServerConfigKeys (ConfUtils.java:logGet(44)) - raft.server.log.appender.buffer.element-limit = 1 (custom)
2021-01-09 14:08:13,063 [470fbf9d-806e-42f0-a865-c68422311eea@group-DA1943AF2F04-LeaderElection10] INFO  grpc.GrpcConfigKeys (ConfUtils.java:logGet(44)) - raft.grpc.server.leader.outstanding.appends.max = 128 (default)
2021-01-09 14:08:13,063 [470fbf9d-806e-42f0-a865-c68422311eea@group-DA1943AF2F04-LeaderElection10] INFO  server.RaftServerConfigKeys (ConfUtils.java:logGet(44)) - raft.server.rpc.request.timeout = 60s (custom)
2021-01-09 14:08:13,063 [470fbf9d-806e-42f0-a865-c68422311eea@group-DA1943AF2F04-LeaderElection10] INFO  server.RaftServerConfigKeys (ConfUtils.java:logGet(44)) - raft.server.log.appender.install.snapshot.enabled = false (custom)
2021-01-09 14:08:13,063 [470fbf9d-806e-42f0-a865-c68422311eea@group-DA1943AF2F04-LeaderElection10] INFO  metrics.RatisMetrics (RatisMetrics.java:lambda$create$0(36)) - Creating Metrics Registry : ratis_grpc.log_appender.470fbf9d-806e-42f0-a865-c68422311eea@group-DA1943AF2F04
2021-01-09 14:08:13,064 [470fbf9d-806e-42f0-a865-c68422311eea@group-DA1943AF2F04-LeaderElection10] INFO  server.RaftServerConfigKeys (ConfUtils.java:logGet(44)) - raft.server.log.appender.snapshot.chunk.size.max = 16MB (=16777216) (default)
2021-01-09 14:08:13,064 [470fbf9d-806e-42f0-a865-c68422311eea@group-DA1943AF2F04-LeaderElection10] INFO  server.RaftServerConfigKeys (ConfUtils.java:logGet(44)) - raft.server.log.appender.buffer.byte-limit = 33554432 (custom)
2021-01-09 14:08:13,064 [470fbf9d-806e-42f0-a865-c68422311eea@group-DA1943AF2F04-LeaderElection10] INFO  server.RaftServerConfigKeys (ConfUtils.java:logGet(44)) - raft.server.log.appender.buffer.element-limit = 1 (custom)
2021-01-09 14:08:13,064 [470fbf9d-806e-42f0-a865-c68422311eea@group-DA1943AF2F04-LeaderElection10] INFO  grpc.GrpcConfigKeys (ConfUtils.java:logGet(44)) - raft.grpc.server.leader.outstanding.appends.max = 128 (default)
2021-01-09 14:08:13,064 [470fbf9d-806e-42f0-a865-c68422311eea@group-DA1943AF2F04-LeaderElection10] INFO  server.RaftServerConfigKeys (ConfUtils.java:logGet(44)) - raft.server.rpc.request.timeout = 60s (custom)
2021-01-09 14:08:13,064 [470fbf9d-806e-42f0-a865-c68422311eea@group-DA1943AF2F04-LeaderElection10] INFO  server.RaftServerConfigKeys (ConfUtils.java:logGet(44)) - raft.server.log.appender.install.snapshot.enabled = false (custom)
2021-01-09 14:08:13,064 [EventQueue-PipelineReportForPipelineReportHandler] INFO  pipeline.PipelineStateManager (PipelineStateManager.java:openPipeline(132)) - Pipeline Pipeline[ Id: 188ae55a-546a-4727-b3b5-da1943af2f04, Nodes: c6546d7c-3c2c-4358-92ae-ae46770bf30e{ip: 172.17.0.2, host: 849aa166ea4e, networkLocation: /default-rack, certSerialId: null, persistedOpState: IN_SERVICE, persistedOpStateExpiryEpochSec: 0}470fbf9d-806e-42f0-a865-c68422311eea{ip: 172.17.0.2, host: 849aa166ea4e, networkLocation: /default-rack, certSerialId: null, persistedOpState: IN_SERVICE, persistedOpStateExpiryEpochSec: 0}3325cc50-49b5-4605-b753-fe51c7c4e469{ip: 172.17.0.2, host: 849aa166ea4e, networkLocation: /default-rack, certSerialId: null, persistedOpState: IN_SERVICE, persistedOpStateExpiryEpochSec: 0}, Type:RATIS, Factor:THREE, State:ALLOCATED, leaderId:470fbf9d-806e-42f0-a865-c68422311eea, CreationTimestamp2021-01-09T14:08:06.416Z] moved to OPEN state
2021-01-09 14:08:13,065 [470fbf9d-806e-42f0-a865-c68422311eea@group-DA1943AF2F04-LeaderElection10] INFO  impl.RoleInfo (RoleInfo.java:updateAndGet(130)) - 470fbf9d-806e-42f0-a865-c68422311eea: start 470fbf9d-806e-42f0-a865-c68422311eea@group-DA1943AF2F04-LeaderStateImpl
2021-01-09 14:08:13,072 [470fbf9d-806e-42f0-a865-c68422311eea@group-DA1943AF2F04-LeaderElection10] INFO  segmented.SegmentedRaftLogWorker (SegmentedRaftLogWorker.java:startLogSegment(392)) - 470fbf9d-806e-42f0-a865-c68422311eea@group-DA1943AF2F04-SegmentedRaftLogWorker: Starting segment from index:0
2021-01-09 14:08:13,073 [470fbf9d-806e-42f0-a865-c68422311eea@group-DA1943AF2F04-SegmentedRaftLogWorker] INFO  segmented.SegmentedRaftLogWorker (SegmentedRaftLogWorker.java:execute(599)) - 470fbf9d-806e-42f0-a865-c68422311eea@group-DA1943AF2F04-SegmentedRaftLogWorker: created new log segment /github/workspace/mnt/ozone/hadoop-ozone/integration-test/target/test-dir/MiniOzoneClusterImpl-8961eb2b-7999-4159-8884-2a1a29aa57c4/datanode-0/data/ratis/188ae55a-546a-4727-b3b5-da1943af2f04/current/log_inprogress_0
2021-01-09 14:08:13,088 [grpc-default-executor-2] INFO  ratis.XceiverServerRatis (XceiverServerRatis.java:handleLeaderChangedNotification(868)) - Leader change notification received for group: group-DA1943AF2F04 with new leaderId: 470fbf9d-806e-42f0-a865-c68422311eea
2021-01-09 14:08:13,088 [grpc-default-executor-2] INFO  server.RaftServer$Division (ServerState.java:setLeader(249)) - c6546d7c-3c2c-4358-92ae-ae46770bf30e@group-DA1943AF2F04: change Leader from null to 470fbf9d-806e-42f0-a865-c68422311eea at term 1 for appendEntries, leader elected after 5206ms
2021-01-09 14:08:13,088 [470fbf9d-806e-42f0-a865-c68422311eea@group-DA1943AF2F04-LeaderElection10] INFO  server.RaftServer$Division (ServerState.java:setRaftConf(368)) - 470fbf9d-806e-42f0-a865-c68422311eea@group-DA1943AF2F04: set configuration 0: [c6546d7c-3c2c-4358-92ae-ae46770bf30e|rpc:172.17.0.2:44259|dataStream:|priority:0, 470fbf9d-806e-42f0-a865-c68422311eea|rpc:172.17.0.2:41015|dataStream:|priority:1, 3325cc50-49b5-4605-b753-fe51c7c4e469|rpc:172.17.0.2:45501|dataStream:|priority:0], old=null
2021-01-09 14:08:13,098 [grpc-default-executor-3] INFO  ratis.XceiverServerRatis (XceiverServerRatis.java:handleLeaderChangedNotification(868)) - Leader change notification received for group: group-DA1943AF2F04 with new leaderId: 470fbf9d-806e-42f0-a865-c68422311eea
2021-01-09 14:08:13,098 [grpc-default-executor-3] INFO  server.RaftServer$Division (ServerState.java:setLeader(249)) - 3325cc50-49b5-4605-b753-fe51c7c4e469@group-DA1943AF2F04: change Leader from null to 470fbf9d-806e-42f0-a865-c68422311eea at term 1 for appendEntries, leader elected after 5157ms
2021-01-09 14:08:13,102 [grpc-default-executor-3] INFO  server.RaftServer$Division (ServerState.java:setRaftConf(368)) - 3325cc50-49b5-4605-b753-fe51c7c4e469@group-DA1943AF2F04: set configuration 0: [c6546d7c-3c2c-4358-92ae-ae46770bf30e|rpc:172.17.0.2:44259|dataStream:|priority:0, 470fbf9d-806e-42f0-a865-c68422311eea|rpc:172.17.0.2:41015|dataStream:|priority:1, 3325cc50-49b5-4605-b753-fe51c7c4e469|rpc:172.17.0.2:45501|dataStream:|priority:0], old=null
2021-01-09 14:08:13,103 [grpc-default-executor-3] INFO  segmented.SegmentedRaftLogWorker (SegmentedRaftLogWorker.java:startLogSegment(392)) - 3325cc50-49b5-4605-b753-fe51c7c4e469@group-DA1943AF2F04-SegmentedRaftLogWorker: Starting segment from index:0
2021-01-09 14:08:13,105 [3325cc50-49b5-4605-b753-fe51c7c4e469@group-DA1943AF2F04-SegmentedRaftLogWorker] INFO  segmented.SegmentedRaftLogWorker (SegmentedRaftLogWorker.java:execute(599)) - 3325cc50-49b5-4605-b753-fe51c7c4e469@group-DA1943AF2F04-SegmentedRaftLogWorker: created new log segment /github/workspace/mnt/ozone/hadoop-ozone/integration-test/target/test-dir/MiniOzoneClusterImpl-8961eb2b-7999-4159-8884-2a1a29aa57c4/datanode-1/data/ratis/188ae55a-546a-4727-b3b5-da1943af2f04/current/log_inprogress_0
2021-01-09 14:08:13,114 [grpc-default-executor-2] INFO  server.RaftServer$Division (ServerState.java:setRaftConf(368)) - c6546d7c-3c2c-4358-92ae-ae46770bf30e@group-DA1943AF2F04: set configuration 0: [c6546d7c-3c2c-4358-92ae-ae46770bf30e|rpc:172.17.0.2:44259|dataStream:|priority:0, 470fbf9d-806e-42f0-a865-c68422311eea|rpc:172.17.0.2:41015|dataStream:|priority:1, 3325cc50-49b5-4605-b753-fe51c7c4e469|rpc:172.17.0.2:45501|dataStream:|priority:0], old=null
2021-01-09 14:08:13,114 [grpc-default-executor-2] INFO  segmented.SegmentedRaftLogWorker (SegmentedRaftLogWorker.java:startLogSegment(392)) - c6546d7c-3c2c-4358-92ae-ae46770bf30e@group-DA1943AF2F04-SegmentedRaftLogWorker: Starting segment from index:0
2021-01-09 14:08:13,118 [c6546d7c-3c2c-4358-92ae-ae46770bf30e@group-DA1943AF2F04-SegmentedRaftLogWorker] INFO  segmented.SegmentedRaftLogWorker (SegmentedRaftLogWorker.java:execute(599)) - c6546d7c-3c2c-4358-92ae-ae46770bf30e@group-DA1943AF2F04-SegmentedRaftLogWorker: created new log segment /github/workspace/mnt/ozone/hadoop-ozone/integration-test/target/test-dir/MiniOzoneClusterImpl-8961eb2b-7999-4159-8884-2a1a29aa57c4/datanode-2/data/ratis/188ae55a-546a-4727-b3b5-da1943af2f04/current/log_inprogress_0
2021-01-09 14:08:13,286 [grpc-default-executor-3] WARN  server.GrpcLogAppender (LogUtils.java:warn(122)) - omNode-1@group-523986131536->omNode-3-AppendLogResponseHandler: Failed appendEntries: org.apache.ratis.thirdparty.io.grpc.StatusRuntimeException: UNAVAILABLE: io exception
2021-01-09 14:08:13,287 [grpc-default-executor-3] WARN  server.GrpcLogAppender (GrpcLogAppender.java:resetClient(111)) - omNode-1@group-523986131536->omNode-3-GrpcLogAppender: Leader has not got in touch with Follower omNode-1@group-523986131536->omNode-3(c-1,m0,n1, attendVote=true, lastRpcSendTime=0, lastRpcResponseTime=15022) yet, just keep nextIndex unchanged and retry.
2021-01-09 14:08:13,385 [Listener at 127.0.0.1/11780] INFO  ozone.MiniOzoneClusterImpl (MiniOzoneClusterImpl.java:lambda$waitForClusterToBeReady$0(179)) - Nodes are ready. Got 3 of 3 DN Heartbeats.
2021-01-09 14:08:13,385 [Listener at 127.0.0.1/11780] INFO  ozone.MiniOzoneClusterImpl (MiniOzoneClusterImpl.java:lambda$waitForClusterToBeReady$0(182)) - Cluster exits safe mode
2021-01-09 14:08:13,791 [grpc-default-executor-3] WARN  server.GrpcLogAppender (LogUtils.java:warn(122)) - omNode-1@group-523986131536->omNode-3-AppendLogResponseHandler: Failed appendEntries: org.apache.ratis.thirdparty.io.grpc.StatusRuntimeException: UNAVAILABLE: io exception
2021-01-09 14:08:13,792 [grpc-default-executor-3] WARN  server.GrpcLogAppender (GrpcLogAppender.java:resetClient(111)) - omNode-1@group-523986131536->omNode-3-GrpcLogAppender: Leader has not got in touch with Follower omNode-1@group-523986131536->omNode-3(c-1,m0,n1, attendVote=true, lastRpcSendTime=506, lastRpcResponseTime=15527) yet, just keep nextIndex unchanged and retry.
2021-01-09 14:08:14,294 [grpc-default-executor-3] WARN  server.GrpcLogAppender (LogUtils.java:warn(122)) - omNode-1@group-523986131536->omNode-3-AppendLogResponseHandler: Failed appendEntries: org.apache.ratis.thirdparty.io.grpc.StatusRuntimeException: UNAVAILABLE: io exception
2021-01-09 14:08:14,295 [grpc-default-executor-3] WARN  server.GrpcLogAppender (GrpcLogAppender.java:resetClient(111)) - omNode-1@group-523986131536->omNode-3-GrpcLogAppender: Leader has not got in touch with Follower omNode-1@group-523986131536->omNode-3(c-1,m0,n1, attendVote=true, lastRpcSendTime=0, lastRpcResponseTime=16030) yet, just keep nextIndex unchanged and retry.
2021-01-09 14:08:14,621 [Thread-307] INFO  impl.FollowerState (FollowerState.java:run(133)) - c6546d7c-3c2c-4358-92ae-ae46770bf30e@group-51A44799D410-FollowerState: change to CANDIDATE, lastRpcElapsedTime:5189167228ns, electionTimeout:5185ms
2021-01-09 14:08:14,621 [Thread-307] INFO  impl.RoleInfo (RoleInfo.java:shutdownFollowerState(108)) - c6546d7c-3c2c-4358-92ae-ae46770bf30e: shutdown c6546d7c-3c2c-4358-92ae-ae46770bf30e@group-51A44799D410-FollowerState
2021-01-09 14:08:14,621 [Thread-307] INFO  server.RaftServer$Division (RaftServerImpl.java:setRole(283)) - c6546d7c-3c2c-4358-92ae-ae46770bf30e@group-51A44799D410: changes role from  FOLLOWER to CANDIDATE at term 0 for changeToCandidate
2021-01-09 14:08:14,622 [Thread-307] INFO  impl.RoleInfo (RoleInfo.java:updateAndGet(130)) - c6546d7c-3c2c-4358-92ae-ae46770bf30e: start c6546d7c-3c2c-4358-92ae-ae46770bf30e@group-51A44799D410-LeaderElection11
2021-01-09 14:08:14,633 [c6546d7c-3c2c-4358-92ae-ae46770bf30e@group-51A44799D410-LeaderElection11] INFO  impl.LeaderElection (LeaderElection.java:askForPreVotes(259)) - c6546d7c-3c2c-4358-92ae-ae46770bf30e@group-51A44799D410-LeaderElection11: begin a pre-vote at term 0 for -1: [c6546d7c-3c2c-4358-92ae-ae46770bf30e|rpc:172.17.0.2:44259|priority:1], old=null
2021-01-09 14:08:14,633 [c6546d7c-3c2c-4358-92ae-ae46770bf30e@group-51A44799D410-LeaderElection11] INFO  impl.LeaderElection (LeaderElection.java:askForPreVotes(261)) - c6546d7c-3c2c-4358-92ae-ae46770bf30e@group-51A44799D410-LeaderElection11 pre-vote result is PASSED.
2021-01-09 14:08:14,634 [c6546d7c-3c2c-4358-92ae-ae46770bf30e@group-51A44799D410-LeaderElection11] INFO  impl.LeaderElection (LeaderElection.java:askForVotes(308)) - c6546d7c-3c2c-4358-92ae-ae46770bf30e@group-51A44799D410-LeaderElection11: begin an election at term 1 for -1: [c6546d7c-3c2c-4358-92ae-ae46770bf30e|rpc:172.17.0.2:44259|priority:1], old=null
2021-01-09 14:08:14,635 [c6546d7c-3c2c-4358-92ae-ae46770bf30e@group-51A44799D410-LeaderElection11] INFO  impl.RoleInfo (RoleInfo.java:shutdownLeaderElection(121)) - c6546d7c-3c2c-4358-92ae-ae46770bf30e: shutdown c6546d7c-3c2c-4358-92ae-ae46770bf30e@group-51A44799D410-LeaderElection11
2021-01-09 14:08:14,635 [c6546d7c-3c2c-4358-92ae-ae46770bf30e@group-51A44799D410-LeaderElection11] INFO  server.RaftServer$Division (RaftServerImpl.java:setRole(283)) - c6546d7c-3c2c-4358-92ae-ae46770bf30e@group-51A44799D410: changes role from CANDIDATE to LEADER at term 1 for changeToLeader
2021-01-09 14:08:14,635 [c6546d7c-3c2c-4358-92ae-ae46770bf30e@group-51A44799D410-LeaderElection11] INFO  ratis.XceiverServerRatis (XceiverServerRatis.java:handleLeaderChangedNotification(868)) - Leader change notification received for group: group-51A44799D410 with new leaderId: c6546d7c-3c2c-4358-92ae-ae46770bf30e
2021-01-09 14:08:14,635 [c6546d7c-3c2c-4358-92ae-ae46770bf30e@group-51A44799D410-LeaderElection11] INFO  server.RaftServer$Division (ServerState.java:setLeader(249)) - c6546d7c-3c2c-4358-92ae-ae46770bf30e@group-51A44799D410: change Leader from null to c6546d7c-3c2c-4358-92ae-ae46770bf30e at term 1 for becomeLeader, leader elected after 5230ms
2021-01-09 14:08:14,635 [c6546d7c-3c2c-4358-92ae-ae46770bf30e@group-51A44799D410-LeaderElection11] INFO  server.RaftServerConfigKeys (ConfUtils.java:logGet(44)) - raft.server.staging.catchup.gap = 1000 (default)
2021-01-09 14:08:14,635 [c6546d7c-3c2c-4358-92ae-ae46770bf30e@group-51A44799D410-LeaderElection11] INFO  metrics.RatisMetrics (RatisMetrics.java:lambda$create$0(36)) - Creating Metrics Registry : ratis.log_appender.c6546d7c-3c2c-4358-92ae-ae46770bf30e@group-51A44799D410
2021-01-09 14:08:14,636 [c6546d7c-3c2c-4358-92ae-ae46770bf30e@group-51A44799D410-LeaderElection11] INFO  server.RaftServerConfigKeys (ConfUtils.java:logGet(44)) - raft.server.write.element-limit = 1024 (custom)
2021-01-09 14:08:14,636 [c6546d7c-3c2c-4358-92ae-ae46770bf30e@group-51A44799D410-LeaderElection11] INFO  server.RaftServerConfigKeys (ConfUtils.java:logGet(44)) - raft.server.write.byte-limit = 1073741824 (custom)
2021-01-09 14:08:14,636 [c6546d7c-3c2c-4358-92ae-ae46770bf30e@group-51A44799D410-LeaderElection11] INFO  server.RaftServerConfigKeys (ConfUtils.java:logGet(44)) - raft.server.watch.timeout = 180s (custom)
2021-01-09 14:08:14,636 [c6546d7c-3c2c-4358-92ae-ae46770bf30e@group-51A44799D410-LeaderElection11] INFO  server.RaftServerConfigKeys (ConfUtils.java:logGet(44)) - raft.server.watch.timeout.denomination = 1s (default)
2021-01-09 14:08:14,636 [c6546d7c-3c2c-4358-92ae-ae46770bf30e@group-51A44799D410-LeaderElection11] INFO  server.RaftServerConfigKeys (ConfUtils.java:logGet(44)) - raft.server.watch.element-limit = 65536 (default)
2021-01-09 14:08:14,636 [c6546d7c-3c2c-4358-92ae-ae46770bf30e@group-51A44799D410-LeaderElection11] INFO  impl.RoleInfo (RoleInfo.java:updateAndGet(130)) - c6546d7c-3c2c-4358-92ae-ae46770bf30e: start c6546d7c-3c2c-4358-92ae-ae46770bf30e@group-51A44799D410-LeaderStateImpl
2021-01-09 14:08:14,636 [c6546d7c-3c2c-4358-92ae-ae46770bf30e@group-51A44799D410-LeaderElection11] INFO  segmented.SegmentedRaftLogWorker (SegmentedRaftLogWorker.java:startLogSegment(392)) - c6546d7c-3c2c-4358-92ae-ae46770bf30e@group-51A44799D410-SegmentedRaftLogWorker: Starting segment from index:0
2021-01-09 14:08:14,638 [c6546d7c-3c2c-4358-92ae-ae46770bf30e@group-51A44799D410-SegmentedRaftLogWorker] INFO  segmented.SegmentedRaftLogWorker (SegmentedRaftLogWorker.java:execute(599)) - c6546d7c-3c2c-4358-92ae-ae46770bf30e@group-51A44799D410-SegmentedRaftLogWorker: created new log segment /github/workspace/mnt/ozone/hadoop-ozone/integration-test/target/test-dir/MiniOzoneClusterImpl-8961eb2b-7999-4159-8884-2a1a29aa57c4/datanode-2/data/ratis/1a3bda3e-b45f-4b04-890c-51a44799d410/current/log_inprogress_0
2021-01-09 14:08:14,644 [c6546d7c-3c2c-4358-92ae-ae46770bf30e@group-51A44799D410-LeaderElection11] INFO  server.RaftServer$Division (ServerState.java:setRaftConf(368)) - c6546d7c-3c2c-4358-92ae-ae46770bf30e@group-51A44799D410: set configuration 0: [c6546d7c-3c2c-4358-92ae-ae46770bf30e|rpc:172.17.0.2:44259|dataStream:|priority:1], old=null
2021-01-09 14:08:14,794 [grpc-default-executor-3] WARN  server.GrpcLogAppender (LogUtils.java:warn(122)) - omNode-1@group-523986131536->omNode-3-AppendLogResponseHandler: Failed appendEntries: org.apache.ratis.thirdparty.io.grpc.StatusRuntimeException: UNAVAILABLE: io exception
2021-01-09 14:08:14,795 [grpc-default-executor-3] WARN  server.GrpcLogAppender (GrpcLogAppender.java:resetClient(111)) - omNode-1@group-523986131536->omNode-3-GrpcLogAppender: Leader has not got in touch with Follower omNode-1@group-523986131536->omNode-3(c-1,m0,n1, attendVote=true, lastRpcSendTime=0, lastRpcResponseTime=16530) yet, just keep nextIndex unchanged and retry.
2021-01-09 14:08:15,295 [grpc-default-executor-3] WARN  server.GrpcLogAppender (LogUtils.java:warn(122)) - omNode-1@group-523986131536->omNode-3-AppendLogResponseHandler: Failed appendEntries: org.apache.ratis.thirdparty.io.grpc.StatusRuntimeException: UNAVAILABLE: io exception
2021-01-09 14:08:15,296 [grpc-default-executor-3] WARN  server.GrpcLogAppender (GrpcLogAppender.java:resetClient(111)) - omNode-1@group-523986131536->omNode-3-GrpcLogAppender: Leader has not got in touch with Follower omNode-1@group-523986131536->omNode-3(c-1,m0,n1, attendVote=true, lastRpcSendTime=1, lastRpcResponseTime=17031) yet, just keep nextIndex unchanged and retry.
2021-01-09 14:08:15,795 [grpc-default-executor-3] WARN  server.GrpcLogAppender (LogUtils.java:warn(122)) - omNode-1@group-523986131536->omNode-3-AppendLogResponseHandler: Failed appendEntries: org.apache.ratis.thirdparty.io.grpc.StatusRuntimeException: UNAVAILABLE: io exception
2021-01-09 14:08:15,796 [grpc-default-executor-3] WARN  server.GrpcLogAppender (GrpcLogAppender.java:resetClient(111)) - omNode-1@group-523986131536->omNode-3-GrpcLogAppender: Leader has not got in touch with Follower omNode-1@group-523986131536->omNode-3(c-1,m0,n1, attendVote=true, lastRpcSendTime=1, lastRpcResponseTime=17531) yet, just keep nextIndex unchanged and retry.
2021-01-09 14:08:15,845 [EventQueue-Delayed safe mode statusForReplicationManager] INFO  container.ReplicationManager (ReplicationManager.java:start(186)) - Starting Replication Monitor Thread.
2021-01-09 14:08:15,846 [ReplicationMonitor] INFO  container.ReplicationManager (ReplicationManager.java:run(250)) - Replication Monitor Thread took 0 milliseconds for processing 0 containers.
2021-01-09 14:08:16,295 [grpc-default-executor-3] WARN  server.GrpcLogAppender (LogUtils.java:warn(122)) - omNode-1@group-523986131536->omNode-3-AppendLogResponseHandler: Failed appendEntries: org.apache.ratis.thirdparty.io.grpc.StatusRuntimeException: UNAVAILABLE: io exception
2021-01-09 14:08:16,296 [grpc-default-executor-3] WARN  server.GrpcLogAppender (GrpcLogAppender.java:resetClient(111)) - omNode-1@group-523986131536->omNode-3-GrpcLogAppender: Leader has not got in touch with Follower omNode-1@group-523986131536->omNode-3(c-1,m0,n1, attendVote=true, lastRpcSendTime=501, lastRpcResponseTime=18031) yet, just keep nextIndex unchanged and retry.
2021-01-09 14:08:16,797 [grpc-default-executor-3] WARN  server.GrpcLogAppender (LogUtils.java:warn(122)) - omNode-1@group-523986131536->omNode-3-AppendLogResponseHandler: Failed appendEntries: org.apache.ratis.thirdparty.io.grpc.StatusRuntimeException: UNAVAILABLE: io exception
2021-01-09 14:08:16,797 [grpc-default-executor-3] WARN  server.GrpcLogAppender (GrpcLogAppender.java:resetClient(111)) - omNode-1@group-523986131536->omNode-3-GrpcLogAppender: Leader has not got in touch with Follower omNode-1@group-523986131536->omNode-3(c-1,m0,n1, attendVote=true, lastRpcSendTime=1, lastRpcResponseTime=18532) yet, just keep nextIndex unchanged and retry.
2021-01-09 14:08:17,297 [grpc-default-executor-3] WARN  server.GrpcLogAppender (LogUtils.java:warn(122)) - omNode-1@group-523986131536->omNode-3-AppendLogResponseHandler: Failed appendEntries: org.apache.ratis.thirdparty.io.grpc.StatusRuntimeException: UNAVAILABLE: io exception
2021-01-09 14:08:17,298 [grpc-default-executor-3] WARN  server.GrpcLogAppender (GrpcLogAppender.java:resetClient(111)) - omNode-1@group-523986131536->omNode-3-GrpcLogAppender: Leader has not got in touch with Follower omNode-1@group-523986131536->omNode-3(c-1,m0,n1, attendVote=true, lastRpcSendTime=1, lastRpcResponseTime=19033) yet, just keep nextIndex unchanged and retry.
2021-01-09 14:08:17,797 [grpc-default-executor-3] WARN  server.GrpcLogAppender (LogUtils.java:warn(122)) - omNode-1@group-523986131536->omNode-3-AppendLogResponseHandler: Failed appendEntries: org.apache.ratis.thirdparty.io.grpc.StatusRuntimeException: UNAVAILABLE: io exception
2021-01-09 14:08:17,798 [grpc-default-executor-3] WARN  server.GrpcLogAppender (GrpcLogAppender.java:resetClient(111)) - omNode-1@group-523986131536->omNode-3-GrpcLogAppender: Leader has not got in touch with Follower omNode-1@group-523986131536->omNode-3(c-1,m0,n1, attendVote=true, lastRpcSendTime=1, lastRpcResponseTime=19533) yet, just keep nextIndex unchanged and retry.
2021-01-09 14:08:18,297 [grpc-default-executor-2] WARN  server.GrpcLogAppender (LogUtils.java:warn(122)) - omNode-1@group-523986131536->omNode-3-AppendLogResponseHandler: Failed appendEntries: org.apache.ratis.thirdparty.io.grpc.StatusRuntimeException: UNAVAILABLE: io exception
2021-01-09 14:08:18,298 [grpc-default-executor-2] WARN  server.GrpcLogAppender (GrpcLogAppender.java:resetClient(111)) - omNode-1@group-523986131536->omNode-3-GrpcLogAppender: Leader has not got in touch with Follower omNode-1@group-523986131536->omNode-3(c-1,m0,n1, attendVote=true, lastRpcSendTime=0, lastRpcResponseTime=20033) yet, just keep nextIndex unchanged and retry.
2021-01-09 14:08:18,798 [grpc-default-executor-2] WARN  server.GrpcLogAppender (LogUtils.java:warn(122)) - omNode-1@group-523986131536->omNode-3-AppendLogResponseHandler: Failed appendEntries: org.apache.ratis.thirdparty.io.grpc.StatusRuntimeException: UNAVAILABLE: io exception
2021-01-09 14:08:18,798 [grpc-default-executor-2] WARN  server.GrpcLogAppender (GrpcLogAppender.java:resetClient(111)) - omNode-1@group-523986131536->omNode-3-GrpcLogAppender: Leader has not got in touch with Follower omNode-1@group-523986131536->omNode-3(c-1,m0,n1, attendVote=true, lastRpcSendTime=1, lastRpcResponseTime=20534) yet, just keep nextIndex unchanged and retry.
2021-01-09 14:08:19,184 [Listener at 127.0.0.1/11780] INFO  rpc.RpcClient (RpcClient.java:createVolume(273)) - Creating Volume: volume13243, with user56764 as owner.
2021-01-09 14:08:19,281 [grpc-default-executor-2] WARN  server.GrpcLogAppender (LogUtils.java:warn(122)) - omNode-1@group-523986131536->omNode-3-AppendLogResponseHandler: Failed appendEntries: org.apache.ratis.thirdparty.io.grpc.StatusRuntimeException: UNAVAILABLE: io exception
2021-01-09 14:08:19,282 [grpc-default-executor-2] WARN  server.GrpcLogAppender (GrpcLogAppender.java:resetClient(111)) - omNode-1@group-523986131536->omNode-3-GrpcLogAppender: Leader has not got in touch with Follower omNode-1@group-523986131536->omNode-3(c-1,m0,n2, attendVote=true, lastRpcSendTime=0, lastRpcResponseTime=21017) yet, just keep nextIndex unchanged and retry.
2021-01-09 14:08:19,296 [grpc-default-executor-2] WARN  server.GrpcLogAppender (LogUtils.java:warn(122)) - omNode-1@group-523986131536->omNode-3-AppendLogResponseHandler: Failed appendEntries: org.apache.ratis.thirdparty.io.grpc.StatusRuntimeException: UNAVAILABLE: io exception
2021-01-09 14:08:19,296 [grpc-default-executor-2] WARN  server.GrpcLogAppender (GrpcLogAppender.java:resetClient(111)) - omNode-1@group-523986131536->omNode-3-GrpcLogAppender: Leader has not got in touch with Follower omNode-1@group-523986131536->omNode-3(c-1,m0,n3, attendVote=true, lastRpcSendTime=15, lastRpcResponseTime=21031) yet, just keep nextIndex unchanged and retry.
2021-01-09 14:08:19,338 [OM StateMachine ApplyTransaction Thread - 0] INFO  volume.OMVolumeCreateRequest (OMVolumeCreateRequest.java:validateAndUpdateCache(196)) - created volume:volume13243 for user:user56764
2021-01-09 14:08:19,357 [Listener at 127.0.0.1/11780] INFO  rpc.RpcClient (RpcClient.java:createBucket(429)) - Creating Bucket: volume13243/bucket43995, with Versioning false and Storage Type set to DISK and Encryption set to false 
2021-01-09 14:08:19,358 [OM StateMachine ApplyTransaction Thread - 0] INFO  volume.OMVolumeCreateRequest (OMVolumeCreateRequest.java:validateAndUpdateCache(196)) - created volume:volume13243 for user:user56764
2021-01-09 14:08:19,378 [grpc-default-executor-2] WARN  server.GrpcLogAppender (LogUtils.java:warn(122)) - omNode-1@group-523986131536->omNode-3-AppendLogResponseHandler: Failed appendEntries: org.apache.ratis.thirdparty.io.grpc.StatusRuntimeException: UNAVAILABLE: io exception
2021-01-09 14:08:19,378 [grpc-default-executor-2] WARN  server.GrpcLogAppender (GrpcLogAppender.java:resetClient(111)) - omNode-1@group-523986131536->omNode-3-GrpcLogAppender: Leader has not got in touch with Follower omNode-1@group-523986131536->omNode-3(c-1,m0,n4, attendVote=true, lastRpcSendTime=0, lastRpcResponseTime=21113) yet, just keep nextIndex unchanged and retry.
2021-01-09 14:08:19,393 [grpc-default-executor-2] WARN  server.GrpcLogAppender (LogUtils.java:warn(122)) - omNode-1@group-523986131536->omNode-3-AppendLogResponseHandler: Failed appendEntries: org.apache.ratis.thirdparty.io.grpc.StatusRuntimeException: UNAVAILABLE: io exception
2021-01-09 14:08:19,393 [grpc-default-executor-2] WARN  server.GrpcLogAppender (GrpcLogAppender.java:resetClient(111)) - omNode-1@group-523986131536->omNode-3-GrpcLogAppender: Leader has not got in touch with Follower omNode-1@group-523986131536->omNode-3(c-1,m0,n5, attendVote=true, lastRpcSendTime=0, lastRpcResponseTime=21128) yet, just keep nextIndex unchanged and retry.
2021-01-09 14:08:19,456 [IPC Server handler 9 on default port 38925] INFO  pipeline.PipelineStateManager (PipelineStateManager.java:addPipeline(54)) - Created pipeline Pipeline[ Id: 094bd52b-0060-4cd8-a6a4-e64058de3506, Nodes: c6546d7c-3c2c-4358-92ae-ae46770bf30e{ip: 172.17.0.2, host: 849aa166ea4e, networkLocation: /default-rack, certSerialId: null, persistedOpState: IN_SERVICE, persistedOpStateExpiryEpochSec: 0}, Type:STAND_ALONE, Factor:ONE, State:OPEN, leaderId:, CreationTimestamp2021-01-09T14:08:19.456Z]
2021-01-09 14:08:19,504 [grpc-default-executor-2] WARN  server.GrpcLogAppender (LogUtils.java:warn(122)) - omNode-1@group-523986131536->omNode-3-AppendLogResponseHandler: Failed appendEntries: org.apache.ratis.thirdparty.io.grpc.StatusRuntimeException: UNAVAILABLE: io exception
2021-01-09 14:08:19,505 [grpc-default-executor-2] WARN  server.GrpcLogAppender (GrpcLogAppender.java:resetClient(111)) - omNode-1@group-523986131536->omNode-3-GrpcLogAppender: Leader has not got in touch with Follower omNode-1@group-523986131536->omNode-3(c-1,m0,n6, attendVote=true, lastRpcSendTime=112, lastRpcResponseTime=21240) yet, just keep nextIndex unchanged and retry.
2021-01-09 14:08:19,530 [grpc-default-executor-3] WARN  server.GrpcLogAppender (LogUtils.java:warn(122)) - omNode-1@group-523986131536->omNode-3-AppendLogResponseHandler: Failed appendEntries: org.apache.ratis.thirdparty.io.grpc.StatusRuntimeException: UNAVAILABLE: io exception
2021-01-09 14:08:19,531 [grpc-default-executor-3] WARN  server.GrpcLogAppender (GrpcLogAppender.java:resetClient(111)) - omNode-1@group-523986131536->omNode-3-GrpcLogAppender: Leader has not got in touch with Follower omNode-1@group-523986131536->omNode-3(c-1,m0,n7, attendVote=true, lastRpcSendTime=0, lastRpcResponseTime=21266) yet, just keep nextIndex unchanged and retry.
2021-01-09 14:08:19,644 [Listener at 127.0.0.1/11780] INFO  impl.MetricsSystemImpl (MetricsSystemImpl.java:init(158)) - XceiverClientMetrics metrics system started (again)
2021-01-09 14:08:20,031 [grpc-default-executor-2] WARN  server.GrpcLogAppender (LogUtils.java:warn(122)) - omNode-1@group-523986131536->omNode-3-AppendLogResponseHandler: Failed appendEntries: org.apache.ratis.thirdparty.io.grpc.StatusRuntimeException: UNAVAILABLE: io exception
2021-01-09 14:08:20,032 [grpc-default-executor-2] WARN  server.GrpcLogAppender (GrpcLogAppender.java:resetClient(111)) - omNode-1@group-523986131536->omNode-3-GrpcLogAppender: Leader has not got in touch with Follower omNode-1@group-523986131536->omNode-3(c-1,m0,n7, attendVote=true, lastRpcSendTime=501, lastRpcResponseTime=21767) yet, just keep nextIndex unchanged and retry.
2021-01-09 14:08:20,107 [grpc-default-executor-3] WARN  server.GrpcLogAppender (LogUtils.java:warn(122)) - omNode-1@group-523986131536->omNode-3-AppendLogResponseHandler: Failed appendEntries: org.apache.ratis.thirdparty.io.grpc.StatusRuntimeException: UNAVAILABLE: io exception
2021-01-09 14:08:20,108 [grpc-default-executor-3] WARN  server.GrpcLogAppender (GrpcLogAppender.java:resetClient(111)) - omNode-1@group-523986131536->omNode-3-GrpcLogAppender: Leader has not got in touch with Follower omNode-1@group-523986131536->omNode-3(c-1,m0,n8, attendVote=true, lastRpcSendTime=0, lastRpcResponseTime=21843) yet, just keep nextIndex unchanged and retry.
2021-01-09 14:08:20,116 [grpc-default-executor-2] WARN  server.GrpcLogAppender (LogUtils.java:warn(122)) - omNode-1@group-523986131536->omNode-3-AppendLogResponseHandler: Failed appendEntries: org.apache.ratis.thirdparty.io.grpc.StatusRuntimeException: UNAVAILABLE: io exception
2021-01-09 14:08:20,117 [grpc-default-executor-2] WARN  server.GrpcLogAppender (GrpcLogAppender.java:resetClient(111)) - omNode-1@group-523986131536->omNode-3-GrpcLogAppender: Leader has not got in touch with Follower omNode-1@group-523986131536->omNode-3(c-1,m0,n9, attendVote=true, lastRpcSendTime=1, lastRpcResponseTime=21852) yet, just keep nextIndex unchanged and retry.
2021-01-09 14:08:20,226 [grpc-default-executor-2] WARN  server.GrpcLogAppender (LogUtils.java:warn(122)) - omNode-1@group-523986131536->omNode-3-AppendLogResponseHandler: Failed appendEntries: org.apache.ratis.thirdparty.io.grpc.StatusRuntimeException: UNAVAILABLE: io exception
2021-01-09 14:08:20,228 [grpc-default-executor-2] WARN  server.GrpcLogAppender (GrpcLogAppender.java:resetClient(111)) - omNode-1@group-523986131536->omNode-3-GrpcLogAppender: Leader has not got in touch with Follower omNode-1@group-523986131536->omNode-3(c-1,m0,n10, attendVote=true, lastRpcSendTime=1, lastRpcResponseTime=21963) yet, just keep nextIndex unchanged and retry.
2021-01-09 14:08:20,241 [grpc-default-executor-3] WARN  server.GrpcLogAppender (LogUtils.java:warn(122)) - omNode-1@group-523986131536->omNode-3-AppendLogResponseHandler: Failed appendEntries: org.apache.ratis.thirdparty.io.grpc.StatusRuntimeException: UNAVAILABLE: io exception
2021-01-09 14:08:20,244 [grpc-default-executor-3] WARN  server.GrpcLogAppender (GrpcLogAppender.java:resetClient(111)) - omNode-1@group-523986131536->omNode-3-GrpcLogAppender: Leader has not got in touch with Follower omNode-1@group-523986131536->omNode-3(c-1,m0,n11, attendVote=true, lastRpcSendTime=17, lastRpcResponseTime=21979) yet, just keep nextIndex unchanged and retry.
2021-01-09 14:08:20,297 [grpc-default-executor-3] WARN  server.GrpcLogAppender (LogUtils.java:warn(122)) - omNode-1@group-523986131536->omNode-3-AppendLogResponseHandler: Failed appendEntries: org.apache.ratis.thirdparty.io.grpc.StatusRuntimeException: UNAVAILABLE: io exception
2021-01-09 14:08:20,297 [grpc-default-executor-3] WARN  server.GrpcLogAppender (GrpcLogAppender.java:resetClient(111)) - omNode-1@group-523986131536->omNode-3-GrpcLogAppender: Leader has not got in touch with Follower omNode-1@group-523986131536->omNode-3(c-1,m0,n12, attendVote=true, lastRpcSendTime=51, lastRpcResponseTime=22032) yet, just keep nextIndex unchanged and retry.
2021-01-09 14:08:20,308 [grpc-default-executor-3] WARN  server.GrpcLogAppender (LogUtils.java:warn(122)) - omNode-1@group-523986131536->omNode-3-AppendLogResponseHandler: Failed appendEntries: org.apache.ratis.thirdparty.io.grpc.StatusRuntimeException: UNAVAILABLE: io exception
2021-01-09 14:08:20,309 [grpc-default-executor-3] WARN  server.GrpcLogAppender (GrpcLogAppender.java:resetClient(111)) - omNode-1@group-523986131536->omNode-3-GrpcLogAppender: Leader has not got in touch with Follower omNode-1@group-523986131536->omNode-3(c-1,m0,n13, attendVote=true, lastRpcSendTime=11, lastRpcResponseTime=22044) yet, just keep nextIndex unchanged and retry.
2021-01-09 14:08:20,412 [grpc-default-executor-2] WARN  server.GrpcLogAppender (LogUtils.java:warn(122)) - omNode-1@group-523986131536->omNode-3-AppendLogResponseHandler: Failed appendEntries: org.apache.ratis.thirdparty.io.grpc.StatusRuntimeException: UNAVAILABLE: io exception
2021-01-09 14:08:20,414 [grpc-default-executor-2] WARN  server.GrpcLogAppender (GrpcLogAppender.java:resetClient(111)) - omNode-1@group-523986131536->omNode-3-GrpcLogAppender: Leader has not got in touch with Follower omNode-1@group-523986131536->omNode-3(c-1,m0,n14, attendVote=true, lastRpcSendTime=1, lastRpcResponseTime=22149) yet, just keep nextIndex unchanged and retry.
2021-01-09 14:08:20,420 [grpc-default-executor-2] WARN  server.GrpcLogAppender (LogUtils.java:warn(122)) - omNode-1@group-523986131536->omNode-3-AppendLogResponseHandler: Failed appendEntries: org.apache.ratis.thirdparty.io.grpc.StatusRuntimeException: UNAVAILABLE: io exception
2021-01-09 14:08:20,420 [grpc-default-executor-2] WARN  server.GrpcLogAppender (GrpcLogAppender.java:resetClient(111)) - omNode-1@group-523986131536->omNode-3-GrpcLogAppender: Leader has not got in touch with Follower omNode-1@group-523986131536->omNode-3(c-1,m0,n15, attendVote=true, lastRpcSendTime=7, lastRpcResponseTime=22155) yet, just keep nextIndex unchanged and retry.
2021-01-09 14:08:20,457 [grpc-default-executor-2] WARN  server.GrpcLogAppender (LogUtils.java:warn(122)) - omNode-1@group-523986131536->omNode-3-AppendLogResponseHandler: Failed appendEntries: org.apache.ratis.thirdparty.io.grpc.StatusRuntimeException: UNAVAILABLE: io exception
2021-01-09 14:08:20,458 [grpc-default-executor-2] WARN  server.GrpcLogAppender (GrpcLogAppender.java:resetClient(111)) - omNode-1@group-523986131536->omNode-3-GrpcLogAppender: Leader has not got in touch with Follower omNode-1@group-523986131536->omNode-3(c-1,m0,n16, attendVote=true, lastRpcSendTime=0, lastRpcResponseTime=22193) yet, just keep nextIndex unchanged and retry.
2021-01-09 14:08:20,466 [grpc-default-executor-2] WARN  server.GrpcLogAppender (LogUtils.java:warn(122)) - omNode-1@group-523986131536->omNode-3-AppendLogResponseHandler: Failed appendEntries: org.apache.ratis.thirdparty.io.grpc.StatusRuntimeException: UNAVAILABLE: io exception
2021-01-09 14:08:20,468 [grpc-default-executor-2] WARN  server.GrpcLogAppender (GrpcLogAppender.java:resetClient(111)) - omNode-1@group-523986131536->omNode-3-GrpcLogAppender: Leader has not got in touch with Follower omNode-1@group-523986131536->omNode-3(c-1,m0,n17, attendVote=true, lastRpcSendTime=2, lastRpcResponseTime=22203) yet, just keep nextIndex unchanged and retry.
2021-01-09 14:08:20,582 [grpc-default-executor-2] WARN  server.GrpcLogAppender (LogUtils.java:warn(122)) - omNode-1@group-523986131536->omNode-3-AppendLogResponseHandler: Failed appendEntries: org.apache.ratis.thirdparty.io.grpc.StatusRuntimeException: UNAVAILABLE: io exception
2021-01-09 14:08:20,582 [grpc-default-executor-2] WARN  server.GrpcLogAppender (GrpcLogAppender.java:resetClient(111)) - omNode-1@group-523986131536->omNode-3-GrpcLogAppender: Leader has not got in touch with Follower omNode-1@group-523986131536->omNode-3(c-1,m0,n18, attendVote=true, lastRpcSendTime=0, lastRpcResponseTime=22317) yet, just keep nextIndex unchanged and retry.
2021-01-09 14:08:20,589 [grpc-default-executor-2] WARN  server.GrpcLogAppender (LogUtils.java:warn(122)) - omNode-1@group-523986131536->omNode-3-AppendLogResponseHandler: Failed appendEntries: org.apache.ratis.thirdparty.io.grpc.StatusRuntimeException: UNAVAILABLE: io exception
2021-01-09 14:08:20,590 [grpc-default-executor-2] WARN  server.GrpcLogAppender (GrpcLogAppender.java:resetClient(111)) - omNode-1@group-523986131536->omNode-3-GrpcLogAppender: Leader has not got in touch with Follower omNode-1@group-523986131536->omNode-3(c-1,m0,n19, attendVote=true, lastRpcSendTime=3, lastRpcResponseTime=22325) yet, just keep nextIndex unchanged and retry.
2021-01-09 14:08:20,605 [grpc-default-executor-3] WARN  server.GrpcLogAppender (LogUtils.java:warn(122)) - omNode-1@group-523986131536->omNode-3-AppendLogResponseHandler: Failed appendEntries: org.apache.ratis.thirdparty.io.grpc.StatusRuntimeException: UNAVAILABLE: io exception
2021-01-09 14:08:20,605 [grpc-default-executor-3] WARN  server.GrpcLogAppender (GrpcLogAppender.java:resetClient(111)) - omNode-1@group-523986131536->omNode-3-GrpcLogAppender: Leader has not got in touch with Follower omNode-1@group-523986131536->omNode-3(c-1,m0,n20, attendVote=true, lastRpcSendTime=0, lastRpcResponseTime=22340) yet, just keep nextIndex unchanged and retry.
2021-01-09 14:08:20,611 [grpc-default-executor-3] WARN  server.GrpcLogAppender (LogUtils.java:warn(122)) - omNode-1@group-523986131536->omNode-3-AppendLogResponseHandler: Failed appendEntries: org.apache.ratis.thirdparty.io.grpc.StatusRuntimeException: UNAVAILABLE: io exception
2021-01-09 14:08:20,612 [grpc-default-executor-3] WARN  server.GrpcLogAppender (GrpcLogAppender.java:resetClient(111)) - omNode-1@group-523986131536->omNode-3-GrpcLogAppender: Leader has not got in touch with Follower omNode-1@group-523986131536->omNode-3(c-1,m0,n21, attendVote=true, lastRpcSendTime=7, lastRpcResponseTime=22347) yet, just keep nextIndex unchanged and retry.
2021-01-09 14:08:20,716 [grpc-default-executor-2] WARN  server.GrpcLogAppender (LogUtils.java:warn(122)) - omNode-1@group-523986131536->omNode-3-AppendLogResponseHandler: Failed appendEntries: org.apache.ratis.thirdparty.io.grpc.StatusRuntimeException: UNAVAILABLE: io exception
2021-01-09 14:08:20,717 [grpc-default-executor-2] WARN  server.GrpcLogAppender (GrpcLogAppender.java:resetClient(111)) - omNode-1@group-523986131536->omNode-3-GrpcLogAppender: Leader has not got in touch with Follower omNode-1@group-523986131536->omNode-3(c-1,m0,n22, attendVote=true, lastRpcSendTime=103, lastRpcResponseTime=22452) yet, just keep nextIndex unchanged and retry.
2021-01-09 14:08:20,722 [grpc-default-executor-3] WARN  server.GrpcLogAppender (LogUtils.java:warn(122)) - omNode-1@group-523986131536->omNode-3-AppendLogResponseHandler: Failed appendEntries: org.apache.ratis.thirdparty.io.grpc.StatusRuntimeException: UNAVAILABLE: io exception
2021-01-09 14:08:20,722 [grpc-default-executor-3] WARN  server.GrpcLogAppender (GrpcLogAppender.java:resetClient(111)) - omNode-1@group-523986131536->omNode-3-GrpcLogAppender: Leader has not got in touch with Follower omNode-1@group-523986131536->omNode-3(c-1,m0,n23, attendVote=true, lastRpcSendTime=0, lastRpcResponseTime=22457) yet, just keep nextIndex unchanged and retry.
2021-01-09 14:08:20,748 [grpc-default-executor-2] WARN  server.GrpcLogAppender (LogUtils.java:warn(122)) - omNode-1@group-523986131536->omNode-3-AppendLogResponseHandler: Failed appendEntries: org.apache.ratis.thirdparty.io.grpc.StatusRuntimeException: UNAVAILABLE: io exception
2021-01-09 14:08:20,749 [grpc-default-executor-2] WARN  server.GrpcLogAppender (GrpcLogAppender.java:resetClient(111)) - omNode-1@group-523986131536->omNode-3-GrpcLogAppender: Leader has not got in touch with Follower omNode-1@group-523986131536->omNode-3(c-1,m0,n24, attendVote=true, lastRpcSendTime=26, lastRpcResponseTime=22484) yet, just keep nextIndex unchanged and retry.
2021-01-09 14:08:20,754 [grpc-default-executor-2] WARN  server.GrpcLogAppender (LogUtils.java:warn(122)) - omNode-1@group-523986131536->omNode-3-AppendLogResponseHandler: Failed appendEntries: org.apache.ratis.thirdparty.io.grpc.StatusRuntimeException: UNAVAILABLE: io exception
2021-01-09 14:08:20,754 [grpc-default-executor-2] WARN  server.GrpcLogAppender (GrpcLogAppender.java:resetClient(111)) - omNode-1@group-523986131536->omNode-3-GrpcLogAppender: Leader has not got in touch with Follower omNode-1@group-523986131536->omNode-3(c-1,m0,n25, attendVote=true, lastRpcSendTime=5, lastRpcResponseTime=22489) yet, just keep nextIndex unchanged and retry.
2021-01-09 14:08:20,859 [grpc-default-executor-2] WARN  server.GrpcLogAppender (LogUtils.java:warn(122)) - omNode-1@group-523986131536->omNode-3-AppendLogResponseHandler: Failed appendEntries: org.apache.ratis.thirdparty.io.grpc.StatusRuntimeException: UNAVAILABLE: io exception
2021-01-09 14:08:20,860 [grpc-default-executor-2] WARN  server.GrpcLogAppender (GrpcLogAppender.java:resetClient(111)) - omNode-1@group-523986131536->omNode-3-GrpcLogAppender: Leader has not got in touch with Follower omNode-1@group-523986131536->omNode-3(c-1,m0,n26, attendVote=true, lastRpcSendTime=105, lastRpcResponseTime=22595) yet, just keep nextIndex unchanged and retry.
2021-01-09 14:08:20,865 [grpc-default-executor-2] WARN  server.GrpcLogAppender (LogUtils.java:warn(122)) - omNode-1@group-523986131536->omNode-3-AppendLogResponseHandler: Failed appendEntries: org.apache.ratis.thirdparty.io.grpc.StatusRuntimeException: UNAVAILABLE: io exception
2021-01-09 14:08:20,865 [grpc-default-executor-2] WARN  server.GrpcLogAppender (GrpcLogAppender.java:resetClient(111)) - omNode-1@group-523986131536->omNode-3-GrpcLogAppender: Leader has not got in touch with Follower omNode-1@group-523986131536->omNode-3(c-1,m0,n27, attendVote=true, lastRpcSendTime=0, lastRpcResponseTime=22600) yet, just keep nextIndex unchanged and retry.
2021-01-09 14:08:20,881 [grpc-default-executor-2] WARN  server.GrpcLogAppender (LogUtils.java:warn(122)) - omNode-1@group-523986131536->omNode-3-AppendLogResponseHandler: Failed appendEntries: org.apache.ratis.thirdparty.io.grpc.StatusRuntimeException: UNAVAILABLE: io exception
2021-01-09 14:08:20,881 [grpc-default-executor-2] WARN  server.GrpcLogAppender (GrpcLogAppender.java:resetClient(111)) - omNode-1@group-523986131536->omNode-3-GrpcLogAppender: Leader has not got in touch with Follower omNode-1@group-523986131536->omNode-3(c-1,m0,n28, attendVote=true, lastRpcSendTime=1, lastRpcResponseTime=22617) yet, just keep nextIndex unchanged and retry.
2021-01-09 14:08:20,887 [grpc-default-executor-2] WARN  server.GrpcLogAppender (LogUtils.java:warn(122)) - omNode-1@group-523986131536->omNode-3-AppendLogResponseHandler: Failed appendEntries: org.apache.ratis.thirdparty.io.grpc.StatusRuntimeException: UNAVAILABLE: io exception
2021-01-09 14:08:20,887 [grpc-default-executor-2] WARN  server.GrpcLogAppender (GrpcLogAppender.java:resetClient(111)) - omNode-1@group-523986131536->omNode-3-GrpcLogAppender: Leader has not got in touch with Follower omNode-1@group-523986131536->omNode-3(c-1,m0,n29, attendVote=true, lastRpcSendTime=0, lastRpcResponseTime=22623) yet, just keep nextIndex unchanged and retry.
2021-01-09 14:08:20,996 [grpc-default-executor-2] WARN  server.GrpcLogAppender (LogUtils.java:warn(122)) - omNode-1@group-523986131536->omNode-3-AppendLogResponseHandler: Failed appendEntries: org.apache.ratis.thirdparty.io.grpc.StatusRuntimeException: UNAVAILABLE: io exception
2021-01-09 14:08:20,996 [grpc-default-executor-2] WARN  server.GrpcLogAppender (GrpcLogAppender.java:resetClient(111)) - omNode-1@group-523986131536->omNode-3-GrpcLogAppender: Leader has not got in touch with Follower omNode-1@group-523986131536->omNode-3(c-1,m0,n30, attendVote=true, lastRpcSendTime=0, lastRpcResponseTime=22731) yet, just keep nextIndex unchanged and retry.
2021-01-09 14:08:21,003 [grpc-default-executor-2] WARN  server.GrpcLogAppender (LogUtils.java:warn(122)) - omNode-1@group-523986131536->omNode-3-AppendLogResponseHandler: Failed appendEntries: org.apache.ratis.thirdparty.io.grpc.StatusRuntimeException: UNAVAILABLE: io exception
2021-01-09 14:08:21,005 [grpc-default-executor-2] WARN  server.GrpcLogAppender (GrpcLogAppender.java:resetClient(111)) - omNode-1@group-523986131536->omNode-3-GrpcLogAppender: Leader has not got in touch with Follower omNode-1@group-523986131536->omNode-3(c-1,m0,n31, attendVote=true, lastRpcSendTime=9, lastRpcResponseTime=22740) yet, just keep nextIndex unchanged and retry.
2021-01-09 14:08:21,033 [grpc-default-executor-2] WARN  server.GrpcLogAppender (LogUtils.java:warn(122)) - omNode-1@group-523986131536->omNode-3-AppendLogResponseHandler: Failed appendEntries: org.apache.ratis.thirdparty.io.grpc.StatusRuntimeException: UNAVAILABLE: io exception
2021-01-09 14:08:21,034 [grpc-default-executor-2] WARN  server.GrpcLogAppender (GrpcLogAppender.java:resetClient(111)) - omNode-1@group-523986131536->omNode-3-GrpcLogAppender: Leader has not got in touch with Follower omNode-1@group-523986131536->omNode-3(c-1,m0,n32, attendVote=true, lastRpcSendTime=28, lastRpcResponseTime=22769) yet, just keep nextIndex unchanged and retry.
2021-01-09 14:08:21,038 [grpc-default-executor-2] WARN  server.GrpcLogAppender (LogUtils.java:warn(122)) - omNode-1@group-523986131536->omNode-3-AppendLogResponseHandler: Failed appendEntries: org.apache.ratis.thirdparty.io.grpc.StatusRuntimeException: UNAVAILABLE: io exception
2021-01-09 14:08:21,039 [grpc-default-executor-2] WARN  server.GrpcLogAppender (GrpcLogAppender.java:resetClient(111)) - omNode-1@group-523986131536->omNode-3-GrpcLogAppender: Leader has not got in touch with Follower omNode-1@group-523986131536->omNode-3(c-1,m0,n33, attendVote=true, lastRpcSendTime=4, lastRpcResponseTime=22774) yet, just keep nextIndex unchanged and retry.
2021-01-09 14:08:21,145 [grpc-default-executor-2] WARN  server.GrpcLogAppender (LogUtils.java:warn(122)) - omNode-1@group-523986131536->omNode-3-AppendLogResponseHandler: Failed appendEntries: org.apache.ratis.thirdparty.io.grpc.StatusRuntimeException: UNAVAILABLE: io exception
2021-01-09 14:08:21,145 [grpc-default-executor-2] WARN  server.GrpcLogAppender (GrpcLogAppender.java:resetClient(111)) - omNode-1@group-523986131536->omNode-3-GrpcLogAppender: Leader has not got in touch with Follower omNode-1@group-523986131536->omNode-3(c-1,m0,n34, attendVote=true, lastRpcSendTime=0, lastRpcResponseTime=22880) yet, just keep nextIndex unchanged and retry.
2021-01-09 14:08:21,152 [grpc-default-executor-2] WARN  server.GrpcLogAppender (LogUtils.java:warn(122)) - omNode-1@group-523986131536->omNode-3-AppendLogResponseHandler: Failed appendEntries: org.apache.ratis.thirdparty.io.grpc.StatusRuntimeException: UNAVAILABLE: io exception
2021-01-09 14:08:21,152 [grpc-default-executor-2] WARN  server.GrpcLogAppender (GrpcLogAppender.java:resetClient(111)) - omNode-1@group-523986131536->omNode-3-GrpcLogAppender: Leader has not got in touch with Follower omNode-1@group-523986131536->omNode-3(c-1,m0,n35, attendVote=true, lastRpcSendTime=0, lastRpcResponseTime=22888) yet, just keep nextIndex unchanged and retry.
2021-01-09 14:08:21,178 [grpc-default-executor-2] WARN  server.GrpcLogAppender (LogUtils.java:warn(122)) - omNode-1@group-523986131536->omNode-3-AppendLogResponseHandler: Failed appendEntries: org.apache.ratis.thirdparty.io.grpc.StatusRuntimeException: UNAVAILABLE: io exception
2021-01-09 14:08:21,179 [grpc-default-executor-2] WARN  server.GrpcLogAppender (GrpcLogAppender.java:resetClient(111)) - omNode-1@group-523986131536->omNode-3-GrpcLogAppender: Leader has not got in touch with Follower omNode-1@group-523986131536->omNode-3(c-1,m0,n36, attendVote=true, lastRpcSendTime=0, lastRpcResponseTime=22914) yet, just keep nextIndex unchanged and retry.
2021-01-09 14:08:21,182 [grpc-default-executor-2] WARN  server.GrpcLogAppender (LogUtils.java:warn(122)) - omNode-1@group-523986131536->omNode-3-AppendLogResponseHandler: Failed appendEntries: org.apache.ratis.thirdparty.io.grpc.StatusRuntimeException: UNAVAILABLE: io exception
2021-01-09 14:08:21,182 [grpc-default-executor-2] WARN  server.GrpcLogAppender (GrpcLogAppender.java:resetClient(111)) - omNode-1@group-523986131536->omNode-3-GrpcLogAppender: Leader has not got in touch with Follower omNode-1@group-523986131536->omNode-3(c-1,m0,n37, attendVote=true, lastRpcSendTime=0, lastRpcResponseTime=22917) yet, just keep nextIndex unchanged and retry.
2021-01-09 14:08:21,286 [grpc-default-executor-2] WARN  server.GrpcLogAppender (LogUtils.java:warn(122)) - omNode-1@group-523986131536->omNode-3-AppendLogResponseHandler: Failed appendEntries: org.apache.ratis.thirdparty.io.grpc.StatusRuntimeException: UNAVAILABLE: io exception
2021-01-09 14:08:21,287 [grpc-default-executor-2] WARN  server.GrpcLogAppender (GrpcLogAppender.java:resetClient(111)) - omNode-1@group-523986131536->omNode-3-GrpcLogAppender: Leader has not got in touch with Follower omNode-1@group-523986131536->omNode-3(c-1,m0,n38, attendVote=true, lastRpcSendTime=1, lastRpcResponseTime=23022) yet, just keep nextIndex unchanged and retry.
2021-01-09 14:08:21,295 [grpc-default-executor-2] WARN  server.GrpcLogAppender (LogUtils.java:warn(122)) - omNode-1@group-523986131536->omNode-3-AppendLogResponseHandler: Failed appendEntries: org.apache.ratis.thirdparty.io.grpc.StatusRuntimeException: UNAVAILABLE: io exception
2021-01-09 14:08:21,295 [grpc-default-executor-2] WARN  server.GrpcLogAppender (GrpcLogAppender.java:resetClient(111)) - omNode-1@group-523986131536->omNode-3-GrpcLogAppender: Leader has not got in touch with Follower omNode-1@group-523986131536->omNode-3(c-1,m0,n39, attendVote=true, lastRpcSendTime=0, lastRpcResponseTime=23030) yet, just keep nextIndex unchanged and retry.
2021-01-09 14:08:21,305 [grpc-default-executor-3] WARN  server.GrpcLogAppender (LogUtils.java:warn(122)) - omNode-1@group-523986131536->omNode-3-AppendLogResponseHandler: Failed appendEntries: org.apache.ratis.thirdparty.io.grpc.StatusRuntimeException: UNAVAILABLE: io exception
2021-01-09 14:08:21,305 [grpc-default-executor-3] WARN  server.GrpcLogAppender (GrpcLogAppender.java:resetClient(111)) - omNode-1@group-523986131536->omNode-3-GrpcLogAppender: Leader has not got in touch with Follower omNode-1@group-523986131536->omNode-3(c-1,m0,n40, attendVote=true, lastRpcSendTime=0, lastRpcResponseTime=23040) yet, just keep nextIndex unchanged and retry.
2021-01-09 14:08:21,310 [grpc-default-executor-2] WARN  server.GrpcLogAppender (LogUtils.java:warn(122)) - omNode-1@group-523986131536->omNode-3-AppendLogResponseHandler: Failed appendEntries: org.apache.ratis.thirdparty.io.grpc.StatusRuntimeException: UNAVAILABLE: io exception
2021-01-09 14:08:21,310 [grpc-default-executor-2] WARN  server.GrpcLogAppender (GrpcLogAppender.java:resetClient(111)) - omNode-1@group-523986131536->omNode-3-GrpcLogAppender: Leader has not got in touch with Follower omNode-1@group-523986131536->omNode-3(c-1,m0,n41, attendVote=true, lastRpcSendTime=0, lastRpcResponseTime=23045) yet, just keep nextIndex unchanged and retry.
2021-01-09 14:08:21,416 [grpc-default-executor-2] WARN  server.GrpcLogAppender (LogUtils.java:warn(122)) - omNode-1@group-523986131536->omNode-3-AppendLogResponseHandler: Failed appendEntries: org.apache.ratis.thirdparty.io.grpc.StatusRuntimeException: UNAVAILABLE: io exception
2021-01-09 14:08:21,416 [grpc-default-executor-2] WARN  server.GrpcLogAppender (GrpcLogAppender.java:resetClient(111)) - omNode-1@group-523986131536->omNode-3-GrpcLogAppender: Leader has not got in touch with Follower omNode-1@group-523986131536->omNode-3(c-1,m0,n42, attendVote=true, lastRpcSendTime=0, lastRpcResponseTime=23151) yet, just keep nextIndex unchanged and retry.
2021-01-09 14:08:21,420 [grpc-default-executor-2] WARN  server.GrpcLogAppender (LogUtils.java:warn(122)) - omNode-1@group-523986131536->omNode-3-AppendLogResponseHandler: Failed appendEntries: org.apache.ratis.thirdparty.io.grpc.StatusRuntimeException: UNAVAILABLE: io exception
2021-01-09 14:08:21,421 [grpc-default-executor-2] WARN  server.GrpcLogAppender (GrpcLogAppender.java:resetClient(111)) - omNode-1@group-523986131536->omNode-3-GrpcLogAppender: Leader has not got in touch with Follower omNode-1@group-523986131536->omNode-3(c-1,m0,n43, attendVote=true, lastRpcSendTime=1, lastRpcResponseTime=23156) yet, just keep nextIndex unchanged and retry.
2021-01-09 14:08:21,437 [grpc-default-executor-2] WARN  server.GrpcLogAppender (LogUtils.java:warn(122)) - omNode-1@group-523986131536->omNode-3-AppendLogResponseHandler: Failed appendEntries: org.apache.ratis.thirdparty.io.grpc.StatusRuntimeException: UNAVAILABLE: io exception
2021-01-09 14:08:21,437 [grpc-default-executor-2] WARN  server.GrpcLogAppender (GrpcLogAppender.java:resetClient(111)) - omNode-1@group-523986131536->omNode-3-GrpcLogAppender: Leader has not got in touch with Follower omNode-1@group-523986131536->omNode-3(c-1,m0,n44, attendVote=true, lastRpcSendTime=17, lastRpcResponseTime=23172) yet, just keep nextIndex unchanged and retry.
2021-01-09 14:08:21,444 [grpc-default-executor-2] WARN  server.GrpcLogAppender (LogUtils.java:warn(122)) - omNode-1@group-523986131536->omNode-3-AppendLogResponseHandler: Failed appendEntries: org.apache.ratis.thirdparty.io.grpc.StatusRuntimeException: UNAVAILABLE: io exception
2021-01-09 14:08:21,447 [grpc-default-executor-2] WARN  server.GrpcLogAppender (GrpcLogAppender.java:resetClient(111)) - omNode-1@group-523986131536->omNode-3-GrpcLogAppender: Leader has not got in touch with Follower omNode-1@group-523986131536->omNode-3(c-1,m0,n45, attendVote=true, lastRpcSendTime=0, lastRpcResponseTime=23183) yet, just keep nextIndex unchanged and retry.
2021-01-09 14:08:21,546 [grpc-default-executor-2] WARN  server.GrpcLogAppender (LogUtils.java:warn(122)) - omNode-1@group-523986131536->omNode-3-AppendLogResponseHandler: Failed appendEntries: org.apache.ratis.thirdparty.io.grpc.StatusRuntimeException: UNAVAILABLE: io exception
2021-01-09 14:08:21,548 [grpc-default-executor-2] WARN  server.GrpcLogAppender (GrpcLogAppender.java:resetClient(111)) - omNode-1@group-523986131536->omNode-3-GrpcLogAppender: Leader has not got in touch with Follower omNode-1@group-523986131536->omNode-3(c-1,m0,n46, attendVote=true, lastRpcSendTime=1, lastRpcResponseTime=23283) yet, just keep nextIndex unchanged and retry.
2021-01-09 14:08:21,550 [grpc-default-executor-2] WARN  server.GrpcLogAppender (LogUtils.java:warn(122)) - omNode-1@group-523986131536->omNode-3-AppendLogResponseHandler: Failed appendEntries: org.apache.ratis.thirdparty.io.grpc.StatusRuntimeException: UNAVAILABLE: io exception
2021-01-09 14:08:21,550 [grpc-default-executor-2] WARN  server.GrpcLogAppender (GrpcLogAppender.java:resetClient(111)) - omNode-1@group-523986131536->omNode-3-GrpcLogAppender: Leader has not got in touch with Follower omNode-1@group-523986131536->omNode-3(c-1,m0,n47, attendVote=true, lastRpcSendTime=4, lastRpcResponseTime=23285) yet, just keep nextIndex unchanged and retry.
2021-01-09 14:08:21,571 [grpc-default-executor-2] WARN  server.GrpcLogAppender (LogUtils.java:warn(122)) - omNode-1@group-523986131536->omNode-3-AppendLogResponseHandler: Failed appendEntries: org.apache.ratis.thirdparty.io.grpc.StatusRuntimeException: UNAVAILABLE: io exception
2021-01-09 14:08:21,572 [grpc-default-executor-2] WARN  server.GrpcLogAppender (GrpcLogAppender.java:resetClient(111)) - omNode-1@group-523986131536->omNode-3-GrpcLogAppender: Leader has not got in touch with Follower omNode-1@group-523986131536->omNode-3(c-1,m0,n48, attendVote=true, lastRpcSendTime=0, lastRpcResponseTime=23307) yet, just keep nextIndex unchanged and retry.
2021-01-09 14:08:21,575 [grpc-default-executor-2] WARN  server.GrpcLogAppender (LogUtils.java:warn(122)) - omNode-1@group-523986131536->omNode-3-AppendLogResponseHandler: Failed appendEntries: org.apache.ratis.thirdparty.io.grpc.StatusRuntimeException: UNAVAILABLE: io exception
2021-01-09 14:08:21,576 [grpc-default-executor-2] WARN  server.GrpcLogAppender (GrpcLogAppender.java:resetClient(111)) - omNode-1@group-523986131536->omNode-3-GrpcLogAppender: Leader has not got in touch with Follower omNode-1@group-523986131536->omNode-3(c-1,m0,n49, attendVote=true, lastRpcSendTime=1, lastRpcResponseTime=23311) yet, just keep nextIndex unchanged and retry.
2021-01-09 14:08:21,685 [grpc-default-executor-2] WARN  server.GrpcLogAppender (LogUtils.java:warn(122)) - omNode-1@group-523986131536->omNode-3-AppendLogResponseHandler: Failed appendEntries: org.apache.ratis.thirdparty.io.grpc.StatusRuntimeException: UNAVAILABLE: io exception
2021-01-09 14:08:21,686 [grpc-default-executor-2] WARN  server.GrpcLogAppender (GrpcLogAppender.java:resetClient(111)) - omNode-1@group-523986131536->omNode-3-GrpcLogAppender: Leader has not got in touch with Follower omNode-1@group-523986131536->omNode-3(c-1,m0,n50, attendVote=true, lastRpcSendTime=111, lastRpcResponseTime=23421) yet, just keep nextIndex unchanged and retry.
2021-01-09 14:08:21,692 [grpc-default-executor-2] WARN  server.GrpcLogAppender (LogUtils.java:warn(122)) - omNode-1@group-523986131536->omNode-3-AppendLogResponseHandler: Failed appendEntries: org.apache.ratis.thirdparty.io.grpc.StatusRuntimeException: UNAVAILABLE: io exception
2021-01-09 14:08:21,693 [grpc-default-executor-2] WARN  server.GrpcLogAppender (GrpcLogAppender.java:resetClient(111)) - omNode-1@group-523986131536->omNode-3-GrpcLogAppender: Leader has not got in touch with Follower omNode-1@group-523986131536->omNode-3(c-1,m0,n51, attendVote=true, lastRpcSendTime=0, lastRpcResponseTime=23428) yet, just keep nextIndex unchanged and retry.
2021-01-09 14:08:21,693 [omNode-1@group-523986131536-StateMachineUpdater] INFO  ratis.OzoneManagerStateMachine (OzoneManagerStateMachine.java:takeSnapshot(345)) - Current Snapshot Index (t:3, i:48)
2021-01-09 14:08:21,695 [omNode-1@group-523986131536-StateMachineUpdater] INFO  impl.StateMachineUpdater (StateMachineUpdater.java:takeSnapshot(279)) - omNode-1@group-523986131536-StateMachineUpdater: Took a snapshot at index 48
2021-01-09 14:08:21,695 [omNode-1@group-523986131536-StateMachineUpdater] INFO  impl.StateMachineUpdater (StateMachineUpdater.java:lambda$new$0(88)) - omNode-1@group-523986131536-StateMachineUpdater: snapshotIndex: updateIncreasingly -1 -> 48
2021-01-09 14:08:21,709 [omNode-2@group-523986131536-StateMachineUpdater] INFO  ratis.OzoneManagerStateMachine (OzoneManagerStateMachine.java:takeSnapshot(345)) - Current Snapshot Index (t:3, i:49)
2021-01-09 14:08:21,712 [omNode-2@group-523986131536-StateMachineUpdater] INFO  impl.StateMachineUpdater (StateMachineUpdater.java:takeSnapshot(279)) - omNode-2@group-523986131536-StateMachineUpdater: Took a snapshot at index 49
2021-01-09 14:08:21,712 [omNode-2@group-523986131536-StateMachineUpdater] INFO  impl.StateMachineUpdater (StateMachineUpdater.java:lambda$new$0(88)) - omNode-2@group-523986131536-StateMachineUpdater: snapshotIndex: updateIncreasingly -1 -> 49
2021-01-09 14:08:21,712 [omNode-2@group-523986131536-StateMachineUpdater] INFO  raftlog.RaftLog (RaftLogBase.java:purge(306)) - omNode-2@group-523986131536-SegmentedRaftLog: purge 49
2021-01-09 14:08:21,713 [omNode-2@group-523986131536-StateMachineUpdater] INFO  raftlog.RaftLog (RaftLogBase.java:lambda$new$0(53)) - omNode-2@group-523986131536-SegmentedRaftLog: snapshotIndex: updateIncreasingly -1 -> 49
2021-01-09 14:08:21,713 [omNode-2@group-523986131536-StateMachineUpdater] INFO  raftlog.RaftLog (RaftLogBase.java:lambda$new$0(53)) - omNode-2@group-523986131536-SegmentedRaftLog: purgeIndex: updateToMax old=-1, new=49, updated? true
2021-01-09 14:08:21,717 [grpc-default-executor-3] WARN  server.GrpcLogAppender (LogUtils.java:warn(122)) - omNode-1@group-523986131536->omNode-3-AppendLogResponseHandler: Failed appendEntries: org.apache.ratis.thirdparty.io.grpc.StatusRuntimeException: UNAVAILABLE: io exception
2021-01-09 14:08:21,718 [grpc-default-executor-3] WARN  server.GrpcLogAppender (GrpcLogAppender.java:resetClient(111)) - omNode-1@group-523986131536->omNode-3-GrpcLogAppender: Leader has not got in touch with Follower omNode-1@group-523986131536->omNode-3(c-1,m0,n52, attendVote=true, lastRpcSendTime=25, lastRpcResponseTime=23453) yet, just keep nextIndex unchanged and retry.
2021-01-09 14:08:21,725 [grpc-default-executor-3] WARN  server.GrpcLogAppender (LogUtils.java:warn(122)) - omNode-1@group-523986131536->omNode-3-AppendLogResponseHandler: Failed appendEntries: org.apache.ratis.thirdparty.io.grpc.StatusRuntimeException: UNAVAILABLE: io exception
2021-01-09 14:08:21,725 [grpc-default-executor-3] WARN  server.GrpcLogAppender (GrpcLogAppender.java:resetClient(111)) - omNode-1@group-523986131536->omNode-3-GrpcLogAppender: Leader has not got in touch with Follower omNode-1@group-523986131536->omNode-3(c-1,m0,n53, attendVote=true, lastRpcSendTime=7, lastRpcResponseTime=23460) yet, just keep nextIndex unchanged and retry.
2021-01-09 14:08:21,830 [grpc-default-executor-3] WARN  server.GrpcLogAppender (LogUtils.java:warn(122)) - omNode-1@group-523986131536->omNode-3-AppendLogResponseHandler: Failed appendEntries: org.apache.ratis.thirdparty.io.grpc.StatusRuntimeException: UNAVAILABLE: io exception
2021-01-09 14:08:21,831 [grpc-default-executor-3] WARN  server.GrpcLogAppender (GrpcLogAppender.java:resetClient(111)) - omNode-1@group-523986131536->omNode-3-GrpcLogAppender: Leader has not got in touch with Follower omNode-1@group-523986131536->omNode-3(c-1,m0,n54, attendVote=true, lastRpcSendTime=0, lastRpcResponseTime=23566) yet, just keep nextIndex unchanged and retry.
2021-01-09 14:08:21,837 [grpc-default-executor-3] WARN  server.GrpcLogAppender (LogUtils.java:warn(122)) - omNode-1@group-523986131536->omNode-3-AppendLogResponseHandler: Failed appendEntries: org.apache.ratis.thirdparty.io.grpc.StatusRuntimeException: UNAVAILABLE: io exception
2021-01-09 14:08:21,838 [grpc-default-executor-3] WARN  server.GrpcLogAppender (GrpcLogAppender.java:resetClient(111)) - omNode-1@group-523986131536->omNode-3-GrpcLogAppender: Leader has not got in touch with Follower omNode-1@group-523986131536->omNode-3(c-1,m0,n55, attendVote=true, lastRpcSendTime=1, lastRpcResponseTime=23573) yet, just keep nextIndex unchanged and retry.
2021-01-09 14:08:21,854 [grpc-default-executor-3] WARN  server.GrpcLogAppender (LogUtils.java:warn(122)) - omNode-1@group-523986131536->omNode-3-AppendLogResponseHandler: Failed appendEntries: org.apache.ratis.thirdparty.io.grpc.StatusRuntimeException: UNAVAILABLE: io exception
2021-01-09 14:08:21,854 [grpc-default-executor-3] WARN  server.GrpcLogAppender (GrpcLogAppender.java:resetClient(111)) - omNode-1@group-523986131536->omNode-3-GrpcLogAppender: Leader has not got in touch with Follower omNode-1@group-523986131536->omNode-3(c-1,m0,n56, attendVote=true, lastRpcSendTime=0, lastRpcResponseTime=23589) yet, just keep nextIndex unchanged and retry.
2021-01-09 14:08:21,856 [grpc-default-executor-3] WARN  server.GrpcLogAppender (LogUtils.java:warn(122)) - omNode-1@group-523986131536->omNode-3-AppendLogResponseHandler: Failed appendEntries: org.apache.ratis.thirdparty.io.grpc.StatusRuntimeException: UNAVAILABLE: io exception
2021-01-09 14:08:21,856 [grpc-default-executor-3] WARN  server.GrpcLogAppender (GrpcLogAppender.java:resetClient(111)) - omNode-1@group-523986131536->omNode-3-GrpcLogAppender: Leader has not got in touch with Follower omNode-1@group-523986131536->omNode-3(c-1,m0,n57, attendVote=true, lastRpcSendTime=2, lastRpcResponseTime=23591) yet, just keep nextIndex unchanged and retry.
2021-01-09 14:08:21,961 [grpc-default-executor-3] WARN  server.GrpcLogAppender (LogUtils.java:warn(122)) - omNode-1@group-523986131536->omNode-3-AppendLogResponseHandler: Failed appendEntries: org.apache.ratis.thirdparty.io.grpc.StatusRuntimeException: UNAVAILABLE: io exception
2021-01-09 14:08:21,961 [grpc-default-executor-3] WARN  server.GrpcLogAppender (GrpcLogAppender.java:resetClient(111)) - omNode-1@group-523986131536->omNode-3-GrpcLogAppender: Leader has not got in touch with Follower omNode-1@group-523986131536->omNode-3(c-1,m0,n58, attendVote=true, lastRpcSendTime=0, lastRpcResponseTime=23696) yet, just keep nextIndex unchanged and retry.
2021-01-09 14:08:21,965 [grpc-default-executor-2] WARN  server.GrpcLogAppender (LogUtils.java:warn(122)) - omNode-1@group-523986131536->omNode-3-AppendLogResponseHandler: Failed appendEntries: org.apache.ratis.thirdparty.io.grpc.StatusRuntimeException: UNAVAILABLE: io exception
2021-01-09 14:08:21,965 [grpc-default-executor-2] WARN  server.GrpcLogAppender (GrpcLogAppender.java:resetClient(111)) - omNode-1@group-523986131536->omNode-3-GrpcLogAppender: Leader has not got in touch with Follower omNode-1@group-523986131536->omNode-3(c-1,m0,n59, attendVote=true, lastRpcSendTime=0, lastRpcResponseTime=23700) yet, just keep nextIndex unchanged and retry.
2021-01-09 14:08:21,987 [grpc-default-executor-2] WARN  server.GrpcLogAppender (LogUtils.java:warn(122)) - omNode-1@group-523986131536->omNode-3-AppendLogResponseHandler: Failed appendEntries: org.apache.ratis.thirdparty.io.grpc.StatusRuntimeException: UNAVAILABLE: io exception
2021-01-09 14:08:21,988 [grpc-default-executor-2] WARN  server.GrpcLogAppender (GrpcLogAppender.java:resetClient(111)) - omNode-1@group-523986131536->omNode-3-GrpcLogAppender: Leader has not got in touch with Follower omNode-1@group-523986131536->omNode-3(c-1,m0,n60, attendVote=true, lastRpcSendTime=22, lastRpcResponseTime=23723) yet, just keep nextIndex unchanged and retry.
2021-01-09 14:08:21,992 [grpc-default-executor-0] WARN  server.GrpcLogAppender (LogUtils.java:warn(122)) - omNode-1@group-523986131536->omNode-3-AppendLogResponseHandler: Failed appendEntries: org.apache.ratis.thirdparty.io.grpc.StatusRuntimeException: UNAVAILABLE: io exception
2021-01-09 14:08:21,993 [grpc-default-executor-0] WARN  server.GrpcLogAppender (GrpcLogAppender.java:resetClient(111)) - omNode-1@group-523986131536->omNode-3-GrpcLogAppender: Leader has not got in touch with Follower omNode-1@group-523986131536->omNode-3(c-1,m0,n61, attendVote=true, lastRpcSendTime=0, lastRpcResponseTime=23728) yet, just keep nextIndex unchanged and retry.
2021-01-09 14:08:22,104 [grpc-default-executor-0] WARN  server.GrpcLogAppender (LogUtils.java:warn(122)) - omNode-1@group-523986131536->omNode-3-AppendLogResponseHandler: Failed appendEntries: org.apache.ratis.thirdparty.io.grpc.StatusRuntimeException: UNAVAILABLE: io exception
2021-01-09 14:08:22,104 [grpc-default-executor-0] WARN  server.GrpcLogAppender (GrpcLogAppender.java:resetClient(111)) - omNode-1@group-523986131536->omNode-3-GrpcLogAppender: Leader has not got in touch with Follower omNode-1@group-523986131536->omNode-3(c-1,m0,n62, attendVote=true, lastRpcSendTime=0, lastRpcResponseTime=23839) yet, just keep nextIndex unchanged and retry.
2021-01-09 14:08:22,110 [grpc-default-executor-0] WARN  server.GrpcLogAppender (LogUtils.java:warn(122)) - omNode-1@group-523986131536->omNode-3-AppendLogResponseHandler: Failed appendEntries: org.apache.ratis.thirdparty.io.grpc.StatusRuntimeException: UNAVAILABLE: io exception
2021-01-09 14:08:22,111 [grpc-default-executor-0] WARN  server.GrpcLogAppender (GrpcLogAppender.java:resetClient(111)) - omNode-1@group-523986131536->omNode-3-GrpcLogAppender: Leader has not got in touch with Follower omNode-1@group-523986131536->omNode-3(c-1,m0,n63, attendVote=true, lastRpcSendTime=2, lastRpcResponseTime=23846) yet, just keep nextIndex unchanged and retry.
2021-01-09 14:08:22,126 [grpc-default-executor-2] WARN  server.GrpcLogAppender (LogUtils.java:warn(122)) - omNode-1@group-523986131536->omNode-3-AppendLogResponseHandler: Failed appendEntries: org.apache.ratis.thirdparty.io.grpc.StatusRuntimeException: UNAVAILABLE: io exception
2021-01-09 14:08:22,127 [grpc-default-executor-2] WARN  server.GrpcLogAppender (GrpcLogAppender.java:resetClient(111)) - omNode-1@group-523986131536->omNode-3-GrpcLogAppender: Leader has not got in touch with Follower omNode-1@group-523986131536->omNode-3(c-1,m0,n64, attendVote=true, lastRpcSendTime=0, lastRpcResponseTime=23862) yet, just keep nextIndex unchanged and retry.
2021-01-09 14:08:22,132 [grpc-default-executor-2] WARN  server.GrpcLogAppender (LogUtils.java:warn(122)) - omNode-1@group-523986131536->omNode-3-AppendLogResponseHandler: Failed appendEntries: org.apache.ratis.thirdparty.io.grpc.StatusRuntimeException: UNAVAILABLE: io exception
2021-01-09 14:08:22,133 [grpc-default-executor-2] WARN  server.GrpcLogAppender (GrpcLogAppender.java:resetClient(111)) - omNode-1@group-523986131536->omNode-3-GrpcLogAppender: Leader has not got in touch with Follower omNode-1@group-523986131536->omNode-3(c-1,m0,n65, attendVote=true, lastRpcSendTime=6, lastRpcResponseTime=23868) yet, just keep nextIndex unchanged and retry.
2021-01-09 14:08:22,235 [grpc-default-executor-2] WARN  server.GrpcLogAppender (LogUtils.java:warn(122)) - omNode-1@group-523986131536->omNode-3-AppendLogResponseHandler: Failed appendEntries: org.apache.ratis.thirdparty.io.grpc.StatusRuntimeException: UNAVAILABLE: io exception
2021-01-09 14:08:22,236 [grpc-default-executor-2] WARN  server.GrpcLogAppender (GrpcLogAppender.java:resetClient(111)) - omNode-1@group-523986131536->omNode-3-GrpcLogAppender: Leader has not got in touch with Follower omNode-1@group-523986131536->omNode-3(c-1,m0,n66, attendVote=true, lastRpcSendTime=102, lastRpcResponseTime=23971) yet, just keep nextIndex unchanged and retry.
2021-01-09 14:08:22,241 [grpc-default-executor-0] WARN  server.GrpcLogAppender (LogUtils.java:warn(122)) - omNode-1@group-523986131536->omNode-3-AppendLogResponseHandler: Failed appendEntries: org.apache.ratis.thirdparty.io.grpc.StatusRuntimeException: UNAVAILABLE: io exception
2021-01-09 14:08:22,241 [grpc-default-executor-0] WARN  server.GrpcLogAppender (GrpcLogAppender.java:resetClient(111)) - omNode-1@group-523986131536->omNode-3-GrpcLogAppender: Leader has not got in touch with Follower omNode-1@group-523986131536->omNode-3(c-1,m0,n67, attendVote=true, lastRpcSendTime=5, lastRpcResponseTime=23976) yet, just keep nextIndex unchanged and retry.
2021-01-09 14:08:22,251 [grpc-default-executor-2] WARN  server.GrpcLogAppender (LogUtils.java:warn(122)) - omNode-1@group-523986131536->omNode-3-AppendLogResponseHandler: Failed appendEntries: org.apache.ratis.thirdparty.io.grpc.StatusRuntimeException: UNAVAILABLE: io exception
2021-01-09 14:08:22,252 [grpc-default-executor-2] WARN  server.GrpcLogAppender (GrpcLogAppender.java:resetClient(111)) - omNode-1@group-523986131536->omNode-3-GrpcLogAppender: Leader has not got in touch with Follower omNode-1@group-523986131536->omNode-3(c-1,m0,n68, attendVote=true, lastRpcSendTime=0, lastRpcResponseTime=23987) yet, just keep nextIndex unchanged and retry.
2021-01-09 14:08:22,255 [grpc-default-executor-2] WARN  server.GrpcLogAppender (LogUtils.java:warn(122)) - omNode-1@group-523986131536->omNode-3-AppendLogResponseHandler: Failed appendEntries: org.apache.ratis.thirdparty.io.grpc.StatusRuntimeException: UNAVAILABLE: io exception
2021-01-09 14:08:22,256 [grpc-default-executor-2] WARN  server.GrpcLogAppender (GrpcLogAppender.java:resetClient(111)) - omNode-1@group-523986131536->omNode-3-GrpcLogAppender: Leader has not got in touch with Follower omNode-1@group-523986131536->omNode-3(c-1,m0,n69, attendVote=true, lastRpcSendTime=1, lastRpcResponseTime=23991) yet, just keep nextIndex unchanged and retry.
2021-01-09 14:08:22,359 [grpc-default-executor-2] WARN  server.GrpcLogAppender (LogUtils.java:warn(122)) - omNode-1@group-523986131536->omNode-3-AppendLogResponseHandler: Failed appendEntries: org.apache.ratis.thirdparty.io.grpc.StatusRuntimeException: UNAVAILABLE: io exception
2021-01-09 14:08:22,359 [grpc-default-executor-2] WARN  server.GrpcLogAppender (GrpcLogAppender.java:resetClient(111)) - omNode-1@group-523986131536->omNode-3-GrpcLogAppender: Leader has not got in touch with Follower omNode-1@group-523986131536->omNode-3(c-1,m0,n70, attendVote=true, lastRpcSendTime=104, lastRpcResponseTime=24094) yet, just keep nextIndex unchanged and retry.
2021-01-09 14:08:22,367 [grpc-default-executor-2] WARN  server.GrpcLogAppender (LogUtils.java:warn(122)) - omNode-1@group-523986131536->omNode-3-AppendLogResponseHandler: Failed appendEntries: org.apache.ratis.thirdparty.io.grpc.StatusRuntimeException: UNAVAILABLE: io exception
2021-01-09 14:08:22,368 [grpc-default-executor-2] WARN  server.GrpcLogAppender (GrpcLogAppender.java:resetClient(111)) - omNode-1@group-523986131536->omNode-3-GrpcLogAppender: Leader has not got in touch with Follower omNode-1@group-523986131536->omNode-3(c-1,m0,n71, attendVote=true, lastRpcSendTime=1, lastRpcResponseTime=24103) yet, just keep nextIndex unchanged and retry.
2021-01-09 14:08:22,373 [grpc-default-executor-0] WARN  server.GrpcLogAppender (LogUtils.java:warn(122)) - omNode-1@group-523986131536->omNode-3-AppendLogResponseHandler: Failed appendEntries: org.apache.ratis.thirdparty.io.grpc.StatusRuntimeException: UNAVAILABLE: io exception
2021-01-09 14:08:22,374 [grpc-default-executor-0] WARN  server.GrpcLogAppender (GrpcLogAppender.java:resetClient(111)) - omNode-1@group-523986131536->omNode-3-GrpcLogAppender: Leader has not got in touch with Follower omNode-1@group-523986131536->omNode-3(c-1,m0,n72, attendVote=true, lastRpcSendTime=0, lastRpcResponseTime=24109) yet, just keep nextIndex unchanged and retry.
2021-01-09 14:08:22,379 [grpc-default-executor-2] WARN  server.GrpcLogAppender (LogUtils.java:warn(122)) - omNode-1@group-523986131536->omNode-3-AppendLogResponseHandler: Failed appendEntries: org.apache.ratis.thirdparty.io.grpc.StatusRuntimeException: UNAVAILABLE: io exception
2021-01-09 14:08:22,379 [grpc-default-executor-2] WARN  server.GrpcLogAppender (GrpcLogAppender.java:resetClient(111)) - omNode-1@group-523986131536->omNode-3-GrpcLogAppender: Leader has not got in touch with Follower omNode-1@group-523986131536->omNode-3(c-1,m0,n73, attendVote=true, lastRpcSendTime=5, lastRpcResponseTime=24114) yet, just keep nextIndex unchanged and retry.
2021-01-09 14:08:22,489 [grpc-default-executor-2] WARN  server.GrpcLogAppender (LogUtils.java:warn(122)) - omNode-1@group-523986131536->omNode-3-AppendLogResponseHandler: Failed appendEntries: org.apache.ratis.thirdparty.io.grpc.StatusRuntimeException: UNAVAILABLE: io exception
2021-01-09 14:08:22,489 [grpc-default-executor-2] WARN  server.GrpcLogAppender (GrpcLogAppender.java:resetClient(111)) - omNode-1@group-523986131536->omNode-3-GrpcLogAppender: Leader has not got in touch with Follower omNode-1@group-523986131536->omNode-3(c-1,m0,n74, attendVote=true, lastRpcSendTime=109, lastRpcResponseTime=24224) yet, just keep nextIndex unchanged and retry.
2021-01-09 14:08:22,498 [grpc-default-executor-2] WARN  server.GrpcLogAppender (LogUtils.java:warn(122)) - omNode-1@group-523986131536->omNode-3-AppendLogResponseHandler: Failed appendEntries: org.apache.ratis.thirdparty.io.grpc.StatusRuntimeException: UNAVAILABLE: io exception
2021-01-09 14:08:22,499 [grpc-default-executor-2] WARN  server.GrpcLogAppender (GrpcLogAppender.java:resetClient(111)) - omNode-1@group-523986131536->omNode-3-GrpcLogAppender: Leader has not got in touch with Follower omNode-1@group-523986131536->omNode-3(c-1,m0,n75, attendVote=true, lastRpcSendTime=7, lastRpcResponseTime=24234) yet, just keep nextIndex unchanged and retry.
2021-01-09 14:08:22,520 [grpc-default-executor-2] WARN  server.GrpcLogAppender (LogUtils.java:warn(122)) - omNode-1@group-523986131536->omNode-3-AppendLogResponseHandler: Failed appendEntries: org.apache.ratis.thirdparty.io.grpc.StatusRuntimeException: UNAVAILABLE: io exception
2021-01-09 14:08:22,520 [grpc-default-executor-2] WARN  server.GrpcLogAppender (GrpcLogAppender.java:resetClient(111)) - omNode-1@group-523986131536->omNode-3-GrpcLogAppender: Leader has not got in touch with Follower omNode-1@group-523986131536->omNode-3(c-1,m0,n76, attendVote=true, lastRpcSendTime=0, lastRpcResponseTime=24255) yet, just keep nextIndex unchanged and retry.
2021-01-09 14:08:22,524 [grpc-default-executor-3] WARN  server.GrpcLogAppender (LogUtils.java:warn(122)) - omNode-1@group-523986131536->omNode-3-AppendLogResponseHandler: Failed appendEntries: org.apache.ratis.thirdparty.io.grpc.StatusRuntimeException: UNAVAILABLE: io exception
2021-01-09 14:08:22,524 [grpc-default-executor-3] WARN  server.GrpcLogAppender (GrpcLogAppender.java:resetClient(111)) - omNode-1@group-523986131536->omNode-3-GrpcLogAppender: Leader has not got in touch with Follower omNode-1@group-523986131536->omNode-3(c-1,m0,n77, attendVote=true, lastRpcSendTime=1, lastRpcResponseTime=24259) yet, just keep nextIndex unchanged and retry.
2021-01-09 14:08:22,629 [grpc-default-executor-3] WARN  server.GrpcLogAppender (LogUtils.java:warn(122)) - omNode-1@group-523986131536->omNode-3-AppendLogResponseHandler: Failed appendEntries: org.apache.ratis.thirdparty.io.grpc.StatusRuntimeException: UNAVAILABLE: io exception
2021-01-09 14:08:22,630 [grpc-default-executor-3] WARN  server.GrpcLogAppender (GrpcLogAppender.java:resetClient(111)) - omNode-1@group-523986131536->omNode-3-GrpcLogAppender: Leader has not got in touch with Follower omNode-1@group-523986131536->omNode-3(c-1,m0,n78, attendVote=true, lastRpcSendTime=0, lastRpcResponseTime=24365) yet, just keep nextIndex unchanged and retry.
2021-01-09 14:08:22,635 [grpc-default-executor-3] WARN  server.GrpcLogAppender (LogUtils.java:warn(122)) - omNode-1@group-523986131536->omNode-3-AppendLogResponseHandler: Failed appendEntries: org.apache.ratis.thirdparty.io.grpc.StatusRuntimeException: UNAVAILABLE: io exception
2021-01-09 14:08:22,635 [grpc-default-executor-3] WARN  server.GrpcLogAppender (GrpcLogAppender.java:resetClient(111)) - omNode-1@group-523986131536->omNode-3-GrpcLogAppender: Leader has not got in touch with Follower omNode-1@group-523986131536->omNode-3(c-1,m0,n79, attendVote=true, lastRpcSendTime=0, lastRpcResponseTime=24370) yet, just keep nextIndex unchanged and retry.
2021-01-09 14:08:22,638 [grpc-nio-worker-ELG-3-2] WARN  nio.NioEventLoop (NioEventLoop.java:unexpectedSelectorWakeup(554)) - Selector.select() returned prematurely 512 times in a row; rebuilding Selector org.apache.ratis.thirdparty.io.netty.channel.nio.SelectedSelectionKeySetSelector@656619fc.
2021-01-09 14:08:22,638 [grpc-nio-worker-ELG-3-2] INFO  nio.NioEventLoop (NioEventLoop.java:rebuildSelector0(430)) - Migrated 10 channel(s) to the new Selector.
2021-01-09 14:08:22,668 [grpc-default-executor-3] WARN  server.GrpcLogAppender (LogUtils.java:warn(122)) - omNode-1@group-523986131536->omNode-3-AppendLogResponseHandler: Failed appendEntries: org.apache.ratis.thirdparty.io.grpc.StatusRuntimeException: UNAVAILABLE: io exception
2021-01-09 14:08:22,668 [grpc-default-executor-3] WARN  server.GrpcLogAppender (GrpcLogAppender.java:resetClient(111)) - omNode-1@group-523986131536->omNode-3-GrpcLogAppender: Leader has not got in touch with Follower omNode-1@group-523986131536->omNode-3(c-1,m0,n81, attendVote=true, lastRpcSendTime=34, lastRpcResponseTime=24403) yet, just keep nextIndex unchanged and retry.
2021-01-09 14:08:22,776 [grpc-default-executor-3] WARN  server.GrpcLogAppender (LogUtils.java:warn(122)) - omNode-1@group-523986131536->omNode-3-AppendLogResponseHandler: Failed appendEntries: org.apache.ratis.thirdparty.io.grpc.StatusRuntimeException: UNAVAILABLE: io exception
2021-01-09 14:08:22,777 [grpc-default-executor-3] WARN  server.GrpcLogAppender (GrpcLogAppender.java:resetClient(111)) - omNode-1@group-523986131536->omNode-3-GrpcLogAppender: Leader has not got in touch with Follower omNode-1@group-523986131536->omNode-3(c-1,m0,n82, attendVote=true, lastRpcSendTime=0, lastRpcResponseTime=24512) yet, just keep nextIndex unchanged and retry.
2021-01-09 14:08:22,783 [grpc-default-executor-3] WARN  server.GrpcLogAppender (LogUtils.java:warn(122)) - omNode-1@group-523986131536->omNode-3-AppendLogResponseHandler: Failed appendEntries: org.apache.ratis.thirdparty.io.grpc.StatusRuntimeException: UNAVAILABLE: io exception
2021-01-09 14:08:22,783 [grpc-default-executor-3] WARN  server.GrpcLogAppender (GrpcLogAppender.java:resetClient(111)) - omNode-1@group-523986131536->omNode-3-GrpcLogAppender: Leader has not got in touch with Follower omNode-1@group-523986131536->omNode-3(c-1,m0,n83, attendVote=true, lastRpcSendTime=0, lastRpcResponseTime=24518) yet, just keep nextIndex unchanged and retry.
2021-01-09 14:08:22,797 [grpc-default-executor-3] WARN  server.GrpcLogAppender (LogUtils.java:warn(122)) - omNode-1@group-523986131536->omNode-3-AppendLogResponseHandler: Failed appendEntries: org.apache.ratis.thirdparty.io.grpc.StatusRuntimeException: UNAVAILABLE: io exception
2021-01-09 14:08:22,798 [grpc-default-executor-3] WARN  server.GrpcLogAppender (GrpcLogAppender.java:resetClient(111)) - omNode-1@group-523986131536->omNode-3-GrpcLogAppender: Leader has not got in touch with Follower omNode-1@group-523986131536->omNode-3(c-1,m0,n84, attendVote=true, lastRpcSendTime=15, lastRpcResponseTime=24533) yet, just keep nextIndex unchanged and retry.
2021-01-09 14:08:22,803 [grpc-default-executor-3] WARN  server.GrpcLogAppender (LogUtils.java:warn(122)) - omNode-1@group-523986131536->omNode-3-AppendLogResponseHandler: Failed appendEntries: org.apache.ratis.thirdparty.io.grpc.StatusRuntimeException: UNAVAILABLE: io exception
2021-01-09 14:08:22,803 [grpc-default-executor-3] WARN  server.GrpcLogAppender (GrpcLogAppender.java:resetClient(111)) - omNode-1@group-523986131536->omNode-3-GrpcLogAppender: Leader has not got in touch with Follower omNode-1@group-523986131536->omNode-3(c-1,m0,n85, attendVote=true, lastRpcSendTime=4, lastRpcResponseTime=24538) yet, just keep nextIndex unchanged and retry.
2021-01-09 14:08:22,908 [grpc-default-executor-2] WARN  server.GrpcLogAppender (LogUtils.java:warn(122)) - omNode-1@group-523986131536->omNode-3-AppendLogResponseHandler: Failed appendEntries: org.apache.ratis.thirdparty.io.grpc.StatusRuntimeException: UNAVAILABLE: io exception
2021-01-09 14:08:22,909 [grpc-default-executor-2] WARN  server.GrpcLogAppender (GrpcLogAppender.java:resetClient(111)) - omNode-1@group-523986131536->omNode-3-GrpcLogAppender: Leader has not got in touch with Follower omNode-1@group-523986131536->omNode-3(c-1,m0,n86, attendVote=true, lastRpcSendTime=102, lastRpcResponseTime=24644) yet, just keep nextIndex unchanged and retry.
2021-01-09 14:08:22,916 [grpc-default-executor-2] WARN  server.GrpcLogAppender (LogUtils.java:warn(122)) - omNode-1@group-523986131536->omNode-3-AppendLogResponseHandler: Failed appendEntries: org.apache.ratis.thirdparty.io.grpc.StatusRuntimeException: UNAVAILABLE: io exception
2021-01-09 14:08:22,916 [grpc-default-executor-2] WARN  server.GrpcLogAppender (GrpcLogAppender.java:resetClient(111)) - omNode-1@group-523986131536->omNode-3-GrpcLogAppender: Leader has not got in touch with Follower omNode-1@group-523986131536->omNode-3(c-1,m0,n87, attendVote=true, lastRpcSendTime=5, lastRpcResponseTime=24651) yet, just keep nextIndex unchanged and retry.
2021-01-09 14:08:22,931 [grpc-default-executor-3] WARN  server.GrpcLogAppender (LogUtils.java:warn(122)) - omNode-1@group-523986131536->omNode-3-AppendLogResponseHandler: Failed appendEntries: org.apache.ratis.thirdparty.io.grpc.StatusRuntimeException: UNAVAILABLE: io exception
2021-01-09 14:08:22,932 [grpc-default-executor-3] WARN  server.GrpcLogAppender (GrpcLogAppender.java:resetClient(111)) - omNode-1@group-523986131536->omNode-3-GrpcLogAppender: Leader has not got in touch with Follower omNode-1@group-523986131536->omNode-3(c-1,m0,n88, attendVote=true, lastRpcSendTime=0, lastRpcResponseTime=24667) yet, just keep nextIndex unchanged and retry.
2021-01-09 14:08:22,940 [grpc-default-executor-2] WARN  server.GrpcLogAppender (LogUtils.java:warn(122)) - omNode-1@group-523986131536->omNode-3-AppendLogResponseHandler: Failed appendEntries: org.apache.ratis.thirdparty.io.grpc.StatusRuntimeException: UNAVAILABLE: io exception
2021-01-09 14:08:22,941 [grpc-default-executor-2] WARN  server.GrpcLogAppender (GrpcLogAppender.java:resetClient(111)) - omNode-1@group-523986131536->omNode-3-GrpcLogAppender: Leader has not got in touch with Follower omNode-1@group-523986131536->omNode-3(c-1,m0,n89, attendVote=true, lastRpcSendTime=0, lastRpcResponseTime=24676) yet, just keep nextIndex unchanged and retry.
2021-01-09 14:08:23,043 [grpc-default-executor-2] WARN  server.GrpcLogAppender (LogUtils.java:warn(122)) - omNode-1@group-523986131536->omNode-3-AppendLogResponseHandler: Failed appendEntries: org.apache.ratis.thirdparty.io.grpc.StatusRuntimeException: UNAVAILABLE: io exception
2021-01-09 14:08:23,044 [grpc-default-executor-2] WARN  server.GrpcLogAppender (GrpcLogAppender.java:resetClient(111)) - omNode-1@group-523986131536->omNode-3-GrpcLogAppender: Leader has not got in touch with Follower omNode-1@group-523986131536->omNode-3(c-1,m0,n90, attendVote=true, lastRpcSendTime=0, lastRpcResponseTime=24779) yet, just keep nextIndex unchanged and retry.
2021-01-09 14:08:23,052 [grpc-default-executor-2] WARN  server.GrpcLogAppender (LogUtils.java:warn(122)) - omNode-1@group-523986131536->omNode-3-AppendLogResponseHandler: Failed appendEntries: org.apache.ratis.thirdparty.io.grpc.StatusRuntimeException: UNAVAILABLE: io exception
2021-01-09 14:08:23,052 [grpc-default-executor-2] WARN  server.GrpcLogAppender (GrpcLogAppender.java:resetClient(111)) - omNode-1@group-523986131536->omNode-3-GrpcLogAppender: Leader has not got in touch with Follower omNode-1@group-523986131536->omNode-3(c-1,m0,n91, attendVote=true, lastRpcSendTime=9, lastRpcResponseTime=24787) yet, just keep nextIndex unchanged and retry.
2021-01-09 14:08:23,065 [grpc-default-executor-2] WARN  server.GrpcLogAppender (LogUtils.java:warn(122)) - omNode-1@group-523986131536->omNode-3-AppendLogResponseHandler: Failed appendEntries: org.apache.ratis.thirdparty.io.grpc.StatusRuntimeException: UNAVAILABLE: io exception
2021-01-09 14:08:23,065 [grpc-default-executor-2] WARN  server.GrpcLogAppender (GrpcLogAppender.java:resetClient(111)) - omNode-1@group-523986131536->omNode-3-GrpcLogAppender: Leader has not got in touch with Follower omNode-1@group-523986131536->omNode-3(c-1,m0,n92, attendVote=true, lastRpcSendTime=0, lastRpcResponseTime=24800) yet, just keep nextIndex unchanged and retry.
2021-01-09 14:08:23,071 [grpc-default-executor-2] WARN  server.GrpcLogAppender (LogUtils.java:warn(122)) - omNode-1@group-523986131536->omNode-3-AppendLogResponseHandler: Failed appendEntries: org.apache.ratis.thirdparty.io.grpc.StatusRuntimeException: UNAVAILABLE: io exception
2021-01-09 14:08:23,071 [grpc-default-executor-2] WARN  server.GrpcLogAppender (GrpcLogAppender.java:resetClient(111)) - omNode-1@group-523986131536->omNode-3-GrpcLogAppender: Leader has not got in touch with Follower omNode-1@group-523986131536->omNode-3(c-1,m0,n93, attendVote=true, lastRpcSendTime=0, lastRpcResponseTime=24806) yet, just keep nextIndex unchanged and retry.
2021-01-09 14:08:23,175 [grpc-default-executor-2] WARN  server.GrpcLogAppender (LogUtils.java:warn(122)) - omNode-1@group-523986131536->omNode-3-AppendLogResponseHandler: Failed appendEntries: org.apache.ratis.thirdparty.io.grpc.StatusRuntimeException: UNAVAILABLE: io exception
2021-01-09 14:08:23,176 [grpc-default-executor-2] WARN  server.GrpcLogAppender (GrpcLogAppender.java:resetClient(111)) - omNode-1@group-523986131536->omNode-3-GrpcLogAppender: Leader has not got in touch with Follower omNode-1@group-523986131536->omNode-3(c-1,m0,n94, attendVote=true, lastRpcSendTime=0, lastRpcResponseTime=24911) yet, just keep nextIndex unchanged and retry.
2021-01-09 14:08:23,180 [grpc-default-executor-2] WARN  server.GrpcLogAppender (LogUtils.java:warn(122)) - omNode-1@group-523986131536->omNode-3-AppendLogResponseHandler: Failed appendEntries: org.apache.ratis.thirdparty.io.grpc.StatusRuntimeException: UNAVAILABLE: io exception
2021-01-09 14:08:23,180 [grpc-default-executor-2] WARN  server.GrpcLogAppender (GrpcLogAppender.java:resetClient(111)) - omNode-1@group-523986131536->omNode-3-GrpcLogAppender: Leader has not got in touch with Follower omNode-1@group-523986131536->omNode-3(c-1,m0,n95, attendVote=true, lastRpcSendTime=0, lastRpcResponseTime=24915) yet, just keep nextIndex unchanged and retry.
2021-01-09 14:08:23,192 [grpc-default-executor-2] WARN  server.GrpcLogAppender (LogUtils.java:warn(122)) - omNode-1@group-523986131536->omNode-3-AppendLogResponseHandler: Failed appendEntries: org.apache.ratis.thirdparty.io.grpc.StatusRuntimeException: UNAVAILABLE: io exception
2021-01-09 14:08:23,193 [grpc-default-executor-2] WARN  server.GrpcLogAppender (GrpcLogAppender.java:resetClient(111)) - omNode-1@group-523986131536->omNode-3-GrpcLogAppender: Leader has not got in touch with Follower omNode-1@group-523986131536->omNode-3(c-1,m0,n96, attendVote=true, lastRpcSendTime=0, lastRpcResponseTime=24928) yet, just keep nextIndex unchanged and retry.
2021-01-09 14:08:23,201 [grpc-default-executor-3] WARN  server.GrpcLogAppender (LogUtils.java:warn(122)) - omNode-1@group-523986131536->omNode-3-AppendLogResponseHandler: Failed appendEntries: org.apache.ratis.thirdparty.io.grpc.StatusRuntimeException: UNAVAILABLE: io exception
2021-01-09 14:08:23,201 [grpc-default-executor-3] WARN  server.GrpcLogAppender (GrpcLogAppender.java:resetClient(111)) - omNode-1@group-523986131536->omNode-3-GrpcLogAppender: Leader has not got in touch with Follower omNode-1@group-523986131536->omNode-3(c-1,m0,n97, attendVote=true, lastRpcSendTime=0, lastRpcResponseTime=24936) yet, just keep nextIndex unchanged and retry.
2021-01-09 14:08:23,304 [grpc-default-executor-3] WARN  server.GrpcLogAppender (LogUtils.java:warn(122)) - omNode-1@group-523986131536->omNode-3-AppendLogResponseHandler: Failed appendEntries: org.apache.ratis.thirdparty.io.grpc.StatusRuntimeException: UNAVAILABLE: io exception
2021-01-09 14:08:23,305 [grpc-default-executor-3] WARN  server.GrpcLogAppender (GrpcLogAppender.java:resetClient(111)) - omNode-1@group-523986131536->omNode-3-GrpcLogAppender: Leader has not got in touch with Follower omNode-1@group-523986131536->omNode-3(c-1,m0,n98, attendVote=true, lastRpcSendTime=104, lastRpcResponseTime=25040) yet, just keep nextIndex unchanged and retry.
2021-01-09 14:08:23,311 [grpc-default-executor-3] WARN  server.GrpcLogAppender (LogUtils.java:warn(122)) - omNode-1@group-523986131536->omNode-3-AppendLogResponseHandler: Failed appendEntries: org.apache.ratis.thirdparty.io.grpc.StatusRuntimeException: UNAVAILABLE: io exception
2021-01-09 14:08:23,311 [grpc-default-executor-3] WARN  server.GrpcLogAppender (GrpcLogAppender.java:resetClient(111)) - omNode-1@group-523986131536->omNode-3-GrpcLogAppender: Leader has not got in touch with Follower omNode-1@group-523986131536->omNode-3(c-1,m0,n99, attendVote=true, lastRpcSendTime=1, lastRpcResponseTime=25046) yet, just keep nextIndex unchanged and retry.
2021-01-09 14:08:23,324 [omNode-1@group-523986131536-StateMachineUpdater] INFO  ratis.OzoneManagerStateMachine (OzoneManagerStateMachine.java:takeSnapshot(345)) - Current Snapshot Index (t:3, i:98)
2021-01-09 14:08:23,324 [omNode-1@group-523986131536-StateMachineUpdater] INFO  impl.StateMachineUpdater (StateMachineUpdater.java:takeSnapshot(279)) - omNode-1@group-523986131536-StateMachineUpdater: Took a snapshot at index 98
2021-01-09 14:08:23,324 [omNode-1@group-523986131536-StateMachineUpdater] INFO  impl.StateMachineUpdater (StateMachineUpdater.java:lambda$new$0(88)) - omNode-1@group-523986131536-StateMachineUpdater: snapshotIndex: updateIncreasingly 48 -> 98
2021-01-09 14:08:23,324 [omNode-1@group-523986131536-StateMachineUpdater] INFO  raftlog.RaftLog (RaftLogBase.java:purge(306)) - omNode-1@group-523986131536-SegmentedRaftLog: purge 98
2021-01-09 14:08:23,330 [omNode-1@group-523986131536-StateMachineUpdater] INFO  raftlog.RaftLog (RaftLogBase.java:lambda$new$0(53)) - omNode-1@group-523986131536-SegmentedRaftLog: snapshotIndex: updateIncreasingly -1 -> 98
2021-01-09 14:08:23,330 [omNode-1@group-523986131536-StateMachineUpdater] INFO  raftlog.RaftLog (RaftLogBase.java:lambda$new$0(53)) - omNode-1@group-523986131536-SegmentedRaftLog: purgeIndex: updateToMax old=-1, new=98, updated? true
2021-01-09 14:08:23,336 [grpc-default-executor-3] WARN  server.GrpcLogAppender (LogUtils.java:warn(122)) - omNode-1@group-523986131536->omNode-3-AppendLogResponseHandler: Failed appendEntries: org.apache.ratis.thirdparty.io.grpc.StatusRuntimeException: UNAVAILABLE: io exception
2021-01-09 14:08:23,337 [grpc-default-executor-3] WARN  server.GrpcLogAppender (GrpcLogAppender.java:resetClient(111)) - omNode-1@group-523986131536->omNode-3-GrpcLogAppender: Leader has not got in touch with Follower omNode-1@group-523986131536->omNode-3(c-1,m0,n100, attendVote=true, lastRpcSendTime=0, lastRpcResponseTime=25072) yet, just keep nextIndex unchanged and retry.
2021-01-09 14:08:23,341 [grpc-default-executor-3] WARN  server.GrpcLogAppender (LogUtils.java:warn(122)) - omNode-1@group-523986131536->omNode-3-AppendLogResponseHandler: Failed appendEntries: org.apache.ratis.thirdparty.io.grpc.StatusRuntimeException: UNAVAILABLE: io exception
2021-01-09 14:08:23,341 [grpc-default-executor-3] WARN  server.GrpcLogAppender (GrpcLogAppender.java:resetClient(111)) - omNode-1@group-523986131536->omNode-3-GrpcLogAppender: Leader has not got in touch with Follower omNode-1@group-523986131536->omNode-3(c-1,m0,n101, attendVote=true, lastRpcSendTime=1, lastRpcResponseTime=25076) yet, just keep nextIndex unchanged and retry.
2021-01-09 14:08:23,344 [omNode-2@group-523986131536-StateMachineUpdater] INFO  ratis.OzoneManagerStateMachine (OzoneManagerStateMachine.java:takeSnapshot(345)) - Current Snapshot Index (t:3, i:99)
2021-01-09 14:08:23,344 [omNode-2@group-523986131536-StateMachineUpdater] INFO  impl.StateMachineUpdater (StateMachineUpdater.java:takeSnapshot(279)) - omNode-2@group-523986131536-StateMachineUpdater: Took a snapshot at index 99
2021-01-09 14:08:23,344 [omNode-2@group-523986131536-StateMachineUpdater] INFO  impl.StateMachineUpdater (StateMachineUpdater.java:lambda$new$0(88)) - omNode-2@group-523986131536-StateMachineUpdater: snapshotIndex: updateIncreasingly 49 -> 99
2021-01-09 14:08:23,344 [omNode-2@group-523986131536-StateMachineUpdater] INFO  raftlog.RaftLog (RaftLogBase.java:purge(306)) - omNode-2@group-523986131536-SegmentedRaftLog: purge 99
2021-01-09 14:08:23,344 [omNode-2@group-523986131536-StateMachineUpdater] INFO  raftlog.RaftLog (RaftLogBase.java:lambda$new$0(53)) - omNode-2@group-523986131536-SegmentedRaftLog: snapshotIndex: updateIncreasingly 49 -> 99
2021-01-09 14:08:23,345 [omNode-2@group-523986131536-StateMachineUpdater] INFO  raftlog.RaftLog (RaftLogBase.java:lambda$new$0(53)) - omNode-2@group-523986131536-SegmentedRaftLog: purgeIndex: updateToMax old=49, new=99, updated? true
2021-01-09 14:08:23,451 [grpc-default-executor-3] WARN  server.GrpcLogAppender (LogUtils.java:warn(122)) - omNode-1@group-523986131536->omNode-3-AppendLogResponseHandler: Failed appendEntries: org.apache.ratis.thirdparty.io.grpc.StatusRuntimeException: UNAVAILABLE: io exception
2021-01-09 14:08:23,452 [grpc-default-executor-3] WARN  server.GrpcLogAppender (GrpcLogAppender.java:resetClient(111)) - omNode-1@group-523986131536->omNode-3-GrpcLogAppender: Leader has not got in touch with Follower omNode-1@group-523986131536->omNode-3(c-1,m0,n102, attendVote=true, lastRpcSendTime=1, lastRpcResponseTime=25187) yet, just keep nextIndex unchanged and retry.
2021-01-09 14:08:23,468 [grpc-default-executor-2] WARN  server.GrpcLogAppender (LogUtils.java:warn(122)) - omNode-1@group-523986131536->omNode-3-AppendLogResponseHandler: Failed appendEntries: org.apache.ratis.thirdparty.io.grpc.StatusRuntimeException: UNAVAILABLE: io exception
2021-01-09 14:08:23,469 [grpc-default-executor-2] WARN  server.GrpcLogAppender (GrpcLogAppender.java:resetClient(111)) - omNode-1@group-523986131536->omNode-3-GrpcLogAppender: Leader has not got in touch with Follower omNode-1@group-523986131536->omNode-3(c-1,m0,n103, attendVote=true, lastRpcSendTime=2, lastRpcResponseTime=25204) yet, just keep nextIndex unchanged and retry.
2021-01-09 14:08:23,482 [grpc-default-executor-2] WARN  server.GrpcLogAppender (LogUtils.java:warn(122)) - omNode-1@group-523986131536->omNode-3-AppendLogResponseHandler: Failed appendEntries: org.apache.ratis.thirdparty.io.grpc.StatusRuntimeException: UNAVAILABLE: io exception
2021-01-09 14:08:23,483 [grpc-default-executor-2] WARN  server.GrpcLogAppender (GrpcLogAppender.java:resetClient(111)) - omNode-1@group-523986131536->omNode-3-GrpcLogAppender: Leader has not got in touch with Follower omNode-1@group-523986131536->omNode-3(c-1,m0,n104, attendVote=true, lastRpcSendTime=0, lastRpcResponseTime=25218) yet, just keep nextIndex unchanged and retry.
2021-01-09 14:08:23,485 [grpc-default-executor-2] WARN  server.GrpcLogAppender (LogUtils.java:warn(122)) - omNode-1@group-523986131536->omNode-3-AppendLogResponseHandler: Failed appendEntries: org.apache.ratis.thirdparty.io.grpc.StatusRuntimeException: UNAVAILABLE: io exception
2021-01-09 14:08:23,486 [grpc-default-executor-2] WARN  server.GrpcLogAppender (GrpcLogAppender.java:resetClient(111)) - omNode-1@group-523986131536->omNode-3-GrpcLogAppender: Leader has not got in touch with Follower omNode-1@group-523986131536->omNode-3(c-1,m0,n105, attendVote=true, lastRpcSendTime=0, lastRpcResponseTime=25221) yet, just keep nextIndex unchanged and retry.
2021-01-09 14:08:23,599 [grpc-default-executor-2] WARN  server.GrpcLogAppender (LogUtils.java:warn(122)) - omNode-1@group-523986131536->omNode-3-AppendLogResponseHandler: Failed appendEntries: org.apache.ratis.thirdparty.io.grpc.StatusRuntimeException: UNAVAILABLE: io exception
2021-01-09 14:08:23,599 [grpc-default-executor-2] WARN  server.GrpcLogAppender (GrpcLogAppender.java:resetClient(111)) - omNode-1@group-523986131536->omNode-3-GrpcLogAppender: Leader has not got in touch with Follower omNode-1@group-523986131536->omNode-3(c-1,m0,n106, attendVote=true, lastRpcSendTime=113, lastRpcResponseTime=25334) yet, just keep nextIndex unchanged and retry.
2021-01-09 14:08:23,605 [grpc-default-executor-0] WARN  server.GrpcLogAppender (LogUtils.java:warn(122)) - omNode-1@group-523986131536->omNode-3-AppendLogResponseHandler: Failed appendEntries: org.apache.ratis.thirdparty.io.grpc.StatusRuntimeException: UNAVAILABLE: io exception
2021-01-09 14:08:23,605 [grpc-default-executor-0] WARN  server.GrpcLogAppender (GrpcLogAppender.java:resetClient(111)) - omNode-1@group-523986131536->omNode-3-GrpcLogAppender: Leader has not got in touch with Follower omNode-1@group-523986131536->omNode-3(c-1,m0,n107, attendVote=true, lastRpcSendTime=6, lastRpcResponseTime=25340) yet, just keep nextIndex unchanged and retry.
2021-01-09 14:08:23,620 [grpc-default-executor-2] WARN  server.GrpcLogAppender (LogUtils.java:warn(122)) - omNode-1@group-523986131536->omNode-3-AppendLogResponseHandler: Failed appendEntries: org.apache.ratis.thirdparty.io.grpc.StatusRuntimeException: UNAVAILABLE: io exception
2021-01-09 14:08:23,621 [grpc-default-executor-2] WARN  server.GrpcLogAppender (GrpcLogAppender.java:resetClient(111)) - omNode-1@group-523986131536->omNode-3-GrpcLogAppender: Leader has not got in touch with Follower omNode-1@group-523986131536->omNode-3(c-1,m0,n108, attendVote=true, lastRpcSendTime=12, lastRpcResponseTime=25356) yet, just keep nextIndex unchanged and retry.
2021-01-09 14:08:23,626 [grpc-default-executor-2] WARN  server.GrpcLogAppender (LogUtils.java:warn(122)) - omNode-1@group-523986131536->omNode-3-AppendLogResponseHandler: Failed appendEntries: org.apache.ratis.thirdparty.io.grpc.StatusRuntimeException: UNAVAILABLE: io exception
2021-01-09 14:08:23,627 [grpc-default-executor-2] WARN  server.GrpcLogAppender (GrpcLogAppender.java:resetClient(111)) - omNode-1@group-523986131536->omNode-3-GrpcLogAppender: Leader has not got in touch with Follower omNode-1@group-523986131536->omNode-3(c-1,m0,n109, attendVote=true, lastRpcSendTime=0, lastRpcResponseTime=25362) yet, just keep nextIndex unchanged and retry.
2021-01-09 14:08:23,733 [grpc-default-executor-2] WARN  server.GrpcLogAppender (LogUtils.java:warn(122)) - omNode-1@group-523986131536->omNode-3-AppendLogResponseHandler: Failed appendEntries: org.apache.ratis.thirdparty.io.grpc.StatusRuntimeException: UNAVAILABLE: io exception
2021-01-09 14:08:23,733 [grpc-default-executor-2] WARN  server.GrpcLogAppender (GrpcLogAppender.java:resetClient(111)) - omNode-1@group-523986131536->omNode-3-GrpcLogAppender: Leader has not got in touch with Follower omNode-1@group-523986131536->omNode-3(c-1,m0,n110, attendVote=true, lastRpcSendTime=0, lastRpcResponseTime=25468) yet, just keep nextIndex unchanged and retry.
2021-01-09 14:08:23,737 [grpc-default-executor-0] WARN  server.GrpcLogAppender (LogUtils.java:warn(122)) - omNode-1@group-523986131536->omNode-3-AppendLogResponseHandler: Failed appendEntries: org.apache.ratis.thirdparty.io.grpc.StatusRuntimeException: UNAVAILABLE: io exception
2021-01-09 14:08:23,737 [grpc-default-executor-0] WARN  server.GrpcLogAppender (GrpcLogAppender.java:resetClient(111)) - omNode-1@group-523986131536->omNode-3-GrpcLogAppender: Leader has not got in touch with Follower omNode-1@group-523986131536->omNode-3(c-1,m0,n111, attendVote=true, lastRpcSendTime=0, lastRpcResponseTime=25472) yet, just keep nextIndex unchanged and retry.
2021-01-09 14:08:23,759 [grpc-default-executor-0] WARN  server.GrpcLogAppender (LogUtils.java:warn(122)) - omNode-1@group-523986131536->omNode-3-AppendLogResponseHandler: Failed appendEntries: org.apache.ratis.thirdparty.io.grpc.StatusRuntimeException: UNAVAILABLE: io exception
2021-01-09 14:08:23,759 [grpc-default-executor-0] WARN  server.GrpcLogAppender (GrpcLogAppender.java:resetClient(111)) - omNode-1@group-523986131536->omNode-3-GrpcLogAppender: Leader has not got in touch with Follower omNode-1@group-523986131536->omNode-3(c-1,m0,n112, attendVote=true, lastRpcSendTime=2, lastRpcResponseTime=25494) yet, just keep nextIndex unchanged and retry.
2021-01-09 14:08:23,763 [grpc-default-executor-0] WARN  server.GrpcLogAppender (LogUtils.java:warn(122)) - omNode-1@group-523986131536->omNode-3-AppendLogResponseHandler: Failed appendEntries: org.apache.ratis.thirdparty.io.grpc.StatusRuntimeException: UNAVAILABLE: io exception
2021-01-09 14:08:23,763 [grpc-default-executor-0] WARN  server.GrpcLogAppender (GrpcLogAppender.java:resetClient(111)) - omNode-1@group-523986131536->omNode-3-GrpcLogAppender: Leader has not got in touch with Follower omNode-1@group-523986131536->omNode-3(c-1,m0,n113, attendVote=true, lastRpcSendTime=0, lastRpcResponseTime=25498) yet, just keep nextIndex unchanged and retry.
2021-01-09 14:08:23,870 [grpc-default-executor-0] WARN  server.GrpcLogAppender (LogUtils.java:warn(122)) - omNode-1@group-523986131536->omNode-3-AppendLogResponseHandler: Failed appendEntries: org.apache.ratis.thirdparty.io.grpc.StatusRuntimeException: UNAVAILABLE: io exception
2021-01-09 14:08:23,871 [grpc-default-executor-0] WARN  server.GrpcLogAppender (GrpcLogAppender.java:resetClient(111)) - omNode-1@group-523986131536->omNode-3-GrpcLogAppender: Leader has not got in touch with Follower omNode-1@group-523986131536->omNode-3(c-1,m0,n114, attendVote=true, lastRpcSendTime=108, lastRpcResponseTime=25606) yet, just keep nextIndex unchanged and retry.
2021-01-09 14:08:23,883 [grpc-default-executor-0] WARN  server.GrpcLogAppender (LogUtils.java:warn(122)) - omNode-1@group-523986131536->omNode-3-AppendLogResponseHandler: Failed appendEntries: org.apache.ratis.thirdparty.io.grpc.StatusRuntimeException: UNAVAILABLE: io exception
2021-01-09 14:08:23,884 [grpc-default-executor-0] WARN  server.GrpcLogAppender (GrpcLogAppender.java:resetClient(111)) - omNode-1@group-523986131536->omNode-3-GrpcLogAppender: Leader has not got in touch with Follower omNode-1@group-523986131536->omNode-3(c-1,m0,n115, attendVote=true, lastRpcSendTime=11, lastRpcResponseTime=25619) yet, just keep nextIndex unchanged and retry.
2021-01-09 14:08:23,903 [grpc-default-executor-2] WARN  server.GrpcLogAppender (LogUtils.java:warn(122)) - omNode-1@group-523986131536->omNode-3-AppendLogResponseHandler: Failed appendEntries: org.apache.ratis.thirdparty.io.grpc.StatusRuntimeException: UNAVAILABLE: io exception
2021-01-09 14:08:23,904 [grpc-default-executor-2] WARN  server.GrpcLogAppender (GrpcLogAppender.java:resetClient(111)) - omNode-1@group-523986131536->omNode-3-GrpcLogAppender: Leader has not got in touch with Follower omNode-1@group-523986131536->omNode-3(c-1,m0,n116, attendVote=true, lastRpcSendTime=0, lastRpcResponseTime=25639) yet, just keep nextIndex unchanged and retry.
2021-01-09 14:08:23,906 [grpc-default-executor-2] WARN  server.GrpcLogAppender (LogUtils.java:warn(122)) - omNode-1@group-523986131536->omNode-3-AppendLogResponseHandler: Failed appendEntries: org.apache.ratis.thirdparty.io.grpc.StatusRuntimeException: UNAVAILABLE: io exception
2021-01-09 14:08:23,907 [grpc-default-executor-2] WARN  server.GrpcLogAppender (GrpcLogAppender.java:resetClient(111)) - omNode-1@group-523986131536->omNode-3-GrpcLogAppender: Leader has not got in touch with Follower omNode-1@group-523986131536->omNode-3(c-1,m0,n117, attendVote=true, lastRpcSendTime=0, lastRpcResponseTime=25642) yet, just keep nextIndex unchanged and retry.
2021-01-09 14:08:24,013 [grpc-default-executor-2] WARN  server.GrpcLogAppender (LogUtils.java:warn(122)) - omNode-1@group-523986131536->omNode-3-AppendLogResponseHandler: Failed appendEntries: org.apache.ratis.thirdparty.io.grpc.StatusRuntimeException: UNAVAILABLE: io exception
2021-01-09 14:08:24,013 [grpc-default-executor-2] WARN  server.GrpcLogAppender (GrpcLogAppender.java:resetClient(111)) - omNode-1@group-523986131536->omNode-3-GrpcLogAppender: Leader has not got in touch with Follower omNode-1@group-523986131536->omNode-3(c-1,m0,n118, attendVote=true, lastRpcSendTime=1, lastRpcResponseTime=25749) yet, just keep nextIndex unchanged and retry.
2021-01-09 14:08:24,031 [grpc-default-executor-2] WARN  server.GrpcLogAppender (LogUtils.java:warn(122)) - omNode-1@group-523986131536->omNode-3-AppendLogResponseHandler: Failed appendEntries: org.apache.ratis.thirdparty.io.grpc.StatusRuntimeException: UNAVAILABLE: io exception
2021-01-09 14:08:24,031 [grpc-default-executor-2] WARN  server.GrpcLogAppender (GrpcLogAppender.java:resetClient(111)) - omNode-1@group-523986131536->omNode-3-GrpcLogAppender: Leader has not got in touch with Follower omNode-1@group-523986131536->omNode-3(c-1,m0,n119, attendVote=true, lastRpcSendTime=2, lastRpcResponseTime=25766) yet, just keep nextIndex unchanged and retry.
2021-01-09 14:08:24,041 [grpc-default-executor-3] WARN  server.GrpcLogAppender (LogUtils.java:warn(122)) - omNode-1@group-523986131536->omNode-3-AppendLogResponseHandler: Failed appendEntries: org.apache.ratis.thirdparty.io.grpc.StatusRuntimeException: UNAVAILABLE: io exception
2021-01-09 14:08:24,042 [grpc-default-executor-3] WARN  server.GrpcLogAppender (GrpcLogAppender.java:resetClient(111)) - omNode-1@group-523986131536->omNode-3-GrpcLogAppender: Leader has not got in touch with Follower omNode-1@group-523986131536->omNode-3(c-1,m0,n120, attendVote=true, lastRpcSendTime=1, lastRpcResponseTime=25777) yet, just keep nextIndex unchanged and retry.
2021-01-09 14:08:24,048 [grpc-default-executor-3] WARN  server.GrpcLogAppender (LogUtils.java:warn(122)) - omNode-1@group-523986131536->omNode-3-AppendLogResponseHandler: Failed appendEntries: org.apache.ratis.thirdparty.io.grpc.StatusRuntimeException: UNAVAILABLE: io exception
2021-01-09 14:08:24,048 [grpc-default-executor-3] WARN  server.GrpcLogAppender (GrpcLogAppender.java:resetClient(111)) - omNode-1@group-523986131536->omNode-3-GrpcLogAppender: Leader has not got in touch with Follower omNode-1@group-523986131536->omNode-3(c-1,m0,n121, attendVote=true, lastRpcSendTime=0, lastRpcResponseTime=25783) yet, just keep nextIndex unchanged and retry.
2021-01-09 14:08:24,154 [grpc-default-executor-3] WARN  server.GrpcLogAppender (LogUtils.java:warn(122)) - omNode-1@group-523986131536->omNode-3-AppendLogResponseHandler: Failed appendEntries: org.apache.ratis.thirdparty.io.grpc.StatusRuntimeException: UNAVAILABLE: io exception
2021-01-09 14:08:24,155 [grpc-default-executor-3] WARN  server.GrpcLogAppender (GrpcLogAppender.java:resetClient(111)) - omNode-1@group-523986131536->omNode-3-GrpcLogAppender: Leader has not got in touch with Follower omNode-1@group-523986131536->omNode-3(c-1,m0,n122, attendVote=true, lastRpcSendTime=0, lastRpcResponseTime=25890) yet, just keep nextIndex unchanged and retry.
2021-01-09 14:08:24,159 [grpc-default-executor-3] WARN  server.GrpcLogAppender (LogUtils.java:warn(122)) - omNode-1@group-523986131536->omNode-3-AppendLogResponseHandler: Failed appendEntries: org.apache.ratis.thirdparty.io.grpc.StatusRuntimeException: UNAVAILABLE: io exception
2021-01-09 14:08:24,159 [grpc-default-executor-3] WARN  server.GrpcLogAppender (GrpcLogAppender.java:resetClient(111)) - omNode-1@group-523986131536->omNode-3-GrpcLogAppender: Leader has not got in touch with Follower omNode-1@group-523986131536->omNode-3(c-1,m0,n123, attendVote=true, lastRpcSendTime=0, lastRpcResponseTime=25894) yet, just keep nextIndex unchanged and retry.
2021-01-09 14:08:24,174 [grpc-default-executor-3] WARN  server.GrpcLogAppender (LogUtils.java:warn(122)) - omNode-1@group-523986131536->omNode-3-AppendLogResponseHandler: Failed appendEntries: org.apache.ratis.thirdparty.io.grpc.StatusRuntimeException: UNAVAILABLE: io exception
2021-01-09 14:08:24,175 [grpc-default-executor-3] WARN  server.GrpcLogAppender (GrpcLogAppender.java:resetClient(111)) - omNode-1@group-523986131536->omNode-3-GrpcLogAppender: Leader has not got in touch with Follower omNode-1@group-523986131536->omNode-3(c-1,m0,n124, attendVote=true, lastRpcSendTime=16, lastRpcResponseTime=25910) yet, just keep nextIndex unchanged and retry.
2021-01-09 14:08:24,180 [grpc-default-executor-3] WARN  server.GrpcLogAppender (LogUtils.java:warn(122)) - omNode-1@group-523986131536->omNode-3-AppendLogResponseHandler: Failed appendEntries: org.apache.ratis.thirdparty.io.grpc.StatusRuntimeException: UNAVAILABLE: io exception
2021-01-09 14:08:24,180 [grpc-default-executor-3] WARN  server.GrpcLogAppender (GrpcLogAppender.java:resetClient(111)) - omNode-1@group-523986131536->omNode-3-GrpcLogAppender: Leader has not got in touch with Follower omNode-1@group-523986131536->omNode-3(c-1,m0,n125, attendVote=true, lastRpcSendTime=0, lastRpcResponseTime=25915) yet, just keep nextIndex unchanged and retry.
2021-01-09 14:08:24,287 [grpc-default-executor-3] WARN  server.GrpcLogAppender (LogUtils.java:warn(122)) - omNode-1@group-523986131536->omNode-3-AppendLogResponseHandler: Failed appendEntries: org.apache.ratis.thirdparty.io.grpc.StatusRuntimeException: UNAVAILABLE: io exception
2021-01-09 14:08:24,288 [grpc-default-executor-3] WARN  server.GrpcLogAppender (GrpcLogAppender.java:resetClient(111)) - omNode-1@group-523986131536->omNode-3-GrpcLogAppender: Leader has not got in touch with Follower omNode-1@group-523986131536->omNode-3(c-1,m0,n126, attendVote=true, lastRpcSendTime=0, lastRpcResponseTime=26023) yet, just keep nextIndex unchanged and retry.
2021-01-09 14:08:24,301 [grpc-default-executor-3] WARN  server.GrpcLogAppender (LogUtils.java:warn(122)) - omNode-1@group-523986131536->omNode-3-AppendLogResponseHandler: Failed appendEntries: org.apache.ratis.thirdparty.io.grpc.StatusRuntimeException: UNAVAILABLE: io exception
2021-01-09 14:08:24,302 [grpc-default-executor-3] WARN  server.GrpcLogAppender (GrpcLogAppender.java:resetClient(111)) - omNode-1@group-523986131536->omNode-3-GrpcLogAppender: Leader has not got in touch with Follower omNode-1@group-523986131536->omNode-3(c-1,m0,n127, attendVote=true, lastRpcSendTime=14, lastRpcResponseTime=26037) yet, just keep nextIndex unchanged and retry.
2021-01-09 14:08:24,318 [grpc-default-executor-2] WARN  server.GrpcLogAppender (LogUtils.java:warn(122)) - omNode-1@group-523986131536->omNode-3-AppendLogResponseHandler: Failed appendEntries: org.apache.ratis.thirdparty.io.grpc.StatusRuntimeException: UNAVAILABLE: io exception
2021-01-09 14:08:24,318 [grpc-default-executor-2] WARN  server.GrpcLogAppender (GrpcLogAppender.java:resetClient(111)) - omNode-1@group-523986131536->omNode-3-GrpcLogAppender: Leader has not got in touch with Follower omNode-1@group-523986131536->omNode-3(c-1,m0,n128, attendVote=true, lastRpcSendTime=15, lastRpcResponseTime=26053) yet, just keep nextIndex unchanged and retry.
2021-01-09 14:08:24,326 [grpc-default-executor-2] WARN  server.GrpcLogAppender (LogUtils.java:warn(122)) - omNode-1@group-523986131536->omNode-3-AppendLogResponseHandler: Failed appendEntries: org.apache.ratis.thirdparty.io.grpc.StatusRuntimeException: UNAVAILABLE: io exception
2021-01-09 14:08:24,326 [grpc-default-executor-2] WARN  server.GrpcLogAppender (GrpcLogAppender.java:resetClient(111)) - omNode-1@group-523986131536->omNode-3-GrpcLogAppender: Leader has not got in touch with Follower omNode-1@group-523986131536->omNode-3(c-1,m0,n129, attendVote=true, lastRpcSendTime=8, lastRpcResponseTime=26061) yet, just keep nextIndex unchanged and retry.
2021-01-09 14:08:24,432 [grpc-default-executor-2] WARN  server.GrpcLogAppender (LogUtils.java:warn(122)) - omNode-1@group-523986131536->omNode-3-AppendLogResponseHandler: Failed appendEntries: org.apache.ratis.thirdparty.io.grpc.StatusRuntimeException: UNAVAILABLE: io exception
2021-01-09 14:08:24,433 [grpc-default-executor-2] WARN  server.GrpcLogAppender (GrpcLogAppender.java:resetClient(111)) - omNode-1@group-523986131536->omNode-3-GrpcLogAppender: Leader has not got in touch with Follower omNode-1@group-523986131536->omNode-3(c-1,m0,n130, attendVote=true, lastRpcSendTime=106, lastRpcResponseTime=26168) yet, just keep nextIndex unchanged and retry.
2021-01-09 14:08:24,438 [grpc-default-executor-2] WARN  server.GrpcLogAppender (LogUtils.java:warn(122)) - omNode-1@group-523986131536->omNode-3-AppendLogResponseHandler: Failed appendEntries: org.apache.ratis.thirdparty.io.grpc.StatusRuntimeException: UNAVAILABLE: io exception
2021-01-09 14:08:24,439 [grpc-default-executor-2] WARN  server.GrpcLogAppender (GrpcLogAppender.java:resetClient(111)) - omNode-1@group-523986131536->omNode-3-GrpcLogAppender: Leader has not got in touch with Follower omNode-1@group-523986131536->omNode-3(c-1,m0,n131, attendVote=true, lastRpcSendTime=6, lastRpcResponseTime=26174) yet, just keep nextIndex unchanged and retry.
2021-01-09 14:08:24,455 [grpc-default-executor-3] WARN  server.GrpcLogAppender (LogUtils.java:warn(122)) - omNode-1@group-523986131536->omNode-3-AppendLogResponseHandler: Failed appendEntries: org.apache.ratis.thirdparty.io.grpc.StatusRuntimeException: UNAVAILABLE: io exception
2021-01-09 14:08:24,455 [grpc-default-executor-3] WARN  server.GrpcLogAppender (GrpcLogAppender.java:resetClient(111)) - omNode-1@group-523986131536->omNode-3-GrpcLogAppender: Leader has not got in touch with Follower omNode-1@group-523986131536->omNode-3(c-1,m0,n132, attendVote=true, lastRpcSendTime=0, lastRpcResponseTime=26190) yet, just keep nextIndex unchanged and retry.
2021-01-09 14:08:24,459 [grpc-default-executor-3] WARN  server.GrpcLogAppender (LogUtils.java:warn(122)) - omNode-1@group-523986131536->omNode-3-AppendLogResponseHandler: Failed appendEntries: org.apache.ratis.thirdparty.io.grpc.StatusRuntimeException: UNAVAILABLE: io exception
2021-01-09 14:08:24,459 [grpc-default-executor-3] WARN  server.GrpcLogAppender (GrpcLogAppender.java:resetClient(111)) - omNode-1@group-523986131536->omNode-3-GrpcLogAppender: Leader has not got in touch with Follower omNode-1@group-523986131536->omNode-3(c-1,m0,n133, attendVote=true, lastRpcSendTime=0, lastRpcResponseTime=26194) yet, just keep nextIndex unchanged and retry.
2021-01-09 14:08:24,566 [grpc-default-executor-3] WARN  server.GrpcLogAppender (LogUtils.java:warn(122)) - omNode-1@group-523986131536->omNode-3-AppendLogResponseHandler: Failed appendEntries: org.apache.ratis.thirdparty.io.grpc.StatusRuntimeException: UNAVAILABLE: io exception
2021-01-09 14:08:24,567 [grpc-default-executor-3] WARN  server.GrpcLogAppender (GrpcLogAppender.java:resetClient(111)) - omNode-1@group-523986131536->omNode-3-GrpcLogAppender: Leader has not got in touch with Follower omNode-1@group-523986131536->omNode-3(c-1,m0,n134, attendVote=true, lastRpcSendTime=108, lastRpcResponseTime=26302) yet, just keep nextIndex unchanged and retry.
2021-01-09 14:08:24,575 [grpc-default-executor-3] WARN  server.GrpcLogAppender (LogUtils.java:warn(122)) - omNode-1@group-523986131536->omNode-3-AppendLogResponseHandler: Failed appendEntries: org.apache.ratis.thirdparty.io.grpc.StatusRuntimeException: UNAVAILABLE: io exception
2021-01-09 14:08:24,575 [grpc-default-executor-3] WARN  server.GrpcLogAppender (GrpcLogAppender.java:resetClient(111)) - omNode-1@group-523986131536->omNode-3-GrpcLogAppender: Leader has not got in touch with Follower omNode-1@group-523986131536->omNode-3(c-1,m0,n135, attendVote=true, lastRpcSendTime=7, lastRpcResponseTime=26310) yet, just keep nextIndex unchanged and retry.
2021-01-09 14:08:24,587 [grpc-default-executor-3] WARN  server.GrpcLogAppender (LogUtils.java:warn(122)) - omNode-1@group-523986131536->omNode-3-AppendLogResponseHandler: Failed appendEntries: org.apache.ratis.thirdparty.io.grpc.StatusRuntimeException: UNAVAILABLE: io exception
2021-01-09 14:08:24,587 [grpc-default-executor-3] WARN  server.GrpcLogAppender (GrpcLogAppender.java:resetClient(111)) - omNode-1@group-523986131536->omNode-3-GrpcLogAppender: Leader has not got in touch with Follower omNode-1@group-523986131536->omNode-3(c-1,m0,n136, attendVote=true, lastRpcSendTime=0, lastRpcResponseTime=26322) yet, just keep nextIndex unchanged and retry.
2021-01-09 14:08:24,594 [grpc-default-executor-3] WARN  server.GrpcLogAppender (LogUtils.java:warn(122)) - omNode-1@group-523986131536->omNode-3-AppendLogResponseHandler: Failed appendEntries: org.apache.ratis.thirdparty.io.grpc.StatusRuntimeException: UNAVAILABLE: io exception
2021-01-09 14:08:24,594 [grpc-default-executor-3] WARN  server.GrpcLogAppender (GrpcLogAppender.java:resetClient(111)) - omNode-1@group-523986131536->omNode-3-GrpcLogAppender: Leader has not got in touch with Follower omNode-1@group-523986131536->omNode-3(c-1,m0,n137, attendVote=true, lastRpcSendTime=0, lastRpcResponseTime=26329) yet, just keep nextIndex unchanged and retry.
2021-01-09 14:08:24,699 [grpc-default-executor-3] WARN  server.GrpcLogAppender (LogUtils.java:warn(122)) - omNode-1@group-523986131536->omNode-3-AppendLogResponseHandler: Failed appendEntries: org.apache.ratis.thirdparty.io.grpc.StatusRuntimeException: UNAVAILABLE: io exception
2021-01-09 14:08:24,700 [grpc-default-executor-3] WARN  server.GrpcLogAppender (GrpcLogAppender.java:resetClient(111)) - omNode-1@group-523986131536->omNode-3-GrpcLogAppender: Leader has not got in touch with Follower omNode-1@group-523986131536->omNode-3(c-1,m0,n138, attendVote=true, lastRpcSendTime=0, lastRpcResponseTime=26435) yet, just keep nextIndex unchanged and retry.
2021-01-09 14:08:24,709 [grpc-default-executor-3] WARN  server.GrpcLogAppender (LogUtils.java:warn(122)) - omNode-1@group-523986131536->omNode-3-AppendLogResponseHandler: Failed appendEntries: org.apache.ratis.thirdparty.io.grpc.StatusRuntimeException: UNAVAILABLE: io exception
2021-01-09 14:08:24,710 [grpc-default-executor-3] WARN  server.GrpcLogAppender (GrpcLogAppender.java:resetClient(111)) - omNode-1@group-523986131536->omNode-3-GrpcLogAppender: Leader has not got in touch with Follower omNode-1@group-523986131536->omNode-3(c-1,m0,n139, attendVote=true, lastRpcSendTime=10, lastRpcResponseTime=26445) yet, just keep nextIndex unchanged and retry.
2021-01-09 14:08:24,718 [grpc-default-executor-3] WARN  server.GrpcLogAppender (LogUtils.java:warn(122)) - omNode-1@group-523986131536->omNode-3-AppendLogResponseHandler: Failed appendEntries: org.apache.ratis.thirdparty.io.grpc.StatusRuntimeException: UNAVAILABLE: io exception
2021-01-09 14:08:24,719 [grpc-default-executor-3] WARN  server.GrpcLogAppender (GrpcLogAppender.java:resetClient(111)) - omNode-1@group-523986131536->omNode-3-GrpcLogAppender: Leader has not got in touch with Follower omNode-1@group-523986131536->omNode-3(c-1,m0,n140, attendVote=true, lastRpcSendTime=0, lastRpcResponseTime=26454) yet, just keep nextIndex unchanged and retry.
2021-01-09 14:08:24,724 [grpc-default-executor-3] WARN  server.GrpcLogAppender (LogUtils.java:warn(122)) - omNode-1@group-523986131536->omNode-3-AppendLogResponseHandler: Failed appendEntries: org.apache.ratis.thirdparty.io.grpc.StatusRuntimeException: UNAVAILABLE: io exception
2021-01-09 14:08:24,724 [grpc-default-executor-3] WARN  server.GrpcLogAppender (GrpcLogAppender.java:resetClient(111)) - omNode-1@group-523986131536->omNode-3-GrpcLogAppender: Leader has not got in touch with Follower omNode-1@group-523986131536->omNode-3(c-1,m0,n141, attendVote=true, lastRpcSendTime=6, lastRpcResponseTime=26459) yet, just keep nextIndex unchanged and retry.
2021-01-09 14:08:24,844 [grpc-default-executor-3] WARN  server.GrpcLogAppender (LogUtils.java:warn(122)) - omNode-1@group-523986131536->omNode-3-AppendLogResponseHandler: Failed appendEntries: org.apache.ratis.thirdparty.io.grpc.StatusRuntimeException: UNAVAILABLE: io exception
2021-01-09 14:08:24,845 [grpc-default-executor-3] WARN  server.GrpcLogAppender (GrpcLogAppender.java:resetClient(111)) - omNode-1@group-523986131536->omNode-3-GrpcLogAppender: Leader has not got in touch with Follower omNode-1@group-523986131536->omNode-3(c-1,m0,n142, attendVote=true, lastRpcSendTime=1, lastRpcResponseTime=26580) yet, just keep nextIndex unchanged and retry.
2021-01-09 14:08:24,852 [grpc-default-executor-3] WARN  server.GrpcLogAppender (LogUtils.java:warn(122)) - omNode-1@group-523986131536->omNode-3-AppendLogResponseHandler: Failed appendEntries: org.apache.ratis.thirdparty.io.grpc.StatusRuntimeException: UNAVAILABLE: io exception
2021-01-09 14:08:24,852 [grpc-default-executor-3] WARN  server.GrpcLogAppender (GrpcLogAppender.java:resetClient(111)) - omNode-1@group-523986131536->omNode-3-GrpcLogAppender: Leader has not got in touch with Follower omNode-1@group-523986131536->omNode-3(c-1,m0,n143, attendVote=true, lastRpcSendTime=8, lastRpcResponseTime=26587) yet, just keep nextIndex unchanged and retry.
2021-01-09 14:08:24,878 [grpc-default-executor-2] WARN  server.GrpcLogAppender (LogUtils.java:warn(122)) - omNode-1@group-523986131536->omNode-3-AppendLogResponseHandler: Failed appendEntries: org.apache.ratis.thirdparty.io.grpc.StatusRuntimeException: UNAVAILABLE: io exception
2021-01-09 14:08:24,878 [grpc-default-executor-2] WARN  server.GrpcLogAppender (GrpcLogAppender.java:resetClient(111)) - omNode-1@group-523986131536->omNode-3-GrpcLogAppender: Leader has not got in touch with Follower omNode-1@group-523986131536->omNode-3(c-1,m0,n144, attendVote=true, lastRpcSendTime=25, lastRpcResponseTime=26613) yet, just keep nextIndex unchanged and retry.
2021-01-09 14:08:24,886 [grpc-default-executor-3] WARN  server.GrpcLogAppender (LogUtils.java:warn(122)) - omNode-1@group-523986131536->omNode-3-AppendLogResponseHandler: Failed appendEntries: org.apache.ratis.thirdparty.io.grpc.StatusRuntimeException: UNAVAILABLE: io exception
2021-01-09 14:08:24,886 [grpc-default-executor-3] WARN  server.GrpcLogAppender (GrpcLogAppender.java:resetClient(111)) - omNode-1@group-523986131536->omNode-3-GrpcLogAppender: Leader has not got in touch with Follower omNode-1@group-523986131536->omNode-3(c-1,m0,n145, attendVote=true, lastRpcSendTime=0, lastRpcResponseTime=26621) yet, just keep nextIndex unchanged and retry.
2021-01-09 14:08:24,990 [grpc-default-executor-2] WARN  server.GrpcLogAppender (LogUtils.java:warn(122)) - omNode-1@group-523986131536->omNode-3-AppendLogResponseHandler: Failed appendEntries: org.apache.ratis.thirdparty.io.grpc.StatusRuntimeException: UNAVAILABLE: io exception
2021-01-09 14:08:24,990 [grpc-default-executor-2] WARN  server.GrpcLogAppender (GrpcLogAppender.java:resetClient(111)) - omNode-1@group-523986131536->omNode-3-GrpcLogAppender: Leader has not got in touch with Follower omNode-1@group-523986131536->omNode-3(c-1,m0,n146, attendVote=true, lastRpcSendTime=0, lastRpcResponseTime=26725) yet, just keep nextIndex unchanged and retry.
2021-01-09 14:08:24,996 [grpc-default-executor-2] WARN  server.GrpcLogAppender (LogUtils.java:warn(122)) - omNode-1@group-523986131536->omNode-3-AppendLogResponseHandler: Failed appendEntries: org.apache.ratis.thirdparty.io.grpc.StatusRuntimeException: UNAVAILABLE: io exception
2021-01-09 14:08:24,996 [grpc-default-executor-2] WARN  server.GrpcLogAppender (GrpcLogAppender.java:resetClient(111)) - omNode-1@group-523986131536->omNode-3-GrpcLogAppender: Leader has not got in touch with Follower omNode-1@group-523986131536->omNode-3(c-1,m0,n147, attendVote=true, lastRpcSendTime=6, lastRpcResponseTime=26731) yet, just keep nextIndex unchanged and retry.
2021-01-09 14:08:25,012 [grpc-default-executor-3] WARN  server.GrpcLogAppender (LogUtils.java:warn(122)) - omNode-1@group-523986131536->omNode-3-AppendLogResponseHandler: Failed appendEntries: org.apache.ratis.thirdparty.io.grpc.StatusRuntimeException: UNAVAILABLE: io exception
2021-01-09 14:08:25,013 [grpc-default-executor-3] WARN  server.GrpcLogAppender (GrpcLogAppender.java:resetClient(111)) - omNode-1@group-523986131536->omNode-3-GrpcLogAppender: Leader has not got in touch with Follower omNode-1@group-523986131536->omNode-3(c-1,m0,n148, attendVote=true, lastRpcSendTime=0, lastRpcResponseTime=26748) yet, just keep nextIndex unchanged and retry.
2021-01-09 14:08:25,020 [grpc-default-executor-2] WARN  server.GrpcLogAppender (LogUtils.java:warn(122)) - omNode-1@group-523986131536->omNode-3-AppendLogResponseHandler: Failed appendEntries: org.apache.ratis.thirdparty.io.grpc.StatusRuntimeException: UNAVAILABLE: io exception
2021-01-09 14:08:25,020 [grpc-default-executor-2] WARN  server.GrpcLogAppender (GrpcLogAppender.java:resetClient(111)) - omNode-1@group-523986131536->omNode-3-GrpcLogAppender: Leader has not got in touch with Follower omNode-1@group-523986131536->omNode-3(c-1,m0,n149, attendVote=true, lastRpcSendTime=8, lastRpcResponseTime=26755) yet, just keep nextIndex unchanged and retry.
2021-01-09 14:08:25,024 [omNode-1@group-523986131536-StateMachineUpdater] INFO  ratis.OzoneManagerStateMachine (OzoneManagerStateMachine.java:takeSnapshot(345)) - Current Snapshot Index (t:3, i:148)
2021-01-09 14:08:25,024 [omNode-1@group-523986131536-StateMachineUpdater] INFO  impl.StateMachineUpdater (StateMachineUpdater.java:takeSnapshot(279)) - omNode-1@group-523986131536-StateMachineUpdater: Took a snapshot at index 148
2021-01-09 14:08:25,024 [omNode-1@group-523986131536-StateMachineUpdater] INFO  impl.StateMachineUpdater (StateMachineUpdater.java:lambda$new$0(88)) - omNode-1@group-523986131536-StateMachineUpdater: snapshotIndex: updateIncreasingly 98 -> 148
2021-01-09 14:08:25,024 [omNode-1@group-523986131536-StateMachineUpdater] INFO  raftlog.RaftLog (RaftLogBase.java:purge(306)) - omNode-1@group-523986131536-SegmentedRaftLog: purge 148
2021-01-09 14:08:25,024 [omNode-1@group-523986131536-StateMachineUpdater] INFO  raftlog.RaftLog (RaftLogBase.java:lambda$new$0(53)) - omNode-1@group-523986131536-SegmentedRaftLog: snapshotIndex: updateIncreasingly 98 -> 148
2021-01-09 14:08:25,024 [omNode-1@group-523986131536-StateMachineUpdater] INFO  raftlog.RaftLog (RaftLogBase.java:lambda$new$0(53)) - omNode-1@group-523986131536-SegmentedRaftLog: purgeIndex: updateToMax old=98, new=148, updated? true
2021-01-09 14:08:25,125 [grpc-default-executor-2] WARN  server.GrpcLogAppender (LogUtils.java:warn(122)) - omNode-1@group-523986131536->omNode-3-AppendLogResponseHandler: Failed appendEntries: org.apache.ratis.thirdparty.io.grpc.StatusRuntimeException: UNAVAILABLE: io exception
2021-01-09 14:08:25,126 [grpc-default-executor-2] WARN  server.GrpcLogAppender (GrpcLogAppender.java:resetClient(111)) - omNode-1@group-523986131536->omNode-3-GrpcLogAppender: Leader has not got in touch with Follower omNode-1@group-523986131536->omNode-3(c-1,m0,n150, attendVote=true, lastRpcSendTime=0, lastRpcResponseTime=26861) yet, just keep nextIndex unchanged and retry.
2021-01-09 14:08:25,131 [grpc-default-executor-2] WARN  server.GrpcLogAppender (LogUtils.java:warn(122)) - omNode-1@group-523986131536->omNode-3-AppendLogResponseHandler: Failed appendEntries: org.apache.ratis.thirdparty.io.grpc.StatusRuntimeException: UNAVAILABLE: io exception
2021-01-09 14:08:25,131 [grpc-default-executor-2] WARN  server.GrpcLogAppender (GrpcLogAppender.java:resetClient(111)) - omNode-1@group-523986131536->omNode-3-GrpcLogAppender: Leader has not got in touch with Follower omNode-1@group-523986131536->omNode-3(c-1,m0,n151, attendVote=true, lastRpcSendTime=6, lastRpcResponseTime=26866) yet, just keep nextIndex unchanged and retry.
2021-01-09 14:08:25,142 [omNode-2@group-523986131536-StateMachineUpdater] INFO  ratis.OzoneManagerStateMachine (OzoneManagerStateMachine.java:takeSnapshot(345)) - Current Snapshot Index (t:3, i:149)
2021-01-09 14:08:25,142 [omNode-2@group-523986131536-StateMachineUpdater] INFO  impl.StateMachineUpdater (StateMachineUpdater.java:takeSnapshot(279)) - omNode-2@group-523986131536-StateMachineUpdater: Took a snapshot at index 149
2021-01-09 14:08:25,142 [omNode-2@group-523986131536-StateMachineUpdater] INFO  impl.StateMachineUpdater (StateMachineUpdater.java:lambda$new$0(88)) - omNode-2@group-523986131536-StateMachineUpdater: snapshotIndex: updateIncreasingly 99 -> 149
2021-01-09 14:08:25,142 [omNode-2@group-523986131536-StateMachineUpdater] INFO  raftlog.RaftLog (RaftLogBase.java:purge(306)) - omNode-2@group-523986131536-SegmentedRaftLog: purge 149
2021-01-09 14:08:25,142 [omNode-2@group-523986131536-StateMachineUpdater] INFO  raftlog.RaftLog (RaftLogBase.java:lambda$new$0(53)) - omNode-2@group-523986131536-SegmentedRaftLog: snapshotIndex: updateIncreasingly 99 -> 149
2021-01-09 14:08:25,142 [omNode-2@group-523986131536-StateMachineUpdater] INFO  raftlog.RaftLog (RaftLogBase.java:lambda$new$0(53)) - omNode-2@group-523986131536-SegmentedRaftLog: purgeIndex: updateToMax old=99, new=149, updated? true
2021-01-09 14:08:25,152 [grpc-default-executor-3] WARN  server.GrpcLogAppender (LogUtils.java:warn(122)) - omNode-1@group-523986131536->omNode-3-AppendLogResponseHandler: Failed appendEntries: org.apache.ratis.thirdparty.io.grpc.StatusRuntimeException: UNAVAILABLE: io exception
2021-01-09 14:08:25,153 [grpc-default-executor-3] WARN  server.GrpcLogAppender (GrpcLogAppender.java:resetClient(111)) - omNode-1@group-523986131536->omNode-3-GrpcLogAppender: Leader has not got in touch with Follower omNode-1@group-523986131536->omNode-3(c-1,m0,n152, attendVote=true, lastRpcSendTime=0, lastRpcResponseTime=26888) yet, just keep nextIndex unchanged and retry.
2021-01-09 14:08:25,157 [grpc-default-executor-3] WARN  server.GrpcLogAppender (LogUtils.java:warn(122)) - omNode-1@group-523986131536->omNode-3-AppendLogResponseHandler: Failed appendEntries: org.apache.ratis.thirdparty.io.grpc.StatusRuntimeException: UNAVAILABLE: io exception
2021-01-09 14:08:25,157 [grpc-default-executor-3] WARN  server.GrpcLogAppender (GrpcLogAppender.java:resetClient(111)) - omNode-1@group-523986131536->omNode-3-GrpcLogAppender: Leader has not got in touch with Follower omNode-1@group-523986131536->omNode-3(c-1,m0,n153, attendVote=true, lastRpcSendTime=0, lastRpcResponseTime=26892) yet, just keep nextIndex unchanged and retry.
2021-01-09 14:08:25,260 [grpc-default-executor-3] WARN  server.GrpcLogAppender (LogUtils.java:warn(122)) - omNode-1@group-523986131536->omNode-3-AppendLogResponseHandler: Failed appendEntries: org.apache.ratis.thirdparty.io.grpc.StatusRuntimeException: UNAVAILABLE: io exception
2021-01-09 14:08:25,261 [grpc-default-executor-3] WARN  server.GrpcLogAppender (GrpcLogAppender.java:resetClient(111)) - omNode-1@group-523986131536->omNode-3-GrpcLogAppender: Leader has not got in touch with Follower omNode-1@group-523986131536->omNode-3(c-1,m0,n154, attendVote=true, lastRpcSendTime=0, lastRpcResponseTime=26996) yet, just keep nextIndex unchanged and retry.
2021-01-09 14:08:25,265 [grpc-default-executor-3] WARN  server.GrpcLogAppender (LogUtils.java:warn(122)) - omNode-1@group-523986131536->omNode-3-AppendLogResponseHandler: Failed appendEntries: org.apache.ratis.thirdparty.io.grpc.StatusRuntimeException: UNAVAILABLE: io exception
2021-01-09 14:08:25,265 [grpc-default-executor-3] WARN  server.GrpcLogAppender (GrpcLogAppender.java:resetClient(111)) - omNode-1@group-523986131536->omNode-3-GrpcLogAppender: Leader has not got in touch with Follower omNode-1@group-523986131536->omNode-3(c-1,m0,n155, attendVote=true, lastRpcSendTime=4, lastRpcResponseTime=27000) yet, just keep nextIndex unchanged and retry.
2021-01-09 14:08:25,283 [grpc-default-executor-3] WARN  server.GrpcLogAppender (LogUtils.java:warn(122)) - omNode-1@group-523986131536->omNode-3-AppendLogResponseHandler: Failed appendEntries: org.apache.ratis.thirdparty.io.grpc.StatusRuntimeException: UNAVAILABLE: io exception
2021-01-09 14:08:25,283 [grpc-default-executor-3] WARN  server.GrpcLogAppender (GrpcLogAppender.java:resetClient(111)) - omNode-1@group-523986131536->omNode-3-GrpcLogAppender: Leader has not got in touch with Follower omNode-1@group-523986131536->omNode-3(c-1,m0,n156, attendVote=true, lastRpcSendTime=0, lastRpcResponseTime=27018) yet, just keep nextIndex unchanged and retry.
2021-01-09 14:08:25,286 [grpc-default-executor-2] WARN  server.GrpcLogAppender (LogUtils.java:warn(122)) - omNode-1@group-523986131536->omNode-3-AppendLogResponseHandler: Failed appendEntries: org.apache.ratis.thirdparty.io.grpc.StatusRuntimeException: UNAVAILABLE: io exception
2021-01-09 14:08:25,287 [grpc-default-executor-2] WARN  server.GrpcLogAppender (GrpcLogAppender.java:resetClient(111)) - omNode-1@group-523986131536->omNode-3-GrpcLogAppender: Leader has not got in touch with Follower omNode-1@group-523986131536->omNode-3(c-1,m0,n157, attendVote=true, lastRpcSendTime=0, lastRpcResponseTime=27022) yet, just keep nextIndex unchanged and retry.
2021-01-09 14:08:25,391 [grpc-default-executor-2] WARN  server.GrpcLogAppender (LogUtils.java:warn(122)) - omNode-1@group-523986131536->omNode-3-AppendLogResponseHandler: Failed appendEntries: org.apache.ratis.thirdparty.io.grpc.StatusRuntimeException: UNAVAILABLE: io exception
2021-01-09 14:08:25,392 [grpc-default-executor-2] WARN  server.GrpcLogAppender (GrpcLogAppender.java:resetClient(111)) - omNode-1@group-523986131536->omNode-3-GrpcLogAppender: Leader has not got in touch with Follower omNode-1@group-523986131536->omNode-3(c-1,m0,n158, attendVote=true, lastRpcSendTime=0, lastRpcResponseTime=27127) yet, just keep nextIndex unchanged and retry.
2021-01-09 14:08:25,399 [grpc-default-executor-2] WARN  server.GrpcLogAppender (LogUtils.java:warn(122)) - omNode-1@group-523986131536->omNode-3-AppendLogResponseHandler: Failed appendEntries: org.apache.ratis.thirdparty.io.grpc.StatusRuntimeException: UNAVAILABLE: io exception
2021-01-09 14:08:25,399 [grpc-default-executor-2] WARN  server.GrpcLogAppender (GrpcLogAppender.java:resetClient(111)) - omNode-1@group-523986131536->omNode-3-GrpcLogAppender: Leader has not got in touch with Follower omNode-1@group-523986131536->omNode-3(c-1,m0,n159, attendVote=true, lastRpcSendTime=8, lastRpcResponseTime=27134) yet, just keep nextIndex unchanged and retry.
2021-01-09 14:08:25,416 [grpc-default-executor-2] WARN  server.GrpcLogAppender (LogUtils.java:warn(122)) - omNode-1@group-523986131536->omNode-3-AppendLogResponseHandler: Failed appendEntries: org.apache.ratis.thirdparty.io.grpc.StatusRuntimeException: UNAVAILABLE: io exception
2021-01-09 14:08:25,417 [grpc-default-executor-2] WARN  server.GrpcLogAppender (GrpcLogAppender.java:resetClient(111)) - omNode-1@group-523986131536->omNode-3-GrpcLogAppender: Leader has not got in touch with Follower omNode-1@group-523986131536->omNode-3(c-1,m0,n160, attendVote=true, lastRpcSendTime=0, lastRpcResponseTime=27152) yet, just keep nextIndex unchanged and retry.
2021-01-09 14:08:25,421 [grpc-default-executor-3] WARN  server.GrpcLogAppender (LogUtils.java:warn(122)) - omNode-1@group-523986131536->omNode-3-AppendLogResponseHandler: Failed appendEntries: org.apache.ratis.thirdparty.io.grpc.StatusRuntimeException: UNAVAILABLE: io exception
2021-01-09 14:08:25,421 [grpc-default-executor-3] WARN  server.GrpcLogAppender (GrpcLogAppender.java:resetClient(111)) - omNode-1@group-523986131536->omNode-3-GrpcLogAppender: Leader has not got in touch with Follower omNode-1@group-523986131536->omNode-3(c-1,m0,n161, attendVote=true, lastRpcSendTime=0, lastRpcResponseTime=27156) yet, just keep nextIndex unchanged and retry.
2021-01-09 14:08:25,526 [grpc-default-executor-3] WARN  server.GrpcLogAppender (LogUtils.java:warn(122)) - omNode-1@group-523986131536->omNode-3-AppendLogResponseHandler: Failed appendEntries: org.apache.ratis.thirdparty.io.grpc.StatusRuntimeException: UNAVAILABLE: io exception
2021-01-09 14:08:25,527 [grpc-default-executor-3] WARN  server.GrpcLogAppender (GrpcLogAppender.java:resetClient(111)) - omNode-1@group-523986131536->omNode-3-GrpcLogAppender: Leader has not got in touch with Follower omNode-1@group-523986131536->omNode-3(c-1,m0,n162, attendVote=true, lastRpcSendTime=0, lastRpcResponseTime=27262) yet, just keep nextIndex unchanged and retry.
2021-01-09 14:08:25,531 [grpc-default-executor-3] WARN  server.GrpcLogAppender (LogUtils.java:warn(122)) - omNode-1@group-523986131536->omNode-3-AppendLogResponseHandler: Failed appendEntries: org.apache.ratis.thirdparty.io.grpc.StatusRuntimeException: UNAVAILABLE: io exception
2021-01-09 14:08:25,532 [grpc-default-executor-3] WARN  server.GrpcLogAppender (GrpcLogAppender.java:resetClient(111)) - omNode-1@group-523986131536->omNode-3-GrpcLogAppender: Leader has not got in touch with Follower omNode-1@group-523986131536->omNode-3(c-1,m0,n163, attendVote=true, lastRpcSendTime=0, lastRpcResponseTime=27267) yet, just keep nextIndex unchanged and retry.
2021-01-09 14:08:25,556 [grpc-default-executor-2] WARN  server.GrpcLogAppender (LogUtils.java:warn(122)) - omNode-1@group-523986131536->omNode-3-AppendLogResponseHandler: Failed appendEntries: org.apache.ratis.thirdparty.io.grpc.StatusRuntimeException: UNAVAILABLE: io exception
2021-01-09 14:08:25,557 [grpc-default-executor-2] WARN  server.GrpcLogAppender (GrpcLogAppender.java:resetClient(111)) - omNode-1@group-523986131536->omNode-3-GrpcLogAppender: Leader has not got in touch with Follower omNode-1@group-523986131536->omNode-3(c-1,m0,n164, attendVote=true, lastRpcSendTime=25, lastRpcResponseTime=27292) yet, just keep nextIndex unchanged and retry.
2021-01-09 14:08:25,561 [grpc-default-executor-2] WARN  server.GrpcLogAppender (LogUtils.java:warn(122)) - omNode-1@group-523986131536->omNode-3-AppendLogResponseHandler: Failed appendEntries: org.apache.ratis.thirdparty.io.grpc.StatusRuntimeException: UNAVAILABLE: io exception
2021-01-09 14:08:25,561 [grpc-default-executor-2] WARN  server.GrpcLogAppender (GrpcLogAppender.java:resetClient(111)) - omNode-1@group-523986131536->omNode-3-GrpcLogAppender: Leader has not got in touch with Follower omNode-1@group-523986131536->omNode-3(c-1,m0,n165, attendVote=true, lastRpcSendTime=0, lastRpcResponseTime=27296) yet, just keep nextIndex unchanged and retry.
2021-01-09 14:08:25,666 [grpc-default-executor-3] WARN  server.GrpcLogAppender (LogUtils.java:warn(122)) - omNode-1@group-523986131536->omNode-3-AppendLogResponseHandler: Failed appendEntries: org.apache.ratis.thirdparty.io.grpc.StatusRuntimeException: UNAVAILABLE: io exception
2021-01-09 14:08:25,667 [grpc-default-executor-3] WARN  server.GrpcLogAppender (GrpcLogAppender.java:resetClient(111)) - omNode-1@group-523986131536->omNode-3-GrpcLogAppender: Leader has not got in touch with Follower omNode-1@group-523986131536->omNode-3(c-1,m0,n166, attendVote=true, lastRpcSendTime=106, lastRpcResponseTime=27402) yet, just keep nextIndex unchanged and retry.
2021-01-09 14:08:25,671 [grpc-default-executor-3] WARN  server.GrpcLogAppender (LogUtils.java:warn(122)) - omNode-1@group-523986131536->omNode-3-AppendLogResponseHandler: Failed appendEntries: org.apache.ratis.thirdparty.io.grpc.StatusRuntimeException: UNAVAILABLE: io exception
2021-01-09 14:08:25,671 [grpc-default-executor-3] WARN  server.GrpcLogAppender (GrpcLogAppender.java:resetClient(111)) - omNode-1@group-523986131536->omNode-3-GrpcLogAppender: Leader has not got in touch with Follower omNode-1@group-523986131536->omNode-3(c-1,m0,n167, attendVote=true, lastRpcSendTime=4, lastRpcResponseTime=27406) yet, just keep nextIndex unchanged and retry.
2021-01-09 14:08:25,689 [grpc-default-executor-2] WARN  server.GrpcLogAppender (LogUtils.java:warn(122)) - omNode-1@group-523986131536->omNode-3-AppendLogResponseHandler: Failed appendEntries: org.apache.ratis.thirdparty.io.grpc.StatusRuntimeException: UNAVAILABLE: io exception
2021-01-09 14:08:25,690 [grpc-default-executor-2] WARN  server.GrpcLogAppender (GrpcLogAppender.java:resetClient(111)) - omNode-1@group-523986131536->omNode-3-GrpcLogAppender: Leader has not got in touch with Follower omNode-1@group-523986131536->omNode-3(c-1,m0,n168, attendVote=true, lastRpcSendTime=0, lastRpcResponseTime=27425) yet, just keep nextIndex unchanged and retry.
2021-01-09 14:08:25,694 [grpc-default-executor-2] WARN  server.GrpcLogAppender (LogUtils.java:warn(122)) - omNode-1@group-523986131536->omNode-3-AppendLogResponseHandler: Failed appendEntries: org.apache.ratis.thirdparty.io.grpc.StatusRuntimeException: UNAVAILABLE: io exception
2021-01-09 14:08:25,694 [grpc-default-executor-2] WARN  server.GrpcLogAppender (GrpcLogAppender.java:resetClient(111)) - omNode-1@group-523986131536->omNode-3-GrpcLogAppender: Leader has not got in touch with Follower omNode-1@group-523986131536->omNode-3(c-1,m0,n169, attendVote=true, lastRpcSendTime=0, lastRpcResponseTime=27429) yet, just keep nextIndex unchanged and retry.
2021-01-09 14:08:25,800 [grpc-default-executor-2] WARN  server.GrpcLogAppender (LogUtils.java:warn(122)) - omNode-1@group-523986131536->omNode-3-AppendLogResponseHandler: Failed appendEntries: org.apache.ratis.thirdparty.io.grpc.StatusRuntimeException: UNAVAILABLE: io exception
2021-01-09 14:08:25,800 [grpc-default-executor-2] WARN  server.GrpcLogAppender (GrpcLogAppender.java:resetClient(111)) - omNode-1@group-523986131536->omNode-3-GrpcLogAppender: Leader has not got in touch with Follower omNode-1@group-523986131536->omNode-3(c-1,m0,n170, attendVote=true, lastRpcSendTime=0, lastRpcResponseTime=27535) yet, just keep nextIndex unchanged and retry.
2021-01-09 14:08:25,808 [grpc-default-executor-2] WARN  server.GrpcLogAppender (LogUtils.java:warn(122)) - omNode-1@group-523986131536->omNode-3-AppendLogResponseHandler: Failed appendEntries: org.apache.ratis.thirdparty.io.grpc.StatusRuntimeException: UNAVAILABLE: io exception
2021-01-09 14:08:25,809 [grpc-default-executor-2] WARN  server.GrpcLogAppender (GrpcLogAppender.java:resetClient(111)) - omNode-1@group-523986131536->omNode-3-GrpcLogAppender: Leader has not got in touch with Follower omNode-1@group-523986131536->omNode-3(c-1,m0,n171, attendVote=true, lastRpcSendTime=1, lastRpcResponseTime=27544) yet, just keep nextIndex unchanged and retry.
2021-01-09 14:08:25,831 [grpc-default-executor-0] WARN  server.GrpcLogAppender (LogUtils.java:warn(122)) - omNode-1@group-523986131536->omNode-3-AppendLogResponseHandler: Failed appendEntries: org.apache.ratis.thirdparty.io.grpc.StatusRuntimeException: UNAVAILABLE: io exception
2021-01-09 14:08:25,831 [grpc-default-executor-0] WARN  server.GrpcLogAppender (GrpcLogAppender.java:resetClient(111)) - omNode-1@group-523986131536->omNode-3-GrpcLogAppender: Leader has not got in touch with Follower omNode-1@group-523986131536->omNode-3(c-1,m0,n173, attendVote=true, lastRpcSendTime=23, lastRpcResponseTime=27566) yet, just keep nextIndex unchanged and retry.
2021-01-09 14:08:25,933 [grpc-default-executor-3] WARN  server.GrpcLogAppender (LogUtils.java:warn(122)) - omNode-1@group-523986131536->omNode-3-AppendLogResponseHandler: Failed appendEntries: org.apache.ratis.thirdparty.io.grpc.StatusRuntimeException: UNAVAILABLE: io exception
2021-01-09 14:08:25,934 [grpc-default-executor-3] WARN  server.GrpcLogAppender (GrpcLogAppender.java:resetClient(111)) - omNode-1@group-523986131536->omNode-3-GrpcLogAppender: Leader has not got in touch with Follower omNode-1@group-523986131536->omNode-3(c-1,m0,n174, attendVote=true, lastRpcSendTime=0, lastRpcResponseTime=27669) yet, just keep nextIndex unchanged and retry.
2021-01-09 14:08:25,938 [grpc-default-executor-3] WARN  server.GrpcLogAppender (LogUtils.java:warn(122)) - omNode-1@group-523986131536->omNode-3-AppendLogResponseHandler: Failed appendEntries: org.apache.ratis.thirdparty.io.grpc.StatusRuntimeException: UNAVAILABLE: io exception
2021-01-09 14:08:25,938 [grpc-default-executor-3] WARN  server.GrpcLogAppender (GrpcLogAppender.java:resetClient(111)) - omNode-1@group-523986131536->omNode-3-GrpcLogAppender: Leader has not got in touch with Follower omNode-1@group-523986131536->omNode-3(c-1,m0,n175, attendVote=true, lastRpcSendTime=0, lastRpcResponseTime=27673) yet, just keep nextIndex unchanged and retry.
2021-01-09 14:08:25,945 [grpc-default-executor-0] WARN  server.GrpcLogAppender (LogUtils.java:warn(122)) - omNode-1@group-523986131536->omNode-3-AppendLogResponseHandler: Failed appendEntries: org.apache.ratis.thirdparty.io.grpc.StatusRuntimeException: UNAVAILABLE: io exception
2021-01-09 14:08:25,946 [grpc-default-executor-0] WARN  server.GrpcLogAppender (GrpcLogAppender.java:resetClient(111)) - omNode-1@group-523986131536->omNode-3-GrpcLogAppender: Leader has not got in touch with Follower omNode-1@group-523986131536->omNode-3(c-1,m0,n176, attendVote=true, lastRpcSendTime=0, lastRpcResponseTime=27681) yet, just keep nextIndex unchanged and retry.
2021-01-09 14:08:25,948 [grpc-default-executor-0] WARN  server.GrpcLogAppender (LogUtils.java:warn(122)) - omNode-1@group-523986131536->omNode-3-AppendLogResponseHandler: Failed appendEntries: org.apache.ratis.thirdparty.io.grpc.StatusRuntimeException: UNAVAILABLE: io exception
2021-01-09 14:08:25,949 [grpc-default-executor-0] WARN  server.GrpcLogAppender (GrpcLogAppender.java:resetClient(111)) - omNode-1@group-523986131536->omNode-3-GrpcLogAppender: Leader has not got in touch with Follower omNode-1@group-523986131536->omNode-3(c-1,m0,n177, attendVote=true, lastRpcSendTime=3, lastRpcResponseTime=27684) yet, just keep nextIndex unchanged and retry.
2021-01-09 14:08:26,070 [grpc-default-executor-3] WARN  server.GrpcLogAppender (LogUtils.java:warn(122)) - omNode-1@group-523986131536->omNode-3-AppendLogResponseHandler: Failed appendEntries: org.apache.ratis.thirdparty.io.grpc.StatusRuntimeException: UNAVAILABLE: io exception
2021-01-09 14:08:26,071 [grpc-default-executor-3] WARN  server.GrpcLogAppender (GrpcLogAppender.java:resetClient(111)) - omNode-1@group-523986131536->omNode-3-GrpcLogAppender: Leader has not got in touch with Follower omNode-1@group-523986131536->omNode-3(c-1,m0,n178, attendVote=true, lastRpcSendTime=121, lastRpcResponseTime=27806) yet, just keep nextIndex unchanged and retry.
2021-01-09 14:08:26,081 [grpc-default-executor-3] WARN  server.GrpcLogAppender (LogUtils.java:warn(122)) - omNode-1@group-523986131536->omNode-3-AppendLogResponseHandler: Failed appendEntries: org.apache.ratis.thirdparty.io.grpc.StatusRuntimeException: UNAVAILABLE: io exception
2021-01-09 14:08:26,081 [grpc-default-executor-3] WARN  server.GrpcLogAppender (GrpcLogAppender.java:resetClient(111)) - omNode-1@group-523986131536->omNode-3-GrpcLogAppender: Leader has not got in touch with Follower omNode-1@group-523986131536->omNode-3(c-1,m0,n179, attendVote=true, lastRpcSendTime=0, lastRpcResponseTime=27816) yet, just keep nextIndex unchanged and retry.
2021-01-09 14:08:26,104 [grpc-default-executor-0] WARN  server.GrpcLogAppender (LogUtils.java:warn(122)) - omNode-1@group-523986131536->omNode-3-AppendLogResponseHandler: Failed appendEntries: org.apache.ratis.thirdparty.io.grpc.StatusRuntimeException: UNAVAILABLE: io exception
2021-01-09 14:08:26,105 [grpc-default-executor-0] WARN  server.GrpcLogAppender (GrpcLogAppender.java:resetClient(111)) - omNode-1@group-523986131536->omNode-3-GrpcLogAppender: Leader has not got in touch with Follower omNode-1@group-523986131536->omNode-3(c-1,m0,n180, attendVote=true, lastRpcSendTime=0, lastRpcResponseTime=27840) yet, just keep nextIndex unchanged and retry.
2021-01-09 14:08:26,108 [grpc-default-executor-0] WARN  server.GrpcLogAppender (LogUtils.java:warn(122)) - omNode-1@group-523986131536->omNode-3-AppendLogResponseHandler: Failed appendEntries: org.apache.ratis.thirdparty.io.grpc.StatusRuntimeException: UNAVAILABLE: io exception
2021-01-09 14:08:26,109 [grpc-default-executor-0] WARN  server.GrpcLogAppender (GrpcLogAppender.java:resetClient(111)) - omNode-1@group-523986131536->omNode-3-GrpcLogAppender: Leader has not got in touch with Follower omNode-1@group-523986131536->omNode-3(c-1,m0,n181, attendVote=true, lastRpcSendTime=0, lastRpcResponseTime=27844) yet, just keep nextIndex unchanged and retry.
2021-01-09 14:08:26,214 [grpc-default-executor-0] WARN  server.GrpcLogAppender (LogUtils.java:warn(122)) - omNode-1@group-523986131536->omNode-3-AppendLogResponseHandler: Failed appendEntries: org.apache.ratis.thirdparty.io.grpc.StatusRuntimeException: UNAVAILABLE: io exception
2021-01-09 14:08:26,214 [grpc-default-executor-0] WARN  server.GrpcLogAppender (GrpcLogAppender.java:resetClient(111)) - omNode-1@group-523986131536->omNode-3-GrpcLogAppender: Leader has not got in touch with Follower omNode-1@group-523986131536->omNode-3(c-1,m0,n182, attendVote=true, lastRpcSendTime=0, lastRpcResponseTime=27949) yet, just keep nextIndex unchanged and retry.
2021-01-09 14:08:26,219 [grpc-default-executor-0] WARN  server.GrpcLogAppender (LogUtils.java:warn(122)) - omNode-1@group-523986131536->omNode-3-AppendLogResponseHandler: Failed appendEntries: org.apache.ratis.thirdparty.io.grpc.StatusRuntimeException: UNAVAILABLE: io exception
2021-01-09 14:08:26,219 [grpc-default-executor-0] WARN  server.GrpcLogAppender (GrpcLogAppender.java:resetClient(111)) - omNode-1@group-523986131536->omNode-3-GrpcLogAppender: Leader has not got in touch with Follower omNode-1@group-523986131536->omNode-3(c-1,m0,n183, attendVote=true, lastRpcSendTime=0, lastRpcResponseTime=27954) yet, just keep nextIndex unchanged and retry.
2021-01-09 14:08:26,235 [grpc-default-executor-0] WARN  server.GrpcLogAppender (LogUtils.java:warn(122)) - omNode-1@group-523986131536->omNode-3-AppendLogResponseHandler: Failed appendEntries: org.apache.ratis.thirdparty.io.grpc.StatusRuntimeException: UNAVAILABLE: io exception
2021-01-09 14:08:26,235 [grpc-default-executor-0] WARN  server.GrpcLogAppender (GrpcLogAppender.java:resetClient(111)) - omNode-1@group-523986131536->omNode-3-GrpcLogAppender: Leader has not got in touch with Follower omNode-1@group-523986131536->omNode-3(c-1,m0,n184, attendVote=true, lastRpcSendTime=0, lastRpcResponseTime=27970) yet, just keep nextIndex unchanged and retry.
2021-01-09 14:08:26,240 [grpc-default-executor-0] WARN  server.GrpcLogAppender (LogUtils.java:warn(122)) - omNode-1@group-523986131536->omNode-3-AppendLogResponseHandler: Failed appendEntries: org.apache.ratis.thirdparty.io.grpc.StatusRuntimeException: UNAVAILABLE: io exception
2021-01-09 14:08:26,241 [grpc-default-executor-0] WARN  server.GrpcLogAppender (GrpcLogAppender.java:resetClient(111)) - omNode-1@group-523986131536->omNode-3-GrpcLogAppender: Leader has not got in touch with Follower omNode-1@group-523986131536->omNode-3(c-1,m0,n185, attendVote=true, lastRpcSendTime=1, lastRpcResponseTime=27976) yet, just keep nextIndex unchanged and retry.
2021-01-09 14:08:26,345 [grpc-default-executor-0] WARN  server.GrpcLogAppender (LogUtils.java:warn(122)) - omNode-1@group-523986131536->omNode-3-AppendLogResponseHandler: Failed appendEntries: org.apache.ratis.thirdparty.io.grpc.StatusRuntimeException: UNAVAILABLE: io exception
2021-01-09 14:08:26,345 [grpc-default-executor-0] WARN  server.GrpcLogAppender (GrpcLogAppender.java:resetClient(111)) - omNode-1@group-523986131536->omNode-3-GrpcLogAppender: Leader has not got in touch with Follower omNode-1@group-523986131536->omNode-3(c-1,m0,n186, attendVote=true, lastRpcSendTime=0, lastRpcResponseTime=28080) yet, just keep nextIndex unchanged and retry.
2021-01-09 14:08:26,352 [grpc-default-executor-0] WARN  server.GrpcLogAppender (LogUtils.java:warn(122)) - omNode-1@group-523986131536->omNode-3-AppendLogResponseHandler: Failed appendEntries: org.apache.ratis.thirdparty.io.grpc.StatusRuntimeException: UNAVAILABLE: io exception
2021-01-09 14:08:26,352 [grpc-default-executor-0] WARN  server.GrpcLogAppender (GrpcLogAppender.java:resetClient(111)) - omNode-1@group-523986131536->omNode-3-GrpcLogAppender: Leader has not got in touch with Follower omNode-1@group-523986131536->omNode-3(c-1,m0,n187, attendVote=true, lastRpcSendTime=1, lastRpcResponseTime=28087) yet, just keep nextIndex unchanged and retry.
2021-01-09 14:08:26,366 [grpc-default-executor-3] WARN  server.GrpcLogAppender (LogUtils.java:warn(122)) - omNode-1@group-523986131536->omNode-3-AppendLogResponseHandler: Failed appendEntries: org.apache.ratis.thirdparty.io.grpc.StatusRuntimeException: UNAVAILABLE: io exception
2021-01-09 14:08:26,367 [grpc-default-executor-3] WARN  server.GrpcLogAppender (GrpcLogAppender.java:resetClient(111)) - omNode-1@group-523986131536->omNode-3-GrpcLogAppender: Leader has not got in touch with Follower omNode-1@group-523986131536->omNode-3(c-1,m0,n188, attendVote=true, lastRpcSendTime=15, lastRpcResponseTime=28102) yet, just keep nextIndex unchanged and retry.
2021-01-09 14:08:26,376 [grpc-default-executor-3] WARN  server.GrpcLogAppender (LogUtils.java:warn(122)) - omNode-1@group-523986131536->omNode-3-AppendLogResponseHandler: Failed appendEntries: org.apache.ratis.thirdparty.io.grpc.StatusRuntimeException: UNAVAILABLE: io exception
2021-01-09 14:08:26,376 [grpc-default-executor-3] WARN  server.GrpcLogAppender (GrpcLogAppender.java:resetClient(111)) - omNode-1@group-523986131536->omNode-3-GrpcLogAppender: Leader has not got in touch with Follower omNode-1@group-523986131536->omNode-3(c-1,m0,n189, attendVote=true, lastRpcSendTime=8, lastRpcResponseTime=28111) yet, just keep nextIndex unchanged and retry.
2021-01-09 14:08:26,480 [grpc-default-executor-3] WARN  server.GrpcLogAppender (LogUtils.java:warn(122)) - omNode-1@group-523986131536->omNode-3-AppendLogResponseHandler: Failed appendEntries: org.apache.ratis.thirdparty.io.grpc.StatusRuntimeException: UNAVAILABLE: io exception
2021-01-09 14:08:26,480 [grpc-default-executor-3] WARN  server.GrpcLogAppender (GrpcLogAppender.java:resetClient(111)) - omNode-1@group-523986131536->omNode-3-GrpcLogAppender: Leader has not got in touch with Follower omNode-1@group-523986131536->omNode-3(c-1,m0,n190, attendVote=true, lastRpcSendTime=0, lastRpcResponseTime=28215) yet, just keep nextIndex unchanged and retry.
2021-01-09 14:08:26,491 [grpc-default-executor-3] WARN  server.GrpcLogAppender (LogUtils.java:warn(122)) - omNode-1@group-523986131536->omNode-3-AppendLogResponseHandler: Failed appendEntries: org.apache.ratis.thirdparty.io.grpc.StatusRuntimeException: UNAVAILABLE: io exception
2021-01-09 14:08:26,491 [grpc-default-executor-3] WARN  server.GrpcLogAppender (GrpcLogAppender.java:resetClient(111)) - omNode-1@group-523986131536->omNode-3-GrpcLogAppender: Leader has not got in touch with Follower omNode-1@group-523986131536->omNode-3(c-1,m0,n191, attendVote=true, lastRpcSendTime=2, lastRpcResponseTime=28226) yet, just keep nextIndex unchanged and retry.
2021-01-09 14:08:26,499 [grpc-default-executor-3] WARN  server.GrpcLogAppender (LogUtils.java:warn(122)) - omNode-1@group-523986131536->omNode-3-AppendLogResponseHandler: Failed appendEntries: org.apache.ratis.thirdparty.io.grpc.StatusRuntimeException: UNAVAILABLE: io exception
2021-01-09 14:08:26,499 [grpc-default-executor-3] WARN  server.GrpcLogAppender (GrpcLogAppender.java:resetClient(111)) - omNode-1@group-523986131536->omNode-3-GrpcLogAppender: Leader has not got in touch with Follower omNode-1@group-523986131536->omNode-3(c-1,m0,n192, attendVote=true, lastRpcSendTime=0, lastRpcResponseTime=28234) yet, just keep nextIndex unchanged and retry.
2021-01-09 14:08:26,510 [grpc-default-executor-0] WARN  server.GrpcLogAppender (LogUtils.java:warn(122)) - omNode-1@group-523986131536->omNode-3-AppendLogResponseHandler: Failed appendEntries: org.apache.ratis.thirdparty.io.grpc.StatusRuntimeException: UNAVAILABLE: io exception
2021-01-09 14:08:26,510 [grpc-default-executor-0] WARN  server.GrpcLogAppender (GrpcLogAppender.java:resetClient(111)) - omNode-1@group-523986131536->omNode-3-GrpcLogAppender: Leader has not got in touch with Follower omNode-1@group-523986131536->omNode-3(c-1,m0,n193, attendVote=true, lastRpcSendTime=0, lastRpcResponseTime=28245) yet, just keep nextIndex unchanged and retry.
2021-01-09 14:08:26,614 [grpc-default-executor-0] WARN  server.GrpcLogAppender (LogUtils.java:warn(122)) - omNode-1@group-523986131536->omNode-3-AppendLogResponseHandler: Failed appendEntries: org.apache.ratis.thirdparty.io.grpc.StatusRuntimeException: UNAVAILABLE: io exception
2021-01-09 14:08:26,615 [grpc-default-executor-0] WARN  server.GrpcLogAppender (GrpcLogAppender.java:resetClient(111)) - omNode-1@group-523986131536->omNode-3-GrpcLogAppender: Leader has not got in touch with Follower omNode-1@group-523986131536->omNode-3(c-1,m0,n194, attendVote=true, lastRpcSendTime=1, lastRpcResponseTime=28350) yet, just keep nextIndex unchanged and retry.
2021-01-09 14:08:26,619 [grpc-default-executor-0] WARN  server.GrpcLogAppender (LogUtils.java:warn(122)) - omNode-1@group-523986131536->omNode-3-AppendLogResponseHandler: Failed appendEntries: org.apache.ratis.thirdparty.io.grpc.StatusRuntimeException: UNAVAILABLE: io exception
2021-01-09 14:08:26,620 [grpc-default-executor-0] WARN  server.GrpcLogAppender (GrpcLogAppender.java:resetClient(111)) - omNode-1@group-523986131536->omNode-3-GrpcLogAppender: Leader has not got in touch with Follower omNode-1@group-523986131536->omNode-3(c-1,m0,n195, attendVote=true, lastRpcSendTime=0, lastRpcResponseTime=28355) yet, just keep nextIndex unchanged and retry.
2021-01-09 14:08:26,636 [grpc-default-executor-0] WARN  server.GrpcLogAppender (LogUtils.java:warn(122)) - omNode-1@group-523986131536->omNode-3-AppendLogResponseHandler: Failed appendEntries: org.apache.ratis.thirdparty.io.grpc.StatusRuntimeException: UNAVAILABLE: io exception
2021-01-09 14:08:26,636 [grpc-default-executor-0] WARN  server.GrpcLogAppender (GrpcLogAppender.java:resetClient(111)) - omNode-1@group-523986131536->omNode-3-GrpcLogAppender: Leader has not got in touch with Follower omNode-1@group-523986131536->omNode-3(c-1,m0,n196, attendVote=true, lastRpcSendTime=0, lastRpcResponseTime=28372) yet, just keep nextIndex unchanged and retry.
2021-01-09 14:08:26,642 [grpc-default-executor-3] WARN  server.GrpcLogAppender (LogUtils.java:warn(122)) - omNode-1@group-523986131536->omNode-3-AppendLogResponseHandler: Failed appendEntries: org.apache.ratis.thirdparty.io.grpc.StatusRuntimeException: UNAVAILABLE: io exception
2021-01-09 14:08:26,642 [grpc-default-executor-3] WARN  server.GrpcLogAppender (GrpcLogAppender.java:resetClient(111)) - omNode-1@group-523986131536->omNode-3-GrpcLogAppender: Leader has not got in touch with Follower omNode-1@group-523986131536->omNode-3(c-1,m0,n197, attendVote=true, lastRpcSendTime=0, lastRpcResponseTime=28377) yet, just keep nextIndex unchanged and retry.
2021-01-09 14:08:26,750 [grpc-default-executor-3] WARN  server.GrpcLogAppender (LogUtils.java:warn(122)) - omNode-1@group-523986131536->omNode-3-AppendLogResponseHandler: Failed appendEntries: org.apache.ratis.thirdparty.io.grpc.StatusRuntimeException: UNAVAILABLE: io exception
2021-01-09 14:08:26,751 [grpc-default-executor-3] WARN  server.GrpcLogAppender (GrpcLogAppender.java:resetClient(111)) - omNode-1@group-523986131536->omNode-3-GrpcLogAppender: Leader has not got in touch with Follower omNode-1@group-523986131536->omNode-3(c-1,m0,n198, attendVote=true, lastRpcSendTime=0, lastRpcResponseTime=28486) yet, just keep nextIndex unchanged and retry.
2021-01-09 14:08:26,753 [grpc-default-executor-3] WARN  server.GrpcLogAppender (LogUtils.java:warn(122)) - omNode-1@group-523986131536->omNode-3-AppendLogResponseHandler: Failed appendEntries: org.apache.ratis.thirdparty.io.grpc.StatusRuntimeException: UNAVAILABLE: io exception
2021-01-09 14:08:26,753 [grpc-default-executor-3] WARN  server.GrpcLogAppender (GrpcLogAppender.java:resetClient(111)) - omNode-1@group-523986131536->omNode-3-GrpcLogAppender: Leader has not got in touch with Follower omNode-1@group-523986131536->omNode-3(c-1,m0,n199, attendVote=true, lastRpcSendTime=3, lastRpcResponseTime=28488) yet, just keep nextIndex unchanged and retry.
2021-01-09 14:08:26,765 [omNode-1@group-523986131536-StateMachineUpdater] INFO  ratis.OzoneManagerStateMachine (OzoneManagerStateMachine.java:takeSnapshot(345)) - Current Snapshot Index (t:3, i:198)
2021-01-09 14:08:26,765 [omNode-1@group-523986131536-StateMachineUpdater] INFO  impl.StateMachineUpdater (StateMachineUpdater.java:takeSnapshot(279)) - omNode-1@group-523986131536-StateMachineUpdater: Took a snapshot at index 198
2021-01-09 14:08:26,765 [omNode-1@group-523986131536-StateMachineUpdater] INFO  impl.StateMachineUpdater (StateMachineUpdater.java:lambda$new$0(88)) - omNode-1@group-523986131536-StateMachineUpdater: snapshotIndex: updateIncreasingly 148 -> 198
2021-01-09 14:08:26,765 [omNode-1@group-523986131536-StateMachineUpdater] INFO  raftlog.RaftLog (RaftLogBase.java:purge(306)) - omNode-1@group-523986131536-SegmentedRaftLog: purge 198
2021-01-09 14:08:26,765 [omNode-1@group-523986131536-StateMachineUpdater] INFO  raftlog.RaftLog (RaftLogBase.java:lambda$new$0(53)) - omNode-1@group-523986131536-SegmentedRaftLog: snapshotIndex: updateIncreasingly 148 -> 198
2021-01-09 14:08:26,765 [omNode-1@group-523986131536-StateMachineUpdater] INFO  raftlog.RaftLog (RaftLogBase.java:lambda$new$0(53)) - omNode-1@group-523986131536-SegmentedRaftLog: purgeIndex: updateToMax old=148, new=198, updated? true
2021-01-09 14:08:26,770 [grpc-default-executor-3] WARN  server.GrpcLogAppender (LogUtils.java:warn(122)) - omNode-1@group-523986131536->omNode-3-AppendLogResponseHandler: Failed appendEntries: org.apache.ratis.thirdparty.io.grpc.StatusRuntimeException: UNAVAILABLE: io exception
2021-01-09 14:08:26,770 [grpc-default-executor-3] WARN  server.GrpcLogAppender (GrpcLogAppender.java:resetClient(111)) - omNode-1@group-523986131536->omNode-3-GrpcLogAppender: Leader has not got in touch with Follower omNode-1@group-523986131536->omNode-3(c-1,m0,n200, attendVote=true, lastRpcSendTime=16, lastRpcResponseTime=28505) yet, just keep nextIndex unchanged and retry.
2021-01-09 14:08:26,773 [grpc-default-executor-3] WARN  server.GrpcLogAppender (LogUtils.java:warn(122)) - omNode-1@group-523986131536->omNode-3-AppendLogResponseHandler: Failed appendEntries: org.apache.ratis.thirdparty.io.grpc.StatusRuntimeException: UNAVAILABLE: io exception
2021-01-09 14:08:26,774 [grpc-default-executor-3] WARN  server.GrpcLogAppender (GrpcLogAppender.java:resetClient(111)) - omNode-1@group-523986131536->omNode-3-GrpcLogAppender: Leader has not got in touch with Follower omNode-1@group-523986131536->omNode-3(c-1,m0,n201, attendVote=true, lastRpcSendTime=3, lastRpcResponseTime=28509) yet, just keep nextIndex unchanged and retry.
2021-01-09 14:08:26,780 [omNode-2@group-523986131536-StateMachineUpdater] INFO  ratis.OzoneManagerStateMachine (OzoneManagerStateMachine.java:takeSnapshot(345)) - Current Snapshot Index (t:3, i:199)
2021-01-09 14:08:26,780 [omNode-2@group-523986131536-StateMachineUpdater] INFO  impl.StateMachineUpdater (StateMachineUpdater.java:takeSnapshot(279)) - omNode-2@group-523986131536-StateMachineUpdater: Took a snapshot at index 199
2021-01-09 14:08:26,780 [omNode-2@group-523986131536-StateMachineUpdater] INFO  impl.StateMachineUpdater (StateMachineUpdater.java:lambda$new$0(88)) - omNode-2@group-523986131536-StateMachineUpdater: snapshotIndex: updateIncreasingly 149 -> 199
2021-01-09 14:08:26,781 [omNode-2@group-523986131536-StateMachineUpdater] INFO  raftlog.RaftLog (RaftLogBase.java:purge(306)) - omNode-2@group-523986131536-SegmentedRaftLog: purge 199
2021-01-09 14:08:26,781 [omNode-2@group-523986131536-StateMachineUpdater] INFO  raftlog.RaftLog (RaftLogBase.java:lambda$new$0(53)) - omNode-2@group-523986131536-SegmentedRaftLog: snapshotIndex: updateIncreasingly 149 -> 199
2021-01-09 14:08:26,781 [omNode-2@group-523986131536-StateMachineUpdater] INFO  raftlog.RaftLog (RaftLogBase.java:lambda$new$0(53)) - omNode-2@group-523986131536-SegmentedRaftLog: purgeIndex: updateToMax old=149, new=199, updated? true
2021-01-09 14:08:26,892 [Listener at 127.0.0.1/11780] INFO  db.RDBCheckpointManager (RDBCheckpointManager.java:createCheckpoint(86)) - Created checkpoint at /github/workspace/mnt/ozone/hadoop-ozone/integration-test/target/test-dir/MiniOzoneClusterImpl-8961eb2b-7999-4159-8884-2a1a29aa57c4/omNode-1/db.checkpoints/rdb_rdb_checkpoint_1610201306876 in 16 milliseconds
2021-01-09 14:08:26,894 [Listener at 127.0.0.1/11780] INFO  impl.MetricsSystemImpl (MetricsSystemImpl.java:init(158)) - OzoneManager metrics system started (again)
2021-01-09 14:08:26,896 [Listener at 127.0.0.1/11780] INFO  om.OzoneManager (OzoneManager.java:start(1160)) - OzoneManager RPC server is listening at localhost/127.0.0.1:11780
2021-01-09 14:08:26,896 [Listener at 127.0.0.1/11780] INFO  ratis.OzoneManagerRatisServer (OzoneManagerRatisServer.java:start(377)) - Starting OzoneManagerRatisServer omNode-3 at port 11784
2021-01-09 14:08:26,897 [Listener at 127.0.0.1/11780] INFO  server.RaftServer$Division (RaftServerImpl.java:start(294)) - omNode-3@group-523986131536: start as a follower, conf=-1: [omNode-3|rpc:localhost:11784|priority:0, omNode-1|rpc:localhost:11772|priority:0, omNode-2|rpc:localhost:11778|priority:0], old=null
2021-01-09 14:08:26,897 [Listener at 127.0.0.1/11780] INFO  server.RaftServer$Division (RaftServerImpl.java:setRole(283)) - omNode-3@group-523986131536: changes role from      null to FOLLOWER at term 0 for startAsFollower
2021-01-09 14:08:26,897 [Listener at 127.0.0.1/11780] INFO  impl.RoleInfo (RoleInfo.java:updateAndGet(130)) - omNode-3: start omNode-3@group-523986131536-FollowerState
2021-01-09 14:08:26,897 [Listener at 127.0.0.1/11780] INFO  util.JmxRegister (JmxRegister.java:tryRegister(44)) - Successfully registered JMX Bean with object name Ratis:service=RaftServer,group=group-523986131536,id=omNode-3
2021-01-09 14:08:26,897 [Listener at 127.0.0.1/11780] INFO  metrics.RatisMetrics (RatisMetrics.java:lambda$create$0(36)) - Creating Metrics Registry : ratis.state_machine.omNode-3@group-523986131536
2021-01-09 14:08:26,898 [Listener at 127.0.0.1/11780] INFO  server.RaftServer (RaftServerProxy.java:lambda$start$5(372)) - omNode-3: start RPC server
2021-01-09 14:08:26,898 [Listener at 127.0.0.1/11780] INFO  server.GrpcService (GrpcService.java:startImpl(176)) - omNode-3: GrpcService started, listening on 0.0.0.0/0.0.0.0:11784
2021-01-09 14:08:26,899 [org.apache.ratis.util.JvmPauseMonitor$$Lambda$305/1107501547@4c577f3e] INFO  util.JvmPauseMonitor (JvmPauseMonitor.java:run(103)) - JvmPauseMonitor-omNode-3: Started
2021-01-09 14:08:26,972 [Listener at 127.0.0.1/11780] INFO  http.BaseHttpServer (BaseHttpServer.java:newHttpServer2BuilderForOzone(207)) - Starting Web-server for ozoneManager at: http://0.0.0.0:11782
2021-01-09 14:08:26,973 [Listener at 127.0.0.1/11780] INFO  http.BaseHttpServer (BaseHttpServer.java:<init>(106)) - Hadoop Security Enabled: false Ozone Security Enabled: false Ozone HTTP Security Enabled: false 
2021-01-09 14:08:26,974 [Listener at 127.0.0.1/11780] INFO  server.AuthenticationFilter (AuthenticationFilter.java:constructSecretProvider(240)) - Unable to initialize FileSignerSecretProvider, falling back to use random secrets.
2021-01-09 14:08:26,975 [Listener at 127.0.0.1/11780] WARN  http.HttpRequestLog (HttpRequestLog.java:getRequestLog(103)) - Jetty request log can only be enabled using Log4j
2021-01-09 14:08:26,977 [Listener at 127.0.0.1/11780] INFO  http.HttpServer2 (HttpServer2.java:addGlobalFilter(1020)) - Added global filter 'safety' (class=org.apache.hadoop.hdds.server.http.HttpServer2$QuotingInputFilter)
2021-01-09 14:08:26,978 [Listener at 127.0.0.1/11780] INFO  http.HttpServer2 (HttpServer2.java:addFilter(996)) - Added filter static_user_filter (class=org.apache.hadoop.http.lib.StaticUserWebFilter$StaticUserFilter) to context ozoneManager
2021-01-09 14:08:26,978 [Listener at 127.0.0.1/11780] INFO  http.HttpServer2 (HttpServer2.java:addFilter(1004)) - Added filter static_user_filter (class=org.apache.hadoop.http.lib.StaticUserWebFilter$StaticUserFilter) to context static
2021-01-09 14:08:26,978 [Listener at 127.0.0.1/11780] INFO  http.HttpServer2 (HttpServer2.java:addFilter(1004)) - Added filter static_user_filter (class=org.apache.hadoop.http.lib.StaticUserWebFilter$StaticUserFilter) to context logs
2021-01-09 14:08:26,978 [Listener at 127.0.0.1/11780] INFO  http.HttpServer2 (HttpServer2.java:bindListener(1238)) - Jetty bound to port 11782
2021-01-09 14:08:26,979 [Listener at 127.0.0.1/11780] INFO  server.Server (Server.java:doStart(375)) - jetty-9.4.34.v20201102; built: 2020-11-02T14:15:39.302Z; git: e46af88704a893fc12cb0e3bf46e2c7b48a009e7; jvm 1.8.0_232-b09
2021-01-09 14:08:26,982 [Listener at 127.0.0.1/11780] INFO  server.session (DefaultSessionIdManager.java:doStart(334)) - DefaultSessionIdManager workerName=node0
2021-01-09 14:08:26,982 [Listener at 127.0.0.1/11780] INFO  server.session (DefaultSessionIdManager.java:doStart(339)) - No SessionScavenger set, using defaults
2021-01-09 14:08:26,983 [Listener at 127.0.0.1/11780] INFO  server.session (HouseKeeper.java:startScavenging(132)) - node0 Scavenging every 600000ms
2021-01-09 14:08:26,984 [Listener at 127.0.0.1/11780] INFO  handler.ContextHandler (ContextHandler.java:doStart(916)) - Started o.e.j.s.ServletContextHandler@3c55e74b{logs,/logs,file:///github/workspace/mnt/ozone/hadoop-ozone/integration-test/target/log,AVAILABLE}
2021-01-09 14:08:26,984 [Listener at 127.0.0.1/11780] INFO  handler.ContextHandler (ContextHandler.java:doStart(916)) - Started o.e.j.s.ServletContextHandler@218df2a{static,/static,file:///github/workspace/mnt/ozone/hadoop-ozone/integration-test/target/test-classes/webapps/static,AVAILABLE}
2021-01-09 14:08:26,991 [Listener at 127.0.0.1/11780] INFO  handler.ContextHandler (ContextHandler.java:doStart(916)) - Started o.e.j.w.WebAppContext@3c9fe806{ozoneManager,/,file:///github/workspace/mnt/ozone/hadoop-ozone/integration-test/target/test-classes/webapps/ozoneManager/,AVAILABLE}{file:/github/workspace/mnt/ozone/hadoop-ozone/integration-test/target/test-classes/webapps/ozoneManager}
2021-01-09 14:08:26,996 [Listener at 127.0.0.1/11780] INFO  server.AbstractConnector (AbstractConnector.java:doStart(331)) - Started ServerConnector@7962ca54{HTTP/1.1, (http/1.1)}{0.0.0.0:11782}
2021-01-09 14:08:26,996 [Listener at 127.0.0.1/11780] INFO  server.Server (Server.java:doStart(415)) - Started @46447ms
2021-01-09 14:08:26,996 [Listener at 127.0.0.1/11780] WARN  impl.MetricsSystemImpl (MetricsSystemImpl.java:register(276)) - Sink prometheus already exists!
2021-01-09 14:08:27,274 [grpc-default-executor-3] WARN  server.GrpcLogAppender (LogUtils.java:warn(122)) - omNode-1@group-523986131536->omNode-3-AppendLogResponseHandler: Failed appendEntries: org.apache.ratis.thirdparty.io.grpc.StatusRuntimeException: UNAVAILABLE: io exception
2021-01-09 14:08:27,275 [grpc-default-executor-3] WARN  server.GrpcLogAppender (GrpcLogAppender.java:resetClient(111)) - omNode-1@group-523986131536->omNode-3-GrpcLogAppender: Leader has not got in touch with Follower omNode-1@group-523986131536->omNode-3(c-1,m0,n201, attendVote=true, lastRpcSendTime=0, lastRpcResponseTime=29010) yet, just keep nextIndex unchanged and retry.
2021-01-09 14:08:27,776 [grpc-default-executor-3] INFO  metrics.RatisMetrics (RatisMetrics.java:lambda$create$0(36)) - Creating Metrics Registry : ratis.server_message_metrics.omNode-3
2021-01-09 14:08:27,778 [grpc-default-executor-3] INFO  server.RaftServer$Division (ServerState.java:setLeader(249)) - omNode-3@group-523986131536: change Leader from null to omNode-1 at term 3 for appendEntries, leader elected after 32005ms
2021-01-09 14:08:27,778 [grpc-default-executor-3] INFO  server.RaftServer$Division (RaftServerImpl.java:checkInconsistentAppendEntries(1403)) - omNode-3@group-523986131536: Failed appendEntries as previous log entry ((t:3, i:200)) is not found
2021-01-09 14:08:27,778 [grpc-default-executor-3] INFO  server.RaftServer$Division (RaftServerImpl.java:checkInconsistentAppendEntries(1369)) - omNode-3@group-523986131536: inconsistency entries. Reply:omNode-1<-omNode-3#31199870:FAIL-t0,INCONSISTENCY,nextIndex=1,followerCommit=-1
2021-01-09 14:08:27,780 [grpc-default-executor-3] INFO  leader.FollowerInfo (FollowerInfoImpl.java:lambda$new$0(46)) - omNode-1@group-523986131536->omNode-3: nextIndex: updateUnconditionally 201 -> 1
2021-01-09 14:08:27,782 [grpc-default-executor-3] INFO  server.RaftServer$Division (RaftServerImpl.java:checkInconsistentAppendEntries(1403)) - omNode-3@group-523986131536: Failed appendEntries as previous log entry ((t:3, i:0)) is not found
2021-01-09 14:08:27,783 [grpc-default-executor-3] INFO  server.RaftServer$Division (RaftServerImpl.java:checkInconsistentAppendEntries(1369)) - omNode-3@group-523986131536: inconsistency entries. Reply:omNode-1<-omNode-3#31199871:FAIL-t3,INCONSISTENCY,nextIndex=0,followerCommit=-1
2021-01-09 14:08:27,783 [grpc-default-executor-0] INFO  leader.FollowerInfo (FollowerInfoImpl.java:lambda$new$0(46)) - omNode-1@group-523986131536->omNode-3: nextIndex: updateUnconditionally 201 -> 0
2021-01-09 14:08:27,804 [grpc-default-executor-2] INFO  server.RaftServer$Division (ServerState.java:setRaftConf(368)) - omNode-3@group-523986131536: set configuration 0: [omNode-3|rpc:localhost:11784|dataStream:|priority:0, omNode-1|rpc:localhost:11772|dataStream:|priority:0, omNode-2|rpc:localhost:11778|dataStream:|priority:0], old=null
2021-01-09 14:08:27,804 [grpc-default-executor-2] INFO  segmented.SegmentedRaftLogWorker (SegmentedRaftLogWorker.java:startLogSegment(392)) - omNode-3@group-523986131536-SegmentedRaftLogWorker: Starting segment from index:0
2021-01-09 14:08:27,820 [omNode-3@group-523986131536-SegmentedRaftLogWorker] INFO  segmented.SegmentedRaftLogWorker (SegmentedRaftLogWorker.java:execute(599)) - omNode-3@group-523986131536-SegmentedRaftLogWorker: created new log segment /github/workspace/mnt/ozone/hadoop-ozone/integration-test/target/test-dir/MiniOzoneClusterImpl-8961eb2b-7999-4159-8884-2a1a29aa57c4/omNode-3/ratis/c9bc4cf4-3bc3-3c60-a66b-523986131536/current/log_inprogress_0
2021-01-09 14:08:27,839 [OM StateMachine ApplyTransaction Thread - 0] INFO  volume.OMVolumeCreateRequest (OMVolumeCreateRequest.java:validateAndUpdateCache(196)) - created volume:volume13243 for user:user56764
2021-01-09 14:08:27,936 [omNode-3@group-523986131536-StateMachineUpdater] INFO  ratis.OzoneManagerStateMachine (OzoneManagerStateMachine.java:takeSnapshot(345)) - Current Snapshot Index (t:3, i:200)
2021-01-09 14:08:27,936 [omNode-3@group-523986131536-StateMachineUpdater] INFO  impl.StateMachineUpdater (StateMachineUpdater.java:takeSnapshot(279)) - omNode-3@group-523986131536-StateMachineUpdater: Took a snapshot at index 200
2021-01-09 14:08:27,936 [omNode-3@group-523986131536-StateMachineUpdater] INFO  impl.StateMachineUpdater (StateMachineUpdater.java:lambda$new$0(88)) - omNode-3@group-523986131536-StateMachineUpdater: snapshotIndex: updateIncreasingly -1 -> 200
2021-01-09 14:08:27,936 [omNode-3@group-523986131536-StateMachineUpdater] INFO  raftlog.RaftLog (RaftLogBase.java:purge(306)) - omNode-3@group-523986131536-SegmentedRaftLog: purge 200
2021-01-09 14:08:27,936 [omNode-3@group-523986131536-StateMachineUpdater] INFO  raftlog.RaftLog (RaftLogBase.java:lambda$new$0(53)) - omNode-3@group-523986131536-SegmentedRaftLog: snapshotIndex: updateIncreasingly -1 -> 200
2021-01-09 14:08:27,936 [omNode-3@group-523986131536-StateMachineUpdater] INFO  raftlog.RaftLog (RaftLogBase.java:lambda$new$0(53)) - omNode-3@group-523986131536-SegmentedRaftLog: purgeIndex: updateToMax old=-1, new=200, updated? true
2021-01-09 14:08:37,006 [Listener at 127.0.0.1/11780] INFO  http.BaseHttpServer (BaseHttpServer.java:updateConnectorAddress(327)) - HTTP server of ozoneManager listening at http://0.0.0.0:11782
2021-01-09 14:08:37,006 [IPC Server Responder] INFO  ipc.Server (Server.java:run(1460)) - IPC Server Responder: starting
2021-01-09 14:08:37,006 [IPC Server listener on 11780] INFO  ipc.Server (Server.java:run(1298)) - IPC Server listener on 11780: starting
2021-01-09 14:08:37,016 [Listener at 127.0.0.1/11780] INFO  om.OzoneManager (OzoneManager.java:startTrashEmptier(1281)) - Trash Interval set to 0. Files deleted will not move to trash
2021-01-09 14:08:37,016 [org.apache.hadoop.util.JvmPauseMonitor$Monitor@57679a53] INFO  util.JvmPauseMonitor (JvmPauseMonitor.java:run(188)) - Starting JVM pause monitor
2021-01-09 14:08:37,016 [Listener at 127.0.0.1/11780] INFO  ozone.MiniOzoneClusterImpl (MiniOzoneClusterImpl.java:shutdown(389)) - Shutting down the Mini Ozone Cluster
2021-01-09 14:08:37,017 [Listener at 127.0.0.1/11780] INFO  ozone.MiniOzoneHAClusterImpl (MiniOzoneHAClusterImpl.java:stop(230)) - Stopping the OzoneManager omNode-3
2021-01-09 14:08:37,017 [Listener at 127.0.0.1/11780] INFO  ipc.Server (Server.java:stop(3359)) - Stopping server on 11780
2021-01-09 14:08:37,019 [IPC Server listener on 11780] INFO  ipc.Server (Server.java:run(1330)) - Stopping IPC Server listener on 11780
2021-01-09 14:08:37,019 [IPC Server Responder] INFO  ipc.Server (Server.java:run(1465)) - Stopping IPC Server Responder
2021-01-09 14:08:37,021 [Listener at 127.0.0.1/11780] INFO  server.RaftServer (RaftServerProxy.java:lambda$close$6(389)) - omNode-3: close
2021-01-09 14:08:37,022 [Listener at 127.0.0.1/11780] INFO  server.RaftServer$Division (RaftServerImpl.java:lambda$close$4(405)) - omNode-3@group-523986131536: shutdown
2021-01-09 14:08:37,022 [Listener at 127.0.0.1/11780] INFO  util.JmxRegister (JmxRegister.java:unregister(73)) - Successfully un-registered JMX Bean with object name Ratis:service=RaftServer,group=group-523986131536,id=omNode-3
2021-01-09 14:08:37,022 [Listener at 127.0.0.1/11780] INFO  impl.RoleInfo (RoleInfo.java:shutdownFollowerState(108)) - omNode-3: shutdown omNode-3@group-523986131536-FollowerState
2021-01-09 14:08:37,022 [Thread-594] INFO  impl.FollowerState (FollowerState.java:run(142)) - omNode-3@group-523986131536-FollowerState was interrupted: {}
java.lang.InterruptedException: sleep interrupted
	at java.lang.Thread.sleep(Native Method)
	at java.lang.Thread.sleep(Thread.java:340)
	at java.util.concurrent.TimeUnit.sleep(TimeUnit.java:386)
	at org.apache.ratis.util.TimeDuration.sleep(TimeDuration.java:324)
	at org.apache.ratis.util.TimeDuration.sleep(TimeDuration.java:309)
	at org.apache.ratis.server.impl.FollowerState.run(FollowerState.java:117)
2021-01-09 14:08:37,023 [omNode-3@group-523986131536-StateMachineUpdater] INFO  metrics.RatisMetrics (RatisMetrics.java:unregister(43)) - Unregistering Metrics Registry : ratis.state_machine.omNode-3@group-523986131536
2021-01-09 14:08:37,023 [Listener at 127.0.0.1/11780] INFO  impl.StateMachineUpdater (StateMachineUpdater.java:stopAndJoin(148)) - omNode-3@group-523986131536-StateMachineUpdater: set stopIndex = 200
2021-01-09 14:08:37,024 [Listener at 127.0.0.1/11780] INFO  server.RaftServer$Division (ServerState.java:close(400)) - omNode-3@group-523986131536: closes. applyIndex: 200
2021-01-09 14:08:37,025 [omNode-3@group-523986131536-SegmentedRaftLogWorker] INFO  segmented.SegmentedRaftLogWorker (SegmentedRaftLogWorker.java:run(326)) - omNode-3@group-523986131536-SegmentedRaftLogWorker was interrupted, exiting. There are 0 tasks remaining in the queue.
2021-01-09 14:08:37,026 [Listener at 127.0.0.1/11780] INFO  segmented.SegmentedRaftLogWorker (SegmentedRaftLogWorker.java:close(236)) - omNode-3@group-523986131536-SegmentedRaftLogWorker close()
2021-01-09 14:08:37,032 [Listener at 127.0.0.1/11780] INFO  metrics.RatisMetrics (RatisMetrics.java:unregister(43)) - Unregistering Metrics Registry : ratis.log_worker.omNode-3@group-523986131536
2021-01-09 14:08:37,033 [Listener at 127.0.0.1/11780] INFO  metrics.RatisMetrics (RatisMetrics.java:unregister(43)) - Unregistering Metrics Registry : ratis.leader_election.omNode-3@group-523986131536
2021-01-09 14:08:37,033 [Listener at 127.0.0.1/11780] INFO  metrics.RatisMetrics (RatisMetrics.java:unregister(43)) - Unregistering Metrics Registry : ratis.server.omNode-3@group-523986131536
2021-01-09 14:08:37,033 [Listener at 127.0.0.1/11780] INFO  server.GrpcService (GrpcService.java:closeImpl(183)) - omNode-3: shutdown server with port 11784 now
2021-01-09 14:08:37,043 [grpc-default-executor-2] WARN  server.GrpcServerProtocolService (LogUtils.java:warn(122)) - omNode-3: installSnapshot onError, lastRequest: omNode-1->omNode-3#31199872-t3,previous=(t:0, i:0),leaderCommit=200,initializing? true,entries: size=201, first=(t:3, i:0), CONFIGURATIONENTRY: org.apache.ratis.thirdparty.io.grpc.StatusRuntimeException: CANCELLED: cancelled before receiving half close
2021-01-09 14:08:37,047 [Listener at 127.0.0.1/11780] INFO  server.GrpcService (GrpcService.java:closeImpl(192)) - omNode-3: shutdown server with port 11784 successfully
2021-01-09 14:08:37,049 [org.apache.ratis.util.JvmPauseMonitor$$Lambda$305/1107501547@4c577f3e] INFO  util.JvmPauseMonitor (JvmPauseMonitor.java:run(109)) - JvmPauseMonitor-omNode-3: Stopped
2021-01-09 14:08:37,051 [grpc-default-executor-3] WARN  server.GrpcLogAppender (LogUtils.java:warn(122)) - omNode-1@group-523986131536->omNode-3-AppendLogResponseHandler: Failed appendEntries: org.apache.ratis.thirdparty.io.grpc.StatusRuntimeException: CANCELLED: HTTP/2 error code: CANCEL
Received Rst Stream
2021-01-09 14:08:37,051 [grpc-default-executor-3] INFO  leader.FollowerInfo (FollowerInfoImpl.java:lambda$new$0(46)) - omNode-1@group-523986131536->omNode-3: nextIndex: updateUnconditionally 201 -> 200
2021-01-09 14:08:37,051 [Listener at 127.0.0.1/11780] INFO  ratis.OzoneManagerDoubleBuffer (OzoneManagerDoubleBuffer.java:stop(425)) - Stopping OMDoubleBuffer flush thread
2021-01-09 14:08:37,051 [OMDoubleBufferFlushThread] INFO  ratis.OzoneManagerDoubleBuffer (OzoneManagerDoubleBuffer.java:flushTransactions(352)) - OMDoubleBuffer flush thread OMDoubleBufferFlushThread is interrupted and will exit. OMDoubleBufferFlushThread
2021-01-09 14:08:37,056 [Listener at 127.0.0.1/11780] INFO  ratis.OzoneManagerStateMachine (HadoopExecutors.java:shutdown(118)) - Gracefully shutting down executor service. Waiting max 5 SECONDS
2021-01-09 14:08:37,056 [Listener at 127.0.0.1/11780] INFO  ratis.OzoneManagerStateMachine (HadoopExecutors.java:shutdown(129)) - Succesfully shutdown executor service
2021-01-09 14:08:37,056 [Listener at 127.0.0.1/11780] INFO  ratis.OzoneManagerStateMachine (HadoopExecutors.java:shutdown(118)) - Gracefully shutting down executor service. Waiting max 5 SECONDS
2021-01-09 14:08:37,056 [Listener at 127.0.0.1/11780] INFO  ratis.OzoneManagerStateMachine (HadoopExecutors.java:shutdown(129)) - Succesfully shutdown executor service
2021-01-09 14:08:37,056 [Listener at 127.0.0.1/11780] INFO  utils.BackgroundService (BackgroundService.java:shutdown(132)) - Shutting down service KeyDeletingService
2021-01-09 14:08:37,060 [Listener at 127.0.0.1/11780] INFO  handler.ContextHandler (ContextHandler.java:doStop(1154)) - Stopped o.e.j.w.WebAppContext@3c9fe806{ozoneManager,/,null,STOPPED}{file:/github/workspace/mnt/ozone/hadoop-ozone/integration-test/target/test-classes/webapps/ozoneManager}
2021-01-09 14:08:37,063 [Listener at 127.0.0.1/11780] INFO  server.AbstractConnector (AbstractConnector.java:doStop(381)) - Stopped ServerConnector@7962ca54{HTTP/1.1, (http/1.1)}{0.0.0.0:11782}
2021-01-09 14:08:37,063 [Listener at 127.0.0.1/11780] INFO  server.session (HouseKeeper.java:stopScavenging(149)) - node0 Stopped scavenging
2021-01-09 14:08:37,064 [Listener at 127.0.0.1/11780] INFO  handler.ContextHandler (ContextHandler.java:doStop(1154)) - Stopped o.e.j.s.ServletContextHandler@218df2a{static,/static,file:///github/workspace/mnt/ozone/hadoop-ozone/integration-test/target/test-classes/webapps/static,STOPPED}
2021-01-09 14:08:37,064 [Listener at 127.0.0.1/11780] INFO  handler.ContextHandler (ContextHandler.java:doStop(1154)) - Stopped o.e.j.s.ServletContextHandler@3c55e74b{logs,/logs,file:///github/workspace/mnt/ozone/hadoop-ozone/integration-test/target/log,STOPPED}
2021-01-09 14:08:37,065 [grpc-default-executor-2] WARN  server.GrpcLogAppender (LogUtils.java:warn(122)) - omNode-1@group-523986131536->omNode-3-AppendLogResponseHandler: Failed appendEntries: org.apache.ratis.thirdparty.io.grpc.StatusRuntimeException: UNAVAILABLE: io exception
2021-01-09 14:08:37,065 [grpc-default-executor-2] INFO  leader.FollowerInfo (FollowerInfoImpl.java:lambda$new$0(46)) - omNode-1@group-523986131536->omNode-3: nextIndex: updateUnconditionally 201 -> 200
2021-01-09 14:08:37,068 [Listener at 127.0.0.1/11780] INFO  ozone.MiniOzoneHAClusterImpl (MiniOzoneHAClusterImpl.java:stop(230)) - Stopping the OzoneManager omNode-1
2021-01-09 14:08:37,069 [Listener at 127.0.0.1/11780] INFO  ipc.Server (Server.java:stop(3359)) - Stopping server on 11768
2021-01-09 14:08:37,071 [IPC Server listener on 11768] INFO  ipc.Server (Server.java:run(1330)) - Stopping IPC Server listener on 11768
2021-01-09 14:08:37,072 [IPC Server Responder] INFO  ipc.Server (Server.java:run(1465)) - Stopping IPC Server Responder
2021-01-09 14:08:37,072 [Listener at 127.0.0.1/11780] INFO  server.RaftServer (RaftServerProxy.java:lambda$close$6(389)) - omNode-1: close
2021-01-09 14:08:37,072 [Listener at 127.0.0.1/11780] INFO  server.RaftServer$Division (RaftServerImpl.java:lambda$close$4(405)) - omNode-1@group-523986131536: shutdown
2021-01-09 14:08:37,072 [Listener at 127.0.0.1/11780] INFO  util.JmxRegister (JmxRegister.java:unregister(73)) - Successfully un-registered JMX Bean with object name Ratis:service=RaftServer,group=group-523986131536,id=omNode-1
2021-01-09 14:08:37,072 [Listener at 127.0.0.1/11780] INFO  impl.RoleInfo (RoleInfo.java:shutdownLeaderState(91)) - omNode-1: shutdown omNode-1@group-523986131536-LeaderStateImpl
2021-01-09 14:08:37,073 [Listener at 127.0.0.1/11780] INFO  metrics.RatisMetrics (RatisMetrics.java:unregister(43)) - Unregistering Metrics Registry : ratis_grpc.log_appender.omNode-1@group-523986131536
2021-01-09 14:08:37,073 [omNode-1@group-523986131536->omNode-3-GrpcLogAppender-LogAppenderDaemon] WARN  server.GrpcLogAppender (GrpcLogAppender.java:mayWait(175)) - omNode-1@group-523986131536->omNode-3-GrpcLogAppender: Wait interrupted by java.lang.InterruptedException
2021-01-09 14:08:37,074 [Listener at 127.0.0.1/11780] INFO  metrics.RatisMetrics (RatisMetrics.java:unregister(43)) - Unregistering Metrics Registry : ratis_grpc.log_appender.omNode-1@group-523986131536
2021-01-09 14:08:37,074 [omNode-1@group-523986131536->omNode-2-GrpcLogAppender-LogAppenderDaemon] WARN  server.GrpcLogAppender (GrpcLogAppender.java:mayWait(175)) - omNode-1@group-523986131536->omNode-2-GrpcLogAppender: Wait interrupted by java.lang.InterruptedException
2021-01-09 14:08:37,074 [grpc-default-executor-2] INFO  server.GrpcServerProtocolService (GrpcServerProtocolService.java:onCompleted(138)) - omNode-2: Completed APPEND_ENTRIES, lastRequest: omNode-1->omNode-2#986-t3,previous=(t:3, i:199),leaderCommit=199,initializing? true,entries: size=1, first=(t:3, i:200), METADATAENTRY(c:199)
2021-01-09 14:08:37,074 [Listener at 127.0.0.1/11780] INFO  impl.PendingRequests (PendingRequests.java:sendNotLeaderResponses(249)) - omNode-1@group-523986131536-PendingRequests: sendNotLeaderResponses
2021-01-09 14:08:37,075 [grpc-default-executor-0] INFO  server.GrpcLogAppender (GrpcLogAppender.java:onCompleted(344)) - omNode-1@group-523986131536->omNode-2-AppendLogResponseHandler: follower responses appendEntries COMPLETED
2021-01-09 14:08:37,075 [grpc-default-executor-0] INFO  leader.FollowerInfo (FollowerInfoImpl.java:lambda$new$0(46)) - omNode-1@group-523986131536->omNode-2: nextIndex: updateUnconditionally 201 -> 200
2021-01-09 14:08:37,076 [Listener at 127.0.0.1/11780] INFO  metrics.RatisMetrics (RatisMetrics.java:unregister(43)) - Unregistering Metrics Registry : ratis.log_appender.omNode-1@group-523986131536
2021-01-09 14:08:37,077 [Listener at 127.0.0.1/11780] INFO  metrics.RatisMetrics (RatisMetrics.java:unregister(43)) - Unregistering Metrics Registry : ratis.server.omNode-1@group-523986131536
2021-01-09 14:08:37,079 [omNode-1@group-523986131536-StateMachineUpdater] INFO  ratis.OzoneManagerStateMachine (OzoneManagerStateMachine.java:takeSnapshot(345)) - Current Snapshot Index (t:3, i:200)
2021-01-09 14:08:37,079 [omNode-1@group-523986131536-StateMachineUpdater] INFO  impl.StateMachineUpdater (StateMachineUpdater.java:takeSnapshot(279)) - omNode-1@group-523986131536-StateMachineUpdater: Took a snapshot at index 200
2021-01-09 14:08:37,079 [omNode-1@group-523986131536-StateMachineUpdater] INFO  impl.StateMachineUpdater (StateMachineUpdater.java:lambda$new$0(88)) - omNode-1@group-523986131536-StateMachineUpdater: snapshotIndex: updateIncreasingly 198 -> 200
2021-01-09 14:08:37,079 [omNode-1@group-523986131536-StateMachineUpdater] INFO  metrics.RatisMetrics (RatisMetrics.java:unregister(43)) - Unregistering Metrics Registry : ratis.state_machine.omNode-1@group-523986131536
2021-01-09 14:08:37,079 [Listener at 127.0.0.1/11780] INFO  impl.StateMachineUpdater (StateMachineUpdater.java:stopAndJoin(148)) - omNode-1@group-523986131536-StateMachineUpdater: set stopIndex = 200
2021-01-09 14:08:37,080 [Listener at 127.0.0.1/11780] INFO  server.RaftServer$Division (ServerState.java:close(400)) - omNode-1@group-523986131536: closes. applyIndex: 200
2021-01-09 14:08:37,080 [omNode-1@group-523986131536-SegmentedRaftLogWorker] INFO  segmented.SegmentedRaftLogWorker (SegmentedRaftLogWorker.java:run(326)) - omNode-1@group-523986131536-SegmentedRaftLogWorker was interrupted, exiting. There are 0 tasks remaining in the queue.
2021-01-09 14:08:37,081 [Listener at 127.0.0.1/11780] INFO  segmented.SegmentedRaftLogWorker (SegmentedRaftLogWorker.java:close(236)) - omNode-1@group-523986131536-SegmentedRaftLogWorker close()
2021-01-09 14:08:37,081 [Listener at 127.0.0.1/11780] INFO  metrics.RatisMetrics (RatisMetrics.java:unregister(43)) - Unregistering Metrics Registry : ratis.log_worker.omNode-1@group-523986131536
2021-01-09 14:08:37,082 [Listener at 127.0.0.1/11780] INFO  metrics.RatisMetrics (RatisMetrics.java:unregister(43)) - Unregistering Metrics Registry : ratis.leader_election.omNode-1@group-523986131536
2021-01-09 14:08:37,082 [Listener at 127.0.0.1/11780] INFO  metrics.RatisMetrics (RatisMetrics.java:unregister(43)) - Unregistering Metrics Registry : ratis.server.omNode-1@group-523986131536
2021-01-09 14:08:37,082 [Listener at 127.0.0.1/11780] INFO  server.GrpcService (GrpcService.java:closeImpl(183)) - omNode-1: shutdown server with port 11772 now
2021-01-09 14:08:37,094 [Listener at 127.0.0.1/11780] INFO  server.GrpcService (GrpcService.java:closeImpl(192)) - omNode-1: shutdown server with port 11772 successfully
2021-01-09 14:08:37,094 [org.apache.ratis.util.JvmPauseMonitor$$Lambda$305/1107501547@42576eb2] INFO  util.JvmPauseMonitor (JvmPauseMonitor.java:run(109)) - JvmPauseMonitor-omNode-1: Stopped
2021-01-09 14:08:37,096 [Listener at 127.0.0.1/11780] INFO  ratis.OzoneManagerDoubleBuffer (OzoneManagerDoubleBuffer.java:stop(425)) - Stopping OMDoubleBuffer flush thread
2021-01-09 14:08:37,096 [OMDoubleBufferFlushThread] INFO  ratis.OzoneManagerDoubleBuffer (OzoneManagerDoubleBuffer.java:flushTransactions(352)) - OMDoubleBuffer flush thread OMDoubleBufferFlushThread is interrupted and will exit. OMDoubleBufferFlushThread
2021-01-09 14:08:37,097 [Listener at 127.0.0.1/11780] INFO  ratis.OzoneManagerStateMachine (HadoopExecutors.java:shutdown(118)) - Gracefully shutting down executor service. Waiting max 5 SECONDS
2021-01-09 14:08:37,097 [Listener at 127.0.0.1/11780] INFO  ratis.OzoneManagerStateMachine (HadoopExecutors.java:shutdown(129)) - Succesfully shutdown executor service
2021-01-09 14:08:37,097 [Listener at 127.0.0.1/11780] INFO  ratis.OzoneManagerStateMachine (HadoopExecutors.java:shutdown(118)) - Gracefully shutting down executor service. Waiting max 5 SECONDS
2021-01-09 14:08:37,097 [Listener at 127.0.0.1/11780] INFO  ratis.OzoneManagerStateMachine (HadoopExecutors.java:shutdown(129)) - Succesfully shutdown executor service
2021-01-09 14:08:37,097 [Listener at 127.0.0.1/11780] INFO  utils.BackgroundService (BackgroundService.java:shutdown(132)) - Shutting down service KeyDeletingService
2021-01-09 14:08:37,098 [Listener at 127.0.0.1/11780] INFO  handler.ContextHandler (ContextHandler.java:doStop(1154)) - Stopped o.e.j.w.WebAppContext@70d7c925{ozoneManager,/,null,STOPPED}{file:/github/workspace/mnt/ozone/hadoop-ozone/integration-test/target/test-classes/webapps/ozoneManager}
2021-01-09 14:08:37,099 [Listener at 127.0.0.1/11780] INFO  server.AbstractConnector (AbstractConnector.java:doStop(381)) - Stopped ServerConnector@5db0632e{HTTP/1.1, (http/1.1)}{0.0.0.0:11770}
2021-01-09 14:08:37,099 [Listener at 127.0.0.1/11780] INFO  server.session (HouseKeeper.java:stopScavenging(149)) - node0 Stopped scavenging
2021-01-09 14:08:37,099 [Listener at 127.0.0.1/11780] INFO  handler.ContextHandler (ContextHandler.java:doStop(1154)) - Stopped o.e.j.s.ServletContextHandler@5b750a58{static,/static,file:///github/workspace/mnt/ozone/hadoop-ozone/integration-test/target/test-classes/webapps/static,STOPPED}
2021-01-09 14:08:37,099 [Listener at 127.0.0.1/11780] INFO  handler.ContextHandler (ContextHandler.java:doStop(1154)) - Stopped o.e.j.s.ServletContextHandler@ab1cb46{logs,/logs,file:///github/workspace/mnt/ozone/hadoop-ozone/integration-test/target/log,STOPPED}
2021-01-09 14:08:37,102 [Listener at 127.0.0.1/11780] INFO  ozone.MiniOzoneHAClusterImpl (MiniOzoneHAClusterImpl.java:stop(230)) - Stopping the OzoneManager omNode-2
2021-01-09 14:08:37,102 [Listener at 127.0.0.1/11780] INFO  ipc.Server (Server.java:stop(3359)) - Stopping server on 11774
2021-01-09 14:08:37,104 [IPC Server listener on 11774] INFO  ipc.Server (Server.java:run(1330)) - Stopping IPC Server listener on 11774
2021-01-09 14:08:37,104 [IPC Server Responder] INFO  ipc.Server (Server.java:run(1465)) - Stopping IPC Server Responder
2021-01-09 14:08:37,105 [Listener at 127.0.0.1/11780] INFO  server.RaftServer (RaftServerProxy.java:lambda$close$6(389)) - omNode-2: close
2021-01-09 14:08:37,105 [Listener at 127.0.0.1/11780] INFO  server.RaftServer$Division (RaftServerImpl.java:lambda$close$4(405)) - omNode-2@group-523986131536: shutdown
2021-01-09 14:08:37,105 [Listener at 127.0.0.1/11780] INFO  util.JmxRegister (JmxRegister.java:unregister(73)) - Successfully un-registered JMX Bean with object name Ratis:service=RaftServer,group=group-523986131536,id=omNode-2
2021-01-09 14:08:37,105 [Listener at 127.0.0.1/11780] INFO  impl.RoleInfo (RoleInfo.java:shutdownFollowerState(108)) - omNode-2: shutdown omNode-2@group-523986131536-FollowerState
2021-01-09 14:08:37,105 [Thread-242] INFO  impl.FollowerState (FollowerState.java:run(142)) - omNode-2@group-523986131536-FollowerState was interrupted: {}
java.lang.InterruptedException: sleep interrupted
	at java.lang.Thread.sleep(Native Method)
	at java.lang.Thread.sleep(Thread.java:340)
	at java.util.concurrent.TimeUnit.sleep(TimeUnit.java:386)
	at org.apache.ratis.util.TimeDuration.sleep(TimeDuration.java:324)
	at org.apache.ratis.util.TimeDuration.sleep(TimeDuration.java:309)
	at org.apache.ratis.server.impl.FollowerState.run(FollowerState.java:117)
2021-01-09 14:08:37,106 [omNode-2@group-523986131536-StateMachineUpdater] INFO  ratis.OzoneManagerStateMachine (OzoneManagerStateMachine.java:takeSnapshot(345)) - Current Snapshot Index (t:3, i:200)
2021-01-09 14:08:37,106 [omNode-2@group-523986131536-StateMachineUpdater] INFO  impl.StateMachineUpdater (StateMachineUpdater.java:takeSnapshot(279)) - omNode-2@group-523986131536-StateMachineUpdater: Took a snapshot at index 200
2021-01-09 14:08:37,106 [omNode-2@group-523986131536-StateMachineUpdater] INFO  impl.StateMachineUpdater (StateMachineUpdater.java:lambda$new$0(88)) - omNode-2@group-523986131536-StateMachineUpdater: snapshotIndex: updateIncreasingly 199 -> 200
2021-01-09 14:08:37,106 [omNode-2@group-523986131536-StateMachineUpdater] INFO  metrics.RatisMetrics (RatisMetrics.java:unregister(43)) - Unregistering Metrics Registry : ratis.state_machine.omNode-2@group-523986131536
2021-01-09 14:08:37,106 [Listener at 127.0.0.1/11780] INFO  impl.StateMachineUpdater (StateMachineUpdater.java:stopAndJoin(148)) - omNode-2@group-523986131536-StateMachineUpdater: set stopIndex = 200
2021-01-09 14:08:37,106 [Listener at 127.0.0.1/11780] INFO  server.RaftServer$Division (ServerState.java:close(400)) - omNode-2@group-523986131536: closes. applyIndex: 200
2021-01-09 14:08:37,106 [omNode-2@group-523986131536-SegmentedRaftLogWorker] INFO  segmented.SegmentedRaftLogWorker (SegmentedRaftLogWorker.java:run(326)) - omNode-2@group-523986131536-SegmentedRaftLogWorker was interrupted, exiting. There are 0 tasks remaining in the queue.
2021-01-09 14:08:37,107 [Listener at 127.0.0.1/11780] INFO  segmented.SegmentedRaftLogWorker (SegmentedRaftLogWorker.java:close(236)) - omNode-2@group-523986131536-SegmentedRaftLogWorker close()
2021-01-09 14:08:37,108 [Listener at 127.0.0.1/11780] INFO  metrics.RatisMetrics (RatisMetrics.java:unregister(43)) - Unregistering Metrics Registry : ratis.log_worker.omNode-2@group-523986131536
2021-01-09 14:08:37,108 [Listener at 127.0.0.1/11780] INFO  metrics.RatisMetrics (RatisMetrics.java:unregister(43)) - Unregistering Metrics Registry : ratis.leader_election.omNode-2@group-523986131536
2021-01-09 14:08:37,108 [Listener at 127.0.0.1/11780] INFO  metrics.RatisMetrics (RatisMetrics.java:unregister(43)) - Unregistering Metrics Registry : ratis.server.omNode-2@group-523986131536
2021-01-09 14:08:37,108 [Listener at 127.0.0.1/11780] INFO  server.GrpcService (GrpcService.java:closeImpl(183)) - omNode-2: shutdown server with port 11778 now
2021-01-09 14:08:37,109 [Listener at 127.0.0.1/11780] INFO  server.GrpcService (GrpcService.java:closeImpl(192)) - omNode-2: shutdown server with port 11778 successfully
2021-01-09 14:08:37,109 [org.apache.ratis.util.JvmPauseMonitor$$Lambda$305/1107501547@7baeb5d] INFO  util.JvmPauseMonitor (JvmPauseMonitor.java:run(109)) - JvmPauseMonitor-omNode-2: Stopped
2021-01-09 14:08:37,110 [Listener at 127.0.0.1/11780] INFO  ratis.OzoneManagerDoubleBuffer (OzoneManagerDoubleBuffer.java:stop(425)) - Stopping OMDoubleBuffer flush thread
2021-01-09 14:08:37,110 [OMDoubleBufferFlushThread] INFO  ratis.OzoneManagerDoubleBuffer (OzoneManagerDoubleBuffer.java:flushTransactions(352)) - OMDoubleBuffer flush thread OMDoubleBufferFlushThread is interrupted and will exit. OMDoubleBufferFlushThread
2021-01-09 14:08:37,110 [Listener at 127.0.0.1/11780] INFO  ratis.OzoneManagerStateMachine (HadoopExecutors.java:shutdown(118)) - Gracefully shutting down executor service. Waiting max 5 SECONDS
2021-01-09 14:08:37,110 [Listener at 127.0.0.1/11780] INFO  ratis.OzoneManagerStateMachine (HadoopExecutors.java:shutdown(129)) - Succesfully shutdown executor service
2021-01-09 14:08:37,110 [Listener at 127.0.0.1/11780] INFO  ratis.OzoneManagerStateMachine (HadoopExecutors.java:shutdown(118)) - Gracefully shutting down executor service. Waiting max 5 SECONDS
2021-01-09 14:08:37,110 [Listener at 127.0.0.1/11780] INFO  ratis.OzoneManagerStateMachine (HadoopExecutors.java:shutdown(129)) - Succesfully shutdown executor service
2021-01-09 14:08:37,110 [Listener at 127.0.0.1/11780] INFO  utils.BackgroundService (BackgroundService.java:shutdown(132)) - Shutting down service KeyDeletingService
2021-01-09 14:08:37,111 [Listener at 127.0.0.1/11780] INFO  handler.ContextHandler (ContextHandler.java:doStop(1154)) - Stopped o.e.j.w.WebAppContext@2e4a0701{ozoneManager,/,null,STOPPED}{file:/github/workspace/mnt/ozone/hadoop-ozone/integration-test/target/test-classes/webapps/ozoneManager}
2021-01-09 14:08:37,115 [Listener at 127.0.0.1/11780] INFO  server.AbstractConnector (AbstractConnector.java:doStop(381)) - Stopped ServerConnector@7ff7a629{HTTP/1.1, (http/1.1)}{0.0.0.0:11776}
2021-01-09 14:08:37,115 [Listener at 127.0.0.1/11780] INFO  server.session (HouseKeeper.java:stopScavenging(149)) - node0 Stopped scavenging
2021-01-09 14:08:37,115 [Listener at 127.0.0.1/11780] INFO  handler.ContextHandler (ContextHandler.java:doStop(1154)) - Stopped o.e.j.s.ServletContextHandler@48243161{static,/static,file:///github/workspace/mnt/ozone/hadoop-ozone/integration-test/target/test-classes/webapps/static,STOPPED}
2021-01-09 14:08:37,115 [Listener at 127.0.0.1/11780] INFO  handler.ContextHandler (ContextHandler.java:doStop(1154)) - Stopped o.e.j.s.ServletContextHandler@1f0e1c1a{logs,/logs,file:///github/workspace/mnt/ozone/hadoop-ozone/integration-test/target/log,STOPPED}
2021-01-09 14:08:37,119 [Listener at 127.0.0.1/11780] INFO  ozone.MiniOzoneClusterImpl (MiniOzoneClusterImpl.java:stop(404)) - Stopping the Mini Ozone Cluster
2021-01-09 14:08:37,119 [Listener at 127.0.0.1/11780] INFO  ozone.MiniOzoneClusterImpl (MiniOzoneClusterImpl.java:stopDatanodes(463)) - Stopping the HddsDatanodes
2021-01-09 14:08:37,324 [Datanode State Machine Thread - 0] INFO  statemachine.DatanodeStateMachine (DatanodeStateMachine.java:lambda$startDaemon$0(408)) - Ozone container server started.
2021-01-09 14:08:38,066 [Datanode State Machine Thread - 0] INFO  statemachine.DatanodeStateMachine (DatanodeStateMachine.java:lambda$startDaemon$0(408)) - Ozone container server started.
2021-01-09 14:08:42,121 [Listener at 127.0.0.1/11780] INFO  ozoneimpl.OzoneContainer (OzoneContainer.java:stop(273)) - Attempting to stop container services.
2021-01-09 14:08:42,122 [ForkJoinPool.commonPool-worker-0] INFO  ozoneimpl.OzoneContainer (OzoneContainer.java:stop(273)) - Attempting to stop container services.
2021-01-09 14:08:42,123 [Listener at 127.0.0.1/11780] INFO  server.RaftServer (RaftServerProxy.java:lambda$close$6(389)) - 3325cc50-49b5-4605-b753-fe51c7c4e469: close
2021-01-09 14:08:42,123 [Listener at 127.0.0.1/11780] INFO  server.RaftServer$Division (RaftServerImpl.java:lambda$close$4(405)) - 3325cc50-49b5-4605-b753-fe51c7c4e469@group-31B6157E209C: shutdown
2021-01-09 14:08:42,123 [ForkJoinPool.commonPool-worker-0] INFO  server.RaftServer (RaftServerProxy.java:lambda$close$6(389)) - 470fbf9d-806e-42f0-a865-c68422311eea: close
2021-01-09 14:08:42,124 [Listener at 127.0.0.1/11780] INFO  util.JmxRegister (JmxRegister.java:unregister(73)) - Successfully un-registered JMX Bean with object name Ratis:service=RaftServer,group=group-31B6157E209C,id=3325cc50-49b5-4605-b753-fe51c7c4e469
2021-01-09 14:08:42,124 [Listener at 127.0.0.1/11780] INFO  impl.RoleInfo (RoleInfo.java:shutdownFollowerState(108)) - 3325cc50-49b5-4605-b753-fe51c7c4e469: shutdown 3325cc50-49b5-4605-b753-fe51c7c4e469@group-31B6157E209C-FollowerState
2021-01-09 14:08:42,124 [ForkJoinPool.commonPool-worker-0] INFO  server.RaftServer$Division (RaftServerImpl.java:lambda$close$4(405)) - 470fbf9d-806e-42f0-a865-c68422311eea@group-FC597A5BF4E7: shutdown
2021-01-09 14:08:42,125 [ForkJoinPool.commonPool-worker-0] INFO  util.JmxRegister (JmxRegister.java:unregister(73)) - Successfully un-registered JMX Bean with object name Ratis:service=RaftServer,group=group-FC597A5BF4E7,id=470fbf9d-806e-42f0-a865-c68422311eea
2021-01-09 14:08:42,125 [ForkJoinPool.commonPool-worker-0] INFO  impl.RoleInfo (RoleInfo.java:shutdownLeaderState(91)) - 470fbf9d-806e-42f0-a865-c68422311eea: shutdown 470fbf9d-806e-42f0-a865-c68422311eea@group-FC597A5BF4E7-LeaderStateImpl
2021-01-09 14:08:42,125 [3325cc50-49b5-4605-b753-fe51c7c4e469@group-31B6157E209C-StateMachineUpdater] INFO  ratis.ContainerStateMachine (ContainerStateMachine.java:takeSnapshot(291)) - group-31B6157E209C: Taking a snapshot at:(t:1, i:0) file /github/workspace/mnt/ozone/hadoop-ozone/integration-test/target/test-dir/MiniOzoneClusterImpl-8961eb2b-7999-4159-8884-2a1a29aa57c4/datanode-1/data/ratis/1253064e-b1c3-41bb-b7d2-31b6157e209c/sm/snapshot.1_0
2021-01-09 14:08:42,126 [Listener at 127.0.0.1/11780] INFO  impl.StateMachineUpdater (StateMachineUpdater.java:stopAndJoin(148)) - 3325cc50-49b5-4605-b753-fe51c7c4e469@group-31B6157E209C-StateMachineUpdater: set stopIndex = 0
2021-01-09 14:08:42,124 [Thread-325] INFO  impl.FollowerState (FollowerState.java:run(142)) - 3325cc50-49b5-4605-b753-fe51c7c4e469@group-31B6157E209C-FollowerState was interrupted: {}
java.lang.InterruptedException: sleep interrupted
	at java.lang.Thread.sleep(Native Method)
	at java.lang.Thread.sleep(Thread.java:340)
	at java.util.concurrent.TimeUnit.sleep(TimeUnit.java:386)
	at org.apache.ratis.util.TimeDuration.sleep(TimeDuration.java:324)
	at org.apache.ratis.util.TimeDuration.sleep(TimeDuration.java:309)
	at org.apache.ratis.server.impl.FollowerState.run(FollowerState.java:117)
2021-01-09 14:08:42,125 [ForkJoinPool.commonPool-worker-0] INFO  impl.PendingRequests (PendingRequests.java:sendNotLeaderResponses(249)) - 470fbf9d-806e-42f0-a865-c68422311eea@group-FC597A5BF4E7-PendingRequests: sendNotLeaderResponses
2021-01-09 14:08:42,128 [ForkJoinPool.commonPool-worker-0] INFO  metrics.RatisMetrics (RatisMetrics.java:unregister(43)) - Unregistering Metrics Registry : ratis.log_appender.470fbf9d-806e-42f0-a865-c68422311eea@group-FC597A5BF4E7
2021-01-09 14:08:42,128 [ForkJoinPool.commonPool-worker-0] INFO  metrics.RatisMetrics (RatisMetrics.java:unregister(43)) - Unregistering Metrics Registry : ratis.server.470fbf9d-806e-42f0-a865-c68422311eea@group-FC597A5BF4E7
2021-01-09 14:08:42,128 [470fbf9d-806e-42f0-a865-c68422311eea@group-FC597A5BF4E7-StateMachineUpdater] INFO  ratis.ContainerStateMachine (ContainerStateMachine.java:takeSnapshot(291)) - group-FC597A5BF4E7: Taking a snapshot at:(t:1, i:0) file /github/workspace/mnt/ozone/hadoop-ozone/integration-test/target/test-dir/MiniOzoneClusterImpl-8961eb2b-7999-4159-8884-2a1a29aa57c4/datanode-0/data/ratis/50e2d360-a740-44c3-ad36-fc597a5bf4e7/sm/snapshot.1_0
2021-01-09 14:08:42,128 [ForkJoinPool.commonPool-worker-0] INFO  impl.StateMachineUpdater (StateMachineUpdater.java:stopAndJoin(148)) - 470fbf9d-806e-42f0-a865-c68422311eea@group-FC597A5BF4E7-StateMachineUpdater: set stopIndex = 0
2021-01-09 14:08:42,185 [3325cc50-49b5-4605-b753-fe51c7c4e469@group-31B6157E209C-StateMachineUpdater] INFO  ratis.ContainerStateMachine (ContainerStateMachine.java:takeSnapshot(302)) - group-31B6157E209C: Finished taking a snapshot at:(t:1, i:0) file:/github/workspace/mnt/ozone/hadoop-ozone/integration-test/target/test-dir/MiniOzoneClusterImpl-8961eb2b-7999-4159-8884-2a1a29aa57c4/datanode-1/data/ratis/1253064e-b1c3-41bb-b7d2-31b6157e209c/sm/snapshot.1_0 took: 60 ms
2021-01-09 14:08:42,187 [3325cc50-49b5-4605-b753-fe51c7c4e469@group-31B6157E209C-StateMachineUpdater] INFO  impl.StateMachineUpdater (StateMachineUpdater.java:takeSnapshot(279)) - 3325cc50-49b5-4605-b753-fe51c7c4e469@group-31B6157E209C-StateMachineUpdater: Took a snapshot at index 0
2021-01-09 14:08:42,187 [3325cc50-49b5-4605-b753-fe51c7c4e469@group-31B6157E209C-StateMachineUpdater] INFO  impl.StateMachineUpdater (StateMachineUpdater.java:lambda$new$0(88)) - 3325cc50-49b5-4605-b753-fe51c7c4e469@group-31B6157E209C-StateMachineUpdater: snapshotIndex: updateIncreasingly -1 -> 0
2021-01-09 14:08:42,189 [3325cc50-49b5-4605-b753-fe51c7c4e469@group-31B6157E209C-StateMachineUpdater] INFO  metrics.RatisMetrics (RatisMetrics.java:unregister(43)) - Unregistering Metrics Registry : ratis.state_machine.3325cc50-49b5-4605-b753-fe51c7c4e469@group-31B6157E209C
2021-01-09 14:08:42,189 [Listener at 127.0.0.1/11780] INFO  server.RaftServer$Division (ServerState.java:close(400)) - 3325cc50-49b5-4605-b753-fe51c7c4e469@group-31B6157E209C: closes. applyIndex: 0
2021-01-09 14:08:42,190 [470fbf9d-806e-42f0-a865-c68422311eea@group-FC597A5BF4E7-StateMachineUpdater] INFO  ratis.ContainerStateMachine (ContainerStateMachine.java:takeSnapshot(302)) - group-FC597A5BF4E7: Finished taking a snapshot at:(t:1, i:0) file:/github/workspace/mnt/ozone/hadoop-ozone/integration-test/target/test-dir/MiniOzoneClusterImpl-8961eb2b-7999-4159-8884-2a1a29aa57c4/datanode-0/data/ratis/50e2d360-a740-44c3-ad36-fc597a5bf4e7/sm/snapshot.1_0 took: 61 ms
2021-01-09 14:08:42,190 [3325cc50-49b5-4605-b753-fe51c7c4e469@group-31B6157E209C-SegmentedRaftLogWorker] INFO  segmented.SegmentedRaftLogWorker (SegmentedRaftLogWorker.java:run(326)) - 3325cc50-49b5-4605-b753-fe51c7c4e469@group-31B6157E209C-SegmentedRaftLogWorker was interrupted, exiting. There are 0 tasks remaining in the queue.
2021-01-09 14:08:42,190 [Listener at 127.0.0.1/11780] INFO  segmented.SegmentedRaftLogWorker (SegmentedRaftLogWorker.java:close(236)) - 3325cc50-49b5-4605-b753-fe51c7c4e469@group-31B6157E209C-SegmentedRaftLogWorker close()
2021-01-09 14:08:42,190 [470fbf9d-806e-42f0-a865-c68422311eea@group-FC597A5BF4E7-StateMachineUpdater] INFO  impl.StateMachineUpdater (StateMachineUpdater.java:takeSnapshot(279)) - 470fbf9d-806e-42f0-a865-c68422311eea@group-FC597A5BF4E7-StateMachineUpdater: Took a snapshot at index 0
2021-01-09 14:08:42,190 [470fbf9d-806e-42f0-a865-c68422311eea@group-FC597A5BF4E7-StateMachineUpdater] INFO  impl.StateMachineUpdater (StateMachineUpdater.java:lambda$new$0(88)) - 470fbf9d-806e-42f0-a865-c68422311eea@group-FC597A5BF4E7-StateMachineUpdater: snapshotIndex: updateIncreasingly -1 -> 0
2021-01-09 14:08:42,190 [470fbf9d-806e-42f0-a865-c68422311eea@group-FC597A5BF4E7-StateMachineUpdater] INFO  metrics.RatisMetrics (RatisMetrics.java:unregister(43)) - Unregistering Metrics Registry : ratis.state_machine.470fbf9d-806e-42f0-a865-c68422311eea@group-FC597A5BF4E7
2021-01-09 14:08:42,190 [ForkJoinPool.commonPool-worker-0] INFO  server.RaftServer$Division (ServerState.java:close(400)) - 470fbf9d-806e-42f0-a865-c68422311eea@group-FC597A5BF4E7: closes. applyIndex: 0
2021-01-09 14:08:42,191 [Listener at 127.0.0.1/11780] INFO  metrics.RatisMetrics (RatisMetrics.java:unregister(43)) - Unregistering Metrics Registry : ratis.log_worker.3325cc50-49b5-4605-b753-fe51c7c4e469@group-31B6157E209C
2021-01-09 14:08:42,191 [470fbf9d-806e-42f0-a865-c68422311eea@group-FC597A5BF4E7-SegmentedRaftLogWorker] INFO  segmented.SegmentedRaftLogWorker (SegmentedRaftLogWorker.java:run(326)) - 470fbf9d-806e-42f0-a865-c68422311eea@group-FC597A5BF4E7-SegmentedRaftLogWorker was interrupted, exiting. There are 0 tasks remaining in the queue.
2021-01-09 14:08:42,192 [ForkJoinPool.commonPool-worker-0] INFO  segmented.SegmentedRaftLogWorker (SegmentedRaftLogWorker.java:close(236)) - 470fbf9d-806e-42f0-a865-c68422311eea@group-FC597A5BF4E7-SegmentedRaftLogWorker close()
2021-01-09 14:08:42,191 [Listener at 127.0.0.1/11780] INFO  metrics.RatisMetrics (RatisMetrics.java:unregister(43)) - Unregistering Metrics Registry : ratis.leader_election.3325cc50-49b5-4605-b753-fe51c7c4e469@group-31B6157E209C
2021-01-09 14:08:42,192 [Listener at 127.0.0.1/11780] INFO  metrics.RatisMetrics (RatisMetrics.java:unregister(43)) - Unregistering Metrics Registry : ratis.server.3325cc50-49b5-4605-b753-fe51c7c4e469@group-31B6157E209C
2021-01-09 14:08:42,192 [Listener at 127.0.0.1/11780] INFO  server.RaftServer$Division (RaftServerImpl.java:lambda$close$4(405)) - 3325cc50-49b5-4605-b753-fe51c7c4e469@group-DA1943AF2F04: shutdown
2021-01-09 14:08:42,193 [Listener at 127.0.0.1/11780] INFO  util.JmxRegister (JmxRegister.java:unregister(73)) - Successfully un-registered JMX Bean with object name Ratis:service=RaftServer,group=group-DA1943AF2F04,id=3325cc50-49b5-4605-b753-fe51c7c4e469
2021-01-09 14:08:42,193 [Listener at 127.0.0.1/11780] INFO  impl.RoleInfo (RoleInfo.java:shutdownFollowerState(108)) - 3325cc50-49b5-4605-b753-fe51c7c4e469: shutdown 3325cc50-49b5-4605-b753-fe51c7c4e469@group-DA1943AF2F04-FollowerState
2021-01-09 14:08:42,193 [Listener at 127.0.0.1/11780] INFO  impl.StateMachineUpdater (StateMachineUpdater.java:stopAndJoin(148)) - 3325cc50-49b5-4605-b753-fe51c7c4e469@group-DA1943AF2F04-StateMachineUpdater: set stopIndex = 0
2021-01-09 14:08:42,193 [3325cc50-49b5-4605-b753-fe51c7c4e469@group-DA1943AF2F04-StateMachineUpdater] INFO  ratis.ContainerStateMachine (ContainerStateMachine.java:takeSnapshot(291)) - group-DA1943AF2F04: Taking a snapshot at:(t:1, i:0) file /github/workspace/mnt/ozone/hadoop-ozone/integration-test/target/test-dir/MiniOzoneClusterImpl-8961eb2b-7999-4159-8884-2a1a29aa57c4/datanode-1/data/ratis/188ae55a-546a-4727-b3b5-da1943af2f04/sm/snapshot.1_0
2021-01-09 14:08:42,192 [ForkJoinPool.commonPool-worker-0] INFO  metrics.RatisMetrics (RatisMetrics.java:unregister(43)) - Unregistering Metrics Registry : ratis.log_worker.470fbf9d-806e-42f0-a865-c68422311eea@group-FC597A5BF4E7
2021-01-09 14:08:42,193 [Thread-342] INFO  impl.FollowerState (FollowerState.java:run(142)) - 3325cc50-49b5-4605-b753-fe51c7c4e469@group-DA1943AF2F04-FollowerState was interrupted: {}
java.lang.InterruptedException: sleep interrupted
	at java.lang.Thread.sleep(Native Method)
	at java.lang.Thread.sleep(Thread.java:340)
	at java.util.concurrent.TimeUnit.sleep(TimeUnit.java:386)
	at org.apache.ratis.util.TimeDuration.sleep(TimeDuration.java:324)
	at org.apache.ratis.util.TimeDuration.sleep(TimeDuration.java:309)
	at org.apache.ratis.server.impl.FollowerState.run(FollowerState.java:117)
2021-01-09 14:08:42,195 [ForkJoinPool.commonPool-worker-0] INFO  metrics.RatisMetrics (RatisMetrics.java:unregister(43)) - Unregistering Metrics Registry : ratis.leader_election.470fbf9d-806e-42f0-a865-c68422311eea@group-FC597A5BF4E7
2021-01-09 14:08:42,195 [ForkJoinPool.commonPool-worker-0] INFO  metrics.RatisMetrics (RatisMetrics.java:unregister(43)) - Unregistering Metrics Registry : ratis.server.470fbf9d-806e-42f0-a865-c68422311eea@group-FC597A5BF4E7
2021-01-09 14:08:42,195 [ForkJoinPool.commonPool-worker-0] INFO  server.RaftServer$Division (RaftServerImpl.java:lambda$close$4(405)) - 470fbf9d-806e-42f0-a865-c68422311eea@group-31B6157E209C: shutdown
2021-01-09 14:08:42,195 [ForkJoinPool.commonPool-worker-0] INFO  util.JmxRegister (JmxRegister.java:unregister(73)) - Successfully un-registered JMX Bean with object name Ratis:service=RaftServer,group=group-31B6157E209C,id=470fbf9d-806e-42f0-a865-c68422311eea
2021-01-09 14:08:42,195 [ForkJoinPool.commonPool-worker-0] INFO  impl.RoleInfo (RoleInfo.java:shutdownFollowerState(108)) - 470fbf9d-806e-42f0-a865-c68422311eea: shutdown 470fbf9d-806e-42f0-a865-c68422311eea@group-31B6157E209C-FollowerState
2021-01-09 14:08:42,196 [ForkJoinPool.commonPool-worker-0] INFO  impl.StateMachineUpdater (StateMachineUpdater.java:stopAndJoin(148)) - 470fbf9d-806e-42f0-a865-c68422311eea@group-31B6157E209C-StateMachineUpdater: set stopIndex = 0
2021-01-09 14:08:42,196 [Thread-324] INFO  impl.FollowerState (FollowerState.java:run(142)) - 470fbf9d-806e-42f0-a865-c68422311eea@group-31B6157E209C-FollowerState was interrupted: {}
java.lang.InterruptedException: sleep interrupted
	at java.lang.Thread.sleep(Native Method)
	at java.lang.Thread.sleep(Thread.java:340)
	at java.util.concurrent.TimeUnit.sleep(TimeUnit.java:386)
	at org.apache.ratis.util.TimeDuration.sleep(TimeDuration.java:324)
	at org.apache.ratis.util.TimeDuration.sleep(TimeDuration.java:309)
	at org.apache.ratis.server.impl.FollowerState.run(FollowerState.java:117)
2021-01-09 14:08:42,196 [470fbf9d-806e-42f0-a865-c68422311eea@group-31B6157E209C-StateMachineUpdater] INFO  ratis.ContainerStateMachine (ContainerStateMachine.java:takeSnapshot(291)) - group-31B6157E209C: Taking a snapshot at:(t:1, i:0) file /github/workspace/mnt/ozone/hadoop-ozone/integration-test/target/test-dir/MiniOzoneClusterImpl-8961eb2b-7999-4159-8884-2a1a29aa57c4/datanode-0/data/ratis/1253064e-b1c3-41bb-b7d2-31b6157e209c/sm/snapshot.1_0
2021-01-09 14:08:42,196 [3325cc50-49b5-4605-b753-fe51c7c4e469@group-DA1943AF2F04-StateMachineUpdater] INFO  ratis.ContainerStateMachine (ContainerStateMachine.java:takeSnapshot(302)) - group-DA1943AF2F04: Finished taking a snapshot at:(t:1, i:0) file:/github/workspace/mnt/ozone/hadoop-ozone/integration-test/target/test-dir/MiniOzoneClusterImpl-8961eb2b-7999-4159-8884-2a1a29aa57c4/datanode-1/data/ratis/188ae55a-546a-4727-b3b5-da1943af2f04/sm/snapshot.1_0 took: 3 ms
2021-01-09 14:08:42,196 [3325cc50-49b5-4605-b753-fe51c7c4e469@group-DA1943AF2F04-StateMachineUpdater] INFO  impl.StateMachineUpdater (StateMachineUpdater.java:takeSnapshot(279)) - 3325cc50-49b5-4605-b753-fe51c7c4e469@group-DA1943AF2F04-StateMachineUpdater: Took a snapshot at index 0
2021-01-09 14:08:42,196 [3325cc50-49b5-4605-b753-fe51c7c4e469@group-DA1943AF2F04-StateMachineUpdater] INFO  impl.StateMachineUpdater (StateMachineUpdater.java:lambda$new$0(88)) - 3325cc50-49b5-4605-b753-fe51c7c4e469@group-DA1943AF2F04-StateMachineUpdater: snapshotIndex: updateIncreasingly -1 -> 0
2021-01-09 14:08:42,196 [470fbf9d-806e-42f0-a865-c68422311eea@group-31B6157E209C-StateMachineUpdater] INFO  ratis.ContainerStateMachine (ContainerStateMachine.java:takeSnapshot(302)) - group-31B6157E209C: Finished taking a snapshot at:(t:1, i:0) file:/github/workspace/mnt/ozone/hadoop-ozone/integration-test/target/test-dir/MiniOzoneClusterImpl-8961eb2b-7999-4159-8884-2a1a29aa57c4/datanode-0/data/ratis/1253064e-b1c3-41bb-b7d2-31b6157e209c/sm/snapshot.1_0 took: 1 ms
2021-01-09 14:08:42,197 [470fbf9d-806e-42f0-a865-c68422311eea@group-31B6157E209C-StateMachineUpdater] INFO  impl.StateMachineUpdater (StateMachineUpdater.java:takeSnapshot(279)) - 470fbf9d-806e-42f0-a865-c68422311eea@group-31B6157E209C-StateMachineUpdater: Took a snapshot at index 0
2021-01-09 14:08:42,197 [470fbf9d-806e-42f0-a865-c68422311eea@group-31B6157E209C-StateMachineUpdater] INFO  impl.StateMachineUpdater (StateMachineUpdater.java:lambda$new$0(88)) - 470fbf9d-806e-42f0-a865-c68422311eea@group-31B6157E209C-StateMachineUpdater: snapshotIndex: updateIncreasingly -1 -> 0
2021-01-09 14:08:42,197 [470fbf9d-806e-42f0-a865-c68422311eea@group-31B6157E209C-StateMachineUpdater] INFO  metrics.RatisMetrics (RatisMetrics.java:unregister(43)) - Unregistering Metrics Registry : ratis.state_machine.470fbf9d-806e-42f0-a865-c68422311eea@group-31B6157E209C
2021-01-09 14:08:42,197 [3325cc50-49b5-4605-b753-fe51c7c4e469@group-DA1943AF2F04-StateMachineUpdater] INFO  metrics.RatisMetrics (RatisMetrics.java:unregister(43)) - Unregistering Metrics Registry : ratis.state_machine.3325cc50-49b5-4605-b753-fe51c7c4e469@group-DA1943AF2F04
2021-01-09 14:08:42,197 [ForkJoinPool.commonPool-worker-0] INFO  server.RaftServer$Division (ServerState.java:close(400)) - 470fbf9d-806e-42f0-a865-c68422311eea@group-31B6157E209C: closes. applyIndex: 0
2021-01-09 14:08:42,197 [470fbf9d-806e-42f0-a865-c68422311eea@group-31B6157E209C-SegmentedRaftLogWorker] INFO  segmented.SegmentedRaftLogWorker (SegmentedRaftLogWorker.java:run(326)) - 470fbf9d-806e-42f0-a865-c68422311eea@group-31B6157E209C-SegmentedRaftLogWorker was interrupted, exiting. There are 0 tasks remaining in the queue.
2021-01-09 14:08:42,198 [ForkJoinPool.commonPool-worker-0] INFO  segmented.SegmentedRaftLogWorker (SegmentedRaftLogWorker.java:close(236)) - 470fbf9d-806e-42f0-a865-c68422311eea@group-31B6157E209C-SegmentedRaftLogWorker close()
2021-01-09 14:08:42,198 [ForkJoinPool.commonPool-worker-0] INFO  metrics.RatisMetrics (RatisMetrics.java:unregister(43)) - Unregistering Metrics Registry : ratis.log_worker.470fbf9d-806e-42f0-a865-c68422311eea@group-31B6157E209C
2021-01-09 14:08:42,198 [ForkJoinPool.commonPool-worker-0] INFO  metrics.RatisMetrics (RatisMetrics.java:unregister(43)) - Unregistering Metrics Registry : ratis.leader_election.470fbf9d-806e-42f0-a865-c68422311eea@group-31B6157E209C
2021-01-09 14:08:42,198 [ForkJoinPool.commonPool-worker-0] INFO  metrics.RatisMetrics (RatisMetrics.java:unregister(43)) - Unregistering Metrics Registry : ratis.server.470fbf9d-806e-42f0-a865-c68422311eea@group-31B6157E209C
2021-01-09 14:08:42,198 [ForkJoinPool.commonPool-worker-0] INFO  server.RaftServer$Division (RaftServerImpl.java:lambda$close$4(405)) - 470fbf9d-806e-42f0-a865-c68422311eea@group-DA1943AF2F04: shutdown
2021-01-09 14:08:42,198 [ForkJoinPool.commonPool-worker-0] INFO  util.JmxRegister (JmxRegister.java:unregister(73)) - Successfully un-registered JMX Bean with object name Ratis:service=RaftServer,group=group-DA1943AF2F04,id=470fbf9d-806e-42f0-a865-c68422311eea
2021-01-09 14:08:42,199 [ForkJoinPool.commonPool-worker-0] INFO  impl.RoleInfo (RoleInfo.java:shutdownLeaderState(91)) - 470fbf9d-806e-42f0-a865-c68422311eea: shutdown 470fbf9d-806e-42f0-a865-c68422311eea@group-DA1943AF2F04-LeaderStateImpl
2021-01-09 14:08:42,199 [ForkJoinPool.commonPool-worker-0] INFO  metrics.RatisMetrics (RatisMetrics.java:unregister(43)) - Unregistering Metrics Registry : ratis_grpc.log_appender.470fbf9d-806e-42f0-a865-c68422311eea@group-DA1943AF2F04
2021-01-09 14:08:42,199 [ForkJoinPool.commonPool-worker-0] INFO  metrics.RatisMetrics (RatisMetrics.java:unregister(43)) - Unregistering Metrics Registry : ratis_grpc.log_appender.470fbf9d-806e-42f0-a865-c68422311eea@group-DA1943AF2F04
2021-01-09 14:08:42,199 [ForkJoinPool.commonPool-worker-0] INFO  impl.PendingRequests (PendingRequests.java:sendNotLeaderResponses(249)) - 470fbf9d-806e-42f0-a865-c68422311eea@group-DA1943AF2F04-PendingRequests: sendNotLeaderResponses
2021-01-09 14:08:42,199 [470fbf9d-806e-42f0-a865-c68422311eea@group-DA1943AF2F04->c6546d7c-3c2c-4358-92ae-ae46770bf30e-GrpcLogAppender-LogAppenderDaemon] WARN  server.GrpcLogAppender (GrpcLogAppender.java:mayWait(175)) - 470fbf9d-806e-42f0-a865-c68422311eea@group-DA1943AF2F04->c6546d7c-3c2c-4358-92ae-ae46770bf30e-GrpcLogAppender: Wait interrupted by java.lang.InterruptedException
2021-01-09 14:08:42,199 [ForkJoinPool.commonPool-worker-0] INFO  metrics.RatisMetrics (RatisMetrics.java:unregister(43)) - Unregistering Metrics Registry : ratis.log_appender.470fbf9d-806e-42f0-a865-c68422311eea@group-DA1943AF2F04
2021-01-09 14:08:42,199 [ForkJoinPool.commonPool-worker-0] INFO  metrics.RatisMetrics (RatisMetrics.java:unregister(43)) - Unregistering Metrics Registry : ratis.server.470fbf9d-806e-42f0-a865-c68422311eea@group-DA1943AF2F04
2021-01-09 14:08:42,199 [470fbf9d-806e-42f0-a865-c68422311eea@group-DA1943AF2F04->3325cc50-49b5-4605-b753-fe51c7c4e469-GrpcLogAppender-LogAppenderDaemon] WARN  server.GrpcLogAppender (GrpcLogAppender.java:mayWait(175)) - 470fbf9d-806e-42f0-a865-c68422311eea@group-DA1943AF2F04->3325cc50-49b5-4605-b753-fe51c7c4e469-GrpcLogAppender: Wait interrupted by java.lang.InterruptedException
2021-01-09 14:08:42,200 [grpc-default-executor-2] INFO  server.GrpcServerProtocolService (GrpcServerProtocolService.java:onCompleted(138)) - 3325cc50-49b5-4605-b753-fe51c7c4e469: Completed APPEND_ENTRIES, lastRequest: 470fbf9d-806e-42f0-a865-c68422311eea->3325cc50-49b5-4605-b753-fe51c7c4e469#1-t1,previous=(t:0, i:0),leaderCommit=-1,initializing? true,entries: size=1, first=(t:1, i:0), CONFIGURATIONENTRY
2021-01-09 14:08:42,200 [grpc-default-executor-3] INFO  server.GrpcLogAppender (GrpcLogAppender.java:onCompleted(344)) - 470fbf9d-806e-42f0-a865-c68422311eea@group-DA1943AF2F04->3325cc50-49b5-4605-b753-fe51c7c4e469-AppendLogResponseHandler: follower responses appendEntries COMPLETED
2021-01-09 14:08:42,201 [grpc-default-executor-3] INFO  leader.FollowerInfo (FollowerInfoImpl.java:lambda$new$0(46)) - 470fbf9d-806e-42f0-a865-c68422311eea@group-DA1943AF2F04->3325cc50-49b5-4605-b753-fe51c7c4e469: nextIndex: updateUnconditionally 1 -> 0
2021-01-09 14:08:42,199 [grpc-default-executor-0] INFO  server.GrpcServerProtocolService (GrpcServerProtocolService.java:onCompleted(138)) - c6546d7c-3c2c-4358-92ae-ae46770bf30e: Completed APPEND_ENTRIES, lastRequest: 470fbf9d-806e-42f0-a865-c68422311eea->c6546d7c-3c2c-4358-92ae-ae46770bf30e#1-t1,previous=(t:0, i:0),leaderCommit=-1,initializing? true,entries: size=1, first=(t:1, i:0), CONFIGURATIONENTRY
2021-01-09 14:08:42,202 [Listener at 127.0.0.1/11780] INFO  server.RaftServer$Division (ServerState.java:close(400)) - 3325cc50-49b5-4605-b753-fe51c7c4e469@group-DA1943AF2F04: closes. applyIndex: 0
2021-01-09 14:08:42,202 [3325cc50-49b5-4605-b753-fe51c7c4e469@group-DA1943AF2F04-SegmentedRaftLogWorker] INFO  segmented.SegmentedRaftLogWorker (SegmentedRaftLogWorker.java:run(326)) - 3325cc50-49b5-4605-b753-fe51c7c4e469@group-DA1943AF2F04-SegmentedRaftLogWorker was interrupted, exiting. There are 0 tasks remaining in the queue.
2021-01-09 14:08:42,202 [Listener at 127.0.0.1/11780] INFO  segmented.SegmentedRaftLogWorker (SegmentedRaftLogWorker.java:close(236)) - 3325cc50-49b5-4605-b753-fe51c7c4e469@group-DA1943AF2F04-SegmentedRaftLogWorker close()
2021-01-09 14:08:42,203 [Listener at 127.0.0.1/11780] INFO  metrics.RatisMetrics (RatisMetrics.java:unregister(43)) - Unregistering Metrics Registry : ratis.log_worker.3325cc50-49b5-4605-b753-fe51c7c4e469@group-DA1943AF2F04
2021-01-09 14:08:42,203 [Listener at 127.0.0.1/11780] INFO  metrics.RatisMetrics (RatisMetrics.java:unregister(43)) - Unregistering Metrics Registry : ratis.leader_election.3325cc50-49b5-4605-b753-fe51c7c4e469@group-DA1943AF2F04
2021-01-09 14:08:42,203 [Listener at 127.0.0.1/11780] INFO  metrics.RatisMetrics (RatisMetrics.java:unregister(43)) - Unregistering Metrics Registry : ratis.server.3325cc50-49b5-4605-b753-fe51c7c4e469@group-DA1943AF2F04
2021-01-09 14:08:42,203 [Listener at 127.0.0.1/11780] INFO  server.RaftServer$Division (RaftServerImpl.java:lambda$close$4(405)) - 3325cc50-49b5-4605-b753-fe51c7c4e469@group-58E9D1396586: shutdown
2021-01-09 14:08:42,204 [Listener at 127.0.0.1/11780] INFO  util.JmxRegister (JmxRegister.java:unregister(73)) - Successfully un-registered JMX Bean with object name Ratis:service=RaftServer,group=group-58E9D1396586,id=3325cc50-49b5-4605-b753-fe51c7c4e469
2021-01-09 14:08:42,204 [Listener at 127.0.0.1/11780] INFO  impl.RoleInfo (RoleInfo.java:shutdownLeaderState(91)) - 3325cc50-49b5-4605-b753-fe51c7c4e469: shutdown 3325cc50-49b5-4605-b753-fe51c7c4e469@group-58E9D1396586-LeaderStateImpl
2021-01-09 14:08:42,204 [grpc-default-executor-0] INFO  server.GrpcLogAppender (GrpcLogAppender.java:onCompleted(344)) - 470fbf9d-806e-42f0-a865-c68422311eea@group-DA1943AF2F04->c6546d7c-3c2c-4358-92ae-ae46770bf30e-AppendLogResponseHandler: follower responses appendEntries COMPLETED
2021-01-09 14:08:42,204 [ForkJoinPool.commonPool-worker-0] INFO  impl.StateMachineUpdater (StateMachineUpdater.java:stopAndJoin(148)) - 470fbf9d-806e-42f0-a865-c68422311eea@group-DA1943AF2F04-StateMachineUpdater: set stopIndex = 0
2021-01-09 14:08:42,204 [Listener at 127.0.0.1/11780] INFO  impl.PendingRequests (PendingRequests.java:sendNotLeaderResponses(249)) - 3325cc50-49b5-4605-b753-fe51c7c4e469@group-58E9D1396586-PendingRequests: sendNotLeaderResponses
2021-01-09 14:08:42,205 [470fbf9d-806e-42f0-a865-c68422311eea@group-DA1943AF2F04-StateMachineUpdater] INFO  ratis.ContainerStateMachine (ContainerStateMachine.java:takeSnapshot(291)) - group-DA1943AF2F04: Taking a snapshot at:(t:1, i:0) file /github/workspace/mnt/ozone/hadoop-ozone/integration-test/target/test-dir/MiniOzoneClusterImpl-8961eb2b-7999-4159-8884-2a1a29aa57c4/datanode-0/data/ratis/188ae55a-546a-4727-b3b5-da1943af2f04/sm/snapshot.1_0
2021-01-09 14:08:42,204 [grpc-default-executor-0] INFO  leader.FollowerInfo (FollowerInfoImpl.java:lambda$new$0(46)) - 470fbf9d-806e-42f0-a865-c68422311eea@group-DA1943AF2F04->c6546d7c-3c2c-4358-92ae-ae46770bf30e: nextIndex: updateUnconditionally 1 -> 0
2021-01-09 14:08:42,205 [Listener at 127.0.0.1/11780] INFO  metrics.RatisMetrics (RatisMetrics.java:unregister(43)) - Unregistering Metrics Registry : ratis.log_appender.3325cc50-49b5-4605-b753-fe51c7c4e469@group-58E9D1396586
2021-01-09 14:08:42,205 [Listener at 127.0.0.1/11780] INFO  metrics.RatisMetrics (RatisMetrics.java:unregister(43)) - Unregistering Metrics Registry : ratis.server.3325cc50-49b5-4605-b753-fe51c7c4e469@group-58E9D1396586
2021-01-09 14:08:42,206 [470fbf9d-806e-42f0-a865-c68422311eea@group-DA1943AF2F04-StateMachineUpdater] INFO  ratis.ContainerStateMachine (ContainerStateMachine.java:takeSnapshot(302)) - group-DA1943AF2F04: Finished taking a snapshot at:(t:1, i:0) file:/github/workspace/mnt/ozone/hadoop-ozone/integration-test/target/test-dir/MiniOzoneClusterImpl-8961eb2b-7999-4159-8884-2a1a29aa57c4/datanode-0/data/ratis/188ae55a-546a-4727-b3b5-da1943af2f04/sm/snapshot.1_0 took: 1 ms
2021-01-09 14:08:42,206 [Listener at 127.0.0.1/11780] INFO  impl.StateMachineUpdater (StateMachineUpdater.java:stopAndJoin(148)) - 3325cc50-49b5-4605-b753-fe51c7c4e469@group-58E9D1396586-StateMachineUpdater: set stopIndex = 0
2021-01-09 14:08:42,206 [3325cc50-49b5-4605-b753-fe51c7c4e469@group-58E9D1396586-StateMachineUpdater] INFO  ratis.ContainerStateMachine (ContainerStateMachine.java:takeSnapshot(291)) - group-58E9D1396586: Taking a snapshot at:(t:1, i:0) file /github/workspace/mnt/ozone/hadoop-ozone/integration-test/target/test-dir/MiniOzoneClusterImpl-8961eb2b-7999-4159-8884-2a1a29aa57c4/datanode-1/data/ratis/bf7e98a3-a94f-43b8-ac37-58e9d1396586/sm/snapshot.1_0
2021-01-09 14:08:42,206 [470fbf9d-806e-42f0-a865-c68422311eea@group-DA1943AF2F04-StateMachineUpdater] INFO  impl.StateMachineUpdater (StateMachineUpdater.java:takeSnapshot(279)) - 470fbf9d-806e-42f0-a865-c68422311eea@group-DA1943AF2F04-StateMachineUpdater: Took a snapshot at index 0
2021-01-09 14:08:42,206 [470fbf9d-806e-42f0-a865-c68422311eea@group-DA1943AF2F04-StateMachineUpdater] INFO  impl.StateMachineUpdater (StateMachineUpdater.java:lambda$new$0(88)) - 470fbf9d-806e-42f0-a865-c68422311eea@group-DA1943AF2F04-StateMachineUpdater: snapshotIndex: updateIncreasingly -1 -> 0
2021-01-09 14:08:42,207 [470fbf9d-806e-42f0-a865-c68422311eea@group-DA1943AF2F04-StateMachineUpdater] INFO  metrics.RatisMetrics (RatisMetrics.java:unregister(43)) - Unregistering Metrics Registry : ratis.state_machine.470fbf9d-806e-42f0-a865-c68422311eea@group-DA1943AF2F04
2021-01-09 14:08:42,207 [3325cc50-49b5-4605-b753-fe51c7c4e469@group-58E9D1396586-StateMachineUpdater] INFO  ratis.ContainerStateMachine (ContainerStateMachine.java:takeSnapshot(302)) - group-58E9D1396586: Finished taking a snapshot at:(t:1, i:0) file:/github/workspace/mnt/ozone/hadoop-ozone/integration-test/target/test-dir/MiniOzoneClusterImpl-8961eb2b-7999-4159-8884-2a1a29aa57c4/datanode-1/data/ratis/bf7e98a3-a94f-43b8-ac37-58e9d1396586/sm/snapshot.1_0 took: 0 ms
2021-01-09 14:08:42,207 [3325cc50-49b5-4605-b753-fe51c7c4e469@group-58E9D1396586-StateMachineUpdater] INFO  impl.StateMachineUpdater (StateMachineUpdater.java:takeSnapshot(279)) - 3325cc50-49b5-4605-b753-fe51c7c4e469@group-58E9D1396586-StateMachineUpdater: Took a snapshot at index 0
2021-01-09 14:08:42,207 [3325cc50-49b5-4605-b753-fe51c7c4e469@group-58E9D1396586-StateMachineUpdater] INFO  impl.StateMachineUpdater (StateMachineUpdater.java:lambda$new$0(88)) - 3325cc50-49b5-4605-b753-fe51c7c4e469@group-58E9D1396586-StateMachineUpdater: snapshotIndex: updateIncreasingly -1 -> 0
2021-01-09 14:08:42,207 [3325cc50-49b5-4605-b753-fe51c7c4e469@group-58E9D1396586-StateMachineUpdater] INFO  metrics.RatisMetrics (RatisMetrics.java:unregister(43)) - Unregistering Metrics Registry : ratis.state_machine.3325cc50-49b5-4605-b753-fe51c7c4e469@group-58E9D1396586
2021-01-09 14:08:42,207 [ForkJoinPool.commonPool-worker-0] INFO  server.RaftServer$Division (ServerState.java:close(400)) - 470fbf9d-806e-42f0-a865-c68422311eea@group-DA1943AF2F04: closes. applyIndex: 0
2021-01-09 14:08:42,208 [470fbf9d-806e-42f0-a865-c68422311eea@group-DA1943AF2F04-SegmentedRaftLogWorker] INFO  segmented.SegmentedRaftLogWorker (SegmentedRaftLogWorker.java:run(326)) - 470fbf9d-806e-42f0-a865-c68422311eea@group-DA1943AF2F04-SegmentedRaftLogWorker was interrupted, exiting. There are 0 tasks remaining in the queue.
2021-01-09 14:08:42,208 [ForkJoinPool.commonPool-worker-0] INFO  segmented.SegmentedRaftLogWorker (SegmentedRaftLogWorker.java:close(236)) - 470fbf9d-806e-42f0-a865-c68422311eea@group-DA1943AF2F04-SegmentedRaftLogWorker close()
2021-01-09 14:08:42,209 [ForkJoinPool.commonPool-worker-0] INFO  metrics.RatisMetrics (RatisMetrics.java:unregister(43)) - Unregistering Metrics Registry : ratis.log_worker.470fbf9d-806e-42f0-a865-c68422311eea@group-DA1943AF2F04
2021-01-09 14:08:42,209 [ForkJoinPool.commonPool-worker-0] INFO  metrics.RatisMetrics (RatisMetrics.java:unregister(43)) - Unregistering Metrics Registry : ratis.leader_election.470fbf9d-806e-42f0-a865-c68422311eea@group-DA1943AF2F04
2021-01-09 14:08:42,209 [ForkJoinPool.commonPool-worker-0] INFO  metrics.RatisMetrics (RatisMetrics.java:unregister(43)) - Unregistering Metrics Registry : ratis.server.470fbf9d-806e-42f0-a865-c68422311eea@group-DA1943AF2F04
2021-01-09 14:08:42,209 [ForkJoinPool.commonPool-worker-0] INFO  server.GrpcService (GrpcService.java:closeImpl(183)) - 470fbf9d-806e-42f0-a865-c68422311eea: shutdown server with port 41015 now
2021-01-09 14:08:42,210 [Listener at 127.0.0.1/11780] INFO  server.RaftServer$Division (ServerState.java:close(400)) - 3325cc50-49b5-4605-b753-fe51c7c4e469@group-58E9D1396586: closes. applyIndex: 0
2021-01-09 14:08:42,210 [3325cc50-49b5-4605-b753-fe51c7c4e469@group-58E9D1396586-SegmentedRaftLogWorker] INFO  segmented.SegmentedRaftLogWorker (SegmentedRaftLogWorker.java:run(326)) - 3325cc50-49b5-4605-b753-fe51c7c4e469@group-58E9D1396586-SegmentedRaftLogWorker was interrupted, exiting. There are 0 tasks remaining in the queue.
2021-01-09 14:08:42,210 [Listener at 127.0.0.1/11780] INFO  segmented.SegmentedRaftLogWorker (SegmentedRaftLogWorker.java:close(236)) - 3325cc50-49b5-4605-b753-fe51c7c4e469@group-58E9D1396586-SegmentedRaftLogWorker close()
2021-01-09 14:08:42,210 [grpc-default-executor-3] WARN  server.GrpcLogAppender (LogUtils.java:warn(122)) - c6546d7c-3c2c-4358-92ae-ae46770bf30e@group-31B6157E209C->470fbf9d-806e-42f0-a865-c68422311eea-AppendLogResponseHandler: Failed appendEntries: org.apache.ratis.thirdparty.io.grpc.StatusRuntimeException: CANCELLED: HTTP/2 error code: CANCEL
Received Rst Stream
2021-01-09 14:08:42,211 [grpc-default-executor-3] WARN  server.GrpcLogAppender (GrpcLogAppender.java:resetClient(111)) - c6546d7c-3c2c-4358-92ae-ae46770bf30e@group-31B6157E209C->470fbf9d-806e-42f0-a865-c68422311eea-GrpcLogAppender: Leader has not got in touch with Follower c6546d7c-3c2c-4358-92ae-ae46770bf30e@group-31B6157E209C->470fbf9d-806e-42f0-a865-c68422311eea(c0,m0,n1, attendVote=true, lastRpcSendTime=1733, lastRpcResponseTime=1732) yet, just keep nextIndex unchanged and retry.
2021-01-09 14:08:42,211 [grpc-default-executor-2] WARN  server.GrpcServerProtocolService (LogUtils.java:warn(122)) - 470fbf9d-806e-42f0-a865-c68422311eea: installSnapshot onError, lastRequest: c6546d7c-3c2c-4358-92ae-ae46770bf30e->470fbf9d-806e-42f0-a865-c68422311eea#1-t1,previous=(t:0, i:0),leaderCommit=-1,initializing? true,entries: size=1, first=(t:1, i:0), CONFIGURATIONENTRY: org.apache.ratis.thirdparty.io.grpc.StatusRuntimeException: CANCELLED: cancelled before receiving half close
2021-01-09 14:08:42,214 [Listener at 127.0.0.1/11780] INFO  metrics.RatisMetrics (RatisMetrics.java:unregister(43)) - Unregistering Metrics Registry : ratis.log_worker.3325cc50-49b5-4605-b753-fe51c7c4e469@group-58E9D1396586
2021-01-09 14:08:42,214 [Listener at 127.0.0.1/11780] INFO  metrics.RatisMetrics (RatisMetrics.java:unregister(43)) - Unregistering Metrics Registry : ratis.leader_election.3325cc50-49b5-4605-b753-fe51c7c4e469@group-58E9D1396586
2021-01-09 14:08:42,214 [Listener at 127.0.0.1/11780] INFO  metrics.RatisMetrics (RatisMetrics.java:unregister(43)) - Unregistering Metrics Registry : ratis.server.3325cc50-49b5-4605-b753-fe51c7c4e469@group-58E9D1396586
2021-01-09 14:08:42,214 [Listener at 127.0.0.1/11780] INFO  server.GrpcService (GrpcService.java:closeImpl(183)) - 3325cc50-49b5-4605-b753-fe51c7c4e469: shutdown server with port 45501 now
2021-01-09 14:08:42,236 [grpc-default-executor-3] WARN  server.GrpcLogAppender (LogUtils.java:warn(122)) - c6546d7c-3c2c-4358-92ae-ae46770bf30e@group-31B6157E209C->3325cc50-49b5-4605-b753-fe51c7c4e469-AppendLogResponseHandler: Failed appendEntries: org.apache.ratis.thirdparty.io.grpc.StatusRuntimeException: CANCELLED: HTTP/2 error code: CANCEL
Received Rst Stream
2021-01-09 14:08:42,236 [grpc-default-executor-2] WARN  server.GrpcServerProtocolService (LogUtils.java:warn(122)) - 3325cc50-49b5-4605-b753-fe51c7c4e469: installSnapshot onError, lastRequest: c6546d7c-3c2c-4358-92ae-ae46770bf30e->3325cc50-49b5-4605-b753-fe51c7c4e469#1-t1,previous=(t:0, i:0),leaderCommit=-1,initializing? true,entries: size=1, first=(t:1, i:0), CONFIGURATIONENTRY: org.apache.ratis.thirdparty.io.grpc.StatusRuntimeException: CANCELLED: cancelled before receiving half close
2021-01-09 14:08:42,236 [Listener at 127.0.0.1/11780] INFO  server.GrpcService (GrpcService.java:closeImpl(192)) - 3325cc50-49b5-4605-b753-fe51c7c4e469: shutdown server with port 45501 successfully
2021-01-09 14:08:42,236 [grpc-default-executor-3] WARN  server.GrpcLogAppender (GrpcLogAppender.java:resetClient(111)) - c6546d7c-3c2c-4358-92ae-ae46770bf30e@group-31B6157E209C->3325cc50-49b5-4605-b753-fe51c7c4e469-GrpcLogAppender: Leader has not got in touch with Follower c6546d7c-3c2c-4358-92ae-ae46770bf30e@group-31B6157E209C->3325cc50-49b5-4605-b753-fe51c7c4e469(c0,m0,n1, attendVote=true, lastRpcSendTime=1767, lastRpcResponseTime=1765) yet, just keep nextIndex unchanged and retry.
2021-01-09 14:08:42,236 [org.apache.ratis.util.JvmPauseMonitor$$Lambda$305/1107501547@6d993f39] INFO  util.JvmPauseMonitor (JvmPauseMonitor.java:run(109)) - JvmPauseMonitor-3325cc50-49b5-4605-b753-fe51c7c4e469: Stopped
2021-01-09 14:08:42,243 [Listener at 127.0.0.1/11780] INFO  utils.BackgroundService (BackgroundService.java:shutdown(132)) - Shutting down service BlockDeletingService
2021-01-09 14:08:42,244 [ForkJoinPool.commonPool-worker-0] INFO  server.GrpcService (GrpcService.java:closeImpl(192)) - 470fbf9d-806e-42f0-a865-c68422311eea: shutdown server with port 41015 successfully
2021-01-09 14:08:42,244 [org.apache.ratis.util.JvmPauseMonitor$$Lambda$305/1107501547@6b5e132b] INFO  util.JvmPauseMonitor (JvmPauseMonitor.java:run(109)) - JvmPauseMonitor-470fbf9d-806e-42f0-a865-c68422311eea: Stopped
2021-01-09 14:08:42,265 [Listener at 127.0.0.1/11780] INFO  statemachine.DatanodeStateMachine (DatanodeStateMachine.java:stopDaemon(461)) - Ozone container server stopped.
2021-01-09 14:08:42,275 [ForkJoinPool.commonPool-worker-0] INFO  utils.BackgroundService (BackgroundService.java:shutdown(132)) - Shutting down service BlockDeletingService
2021-01-09 14:08:42,287 [ForkJoinPool.commonPool-worker-0] INFO  statemachine.DatanodeStateMachine (DatanodeStateMachine.java:stopDaemon(461)) - Ozone container server stopped.
2021-01-09 14:08:42,289 [Listener at 127.0.0.1/11780] INFO  handler.ContextHandler (ContextHandler.java:doStop(1154)) - Stopped o.e.j.w.WebAppContext@690d808e{hddsDatanode,/,null,STOPPED}{jar:file:/home/user/.m2/repository/org/apache/hadoop/hadoop-hdds-container-service/1.1.0-SNAPSHOT/hadoop-hdds-container-service-1.1.0-SNAPSHOT.jar!/webapps/hddsDatanode}
2021-01-09 14:08:42,311 [ForkJoinPool.commonPool-worker-0] INFO  handler.ContextHandler (ContextHandler.java:doStop(1154)) - Stopped o.e.j.w.WebAppContext@3d03b388{hddsDatanode,/,null,STOPPED}{jar:file:/home/user/.m2/repository/org/apache/hadoop/hadoop-hdds-container-service/1.1.0-SNAPSHOT/hadoop-hdds-container-service-1.1.0-SNAPSHOT.jar!/webapps/hddsDatanode}
2021-01-09 14:08:42,316 [Listener at 127.0.0.1/11780] INFO  server.AbstractConnector (AbstractConnector.java:doStop(381)) - Stopped ServerConnector@21021779{HTTP/1.1, (http/1.1)}{0.0.0.0:0}
2021-01-09 14:08:42,316 [Listener at 127.0.0.1/11780] INFO  server.session (HouseKeeper.java:stopScavenging(149)) - node0 Stopped scavenging
2021-01-09 14:08:42,316 [ForkJoinPool.commonPool-worker-0] INFO  server.AbstractConnector (AbstractConnector.java:doStop(381)) - Stopped ServerConnector@67666b20{HTTP/1.1, (http/1.1)}{0.0.0.0:0}
2021-01-09 14:08:42,316 [Listener at 127.0.0.1/11780] INFO  handler.ContextHandler (ContextHandler.java:doStop(1154)) - Stopped o.e.j.s.ServletContextHandler@74285fc9{static,/static,jar:file:/home/user/.m2/repository/org/apache/hadoop/hadoop-hdds-container-service/1.1.0-SNAPSHOT/hadoop-hdds-container-service-1.1.0-SNAPSHOT.jar!/webapps/static,STOPPED}
2021-01-09 14:08:42,317 [Listener at 127.0.0.1/11780] INFO  handler.ContextHandler (ContextHandler.java:doStop(1154)) - Stopped o.e.j.s.ServletContextHandler@3a0c7085{logs,/logs,file:///github/workspace/mnt/ozone/hadoop-ozone/integration-test/target/log,STOPPED}
2021-01-09 14:08:42,316 [ForkJoinPool.commonPool-worker-0] INFO  server.session (HouseKeeper.java:stopScavenging(149)) - node0 Stopped scavenging
2021-01-09 14:08:42,346 [ForkJoinPool.commonPool-worker-0] INFO  handler.ContextHandler (ContextHandler.java:doStop(1154)) - Stopped o.e.j.s.ServletContextHandler@48ba73d3{static,/static,jar:file:/home/user/.m2/repository/org/apache/hadoop/hadoop-hdds-container-service/1.1.0-SNAPSHOT/hadoop-hdds-container-service-1.1.0-SNAPSHOT.jar!/webapps/static,STOPPED}
2021-01-09 14:08:42,354 [ForkJoinPool.commonPool-worker-0] INFO  handler.ContextHandler (ContextHandler.java:doStop(1154)) - Stopped o.e.j.s.ServletContextHandler@6ed8566{logs,/logs,file:///github/workspace/mnt/ozone/hadoop-ozone/integration-test/target/log,STOPPED}
2021-01-09 14:08:42,976 [grpc-default-executor-3] WARN  server.GrpcLogAppender (LogUtils.java:warn(122)) - c6546d7c-3c2c-4358-92ae-ae46770bf30e@group-31B6157E209C->3325cc50-49b5-4605-b753-fe51c7c4e469-AppendLogResponseHandler: Failed appendEntries: org.apache.ratis.thirdparty.io.grpc.StatusRuntimeException: UNAVAILABLE: io exception
2021-01-09 14:08:42,976 [grpc-default-executor-3] WARN  server.GrpcLogAppender (GrpcLogAppender.java:resetClient(111)) - c6546d7c-3c2c-4358-92ae-ae46770bf30e@group-31B6157E209C->3325cc50-49b5-4605-b753-fe51c7c4e469-GrpcLogAppender: Leader has not got in touch with Follower c6546d7c-3c2c-4358-92ae-ae46770bf30e@group-31B6157E209C->3325cc50-49b5-4605-b753-fe51c7c4e469(c0,m0,n1, attendVote=true, lastRpcSendTime=5, lastRpcResponseTime=2506) yet, just keep nextIndex unchanged and retry.
2021-01-09 14:08:42,980 [grpc-default-executor-3] WARN  server.GrpcLogAppender (LogUtils.java:warn(122)) - c6546d7c-3c2c-4358-92ae-ae46770bf30e@group-31B6157E209C->470fbf9d-806e-42f0-a865-c68422311eea-AppendLogResponseHandler: Failed appendEntries: org.apache.ratis.thirdparty.io.grpc.StatusRuntimeException: UNAVAILABLE: io exception
2021-01-09 14:08:42,980 [grpc-default-executor-3] WARN  server.GrpcLogAppender (GrpcLogAppender.java:resetClient(111)) - c6546d7c-3c2c-4358-92ae-ae46770bf30e@group-31B6157E209C->470fbf9d-806e-42f0-a865-c68422311eea-GrpcLogAppender: Leader has not got in touch with Follower c6546d7c-3c2c-4358-92ae-ae46770bf30e@group-31B6157E209C->470fbf9d-806e-42f0-a865-c68422311eea(c0,m0,n1, attendVote=true, lastRpcSendTime=1, lastRpcResponseTime=2502) yet, just keep nextIndex unchanged and retry.
2021-01-09 14:08:43,303 [Datanode State Machine Thread - 0] INFO  statemachine.DatanodeStateMachine (DatanodeStateMachine.java:lambda$startDaemon$0(408)) - Ozone container server started.
2021-01-09 14:08:45,471 [grpc-default-executor-3] WARN  server.GrpcLogAppender (LogUtils.java:warn(122)) - c6546d7c-3c2c-4358-92ae-ae46770bf30e@group-31B6157E209C->3325cc50-49b5-4605-b753-fe51c7c4e469-AppendLogResponseHandler: Failed appendEntries: org.apache.ratis.thirdparty.io.grpc.StatusRuntimeException: UNAVAILABLE: io exception
2021-01-09 14:08:45,472 [grpc-default-executor-3] WARN  server.GrpcLogAppender (GrpcLogAppender.java:resetClient(111)) - c6546d7c-3c2c-4358-92ae-ae46770bf30e@group-31B6157E209C->3325cc50-49b5-4605-b753-fe51c7c4e469-GrpcLogAppender: Leader has not got in touch with Follower c6546d7c-3c2c-4358-92ae-ae46770bf30e@group-31B6157E209C->3325cc50-49b5-4605-b753-fe51c7c4e469(c0,m0,n1, attendVote=true, lastRpcSendTime=2501, lastRpcResponseTime=5001) yet, just keep nextIndex unchanged and retry.
2021-01-09 14:08:45,479 [grpc-default-executor-3] WARN  server.GrpcLogAppender (LogUtils.java:warn(122)) - c6546d7c-3c2c-4358-92ae-ae46770bf30e@group-31B6157E209C->470fbf9d-806e-42f0-a865-c68422311eea-AppendLogResponseHandler: Failed appendEntries: org.apache.ratis.thirdparty.io.grpc.StatusRuntimeException: UNAVAILABLE: io exception
2021-01-09 14:08:45,479 [grpc-default-executor-3] WARN  server.GrpcLogAppender (GrpcLogAppender.java:resetClient(111)) - c6546d7c-3c2c-4358-92ae-ae46770bf30e@group-31B6157E209C->470fbf9d-806e-42f0-a865-c68422311eea-GrpcLogAppender: Leader has not got in touch with Follower c6546d7c-3c2c-4358-92ae-ae46770bf30e@group-31B6157E209C->470fbf9d-806e-42f0-a865-c68422311eea(c0,m0,n1, attendVote=true, lastRpcSendTime=0, lastRpcResponseTime=5001) yet, just keep nextIndex unchanged and retry.
2021-01-09 14:08:47,318 [Listener at 127.0.0.1/11780] INFO  ozoneimpl.OzoneContainer (OzoneContainer.java:stop(273)) - Attempting to stop container services.
2021-01-09 14:08:47,319 [Listener at 127.0.0.1/11780] INFO  server.RaftServer (RaftServerProxy.java:lambda$close$6(389)) - c6546d7c-3c2c-4358-92ae-ae46770bf30e: close
2021-01-09 14:08:47,327 [Listener at 127.0.0.1/11780] INFO  server.RaftServer$Division (RaftServerImpl.java:lambda$close$4(405)) - c6546d7c-3c2c-4358-92ae-ae46770bf30e@group-31B6157E209C: shutdown
2021-01-09 14:08:47,327 [ForkJoinPool.commonPool-worker-1] INFO  server.RaftServer$Division (RaftServerImpl.java:lambda$close$4(405)) - c6546d7c-3c2c-4358-92ae-ae46770bf30e@group-DA1943AF2F04: shutdown
2021-01-09 14:08:47,327 [Listener at 127.0.0.1/11780] INFO  util.JmxRegister (JmxRegister.java:unregister(73)) - Successfully un-registered JMX Bean with object name Ratis:service=RaftServer,group=group-31B6157E209C,id=c6546d7c-3c2c-4358-92ae-ae46770bf30e
2021-01-09 14:08:47,328 [Listener at 127.0.0.1/11780] INFO  impl.RoleInfo (RoleInfo.java:shutdownLeaderState(91)) - c6546d7c-3c2c-4358-92ae-ae46770bf30e: shutdown c6546d7c-3c2c-4358-92ae-ae46770bf30e@group-31B6157E209C-LeaderStateImpl
2021-01-09 14:08:47,327 [ForkJoinPool.commonPool-worker-1] INFO  util.JmxRegister (JmxRegister.java:unregister(73)) - Successfully un-registered JMX Bean with object name Ratis:service=RaftServer,group=group-DA1943AF2F04,id=c6546d7c-3c2c-4358-92ae-ae46770bf30e
2021-01-09 14:08:47,328 [Listener at 127.0.0.1/11780] INFO  metrics.RatisMetrics (RatisMetrics.java:unregister(43)) - Unregistering Metrics Registry : ratis_grpc.log_appender.c6546d7c-3c2c-4358-92ae-ae46770bf30e@group-31B6157E209C
2021-01-09 14:08:47,328 [ForkJoinPool.commonPool-worker-1] INFO  impl.RoleInfo (RoleInfo.java:shutdownFollowerState(108)) - c6546d7c-3c2c-4358-92ae-ae46770bf30e: shutdown c6546d7c-3c2c-4358-92ae-ae46770bf30e@group-DA1943AF2F04-FollowerState
2021-01-09 14:08:47,328 [ForkJoinPool.commonPool-worker-1] INFO  impl.StateMachineUpdater (StateMachineUpdater.java:stopAndJoin(148)) - c6546d7c-3c2c-4358-92ae-ae46770bf30e@group-DA1943AF2F04-StateMachineUpdater: set stopIndex = 0
2021-01-09 14:08:47,328 [c6546d7c-3c2c-4358-92ae-ae46770bf30e@group-DA1943AF2F04-StateMachineUpdater] INFO  ratis.ContainerStateMachine (ContainerStateMachine.java:takeSnapshot(291)) - group-DA1943AF2F04: Taking a snapshot at:(t:1, i:0) file /github/workspace/mnt/ozone/hadoop-ozone/integration-test/target/test-dir/MiniOzoneClusterImpl-8961eb2b-7999-4159-8884-2a1a29aa57c4/datanode-2/data/ratis/188ae55a-546a-4727-b3b5-da1943af2f04/sm/snapshot.1_0
2021-01-09 14:08:47,328 [Thread-341] INFO  impl.FollowerState (FollowerState.java:run(142)) - c6546d7c-3c2c-4358-92ae-ae46770bf30e@group-DA1943AF2F04-FollowerState was interrupted: {}
java.lang.InterruptedException: sleep interrupted
	at java.lang.Thread.sleep(Native Method)
	at java.lang.Thread.sleep(Thread.java:340)
	at java.util.concurrent.TimeUnit.sleep(TimeUnit.java:386)
	at org.apache.ratis.util.TimeDuration.sleep(TimeDuration.java:324)
	at org.apache.ratis.util.TimeDuration.sleep(TimeDuration.java:309)
	at org.apache.ratis.server.impl.FollowerState.run(FollowerState.java:117)
2021-01-09 14:08:47,329 [Listener at 127.0.0.1/11780] INFO  metrics.RatisMetrics (RatisMetrics.java:unregister(43)) - Unregistering Metrics Registry : ratis_grpc.log_appender.c6546d7c-3c2c-4358-92ae-ae46770bf30e@group-31B6157E209C
2021-01-09 14:08:47,329 [Listener at 127.0.0.1/11780] INFO  impl.PendingRequests (PendingRequests.java:sendNotLeaderResponses(249)) - c6546d7c-3c2c-4358-92ae-ae46770bf30e@group-31B6157E209C-PendingRequests: sendNotLeaderResponses
2021-01-09 14:08:47,329 [Listener at 127.0.0.1/11780] INFO  metrics.RatisMetrics (RatisMetrics.java:unregister(43)) - Unregistering Metrics Registry : ratis.log_appender.c6546d7c-3c2c-4358-92ae-ae46770bf30e@group-31B6157E209C
2021-01-09 14:08:47,329 [Listener at 127.0.0.1/11780] INFO  metrics.RatisMetrics (RatisMetrics.java:unregister(43)) - Unregistering Metrics Registry : ratis.server.c6546d7c-3c2c-4358-92ae-ae46770bf30e@group-31B6157E209C
2021-01-09 14:08:47,330 [c6546d7c-3c2c-4358-92ae-ae46770bf30e@group-DA1943AF2F04-StateMachineUpdater] INFO  ratis.ContainerStateMachine (ContainerStateMachine.java:takeSnapshot(302)) - group-DA1943AF2F04: Finished taking a snapshot at:(t:1, i:0) file:/github/workspace/mnt/ozone/hadoop-ozone/integration-test/target/test-dir/MiniOzoneClusterImpl-8961eb2b-7999-4159-8884-2a1a29aa57c4/datanode-2/data/ratis/188ae55a-546a-4727-b3b5-da1943af2f04/sm/snapshot.1_0 took: 1 ms
2021-01-09 14:08:47,330 [c6546d7c-3c2c-4358-92ae-ae46770bf30e@group-DA1943AF2F04-StateMachineUpdater] INFO  impl.StateMachineUpdater (StateMachineUpdater.java:takeSnapshot(279)) - c6546d7c-3c2c-4358-92ae-ae46770bf30e@group-DA1943AF2F04-StateMachineUpdater: Took a snapshot at index 0
2021-01-09 14:08:47,330 [c6546d7c-3c2c-4358-92ae-ae46770bf30e@group-DA1943AF2F04-StateMachineUpdater] INFO  impl.StateMachineUpdater (StateMachineUpdater.java:lambda$new$0(88)) - c6546d7c-3c2c-4358-92ae-ae46770bf30e@group-DA1943AF2F04-StateMachineUpdater: snapshotIndex: updateIncreasingly -1 -> 0
2021-01-09 14:08:47,330 [c6546d7c-3c2c-4358-92ae-ae46770bf30e@group-DA1943AF2F04-StateMachineUpdater] INFO  metrics.RatisMetrics (RatisMetrics.java:unregister(43)) - Unregistering Metrics Registry : ratis.state_machine.c6546d7c-3c2c-4358-92ae-ae46770bf30e@group-DA1943AF2F04
2021-01-09 14:08:47,330 [ForkJoinPool.commonPool-worker-1] INFO  server.RaftServer$Division (ServerState.java:close(400)) - c6546d7c-3c2c-4358-92ae-ae46770bf30e@group-DA1943AF2F04: closes. applyIndex: 0
2021-01-09 14:08:47,330 [c6546d7c-3c2c-4358-92ae-ae46770bf30e@group-DA1943AF2F04-SegmentedRaftLogWorker] INFO  segmented.SegmentedRaftLogWorker (SegmentedRaftLogWorker.java:run(326)) - c6546d7c-3c2c-4358-92ae-ae46770bf30e@group-DA1943AF2F04-SegmentedRaftLogWorker was interrupted, exiting. There are 0 tasks remaining in the queue.
2021-01-09 14:08:47,330 [Listener at 127.0.0.1/11780] INFO  impl.StateMachineUpdater (StateMachineUpdater.java:stopAndJoin(148)) - c6546d7c-3c2c-4358-92ae-ae46770bf30e@group-31B6157E209C-StateMachineUpdater: set stopIndex = 0
2021-01-09 14:08:47,331 [c6546d7c-3c2c-4358-92ae-ae46770bf30e@group-31B6157E209C-StateMachineUpdater] INFO  ratis.ContainerStateMachine (ContainerStateMachine.java:takeSnapshot(291)) - group-31B6157E209C: Taking a snapshot at:(t:1, i:0) file /github/workspace/mnt/ozone/hadoop-ozone/integration-test/target/test-dir/MiniOzoneClusterImpl-8961eb2b-7999-4159-8884-2a1a29aa57c4/datanode-2/data/ratis/1253064e-b1c3-41bb-b7d2-31b6157e209c/sm/snapshot.1_0
2021-01-09 14:08:47,331 [c6546d7c-3c2c-4358-92ae-ae46770bf30e@group-31B6157E209C-StateMachineUpdater] INFO  ratis.ContainerStateMachine (ContainerStateMachine.java:takeSnapshot(302)) - group-31B6157E209C: Finished taking a snapshot at:(t:1, i:0) file:/github/workspace/mnt/ozone/hadoop-ozone/integration-test/target/test-dir/MiniOzoneClusterImpl-8961eb2b-7999-4159-8884-2a1a29aa57c4/datanode-2/data/ratis/1253064e-b1c3-41bb-b7d2-31b6157e209c/sm/snapshot.1_0 took: 1 ms
2021-01-09 14:08:47,332 [c6546d7c-3c2c-4358-92ae-ae46770bf30e@group-31B6157E209C-StateMachineUpdater] INFO  impl.StateMachineUpdater (StateMachineUpdater.java:takeSnapshot(279)) - c6546d7c-3c2c-4358-92ae-ae46770bf30e@group-31B6157E209C-StateMachineUpdater: Took a snapshot at index 0
2021-01-09 14:08:47,332 [c6546d7c-3c2c-4358-92ae-ae46770bf30e@group-31B6157E209C-StateMachineUpdater] INFO  impl.StateMachineUpdater (StateMachineUpdater.java:lambda$new$0(88)) - c6546d7c-3c2c-4358-92ae-ae46770bf30e@group-31B6157E209C-StateMachineUpdater: snapshotIndex: updateIncreasingly -1 -> 0
2021-01-09 14:08:47,332 [c6546d7c-3c2c-4358-92ae-ae46770bf30e@group-31B6157E209C-StateMachineUpdater] INFO  metrics.RatisMetrics (RatisMetrics.java:unregister(43)) - Unregistering Metrics Registry : ratis.state_machine.c6546d7c-3c2c-4358-92ae-ae46770bf30e@group-31B6157E209C
2021-01-09 14:08:47,332 [Listener at 127.0.0.1/11780] INFO  server.RaftServer$Division (ServerState.java:close(400)) - c6546d7c-3c2c-4358-92ae-ae46770bf30e@group-31B6157E209C: closes. applyIndex: 0
2021-01-09 14:08:47,332 [ForkJoinPool.commonPool-worker-1] INFO  segmented.SegmentedRaftLogWorker (SegmentedRaftLogWorker.java:close(236)) - c6546d7c-3c2c-4358-92ae-ae46770bf30e@group-DA1943AF2F04-SegmentedRaftLogWorker close()
2021-01-09 14:08:47,333 [c6546d7c-3c2c-4358-92ae-ae46770bf30e@group-31B6157E209C-SegmentedRaftLogWorker] INFO  segmented.SegmentedRaftLogWorker (SegmentedRaftLogWorker.java:run(326)) - c6546d7c-3c2c-4358-92ae-ae46770bf30e@group-31B6157E209C-SegmentedRaftLogWorker was interrupted, exiting. There are 0 tasks remaining in the queue.
2021-01-09 14:08:47,333 [ForkJoinPool.commonPool-worker-1] INFO  metrics.RatisMetrics (RatisMetrics.java:unregister(43)) - Unregistering Metrics Registry : ratis.log_worker.c6546d7c-3c2c-4358-92ae-ae46770bf30e@group-DA1943AF2F04
2021-01-09 14:08:47,333 [Listener at 127.0.0.1/11780] INFO  segmented.SegmentedRaftLogWorker (SegmentedRaftLogWorker.java:close(236)) - c6546d7c-3c2c-4358-92ae-ae46770bf30e@group-31B6157E209C-SegmentedRaftLogWorker close()
2021-01-09 14:08:47,333 [ForkJoinPool.commonPool-worker-1] INFO  metrics.RatisMetrics (RatisMetrics.java:unregister(43)) - Unregistering Metrics Registry : ratis.leader_election.c6546d7c-3c2c-4358-92ae-ae46770bf30e@group-DA1943AF2F04
2021-01-09 14:08:47,333 [ForkJoinPool.commonPool-worker-1] INFO  metrics.RatisMetrics (RatisMetrics.java:unregister(43)) - Unregistering Metrics Registry : ratis.server.c6546d7c-3c2c-4358-92ae-ae46770bf30e@group-DA1943AF2F04
2021-01-09 14:08:47,333 [ForkJoinPool.commonPool-worker-1] INFO  server.RaftServer$Division (RaftServerImpl.java:lambda$close$4(405)) - c6546d7c-3c2c-4358-92ae-ae46770bf30e@group-51A44799D410: shutdown
2021-01-09 14:08:47,333 [Listener at 127.0.0.1/11780] INFO  metrics.RatisMetrics (RatisMetrics.java:unregister(43)) - Unregistering Metrics Registry : ratis.log_worker.c6546d7c-3c2c-4358-92ae-ae46770bf30e@group-31B6157E209C
2021-01-09 14:08:47,334 [ForkJoinPool.commonPool-worker-1] INFO  util.JmxRegister (JmxRegister.java:unregister(73)) - Successfully un-registered JMX Bean with object name Ratis:service=RaftServer,group=group-51A44799D410,id=c6546d7c-3c2c-4358-92ae-ae46770bf30e
2021-01-09 14:08:47,334 [ForkJoinPool.commonPool-worker-1] INFO  impl.RoleInfo (RoleInfo.java:shutdownLeaderState(91)) - c6546d7c-3c2c-4358-92ae-ae46770bf30e: shutdown c6546d7c-3c2c-4358-92ae-ae46770bf30e@group-51A44799D410-LeaderStateImpl
2021-01-09 14:08:47,334 [ForkJoinPool.commonPool-worker-1] INFO  impl.PendingRequests (PendingRequests.java:sendNotLeaderResponses(249)) - c6546d7c-3c2c-4358-92ae-ae46770bf30e@group-51A44799D410-PendingRequests: sendNotLeaderResponses
2021-01-09 14:08:47,334 [ForkJoinPool.commonPool-worker-1] INFO  metrics.RatisMetrics (RatisMetrics.java:unregister(43)) - Unregistering Metrics Registry : ratis.log_appender.c6546d7c-3c2c-4358-92ae-ae46770bf30e@group-51A44799D410
2021-01-09 14:08:47,334 [ForkJoinPool.commonPool-worker-1] INFO  metrics.RatisMetrics (RatisMetrics.java:unregister(43)) - Unregistering Metrics Registry : ratis.server.c6546d7c-3c2c-4358-92ae-ae46770bf30e@group-51A44799D410
2021-01-09 14:08:47,334 [Listener at 127.0.0.1/11780] INFO  metrics.RatisMetrics (RatisMetrics.java:unregister(43)) - Unregistering Metrics Registry : ratis.leader_election.c6546d7c-3c2c-4358-92ae-ae46770bf30e@group-31B6157E209C
2021-01-09 14:08:47,334 [c6546d7c-3c2c-4358-92ae-ae46770bf30e@group-51A44799D410-StateMachineUpdater] INFO  ratis.ContainerStateMachine (ContainerStateMachine.java:takeSnapshot(291)) - group-51A44799D410: Taking a snapshot at:(t:1, i:0) file /github/workspace/mnt/ozone/hadoop-ozone/integration-test/target/test-dir/MiniOzoneClusterImpl-8961eb2b-7999-4159-8884-2a1a29aa57c4/datanode-2/data/ratis/1a3bda3e-b45f-4b04-890c-51a44799d410/sm/snapshot.1_0
2021-01-09 14:08:47,335 [Listener at 127.0.0.1/11780] INFO  metrics.RatisMetrics (RatisMetrics.java:unregister(43)) - Unregistering Metrics Registry : ratis.server.c6546d7c-3c2c-4358-92ae-ae46770bf30e@group-31B6157E209C
2021-01-09 14:08:47,334 [ForkJoinPool.commonPool-worker-1] INFO  impl.StateMachineUpdater (StateMachineUpdater.java:stopAndJoin(148)) - c6546d7c-3c2c-4358-92ae-ae46770bf30e@group-51A44799D410-StateMachineUpdater: set stopIndex = 0
2021-01-09 14:08:47,336 [c6546d7c-3c2c-4358-92ae-ae46770bf30e@group-51A44799D410-StateMachineUpdater] INFO  ratis.ContainerStateMachine (ContainerStateMachine.java:takeSnapshot(302)) - group-51A44799D410: Finished taking a snapshot at:(t:1, i:0) file:/github/workspace/mnt/ozone/hadoop-ozone/integration-test/target/test-dir/MiniOzoneClusterImpl-8961eb2b-7999-4159-8884-2a1a29aa57c4/datanode-2/data/ratis/1a3bda3e-b45f-4b04-890c-51a44799d410/sm/snapshot.1_0 took: 2 ms
2021-01-09 14:08:47,336 [c6546d7c-3c2c-4358-92ae-ae46770bf30e@group-51A44799D410-StateMachineUpdater] INFO  impl.StateMachineUpdater (StateMachineUpdater.java:takeSnapshot(279)) - c6546d7c-3c2c-4358-92ae-ae46770bf30e@group-51A44799D410-StateMachineUpdater: Took a snapshot at index 0
2021-01-09 14:08:47,336 [c6546d7c-3c2c-4358-92ae-ae46770bf30e@group-51A44799D410-StateMachineUpdater] INFO  impl.StateMachineUpdater (StateMachineUpdater.java:lambda$new$0(88)) - c6546d7c-3c2c-4358-92ae-ae46770bf30e@group-51A44799D410-StateMachineUpdater: snapshotIndex: updateIncreasingly -1 -> 0
2021-01-09 14:08:47,336 [c6546d7c-3c2c-4358-92ae-ae46770bf30e@group-51A44799D410-StateMachineUpdater] INFO  metrics.RatisMetrics (RatisMetrics.java:unregister(43)) - Unregistering Metrics Registry : ratis.state_machine.c6546d7c-3c2c-4358-92ae-ae46770bf30e@group-51A44799D410
2021-01-09 14:08:47,336 [ForkJoinPool.commonPool-worker-1] INFO  server.RaftServer$Division (ServerState.java:close(400)) - c6546d7c-3c2c-4358-92ae-ae46770bf30e@group-51A44799D410: closes. applyIndex: 0
2021-01-09 14:08:47,336 [c6546d7c-3c2c-4358-92ae-ae46770bf30e@group-51A44799D410-SegmentedRaftLogWorker] INFO  segmented.SegmentedRaftLogWorker (SegmentedRaftLogWorker.java:run(326)) - c6546d7c-3c2c-4358-92ae-ae46770bf30e@group-51A44799D410-SegmentedRaftLogWorker was interrupted, exiting. There are 0 tasks remaining in the queue.
2021-01-09 14:08:47,337 [ForkJoinPool.commonPool-worker-1] INFO  segmented.SegmentedRaftLogWorker (SegmentedRaftLogWorker.java:close(236)) - c6546d7c-3c2c-4358-92ae-ae46770bf30e@group-51A44799D410-SegmentedRaftLogWorker close()
2021-01-09 14:08:47,337 [ForkJoinPool.commonPool-worker-1] INFO  metrics.RatisMetrics (RatisMetrics.java:unregister(43)) - Unregistering Metrics Registry : ratis.log_worker.c6546d7c-3c2c-4358-92ae-ae46770bf30e@group-51A44799D410
2021-01-09 14:08:47,337 [ForkJoinPool.commonPool-worker-1] INFO  metrics.RatisMetrics (RatisMetrics.java:unregister(43)) - Unregistering Metrics Registry : ratis.leader_election.c6546d7c-3c2c-4358-92ae-ae46770bf30e@group-51A44799D410
2021-01-09 14:08:47,337 [ForkJoinPool.commonPool-worker-1] INFO  metrics.RatisMetrics (RatisMetrics.java:unregister(43)) - Unregistering Metrics Registry : ratis.server.c6546d7c-3c2c-4358-92ae-ae46770bf30e@group-51A44799D410
2021-01-09 14:08:47,337 [Listener at 127.0.0.1/11780] INFO  server.GrpcService (GrpcService.java:closeImpl(183)) - c6546d7c-3c2c-4358-92ae-ae46770bf30e: shutdown server with port 44259 now
2021-01-09 14:08:47,338 [Listener at 127.0.0.1/11780] INFO  server.GrpcService (GrpcService.java:closeImpl(192)) - c6546d7c-3c2c-4358-92ae-ae46770bf30e: shutdown server with port 44259 successfully
2021-01-09 14:08:47,338 [org.apache.ratis.util.JvmPauseMonitor$$Lambda$305/1107501547@296f5032] INFO  util.JvmPauseMonitor (JvmPauseMonitor.java:run(109)) - JvmPauseMonitor-c6546d7c-3c2c-4358-92ae-ae46770bf30e: Stopped
2021-01-09 14:08:47,343 [Listener at 127.0.0.1/11780] INFO  utils.BackgroundService (BackgroundService.java:shutdown(132)) - Shutting down service BlockDeletingService
2021-01-09 14:08:47,344 [Listener at 127.0.0.1/11780] INFO  statemachine.DatanodeStateMachine (DatanodeStateMachine.java:stopDaemon(461)) - Ozone container server stopped.
2021-01-09 14:08:47,353 [Listener at 127.0.0.1/11780] INFO  handler.ContextHandler (ContextHandler.java:doStop(1154)) - Stopped o.e.j.w.WebAppContext@467942c9{hddsDatanode,/,null,STOPPED}{jar:file:/home/user/.m2/repository/org/apache/hadoop/hadoop-hdds-container-service/1.1.0-SNAPSHOT/hadoop-hdds-container-service-1.1.0-SNAPSHOT.jar!/webapps/hddsDatanode}
2021-01-09 14:08:47,353 [Listener at 127.0.0.1/11780] INFO  server.AbstractConnector (AbstractConnector.java:doStop(381)) - Stopped ServerConnector@ce8cef2{HTTP/1.1, (http/1.1)}{0.0.0.0:0}
2021-01-09 14:08:47,353 [Listener at 127.0.0.1/11780] INFO  server.session (HouseKeeper.java:stopScavenging(149)) - node0 Stopped scavenging
2021-01-09 14:08:47,353 [Listener at 127.0.0.1/11780] INFO  handler.ContextHandler (ContextHandler.java:doStop(1154)) - Stopped o.e.j.s.ServletContextHandler@5905aac8{static,/static,jar:file:/home/user/.m2/repository/org/apache/hadoop/hadoop-hdds-container-service/1.1.0-SNAPSHOT/hadoop-hdds-container-service-1.1.0-SNAPSHOT.jar!/webapps/static,STOPPED}
2021-01-09 14:08:47,354 [Listener at 127.0.0.1/11780] INFO  handler.ContextHandler (ContextHandler.java:doStop(1154)) - Stopped o.e.j.s.ServletContextHandler@11dbbf44{logs,/logs,file:///github/workspace/mnt/ozone/hadoop-ozone/integration-test/target/log,STOPPED}
2021-01-09 14:08:47,354 [Listener at 127.0.0.1/11780] INFO  ozone.MiniOzoneClusterImpl (MiniOzoneClusterImpl.java:stopSCM(478)) - Stopping the StorageContainerManager
2021-01-09 14:08:47,354 [Listener at 127.0.0.1/11780] INFO  server.StorageContainerManager (StorageContainerManager.java:stop(832)) - Stopping Replication Manager Service.
2021-01-09 14:08:47,354 [Listener at 127.0.0.1/11780] INFO  container.ReplicationManager (ReplicationManager.java:stop(227)) - Stopping Replication Monitor Thread.
2021-01-09 14:08:47,355 [Listener at 127.0.0.1/11780] INFO  server.StorageContainerManager (StorageContainerManager.java:stop(839)) - Stopping the Datanode Admin Monitor.
2021-01-09 14:08:47,355 [Listener at 127.0.0.1/11780] INFO  server.StorageContainerManager (StorageContainerManager.java:stop(846)) - Stopping Lease Manager of the command watchers
2021-01-09 14:08:47,355 [Listener at 127.0.0.1/11780] INFO  server.StorageContainerManager (StorageContainerManager.java:stop(853)) - Stopping datanode service RPC server
2021-01-09 14:08:47,355 [Listener at 127.0.0.1/11780] INFO  server.SCMDatanodeProtocolServer (SCMDatanodeProtocolServer.java:stop(369)) - Stopping the RPC server for DataNodes
2021-01-09 14:08:47,355 [Listener at 127.0.0.1/11780] INFO  ipc.Server (Server.java:stop(3359)) - Stopping server on 43739
2021-01-09 14:08:47,356 [IPC Server listener on 0] INFO  ipc.Server (Server.java:run(1330)) - Stopping IPC Server listener on 0
2021-01-09 14:08:47,357 [IPC Server Responder] INFO  ipc.Server (Server.java:run(1465)) - Stopping IPC Server Responder
2021-01-09 14:08:47,380 [SCM Heartbeat Processing Thread - 0] WARN  node.NodeStateManager (NodeStateManager.java:scheduleNextHealthCheck(688)) - Current Thread is interrupted, shutting down HB processing thread for Node Manager.
2021-01-09 14:08:47,380 [Listener at 127.0.0.1/11780] INFO  server.StorageContainerManager (StorageContainerManager.java:stop(861)) - Stopping block service RPC server
2021-01-09 14:08:47,380 [Listener at 127.0.0.1/11780] INFO  server.SCMBlockProtocolServer (SCMBlockProtocolServer.java:stop(159)) - Stopping the RPC server for Block Protocol
2021-01-09 14:08:47,380 [Listener at 127.0.0.1/11780] INFO  ipc.Server (Server.java:stop(3359)) - Stopping server on 38925
2021-01-09 14:08:47,381 [IPC Server listener on 0] INFO  ipc.Server (Server.java:run(1330)) - Stopping IPC Server listener on 0
2021-01-09 14:08:47,383 [IPC Server Responder] INFO  ipc.Server (Server.java:run(1465)) - Stopping IPC Server Responder
2021-01-09 14:08:47,384 [Listener at 127.0.0.1/11780] INFO  server.StorageContainerManager (StorageContainerManager.java:stop(868)) - Stopping the StorageContainerLocationProtocol RPC server
2021-01-09 14:08:47,384 [Listener at 127.0.0.1/11780] INFO  server.SCMClientProtocolServer (SCMClientProtocolServer.java:stop(168)) - Stopping the RPC server for Client Protocol
2021-01-09 14:08:47,384 [Listener at 127.0.0.1/11780] INFO  ipc.Server (Server.java:stop(3359)) - Stopping server on 36051
2021-01-09 14:08:47,386 [IPC Server listener on 0] INFO  ipc.Server (Server.java:run(1330)) - Stopping IPC Server listener on 0
2021-01-09 14:08:47,387 [IPC Server Responder] INFO  ipc.Server (Server.java:run(1465)) - Stopping IPC Server Responder
2021-01-09 14:08:47,387 [Listener at 127.0.0.1/11780] INFO  server.StorageContainerManager (StorageContainerManager.java:stop(875)) - Stopping Storage Container Manager HTTP server.
2021-01-09 14:08:47,388 [Listener at 127.0.0.1/11780] INFO  handler.ContextHandler (ContextHandler.java:doStop(1154)) - Stopped o.e.j.w.WebAppContext@419c8a7e{scm,/,null,STOPPED}{file:/github/workspace/mnt/ozone/hadoop-ozone/integration-test/target/test-classes/webapps/scm}
2021-01-09 14:08:47,390 [Listener at 127.0.0.1/11780] INFO  server.AbstractConnector (AbstractConnector.java:doStop(381)) - Stopped ServerConnector@59a3616{HTTP/1.1, (http/1.1)}{0.0.0.0:0}
2021-01-09 14:08:47,391 [Listener at 127.0.0.1/11780] INFO  server.session (HouseKeeper.java:stopScavenging(149)) - node0 Stopped scavenging
2021-01-09 14:08:47,391 [Listener at 127.0.0.1/11780] INFO  handler.ContextHandler (ContextHandler.java:doStop(1154)) - Stopped o.e.j.s.ServletContextHandler@26300719{static,/static,file:///github/workspace/mnt/ozone/hadoop-ozone/integration-test/target/test-classes/webapps/static,STOPPED}
2021-01-09 14:08:47,393 [Listener at 127.0.0.1/11780] INFO  handler.ContextHandler (ContextHandler.java:doStop(1154)) - Stopped o.e.j.s.ServletContextHandler@39ae1deb{logs,/logs,file:///github/workspace/mnt/ozone/hadoop-ozone/integration-test/target/log,STOPPED}
2021-01-09 14:08:47,394 [Listener at 127.0.0.1/11780] INFO  server.StorageContainerManager (StorageContainerManager.java:stop(886)) - Stopping Block Manager Service.
2021-01-09 14:08:47,394 [Listener at 127.0.0.1/11780] INFO  utils.BackgroundService (BackgroundService.java:shutdown(132)) - Shutting down service SCMBlockDeletingService
2021-01-09 14:08:47,394 [Listener at 127.0.0.1/11780] INFO  utils.BackgroundService (BackgroundService.java:shutdown(132)) - Shutting down service SCMBlockDeletingService
2021-01-09 14:08:47,395 [Listener at 127.0.0.1/11780] INFO  server.StorageContainerManager (StorageContainerManager.java:stop(911)) - Stopping SCM Event Queue.
2021-01-09 14:08:47,403 [Listener at 127.0.0.1/11780] INFO  impl.MetricsSystemImpl (MetricsSystemImpl.java:stop(210)) - Stopping OzoneManager metrics system...
2021-01-09 14:08:47,406 [prometheus] INFO  impl.MetricsSinkAdapter (MetricsSinkAdapter.java:publishMetricsFromQueue(141)) - prometheus thread interrupted.
2021-01-09 14:08:47,406 [Listener at 127.0.0.1/11780] INFO  impl.MetricsSystemImpl (MetricsSystemImpl.java:stop(216)) - OzoneManager metrics system stopped.
]]></system-out>
  </testcase>
  <testcase name="testInstallOldCheckpointFailure" classname="org.apache.hadoop.ozone.om.TestOMRatisSnapshots" time="60.453"/>
  <testcase name="testInstallCorruptedCheckpointFailure" classname="org.apache.hadoop.ozone.om.TestOMRatisSnapshots" time="51.797"/>
</testsuite>