<?xml version="1.0" encoding="UTF-8"?>
<testsuite xmlns:xsi="http://www.w3.org/2001/XMLSchema-instance" xsi:noNamespaceSchemaLocation="https://maven.apache.org/surefire/maven-surefire-plugin/xsd/surefire-test-report-3.0.xsd" version="3.0" name="org.apache.hadoop.hdds.scm.pipeline.TestRatisPipelineCreateAndDestroy" time="160.623" tests="3" errors="1" skipped="0" failures="0">
  <properties>
    <property name="awt.toolkit" value="sun.awt.X11.XToolkit"/>
    <property name="file.encoding.pkg" value="sun.io"/>
    <property name="java.specification.version" value="1.8"/>
    <property name="sun.cpu.isalist" value=""/>
    <property name="sun.jnu.encoding" value="UTF-8"/>
    <property name="java.class.path" value="/home/runner/work/ozone/ozone/hadoop-ozone/integration-test/target/test-classes:/home/runner/work/ozone/ozone/hadoop-ozone/integration-test/target/classes:/home/runner/.m2/repository/org/apache/ozone/ozone-common/1.4.0-SNAPSHOT/ozone-common-1.4.0-SNAPSHOT.jar:/home/runner/.m2/repository/io/grpc/grpc-netty/1.48.1/grpc-netty-1.48.1.jar:/home/runner/.m2/repository/io/grpc/grpc-core/1.48.1/grpc-core-1.48.1.jar:/home/runner/.m2/repository/com/google/android/annotations/4.1.1.4/annotations-4.1.1.4.jar:/home/runner/.m2/repository/org/codehaus/mojo/animal-sniffer-annotations/1.21/animal-sniffer-annotations-1.21.jar:/home/runner/.m2/repository/com/google/errorprone/error_prone_annotations/2.2.0/error_prone_annotations-2.2.0.jar:/home/runner/.m2/repository/io/perfmark/perfmark-api/0.25.0/perfmark-api-0.25.0.jar:/home/runner/.m2/repository/io/netty/netty-codec-http2/4.1.77.Final/netty-codec-http2-4.1.77.Final.jar:/home/runner/.m2/repository/io/netty/netty-common/4.1.77.Final/netty-common-4.1.77.Final.jar:/home/runner/.m2/repository/io/netty/netty-buffer/4.1.77.Final/netty-buffer-4.1.77.Final.jar:/home/runner/.m2/repository/io/netty/netty-codec-http/4.1.77.Final/netty-codec-http-4.1.77.Final.jar:/home/runner/.m2/repository/io/netty/netty-handler-proxy/4.1.77.Final/netty-handler-proxy-4.1.77.Final.jar:/home/runner/.m2/repository/io/netty/netty-codec-socks/4.1.77.Final/netty-codec-socks-4.1.77.Final.jar:/home/runner/.m2/repository/io/netty/netty-tcnative-boringssl-static/2.0.52.Final/netty-tcnative-boringssl-static-2.0.52.Final.jar:/home/runner/.m2/repository/io/netty/netty-tcnative-classes/2.0.52.Final/netty-tcnative-classes-2.0.52.Final.jar:/home/runner/.m2/repository/io/netty/netty-tcnative-boringssl-static/2.0.52.Final/netty-tcnative-boringssl-static-2.0.52.Final-linux-x86_64.jar:/home/runner/.m2/repository/io/netty/netty-tcnative-boringssl-static/2.0.52.Final/netty-tcnative-boringssl-static-2.0.52.Final-linux-aarch_64.jar:/home/runner/.m2/repository/io/netty/netty-tcnative-boringssl-static/2.0.52.Final/netty-tcnative-boringssl-static-2.0.52.Final-osx-x86_64.jar:/home/runner/.m2/repository/io/netty/netty-tcnative-boringssl-static/2.0.52.Final/netty-tcnative-boringssl-static-2.0.52.Final-osx-aarch_64.jar:/home/runner/.m2/repository/io/netty/netty-tcnative-boringssl-static/2.0.52.Final/netty-tcnative-boringssl-static-2.0.52.Final-windows-x86_64.jar:/home/runner/.m2/repository/org/apache/commons/commons-compress/1.21/commons-compress-1.21.jar:/home/runner/.m2/repository/org/apache/ozone/hdds-common/1.4.0-SNAPSHOT/hdds-common-1.4.0-SNAPSHOT.jar:/home/runner/.m2/repository/org/apache/ozone/hdds-client/1.4.0-SNAPSHOT/hdds-client-1.4.0-SNAPSHOT.jar:/home/runner/.m2/repository/org/apache/ozone/ozone-interface-client/1.4.0-SNAPSHOT/ozone-interface-client-1.4.0-SNAPSHOT.jar:/home/runner/.m2/repository/org/apache/ozone/hdds-test-utils/1.4.0-SNAPSHOT/hdds-test-utils-1.4.0-SNAPSHOT.jar:/home/runner/.m2/repository/com/google/guava/guava/31.1-jre/guava-31.1-jre.jar:/home/runner/.m2/repository/com/google/guava/failureaccess/1.0.1/failureaccess-1.0.1.jar:/home/runner/.m2/repository/com/google/guava/listenablefuture/9999.0-empty-to-avoid-conflict-with-guava/listenablefuture-9999.0-empty-to-avoid-conflict-with-guava.jar:/home/runner/.m2/repository/com/google/code/findbugs/jsr305/3.0.0/jsr305-3.0.0.jar:/home/runner/.m2/repository/org/checkerframework/checker-qual/3.12.0/checker-qual-3.12.0.jar:/home/runner/.m2/repository/com/google/j2objc/j2objc-annotations/1.3/j2objc-annotations-1.3.jar:/home/runner/.m2/repository/commons-io/commons-io/2.11.0/commons-io-2.11.0.jar:/home/runner/.m2/repository/commons-logging/commons-logging/1.2/commons-logging-1.2.jar:/home/runner/.m2/repository/ch/qos/reload4j/reload4j/1.2.22/reload4j-1.2.22.jar:/home/runner/.m2/repository/org/slf4j/slf4j-api/1.7.36/slf4j-api-1.7.36.jar:/home/runner/.m2/repository/org/apache/ozone/hdds-server-scm/1.4.0-SNAPSHOT/hdds-server-scm-1.4.0-SNAPSHOT.jar:/home/runner/.m2/repository/org/apache/ozone/hdds-container-service/1.4.0-SNAPSHOT/hdds-container-service-1.4.0-SNAPSHOT.jar:/home/runner/.m2/repository/org/apache/ozone/hdds-hadoop-dependency-server/1.4.0-SNAPSHOT/hdds-hadoop-dependency-server-1.4.0-SNAPSHOT.jar:/home/runner/.m2/repository/org/apache/hadoop/hadoop-hdfs/3.3.4/hadoop-hdfs-3.3.4.jar:/home/runner/.m2/repository/org/eclipse/jetty/jetty-util-ajax/9.4.49.v20220914/jetty-util-ajax-9.4.49.v20220914.jar:/home/runner/.m2/repository/commons-daemon/commons-daemon/1.0.13/commons-daemon-1.0.13.jar:/home/runner/.m2/repository/org/apache/ozone/hdds-server-framework/1.4.0-SNAPSHOT/hdds-server-framework-1.4.0-SNAPSHOT.jar:/home/runner/.m2/repository/org/apache/ozone/hdds-interface-server/1.4.0-SNAPSHOT/hdds-interface-server-1.4.0-SNAPSHOT.jar:/home/runner/.m2/repository/org/apache/commons/commons-configuration2/2.1.1/commons-configuration2-2.1.1.jar:/home/runner/.m2/repository/org/apache/logging/log4j/log4j-core/2.17.1/log4j-core-2.17.1.jar:/home/runner/.m2/repository/com/lmax/disruptor/3.4.2/disruptor-3.4.2.jar:/home/runner/.m2/repository/org/eclipse/jetty/jetty-servlet/9.4.49.v20220914/jetty-servlet-9.4.49.v20220914.jar:/home/runner/.m2/repository/org/eclipse/jetty/jetty-security/9.4.49.v20220914/jetty-security-9.4.49.v20220914.jar:/home/runner/.m2/repository/org/rocksdb/rocksdbjni/7.7.3/rocksdbjni-7.7.3.jar:/home/runner/.m2/repository/io/prometheus/simpleclient_dropwizard/0.7.0/simpleclient_dropwizard-0.7.0.jar:/home/runner/.m2/repository/io/prometheus/simpleclient/0.7.0/simpleclient-0.7.0.jar:/home/runner/.m2/repository/io/prometheus/simpleclient_common/0.7.0/simpleclient_common-0.7.0.jar:/home/runner/.m2/repository/com/github/spotbugs/spotbugs-annotations/3.1.12/spotbugs-annotations-3.1.12.jar:/home/runner/.m2/repository/io/dropwizard/metrics/metrics-core/3.2.4/metrics-core-3.2.4.jar:/home/runner/.m2/repository/org/apache/commons/commons-text/1.4/commons-text-1.4.jar:/home/runner/.m2/repository/org/apache/hadoop/hadoop-hdfs-client/3.3.4/hadoop-hdfs-client-3.3.4.jar:/home/runner/.m2/repository/com/squareup/okhttp3/okhttp/4.9.3/okhttp-4.9.3.jar:/home/runner/.m2/repository/com/squareup/okio/okio/2.8.0/okio-2.8.0.jar:/home/runner/.m2/repository/org/jetbrains/kotlin/kotlin-stdlib-common/1.4.10/kotlin-stdlib-common-1.4.10.jar:/home/runner/.m2/repository/org/bouncycastle/bcprov-jdk15on/1.67/bcprov-jdk15on-1.67.jar:/home/runner/.m2/repository/com/google/protobuf/protobuf-java/2.5.0/protobuf-java-2.5.0.jar:/home/runner/.m2/repository/org/apache/ozone/ozone-manager/1.4.0-SNAPSHOT/ozone-manager-1.4.0-SNAPSHOT.jar:/home/runner/.m2/repository/org/aspectj/aspectjrt/1.9.7/aspectjrt-1.9.7.jar:/home/runner/.m2/repository/org/aspectj/aspectjweaver/1.9.7/aspectjweaver-1.9.7.jar:/home/runner/.m2/repository/org/apache/ozone/hdds-interface-client/1.4.0-SNAPSHOT/hdds-interface-client-1.4.0-SNAPSHOT.jar:/home/runner/.m2/repository/org/apache/hadoop/thirdparty/hadoop-shaded-protobuf_3_7/1.1.1/hadoop-shaded-protobuf_3_7-1.1.1.jar:/home/runner/.m2/repository/org/apache/ozone/ozone-interface-storage/1.4.0-SNAPSHOT/ozone-interface-storage-1.4.0-SNAPSHOT.jar:/home/runner/.m2/repository/org/reflections/reflections/0.9.11/reflections-0.9.11.jar:/home/runner/.m2/repository/com/sun/jersey/jersey-client/1.19/jersey-client-1.19.jar:/home/runner/.m2/repository/org/apache/ranger/ranger-intg/2.3.0/ranger-intg-2.3.0.jar:/home/runner/.m2/repository/org/apache/ranger/ranger-plugins-common/2.3.0/ranger-plugins-common-2.3.0.jar:/home/runner/.m2/repository/commons-lang/commons-lang/2.6/commons-lang-2.6.jar:/home/runner/.m2/repository/org/codehaus/jackson/jackson-jaxrs/1.9.13/jackson-jaxrs-1.9.13.jar:/home/runner/.m2/repository/org/apache/ranger/ranger-plugins-cred/2.3.0/ranger-plugins-cred-2.3.0.jar:/home/runner/.m2/repository/org/apache/ranger/ranger-plugins-audit/2.3.0/ranger-plugins-audit-2.3.0.jar:/home/runner/.m2/repository/org/eclipse/jetty/jetty-client/9.4.31.v20200723/jetty-client-9.4.31.v20200723.jar:/home/runner/.m2/repository/org/apache/httpcomponents/httpmime/4.5.6/httpmime-4.5.6.jar:/home/runner/.m2/repository/org/apache/httpcomponents/httpcore-nio/4.4.6/httpcore-nio-4.4.6.jar:/home/runner/.m2/repository/org/apache/httpcomponents/httpasyncclient/4.1.3/httpasyncclient-4.1.3.jar:/home/runner/.m2/repository/com/carrotsearch/hppc/0.8.0/hppc-0.8.0.jar:/home/runner/.m2/repository/org/apache/orc/orc-core/1.5.8/orc-core-1.5.8.jar:/home/runner/.m2/repository/net/java/dev/jna/jna/5.2.0/jna-5.2.0.jar:/home/runner/.m2/repository/net/java/dev/jna/jna-platform/5.2.0/jna-platform-5.2.0.jar:/home/runner/.m2/repository/com/kstruct/gethostname4j/0.0.2/gethostname4j-0.0.2.jar:/home/runner/.m2/repository/org/apache/ranger/ranger-plugin-classloader/2.3.0/ranger-plugin-classloader-2.3.0.jar:/home/runner/.m2/repository/org/apache/hadoop/hadoop-minikdc/3.3.4/hadoop-minikdc-3.3.4.jar:/home/runner/.m2/repository/org/apache/kerby/kerb-simplekdc/1.0.1/kerb-simplekdc-1.0.1.jar:/home/runner/.m2/repository/org/apache/kerby/kerb-client/1.0.1/kerb-client-1.0.1.jar:/home/runner/.m2/repository/org/apache/kerby/kerby-config/1.0.1/kerby-config-1.0.1.jar:/home/runner/.m2/repository/org/apache/kerby/kerb-common/1.0.1/kerb-common-1.0.1.jar:/home/runner/.m2/repository/org/apache/kerby/kerb-crypto/1.0.1/kerb-crypto-1.0.1.jar:/home/runner/.m2/repository/org/apache/kerby/kerb-util/1.0.1/kerb-util-1.0.1.jar:/home/runner/.m2/repository/org/apache/kerby/token-provider/1.0.1/token-provider-1.0.1.jar:/home/runner/.m2/repository/org/apache/kerby/kerb-admin/1.0.1/kerb-admin-1.0.1.jar:/home/runner/.m2/repository/org/apache/kerby/kerb-server/1.0.1/kerb-server-1.0.1.jar:/home/runner/.m2/repository/org/apache/kerby/kerb-identity/1.0.1/kerb-identity-1.0.1.jar:/home/runner/.m2/repository/org/apache/kerby/kerby-xdr/1.0.1/kerby-xdr-1.0.1.jar:/home/runner/.m2/repository/org/apache/ozone/ozone-s3gateway/1.4.0-SNAPSHOT/ozone-s3gateway-1.4.0-SNAPSHOT.jar:/home/runner/.m2/repository/org/javassist/javassist/3.21.0-GA/javassist-3.21.0-GA.jar:/home/runner/.m2/repository/org/jboss/weld/servlet/weld-servlet/2.4.7.Final/weld-servlet-2.4.7.Final.jar:/home/runner/.m2/repository/org/glassfish/jersey/containers/jersey-container-servlet-core/2.34/jersey-container-servlet-core-2.34.jar:/home/runner/.m2/repository/org/glassfish/hk2/external/jakarta.inject/2.6.1/jakarta.inject-2.6.1.jar:/home/runner/.m2/repository/org/glassfish/jersey/core/jersey-common/2.34/jersey-common-2.34.jar:/home/runner/.m2/repository/jakarta/ws/rs/jakarta.ws.rs-api/2.1.6/jakarta.ws.rs-api-2.1.6.jar:/home/runner/.m2/repository/org/glassfish/jersey/ext/cdi/jersey-cdi1x/2.34/jersey-cdi1x-2.34.jar:/home/runner/.m2/repository/org/glassfish/jersey/inject/jersey-hk2/2.34/jersey-hk2-2.34.jar:/home/runner/.m2/repository/org/glassfish/hk2/hk2-locator/2.6.1/hk2-locator-2.6.1.jar:/home/runner/.m2/repository/org/glassfish/jersey/media/jersey-media-jaxb/2.34/jersey-media-jaxb-2.34.jar:/home/runner/.m2/repository/org/glassfish/hk2/osgi-resource-locator/1.0.3/osgi-resource-locator-1.0.3.jar:/home/runner/.m2/repository/org/glassfish/hk2/hk2-api/2.5.0/hk2-api-2.5.0.jar:/home/runner/.m2/repository/org/glassfish/hk2/hk2-utils/2.5.0/hk2-utils-2.5.0.jar:/home/runner/.m2/repository/org/glassfish/hk2/external/aopalliance-repackaged/2.5.0/aopalliance-repackaged-2.5.0.jar:/home/runner/.m2/repository/com/fasterxml/jackson/dataformat/jackson-dataformat-xml/2.13.4/jackson-dataformat-xml-2.13.4.jar:/home/runner/.m2/repository/com/fasterxml/jackson/core/jackson-core/2.13.4/jackson-core-2.13.4.jar:/home/runner/.m2/repository/org/codehaus/woodstox/stax2-api/4.2.1/stax2-api-4.2.1.jar:/home/runner/.m2/repository/com/fasterxml/woodstox/woodstox-core/5.4.0/woodstox-core-5.4.0.jar:/home/runner/.m2/repository/com/fasterxml/jackson/module/jackson-module-jaxb-annotations/2.13.4/jackson-module-jaxb-annotations-2.13.4.jar:/home/runner/.m2/repository/jakarta/xml/bind/jakarta.xml.bind-api/2.3.3/jakarta.xml.bind-api-2.3.3.jar:/home/runner/.m2/repository/jakarta/activation/jakarta.activation-api/1.2.1/jakarta.activation-api-1.2.1.jar:/home/runner/.m2/repository/javax/enterprise/cdi-api/1.2/cdi-api-1.2.jar:/home/runner/.m2/repository/javax/el/javax.el-api/3.0.0/javax.el-api-3.0.0.jar:/home/runner/.m2/repository/javax/interceptor/javax.interceptor-api/1.2/javax.interceptor-api-1.2.jar:/home/runner/.m2/repository/javax/inject/javax.inject/1/javax.inject-1.jar:/home/runner/.m2/repository/javax/xml/bind/jaxb-api/2.3.0/jaxb-api-2.3.0.jar:/home/runner/.m2/repository/org/glassfish/jaxb/jaxb-runtime/2.3.0.1/jaxb-runtime-2.3.0.1.jar:/home/runner/.m2/repository/org/glassfish/jaxb/jaxb-core/2.3.0.1/jaxb-core-2.3.0.1.jar:/home/runner/.m2/repository/org/glassfish/jaxb/txw2/2.3.0.1/txw2-2.3.0.1.jar:/home/runner/.m2/repository/com/sun/istack/istack-commons-runtime/3.0.5/istack-commons-runtime-3.0.5.jar:/home/runner/.m2/repository/org/jvnet/staxex/stax-ex/1.7.8/stax-ex-1.7.8.jar:/home/runner/.m2/repository/com/sun/xml/fastinfoset/FastInfoset/1.2.13/FastInfoset-1.2.13.jar:/home/runner/.m2/repository/javax/activation/activation/1.1.1/activation-1.1.1.jar:/home/runner/.m2/repository/io/grpc/grpc-protobuf/1.48.1/grpc-protobuf-1.48.1.jar:/home/runner/.m2/repository/io/grpc/grpc-api/1.48.1/grpc-api-1.48.1.jar:/home/runner/.m2/repository/io/grpc/grpc-context/1.48.1/grpc-context-1.48.1.jar:/home/runner/.m2/repository/com/google/api/grpc/proto-google-common-protos/2.9.0/proto-google-common-protos-2.9.0.jar:/home/runner/.m2/repository/io/grpc/grpc-protobuf-lite/1.48.1/grpc-protobuf-lite-1.48.1.jar:/home/runner/.m2/repository/io/grpc/grpc-stub/1.48.1/grpc-stub-1.48.1.jar:/home/runner/.m2/repository/io/netty/netty-transport/4.1.77.Final/netty-transport-4.1.77.Final.jar:/home/runner/.m2/repository/io/netty/netty-resolver/4.1.77.Final/netty-resolver-4.1.77.Final.jar:/home/runner/.m2/repository/org/apache/ozone/ozone-csi/1.4.0-SNAPSHOT/ozone-csi-1.4.0-SNAPSHOT.jar:/home/runner/.m2/repository/com/google/protobuf/protobuf-java-util/3.19.6/protobuf-java-util-3.19.6.jar:/home/runner/.m2/repository/com/google/code/gson/gson/2.9.0/gson-2.9.0.jar:/home/runner/.m2/repository/org/apache/ozone/hdds-config/1.4.0-SNAPSHOT/hdds-config-1.4.0-SNAPSHOT.jar:/home/runner/.m2/repository/io/netty/netty-transport-native-epoll/4.1.77.Final/netty-transport-native-epoll-4.1.77.Final-linux-x86_64.jar:/home/runner/.m2/repository/io/netty/netty-transport-classes-epoll/4.1.77.Final/netty-transport-classes-epoll-4.1.77.Final.jar:/home/runner/.m2/repository/io/netty/netty-transport-native-unix-common/4.1.77.Final/netty-transport-native-unix-common-4.1.77.Final.jar:/home/runner/.m2/repository/org/slf4j/slf4j-reload4j/1.7.36/slf4j-reload4j-1.7.36.jar:/home/runner/.m2/repository/org/apache/ozone/ozone-recon/1.4.0-SNAPSHOT/ozone-recon-1.4.0-SNAPSHOT.jar:/home/runner/.m2/repository/org/apache/ozone/ozone-reconcodegen/1.4.0-SNAPSHOT/ozone-reconcodegen-1.4.0-SNAPSHOT.jar:/home/runner/.m2/repository/com/google/inject/extensions/guice-multibindings/4.0/guice-multibindings-4.0.jar:/home/runner/.m2/repository/com/google/inject/guice/4.0/guice-4.0.jar:/home/runner/.m2/repository/aopalliance/aopalliance/1.0/aopalliance-1.0.jar:/home/runner/.m2/repository/com/google/inject/extensions/guice-assistedinject/4.0/guice-assistedinject-4.0.jar:/home/runner/.m2/repository/com/google/inject/extensions/guice-servlet/4.0/guice-servlet-4.0.jar:/home/runner/.m2/repository/org/glassfish/jersey/containers/jersey-container-servlet/2.34/jersey-container-servlet-2.34.jar:/home/runner/.m2/repository/org/glassfish/hk2/guice-bridge/2.5.0/guice-bridge-2.5.0.jar:/home/runner/.m2/repository/org/glassfish/jersey/core/jersey-server/2.34/jersey-server-2.34.jar:/home/runner/.m2/repository/org/glassfish/jersey/core/jersey-client/2.34/jersey-client-2.34.jar:/home/runner/.m2/repository/jakarta/annotation/jakarta.annotation-api/1.3.5/jakarta.annotation-api-1.3.5.jar:/home/runner/.m2/repository/jakarta/validation/jakarta.validation-api/2.0.2/jakarta.validation-api-2.0.2.jar:/home/runner/.m2/repository/org/glassfish/jersey/media/jersey-media-json-jackson/2.34/jersey-media-json-jackson-2.34.jar:/home/runner/.m2/repository/org/glassfish/jersey/ext/jersey-entity-filtering/2.34/jersey-entity-filtering-2.34.jar:/home/runner/.m2/repository/org/jooq/jooq/3.11.10/jooq-3.11.10.jar:/home/runner/.m2/repository/org/jooq/jooq-meta/3.11.10/jooq-meta-3.11.10.jar:/home/runner/.m2/repository/org/jooq/jooq-codegen/3.11.10/jooq-codegen-3.11.10.jar:/home/runner/.m2/repository/com/jolbox/bonecp/0.8.0.RELEASE/bonecp-0.8.0.RELEASE.jar:/home/runner/.m2/repository/org/apache/derby/derby/10.14.2.0/derby-10.14.2.0.jar:/home/runner/.m2/repository/org/xerial/sqlite-jdbc/3.25.2/sqlite-jdbc-3.25.2.jar:/home/runner/.m2/repository/org/springframework/spring-jdbc/5.3.23/spring-jdbc-5.3.23.jar:/home/runner/.m2/repository/org/springframework/spring-beans/5.3.23/spring-beans-5.3.23.jar:/home/runner/.m2/repository/org/springframework/spring-core/5.3.23/spring-core-5.3.23.jar:/home/runner/.m2/repository/org/springframework/spring-jcl/5.3.23/spring-jcl-5.3.23.jar:/home/runner/.m2/repository/org/springframework/spring-tx/5.3.23/spring-tx-5.3.23.jar:/home/runner/.m2/repository/org/apache/ozone/ozone-client/1.4.0-SNAPSHOT/ozone-client-1.4.0-SNAPSHOT.jar:/home/runner/.m2/repository/org/apache/ozone/hdds-erasurecode/1.4.0-SNAPSHOT/hdds-erasurecode-1.4.0-SNAPSHOT.jar:/home/runner/.m2/repository/org/apache/ozone/ozone-filesystem/1.4.0-SNAPSHOT/ozone-filesystem-1.4.0-SNAPSHOT.jar:/home/runner/.m2/repository/org/apache/ozone/ozone-filesystem-common/1.4.0-SNAPSHOT/ozone-filesystem-common-1.4.0-SNAPSHOT.jar:/home/runner/.m2/repository/org/apache/ozone/ozone-tools/1.4.0-SNAPSHOT/ozone-tools-1.4.0-SNAPSHOT.jar:/home/runner/.m2/repository/org/apache/ratis/ratis-tools/2.4.2-8b8bdda-SNAPSHOT/ratis-tools-2.4.2-8b8bdda-SNAPSHOT.jar:/home/runner/.m2/repository/com/amazonaws/aws-java-sdk-core/1.12.261/aws-java-sdk-core-1.12.261.jar:/home/runner/.m2/repository/org/apache/httpcomponents/httpclient/4.5.13/httpclient-4.5.13.jar:/home/runner/.m2/repository/org/apache/httpcomponents/httpcore/4.4.13/httpcore-4.4.13.jar:/home/runner/.m2/repository/software/amazon/ion/ion-java/1.0.2/ion-java-1.0.2.jar:/home/runner/.m2/repository/com/fasterxml/jackson/dataformat/jackson-dataformat-cbor/2.13.4/jackson-dataformat-cbor-2.13.4.jar:/home/runner/.m2/repository/joda-time/joda-time/2.8.1/joda-time-2.8.1.jar:/home/runner/.m2/repository/com/amazonaws/aws-java-sdk-s3/1.12.261/aws-java-sdk-s3-1.12.261.jar:/home/runner/.m2/repository/com/amazonaws/aws-java-sdk-kms/1.12.261/aws-java-sdk-kms-1.12.261.jar:/home/runner/.m2/repository/com/amazonaws/jmespath-java/1.12.261/jmespath-java-1.12.261.jar:/home/runner/.m2/repository/org/kohsuke/metainf-services/metainf-services/1.8/metainf-services-1.8.jar:/home/runner/.m2/repository/org/apache/ozone/hdds-tools/1.4.0-SNAPSHOT/hdds-tools-1.4.0-SNAPSHOT.jar:/home/runner/.m2/repository/commons-cli/commons-cli/1.2/commons-cli-1.2.jar:/home/runner/.m2/repository/org/apache/commons/commons-lang3/3.7/commons-lang3-3.7.jar:/home/runner/.m2/repository/org/apache/ozone/ozone-manager/1.4.0-SNAPSHOT/ozone-manager-1.4.0-SNAPSHOT-tests.jar:/home/runner/.m2/repository/org/apache/ozone/hdds-common/1.4.0-SNAPSHOT/hdds-common-1.4.0-SNAPSHOT-tests.jar:/home/runner/.m2/repository/org/apache/ozone/hdds-hadoop-dependency-client/1.4.0-SNAPSHOT/hdds-hadoop-dependency-client-1.4.0-SNAPSHOT.jar:/home/runner/.m2/repository/info/picocli/picocli/4.6.1/picocli-4.6.1.jar:/home/runner/.m2/repository/com/fasterxml/jackson/core/jackson-annotations/2.13.4/jackson-annotations-2.13.4.jar:/home/runner/.m2/repository/com/fasterxml/jackson/datatype/jackson-datatype-jsr310/2.13.4/jackson-datatype-jsr310-2.13.4.jar:/home/runner/.m2/repository/org/apache/ozone/hdds-annotation-processing/1.4.0-SNAPSHOT/hdds-annotation-processing-1.4.0-SNAPSHOT.jar:/home/runner/.m2/repository/javax/annotation/javax.annotation-api/1.2/javax.annotation-api-1.2.jar:/home/runner/.m2/repository/org/apache/ratis/ratis-server/2.4.2-8b8bdda-SNAPSHOT/ratis-server-2.4.2-8b8bdda-SNAPSHOT.jar:/home/runner/.m2/repository/org/apache/ratis/ratis-client/2.4.2-8b8bdda-SNAPSHOT/ratis-client-2.4.2-8b8bdda-SNAPSHOT.jar:/home/runner/.m2/repository/org/apache/ratis/ratis-server-api/2.4.2-8b8bdda-SNAPSHOT/ratis-server-api-2.4.2-8b8bdda-SNAPSHOT.jar:/home/runner/.m2/repository/org/apache/ratis/ratis-metrics/2.4.2-8b8bdda-SNAPSHOT/ratis-metrics-2.4.2-8b8bdda-SNAPSHOT.jar:/home/runner/.m2/repository/org/apache/ratis/ratis-netty/2.4.2-8b8bdda-SNAPSHOT/ratis-netty-2.4.2-8b8bdda-SNAPSHOT.jar:/home/runner/.m2/repository/org/apache/ratis/ratis-grpc/2.4.2-8b8bdda-SNAPSHOT/ratis-grpc-2.4.2-8b8bdda-SNAPSHOT.jar:/home/runner/.m2/repository/org/apache/logging/log4j/log4j-api/2.17.1/log4j-api-2.17.1.jar:/home/runner/.m2/repository/org/apache/commons/commons-pool2/2.6.0/commons-pool2-2.6.0.jar:/home/runner/.m2/repository/org/bouncycastle/bcpkix-jdk15on/1.67/bcpkix-jdk15on-1.67.jar:/home/runner/.m2/repository/commons-validator/commons-validator/1.6/commons-validator-1.6.jar:/home/runner/.m2/repository/commons-beanutils/commons-beanutils/1.9.4/commons-beanutils-1.9.4.jar:/home/runner/.m2/repository/commons-digester/commons-digester/1.8.1/commons-digester-1.8.1.jar:/home/runner/.m2/repository/commons-collections/commons-collections/3.2.2/commons-collections-3.2.2.jar:/home/runner/.m2/repository/io/jaegertracing/jaeger-client/1.6.0/jaeger-client-1.6.0.jar:/home/runner/.m2/repository/io/jaegertracing/jaeger-thrift/1.6.0/jaeger-thrift-1.6.0.jar:/home/runner/.m2/repository/org/apache/thrift/libthrift/0.14.1/libthrift-0.14.1.jar:/home/runner/.m2/repository/io/jaegertracing/jaeger-core/1.6.0/jaeger-core-1.6.0.jar:/home/runner/.m2/repository/io/jaegertracing/jaeger-tracerresolver/1.6.0/jaeger-tracerresolver-1.6.0.jar:/home/runner/.m2/repository/io/opentracing/contrib/opentracing-tracerresolver/0.1.8/opentracing-tracerresolver-0.1.8.jar:/home/runner/.m2/repository/org/jetbrains/kotlin/kotlin-stdlib/1.6.21/kotlin-stdlib-1.6.21.jar:/home/runner/.m2/repository/org/jetbrains/annotations/13.0/annotations-13.0.jar:/home/runner/.m2/repository/io/opentracing/opentracing-util/0.33.0/opentracing-util-0.33.0.jar:/home/runner/.m2/repository/io/opentracing/opentracing-api/0.33.0/opentracing-api-0.33.0.jar:/home/runner/.m2/repository/io/opentracing/opentracing-noop/0.33.0/opentracing-noop-0.33.0.jar:/home/runner/.m2/repository/org/yaml/snakeyaml/1.33/snakeyaml-1.33.jar:/home/runner/.m2/repository/org/apache/ozone/hdds-interface-admin/1.4.0-SNAPSHOT/hdds-interface-admin-1.4.0-SNAPSHOT.jar:/home/runner/.m2/repository/junit/junit/4.13.1/junit-4.13.1.jar:/home/runner/.m2/repository/org/hamcrest/hamcrest-core/1.3/hamcrest-core-1.3.jar:/home/runner/.m2/repository/org/junit/jupiter/junit-jupiter-api/5.8.2/junit-jupiter-api-5.8.2.jar:/home/runner/.m2/repository/org/opentest4j/opentest4j/1.2.0/opentest4j-1.2.0.jar:/home/runner/.m2/repository/org/junit/platform/junit-platform-commons/1.8.2/junit-platform-commons-1.8.2.jar:/home/runner/.m2/repository/org/apiguardian/apiguardian-api/1.1.2/apiguardian-api-1.1.2.jar:/home/runner/.m2/repository/org/junit/jupiter/junit-jupiter-params/5.8.2/junit-jupiter-params-5.8.2.jar:/home/runner/.m2/repository/org/junit/jupiter/junit-jupiter-migrationsupport/5.8.2/junit-jupiter-migrationsupport-5.8.2.jar:/home/runner/.m2/repository/org/junit/jupiter/junit-jupiter-engine/5.8.2/junit-jupiter-engine-5.8.2.jar:/home/runner/.m2/repository/org/junit/platform/junit-platform-engine/1.8.2/junit-platform-engine-1.8.2.jar:/home/runner/.m2/repository/org/junit/vintage/junit-vintage-engine/5.8.2/junit-vintage-engine-5.8.2.jar:/home/runner/.m2/repository/org/junit/platform/junit-platform-launcher/1.8.2/junit-platform-launcher-1.8.2.jar:/home/runner/.m2/repository/org/mockito/mockito-core/2.28.2/mockito-core-2.28.2.jar:/home/runner/.m2/repository/net/bytebuddy/byte-buddy/1.9.10/byte-buddy-1.9.10.jar:/home/runner/.m2/repository/net/bytebuddy/byte-buddy-agent/1.9.10/byte-buddy-agent-1.9.10.jar:/home/runner/.m2/repository/org/objenesis/objenesis/1.0/objenesis-1.0.jar:/home/runner/.m2/repository/org/apache/hadoop/hadoop-kms/3.3.4/hadoop-kms-3.3.4.jar:/home/runner/.m2/repository/org/apache/hadoop/hadoop-auth/3.3.4/hadoop-auth-3.3.4.jar:/home/runner/.m2/repository/com/nimbusds/nimbus-jose-jwt/9.8.1/nimbus-jose-jwt-9.8.1.jar:/home/runner/.m2/repository/com/github/stephenc/jcip/jcip-annotations/1.0-1/jcip-annotations-1.0-1.jar:/home/runner/.m2/repository/net/minidev/json-smart/2.4.7/json-smart-2.4.7.jar:/home/runner/.m2/repository/net/minidev/accessors-smart/2.4.7/accessors-smart-2.4.7.jar:/home/runner/.m2/repository/org/ow2/asm/asm/5.0.4/asm-5.0.4.jar:/home/runner/.m2/repository/org/apache/zookeeper/zookeeper/3.5.6/zookeeper-3.5.6.jar:/home/runner/.m2/repository/org/apache/zookeeper/zookeeper-jute/3.5.6/zookeeper-jute-3.5.6.jar:/home/runner/.m2/repository/org/apache/yetus/audience-annotations/0.5.0/audience-annotations-0.5.0.jar:/home/runner/.m2/repository/org/apache/curator/curator-framework/4.2.0/curator-framework-4.2.0.jar:/home/runner/.m2/repository/org/apache/hadoop/thirdparty/hadoop-shaded-guava/1.1.1/hadoop-shaded-guava-1.1.1.jar:/home/runner/.m2/repository/com/sun/jersey/jersey-core/1.19/jersey-core-1.19.jar:/home/runner/.m2/repository/javax/ws/rs/jsr311-api/1.1.1/jsr311-api-1.1.1.jar:/home/runner/.m2/repository/com/sun/jersey/jersey-server/1.19/jersey-server-1.19.jar:/home/runner/.m2/repository/javax/servlet/javax.servlet-api/3.1.0/javax.servlet-api-3.1.0.jar:/home/runner/.m2/repository/org/eclipse/jetty/jetty-server/9.4.49.v20220914/jetty-server-9.4.49.v20220914.jar:/home/runner/.m2/repository/org/eclipse/jetty/jetty-http/9.4.49.v20220914/jetty-http-9.4.49.v20220914.jar:/home/runner/.m2/repository/org/eclipse/jetty/jetty-io/9.4.49.v20220914/jetty-io-9.4.49.v20220914.jar:/home/runner/.m2/repository/org/eclipse/jetty/jetty-webapp/9.4.49.v20220914/jetty-webapp-9.4.49.v20220914.jar:/home/runner/.m2/repository/org/eclipse/jetty/jetty-xml/9.4.49.v20220914/jetty-xml-9.4.49.v20220914.jar:/home/runner/.m2/repository/org/apache/hadoop/hadoop-common/3.3.4/hadoop-common-3.3.4.jar:/home/runner/.m2/repository/org/apache/commons/commons-math3/3.1.1/commons-math3-3.1.1.jar:/home/runner/.m2/repository/commons-net/commons-net/3.9.0/commons-net-3.9.0.jar:/home/runner/.m2/repository/com/sun/jersey/jersey-servlet/1.19/jersey-servlet-1.19.jar:/home/runner/.m2/repository/com/sun/jersey/jersey-json/1.19/jersey-json-1.19.jar:/home/runner/.m2/repository/org/codehaus/jettison/jettison/1.1/jettison-1.1.jar:/home/runner/.m2/repository/com/sun/xml/bind/jaxb-impl/2.2.3-1/jaxb-impl-2.2.3-1.jar:/home/runner/.m2/repository/org/codehaus/jackson/jackson-xc/1.9.2/jackson-xc-1.9.2.jar:/home/runner/.m2/repository/com/google/re2j/re2j/1.1/re2j-1.1.jar:/home/runner/.m2/repository/com/jcraft/jsch/0.1.54/jsch-0.1.54.jar:/home/runner/.m2/repository/org/apache/curator/curator-client/4.2.0/curator-client-4.2.0.jar:/home/runner/.m2/repository/org/apache/curator/curator-recipes/4.2.0/curator-recipes-4.2.0.jar:/home/runner/.m2/repository/org/apache/kerby/kerb-core/1.0.1/kerb-core-1.0.1.jar:/home/runner/.m2/repository/org/apache/kerby/kerby-pkix/1.0.1/kerby-pkix-1.0.1.jar:/home/runner/.m2/repository/org/apache/kerby/kerby-asn1/1.0.1/kerby-asn1-1.0.1.jar:/home/runner/.m2/repository/org/apache/kerby/kerby-util/1.0.1/kerby-util-1.0.1.jar:/home/runner/.m2/repository/dnsjava/dnsjava/2.1.7/dnsjava-2.1.7.jar:/home/runner/.m2/repository/org/xerial/snappy/snappy-java/1.1.8.2/snappy-java-1.1.8.2.jar:/home/runner/.m2/repository/org/eclipse/jetty/jetty-util/9.4.49.v20220914/jetty-util-9.4.49.v20220914.jar:/home/runner/.m2/repository/com/fasterxml/jackson/core/jackson-databind/2.13.4.2/jackson-databind-2.13.4.2.jar:/home/runner/.m2/repository/org/apache/hadoop/hadoop-kms/3.3.4/hadoop-kms-3.3.4-tests.jar:/home/runner/.m2/repository/org/apache/ozone/hdds-server-scm/1.4.0-SNAPSHOT/hdds-server-scm-1.4.0-SNAPSHOT-tests.jar:/home/runner/.m2/repository/org/apache/ozone/hdds-container-service/1.4.0-SNAPSHOT/hdds-container-service-1.4.0-SNAPSHOT-tests.jar:/home/runner/.m2/repository/com/github/luben/zstd-jni/1.5.2-5/zstd-jni-1.5.2-5.jar:/home/runner/.m2/repository/commons-codec/commons-codec/1.15/commons-codec-1.15.jar:/home/runner/.m2/repository/io/netty/netty-codec/4.1.77.Final/netty-codec-4.1.77.Final.jar:/home/runner/.m2/repository/io/netty/netty-handler/4.1.77.Final/netty-handler-4.1.77.Final.jar:/home/runner/.m2/repository/org/apache/ozone/hdds-hadoop-dependency-test/1.4.0-SNAPSHOT/hdds-hadoop-dependency-test-1.4.0-SNAPSHOT.jar:/home/runner/.m2/repository/org/apache/hadoop/hadoop-common/3.3.4/hadoop-common-3.3.4-tests.jar:/home/runner/.m2/repository/org/apache/hadoop/hadoop-hdfs/3.3.4/hadoop-hdfs-3.3.4-tests.jar:/home/runner/.m2/repository/org/assertj/assertj-core/3.12.2/assertj-core-3.12.2.jar:/home/runner/.m2/repository/org/apache/hadoop/hadoop-distcp/3.3.4/hadoop-distcp-3.3.4.jar:/home/runner/.m2/repository/org/apache/hadoop/hadoop-mapreduce-client-jobclient/3.3.4/hadoop-mapreduce-client-jobclient-3.3.4.jar:/home/runner/.m2/repository/org/apache/hadoop/hadoop-mapreduce-client-common/3.3.4/hadoop-mapreduce-client-common-3.3.4.jar:/home/runner/.m2/repository/org/apache/hadoop/hadoop-yarn-common/3.3.4/hadoop-yarn-common-3.3.4.jar:/home/runner/.m2/repository/org/apache/hadoop/hadoop-yarn-api/3.3.4/hadoop-yarn-api-3.3.4.jar:/home/runner/.m2/repository/com/sun/jersey/contribs/jersey-guice/1.19/jersey-guice-1.19.jar:/home/runner/.m2/repository/com/fasterxml/jackson/jaxrs/jackson-jaxrs-json-provider/2.13.4/jackson-jaxrs-json-provider-2.13.4.jar:/home/runner/.m2/repository/com/fasterxml/jackson/jaxrs/jackson-jaxrs-base/2.13.4/jackson-jaxrs-base-2.13.4.jar:/home/runner/.m2/repository/org/apache/hadoop/hadoop-yarn-client/3.3.4/hadoop-yarn-client-3.3.4.jar:/home/runner/.m2/repository/org/eclipse/jetty/websocket/websocket-client/9.4.43.v20210629/websocket-client-9.4.43.v20210629.jar:/home/runner/.m2/repository/org/eclipse/jetty/websocket/websocket-common/9.4.43.v20210629/websocket-common-9.4.43.v20210629.jar:/home/runner/.m2/repository/org/eclipse/jetty/websocket/websocket-api/9.4.43.v20210629/websocket-api-9.4.43.v20210629.jar:/home/runner/.m2/repository/org/jline/jline/3.9.0/jline-3.9.0.jar:/home/runner/.m2/repository/org/apache/hadoop/hadoop-mapreduce-client-core/3.3.4/hadoop-mapreduce-client-core-3.3.4.jar:/home/runner/.m2/repository/org/apache/avro/avro/1.7.7/avro-1.7.7.jar:/home/runner/.m2/repository/org/codehaus/jackson/jackson-core-asl/1.9.13/jackson-core-asl-1.9.13.jar:/home/runner/.m2/repository/org/codehaus/jackson/jackson-mapper-asl/1.9.13/jackson-mapper-asl-1.9.13.jar:/home/runner/.m2/repository/com/thoughtworks/paranamer/paranamer/2.3/paranamer-2.3.jar:/home/runner/.m2/repository/org/apache/hadoop/hadoop-annotations/3.3.4/hadoop-annotations-3.3.4.jar:/usr/lib/jvm/temurin-8-jdk-amd64/jre/../lib/tools.jar:/home/runner/.m2/repository/io/netty/netty/3.10.6.Final/netty-3.10.6.Final.jar:/home/runner/.m2/repository/org/apache/hadoop/hadoop-distcp/3.3.4/hadoop-distcp-3.3.4-tests.jar:/home/runner/.m2/repository/org/slf4j/jul-to-slf4j/1.7.36/jul-to-slf4j-1.7.36.jar:/home/runner/.m2/repository/org/apache/ratis/ratis-common/2.4.2-8b8bdda-SNAPSHOT/ratis-common-2.4.2-8b8bdda-SNAPSHOT.jar:/home/runner/.m2/repository/org/apache/ratis/ratis-thirdparty-misc/1.0.3/ratis-thirdparty-misc-1.0.3.jar:/home/runner/.m2/repository/org/apache/ratis/ratis-proto/2.4.2-8b8bdda-SNAPSHOT/ratis-proto-2.4.2-8b8bdda-SNAPSHOT.jar:"/>
    <property name="java.vm.vendor" value="Temurin"/>
    <property name="sun.arch.data.model" value="64"/>
    <property name="test.build.dir" value="/home/runner/work/ozone/ozone/hadoop-ozone/integration-test/target/test-dir"/>
    <property name="test.cache.data" value=""/>
    <property name="java.vendor.url" value="https://adoptium.net/"/>
    <property name="user.timezone" value="Etc/UTC"/>
    <property name="java.vm.specification.version" value="1.8"/>
    <property name="os.name" value="Linux"/>
    <property name="test.build.data" value="/home/runner/work/ozone/ozone/hadoop-ozone/integration-test/target/test-dir"/>
    <property name="sun.java.launcher" value="SUN_STANDARD"/>
    <property name="sun.boot.library.path" value="/usr/lib/jvm/temurin-8-jdk-amd64/jre/lib/amd64"/>
    <property name="sun.java.command" value="/home/runner/work/ozone/ozone/hadoop-ozone/integration-test/target/surefire/surefirebooter186372644813994739.jar /home/runner/work/ozone/ozone/hadoop-ozone/integration-test/target/surefire 2023-01-16T14-33-44_965-jvmRun1 surefire4579949123939969599tmp surefire_104960815841399660228tmp"/>
    <property name="surefire.test.class.path" value="/home/runner/work/ozone/ozone/hadoop-ozone/integration-test/target/test-classes:/home/runner/work/ozone/ozone/hadoop-ozone/integration-test/target/classes:/home/runner/.m2/repository/org/apache/ozone/ozone-common/1.4.0-SNAPSHOT/ozone-common-1.4.0-SNAPSHOT.jar:/home/runner/.m2/repository/io/grpc/grpc-netty/1.48.1/grpc-netty-1.48.1.jar:/home/runner/.m2/repository/io/grpc/grpc-core/1.48.1/grpc-core-1.48.1.jar:/home/runner/.m2/repository/com/google/android/annotations/4.1.1.4/annotations-4.1.1.4.jar:/home/runner/.m2/repository/org/codehaus/mojo/animal-sniffer-annotations/1.21/animal-sniffer-annotations-1.21.jar:/home/runner/.m2/repository/com/google/errorprone/error_prone_annotations/2.2.0/error_prone_annotations-2.2.0.jar:/home/runner/.m2/repository/io/perfmark/perfmark-api/0.25.0/perfmark-api-0.25.0.jar:/home/runner/.m2/repository/io/netty/netty-codec-http2/4.1.77.Final/netty-codec-http2-4.1.77.Final.jar:/home/runner/.m2/repository/io/netty/netty-common/4.1.77.Final/netty-common-4.1.77.Final.jar:/home/runner/.m2/repository/io/netty/netty-buffer/4.1.77.Final/netty-buffer-4.1.77.Final.jar:/home/runner/.m2/repository/io/netty/netty-codec-http/4.1.77.Final/netty-codec-http-4.1.77.Final.jar:/home/runner/.m2/repository/io/netty/netty-handler-proxy/4.1.77.Final/netty-handler-proxy-4.1.77.Final.jar:/home/runner/.m2/repository/io/netty/netty-codec-socks/4.1.77.Final/netty-codec-socks-4.1.77.Final.jar:/home/runner/.m2/repository/io/netty/netty-tcnative-boringssl-static/2.0.52.Final/netty-tcnative-boringssl-static-2.0.52.Final.jar:/home/runner/.m2/repository/io/netty/netty-tcnative-classes/2.0.52.Final/netty-tcnative-classes-2.0.52.Final.jar:/home/runner/.m2/repository/io/netty/netty-tcnative-boringssl-static/2.0.52.Final/netty-tcnative-boringssl-static-2.0.52.Final-linux-x86_64.jar:/home/runner/.m2/repository/io/netty/netty-tcnative-boringssl-static/2.0.52.Final/netty-tcnative-boringssl-static-2.0.52.Final-linux-aarch_64.jar:/home/runner/.m2/repository/io/netty/netty-tcnative-boringssl-static/2.0.52.Final/netty-tcnative-boringssl-static-2.0.52.Final-osx-x86_64.jar:/home/runner/.m2/repository/io/netty/netty-tcnative-boringssl-static/2.0.52.Final/netty-tcnative-boringssl-static-2.0.52.Final-osx-aarch_64.jar:/home/runner/.m2/repository/io/netty/netty-tcnative-boringssl-static/2.0.52.Final/netty-tcnative-boringssl-static-2.0.52.Final-windows-x86_64.jar:/home/runner/.m2/repository/org/apache/commons/commons-compress/1.21/commons-compress-1.21.jar:/home/runner/.m2/repository/org/apache/ozone/hdds-common/1.4.0-SNAPSHOT/hdds-common-1.4.0-SNAPSHOT.jar:/home/runner/.m2/repository/org/apache/ozone/hdds-client/1.4.0-SNAPSHOT/hdds-client-1.4.0-SNAPSHOT.jar:/home/runner/.m2/repository/org/apache/ozone/ozone-interface-client/1.4.0-SNAPSHOT/ozone-interface-client-1.4.0-SNAPSHOT.jar:/home/runner/.m2/repository/org/apache/ozone/hdds-test-utils/1.4.0-SNAPSHOT/hdds-test-utils-1.4.0-SNAPSHOT.jar:/home/runner/.m2/repository/com/google/guava/guava/31.1-jre/guava-31.1-jre.jar:/home/runner/.m2/repository/com/google/guava/failureaccess/1.0.1/failureaccess-1.0.1.jar:/home/runner/.m2/repository/com/google/guava/listenablefuture/9999.0-empty-to-avoid-conflict-with-guava/listenablefuture-9999.0-empty-to-avoid-conflict-with-guava.jar:/home/runner/.m2/repository/com/google/code/findbugs/jsr305/3.0.0/jsr305-3.0.0.jar:/home/runner/.m2/repository/org/checkerframework/checker-qual/3.12.0/checker-qual-3.12.0.jar:/home/runner/.m2/repository/com/google/j2objc/j2objc-annotations/1.3/j2objc-annotations-1.3.jar:/home/runner/.m2/repository/commons-io/commons-io/2.11.0/commons-io-2.11.0.jar:/home/runner/.m2/repository/commons-logging/commons-logging/1.2/commons-logging-1.2.jar:/home/runner/.m2/repository/ch/qos/reload4j/reload4j/1.2.22/reload4j-1.2.22.jar:/home/runner/.m2/repository/org/slf4j/slf4j-api/1.7.36/slf4j-api-1.7.36.jar:/home/runner/.m2/repository/org/apache/ozone/hdds-server-scm/1.4.0-SNAPSHOT/hdds-server-scm-1.4.0-SNAPSHOT.jar:/home/runner/.m2/repository/org/apache/ozone/hdds-container-service/1.4.0-SNAPSHOT/hdds-container-service-1.4.0-SNAPSHOT.jar:/home/runner/.m2/repository/org/apache/ozone/hdds-hadoop-dependency-server/1.4.0-SNAPSHOT/hdds-hadoop-dependency-server-1.4.0-SNAPSHOT.jar:/home/runner/.m2/repository/org/apache/hadoop/hadoop-hdfs/3.3.4/hadoop-hdfs-3.3.4.jar:/home/runner/.m2/repository/org/eclipse/jetty/jetty-util-ajax/9.4.49.v20220914/jetty-util-ajax-9.4.49.v20220914.jar:/home/runner/.m2/repository/commons-daemon/commons-daemon/1.0.13/commons-daemon-1.0.13.jar:/home/runner/.m2/repository/org/apache/ozone/hdds-server-framework/1.4.0-SNAPSHOT/hdds-server-framework-1.4.0-SNAPSHOT.jar:/home/runner/.m2/repository/org/apache/ozone/hdds-interface-server/1.4.0-SNAPSHOT/hdds-interface-server-1.4.0-SNAPSHOT.jar:/home/runner/.m2/repository/org/apache/commons/commons-configuration2/2.1.1/commons-configuration2-2.1.1.jar:/home/runner/.m2/repository/org/apache/logging/log4j/log4j-core/2.17.1/log4j-core-2.17.1.jar:/home/runner/.m2/repository/com/lmax/disruptor/3.4.2/disruptor-3.4.2.jar:/home/runner/.m2/repository/org/eclipse/jetty/jetty-servlet/9.4.49.v20220914/jetty-servlet-9.4.49.v20220914.jar:/home/runner/.m2/repository/org/eclipse/jetty/jetty-security/9.4.49.v20220914/jetty-security-9.4.49.v20220914.jar:/home/runner/.m2/repository/org/rocksdb/rocksdbjni/7.7.3/rocksdbjni-7.7.3.jar:/home/runner/.m2/repository/io/prometheus/simpleclient_dropwizard/0.7.0/simpleclient_dropwizard-0.7.0.jar:/home/runner/.m2/repository/io/prometheus/simpleclient/0.7.0/simpleclient-0.7.0.jar:/home/runner/.m2/repository/io/prometheus/simpleclient_common/0.7.0/simpleclient_common-0.7.0.jar:/home/runner/.m2/repository/com/github/spotbugs/spotbugs-annotations/3.1.12/spotbugs-annotations-3.1.12.jar:/home/runner/.m2/repository/io/dropwizard/metrics/metrics-core/3.2.4/metrics-core-3.2.4.jar:/home/runner/.m2/repository/org/apache/commons/commons-text/1.4/commons-text-1.4.jar:/home/runner/.m2/repository/org/apache/hadoop/hadoop-hdfs-client/3.3.4/hadoop-hdfs-client-3.3.4.jar:/home/runner/.m2/repository/com/squareup/okhttp3/okhttp/4.9.3/okhttp-4.9.3.jar:/home/runner/.m2/repository/com/squareup/okio/okio/2.8.0/okio-2.8.0.jar:/home/runner/.m2/repository/org/jetbrains/kotlin/kotlin-stdlib-common/1.4.10/kotlin-stdlib-common-1.4.10.jar:/home/runner/.m2/repository/org/bouncycastle/bcprov-jdk15on/1.67/bcprov-jdk15on-1.67.jar:/home/runner/.m2/repository/com/google/protobuf/protobuf-java/2.5.0/protobuf-java-2.5.0.jar:/home/runner/.m2/repository/org/apache/ozone/ozone-manager/1.4.0-SNAPSHOT/ozone-manager-1.4.0-SNAPSHOT.jar:/home/runner/.m2/repository/org/aspectj/aspectjrt/1.9.7/aspectjrt-1.9.7.jar:/home/runner/.m2/repository/org/aspectj/aspectjweaver/1.9.7/aspectjweaver-1.9.7.jar:/home/runner/.m2/repository/org/apache/ozone/hdds-interface-client/1.4.0-SNAPSHOT/hdds-interface-client-1.4.0-SNAPSHOT.jar:/home/runner/.m2/repository/org/apache/hadoop/thirdparty/hadoop-shaded-protobuf_3_7/1.1.1/hadoop-shaded-protobuf_3_7-1.1.1.jar:/home/runner/.m2/repository/org/apache/ozone/ozone-interface-storage/1.4.0-SNAPSHOT/ozone-interface-storage-1.4.0-SNAPSHOT.jar:/home/runner/.m2/repository/org/reflections/reflections/0.9.11/reflections-0.9.11.jar:/home/runner/.m2/repository/com/sun/jersey/jersey-client/1.19/jersey-client-1.19.jar:/home/runner/.m2/repository/org/apache/ranger/ranger-intg/2.3.0/ranger-intg-2.3.0.jar:/home/runner/.m2/repository/org/apache/ranger/ranger-plugins-common/2.3.0/ranger-plugins-common-2.3.0.jar:/home/runner/.m2/repository/commons-lang/commons-lang/2.6/commons-lang-2.6.jar:/home/runner/.m2/repository/org/codehaus/jackson/jackson-jaxrs/1.9.13/jackson-jaxrs-1.9.13.jar:/home/runner/.m2/repository/org/apache/ranger/ranger-plugins-cred/2.3.0/ranger-plugins-cred-2.3.0.jar:/home/runner/.m2/repository/org/apache/ranger/ranger-plugins-audit/2.3.0/ranger-plugins-audit-2.3.0.jar:/home/runner/.m2/repository/org/eclipse/jetty/jetty-client/9.4.31.v20200723/jetty-client-9.4.31.v20200723.jar:/home/runner/.m2/repository/org/apache/httpcomponents/httpmime/4.5.6/httpmime-4.5.6.jar:/home/runner/.m2/repository/org/apache/httpcomponents/httpcore-nio/4.4.6/httpcore-nio-4.4.6.jar:/home/runner/.m2/repository/org/apache/httpcomponents/httpasyncclient/4.1.3/httpasyncclient-4.1.3.jar:/home/runner/.m2/repository/com/carrotsearch/hppc/0.8.0/hppc-0.8.0.jar:/home/runner/.m2/repository/org/apache/orc/orc-core/1.5.8/orc-core-1.5.8.jar:/home/runner/.m2/repository/net/java/dev/jna/jna/5.2.0/jna-5.2.0.jar:/home/runner/.m2/repository/net/java/dev/jna/jna-platform/5.2.0/jna-platform-5.2.0.jar:/home/runner/.m2/repository/com/kstruct/gethostname4j/0.0.2/gethostname4j-0.0.2.jar:/home/runner/.m2/repository/org/apache/ranger/ranger-plugin-classloader/2.3.0/ranger-plugin-classloader-2.3.0.jar:/home/runner/.m2/repository/org/apache/hadoop/hadoop-minikdc/3.3.4/hadoop-minikdc-3.3.4.jar:/home/runner/.m2/repository/org/apache/kerby/kerb-simplekdc/1.0.1/kerb-simplekdc-1.0.1.jar:/home/runner/.m2/repository/org/apache/kerby/kerb-client/1.0.1/kerb-client-1.0.1.jar:/home/runner/.m2/repository/org/apache/kerby/kerby-config/1.0.1/kerby-config-1.0.1.jar:/home/runner/.m2/repository/org/apache/kerby/kerb-common/1.0.1/kerb-common-1.0.1.jar:/home/runner/.m2/repository/org/apache/kerby/kerb-crypto/1.0.1/kerb-crypto-1.0.1.jar:/home/runner/.m2/repository/org/apache/kerby/kerb-util/1.0.1/kerb-util-1.0.1.jar:/home/runner/.m2/repository/org/apache/kerby/token-provider/1.0.1/token-provider-1.0.1.jar:/home/runner/.m2/repository/org/apache/kerby/kerb-admin/1.0.1/kerb-admin-1.0.1.jar:/home/runner/.m2/repository/org/apache/kerby/kerb-server/1.0.1/kerb-server-1.0.1.jar:/home/runner/.m2/repository/org/apache/kerby/kerb-identity/1.0.1/kerb-identity-1.0.1.jar:/home/runner/.m2/repository/org/apache/kerby/kerby-xdr/1.0.1/kerby-xdr-1.0.1.jar:/home/runner/.m2/repository/org/apache/ozone/ozone-s3gateway/1.4.0-SNAPSHOT/ozone-s3gateway-1.4.0-SNAPSHOT.jar:/home/runner/.m2/repository/org/javassist/javassist/3.21.0-GA/javassist-3.21.0-GA.jar:/home/runner/.m2/repository/org/jboss/weld/servlet/weld-servlet/2.4.7.Final/weld-servlet-2.4.7.Final.jar:/home/runner/.m2/repository/org/glassfish/jersey/containers/jersey-container-servlet-core/2.34/jersey-container-servlet-core-2.34.jar:/home/runner/.m2/repository/org/glassfish/hk2/external/jakarta.inject/2.6.1/jakarta.inject-2.6.1.jar:/home/runner/.m2/repository/org/glassfish/jersey/core/jersey-common/2.34/jersey-common-2.34.jar:/home/runner/.m2/repository/jakarta/ws/rs/jakarta.ws.rs-api/2.1.6/jakarta.ws.rs-api-2.1.6.jar:/home/runner/.m2/repository/org/glassfish/jersey/ext/cdi/jersey-cdi1x/2.34/jersey-cdi1x-2.34.jar:/home/runner/.m2/repository/org/glassfish/jersey/inject/jersey-hk2/2.34/jersey-hk2-2.34.jar:/home/runner/.m2/repository/org/glassfish/hk2/hk2-locator/2.6.1/hk2-locator-2.6.1.jar:/home/runner/.m2/repository/org/glassfish/jersey/media/jersey-media-jaxb/2.34/jersey-media-jaxb-2.34.jar:/home/runner/.m2/repository/org/glassfish/hk2/osgi-resource-locator/1.0.3/osgi-resource-locator-1.0.3.jar:/home/runner/.m2/repository/org/glassfish/hk2/hk2-api/2.5.0/hk2-api-2.5.0.jar:/home/runner/.m2/repository/org/glassfish/hk2/hk2-utils/2.5.0/hk2-utils-2.5.0.jar:/home/runner/.m2/repository/org/glassfish/hk2/external/aopalliance-repackaged/2.5.0/aopalliance-repackaged-2.5.0.jar:/home/runner/.m2/repository/com/fasterxml/jackson/dataformat/jackson-dataformat-xml/2.13.4/jackson-dataformat-xml-2.13.4.jar:/home/runner/.m2/repository/com/fasterxml/jackson/core/jackson-core/2.13.4/jackson-core-2.13.4.jar:/home/runner/.m2/repository/org/codehaus/woodstox/stax2-api/4.2.1/stax2-api-4.2.1.jar:/home/runner/.m2/repository/com/fasterxml/woodstox/woodstox-core/5.4.0/woodstox-core-5.4.0.jar:/home/runner/.m2/repository/com/fasterxml/jackson/module/jackson-module-jaxb-annotations/2.13.4/jackson-module-jaxb-annotations-2.13.4.jar:/home/runner/.m2/repository/jakarta/xml/bind/jakarta.xml.bind-api/2.3.3/jakarta.xml.bind-api-2.3.3.jar:/home/runner/.m2/repository/jakarta/activation/jakarta.activation-api/1.2.1/jakarta.activation-api-1.2.1.jar:/home/runner/.m2/repository/javax/enterprise/cdi-api/1.2/cdi-api-1.2.jar:/home/runner/.m2/repository/javax/el/javax.el-api/3.0.0/javax.el-api-3.0.0.jar:/home/runner/.m2/repository/javax/interceptor/javax.interceptor-api/1.2/javax.interceptor-api-1.2.jar:/home/runner/.m2/repository/javax/inject/javax.inject/1/javax.inject-1.jar:/home/runner/.m2/repository/javax/xml/bind/jaxb-api/2.3.0/jaxb-api-2.3.0.jar:/home/runner/.m2/repository/org/glassfish/jaxb/jaxb-runtime/2.3.0.1/jaxb-runtime-2.3.0.1.jar:/home/runner/.m2/repository/org/glassfish/jaxb/jaxb-core/2.3.0.1/jaxb-core-2.3.0.1.jar:/home/runner/.m2/repository/org/glassfish/jaxb/txw2/2.3.0.1/txw2-2.3.0.1.jar:/home/runner/.m2/repository/com/sun/istack/istack-commons-runtime/3.0.5/istack-commons-runtime-3.0.5.jar:/home/runner/.m2/repository/org/jvnet/staxex/stax-ex/1.7.8/stax-ex-1.7.8.jar:/home/runner/.m2/repository/com/sun/xml/fastinfoset/FastInfoset/1.2.13/FastInfoset-1.2.13.jar:/home/runner/.m2/repository/javax/activation/activation/1.1.1/activation-1.1.1.jar:/home/runner/.m2/repository/io/grpc/grpc-protobuf/1.48.1/grpc-protobuf-1.48.1.jar:/home/runner/.m2/repository/io/grpc/grpc-api/1.48.1/grpc-api-1.48.1.jar:/home/runner/.m2/repository/io/grpc/grpc-context/1.48.1/grpc-context-1.48.1.jar:/home/runner/.m2/repository/com/google/api/grpc/proto-google-common-protos/2.9.0/proto-google-common-protos-2.9.0.jar:/home/runner/.m2/repository/io/grpc/grpc-protobuf-lite/1.48.1/grpc-protobuf-lite-1.48.1.jar:/home/runner/.m2/repository/io/grpc/grpc-stub/1.48.1/grpc-stub-1.48.1.jar:/home/runner/.m2/repository/io/netty/netty-transport/4.1.77.Final/netty-transport-4.1.77.Final.jar:/home/runner/.m2/repository/io/netty/netty-resolver/4.1.77.Final/netty-resolver-4.1.77.Final.jar:/home/runner/.m2/repository/org/apache/ozone/ozone-csi/1.4.0-SNAPSHOT/ozone-csi-1.4.0-SNAPSHOT.jar:/home/runner/.m2/repository/com/google/protobuf/protobuf-java-util/3.19.6/protobuf-java-util-3.19.6.jar:/home/runner/.m2/repository/com/google/code/gson/gson/2.9.0/gson-2.9.0.jar:/home/runner/.m2/repository/org/apache/ozone/hdds-config/1.4.0-SNAPSHOT/hdds-config-1.4.0-SNAPSHOT.jar:/home/runner/.m2/repository/io/netty/netty-transport-native-epoll/4.1.77.Final/netty-transport-native-epoll-4.1.77.Final-linux-x86_64.jar:/home/runner/.m2/repository/io/netty/netty-transport-classes-epoll/4.1.77.Final/netty-transport-classes-epoll-4.1.77.Final.jar:/home/runner/.m2/repository/io/netty/netty-transport-native-unix-common/4.1.77.Final/netty-transport-native-unix-common-4.1.77.Final.jar:/home/runner/.m2/repository/org/slf4j/slf4j-reload4j/1.7.36/slf4j-reload4j-1.7.36.jar:/home/runner/.m2/repository/org/apache/ozone/ozone-recon/1.4.0-SNAPSHOT/ozone-recon-1.4.0-SNAPSHOT.jar:/home/runner/.m2/repository/org/apache/ozone/ozone-reconcodegen/1.4.0-SNAPSHOT/ozone-reconcodegen-1.4.0-SNAPSHOT.jar:/home/runner/.m2/repository/com/google/inject/extensions/guice-multibindings/4.0/guice-multibindings-4.0.jar:/home/runner/.m2/repository/com/google/inject/guice/4.0/guice-4.0.jar:/home/runner/.m2/repository/aopalliance/aopalliance/1.0/aopalliance-1.0.jar:/home/runner/.m2/repository/com/google/inject/extensions/guice-assistedinject/4.0/guice-assistedinject-4.0.jar:/home/runner/.m2/repository/com/google/inject/extensions/guice-servlet/4.0/guice-servlet-4.0.jar:/home/runner/.m2/repository/org/glassfish/jersey/containers/jersey-container-servlet/2.34/jersey-container-servlet-2.34.jar:/home/runner/.m2/repository/org/glassfish/hk2/guice-bridge/2.5.0/guice-bridge-2.5.0.jar:/home/runner/.m2/repository/org/glassfish/jersey/core/jersey-server/2.34/jersey-server-2.34.jar:/home/runner/.m2/repository/org/glassfish/jersey/core/jersey-client/2.34/jersey-client-2.34.jar:/home/runner/.m2/repository/jakarta/annotation/jakarta.annotation-api/1.3.5/jakarta.annotation-api-1.3.5.jar:/home/runner/.m2/repository/jakarta/validation/jakarta.validation-api/2.0.2/jakarta.validation-api-2.0.2.jar:/home/runner/.m2/repository/org/glassfish/jersey/media/jersey-media-json-jackson/2.34/jersey-media-json-jackson-2.34.jar:/home/runner/.m2/repository/org/glassfish/jersey/ext/jersey-entity-filtering/2.34/jersey-entity-filtering-2.34.jar:/home/runner/.m2/repository/org/jooq/jooq/3.11.10/jooq-3.11.10.jar:/home/runner/.m2/repository/org/jooq/jooq-meta/3.11.10/jooq-meta-3.11.10.jar:/home/runner/.m2/repository/org/jooq/jooq-codegen/3.11.10/jooq-codegen-3.11.10.jar:/home/runner/.m2/repository/com/jolbox/bonecp/0.8.0.RELEASE/bonecp-0.8.0.RELEASE.jar:/home/runner/.m2/repository/org/apache/derby/derby/10.14.2.0/derby-10.14.2.0.jar:/home/runner/.m2/repository/org/xerial/sqlite-jdbc/3.25.2/sqlite-jdbc-3.25.2.jar:/home/runner/.m2/repository/org/springframework/spring-jdbc/5.3.23/spring-jdbc-5.3.23.jar:/home/runner/.m2/repository/org/springframework/spring-beans/5.3.23/spring-beans-5.3.23.jar:/home/runner/.m2/repository/org/springframework/spring-core/5.3.23/spring-core-5.3.23.jar:/home/runner/.m2/repository/org/springframework/spring-jcl/5.3.23/spring-jcl-5.3.23.jar:/home/runner/.m2/repository/org/springframework/spring-tx/5.3.23/spring-tx-5.3.23.jar:/home/runner/.m2/repository/org/apache/ozone/ozone-client/1.4.0-SNAPSHOT/ozone-client-1.4.0-SNAPSHOT.jar:/home/runner/.m2/repository/org/apache/ozone/hdds-erasurecode/1.4.0-SNAPSHOT/hdds-erasurecode-1.4.0-SNAPSHOT.jar:/home/runner/.m2/repository/org/apache/ozone/ozone-filesystem/1.4.0-SNAPSHOT/ozone-filesystem-1.4.0-SNAPSHOT.jar:/home/runner/.m2/repository/org/apache/ozone/ozone-filesystem-common/1.4.0-SNAPSHOT/ozone-filesystem-common-1.4.0-SNAPSHOT.jar:/home/runner/.m2/repository/org/apache/ozone/ozone-tools/1.4.0-SNAPSHOT/ozone-tools-1.4.0-SNAPSHOT.jar:/home/runner/.m2/repository/org/apache/ratis/ratis-tools/2.4.2-8b8bdda-SNAPSHOT/ratis-tools-2.4.2-8b8bdda-SNAPSHOT.jar:/home/runner/.m2/repository/com/amazonaws/aws-java-sdk-core/1.12.261/aws-java-sdk-core-1.12.261.jar:/home/runner/.m2/repository/org/apache/httpcomponents/httpclient/4.5.13/httpclient-4.5.13.jar:/home/runner/.m2/repository/org/apache/httpcomponents/httpcore/4.4.13/httpcore-4.4.13.jar:/home/runner/.m2/repository/software/amazon/ion/ion-java/1.0.2/ion-java-1.0.2.jar:/home/runner/.m2/repository/com/fasterxml/jackson/dataformat/jackson-dataformat-cbor/2.13.4/jackson-dataformat-cbor-2.13.4.jar:/home/runner/.m2/repository/joda-time/joda-time/2.8.1/joda-time-2.8.1.jar:/home/runner/.m2/repository/com/amazonaws/aws-java-sdk-s3/1.12.261/aws-java-sdk-s3-1.12.261.jar:/home/runner/.m2/repository/com/amazonaws/aws-java-sdk-kms/1.12.261/aws-java-sdk-kms-1.12.261.jar:/home/runner/.m2/repository/com/amazonaws/jmespath-java/1.12.261/jmespath-java-1.12.261.jar:/home/runner/.m2/repository/org/kohsuke/metainf-services/metainf-services/1.8/metainf-services-1.8.jar:/home/runner/.m2/repository/org/apache/ozone/hdds-tools/1.4.0-SNAPSHOT/hdds-tools-1.4.0-SNAPSHOT.jar:/home/runner/.m2/repository/commons-cli/commons-cli/1.2/commons-cli-1.2.jar:/home/runner/.m2/repository/org/apache/commons/commons-lang3/3.7/commons-lang3-3.7.jar:/home/runner/.m2/repository/org/apache/ozone/ozone-manager/1.4.0-SNAPSHOT/ozone-manager-1.4.0-SNAPSHOT-tests.jar:/home/runner/.m2/repository/org/apache/ozone/hdds-common/1.4.0-SNAPSHOT/hdds-common-1.4.0-SNAPSHOT-tests.jar:/home/runner/.m2/repository/org/apache/ozone/hdds-hadoop-dependency-client/1.4.0-SNAPSHOT/hdds-hadoop-dependency-client-1.4.0-SNAPSHOT.jar:/home/runner/.m2/repository/info/picocli/picocli/4.6.1/picocli-4.6.1.jar:/home/runner/.m2/repository/com/fasterxml/jackson/core/jackson-annotations/2.13.4/jackson-annotations-2.13.4.jar:/home/runner/.m2/repository/com/fasterxml/jackson/datatype/jackson-datatype-jsr310/2.13.4/jackson-datatype-jsr310-2.13.4.jar:/home/runner/.m2/repository/org/apache/ozone/hdds-annotation-processing/1.4.0-SNAPSHOT/hdds-annotation-processing-1.4.0-SNAPSHOT.jar:/home/runner/.m2/repository/javax/annotation/javax.annotation-api/1.2/javax.annotation-api-1.2.jar:/home/runner/.m2/repository/org/apache/ratis/ratis-server/2.4.2-8b8bdda-SNAPSHOT/ratis-server-2.4.2-8b8bdda-SNAPSHOT.jar:/home/runner/.m2/repository/org/apache/ratis/ratis-client/2.4.2-8b8bdda-SNAPSHOT/ratis-client-2.4.2-8b8bdda-SNAPSHOT.jar:/home/runner/.m2/repository/org/apache/ratis/ratis-server-api/2.4.2-8b8bdda-SNAPSHOT/ratis-server-api-2.4.2-8b8bdda-SNAPSHOT.jar:/home/runner/.m2/repository/org/apache/ratis/ratis-metrics/2.4.2-8b8bdda-SNAPSHOT/ratis-metrics-2.4.2-8b8bdda-SNAPSHOT.jar:/home/runner/.m2/repository/org/apache/ratis/ratis-netty/2.4.2-8b8bdda-SNAPSHOT/ratis-netty-2.4.2-8b8bdda-SNAPSHOT.jar:/home/runner/.m2/repository/org/apache/ratis/ratis-grpc/2.4.2-8b8bdda-SNAPSHOT/ratis-grpc-2.4.2-8b8bdda-SNAPSHOT.jar:/home/runner/.m2/repository/org/apache/logging/log4j/log4j-api/2.17.1/log4j-api-2.17.1.jar:/home/runner/.m2/repository/org/apache/commons/commons-pool2/2.6.0/commons-pool2-2.6.0.jar:/home/runner/.m2/repository/org/bouncycastle/bcpkix-jdk15on/1.67/bcpkix-jdk15on-1.67.jar:/home/runner/.m2/repository/commons-validator/commons-validator/1.6/commons-validator-1.6.jar:/home/runner/.m2/repository/commons-beanutils/commons-beanutils/1.9.4/commons-beanutils-1.9.4.jar:/home/runner/.m2/repository/commons-digester/commons-digester/1.8.1/commons-digester-1.8.1.jar:/home/runner/.m2/repository/commons-collections/commons-collections/3.2.2/commons-collections-3.2.2.jar:/home/runner/.m2/repository/io/jaegertracing/jaeger-client/1.6.0/jaeger-client-1.6.0.jar:/home/runner/.m2/repository/io/jaegertracing/jaeger-thrift/1.6.0/jaeger-thrift-1.6.0.jar:/home/runner/.m2/repository/org/apache/thrift/libthrift/0.14.1/libthrift-0.14.1.jar:/home/runner/.m2/repository/io/jaegertracing/jaeger-core/1.6.0/jaeger-core-1.6.0.jar:/home/runner/.m2/repository/io/jaegertracing/jaeger-tracerresolver/1.6.0/jaeger-tracerresolver-1.6.0.jar:/home/runner/.m2/repository/io/opentracing/contrib/opentracing-tracerresolver/0.1.8/opentracing-tracerresolver-0.1.8.jar:/home/runner/.m2/repository/org/jetbrains/kotlin/kotlin-stdlib/1.6.21/kotlin-stdlib-1.6.21.jar:/home/runner/.m2/repository/org/jetbrains/annotations/13.0/annotations-13.0.jar:/home/runner/.m2/repository/io/opentracing/opentracing-util/0.33.0/opentracing-util-0.33.0.jar:/home/runner/.m2/repository/io/opentracing/opentracing-api/0.33.0/opentracing-api-0.33.0.jar:/home/runner/.m2/repository/io/opentracing/opentracing-noop/0.33.0/opentracing-noop-0.33.0.jar:/home/runner/.m2/repository/org/yaml/snakeyaml/1.33/snakeyaml-1.33.jar:/home/runner/.m2/repository/org/apache/ozone/hdds-interface-admin/1.4.0-SNAPSHOT/hdds-interface-admin-1.4.0-SNAPSHOT.jar:/home/runner/.m2/repository/junit/junit/4.13.1/junit-4.13.1.jar:/home/runner/.m2/repository/org/hamcrest/hamcrest-core/1.3/hamcrest-core-1.3.jar:/home/runner/.m2/repository/org/junit/jupiter/junit-jupiter-api/5.8.2/junit-jupiter-api-5.8.2.jar:/home/runner/.m2/repository/org/opentest4j/opentest4j/1.2.0/opentest4j-1.2.0.jar:/home/runner/.m2/repository/org/junit/platform/junit-platform-commons/1.8.2/junit-platform-commons-1.8.2.jar:/home/runner/.m2/repository/org/apiguardian/apiguardian-api/1.1.2/apiguardian-api-1.1.2.jar:/home/runner/.m2/repository/org/junit/jupiter/junit-jupiter-params/5.8.2/junit-jupiter-params-5.8.2.jar:/home/runner/.m2/repository/org/junit/jupiter/junit-jupiter-migrationsupport/5.8.2/junit-jupiter-migrationsupport-5.8.2.jar:/home/runner/.m2/repository/org/junit/jupiter/junit-jupiter-engine/5.8.2/junit-jupiter-engine-5.8.2.jar:/home/runner/.m2/repository/org/junit/platform/junit-platform-engine/1.8.2/junit-platform-engine-1.8.2.jar:/home/runner/.m2/repository/org/junit/vintage/junit-vintage-engine/5.8.2/junit-vintage-engine-5.8.2.jar:/home/runner/.m2/repository/org/junit/platform/junit-platform-launcher/1.8.2/junit-platform-launcher-1.8.2.jar:/home/runner/.m2/repository/org/mockito/mockito-core/2.28.2/mockito-core-2.28.2.jar:/home/runner/.m2/repository/net/bytebuddy/byte-buddy/1.9.10/byte-buddy-1.9.10.jar:/home/runner/.m2/repository/net/bytebuddy/byte-buddy-agent/1.9.10/byte-buddy-agent-1.9.10.jar:/home/runner/.m2/repository/org/objenesis/objenesis/1.0/objenesis-1.0.jar:/home/runner/.m2/repository/org/apache/hadoop/hadoop-kms/3.3.4/hadoop-kms-3.3.4.jar:/home/runner/.m2/repository/org/apache/hadoop/hadoop-auth/3.3.4/hadoop-auth-3.3.4.jar:/home/runner/.m2/repository/com/nimbusds/nimbus-jose-jwt/9.8.1/nimbus-jose-jwt-9.8.1.jar:/home/runner/.m2/repository/com/github/stephenc/jcip/jcip-annotations/1.0-1/jcip-annotations-1.0-1.jar:/home/runner/.m2/repository/net/minidev/json-smart/2.4.7/json-smart-2.4.7.jar:/home/runner/.m2/repository/net/minidev/accessors-smart/2.4.7/accessors-smart-2.4.7.jar:/home/runner/.m2/repository/org/ow2/asm/asm/5.0.4/asm-5.0.4.jar:/home/runner/.m2/repository/org/apache/zookeeper/zookeeper/3.5.6/zookeeper-3.5.6.jar:/home/runner/.m2/repository/org/apache/zookeeper/zookeeper-jute/3.5.6/zookeeper-jute-3.5.6.jar:/home/runner/.m2/repository/org/apache/yetus/audience-annotations/0.5.0/audience-annotations-0.5.0.jar:/home/runner/.m2/repository/org/apache/curator/curator-framework/4.2.0/curator-framework-4.2.0.jar:/home/runner/.m2/repository/org/apache/hadoop/thirdparty/hadoop-shaded-guava/1.1.1/hadoop-shaded-guava-1.1.1.jar:/home/runner/.m2/repository/com/sun/jersey/jersey-core/1.19/jersey-core-1.19.jar:/home/runner/.m2/repository/javax/ws/rs/jsr311-api/1.1.1/jsr311-api-1.1.1.jar:/home/runner/.m2/repository/com/sun/jersey/jersey-server/1.19/jersey-server-1.19.jar:/home/runner/.m2/repository/javax/servlet/javax.servlet-api/3.1.0/javax.servlet-api-3.1.0.jar:/home/runner/.m2/repository/org/eclipse/jetty/jetty-server/9.4.49.v20220914/jetty-server-9.4.49.v20220914.jar:/home/runner/.m2/repository/org/eclipse/jetty/jetty-http/9.4.49.v20220914/jetty-http-9.4.49.v20220914.jar:/home/runner/.m2/repository/org/eclipse/jetty/jetty-io/9.4.49.v20220914/jetty-io-9.4.49.v20220914.jar:/home/runner/.m2/repository/org/eclipse/jetty/jetty-webapp/9.4.49.v20220914/jetty-webapp-9.4.49.v20220914.jar:/home/runner/.m2/repository/org/eclipse/jetty/jetty-xml/9.4.49.v20220914/jetty-xml-9.4.49.v20220914.jar:/home/runner/.m2/repository/org/apache/hadoop/hadoop-common/3.3.4/hadoop-common-3.3.4.jar:/home/runner/.m2/repository/org/apache/commons/commons-math3/3.1.1/commons-math3-3.1.1.jar:/home/runner/.m2/repository/commons-net/commons-net/3.9.0/commons-net-3.9.0.jar:/home/runner/.m2/repository/com/sun/jersey/jersey-servlet/1.19/jersey-servlet-1.19.jar:/home/runner/.m2/repository/com/sun/jersey/jersey-json/1.19/jersey-json-1.19.jar:/home/runner/.m2/repository/org/codehaus/jettison/jettison/1.1/jettison-1.1.jar:/home/runner/.m2/repository/com/sun/xml/bind/jaxb-impl/2.2.3-1/jaxb-impl-2.2.3-1.jar:/home/runner/.m2/repository/org/codehaus/jackson/jackson-xc/1.9.2/jackson-xc-1.9.2.jar:/home/runner/.m2/repository/com/google/re2j/re2j/1.1/re2j-1.1.jar:/home/runner/.m2/repository/com/jcraft/jsch/0.1.54/jsch-0.1.54.jar:/home/runner/.m2/repository/org/apache/curator/curator-client/4.2.0/curator-client-4.2.0.jar:/home/runner/.m2/repository/org/apache/curator/curator-recipes/4.2.0/curator-recipes-4.2.0.jar:/home/runner/.m2/repository/org/apache/kerby/kerb-core/1.0.1/kerb-core-1.0.1.jar:/home/runner/.m2/repository/org/apache/kerby/kerby-pkix/1.0.1/kerby-pkix-1.0.1.jar:/home/runner/.m2/repository/org/apache/kerby/kerby-asn1/1.0.1/kerby-asn1-1.0.1.jar:/home/runner/.m2/repository/org/apache/kerby/kerby-util/1.0.1/kerby-util-1.0.1.jar:/home/runner/.m2/repository/dnsjava/dnsjava/2.1.7/dnsjava-2.1.7.jar:/home/runner/.m2/repository/org/xerial/snappy/snappy-java/1.1.8.2/snappy-java-1.1.8.2.jar:/home/runner/.m2/repository/org/eclipse/jetty/jetty-util/9.4.49.v20220914/jetty-util-9.4.49.v20220914.jar:/home/runner/.m2/repository/com/fasterxml/jackson/core/jackson-databind/2.13.4.2/jackson-databind-2.13.4.2.jar:/home/runner/.m2/repository/org/apache/hadoop/hadoop-kms/3.3.4/hadoop-kms-3.3.4-tests.jar:/home/runner/.m2/repository/org/apache/ozone/hdds-server-scm/1.4.0-SNAPSHOT/hdds-server-scm-1.4.0-SNAPSHOT-tests.jar:/home/runner/.m2/repository/org/apache/ozone/hdds-container-service/1.4.0-SNAPSHOT/hdds-container-service-1.4.0-SNAPSHOT-tests.jar:/home/runner/.m2/repository/com/github/luben/zstd-jni/1.5.2-5/zstd-jni-1.5.2-5.jar:/home/runner/.m2/repository/commons-codec/commons-codec/1.15/commons-codec-1.15.jar:/home/runner/.m2/repository/io/netty/netty-codec/4.1.77.Final/netty-codec-4.1.77.Final.jar:/home/runner/.m2/repository/io/netty/netty-handler/4.1.77.Final/netty-handler-4.1.77.Final.jar:/home/runner/.m2/repository/org/apache/ozone/hdds-hadoop-dependency-test/1.4.0-SNAPSHOT/hdds-hadoop-dependency-test-1.4.0-SNAPSHOT.jar:/home/runner/.m2/repository/org/apache/hadoop/hadoop-common/3.3.4/hadoop-common-3.3.4-tests.jar:/home/runner/.m2/repository/org/apache/hadoop/hadoop-hdfs/3.3.4/hadoop-hdfs-3.3.4-tests.jar:/home/runner/.m2/repository/org/assertj/assertj-core/3.12.2/assertj-core-3.12.2.jar:/home/runner/.m2/repository/org/apache/hadoop/hadoop-distcp/3.3.4/hadoop-distcp-3.3.4.jar:/home/runner/.m2/repository/org/apache/hadoop/hadoop-mapreduce-client-jobclient/3.3.4/hadoop-mapreduce-client-jobclient-3.3.4.jar:/home/runner/.m2/repository/org/apache/hadoop/hadoop-mapreduce-client-common/3.3.4/hadoop-mapreduce-client-common-3.3.4.jar:/home/runner/.m2/repository/org/apache/hadoop/hadoop-yarn-common/3.3.4/hadoop-yarn-common-3.3.4.jar:/home/runner/.m2/repository/org/apache/hadoop/hadoop-yarn-api/3.3.4/hadoop-yarn-api-3.3.4.jar:/home/runner/.m2/repository/com/sun/jersey/contribs/jersey-guice/1.19/jersey-guice-1.19.jar:/home/runner/.m2/repository/com/fasterxml/jackson/jaxrs/jackson-jaxrs-json-provider/2.13.4/jackson-jaxrs-json-provider-2.13.4.jar:/home/runner/.m2/repository/com/fasterxml/jackson/jaxrs/jackson-jaxrs-base/2.13.4/jackson-jaxrs-base-2.13.4.jar:/home/runner/.m2/repository/org/apache/hadoop/hadoop-yarn-client/3.3.4/hadoop-yarn-client-3.3.4.jar:/home/runner/.m2/repository/org/eclipse/jetty/websocket/websocket-client/9.4.43.v20210629/websocket-client-9.4.43.v20210629.jar:/home/runner/.m2/repository/org/eclipse/jetty/websocket/websocket-common/9.4.43.v20210629/websocket-common-9.4.43.v20210629.jar:/home/runner/.m2/repository/org/eclipse/jetty/websocket/websocket-api/9.4.43.v20210629/websocket-api-9.4.43.v20210629.jar:/home/runner/.m2/repository/org/jline/jline/3.9.0/jline-3.9.0.jar:/home/runner/.m2/repository/org/apache/hadoop/hadoop-mapreduce-client-core/3.3.4/hadoop-mapreduce-client-core-3.3.4.jar:/home/runner/.m2/repository/org/apache/avro/avro/1.7.7/avro-1.7.7.jar:/home/runner/.m2/repository/org/codehaus/jackson/jackson-core-asl/1.9.13/jackson-core-asl-1.9.13.jar:/home/runner/.m2/repository/org/codehaus/jackson/jackson-mapper-asl/1.9.13/jackson-mapper-asl-1.9.13.jar:/home/runner/.m2/repository/com/thoughtworks/paranamer/paranamer/2.3/paranamer-2.3.jar:/home/runner/.m2/repository/org/apache/hadoop/hadoop-annotations/3.3.4/hadoop-annotations-3.3.4.jar:/usr/lib/jvm/temurin-8-jdk-amd64/jre/../lib/tools.jar:/home/runner/.m2/repository/io/netty/netty/3.10.6.Final/netty-3.10.6.Final.jar:/home/runner/.m2/repository/org/apache/hadoop/hadoop-distcp/3.3.4/hadoop-distcp-3.3.4-tests.jar:/home/runner/.m2/repository/org/slf4j/jul-to-slf4j/1.7.36/jul-to-slf4j-1.7.36.jar:/home/runner/.m2/repository/org/apache/ratis/ratis-common/2.4.2-8b8bdda-SNAPSHOT/ratis-common-2.4.2-8b8bdda-SNAPSHOT.jar:/home/runner/.m2/repository/org/apache/ratis/ratis-thirdparty-misc/1.0.3/ratis-thirdparty-misc-1.0.3.jar:/home/runner/.m2/repository/org/apache/ratis/ratis-proto/2.4.2-8b8bdda-SNAPSHOT/ratis-proto-2.4.2-8b8bdda-SNAPSHOT.jar:"/>
    <property name="sun.cpu.endian" value="little"/>
    <property name="user.home" value="/home/runner"/>
    <property name="user.language" value="en"/>
    <property name="java.specification.vendor" value="Oracle Corporation"/>
    <property name="java.home" value="/usr/lib/jvm/temurin-8-jdk-amd64/jre"/>
    <property name="java.security.krb5.conf" value="/home/runner/work/ozone/ozone/hadoop-ozone/integration-test/target/test-classes/krb5.conf"/>
    <property name="basedir" value="/home/runner/work/ozone/ozone/hadoop-ozone/integration-test"/>
    <property name="file.separator" value="/"/>
    <property name="line.separator" value="&#10;"/>
    <property name="java.vm.specification.vendor" value="Oracle Corporation"/>
    <property name="java.specification.name" value="Java Platform API Specification"/>
    <property name="java.awt.graphicsenv" value="sun.awt.X11GraphicsEnvironment"/>
    <property name="skip.installnpx" value="true"/>
    <property name="surefire.real.class.path" value="/home/runner/work/ozone/ozone/hadoop-ozone/integration-test/target/surefire/surefirebooter186372644813994739.jar:/home/runner/.m2/repository/org/jacoco/org.jacoco.agent/0.8.5/org.jacoco.agent-0.8.5-runtime.jar"/>
    <property name="hadoop.log.dir" value="/home/runner/work/ozone/ozone/hadoop-ozone/integration-test/target/log"/>
    <property name="sun.boot.class.path" value="/usr/lib/jvm/temurin-8-jdk-amd64/jre/lib/resources.jar:/usr/lib/jvm/temurin-8-jdk-amd64/jre/lib/rt.jar:/usr/lib/jvm/temurin-8-jdk-amd64/jre/lib/sunrsasign.jar:/usr/lib/jvm/temurin-8-jdk-amd64/jre/lib/jsse.jar:/usr/lib/jvm/temurin-8-jdk-amd64/jre/lib/jce.jar:/usr/lib/jvm/temurin-8-jdk-amd64/jre/lib/charsets.jar:/usr/lib/jvm/temurin-8-jdk-amd64/jre/lib/jfr.jar:/usr/lib/jvm/temurin-8-jdk-amd64/jre/classes"/>
    <property name="sun.management.compiler" value="HotSpot 64-Bit Tiered Compilers"/>
    <property name="skip.npx" value="true"/>
    <property name="java.runtime.version" value="1.8.0_352-b08"/>
    <property name="java.net.preferIPv4Stack" value="true"/>
    <property name="user.name" value="runner"/>
    <property name="path.separator" value=":"/>
    <property name="java.security.egd" value="file:///dev/urandom"/>
    <property name="os.version" value="5.15.0-1030-azure"/>
    <property name="java.endorsed.dirs" value="/usr/lib/jvm/temurin-8-jdk-amd64/jre/lib/endorsed"/>
    <property name="java.runtime.name" value="OpenJDK Runtime Environment"/>
    <property name="file.encoding" value="UTF-8"/>
    <property name="java.vm.name" value="OpenJDK 64-Bit Server VM"/>
    <property name="test.build.webapps" value=""/>
    <property name="localRepository" value="/home/runner/.m2/repository"/>
    <property name="jetty.git.hash" value="4231a3b2e4cb8548a412a789936d640a97b1aa0a"/>
    <property name="java.vendor.url.bug" value="https://github.com/adoptium/adoptium-support/issues"/>
    <property name="java.io.tmpdir" value="/tmp"/>
    <property name="require.test.libhadoop" value=""/>
    <property name="java.version" value="1.8.0_352"/>
    <property name="user.dir" value="/home/runner/work/ozone/ozone/hadoop-ozone/integration-test"/>
    <property name="os.arch" value="amd64"/>
    <property name="java.vm.specification.name" value="Java Virtual Machine Specification"/>
    <property name="test.build.classes" value="/home/runner/work/ozone/ozone/hadoop-ozone/integration-test/target/test-classes"/>
    <property name="java.awt.printerjob" value="sun.print.PSPrinterJob"/>
    <property name="sun.os.patch.level" value="unknown"/>
    <property name="org.apache.ratis.thirdparty.io.netty.allocator.useCacheForAllThreads" value="false"/>
    <property name="hadoop.tmp.dir" value="/home/runner/work/ozone/ozone/hadoop-ozone/integration-test/target/tmp"/>
    <property name="java.library.path" value="/usr/java/packages/lib/amd64:/usr/lib64:/lib64:/lib:/usr/lib"/>
    <property name="java.vm.info" value="mixed mode"/>
    <property name="java.vendor" value="Temurin"/>
    <property name="java.vm.version" value="25.352-b08"/>
    <property name="java.specification.maintenance.version" value="4"/>
    <property name="java.ext.dirs" value="/usr/lib/jvm/temurin-8-jdk-amd64/jre/lib/ext:/usr/java/packages/lib/ext"/>
    <property name="sun.io.unicode.encoding" value="UnicodeLittle"/>
    <property name="java.class.version" value="52.0"/>
  </properties>
  <testcase name="testAutomaticPipelineCreationOnPipelineDestroy" classname="org.apache.hadoop.hdds.scm.pipeline.TestRatisPipelineCreateAndDestroy" time="48.981">
    <system-out><![CDATA[2023-01-16 14:41:38,412 [main] WARN  server.ServerUtils (ServerUtils.java:getScmDbDir(148)) - ozone.scm.db.dirs is not configured. We recommend adding this setting. Falling back to ozone.metadata.dirs instead.
2023-01-16 14:41:38,518 [main] WARN  server.ServerUtils (ServerUtils.java:getScmDbDir(148)) - ozone.scm.db.dirs is not configured. We recommend adding this setting. Falling back to ozone.metadata.dirs instead.
2023-01-16 14:41:38,522 [main] INFO  ha.SCMHANodeDetails (SCMHANodeDetails.java:loadSCMHAConfig(209)) - ServiceID for StorageContainerManager is null
2023-01-16 14:41:38,533 [main] WARN  ha.SCMHANodeDetails (SCMHANodeDetails.java:validateSCMHAConfig(182)) - Invalid config ozone.scm.ratis.enable. The config was not specified, but the default value true conflicts with the expected config value false. Falling back to the expected value. Current State of SCM: SCM is running in Non-HA without Ratis Ratis SCM -> Non Ratis SCM or Non HA SCM -> HA SCM is not supported
2023-01-16 14:41:38,533 [main] INFO  ha.SCMHANodeDetails (SCMHANodeDetails.java:loadSCMHAConfig(214)) - ozone.scm.default.service.id is not defined, falling back to ozone.scm.service.ids to find serviceID for StorageContainerManager if it is HA enabled cluster
2023-01-16 14:41:39,088 [main] WARN  utils.HAUtils (HAUtils.java:getMetaDir(342)) - ozone.scm.db.dirs is not configured. We recommend adding this setting. Falling back to ozone.metadata.dirs instead.
2023-01-16 14:41:39,220 [main] WARN  db.DBStoreBuilder (DBStoreBuilder.java:applyDBDefinition(144)) - ozone.scm.db.dirs is not configured. We recommend adding this setting. Falling back to ozone.metadata.dirs instead.
2023-01-16 14:41:39,508 [main] INFO  net.NodeSchemaLoader (NodeSchemaLoader.java:loadSchemaFromFile(129)) - Loading schema from [jar:file:/home/runner/.m2/repository/org/apache/ozone/hdds-common/1.4.0-SNAPSHOT/hdds-common-1.4.0-SNAPSHOT.jar!/network-topology-default.xml]
2023-01-16 14:41:39,510 [main] INFO  net.NodeSchemaLoader (NodeSchemaLoader.java:loadSchema(176)) - Loading network topology layer schema file
2023-01-16 14:41:39,558 [main] INFO  metrics.MetricRegistries (MetricRegistriesLoader.java:load(64)) - Loaded MetricRegistries class org.apache.ratis.metrics.impl.MetricRegistriesImpl
2023-01-16 14:41:39,563 [main] INFO  upgrade.AbstractLayoutVersionManager (AbstractLayoutVersionManager.java:init(83)) - Initializing Layout version manager with metadata layout = DATANODE_SCHEMA_V3 (version = 4), software layout = DATANODE_SCHEMA_V3 (version = 4)
2023-01-16 14:41:39,792 [main] INFO  reflections.Reflections (Reflections.java:scan(232)) - Reflections took 158 ms to scan 7 urls, producing 146 keys and 350 values 
2023-01-16 14:41:39,924 [main] INFO  ha.SequenceIdGenerator (SequenceIdGenerator.java:upgradeToSequenceId(349)) - upgrade localId to 111677748019200000
2023-01-16 14:41:39,924 [main] INFO  ha.SequenceIdGenerator (SequenceIdGenerator.java:upgradeToSequenceId(359)) - upgrade delTxnId to 0
2023-01-16 14:41:39,928 [main] INFO  ha.SequenceIdGenerator (SequenceIdGenerator.java:upgradeToSequenceId(376)) - upgrade containerId to 0
2023-01-16 14:41:39,930 [main] INFO  ha.SequenceIdGenerator (SequenceIdGenerator.java:<init>(220)) - Init the HA SequenceIdGenerator.
2023-01-16 14:41:39,986 [main] INFO  node.SCMNodeManager (SCMNodeManager.java:<init>(149)) - Entering startup safe mode.
2023-01-16 14:41:40,059 [main] INFO  algorithms.ContainerPlacementPolicyFactory (ContainerPlacementPolicyFactory.java:getPolicyInternal(86)) - Create container placement policy of type org.apache.hadoop.hdds.scm.container.placement.algorithms.SCMContainerPlacementRandom
2023-01-16 14:41:40,063 [main] INFO  algorithms.ContainerPlacementPolicyFactory (ContainerPlacementPolicyFactory.java:getPolicyInternal(86)) - Create container placement policy of type org.apache.hadoop.hdds.scm.container.placement.algorithms.SCMContainerPlacementRackScatter
2023-01-16 14:41:40,071 [main] INFO  pipeline.PipelineStateManagerImpl (PipelineStateManagerImpl.java:initialize(78)) - No pipeline exists in current db
2023-01-16 14:41:40,102 [main] INFO  algorithms.LeaderChoosePolicyFactory (LeaderChoosePolicyFactory.java:getPolicy(57)) - Create leader choose policy of type org.apache.hadoop.hdds.scm.pipeline.leader.choose.algorithms.MinLeaderCountChoosePolicy
2023-01-16 14:41:40,103 [main] INFO  algorithms.ContainerPlacementPolicyFactory (ContainerPlacementPolicyFactory.java:getPolicyInternal(86)) - Create container placement policy of type org.apache.hadoop.hdds.scm.container.placement.algorithms.SCMContainerPlacementRackScatter
2023-01-16 14:41:40,109 [main] INFO  ha.SCMServiceManager (SCMServiceManager.java:register(42)) - Registering service BackgroundPipelineCreator.
2023-01-16 14:41:40,109 [main] INFO  pipeline.BackgroundPipelineCreator (BackgroundPipelineCreator.java:start(124)) - Starting RatisPipelineUtilsThread.
2023-01-16 14:41:40,113 [main] INFO  BackgroundPipelineScrubber (BackgroundSCMService.java:start(68)) - Starting BackgroundPipelineScrubber Service.
2023-01-16 14:41:40,115 [main] INFO  ha.SCMServiceManager (SCMServiceManager.java:register(42)) - Registering service BackgroundPipelineScrubber.
2023-01-16 14:41:40,122 [main] INFO  ExpiredContainerReplicaOpScrubber (BackgroundSCMService.java:start(68)) - Starting ExpiredContainerReplicaOpScrubber Service.
2023-01-16 14:41:40,131 [main] INFO  ha.SCMServiceManager (SCMServiceManager.java:register(42)) - Registering service ExpiredContainerReplicaOpScrubber.
2023-01-16 14:41:40,181 [main] INFO  algorithms.PipelineChoosePolicyFactory (PipelineChoosePolicyFactory.java:createPipelineChoosePolicyFromClass(73)) - Create pipeline choose policy of type org.apache.hadoop.hdds.scm.pipeline.choose.algorithms.RandomPipelineChoosePolicy
2023-01-16 14:41:40,201 [main] INFO  ha.SCMServiceManager (SCMServiceManager.java:register(42)) - Registering service SCMBlockDeletingService.
2023-01-16 14:41:40,261 [main] INFO  replication.ReplicationManager (ReplicationManager.java:start(261)) - Starting Replication Monitor Thread.
2023-01-16 14:41:40,269 [main] INFO  ha.SCMServiceManager (SCMServiceManager.java:register(42)) - Registering service ReplicationManager.
2023-01-16 14:41:40,275 [ReplicationMonitor] INFO  replication.ReplicationManager (ReplicationManager.java:processAll(330)) - Replication Manager is not ready to run until 3000ms after safemode exit
2023-01-16 14:41:40,281 [main] INFO  safemode.ContainerSafeModeRule (ContainerSafeModeRule.java:<init>(89)) - containers with one replica threshold count 0
2023-01-16 14:41:40,286 [main] INFO  safemode.HealthyPipelineSafeModeRule (HealthyPipelineSafeModeRule.java:initializeRule(169)) - Total pipeline count is 0, healthy pipeline threshold count is 1
2023-01-16 14:41:40,288 [main] INFO  safemode.OneReplicaPipelineSafeModeRule (OneReplicaPipelineSafeModeRule.java:initializeRule(180)) - Total pipeline count is 0, pipeline's with at least one datanode reported threshold count is 0
2023-01-16 14:41:40,615 [main] INFO  audit.AuditLogger (AuditLogger.java:refreshDebugCmdSet(126)) - Refresh DebugCmdSet for SCMAudit to [].
2023-01-16 14:41:40,648 [main] INFO  ipc.CallQueueManager (CallQueueManager.java:<init>(90)) - Using callQueue: class java.util.concurrent.LinkedBlockingQueue, queueCapacity: 2000, scheduler: class org.apache.hadoop.ipc.DefaultRpcScheduler, ipcBackoff: false.
2023-01-16 14:41:40,690 [Socket Reader #1 for port 0] INFO  ipc.Server (Server.java:run(1273)) - Starting Socket Reader #1 for port 0
2023-01-16 14:41:40,757 [Listener at 0.0.0.0/36475] INFO  audit.AuditLogger (AuditLogger.java:refreshDebugCmdSet(126)) - Refresh DebugCmdSet for SCMAudit to [].
2023-01-16 14:41:40,768 [Listener at 0.0.0.0/36475] INFO  ipc.CallQueueManager (CallQueueManager.java:<init>(90)) - Using callQueue: class java.util.concurrent.LinkedBlockingQueue, queueCapacity: 2000, scheduler: class org.apache.hadoop.ipc.DefaultRpcScheduler, ipcBackoff: false.
2023-01-16 14:41:40,770 [Socket Reader #1 for port 0] INFO  ipc.Server (Server.java:run(1273)) - Starting Socket Reader #1 for port 0
2023-01-16 14:41:40,802 [Listener at 0.0.0.0/39641] INFO  audit.AuditLogger (AuditLogger.java:refreshDebugCmdSet(126)) - Refresh DebugCmdSet for SCMAudit to [].
2023-01-16 14:41:40,814 [Listener at 0.0.0.0/39641] INFO  ipc.CallQueueManager (CallQueueManager.java:<init>(90)) - Using callQueue: class java.util.concurrent.LinkedBlockingQueue, queueCapacity: 2000, scheduler: class org.apache.hadoop.ipc.DefaultRpcScheduler, ipcBackoff: false.
2023-01-16 14:41:40,818 [Socket Reader #1 for port 0] INFO  ipc.Server (Server.java:run(1273)) - Starting Socket Reader #1 for port 0
2023-01-16 14:41:40,870 [Listener at 0.0.0.0/34067] INFO  ha.SCMServiceManager (SCMServiceManager.java:register(42)) - Registering service ContainerBalancer.
2023-01-16 14:41:40,872 [Listener at 0.0.0.0/34067] INFO  server.StorageContainerManager (StorageContainerManager.java:<init>(399)) - 
Container Balancer status:
Key                            Value
Running                        true
Container Balancer Configuration values:
Key                                                Value
Threshold                                          10
Max Datanodes to Involve per Iteration(percent)    20
Max Size to Move per Iteration                     500GB
Max Size Entering Target per Iteration             26GB
Max Size Leaving Source per Iteration              26GB

2023-01-16 14:41:40,872 [Listener at 0.0.0.0/34067] INFO  ha.SCMContext (SCMContext.java:updateSafeModeStatus(228)) - Update SafeModeStatus from SafeModeStatus{safeModeStatus=true, preCheckPassed=false} to SafeModeStatus{safeModeStatus=true, preCheckPassed=false}.
2023-01-16 14:41:40,877 [Listener at 0.0.0.0/34067] INFO  server.StorageContainerManager (StorageContainerManager.java:start(1426)) - StorageContainerLocationProtocol RPC server is listening at /0.0.0.0:34067
2023-01-16 14:41:41,015 [Listener at 0.0.0.0/34067] WARN  impl.MetricsConfig (MetricsConfig.java:loadFirst(136)) - Cannot locate configuration: tried hadoop-metrics2-storagecontainermanager.properties,hadoop-metrics2.properties
2023-01-16 14:41:41,030 [Listener at 0.0.0.0/34067] INFO  impl.MetricsSystemImpl (MetricsSystemImpl.java:startTimer(378)) - Scheduled Metric snapshot period at 10 second(s).
2023-01-16 14:41:41,030 [Listener at 0.0.0.0/34067] INFO  impl.MetricsSystemImpl (MetricsSystemImpl.java:start(191)) - StorageContainerManager metrics system started
2023-01-16 14:41:41,316 [Listener at 0.0.0.0/34067] INFO  server.SCMClientProtocolServer (SCMClientProtocolServer.java:start(170)) - RPC server for Client  is listening at /0.0.0.0:34067
2023-01-16 14:41:41,317 [IPC Server Responder] INFO  ipc.Server (Server.java:run(1512)) - IPC Server Responder: starting
2023-01-16 14:41:41,318 [IPC Server listener on 0] INFO  ipc.Server (Server.java:run(1352)) - IPC Server listener on 0: starting
2023-01-16 14:41:41,323 [Listener at 0.0.0.0/34067] INFO  server.StorageContainerManager (StorageContainerManager.java:start(1440)) - ScmBlockLocationProtocol RPC server is listening at /0.0.0.0:39641
2023-01-16 14:41:41,323 [Listener at 0.0.0.0/34067] INFO  server.SCMBlockProtocolServer (SCMBlockProtocolServer.java:start(152)) - RPC server for Block Protocol is listening at /0.0.0.0:39641
2023-01-16 14:41:41,325 [IPC Server Responder] INFO  ipc.Server (Server.java:run(1512)) - IPC Server Responder: starting
2023-01-16 14:41:41,326 [IPC Server listener on 0] INFO  ipc.Server (Server.java:run(1352)) - IPC Server listener on 0: starting
2023-01-16 14:41:41,329 [Listener at 0.0.0.0/34067] INFO  server.SCMDatanodeProtocolServer (SCMDatanodeProtocolServer.java:start(194)) - ScmDatanodeProtocol RPC server for DataNodes is listening at /0.0.0.0:36475
2023-01-16 14:41:41,331 [IPC Server Responder] INFO  ipc.Server (Server.java:run(1512)) - IPC Server Responder: starting
2023-01-16 14:41:41,332 [IPC Server listener on 0] INFO  ipc.Server (Server.java:run(1352)) - IPC Server listener on 0: starting
2023-01-16 14:41:41,353 [org.apache.hadoop.util.JvmPauseMonitor$Monitor@78ab63b5] INFO  util.JvmPauseMonitor (JvmPauseMonitor.java:run(188)) - Starting JVM pause monitor
2023-01-16 14:41:41,367 [Listener at 0.0.0.0/34067] INFO  http.BaseHttpServer (BaseHttpServer.java:newHttpServer2BuilderForOzone(213)) - Starting Web-server for scm at: http://0.0.0.0:0
2023-01-16 14:41:41,368 [Listener at 0.0.0.0/34067] INFO  http.BaseHttpServer (BaseHttpServer.java:<init>(108)) - Hadoop Security Enabled: false Ozone Security Enabled: false Ozone HTTP Security Enabled: false 
2023-01-16 14:41:41,396 [Listener at 0.0.0.0/34067] INFO  util.log (Log.java:initialized(170)) - Logging initialized @4349ms to org.eclipse.jetty.util.log.Slf4jLog
2023-01-16 14:41:41,517 [Listener at 0.0.0.0/34067] WARN  server.AuthenticationFilter (AuthenticationFilter.java:constructSecretProvider(240)) - Unable to initialize FileSignerSecretProvider, falling back to use random secrets. Reason: Could not read signature secret file: /home/runner/hadoop-http-auth-signature-secret
2023-01-16 14:41:41,525 [Listener at 0.0.0.0/34067] WARN  http.HttpRequestLog (HttpRequestLog.java:getRequestLog(103)) - Jetty request log can only be enabled using Log4j
2023-01-16 14:41:41,533 [Listener at 0.0.0.0/34067] INFO  http.HttpServer2 (HttpServer2.java:addGlobalFilter(1031)) - Added global filter 'safety' (class=org.apache.hadoop.hdds.server.http.HttpServer2$QuotingInputFilter)
2023-01-16 14:41:41,536 [Listener at 0.0.0.0/34067] INFO  http.HttpServer2 (HttpServer2.java:addFilter(1007)) - Added filter static_user_filter (class=org.apache.hadoop.http.lib.StaticUserWebFilter$StaticUserFilter) to context scm
2023-01-16 14:41:41,536 [Listener at 0.0.0.0/34067] INFO  http.HttpServer2 (HttpServer2.java:addFilter(1015)) - Added filter static_user_filter (class=org.apache.hadoop.http.lib.StaticUserWebFilter$StaticUserFilter) to context logs
2023-01-16 14:41:41,537 [Listener at 0.0.0.0/34067] INFO  http.HttpServer2 (HttpServer2.java:addFilter(1015)) - Added filter static_user_filter (class=org.apache.hadoop.http.lib.StaticUserWebFilter$StaticUserFilter) to context static
2023-01-16 14:41:41,586 [Listener at 0.0.0.0/34067] INFO  http.HttpServer2 (HttpServer2.java:bindListener(1250)) - Jetty bound to port 36283
2023-01-16 14:41:41,588 [Listener at 0.0.0.0/34067] INFO  server.Server (Server.java:doStart(375)) - jetty-9.4.49.v20220914; built: 2022-09-14T01:07:36.601Z; git: 4231a3b2e4cb8548a412a789936d640a97b1aa0a; jvm 1.8.0_352-b08
2023-01-16 14:41:41,626 [Listener at 0.0.0.0/34067] INFO  server.session (DefaultSessionIdManager.java:doStart(334)) - DefaultSessionIdManager workerName=node0
2023-01-16 14:41:41,627 [Listener at 0.0.0.0/34067] INFO  server.session (DefaultSessionIdManager.java:doStart(339)) - No SessionScavenger set, using defaults
2023-01-16 14:41:41,629 [Listener at 0.0.0.0/34067] INFO  server.session (HouseKeeper.java:startScavenging(132)) - node0 Scavenging every 660000ms
2023-01-16 14:41:41,644 [Listener at 0.0.0.0/34067] INFO  handler.ContextHandler (ContextHandler.java:doStart(921)) - Started o.e.j.s.ServletContextHandler@21202507{logs,/logs,file:///home/runner/work/ozone/ozone/hadoop-ozone/integration-test/target/log,AVAILABLE}
2023-01-16 14:41:41,645 [Listener at 0.0.0.0/34067] INFO  handler.ContextHandler (ContextHandler.java:doStart(921)) - Started o.e.j.s.ServletContextHandler@7c919e1e{static,/static,file:///home/runner/work/ozone/ozone/hadoop-ozone/integration-test/target/test-classes/webapps/static,AVAILABLE}
2023-01-16 14:41:41,690 [Listener at 0.0.0.0/34067] INFO  handler.ContextHandler (ContextHandler.java:doStart(921)) - Started o.e.j.w.WebAppContext@5b3c2a9f{scm,/,file:///home/runner/work/ozone/ozone/hadoop-ozone/integration-test/target/test-classes/webapps/scm/,AVAILABLE}{file:/home/runner/work/ozone/ozone/hadoop-ozone/integration-test/target/test-classes/webapps/scm}
2023-01-16 14:41:41,701 [Listener at 0.0.0.0/34067] INFO  server.AbstractConnector (AbstractConnector.java:doStart(333)) - Started ServerConnector@518b0c12{HTTP/1.1, (http/1.1)}{0.0.0.0:36283}
2023-01-16 14:41:41,702 [Listener at 0.0.0.0/34067] INFO  server.Server (Server.java:doStart(415)) - Started @4655ms
2023-01-16 14:41:41,704 [Listener at 0.0.0.0/34067] INFO  impl.MetricsSinkAdapter (MetricsSinkAdapter.java:start(204)) - Sink prometheus started
2023-01-16 14:41:41,704 [Listener at 0.0.0.0/34067] INFO  impl.MetricsSystemImpl (MetricsSystemImpl.java:registerSink(305)) - Registered sink prometheus
2023-01-16 14:41:41,706 [Listener at 0.0.0.0/34067] INFO  http.BaseHttpServer (BaseHttpServer.java:updateConnectorAddress(333)) - HTTP server of scm listening at http://0.0.0.0:36283
2023-01-16 14:41:41,708 [Listener at 0.0.0.0/34067] WARN  server.ServerUtils (ServerUtils.java:getDBPath(225)) - ozone.om.db.dirs is not configured. We recommend adding this setting. Falling back to ozone.metadata.dirs instead.
2023-01-16 14:41:41,768 [Listener at 0.0.0.0/34067] INFO  audit.AuditLogger (AuditLogger.java:refreshDebugCmdSet(126)) - Refresh DebugCmdSet for OMAudit to [].
2023-01-16 14:41:41,881 [Listener at 0.0.0.0/34067] INFO  ha.OMHANodeDetails (OMHANodeDetails.java:loadOMHAConfig(115)) - ozone.om.internal.service.id is not defined, falling back to ozone.om.service.ids to find serviceID for OzoneManager if it is HA enabled cluster
2023-01-16 14:41:41,885 [Listener at 0.0.0.0/34067] INFO  ha.OMHANodeDetails (OMHANodeDetails.java:loadOMHAConfig(226)) - Configuration does not have ozone.om.address set. Falling back to the default OM address /127.0.0.1:0
2023-01-16 14:41:41,885 [Listener at 0.0.0.0/34067] INFO  ha.OMHANodeDetails (OMHANodeDetails.java:getOMNodeDetailsForNonHA(254)) - OM Service ID is not set. Setting it to the default ID: omServiceIdDefault
2023-01-16 14:41:41,885 [Listener at 0.0.0.0/34067] INFO  ha.OMHANodeDetails (OMHANodeDetails.java:getOMNodeDetailsForNonHA(261)) - OM Node ID is not set. Setting it to the default ID: om1
2023-01-16 14:41:41,889 [Listener at 0.0.0.0/34067] WARN  server.ServerUtils (ServerUtils.java:getDBPath(225)) - ozone.om.db.dirs is not configured. We recommend adding this setting. Falling back to ozone.metadata.dirs instead.
2023-01-16 14:41:41,893 [Listener at 0.0.0.0/34067] INFO  upgrade.AbstractLayoutVersionManager (AbstractLayoutVersionManager.java:init(83)) - Initializing Layout version manager with metadata layout = MULTITENANCY_SCHEMA (version = 3), software layout = MULTITENANCY_SCHEMA (version = 3)
2023-01-16 14:41:41,963 [Listener at 0.0.0.0/34067] INFO  reflections.Reflections (Reflections.java:scan(232)) - Reflections took 65 ms to scan 2 urls, producing 155 keys and 428 values [using 2 cores]
2023-01-16 14:41:41,968 [Listener at 0.0.0.0/34067] INFO  upgrade.OMLayoutVersionManager (OMLayoutVersionManager.java:lambda$0(115)) - Skipping Upgrade Action MockOmUpgradeAction since it has been finalized.
2023-01-16 14:41:41,969 [Listener at 0.0.0.0/34067] WARN  server.ServerUtils (ServerUtils.java:getDBPath(225)) - ozone.om.db.dirs is not configured. We recommend adding this setting. Falling back to ozone.metadata.dirs instead.
2023-01-16 14:41:42,145 [Listener at 0.0.0.0/34067] INFO  proxy.SCMBlockLocationFailoverProxyProvider (SCMBlockLocationFailoverProxyProvider.java:<init>(114)) - Created block location fail-over proxy with 1 nodes: [nodeId=scmNodeId,nodeAddress=/0.0.0.0:39641]
2023-01-16 14:41:42,182 [Listener at 0.0.0.0/34067] INFO  proxy.SCMBlockLocationFailoverProxyProvider (SCMBlockLocationFailoverProxyProvider.java:<init>(114)) - Created block location fail-over proxy with 1 nodes: [nodeId=scmNodeId,nodeAddress=/0.0.0.0:39641]
2023-01-16 14:41:42,410 [Listener at 0.0.0.0/34067] WARN  server.ServerUtils (ServerUtils.java:getDBPath(225)) - ozone.om.db.dirs is not configured. We recommend adding this setting. Falling back to ozone.metadata.dirs instead.
2023-01-16 14:41:42,418 [Listener at 0.0.0.0/34067] INFO  codec.OmKeyInfoCodec (OmKeyInfoCodec.java:<init>(49)) - OmKeyInfoCodec ignorePipeline = true
2023-01-16 14:41:42,419 [Listener at 0.0.0.0/34067] INFO  codec.RepeatedOmKeyInfoCodec (RepeatedOmKeyInfoCodec.java:<init>(41)) - RepeatedOmKeyInfoCodec ignorePipeline = true
2023-01-16 14:41:42,599 [Listener at 0.0.0.0/34067] INFO  om.OzoneManager (OzoneManager.java:instantiateServices(717)) - S3 Multi-Tenancy is disabled
2023-01-16 14:41:42,713 [Listener at 0.0.0.0/34067] INFO  om.OzoneManager (OzoneManager.java:addS3GVolumeToDB(4289)) - Created Volume s3v With Owner runner required for S3Gateway operations.
2023-01-16 14:41:42,772 [Listener at 0.0.0.0/34067] WARN  server.ServerUtils (ServerUtils.java:getDefaultRatisDirectory(237)) - Storage directory for Ratis is not configured. It is a good idea to map this to an SSD disk. Falling back to ozone.metadata.dirs
2023-01-16 14:41:42,773 [Listener at 0.0.0.0/34067] WARN  utils.OzoneManagerRatisUtils (OzoneManagerRatisUtils.java:getOMRatisSnapshotDirectory(431)) - ozone.om.ratis.snapshot.dir is not configured. Falling back to ozone.metadata.dirs config
2023-01-16 14:41:42,802 [Listener at 0.0.0.0/34067] WARN  server.ServerUtils (ServerUtils.java:getDefaultRatisDirectory(237)) - Storage directory for Ratis is not configured. It is a good idea to map this to an SSD disk. Falling back to ozone.metadata.dirs
2023-01-16 14:41:42,840 [Listener at 0.0.0.0/34067] INFO  ratis.OzoneManagerRatisServer (OzoneManagerRatisServer.java:<init>(160)) - Instantiating OM Ratis server with groupID: omServiceIdDefault and peers: localhost:9872
2023-01-16 14:41:42,850 [Listener at 0.0.0.0/34067] INFO  ratis.OzoneManagerStateMachine (OzoneManagerStateMachine.java:loadSnapshotInfoFromDB(636)) - LastAppliedIndex is set from TransactionInfo from OM DB as (t:0, i:~)
2023-01-16 14:41:42,910 [Listener at 0.0.0.0/34067] INFO  server.RaftServer (ConfUtils.java:logGet(46)) - raft.rpc.type = GRPC (default)
2023-01-16 14:41:43,005 [Listener at 0.0.0.0/34067] INFO  grpc.GrpcConfigKeys (ConfUtils.java:logFallback(53)) - raft.grpc.admin.host = null (fallback to raft.grpc.server.host)
2023-01-16 14:41:43,007 [Listener at 0.0.0.0/34067] INFO  grpc.GrpcConfigKeys (ConfUtils.java:logFallback(53)) - raft.grpc.admin.port = 9872 (fallback to raft.grpc.server.port)
2023-01-16 14:41:43,007 [Listener at 0.0.0.0/34067] INFO  grpc.GrpcConfigKeys (ConfUtils.java:logFallback(53)) - raft.grpc.client.host = null (fallback to raft.grpc.server.host)
2023-01-16 14:41:43,008 [Listener at 0.0.0.0/34067] INFO  grpc.GrpcConfigKeys (ConfUtils.java:logFallback(53)) - raft.grpc.client.port = 9872 (fallback to raft.grpc.server.port)
2023-01-16 14:41:43,008 [Listener at 0.0.0.0/34067] INFO  grpc.GrpcConfigKeys (ConfUtils.java:logGet(46)) - raft.grpc.server.host = null (default)
2023-01-16 14:41:43,009 [Listener at 0.0.0.0/34067] INFO  grpc.GrpcConfigKeys (ConfUtils.java:logGet(46)) - raft.grpc.server.port = 9872 (custom)
2023-01-16 14:41:43,009 [Listener at 0.0.0.0/34067] INFO  server.GrpcService (ConfUtils.java:logGet(46)) - raft.grpc.message.size.max = 33554432 (custom)
2023-01-16 14:41:43,010 [Listener at 0.0.0.0/34067] INFO  server.RaftServerConfigKeys (ConfUtils.java:logGet(46)) - raft.server.log.appender.buffer.byte-limit = 33554432 (custom)
2023-01-16 14:41:43,011 [Listener at 0.0.0.0/34067] INFO  server.GrpcService (ConfUtils.java:logGet(46)) - raft.grpc.flow.control.window = 1MB (=1048576) (default)
2023-01-16 14:41:43,012 [Listener at 0.0.0.0/34067] INFO  server.RaftServerConfigKeys (ConfUtils.java:logGet(46)) - raft.server.rpc.request.timeout = 3000ms (default)
2023-01-16 14:41:43,029 [Listener at 0.0.0.0/34067] INFO  grpc.GrpcConfigKeys (ConfUtils.java:logGet(46)) - raft.grpc.server.heartbeat.channel = true (default)
2023-01-16 14:41:43,032 [Listener at 0.0.0.0/34067] INFO  grpc.GrpcConfigKeys (ConfUtils.java:logGet(46)) - raft.grpc.server.async.request.thread.pool.cached = true (default)
2023-01-16 14:41:43,032 [Listener at 0.0.0.0/34067] INFO  grpc.GrpcConfigKeys (ConfUtils.java:logGet(46)) - raft.grpc.server.async.request.thread.pool.size = 32 (default)
2023-01-16 14:41:43,362 [Listener at 0.0.0.0/34067] INFO  impl.DataStreamServerImpl (ConfUtils.java:logGet(46)) - raft.datastream.type = NETTY (custom)
2023-01-16 14:41:43,388 [Listener at 0.0.0.0/34067] INFO  server.RaftServerConfigKeys (ConfUtils.java:logGet(46)) - raft.server.data-stream.async.request.thread.pool.cached = false (default)
2023-01-16 14:41:43,389 [Listener at 0.0.0.0/34067] INFO  server.RaftServerConfigKeys (ConfUtils.java:logGet(46)) - raft.server.data-stream.async.request.thread.pool.size = 32 (default)
2023-01-16 14:41:43,389 [Listener at 0.0.0.0/34067] INFO  server.RaftServerConfigKeys (ConfUtils.java:logGet(46)) - raft.server.data-stream.async.write.thread.pool.size = 16 (default)
2023-01-16 14:41:43,390 [Listener at 0.0.0.0/34067] INFO  server.RaftServerConfigKeys (ConfUtils.java:logGet(46)) - raft.server.data-stream.client.pool.size = 10 (default)
2023-01-16 14:41:43,395 [Listener at 0.0.0.0/34067] INFO  netty.NettyConfigKeys$DataStream (ConfUtils.java:logGet(46)) - raft.netty.dataStream.server.use-epoll = false (default)
2023-01-16 14:41:43,395 [Listener at 0.0.0.0/34067] INFO  netty.NettyConfigKeys$DataStream (ConfUtils.java:logGet(46)) - raft.netty.dataStream.server.boss-group.size = 0 (default)
2023-01-16 14:41:43,404 [Listener at 0.0.0.0/34067] INFO  netty.NettyConfigKeys$DataStream (ConfUtils.java:logGet(46)) - raft.netty.dataStream.server.worker-group.size = 0 (default)
2023-01-16 14:41:43,405 [Listener at 0.0.0.0/34067] INFO  netty.NettyConfigKeys$DataStream (ConfUtils.java:logGet(46)) - raft.netty.dataStream.server.tls.conf = null (default)
2023-01-16 14:41:43,406 [Listener at 0.0.0.0/34067] INFO  netty.NettyConfigKeys$DataStream (ConfUtils.java:logGet(46)) - raft.netty.dataStream.host = null (default)
2023-01-16 14:41:43,407 [Listener at 0.0.0.0/34067] INFO  netty.NettyConfigKeys$DataStream (ConfUtils.java:logGet(46)) - raft.netty.dataStream.port = 0 (default)
2023-01-16 14:41:43,468 [Listener at 0.0.0.0/34067] INFO  server.RaftServerConfigKeys (ConfUtils.java:logGet(46)) - raft.server.threadpool.proxy.cached = true (default)
2023-01-16 14:41:43,468 [Listener at 0.0.0.0/34067] INFO  server.RaftServerConfigKeys (ConfUtils.java:logGet(46)) - raft.server.threadpool.proxy.size = 0 (default)
2023-01-16 14:41:43,469 [Listener at 0.0.0.0/34067] INFO  server.RaftServerConfigKeys (ConfUtils.java:logGet(46)) - raft.server.rpc.slowness.timeout = 120s (custom)
2023-01-16 14:41:43,469 [Listener at 0.0.0.0/34067] INFO  server.RaftServerConfigKeys (ConfUtils.java:logGet(46)) - raft.server.leaderelection.leader.step-down.wait-time = 10s (default)
2023-01-16 14:41:43,474 [Listener at 0.0.0.0/34067] INFO  server.RaftServerConfigKeys (ConfUtils.java:logGet(46)) - raft.server.storage.dir = [/home/runner/work/ozone/ozone/hadoop-ozone/integration-test/target/test-dir/MiniOzoneClusterImpl-bcd49b6a-245a-4637-b4c9-d6b301a8fda7/ozone-meta/ratis] (custom)
2023-01-16 14:41:43,484 [om1-NettyServerStreamRpc-bossGroup--thread1] INFO  logging.LoggingHandler (AbstractInternalLogger.java:log(148)) - [id: 0x1eaaa547] REGISTERED
2023-01-16 14:41:43,486 [om1-NettyServerStreamRpc-bossGroup--thread1] INFO  logging.LoggingHandler (AbstractInternalLogger.java:log(148)) - [id: 0x1eaaa547] BIND: 0.0.0.0/0.0.0.0:0
2023-01-16 14:41:43,510 [Listener at 0.0.0.0/34067] INFO  server.RaftServer (RaftServerProxy.java:addNew(96)) - om1: addNew group-C5BA1605619E:[om1|rpc:localhost:9872|priority:0|startupRole:FOLLOWER] returns group-C5BA1605619E:java.util.concurrent.CompletableFuture@34634dff[Not completed]
2023-01-16 14:41:43,510 [Listener at 0.0.0.0/34067] INFO  om.OzoneManager (OzoneManager.java:initializeRatisServer(1984)) - OzoneManager Ratis server initialized at port 9872
2023-01-16 14:41:43,518 [om1-NettyServerStreamRpc-bossGroup--thread1] INFO  logging.LoggingHandler (AbstractInternalLogger.java:log(148)) - [id: 0x1eaaa547, L:/0:0:0:0:0:0:0:0:44347] ACTIVE
2023-01-16 14:41:43,541 [Listener at 0.0.0.0/34067] INFO  om.OzoneManager (OzoneManager.java:getRpcServer(1107)) - Creating RPC Server
2023-01-16 14:41:43,561 [pool-54-thread-1] INFO  server.RaftServer$Division (RaftServerImpl.java:<init>(195)) - om1: new RaftServerImpl for group-C5BA1605619E:[om1|rpc:localhost:9872|priority:0|startupRole:FOLLOWER] with OzoneManagerStateMachine:uninitialized
2023-01-16 14:41:43,563 [pool-54-thread-1] INFO  server.RaftServerConfigKeys (ConfUtils.java:logGet(46)) - raft.server.rpc.timeout.min = 1s (custom)
2023-01-16 14:41:43,564 [pool-54-thread-1] INFO  server.RaftServerConfigKeys (ConfUtils.java:logGet(46)) - raft.server.rpc.timeout.max = 1200ms (custom)
2023-01-16 14:41:43,564 [pool-54-thread-1] INFO  server.RaftServerConfigKeys (ConfUtils.java:logGet(46)) - raft.server.rpc.sleep.time = 25ms (default)
2023-01-16 14:41:43,564 [pool-54-thread-1] INFO  server.RaftServerConfigKeys (ConfUtils.java:logGet(46)) - raft.server.rpc.slowness.timeout = 120s (custom)
2023-01-16 14:41:43,564 [pool-54-thread-1] INFO  server.RaftServerConfigKeys (ConfUtils.java:logGet(46)) - raft.server.leaderelection.leader.step-down.wait-time = 10s (default)
2023-01-16 14:41:43,564 [pool-54-thread-1] INFO  server.RaftServerConfigKeys (ConfUtils.java:logGet(46)) - raft.server.sleep.deviation.threshold = 300ms (default)
2023-01-16 14:41:43,585 [pool-54-thread-1] INFO  server.RaftServer$Division (ServerState.java:<init>(118)) - om1@group-C5BA1605619E: ConfigurationManager, init=-1: peers:[om1|rpc:localhost:9872|priority:0|startupRole:FOLLOWER]|listeners:[], old=null, confs=<EMPTY_MAP>
2023-01-16 14:41:43,585 [pool-54-thread-1] INFO  server.RaftServerConfigKeys (ConfUtils.java:logGet(46)) - raft.server.storage.dir = [/home/runner/work/ozone/ozone/hadoop-ozone/integration-test/target/test-dir/MiniOzoneClusterImpl-bcd49b6a-245a-4637-b4c9-d6b301a8fda7/ozone-meta/ratis] (custom)
2023-01-16 14:41:43,593 [pool-54-thread-1] INFO  server.RaftServerConfigKeys (ConfUtils.java:logGet(46)) - raft.server.log.corruption.policy = EXCEPTION (default)
2023-01-16 14:41:43,600 [pool-54-thread-1] INFO  server.RaftServerConfigKeys (ConfUtils.java:logGet(46)) - raft.server.storage.free-space.min = 0MB (=0) (default)
2023-01-16 14:41:43,622 [pool-54-thread-1] INFO  server.RaftServerConfigKeys (ConfUtils.java:logGet(46)) - raft.server.notification.no-leader.timeout = 120s (custom)
2023-01-16 14:41:43,626 [pool-54-thread-1] INFO  server.RaftServerConfigKeys (ConfUtils.java:logGet(46)) - raft.server.retrycache.expirytime = 300s (custom)
2023-01-16 14:41:43,627 [pool-54-thread-1] INFO  server.RaftServerConfigKeys (ConfUtils.java:logGet(46)) - raft.server.retrycache.statistics.expirytime = 100μs (default)
2023-01-16 14:41:43,742 [pool-54-thread-1] INFO  server.RaftServerConfigKeys (ConfUtils.java:logGet(46)) - raft.server.log.appender.install.snapshot.enabled = false (custom)
2023-01-16 14:41:43,742 [pool-54-thread-1] INFO  server.RaftServerConfigKeys (ConfUtils.java:logGet(46)) - raft.server.threadpool.server.cached = true (default)
2023-01-16 14:41:43,743 [pool-54-thread-1] INFO  server.RaftServerConfigKeys (ConfUtils.java:logGet(46)) - raft.server.threadpool.server.size = 0 (default)
2023-01-16 14:41:43,743 [pool-54-thread-1] INFO  server.RaftServerConfigKeys (ConfUtils.java:logGet(46)) - raft.server.threadpool.client.cached = true (default)
2023-01-16 14:41:43,746 [pool-54-thread-1] INFO  server.RaftServerConfigKeys (ConfUtils.java:logGet(46)) - raft.server.threadpool.client.size = 0 (default)
2023-01-16 14:41:44,256 [Listener at 0.0.0.0/34067] INFO  reflections.Reflections (Reflections.java:scan(232)) - Reflections took 632 ms to scan 19 urls, producing 67 keys and 4579 values [using 2 cores]
2023-01-16 14:41:44,606 [Listener at 0.0.0.0/34067] INFO  ipc.CallQueueManager (CallQueueManager.java:<init>(90)) - Using callQueue: class java.util.concurrent.LinkedBlockingQueue, queueCapacity: 2000, scheduler: class org.apache.hadoop.ipc.DefaultRpcScheduler, ipcBackoff: false.
2023-01-16 14:41:44,607 [Socket Reader #1 for port 0] INFO  ipc.Server (Server.java:run(1273)) - Starting Socket Reader #1 for port 0
2023-01-16 14:41:44,646 [Listener at 127.0.0.1/36907] INFO  impl.MetricsSystemImpl (MetricsSystemImpl.java:init(158)) - OzoneManager metrics system started (again)
2023-01-16 14:41:44,663 [Listener at 127.0.0.1/36907] INFO  om.OzoneManager (OzoneManager.java:start(1491)) - OzoneManager RPC server is listening at localhost/127.0.0.1:36907
2023-01-16 14:41:44,663 [Listener at 127.0.0.1/36907] INFO  ratis.OzoneManagerRatisServer (OzoneManagerRatisServer.java:start(555)) - Starting OzoneManagerRatisServer om1 at port 9872
2023-01-16 14:41:44,668 [om1-impl-thread1] INFO  storage.RaftStorageDirectory (RaftStorageDirectoryImpl.java:analyzeStorage(137)) - The storage directory /home/runner/work/ozone/ozone/hadoop-ozone/integration-test/target/test-dir/MiniOzoneClusterImpl-bcd49b6a-245a-4637-b4c9-d6b301a8fda7/ozone-meta/ratis/bf265839-605b-3f16-9796-c5ba1605619e does not exist. Creating ...
2023-01-16 14:41:44,673 [om1-impl-thread1] INFO  storage.RaftStorageDirectory (RaftStorageDirectoryImpl.java:tryLock(231)) - Lock on /home/runner/work/ozone/ozone/hadoop-ozone/integration-test/target/test-dir/MiniOzoneClusterImpl-bcd49b6a-245a-4637-b4c9-d6b301a8fda7/ozone-meta/ratis/bf265839-605b-3f16-9796-c5ba1605619e/in_use.lock acquired by nodename 12075@fv-az203-757
2023-01-16 14:41:44,681 [om1-impl-thread1] INFO  storage.RaftStorage (RaftStorageImpl.java:format(96)) - Storage directory /home/runner/work/ozone/ozone/hadoop-ozone/integration-test/target/test-dir/MiniOzoneClusterImpl-bcd49b6a-245a-4637-b4c9-d6b301a8fda7/ozone-meta/ratis/bf265839-605b-3f16-9796-c5ba1605619e has been successfully formatted.
2023-01-16 14:41:44,683 [om1-impl-thread1] INFO  server.RaftServerConfigKeys (ConfUtils.java:logGet(46)) - raft.server.log.use.memory = false (default)
2023-01-16 14:41:44,692 [om1-impl-thread1] INFO  server.RaftServerConfigKeys (ConfUtils.java:logGet(46)) - raft.server.log.purge.gap = 1000000 (custom)
2023-01-16 14:41:44,692 [om1-impl-thread1] INFO  server.RaftServerConfigKeys (ConfUtils.java:logGet(46)) - raft.server.log.appender.buffer.byte-limit = 33554432 (custom)
2023-01-16 14:41:44,695 [om1-impl-thread1] INFO  server.RaftServerConfigKeys (ConfUtils.java:logGet(46)) - raft.server.log.statemachine.data.read.timeout = 1000ms (default)
2023-01-16 14:41:44,696 [om1-impl-thread1] INFO  server.RaftServerConfigKeys (ConfUtils.java:logGet(46)) - raft.server.log.purge.preservation.log.num = 0 (default)
2023-01-16 14:41:44,699 [om1-impl-thread1] INFO  server.RaftServerConfigKeys (ConfUtils.java:logGet(46)) - raft.server.log.segment.size.max = 4194304 (custom)
2023-01-16 14:41:44,704 [om1-impl-thread1] INFO  server.RaftServerConfigKeys (ConfUtils.java:logGet(46)) - raft.server.log.segment.cache.num.max = 2 (custom)
2023-01-16 14:41:44,705 [om1-impl-thread1] INFO  server.RaftServerConfigKeys (ConfUtils.java:logGet(46)) - raft.server.log.segment.cache.size.max = 200MB (=209715200) (default)
2023-01-16 14:41:44,711 [om1-impl-thread1] INFO  segmented.SegmentedRaftLogWorker (SegmentedRaftLogWorker.java:<init>(189)) - new om1@group-C5BA1605619E-SegmentedRaftLogWorker for RaftStorageImpl:Storage Directory /home/runner/work/ozone/ozone/hadoop-ozone/integration-test/target/test-dir/MiniOzoneClusterImpl-bcd49b6a-245a-4637-b4c9-d6b301a8fda7/ozone-meta/ratis/bf265839-605b-3f16-9796-c5ba1605619e
2023-01-16 14:41:44,711 [om1-impl-thread1] INFO  server.RaftServerConfigKeys (ConfUtils.java:logGet(46)) - raft.server.log.queue.byte-limit = 64MB (=67108864) (default)
2023-01-16 14:41:44,711 [om1-impl-thread1] INFO  server.RaftServerConfigKeys (ConfUtils.java:logGet(46)) - raft.server.log.queue.element-limit = 4096 (default)
2023-01-16 14:41:44,713 [om1-impl-thread1] INFO  server.RaftServerConfigKeys (ConfUtils.java:logGet(46)) - raft.server.log.segment.size.max = 4194304 (custom)
2023-01-16 14:41:44,713 [om1-impl-thread1] INFO  server.RaftServerConfigKeys (ConfUtils.java:logGet(46)) - raft.server.log.preallocated.size = 4194304 (custom)
2023-01-16 14:41:44,713 [om1-impl-thread1] INFO  server.RaftServerConfigKeys (ConfUtils.java:logGet(46)) - raft.server.log.force.sync.num = 128 (default)
2023-01-16 14:41:44,715 [om1-impl-thread1] INFO  server.RaftServerConfigKeys (ConfUtils.java:logGet(46)) - raft.server.log.statemachine.data.sync = true (default)
2023-01-16 14:41:44,715 [om1-impl-thread1] INFO  server.RaftServerConfigKeys (ConfUtils.java:logGet(46)) - raft.server.log.statemachine.data.sync.timeout = 10s (default)
2023-01-16 14:41:44,715 [om1-impl-thread1] INFO  server.RaftServerConfigKeys (ConfUtils.java:logGet(46)) - raft.server.log.statemachine.data.sync.timeout.retry = -1 (default)
2023-01-16 14:41:44,724 [om1-impl-thread1] INFO  server.RaftServerConfigKeys (ConfUtils.java:logGet(46)) - raft.server.log.write.buffer.size = 64KB (=65536) (default)
2023-01-16 14:41:44,724 [om1-impl-thread1] INFO  server.RaftServerConfigKeys (ConfUtils.java:logGet(46)) - raft.server.log.appender.buffer.byte-limit = 33554432 (custom)
2023-01-16 14:41:44,729 [om1-impl-thread1] INFO  server.RaftServerConfigKeys (ConfUtils.java:logGet(46)) - raft.server.log.unsafe-flush.enabled = false (default)
2023-01-16 14:41:44,730 [om1-impl-thread1] INFO  server.RaftServerConfigKeys (ConfUtils.java:logGet(46)) - raft.server.log.async-flush.enabled = false (default)
2023-01-16 14:41:44,730 [om1-impl-thread1] INFO  server.RaftServerConfigKeys (ConfUtils.java:logGet(46)) - raft.server.log.statemachine.data.caching.enabled = false (default)
2023-01-16 14:41:44,739 [om1-impl-thread1] INFO  segmented.SegmentedRaftLogWorker (SegmentedRaftLogWorker.java:lambda$new$0(135)) - om1@group-C5BA1605619E-SegmentedRaftLogWorker: flushIndex: setUnconditionally 0 -> -1
2023-01-16 14:41:44,739 [om1-impl-thread1] INFO  segmented.SegmentedRaftLogWorker (SegmentedRaftLogWorker.java:lambda$new$0(135)) - om1@group-C5BA1605619E-SegmentedRaftLogWorker: safeCacheEvictIndex: setUnconditionally 0 -> -1
2023-01-16 14:41:44,741 [om1-impl-thread1] INFO  server.RaftServer$Division (RaftServerImpl.java:start(334)) - om1@group-C5BA1605619E: start as a follower, conf=-1: peers:[om1|rpc:localhost:9872|priority:0|startupRole:FOLLOWER]|listeners:[], old=null
2023-01-16 14:41:44,744 [om1-impl-thread1] INFO  server.RaftServer$Division (RaftServerImpl.java:setRole(321)) - om1@group-C5BA1605619E: changes role from      null to FOLLOWER at term 0 for startAsFollower
2023-01-16 14:41:44,746 [om1-impl-thread1] INFO  impl.RoleInfo (RoleInfo.java:updateAndGet(139)) - om1: start om1@group-C5BA1605619E-FollowerState
2023-01-16 14:41:44,747 [om1-impl-thread1] INFO  util.JmxRegister (JmxRegister.java:tryRegister(44)) - Successfully registered JMX Bean with object name Ratis:service=RaftServer,group=group-C5BA1605619E,id=om1
2023-01-16 14:41:44,749 [om1-impl-thread1] INFO  server.RaftServerConfigKeys (ConfUtils.java:logGet(46)) - raft.server.snapshot.auto.trigger.enabled = true (custom)
2023-01-16 14:41:44,750 [om1-impl-thread1] INFO  server.RaftServerConfigKeys (ConfUtils.java:logGet(46)) - raft.server.snapshot.auto.trigger.threshold = 400000 (default)
2023-01-16 14:41:44,750 [om1-impl-thread1] INFO  server.RaftServerConfigKeys (ConfUtils.java:logGet(46)) - raft.server.snapshot.retention.file.num = -1 (default)
2023-01-16 14:41:44,751 [om1-impl-thread1] INFO  server.RaftServerConfigKeys (ConfUtils.java:logGet(46)) - raft.server.log.purge.upto.snapshot.index = true (custom)
2023-01-16 14:41:44,756 [om1@group-C5BA1605619E-FollowerState] INFO  server.RaftServerConfigKeys (ConfUtils.java:logFallback(53)) - raft.server.rpc.first-election.timeout.min = 1s (fallback to raft.server.rpc.timeout.min)
2023-01-16 14:41:44,756 [om1@group-C5BA1605619E-FollowerState] INFO  server.RaftServerConfigKeys (ConfUtils.java:logFallback(53)) - raft.server.rpc.first-election.timeout.max = 1200ms (fallback to raft.server.rpc.timeout.max)
2023-01-16 14:41:44,760 [Listener at 127.0.0.1/36907] INFO  server.RaftServer (RaftServerProxy.java:startImpl(393)) - om1: start RPC server
2023-01-16 14:41:44,780 [Listener at 127.0.0.1/36907] INFO  server.GrpcService (GrpcService.java:startImpl(262)) - om1: GrpcService started, listening on 9872
2023-01-16 14:41:44,784 [Listener at 127.0.0.1/36907] INFO  om.OzoneManager (OzoneManager.java:start(1507)) - Version File has different layout version (3) than OM DB (null). That is expected if this OM has never been finalized to a newer layout version.
2023-01-16 14:41:44,786 [JvmPauseMonitor0] INFO  util.JvmPauseMonitor (JvmPauseMonitor.java:run(105)) - JvmPauseMonitor-om1: Started
2023-01-16 14:41:44,803 [Listener at 127.0.0.1/36907] INFO  http.BaseHttpServer (BaseHttpServer.java:newHttpServer2BuilderForOzone(213)) - Starting Web-server for ozoneManager at: http://0.0.0.0:0
2023-01-16 14:41:44,803 [Listener at 127.0.0.1/36907] INFO  http.BaseHttpServer (BaseHttpServer.java:<init>(108)) - Hadoop Security Enabled: false Ozone Security Enabled: false Ozone HTTP Security Enabled: false 
2023-01-16 14:41:44,805 [Listener at 127.0.0.1/36907] WARN  server.AuthenticationFilter (AuthenticationFilter.java:constructSecretProvider(240)) - Unable to initialize FileSignerSecretProvider, falling back to use random secrets. Reason: Could not read signature secret file: /home/runner/hadoop-http-auth-signature-secret
2023-01-16 14:41:44,810 [Listener at 127.0.0.1/36907] WARN  http.HttpRequestLog (HttpRequestLog.java:getRequestLog(103)) - Jetty request log can only be enabled using Log4j
2023-01-16 14:41:44,812 [Listener at 127.0.0.1/36907] INFO  http.HttpServer2 (HttpServer2.java:addGlobalFilter(1031)) - Added global filter 'safety' (class=org.apache.hadoop.hdds.server.http.HttpServer2$QuotingInputFilter)
2023-01-16 14:41:44,813 [Listener at 127.0.0.1/36907] INFO  http.HttpServer2 (HttpServer2.java:addFilter(1007)) - Added filter static_user_filter (class=org.apache.hadoop.http.lib.StaticUserWebFilter$StaticUserFilter) to context ozoneManager
2023-01-16 14:41:44,813 [Listener at 127.0.0.1/36907] INFO  http.HttpServer2 (HttpServer2.java:addFilter(1015)) - Added filter static_user_filter (class=org.apache.hadoop.http.lib.StaticUserWebFilter$StaticUserFilter) to context static
2023-01-16 14:41:44,813 [Listener at 127.0.0.1/36907] INFO  http.HttpServer2 (HttpServer2.java:addFilter(1015)) - Added filter static_user_filter (class=org.apache.hadoop.http.lib.StaticUserWebFilter$StaticUserFilter) to context logs
2023-01-16 14:41:44,816 [Listener at 127.0.0.1/36907] INFO  http.HttpServer2 (HttpServer2.java:bindListener(1250)) - Jetty bound to port 46373
2023-01-16 14:41:44,816 [Listener at 127.0.0.1/36907] INFO  server.Server (Server.java:doStart(375)) - jetty-9.4.49.v20220914; built: 2022-09-14T01:07:36.601Z; git: 4231a3b2e4cb8548a412a789936d640a97b1aa0a; jvm 1.8.0_352-b08
2023-01-16 14:41:44,819 [Listener at 127.0.0.1/36907] INFO  server.session (DefaultSessionIdManager.java:doStart(334)) - DefaultSessionIdManager workerName=node0
2023-01-16 14:41:44,819 [Listener at 127.0.0.1/36907] INFO  server.session (DefaultSessionIdManager.java:doStart(339)) - No SessionScavenger set, using defaults
2023-01-16 14:41:44,820 [Listener at 127.0.0.1/36907] INFO  server.session (HouseKeeper.java:startScavenging(132)) - node0 Scavenging every 660000ms
2023-01-16 14:41:44,821 [Listener at 127.0.0.1/36907] INFO  handler.ContextHandler (ContextHandler.java:doStart(921)) - Started o.e.j.s.ServletContextHandler@223cd181{logs,/logs,file:///home/runner/work/ozone/ozone/hadoop-ozone/integration-test/target/log,AVAILABLE}
2023-01-16 14:41:44,821 [Listener at 127.0.0.1/36907] INFO  handler.ContextHandler (ContextHandler.java:doStart(921)) - Started o.e.j.s.ServletContextHandler@742d195f{static,/static,file:///home/runner/work/ozone/ozone/hadoop-ozone/integration-test/target/test-classes/webapps/static,AVAILABLE}
2023-01-16 14:41:44,825 [Listener at 127.0.0.1/36907] INFO  handler.ContextHandler (ContextHandler.java:doStart(921)) - Started o.e.j.w.WebAppContext@430925e0{ozoneManager,/,file:///home/runner/work/ozone/ozone/hadoop-ozone/integration-test/target/test-classes/webapps/ozoneManager/,AVAILABLE}{file:/home/runner/work/ozone/ozone/hadoop-ozone/integration-test/target/test-classes/webapps/ozoneManager}
2023-01-16 14:41:44,827 [Listener at 127.0.0.1/36907] INFO  server.AbstractConnector (AbstractConnector.java:doStart(333)) - Started ServerConnector@22cf2c40{HTTP/1.1, (http/1.1)}{0.0.0.0:46373}
2023-01-16 14:41:44,827 [Listener at 127.0.0.1/36907] INFO  server.Server (Server.java:doStart(415)) - Started @7780ms
2023-01-16 14:41:44,827 [Listener at 127.0.0.1/36907] WARN  impl.MetricsSystemImpl (MetricsSystemImpl.java:register(279)) - Sink prometheus already exists!
2023-01-16 14:41:44,828 [Listener at 127.0.0.1/36907] INFO  http.BaseHttpServer (BaseHttpServer.java:updateConnectorAddress(333)) - HTTP server of ozoneManager listening at http://0.0.0.0:46373
2023-01-16 14:41:44,828 [IPC Server Responder] INFO  ipc.Server (Server.java:run(1512)) - IPC Server Responder: starting
2023-01-16 14:41:44,838 [Listener at 127.0.0.1/36907] INFO  om.OzoneManager (OzoneManager.java:startTrashEmptier(1928)) - Trash Interval set to 0. Files deleted won't move to trash
2023-01-16 14:41:44,843 [IPC Server listener on 0] INFO  ipc.Server (Server.java:run(1352)) - IPC Server listener on 0: starting
2023-01-16 14:41:44,852 [org.apache.hadoop.util.JvmPauseMonitor$Monitor@1943d46b] INFO  util.JvmPauseMonitor (JvmPauseMonitor.java:run(188)) - Starting JVM pause monitor
2023-01-16 14:41:44,987 [Listener at 127.0.0.1/36907] WARN  impl.MetricRegistriesImpl (MetricRegistriesImpl.java:addReporterRegistration(111)) - New reporters are added after registries were created. Some metrics will be missing from the reporter. Please add reporter before adding any new registry.
2023-01-16 14:41:44,987 [Listener at 127.0.0.1/36907] WARN  impl.MetricRegistriesImpl (MetricRegistriesImpl.java:addReporterRegistration(111)) - New reporters are added after registries were created. Some metrics will be missing from the reporter. Please add reporter before adding any new registry.
2023-01-16 14:41:44,987 [Listener at 127.0.0.1/36907] INFO  impl.MetricsSystemImpl (MetricsSystemImpl.java:init(158)) - HddsDatanode metrics system started (again)
2023-01-16 14:41:45,009 [Listener at 127.0.0.1/36907] INFO  ozone.HddsDatanodeService (HddsDatanodeService.java:start(228)) - HddsDatanodeService host:fv-az203-757.ild0l4k5vsluppoevu2oqvhmda.cx.internal.cloudapp.net ip:10.1.1.103
2023-01-16 14:41:45,052 [Listener at 127.0.0.1/36907] INFO  upgrade.AbstractLayoutVersionManager (AbstractLayoutVersionManager.java:init(83)) - Initializing Layout version manager with metadata layout = DATANODE_SCHEMA_V3 (version = 4), software layout = DATANODE_SCHEMA_V3 (version = 4)
2023-01-16 14:41:45,107 [Listener at 127.0.0.1/36907] INFO  reflections.Reflections (Reflections.java:scan(232)) - Reflections took 51 ms to scan 7 urls, producing 146 keys and 350 values 
2023-01-16 14:41:45,115 [Listener at 127.0.0.1/36907] INFO  statemachine.DatanodeStateMachine (DatanodeStateMachine.java:getEndPointTaskThreadPoolSize(248)) - Datanode State Machine Task Thread Pool size 2
2023-01-16 14:41:45,182 [Listener at 127.0.0.1/36907] INFO  volume.HddsVolume (HddsVolume.java:<init>(117)) - Creating HddsVolume: /home/runner/work/ozone/ozone/hadoop-ozone/integration-test/target/test-dir/MiniOzoneClusterImpl-bcd49b6a-245a-4637-b4c9-d6b301a8fda7/datanode-0/data-0/containers/hdds of storage type : DISK capacity : 9223372036854775807
2023-01-16 14:41:45,185 [Listener at 127.0.0.1/36907] INFO  volume.MutableVolumeSet (MutableVolumeSet.java:initializeVolumeSet(174)) - Added Volume : /home/runner/work/ozone/ozone/hadoop-ozone/integration-test/target/test-dir/MiniOzoneClusterImpl-bcd49b6a-245a-4637-b4c9-d6b301a8fda7/datanode-0/data-0/containers/hdds to VolumeSet
2023-01-16 14:41:45,187 [Listener at 127.0.0.1/36907] INFO  volume.ThrottledAsyncChecker (ThrottledAsyncChecker.java:schedule(141)) - Scheduling a check for /home/runner/work/ozone/ozone/hadoop-ozone/integration-test/target/test-dir/MiniOzoneClusterImpl-bcd49b6a-245a-4637-b4c9-d6b301a8fda7/datanode-0/data-0/containers/hdds
2023-01-16 14:41:45,208 [Listener at 127.0.0.1/36907] INFO  volume.StorageVolumeChecker (StorageVolumeChecker.java:checkAllVolumes(202)) - Scheduled health check for volume /home/runner/work/ozone/ozone/hadoop-ozone/integration-test/target/test-dir/MiniOzoneClusterImpl-bcd49b6a-245a-4637-b4c9-d6b301a8fda7/datanode-0/data-0/containers/hdds
2023-01-16 14:41:45,229 [Listener at 127.0.0.1/36907] INFO  volume.MutableVolumeSet (MutableVolumeSet.java:initializeVolumeSet(174)) - Added Volume : /home/runner/work/ozone/ozone/hadoop-ozone/integration-test/target/test-dir/MiniOzoneClusterImpl-bcd49b6a-245a-4637-b4c9-d6b301a8fda7/datanode-0/data/ratis to VolumeSet
2023-01-16 14:41:45,230 [Listener at 127.0.0.1/36907] INFO  volume.ThrottledAsyncChecker (ThrottledAsyncChecker.java:schedule(141)) - Scheduling a check for /home/runner/work/ozone/ozone/hadoop-ozone/integration-test/target/test-dir/MiniOzoneClusterImpl-bcd49b6a-245a-4637-b4c9-d6b301a8fda7/datanode-0/data/ratis
2023-01-16 14:41:45,230 [Listener at 127.0.0.1/36907] INFO  volume.StorageVolumeChecker (StorageVolumeChecker.java:checkAllVolumes(202)) - Scheduled health check for volume /home/runner/work/ozone/ozone/hadoop-ozone/integration-test/target/test-dir/MiniOzoneClusterImpl-bcd49b6a-245a-4637-b4c9-d6b301a8fda7/datanode-0/data/ratis
2023-01-16 14:41:45,261 [Thread-136] INFO  ozoneimpl.ContainerReader (ContainerReader.java:readVolume(175)) - Finish verifying containers on volume /home/runner/work/ozone/ozone/hadoop-ozone/integration-test/target/test-dir/MiniOzoneClusterImpl-bcd49b6a-245a-4637-b4c9-d6b301a8fda7/datanode-0/data-0/containers/hdds
2023-01-16 14:41:45,261 [Listener at 127.0.0.1/36907] INFO  ozoneimpl.OzoneContainer (OzoneContainer.java:buildContainerSet(301)) - Build ContainerSet costs 0s
2023-01-16 14:41:45,318 [Listener at 127.0.0.1/36907] INFO  audit.AuditLogger (AuditLogger.java:refreshDebugCmdSet(126)) - Refresh DebugCmdSet for DNAudit to [].
2023-01-16 14:41:45,352 [Listener at 127.0.0.1/36907] INFO  server.RaftServer (ConfUtils.java:logGet(46)) - raft.rpc.type = GRPC (default)
2023-01-16 14:41:45,353 [Listener at 127.0.0.1/36907] INFO  grpc.GrpcConfigKeys (ConfUtils.java:logFallback(53)) - raft.grpc.admin.host = null (fallback to raft.grpc.server.host)
2023-01-16 14:41:45,353 [Listener at 127.0.0.1/36907] INFO  grpc.GrpcConfigKeys (ConfUtils.java:logGet(46)) - raft.grpc.admin.port = 0 (custom)
2023-01-16 14:41:45,356 [Listener at 127.0.0.1/36907] INFO  grpc.GrpcConfigKeys (ConfUtils.java:logFallback(53)) - raft.grpc.client.host = null (fallback to raft.grpc.server.host)
2023-01-16 14:41:45,356 [Listener at 127.0.0.1/36907] INFO  grpc.GrpcConfigKeys (ConfUtils.java:logGet(46)) - raft.grpc.client.port = 0 (custom)
2023-01-16 14:41:45,361 [Listener at 127.0.0.1/36907] INFO  grpc.GrpcConfigKeys (ConfUtils.java:logGet(46)) - raft.grpc.server.host = null (default)
2023-01-16 14:41:45,362 [Listener at 127.0.0.1/36907] INFO  grpc.GrpcConfigKeys (ConfUtils.java:logGet(46)) - raft.grpc.server.port = 0 (default)
2023-01-16 14:41:45,362 [Listener at 127.0.0.1/36907] INFO  server.GrpcService (ConfUtils.java:logGet(46)) - raft.grpc.message.size.max = 32MB (=33554432) (custom)
2023-01-16 14:41:45,363 [Listener at 127.0.0.1/36907] INFO  server.RaftServerConfigKeys (ConfUtils.java:logGet(46)) - raft.server.log.appender.buffer.byte-limit = 33554432 (custom)
2023-01-16 14:41:45,363 [Listener at 127.0.0.1/36907] INFO  server.GrpcService (ConfUtils.java:logGet(46)) - raft.grpc.flow.control.window = 5MB (=5242880) (custom)
2023-01-16 14:41:45,363 [Listener at 127.0.0.1/36907] INFO  server.RaftServerConfigKeys (ConfUtils.java:logGet(46)) - raft.server.rpc.request.timeout = 60s (custom)
2023-01-16 14:41:45,363 [Listener at 127.0.0.1/36907] INFO  grpc.GrpcConfigKeys (ConfUtils.java:logGet(46)) - raft.grpc.server.heartbeat.channel = true (default)
2023-01-16 14:41:45,363 [Listener at 127.0.0.1/36907] INFO  grpc.GrpcConfigKeys (ConfUtils.java:logGet(46)) - raft.grpc.server.async.request.thread.pool.cached = true (default)
2023-01-16 14:41:45,363 [Listener at 127.0.0.1/36907] INFO  grpc.GrpcConfigKeys (ConfUtils.java:logGet(46)) - raft.grpc.server.async.request.thread.pool.size = 32 (default)
2023-01-16 14:41:45,365 [Listener at 127.0.0.1/36907] INFO  impl.DataStreamServerImpl (ConfUtils.java:logGet(46)) - raft.datastream.type = NETTY (custom)
2023-01-16 14:41:45,366 [Listener at 127.0.0.1/36907] INFO  server.RaftServerConfigKeys (ConfUtils.java:logGet(46)) - raft.server.data-stream.async.request.thread.pool.cached = false (default)
2023-01-16 14:41:45,366 [Listener at 127.0.0.1/36907] INFO  server.RaftServerConfigKeys (ConfUtils.java:logGet(46)) - raft.server.data-stream.async.request.thread.pool.size = 20 (custom)
2023-01-16 14:41:45,366 [Listener at 127.0.0.1/36907] INFO  server.RaftServerConfigKeys (ConfUtils.java:logGet(46)) - raft.server.data-stream.async.write.thread.pool.size = 16 (default)
2023-01-16 14:41:45,366 [Listener at 127.0.0.1/36907] INFO  server.RaftServerConfigKeys (ConfUtils.java:logGet(46)) - raft.server.data-stream.client.pool.size = 10 (default)
2023-01-16 14:41:45,367 [Listener at 127.0.0.1/36907] INFO  netty.NettyConfigKeys$DataStream (ConfUtils.java:logGet(46)) - raft.netty.dataStream.server.use-epoll = false (default)
2023-01-16 14:41:45,367 [Listener at 127.0.0.1/36907] INFO  netty.NettyConfigKeys$DataStream (ConfUtils.java:logGet(46)) - raft.netty.dataStream.server.boss-group.size = 0 (default)
2023-01-16 14:41:45,368 [Listener at 127.0.0.1/36907] INFO  netty.NettyConfigKeys$DataStream (ConfUtils.java:logGet(46)) - raft.netty.dataStream.server.worker-group.size = 0 (default)
2023-01-16 14:41:45,385 [Listener at 127.0.0.1/36907] INFO  netty.NettyConfigKeys$DataStream (ConfUtils.java:logGet(46)) - raft.netty.dataStream.server.tls.conf = null (default)
2023-01-16 14:41:45,385 [Listener at 127.0.0.1/36907] INFO  netty.NettyConfigKeys$DataStream (ConfUtils.java:logGet(46)) - raft.netty.dataStream.host = null (default)
2023-01-16 14:41:45,385 [Listener at 127.0.0.1/36907] INFO  netty.NettyConfigKeys$DataStream (ConfUtils.java:logGet(46)) - raft.netty.dataStream.port = 0 (default)
2023-01-16 14:41:45,386 [Listener at 127.0.0.1/36907] INFO  server.RaftServerConfigKeys (ConfUtils.java:logGet(46)) - raft.server.threadpool.proxy.cached = true (default)
2023-01-16 14:41:45,386 [Listener at 127.0.0.1/36907] INFO  server.RaftServerConfigKeys (ConfUtils.java:logGet(46)) - raft.server.threadpool.proxy.size = 0 (default)
2023-01-16 14:41:45,386 [Listener at 127.0.0.1/36907] INFO  server.RaftServerConfigKeys (ConfUtils.java:logGet(46)) - raft.server.rpc.slowness.timeout = 300s (custom)
2023-01-16 14:41:45,386 [Listener at 127.0.0.1/36907] INFO  server.RaftServerConfigKeys (ConfUtils.java:logGet(46)) - raft.server.leaderelection.leader.step-down.wait-time = 10s (default)
2023-01-16 14:41:45,387 [Listener at 127.0.0.1/36907] INFO  server.RaftServerConfigKeys (ConfUtils.java:logGet(46)) - raft.server.storage.dir = [/home/runner/work/ozone/ozone/hadoop-ozone/integration-test/target/test-dir/MiniOzoneClusterImpl-bcd49b6a-245a-4637-b4c9-d6b301a8fda7/datanode-0/data/ratis] (custom)
2023-01-16 14:41:45,392 [16b0a967-ef5a-4382-99c2-95b744fea4a1-NettyServerStreamRpc-bossGroup--thread1] INFO  logging.LoggingHandler (AbstractInternalLogger.java:log(148)) - [id: 0xbb054075] REGISTERED
2023-01-16 14:41:45,399 [16b0a967-ef5a-4382-99c2-95b744fea4a1-NettyServerStreamRpc-bossGroup--thread1] INFO  logging.LoggingHandler (AbstractInternalLogger.java:log(148)) - [id: 0xbb054075] BIND: 0.0.0.0/0.0.0.0:0
2023-01-16 14:41:45,399 [16b0a967-ef5a-4382-99c2-95b744fea4a1-NettyServerStreamRpc-bossGroup--thread1] INFO  logging.LoggingHandler (AbstractInternalLogger.java:log(148)) - [id: 0xbb054075, L:/0:0:0:0:0:0:0:0:44335] ACTIVE
2023-01-16 14:41:45,419 [Listener at 127.0.0.1/36907] INFO  server.XceiverServerGrpc (XceiverServerGrpc.java:<init>(132)) - GrpcServer channel type EpollServerSocketChannel
2023-01-16 14:41:45,493 [Listener at 127.0.0.1/36907] INFO  http.BaseHttpServer (BaseHttpServer.java:newHttpServer2BuilderForOzone(213)) - Starting Web-server for hddsDatanode at: http://0.0.0.0:0
2023-01-16 14:41:45,493 [Listener at 127.0.0.1/36907] INFO  http.BaseHttpServer (BaseHttpServer.java:<init>(108)) - Hadoop Security Enabled: false Ozone Security Enabled: false Ozone HTTP Security Enabled: false 
2023-01-16 14:41:45,495 [Listener at 127.0.0.1/36907] WARN  server.AuthenticationFilter (AuthenticationFilter.java:constructSecretProvider(240)) - Unable to initialize FileSignerSecretProvider, falling back to use random secrets. Reason: Could not read signature secret file: /home/runner/hadoop-http-auth-signature-secret
2023-01-16 14:41:45,496 [Listener at 127.0.0.1/36907] WARN  http.HttpRequestLog (HttpRequestLog.java:getRequestLog(103)) - Jetty request log can only be enabled using Log4j
2023-01-16 14:41:45,497 [Listener at 127.0.0.1/36907] INFO  http.HttpServer2 (HttpServer2.java:addGlobalFilter(1031)) - Added global filter 'safety' (class=org.apache.hadoop.hdds.server.http.HttpServer2$QuotingInputFilter)
2023-01-16 14:41:45,498 [Listener at 127.0.0.1/36907] INFO  http.HttpServer2 (HttpServer2.java:addFilter(1007)) - Added filter static_user_filter (class=org.apache.hadoop.http.lib.StaticUserWebFilter$StaticUserFilter) to context hddsDatanode
2023-01-16 14:41:45,498 [Listener at 127.0.0.1/36907] INFO  http.HttpServer2 (HttpServer2.java:addFilter(1015)) - Added filter static_user_filter (class=org.apache.hadoop.http.lib.StaticUserWebFilter$StaticUserFilter) to context logs
2023-01-16 14:41:45,498 [Listener at 127.0.0.1/36907] INFO  http.HttpServer2 (HttpServer2.java:addFilter(1015)) - Added filter static_user_filter (class=org.apache.hadoop.http.lib.StaticUserWebFilter$StaticUserFilter) to context static
2023-01-16 14:41:45,499 [Listener at 127.0.0.1/36907] INFO  http.HttpServer2 (HttpServer2.java:bindListener(1250)) - Jetty bound to port 34837
2023-01-16 14:41:45,499 [Listener at 127.0.0.1/36907] INFO  server.Server (Server.java:doStart(375)) - jetty-9.4.49.v20220914; built: 2022-09-14T01:07:36.601Z; git: 4231a3b2e4cb8548a412a789936d640a97b1aa0a; jvm 1.8.0_352-b08
2023-01-16 14:41:45,503 [Listener at 127.0.0.1/36907] INFO  server.session (DefaultSessionIdManager.java:doStart(334)) - DefaultSessionIdManager workerName=node0
2023-01-16 14:41:45,503 [Listener at 127.0.0.1/36907] INFO  server.session (DefaultSessionIdManager.java:doStart(339)) - No SessionScavenger set, using defaults
2023-01-16 14:41:45,503 [Listener at 127.0.0.1/36907] INFO  server.session (HouseKeeper.java:startScavenging(132)) - node0 Scavenging every 600000ms
2023-01-16 14:41:45,505 [Listener at 127.0.0.1/36907] INFO  handler.ContextHandler (ContextHandler.java:doStart(921)) - Started o.e.j.s.ServletContextHandler@8eec68f{logs,/logs,file:///home/runner/work/ozone/ozone/hadoop-ozone/integration-test/target/log,AVAILABLE}
2023-01-16 14:41:45,505 [Listener at 127.0.0.1/36907] INFO  handler.ContextHandler (ContextHandler.java:doStart(921)) - Started o.e.j.s.ServletContextHandler@4f6a501c{static,/static,jar:file:/home/runner/.m2/repository/org/apache/ozone/hdds-container-service/1.4.0-SNAPSHOT/hdds-container-service-1.4.0-SNAPSHOT.jar!/webapps/static,AVAILABLE}
2023-01-16 14:41:45,692 [Listener at 127.0.0.1/36907] INFO  handler.ContextHandler (ContextHandler.java:doStart(921)) - Started o.e.j.w.WebAppContext@3f34c57b{hddsDatanode,/,file:///tmp/jetty-0_0_0_0-34837-hdds-container-service-1_4_0-SNAPSHOT_jar-_-any-1255787884934445243/webapp/,AVAILABLE}{jar:file:/home/runner/.m2/repository/org/apache/ozone/hdds-container-service/1.4.0-SNAPSHOT/hdds-container-service-1.4.0-SNAPSHOT.jar!/webapps/hddsDatanode}
2023-01-16 14:41:45,694 [Listener at 127.0.0.1/36907] INFO  server.AbstractConnector (AbstractConnector.java:doStart(333)) - Started ServerConnector@4608c405{HTTP/1.1, (http/1.1)}{0.0.0.0:34837}
2023-01-16 14:41:45,694 [Listener at 127.0.0.1/36907] INFO  server.Server (Server.java:doStart(415)) - Started @8647ms
2023-01-16 14:41:45,694 [Listener at 127.0.0.1/36907] WARN  impl.MetricsSystemImpl (MetricsSystemImpl.java:register(279)) - Sink prometheus already exists!
2023-01-16 14:41:45,695 [Listener at 127.0.0.1/36907] INFO  http.BaseHttpServer (BaseHttpServer.java:updateConnectorAddress(333)) - HTTP server of hddsDatanode listening at http://0.0.0.0:34837
2023-01-16 14:41:45,697 [Listener at 127.0.0.1/36907] WARN  impl.MetricRegistriesImpl (MetricRegistriesImpl.java:addReporterRegistration(111)) - New reporters are added after registries were created. Some metrics will be missing from the reporter. Please add reporter before adding any new registry.
2023-01-16 14:41:45,697 [Listener at 127.0.0.1/36907] WARN  impl.MetricRegistriesImpl (MetricRegistriesImpl.java:addReporterRegistration(111)) - New reporters are added after registries were created. Some metrics will be missing from the reporter. Please add reporter before adding any new registry.
2023-01-16 14:41:45,697 [Listener at 127.0.0.1/36907] INFO  impl.MetricsSystemImpl (MetricsSystemImpl.java:init(158)) - HddsDatanode metrics system started (again)
2023-01-16 14:41:45,706 [Datanode State Machine Daemon Thread] INFO  statemachine.DatanodeStateMachine (DatanodeStateMachine.java:lambda$startDaemon$0(508)) - Ozone container server started.
2023-01-16 14:41:45,716 [Listener at 127.0.0.1/36907] INFO  ozone.HddsDatanodeService (HddsDatanodeService.java:start(228)) - HddsDatanodeService host:fv-az203-757.ild0l4k5vsluppoevu2oqvhmda.cx.internal.cloudapp.net ip:10.1.1.103
2023-01-16 14:41:45,728 [org.apache.hadoop.util.JvmPauseMonitor$Monitor@46826f99] INFO  util.JvmPauseMonitor (JvmPauseMonitor.java:run(188)) - Starting JVM pause monitor
2023-01-16 14:41:45,742 [Listener at 127.0.0.1/36907] INFO  upgrade.AbstractLayoutVersionManager (AbstractLayoutVersionManager.java:init(83)) - Initializing Layout version manager with metadata layout = DATANODE_SCHEMA_V3 (version = 4), software layout = DATANODE_SCHEMA_V3 (version = 4)
2023-01-16 14:41:45,793 [Listener at 127.0.0.1/36907] INFO  reflections.Reflections (Reflections.java:scan(232)) - Reflections took 49 ms to scan 7 urls, producing 146 keys and 350 values 
2023-01-16 14:41:45,797 [Listener at 127.0.0.1/36907] INFO  statemachine.DatanodeStateMachine (DatanodeStateMachine.java:getEndPointTaskThreadPoolSize(248)) - Datanode State Machine Task Thread Pool size 2
2023-01-16 14:41:45,799 [Listener at 127.0.0.1/36907] INFO  volume.HddsVolume (HddsVolume.java:<init>(117)) - Creating HddsVolume: /home/runner/work/ozone/ozone/hadoop-ozone/integration-test/target/test-dir/MiniOzoneClusterImpl-bcd49b6a-245a-4637-b4c9-d6b301a8fda7/datanode-1/data-0/containers/hdds of storage type : DISK capacity : 9223372036854775807
2023-01-16 14:41:45,800 [Listener at 127.0.0.1/36907] INFO  volume.MutableVolumeSet (MutableVolumeSet.java:initializeVolumeSet(174)) - Added Volume : /home/runner/work/ozone/ozone/hadoop-ozone/integration-test/target/test-dir/MiniOzoneClusterImpl-bcd49b6a-245a-4637-b4c9-d6b301a8fda7/datanode-1/data-0/containers/hdds to VolumeSet
2023-01-16 14:41:45,800 [Listener at 127.0.0.1/36907] INFO  volume.ThrottledAsyncChecker (ThrottledAsyncChecker.java:schedule(141)) - Scheduling a check for /home/runner/work/ozone/ozone/hadoop-ozone/integration-test/target/test-dir/MiniOzoneClusterImpl-bcd49b6a-245a-4637-b4c9-d6b301a8fda7/datanode-1/data-0/containers/hdds
2023-01-16 14:41:45,802 [Listener at 127.0.0.1/36907] INFO  volume.StorageVolumeChecker (StorageVolumeChecker.java:checkAllVolumes(202)) - Scheduled health check for volume /home/runner/work/ozone/ozone/hadoop-ozone/integration-test/target/test-dir/MiniOzoneClusterImpl-bcd49b6a-245a-4637-b4c9-d6b301a8fda7/datanode-1/data-0/containers/hdds
2023-01-16 14:41:45,820 [Listener at 127.0.0.1/36907] INFO  volume.MutableVolumeSet (MutableVolumeSet.java:initializeVolumeSet(174)) - Added Volume : /home/runner/work/ozone/ozone/hadoop-ozone/integration-test/target/test-dir/MiniOzoneClusterImpl-bcd49b6a-245a-4637-b4c9-d6b301a8fda7/datanode-1/data/ratis to VolumeSet
2023-01-16 14:41:45,820 [Listener at 127.0.0.1/36907] INFO  volume.ThrottledAsyncChecker (ThrottledAsyncChecker.java:schedule(141)) - Scheduling a check for /home/runner/work/ozone/ozone/hadoop-ozone/integration-test/target/test-dir/MiniOzoneClusterImpl-bcd49b6a-245a-4637-b4c9-d6b301a8fda7/datanode-1/data/ratis
2023-01-16 14:41:45,820 [Listener at 127.0.0.1/36907] INFO  volume.StorageVolumeChecker (StorageVolumeChecker.java:checkAllVolumes(202)) - Scheduled health check for volume /home/runner/work/ozone/ozone/hadoop-ozone/integration-test/target/test-dir/MiniOzoneClusterImpl-bcd49b6a-245a-4637-b4c9-d6b301a8fda7/datanode-1/data/ratis
2023-01-16 14:41:45,833 [Thread-150] INFO  ozoneimpl.ContainerReader (ContainerReader.java:readVolume(175)) - Finish verifying containers on volume /home/runner/work/ozone/ozone/hadoop-ozone/integration-test/target/test-dir/MiniOzoneClusterImpl-bcd49b6a-245a-4637-b4c9-d6b301a8fda7/datanode-1/data-0/containers/hdds
2023-01-16 14:41:45,833 [Listener at 127.0.0.1/36907] INFO  ozoneimpl.OzoneContainer (OzoneContainer.java:buildContainerSet(301)) - Build ContainerSet costs 0s
2023-01-16 14:41:45,840 [Listener at 127.0.0.1/36907] INFO  server.RaftServer (ConfUtils.java:logGet(46)) - raft.rpc.type = GRPC (default)
2023-01-16 14:41:45,840 [Listener at 127.0.0.1/36907] INFO  grpc.GrpcConfigKeys (ConfUtils.java:logFallback(53)) - raft.grpc.admin.host = null (fallback to raft.grpc.server.host)
2023-01-16 14:41:45,840 [Listener at 127.0.0.1/36907] INFO  grpc.GrpcConfigKeys (ConfUtils.java:logGet(46)) - raft.grpc.admin.port = 0 (custom)
2023-01-16 14:41:45,840 [Listener at 127.0.0.1/36907] INFO  grpc.GrpcConfigKeys (ConfUtils.java:logFallback(53)) - raft.grpc.client.host = null (fallback to raft.grpc.server.host)
2023-01-16 14:41:45,841 [Listener at 127.0.0.1/36907] INFO  grpc.GrpcConfigKeys (ConfUtils.java:logGet(46)) - raft.grpc.client.port = 0 (custom)
2023-01-16 14:41:45,841 [Listener at 127.0.0.1/36907] INFO  grpc.GrpcConfigKeys (ConfUtils.java:logGet(46)) - raft.grpc.server.host = null (default)
2023-01-16 14:41:45,841 [Listener at 127.0.0.1/36907] INFO  grpc.GrpcConfigKeys (ConfUtils.java:logGet(46)) - raft.grpc.server.port = 0 (default)
2023-01-16 14:41:45,841 [Listener at 127.0.0.1/36907] INFO  server.GrpcService (ConfUtils.java:logGet(46)) - raft.grpc.message.size.max = 32MB (=33554432) (custom)
2023-01-16 14:41:45,841 [Listener at 127.0.0.1/36907] INFO  server.RaftServerConfigKeys (ConfUtils.java:logGet(46)) - raft.server.log.appender.buffer.byte-limit = 33554432 (custom)
2023-01-16 14:41:45,841 [Listener at 127.0.0.1/36907] INFO  server.GrpcService (ConfUtils.java:logGet(46)) - raft.grpc.flow.control.window = 5MB (=5242880) (custom)
2023-01-16 14:41:45,842 [Listener at 127.0.0.1/36907] INFO  server.RaftServerConfigKeys (ConfUtils.java:logGet(46)) - raft.server.rpc.request.timeout = 60s (custom)
2023-01-16 14:41:45,842 [Listener at 127.0.0.1/36907] INFO  grpc.GrpcConfigKeys (ConfUtils.java:logGet(46)) - raft.grpc.server.heartbeat.channel = true (default)
2023-01-16 14:41:45,842 [Listener at 127.0.0.1/36907] INFO  grpc.GrpcConfigKeys (ConfUtils.java:logGet(46)) - raft.grpc.server.async.request.thread.pool.cached = true (default)
2023-01-16 14:41:45,842 [Listener at 127.0.0.1/36907] INFO  grpc.GrpcConfigKeys (ConfUtils.java:logGet(46)) - raft.grpc.server.async.request.thread.pool.size = 32 (default)
2023-01-16 14:41:45,843 [Listener at 127.0.0.1/36907] INFO  impl.DataStreamServerImpl (ConfUtils.java:logGet(46)) - raft.datastream.type = NETTY (custom)
2023-01-16 14:41:45,844 [Listener at 127.0.0.1/36907] INFO  server.RaftServerConfigKeys (ConfUtils.java:logGet(46)) - raft.server.data-stream.async.request.thread.pool.cached = false (default)
2023-01-16 14:41:45,845 [Listener at 127.0.0.1/36907] INFO  server.RaftServerConfigKeys (ConfUtils.java:logGet(46)) - raft.server.data-stream.async.request.thread.pool.size = 20 (custom)
2023-01-16 14:41:45,845 [Listener at 127.0.0.1/36907] INFO  server.RaftServerConfigKeys (ConfUtils.java:logGet(46)) - raft.server.data-stream.async.write.thread.pool.size = 16 (default)
2023-01-16 14:41:45,846 [Listener at 127.0.0.1/36907] INFO  server.RaftServerConfigKeys (ConfUtils.java:logGet(46)) - raft.server.data-stream.client.pool.size = 10 (default)
2023-01-16 14:41:45,847 [Listener at 127.0.0.1/36907] INFO  netty.NettyConfigKeys$DataStream (ConfUtils.java:logGet(46)) - raft.netty.dataStream.server.use-epoll = false (default)
2023-01-16 14:41:45,848 [Listener at 127.0.0.1/36907] INFO  netty.NettyConfigKeys$DataStream (ConfUtils.java:logGet(46)) - raft.netty.dataStream.server.boss-group.size = 0 (default)
2023-01-16 14:41:45,848 [Listener at 127.0.0.1/36907] INFO  netty.NettyConfigKeys$DataStream (ConfUtils.java:logGet(46)) - raft.netty.dataStream.server.worker-group.size = 0 (default)
2023-01-16 14:41:45,848 [Listener at 127.0.0.1/36907] INFO  netty.NettyConfigKeys$DataStream (ConfUtils.java:logGet(46)) - raft.netty.dataStream.server.tls.conf = null (default)
2023-01-16 14:41:45,849 [Listener at 127.0.0.1/36907] INFO  netty.NettyConfigKeys$DataStream (ConfUtils.java:logGet(46)) - raft.netty.dataStream.host = null (default)
2023-01-16 14:41:45,850 [Listener at 127.0.0.1/36907] INFO  netty.NettyConfigKeys$DataStream (ConfUtils.java:logGet(46)) - raft.netty.dataStream.port = 0 (default)
2023-01-16 14:41:45,851 [Listener at 127.0.0.1/36907] INFO  server.RaftServerConfigKeys (ConfUtils.java:logGet(46)) - raft.server.threadpool.proxy.cached = true (default)
2023-01-16 14:41:45,851 [Listener at 127.0.0.1/36907] INFO  server.RaftServerConfigKeys (ConfUtils.java:logGet(46)) - raft.server.threadpool.proxy.size = 0 (default)
2023-01-16 14:41:45,851 [Listener at 127.0.0.1/36907] INFO  server.RaftServerConfigKeys (ConfUtils.java:logGet(46)) - raft.server.rpc.slowness.timeout = 300s (custom)
2023-01-16 14:41:45,851 [Listener at 127.0.0.1/36907] INFO  server.RaftServerConfigKeys (ConfUtils.java:logGet(46)) - raft.server.leaderelection.leader.step-down.wait-time = 10s (default)
2023-01-16 14:41:45,851 [Listener at 127.0.0.1/36907] INFO  server.RaftServerConfigKeys (ConfUtils.java:logGet(46)) - raft.server.storage.dir = [/home/runner/work/ozone/ozone/hadoop-ozone/integration-test/target/test-dir/MiniOzoneClusterImpl-bcd49b6a-245a-4637-b4c9-d6b301a8fda7/datanode-1/data/ratis] (custom)
2023-01-16 14:41:45,860 [f3cb6aab-e792-43b9-8109-2d5521605a5b-NettyServerStreamRpc-bossGroup--thread1] INFO  logging.LoggingHandler (AbstractInternalLogger.java:log(148)) - [id: 0x2ac1cb71] REGISTERED
2023-01-16 14:41:45,860 [f3cb6aab-e792-43b9-8109-2d5521605a5b-NettyServerStreamRpc-bossGroup--thread1] INFO  logging.LoggingHandler (AbstractInternalLogger.java:log(148)) - [id: 0x2ac1cb71] BIND: 0.0.0.0/0.0.0.0:0
2023-01-16 14:41:45,860 [f3cb6aab-e792-43b9-8109-2d5521605a5b-NettyServerStreamRpc-bossGroup--thread1] INFO  logging.LoggingHandler (AbstractInternalLogger.java:log(148)) - [id: 0x2ac1cb71, L:/0:0:0:0:0:0:0:0:37539] ACTIVE
2023-01-16 14:41:45,862 [Listener at 127.0.0.1/36907] INFO  server.XceiverServerGrpc (XceiverServerGrpc.java:<init>(132)) - GrpcServer channel type EpollServerSocketChannel
2023-01-16 14:41:45,871 [Listener at 127.0.0.1/36907] INFO  http.BaseHttpServer (BaseHttpServer.java:newHttpServer2BuilderForOzone(213)) - Starting Web-server for hddsDatanode at: http://0.0.0.0:0
2023-01-16 14:41:45,872 [Listener at 127.0.0.1/36907] INFO  http.BaseHttpServer (BaseHttpServer.java:<init>(108)) - Hadoop Security Enabled: false Ozone Security Enabled: false Ozone HTTP Security Enabled: false 
2023-01-16 14:41:45,873 [Listener at 127.0.0.1/36907] WARN  server.AuthenticationFilter (AuthenticationFilter.java:constructSecretProvider(240)) - Unable to initialize FileSignerSecretProvider, falling back to use random secrets. Reason: Could not read signature secret file: /home/runner/hadoop-http-auth-signature-secret
2023-01-16 14:41:45,874 [om1@group-C5BA1605619E-FollowerState] INFO  impl.FollowerState (FollowerState.java:run(143)) - om1@group-C5BA1605619E-FollowerState: change to CANDIDATE, lastRpcElapsedTime:1128329053ns, electionTimeout:1116ms
2023-01-16 14:41:45,875 [om1@group-C5BA1605619E-FollowerState] INFO  impl.RoleInfo (RoleInfo.java:shutdownFollowerState(110)) - om1: shutdown om1@group-C5BA1605619E-FollowerState
2023-01-16 14:41:45,884 [om1@group-C5BA1605619E-FollowerState] INFO  server.RaftServer$Division (RaftServerImpl.java:setRole(321)) - om1@group-C5BA1605619E: changes role from  FOLLOWER to CANDIDATE at term 0 for changeToCandidate
2023-01-16 14:41:45,884 [Listener at 127.0.0.1/36907] WARN  http.HttpRequestLog (HttpRequestLog.java:getRequestLog(103)) - Jetty request log can only be enabled using Log4j
2023-01-16 14:41:45,886 [Listener at 127.0.0.1/36907] INFO  http.HttpServer2 (HttpServer2.java:addGlobalFilter(1031)) - Added global filter 'safety' (class=org.apache.hadoop.hdds.server.http.HttpServer2$QuotingInputFilter)
2023-01-16 14:41:45,887 [Listener at 127.0.0.1/36907] INFO  http.HttpServer2 (HttpServer2.java:addFilter(1007)) - Added filter static_user_filter (class=org.apache.hadoop.http.lib.StaticUserWebFilter$StaticUserFilter) to context hddsDatanode
2023-01-16 14:41:45,887 [Listener at 127.0.0.1/36907] INFO  http.HttpServer2 (HttpServer2.java:addFilter(1015)) - Added filter static_user_filter (class=org.apache.hadoop.http.lib.StaticUserWebFilter$StaticUserFilter) to context static
2023-01-16 14:41:45,887 [Listener at 127.0.0.1/36907] INFO  http.HttpServer2 (HttpServer2.java:addFilter(1015)) - Added filter static_user_filter (class=org.apache.hadoop.http.lib.StaticUserWebFilter$StaticUserFilter) to context logs
2023-01-16 14:41:45,888 [Listener at 127.0.0.1/36907] INFO  http.HttpServer2 (HttpServer2.java:bindListener(1250)) - Jetty bound to port 35405
2023-01-16 14:41:45,888 [Listener at 127.0.0.1/36907] INFO  server.Server (Server.java:doStart(375)) - jetty-9.4.49.v20220914; built: 2022-09-14T01:07:36.601Z; git: 4231a3b2e4cb8548a412a789936d640a97b1aa0a; jvm 1.8.0_352-b08
2023-01-16 14:41:45,909 [Listener at 127.0.0.1/36907] INFO  server.session (DefaultSessionIdManager.java:doStart(334)) - DefaultSessionIdManager workerName=node0
2023-01-16 14:41:45,910 [Listener at 127.0.0.1/36907] INFO  server.session (DefaultSessionIdManager.java:doStart(339)) - No SessionScavenger set, using defaults
2023-01-16 14:41:45,910 [Listener at 127.0.0.1/36907] INFO  server.session (HouseKeeper.java:startScavenging(132)) - node0 Scavenging every 660000ms
2023-01-16 14:41:45,914 [Listener at 127.0.0.1/36907] INFO  handler.ContextHandler (ContextHandler.java:doStart(921)) - Started o.e.j.s.ServletContextHandler@615e6a05{logs,/logs,file:///home/runner/work/ozone/ozone/hadoop-ozone/integration-test/target/log,AVAILABLE}
2023-01-16 14:41:45,915 [Listener at 127.0.0.1/36907] INFO  handler.ContextHandler (ContextHandler.java:doStart(921)) - Started o.e.j.s.ServletContextHandler@d78dd7f{static,/static,jar:file:/home/runner/.m2/repository/org/apache/ozone/hdds-container-service/1.4.0-SNAPSHOT/hdds-container-service-1.4.0-SNAPSHOT.jar!/webapps/static,AVAILABLE}
2023-01-16 14:41:45,916 [om1@group-C5BA1605619E-FollowerState] INFO  server.RaftServerConfigKeys (ConfUtils.java:logGet(46)) - raft.server.leaderelection.pre-vote = false (custom)
2023-01-16 14:41:45,916 [om1@group-C5BA1605619E-FollowerState] INFO  impl.RoleInfo (RoleInfo.java:updateAndGet(139)) - om1: start om1@group-C5BA1605619E-LeaderElection1
2023-01-16 14:41:45,928 [Datanode State Machine Task Thread - 0] INFO  datanode.InitDatanodeState (InitDatanodeState.java:persistContainerDatanodeDetails(138)) - DatanodeDetails is persisted to /home/runner/work/ozone/ozone/hadoop-ozone/integration-test/target/test-dir/MiniOzoneClusterImpl-bcd49b6a-245a-4637-b4c9-d6b301a8fda7/datanode-0/meta/datanode.id
2023-01-16 14:41:45,934 [om1@group-C5BA1605619E-LeaderElection1] INFO  impl.LeaderElection (LeaderElection.java:askForVotes(312)) - om1@group-C5BA1605619E-LeaderElection1 ELECTION round 0: submit vote requests at term 1 for -1: peers:[om1|rpc:localhost:9872|priority:0|startupRole:FOLLOWER]|listeners:[], old=null
2023-01-16 14:41:45,935 [om1@group-C5BA1605619E-LeaderElection1] INFO  impl.LeaderElection (LeaderElection.java:askForVotes(314)) - om1@group-C5BA1605619E-LeaderElection1 ELECTION round 0: result PASSED (term=1)
2023-01-16 14:41:45,935 [om1@group-C5BA1605619E-LeaderElection1] INFO  impl.RoleInfo (RoleInfo.java:shutdownLeaderElection(130)) - om1: shutdown om1@group-C5BA1605619E-LeaderElection1
2023-01-16 14:41:45,937 [om1@group-C5BA1605619E-LeaderElection1] INFO  server.RaftServer$Division (RaftServerImpl.java:setRole(321)) - om1@group-C5BA1605619E: changes role from CANDIDATE to LEADER at term 1 for changeToLeader
2023-01-16 14:41:45,937 [om1@group-C5BA1605619E-LeaderElection1] INFO  server.RaftServer$Division (ServerState.java:setLeader(313)) - om1@group-C5BA1605619E: change Leader from null to om1 at term 1 for becomeLeader, leader elected after 2315ms
2023-01-16 14:41:45,952 [om1@group-C5BA1605619E-LeaderElection1] INFO  server.RaftServerConfigKeys (ConfUtils.java:logGet(46)) - raft.server.staging.catchup.gap = 1000 (default)
2023-01-16 14:41:45,960 [om1@group-C5BA1605619E-LeaderElection1] INFO  server.RaftServerConfigKeys (ConfUtils.java:logGet(46)) - raft.server.write.element-limit = 4096 (default)
2023-01-16 14:41:45,961 [om1@group-C5BA1605619E-LeaderElection1] INFO  server.RaftServerConfigKeys (ConfUtils.java:logGet(46)) - raft.server.write.byte-limit = 64MB (=67108864) (default)
2023-01-16 14:41:45,968 [om1@group-C5BA1605619E-LeaderElection1] INFO  server.RaftServerConfigKeys (ConfUtils.java:logGet(46)) - raft.server.watch.timeout = 10s (default)
2023-01-16 14:41:45,968 [om1@group-C5BA1605619E-LeaderElection1] INFO  server.RaftServerConfigKeys (ConfUtils.java:logGet(46)) - raft.server.watch.timeout.denomination = 1s (default)
2023-01-16 14:41:45,969 [om1@group-C5BA1605619E-LeaderElection1] INFO  server.RaftServerConfigKeys (ConfUtils.java:logGet(46)) - raft.server.watch.element-limit = 65536 (default)
2023-01-16 14:41:45,975 [om1@group-C5BA1605619E-LeaderElection1] INFO  server.RaftServerConfigKeys (ConfUtils.java:logGet(46)) - raft.server.write.element-limit = 4096 (default)
2023-01-16 14:41:45,977 [om1@group-C5BA1605619E-LeaderElection1] INFO  server.RaftServerConfigKeys (ConfUtils.java:logGet(46)) - raft.server.write.follower.gap.ratio.max = -1.0 (default)
2023-01-16 14:41:45,980 [om1@group-C5BA1605619E-LeaderElection1] INFO  impl.RoleInfo (RoleInfo.java:updateAndGet(139)) - om1: start om1@group-C5BA1605619E-LeaderStateImpl
2023-01-16 14:41:46,046 [om1@group-C5BA1605619E-LeaderElection1] INFO  segmented.SegmentedRaftLogWorker (SegmentedRaftLogWorker.java:startLogSegment(452)) - om1@group-C5BA1605619E-SegmentedRaftLogWorker: Starting segment from index:0
2023-01-16 14:41:46,121 [om1@group-C5BA1605619E-LeaderElection1] INFO  server.RaftServer$Division (ServerState.java:setRaftConf(430)) - om1@group-C5BA1605619E: set configuration 0: peers:[om1|rpc:localhost:9872|admin:|client:|dataStream:|priority:0|startupRole:FOLLOWER]|listeners:[], old=null
2023-01-16 14:41:46,183 [om1@group-C5BA1605619E-SegmentedRaftLogWorker] INFO  segmented.SegmentedRaftLogWorker (SegmentedRaftLogWorker.java:execute(656)) - om1@group-C5BA1605619E-SegmentedRaftLogWorker: created new log segment /home/runner/work/ozone/ozone/hadoop-ozone/integration-test/target/test-dir/MiniOzoneClusterImpl-bcd49b6a-245a-4637-b4c9-d6b301a8fda7/ozone-meta/ratis/bf265839-605b-3f16-9796-c5ba1605619e/current/log_inprogress_0
2023-01-16 14:41:46,221 [Listener at 127.0.0.1/36907] INFO  handler.ContextHandler (ContextHandler.java:doStart(921)) - Started o.e.j.w.WebAppContext@39794db6{hddsDatanode,/,file:///tmp/jetty-0_0_0_0-35405-hdds-container-service-1_4_0-SNAPSHOT_jar-_-any-578254331247972900/webapp/,AVAILABLE}{jar:file:/home/runner/.m2/repository/org/apache/ozone/hdds-container-service/1.4.0-SNAPSHOT/hdds-container-service-1.4.0-SNAPSHOT.jar!/webapps/hddsDatanode}
2023-01-16 14:41:46,236 [Listener at 127.0.0.1/36907] INFO  server.AbstractConnector (AbstractConnector.java:doStart(333)) - Started ServerConnector@6acb0d0d{HTTP/1.1, (http/1.1)}{0.0.0.0:35405}
2023-01-16 14:41:46,236 [Listener at 127.0.0.1/36907] INFO  server.Server (Server.java:doStart(415)) - Started @9189ms
2023-01-16 14:41:46,236 [Listener at 127.0.0.1/36907] WARN  impl.MetricsSystemImpl (MetricsSystemImpl.java:register(279)) - Sink prometheus already exists!
2023-01-16 14:41:46,237 [Listener at 127.0.0.1/36907] INFO  http.BaseHttpServer (BaseHttpServer.java:updateConnectorAddress(333)) - HTTP server of hddsDatanode listening at http://0.0.0.0:35405
2023-01-16 14:41:46,240 [Listener at 127.0.0.1/36907] WARN  impl.MetricRegistriesImpl (MetricRegistriesImpl.java:addReporterRegistration(111)) - New reporters are added after registries were created. Some metrics will be missing from the reporter. Please add reporter before adding any new registry.
2023-01-16 14:41:46,241 [Listener at 127.0.0.1/36907] WARN  impl.MetricRegistriesImpl (MetricRegistriesImpl.java:addReporterRegistration(111)) - New reporters are added after registries were created. Some metrics will be missing from the reporter. Please add reporter before adding any new registry.
2023-01-16 14:41:46,241 [Listener at 127.0.0.1/36907] INFO  impl.MetricsSystemImpl (MetricsSystemImpl.java:init(158)) - HddsDatanode metrics system started (again)
2023-01-16 14:41:46,241 [Datanode State Machine Daemon Thread] INFO  statemachine.DatanodeStateMachine (DatanodeStateMachine.java:lambda$startDaemon$0(508)) - Ozone container server started.
2023-01-16 14:41:46,270 [org.apache.hadoop.util.JvmPauseMonitor$Monitor@6475a680] INFO  util.JvmPauseMonitor (JvmPauseMonitor.java:run(188)) - Starting JVM pause monitor
2023-01-16 14:41:46,276 [Listener at 127.0.0.1/36907] INFO  ozone.HddsDatanodeService (HddsDatanodeService.java:start(228)) - HddsDatanodeService host:fv-az203-757.ild0l4k5vsluppoevu2oqvhmda.cx.internal.cloudapp.net ip:10.1.1.103
2023-01-16 14:41:46,293 [Datanode State Machine Task Thread - 0] INFO  datanode.InitDatanodeState (InitDatanodeState.java:persistContainerDatanodeDetails(138)) - DatanodeDetails is persisted to /home/runner/work/ozone/ozone/hadoop-ozone/integration-test/target/test-dir/MiniOzoneClusterImpl-bcd49b6a-245a-4637-b4c9-d6b301a8fda7/datanode-1/meta/datanode.id
2023-01-16 14:41:46,310 [Listener at 127.0.0.1/36907] INFO  upgrade.AbstractLayoutVersionManager (AbstractLayoutVersionManager.java:init(83)) - Initializing Layout version manager with metadata layout = DATANODE_SCHEMA_V3 (version = 4), software layout = DATANODE_SCHEMA_V3 (version = 4)
2023-01-16 14:41:46,357 [om1@group-C5BA1605619E-StateMachineUpdater] INFO  ratis.OzoneManagerStateMachine (OzoneManagerStateMachine.java:notifyConfigurationChanged(192)) - Received Configuration change notification from Ratis. New Peer list:
[id: "om1"
address: "localhost:9872"
startupRole: FOLLOWER
]
2023-01-16 14:41:46,391 [Listener at 127.0.0.1/36907] INFO  reflections.Reflections (Reflections.java:scan(232)) - Reflections took 80 ms to scan 7 urls, producing 146 keys and 350 values 
2023-01-16 14:41:46,395 [Listener at 127.0.0.1/36907] INFO  statemachine.DatanodeStateMachine (DatanodeStateMachine.java:getEndPointTaskThreadPoolSize(248)) - Datanode State Machine Task Thread Pool size 2
2023-01-16 14:41:46,405 [Listener at 127.0.0.1/36907] INFO  volume.HddsVolume (HddsVolume.java:<init>(117)) - Creating HddsVolume: /home/runner/work/ozone/ozone/hadoop-ozone/integration-test/target/test-dir/MiniOzoneClusterImpl-bcd49b6a-245a-4637-b4c9-d6b301a8fda7/datanode-2/data-0/containers/hdds of storage type : DISK capacity : 9223372036854775807
2023-01-16 14:41:46,406 [Listener at 127.0.0.1/36907] INFO  volume.MutableVolumeSet (MutableVolumeSet.java:initializeVolumeSet(174)) - Added Volume : /home/runner/work/ozone/ozone/hadoop-ozone/integration-test/target/test-dir/MiniOzoneClusterImpl-bcd49b6a-245a-4637-b4c9-d6b301a8fda7/datanode-2/data-0/containers/hdds to VolumeSet
2023-01-16 14:41:46,406 [Listener at 127.0.0.1/36907] INFO  volume.ThrottledAsyncChecker (ThrottledAsyncChecker.java:schedule(141)) - Scheduling a check for /home/runner/work/ozone/ozone/hadoop-ozone/integration-test/target/test-dir/MiniOzoneClusterImpl-bcd49b6a-245a-4637-b4c9-d6b301a8fda7/datanode-2/data-0/containers/hdds
2023-01-16 14:41:46,408 [Listener at 127.0.0.1/36907] INFO  volume.StorageVolumeChecker (StorageVolumeChecker.java:checkAllVolumes(202)) - Scheduled health check for volume /home/runner/work/ozone/ozone/hadoop-ozone/integration-test/target/test-dir/MiniOzoneClusterImpl-bcd49b6a-245a-4637-b4c9-d6b301a8fda7/datanode-2/data-0/containers/hdds
2023-01-16 14:41:46,419 [Listener at 127.0.0.1/36907] INFO  volume.MutableVolumeSet (MutableVolumeSet.java:initializeVolumeSet(174)) - Added Volume : /home/runner/work/ozone/ozone/hadoop-ozone/integration-test/target/test-dir/MiniOzoneClusterImpl-bcd49b6a-245a-4637-b4c9-d6b301a8fda7/datanode-2/data/ratis to VolumeSet
2023-01-16 14:41:46,420 [Listener at 127.0.0.1/36907] INFO  volume.ThrottledAsyncChecker (ThrottledAsyncChecker.java:schedule(141)) - Scheduling a check for /home/runner/work/ozone/ozone/hadoop-ozone/integration-test/target/test-dir/MiniOzoneClusterImpl-bcd49b6a-245a-4637-b4c9-d6b301a8fda7/datanode-2/data/ratis
2023-01-16 14:41:46,420 [Listener at 127.0.0.1/36907] INFO  volume.StorageVolumeChecker (StorageVolumeChecker.java:checkAllVolumes(202)) - Scheduled health check for volume /home/runner/work/ozone/ozone/hadoop-ozone/integration-test/target/test-dir/MiniOzoneClusterImpl-bcd49b6a-245a-4637-b4c9-d6b301a8fda7/datanode-2/data/ratis
2023-01-16 14:41:46,431 [Thread-166] INFO  ozoneimpl.ContainerReader (ContainerReader.java:readVolume(175)) - Finish verifying containers on volume /home/runner/work/ozone/ozone/hadoop-ozone/integration-test/target/test-dir/MiniOzoneClusterImpl-bcd49b6a-245a-4637-b4c9-d6b301a8fda7/datanode-2/data-0/containers/hdds
2023-01-16 14:41:46,431 [Listener at 127.0.0.1/36907] INFO  ozoneimpl.OzoneContainer (OzoneContainer.java:buildContainerSet(301)) - Build ContainerSet costs 0s
2023-01-16 14:41:46,434 [Listener at 127.0.0.1/36907] INFO  server.RaftServer (ConfUtils.java:logGet(46)) - raft.rpc.type = GRPC (default)
2023-01-16 14:41:46,434 [Listener at 127.0.0.1/36907] INFO  grpc.GrpcConfigKeys (ConfUtils.java:logFallback(53)) - raft.grpc.admin.host = null (fallback to raft.grpc.server.host)
2023-01-16 14:41:46,434 [Listener at 127.0.0.1/36907] INFO  grpc.GrpcConfigKeys (ConfUtils.java:logGet(46)) - raft.grpc.admin.port = 0 (custom)
2023-01-16 14:41:46,435 [Listener at 127.0.0.1/36907] INFO  grpc.GrpcConfigKeys (ConfUtils.java:logFallback(53)) - raft.grpc.client.host = null (fallback to raft.grpc.server.host)
2023-01-16 14:41:46,435 [Listener at 127.0.0.1/36907] INFO  grpc.GrpcConfigKeys (ConfUtils.java:logGet(46)) - raft.grpc.client.port = 0 (custom)
2023-01-16 14:41:46,435 [Listener at 127.0.0.1/36907] INFO  grpc.GrpcConfigKeys (ConfUtils.java:logGet(46)) - raft.grpc.server.host = null (default)
2023-01-16 14:41:46,435 [Listener at 127.0.0.1/36907] INFO  grpc.GrpcConfigKeys (ConfUtils.java:logGet(46)) - raft.grpc.server.port = 0 (default)
2023-01-16 14:41:46,435 [Listener at 127.0.0.1/36907] INFO  server.GrpcService (ConfUtils.java:logGet(46)) - raft.grpc.message.size.max = 32MB (=33554432) (custom)
2023-01-16 14:41:46,435 [Listener at 127.0.0.1/36907] INFO  server.RaftServerConfigKeys (ConfUtils.java:logGet(46)) - raft.server.log.appender.buffer.byte-limit = 33554432 (custom)
2023-01-16 14:41:46,435 [Listener at 127.0.0.1/36907] INFO  server.GrpcService (ConfUtils.java:logGet(46)) - raft.grpc.flow.control.window = 5MB (=5242880) (custom)
2023-01-16 14:41:46,436 [Listener at 127.0.0.1/36907] INFO  server.RaftServerConfigKeys (ConfUtils.java:logGet(46)) - raft.server.rpc.request.timeout = 60s (custom)
2023-01-16 14:41:46,436 [Listener at 127.0.0.1/36907] INFO  grpc.GrpcConfigKeys (ConfUtils.java:logGet(46)) - raft.grpc.server.heartbeat.channel = true (default)
2023-01-16 14:41:46,436 [Listener at 127.0.0.1/36907] INFO  grpc.GrpcConfigKeys (ConfUtils.java:logGet(46)) - raft.grpc.server.async.request.thread.pool.cached = true (default)
2023-01-16 14:41:46,436 [Listener at 127.0.0.1/36907] INFO  grpc.GrpcConfigKeys (ConfUtils.java:logGet(46)) - raft.grpc.server.async.request.thread.pool.size = 32 (default)
2023-01-16 14:41:46,437 [Listener at 127.0.0.1/36907] INFO  impl.DataStreamServerImpl (ConfUtils.java:logGet(46)) - raft.datastream.type = NETTY (custom)
2023-01-16 14:41:46,438 [Listener at 127.0.0.1/36907] INFO  server.RaftServerConfigKeys (ConfUtils.java:logGet(46)) - raft.server.data-stream.async.request.thread.pool.cached = false (default)
2023-01-16 14:41:46,438 [Listener at 127.0.0.1/36907] INFO  server.RaftServerConfigKeys (ConfUtils.java:logGet(46)) - raft.server.data-stream.async.request.thread.pool.size = 20 (custom)
2023-01-16 14:41:46,438 [Listener at 127.0.0.1/36907] INFO  server.RaftServerConfigKeys (ConfUtils.java:logGet(46)) - raft.server.data-stream.async.write.thread.pool.size = 16 (default)
2023-01-16 14:41:46,438 [Listener at 127.0.0.1/36907] INFO  server.RaftServerConfigKeys (ConfUtils.java:logGet(46)) - raft.server.data-stream.client.pool.size = 10 (default)
2023-01-16 14:41:46,438 [Listener at 127.0.0.1/36907] INFO  netty.NettyConfigKeys$DataStream (ConfUtils.java:logGet(46)) - raft.netty.dataStream.server.use-epoll = false (default)
2023-01-16 14:41:46,438 [Listener at 127.0.0.1/36907] INFO  netty.NettyConfigKeys$DataStream (ConfUtils.java:logGet(46)) - raft.netty.dataStream.server.boss-group.size = 0 (default)
2023-01-16 14:41:46,439 [Listener at 127.0.0.1/36907] INFO  netty.NettyConfigKeys$DataStream (ConfUtils.java:logGet(46)) - raft.netty.dataStream.server.worker-group.size = 0 (default)
2023-01-16 14:41:46,439 [Listener at 127.0.0.1/36907] INFO  netty.NettyConfigKeys$DataStream (ConfUtils.java:logGet(46)) - raft.netty.dataStream.server.tls.conf = null (default)
2023-01-16 14:41:46,439 [Listener at 127.0.0.1/36907] INFO  netty.NettyConfigKeys$DataStream (ConfUtils.java:logGet(46)) - raft.netty.dataStream.host = null (default)
2023-01-16 14:41:46,439 [Listener at 127.0.0.1/36907] INFO  netty.NettyConfigKeys$DataStream (ConfUtils.java:logGet(46)) - raft.netty.dataStream.port = 0 (default)
2023-01-16 14:41:46,440 [Listener at 127.0.0.1/36907] INFO  server.RaftServerConfigKeys (ConfUtils.java:logGet(46)) - raft.server.threadpool.proxy.cached = true (default)
2023-01-16 14:41:46,440 [Listener at 127.0.0.1/36907] INFO  server.RaftServerConfigKeys (ConfUtils.java:logGet(46)) - raft.server.threadpool.proxy.size = 0 (default)
2023-01-16 14:41:46,440 [Listener at 127.0.0.1/36907] INFO  server.RaftServerConfigKeys (ConfUtils.java:logGet(46)) - raft.server.rpc.slowness.timeout = 300s (custom)
2023-01-16 14:41:46,440 [Listener at 127.0.0.1/36907] INFO  server.RaftServerConfigKeys (ConfUtils.java:logGet(46)) - raft.server.leaderelection.leader.step-down.wait-time = 10s (default)
2023-01-16 14:41:46,441 [Listener at 127.0.0.1/36907] INFO  server.RaftServerConfigKeys (ConfUtils.java:logGet(46)) - raft.server.storage.dir = [/home/runner/work/ozone/ozone/hadoop-ozone/integration-test/target/test-dir/MiniOzoneClusterImpl-bcd49b6a-245a-4637-b4c9-d6b301a8fda7/datanode-2/data/ratis] (custom)
2023-01-16 14:41:46,444 [d8f5a1f3-e512-499d-ae8e-3cd02accfea1-NettyServerStreamRpc-bossGroup--thread1] INFO  logging.LoggingHandler (AbstractInternalLogger.java:log(148)) - [id: 0xb736d9f9] REGISTERED
2023-01-16 14:41:46,444 [d8f5a1f3-e512-499d-ae8e-3cd02accfea1-NettyServerStreamRpc-bossGroup--thread1] INFO  logging.LoggingHandler (AbstractInternalLogger.java:log(148)) - [id: 0xb736d9f9] BIND: 0.0.0.0/0.0.0.0:0
2023-01-16 14:41:46,444 [d8f5a1f3-e512-499d-ae8e-3cd02accfea1-NettyServerStreamRpc-bossGroup--thread1] INFO  logging.LoggingHandler (AbstractInternalLogger.java:log(148)) - [id: 0xb736d9f9, L:/0:0:0:0:0:0:0:0:39865] ACTIVE
2023-01-16 14:41:46,446 [Listener at 127.0.0.1/36907] INFO  server.XceiverServerGrpc (XceiverServerGrpc.java:<init>(132)) - GrpcServer channel type EpollServerSocketChannel
2023-01-16 14:41:46,450 [Listener at 127.0.0.1/36907] INFO  http.BaseHttpServer (BaseHttpServer.java:newHttpServer2BuilderForOzone(213)) - Starting Web-server for hddsDatanode at: http://0.0.0.0:0
2023-01-16 14:41:46,450 [Listener at 127.0.0.1/36907] INFO  http.BaseHttpServer (BaseHttpServer.java:<init>(108)) - Hadoop Security Enabled: false Ozone Security Enabled: false Ozone HTTP Security Enabled: false 
2023-01-16 14:41:46,452 [Listener at 127.0.0.1/36907] WARN  server.AuthenticationFilter (AuthenticationFilter.java:constructSecretProvider(240)) - Unable to initialize FileSignerSecretProvider, falling back to use random secrets. Reason: Could not read signature secret file: /home/runner/hadoop-http-auth-signature-secret
2023-01-16 14:41:46,453 [Listener at 127.0.0.1/36907] WARN  http.HttpRequestLog (HttpRequestLog.java:getRequestLog(103)) - Jetty request log can only be enabled using Log4j
2023-01-16 14:41:46,454 [Listener at 127.0.0.1/36907] INFO  http.HttpServer2 (HttpServer2.java:addGlobalFilter(1031)) - Added global filter 'safety' (class=org.apache.hadoop.hdds.server.http.HttpServer2$QuotingInputFilter)
2023-01-16 14:41:46,455 [Listener at 127.0.0.1/36907] INFO  http.HttpServer2 (HttpServer2.java:addFilter(1007)) - Added filter static_user_filter (class=org.apache.hadoop.http.lib.StaticUserWebFilter$StaticUserFilter) to context hddsDatanode
2023-01-16 14:41:46,455 [Listener at 127.0.0.1/36907] INFO  http.HttpServer2 (HttpServer2.java:addFilter(1015)) - Added filter static_user_filter (class=org.apache.hadoop.http.lib.StaticUserWebFilter$StaticUserFilter) to context logs
2023-01-16 14:41:46,455 [Listener at 127.0.0.1/36907] INFO  http.HttpServer2 (HttpServer2.java:addFilter(1015)) - Added filter static_user_filter (class=org.apache.hadoop.http.lib.StaticUserWebFilter$StaticUserFilter) to context static
2023-01-16 14:41:46,456 [Listener at 127.0.0.1/36907] INFO  http.HttpServer2 (HttpServer2.java:bindListener(1250)) - Jetty bound to port 43405
2023-01-16 14:41:46,456 [Listener at 127.0.0.1/36907] INFO  server.Server (Server.java:doStart(375)) - jetty-9.4.49.v20220914; built: 2022-09-14T01:07:36.601Z; git: 4231a3b2e4cb8548a412a789936d640a97b1aa0a; jvm 1.8.0_352-b08
2023-01-16 14:41:46,461 [Listener at 127.0.0.1/36907] INFO  server.session (DefaultSessionIdManager.java:doStart(334)) - DefaultSessionIdManager workerName=node0
2023-01-16 14:41:46,461 [Listener at 127.0.0.1/36907] INFO  server.session (DefaultSessionIdManager.java:doStart(339)) - No SessionScavenger set, using defaults
2023-01-16 14:41:46,461 [Listener at 127.0.0.1/36907] INFO  server.session (HouseKeeper.java:startScavenging(132)) - node0 Scavenging every 600000ms
2023-01-16 14:41:46,462 [Listener at 127.0.0.1/36907] INFO  handler.ContextHandler (ContextHandler.java:doStart(921)) - Started o.e.j.s.ServletContextHandler@4ec23ac{logs,/logs,file:///home/runner/work/ozone/ozone/hadoop-ozone/integration-test/target/log,AVAILABLE}
2023-01-16 14:41:46,462 [Listener at 127.0.0.1/36907] INFO  handler.ContextHandler (ContextHandler.java:doStart(921)) - Started o.e.j.s.ServletContextHandler@178a0b1{static,/static,jar:file:/home/runner/.m2/repository/org/apache/ozone/hdds-container-service/1.4.0-SNAPSHOT/hdds-container-service-1.4.0-SNAPSHOT.jar!/webapps/static,AVAILABLE}
2023-01-16 14:41:46,630 [Listener at 127.0.0.1/36907] INFO  handler.ContextHandler (ContextHandler.java:doStart(921)) - Started o.e.j.w.WebAppContext@2b9f0fee{hddsDatanode,/,file:///tmp/jetty-0_0_0_0-43405-hdds-container-service-1_4_0-SNAPSHOT_jar-_-any-5973487481878317891/webapp/,AVAILABLE}{jar:file:/home/runner/.m2/repository/org/apache/ozone/hdds-container-service/1.4.0-SNAPSHOT/hdds-container-service-1.4.0-SNAPSHOT.jar!/webapps/hddsDatanode}
2023-01-16 14:41:46,632 [Listener at 127.0.0.1/36907] INFO  server.AbstractConnector (AbstractConnector.java:doStart(333)) - Started ServerConnector@6206f12d{HTTP/1.1, (http/1.1)}{0.0.0.0:43405}
2023-01-16 14:41:46,632 [Listener at 127.0.0.1/36907] INFO  server.Server (Server.java:doStart(415)) - Started @9585ms
2023-01-16 14:41:46,632 [Listener at 127.0.0.1/36907] WARN  impl.MetricsSystemImpl (MetricsSystemImpl.java:register(279)) - Sink prometheus already exists!
2023-01-16 14:41:46,633 [Listener at 127.0.0.1/36907] INFO  http.BaseHttpServer (BaseHttpServer.java:updateConnectorAddress(333)) - HTTP server of hddsDatanode listening at http://0.0.0.0:43405
2023-01-16 14:41:46,636 [Listener at 127.0.0.1/36907] WARN  impl.MetricRegistriesImpl (MetricRegistriesImpl.java:addReporterRegistration(111)) - New reporters are added after registries were created. Some metrics will be missing from the reporter. Please add reporter before adding any new registry.
2023-01-16 14:41:46,636 [Listener at 127.0.0.1/36907] WARN  impl.MetricRegistriesImpl (MetricRegistriesImpl.java:addReporterRegistration(111)) - New reporters are added after registries were created. Some metrics will be missing from the reporter. Please add reporter before adding any new registry.
2023-01-16 14:41:46,636 [Listener at 127.0.0.1/36907] INFO  impl.MetricsSystemImpl (MetricsSystemImpl.java:init(158)) - HddsDatanode metrics system started (again)
2023-01-16 14:41:46,639 [Datanode State Machine Daemon Thread] INFO  statemachine.DatanodeStateMachine (DatanodeStateMachine.java:lambda$startDaemon$0(508)) - Ozone container server started.
2023-01-16 14:41:46,649 [org.apache.hadoop.util.JvmPauseMonitor$Monitor@173a02d1] INFO  util.JvmPauseMonitor (JvmPauseMonitor.java:run(188)) - Starting JVM pause monitor
2023-01-16 14:41:46,657 [Listener at 127.0.0.1/36907] INFO  ozone.HddsDatanodeService (HddsDatanodeService.java:start(228)) - HddsDatanodeService host:fv-az203-757.ild0l4k5vsluppoevu2oqvhmda.cx.internal.cloudapp.net ip:10.1.1.103
2023-01-16 14:41:46,652 [Datanode State Machine Task Thread - 0] INFO  datanode.InitDatanodeState (InitDatanodeState.java:persistContainerDatanodeDetails(138)) - DatanodeDetails is persisted to /home/runner/work/ozone/ozone/hadoop-ozone/integration-test/target/test-dir/MiniOzoneClusterImpl-bcd49b6a-245a-4637-b4c9-d6b301a8fda7/datanode-2/meta/datanode.id
2023-01-16 14:41:46,683 [Listener at 127.0.0.1/36907] INFO  upgrade.AbstractLayoutVersionManager (AbstractLayoutVersionManager.java:init(83)) - Initializing Layout version manager with metadata layout = DATANODE_SCHEMA_V3 (version = 4), software layout = DATANODE_SCHEMA_V3 (version = 4)
2023-01-16 14:41:46,742 [Listener at 127.0.0.1/36907] INFO  reflections.Reflections (Reflections.java:scan(232)) - Reflections took 56 ms to scan 7 urls, producing 146 keys and 350 values 
2023-01-16 14:41:46,746 [Listener at 127.0.0.1/36907] INFO  statemachine.DatanodeStateMachine (DatanodeStateMachine.java:getEndPointTaskThreadPoolSize(248)) - Datanode State Machine Task Thread Pool size 2
2023-01-16 14:41:46,754 [Listener at 127.0.0.1/36907] INFO  volume.HddsVolume (HddsVolume.java:<init>(117)) - Creating HddsVolume: /home/runner/work/ozone/ozone/hadoop-ozone/integration-test/target/test-dir/MiniOzoneClusterImpl-bcd49b6a-245a-4637-b4c9-d6b301a8fda7/datanode-3/data-0/containers/hdds of storage type : DISK capacity : 9223372036854775807
2023-01-16 14:41:46,755 [Listener at 127.0.0.1/36907] INFO  volume.MutableVolumeSet (MutableVolumeSet.java:initializeVolumeSet(174)) - Added Volume : /home/runner/work/ozone/ozone/hadoop-ozone/integration-test/target/test-dir/MiniOzoneClusterImpl-bcd49b6a-245a-4637-b4c9-d6b301a8fda7/datanode-3/data-0/containers/hdds to VolumeSet
2023-01-16 14:41:46,755 [Listener at 127.0.0.1/36907] INFO  volume.ThrottledAsyncChecker (ThrottledAsyncChecker.java:schedule(141)) - Scheduling a check for /home/runner/work/ozone/ozone/hadoop-ozone/integration-test/target/test-dir/MiniOzoneClusterImpl-bcd49b6a-245a-4637-b4c9-d6b301a8fda7/datanode-3/data-0/containers/hdds
2023-01-16 14:41:46,757 [Listener at 127.0.0.1/36907] INFO  volume.StorageVolumeChecker (StorageVolumeChecker.java:checkAllVolumes(202)) - Scheduled health check for volume /home/runner/work/ozone/ozone/hadoop-ozone/integration-test/target/test-dir/MiniOzoneClusterImpl-bcd49b6a-245a-4637-b4c9-d6b301a8fda7/datanode-3/data-0/containers/hdds
2023-01-16 14:41:46,770 [Listener at 127.0.0.1/36907] INFO  volume.MutableVolumeSet (MutableVolumeSet.java:initializeVolumeSet(174)) - Added Volume : /home/runner/work/ozone/ozone/hadoop-ozone/integration-test/target/test-dir/MiniOzoneClusterImpl-bcd49b6a-245a-4637-b4c9-d6b301a8fda7/datanode-3/data/ratis to VolumeSet
2023-01-16 14:41:46,770 [Listener at 127.0.0.1/36907] INFO  volume.ThrottledAsyncChecker (ThrottledAsyncChecker.java:schedule(141)) - Scheduling a check for /home/runner/work/ozone/ozone/hadoop-ozone/integration-test/target/test-dir/MiniOzoneClusterImpl-bcd49b6a-245a-4637-b4c9-d6b301a8fda7/datanode-3/data/ratis
2023-01-16 14:41:46,771 [Listener at 127.0.0.1/36907] INFO  volume.StorageVolumeChecker (StorageVolumeChecker.java:checkAllVolumes(202)) - Scheduled health check for volume /home/runner/work/ozone/ozone/hadoop-ozone/integration-test/target/test-dir/MiniOzoneClusterImpl-bcd49b6a-245a-4637-b4c9-d6b301a8fda7/datanode-3/data/ratis
2023-01-16 14:41:46,785 [Thread-180] INFO  ozoneimpl.ContainerReader (ContainerReader.java:readVolume(175)) - Finish verifying containers on volume /home/runner/work/ozone/ozone/hadoop-ozone/integration-test/target/test-dir/MiniOzoneClusterImpl-bcd49b6a-245a-4637-b4c9-d6b301a8fda7/datanode-3/data-0/containers/hdds
2023-01-16 14:41:46,785 [Listener at 127.0.0.1/36907] INFO  ozoneimpl.OzoneContainer (OzoneContainer.java:buildContainerSet(301)) - Build ContainerSet costs 0s
2023-01-16 14:41:46,790 [Listener at 127.0.0.1/36907] INFO  server.RaftServer (ConfUtils.java:logGet(46)) - raft.rpc.type = GRPC (default)
2023-01-16 14:41:46,790 [Listener at 127.0.0.1/36907] INFO  grpc.GrpcConfigKeys (ConfUtils.java:logFallback(53)) - raft.grpc.admin.host = null (fallback to raft.grpc.server.host)
2023-01-16 14:41:46,790 [Listener at 127.0.0.1/36907] INFO  grpc.GrpcConfigKeys (ConfUtils.java:logGet(46)) - raft.grpc.admin.port = 0 (custom)
2023-01-16 14:41:46,790 [Listener at 127.0.0.1/36907] INFO  grpc.GrpcConfigKeys (ConfUtils.java:logFallback(53)) - raft.grpc.client.host = null (fallback to raft.grpc.server.host)
2023-01-16 14:41:46,791 [Listener at 127.0.0.1/36907] INFO  grpc.GrpcConfigKeys (ConfUtils.java:logGet(46)) - raft.grpc.client.port = 0 (custom)
2023-01-16 14:41:46,792 [Listener at 127.0.0.1/36907] INFO  grpc.GrpcConfigKeys (ConfUtils.java:logGet(46)) - raft.grpc.server.host = null (default)
2023-01-16 14:41:46,792 [Listener at 127.0.0.1/36907] INFO  grpc.GrpcConfigKeys (ConfUtils.java:logGet(46)) - raft.grpc.server.port = 0 (default)
2023-01-16 14:41:46,792 [Listener at 127.0.0.1/36907] INFO  server.GrpcService (ConfUtils.java:logGet(46)) - raft.grpc.message.size.max = 32MB (=33554432) (custom)
2023-01-16 14:41:46,793 [Listener at 127.0.0.1/36907] INFO  server.RaftServerConfigKeys (ConfUtils.java:logGet(46)) - raft.server.log.appender.buffer.byte-limit = 33554432 (custom)
2023-01-16 14:41:46,793 [Listener at 127.0.0.1/36907] INFO  server.GrpcService (ConfUtils.java:logGet(46)) - raft.grpc.flow.control.window = 5MB (=5242880) (custom)
2023-01-16 14:41:46,793 [Listener at 127.0.0.1/36907] INFO  server.RaftServerConfigKeys (ConfUtils.java:logGet(46)) - raft.server.rpc.request.timeout = 60s (custom)
2023-01-16 14:41:46,793 [Listener at 127.0.0.1/36907] INFO  grpc.GrpcConfigKeys (ConfUtils.java:logGet(46)) - raft.grpc.server.heartbeat.channel = true (default)
2023-01-16 14:41:46,793 [Listener at 127.0.0.1/36907] INFO  grpc.GrpcConfigKeys (ConfUtils.java:logGet(46)) - raft.grpc.server.async.request.thread.pool.cached = true (default)
2023-01-16 14:41:46,793 [Listener at 127.0.0.1/36907] INFO  grpc.GrpcConfigKeys (ConfUtils.java:logGet(46)) - raft.grpc.server.async.request.thread.pool.size = 32 (default)
2023-01-16 14:41:46,795 [Listener at 127.0.0.1/36907] INFO  impl.DataStreamServerImpl (ConfUtils.java:logGet(46)) - raft.datastream.type = NETTY (custom)
2023-01-16 14:41:46,795 [Listener at 127.0.0.1/36907] INFO  server.RaftServerConfigKeys (ConfUtils.java:logGet(46)) - raft.server.data-stream.async.request.thread.pool.cached = false (default)
2023-01-16 14:41:46,796 [Listener at 127.0.0.1/36907] INFO  server.RaftServerConfigKeys (ConfUtils.java:logGet(46)) - raft.server.data-stream.async.request.thread.pool.size = 20 (custom)
2023-01-16 14:41:46,796 [Listener at 127.0.0.1/36907] INFO  server.RaftServerConfigKeys (ConfUtils.java:logGet(46)) - raft.server.data-stream.async.write.thread.pool.size = 16 (default)
2023-01-16 14:41:46,797 [Listener at 127.0.0.1/36907] INFO  server.RaftServerConfigKeys (ConfUtils.java:logGet(46)) - raft.server.data-stream.client.pool.size = 10 (default)
2023-01-16 14:41:46,797 [Listener at 127.0.0.1/36907] INFO  netty.NettyConfigKeys$DataStream (ConfUtils.java:logGet(46)) - raft.netty.dataStream.server.use-epoll = false (default)
2023-01-16 14:41:46,797 [Listener at 127.0.0.1/36907] INFO  netty.NettyConfigKeys$DataStream (ConfUtils.java:logGet(46)) - raft.netty.dataStream.server.boss-group.size = 0 (default)
2023-01-16 14:41:46,797 [Listener at 127.0.0.1/36907] INFO  netty.NettyConfigKeys$DataStream (ConfUtils.java:logGet(46)) - raft.netty.dataStream.server.worker-group.size = 0 (default)
2023-01-16 14:41:46,798 [Listener at 127.0.0.1/36907] INFO  netty.NettyConfigKeys$DataStream (ConfUtils.java:logGet(46)) - raft.netty.dataStream.server.tls.conf = null (default)
2023-01-16 14:41:46,798 [Listener at 127.0.0.1/36907] INFO  netty.NettyConfigKeys$DataStream (ConfUtils.java:logGet(46)) - raft.netty.dataStream.host = null (default)
2023-01-16 14:41:46,798 [Listener at 127.0.0.1/36907] INFO  netty.NettyConfigKeys$DataStream (ConfUtils.java:logGet(46)) - raft.netty.dataStream.port = 0 (default)
2023-01-16 14:41:46,799 [Listener at 127.0.0.1/36907] INFO  server.RaftServerConfigKeys (ConfUtils.java:logGet(46)) - raft.server.threadpool.proxy.cached = true (default)
2023-01-16 14:41:46,799 [Listener at 127.0.0.1/36907] INFO  server.RaftServerConfigKeys (ConfUtils.java:logGet(46)) - raft.server.threadpool.proxy.size = 0 (default)
2023-01-16 14:41:46,799 [Listener at 127.0.0.1/36907] INFO  server.RaftServerConfigKeys (ConfUtils.java:logGet(46)) - raft.server.rpc.slowness.timeout = 300s (custom)
2023-01-16 14:41:46,799 [Listener at 127.0.0.1/36907] INFO  server.RaftServerConfigKeys (ConfUtils.java:logGet(46)) - raft.server.leaderelection.leader.step-down.wait-time = 10s (default)
2023-01-16 14:41:46,799 [Listener at 127.0.0.1/36907] INFO  server.RaftServerConfigKeys (ConfUtils.java:logGet(46)) - raft.server.storage.dir = [/home/runner/work/ozone/ozone/hadoop-ozone/integration-test/target/test-dir/MiniOzoneClusterImpl-bcd49b6a-245a-4637-b4c9-d6b301a8fda7/datanode-3/data/ratis] (custom)
2023-01-16 14:41:46,801 [a1145108-ddcc-4325-a3dc-9d25daa38a10-NettyServerStreamRpc-bossGroup--thread1] INFO  logging.LoggingHandler (AbstractInternalLogger.java:log(148)) - [id: 0x3181f040] REGISTERED
2023-01-16 14:41:46,801 [a1145108-ddcc-4325-a3dc-9d25daa38a10-NettyServerStreamRpc-bossGroup--thread1] INFO  logging.LoggingHandler (AbstractInternalLogger.java:log(148)) - [id: 0x3181f040] BIND: 0.0.0.0/0.0.0.0:0
2023-01-16 14:41:46,801 [a1145108-ddcc-4325-a3dc-9d25daa38a10-NettyServerStreamRpc-bossGroup--thread1] INFO  logging.LoggingHandler (AbstractInternalLogger.java:log(148)) - [id: 0x3181f040, L:/0:0:0:0:0:0:0:0:39815] ACTIVE
2023-01-16 14:41:46,803 [Listener at 127.0.0.1/36907] INFO  server.XceiverServerGrpc (XceiverServerGrpc.java:<init>(132)) - GrpcServer channel type EpollServerSocketChannel
2023-01-16 14:41:46,811 [Listener at 127.0.0.1/36907] INFO  http.BaseHttpServer (BaseHttpServer.java:newHttpServer2BuilderForOzone(213)) - Starting Web-server for hddsDatanode at: http://0.0.0.0:0
2023-01-16 14:41:46,811 [Listener at 127.0.0.1/36907] INFO  http.BaseHttpServer (BaseHttpServer.java:<init>(108)) - Hadoop Security Enabled: false Ozone Security Enabled: false Ozone HTTP Security Enabled: false 
2023-01-16 14:41:46,812 [Listener at 127.0.0.1/36907] WARN  server.AuthenticationFilter (AuthenticationFilter.java:constructSecretProvider(240)) - Unable to initialize FileSignerSecretProvider, falling back to use random secrets. Reason: Could not read signature secret file: /home/runner/hadoop-http-auth-signature-secret
2023-01-16 14:41:46,816 [Listener at 127.0.0.1/36907] WARN  http.HttpRequestLog (HttpRequestLog.java:getRequestLog(103)) - Jetty request log can only be enabled using Log4j
2023-01-16 14:41:46,817 [Listener at 127.0.0.1/36907] INFO  http.HttpServer2 (HttpServer2.java:addGlobalFilter(1031)) - Added global filter 'safety' (class=org.apache.hadoop.hdds.server.http.HttpServer2$QuotingInputFilter)
2023-01-16 14:41:46,819 [Listener at 127.0.0.1/36907] INFO  http.HttpServer2 (HttpServer2.java:addFilter(1007)) - Added filter static_user_filter (class=org.apache.hadoop.http.lib.StaticUserWebFilter$StaticUserFilter) to context hddsDatanode
2023-01-16 14:41:46,819 [Listener at 127.0.0.1/36907] INFO  http.HttpServer2 (HttpServer2.java:addFilter(1015)) - Added filter static_user_filter (class=org.apache.hadoop.http.lib.StaticUserWebFilter$StaticUserFilter) to context logs
2023-01-16 14:41:46,819 [Listener at 127.0.0.1/36907] INFO  http.HttpServer2 (HttpServer2.java:addFilter(1015)) - Added filter static_user_filter (class=org.apache.hadoop.http.lib.StaticUserWebFilter$StaticUserFilter) to context static
2023-01-16 14:41:46,820 [Listener at 127.0.0.1/36907] INFO  http.HttpServer2 (HttpServer2.java:bindListener(1250)) - Jetty bound to port 35535
2023-01-16 14:41:46,821 [Listener at 127.0.0.1/36907] INFO  server.Server (Server.java:doStart(375)) - jetty-9.4.49.v20220914; built: 2022-09-14T01:07:36.601Z; git: 4231a3b2e4cb8548a412a789936d640a97b1aa0a; jvm 1.8.0_352-b08
2023-01-16 14:41:46,823 [Listener at 127.0.0.1/36907] INFO  server.session (DefaultSessionIdManager.java:doStart(334)) - DefaultSessionIdManager workerName=node0
2023-01-16 14:41:46,823 [Listener at 127.0.0.1/36907] INFO  server.session (DefaultSessionIdManager.java:doStart(339)) - No SessionScavenger set, using defaults
2023-01-16 14:41:46,823 [Listener at 127.0.0.1/36907] INFO  server.session (HouseKeeper.java:startScavenging(132)) - node0 Scavenging every 600000ms
2023-01-16 14:41:46,824 [Listener at 127.0.0.1/36907] INFO  handler.ContextHandler (ContextHandler.java:doStart(921)) - Started o.e.j.s.ServletContextHandler@44579647{logs,/logs,file:///home/runner/work/ozone/ozone/hadoop-ozone/integration-test/target/log,AVAILABLE}
2023-01-16 14:41:46,825 [Listener at 127.0.0.1/36907] INFO  handler.ContextHandler (ContextHandler.java:doStart(921)) - Started o.e.j.s.ServletContextHandler@599739be{static,/static,jar:file:/home/runner/.m2/repository/org/apache/ozone/hdds-container-service/1.4.0-SNAPSHOT/hdds-container-service-1.4.0-SNAPSHOT.jar!/webapps/static,AVAILABLE}
2023-01-16 14:41:47,000 [Listener at 127.0.0.1/36907] INFO  handler.ContextHandler (ContextHandler.java:doStart(921)) - Started o.e.j.w.WebAppContext@2af16755{hddsDatanode,/,file:///tmp/jetty-0_0_0_0-35535-hdds-container-service-1_4_0-SNAPSHOT_jar-_-any-8380413580447728526/webapp/,AVAILABLE}{jar:file:/home/runner/.m2/repository/org/apache/ozone/hdds-container-service/1.4.0-SNAPSHOT/hdds-container-service-1.4.0-SNAPSHOT.jar!/webapps/hddsDatanode}
2023-01-16 14:41:47,002 [Listener at 127.0.0.1/36907] INFO  server.AbstractConnector (AbstractConnector.java:doStart(333)) - Started ServerConnector@68be0478{HTTP/1.1, (http/1.1)}{0.0.0.0:35535}
2023-01-16 14:41:47,002 [Listener at 127.0.0.1/36907] INFO  server.Server (Server.java:doStart(415)) - Started @9956ms
2023-01-16 14:41:47,002 [Listener at 127.0.0.1/36907] WARN  impl.MetricsSystemImpl (MetricsSystemImpl.java:register(279)) - Sink prometheus already exists!
2023-01-16 14:41:47,003 [Listener at 127.0.0.1/36907] INFO  http.BaseHttpServer (BaseHttpServer.java:updateConnectorAddress(333)) - HTTP server of hddsDatanode listening at http://0.0.0.0:35535
2023-01-16 14:41:47,004 [Listener at 127.0.0.1/36907] WARN  impl.MetricRegistriesImpl (MetricRegistriesImpl.java:addReporterRegistration(111)) - New reporters are added after registries were created. Some metrics will be missing from the reporter. Please add reporter before adding any new registry.
2023-01-16 14:41:47,004 [Listener at 127.0.0.1/36907] WARN  impl.MetricRegistriesImpl (MetricRegistriesImpl.java:addReporterRegistration(111)) - New reporters are added after registries were created. Some metrics will be missing from the reporter. Please add reporter before adding any new registry.
2023-01-16 14:41:47,004 [Listener at 127.0.0.1/36907] INFO  impl.MetricsSystemImpl (MetricsSystemImpl.java:init(158)) - HddsDatanode metrics system started (again)
2023-01-16 14:41:47,011 [Datanode State Machine Daemon Thread] INFO  statemachine.DatanodeStateMachine (DatanodeStateMachine.java:lambda$startDaemon$0(508)) - Ozone container server started.
2023-01-16 14:41:47,020 [Listener at 127.0.0.1/36907] INFO  ozone.HddsDatanodeService (HddsDatanodeService.java:start(228)) - HddsDatanodeService host:fv-az203-757.ild0l4k5vsluppoevu2oqvhmda.cx.internal.cloudapp.net ip:10.1.1.103
2023-01-16 14:41:47,026 [org.apache.hadoop.util.JvmPauseMonitor$Monitor@7a69aa0a] INFO  util.JvmPauseMonitor (JvmPauseMonitor.java:run(188)) - Starting JVM pause monitor
2023-01-16 14:41:47,029 [Datanode State Machine Task Thread - 0] INFO  datanode.InitDatanodeState (InitDatanodeState.java:persistContainerDatanodeDetails(138)) - DatanodeDetails is persisted to /home/runner/work/ozone/ozone/hadoop-ozone/integration-test/target/test-dir/MiniOzoneClusterImpl-bcd49b6a-245a-4637-b4c9-d6b301a8fda7/datanode-3/meta/datanode.id
2023-01-16 14:41:47,045 [Listener at 127.0.0.1/36907] INFO  upgrade.AbstractLayoutVersionManager (AbstractLayoutVersionManager.java:init(83)) - Initializing Layout version manager with metadata layout = DATANODE_SCHEMA_V3 (version = 4), software layout = DATANODE_SCHEMA_V3 (version = 4)
2023-01-16 14:41:47,093 [Listener at 127.0.0.1/36907] INFO  reflections.Reflections (Reflections.java:scan(232)) - Reflections took 46 ms to scan 7 urls, producing 146 keys and 350 values 
2023-01-16 14:41:47,095 [Listener at 127.0.0.1/36907] INFO  statemachine.DatanodeStateMachine (DatanodeStateMachine.java:getEndPointTaskThreadPoolSize(248)) - Datanode State Machine Task Thread Pool size 2
2023-01-16 14:41:47,101 [Listener at 127.0.0.1/36907] INFO  volume.HddsVolume (HddsVolume.java:<init>(117)) - Creating HddsVolume: /home/runner/work/ozone/ozone/hadoop-ozone/integration-test/target/test-dir/MiniOzoneClusterImpl-bcd49b6a-245a-4637-b4c9-d6b301a8fda7/datanode-4/data-0/containers/hdds of storage type : DISK capacity : 9223372036854775807
2023-01-16 14:41:47,101 [Listener at 127.0.0.1/36907] INFO  volume.MutableVolumeSet (MutableVolumeSet.java:initializeVolumeSet(174)) - Added Volume : /home/runner/work/ozone/ozone/hadoop-ozone/integration-test/target/test-dir/MiniOzoneClusterImpl-bcd49b6a-245a-4637-b4c9-d6b301a8fda7/datanode-4/data-0/containers/hdds to VolumeSet
2023-01-16 14:41:47,101 [Listener at 127.0.0.1/36907] INFO  volume.ThrottledAsyncChecker (ThrottledAsyncChecker.java:schedule(141)) - Scheduling a check for /home/runner/work/ozone/ozone/hadoop-ozone/integration-test/target/test-dir/MiniOzoneClusterImpl-bcd49b6a-245a-4637-b4c9-d6b301a8fda7/datanode-4/data-0/containers/hdds
2023-01-16 14:41:47,105 [Listener at 127.0.0.1/36907] INFO  volume.StorageVolumeChecker (StorageVolumeChecker.java:checkAllVolumes(202)) - Scheduled health check for volume /home/runner/work/ozone/ozone/hadoop-ozone/integration-test/target/test-dir/MiniOzoneClusterImpl-bcd49b6a-245a-4637-b4c9-d6b301a8fda7/datanode-4/data-0/containers/hdds
2023-01-16 14:41:47,117 [Listener at 127.0.0.1/36907] INFO  volume.MutableVolumeSet (MutableVolumeSet.java:initializeVolumeSet(174)) - Added Volume : /home/runner/work/ozone/ozone/hadoop-ozone/integration-test/target/test-dir/MiniOzoneClusterImpl-bcd49b6a-245a-4637-b4c9-d6b301a8fda7/datanode-4/data/ratis to VolumeSet
2023-01-16 14:41:47,117 [Listener at 127.0.0.1/36907] INFO  volume.ThrottledAsyncChecker (ThrottledAsyncChecker.java:schedule(141)) - Scheduling a check for /home/runner/work/ozone/ozone/hadoop-ozone/integration-test/target/test-dir/MiniOzoneClusterImpl-bcd49b6a-245a-4637-b4c9-d6b301a8fda7/datanode-4/data/ratis
2023-01-16 14:41:47,118 [Listener at 127.0.0.1/36907] INFO  volume.StorageVolumeChecker (StorageVolumeChecker.java:checkAllVolumes(202)) - Scheduled health check for volume /home/runner/work/ozone/ozone/hadoop-ozone/integration-test/target/test-dir/MiniOzoneClusterImpl-bcd49b6a-245a-4637-b4c9-d6b301a8fda7/datanode-4/data/ratis
2023-01-16 14:41:47,129 [Thread-194] INFO  ozoneimpl.ContainerReader (ContainerReader.java:readVolume(175)) - Finish verifying containers on volume /home/runner/work/ozone/ozone/hadoop-ozone/integration-test/target/test-dir/MiniOzoneClusterImpl-bcd49b6a-245a-4637-b4c9-d6b301a8fda7/datanode-4/data-0/containers/hdds
2023-01-16 14:41:47,130 [Listener at 127.0.0.1/36907] INFO  ozoneimpl.OzoneContainer (OzoneContainer.java:buildContainerSet(301)) - Build ContainerSet costs 0s
2023-01-16 14:41:47,133 [Listener at 127.0.0.1/36907] INFO  server.RaftServer (ConfUtils.java:logGet(46)) - raft.rpc.type = GRPC (default)
2023-01-16 14:41:47,133 [Listener at 127.0.0.1/36907] INFO  grpc.GrpcConfigKeys (ConfUtils.java:logFallback(53)) - raft.grpc.admin.host = null (fallback to raft.grpc.server.host)
2023-01-16 14:41:47,133 [Listener at 127.0.0.1/36907] INFO  grpc.GrpcConfigKeys (ConfUtils.java:logGet(46)) - raft.grpc.admin.port = 0 (custom)
2023-01-16 14:41:47,133 [Listener at 127.0.0.1/36907] INFO  grpc.GrpcConfigKeys (ConfUtils.java:logFallback(53)) - raft.grpc.client.host = null (fallback to raft.grpc.server.host)
2023-01-16 14:41:47,133 [Listener at 127.0.0.1/36907] INFO  grpc.GrpcConfigKeys (ConfUtils.java:logGet(46)) - raft.grpc.client.port = 0 (custom)
2023-01-16 14:41:47,133 [Listener at 127.0.0.1/36907] INFO  grpc.GrpcConfigKeys (ConfUtils.java:logGet(46)) - raft.grpc.server.host = null (default)
2023-01-16 14:41:47,134 [Listener at 127.0.0.1/36907] INFO  grpc.GrpcConfigKeys (ConfUtils.java:logGet(46)) - raft.grpc.server.port = 0 (default)
2023-01-16 14:41:47,134 [Listener at 127.0.0.1/36907] INFO  server.GrpcService (ConfUtils.java:logGet(46)) - raft.grpc.message.size.max = 32MB (=33554432) (custom)
2023-01-16 14:41:47,134 [Listener at 127.0.0.1/36907] INFO  server.RaftServerConfigKeys (ConfUtils.java:logGet(46)) - raft.server.log.appender.buffer.byte-limit = 33554432 (custom)
2023-01-16 14:41:47,134 [Listener at 127.0.0.1/36907] INFO  server.GrpcService (ConfUtils.java:logGet(46)) - raft.grpc.flow.control.window = 5MB (=5242880) (custom)
2023-01-16 14:41:47,134 [Listener at 127.0.0.1/36907] INFO  server.RaftServerConfigKeys (ConfUtils.java:logGet(46)) - raft.server.rpc.request.timeout = 60s (custom)
2023-01-16 14:41:47,134 [Listener at 127.0.0.1/36907] INFO  grpc.GrpcConfigKeys (ConfUtils.java:logGet(46)) - raft.grpc.server.heartbeat.channel = true (default)
2023-01-16 14:41:47,134 [Listener at 127.0.0.1/36907] INFO  grpc.GrpcConfigKeys (ConfUtils.java:logGet(46)) - raft.grpc.server.async.request.thread.pool.cached = true (default)
2023-01-16 14:41:47,135 [Listener at 127.0.0.1/36907] INFO  grpc.GrpcConfigKeys (ConfUtils.java:logGet(46)) - raft.grpc.server.async.request.thread.pool.size = 32 (default)
2023-01-16 14:41:47,136 [Listener at 127.0.0.1/36907] INFO  impl.DataStreamServerImpl (ConfUtils.java:logGet(46)) - raft.datastream.type = NETTY (custom)
2023-01-16 14:41:47,136 [Listener at 127.0.0.1/36907] INFO  server.RaftServerConfigKeys (ConfUtils.java:logGet(46)) - raft.server.data-stream.async.request.thread.pool.cached = false (default)
2023-01-16 14:41:47,136 [Listener at 127.0.0.1/36907] INFO  server.RaftServerConfigKeys (ConfUtils.java:logGet(46)) - raft.server.data-stream.async.request.thread.pool.size = 20 (custom)
2023-01-16 14:41:47,137 [Listener at 127.0.0.1/36907] INFO  server.RaftServerConfigKeys (ConfUtils.java:logGet(46)) - raft.server.data-stream.async.write.thread.pool.size = 16 (default)
2023-01-16 14:41:47,137 [Listener at 127.0.0.1/36907] INFO  server.RaftServerConfigKeys (ConfUtils.java:logGet(46)) - raft.server.data-stream.client.pool.size = 10 (default)
2023-01-16 14:41:47,137 [Listener at 127.0.0.1/36907] INFO  netty.NettyConfigKeys$DataStream (ConfUtils.java:logGet(46)) - raft.netty.dataStream.server.use-epoll = false (default)
2023-01-16 14:41:47,137 [Listener at 127.0.0.1/36907] INFO  netty.NettyConfigKeys$DataStream (ConfUtils.java:logGet(46)) - raft.netty.dataStream.server.boss-group.size = 0 (default)
2023-01-16 14:41:47,137 [Listener at 127.0.0.1/36907] INFO  netty.NettyConfigKeys$DataStream (ConfUtils.java:logGet(46)) - raft.netty.dataStream.server.worker-group.size = 0 (default)
2023-01-16 14:41:47,138 [Listener at 127.0.0.1/36907] INFO  netty.NettyConfigKeys$DataStream (ConfUtils.java:logGet(46)) - raft.netty.dataStream.server.tls.conf = null (default)
2023-01-16 14:41:47,138 [Listener at 127.0.0.1/36907] INFO  netty.NettyConfigKeys$DataStream (ConfUtils.java:logGet(46)) - raft.netty.dataStream.host = null (default)
2023-01-16 14:41:47,138 [Listener at 127.0.0.1/36907] INFO  netty.NettyConfigKeys$DataStream (ConfUtils.java:logGet(46)) - raft.netty.dataStream.port = 0 (default)
2023-01-16 14:41:47,139 [Listener at 127.0.0.1/36907] INFO  server.RaftServerConfigKeys (ConfUtils.java:logGet(46)) - raft.server.threadpool.proxy.cached = true (default)
2023-01-16 14:41:47,139 [Listener at 127.0.0.1/36907] INFO  server.RaftServerConfigKeys (ConfUtils.java:logGet(46)) - raft.server.threadpool.proxy.size = 0 (default)
2023-01-16 14:41:47,139 [Listener at 127.0.0.1/36907] INFO  server.RaftServerConfigKeys (ConfUtils.java:logGet(46)) - raft.server.rpc.slowness.timeout = 300s (custom)
2023-01-16 14:41:47,139 [Listener at 127.0.0.1/36907] INFO  server.RaftServerConfigKeys (ConfUtils.java:logGet(46)) - raft.server.leaderelection.leader.step-down.wait-time = 10s (default)
2023-01-16 14:41:47,139 [Listener at 127.0.0.1/36907] INFO  server.RaftServerConfigKeys (ConfUtils.java:logGet(46)) - raft.server.storage.dir = [/home/runner/work/ozone/ozone/hadoop-ozone/integration-test/target/test-dir/MiniOzoneClusterImpl-bcd49b6a-245a-4637-b4c9-d6b301a8fda7/datanode-4/data/ratis] (custom)
2023-01-16 14:41:47,145 [546a26c7-7703-4678-9acf-4f791a68dfff-NettyServerStreamRpc-bossGroup--thread1] INFO  logging.LoggingHandler (AbstractInternalLogger.java:log(148)) - [id: 0x2ede7785] REGISTERED
2023-01-16 14:41:47,145 [546a26c7-7703-4678-9acf-4f791a68dfff-NettyServerStreamRpc-bossGroup--thread1] INFO  logging.LoggingHandler (AbstractInternalLogger.java:log(148)) - [id: 0x2ede7785] BIND: 0.0.0.0/0.0.0.0:0
2023-01-16 14:41:47,145 [546a26c7-7703-4678-9acf-4f791a68dfff-NettyServerStreamRpc-bossGroup--thread1] INFO  logging.LoggingHandler (AbstractInternalLogger.java:log(148)) - [id: 0x2ede7785, L:/0:0:0:0:0:0:0:0:40475] ACTIVE
2023-01-16 14:41:47,148 [Listener at 127.0.0.1/36907] INFO  server.XceiverServerGrpc (XceiverServerGrpc.java:<init>(132)) - GrpcServer channel type EpollServerSocketChannel
2023-01-16 14:41:47,151 [Listener at 127.0.0.1/36907] INFO  http.BaseHttpServer (BaseHttpServer.java:newHttpServer2BuilderForOzone(213)) - Starting Web-server for hddsDatanode at: http://0.0.0.0:0
2023-01-16 14:41:47,151 [Listener at 127.0.0.1/36907] INFO  http.BaseHttpServer (BaseHttpServer.java:<init>(108)) - Hadoop Security Enabled: false Ozone Security Enabled: false Ozone HTTP Security Enabled: false 
2023-01-16 14:41:47,153 [Listener at 127.0.0.1/36907] WARN  server.AuthenticationFilter (AuthenticationFilter.java:constructSecretProvider(240)) - Unable to initialize FileSignerSecretProvider, falling back to use random secrets. Reason: Could not read signature secret file: /home/runner/hadoop-http-auth-signature-secret
2023-01-16 14:41:47,156 [Listener at 127.0.0.1/36907] WARN  http.HttpRequestLog (HttpRequestLog.java:getRequestLog(103)) - Jetty request log can only be enabled using Log4j
2023-01-16 14:41:47,157 [Listener at 127.0.0.1/36907] INFO  http.HttpServer2 (HttpServer2.java:addGlobalFilter(1031)) - Added global filter 'safety' (class=org.apache.hadoop.hdds.server.http.HttpServer2$QuotingInputFilter)
2023-01-16 14:41:47,158 [Listener at 127.0.0.1/36907] INFO  http.HttpServer2 (HttpServer2.java:addFilter(1007)) - Added filter static_user_filter (class=org.apache.hadoop.http.lib.StaticUserWebFilter$StaticUserFilter) to context hddsDatanode
2023-01-16 14:41:47,158 [Listener at 127.0.0.1/36907] INFO  http.HttpServer2 (HttpServer2.java:addFilter(1015)) - Added filter static_user_filter (class=org.apache.hadoop.http.lib.StaticUserWebFilter$StaticUserFilter) to context logs
2023-01-16 14:41:47,158 [Listener at 127.0.0.1/36907] INFO  http.HttpServer2 (HttpServer2.java:addFilter(1015)) - Added filter static_user_filter (class=org.apache.hadoop.http.lib.StaticUserWebFilter$StaticUserFilter) to context static
2023-01-16 14:41:47,159 [Listener at 127.0.0.1/36907] INFO  http.HttpServer2 (HttpServer2.java:bindListener(1250)) - Jetty bound to port 38925
2023-01-16 14:41:47,159 [Listener at 127.0.0.1/36907] INFO  server.Server (Server.java:doStart(375)) - jetty-9.4.49.v20220914; built: 2022-09-14T01:07:36.601Z; git: 4231a3b2e4cb8548a412a789936d640a97b1aa0a; jvm 1.8.0_352-b08
2023-01-16 14:41:47,162 [Listener at 127.0.0.1/36907] INFO  server.session (DefaultSessionIdManager.java:doStart(334)) - DefaultSessionIdManager workerName=node0
2023-01-16 14:41:47,163 [Listener at 127.0.0.1/36907] INFO  server.session (DefaultSessionIdManager.java:doStart(339)) - No SessionScavenger set, using defaults
2023-01-16 14:41:47,163 [Listener at 127.0.0.1/36907] INFO  server.session (HouseKeeper.java:startScavenging(132)) - node0 Scavenging every 600000ms
2023-01-16 14:41:47,164 [Listener at 127.0.0.1/36907] INFO  handler.ContextHandler (ContextHandler.java:doStart(921)) - Started o.e.j.s.ServletContextHandler@1706caf5{logs,/logs,file:///home/runner/work/ozone/ozone/hadoop-ozone/integration-test/target/log,AVAILABLE}
2023-01-16 14:41:47,164 [Listener at 127.0.0.1/36907] INFO  handler.ContextHandler (ContextHandler.java:doStart(921)) - Started o.e.j.s.ServletContextHandler@70c36138{static,/static,jar:file:/home/runner/.m2/repository/org/apache/ozone/hdds-container-service/1.4.0-SNAPSHOT/hdds-container-service-1.4.0-SNAPSHOT.jar!/webapps/static,AVAILABLE}
2023-01-16 14:41:47,341 [Listener at 127.0.0.1/36907] INFO  handler.ContextHandler (ContextHandler.java:doStart(921)) - Started o.e.j.w.WebAppContext@7184dfbe{hddsDatanode,/,file:///tmp/jetty-0_0_0_0-38925-hdds-container-service-1_4_0-SNAPSHOT_jar-_-any-8151067172936093690/webapp/,AVAILABLE}{jar:file:/home/runner/.m2/repository/org/apache/ozone/hdds-container-service/1.4.0-SNAPSHOT/hdds-container-service-1.4.0-SNAPSHOT.jar!/webapps/hddsDatanode}
2023-01-16 14:41:47,342 [Listener at 127.0.0.1/36907] INFO  server.AbstractConnector (AbstractConnector.java:doStart(333)) - Started ServerConnector@7f14dc05{HTTP/1.1, (http/1.1)}{0.0.0.0:38925}
2023-01-16 14:41:47,343 [Listener at 127.0.0.1/36907] INFO  server.Server (Server.java:doStart(415)) - Started @10296ms
2023-01-16 14:41:47,343 [Listener at 127.0.0.1/36907] WARN  impl.MetricsSystemImpl (MetricsSystemImpl.java:register(279)) - Sink prometheus already exists!
2023-01-16 14:41:47,344 [Listener at 127.0.0.1/36907] INFO  http.BaseHttpServer (BaseHttpServer.java:updateConnectorAddress(333)) - HTTP server of hddsDatanode listening at http://0.0.0.0:38925
2023-01-16 14:41:47,344 [Datanode State Machine Daemon Thread] INFO  statemachine.DatanodeStateMachine (DatanodeStateMachine.java:lambda$startDaemon$0(508)) - Ozone container server started.
2023-01-16 14:41:47,345 [Listener at 127.0.0.1/36907] WARN  impl.MetricRegistriesImpl (MetricRegistriesImpl.java:addReporterRegistration(111)) - New reporters are added after registries were created. Some metrics will be missing from the reporter. Please add reporter before adding any new registry.
2023-01-16 14:41:47,345 [Listener at 127.0.0.1/36907] WARN  impl.MetricRegistriesImpl (MetricRegistriesImpl.java:addReporterRegistration(111)) - New reporters are added after registries were created. Some metrics will be missing from the reporter. Please add reporter before adding any new registry.
2023-01-16 14:41:47,346 [Listener at 127.0.0.1/36907] INFO  impl.MetricsSystemImpl (MetricsSystemImpl.java:init(158)) - HddsDatanode metrics system started (again)
2023-01-16 14:41:47,363 [Listener at 127.0.0.1/36907] INFO  ozone.HddsDatanodeService (HddsDatanodeService.java:start(228)) - HddsDatanodeService host:fv-az203-757.ild0l4k5vsluppoevu2oqvhmda.cx.internal.cloudapp.net ip:10.1.1.103
2023-01-16 14:41:47,364 [org.apache.hadoop.util.JvmPauseMonitor$Monitor@420f6755] INFO  util.JvmPauseMonitor (JvmPauseMonitor.java:run(188)) - Starting JVM pause monitor
2023-01-16 14:41:47,367 [Datanode State Machine Task Thread - 0] INFO  datanode.InitDatanodeState (InitDatanodeState.java:persistContainerDatanodeDetails(138)) - DatanodeDetails is persisted to /home/runner/work/ozone/ozone/hadoop-ozone/integration-test/target/test-dir/MiniOzoneClusterImpl-bcd49b6a-245a-4637-b4c9-d6b301a8fda7/datanode-4/meta/datanode.id
2023-01-16 14:41:47,383 [Listener at 127.0.0.1/36907] INFO  upgrade.AbstractLayoutVersionManager (AbstractLayoutVersionManager.java:init(83)) - Initializing Layout version manager with metadata layout = DATANODE_SCHEMA_V3 (version = 4), software layout = DATANODE_SCHEMA_V3 (version = 4)
2023-01-16 14:41:47,431 [Listener at 127.0.0.1/36907] INFO  reflections.Reflections (Reflections.java:scan(232)) - Reflections took 46 ms to scan 7 urls, producing 146 keys and 350 values 
2023-01-16 14:41:47,433 [Listener at 127.0.0.1/36907] INFO  statemachine.DatanodeStateMachine (DatanodeStateMachine.java:getEndPointTaskThreadPoolSize(248)) - Datanode State Machine Task Thread Pool size 2
2023-01-16 14:41:47,435 [Listener at 127.0.0.1/36907] INFO  volume.HddsVolume (HddsVolume.java:<init>(117)) - Creating HddsVolume: /home/runner/work/ozone/ozone/hadoop-ozone/integration-test/target/test-dir/MiniOzoneClusterImpl-bcd49b6a-245a-4637-b4c9-d6b301a8fda7/datanode-5/data-0/containers/hdds of storage type : DISK capacity : 9223372036854775807
2023-01-16 14:41:47,435 [Listener at 127.0.0.1/36907] INFO  volume.MutableVolumeSet (MutableVolumeSet.java:initializeVolumeSet(174)) - Added Volume : /home/runner/work/ozone/ozone/hadoop-ozone/integration-test/target/test-dir/MiniOzoneClusterImpl-bcd49b6a-245a-4637-b4c9-d6b301a8fda7/datanode-5/data-0/containers/hdds to VolumeSet
2023-01-16 14:41:47,436 [Listener at 127.0.0.1/36907] INFO  volume.ThrottledAsyncChecker (ThrottledAsyncChecker.java:schedule(141)) - Scheduling a check for /home/runner/work/ozone/ozone/hadoop-ozone/integration-test/target/test-dir/MiniOzoneClusterImpl-bcd49b6a-245a-4637-b4c9-d6b301a8fda7/datanode-5/data-0/containers/hdds
2023-01-16 14:41:47,441 [Listener at 127.0.0.1/36907] INFO  volume.StorageVolumeChecker (StorageVolumeChecker.java:checkAllVolumes(202)) - Scheduled health check for volume /home/runner/work/ozone/ozone/hadoop-ozone/integration-test/target/test-dir/MiniOzoneClusterImpl-bcd49b6a-245a-4637-b4c9-d6b301a8fda7/datanode-5/data-0/containers/hdds
2023-01-16 14:41:47,455 [Listener at 127.0.0.1/36907] INFO  volume.MutableVolumeSet (MutableVolumeSet.java:initializeVolumeSet(174)) - Added Volume : /home/runner/work/ozone/ozone/hadoop-ozone/integration-test/target/test-dir/MiniOzoneClusterImpl-bcd49b6a-245a-4637-b4c9-d6b301a8fda7/datanode-5/data/ratis to VolumeSet
2023-01-16 14:41:47,455 [Listener at 127.0.0.1/36907] INFO  volume.ThrottledAsyncChecker (ThrottledAsyncChecker.java:schedule(141)) - Scheduling a check for /home/runner/work/ozone/ozone/hadoop-ozone/integration-test/target/test-dir/MiniOzoneClusterImpl-bcd49b6a-245a-4637-b4c9-d6b301a8fda7/datanode-5/data/ratis
2023-01-16 14:41:47,455 [Listener at 127.0.0.1/36907] INFO  volume.StorageVolumeChecker (StorageVolumeChecker.java:checkAllVolumes(202)) - Scheduled health check for volume /home/runner/work/ozone/ozone/hadoop-ozone/integration-test/target/test-dir/MiniOzoneClusterImpl-bcd49b6a-245a-4637-b4c9-d6b301a8fda7/datanode-5/data/ratis
2023-01-16 14:41:47,469 [Thread-208] INFO  ozoneimpl.ContainerReader (ContainerReader.java:readVolume(175)) - Finish verifying containers on volume /home/runner/work/ozone/ozone/hadoop-ozone/integration-test/target/test-dir/MiniOzoneClusterImpl-bcd49b6a-245a-4637-b4c9-d6b301a8fda7/datanode-5/data-0/containers/hdds
2023-01-16 14:41:47,469 [Listener at 127.0.0.1/36907] INFO  ozoneimpl.OzoneContainer (OzoneContainer.java:buildContainerSet(301)) - Build ContainerSet costs 0s
2023-01-16 14:41:47,472 [Listener at 127.0.0.1/36907] INFO  server.RaftServer (ConfUtils.java:logGet(46)) - raft.rpc.type = GRPC (default)
2023-01-16 14:41:47,472 [Listener at 127.0.0.1/36907] INFO  grpc.GrpcConfigKeys (ConfUtils.java:logFallback(53)) - raft.grpc.admin.host = null (fallback to raft.grpc.server.host)
2023-01-16 14:41:47,472 [Listener at 127.0.0.1/36907] INFO  grpc.GrpcConfigKeys (ConfUtils.java:logGet(46)) - raft.grpc.admin.port = 0 (custom)
2023-01-16 14:41:47,473 [Listener at 127.0.0.1/36907] INFO  grpc.GrpcConfigKeys (ConfUtils.java:logFallback(53)) - raft.grpc.client.host = null (fallback to raft.grpc.server.host)
2023-01-16 14:41:47,473 [Listener at 127.0.0.1/36907] INFO  grpc.GrpcConfigKeys (ConfUtils.java:logGet(46)) - raft.grpc.client.port = 0 (custom)
2023-01-16 14:41:47,473 [Listener at 127.0.0.1/36907] INFO  grpc.GrpcConfigKeys (ConfUtils.java:logGet(46)) - raft.grpc.server.host = null (default)
2023-01-16 14:41:47,473 [Listener at 127.0.0.1/36907] INFO  grpc.GrpcConfigKeys (ConfUtils.java:logGet(46)) - raft.grpc.server.port = 0 (default)
2023-01-16 14:41:47,473 [Listener at 127.0.0.1/36907] INFO  server.GrpcService (ConfUtils.java:logGet(46)) - raft.grpc.message.size.max = 32MB (=33554432) (custom)
2023-01-16 14:41:47,473 [Listener at 127.0.0.1/36907] INFO  server.RaftServerConfigKeys (ConfUtils.java:logGet(46)) - raft.server.log.appender.buffer.byte-limit = 33554432 (custom)
2023-01-16 14:41:47,473 [Listener at 127.0.0.1/36907] INFO  server.GrpcService (ConfUtils.java:logGet(46)) - raft.grpc.flow.control.window = 5MB (=5242880) (custom)
2023-01-16 14:41:47,473 [Listener at 127.0.0.1/36907] INFO  server.RaftServerConfigKeys (ConfUtils.java:logGet(46)) - raft.server.rpc.request.timeout = 60s (custom)
2023-01-16 14:41:47,474 [Listener at 127.0.0.1/36907] INFO  grpc.GrpcConfigKeys (ConfUtils.java:logGet(46)) - raft.grpc.server.heartbeat.channel = true (default)
2023-01-16 14:41:47,474 [Listener at 127.0.0.1/36907] INFO  grpc.GrpcConfigKeys (ConfUtils.java:logGet(46)) - raft.grpc.server.async.request.thread.pool.cached = true (default)
2023-01-16 14:41:47,474 [Listener at 127.0.0.1/36907] INFO  grpc.GrpcConfigKeys (ConfUtils.java:logGet(46)) - raft.grpc.server.async.request.thread.pool.size = 32 (default)
2023-01-16 14:41:47,475 [Listener at 127.0.0.1/36907] INFO  impl.DataStreamServerImpl (ConfUtils.java:logGet(46)) - raft.datastream.type = NETTY (custom)
2023-01-16 14:41:47,476 [Listener at 127.0.0.1/36907] INFO  server.RaftServerConfigKeys (ConfUtils.java:logGet(46)) - raft.server.data-stream.async.request.thread.pool.cached = false (default)
2023-01-16 14:41:47,476 [Listener at 127.0.0.1/36907] INFO  server.RaftServerConfigKeys (ConfUtils.java:logGet(46)) - raft.server.data-stream.async.request.thread.pool.size = 20 (custom)
2023-01-16 14:41:47,476 [Listener at 127.0.0.1/36907] INFO  server.RaftServerConfigKeys (ConfUtils.java:logGet(46)) - raft.server.data-stream.async.write.thread.pool.size = 16 (default)
2023-01-16 14:41:47,476 [Listener at 127.0.0.1/36907] INFO  server.RaftServerConfigKeys (ConfUtils.java:logGet(46)) - raft.server.data-stream.client.pool.size = 10 (default)
2023-01-16 14:41:47,476 [Listener at 127.0.0.1/36907] INFO  netty.NettyConfigKeys$DataStream (ConfUtils.java:logGet(46)) - raft.netty.dataStream.server.use-epoll = false (default)
2023-01-16 14:41:47,476 [Listener at 127.0.0.1/36907] INFO  netty.NettyConfigKeys$DataStream (ConfUtils.java:logGet(46)) - raft.netty.dataStream.server.boss-group.size = 0 (default)
2023-01-16 14:41:47,477 [Listener at 127.0.0.1/36907] INFO  netty.NettyConfigKeys$DataStream (ConfUtils.java:logGet(46)) - raft.netty.dataStream.server.worker-group.size = 0 (default)
2023-01-16 14:41:47,477 [Listener at 127.0.0.1/36907] INFO  netty.NettyConfigKeys$DataStream (ConfUtils.java:logGet(46)) - raft.netty.dataStream.server.tls.conf = null (default)
2023-01-16 14:41:47,477 [Listener at 127.0.0.1/36907] INFO  netty.NettyConfigKeys$DataStream (ConfUtils.java:logGet(46)) - raft.netty.dataStream.host = null (default)
2023-01-16 14:41:47,477 [Listener at 127.0.0.1/36907] INFO  netty.NettyConfigKeys$DataStream (ConfUtils.java:logGet(46)) - raft.netty.dataStream.port = 0 (default)
2023-01-16 14:41:47,478 [Listener at 127.0.0.1/36907] INFO  server.RaftServerConfigKeys (ConfUtils.java:logGet(46)) - raft.server.threadpool.proxy.cached = true (default)
2023-01-16 14:41:47,478 [Listener at 127.0.0.1/36907] INFO  server.RaftServerConfigKeys (ConfUtils.java:logGet(46)) - raft.server.threadpool.proxy.size = 0 (default)
2023-01-16 14:41:47,478 [Listener at 127.0.0.1/36907] INFO  server.RaftServerConfigKeys (ConfUtils.java:logGet(46)) - raft.server.rpc.slowness.timeout = 300s (custom)
2023-01-16 14:41:47,478 [Listener at 127.0.0.1/36907] INFO  server.RaftServerConfigKeys (ConfUtils.java:logGet(46)) - raft.server.leaderelection.leader.step-down.wait-time = 10s (default)
2023-01-16 14:41:47,478 [Listener at 127.0.0.1/36907] INFO  server.RaftServerConfigKeys (ConfUtils.java:logGet(46)) - raft.server.storage.dir = [/home/runner/work/ozone/ozone/hadoop-ozone/integration-test/target/test-dir/MiniOzoneClusterImpl-bcd49b6a-245a-4637-b4c9-d6b301a8fda7/datanode-5/data/ratis] (custom)
2023-01-16 14:41:47,481 [aa7a6908-eed5-4cf8-8df5-4bd7779adcda-NettyServerStreamRpc-bossGroup--thread1] INFO  logging.LoggingHandler (AbstractInternalLogger.java:log(148)) - [id: 0x80cc50c6] REGISTERED
2023-01-16 14:41:47,481 [aa7a6908-eed5-4cf8-8df5-4bd7779adcda-NettyServerStreamRpc-bossGroup--thread1] INFO  logging.LoggingHandler (AbstractInternalLogger.java:log(148)) - [id: 0x80cc50c6] BIND: 0.0.0.0/0.0.0.0:0
2023-01-16 14:41:47,481 [aa7a6908-eed5-4cf8-8df5-4bd7779adcda-NettyServerStreamRpc-bossGroup--thread1] INFO  logging.LoggingHandler (AbstractInternalLogger.java:log(148)) - [id: 0x80cc50c6, L:/0:0:0:0:0:0:0:0:32839] ACTIVE
2023-01-16 14:41:47,482 [Listener at 127.0.0.1/36907] INFO  server.XceiverServerGrpc (XceiverServerGrpc.java:<init>(132)) - GrpcServer channel type EpollServerSocketChannel
2023-01-16 14:41:47,487 [Listener at 127.0.0.1/36907] INFO  http.BaseHttpServer (BaseHttpServer.java:newHttpServer2BuilderForOzone(213)) - Starting Web-server for hddsDatanode at: http://0.0.0.0:0
2023-01-16 14:41:47,487 [Listener at 127.0.0.1/36907] INFO  http.BaseHttpServer (BaseHttpServer.java:<init>(108)) - Hadoop Security Enabled: false Ozone Security Enabled: false Ozone HTTP Security Enabled: false 
2023-01-16 14:41:47,489 [Listener at 127.0.0.1/36907] WARN  server.AuthenticationFilter (AuthenticationFilter.java:constructSecretProvider(240)) - Unable to initialize FileSignerSecretProvider, falling back to use random secrets. Reason: Could not read signature secret file: /home/runner/hadoop-http-auth-signature-secret
2023-01-16 14:41:47,489 [Listener at 127.0.0.1/36907] WARN  http.HttpRequestLog (HttpRequestLog.java:getRequestLog(103)) - Jetty request log can only be enabled using Log4j
2023-01-16 14:41:47,491 [Listener at 127.0.0.1/36907] INFO  http.HttpServer2 (HttpServer2.java:addGlobalFilter(1031)) - Added global filter 'safety' (class=org.apache.hadoop.hdds.server.http.HttpServer2$QuotingInputFilter)
2023-01-16 14:41:47,492 [Listener at 127.0.0.1/36907] INFO  http.HttpServer2 (HttpServer2.java:addFilter(1007)) - Added filter static_user_filter (class=org.apache.hadoop.http.lib.StaticUserWebFilter$StaticUserFilter) to context hddsDatanode
2023-01-16 14:41:47,492 [Listener at 127.0.0.1/36907] INFO  http.HttpServer2 (HttpServer2.java:addFilter(1015)) - Added filter static_user_filter (class=org.apache.hadoop.http.lib.StaticUserWebFilter$StaticUserFilter) to context logs
2023-01-16 14:41:47,492 [Listener at 127.0.0.1/36907] INFO  http.HttpServer2 (HttpServer2.java:addFilter(1015)) - Added filter static_user_filter (class=org.apache.hadoop.http.lib.StaticUserWebFilter$StaticUserFilter) to context static
2023-01-16 14:41:47,492 [Listener at 127.0.0.1/36907] INFO  http.HttpServer2 (HttpServer2.java:bindListener(1250)) - Jetty bound to port 44681
2023-01-16 14:41:47,493 [Listener at 127.0.0.1/36907] INFO  server.Server (Server.java:doStart(375)) - jetty-9.4.49.v20220914; built: 2022-09-14T01:07:36.601Z; git: 4231a3b2e4cb8548a412a789936d640a97b1aa0a; jvm 1.8.0_352-b08
2023-01-16 14:41:47,494 [Listener at 127.0.0.1/36907] INFO  server.session (DefaultSessionIdManager.java:doStart(334)) - DefaultSessionIdManager workerName=node0
2023-01-16 14:41:47,494 [Listener at 127.0.0.1/36907] INFO  server.session (DefaultSessionIdManager.java:doStart(339)) - No SessionScavenger set, using defaults
2023-01-16 14:41:47,494 [Listener at 127.0.0.1/36907] INFO  server.session (HouseKeeper.java:startScavenging(132)) - node0 Scavenging every 660000ms
2023-01-16 14:41:47,495 [Listener at 127.0.0.1/36907] INFO  handler.ContextHandler (ContextHandler.java:doStart(921)) - Started o.e.j.s.ServletContextHandler@7e33a672{logs,/logs,file:///home/runner/work/ozone/ozone/hadoop-ozone/integration-test/target/log,AVAILABLE}
2023-01-16 14:41:47,496 [Listener at 127.0.0.1/36907] INFO  handler.ContextHandler (ContextHandler.java:doStart(921)) - Started o.e.j.s.ServletContextHandler@2e0f6c6{static,/static,jar:file:/home/runner/.m2/repository/org/apache/ozone/hdds-container-service/1.4.0-SNAPSHOT/hdds-container-service-1.4.0-SNAPSHOT.jar!/webapps/static,AVAILABLE}
2023-01-16 14:41:47,670 [Listener at 127.0.0.1/36907] INFO  handler.ContextHandler (ContextHandler.java:doStart(921)) - Started o.e.j.w.WebAppContext@692170bb{hddsDatanode,/,file:///tmp/jetty-0_0_0_0-44681-hdds-container-service-1_4_0-SNAPSHOT_jar-_-any-7507035065547462966/webapp/,AVAILABLE}{jar:file:/home/runner/.m2/repository/org/apache/ozone/hdds-container-service/1.4.0-SNAPSHOT/hdds-container-service-1.4.0-SNAPSHOT.jar!/webapps/hddsDatanode}
2023-01-16 14:41:47,672 [Listener at 127.0.0.1/36907] INFO  server.AbstractConnector (AbstractConnector.java:doStart(333)) - Started ServerConnector@16d1784b{HTTP/1.1, (http/1.1)}{0.0.0.0:44681}
2023-01-16 14:41:47,672 [Listener at 127.0.0.1/36907] INFO  server.Server (Server.java:doStart(415)) - Started @10625ms
2023-01-16 14:41:47,672 [Listener at 127.0.0.1/36907] WARN  impl.MetricsSystemImpl (MetricsSystemImpl.java:register(279)) - Sink prometheus already exists!
2023-01-16 14:41:47,673 [Listener at 127.0.0.1/36907] INFO  http.BaseHttpServer (BaseHttpServer.java:updateConnectorAddress(333)) - HTTP server of hddsDatanode listening at http://0.0.0.0:44681
2023-01-16 14:41:47,673 [Datanode State Machine Daemon Thread] INFO  statemachine.DatanodeStateMachine (DatanodeStateMachine.java:lambda$startDaemon$0(508)) - Ozone container server started.
2023-01-16 14:41:47,676 [Listener at 127.0.0.1/36907] INFO  ozone.MiniOzoneClusterImpl (MiniOzoneClusterImpl.java:lambda$waitForClusterToBeReady$0(218)) - Waiting for nodes to be ready. Got 0 of 6 DN Heartbeats.
2023-01-16 14:41:47,676 [Listener at 127.0.0.1/36907] INFO  ozone.MiniOzoneClusterImpl (MiniOzoneClusterImpl.java:lambda$waitForClusterToBeReady$0(221)) - Waiting for cluster to exit safe mode
2023-01-16 14:41:47,676 [Listener at 127.0.0.1/36907] INFO  ozone.MiniOzoneClusterImpl (MiniOzoneClusterImpl.java:lambda$waitForClusterToBeReady$0(223)) - SCM became leader
2023-01-16 14:41:47,677 [org.apache.hadoop.util.JvmPauseMonitor$Monitor@73cb5f1f] INFO  util.JvmPauseMonitor (JvmPauseMonitor.java:run(188)) - Starting JVM pause monitor
2023-01-16 14:41:47,679 [Datanode State Machine Task Thread - 0] INFO  datanode.InitDatanodeState (InitDatanodeState.java:persistContainerDatanodeDetails(138)) - DatanodeDetails is persisted to /home/runner/work/ozone/ozone/hadoop-ozone/integration-test/target/test-dir/MiniOzoneClusterImpl-bcd49b6a-245a-4637-b4c9-d6b301a8fda7/datanode-5/meta/datanode.id
2023-01-16 14:41:47,826 [EndpointStateMachine task thread for /0.0.0.0:36475 - 0 ] INFO  utils.DatanodeStoreCache (DatanodeStoreCache.java:addDB(58)) - Added db /home/runner/work/ozone/ozone/hadoop-ozone/integration-test/target/test-dir/MiniOzoneClusterImpl-bcd49b6a-245a-4637-b4c9-d6b301a8fda7/datanode-0/data-0/containers/hdds/bcd49b6a-245a-4637-b4c9-d6b301a8fda7/DS-2196dd8d-5dc5-488e-a255-af8001d4023f/container.db to cache
2023-01-16 14:41:47,826 [EndpointStateMachine task thread for /0.0.0.0:36475 - 0 ] INFO  volume.HddsVolume (HddsVolume.java:createDbStore(307)) - SchemaV3 db is created and loaded at /home/runner/work/ozone/ozone/hadoop-ozone/integration-test/target/test-dir/MiniOzoneClusterImpl-bcd49b6a-245a-4637-b4c9-d6b301a8fda7/datanode-0/data-0/containers/hdds/bcd49b6a-245a-4637-b4c9-d6b301a8fda7/DS-2196dd8d-5dc5-488e-a255-af8001d4023f/container.db for volume DS-2196dd8d-5dc5-488e-a255-af8001d4023f
2023-01-16 14:41:47,827 [EndpointStateMachine task thread for /0.0.0.0:36475 - 0 ] INFO  ozoneimpl.OzoneContainer (OzoneContainer.java:start(395)) - Attempting to start container services.
2023-01-16 14:41:47,830 [EndpointStateMachine task thread for /0.0.0.0:36475 - 0 ] INFO  ozoneimpl.OzoneContainer (OzoneContainer.java:startContainerScrub(312)) - Scheduled background container scanners and the on-demand container scanner have been disabled.
2023-01-16 14:41:47,833 [EndpointStateMachine task thread for /0.0.0.0:36475 - 0 ] INFO  replication.ReplicationServer (ReplicationServer.java:start(106)) - ReplicationServer is started using port 35787
2023-01-16 14:41:47,835 [EndpointStateMachine task thread for /0.0.0.0:36475 - 0 ] INFO  ratis.XceiverServerRatis (XceiverServerRatis.java:start(517)) - Starting XceiverServerRatis 16b0a967-ef5a-4382-99c2-95b744fea4a1
2023-01-16 14:41:47,840 [EndpointStateMachine task thread for /0.0.0.0:36475 - 0 ] INFO  server.RaftServer (RaftServerProxy.java:startImpl(393)) - 16b0a967-ef5a-4382-99c2-95b744fea4a1: start RPC server
2023-01-16 14:41:47,843 [EndpointStateMachine task thread for /0.0.0.0:36475 - 0 ] INFO  server.GrpcService (GrpcService.java:startImpl(262)) - 16b0a967-ef5a-4382-99c2-95b744fea4a1: GrpcService started, listening on 46459
2023-01-16 14:41:47,844 [EndpointStateMachine task thread for /0.0.0.0:36475 - 0 ] INFO  ratis.XceiverServerRatis (XceiverServerRatis.java:getRealPort(543)) - XceiverServerRatis 16b0a967-ef5a-4382-99c2-95b744fea4a1 is started using port 46459 for RATIS
2023-01-16 14:41:47,844 [EndpointStateMachine task thread for /0.0.0.0:36475 - 0 ] INFO  ratis.XceiverServerRatis (XceiverServerRatis.java:getRealPort(543)) - XceiverServerRatis 16b0a967-ef5a-4382-99c2-95b744fea4a1 is started using port 46459 for RATIS_ADMIN
2023-01-16 14:41:47,844 [EndpointStateMachine task thread for /0.0.0.0:36475 - 0 ] INFO  ratis.XceiverServerRatis (XceiverServerRatis.java:getRealPort(543)) - XceiverServerRatis 16b0a967-ef5a-4382-99c2-95b744fea4a1 is started using port 46459 for RATIS_SERVER
2023-01-16 14:41:47,844 [EndpointStateMachine task thread for /0.0.0.0:36475 - 0 ] INFO  ratis.XceiverServerRatis (XceiverServerRatis.java:getRealPort(543)) - XceiverServerRatis 16b0a967-ef5a-4382-99c2-95b744fea4a1 is started using port 44335 for RATIS_DATASTREAM
2023-01-16 14:41:47,844 [JvmPauseMonitor1] INFO  util.JvmPauseMonitor (JvmPauseMonitor.java:run(105)) - JvmPauseMonitor-16b0a967-ef5a-4382-99c2-95b744fea4a1: Started
2023-01-16 14:41:47,857 [EndpointStateMachine task thread for /0.0.0.0:36475 - 0 ] INFO  server.XceiverServerGrpc (XceiverServerGrpc.java:start(180)) - XceiverServerGrpc 16b0a967-ef5a-4382-99c2-95b744fea4a1 is started using port 39377
2023-01-16 14:41:48,307 [EndpointStateMachine task thread for /0.0.0.0:36475 - 0 ] INFO  utils.DatanodeStoreCache (DatanodeStoreCache.java:addDB(58)) - Added db /home/runner/work/ozone/ozone/hadoop-ozone/integration-test/target/test-dir/MiniOzoneClusterImpl-bcd49b6a-245a-4637-b4c9-d6b301a8fda7/datanode-1/data-0/containers/hdds/bcd49b6a-245a-4637-b4c9-d6b301a8fda7/DS-f9858cb9-98ac-48f7-86e9-88e739faa465/container.db to cache
2023-01-16 14:41:48,307 [EndpointStateMachine task thread for /0.0.0.0:36475 - 0 ] INFO  volume.HddsVolume (HddsVolume.java:createDbStore(307)) - SchemaV3 db is created and loaded at /home/runner/work/ozone/ozone/hadoop-ozone/integration-test/target/test-dir/MiniOzoneClusterImpl-bcd49b6a-245a-4637-b4c9-d6b301a8fda7/datanode-1/data-0/containers/hdds/bcd49b6a-245a-4637-b4c9-d6b301a8fda7/DS-f9858cb9-98ac-48f7-86e9-88e739faa465/container.db for volume DS-f9858cb9-98ac-48f7-86e9-88e739faa465
2023-01-16 14:41:48,308 [EndpointStateMachine task thread for /0.0.0.0:36475 - 0 ] INFO  ozoneimpl.OzoneContainer (OzoneContainer.java:start(395)) - Attempting to start container services.
2023-01-16 14:41:48,308 [EndpointStateMachine task thread for /0.0.0.0:36475 - 0 ] INFO  ozoneimpl.OzoneContainer (OzoneContainer.java:startContainerScrub(312)) - Scheduled background container scanners and the on-demand container scanner have been disabled.
2023-01-16 14:41:48,310 [EndpointStateMachine task thread for /0.0.0.0:36475 - 0 ] INFO  replication.ReplicationServer (ReplicationServer.java:start(106)) - ReplicationServer is started using port 33455
2023-01-16 14:41:48,310 [EndpointStateMachine task thread for /0.0.0.0:36475 - 0 ] INFO  ratis.XceiverServerRatis (XceiverServerRatis.java:start(517)) - Starting XceiverServerRatis f3cb6aab-e792-43b9-8109-2d5521605a5b
2023-01-16 14:41:48,311 [EndpointStateMachine task thread for /0.0.0.0:36475 - 0 ] INFO  server.RaftServer (RaftServerProxy.java:startImpl(393)) - f3cb6aab-e792-43b9-8109-2d5521605a5b: start RPC server
2023-01-16 14:41:48,317 [EndpointStateMachine task thread for /0.0.0.0:36475 - 0 ] INFO  server.GrpcService (GrpcService.java:startImpl(262)) - f3cb6aab-e792-43b9-8109-2d5521605a5b: GrpcService started, listening on 38739
2023-01-16 14:41:48,317 [EndpointStateMachine task thread for /0.0.0.0:36475 - 0 ] INFO  ratis.XceiverServerRatis (XceiverServerRatis.java:getRealPort(543)) - XceiverServerRatis f3cb6aab-e792-43b9-8109-2d5521605a5b is started using port 38739 for RATIS
2023-01-16 14:41:48,317 [JvmPauseMonitor2] INFO  util.JvmPauseMonitor (JvmPauseMonitor.java:run(105)) - JvmPauseMonitor-f3cb6aab-e792-43b9-8109-2d5521605a5b: Started
2023-01-16 14:41:48,317 [EndpointStateMachine task thread for /0.0.0.0:36475 - 0 ] INFO  ratis.XceiverServerRatis (XceiverServerRatis.java:getRealPort(543)) - XceiverServerRatis f3cb6aab-e792-43b9-8109-2d5521605a5b is started using port 38739 for RATIS_ADMIN
2023-01-16 14:41:48,317 [EndpointStateMachine task thread for /0.0.0.0:36475 - 0 ] INFO  ratis.XceiverServerRatis (XceiverServerRatis.java:getRealPort(543)) - XceiverServerRatis f3cb6aab-e792-43b9-8109-2d5521605a5b is started using port 38739 for RATIS_SERVER
2023-01-16 14:41:48,317 [EndpointStateMachine task thread for /0.0.0.0:36475 - 0 ] INFO  ratis.XceiverServerRatis (XceiverServerRatis.java:getRealPort(543)) - XceiverServerRatis f3cb6aab-e792-43b9-8109-2d5521605a5b is started using port 37539 for RATIS_DATASTREAM
2023-01-16 14:41:48,323 [EndpointStateMachine task thread for /0.0.0.0:36475 - 0 ] INFO  server.XceiverServerGrpc (XceiverServerGrpc.java:start(180)) - XceiverServerGrpc f3cb6aab-e792-43b9-8109-2d5521605a5b is started using port 37047
2023-01-16 14:41:48,676 [Listener at 127.0.0.1/36907] INFO  ozone.MiniOzoneClusterImpl (MiniOzoneClusterImpl.java:lambda$waitForClusterToBeReady$0(218)) - Waiting for nodes to be ready. Got 0 of 6 DN Heartbeats.
2023-01-16 14:41:48,677 [Listener at 127.0.0.1/36907] INFO  ozone.MiniOzoneClusterImpl (MiniOzoneClusterImpl.java:lambda$waitForClusterToBeReady$0(221)) - Waiting for cluster to exit safe mode
2023-01-16 14:41:48,677 [Listener at 127.0.0.1/36907] INFO  ozone.MiniOzoneClusterImpl (MiniOzoneClusterImpl.java:lambda$waitForClusterToBeReady$0(223)) - SCM became leader
2023-01-16 14:41:48,682 [EndpointStateMachine task thread for /0.0.0.0:36475 - 0 ] INFO  utils.DatanodeStoreCache (DatanodeStoreCache.java:addDB(58)) - Added db /home/runner/work/ozone/ozone/hadoop-ozone/integration-test/target/test-dir/MiniOzoneClusterImpl-bcd49b6a-245a-4637-b4c9-d6b301a8fda7/datanode-2/data-0/containers/hdds/bcd49b6a-245a-4637-b4c9-d6b301a8fda7/DS-da0563cd-85e3-4f51-899b-faff2f8863db/container.db to cache
2023-01-16 14:41:48,682 [EndpointStateMachine task thread for /0.0.0.0:36475 - 0 ] INFO  volume.HddsVolume (HddsVolume.java:createDbStore(307)) - SchemaV3 db is created and loaded at /home/runner/work/ozone/ozone/hadoop-ozone/integration-test/target/test-dir/MiniOzoneClusterImpl-bcd49b6a-245a-4637-b4c9-d6b301a8fda7/datanode-2/data-0/containers/hdds/bcd49b6a-245a-4637-b4c9-d6b301a8fda7/DS-da0563cd-85e3-4f51-899b-faff2f8863db/container.db for volume DS-da0563cd-85e3-4f51-899b-faff2f8863db
2023-01-16 14:41:48,683 [EndpointStateMachine task thread for /0.0.0.0:36475 - 0 ] INFO  ozoneimpl.OzoneContainer (OzoneContainer.java:start(395)) - Attempting to start container services.
2023-01-16 14:41:48,683 [EndpointStateMachine task thread for /0.0.0.0:36475 - 0 ] INFO  ozoneimpl.OzoneContainer (OzoneContainer.java:startContainerScrub(312)) - Scheduled background container scanners and the on-demand container scanner have been disabled.
2023-01-16 14:41:48,685 [EndpointStateMachine task thread for /0.0.0.0:36475 - 0 ] INFO  replication.ReplicationServer (ReplicationServer.java:start(106)) - ReplicationServer is started using port 46509
2023-01-16 14:41:48,685 [EndpointStateMachine task thread for /0.0.0.0:36475 - 0 ] INFO  ratis.XceiverServerRatis (XceiverServerRatis.java:start(517)) - Starting XceiverServerRatis d8f5a1f3-e512-499d-ae8e-3cd02accfea1
2023-01-16 14:41:48,686 [EndpointStateMachine task thread for /0.0.0.0:36475 - 0 ] INFO  server.RaftServer (RaftServerProxy.java:startImpl(393)) - d8f5a1f3-e512-499d-ae8e-3cd02accfea1: start RPC server
2023-01-16 14:41:48,688 [EndpointStateMachine task thread for /0.0.0.0:36475 - 0 ] INFO  server.GrpcService (GrpcService.java:startImpl(262)) - d8f5a1f3-e512-499d-ae8e-3cd02accfea1: GrpcService started, listening on 43661
2023-01-16 14:41:48,688 [EndpointStateMachine task thread for /0.0.0.0:36475 - 0 ] INFO  ratis.XceiverServerRatis (XceiverServerRatis.java:getRealPort(543)) - XceiverServerRatis d8f5a1f3-e512-499d-ae8e-3cd02accfea1 is started using port 43661 for RATIS
2023-01-16 14:41:48,688 [JvmPauseMonitor3] INFO  util.JvmPauseMonitor (JvmPauseMonitor.java:run(105)) - JvmPauseMonitor-d8f5a1f3-e512-499d-ae8e-3cd02accfea1: Started
2023-01-16 14:41:48,688 [EndpointStateMachine task thread for /0.0.0.0:36475 - 0 ] INFO  ratis.XceiverServerRatis (XceiverServerRatis.java:getRealPort(543)) - XceiverServerRatis d8f5a1f3-e512-499d-ae8e-3cd02accfea1 is started using port 43661 for RATIS_ADMIN
2023-01-16 14:41:48,688 [EndpointStateMachine task thread for /0.0.0.0:36475 - 0 ] INFO  ratis.XceiverServerRatis (XceiverServerRatis.java:getRealPort(543)) - XceiverServerRatis d8f5a1f3-e512-499d-ae8e-3cd02accfea1 is started using port 43661 for RATIS_SERVER
2023-01-16 14:41:48,688 [EndpointStateMachine task thread for /0.0.0.0:36475 - 0 ] INFO  ratis.XceiverServerRatis (XceiverServerRatis.java:getRealPort(543)) - XceiverServerRatis d8f5a1f3-e512-499d-ae8e-3cd02accfea1 is started using port 39865 for RATIS_DATASTREAM
2023-01-16 14:41:48,692 [EndpointStateMachine task thread for /0.0.0.0:36475 - 0 ] INFO  server.XceiverServerGrpc (XceiverServerGrpc.java:start(180)) - XceiverServerGrpc d8f5a1f3-e512-499d-ae8e-3cd02accfea1 is started using port 44895
2023-01-16 14:41:49,063 [EndpointStateMachine task thread for /0.0.0.0:36475 - 0 ] INFO  utils.DatanodeStoreCache (DatanodeStoreCache.java:addDB(58)) - Added db /home/runner/work/ozone/ozone/hadoop-ozone/integration-test/target/test-dir/MiniOzoneClusterImpl-bcd49b6a-245a-4637-b4c9-d6b301a8fda7/datanode-3/data-0/containers/hdds/bcd49b6a-245a-4637-b4c9-d6b301a8fda7/DS-20f950d9-1635-42f0-b6da-6a2366fa918c/container.db to cache
2023-01-16 14:41:49,063 [EndpointStateMachine task thread for /0.0.0.0:36475 - 0 ] INFO  volume.HddsVolume (HddsVolume.java:createDbStore(307)) - SchemaV3 db is created and loaded at /home/runner/work/ozone/ozone/hadoop-ozone/integration-test/target/test-dir/MiniOzoneClusterImpl-bcd49b6a-245a-4637-b4c9-d6b301a8fda7/datanode-3/data-0/containers/hdds/bcd49b6a-245a-4637-b4c9-d6b301a8fda7/DS-20f950d9-1635-42f0-b6da-6a2366fa918c/container.db for volume DS-20f950d9-1635-42f0-b6da-6a2366fa918c
2023-01-16 14:41:49,064 [EndpointStateMachine task thread for /0.0.0.0:36475 - 0 ] INFO  ozoneimpl.OzoneContainer (OzoneContainer.java:start(395)) - Attempting to start container services.
2023-01-16 14:41:49,064 [EndpointStateMachine task thread for /0.0.0.0:36475 - 0 ] INFO  ozoneimpl.OzoneContainer (OzoneContainer.java:startContainerScrub(312)) - Scheduled background container scanners and the on-demand container scanner have been disabled.
2023-01-16 14:41:49,066 [EndpointStateMachine task thread for /0.0.0.0:36475 - 0 ] INFO  replication.ReplicationServer (ReplicationServer.java:start(106)) - ReplicationServer is started using port 42765
2023-01-16 14:41:49,067 [EndpointStateMachine task thread for /0.0.0.0:36475 - 0 ] INFO  ratis.XceiverServerRatis (XceiverServerRatis.java:start(517)) - Starting XceiverServerRatis a1145108-ddcc-4325-a3dc-9d25daa38a10
2023-01-16 14:41:49,067 [EndpointStateMachine task thread for /0.0.0.0:36475 - 0 ] INFO  server.RaftServer (RaftServerProxy.java:startImpl(393)) - a1145108-ddcc-4325-a3dc-9d25daa38a10: start RPC server
2023-01-16 14:41:49,069 [EndpointStateMachine task thread for /0.0.0.0:36475 - 0 ] INFO  server.GrpcService (GrpcService.java:startImpl(262)) - a1145108-ddcc-4325-a3dc-9d25daa38a10: GrpcService started, listening on 33417
2023-01-16 14:41:49,070 [EndpointStateMachine task thread for /0.0.0.0:36475 - 0 ] INFO  ratis.XceiverServerRatis (XceiverServerRatis.java:getRealPort(543)) - XceiverServerRatis a1145108-ddcc-4325-a3dc-9d25daa38a10 is started using port 33417 for RATIS
2023-01-16 14:41:49,070 [EndpointStateMachine task thread for /0.0.0.0:36475 - 0 ] INFO  ratis.XceiverServerRatis (XceiverServerRatis.java:getRealPort(543)) - XceiverServerRatis a1145108-ddcc-4325-a3dc-9d25daa38a10 is started using port 33417 for RATIS_ADMIN
2023-01-16 14:41:49,070 [EndpointStateMachine task thread for /0.0.0.0:36475 - 0 ] INFO  ratis.XceiverServerRatis (XceiverServerRatis.java:getRealPort(543)) - XceiverServerRatis a1145108-ddcc-4325-a3dc-9d25daa38a10 is started using port 33417 for RATIS_SERVER
2023-01-16 14:41:49,070 [EndpointStateMachine task thread for /0.0.0.0:36475 - 0 ] INFO  ratis.XceiverServerRatis (XceiverServerRatis.java:getRealPort(543)) - XceiverServerRatis a1145108-ddcc-4325-a3dc-9d25daa38a10 is started using port 39815 for RATIS_DATASTREAM
2023-01-16 14:41:49,070 [JvmPauseMonitor4] INFO  util.JvmPauseMonitor (JvmPauseMonitor.java:run(105)) - JvmPauseMonitor-a1145108-ddcc-4325-a3dc-9d25daa38a10: Started
2023-01-16 14:41:49,073 [EndpointStateMachine task thread for /0.0.0.0:36475 - 0 ] INFO  server.XceiverServerGrpc (XceiverServerGrpc.java:start(180)) - XceiverServerGrpc a1145108-ddcc-4325-a3dc-9d25daa38a10 is started using port 33733
2023-01-16 14:41:49,404 [EndpointStateMachine task thread for /0.0.0.0:36475 - 0 ] INFO  utils.DatanodeStoreCache (DatanodeStoreCache.java:addDB(58)) - Added db /home/runner/work/ozone/ozone/hadoop-ozone/integration-test/target/test-dir/MiniOzoneClusterImpl-bcd49b6a-245a-4637-b4c9-d6b301a8fda7/datanode-4/data-0/containers/hdds/bcd49b6a-245a-4637-b4c9-d6b301a8fda7/DS-a1309809-f26f-42d1-8570-5368a5c6eae8/container.db to cache
2023-01-16 14:41:49,404 [EndpointStateMachine task thread for /0.0.0.0:36475 - 0 ] INFO  volume.HddsVolume (HddsVolume.java:createDbStore(307)) - SchemaV3 db is created and loaded at /home/runner/work/ozone/ozone/hadoop-ozone/integration-test/target/test-dir/MiniOzoneClusterImpl-bcd49b6a-245a-4637-b4c9-d6b301a8fda7/datanode-4/data-0/containers/hdds/bcd49b6a-245a-4637-b4c9-d6b301a8fda7/DS-a1309809-f26f-42d1-8570-5368a5c6eae8/container.db for volume DS-a1309809-f26f-42d1-8570-5368a5c6eae8
2023-01-16 14:41:49,405 [EndpointStateMachine task thread for /0.0.0.0:36475 - 0 ] INFO  ozoneimpl.OzoneContainer (OzoneContainer.java:start(395)) - Attempting to start container services.
2023-01-16 14:41:49,405 [EndpointStateMachine task thread for /0.0.0.0:36475 - 0 ] INFO  ozoneimpl.OzoneContainer (OzoneContainer.java:startContainerScrub(312)) - Scheduled background container scanners and the on-demand container scanner have been disabled.
2023-01-16 14:41:49,407 [EndpointStateMachine task thread for /0.0.0.0:36475 - 0 ] INFO  replication.ReplicationServer (ReplicationServer.java:start(106)) - ReplicationServer is started using port 35031
2023-01-16 14:41:49,408 [EndpointStateMachine task thread for /0.0.0.0:36475 - 0 ] INFO  ratis.XceiverServerRatis (XceiverServerRatis.java:start(517)) - Starting XceiverServerRatis 546a26c7-7703-4678-9acf-4f791a68dfff
2023-01-16 14:41:49,409 [EndpointStateMachine task thread for /0.0.0.0:36475 - 0 ] INFO  server.RaftServer (RaftServerProxy.java:startImpl(393)) - 546a26c7-7703-4678-9acf-4f791a68dfff: start RPC server
2023-01-16 14:41:49,411 [EndpointStateMachine task thread for /0.0.0.0:36475 - 0 ] INFO  server.GrpcService (GrpcService.java:startImpl(262)) - 546a26c7-7703-4678-9acf-4f791a68dfff: GrpcService started, listening on 38573
2023-01-16 14:41:49,412 [EndpointStateMachine task thread for /0.0.0.0:36475 - 0 ] INFO  ratis.XceiverServerRatis (XceiverServerRatis.java:getRealPort(543)) - XceiverServerRatis 546a26c7-7703-4678-9acf-4f791a68dfff is started using port 38573 for RATIS
2023-01-16 14:41:49,412 [EndpointStateMachine task thread for /0.0.0.0:36475 - 0 ] INFO  ratis.XceiverServerRatis (XceiverServerRatis.java:getRealPort(543)) - XceiverServerRatis 546a26c7-7703-4678-9acf-4f791a68dfff is started using port 38573 for RATIS_ADMIN
2023-01-16 14:41:49,412 [EndpointStateMachine task thread for /0.0.0.0:36475 - 0 ] INFO  ratis.XceiverServerRatis (XceiverServerRatis.java:getRealPort(543)) - XceiverServerRatis 546a26c7-7703-4678-9acf-4f791a68dfff is started using port 38573 for RATIS_SERVER
2023-01-16 14:41:49,412 [EndpointStateMachine task thread for /0.0.0.0:36475 - 0 ] INFO  ratis.XceiverServerRatis (XceiverServerRatis.java:getRealPort(543)) - XceiverServerRatis 546a26c7-7703-4678-9acf-4f791a68dfff is started using port 40475 for RATIS_DATASTREAM
2023-01-16 14:41:49,412 [JvmPauseMonitor5] INFO  util.JvmPauseMonitor (JvmPauseMonitor.java:run(105)) - JvmPauseMonitor-546a26c7-7703-4678-9acf-4f791a68dfff: Started
2023-01-16 14:41:49,416 [EndpointStateMachine task thread for /0.0.0.0:36475 - 0 ] INFO  server.XceiverServerGrpc (XceiverServerGrpc.java:start(180)) - XceiverServerGrpc 546a26c7-7703-4678-9acf-4f791a68dfff is started using port 44729
2023-01-16 14:41:49,677 [Listener at 127.0.0.1/36907] INFO  ozone.MiniOzoneClusterImpl (MiniOzoneClusterImpl.java:lambda$waitForClusterToBeReady$0(218)) - Waiting for nodes to be ready. Got 0 of 6 DN Heartbeats.
2023-01-16 14:41:49,677 [Listener at 127.0.0.1/36907] INFO  ozone.MiniOzoneClusterImpl (MiniOzoneClusterImpl.java:lambda$waitForClusterToBeReady$0(221)) - Waiting for cluster to exit safe mode
2023-01-16 14:41:49,677 [Listener at 127.0.0.1/36907] INFO  ozone.MiniOzoneClusterImpl (MiniOzoneClusterImpl.java:lambda$waitForClusterToBeReady$0(223)) - SCM became leader
2023-01-16 14:41:49,711 [EndpointStateMachine task thread for /0.0.0.0:36475 - 0 ] INFO  utils.DatanodeStoreCache (DatanodeStoreCache.java:addDB(58)) - Added db /home/runner/work/ozone/ozone/hadoop-ozone/integration-test/target/test-dir/MiniOzoneClusterImpl-bcd49b6a-245a-4637-b4c9-d6b301a8fda7/datanode-5/data-0/containers/hdds/bcd49b6a-245a-4637-b4c9-d6b301a8fda7/DS-12f3e655-b9fa-4469-96f5-e6c7218406e8/container.db to cache
2023-01-16 14:41:49,711 [EndpointStateMachine task thread for /0.0.0.0:36475 - 0 ] INFO  volume.HddsVolume (HddsVolume.java:createDbStore(307)) - SchemaV3 db is created and loaded at /home/runner/work/ozone/ozone/hadoop-ozone/integration-test/target/test-dir/MiniOzoneClusterImpl-bcd49b6a-245a-4637-b4c9-d6b301a8fda7/datanode-5/data-0/containers/hdds/bcd49b6a-245a-4637-b4c9-d6b301a8fda7/DS-12f3e655-b9fa-4469-96f5-e6c7218406e8/container.db for volume DS-12f3e655-b9fa-4469-96f5-e6c7218406e8
2023-01-16 14:41:49,711 [EndpointStateMachine task thread for /0.0.0.0:36475 - 0 ] INFO  ozoneimpl.OzoneContainer (OzoneContainer.java:start(395)) - Attempting to start container services.
2023-01-16 14:41:49,711 [EndpointStateMachine task thread for /0.0.0.0:36475 - 0 ] INFO  ozoneimpl.OzoneContainer (OzoneContainer.java:startContainerScrub(312)) - Scheduled background container scanners and the on-demand container scanner have been disabled.
2023-01-16 14:41:49,715 [EndpointStateMachine task thread for /0.0.0.0:36475 - 0 ] INFO  replication.ReplicationServer (ReplicationServer.java:start(106)) - ReplicationServer is started using port 41763
2023-01-16 14:41:49,715 [EndpointStateMachine task thread for /0.0.0.0:36475 - 0 ] INFO  ratis.XceiverServerRatis (XceiverServerRatis.java:start(517)) - Starting XceiverServerRatis aa7a6908-eed5-4cf8-8df5-4bd7779adcda
2023-01-16 14:41:49,716 [EndpointStateMachine task thread for /0.0.0.0:36475 - 0 ] INFO  server.RaftServer (RaftServerProxy.java:startImpl(393)) - aa7a6908-eed5-4cf8-8df5-4bd7779adcda: start RPC server
2023-01-16 14:41:49,718 [EndpointStateMachine task thread for /0.0.0.0:36475 - 0 ] INFO  server.GrpcService (GrpcService.java:startImpl(262)) - aa7a6908-eed5-4cf8-8df5-4bd7779adcda: GrpcService started, listening on 46359
2023-01-16 14:41:49,718 [EndpointStateMachine task thread for /0.0.0.0:36475 - 0 ] INFO  ratis.XceiverServerRatis (XceiverServerRatis.java:getRealPort(543)) - XceiverServerRatis aa7a6908-eed5-4cf8-8df5-4bd7779adcda is started using port 46359 for RATIS
2023-01-16 14:41:49,718 [EndpointStateMachine task thread for /0.0.0.0:36475 - 0 ] INFO  ratis.XceiverServerRatis (XceiverServerRatis.java:getRealPort(543)) - XceiverServerRatis aa7a6908-eed5-4cf8-8df5-4bd7779adcda is started using port 46359 for RATIS_ADMIN
2023-01-16 14:41:49,718 [EndpointStateMachine task thread for /0.0.0.0:36475 - 0 ] INFO  ratis.XceiverServerRatis (XceiverServerRatis.java:getRealPort(543)) - XceiverServerRatis aa7a6908-eed5-4cf8-8df5-4bd7779adcda is started using port 46359 for RATIS_SERVER
2023-01-16 14:41:49,718 [EndpointStateMachine task thread for /0.0.0.0:36475 - 0 ] INFO  ratis.XceiverServerRatis (XceiverServerRatis.java:getRealPort(543)) - XceiverServerRatis aa7a6908-eed5-4cf8-8df5-4bd7779adcda is started using port 32839 for RATIS_DATASTREAM
2023-01-16 14:41:49,720 [JvmPauseMonitor6] INFO  util.JvmPauseMonitor (JvmPauseMonitor.java:run(105)) - JvmPauseMonitor-aa7a6908-eed5-4cf8-8df5-4bd7779adcda: Started
2023-01-16 14:41:49,741 [EndpointStateMachine task thread for /0.0.0.0:36475 - 0 ] INFO  server.XceiverServerGrpc (XceiverServerGrpc.java:start(180)) - XceiverServerGrpc aa7a6908-eed5-4cf8-8df5-4bd7779adcda is started using port 33239
2023-01-16 14:41:49,774 [IPC Server handler 2 on default port 36475] INFO  net.NetworkTopologyImpl (NetworkTopologyImpl.java:add(112)) - Added a new node: /default-rack/16b0a967-ef5a-4382-99c2-95b744fea4a1
2023-01-16 14:41:49,776 [IPC Server handler 2 on default port 36475] INFO  node.SCMNodeManager (SCMNodeManager.java:register(397)) - Registered Data node : 16b0a967-ef5a-4382-99c2-95b744fea4a1{ip: 10.1.1.103, host: fv-az203-757.ild0l4k5vsluppoevu2oqvhmda.cx.internal.cloudapp.net, ports: [REPLICATION=35787, RATIS=46459, RATIS_ADMIN=46459, RATIS_SERVER=46459, RATIS_DATASTREAM=44335, STANDALONE=39377], networkLocation: /default-rack, certSerialId: null, persistedOpState: null, persistedOpStateExpiryEpochSec: 0}
2023-01-16 14:41:49,781 [EventQueue-NewNodeForNewNodeHandler] INFO  pipeline.BackgroundPipelineCreator (BackgroundPipelineCreator.java:notifyEventTriggered(276)) - trigger a one-shot run on RatisPipelineUtilsThread.
2023-01-16 14:41:49,782 [EventQueue-NodeRegistrationContainerReportForDataNodeSafeModeRule] INFO  safemode.SCMSafeModeManager (DataNodeSafeModeRule.java:process(71)) - SCM in safe mode. 1 DataNodes registered, 3 required.
2023-01-16 14:41:49,782 [EventQueue-NodeRegistrationContainerReportForContainerSafeModeRule] INFO  safemode.SCMSafeModeManager (SCMSafeModeManager.java:validateSafeModeExitRules(200)) - ContainerSafeModeRule rule is successfully validated
2023-01-16 14:41:49,786 [EventQueue-PipelineReportForOneReplicaPipelineSafeModeRule] INFO  safemode.SCMSafeModeManager (SCMSafeModeManager.java:validateSafeModeExitRules(200)) - AtleastOneDatanodeReportedRule rule is successfully validated
2023-01-16 14:41:49,790 [RatisPipelineUtilsThread - 0] INFO  pipeline.RatisPipelineProvider (RatisPipelineProvider.java:lambda$create$0(206)) - Sending CreatePipelineCommand for pipeline:PipelineID=a2d9a643-2f18-49d1-b22b-8fd4d6844cc9 to datanode:16b0a967-ef5a-4382-99c2-95b744fea4a1
2023-01-16 14:41:49,800 [RatisPipelineUtilsThread - 0] INFO  pipeline.PipelineStateManagerImpl (PipelineStateManagerImpl.java:addPipeline(103)) - Created pipeline Pipeline[ Id: a2d9a643-2f18-49d1-b22b-8fd4d6844cc9, Nodes: 16b0a967-ef5a-4382-99c2-95b744fea4a1(fv-az203-757.ild0l4k5vsluppoevu2oqvhmda.cx.internal.cloudapp.net/10.1.1.103), ReplicationConfig: RATIS/ONE, State:ALLOCATED, leaderId:, CreationTimestamp2023-01-16T14:41:49.789Z[Etc/UTC]].
2023-01-16 14:41:50,274 [IPC Server handler 3 on default port 36475] INFO  net.NetworkTopologyImpl (NetworkTopologyImpl.java:add(112)) - Added a new node: /default-rack/f3cb6aab-e792-43b9-8109-2d5521605a5b
2023-01-16 14:41:50,274 [IPC Server handler 3 on default port 36475] INFO  node.SCMNodeManager (SCMNodeManager.java:register(397)) - Registered Data node : f3cb6aab-e792-43b9-8109-2d5521605a5b{ip: 10.1.1.103, host: fv-az203-757.ild0l4k5vsluppoevu2oqvhmda.cx.internal.cloudapp.net, ports: [REPLICATION=33455, RATIS=38739, RATIS_ADMIN=38739, RATIS_SERVER=38739, RATIS_DATASTREAM=37539, STANDALONE=37047], networkLocation: /default-rack, certSerialId: null, persistedOpState: null, persistedOpStateExpiryEpochSec: 0}
2023-01-16 14:41:50,275 [EventQueue-NodeRegistrationContainerReportForDataNodeSafeModeRule] INFO  safemode.SCMSafeModeManager (DataNodeSafeModeRule.java:process(71)) - SCM in safe mode. 2 DataNodes registered, 3 required.
2023-01-16 14:41:50,276 [EventQueue-NewNodeForNewNodeHandler] INFO  pipeline.BackgroundPipelineCreator (BackgroundPipelineCreator.java:notifyEventTriggered(276)) - trigger a one-shot run on RatisPipelineUtilsThread.
2023-01-16 14:41:50,277 [RatisPipelineUtilsThread - 0] INFO  pipeline.RatisPipelineProvider (RatisPipelineProvider.java:lambda$create$0(206)) - Sending CreatePipelineCommand for pipeline:PipelineID=854b0b2a-f1b6-4637-ba5a-d92613af601f to datanode:f3cb6aab-e792-43b9-8109-2d5521605a5b
2023-01-16 14:41:50,277 [RatisPipelineUtilsThread - 0] INFO  pipeline.PipelineStateManagerImpl (PipelineStateManagerImpl.java:addPipeline(103)) - Created pipeline Pipeline[ Id: 854b0b2a-f1b6-4637-ba5a-d92613af601f, Nodes: f3cb6aab-e792-43b9-8109-2d5521605a5b(fv-az203-757.ild0l4k5vsluppoevu2oqvhmda.cx.internal.cloudapp.net/10.1.1.103), ReplicationConfig: RATIS/ONE, State:ALLOCATED, leaderId:, CreationTimestamp2023-01-16T14:41:50.277Z[Etc/UTC]].
2023-01-16 14:41:50,652 [IPC Server handler 1 on default port 36475] INFO  net.NetworkTopologyImpl (NetworkTopologyImpl.java:add(112)) - Added a new node: /default-rack/d8f5a1f3-e512-499d-ae8e-3cd02accfea1
2023-01-16 14:41:50,652 [IPC Server handler 1 on default port 36475] INFO  node.SCMNodeManager (SCMNodeManager.java:register(397)) - Registered Data node : d8f5a1f3-e512-499d-ae8e-3cd02accfea1{ip: 10.1.1.103, host: fv-az203-757.ild0l4k5vsluppoevu2oqvhmda.cx.internal.cloudapp.net, ports: [REPLICATION=46509, RATIS=43661, RATIS_ADMIN=43661, RATIS_SERVER=43661, RATIS_DATASTREAM=39865, STANDALONE=44895], networkLocation: /default-rack, certSerialId: null, persistedOpState: null, persistedOpStateExpiryEpochSec: 0}
2023-01-16 14:41:50,653 [EventQueue-NewNodeForNewNodeHandler] INFO  pipeline.BackgroundPipelineCreator (BackgroundPipelineCreator.java:notifyEventTriggered(276)) - trigger a one-shot run on RatisPipelineUtilsThread.
2023-01-16 14:41:50,653 [EventQueue-NodeRegistrationContainerReportForDataNodeSafeModeRule] INFO  safemode.SCMSafeModeManager (DataNodeSafeModeRule.java:process(71)) - SCM in safe mode. 3 DataNodes registered, 3 required.
2023-01-16 14:41:50,653 [EventQueue-NodeRegistrationContainerReportForDataNodeSafeModeRule] INFO  safemode.SCMSafeModeManager (SCMSafeModeManager.java:validateSafeModeExitRules(200)) - DataNodeSafeModeRule rule is successfully validated
2023-01-16 14:41:50,653 [EventQueue-NodeRegistrationContainerReportForDataNodeSafeModeRule] INFO  safemode.SCMSafeModeManager (SCMSafeModeManager.java:completePreCheck(229)) - All SCM safe mode pre check rules have passed
2023-01-16 14:41:50,653 [EventQueue-NodeRegistrationContainerReportForDataNodeSafeModeRule] INFO  ha.SCMContext (SCMContext.java:updateSafeModeStatus(228)) - Update SafeModeStatus from SafeModeStatus{safeModeStatus=true, preCheckPassed=false} to SafeModeStatus{safeModeStatus=true, preCheckPassed=true}.
2023-01-16 14:41:50,653 [EventQueue-NodeRegistrationContainerReportForDataNodeSafeModeRule] INFO  pipeline.BackgroundPipelineCreator (BackgroundPipelineCreator.java:notifyEventTriggered(276)) - trigger a one-shot run on RatisPipelineUtilsThread.
2023-01-16 14:41:50,654 [RatisPipelineUtilsThread - 0] INFO  pipeline.RatisPipelineProvider (RatisPipelineProvider.java:lambda$create$0(206)) - Sending CreatePipelineCommand for pipeline:PipelineID=7564b24b-b3fc-48ba-805f-4029e605f95f to datanode:d8f5a1f3-e512-499d-ae8e-3cd02accfea1
2023-01-16 14:41:50,654 [RatisPipelineUtilsThread - 0] INFO  pipeline.PipelineStateManagerImpl (PipelineStateManagerImpl.java:addPipeline(103)) - Created pipeline Pipeline[ Id: 7564b24b-b3fc-48ba-805f-4029e605f95f, Nodes: d8f5a1f3-e512-499d-ae8e-3cd02accfea1(fv-az203-757.ild0l4k5vsluppoevu2oqvhmda.cx.internal.cloudapp.net/10.1.1.103), ReplicationConfig: RATIS/ONE, State:ALLOCATED, leaderId:, CreationTimestamp2023-01-16T14:41:50.654Z[Etc/UTC]].
2023-01-16 14:41:50,660 [RatisPipelineUtilsThread - 0] INFO  pipeline.RatisPipelineProvider (RatisPipelineProvider.java:lambda$create$0(206)) - Sending CreatePipelineCommand for pipeline:PipelineID=32c6938f-0a63-4d37-9218-5c0aaadc159b to datanode:16b0a967-ef5a-4382-99c2-95b744fea4a1
2023-01-16 14:41:50,660 [RatisPipelineUtilsThread - 0] INFO  pipeline.RatisPipelineProvider (RatisPipelineProvider.java:lambda$create$0(206)) - Sending CreatePipelineCommand for pipeline:PipelineID=32c6938f-0a63-4d37-9218-5c0aaadc159b to datanode:d8f5a1f3-e512-499d-ae8e-3cd02accfea1
2023-01-16 14:41:50,660 [RatisPipelineUtilsThread - 0] INFO  pipeline.RatisPipelineProvider (RatisPipelineProvider.java:lambda$create$0(206)) - Sending CreatePipelineCommand for pipeline:PipelineID=32c6938f-0a63-4d37-9218-5c0aaadc159b to datanode:f3cb6aab-e792-43b9-8109-2d5521605a5b
2023-01-16 14:41:50,661 [RatisPipelineUtilsThread - 0] INFO  pipeline.PipelineStateManagerImpl (PipelineStateManagerImpl.java:addPipeline(103)) - Created pipeline Pipeline[ Id: 32c6938f-0a63-4d37-9218-5c0aaadc159b, Nodes: 16b0a967-ef5a-4382-99c2-95b744fea4a1(fv-az203-757.ild0l4k5vsluppoevu2oqvhmda.cx.internal.cloudapp.net/10.1.1.103)d8f5a1f3-e512-499d-ae8e-3cd02accfea1(fv-az203-757.ild0l4k5vsluppoevu2oqvhmda.cx.internal.cloudapp.net/10.1.1.103)f3cb6aab-e792-43b9-8109-2d5521605a5b(fv-az203-757.ild0l4k5vsluppoevu2oqvhmda.cx.internal.cloudapp.net/10.1.1.103), ReplicationConfig: RATIS/THREE, State:ALLOCATED, leaderId:, CreationTimestamp2023-01-16T14:41:50.660Z[Etc/UTC]].
2023-01-16 14:41:50,662 [RatisPipelineUtilsThread - 0] INFO  pipeline.RatisPipelineProvider (RatisPipelineProvider.java:lambda$create$0(206)) - Sending CreatePipelineCommand for pipeline:PipelineID=fb287427-0678-4217-8634-42f1c44ec713 to datanode:16b0a967-ef5a-4382-99c2-95b744fea4a1
2023-01-16 14:41:50,662 [RatisPipelineUtilsThread - 0] INFO  pipeline.RatisPipelineProvider (RatisPipelineProvider.java:lambda$create$0(206)) - Sending CreatePipelineCommand for pipeline:PipelineID=fb287427-0678-4217-8634-42f1c44ec713 to datanode:d8f5a1f3-e512-499d-ae8e-3cd02accfea1
2023-01-16 14:41:50,662 [RatisPipelineUtilsThread - 0] INFO  pipeline.RatisPipelineProvider (RatisPipelineProvider.java:lambda$create$0(206)) - Sending CreatePipelineCommand for pipeline:PipelineID=fb287427-0678-4217-8634-42f1c44ec713 to datanode:f3cb6aab-e792-43b9-8109-2d5521605a5b
2023-01-16 14:41:50,663 [RatisPipelineUtilsThread - 0] INFO  pipeline.PipelineStateManagerImpl (PipelineStateManagerImpl.java:addPipeline(103)) - Created pipeline Pipeline[ Id: fb287427-0678-4217-8634-42f1c44ec713, Nodes: 16b0a967-ef5a-4382-99c2-95b744fea4a1(fv-az203-757.ild0l4k5vsluppoevu2oqvhmda.cx.internal.cloudapp.net/10.1.1.103)d8f5a1f3-e512-499d-ae8e-3cd02accfea1(fv-az203-757.ild0l4k5vsluppoevu2oqvhmda.cx.internal.cloudapp.net/10.1.1.103)f3cb6aab-e792-43b9-8109-2d5521605a5b(fv-az203-757.ild0l4k5vsluppoevu2oqvhmda.cx.internal.cloudapp.net/10.1.1.103), ReplicationConfig: RATIS/THREE, State:ALLOCATED, leaderId:, CreationTimestamp2023-01-16T14:41:50.662Z[Etc/UTC]].
2023-01-16 14:41:50,663 [RatisPipelineUtilsThread - 0] INFO  pipeline.PipelineManagerImpl (PipelineManagerImpl.java:recordMetricsForPipeline(826)) - Pipeline: PipelineID=fb287427-0678-4217-8634-42f1c44ec713 contains same datanodes as previous pipelines: PipelineID=32c6938f-0a63-4d37-9218-5c0aaadc159b nodeIds: 16b0a967-ef5a-4382-99c2-95b744fea4a1, d8f5a1f3-e512-499d-ae8e-3cd02accfea1, f3cb6aab-e792-43b9-8109-2d5521605a5b
2023-01-16 14:41:50,663 [RatisPipelineUtilsThread - 0] WARN  pipeline.PipelinePlacementPolicy (PipelinePlacementPolicy.java:filterViableNodes(158)) - Pipeline creation failed due to no sufficient healthy datanodes. Required 3. Found 0.
2023-01-16 14:41:50,678 [Listener at 127.0.0.1/36907] INFO  ozone.MiniOzoneClusterImpl (MiniOzoneClusterImpl.java:lambda$waitForClusterToBeReady$0(218)) - Waiting for nodes to be ready. Got 3 of 6 DN Heartbeats.
2023-01-16 14:41:50,679 [Listener at 127.0.0.1/36907] INFO  ozone.MiniOzoneClusterImpl (MiniOzoneClusterImpl.java:lambda$waitForClusterToBeReady$0(221)) - Waiting for cluster to exit safe mode
2023-01-16 14:41:50,679 [Listener at 127.0.0.1/36907] INFO  ozone.MiniOzoneClusterImpl (MiniOzoneClusterImpl.java:lambda$waitForClusterToBeReady$0(223)) - SCM became leader
2023-01-16 14:41:51,028 [IPC Server handler 3 on default port 36475] INFO  net.NetworkTopologyImpl (NetworkTopologyImpl.java:add(112)) - Added a new node: /default-rack/a1145108-ddcc-4325-a3dc-9d25daa38a10
2023-01-16 14:41:51,029 [IPC Server handler 3 on default port 36475] INFO  node.SCMNodeManager (SCMNodeManager.java:register(397)) - Registered Data node : a1145108-ddcc-4325-a3dc-9d25daa38a10{ip: 10.1.1.103, host: fv-az203-757.ild0l4k5vsluppoevu2oqvhmda.cx.internal.cloudapp.net, ports: [REPLICATION=42765, RATIS=33417, RATIS_ADMIN=33417, RATIS_SERVER=33417, RATIS_DATASTREAM=39815, STANDALONE=33733], networkLocation: /default-rack, certSerialId: null, persistedOpState: null, persistedOpStateExpiryEpochSec: 0}
2023-01-16 14:41:51,029 [EventQueue-NewNodeForNewNodeHandler] INFO  pipeline.BackgroundPipelineCreator (BackgroundPipelineCreator.java:notifyEventTriggered(276)) - trigger a one-shot run on RatisPipelineUtilsThread.
2023-01-16 14:41:51,030 [RatisPipelineUtilsThread - 0] INFO  pipeline.RatisPipelineProvider (RatisPipelineProvider.java:lambda$create$0(206)) - Sending CreatePipelineCommand for pipeline:PipelineID=812bb351-50d2-4cb7-9650-5ad360400d61 to datanode:a1145108-ddcc-4325-a3dc-9d25daa38a10
2023-01-16 14:41:51,031 [RatisPipelineUtilsThread - 0] INFO  pipeline.PipelineStateManagerImpl (PipelineStateManagerImpl.java:addPipeline(103)) - Created pipeline Pipeline[ Id: 812bb351-50d2-4cb7-9650-5ad360400d61, Nodes: a1145108-ddcc-4325-a3dc-9d25daa38a10(fv-az203-757.ild0l4k5vsluppoevu2oqvhmda.cx.internal.cloudapp.net/10.1.1.103), ReplicationConfig: RATIS/ONE, State:ALLOCATED, leaderId:, CreationTimestamp2023-01-16T14:41:51.030Z[Etc/UTC]].
2023-01-16 14:41:51,032 [RatisPipelineUtilsThread - 0] WARN  pipeline.PipelinePlacementPolicy (PipelinePlacementPolicy.java:filterViableNodes(158)) - Pipeline creation failed due to no sufficient healthy datanodes. Required 3. Found 1.
2023-01-16 14:41:51,367 [IPC Server handler 1 on default port 36475] INFO  net.NetworkTopologyImpl (NetworkTopologyImpl.java:add(112)) - Added a new node: /default-rack/546a26c7-7703-4678-9acf-4f791a68dfff
2023-01-16 14:41:51,367 [IPC Server handler 1 on default port 36475] INFO  node.SCMNodeManager (SCMNodeManager.java:register(397)) - Registered Data node : 546a26c7-7703-4678-9acf-4f791a68dfff{ip: 10.1.1.103, host: fv-az203-757.ild0l4k5vsluppoevu2oqvhmda.cx.internal.cloudapp.net, ports: [REPLICATION=35031, RATIS=38573, RATIS_ADMIN=38573, RATIS_SERVER=38573, RATIS_DATASTREAM=40475, STANDALONE=44729], networkLocation: /default-rack, certSerialId: null, persistedOpState: null, persistedOpStateExpiryEpochSec: 0}
2023-01-16 14:41:51,368 [EventQueue-NewNodeForNewNodeHandler] INFO  pipeline.BackgroundPipelineCreator (BackgroundPipelineCreator.java:notifyEventTriggered(276)) - trigger a one-shot run on RatisPipelineUtilsThread.
2023-01-16 14:41:51,368 [RatisPipelineUtilsThread - 0] INFO  pipeline.RatisPipelineProvider (RatisPipelineProvider.java:lambda$create$0(206)) - Sending CreatePipelineCommand for pipeline:PipelineID=0ff1e762-d14a-4161-ae37-29d64e963af7 to datanode:546a26c7-7703-4678-9acf-4f791a68dfff
2023-01-16 14:41:51,369 [RatisPipelineUtilsThread - 0] INFO  pipeline.PipelineStateManagerImpl (PipelineStateManagerImpl.java:addPipeline(103)) - Created pipeline Pipeline[ Id: 0ff1e762-d14a-4161-ae37-29d64e963af7, Nodes: 546a26c7-7703-4678-9acf-4f791a68dfff(fv-az203-757.ild0l4k5vsluppoevu2oqvhmda.cx.internal.cloudapp.net/10.1.1.103), ReplicationConfig: RATIS/ONE, State:ALLOCATED, leaderId:, CreationTimestamp2023-01-16T14:41:51.368Z[Etc/UTC]].
2023-01-16 14:41:51,371 [RatisPipelineUtilsThread - 0] WARN  pipeline.PipelinePlacementPolicy (PipelinePlacementPolicy.java:filterViableNodes(158)) - Pipeline creation failed due to no sufficient healthy datanodes. Required 3. Found 2.
2023-01-16 14:41:51,679 [Listener at 127.0.0.1/36907] INFO  ozone.MiniOzoneClusterImpl (MiniOzoneClusterImpl.java:lambda$waitForClusterToBeReady$0(218)) - Waiting for nodes to be ready. Got 5 of 6 DN Heartbeats.
2023-01-16 14:41:51,679 [Listener at 127.0.0.1/36907] INFO  ozone.MiniOzoneClusterImpl (MiniOzoneClusterImpl.java:lambda$waitForClusterToBeReady$0(221)) - Waiting for cluster to exit safe mode
2023-01-16 14:41:51,680 [Listener at 127.0.0.1/36907] INFO  ozone.MiniOzoneClusterImpl (MiniOzoneClusterImpl.java:lambda$waitForClusterToBeReady$0(223)) - SCM became leader
2023-01-16 14:41:51,679 [IPC Server handler 2 on default port 36475] INFO  net.NetworkTopologyImpl (NetworkTopologyImpl.java:add(112)) - Added a new node: /default-rack/aa7a6908-eed5-4cf8-8df5-4bd7779adcda
2023-01-16 14:41:51,680 [IPC Server handler 2 on default port 36475] INFO  node.SCMNodeManager (SCMNodeManager.java:register(397)) - Registered Data node : aa7a6908-eed5-4cf8-8df5-4bd7779adcda{ip: 10.1.1.103, host: fv-az203-757.ild0l4k5vsluppoevu2oqvhmda.cx.internal.cloudapp.net, ports: [REPLICATION=41763, RATIS=46359, RATIS_ADMIN=46359, RATIS_SERVER=46359, RATIS_DATASTREAM=32839, STANDALONE=33239], networkLocation: /default-rack, certSerialId: null, persistedOpState: null, persistedOpStateExpiryEpochSec: 0}
2023-01-16 14:41:51,681 [EventQueue-NewNodeForNewNodeHandler] INFO  pipeline.BackgroundPipelineCreator (BackgroundPipelineCreator.java:notifyEventTriggered(276)) - trigger a one-shot run on RatisPipelineUtilsThread.
2023-01-16 14:41:51,681 [RatisPipelineUtilsThread - 0] INFO  pipeline.RatisPipelineProvider (RatisPipelineProvider.java:lambda$create$0(206)) - Sending CreatePipelineCommand for pipeline:PipelineID=ef5c6a5d-ba88-4bc1-8fde-7101bf1f0c40 to datanode:aa7a6908-eed5-4cf8-8df5-4bd7779adcda
2023-01-16 14:41:51,682 [RatisPipelineUtilsThread - 0] INFO  pipeline.PipelineStateManagerImpl (PipelineStateManagerImpl.java:addPipeline(103)) - Created pipeline Pipeline[ Id: ef5c6a5d-ba88-4bc1-8fde-7101bf1f0c40, Nodes: aa7a6908-eed5-4cf8-8df5-4bd7779adcda(fv-az203-757.ild0l4k5vsluppoevu2oqvhmda.cx.internal.cloudapp.net/10.1.1.103), ReplicationConfig: RATIS/ONE, State:ALLOCATED, leaderId:, CreationTimestamp2023-01-16T14:41:51.681Z[Etc/UTC]].
2023-01-16 14:41:51,683 [RatisPipelineUtilsThread - 0] INFO  pipeline.RatisPipelineProvider (RatisPipelineProvider.java:lambda$create$0(206)) - Sending CreatePipelineCommand for pipeline:PipelineID=e57dda55-72c3-4027-835b-2aff055a5fd7 to datanode:546a26c7-7703-4678-9acf-4f791a68dfff
2023-01-16 14:41:51,683 [RatisPipelineUtilsThread - 0] INFO  pipeline.RatisPipelineProvider (RatisPipelineProvider.java:lambda$create$0(206)) - Sending CreatePipelineCommand for pipeline:PipelineID=e57dda55-72c3-4027-835b-2aff055a5fd7 to datanode:aa7a6908-eed5-4cf8-8df5-4bd7779adcda
2023-01-16 14:41:51,683 [RatisPipelineUtilsThread - 0] INFO  pipeline.RatisPipelineProvider (RatisPipelineProvider.java:lambda$create$0(206)) - Sending CreatePipelineCommand for pipeline:PipelineID=e57dda55-72c3-4027-835b-2aff055a5fd7 to datanode:a1145108-ddcc-4325-a3dc-9d25daa38a10
2023-01-16 14:41:51,684 [RatisPipelineUtilsThread - 0] INFO  pipeline.PipelineStateManagerImpl (PipelineStateManagerImpl.java:addPipeline(103)) - Created pipeline Pipeline[ Id: e57dda55-72c3-4027-835b-2aff055a5fd7, Nodes: 546a26c7-7703-4678-9acf-4f791a68dfff(fv-az203-757.ild0l4k5vsluppoevu2oqvhmda.cx.internal.cloudapp.net/10.1.1.103)aa7a6908-eed5-4cf8-8df5-4bd7779adcda(fv-az203-757.ild0l4k5vsluppoevu2oqvhmda.cx.internal.cloudapp.net/10.1.1.103)a1145108-ddcc-4325-a3dc-9d25daa38a10(fv-az203-757.ild0l4k5vsluppoevu2oqvhmda.cx.internal.cloudapp.net/10.1.1.103), ReplicationConfig: RATIS/THREE, State:ALLOCATED, leaderId:, CreationTimestamp2023-01-16T14:41:51.683Z[Etc/UTC]].
2023-01-16 14:41:51,685 [RatisPipelineUtilsThread - 0] INFO  pipeline.RatisPipelineProvider (RatisPipelineProvider.java:lambda$create$0(206)) - Sending CreatePipelineCommand for pipeline:PipelineID=7f085c46-837a-4d4b-82af-41a4bcdbbc85 to datanode:546a26c7-7703-4678-9acf-4f791a68dfff
2023-01-16 14:41:51,686 [RatisPipelineUtilsThread - 0] INFO  pipeline.RatisPipelineProvider (RatisPipelineProvider.java:lambda$create$0(206)) - Sending CreatePipelineCommand for pipeline:PipelineID=7f085c46-837a-4d4b-82af-41a4bcdbbc85 to datanode:aa7a6908-eed5-4cf8-8df5-4bd7779adcda
2023-01-16 14:41:51,686 [RatisPipelineUtilsThread - 0] INFO  pipeline.RatisPipelineProvider (RatisPipelineProvider.java:lambda$create$0(206)) - Sending CreatePipelineCommand for pipeline:PipelineID=7f085c46-837a-4d4b-82af-41a4bcdbbc85 to datanode:a1145108-ddcc-4325-a3dc-9d25daa38a10
2023-01-16 14:41:51,686 [RatisPipelineUtilsThread - 0] INFO  pipeline.PipelineStateManagerImpl (PipelineStateManagerImpl.java:addPipeline(103)) - Created pipeline Pipeline[ Id: 7f085c46-837a-4d4b-82af-41a4bcdbbc85, Nodes: 546a26c7-7703-4678-9acf-4f791a68dfff(fv-az203-757.ild0l4k5vsluppoevu2oqvhmda.cx.internal.cloudapp.net/10.1.1.103)aa7a6908-eed5-4cf8-8df5-4bd7779adcda(fv-az203-757.ild0l4k5vsluppoevu2oqvhmda.cx.internal.cloudapp.net/10.1.1.103)a1145108-ddcc-4325-a3dc-9d25daa38a10(fv-az203-757.ild0l4k5vsluppoevu2oqvhmda.cx.internal.cloudapp.net/10.1.1.103), ReplicationConfig: RATIS/THREE, State:ALLOCATED, leaderId:, CreationTimestamp2023-01-16T14:41:51.685Z[Etc/UTC]].
2023-01-16 14:41:51,687 [RatisPipelineUtilsThread - 0] INFO  pipeline.PipelineManagerImpl (PipelineManagerImpl.java:recordMetricsForPipeline(826)) - Pipeline: PipelineID=7f085c46-837a-4d4b-82af-41a4bcdbbc85 contains same datanodes as previous pipelines: PipelineID=e57dda55-72c3-4027-835b-2aff055a5fd7 nodeIds: 546a26c7-7703-4678-9acf-4f791a68dfff, aa7a6908-eed5-4cf8-8df5-4bd7779adcda, a1145108-ddcc-4325-a3dc-9d25daa38a10
2023-01-16 14:41:51,687 [RatisPipelineUtilsThread - 0] WARN  pipeline.PipelinePlacementPolicy (PipelinePlacementPolicy.java:filterViableNodes(158)) - Pipeline creation failed due to no sufficient healthy datanodes. Required 3. Found 0.
2023-01-16 14:41:52,680 [Listener at 127.0.0.1/36907] INFO  ozone.MiniOzoneClusterImpl (MiniOzoneClusterImpl.java:lambda$waitForClusterToBeReady$0(218)) - Nodes are ready. Got 6 of 6 DN Heartbeats.
2023-01-16 14:41:52,681 [Listener at 127.0.0.1/36907] INFO  ozone.MiniOzoneClusterImpl (MiniOzoneClusterImpl.java:lambda$waitForClusterToBeReady$0(221)) - Waiting for cluster to exit safe mode
2023-01-16 14:41:52,681 [Listener at 127.0.0.1/36907] INFO  ozone.MiniOzoneClusterImpl (MiniOzoneClusterImpl.java:lambda$waitForClusterToBeReady$0(223)) - SCM became leader
2023-01-16 14:41:52,756 [Command processor thread] INFO  server.RaftServer (RaftServerProxy.java:addNew(96)) - 16b0a967-ef5a-4382-99c2-95b744fea4a1: addNew group-8FD4D6844CC9:[16b0a967-ef5a-4382-99c2-95b744fea4a1|rpc:10.1.1.103:46459|dataStream:10.1.1.103:44335|priority:1|startupRole:FOLLOWER] returns group-8FD4D6844CC9:java.util.concurrent.CompletableFuture@3ccb3a4a[Not completed]
2023-01-16 14:41:52,766 [pool-71-thread-1] INFO  server.RaftServer$Division (RaftServerImpl.java:<init>(195)) - 16b0a967-ef5a-4382-99c2-95b744fea4a1: new RaftServerImpl for group-8FD4D6844CC9:[16b0a967-ef5a-4382-99c2-95b744fea4a1|rpc:10.1.1.103:46459|dataStream:10.1.1.103:44335|priority:1|startupRole:FOLLOWER] with ContainerStateMachine:uninitialized
2023-01-16 14:41:52,766 [pool-71-thread-1] INFO  server.RaftServerConfigKeys (ConfUtils.java:logGet(46)) - raft.server.rpc.timeout.min = 5s (custom)
2023-01-16 14:41:52,766 [pool-71-thread-1] INFO  server.RaftServerConfigKeys (ConfUtils.java:logGet(46)) - raft.server.rpc.timeout.max = 5200ms (custom)
2023-01-16 14:41:52,766 [pool-71-thread-1] INFO  server.RaftServerConfigKeys (ConfUtils.java:logGet(46)) - raft.server.rpc.sleep.time = 25ms (default)
2023-01-16 14:41:52,766 [pool-71-thread-1] INFO  server.RaftServerConfigKeys (ConfUtils.java:logGet(46)) - raft.server.rpc.slowness.timeout = 300s (custom)
2023-01-16 14:41:52,766 [pool-71-thread-1] INFO  server.RaftServerConfigKeys (ConfUtils.java:logGet(46)) - raft.server.leaderelection.leader.step-down.wait-time = 10s (default)
2023-01-16 14:41:52,767 [pool-71-thread-1] INFO  server.RaftServerConfigKeys (ConfUtils.java:logGet(46)) - raft.server.sleep.deviation.threshold = 300ms (default)
2023-01-16 14:41:52,767 [pool-71-thread-1] INFO  server.RaftServer$Division (ServerState.java:<init>(118)) - 16b0a967-ef5a-4382-99c2-95b744fea4a1@group-8FD4D6844CC9: ConfigurationManager, init=-1: peers:[16b0a967-ef5a-4382-99c2-95b744fea4a1|rpc:10.1.1.103:46459|dataStream:10.1.1.103:44335|priority:1|startupRole:FOLLOWER]|listeners:[], old=null, confs=<EMPTY_MAP>
2023-01-16 14:41:52,767 [pool-71-thread-1] INFO  server.RaftServerConfigKeys (ConfUtils.java:logGet(46)) - raft.server.storage.dir = [/home/runner/work/ozone/ozone/hadoop-ozone/integration-test/target/test-dir/MiniOzoneClusterImpl-bcd49b6a-245a-4637-b4c9-d6b301a8fda7/datanode-0/data/ratis] (custom)
2023-01-16 14:41:52,767 [pool-71-thread-1] INFO  server.RaftServerConfigKeys (ConfUtils.java:logGet(46)) - raft.server.log.corruption.policy = EXCEPTION (default)
2023-01-16 14:41:52,767 [pool-71-thread-1] INFO  server.RaftServerConfigKeys (ConfUtils.java:logGet(46)) - raft.server.storage.free-space.min = 0MB (=0) (default)
2023-01-16 14:41:52,767 [pool-71-thread-1] INFO  server.RaftServerConfigKeys (ConfUtils.java:logGet(46)) - raft.server.notification.no-leader.timeout = 300s (custom)
2023-01-16 14:41:52,767 [pool-71-thread-1] INFO  server.RaftServerConfigKeys (ConfUtils.java:logGet(46)) - raft.server.retrycache.expirytime = 600000ms (custom)
2023-01-16 14:41:52,767 [pool-71-thread-1] INFO  server.RaftServerConfigKeys (ConfUtils.java:logGet(46)) - raft.server.retrycache.statistics.expirytime = 100μs (default)
2023-01-16 14:41:52,770 [pool-71-thread-1] INFO  server.RaftServerConfigKeys (ConfUtils.java:logGet(46)) - raft.server.log.appender.install.snapshot.enabled = false (custom)
2023-01-16 14:41:52,770 [pool-71-thread-1] INFO  server.RaftServerConfigKeys (ConfUtils.java:logGet(46)) - raft.server.threadpool.server.cached = true (default)
2023-01-16 14:41:52,770 [pool-71-thread-1] INFO  server.RaftServerConfigKeys (ConfUtils.java:logGet(46)) - raft.server.threadpool.server.size = 0 (default)
2023-01-16 14:41:52,770 [pool-71-thread-1] INFO  server.RaftServerConfigKeys (ConfUtils.java:logGet(46)) - raft.server.threadpool.client.cached = true (default)
2023-01-16 14:41:52,770 [pool-71-thread-1] INFO  server.RaftServerConfigKeys (ConfUtils.java:logGet(46)) - raft.server.threadpool.client.size = 0 (default)
2023-01-16 14:41:52,770 [pool-71-thread-1] INFO  storage.RaftStorageDirectory (RaftStorageDirectoryImpl.java:analyzeStorage(137)) - The storage directory /home/runner/work/ozone/ozone/hadoop-ozone/integration-test/target/test-dir/MiniOzoneClusterImpl-bcd49b6a-245a-4637-b4c9-d6b301a8fda7/datanode-0/data/ratis/a2d9a643-2f18-49d1-b22b-8fd4d6844cc9 does not exist. Creating ...
2023-01-16 14:41:52,776 [pool-71-thread-1] INFO  storage.RaftStorageDirectory (RaftStorageDirectoryImpl.java:tryLock(231)) - Lock on /home/runner/work/ozone/ozone/hadoop-ozone/integration-test/target/test-dir/MiniOzoneClusterImpl-bcd49b6a-245a-4637-b4c9-d6b301a8fda7/datanode-0/data/ratis/a2d9a643-2f18-49d1-b22b-8fd4d6844cc9/in_use.lock acquired by nodename 12075@fv-az203-757
2023-01-16 14:41:52,777 [pool-71-thread-1] INFO  storage.RaftStorage (RaftStorageImpl.java:format(96)) - Storage directory /home/runner/work/ozone/ozone/hadoop-ozone/integration-test/target/test-dir/MiniOzoneClusterImpl-bcd49b6a-245a-4637-b4c9-d6b301a8fda7/datanode-0/data/ratis/a2d9a643-2f18-49d1-b22b-8fd4d6844cc9 has been successfully formatted.
2023-01-16 14:41:52,785 [pool-71-thread-1] INFO  ratis.ContainerStateMachine (ContainerStateMachine.java:loadSnapshot(240)) - group-8FD4D6844CC9: The snapshot info is null. Setting the last applied indexto:(t:0, i:~)
2023-01-16 14:41:52,785 [pool-71-thread-1] INFO  server.RaftServerConfigKeys (ConfUtils.java:logGet(46)) - raft.server.log.use.memory = false (default)
2023-01-16 14:41:52,788 [pool-71-thread-1] INFO  server.RaftServerConfigKeys (ConfUtils.java:logGet(46)) - raft.server.log.purge.gap = 1000000 (custom)
2023-01-16 14:41:52,788 [pool-71-thread-1] INFO  server.RaftServerConfigKeys (ConfUtils.java:logGet(46)) - raft.server.log.appender.buffer.byte-limit = 33554432 (custom)
2023-01-16 14:41:52,788 [pool-71-thread-1] INFO  server.RaftServerConfigKeys (ConfUtils.java:logGet(46)) - raft.server.log.statemachine.data.read.timeout = 1000ms (default)
2023-01-16 14:41:52,788 [pool-71-thread-1] INFO  server.RaftServerConfigKeys (ConfUtils.java:logGet(46)) - raft.server.log.purge.preservation.log.num = 0 (default)
2023-01-16 14:41:52,789 [pool-71-thread-1] INFO  server.RaftServerConfigKeys (ConfUtils.java:logGet(46)) - raft.server.log.segment.size.max = 1048576 (custom)
2023-01-16 14:41:52,790 [pool-71-thread-1] INFO  server.RaftServerConfigKeys (ConfUtils.java:logGet(46)) - raft.server.log.segment.cache.num.max = 2 (custom)
2023-01-16 14:41:52,790 [pool-71-thread-1] INFO  server.RaftServerConfigKeys (ConfUtils.java:logGet(46)) - raft.server.log.segment.cache.size.max = 200MB (=209715200) (default)
2023-01-16 14:41:52,790 [pool-71-thread-1] INFO  segmented.SegmentedRaftLogWorker (SegmentedRaftLogWorker.java:<init>(189)) - new 16b0a967-ef5a-4382-99c2-95b744fea4a1@group-8FD4D6844CC9-SegmentedRaftLogWorker for RaftStorageImpl:Storage Directory /home/runner/work/ozone/ozone/hadoop-ozone/integration-test/target/test-dir/MiniOzoneClusterImpl-bcd49b6a-245a-4637-b4c9-d6b301a8fda7/datanode-0/data/ratis/a2d9a643-2f18-49d1-b22b-8fd4d6844cc9
2023-01-16 14:41:52,790 [pool-71-thread-1] INFO  server.RaftServerConfigKeys (ConfUtils.java:logGet(46)) - raft.server.log.queue.byte-limit = 4294967296 (custom)
2023-01-16 14:41:52,790 [pool-71-thread-1] INFO  server.RaftServerConfigKeys (ConfUtils.java:logGet(46)) - raft.server.log.queue.element-limit = 1024 (custom)
2023-01-16 14:41:52,797 [pool-71-thread-1] INFO  server.RaftServerConfigKeys (ConfUtils.java:logGet(46)) - raft.server.log.segment.size.max = 1048576 (custom)
2023-01-16 14:41:52,797 [pool-71-thread-1] INFO  server.RaftServerConfigKeys (ConfUtils.java:logGet(46)) - raft.server.log.preallocated.size = 16384 (custom)
2023-01-16 14:41:52,797 [pool-71-thread-1] INFO  server.RaftServerConfigKeys (ConfUtils.java:logGet(46)) - raft.server.log.force.sync.num = 128 (default)
2023-01-16 14:41:52,797 [pool-71-thread-1] INFO  server.RaftServerConfigKeys (ConfUtils.java:logGet(46)) - raft.server.log.statemachine.data.sync = true (default)
2023-01-16 14:41:52,797 [pool-71-thread-1] INFO  server.RaftServerConfigKeys (ConfUtils.java:logGet(46)) - raft.server.log.statemachine.data.sync.timeout = 10s (default)
2023-01-16 14:41:52,797 [pool-71-thread-1] INFO  server.RaftServerConfigKeys (ConfUtils.java:logGet(46)) - raft.server.log.statemachine.data.sync.timeout.retry = -1 (default)
2023-01-16 14:41:52,800 [pool-71-thread-1] INFO  server.RaftServerConfigKeys (ConfUtils.java:logGet(46)) - raft.server.log.write.buffer.size = 1048576 (custom)
2023-01-16 14:41:52,801 [pool-71-thread-1] INFO  server.RaftServerConfigKeys (ConfUtils.java:logGet(46)) - raft.server.log.appender.buffer.byte-limit = 33554432 (custom)
2023-01-16 14:41:52,839 [pool-71-thread-1] INFO  server.RaftServerConfigKeys (ConfUtils.java:logGet(46)) - raft.server.log.unsafe-flush.enabled = false (default)
2023-01-16 14:41:52,847 [EventQueue-PipelineReportForPipelineReportHandler] INFO  pipeline.PipelineManagerImpl (PipelineManagerImpl.java:openPipeline(367)) - Pipeline Pipeline[ Id: a2d9a643-2f18-49d1-b22b-8fd4d6844cc9, Nodes: 16b0a967-ef5a-4382-99c2-95b744fea4a1(fv-az203-757.ild0l4k5vsluppoevu2oqvhmda.cx.internal.cloudapp.net/10.1.1.103), ReplicationConfig: RATIS/ONE, State:ALLOCATED, leaderId:16b0a967-ef5a-4382-99c2-95b744fea4a1, CreationTimestamp2023-01-16T14:41:49.789Z[Etc/UTC]] moved to OPEN state
2023-01-16 14:41:52,849 [pool-71-thread-1] INFO  server.RaftServerConfigKeys (ConfUtils.java:logGet(46)) - raft.server.log.async-flush.enabled = false (default)
2023-01-16 14:41:52,849 [EventQueue-OpenPipelineForHealthyPipelineSafeModeRule] INFO  safemode.SCMSafeModeManager (HealthyPipelineSafeModeRule.java:process(137)) - SCM in safe mode. Healthy pipelines reported count is 0, required healthy pipeline reported count is 1
2023-01-16 14:41:52,849 [pool-71-thread-1] INFO  server.RaftServerConfigKeys (ConfUtils.java:logGet(46)) - raft.server.log.statemachine.data.caching.enabled = true (custom)
2023-01-16 14:41:52,850 [pool-71-thread-1] INFO  segmented.SegmentedRaftLogWorker (SegmentedRaftLogWorker.java:lambda$new$0(135)) - 16b0a967-ef5a-4382-99c2-95b744fea4a1@group-8FD4D6844CC9-SegmentedRaftLogWorker: flushIndex: setUnconditionally 0 -> -1
2023-01-16 14:41:52,850 [pool-71-thread-1] INFO  segmented.SegmentedRaftLogWorker (SegmentedRaftLogWorker.java:lambda$new$0(135)) - 16b0a967-ef5a-4382-99c2-95b744fea4a1@group-8FD4D6844CC9-SegmentedRaftLogWorker: safeCacheEvictIndex: setUnconditionally 0 -> -1
2023-01-16 14:41:52,851 [pool-71-thread-1] INFO  server.RaftServer$Division (RaftServerImpl.java:start(334)) - 16b0a967-ef5a-4382-99c2-95b744fea4a1@group-8FD4D6844CC9: start as a follower, conf=-1: peers:[16b0a967-ef5a-4382-99c2-95b744fea4a1|rpc:10.1.1.103:46459|dataStream:10.1.1.103:44335|priority:1|startupRole:FOLLOWER]|listeners:[], old=null
2023-01-16 14:41:52,851 [pool-71-thread-1] INFO  server.RaftServer$Division (RaftServerImpl.java:setRole(321)) - 16b0a967-ef5a-4382-99c2-95b744fea4a1@group-8FD4D6844CC9: changes role from      null to FOLLOWER at term 0 for startAsFollower
2023-01-16 14:41:52,851 [pool-71-thread-1] INFO  impl.RoleInfo (RoleInfo.java:updateAndGet(139)) - 16b0a967-ef5a-4382-99c2-95b744fea4a1: start 16b0a967-ef5a-4382-99c2-95b744fea4a1@group-8FD4D6844CC9-FollowerState
2023-01-16 14:41:52,851 [pool-71-thread-1] INFO  util.JmxRegister (JmxRegister.java:tryRegister(44)) - Successfully registered JMX Bean with object name Ratis:service=RaftServer,group=group-8FD4D6844CC9,id=16b0a967-ef5a-4382-99c2-95b744fea4a1
2023-01-16 14:41:52,851 [pool-71-thread-1] INFO  server.RaftServerConfigKeys (ConfUtils.java:logGet(46)) - raft.server.snapshot.auto.trigger.enabled = true (custom)
2023-01-16 14:41:52,852 [pool-71-thread-1] INFO  server.RaftServerConfigKeys (ConfUtils.java:logGet(46)) - raft.server.snapshot.auto.trigger.threshold = 10000 (custom)
2023-01-16 14:41:52,852 [pool-71-thread-1] INFO  server.RaftServerConfigKeys (ConfUtils.java:logGet(46)) - raft.server.snapshot.retention.file.num = 5 (custom)
2023-01-16 14:41:52,852 [pool-71-thread-1] INFO  server.RaftServerConfigKeys (ConfUtils.java:logGet(46)) - raft.server.log.purge.upto.snapshot.index = false (default)
2023-01-16 14:41:52,857 [16b0a967-ef5a-4382-99c2-95b744fea4a1@group-8FD4D6844CC9-FollowerState] INFO  server.RaftServerConfigKeys (ConfUtils.java:logFallback(53)) - raft.server.rpc.first-election.timeout.min = 5s (fallback to raft.server.rpc.timeout.min)
2023-01-16 14:41:52,857 [16b0a967-ef5a-4382-99c2-95b744fea4a1@group-8FD4D6844CC9-FollowerState] INFO  server.RaftServerConfigKeys (ConfUtils.java:logFallback(53)) - raft.server.rpc.first-election.timeout.max = 5200ms (fallback to raft.server.rpc.timeout.max)
2023-01-16 14:41:52,862 [Command processor thread] INFO  ratis.XceiverServerRatis (XceiverServerRatis.java:addGroup(806)) - Created group PipelineID=a2d9a643-2f18-49d1-b22b-8fd4d6844cc9
2023-01-16 14:41:52,863 [Command processor thread] INFO  commandhandler.CreatePipelineCommandHandler (CreatePipelineCommandHandler.java:handle(113)) - Created Pipeline RATIS ONE PipelineID=a2d9a643-2f18-49d1-b22b-8fd4d6844cc9.
2023-01-16 14:41:52,863 [Command processor thread] INFO  server.RaftServer (RaftServerProxy.java:addNew(96)) - 16b0a967-ef5a-4382-99c2-95b744fea4a1: addNew group-5C0AAADC159B:[f3cb6aab-e792-43b9-8109-2d5521605a5b|rpc:10.1.1.103:38739|dataStream:10.1.1.103:37539|priority:0|startupRole:FOLLOWER, 16b0a967-ef5a-4382-99c2-95b744fea4a1|rpc:10.1.1.103:46459|dataStream:10.1.1.103:44335|priority:1|startupRole:FOLLOWER, d8f5a1f3-e512-499d-ae8e-3cd02accfea1|rpc:10.1.1.103:43661|dataStream:10.1.1.103:39865|priority:0|startupRole:FOLLOWER] returns group-5C0AAADC159B:java.util.concurrent.CompletableFuture@5011c7f0[Not completed]
2023-01-16 14:41:52,865 [pool-71-thread-1] INFO  server.RaftServer$Division (RaftServerImpl.java:<init>(195)) - 16b0a967-ef5a-4382-99c2-95b744fea4a1: new RaftServerImpl for group-5C0AAADC159B:[f3cb6aab-e792-43b9-8109-2d5521605a5b|rpc:10.1.1.103:38739|dataStream:10.1.1.103:37539|priority:0|startupRole:FOLLOWER, 16b0a967-ef5a-4382-99c2-95b744fea4a1|rpc:10.1.1.103:46459|dataStream:10.1.1.103:44335|priority:1|startupRole:FOLLOWER, d8f5a1f3-e512-499d-ae8e-3cd02accfea1|rpc:10.1.1.103:43661|dataStream:10.1.1.103:39865|priority:0|startupRole:FOLLOWER] with ContainerStateMachine:uninitialized
2023-01-16 14:41:52,865 [pool-71-thread-1] INFO  server.RaftServerConfigKeys (ConfUtils.java:logGet(46)) - raft.server.rpc.timeout.min = 5s (custom)
2023-01-16 14:41:52,865 [pool-71-thread-1] INFO  server.RaftServerConfigKeys (ConfUtils.java:logGet(46)) - raft.server.rpc.timeout.max = 5200ms (custom)
2023-01-16 14:41:52,865 [pool-71-thread-1] INFO  server.RaftServerConfigKeys (ConfUtils.java:logGet(46)) - raft.server.rpc.sleep.time = 25ms (default)
2023-01-16 14:41:52,865 [pool-71-thread-1] INFO  server.RaftServerConfigKeys (ConfUtils.java:logGet(46)) - raft.server.rpc.slowness.timeout = 300s (custom)
2023-01-16 14:41:52,865 [pool-71-thread-1] INFO  server.RaftServerConfigKeys (ConfUtils.java:logGet(46)) - raft.server.leaderelection.leader.step-down.wait-time = 10s (default)
2023-01-16 14:41:52,865 [pool-71-thread-1] INFO  server.RaftServerConfigKeys (ConfUtils.java:logGet(46)) - raft.server.sleep.deviation.threshold = 300ms (default)
2023-01-16 14:41:52,865 [pool-71-thread-1] INFO  server.RaftServer$Division (ServerState.java:<init>(118)) - 16b0a967-ef5a-4382-99c2-95b744fea4a1@group-5C0AAADC159B: ConfigurationManager, init=-1: peers:[f3cb6aab-e792-43b9-8109-2d5521605a5b|rpc:10.1.1.103:38739|dataStream:10.1.1.103:37539|priority:0|startupRole:FOLLOWER, 16b0a967-ef5a-4382-99c2-95b744fea4a1|rpc:10.1.1.103:46459|dataStream:10.1.1.103:44335|priority:1|startupRole:FOLLOWER, d8f5a1f3-e512-499d-ae8e-3cd02accfea1|rpc:10.1.1.103:43661|dataStream:10.1.1.103:39865|priority:0|startupRole:FOLLOWER]|listeners:[], old=null, confs=<EMPTY_MAP>
2023-01-16 14:41:52,866 [pool-71-thread-1] INFO  server.RaftServerConfigKeys (ConfUtils.java:logGet(46)) - raft.server.storage.dir = [/home/runner/work/ozone/ozone/hadoop-ozone/integration-test/target/test-dir/MiniOzoneClusterImpl-bcd49b6a-245a-4637-b4c9-d6b301a8fda7/datanode-0/data/ratis] (custom)
2023-01-16 14:41:52,867 [pool-71-thread-1] INFO  server.RaftServerConfigKeys (ConfUtils.java:logGet(46)) - raft.server.log.corruption.policy = EXCEPTION (default)
2023-01-16 14:41:52,867 [pool-71-thread-1] INFO  server.RaftServerConfigKeys (ConfUtils.java:logGet(46)) - raft.server.storage.free-space.min = 0MB (=0) (default)
2023-01-16 14:41:52,867 [pool-71-thread-1] INFO  server.RaftServerConfigKeys (ConfUtils.java:logGet(46)) - raft.server.notification.no-leader.timeout = 300s (custom)
2023-01-16 14:41:52,867 [pool-71-thread-1] INFO  server.RaftServerConfigKeys (ConfUtils.java:logGet(46)) - raft.server.retrycache.expirytime = 600000ms (custom)
2023-01-16 14:41:52,867 [pool-71-thread-1] INFO  server.RaftServerConfigKeys (ConfUtils.java:logGet(46)) - raft.server.retrycache.statistics.expirytime = 100μs (default)
2023-01-16 14:41:52,869 [pool-71-thread-1] INFO  server.RaftServerConfigKeys (ConfUtils.java:logGet(46)) - raft.server.log.appender.install.snapshot.enabled = false (custom)
2023-01-16 14:41:52,869 [pool-71-thread-1] INFO  server.RaftServerConfigKeys (ConfUtils.java:logGet(46)) - raft.server.threadpool.server.cached = true (default)
2023-01-16 14:41:52,869 [pool-71-thread-1] INFO  server.RaftServerConfigKeys (ConfUtils.java:logGet(46)) - raft.server.threadpool.server.size = 0 (default)
2023-01-16 14:41:52,869 [pool-71-thread-1] INFO  server.RaftServerConfigKeys (ConfUtils.java:logGet(46)) - raft.server.threadpool.client.cached = true (default)
2023-01-16 14:41:52,869 [pool-71-thread-1] INFO  server.RaftServerConfigKeys (ConfUtils.java:logGet(46)) - raft.server.threadpool.client.size = 0 (default)
2023-01-16 14:41:52,871 [pool-71-thread-1] INFO  storage.RaftStorageDirectory (RaftStorageDirectoryImpl.java:analyzeStorage(137)) - The storage directory /home/runner/work/ozone/ozone/hadoop-ozone/integration-test/target/test-dir/MiniOzoneClusterImpl-bcd49b6a-245a-4637-b4c9-d6b301a8fda7/datanode-0/data/ratis/32c6938f-0a63-4d37-9218-5c0aaadc159b does not exist. Creating ...
2023-01-16 14:41:52,873 [pool-71-thread-1] INFO  storage.RaftStorageDirectory (RaftStorageDirectoryImpl.java:tryLock(231)) - Lock on /home/runner/work/ozone/ozone/hadoop-ozone/integration-test/target/test-dir/MiniOzoneClusterImpl-bcd49b6a-245a-4637-b4c9-d6b301a8fda7/datanode-0/data/ratis/32c6938f-0a63-4d37-9218-5c0aaadc159b/in_use.lock acquired by nodename 12075@fv-az203-757
2023-01-16 14:41:52,874 [pool-71-thread-1] INFO  storage.RaftStorage (RaftStorageImpl.java:format(96)) - Storage directory /home/runner/work/ozone/ozone/hadoop-ozone/integration-test/target/test-dir/MiniOzoneClusterImpl-bcd49b6a-245a-4637-b4c9-d6b301a8fda7/datanode-0/data/ratis/32c6938f-0a63-4d37-9218-5c0aaadc159b has been successfully formatted.
2023-01-16 14:41:52,877 [pool-71-thread-1] INFO  ratis.ContainerStateMachine (ContainerStateMachine.java:loadSnapshot(240)) - group-5C0AAADC159B: The snapshot info is null. Setting the last applied indexto:(t:0, i:~)
2023-01-16 14:41:52,877 [pool-71-thread-1] INFO  server.RaftServerConfigKeys (ConfUtils.java:logGet(46)) - raft.server.log.use.memory = false (default)
2023-01-16 14:41:52,877 [pool-71-thread-1] INFO  server.RaftServerConfigKeys (ConfUtils.java:logGet(46)) - raft.server.log.purge.gap = 1000000 (custom)
2023-01-16 14:41:52,877 [pool-71-thread-1] INFO  server.RaftServerConfigKeys (ConfUtils.java:logGet(46)) - raft.server.log.appender.buffer.byte-limit = 33554432 (custom)
2023-01-16 14:41:52,877 [pool-71-thread-1] INFO  server.RaftServerConfigKeys (ConfUtils.java:logGet(46)) - raft.server.log.statemachine.data.read.timeout = 1000ms (default)
2023-01-16 14:41:52,877 [pool-71-thread-1] INFO  server.RaftServerConfigKeys (ConfUtils.java:logGet(46)) - raft.server.log.purge.preservation.log.num = 0 (default)
2023-01-16 14:41:52,878 [pool-71-thread-1] INFO  server.RaftServerConfigKeys (ConfUtils.java:logGet(46)) - raft.server.log.segment.size.max = 1048576 (custom)
2023-01-16 14:41:52,878 [EventQueue-OpenPipelineForHealthyPipelineSafeModeRule] INFO  safemode.SCMSafeModeManager (HealthyPipelineSafeModeRule.java:process(137)) - SCM in safe mode. Healthy pipelines reported count is 0, required healthy pipeline reported count is 1
2023-01-16 14:41:52,886 [pool-71-thread-1] INFO  server.RaftServerConfigKeys (ConfUtils.java:logGet(46)) - raft.server.log.segment.cache.num.max = 2 (custom)
2023-01-16 14:41:52,886 [pool-71-thread-1] INFO  server.RaftServerConfigKeys (ConfUtils.java:logGet(46)) - raft.server.log.segment.cache.size.max = 200MB (=209715200) (default)
2023-01-16 14:41:52,886 [pool-71-thread-1] INFO  segmented.SegmentedRaftLogWorker (SegmentedRaftLogWorker.java:<init>(189)) - new 16b0a967-ef5a-4382-99c2-95b744fea4a1@group-5C0AAADC159B-SegmentedRaftLogWorker for RaftStorageImpl:Storage Directory /home/runner/work/ozone/ozone/hadoop-ozone/integration-test/target/test-dir/MiniOzoneClusterImpl-bcd49b6a-245a-4637-b4c9-d6b301a8fda7/datanode-0/data/ratis/32c6938f-0a63-4d37-9218-5c0aaadc159b
2023-01-16 14:41:52,886 [pool-71-thread-1] INFO  server.RaftServerConfigKeys (ConfUtils.java:logGet(46)) - raft.server.log.queue.byte-limit = 4294967296 (custom)
2023-01-16 14:41:52,886 [pool-71-thread-1] INFO  server.RaftServerConfigKeys (ConfUtils.java:logGet(46)) - raft.server.log.queue.element-limit = 1024 (custom)
2023-01-16 14:41:52,886 [pool-71-thread-1] INFO  server.RaftServerConfigKeys (ConfUtils.java:logGet(46)) - raft.server.log.segment.size.max = 1048576 (custom)
2023-01-16 14:41:52,886 [pool-71-thread-1] INFO  server.RaftServerConfigKeys (ConfUtils.java:logGet(46)) - raft.server.log.preallocated.size = 16384 (custom)
2023-01-16 14:41:52,886 [pool-71-thread-1] INFO  server.RaftServerConfigKeys (ConfUtils.java:logGet(46)) - raft.server.log.force.sync.num = 128 (default)
2023-01-16 14:41:52,886 [pool-71-thread-1] INFO  server.RaftServerConfigKeys (ConfUtils.java:logGet(46)) - raft.server.log.statemachine.data.sync = true (default)
2023-01-16 14:41:52,886 [pool-71-thread-1] INFO  server.RaftServerConfigKeys (ConfUtils.java:logGet(46)) - raft.server.log.statemachine.data.sync.timeout = 10s (default)
2023-01-16 14:41:52,886 [pool-71-thread-1] INFO  server.RaftServerConfigKeys (ConfUtils.java:logGet(46)) - raft.server.log.statemachine.data.sync.timeout.retry = -1 (default)
2023-01-16 14:41:52,888 [pool-71-thread-1] INFO  server.RaftServerConfigKeys (ConfUtils.java:logGet(46)) - raft.server.log.write.buffer.size = 1048576 (custom)
2023-01-16 14:41:52,888 [pool-71-thread-1] INFO  server.RaftServerConfigKeys (ConfUtils.java:logGet(46)) - raft.server.log.appender.buffer.byte-limit = 33554432 (custom)
2023-01-16 14:41:52,893 [pool-71-thread-1] INFO  server.RaftServerConfigKeys (ConfUtils.java:logGet(46)) - raft.server.log.unsafe-flush.enabled = false (default)
2023-01-16 14:41:52,893 [pool-71-thread-1] INFO  server.RaftServerConfigKeys (ConfUtils.java:logGet(46)) - raft.server.log.async-flush.enabled = false (default)
2023-01-16 14:41:52,893 [pool-71-thread-1] INFO  server.RaftServerConfigKeys (ConfUtils.java:logGet(46)) - raft.server.log.statemachine.data.caching.enabled = true (custom)
2023-01-16 14:41:52,893 [pool-71-thread-1] INFO  segmented.SegmentedRaftLogWorker (SegmentedRaftLogWorker.java:lambda$new$0(135)) - 16b0a967-ef5a-4382-99c2-95b744fea4a1@group-5C0AAADC159B-SegmentedRaftLogWorker: flushIndex: setUnconditionally 0 -> -1
2023-01-16 14:41:52,893 [pool-71-thread-1] INFO  segmented.SegmentedRaftLogWorker (SegmentedRaftLogWorker.java:lambda$new$0(135)) - 16b0a967-ef5a-4382-99c2-95b744fea4a1@group-5C0AAADC159B-SegmentedRaftLogWorker: safeCacheEvictIndex: setUnconditionally 0 -> -1
2023-01-16 14:41:52,894 [pool-71-thread-1] INFO  server.RaftServer$Division (RaftServerImpl.java:start(334)) - 16b0a967-ef5a-4382-99c2-95b744fea4a1@group-5C0AAADC159B: start as a follower, conf=-1: peers:[f3cb6aab-e792-43b9-8109-2d5521605a5b|rpc:10.1.1.103:38739|dataStream:10.1.1.103:37539|priority:0|startupRole:FOLLOWER, 16b0a967-ef5a-4382-99c2-95b744fea4a1|rpc:10.1.1.103:46459|dataStream:10.1.1.103:44335|priority:1|startupRole:FOLLOWER, d8f5a1f3-e512-499d-ae8e-3cd02accfea1|rpc:10.1.1.103:43661|dataStream:10.1.1.103:39865|priority:0|startupRole:FOLLOWER]|listeners:[], old=null
2023-01-16 14:41:52,894 [pool-71-thread-1] INFO  server.RaftServer$Division (RaftServerImpl.java:setRole(321)) - 16b0a967-ef5a-4382-99c2-95b744fea4a1@group-5C0AAADC159B: changes role from      null to FOLLOWER at term 0 for startAsFollower
2023-01-16 14:41:52,894 [pool-71-thread-1] INFO  impl.RoleInfo (RoleInfo.java:updateAndGet(139)) - 16b0a967-ef5a-4382-99c2-95b744fea4a1: start 16b0a967-ef5a-4382-99c2-95b744fea4a1@group-5C0AAADC159B-FollowerState
2023-01-16 14:41:52,894 [pool-71-thread-1] INFO  util.JmxRegister (JmxRegister.java:tryRegister(44)) - Successfully registered JMX Bean with object name Ratis:service=RaftServer,group=group-5C0AAADC159B,id=16b0a967-ef5a-4382-99c2-95b744fea4a1
2023-01-16 14:41:52,894 [pool-71-thread-1] INFO  server.RaftServerConfigKeys (ConfUtils.java:logGet(46)) - raft.server.snapshot.auto.trigger.enabled = true (custom)
2023-01-16 14:41:52,894 [pool-71-thread-1] INFO  server.RaftServerConfigKeys (ConfUtils.java:logGet(46)) - raft.server.snapshot.auto.trigger.threshold = 10000 (custom)
2023-01-16 14:41:52,894 [pool-71-thread-1] INFO  server.RaftServerConfigKeys (ConfUtils.java:logGet(46)) - raft.server.snapshot.retention.file.num = 5 (custom)
2023-01-16 14:41:52,894 [pool-71-thread-1] INFO  server.RaftServerConfigKeys (ConfUtils.java:logGet(46)) - raft.server.log.purge.upto.snapshot.index = false (default)
2023-01-16 14:41:52,895 [16b0a967-ef5a-4382-99c2-95b744fea4a1@group-5C0AAADC159B-FollowerState] INFO  server.RaftServerConfigKeys (ConfUtils.java:logFallback(53)) - raft.server.rpc.first-election.timeout.min = 5s (fallback to raft.server.rpc.timeout.min)
2023-01-16 14:41:52,896 [Command processor thread] INFO  ratis.XceiverServerRatis (XceiverServerRatis.java:addGroup(806)) - Created group PipelineID=32c6938f-0a63-4d37-9218-5c0aaadc159b
2023-01-16 14:41:52,896 [16b0a967-ef5a-4382-99c2-95b744fea4a1@group-5C0AAADC159B-FollowerState] INFO  server.RaftServerConfigKeys (ConfUtils.java:logFallback(53)) - raft.server.rpc.first-election.timeout.max = 5200ms (fallback to raft.server.rpc.timeout.max)
2023-01-16 14:41:53,274 [Command processor thread] INFO  server.RaftServer (RaftServerProxy.java:addNew(96)) - f3cb6aab-e792-43b9-8109-2d5521605a5b: addNew group-D92613AF601F:[f3cb6aab-e792-43b9-8109-2d5521605a5b|rpc:10.1.1.103:38739|dataStream:10.1.1.103:37539|priority:1|startupRole:FOLLOWER] returns group-D92613AF601F:java.util.concurrent.CompletableFuture@8107396[Not completed]
2023-01-16 14:41:53,276 [pool-94-thread-1] INFO  server.RaftServer$Division (RaftServerImpl.java:<init>(195)) - f3cb6aab-e792-43b9-8109-2d5521605a5b: new RaftServerImpl for group-D92613AF601F:[f3cb6aab-e792-43b9-8109-2d5521605a5b|rpc:10.1.1.103:38739|dataStream:10.1.1.103:37539|priority:1|startupRole:FOLLOWER] with ContainerStateMachine:uninitialized
2023-01-16 14:41:53,277 [pool-94-thread-1] INFO  server.RaftServerConfigKeys (ConfUtils.java:logGet(46)) - raft.server.rpc.timeout.min = 5s (custom)
2023-01-16 14:41:53,277 [pool-94-thread-1] INFO  server.RaftServerConfigKeys (ConfUtils.java:logGet(46)) - raft.server.rpc.timeout.max = 5200ms (custom)
2023-01-16 14:41:53,277 [pool-94-thread-1] INFO  server.RaftServerConfigKeys (ConfUtils.java:logGet(46)) - raft.server.rpc.sleep.time = 25ms (default)
2023-01-16 14:41:53,277 [pool-94-thread-1] INFO  server.RaftServerConfigKeys (ConfUtils.java:logGet(46)) - raft.server.rpc.slowness.timeout = 300s (custom)
2023-01-16 14:41:53,277 [pool-94-thread-1] INFO  server.RaftServerConfigKeys (ConfUtils.java:logGet(46)) - raft.server.leaderelection.leader.step-down.wait-time = 10s (default)
2023-01-16 14:41:53,277 [pool-94-thread-1] INFO  server.RaftServerConfigKeys (ConfUtils.java:logGet(46)) - raft.server.sleep.deviation.threshold = 300ms (default)
2023-01-16 14:41:53,277 [pool-94-thread-1] INFO  server.RaftServer$Division (ServerState.java:<init>(118)) - f3cb6aab-e792-43b9-8109-2d5521605a5b@group-D92613AF601F: ConfigurationManager, init=-1: peers:[f3cb6aab-e792-43b9-8109-2d5521605a5b|rpc:10.1.1.103:38739|dataStream:10.1.1.103:37539|priority:1|startupRole:FOLLOWER]|listeners:[], old=null, confs=<EMPTY_MAP>
2023-01-16 14:41:53,277 [pool-94-thread-1] INFO  server.RaftServerConfigKeys (ConfUtils.java:logGet(46)) - raft.server.storage.dir = [/home/runner/work/ozone/ozone/hadoop-ozone/integration-test/target/test-dir/MiniOzoneClusterImpl-bcd49b6a-245a-4637-b4c9-d6b301a8fda7/datanode-1/data/ratis] (custom)
2023-01-16 14:41:53,277 [pool-94-thread-1] INFO  server.RaftServerConfigKeys (ConfUtils.java:logGet(46)) - raft.server.log.corruption.policy = EXCEPTION (default)
2023-01-16 14:41:53,277 [pool-94-thread-1] INFO  server.RaftServerConfigKeys (ConfUtils.java:logGet(46)) - raft.server.storage.free-space.min = 0MB (=0) (default)
2023-01-16 14:41:53,277 [pool-94-thread-1] INFO  server.RaftServerConfigKeys (ConfUtils.java:logGet(46)) - raft.server.notification.no-leader.timeout = 300s (custom)
2023-01-16 14:41:53,277 [pool-94-thread-1] INFO  server.RaftServerConfigKeys (ConfUtils.java:logGet(46)) - raft.server.retrycache.expirytime = 600000ms (custom)
2023-01-16 14:41:53,278 [pool-94-thread-1] INFO  server.RaftServerConfigKeys (ConfUtils.java:logGet(46)) - raft.server.retrycache.statistics.expirytime = 100μs (default)
2023-01-16 14:41:53,279 [pool-94-thread-1] INFO  server.RaftServerConfigKeys (ConfUtils.java:logGet(46)) - raft.server.log.appender.install.snapshot.enabled = false (custom)
2023-01-16 14:41:53,279 [pool-94-thread-1] INFO  server.RaftServerConfigKeys (ConfUtils.java:logGet(46)) - raft.server.threadpool.server.cached = true (default)
2023-01-16 14:41:53,279 [pool-94-thread-1] INFO  server.RaftServerConfigKeys (ConfUtils.java:logGet(46)) - raft.server.threadpool.server.size = 0 (default)
2023-01-16 14:41:53,289 [pool-94-thread-1] INFO  server.RaftServerConfigKeys (ConfUtils.java:logGet(46)) - raft.server.threadpool.client.cached = true (default)
2023-01-16 14:41:53,290 [pool-94-thread-1] INFO  server.RaftServerConfigKeys (ConfUtils.java:logGet(46)) - raft.server.threadpool.client.size = 0 (default)
2023-01-16 14:41:53,290 [pool-94-thread-1] INFO  storage.RaftStorageDirectory (RaftStorageDirectoryImpl.java:analyzeStorage(137)) - The storage directory /home/runner/work/ozone/ozone/hadoop-ozone/integration-test/target/test-dir/MiniOzoneClusterImpl-bcd49b6a-245a-4637-b4c9-d6b301a8fda7/datanode-1/data/ratis/854b0b2a-f1b6-4637-ba5a-d92613af601f does not exist. Creating ...
2023-01-16 14:41:53,291 [pool-94-thread-1] INFO  storage.RaftStorageDirectory (RaftStorageDirectoryImpl.java:tryLock(231)) - Lock on /home/runner/work/ozone/ozone/hadoop-ozone/integration-test/target/test-dir/MiniOzoneClusterImpl-bcd49b6a-245a-4637-b4c9-d6b301a8fda7/datanode-1/data/ratis/854b0b2a-f1b6-4637-ba5a-d92613af601f/in_use.lock acquired by nodename 12075@fv-az203-757
2023-01-16 14:41:53,292 [pool-94-thread-1] INFO  storage.RaftStorage (RaftStorageImpl.java:format(96)) - Storage directory /home/runner/work/ozone/ozone/hadoop-ozone/integration-test/target/test-dir/MiniOzoneClusterImpl-bcd49b6a-245a-4637-b4c9-d6b301a8fda7/datanode-1/data/ratis/854b0b2a-f1b6-4637-ba5a-d92613af601f has been successfully formatted.
2023-01-16 14:41:53,293 [pool-94-thread-1] INFO  ratis.ContainerStateMachine (ContainerStateMachine.java:loadSnapshot(240)) - group-D92613AF601F: The snapshot info is null. Setting the last applied indexto:(t:0, i:~)
2023-01-16 14:41:53,313 [EventQueue-PipelineReportForPipelineReportHandler] INFO  pipeline.PipelineManagerImpl (PipelineManagerImpl.java:openPipeline(367)) - Pipeline Pipeline[ Id: 854b0b2a-f1b6-4637-ba5a-d92613af601f, Nodes: f3cb6aab-e792-43b9-8109-2d5521605a5b(fv-az203-757.ild0l4k5vsluppoevu2oqvhmda.cx.internal.cloudapp.net/10.1.1.103), ReplicationConfig: RATIS/ONE, State:ALLOCATED, leaderId:f3cb6aab-e792-43b9-8109-2d5521605a5b, CreationTimestamp2023-01-16T14:41:50.277Z[Etc/UTC]] moved to OPEN state
2023-01-16 14:41:53,314 [EventQueue-OpenPipelineForHealthyPipelineSafeModeRule] INFO  safemode.SCMSafeModeManager (HealthyPipelineSafeModeRule.java:process(137)) - SCM in safe mode. Healthy pipelines reported count is 0, required healthy pipeline reported count is 1
2023-01-16 14:41:53,314 [pool-94-thread-1] INFO  server.RaftServerConfigKeys (ConfUtils.java:logGet(46)) - raft.server.log.use.memory = false (default)
2023-01-16 14:41:53,314 [pool-94-thread-1] INFO  server.RaftServerConfigKeys (ConfUtils.java:logGet(46)) - raft.server.log.purge.gap = 1000000 (custom)
2023-01-16 14:41:53,315 [pool-94-thread-1] INFO  server.RaftServerConfigKeys (ConfUtils.java:logGet(46)) - raft.server.log.appender.buffer.byte-limit = 33554432 (custom)
2023-01-16 14:41:53,315 [pool-94-thread-1] INFO  server.RaftServerConfigKeys (ConfUtils.java:logGet(46)) - raft.server.log.statemachine.data.read.timeout = 1000ms (default)
2023-01-16 14:41:53,315 [pool-94-thread-1] INFO  server.RaftServerConfigKeys (ConfUtils.java:logGet(46)) - raft.server.log.purge.preservation.log.num = 0 (default)
2023-01-16 14:41:53,315 [pool-94-thread-1] INFO  server.RaftServerConfigKeys (ConfUtils.java:logGet(46)) - raft.server.log.segment.size.max = 1048576 (custom)
2023-01-16 14:41:53,318 [pool-94-thread-1] INFO  server.RaftServerConfigKeys (ConfUtils.java:logGet(46)) - raft.server.log.segment.cache.num.max = 2 (custom)
2023-01-16 14:41:53,318 [pool-94-thread-1] INFO  server.RaftServerConfigKeys (ConfUtils.java:logGet(46)) - raft.server.log.segment.cache.size.max = 200MB (=209715200) (default)
2023-01-16 14:41:53,318 [pool-94-thread-1] INFO  segmented.SegmentedRaftLogWorker (SegmentedRaftLogWorker.java:<init>(189)) - new f3cb6aab-e792-43b9-8109-2d5521605a5b@group-D92613AF601F-SegmentedRaftLogWorker for RaftStorageImpl:Storage Directory /home/runner/work/ozone/ozone/hadoop-ozone/integration-test/target/test-dir/MiniOzoneClusterImpl-bcd49b6a-245a-4637-b4c9-d6b301a8fda7/datanode-1/data/ratis/854b0b2a-f1b6-4637-ba5a-d92613af601f
2023-01-16 14:41:53,318 [pool-94-thread-1] INFO  server.RaftServerConfigKeys (ConfUtils.java:logGet(46)) - raft.server.log.queue.byte-limit = 4294967296 (custom)
2023-01-16 14:41:53,318 [pool-94-thread-1] INFO  server.RaftServerConfigKeys (ConfUtils.java:logGet(46)) - raft.server.log.queue.element-limit = 1024 (custom)
2023-01-16 14:41:53,318 [pool-94-thread-1] INFO  server.RaftServerConfigKeys (ConfUtils.java:logGet(46)) - raft.server.log.segment.size.max = 1048576 (custom)
2023-01-16 14:41:53,318 [pool-94-thread-1] INFO  server.RaftServerConfigKeys (ConfUtils.java:logGet(46)) - raft.server.log.preallocated.size = 16384 (custom)
2023-01-16 14:41:53,318 [pool-94-thread-1] INFO  server.RaftServerConfigKeys (ConfUtils.java:logGet(46)) - raft.server.log.force.sync.num = 128 (default)
2023-01-16 14:41:53,318 [pool-94-thread-1] INFO  server.RaftServerConfigKeys (ConfUtils.java:logGet(46)) - raft.server.log.statemachine.data.sync = true (default)
2023-01-16 14:41:53,318 [pool-94-thread-1] INFO  server.RaftServerConfigKeys (ConfUtils.java:logGet(46)) - raft.server.log.statemachine.data.sync.timeout = 10s (default)
2023-01-16 14:41:53,318 [pool-94-thread-1] INFO  server.RaftServerConfigKeys (ConfUtils.java:logGet(46)) - raft.server.log.statemachine.data.sync.timeout.retry = -1 (default)
2023-01-16 14:41:53,322 [pool-94-thread-1] INFO  server.RaftServerConfigKeys (ConfUtils.java:logGet(46)) - raft.server.log.write.buffer.size = 1048576 (custom)
2023-01-16 14:41:53,322 [pool-94-thread-1] INFO  server.RaftServerConfigKeys (ConfUtils.java:logGet(46)) - raft.server.log.appender.buffer.byte-limit = 33554432 (custom)
2023-01-16 14:41:53,337 [pool-94-thread-1] INFO  server.RaftServerConfigKeys (ConfUtils.java:logGet(46)) - raft.server.log.unsafe-flush.enabled = false (default)
2023-01-16 14:41:53,340 [pool-94-thread-1] INFO  server.RaftServerConfigKeys (ConfUtils.java:logGet(46)) - raft.server.log.async-flush.enabled = false (default)
2023-01-16 14:41:53,340 [pool-94-thread-1] INFO  server.RaftServerConfigKeys (ConfUtils.java:logGet(46)) - raft.server.log.statemachine.data.caching.enabled = true (custom)
2023-01-16 14:41:53,341 [pool-94-thread-1] INFO  segmented.SegmentedRaftLogWorker (SegmentedRaftLogWorker.java:lambda$new$0(135)) - f3cb6aab-e792-43b9-8109-2d5521605a5b@group-D92613AF601F-SegmentedRaftLogWorker: flushIndex: setUnconditionally 0 -> -1
2023-01-16 14:41:53,341 [pool-94-thread-1] INFO  segmented.SegmentedRaftLogWorker (SegmentedRaftLogWorker.java:lambda$new$0(135)) - f3cb6aab-e792-43b9-8109-2d5521605a5b@group-D92613AF601F-SegmentedRaftLogWorker: safeCacheEvictIndex: setUnconditionally 0 -> -1
2023-01-16 14:41:53,341 [pool-94-thread-1] INFO  server.RaftServer$Division (RaftServerImpl.java:start(334)) - f3cb6aab-e792-43b9-8109-2d5521605a5b@group-D92613AF601F: start as a follower, conf=-1: peers:[f3cb6aab-e792-43b9-8109-2d5521605a5b|rpc:10.1.1.103:38739|dataStream:10.1.1.103:37539|priority:1|startupRole:FOLLOWER]|listeners:[], old=null
2023-01-16 14:41:53,341 [pool-94-thread-1] INFO  server.RaftServer$Division (RaftServerImpl.java:setRole(321)) - f3cb6aab-e792-43b9-8109-2d5521605a5b@group-D92613AF601F: changes role from      null to FOLLOWER at term 0 for startAsFollower
2023-01-16 14:41:53,342 [pool-94-thread-1] INFO  impl.RoleInfo (RoleInfo.java:updateAndGet(139)) - f3cb6aab-e792-43b9-8109-2d5521605a5b: start f3cb6aab-e792-43b9-8109-2d5521605a5b@group-D92613AF601F-FollowerState
2023-01-16 14:41:53,342 [pool-94-thread-1] INFO  util.JmxRegister (JmxRegister.java:tryRegister(44)) - Successfully registered JMX Bean with object name Ratis:service=RaftServer,group=group-D92613AF601F,id=f3cb6aab-e792-43b9-8109-2d5521605a5b
2023-01-16 14:41:53,344 [pool-94-thread-1] INFO  server.RaftServerConfigKeys (ConfUtils.java:logGet(46)) - raft.server.snapshot.auto.trigger.enabled = true (custom)
2023-01-16 14:41:53,344 [pool-94-thread-1] INFO  server.RaftServerConfigKeys (ConfUtils.java:logGet(46)) - raft.server.snapshot.auto.trigger.threshold = 10000 (custom)
2023-01-16 14:41:53,344 [pool-94-thread-1] INFO  server.RaftServerConfigKeys (ConfUtils.java:logGet(46)) - raft.server.snapshot.retention.file.num = 5 (custom)
2023-01-16 14:41:53,344 [pool-94-thread-1] INFO  server.RaftServerConfigKeys (ConfUtils.java:logGet(46)) - raft.server.log.purge.upto.snapshot.index = false (default)
2023-01-16 14:41:53,348 [f3cb6aab-e792-43b9-8109-2d5521605a5b@group-D92613AF601F-FollowerState] INFO  server.RaftServerConfigKeys (ConfUtils.java:logFallback(53)) - raft.server.rpc.first-election.timeout.min = 5s (fallback to raft.server.rpc.timeout.min)
2023-01-16 14:41:53,348 [f3cb6aab-e792-43b9-8109-2d5521605a5b@group-D92613AF601F-FollowerState] INFO  server.RaftServerConfigKeys (ConfUtils.java:logFallback(53)) - raft.server.rpc.first-election.timeout.max = 5200ms (fallback to raft.server.rpc.timeout.max)
2023-01-16 14:41:53,351 [Command processor thread] INFO  ratis.XceiverServerRatis (XceiverServerRatis.java:addGroup(806)) - Created group PipelineID=854b0b2a-f1b6-4637-ba5a-d92613af601f
2023-01-16 14:41:53,351 [Command processor thread] INFO  commandhandler.CreatePipelineCommandHandler (CreatePipelineCommandHandler.java:handle(113)) - Created Pipeline RATIS ONE PipelineID=854b0b2a-f1b6-4637-ba5a-d92613af601f.
2023-01-16 14:41:53,352 [Command processor thread] INFO  server.RaftServer (RaftServerProxy.java:addNew(96)) - f3cb6aab-e792-43b9-8109-2d5521605a5b: addNew group-5C0AAADC159B:[f3cb6aab-e792-43b9-8109-2d5521605a5b|rpc:10.1.1.103:38739|dataStream:10.1.1.103:37539|priority:0|startupRole:FOLLOWER, 16b0a967-ef5a-4382-99c2-95b744fea4a1|rpc:10.1.1.103:46459|dataStream:10.1.1.103:44335|priority:1|startupRole:FOLLOWER, d8f5a1f3-e512-499d-ae8e-3cd02accfea1|rpc:10.1.1.103:43661|dataStream:10.1.1.103:39865|priority:0|startupRole:FOLLOWER] returns group-5C0AAADC159B:java.util.concurrent.CompletableFuture@c2fe64c[Not completed]
2023-01-16 14:41:53,354 [pool-94-thread-1] INFO  server.RaftServer$Division (RaftServerImpl.java:<init>(195)) - f3cb6aab-e792-43b9-8109-2d5521605a5b: new RaftServerImpl for group-5C0AAADC159B:[f3cb6aab-e792-43b9-8109-2d5521605a5b|rpc:10.1.1.103:38739|dataStream:10.1.1.103:37539|priority:0|startupRole:FOLLOWER, 16b0a967-ef5a-4382-99c2-95b744fea4a1|rpc:10.1.1.103:46459|dataStream:10.1.1.103:44335|priority:1|startupRole:FOLLOWER, d8f5a1f3-e512-499d-ae8e-3cd02accfea1|rpc:10.1.1.103:43661|dataStream:10.1.1.103:39865|priority:0|startupRole:FOLLOWER] with ContainerStateMachine:uninitialized
2023-01-16 14:41:53,354 [pool-94-thread-1] INFO  server.RaftServerConfigKeys (ConfUtils.java:logGet(46)) - raft.server.rpc.timeout.min = 5s (custom)
2023-01-16 14:41:53,354 [pool-94-thread-1] INFO  server.RaftServerConfigKeys (ConfUtils.java:logGet(46)) - raft.server.rpc.timeout.max = 5200ms (custom)
2023-01-16 14:41:53,354 [pool-94-thread-1] INFO  server.RaftServerConfigKeys (ConfUtils.java:logGet(46)) - raft.server.rpc.sleep.time = 25ms (default)
2023-01-16 14:41:53,354 [pool-94-thread-1] INFO  server.RaftServerConfigKeys (ConfUtils.java:logGet(46)) - raft.server.rpc.slowness.timeout = 300s (custom)
2023-01-16 14:41:53,354 [pool-94-thread-1] INFO  server.RaftServerConfigKeys (ConfUtils.java:logGet(46)) - raft.server.leaderelection.leader.step-down.wait-time = 10s (default)
2023-01-16 14:41:53,354 [pool-94-thread-1] INFO  server.RaftServerConfigKeys (ConfUtils.java:logGet(46)) - raft.server.sleep.deviation.threshold = 300ms (default)
2023-01-16 14:41:53,354 [pool-94-thread-1] INFO  server.RaftServer$Division (ServerState.java:<init>(118)) - f3cb6aab-e792-43b9-8109-2d5521605a5b@group-5C0AAADC159B: ConfigurationManager, init=-1: peers:[f3cb6aab-e792-43b9-8109-2d5521605a5b|rpc:10.1.1.103:38739|dataStream:10.1.1.103:37539|priority:0|startupRole:FOLLOWER, 16b0a967-ef5a-4382-99c2-95b744fea4a1|rpc:10.1.1.103:46459|dataStream:10.1.1.103:44335|priority:1|startupRole:FOLLOWER, d8f5a1f3-e512-499d-ae8e-3cd02accfea1|rpc:10.1.1.103:43661|dataStream:10.1.1.103:39865|priority:0|startupRole:FOLLOWER]|listeners:[], old=null, confs=<EMPTY_MAP>
2023-01-16 14:41:53,354 [pool-94-thread-1] INFO  server.RaftServerConfigKeys (ConfUtils.java:logGet(46)) - raft.server.storage.dir = [/home/runner/work/ozone/ozone/hadoop-ozone/integration-test/target/test-dir/MiniOzoneClusterImpl-bcd49b6a-245a-4637-b4c9-d6b301a8fda7/datanode-1/data/ratis] (custom)
2023-01-16 14:41:53,355 [pool-94-thread-1] INFO  server.RaftServerConfigKeys (ConfUtils.java:logGet(46)) - raft.server.log.corruption.policy = EXCEPTION (default)
2023-01-16 14:41:53,355 [pool-94-thread-1] INFO  server.RaftServerConfigKeys (ConfUtils.java:logGet(46)) - raft.server.storage.free-space.min = 0MB (=0) (default)
2023-01-16 14:41:53,355 [pool-94-thread-1] INFO  server.RaftServerConfigKeys (ConfUtils.java:logGet(46)) - raft.server.notification.no-leader.timeout = 300s (custom)
2023-01-16 14:41:53,355 [pool-94-thread-1] INFO  server.RaftServerConfigKeys (ConfUtils.java:logGet(46)) - raft.server.retrycache.expirytime = 600000ms (custom)
2023-01-16 14:41:53,355 [pool-94-thread-1] INFO  server.RaftServerConfigKeys (ConfUtils.java:logGet(46)) - raft.server.retrycache.statistics.expirytime = 100μs (default)
2023-01-16 14:41:53,356 [pool-94-thread-1] INFO  server.RaftServerConfigKeys (ConfUtils.java:logGet(46)) - raft.server.log.appender.install.snapshot.enabled = false (custom)
2023-01-16 14:41:53,357 [pool-94-thread-1] INFO  server.RaftServerConfigKeys (ConfUtils.java:logGet(46)) - raft.server.threadpool.server.cached = true (default)
2023-01-16 14:41:53,357 [pool-94-thread-1] INFO  server.RaftServerConfigKeys (ConfUtils.java:logGet(46)) - raft.server.threadpool.server.size = 0 (default)
2023-01-16 14:41:53,357 [pool-94-thread-1] INFO  server.RaftServerConfigKeys (ConfUtils.java:logGet(46)) - raft.server.threadpool.client.cached = true (default)
2023-01-16 14:41:53,357 [pool-94-thread-1] INFO  server.RaftServerConfigKeys (ConfUtils.java:logGet(46)) - raft.server.threadpool.client.size = 0 (default)
2023-01-16 14:41:53,357 [pool-94-thread-1] INFO  storage.RaftStorageDirectory (RaftStorageDirectoryImpl.java:analyzeStorage(137)) - The storage directory /home/runner/work/ozone/ozone/hadoop-ozone/integration-test/target/test-dir/MiniOzoneClusterImpl-bcd49b6a-245a-4637-b4c9-d6b301a8fda7/datanode-1/data/ratis/32c6938f-0a63-4d37-9218-5c0aaadc159b does not exist. Creating ...
2023-01-16 14:41:53,360 [pool-94-thread-1] INFO  storage.RaftStorageDirectory (RaftStorageDirectoryImpl.java:tryLock(231)) - Lock on /home/runner/work/ozone/ozone/hadoop-ozone/integration-test/target/test-dir/MiniOzoneClusterImpl-bcd49b6a-245a-4637-b4c9-d6b301a8fda7/datanode-1/data/ratis/32c6938f-0a63-4d37-9218-5c0aaadc159b/in_use.lock acquired by nodename 12075@fv-az203-757
2023-01-16 14:41:53,363 [pool-94-thread-1] INFO  storage.RaftStorage (RaftStorageImpl.java:format(96)) - Storage directory /home/runner/work/ozone/ozone/hadoop-ozone/integration-test/target/test-dir/MiniOzoneClusterImpl-bcd49b6a-245a-4637-b4c9-d6b301a8fda7/datanode-1/data/ratis/32c6938f-0a63-4d37-9218-5c0aaadc159b has been successfully formatted.
2023-01-16 14:41:53,363 [pool-94-thread-1] INFO  ratis.ContainerStateMachine (ContainerStateMachine.java:loadSnapshot(240)) - group-5C0AAADC159B: The snapshot info is null. Setting the last applied indexto:(t:0, i:~)
2023-01-16 14:41:53,364 [pool-94-thread-1] INFO  server.RaftServerConfigKeys (ConfUtils.java:logGet(46)) - raft.server.log.use.memory = false (default)
2023-01-16 14:41:53,368 [pool-94-thread-1] INFO  server.RaftServerConfigKeys (ConfUtils.java:logGet(46)) - raft.server.log.purge.gap = 1000000 (custom)
2023-01-16 14:41:53,369 [pool-94-thread-1] INFO  server.RaftServerConfigKeys (ConfUtils.java:logGet(46)) - raft.server.log.appender.buffer.byte-limit = 33554432 (custom)
2023-01-16 14:41:53,369 [pool-94-thread-1] INFO  server.RaftServerConfigKeys (ConfUtils.java:logGet(46)) - raft.server.log.statemachine.data.read.timeout = 1000ms (default)
2023-01-16 14:41:53,369 [pool-94-thread-1] INFO  server.RaftServerConfigKeys (ConfUtils.java:logGet(46)) - raft.server.log.purge.preservation.log.num = 0 (default)
2023-01-16 14:41:53,369 [pool-94-thread-1] INFO  server.RaftServerConfigKeys (ConfUtils.java:logGet(46)) - raft.server.log.segment.size.max = 1048576 (custom)
2023-01-16 14:41:53,370 [pool-94-thread-1] INFO  server.RaftServerConfigKeys (ConfUtils.java:logGet(46)) - raft.server.log.segment.cache.num.max = 2 (custom)
2023-01-16 14:41:53,370 [pool-94-thread-1] INFO  server.RaftServerConfigKeys (ConfUtils.java:logGet(46)) - raft.server.log.segment.cache.size.max = 200MB (=209715200) (default)
2023-01-16 14:41:53,370 [pool-94-thread-1] INFO  segmented.SegmentedRaftLogWorker (SegmentedRaftLogWorker.java:<init>(189)) - new f3cb6aab-e792-43b9-8109-2d5521605a5b@group-5C0AAADC159B-SegmentedRaftLogWorker for RaftStorageImpl:Storage Directory /home/runner/work/ozone/ozone/hadoop-ozone/integration-test/target/test-dir/MiniOzoneClusterImpl-bcd49b6a-245a-4637-b4c9-d6b301a8fda7/datanode-1/data/ratis/32c6938f-0a63-4d37-9218-5c0aaadc159b
2023-01-16 14:41:53,370 [pool-94-thread-1] INFO  server.RaftServerConfigKeys (ConfUtils.java:logGet(46)) - raft.server.log.queue.byte-limit = 4294967296 (custom)
2023-01-16 14:41:53,370 [pool-94-thread-1] INFO  server.RaftServerConfigKeys (ConfUtils.java:logGet(46)) - raft.server.log.queue.element-limit = 1024 (custom)
2023-01-16 14:41:53,370 [pool-94-thread-1] INFO  server.RaftServerConfigKeys (ConfUtils.java:logGet(46)) - raft.server.log.segment.size.max = 1048576 (custom)
2023-01-16 14:41:53,370 [pool-94-thread-1] INFO  server.RaftServerConfigKeys (ConfUtils.java:logGet(46)) - raft.server.log.preallocated.size = 16384 (custom)
2023-01-16 14:41:53,370 [pool-94-thread-1] INFO  server.RaftServerConfigKeys (ConfUtils.java:logGet(46)) - raft.server.log.force.sync.num = 128 (default)
2023-01-16 14:41:53,370 [pool-94-thread-1] INFO  server.RaftServerConfigKeys (ConfUtils.java:logGet(46)) - raft.server.log.statemachine.data.sync = true (default)
2023-01-16 14:41:53,370 [pool-94-thread-1] INFO  server.RaftServerConfigKeys (ConfUtils.java:logGet(46)) - raft.server.log.statemachine.data.sync.timeout = 10s (default)
2023-01-16 14:41:53,370 [pool-94-thread-1] INFO  server.RaftServerConfigKeys (ConfUtils.java:logGet(46)) - raft.server.log.statemachine.data.sync.timeout.retry = -1 (default)
2023-01-16 14:41:53,373 [EventQueue-OpenPipelineForHealthyPipelineSafeModeRule] INFO  safemode.SCMSafeModeManager (HealthyPipelineSafeModeRule.java:process(137)) - SCM in safe mode. Healthy pipelines reported count is 0, required healthy pipeline reported count is 1
2023-01-16 14:41:53,377 [pool-94-thread-1] INFO  server.RaftServerConfigKeys (ConfUtils.java:logGet(46)) - raft.server.log.write.buffer.size = 1048576 (custom)
2023-01-16 14:41:53,378 [pool-94-thread-1] INFO  server.RaftServerConfigKeys (ConfUtils.java:logGet(46)) - raft.server.log.appender.buffer.byte-limit = 33554432 (custom)
2023-01-16 14:41:53,383 [pool-94-thread-1] INFO  server.RaftServerConfigKeys (ConfUtils.java:logGet(46)) - raft.server.log.unsafe-flush.enabled = false (default)
2023-01-16 14:41:53,383 [pool-94-thread-1] INFO  server.RaftServerConfigKeys (ConfUtils.java:logGet(46)) - raft.server.log.async-flush.enabled = false (default)
2023-01-16 14:41:53,383 [pool-94-thread-1] INFO  server.RaftServerConfigKeys (ConfUtils.java:logGet(46)) - raft.server.log.statemachine.data.caching.enabled = true (custom)
2023-01-16 14:41:53,383 [pool-94-thread-1] INFO  segmented.SegmentedRaftLogWorker (SegmentedRaftLogWorker.java:lambda$new$0(135)) - f3cb6aab-e792-43b9-8109-2d5521605a5b@group-5C0AAADC159B-SegmentedRaftLogWorker: flushIndex: setUnconditionally 0 -> -1
2023-01-16 14:41:53,383 [pool-94-thread-1] INFO  segmented.SegmentedRaftLogWorker (SegmentedRaftLogWorker.java:lambda$new$0(135)) - f3cb6aab-e792-43b9-8109-2d5521605a5b@group-5C0AAADC159B-SegmentedRaftLogWorker: safeCacheEvictIndex: setUnconditionally 0 -> -1
2023-01-16 14:41:53,383 [pool-94-thread-1] INFO  server.RaftServer$Division (RaftServerImpl.java:start(334)) - f3cb6aab-e792-43b9-8109-2d5521605a5b@group-5C0AAADC159B: start as a follower, conf=-1: peers:[f3cb6aab-e792-43b9-8109-2d5521605a5b|rpc:10.1.1.103:38739|dataStream:10.1.1.103:37539|priority:0|startupRole:FOLLOWER, 16b0a967-ef5a-4382-99c2-95b744fea4a1|rpc:10.1.1.103:46459|dataStream:10.1.1.103:44335|priority:1|startupRole:FOLLOWER, d8f5a1f3-e512-499d-ae8e-3cd02accfea1|rpc:10.1.1.103:43661|dataStream:10.1.1.103:39865|priority:0|startupRole:FOLLOWER]|listeners:[], old=null
2023-01-16 14:41:53,383 [pool-94-thread-1] INFO  server.RaftServer$Division (RaftServerImpl.java:setRole(321)) - f3cb6aab-e792-43b9-8109-2d5521605a5b@group-5C0AAADC159B: changes role from      null to FOLLOWER at term 0 for startAsFollower
2023-01-16 14:41:53,383 [pool-94-thread-1] INFO  impl.RoleInfo (RoleInfo.java:updateAndGet(139)) - f3cb6aab-e792-43b9-8109-2d5521605a5b: start f3cb6aab-e792-43b9-8109-2d5521605a5b@group-5C0AAADC159B-FollowerState
2023-01-16 14:41:53,387 [pool-94-thread-1] INFO  util.JmxRegister (JmxRegister.java:tryRegister(44)) - Successfully registered JMX Bean with object name Ratis:service=RaftServer,group=group-5C0AAADC159B,id=f3cb6aab-e792-43b9-8109-2d5521605a5b
2023-01-16 14:41:53,387 [pool-94-thread-1] INFO  server.RaftServerConfigKeys (ConfUtils.java:logGet(46)) - raft.server.snapshot.auto.trigger.enabled = true (custom)
2023-01-16 14:41:53,387 [pool-94-thread-1] INFO  server.RaftServerConfigKeys (ConfUtils.java:logGet(46)) - raft.server.snapshot.auto.trigger.threshold = 10000 (custom)
2023-01-16 14:41:53,387 [pool-94-thread-1] INFO  server.RaftServerConfigKeys (ConfUtils.java:logGet(46)) - raft.server.snapshot.retention.file.num = 5 (custom)
2023-01-16 14:41:53,387 [pool-94-thread-1] INFO  server.RaftServerConfigKeys (ConfUtils.java:logGet(46)) - raft.server.log.purge.upto.snapshot.index = false (default)
2023-01-16 14:41:53,388 [f3cb6aab-e792-43b9-8109-2d5521605a5b@group-5C0AAADC159B-FollowerState] INFO  server.RaftServerConfigKeys (ConfUtils.java:logFallback(53)) - raft.server.rpc.first-election.timeout.min = 5s (fallback to raft.server.rpc.timeout.min)
2023-01-16 14:41:53,393 [Command processor thread] INFO  ratis.XceiverServerRatis (XceiverServerRatis.java:addGroup(806)) - Created group PipelineID=32c6938f-0a63-4d37-9218-5c0aaadc159b
2023-01-16 14:41:53,393 [f3cb6aab-e792-43b9-8109-2d5521605a5b@group-5C0AAADC159B-FollowerState] INFO  server.RaftServerConfigKeys (ConfUtils.java:logFallback(53)) - raft.server.rpc.first-election.timeout.max = 5200ms (fallback to raft.server.rpc.timeout.max)
2023-01-16 14:41:53,517 [grpc-default-executor-1] INFO  server.RaftServer (RaftServerProxy.java:addNew(96)) - d8f5a1f3-e512-499d-ae8e-3cd02accfea1: addNew group-5C0AAADC159B:[f3cb6aab-e792-43b9-8109-2d5521605a5b|rpc:10.1.1.103:38739|dataStream:10.1.1.103:37539|priority:0|startupRole:FOLLOWER, 16b0a967-ef5a-4382-99c2-95b744fea4a1|rpc:10.1.1.103:46459|dataStream:10.1.1.103:44335|priority:1|startupRole:FOLLOWER, d8f5a1f3-e512-499d-ae8e-3cd02accfea1|rpc:10.1.1.103:43661|dataStream:10.1.1.103:39865|priority:0|startupRole:FOLLOWER] returns group-5C0AAADC159B:java.util.concurrent.CompletableFuture@22af5f78[Not completed]
2023-01-16 14:41:53,519 [pool-117-thread-1] INFO  server.RaftServer$Division (RaftServerImpl.java:<init>(195)) - d8f5a1f3-e512-499d-ae8e-3cd02accfea1: new RaftServerImpl for group-5C0AAADC159B:[f3cb6aab-e792-43b9-8109-2d5521605a5b|rpc:10.1.1.103:38739|dataStream:10.1.1.103:37539|priority:0|startupRole:FOLLOWER, 16b0a967-ef5a-4382-99c2-95b744fea4a1|rpc:10.1.1.103:46459|dataStream:10.1.1.103:44335|priority:1|startupRole:FOLLOWER, d8f5a1f3-e512-499d-ae8e-3cd02accfea1|rpc:10.1.1.103:43661|dataStream:10.1.1.103:39865|priority:0|startupRole:FOLLOWER] with ContainerStateMachine:uninitialized
2023-01-16 14:41:53,519 [pool-117-thread-1] INFO  server.RaftServerConfigKeys (ConfUtils.java:logGet(46)) - raft.server.rpc.timeout.min = 5s (custom)
2023-01-16 14:41:53,519 [pool-117-thread-1] INFO  server.RaftServerConfigKeys (ConfUtils.java:logGet(46)) - raft.server.rpc.timeout.max = 5200ms (custom)
2023-01-16 14:41:53,519 [pool-117-thread-1] INFO  server.RaftServerConfigKeys (ConfUtils.java:logGet(46)) - raft.server.rpc.sleep.time = 25ms (default)
2023-01-16 14:41:53,519 [pool-117-thread-1] INFO  server.RaftServerConfigKeys (ConfUtils.java:logGet(46)) - raft.server.rpc.slowness.timeout = 300s (custom)
2023-01-16 14:41:53,519 [pool-117-thread-1] INFO  server.RaftServerConfigKeys (ConfUtils.java:logGet(46)) - raft.server.leaderelection.leader.step-down.wait-time = 10s (default)
2023-01-16 14:41:53,519 [pool-117-thread-1] INFO  server.RaftServerConfigKeys (ConfUtils.java:logGet(46)) - raft.server.sleep.deviation.threshold = 300ms (default)
2023-01-16 14:41:53,520 [pool-117-thread-1] INFO  server.RaftServer$Division (ServerState.java:<init>(118)) - d8f5a1f3-e512-499d-ae8e-3cd02accfea1@group-5C0AAADC159B: ConfigurationManager, init=-1: peers:[f3cb6aab-e792-43b9-8109-2d5521605a5b|rpc:10.1.1.103:38739|dataStream:10.1.1.103:37539|priority:0|startupRole:FOLLOWER, 16b0a967-ef5a-4382-99c2-95b744fea4a1|rpc:10.1.1.103:46459|dataStream:10.1.1.103:44335|priority:1|startupRole:FOLLOWER, d8f5a1f3-e512-499d-ae8e-3cd02accfea1|rpc:10.1.1.103:43661|dataStream:10.1.1.103:39865|priority:0|startupRole:FOLLOWER]|listeners:[], old=null, confs=<EMPTY_MAP>
2023-01-16 14:41:53,520 [pool-117-thread-1] INFO  server.RaftServerConfigKeys (ConfUtils.java:logGet(46)) - raft.server.storage.dir = [/home/runner/work/ozone/ozone/hadoop-ozone/integration-test/target/test-dir/MiniOzoneClusterImpl-bcd49b6a-245a-4637-b4c9-d6b301a8fda7/datanode-2/data/ratis] (custom)
2023-01-16 14:41:53,520 [pool-117-thread-1] INFO  server.RaftServerConfigKeys (ConfUtils.java:logGet(46)) - raft.server.log.corruption.policy = EXCEPTION (default)
2023-01-16 14:41:53,520 [pool-117-thread-1] INFO  server.RaftServerConfigKeys (ConfUtils.java:logGet(46)) - raft.server.storage.free-space.min = 0MB (=0) (default)
2023-01-16 14:41:53,520 [pool-117-thread-1] INFO  server.RaftServerConfigKeys (ConfUtils.java:logGet(46)) - raft.server.notification.no-leader.timeout = 300s (custom)
2023-01-16 14:41:53,520 [pool-117-thread-1] INFO  server.RaftServerConfigKeys (ConfUtils.java:logGet(46)) - raft.server.retrycache.expirytime = 600000ms (custom)
2023-01-16 14:41:53,520 [pool-117-thread-1] INFO  server.RaftServerConfigKeys (ConfUtils.java:logGet(46)) - raft.server.retrycache.statistics.expirytime = 100μs (default)
2023-01-16 14:41:53,525 [pool-117-thread-1] INFO  server.RaftServerConfigKeys (ConfUtils.java:logGet(46)) - raft.server.log.appender.install.snapshot.enabled = false (custom)
2023-01-16 14:41:53,525 [pool-117-thread-1] INFO  server.RaftServerConfigKeys (ConfUtils.java:logGet(46)) - raft.server.threadpool.server.cached = true (default)
2023-01-16 14:41:53,525 [pool-117-thread-1] INFO  server.RaftServerConfigKeys (ConfUtils.java:logGet(46)) - raft.server.threadpool.server.size = 0 (default)
2023-01-16 14:41:53,525 [pool-117-thread-1] INFO  server.RaftServerConfigKeys (ConfUtils.java:logGet(46)) - raft.server.threadpool.client.cached = true (default)
2023-01-16 14:41:53,525 [pool-117-thread-1] INFO  server.RaftServerConfigKeys (ConfUtils.java:logGet(46)) - raft.server.threadpool.client.size = 0 (default)
2023-01-16 14:41:53,525 [pool-117-thread-1] INFO  storage.RaftStorageDirectory (RaftStorageDirectoryImpl.java:analyzeStorage(137)) - The storage directory /home/runner/work/ozone/ozone/hadoop-ozone/integration-test/target/test-dir/MiniOzoneClusterImpl-bcd49b6a-245a-4637-b4c9-d6b301a8fda7/datanode-2/data/ratis/32c6938f-0a63-4d37-9218-5c0aaadc159b does not exist. Creating ...
2023-01-16 14:41:53,529 [pool-117-thread-1] INFO  storage.RaftStorageDirectory (RaftStorageDirectoryImpl.java:tryLock(231)) - Lock on /home/runner/work/ozone/ozone/hadoop-ozone/integration-test/target/test-dir/MiniOzoneClusterImpl-bcd49b6a-245a-4637-b4c9-d6b301a8fda7/datanode-2/data/ratis/32c6938f-0a63-4d37-9218-5c0aaadc159b/in_use.lock acquired by nodename 12075@fv-az203-757
2023-01-16 14:41:53,531 [pool-117-thread-1] INFO  storage.RaftStorage (RaftStorageImpl.java:format(96)) - Storage directory /home/runner/work/ozone/ozone/hadoop-ozone/integration-test/target/test-dir/MiniOzoneClusterImpl-bcd49b6a-245a-4637-b4c9-d6b301a8fda7/datanode-2/data/ratis/32c6938f-0a63-4d37-9218-5c0aaadc159b has been successfully formatted.
2023-01-16 14:41:53,540 [pool-117-thread-1] INFO  ratis.ContainerStateMachine (ContainerStateMachine.java:loadSnapshot(240)) - group-5C0AAADC159B: The snapshot info is null. Setting the last applied indexto:(t:0, i:~)
2023-01-16 14:41:53,541 [pool-117-thread-1] INFO  server.RaftServerConfigKeys (ConfUtils.java:logGet(46)) - raft.server.log.use.memory = false (default)
2023-01-16 14:41:53,541 [pool-117-thread-1] INFO  server.RaftServerConfigKeys (ConfUtils.java:logGet(46)) - raft.server.log.purge.gap = 1000000 (custom)
2023-01-16 14:41:53,541 [pool-117-thread-1] INFO  server.RaftServerConfigKeys (ConfUtils.java:logGet(46)) - raft.server.log.appender.buffer.byte-limit = 33554432 (custom)
2023-01-16 14:41:53,542 [pool-117-thread-1] INFO  server.RaftServerConfigKeys (ConfUtils.java:logGet(46)) - raft.server.log.statemachine.data.read.timeout = 1000ms (default)
2023-01-16 14:41:53,542 [pool-117-thread-1] INFO  server.RaftServerConfigKeys (ConfUtils.java:logGet(46)) - raft.server.log.purge.preservation.log.num = 0 (default)
2023-01-16 14:41:53,542 [pool-117-thread-1] INFO  server.RaftServerConfigKeys (ConfUtils.java:logGet(46)) - raft.server.log.segment.size.max = 1048576 (custom)
2023-01-16 14:41:53,543 [pool-117-thread-1] INFO  server.RaftServerConfigKeys (ConfUtils.java:logGet(46)) - raft.server.log.segment.cache.num.max = 2 (custom)
2023-01-16 14:41:53,543 [pool-117-thread-1] INFO  server.RaftServerConfigKeys (ConfUtils.java:logGet(46)) - raft.server.log.segment.cache.size.max = 200MB (=209715200) (default)
2023-01-16 14:41:53,543 [pool-117-thread-1] INFO  segmented.SegmentedRaftLogWorker (SegmentedRaftLogWorker.java:<init>(189)) - new d8f5a1f3-e512-499d-ae8e-3cd02accfea1@group-5C0AAADC159B-SegmentedRaftLogWorker for RaftStorageImpl:Storage Directory /home/runner/work/ozone/ozone/hadoop-ozone/integration-test/target/test-dir/MiniOzoneClusterImpl-bcd49b6a-245a-4637-b4c9-d6b301a8fda7/datanode-2/data/ratis/32c6938f-0a63-4d37-9218-5c0aaadc159b
2023-01-16 14:41:53,544 [pool-117-thread-1] INFO  server.RaftServerConfigKeys (ConfUtils.java:logGet(46)) - raft.server.log.queue.byte-limit = 4294967296 (custom)
2023-01-16 14:41:53,544 [pool-117-thread-1] INFO  server.RaftServerConfigKeys (ConfUtils.java:logGet(46)) - raft.server.log.queue.element-limit = 1024 (custom)
2023-01-16 14:41:53,544 [pool-117-thread-1] INFO  server.RaftServerConfigKeys (ConfUtils.java:logGet(46)) - raft.server.log.segment.size.max = 1048576 (custom)
2023-01-16 14:41:53,544 [pool-117-thread-1] INFO  server.RaftServerConfigKeys (ConfUtils.java:logGet(46)) - raft.server.log.preallocated.size = 16384 (custom)
2023-01-16 14:41:53,544 [pool-117-thread-1] INFO  server.RaftServerConfigKeys (ConfUtils.java:logGet(46)) - raft.server.log.force.sync.num = 128 (default)
2023-01-16 14:41:53,544 [pool-117-thread-1] INFO  server.RaftServerConfigKeys (ConfUtils.java:logGet(46)) - raft.server.log.statemachine.data.sync = true (default)
2023-01-16 14:41:53,544 [pool-117-thread-1] INFO  server.RaftServerConfigKeys (ConfUtils.java:logGet(46)) - raft.server.log.statemachine.data.sync.timeout = 10s (default)
2023-01-16 14:41:53,544 [pool-117-thread-1] INFO  server.RaftServerConfigKeys (ConfUtils.java:logGet(46)) - raft.server.log.statemachine.data.sync.timeout.retry = -1 (default)
2023-01-16 14:41:53,546 [pool-117-thread-1] INFO  server.RaftServerConfigKeys (ConfUtils.java:logGet(46)) - raft.server.log.write.buffer.size = 1048576 (custom)
2023-01-16 14:41:53,547 [pool-117-thread-1] INFO  server.RaftServerConfigKeys (ConfUtils.java:logGet(46)) - raft.server.log.appender.buffer.byte-limit = 33554432 (custom)
2023-01-16 14:41:53,553 [pool-117-thread-1] INFO  server.RaftServerConfigKeys (ConfUtils.java:logGet(46)) - raft.server.log.unsafe-flush.enabled = false (default)
2023-01-16 14:41:53,553 [pool-117-thread-1] INFO  server.RaftServerConfigKeys (ConfUtils.java:logGet(46)) - raft.server.log.async-flush.enabled = false (default)
2023-01-16 14:41:53,553 [pool-117-thread-1] INFO  server.RaftServerConfigKeys (ConfUtils.java:logGet(46)) - raft.server.log.statemachine.data.caching.enabled = true (custom)
2023-01-16 14:41:53,553 [pool-117-thread-1] INFO  segmented.SegmentedRaftLogWorker (SegmentedRaftLogWorker.java:lambda$new$0(135)) - d8f5a1f3-e512-499d-ae8e-3cd02accfea1@group-5C0AAADC159B-SegmentedRaftLogWorker: flushIndex: setUnconditionally 0 -> -1
2023-01-16 14:41:53,553 [pool-117-thread-1] INFO  segmented.SegmentedRaftLogWorker (SegmentedRaftLogWorker.java:lambda$new$0(135)) - d8f5a1f3-e512-499d-ae8e-3cd02accfea1@group-5C0AAADC159B-SegmentedRaftLogWorker: safeCacheEvictIndex: setUnconditionally 0 -> -1
2023-01-16 14:41:53,554 [pool-117-thread-1] INFO  server.RaftServer$Division (RaftServerImpl.java:start(334)) - d8f5a1f3-e512-499d-ae8e-3cd02accfea1@group-5C0AAADC159B: start as a follower, conf=-1: peers:[f3cb6aab-e792-43b9-8109-2d5521605a5b|rpc:10.1.1.103:38739|dataStream:10.1.1.103:37539|priority:0|startupRole:FOLLOWER, 16b0a967-ef5a-4382-99c2-95b744fea4a1|rpc:10.1.1.103:46459|dataStream:10.1.1.103:44335|priority:1|startupRole:FOLLOWER, d8f5a1f3-e512-499d-ae8e-3cd02accfea1|rpc:10.1.1.103:43661|dataStream:10.1.1.103:39865|priority:0|startupRole:FOLLOWER]|listeners:[], old=null
2023-01-16 14:41:53,554 [pool-117-thread-1] INFO  server.RaftServer$Division (RaftServerImpl.java:setRole(321)) - d8f5a1f3-e512-499d-ae8e-3cd02accfea1@group-5C0AAADC159B: changes role from      null to FOLLOWER at term 0 for startAsFollower
2023-01-16 14:41:53,554 [pool-117-thread-1] INFO  impl.RoleInfo (RoleInfo.java:updateAndGet(139)) - d8f5a1f3-e512-499d-ae8e-3cd02accfea1: start d8f5a1f3-e512-499d-ae8e-3cd02accfea1@group-5C0AAADC159B-FollowerState
2023-01-16 14:41:53,554 [pool-117-thread-1] INFO  util.JmxRegister (JmxRegister.java:tryRegister(44)) - Successfully registered JMX Bean with object name Ratis:service=RaftServer,group=group-5C0AAADC159B,id=d8f5a1f3-e512-499d-ae8e-3cd02accfea1
2023-01-16 14:41:53,554 [pool-117-thread-1] INFO  server.RaftServerConfigKeys (ConfUtils.java:logGet(46)) - raft.server.snapshot.auto.trigger.enabled = true (custom)
2023-01-16 14:41:53,555 [pool-117-thread-1] INFO  server.RaftServerConfigKeys (ConfUtils.java:logGet(46)) - raft.server.snapshot.auto.trigger.threshold = 10000 (custom)
2023-01-16 14:41:53,555 [pool-117-thread-1] INFO  server.RaftServerConfigKeys (ConfUtils.java:logGet(46)) - raft.server.snapshot.retention.file.num = 5 (custom)
2023-01-16 14:41:53,555 [pool-117-thread-1] INFO  server.RaftServerConfigKeys (ConfUtils.java:logGet(46)) - raft.server.log.purge.upto.snapshot.index = false (default)
2023-01-16 14:41:53,555 [d8f5a1f3-e512-499d-ae8e-3cd02accfea1@group-5C0AAADC159B-FollowerState] INFO  server.RaftServerConfigKeys (ConfUtils.java:logFallback(53)) - raft.server.rpc.first-election.timeout.min = 5s (fallback to raft.server.rpc.timeout.min)
2023-01-16 14:41:53,560 [d8f5a1f3-e512-499d-ae8e-3cd02accfea1@group-5C0AAADC159B-FollowerState] INFO  server.RaftServerConfigKeys (ConfUtils.java:logFallback(53)) - raft.server.rpc.first-election.timeout.max = 5200ms (fallback to raft.server.rpc.timeout.max)
2023-01-16 14:41:53,650 [Command processor thread] INFO  server.RaftServer (RaftServerProxy.java:addNew(96)) - d8f5a1f3-e512-499d-ae8e-3cd02accfea1: addNew group-4029E605F95F:[d8f5a1f3-e512-499d-ae8e-3cd02accfea1|rpc:10.1.1.103:43661|dataStream:10.1.1.103:39865|priority:1|startupRole:FOLLOWER] returns group-4029E605F95F:java.util.concurrent.CompletableFuture@3b80a8d4[Not completed]
2023-01-16 14:41:53,653 [pool-117-thread-1] INFO  server.RaftServer$Division (RaftServerImpl.java:<init>(195)) - d8f5a1f3-e512-499d-ae8e-3cd02accfea1: new RaftServerImpl for group-4029E605F95F:[d8f5a1f3-e512-499d-ae8e-3cd02accfea1|rpc:10.1.1.103:43661|dataStream:10.1.1.103:39865|priority:1|startupRole:FOLLOWER] with ContainerStateMachine:uninitialized
2023-01-16 14:41:53,653 [pool-117-thread-1] INFO  server.RaftServerConfigKeys (ConfUtils.java:logGet(46)) - raft.server.rpc.timeout.min = 5s (custom)
2023-01-16 14:41:53,653 [pool-117-thread-1] INFO  server.RaftServerConfigKeys (ConfUtils.java:logGet(46)) - raft.server.rpc.timeout.max = 5200ms (custom)
2023-01-16 14:41:53,653 [pool-117-thread-1] INFO  server.RaftServerConfigKeys (ConfUtils.java:logGet(46)) - raft.server.rpc.sleep.time = 25ms (default)
2023-01-16 14:41:53,653 [pool-117-thread-1] INFO  server.RaftServerConfigKeys (ConfUtils.java:logGet(46)) - raft.server.rpc.slowness.timeout = 300s (custom)
2023-01-16 14:41:53,653 [pool-117-thread-1] INFO  server.RaftServerConfigKeys (ConfUtils.java:logGet(46)) - raft.server.leaderelection.leader.step-down.wait-time = 10s (default)
2023-01-16 14:41:53,653 [pool-117-thread-1] INFO  server.RaftServerConfigKeys (ConfUtils.java:logGet(46)) - raft.server.sleep.deviation.threshold = 300ms (default)
2023-01-16 14:41:53,653 [pool-117-thread-1] INFO  server.RaftServer$Division (ServerState.java:<init>(118)) - d8f5a1f3-e512-499d-ae8e-3cd02accfea1@group-4029E605F95F: ConfigurationManager, init=-1: peers:[d8f5a1f3-e512-499d-ae8e-3cd02accfea1|rpc:10.1.1.103:43661|dataStream:10.1.1.103:39865|priority:1|startupRole:FOLLOWER]|listeners:[], old=null, confs=<EMPTY_MAP>
2023-01-16 14:41:53,653 [pool-117-thread-1] INFO  server.RaftServerConfigKeys (ConfUtils.java:logGet(46)) - raft.server.storage.dir = [/home/runner/work/ozone/ozone/hadoop-ozone/integration-test/target/test-dir/MiniOzoneClusterImpl-bcd49b6a-245a-4637-b4c9-d6b301a8fda7/datanode-2/data/ratis] (custom)
2023-01-16 14:41:53,654 [pool-117-thread-1] INFO  server.RaftServerConfigKeys (ConfUtils.java:logGet(46)) - raft.server.log.corruption.policy = EXCEPTION (default)
2023-01-16 14:41:53,654 [pool-117-thread-1] INFO  server.RaftServerConfigKeys (ConfUtils.java:logGet(46)) - raft.server.storage.free-space.min = 0MB (=0) (default)
2023-01-16 14:41:53,654 [pool-117-thread-1] INFO  server.RaftServerConfigKeys (ConfUtils.java:logGet(46)) - raft.server.notification.no-leader.timeout = 300s (custom)
2023-01-16 14:41:53,654 [pool-117-thread-1] INFO  server.RaftServerConfigKeys (ConfUtils.java:logGet(46)) - raft.server.retrycache.expirytime = 600000ms (custom)
2023-01-16 14:41:53,654 [pool-117-thread-1] INFO  server.RaftServerConfigKeys (ConfUtils.java:logGet(46)) - raft.server.retrycache.statistics.expirytime = 100μs (default)
2023-01-16 14:41:53,657 [pool-117-thread-1] INFO  server.RaftServerConfigKeys (ConfUtils.java:logGet(46)) - raft.server.log.appender.install.snapshot.enabled = false (custom)
2023-01-16 14:41:53,657 [pool-117-thread-1] INFO  server.RaftServerConfigKeys (ConfUtils.java:logGet(46)) - raft.server.threadpool.server.cached = true (default)
2023-01-16 14:41:53,657 [pool-117-thread-1] INFO  server.RaftServerConfigKeys (ConfUtils.java:logGet(46)) - raft.server.threadpool.server.size = 0 (default)
2023-01-16 14:41:53,657 [pool-117-thread-1] INFO  server.RaftServerConfigKeys (ConfUtils.java:logGet(46)) - raft.server.threadpool.client.cached = true (default)
2023-01-16 14:41:53,657 [pool-117-thread-1] INFO  server.RaftServerConfigKeys (ConfUtils.java:logGet(46)) - raft.server.threadpool.client.size = 0 (default)
2023-01-16 14:41:53,658 [pool-117-thread-1] INFO  storage.RaftStorageDirectory (RaftStorageDirectoryImpl.java:analyzeStorage(137)) - The storage directory /home/runner/work/ozone/ozone/hadoop-ozone/integration-test/target/test-dir/MiniOzoneClusterImpl-bcd49b6a-245a-4637-b4c9-d6b301a8fda7/datanode-2/data/ratis/7564b24b-b3fc-48ba-805f-4029e605f95f does not exist. Creating ...
2023-01-16 14:41:53,660 [pool-117-thread-1] INFO  storage.RaftStorageDirectory (RaftStorageDirectoryImpl.java:tryLock(231)) - Lock on /home/runner/work/ozone/ozone/hadoop-ozone/integration-test/target/test-dir/MiniOzoneClusterImpl-bcd49b6a-245a-4637-b4c9-d6b301a8fda7/datanode-2/data/ratis/7564b24b-b3fc-48ba-805f-4029e605f95f/in_use.lock acquired by nodename 12075@fv-az203-757
2023-01-16 14:41:53,663 [pool-117-thread-1] INFO  storage.RaftStorage (RaftStorageImpl.java:format(96)) - Storage directory /home/runner/work/ozone/ozone/hadoop-ozone/integration-test/target/test-dir/MiniOzoneClusterImpl-bcd49b6a-245a-4637-b4c9-d6b301a8fda7/datanode-2/data/ratis/7564b24b-b3fc-48ba-805f-4029e605f95f has been successfully formatted.
2023-01-16 14:41:53,664 [pool-117-thread-1] INFO  ratis.ContainerStateMachine (ContainerStateMachine.java:loadSnapshot(240)) - group-4029E605F95F: The snapshot info is null. Setting the last applied indexto:(t:0, i:~)
2023-01-16 14:41:53,664 [pool-117-thread-1] INFO  server.RaftServerConfigKeys (ConfUtils.java:logGet(46)) - raft.server.log.use.memory = false (default)
2023-01-16 14:41:53,664 [pool-117-thread-1] INFO  server.RaftServerConfigKeys (ConfUtils.java:logGet(46)) - raft.server.log.purge.gap = 1000000 (custom)
2023-01-16 14:41:53,664 [pool-117-thread-1] INFO  server.RaftServerConfigKeys (ConfUtils.java:logGet(46)) - raft.server.log.appender.buffer.byte-limit = 33554432 (custom)
2023-01-16 14:41:53,664 [pool-117-thread-1] INFO  server.RaftServerConfigKeys (ConfUtils.java:logGet(46)) - raft.server.log.statemachine.data.read.timeout = 1000ms (default)
2023-01-16 14:41:53,664 [pool-117-thread-1] INFO  server.RaftServerConfigKeys (ConfUtils.java:logGet(46)) - raft.server.log.purge.preservation.log.num = 0 (default)
2023-01-16 14:41:53,664 [pool-117-thread-1] INFO  server.RaftServerConfigKeys (ConfUtils.java:logGet(46)) - raft.server.log.segment.size.max = 1048576 (custom)
2023-01-16 14:41:53,665 [pool-117-thread-1] INFO  server.RaftServerConfigKeys (ConfUtils.java:logGet(46)) - raft.server.log.segment.cache.num.max = 2 (custom)
2023-01-16 14:41:53,665 [pool-117-thread-1] INFO  server.RaftServerConfigKeys (ConfUtils.java:logGet(46)) - raft.server.log.segment.cache.size.max = 200MB (=209715200) (default)
2023-01-16 14:41:53,666 [pool-117-thread-1] INFO  segmented.SegmentedRaftLogWorker (SegmentedRaftLogWorker.java:<init>(189)) - new d8f5a1f3-e512-499d-ae8e-3cd02accfea1@group-4029E605F95F-SegmentedRaftLogWorker for RaftStorageImpl:Storage Directory /home/runner/work/ozone/ozone/hadoop-ozone/integration-test/target/test-dir/MiniOzoneClusterImpl-bcd49b6a-245a-4637-b4c9-d6b301a8fda7/datanode-2/data/ratis/7564b24b-b3fc-48ba-805f-4029e605f95f
2023-01-16 14:41:53,666 [pool-117-thread-1] INFO  server.RaftServerConfigKeys (ConfUtils.java:logGet(46)) - raft.server.log.queue.byte-limit = 4294967296 (custom)
2023-01-16 14:41:53,666 [pool-117-thread-1] INFO  server.RaftServerConfigKeys (ConfUtils.java:logGet(46)) - raft.server.log.queue.element-limit = 1024 (custom)
2023-01-16 14:41:53,666 [pool-117-thread-1] INFO  server.RaftServerConfigKeys (ConfUtils.java:logGet(46)) - raft.server.log.segment.size.max = 1048576 (custom)
2023-01-16 14:41:53,666 [pool-117-thread-1] INFO  server.RaftServerConfigKeys (ConfUtils.java:logGet(46)) - raft.server.log.preallocated.size = 16384 (custom)
2023-01-16 14:41:53,666 [pool-117-thread-1] INFO  server.RaftServerConfigKeys (ConfUtils.java:logGet(46)) - raft.server.log.force.sync.num = 128 (default)
2023-01-16 14:41:53,666 [pool-117-thread-1] INFO  server.RaftServerConfigKeys (ConfUtils.java:logGet(46)) - raft.server.log.statemachine.data.sync = true (default)
2023-01-16 14:41:53,666 [pool-117-thread-1] INFO  server.RaftServerConfigKeys (ConfUtils.java:logGet(46)) - raft.server.log.statemachine.data.sync.timeout = 10s (default)
2023-01-16 14:41:53,667 [pool-117-thread-1] INFO  server.RaftServerConfigKeys (ConfUtils.java:logGet(46)) - raft.server.log.statemachine.data.sync.timeout.retry = -1 (default)
2023-01-16 14:41:53,668 [pool-117-thread-1] INFO  server.RaftServerConfigKeys (ConfUtils.java:logGet(46)) - raft.server.log.write.buffer.size = 1048576 (custom)
2023-01-16 14:41:53,671 [pool-117-thread-1] INFO  server.RaftServerConfigKeys (ConfUtils.java:logGet(46)) - raft.server.log.appender.buffer.byte-limit = 33554432 (custom)
2023-01-16 14:41:53,681 [Command processor thread] INFO  commandhandler.CreatePipelineCommandHandler (CreatePipelineCommandHandler.java:handle(113)) - Created Pipeline RATIS THREE PipelineID=32c6938f-0a63-4d37-9218-5c0aaadc159b.
2023-01-16 14:41:53,681 [Listener at 127.0.0.1/36907] INFO  ozone.MiniOzoneClusterImpl (MiniOzoneClusterImpl.java:lambda$waitForClusterToBeReady$0(218)) - Nodes are ready. Got 6 of 6 DN Heartbeats.
2023-01-16 14:41:53,682 [Listener at 127.0.0.1/36907] INFO  ozone.MiniOzoneClusterImpl (MiniOzoneClusterImpl.java:lambda$waitForClusterToBeReady$0(221)) - Waiting for cluster to exit safe mode
2023-01-16 14:41:53,682 [Listener at 127.0.0.1/36907] INFO  ozone.MiniOzoneClusterImpl (MiniOzoneClusterImpl.java:lambda$waitForClusterToBeReady$0(223)) - SCM became leader
2023-01-16 14:41:53,684 [pool-94-thread-1] INFO  server.RaftServer$Division (RaftServerImpl.java:<init>(195)) - f3cb6aab-e792-43b9-8109-2d5521605a5b: new RaftServerImpl for group-42F1C44EC713:[f3cb6aab-e792-43b9-8109-2d5521605a5b|rpc:10.1.1.103:38739|dataStream:10.1.1.103:37539|priority:0|startupRole:FOLLOWER, 16b0a967-ef5a-4382-99c2-95b744fea4a1|rpc:10.1.1.103:46459|dataStream:10.1.1.103:44335|priority:0|startupRole:FOLLOWER, d8f5a1f3-e512-499d-ae8e-3cd02accfea1|rpc:10.1.1.103:43661|dataStream:10.1.1.103:39865|priority:1|startupRole:FOLLOWER] with ContainerStateMachine:uninitialized
2023-01-16 14:41:53,684 [pool-117-thread-1] INFO  server.RaftServerConfigKeys (ConfUtils.java:logGet(46)) - raft.server.log.unsafe-flush.enabled = false (default)
2023-01-16 14:41:53,684 [pool-117-thread-1] INFO  server.RaftServerConfigKeys (ConfUtils.java:logGet(46)) - raft.server.log.async-flush.enabled = false (default)
2023-01-16 14:41:53,684 [pool-117-thread-1] INFO  server.RaftServerConfigKeys (ConfUtils.java:logGet(46)) - raft.server.log.statemachine.data.caching.enabled = true (custom)
2023-01-16 14:41:53,684 [pool-117-thread-1] INFO  segmented.SegmentedRaftLogWorker (SegmentedRaftLogWorker.java:lambda$new$0(135)) - d8f5a1f3-e512-499d-ae8e-3cd02accfea1@group-4029E605F95F-SegmentedRaftLogWorker: flushIndex: setUnconditionally 0 -> -1
2023-01-16 14:41:53,690 [pool-117-thread-1] INFO  segmented.SegmentedRaftLogWorker (SegmentedRaftLogWorker.java:lambda$new$0(135)) - d8f5a1f3-e512-499d-ae8e-3cd02accfea1@group-4029E605F95F-SegmentedRaftLogWorker: safeCacheEvictIndex: setUnconditionally 0 -> -1
2023-01-16 14:41:53,682 [Command processor thread] INFO  server.RaftServer (RaftServerProxy.java:addNew(96)) - f3cb6aab-e792-43b9-8109-2d5521605a5b: addNew group-42F1C44EC713:[f3cb6aab-e792-43b9-8109-2d5521605a5b|rpc:10.1.1.103:38739|dataStream:10.1.1.103:37539|priority:0|startupRole:FOLLOWER, 16b0a967-ef5a-4382-99c2-95b744fea4a1|rpc:10.1.1.103:46459|dataStream:10.1.1.103:44335|priority:0|startupRole:FOLLOWER, d8f5a1f3-e512-499d-ae8e-3cd02accfea1|rpc:10.1.1.103:43661|dataStream:10.1.1.103:39865|priority:1|startupRole:FOLLOWER] returns group-42F1C44EC713:java.util.concurrent.CompletableFuture@2de14580[Not completed]
2023-01-16 14:41:53,690 [pool-117-thread-1] INFO  server.RaftServer$Division (RaftServerImpl.java:start(334)) - d8f5a1f3-e512-499d-ae8e-3cd02accfea1@group-4029E605F95F: start as a follower, conf=-1: peers:[d8f5a1f3-e512-499d-ae8e-3cd02accfea1|rpc:10.1.1.103:43661|dataStream:10.1.1.103:39865|priority:1|startupRole:FOLLOWER]|listeners:[], old=null
2023-01-16 14:41:53,689 [EventQueue-PipelineReportForPipelineReportHandler] INFO  pipeline.PipelineManagerImpl (PipelineManagerImpl.java:openPipeline(367)) - Pipeline Pipeline[ Id: 7564b24b-b3fc-48ba-805f-4029e605f95f, Nodes: d8f5a1f3-e512-499d-ae8e-3cd02accfea1(fv-az203-757.ild0l4k5vsluppoevu2oqvhmda.cx.internal.cloudapp.net/10.1.1.103), ReplicationConfig: RATIS/ONE, State:ALLOCATED, leaderId:d8f5a1f3-e512-499d-ae8e-3cd02accfea1, CreationTimestamp2023-01-16T14:41:50.654Z[Etc/UTC]] moved to OPEN state
2023-01-16 14:41:53,684 [pool-94-thread-1] INFO  server.RaftServerConfigKeys (ConfUtils.java:logGet(46)) - raft.server.rpc.timeout.min = 5s (custom)
2023-01-16 14:41:53,695 [pool-94-thread-1] INFO  server.RaftServerConfigKeys (ConfUtils.java:logGet(46)) - raft.server.rpc.timeout.max = 5200ms (custom)
2023-01-16 14:41:53,695 [pool-94-thread-1] INFO  server.RaftServerConfigKeys (ConfUtils.java:logGet(46)) - raft.server.rpc.sleep.time = 25ms (default)
2023-01-16 14:41:53,695 [pool-94-thread-1] INFO  server.RaftServerConfigKeys (ConfUtils.java:logGet(46)) - raft.server.rpc.slowness.timeout = 300s (custom)
2023-01-16 14:41:53,695 [pool-94-thread-1] INFO  server.RaftServerConfigKeys (ConfUtils.java:logGet(46)) - raft.server.leaderelection.leader.step-down.wait-time = 10s (default)
2023-01-16 14:41:53,695 [pool-94-thread-1] INFO  server.RaftServerConfigKeys (ConfUtils.java:logGet(46)) - raft.server.sleep.deviation.threshold = 300ms (default)
2023-01-16 14:41:53,695 [pool-94-thread-1] INFO  server.RaftServer$Division (ServerState.java:<init>(118)) - f3cb6aab-e792-43b9-8109-2d5521605a5b@group-42F1C44EC713: ConfigurationManager, init=-1: peers:[f3cb6aab-e792-43b9-8109-2d5521605a5b|rpc:10.1.1.103:38739|dataStream:10.1.1.103:37539|priority:0|startupRole:FOLLOWER, 16b0a967-ef5a-4382-99c2-95b744fea4a1|rpc:10.1.1.103:46459|dataStream:10.1.1.103:44335|priority:0|startupRole:FOLLOWER, d8f5a1f3-e512-499d-ae8e-3cd02accfea1|rpc:10.1.1.103:43661|dataStream:10.1.1.103:39865|priority:1|startupRole:FOLLOWER]|listeners:[], old=null, confs=<EMPTY_MAP>
2023-01-16 14:41:53,695 [pool-94-thread-1] INFO  server.RaftServerConfigKeys (ConfUtils.java:logGet(46)) - raft.server.storage.dir = [/home/runner/work/ozone/ozone/hadoop-ozone/integration-test/target/test-dir/MiniOzoneClusterImpl-bcd49b6a-245a-4637-b4c9-d6b301a8fda7/datanode-1/data/ratis] (custom)
2023-01-16 14:41:53,695 [pool-94-thread-1] INFO  server.RaftServerConfigKeys (ConfUtils.java:logGet(46)) - raft.server.log.corruption.policy = EXCEPTION (default)
2023-01-16 14:41:53,695 [pool-94-thread-1] INFO  server.RaftServerConfigKeys (ConfUtils.java:logGet(46)) - raft.server.storage.free-space.min = 0MB (=0) (default)
2023-01-16 14:41:53,695 [pool-94-thread-1] INFO  server.RaftServerConfigKeys (ConfUtils.java:logGet(46)) - raft.server.notification.no-leader.timeout = 300s (custom)
2023-01-16 14:41:53,695 [pool-94-thread-1] INFO  server.RaftServerConfigKeys (ConfUtils.java:logGet(46)) - raft.server.retrycache.expirytime = 600000ms (custom)
2023-01-16 14:41:53,695 [pool-94-thread-1] INFO  server.RaftServerConfigKeys (ConfUtils.java:logGet(46)) - raft.server.retrycache.statistics.expirytime = 100μs (default)
2023-01-16 14:41:53,696 [pool-94-thread-1] INFO  server.RaftServerConfigKeys (ConfUtils.java:logGet(46)) - raft.server.log.appender.install.snapshot.enabled = false (custom)
2023-01-16 14:41:53,697 [pool-94-thread-1] INFO  server.RaftServerConfigKeys (ConfUtils.java:logGet(46)) - raft.server.threadpool.server.cached = true (default)
2023-01-16 14:41:53,697 [pool-94-thread-1] INFO  server.RaftServerConfigKeys (ConfUtils.java:logGet(46)) - raft.server.threadpool.server.size = 0 (default)
2023-01-16 14:41:53,697 [pool-94-thread-1] INFO  server.RaftServerConfigKeys (ConfUtils.java:logGet(46)) - raft.server.threadpool.client.cached = true (default)
2023-01-16 14:41:53,697 [pool-94-thread-1] INFO  server.RaftServerConfigKeys (ConfUtils.java:logGet(46)) - raft.server.threadpool.client.size = 0 (default)
2023-01-16 14:41:53,697 [EventQueue-OpenPipelineForHealthyPipelineSafeModeRule] INFO  safemode.SCMSafeModeManager (HealthyPipelineSafeModeRule.java:process(137)) - SCM in safe mode. Healthy pipelines reported count is 0, required healthy pipeline reported count is 1
2023-01-16 14:41:53,692 [pool-117-thread-1] INFO  server.RaftServer$Division (RaftServerImpl.java:setRole(321)) - d8f5a1f3-e512-499d-ae8e-3cd02accfea1@group-4029E605F95F: changes role from      null to FOLLOWER at term 0 for startAsFollower
2023-01-16 14:41:53,698 [pool-117-thread-1] INFO  impl.RoleInfo (RoleInfo.java:updateAndGet(139)) - d8f5a1f3-e512-499d-ae8e-3cd02accfea1: start d8f5a1f3-e512-499d-ae8e-3cd02accfea1@group-4029E605F95F-FollowerState
2023-01-16 14:41:53,697 [pool-94-thread-1] INFO  storage.RaftStorageDirectory (RaftStorageDirectoryImpl.java:analyzeStorage(137)) - The storage directory /home/runner/work/ozone/ozone/hadoop-ozone/integration-test/target/test-dir/MiniOzoneClusterImpl-bcd49b6a-245a-4637-b4c9-d6b301a8fda7/datanode-1/data/ratis/fb287427-0678-4217-8634-42f1c44ec713 does not exist. Creating ...
2023-01-16 14:41:53,698 [pool-117-thread-1] INFO  util.JmxRegister (JmxRegister.java:tryRegister(44)) - Successfully registered JMX Bean with object name Ratis:service=RaftServer,group=group-4029E605F95F,id=d8f5a1f3-e512-499d-ae8e-3cd02accfea1
2023-01-16 14:41:53,698 [pool-117-thread-1] INFO  server.RaftServerConfigKeys (ConfUtils.java:logGet(46)) - raft.server.snapshot.auto.trigger.enabled = true (custom)
2023-01-16 14:41:53,698 [pool-117-thread-1] INFO  server.RaftServerConfigKeys (ConfUtils.java:logGet(46)) - raft.server.snapshot.auto.trigger.threshold = 10000 (custom)
2023-01-16 14:41:53,699 [pool-117-thread-1] INFO  server.RaftServerConfigKeys (ConfUtils.java:logGet(46)) - raft.server.snapshot.retention.file.num = 5 (custom)
2023-01-16 14:41:53,699 [pool-117-thread-1] INFO  server.RaftServerConfigKeys (ConfUtils.java:logGet(46)) - raft.server.log.purge.upto.snapshot.index = false (default)
2023-01-16 14:41:53,699 [pool-94-thread-1] INFO  storage.RaftStorageDirectory (RaftStorageDirectoryImpl.java:tryLock(231)) - Lock on /home/runner/work/ozone/ozone/hadoop-ozone/integration-test/target/test-dir/MiniOzoneClusterImpl-bcd49b6a-245a-4637-b4c9-d6b301a8fda7/datanode-1/data/ratis/fb287427-0678-4217-8634-42f1c44ec713/in_use.lock acquired by nodename 12075@fv-az203-757
2023-01-16 14:41:53,700 [pool-94-thread-1] INFO  storage.RaftStorage (RaftStorageImpl.java:format(96)) - Storage directory /home/runner/work/ozone/ozone/hadoop-ozone/integration-test/target/test-dir/MiniOzoneClusterImpl-bcd49b6a-245a-4637-b4c9-d6b301a8fda7/datanode-1/data/ratis/fb287427-0678-4217-8634-42f1c44ec713 has been successfully formatted.
2023-01-16 14:41:53,700 [d8f5a1f3-e512-499d-ae8e-3cd02accfea1@group-4029E605F95F-FollowerState] INFO  server.RaftServerConfigKeys (ConfUtils.java:logFallback(53)) - raft.server.rpc.first-election.timeout.min = 5s (fallback to raft.server.rpc.timeout.min)
2023-01-16 14:41:53,700 [d8f5a1f3-e512-499d-ae8e-3cd02accfea1@group-4029E605F95F-FollowerState] INFO  server.RaftServerConfigKeys (ConfUtils.java:logFallback(53)) - raft.server.rpc.first-election.timeout.max = 5200ms (fallback to raft.server.rpc.timeout.max)
2023-01-16 14:41:53,704 [Command processor thread] INFO  ratis.XceiverServerRatis (XceiverServerRatis.java:addGroup(806)) - Created group PipelineID=7564b24b-b3fc-48ba-805f-4029e605f95f
2023-01-16 14:41:53,704 [Command processor thread] INFO  commandhandler.CreatePipelineCommandHandler (CreatePipelineCommandHandler.java:handle(113)) - Created Pipeline RATIS ONE PipelineID=7564b24b-b3fc-48ba-805f-4029e605f95f.
2023-01-16 14:41:53,704 [Command processor thread] INFO  server.RaftServer (RaftServerProxy.java:addNew(96)) - d8f5a1f3-e512-499d-ae8e-3cd02accfea1: addNew group-42F1C44EC713:[f3cb6aab-e792-43b9-8109-2d5521605a5b|rpc:10.1.1.103:38739|dataStream:10.1.1.103:37539|priority:0|startupRole:FOLLOWER, 16b0a967-ef5a-4382-99c2-95b744fea4a1|rpc:10.1.1.103:46459|dataStream:10.1.1.103:44335|priority:0|startupRole:FOLLOWER, d8f5a1f3-e512-499d-ae8e-3cd02accfea1|rpc:10.1.1.103:43661|dataStream:10.1.1.103:39865|priority:1|startupRole:FOLLOWER] returns group-42F1C44EC713:java.util.concurrent.CompletableFuture@354741d4[Not completed]
2023-01-16 14:41:53,705 [pool-117-thread-1] INFO  server.RaftServer$Division (RaftServerImpl.java:<init>(195)) - d8f5a1f3-e512-499d-ae8e-3cd02accfea1: new RaftServerImpl for group-42F1C44EC713:[f3cb6aab-e792-43b9-8109-2d5521605a5b|rpc:10.1.1.103:38739|dataStream:10.1.1.103:37539|priority:0|startupRole:FOLLOWER, 16b0a967-ef5a-4382-99c2-95b744fea4a1|rpc:10.1.1.103:46459|dataStream:10.1.1.103:44335|priority:0|startupRole:FOLLOWER, d8f5a1f3-e512-499d-ae8e-3cd02accfea1|rpc:10.1.1.103:43661|dataStream:10.1.1.103:39865|priority:1|startupRole:FOLLOWER] with ContainerStateMachine:uninitialized
2023-01-16 14:41:53,706 [pool-117-thread-1] INFO  server.RaftServerConfigKeys (ConfUtils.java:logGet(46)) - raft.server.rpc.timeout.min = 5s (custom)
2023-01-16 14:41:53,706 [pool-117-thread-1] INFO  server.RaftServerConfigKeys (ConfUtils.java:logGet(46)) - raft.server.rpc.timeout.max = 5200ms (custom)
2023-01-16 14:41:53,706 [pool-117-thread-1] INFO  server.RaftServerConfigKeys (ConfUtils.java:logGet(46)) - raft.server.rpc.sleep.time = 25ms (default)
2023-01-16 14:41:53,706 [pool-117-thread-1] INFO  server.RaftServerConfigKeys (ConfUtils.java:logGet(46)) - raft.server.rpc.slowness.timeout = 300s (custom)
2023-01-16 14:41:53,706 [pool-117-thread-1] INFO  server.RaftServerConfigKeys (ConfUtils.java:logGet(46)) - raft.server.leaderelection.leader.step-down.wait-time = 10s (default)
2023-01-16 14:41:53,706 [pool-117-thread-1] INFO  server.RaftServerConfigKeys (ConfUtils.java:logGet(46)) - raft.server.sleep.deviation.threshold = 300ms (default)
2023-01-16 14:41:53,706 [pool-117-thread-1] INFO  server.RaftServer$Division (ServerState.java:<init>(118)) - d8f5a1f3-e512-499d-ae8e-3cd02accfea1@group-42F1C44EC713: ConfigurationManager, init=-1: peers:[f3cb6aab-e792-43b9-8109-2d5521605a5b|rpc:10.1.1.103:38739|dataStream:10.1.1.103:37539|priority:0|startupRole:FOLLOWER, 16b0a967-ef5a-4382-99c2-95b744fea4a1|rpc:10.1.1.103:46459|dataStream:10.1.1.103:44335|priority:0|startupRole:FOLLOWER, d8f5a1f3-e512-499d-ae8e-3cd02accfea1|rpc:10.1.1.103:43661|dataStream:10.1.1.103:39865|priority:1|startupRole:FOLLOWER]|listeners:[], old=null, confs=<EMPTY_MAP>
2023-01-16 14:41:53,706 [pool-117-thread-1] INFO  server.RaftServerConfigKeys (ConfUtils.java:logGet(46)) - raft.server.storage.dir = [/home/runner/work/ozone/ozone/hadoop-ozone/integration-test/target/test-dir/MiniOzoneClusterImpl-bcd49b6a-245a-4637-b4c9-d6b301a8fda7/datanode-2/data/ratis] (custom)
2023-01-16 14:41:53,706 [pool-117-thread-1] INFO  server.RaftServerConfigKeys (ConfUtils.java:logGet(46)) - raft.server.log.corruption.policy = EXCEPTION (default)
2023-01-16 14:41:53,706 [pool-117-thread-1] INFO  server.RaftServerConfigKeys (ConfUtils.java:logGet(46)) - raft.server.storage.free-space.min = 0MB (=0) (default)
2023-01-16 14:41:53,706 [pool-117-thread-1] INFO  server.RaftServerConfigKeys (ConfUtils.java:logGet(46)) - raft.server.notification.no-leader.timeout = 300s (custom)
2023-01-16 14:41:53,706 [pool-117-thread-1] INFO  server.RaftServerConfigKeys (ConfUtils.java:logGet(46)) - raft.server.retrycache.expirytime = 600000ms (custom)
2023-01-16 14:41:53,706 [pool-117-thread-1] INFO  server.RaftServerConfigKeys (ConfUtils.java:logGet(46)) - raft.server.retrycache.statistics.expirytime = 100μs (default)
2023-01-16 14:41:53,707 [pool-117-thread-1] INFO  server.RaftServerConfigKeys (ConfUtils.java:logGet(46)) - raft.server.log.appender.install.snapshot.enabled = false (custom)
2023-01-16 14:41:53,707 [pool-117-thread-1] INFO  server.RaftServerConfigKeys (ConfUtils.java:logGet(46)) - raft.server.threadpool.server.cached = true (default)
2023-01-16 14:41:53,707 [pool-117-thread-1] INFO  server.RaftServerConfigKeys (ConfUtils.java:logGet(46)) - raft.server.threadpool.server.size = 0 (default)
2023-01-16 14:41:53,707 [pool-117-thread-1] INFO  server.RaftServerConfigKeys (ConfUtils.java:logGet(46)) - raft.server.threadpool.client.cached = true (default)
2023-01-16 14:41:53,708 [pool-94-thread-1] INFO  ratis.ContainerStateMachine (ContainerStateMachine.java:loadSnapshot(240)) - group-42F1C44EC713: The snapshot info is null. Setting the last applied indexto:(t:0, i:~)
2023-01-16 14:41:53,712 [pool-94-thread-1] INFO  server.RaftServerConfigKeys (ConfUtils.java:logGet(46)) - raft.server.log.use.memory = false (default)
2023-01-16 14:41:53,713 [pool-94-thread-1] INFO  server.RaftServerConfigKeys (ConfUtils.java:logGet(46)) - raft.server.log.purge.gap = 1000000 (custom)
2023-01-16 14:41:53,713 [pool-94-thread-1] INFO  server.RaftServerConfigKeys (ConfUtils.java:logGet(46)) - raft.server.log.appender.buffer.byte-limit = 33554432 (custom)
2023-01-16 14:41:53,713 [pool-94-thread-1] INFO  server.RaftServerConfigKeys (ConfUtils.java:logGet(46)) - raft.server.log.statemachine.data.read.timeout = 1000ms (default)
2023-01-16 14:41:53,713 [pool-94-thread-1] INFO  server.RaftServerConfigKeys (ConfUtils.java:logGet(46)) - raft.server.log.purge.preservation.log.num = 0 (default)
2023-01-16 14:41:53,713 [pool-94-thread-1] INFO  server.RaftServerConfigKeys (ConfUtils.java:logGet(46)) - raft.server.log.segment.size.max = 1048576 (custom)
2023-01-16 14:41:53,713 [pool-94-thread-1] INFO  server.RaftServerConfigKeys (ConfUtils.java:logGet(46)) - raft.server.log.segment.cache.num.max = 2 (custom)
2023-01-16 14:41:53,713 [pool-94-thread-1] INFO  server.RaftServerConfigKeys (ConfUtils.java:logGet(46)) - raft.server.log.segment.cache.size.max = 200MB (=209715200) (default)
2023-01-16 14:41:53,713 [pool-94-thread-1] INFO  segmented.SegmentedRaftLogWorker (SegmentedRaftLogWorker.java:<init>(189)) - new f3cb6aab-e792-43b9-8109-2d5521605a5b@group-42F1C44EC713-SegmentedRaftLogWorker for RaftStorageImpl:Storage Directory /home/runner/work/ozone/ozone/hadoop-ozone/integration-test/target/test-dir/MiniOzoneClusterImpl-bcd49b6a-245a-4637-b4c9-d6b301a8fda7/datanode-1/data/ratis/fb287427-0678-4217-8634-42f1c44ec713
2023-01-16 14:41:53,713 [pool-94-thread-1] INFO  server.RaftServerConfigKeys (ConfUtils.java:logGet(46)) - raft.server.log.queue.byte-limit = 4294967296 (custom)
2023-01-16 14:41:53,713 [pool-94-thread-1] INFO  server.RaftServerConfigKeys (ConfUtils.java:logGet(46)) - raft.server.log.queue.element-limit = 1024 (custom)
2023-01-16 14:41:53,714 [pool-94-thread-1] INFO  server.RaftServerConfigKeys (ConfUtils.java:logGet(46)) - raft.server.log.segment.size.max = 1048576 (custom)
2023-01-16 14:41:53,714 [pool-94-thread-1] INFO  server.RaftServerConfigKeys (ConfUtils.java:logGet(46)) - raft.server.log.preallocated.size = 16384 (custom)
2023-01-16 14:41:53,714 [pool-94-thread-1] INFO  server.RaftServerConfigKeys (ConfUtils.java:logGet(46)) - raft.server.log.force.sync.num = 128 (default)
2023-01-16 14:41:53,714 [pool-94-thread-1] INFO  server.RaftServerConfigKeys (ConfUtils.java:logGet(46)) - raft.server.log.statemachine.data.sync = true (default)
2023-01-16 14:41:53,714 [pool-94-thread-1] INFO  server.RaftServerConfigKeys (ConfUtils.java:logGet(46)) - raft.server.log.statemachine.data.sync.timeout = 10s (default)
2023-01-16 14:41:53,714 [pool-94-thread-1] INFO  server.RaftServerConfigKeys (ConfUtils.java:logGet(46)) - raft.server.log.statemachine.data.sync.timeout.retry = -1 (default)
2023-01-16 14:41:53,714 [pool-94-thread-1] INFO  server.RaftServerConfigKeys (ConfUtils.java:logGet(46)) - raft.server.log.write.buffer.size = 1048576 (custom)
2023-01-16 14:41:53,716 [EventQueue-OpenPipelineForHealthyPipelineSafeModeRule] INFO  safemode.SCMSafeModeManager (HealthyPipelineSafeModeRule.java:process(137)) - SCM in safe mode. Healthy pipelines reported count is 0, required healthy pipeline reported count is 1
2023-01-16 14:41:53,717 [pool-117-thread-1] INFO  server.RaftServerConfigKeys (ConfUtils.java:logGet(46)) - raft.server.threadpool.client.size = 0 (default)
2023-01-16 14:41:53,717 [pool-117-thread-1] INFO  storage.RaftStorageDirectory (RaftStorageDirectoryImpl.java:analyzeStorage(137)) - The storage directory /home/runner/work/ozone/ozone/hadoop-ozone/integration-test/target/test-dir/MiniOzoneClusterImpl-bcd49b6a-245a-4637-b4c9-d6b301a8fda7/datanode-2/data/ratis/fb287427-0678-4217-8634-42f1c44ec713 does not exist. Creating ...
2023-01-16 14:41:53,717 [pool-94-thread-1] INFO  server.RaftServerConfigKeys (ConfUtils.java:logGet(46)) - raft.server.log.appender.buffer.byte-limit = 33554432 (custom)
2023-01-16 14:41:53,971 [JvmPauseMonitor2] WARN  util.JvmPauseMonitor (JvmPauseMonitor.java:detectPause(126)) - JvmPauseMonitor-f3cb6aab-e792-43b9-8109-2d5521605a5b: Detected pause in JVM or host machine (eg GC): pause of approximately 141075857ns.
GC pool 'PS MarkSweep' had collection(s): count=1 time=182ms
GC pool 'PS Scavenge' had collection(s): count=1 time=63ms
2023-01-16 14:41:53,973 [pool-117-thread-1] INFO  storage.RaftStorageDirectory (RaftStorageDirectoryImpl.java:tryLock(231)) - Lock on /home/runner/work/ozone/ozone/hadoop-ozone/integration-test/target/test-dir/MiniOzoneClusterImpl-bcd49b6a-245a-4637-b4c9-d6b301a8fda7/datanode-2/data/ratis/fb287427-0678-4217-8634-42f1c44ec713/in_use.lock acquired by nodename 12075@fv-az203-757
2023-01-16 14:41:53,972 [JvmPauseMonitor6] WARN  util.JvmPauseMonitor (JvmPauseMonitor.java:detectPause(126)) - JvmPauseMonitor-aa7a6908-eed5-4cf8-8df5-4bd7779adcda: Detected pause in JVM or host machine (eg GC): pause of approximately 251317228ns.
GC pool 'PS MarkSweep' had collection(s): count=1 time=182ms
GC pool 'PS Scavenge' had collection(s): count=1 time=63ms
2023-01-16 14:41:53,977 [pool-94-thread-1] INFO  server.RaftServerConfigKeys (ConfUtils.java:logGet(46)) - raft.server.log.unsafe-flush.enabled = false (default)
2023-01-16 14:41:53,978 [pool-94-thread-1] INFO  server.RaftServerConfigKeys (ConfUtils.java:logGet(46)) - raft.server.log.async-flush.enabled = false (default)
2023-01-16 14:41:53,978 [pool-94-thread-1] INFO  server.RaftServerConfigKeys (ConfUtils.java:logGet(46)) - raft.server.log.statemachine.data.caching.enabled = true (custom)
2023-01-16 14:41:53,978 [pool-94-thread-1] INFO  segmented.SegmentedRaftLogWorker (SegmentedRaftLogWorker.java:lambda$new$0(135)) - f3cb6aab-e792-43b9-8109-2d5521605a5b@group-42F1C44EC713-SegmentedRaftLogWorker: flushIndex: setUnconditionally 0 -> -1
2023-01-16 14:41:53,978 [pool-94-thread-1] INFO  segmented.SegmentedRaftLogWorker (SegmentedRaftLogWorker.java:lambda$new$0(135)) - f3cb6aab-e792-43b9-8109-2d5521605a5b@group-42F1C44EC713-SegmentedRaftLogWorker: safeCacheEvictIndex: setUnconditionally 0 -> -1
2023-01-16 14:41:53,971 [JvmPauseMonitor0] WARN  util.JvmPauseMonitor (JvmPauseMonitor.java:detectPause(126)) - JvmPauseMonitor-om1: Detected pause in JVM or host machine (eg GC): pause of approximately 175880574ns.
GC pool 'PS MarkSweep' had collection(s): count=1 time=182ms
GC pool 'PS Scavenge' had collection(s): count=1 time=63ms
2023-01-16 14:41:53,976 [JvmPauseMonitor1] WARN  util.JvmPauseMonitor (JvmPauseMonitor.java:detectPause(126)) - JvmPauseMonitor-16b0a967-ef5a-4382-99c2-95b744fea4a1: Detected pause in JVM or host machine (eg GC): pause of approximately 113008763ns.
GC pool 'PS MarkSweep' had collection(s): count=1 time=182ms
GC pool 'PS Scavenge' had collection(s): count=1 time=63ms
2023-01-16 14:41:53,986 [pool-117-thread-1] INFO  storage.RaftStorage (RaftStorageImpl.java:format(96)) - Storage directory /home/runner/work/ozone/ozone/hadoop-ozone/integration-test/target/test-dir/MiniOzoneClusterImpl-bcd49b6a-245a-4637-b4c9-d6b301a8fda7/datanode-2/data/ratis/fb287427-0678-4217-8634-42f1c44ec713 has been successfully formatted.
2023-01-16 14:41:53,989 [pool-117-thread-1] INFO  ratis.ContainerStateMachine (ContainerStateMachine.java:loadSnapshot(240)) - group-42F1C44EC713: The snapshot info is null. Setting the last applied indexto:(t:0, i:~)
2023-01-16 14:41:53,989 [pool-117-thread-1] INFO  server.RaftServerConfigKeys (ConfUtils.java:logGet(46)) - raft.server.log.use.memory = false (default)
2023-01-16 14:41:53,989 [pool-117-thread-1] INFO  server.RaftServerConfigKeys (ConfUtils.java:logGet(46)) - raft.server.log.purge.gap = 1000000 (custom)
2023-01-16 14:41:53,989 [pool-117-thread-1] INFO  server.RaftServerConfigKeys (ConfUtils.java:logGet(46)) - raft.server.log.appender.buffer.byte-limit = 33554432 (custom)
2023-01-16 14:41:53,989 [pool-117-thread-1] INFO  server.RaftServerConfigKeys (ConfUtils.java:logGet(46)) - raft.server.log.statemachine.data.read.timeout = 1000ms (default)
2023-01-16 14:41:53,989 [pool-117-thread-1] INFO  server.RaftServerConfigKeys (ConfUtils.java:logGet(46)) - raft.server.log.purge.preservation.log.num = 0 (default)
2023-01-16 14:41:53,989 [pool-117-thread-1] INFO  server.RaftServerConfigKeys (ConfUtils.java:logGet(46)) - raft.server.log.segment.size.max = 1048576 (custom)
2023-01-16 14:41:53,990 [pool-117-thread-1] INFO  server.RaftServerConfigKeys (ConfUtils.java:logGet(46)) - raft.server.log.segment.cache.num.max = 2 (custom)
2023-01-16 14:41:53,990 [pool-117-thread-1] INFO  server.RaftServerConfigKeys (ConfUtils.java:logGet(46)) - raft.server.log.segment.cache.size.max = 200MB (=209715200) (default)
2023-01-16 14:41:53,990 [pool-117-thread-1] INFO  segmented.SegmentedRaftLogWorker (SegmentedRaftLogWorker.java:<init>(189)) - new d8f5a1f3-e512-499d-ae8e-3cd02accfea1@group-42F1C44EC713-SegmentedRaftLogWorker for RaftStorageImpl:Storage Directory /home/runner/work/ozone/ozone/hadoop-ozone/integration-test/target/test-dir/MiniOzoneClusterImpl-bcd49b6a-245a-4637-b4c9-d6b301a8fda7/datanode-2/data/ratis/fb287427-0678-4217-8634-42f1c44ec713
2023-01-16 14:41:53,990 [pool-117-thread-1] INFO  server.RaftServerConfigKeys (ConfUtils.java:logGet(46)) - raft.server.log.queue.byte-limit = 4294967296 (custom)
2023-01-16 14:41:53,990 [pool-117-thread-1] INFO  server.RaftServerConfigKeys (ConfUtils.java:logGet(46)) - raft.server.log.queue.element-limit = 1024 (custom)
2023-01-16 14:41:53,990 [pool-117-thread-1] INFO  server.RaftServerConfigKeys (ConfUtils.java:logGet(46)) - raft.server.log.segment.size.max = 1048576 (custom)
2023-01-16 14:41:53,990 [pool-117-thread-1] INFO  server.RaftServerConfigKeys (ConfUtils.java:logGet(46)) - raft.server.log.preallocated.size = 16384 (custom)
2023-01-16 14:41:53,990 [pool-117-thread-1] INFO  server.RaftServerConfigKeys (ConfUtils.java:logGet(46)) - raft.server.log.force.sync.num = 128 (default)
2023-01-16 14:41:53,990 [pool-117-thread-1] INFO  server.RaftServerConfigKeys (ConfUtils.java:logGet(46)) - raft.server.log.statemachine.data.sync = true (default)
2023-01-16 14:41:53,990 [pool-117-thread-1] INFO  server.RaftServerConfigKeys (ConfUtils.java:logGet(46)) - raft.server.log.statemachine.data.sync.timeout = 10s (default)
2023-01-16 14:41:53,990 [pool-117-thread-1] INFO  server.RaftServerConfigKeys (ConfUtils.java:logGet(46)) - raft.server.log.statemachine.data.sync.timeout.retry = -1 (default)
2023-01-16 14:41:53,991 [pool-94-thread-1] INFO  server.RaftServer$Division (RaftServerImpl.java:start(334)) - f3cb6aab-e792-43b9-8109-2d5521605a5b@group-42F1C44EC713: start as a follower, conf=-1: peers:[f3cb6aab-e792-43b9-8109-2d5521605a5b|rpc:10.1.1.103:38739|dataStream:10.1.1.103:37539|priority:0|startupRole:FOLLOWER, 16b0a967-ef5a-4382-99c2-95b744fea4a1|rpc:10.1.1.103:46459|dataStream:10.1.1.103:44335|priority:0|startupRole:FOLLOWER, d8f5a1f3-e512-499d-ae8e-3cd02accfea1|rpc:10.1.1.103:43661|dataStream:10.1.1.103:39865|priority:1|startupRole:FOLLOWER]|listeners:[], old=null
2023-01-16 14:41:53,991 [pool-94-thread-1] INFO  server.RaftServer$Division (RaftServerImpl.java:setRole(321)) - f3cb6aab-e792-43b9-8109-2d5521605a5b@group-42F1C44EC713: changes role from      null to FOLLOWER at term 0 for startAsFollower
2023-01-16 14:41:53,991 [pool-94-thread-1] INFO  impl.RoleInfo (RoleInfo.java:updateAndGet(139)) - f3cb6aab-e792-43b9-8109-2d5521605a5b: start f3cb6aab-e792-43b9-8109-2d5521605a5b@group-42F1C44EC713-FollowerState
2023-01-16 14:41:53,991 [pool-117-thread-1] INFO  server.RaftServerConfigKeys (ConfUtils.java:logGet(46)) - raft.server.log.write.buffer.size = 1048576 (custom)
2023-01-16 14:41:54,001 [pool-117-thread-1] INFO  server.RaftServerConfigKeys (ConfUtils.java:logGet(46)) - raft.server.log.appender.buffer.byte-limit = 33554432 (custom)
2023-01-16 14:41:53,992 [Command processor thread] INFO  commandhandler.CreatePipelineCommandHandler (CreatePipelineCommandHandler.java:handle(113)) - Created Pipeline RATIS THREE PipelineID=32c6938f-0a63-4d37-9218-5c0aaadc159b.
2023-01-16 14:41:54,004 [Command processor thread] INFO  server.RaftServer (RaftServerProxy.java:addNew(96)) - 16b0a967-ef5a-4382-99c2-95b744fea4a1: addNew group-42F1C44EC713:[f3cb6aab-e792-43b9-8109-2d5521605a5b|rpc:10.1.1.103:38739|dataStream:10.1.1.103:37539|priority:0|startupRole:FOLLOWER, 16b0a967-ef5a-4382-99c2-95b744fea4a1|rpc:10.1.1.103:46459|dataStream:10.1.1.103:44335|priority:0|startupRole:FOLLOWER, d8f5a1f3-e512-499d-ae8e-3cd02accfea1|rpc:10.1.1.103:43661|dataStream:10.1.1.103:39865|priority:1|startupRole:FOLLOWER] returns group-42F1C44EC713:java.util.concurrent.CompletableFuture@63c2d707[Not completed]
2023-01-16 14:41:54,004 [pool-94-thread-1] INFO  util.JmxRegister (JmxRegister.java:tryRegister(44)) - Successfully registered JMX Bean with object name Ratis:service=RaftServer,group=group-42F1C44EC713,id=f3cb6aab-e792-43b9-8109-2d5521605a5b
2023-01-16 14:41:54,005 [pool-94-thread-1] INFO  server.RaftServerConfigKeys (ConfUtils.java:logGet(46)) - raft.server.snapshot.auto.trigger.enabled = true (custom)
2023-01-16 14:41:54,005 [pool-94-thread-1] INFO  server.RaftServerConfigKeys (ConfUtils.java:logGet(46)) - raft.server.snapshot.auto.trigger.threshold = 10000 (custom)
2023-01-16 14:41:54,005 [pool-94-thread-1] INFO  server.RaftServerConfigKeys (ConfUtils.java:logGet(46)) - raft.server.snapshot.retention.file.num = 5 (custom)
2023-01-16 14:41:54,005 [pool-94-thread-1] INFO  server.RaftServerConfigKeys (ConfUtils.java:logGet(46)) - raft.server.log.purge.upto.snapshot.index = false (default)
2023-01-16 14:41:54,006 [pool-71-thread-1] INFO  server.RaftServer$Division (RaftServerImpl.java:<init>(195)) - 16b0a967-ef5a-4382-99c2-95b744fea4a1: new RaftServerImpl for group-42F1C44EC713:[f3cb6aab-e792-43b9-8109-2d5521605a5b|rpc:10.1.1.103:38739|dataStream:10.1.1.103:37539|priority:0|startupRole:FOLLOWER, 16b0a967-ef5a-4382-99c2-95b744fea4a1|rpc:10.1.1.103:46459|dataStream:10.1.1.103:44335|priority:0|startupRole:FOLLOWER, d8f5a1f3-e512-499d-ae8e-3cd02accfea1|rpc:10.1.1.103:43661|dataStream:10.1.1.103:39865|priority:1|startupRole:FOLLOWER] with ContainerStateMachine:uninitialized
2023-01-16 14:41:54,013 [pool-71-thread-1] INFO  server.RaftServerConfigKeys (ConfUtils.java:logGet(46)) - raft.server.rpc.timeout.min = 5s (custom)
2023-01-16 14:41:54,012 [Command processor thread] INFO  ratis.XceiverServerRatis (XceiverServerRatis.java:addGroup(806)) - Created group PipelineID=fb287427-0678-4217-8634-42f1c44ec713
2023-01-16 14:41:54,011 [pool-117-thread-1] INFO  server.RaftServerConfigKeys (ConfUtils.java:logGet(46)) - raft.server.log.unsafe-flush.enabled = false (default)
2023-01-16 14:41:54,014 [pool-117-thread-1] INFO  server.RaftServerConfigKeys (ConfUtils.java:logGet(46)) - raft.server.log.async-flush.enabled = false (default)
2023-01-16 14:41:54,014 [pool-117-thread-1] INFO  server.RaftServerConfigKeys (ConfUtils.java:logGet(46)) - raft.server.log.statemachine.data.caching.enabled = true (custom)
2023-01-16 14:41:54,014 [pool-117-thread-1] INFO  segmented.SegmentedRaftLogWorker (SegmentedRaftLogWorker.java:lambda$new$0(135)) - d8f5a1f3-e512-499d-ae8e-3cd02accfea1@group-42F1C44EC713-SegmentedRaftLogWorker: flushIndex: setUnconditionally 0 -> -1
2023-01-16 14:41:54,014 [pool-117-thread-1] INFO  segmented.SegmentedRaftLogWorker (SegmentedRaftLogWorker.java:lambda$new$0(135)) - d8f5a1f3-e512-499d-ae8e-3cd02accfea1@group-42F1C44EC713-SegmentedRaftLogWorker: safeCacheEvictIndex: setUnconditionally 0 -> -1
2023-01-16 14:41:54,006 [EventQueue-OpenPipelineForHealthyPipelineSafeModeRule] INFO  safemode.SCMSafeModeManager (HealthyPipelineSafeModeRule.java:process(137)) - SCM in safe mode. Healthy pipelines reported count is 0, required healthy pipeline reported count is 1
2023-01-16 14:41:54,015 [pool-117-thread-1] INFO  server.RaftServer$Division (RaftServerImpl.java:start(334)) - d8f5a1f3-e512-499d-ae8e-3cd02accfea1@group-42F1C44EC713: start as a follower, conf=-1: peers:[f3cb6aab-e792-43b9-8109-2d5521605a5b|rpc:10.1.1.103:38739|dataStream:10.1.1.103:37539|priority:0|startupRole:FOLLOWER, 16b0a967-ef5a-4382-99c2-95b744fea4a1|rpc:10.1.1.103:46459|dataStream:10.1.1.103:44335|priority:0|startupRole:FOLLOWER, d8f5a1f3-e512-499d-ae8e-3cd02accfea1|rpc:10.1.1.103:43661|dataStream:10.1.1.103:39865|priority:1|startupRole:FOLLOWER]|listeners:[], old=null
2023-01-16 14:41:54,015 [pool-117-thread-1] INFO  server.RaftServer$Division (RaftServerImpl.java:setRole(321)) - d8f5a1f3-e512-499d-ae8e-3cd02accfea1@group-42F1C44EC713: changes role from      null to FOLLOWER at term 0 for startAsFollower
2023-01-16 14:41:54,015 [pool-117-thread-1] INFO  impl.RoleInfo (RoleInfo.java:updateAndGet(139)) - d8f5a1f3-e512-499d-ae8e-3cd02accfea1: start d8f5a1f3-e512-499d-ae8e-3cd02accfea1@group-42F1C44EC713-FollowerState
2023-01-16 14:41:54,013 [f3cb6aab-e792-43b9-8109-2d5521605a5b@group-42F1C44EC713-FollowerState] INFO  server.RaftServerConfigKeys (ConfUtils.java:logFallback(53)) - raft.server.rpc.first-election.timeout.min = 5s (fallback to raft.server.rpc.timeout.min)
2023-01-16 14:41:54,020 [pool-71-thread-1] INFO  server.RaftServerConfigKeys (ConfUtils.java:logGet(46)) - raft.server.rpc.timeout.max = 5200ms (custom)
2023-01-16 14:41:54,020 [pool-71-thread-1] INFO  server.RaftServerConfigKeys (ConfUtils.java:logGet(46)) - raft.server.rpc.sleep.time = 25ms (default)
2023-01-16 14:41:54,020 [pool-71-thread-1] INFO  server.RaftServerConfigKeys (ConfUtils.java:logGet(46)) - raft.server.rpc.slowness.timeout = 300s (custom)
2023-01-16 14:41:54,020 [pool-71-thread-1] INFO  server.RaftServerConfigKeys (ConfUtils.java:logGet(46)) - raft.server.leaderelection.leader.step-down.wait-time = 10s (default)
2023-01-16 14:41:54,020 [pool-71-thread-1] INFO  server.RaftServerConfigKeys (ConfUtils.java:logGet(46)) - raft.server.sleep.deviation.threshold = 300ms (default)
2023-01-16 14:41:54,020 [pool-71-thread-1] INFO  server.RaftServer$Division (ServerState.java:<init>(118)) - 16b0a967-ef5a-4382-99c2-95b744fea4a1@group-42F1C44EC713: ConfigurationManager, init=-1: peers:[f3cb6aab-e792-43b9-8109-2d5521605a5b|rpc:10.1.1.103:38739|dataStream:10.1.1.103:37539|priority:0|startupRole:FOLLOWER, 16b0a967-ef5a-4382-99c2-95b744fea4a1|rpc:10.1.1.103:46459|dataStream:10.1.1.103:44335|priority:0|startupRole:FOLLOWER, d8f5a1f3-e512-499d-ae8e-3cd02accfea1|rpc:10.1.1.103:43661|dataStream:10.1.1.103:39865|priority:1|startupRole:FOLLOWER]|listeners:[], old=null, confs=<EMPTY_MAP>
2023-01-16 14:41:54,021 [pool-71-thread-1] INFO  server.RaftServerConfigKeys (ConfUtils.java:logGet(46)) - raft.server.storage.dir = [/home/runner/work/ozone/ozone/hadoop-ozone/integration-test/target/test-dir/MiniOzoneClusterImpl-bcd49b6a-245a-4637-b4c9-d6b301a8fda7/datanode-0/data/ratis] (custom)
2023-01-16 14:41:54,021 [pool-71-thread-1] INFO  server.RaftServerConfigKeys (ConfUtils.java:logGet(46)) - raft.server.log.corruption.policy = EXCEPTION (default)
2023-01-16 14:41:54,021 [pool-71-thread-1] INFO  server.RaftServerConfigKeys (ConfUtils.java:logGet(46)) - raft.server.storage.free-space.min = 0MB (=0) (default)
2023-01-16 14:41:54,017 [d8f5a1f3-e512-499d-ae8e-3cd02accfea1@group-42F1C44EC713-FollowerState] INFO  server.RaftServerConfigKeys (ConfUtils.java:logFallback(53)) - raft.server.rpc.first-election.timeout.min = 5s (fallback to raft.server.rpc.timeout.min)
2023-01-16 14:41:54,017 [pool-117-thread-1] INFO  util.JmxRegister (JmxRegister.java:tryRegister(44)) - Successfully registered JMX Bean with object name Ratis:service=RaftServer,group=group-42F1C44EC713,id=d8f5a1f3-e512-499d-ae8e-3cd02accfea1
2023-01-16 14:41:54,024 [pool-71-thread-1] INFO  server.RaftServerConfigKeys (ConfUtils.java:logGet(46)) - raft.server.notification.no-leader.timeout = 300s (custom)
2023-01-16 14:41:54,020 [f3cb6aab-e792-43b9-8109-2d5521605a5b@group-42F1C44EC713-FollowerState] INFO  server.RaftServerConfigKeys (ConfUtils.java:logFallback(53)) - raft.server.rpc.first-election.timeout.max = 5200ms (fallback to raft.server.rpc.timeout.max)
2023-01-16 14:41:54,031 [d8f5a1f3-e512-499d-ae8e-3cd02accfea1@group-42F1C44EC713-FollowerState] INFO  server.RaftServerConfigKeys (ConfUtils.java:logFallback(53)) - raft.server.rpc.first-election.timeout.max = 5200ms (fallback to raft.server.rpc.timeout.max)
2023-01-16 14:41:54,031 [pool-71-thread-1] INFO  server.RaftServerConfigKeys (ConfUtils.java:logGet(46)) - raft.server.retrycache.expirytime = 600000ms (custom)
2023-01-16 14:41:54,034 [pool-71-thread-1] INFO  server.RaftServerConfigKeys (ConfUtils.java:logGet(46)) - raft.server.retrycache.statistics.expirytime = 100μs (default)
2023-01-16 14:41:54,035 [pool-71-thread-1] INFO  server.RaftServerConfigKeys (ConfUtils.java:logGet(46)) - raft.server.log.appender.install.snapshot.enabled = false (custom)
2023-01-16 14:41:54,035 [pool-71-thread-1] INFO  server.RaftServerConfigKeys (ConfUtils.java:logGet(46)) - raft.server.threadpool.server.cached = true (default)
2023-01-16 14:41:54,035 [pool-71-thread-1] INFO  server.RaftServerConfigKeys (ConfUtils.java:logGet(46)) - raft.server.threadpool.server.size = 0 (default)
2023-01-16 14:41:54,035 [pool-71-thread-1] INFO  server.RaftServerConfigKeys (ConfUtils.java:logGet(46)) - raft.server.threadpool.client.cached = true (default)
2023-01-16 14:41:54,035 [pool-71-thread-1] INFO  server.RaftServerConfigKeys (ConfUtils.java:logGet(46)) - raft.server.threadpool.client.size = 0 (default)
2023-01-16 14:41:54,035 [pool-71-thread-1] INFO  storage.RaftStorageDirectory (RaftStorageDirectoryImpl.java:analyzeStorage(137)) - The storage directory /home/runner/work/ozone/ozone/hadoop-ozone/integration-test/target/test-dir/MiniOzoneClusterImpl-bcd49b6a-245a-4637-b4c9-d6b301a8fda7/datanode-0/data/ratis/fb287427-0678-4217-8634-42f1c44ec713 does not exist. Creating ...
2023-01-16 14:41:54,031 [pool-117-thread-1] INFO  server.RaftServerConfigKeys (ConfUtils.java:logGet(46)) - raft.server.snapshot.auto.trigger.enabled = true (custom)
2023-01-16 14:41:54,036 [pool-117-thread-1] INFO  server.RaftServerConfigKeys (ConfUtils.java:logGet(46)) - raft.server.snapshot.auto.trigger.threshold = 10000 (custom)
2023-01-16 14:41:54,036 [pool-117-thread-1] INFO  server.RaftServerConfigKeys (ConfUtils.java:logGet(46)) - raft.server.snapshot.retention.file.num = 5 (custom)
2023-01-16 14:41:54,036 [pool-117-thread-1] INFO  server.RaftServerConfigKeys (ConfUtils.java:logGet(46)) - raft.server.log.purge.upto.snapshot.index = false (default)
2023-01-16 14:41:54,031 [Command processor thread] INFO  server.RaftServer (RaftServerProxy.java:addNew(96)) - a1145108-ddcc-4325-a3dc-9d25daa38a10: addNew group-5AD360400D61:[a1145108-ddcc-4325-a3dc-9d25daa38a10|rpc:10.1.1.103:33417|dataStream:10.1.1.103:39815|priority:1|startupRole:FOLLOWER] returns group-5AD360400D61:java.util.concurrent.CompletableFuture@4a941666[Not completed]
2023-01-16 14:41:54,037 [Command processor thread] INFO  ratis.XceiverServerRatis (XceiverServerRatis.java:addGroup(806)) - Created group PipelineID=fb287427-0678-4217-8634-42f1c44ec713
2023-01-16 14:41:54,037 [pool-71-thread-1] INFO  storage.RaftStorageDirectory (RaftStorageDirectoryImpl.java:tryLock(231)) - Lock on /home/runner/work/ozone/ozone/hadoop-ozone/integration-test/target/test-dir/MiniOzoneClusterImpl-bcd49b6a-245a-4637-b4c9-d6b301a8fda7/datanode-0/data/ratis/fb287427-0678-4217-8634-42f1c44ec713/in_use.lock acquired by nodename 12075@fv-az203-757
2023-01-16 14:41:54,052 [pool-71-thread-1] INFO  storage.RaftStorage (RaftStorageImpl.java:format(96)) - Storage directory /home/runner/work/ozone/ozone/hadoop-ozone/integration-test/target/test-dir/MiniOzoneClusterImpl-bcd49b6a-245a-4637-b4c9-d6b301a8fda7/datanode-0/data/ratis/fb287427-0678-4217-8634-42f1c44ec713 has been successfully formatted.
2023-01-16 14:41:54,052 [pool-71-thread-1] INFO  ratis.ContainerStateMachine (ContainerStateMachine.java:loadSnapshot(240)) - group-42F1C44EC713: The snapshot info is null. Setting the last applied indexto:(t:0, i:~)
2023-01-16 14:41:54,052 [pool-71-thread-1] INFO  server.RaftServerConfigKeys (ConfUtils.java:logGet(46)) - raft.server.log.use.memory = false (default)
2023-01-16 14:41:54,052 [pool-71-thread-1] INFO  server.RaftServerConfigKeys (ConfUtils.java:logGet(46)) - raft.server.log.purge.gap = 1000000 (custom)
2023-01-16 14:41:54,052 [pool-71-thread-1] INFO  server.RaftServerConfigKeys (ConfUtils.java:logGet(46)) - raft.server.log.appender.buffer.byte-limit = 33554432 (custom)
2023-01-16 14:41:54,052 [pool-71-thread-1] INFO  server.RaftServerConfigKeys (ConfUtils.java:logGet(46)) - raft.server.log.statemachine.data.read.timeout = 1000ms (default)
2023-01-16 14:41:54,052 [pool-71-thread-1] INFO  server.RaftServerConfigKeys (ConfUtils.java:logGet(46)) - raft.server.log.purge.preservation.log.num = 0 (default)
2023-01-16 14:41:54,053 [pool-71-thread-1] INFO  server.RaftServerConfigKeys (ConfUtils.java:logGet(46)) - raft.server.log.segment.size.max = 1048576 (custom)
2023-01-16 14:41:54,053 [pool-71-thread-1] INFO  server.RaftServerConfigKeys (ConfUtils.java:logGet(46)) - raft.server.log.segment.cache.num.max = 2 (custom)
2023-01-16 14:41:54,053 [pool-71-thread-1] INFO  server.RaftServerConfigKeys (ConfUtils.java:logGet(46)) - raft.server.log.segment.cache.size.max = 200MB (=209715200) (default)
2023-01-16 14:41:54,053 [pool-71-thread-1] INFO  segmented.SegmentedRaftLogWorker (SegmentedRaftLogWorker.java:<init>(189)) - new 16b0a967-ef5a-4382-99c2-95b744fea4a1@group-42F1C44EC713-SegmentedRaftLogWorker for RaftStorageImpl:Storage Directory /home/runner/work/ozone/ozone/hadoop-ozone/integration-test/target/test-dir/MiniOzoneClusterImpl-bcd49b6a-245a-4637-b4c9-d6b301a8fda7/datanode-0/data/ratis/fb287427-0678-4217-8634-42f1c44ec713
2023-01-16 14:41:54,053 [pool-71-thread-1] INFO  server.RaftServerConfigKeys (ConfUtils.java:logGet(46)) - raft.server.log.queue.byte-limit = 4294967296 (custom)
2023-01-16 14:41:54,053 [pool-71-thread-1] INFO  server.RaftServerConfigKeys (ConfUtils.java:logGet(46)) - raft.server.log.queue.element-limit = 1024 (custom)
2023-01-16 14:41:54,053 [pool-71-thread-1] INFO  server.RaftServerConfigKeys (ConfUtils.java:logGet(46)) - raft.server.log.segment.size.max = 1048576 (custom)
2023-01-16 14:41:54,053 [pool-71-thread-1] INFO  server.RaftServerConfigKeys (ConfUtils.java:logGet(46)) - raft.server.log.preallocated.size = 16384 (custom)
2023-01-16 14:41:54,053 [pool-71-thread-1] INFO  server.RaftServerConfigKeys (ConfUtils.java:logGet(46)) - raft.server.log.force.sync.num = 128 (default)
2023-01-16 14:41:54,053 [pool-71-thread-1] INFO  server.RaftServerConfigKeys (ConfUtils.java:logGet(46)) - raft.server.log.statemachine.data.sync = true (default)
2023-01-16 14:41:54,054 [pool-71-thread-1] INFO  server.RaftServerConfigKeys (ConfUtils.java:logGet(46)) - raft.server.log.statemachine.data.sync.timeout = 10s (default)
2023-01-16 14:41:54,054 [pool-71-thread-1] INFO  server.RaftServerConfigKeys (ConfUtils.java:logGet(46)) - raft.server.log.statemachine.data.sync.timeout.retry = -1 (default)
2023-01-16 14:41:54,054 [pool-71-thread-1] INFO  server.RaftServerConfigKeys (ConfUtils.java:logGet(46)) - raft.server.log.write.buffer.size = 1048576 (custom)
2023-01-16 14:41:54,055 [pool-71-thread-1] INFO  server.RaftServerConfigKeys (ConfUtils.java:logGet(46)) - raft.server.log.appender.buffer.byte-limit = 33554432 (custom)
2023-01-16 14:41:54,063 [pool-140-thread-1] INFO  server.RaftServer$Division (RaftServerImpl.java:<init>(195)) - a1145108-ddcc-4325-a3dc-9d25daa38a10: new RaftServerImpl for group-5AD360400D61:[a1145108-ddcc-4325-a3dc-9d25daa38a10|rpc:10.1.1.103:33417|dataStream:10.1.1.103:39815|priority:1|startupRole:FOLLOWER] with ContainerStateMachine:uninitialized
2023-01-16 14:41:54,063 [pool-140-thread-1] INFO  server.RaftServerConfigKeys (ConfUtils.java:logGet(46)) - raft.server.rpc.timeout.min = 5s (custom)
2023-01-16 14:41:54,063 [pool-140-thread-1] INFO  server.RaftServerConfigKeys (ConfUtils.java:logGet(46)) - raft.server.rpc.timeout.max = 5200ms (custom)
2023-01-16 14:41:54,063 [pool-140-thread-1] INFO  server.RaftServerConfigKeys (ConfUtils.java:logGet(46)) - raft.server.rpc.sleep.time = 25ms (default)
2023-01-16 14:41:54,063 [pool-140-thread-1] INFO  server.RaftServerConfigKeys (ConfUtils.java:logGet(46)) - raft.server.rpc.slowness.timeout = 300s (custom)
2023-01-16 14:41:54,063 [pool-140-thread-1] INFO  server.RaftServerConfigKeys (ConfUtils.java:logGet(46)) - raft.server.leaderelection.leader.step-down.wait-time = 10s (default)
2023-01-16 14:41:54,064 [pool-140-thread-1] INFO  server.RaftServerConfigKeys (ConfUtils.java:logGet(46)) - raft.server.sleep.deviation.threshold = 300ms (default)
2023-01-16 14:41:54,064 [pool-71-thread-1] INFO  server.RaftServerConfigKeys (ConfUtils.java:logGet(46)) - raft.server.log.unsafe-flush.enabled = false (default)
2023-01-16 14:41:54,064 [pool-140-thread-1] INFO  server.RaftServer$Division (ServerState.java:<init>(118)) - a1145108-ddcc-4325-a3dc-9d25daa38a10@group-5AD360400D61: ConfigurationManager, init=-1: peers:[a1145108-ddcc-4325-a3dc-9d25daa38a10|rpc:10.1.1.103:33417|dataStream:10.1.1.103:39815|priority:1|startupRole:FOLLOWER]|listeners:[], old=null, confs=<EMPTY_MAP>
2023-01-16 14:41:54,067 [pool-140-thread-1] INFO  server.RaftServerConfigKeys (ConfUtils.java:logGet(46)) - raft.server.storage.dir = [/home/runner/work/ozone/ozone/hadoop-ozone/integration-test/target/test-dir/MiniOzoneClusterImpl-bcd49b6a-245a-4637-b4c9-d6b301a8fda7/datanode-3/data/ratis] (custom)
2023-01-16 14:41:54,068 [pool-140-thread-1] INFO  server.RaftServerConfigKeys (ConfUtils.java:logGet(46)) - raft.server.log.corruption.policy = EXCEPTION (default)
2023-01-16 14:41:54,068 [pool-140-thread-1] INFO  server.RaftServerConfigKeys (ConfUtils.java:logGet(46)) - raft.server.storage.free-space.min = 0MB (=0) (default)
2023-01-16 14:41:54,068 [pool-140-thread-1] INFO  server.RaftServerConfigKeys (ConfUtils.java:logGet(46)) - raft.server.notification.no-leader.timeout = 300s (custom)
2023-01-16 14:41:54,068 [pool-140-thread-1] INFO  server.RaftServerConfigKeys (ConfUtils.java:logGet(46)) - raft.server.retrycache.expirytime = 600000ms (custom)
2023-01-16 14:41:54,068 [pool-140-thread-1] INFO  server.RaftServerConfigKeys (ConfUtils.java:logGet(46)) - raft.server.retrycache.statistics.expirytime = 100μs (default)
2023-01-16 14:41:54,066 [EventQueue-OpenPipelineForHealthyPipelineSafeModeRule] INFO  safemode.SCMSafeModeManager (HealthyPipelineSafeModeRule.java:process(137)) - SCM in safe mode. Healthy pipelines reported count is 0, required healthy pipeline reported count is 1
2023-01-16 14:41:54,064 [pool-71-thread-1] INFO  server.RaftServerConfigKeys (ConfUtils.java:logGet(46)) - raft.server.log.async-flush.enabled = false (default)
2023-01-16 14:41:54,069 [pool-71-thread-1] INFO  server.RaftServerConfigKeys (ConfUtils.java:logGet(46)) - raft.server.log.statemachine.data.caching.enabled = true (custom)
2023-01-16 14:41:54,069 [pool-71-thread-1] INFO  segmented.SegmentedRaftLogWorker (SegmentedRaftLogWorker.java:lambda$new$0(135)) - 16b0a967-ef5a-4382-99c2-95b744fea4a1@group-42F1C44EC713-SegmentedRaftLogWorker: flushIndex: setUnconditionally 0 -> -1
2023-01-16 14:41:54,069 [pool-71-thread-1] INFO  segmented.SegmentedRaftLogWorker (SegmentedRaftLogWorker.java:lambda$new$0(135)) - 16b0a967-ef5a-4382-99c2-95b744fea4a1@group-42F1C44EC713-SegmentedRaftLogWorker: safeCacheEvictIndex: setUnconditionally 0 -> -1
2023-01-16 14:41:54,069 [pool-71-thread-1] INFO  server.RaftServer$Division (RaftServerImpl.java:start(334)) - 16b0a967-ef5a-4382-99c2-95b744fea4a1@group-42F1C44EC713: start as a follower, conf=-1: peers:[f3cb6aab-e792-43b9-8109-2d5521605a5b|rpc:10.1.1.103:38739|dataStream:10.1.1.103:37539|priority:0|startupRole:FOLLOWER, 16b0a967-ef5a-4382-99c2-95b744fea4a1|rpc:10.1.1.103:46459|dataStream:10.1.1.103:44335|priority:0|startupRole:FOLLOWER, d8f5a1f3-e512-499d-ae8e-3cd02accfea1|rpc:10.1.1.103:43661|dataStream:10.1.1.103:39865|priority:1|startupRole:FOLLOWER]|listeners:[], old=null
2023-01-16 14:41:54,071 [pool-71-thread-1] INFO  server.RaftServer$Division (RaftServerImpl.java:setRole(321)) - 16b0a967-ef5a-4382-99c2-95b744fea4a1@group-42F1C44EC713: changes role from      null to FOLLOWER at term 0 for startAsFollower
2023-01-16 14:41:54,071 [pool-71-thread-1] INFO  impl.RoleInfo (RoleInfo.java:updateAndGet(139)) - 16b0a967-ef5a-4382-99c2-95b744fea4a1: start 16b0a967-ef5a-4382-99c2-95b744fea4a1@group-42F1C44EC713-FollowerState
2023-01-16 14:41:54,073 [pool-71-thread-1] INFO  util.JmxRegister (JmxRegister.java:tryRegister(44)) - Successfully registered JMX Bean with object name Ratis:service=RaftServer,group=group-42F1C44EC713,id=16b0a967-ef5a-4382-99c2-95b744fea4a1
2023-01-16 14:41:54,073 [pool-71-thread-1] INFO  server.RaftServerConfigKeys (ConfUtils.java:logGet(46)) - raft.server.snapshot.auto.trigger.enabled = true (custom)
2023-01-16 14:41:54,073 [pool-71-thread-1] INFO  server.RaftServerConfigKeys (ConfUtils.java:logGet(46)) - raft.server.snapshot.auto.trigger.threshold = 10000 (custom)
2023-01-16 14:41:54,073 [pool-71-thread-1] INFO  server.RaftServerConfigKeys (ConfUtils.java:logGet(46)) - raft.server.snapshot.retention.file.num = 5 (custom)
2023-01-16 14:41:54,073 [pool-71-thread-1] INFO  server.RaftServerConfigKeys (ConfUtils.java:logGet(46)) - raft.server.log.purge.upto.snapshot.index = false (default)
2023-01-16 14:41:54,073 [16b0a967-ef5a-4382-99c2-95b744fea4a1@group-42F1C44EC713-FollowerState] INFO  server.RaftServerConfigKeys (ConfUtils.java:logFallback(53)) - raft.server.rpc.first-election.timeout.min = 5s (fallback to raft.server.rpc.timeout.min)
2023-01-16 14:41:54,085 [16b0a967-ef5a-4382-99c2-95b744fea4a1@group-42F1C44EC713-FollowerState] INFO  server.RaftServerConfigKeys (ConfUtils.java:logFallback(53)) - raft.server.rpc.first-election.timeout.max = 5200ms (fallback to raft.server.rpc.timeout.max)
2023-01-16 14:41:54,076 [pool-140-thread-1] INFO  server.RaftServerConfigKeys (ConfUtils.java:logGet(46)) - raft.server.log.appender.install.snapshot.enabled = false (custom)
2023-01-16 14:41:54,087 [pool-140-thread-1] INFO  server.RaftServerConfigKeys (ConfUtils.java:logGet(46)) - raft.server.threadpool.server.cached = true (default)
2023-01-16 14:41:54,087 [pool-140-thread-1] INFO  server.RaftServerConfigKeys (ConfUtils.java:logGet(46)) - raft.server.threadpool.server.size = 0 (default)
2023-01-16 14:41:54,087 [pool-140-thread-1] INFO  server.RaftServerConfigKeys (ConfUtils.java:logGet(46)) - raft.server.threadpool.client.cached = true (default)
2023-01-16 14:41:54,087 [pool-140-thread-1] INFO  server.RaftServerConfigKeys (ConfUtils.java:logGet(46)) - raft.server.threadpool.client.size = 0 (default)
2023-01-16 14:41:54,087 [pool-140-thread-1] INFO  storage.RaftStorageDirectory (RaftStorageDirectoryImpl.java:analyzeStorage(137)) - The storage directory /home/runner/work/ozone/ozone/hadoop-ozone/integration-test/target/test-dir/MiniOzoneClusterImpl-bcd49b6a-245a-4637-b4c9-d6b301a8fda7/datanode-3/data/ratis/812bb351-50d2-4cb7-9650-5ad360400d61 does not exist. Creating ...
2023-01-16 14:41:54,074 [Command processor thread] INFO  ratis.XceiverServerRatis (XceiverServerRatis.java:addGroup(806)) - Created group PipelineID=fb287427-0678-4217-8634-42f1c44ec713
2023-01-16 14:41:54,091 [pool-140-thread-1] INFO  storage.RaftStorageDirectory (RaftStorageDirectoryImpl.java:tryLock(231)) - Lock on /home/runner/work/ozone/ozone/hadoop-ozone/integration-test/target/test-dir/MiniOzoneClusterImpl-bcd49b6a-245a-4637-b4c9-d6b301a8fda7/datanode-3/data/ratis/812bb351-50d2-4cb7-9650-5ad360400d61/in_use.lock acquired by nodename 12075@fv-az203-757
2023-01-16 14:41:54,096 [pool-140-thread-1] INFO  storage.RaftStorage (RaftStorageImpl.java:format(96)) - Storage directory /home/runner/work/ozone/ozone/hadoop-ozone/integration-test/target/test-dir/MiniOzoneClusterImpl-bcd49b6a-245a-4637-b4c9-d6b301a8fda7/datanode-3/data/ratis/812bb351-50d2-4cb7-9650-5ad360400d61 has been successfully formatted.
2023-01-16 14:41:54,098 [pool-140-thread-1] INFO  ratis.ContainerStateMachine (ContainerStateMachine.java:loadSnapshot(240)) - group-5AD360400D61: The snapshot info is null. Setting the last applied indexto:(t:0, i:~)
2023-01-16 14:41:54,098 [pool-140-thread-1] INFO  server.RaftServerConfigKeys (ConfUtils.java:logGet(46)) - raft.server.log.use.memory = false (default)
2023-01-16 14:41:54,099 [pool-140-thread-1] INFO  server.RaftServerConfigKeys (ConfUtils.java:logGet(46)) - raft.server.log.purge.gap = 1000000 (custom)
2023-01-16 14:41:54,099 [pool-140-thread-1] INFO  server.RaftServerConfigKeys (ConfUtils.java:logGet(46)) - raft.server.log.appender.buffer.byte-limit = 33554432 (custom)
2023-01-16 14:41:54,099 [pool-140-thread-1] INFO  server.RaftServerConfigKeys (ConfUtils.java:logGet(46)) - raft.server.log.statemachine.data.read.timeout = 1000ms (default)
2023-01-16 14:41:54,099 [pool-140-thread-1] INFO  server.RaftServerConfigKeys (ConfUtils.java:logGet(46)) - raft.server.log.purge.preservation.log.num = 0 (default)
2023-01-16 14:41:54,099 [pool-140-thread-1] INFO  server.RaftServerConfigKeys (ConfUtils.java:logGet(46)) - raft.server.log.segment.size.max = 1048576 (custom)
2023-01-16 14:41:54,099 [pool-140-thread-1] INFO  server.RaftServerConfigKeys (ConfUtils.java:logGet(46)) - raft.server.log.segment.cache.num.max = 2 (custom)
2023-01-16 14:41:54,099 [pool-140-thread-1] INFO  server.RaftServerConfigKeys (ConfUtils.java:logGet(46)) - raft.server.log.segment.cache.size.max = 200MB (=209715200) (default)
2023-01-16 14:41:54,100 [pool-140-thread-1] INFO  segmented.SegmentedRaftLogWorker (SegmentedRaftLogWorker.java:<init>(189)) - new a1145108-ddcc-4325-a3dc-9d25daa38a10@group-5AD360400D61-SegmentedRaftLogWorker for RaftStorageImpl:Storage Directory /home/runner/work/ozone/ozone/hadoop-ozone/integration-test/target/test-dir/MiniOzoneClusterImpl-bcd49b6a-245a-4637-b4c9-d6b301a8fda7/datanode-3/data/ratis/812bb351-50d2-4cb7-9650-5ad360400d61
2023-01-16 14:41:54,100 [pool-140-thread-1] INFO  server.RaftServerConfigKeys (ConfUtils.java:logGet(46)) - raft.server.log.queue.byte-limit = 4294967296 (custom)
2023-01-16 14:41:54,100 [pool-140-thread-1] INFO  server.RaftServerConfigKeys (ConfUtils.java:logGet(46)) - raft.server.log.queue.element-limit = 1024 (custom)
2023-01-16 14:41:54,100 [pool-140-thread-1] INFO  server.RaftServerConfigKeys (ConfUtils.java:logGet(46)) - raft.server.log.segment.size.max = 1048576 (custom)
2023-01-16 14:41:54,101 [pool-140-thread-1] INFO  server.RaftServerConfigKeys (ConfUtils.java:logGet(46)) - raft.server.log.preallocated.size = 16384 (custom)
2023-01-16 14:41:54,101 [pool-140-thread-1] INFO  server.RaftServerConfigKeys (ConfUtils.java:logGet(46)) - raft.server.log.force.sync.num = 128 (default)
2023-01-16 14:41:54,101 [pool-140-thread-1] INFO  server.RaftServerConfigKeys (ConfUtils.java:logGet(46)) - raft.server.log.statemachine.data.sync = true (default)
2023-01-16 14:41:54,101 [pool-140-thread-1] INFO  server.RaftServerConfigKeys (ConfUtils.java:logGet(46)) - raft.server.log.statemachine.data.sync.timeout = 10s (default)
2023-01-16 14:41:54,101 [pool-140-thread-1] INFO  server.RaftServerConfigKeys (ConfUtils.java:logGet(46)) - raft.server.log.statemachine.data.sync.timeout.retry = -1 (default)
2023-01-16 14:41:54,101 [pool-140-thread-1] INFO  server.RaftServerConfigKeys (ConfUtils.java:logGet(46)) - raft.server.log.write.buffer.size = 1048576 (custom)
2023-01-16 14:41:54,102 [pool-140-thread-1] INFO  server.RaftServerConfigKeys (ConfUtils.java:logGet(46)) - raft.server.log.appender.buffer.byte-limit = 33554432 (custom)
2023-01-16 14:41:54,107 [pool-140-thread-1] INFO  server.RaftServerConfigKeys (ConfUtils.java:logGet(46)) - raft.server.log.unsafe-flush.enabled = false (default)
2023-01-16 14:41:54,107 [pool-140-thread-1] INFO  server.RaftServerConfigKeys (ConfUtils.java:logGet(46)) - raft.server.log.async-flush.enabled = false (default)
2023-01-16 14:41:54,107 [pool-140-thread-1] INFO  server.RaftServerConfigKeys (ConfUtils.java:logGet(46)) - raft.server.log.statemachine.data.caching.enabled = true (custom)
2023-01-16 14:41:54,112 [pool-140-thread-1] INFO  segmented.SegmentedRaftLogWorker (SegmentedRaftLogWorker.java:lambda$new$0(135)) - a1145108-ddcc-4325-a3dc-9d25daa38a10@group-5AD360400D61-SegmentedRaftLogWorker: flushIndex: setUnconditionally 0 -> -1
2023-01-16 14:41:54,112 [pool-140-thread-1] INFO  segmented.SegmentedRaftLogWorker (SegmentedRaftLogWorker.java:lambda$new$0(135)) - a1145108-ddcc-4325-a3dc-9d25daa38a10@group-5AD360400D61-SegmentedRaftLogWorker: safeCacheEvictIndex: setUnconditionally 0 -> -1
2023-01-16 14:41:54,112 [pool-140-thread-1] INFO  server.RaftServer$Division (RaftServerImpl.java:start(334)) - a1145108-ddcc-4325-a3dc-9d25daa38a10@group-5AD360400D61: start as a follower, conf=-1: peers:[a1145108-ddcc-4325-a3dc-9d25daa38a10|rpc:10.1.1.103:33417|dataStream:10.1.1.103:39815|priority:1|startupRole:FOLLOWER]|listeners:[], old=null
2023-01-16 14:41:54,112 [pool-140-thread-1] INFO  server.RaftServer$Division (RaftServerImpl.java:setRole(321)) - a1145108-ddcc-4325-a3dc-9d25daa38a10@group-5AD360400D61: changes role from      null to FOLLOWER at term 0 for startAsFollower
2023-01-16 14:41:54,112 [pool-140-thread-1] INFO  impl.RoleInfo (RoleInfo.java:updateAndGet(139)) - a1145108-ddcc-4325-a3dc-9d25daa38a10: start a1145108-ddcc-4325-a3dc-9d25daa38a10@group-5AD360400D61-FollowerState
2023-01-16 14:41:54,112 [pool-140-thread-1] INFO  util.JmxRegister (JmxRegister.java:tryRegister(44)) - Successfully registered JMX Bean with object name Ratis:service=RaftServer,group=group-5AD360400D61,id=a1145108-ddcc-4325-a3dc-9d25daa38a10
2023-01-16 14:41:54,112 [pool-140-thread-1] INFO  server.RaftServerConfigKeys (ConfUtils.java:logGet(46)) - raft.server.snapshot.auto.trigger.enabled = true (custom)
2023-01-16 14:41:54,113 [pool-140-thread-1] INFO  server.RaftServerConfigKeys (ConfUtils.java:logGet(46)) - raft.server.snapshot.auto.trigger.threshold = 10000 (custom)
2023-01-16 14:41:54,113 [pool-140-thread-1] INFO  server.RaftServerConfigKeys (ConfUtils.java:logGet(46)) - raft.server.snapshot.retention.file.num = 5 (custom)
2023-01-16 14:41:54,113 [pool-140-thread-1] INFO  server.RaftServerConfigKeys (ConfUtils.java:logGet(46)) - raft.server.log.purge.upto.snapshot.index = false (default)
2023-01-16 14:41:54,113 [a1145108-ddcc-4325-a3dc-9d25daa38a10@group-5AD360400D61-FollowerState] INFO  server.RaftServerConfigKeys (ConfUtils.java:logFallback(53)) - raft.server.rpc.first-election.timeout.min = 5s (fallback to raft.server.rpc.timeout.min)
2023-01-16 14:41:54,113 [a1145108-ddcc-4325-a3dc-9d25daa38a10@group-5AD360400D61-FollowerState] INFO  server.RaftServerConfigKeys (ConfUtils.java:logFallback(53)) - raft.server.rpc.first-election.timeout.max = 5200ms (fallback to raft.server.rpc.timeout.max)
2023-01-16 14:41:54,114 [EventQueue-PipelineReportForPipelineReportHandler] INFO  pipeline.PipelineManagerImpl (PipelineManagerImpl.java:openPipeline(367)) - Pipeline Pipeline[ Id: 812bb351-50d2-4cb7-9650-5ad360400d61, Nodes: a1145108-ddcc-4325-a3dc-9d25daa38a10(fv-az203-757.ild0l4k5vsluppoevu2oqvhmda.cx.internal.cloudapp.net/10.1.1.103), ReplicationConfig: RATIS/ONE, State:ALLOCATED, leaderId:a1145108-ddcc-4325-a3dc-9d25daa38a10, CreationTimestamp2023-01-16T14:41:51.030Z[Etc/UTC]] moved to OPEN state
2023-01-16 14:41:54,115 [EventQueue-OpenPipelineForHealthyPipelineSafeModeRule] INFO  safemode.SCMSafeModeManager (HealthyPipelineSafeModeRule.java:process(137)) - SCM in safe mode. Healthy pipelines reported count is 0, required healthy pipeline reported count is 1
2023-01-16 14:41:54,119 [Command processor thread] INFO  ratis.XceiverServerRatis (XceiverServerRatis.java:addGroup(806)) - Created group PipelineID=812bb351-50d2-4cb7-9650-5ad360400d61
2023-01-16 14:41:54,119 [Command processor thread] INFO  commandhandler.CreatePipelineCommandHandler (CreatePipelineCommandHandler.java:handle(113)) - Created Pipeline RATIS ONE PipelineID=812bb351-50d2-4cb7-9650-5ad360400d61.
2023-01-16 14:41:54,119 [Command processor thread] INFO  server.RaftServer (RaftServerProxy.java:addNew(96)) - a1145108-ddcc-4325-a3dc-9d25daa38a10: addNew group-2AFF055A5FD7:[a1145108-ddcc-4325-a3dc-9d25daa38a10|rpc:10.1.1.103:33417|dataStream:10.1.1.103:39815|priority:0|startupRole:FOLLOWER, 546a26c7-7703-4678-9acf-4f791a68dfff|rpc:10.1.1.103:38573|dataStream:10.1.1.103:40475|priority:1|startupRole:FOLLOWER, aa7a6908-eed5-4cf8-8df5-4bd7779adcda|rpc:10.1.1.103:46359|dataStream:10.1.1.103:32839|priority:0|startupRole:FOLLOWER] returns group-2AFF055A5FD7:java.util.concurrent.CompletableFuture@4eab9bec[Not completed]
2023-01-16 14:41:54,122 [pool-140-thread-1] INFO  server.RaftServer$Division (RaftServerImpl.java:<init>(195)) - a1145108-ddcc-4325-a3dc-9d25daa38a10: new RaftServerImpl for group-2AFF055A5FD7:[a1145108-ddcc-4325-a3dc-9d25daa38a10|rpc:10.1.1.103:33417|dataStream:10.1.1.103:39815|priority:0|startupRole:FOLLOWER, 546a26c7-7703-4678-9acf-4f791a68dfff|rpc:10.1.1.103:38573|dataStream:10.1.1.103:40475|priority:1|startupRole:FOLLOWER, aa7a6908-eed5-4cf8-8df5-4bd7779adcda|rpc:10.1.1.103:46359|dataStream:10.1.1.103:32839|priority:0|startupRole:FOLLOWER] with ContainerStateMachine:uninitialized
2023-01-16 14:41:54,122 [pool-140-thread-1] INFO  server.RaftServerConfigKeys (ConfUtils.java:logGet(46)) - raft.server.rpc.timeout.min = 5s (custom)
2023-01-16 14:41:54,122 [pool-140-thread-1] INFO  server.RaftServerConfigKeys (ConfUtils.java:logGet(46)) - raft.server.rpc.timeout.max = 5200ms (custom)
2023-01-16 14:41:54,122 [pool-140-thread-1] INFO  server.RaftServerConfigKeys (ConfUtils.java:logGet(46)) - raft.server.rpc.sleep.time = 25ms (default)
2023-01-16 14:41:54,122 [pool-140-thread-1] INFO  server.RaftServerConfigKeys (ConfUtils.java:logGet(46)) - raft.server.rpc.slowness.timeout = 300s (custom)
2023-01-16 14:41:54,122 [pool-140-thread-1] INFO  server.RaftServerConfigKeys (ConfUtils.java:logGet(46)) - raft.server.leaderelection.leader.step-down.wait-time = 10s (default)
2023-01-16 14:41:54,122 [pool-140-thread-1] INFO  server.RaftServerConfigKeys (ConfUtils.java:logGet(46)) - raft.server.sleep.deviation.threshold = 300ms (default)
2023-01-16 14:41:54,122 [pool-140-thread-1] INFO  server.RaftServer$Division (ServerState.java:<init>(118)) - a1145108-ddcc-4325-a3dc-9d25daa38a10@group-2AFF055A5FD7: ConfigurationManager, init=-1: peers:[a1145108-ddcc-4325-a3dc-9d25daa38a10|rpc:10.1.1.103:33417|dataStream:10.1.1.103:39815|priority:0|startupRole:FOLLOWER, 546a26c7-7703-4678-9acf-4f791a68dfff|rpc:10.1.1.103:38573|dataStream:10.1.1.103:40475|priority:1|startupRole:FOLLOWER, aa7a6908-eed5-4cf8-8df5-4bd7779adcda|rpc:10.1.1.103:46359|dataStream:10.1.1.103:32839|priority:0|startupRole:FOLLOWER]|listeners:[], old=null, confs=<EMPTY_MAP>
2023-01-16 14:41:54,123 [pool-140-thread-1] INFO  server.RaftServerConfigKeys (ConfUtils.java:logGet(46)) - raft.server.storage.dir = [/home/runner/work/ozone/ozone/hadoop-ozone/integration-test/target/test-dir/MiniOzoneClusterImpl-bcd49b6a-245a-4637-b4c9-d6b301a8fda7/datanode-3/data/ratis] (custom)
2023-01-16 14:41:54,123 [pool-140-thread-1] INFO  server.RaftServerConfigKeys (ConfUtils.java:logGet(46)) - raft.server.log.corruption.policy = EXCEPTION (default)
2023-01-16 14:41:54,123 [pool-140-thread-1] INFO  server.RaftServerConfigKeys (ConfUtils.java:logGet(46)) - raft.server.storage.free-space.min = 0MB (=0) (default)
2023-01-16 14:41:54,123 [pool-140-thread-1] INFO  server.RaftServerConfigKeys (ConfUtils.java:logGet(46)) - raft.server.notification.no-leader.timeout = 300s (custom)
2023-01-16 14:41:54,123 [pool-140-thread-1] INFO  server.RaftServerConfigKeys (ConfUtils.java:logGet(46)) - raft.server.retrycache.expirytime = 600000ms (custom)
2023-01-16 14:41:54,123 [pool-140-thread-1] INFO  server.RaftServerConfigKeys (ConfUtils.java:logGet(46)) - raft.server.retrycache.statistics.expirytime = 100μs (default)
2023-01-16 14:41:54,126 [pool-140-thread-1] INFO  server.RaftServerConfigKeys (ConfUtils.java:logGet(46)) - raft.server.log.appender.install.snapshot.enabled = false (custom)
2023-01-16 14:41:54,136 [pool-140-thread-1] INFO  server.RaftServerConfigKeys (ConfUtils.java:logGet(46)) - raft.server.threadpool.server.cached = true (default)
2023-01-16 14:41:54,136 [pool-140-thread-1] INFO  server.RaftServerConfigKeys (ConfUtils.java:logGet(46)) - raft.server.threadpool.server.size = 0 (default)
2023-01-16 14:41:54,136 [pool-140-thread-1] INFO  server.RaftServerConfigKeys (ConfUtils.java:logGet(46)) - raft.server.threadpool.client.cached = true (default)
2023-01-16 14:41:54,136 [pool-140-thread-1] INFO  server.RaftServerConfigKeys (ConfUtils.java:logGet(46)) - raft.server.threadpool.client.size = 0 (default)
2023-01-16 14:41:54,136 [pool-140-thread-1] INFO  storage.RaftStorageDirectory (RaftStorageDirectoryImpl.java:analyzeStorage(137)) - The storage directory /home/runner/work/ozone/ozone/hadoop-ozone/integration-test/target/test-dir/MiniOzoneClusterImpl-bcd49b6a-245a-4637-b4c9-d6b301a8fda7/datanode-3/data/ratis/e57dda55-72c3-4027-835b-2aff055a5fd7 does not exist. Creating ...
2023-01-16 14:41:54,138 [pool-140-thread-1] INFO  storage.RaftStorageDirectory (RaftStorageDirectoryImpl.java:tryLock(231)) - Lock on /home/runner/work/ozone/ozone/hadoop-ozone/integration-test/target/test-dir/MiniOzoneClusterImpl-bcd49b6a-245a-4637-b4c9-d6b301a8fda7/datanode-3/data/ratis/e57dda55-72c3-4027-835b-2aff055a5fd7/in_use.lock acquired by nodename 12075@fv-az203-757
2023-01-16 14:41:54,139 [pool-140-thread-1] INFO  storage.RaftStorage (RaftStorageImpl.java:format(96)) - Storage directory /home/runner/work/ozone/ozone/hadoop-ozone/integration-test/target/test-dir/MiniOzoneClusterImpl-bcd49b6a-245a-4637-b4c9-d6b301a8fda7/datanode-3/data/ratis/e57dda55-72c3-4027-835b-2aff055a5fd7 has been successfully formatted.
2023-01-16 14:41:54,139 [pool-140-thread-1] INFO  ratis.ContainerStateMachine (ContainerStateMachine.java:loadSnapshot(240)) - group-2AFF055A5FD7: The snapshot info is null. Setting the last applied indexto:(t:0, i:~)
2023-01-16 14:41:54,139 [pool-140-thread-1] INFO  server.RaftServerConfigKeys (ConfUtils.java:logGet(46)) - raft.server.log.use.memory = false (default)
2023-01-16 14:41:54,140 [pool-140-thread-1] INFO  server.RaftServerConfigKeys (ConfUtils.java:logGet(46)) - raft.server.log.purge.gap = 1000000 (custom)
2023-01-16 14:41:54,140 [pool-140-thread-1] INFO  server.RaftServerConfigKeys (ConfUtils.java:logGet(46)) - raft.server.log.appender.buffer.byte-limit = 33554432 (custom)
2023-01-16 14:41:54,140 [pool-140-thread-1] INFO  server.RaftServerConfigKeys (ConfUtils.java:logGet(46)) - raft.server.log.statemachine.data.read.timeout = 1000ms (default)
2023-01-16 14:41:54,140 [pool-140-thread-1] INFO  server.RaftServerConfigKeys (ConfUtils.java:logGet(46)) - raft.server.log.purge.preservation.log.num = 0 (default)
2023-01-16 14:41:54,140 [pool-140-thread-1] INFO  server.RaftServerConfigKeys (ConfUtils.java:logGet(46)) - raft.server.log.segment.size.max = 1048576 (custom)
2023-01-16 14:41:54,140 [pool-140-thread-1] INFO  server.RaftServerConfigKeys (ConfUtils.java:logGet(46)) - raft.server.log.segment.cache.num.max = 2 (custom)
2023-01-16 14:41:54,140 [pool-140-thread-1] INFO  server.RaftServerConfigKeys (ConfUtils.java:logGet(46)) - raft.server.log.segment.cache.size.max = 200MB (=209715200) (default)
2023-01-16 14:41:54,140 [pool-140-thread-1] INFO  segmented.SegmentedRaftLogWorker (SegmentedRaftLogWorker.java:<init>(189)) - new a1145108-ddcc-4325-a3dc-9d25daa38a10@group-2AFF055A5FD7-SegmentedRaftLogWorker for RaftStorageImpl:Storage Directory /home/runner/work/ozone/ozone/hadoop-ozone/integration-test/target/test-dir/MiniOzoneClusterImpl-bcd49b6a-245a-4637-b4c9-d6b301a8fda7/datanode-3/data/ratis/e57dda55-72c3-4027-835b-2aff055a5fd7
2023-01-16 14:41:54,140 [pool-140-thread-1] INFO  server.RaftServerConfigKeys (ConfUtils.java:logGet(46)) - raft.server.log.queue.byte-limit = 4294967296 (custom)
2023-01-16 14:41:54,141 [pool-140-thread-1] INFO  server.RaftServerConfigKeys (ConfUtils.java:logGet(46)) - raft.server.log.queue.element-limit = 1024 (custom)
2023-01-16 14:41:54,141 [pool-140-thread-1] INFO  server.RaftServerConfigKeys (ConfUtils.java:logGet(46)) - raft.server.log.segment.size.max = 1048576 (custom)
2023-01-16 14:41:54,141 [pool-140-thread-1] INFO  server.RaftServerConfigKeys (ConfUtils.java:logGet(46)) - raft.server.log.preallocated.size = 16384 (custom)
2023-01-16 14:41:54,141 [pool-140-thread-1] INFO  server.RaftServerConfigKeys (ConfUtils.java:logGet(46)) - raft.server.log.force.sync.num = 128 (default)
2023-01-16 14:41:54,141 [pool-140-thread-1] INFO  server.RaftServerConfigKeys (ConfUtils.java:logGet(46)) - raft.server.log.statemachine.data.sync = true (default)
2023-01-16 14:41:54,141 [pool-140-thread-1] INFO  server.RaftServerConfigKeys (ConfUtils.java:logGet(46)) - raft.server.log.statemachine.data.sync.timeout = 10s (default)
2023-01-16 14:41:54,141 [pool-140-thread-1] INFO  server.RaftServerConfigKeys (ConfUtils.java:logGet(46)) - raft.server.log.statemachine.data.sync.timeout.retry = -1 (default)
2023-01-16 14:41:54,142 [pool-140-thread-1] INFO  server.RaftServerConfigKeys (ConfUtils.java:logGet(46)) - raft.server.log.write.buffer.size = 1048576 (custom)
2023-01-16 14:41:54,142 [pool-140-thread-1] INFO  server.RaftServerConfigKeys (ConfUtils.java:logGet(46)) - raft.server.log.appender.buffer.byte-limit = 33554432 (custom)
2023-01-16 14:41:54,154 [EventQueue-OpenPipelineForHealthyPipelineSafeModeRule] INFO  safemode.SCMSafeModeManager (HealthyPipelineSafeModeRule.java:process(137)) - SCM in safe mode. Healthy pipelines reported count is 0, required healthy pipeline reported count is 1
2023-01-16 14:41:54,154 [pool-140-thread-1] INFO  server.RaftServerConfigKeys (ConfUtils.java:logGet(46)) - raft.server.log.unsafe-flush.enabled = false (default)
2023-01-16 14:41:54,163 [pool-140-thread-1] INFO  server.RaftServerConfigKeys (ConfUtils.java:logGet(46)) - raft.server.log.async-flush.enabled = false (default)
2023-01-16 14:41:54,163 [pool-140-thread-1] INFO  server.RaftServerConfigKeys (ConfUtils.java:logGet(46)) - raft.server.log.statemachine.data.caching.enabled = true (custom)
2023-01-16 14:41:54,163 [pool-140-thread-1] INFO  segmented.SegmentedRaftLogWorker (SegmentedRaftLogWorker.java:lambda$new$0(135)) - a1145108-ddcc-4325-a3dc-9d25daa38a10@group-2AFF055A5FD7-SegmentedRaftLogWorker: flushIndex: setUnconditionally 0 -> -1
2023-01-16 14:41:54,163 [pool-140-thread-1] INFO  segmented.SegmentedRaftLogWorker (SegmentedRaftLogWorker.java:lambda$new$0(135)) - a1145108-ddcc-4325-a3dc-9d25daa38a10@group-2AFF055A5FD7-SegmentedRaftLogWorker: safeCacheEvictIndex: setUnconditionally 0 -> -1
2023-01-16 14:41:54,166 [pool-140-thread-1] INFO  server.RaftServer$Division (RaftServerImpl.java:start(334)) - a1145108-ddcc-4325-a3dc-9d25daa38a10@group-2AFF055A5FD7: start as a follower, conf=-1: peers:[a1145108-ddcc-4325-a3dc-9d25daa38a10|rpc:10.1.1.103:33417|dataStream:10.1.1.103:39815|priority:0|startupRole:FOLLOWER, 546a26c7-7703-4678-9acf-4f791a68dfff|rpc:10.1.1.103:38573|dataStream:10.1.1.103:40475|priority:1|startupRole:FOLLOWER, aa7a6908-eed5-4cf8-8df5-4bd7779adcda|rpc:10.1.1.103:46359|dataStream:10.1.1.103:32839|priority:0|startupRole:FOLLOWER]|listeners:[], old=null
2023-01-16 14:41:54,172 [pool-140-thread-1] INFO  server.RaftServer$Division (RaftServerImpl.java:setRole(321)) - a1145108-ddcc-4325-a3dc-9d25daa38a10@group-2AFF055A5FD7: changes role from      null to FOLLOWER at term 0 for startAsFollower
2023-01-16 14:41:54,172 [pool-140-thread-1] INFO  impl.RoleInfo (RoleInfo.java:updateAndGet(139)) - a1145108-ddcc-4325-a3dc-9d25daa38a10: start a1145108-ddcc-4325-a3dc-9d25daa38a10@group-2AFF055A5FD7-FollowerState
2023-01-16 14:41:54,168 [Command processor thread] INFO  commandhandler.CreatePipelineCommandHandler (CreatePipelineCommandHandler.java:handle(113)) - Created Pipeline RATIS THREE PipelineID=fb287427-0678-4217-8634-42f1c44ec713.
2023-01-16 14:41:54,174 [pool-140-thread-1] INFO  util.JmxRegister (JmxRegister.java:tryRegister(44)) - Successfully registered JMX Bean with object name Ratis:service=RaftServer,group=group-2AFF055A5FD7,id=a1145108-ddcc-4325-a3dc-9d25daa38a10
2023-01-16 14:41:54,181 [pool-140-thread-1] INFO  server.RaftServerConfigKeys (ConfUtils.java:logGet(46)) - raft.server.snapshot.auto.trigger.enabled = true (custom)
2023-01-16 14:41:54,181 [pool-140-thread-1] INFO  server.RaftServerConfigKeys (ConfUtils.java:logGet(46)) - raft.server.snapshot.auto.trigger.threshold = 10000 (custom)
2023-01-16 14:41:54,181 [pool-140-thread-1] INFO  server.RaftServerConfigKeys (ConfUtils.java:logGet(46)) - raft.server.snapshot.retention.file.num = 5 (custom)
2023-01-16 14:41:54,181 [pool-140-thread-1] INFO  server.RaftServerConfigKeys (ConfUtils.java:logGet(46)) - raft.server.log.purge.upto.snapshot.index = false (default)
2023-01-16 14:41:54,181 [a1145108-ddcc-4325-a3dc-9d25daa38a10@group-2AFF055A5FD7-FollowerState] INFO  server.RaftServerConfigKeys (ConfUtils.java:logFallback(53)) - raft.server.rpc.first-election.timeout.min = 5s (fallback to raft.server.rpc.timeout.min)
2023-01-16 14:41:54,181 [a1145108-ddcc-4325-a3dc-9d25daa38a10@group-2AFF055A5FD7-FollowerState] INFO  server.RaftServerConfigKeys (ConfUtils.java:logFallback(53)) - raft.server.rpc.first-election.timeout.max = 5200ms (fallback to raft.server.rpc.timeout.max)
2023-01-16 14:41:54,181 [Command processor thread] INFO  ratis.XceiverServerRatis (XceiverServerRatis.java:addGroup(806)) - Created group PipelineID=e57dda55-72c3-4027-835b-2aff055a5fd7
2023-01-16 14:41:54,212 [grpc-default-executor-0] INFO  server.RaftServer (RaftServerProxy.java:addNew(96)) - 546a26c7-7703-4678-9acf-4f791a68dfff: addNew group-2AFF055A5FD7:[a1145108-ddcc-4325-a3dc-9d25daa38a10|rpc:10.1.1.103:33417|dataStream:10.1.1.103:39815|priority:0|startupRole:FOLLOWER, 546a26c7-7703-4678-9acf-4f791a68dfff|rpc:10.1.1.103:38573|dataStream:10.1.1.103:40475|priority:1|startupRole:FOLLOWER, aa7a6908-eed5-4cf8-8df5-4bd7779adcda|rpc:10.1.1.103:46359|dataStream:10.1.1.103:32839|priority:0|startupRole:FOLLOWER] returns group-2AFF055A5FD7:java.util.concurrent.CompletableFuture@4d8feacd[Not completed]
2023-01-16 14:41:54,214 [Command processor thread] INFO  commandhandler.CreatePipelineCommandHandler (CreatePipelineCommandHandler.java:handle(113)) - Created Pipeline RATIS THREE PipelineID=fb287427-0678-4217-8634-42f1c44ec713.
2023-01-16 14:41:54,216 [pool-163-thread-1] INFO  server.RaftServer$Division (RaftServerImpl.java:<init>(195)) - 546a26c7-7703-4678-9acf-4f791a68dfff: new RaftServerImpl for group-2AFF055A5FD7:[a1145108-ddcc-4325-a3dc-9d25daa38a10|rpc:10.1.1.103:33417|dataStream:10.1.1.103:39815|priority:0|startupRole:FOLLOWER, 546a26c7-7703-4678-9acf-4f791a68dfff|rpc:10.1.1.103:38573|dataStream:10.1.1.103:40475|priority:1|startupRole:FOLLOWER, aa7a6908-eed5-4cf8-8df5-4bd7779adcda|rpc:10.1.1.103:46359|dataStream:10.1.1.103:32839|priority:0|startupRole:FOLLOWER] with ContainerStateMachine:uninitialized
2023-01-16 14:41:54,224 [pool-163-thread-1] INFO  server.RaftServerConfigKeys (ConfUtils.java:logGet(46)) - raft.server.rpc.timeout.min = 5s (custom)
2023-01-16 14:41:54,224 [pool-163-thread-1] INFO  server.RaftServerConfigKeys (ConfUtils.java:logGet(46)) - raft.server.rpc.timeout.max = 5200ms (custom)
2023-01-16 14:41:54,224 [pool-163-thread-1] INFO  server.RaftServerConfigKeys (ConfUtils.java:logGet(46)) - raft.server.rpc.sleep.time = 25ms (default)
2023-01-16 14:41:54,224 [pool-163-thread-1] INFO  server.RaftServerConfigKeys (ConfUtils.java:logGet(46)) - raft.server.rpc.slowness.timeout = 300s (custom)
2023-01-16 14:41:54,224 [pool-163-thread-1] INFO  server.RaftServerConfigKeys (ConfUtils.java:logGet(46)) - raft.server.leaderelection.leader.step-down.wait-time = 10s (default)
2023-01-16 14:41:54,224 [pool-163-thread-1] INFO  server.RaftServerConfigKeys (ConfUtils.java:logGet(46)) - raft.server.sleep.deviation.threshold = 300ms (default)
2023-01-16 14:41:54,224 [pool-163-thread-1] INFO  server.RaftServer$Division (ServerState.java:<init>(118)) - 546a26c7-7703-4678-9acf-4f791a68dfff@group-2AFF055A5FD7: ConfigurationManager, init=-1: peers:[a1145108-ddcc-4325-a3dc-9d25daa38a10|rpc:10.1.1.103:33417|dataStream:10.1.1.103:39815|priority:0|startupRole:FOLLOWER, 546a26c7-7703-4678-9acf-4f791a68dfff|rpc:10.1.1.103:38573|dataStream:10.1.1.103:40475|priority:1|startupRole:FOLLOWER, aa7a6908-eed5-4cf8-8df5-4bd7779adcda|rpc:10.1.1.103:46359|dataStream:10.1.1.103:32839|priority:0|startupRole:FOLLOWER]|listeners:[], old=null, confs=<EMPTY_MAP>
2023-01-16 14:41:54,225 [pool-163-thread-1] INFO  server.RaftServerConfigKeys (ConfUtils.java:logGet(46)) - raft.server.storage.dir = [/home/runner/work/ozone/ozone/hadoop-ozone/integration-test/target/test-dir/MiniOzoneClusterImpl-bcd49b6a-245a-4637-b4c9-d6b301a8fda7/datanode-4/data/ratis] (custom)
2023-01-16 14:41:54,225 [pool-163-thread-1] INFO  server.RaftServerConfigKeys (ConfUtils.java:logGet(46)) - raft.server.log.corruption.policy = EXCEPTION (default)
2023-01-16 14:41:54,225 [pool-163-thread-1] INFO  server.RaftServerConfigKeys (ConfUtils.java:logGet(46)) - raft.server.storage.free-space.min = 0MB (=0) (default)
2023-01-16 14:41:54,225 [pool-163-thread-1] INFO  server.RaftServerConfigKeys (ConfUtils.java:logGet(46)) - raft.server.notification.no-leader.timeout = 300s (custom)
2023-01-16 14:41:54,225 [pool-163-thread-1] INFO  server.RaftServerConfigKeys (ConfUtils.java:logGet(46)) - raft.server.retrycache.expirytime = 600000ms (custom)
2023-01-16 14:41:54,225 [pool-163-thread-1] INFO  server.RaftServerConfigKeys (ConfUtils.java:logGet(46)) - raft.server.retrycache.statistics.expirytime = 100μs (default)
2023-01-16 14:41:54,236 [pool-163-thread-1] INFO  server.RaftServerConfigKeys (ConfUtils.java:logGet(46)) - raft.server.log.appender.install.snapshot.enabled = false (custom)
2023-01-16 14:41:54,236 [pool-163-thread-1] INFO  server.RaftServerConfigKeys (ConfUtils.java:logGet(46)) - raft.server.threadpool.server.cached = true (default)
2023-01-16 14:41:54,236 [pool-163-thread-1] INFO  server.RaftServerConfigKeys (ConfUtils.java:logGet(46)) - raft.server.threadpool.server.size = 0 (default)
2023-01-16 14:41:54,236 [pool-163-thread-1] INFO  server.RaftServerConfigKeys (ConfUtils.java:logGet(46)) - raft.server.threadpool.client.cached = true (default)
2023-01-16 14:41:54,236 [pool-163-thread-1] INFO  server.RaftServerConfigKeys (ConfUtils.java:logGet(46)) - raft.server.threadpool.client.size = 0 (default)
2023-01-16 14:41:54,237 [pool-163-thread-1] INFO  storage.RaftStorageDirectory (RaftStorageDirectoryImpl.java:analyzeStorage(137)) - The storage directory /home/runner/work/ozone/ozone/hadoop-ozone/integration-test/target/test-dir/MiniOzoneClusterImpl-bcd49b6a-245a-4637-b4c9-d6b301a8fda7/datanode-4/data/ratis/e57dda55-72c3-4027-835b-2aff055a5fd7 does not exist. Creating ...
2023-01-16 14:41:54,238 [pool-163-thread-1] INFO  storage.RaftStorageDirectory (RaftStorageDirectoryImpl.java:tryLock(231)) - Lock on /home/runner/work/ozone/ozone/hadoop-ozone/integration-test/target/test-dir/MiniOzoneClusterImpl-bcd49b6a-245a-4637-b4c9-d6b301a8fda7/datanode-4/data/ratis/e57dda55-72c3-4027-835b-2aff055a5fd7/in_use.lock acquired by nodename 12075@fv-az203-757
2023-01-16 14:41:54,240 [pool-163-thread-1] INFO  storage.RaftStorage (RaftStorageImpl.java:format(96)) - Storage directory /home/runner/work/ozone/ozone/hadoop-ozone/integration-test/target/test-dir/MiniOzoneClusterImpl-bcd49b6a-245a-4637-b4c9-d6b301a8fda7/datanode-4/data/ratis/e57dda55-72c3-4027-835b-2aff055a5fd7 has been successfully formatted.
2023-01-16 14:41:54,244 [pool-163-thread-1] INFO  ratis.ContainerStateMachine (ContainerStateMachine.java:loadSnapshot(240)) - group-2AFF055A5FD7: The snapshot info is null. Setting the last applied indexto:(t:0, i:~)
2023-01-16 14:41:54,244 [pool-163-thread-1] INFO  server.RaftServerConfigKeys (ConfUtils.java:logGet(46)) - raft.server.log.use.memory = false (default)
2023-01-16 14:41:54,246 [pool-163-thread-1] INFO  server.RaftServerConfigKeys (ConfUtils.java:logGet(46)) - raft.server.log.purge.gap = 1000000 (custom)
2023-01-16 14:41:54,246 [pool-163-thread-1] INFO  server.RaftServerConfigKeys (ConfUtils.java:logGet(46)) - raft.server.log.appender.buffer.byte-limit = 33554432 (custom)
2023-01-16 14:41:54,246 [pool-163-thread-1] INFO  server.RaftServerConfigKeys (ConfUtils.java:logGet(46)) - raft.server.log.statemachine.data.read.timeout = 1000ms (default)
2023-01-16 14:41:54,246 [pool-163-thread-1] INFO  server.RaftServerConfigKeys (ConfUtils.java:logGet(46)) - raft.server.log.purge.preservation.log.num = 0 (default)
2023-01-16 14:41:54,246 [pool-163-thread-1] INFO  server.RaftServerConfigKeys (ConfUtils.java:logGet(46)) - raft.server.log.segment.size.max = 1048576 (custom)
2023-01-16 14:41:54,247 [pool-163-thread-1] INFO  server.RaftServerConfigKeys (ConfUtils.java:logGet(46)) - raft.server.log.segment.cache.num.max = 2 (custom)
2023-01-16 14:41:54,247 [pool-163-thread-1] INFO  server.RaftServerConfigKeys (ConfUtils.java:logGet(46)) - raft.server.log.segment.cache.size.max = 200MB (=209715200) (default)
2023-01-16 14:41:54,247 [pool-163-thread-1] INFO  segmented.SegmentedRaftLogWorker (SegmentedRaftLogWorker.java:<init>(189)) - new 546a26c7-7703-4678-9acf-4f791a68dfff@group-2AFF055A5FD7-SegmentedRaftLogWorker for RaftStorageImpl:Storage Directory /home/runner/work/ozone/ozone/hadoop-ozone/integration-test/target/test-dir/MiniOzoneClusterImpl-bcd49b6a-245a-4637-b4c9-d6b301a8fda7/datanode-4/data/ratis/e57dda55-72c3-4027-835b-2aff055a5fd7
2023-01-16 14:41:54,247 [pool-163-thread-1] INFO  server.RaftServerConfigKeys (ConfUtils.java:logGet(46)) - raft.server.log.queue.byte-limit = 4294967296 (custom)
2023-01-16 14:41:54,247 [pool-163-thread-1] INFO  server.RaftServerConfigKeys (ConfUtils.java:logGet(46)) - raft.server.log.queue.element-limit = 1024 (custom)
2023-01-16 14:41:54,247 [pool-163-thread-1] INFO  server.RaftServerConfigKeys (ConfUtils.java:logGet(46)) - raft.server.log.segment.size.max = 1048576 (custom)
2023-01-16 14:41:54,247 [pool-163-thread-1] INFO  server.RaftServerConfigKeys (ConfUtils.java:logGet(46)) - raft.server.log.preallocated.size = 16384 (custom)
2023-01-16 14:41:54,247 [pool-163-thread-1] INFO  server.RaftServerConfigKeys (ConfUtils.java:logGet(46)) - raft.server.log.force.sync.num = 128 (default)
2023-01-16 14:41:54,247 [pool-163-thread-1] INFO  server.RaftServerConfigKeys (ConfUtils.java:logGet(46)) - raft.server.log.statemachine.data.sync = true (default)
2023-01-16 14:41:54,247 [pool-163-thread-1] INFO  server.RaftServerConfigKeys (ConfUtils.java:logGet(46)) - raft.server.log.statemachine.data.sync.timeout = 10s (default)
2023-01-16 14:41:54,247 [pool-163-thread-1] INFO  server.RaftServerConfigKeys (ConfUtils.java:logGet(46)) - raft.server.log.statemachine.data.sync.timeout.retry = -1 (default)
2023-01-16 14:41:54,248 [pool-163-thread-1] INFO  server.RaftServerConfigKeys (ConfUtils.java:logGet(46)) - raft.server.log.write.buffer.size = 1048576 (custom)
2023-01-16 14:41:54,249 [Command processor thread] INFO  commandhandler.CreatePipelineCommandHandler (CreatePipelineCommandHandler.java:handle(113)) - Created Pipeline RATIS THREE PipelineID=fb287427-0678-4217-8634-42f1c44ec713.
2023-01-16 14:41:54,252 [pool-163-thread-1] INFO  server.RaftServerConfigKeys (ConfUtils.java:logGet(46)) - raft.server.log.appender.buffer.byte-limit = 33554432 (custom)
2023-01-16 14:41:54,257 [pool-163-thread-1] INFO  server.RaftServerConfigKeys (ConfUtils.java:logGet(46)) - raft.server.log.unsafe-flush.enabled = false (default)
2023-01-16 14:41:54,257 [pool-163-thread-1] INFO  server.RaftServerConfigKeys (ConfUtils.java:logGet(46)) - raft.server.log.async-flush.enabled = false (default)
2023-01-16 14:41:54,257 [pool-163-thread-1] INFO  server.RaftServerConfigKeys (ConfUtils.java:logGet(46)) - raft.server.log.statemachine.data.caching.enabled = true (custom)
2023-01-16 14:41:54,257 [pool-163-thread-1] INFO  segmented.SegmentedRaftLogWorker (SegmentedRaftLogWorker.java:lambda$new$0(135)) - 546a26c7-7703-4678-9acf-4f791a68dfff@group-2AFF055A5FD7-SegmentedRaftLogWorker: flushIndex: setUnconditionally 0 -> -1
2023-01-16 14:41:54,257 [pool-163-thread-1] INFO  segmented.SegmentedRaftLogWorker (SegmentedRaftLogWorker.java:lambda$new$0(135)) - 546a26c7-7703-4678-9acf-4f791a68dfff@group-2AFF055A5FD7-SegmentedRaftLogWorker: safeCacheEvictIndex: setUnconditionally 0 -> -1
2023-01-16 14:41:54,258 [pool-163-thread-1] INFO  server.RaftServer$Division (RaftServerImpl.java:start(334)) - 546a26c7-7703-4678-9acf-4f791a68dfff@group-2AFF055A5FD7: start as a follower, conf=-1: peers:[a1145108-ddcc-4325-a3dc-9d25daa38a10|rpc:10.1.1.103:33417|dataStream:10.1.1.103:39815|priority:0|startupRole:FOLLOWER, 546a26c7-7703-4678-9acf-4f791a68dfff|rpc:10.1.1.103:38573|dataStream:10.1.1.103:40475|priority:1|startupRole:FOLLOWER, aa7a6908-eed5-4cf8-8df5-4bd7779adcda|rpc:10.1.1.103:46359|dataStream:10.1.1.103:32839|priority:0|startupRole:FOLLOWER]|listeners:[], old=null
2023-01-16 14:41:54,258 [pool-163-thread-1] INFO  server.RaftServer$Division (RaftServerImpl.java:setRole(321)) - 546a26c7-7703-4678-9acf-4f791a68dfff@group-2AFF055A5FD7: changes role from      null to FOLLOWER at term 0 for startAsFollower
2023-01-16 14:41:54,258 [pool-163-thread-1] INFO  impl.RoleInfo (RoleInfo.java:updateAndGet(139)) - 546a26c7-7703-4678-9acf-4f791a68dfff: start 546a26c7-7703-4678-9acf-4f791a68dfff@group-2AFF055A5FD7-FollowerState
2023-01-16 14:41:54,258 [pool-163-thread-1] INFO  util.JmxRegister (JmxRegister.java:tryRegister(44)) - Successfully registered JMX Bean with object name Ratis:service=RaftServer,group=group-2AFF055A5FD7,id=546a26c7-7703-4678-9acf-4f791a68dfff
2023-01-16 14:41:54,258 [pool-163-thread-1] INFO  server.RaftServerConfigKeys (ConfUtils.java:logGet(46)) - raft.server.snapshot.auto.trigger.enabled = true (custom)
2023-01-16 14:41:54,258 [pool-163-thread-1] INFO  server.RaftServerConfigKeys (ConfUtils.java:logGet(46)) - raft.server.snapshot.auto.trigger.threshold = 10000 (custom)
2023-01-16 14:41:54,258 [pool-163-thread-1] INFO  server.RaftServerConfigKeys (ConfUtils.java:logGet(46)) - raft.server.snapshot.retention.file.num = 5 (custom)
2023-01-16 14:41:54,258 [pool-163-thread-1] INFO  server.RaftServerConfigKeys (ConfUtils.java:logGet(46)) - raft.server.log.purge.upto.snapshot.index = false (default)
2023-01-16 14:41:54,259 [546a26c7-7703-4678-9acf-4f791a68dfff@group-2AFF055A5FD7-FollowerState] INFO  server.RaftServerConfigKeys (ConfUtils.java:logFallback(53)) - raft.server.rpc.first-election.timeout.min = 5s (fallback to raft.server.rpc.timeout.min)
2023-01-16 14:41:54,264 [546a26c7-7703-4678-9acf-4f791a68dfff@group-2AFF055A5FD7-FollowerState] INFO  server.RaftServerConfigKeys (ConfUtils.java:logFallback(53)) - raft.server.rpc.first-election.timeout.max = 5200ms (fallback to raft.server.rpc.timeout.max)
2023-01-16 14:41:54,286 [grpc-default-executor-0] INFO  server.RaftServer (RaftServerProxy.java:addNew(96)) - aa7a6908-eed5-4cf8-8df5-4bd7779adcda: addNew group-2AFF055A5FD7:[a1145108-ddcc-4325-a3dc-9d25daa38a10|rpc:10.1.1.103:33417|dataStream:10.1.1.103:39815|priority:0|startupRole:FOLLOWER, 546a26c7-7703-4678-9acf-4f791a68dfff|rpc:10.1.1.103:38573|dataStream:10.1.1.103:40475|priority:1|startupRole:FOLLOWER, aa7a6908-eed5-4cf8-8df5-4bd7779adcda|rpc:10.1.1.103:46359|dataStream:10.1.1.103:32839|priority:0|startupRole:FOLLOWER] returns group-2AFF055A5FD7:java.util.concurrent.CompletableFuture@53f2d5da[Not completed]
2023-01-16 14:41:54,288 [pool-186-thread-1] INFO  server.RaftServer$Division (RaftServerImpl.java:<init>(195)) - aa7a6908-eed5-4cf8-8df5-4bd7779adcda: new RaftServerImpl for group-2AFF055A5FD7:[a1145108-ddcc-4325-a3dc-9d25daa38a10|rpc:10.1.1.103:33417|dataStream:10.1.1.103:39815|priority:0|startupRole:FOLLOWER, 546a26c7-7703-4678-9acf-4f791a68dfff|rpc:10.1.1.103:38573|dataStream:10.1.1.103:40475|priority:1|startupRole:FOLLOWER, aa7a6908-eed5-4cf8-8df5-4bd7779adcda|rpc:10.1.1.103:46359|dataStream:10.1.1.103:32839|priority:0|startupRole:FOLLOWER] with ContainerStateMachine:uninitialized
2023-01-16 14:41:54,288 [pool-186-thread-1] INFO  server.RaftServerConfigKeys (ConfUtils.java:logGet(46)) - raft.server.rpc.timeout.min = 5s (custom)
2023-01-16 14:41:54,289 [pool-186-thread-1] INFO  server.RaftServerConfigKeys (ConfUtils.java:logGet(46)) - raft.server.rpc.timeout.max = 5200ms (custom)
2023-01-16 14:41:54,289 [pool-186-thread-1] INFO  server.RaftServerConfigKeys (ConfUtils.java:logGet(46)) - raft.server.rpc.sleep.time = 25ms (default)
2023-01-16 14:41:54,289 [pool-186-thread-1] INFO  server.RaftServerConfigKeys (ConfUtils.java:logGet(46)) - raft.server.rpc.slowness.timeout = 300s (custom)
2023-01-16 14:41:54,289 [pool-186-thread-1] INFO  server.RaftServerConfigKeys (ConfUtils.java:logGet(46)) - raft.server.leaderelection.leader.step-down.wait-time = 10s (default)
2023-01-16 14:41:54,289 [pool-186-thread-1] INFO  server.RaftServerConfigKeys (ConfUtils.java:logGet(46)) - raft.server.sleep.deviation.threshold = 300ms (default)
2023-01-16 14:41:54,289 [pool-186-thread-1] INFO  server.RaftServer$Division (ServerState.java:<init>(118)) - aa7a6908-eed5-4cf8-8df5-4bd7779adcda@group-2AFF055A5FD7: ConfigurationManager, init=-1: peers:[a1145108-ddcc-4325-a3dc-9d25daa38a10|rpc:10.1.1.103:33417|dataStream:10.1.1.103:39815|priority:0|startupRole:FOLLOWER, 546a26c7-7703-4678-9acf-4f791a68dfff|rpc:10.1.1.103:38573|dataStream:10.1.1.103:40475|priority:1|startupRole:FOLLOWER, aa7a6908-eed5-4cf8-8df5-4bd7779adcda|rpc:10.1.1.103:46359|dataStream:10.1.1.103:32839|priority:0|startupRole:FOLLOWER]|listeners:[], old=null, confs=<EMPTY_MAP>
2023-01-16 14:41:54,289 [pool-186-thread-1] INFO  server.RaftServerConfigKeys (ConfUtils.java:logGet(46)) - raft.server.storage.dir = [/home/runner/work/ozone/ozone/hadoop-ozone/integration-test/target/test-dir/MiniOzoneClusterImpl-bcd49b6a-245a-4637-b4c9-d6b301a8fda7/datanode-5/data/ratis] (custom)
2023-01-16 14:41:54,289 [pool-186-thread-1] INFO  server.RaftServerConfigKeys (ConfUtils.java:logGet(46)) - raft.server.log.corruption.policy = EXCEPTION (default)
2023-01-16 14:41:54,289 [pool-186-thread-1] INFO  server.RaftServerConfigKeys (ConfUtils.java:logGet(46)) - raft.server.storage.free-space.min = 0MB (=0) (default)
2023-01-16 14:41:54,289 [pool-186-thread-1] INFO  server.RaftServerConfigKeys (ConfUtils.java:logGet(46)) - raft.server.notification.no-leader.timeout = 300s (custom)
2023-01-16 14:41:54,289 [pool-186-thread-1] INFO  server.RaftServerConfigKeys (ConfUtils.java:logGet(46)) - raft.server.retrycache.expirytime = 600000ms (custom)
2023-01-16 14:41:54,289 [pool-186-thread-1] INFO  server.RaftServerConfigKeys (ConfUtils.java:logGet(46)) - raft.server.retrycache.statistics.expirytime = 100μs (default)
2023-01-16 14:41:54,294 [pool-186-thread-1] INFO  server.RaftServerConfigKeys (ConfUtils.java:logGet(46)) - raft.server.log.appender.install.snapshot.enabled = false (custom)
2023-01-16 14:41:54,295 [pool-186-thread-1] INFO  server.RaftServerConfigKeys (ConfUtils.java:logGet(46)) - raft.server.threadpool.server.cached = true (default)
2023-01-16 14:41:54,295 [pool-186-thread-1] INFO  server.RaftServerConfigKeys (ConfUtils.java:logGet(46)) - raft.server.threadpool.server.size = 0 (default)
2023-01-16 14:41:54,295 [pool-186-thread-1] INFO  server.RaftServerConfigKeys (ConfUtils.java:logGet(46)) - raft.server.threadpool.client.cached = true (default)
2023-01-16 14:41:54,295 [pool-186-thread-1] INFO  server.RaftServerConfigKeys (ConfUtils.java:logGet(46)) - raft.server.threadpool.client.size = 0 (default)
2023-01-16 14:41:54,295 [pool-186-thread-1] INFO  storage.RaftStorageDirectory (RaftStorageDirectoryImpl.java:analyzeStorage(137)) - The storage directory /home/runner/work/ozone/ozone/hadoop-ozone/integration-test/target/test-dir/MiniOzoneClusterImpl-bcd49b6a-245a-4637-b4c9-d6b301a8fda7/datanode-5/data/ratis/e57dda55-72c3-4027-835b-2aff055a5fd7 does not exist. Creating ...
2023-01-16 14:41:54,297 [pool-186-thread-1] INFO  storage.RaftStorageDirectory (RaftStorageDirectoryImpl.java:tryLock(231)) - Lock on /home/runner/work/ozone/ozone/hadoop-ozone/integration-test/target/test-dir/MiniOzoneClusterImpl-bcd49b6a-245a-4637-b4c9-d6b301a8fda7/datanode-5/data/ratis/e57dda55-72c3-4027-835b-2aff055a5fd7/in_use.lock acquired by nodename 12075@fv-az203-757
2023-01-16 14:41:54,299 [pool-186-thread-1] INFO  storage.RaftStorage (RaftStorageImpl.java:format(96)) - Storage directory /home/runner/work/ozone/ozone/hadoop-ozone/integration-test/target/test-dir/MiniOzoneClusterImpl-bcd49b6a-245a-4637-b4c9-d6b301a8fda7/datanode-5/data/ratis/e57dda55-72c3-4027-835b-2aff055a5fd7 has been successfully formatted.
2023-01-16 14:41:54,300 [pool-186-thread-1] INFO  ratis.ContainerStateMachine (ContainerStateMachine.java:loadSnapshot(240)) - group-2AFF055A5FD7: The snapshot info is null. Setting the last applied indexto:(t:0, i:~)
2023-01-16 14:41:54,300 [pool-186-thread-1] INFO  server.RaftServerConfigKeys (ConfUtils.java:logGet(46)) - raft.server.log.use.memory = false (default)
2023-01-16 14:41:54,300 [pool-186-thread-1] INFO  server.RaftServerConfigKeys (ConfUtils.java:logGet(46)) - raft.server.log.purge.gap = 1000000 (custom)
2023-01-16 14:41:54,300 [pool-186-thread-1] INFO  server.RaftServerConfigKeys (ConfUtils.java:logGet(46)) - raft.server.log.appender.buffer.byte-limit = 33554432 (custom)
2023-01-16 14:41:54,300 [pool-186-thread-1] INFO  server.RaftServerConfigKeys (ConfUtils.java:logGet(46)) - raft.server.log.statemachine.data.read.timeout = 1000ms (default)
2023-01-16 14:41:54,301 [pool-186-thread-1] INFO  server.RaftServerConfigKeys (ConfUtils.java:logGet(46)) - raft.server.log.purge.preservation.log.num = 0 (default)
2023-01-16 14:41:54,301 [pool-186-thread-1] INFO  server.RaftServerConfigKeys (ConfUtils.java:logGet(46)) - raft.server.log.segment.size.max = 1048576 (custom)
2023-01-16 14:41:54,304 [pool-186-thread-1] INFO  server.RaftServerConfigKeys (ConfUtils.java:logGet(46)) - raft.server.log.segment.cache.num.max = 2 (custom)
2023-01-16 14:41:54,304 [pool-186-thread-1] INFO  server.RaftServerConfigKeys (ConfUtils.java:logGet(46)) - raft.server.log.segment.cache.size.max = 200MB (=209715200) (default)
2023-01-16 14:41:54,304 [pool-186-thread-1] INFO  segmented.SegmentedRaftLogWorker (SegmentedRaftLogWorker.java:<init>(189)) - new aa7a6908-eed5-4cf8-8df5-4bd7779adcda@group-2AFF055A5FD7-SegmentedRaftLogWorker for RaftStorageImpl:Storage Directory /home/runner/work/ozone/ozone/hadoop-ozone/integration-test/target/test-dir/MiniOzoneClusterImpl-bcd49b6a-245a-4637-b4c9-d6b301a8fda7/datanode-5/data/ratis/e57dda55-72c3-4027-835b-2aff055a5fd7
2023-01-16 14:41:54,304 [pool-186-thread-1] INFO  server.RaftServerConfigKeys (ConfUtils.java:logGet(46)) - raft.server.log.queue.byte-limit = 4294967296 (custom)
2023-01-16 14:41:54,304 [pool-186-thread-1] INFO  server.RaftServerConfigKeys (ConfUtils.java:logGet(46)) - raft.server.log.queue.element-limit = 1024 (custom)
2023-01-16 14:41:54,304 [pool-186-thread-1] INFO  server.RaftServerConfigKeys (ConfUtils.java:logGet(46)) - raft.server.log.segment.size.max = 1048576 (custom)
2023-01-16 14:41:54,304 [pool-186-thread-1] INFO  server.RaftServerConfigKeys (ConfUtils.java:logGet(46)) - raft.server.log.preallocated.size = 16384 (custom)
2023-01-16 14:41:54,304 [pool-186-thread-1] INFO  server.RaftServerConfigKeys (ConfUtils.java:logGet(46)) - raft.server.log.force.sync.num = 128 (default)
2023-01-16 14:41:54,304 [pool-186-thread-1] INFO  server.RaftServerConfigKeys (ConfUtils.java:logGet(46)) - raft.server.log.statemachine.data.sync = true (default)
2023-01-16 14:41:54,304 [pool-186-thread-1] INFO  server.RaftServerConfigKeys (ConfUtils.java:logGet(46)) - raft.server.log.statemachine.data.sync.timeout = 10s (default)
2023-01-16 14:41:54,304 [pool-186-thread-1] INFO  server.RaftServerConfigKeys (ConfUtils.java:logGet(46)) - raft.server.log.statemachine.data.sync.timeout.retry = -1 (default)
2023-01-16 14:41:54,307 [pool-186-thread-1] INFO  server.RaftServerConfigKeys (ConfUtils.java:logGet(46)) - raft.server.log.write.buffer.size = 1048576 (custom)
2023-01-16 14:41:54,308 [pool-186-thread-1] INFO  server.RaftServerConfigKeys (ConfUtils.java:logGet(46)) - raft.server.log.appender.buffer.byte-limit = 33554432 (custom)
2023-01-16 14:41:54,313 [pool-186-thread-1] INFO  server.RaftServerConfigKeys (ConfUtils.java:logGet(46)) - raft.server.log.unsafe-flush.enabled = false (default)
2023-01-16 14:41:54,313 [pool-186-thread-1] INFO  server.RaftServerConfigKeys (ConfUtils.java:logGet(46)) - raft.server.log.async-flush.enabled = false (default)
2023-01-16 14:41:54,313 [pool-186-thread-1] INFO  server.RaftServerConfigKeys (ConfUtils.java:logGet(46)) - raft.server.log.statemachine.data.caching.enabled = true (custom)
2023-01-16 14:41:54,313 [pool-186-thread-1] INFO  segmented.SegmentedRaftLogWorker (SegmentedRaftLogWorker.java:lambda$new$0(135)) - aa7a6908-eed5-4cf8-8df5-4bd7779adcda@group-2AFF055A5FD7-SegmentedRaftLogWorker: flushIndex: setUnconditionally 0 -> -1
2023-01-16 14:41:54,313 [pool-186-thread-1] INFO  segmented.SegmentedRaftLogWorker (SegmentedRaftLogWorker.java:lambda$new$0(135)) - aa7a6908-eed5-4cf8-8df5-4bd7779adcda@group-2AFF055A5FD7-SegmentedRaftLogWorker: safeCacheEvictIndex: setUnconditionally 0 -> -1
2023-01-16 14:41:54,314 [pool-186-thread-1] INFO  server.RaftServer$Division (RaftServerImpl.java:start(334)) - aa7a6908-eed5-4cf8-8df5-4bd7779adcda@group-2AFF055A5FD7: start as a follower, conf=-1: peers:[a1145108-ddcc-4325-a3dc-9d25daa38a10|rpc:10.1.1.103:33417|dataStream:10.1.1.103:39815|priority:0|startupRole:FOLLOWER, 546a26c7-7703-4678-9acf-4f791a68dfff|rpc:10.1.1.103:38573|dataStream:10.1.1.103:40475|priority:1|startupRole:FOLLOWER, aa7a6908-eed5-4cf8-8df5-4bd7779adcda|rpc:10.1.1.103:46359|dataStream:10.1.1.103:32839|priority:0|startupRole:FOLLOWER]|listeners:[], old=null
2023-01-16 14:41:54,314 [pool-186-thread-1] INFO  server.RaftServer$Division (RaftServerImpl.java:setRole(321)) - aa7a6908-eed5-4cf8-8df5-4bd7779adcda@group-2AFF055A5FD7: changes role from      null to FOLLOWER at term 0 for startAsFollower
2023-01-16 14:41:54,314 [pool-186-thread-1] INFO  impl.RoleInfo (RoleInfo.java:updateAndGet(139)) - aa7a6908-eed5-4cf8-8df5-4bd7779adcda: start aa7a6908-eed5-4cf8-8df5-4bd7779adcda@group-2AFF055A5FD7-FollowerState
2023-01-16 14:41:54,316 [pool-186-thread-1] INFO  util.JmxRegister (JmxRegister.java:tryRegister(44)) - Successfully registered JMX Bean with object name Ratis:service=RaftServer,group=group-2AFF055A5FD7,id=aa7a6908-eed5-4cf8-8df5-4bd7779adcda
2023-01-16 14:41:54,316 [pool-186-thread-1] INFO  server.RaftServerConfigKeys (ConfUtils.java:logGet(46)) - raft.server.snapshot.auto.trigger.enabled = true (custom)
2023-01-16 14:41:54,316 [pool-186-thread-1] INFO  server.RaftServerConfigKeys (ConfUtils.java:logGet(46)) - raft.server.snapshot.auto.trigger.threshold = 10000 (custom)
2023-01-16 14:41:54,316 [pool-186-thread-1] INFO  server.RaftServerConfigKeys (ConfUtils.java:logGet(46)) - raft.server.snapshot.retention.file.num = 5 (custom)
2023-01-16 14:41:54,316 [pool-186-thread-1] INFO  server.RaftServerConfigKeys (ConfUtils.java:logGet(46)) - raft.server.log.purge.upto.snapshot.index = false (default)
2023-01-16 14:41:54,317 [aa7a6908-eed5-4cf8-8df5-4bd7779adcda@group-2AFF055A5FD7-FollowerState] INFO  server.RaftServerConfigKeys (ConfUtils.java:logFallback(53)) - raft.server.rpc.first-election.timeout.min = 5s (fallback to raft.server.rpc.timeout.min)
2023-01-16 14:41:54,329 [aa7a6908-eed5-4cf8-8df5-4bd7779adcda@group-2AFF055A5FD7-FollowerState] INFO  server.RaftServerConfigKeys (ConfUtils.java:logFallback(53)) - raft.server.rpc.first-election.timeout.max = 5200ms (fallback to raft.server.rpc.timeout.max)
2023-01-16 14:41:54,344 [Command processor thread] INFO  commandhandler.CreatePipelineCommandHandler (CreatePipelineCommandHandler.java:handle(113)) - Created Pipeline RATIS THREE PipelineID=e57dda55-72c3-4027-835b-2aff055a5fd7.
2023-01-16 14:41:54,344 [Command processor thread] INFO  server.RaftServer (RaftServerProxy.java:addNew(96)) - a1145108-ddcc-4325-a3dc-9d25daa38a10: addNew group-41A4BCDBBC85:[a1145108-ddcc-4325-a3dc-9d25daa38a10|rpc:10.1.1.103:33417|dataStream:10.1.1.103:39815|priority:0|startupRole:FOLLOWER, 546a26c7-7703-4678-9acf-4f791a68dfff|rpc:10.1.1.103:38573|dataStream:10.1.1.103:40475|priority:0|startupRole:FOLLOWER, aa7a6908-eed5-4cf8-8df5-4bd7779adcda|rpc:10.1.1.103:46359|dataStream:10.1.1.103:32839|priority:1|startupRole:FOLLOWER] returns group-41A4BCDBBC85:java.util.concurrent.CompletableFuture@454233d4[Not completed]
2023-01-16 14:41:54,346 [pool-140-thread-1] INFO  server.RaftServer$Division (RaftServerImpl.java:<init>(195)) - a1145108-ddcc-4325-a3dc-9d25daa38a10: new RaftServerImpl for group-41A4BCDBBC85:[a1145108-ddcc-4325-a3dc-9d25daa38a10|rpc:10.1.1.103:33417|dataStream:10.1.1.103:39815|priority:0|startupRole:FOLLOWER, 546a26c7-7703-4678-9acf-4f791a68dfff|rpc:10.1.1.103:38573|dataStream:10.1.1.103:40475|priority:0|startupRole:FOLLOWER, aa7a6908-eed5-4cf8-8df5-4bd7779adcda|rpc:10.1.1.103:46359|dataStream:10.1.1.103:32839|priority:1|startupRole:FOLLOWER] with ContainerStateMachine:uninitialized
2023-01-16 14:41:54,346 [pool-140-thread-1] INFO  server.RaftServerConfigKeys (ConfUtils.java:logGet(46)) - raft.server.rpc.timeout.min = 5s (custom)
2023-01-16 14:41:54,346 [pool-140-thread-1] INFO  server.RaftServerConfigKeys (ConfUtils.java:logGet(46)) - raft.server.rpc.timeout.max = 5200ms (custom)
2023-01-16 14:41:54,346 [pool-140-thread-1] INFO  server.RaftServerConfigKeys (ConfUtils.java:logGet(46)) - raft.server.rpc.sleep.time = 25ms (default)
2023-01-16 14:41:54,346 [pool-140-thread-1] INFO  server.RaftServerConfigKeys (ConfUtils.java:logGet(46)) - raft.server.rpc.slowness.timeout = 300s (custom)
2023-01-16 14:41:54,346 [pool-140-thread-1] INFO  server.RaftServerConfigKeys (ConfUtils.java:logGet(46)) - raft.server.leaderelection.leader.step-down.wait-time = 10s (default)
2023-01-16 14:41:54,346 [pool-140-thread-1] INFO  server.RaftServerConfigKeys (ConfUtils.java:logGet(46)) - raft.server.sleep.deviation.threshold = 300ms (default)
2023-01-16 14:41:54,346 [pool-140-thread-1] INFO  server.RaftServer$Division (ServerState.java:<init>(118)) - a1145108-ddcc-4325-a3dc-9d25daa38a10@group-41A4BCDBBC85: ConfigurationManager, init=-1: peers:[a1145108-ddcc-4325-a3dc-9d25daa38a10|rpc:10.1.1.103:33417|dataStream:10.1.1.103:39815|priority:0|startupRole:FOLLOWER, 546a26c7-7703-4678-9acf-4f791a68dfff|rpc:10.1.1.103:38573|dataStream:10.1.1.103:40475|priority:0|startupRole:FOLLOWER, aa7a6908-eed5-4cf8-8df5-4bd7779adcda|rpc:10.1.1.103:46359|dataStream:10.1.1.103:32839|priority:1|startupRole:FOLLOWER]|listeners:[], old=null, confs=<EMPTY_MAP>
2023-01-16 14:41:54,346 [pool-140-thread-1] INFO  server.RaftServerConfigKeys (ConfUtils.java:logGet(46)) - raft.server.storage.dir = [/home/runner/work/ozone/ozone/hadoop-ozone/integration-test/target/test-dir/MiniOzoneClusterImpl-bcd49b6a-245a-4637-b4c9-d6b301a8fda7/datanode-3/data/ratis] (custom)
2023-01-16 14:41:54,346 [pool-140-thread-1] INFO  server.RaftServerConfigKeys (ConfUtils.java:logGet(46)) - raft.server.log.corruption.policy = EXCEPTION (default)
2023-01-16 14:41:54,346 [pool-140-thread-1] INFO  server.RaftServerConfigKeys (ConfUtils.java:logGet(46)) - raft.server.storage.free-space.min = 0MB (=0) (default)
2023-01-16 14:41:54,346 [pool-140-thread-1] INFO  server.RaftServerConfigKeys (ConfUtils.java:logGet(46)) - raft.server.notification.no-leader.timeout = 300s (custom)
2023-01-16 14:41:54,346 [pool-140-thread-1] INFO  server.RaftServerConfigKeys (ConfUtils.java:logGet(46)) - raft.server.retrycache.expirytime = 600000ms (custom)
2023-01-16 14:41:54,347 [pool-140-thread-1] INFO  server.RaftServerConfigKeys (ConfUtils.java:logGet(46)) - raft.server.retrycache.statistics.expirytime = 100μs (default)
2023-01-16 14:41:54,348 [pool-140-thread-1] INFO  server.RaftServerConfigKeys (ConfUtils.java:logGet(46)) - raft.server.log.appender.install.snapshot.enabled = false (custom)
2023-01-16 14:41:54,348 [pool-140-thread-1] INFO  server.RaftServerConfigKeys (ConfUtils.java:logGet(46)) - raft.server.threadpool.server.cached = true (default)
2023-01-16 14:41:54,348 [pool-140-thread-1] INFO  server.RaftServerConfigKeys (ConfUtils.java:logGet(46)) - raft.server.threadpool.server.size = 0 (default)
2023-01-16 14:41:54,348 [pool-140-thread-1] INFO  server.RaftServerConfigKeys (ConfUtils.java:logGet(46)) - raft.server.threadpool.client.cached = true (default)
2023-01-16 14:41:54,349 [pool-140-thread-1] INFO  server.RaftServerConfigKeys (ConfUtils.java:logGet(46)) - raft.server.threadpool.client.size = 0 (default)
2023-01-16 14:41:54,349 [pool-140-thread-1] INFO  storage.RaftStorageDirectory (RaftStorageDirectoryImpl.java:analyzeStorage(137)) - The storage directory /home/runner/work/ozone/ozone/hadoop-ozone/integration-test/target/test-dir/MiniOzoneClusterImpl-bcd49b6a-245a-4637-b4c9-d6b301a8fda7/datanode-3/data/ratis/7f085c46-837a-4d4b-82af-41a4bcdbbc85 does not exist. Creating ...
2023-01-16 14:41:54,352 [pool-140-thread-1] INFO  storage.RaftStorageDirectory (RaftStorageDirectoryImpl.java:tryLock(231)) - Lock on /home/runner/work/ozone/ozone/hadoop-ozone/integration-test/target/test-dir/MiniOzoneClusterImpl-bcd49b6a-245a-4637-b4c9-d6b301a8fda7/datanode-3/data/ratis/7f085c46-837a-4d4b-82af-41a4bcdbbc85/in_use.lock acquired by nodename 12075@fv-az203-757
2023-01-16 14:41:54,354 [pool-140-thread-1] INFO  storage.RaftStorage (RaftStorageImpl.java:format(96)) - Storage directory /home/runner/work/ozone/ozone/hadoop-ozone/integration-test/target/test-dir/MiniOzoneClusterImpl-bcd49b6a-245a-4637-b4c9-d6b301a8fda7/datanode-3/data/ratis/7f085c46-837a-4d4b-82af-41a4bcdbbc85 has been successfully formatted.
2023-01-16 14:41:54,354 [pool-140-thread-1] INFO  ratis.ContainerStateMachine (ContainerStateMachine.java:loadSnapshot(240)) - group-41A4BCDBBC85: The snapshot info is null. Setting the last applied indexto:(t:0, i:~)
2023-01-16 14:41:54,354 [pool-140-thread-1] INFO  server.RaftServerConfigKeys (ConfUtils.java:logGet(46)) - raft.server.log.use.memory = false (default)
2023-01-16 14:41:54,354 [pool-140-thread-1] INFO  server.RaftServerConfigKeys (ConfUtils.java:logGet(46)) - raft.server.log.purge.gap = 1000000 (custom)
2023-01-16 14:41:54,354 [pool-140-thread-1] INFO  server.RaftServerConfigKeys (ConfUtils.java:logGet(46)) - raft.server.log.appender.buffer.byte-limit = 33554432 (custom)
2023-01-16 14:41:54,354 [pool-140-thread-1] INFO  server.RaftServerConfigKeys (ConfUtils.java:logGet(46)) - raft.server.log.statemachine.data.read.timeout = 1000ms (default)
2023-01-16 14:41:54,355 [pool-140-thread-1] INFO  server.RaftServerConfigKeys (ConfUtils.java:logGet(46)) - raft.server.log.purge.preservation.log.num = 0 (default)
2023-01-16 14:41:54,355 [pool-140-thread-1] INFO  server.RaftServerConfigKeys (ConfUtils.java:logGet(46)) - raft.server.log.segment.size.max = 1048576 (custom)
2023-01-16 14:41:54,357 [EventQueue-OpenPipelineForHealthyPipelineSafeModeRule] INFO  safemode.SCMSafeModeManager (HealthyPipelineSafeModeRule.java:process(137)) - SCM in safe mode. Healthy pipelines reported count is 0, required healthy pipeline reported count is 1
2023-01-16 14:41:54,358 [pool-140-thread-1] INFO  server.RaftServerConfigKeys (ConfUtils.java:logGet(46)) - raft.server.log.segment.cache.num.max = 2 (custom)
2023-01-16 14:41:54,358 [pool-140-thread-1] INFO  server.RaftServerConfigKeys (ConfUtils.java:logGet(46)) - raft.server.log.segment.cache.size.max = 200MB (=209715200) (default)
2023-01-16 14:41:54,358 [pool-140-thread-1] INFO  segmented.SegmentedRaftLogWorker (SegmentedRaftLogWorker.java:<init>(189)) - new a1145108-ddcc-4325-a3dc-9d25daa38a10@group-41A4BCDBBC85-SegmentedRaftLogWorker for RaftStorageImpl:Storage Directory /home/runner/work/ozone/ozone/hadoop-ozone/integration-test/target/test-dir/MiniOzoneClusterImpl-bcd49b6a-245a-4637-b4c9-d6b301a8fda7/datanode-3/data/ratis/7f085c46-837a-4d4b-82af-41a4bcdbbc85
2023-01-16 14:41:54,358 [pool-140-thread-1] INFO  server.RaftServerConfigKeys (ConfUtils.java:logGet(46)) - raft.server.log.queue.byte-limit = 4294967296 (custom)
2023-01-16 14:41:54,358 [pool-140-thread-1] INFO  server.RaftServerConfigKeys (ConfUtils.java:logGet(46)) - raft.server.log.queue.element-limit = 1024 (custom)
2023-01-16 14:41:54,358 [pool-140-thread-1] INFO  server.RaftServerConfigKeys (ConfUtils.java:logGet(46)) - raft.server.log.segment.size.max = 1048576 (custom)
2023-01-16 14:41:54,358 [pool-140-thread-1] INFO  server.RaftServerConfigKeys (ConfUtils.java:logGet(46)) - raft.server.log.preallocated.size = 16384 (custom)
2023-01-16 14:41:54,358 [pool-140-thread-1] INFO  server.RaftServerConfigKeys (ConfUtils.java:logGet(46)) - raft.server.log.force.sync.num = 128 (default)
2023-01-16 14:41:54,358 [pool-140-thread-1] INFO  server.RaftServerConfigKeys (ConfUtils.java:logGet(46)) - raft.server.log.statemachine.data.sync = true (default)
2023-01-16 14:41:54,358 [pool-140-thread-1] INFO  server.RaftServerConfigKeys (ConfUtils.java:logGet(46)) - raft.server.log.statemachine.data.sync.timeout = 10s (default)
2023-01-16 14:41:54,358 [pool-140-thread-1] INFO  server.RaftServerConfigKeys (ConfUtils.java:logGet(46)) - raft.server.log.statemachine.data.sync.timeout.retry = -1 (default)
2023-01-16 14:41:54,359 [pool-140-thread-1] INFO  server.RaftServerConfigKeys (ConfUtils.java:logGet(46)) - raft.server.log.write.buffer.size = 1048576 (custom)
2023-01-16 14:41:54,360 [pool-140-thread-1] INFO  server.RaftServerConfigKeys (ConfUtils.java:logGet(46)) - raft.server.log.appender.buffer.byte-limit = 33554432 (custom)
2023-01-16 14:41:54,364 [Command processor thread] INFO  server.RaftServer (RaftServerProxy.java:addNew(96)) - 546a26c7-7703-4678-9acf-4f791a68dfff: addNew group-29D64E963AF7:[546a26c7-7703-4678-9acf-4f791a68dfff|rpc:10.1.1.103:38573|dataStream:10.1.1.103:40475|priority:1|startupRole:FOLLOWER] returns group-29D64E963AF7:java.util.concurrent.CompletableFuture@6747421c[Not completed]
2023-01-16 14:41:54,366 [pool-163-thread-1] INFO  server.RaftServer$Division (RaftServerImpl.java:<init>(195)) - 546a26c7-7703-4678-9acf-4f791a68dfff: new RaftServerImpl for group-29D64E963AF7:[546a26c7-7703-4678-9acf-4f791a68dfff|rpc:10.1.1.103:38573|dataStream:10.1.1.103:40475|priority:1|startupRole:FOLLOWER] with ContainerStateMachine:uninitialized
2023-01-16 14:41:54,366 [pool-163-thread-1] INFO  server.RaftServerConfigKeys (ConfUtils.java:logGet(46)) - raft.server.rpc.timeout.min = 5s (custom)
2023-01-16 14:41:54,366 [pool-163-thread-1] INFO  server.RaftServerConfigKeys (ConfUtils.java:logGet(46)) - raft.server.rpc.timeout.max = 5200ms (custom)
2023-01-16 14:41:54,366 [pool-163-thread-1] INFO  server.RaftServerConfigKeys (ConfUtils.java:logGet(46)) - raft.server.rpc.sleep.time = 25ms (default)
2023-01-16 14:41:54,366 [pool-163-thread-1] INFO  server.RaftServerConfigKeys (ConfUtils.java:logGet(46)) - raft.server.rpc.slowness.timeout = 300s (custom)
2023-01-16 14:41:54,366 [pool-163-thread-1] INFO  server.RaftServerConfigKeys (ConfUtils.java:logGet(46)) - raft.server.leaderelection.leader.step-down.wait-time = 10s (default)
2023-01-16 14:41:54,366 [pool-163-thread-1] INFO  server.RaftServerConfigKeys (ConfUtils.java:logGet(46)) - raft.server.sleep.deviation.threshold = 300ms (default)
2023-01-16 14:41:54,367 [pool-163-thread-1] INFO  server.RaftServer$Division (ServerState.java:<init>(118)) - 546a26c7-7703-4678-9acf-4f791a68dfff@group-29D64E963AF7: ConfigurationManager, init=-1: peers:[546a26c7-7703-4678-9acf-4f791a68dfff|rpc:10.1.1.103:38573|dataStream:10.1.1.103:40475|priority:1|startupRole:FOLLOWER]|listeners:[], old=null, confs=<EMPTY_MAP>
2023-01-16 14:41:54,367 [pool-163-thread-1] INFO  server.RaftServerConfigKeys (ConfUtils.java:logGet(46)) - raft.server.storage.dir = [/home/runner/work/ozone/ozone/hadoop-ozone/integration-test/target/test-dir/MiniOzoneClusterImpl-bcd49b6a-245a-4637-b4c9-d6b301a8fda7/datanode-4/data/ratis] (custom)
2023-01-16 14:41:54,367 [pool-163-thread-1] INFO  server.RaftServerConfigKeys (ConfUtils.java:logGet(46)) - raft.server.log.corruption.policy = EXCEPTION (default)
2023-01-16 14:41:54,367 [pool-163-thread-1] INFO  server.RaftServerConfigKeys (ConfUtils.java:logGet(46)) - raft.server.storage.free-space.min = 0MB (=0) (default)
2023-01-16 14:41:54,367 [pool-163-thread-1] INFO  server.RaftServerConfigKeys (ConfUtils.java:logGet(46)) - raft.server.notification.no-leader.timeout = 300s (custom)
2023-01-16 14:41:54,367 [pool-163-thread-1] INFO  server.RaftServerConfigKeys (ConfUtils.java:logGet(46)) - raft.server.retrycache.expirytime = 600000ms (custom)
2023-01-16 14:41:54,368 [pool-163-thread-1] INFO  server.RaftServerConfigKeys (ConfUtils.java:logGet(46)) - raft.server.retrycache.statistics.expirytime = 100μs (default)
2023-01-16 14:41:54,368 [pool-163-thread-1] INFO  server.RaftServerConfigKeys (ConfUtils.java:logGet(46)) - raft.server.log.appender.install.snapshot.enabled = false (custom)
2023-01-16 14:41:54,368 [pool-163-thread-1] INFO  server.RaftServerConfigKeys (ConfUtils.java:logGet(46)) - raft.server.threadpool.server.cached = true (default)
2023-01-16 14:41:54,369 [pool-163-thread-1] INFO  server.RaftServerConfigKeys (ConfUtils.java:logGet(46)) - raft.server.threadpool.server.size = 0 (default)
2023-01-16 14:41:54,369 [pool-163-thread-1] INFO  server.RaftServerConfigKeys (ConfUtils.java:logGet(46)) - raft.server.threadpool.client.cached = true (default)
2023-01-16 14:41:54,369 [pool-163-thread-1] INFO  server.RaftServerConfigKeys (ConfUtils.java:logGet(46)) - raft.server.threadpool.client.size = 0 (default)
2023-01-16 14:41:54,369 [pool-163-thread-1] INFO  storage.RaftStorageDirectory (RaftStorageDirectoryImpl.java:analyzeStorage(137)) - The storage directory /home/runner/work/ozone/ozone/hadoop-ozone/integration-test/target/test-dir/MiniOzoneClusterImpl-bcd49b6a-245a-4637-b4c9-d6b301a8fda7/datanode-4/data/ratis/0ff1e762-d14a-4161-ae37-29d64e963af7 does not exist. Creating ...
2023-01-16 14:41:54,372 [pool-163-thread-1] INFO  storage.RaftStorageDirectory (RaftStorageDirectoryImpl.java:tryLock(231)) - Lock on /home/runner/work/ozone/ozone/hadoop-ozone/integration-test/target/test-dir/MiniOzoneClusterImpl-bcd49b6a-245a-4637-b4c9-d6b301a8fda7/datanode-4/data/ratis/0ff1e762-d14a-4161-ae37-29d64e963af7/in_use.lock acquired by nodename 12075@fv-az203-757
2023-01-16 14:41:54,374 [pool-163-thread-1] INFO  storage.RaftStorage (RaftStorageImpl.java:format(96)) - Storage directory /home/runner/work/ozone/ozone/hadoop-ozone/integration-test/target/test-dir/MiniOzoneClusterImpl-bcd49b6a-245a-4637-b4c9-d6b301a8fda7/datanode-4/data/ratis/0ff1e762-d14a-4161-ae37-29d64e963af7 has been successfully formatted.
2023-01-16 14:41:54,374 [pool-163-thread-1] INFO  ratis.ContainerStateMachine (ContainerStateMachine.java:loadSnapshot(240)) - group-29D64E963AF7: The snapshot info is null. Setting the last applied indexto:(t:0, i:~)
2023-01-16 14:41:54,374 [pool-163-thread-1] INFO  server.RaftServerConfigKeys (ConfUtils.java:logGet(46)) - raft.server.log.use.memory = false (default)
2023-01-16 14:41:54,375 [pool-163-thread-1] INFO  server.RaftServerConfigKeys (ConfUtils.java:logGet(46)) - raft.server.log.purge.gap = 1000000 (custom)
2023-01-16 14:41:54,375 [pool-163-thread-1] INFO  server.RaftServerConfigKeys (ConfUtils.java:logGet(46)) - raft.server.log.appender.buffer.byte-limit = 33554432 (custom)
2023-01-16 14:41:54,375 [pool-163-thread-1] INFO  server.RaftServerConfigKeys (ConfUtils.java:logGet(46)) - raft.server.log.statemachine.data.read.timeout = 1000ms (default)
2023-01-16 14:41:54,375 [pool-163-thread-1] INFO  server.RaftServerConfigKeys (ConfUtils.java:logGet(46)) - raft.server.log.purge.preservation.log.num = 0 (default)
2023-01-16 14:41:54,375 [pool-163-thread-1] INFO  server.RaftServerConfigKeys (ConfUtils.java:logGet(46)) - raft.server.log.segment.size.max = 1048576 (custom)
2023-01-16 14:41:54,377 [pool-163-thread-1] INFO  server.RaftServerConfigKeys (ConfUtils.java:logGet(46)) - raft.server.log.segment.cache.num.max = 2 (custom)
2023-01-16 14:41:54,378 [EventQueue-PipelineReportForPipelineReportHandler] INFO  pipeline.PipelineManagerImpl (PipelineManagerImpl.java:openPipeline(367)) - Pipeline Pipeline[ Id: 0ff1e762-d14a-4161-ae37-29d64e963af7, Nodes: 546a26c7-7703-4678-9acf-4f791a68dfff(fv-az203-757.ild0l4k5vsluppoevu2oqvhmda.cx.internal.cloudapp.net/10.1.1.103), ReplicationConfig: RATIS/ONE, State:ALLOCATED, leaderId:546a26c7-7703-4678-9acf-4f791a68dfff, CreationTimestamp2023-01-16T14:41:51.368Z[Etc/UTC]] moved to OPEN state
2023-01-16 14:41:54,379 [EventQueue-OpenPipelineForHealthyPipelineSafeModeRule] INFO  safemode.SCMSafeModeManager (HealthyPipelineSafeModeRule.java:process(137)) - SCM in safe mode. Healthy pipelines reported count is 0, required healthy pipeline reported count is 1
2023-01-16 14:41:54,379 [pool-163-thread-1] INFO  server.RaftServerConfigKeys (ConfUtils.java:logGet(46)) - raft.server.log.segment.cache.size.max = 200MB (=209715200) (default)
2023-01-16 14:41:54,379 [pool-163-thread-1] INFO  segmented.SegmentedRaftLogWorker (SegmentedRaftLogWorker.java:<init>(189)) - new 546a26c7-7703-4678-9acf-4f791a68dfff@group-29D64E963AF7-SegmentedRaftLogWorker for RaftStorageImpl:Storage Directory /home/runner/work/ozone/ozone/hadoop-ozone/integration-test/target/test-dir/MiniOzoneClusterImpl-bcd49b6a-245a-4637-b4c9-d6b301a8fda7/datanode-4/data/ratis/0ff1e762-d14a-4161-ae37-29d64e963af7
2023-01-16 14:41:54,379 [pool-163-thread-1] INFO  server.RaftServerConfigKeys (ConfUtils.java:logGet(46)) - raft.server.log.queue.byte-limit = 4294967296 (custom)
2023-01-16 14:41:54,380 [pool-163-thread-1] INFO  server.RaftServerConfigKeys (ConfUtils.java:logGet(46)) - raft.server.log.queue.element-limit = 1024 (custom)
2023-01-16 14:41:54,380 [pool-163-thread-1] INFO  server.RaftServerConfigKeys (ConfUtils.java:logGet(46)) - raft.server.log.segment.size.max = 1048576 (custom)
2023-01-16 14:41:54,380 [pool-163-thread-1] INFO  server.RaftServerConfigKeys (ConfUtils.java:logGet(46)) - raft.server.log.preallocated.size = 16384 (custom)
2023-01-16 14:41:54,380 [pool-163-thread-1] INFO  server.RaftServerConfigKeys (ConfUtils.java:logGet(46)) - raft.server.log.force.sync.num = 128 (default)
2023-01-16 14:41:54,380 [pool-163-thread-1] INFO  server.RaftServerConfigKeys (ConfUtils.java:logGet(46)) - raft.server.log.statemachine.data.sync = true (default)
2023-01-16 14:41:54,380 [pool-163-thread-1] INFO  server.RaftServerConfigKeys (ConfUtils.java:logGet(46)) - raft.server.log.statemachine.data.sync.timeout = 10s (default)
2023-01-16 14:41:54,380 [pool-163-thread-1] INFO  server.RaftServerConfigKeys (ConfUtils.java:logGet(46)) - raft.server.log.statemachine.data.sync.timeout.retry = -1 (default)
2023-01-16 14:41:54,381 [pool-140-thread-1] INFO  server.RaftServerConfigKeys (ConfUtils.java:logGet(46)) - raft.server.log.unsafe-flush.enabled = false (default)
2023-01-16 14:41:54,381 [pool-140-thread-1] INFO  server.RaftServerConfigKeys (ConfUtils.java:logGet(46)) - raft.server.log.async-flush.enabled = false (default)
2023-01-16 14:41:54,381 [pool-140-thread-1] INFO  server.RaftServerConfigKeys (ConfUtils.java:logGet(46)) - raft.server.log.statemachine.data.caching.enabled = true (custom)
2023-01-16 14:41:54,381 [pool-140-thread-1] INFO  segmented.SegmentedRaftLogWorker (SegmentedRaftLogWorker.java:lambda$new$0(135)) - a1145108-ddcc-4325-a3dc-9d25daa38a10@group-41A4BCDBBC85-SegmentedRaftLogWorker: flushIndex: setUnconditionally 0 -> -1
2023-01-16 14:41:54,382 [pool-140-thread-1] INFO  segmented.SegmentedRaftLogWorker (SegmentedRaftLogWorker.java:lambda$new$0(135)) - a1145108-ddcc-4325-a3dc-9d25daa38a10@group-41A4BCDBBC85-SegmentedRaftLogWorker: safeCacheEvictIndex: setUnconditionally 0 -> -1
2023-01-16 14:41:54,382 [pool-163-thread-1] INFO  server.RaftServerConfigKeys (ConfUtils.java:logGet(46)) - raft.server.log.write.buffer.size = 1048576 (custom)
2023-01-16 14:41:54,382 [pool-163-thread-1] INFO  server.RaftServerConfigKeys (ConfUtils.java:logGet(46)) - raft.server.log.appender.buffer.byte-limit = 33554432 (custom)
2023-01-16 14:41:54,385 [pool-140-thread-1] INFO  server.RaftServer$Division (RaftServerImpl.java:start(334)) - a1145108-ddcc-4325-a3dc-9d25daa38a10@group-41A4BCDBBC85: start as a follower, conf=-1: peers:[a1145108-ddcc-4325-a3dc-9d25daa38a10|rpc:10.1.1.103:33417|dataStream:10.1.1.103:39815|priority:0|startupRole:FOLLOWER, 546a26c7-7703-4678-9acf-4f791a68dfff|rpc:10.1.1.103:38573|dataStream:10.1.1.103:40475|priority:0|startupRole:FOLLOWER, aa7a6908-eed5-4cf8-8df5-4bd7779adcda|rpc:10.1.1.103:46359|dataStream:10.1.1.103:32839|priority:1|startupRole:FOLLOWER]|listeners:[], old=null
2023-01-16 14:41:54,385 [pool-140-thread-1] INFO  server.RaftServer$Division (RaftServerImpl.java:setRole(321)) - a1145108-ddcc-4325-a3dc-9d25daa38a10@group-41A4BCDBBC85: changes role from      null to FOLLOWER at term 0 for startAsFollower
2023-01-16 14:41:54,386 [pool-140-thread-1] INFO  impl.RoleInfo (RoleInfo.java:updateAndGet(139)) - a1145108-ddcc-4325-a3dc-9d25daa38a10: start a1145108-ddcc-4325-a3dc-9d25daa38a10@group-41A4BCDBBC85-FollowerState
2023-01-16 14:41:54,389 [pool-140-thread-1] INFO  util.JmxRegister (JmxRegister.java:tryRegister(44)) - Successfully registered JMX Bean with object name Ratis:service=RaftServer,group=group-41A4BCDBBC85,id=a1145108-ddcc-4325-a3dc-9d25daa38a10
2023-01-16 14:41:54,389 [a1145108-ddcc-4325-a3dc-9d25daa38a10@group-41A4BCDBBC85-FollowerState] INFO  server.RaftServerConfigKeys (ConfUtils.java:logFallback(53)) - raft.server.rpc.first-election.timeout.min = 5s (fallback to raft.server.rpc.timeout.min)
2023-01-16 14:41:54,390 [a1145108-ddcc-4325-a3dc-9d25daa38a10@group-41A4BCDBBC85-FollowerState] INFO  server.RaftServerConfigKeys (ConfUtils.java:logFallback(53)) - raft.server.rpc.first-election.timeout.max = 5200ms (fallback to raft.server.rpc.timeout.max)
2023-01-16 14:41:54,389 [pool-140-thread-1] INFO  server.RaftServerConfigKeys (ConfUtils.java:logGet(46)) - raft.server.snapshot.auto.trigger.enabled = true (custom)
2023-01-16 14:41:54,390 [pool-140-thread-1] INFO  server.RaftServerConfigKeys (ConfUtils.java:logGet(46)) - raft.server.snapshot.auto.trigger.threshold = 10000 (custom)
2023-01-16 14:41:54,390 [pool-140-thread-1] INFO  server.RaftServerConfigKeys (ConfUtils.java:logGet(46)) - raft.server.snapshot.retention.file.num = 5 (custom)
2023-01-16 14:41:54,390 [pool-140-thread-1] INFO  server.RaftServerConfigKeys (ConfUtils.java:logGet(46)) - raft.server.log.purge.upto.snapshot.index = false (default)
2023-01-16 14:41:54,391 [pool-163-thread-1] INFO  server.RaftServerConfigKeys (ConfUtils.java:logGet(46)) - raft.server.log.unsafe-flush.enabled = false (default)
2023-01-16 14:41:54,392 [pool-163-thread-1] INFO  server.RaftServerConfigKeys (ConfUtils.java:logGet(46)) - raft.server.log.async-flush.enabled = false (default)
2023-01-16 14:41:54,392 [pool-163-thread-1] INFO  server.RaftServerConfigKeys (ConfUtils.java:logGet(46)) - raft.server.log.statemachine.data.caching.enabled = true (custom)
2023-01-16 14:41:54,392 [pool-163-thread-1] INFO  segmented.SegmentedRaftLogWorker (SegmentedRaftLogWorker.java:lambda$new$0(135)) - 546a26c7-7703-4678-9acf-4f791a68dfff@group-29D64E963AF7-SegmentedRaftLogWorker: flushIndex: setUnconditionally 0 -> -1
2023-01-16 14:41:54,392 [pool-163-thread-1] INFO  segmented.SegmentedRaftLogWorker (SegmentedRaftLogWorker.java:lambda$new$0(135)) - 546a26c7-7703-4678-9acf-4f791a68dfff@group-29D64E963AF7-SegmentedRaftLogWorker: safeCacheEvictIndex: setUnconditionally 0 -> -1
2023-01-16 14:41:54,392 [Command processor thread] INFO  ratis.XceiverServerRatis (XceiverServerRatis.java:addGroup(806)) - Created group PipelineID=7f085c46-837a-4d4b-82af-41a4bcdbbc85
2023-01-16 14:41:54,392 [pool-163-thread-1] INFO  server.RaftServer$Division (RaftServerImpl.java:start(334)) - 546a26c7-7703-4678-9acf-4f791a68dfff@group-29D64E963AF7: start as a follower, conf=-1: peers:[546a26c7-7703-4678-9acf-4f791a68dfff|rpc:10.1.1.103:38573|dataStream:10.1.1.103:40475|priority:1|startupRole:FOLLOWER]|listeners:[], old=null
2023-01-16 14:41:54,392 [pool-163-thread-1] INFO  server.RaftServer$Division (RaftServerImpl.java:setRole(321)) - 546a26c7-7703-4678-9acf-4f791a68dfff@group-29D64E963AF7: changes role from      null to FOLLOWER at term 0 for startAsFollower
2023-01-16 14:41:54,392 [pool-163-thread-1] INFO  impl.RoleInfo (RoleInfo.java:updateAndGet(139)) - 546a26c7-7703-4678-9acf-4f791a68dfff: start 546a26c7-7703-4678-9acf-4f791a68dfff@group-29D64E963AF7-FollowerState
2023-01-16 14:41:54,399 [pool-163-thread-1] INFO  util.JmxRegister (JmxRegister.java:tryRegister(44)) - Successfully registered JMX Bean with object name Ratis:service=RaftServer,group=group-29D64E963AF7,id=546a26c7-7703-4678-9acf-4f791a68dfff
2023-01-16 14:41:54,400 [pool-163-thread-1] INFO  server.RaftServerConfigKeys (ConfUtils.java:logGet(46)) - raft.server.snapshot.auto.trigger.enabled = true (custom)
2023-01-16 14:41:54,400 [pool-163-thread-1] INFO  server.RaftServerConfigKeys (ConfUtils.java:logGet(46)) - raft.server.snapshot.auto.trigger.threshold = 10000 (custom)
2023-01-16 14:41:54,400 [pool-163-thread-1] INFO  server.RaftServerConfigKeys (ConfUtils.java:logGet(46)) - raft.server.snapshot.retention.file.num = 5 (custom)
2023-01-16 14:41:54,400 [pool-163-thread-1] INFO  server.RaftServerConfigKeys (ConfUtils.java:logGet(46)) - raft.server.log.purge.upto.snapshot.index = false (default)
2023-01-16 14:41:54,407 [546a26c7-7703-4678-9acf-4f791a68dfff@group-29D64E963AF7-FollowerState] INFO  server.RaftServerConfigKeys (ConfUtils.java:logFallback(53)) - raft.server.rpc.first-election.timeout.min = 5s (fallback to raft.server.rpc.timeout.min)
2023-01-16 14:41:54,407 [546a26c7-7703-4678-9acf-4f791a68dfff@group-29D64E963AF7-FollowerState] INFO  server.RaftServerConfigKeys (ConfUtils.java:logFallback(53)) - raft.server.rpc.first-election.timeout.max = 5200ms (fallback to raft.server.rpc.timeout.max)
2023-01-16 14:41:54,407 [Command processor thread] INFO  ratis.XceiverServerRatis (XceiverServerRatis.java:addGroup(806)) - Created group PipelineID=0ff1e762-d14a-4161-ae37-29d64e963af7
2023-01-16 14:41:54,407 [Command processor thread] INFO  commandhandler.CreatePipelineCommandHandler (CreatePipelineCommandHandler.java:handle(113)) - Created Pipeline RATIS ONE PipelineID=0ff1e762-d14a-4161-ae37-29d64e963af7.
2023-01-16 14:41:54,408 [Command processor thread] INFO  server.RaftServer (RaftServerProxy.java:addNew(96)) - 546a26c7-7703-4678-9acf-4f791a68dfff: addNew group-41A4BCDBBC85:[a1145108-ddcc-4325-a3dc-9d25daa38a10|rpc:10.1.1.103:33417|dataStream:10.1.1.103:39815|priority:0|startupRole:FOLLOWER, 546a26c7-7703-4678-9acf-4f791a68dfff|rpc:10.1.1.103:38573|dataStream:10.1.1.103:40475|priority:0|startupRole:FOLLOWER, aa7a6908-eed5-4cf8-8df5-4bd7779adcda|rpc:10.1.1.103:46359|dataStream:10.1.1.103:32839|priority:1|startupRole:FOLLOWER] returns group-41A4BCDBBC85:java.util.concurrent.CompletableFuture@6980b084[Not completed]
2023-01-16 14:41:54,413 [pool-163-thread-1] INFO  server.RaftServer$Division (RaftServerImpl.java:<init>(195)) - 546a26c7-7703-4678-9acf-4f791a68dfff: new RaftServerImpl for group-41A4BCDBBC85:[a1145108-ddcc-4325-a3dc-9d25daa38a10|rpc:10.1.1.103:33417|dataStream:10.1.1.103:39815|priority:0|startupRole:FOLLOWER, 546a26c7-7703-4678-9acf-4f791a68dfff|rpc:10.1.1.103:38573|dataStream:10.1.1.103:40475|priority:0|startupRole:FOLLOWER, aa7a6908-eed5-4cf8-8df5-4bd7779adcda|rpc:10.1.1.103:46359|dataStream:10.1.1.103:32839|priority:1|startupRole:FOLLOWER] with ContainerStateMachine:uninitialized
2023-01-16 14:41:54,413 [pool-163-thread-1] INFO  server.RaftServerConfigKeys (ConfUtils.java:logGet(46)) - raft.server.rpc.timeout.min = 5s (custom)
2023-01-16 14:41:54,413 [pool-163-thread-1] INFO  server.RaftServerConfigKeys (ConfUtils.java:logGet(46)) - raft.server.rpc.timeout.max = 5200ms (custom)
2023-01-16 14:41:54,413 [pool-163-thread-1] INFO  server.RaftServerConfigKeys (ConfUtils.java:logGet(46)) - raft.server.rpc.sleep.time = 25ms (default)
2023-01-16 14:41:54,413 [pool-163-thread-1] INFO  server.RaftServerConfigKeys (ConfUtils.java:logGet(46)) - raft.server.rpc.slowness.timeout = 300s (custom)
2023-01-16 14:41:54,413 [pool-163-thread-1] INFO  server.RaftServerConfigKeys (ConfUtils.java:logGet(46)) - raft.server.leaderelection.leader.step-down.wait-time = 10s (default)
2023-01-16 14:41:54,413 [pool-163-thread-1] INFO  server.RaftServerConfigKeys (ConfUtils.java:logGet(46)) - raft.server.sleep.deviation.threshold = 300ms (default)
2023-01-16 14:41:54,414 [pool-163-thread-1] INFO  server.RaftServer$Division (ServerState.java:<init>(118)) - 546a26c7-7703-4678-9acf-4f791a68dfff@group-41A4BCDBBC85: ConfigurationManager, init=-1: peers:[a1145108-ddcc-4325-a3dc-9d25daa38a10|rpc:10.1.1.103:33417|dataStream:10.1.1.103:39815|priority:0|startupRole:FOLLOWER, 546a26c7-7703-4678-9acf-4f791a68dfff|rpc:10.1.1.103:38573|dataStream:10.1.1.103:40475|priority:0|startupRole:FOLLOWER, aa7a6908-eed5-4cf8-8df5-4bd7779adcda|rpc:10.1.1.103:46359|dataStream:10.1.1.103:32839|priority:1|startupRole:FOLLOWER]|listeners:[], old=null, confs=<EMPTY_MAP>
2023-01-16 14:41:54,414 [pool-163-thread-1] INFO  server.RaftServerConfigKeys (ConfUtils.java:logGet(46)) - raft.server.storage.dir = [/home/runner/work/ozone/ozone/hadoop-ozone/integration-test/target/test-dir/MiniOzoneClusterImpl-bcd49b6a-245a-4637-b4c9-d6b301a8fda7/datanode-4/data/ratis] (custom)
2023-01-16 14:41:54,414 [pool-163-thread-1] INFO  server.RaftServerConfigKeys (ConfUtils.java:logGet(46)) - raft.server.log.corruption.policy = EXCEPTION (default)
2023-01-16 14:41:54,414 [pool-163-thread-1] INFO  server.RaftServerConfigKeys (ConfUtils.java:logGet(46)) - raft.server.storage.free-space.min = 0MB (=0) (default)
2023-01-16 14:41:54,414 [pool-163-thread-1] INFO  server.RaftServerConfigKeys (ConfUtils.java:logGet(46)) - raft.server.notification.no-leader.timeout = 300s (custom)
2023-01-16 14:41:54,414 [pool-163-thread-1] INFO  server.RaftServerConfigKeys (ConfUtils.java:logGet(46)) - raft.server.retrycache.expirytime = 600000ms (custom)
2023-01-16 14:41:54,415 [pool-163-thread-1] INFO  server.RaftServerConfigKeys (ConfUtils.java:logGet(46)) - raft.server.retrycache.statistics.expirytime = 100μs (default)
2023-01-16 14:41:54,424 [pool-163-thread-1] INFO  server.RaftServerConfigKeys (ConfUtils.java:logGet(46)) - raft.server.log.appender.install.snapshot.enabled = false (custom)
2023-01-16 14:41:54,424 [pool-163-thread-1] INFO  server.RaftServerConfigKeys (ConfUtils.java:logGet(46)) - raft.server.threadpool.server.cached = true (default)
2023-01-16 14:41:54,424 [pool-163-thread-1] INFO  server.RaftServerConfigKeys (ConfUtils.java:logGet(46)) - raft.server.threadpool.server.size = 0 (default)
2023-01-16 14:41:54,424 [pool-163-thread-1] INFO  server.RaftServerConfigKeys (ConfUtils.java:logGet(46)) - raft.server.threadpool.client.cached = true (default)
2023-01-16 14:41:54,424 [pool-163-thread-1] INFO  server.RaftServerConfigKeys (ConfUtils.java:logGet(46)) - raft.server.threadpool.client.size = 0 (default)
2023-01-16 14:41:54,424 [pool-163-thread-1] INFO  storage.RaftStorageDirectory (RaftStorageDirectoryImpl.java:analyzeStorage(137)) - The storage directory /home/runner/work/ozone/ozone/hadoop-ozone/integration-test/target/test-dir/MiniOzoneClusterImpl-bcd49b6a-245a-4637-b4c9-d6b301a8fda7/datanode-4/data/ratis/7f085c46-837a-4d4b-82af-41a4bcdbbc85 does not exist. Creating ...
2023-01-16 14:41:54,426 [pool-163-thread-1] INFO  storage.RaftStorageDirectory (RaftStorageDirectoryImpl.java:tryLock(231)) - Lock on /home/runner/work/ozone/ozone/hadoop-ozone/integration-test/target/test-dir/MiniOzoneClusterImpl-bcd49b6a-245a-4637-b4c9-d6b301a8fda7/datanode-4/data/ratis/7f085c46-837a-4d4b-82af-41a4bcdbbc85/in_use.lock acquired by nodename 12075@fv-az203-757
2023-01-16 14:41:54,430 [pool-163-thread-1] INFO  storage.RaftStorage (RaftStorageImpl.java:format(96)) - Storage directory /home/runner/work/ozone/ozone/hadoop-ozone/integration-test/target/test-dir/MiniOzoneClusterImpl-bcd49b6a-245a-4637-b4c9-d6b301a8fda7/datanode-4/data/ratis/7f085c46-837a-4d4b-82af-41a4bcdbbc85 has been successfully formatted.
2023-01-16 14:41:54,430 [pool-163-thread-1] INFO  ratis.ContainerStateMachine (ContainerStateMachine.java:loadSnapshot(240)) - group-41A4BCDBBC85: The snapshot info is null. Setting the last applied indexto:(t:0, i:~)
2023-01-16 14:41:54,430 [pool-163-thread-1] INFO  server.RaftServerConfigKeys (ConfUtils.java:logGet(46)) - raft.server.log.use.memory = false (default)
2023-01-16 14:41:54,430 [pool-163-thread-1] INFO  server.RaftServerConfigKeys (ConfUtils.java:logGet(46)) - raft.server.log.purge.gap = 1000000 (custom)
2023-01-16 14:41:54,430 [pool-163-thread-1] INFO  server.RaftServerConfigKeys (ConfUtils.java:logGet(46)) - raft.server.log.appender.buffer.byte-limit = 33554432 (custom)
2023-01-16 14:41:54,430 [pool-163-thread-1] INFO  server.RaftServerConfigKeys (ConfUtils.java:logGet(46)) - raft.server.log.statemachine.data.read.timeout = 1000ms (default)
2023-01-16 14:41:54,430 [pool-163-thread-1] INFO  server.RaftServerConfigKeys (ConfUtils.java:logGet(46)) - raft.server.log.purge.preservation.log.num = 0 (default)
2023-01-16 14:41:54,430 [pool-163-thread-1] INFO  server.RaftServerConfigKeys (ConfUtils.java:logGet(46)) - raft.server.log.segment.size.max = 1048576 (custom)
2023-01-16 14:41:54,431 [pool-163-thread-1] INFO  server.RaftServerConfigKeys (ConfUtils.java:logGet(46)) - raft.server.log.segment.cache.num.max = 2 (custom)
2023-01-16 14:41:54,431 [pool-163-thread-1] INFO  server.RaftServerConfigKeys (ConfUtils.java:logGet(46)) - raft.server.log.segment.cache.size.max = 200MB (=209715200) (default)
2023-01-16 14:41:54,431 [pool-163-thread-1] INFO  segmented.SegmentedRaftLogWorker (SegmentedRaftLogWorker.java:<init>(189)) - new 546a26c7-7703-4678-9acf-4f791a68dfff@group-41A4BCDBBC85-SegmentedRaftLogWorker for RaftStorageImpl:Storage Directory /home/runner/work/ozone/ozone/hadoop-ozone/integration-test/target/test-dir/MiniOzoneClusterImpl-bcd49b6a-245a-4637-b4c9-d6b301a8fda7/datanode-4/data/ratis/7f085c46-837a-4d4b-82af-41a4bcdbbc85
2023-01-16 14:41:54,431 [pool-163-thread-1] INFO  server.RaftServerConfigKeys (ConfUtils.java:logGet(46)) - raft.server.log.queue.byte-limit = 4294967296 (custom)
2023-01-16 14:41:54,431 [pool-163-thread-1] INFO  server.RaftServerConfigKeys (ConfUtils.java:logGet(46)) - raft.server.log.queue.element-limit = 1024 (custom)
2023-01-16 14:41:54,431 [pool-163-thread-1] INFO  server.RaftServerConfigKeys (ConfUtils.java:logGet(46)) - raft.server.log.segment.size.max = 1048576 (custom)
2023-01-16 14:41:54,431 [pool-163-thread-1] INFO  server.RaftServerConfigKeys (ConfUtils.java:logGet(46)) - raft.server.log.preallocated.size = 16384 (custom)
2023-01-16 14:41:54,431 [pool-163-thread-1] INFO  server.RaftServerConfigKeys (ConfUtils.java:logGet(46)) - raft.server.log.force.sync.num = 128 (default)
2023-01-16 14:41:54,432 [pool-163-thread-1] INFO  server.RaftServerConfigKeys (ConfUtils.java:logGet(46)) - raft.server.log.statemachine.data.sync = true (default)
2023-01-16 14:41:54,432 [pool-163-thread-1] INFO  server.RaftServerConfigKeys (ConfUtils.java:logGet(46)) - raft.server.log.statemachine.data.sync.timeout = 10s (default)
2023-01-16 14:41:54,432 [pool-163-thread-1] INFO  server.RaftServerConfigKeys (ConfUtils.java:logGet(46)) - raft.server.log.statemachine.data.sync.timeout.retry = -1 (default)
2023-01-16 14:41:54,433 [pool-163-thread-1] INFO  server.RaftServerConfigKeys (ConfUtils.java:logGet(46)) - raft.server.log.write.buffer.size = 1048576 (custom)
2023-01-16 14:41:54,433 [pool-163-thread-1] INFO  server.RaftServerConfigKeys (ConfUtils.java:logGet(46)) - raft.server.log.appender.buffer.byte-limit = 33554432 (custom)
2023-01-16 14:41:54,443 [EventQueue-OpenPipelineForHealthyPipelineSafeModeRule] INFO  safemode.SCMSafeModeManager (HealthyPipelineSafeModeRule.java:process(137)) - SCM in safe mode. Healthy pipelines reported count is 0, required healthy pipeline reported count is 1
2023-01-16 14:41:54,447 [pool-163-thread-1] INFO  server.RaftServerConfigKeys (ConfUtils.java:logGet(46)) - raft.server.log.unsafe-flush.enabled = false (default)
2023-01-16 14:41:54,447 [pool-163-thread-1] INFO  server.RaftServerConfigKeys (ConfUtils.java:logGet(46)) - raft.server.log.async-flush.enabled = false (default)
2023-01-16 14:41:54,447 [pool-163-thread-1] INFO  server.RaftServerConfigKeys (ConfUtils.java:logGet(46)) - raft.server.log.statemachine.data.caching.enabled = true (custom)
2023-01-16 14:41:54,448 [pool-163-thread-1] INFO  segmented.SegmentedRaftLogWorker (SegmentedRaftLogWorker.java:lambda$new$0(135)) - 546a26c7-7703-4678-9acf-4f791a68dfff@group-41A4BCDBBC85-SegmentedRaftLogWorker: flushIndex: setUnconditionally 0 -> -1
2023-01-16 14:41:54,448 [pool-163-thread-1] INFO  segmented.SegmentedRaftLogWorker (SegmentedRaftLogWorker.java:lambda$new$0(135)) - 546a26c7-7703-4678-9acf-4f791a68dfff@group-41A4BCDBBC85-SegmentedRaftLogWorker: safeCacheEvictIndex: setUnconditionally 0 -> -1
2023-01-16 14:41:54,451 [pool-163-thread-1] INFO  server.RaftServer$Division (RaftServerImpl.java:start(334)) - 546a26c7-7703-4678-9acf-4f791a68dfff@group-41A4BCDBBC85: start as a follower, conf=-1: peers:[a1145108-ddcc-4325-a3dc-9d25daa38a10|rpc:10.1.1.103:33417|dataStream:10.1.1.103:39815|priority:0|startupRole:FOLLOWER, 546a26c7-7703-4678-9acf-4f791a68dfff|rpc:10.1.1.103:38573|dataStream:10.1.1.103:40475|priority:0|startupRole:FOLLOWER, aa7a6908-eed5-4cf8-8df5-4bd7779adcda|rpc:10.1.1.103:46359|dataStream:10.1.1.103:32839|priority:1|startupRole:FOLLOWER]|listeners:[], old=null
2023-01-16 14:41:54,451 [pool-163-thread-1] INFO  server.RaftServer$Division (RaftServerImpl.java:setRole(321)) - 546a26c7-7703-4678-9acf-4f791a68dfff@group-41A4BCDBBC85: changes role from      null to FOLLOWER at term 0 for startAsFollower
2023-01-16 14:41:54,451 [pool-163-thread-1] INFO  impl.RoleInfo (RoleInfo.java:updateAndGet(139)) - 546a26c7-7703-4678-9acf-4f791a68dfff: start 546a26c7-7703-4678-9acf-4f791a68dfff@group-41A4BCDBBC85-FollowerState
2023-01-16 14:41:54,453 [pool-163-thread-1] INFO  util.JmxRegister (JmxRegister.java:tryRegister(44)) - Successfully registered JMX Bean with object name Ratis:service=RaftServer,group=group-41A4BCDBBC85,id=546a26c7-7703-4678-9acf-4f791a68dfff
2023-01-16 14:41:54,453 [pool-163-thread-1] INFO  server.RaftServerConfigKeys (ConfUtils.java:logGet(46)) - raft.server.snapshot.auto.trigger.enabled = true (custom)
2023-01-16 14:41:54,453 [pool-163-thread-1] INFO  server.RaftServerConfigKeys (ConfUtils.java:logGet(46)) - raft.server.snapshot.auto.trigger.threshold = 10000 (custom)
2023-01-16 14:41:54,453 [pool-163-thread-1] INFO  server.RaftServerConfigKeys (ConfUtils.java:logGet(46)) - raft.server.snapshot.retention.file.num = 5 (custom)
2023-01-16 14:41:54,453 [pool-163-thread-1] INFO  server.RaftServerConfigKeys (ConfUtils.java:logGet(46)) - raft.server.log.purge.upto.snapshot.index = false (default)
2023-01-16 14:41:54,454 [546a26c7-7703-4678-9acf-4f791a68dfff@group-41A4BCDBBC85-FollowerState] INFO  server.RaftServerConfigKeys (ConfUtils.java:logFallback(53)) - raft.server.rpc.first-election.timeout.min = 5s (fallback to raft.server.rpc.timeout.min)
2023-01-16 14:41:54,458 [pool-186-thread-1] INFO  server.RaftServer$Division (RaftServerImpl.java:<init>(195)) - aa7a6908-eed5-4cf8-8df5-4bd7779adcda: new RaftServerImpl for group-41A4BCDBBC85:[a1145108-ddcc-4325-a3dc-9d25daa38a10|rpc:10.1.1.103:33417|dataStream:10.1.1.103:39815|priority:0|startupRole:FOLLOWER, 546a26c7-7703-4678-9acf-4f791a68dfff|rpc:10.1.1.103:38573|dataStream:10.1.1.103:40475|priority:0|startupRole:FOLLOWER, aa7a6908-eed5-4cf8-8df5-4bd7779adcda|rpc:10.1.1.103:46359|dataStream:10.1.1.103:32839|priority:1|startupRole:FOLLOWER] with ContainerStateMachine:uninitialized
2023-01-16 14:41:54,458 [pool-186-thread-1] INFO  server.RaftServerConfigKeys (ConfUtils.java:logGet(46)) - raft.server.rpc.timeout.min = 5s (custom)
2023-01-16 14:41:54,458 [pool-186-thread-1] INFO  server.RaftServerConfigKeys (ConfUtils.java:logGet(46)) - raft.server.rpc.timeout.max = 5200ms (custom)
2023-01-16 14:41:54,458 [pool-186-thread-1] INFO  server.RaftServerConfigKeys (ConfUtils.java:logGet(46)) - raft.server.rpc.sleep.time = 25ms (default)
2023-01-16 14:41:54,458 [pool-186-thread-1] INFO  server.RaftServerConfigKeys (ConfUtils.java:logGet(46)) - raft.server.rpc.slowness.timeout = 300s (custom)
2023-01-16 14:41:54,458 [pool-186-thread-1] INFO  server.RaftServerConfigKeys (ConfUtils.java:logGet(46)) - raft.server.leaderelection.leader.step-down.wait-time = 10s (default)
2023-01-16 14:41:54,458 [pool-186-thread-1] INFO  server.RaftServerConfigKeys (ConfUtils.java:logGet(46)) - raft.server.sleep.deviation.threshold = 300ms (default)
2023-01-16 14:41:54,458 [pool-186-thread-1] INFO  server.RaftServer$Division (ServerState.java:<init>(118)) - aa7a6908-eed5-4cf8-8df5-4bd7779adcda@group-41A4BCDBBC85: ConfigurationManager, init=-1: peers:[a1145108-ddcc-4325-a3dc-9d25daa38a10|rpc:10.1.1.103:33417|dataStream:10.1.1.103:39815|priority:0|startupRole:FOLLOWER, 546a26c7-7703-4678-9acf-4f791a68dfff|rpc:10.1.1.103:38573|dataStream:10.1.1.103:40475|priority:0|startupRole:FOLLOWER, aa7a6908-eed5-4cf8-8df5-4bd7779adcda|rpc:10.1.1.103:46359|dataStream:10.1.1.103:32839|priority:1|startupRole:FOLLOWER]|listeners:[], old=null, confs=<EMPTY_MAP>
2023-01-16 14:41:54,458 [pool-186-thread-1] INFO  server.RaftServerConfigKeys (ConfUtils.java:logGet(46)) - raft.server.storage.dir = [/home/runner/work/ozone/ozone/hadoop-ozone/integration-test/target/test-dir/MiniOzoneClusterImpl-bcd49b6a-245a-4637-b4c9-d6b301a8fda7/datanode-5/data/ratis] (custom)
2023-01-16 14:41:54,458 [pool-186-thread-1] INFO  server.RaftServerConfigKeys (ConfUtils.java:logGet(46)) - raft.server.log.corruption.policy = EXCEPTION (default)
2023-01-16 14:41:54,458 [pool-186-thread-1] INFO  server.RaftServerConfigKeys (ConfUtils.java:logGet(46)) - raft.server.storage.free-space.min = 0MB (=0) (default)
2023-01-16 14:41:54,459 [pool-186-thread-1] INFO  server.RaftServerConfigKeys (ConfUtils.java:logGet(46)) - raft.server.notification.no-leader.timeout = 300s (custom)
2023-01-16 14:41:54,459 [pool-186-thread-1] INFO  server.RaftServerConfigKeys (ConfUtils.java:logGet(46)) - raft.server.retrycache.expirytime = 600000ms (custom)
2023-01-16 14:41:54,459 [pool-186-thread-1] INFO  server.RaftServerConfigKeys (ConfUtils.java:logGet(46)) - raft.server.retrycache.statistics.expirytime = 100μs (default)
2023-01-16 14:41:54,460 [pool-186-thread-1] INFO  server.RaftServerConfigKeys (ConfUtils.java:logGet(46)) - raft.server.log.appender.install.snapshot.enabled = false (custom)
2023-01-16 14:41:54,460 [pool-186-thread-1] INFO  server.RaftServerConfigKeys (ConfUtils.java:logGet(46)) - raft.server.threadpool.server.cached = true (default)
2023-01-16 14:41:54,460 [pool-186-thread-1] INFO  server.RaftServerConfigKeys (ConfUtils.java:logGet(46)) - raft.server.threadpool.server.size = 0 (default)
2023-01-16 14:41:54,460 [pool-186-thread-1] INFO  server.RaftServerConfigKeys (ConfUtils.java:logGet(46)) - raft.server.threadpool.client.cached = true (default)
2023-01-16 14:41:54,460 [pool-186-thread-1] INFO  server.RaftServerConfigKeys (ConfUtils.java:logGet(46)) - raft.server.threadpool.client.size = 0 (default)
2023-01-16 14:41:54,456 [grpc-default-executor-0] INFO  server.RaftServer (RaftServerProxy.java:addNew(96)) - aa7a6908-eed5-4cf8-8df5-4bd7779adcda: addNew group-41A4BCDBBC85:[a1145108-ddcc-4325-a3dc-9d25daa38a10|rpc:10.1.1.103:33417|dataStream:10.1.1.103:39815|priority:0|startupRole:FOLLOWER, 546a26c7-7703-4678-9acf-4f791a68dfff|rpc:10.1.1.103:38573|dataStream:10.1.1.103:40475|priority:0|startupRole:FOLLOWER, aa7a6908-eed5-4cf8-8df5-4bd7779adcda|rpc:10.1.1.103:46359|dataStream:10.1.1.103:32839|priority:1|startupRole:FOLLOWER] returns group-41A4BCDBBC85:java.util.concurrent.CompletableFuture@5798d032[Not completed]
2023-01-16 14:41:54,464 [546a26c7-7703-4678-9acf-4f791a68dfff@group-41A4BCDBBC85-FollowerState] INFO  server.RaftServerConfigKeys (ConfUtils.java:logFallback(53)) - raft.server.rpc.first-election.timeout.max = 5200ms (fallback to raft.server.rpc.timeout.max)
2023-01-16 14:41:54,454 [Command processor thread] INFO  ratis.XceiverServerRatis (XceiverServerRatis.java:addGroup(806)) - Created group PipelineID=7f085c46-837a-4d4b-82af-41a4bcdbbc85
2023-01-16 14:41:54,464 [pool-186-thread-1] INFO  storage.RaftStorageDirectory (RaftStorageDirectoryImpl.java:analyzeStorage(137)) - The storage directory /home/runner/work/ozone/ozone/hadoop-ozone/integration-test/target/test-dir/MiniOzoneClusterImpl-bcd49b6a-245a-4637-b4c9-d6b301a8fda7/datanode-5/data/ratis/7f085c46-837a-4d4b-82af-41a4bcdbbc85 does not exist. Creating ...
2023-01-16 14:41:54,472 [pool-186-thread-1] INFO  storage.RaftStorageDirectory (RaftStorageDirectoryImpl.java:tryLock(231)) - Lock on /home/runner/work/ozone/ozone/hadoop-ozone/integration-test/target/test-dir/MiniOzoneClusterImpl-bcd49b6a-245a-4637-b4c9-d6b301a8fda7/datanode-5/data/ratis/7f085c46-837a-4d4b-82af-41a4bcdbbc85/in_use.lock acquired by nodename 12075@fv-az203-757
2023-01-16 14:41:54,474 [pool-186-thread-1] INFO  storage.RaftStorage (RaftStorageImpl.java:format(96)) - Storage directory /home/runner/work/ozone/ozone/hadoop-ozone/integration-test/target/test-dir/MiniOzoneClusterImpl-bcd49b6a-245a-4637-b4c9-d6b301a8fda7/datanode-5/data/ratis/7f085c46-837a-4d4b-82af-41a4bcdbbc85 has been successfully formatted.
2023-01-16 14:41:54,475 [pool-186-thread-1] INFO  ratis.ContainerStateMachine (ContainerStateMachine.java:loadSnapshot(240)) - group-41A4BCDBBC85: The snapshot info is null. Setting the last applied indexto:(t:0, i:~)
2023-01-16 14:41:54,477 [pool-186-thread-1] INFO  server.RaftServerConfigKeys (ConfUtils.java:logGet(46)) - raft.server.log.use.memory = false (default)
2023-01-16 14:41:54,477 [pool-186-thread-1] INFO  server.RaftServerConfigKeys (ConfUtils.java:logGet(46)) - raft.server.log.purge.gap = 1000000 (custom)
2023-01-16 14:41:54,477 [pool-186-thread-1] INFO  server.RaftServerConfigKeys (ConfUtils.java:logGet(46)) - raft.server.log.appender.buffer.byte-limit = 33554432 (custom)
2023-01-16 14:41:54,477 [pool-186-thread-1] INFO  server.RaftServerConfigKeys (ConfUtils.java:logGet(46)) - raft.server.log.statemachine.data.read.timeout = 1000ms (default)
2023-01-16 14:41:54,477 [pool-186-thread-1] INFO  server.RaftServerConfigKeys (ConfUtils.java:logGet(46)) - raft.server.log.purge.preservation.log.num = 0 (default)
2023-01-16 14:41:54,477 [pool-186-thread-1] INFO  server.RaftServerConfigKeys (ConfUtils.java:logGet(46)) - raft.server.log.segment.size.max = 1048576 (custom)
2023-01-16 14:41:54,477 [pool-186-thread-1] INFO  server.RaftServerConfigKeys (ConfUtils.java:logGet(46)) - raft.server.log.segment.cache.num.max = 2 (custom)
2023-01-16 14:41:54,478 [pool-186-thread-1] INFO  server.RaftServerConfigKeys (ConfUtils.java:logGet(46)) - raft.server.log.segment.cache.size.max = 200MB (=209715200) (default)
2023-01-16 14:41:54,478 [pool-186-thread-1] INFO  segmented.SegmentedRaftLogWorker (SegmentedRaftLogWorker.java:<init>(189)) - new aa7a6908-eed5-4cf8-8df5-4bd7779adcda@group-41A4BCDBBC85-SegmentedRaftLogWorker for RaftStorageImpl:Storage Directory /home/runner/work/ozone/ozone/hadoop-ozone/integration-test/target/test-dir/MiniOzoneClusterImpl-bcd49b6a-245a-4637-b4c9-d6b301a8fda7/datanode-5/data/ratis/7f085c46-837a-4d4b-82af-41a4bcdbbc85
2023-01-16 14:41:54,478 [pool-186-thread-1] INFO  server.RaftServerConfigKeys (ConfUtils.java:logGet(46)) - raft.server.log.queue.byte-limit = 4294967296 (custom)
2023-01-16 14:41:54,478 [pool-186-thread-1] INFO  server.RaftServerConfigKeys (ConfUtils.java:logGet(46)) - raft.server.log.queue.element-limit = 1024 (custom)
2023-01-16 14:41:54,478 [pool-186-thread-1] INFO  server.RaftServerConfigKeys (ConfUtils.java:logGet(46)) - raft.server.log.segment.size.max = 1048576 (custom)
2023-01-16 14:41:54,478 [pool-186-thread-1] INFO  server.RaftServerConfigKeys (ConfUtils.java:logGet(46)) - raft.server.log.preallocated.size = 16384 (custom)
2023-01-16 14:41:54,478 [pool-186-thread-1] INFO  server.RaftServerConfigKeys (ConfUtils.java:logGet(46)) - raft.server.log.force.sync.num = 128 (default)
2023-01-16 14:41:54,478 [pool-186-thread-1] INFO  server.RaftServerConfigKeys (ConfUtils.java:logGet(46)) - raft.server.log.statemachine.data.sync = true (default)
2023-01-16 14:41:54,478 [pool-186-thread-1] INFO  server.RaftServerConfigKeys (ConfUtils.java:logGet(46)) - raft.server.log.statemachine.data.sync.timeout = 10s (default)
2023-01-16 14:41:54,478 [pool-186-thread-1] INFO  server.RaftServerConfigKeys (ConfUtils.java:logGet(46)) - raft.server.log.statemachine.data.sync.timeout.retry = -1 (default)
2023-01-16 14:41:54,479 [pool-186-thread-1] INFO  server.RaftServerConfigKeys (ConfUtils.java:logGet(46)) - raft.server.log.write.buffer.size = 1048576 (custom)
2023-01-16 14:41:54,479 [pool-186-thread-1] INFO  server.RaftServerConfigKeys (ConfUtils.java:logGet(46)) - raft.server.log.appender.buffer.byte-limit = 33554432 (custom)
2023-01-16 14:41:54,487 [pool-186-thread-1] INFO  server.RaftServerConfigKeys (ConfUtils.java:logGet(46)) - raft.server.log.unsafe-flush.enabled = false (default)
2023-01-16 14:41:54,487 [pool-186-thread-1] INFO  server.RaftServerConfigKeys (ConfUtils.java:logGet(46)) - raft.server.log.async-flush.enabled = false (default)
2023-01-16 14:41:54,487 [pool-186-thread-1] INFO  server.RaftServerConfigKeys (ConfUtils.java:logGet(46)) - raft.server.log.statemachine.data.caching.enabled = true (custom)
2023-01-16 14:41:54,487 [pool-186-thread-1] INFO  segmented.SegmentedRaftLogWorker (SegmentedRaftLogWorker.java:lambda$new$0(135)) - aa7a6908-eed5-4cf8-8df5-4bd7779adcda@group-41A4BCDBBC85-SegmentedRaftLogWorker: flushIndex: setUnconditionally 0 -> -1
2023-01-16 14:41:54,487 [pool-186-thread-1] INFO  segmented.SegmentedRaftLogWorker (SegmentedRaftLogWorker.java:lambda$new$0(135)) - aa7a6908-eed5-4cf8-8df5-4bd7779adcda@group-41A4BCDBBC85-SegmentedRaftLogWorker: safeCacheEvictIndex: setUnconditionally 0 -> -1
2023-01-16 14:41:54,491 [pool-186-thread-1] INFO  server.RaftServer$Division (RaftServerImpl.java:start(334)) - aa7a6908-eed5-4cf8-8df5-4bd7779adcda@group-41A4BCDBBC85: start as a follower, conf=-1: peers:[a1145108-ddcc-4325-a3dc-9d25daa38a10|rpc:10.1.1.103:33417|dataStream:10.1.1.103:39815|priority:0|startupRole:FOLLOWER, 546a26c7-7703-4678-9acf-4f791a68dfff|rpc:10.1.1.103:38573|dataStream:10.1.1.103:40475|priority:0|startupRole:FOLLOWER, aa7a6908-eed5-4cf8-8df5-4bd7779adcda|rpc:10.1.1.103:46359|dataStream:10.1.1.103:32839|priority:1|startupRole:FOLLOWER]|listeners:[], old=null
2023-01-16 14:41:54,491 [pool-186-thread-1] INFO  server.RaftServer$Division (RaftServerImpl.java:setRole(321)) - aa7a6908-eed5-4cf8-8df5-4bd7779adcda@group-41A4BCDBBC85: changes role from      null to FOLLOWER at term 0 for startAsFollower
2023-01-16 14:41:54,491 [pool-186-thread-1] INFO  impl.RoleInfo (RoleInfo.java:updateAndGet(139)) - aa7a6908-eed5-4cf8-8df5-4bd7779adcda: start aa7a6908-eed5-4cf8-8df5-4bd7779adcda@group-41A4BCDBBC85-FollowerState
2023-01-16 14:41:54,491 [pool-186-thread-1] INFO  util.JmxRegister (JmxRegister.java:tryRegister(44)) - Successfully registered JMX Bean with object name Ratis:service=RaftServer,group=group-41A4BCDBBC85,id=aa7a6908-eed5-4cf8-8df5-4bd7779adcda
2023-01-16 14:41:54,491 [aa7a6908-eed5-4cf8-8df5-4bd7779adcda@group-41A4BCDBBC85-FollowerState] INFO  server.RaftServerConfigKeys (ConfUtils.java:logFallback(53)) - raft.server.rpc.first-election.timeout.min = 5s (fallback to raft.server.rpc.timeout.min)
2023-01-16 14:41:54,499 [pool-186-thread-1] INFO  server.RaftServerConfigKeys (ConfUtils.java:logGet(46)) - raft.server.snapshot.auto.trigger.enabled = true (custom)
2023-01-16 14:41:54,500 [pool-186-thread-1] INFO  server.RaftServerConfigKeys (ConfUtils.java:logGet(46)) - raft.server.snapshot.auto.trigger.threshold = 10000 (custom)
2023-01-16 14:41:54,500 [pool-186-thread-1] INFO  server.RaftServerConfigKeys (ConfUtils.java:logGet(46)) - raft.server.snapshot.retention.file.num = 5 (custom)
2023-01-16 14:41:54,500 [pool-186-thread-1] INFO  server.RaftServerConfigKeys (ConfUtils.java:logGet(46)) - raft.server.log.purge.upto.snapshot.index = false (default)
2023-01-16 14:41:54,500 [aa7a6908-eed5-4cf8-8df5-4bd7779adcda@group-41A4BCDBBC85-FollowerState] INFO  server.RaftServerConfigKeys (ConfUtils.java:logFallback(53)) - raft.server.rpc.first-election.timeout.max = 5200ms (fallback to raft.server.rpc.timeout.max)
2023-01-16 14:41:54,518 [Command processor thread] INFO  commandhandler.CreatePipelineCommandHandler (CreatePipelineCommandHandler.java:handle(113)) - Created Pipeline RATIS THREE PipelineID=7f085c46-837a-4d4b-82af-41a4bcdbbc85.
2023-01-16 14:41:54,548 [Command processor thread] INFO  commandhandler.CreatePipelineCommandHandler (CreatePipelineCommandHandler.java:handle(113)) - Created Pipeline RATIS THREE PipelineID=7f085c46-837a-4d4b-82af-41a4bcdbbc85.
2023-01-16 14:41:54,677 [Command processor thread] INFO  server.RaftServer (RaftServerProxy.java:addNew(96)) - aa7a6908-eed5-4cf8-8df5-4bd7779adcda: addNew group-7101BF1F0C40:[aa7a6908-eed5-4cf8-8df5-4bd7779adcda|rpc:10.1.1.103:46359|dataStream:10.1.1.103:32839|priority:1|startupRole:FOLLOWER] returns group-7101BF1F0C40:java.util.concurrent.CompletableFuture@3da45d00[Not completed]
2023-01-16 14:41:54,678 [pool-186-thread-1] INFO  server.RaftServer$Division (RaftServerImpl.java:<init>(195)) - aa7a6908-eed5-4cf8-8df5-4bd7779adcda: new RaftServerImpl for group-7101BF1F0C40:[aa7a6908-eed5-4cf8-8df5-4bd7779adcda|rpc:10.1.1.103:46359|dataStream:10.1.1.103:32839|priority:1|startupRole:FOLLOWER] with ContainerStateMachine:uninitialized
2023-01-16 14:41:54,678 [pool-186-thread-1] INFO  server.RaftServerConfigKeys (ConfUtils.java:logGet(46)) - raft.server.rpc.timeout.min = 5s (custom)
2023-01-16 14:41:54,678 [pool-186-thread-1] INFO  server.RaftServerConfigKeys (ConfUtils.java:logGet(46)) - raft.server.rpc.timeout.max = 5200ms (custom)
2023-01-16 14:41:54,678 [pool-186-thread-1] INFO  server.RaftServerConfigKeys (ConfUtils.java:logGet(46)) - raft.server.rpc.sleep.time = 25ms (default)
2023-01-16 14:41:54,678 [pool-186-thread-1] INFO  server.RaftServerConfigKeys (ConfUtils.java:logGet(46)) - raft.server.rpc.slowness.timeout = 300s (custom)
2023-01-16 14:41:54,678 [pool-186-thread-1] INFO  server.RaftServerConfigKeys (ConfUtils.java:logGet(46)) - raft.server.leaderelection.leader.step-down.wait-time = 10s (default)
2023-01-16 14:41:54,678 [pool-186-thread-1] INFO  server.RaftServerConfigKeys (ConfUtils.java:logGet(46)) - raft.server.sleep.deviation.threshold = 300ms (default)
2023-01-16 14:41:54,678 [pool-186-thread-1] INFO  server.RaftServer$Division (ServerState.java:<init>(118)) - aa7a6908-eed5-4cf8-8df5-4bd7779adcda@group-7101BF1F0C40: ConfigurationManager, init=-1: peers:[aa7a6908-eed5-4cf8-8df5-4bd7779adcda|rpc:10.1.1.103:46359|dataStream:10.1.1.103:32839|priority:1|startupRole:FOLLOWER]|listeners:[], old=null, confs=<EMPTY_MAP>
2023-01-16 14:41:54,679 [pool-186-thread-1] INFO  server.RaftServerConfigKeys (ConfUtils.java:logGet(46)) - raft.server.storage.dir = [/home/runner/work/ozone/ozone/hadoop-ozone/integration-test/target/test-dir/MiniOzoneClusterImpl-bcd49b6a-245a-4637-b4c9-d6b301a8fda7/datanode-5/data/ratis] (custom)
2023-01-16 14:41:54,679 [pool-186-thread-1] INFO  server.RaftServerConfigKeys (ConfUtils.java:logGet(46)) - raft.server.log.corruption.policy = EXCEPTION (default)
2023-01-16 14:41:54,679 [pool-186-thread-1] INFO  server.RaftServerConfigKeys (ConfUtils.java:logGet(46)) - raft.server.storage.free-space.min = 0MB (=0) (default)
2023-01-16 14:41:54,679 [pool-186-thread-1] INFO  server.RaftServerConfigKeys (ConfUtils.java:logGet(46)) - raft.server.notification.no-leader.timeout = 300s (custom)
2023-01-16 14:41:54,679 [pool-186-thread-1] INFO  server.RaftServerConfigKeys (ConfUtils.java:logGet(46)) - raft.server.retrycache.expirytime = 600000ms (custom)
2023-01-16 14:41:54,679 [pool-186-thread-1] INFO  server.RaftServerConfigKeys (ConfUtils.java:logGet(46)) - raft.server.retrycache.statistics.expirytime = 100μs (default)
2023-01-16 14:41:54,680 [pool-186-thread-1] INFO  server.RaftServerConfigKeys (ConfUtils.java:logGet(46)) - raft.server.log.appender.install.snapshot.enabled = false (custom)
2023-01-16 14:41:54,680 [pool-186-thread-1] INFO  server.RaftServerConfigKeys (ConfUtils.java:logGet(46)) - raft.server.threadpool.server.cached = true (default)
2023-01-16 14:41:54,680 [pool-186-thread-1] INFO  server.RaftServerConfigKeys (ConfUtils.java:logGet(46)) - raft.server.threadpool.server.size = 0 (default)
2023-01-16 14:41:54,680 [pool-186-thread-1] INFO  server.RaftServerConfigKeys (ConfUtils.java:logGet(46)) - raft.server.threadpool.client.cached = true (default)
2023-01-16 14:41:54,681 [pool-186-thread-1] INFO  server.RaftServerConfigKeys (ConfUtils.java:logGet(46)) - raft.server.threadpool.client.size = 0 (default)
2023-01-16 14:41:54,681 [pool-186-thread-1] INFO  storage.RaftStorageDirectory (RaftStorageDirectoryImpl.java:analyzeStorage(137)) - The storage directory /home/runner/work/ozone/ozone/hadoop-ozone/integration-test/target/test-dir/MiniOzoneClusterImpl-bcd49b6a-245a-4637-b4c9-d6b301a8fda7/datanode-5/data/ratis/ef5c6a5d-ba88-4bc1-8fde-7101bf1f0c40 does not exist. Creating ...
2023-01-16 14:41:54,682 [Listener at 127.0.0.1/36907] INFO  ozone.MiniOzoneClusterImpl (MiniOzoneClusterImpl.java:lambda$waitForClusterToBeReady$0(218)) - Nodes are ready. Got 6 of 6 DN Heartbeats.
2023-01-16 14:41:54,682 [Listener at 127.0.0.1/36907] INFO  ozone.MiniOzoneClusterImpl (MiniOzoneClusterImpl.java:lambda$waitForClusterToBeReady$0(221)) - Waiting for cluster to exit safe mode
2023-01-16 14:41:54,682 [Listener at 127.0.0.1/36907] INFO  ozone.MiniOzoneClusterImpl (MiniOzoneClusterImpl.java:lambda$waitForClusterToBeReady$0(223)) - SCM became leader
2023-01-16 14:41:54,682 [pool-186-thread-1] INFO  storage.RaftStorageDirectory (RaftStorageDirectoryImpl.java:tryLock(231)) - Lock on /home/runner/work/ozone/ozone/hadoop-ozone/integration-test/target/test-dir/MiniOzoneClusterImpl-bcd49b6a-245a-4637-b4c9-d6b301a8fda7/datanode-5/data/ratis/ef5c6a5d-ba88-4bc1-8fde-7101bf1f0c40/in_use.lock acquired by nodename 12075@fv-az203-757
2023-01-16 14:41:54,684 [pool-186-thread-1] INFO  storage.RaftStorage (RaftStorageImpl.java:format(96)) - Storage directory /home/runner/work/ozone/ozone/hadoop-ozone/integration-test/target/test-dir/MiniOzoneClusterImpl-bcd49b6a-245a-4637-b4c9-d6b301a8fda7/datanode-5/data/ratis/ef5c6a5d-ba88-4bc1-8fde-7101bf1f0c40 has been successfully formatted.
2023-01-16 14:41:54,685 [pool-186-thread-1] INFO  ratis.ContainerStateMachine (ContainerStateMachine.java:loadSnapshot(240)) - group-7101BF1F0C40: The snapshot info is null. Setting the last applied indexto:(t:0, i:~)
2023-01-16 14:41:54,685 [pool-186-thread-1] INFO  server.RaftServerConfigKeys (ConfUtils.java:logGet(46)) - raft.server.log.use.memory = false (default)
2023-01-16 14:41:54,685 [pool-186-thread-1] INFO  server.RaftServerConfigKeys (ConfUtils.java:logGet(46)) - raft.server.log.purge.gap = 1000000 (custom)
2023-01-16 14:41:54,685 [pool-186-thread-1] INFO  server.RaftServerConfigKeys (ConfUtils.java:logGet(46)) - raft.server.log.appender.buffer.byte-limit = 33554432 (custom)
2023-01-16 14:41:54,685 [pool-186-thread-1] INFO  server.RaftServerConfigKeys (ConfUtils.java:logGet(46)) - raft.server.log.statemachine.data.read.timeout = 1000ms (default)
2023-01-16 14:41:54,685 [pool-186-thread-1] INFO  server.RaftServerConfigKeys (ConfUtils.java:logGet(46)) - raft.server.log.purge.preservation.log.num = 0 (default)
2023-01-16 14:41:54,688 [EventQueue-PipelineReportForPipelineReportHandler] INFO  pipeline.PipelineManagerImpl (PipelineManagerImpl.java:openPipeline(367)) - Pipeline Pipeline[ Id: ef5c6a5d-ba88-4bc1-8fde-7101bf1f0c40, Nodes: aa7a6908-eed5-4cf8-8df5-4bd7779adcda(fv-az203-757.ild0l4k5vsluppoevu2oqvhmda.cx.internal.cloudapp.net/10.1.1.103), ReplicationConfig: RATIS/ONE, State:ALLOCATED, leaderId:aa7a6908-eed5-4cf8-8df5-4bd7779adcda, CreationTimestamp2023-01-16T14:41:51.681Z[Etc/UTC]] moved to OPEN state
2023-01-16 14:41:54,689 [pool-186-thread-1] INFO  server.RaftServerConfigKeys (ConfUtils.java:logGet(46)) - raft.server.log.segment.size.max = 1048576 (custom)
2023-01-16 14:41:54,689 [EventQueue-OpenPipelineForHealthyPipelineSafeModeRule] INFO  safemode.SCMSafeModeManager (HealthyPipelineSafeModeRule.java:process(137)) - SCM in safe mode. Healthy pipelines reported count is 0, required healthy pipeline reported count is 1
2023-01-16 14:41:54,689 [pool-186-thread-1] INFO  server.RaftServerConfigKeys (ConfUtils.java:logGet(46)) - raft.server.log.segment.cache.num.max = 2 (custom)
2023-01-16 14:41:54,689 [pool-186-thread-1] INFO  server.RaftServerConfigKeys (ConfUtils.java:logGet(46)) - raft.server.log.segment.cache.size.max = 200MB (=209715200) (default)
2023-01-16 14:41:54,689 [pool-186-thread-1] INFO  segmented.SegmentedRaftLogWorker (SegmentedRaftLogWorker.java:<init>(189)) - new aa7a6908-eed5-4cf8-8df5-4bd7779adcda@group-7101BF1F0C40-SegmentedRaftLogWorker for RaftStorageImpl:Storage Directory /home/runner/work/ozone/ozone/hadoop-ozone/integration-test/target/test-dir/MiniOzoneClusterImpl-bcd49b6a-245a-4637-b4c9-d6b301a8fda7/datanode-5/data/ratis/ef5c6a5d-ba88-4bc1-8fde-7101bf1f0c40
2023-01-16 14:41:54,689 [pool-186-thread-1] INFO  server.RaftServerConfigKeys (ConfUtils.java:logGet(46)) - raft.server.log.queue.byte-limit = 4294967296 (custom)
2023-01-16 14:41:54,689 [pool-186-thread-1] INFO  server.RaftServerConfigKeys (ConfUtils.java:logGet(46)) - raft.server.log.queue.element-limit = 1024 (custom)
2023-01-16 14:41:54,689 [pool-186-thread-1] INFO  server.RaftServerConfigKeys (ConfUtils.java:logGet(46)) - raft.server.log.segment.size.max = 1048576 (custom)
2023-01-16 14:41:54,689 [pool-186-thread-1] INFO  server.RaftServerConfigKeys (ConfUtils.java:logGet(46)) - raft.server.log.preallocated.size = 16384 (custom)
2023-01-16 14:41:54,690 [pool-186-thread-1] INFO  server.RaftServerConfigKeys (ConfUtils.java:logGet(46)) - raft.server.log.force.sync.num = 128 (default)
2023-01-16 14:41:54,690 [pool-186-thread-1] INFO  server.RaftServerConfigKeys (ConfUtils.java:logGet(46)) - raft.server.log.statemachine.data.sync = true (default)
2023-01-16 14:41:54,690 [pool-186-thread-1] INFO  server.RaftServerConfigKeys (ConfUtils.java:logGet(46)) - raft.server.log.statemachine.data.sync.timeout = 10s (default)
2023-01-16 14:41:54,690 [pool-186-thread-1] INFO  server.RaftServerConfigKeys (ConfUtils.java:logGet(46)) - raft.server.log.statemachine.data.sync.timeout.retry = -1 (default)
2023-01-16 14:41:54,690 [pool-186-thread-1] INFO  server.RaftServerConfigKeys (ConfUtils.java:logGet(46)) - raft.server.log.write.buffer.size = 1048576 (custom)
2023-01-16 14:41:54,692 [pool-186-thread-1] INFO  server.RaftServerConfigKeys (ConfUtils.java:logGet(46)) - raft.server.log.appender.buffer.byte-limit = 33554432 (custom)
2023-01-16 14:41:54,699 [pool-186-thread-1] INFO  server.RaftServerConfigKeys (ConfUtils.java:logGet(46)) - raft.server.log.unsafe-flush.enabled = false (default)
2023-01-16 14:41:54,699 [pool-186-thread-1] INFO  server.RaftServerConfigKeys (ConfUtils.java:logGet(46)) - raft.server.log.async-flush.enabled = false (default)
2023-01-16 14:41:54,699 [pool-186-thread-1] INFO  server.RaftServerConfigKeys (ConfUtils.java:logGet(46)) - raft.server.log.statemachine.data.caching.enabled = true (custom)
2023-01-16 14:41:54,700 [pool-186-thread-1] INFO  segmented.SegmentedRaftLogWorker (SegmentedRaftLogWorker.java:lambda$new$0(135)) - aa7a6908-eed5-4cf8-8df5-4bd7779adcda@group-7101BF1F0C40-SegmentedRaftLogWorker: flushIndex: setUnconditionally 0 -> -1
2023-01-16 14:41:54,700 [pool-186-thread-1] INFO  segmented.SegmentedRaftLogWorker (SegmentedRaftLogWorker.java:lambda$new$0(135)) - aa7a6908-eed5-4cf8-8df5-4bd7779adcda@group-7101BF1F0C40-SegmentedRaftLogWorker: safeCacheEvictIndex: setUnconditionally 0 -> -1
2023-01-16 14:41:54,701 [pool-186-thread-1] INFO  server.RaftServer$Division (RaftServerImpl.java:start(334)) - aa7a6908-eed5-4cf8-8df5-4bd7779adcda@group-7101BF1F0C40: start as a follower, conf=-1: peers:[aa7a6908-eed5-4cf8-8df5-4bd7779adcda|rpc:10.1.1.103:46359|dataStream:10.1.1.103:32839|priority:1|startupRole:FOLLOWER]|listeners:[], old=null
2023-01-16 14:41:54,701 [pool-186-thread-1] INFO  server.RaftServer$Division (RaftServerImpl.java:setRole(321)) - aa7a6908-eed5-4cf8-8df5-4bd7779adcda@group-7101BF1F0C40: changes role from      null to FOLLOWER at term 0 for startAsFollower
2023-01-16 14:41:54,701 [pool-186-thread-1] INFO  impl.RoleInfo (RoleInfo.java:updateAndGet(139)) - aa7a6908-eed5-4cf8-8df5-4bd7779adcda: start aa7a6908-eed5-4cf8-8df5-4bd7779adcda@group-7101BF1F0C40-FollowerState
2023-01-16 14:41:54,701 [pool-186-thread-1] INFO  util.JmxRegister (JmxRegister.java:tryRegister(44)) - Successfully registered JMX Bean with object name Ratis:service=RaftServer,group=group-7101BF1F0C40,id=aa7a6908-eed5-4cf8-8df5-4bd7779adcda
2023-01-16 14:41:54,701 [pool-186-thread-1] INFO  server.RaftServerConfigKeys (ConfUtils.java:logGet(46)) - raft.server.snapshot.auto.trigger.enabled = true (custom)
2023-01-16 14:41:54,701 [pool-186-thread-1] INFO  server.RaftServerConfigKeys (ConfUtils.java:logGet(46)) - raft.server.snapshot.auto.trigger.threshold = 10000 (custom)
2023-01-16 14:41:54,701 [pool-186-thread-1] INFO  server.RaftServerConfigKeys (ConfUtils.java:logGet(46)) - raft.server.snapshot.retention.file.num = 5 (custom)
2023-01-16 14:41:54,701 [pool-186-thread-1] INFO  server.RaftServerConfigKeys (ConfUtils.java:logGet(46)) - raft.server.log.purge.upto.snapshot.index = false (default)
2023-01-16 14:41:54,702 [aa7a6908-eed5-4cf8-8df5-4bd7779adcda@group-7101BF1F0C40-FollowerState] INFO  server.RaftServerConfigKeys (ConfUtils.java:logFallback(53)) - raft.server.rpc.first-election.timeout.min = 5s (fallback to raft.server.rpc.timeout.min)
2023-01-16 14:41:54,702 [Command processor thread] INFO  ratis.XceiverServerRatis (XceiverServerRatis.java:addGroup(806)) - Created group PipelineID=ef5c6a5d-ba88-4bc1-8fde-7101bf1f0c40
2023-01-16 14:41:54,702 [Command processor thread] INFO  commandhandler.CreatePipelineCommandHandler (CreatePipelineCommandHandler.java:handle(113)) - Created Pipeline RATIS ONE PipelineID=ef5c6a5d-ba88-4bc1-8fde-7101bf1f0c40.
2023-01-16 14:41:54,702 [aa7a6908-eed5-4cf8-8df5-4bd7779adcda@group-7101BF1F0C40-FollowerState] INFO  server.RaftServerConfigKeys (ConfUtils.java:logFallback(53)) - raft.server.rpc.first-election.timeout.max = 5200ms (fallback to raft.server.rpc.timeout.max)
2023-01-16 14:41:55,683 [Listener at 127.0.0.1/36907] INFO  ozone.MiniOzoneClusterImpl (MiniOzoneClusterImpl.java:lambda$waitForClusterToBeReady$0(218)) - Nodes are ready. Got 6 of 6 DN Heartbeats.
2023-01-16 14:41:55,683 [Listener at 127.0.0.1/36907] INFO  ozone.MiniOzoneClusterImpl (MiniOzoneClusterImpl.java:lambda$waitForClusterToBeReady$0(221)) - Waiting for cluster to exit safe mode
2023-01-16 14:41:55,683 [Listener at 127.0.0.1/36907] INFO  ozone.MiniOzoneClusterImpl (MiniOzoneClusterImpl.java:lambda$waitForClusterToBeReady$0(223)) - SCM became leader
2023-01-16 14:41:56,683 [Listener at 127.0.0.1/36907] INFO  ozone.MiniOzoneClusterImpl (MiniOzoneClusterImpl.java:lambda$waitForClusterToBeReady$0(218)) - Nodes are ready. Got 6 of 6 DN Heartbeats.
2023-01-16 14:41:56,684 [Listener at 127.0.0.1/36907] INFO  ozone.MiniOzoneClusterImpl (MiniOzoneClusterImpl.java:lambda$waitForClusterToBeReady$0(221)) - Waiting for cluster to exit safe mode
2023-01-16 14:41:56,684 [Listener at 127.0.0.1/36907] INFO  ozone.MiniOzoneClusterImpl (MiniOzoneClusterImpl.java:lambda$waitForClusterToBeReady$0(223)) - SCM became leader
2023-01-16 14:41:57,684 [Listener at 127.0.0.1/36907] INFO  ozone.MiniOzoneClusterImpl (MiniOzoneClusterImpl.java:lambda$waitForClusterToBeReady$0(218)) - Nodes are ready. Got 6 of 6 DN Heartbeats.
2023-01-16 14:41:57,685 [Listener at 127.0.0.1/36907] INFO  ozone.MiniOzoneClusterImpl (MiniOzoneClusterImpl.java:lambda$waitForClusterToBeReady$0(221)) - Waiting for cluster to exit safe mode
2023-01-16 14:41:57,685 [Listener at 127.0.0.1/36907] INFO  ozone.MiniOzoneClusterImpl (MiniOzoneClusterImpl.java:lambda$waitForClusterToBeReady$0(223)) - SCM became leader
2023-01-16 14:41:58,033 [16b0a967-ef5a-4382-99c2-95b744fea4a1@group-8FD4D6844CC9-FollowerState] INFO  impl.FollowerState (FollowerState.java:run(143)) - 16b0a967-ef5a-4382-99c2-95b744fea4a1@group-8FD4D6844CC9-FollowerState: change to CANDIDATE, lastRpcElapsedTime:5182150837ns, electionTimeout:5176ms
2023-01-16 14:41:58,033 [16b0a967-ef5a-4382-99c2-95b744fea4a1@group-8FD4D6844CC9-FollowerState] INFO  impl.RoleInfo (RoleInfo.java:shutdownFollowerState(110)) - 16b0a967-ef5a-4382-99c2-95b744fea4a1: shutdown 16b0a967-ef5a-4382-99c2-95b744fea4a1@group-8FD4D6844CC9-FollowerState
2023-01-16 14:41:58,034 [16b0a967-ef5a-4382-99c2-95b744fea4a1@group-8FD4D6844CC9-FollowerState] INFO  server.RaftServer$Division (RaftServerImpl.java:setRole(321)) - 16b0a967-ef5a-4382-99c2-95b744fea4a1@group-8FD4D6844CC9: changes role from  FOLLOWER to CANDIDATE at term 0 for changeToCandidate
2023-01-16 14:41:58,035 [16b0a967-ef5a-4382-99c2-95b744fea4a1@group-8FD4D6844CC9-FollowerState] INFO  server.RaftServerConfigKeys (ConfUtils.java:logGet(46)) - raft.server.leaderelection.pre-vote = false (custom)
2023-01-16 14:41:58,035 [16b0a967-ef5a-4382-99c2-95b744fea4a1@group-8FD4D6844CC9-FollowerState] INFO  impl.RoleInfo (RoleInfo.java:updateAndGet(139)) - 16b0a967-ef5a-4382-99c2-95b744fea4a1: start 16b0a967-ef5a-4382-99c2-95b744fea4a1@group-8FD4D6844CC9-LeaderElection2
2023-01-16 14:41:58,038 [16b0a967-ef5a-4382-99c2-95b744fea4a1@group-8FD4D6844CC9-LeaderElection2] INFO  impl.LeaderElection (LeaderElection.java:askForVotes(312)) - 16b0a967-ef5a-4382-99c2-95b744fea4a1@group-8FD4D6844CC9-LeaderElection2 ELECTION round 0: submit vote requests at term 1 for -1: peers:[16b0a967-ef5a-4382-99c2-95b744fea4a1|rpc:10.1.1.103:46459|dataStream:10.1.1.103:44335|priority:1|startupRole:FOLLOWER]|listeners:[], old=null
2023-01-16 14:41:58,039 [16b0a967-ef5a-4382-99c2-95b744fea4a1@group-8FD4D6844CC9-LeaderElection2] INFO  impl.LeaderElection (LeaderElection.java:askForVotes(314)) - 16b0a967-ef5a-4382-99c2-95b744fea4a1@group-8FD4D6844CC9-LeaderElection2 ELECTION round 0: result PASSED (term=1)
2023-01-16 14:41:58,039 [16b0a967-ef5a-4382-99c2-95b744fea4a1@group-8FD4D6844CC9-LeaderElection2] INFO  impl.RoleInfo (RoleInfo.java:shutdownLeaderElection(130)) - 16b0a967-ef5a-4382-99c2-95b744fea4a1: shutdown 16b0a967-ef5a-4382-99c2-95b744fea4a1@group-8FD4D6844CC9-LeaderElection2
2023-01-16 14:41:58,039 [16b0a967-ef5a-4382-99c2-95b744fea4a1@group-8FD4D6844CC9-LeaderElection2] INFO  server.RaftServer$Division (RaftServerImpl.java:setRole(321)) - 16b0a967-ef5a-4382-99c2-95b744fea4a1@group-8FD4D6844CC9: changes role from CANDIDATE to LEADER at term 1 for changeToLeader
2023-01-16 14:41:58,039 [16b0a967-ef5a-4382-99c2-95b744fea4a1@group-8FD4D6844CC9-LeaderElection2] INFO  ratis.XceiverServerRatis (XceiverServerRatis.java:handleLeaderChangedNotification(904)) - Leader change notification received for group: group-8FD4D6844CC9 with new leaderId: 16b0a967-ef5a-4382-99c2-95b744fea4a1
2023-01-16 14:41:58,039 [16b0a967-ef5a-4382-99c2-95b744fea4a1@group-8FD4D6844CC9-LeaderElection2] INFO  server.RaftServer$Division (ServerState.java:setLeader(313)) - 16b0a967-ef5a-4382-99c2-95b744fea4a1@group-8FD4D6844CC9: change Leader from null to 16b0a967-ef5a-4382-99c2-95b744fea4a1 at term 1 for becomeLeader, leader elected after 5271ms
2023-01-16 14:41:58,039 [16b0a967-ef5a-4382-99c2-95b744fea4a1@group-8FD4D6844CC9-LeaderElection2] INFO  server.RaftServerConfigKeys (ConfUtils.java:logGet(46)) - raft.server.staging.catchup.gap = 1000 (default)
2023-01-16 14:41:58,040 [16b0a967-ef5a-4382-99c2-95b744fea4a1@group-8FD4D6844CC9-LeaderElection2] INFO  server.RaftServerConfigKeys (ConfUtils.java:logGet(46)) - raft.server.write.element-limit = 1024 (custom)
2023-01-16 14:41:58,040 [16b0a967-ef5a-4382-99c2-95b744fea4a1@group-8FD4D6844CC9-LeaderElection2] INFO  server.RaftServerConfigKeys (ConfUtils.java:logGet(46)) - raft.server.write.byte-limit = 1024 M (=1073741824) (custom)
2023-01-16 14:41:58,040 [16b0a967-ef5a-4382-99c2-95b744fea4a1@group-8FD4D6844CC9-LeaderElection2] INFO  server.RaftServerConfigKeys (ConfUtils.java:logGet(46)) - raft.server.watch.timeout = 180s (custom)
2023-01-16 14:41:58,040 [16b0a967-ef5a-4382-99c2-95b744fea4a1@group-8FD4D6844CC9-LeaderElection2] INFO  server.RaftServerConfigKeys (ConfUtils.java:logGet(46)) - raft.server.watch.timeout.denomination = 1s (default)
2023-01-16 14:41:58,040 [16b0a967-ef5a-4382-99c2-95b744fea4a1@group-8FD4D6844CC9-LeaderElection2] INFO  server.RaftServerConfigKeys (ConfUtils.java:logGet(46)) - raft.server.watch.element-limit = 65536 (default)
2023-01-16 14:41:58,040 [16b0a967-ef5a-4382-99c2-95b744fea4a1@group-8FD4D6844CC9-LeaderElection2] INFO  server.RaftServerConfigKeys (ConfUtils.java:logGet(46)) - raft.server.write.element-limit = 1024 (custom)
2023-01-16 14:41:58,040 [16b0a967-ef5a-4382-99c2-95b744fea4a1@group-8FD4D6844CC9-LeaderElection2] INFO  server.RaftServerConfigKeys (ConfUtils.java:logGet(46)) - raft.server.write.follower.gap.ratio.max = -1.0 (default)
2023-01-16 14:41:58,041 [16b0a967-ef5a-4382-99c2-95b744fea4a1@group-8FD4D6844CC9-LeaderElection2] INFO  impl.RoleInfo (RoleInfo.java:updateAndGet(139)) - 16b0a967-ef5a-4382-99c2-95b744fea4a1: start 16b0a967-ef5a-4382-99c2-95b744fea4a1@group-8FD4D6844CC9-LeaderStateImpl
2023-01-16 14:41:58,041 [16b0a967-ef5a-4382-99c2-95b744fea4a1@group-8FD4D6844CC9-LeaderElection2] INFO  segmented.SegmentedRaftLogWorker (SegmentedRaftLogWorker.java:startLogSegment(452)) - 16b0a967-ef5a-4382-99c2-95b744fea4a1@group-8FD4D6844CC9-SegmentedRaftLogWorker: Starting segment from index:0
2023-01-16 14:41:58,042 [EventQueue-OpenPipelineForHealthyPipelineSafeModeRule] INFO  safemode.SCMSafeModeManager (HealthyPipelineSafeModeRule.java:process(137)) - SCM in safe mode. Healthy pipelines reported count is 0, required healthy pipeline reported count is 1
2023-01-16 14:41:58,042 [16b0a967-ef5a-4382-99c2-95b744fea4a1@group-8FD4D6844CC9-SegmentedRaftLogWorker] INFO  segmented.SegmentedRaftLogWorker (SegmentedRaftLogWorker.java:execute(656)) - 16b0a967-ef5a-4382-99c2-95b744fea4a1@group-8FD4D6844CC9-SegmentedRaftLogWorker: created new log segment /home/runner/work/ozone/ozone/hadoop-ozone/integration-test/target/test-dir/MiniOzoneClusterImpl-bcd49b6a-245a-4637-b4c9-d6b301a8fda7/datanode-0/data/ratis/a2d9a643-2f18-49d1-b22b-8fd4d6844cc9/current/log_inprogress_0
2023-01-16 14:41:58,048 [16b0a967-ef5a-4382-99c2-95b744fea4a1@group-8FD4D6844CC9-LeaderElection2] INFO  server.RaftServer$Division (ServerState.java:setRaftConf(430)) - 16b0a967-ef5a-4382-99c2-95b744fea4a1@group-8FD4D6844CC9: set configuration 0: peers:[16b0a967-ef5a-4382-99c2-95b744fea4a1|rpc:10.1.1.103:46459|dataStream:10.1.1.103:44335|priority:1|startupRole:FOLLOWER]|listeners:[], old=null
2023-01-16 14:41:58,050 [16b0a967-ef5a-4382-99c2-95b744fea4a1@group-5C0AAADC159B-FollowerState] INFO  impl.FollowerState (FollowerState.java:run(143)) - 16b0a967-ef5a-4382-99c2-95b744fea4a1@group-5C0AAADC159B-FollowerState: change to CANDIDATE, lastRpcElapsedTime:5156246251ns, electionTimeout:5153ms
2023-01-16 14:41:58,051 [16b0a967-ef5a-4382-99c2-95b744fea4a1@group-5C0AAADC159B-FollowerState] INFO  impl.RoleInfo (RoleInfo.java:shutdownFollowerState(110)) - 16b0a967-ef5a-4382-99c2-95b744fea4a1: shutdown 16b0a967-ef5a-4382-99c2-95b744fea4a1@group-5C0AAADC159B-FollowerState
2023-01-16 14:41:58,051 [16b0a967-ef5a-4382-99c2-95b744fea4a1@group-5C0AAADC159B-FollowerState] INFO  server.RaftServer$Division (RaftServerImpl.java:setRole(321)) - 16b0a967-ef5a-4382-99c2-95b744fea4a1@group-5C0AAADC159B: changes role from  FOLLOWER to CANDIDATE at term 0 for changeToCandidate
2023-01-16 14:41:58,051 [16b0a967-ef5a-4382-99c2-95b744fea4a1@group-5C0AAADC159B-FollowerState] INFO  server.RaftServerConfigKeys (ConfUtils.java:logGet(46)) - raft.server.leaderelection.pre-vote = false (custom)
2023-01-16 14:41:58,051 [16b0a967-ef5a-4382-99c2-95b744fea4a1@group-5C0AAADC159B-FollowerState] INFO  impl.RoleInfo (RoleInfo.java:updateAndGet(139)) - 16b0a967-ef5a-4382-99c2-95b744fea4a1: start 16b0a967-ef5a-4382-99c2-95b744fea4a1@group-5C0AAADC159B-LeaderElection3
2023-01-16 14:41:58,054 [16b0a967-ef5a-4382-99c2-95b744fea4a1@group-5C0AAADC159B-LeaderElection3] INFO  impl.LeaderElection (LeaderElection.java:askForVotes(312)) - 16b0a967-ef5a-4382-99c2-95b744fea4a1@group-5C0AAADC159B-LeaderElection3 ELECTION round 0: submit vote requests at term 1 for -1: peers:[f3cb6aab-e792-43b9-8109-2d5521605a5b|rpc:10.1.1.103:38739|dataStream:10.1.1.103:37539|priority:0|startupRole:FOLLOWER, 16b0a967-ef5a-4382-99c2-95b744fea4a1|rpc:10.1.1.103:46459|dataStream:10.1.1.103:44335|priority:1|startupRole:FOLLOWER, d8f5a1f3-e512-499d-ae8e-3cd02accfea1|rpc:10.1.1.103:43661|dataStream:10.1.1.103:39865|priority:0|startupRole:FOLLOWER]|listeners:[], old=null
2023-01-16 14:41:58,061 [16b0a967-ef5a-4382-99c2-95b744fea4a1@group-5C0AAADC159B-LeaderElection3] INFO  server.RaftServerConfigKeys (ConfUtils.java:logFallback(53)) - raft.server.rpc.first-election.timeout.min = 5s (fallback to raft.server.rpc.timeout.min)
2023-01-16 14:41:58,061 [16b0a967-ef5a-4382-99c2-95b744fea4a1@group-5C0AAADC159B-LeaderElection3] INFO  server.RaftServerConfigKeys (ConfUtils.java:logFallback(53)) - raft.server.rpc.first-election.timeout.max = 5200ms (fallback to raft.server.rpc.timeout.max)
2023-01-16 14:41:58,061 [16b0a967-ef5a-4382-99c2-95b744fea4a1@group-5C0AAADC159B-LeaderElection3-1] INFO  server.GrpcServerProtocolClient (GrpcServerProtocolClient.java:<init>(63)) - Build channel for f3cb6aab-e792-43b9-8109-2d5521605a5b
2023-01-16 14:41:58,063 [16b0a967-ef5a-4382-99c2-95b744fea4a1@group-5C0AAADC159B-LeaderElection3-2] INFO  server.GrpcServerProtocolClient (GrpcServerProtocolClient.java:<init>(63)) - Build channel for d8f5a1f3-e512-499d-ae8e-3cd02accfea1
2023-01-16 14:41:58,406 [JvmPauseMonitor3] WARN  util.JvmPauseMonitor (JvmPauseMonitor.java:detectPause(126)) - JvmPauseMonitor-d8f5a1f3-e512-499d-ae8e-3cd02accfea1: Detected pause in JVM or host machine (eg GC): pause of approximately 213718601ns.
GC pool 'PS MarkSweep' had collection(s): count=1 time=207ms
GC pool 'PS Scavenge' had collection(s): count=1 time=122ms
2023-01-16 14:41:58,414 [JvmPauseMonitor4] WARN  util.JvmPauseMonitor (JvmPauseMonitor.java:detectPause(126)) - JvmPauseMonitor-a1145108-ddcc-4325-a3dc-9d25daa38a10: Detected pause in JVM or host machine (eg GC): pause of approximately 338957024ns.
GC pool 'PS MarkSweep' had collection(s): count=1 time=207ms
GC pool 'PS Scavenge' had collection(s): count=1 time=122ms
2023-01-16 14:41:58,436 [grpc-default-executor-0] INFO  server.RaftServer$Division (RaftServerImpl.java:requestVote(1218)) - d8f5a1f3-e512-499d-ae8e-3cd02accfea1@group-5C0AAADC159B: receive requestVote(ELECTION, 16b0a967-ef5a-4382-99c2-95b744fea4a1, group-5C0AAADC159B, 1, (t:0, i:0))
2023-01-16 14:41:58,436 [grpc-default-executor-1] INFO  server.RaftServer$Division (RaftServerImpl.java:requestVote(1218)) - f3cb6aab-e792-43b9-8109-2d5521605a5b@group-5C0AAADC159B: receive requestVote(ELECTION, 16b0a967-ef5a-4382-99c2-95b744fea4a1, group-5C0AAADC159B, 1, (t:0, i:0))
2023-01-16 14:41:58,440 [grpc-default-executor-1] INFO  impl.VoteContext (VoteContext.java:log(49)) - f3cb6aab-e792-43b9-8109-2d5521605a5b@group-5C0AAADC159B-FOLLOWER: accept ELECTION from 16b0a967-ef5a-4382-99c2-95b744fea4a1: our priority 0 <= candidate's priority 1
2023-01-16 14:41:58,441 [grpc-default-executor-1] INFO  server.RaftServer$Division (RaftServerImpl.java:setRole(321)) - f3cb6aab-e792-43b9-8109-2d5521605a5b@group-5C0AAADC159B: changes role from  FOLLOWER to FOLLOWER at term 1 for candidate:16b0a967-ef5a-4382-99c2-95b744fea4a1
2023-01-16 14:41:58,441 [grpc-default-executor-1] INFO  impl.RoleInfo (RoleInfo.java:shutdownFollowerState(110)) - f3cb6aab-e792-43b9-8109-2d5521605a5b: shutdown f3cb6aab-e792-43b9-8109-2d5521605a5b@group-5C0AAADC159B-FollowerState
2023-01-16 14:41:58,441 [f3cb6aab-e792-43b9-8109-2d5521605a5b@group-5C0AAADC159B-FollowerState] INFO  impl.FollowerState (FollowerState.java:run(152)) - f3cb6aab-e792-43b9-8109-2d5521605a5b@group-5C0AAADC159B-FollowerState was interrupted
2023-01-16 14:41:58,441 [grpc-default-executor-0] INFO  impl.VoteContext (VoteContext.java:log(49)) - d8f5a1f3-e512-499d-ae8e-3cd02accfea1@group-5C0AAADC159B-FOLLOWER: accept ELECTION from 16b0a967-ef5a-4382-99c2-95b744fea4a1: our priority 0 <= candidate's priority 1
2023-01-16 14:41:58,442 [grpc-default-executor-0] INFO  server.RaftServer$Division (RaftServerImpl.java:setRole(321)) - d8f5a1f3-e512-499d-ae8e-3cd02accfea1@group-5C0AAADC159B: changes role from  FOLLOWER to FOLLOWER at term 1 for candidate:16b0a967-ef5a-4382-99c2-95b744fea4a1
2023-01-16 14:41:58,442 [grpc-default-executor-0] INFO  impl.RoleInfo (RoleInfo.java:shutdownFollowerState(110)) - d8f5a1f3-e512-499d-ae8e-3cd02accfea1: shutdown d8f5a1f3-e512-499d-ae8e-3cd02accfea1@group-5C0AAADC159B-FollowerState
2023-01-16 14:41:58,442 [d8f5a1f3-e512-499d-ae8e-3cd02accfea1@group-5C0AAADC159B-FollowerState] INFO  impl.FollowerState (FollowerState.java:run(152)) - d8f5a1f3-e512-499d-ae8e-3cd02accfea1@group-5C0AAADC159B-FollowerState was interrupted
2023-01-16 14:41:58,442 [grpc-default-executor-1] INFO  impl.RoleInfo (RoleInfo.java:updateAndGet(139)) - f3cb6aab-e792-43b9-8109-2d5521605a5b: start f3cb6aab-e792-43b9-8109-2d5521605a5b@group-5C0AAADC159B-FollowerState
2023-01-16 14:41:58,445 [f3cb6aab-e792-43b9-8109-2d5521605a5b@group-5C0AAADC159B-FollowerState] INFO  server.RaftServerConfigKeys (ConfUtils.java:logFallback(53)) - raft.server.rpc.first-election.timeout.min = 5s (fallback to raft.server.rpc.timeout.min)
2023-01-16 14:41:58,445 [f3cb6aab-e792-43b9-8109-2d5521605a5b@group-5C0AAADC159B-FollowerState] INFO  server.RaftServerConfigKeys (ConfUtils.java:logFallback(53)) - raft.server.rpc.first-election.timeout.max = 5200ms (fallback to raft.server.rpc.timeout.max)
2023-01-16 14:41:58,449 [grpc-default-executor-1] INFO  server.RaftServer$Division (RaftServerImpl.java:requestVote(1251)) - f3cb6aab-e792-43b9-8109-2d5521605a5b@group-5C0AAADC159B replies to ELECTION vote request: 16b0a967-ef5a-4382-99c2-95b744fea4a1<-f3cb6aab-e792-43b9-8109-2d5521605a5b#0:OK-t1. Peer's state: f3cb6aab-e792-43b9-8109-2d5521605a5b@group-5C0AAADC159B:t1, leader=null, voted=16b0a967-ef5a-4382-99c2-95b744fea4a1, raftlog=Memoized:f3cb6aab-e792-43b9-8109-2d5521605a5b@group-5C0AAADC159B-SegmentedRaftLog:OPENED:c-1, conf=-1: peers:[f3cb6aab-e792-43b9-8109-2d5521605a5b|rpc:10.1.1.103:38739|dataStream:10.1.1.103:37539|priority:0|startupRole:FOLLOWER, 16b0a967-ef5a-4382-99c2-95b744fea4a1|rpc:10.1.1.103:46459|dataStream:10.1.1.103:44335|priority:1|startupRole:FOLLOWER, d8f5a1f3-e512-499d-ae8e-3cd02accfea1|rpc:10.1.1.103:43661|dataStream:10.1.1.103:39865|priority:0|startupRole:FOLLOWER]|listeners:[], old=null
2023-01-16 14:41:58,451 [grpc-default-executor-0] INFO  impl.RoleInfo (RoleInfo.java:updateAndGet(139)) - d8f5a1f3-e512-499d-ae8e-3cd02accfea1: start d8f5a1f3-e512-499d-ae8e-3cd02accfea1@group-5C0AAADC159B-FollowerState
2023-01-16 14:41:58,460 [grpc-default-executor-0] INFO  server.RaftServer$Division (RaftServerImpl.java:requestVote(1251)) - d8f5a1f3-e512-499d-ae8e-3cd02accfea1@group-5C0AAADC159B replies to ELECTION vote request: 16b0a967-ef5a-4382-99c2-95b744fea4a1<-d8f5a1f3-e512-499d-ae8e-3cd02accfea1#0:OK-t1. Peer's state: d8f5a1f3-e512-499d-ae8e-3cd02accfea1@group-5C0AAADC159B:t1, leader=null, voted=16b0a967-ef5a-4382-99c2-95b744fea4a1, raftlog=Memoized:d8f5a1f3-e512-499d-ae8e-3cd02accfea1@group-5C0AAADC159B-SegmentedRaftLog:OPENED:c-1, conf=-1: peers:[f3cb6aab-e792-43b9-8109-2d5521605a5b|rpc:10.1.1.103:38739|dataStream:10.1.1.103:37539|priority:0|startupRole:FOLLOWER, 16b0a967-ef5a-4382-99c2-95b744fea4a1|rpc:10.1.1.103:46459|dataStream:10.1.1.103:44335|priority:1|startupRole:FOLLOWER, d8f5a1f3-e512-499d-ae8e-3cd02accfea1|rpc:10.1.1.103:43661|dataStream:10.1.1.103:39865|priority:0|startupRole:FOLLOWER]|listeners:[], old=null
2023-01-16 14:41:58,464 [16b0a967-ef5a-4382-99c2-95b744fea4a1@group-5C0AAADC159B-LeaderElection3] INFO  impl.LeaderElection (LeaderElection.java:logAndReturn(90)) - 16b0a967-ef5a-4382-99c2-95b744fea4a1@group-5C0AAADC159B-LeaderElection3: ELECTION PASSED received 1 response(s) and 0 exception(s):
2023-01-16 14:41:58,465 [d8f5a1f3-e512-499d-ae8e-3cd02accfea1@group-5C0AAADC159B-FollowerState] INFO  server.RaftServerConfigKeys (ConfUtils.java:logFallback(53)) - raft.server.rpc.first-election.timeout.min = 5s (fallback to raft.server.rpc.timeout.min)
2023-01-16 14:41:58,466 [16b0a967-ef5a-4382-99c2-95b744fea4a1@group-5C0AAADC159B-LeaderElection3] INFO  impl.LeaderElection (LeaderElection.java:logAndReturn(94)) -   Response 0: 16b0a967-ef5a-4382-99c2-95b744fea4a1<-f3cb6aab-e792-43b9-8109-2d5521605a5b#0:OK-t1
2023-01-16 14:41:58,466 [d8f5a1f3-e512-499d-ae8e-3cd02accfea1@group-5C0AAADC159B-FollowerState] INFO  server.RaftServerConfigKeys (ConfUtils.java:logFallback(53)) - raft.server.rpc.first-election.timeout.max = 5200ms (fallback to raft.server.rpc.timeout.max)
2023-01-16 14:41:58,466 [16b0a967-ef5a-4382-99c2-95b744fea4a1@group-5C0AAADC159B-LeaderElection3] INFO  impl.LeaderElection (LeaderElection.java:askForVotes(314)) - 16b0a967-ef5a-4382-99c2-95b744fea4a1@group-5C0AAADC159B-LeaderElection3 ELECTION round 0: result PASSED
2023-01-16 14:41:58,466 [16b0a967-ef5a-4382-99c2-95b744fea4a1@group-5C0AAADC159B-LeaderElection3] INFO  impl.RoleInfo (RoleInfo.java:shutdownLeaderElection(130)) - 16b0a967-ef5a-4382-99c2-95b744fea4a1: shutdown 16b0a967-ef5a-4382-99c2-95b744fea4a1@group-5C0AAADC159B-LeaderElection3
2023-01-16 14:41:58,466 [16b0a967-ef5a-4382-99c2-95b744fea4a1@group-5C0AAADC159B-LeaderElection3] INFO  server.RaftServer$Division (RaftServerImpl.java:setRole(321)) - 16b0a967-ef5a-4382-99c2-95b744fea4a1@group-5C0AAADC159B: changes role from CANDIDATE to LEADER at term 1 for changeToLeader
2023-01-16 14:41:58,466 [16b0a967-ef5a-4382-99c2-95b744fea4a1@group-5C0AAADC159B-LeaderElection3] INFO  ratis.XceiverServerRatis (XceiverServerRatis.java:handleLeaderChangedNotification(904)) - Leader change notification received for group: group-5C0AAADC159B with new leaderId: 16b0a967-ef5a-4382-99c2-95b744fea4a1
2023-01-16 14:41:58,466 [16b0a967-ef5a-4382-99c2-95b744fea4a1@group-5C0AAADC159B-LeaderElection3] INFO  server.RaftServer$Division (ServerState.java:setLeader(313)) - 16b0a967-ef5a-4382-99c2-95b744fea4a1@group-5C0AAADC159B: change Leader from null to 16b0a967-ef5a-4382-99c2-95b744fea4a1 at term 1 for becomeLeader, leader elected after 5598ms
2023-01-16 14:41:58,466 [16b0a967-ef5a-4382-99c2-95b744fea4a1@group-5C0AAADC159B-LeaderElection3] INFO  server.RaftServerConfigKeys (ConfUtils.java:logGet(46)) - raft.server.staging.catchup.gap = 1000 (default)
2023-01-16 14:41:58,466 [16b0a967-ef5a-4382-99c2-95b744fea4a1@group-5C0AAADC159B-LeaderElection3] INFO  server.RaftServerConfigKeys (ConfUtils.java:logGet(46)) - raft.server.write.element-limit = 1024 (custom)
2023-01-16 14:41:58,467 [16b0a967-ef5a-4382-99c2-95b744fea4a1@group-5C0AAADC159B-LeaderElection3] INFO  server.RaftServerConfigKeys (ConfUtils.java:logGet(46)) - raft.server.write.byte-limit = 1024 M (=1073741824) (custom)
2023-01-16 14:41:58,467 [16b0a967-ef5a-4382-99c2-95b744fea4a1@group-5C0AAADC159B-LeaderElection3] INFO  server.RaftServerConfigKeys (ConfUtils.java:logGet(46)) - raft.server.watch.timeout = 180s (custom)
2023-01-16 14:41:58,467 [16b0a967-ef5a-4382-99c2-95b744fea4a1@group-5C0AAADC159B-LeaderElection3] INFO  server.RaftServerConfigKeys (ConfUtils.java:logGet(46)) - raft.server.watch.timeout.denomination = 1s (default)
2023-01-16 14:41:58,467 [16b0a967-ef5a-4382-99c2-95b744fea4a1@group-5C0AAADC159B-LeaderElection3] INFO  server.RaftServerConfigKeys (ConfUtils.java:logGet(46)) - raft.server.watch.element-limit = 65536 (default)
2023-01-16 14:41:58,467 [16b0a967-ef5a-4382-99c2-95b744fea4a1@group-5C0AAADC159B-LeaderElection3] INFO  server.RaftServerConfigKeys (ConfUtils.java:logGet(46)) - raft.server.write.element-limit = 1024 (custom)
2023-01-16 14:41:58,467 [16b0a967-ef5a-4382-99c2-95b744fea4a1@group-5C0AAADC159B-LeaderElection3] INFO  server.RaftServerConfigKeys (ConfUtils.java:logGet(46)) - raft.server.write.follower.gap.ratio.max = -1.0 (default)
2023-01-16 14:41:58,470 [EventQueue-PipelineReportForPipelineReportHandler] INFO  pipeline.PipelineManagerImpl (PipelineManagerImpl.java:openPipeline(367)) - Pipeline Pipeline[ Id: 32c6938f-0a63-4d37-9218-5c0aaadc159b, Nodes: 16b0a967-ef5a-4382-99c2-95b744fea4a1(fv-az203-757.ild0l4k5vsluppoevu2oqvhmda.cx.internal.cloudapp.net/10.1.1.103)d8f5a1f3-e512-499d-ae8e-3cd02accfea1(fv-az203-757.ild0l4k5vsluppoevu2oqvhmda.cx.internal.cloudapp.net/10.1.1.103)f3cb6aab-e792-43b9-8109-2d5521605a5b(fv-az203-757.ild0l4k5vsluppoevu2oqvhmda.cx.internal.cloudapp.net/10.1.1.103), ReplicationConfig: RATIS/THREE, State:ALLOCATED, leaderId:16b0a967-ef5a-4382-99c2-95b744fea4a1, CreationTimestamp2023-01-16T14:41:50.660Z[Etc/UTC]] moved to OPEN state
2023-01-16 14:41:58,484 [EventQueue-OpenPipelineForHealthyPipelineSafeModeRule] INFO  safemode.SCMSafeModeManager (HealthyPipelineSafeModeRule.java:process(137)) - SCM in safe mode. Healthy pipelines reported count is 0, required healthy pipeline reported count is 1
2023-01-16 14:41:58,484 [EventQueue-OpenPipelineForHealthyPipelineSafeModeRule] INFO  safemode.SCMSafeModeManager (HealthyPipelineSafeModeRule.java:process(137)) - SCM in safe mode. Healthy pipelines reported count is 1, required healthy pipeline reported count is 1
2023-01-16 14:41:58,484 [EventQueue-OpenPipelineForHealthyPipelineSafeModeRule] INFO  safemode.SCMSafeModeManager (SCMSafeModeManager.java:validateSafeModeExitRules(200)) - HealthyPipelineSafeModeRule rule is successfully validated
2023-01-16 14:41:58,484 [EventQueue-OpenPipelineForHealthyPipelineSafeModeRule] INFO  safemode.SCMSafeModeManager (SCMSafeModeManager.java:validateSafeModeExitRules(215)) - ScmSafeModeManager, all rules are successfully validated
2023-01-16 14:41:58,484 [EventQueue-OpenPipelineForHealthyPipelineSafeModeRule] INFO  safemode.SCMSafeModeManager (SCMSafeModeManager.java:exitSafeMode(244)) - SCM exiting safe mode.
2023-01-16 14:41:58,484 [EventQueue-OpenPipelineForHealthyPipelineSafeModeRule] INFO  ha.SCMContext (SCMContext.java:updateSafeModeStatus(228)) - Update SafeModeStatus from SafeModeStatus{safeModeStatus=true, preCheckPassed=true} to SafeModeStatus{safeModeStatus=false, preCheckPassed=true}.
2023-01-16 14:41:58,484 [EventQueue-OpenPipelineForHealthyPipelineSafeModeRule] INFO  pipeline.BackgroundPipelineCreator (BackgroundPipelineCreator.java:notifyStatusChanged(254)) - Service BackgroundPipelineCreator transitions to RUNNING.
2023-01-16 14:41:58,484 [EventQueue-OpenPipelineForHealthyPipelineSafeModeRule] INFO  BackgroundPipelineScrubber (BackgroundSCMService.java:notifyStatusChanged(82)) - Service BackgroundPipelineScrubber transitions to RUNNING.
2023-01-16 14:41:58,484 [EventQueue-OpenPipelineForHealthyPipelineSafeModeRule] INFO  ExpiredContainerReplicaOpScrubber (BackgroundSCMService.java:notifyStatusChanged(82)) - Service ExpiredContainerReplicaOpScrubber transitions to RUNNING.
2023-01-16 14:41:58,484 [EventQueue-OpenPipelineForHealthyPipelineSafeModeRule] INFO  replication.ReplicationManager (ReplicationManager.java:notifyStatusChanged(919)) - Service ReplicationManager transitions to RUNNING.
2023-01-16 14:41:58,495 [EventQueue-OpenPipelineForHealthyPipelineSafeModeRule] WARN  balancer.ContainerBalancer (ContainerBalancer.java:shouldRun(131)) - Could not find persisted configuration for ContainerBalancer when checking if ContainerBalancer should run. ContainerBalancer should not run now.
2023-01-16 14:41:58,498 [16b0a967-ef5a-4382-99c2-95b744fea4a1@group-5C0AAADC159B-LeaderElection3] INFO  server.RaftServerConfigKeys (ConfUtils.java:logGet(46)) - raft.server.log.appender.snapshot.chunk.size.max = 16MB (=16777216) (default)
2023-01-16 14:41:58,507 [16b0a967-ef5a-4382-99c2-95b744fea4a1@group-5C0AAADC159B-LeaderElection3] INFO  server.RaftServerConfigKeys (ConfUtils.java:logGet(46)) - raft.server.log.appender.buffer.byte-limit = 33554432 (custom)
2023-01-16 14:41:58,508 [16b0a967-ef5a-4382-99c2-95b744fea4a1@group-5C0AAADC159B-LeaderElection3] INFO  server.RaftServerConfigKeys (ConfUtils.java:logGet(46)) - raft.server.log.appender.buffer.element-limit = 1 (custom)
2023-01-16 14:41:58,516 [16b0a967-ef5a-4382-99c2-95b744fea4a1@group-5C0AAADC159B-LeaderElection3] INFO  grpc.GrpcConfigKeys (ConfUtils.java:logGet(46)) - raft.grpc.server.leader.outstanding.appends.max = 128 (default)
2023-01-16 14:41:58,516 [16b0a967-ef5a-4382-99c2-95b744fea4a1@group-5C0AAADC159B-LeaderElection3] INFO  server.RaftServerConfigKeys (ConfUtils.java:logGet(46)) - raft.server.rpc.request.timeout = 60s (custom)
2023-01-16 14:41:58,516 [16b0a967-ef5a-4382-99c2-95b744fea4a1@group-5C0AAADC159B-LeaderElection3] INFO  server.RaftServerConfigKeys (ConfUtils.java:logGet(46)) - raft.server.log.appender.install.snapshot.enabled = false (custom)
2023-01-16 14:41:58,516 [16b0a967-ef5a-4382-99c2-95b744fea4a1@group-5C0AAADC159B-LeaderElection3] INFO  grpc.GrpcConfigKeys (ConfUtils.java:logGet(46)) - raft.grpc.server.heartbeat.channel = true (default)
2023-01-16 14:41:58,516 [16b0a967-ef5a-4382-99c2-95b744fea4a1@group-5C0AAADC159B-LeaderElection3] INFO  server.RaftServerConfigKeys (ConfUtils.java:logGet(46)) - raft.server.log.appender.wait-time.min = 10ms (default)
2023-01-16 14:41:58,521 [16b0a967-ef5a-4382-99c2-95b744fea4a1@group-5C0AAADC159B-LeaderElection3] INFO  server.RaftServerConfigKeys (ConfUtils.java:logGet(46)) - raft.server.log.appender.snapshot.chunk.size.max = 16MB (=16777216) (default)
2023-01-16 14:41:58,521 [16b0a967-ef5a-4382-99c2-95b744fea4a1@group-5C0AAADC159B-LeaderElection3] INFO  server.RaftServerConfigKeys (ConfUtils.java:logGet(46)) - raft.server.log.appender.buffer.byte-limit = 33554432 (custom)
2023-01-16 14:41:58,521 [16b0a967-ef5a-4382-99c2-95b744fea4a1@group-5C0AAADC159B-LeaderElection3] INFO  server.RaftServerConfigKeys (ConfUtils.java:logGet(46)) - raft.server.log.appender.buffer.element-limit = 1 (custom)
2023-01-16 14:41:58,522 [f3cb6aab-e792-43b9-8109-2d5521605a5b@group-D92613AF601F-FollowerState] INFO  impl.FollowerState (FollowerState.java:run(143)) - f3cb6aab-e792-43b9-8109-2d5521605a5b@group-D92613AF601F-FollowerState: change to CANDIDATE, lastRpcElapsedTime:5180379132ns, electionTimeout:5174ms
2023-01-16 14:41:58,522 [f3cb6aab-e792-43b9-8109-2d5521605a5b@group-D92613AF601F-FollowerState] INFO  impl.RoleInfo (RoleInfo.java:shutdownFollowerState(110)) - f3cb6aab-e792-43b9-8109-2d5521605a5b: shutdown f3cb6aab-e792-43b9-8109-2d5521605a5b@group-D92613AF601F-FollowerState
2023-01-16 14:41:58,522 [f3cb6aab-e792-43b9-8109-2d5521605a5b@group-D92613AF601F-FollowerState] INFO  server.RaftServer$Division (RaftServerImpl.java:setRole(321)) - f3cb6aab-e792-43b9-8109-2d5521605a5b@group-D92613AF601F: changes role from  FOLLOWER to CANDIDATE at term 0 for changeToCandidate
2023-01-16 14:41:58,528 [f3cb6aab-e792-43b9-8109-2d5521605a5b@group-D92613AF601F-FollowerState] INFO  server.RaftServerConfigKeys (ConfUtils.java:logGet(46)) - raft.server.leaderelection.pre-vote = false (custom)
2023-01-16 14:41:58,528 [f3cb6aab-e792-43b9-8109-2d5521605a5b@group-D92613AF601F-FollowerState] INFO  impl.RoleInfo (RoleInfo.java:updateAndGet(139)) - f3cb6aab-e792-43b9-8109-2d5521605a5b: start f3cb6aab-e792-43b9-8109-2d5521605a5b@group-D92613AF601F-LeaderElection4
2023-01-16 14:41:58,540 [16b0a967-ef5a-4382-99c2-95b744fea4a1@group-5C0AAADC159B-LeaderElection3] INFO  grpc.GrpcConfigKeys (ConfUtils.java:logGet(46)) - raft.grpc.server.leader.outstanding.appends.max = 128 (default)
2023-01-16 14:41:58,540 [16b0a967-ef5a-4382-99c2-95b744fea4a1@group-5C0AAADC159B-LeaderElection3] INFO  server.RaftServerConfigKeys (ConfUtils.java:logGet(46)) - raft.server.rpc.request.timeout = 60s (custom)
2023-01-16 14:41:58,541 [16b0a967-ef5a-4382-99c2-95b744fea4a1@group-5C0AAADC159B-LeaderElection3] INFO  server.RaftServerConfigKeys (ConfUtils.java:logGet(46)) - raft.server.log.appender.install.snapshot.enabled = false (custom)
2023-01-16 14:41:58,541 [16b0a967-ef5a-4382-99c2-95b744fea4a1@group-5C0AAADC159B-LeaderElection3] INFO  grpc.GrpcConfigKeys (ConfUtils.java:logGet(46)) - raft.grpc.server.heartbeat.channel = true (default)
2023-01-16 14:41:58,541 [16b0a967-ef5a-4382-99c2-95b744fea4a1@group-5C0AAADC159B-LeaderElection3] INFO  server.RaftServerConfigKeys (ConfUtils.java:logGet(46)) - raft.server.log.appender.wait-time.min = 10ms (default)
2023-01-16 14:41:58,542 [16b0a967-ef5a-4382-99c2-95b744fea4a1@group-5C0AAADC159B-LeaderElection3] INFO  impl.RoleInfo (RoleInfo.java:updateAndGet(139)) - 16b0a967-ef5a-4382-99c2-95b744fea4a1: start 16b0a967-ef5a-4382-99c2-95b744fea4a1@group-5C0AAADC159B-LeaderStateImpl
2023-01-16 14:41:58,542 [16b0a967-ef5a-4382-99c2-95b744fea4a1@group-5C0AAADC159B-LeaderElection3] INFO  segmented.SegmentedRaftLogWorker (SegmentedRaftLogWorker.java:startLogSegment(452)) - 16b0a967-ef5a-4382-99c2-95b744fea4a1@group-5C0AAADC159B-SegmentedRaftLogWorker: Starting segment from index:0
2023-01-16 14:41:58,549 [16b0a967-ef5a-4382-99c2-95b744fea4a1@group-5C0AAADC159B-SegmentedRaftLogWorker] INFO  segmented.SegmentedRaftLogWorker (SegmentedRaftLogWorker.java:execute(656)) - 16b0a967-ef5a-4382-99c2-95b744fea4a1@group-5C0AAADC159B-SegmentedRaftLogWorker: created new log segment /home/runner/work/ozone/ozone/hadoop-ozone/integration-test/target/test-dir/MiniOzoneClusterImpl-bcd49b6a-245a-4637-b4c9-d6b301a8fda7/datanode-0/data/ratis/32c6938f-0a63-4d37-9218-5c0aaadc159b/current/log_inprogress_0
2023-01-16 14:41:58,576 [16b0a967-ef5a-4382-99c2-95b744fea4a1@group-5C0AAADC159B-LeaderElection3] INFO  server.RaftServer$Division (ServerState.java:setRaftConf(430)) - 16b0a967-ef5a-4382-99c2-95b744fea4a1@group-5C0AAADC159B: set configuration 0: peers:[f3cb6aab-e792-43b9-8109-2d5521605a5b|rpc:10.1.1.103:38739|dataStream:10.1.1.103:37539|priority:0|startupRole:FOLLOWER, 16b0a967-ef5a-4382-99c2-95b744fea4a1|rpc:10.1.1.103:46459|dataStream:10.1.1.103:44335|priority:1|startupRole:FOLLOWER, d8f5a1f3-e512-499d-ae8e-3cd02accfea1|rpc:10.1.1.103:43661|dataStream:10.1.1.103:39865|priority:0|startupRole:FOLLOWER]|listeners:[], old=null
2023-01-16 14:41:58,583 [f3cb6aab-e792-43b9-8109-2d5521605a5b@group-D92613AF601F-LeaderElection4] INFO  impl.LeaderElection (LeaderElection.java:askForVotes(312)) - f3cb6aab-e792-43b9-8109-2d5521605a5b@group-D92613AF601F-LeaderElection4 ELECTION round 0: submit vote requests at term 1 for -1: peers:[f3cb6aab-e792-43b9-8109-2d5521605a5b|rpc:10.1.1.103:38739|dataStream:10.1.1.103:37539|priority:1|startupRole:FOLLOWER]|listeners:[], old=null
2023-01-16 14:41:58,583 [f3cb6aab-e792-43b9-8109-2d5521605a5b@group-D92613AF601F-LeaderElection4] INFO  impl.LeaderElection (LeaderElection.java:askForVotes(314)) - f3cb6aab-e792-43b9-8109-2d5521605a5b@group-D92613AF601F-LeaderElection4 ELECTION round 0: result PASSED (term=1)
2023-01-16 14:41:58,583 [f3cb6aab-e792-43b9-8109-2d5521605a5b@group-D92613AF601F-LeaderElection4] INFO  impl.RoleInfo (RoleInfo.java:shutdownLeaderElection(130)) - f3cb6aab-e792-43b9-8109-2d5521605a5b: shutdown f3cb6aab-e792-43b9-8109-2d5521605a5b@group-D92613AF601F-LeaderElection4
2023-01-16 14:41:58,584 [f3cb6aab-e792-43b9-8109-2d5521605a5b@group-D92613AF601F-LeaderElection4] INFO  server.RaftServer$Division (RaftServerImpl.java:setRole(321)) - f3cb6aab-e792-43b9-8109-2d5521605a5b@group-D92613AF601F: changes role from CANDIDATE to LEADER at term 1 for changeToLeader
2023-01-16 14:41:58,584 [f3cb6aab-e792-43b9-8109-2d5521605a5b@group-D92613AF601F-LeaderElection4] INFO  ratis.XceiverServerRatis (XceiverServerRatis.java:handleLeaderChangedNotification(904)) - Leader change notification received for group: group-D92613AF601F with new leaderId: f3cb6aab-e792-43b9-8109-2d5521605a5b
2023-01-16 14:41:58,584 [f3cb6aab-e792-43b9-8109-2d5521605a5b@group-D92613AF601F-LeaderElection4] INFO  server.RaftServer$Division (ServerState.java:setLeader(313)) - f3cb6aab-e792-43b9-8109-2d5521605a5b@group-D92613AF601F: change Leader from null to f3cb6aab-e792-43b9-8109-2d5521605a5b at term 1 for becomeLeader, leader elected after 5306ms
2023-01-16 14:41:58,584 [f3cb6aab-e792-43b9-8109-2d5521605a5b@group-D92613AF601F-LeaderElection4] INFO  server.RaftServerConfigKeys (ConfUtils.java:logGet(46)) - raft.server.staging.catchup.gap = 1000 (default)
2023-01-16 14:41:58,584 [f3cb6aab-e792-43b9-8109-2d5521605a5b@group-D92613AF601F-LeaderElection4] INFO  server.RaftServerConfigKeys (ConfUtils.java:logGet(46)) - raft.server.write.element-limit = 1024 (custom)
2023-01-16 14:41:58,584 [f3cb6aab-e792-43b9-8109-2d5521605a5b@group-D92613AF601F-LeaderElection4] INFO  server.RaftServerConfigKeys (ConfUtils.java:logGet(46)) - raft.server.write.byte-limit = 1024 M (=1073741824) (custom)
2023-01-16 14:41:58,584 [f3cb6aab-e792-43b9-8109-2d5521605a5b@group-D92613AF601F-LeaderElection4] INFO  server.RaftServerConfigKeys (ConfUtils.java:logGet(46)) - raft.server.watch.timeout = 180s (custom)
2023-01-16 14:41:58,585 [f3cb6aab-e792-43b9-8109-2d5521605a5b@group-D92613AF601F-LeaderElection4] INFO  server.RaftServerConfigKeys (ConfUtils.java:logGet(46)) - raft.server.watch.timeout.denomination = 1s (default)
2023-01-16 14:41:58,585 [f3cb6aab-e792-43b9-8109-2d5521605a5b@group-D92613AF601F-LeaderElection4] INFO  server.RaftServerConfigKeys (ConfUtils.java:logGet(46)) - raft.server.watch.element-limit = 65536 (default)
2023-01-16 14:41:58,585 [f3cb6aab-e792-43b9-8109-2d5521605a5b@group-D92613AF601F-LeaderElection4] INFO  server.RaftServerConfigKeys (ConfUtils.java:logGet(46)) - raft.server.write.element-limit = 1024 (custom)
2023-01-16 14:41:58,585 [f3cb6aab-e792-43b9-8109-2d5521605a5b@group-D92613AF601F-LeaderElection4] INFO  server.RaftServerConfigKeys (ConfUtils.java:logGet(46)) - raft.server.write.follower.gap.ratio.max = -1.0 (default)
2023-01-16 14:41:58,585 [f3cb6aab-e792-43b9-8109-2d5521605a5b@group-D92613AF601F-LeaderElection4] INFO  impl.RoleInfo (RoleInfo.java:updateAndGet(139)) - f3cb6aab-e792-43b9-8109-2d5521605a5b: start f3cb6aab-e792-43b9-8109-2d5521605a5b@group-D92613AF601F-LeaderStateImpl
2023-01-16 14:41:58,585 [f3cb6aab-e792-43b9-8109-2d5521605a5b@group-D92613AF601F-LeaderElection4] INFO  segmented.SegmentedRaftLogWorker (SegmentedRaftLogWorker.java:startLogSegment(452)) - f3cb6aab-e792-43b9-8109-2d5521605a5b@group-D92613AF601F-SegmentedRaftLogWorker: Starting segment from index:0
2023-01-16 14:41:58,588 [f3cb6aab-e792-43b9-8109-2d5521605a5b@group-D92613AF601F-SegmentedRaftLogWorker] INFO  segmented.SegmentedRaftLogWorker (SegmentedRaftLogWorker.java:execute(656)) - f3cb6aab-e792-43b9-8109-2d5521605a5b@group-D92613AF601F-SegmentedRaftLogWorker: created new log segment /home/runner/work/ozone/ozone/hadoop-ozone/integration-test/target/test-dir/MiniOzoneClusterImpl-bcd49b6a-245a-4637-b4c9-d6b301a8fda7/datanode-1/data/ratis/854b0b2a-f1b6-4637-ba5a-d92613af601f/current/log_inprogress_0
2023-01-16 14:41:58,591 [f3cb6aab-e792-43b9-8109-2d5521605a5b@group-D92613AF601F-LeaderElection4] INFO  server.RaftServer$Division (ServerState.java:setRaftConf(430)) - f3cb6aab-e792-43b9-8109-2d5521605a5b@group-D92613AF601F: set configuration 0: peers:[f3cb6aab-e792-43b9-8109-2d5521605a5b|rpc:10.1.1.103:38739|dataStream:10.1.1.103:37539|priority:1|startupRole:FOLLOWER]|listeners:[], old=null
2023-01-16 14:41:58,640 [f3cb6aab-e792-43b9-8109-2d5521605a5b-server-thread1] INFO  ratis.XceiverServerRatis (XceiverServerRatis.java:handleLeaderChangedNotification(904)) - Leader change notification received for group: group-5C0AAADC159B with new leaderId: 16b0a967-ef5a-4382-99c2-95b744fea4a1
2023-01-16 14:41:58,640 [f3cb6aab-e792-43b9-8109-2d5521605a5b-server-thread1] INFO  server.RaftServer$Division (ServerState.java:setLeader(313)) - f3cb6aab-e792-43b9-8109-2d5521605a5b@group-5C0AAADC159B: change Leader from null to 16b0a967-ef5a-4382-99c2-95b744fea4a1 at term 1 for appendEntries, leader elected after 5285ms
2023-01-16 14:41:58,640 [d8f5a1f3-e512-499d-ae8e-3cd02accfea1-server-thread1] INFO  ratis.XceiverServerRatis (XceiverServerRatis.java:handleLeaderChangedNotification(904)) - Leader change notification received for group: group-5C0AAADC159B with new leaderId: 16b0a967-ef5a-4382-99c2-95b744fea4a1
2023-01-16 14:41:58,640 [d8f5a1f3-e512-499d-ae8e-3cd02accfea1-server-thread1] INFO  server.RaftServer$Division (ServerState.java:setLeader(313)) - d8f5a1f3-e512-499d-ae8e-3cd02accfea1@group-5C0AAADC159B: change Leader from null to 16b0a967-ef5a-4382-99c2-95b744fea4a1 at term 1 for appendEntries, leader elected after 5120ms
2023-01-16 14:41:58,650 [f3cb6aab-e792-43b9-8109-2d5521605a5b-server-thread1] INFO  server.RaftServer$Division (ServerState.java:setRaftConf(430)) - f3cb6aab-e792-43b9-8109-2d5521605a5b@group-5C0AAADC159B: set configuration 0: peers:[f3cb6aab-e792-43b9-8109-2d5521605a5b|rpc:10.1.1.103:38739|dataStream:10.1.1.103:37539|priority:0|startupRole:FOLLOWER, 16b0a967-ef5a-4382-99c2-95b744fea4a1|rpc:10.1.1.103:46459|dataStream:10.1.1.103:44335|priority:1|startupRole:FOLLOWER, d8f5a1f3-e512-499d-ae8e-3cd02accfea1|rpc:10.1.1.103:43661|dataStream:10.1.1.103:39865|priority:0|startupRole:FOLLOWER]|listeners:[], old=null
2023-01-16 14:41:58,650 [f3cb6aab-e792-43b9-8109-2d5521605a5b-server-thread1] INFO  segmented.SegmentedRaftLogWorker (SegmentedRaftLogWorker.java:startLogSegment(452)) - f3cb6aab-e792-43b9-8109-2d5521605a5b@group-5C0AAADC159B-SegmentedRaftLogWorker: Starting segment from index:0
2023-01-16 14:41:58,653 [f3cb6aab-e792-43b9-8109-2d5521605a5b@group-5C0AAADC159B-SegmentedRaftLogWorker] INFO  segmented.SegmentedRaftLogWorker (SegmentedRaftLogWorker.java:execute(656)) - f3cb6aab-e792-43b9-8109-2d5521605a5b@group-5C0AAADC159B-SegmentedRaftLogWorker: created new log segment /home/runner/work/ozone/ozone/hadoop-ozone/integration-test/target/test-dir/MiniOzoneClusterImpl-bcd49b6a-245a-4637-b4c9-d6b301a8fda7/datanode-1/data/ratis/32c6938f-0a63-4d37-9218-5c0aaadc159b/current/log_inprogress_0
2023-01-16 14:41:58,661 [d8f5a1f3-e512-499d-ae8e-3cd02accfea1-server-thread2] INFO  server.RaftServer$Division (ServerState.java:setRaftConf(430)) - d8f5a1f3-e512-499d-ae8e-3cd02accfea1@group-5C0AAADC159B: set configuration 0: peers:[f3cb6aab-e792-43b9-8109-2d5521605a5b|rpc:10.1.1.103:38739|dataStream:10.1.1.103:37539|priority:0|startupRole:FOLLOWER, 16b0a967-ef5a-4382-99c2-95b744fea4a1|rpc:10.1.1.103:46459|dataStream:10.1.1.103:44335|priority:1|startupRole:FOLLOWER, d8f5a1f3-e512-499d-ae8e-3cd02accfea1|rpc:10.1.1.103:43661|dataStream:10.1.1.103:39865|priority:0|startupRole:FOLLOWER]|listeners:[], old=null
2023-01-16 14:41:58,663 [d8f5a1f3-e512-499d-ae8e-3cd02accfea1-server-thread2] INFO  segmented.SegmentedRaftLogWorker (SegmentedRaftLogWorker.java:startLogSegment(452)) - d8f5a1f3-e512-499d-ae8e-3cd02accfea1@group-5C0AAADC159B-SegmentedRaftLogWorker: Starting segment from index:0
2023-01-16 14:41:58,665 [d8f5a1f3-e512-499d-ae8e-3cd02accfea1@group-5C0AAADC159B-SegmentedRaftLogWorker] INFO  segmented.SegmentedRaftLogWorker (SegmentedRaftLogWorker.java:execute(656)) - d8f5a1f3-e512-499d-ae8e-3cd02accfea1@group-5C0AAADC159B-SegmentedRaftLogWorker: created new log segment /home/runner/work/ozone/ozone/hadoop-ozone/integration-test/target/test-dir/MiniOzoneClusterImpl-bcd49b6a-245a-4637-b4c9-d6b301a8fda7/datanode-2/data/ratis/32c6938f-0a63-4d37-9218-5c0aaadc159b/current/log_inprogress_0
2023-01-16 14:41:58,685 [Listener at 127.0.0.1/36907] INFO  ozone.MiniOzoneClusterImpl (MiniOzoneClusterImpl.java:lambda$waitForClusterToBeReady$0(218)) - Nodes are ready. Got 6 of 6 DN Heartbeats.
2023-01-16 14:41:58,685 [Listener at 127.0.0.1/36907] INFO  ozone.MiniOzoneClusterImpl (MiniOzoneClusterImpl.java:lambda$waitForClusterToBeReady$0(221)) - Cluster exits safe mode
2023-01-16 14:41:58,685 [Listener at 127.0.0.1/36907] INFO  ozone.MiniOzoneClusterImpl (MiniOzoneClusterImpl.java:lambda$waitForClusterToBeReady$0(223)) - SCM became leader
2023-01-16 14:41:58,768 [d8f5a1f3-e512-499d-ae8e-3cd02accfea1@group-4029E605F95F-FollowerState] INFO  impl.FollowerState (FollowerState.java:run(143)) - d8f5a1f3-e512-499d-ae8e-3cd02accfea1@group-4029E605F95F-FollowerState: change to CANDIDATE, lastRpcElapsedTime:5069976860ns, electionTimeout:5067ms
2023-01-16 14:41:58,768 [d8f5a1f3-e512-499d-ae8e-3cd02accfea1@group-4029E605F95F-FollowerState] INFO  impl.RoleInfo (RoleInfo.java:shutdownFollowerState(110)) - d8f5a1f3-e512-499d-ae8e-3cd02accfea1: shutdown d8f5a1f3-e512-499d-ae8e-3cd02accfea1@group-4029E605F95F-FollowerState
2023-01-16 14:41:58,768 [d8f5a1f3-e512-499d-ae8e-3cd02accfea1@group-4029E605F95F-FollowerState] INFO  server.RaftServer$Division (RaftServerImpl.java:setRole(321)) - d8f5a1f3-e512-499d-ae8e-3cd02accfea1@group-4029E605F95F: changes role from  FOLLOWER to CANDIDATE at term 0 for changeToCandidate
2023-01-16 14:41:58,769 [d8f5a1f3-e512-499d-ae8e-3cd02accfea1@group-4029E605F95F-FollowerState] INFO  server.RaftServerConfigKeys (ConfUtils.java:logGet(46)) - raft.server.leaderelection.pre-vote = false (custom)
2023-01-16 14:41:58,769 [d8f5a1f3-e512-499d-ae8e-3cd02accfea1@group-4029E605F95F-FollowerState] INFO  impl.RoleInfo (RoleInfo.java:updateAndGet(139)) - d8f5a1f3-e512-499d-ae8e-3cd02accfea1: start d8f5a1f3-e512-499d-ae8e-3cd02accfea1@group-4029E605F95F-LeaderElection5
2023-01-16 14:41:58,773 [d8f5a1f3-e512-499d-ae8e-3cd02accfea1@group-4029E605F95F-LeaderElection5] INFO  impl.LeaderElection (LeaderElection.java:askForVotes(312)) - d8f5a1f3-e512-499d-ae8e-3cd02accfea1@group-4029E605F95F-LeaderElection5 ELECTION round 0: submit vote requests at term 1 for -1: peers:[d8f5a1f3-e512-499d-ae8e-3cd02accfea1|rpc:10.1.1.103:43661|dataStream:10.1.1.103:39865|priority:1|startupRole:FOLLOWER]|listeners:[], old=null
2023-01-16 14:41:58,773 [d8f5a1f3-e512-499d-ae8e-3cd02accfea1@group-4029E605F95F-LeaderElection5] INFO  impl.LeaderElection (LeaderElection.java:askForVotes(314)) - d8f5a1f3-e512-499d-ae8e-3cd02accfea1@group-4029E605F95F-LeaderElection5 ELECTION round 0: result PASSED (term=1)
2023-01-16 14:41:58,773 [d8f5a1f3-e512-499d-ae8e-3cd02accfea1@group-4029E605F95F-LeaderElection5] INFO  impl.RoleInfo (RoleInfo.java:shutdownLeaderElection(130)) - d8f5a1f3-e512-499d-ae8e-3cd02accfea1: shutdown d8f5a1f3-e512-499d-ae8e-3cd02accfea1@group-4029E605F95F-LeaderElection5
2023-01-16 14:41:58,773 [d8f5a1f3-e512-499d-ae8e-3cd02accfea1@group-4029E605F95F-LeaderElection5] INFO  server.RaftServer$Division (RaftServerImpl.java:setRole(321)) - d8f5a1f3-e512-499d-ae8e-3cd02accfea1@group-4029E605F95F: changes role from CANDIDATE to LEADER at term 1 for changeToLeader
2023-01-16 14:41:58,773 [d8f5a1f3-e512-499d-ae8e-3cd02accfea1@group-4029E605F95F-LeaderElection5] INFO  ratis.XceiverServerRatis (XceiverServerRatis.java:handleLeaderChangedNotification(904)) - Leader change notification received for group: group-4029E605F95F with new leaderId: d8f5a1f3-e512-499d-ae8e-3cd02accfea1
2023-01-16 14:41:58,773 [d8f5a1f3-e512-499d-ae8e-3cd02accfea1@group-4029E605F95F-LeaderElection5] INFO  server.RaftServer$Division (ServerState.java:setLeader(313)) - d8f5a1f3-e512-499d-ae8e-3cd02accfea1@group-4029E605F95F: change Leader from null to d8f5a1f3-e512-499d-ae8e-3cd02accfea1 at term 1 for becomeLeader, leader elected after 5119ms
2023-01-16 14:41:58,773 [d8f5a1f3-e512-499d-ae8e-3cd02accfea1@group-4029E605F95F-LeaderElection5] INFO  server.RaftServerConfigKeys (ConfUtils.java:logGet(46)) - raft.server.staging.catchup.gap = 1000 (default)
2023-01-16 14:41:58,773 [d8f5a1f3-e512-499d-ae8e-3cd02accfea1@group-4029E605F95F-LeaderElection5] INFO  server.RaftServerConfigKeys (ConfUtils.java:logGet(46)) - raft.server.write.element-limit = 1024 (custom)
2023-01-16 14:41:58,774 [d8f5a1f3-e512-499d-ae8e-3cd02accfea1@group-4029E605F95F-LeaderElection5] INFO  server.RaftServerConfigKeys (ConfUtils.java:logGet(46)) - raft.server.write.byte-limit = 1024 M (=1073741824) (custom)
2023-01-16 14:41:58,774 [d8f5a1f3-e512-499d-ae8e-3cd02accfea1@group-4029E605F95F-LeaderElection5] INFO  server.RaftServerConfigKeys (ConfUtils.java:logGet(46)) - raft.server.watch.timeout = 180s (custom)
2023-01-16 14:41:58,774 [d8f5a1f3-e512-499d-ae8e-3cd02accfea1@group-4029E605F95F-LeaderElection5] INFO  server.RaftServerConfigKeys (ConfUtils.java:logGet(46)) - raft.server.watch.timeout.denomination = 1s (default)
2023-01-16 14:41:58,774 [d8f5a1f3-e512-499d-ae8e-3cd02accfea1@group-4029E605F95F-LeaderElection5] INFO  server.RaftServerConfigKeys (ConfUtils.java:logGet(46)) - raft.server.watch.element-limit = 65536 (default)
2023-01-16 14:41:58,774 [d8f5a1f3-e512-499d-ae8e-3cd02accfea1@group-4029E605F95F-LeaderElection5] INFO  server.RaftServerConfigKeys (ConfUtils.java:logGet(46)) - raft.server.write.element-limit = 1024 (custom)
2023-01-16 14:41:58,774 [d8f5a1f3-e512-499d-ae8e-3cd02accfea1@group-4029E605F95F-LeaderElection5] INFO  server.RaftServerConfigKeys (ConfUtils.java:logGet(46)) - raft.server.write.follower.gap.ratio.max = -1.0 (default)
2023-01-16 14:41:58,774 [d8f5a1f3-e512-499d-ae8e-3cd02accfea1@group-4029E605F95F-LeaderElection5] INFO  impl.RoleInfo (RoleInfo.java:updateAndGet(139)) - d8f5a1f3-e512-499d-ae8e-3cd02accfea1: start d8f5a1f3-e512-499d-ae8e-3cd02accfea1@group-4029E605F95F-LeaderStateImpl
2023-01-16 14:41:58,774 [d8f5a1f3-e512-499d-ae8e-3cd02accfea1@group-4029E605F95F-LeaderElection5] INFO  segmented.SegmentedRaftLogWorker (SegmentedRaftLogWorker.java:startLogSegment(452)) - d8f5a1f3-e512-499d-ae8e-3cd02accfea1@group-4029E605F95F-SegmentedRaftLogWorker: Starting segment from index:0
2023-01-16 14:41:58,776 [d8f5a1f3-e512-499d-ae8e-3cd02accfea1@group-4029E605F95F-SegmentedRaftLogWorker] INFO  segmented.SegmentedRaftLogWorker (SegmentedRaftLogWorker.java:execute(656)) - d8f5a1f3-e512-499d-ae8e-3cd02accfea1@group-4029E605F95F-SegmentedRaftLogWorker: created new log segment /home/runner/work/ozone/ozone/hadoop-ozone/integration-test/target/test-dir/MiniOzoneClusterImpl-bcd49b6a-245a-4637-b4c9-d6b301a8fda7/datanode-2/data/ratis/7564b24b-b3fc-48ba-805f-4029e605f95f/current/log_inprogress_0
2023-01-16 14:41:58,776 [d8f5a1f3-e512-499d-ae8e-3cd02accfea1@group-4029E605F95F-LeaderElection5] INFO  server.RaftServer$Division (ServerState.java:setRaftConf(430)) - d8f5a1f3-e512-499d-ae8e-3cd02accfea1@group-4029E605F95F: set configuration 0: peers:[d8f5a1f3-e512-499d-ae8e-3cd02accfea1|rpc:10.1.1.103:43661|dataStream:10.1.1.103:39865|priority:1|startupRole:FOLLOWER]|listeners:[], old=null
2023-01-16 14:41:59,042 [d8f5a1f3-e512-499d-ae8e-3cd02accfea1@group-42F1C44EC713-FollowerState] INFO  impl.FollowerState (FollowerState.java:run(143)) - d8f5a1f3-e512-499d-ae8e-3cd02accfea1@group-42F1C44EC713-FollowerState: change to CANDIDATE, lastRpcElapsedTime:5027089216ns, electionTimeout:5008ms
2023-01-16 14:41:59,042 [d8f5a1f3-e512-499d-ae8e-3cd02accfea1@group-42F1C44EC713-FollowerState] INFO  impl.RoleInfo (RoleInfo.java:shutdownFollowerState(110)) - d8f5a1f3-e512-499d-ae8e-3cd02accfea1: shutdown d8f5a1f3-e512-499d-ae8e-3cd02accfea1@group-42F1C44EC713-FollowerState
2023-01-16 14:41:59,042 [d8f5a1f3-e512-499d-ae8e-3cd02accfea1@group-42F1C44EC713-FollowerState] INFO  server.RaftServer$Division (RaftServerImpl.java:setRole(321)) - d8f5a1f3-e512-499d-ae8e-3cd02accfea1@group-42F1C44EC713: changes role from  FOLLOWER to CANDIDATE at term 0 for changeToCandidate
2023-01-16 14:41:59,043 [d8f5a1f3-e512-499d-ae8e-3cd02accfea1@group-42F1C44EC713-FollowerState] INFO  server.RaftServerConfigKeys (ConfUtils.java:logGet(46)) - raft.server.leaderelection.pre-vote = false (custom)
2023-01-16 14:41:59,044 [d8f5a1f3-e512-499d-ae8e-3cd02accfea1@group-42F1C44EC713-FollowerState] INFO  impl.RoleInfo (RoleInfo.java:updateAndGet(139)) - d8f5a1f3-e512-499d-ae8e-3cd02accfea1: start d8f5a1f3-e512-499d-ae8e-3cd02accfea1@group-42F1C44EC713-LeaderElection6
2023-01-16 14:41:59,049 [f3cb6aab-e792-43b9-8109-2d5521605a5b@group-42F1C44EC713-FollowerState] INFO  impl.FollowerState (FollowerState.java:run(143)) - f3cb6aab-e792-43b9-8109-2d5521605a5b@group-42F1C44EC713-FollowerState: change to CANDIDATE, lastRpcElapsedTime:5058269321ns, electionTimeout:5018ms
2023-01-16 14:41:59,049 [f3cb6aab-e792-43b9-8109-2d5521605a5b@group-42F1C44EC713-FollowerState] INFO  impl.RoleInfo (RoleInfo.java:shutdownFollowerState(110)) - f3cb6aab-e792-43b9-8109-2d5521605a5b: shutdown f3cb6aab-e792-43b9-8109-2d5521605a5b@group-42F1C44EC713-FollowerState
2023-01-16 14:41:59,049 [f3cb6aab-e792-43b9-8109-2d5521605a5b@group-42F1C44EC713-FollowerState] INFO  server.RaftServer$Division (RaftServerImpl.java:setRole(321)) - f3cb6aab-e792-43b9-8109-2d5521605a5b@group-42F1C44EC713: changes role from  FOLLOWER to CANDIDATE at term 0 for changeToCandidate
2023-01-16 14:41:59,050 [f3cb6aab-e792-43b9-8109-2d5521605a5b@group-42F1C44EC713-FollowerState] INFO  server.RaftServerConfigKeys (ConfUtils.java:logGet(46)) - raft.server.leaderelection.pre-vote = false (custom)
2023-01-16 14:41:59,050 [f3cb6aab-e792-43b9-8109-2d5521605a5b@group-42F1C44EC713-FollowerState] INFO  impl.RoleInfo (RoleInfo.java:updateAndGet(139)) - f3cb6aab-e792-43b9-8109-2d5521605a5b: start f3cb6aab-e792-43b9-8109-2d5521605a5b@group-42F1C44EC713-LeaderElection7
2023-01-16 14:41:59,055 [d8f5a1f3-e512-499d-ae8e-3cd02accfea1@group-42F1C44EC713-LeaderElection6] INFO  impl.LeaderElection (LeaderElection.java:askForVotes(312)) - d8f5a1f3-e512-499d-ae8e-3cd02accfea1@group-42F1C44EC713-LeaderElection6 ELECTION round 0: submit vote requests at term 1 for -1: peers:[f3cb6aab-e792-43b9-8109-2d5521605a5b|rpc:10.1.1.103:38739|dataStream:10.1.1.103:37539|priority:0|startupRole:FOLLOWER, 16b0a967-ef5a-4382-99c2-95b744fea4a1|rpc:10.1.1.103:46459|dataStream:10.1.1.103:44335|priority:0|startupRole:FOLLOWER, d8f5a1f3-e512-499d-ae8e-3cd02accfea1|rpc:10.1.1.103:43661|dataStream:10.1.1.103:39865|priority:1|startupRole:FOLLOWER]|listeners:[], old=null
2023-01-16 14:41:59,056 [d8f5a1f3-e512-499d-ae8e-3cd02accfea1@group-42F1C44EC713-LeaderElection6] INFO  server.RaftServerConfigKeys (ConfUtils.java:logFallback(53)) - raft.server.rpc.first-election.timeout.min = 5s (fallback to raft.server.rpc.timeout.min)
2023-01-16 14:41:59,056 [d8f5a1f3-e512-499d-ae8e-3cd02accfea1@group-42F1C44EC713-LeaderElection6] INFO  server.RaftServerConfigKeys (ConfUtils.java:logFallback(53)) - raft.server.rpc.first-election.timeout.max = 5200ms (fallback to raft.server.rpc.timeout.max)
2023-01-16 14:41:59,058 [f3cb6aab-e792-43b9-8109-2d5521605a5b@group-42F1C44EC713-LeaderElection7] INFO  impl.LeaderElection (LeaderElection.java:askForVotes(312)) - f3cb6aab-e792-43b9-8109-2d5521605a5b@group-42F1C44EC713-LeaderElection7 ELECTION round 0: submit vote requests at term 1 for -1: peers:[f3cb6aab-e792-43b9-8109-2d5521605a5b|rpc:10.1.1.103:38739|dataStream:10.1.1.103:37539|priority:0|startupRole:FOLLOWER, 16b0a967-ef5a-4382-99c2-95b744fea4a1|rpc:10.1.1.103:46459|dataStream:10.1.1.103:44335|priority:0|startupRole:FOLLOWER, d8f5a1f3-e512-499d-ae8e-3cd02accfea1|rpc:10.1.1.103:43661|dataStream:10.1.1.103:39865|priority:1|startupRole:FOLLOWER]|listeners:[], old=null
2023-01-16 14:41:59,060 [d8f5a1f3-e512-499d-ae8e-3cd02accfea1@group-42F1C44EC713-LeaderElection6-1] INFO  server.GrpcServerProtocolClient (GrpcServerProtocolClient.java:<init>(63)) - Build channel for f3cb6aab-e792-43b9-8109-2d5521605a5b
2023-01-16 14:41:59,061 [f3cb6aab-e792-43b9-8109-2d5521605a5b@group-42F1C44EC713-LeaderElection7-1] INFO  server.GrpcServerProtocolClient (GrpcServerProtocolClient.java:<init>(63)) - Build channel for 16b0a967-ef5a-4382-99c2-95b744fea4a1
2023-01-16 14:41:59,065 [f3cb6aab-e792-43b9-8109-2d5521605a5b@group-42F1C44EC713-LeaderElection7-2] INFO  server.GrpcServerProtocolClient (GrpcServerProtocolClient.java:<init>(63)) - Build channel for d8f5a1f3-e512-499d-ae8e-3cd02accfea1
2023-01-16 14:41:59,063 [f3cb6aab-e792-43b9-8109-2d5521605a5b@group-42F1C44EC713-LeaderElection7] INFO  server.RaftServerConfigKeys (ConfUtils.java:logFallback(53)) - raft.server.rpc.first-election.timeout.min = 5s (fallback to raft.server.rpc.timeout.min)
2023-01-16 14:41:59,073 [f3cb6aab-e792-43b9-8109-2d5521605a5b@group-42F1C44EC713-LeaderElection7] INFO  server.RaftServerConfigKeys (ConfUtils.java:logFallback(53)) - raft.server.rpc.first-election.timeout.max = 5200ms (fallback to raft.server.rpc.timeout.max)
2023-01-16 14:41:59,065 [d8f5a1f3-e512-499d-ae8e-3cd02accfea1@group-42F1C44EC713-LeaderElection6-2] INFO  server.GrpcServerProtocolClient (GrpcServerProtocolClient.java:<init>(63)) - Build channel for 16b0a967-ef5a-4382-99c2-95b744fea4a1
2023-01-16 14:41:59,079 [grpc-default-executor-2] INFO  server.RaftServer$Division (RaftServerImpl.java:requestVote(1218)) - f3cb6aab-e792-43b9-8109-2d5521605a5b@group-42F1C44EC713: receive requestVote(ELECTION, d8f5a1f3-e512-499d-ae8e-3cd02accfea1, group-42F1C44EC713, 1, (t:0, i:0))
2023-01-16 14:41:59,079 [grpc-default-executor-2] INFO  impl.VoteContext (VoteContext.java:log(49)) - f3cb6aab-e792-43b9-8109-2d5521605a5b@group-42F1C44EC713-CANDIDATE: reject ELECTION from d8f5a1f3-e512-499d-ae8e-3cd02accfea1: already has voted for f3cb6aab-e792-43b9-8109-2d5521605a5b at current term 1
2023-01-16 14:41:59,079 [grpc-default-executor-2] INFO  server.RaftServer$Division (RaftServerImpl.java:requestVote(1251)) - f3cb6aab-e792-43b9-8109-2d5521605a5b@group-42F1C44EC713 replies to ELECTION vote request: d8f5a1f3-e512-499d-ae8e-3cd02accfea1<-f3cb6aab-e792-43b9-8109-2d5521605a5b#0:FAIL-t1. Peer's state: f3cb6aab-e792-43b9-8109-2d5521605a5b@group-42F1C44EC713:t1, leader=null, voted=f3cb6aab-e792-43b9-8109-2d5521605a5b, raftlog=Memoized:f3cb6aab-e792-43b9-8109-2d5521605a5b@group-42F1C44EC713-SegmentedRaftLog:OPENED:c-1, conf=-1: peers:[f3cb6aab-e792-43b9-8109-2d5521605a5b|rpc:10.1.1.103:38739|dataStream:10.1.1.103:37539|priority:0|startupRole:FOLLOWER, 16b0a967-ef5a-4382-99c2-95b744fea4a1|rpc:10.1.1.103:46459|dataStream:10.1.1.103:44335|priority:0|startupRole:FOLLOWER, d8f5a1f3-e512-499d-ae8e-3cd02accfea1|rpc:10.1.1.103:43661|dataStream:10.1.1.103:39865|priority:1|startupRole:FOLLOWER]|listeners:[], old=null
2023-01-16 14:41:59,090 [grpc-default-executor-2] INFO  server.RaftServer$Division (RaftServerImpl.java:requestVote(1218)) - 16b0a967-ef5a-4382-99c2-95b744fea4a1@group-42F1C44EC713: receive requestVote(ELECTION, f3cb6aab-e792-43b9-8109-2d5521605a5b, group-42F1C44EC713, 1, (t:0, i:0))
2023-01-16 14:41:59,090 [grpc-default-executor-2] INFO  impl.VoteContext (VoteContext.java:log(49)) - 16b0a967-ef5a-4382-99c2-95b744fea4a1@group-42F1C44EC713-FOLLOWER: accept ELECTION from f3cb6aab-e792-43b9-8109-2d5521605a5b: our priority 0 <= candidate's priority 0
2023-01-16 14:41:59,090 [grpc-default-executor-2] INFO  server.RaftServer$Division (RaftServerImpl.java:setRole(321)) - 16b0a967-ef5a-4382-99c2-95b744fea4a1@group-42F1C44EC713: changes role from  FOLLOWER to FOLLOWER at term 1 for candidate:f3cb6aab-e792-43b9-8109-2d5521605a5b
2023-01-16 14:41:59,090 [grpc-default-executor-2] INFO  impl.RoleInfo (RoleInfo.java:shutdownFollowerState(110)) - 16b0a967-ef5a-4382-99c2-95b744fea4a1: shutdown 16b0a967-ef5a-4382-99c2-95b744fea4a1@group-42F1C44EC713-FollowerState
2023-01-16 14:41:59,090 [16b0a967-ef5a-4382-99c2-95b744fea4a1@group-42F1C44EC713-FollowerState] INFO  impl.FollowerState (FollowerState.java:run(152)) - 16b0a967-ef5a-4382-99c2-95b744fea4a1@group-42F1C44EC713-FollowerState was interrupted
2023-01-16 14:41:59,095 [grpc-default-executor-2] INFO  impl.RoleInfo (RoleInfo.java:updateAndGet(139)) - 16b0a967-ef5a-4382-99c2-95b744fea4a1: start 16b0a967-ef5a-4382-99c2-95b744fea4a1@group-42F1C44EC713-FollowerState
2023-01-16 14:41:59,101 [grpc-default-executor-0] INFO  server.RaftServer$Division (RaftServerImpl.java:requestVote(1218)) - 16b0a967-ef5a-4382-99c2-95b744fea4a1@group-42F1C44EC713: receive requestVote(ELECTION, d8f5a1f3-e512-499d-ae8e-3cd02accfea1, group-42F1C44EC713, 1, (t:0, i:0))
2023-01-16 14:41:59,102 [grpc-default-executor-3] INFO  server.RaftServer$Division (RaftServerImpl.java:requestVote(1218)) - d8f5a1f3-e512-499d-ae8e-3cd02accfea1@group-42F1C44EC713: receive requestVote(ELECTION, f3cb6aab-e792-43b9-8109-2d5521605a5b, group-42F1C44EC713, 1, (t:0, i:0))
2023-01-16 14:41:59,102 [grpc-default-executor-3] INFO  impl.VoteContext (VoteContext.java:log(49)) - d8f5a1f3-e512-499d-ae8e-3cd02accfea1@group-42F1C44EC713-CANDIDATE: reject ELECTION from f3cb6aab-e792-43b9-8109-2d5521605a5b: already has voted for d8f5a1f3-e512-499d-ae8e-3cd02accfea1 at current term 1
2023-01-16 14:41:59,102 [grpc-default-executor-3] INFO  server.RaftServer$Division (RaftServerImpl.java:requestVote(1251)) - d8f5a1f3-e512-499d-ae8e-3cd02accfea1@group-42F1C44EC713 replies to ELECTION vote request: f3cb6aab-e792-43b9-8109-2d5521605a5b<-d8f5a1f3-e512-499d-ae8e-3cd02accfea1#0:FAIL-t1. Peer's state: d8f5a1f3-e512-499d-ae8e-3cd02accfea1@group-42F1C44EC713:t1, leader=null, voted=d8f5a1f3-e512-499d-ae8e-3cd02accfea1, raftlog=Memoized:d8f5a1f3-e512-499d-ae8e-3cd02accfea1@group-42F1C44EC713-SegmentedRaftLog:OPENED:c-1, conf=-1: peers:[f3cb6aab-e792-43b9-8109-2d5521605a5b|rpc:10.1.1.103:38739|dataStream:10.1.1.103:37539|priority:0|startupRole:FOLLOWER, 16b0a967-ef5a-4382-99c2-95b744fea4a1|rpc:10.1.1.103:46459|dataStream:10.1.1.103:44335|priority:0|startupRole:FOLLOWER, d8f5a1f3-e512-499d-ae8e-3cd02accfea1|rpc:10.1.1.103:43661|dataStream:10.1.1.103:39865|priority:1|startupRole:FOLLOWER]|listeners:[], old=null
2023-01-16 14:41:59,103 [grpc-default-executor-2] INFO  server.RaftServer$Division (RaftServerImpl.java:requestVote(1251)) - 16b0a967-ef5a-4382-99c2-95b744fea4a1@group-42F1C44EC713 replies to ELECTION vote request: f3cb6aab-e792-43b9-8109-2d5521605a5b<-16b0a967-ef5a-4382-99c2-95b744fea4a1#0:OK-t1. Peer's state: 16b0a967-ef5a-4382-99c2-95b744fea4a1@group-42F1C44EC713:t1, leader=null, voted=f3cb6aab-e792-43b9-8109-2d5521605a5b, raftlog=Memoized:16b0a967-ef5a-4382-99c2-95b744fea4a1@group-42F1C44EC713-SegmentedRaftLog:OPENED:c-1, conf=-1: peers:[f3cb6aab-e792-43b9-8109-2d5521605a5b|rpc:10.1.1.103:38739|dataStream:10.1.1.103:37539|priority:0|startupRole:FOLLOWER, 16b0a967-ef5a-4382-99c2-95b744fea4a1|rpc:10.1.1.103:46459|dataStream:10.1.1.103:44335|priority:0|startupRole:FOLLOWER, d8f5a1f3-e512-499d-ae8e-3cd02accfea1|rpc:10.1.1.103:43661|dataStream:10.1.1.103:39865|priority:1|startupRole:FOLLOWER]|listeners:[], old=null
2023-01-16 14:41:59,103 [grpc-default-executor-0] INFO  impl.VoteContext (VoteContext.java:log(49)) - 16b0a967-ef5a-4382-99c2-95b744fea4a1@group-42F1C44EC713-FOLLOWER: reject ELECTION from d8f5a1f3-e512-499d-ae8e-3cd02accfea1: already has voted for f3cb6aab-e792-43b9-8109-2d5521605a5b at current term 1
2023-01-16 14:41:59,103 [grpc-default-executor-0] INFO  server.RaftServer$Division (RaftServerImpl.java:requestVote(1251)) - 16b0a967-ef5a-4382-99c2-95b744fea4a1@group-42F1C44EC713 replies to ELECTION vote request: d8f5a1f3-e512-499d-ae8e-3cd02accfea1<-16b0a967-ef5a-4382-99c2-95b744fea4a1#0:FAIL-t1. Peer's state: 16b0a967-ef5a-4382-99c2-95b744fea4a1@group-42F1C44EC713:t1, leader=null, voted=f3cb6aab-e792-43b9-8109-2d5521605a5b, raftlog=Memoized:16b0a967-ef5a-4382-99c2-95b744fea4a1@group-42F1C44EC713-SegmentedRaftLog:OPENED:c-1, conf=-1: peers:[f3cb6aab-e792-43b9-8109-2d5521605a5b|rpc:10.1.1.103:38739|dataStream:10.1.1.103:37539|priority:0|startupRole:FOLLOWER, 16b0a967-ef5a-4382-99c2-95b744fea4a1|rpc:10.1.1.103:46459|dataStream:10.1.1.103:44335|priority:0|startupRole:FOLLOWER, d8f5a1f3-e512-499d-ae8e-3cd02accfea1|rpc:10.1.1.103:43661|dataStream:10.1.1.103:39865|priority:1|startupRole:FOLLOWER]|listeners:[], old=null
2023-01-16 14:41:59,108 [f3cb6aab-e792-43b9-8109-2d5521605a5b@group-42F1C44EC713-LeaderElection7] INFO  impl.LeaderElection (LeaderElection.java:logAndReturn(90)) - f3cb6aab-e792-43b9-8109-2d5521605a5b@group-42F1C44EC713-LeaderElection7: ELECTION REJECTED received 2 response(s) and 0 exception(s):
2023-01-16 14:41:59,108 [f3cb6aab-e792-43b9-8109-2d5521605a5b@group-42F1C44EC713-LeaderElection7] INFO  impl.LeaderElection (LeaderElection.java:logAndReturn(94)) -   Response 0: f3cb6aab-e792-43b9-8109-2d5521605a5b<-16b0a967-ef5a-4382-99c2-95b744fea4a1#0:OK-t1
2023-01-16 14:41:59,108 [f3cb6aab-e792-43b9-8109-2d5521605a5b@group-42F1C44EC713-LeaderElection7] INFO  impl.LeaderElection (LeaderElection.java:logAndReturn(94)) -   Response 1: f3cb6aab-e792-43b9-8109-2d5521605a5b<-d8f5a1f3-e512-499d-ae8e-3cd02accfea1#0:FAIL-t1
2023-01-16 14:41:59,108 [f3cb6aab-e792-43b9-8109-2d5521605a5b@group-42F1C44EC713-LeaderElection7] INFO  impl.LeaderElection (LeaderElection.java:askForVotes(314)) - f3cb6aab-e792-43b9-8109-2d5521605a5b@group-42F1C44EC713-LeaderElection7 ELECTION round 0: result REJECTED
2023-01-16 14:41:59,108 [d8f5a1f3-e512-499d-ae8e-3cd02accfea1@group-42F1C44EC713-LeaderElection6] INFO  impl.LeaderElection (LeaderElection.java:logAndReturn(90)) - d8f5a1f3-e512-499d-ae8e-3cd02accfea1@group-42F1C44EC713-LeaderElection6: ELECTION REJECTED received 2 response(s) and 0 exception(s):
2023-01-16 14:41:59,108 [d8f5a1f3-e512-499d-ae8e-3cd02accfea1@group-42F1C44EC713-LeaderElection6] INFO  impl.LeaderElection (LeaderElection.java:logAndReturn(94)) -   Response 0: d8f5a1f3-e512-499d-ae8e-3cd02accfea1<-f3cb6aab-e792-43b9-8109-2d5521605a5b#0:FAIL-t1
2023-01-16 14:41:59,108 [d8f5a1f3-e512-499d-ae8e-3cd02accfea1@group-42F1C44EC713-LeaderElection6] INFO  impl.LeaderElection (LeaderElection.java:logAndReturn(94)) -   Response 1: d8f5a1f3-e512-499d-ae8e-3cd02accfea1<-16b0a967-ef5a-4382-99c2-95b744fea4a1#0:FAIL-t1
2023-01-16 14:41:59,108 [f3cb6aab-e792-43b9-8109-2d5521605a5b@group-42F1C44EC713-LeaderElection7] INFO  server.RaftServer$Division (RaftServerImpl.java:setRole(321)) - f3cb6aab-e792-43b9-8109-2d5521605a5b@group-42F1C44EC713: changes role from CANDIDATE to FOLLOWER at term 1 for REJECTED
2023-01-16 14:41:59,109 [f3cb6aab-e792-43b9-8109-2d5521605a5b@group-42F1C44EC713-LeaderElection7] INFO  impl.RoleInfo (RoleInfo.java:shutdownLeaderElection(130)) - f3cb6aab-e792-43b9-8109-2d5521605a5b: shutdown f3cb6aab-e792-43b9-8109-2d5521605a5b@group-42F1C44EC713-LeaderElection7
2023-01-16 14:41:59,109 [f3cb6aab-e792-43b9-8109-2d5521605a5b@group-42F1C44EC713-LeaderElection7] INFO  impl.RoleInfo (RoleInfo.java:updateAndGet(139)) - f3cb6aab-e792-43b9-8109-2d5521605a5b: start f3cb6aab-e792-43b9-8109-2d5521605a5b@group-42F1C44EC713-FollowerState
2023-01-16 14:41:59,109 [16b0a967-ef5a-4382-99c2-95b744fea4a1@group-42F1C44EC713-FollowerState] INFO  server.RaftServerConfigKeys (ConfUtils.java:logFallback(53)) - raft.server.rpc.first-election.timeout.min = 5s (fallback to raft.server.rpc.timeout.min)
2023-01-16 14:41:59,111 [16b0a967-ef5a-4382-99c2-95b744fea4a1@group-42F1C44EC713-FollowerState] INFO  server.RaftServerConfigKeys (ConfUtils.java:logFallback(53)) - raft.server.rpc.first-election.timeout.max = 5200ms (fallback to raft.server.rpc.timeout.max)
2023-01-16 14:41:59,112 [f3cb6aab-e792-43b9-8109-2d5521605a5b@group-42F1C44EC713-FollowerState] INFO  server.RaftServerConfigKeys (ConfUtils.java:logFallback(53)) - raft.server.rpc.first-election.timeout.min = 5s (fallback to raft.server.rpc.timeout.min)
2023-01-16 14:41:59,112 [d8f5a1f3-e512-499d-ae8e-3cd02accfea1@group-42F1C44EC713-LeaderElection6] INFO  impl.LeaderElection (LeaderElection.java:askForVotes(314)) - d8f5a1f3-e512-499d-ae8e-3cd02accfea1@group-42F1C44EC713-LeaderElection6 ELECTION round 0: result REJECTED
2023-01-16 14:41:59,113 [d8f5a1f3-e512-499d-ae8e-3cd02accfea1@group-42F1C44EC713-LeaderElection6] INFO  server.RaftServer$Division (RaftServerImpl.java:setRole(321)) - d8f5a1f3-e512-499d-ae8e-3cd02accfea1@group-42F1C44EC713: changes role from CANDIDATE to FOLLOWER at term 1 for REJECTED
2023-01-16 14:41:59,113 [d8f5a1f3-e512-499d-ae8e-3cd02accfea1@group-42F1C44EC713-LeaderElection6] INFO  impl.RoleInfo (RoleInfo.java:shutdownLeaderElection(130)) - d8f5a1f3-e512-499d-ae8e-3cd02accfea1: shutdown d8f5a1f3-e512-499d-ae8e-3cd02accfea1@group-42F1C44EC713-LeaderElection6
2023-01-16 14:41:59,113 [d8f5a1f3-e512-499d-ae8e-3cd02accfea1@group-42F1C44EC713-LeaderElection6] INFO  impl.RoleInfo (RoleInfo.java:updateAndGet(139)) - d8f5a1f3-e512-499d-ae8e-3cd02accfea1: start d8f5a1f3-e512-499d-ae8e-3cd02accfea1@group-42F1C44EC713-FollowerState
2023-01-16 14:41:59,113 [f3cb6aab-e792-43b9-8109-2d5521605a5b@group-42F1C44EC713-FollowerState] INFO  server.RaftServerConfigKeys (ConfUtils.java:logFallback(53)) - raft.server.rpc.first-election.timeout.max = 5200ms (fallback to raft.server.rpc.timeout.max)
2023-01-16 14:41:59,116 [d8f5a1f3-e512-499d-ae8e-3cd02accfea1@group-42F1C44EC713-FollowerState] INFO  server.RaftServerConfigKeys (ConfUtils.java:logFallback(53)) - raft.server.rpc.first-election.timeout.min = 5s (fallback to raft.server.rpc.timeout.min)
2023-01-16 14:41:59,116 [d8f5a1f3-e512-499d-ae8e-3cd02accfea1@group-42F1C44EC713-FollowerState] INFO  server.RaftServerConfigKeys (ConfUtils.java:logFallback(53)) - raft.server.rpc.first-election.timeout.max = 5200ms (fallback to raft.server.rpc.timeout.max)
2023-01-16 14:41:59,245 [a1145108-ddcc-4325-a3dc-9d25daa38a10@group-5AD360400D61-FollowerState] INFO  impl.FollowerState (FollowerState.java:run(143)) - a1145108-ddcc-4325-a3dc-9d25daa38a10@group-5AD360400D61-FollowerState: change to CANDIDATE, lastRpcElapsedTime:5132524571ns, electionTimeout:5131ms
2023-01-16 14:41:59,245 [a1145108-ddcc-4325-a3dc-9d25daa38a10@group-5AD360400D61-FollowerState] INFO  impl.RoleInfo (RoleInfo.java:shutdownFollowerState(110)) - a1145108-ddcc-4325-a3dc-9d25daa38a10: shutdown a1145108-ddcc-4325-a3dc-9d25daa38a10@group-5AD360400D61-FollowerState
2023-01-16 14:41:59,245 [a1145108-ddcc-4325-a3dc-9d25daa38a10@group-5AD360400D61-FollowerState] INFO  server.RaftServer$Division (RaftServerImpl.java:setRole(321)) - a1145108-ddcc-4325-a3dc-9d25daa38a10@group-5AD360400D61: changes role from  FOLLOWER to CANDIDATE at term 0 for changeToCandidate
2023-01-16 14:41:59,246 [a1145108-ddcc-4325-a3dc-9d25daa38a10@group-5AD360400D61-FollowerState] INFO  server.RaftServerConfigKeys (ConfUtils.java:logGet(46)) - raft.server.leaderelection.pre-vote = false (custom)
2023-01-16 14:41:59,246 [a1145108-ddcc-4325-a3dc-9d25daa38a10@group-5AD360400D61-FollowerState] INFO  impl.RoleInfo (RoleInfo.java:updateAndGet(139)) - a1145108-ddcc-4325-a3dc-9d25daa38a10: start a1145108-ddcc-4325-a3dc-9d25daa38a10@group-5AD360400D61-LeaderElection8
2023-01-16 14:41:59,252 [a1145108-ddcc-4325-a3dc-9d25daa38a10@group-5AD360400D61-LeaderElection8] INFO  impl.LeaderElection (LeaderElection.java:askForVotes(312)) - a1145108-ddcc-4325-a3dc-9d25daa38a10@group-5AD360400D61-LeaderElection8 ELECTION round 0: submit vote requests at term 1 for -1: peers:[a1145108-ddcc-4325-a3dc-9d25daa38a10|rpc:10.1.1.103:33417|dataStream:10.1.1.103:39815|priority:1|startupRole:FOLLOWER]|listeners:[], old=null
2023-01-16 14:41:59,252 [a1145108-ddcc-4325-a3dc-9d25daa38a10@group-5AD360400D61-LeaderElection8] INFO  impl.LeaderElection (LeaderElection.java:askForVotes(314)) - a1145108-ddcc-4325-a3dc-9d25daa38a10@group-5AD360400D61-LeaderElection8 ELECTION round 0: result PASSED (term=1)
2023-01-16 14:41:59,252 [a1145108-ddcc-4325-a3dc-9d25daa38a10@group-5AD360400D61-LeaderElection8] INFO  impl.RoleInfo (RoleInfo.java:shutdownLeaderElection(130)) - a1145108-ddcc-4325-a3dc-9d25daa38a10: shutdown a1145108-ddcc-4325-a3dc-9d25daa38a10@group-5AD360400D61-LeaderElection8
2023-01-16 14:41:59,252 [a1145108-ddcc-4325-a3dc-9d25daa38a10@group-5AD360400D61-LeaderElection8] INFO  server.RaftServer$Division (RaftServerImpl.java:setRole(321)) - a1145108-ddcc-4325-a3dc-9d25daa38a10@group-5AD360400D61: changes role from CANDIDATE to LEADER at term 1 for changeToLeader
2023-01-16 14:41:59,252 [a1145108-ddcc-4325-a3dc-9d25daa38a10@group-5AD360400D61-LeaderElection8] INFO  ratis.XceiverServerRatis (XceiverServerRatis.java:handleLeaderChangedNotification(904)) - Leader change notification received for group: group-5AD360400D61 with new leaderId: a1145108-ddcc-4325-a3dc-9d25daa38a10
2023-01-16 14:41:59,252 [a1145108-ddcc-4325-a3dc-9d25daa38a10@group-5AD360400D61-LeaderElection8] INFO  server.RaftServer$Division (ServerState.java:setLeader(313)) - a1145108-ddcc-4325-a3dc-9d25daa38a10@group-5AD360400D61: change Leader from null to a1145108-ddcc-4325-a3dc-9d25daa38a10 at term 1 for becomeLeader, leader elected after 5184ms
2023-01-16 14:41:59,252 [a1145108-ddcc-4325-a3dc-9d25daa38a10@group-5AD360400D61-LeaderElection8] INFO  server.RaftServerConfigKeys (ConfUtils.java:logGet(46)) - raft.server.staging.catchup.gap = 1000 (default)
2023-01-16 14:41:59,252 [a1145108-ddcc-4325-a3dc-9d25daa38a10@group-5AD360400D61-LeaderElection8] INFO  server.RaftServerConfigKeys (ConfUtils.java:logGet(46)) - raft.server.write.element-limit = 1024 (custom)
2023-01-16 14:41:59,253 [a1145108-ddcc-4325-a3dc-9d25daa38a10@group-5AD360400D61-LeaderElection8] INFO  server.RaftServerConfigKeys (ConfUtils.java:logGet(46)) - raft.server.write.byte-limit = 1024 M (=1073741824) (custom)
2023-01-16 14:41:59,254 [a1145108-ddcc-4325-a3dc-9d25daa38a10@group-5AD360400D61-LeaderElection8] INFO  server.RaftServerConfigKeys (ConfUtils.java:logGet(46)) - raft.server.watch.timeout = 180s (custom)
2023-01-16 14:41:59,254 [a1145108-ddcc-4325-a3dc-9d25daa38a10@group-5AD360400D61-LeaderElection8] INFO  server.RaftServerConfigKeys (ConfUtils.java:logGet(46)) - raft.server.watch.timeout.denomination = 1s (default)
2023-01-16 14:41:59,254 [a1145108-ddcc-4325-a3dc-9d25daa38a10@group-5AD360400D61-LeaderElection8] INFO  server.RaftServerConfigKeys (ConfUtils.java:logGet(46)) - raft.server.watch.element-limit = 65536 (default)
2023-01-16 14:41:59,254 [a1145108-ddcc-4325-a3dc-9d25daa38a10@group-5AD360400D61-LeaderElection8] INFO  server.RaftServerConfigKeys (ConfUtils.java:logGet(46)) - raft.server.write.element-limit = 1024 (custom)
2023-01-16 14:41:59,254 [a1145108-ddcc-4325-a3dc-9d25daa38a10@group-5AD360400D61-LeaderElection8] INFO  server.RaftServerConfigKeys (ConfUtils.java:logGet(46)) - raft.server.write.follower.gap.ratio.max = -1.0 (default)
2023-01-16 14:41:59,255 [a1145108-ddcc-4325-a3dc-9d25daa38a10@group-5AD360400D61-LeaderElection8] INFO  impl.RoleInfo (RoleInfo.java:updateAndGet(139)) - a1145108-ddcc-4325-a3dc-9d25daa38a10: start a1145108-ddcc-4325-a3dc-9d25daa38a10@group-5AD360400D61-LeaderStateImpl
2023-01-16 14:41:59,255 [a1145108-ddcc-4325-a3dc-9d25daa38a10@group-5AD360400D61-LeaderElection8] INFO  segmented.SegmentedRaftLogWorker (SegmentedRaftLogWorker.java:startLogSegment(452)) - a1145108-ddcc-4325-a3dc-9d25daa38a10@group-5AD360400D61-SegmentedRaftLogWorker: Starting segment from index:0
2023-01-16 14:41:59,260 [a1145108-ddcc-4325-a3dc-9d25daa38a10@group-5AD360400D61-LeaderElection8] INFO  server.RaftServer$Division (ServerState.java:setRaftConf(430)) - a1145108-ddcc-4325-a3dc-9d25daa38a10@group-5AD360400D61: set configuration 0: peers:[a1145108-ddcc-4325-a3dc-9d25daa38a10|rpc:10.1.1.103:33417|dataStream:10.1.1.103:39815|priority:1|startupRole:FOLLOWER]|listeners:[], old=null
2023-01-16 14:41:59,262 [a1145108-ddcc-4325-a3dc-9d25daa38a10@group-5AD360400D61-SegmentedRaftLogWorker] INFO  segmented.SegmentedRaftLogWorker (SegmentedRaftLogWorker.java:execute(656)) - a1145108-ddcc-4325-a3dc-9d25daa38a10@group-5AD360400D61-SegmentedRaftLogWorker: created new log segment /home/runner/work/ozone/ozone/hadoop-ozone/integration-test/target/test-dir/MiniOzoneClusterImpl-bcd49b6a-245a-4637-b4c9-d6b301a8fda7/datanode-3/data/ratis/812bb351-50d2-4cb7-9650-5ad360400d61/current/log_inprogress_0
2023-01-16 14:41:59,272 [a1145108-ddcc-4325-a3dc-9d25daa38a10@group-2AFF055A5FD7-FollowerState] INFO  impl.FollowerState (FollowerState.java:run(143)) - a1145108-ddcc-4325-a3dc-9d25daa38a10@group-2AFF055A5FD7-FollowerState: change to CANDIDATE, lastRpcElapsedTime:5100030661ns, electionTimeout:5091ms
2023-01-16 14:41:59,272 [a1145108-ddcc-4325-a3dc-9d25daa38a10@group-2AFF055A5FD7-FollowerState] INFO  impl.RoleInfo (RoleInfo.java:shutdownFollowerState(110)) - a1145108-ddcc-4325-a3dc-9d25daa38a10: shutdown a1145108-ddcc-4325-a3dc-9d25daa38a10@group-2AFF055A5FD7-FollowerState
2023-01-16 14:41:59,273 [a1145108-ddcc-4325-a3dc-9d25daa38a10@group-2AFF055A5FD7-FollowerState] INFO  server.RaftServer$Division (RaftServerImpl.java:setRole(321)) - a1145108-ddcc-4325-a3dc-9d25daa38a10@group-2AFF055A5FD7: changes role from  FOLLOWER to CANDIDATE at term 0 for changeToCandidate
2023-01-16 14:41:59,273 [a1145108-ddcc-4325-a3dc-9d25daa38a10@group-2AFF055A5FD7-FollowerState] INFO  server.RaftServerConfigKeys (ConfUtils.java:logGet(46)) - raft.server.leaderelection.pre-vote = false (custom)
2023-01-16 14:41:59,273 [a1145108-ddcc-4325-a3dc-9d25daa38a10@group-2AFF055A5FD7-FollowerState] INFO  impl.RoleInfo (RoleInfo.java:updateAndGet(139)) - a1145108-ddcc-4325-a3dc-9d25daa38a10: start a1145108-ddcc-4325-a3dc-9d25daa38a10@group-2AFF055A5FD7-LeaderElection9
2023-01-16 14:41:59,276 [a1145108-ddcc-4325-a3dc-9d25daa38a10@group-2AFF055A5FD7-LeaderElection9] INFO  impl.LeaderElection (LeaderElection.java:askForVotes(312)) - a1145108-ddcc-4325-a3dc-9d25daa38a10@group-2AFF055A5FD7-LeaderElection9 ELECTION round 0: submit vote requests at term 1 for -1: peers:[a1145108-ddcc-4325-a3dc-9d25daa38a10|rpc:10.1.1.103:33417|dataStream:10.1.1.103:39815|priority:0|startupRole:FOLLOWER, 546a26c7-7703-4678-9acf-4f791a68dfff|rpc:10.1.1.103:38573|dataStream:10.1.1.103:40475|priority:1|startupRole:FOLLOWER, aa7a6908-eed5-4cf8-8df5-4bd7779adcda|rpc:10.1.1.103:46359|dataStream:10.1.1.103:32839|priority:0|startupRole:FOLLOWER]|listeners:[], old=null
2023-01-16 14:41:59,276 [a1145108-ddcc-4325-a3dc-9d25daa38a10@group-2AFF055A5FD7-LeaderElection9-1] INFO  server.GrpcServerProtocolClient (GrpcServerProtocolClient.java:<init>(63)) - Build channel for 546a26c7-7703-4678-9acf-4f791a68dfff
2023-01-16 14:41:59,290 [a1145108-ddcc-4325-a3dc-9d25daa38a10@group-2AFF055A5FD7-LeaderElection9] INFO  server.RaftServerConfigKeys (ConfUtils.java:logFallback(53)) - raft.server.rpc.first-election.timeout.min = 5s (fallback to raft.server.rpc.timeout.min)
2023-01-16 14:41:59,291 [a1145108-ddcc-4325-a3dc-9d25daa38a10@group-2AFF055A5FD7-LeaderElection9-2] INFO  server.GrpcServerProtocolClient (GrpcServerProtocolClient.java:<init>(63)) - Build channel for aa7a6908-eed5-4cf8-8df5-4bd7779adcda
2023-01-16 14:41:59,291 [a1145108-ddcc-4325-a3dc-9d25daa38a10@group-2AFF055A5FD7-LeaderElection9] INFO  server.RaftServerConfigKeys (ConfUtils.java:logFallback(53)) - raft.server.rpc.first-election.timeout.max = 5200ms (fallback to raft.server.rpc.timeout.max)
2023-01-16 14:41:59,295 [grpc-default-executor-2] INFO  server.RaftServer$Division (RaftServerImpl.java:requestVote(1218)) - 546a26c7-7703-4678-9acf-4f791a68dfff@group-2AFF055A5FD7: receive requestVote(ELECTION, a1145108-ddcc-4325-a3dc-9d25daa38a10, group-2AFF055A5FD7, 1, (t:0, i:0))
2023-01-16 14:41:59,295 [grpc-default-executor-2] INFO  impl.VoteContext (VoteContext.java:log(49)) - 546a26c7-7703-4678-9acf-4f791a68dfff@group-2AFF055A5FD7-FOLLOWER: reject ELECTION from a1145108-ddcc-4325-a3dc-9d25daa38a10: our priority 1 > candidate's priority 0
2023-01-16 14:41:59,295 [grpc-default-executor-2] INFO  server.RaftServer$Division (RaftServerImpl.java:setRole(321)) - 546a26c7-7703-4678-9acf-4f791a68dfff@group-2AFF055A5FD7: changes role from  FOLLOWER to FOLLOWER at term 1 for candidate:a1145108-ddcc-4325-a3dc-9d25daa38a10
2023-01-16 14:41:59,295 [grpc-default-executor-2] INFO  impl.RoleInfo (RoleInfo.java:shutdownFollowerState(110)) - 546a26c7-7703-4678-9acf-4f791a68dfff: shutdown 546a26c7-7703-4678-9acf-4f791a68dfff@group-2AFF055A5FD7-FollowerState
2023-01-16 14:41:59,295 [546a26c7-7703-4678-9acf-4f791a68dfff@group-2AFF055A5FD7-FollowerState] INFO  impl.FollowerState (FollowerState.java:run(152)) - 546a26c7-7703-4678-9acf-4f791a68dfff@group-2AFF055A5FD7-FollowerState was interrupted
2023-01-16 14:41:59,296 [grpc-default-executor-2] INFO  impl.RoleInfo (RoleInfo.java:updateAndGet(139)) - 546a26c7-7703-4678-9acf-4f791a68dfff: start 546a26c7-7703-4678-9acf-4f791a68dfff@group-2AFF055A5FD7-FollowerState
2023-01-16 14:41:59,297 [546a26c7-7703-4678-9acf-4f791a68dfff@group-2AFF055A5FD7-FollowerState] INFO  server.RaftServerConfigKeys (ConfUtils.java:logFallback(53)) - raft.server.rpc.first-election.timeout.min = 5s (fallback to raft.server.rpc.timeout.min)
2023-01-16 14:41:59,297 [546a26c7-7703-4678-9acf-4f791a68dfff@group-2AFF055A5FD7-FollowerState] INFO  server.RaftServerConfigKeys (ConfUtils.java:logFallback(53)) - raft.server.rpc.first-election.timeout.max = 5200ms (fallback to raft.server.rpc.timeout.max)
2023-01-16 14:41:59,304 [grpc-default-executor-2] INFO  server.RaftServer$Division (RaftServerImpl.java:requestVote(1251)) - 546a26c7-7703-4678-9acf-4f791a68dfff@group-2AFF055A5FD7 replies to ELECTION vote request: a1145108-ddcc-4325-a3dc-9d25daa38a10<-546a26c7-7703-4678-9acf-4f791a68dfff#0:FAIL-t1. Peer's state: 546a26c7-7703-4678-9acf-4f791a68dfff@group-2AFF055A5FD7:t1, leader=null, voted=null, raftlog=Memoized:546a26c7-7703-4678-9acf-4f791a68dfff@group-2AFF055A5FD7-SegmentedRaftLog:OPENED:c-1, conf=-1: peers:[a1145108-ddcc-4325-a3dc-9d25daa38a10|rpc:10.1.1.103:33417|dataStream:10.1.1.103:39815|priority:0|startupRole:FOLLOWER, 546a26c7-7703-4678-9acf-4f791a68dfff|rpc:10.1.1.103:38573|dataStream:10.1.1.103:40475|priority:1|startupRole:FOLLOWER, aa7a6908-eed5-4cf8-8df5-4bd7779adcda|rpc:10.1.1.103:46359|dataStream:10.1.1.103:32839|priority:0|startupRole:FOLLOWER]|listeners:[], old=null
2023-01-16 14:41:59,308 [a1145108-ddcc-4325-a3dc-9d25daa38a10@group-2AFF055A5FD7-LeaderElection9] INFO  impl.LeaderElection (LeaderElection.java:logAndReturn(90)) - a1145108-ddcc-4325-a3dc-9d25daa38a10@group-2AFF055A5FD7-LeaderElection9: ELECTION REJECTED received 1 response(s) and 0 exception(s):
2023-01-16 14:41:59,308 [a1145108-ddcc-4325-a3dc-9d25daa38a10@group-2AFF055A5FD7-LeaderElection9] INFO  impl.LeaderElection (LeaderElection.java:logAndReturn(94)) -   Response 0: a1145108-ddcc-4325-a3dc-9d25daa38a10<-546a26c7-7703-4678-9acf-4f791a68dfff#0:FAIL-t1
2023-01-16 14:41:59,308 [a1145108-ddcc-4325-a3dc-9d25daa38a10@group-2AFF055A5FD7-LeaderElection9] INFO  impl.LeaderElection (LeaderElection.java:askForVotes(314)) - a1145108-ddcc-4325-a3dc-9d25daa38a10@group-2AFF055A5FD7-LeaderElection9 ELECTION round 0: result REJECTED
2023-01-16 14:41:59,308 [a1145108-ddcc-4325-a3dc-9d25daa38a10@group-2AFF055A5FD7-LeaderElection9] INFO  server.RaftServer$Division (RaftServerImpl.java:setRole(321)) - a1145108-ddcc-4325-a3dc-9d25daa38a10@group-2AFF055A5FD7: changes role from CANDIDATE to FOLLOWER at term 1 for REJECTED
2023-01-16 14:41:59,308 [a1145108-ddcc-4325-a3dc-9d25daa38a10@group-2AFF055A5FD7-LeaderElection9] INFO  impl.RoleInfo (RoleInfo.java:shutdownLeaderElection(130)) - a1145108-ddcc-4325-a3dc-9d25daa38a10: shutdown a1145108-ddcc-4325-a3dc-9d25daa38a10@group-2AFF055A5FD7-LeaderElection9
2023-01-16 14:41:59,309 [a1145108-ddcc-4325-a3dc-9d25daa38a10@group-2AFF055A5FD7-LeaderElection9] INFO  impl.RoleInfo (RoleInfo.java:updateAndGet(139)) - a1145108-ddcc-4325-a3dc-9d25daa38a10: start a1145108-ddcc-4325-a3dc-9d25daa38a10@group-2AFF055A5FD7-FollowerState
2023-01-16 14:41:59,312 [a1145108-ddcc-4325-a3dc-9d25daa38a10@group-2AFF055A5FD7-FollowerState] INFO  server.RaftServerConfigKeys (ConfUtils.java:logFallback(53)) - raft.server.rpc.first-election.timeout.min = 5s (fallback to raft.server.rpc.timeout.min)
2023-01-16 14:41:59,313 [grpc-default-executor-2] INFO  server.RaftServer$Division (RaftServerImpl.java:requestVote(1218)) - aa7a6908-eed5-4cf8-8df5-4bd7779adcda@group-2AFF055A5FD7: receive requestVote(ELECTION, a1145108-ddcc-4325-a3dc-9d25daa38a10, group-2AFF055A5FD7, 1, (t:0, i:0))
2023-01-16 14:41:59,315 [a1145108-ddcc-4325-a3dc-9d25daa38a10@group-2AFF055A5FD7-FollowerState] INFO  server.RaftServerConfigKeys (ConfUtils.java:logFallback(53)) - raft.server.rpc.first-election.timeout.max = 5200ms (fallback to raft.server.rpc.timeout.max)
2023-01-16 14:41:59,315 [grpc-default-executor-2] INFO  impl.VoteContext (VoteContext.java:log(49)) - aa7a6908-eed5-4cf8-8df5-4bd7779adcda@group-2AFF055A5FD7-FOLLOWER: accept ELECTION from a1145108-ddcc-4325-a3dc-9d25daa38a10: our priority 0 <= candidate's priority 0
2023-01-16 14:41:59,315 [grpc-default-executor-2] INFO  server.RaftServer$Division (RaftServerImpl.java:setRole(321)) - aa7a6908-eed5-4cf8-8df5-4bd7779adcda@group-2AFF055A5FD7: changes role from  FOLLOWER to FOLLOWER at term 1 for candidate:a1145108-ddcc-4325-a3dc-9d25daa38a10
2023-01-16 14:41:59,316 [grpc-default-executor-2] INFO  impl.RoleInfo (RoleInfo.java:shutdownFollowerState(110)) - aa7a6908-eed5-4cf8-8df5-4bd7779adcda: shutdown aa7a6908-eed5-4cf8-8df5-4bd7779adcda@group-2AFF055A5FD7-FollowerState
2023-01-16 14:41:59,316 [aa7a6908-eed5-4cf8-8df5-4bd7779adcda@group-2AFF055A5FD7-FollowerState] INFO  impl.FollowerState (FollowerState.java:run(152)) - aa7a6908-eed5-4cf8-8df5-4bd7779adcda@group-2AFF055A5FD7-FollowerState was interrupted
2023-01-16 14:41:59,318 [grpc-default-executor-2] INFO  impl.RoleInfo (RoleInfo.java:updateAndGet(139)) - aa7a6908-eed5-4cf8-8df5-4bd7779adcda: start aa7a6908-eed5-4cf8-8df5-4bd7779adcda@group-2AFF055A5FD7-FollowerState
2023-01-16 14:41:59,319 [aa7a6908-eed5-4cf8-8df5-4bd7779adcda@group-2AFF055A5FD7-FollowerState] INFO  server.RaftServerConfigKeys (ConfUtils.java:logFallback(53)) - raft.server.rpc.first-election.timeout.min = 5s (fallback to raft.server.rpc.timeout.min)
2023-01-16 14:41:59,319 [aa7a6908-eed5-4cf8-8df5-4bd7779adcda@group-2AFF055A5FD7-FollowerState] INFO  server.RaftServerConfigKeys (ConfUtils.java:logFallback(53)) - raft.server.rpc.first-election.timeout.max = 5200ms (fallback to raft.server.rpc.timeout.max)
2023-01-16 14:41:59,320 [grpc-default-executor-2] INFO  server.RaftServer$Division (RaftServerImpl.java:requestVote(1251)) - aa7a6908-eed5-4cf8-8df5-4bd7779adcda@group-2AFF055A5FD7 replies to ELECTION vote request: a1145108-ddcc-4325-a3dc-9d25daa38a10<-aa7a6908-eed5-4cf8-8df5-4bd7779adcda#0:OK-t1. Peer's state: aa7a6908-eed5-4cf8-8df5-4bd7779adcda@group-2AFF055A5FD7:t1, leader=null, voted=a1145108-ddcc-4325-a3dc-9d25daa38a10, raftlog=Memoized:aa7a6908-eed5-4cf8-8df5-4bd7779adcda@group-2AFF055A5FD7-SegmentedRaftLog:OPENED:c-1, conf=-1: peers:[a1145108-ddcc-4325-a3dc-9d25daa38a10|rpc:10.1.1.103:33417|dataStream:10.1.1.103:39815|priority:0|startupRole:FOLLOWER, 546a26c7-7703-4678-9acf-4f791a68dfff|rpc:10.1.1.103:38573|dataStream:10.1.1.103:40475|priority:1|startupRole:FOLLOWER, aa7a6908-eed5-4cf8-8df5-4bd7779adcda|rpc:10.1.1.103:46359|dataStream:10.1.1.103:32839|priority:0|startupRole:FOLLOWER]|listeners:[], old=null
2023-01-16 14:41:59,402 [a1145108-ddcc-4325-a3dc-9d25daa38a10@group-41A4BCDBBC85-FollowerState] INFO  impl.FollowerState (FollowerState.java:run(143)) - a1145108-ddcc-4325-a3dc-9d25daa38a10@group-41A4BCDBBC85-FollowerState: change to CANDIDATE, lastRpcElapsedTime:5016751482ns, electionTimeout:5012ms
2023-01-16 14:41:59,403 [a1145108-ddcc-4325-a3dc-9d25daa38a10@group-41A4BCDBBC85-FollowerState] INFO  impl.RoleInfo (RoleInfo.java:shutdownFollowerState(110)) - a1145108-ddcc-4325-a3dc-9d25daa38a10: shutdown a1145108-ddcc-4325-a3dc-9d25daa38a10@group-41A4BCDBBC85-FollowerState
2023-01-16 14:41:59,403 [a1145108-ddcc-4325-a3dc-9d25daa38a10@group-41A4BCDBBC85-FollowerState] INFO  server.RaftServer$Division (RaftServerImpl.java:setRole(321)) - a1145108-ddcc-4325-a3dc-9d25daa38a10@group-41A4BCDBBC85: changes role from  FOLLOWER to CANDIDATE at term 0 for changeToCandidate
2023-01-16 14:41:59,403 [a1145108-ddcc-4325-a3dc-9d25daa38a10@group-41A4BCDBBC85-FollowerState] INFO  server.RaftServerConfigKeys (ConfUtils.java:logGet(46)) - raft.server.leaderelection.pre-vote = false (custom)
2023-01-16 14:41:59,403 [a1145108-ddcc-4325-a3dc-9d25daa38a10@group-41A4BCDBBC85-FollowerState] INFO  impl.RoleInfo (RoleInfo.java:updateAndGet(139)) - a1145108-ddcc-4325-a3dc-9d25daa38a10: start a1145108-ddcc-4325-a3dc-9d25daa38a10@group-41A4BCDBBC85-LeaderElection10
2023-01-16 14:41:59,407 [a1145108-ddcc-4325-a3dc-9d25daa38a10@group-41A4BCDBBC85-LeaderElection10] INFO  impl.LeaderElection (LeaderElection.java:askForVotes(312)) - a1145108-ddcc-4325-a3dc-9d25daa38a10@group-41A4BCDBBC85-LeaderElection10 ELECTION round 0: submit vote requests at term 1 for -1: peers:[a1145108-ddcc-4325-a3dc-9d25daa38a10|rpc:10.1.1.103:33417|dataStream:10.1.1.103:39815|priority:0|startupRole:FOLLOWER, 546a26c7-7703-4678-9acf-4f791a68dfff|rpc:10.1.1.103:38573|dataStream:10.1.1.103:40475|priority:0|startupRole:FOLLOWER, aa7a6908-eed5-4cf8-8df5-4bd7779adcda|rpc:10.1.1.103:46359|dataStream:10.1.1.103:32839|priority:1|startupRole:FOLLOWER]|listeners:[], old=null
2023-01-16 14:41:59,408 [a1145108-ddcc-4325-a3dc-9d25daa38a10@group-41A4BCDBBC85-LeaderElection10] INFO  server.RaftServerConfigKeys (ConfUtils.java:logFallback(53)) - raft.server.rpc.first-election.timeout.min = 5s (fallback to raft.server.rpc.timeout.min)
2023-01-16 14:41:59,408 [a1145108-ddcc-4325-a3dc-9d25daa38a10@group-41A4BCDBBC85-LeaderElection10] INFO  server.RaftServerConfigKeys (ConfUtils.java:logFallback(53)) - raft.server.rpc.first-election.timeout.max = 5200ms (fallback to raft.server.rpc.timeout.max)
2023-01-16 14:41:59,412 [grpc-default-executor-0] INFO  server.RaftServer$Division (RaftServerImpl.java:requestVote(1218)) - 546a26c7-7703-4678-9acf-4f791a68dfff@group-41A4BCDBBC85: receive requestVote(ELECTION, a1145108-ddcc-4325-a3dc-9d25daa38a10, group-41A4BCDBBC85, 1, (t:0, i:0))
2023-01-16 14:41:59,413 [grpc-default-executor-0] INFO  impl.VoteContext (VoteContext.java:log(49)) - 546a26c7-7703-4678-9acf-4f791a68dfff@group-41A4BCDBBC85-FOLLOWER: accept ELECTION from a1145108-ddcc-4325-a3dc-9d25daa38a10: our priority 0 <= candidate's priority 0
2023-01-16 14:41:59,413 [grpc-default-executor-0] INFO  server.RaftServer$Division (RaftServerImpl.java:setRole(321)) - 546a26c7-7703-4678-9acf-4f791a68dfff@group-41A4BCDBBC85: changes role from  FOLLOWER to FOLLOWER at term 1 for candidate:a1145108-ddcc-4325-a3dc-9d25daa38a10
2023-01-16 14:41:59,413 [grpc-default-executor-0] INFO  impl.RoleInfo (RoleInfo.java:shutdownFollowerState(110)) - 546a26c7-7703-4678-9acf-4f791a68dfff: shutdown 546a26c7-7703-4678-9acf-4f791a68dfff@group-41A4BCDBBC85-FollowerState
2023-01-16 14:41:59,413 [grpc-default-executor-0] INFO  impl.RoleInfo (RoleInfo.java:updateAndGet(139)) - 546a26c7-7703-4678-9acf-4f791a68dfff: start 546a26c7-7703-4678-9acf-4f791a68dfff@group-41A4BCDBBC85-FollowerState
2023-01-16 14:41:59,413 [546a26c7-7703-4678-9acf-4f791a68dfff@group-41A4BCDBBC85-FollowerState] INFO  impl.FollowerState (FollowerState.java:run(152)) - 546a26c7-7703-4678-9acf-4f791a68dfff@group-41A4BCDBBC85-FollowerState was interrupted
2023-01-16 14:41:59,416 [grpc-default-executor-2] INFO  server.RaftServer$Division (RaftServerImpl.java:requestVote(1218)) - aa7a6908-eed5-4cf8-8df5-4bd7779adcda@group-41A4BCDBBC85: receive requestVote(ELECTION, a1145108-ddcc-4325-a3dc-9d25daa38a10, group-41A4BCDBBC85, 1, (t:0, i:0))
2023-01-16 14:41:59,417 [grpc-default-executor-2] INFO  impl.VoteContext (VoteContext.java:log(49)) - aa7a6908-eed5-4cf8-8df5-4bd7779adcda@group-41A4BCDBBC85-FOLLOWER: reject ELECTION from a1145108-ddcc-4325-a3dc-9d25daa38a10: our priority 1 > candidate's priority 0
2023-01-16 14:41:59,417 [grpc-default-executor-2] INFO  server.RaftServer$Division (RaftServerImpl.java:setRole(321)) - aa7a6908-eed5-4cf8-8df5-4bd7779adcda@group-41A4BCDBBC85: changes role from  FOLLOWER to FOLLOWER at term 1 for candidate:a1145108-ddcc-4325-a3dc-9d25daa38a10
2023-01-16 14:41:59,417 [grpc-default-executor-2] INFO  impl.RoleInfo (RoleInfo.java:shutdownFollowerState(110)) - aa7a6908-eed5-4cf8-8df5-4bd7779adcda: shutdown aa7a6908-eed5-4cf8-8df5-4bd7779adcda@group-41A4BCDBBC85-FollowerState
2023-01-16 14:41:59,417 [grpc-default-executor-2] INFO  impl.RoleInfo (RoleInfo.java:updateAndGet(139)) - aa7a6908-eed5-4cf8-8df5-4bd7779adcda: start aa7a6908-eed5-4cf8-8df5-4bd7779adcda@group-41A4BCDBBC85-FollowerState
2023-01-16 14:41:59,417 [aa7a6908-eed5-4cf8-8df5-4bd7779adcda@group-41A4BCDBBC85-FollowerState] INFO  impl.FollowerState (FollowerState.java:run(152)) - aa7a6908-eed5-4cf8-8df5-4bd7779adcda@group-41A4BCDBBC85-FollowerState was interrupted
2023-01-16 14:41:59,421 [546a26c7-7703-4678-9acf-4f791a68dfff@group-41A4BCDBBC85-FollowerState] INFO  server.RaftServerConfigKeys (ConfUtils.java:logFallback(53)) - raft.server.rpc.first-election.timeout.min = 5s (fallback to raft.server.rpc.timeout.min)
2023-01-16 14:41:59,421 [grpc-default-executor-0] INFO  server.RaftServer$Division (RaftServerImpl.java:requestVote(1251)) - 546a26c7-7703-4678-9acf-4f791a68dfff@group-41A4BCDBBC85 replies to ELECTION vote request: a1145108-ddcc-4325-a3dc-9d25daa38a10<-546a26c7-7703-4678-9acf-4f791a68dfff#0:OK-t1. Peer's state: 546a26c7-7703-4678-9acf-4f791a68dfff@group-41A4BCDBBC85:t1, leader=null, voted=a1145108-ddcc-4325-a3dc-9d25daa38a10, raftlog=Memoized:546a26c7-7703-4678-9acf-4f791a68dfff@group-41A4BCDBBC85-SegmentedRaftLog:OPENED:c-1, conf=-1: peers:[a1145108-ddcc-4325-a3dc-9d25daa38a10|rpc:10.1.1.103:33417|dataStream:10.1.1.103:39815|priority:0|startupRole:FOLLOWER, 546a26c7-7703-4678-9acf-4f791a68dfff|rpc:10.1.1.103:38573|dataStream:10.1.1.103:40475|priority:0|startupRole:FOLLOWER, aa7a6908-eed5-4cf8-8df5-4bd7779adcda|rpc:10.1.1.103:46359|dataStream:10.1.1.103:32839|priority:1|startupRole:FOLLOWER]|listeners:[], old=null
2023-01-16 14:41:59,421 [grpc-default-executor-2] INFO  server.RaftServer$Division (RaftServerImpl.java:requestVote(1251)) - aa7a6908-eed5-4cf8-8df5-4bd7779adcda@group-41A4BCDBBC85 replies to ELECTION vote request: a1145108-ddcc-4325-a3dc-9d25daa38a10<-aa7a6908-eed5-4cf8-8df5-4bd7779adcda#0:FAIL-t1. Peer's state: aa7a6908-eed5-4cf8-8df5-4bd7779adcda@group-41A4BCDBBC85:t1, leader=null, voted=null, raftlog=Memoized:aa7a6908-eed5-4cf8-8df5-4bd7779adcda@group-41A4BCDBBC85-SegmentedRaftLog:OPENED:c-1, conf=-1: peers:[a1145108-ddcc-4325-a3dc-9d25daa38a10|rpc:10.1.1.103:33417|dataStream:10.1.1.103:39815|priority:0|startupRole:FOLLOWER, 546a26c7-7703-4678-9acf-4f791a68dfff|rpc:10.1.1.103:38573|dataStream:10.1.1.103:40475|priority:0|startupRole:FOLLOWER, aa7a6908-eed5-4cf8-8df5-4bd7779adcda|rpc:10.1.1.103:46359|dataStream:10.1.1.103:32839|priority:1|startupRole:FOLLOWER]|listeners:[], old=null
2023-01-16 14:41:59,422 [aa7a6908-eed5-4cf8-8df5-4bd7779adcda@group-41A4BCDBBC85-FollowerState] INFO  server.RaftServerConfigKeys (ConfUtils.java:logFallback(53)) - raft.server.rpc.first-election.timeout.min = 5s (fallback to raft.server.rpc.timeout.min)
2023-01-16 14:41:59,422 [aa7a6908-eed5-4cf8-8df5-4bd7779adcda@group-41A4BCDBBC85-FollowerState] INFO  server.RaftServerConfigKeys (ConfUtils.java:logFallback(53)) - raft.server.rpc.first-election.timeout.max = 5200ms (fallback to raft.server.rpc.timeout.max)
2023-01-16 14:41:59,422 [546a26c7-7703-4678-9acf-4f791a68dfff@group-41A4BCDBBC85-FollowerState] INFO  server.RaftServerConfigKeys (ConfUtils.java:logFallback(53)) - raft.server.rpc.first-election.timeout.max = 5200ms (fallback to raft.server.rpc.timeout.max)
2023-01-16 14:41:59,423 [a1145108-ddcc-4325-a3dc-9d25daa38a10@group-41A4BCDBBC85-LeaderElection10] INFO  impl.LeaderElection (LeaderElection.java:logAndReturn(90)) - a1145108-ddcc-4325-a3dc-9d25daa38a10@group-41A4BCDBBC85-LeaderElection10: ELECTION REJECTED received 1 response(s) and 0 exception(s):
2023-01-16 14:41:59,424 [a1145108-ddcc-4325-a3dc-9d25daa38a10@group-41A4BCDBBC85-LeaderElection10] INFO  impl.LeaderElection (LeaderElection.java:logAndReturn(94)) -   Response 0: a1145108-ddcc-4325-a3dc-9d25daa38a10<-aa7a6908-eed5-4cf8-8df5-4bd7779adcda#0:FAIL-t1
2023-01-16 14:41:59,424 [a1145108-ddcc-4325-a3dc-9d25daa38a10@group-41A4BCDBBC85-LeaderElection10] INFO  impl.LeaderElection (LeaderElection.java:askForVotes(314)) - a1145108-ddcc-4325-a3dc-9d25daa38a10@group-41A4BCDBBC85-LeaderElection10 ELECTION round 0: result REJECTED
2023-01-16 14:41:59,424 [a1145108-ddcc-4325-a3dc-9d25daa38a10@group-41A4BCDBBC85-LeaderElection10] INFO  server.RaftServer$Division (RaftServerImpl.java:setRole(321)) - a1145108-ddcc-4325-a3dc-9d25daa38a10@group-41A4BCDBBC85: changes role from CANDIDATE to FOLLOWER at term 1 for REJECTED
2023-01-16 14:41:59,424 [a1145108-ddcc-4325-a3dc-9d25daa38a10@group-41A4BCDBBC85-LeaderElection10] INFO  impl.RoleInfo (RoleInfo.java:shutdownLeaderElection(130)) - a1145108-ddcc-4325-a3dc-9d25daa38a10: shutdown a1145108-ddcc-4325-a3dc-9d25daa38a10@group-41A4BCDBBC85-LeaderElection10
2023-01-16 14:41:59,424 [a1145108-ddcc-4325-a3dc-9d25daa38a10@group-41A4BCDBBC85-LeaderElection10] INFO  impl.RoleInfo (RoleInfo.java:updateAndGet(139)) - a1145108-ddcc-4325-a3dc-9d25daa38a10: start a1145108-ddcc-4325-a3dc-9d25daa38a10@group-41A4BCDBBC85-FollowerState
2023-01-16 14:41:59,430 [a1145108-ddcc-4325-a3dc-9d25daa38a10@group-41A4BCDBBC85-FollowerState] INFO  server.RaftServerConfigKeys (ConfUtils.java:logFallback(53)) - raft.server.rpc.first-election.timeout.min = 5s (fallback to raft.server.rpc.timeout.min)
2023-01-16 14:41:59,431 [a1145108-ddcc-4325-a3dc-9d25daa38a10@group-41A4BCDBBC85-FollowerState] INFO  server.RaftServerConfigKeys (ConfUtils.java:logFallback(53)) - raft.server.rpc.first-election.timeout.max = 5200ms (fallback to raft.server.rpc.timeout.max)
2023-01-16 14:41:59,604 [546a26c7-7703-4678-9acf-4f791a68dfff@group-29D64E963AF7-FollowerState] INFO  impl.FollowerState (FollowerState.java:run(143)) - 546a26c7-7703-4678-9acf-4f791a68dfff@group-29D64E963AF7-FollowerState: change to CANDIDATE, lastRpcElapsedTime:5211989238ns, electionTimeout:5197ms
2023-01-16 14:41:59,605 [546a26c7-7703-4678-9acf-4f791a68dfff@group-29D64E963AF7-FollowerState] INFO  impl.RoleInfo (RoleInfo.java:shutdownFollowerState(110)) - 546a26c7-7703-4678-9acf-4f791a68dfff: shutdown 546a26c7-7703-4678-9acf-4f791a68dfff@group-29D64E963AF7-FollowerState
2023-01-16 14:41:59,605 [546a26c7-7703-4678-9acf-4f791a68dfff@group-29D64E963AF7-FollowerState] INFO  server.RaftServer$Division (RaftServerImpl.java:setRole(321)) - 546a26c7-7703-4678-9acf-4f791a68dfff@group-29D64E963AF7: changes role from  FOLLOWER to CANDIDATE at term 0 for changeToCandidate
2023-01-16 14:41:59,605 [546a26c7-7703-4678-9acf-4f791a68dfff@group-29D64E963AF7-FollowerState] INFO  server.RaftServerConfigKeys (ConfUtils.java:logGet(46)) - raft.server.leaderelection.pre-vote = false (custom)
2023-01-16 14:41:59,605 [546a26c7-7703-4678-9acf-4f791a68dfff@group-29D64E963AF7-FollowerState] INFO  impl.RoleInfo (RoleInfo.java:updateAndGet(139)) - 546a26c7-7703-4678-9acf-4f791a68dfff: start 546a26c7-7703-4678-9acf-4f791a68dfff@group-29D64E963AF7-LeaderElection11
2023-01-16 14:41:59,611 [546a26c7-7703-4678-9acf-4f791a68dfff@group-29D64E963AF7-LeaderElection11] INFO  impl.LeaderElection (LeaderElection.java:askForVotes(312)) - 546a26c7-7703-4678-9acf-4f791a68dfff@group-29D64E963AF7-LeaderElection11 ELECTION round 0: submit vote requests at term 1 for -1: peers:[546a26c7-7703-4678-9acf-4f791a68dfff|rpc:10.1.1.103:38573|dataStream:10.1.1.103:40475|priority:1|startupRole:FOLLOWER]|listeners:[], old=null
2023-01-16 14:41:59,611 [546a26c7-7703-4678-9acf-4f791a68dfff@group-29D64E963AF7-LeaderElection11] INFO  impl.LeaderElection (LeaderElection.java:askForVotes(314)) - 546a26c7-7703-4678-9acf-4f791a68dfff@group-29D64E963AF7-LeaderElection11 ELECTION round 0: result PASSED (term=1)
2023-01-16 14:41:59,611 [546a26c7-7703-4678-9acf-4f791a68dfff@group-29D64E963AF7-LeaderElection11] INFO  impl.RoleInfo (RoleInfo.java:shutdownLeaderElection(130)) - 546a26c7-7703-4678-9acf-4f791a68dfff: shutdown 546a26c7-7703-4678-9acf-4f791a68dfff@group-29D64E963AF7-LeaderElection11
2023-01-16 14:41:59,612 [546a26c7-7703-4678-9acf-4f791a68dfff@group-29D64E963AF7-LeaderElection11] INFO  server.RaftServer$Division (RaftServerImpl.java:setRole(321)) - 546a26c7-7703-4678-9acf-4f791a68dfff@group-29D64E963AF7: changes role from CANDIDATE to LEADER at term 1 for changeToLeader
2023-01-16 14:41:59,612 [546a26c7-7703-4678-9acf-4f791a68dfff@group-29D64E963AF7-LeaderElection11] INFO  ratis.XceiverServerRatis (XceiverServerRatis.java:handleLeaderChangedNotification(904)) - Leader change notification received for group: group-29D64E963AF7 with new leaderId: 546a26c7-7703-4678-9acf-4f791a68dfff
2023-01-16 14:41:59,612 [546a26c7-7703-4678-9acf-4f791a68dfff@group-29D64E963AF7-LeaderElection11] INFO  server.RaftServer$Division (ServerState.java:setLeader(313)) - 546a26c7-7703-4678-9acf-4f791a68dfff@group-29D64E963AF7: change Leader from null to 546a26c7-7703-4678-9acf-4f791a68dfff at term 1 for becomeLeader, leader elected after 5244ms
2023-01-16 14:41:59,612 [546a26c7-7703-4678-9acf-4f791a68dfff@group-29D64E963AF7-LeaderElection11] INFO  server.RaftServerConfigKeys (ConfUtils.java:logGet(46)) - raft.server.staging.catchup.gap = 1000 (default)
2023-01-16 14:41:59,612 [546a26c7-7703-4678-9acf-4f791a68dfff@group-29D64E963AF7-LeaderElection11] INFO  server.RaftServerConfigKeys (ConfUtils.java:logGet(46)) - raft.server.write.element-limit = 1024 (custom)
2023-01-16 14:41:59,612 [546a26c7-7703-4678-9acf-4f791a68dfff@group-29D64E963AF7-LeaderElection11] INFO  server.RaftServerConfigKeys (ConfUtils.java:logGet(46)) - raft.server.write.byte-limit = 1024 M (=1073741824) (custom)
2023-01-16 14:41:59,613 [546a26c7-7703-4678-9acf-4f791a68dfff@group-29D64E963AF7-LeaderElection11] INFO  server.RaftServerConfigKeys (ConfUtils.java:logGet(46)) - raft.server.watch.timeout = 180s (custom)
2023-01-16 14:41:59,613 [546a26c7-7703-4678-9acf-4f791a68dfff@group-29D64E963AF7-LeaderElection11] INFO  server.RaftServerConfigKeys (ConfUtils.java:logGet(46)) - raft.server.watch.timeout.denomination = 1s (default)
2023-01-16 14:41:59,613 [546a26c7-7703-4678-9acf-4f791a68dfff@group-29D64E963AF7-LeaderElection11] INFO  server.RaftServerConfigKeys (ConfUtils.java:logGet(46)) - raft.server.watch.element-limit = 65536 (default)
2023-01-16 14:41:59,613 [546a26c7-7703-4678-9acf-4f791a68dfff@group-29D64E963AF7-LeaderElection11] INFO  server.RaftServerConfigKeys (ConfUtils.java:logGet(46)) - raft.server.write.element-limit = 1024 (custom)
2023-01-16 14:41:59,613 [546a26c7-7703-4678-9acf-4f791a68dfff@group-29D64E963AF7-LeaderElection11] INFO  server.RaftServerConfigKeys (ConfUtils.java:logGet(46)) - raft.server.write.follower.gap.ratio.max = -1.0 (default)
2023-01-16 14:41:59,614 [546a26c7-7703-4678-9acf-4f791a68dfff@group-29D64E963AF7-LeaderElection11] INFO  impl.RoleInfo (RoleInfo.java:updateAndGet(139)) - 546a26c7-7703-4678-9acf-4f791a68dfff: start 546a26c7-7703-4678-9acf-4f791a68dfff@group-29D64E963AF7-LeaderStateImpl
2023-01-16 14:41:59,615 [546a26c7-7703-4678-9acf-4f791a68dfff@group-29D64E963AF7-LeaderElection11] INFO  segmented.SegmentedRaftLogWorker (SegmentedRaftLogWorker.java:startLogSegment(452)) - 546a26c7-7703-4678-9acf-4f791a68dfff@group-29D64E963AF7-SegmentedRaftLogWorker: Starting segment from index:0
2023-01-16 14:41:59,616 [546a26c7-7703-4678-9acf-4f791a68dfff@group-29D64E963AF7-LeaderElection11] INFO  server.RaftServer$Division (ServerState.java:setRaftConf(430)) - 546a26c7-7703-4678-9acf-4f791a68dfff@group-29D64E963AF7: set configuration 0: peers:[546a26c7-7703-4678-9acf-4f791a68dfff|rpc:10.1.1.103:38573|dataStream:10.1.1.103:40475|priority:1|startupRole:FOLLOWER]|listeners:[], old=null
2023-01-16 14:41:59,621 [546a26c7-7703-4678-9acf-4f791a68dfff@group-29D64E963AF7-SegmentedRaftLogWorker] INFO  segmented.SegmentedRaftLogWorker (SegmentedRaftLogWorker.java:execute(656)) - 546a26c7-7703-4678-9acf-4f791a68dfff@group-29D64E963AF7-SegmentedRaftLogWorker: created new log segment /home/runner/work/ozone/ozone/hadoop-ozone/integration-test/target/test-dir/MiniOzoneClusterImpl-bcd49b6a-245a-4637-b4c9-d6b301a8fda7/datanode-4/data/ratis/0ff1e762-d14a-4161-ae37-29d64e963af7/current/log_inprogress_0
2023-01-16 14:41:59,811 [aa7a6908-eed5-4cf8-8df5-4bd7779adcda@group-7101BF1F0C40-FollowerState] INFO  impl.FollowerState (FollowerState.java:run(143)) - aa7a6908-eed5-4cf8-8df5-4bd7779adcda@group-7101BF1F0C40-FollowerState: change to CANDIDATE, lastRpcElapsedTime:5110374997ns, electionTimeout:5108ms
2023-01-16 14:41:59,812 [aa7a6908-eed5-4cf8-8df5-4bd7779adcda@group-7101BF1F0C40-FollowerState] INFO  impl.RoleInfo (RoleInfo.java:shutdownFollowerState(110)) - aa7a6908-eed5-4cf8-8df5-4bd7779adcda: shutdown aa7a6908-eed5-4cf8-8df5-4bd7779adcda@group-7101BF1F0C40-FollowerState
2023-01-16 14:41:59,812 [aa7a6908-eed5-4cf8-8df5-4bd7779adcda@group-7101BF1F0C40-FollowerState] INFO  server.RaftServer$Division (RaftServerImpl.java:setRole(321)) - aa7a6908-eed5-4cf8-8df5-4bd7779adcda@group-7101BF1F0C40: changes role from  FOLLOWER to CANDIDATE at term 0 for changeToCandidate
2023-01-16 14:41:59,812 [aa7a6908-eed5-4cf8-8df5-4bd7779adcda@group-7101BF1F0C40-FollowerState] INFO  server.RaftServerConfigKeys (ConfUtils.java:logGet(46)) - raft.server.leaderelection.pre-vote = false (custom)
2023-01-16 14:41:59,812 [aa7a6908-eed5-4cf8-8df5-4bd7779adcda@group-7101BF1F0C40-FollowerState] INFO  impl.RoleInfo (RoleInfo.java:updateAndGet(139)) - aa7a6908-eed5-4cf8-8df5-4bd7779adcda: start aa7a6908-eed5-4cf8-8df5-4bd7779adcda@group-7101BF1F0C40-LeaderElection12
2023-01-16 14:41:59,816 [aa7a6908-eed5-4cf8-8df5-4bd7779adcda@group-7101BF1F0C40-LeaderElection12] INFO  impl.LeaderElection (LeaderElection.java:askForVotes(312)) - aa7a6908-eed5-4cf8-8df5-4bd7779adcda@group-7101BF1F0C40-LeaderElection12 ELECTION round 0: submit vote requests at term 1 for -1: peers:[aa7a6908-eed5-4cf8-8df5-4bd7779adcda|rpc:10.1.1.103:46359|dataStream:10.1.1.103:32839|priority:1|startupRole:FOLLOWER]|listeners:[], old=null
2023-01-16 14:41:59,816 [aa7a6908-eed5-4cf8-8df5-4bd7779adcda@group-7101BF1F0C40-LeaderElection12] INFO  impl.LeaderElection (LeaderElection.java:askForVotes(314)) - aa7a6908-eed5-4cf8-8df5-4bd7779adcda@group-7101BF1F0C40-LeaderElection12 ELECTION round 0: result PASSED (term=1)
2023-01-16 14:41:59,816 [aa7a6908-eed5-4cf8-8df5-4bd7779adcda@group-7101BF1F0C40-LeaderElection12] INFO  impl.RoleInfo (RoleInfo.java:shutdownLeaderElection(130)) - aa7a6908-eed5-4cf8-8df5-4bd7779adcda: shutdown aa7a6908-eed5-4cf8-8df5-4bd7779adcda@group-7101BF1F0C40-LeaderElection12
2023-01-16 14:41:59,816 [aa7a6908-eed5-4cf8-8df5-4bd7779adcda@group-7101BF1F0C40-LeaderElection12] INFO  server.RaftServer$Division (RaftServerImpl.java:setRole(321)) - aa7a6908-eed5-4cf8-8df5-4bd7779adcda@group-7101BF1F0C40: changes role from CANDIDATE to LEADER at term 1 for changeToLeader
2023-01-16 14:41:59,816 [aa7a6908-eed5-4cf8-8df5-4bd7779adcda@group-7101BF1F0C40-LeaderElection12] INFO  ratis.XceiverServerRatis (XceiverServerRatis.java:handleLeaderChangedNotification(904)) - Leader change notification received for group: group-7101BF1F0C40 with new leaderId: aa7a6908-eed5-4cf8-8df5-4bd7779adcda
2023-01-16 14:41:59,816 [aa7a6908-eed5-4cf8-8df5-4bd7779adcda@group-7101BF1F0C40-LeaderElection12] INFO  server.RaftServer$Division (ServerState.java:setLeader(313)) - aa7a6908-eed5-4cf8-8df5-4bd7779adcda@group-7101BF1F0C40: change Leader from null to aa7a6908-eed5-4cf8-8df5-4bd7779adcda at term 1 for becomeLeader, leader elected after 5136ms
2023-01-16 14:41:59,816 [aa7a6908-eed5-4cf8-8df5-4bd7779adcda@group-7101BF1F0C40-LeaderElection12] INFO  server.RaftServerConfigKeys (ConfUtils.java:logGet(46)) - raft.server.staging.catchup.gap = 1000 (default)
2023-01-16 14:41:59,817 [aa7a6908-eed5-4cf8-8df5-4bd7779adcda@group-7101BF1F0C40-LeaderElection12] INFO  server.RaftServerConfigKeys (ConfUtils.java:logGet(46)) - raft.server.write.element-limit = 1024 (custom)
2023-01-16 14:41:59,817 [aa7a6908-eed5-4cf8-8df5-4bd7779adcda@group-7101BF1F0C40-LeaderElection12] INFO  server.RaftServerConfigKeys (ConfUtils.java:logGet(46)) - raft.server.write.byte-limit = 1024 M (=1073741824) (custom)
2023-01-16 14:41:59,817 [aa7a6908-eed5-4cf8-8df5-4bd7779adcda@group-7101BF1F0C40-LeaderElection12] INFO  server.RaftServerConfigKeys (ConfUtils.java:logGet(46)) - raft.server.watch.timeout = 180s (custom)
2023-01-16 14:41:59,817 [aa7a6908-eed5-4cf8-8df5-4bd7779adcda@group-7101BF1F0C40-LeaderElection12] INFO  server.RaftServerConfigKeys (ConfUtils.java:logGet(46)) - raft.server.watch.timeout.denomination = 1s (default)
2023-01-16 14:41:59,817 [aa7a6908-eed5-4cf8-8df5-4bd7779adcda@group-7101BF1F0C40-LeaderElection12] INFO  server.RaftServerConfigKeys (ConfUtils.java:logGet(46)) - raft.server.watch.element-limit = 65536 (default)
2023-01-16 14:41:59,820 [aa7a6908-eed5-4cf8-8df5-4bd7779adcda@group-7101BF1F0C40-LeaderElection12] INFO  server.RaftServerConfigKeys (ConfUtils.java:logGet(46)) - raft.server.write.element-limit = 1024 (custom)
2023-01-16 14:41:59,820 [aa7a6908-eed5-4cf8-8df5-4bd7779adcda@group-7101BF1F0C40-LeaderElection12] INFO  server.RaftServerConfigKeys (ConfUtils.java:logGet(46)) - raft.server.write.follower.gap.ratio.max = -1.0 (default)
2023-01-16 14:41:59,820 [aa7a6908-eed5-4cf8-8df5-4bd7779adcda@group-7101BF1F0C40-LeaderElection12] INFO  impl.RoleInfo (RoleInfo.java:updateAndGet(139)) - aa7a6908-eed5-4cf8-8df5-4bd7779adcda: start aa7a6908-eed5-4cf8-8df5-4bd7779adcda@group-7101BF1F0C40-LeaderStateImpl
2023-01-16 14:41:59,820 [aa7a6908-eed5-4cf8-8df5-4bd7779adcda@group-7101BF1F0C40-LeaderElection12] INFO  segmented.SegmentedRaftLogWorker (SegmentedRaftLogWorker.java:startLogSegment(452)) - aa7a6908-eed5-4cf8-8df5-4bd7779adcda@group-7101BF1F0C40-SegmentedRaftLogWorker: Starting segment from index:0
2023-01-16 14:41:59,822 [aa7a6908-eed5-4cf8-8df5-4bd7779adcda@group-7101BF1F0C40-SegmentedRaftLogWorker] INFO  segmented.SegmentedRaftLogWorker (SegmentedRaftLogWorker.java:execute(656)) - aa7a6908-eed5-4cf8-8df5-4bd7779adcda@group-7101BF1F0C40-SegmentedRaftLogWorker: created new log segment /home/runner/work/ozone/ozone/hadoop-ozone/integration-test/target/test-dir/MiniOzoneClusterImpl-bcd49b6a-245a-4637-b4c9-d6b301a8fda7/datanode-5/data/ratis/ef5c6a5d-ba88-4bc1-8fde-7101bf1f0c40/current/log_inprogress_0
2023-01-16 14:41:59,822 [aa7a6908-eed5-4cf8-8df5-4bd7779adcda@group-7101BF1F0C40-LeaderElection12] INFO  server.RaftServer$Division (ServerState.java:setRaftConf(430)) - aa7a6908-eed5-4cf8-8df5-4bd7779adcda@group-7101BF1F0C40: set configuration 0: peers:[aa7a6908-eed5-4cf8-8df5-4bd7779adcda|rpc:10.1.1.103:46359|dataStream:10.1.1.103:32839|priority:1|startupRole:FOLLOWER]|listeners:[], old=null
2023-01-16 14:42:04,112 [16b0a967-ef5a-4382-99c2-95b744fea4a1@group-42F1C44EC713-FollowerState] INFO  impl.FollowerState (FollowerState.java:run(143)) - 16b0a967-ef5a-4382-99c2-95b744fea4a1@group-42F1C44EC713-FollowerState: change to CANDIDATE, lastRpcElapsedTime:5009232388ns, electionTimeout:5001ms
2023-01-16 14:42:04,112 [16b0a967-ef5a-4382-99c2-95b744fea4a1@group-42F1C44EC713-FollowerState] INFO  impl.RoleInfo (RoleInfo.java:shutdownFollowerState(110)) - 16b0a967-ef5a-4382-99c2-95b744fea4a1: shutdown 16b0a967-ef5a-4382-99c2-95b744fea4a1@group-42F1C44EC713-FollowerState
2023-01-16 14:42:04,112 [16b0a967-ef5a-4382-99c2-95b744fea4a1@group-42F1C44EC713-FollowerState] INFO  server.RaftServer$Division (RaftServerImpl.java:setRole(321)) - 16b0a967-ef5a-4382-99c2-95b744fea4a1@group-42F1C44EC713: changes role from  FOLLOWER to CANDIDATE at term 1 for changeToCandidate
2023-01-16 14:42:04,112 [16b0a967-ef5a-4382-99c2-95b744fea4a1@group-42F1C44EC713-FollowerState] INFO  server.RaftServerConfigKeys (ConfUtils.java:logGet(46)) - raft.server.leaderelection.pre-vote = false (custom)
2023-01-16 14:42:04,112 [16b0a967-ef5a-4382-99c2-95b744fea4a1@group-42F1C44EC713-FollowerState] INFO  impl.RoleInfo (RoleInfo.java:updateAndGet(139)) - 16b0a967-ef5a-4382-99c2-95b744fea4a1: start 16b0a967-ef5a-4382-99c2-95b744fea4a1@group-42F1C44EC713-LeaderElection13
2023-01-16 14:42:04,118 [16b0a967-ef5a-4382-99c2-95b744fea4a1@group-42F1C44EC713-LeaderElection13] INFO  impl.LeaderElection (LeaderElection.java:askForVotes(312)) - 16b0a967-ef5a-4382-99c2-95b744fea4a1@group-42F1C44EC713-LeaderElection13 ELECTION round 0: submit vote requests at term 2 for -1: peers:[f3cb6aab-e792-43b9-8109-2d5521605a5b|rpc:10.1.1.103:38739|dataStream:10.1.1.103:37539|priority:0|startupRole:FOLLOWER, 16b0a967-ef5a-4382-99c2-95b744fea4a1|rpc:10.1.1.103:46459|dataStream:10.1.1.103:44335|priority:0|startupRole:FOLLOWER, d8f5a1f3-e512-499d-ae8e-3cd02accfea1|rpc:10.1.1.103:43661|dataStream:10.1.1.103:39865|priority:1|startupRole:FOLLOWER]|listeners:[], old=null
2023-01-16 14:42:04,119 [16b0a967-ef5a-4382-99c2-95b744fea4a1@group-42F1C44EC713-LeaderElection13] INFO  server.RaftServerConfigKeys (ConfUtils.java:logFallback(53)) - raft.server.rpc.first-election.timeout.min = 5s (fallback to raft.server.rpc.timeout.min)
2023-01-16 14:42:04,119 [16b0a967-ef5a-4382-99c2-95b744fea4a1@group-42F1C44EC713-LeaderElection13] INFO  server.RaftServerConfigKeys (ConfUtils.java:logFallback(53)) - raft.server.rpc.first-election.timeout.max = 5200ms (fallback to raft.server.rpc.timeout.max)
2023-01-16 14:42:04,125 [grpc-default-executor-2] INFO  server.RaftServer$Division (RaftServerImpl.java:requestVote(1218)) - d8f5a1f3-e512-499d-ae8e-3cd02accfea1@group-42F1C44EC713: receive requestVote(ELECTION, 16b0a967-ef5a-4382-99c2-95b744fea4a1, group-42F1C44EC713, 2, (t:0, i:0))
2023-01-16 14:42:04,125 [grpc-default-executor-2] INFO  impl.VoteContext (VoteContext.java:log(49)) - d8f5a1f3-e512-499d-ae8e-3cd02accfea1@group-42F1C44EC713-FOLLOWER: reject ELECTION from 16b0a967-ef5a-4382-99c2-95b744fea4a1: our priority 1 > candidate's priority 0
2023-01-16 14:42:04,125 [grpc-default-executor-2] INFO  server.RaftServer$Division (RaftServerImpl.java:setRole(321)) - d8f5a1f3-e512-499d-ae8e-3cd02accfea1@group-42F1C44EC713: changes role from  FOLLOWER to FOLLOWER at term 2 for candidate:16b0a967-ef5a-4382-99c2-95b744fea4a1
2023-01-16 14:42:04,125 [grpc-default-executor-2] INFO  impl.RoleInfo (RoleInfo.java:shutdownFollowerState(110)) - d8f5a1f3-e512-499d-ae8e-3cd02accfea1: shutdown d8f5a1f3-e512-499d-ae8e-3cd02accfea1@group-42F1C44EC713-FollowerState
2023-01-16 14:42:04,125 [grpc-default-executor-2] INFO  impl.RoleInfo (RoleInfo.java:updateAndGet(139)) - d8f5a1f3-e512-499d-ae8e-3cd02accfea1: start d8f5a1f3-e512-499d-ae8e-3cd02accfea1@group-42F1C44EC713-FollowerState
2023-01-16 14:42:04,125 [d8f5a1f3-e512-499d-ae8e-3cd02accfea1@group-42F1C44EC713-FollowerState] INFO  impl.FollowerState (FollowerState.java:run(152)) - d8f5a1f3-e512-499d-ae8e-3cd02accfea1@group-42F1C44EC713-FollowerState was interrupted
2023-01-16 14:42:04,133 [grpc-default-executor-0] INFO  server.RaftServer$Division (RaftServerImpl.java:requestVote(1218)) - f3cb6aab-e792-43b9-8109-2d5521605a5b@group-42F1C44EC713: receive requestVote(ELECTION, 16b0a967-ef5a-4382-99c2-95b744fea4a1, group-42F1C44EC713, 2, (t:0, i:0))
2023-01-16 14:42:04,133 [grpc-default-executor-0] INFO  impl.VoteContext (VoteContext.java:log(49)) - f3cb6aab-e792-43b9-8109-2d5521605a5b@group-42F1C44EC713-FOLLOWER: accept ELECTION from 16b0a967-ef5a-4382-99c2-95b744fea4a1: our priority 0 <= candidate's priority 0
2023-01-16 14:42:04,133 [grpc-default-executor-0] INFO  server.RaftServer$Division (RaftServerImpl.java:setRole(321)) - f3cb6aab-e792-43b9-8109-2d5521605a5b@group-42F1C44EC713: changes role from  FOLLOWER to FOLLOWER at term 2 for candidate:16b0a967-ef5a-4382-99c2-95b744fea4a1
2023-01-16 14:42:04,133 [d8f5a1f3-e512-499d-ae8e-3cd02accfea1@group-42F1C44EC713-FollowerState] INFO  server.RaftServerConfigKeys (ConfUtils.java:logFallback(53)) - raft.server.rpc.first-election.timeout.min = 5s (fallback to raft.server.rpc.timeout.min)
2023-01-16 14:42:04,133 [grpc-default-executor-0] INFO  impl.RoleInfo (RoleInfo.java:shutdownFollowerState(110)) - f3cb6aab-e792-43b9-8109-2d5521605a5b: shutdown f3cb6aab-e792-43b9-8109-2d5521605a5b@group-42F1C44EC713-FollowerState
2023-01-16 14:42:04,133 [d8f5a1f3-e512-499d-ae8e-3cd02accfea1@group-42F1C44EC713-FollowerState] INFO  server.RaftServerConfigKeys (ConfUtils.java:logFallback(53)) - raft.server.rpc.first-election.timeout.max = 5200ms (fallback to raft.server.rpc.timeout.max)
2023-01-16 14:42:04,133 [grpc-default-executor-0] INFO  impl.RoleInfo (RoleInfo.java:updateAndGet(139)) - f3cb6aab-e792-43b9-8109-2d5521605a5b: start f3cb6aab-e792-43b9-8109-2d5521605a5b@group-42F1C44EC713-FollowerState
2023-01-16 14:42:04,133 [f3cb6aab-e792-43b9-8109-2d5521605a5b@group-42F1C44EC713-FollowerState] INFO  impl.FollowerState (FollowerState.java:run(152)) - f3cb6aab-e792-43b9-8109-2d5521605a5b@group-42F1C44EC713-FollowerState was interrupted
2023-01-16 14:42:04,134 [grpc-default-executor-2] INFO  server.RaftServer$Division (RaftServerImpl.java:requestVote(1251)) - d8f5a1f3-e512-499d-ae8e-3cd02accfea1@group-42F1C44EC713 replies to ELECTION vote request: 16b0a967-ef5a-4382-99c2-95b744fea4a1<-d8f5a1f3-e512-499d-ae8e-3cd02accfea1#0:FAIL-t2. Peer's state: d8f5a1f3-e512-499d-ae8e-3cd02accfea1@group-42F1C44EC713:t2, leader=null, voted=null, raftlog=Memoized:d8f5a1f3-e512-499d-ae8e-3cd02accfea1@group-42F1C44EC713-SegmentedRaftLog:OPENED:c-1, conf=-1: peers:[f3cb6aab-e792-43b9-8109-2d5521605a5b|rpc:10.1.1.103:38739|dataStream:10.1.1.103:37539|priority:0|startupRole:FOLLOWER, 16b0a967-ef5a-4382-99c2-95b744fea4a1|rpc:10.1.1.103:46459|dataStream:10.1.1.103:44335|priority:0|startupRole:FOLLOWER, d8f5a1f3-e512-499d-ae8e-3cd02accfea1|rpc:10.1.1.103:43661|dataStream:10.1.1.103:39865|priority:1|startupRole:FOLLOWER]|listeners:[], old=null
2023-01-16 14:42:04,136 [f3cb6aab-e792-43b9-8109-2d5521605a5b@group-42F1C44EC713-FollowerState] INFO  server.RaftServerConfigKeys (ConfUtils.java:logFallback(53)) - raft.server.rpc.first-election.timeout.min = 5s (fallback to raft.server.rpc.timeout.min)
2023-01-16 14:42:04,136 [f3cb6aab-e792-43b9-8109-2d5521605a5b@group-42F1C44EC713-FollowerState] INFO  server.RaftServerConfigKeys (ConfUtils.java:logFallback(53)) - raft.server.rpc.first-election.timeout.max = 5200ms (fallback to raft.server.rpc.timeout.max)
2023-01-16 14:42:04,136 [16b0a967-ef5a-4382-99c2-95b744fea4a1@group-42F1C44EC713-LeaderElection13] INFO  impl.LeaderElection (LeaderElection.java:logAndReturn(90)) - 16b0a967-ef5a-4382-99c2-95b744fea4a1@group-42F1C44EC713-LeaderElection13: ELECTION REJECTED received 1 response(s) and 0 exception(s):
2023-01-16 14:42:04,136 [16b0a967-ef5a-4382-99c2-95b744fea4a1@group-42F1C44EC713-LeaderElection13] INFO  impl.LeaderElection (LeaderElection.java:logAndReturn(94)) -   Response 0: 16b0a967-ef5a-4382-99c2-95b744fea4a1<-d8f5a1f3-e512-499d-ae8e-3cd02accfea1#0:FAIL-t2
2023-01-16 14:42:04,136 [16b0a967-ef5a-4382-99c2-95b744fea4a1@group-42F1C44EC713-LeaderElection13] INFO  impl.LeaderElection (LeaderElection.java:askForVotes(314)) - 16b0a967-ef5a-4382-99c2-95b744fea4a1@group-42F1C44EC713-LeaderElection13 ELECTION round 0: result REJECTED
2023-01-16 14:42:04,136 [16b0a967-ef5a-4382-99c2-95b744fea4a1@group-42F1C44EC713-LeaderElection13] INFO  server.RaftServer$Division (RaftServerImpl.java:setRole(321)) - 16b0a967-ef5a-4382-99c2-95b744fea4a1@group-42F1C44EC713: changes role from CANDIDATE to FOLLOWER at term 2 for REJECTED
2023-01-16 14:42:04,136 [16b0a967-ef5a-4382-99c2-95b744fea4a1@group-42F1C44EC713-LeaderElection13] INFO  impl.RoleInfo (RoleInfo.java:shutdownLeaderElection(130)) - 16b0a967-ef5a-4382-99c2-95b744fea4a1: shutdown 16b0a967-ef5a-4382-99c2-95b744fea4a1@group-42F1C44EC713-LeaderElection13
2023-01-16 14:42:04,137 [16b0a967-ef5a-4382-99c2-95b744fea4a1@group-42F1C44EC713-LeaderElection13] INFO  impl.RoleInfo (RoleInfo.java:updateAndGet(139)) - 16b0a967-ef5a-4382-99c2-95b744fea4a1: start 16b0a967-ef5a-4382-99c2-95b744fea4a1@group-42F1C44EC713-FollowerState
2023-01-16 14:42:04,137 [grpc-default-executor-0] INFO  server.RaftServer$Division (RaftServerImpl.java:requestVote(1251)) - f3cb6aab-e792-43b9-8109-2d5521605a5b@group-42F1C44EC713 replies to ELECTION vote request: 16b0a967-ef5a-4382-99c2-95b744fea4a1<-f3cb6aab-e792-43b9-8109-2d5521605a5b#0:OK-t2. Peer's state: f3cb6aab-e792-43b9-8109-2d5521605a5b@group-42F1C44EC713:t2, leader=null, voted=16b0a967-ef5a-4382-99c2-95b744fea4a1, raftlog=Memoized:f3cb6aab-e792-43b9-8109-2d5521605a5b@group-42F1C44EC713-SegmentedRaftLog:OPENED:c-1, conf=-1: peers:[f3cb6aab-e792-43b9-8109-2d5521605a5b|rpc:10.1.1.103:38739|dataStream:10.1.1.103:37539|priority:0|startupRole:FOLLOWER, 16b0a967-ef5a-4382-99c2-95b744fea4a1|rpc:10.1.1.103:46459|dataStream:10.1.1.103:44335|priority:0|startupRole:FOLLOWER, d8f5a1f3-e512-499d-ae8e-3cd02accfea1|rpc:10.1.1.103:43661|dataStream:10.1.1.103:39865|priority:1|startupRole:FOLLOWER]|listeners:[], old=null
2023-01-16 14:42:04,141 [16b0a967-ef5a-4382-99c2-95b744fea4a1@group-42F1C44EC713-FollowerState] INFO  server.RaftServerConfigKeys (ConfUtils.java:logFallback(53)) - raft.server.rpc.first-election.timeout.min = 5s (fallback to raft.server.rpc.timeout.min)
2023-01-16 14:42:04,141 [16b0a967-ef5a-4382-99c2-95b744fea4a1@group-42F1C44EC713-FollowerState] INFO  server.RaftServerConfigKeys (ConfUtils.java:logFallback(53)) - raft.server.rpc.first-election.timeout.max = 5200ms (fallback to raft.server.rpc.timeout.max)
2023-01-16 14:42:04,331 [a1145108-ddcc-4325-a3dc-9d25daa38a10@group-2AFF055A5FD7-FollowerState] INFO  impl.FollowerState (FollowerState.java:run(143)) - a1145108-ddcc-4325-a3dc-9d25daa38a10@group-2AFF055A5FD7-FollowerState: change to CANDIDATE, lastRpcElapsedTime:5022927858ns, electionTimeout:5016ms
2023-01-16 14:42:04,332 [a1145108-ddcc-4325-a3dc-9d25daa38a10@group-2AFF055A5FD7-FollowerState] INFO  impl.RoleInfo (RoleInfo.java:shutdownFollowerState(110)) - a1145108-ddcc-4325-a3dc-9d25daa38a10: shutdown a1145108-ddcc-4325-a3dc-9d25daa38a10@group-2AFF055A5FD7-FollowerState
2023-01-16 14:42:04,332 [a1145108-ddcc-4325-a3dc-9d25daa38a10@group-2AFF055A5FD7-FollowerState] INFO  server.RaftServer$Division (RaftServerImpl.java:setRole(321)) - a1145108-ddcc-4325-a3dc-9d25daa38a10@group-2AFF055A5FD7: changes role from  FOLLOWER to CANDIDATE at term 1 for changeToCandidate
2023-01-16 14:42:04,332 [a1145108-ddcc-4325-a3dc-9d25daa38a10@group-2AFF055A5FD7-FollowerState] INFO  server.RaftServerConfigKeys (ConfUtils.java:logGet(46)) - raft.server.leaderelection.pre-vote = false (custom)
2023-01-16 14:42:04,332 [a1145108-ddcc-4325-a3dc-9d25daa38a10@group-2AFF055A5FD7-FollowerState] INFO  impl.RoleInfo (RoleInfo.java:updateAndGet(139)) - a1145108-ddcc-4325-a3dc-9d25daa38a10: start a1145108-ddcc-4325-a3dc-9d25daa38a10@group-2AFF055A5FD7-LeaderElection14
2023-01-16 14:42:04,334 [a1145108-ddcc-4325-a3dc-9d25daa38a10@group-2AFF055A5FD7-LeaderElection14] INFO  impl.LeaderElection (LeaderElection.java:askForVotes(312)) - a1145108-ddcc-4325-a3dc-9d25daa38a10@group-2AFF055A5FD7-LeaderElection14 ELECTION round 0: submit vote requests at term 2 for -1: peers:[a1145108-ddcc-4325-a3dc-9d25daa38a10|rpc:10.1.1.103:33417|dataStream:10.1.1.103:39815|priority:0|startupRole:FOLLOWER, 546a26c7-7703-4678-9acf-4f791a68dfff|rpc:10.1.1.103:38573|dataStream:10.1.1.103:40475|priority:1|startupRole:FOLLOWER, aa7a6908-eed5-4cf8-8df5-4bd7779adcda|rpc:10.1.1.103:46359|dataStream:10.1.1.103:32839|priority:0|startupRole:FOLLOWER]|listeners:[], old=null
2023-01-16 14:42:04,334 [a1145108-ddcc-4325-a3dc-9d25daa38a10@group-2AFF055A5FD7-LeaderElection14] INFO  server.RaftServerConfigKeys (ConfUtils.java:logFallback(53)) - raft.server.rpc.first-election.timeout.min = 5s (fallback to raft.server.rpc.timeout.min)
2023-01-16 14:42:04,334 [a1145108-ddcc-4325-a3dc-9d25daa38a10@group-2AFF055A5FD7-LeaderElection14] INFO  server.RaftServerConfigKeys (ConfUtils.java:logFallback(53)) - raft.server.rpc.first-election.timeout.max = 5200ms (fallback to raft.server.rpc.timeout.max)
2023-01-16 14:42:04,338 [grpc-default-executor-2] INFO  server.RaftServer$Division (RaftServerImpl.java:requestVote(1218)) - aa7a6908-eed5-4cf8-8df5-4bd7779adcda@group-2AFF055A5FD7: receive requestVote(ELECTION, a1145108-ddcc-4325-a3dc-9d25daa38a10, group-2AFF055A5FD7, 2, (t:0, i:0))
2023-01-16 14:42:04,338 [grpc-default-executor-2] INFO  impl.VoteContext (VoteContext.java:log(49)) - aa7a6908-eed5-4cf8-8df5-4bd7779adcda@group-2AFF055A5FD7-FOLLOWER: accept ELECTION from a1145108-ddcc-4325-a3dc-9d25daa38a10: our priority 0 <= candidate's priority 0
2023-01-16 14:42:04,338 [grpc-default-executor-2] INFO  server.RaftServer$Division (RaftServerImpl.java:setRole(321)) - aa7a6908-eed5-4cf8-8df5-4bd7779adcda@group-2AFF055A5FD7: changes role from  FOLLOWER to FOLLOWER at term 2 for candidate:a1145108-ddcc-4325-a3dc-9d25daa38a10
2023-01-16 14:42:04,338 [grpc-default-executor-2] INFO  impl.RoleInfo (RoleInfo.java:shutdownFollowerState(110)) - aa7a6908-eed5-4cf8-8df5-4bd7779adcda: shutdown aa7a6908-eed5-4cf8-8df5-4bd7779adcda@group-2AFF055A5FD7-FollowerState
2023-01-16 14:42:04,338 [grpc-default-executor-2] INFO  impl.RoleInfo (RoleInfo.java:updateAndGet(139)) - aa7a6908-eed5-4cf8-8df5-4bd7779adcda: start aa7a6908-eed5-4cf8-8df5-4bd7779adcda@group-2AFF055A5FD7-FollowerState
2023-01-16 14:42:04,339 [aa7a6908-eed5-4cf8-8df5-4bd7779adcda@group-2AFF055A5FD7-FollowerState] INFO  impl.FollowerState (FollowerState.java:run(152)) - aa7a6908-eed5-4cf8-8df5-4bd7779adcda@group-2AFF055A5FD7-FollowerState was interrupted
2023-01-16 14:42:04,339 [aa7a6908-eed5-4cf8-8df5-4bd7779adcda@group-2AFF055A5FD7-FollowerState] INFO  server.RaftServerConfigKeys (ConfUtils.java:logFallback(53)) - raft.server.rpc.first-election.timeout.min = 5s (fallback to raft.server.rpc.timeout.min)
2023-01-16 14:42:04,339 [aa7a6908-eed5-4cf8-8df5-4bd7779adcda@group-2AFF055A5FD7-FollowerState] INFO  server.RaftServerConfigKeys (ConfUtils.java:logFallback(53)) - raft.server.rpc.first-election.timeout.max = 5200ms (fallback to raft.server.rpc.timeout.max)
2023-01-16 14:42:04,340 [grpc-default-executor-2] INFO  server.RaftServer$Division (RaftServerImpl.java:requestVote(1251)) - aa7a6908-eed5-4cf8-8df5-4bd7779adcda@group-2AFF055A5FD7 replies to ELECTION vote request: a1145108-ddcc-4325-a3dc-9d25daa38a10<-aa7a6908-eed5-4cf8-8df5-4bd7779adcda#0:OK-t2. Peer's state: aa7a6908-eed5-4cf8-8df5-4bd7779adcda@group-2AFF055A5FD7:t2, leader=null, voted=a1145108-ddcc-4325-a3dc-9d25daa38a10, raftlog=Memoized:aa7a6908-eed5-4cf8-8df5-4bd7779adcda@group-2AFF055A5FD7-SegmentedRaftLog:OPENED:c-1, conf=-1: peers:[a1145108-ddcc-4325-a3dc-9d25daa38a10|rpc:10.1.1.103:33417|dataStream:10.1.1.103:39815|priority:0|startupRole:FOLLOWER, 546a26c7-7703-4678-9acf-4f791a68dfff|rpc:10.1.1.103:38573|dataStream:10.1.1.103:40475|priority:1|startupRole:FOLLOWER, aa7a6908-eed5-4cf8-8df5-4bd7779adcda|rpc:10.1.1.103:46359|dataStream:10.1.1.103:32839|priority:0|startupRole:FOLLOWER]|listeners:[], old=null
2023-01-16 14:42:04,342 [grpc-default-executor-2] INFO  server.RaftServer$Division (RaftServerImpl.java:requestVote(1218)) - 546a26c7-7703-4678-9acf-4f791a68dfff@group-2AFF055A5FD7: receive requestVote(ELECTION, a1145108-ddcc-4325-a3dc-9d25daa38a10, group-2AFF055A5FD7, 2, (t:0, i:0))
2023-01-16 14:42:04,342 [grpc-default-executor-2] INFO  impl.VoteContext (VoteContext.java:log(49)) - 546a26c7-7703-4678-9acf-4f791a68dfff@group-2AFF055A5FD7-FOLLOWER: reject ELECTION from a1145108-ddcc-4325-a3dc-9d25daa38a10: our priority 1 > candidate's priority 0
2023-01-16 14:42:04,342 [grpc-default-executor-2] INFO  server.RaftServer$Division (RaftServerImpl.java:setRole(321)) - 546a26c7-7703-4678-9acf-4f791a68dfff@group-2AFF055A5FD7: changes role from  FOLLOWER to FOLLOWER at term 2 for candidate:a1145108-ddcc-4325-a3dc-9d25daa38a10
2023-01-16 14:42:04,342 [grpc-default-executor-2] INFO  impl.RoleInfo (RoleInfo.java:shutdownFollowerState(110)) - 546a26c7-7703-4678-9acf-4f791a68dfff: shutdown 546a26c7-7703-4678-9acf-4f791a68dfff@group-2AFF055A5FD7-FollowerState
2023-01-16 14:42:04,342 [grpc-default-executor-2] INFO  impl.RoleInfo (RoleInfo.java:updateAndGet(139)) - 546a26c7-7703-4678-9acf-4f791a68dfff: start 546a26c7-7703-4678-9acf-4f791a68dfff@group-2AFF055A5FD7-FollowerState
2023-01-16 14:42:04,342 [546a26c7-7703-4678-9acf-4f791a68dfff@group-2AFF055A5FD7-FollowerState] INFO  impl.FollowerState (FollowerState.java:run(152)) - 546a26c7-7703-4678-9acf-4f791a68dfff@group-2AFF055A5FD7-FollowerState was interrupted
2023-01-16 14:42:04,345 [grpc-default-executor-2] INFO  server.RaftServer$Division (RaftServerImpl.java:requestVote(1251)) - 546a26c7-7703-4678-9acf-4f791a68dfff@group-2AFF055A5FD7 replies to ELECTION vote request: a1145108-ddcc-4325-a3dc-9d25daa38a10<-546a26c7-7703-4678-9acf-4f791a68dfff#0:FAIL-t2. Peer's state: 546a26c7-7703-4678-9acf-4f791a68dfff@group-2AFF055A5FD7:t2, leader=null, voted=null, raftlog=Memoized:546a26c7-7703-4678-9acf-4f791a68dfff@group-2AFF055A5FD7-SegmentedRaftLog:OPENED:c-1, conf=-1: peers:[a1145108-ddcc-4325-a3dc-9d25daa38a10|rpc:10.1.1.103:33417|dataStream:10.1.1.103:39815|priority:0|startupRole:FOLLOWER, 546a26c7-7703-4678-9acf-4f791a68dfff|rpc:10.1.1.103:38573|dataStream:10.1.1.103:40475|priority:1|startupRole:FOLLOWER, aa7a6908-eed5-4cf8-8df5-4bd7779adcda|rpc:10.1.1.103:46359|dataStream:10.1.1.103:32839|priority:0|startupRole:FOLLOWER]|listeners:[], old=null
2023-01-16 14:42:04,347 [a1145108-ddcc-4325-a3dc-9d25daa38a10@group-2AFF055A5FD7-LeaderElection14] INFO  impl.LeaderElection (LeaderElection.java:logAndReturn(90)) - a1145108-ddcc-4325-a3dc-9d25daa38a10@group-2AFF055A5FD7-LeaderElection14: ELECTION REJECTED received 2 response(s) and 0 exception(s):
2023-01-16 14:42:04,347 [a1145108-ddcc-4325-a3dc-9d25daa38a10@group-2AFF055A5FD7-LeaderElection14] INFO  impl.LeaderElection (LeaderElection.java:logAndReturn(94)) -   Response 0: a1145108-ddcc-4325-a3dc-9d25daa38a10<-aa7a6908-eed5-4cf8-8df5-4bd7779adcda#0:OK-t2
2023-01-16 14:42:04,347 [a1145108-ddcc-4325-a3dc-9d25daa38a10@group-2AFF055A5FD7-LeaderElection14] INFO  impl.LeaderElection (LeaderElection.java:logAndReturn(94)) -   Response 1: a1145108-ddcc-4325-a3dc-9d25daa38a10<-546a26c7-7703-4678-9acf-4f791a68dfff#0:FAIL-t2
2023-01-16 14:42:04,347 [a1145108-ddcc-4325-a3dc-9d25daa38a10@group-2AFF055A5FD7-LeaderElection14] INFO  impl.LeaderElection (LeaderElection.java:askForVotes(314)) - a1145108-ddcc-4325-a3dc-9d25daa38a10@group-2AFF055A5FD7-LeaderElection14 ELECTION round 0: result REJECTED
2023-01-16 14:42:04,347 [546a26c7-7703-4678-9acf-4f791a68dfff@group-2AFF055A5FD7-FollowerState] INFO  server.RaftServerConfigKeys (ConfUtils.java:logFallback(53)) - raft.server.rpc.first-election.timeout.min = 5s (fallback to raft.server.rpc.timeout.min)
2023-01-16 14:42:04,347 [a1145108-ddcc-4325-a3dc-9d25daa38a10@group-2AFF055A5FD7-LeaderElection14] INFO  server.RaftServer$Division (RaftServerImpl.java:setRole(321)) - a1145108-ddcc-4325-a3dc-9d25daa38a10@group-2AFF055A5FD7: changes role from CANDIDATE to FOLLOWER at term 2 for REJECTED
2023-01-16 14:42:04,358 [a1145108-ddcc-4325-a3dc-9d25daa38a10@group-2AFF055A5FD7-LeaderElection14] INFO  impl.RoleInfo (RoleInfo.java:shutdownLeaderElection(130)) - a1145108-ddcc-4325-a3dc-9d25daa38a10: shutdown a1145108-ddcc-4325-a3dc-9d25daa38a10@group-2AFF055A5FD7-LeaderElection14
2023-01-16 14:42:04,358 [a1145108-ddcc-4325-a3dc-9d25daa38a10@group-2AFF055A5FD7-LeaderElection14] INFO  impl.RoleInfo (RoleInfo.java:updateAndGet(139)) - a1145108-ddcc-4325-a3dc-9d25daa38a10: start a1145108-ddcc-4325-a3dc-9d25daa38a10@group-2AFF055A5FD7-FollowerState
2023-01-16 14:42:04,360 [546a26c7-7703-4678-9acf-4f791a68dfff@group-2AFF055A5FD7-FollowerState] INFO  server.RaftServerConfigKeys (ConfUtils.java:logFallback(53)) - raft.server.rpc.first-election.timeout.max = 5200ms (fallback to raft.server.rpc.timeout.max)
2023-01-16 14:42:04,360 [a1145108-ddcc-4325-a3dc-9d25daa38a10@group-2AFF055A5FD7-FollowerState] INFO  server.RaftServerConfigKeys (ConfUtils.java:logFallback(53)) - raft.server.rpc.first-election.timeout.min = 5s (fallback to raft.server.rpc.timeout.min)
2023-01-16 14:42:04,360 [a1145108-ddcc-4325-a3dc-9d25daa38a10@group-2AFF055A5FD7-FollowerState] INFO  server.RaftServerConfigKeys (ConfUtils.java:logFallback(53)) - raft.server.rpc.first-election.timeout.max = 5200ms (fallback to raft.server.rpc.timeout.max)
2023-01-16 14:42:04,449 [546a26c7-7703-4678-9acf-4f791a68dfff@group-41A4BCDBBC85-FollowerState] INFO  impl.FollowerState (FollowerState.java:run(143)) - 546a26c7-7703-4678-9acf-4f791a68dfff@group-41A4BCDBBC85-FollowerState: change to CANDIDATE, lastRpcElapsedTime:5032100940ns, electionTimeout:5026ms
2023-01-16 14:42:04,450 [546a26c7-7703-4678-9acf-4f791a68dfff@group-41A4BCDBBC85-FollowerState] INFO  impl.RoleInfo (RoleInfo.java:shutdownFollowerState(110)) - 546a26c7-7703-4678-9acf-4f791a68dfff: shutdown 546a26c7-7703-4678-9acf-4f791a68dfff@group-41A4BCDBBC85-FollowerState
2023-01-16 14:42:04,450 [546a26c7-7703-4678-9acf-4f791a68dfff@group-41A4BCDBBC85-FollowerState] INFO  server.RaftServer$Division (RaftServerImpl.java:setRole(321)) - 546a26c7-7703-4678-9acf-4f791a68dfff@group-41A4BCDBBC85: changes role from  FOLLOWER to CANDIDATE at term 1 for changeToCandidate
2023-01-16 14:42:04,450 [546a26c7-7703-4678-9acf-4f791a68dfff@group-41A4BCDBBC85-FollowerState] INFO  server.RaftServerConfigKeys (ConfUtils.java:logGet(46)) - raft.server.leaderelection.pre-vote = false (custom)
2023-01-16 14:42:04,450 [546a26c7-7703-4678-9acf-4f791a68dfff@group-41A4BCDBBC85-FollowerState] INFO  impl.RoleInfo (RoleInfo.java:updateAndGet(139)) - 546a26c7-7703-4678-9acf-4f791a68dfff: start 546a26c7-7703-4678-9acf-4f791a68dfff@group-41A4BCDBBC85-LeaderElection15
2023-01-16 14:42:04,452 [546a26c7-7703-4678-9acf-4f791a68dfff@group-41A4BCDBBC85-LeaderElection15] INFO  impl.LeaderElection (LeaderElection.java:askForVotes(312)) - 546a26c7-7703-4678-9acf-4f791a68dfff@group-41A4BCDBBC85-LeaderElection15 ELECTION round 0: submit vote requests at term 2 for -1: peers:[a1145108-ddcc-4325-a3dc-9d25daa38a10|rpc:10.1.1.103:33417|dataStream:10.1.1.103:39815|priority:0|startupRole:FOLLOWER, 546a26c7-7703-4678-9acf-4f791a68dfff|rpc:10.1.1.103:38573|dataStream:10.1.1.103:40475|priority:0|startupRole:FOLLOWER, aa7a6908-eed5-4cf8-8df5-4bd7779adcda|rpc:10.1.1.103:46359|dataStream:10.1.1.103:32839|priority:1|startupRole:FOLLOWER]|listeners:[], old=null
2023-01-16 14:42:04,452 [546a26c7-7703-4678-9acf-4f791a68dfff@group-41A4BCDBBC85-LeaderElection15] INFO  server.RaftServerConfigKeys (ConfUtils.java:logFallback(53)) - raft.server.rpc.first-election.timeout.min = 5s (fallback to raft.server.rpc.timeout.min)
2023-01-16 14:42:04,452 [546a26c7-7703-4678-9acf-4f791a68dfff@group-41A4BCDBBC85-LeaderElection15-1] INFO  server.GrpcServerProtocolClient (GrpcServerProtocolClient.java:<init>(63)) - Build channel for a1145108-ddcc-4325-a3dc-9d25daa38a10
2023-01-16 14:42:04,456 [aa7a6908-eed5-4cf8-8df5-4bd7779adcda@group-41A4BCDBBC85-FollowerState] INFO  impl.FollowerState (FollowerState.java:run(143)) - aa7a6908-eed5-4cf8-8df5-4bd7779adcda@group-41A4BCDBBC85-FollowerState: change to CANDIDATE, lastRpcElapsedTime:5039609957ns, electionTimeout:5030ms
2023-01-16 14:42:04,457 [546a26c7-7703-4678-9acf-4f791a68dfff@group-41A4BCDBBC85-LeaderElection15-2] INFO  server.GrpcServerProtocolClient (GrpcServerProtocolClient.java:<init>(63)) - Build channel for aa7a6908-eed5-4cf8-8df5-4bd7779adcda
2023-01-16 14:42:04,457 [aa7a6908-eed5-4cf8-8df5-4bd7779adcda@group-41A4BCDBBC85-FollowerState] INFO  impl.RoleInfo (RoleInfo.java:shutdownFollowerState(110)) - aa7a6908-eed5-4cf8-8df5-4bd7779adcda: shutdown aa7a6908-eed5-4cf8-8df5-4bd7779adcda@group-41A4BCDBBC85-FollowerState
2023-01-16 14:42:04,457 [aa7a6908-eed5-4cf8-8df5-4bd7779adcda@group-41A4BCDBBC85-FollowerState] INFO  server.RaftServer$Division (RaftServerImpl.java:setRole(321)) - aa7a6908-eed5-4cf8-8df5-4bd7779adcda@group-41A4BCDBBC85: changes role from  FOLLOWER to CANDIDATE at term 1 for changeToCandidate
2023-01-16 14:42:04,457 [aa7a6908-eed5-4cf8-8df5-4bd7779adcda@group-41A4BCDBBC85-FollowerState] INFO  server.RaftServerConfigKeys (ConfUtils.java:logGet(46)) - raft.server.leaderelection.pre-vote = false (custom)
2023-01-16 14:42:04,457 [aa7a6908-eed5-4cf8-8df5-4bd7779adcda@group-41A4BCDBBC85-FollowerState] INFO  impl.RoleInfo (RoleInfo.java:updateAndGet(139)) - aa7a6908-eed5-4cf8-8df5-4bd7779adcda: start aa7a6908-eed5-4cf8-8df5-4bd7779adcda@group-41A4BCDBBC85-LeaderElection16
2023-01-16 14:42:04,452 [546a26c7-7703-4678-9acf-4f791a68dfff@group-41A4BCDBBC85-LeaderElection15] INFO  server.RaftServerConfigKeys (ConfUtils.java:logFallback(53)) - raft.server.rpc.first-election.timeout.max = 5200ms (fallback to raft.server.rpc.timeout.max)
2023-01-16 14:42:04,469 [grpc-default-executor-2] INFO  server.RaftServer$Division (RaftServerImpl.java:requestVote(1218)) - aa7a6908-eed5-4cf8-8df5-4bd7779adcda@group-41A4BCDBBC85: receive requestVote(ELECTION, 546a26c7-7703-4678-9acf-4f791a68dfff, group-41A4BCDBBC85, 2, (t:0, i:0))
2023-01-16 14:42:04,469 [aa7a6908-eed5-4cf8-8df5-4bd7779adcda@group-41A4BCDBBC85-LeaderElection16] INFO  impl.LeaderElection (LeaderElection.java:askForVotes(312)) - aa7a6908-eed5-4cf8-8df5-4bd7779adcda@group-41A4BCDBBC85-LeaderElection16 ELECTION round 0: submit vote requests at term 2 for -1: peers:[a1145108-ddcc-4325-a3dc-9d25daa38a10|rpc:10.1.1.103:33417|dataStream:10.1.1.103:39815|priority:0|startupRole:FOLLOWER, 546a26c7-7703-4678-9acf-4f791a68dfff|rpc:10.1.1.103:38573|dataStream:10.1.1.103:40475|priority:0|startupRole:FOLLOWER, aa7a6908-eed5-4cf8-8df5-4bd7779adcda|rpc:10.1.1.103:46359|dataStream:10.1.1.103:32839|priority:1|startupRole:FOLLOWER]|listeners:[], old=null
2023-01-16 14:42:04,469 [grpc-default-executor-2] INFO  impl.VoteContext (VoteContext.java:log(49)) - aa7a6908-eed5-4cf8-8df5-4bd7779adcda@group-41A4BCDBBC85-CANDIDATE: reject ELECTION from 546a26c7-7703-4678-9acf-4f791a68dfff: already has voted for aa7a6908-eed5-4cf8-8df5-4bd7779adcda at current term 2
2023-01-16 14:42:04,470 [grpc-default-executor-2] INFO  server.RaftServer$Division (RaftServerImpl.java:requestVote(1251)) - aa7a6908-eed5-4cf8-8df5-4bd7779adcda@group-41A4BCDBBC85 replies to ELECTION vote request: 546a26c7-7703-4678-9acf-4f791a68dfff<-aa7a6908-eed5-4cf8-8df5-4bd7779adcda#0:FAIL-t2. Peer's state: aa7a6908-eed5-4cf8-8df5-4bd7779adcda@group-41A4BCDBBC85:t2, leader=null, voted=aa7a6908-eed5-4cf8-8df5-4bd7779adcda, raftlog=Memoized:aa7a6908-eed5-4cf8-8df5-4bd7779adcda@group-41A4BCDBBC85-SegmentedRaftLog:OPENED:c-1, conf=-1: peers:[a1145108-ddcc-4325-a3dc-9d25daa38a10|rpc:10.1.1.103:33417|dataStream:10.1.1.103:39815|priority:0|startupRole:FOLLOWER, 546a26c7-7703-4678-9acf-4f791a68dfff|rpc:10.1.1.103:38573|dataStream:10.1.1.103:40475|priority:0|startupRole:FOLLOWER, aa7a6908-eed5-4cf8-8df5-4bd7779adcda|rpc:10.1.1.103:46359|dataStream:10.1.1.103:32839|priority:1|startupRole:FOLLOWER]|listeners:[], old=null
2023-01-16 14:42:04,471 [aa7a6908-eed5-4cf8-8df5-4bd7779adcda@group-41A4BCDBBC85-LeaderElection16] INFO  server.RaftServerConfigKeys (ConfUtils.java:logFallback(53)) - raft.server.rpc.first-election.timeout.min = 5s (fallback to raft.server.rpc.timeout.min)
2023-01-16 14:42:04,471 [aa7a6908-eed5-4cf8-8df5-4bd7779adcda@group-41A4BCDBBC85-LeaderElection16] INFO  server.RaftServerConfigKeys (ConfUtils.java:logFallback(53)) - raft.server.rpc.first-election.timeout.max = 5200ms (fallback to raft.server.rpc.timeout.max)
2023-01-16 14:42:04,472 [aa7a6908-eed5-4cf8-8df5-4bd7779adcda@group-41A4BCDBBC85-LeaderElection16-2] INFO  server.GrpcServerProtocolClient (GrpcServerProtocolClient.java:<init>(63)) - Build channel for 546a26c7-7703-4678-9acf-4f791a68dfff
2023-01-16 14:42:04,476 [546a26c7-7703-4678-9acf-4f791a68dfff@group-41A4BCDBBC85-LeaderElection15] INFO  impl.LeaderElection (LeaderElection.java:logAndReturn(90)) - 546a26c7-7703-4678-9acf-4f791a68dfff@group-41A4BCDBBC85-LeaderElection15: ELECTION REJECTED received 1 response(s) and 0 exception(s):
2023-01-16 14:42:04,477 [546a26c7-7703-4678-9acf-4f791a68dfff@group-41A4BCDBBC85-LeaderElection15] INFO  impl.LeaderElection (LeaderElection.java:logAndReturn(94)) -   Response 0: 546a26c7-7703-4678-9acf-4f791a68dfff<-aa7a6908-eed5-4cf8-8df5-4bd7779adcda#0:FAIL-t2
2023-01-16 14:42:04,477 [546a26c7-7703-4678-9acf-4f791a68dfff@group-41A4BCDBBC85-LeaderElection15] INFO  impl.LeaderElection (LeaderElection.java:askForVotes(314)) - 546a26c7-7703-4678-9acf-4f791a68dfff@group-41A4BCDBBC85-LeaderElection15 ELECTION round 0: result REJECTED
2023-01-16 14:42:04,477 [546a26c7-7703-4678-9acf-4f791a68dfff@group-41A4BCDBBC85-LeaderElection15] INFO  server.RaftServer$Division (RaftServerImpl.java:setRole(321)) - 546a26c7-7703-4678-9acf-4f791a68dfff@group-41A4BCDBBC85: changes role from CANDIDATE to FOLLOWER at term 2 for REJECTED
2023-01-16 14:42:04,477 [546a26c7-7703-4678-9acf-4f791a68dfff@group-41A4BCDBBC85-LeaderElection15] INFO  impl.RoleInfo (RoleInfo.java:shutdownLeaderElection(130)) - 546a26c7-7703-4678-9acf-4f791a68dfff: shutdown 546a26c7-7703-4678-9acf-4f791a68dfff@group-41A4BCDBBC85-LeaderElection15
2023-01-16 14:42:04,477 [546a26c7-7703-4678-9acf-4f791a68dfff@group-41A4BCDBBC85-LeaderElection15] INFO  impl.RoleInfo (RoleInfo.java:updateAndGet(139)) - 546a26c7-7703-4678-9acf-4f791a68dfff: start 546a26c7-7703-4678-9acf-4f791a68dfff@group-41A4BCDBBC85-FollowerState
2023-01-16 14:42:04,477 [aa7a6908-eed5-4cf8-8df5-4bd7779adcda@group-41A4BCDBBC85-LeaderElection16-1] INFO  server.GrpcServerProtocolClient (GrpcServerProtocolClient.java:<init>(63)) - Build channel for a1145108-ddcc-4325-a3dc-9d25daa38a10
2023-01-16 14:42:04,477 [grpc-default-executor-2] INFO  server.RaftServer$Division (RaftServerImpl.java:requestVote(1218)) - a1145108-ddcc-4325-a3dc-9d25daa38a10@group-41A4BCDBBC85: receive requestVote(ELECTION, 546a26c7-7703-4678-9acf-4f791a68dfff, group-41A4BCDBBC85, 2, (t:0, i:0))
2023-01-16 14:42:04,478 [grpc-default-executor-2] INFO  impl.VoteContext (VoteContext.java:log(49)) - a1145108-ddcc-4325-a3dc-9d25daa38a10@group-41A4BCDBBC85-FOLLOWER: accept ELECTION from 546a26c7-7703-4678-9acf-4f791a68dfff: our priority 0 <= candidate's priority 0
2023-01-16 14:42:04,478 [grpc-default-executor-2] INFO  server.RaftServer$Division (RaftServerImpl.java:setRole(321)) - a1145108-ddcc-4325-a3dc-9d25daa38a10@group-41A4BCDBBC85: changes role from  FOLLOWER to FOLLOWER at term 2 for candidate:546a26c7-7703-4678-9acf-4f791a68dfff
2023-01-16 14:42:04,478 [grpc-default-executor-2] INFO  impl.RoleInfo (RoleInfo.java:shutdownFollowerState(110)) - a1145108-ddcc-4325-a3dc-9d25daa38a10: shutdown a1145108-ddcc-4325-a3dc-9d25daa38a10@group-41A4BCDBBC85-FollowerState
2023-01-16 14:42:04,478 [grpc-default-executor-2] INFO  impl.RoleInfo (RoleInfo.java:updateAndGet(139)) - a1145108-ddcc-4325-a3dc-9d25daa38a10: start a1145108-ddcc-4325-a3dc-9d25daa38a10@group-41A4BCDBBC85-FollowerState
2023-01-16 14:42:04,478 [a1145108-ddcc-4325-a3dc-9d25daa38a10@group-41A4BCDBBC85-FollowerState] INFO  impl.FollowerState (FollowerState.java:run(152)) - a1145108-ddcc-4325-a3dc-9d25daa38a10@group-41A4BCDBBC85-FollowerState was interrupted
2023-01-16 14:42:04,478 [a1145108-ddcc-4325-a3dc-9d25daa38a10@group-41A4BCDBBC85-FollowerState] INFO  server.RaftServerConfigKeys (ConfUtils.java:logFallback(53)) - raft.server.rpc.first-election.timeout.min = 5s (fallback to raft.server.rpc.timeout.min)
2023-01-16 14:42:04,478 [a1145108-ddcc-4325-a3dc-9d25daa38a10@group-41A4BCDBBC85-FollowerState] INFO  server.RaftServerConfigKeys (ConfUtils.java:logFallback(53)) - raft.server.rpc.first-election.timeout.max = 5200ms (fallback to raft.server.rpc.timeout.max)
2023-01-16 14:42:04,480 [grpc-default-executor-2] INFO  server.RaftServer$Division (RaftServerImpl.java:requestVote(1251)) - a1145108-ddcc-4325-a3dc-9d25daa38a10@group-41A4BCDBBC85 replies to ELECTION vote request: 546a26c7-7703-4678-9acf-4f791a68dfff<-a1145108-ddcc-4325-a3dc-9d25daa38a10#0:OK-t2. Peer's state: a1145108-ddcc-4325-a3dc-9d25daa38a10@group-41A4BCDBBC85:t2, leader=null, voted=546a26c7-7703-4678-9acf-4f791a68dfff, raftlog=Memoized:a1145108-ddcc-4325-a3dc-9d25daa38a10@group-41A4BCDBBC85-SegmentedRaftLog:OPENED:c-1, conf=-1: peers:[a1145108-ddcc-4325-a3dc-9d25daa38a10|rpc:10.1.1.103:33417|dataStream:10.1.1.103:39815|priority:0|startupRole:FOLLOWER, 546a26c7-7703-4678-9acf-4f791a68dfff|rpc:10.1.1.103:38573|dataStream:10.1.1.103:40475|priority:0|startupRole:FOLLOWER, aa7a6908-eed5-4cf8-8df5-4bd7779adcda|rpc:10.1.1.103:46359|dataStream:10.1.1.103:32839|priority:1|startupRole:FOLLOWER]|listeners:[], old=null
2023-01-16 14:42:04,488 [546a26c7-7703-4678-9acf-4f791a68dfff@group-41A4BCDBBC85-FollowerState] INFO  server.RaftServerConfigKeys (ConfUtils.java:logFallback(53)) - raft.server.rpc.first-election.timeout.min = 5s (fallback to raft.server.rpc.timeout.min)
2023-01-16 14:42:04,489 [546a26c7-7703-4678-9acf-4f791a68dfff@group-41A4BCDBBC85-FollowerState] INFO  server.RaftServerConfigKeys (ConfUtils.java:logFallback(53)) - raft.server.rpc.first-election.timeout.max = 5200ms (fallback to raft.server.rpc.timeout.max)
2023-01-16 14:42:04,499 [grpc-default-executor-0] INFO  server.RaftServer$Division (RaftServerImpl.java:requestVote(1218)) - a1145108-ddcc-4325-a3dc-9d25daa38a10@group-41A4BCDBBC85: receive requestVote(ELECTION, aa7a6908-eed5-4cf8-8df5-4bd7779adcda, group-41A4BCDBBC85, 2, (t:0, i:0))
2023-01-16 14:42:04,499 [grpc-default-executor-0] INFO  impl.VoteContext (VoteContext.java:log(49)) - a1145108-ddcc-4325-a3dc-9d25daa38a10@group-41A4BCDBBC85-FOLLOWER: reject ELECTION from aa7a6908-eed5-4cf8-8df5-4bd7779adcda: already has voted for 546a26c7-7703-4678-9acf-4f791a68dfff at current term 2
2023-01-16 14:42:04,500 [grpc-default-executor-0] INFO  server.RaftServer$Division (RaftServerImpl.java:requestVote(1251)) - a1145108-ddcc-4325-a3dc-9d25daa38a10@group-41A4BCDBBC85 replies to ELECTION vote request: aa7a6908-eed5-4cf8-8df5-4bd7779adcda<-a1145108-ddcc-4325-a3dc-9d25daa38a10#0:FAIL-t2. Peer's state: a1145108-ddcc-4325-a3dc-9d25daa38a10@group-41A4BCDBBC85:t2, leader=null, voted=546a26c7-7703-4678-9acf-4f791a68dfff, raftlog=Memoized:a1145108-ddcc-4325-a3dc-9d25daa38a10@group-41A4BCDBBC85-SegmentedRaftLog:OPENED:c-1, conf=-1: peers:[a1145108-ddcc-4325-a3dc-9d25daa38a10|rpc:10.1.1.103:33417|dataStream:10.1.1.103:39815|priority:0|startupRole:FOLLOWER, 546a26c7-7703-4678-9acf-4f791a68dfff|rpc:10.1.1.103:38573|dataStream:10.1.1.103:40475|priority:0|startupRole:FOLLOWER, aa7a6908-eed5-4cf8-8df5-4bd7779adcda|rpc:10.1.1.103:46359|dataStream:10.1.1.103:32839|priority:1|startupRole:FOLLOWER]|listeners:[], old=null
2023-01-16 14:42:04,501 [grpc-default-executor-2] INFO  server.RaftServer$Division (RaftServerImpl.java:requestVote(1218)) - 546a26c7-7703-4678-9acf-4f791a68dfff@group-41A4BCDBBC85: receive requestVote(ELECTION, aa7a6908-eed5-4cf8-8df5-4bd7779adcda, group-41A4BCDBBC85, 2, (t:0, i:0))
2023-01-16 14:42:04,502 [grpc-default-executor-2] INFO  impl.VoteContext (VoteContext.java:log(49)) - 546a26c7-7703-4678-9acf-4f791a68dfff@group-41A4BCDBBC85-FOLLOWER: reject ELECTION from aa7a6908-eed5-4cf8-8df5-4bd7779adcda: already has voted for 546a26c7-7703-4678-9acf-4f791a68dfff at current term 2
2023-01-16 14:42:04,502 [grpc-default-executor-2] INFO  server.RaftServer$Division (RaftServerImpl.java:requestVote(1251)) - 546a26c7-7703-4678-9acf-4f791a68dfff@group-41A4BCDBBC85 replies to ELECTION vote request: aa7a6908-eed5-4cf8-8df5-4bd7779adcda<-546a26c7-7703-4678-9acf-4f791a68dfff#0:FAIL-t2. Peer's state: 546a26c7-7703-4678-9acf-4f791a68dfff@group-41A4BCDBBC85:t2, leader=null, voted=546a26c7-7703-4678-9acf-4f791a68dfff, raftlog=Memoized:546a26c7-7703-4678-9acf-4f791a68dfff@group-41A4BCDBBC85-SegmentedRaftLog:OPENED:c-1, conf=-1: peers:[a1145108-ddcc-4325-a3dc-9d25daa38a10|rpc:10.1.1.103:33417|dataStream:10.1.1.103:39815|priority:0|startupRole:FOLLOWER, 546a26c7-7703-4678-9acf-4f791a68dfff|rpc:10.1.1.103:38573|dataStream:10.1.1.103:40475|priority:0|startupRole:FOLLOWER, aa7a6908-eed5-4cf8-8df5-4bd7779adcda|rpc:10.1.1.103:46359|dataStream:10.1.1.103:32839|priority:1|startupRole:FOLLOWER]|listeners:[], old=null
2023-01-16 14:42:04,504 [aa7a6908-eed5-4cf8-8df5-4bd7779adcda@group-41A4BCDBBC85-LeaderElection16] INFO  impl.LeaderElection (LeaderElection.java:logAndReturn(90)) - aa7a6908-eed5-4cf8-8df5-4bd7779adcda@group-41A4BCDBBC85-LeaderElection16: ELECTION REJECTED received 2 response(s) and 0 exception(s):
2023-01-16 14:42:04,504 [aa7a6908-eed5-4cf8-8df5-4bd7779adcda@group-41A4BCDBBC85-LeaderElection16] INFO  impl.LeaderElection (LeaderElection.java:logAndReturn(94)) -   Response 0: aa7a6908-eed5-4cf8-8df5-4bd7779adcda<-a1145108-ddcc-4325-a3dc-9d25daa38a10#0:FAIL-t2
2023-01-16 14:42:04,504 [aa7a6908-eed5-4cf8-8df5-4bd7779adcda@group-41A4BCDBBC85-LeaderElection16] INFO  impl.LeaderElection (LeaderElection.java:logAndReturn(94)) -   Response 1: aa7a6908-eed5-4cf8-8df5-4bd7779adcda<-546a26c7-7703-4678-9acf-4f791a68dfff#0:FAIL-t2
2023-01-16 14:42:04,504 [aa7a6908-eed5-4cf8-8df5-4bd7779adcda@group-41A4BCDBBC85-LeaderElection16] INFO  impl.LeaderElection (LeaderElection.java:askForVotes(314)) - aa7a6908-eed5-4cf8-8df5-4bd7779adcda@group-41A4BCDBBC85-LeaderElection16 ELECTION round 0: result REJECTED
2023-01-16 14:42:04,504 [aa7a6908-eed5-4cf8-8df5-4bd7779adcda@group-41A4BCDBBC85-LeaderElection16] INFO  server.RaftServer$Division (RaftServerImpl.java:setRole(321)) - aa7a6908-eed5-4cf8-8df5-4bd7779adcda@group-41A4BCDBBC85: changes role from CANDIDATE to FOLLOWER at term 2 for REJECTED
2023-01-16 14:42:04,504 [aa7a6908-eed5-4cf8-8df5-4bd7779adcda@group-41A4BCDBBC85-LeaderElection16] INFO  impl.RoleInfo (RoleInfo.java:shutdownLeaderElection(130)) - aa7a6908-eed5-4cf8-8df5-4bd7779adcda: shutdown aa7a6908-eed5-4cf8-8df5-4bd7779adcda@group-41A4BCDBBC85-LeaderElection16
2023-01-16 14:42:04,504 [aa7a6908-eed5-4cf8-8df5-4bd7779adcda@group-41A4BCDBBC85-LeaderElection16] INFO  impl.RoleInfo (RoleInfo.java:updateAndGet(139)) - aa7a6908-eed5-4cf8-8df5-4bd7779adcda: start aa7a6908-eed5-4cf8-8df5-4bd7779adcda@group-41A4BCDBBC85-FollowerState
2023-01-16 14:42:04,513 [aa7a6908-eed5-4cf8-8df5-4bd7779adcda@group-41A4BCDBBC85-FollowerState] INFO  server.RaftServerConfigKeys (ConfUtils.java:logFallback(53)) - raft.server.rpc.first-election.timeout.min = 5s (fallback to raft.server.rpc.timeout.min)
2023-01-16 14:42:04,513 [aa7a6908-eed5-4cf8-8df5-4bd7779adcda@group-41A4BCDBBC85-FollowerState] INFO  server.RaftServerConfigKeys (ConfUtils.java:logFallback(53)) - raft.server.rpc.first-election.timeout.max = 5200ms (fallback to raft.server.rpc.timeout.max)
2023-01-16 14:42:09,208 [d8f5a1f3-e512-499d-ae8e-3cd02accfea1@group-42F1C44EC713-FollowerState] INFO  impl.FollowerState (FollowerState.java:run(143)) - d8f5a1f3-e512-499d-ae8e-3cd02accfea1@group-42F1C44EC713-FollowerState: change to CANDIDATE, lastRpcElapsedTime:5083139120ns, electionTimeout:5075ms
2023-01-16 14:42:09,209 [d8f5a1f3-e512-499d-ae8e-3cd02accfea1@group-42F1C44EC713-FollowerState] INFO  impl.RoleInfo (RoleInfo.java:shutdownFollowerState(110)) - d8f5a1f3-e512-499d-ae8e-3cd02accfea1: shutdown d8f5a1f3-e512-499d-ae8e-3cd02accfea1@group-42F1C44EC713-FollowerState
2023-01-16 14:42:09,209 [d8f5a1f3-e512-499d-ae8e-3cd02accfea1@group-42F1C44EC713-FollowerState] INFO  server.RaftServer$Division (RaftServerImpl.java:setRole(321)) - d8f5a1f3-e512-499d-ae8e-3cd02accfea1@group-42F1C44EC713: changes role from  FOLLOWER to CANDIDATE at term 2 for changeToCandidate
2023-01-16 14:42:09,209 [d8f5a1f3-e512-499d-ae8e-3cd02accfea1@group-42F1C44EC713-FollowerState] INFO  server.RaftServerConfigKeys (ConfUtils.java:logGet(46)) - raft.server.leaderelection.pre-vote = false (custom)
2023-01-16 14:42:09,209 [d8f5a1f3-e512-499d-ae8e-3cd02accfea1@group-42F1C44EC713-FollowerState] INFO  impl.RoleInfo (RoleInfo.java:updateAndGet(139)) - d8f5a1f3-e512-499d-ae8e-3cd02accfea1: start d8f5a1f3-e512-499d-ae8e-3cd02accfea1@group-42F1C44EC713-LeaderElection17
2023-01-16 14:42:09,212 [d8f5a1f3-e512-499d-ae8e-3cd02accfea1@group-42F1C44EC713-LeaderElection17] INFO  impl.LeaderElection (LeaderElection.java:askForVotes(312)) - d8f5a1f3-e512-499d-ae8e-3cd02accfea1@group-42F1C44EC713-LeaderElection17 ELECTION round 0: submit vote requests at term 3 for -1: peers:[f3cb6aab-e792-43b9-8109-2d5521605a5b|rpc:10.1.1.103:38739|dataStream:10.1.1.103:37539|priority:0|startupRole:FOLLOWER, 16b0a967-ef5a-4382-99c2-95b744fea4a1|rpc:10.1.1.103:46459|dataStream:10.1.1.103:44335|priority:0|startupRole:FOLLOWER, d8f5a1f3-e512-499d-ae8e-3cd02accfea1|rpc:10.1.1.103:43661|dataStream:10.1.1.103:39865|priority:1|startupRole:FOLLOWER]|listeners:[], old=null
2023-01-16 14:42:09,212 [d8f5a1f3-e512-499d-ae8e-3cd02accfea1@group-42F1C44EC713-LeaderElection17] INFO  server.RaftServerConfigKeys (ConfUtils.java:logFallback(53)) - raft.server.rpc.first-election.timeout.min = 5s (fallback to raft.server.rpc.timeout.min)
2023-01-16 14:42:09,212 [d8f5a1f3-e512-499d-ae8e-3cd02accfea1@group-42F1C44EC713-LeaderElection17] INFO  server.RaftServerConfigKeys (ConfUtils.java:logFallback(53)) - raft.server.rpc.first-election.timeout.max = 5200ms (fallback to raft.server.rpc.timeout.max)
2023-01-16 14:42:09,216 [grpc-default-executor-0] INFO  server.RaftServer$Division (RaftServerImpl.java:requestVote(1218)) - 16b0a967-ef5a-4382-99c2-95b744fea4a1@group-42F1C44EC713: receive requestVote(ELECTION, d8f5a1f3-e512-499d-ae8e-3cd02accfea1, group-42F1C44EC713, 3, (t:0, i:0))
2023-01-16 14:42:09,217 [grpc-default-executor-0] INFO  impl.VoteContext (VoteContext.java:log(49)) - 16b0a967-ef5a-4382-99c2-95b744fea4a1@group-42F1C44EC713-FOLLOWER: accept ELECTION from d8f5a1f3-e512-499d-ae8e-3cd02accfea1: our priority 0 <= candidate's priority 1
2023-01-16 14:42:09,217 [grpc-default-executor-0] INFO  server.RaftServer$Division (RaftServerImpl.java:setRole(321)) - 16b0a967-ef5a-4382-99c2-95b744fea4a1@group-42F1C44EC713: changes role from  FOLLOWER to FOLLOWER at term 3 for candidate:d8f5a1f3-e512-499d-ae8e-3cd02accfea1
2023-01-16 14:42:09,217 [grpc-default-executor-0] INFO  impl.RoleInfo (RoleInfo.java:shutdownFollowerState(110)) - 16b0a967-ef5a-4382-99c2-95b744fea4a1: shutdown 16b0a967-ef5a-4382-99c2-95b744fea4a1@group-42F1C44EC713-FollowerState
2023-01-16 14:42:09,217 [grpc-default-executor-0] INFO  impl.RoleInfo (RoleInfo.java:updateAndGet(139)) - 16b0a967-ef5a-4382-99c2-95b744fea4a1: start 16b0a967-ef5a-4382-99c2-95b744fea4a1@group-42F1C44EC713-FollowerState
2023-01-16 14:42:09,217 [16b0a967-ef5a-4382-99c2-95b744fea4a1@group-42F1C44EC713-FollowerState] INFO  impl.FollowerState (FollowerState.java:run(152)) - 16b0a967-ef5a-4382-99c2-95b744fea4a1@group-42F1C44EC713-FollowerState was interrupted
2023-01-16 14:42:09,217 [grpc-default-executor-2] INFO  server.RaftServer$Division (RaftServerImpl.java:requestVote(1218)) - f3cb6aab-e792-43b9-8109-2d5521605a5b@group-42F1C44EC713: receive requestVote(ELECTION, d8f5a1f3-e512-499d-ae8e-3cd02accfea1, group-42F1C44EC713, 3, (t:0, i:0))
2023-01-16 14:42:09,217 [grpc-default-executor-2] INFO  impl.VoteContext (VoteContext.java:log(49)) - f3cb6aab-e792-43b9-8109-2d5521605a5b@group-42F1C44EC713-FOLLOWER: accept ELECTION from d8f5a1f3-e512-499d-ae8e-3cd02accfea1: our priority 0 <= candidate's priority 1
2023-01-16 14:42:09,217 [grpc-default-executor-2] INFO  server.RaftServer$Division (RaftServerImpl.java:setRole(321)) - f3cb6aab-e792-43b9-8109-2d5521605a5b@group-42F1C44EC713: changes role from  FOLLOWER to FOLLOWER at term 3 for candidate:d8f5a1f3-e512-499d-ae8e-3cd02accfea1
2023-01-16 14:42:09,217 [grpc-default-executor-2] INFO  impl.RoleInfo (RoleInfo.java:shutdownFollowerState(110)) - f3cb6aab-e792-43b9-8109-2d5521605a5b: shutdown f3cb6aab-e792-43b9-8109-2d5521605a5b@group-42F1C44EC713-FollowerState
2023-01-16 14:42:09,218 [grpc-default-executor-2] INFO  impl.RoleInfo (RoleInfo.java:updateAndGet(139)) - f3cb6aab-e792-43b9-8109-2d5521605a5b: start f3cb6aab-e792-43b9-8109-2d5521605a5b@group-42F1C44EC713-FollowerState
2023-01-16 14:42:09,218 [f3cb6aab-e792-43b9-8109-2d5521605a5b@group-42F1C44EC713-FollowerState] INFO  impl.FollowerState (FollowerState.java:run(152)) - f3cb6aab-e792-43b9-8109-2d5521605a5b@group-42F1C44EC713-FollowerState was interrupted
2023-01-16 14:42:09,218 [16b0a967-ef5a-4382-99c2-95b744fea4a1@group-42F1C44EC713-FollowerState] INFO  server.RaftServerConfigKeys (ConfUtils.java:logFallback(53)) - raft.server.rpc.first-election.timeout.min = 5s (fallback to raft.server.rpc.timeout.min)
2023-01-16 14:42:09,218 [16b0a967-ef5a-4382-99c2-95b744fea4a1@group-42F1C44EC713-FollowerState] INFO  server.RaftServerConfigKeys (ConfUtils.java:logFallback(53)) - raft.server.rpc.first-election.timeout.max = 5200ms (fallback to raft.server.rpc.timeout.max)
2023-01-16 14:42:09,221 [grpc-default-executor-0] INFO  server.RaftServer$Division (RaftServerImpl.java:requestVote(1251)) - 16b0a967-ef5a-4382-99c2-95b744fea4a1@group-42F1C44EC713 replies to ELECTION vote request: d8f5a1f3-e512-499d-ae8e-3cd02accfea1<-16b0a967-ef5a-4382-99c2-95b744fea4a1#0:OK-t3. Peer's state: 16b0a967-ef5a-4382-99c2-95b744fea4a1@group-42F1C44EC713:t3, leader=null, voted=d8f5a1f3-e512-499d-ae8e-3cd02accfea1, raftlog=Memoized:16b0a967-ef5a-4382-99c2-95b744fea4a1@group-42F1C44EC713-SegmentedRaftLog:OPENED:c-1, conf=-1: peers:[f3cb6aab-e792-43b9-8109-2d5521605a5b|rpc:10.1.1.103:38739|dataStream:10.1.1.103:37539|priority:0|startupRole:FOLLOWER, 16b0a967-ef5a-4382-99c2-95b744fea4a1|rpc:10.1.1.103:46459|dataStream:10.1.1.103:44335|priority:0|startupRole:FOLLOWER, d8f5a1f3-e512-499d-ae8e-3cd02accfea1|rpc:10.1.1.103:43661|dataStream:10.1.1.103:39865|priority:1|startupRole:FOLLOWER]|listeners:[], old=null
2023-01-16 14:42:09,222 [d8f5a1f3-e512-499d-ae8e-3cd02accfea1@group-42F1C44EC713-LeaderElection17] INFO  impl.LeaderElection (LeaderElection.java:logAndReturn(90)) - d8f5a1f3-e512-499d-ae8e-3cd02accfea1@group-42F1C44EC713-LeaderElection17: ELECTION PASSED received 1 response(s) and 0 exception(s):
2023-01-16 14:42:09,222 [d8f5a1f3-e512-499d-ae8e-3cd02accfea1@group-42F1C44EC713-LeaderElection17] INFO  impl.LeaderElection (LeaderElection.java:logAndReturn(94)) -   Response 0: d8f5a1f3-e512-499d-ae8e-3cd02accfea1<-16b0a967-ef5a-4382-99c2-95b744fea4a1#0:OK-t3
2023-01-16 14:42:09,222 [d8f5a1f3-e512-499d-ae8e-3cd02accfea1@group-42F1C44EC713-LeaderElection17] INFO  impl.LeaderElection (LeaderElection.java:askForVotes(314)) - d8f5a1f3-e512-499d-ae8e-3cd02accfea1@group-42F1C44EC713-LeaderElection17 ELECTION round 0: result PASSED
2023-01-16 14:42:09,222 [d8f5a1f3-e512-499d-ae8e-3cd02accfea1@group-42F1C44EC713-LeaderElection17] INFO  impl.RoleInfo (RoleInfo.java:shutdownLeaderElection(130)) - d8f5a1f3-e512-499d-ae8e-3cd02accfea1: shutdown d8f5a1f3-e512-499d-ae8e-3cd02accfea1@group-42F1C44EC713-LeaderElection17
2023-01-16 14:42:09,222 [d8f5a1f3-e512-499d-ae8e-3cd02accfea1@group-42F1C44EC713-LeaderElection17] INFO  server.RaftServer$Division (RaftServerImpl.java:setRole(321)) - d8f5a1f3-e512-499d-ae8e-3cd02accfea1@group-42F1C44EC713: changes role from CANDIDATE to LEADER at term 3 for changeToLeader
2023-01-16 14:42:09,222 [d8f5a1f3-e512-499d-ae8e-3cd02accfea1@group-42F1C44EC713-LeaderElection17] INFO  ratis.XceiverServerRatis (XceiverServerRatis.java:handleLeaderChangedNotification(904)) - Leader change notification received for group: group-42F1C44EC713 with new leaderId: d8f5a1f3-e512-499d-ae8e-3cd02accfea1
2023-01-16 14:42:09,222 [d8f5a1f3-e512-499d-ae8e-3cd02accfea1@group-42F1C44EC713-LeaderElection17] INFO  server.RaftServer$Division (ServerState.java:setLeader(313)) - d8f5a1f3-e512-499d-ae8e-3cd02accfea1@group-42F1C44EC713: change Leader from null to d8f5a1f3-e512-499d-ae8e-3cd02accfea1 at term 3 for becomeLeader, leader elected after 15515ms
2023-01-16 14:42:09,222 [d8f5a1f3-e512-499d-ae8e-3cd02accfea1@group-42F1C44EC713-LeaderElection17] INFO  server.RaftServerConfigKeys (ConfUtils.java:logGet(46)) - raft.server.staging.catchup.gap = 1000 (default)
2023-01-16 14:42:09,223 [d8f5a1f3-e512-499d-ae8e-3cd02accfea1@group-42F1C44EC713-LeaderElection17] INFO  server.RaftServerConfigKeys (ConfUtils.java:logGet(46)) - raft.server.write.element-limit = 1024 (custom)
2023-01-16 14:42:09,223 [d8f5a1f3-e512-499d-ae8e-3cd02accfea1@group-42F1C44EC713-LeaderElection17] INFO  server.RaftServerConfigKeys (ConfUtils.java:logGet(46)) - raft.server.write.byte-limit = 1024 M (=1073741824) (custom)
2023-01-16 14:42:09,223 [d8f5a1f3-e512-499d-ae8e-3cd02accfea1@group-42F1C44EC713-LeaderElection17] INFO  server.RaftServerConfigKeys (ConfUtils.java:logGet(46)) - raft.server.watch.timeout = 180s (custom)
2023-01-16 14:42:09,223 [d8f5a1f3-e512-499d-ae8e-3cd02accfea1@group-42F1C44EC713-LeaderElection17] INFO  server.RaftServerConfigKeys (ConfUtils.java:logGet(46)) - raft.server.watch.timeout.denomination = 1s (default)
2023-01-16 14:42:09,223 [d8f5a1f3-e512-499d-ae8e-3cd02accfea1@group-42F1C44EC713-LeaderElection17] INFO  server.RaftServerConfigKeys (ConfUtils.java:logGet(46)) - raft.server.watch.element-limit = 65536 (default)
2023-01-16 14:42:09,223 [d8f5a1f3-e512-499d-ae8e-3cd02accfea1@group-42F1C44EC713-LeaderElection17] INFO  server.RaftServerConfigKeys (ConfUtils.java:logGet(46)) - raft.server.write.element-limit = 1024 (custom)
2023-01-16 14:42:09,223 [d8f5a1f3-e512-499d-ae8e-3cd02accfea1@group-42F1C44EC713-LeaderElection17] INFO  server.RaftServerConfigKeys (ConfUtils.java:logGet(46)) - raft.server.write.follower.gap.ratio.max = -1.0 (default)
2023-01-16 14:42:09,223 [f3cb6aab-e792-43b9-8109-2d5521605a5b@group-42F1C44EC713-FollowerState] INFO  server.RaftServerConfigKeys (ConfUtils.java:logFallback(53)) - raft.server.rpc.first-election.timeout.min = 5s (fallback to raft.server.rpc.timeout.min)
2023-01-16 14:42:09,223 [f3cb6aab-e792-43b9-8109-2d5521605a5b@group-42F1C44EC713-FollowerState] INFO  server.RaftServerConfigKeys (ConfUtils.java:logFallback(53)) - raft.server.rpc.first-election.timeout.max = 5200ms (fallback to raft.server.rpc.timeout.max)
2023-01-16 14:42:09,226 [grpc-default-executor-2] INFO  server.RaftServer$Division (RaftServerImpl.java:requestVote(1251)) - f3cb6aab-e792-43b9-8109-2d5521605a5b@group-42F1C44EC713 replies to ELECTION vote request: d8f5a1f3-e512-499d-ae8e-3cd02accfea1<-f3cb6aab-e792-43b9-8109-2d5521605a5b#0:OK-t3. Peer's state: f3cb6aab-e792-43b9-8109-2d5521605a5b@group-42F1C44EC713:t3, leader=null, voted=d8f5a1f3-e512-499d-ae8e-3cd02accfea1, raftlog=Memoized:f3cb6aab-e792-43b9-8109-2d5521605a5b@group-42F1C44EC713-SegmentedRaftLog:OPENED:c-1, conf=-1: peers:[f3cb6aab-e792-43b9-8109-2d5521605a5b|rpc:10.1.1.103:38739|dataStream:10.1.1.103:37539|priority:0|startupRole:FOLLOWER, 16b0a967-ef5a-4382-99c2-95b744fea4a1|rpc:10.1.1.103:46459|dataStream:10.1.1.103:44335|priority:0|startupRole:FOLLOWER, d8f5a1f3-e512-499d-ae8e-3cd02accfea1|rpc:10.1.1.103:43661|dataStream:10.1.1.103:39865|priority:1|startupRole:FOLLOWER]|listeners:[], old=null
2023-01-16 14:42:09,226 [EventQueue-PipelineReportForPipelineReportHandler] INFO  pipeline.PipelineManagerImpl (PipelineManagerImpl.java:openPipeline(367)) - Pipeline Pipeline[ Id: fb287427-0678-4217-8634-42f1c44ec713, Nodes: 16b0a967-ef5a-4382-99c2-95b744fea4a1(fv-az203-757.ild0l4k5vsluppoevu2oqvhmda.cx.internal.cloudapp.net/10.1.1.103)d8f5a1f3-e512-499d-ae8e-3cd02accfea1(fv-az203-757.ild0l4k5vsluppoevu2oqvhmda.cx.internal.cloudapp.net/10.1.1.103)f3cb6aab-e792-43b9-8109-2d5521605a5b(fv-az203-757.ild0l4k5vsluppoevu2oqvhmda.cx.internal.cloudapp.net/10.1.1.103), ReplicationConfig: RATIS/THREE, State:ALLOCATED, leaderId:d8f5a1f3-e512-499d-ae8e-3cd02accfea1, CreationTimestamp2023-01-16T14:41:50.662Z[Etc/UTC]] moved to OPEN state
2023-01-16 14:42:09,227 [d8f5a1f3-e512-499d-ae8e-3cd02accfea1@group-42F1C44EC713-LeaderElection17] INFO  server.RaftServerConfigKeys (ConfUtils.java:logGet(46)) - raft.server.log.appender.snapshot.chunk.size.max = 16MB (=16777216) (default)
2023-01-16 14:42:09,227 [d8f5a1f3-e512-499d-ae8e-3cd02accfea1@group-42F1C44EC713-LeaderElection17] INFO  server.RaftServerConfigKeys (ConfUtils.java:logGet(46)) - raft.server.log.appender.buffer.byte-limit = 33554432 (custom)
2023-01-16 14:42:09,227 [d8f5a1f3-e512-499d-ae8e-3cd02accfea1@group-42F1C44EC713-LeaderElection17] INFO  server.RaftServerConfigKeys (ConfUtils.java:logGet(46)) - raft.server.log.appender.buffer.element-limit = 1 (custom)
2023-01-16 14:42:09,227 [d8f5a1f3-e512-499d-ae8e-3cd02accfea1@group-42F1C44EC713-LeaderElection17] INFO  grpc.GrpcConfigKeys (ConfUtils.java:logGet(46)) - raft.grpc.server.leader.outstanding.appends.max = 128 (default)
2023-01-16 14:42:09,230 [d8f5a1f3-e512-499d-ae8e-3cd02accfea1@group-42F1C44EC713-LeaderElection17] INFO  server.RaftServerConfigKeys (ConfUtils.java:logGet(46)) - raft.server.rpc.request.timeout = 60s (custom)
2023-01-16 14:42:09,230 [d8f5a1f3-e512-499d-ae8e-3cd02accfea1@group-42F1C44EC713-LeaderElection17] INFO  server.RaftServerConfigKeys (ConfUtils.java:logGet(46)) - raft.server.log.appender.install.snapshot.enabled = false (custom)
2023-01-16 14:42:09,230 [d8f5a1f3-e512-499d-ae8e-3cd02accfea1@group-42F1C44EC713-LeaderElection17] INFO  grpc.GrpcConfigKeys (ConfUtils.java:logGet(46)) - raft.grpc.server.heartbeat.channel = true (default)
2023-01-16 14:42:09,230 [d8f5a1f3-e512-499d-ae8e-3cd02accfea1@group-42F1C44EC713-LeaderElection17] INFO  server.RaftServerConfigKeys (ConfUtils.java:logGet(46)) - raft.server.log.appender.wait-time.min = 10ms (default)
2023-01-16 14:42:09,231 [d8f5a1f3-e512-499d-ae8e-3cd02accfea1@group-42F1C44EC713-LeaderElection17] INFO  server.RaftServerConfigKeys (ConfUtils.java:logGet(46)) - raft.server.log.appender.snapshot.chunk.size.max = 16MB (=16777216) (default)
2023-01-16 14:42:09,231 [d8f5a1f3-e512-499d-ae8e-3cd02accfea1@group-42F1C44EC713-LeaderElection17] INFO  server.RaftServerConfigKeys (ConfUtils.java:logGet(46)) - raft.server.log.appender.buffer.byte-limit = 33554432 (custom)
2023-01-16 14:42:09,231 [d8f5a1f3-e512-499d-ae8e-3cd02accfea1@group-42F1C44EC713-LeaderElection17] INFO  server.RaftServerConfigKeys (ConfUtils.java:logGet(46)) - raft.server.log.appender.buffer.element-limit = 1 (custom)
2023-01-16 14:42:09,231 [d8f5a1f3-e512-499d-ae8e-3cd02accfea1@group-42F1C44EC713-LeaderElection17] INFO  grpc.GrpcConfigKeys (ConfUtils.java:logGet(46)) - raft.grpc.server.leader.outstanding.appends.max = 128 (default)
2023-01-16 14:42:09,231 [d8f5a1f3-e512-499d-ae8e-3cd02accfea1@group-42F1C44EC713-LeaderElection17] INFO  server.RaftServerConfigKeys (ConfUtils.java:logGet(46)) - raft.server.rpc.request.timeout = 60s (custom)
2023-01-16 14:42:09,231 [d8f5a1f3-e512-499d-ae8e-3cd02accfea1@group-42F1C44EC713-LeaderElection17] INFO  server.RaftServerConfigKeys (ConfUtils.java:logGet(46)) - raft.server.log.appender.install.snapshot.enabled = false (custom)
2023-01-16 14:42:09,231 [d8f5a1f3-e512-499d-ae8e-3cd02accfea1@group-42F1C44EC713-LeaderElection17] INFO  grpc.GrpcConfigKeys (ConfUtils.java:logGet(46)) - raft.grpc.server.heartbeat.channel = true (default)
2023-01-16 14:42:09,231 [d8f5a1f3-e512-499d-ae8e-3cd02accfea1@group-42F1C44EC713-LeaderElection17] INFO  server.RaftServerConfigKeys (ConfUtils.java:logGet(46)) - raft.server.log.appender.wait-time.min = 10ms (default)
2023-01-16 14:42:09,232 [d8f5a1f3-e512-499d-ae8e-3cd02accfea1@group-42F1C44EC713-LeaderElection17] INFO  impl.RoleInfo (RoleInfo.java:updateAndGet(139)) - d8f5a1f3-e512-499d-ae8e-3cd02accfea1: start d8f5a1f3-e512-499d-ae8e-3cd02accfea1@group-42F1C44EC713-LeaderStateImpl
2023-01-16 14:42:09,232 [d8f5a1f3-e512-499d-ae8e-3cd02accfea1@group-42F1C44EC713-LeaderElection17] INFO  segmented.SegmentedRaftLogWorker (SegmentedRaftLogWorker.java:startLogSegment(452)) - d8f5a1f3-e512-499d-ae8e-3cd02accfea1@group-42F1C44EC713-SegmentedRaftLogWorker: Starting segment from index:0
2023-01-16 14:42:09,233 [d8f5a1f3-e512-499d-ae8e-3cd02accfea1@group-42F1C44EC713-SegmentedRaftLogWorker] INFO  segmented.SegmentedRaftLogWorker (SegmentedRaftLogWorker.java:execute(656)) - d8f5a1f3-e512-499d-ae8e-3cd02accfea1@group-42F1C44EC713-SegmentedRaftLogWorker: created new log segment /home/runner/work/ozone/ozone/hadoop-ozone/integration-test/target/test-dir/MiniOzoneClusterImpl-bcd49b6a-245a-4637-b4c9-d6b301a8fda7/datanode-2/data/ratis/fb287427-0678-4217-8634-42f1c44ec713/current/log_inprogress_0
2023-01-16 14:42:09,240 [d8f5a1f3-e512-499d-ae8e-3cd02accfea1@group-42F1C44EC713-LeaderElection17] INFO  server.RaftServer$Division (ServerState.java:setRaftConf(430)) - d8f5a1f3-e512-499d-ae8e-3cd02accfea1@group-42F1C44EC713: set configuration 0: peers:[f3cb6aab-e792-43b9-8109-2d5521605a5b|rpc:10.1.1.103:38739|dataStream:10.1.1.103:37539|priority:0|startupRole:FOLLOWER, 16b0a967-ef5a-4382-99c2-95b744fea4a1|rpc:10.1.1.103:46459|dataStream:10.1.1.103:44335|priority:0|startupRole:FOLLOWER, d8f5a1f3-e512-499d-ae8e-3cd02accfea1|rpc:10.1.1.103:43661|dataStream:10.1.1.103:39865|priority:1|startupRole:FOLLOWER]|listeners:[], old=null
2023-01-16 14:42:09,252 [f3cb6aab-e792-43b9-8109-2d5521605a5b-server-thread1] INFO  ratis.XceiverServerRatis (XceiverServerRatis.java:handleLeaderChangedNotification(904)) - Leader change notification received for group: group-42F1C44EC713 with new leaderId: d8f5a1f3-e512-499d-ae8e-3cd02accfea1
2023-01-16 14:42:09,252 [f3cb6aab-e792-43b9-8109-2d5521605a5b-server-thread1] INFO  server.RaftServer$Division (ServerState.java:setLeader(313)) - f3cb6aab-e792-43b9-8109-2d5521605a5b@group-42F1C44EC713: change Leader from null to d8f5a1f3-e512-499d-ae8e-3cd02accfea1 at term 3 for appendEntries, leader elected after 15556ms
2023-01-16 14:42:09,255 [16b0a967-ef5a-4382-99c2-95b744fea4a1-server-thread1] INFO  ratis.XceiverServerRatis (XceiverServerRatis.java:handleLeaderChangedNotification(904)) - Leader change notification received for group: group-42F1C44EC713 with new leaderId: d8f5a1f3-e512-499d-ae8e-3cd02accfea1
2023-01-16 14:42:09,255 [16b0a967-ef5a-4382-99c2-95b744fea4a1-server-thread1] INFO  server.RaftServer$Division (ServerState.java:setLeader(313)) - 16b0a967-ef5a-4382-99c2-95b744fea4a1@group-42F1C44EC713: change Leader from null to d8f5a1f3-e512-499d-ae8e-3cd02accfea1 at term 3 for appendEntries, leader elected after 15234ms
2023-01-16 14:42:09,263 [16b0a967-ef5a-4382-99c2-95b744fea4a1-server-thread2] INFO  server.RaftServer$Division (ServerState.java:setRaftConf(430)) - 16b0a967-ef5a-4382-99c2-95b744fea4a1@group-42F1C44EC713: set configuration 0: peers:[f3cb6aab-e792-43b9-8109-2d5521605a5b|rpc:10.1.1.103:38739|dataStream:10.1.1.103:37539|priority:0|startupRole:FOLLOWER, 16b0a967-ef5a-4382-99c2-95b744fea4a1|rpc:10.1.1.103:46459|dataStream:10.1.1.103:44335|priority:0|startupRole:FOLLOWER, d8f5a1f3-e512-499d-ae8e-3cd02accfea1|rpc:10.1.1.103:43661|dataStream:10.1.1.103:39865|priority:1|startupRole:FOLLOWER]|listeners:[], old=null
2023-01-16 14:42:09,268 [16b0a967-ef5a-4382-99c2-95b744fea4a1-server-thread2] INFO  segmented.SegmentedRaftLogWorker (SegmentedRaftLogWorker.java:startLogSegment(452)) - 16b0a967-ef5a-4382-99c2-95b744fea4a1@group-42F1C44EC713-SegmentedRaftLogWorker: Starting segment from index:0
2023-01-16 14:42:09,269 [f3cb6aab-e792-43b9-8109-2d5521605a5b-server-thread3] INFO  server.RaftServer$Division (ServerState.java:setRaftConf(430)) - f3cb6aab-e792-43b9-8109-2d5521605a5b@group-42F1C44EC713: set configuration 0: peers:[f3cb6aab-e792-43b9-8109-2d5521605a5b|rpc:10.1.1.103:38739|dataStream:10.1.1.103:37539|priority:0|startupRole:FOLLOWER, 16b0a967-ef5a-4382-99c2-95b744fea4a1|rpc:10.1.1.103:46459|dataStream:10.1.1.103:44335|priority:0|startupRole:FOLLOWER, d8f5a1f3-e512-499d-ae8e-3cd02accfea1|rpc:10.1.1.103:43661|dataStream:10.1.1.103:39865|priority:1|startupRole:FOLLOWER]|listeners:[], old=null
2023-01-16 14:42:09,269 [16b0a967-ef5a-4382-99c2-95b744fea4a1@group-42F1C44EC713-SegmentedRaftLogWorker] INFO  segmented.SegmentedRaftLogWorker (SegmentedRaftLogWorker.java:execute(656)) - 16b0a967-ef5a-4382-99c2-95b744fea4a1@group-42F1C44EC713-SegmentedRaftLogWorker: created new log segment /home/runner/work/ozone/ozone/hadoop-ozone/integration-test/target/test-dir/MiniOzoneClusterImpl-bcd49b6a-245a-4637-b4c9-d6b301a8fda7/datanode-0/data/ratis/fb287427-0678-4217-8634-42f1c44ec713/current/log_inprogress_0
2023-01-16 14:42:09,270 [f3cb6aab-e792-43b9-8109-2d5521605a5b-server-thread3] INFO  segmented.SegmentedRaftLogWorker (SegmentedRaftLogWorker.java:startLogSegment(452)) - f3cb6aab-e792-43b9-8109-2d5521605a5b@group-42F1C44EC713-SegmentedRaftLogWorker: Starting segment from index:0
2023-01-16 14:42:09,274 [f3cb6aab-e792-43b9-8109-2d5521605a5b@group-42F1C44EC713-SegmentedRaftLogWorker] INFO  segmented.SegmentedRaftLogWorker (SegmentedRaftLogWorker.java:execute(656)) - f3cb6aab-e792-43b9-8109-2d5521605a5b@group-42F1C44EC713-SegmentedRaftLogWorker: created new log segment /home/runner/work/ozone/ozone/hadoop-ozone/integration-test/target/test-dir/MiniOzoneClusterImpl-bcd49b6a-245a-4637-b4c9-d6b301a8fda7/datanode-1/data/ratis/fb287427-0678-4217-8634-42f1c44ec713/current/log_inprogress_0
2023-01-16 14:42:09,303 [Listener at 127.0.0.1/36907] INFO  pipeline.PipelineManagerImpl (PipelineManagerImpl.java:closePipeline(442)) - Pipeline Pipeline[ Id: 32c6938f-0a63-4d37-9218-5c0aaadc159b, Nodes: 16b0a967-ef5a-4382-99c2-95b744fea4a1(fv-az203-757.ild0l4k5vsluppoevu2oqvhmda.cx.internal.cloudapp.net/10.1.1.103)d8f5a1f3-e512-499d-ae8e-3cd02accfea1(fv-az203-757.ild0l4k5vsluppoevu2oqvhmda.cx.internal.cloudapp.net/10.1.1.103)f3cb6aab-e792-43b9-8109-2d5521605a5b(fv-az203-757.ild0l4k5vsluppoevu2oqvhmda.cx.internal.cloudapp.net/10.1.1.103), ReplicationConfig: RATIS/THREE, State:OPEN, leaderId:16b0a967-ef5a-4382-99c2-95b744fea4a1, CreationTimestamp2023-01-16T14:41:50.660Z[Etc/UTC]] moved to CLOSED state
2023-01-16 14:42:09,304 [Listener at 127.0.0.1/36907] INFO  pipeline.RatisPipelineProvider (RatisPipelineProvider.java:lambda$close$4(272)) - Send pipeline:PipelineID=32c6938f-0a63-4d37-9218-5c0aaadc159b close command to datanode 16b0a967-ef5a-4382-99c2-95b744fea4a1
2023-01-16 14:42:09,304 [Listener at 127.0.0.1/36907] INFO  pipeline.RatisPipelineProvider (RatisPipelineProvider.java:lambda$close$4(272)) - Send pipeline:PipelineID=32c6938f-0a63-4d37-9218-5c0aaadc159b close command to datanode d8f5a1f3-e512-499d-ae8e-3cd02accfea1
2023-01-16 14:42:09,304 [Listener at 127.0.0.1/36907] INFO  pipeline.RatisPipelineProvider (RatisPipelineProvider.java:lambda$close$4(272)) - Send pipeline:PipelineID=32c6938f-0a63-4d37-9218-5c0aaadc159b close command to datanode f3cb6aab-e792-43b9-8109-2d5521605a5b
2023-01-16 14:42:09,305 [Listener at 127.0.0.1/36907] INFO  pipeline.PipelineStateManagerImpl (PipelineStateManagerImpl.java:removePipeline(245)) - Pipeline Pipeline[ Id: 32c6938f-0a63-4d37-9218-5c0aaadc159b, Nodes: 16b0a967-ef5a-4382-99c2-95b744fea4a1(fv-az203-757.ild0l4k5vsluppoevu2oqvhmda.cx.internal.cloudapp.net/10.1.1.103)d8f5a1f3-e512-499d-ae8e-3cd02accfea1(fv-az203-757.ild0l4k5vsluppoevu2oqvhmda.cx.internal.cloudapp.net/10.1.1.103)f3cb6aab-e792-43b9-8109-2d5521605a5b(fv-az203-757.ild0l4k5vsluppoevu2oqvhmda.cx.internal.cloudapp.net/10.1.1.103), ReplicationConfig: RATIS/THREE, State:CLOSED, leaderId:16b0a967-ef5a-4382-99c2-95b744fea4a1, CreationTimestamp2023-01-16T14:41:50.660Z[Etc/UTC]] removed.
2023-01-16 14:42:09,306 [Listener at 127.0.0.1/36907] INFO  pipeline.PipelineManagerImpl (PipelineManagerImpl.java:closePipeline(442)) - Pipeline Pipeline[ Id: fb287427-0678-4217-8634-42f1c44ec713, Nodes: 16b0a967-ef5a-4382-99c2-95b744fea4a1(fv-az203-757.ild0l4k5vsluppoevu2oqvhmda.cx.internal.cloudapp.net/10.1.1.103)d8f5a1f3-e512-499d-ae8e-3cd02accfea1(fv-az203-757.ild0l4k5vsluppoevu2oqvhmda.cx.internal.cloudapp.net/10.1.1.103)f3cb6aab-e792-43b9-8109-2d5521605a5b(fv-az203-757.ild0l4k5vsluppoevu2oqvhmda.cx.internal.cloudapp.net/10.1.1.103), ReplicationConfig: RATIS/THREE, State:OPEN, leaderId:d8f5a1f3-e512-499d-ae8e-3cd02accfea1, CreationTimestamp2023-01-16T14:41:50.662Z[Etc/UTC]] moved to CLOSED state
2023-01-16 14:42:09,306 [Listener at 127.0.0.1/36907] INFO  pipeline.RatisPipelineProvider (RatisPipelineProvider.java:lambda$close$4(272)) - Send pipeline:PipelineID=fb287427-0678-4217-8634-42f1c44ec713 close command to datanode 16b0a967-ef5a-4382-99c2-95b744fea4a1
2023-01-16 14:42:09,306 [Listener at 127.0.0.1/36907] INFO  pipeline.RatisPipelineProvider (RatisPipelineProvider.java:lambda$close$4(272)) - Send pipeline:PipelineID=fb287427-0678-4217-8634-42f1c44ec713 close command to datanode d8f5a1f3-e512-499d-ae8e-3cd02accfea1
2023-01-16 14:42:09,306 [Listener at 127.0.0.1/36907] INFO  pipeline.RatisPipelineProvider (RatisPipelineProvider.java:lambda$close$4(272)) - Send pipeline:PipelineID=fb287427-0678-4217-8634-42f1c44ec713 close command to datanode f3cb6aab-e792-43b9-8109-2d5521605a5b
2023-01-16 14:42:09,306 [Listener at 127.0.0.1/36907] INFO  pipeline.PipelineStateManagerImpl (PipelineStateManagerImpl.java:removePipeline(245)) - Pipeline Pipeline[ Id: fb287427-0678-4217-8634-42f1c44ec713, Nodes: 16b0a967-ef5a-4382-99c2-95b744fea4a1(fv-az203-757.ild0l4k5vsluppoevu2oqvhmda.cx.internal.cloudapp.net/10.1.1.103)d8f5a1f3-e512-499d-ae8e-3cd02accfea1(fv-az203-757.ild0l4k5vsluppoevu2oqvhmda.cx.internal.cloudapp.net/10.1.1.103)f3cb6aab-e792-43b9-8109-2d5521605a5b(fv-az203-757.ild0l4k5vsluppoevu2oqvhmda.cx.internal.cloudapp.net/10.1.1.103), ReplicationConfig: RATIS/THREE, State:CLOSED, leaderId:d8f5a1f3-e512-499d-ae8e-3cd02accfea1, CreationTimestamp2023-01-16T14:41:50.662Z[Etc/UTC]] removed.
2023-01-16 14:42:09,399 [a1145108-ddcc-4325-a3dc-9d25daa38a10@group-2AFF055A5FD7-FollowerState] INFO  impl.FollowerState (FollowerState.java:run(143)) - a1145108-ddcc-4325-a3dc-9d25daa38a10@group-2AFF055A5FD7-FollowerState: change to CANDIDATE, lastRpcElapsedTime:5040954846ns, electionTimeout:5038ms
2023-01-16 14:42:09,399 [a1145108-ddcc-4325-a3dc-9d25daa38a10@group-2AFF055A5FD7-FollowerState] INFO  impl.RoleInfo (RoleInfo.java:shutdownFollowerState(110)) - a1145108-ddcc-4325-a3dc-9d25daa38a10: shutdown a1145108-ddcc-4325-a3dc-9d25daa38a10@group-2AFF055A5FD7-FollowerState
2023-01-16 14:42:09,399 [a1145108-ddcc-4325-a3dc-9d25daa38a10@group-2AFF055A5FD7-FollowerState] INFO  server.RaftServer$Division (RaftServerImpl.java:setRole(321)) - a1145108-ddcc-4325-a3dc-9d25daa38a10@group-2AFF055A5FD7: changes role from  FOLLOWER to CANDIDATE at term 2 for changeToCandidate
2023-01-16 14:42:09,399 [a1145108-ddcc-4325-a3dc-9d25daa38a10@group-2AFF055A5FD7-FollowerState] INFO  server.RaftServerConfigKeys (ConfUtils.java:logGet(46)) - raft.server.leaderelection.pre-vote = false (custom)
2023-01-16 14:42:09,399 [a1145108-ddcc-4325-a3dc-9d25daa38a10@group-2AFF055A5FD7-FollowerState] INFO  impl.RoleInfo (RoleInfo.java:updateAndGet(139)) - a1145108-ddcc-4325-a3dc-9d25daa38a10: start a1145108-ddcc-4325-a3dc-9d25daa38a10@group-2AFF055A5FD7-LeaderElection18
2023-01-16 14:42:09,402 [a1145108-ddcc-4325-a3dc-9d25daa38a10@group-2AFF055A5FD7-LeaderElection18] INFO  impl.LeaderElection (LeaderElection.java:askForVotes(312)) - a1145108-ddcc-4325-a3dc-9d25daa38a10@group-2AFF055A5FD7-LeaderElection18 ELECTION round 0: submit vote requests at term 3 for -1: peers:[a1145108-ddcc-4325-a3dc-9d25daa38a10|rpc:10.1.1.103:33417|dataStream:10.1.1.103:39815|priority:0|startupRole:FOLLOWER, 546a26c7-7703-4678-9acf-4f791a68dfff|rpc:10.1.1.103:38573|dataStream:10.1.1.103:40475|priority:1|startupRole:FOLLOWER, aa7a6908-eed5-4cf8-8df5-4bd7779adcda|rpc:10.1.1.103:46359|dataStream:10.1.1.103:32839|priority:0|startupRole:FOLLOWER]|listeners:[], old=null
2023-01-16 14:42:09,403 [a1145108-ddcc-4325-a3dc-9d25daa38a10@group-2AFF055A5FD7-LeaderElection18] INFO  server.RaftServerConfigKeys (ConfUtils.java:logFallback(53)) - raft.server.rpc.first-election.timeout.min = 5s (fallback to raft.server.rpc.timeout.min)
2023-01-16 14:42:09,403 [a1145108-ddcc-4325-a3dc-9d25daa38a10@group-2AFF055A5FD7-LeaderElection18] INFO  server.RaftServerConfigKeys (ConfUtils.java:logFallback(53)) - raft.server.rpc.first-election.timeout.max = 5200ms (fallback to raft.server.rpc.timeout.max)
2023-01-16 14:42:09,407 [grpc-default-executor-5] INFO  server.RaftServer$Division (RaftServerImpl.java:requestVote(1218)) - aa7a6908-eed5-4cf8-8df5-4bd7779adcda@group-2AFF055A5FD7: receive requestVote(ELECTION, a1145108-ddcc-4325-a3dc-9d25daa38a10, group-2AFF055A5FD7, 3, (t:0, i:0))
2023-01-16 14:42:09,408 [grpc-default-executor-5] INFO  impl.VoteContext (VoteContext.java:log(49)) - aa7a6908-eed5-4cf8-8df5-4bd7779adcda@group-2AFF055A5FD7-FOLLOWER: accept ELECTION from a1145108-ddcc-4325-a3dc-9d25daa38a10: our priority 0 <= candidate's priority 0
2023-01-16 14:42:09,408 [grpc-default-executor-5] INFO  server.RaftServer$Division (RaftServerImpl.java:setRole(321)) - aa7a6908-eed5-4cf8-8df5-4bd7779adcda@group-2AFF055A5FD7: changes role from  FOLLOWER to FOLLOWER at term 3 for candidate:a1145108-ddcc-4325-a3dc-9d25daa38a10
2023-01-16 14:42:09,408 [grpc-default-executor-5] INFO  impl.RoleInfo (RoleInfo.java:shutdownFollowerState(110)) - aa7a6908-eed5-4cf8-8df5-4bd7779adcda: shutdown aa7a6908-eed5-4cf8-8df5-4bd7779adcda@group-2AFF055A5FD7-FollowerState
2023-01-16 14:42:09,408 [grpc-default-executor-5] INFO  impl.RoleInfo (RoleInfo.java:updateAndGet(139)) - aa7a6908-eed5-4cf8-8df5-4bd7779adcda: start aa7a6908-eed5-4cf8-8df5-4bd7779adcda@group-2AFF055A5FD7-FollowerState
2023-01-16 14:42:09,408 [aa7a6908-eed5-4cf8-8df5-4bd7779adcda@group-2AFF055A5FD7-FollowerState] INFO  impl.FollowerState (FollowerState.java:run(152)) - aa7a6908-eed5-4cf8-8df5-4bd7779adcda@group-2AFF055A5FD7-FollowerState was interrupted
2023-01-16 14:42:09,409 [grpc-default-executor-2] INFO  server.RaftServer$Division (RaftServerImpl.java:requestVote(1218)) - 546a26c7-7703-4678-9acf-4f791a68dfff@group-2AFF055A5FD7: receive requestVote(ELECTION, a1145108-ddcc-4325-a3dc-9d25daa38a10, group-2AFF055A5FD7, 3, (t:0, i:0))
2023-01-16 14:42:09,409 [grpc-default-executor-2] INFO  impl.VoteContext (VoteContext.java:log(49)) - 546a26c7-7703-4678-9acf-4f791a68dfff@group-2AFF055A5FD7-FOLLOWER: reject ELECTION from a1145108-ddcc-4325-a3dc-9d25daa38a10: our priority 1 > candidate's priority 0
2023-01-16 14:42:09,410 [grpc-default-executor-2] INFO  server.RaftServer$Division (RaftServerImpl.java:setRole(321)) - 546a26c7-7703-4678-9acf-4f791a68dfff@group-2AFF055A5FD7: changes role from  FOLLOWER to FOLLOWER at term 3 for candidate:a1145108-ddcc-4325-a3dc-9d25daa38a10
2023-01-16 14:42:09,410 [grpc-default-executor-2] INFO  impl.RoleInfo (RoleInfo.java:shutdownFollowerState(110)) - 546a26c7-7703-4678-9acf-4f791a68dfff: shutdown 546a26c7-7703-4678-9acf-4f791a68dfff@group-2AFF055A5FD7-FollowerState
2023-01-16 14:42:09,410 [grpc-default-executor-2] INFO  impl.RoleInfo (RoleInfo.java:updateAndGet(139)) - 546a26c7-7703-4678-9acf-4f791a68dfff: start 546a26c7-7703-4678-9acf-4f791a68dfff@group-2AFF055A5FD7-FollowerState
2023-01-16 14:42:09,410 [546a26c7-7703-4678-9acf-4f791a68dfff@group-2AFF055A5FD7-FollowerState] INFO  impl.FollowerState (FollowerState.java:run(152)) - 546a26c7-7703-4678-9acf-4f791a68dfff@group-2AFF055A5FD7-FollowerState was interrupted
2023-01-16 14:42:09,416 [grpc-default-executor-5] INFO  server.RaftServer$Division (RaftServerImpl.java:requestVote(1251)) - aa7a6908-eed5-4cf8-8df5-4bd7779adcda@group-2AFF055A5FD7 replies to ELECTION vote request: a1145108-ddcc-4325-a3dc-9d25daa38a10<-aa7a6908-eed5-4cf8-8df5-4bd7779adcda#0:OK-t3. Peer's state: aa7a6908-eed5-4cf8-8df5-4bd7779adcda@group-2AFF055A5FD7:t3, leader=null, voted=a1145108-ddcc-4325-a3dc-9d25daa38a10, raftlog=Memoized:aa7a6908-eed5-4cf8-8df5-4bd7779adcda@group-2AFF055A5FD7-SegmentedRaftLog:OPENED:c-1, conf=-1: peers:[a1145108-ddcc-4325-a3dc-9d25daa38a10|rpc:10.1.1.103:33417|dataStream:10.1.1.103:39815|priority:0|startupRole:FOLLOWER, 546a26c7-7703-4678-9acf-4f791a68dfff|rpc:10.1.1.103:38573|dataStream:10.1.1.103:40475|priority:1|startupRole:FOLLOWER, aa7a6908-eed5-4cf8-8df5-4bd7779adcda|rpc:10.1.1.103:46359|dataStream:10.1.1.103:32839|priority:0|startupRole:FOLLOWER]|listeners:[], old=null
2023-01-16 14:42:09,418 [grpc-default-executor-2] INFO  server.RaftServer$Division (RaftServerImpl.java:requestVote(1251)) - 546a26c7-7703-4678-9acf-4f791a68dfff@group-2AFF055A5FD7 replies to ELECTION vote request: a1145108-ddcc-4325-a3dc-9d25daa38a10<-546a26c7-7703-4678-9acf-4f791a68dfff#0:FAIL-t3. Peer's state: 546a26c7-7703-4678-9acf-4f791a68dfff@group-2AFF055A5FD7:t3, leader=null, voted=null, raftlog=Memoized:546a26c7-7703-4678-9acf-4f791a68dfff@group-2AFF055A5FD7-SegmentedRaftLog:OPENED:c-1, conf=-1: peers:[a1145108-ddcc-4325-a3dc-9d25daa38a10|rpc:10.1.1.103:33417|dataStream:10.1.1.103:39815|priority:0|startupRole:FOLLOWER, 546a26c7-7703-4678-9acf-4f791a68dfff|rpc:10.1.1.103:38573|dataStream:10.1.1.103:40475|priority:1|startupRole:FOLLOWER, aa7a6908-eed5-4cf8-8df5-4bd7779adcda|rpc:10.1.1.103:46359|dataStream:10.1.1.103:32839|priority:0|startupRole:FOLLOWER]|listeners:[], old=null
2023-01-16 14:42:09,419 [a1145108-ddcc-4325-a3dc-9d25daa38a10@group-2AFF055A5FD7-LeaderElection18] INFO  impl.LeaderElection (LeaderElection.java:logAndReturn(90)) - a1145108-ddcc-4325-a3dc-9d25daa38a10@group-2AFF055A5FD7-LeaderElection18: ELECTION REJECTED received 2 response(s) and 0 exception(s):
2023-01-16 14:42:09,419 [a1145108-ddcc-4325-a3dc-9d25daa38a10@group-2AFF055A5FD7-LeaderElection18] INFO  impl.LeaderElection (LeaderElection.java:logAndReturn(94)) -   Response 0: a1145108-ddcc-4325-a3dc-9d25daa38a10<-aa7a6908-eed5-4cf8-8df5-4bd7779adcda#0:OK-t3
2023-01-16 14:42:09,419 [a1145108-ddcc-4325-a3dc-9d25daa38a10@group-2AFF055A5FD7-LeaderElection18] INFO  impl.LeaderElection (LeaderElection.java:logAndReturn(94)) -   Response 1: a1145108-ddcc-4325-a3dc-9d25daa38a10<-546a26c7-7703-4678-9acf-4f791a68dfff#0:FAIL-t3
2023-01-16 14:42:09,419 [a1145108-ddcc-4325-a3dc-9d25daa38a10@group-2AFF055A5FD7-LeaderElection18] INFO  impl.LeaderElection (LeaderElection.java:askForVotes(314)) - a1145108-ddcc-4325-a3dc-9d25daa38a10@group-2AFF055A5FD7-LeaderElection18 ELECTION round 0: result REJECTED
2023-01-16 14:42:09,419 [a1145108-ddcc-4325-a3dc-9d25daa38a10@group-2AFF055A5FD7-LeaderElection18] INFO  server.RaftServer$Division (RaftServerImpl.java:setRole(321)) - a1145108-ddcc-4325-a3dc-9d25daa38a10@group-2AFF055A5FD7: changes role from CANDIDATE to FOLLOWER at term 3 for REJECTED
2023-01-16 14:42:09,419 [a1145108-ddcc-4325-a3dc-9d25daa38a10@group-2AFF055A5FD7-LeaderElection18] INFO  impl.RoleInfo (RoleInfo.java:shutdownLeaderElection(130)) - a1145108-ddcc-4325-a3dc-9d25daa38a10: shutdown a1145108-ddcc-4325-a3dc-9d25daa38a10@group-2AFF055A5FD7-LeaderElection18
2023-01-16 14:42:09,419 [a1145108-ddcc-4325-a3dc-9d25daa38a10@group-2AFF055A5FD7-LeaderElection18] INFO  impl.RoleInfo (RoleInfo.java:updateAndGet(139)) - a1145108-ddcc-4325-a3dc-9d25daa38a10: start a1145108-ddcc-4325-a3dc-9d25daa38a10@group-2AFF055A5FD7-FollowerState
2023-01-16 14:42:09,420 [aa7a6908-eed5-4cf8-8df5-4bd7779adcda@group-2AFF055A5FD7-FollowerState] INFO  server.RaftServerConfigKeys (ConfUtils.java:logFallback(53)) - raft.server.rpc.first-election.timeout.min = 5s (fallback to raft.server.rpc.timeout.min)
2023-01-16 14:42:09,420 [aa7a6908-eed5-4cf8-8df5-4bd7779adcda@group-2AFF055A5FD7-FollowerState] INFO  server.RaftServerConfigKeys (ConfUtils.java:logFallback(53)) - raft.server.rpc.first-election.timeout.max = 5200ms (fallback to raft.server.rpc.timeout.max)
2023-01-16 14:42:09,421 [a1145108-ddcc-4325-a3dc-9d25daa38a10@group-2AFF055A5FD7-FollowerState] INFO  server.RaftServerConfigKeys (ConfUtils.java:logFallback(53)) - raft.server.rpc.first-election.timeout.min = 5s (fallback to raft.server.rpc.timeout.min)
2023-01-16 14:42:09,422 [546a26c7-7703-4678-9acf-4f791a68dfff@group-2AFF055A5FD7-FollowerState] INFO  server.RaftServerConfigKeys (ConfUtils.java:logFallback(53)) - raft.server.rpc.first-election.timeout.min = 5s (fallback to raft.server.rpc.timeout.min)
2023-01-16 14:42:09,425 [546a26c7-7703-4678-9acf-4f791a68dfff@group-2AFF055A5FD7-FollowerState] INFO  server.RaftServerConfigKeys (ConfUtils.java:logFallback(53)) - raft.server.rpc.first-election.timeout.max = 5200ms (fallback to raft.server.rpc.timeout.max)
2023-01-16 14:42:09,425 [a1145108-ddcc-4325-a3dc-9d25daa38a10@group-2AFF055A5FD7-FollowerState] INFO  server.RaftServerConfigKeys (ConfUtils.java:logFallback(53)) - raft.server.rpc.first-election.timeout.max = 5200ms (fallback to raft.server.rpc.timeout.max)
2023-01-16 14:42:09,479 [a1145108-ddcc-4325-a3dc-9d25daa38a10@group-41A4BCDBBC85-FollowerState] INFO  server.RaftServerConfigKeys (ConfUtils.java:logFallback(53)) - raft.server.rpc.first-election.timeout.min = 5s (fallback to raft.server.rpc.timeout.min)
2023-01-16 14:42:09,479 [a1145108-ddcc-4325-a3dc-9d25daa38a10@group-41A4BCDBBC85-FollowerState] INFO  server.RaftServerConfigKeys (ConfUtils.java:logFallback(53)) - raft.server.rpc.first-election.timeout.max = 5200ms (fallback to raft.server.rpc.timeout.max)
2023-01-16 14:42:09,554 [546a26c7-7703-4678-9acf-4f791a68dfff@group-41A4BCDBBC85-FollowerState] INFO  impl.FollowerState (FollowerState.java:run(143)) - 546a26c7-7703-4678-9acf-4f791a68dfff@group-41A4BCDBBC85-FollowerState: change to CANDIDATE, lastRpcElapsedTime:5076944294ns, electionTimeout:5065ms
2023-01-16 14:42:09,554 [546a26c7-7703-4678-9acf-4f791a68dfff@group-41A4BCDBBC85-FollowerState] INFO  impl.RoleInfo (RoleInfo.java:shutdownFollowerState(110)) - 546a26c7-7703-4678-9acf-4f791a68dfff: shutdown 546a26c7-7703-4678-9acf-4f791a68dfff@group-41A4BCDBBC85-FollowerState
2023-01-16 14:42:09,554 [546a26c7-7703-4678-9acf-4f791a68dfff@group-41A4BCDBBC85-FollowerState] INFO  server.RaftServer$Division (RaftServerImpl.java:setRole(321)) - 546a26c7-7703-4678-9acf-4f791a68dfff@group-41A4BCDBBC85: changes role from  FOLLOWER to CANDIDATE at term 2 for changeToCandidate
2023-01-16 14:42:09,554 [546a26c7-7703-4678-9acf-4f791a68dfff@group-41A4BCDBBC85-FollowerState] INFO  server.RaftServerConfigKeys (ConfUtils.java:logGet(46)) - raft.server.leaderelection.pre-vote = false (custom)
2023-01-16 14:42:09,554 [546a26c7-7703-4678-9acf-4f791a68dfff@group-41A4BCDBBC85-FollowerState] INFO  impl.RoleInfo (RoleInfo.java:updateAndGet(139)) - 546a26c7-7703-4678-9acf-4f791a68dfff: start 546a26c7-7703-4678-9acf-4f791a68dfff@group-41A4BCDBBC85-LeaderElection19
2023-01-16 14:42:09,557 [546a26c7-7703-4678-9acf-4f791a68dfff@group-41A4BCDBBC85-LeaderElection19] INFO  impl.LeaderElection (LeaderElection.java:askForVotes(312)) - 546a26c7-7703-4678-9acf-4f791a68dfff@group-41A4BCDBBC85-LeaderElection19 ELECTION round 0: submit vote requests at term 3 for -1: peers:[a1145108-ddcc-4325-a3dc-9d25daa38a10|rpc:10.1.1.103:33417|dataStream:10.1.1.103:39815|priority:0|startupRole:FOLLOWER, 546a26c7-7703-4678-9acf-4f791a68dfff|rpc:10.1.1.103:38573|dataStream:10.1.1.103:40475|priority:0|startupRole:FOLLOWER, aa7a6908-eed5-4cf8-8df5-4bd7779adcda|rpc:10.1.1.103:46359|dataStream:10.1.1.103:32839|priority:1|startupRole:FOLLOWER]|listeners:[], old=null
2023-01-16 14:42:09,558 [546a26c7-7703-4678-9acf-4f791a68dfff@group-41A4BCDBBC85-LeaderElection19] INFO  server.RaftServerConfigKeys (ConfUtils.java:logFallback(53)) - raft.server.rpc.first-election.timeout.min = 5s (fallback to raft.server.rpc.timeout.min)
2023-01-16 14:42:09,558 [546a26c7-7703-4678-9acf-4f791a68dfff@group-41A4BCDBBC85-LeaderElection19] INFO  server.RaftServerConfigKeys (ConfUtils.java:logFallback(53)) - raft.server.rpc.first-election.timeout.max = 5200ms (fallback to raft.server.rpc.timeout.max)
2023-01-16 14:42:09,563 [aa7a6908-eed5-4cf8-8df5-4bd7779adcda@group-41A4BCDBBC85-FollowerState] INFO  impl.FollowerState (FollowerState.java:run(143)) - aa7a6908-eed5-4cf8-8df5-4bd7779adcda@group-41A4BCDBBC85-FollowerState: change to CANDIDATE, lastRpcElapsedTime:5058885529ns, electionTimeout:5047ms
2023-01-16 14:42:09,563 [aa7a6908-eed5-4cf8-8df5-4bd7779adcda@group-41A4BCDBBC85-FollowerState] INFO  impl.RoleInfo (RoleInfo.java:shutdownFollowerState(110)) - aa7a6908-eed5-4cf8-8df5-4bd7779adcda: shutdown aa7a6908-eed5-4cf8-8df5-4bd7779adcda@group-41A4BCDBBC85-FollowerState
2023-01-16 14:42:09,563 [aa7a6908-eed5-4cf8-8df5-4bd7779adcda@group-41A4BCDBBC85-FollowerState] INFO  server.RaftServer$Division (RaftServerImpl.java:setRole(321)) - aa7a6908-eed5-4cf8-8df5-4bd7779adcda@group-41A4BCDBBC85: changes role from  FOLLOWER to CANDIDATE at term 2 for changeToCandidate
2023-01-16 14:42:09,564 [aa7a6908-eed5-4cf8-8df5-4bd7779adcda@group-41A4BCDBBC85-FollowerState] INFO  server.RaftServerConfigKeys (ConfUtils.java:logGet(46)) - raft.server.leaderelection.pre-vote = false (custom)
2023-01-16 14:42:09,564 [aa7a6908-eed5-4cf8-8df5-4bd7779adcda@group-41A4BCDBBC85-FollowerState] INFO  impl.RoleInfo (RoleInfo.java:updateAndGet(139)) - aa7a6908-eed5-4cf8-8df5-4bd7779adcda: start aa7a6908-eed5-4cf8-8df5-4bd7779adcda@group-41A4BCDBBC85-LeaderElection20
2023-01-16 14:42:09,566 [grpc-default-executor-5] INFO  server.RaftServer$Division (RaftServerImpl.java:requestVote(1218)) - a1145108-ddcc-4325-a3dc-9d25daa38a10@group-41A4BCDBBC85: receive requestVote(ELECTION, 546a26c7-7703-4678-9acf-4f791a68dfff, group-41A4BCDBBC85, 3, (t:0, i:0))
2023-01-16 14:42:09,566 [grpc-default-executor-5] INFO  impl.VoteContext (VoteContext.java:log(49)) - a1145108-ddcc-4325-a3dc-9d25daa38a10@group-41A4BCDBBC85-FOLLOWER: accept ELECTION from 546a26c7-7703-4678-9acf-4f791a68dfff: our priority 0 <= candidate's priority 0
2023-01-16 14:42:09,566 [grpc-default-executor-2] INFO  server.RaftServer$Division (RaftServerImpl.java:requestVote(1218)) - aa7a6908-eed5-4cf8-8df5-4bd7779adcda@group-41A4BCDBBC85: receive requestVote(ELECTION, 546a26c7-7703-4678-9acf-4f791a68dfff, group-41A4BCDBBC85, 3, (t:0, i:0))
2023-01-16 14:42:09,566 [grpc-default-executor-5] INFO  server.RaftServer$Division (RaftServerImpl.java:setRole(321)) - a1145108-ddcc-4325-a3dc-9d25daa38a10@group-41A4BCDBBC85: changes role from  FOLLOWER to FOLLOWER at term 3 for candidate:546a26c7-7703-4678-9acf-4f791a68dfff
2023-01-16 14:42:09,566 [grpc-default-executor-2] INFO  impl.VoteContext (VoteContext.java:log(49)) - aa7a6908-eed5-4cf8-8df5-4bd7779adcda@group-41A4BCDBBC85-CANDIDATE: reject ELECTION from 546a26c7-7703-4678-9acf-4f791a68dfff: our priority 1 > candidate's priority 0
2023-01-16 14:42:09,566 [grpc-default-executor-5] INFO  impl.RoleInfo (RoleInfo.java:shutdownFollowerState(110)) - a1145108-ddcc-4325-a3dc-9d25daa38a10: shutdown a1145108-ddcc-4325-a3dc-9d25daa38a10@group-41A4BCDBBC85-FollowerState
2023-01-16 14:42:09,567 [a1145108-ddcc-4325-a3dc-9d25daa38a10@group-41A4BCDBBC85-FollowerState] INFO  impl.FollowerState (FollowerState.java:run(152)) - a1145108-ddcc-4325-a3dc-9d25daa38a10@group-41A4BCDBBC85-FollowerState was interrupted
2023-01-16 14:42:09,566 [grpc-default-executor-2] INFO  server.RaftServer$Division (RaftServerImpl.java:setRole(321)) - aa7a6908-eed5-4cf8-8df5-4bd7779adcda@group-41A4BCDBBC85: changes role from CANDIDATE to FOLLOWER at term 3 for candidate:546a26c7-7703-4678-9acf-4f791a68dfff
2023-01-16 14:42:09,567 [grpc-default-executor-2] INFO  impl.RoleInfo (RoleInfo.java:shutdownLeaderElection(130)) - aa7a6908-eed5-4cf8-8df5-4bd7779adcda: shutdown aa7a6908-eed5-4cf8-8df5-4bd7779adcda@group-41A4BCDBBC85-LeaderElection20
2023-01-16 14:42:09,569 [grpc-default-executor-5] INFO  impl.RoleInfo (RoleInfo.java:updateAndGet(139)) - a1145108-ddcc-4325-a3dc-9d25daa38a10: start a1145108-ddcc-4325-a3dc-9d25daa38a10@group-41A4BCDBBC85-FollowerState
2023-01-16 14:42:09,569 [grpc-default-executor-2] INFO  impl.RoleInfo (RoleInfo.java:updateAndGet(139)) - aa7a6908-eed5-4cf8-8df5-4bd7779adcda: start aa7a6908-eed5-4cf8-8df5-4bd7779adcda@group-41A4BCDBBC85-FollowerState
2023-01-16 14:42:09,570 [a1145108-ddcc-4325-a3dc-9d25daa38a10@group-41A4BCDBBC85-FollowerState] INFO  server.RaftServerConfigKeys (ConfUtils.java:logFallback(53)) - raft.server.rpc.first-election.timeout.min = 5s (fallback to raft.server.rpc.timeout.min)
2023-01-16 14:42:09,570 [a1145108-ddcc-4325-a3dc-9d25daa38a10@group-41A4BCDBBC85-FollowerState] INFO  server.RaftServerConfigKeys (ConfUtils.java:logFallback(53)) - raft.server.rpc.first-election.timeout.max = 5200ms (fallback to raft.server.rpc.timeout.max)
2023-01-16 14:42:09,571 [grpc-default-executor-5] INFO  server.RaftServer$Division (RaftServerImpl.java:requestVote(1251)) - a1145108-ddcc-4325-a3dc-9d25daa38a10@group-41A4BCDBBC85 replies to ELECTION vote request: 546a26c7-7703-4678-9acf-4f791a68dfff<-a1145108-ddcc-4325-a3dc-9d25daa38a10#0:OK-t3. Peer's state: a1145108-ddcc-4325-a3dc-9d25daa38a10@group-41A4BCDBBC85:t3, leader=null, voted=546a26c7-7703-4678-9acf-4f791a68dfff, raftlog=Memoized:a1145108-ddcc-4325-a3dc-9d25daa38a10@group-41A4BCDBBC85-SegmentedRaftLog:OPENED:c-1, conf=-1: peers:[a1145108-ddcc-4325-a3dc-9d25daa38a10|rpc:10.1.1.103:33417|dataStream:10.1.1.103:39815|priority:0|startupRole:FOLLOWER, 546a26c7-7703-4678-9acf-4f791a68dfff|rpc:10.1.1.103:38573|dataStream:10.1.1.103:40475|priority:0|startupRole:FOLLOWER, aa7a6908-eed5-4cf8-8df5-4bd7779adcda|rpc:10.1.1.103:46359|dataStream:10.1.1.103:32839|priority:1|startupRole:FOLLOWER]|listeners:[], old=null
2023-01-16 14:42:09,571 [aa7a6908-eed5-4cf8-8df5-4bd7779adcda@group-41A4BCDBBC85-FollowerState] INFO  server.RaftServerConfigKeys (ConfUtils.java:logFallback(53)) - raft.server.rpc.first-election.timeout.min = 5s (fallback to raft.server.rpc.timeout.min)
2023-01-16 14:42:09,571 [aa7a6908-eed5-4cf8-8df5-4bd7779adcda@group-41A4BCDBBC85-FollowerState] INFO  server.RaftServerConfigKeys (ConfUtils.java:logFallback(53)) - raft.server.rpc.first-election.timeout.max = 5200ms (fallback to raft.server.rpc.timeout.max)
2023-01-16 14:42:09,572 [grpc-default-executor-2] INFO  server.RaftServer$Division (RaftServerImpl.java:requestVote(1251)) - aa7a6908-eed5-4cf8-8df5-4bd7779adcda@group-41A4BCDBBC85 replies to ELECTION vote request: 546a26c7-7703-4678-9acf-4f791a68dfff<-aa7a6908-eed5-4cf8-8df5-4bd7779adcda#0:FAIL-t3. Peer's state: aa7a6908-eed5-4cf8-8df5-4bd7779adcda@group-41A4BCDBBC85:t3, leader=null, voted=null, raftlog=Memoized:aa7a6908-eed5-4cf8-8df5-4bd7779adcda@group-41A4BCDBBC85-SegmentedRaftLog:OPENED:c-1, conf=-1: peers:[a1145108-ddcc-4325-a3dc-9d25daa38a10|rpc:10.1.1.103:33417|dataStream:10.1.1.103:39815|priority:0|startupRole:FOLLOWER, 546a26c7-7703-4678-9acf-4f791a68dfff|rpc:10.1.1.103:38573|dataStream:10.1.1.103:40475|priority:0|startupRole:FOLLOWER, aa7a6908-eed5-4cf8-8df5-4bd7779adcda|rpc:10.1.1.103:46359|dataStream:10.1.1.103:32839|priority:1|startupRole:FOLLOWER]|listeners:[], old=null
2023-01-16 14:42:09,574 [546a26c7-7703-4678-9acf-4f791a68dfff@group-41A4BCDBBC85-LeaderElection19] INFO  impl.LeaderElection (LeaderElection.java:logAndReturn(90)) - 546a26c7-7703-4678-9acf-4f791a68dfff@group-41A4BCDBBC85-LeaderElection19: ELECTION REJECTED received 2 response(s) and 0 exception(s):
2023-01-16 14:42:09,574 [546a26c7-7703-4678-9acf-4f791a68dfff@group-41A4BCDBBC85-LeaderElection19] INFO  impl.LeaderElection (LeaderElection.java:logAndReturn(94)) -   Response 0: 546a26c7-7703-4678-9acf-4f791a68dfff<-a1145108-ddcc-4325-a3dc-9d25daa38a10#0:OK-t3
2023-01-16 14:42:09,574 [546a26c7-7703-4678-9acf-4f791a68dfff@group-41A4BCDBBC85-LeaderElection19] INFO  impl.LeaderElection (LeaderElection.java:logAndReturn(94)) -   Response 1: 546a26c7-7703-4678-9acf-4f791a68dfff<-aa7a6908-eed5-4cf8-8df5-4bd7779adcda#0:FAIL-t3
2023-01-16 14:42:09,574 [546a26c7-7703-4678-9acf-4f791a68dfff@group-41A4BCDBBC85-LeaderElection19] INFO  impl.LeaderElection (LeaderElection.java:askForVotes(314)) - 546a26c7-7703-4678-9acf-4f791a68dfff@group-41A4BCDBBC85-LeaderElection19 ELECTION round 0: result REJECTED
2023-01-16 14:42:09,574 [546a26c7-7703-4678-9acf-4f791a68dfff@group-41A4BCDBBC85-LeaderElection19] INFO  server.RaftServer$Division (RaftServerImpl.java:setRole(321)) - 546a26c7-7703-4678-9acf-4f791a68dfff@group-41A4BCDBBC85: changes role from CANDIDATE to FOLLOWER at term 3 for REJECTED
2023-01-16 14:42:09,574 [546a26c7-7703-4678-9acf-4f791a68dfff@group-41A4BCDBBC85-LeaderElection19] INFO  impl.RoleInfo (RoleInfo.java:shutdownLeaderElection(130)) - 546a26c7-7703-4678-9acf-4f791a68dfff: shutdown 546a26c7-7703-4678-9acf-4f791a68dfff@group-41A4BCDBBC85-LeaderElection19
2023-01-16 14:42:09,575 [546a26c7-7703-4678-9acf-4f791a68dfff@group-41A4BCDBBC85-LeaderElection19] INFO  impl.RoleInfo (RoleInfo.java:updateAndGet(139)) - 546a26c7-7703-4678-9acf-4f791a68dfff: start 546a26c7-7703-4678-9acf-4f791a68dfff@group-41A4BCDBBC85-FollowerState
2023-01-16 14:42:09,576 [546a26c7-7703-4678-9acf-4f791a68dfff@group-41A4BCDBBC85-FollowerState] INFO  server.RaftServerConfigKeys (ConfUtils.java:logFallback(53)) - raft.server.rpc.first-election.timeout.min = 5s (fallback to raft.server.rpc.timeout.min)
2023-01-16 14:42:09,576 [546a26c7-7703-4678-9acf-4f791a68dfff@group-41A4BCDBBC85-FollowerState] INFO  server.RaftServerConfigKeys (ConfUtils.java:logFallback(53)) - raft.server.rpc.first-election.timeout.max = 5200ms (fallback to raft.server.rpc.timeout.max)
2023-01-16 14:42:10,270 [Under Replicated Processor] INFO  replication.UnhealthyReplicationProcessor (UnhealthyReplicationProcessor.java:processAll(103)) - Processed 0 containers with health state counts {},failed processing 0
2023-01-16 14:42:10,277 [Over Replicated Processor] INFO  replication.UnhealthyReplicationProcessor (UnhealthyReplicationProcessor.java:processAll(103)) - Processed 0 containers with health state counts {},failed processing 0
2023-01-16 14:42:11,469 [Command processor thread] INFO  server.RaftServer (RaftServerProxy.java:remove(107)) - 16b0a967-ef5a-4382-99c2-95b744fea4a1: remove    LEADER 16b0a967-ef5a-4382-99c2-95b744fea4a1@group-5C0AAADC159B:t1, leader=16b0a967-ef5a-4382-99c2-95b744fea4a1, voted=16b0a967-ef5a-4382-99c2-95b744fea4a1, raftlog=Memoized:16b0a967-ef5a-4382-99c2-95b744fea4a1@group-5C0AAADC159B-SegmentedRaftLog:OPENED:c0, conf=0: peers:[f3cb6aab-e792-43b9-8109-2d5521605a5b|rpc:10.1.1.103:38739|dataStream:10.1.1.103:37539|priority:0|startupRole:FOLLOWER, 16b0a967-ef5a-4382-99c2-95b744fea4a1|rpc:10.1.1.103:46459|dataStream:10.1.1.103:44335|priority:1|startupRole:FOLLOWER, d8f5a1f3-e512-499d-ae8e-3cd02accfea1|rpc:10.1.1.103:43661|dataStream:10.1.1.103:39865|priority:0|startupRole:FOLLOWER]|listeners:[], old=null RUNNING
2023-01-16 14:42:11,471 [Command processor thread] INFO  server.RaftServer$Division (RaftServerImpl.java:lambda$close$4(458)) - 16b0a967-ef5a-4382-99c2-95b744fea4a1@group-5C0AAADC159B: shutdown
2023-01-16 14:42:11,471 [Command processor thread] INFO  util.JmxRegister (JmxRegister.java:unregister(73)) - Successfully un-registered JMX Bean with object name Ratis:service=RaftServer,group=group-5C0AAADC159B,id=16b0a967-ef5a-4382-99c2-95b744fea4a1
2023-01-16 14:42:11,471 [Command processor thread] INFO  impl.RoleInfo (RoleInfo.java:shutdownLeaderState(93)) - 16b0a967-ef5a-4382-99c2-95b744fea4a1: shutdown 16b0a967-ef5a-4382-99c2-95b744fea4a1@group-5C0AAADC159B-LeaderStateImpl
2023-01-16 14:42:11,472 [16b0a967-ef5a-4382-99c2-95b744fea4a1@group-5C0AAADC159B->f3cb6aab-e792-43b9-8109-2d5521605a5b-GrpcLogAppender-LogAppenderDaemon] WARN  server.GrpcLogAppender (GrpcLogAppender.java:mayWait(200)) - 16b0a967-ef5a-4382-99c2-95b744fea4a1@group-5C0AAADC159B->f3cb6aab-e792-43b9-8109-2d5521605a5b-GrpcLogAppender: Wait interrupted by java.lang.InterruptedException
2023-01-16 14:42:11,472 [16b0a967-ef5a-4382-99c2-95b744fea4a1@group-5C0AAADC159B->d8f5a1f3-e512-499d-ae8e-3cd02accfea1-GrpcLogAppender-LogAppenderDaemon] WARN  server.GrpcLogAppender (GrpcLogAppender.java:mayWait(200)) - 16b0a967-ef5a-4382-99c2-95b744fea4a1@group-5C0AAADC159B->d8f5a1f3-e512-499d-ae8e-3cd02accfea1-GrpcLogAppender: Wait interrupted by java.lang.InterruptedException
2023-01-16 14:42:11,475 [Command processor thread] INFO  impl.PendingRequests (PendingRequests.java:sendNotLeaderResponses(282)) - 16b0a967-ef5a-4382-99c2-95b744fea4a1@group-5C0AAADC159B-PendingRequests: sendNotLeaderResponses
2023-01-16 14:42:11,476 [16b0a967-ef5a-4382-99c2-95b744fea4a1@group-5C0AAADC159B-StateMachineUpdater] INFO  ratis.ContainerStateMachine (ContainerStateMachine.java:takeSnapshot(308)) - group-5C0AAADC159B: Taking a snapshot at:(t:1, i:0) file /home/runner/work/ozone/ozone/hadoop-ozone/integration-test/target/test-dir/MiniOzoneClusterImpl-bcd49b6a-245a-4637-b4c9-d6b301a8fda7/datanode-0/data/ratis/32c6938f-0a63-4d37-9218-5c0aaadc159b/sm/snapshot.1_0
2023-01-16 14:42:11,477 [grpc-default-executor-1] INFO  server.GrpcServerProtocolService (GrpcServerProtocolService.java:onCompleted(143)) - f3cb6aab-e792-43b9-8109-2d5521605a5b: Completed APPEND_ENTRIES, lastRequest: 16b0a967-ef5a-4382-99c2-95b744fea4a1->f3cb6aab-e792-43b9-8109-2d5521605a5b#1-t1,previous=(t:0, i:0),leaderCommit=0,initializing? true,entries: size=1, first=(t:1, i:0), CONFIGURATIONENTRY(current:id: "f3cb6aab-e792-43b9-8109-2d5521605a5b"
address: "10.1.1.103:38739"
dataStreamAddress: "10.1.1.103:37539"
clientAddress: "10.1.1.103:38739"
adminAddress: "10.1.1.103:38739"
startupRole: FOLLOWER
,id: "16b0a967-ef5a-4382-99c2-95b744fea4a1"
address: "10.1.1.103:46459"
priority: 1
dataStreamAddress: "10.1.1.103:44335"
clientAddress: "10.1.1.103:46459"
adminAddress: "10.1.1.103:46459"
startupRole: FOLLOWER
,id: "d8f5a1f3-e512-499d-ae8e-3cd02accfea1"
address: "10.1.1.103:43661"
dataStreamAddress: "10.1.1.103:39865"
clientAddress: "10.1.1.103:43661"
adminAddress: "10.1.1.103:43661"
startupRole: FOLLOWER
, old:)
2023-01-16 14:42:11,477 [grpc-default-executor-5] INFO  server.GrpcServerProtocolService (GrpcServerProtocolService.java:onCompleted(143)) - d8f5a1f3-e512-499d-ae8e-3cd02accfea1: Completed APPEND_ENTRIES, lastRequest: null
2023-01-16 14:42:11,481 [Command processor thread] INFO  impl.StateMachineUpdater (StateMachineUpdater.java:stopAndJoin(153)) - 16b0a967-ef5a-4382-99c2-95b744fea4a1@group-5C0AAADC159B-StateMachineUpdater: set stopIndex = 0
2023-01-16 14:42:11,482 [grpc-default-executor-3] INFO  server.GrpcLogAppender (GrpcLogAppender.java:onCompleted(415)) - 16b0a967-ef5a-4382-99c2-95b744fea4a1@group-5C0AAADC159B->f3cb6aab-e792-43b9-8109-2d5521605a5b-AppendLogResponseHandler: follower responses appendEntries COMPLETED
2023-01-16 14:42:11,482 [grpc-default-executor-1] INFO  server.GrpcServerProtocolService (GrpcServerProtocolService.java:onCompleted(143)) - f3cb6aab-e792-43b9-8109-2d5521605a5b: Completed APPEND_ENTRIES, lastRequest: null
2023-01-16 14:42:11,483 [grpc-default-executor-4] INFO  server.GrpcLogAppender (GrpcLogAppender.java:onCompleted(415)) - 16b0a967-ef5a-4382-99c2-95b744fea4a1@group-5C0AAADC159B->f3cb6aab-e792-43b9-8109-2d5521605a5b-AppendLogResponseHandler: follower responses appendEntries COMPLETED
2023-01-16 14:42:11,483 [grpc-default-executor-2] INFO  server.GrpcServerProtocolService (GrpcServerProtocolService.java:onCompleted(143)) - d8f5a1f3-e512-499d-ae8e-3cd02accfea1: Completed APPEND_ENTRIES, lastRequest: 16b0a967-ef5a-4382-99c2-95b744fea4a1->d8f5a1f3-e512-499d-ae8e-3cd02accfea1#1-t1,previous=(t:0, i:0),leaderCommit=0,initializing? true,entries: size=1, first=(t:1, i:0), CONFIGURATIONENTRY(current:id: "f3cb6aab-e792-43b9-8109-2d5521605a5b"
address: "10.1.1.103:38739"
dataStreamAddress: "10.1.1.103:37539"
clientAddress: "10.1.1.103:38739"
adminAddress: "10.1.1.103:38739"
startupRole: FOLLOWER
,id: "16b0a967-ef5a-4382-99c2-95b744fea4a1"
address: "10.1.1.103:46459"
priority: 1
dataStreamAddress: "10.1.1.103:44335"
clientAddress: "10.1.1.103:46459"
adminAddress: "10.1.1.103:46459"
startupRole: FOLLOWER
,id: "d8f5a1f3-e512-499d-ae8e-3cd02accfea1"
address: "10.1.1.103:43661"
dataStreamAddress: "10.1.1.103:39865"
clientAddress: "10.1.1.103:43661"
adminAddress: "10.1.1.103:43661"
startupRole: FOLLOWER
, old:)
2023-01-16 14:42:11,485 [grpc-default-executor-5] INFO  server.GrpcLogAppender (GrpcLogAppender.java:onCompleted(415)) - 16b0a967-ef5a-4382-99c2-95b744fea4a1@group-5C0AAADC159B->d8f5a1f3-e512-499d-ae8e-3cd02accfea1-AppendLogResponseHandler: follower responses appendEntries COMPLETED
2023-01-16 14:42:11,485 [grpc-default-executor-2] INFO  server.GrpcLogAppender (GrpcLogAppender.java:onCompleted(415)) - 16b0a967-ef5a-4382-99c2-95b744fea4a1@group-5C0AAADC159B->d8f5a1f3-e512-499d-ae8e-3cd02accfea1-AppendLogResponseHandler: follower responses appendEntries COMPLETED
2023-01-16 14:42:11,489 [grpc-default-executor-5] INFO  leader.FollowerInfo (FollowerInfoImpl.java:lambda$new$0(48)) - 16b0a967-ef5a-4382-99c2-95b744fea4a1@group-5C0AAADC159B->d8f5a1f3-e512-499d-ae8e-3cd02accfea1: nextIndex: updateUnconditionally 1 -> 0
2023-01-16 14:42:11,489 [grpc-default-executor-2] INFO  leader.FollowerInfo (FollowerInfoImpl.java:lambda$new$0(48)) - 16b0a967-ef5a-4382-99c2-95b744fea4a1@group-5C0AAADC159B->d8f5a1f3-e512-499d-ae8e-3cd02accfea1: nextIndex: updateUnconditionally 0 -> 0
2023-01-16 14:42:11,489 [grpc-default-executor-4] INFO  leader.FollowerInfo (FollowerInfoImpl.java:lambda$new$0(48)) - 16b0a967-ef5a-4382-99c2-95b744fea4a1@group-5C0AAADC159B->f3cb6aab-e792-43b9-8109-2d5521605a5b: nextIndex: updateUnconditionally 1 -> 0
2023-01-16 14:42:11,491 [grpc-default-executor-3] INFO  leader.FollowerInfo (FollowerInfoImpl.java:lambda$new$0(48)) - 16b0a967-ef5a-4382-99c2-95b744fea4a1@group-5C0AAADC159B->f3cb6aab-e792-43b9-8109-2d5521605a5b: nextIndex: updateUnconditionally 0 -> 0
2023-01-16 14:42:11,528 [16b0a967-ef5a-4382-99c2-95b744fea4a1@group-5C0AAADC159B-StateMachineUpdater] INFO  ratis.ContainerStateMachine (ContainerStateMachine.java:takeSnapshot(319)) - group-5C0AAADC159B: Finished taking a snapshot at:(t:1, i:0) file:/home/runner/work/ozone/ozone/hadoop-ozone/integration-test/target/test-dir/MiniOzoneClusterImpl-bcd49b6a-245a-4637-b4c9-d6b301a8fda7/datanode-0/data/ratis/32c6938f-0a63-4d37-9218-5c0aaadc159b/sm/snapshot.1_0 took: 52 ms
2023-01-16 14:42:11,531 [16b0a967-ef5a-4382-99c2-95b744fea4a1@group-5C0AAADC159B-StateMachineUpdater] INFO  impl.StateMachineUpdater (StateMachineUpdater.java:takeSnapshot(287)) - 16b0a967-ef5a-4382-99c2-95b744fea4a1@group-5C0AAADC159B-StateMachineUpdater: Took a snapshot at index 0
2023-01-16 14:42:11,532 [16b0a967-ef5a-4382-99c2-95b744fea4a1@group-5C0AAADC159B-StateMachineUpdater] INFO  impl.StateMachineUpdater (StateMachineUpdater.java:lambda$new$0(92)) - 16b0a967-ef5a-4382-99c2-95b744fea4a1@group-5C0AAADC159B-StateMachineUpdater: snapshotIndex: updateIncreasingly -1 -> 0
2023-01-16 14:42:11,534 [Command processor thread] INFO  server.RaftServer$Division (ServerState.java:close(466)) - 16b0a967-ef5a-4382-99c2-95b744fea4a1@group-5C0AAADC159B: closes. applyIndex: 0
2023-01-16 14:42:11,535 [16b0a967-ef5a-4382-99c2-95b744fea4a1@group-5C0AAADC159B-SegmentedRaftLogWorker] INFO  segmented.SegmentedRaftLogWorker (SegmentedRaftLogWorker.java:run(347)) - 16b0a967-ef5a-4382-99c2-95b744fea4a1@group-5C0AAADC159B-SegmentedRaftLogWorker was interrupted, exiting. There are 0 tasks remaining in the queue.
2023-01-16 14:42:11,537 [Command processor thread] INFO  segmented.SegmentedRaftLogWorker (SegmentedRaftLogWorker.java:close(257)) - 16b0a967-ef5a-4382-99c2-95b744fea4a1@group-5C0AAADC159B-SegmentedRaftLogWorker close()
2023-01-16 14:42:11,541 [Command processor thread] INFO  server.RaftServer$Division (RaftServerImpl.java:groupRemove(428)) - 16b0a967-ef5a-4382-99c2-95b744fea4a1@group-5C0AAADC159B: Succeed to remove RaftStorageDirectory Storage Directory /home/runner/work/ozone/ozone/hadoop-ozone/integration-test/target/test-dir/MiniOzoneClusterImpl-bcd49b6a-245a-4637-b4c9-d6b301a8fda7/datanode-0/data/ratis/32c6938f-0a63-4d37-9218-5c0aaadc159b
2023-01-16 14:42:11,541 [Command processor thread] INFO  commandhandler.ClosePipelineCommandHandler (ClosePipelineCommandHandler.java:handle(78)) - Close Pipeline PipelineID=32c6938f-0a63-4d37-9218-5c0aaadc159b command on datanode 16b0a967-ef5a-4382-99c2-95b744fea4a1.
2023-01-16 14:42:11,541 [Command processor thread] INFO  server.RaftServer (RaftServerProxy.java:remove(107)) - 16b0a967-ef5a-4382-99c2-95b744fea4a1: remove  FOLLOWER 16b0a967-ef5a-4382-99c2-95b744fea4a1@group-42F1C44EC713:t3, leader=d8f5a1f3-e512-499d-ae8e-3cd02accfea1, voted=d8f5a1f3-e512-499d-ae8e-3cd02accfea1, raftlog=Memoized:16b0a967-ef5a-4382-99c2-95b744fea4a1@group-42F1C44EC713-SegmentedRaftLog:OPENED:c0, conf=0: peers:[f3cb6aab-e792-43b9-8109-2d5521605a5b|rpc:10.1.1.103:38739|dataStream:10.1.1.103:37539|priority:0|startupRole:FOLLOWER, 16b0a967-ef5a-4382-99c2-95b744fea4a1|rpc:10.1.1.103:46459|dataStream:10.1.1.103:44335|priority:0|startupRole:FOLLOWER, d8f5a1f3-e512-499d-ae8e-3cd02accfea1|rpc:10.1.1.103:43661|dataStream:10.1.1.103:39865|priority:1|startupRole:FOLLOWER]|listeners:[], old=null RUNNING
2023-01-16 14:42:11,541 [Command processor thread] INFO  server.RaftServer$Division (RaftServerImpl.java:lambda$close$4(458)) - 16b0a967-ef5a-4382-99c2-95b744fea4a1@group-42F1C44EC713: shutdown
2023-01-16 14:42:11,541 [Command processor thread] INFO  util.JmxRegister (JmxRegister.java:unregister(73)) - Successfully un-registered JMX Bean with object name Ratis:service=RaftServer,group=group-42F1C44EC713,id=16b0a967-ef5a-4382-99c2-95b744fea4a1
2023-01-16 14:42:11,541 [Command processor thread] INFO  impl.RoleInfo (RoleInfo.java:shutdownFollowerState(110)) - 16b0a967-ef5a-4382-99c2-95b744fea4a1: shutdown 16b0a967-ef5a-4382-99c2-95b744fea4a1@group-42F1C44EC713-FollowerState
2023-01-16 14:42:11,541 [Command processor thread] INFO  impl.StateMachineUpdater (StateMachineUpdater.java:stopAndJoin(153)) - 16b0a967-ef5a-4382-99c2-95b744fea4a1@group-42F1C44EC713-StateMachineUpdater: set stopIndex = 0
2023-01-16 14:42:11,541 [16b0a967-ef5a-4382-99c2-95b744fea4a1@group-42F1C44EC713-FollowerState] INFO  impl.FollowerState (FollowerState.java:run(152)) - 16b0a967-ef5a-4382-99c2-95b744fea4a1@group-42F1C44EC713-FollowerState was interrupted
2023-01-16 14:42:11,542 [16b0a967-ef5a-4382-99c2-95b744fea4a1@group-42F1C44EC713-StateMachineUpdater] INFO  ratis.ContainerStateMachine (ContainerStateMachine.java:takeSnapshot(308)) - group-42F1C44EC713: Taking a snapshot at:(t:3, i:0) file /home/runner/work/ozone/ozone/hadoop-ozone/integration-test/target/test-dir/MiniOzoneClusterImpl-bcd49b6a-245a-4637-b4c9-d6b301a8fda7/datanode-0/data/ratis/fb287427-0678-4217-8634-42f1c44ec713/sm/snapshot.3_0
2023-01-16 14:42:11,543 [16b0a967-ef5a-4382-99c2-95b744fea4a1@group-42F1C44EC713-StateMachineUpdater] INFO  ratis.ContainerStateMachine (ContainerStateMachine.java:takeSnapshot(319)) - group-42F1C44EC713: Finished taking a snapshot at:(t:3, i:0) file:/home/runner/work/ozone/ozone/hadoop-ozone/integration-test/target/test-dir/MiniOzoneClusterImpl-bcd49b6a-245a-4637-b4c9-d6b301a8fda7/datanode-0/data/ratis/fb287427-0678-4217-8634-42f1c44ec713/sm/snapshot.3_0 took: 1 ms
2023-01-16 14:42:11,543 [16b0a967-ef5a-4382-99c2-95b744fea4a1@group-42F1C44EC713-StateMachineUpdater] INFO  impl.StateMachineUpdater (StateMachineUpdater.java:takeSnapshot(287)) - 16b0a967-ef5a-4382-99c2-95b744fea4a1@group-42F1C44EC713-StateMachineUpdater: Took a snapshot at index 0
2023-01-16 14:42:11,543 [16b0a967-ef5a-4382-99c2-95b744fea4a1@group-42F1C44EC713-StateMachineUpdater] INFO  impl.StateMachineUpdater (StateMachineUpdater.java:lambda$new$0(92)) - 16b0a967-ef5a-4382-99c2-95b744fea4a1@group-42F1C44EC713-StateMachineUpdater: snapshotIndex: updateIncreasingly -1 -> 0
2023-01-16 14:42:11,544 [Command processor thread] INFO  server.RaftServer$Division (ServerState.java:close(466)) - 16b0a967-ef5a-4382-99c2-95b744fea4a1@group-42F1C44EC713: closes. applyIndex: 0
2023-01-16 14:42:11,544 [16b0a967-ef5a-4382-99c2-95b744fea4a1@group-42F1C44EC713-SegmentedRaftLogWorker] INFO  segmented.SegmentedRaftLogWorker (SegmentedRaftLogWorker.java:run(347)) - 16b0a967-ef5a-4382-99c2-95b744fea4a1@group-42F1C44EC713-SegmentedRaftLogWorker was interrupted, exiting. There are 0 tasks remaining in the queue.
2023-01-16 14:42:11,545 [Command processor thread] INFO  segmented.SegmentedRaftLogWorker (SegmentedRaftLogWorker.java:close(257)) - 16b0a967-ef5a-4382-99c2-95b744fea4a1@group-42F1C44EC713-SegmentedRaftLogWorker close()
2023-01-16 14:42:11,547 [Command processor thread] INFO  server.RaftServer$Division (RaftServerImpl.java:groupRemove(428)) - 16b0a967-ef5a-4382-99c2-95b744fea4a1@group-42F1C44EC713: Succeed to remove RaftStorageDirectory Storage Directory /home/runner/work/ozone/ozone/hadoop-ozone/integration-test/target/test-dir/MiniOzoneClusterImpl-bcd49b6a-245a-4637-b4c9-d6b301a8fda7/datanode-0/data/ratis/fb287427-0678-4217-8634-42f1c44ec713
2023-01-16 14:42:11,547 [Command processor thread] INFO  commandhandler.ClosePipelineCommandHandler (ClosePipelineCommandHandler.java:handle(78)) - Close Pipeline PipelineID=fb287427-0678-4217-8634-42f1c44ec713 command on datanode 16b0a967-ef5a-4382-99c2-95b744fea4a1.
2023-01-16 14:42:11,586 [Command processor thread] INFO  server.RaftServer (RaftServerProxy.java:remove(107)) - f3cb6aab-e792-43b9-8109-2d5521605a5b: remove  FOLLOWER f3cb6aab-e792-43b9-8109-2d5521605a5b@group-5C0AAADC159B:t1, leader=16b0a967-ef5a-4382-99c2-95b744fea4a1, voted=16b0a967-ef5a-4382-99c2-95b744fea4a1, raftlog=Memoized:f3cb6aab-e792-43b9-8109-2d5521605a5b@group-5C0AAADC159B-SegmentedRaftLog:OPENED:c0, conf=0: peers:[f3cb6aab-e792-43b9-8109-2d5521605a5b|rpc:10.1.1.103:38739|dataStream:10.1.1.103:37539|priority:0|startupRole:FOLLOWER, 16b0a967-ef5a-4382-99c2-95b744fea4a1|rpc:10.1.1.103:46459|dataStream:10.1.1.103:44335|priority:1|startupRole:FOLLOWER, d8f5a1f3-e512-499d-ae8e-3cd02accfea1|rpc:10.1.1.103:43661|dataStream:10.1.1.103:39865|priority:0|startupRole:FOLLOWER]|listeners:[], old=null RUNNING
2023-01-16 14:42:11,586 [Command processor thread] INFO  server.RaftServer$Division (RaftServerImpl.java:lambda$close$4(458)) - f3cb6aab-e792-43b9-8109-2d5521605a5b@group-5C0AAADC159B: shutdown
2023-01-16 14:42:11,586 [Command processor thread] INFO  util.JmxRegister (JmxRegister.java:unregister(73)) - Successfully un-registered JMX Bean with object name Ratis:service=RaftServer,group=group-5C0AAADC159B,id=f3cb6aab-e792-43b9-8109-2d5521605a5b
2023-01-16 14:42:11,586 [Command processor thread] INFO  impl.RoleInfo (RoleInfo.java:shutdownFollowerState(110)) - f3cb6aab-e792-43b9-8109-2d5521605a5b: shutdown f3cb6aab-e792-43b9-8109-2d5521605a5b@group-5C0AAADC159B-FollowerState
2023-01-16 14:42:11,586 [Command processor thread] INFO  impl.StateMachineUpdater (StateMachineUpdater.java:stopAndJoin(153)) - f3cb6aab-e792-43b9-8109-2d5521605a5b@group-5C0AAADC159B-StateMachineUpdater: set stopIndex = 0
2023-01-16 14:42:11,586 [f3cb6aab-e792-43b9-8109-2d5521605a5b@group-5C0AAADC159B-FollowerState] INFO  impl.FollowerState (FollowerState.java:run(152)) - f3cb6aab-e792-43b9-8109-2d5521605a5b@group-5C0AAADC159B-FollowerState was interrupted
2023-01-16 14:42:11,586 [f3cb6aab-e792-43b9-8109-2d5521605a5b@group-5C0AAADC159B-StateMachineUpdater] INFO  ratis.ContainerStateMachine (ContainerStateMachine.java:takeSnapshot(308)) - group-5C0AAADC159B: Taking a snapshot at:(t:1, i:0) file /home/runner/work/ozone/ozone/hadoop-ozone/integration-test/target/test-dir/MiniOzoneClusterImpl-bcd49b6a-245a-4637-b4c9-d6b301a8fda7/datanode-1/data/ratis/32c6938f-0a63-4d37-9218-5c0aaadc159b/sm/snapshot.1_0
2023-01-16 14:42:11,587 [f3cb6aab-e792-43b9-8109-2d5521605a5b@group-5C0AAADC159B-StateMachineUpdater] INFO  ratis.ContainerStateMachine (ContainerStateMachine.java:takeSnapshot(319)) - group-5C0AAADC159B: Finished taking a snapshot at:(t:1, i:0) file:/home/runner/work/ozone/ozone/hadoop-ozone/integration-test/target/test-dir/MiniOzoneClusterImpl-bcd49b6a-245a-4637-b4c9-d6b301a8fda7/datanode-1/data/ratis/32c6938f-0a63-4d37-9218-5c0aaadc159b/sm/snapshot.1_0 took: 1 ms
2023-01-16 14:42:11,588 [f3cb6aab-e792-43b9-8109-2d5521605a5b@group-5C0AAADC159B-StateMachineUpdater] INFO  impl.StateMachineUpdater (StateMachineUpdater.java:takeSnapshot(287)) - f3cb6aab-e792-43b9-8109-2d5521605a5b@group-5C0AAADC159B-StateMachineUpdater: Took a snapshot at index 0
2023-01-16 14:42:11,588 [f3cb6aab-e792-43b9-8109-2d5521605a5b@group-5C0AAADC159B-StateMachineUpdater] INFO  impl.StateMachineUpdater (StateMachineUpdater.java:lambda$new$0(92)) - f3cb6aab-e792-43b9-8109-2d5521605a5b@group-5C0AAADC159B-StateMachineUpdater: snapshotIndex: updateIncreasingly -1 -> 0
2023-01-16 14:42:11,588 [Command processor thread] INFO  server.RaftServer$Division (ServerState.java:close(466)) - f3cb6aab-e792-43b9-8109-2d5521605a5b@group-5C0AAADC159B: closes. applyIndex: 0
2023-01-16 14:42:11,588 [f3cb6aab-e792-43b9-8109-2d5521605a5b@group-5C0AAADC159B-SegmentedRaftLogWorker] INFO  segmented.SegmentedRaftLogWorker (SegmentedRaftLogWorker.java:run(347)) - f3cb6aab-e792-43b9-8109-2d5521605a5b@group-5C0AAADC159B-SegmentedRaftLogWorker was interrupted, exiting. There are 0 tasks remaining in the queue.
2023-01-16 14:42:11,590 [Command processor thread] INFO  segmented.SegmentedRaftLogWorker (SegmentedRaftLogWorker.java:close(257)) - f3cb6aab-e792-43b9-8109-2d5521605a5b@group-5C0AAADC159B-SegmentedRaftLogWorker close()
2023-01-16 14:42:11,592 [Command processor thread] INFO  server.RaftServer$Division (RaftServerImpl.java:groupRemove(428)) - f3cb6aab-e792-43b9-8109-2d5521605a5b@group-5C0AAADC159B: Succeed to remove RaftStorageDirectory Storage Directory /home/runner/work/ozone/ozone/hadoop-ozone/integration-test/target/test-dir/MiniOzoneClusterImpl-bcd49b6a-245a-4637-b4c9-d6b301a8fda7/datanode-1/data/ratis/32c6938f-0a63-4d37-9218-5c0aaadc159b
2023-01-16 14:42:11,593 [Command processor thread] INFO  commandhandler.ClosePipelineCommandHandler (ClosePipelineCommandHandler.java:handle(78)) - Close Pipeline PipelineID=32c6938f-0a63-4d37-9218-5c0aaadc159b command on datanode f3cb6aab-e792-43b9-8109-2d5521605a5b.
2023-01-16 14:42:11,593 [Command processor thread] INFO  server.RaftServer (RaftServerProxy.java:remove(107)) - f3cb6aab-e792-43b9-8109-2d5521605a5b: remove  FOLLOWER f3cb6aab-e792-43b9-8109-2d5521605a5b@group-42F1C44EC713:t3, leader=d8f5a1f3-e512-499d-ae8e-3cd02accfea1, voted=d8f5a1f3-e512-499d-ae8e-3cd02accfea1, raftlog=Memoized:f3cb6aab-e792-43b9-8109-2d5521605a5b@group-42F1C44EC713-SegmentedRaftLog:OPENED:c0, conf=0: peers:[f3cb6aab-e792-43b9-8109-2d5521605a5b|rpc:10.1.1.103:38739|dataStream:10.1.1.103:37539|priority:0|startupRole:FOLLOWER, 16b0a967-ef5a-4382-99c2-95b744fea4a1|rpc:10.1.1.103:46459|dataStream:10.1.1.103:44335|priority:0|startupRole:FOLLOWER, d8f5a1f3-e512-499d-ae8e-3cd02accfea1|rpc:10.1.1.103:43661|dataStream:10.1.1.103:39865|priority:1|startupRole:FOLLOWER]|listeners:[], old=null RUNNING
2023-01-16 14:42:11,593 [Command processor thread] INFO  server.RaftServer$Division (RaftServerImpl.java:lambda$close$4(458)) - f3cb6aab-e792-43b9-8109-2d5521605a5b@group-42F1C44EC713: shutdown
2023-01-16 14:42:11,594 [Command processor thread] INFO  util.JmxRegister (JmxRegister.java:unregister(73)) - Successfully un-registered JMX Bean with object name Ratis:service=RaftServer,group=group-42F1C44EC713,id=f3cb6aab-e792-43b9-8109-2d5521605a5b
2023-01-16 14:42:11,594 [Command processor thread] INFO  impl.RoleInfo (RoleInfo.java:shutdownFollowerState(110)) - f3cb6aab-e792-43b9-8109-2d5521605a5b: shutdown f3cb6aab-e792-43b9-8109-2d5521605a5b@group-42F1C44EC713-FollowerState
2023-01-16 14:42:11,594 [Command processor thread] INFO  impl.StateMachineUpdater (StateMachineUpdater.java:stopAndJoin(153)) - f3cb6aab-e792-43b9-8109-2d5521605a5b@group-42F1C44EC713-StateMachineUpdater: set stopIndex = 0
2023-01-16 14:42:11,594 [f3cb6aab-e792-43b9-8109-2d5521605a5b@group-42F1C44EC713-FollowerState] INFO  impl.FollowerState (FollowerState.java:run(152)) - f3cb6aab-e792-43b9-8109-2d5521605a5b@group-42F1C44EC713-FollowerState was interrupted
2023-01-16 14:42:11,594 [f3cb6aab-e792-43b9-8109-2d5521605a5b@group-42F1C44EC713-StateMachineUpdater] INFO  ratis.ContainerStateMachine (ContainerStateMachine.java:takeSnapshot(308)) - group-42F1C44EC713: Taking a snapshot at:(t:3, i:0) file /home/runner/work/ozone/ozone/hadoop-ozone/integration-test/target/test-dir/MiniOzoneClusterImpl-bcd49b6a-245a-4637-b4c9-d6b301a8fda7/datanode-1/data/ratis/fb287427-0678-4217-8634-42f1c44ec713/sm/snapshot.3_0
2023-01-16 14:42:11,595 [f3cb6aab-e792-43b9-8109-2d5521605a5b@group-42F1C44EC713-StateMachineUpdater] INFO  ratis.ContainerStateMachine (ContainerStateMachine.java:takeSnapshot(319)) - group-42F1C44EC713: Finished taking a snapshot at:(t:3, i:0) file:/home/runner/work/ozone/ozone/hadoop-ozone/integration-test/target/test-dir/MiniOzoneClusterImpl-bcd49b6a-245a-4637-b4c9-d6b301a8fda7/datanode-1/data/ratis/fb287427-0678-4217-8634-42f1c44ec713/sm/snapshot.3_0 took: 1 ms
2023-01-16 14:42:11,595 [f3cb6aab-e792-43b9-8109-2d5521605a5b@group-42F1C44EC713-StateMachineUpdater] INFO  impl.StateMachineUpdater (StateMachineUpdater.java:takeSnapshot(287)) - f3cb6aab-e792-43b9-8109-2d5521605a5b@group-42F1C44EC713-StateMachineUpdater: Took a snapshot at index 0
2023-01-16 14:42:11,595 [f3cb6aab-e792-43b9-8109-2d5521605a5b@group-42F1C44EC713-StateMachineUpdater] INFO  impl.StateMachineUpdater (StateMachineUpdater.java:lambda$new$0(92)) - f3cb6aab-e792-43b9-8109-2d5521605a5b@group-42F1C44EC713-StateMachineUpdater: snapshotIndex: updateIncreasingly -1 -> 0
2023-01-16 14:42:11,596 [Command processor thread] INFO  server.RaftServer$Division (ServerState.java:close(466)) - f3cb6aab-e792-43b9-8109-2d5521605a5b@group-42F1C44EC713: closes. applyIndex: 0
2023-01-16 14:42:11,596 [f3cb6aab-e792-43b9-8109-2d5521605a5b@group-42F1C44EC713-SegmentedRaftLogWorker] INFO  segmented.SegmentedRaftLogWorker (SegmentedRaftLogWorker.java:run(347)) - f3cb6aab-e792-43b9-8109-2d5521605a5b@group-42F1C44EC713-SegmentedRaftLogWorker was interrupted, exiting. There are 0 tasks remaining in the queue.
2023-01-16 14:42:11,597 [Command processor thread] INFO  segmented.SegmentedRaftLogWorker (SegmentedRaftLogWorker.java:close(257)) - f3cb6aab-e792-43b9-8109-2d5521605a5b@group-42F1C44EC713-SegmentedRaftLogWorker close()
2023-01-16 14:42:11,600 [Command processor thread] INFO  server.RaftServer$Division (RaftServerImpl.java:groupRemove(428)) - f3cb6aab-e792-43b9-8109-2d5521605a5b@group-42F1C44EC713: Succeed to remove RaftStorageDirectory Storage Directory /home/runner/work/ozone/ozone/hadoop-ozone/integration-test/target/test-dir/MiniOzoneClusterImpl-bcd49b6a-245a-4637-b4c9-d6b301a8fda7/datanode-1/data/ratis/fb287427-0678-4217-8634-42f1c44ec713
2023-01-16 14:42:11,600 [Command processor thread] INFO  commandhandler.ClosePipelineCommandHandler (ClosePipelineCommandHandler.java:handle(78)) - Close Pipeline PipelineID=fb287427-0678-4217-8634-42f1c44ec713 command on datanode f3cb6aab-e792-43b9-8109-2d5521605a5b.
2023-01-16 14:42:12,222 [Command processor thread] INFO  server.RaftServer (RaftServerProxy.java:remove(107)) - d8f5a1f3-e512-499d-ae8e-3cd02accfea1: remove  FOLLOWER d8f5a1f3-e512-499d-ae8e-3cd02accfea1@group-5C0AAADC159B:t1, leader=16b0a967-ef5a-4382-99c2-95b744fea4a1, voted=16b0a967-ef5a-4382-99c2-95b744fea4a1, raftlog=Memoized:d8f5a1f3-e512-499d-ae8e-3cd02accfea1@group-5C0AAADC159B-SegmentedRaftLog:OPENED:c0, conf=0: peers:[f3cb6aab-e792-43b9-8109-2d5521605a5b|rpc:10.1.1.103:38739|dataStream:10.1.1.103:37539|priority:0|startupRole:FOLLOWER, 16b0a967-ef5a-4382-99c2-95b744fea4a1|rpc:10.1.1.103:46459|dataStream:10.1.1.103:44335|priority:1|startupRole:FOLLOWER, d8f5a1f3-e512-499d-ae8e-3cd02accfea1|rpc:10.1.1.103:43661|dataStream:10.1.1.103:39865|priority:0|startupRole:FOLLOWER]|listeners:[], old=null RUNNING
2023-01-16 14:42:12,223 [Command processor thread] INFO  server.RaftServer$Division (RaftServerImpl.java:lambda$close$4(458)) - d8f5a1f3-e512-499d-ae8e-3cd02accfea1@group-5C0AAADC159B: shutdown
2023-01-16 14:42:12,223 [Command processor thread] INFO  util.JmxRegister (JmxRegister.java:unregister(73)) - Successfully un-registered JMX Bean with object name Ratis:service=RaftServer,group=group-5C0AAADC159B,id=d8f5a1f3-e512-499d-ae8e-3cd02accfea1
2023-01-16 14:42:12,223 [Command processor thread] INFO  impl.RoleInfo (RoleInfo.java:shutdownFollowerState(110)) - d8f5a1f3-e512-499d-ae8e-3cd02accfea1: shutdown d8f5a1f3-e512-499d-ae8e-3cd02accfea1@group-5C0AAADC159B-FollowerState
2023-01-16 14:42:12,223 [Command processor thread] INFO  impl.StateMachineUpdater (StateMachineUpdater.java:stopAndJoin(153)) - d8f5a1f3-e512-499d-ae8e-3cd02accfea1@group-5C0AAADC159B-StateMachineUpdater: set stopIndex = 0
2023-01-16 14:42:12,223 [d8f5a1f3-e512-499d-ae8e-3cd02accfea1@group-5C0AAADC159B-FollowerState] INFO  impl.FollowerState (FollowerState.java:run(152)) - d8f5a1f3-e512-499d-ae8e-3cd02accfea1@group-5C0AAADC159B-FollowerState was interrupted
2023-01-16 14:42:12,223 [d8f5a1f3-e512-499d-ae8e-3cd02accfea1@group-5C0AAADC159B-StateMachineUpdater] INFO  ratis.ContainerStateMachine (ContainerStateMachine.java:takeSnapshot(308)) - group-5C0AAADC159B: Taking a snapshot at:(t:1, i:0) file /home/runner/work/ozone/ozone/hadoop-ozone/integration-test/target/test-dir/MiniOzoneClusterImpl-bcd49b6a-245a-4637-b4c9-d6b301a8fda7/datanode-2/data/ratis/32c6938f-0a63-4d37-9218-5c0aaadc159b/sm/snapshot.1_0
2023-01-16 14:42:12,224 [d8f5a1f3-e512-499d-ae8e-3cd02accfea1@group-5C0AAADC159B-StateMachineUpdater] INFO  ratis.ContainerStateMachine (ContainerStateMachine.java:takeSnapshot(319)) - group-5C0AAADC159B: Finished taking a snapshot at:(t:1, i:0) file:/home/runner/work/ozone/ozone/hadoop-ozone/integration-test/target/test-dir/MiniOzoneClusterImpl-bcd49b6a-245a-4637-b4c9-d6b301a8fda7/datanode-2/data/ratis/32c6938f-0a63-4d37-9218-5c0aaadc159b/sm/snapshot.1_0 took: 1 ms
2023-01-16 14:42:12,225 [d8f5a1f3-e512-499d-ae8e-3cd02accfea1@group-5C0AAADC159B-StateMachineUpdater] INFO  impl.StateMachineUpdater (StateMachineUpdater.java:takeSnapshot(287)) - d8f5a1f3-e512-499d-ae8e-3cd02accfea1@group-5C0AAADC159B-StateMachineUpdater: Took a snapshot at index 0
2023-01-16 14:42:12,225 [d8f5a1f3-e512-499d-ae8e-3cd02accfea1@group-5C0AAADC159B-StateMachineUpdater] INFO  impl.StateMachineUpdater (StateMachineUpdater.java:lambda$new$0(92)) - d8f5a1f3-e512-499d-ae8e-3cd02accfea1@group-5C0AAADC159B-StateMachineUpdater: snapshotIndex: updateIncreasingly -1 -> 0
2023-01-16 14:42:12,225 [Command processor thread] INFO  server.RaftServer$Division (ServerState.java:close(466)) - d8f5a1f3-e512-499d-ae8e-3cd02accfea1@group-5C0AAADC159B: closes. applyIndex: 0
2023-01-16 14:42:12,225 [d8f5a1f3-e512-499d-ae8e-3cd02accfea1@group-5C0AAADC159B-SegmentedRaftLogWorker] INFO  segmented.SegmentedRaftLogWorker (SegmentedRaftLogWorker.java:run(347)) - d8f5a1f3-e512-499d-ae8e-3cd02accfea1@group-5C0AAADC159B-SegmentedRaftLogWorker was interrupted, exiting. There are 0 tasks remaining in the queue.
2023-01-16 14:42:12,227 [Command processor thread] INFO  segmented.SegmentedRaftLogWorker (SegmentedRaftLogWorker.java:close(257)) - d8f5a1f3-e512-499d-ae8e-3cd02accfea1@group-5C0AAADC159B-SegmentedRaftLogWorker close()
2023-01-16 14:42:12,229 [Command processor thread] INFO  server.RaftServer$Division (RaftServerImpl.java:groupRemove(428)) - d8f5a1f3-e512-499d-ae8e-3cd02accfea1@group-5C0AAADC159B: Succeed to remove RaftStorageDirectory Storage Directory /home/runner/work/ozone/ozone/hadoop-ozone/integration-test/target/test-dir/MiniOzoneClusterImpl-bcd49b6a-245a-4637-b4c9-d6b301a8fda7/datanode-2/data/ratis/32c6938f-0a63-4d37-9218-5c0aaadc159b
2023-01-16 14:42:12,229 [Command processor thread] INFO  commandhandler.ClosePipelineCommandHandler (ClosePipelineCommandHandler.java:handle(78)) - Close Pipeline PipelineID=32c6938f-0a63-4d37-9218-5c0aaadc159b command on datanode d8f5a1f3-e512-499d-ae8e-3cd02accfea1.
2023-01-16 14:42:12,230 [Command processor thread] INFO  server.RaftServer (RaftServerProxy.java:remove(107)) - d8f5a1f3-e512-499d-ae8e-3cd02accfea1: remove    LEADER d8f5a1f3-e512-499d-ae8e-3cd02accfea1@group-42F1C44EC713:t3, leader=d8f5a1f3-e512-499d-ae8e-3cd02accfea1, voted=d8f5a1f3-e512-499d-ae8e-3cd02accfea1, raftlog=Memoized:d8f5a1f3-e512-499d-ae8e-3cd02accfea1@group-42F1C44EC713-SegmentedRaftLog:OPENED:c0, conf=0: peers:[f3cb6aab-e792-43b9-8109-2d5521605a5b|rpc:10.1.1.103:38739|dataStream:10.1.1.103:37539|priority:0|startupRole:FOLLOWER, 16b0a967-ef5a-4382-99c2-95b744fea4a1|rpc:10.1.1.103:46459|dataStream:10.1.1.103:44335|priority:0|startupRole:FOLLOWER, d8f5a1f3-e512-499d-ae8e-3cd02accfea1|rpc:10.1.1.103:43661|dataStream:10.1.1.103:39865|priority:1|startupRole:FOLLOWER]|listeners:[], old=null RUNNING
2023-01-16 14:42:12,230 [Command processor thread] INFO  server.RaftServer$Division (RaftServerImpl.java:lambda$close$4(458)) - d8f5a1f3-e512-499d-ae8e-3cd02accfea1@group-42F1C44EC713: shutdown
2023-01-16 14:42:12,230 [Command processor thread] INFO  util.JmxRegister (JmxRegister.java:unregister(73)) - Successfully un-registered JMX Bean with object name Ratis:service=RaftServer,group=group-42F1C44EC713,id=d8f5a1f3-e512-499d-ae8e-3cd02accfea1
2023-01-16 14:42:12,230 [Command processor thread] INFO  impl.RoleInfo (RoleInfo.java:shutdownLeaderState(93)) - d8f5a1f3-e512-499d-ae8e-3cd02accfea1: shutdown d8f5a1f3-e512-499d-ae8e-3cd02accfea1@group-42F1C44EC713-LeaderStateImpl
2023-01-16 14:42:12,230 [d8f5a1f3-e512-499d-ae8e-3cd02accfea1@group-42F1C44EC713->f3cb6aab-e792-43b9-8109-2d5521605a5b-GrpcLogAppender-LogAppenderDaemon] WARN  server.GrpcLogAppender (GrpcLogAppender.java:mayWait(200)) - d8f5a1f3-e512-499d-ae8e-3cd02accfea1@group-42F1C44EC713->f3cb6aab-e792-43b9-8109-2d5521605a5b-GrpcLogAppender: Wait interrupted by java.lang.InterruptedException
2023-01-16 14:42:12,231 [grpc-default-executor-4] INFO  server.GrpcServerProtocolService (GrpcServerProtocolService.java:onCompleted(143)) - f3cb6aab-e792-43b9-8109-2d5521605a5b: Completed APPEND_ENTRIES, lastRequest: null
2023-01-16 14:42:12,232 [grpc-default-executor-3] INFO  server.GrpcServerProtocolService (GrpcServerProtocolService.java:onCompleted(143)) - f3cb6aab-e792-43b9-8109-2d5521605a5b: Completed APPEND_ENTRIES, lastRequest: d8f5a1f3-e512-499d-ae8e-3cd02accfea1->f3cb6aab-e792-43b9-8109-2d5521605a5b#1-t3,previous=(t:0, i:0),leaderCommit=0,initializing? true,entries: size=1, first=(t:3, i:0), CONFIGURATIONENTRY(current:id: "f3cb6aab-e792-43b9-8109-2d5521605a5b"
address: "10.1.1.103:38739"
dataStreamAddress: "10.1.1.103:37539"
clientAddress: "10.1.1.103:38739"
adminAddress: "10.1.1.103:38739"
startupRole: FOLLOWER
,id: "16b0a967-ef5a-4382-99c2-95b744fea4a1"
address: "10.1.1.103:46459"
dataStreamAddress: "10.1.1.103:44335"
clientAddress: "10.1.1.103:46459"
adminAddress: "10.1.1.103:46459"
startupRole: FOLLOWER
,id: "d8f5a1f3-e512-499d-ae8e-3cd02accfea1"
address: "10.1.1.103:43661"
priority: 1
dataStreamAddress: "10.1.1.103:39865"
clientAddress: "10.1.1.103:43661"
adminAddress: "10.1.1.103:43661"
startupRole: FOLLOWER
, old:)
2023-01-16 14:42:12,233 [grpc-default-executor-2] INFO  server.GrpcLogAppender (GrpcLogAppender.java:onCompleted(415)) - d8f5a1f3-e512-499d-ae8e-3cd02accfea1@group-42F1C44EC713->f3cb6aab-e792-43b9-8109-2d5521605a5b-AppendLogResponseHandler: follower responses appendEntries COMPLETED
2023-01-16 14:42:12,233 [grpc-default-executor-2] INFO  leader.FollowerInfo (FollowerInfoImpl.java:lambda$new$0(48)) - d8f5a1f3-e512-499d-ae8e-3cd02accfea1@group-42F1C44EC713->f3cb6aab-e792-43b9-8109-2d5521605a5b: nextIndex: updateUnconditionally 1 -> 0
2023-01-16 14:42:12,234 [d8f5a1f3-e512-499d-ae8e-3cd02accfea1@group-42F1C44EC713->16b0a967-ef5a-4382-99c2-95b744fea4a1-GrpcLogAppender-LogAppenderDaemon] WARN  server.GrpcLogAppender (GrpcLogAppender.java:mayWait(200)) - d8f5a1f3-e512-499d-ae8e-3cd02accfea1@group-42F1C44EC713->16b0a967-ef5a-4382-99c2-95b744fea4a1-GrpcLogAppender: Wait interrupted by java.lang.InterruptedException
2023-01-16 14:42:12,234 [grpc-default-executor-2] INFO  server.GrpcServerProtocolService (GrpcServerProtocolService.java:onCompleted(143)) - 16b0a967-ef5a-4382-99c2-95b744fea4a1: Completed APPEND_ENTRIES, lastRequest: null
2023-01-16 14:42:12,235 [grpc-default-executor-5] INFO  server.GrpcLogAppender (GrpcLogAppender.java:onCompleted(415)) - d8f5a1f3-e512-499d-ae8e-3cd02accfea1@group-42F1C44EC713->16b0a967-ef5a-4382-99c2-95b744fea4a1-AppendLogResponseHandler: follower responses appendEntries COMPLETED
2023-01-16 14:42:12,235 [grpc-default-executor-5] INFO  leader.FollowerInfo (FollowerInfoImpl.java:lambda$new$0(48)) - d8f5a1f3-e512-499d-ae8e-3cd02accfea1@group-42F1C44EC713->16b0a967-ef5a-4382-99c2-95b744fea4a1: nextIndex: updateUnconditionally 1 -> 0
2023-01-16 14:42:12,236 [grpc-default-executor-4] INFO  server.GrpcLogAppender (GrpcLogAppender.java:onCompleted(415)) - d8f5a1f3-e512-499d-ae8e-3cd02accfea1@group-42F1C44EC713->f3cb6aab-e792-43b9-8109-2d5521605a5b-AppendLogResponseHandler: follower responses appendEntries COMPLETED
2023-01-16 14:42:12,234 [Command processor thread] INFO  impl.PendingRequests (PendingRequests.java:sendNotLeaderResponses(282)) - d8f5a1f3-e512-499d-ae8e-3cd02accfea1@group-42F1C44EC713-PendingRequests: sendNotLeaderResponses
2023-01-16 14:42:12,236 [grpc-default-executor-4] INFO  leader.FollowerInfo (FollowerInfoImpl.java:lambda$new$0(48)) - d8f5a1f3-e512-499d-ae8e-3cd02accfea1@group-42F1C44EC713->f3cb6aab-e792-43b9-8109-2d5521605a5b: nextIndex: updateUnconditionally 0 -> 0
2023-01-16 14:42:12,237 [grpc-default-executor-3] INFO  server.GrpcServerProtocolService (GrpcServerProtocolService.java:onCompleted(143)) - 16b0a967-ef5a-4382-99c2-95b744fea4a1: Completed APPEND_ENTRIES, lastRequest: d8f5a1f3-e512-499d-ae8e-3cd02accfea1->16b0a967-ef5a-4382-99c2-95b744fea4a1#1-t3,previous=(t:0, i:0),leaderCommit=0,initializing? true,entries: size=1, first=(t:3, i:0), CONFIGURATIONENTRY(current:id: "f3cb6aab-e792-43b9-8109-2d5521605a5b"
address: "10.1.1.103:38739"
dataStreamAddress: "10.1.1.103:37539"
clientAddress: "10.1.1.103:38739"
adminAddress: "10.1.1.103:38739"
startupRole: FOLLOWER
,id: "16b0a967-ef5a-4382-99c2-95b744fea4a1"
address: "10.1.1.103:46459"
dataStreamAddress: "10.1.1.103:44335"
clientAddress: "10.1.1.103:46459"
adminAddress: "10.1.1.103:46459"
startupRole: FOLLOWER
,id: "d8f5a1f3-e512-499d-ae8e-3cd02accfea1"
address: "10.1.1.103:43661"
priority: 1
dataStreamAddress: "10.1.1.103:39865"
clientAddress: "10.1.1.103:43661"
adminAddress: "10.1.1.103:43661"
startupRole: FOLLOWER
, old:)
2023-01-16 14:42:12,237 [d8f5a1f3-e512-499d-ae8e-3cd02accfea1@group-42F1C44EC713-StateMachineUpdater] INFO  ratis.ContainerStateMachine (ContainerStateMachine.java:takeSnapshot(308)) - group-42F1C44EC713: Taking a snapshot at:(t:3, i:0) file /home/runner/work/ozone/ozone/hadoop-ozone/integration-test/target/test-dir/MiniOzoneClusterImpl-bcd49b6a-245a-4637-b4c9-d6b301a8fda7/datanode-2/data/ratis/fb287427-0678-4217-8634-42f1c44ec713/sm/snapshot.3_0
2023-01-16 14:42:12,237 [Command processor thread] INFO  impl.StateMachineUpdater (StateMachineUpdater.java:stopAndJoin(153)) - d8f5a1f3-e512-499d-ae8e-3cd02accfea1@group-42F1C44EC713-StateMachineUpdater: set stopIndex = 0
2023-01-16 14:42:12,237 [grpc-default-executor-4] INFO  server.GrpcLogAppender (GrpcLogAppender.java:onCompleted(415)) - d8f5a1f3-e512-499d-ae8e-3cd02accfea1@group-42F1C44EC713->16b0a967-ef5a-4382-99c2-95b744fea4a1-AppendLogResponseHandler: follower responses appendEntries COMPLETED
2023-01-16 14:42:12,238 [grpc-default-executor-4] INFO  leader.FollowerInfo (FollowerInfoImpl.java:lambda$new$0(48)) - d8f5a1f3-e512-499d-ae8e-3cd02accfea1@group-42F1C44EC713->16b0a967-ef5a-4382-99c2-95b744fea4a1: nextIndex: updateUnconditionally 0 -> 0
2023-01-16 14:42:12,238 [d8f5a1f3-e512-499d-ae8e-3cd02accfea1@group-42F1C44EC713-StateMachineUpdater] INFO  ratis.ContainerStateMachine (ContainerStateMachine.java:takeSnapshot(319)) - group-42F1C44EC713: Finished taking a snapshot at:(t:3, i:0) file:/home/runner/work/ozone/ozone/hadoop-ozone/integration-test/target/test-dir/MiniOzoneClusterImpl-bcd49b6a-245a-4637-b4c9-d6b301a8fda7/datanode-2/data/ratis/fb287427-0678-4217-8634-42f1c44ec713/sm/snapshot.3_0 took: 1 ms
2023-01-16 14:42:12,239 [d8f5a1f3-e512-499d-ae8e-3cd02accfea1@group-42F1C44EC713-StateMachineUpdater] INFO  impl.StateMachineUpdater (StateMachineUpdater.java:takeSnapshot(287)) - d8f5a1f3-e512-499d-ae8e-3cd02accfea1@group-42F1C44EC713-StateMachineUpdater: Took a snapshot at index 0
2023-01-16 14:42:12,239 [d8f5a1f3-e512-499d-ae8e-3cd02accfea1@group-42F1C44EC713-StateMachineUpdater] INFO  impl.StateMachineUpdater (StateMachineUpdater.java:lambda$new$0(92)) - d8f5a1f3-e512-499d-ae8e-3cd02accfea1@group-42F1C44EC713-StateMachineUpdater: snapshotIndex: updateIncreasingly -1 -> 0
2023-01-16 14:42:12,239 [Command processor thread] INFO  server.RaftServer$Division (ServerState.java:close(466)) - d8f5a1f3-e512-499d-ae8e-3cd02accfea1@group-42F1C44EC713: closes. applyIndex: 0
2023-01-16 14:42:12,239 [d8f5a1f3-e512-499d-ae8e-3cd02accfea1@group-42F1C44EC713-SegmentedRaftLogWorker] INFO  segmented.SegmentedRaftLogWorker (SegmentedRaftLogWorker.java:run(347)) - d8f5a1f3-e512-499d-ae8e-3cd02accfea1@group-42F1C44EC713-SegmentedRaftLogWorker was interrupted, exiting. There are 0 tasks remaining in the queue.
2023-01-16 14:42:12,241 [Command processor thread] INFO  segmented.SegmentedRaftLogWorker (SegmentedRaftLogWorker.java:close(257)) - d8f5a1f3-e512-499d-ae8e-3cd02accfea1@group-42F1C44EC713-SegmentedRaftLogWorker close()
2023-01-16 14:42:12,242 [Command processor thread] INFO  server.RaftServer$Division (RaftServerImpl.java:groupRemove(428)) - d8f5a1f3-e512-499d-ae8e-3cd02accfea1@group-42F1C44EC713: Succeed to remove RaftStorageDirectory Storage Directory /home/runner/work/ozone/ozone/hadoop-ozone/integration-test/target/test-dir/MiniOzoneClusterImpl-bcd49b6a-245a-4637-b4c9-d6b301a8fda7/datanode-2/data/ratis/fb287427-0678-4217-8634-42f1c44ec713
2023-01-16 14:42:12,243 [Command processor thread] INFO  commandhandler.ClosePipelineCommandHandler (ClosePipelineCommandHandler.java:handle(78)) - Close Pipeline PipelineID=fb287427-0678-4217-8634-42f1c44ec713 command on datanode d8f5a1f3-e512-499d-ae8e-3cd02accfea1.
2023-01-16 14:42:14,452 [aa7a6908-eed5-4cf8-8df5-4bd7779adcda@group-2AFF055A5FD7-FollowerState] INFO  impl.FollowerState (FollowerState.java:run(143)) - aa7a6908-eed5-4cf8-8df5-4bd7779adcda@group-2AFF055A5FD7-FollowerState: change to CANDIDATE, lastRpcElapsedTime:5035724895ns, electionTimeout:5032ms
2023-01-16 14:42:14,452 [aa7a6908-eed5-4cf8-8df5-4bd7779adcda@group-2AFF055A5FD7-FollowerState] INFO  impl.RoleInfo (RoleInfo.java:shutdownFollowerState(110)) - aa7a6908-eed5-4cf8-8df5-4bd7779adcda: shutdown aa7a6908-eed5-4cf8-8df5-4bd7779adcda@group-2AFF055A5FD7-FollowerState
2023-01-16 14:42:14,452 [aa7a6908-eed5-4cf8-8df5-4bd7779adcda@group-2AFF055A5FD7-FollowerState] INFO  server.RaftServer$Division (RaftServerImpl.java:setRole(321)) - aa7a6908-eed5-4cf8-8df5-4bd7779adcda@group-2AFF055A5FD7: changes role from  FOLLOWER to CANDIDATE at term 3 for changeToCandidate
2023-01-16 14:42:14,452 [aa7a6908-eed5-4cf8-8df5-4bd7779adcda@group-2AFF055A5FD7-FollowerState] INFO  server.RaftServerConfigKeys (ConfUtils.java:logGet(46)) - raft.server.leaderelection.pre-vote = false (custom)
2023-01-16 14:42:14,452 [aa7a6908-eed5-4cf8-8df5-4bd7779adcda@group-2AFF055A5FD7-FollowerState] INFO  impl.RoleInfo (RoleInfo.java:updateAndGet(139)) - aa7a6908-eed5-4cf8-8df5-4bd7779adcda: start aa7a6908-eed5-4cf8-8df5-4bd7779adcda@group-2AFF055A5FD7-LeaderElection21
2023-01-16 14:42:14,456 [aa7a6908-eed5-4cf8-8df5-4bd7779adcda@group-2AFF055A5FD7-LeaderElection21] INFO  impl.LeaderElection (LeaderElection.java:askForVotes(312)) - aa7a6908-eed5-4cf8-8df5-4bd7779adcda@group-2AFF055A5FD7-LeaderElection21 ELECTION round 0: submit vote requests at term 4 for -1: peers:[a1145108-ddcc-4325-a3dc-9d25daa38a10|rpc:10.1.1.103:33417|dataStream:10.1.1.103:39815|priority:0|startupRole:FOLLOWER, 546a26c7-7703-4678-9acf-4f791a68dfff|rpc:10.1.1.103:38573|dataStream:10.1.1.103:40475|priority:1|startupRole:FOLLOWER, aa7a6908-eed5-4cf8-8df5-4bd7779adcda|rpc:10.1.1.103:46359|dataStream:10.1.1.103:32839|priority:0|startupRole:FOLLOWER]|listeners:[], old=null
2023-01-16 14:42:14,456 [aa7a6908-eed5-4cf8-8df5-4bd7779adcda@group-2AFF055A5FD7-LeaderElection21] INFO  server.RaftServerConfigKeys (ConfUtils.java:logFallback(53)) - raft.server.rpc.first-election.timeout.min = 5s (fallback to raft.server.rpc.timeout.min)
2023-01-16 14:42:14,456 [aa7a6908-eed5-4cf8-8df5-4bd7779adcda@group-2AFF055A5FD7-LeaderElection21] INFO  server.RaftServerConfigKeys (ConfUtils.java:logFallback(53)) - raft.server.rpc.first-election.timeout.max = 5200ms (fallback to raft.server.rpc.timeout.max)
2023-01-16 14:42:14,459 [grpc-default-executor-4] INFO  server.RaftServer$Division (RaftServerImpl.java:requestVote(1218)) - 546a26c7-7703-4678-9acf-4f791a68dfff@group-2AFF055A5FD7: receive requestVote(ELECTION, aa7a6908-eed5-4cf8-8df5-4bd7779adcda, group-2AFF055A5FD7, 4, (t:0, i:0))
2023-01-16 14:42:14,460 [grpc-default-executor-4] INFO  impl.VoteContext (VoteContext.java:log(49)) - 546a26c7-7703-4678-9acf-4f791a68dfff@group-2AFF055A5FD7-FOLLOWER: reject ELECTION from aa7a6908-eed5-4cf8-8df5-4bd7779adcda: our priority 1 > candidate's priority 0
2023-01-16 14:42:14,460 [grpc-default-executor-4] INFO  server.RaftServer$Division (RaftServerImpl.java:setRole(321)) - 546a26c7-7703-4678-9acf-4f791a68dfff@group-2AFF055A5FD7: changes role from  FOLLOWER to FOLLOWER at term 4 for candidate:aa7a6908-eed5-4cf8-8df5-4bd7779adcda
2023-01-16 14:42:14,460 [grpc-default-executor-4] INFO  impl.RoleInfo (RoleInfo.java:shutdownFollowerState(110)) - 546a26c7-7703-4678-9acf-4f791a68dfff: shutdown 546a26c7-7703-4678-9acf-4f791a68dfff@group-2AFF055A5FD7-FollowerState
2023-01-16 14:42:14,460 [grpc-default-executor-4] INFO  impl.RoleInfo (RoleInfo.java:updateAndGet(139)) - 546a26c7-7703-4678-9acf-4f791a68dfff: start 546a26c7-7703-4678-9acf-4f791a68dfff@group-2AFF055A5FD7-FollowerState
2023-01-16 14:42:14,461 [546a26c7-7703-4678-9acf-4f791a68dfff@group-2AFF055A5FD7-FollowerState] INFO  server.RaftServerConfigKeys (ConfUtils.java:logFallback(53)) - raft.server.rpc.first-election.timeout.min = 5s (fallback to raft.server.rpc.timeout.min)
2023-01-16 14:42:14,461 [546a26c7-7703-4678-9acf-4f791a68dfff@group-2AFF055A5FD7-FollowerState] INFO  server.RaftServerConfigKeys (ConfUtils.java:logFallback(53)) - raft.server.rpc.first-election.timeout.max = 5200ms (fallback to raft.server.rpc.timeout.max)
2023-01-16 14:42:14,461 [546a26c7-7703-4678-9acf-4f791a68dfff@group-2AFF055A5FD7-FollowerState] INFO  impl.FollowerState (FollowerState.java:run(152)) - 546a26c7-7703-4678-9acf-4f791a68dfff@group-2AFF055A5FD7-FollowerState was interrupted
2023-01-16 14:42:14,462 [grpc-default-executor-4] INFO  server.RaftServer$Division (RaftServerImpl.java:requestVote(1251)) - 546a26c7-7703-4678-9acf-4f791a68dfff@group-2AFF055A5FD7 replies to ELECTION vote request: aa7a6908-eed5-4cf8-8df5-4bd7779adcda<-546a26c7-7703-4678-9acf-4f791a68dfff#0:FAIL-t4. Peer's state: 546a26c7-7703-4678-9acf-4f791a68dfff@group-2AFF055A5FD7:t4, leader=null, voted=null, raftlog=Memoized:546a26c7-7703-4678-9acf-4f791a68dfff@group-2AFF055A5FD7-SegmentedRaftLog:OPENED:c-1, conf=-1: peers:[a1145108-ddcc-4325-a3dc-9d25daa38a10|rpc:10.1.1.103:33417|dataStream:10.1.1.103:39815|priority:0|startupRole:FOLLOWER, 546a26c7-7703-4678-9acf-4f791a68dfff|rpc:10.1.1.103:38573|dataStream:10.1.1.103:40475|priority:1|startupRole:FOLLOWER, aa7a6908-eed5-4cf8-8df5-4bd7779adcda|rpc:10.1.1.103:46359|dataStream:10.1.1.103:32839|priority:0|startupRole:FOLLOWER]|listeners:[], old=null
2023-01-16 14:42:14,462 [grpc-default-executor-3] INFO  server.RaftServer$Division (RaftServerImpl.java:requestVote(1218)) - a1145108-ddcc-4325-a3dc-9d25daa38a10@group-2AFF055A5FD7: receive requestVote(ELECTION, aa7a6908-eed5-4cf8-8df5-4bd7779adcda, group-2AFF055A5FD7, 4, (t:0, i:0))
2023-01-16 14:42:14,462 [grpc-default-executor-3] INFO  impl.VoteContext (VoteContext.java:log(49)) - a1145108-ddcc-4325-a3dc-9d25daa38a10@group-2AFF055A5FD7-FOLLOWER: accept ELECTION from aa7a6908-eed5-4cf8-8df5-4bd7779adcda: our priority 0 <= candidate's priority 0
2023-01-16 14:42:14,462 [grpc-default-executor-3] INFO  server.RaftServer$Division (RaftServerImpl.java:setRole(321)) - a1145108-ddcc-4325-a3dc-9d25daa38a10@group-2AFF055A5FD7: changes role from  FOLLOWER to FOLLOWER at term 4 for candidate:aa7a6908-eed5-4cf8-8df5-4bd7779adcda
2023-01-16 14:42:14,462 [grpc-default-executor-3] INFO  impl.RoleInfo (RoleInfo.java:shutdownFollowerState(110)) - a1145108-ddcc-4325-a3dc-9d25daa38a10: shutdown a1145108-ddcc-4325-a3dc-9d25daa38a10@group-2AFF055A5FD7-FollowerState
2023-01-16 14:42:14,462 [grpc-default-executor-3] INFO  impl.RoleInfo (RoleInfo.java:updateAndGet(139)) - a1145108-ddcc-4325-a3dc-9d25daa38a10: start a1145108-ddcc-4325-a3dc-9d25daa38a10@group-2AFF055A5FD7-FollowerState
2023-01-16 14:42:14,463 [a1145108-ddcc-4325-a3dc-9d25daa38a10@group-2AFF055A5FD7-FollowerState] INFO  impl.FollowerState (FollowerState.java:run(152)) - a1145108-ddcc-4325-a3dc-9d25daa38a10@group-2AFF055A5FD7-FollowerState was interrupted
2023-01-16 14:42:14,463 [a1145108-ddcc-4325-a3dc-9d25daa38a10@group-2AFF055A5FD7-FollowerState] INFO  server.RaftServerConfigKeys (ConfUtils.java:logFallback(53)) - raft.server.rpc.first-election.timeout.min = 5s (fallback to raft.server.rpc.timeout.min)
2023-01-16 14:42:14,463 [a1145108-ddcc-4325-a3dc-9d25daa38a10@group-2AFF055A5FD7-FollowerState] INFO  server.RaftServerConfigKeys (ConfUtils.java:logFallback(53)) - raft.server.rpc.first-election.timeout.max = 5200ms (fallback to raft.server.rpc.timeout.max)
2023-01-16 14:42:14,464 [aa7a6908-eed5-4cf8-8df5-4bd7779adcda@group-2AFF055A5FD7-LeaderElection21] INFO  impl.LeaderElection (LeaderElection.java:logAndReturn(90)) - aa7a6908-eed5-4cf8-8df5-4bd7779adcda@group-2AFF055A5FD7-LeaderElection21: ELECTION REJECTED received 1 response(s) and 0 exception(s):
2023-01-16 14:42:14,464 [aa7a6908-eed5-4cf8-8df5-4bd7779adcda@group-2AFF055A5FD7-LeaderElection21] INFO  impl.LeaderElection (LeaderElection.java:logAndReturn(94)) -   Response 0: aa7a6908-eed5-4cf8-8df5-4bd7779adcda<-546a26c7-7703-4678-9acf-4f791a68dfff#0:FAIL-t4
2023-01-16 14:42:14,464 [aa7a6908-eed5-4cf8-8df5-4bd7779adcda@group-2AFF055A5FD7-LeaderElection21] INFO  impl.LeaderElection (LeaderElection.java:askForVotes(314)) - aa7a6908-eed5-4cf8-8df5-4bd7779adcda@group-2AFF055A5FD7-LeaderElection21 ELECTION round 0: result REJECTED
2023-01-16 14:42:14,464 [aa7a6908-eed5-4cf8-8df5-4bd7779adcda@group-2AFF055A5FD7-LeaderElection21] INFO  server.RaftServer$Division (RaftServerImpl.java:setRole(321)) - aa7a6908-eed5-4cf8-8df5-4bd7779adcda@group-2AFF055A5FD7: changes role from CANDIDATE to FOLLOWER at term 4 for REJECTED
2023-01-16 14:42:14,464 [grpc-default-executor-3] INFO  server.RaftServer$Division (RaftServerImpl.java:requestVote(1251)) - a1145108-ddcc-4325-a3dc-9d25daa38a10@group-2AFF055A5FD7 replies to ELECTION vote request: aa7a6908-eed5-4cf8-8df5-4bd7779adcda<-a1145108-ddcc-4325-a3dc-9d25daa38a10#0:OK-t4. Peer's state: a1145108-ddcc-4325-a3dc-9d25daa38a10@group-2AFF055A5FD7:t4, leader=null, voted=aa7a6908-eed5-4cf8-8df5-4bd7779adcda, raftlog=Memoized:a1145108-ddcc-4325-a3dc-9d25daa38a10@group-2AFF055A5FD7-SegmentedRaftLog:OPENED:c-1, conf=-1: peers:[a1145108-ddcc-4325-a3dc-9d25daa38a10|rpc:10.1.1.103:33417|dataStream:10.1.1.103:39815|priority:0|startupRole:FOLLOWER, 546a26c7-7703-4678-9acf-4f791a68dfff|rpc:10.1.1.103:38573|dataStream:10.1.1.103:40475|priority:1|startupRole:FOLLOWER, aa7a6908-eed5-4cf8-8df5-4bd7779adcda|rpc:10.1.1.103:46359|dataStream:10.1.1.103:32839|priority:0|startupRole:FOLLOWER]|listeners:[], old=null
2023-01-16 14:42:14,464 [aa7a6908-eed5-4cf8-8df5-4bd7779adcda@group-2AFF055A5FD7-LeaderElection21] INFO  impl.RoleInfo (RoleInfo.java:shutdownLeaderElection(130)) - aa7a6908-eed5-4cf8-8df5-4bd7779adcda: shutdown aa7a6908-eed5-4cf8-8df5-4bd7779adcda@group-2AFF055A5FD7-LeaderElection21
2023-01-16 14:42:14,465 [aa7a6908-eed5-4cf8-8df5-4bd7779adcda@group-2AFF055A5FD7-LeaderElection21] INFO  impl.RoleInfo (RoleInfo.java:updateAndGet(139)) - aa7a6908-eed5-4cf8-8df5-4bd7779adcda: start aa7a6908-eed5-4cf8-8df5-4bd7779adcda@group-2AFF055A5FD7-FollowerState
2023-01-16 14:42:14,465 [aa7a6908-eed5-4cf8-8df5-4bd7779adcda@group-2AFF055A5FD7-FollowerState] INFO  server.RaftServerConfigKeys (ConfUtils.java:logFallback(53)) - raft.server.rpc.first-election.timeout.min = 5s (fallback to raft.server.rpc.timeout.min)
2023-01-16 14:42:14,465 [aa7a6908-eed5-4cf8-8df5-4bd7779adcda@group-2AFF055A5FD7-FollowerState] INFO  server.RaftServerConfigKeys (ConfUtils.java:logFallback(53)) - raft.server.rpc.first-election.timeout.max = 5200ms (fallback to raft.server.rpc.timeout.max)
2023-01-16 14:42:14,583 [a1145108-ddcc-4325-a3dc-9d25daa38a10@group-41A4BCDBBC85-FollowerState] INFO  server.RaftServerConfigKeys (ConfUtils.java:logFallback(53)) - raft.server.rpc.first-election.timeout.min = 5s (fallback to raft.server.rpc.timeout.min)
2023-01-16 14:42:14,583 [a1145108-ddcc-4325-a3dc-9d25daa38a10@group-41A4BCDBBC85-FollowerState] INFO  server.RaftServerConfigKeys (ConfUtils.java:logFallback(53)) - raft.server.rpc.first-election.timeout.max = 5200ms (fallback to raft.server.rpc.timeout.max)
2023-01-16 14:42:14,610 [aa7a6908-eed5-4cf8-8df5-4bd7779adcda@group-41A4BCDBBC85-FollowerState] INFO  impl.FollowerState (FollowerState.java:run(143)) - aa7a6908-eed5-4cf8-8df5-4bd7779adcda@group-41A4BCDBBC85-FollowerState: change to CANDIDATE, lastRpcElapsedTime:5040210709ns, electionTimeout:5038ms
2023-01-16 14:42:14,610 [aa7a6908-eed5-4cf8-8df5-4bd7779adcda@group-41A4BCDBBC85-FollowerState] INFO  impl.RoleInfo (RoleInfo.java:shutdownFollowerState(110)) - aa7a6908-eed5-4cf8-8df5-4bd7779adcda: shutdown aa7a6908-eed5-4cf8-8df5-4bd7779adcda@group-41A4BCDBBC85-FollowerState
2023-01-16 14:42:14,610 [aa7a6908-eed5-4cf8-8df5-4bd7779adcda@group-41A4BCDBBC85-FollowerState] INFO  server.RaftServer$Division (RaftServerImpl.java:setRole(321)) - aa7a6908-eed5-4cf8-8df5-4bd7779adcda@group-41A4BCDBBC85: changes role from  FOLLOWER to CANDIDATE at term 3 for changeToCandidate
2023-01-16 14:42:14,610 [aa7a6908-eed5-4cf8-8df5-4bd7779adcda@group-41A4BCDBBC85-FollowerState] INFO  server.RaftServerConfigKeys (ConfUtils.java:logGet(46)) - raft.server.leaderelection.pre-vote = false (custom)
2023-01-16 14:42:14,610 [aa7a6908-eed5-4cf8-8df5-4bd7779adcda@group-41A4BCDBBC85-FollowerState] INFO  impl.RoleInfo (RoleInfo.java:updateAndGet(139)) - aa7a6908-eed5-4cf8-8df5-4bd7779adcda: start aa7a6908-eed5-4cf8-8df5-4bd7779adcda@group-41A4BCDBBC85-LeaderElection22
2023-01-16 14:42:14,613 [aa7a6908-eed5-4cf8-8df5-4bd7779adcda@group-41A4BCDBBC85-LeaderElection22] INFO  impl.LeaderElection (LeaderElection.java:askForVotes(312)) - aa7a6908-eed5-4cf8-8df5-4bd7779adcda@group-41A4BCDBBC85-LeaderElection22 ELECTION round 0: submit vote requests at term 4 for -1: peers:[a1145108-ddcc-4325-a3dc-9d25daa38a10|rpc:10.1.1.103:33417|dataStream:10.1.1.103:39815|priority:0|startupRole:FOLLOWER, 546a26c7-7703-4678-9acf-4f791a68dfff|rpc:10.1.1.103:38573|dataStream:10.1.1.103:40475|priority:0|startupRole:FOLLOWER, aa7a6908-eed5-4cf8-8df5-4bd7779adcda|rpc:10.1.1.103:46359|dataStream:10.1.1.103:32839|priority:1|startupRole:FOLLOWER]|listeners:[], old=null
2023-01-16 14:42:14,614 [aa7a6908-eed5-4cf8-8df5-4bd7779adcda@group-41A4BCDBBC85-LeaderElection22] INFO  server.RaftServerConfigKeys (ConfUtils.java:logFallback(53)) - raft.server.rpc.first-election.timeout.min = 5s (fallback to raft.server.rpc.timeout.min)
2023-01-16 14:42:14,614 [aa7a6908-eed5-4cf8-8df5-4bd7779adcda@group-41A4BCDBBC85-LeaderElection22] INFO  server.RaftServerConfigKeys (ConfUtils.java:logFallback(53)) - raft.server.rpc.first-election.timeout.max = 5200ms (fallback to raft.server.rpc.timeout.max)
2023-01-16 14:42:14,615 [grpc-default-executor-3] INFO  server.RaftServer$Division (RaftServerImpl.java:requestVote(1218)) - a1145108-ddcc-4325-a3dc-9d25daa38a10@group-41A4BCDBBC85: receive requestVote(ELECTION, aa7a6908-eed5-4cf8-8df5-4bd7779adcda, group-41A4BCDBBC85, 4, (t:0, i:0))
2023-01-16 14:42:14,616 [grpc-default-executor-3] INFO  impl.VoteContext (VoteContext.java:log(49)) - a1145108-ddcc-4325-a3dc-9d25daa38a10@group-41A4BCDBBC85-FOLLOWER: accept ELECTION from aa7a6908-eed5-4cf8-8df5-4bd7779adcda: our priority 0 <= candidate's priority 1
2023-01-16 14:42:14,616 [grpc-default-executor-3] INFO  server.RaftServer$Division (RaftServerImpl.java:setRole(321)) - a1145108-ddcc-4325-a3dc-9d25daa38a10@group-41A4BCDBBC85: changes role from  FOLLOWER to FOLLOWER at term 4 for candidate:aa7a6908-eed5-4cf8-8df5-4bd7779adcda
2023-01-16 14:42:14,616 [grpc-default-executor-3] INFO  impl.RoleInfo (RoleInfo.java:shutdownFollowerState(110)) - a1145108-ddcc-4325-a3dc-9d25daa38a10: shutdown a1145108-ddcc-4325-a3dc-9d25daa38a10@group-41A4BCDBBC85-FollowerState
2023-01-16 14:42:14,616 [grpc-default-executor-3] INFO  impl.RoleInfo (RoleInfo.java:updateAndGet(139)) - a1145108-ddcc-4325-a3dc-9d25daa38a10: start a1145108-ddcc-4325-a3dc-9d25daa38a10@group-41A4BCDBBC85-FollowerState
2023-01-16 14:42:14,616 [a1145108-ddcc-4325-a3dc-9d25daa38a10@group-41A4BCDBBC85-FollowerState] INFO  impl.FollowerState (FollowerState.java:run(152)) - a1145108-ddcc-4325-a3dc-9d25daa38a10@group-41A4BCDBBC85-FollowerState was interrupted
2023-01-16 14:42:14,616 [grpc-default-executor-4] INFO  server.RaftServer$Division (RaftServerImpl.java:requestVote(1218)) - 546a26c7-7703-4678-9acf-4f791a68dfff@group-41A4BCDBBC85: receive requestVote(ELECTION, aa7a6908-eed5-4cf8-8df5-4bd7779adcda, group-41A4BCDBBC85, 4, (t:0, i:0))
2023-01-16 14:42:14,616 [grpc-default-executor-4] INFO  impl.VoteContext (VoteContext.java:log(49)) - 546a26c7-7703-4678-9acf-4f791a68dfff@group-41A4BCDBBC85-FOLLOWER: accept ELECTION from aa7a6908-eed5-4cf8-8df5-4bd7779adcda: our priority 0 <= candidate's priority 1
2023-01-16 14:42:14,616 [grpc-default-executor-4] INFO  server.RaftServer$Division (RaftServerImpl.java:setRole(321)) - 546a26c7-7703-4678-9acf-4f791a68dfff@group-41A4BCDBBC85: changes role from  FOLLOWER to FOLLOWER at term 4 for candidate:aa7a6908-eed5-4cf8-8df5-4bd7779adcda
2023-01-16 14:42:14,616 [grpc-default-executor-4] INFO  impl.RoleInfo (RoleInfo.java:shutdownFollowerState(110)) - 546a26c7-7703-4678-9acf-4f791a68dfff: shutdown 546a26c7-7703-4678-9acf-4f791a68dfff@group-41A4BCDBBC85-FollowerState
2023-01-16 14:42:14,618 [grpc-default-executor-4] INFO  impl.RoleInfo (RoleInfo.java:updateAndGet(139)) - 546a26c7-7703-4678-9acf-4f791a68dfff: start 546a26c7-7703-4678-9acf-4f791a68dfff@group-41A4BCDBBC85-FollowerState
2023-01-16 14:42:14,618 [546a26c7-7703-4678-9acf-4f791a68dfff@group-41A4BCDBBC85-FollowerState] INFO  impl.FollowerState (FollowerState.java:run(152)) - 546a26c7-7703-4678-9acf-4f791a68dfff@group-41A4BCDBBC85-FollowerState was interrupted
2023-01-16 14:42:14,618 [a1145108-ddcc-4325-a3dc-9d25daa38a10@group-41A4BCDBBC85-FollowerState] INFO  server.RaftServerConfigKeys (ConfUtils.java:logFallback(53)) - raft.server.rpc.first-election.timeout.min = 5s (fallback to raft.server.rpc.timeout.min)
2023-01-16 14:42:14,618 [a1145108-ddcc-4325-a3dc-9d25daa38a10@group-41A4BCDBBC85-FollowerState] INFO  server.RaftServerConfigKeys (ConfUtils.java:logFallback(53)) - raft.server.rpc.first-election.timeout.max = 5200ms (fallback to raft.server.rpc.timeout.max)
2023-01-16 14:42:14,620 [grpc-default-executor-3] INFO  server.RaftServer$Division (RaftServerImpl.java:requestVote(1251)) - a1145108-ddcc-4325-a3dc-9d25daa38a10@group-41A4BCDBBC85 replies to ELECTION vote request: aa7a6908-eed5-4cf8-8df5-4bd7779adcda<-a1145108-ddcc-4325-a3dc-9d25daa38a10#0:OK-t4. Peer's state: a1145108-ddcc-4325-a3dc-9d25daa38a10@group-41A4BCDBBC85:t4, leader=null, voted=aa7a6908-eed5-4cf8-8df5-4bd7779adcda, raftlog=Memoized:a1145108-ddcc-4325-a3dc-9d25daa38a10@group-41A4BCDBBC85-SegmentedRaftLog:OPENED:c-1, conf=-1: peers:[a1145108-ddcc-4325-a3dc-9d25daa38a10|rpc:10.1.1.103:33417|dataStream:10.1.1.103:39815|priority:0|startupRole:FOLLOWER, 546a26c7-7703-4678-9acf-4f791a68dfff|rpc:10.1.1.103:38573|dataStream:10.1.1.103:40475|priority:0|startupRole:FOLLOWER, aa7a6908-eed5-4cf8-8df5-4bd7779adcda|rpc:10.1.1.103:46359|dataStream:10.1.1.103:32839|priority:1|startupRole:FOLLOWER]|listeners:[], old=null
2023-01-16 14:42:14,621 [546a26c7-7703-4678-9acf-4f791a68dfff@group-41A4BCDBBC85-FollowerState] INFO  server.RaftServerConfigKeys (ConfUtils.java:logFallback(53)) - raft.server.rpc.first-election.timeout.min = 5s (fallback to raft.server.rpc.timeout.min)
2023-01-16 14:42:14,621 [546a26c7-7703-4678-9acf-4f791a68dfff@group-41A4BCDBBC85-FollowerState] INFO  server.RaftServerConfigKeys (ConfUtils.java:logFallback(53)) - raft.server.rpc.first-election.timeout.max = 5200ms (fallback to raft.server.rpc.timeout.max)
2023-01-16 14:42:14,622 [grpc-default-executor-4] INFO  server.RaftServer$Division (RaftServerImpl.java:requestVote(1251)) - 546a26c7-7703-4678-9acf-4f791a68dfff@group-41A4BCDBBC85 replies to ELECTION vote request: aa7a6908-eed5-4cf8-8df5-4bd7779adcda<-546a26c7-7703-4678-9acf-4f791a68dfff#0:OK-t4. Peer's state: 546a26c7-7703-4678-9acf-4f791a68dfff@group-41A4BCDBBC85:t4, leader=null, voted=aa7a6908-eed5-4cf8-8df5-4bd7779adcda, raftlog=Memoized:546a26c7-7703-4678-9acf-4f791a68dfff@group-41A4BCDBBC85-SegmentedRaftLog:OPENED:c-1, conf=-1: peers:[a1145108-ddcc-4325-a3dc-9d25daa38a10|rpc:10.1.1.103:33417|dataStream:10.1.1.103:39815|priority:0|startupRole:FOLLOWER, 546a26c7-7703-4678-9acf-4f791a68dfff|rpc:10.1.1.103:38573|dataStream:10.1.1.103:40475|priority:0|startupRole:FOLLOWER, aa7a6908-eed5-4cf8-8df5-4bd7779adcda|rpc:10.1.1.103:46359|dataStream:10.1.1.103:32839|priority:1|startupRole:FOLLOWER]|listeners:[], old=null
2023-01-16 14:42:14,623 [aa7a6908-eed5-4cf8-8df5-4bd7779adcda@group-41A4BCDBBC85-LeaderElection22] INFO  impl.LeaderElection (LeaderElection.java:logAndReturn(90)) - aa7a6908-eed5-4cf8-8df5-4bd7779adcda@group-41A4BCDBBC85-LeaderElection22: ELECTION PASSED received 1 response(s) and 0 exception(s):
2023-01-16 14:42:14,623 [aa7a6908-eed5-4cf8-8df5-4bd7779adcda@group-41A4BCDBBC85-LeaderElection22] INFO  impl.LeaderElection (LeaderElection.java:logAndReturn(94)) -   Response 0: aa7a6908-eed5-4cf8-8df5-4bd7779adcda<-546a26c7-7703-4678-9acf-4f791a68dfff#0:OK-t4
2023-01-16 14:42:14,623 [aa7a6908-eed5-4cf8-8df5-4bd7779adcda@group-41A4BCDBBC85-LeaderElection22] INFO  impl.LeaderElection (LeaderElection.java:askForVotes(314)) - aa7a6908-eed5-4cf8-8df5-4bd7779adcda@group-41A4BCDBBC85-LeaderElection22 ELECTION round 0: result PASSED
2023-01-16 14:42:14,623 [aa7a6908-eed5-4cf8-8df5-4bd7779adcda@group-41A4BCDBBC85-LeaderElection22] INFO  impl.RoleInfo (RoleInfo.java:shutdownLeaderElection(130)) - aa7a6908-eed5-4cf8-8df5-4bd7779adcda: shutdown aa7a6908-eed5-4cf8-8df5-4bd7779adcda@group-41A4BCDBBC85-LeaderElection22
2023-01-16 14:42:14,623 [aa7a6908-eed5-4cf8-8df5-4bd7779adcda@group-41A4BCDBBC85-LeaderElection22] INFO  server.RaftServer$Division (RaftServerImpl.java:setRole(321)) - aa7a6908-eed5-4cf8-8df5-4bd7779adcda@group-41A4BCDBBC85: changes role from CANDIDATE to LEADER at term 4 for changeToLeader
2023-01-16 14:42:14,623 [aa7a6908-eed5-4cf8-8df5-4bd7779adcda@group-41A4BCDBBC85-LeaderElection22] INFO  ratis.XceiverServerRatis (XceiverServerRatis.java:handleLeaderChangedNotification(904)) - Leader change notification received for group: group-41A4BCDBBC85 with new leaderId: aa7a6908-eed5-4cf8-8df5-4bd7779adcda
2023-01-16 14:42:14,624 [aa7a6908-eed5-4cf8-8df5-4bd7779adcda@group-41A4BCDBBC85-LeaderElection22] INFO  server.RaftServer$Division (ServerState.java:setLeader(313)) - aa7a6908-eed5-4cf8-8df5-4bd7779adcda@group-41A4BCDBBC85: change Leader from null to aa7a6908-eed5-4cf8-8df5-4bd7779adcda at term 4 for becomeLeader, leader elected after 20164ms
2023-01-16 14:42:14,624 [aa7a6908-eed5-4cf8-8df5-4bd7779adcda@group-41A4BCDBBC85-LeaderElection22] INFO  server.RaftServerConfigKeys (ConfUtils.java:logGet(46)) - raft.server.staging.catchup.gap = 1000 (default)
2023-01-16 14:42:14,624 [aa7a6908-eed5-4cf8-8df5-4bd7779adcda@group-41A4BCDBBC85-LeaderElection22] INFO  server.RaftServerConfigKeys (ConfUtils.java:logGet(46)) - raft.server.write.element-limit = 1024 (custom)
2023-01-16 14:42:14,624 [aa7a6908-eed5-4cf8-8df5-4bd7779adcda@group-41A4BCDBBC85-LeaderElection22] INFO  server.RaftServerConfigKeys (ConfUtils.java:logGet(46)) - raft.server.write.byte-limit = 1024 M (=1073741824) (custom)
2023-01-16 14:42:14,624 [aa7a6908-eed5-4cf8-8df5-4bd7779adcda@group-41A4BCDBBC85-LeaderElection22] INFO  server.RaftServerConfigKeys (ConfUtils.java:logGet(46)) - raft.server.watch.timeout = 180s (custom)
2023-01-16 14:42:14,624 [aa7a6908-eed5-4cf8-8df5-4bd7779adcda@group-41A4BCDBBC85-LeaderElection22] INFO  server.RaftServerConfigKeys (ConfUtils.java:logGet(46)) - raft.server.watch.timeout.denomination = 1s (default)
2023-01-16 14:42:14,624 [aa7a6908-eed5-4cf8-8df5-4bd7779adcda@group-41A4BCDBBC85-LeaderElection22] INFO  server.RaftServerConfigKeys (ConfUtils.java:logGet(46)) - raft.server.watch.element-limit = 65536 (default)
2023-01-16 14:42:14,624 [aa7a6908-eed5-4cf8-8df5-4bd7779adcda@group-41A4BCDBBC85-LeaderElection22] INFO  server.RaftServerConfigKeys (ConfUtils.java:logGet(46)) - raft.server.write.element-limit = 1024 (custom)
2023-01-16 14:42:14,624 [aa7a6908-eed5-4cf8-8df5-4bd7779adcda@group-41A4BCDBBC85-LeaderElection22] INFO  server.RaftServerConfigKeys (ConfUtils.java:logGet(46)) - raft.server.write.follower.gap.ratio.max = -1.0 (default)
2023-01-16 14:42:14,625 [aa7a6908-eed5-4cf8-8df5-4bd7779adcda@group-41A4BCDBBC85-LeaderElection22] INFO  server.RaftServerConfigKeys (ConfUtils.java:logGet(46)) - raft.server.log.appender.snapshot.chunk.size.max = 16MB (=16777216) (default)
2023-01-16 14:42:14,625 [aa7a6908-eed5-4cf8-8df5-4bd7779adcda@group-41A4BCDBBC85-LeaderElection22] INFO  server.RaftServerConfigKeys (ConfUtils.java:logGet(46)) - raft.server.log.appender.buffer.byte-limit = 33554432 (custom)
2023-01-16 14:42:14,625 [aa7a6908-eed5-4cf8-8df5-4bd7779adcda@group-41A4BCDBBC85-LeaderElection22] INFO  server.RaftServerConfigKeys (ConfUtils.java:logGet(46)) - raft.server.log.appender.buffer.element-limit = 1 (custom)
2023-01-16 14:42:14,625 [aa7a6908-eed5-4cf8-8df5-4bd7779adcda@group-41A4BCDBBC85-LeaderElection22] INFO  grpc.GrpcConfigKeys (ConfUtils.java:logGet(46)) - raft.grpc.server.leader.outstanding.appends.max = 128 (default)
2023-01-16 14:42:14,625 [aa7a6908-eed5-4cf8-8df5-4bd7779adcda@group-41A4BCDBBC85-LeaderElection22] INFO  server.RaftServerConfigKeys (ConfUtils.java:logGet(46)) - raft.server.rpc.request.timeout = 60s (custom)
2023-01-16 14:42:14,625 [aa7a6908-eed5-4cf8-8df5-4bd7779adcda@group-41A4BCDBBC85-LeaderElection22] INFO  server.RaftServerConfigKeys (ConfUtils.java:logGet(46)) - raft.server.log.appender.install.snapshot.enabled = false (custom)
2023-01-16 14:42:14,625 [aa7a6908-eed5-4cf8-8df5-4bd7779adcda@group-41A4BCDBBC85-LeaderElection22] INFO  grpc.GrpcConfigKeys (ConfUtils.java:logGet(46)) - raft.grpc.server.heartbeat.channel = true (default)
2023-01-16 14:42:14,625 [aa7a6908-eed5-4cf8-8df5-4bd7779adcda@group-41A4BCDBBC85-LeaderElection22] INFO  server.RaftServerConfigKeys (ConfUtils.java:logGet(46)) - raft.server.log.appender.wait-time.min = 10ms (default)
2023-01-16 14:42:14,626 [aa7a6908-eed5-4cf8-8df5-4bd7779adcda@group-41A4BCDBBC85-LeaderElection22] INFO  server.RaftServerConfigKeys (ConfUtils.java:logGet(46)) - raft.server.log.appender.snapshot.chunk.size.max = 16MB (=16777216) (default)
2023-01-16 14:42:14,626 [aa7a6908-eed5-4cf8-8df5-4bd7779adcda@group-41A4BCDBBC85-LeaderElection22] INFO  server.RaftServerConfigKeys (ConfUtils.java:logGet(46)) - raft.server.log.appender.buffer.byte-limit = 33554432 (custom)
2023-01-16 14:42:14,626 [aa7a6908-eed5-4cf8-8df5-4bd7779adcda@group-41A4BCDBBC85-LeaderElection22] INFO  server.RaftServerConfigKeys (ConfUtils.java:logGet(46)) - raft.server.log.appender.buffer.element-limit = 1 (custom)
2023-01-16 14:42:14,626 [aa7a6908-eed5-4cf8-8df5-4bd7779adcda@group-41A4BCDBBC85-LeaderElection22] INFO  grpc.GrpcConfigKeys (ConfUtils.java:logGet(46)) - raft.grpc.server.leader.outstanding.appends.max = 128 (default)
2023-01-16 14:42:14,626 [aa7a6908-eed5-4cf8-8df5-4bd7779adcda@group-41A4BCDBBC85-LeaderElection22] INFO  server.RaftServerConfigKeys (ConfUtils.java:logGet(46)) - raft.server.rpc.request.timeout = 60s (custom)
2023-01-16 14:42:14,626 [aa7a6908-eed5-4cf8-8df5-4bd7779adcda@group-41A4BCDBBC85-LeaderElection22] INFO  server.RaftServerConfigKeys (ConfUtils.java:logGet(46)) - raft.server.log.appender.install.snapshot.enabled = false (custom)
2023-01-16 14:42:14,626 [aa7a6908-eed5-4cf8-8df5-4bd7779adcda@group-41A4BCDBBC85-LeaderElection22] INFO  grpc.GrpcConfigKeys (ConfUtils.java:logGet(46)) - raft.grpc.server.heartbeat.channel = true (default)
2023-01-16 14:42:14,626 [aa7a6908-eed5-4cf8-8df5-4bd7779adcda@group-41A4BCDBBC85-LeaderElection22] INFO  server.RaftServerConfigKeys (ConfUtils.java:logGet(46)) - raft.server.log.appender.wait-time.min = 10ms (default)
2023-01-16 14:42:14,627 [aa7a6908-eed5-4cf8-8df5-4bd7779adcda@group-41A4BCDBBC85-LeaderElection22] INFO  impl.RoleInfo (RoleInfo.java:updateAndGet(139)) - aa7a6908-eed5-4cf8-8df5-4bd7779adcda: start aa7a6908-eed5-4cf8-8df5-4bd7779adcda@group-41A4BCDBBC85-LeaderStateImpl
2023-01-16 14:42:14,627 [aa7a6908-eed5-4cf8-8df5-4bd7779adcda@group-41A4BCDBBC85-LeaderElection22] INFO  segmented.SegmentedRaftLogWorker (SegmentedRaftLogWorker.java:startLogSegment(452)) - aa7a6908-eed5-4cf8-8df5-4bd7779adcda@group-41A4BCDBBC85-SegmentedRaftLogWorker: Starting segment from index:0
2023-01-16 14:42:14,629 [EventQueue-PipelineReportForPipelineReportHandler] INFO  pipeline.PipelineManagerImpl (PipelineManagerImpl.java:openPipeline(367)) - Pipeline Pipeline[ Id: 7f085c46-837a-4d4b-82af-41a4bcdbbc85, Nodes: 546a26c7-7703-4678-9acf-4f791a68dfff(fv-az203-757.ild0l4k5vsluppoevu2oqvhmda.cx.internal.cloudapp.net/10.1.1.103)aa7a6908-eed5-4cf8-8df5-4bd7779adcda(fv-az203-757.ild0l4k5vsluppoevu2oqvhmda.cx.internal.cloudapp.net/10.1.1.103)a1145108-ddcc-4325-a3dc-9d25daa38a10(fv-az203-757.ild0l4k5vsluppoevu2oqvhmda.cx.internal.cloudapp.net/10.1.1.103), ReplicationConfig: RATIS/THREE, State:ALLOCATED, leaderId:aa7a6908-eed5-4cf8-8df5-4bd7779adcda, CreationTimestamp2023-01-16T14:41:51.685Z[Etc/UTC]] moved to OPEN state
2023-01-16 14:42:14,630 [aa7a6908-eed5-4cf8-8df5-4bd7779adcda@group-41A4BCDBBC85-SegmentedRaftLogWorker] INFO  segmented.SegmentedRaftLogWorker (SegmentedRaftLogWorker.java:execute(656)) - aa7a6908-eed5-4cf8-8df5-4bd7779adcda@group-41A4BCDBBC85-SegmentedRaftLogWorker: created new log segment /home/runner/work/ozone/ozone/hadoop-ozone/integration-test/target/test-dir/MiniOzoneClusterImpl-bcd49b6a-245a-4637-b4c9-d6b301a8fda7/datanode-5/data/ratis/7f085c46-837a-4d4b-82af-41a4bcdbbc85/current/log_inprogress_0
2023-01-16 14:42:14,644 [aa7a6908-eed5-4cf8-8df5-4bd7779adcda@group-41A4BCDBBC85-LeaderElection22] INFO  server.RaftServer$Division (ServerState.java:setRaftConf(430)) - aa7a6908-eed5-4cf8-8df5-4bd7779adcda@group-41A4BCDBBC85: set configuration 0: peers:[a1145108-ddcc-4325-a3dc-9d25daa38a10|rpc:10.1.1.103:33417|dataStream:10.1.1.103:39815|priority:0|startupRole:FOLLOWER, 546a26c7-7703-4678-9acf-4f791a68dfff|rpc:10.1.1.103:38573|dataStream:10.1.1.103:40475|priority:0|startupRole:FOLLOWER, aa7a6908-eed5-4cf8-8df5-4bd7779adcda|rpc:10.1.1.103:46359|dataStream:10.1.1.103:32839|priority:1|startupRole:FOLLOWER]|listeners:[], old=null
2023-01-16 14:42:14,649 [a1145108-ddcc-4325-a3dc-9d25daa38a10-server-thread1] INFO  ratis.XceiverServerRatis (XceiverServerRatis.java:handleLeaderChangedNotification(904)) - Leader change notification received for group: group-41A4BCDBBC85 with new leaderId: aa7a6908-eed5-4cf8-8df5-4bd7779adcda
2023-01-16 14:42:14,650 [a1145108-ddcc-4325-a3dc-9d25daa38a10-server-thread1] INFO  server.RaftServer$Division (ServerState.java:setLeader(313)) - a1145108-ddcc-4325-a3dc-9d25daa38a10@group-41A4BCDBBC85: change Leader from null to aa7a6908-eed5-4cf8-8df5-4bd7779adcda at term 4 for appendEntries, leader elected after 20303ms
2023-01-16 14:42:14,651 [a1145108-ddcc-4325-a3dc-9d25daa38a10-server-thread1] INFO  server.RaftServer$Division (ServerState.java:setRaftConf(430)) - a1145108-ddcc-4325-a3dc-9d25daa38a10@group-41A4BCDBBC85: set configuration 0: peers:[a1145108-ddcc-4325-a3dc-9d25daa38a10|rpc:10.1.1.103:33417|dataStream:10.1.1.103:39815|priority:0|startupRole:FOLLOWER, 546a26c7-7703-4678-9acf-4f791a68dfff|rpc:10.1.1.103:38573|dataStream:10.1.1.103:40475|priority:0|startupRole:FOLLOWER, aa7a6908-eed5-4cf8-8df5-4bd7779adcda|rpc:10.1.1.103:46359|dataStream:10.1.1.103:32839|priority:1|startupRole:FOLLOWER]|listeners:[], old=null
2023-01-16 14:42:14,651 [a1145108-ddcc-4325-a3dc-9d25daa38a10-server-thread1] INFO  segmented.SegmentedRaftLogWorker (SegmentedRaftLogWorker.java:startLogSegment(452)) - a1145108-ddcc-4325-a3dc-9d25daa38a10@group-41A4BCDBBC85-SegmentedRaftLogWorker: Starting segment from index:0
2023-01-16 14:42:14,654 [a1145108-ddcc-4325-a3dc-9d25daa38a10@group-41A4BCDBBC85-SegmentedRaftLogWorker] INFO  segmented.SegmentedRaftLogWorker (SegmentedRaftLogWorker.java:execute(656)) - a1145108-ddcc-4325-a3dc-9d25daa38a10@group-41A4BCDBBC85-SegmentedRaftLogWorker: created new log segment /home/runner/work/ozone/ozone/hadoop-ozone/integration-test/target/test-dir/MiniOzoneClusterImpl-bcd49b6a-245a-4637-b4c9-d6b301a8fda7/datanode-3/data/ratis/7f085c46-837a-4d4b-82af-41a4bcdbbc85/current/log_inprogress_0
2023-01-16 14:42:14,669 [546a26c7-7703-4678-9acf-4f791a68dfff-server-thread1] INFO  ratis.XceiverServerRatis (XceiverServerRatis.java:handleLeaderChangedNotification(904)) - Leader change notification received for group: group-41A4BCDBBC85 with new leaderId: aa7a6908-eed5-4cf8-8df5-4bd7779adcda
2023-01-16 14:42:14,669 [546a26c7-7703-4678-9acf-4f791a68dfff-server-thread1] INFO  server.RaftServer$Division (ServerState.java:setLeader(313)) - 546a26c7-7703-4678-9acf-4f791a68dfff@group-41A4BCDBBC85: change Leader from null to aa7a6908-eed5-4cf8-8df5-4bd7779adcda at term 4 for appendEntries, leader elected after 20254ms
2023-01-16 14:42:14,676 [546a26c7-7703-4678-9acf-4f791a68dfff-server-thread2] INFO  server.RaftServer$Division (ServerState.java:setRaftConf(430)) - 546a26c7-7703-4678-9acf-4f791a68dfff@group-41A4BCDBBC85: set configuration 0: peers:[a1145108-ddcc-4325-a3dc-9d25daa38a10|rpc:10.1.1.103:33417|dataStream:10.1.1.103:39815|priority:0|startupRole:FOLLOWER, 546a26c7-7703-4678-9acf-4f791a68dfff|rpc:10.1.1.103:38573|dataStream:10.1.1.103:40475|priority:0|startupRole:FOLLOWER, aa7a6908-eed5-4cf8-8df5-4bd7779adcda|rpc:10.1.1.103:46359|dataStream:10.1.1.103:32839|priority:1|startupRole:FOLLOWER]|listeners:[], old=null
2023-01-16 14:42:14,676 [546a26c7-7703-4678-9acf-4f791a68dfff-server-thread2] INFO  segmented.SegmentedRaftLogWorker (SegmentedRaftLogWorker.java:startLogSegment(452)) - 546a26c7-7703-4678-9acf-4f791a68dfff@group-41A4BCDBBC85-SegmentedRaftLogWorker: Starting segment from index:0
2023-01-16 14:42:14,677 [546a26c7-7703-4678-9acf-4f791a68dfff@group-41A4BCDBBC85-SegmentedRaftLogWorker] INFO  segmented.SegmentedRaftLogWorker (SegmentedRaftLogWorker.java:execute(656)) - 546a26c7-7703-4678-9acf-4f791a68dfff@group-41A4BCDBBC85-SegmentedRaftLogWorker: created new log segment /home/runner/work/ozone/ozone/hadoop-ozone/integration-test/target/test-dir/MiniOzoneClusterImpl-bcd49b6a-245a-4637-b4c9-d6b301a8fda7/datanode-4/data/ratis/7f085c46-837a-4d4b-82af-41a4bcdbbc85/current/log_inprogress_0
2023-01-16 14:42:19,598 [a1145108-ddcc-4325-a3dc-9d25daa38a10@group-2AFF055A5FD7-FollowerState] INFO  server.RaftServerConfigKeys (ConfUtils.java:logFallback(53)) - raft.server.rpc.first-election.timeout.min = 5s (fallback to raft.server.rpc.timeout.min)
2023-01-16 14:42:19,598 [a1145108-ddcc-4325-a3dc-9d25daa38a10@group-2AFF055A5FD7-FollowerState] INFO  server.RaftServerConfigKeys (ConfUtils.java:logFallback(53)) - raft.server.rpc.first-election.timeout.max = 5200ms (fallback to raft.server.rpc.timeout.max)
2023-01-16 14:42:19,602 [546a26c7-7703-4678-9acf-4f791a68dfff@group-2AFF055A5FD7-FollowerState] INFO  impl.FollowerState (FollowerState.java:run(143)) - 546a26c7-7703-4678-9acf-4f791a68dfff@group-2AFF055A5FD7-FollowerState: change to CANDIDATE, lastRpcElapsedTime:5141763342ns, electionTimeout:5141ms
2023-01-16 14:42:19,602 [546a26c7-7703-4678-9acf-4f791a68dfff@group-2AFF055A5FD7-FollowerState] INFO  impl.RoleInfo (RoleInfo.java:shutdownFollowerState(110)) - 546a26c7-7703-4678-9acf-4f791a68dfff: shutdown 546a26c7-7703-4678-9acf-4f791a68dfff@group-2AFF055A5FD7-FollowerState
2023-01-16 14:42:19,602 [546a26c7-7703-4678-9acf-4f791a68dfff@group-2AFF055A5FD7-FollowerState] INFO  server.RaftServer$Division (RaftServerImpl.java:setRole(321)) - 546a26c7-7703-4678-9acf-4f791a68dfff@group-2AFF055A5FD7: changes role from  FOLLOWER to CANDIDATE at term 4 for changeToCandidate
2023-01-16 14:42:19,602 [546a26c7-7703-4678-9acf-4f791a68dfff@group-2AFF055A5FD7-FollowerState] INFO  server.RaftServerConfigKeys (ConfUtils.java:logGet(46)) - raft.server.leaderelection.pre-vote = false (custom)
2023-01-16 14:42:19,602 [546a26c7-7703-4678-9acf-4f791a68dfff@group-2AFF055A5FD7-FollowerState] INFO  impl.RoleInfo (RoleInfo.java:updateAndGet(139)) - 546a26c7-7703-4678-9acf-4f791a68dfff: start 546a26c7-7703-4678-9acf-4f791a68dfff@group-2AFF055A5FD7-LeaderElection23
2023-01-16 14:42:19,609 [546a26c7-7703-4678-9acf-4f791a68dfff@group-2AFF055A5FD7-LeaderElection23] INFO  impl.LeaderElection (LeaderElection.java:askForVotes(312)) - 546a26c7-7703-4678-9acf-4f791a68dfff@group-2AFF055A5FD7-LeaderElection23 ELECTION round 0: submit vote requests at term 5 for -1: peers:[a1145108-ddcc-4325-a3dc-9d25daa38a10|rpc:10.1.1.103:33417|dataStream:10.1.1.103:39815|priority:0|startupRole:FOLLOWER, 546a26c7-7703-4678-9acf-4f791a68dfff|rpc:10.1.1.103:38573|dataStream:10.1.1.103:40475|priority:1|startupRole:FOLLOWER, aa7a6908-eed5-4cf8-8df5-4bd7779adcda|rpc:10.1.1.103:46359|dataStream:10.1.1.103:32839|priority:0|startupRole:FOLLOWER]|listeners:[], old=null
2023-01-16 14:42:19,610 [546a26c7-7703-4678-9acf-4f791a68dfff@group-2AFF055A5FD7-LeaderElection23] INFO  server.RaftServerConfigKeys (ConfUtils.java:logFallback(53)) - raft.server.rpc.first-election.timeout.min = 5s (fallback to raft.server.rpc.timeout.min)
2023-01-16 14:42:19,610 [546a26c7-7703-4678-9acf-4f791a68dfff@group-2AFF055A5FD7-LeaderElection23] INFO  server.RaftServerConfigKeys (ConfUtils.java:logFallback(53)) - raft.server.rpc.first-election.timeout.max = 5200ms (fallback to raft.server.rpc.timeout.max)
2023-01-16 14:42:19,611 [grpc-default-executor-4] INFO  server.RaftServer$Division (RaftServerImpl.java:requestVote(1218)) - a1145108-ddcc-4325-a3dc-9d25daa38a10@group-2AFF055A5FD7: receive requestVote(ELECTION, 546a26c7-7703-4678-9acf-4f791a68dfff, group-2AFF055A5FD7, 5, (t:0, i:0))
2023-01-16 14:42:19,611 [grpc-default-executor-4] INFO  impl.VoteContext (VoteContext.java:log(49)) - a1145108-ddcc-4325-a3dc-9d25daa38a10@group-2AFF055A5FD7-FOLLOWER: accept ELECTION from 546a26c7-7703-4678-9acf-4f791a68dfff: our priority 0 <= candidate's priority 1
2023-01-16 14:42:19,612 [grpc-default-executor-4] INFO  server.RaftServer$Division (RaftServerImpl.java:setRole(321)) - a1145108-ddcc-4325-a3dc-9d25daa38a10@group-2AFF055A5FD7: changes role from  FOLLOWER to FOLLOWER at term 5 for candidate:546a26c7-7703-4678-9acf-4f791a68dfff
2023-01-16 14:42:19,612 [grpc-default-executor-4] INFO  impl.RoleInfo (RoleInfo.java:shutdownFollowerState(110)) - a1145108-ddcc-4325-a3dc-9d25daa38a10: shutdown a1145108-ddcc-4325-a3dc-9d25daa38a10@group-2AFF055A5FD7-FollowerState
2023-01-16 14:42:19,612 [grpc-default-executor-4] INFO  impl.RoleInfo (RoleInfo.java:updateAndGet(139)) - a1145108-ddcc-4325-a3dc-9d25daa38a10: start a1145108-ddcc-4325-a3dc-9d25daa38a10@group-2AFF055A5FD7-FollowerState
2023-01-16 14:42:19,612 [a1145108-ddcc-4325-a3dc-9d25daa38a10@group-2AFF055A5FD7-FollowerState] INFO  impl.FollowerState (FollowerState.java:run(152)) - a1145108-ddcc-4325-a3dc-9d25daa38a10@group-2AFF055A5FD7-FollowerState was interrupted
2023-01-16 14:42:19,612 [a1145108-ddcc-4325-a3dc-9d25daa38a10@group-2AFF055A5FD7-FollowerState] INFO  server.RaftServerConfigKeys (ConfUtils.java:logFallback(53)) - raft.server.rpc.first-election.timeout.min = 5s (fallback to raft.server.rpc.timeout.min)
2023-01-16 14:42:19,612 [a1145108-ddcc-4325-a3dc-9d25daa38a10@group-2AFF055A5FD7-FollowerState] INFO  server.RaftServerConfigKeys (ConfUtils.java:logFallback(53)) - raft.server.rpc.first-election.timeout.max = 5200ms (fallback to raft.server.rpc.timeout.max)
2023-01-16 14:42:19,614 [grpc-default-executor-4] INFO  server.RaftServer$Division (RaftServerImpl.java:requestVote(1251)) - a1145108-ddcc-4325-a3dc-9d25daa38a10@group-2AFF055A5FD7 replies to ELECTION vote request: 546a26c7-7703-4678-9acf-4f791a68dfff<-a1145108-ddcc-4325-a3dc-9d25daa38a10#0:OK-t5. Peer's state: a1145108-ddcc-4325-a3dc-9d25daa38a10@group-2AFF055A5FD7:t5, leader=null, voted=546a26c7-7703-4678-9acf-4f791a68dfff, raftlog=Memoized:a1145108-ddcc-4325-a3dc-9d25daa38a10@group-2AFF055A5FD7-SegmentedRaftLog:OPENED:c-1, conf=-1: peers:[a1145108-ddcc-4325-a3dc-9d25daa38a10|rpc:10.1.1.103:33417|dataStream:10.1.1.103:39815|priority:0|startupRole:FOLLOWER, 546a26c7-7703-4678-9acf-4f791a68dfff|rpc:10.1.1.103:38573|dataStream:10.1.1.103:40475|priority:1|startupRole:FOLLOWER, aa7a6908-eed5-4cf8-8df5-4bd7779adcda|rpc:10.1.1.103:46359|dataStream:10.1.1.103:32839|priority:0|startupRole:FOLLOWER]|listeners:[], old=null
2023-01-16 14:42:19,614 [grpc-default-executor-3] INFO  server.RaftServer$Division (RaftServerImpl.java:requestVote(1218)) - aa7a6908-eed5-4cf8-8df5-4bd7779adcda@group-2AFF055A5FD7: receive requestVote(ELECTION, 546a26c7-7703-4678-9acf-4f791a68dfff, group-2AFF055A5FD7, 5, (t:0, i:0))
2023-01-16 14:42:19,614 [grpc-default-executor-3] INFO  impl.VoteContext (VoteContext.java:log(49)) - aa7a6908-eed5-4cf8-8df5-4bd7779adcda@group-2AFF055A5FD7-FOLLOWER: accept ELECTION from 546a26c7-7703-4678-9acf-4f791a68dfff: our priority 0 <= candidate's priority 1
2023-01-16 14:42:19,614 [grpc-default-executor-3] INFO  server.RaftServer$Division (RaftServerImpl.java:setRole(321)) - aa7a6908-eed5-4cf8-8df5-4bd7779adcda@group-2AFF055A5FD7: changes role from  FOLLOWER to FOLLOWER at term 5 for candidate:546a26c7-7703-4678-9acf-4f791a68dfff
2023-01-16 14:42:19,614 [grpc-default-executor-3] INFO  impl.RoleInfo (RoleInfo.java:shutdownFollowerState(110)) - aa7a6908-eed5-4cf8-8df5-4bd7779adcda: shutdown aa7a6908-eed5-4cf8-8df5-4bd7779adcda@group-2AFF055A5FD7-FollowerState
2023-01-16 14:42:19,614 [grpc-default-executor-3] INFO  impl.RoleInfo (RoleInfo.java:updateAndGet(139)) - aa7a6908-eed5-4cf8-8df5-4bd7779adcda: start aa7a6908-eed5-4cf8-8df5-4bd7779adcda@group-2AFF055A5FD7-FollowerState
2023-01-16 14:42:19,615 [aa7a6908-eed5-4cf8-8df5-4bd7779adcda@group-2AFF055A5FD7-FollowerState] INFO  impl.FollowerState (FollowerState.java:run(152)) - aa7a6908-eed5-4cf8-8df5-4bd7779adcda@group-2AFF055A5FD7-FollowerState was interrupted
2023-01-16 14:42:19,620 [546a26c7-7703-4678-9acf-4f791a68dfff@group-2AFF055A5FD7-LeaderElection23] INFO  impl.LeaderElection (LeaderElection.java:logAndReturn(90)) - 546a26c7-7703-4678-9acf-4f791a68dfff@group-2AFF055A5FD7-LeaderElection23: ELECTION PASSED received 1 response(s) and 0 exception(s):
2023-01-16 14:42:19,620 [546a26c7-7703-4678-9acf-4f791a68dfff@group-2AFF055A5FD7-LeaderElection23] INFO  impl.LeaderElection (LeaderElection.java:logAndReturn(94)) -   Response 0: 546a26c7-7703-4678-9acf-4f791a68dfff<-a1145108-ddcc-4325-a3dc-9d25daa38a10#0:OK-t5
2023-01-16 14:42:19,620 [546a26c7-7703-4678-9acf-4f791a68dfff@group-2AFF055A5FD7-LeaderElection23] INFO  impl.LeaderElection (LeaderElection.java:askForVotes(314)) - 546a26c7-7703-4678-9acf-4f791a68dfff@group-2AFF055A5FD7-LeaderElection23 ELECTION round 0: result PASSED
2023-01-16 14:42:19,620 [546a26c7-7703-4678-9acf-4f791a68dfff@group-2AFF055A5FD7-LeaderElection23] INFO  impl.RoleInfo (RoleInfo.java:shutdownLeaderElection(130)) - 546a26c7-7703-4678-9acf-4f791a68dfff: shutdown 546a26c7-7703-4678-9acf-4f791a68dfff@group-2AFF055A5FD7-LeaderElection23
2023-01-16 14:42:19,620 [546a26c7-7703-4678-9acf-4f791a68dfff@group-2AFF055A5FD7-LeaderElection23] INFO  server.RaftServer$Division (RaftServerImpl.java:setRole(321)) - 546a26c7-7703-4678-9acf-4f791a68dfff@group-2AFF055A5FD7: changes role from CANDIDATE to LEADER at term 5 for changeToLeader
2023-01-16 14:42:19,620 [546a26c7-7703-4678-9acf-4f791a68dfff@group-2AFF055A5FD7-LeaderElection23] INFO  ratis.XceiverServerRatis (XceiverServerRatis.java:handleLeaderChangedNotification(904)) - Leader change notification received for group: group-2AFF055A5FD7 with new leaderId: 546a26c7-7703-4678-9acf-4f791a68dfff
2023-01-16 14:42:19,629 [546a26c7-7703-4678-9acf-4f791a68dfff@group-2AFF055A5FD7-LeaderElection23] INFO  server.RaftServer$Division (ServerState.java:setLeader(313)) - 546a26c7-7703-4678-9acf-4f791a68dfff@group-2AFF055A5FD7: change Leader from null to 546a26c7-7703-4678-9acf-4f791a68dfff at term 5 for becomeLeader, leader elected after 25395ms
2023-01-16 14:42:19,629 [aa7a6908-eed5-4cf8-8df5-4bd7779adcda@group-2AFF055A5FD7-FollowerState] INFO  server.RaftServerConfigKeys (ConfUtils.java:logFallback(53)) - raft.server.rpc.first-election.timeout.min = 5s (fallback to raft.server.rpc.timeout.min)
2023-01-16 14:42:19,629 [546a26c7-7703-4678-9acf-4f791a68dfff@group-2AFF055A5FD7-LeaderElection23] INFO  server.RaftServerConfigKeys (ConfUtils.java:logGet(46)) - raft.server.staging.catchup.gap = 1000 (default)
2023-01-16 14:42:19,629 [aa7a6908-eed5-4cf8-8df5-4bd7779adcda@group-2AFF055A5FD7-FollowerState] INFO  server.RaftServerConfigKeys (ConfUtils.java:logFallback(53)) - raft.server.rpc.first-election.timeout.max = 5200ms (fallback to raft.server.rpc.timeout.max)
2023-01-16 14:42:19,629 [546a26c7-7703-4678-9acf-4f791a68dfff@group-2AFF055A5FD7-LeaderElection23] INFO  server.RaftServerConfigKeys (ConfUtils.java:logGet(46)) - raft.server.write.element-limit = 1024 (custom)
2023-01-16 14:42:19,629 [546a26c7-7703-4678-9acf-4f791a68dfff@group-2AFF055A5FD7-LeaderElection23] INFO  server.RaftServerConfigKeys (ConfUtils.java:logGet(46)) - raft.server.write.byte-limit = 1024 M (=1073741824) (custom)
2023-01-16 14:42:19,629 [546a26c7-7703-4678-9acf-4f791a68dfff@group-2AFF055A5FD7-LeaderElection23] INFO  server.RaftServerConfigKeys (ConfUtils.java:logGet(46)) - raft.server.watch.timeout = 180s (custom)
2023-01-16 14:42:19,629 [546a26c7-7703-4678-9acf-4f791a68dfff@group-2AFF055A5FD7-LeaderElection23] INFO  server.RaftServerConfigKeys (ConfUtils.java:logGet(46)) - raft.server.watch.timeout.denomination = 1s (default)
2023-01-16 14:42:19,631 [546a26c7-7703-4678-9acf-4f791a68dfff@group-2AFF055A5FD7-LeaderElection23] INFO  server.RaftServerConfigKeys (ConfUtils.java:logGet(46)) - raft.server.watch.element-limit = 65536 (default)
2023-01-16 14:42:19,631 [546a26c7-7703-4678-9acf-4f791a68dfff@group-2AFF055A5FD7-LeaderElection23] INFO  server.RaftServerConfigKeys (ConfUtils.java:logGet(46)) - raft.server.write.element-limit = 1024 (custom)
2023-01-16 14:42:19,631 [546a26c7-7703-4678-9acf-4f791a68dfff@group-2AFF055A5FD7-LeaderElection23] INFO  server.RaftServerConfigKeys (ConfUtils.java:logGet(46)) - raft.server.write.follower.gap.ratio.max = -1.0 (default)
2023-01-16 14:42:19,632 [EventQueue-PipelineReportForPipelineReportHandler] INFO  pipeline.PipelineManagerImpl (PipelineManagerImpl.java:openPipeline(367)) - Pipeline Pipeline[ Id: e57dda55-72c3-4027-835b-2aff055a5fd7, Nodes: 546a26c7-7703-4678-9acf-4f791a68dfff(fv-az203-757.ild0l4k5vsluppoevu2oqvhmda.cx.internal.cloudapp.net/10.1.1.103)aa7a6908-eed5-4cf8-8df5-4bd7779adcda(fv-az203-757.ild0l4k5vsluppoevu2oqvhmda.cx.internal.cloudapp.net/10.1.1.103)a1145108-ddcc-4325-a3dc-9d25daa38a10(fv-az203-757.ild0l4k5vsluppoevu2oqvhmda.cx.internal.cloudapp.net/10.1.1.103), ReplicationConfig: RATIS/THREE, State:ALLOCATED, leaderId:546a26c7-7703-4678-9acf-4f791a68dfff, CreationTimestamp2023-01-16T14:41:51.683Z[Etc/UTC]] moved to OPEN state
2023-01-16 14:42:19,632 [546a26c7-7703-4678-9acf-4f791a68dfff@group-2AFF055A5FD7-LeaderElection23] INFO  server.RaftServerConfigKeys (ConfUtils.java:logGet(46)) - raft.server.log.appender.snapshot.chunk.size.max = 16MB (=16777216) (default)
2023-01-16 14:42:19,632 [546a26c7-7703-4678-9acf-4f791a68dfff@group-2AFF055A5FD7-LeaderElection23] INFO  server.RaftServerConfigKeys (ConfUtils.java:logGet(46)) - raft.server.log.appender.buffer.byte-limit = 33554432 (custom)
2023-01-16 14:42:19,632 [546a26c7-7703-4678-9acf-4f791a68dfff@group-2AFF055A5FD7-LeaderElection23] INFO  server.RaftServerConfigKeys (ConfUtils.java:logGet(46)) - raft.server.log.appender.buffer.element-limit = 1 (custom)
2023-01-16 14:42:19,633 [546a26c7-7703-4678-9acf-4f791a68dfff@group-2AFF055A5FD7-LeaderElection23] INFO  grpc.GrpcConfigKeys (ConfUtils.java:logGet(46)) - raft.grpc.server.leader.outstanding.appends.max = 128 (default)
2023-01-16 14:42:19,633 [546a26c7-7703-4678-9acf-4f791a68dfff@group-2AFF055A5FD7-LeaderElection23] INFO  server.RaftServerConfigKeys (ConfUtils.java:logGet(46)) - raft.server.rpc.request.timeout = 60s (custom)
2023-01-16 14:42:19,633 [546a26c7-7703-4678-9acf-4f791a68dfff@group-2AFF055A5FD7-LeaderElection23] INFO  server.RaftServerConfigKeys (ConfUtils.java:logGet(46)) - raft.server.log.appender.install.snapshot.enabled = false (custom)
2023-01-16 14:42:19,633 [546a26c7-7703-4678-9acf-4f791a68dfff@group-2AFF055A5FD7-LeaderElection23] INFO  grpc.GrpcConfigKeys (ConfUtils.java:logGet(46)) - raft.grpc.server.heartbeat.channel = true (default)
2023-01-16 14:42:19,633 [546a26c7-7703-4678-9acf-4f791a68dfff@group-2AFF055A5FD7-LeaderElection23] INFO  server.RaftServerConfigKeys (ConfUtils.java:logGet(46)) - raft.server.log.appender.wait-time.min = 10ms (default)
2023-01-16 14:42:19,633 [546a26c7-7703-4678-9acf-4f791a68dfff@group-2AFF055A5FD7-LeaderElection23] INFO  server.RaftServerConfigKeys (ConfUtils.java:logGet(46)) - raft.server.log.appender.snapshot.chunk.size.max = 16MB (=16777216) (default)
2023-01-16 14:42:19,633 [546a26c7-7703-4678-9acf-4f791a68dfff@group-2AFF055A5FD7-LeaderElection23] INFO  server.RaftServerConfigKeys (ConfUtils.java:logGet(46)) - raft.server.log.appender.buffer.byte-limit = 33554432 (custom)
2023-01-16 14:42:19,633 [546a26c7-7703-4678-9acf-4f791a68dfff@group-2AFF055A5FD7-LeaderElection23] INFO  server.RaftServerConfigKeys (ConfUtils.java:logGet(46)) - raft.server.log.appender.buffer.element-limit = 1 (custom)
2023-01-16 14:42:19,634 [546a26c7-7703-4678-9acf-4f791a68dfff@group-2AFF055A5FD7-LeaderElection23] INFO  grpc.GrpcConfigKeys (ConfUtils.java:logGet(46)) - raft.grpc.server.leader.outstanding.appends.max = 128 (default)
2023-01-16 14:42:19,634 [546a26c7-7703-4678-9acf-4f791a68dfff@group-2AFF055A5FD7-LeaderElection23] INFO  server.RaftServerConfigKeys (ConfUtils.java:logGet(46)) - raft.server.rpc.request.timeout = 60s (custom)
2023-01-16 14:42:19,634 [546a26c7-7703-4678-9acf-4f791a68dfff@group-2AFF055A5FD7-LeaderElection23] INFO  server.RaftServerConfigKeys (ConfUtils.java:logGet(46)) - raft.server.log.appender.install.snapshot.enabled = false (custom)
2023-01-16 14:42:19,634 [546a26c7-7703-4678-9acf-4f791a68dfff@group-2AFF055A5FD7-LeaderElection23] INFO  grpc.GrpcConfigKeys (ConfUtils.java:logGet(46)) - raft.grpc.server.heartbeat.channel = true (default)
2023-01-16 14:42:19,634 [546a26c7-7703-4678-9acf-4f791a68dfff@group-2AFF055A5FD7-LeaderElection23] INFO  server.RaftServerConfigKeys (ConfUtils.java:logGet(46)) - raft.server.log.appender.wait-time.min = 10ms (default)
2023-01-16 14:42:19,634 [546a26c7-7703-4678-9acf-4f791a68dfff@group-2AFF055A5FD7-LeaderElection23] INFO  impl.RoleInfo (RoleInfo.java:updateAndGet(139)) - 546a26c7-7703-4678-9acf-4f791a68dfff: start 546a26c7-7703-4678-9acf-4f791a68dfff@group-2AFF055A5FD7-LeaderStateImpl
2023-01-16 14:42:19,634 [grpc-default-executor-3] INFO  server.RaftServer$Division (RaftServerImpl.java:requestVote(1251)) - aa7a6908-eed5-4cf8-8df5-4bd7779adcda@group-2AFF055A5FD7 replies to ELECTION vote request: 546a26c7-7703-4678-9acf-4f791a68dfff<-aa7a6908-eed5-4cf8-8df5-4bd7779adcda#0:OK-t5. Peer's state: aa7a6908-eed5-4cf8-8df5-4bd7779adcda@group-2AFF055A5FD7:t5, leader=null, voted=546a26c7-7703-4678-9acf-4f791a68dfff, raftlog=Memoized:aa7a6908-eed5-4cf8-8df5-4bd7779adcda@group-2AFF055A5FD7-SegmentedRaftLog:OPENED:c-1, conf=-1: peers:[a1145108-ddcc-4325-a3dc-9d25daa38a10|rpc:10.1.1.103:33417|dataStream:10.1.1.103:39815|priority:0|startupRole:FOLLOWER, 546a26c7-7703-4678-9acf-4f791a68dfff|rpc:10.1.1.103:38573|dataStream:10.1.1.103:40475|priority:1|startupRole:FOLLOWER, aa7a6908-eed5-4cf8-8df5-4bd7779adcda|rpc:10.1.1.103:46359|dataStream:10.1.1.103:32839|priority:0|startupRole:FOLLOWER]|listeners:[], old=null
2023-01-16 14:42:19,634 [546a26c7-7703-4678-9acf-4f791a68dfff@group-2AFF055A5FD7-LeaderElection23] INFO  segmented.SegmentedRaftLogWorker (SegmentedRaftLogWorker.java:startLogSegment(452)) - 546a26c7-7703-4678-9acf-4f791a68dfff@group-2AFF055A5FD7-SegmentedRaftLogWorker: Starting segment from index:0
2023-01-16 14:42:19,636 [546a26c7-7703-4678-9acf-4f791a68dfff@group-2AFF055A5FD7-SegmentedRaftLogWorker] INFO  segmented.SegmentedRaftLogWorker (SegmentedRaftLogWorker.java:execute(656)) - 546a26c7-7703-4678-9acf-4f791a68dfff@group-2AFF055A5FD7-SegmentedRaftLogWorker: created new log segment /home/runner/work/ozone/ozone/hadoop-ozone/integration-test/target/test-dir/MiniOzoneClusterImpl-bcd49b6a-245a-4637-b4c9-d6b301a8fda7/datanode-4/data/ratis/e57dda55-72c3-4027-835b-2aff055a5fd7/current/log_inprogress_0
2023-01-16 14:42:19,640 [546a26c7-7703-4678-9acf-4f791a68dfff@group-2AFF055A5FD7-LeaderElection23] INFO  server.RaftServer$Division (ServerState.java:setRaftConf(430)) - 546a26c7-7703-4678-9acf-4f791a68dfff@group-2AFF055A5FD7: set configuration 0: peers:[a1145108-ddcc-4325-a3dc-9d25daa38a10|rpc:10.1.1.103:33417|dataStream:10.1.1.103:39815|priority:0|startupRole:FOLLOWER, 546a26c7-7703-4678-9acf-4f791a68dfff|rpc:10.1.1.103:38573|dataStream:10.1.1.103:40475|priority:1|startupRole:FOLLOWER, aa7a6908-eed5-4cf8-8df5-4bd7779adcda|rpc:10.1.1.103:46359|dataStream:10.1.1.103:32839|priority:0|startupRole:FOLLOWER]|listeners:[], old=null
2023-01-16 14:42:19,653 [a1145108-ddcc-4325-a3dc-9d25daa38a10-server-thread2] INFO  ratis.XceiverServerRatis (XceiverServerRatis.java:handleLeaderChangedNotification(904)) - Leader change notification received for group: group-2AFF055A5FD7 with new leaderId: 546a26c7-7703-4678-9acf-4f791a68dfff
2023-01-16 14:42:19,653 [aa7a6908-eed5-4cf8-8df5-4bd7779adcda-server-thread1] INFO  ratis.XceiverServerRatis (XceiverServerRatis.java:handleLeaderChangedNotification(904)) - Leader change notification received for group: group-2AFF055A5FD7 with new leaderId: 546a26c7-7703-4678-9acf-4f791a68dfff
2023-01-16 14:42:19,653 [a1145108-ddcc-4325-a3dc-9d25daa38a10-server-thread2] INFO  server.RaftServer$Division (ServerState.java:setLeader(313)) - a1145108-ddcc-4325-a3dc-9d25daa38a10@group-2AFF055A5FD7: change Leader from null to 546a26c7-7703-4678-9acf-4f791a68dfff at term 5 for appendEntries, leader elected after 25529ms
2023-01-16 14:42:19,653 [aa7a6908-eed5-4cf8-8df5-4bd7779adcda-server-thread1] INFO  server.RaftServer$Division (ServerState.java:setLeader(313)) - aa7a6908-eed5-4cf8-8df5-4bd7779adcda@group-2AFF055A5FD7: change Leader from null to 546a26c7-7703-4678-9acf-4f791a68dfff at term 5 for appendEntries, leader elected after 25363ms
2023-01-16 14:42:19,659 [a1145108-ddcc-4325-a3dc-9d25daa38a10-server-thread1] INFO  server.RaftServer$Division (ServerState.java:setRaftConf(430)) - a1145108-ddcc-4325-a3dc-9d25daa38a10@group-2AFF055A5FD7: set configuration 0: peers:[a1145108-ddcc-4325-a3dc-9d25daa38a10|rpc:10.1.1.103:33417|dataStream:10.1.1.103:39815|priority:0|startupRole:FOLLOWER, 546a26c7-7703-4678-9acf-4f791a68dfff|rpc:10.1.1.103:38573|dataStream:10.1.1.103:40475|priority:1|startupRole:FOLLOWER, aa7a6908-eed5-4cf8-8df5-4bd7779adcda|rpc:10.1.1.103:46359|dataStream:10.1.1.103:32839|priority:0|startupRole:FOLLOWER]|listeners:[], old=null
2023-01-16 14:42:19,659 [a1145108-ddcc-4325-a3dc-9d25daa38a10-server-thread1] INFO  segmented.SegmentedRaftLogWorker (SegmentedRaftLogWorker.java:startLogSegment(452)) - a1145108-ddcc-4325-a3dc-9d25daa38a10@group-2AFF055A5FD7-SegmentedRaftLogWorker: Starting segment from index:0
2023-01-16 14:42:19,661 [a1145108-ddcc-4325-a3dc-9d25daa38a10@group-2AFF055A5FD7-SegmentedRaftLogWorker] INFO  segmented.SegmentedRaftLogWorker (SegmentedRaftLogWorker.java:execute(656)) - a1145108-ddcc-4325-a3dc-9d25daa38a10@group-2AFF055A5FD7-SegmentedRaftLogWorker: created new log segment /home/runner/work/ozone/ozone/hadoop-ozone/integration-test/target/test-dir/MiniOzoneClusterImpl-bcd49b6a-245a-4637-b4c9-d6b301a8fda7/datanode-3/data/ratis/e57dda55-72c3-4027-835b-2aff055a5fd7/current/log_inprogress_0
2023-01-16 14:42:19,663 [aa7a6908-eed5-4cf8-8df5-4bd7779adcda-server-thread1] INFO  server.RaftServer$Division (ServerState.java:setRaftConf(430)) - aa7a6908-eed5-4cf8-8df5-4bd7779adcda@group-2AFF055A5FD7: set configuration 0: peers:[a1145108-ddcc-4325-a3dc-9d25daa38a10|rpc:10.1.1.103:33417|dataStream:10.1.1.103:39815|priority:0|startupRole:FOLLOWER, 546a26c7-7703-4678-9acf-4f791a68dfff|rpc:10.1.1.103:38573|dataStream:10.1.1.103:40475|priority:1|startupRole:FOLLOWER, aa7a6908-eed5-4cf8-8df5-4bd7779adcda|rpc:10.1.1.103:46359|dataStream:10.1.1.103:32839|priority:0|startupRole:FOLLOWER]|listeners:[], old=null
2023-01-16 14:42:19,664 [aa7a6908-eed5-4cf8-8df5-4bd7779adcda-server-thread1] INFO  segmented.SegmentedRaftLogWorker (SegmentedRaftLogWorker.java:startLogSegment(452)) - aa7a6908-eed5-4cf8-8df5-4bd7779adcda@group-2AFF055A5FD7-SegmentedRaftLogWorker: Starting segment from index:0
2023-01-16 14:42:19,665 [aa7a6908-eed5-4cf8-8df5-4bd7779adcda@group-2AFF055A5FD7-SegmentedRaftLogWorker] INFO  segmented.SegmentedRaftLogWorker (SegmentedRaftLogWorker.java:execute(656)) - aa7a6908-eed5-4cf8-8df5-4bd7779adcda@group-2AFF055A5FD7-SegmentedRaftLogWorker: created new log segment /home/runner/work/ozone/ozone/hadoop-ozone/integration-test/target/test-dir/MiniOzoneClusterImpl-bcd49b6a-245a-4637-b4c9-d6b301a8fda7/datanode-5/data/ratis/e57dda55-72c3-4027-835b-2aff055a5fd7/current/log_inprogress_0
2023-01-16 14:42:19,724 [Listener at 127.0.0.1/36907] INFO  ozone.MiniOzoneClusterImpl (MiniOzoneClusterImpl.java:shutdown(450)) - Shutting down the Mini Ozone Cluster
2023-01-16 14:42:19,725 [Listener at 127.0.0.1/36907] INFO  ozone.MiniOzoneClusterImpl (MiniOzoneClusterImpl.java:stop(465)) - Stopping the Mini Ozone Cluster
2023-01-16 14:42:19,725 [Listener at 127.0.0.1/36907] INFO  ozone.MiniOzoneClusterImpl (MiniOzoneClusterImpl.java:stopOM(547)) - Stopping the OzoneManager
2023-01-16 14:42:19,725 [Listener at 127.0.0.1/36907] INFO  om.OzoneManager (OzoneManager.java:stop(2043)) - om1[localhost:0]: Stopping Ozone Manager
2023-01-16 14:42:19,725 [Listener at 127.0.0.1/36907] INFO  ipc.Server (Server.java:stop(3428)) - Stopping server on 36907
2023-01-16 14:42:19,738 [IPC Server listener on 0] INFO  ipc.Server (Server.java:run(1384)) - Stopping IPC Server listener on 0
2023-01-16 14:42:19,739 [IPC Server Responder] INFO  ipc.Server (Server.java:run(1517)) - Stopping IPC Server Responder
2023-01-16 14:42:19,741 [Listener at 127.0.0.1/36907] INFO  server.RaftServer (RaftServerProxy.java:lambda$close$6(409)) - om1: close
2023-01-16 14:42:19,741 [om1-impl-thread1] INFO  server.RaftServer$Division (RaftServerImpl.java:lambda$close$4(458)) - om1@group-C5BA1605619E: shutdown
2023-01-16 14:42:19,741 [om1-impl-thread1] INFO  util.JmxRegister (JmxRegister.java:unregister(73)) - Successfully un-registered JMX Bean with object name Ratis:service=RaftServer,group=group-C5BA1605619E,id=om1
2023-01-16 14:42:19,741 [Listener at 127.0.0.1/36907] INFO  server.GrpcService (GrpcService.java:closeImpl(271)) - om1: shutdown server GrpcServerProtocolService now
2023-01-16 14:42:19,741 [om1-impl-thread1] INFO  impl.RoleInfo (RoleInfo.java:shutdownLeaderState(93)) - om1: shutdown om1@group-C5BA1605619E-LeaderStateImpl
2023-01-16 14:42:19,742 [om1-impl-thread1] INFO  impl.PendingRequests (PendingRequests.java:sendNotLeaderResponses(282)) - om1@group-C5BA1605619E-PendingRequests: sendNotLeaderResponses
2023-01-16 14:42:19,742 [om1-impl-thread1] INFO  impl.StateMachineUpdater (StateMachineUpdater.java:stopAndJoin(153)) - om1@group-C5BA1605619E-StateMachineUpdater: set stopIndex = 0
2023-01-16 14:42:19,742 [om1@group-C5BA1605619E-StateMachineUpdater] INFO  ratis.OzoneManagerStateMachine (OzoneManagerStateMachine.java:takeSnapshot(445)) - Current Snapshot Index (t:1, i:0)
2023-01-16 14:42:19,743 [om1@group-C5BA1605619E-StateMachineUpdater] INFO  impl.StateMachineUpdater (StateMachineUpdater.java:takeSnapshot(287)) - om1@group-C5BA1605619E-StateMachineUpdater: Took a snapshot at index 0
2023-01-16 14:42:19,743 [om1@group-C5BA1605619E-StateMachineUpdater] INFO  impl.StateMachineUpdater (StateMachineUpdater.java:lambda$new$0(92)) - om1@group-C5BA1605619E-StateMachineUpdater: snapshotIndex: updateIncreasingly -1 -> 0
2023-01-16 14:42:19,744 [om1@group-C5BA1605619E-StateMachineUpdater] INFO  ratis.OzoneManagerStateMachine (OzoneManagerStateMachine.java:close(499)) - StateMachine has shutdown. Shutdown OzoneManager if not already shutdown.
2023-01-16 14:42:19,744 [om1@group-C5BA1605619E-StateMachineUpdater] INFO  ratis.OzoneManagerDoubleBuffer (OzoneManagerDoubleBuffer.java:stop(467)) - Stopping OMDoubleBuffer flush thread
2023-01-16 14:42:19,744 [OMDoubleBufferFlushThread] INFO  ratis.OzoneManagerDoubleBuffer (OzoneManagerDoubleBuffer.java:flushTransactions(388)) - OMDoubleBuffer flush thread OMDoubleBufferFlushThread is interrupted and will exit.
2023-01-16 14:42:19,746 [om1-impl-thread1] INFO  server.RaftServer$Division (ServerState.java:close(466)) - om1@group-C5BA1605619E: closes. applyIndex: 0
2023-01-16 14:42:19,746 [om1@group-C5BA1605619E-SegmentedRaftLogWorker] INFO  segmented.SegmentedRaftLogWorker (SegmentedRaftLogWorker.java:run(347)) - om1@group-C5BA1605619E-SegmentedRaftLogWorker was interrupted, exiting. There are 0 tasks remaining in the queue.
2023-01-16 14:42:19,747 [om1-impl-thread1] INFO  segmented.SegmentedRaftLogWorker (SegmentedRaftLogWorker.java:close(257)) - om1@group-C5BA1605619E-SegmentedRaftLogWorker close()
2023-01-16 14:42:19,755 [Listener at 127.0.0.1/36907] INFO  server.GrpcService (GrpcService.java:closeImpl(280)) - om1: shutdown server GrpcServerProtocolService successfully
2023-01-16 14:42:19,756 [om1-NettyServerStreamRpc-bossGroup--thread1] INFO  logging.LoggingHandler (AbstractInternalLogger.java:log(148)) - [id: 0x1eaaa547, L:/0:0:0:0:0:0:0:0:44347] CLOSE
2023-01-16 14:42:19,757 [om1-NettyServerStreamRpc-bossGroup--thread1] INFO  logging.LoggingHandler (AbstractInternalLogger.java:log(148)) - [id: 0x1eaaa547, L:/0:0:0:0:0:0:0:0:44347] INACTIVE
2023-01-16 14:42:19,757 [om1-NettyServerStreamRpc-bossGroup--thread1] INFO  logging.LoggingHandler (AbstractInternalLogger.java:log(148)) - [id: 0x1eaaa547, L:/0:0:0:0:0:0:0:0:44347] UNREGISTERED
2023-01-16 14:42:19,773 [JvmPauseMonitor0] INFO  util.JvmPauseMonitor (JvmPauseMonitor.java:run(111)) - JvmPauseMonitor-om1: Stopped
2023-01-16 14:42:19,773 [Listener at 127.0.0.1/36907] INFO  ratis.OzoneManagerStateMachine (OzoneManagerStateMachine.java:close(499)) - StateMachine has shutdown. Shutdown OzoneManager if not already shutdown.
2023-01-16 14:42:19,774 [Listener at 127.0.0.1/36907] INFO  ratis.OzoneManagerDoubleBuffer (OzoneManagerDoubleBuffer.java:stop(479)) - OMDoubleBuffer flush thread is not running.
2023-01-16 14:42:19,774 [Listener at 127.0.0.1/36907] INFO  utils.BackgroundService (BackgroundService.java:shutdown(141)) - Shutting down service KeyDeletingService
2023-01-16 14:42:19,775 [Listener at 127.0.0.1/36907] INFO  utils.BackgroundService (BackgroundService.java:shutdown(141)) - Shutting down service DirectoryDeletingService
2023-01-16 14:42:19,775 [Listener at 127.0.0.1/36907] INFO  utils.BackgroundService (BackgroundService.java:shutdown(141)) - Shutting down service OpenKeyCleanupService
2023-01-16 14:42:19,777 [Listener at 127.0.0.1/36907] INFO  handler.ContextHandler (ContextHandler.java:doStop(1159)) - Stopped o.e.j.w.WebAppContext@430925e0{ozoneManager,/,null,STOPPED}{file:/home/runner/work/ozone/ozone/hadoop-ozone/integration-test/target/test-classes/webapps/ozoneManager}
2023-01-16 14:42:19,781 [Listener at 127.0.0.1/36907] INFO  server.AbstractConnector (AbstractConnector.java:doStop(383)) - Stopped ServerConnector@22cf2c40{HTTP/1.1, (http/1.1)}{0.0.0.0:0}
2023-01-16 14:42:19,781 [Listener at 127.0.0.1/36907] INFO  server.session (HouseKeeper.java:stopScavenging(149)) - node0 Stopped scavenging
2023-01-16 14:42:19,781 [Listener at 127.0.0.1/36907] INFO  handler.ContextHandler (ContextHandler.java:doStop(1159)) - Stopped o.e.j.s.ServletContextHandler@742d195f{static,/static,file:///home/runner/work/ozone/ozone/hadoop-ozone/integration-test/target/test-classes/webapps/static,STOPPED}
2023-01-16 14:42:19,781 [Listener at 127.0.0.1/36907] INFO  handler.ContextHandler (ContextHandler.java:doStop(1159)) - Stopped o.e.j.s.ServletContextHandler@223cd181{logs,/logs,file:///home/runner/work/ozone/ozone/hadoop-ozone/integration-test/target/log,STOPPED}
2023-01-16 14:42:19,790 [Listener at 127.0.0.1/36907] INFO  ozone.MiniOzoneClusterImpl (MiniOzoneClusterImpl.java:stopDatanodes(524)) - Stopping the HddsDatanodes
2023-01-16 14:42:19,793 [Listener at 127.0.0.1/36907] INFO  ozoneimpl.OzoneContainer (OzoneContainer.java:stop(417)) - Attempting to stop container services.
2023-01-16 14:42:19,796 [Listener at 127.0.0.1/36907] INFO  server.RaftServer (RaftServerProxy.java:lambda$close$6(409)) - a1145108-ddcc-4325-a3dc-9d25daa38a10: close
2023-01-16 14:42:19,796 [a1145108-ddcc-4325-a3dc-9d25daa38a10-impl-thread1] INFO  server.RaftServer$Division (RaftServerImpl.java:lambda$close$4(458)) - a1145108-ddcc-4325-a3dc-9d25daa38a10@group-2AFF055A5FD7: shutdown
2023-01-16 14:42:19,796 [a1145108-ddcc-4325-a3dc-9d25daa38a10-impl-thread1] INFO  util.JmxRegister (JmxRegister.java:unregister(73)) - Successfully un-registered JMX Bean with object name Ratis:service=RaftServer,group=group-2AFF055A5FD7,id=a1145108-ddcc-4325-a3dc-9d25daa38a10
2023-01-16 14:42:19,796 [a1145108-ddcc-4325-a3dc-9d25daa38a10-impl-thread1] INFO  impl.RoleInfo (RoleInfo.java:shutdownFollowerState(110)) - a1145108-ddcc-4325-a3dc-9d25daa38a10: shutdown a1145108-ddcc-4325-a3dc-9d25daa38a10@group-2AFF055A5FD7-FollowerState
2023-01-16 14:42:19,796 [a1145108-ddcc-4325-a3dc-9d25daa38a10-impl-thread1] INFO  impl.StateMachineUpdater (StateMachineUpdater.java:stopAndJoin(153)) - a1145108-ddcc-4325-a3dc-9d25daa38a10@group-2AFF055A5FD7-StateMachineUpdater: set stopIndex = 0
2023-01-16 14:42:19,796 [a1145108-ddcc-4325-a3dc-9d25daa38a10@group-2AFF055A5FD7-FollowerState] INFO  impl.FollowerState (FollowerState.java:run(152)) - a1145108-ddcc-4325-a3dc-9d25daa38a10@group-2AFF055A5FD7-FollowerState was interrupted
2023-01-16 14:42:19,797 [a1145108-ddcc-4325-a3dc-9d25daa38a10-impl-thread2] INFO  server.RaftServer$Division (RaftServerImpl.java:lambda$close$4(458)) - a1145108-ddcc-4325-a3dc-9d25daa38a10@group-41A4BCDBBC85: shutdown
2023-01-16 14:42:19,797 [a1145108-ddcc-4325-a3dc-9d25daa38a10@group-2AFF055A5FD7-StateMachineUpdater] INFO  ratis.ContainerStateMachine (ContainerStateMachine.java:takeSnapshot(308)) - group-2AFF055A5FD7: Taking a snapshot at:(t:5, i:0) file /home/runner/work/ozone/ozone/hadoop-ozone/integration-test/target/test-dir/MiniOzoneClusterImpl-bcd49b6a-245a-4637-b4c9-d6b301a8fda7/datanode-3/data/ratis/e57dda55-72c3-4027-835b-2aff055a5fd7/sm/snapshot.5_0
2023-01-16 14:42:19,797 [Listener at 127.0.0.1/36907] INFO  server.GrpcService (GrpcService.java:closeImpl(271)) - a1145108-ddcc-4325-a3dc-9d25daa38a10: shutdown server GrpcServerProtocolService now
2023-01-16 14:42:19,799 [a1145108-ddcc-4325-a3dc-9d25daa38a10@group-2AFF055A5FD7-StateMachineUpdater] INFO  ratis.ContainerStateMachine (ContainerStateMachine.java:takeSnapshot(319)) - group-2AFF055A5FD7: Finished taking a snapshot at:(t:5, i:0) file:/home/runner/work/ozone/ozone/hadoop-ozone/integration-test/target/test-dir/MiniOzoneClusterImpl-bcd49b6a-245a-4637-b4c9-d6b301a8fda7/datanode-3/data/ratis/e57dda55-72c3-4027-835b-2aff055a5fd7/sm/snapshot.5_0 took: 2 ms
2023-01-16 14:42:19,799 [a1145108-ddcc-4325-a3dc-9d25daa38a10@group-2AFF055A5FD7-StateMachineUpdater] INFO  impl.StateMachineUpdater (StateMachineUpdater.java:takeSnapshot(287)) - a1145108-ddcc-4325-a3dc-9d25daa38a10@group-2AFF055A5FD7-StateMachineUpdater: Took a snapshot at index 0
2023-01-16 14:42:19,799 [a1145108-ddcc-4325-a3dc-9d25daa38a10@group-2AFF055A5FD7-StateMachineUpdater] INFO  impl.StateMachineUpdater (StateMachineUpdater.java:lambda$new$0(92)) - a1145108-ddcc-4325-a3dc-9d25daa38a10@group-2AFF055A5FD7-StateMachineUpdater: snapshotIndex: updateIncreasingly -1 -> 0
2023-01-16 14:42:19,800 [a1145108-ddcc-4325-a3dc-9d25daa38a10-impl-thread1] INFO  server.RaftServer$Division (ServerState.java:close(466)) - a1145108-ddcc-4325-a3dc-9d25daa38a10@group-2AFF055A5FD7: closes. applyIndex: 0
2023-01-16 14:42:19,800 [a1145108-ddcc-4325-a3dc-9d25daa38a10@group-2AFF055A5FD7-SegmentedRaftLogWorker] INFO  segmented.SegmentedRaftLogWorker (SegmentedRaftLogWorker.java:run(347)) - a1145108-ddcc-4325-a3dc-9d25daa38a10@group-2AFF055A5FD7-SegmentedRaftLogWorker was interrupted, exiting. There are 0 tasks remaining in the queue.
2023-01-16 14:42:19,797 [a1145108-ddcc-4325-a3dc-9d25daa38a10-impl-thread2] INFO  util.JmxRegister (JmxRegister.java:unregister(73)) - Successfully un-registered JMX Bean with object name Ratis:service=RaftServer,group=group-41A4BCDBBC85,id=a1145108-ddcc-4325-a3dc-9d25daa38a10
2023-01-16 14:42:19,804 [ForkJoinPool.commonPool-worker-0] INFO  ozoneimpl.OzoneContainer (OzoneContainer.java:stop(417)) - Attempting to stop container services.
2023-01-16 14:42:19,808 [grpc-default-executor-1] WARN  server.GrpcServerProtocolService (LogUtils.java:warn(122)) - a1145108-ddcc-4325-a3dc-9d25daa38a10: installSnapshot onError, lastRequest: aa7a6908-eed5-4cf8-8df5-4bd7779adcda->a1145108-ddcc-4325-a3dc-9d25daa38a10#1-t4,previous=(t:0, i:0),leaderCommit=-1,initializing? true,entries: size=1, first=(t:4, i:0), CONFIGURATIONENTRY(current:id: "a1145108-ddcc-4325-a3dc-9d25daa38a10"
address: "10.1.1.103:33417"
dataStreamAddress: "10.1.1.103:39815"
clientAddress: "10.1.1.103:33417"
adminAddress: "10.1.1.103:33417"
startupRole: FOLLOWER
,id: "546a26c7-7703-4678-9acf-4f791a68dfff"
address: "10.1.1.103:38573"
dataStreamAddress: "10.1.1.103:40475"
clientAddress: "10.1.1.103:38573"
adminAddress: "10.1.1.103:38573"
startupRole: FOLLOWER
,id: "aa7a6908-eed5-4cf8-8df5-4bd7779adcda"
address: "10.1.1.103:46359"
priority: 1
dataStreamAddress: "10.1.1.103:32839"
clientAddress: "10.1.1.103:46359"
adminAddress: "10.1.1.103:46359"
startupRole: FOLLOWER
, old:): org.apache.ratis.thirdparty.io.grpc.StatusRuntimeException: CANCELLED: client cancelled
2023-01-16 14:42:19,808 [grpc-default-executor-2] WARN  server.GrpcServerProtocolService (LogUtils.java:warn(122)) - a1145108-ddcc-4325-a3dc-9d25daa38a10: installSnapshot onError, lastRequest: 546a26c7-7703-4678-9acf-4f791a68dfff->a1145108-ddcc-4325-a3dc-9d25daa38a10#1-t5,previous=(t:0, i:0),leaderCommit=0,initializing? true,entries: size=1, first=(t:5, i:0), CONFIGURATIONENTRY(current:id: "a1145108-ddcc-4325-a3dc-9d25daa38a10"
address: "10.1.1.103:33417"
dataStreamAddress: "10.1.1.103:39815"
clientAddress: "10.1.1.103:33417"
adminAddress: "10.1.1.103:33417"
startupRole: FOLLOWER
,id: "546a26c7-7703-4678-9acf-4f791a68dfff"
address: "10.1.1.103:38573"
priority: 1
dataStreamAddress: "10.1.1.103:40475"
clientAddress: "10.1.1.103:38573"
adminAddress: "10.1.1.103:38573"
startupRole: FOLLOWER
,id: "aa7a6908-eed5-4cf8-8df5-4bd7779adcda"
address: "10.1.1.103:46359"
dataStreamAddress: "10.1.1.103:32839"
clientAddress: "10.1.1.103:46359"
adminAddress: "10.1.1.103:46359"
startupRole: FOLLOWER
, old:): org.apache.ratis.thirdparty.io.grpc.StatusRuntimeException: CANCELLED: client cancelled
2023-01-16 14:42:19,806 [grpc-default-executor-5] WARN  server.GrpcServerProtocolService (LogUtils.java:warn(122)) - a1145108-ddcc-4325-a3dc-9d25daa38a10: installSnapshot onError, lastRequest: null: org.apache.ratis.thirdparty.io.grpc.StatusRuntimeException: CANCELLED: client cancelled
2023-01-16 14:42:19,805 [grpc-default-executor-3] WARN  server.GrpcServerProtocolService (LogUtils.java:warn(122)) - a1145108-ddcc-4325-a3dc-9d25daa38a10: installSnapshot onError, lastRequest: null: org.apache.ratis.thirdparty.io.grpc.StatusRuntimeException: CANCELLED: client cancelled
2023-01-16 14:42:19,812 [ForkJoinPool.commonPool-worker-0] INFO  server.RaftServer (RaftServerProxy.java:lambda$close$6(409)) - f3cb6aab-e792-43b9-8109-2d5521605a5b: close
2023-01-16 14:42:19,812 [grpc-default-executor-1] WARN  server.GrpcLogAppender (LogUtils.java:warn(122)) - aa7a6908-eed5-4cf8-8df5-4bd7779adcda@group-41A4BCDBBC85->a1145108-ddcc-4325-a3dc-9d25daa38a10-AppendLogResponseHandler: Failed appendEntries: org.apache.ratis.thirdparty.io.grpc.StatusRuntimeException: CANCELLED: RST_STREAM closed stream. HTTP/2 error code: CANCEL
2023-01-16 14:42:19,812 [grpc-default-executor-1] WARN  server.GrpcLogAppender (GrpcLogAppender.java:resetClient(131)) - aa7a6908-eed5-4cf8-8df5-4bd7779adcda@group-41A4BCDBBC85->a1145108-ddcc-4325-a3dc-9d25daa38a10-GrpcLogAppender: Leader has not got in touch with Follower aa7a6908-eed5-4cf8-8df5-4bd7779adcda@group-41A4BCDBBC85->a1145108-ddcc-4325-a3dc-9d25daa38a10(c0,m0,n1, attendVote=true, lastRpcSendTime=148, lastRpcResponseTime=145) yet, just keep nextIndex unchanged and retry.
2023-01-16 14:42:19,804 [a1145108-ddcc-4325-a3dc-9d25daa38a10-impl-thread3] INFO  server.RaftServer$Division (RaftServerImpl.java:lambda$close$4(458)) - a1145108-ddcc-4325-a3dc-9d25daa38a10@group-5AD360400D61: shutdown
2023-01-16 14:42:19,804 [Listener at 127.0.0.1/36907] INFO  server.GrpcServerProtocolClient (GrpcServerProtocolClient.java:close(101)) - 546a26c7-7703-4678-9acf-4f791a68dfff Close channels
2023-01-16 14:42:19,812 [f3cb6aab-e792-43b9-8109-2d5521605a5b-impl-thread1] INFO  server.RaftServer$Division (RaftServerImpl.java:lambda$close$4(458)) - f3cb6aab-e792-43b9-8109-2d5521605a5b@group-D92613AF601F: shutdown
2023-01-16 14:42:19,812 [f3cb6aab-e792-43b9-8109-2d5521605a5b-impl-thread1] INFO  util.JmxRegister (JmxRegister.java:unregister(73)) - Successfully un-registered JMX Bean with object name Ratis:service=RaftServer,group=group-D92613AF601F,id=f3cb6aab-e792-43b9-8109-2d5521605a5b
2023-01-16 14:42:19,804 [a1145108-ddcc-4325-a3dc-9d25daa38a10-impl-thread2] INFO  impl.RoleInfo (RoleInfo.java:shutdownFollowerState(110)) - a1145108-ddcc-4325-a3dc-9d25daa38a10: shutdown a1145108-ddcc-4325-a3dc-9d25daa38a10@group-41A4BCDBBC85-FollowerState
2023-01-16 14:42:19,813 [ForkJoinPool.commonPool-worker-0] INFO  server.GrpcService (GrpcService.java:closeImpl(271)) - f3cb6aab-e792-43b9-8109-2d5521605a5b: shutdown server GrpcServerProtocolService now
2023-01-16 14:42:19,813 [a1145108-ddcc-4325-a3dc-9d25daa38a10@group-41A4BCDBBC85-FollowerState] INFO  impl.FollowerState (FollowerState.java:run(152)) - a1145108-ddcc-4325-a3dc-9d25daa38a10@group-41A4BCDBBC85-FollowerState was interrupted
2023-01-16 14:42:19,803 [a1145108-ddcc-4325-a3dc-9d25daa38a10-impl-thread1] INFO  segmented.SegmentedRaftLogWorker (SegmentedRaftLogWorker.java:close(257)) - a1145108-ddcc-4325-a3dc-9d25daa38a10@group-2AFF055A5FD7-SegmentedRaftLogWorker close()
2023-01-16 14:42:19,813 [f3cb6aab-e792-43b9-8109-2d5521605a5b-impl-thread1] INFO  impl.RoleInfo (RoleInfo.java:shutdownLeaderState(93)) - f3cb6aab-e792-43b9-8109-2d5521605a5b: shutdown f3cb6aab-e792-43b9-8109-2d5521605a5b@group-D92613AF601F-LeaderStateImpl
2023-01-16 14:42:19,813 [f3cb6aab-e792-43b9-8109-2d5521605a5b-impl-thread1] INFO  impl.PendingRequests (PendingRequests.java:sendNotLeaderResponses(282)) - f3cb6aab-e792-43b9-8109-2d5521605a5b@group-D92613AF601F-PendingRequests: sendNotLeaderResponses
2023-01-16 14:42:19,813 [a1145108-ddcc-4325-a3dc-9d25daa38a10@group-41A4BCDBBC85-StateMachineUpdater] INFO  ratis.ContainerStateMachine (ContainerStateMachine.java:takeSnapshot(308)) - group-41A4BCDBBC85: Taking a snapshot at:(t:4, i:0) file /home/runner/work/ozone/ozone/hadoop-ozone/integration-test/target/test-dir/MiniOzoneClusterImpl-bcd49b6a-245a-4637-b4c9-d6b301a8fda7/datanode-3/data/ratis/7f085c46-837a-4d4b-82af-41a4bcdbbc85/sm/snapshot.4_0
2023-01-16 14:42:19,813 [f3cb6aab-e792-43b9-8109-2d5521605a5b-impl-thread1] INFO  impl.StateMachineUpdater (StateMachineUpdater.java:stopAndJoin(153)) - f3cb6aab-e792-43b9-8109-2d5521605a5b@group-D92613AF601F-StateMachineUpdater: set stopIndex = 0
2023-01-16 14:42:19,813 [a1145108-ddcc-4325-a3dc-9d25daa38a10-impl-thread2] INFO  impl.StateMachineUpdater (StateMachineUpdater.java:stopAndJoin(153)) - a1145108-ddcc-4325-a3dc-9d25daa38a10@group-41A4BCDBBC85-StateMachineUpdater: set stopIndex = 0
2023-01-16 14:42:19,814 [f3cb6aab-e792-43b9-8109-2d5521605a5b@group-D92613AF601F-StateMachineUpdater] INFO  ratis.ContainerStateMachine (ContainerStateMachine.java:takeSnapshot(308)) - group-D92613AF601F: Taking a snapshot at:(t:1, i:0) file /home/runner/work/ozone/ozone/hadoop-ozone/integration-test/target/test-dir/MiniOzoneClusterImpl-bcd49b6a-245a-4637-b4c9-d6b301a8fda7/datanode-1/data/ratis/854b0b2a-f1b6-4637-ba5a-d92613af601f/sm/snapshot.1_0
2023-01-16 14:42:19,814 [f3cb6aab-e792-43b9-8109-2d5521605a5b@group-D92613AF601F-StateMachineUpdater] INFO  ratis.ContainerStateMachine (ContainerStateMachine.java:takeSnapshot(319)) - group-D92613AF601F: Finished taking a snapshot at:(t:1, i:0) file:/home/runner/work/ozone/ozone/hadoop-ozone/integration-test/target/test-dir/MiniOzoneClusterImpl-bcd49b6a-245a-4637-b4c9-d6b301a8fda7/datanode-1/data/ratis/854b0b2a-f1b6-4637-ba5a-d92613af601f/sm/snapshot.1_0 took: 1 ms
2023-01-16 14:42:19,814 [f3cb6aab-e792-43b9-8109-2d5521605a5b@group-D92613AF601F-StateMachineUpdater] INFO  impl.StateMachineUpdater (StateMachineUpdater.java:takeSnapshot(287)) - f3cb6aab-e792-43b9-8109-2d5521605a5b@group-D92613AF601F-StateMachineUpdater: Took a snapshot at index 0
2023-01-16 14:42:19,815 [f3cb6aab-e792-43b9-8109-2d5521605a5b@group-D92613AF601F-StateMachineUpdater] INFO  impl.StateMachineUpdater (StateMachineUpdater.java:lambda$new$0(92)) - f3cb6aab-e792-43b9-8109-2d5521605a5b@group-D92613AF601F-StateMachineUpdater: snapshotIndex: updateIncreasingly -1 -> 0
2023-01-16 14:42:19,815 [f3cb6aab-e792-43b9-8109-2d5521605a5b-impl-thread1] INFO  server.RaftServer$Division (ServerState.java:close(466)) - f3cb6aab-e792-43b9-8109-2d5521605a5b@group-D92613AF601F: closes. applyIndex: 0
2023-01-16 14:42:19,815 [f3cb6aab-e792-43b9-8109-2d5521605a5b@group-D92613AF601F-SegmentedRaftLogWorker] INFO  segmented.SegmentedRaftLogWorker (SegmentedRaftLogWorker.java:run(347)) - f3cb6aab-e792-43b9-8109-2d5521605a5b@group-D92613AF601F-SegmentedRaftLogWorker was interrupted, exiting. There are 0 tasks remaining in the queue.
2023-01-16 14:42:19,816 [a1145108-ddcc-4325-a3dc-9d25daa38a10@group-41A4BCDBBC85-StateMachineUpdater] INFO  ratis.ContainerStateMachine (ContainerStateMachine.java:takeSnapshot(319)) - group-41A4BCDBBC85: Finished taking a snapshot at:(t:4, i:0) file:/home/runner/work/ozone/ozone/hadoop-ozone/integration-test/target/test-dir/MiniOzoneClusterImpl-bcd49b6a-245a-4637-b4c9-d6b301a8fda7/datanode-3/data/ratis/7f085c46-837a-4d4b-82af-41a4bcdbbc85/sm/snapshot.4_0 took: 2 ms
2023-01-16 14:42:19,816 [a1145108-ddcc-4325-a3dc-9d25daa38a10@group-41A4BCDBBC85-StateMachineUpdater] INFO  impl.StateMachineUpdater (StateMachineUpdater.java:takeSnapshot(287)) - a1145108-ddcc-4325-a3dc-9d25daa38a10@group-41A4BCDBBC85-StateMachineUpdater: Took a snapshot at index 0
2023-01-16 14:42:19,816 [a1145108-ddcc-4325-a3dc-9d25daa38a10@group-41A4BCDBBC85-StateMachineUpdater] INFO  impl.StateMachineUpdater (StateMachineUpdater.java:lambda$new$0(92)) - a1145108-ddcc-4325-a3dc-9d25daa38a10@group-41A4BCDBBC85-StateMachineUpdater: snapshotIndex: updateIncreasingly -1 -> 0
2023-01-16 14:42:19,817 [a1145108-ddcc-4325-a3dc-9d25daa38a10-impl-thread2] INFO  server.RaftServer$Division (ServerState.java:close(466)) - a1145108-ddcc-4325-a3dc-9d25daa38a10@group-41A4BCDBBC85: closes. applyIndex: 0
2023-01-16 14:42:19,817 [a1145108-ddcc-4325-a3dc-9d25daa38a10@group-41A4BCDBBC85-SegmentedRaftLogWorker] INFO  segmented.SegmentedRaftLogWorker (SegmentedRaftLogWorker.java:run(347)) - a1145108-ddcc-4325-a3dc-9d25daa38a10@group-41A4BCDBBC85-SegmentedRaftLogWorker was interrupted, exiting. There are 0 tasks remaining in the queue.
2023-01-16 14:42:19,821 [a1145108-ddcc-4325-a3dc-9d25daa38a10-impl-thread3] INFO  util.JmxRegister (JmxRegister.java:unregister(73)) - Successfully un-registered JMX Bean with object name Ratis:service=RaftServer,group=group-5AD360400D61,id=a1145108-ddcc-4325-a3dc-9d25daa38a10
2023-01-16 14:42:19,821 [a1145108-ddcc-4325-a3dc-9d25daa38a10-impl-thread3] INFO  impl.RoleInfo (RoleInfo.java:shutdownLeaderState(93)) - a1145108-ddcc-4325-a3dc-9d25daa38a10: shutdown a1145108-ddcc-4325-a3dc-9d25daa38a10@group-5AD360400D61-LeaderStateImpl
2023-01-16 14:42:19,821 [a1145108-ddcc-4325-a3dc-9d25daa38a10-impl-thread3] INFO  impl.PendingRequests (PendingRequests.java:sendNotLeaderResponses(282)) - a1145108-ddcc-4325-a3dc-9d25daa38a10@group-5AD360400D61-PendingRequests: sendNotLeaderResponses
2023-01-16 14:42:19,822 [a1145108-ddcc-4325-a3dc-9d25daa38a10-impl-thread3] INFO  impl.StateMachineUpdater (StateMachineUpdater.java:stopAndJoin(153)) - a1145108-ddcc-4325-a3dc-9d25daa38a10@group-5AD360400D61-StateMachineUpdater: set stopIndex = 0
2023-01-16 14:42:19,822 [a1145108-ddcc-4325-a3dc-9d25daa38a10@group-5AD360400D61-StateMachineUpdater] INFO  ratis.ContainerStateMachine (ContainerStateMachine.java:takeSnapshot(308)) - group-5AD360400D61: Taking a snapshot at:(t:1, i:0) file /home/runner/work/ozone/ozone/hadoop-ozone/integration-test/target/test-dir/MiniOzoneClusterImpl-bcd49b6a-245a-4637-b4c9-d6b301a8fda7/datanode-3/data/ratis/812bb351-50d2-4cb7-9650-5ad360400d61/sm/snapshot.1_0
2023-01-16 14:42:19,823 [ForkJoinPool.commonPool-worker-0] INFO  server.GrpcServerProtocolClient (GrpcServerProtocolClient.java:close(101)) - 16b0a967-ef5a-4382-99c2-95b744fea4a1 Close channels
2023-01-16 14:42:19,824 [a1145108-ddcc-4325-a3dc-9d25daa38a10@group-5AD360400D61-StateMachineUpdater] INFO  ratis.ContainerStateMachine (ContainerStateMachine.java:takeSnapshot(319)) - group-5AD360400D61: Finished taking a snapshot at:(t:1, i:0) file:/home/runner/work/ozone/ozone/hadoop-ozone/integration-test/target/test-dir/MiniOzoneClusterImpl-bcd49b6a-245a-4637-b4c9-d6b301a8fda7/datanode-3/data/ratis/812bb351-50d2-4cb7-9650-5ad360400d61/sm/snapshot.1_0 took: 2 ms
2023-01-16 14:42:19,824 [a1145108-ddcc-4325-a3dc-9d25daa38a10@group-5AD360400D61-StateMachineUpdater] INFO  impl.StateMachineUpdater (StateMachineUpdater.java:takeSnapshot(287)) - a1145108-ddcc-4325-a3dc-9d25daa38a10@group-5AD360400D61-StateMachineUpdater: Took a snapshot at index 0
2023-01-16 14:42:19,824 [a1145108-ddcc-4325-a3dc-9d25daa38a10@group-5AD360400D61-StateMachineUpdater] INFO  impl.StateMachineUpdater (StateMachineUpdater.java:lambda$new$0(92)) - a1145108-ddcc-4325-a3dc-9d25daa38a10@group-5AD360400D61-StateMachineUpdater: snapshotIndex: updateIncreasingly -1 -> 0
2023-01-16 14:42:19,825 [a1145108-ddcc-4325-a3dc-9d25daa38a10-impl-thread3] INFO  server.RaftServer$Division (ServerState.java:close(466)) - a1145108-ddcc-4325-a3dc-9d25daa38a10@group-5AD360400D61: closes. applyIndex: 0
2023-01-16 14:42:19,828 [ForkJoinPool.commonPool-worker-0] INFO  server.GrpcServerProtocolClient (GrpcServerProtocolClient.java:close(101)) - d8f5a1f3-e512-499d-ae8e-3cd02accfea1 Close channels
2023-01-16 14:42:19,828 [a1145108-ddcc-4325-a3dc-9d25daa38a10@group-5AD360400D61-SegmentedRaftLogWorker] INFO  segmented.SegmentedRaftLogWorker (SegmentedRaftLogWorker.java:run(347)) - a1145108-ddcc-4325-a3dc-9d25daa38a10@group-5AD360400D61-SegmentedRaftLogWorker was interrupted, exiting. There are 0 tasks remaining in the queue.
2023-01-16 14:42:19,827 [f3cb6aab-e792-43b9-8109-2d5521605a5b-impl-thread1] INFO  segmented.SegmentedRaftLogWorker (SegmentedRaftLogWorker.java:close(257)) - f3cb6aab-e792-43b9-8109-2d5521605a5b@group-D92613AF601F-SegmentedRaftLogWorker close()
2023-01-16 14:42:19,829 [grpc-default-executor-3] WARN  server.GrpcLogAppender (LogUtils.java:warn(122)) - aa7a6908-eed5-4cf8-8df5-4bd7779adcda@group-41A4BCDBBC85->a1145108-ddcc-4325-a3dc-9d25daa38a10-AppendLogResponseHandler: Failed appendEntries: org.apache.ratis.thirdparty.io.grpc.StatusRuntimeException: CANCELLED: RST_STREAM closed stream. HTTP/2 error code: CANCEL
2023-01-16 14:42:19,830 [grpc-default-executor-3] WARN  server.GrpcLogAppender (GrpcLogAppender.java:resetClient(131)) - aa7a6908-eed5-4cf8-8df5-4bd7779adcda@group-41A4BCDBBC85->a1145108-ddcc-4325-a3dc-9d25daa38a10-GrpcLogAppender: Leader has not got in touch with Follower aa7a6908-eed5-4cf8-8df5-4bd7779adcda@group-41A4BCDBBC85->a1145108-ddcc-4325-a3dc-9d25daa38a10(c0,m0,n1, attendVote=true, lastRpcSendTime=165, lastRpcResponseTime=163) yet, just keep nextIndex unchanged and retry.
2023-01-16 14:42:19,830 [grpc-default-executor-3] WARN  server.GrpcLogAppender (LogUtils.java:warn(122)) - 546a26c7-7703-4678-9acf-4f791a68dfff@group-2AFF055A5FD7->a1145108-ddcc-4325-a3dc-9d25daa38a10-AppendLogResponseHandler: Failed appendEntries: org.apache.ratis.thirdparty.io.grpc.StatusRuntimeException: CANCELLED: RST_STREAM closed stream. HTTP/2 error code: CANCEL
2023-01-16 14:42:19,830 [grpc-default-executor-3] WARN  server.GrpcLogAppender (GrpcLogAppender.java:resetClient(131)) - 546a26c7-7703-4678-9acf-4f791a68dfff@group-2AFF055A5FD7->a1145108-ddcc-4325-a3dc-9d25daa38a10-GrpcLogAppender: Leader has not got in touch with Follower 546a26c7-7703-4678-9acf-4f791a68dfff@group-2AFF055A5FD7->a1145108-ddcc-4325-a3dc-9d25daa38a10(c0,m0,n1, attendVote=true, lastRpcSendTime=189, lastRpcResponseTime=166) yet, just keep nextIndex unchanged and retry.
2023-01-16 14:42:19,827 [a1145108-ddcc-4325-a3dc-9d25daa38a10-impl-thread2] INFO  segmented.SegmentedRaftLogWorker (SegmentedRaftLogWorker.java:close(257)) - a1145108-ddcc-4325-a3dc-9d25daa38a10@group-41A4BCDBBC85-SegmentedRaftLogWorker close()
2023-01-16 14:42:19,833 [grpc-default-executor-1] WARN  server.GrpcLogAppender (LogUtils.java:warn(122)) - 546a26c7-7703-4678-9acf-4f791a68dfff@group-2AFF055A5FD7->a1145108-ddcc-4325-a3dc-9d25daa38a10-AppendLogResponseHandler: Failed appendEntries: org.apache.ratis.thirdparty.io.grpc.StatusRuntimeException: CANCELLED: RST_STREAM closed stream. HTTP/2 error code: CANCEL
2023-01-16 14:42:19,833 [grpc-default-executor-1] WARN  server.GrpcLogAppender (GrpcLogAppender.java:resetClient(131)) - 546a26c7-7703-4678-9acf-4f791a68dfff@group-2AFF055A5FD7->a1145108-ddcc-4325-a3dc-9d25daa38a10-GrpcLogAppender: Leader has not got in touch with Follower 546a26c7-7703-4678-9acf-4f791a68dfff@group-2AFF055A5FD7->a1145108-ddcc-4325-a3dc-9d25daa38a10(c0,m0,n1, attendVote=true, lastRpcSendTime=192, lastRpcResponseTime=169) yet, just keep nextIndex unchanged and retry.
2023-01-16 14:42:19,834 [a1145108-ddcc-4325-a3dc-9d25daa38a10-impl-thread3] INFO  segmented.SegmentedRaftLogWorker (SegmentedRaftLogWorker.java:close(257)) - a1145108-ddcc-4325-a3dc-9d25daa38a10@group-5AD360400D61-SegmentedRaftLogWorker close()
2023-01-16 14:42:19,834 [Listener at 127.0.0.1/36907] INFO  server.GrpcServerProtocolClient (GrpcServerProtocolClient.java:close(101)) - aa7a6908-eed5-4cf8-8df5-4bd7779adcda Close channels
2023-01-16 14:42:19,834 [ForkJoinPool.commonPool-worker-0] INFO  server.GrpcService (GrpcService.java:closeImpl(280)) - f3cb6aab-e792-43b9-8109-2d5521605a5b: shutdown server GrpcServerProtocolService successfully
2023-01-16 14:42:19,835 [f3cb6aab-e792-43b9-8109-2d5521605a5b-NettyServerStreamRpc-bossGroup--thread1] INFO  logging.LoggingHandler (AbstractInternalLogger.java:log(148)) - [id: 0x2ac1cb71, L:/0:0:0:0:0:0:0:0:37539] CLOSE
2023-01-16 14:42:19,835 [f3cb6aab-e792-43b9-8109-2d5521605a5b-NettyServerStreamRpc-bossGroup--thread1] INFO  logging.LoggingHandler (AbstractInternalLogger.java:log(148)) - [id: 0x2ac1cb71, L:/0:0:0:0:0:0:0:0:37539] INACTIVE
2023-01-16 14:42:19,835 [f3cb6aab-e792-43b9-8109-2d5521605a5b-NettyServerStreamRpc-bossGroup--thread1] INFO  logging.LoggingHandler (AbstractInternalLogger.java:log(148)) - [id: 0x2ac1cb71, L:/0:0:0:0:0:0:0:0:37539] UNREGISTERED
2023-01-16 14:42:19,868 [Listener at 127.0.0.1/36907] INFO  server.GrpcService (GrpcService.java:closeImpl(280)) - a1145108-ddcc-4325-a3dc-9d25daa38a10: shutdown server GrpcServerProtocolService successfully
2023-01-16 14:42:19,868 [a1145108-ddcc-4325-a3dc-9d25daa38a10-NettyServerStreamRpc-bossGroup--thread1] INFO  logging.LoggingHandler (AbstractInternalLogger.java:log(148)) - [id: 0x3181f040, L:/0:0:0:0:0:0:0:0:39815] CLOSE
2023-01-16 14:42:19,868 [a1145108-ddcc-4325-a3dc-9d25daa38a10-NettyServerStreamRpc-bossGroup--thread1] INFO  logging.LoggingHandler (AbstractInternalLogger.java:log(148)) - [id: 0x3181f040, L:/0:0:0:0:0:0:0:0:39815] INACTIVE
2023-01-16 14:42:19,868 [a1145108-ddcc-4325-a3dc-9d25daa38a10-NettyServerStreamRpc-bossGroup--thread1] INFO  logging.LoggingHandler (AbstractInternalLogger.java:log(148)) - [id: 0x3181f040, L:/0:0:0:0:0:0:0:0:39815] UNREGISTERED
2023-01-16 14:42:19,870 [JvmPauseMonitor4] INFO  util.JvmPauseMonitor (JvmPauseMonitor.java:run(111)) - JvmPauseMonitor-a1145108-ddcc-4325-a3dc-9d25daa38a10: Stopped
2023-01-16 14:42:19,888 [JvmPauseMonitor2] INFO  util.JvmPauseMonitor (JvmPauseMonitor.java:run(111)) - JvmPauseMonitor-f3cb6aab-e792-43b9-8109-2d5521605a5b: Stopped
2023-01-16 14:42:21,933 [ForkJoinPool.commonPool-worker-0] INFO  volume.HddsVolume (HddsVolume.java:closeDbStore(338)) - SchemaV3 db is stopped at /home/runner/work/ozone/ozone/hadoop-ozone/integration-test/target/test-dir/MiniOzoneClusterImpl-bcd49b6a-245a-4637-b4c9-d6b301a8fda7/datanode-1/data-0/containers/hdds/bcd49b6a-245a-4637-b4c9-d6b301a8fda7/DS-f9858cb9-98ac-48f7-86e9-88e739faa465/container.db for volume DS-f9858cb9-98ac-48f7-86e9-88e739faa465
2023-01-16 14:42:21,933 [Listener at 127.0.0.1/36907] INFO  volume.HddsVolume (HddsVolume.java:closeDbStore(338)) - SchemaV3 db is stopped at /home/runner/work/ozone/ozone/hadoop-ozone/integration-test/target/test-dir/MiniOzoneClusterImpl-bcd49b6a-245a-4637-b4c9-d6b301a8fda7/datanode-3/data-0/containers/hdds/bcd49b6a-245a-4637-b4c9-d6b301a8fda7/DS-20f950d9-1635-42f0-b6da-6a2366fa918c/container.db for volume DS-20f950d9-1635-42f0-b6da-6a2366fa918c
2023-01-16 14:42:21,934 [ForkJoinPool.commonPool-worker-0] INFO  utils.BackgroundService (BackgroundService.java:shutdown(141)) - Shutting down service BlockDeletingService
2023-01-16 14:42:21,935 [Listener at 127.0.0.1/36907] INFO  utils.BackgroundService (BackgroundService.java:shutdown(141)) - Shutting down service BlockDeletingService
2023-01-16 14:42:21,935 [ForkJoinPool.commonPool-worker-0] INFO  utils.BackgroundService (BackgroundService.java:shutdown(141)) - Shutting down service StaleRecoveringContainerScrubbingService
2023-01-16 14:42:21,935 [Listener at 127.0.0.1/36907] INFO  utils.BackgroundService (BackgroundService.java:shutdown(141)) - Shutting down service StaleRecoveringContainerScrubbingService
2023-01-16 14:42:21,949 [ForkJoinPool.commonPool-worker-0] INFO  statemachine.DatanodeStateMachine (DatanodeStateMachine.java:stopDaemon(596)) - Ozone container server stopped.
2023-01-16 14:42:21,963 [Listener at 127.0.0.1/36907] INFO  statemachine.DatanodeStateMachine (DatanodeStateMachine.java:stopDaemon(596)) - Ozone container server stopped.
2023-01-16 14:42:21,973 [ForkJoinPool.commonPool-worker-0] INFO  handler.ContextHandler (ContextHandler.java:doStop(1159)) - Stopped o.e.j.w.WebAppContext@39794db6{hddsDatanode,/,null,STOPPED}{jar:file:/home/runner/.m2/repository/org/apache/ozone/hdds-container-service/1.4.0-SNAPSHOT/hdds-container-service-1.4.0-SNAPSHOT.jar!/webapps/hddsDatanode}
2023-01-16 14:42:21,974 [ForkJoinPool.commonPool-worker-0] INFO  server.AbstractConnector (AbstractConnector.java:doStop(383)) - Stopped ServerConnector@6acb0d0d{HTTP/1.1, (http/1.1)}{0.0.0.0:0}
2023-01-16 14:42:21,974 [ForkJoinPool.commonPool-worker-0] INFO  server.session (HouseKeeper.java:stopScavenging(149)) - node0 Stopped scavenging
2023-01-16 14:42:21,975 [ForkJoinPool.commonPool-worker-0] INFO  handler.ContextHandler (ContextHandler.java:doStop(1159)) - Stopped o.e.j.s.ServletContextHandler@d78dd7f{static,/static,jar:file:/home/runner/.m2/repository/org/apache/ozone/hdds-container-service/1.4.0-SNAPSHOT/hdds-container-service-1.4.0-SNAPSHOT.jar!/webapps/static,STOPPED}
2023-01-16 14:42:21,976 [ForkJoinPool.commonPool-worker-0] INFO  handler.ContextHandler (ContextHandler.java:doStop(1159)) - Stopped o.e.j.s.ServletContextHandler@615e6a05{logs,/logs,file:///home/runner/work/ozone/ozone/hadoop-ozone/integration-test/target/log,STOPPED}
2023-01-16 14:42:21,988 [ForkJoinPool.commonPool-worker-0] INFO  ozoneimpl.OzoneContainer (OzoneContainer.java:stop(417)) - Attempting to stop container services.
2023-01-16 14:42:21,990 [ForkJoinPool.commonPool-worker-0] INFO  server.RaftServer (RaftServerProxy.java:lambda$close$6(409)) - d8f5a1f3-e512-499d-ae8e-3cd02accfea1: close
2023-01-16 14:42:21,990 [d8f5a1f3-e512-499d-ae8e-3cd02accfea1-impl-thread1] INFO  server.RaftServer$Division (RaftServerImpl.java:lambda$close$4(458)) - d8f5a1f3-e512-499d-ae8e-3cd02accfea1@group-4029E605F95F: shutdown
2023-01-16 14:42:21,990 [d8f5a1f3-e512-499d-ae8e-3cd02accfea1-impl-thread1] INFO  util.JmxRegister (JmxRegister.java:unregister(73)) - Successfully un-registered JMX Bean with object name Ratis:service=RaftServer,group=group-4029E605F95F,id=d8f5a1f3-e512-499d-ae8e-3cd02accfea1
2023-01-16 14:42:21,990 [d8f5a1f3-e512-499d-ae8e-3cd02accfea1-impl-thread1] INFO  impl.RoleInfo (RoleInfo.java:shutdownLeaderState(93)) - d8f5a1f3-e512-499d-ae8e-3cd02accfea1: shutdown d8f5a1f3-e512-499d-ae8e-3cd02accfea1@group-4029E605F95F-LeaderStateImpl
2023-01-16 14:42:21,991 [d8f5a1f3-e512-499d-ae8e-3cd02accfea1-impl-thread1] INFO  impl.PendingRequests (PendingRequests.java:sendNotLeaderResponses(282)) - d8f5a1f3-e512-499d-ae8e-3cd02accfea1@group-4029E605F95F-PendingRequests: sendNotLeaderResponses
2023-01-16 14:42:21,991 [d8f5a1f3-e512-499d-ae8e-3cd02accfea1-impl-thread1] INFO  impl.StateMachineUpdater (StateMachineUpdater.java:stopAndJoin(153)) - d8f5a1f3-e512-499d-ae8e-3cd02accfea1@group-4029E605F95F-StateMachineUpdater: set stopIndex = 0
2023-01-16 14:42:21,991 [d8f5a1f3-e512-499d-ae8e-3cd02accfea1@group-4029E605F95F-StateMachineUpdater] INFO  ratis.ContainerStateMachine (ContainerStateMachine.java:takeSnapshot(308)) - group-4029E605F95F: Taking a snapshot at:(t:1, i:0) file /home/runner/work/ozone/ozone/hadoop-ozone/integration-test/target/test-dir/MiniOzoneClusterImpl-bcd49b6a-245a-4637-b4c9-d6b301a8fda7/datanode-2/data/ratis/7564b24b-b3fc-48ba-805f-4029e605f95f/sm/snapshot.1_0
2023-01-16 14:42:21,994 [d8f5a1f3-e512-499d-ae8e-3cd02accfea1@group-4029E605F95F-StateMachineUpdater] INFO  ratis.ContainerStateMachine (ContainerStateMachine.java:takeSnapshot(319)) - group-4029E605F95F: Finished taking a snapshot at:(t:1, i:0) file:/home/runner/work/ozone/ozone/hadoop-ozone/integration-test/target/test-dir/MiniOzoneClusterImpl-bcd49b6a-245a-4637-b4c9-d6b301a8fda7/datanode-2/data/ratis/7564b24b-b3fc-48ba-805f-4029e605f95f/sm/snapshot.1_0 took: 3 ms
2023-01-16 14:42:21,995 [d8f5a1f3-e512-499d-ae8e-3cd02accfea1@group-4029E605F95F-StateMachineUpdater] INFO  impl.StateMachineUpdater (StateMachineUpdater.java:takeSnapshot(287)) - d8f5a1f3-e512-499d-ae8e-3cd02accfea1@group-4029E605F95F-StateMachineUpdater: Took a snapshot at index 0
2023-01-16 14:42:21,995 [d8f5a1f3-e512-499d-ae8e-3cd02accfea1@group-4029E605F95F-StateMachineUpdater] INFO  impl.StateMachineUpdater (StateMachineUpdater.java:lambda$new$0(92)) - d8f5a1f3-e512-499d-ae8e-3cd02accfea1@group-4029E605F95F-StateMachineUpdater: snapshotIndex: updateIncreasingly -1 -> 0
2023-01-16 14:42:21,995 [d8f5a1f3-e512-499d-ae8e-3cd02accfea1-impl-thread1] INFO  server.RaftServer$Division (ServerState.java:close(466)) - d8f5a1f3-e512-499d-ae8e-3cd02accfea1@group-4029E605F95F: closes. applyIndex: 0
2023-01-16 14:42:21,995 [d8f5a1f3-e512-499d-ae8e-3cd02accfea1@group-4029E605F95F-SegmentedRaftLogWorker] INFO  segmented.SegmentedRaftLogWorker (SegmentedRaftLogWorker.java:run(347)) - d8f5a1f3-e512-499d-ae8e-3cd02accfea1@group-4029E605F95F-SegmentedRaftLogWorker was interrupted, exiting. There are 0 tasks remaining in the queue.
2023-01-16 14:42:21,995 [Listener at 127.0.0.1/36907] INFO  handler.ContextHandler (ContextHandler.java:doStop(1159)) - Stopped o.e.j.w.WebAppContext@2af16755{hddsDatanode,/,null,STOPPED}{jar:file:/home/runner/.m2/repository/org/apache/ozone/hdds-container-service/1.4.0-SNAPSHOT/hdds-container-service-1.4.0-SNAPSHOT.jar!/webapps/hddsDatanode}
2023-01-16 14:42:21,997 [d8f5a1f3-e512-499d-ae8e-3cd02accfea1-impl-thread1] INFO  segmented.SegmentedRaftLogWorker (SegmentedRaftLogWorker.java:close(257)) - d8f5a1f3-e512-499d-ae8e-3cd02accfea1@group-4029E605F95F-SegmentedRaftLogWorker close()
2023-01-16 14:42:21,995 [ForkJoinPool.commonPool-worker-0] INFO  server.GrpcService (GrpcService.java:closeImpl(271)) - d8f5a1f3-e512-499d-ae8e-3cd02accfea1: shutdown server GrpcServerProtocolService now
2023-01-16 14:42:22,015 [Listener at 127.0.0.1/36907] INFO  server.AbstractConnector (AbstractConnector.java:doStop(383)) - Stopped ServerConnector@68be0478{HTTP/1.1, (http/1.1)}{0.0.0.0:0}
2023-01-16 14:42:22,015 [Listener at 127.0.0.1/36907] INFO  server.session (HouseKeeper.java:stopScavenging(149)) - node0 Stopped scavenging
2023-01-16 14:42:22,016 [Listener at 127.0.0.1/36907] INFO  handler.ContextHandler (ContextHandler.java:doStop(1159)) - Stopped o.e.j.s.ServletContextHandler@599739be{static,/static,jar:file:/home/runner/.m2/repository/org/apache/ozone/hdds-container-service/1.4.0-SNAPSHOT/hdds-container-service-1.4.0-SNAPSHOT.jar!/webapps/static,STOPPED}
2023-01-16 14:42:22,016 [Listener at 127.0.0.1/36907] INFO  handler.ContextHandler (ContextHandler.java:doStop(1159)) - Stopped o.e.j.s.ServletContextHandler@44579647{logs,/logs,file:///home/runner/work/ozone/ozone/hadoop-ozone/integration-test/target/log,STOPPED}
2023-01-16 14:42:22,017 [ForkJoinPool.commonPool-worker-0] INFO  server.GrpcServerProtocolClient (GrpcServerProtocolClient.java:close(101)) - f3cb6aab-e792-43b9-8109-2d5521605a5b Close channels
2023-01-16 14:42:22,018 [ForkJoinPool.commonPool-worker-0] INFO  server.GrpcServerProtocolClient (GrpcServerProtocolClient.java:close(101)) - 16b0a967-ef5a-4382-99c2-95b744fea4a1 Close channels
2023-01-16 14:42:22,020 [ForkJoinPool.commonPool-worker-0] INFO  server.GrpcService (GrpcService.java:closeImpl(280)) - d8f5a1f3-e512-499d-ae8e-3cd02accfea1: shutdown server GrpcServerProtocolService successfully
2023-01-16 14:42:22,020 [d8f5a1f3-e512-499d-ae8e-3cd02accfea1-NettyServerStreamRpc-bossGroup--thread1] INFO  logging.LoggingHandler (AbstractInternalLogger.java:log(148)) - [id: 0xb736d9f9, L:/0:0:0:0:0:0:0:0:39865] CLOSE
2023-01-16 14:42:22,020 [d8f5a1f3-e512-499d-ae8e-3cd02accfea1-NettyServerStreamRpc-bossGroup--thread1] INFO  logging.LoggingHandler (AbstractInternalLogger.java:log(148)) - [id: 0xb736d9f9, L:/0:0:0:0:0:0:0:0:39865] INACTIVE
2023-01-16 14:42:22,020 [d8f5a1f3-e512-499d-ae8e-3cd02accfea1-NettyServerStreamRpc-bossGroup--thread1] INFO  logging.LoggingHandler (AbstractInternalLogger.java:log(148)) - [id: 0xb736d9f9, L:/0:0:0:0:0:0:0:0:39865] UNREGISTERED
2023-01-16 14:42:22,048 [JvmPauseMonitor3] INFO  util.JvmPauseMonitor (JvmPauseMonitor.java:run(111)) - JvmPauseMonitor-d8f5a1f3-e512-499d-ae8e-3cd02accfea1: Stopped
2023-01-16 14:42:22,056 [Listener at 127.0.0.1/36907] INFO  ozoneimpl.OzoneContainer (OzoneContainer.java:stop(417)) - Attempting to stop container services.
2023-01-16 14:42:22,067 [Listener at 127.0.0.1/36907] INFO  server.RaftServer (RaftServerProxy.java:lambda$close$6(409)) - aa7a6908-eed5-4cf8-8df5-4bd7779adcda: close
2023-01-16 14:42:22,068 [aa7a6908-eed5-4cf8-8df5-4bd7779adcda-impl-thread1] INFO  server.RaftServer$Division (RaftServerImpl.java:lambda$close$4(458)) - aa7a6908-eed5-4cf8-8df5-4bd7779adcda@group-2AFF055A5FD7: shutdown
2023-01-16 14:42:22,068 [aa7a6908-eed5-4cf8-8df5-4bd7779adcda-impl-thread1] INFO  util.JmxRegister (JmxRegister.java:unregister(73)) - Successfully un-registered JMX Bean with object name Ratis:service=RaftServer,group=group-2AFF055A5FD7,id=aa7a6908-eed5-4cf8-8df5-4bd7779adcda
2023-01-16 14:42:22,068 [aa7a6908-eed5-4cf8-8df5-4bd7779adcda-impl-thread1] INFO  impl.RoleInfo (RoleInfo.java:shutdownFollowerState(110)) - aa7a6908-eed5-4cf8-8df5-4bd7779adcda: shutdown aa7a6908-eed5-4cf8-8df5-4bd7779adcda@group-2AFF055A5FD7-FollowerState
2023-01-16 14:42:22,070 [aa7a6908-eed5-4cf8-8df5-4bd7779adcda-impl-thread1] INFO  impl.StateMachineUpdater (StateMachineUpdater.java:stopAndJoin(153)) - aa7a6908-eed5-4cf8-8df5-4bd7779adcda@group-2AFF055A5FD7-StateMachineUpdater: set stopIndex = 0
2023-01-16 14:42:22,070 [aa7a6908-eed5-4cf8-8df5-4bd7779adcda@group-2AFF055A5FD7-FollowerState] INFO  impl.FollowerState (FollowerState.java:run(152)) - aa7a6908-eed5-4cf8-8df5-4bd7779adcda@group-2AFF055A5FD7-FollowerState was interrupted
2023-01-16 14:42:22,071 [aa7a6908-eed5-4cf8-8df5-4bd7779adcda@group-2AFF055A5FD7-StateMachineUpdater] INFO  ratis.ContainerStateMachine (ContainerStateMachine.java:takeSnapshot(308)) - group-2AFF055A5FD7: Taking a snapshot at:(t:5, i:0) file /home/runner/work/ozone/ozone/hadoop-ozone/integration-test/target/test-dir/MiniOzoneClusterImpl-bcd49b6a-245a-4637-b4c9-d6b301a8fda7/datanode-5/data/ratis/e57dda55-72c3-4027-835b-2aff055a5fd7/sm/snapshot.5_0
2023-01-16 14:42:22,071 [aa7a6908-eed5-4cf8-8df5-4bd7779adcda-impl-thread2] INFO  server.RaftServer$Division (RaftServerImpl.java:lambda$close$4(458)) - aa7a6908-eed5-4cf8-8df5-4bd7779adcda@group-7101BF1F0C40: shutdown
2023-01-16 14:42:22,071 [aa7a6908-eed5-4cf8-8df5-4bd7779adcda-impl-thread2] INFO  util.JmxRegister (JmxRegister.java:unregister(73)) - Successfully un-registered JMX Bean with object name Ratis:service=RaftServer,group=group-7101BF1F0C40,id=aa7a6908-eed5-4cf8-8df5-4bd7779adcda
2023-01-16 14:42:22,071 [aa7a6908-eed5-4cf8-8df5-4bd7779adcda-impl-thread2] INFO  impl.RoleInfo (RoleInfo.java:shutdownLeaderState(93)) - aa7a6908-eed5-4cf8-8df5-4bd7779adcda: shutdown aa7a6908-eed5-4cf8-8df5-4bd7779adcda@group-7101BF1F0C40-LeaderStateImpl
2023-01-16 14:42:22,071 [aa7a6908-eed5-4cf8-8df5-4bd7779adcda-impl-thread2] INFO  impl.PendingRequests (PendingRequests.java:sendNotLeaderResponses(282)) - aa7a6908-eed5-4cf8-8df5-4bd7779adcda@group-7101BF1F0C40-PendingRequests: sendNotLeaderResponses
2023-01-16 14:42:22,071 [aa7a6908-eed5-4cf8-8df5-4bd7779adcda@group-2AFF055A5FD7-StateMachineUpdater] INFO  ratis.ContainerStateMachine (ContainerStateMachine.java:takeSnapshot(319)) - group-2AFF055A5FD7: Finished taking a snapshot at:(t:5, i:0) file:/home/runner/work/ozone/ozone/hadoop-ozone/integration-test/target/test-dir/MiniOzoneClusterImpl-bcd49b6a-245a-4637-b4c9-d6b301a8fda7/datanode-5/data/ratis/e57dda55-72c3-4027-835b-2aff055a5fd7/sm/snapshot.5_0 took: 1 ms
2023-01-16 14:42:22,072 [aa7a6908-eed5-4cf8-8df5-4bd7779adcda@group-2AFF055A5FD7-StateMachineUpdater] INFO  impl.StateMachineUpdater (StateMachineUpdater.java:takeSnapshot(287)) - aa7a6908-eed5-4cf8-8df5-4bd7779adcda@group-2AFF055A5FD7-StateMachineUpdater: Took a snapshot at index 0
2023-01-16 14:42:22,072 [aa7a6908-eed5-4cf8-8df5-4bd7779adcda@group-2AFF055A5FD7-StateMachineUpdater] INFO  impl.StateMachineUpdater (StateMachineUpdater.java:lambda$new$0(92)) - aa7a6908-eed5-4cf8-8df5-4bd7779adcda@group-2AFF055A5FD7-StateMachineUpdater: snapshotIndex: updateIncreasingly -1 -> 0
2023-01-16 14:42:22,072 [aa7a6908-eed5-4cf8-8df5-4bd7779adcda-impl-thread1] INFO  server.RaftServer$Division (ServerState.java:close(466)) - aa7a6908-eed5-4cf8-8df5-4bd7779adcda@group-2AFF055A5FD7: closes. applyIndex: 0
2023-01-16 14:42:22,073 [aa7a6908-eed5-4cf8-8df5-4bd7779adcda-impl-thread2] INFO  impl.StateMachineUpdater (StateMachineUpdater.java:stopAndJoin(153)) - aa7a6908-eed5-4cf8-8df5-4bd7779adcda@group-7101BF1F0C40-StateMachineUpdater: set stopIndex = 0
2023-01-16 14:42:22,073 [aa7a6908-eed5-4cf8-8df5-4bd7779adcda@group-7101BF1F0C40-StateMachineUpdater] INFO  ratis.ContainerStateMachine (ContainerStateMachine.java:takeSnapshot(308)) - group-7101BF1F0C40: Taking a snapshot at:(t:1, i:0) file /home/runner/work/ozone/ozone/hadoop-ozone/integration-test/target/test-dir/MiniOzoneClusterImpl-bcd49b6a-245a-4637-b4c9-d6b301a8fda7/datanode-5/data/ratis/ef5c6a5d-ba88-4bc1-8fde-7101bf1f0c40/sm/snapshot.1_0
2023-01-16 14:42:22,076 [Listener at 127.0.0.1/36907] INFO  server.GrpcService (GrpcService.java:closeImpl(271)) - aa7a6908-eed5-4cf8-8df5-4bd7779adcda: shutdown server GrpcServerProtocolService now
2023-01-16 14:42:22,076 [aa7a6908-eed5-4cf8-8df5-4bd7779adcda-impl-thread3] INFO  server.RaftServer$Division (RaftServerImpl.java:lambda$close$4(458)) - aa7a6908-eed5-4cf8-8df5-4bd7779adcda@group-41A4BCDBBC85: shutdown
2023-01-16 14:42:22,088 [grpc-default-executor-2] WARN  server.GrpcServerProtocolService (LogUtils.java:warn(122)) - aa7a6908-eed5-4cf8-8df5-4bd7779adcda: installSnapshot onError, lastRequest: 546a26c7-7703-4678-9acf-4f791a68dfff->aa7a6908-eed5-4cf8-8df5-4bd7779adcda#1-t5,previous=(t:0, i:0),leaderCommit=0,initializing? true,entries: size=1, first=(t:5, i:0), CONFIGURATIONENTRY(current:id: "a1145108-ddcc-4325-a3dc-9d25daa38a10"
address: "10.1.1.103:33417"
dataStreamAddress: "10.1.1.103:39815"
clientAddress: "10.1.1.103:33417"
adminAddress: "10.1.1.103:33417"
startupRole: FOLLOWER
,id: "546a26c7-7703-4678-9acf-4f791a68dfff"
address: "10.1.1.103:38573"
priority: 1
dataStreamAddress: "10.1.1.103:40475"
clientAddress: "10.1.1.103:38573"
adminAddress: "10.1.1.103:38573"
startupRole: FOLLOWER
,id: "aa7a6908-eed5-4cf8-8df5-4bd7779adcda"
address: "10.1.1.103:46359"
dataStreamAddress: "10.1.1.103:32839"
clientAddress: "10.1.1.103:46359"
adminAddress: "10.1.1.103:46359"
startupRole: FOLLOWER
, old:): org.apache.ratis.thirdparty.io.grpc.StatusRuntimeException: CANCELLED: client cancelled
2023-01-16 14:42:22,088 [grpc-default-executor-3] WARN  server.GrpcServerProtocolService (LogUtils.java:warn(122)) - aa7a6908-eed5-4cf8-8df5-4bd7779adcda: installSnapshot onError, lastRequest: null: org.apache.ratis.thirdparty.io.grpc.StatusRuntimeException: CANCELLED: client cancelled
2023-01-16 14:42:22,088 [grpc-default-executor-4] WARN  server.GrpcLogAppender (LogUtils.java:warn(122)) - 546a26c7-7703-4678-9acf-4f791a68dfff@group-2AFF055A5FD7->aa7a6908-eed5-4cf8-8df5-4bd7779adcda-AppendLogResponseHandler: Failed appendEntries: org.apache.ratis.thirdparty.io.grpc.StatusRuntimeException: CANCELLED: RST_STREAM closed stream. HTTP/2 error code: CANCEL
2023-01-16 14:42:22,087 [aa7a6908-eed5-4cf8-8df5-4bd7779adcda@group-7101BF1F0C40-StateMachineUpdater] INFO  ratis.ContainerStateMachine (ContainerStateMachine.java:takeSnapshot(319)) - group-7101BF1F0C40: Finished taking a snapshot at:(t:1, i:0) file:/home/runner/work/ozone/ozone/hadoop-ozone/integration-test/target/test-dir/MiniOzoneClusterImpl-bcd49b6a-245a-4637-b4c9-d6b301a8fda7/datanode-5/data/ratis/ef5c6a5d-ba88-4bc1-8fde-7101bf1f0c40/sm/snapshot.1_0 took: 15 ms
2023-01-16 14:42:22,088 [grpc-default-executor-4] WARN  server.GrpcLogAppender (GrpcLogAppender.java:resetClient(131)) - 546a26c7-7703-4678-9acf-4f791a68dfff@group-2AFF055A5FD7->aa7a6908-eed5-4cf8-8df5-4bd7779adcda-GrpcLogAppender: Leader has not got in touch with Follower 546a26c7-7703-4678-9acf-4f791a68dfff@group-2AFF055A5FD7->aa7a6908-eed5-4cf8-8df5-4bd7779adcda(c0,m0,n1, attendVote=true, lastRpcSendTime=2424, lastRpcResponseTime=2417) yet, just keep nextIndex unchanged and retry.
2023-01-16 14:42:22,088 [grpc-default-executor-0] WARN  server.GrpcLogAppender (LogUtils.java:warn(122)) - 546a26c7-7703-4678-9acf-4f791a68dfff@group-2AFF055A5FD7->aa7a6908-eed5-4cf8-8df5-4bd7779adcda-AppendLogResponseHandler: Failed appendEntries: org.apache.ratis.thirdparty.io.grpc.StatusRuntimeException: CANCELLED: RST_STREAM closed stream. HTTP/2 error code: CANCEL
2023-01-16 14:42:22,088 [grpc-default-executor-0] WARN  server.GrpcLogAppender (GrpcLogAppender.java:resetClient(131)) - 546a26c7-7703-4678-9acf-4f791a68dfff@group-2AFF055A5FD7->aa7a6908-eed5-4cf8-8df5-4bd7779adcda-GrpcLogAppender: Leader has not got in touch with Follower 546a26c7-7703-4678-9acf-4f791a68dfff@group-2AFF055A5FD7->aa7a6908-eed5-4cf8-8df5-4bd7779adcda(c0,m0,n1, attendVote=true, lastRpcSendTime=2424, lastRpcResponseTime=2417) yet, just keep nextIndex unchanged and retry.
2023-01-16 14:42:22,088 [aa7a6908-eed5-4cf8-8df5-4bd7779adcda@group-7101BF1F0C40-StateMachineUpdater] INFO  impl.StateMachineUpdater (StateMachineUpdater.java:takeSnapshot(287)) - aa7a6908-eed5-4cf8-8df5-4bd7779adcda@group-7101BF1F0C40-StateMachineUpdater: Took a snapshot at index 0
2023-01-16 14:42:22,088 [aa7a6908-eed5-4cf8-8df5-4bd7779adcda@group-2AFF055A5FD7-SegmentedRaftLogWorker] INFO  segmented.SegmentedRaftLogWorker (SegmentedRaftLogWorker.java:run(347)) - aa7a6908-eed5-4cf8-8df5-4bd7779adcda@group-2AFF055A5FD7-SegmentedRaftLogWorker was interrupted, exiting. There are 0 tasks remaining in the queue.
2023-01-16 14:42:22,088 [aa7a6908-eed5-4cf8-8df5-4bd7779adcda@group-7101BF1F0C40-StateMachineUpdater] INFO  impl.StateMachineUpdater (StateMachineUpdater.java:lambda$new$0(92)) - aa7a6908-eed5-4cf8-8df5-4bd7779adcda@group-7101BF1F0C40-StateMachineUpdater: snapshotIndex: updateIncreasingly -1 -> 0
2023-01-16 14:42:22,088 [aa7a6908-eed5-4cf8-8df5-4bd7779adcda-impl-thread3] INFO  util.JmxRegister (JmxRegister.java:unregister(73)) - Successfully un-registered JMX Bean with object name Ratis:service=RaftServer,group=group-41A4BCDBBC85,id=aa7a6908-eed5-4cf8-8df5-4bd7779adcda
2023-01-16 14:42:22,089 [aa7a6908-eed5-4cf8-8df5-4bd7779adcda-impl-thread3] INFO  impl.RoleInfo (RoleInfo.java:shutdownLeaderState(93)) - aa7a6908-eed5-4cf8-8df5-4bd7779adcda: shutdown aa7a6908-eed5-4cf8-8df5-4bd7779adcda@group-41A4BCDBBC85-LeaderStateImpl
2023-01-16 14:42:22,089 [aa7a6908-eed5-4cf8-8df5-4bd7779adcda-impl-thread3] INFO  impl.PendingRequests (PendingRequests.java:sendNotLeaderResponses(282)) - aa7a6908-eed5-4cf8-8df5-4bd7779adcda@group-41A4BCDBBC85-PendingRequests: sendNotLeaderResponses
2023-01-16 14:42:22,089 [aa7a6908-eed5-4cf8-8df5-4bd7779adcda-impl-thread3] INFO  impl.StateMachineUpdater (StateMachineUpdater.java:stopAndJoin(153)) - aa7a6908-eed5-4cf8-8df5-4bd7779adcda@group-41A4BCDBBC85-StateMachineUpdater: set stopIndex = 0
2023-01-16 14:42:22,090 [aa7a6908-eed5-4cf8-8df5-4bd7779adcda@group-41A4BCDBBC85-StateMachineUpdater] INFO  ratis.ContainerStateMachine (ContainerStateMachine.java:takeSnapshot(308)) - group-41A4BCDBBC85: Taking a snapshot at:(t:4, i:0) file /home/runner/work/ozone/ozone/hadoop-ozone/integration-test/target/test-dir/MiniOzoneClusterImpl-bcd49b6a-245a-4637-b4c9-d6b301a8fda7/datanode-5/data/ratis/7f085c46-837a-4d4b-82af-41a4bcdbbc85/sm/snapshot.4_0
2023-01-16 14:42:22,090 [aa7a6908-eed5-4cf8-8df5-4bd7779adcda@group-41A4BCDBBC85->546a26c7-7703-4678-9acf-4f791a68dfff-GrpcLogAppender-LogAppenderDaemon] WARN  server.GrpcLogAppender (GrpcLogAppender.java:mayWait(200)) - aa7a6908-eed5-4cf8-8df5-4bd7779adcda@group-41A4BCDBBC85->546a26c7-7703-4678-9acf-4f791a68dfff-GrpcLogAppender: Wait interrupted by java.lang.InterruptedException
2023-01-16 14:42:22,090 [aa7a6908-eed5-4cf8-8df5-4bd7779adcda@group-41A4BCDBBC85-StateMachineUpdater] INFO  ratis.ContainerStateMachine (ContainerStateMachine.java:takeSnapshot(319)) - group-41A4BCDBBC85: Finished taking a snapshot at:(t:4, i:0) file:/home/runner/work/ozone/ozone/hadoop-ozone/integration-test/target/test-dir/MiniOzoneClusterImpl-bcd49b6a-245a-4637-b4c9-d6b301a8fda7/datanode-5/data/ratis/7f085c46-837a-4d4b-82af-41a4bcdbbc85/sm/snapshot.4_0 took: 1 ms
2023-01-16 14:42:22,091 [aa7a6908-eed5-4cf8-8df5-4bd7779adcda@group-41A4BCDBBC85-StateMachineUpdater] INFO  impl.StateMachineUpdater (StateMachineUpdater.java:takeSnapshot(287)) - aa7a6908-eed5-4cf8-8df5-4bd7779adcda@group-41A4BCDBBC85-StateMachineUpdater: Took a snapshot at index 0
2023-01-16 14:42:22,091 [aa7a6908-eed5-4cf8-8df5-4bd7779adcda@group-41A4BCDBBC85-StateMachineUpdater] INFO  impl.StateMachineUpdater (StateMachineUpdater.java:lambda$new$0(92)) - aa7a6908-eed5-4cf8-8df5-4bd7779adcda@group-41A4BCDBBC85-StateMachineUpdater: snapshotIndex: updateIncreasingly -1 -> 0
2023-01-16 14:42:22,091 [aa7a6908-eed5-4cf8-8df5-4bd7779adcda-impl-thread3] INFO  server.RaftServer$Division (ServerState.java:close(466)) - aa7a6908-eed5-4cf8-8df5-4bd7779adcda@group-41A4BCDBBC85: closes. applyIndex: 0
2023-01-16 14:42:22,091 [aa7a6908-eed5-4cf8-8df5-4bd7779adcda@group-41A4BCDBBC85-SegmentedRaftLogWorker] INFO  segmented.SegmentedRaftLogWorker (SegmentedRaftLogWorker.java:run(347)) - aa7a6908-eed5-4cf8-8df5-4bd7779adcda@group-41A4BCDBBC85-SegmentedRaftLogWorker was interrupted, exiting. There are 0 tasks remaining in the queue.
2023-01-16 14:42:22,091 [aa7a6908-eed5-4cf8-8df5-4bd7779adcda-impl-thread2] INFO  server.RaftServer$Division (ServerState.java:close(466)) - aa7a6908-eed5-4cf8-8df5-4bd7779adcda@group-7101BF1F0C40: closes. applyIndex: 0
2023-01-16 14:42:22,092 [grpc-default-executor-0] INFO  server.GrpcServerProtocolService (GrpcServerProtocolService.java:onCompleted(143)) - 546a26c7-7703-4678-9acf-4f791a68dfff: Completed APPEND_ENTRIES, lastRequest: aa7a6908-eed5-4cf8-8df5-4bd7779adcda->546a26c7-7703-4678-9acf-4f791a68dfff#1-t4,previous=(t:0, i:0),leaderCommit=0,initializing? true,entries: size=1, first=(t:4, i:0), CONFIGURATIONENTRY(current:id: "a1145108-ddcc-4325-a3dc-9d25daa38a10"
address: "10.1.1.103:33417"
dataStreamAddress: "10.1.1.103:39815"
clientAddress: "10.1.1.103:33417"
adminAddress: "10.1.1.103:33417"
startupRole: FOLLOWER
,id: "546a26c7-7703-4678-9acf-4f791a68dfff"
address: "10.1.1.103:38573"
dataStreamAddress: "10.1.1.103:40475"
clientAddress: "10.1.1.103:38573"
adminAddress: "10.1.1.103:38573"
startupRole: FOLLOWER
,id: "aa7a6908-eed5-4cf8-8df5-4bd7779adcda"
address: "10.1.1.103:46359"
priority: 1
dataStreamAddress: "10.1.1.103:32839"
clientAddress: "10.1.1.103:46359"
adminAddress: "10.1.1.103:46359"
startupRole: FOLLOWER
, old:)
2023-01-16 14:42:22,093 [grpc-default-executor-4] INFO  server.GrpcServerProtocolService (GrpcServerProtocolService.java:onCompleted(143)) - 546a26c7-7703-4678-9acf-4f791a68dfff: Completed APPEND_ENTRIES, lastRequest: null
2023-01-16 14:42:22,094 [aa7a6908-eed5-4cf8-8df5-4bd7779adcda@group-7101BF1F0C40-SegmentedRaftLogWorker] INFO  segmented.SegmentedRaftLogWorker (SegmentedRaftLogWorker.java:run(347)) - aa7a6908-eed5-4cf8-8df5-4bd7779adcda@group-7101BF1F0C40-SegmentedRaftLogWorker was interrupted, exiting. There are 0 tasks remaining in the queue.
2023-01-16 14:42:22,094 [grpc-default-executor-4] INFO  server.GrpcLogAppender (GrpcLogAppender.java:onCompleted(415)) - aa7a6908-eed5-4cf8-8df5-4bd7779adcda@group-41A4BCDBBC85->546a26c7-7703-4678-9acf-4f791a68dfff-AppendLogResponseHandler: follower responses appendEntries COMPLETED
2023-01-16 14:42:22,094 [grpc-default-executor-4] INFO  leader.FollowerInfo (FollowerInfoImpl.java:lambda$new$0(48)) - aa7a6908-eed5-4cf8-8df5-4bd7779adcda@group-41A4BCDBBC85->546a26c7-7703-4678-9acf-4f791a68dfff: nextIndex: updateUnconditionally 1 -> 0
2023-01-16 14:42:22,096 [grpc-default-executor-4] INFO  server.GrpcLogAppender (GrpcLogAppender.java:onCompleted(415)) - aa7a6908-eed5-4cf8-8df5-4bd7779adcda@group-41A4BCDBBC85->546a26c7-7703-4678-9acf-4f791a68dfff-AppendLogResponseHandler: follower responses appendEntries COMPLETED
2023-01-16 14:42:22,096 [grpc-default-executor-4] INFO  leader.FollowerInfo (FollowerInfoImpl.java:lambda$new$0(48)) - aa7a6908-eed5-4cf8-8df5-4bd7779adcda@group-41A4BCDBBC85->546a26c7-7703-4678-9acf-4f791a68dfff: nextIndex: updateUnconditionally 0 -> 0
2023-01-16 14:42:22,105 [Listener at 127.0.0.1/36907] INFO  server.GrpcServerProtocolClient (GrpcServerProtocolClient.java:close(101)) - a1145108-ddcc-4325-a3dc-9d25daa38a10 Close channels
2023-01-16 14:42:22,106 [aa7a6908-eed5-4cf8-8df5-4bd7779adcda-impl-thread3] INFO  segmented.SegmentedRaftLogWorker (SegmentedRaftLogWorker.java:close(257)) - aa7a6908-eed5-4cf8-8df5-4bd7779adcda@group-41A4BCDBBC85-SegmentedRaftLogWorker close()
2023-01-16 14:42:22,105 [aa7a6908-eed5-4cf8-8df5-4bd7779adcda-impl-thread1] INFO  segmented.SegmentedRaftLogWorker (SegmentedRaftLogWorker.java:close(257)) - aa7a6908-eed5-4cf8-8df5-4bd7779adcda@group-2AFF055A5FD7-SegmentedRaftLogWorker close()
2023-01-16 14:42:22,106 [aa7a6908-eed5-4cf8-8df5-4bd7779adcda-impl-thread2] INFO  segmented.SegmentedRaftLogWorker (SegmentedRaftLogWorker.java:close(257)) - aa7a6908-eed5-4cf8-8df5-4bd7779adcda@group-7101BF1F0C40-SegmentedRaftLogWorker close()
2023-01-16 14:42:22,112 [Listener at 127.0.0.1/36907] INFO  server.GrpcServerProtocolClient (GrpcServerProtocolClient.java:close(101)) - 546a26c7-7703-4678-9acf-4f791a68dfff Close channels
2023-01-16 14:42:22,114 [Listener at 127.0.0.1/36907] INFO  server.GrpcService (GrpcService.java:closeImpl(280)) - aa7a6908-eed5-4cf8-8df5-4bd7779adcda: shutdown server GrpcServerProtocolService successfully
2023-01-16 14:42:22,119 [aa7a6908-eed5-4cf8-8df5-4bd7779adcda-NettyServerStreamRpc-bossGroup--thread1] INFO  logging.LoggingHandler (AbstractInternalLogger.java:log(148)) - [id: 0x80cc50c6, L:/0:0:0:0:0:0:0:0:32839] CLOSE
2023-01-16 14:42:22,119 [aa7a6908-eed5-4cf8-8df5-4bd7779adcda-NettyServerStreamRpc-bossGroup--thread1] INFO  logging.LoggingHandler (AbstractInternalLogger.java:log(148)) - [id: 0x80cc50c6, L:/0:0:0:0:0:0:0:0:32839] INACTIVE
2023-01-16 14:42:22,119 [aa7a6908-eed5-4cf8-8df5-4bd7779adcda-NettyServerStreamRpc-bossGroup--thread1] INFO  logging.LoggingHandler (AbstractInternalLogger.java:log(148)) - [id: 0x80cc50c6, L:/0:0:0:0:0:0:0:0:32839] UNREGISTERED
2023-01-16 14:42:22,155 [JvmPauseMonitor6] INFO  util.JvmPauseMonitor (JvmPauseMonitor.java:run(111)) - JvmPauseMonitor-aa7a6908-eed5-4cf8-8df5-4bd7779adcda: Stopped
2023-01-16 14:42:22,178 [grpc-default-executor-3] WARN  server.GrpcLogAppender (LogUtils.java:warn(122)) - 546a26c7-7703-4678-9acf-4f791a68dfff@group-2AFF055A5FD7->aa7a6908-eed5-4cf8-8df5-4bd7779adcda-AppendLogResponseHandler: Failed appendEntries: org.apache.ratis.thirdparty.io.grpc.StatusRuntimeException: UNAVAILABLE: io exception
2023-01-16 14:42:22,179 [grpc-default-executor-4] WARN  server.GrpcLogAppender (LogUtils.java:warn(122)) - 546a26c7-7703-4678-9acf-4f791a68dfff@group-2AFF055A5FD7->a1145108-ddcc-4325-a3dc-9d25daa38a10-AppendLogResponseHandler: Failed appendEntries: org.apache.ratis.thirdparty.io.grpc.StatusRuntimeException: UNAVAILABLE: io exception
2023-01-16 14:42:22,179 [grpc-default-executor-3] WARN  server.GrpcLogAppender (GrpcLogAppender.java:resetClient(131)) - 546a26c7-7703-4678-9acf-4f791a68dfff@group-2AFF055A5FD7->aa7a6908-eed5-4cf8-8df5-4bd7779adcda-GrpcLogAppender: Leader has not got in touch with Follower 546a26c7-7703-4678-9acf-4f791a68dfff@group-2AFF055A5FD7->aa7a6908-eed5-4cf8-8df5-4bd7779adcda(c0,m0,n1, attendVote=true, lastRpcSendTime=6, lastRpcResponseTime=2508) yet, just keep nextIndex unchanged and retry.
2023-01-16 14:42:22,178 [grpc-default-executor-0] WARN  server.GrpcLogAppender (LogUtils.java:warn(122)) - 546a26c7-7703-4678-9acf-4f791a68dfff@group-2AFF055A5FD7->aa7a6908-eed5-4cf8-8df5-4bd7779adcda-AppendLogResponseHandler: Failed appendEntries: org.apache.ratis.thirdparty.io.grpc.StatusRuntimeException: UNAVAILABLE: io exception
2023-01-16 14:42:22,180 [grpc-default-executor-0] WARN  server.GrpcLogAppender (GrpcLogAppender.java:resetClient(131)) - 546a26c7-7703-4678-9acf-4f791a68dfff@group-2AFF055A5FD7->aa7a6908-eed5-4cf8-8df5-4bd7779adcda-GrpcLogAppender: Leader has not got in touch with Follower 546a26c7-7703-4678-9acf-4f791a68dfff@group-2AFF055A5FD7->aa7a6908-eed5-4cf8-8df5-4bd7779adcda(c0,m0,n1, attendVote=true, lastRpcSendTime=7, lastRpcResponseTime=2508) yet, just keep nextIndex unchanged and retry.
2023-01-16 14:42:22,181 [grpc-default-executor-4] WARN  server.GrpcLogAppender (GrpcLogAppender.java:resetClient(131)) - 546a26c7-7703-4678-9acf-4f791a68dfff@group-2AFF055A5FD7->a1145108-ddcc-4325-a3dc-9d25daa38a10-GrpcLogAppender: Leader has not got in touch with Follower 546a26c7-7703-4678-9acf-4f791a68dfff@group-2AFF055A5FD7->a1145108-ddcc-4325-a3dc-9d25daa38a10(c0,m0,n1, attendVote=true, lastRpcSendTime=2539, lastRpcResponseTime=2517) yet, just keep nextIndex unchanged and retry.
2023-01-16 14:42:22,181 [grpc-default-executor-4] WARN  server.GrpcLogAppender (LogUtils.java:warn(122)) - 546a26c7-7703-4678-9acf-4f791a68dfff@group-2AFF055A5FD7->a1145108-ddcc-4325-a3dc-9d25daa38a10-AppendLogResponseHandler: Failed appendEntries: org.apache.ratis.thirdparty.io.grpc.StatusRuntimeException: UNAVAILABLE: io exception
2023-01-16 14:42:22,181 [grpc-default-executor-4] WARN  server.GrpcLogAppender (GrpcLogAppender.java:resetClient(131)) - 546a26c7-7703-4678-9acf-4f791a68dfff@group-2AFF055A5FD7->a1145108-ddcc-4325-a3dc-9d25daa38a10-GrpcLogAppender: Leader has not got in touch with Follower 546a26c7-7703-4678-9acf-4f791a68dfff@group-2AFF055A5FD7->a1145108-ddcc-4325-a3dc-9d25daa38a10(c0,m0,n1, attendVote=true, lastRpcSendTime=2540, lastRpcResponseTime=2517) yet, just keep nextIndex unchanged and retry.
2023-01-16 14:42:22,184 [grpc-default-executor-0] WARN  server.GrpcLogAppender (LogUtils.java:warn(122)) - 546a26c7-7703-4678-9acf-4f791a68dfff@group-2AFF055A5FD7->a1145108-ddcc-4325-a3dc-9d25daa38a10-AppendLogResponseHandler: Failed appendEntries: org.apache.ratis.thirdparty.io.grpc.StatusRuntimeException: UNAVAILABLE: io exception
2023-01-16 14:42:22,184 [grpc-default-executor-0] WARN  server.GrpcLogAppender (GrpcLogAppender.java:resetClient(131)) - 546a26c7-7703-4678-9acf-4f791a68dfff@group-2AFF055A5FD7->a1145108-ddcc-4325-a3dc-9d25daa38a10-GrpcLogAppender: Leader has not got in touch with Follower 546a26c7-7703-4678-9acf-4f791a68dfff@group-2AFF055A5FD7->a1145108-ddcc-4325-a3dc-9d25daa38a10(c0,m0,n1, attendVote=true, lastRpcSendTime=1, lastRpcResponseTime=2520) yet, just keep nextIndex unchanged and retry.
2023-01-16 14:42:22,191 [grpc-default-executor-4] WARN  server.GrpcLogAppender (LogUtils.java:warn(122)) - 546a26c7-7703-4678-9acf-4f791a68dfff@group-2AFF055A5FD7->a1145108-ddcc-4325-a3dc-9d25daa38a10-AppendLogResponseHandler: Failed appendEntries: org.apache.ratis.thirdparty.io.grpc.StatusRuntimeException: UNAVAILABLE: io exception
2023-01-16 14:42:22,191 [grpc-default-executor-4] WARN  server.GrpcLogAppender (GrpcLogAppender.java:resetClient(131)) - 546a26c7-7703-4678-9acf-4f791a68dfff@group-2AFF055A5FD7->a1145108-ddcc-4325-a3dc-9d25daa38a10-GrpcLogAppender: Leader has not got in touch with Follower 546a26c7-7703-4678-9acf-4f791a68dfff@group-2AFF055A5FD7->a1145108-ddcc-4325-a3dc-9d25daa38a10(c0,m0,n1, attendVote=true, lastRpcSendTime=8, lastRpcResponseTime=2527) yet, just keep nextIndex unchanged and retry.
2023-01-16 14:42:23,423 [grpc-default-executor-4] WARN  server.GrpcLogAppender (LogUtils.java:warn(122)) - 546a26c7-7703-4678-9acf-4f791a68dfff@group-2AFF055A5FD7->aa7a6908-eed5-4cf8-8df5-4bd7779adcda-AppendLogResponseHandler: Failed appendEntries: org.apache.ratis.thirdparty.io.grpc.StatusRuntimeException: UNAVAILABLE: io exception
2023-01-16 14:42:23,424 [grpc-default-executor-0] WARN  server.GrpcLogAppender (LogUtils.java:warn(122)) - 546a26c7-7703-4678-9acf-4f791a68dfff@group-2AFF055A5FD7->aa7a6908-eed5-4cf8-8df5-4bd7779adcda-AppendLogResponseHandler: Failed appendEntries: org.apache.ratis.thirdparty.io.grpc.StatusRuntimeException: UNAVAILABLE: io exception
2023-01-16 14:42:23,425 [grpc-default-executor-4] WARN  server.GrpcLogAppender (GrpcLogAppender.java:resetClient(131)) - 546a26c7-7703-4678-9acf-4f791a68dfff@group-2AFF055A5FD7->aa7a6908-eed5-4cf8-8df5-4bd7779adcda-GrpcLogAppender: Leader has not got in touch with Follower 546a26c7-7703-4678-9acf-4f791a68dfff@group-2AFF055A5FD7->aa7a6908-eed5-4cf8-8df5-4bd7779adcda(c0,m0,n1, attendVote=true, lastRpcSendTime=1252, lastRpcResponseTime=3754) yet, just keep nextIndex unchanged and retry.
2023-01-16 14:42:23,429 [grpc-default-executor-0] WARN  server.GrpcLogAppender (GrpcLogAppender.java:resetClient(131)) - 546a26c7-7703-4678-9acf-4f791a68dfff@group-2AFF055A5FD7->aa7a6908-eed5-4cf8-8df5-4bd7779adcda-GrpcLogAppender: Leader has not got in touch with Follower 546a26c7-7703-4678-9acf-4f791a68dfff@group-2AFF055A5FD7->aa7a6908-eed5-4cf8-8df5-4bd7779adcda(c0,m0,n1, attendVote=true, lastRpcSendTime=1256, lastRpcResponseTime=3758) yet, just keep nextIndex unchanged and retry.
2023-01-16 14:42:23,430 [grpc-default-executor-0] WARN  server.GrpcLogAppender (LogUtils.java:warn(122)) - 546a26c7-7703-4678-9acf-4f791a68dfff@group-2AFF055A5FD7->aa7a6908-eed5-4cf8-8df5-4bd7779adcda-AppendLogResponseHandler: Failed appendEntries: org.apache.ratis.thirdparty.io.grpc.StatusRuntimeException: UNAVAILABLE: io exception
2023-01-16 14:42:23,431 [grpc-default-executor-0] WARN  server.GrpcLogAppender (GrpcLogAppender.java:resetClient(131)) - 546a26c7-7703-4678-9acf-4f791a68dfff@group-2AFF055A5FD7->aa7a6908-eed5-4cf8-8df5-4bd7779adcda-GrpcLogAppender: Leader has not got in touch with Follower 546a26c7-7703-4678-9acf-4f791a68dfff@group-2AFF055A5FD7->aa7a6908-eed5-4cf8-8df5-4bd7779adcda(c0,m0,n1, attendVote=true, lastRpcSendTime=0, lastRpcResponseTime=3759) yet, just keep nextIndex unchanged and retry.
2023-01-16 14:42:23,434 [grpc-default-executor-3] WARN  server.GrpcLogAppender (LogUtils.java:warn(122)) - 546a26c7-7703-4678-9acf-4f791a68dfff@group-2AFF055A5FD7->a1145108-ddcc-4325-a3dc-9d25daa38a10-AppendLogResponseHandler: Failed appendEntries: org.apache.ratis.thirdparty.io.grpc.StatusRuntimeException: UNAVAILABLE: io exception
2023-01-16 14:42:23,435 [grpc-default-executor-3] WARN  server.GrpcLogAppender (GrpcLogAppender.java:resetClient(131)) - 546a26c7-7703-4678-9acf-4f791a68dfff@group-2AFF055A5FD7->a1145108-ddcc-4325-a3dc-9d25daa38a10-GrpcLogAppender: Leader has not got in touch with Follower 546a26c7-7703-4678-9acf-4f791a68dfff@group-2AFF055A5FD7->a1145108-ddcc-4325-a3dc-9d25daa38a10(c0,m0,n1, attendVote=true, lastRpcSendTime=0, lastRpcResponseTime=3771) yet, just keep nextIndex unchanged and retry.
2023-01-16 14:42:23,435 [grpc-default-executor-4] WARN  server.GrpcLogAppender (LogUtils.java:warn(122)) - 546a26c7-7703-4678-9acf-4f791a68dfff@group-2AFF055A5FD7->aa7a6908-eed5-4cf8-8df5-4bd7779adcda-AppendLogResponseHandler: Failed appendEntries: org.apache.ratis.thirdparty.io.grpc.StatusRuntimeException: UNAVAILABLE: io exception
2023-01-16 14:42:23,436 [grpc-default-executor-4] WARN  server.GrpcLogAppender (GrpcLogAppender.java:resetClient(131)) - 546a26c7-7703-4678-9acf-4f791a68dfff@group-2AFF055A5FD7->aa7a6908-eed5-4cf8-8df5-4bd7779adcda-GrpcLogAppender: Leader has not got in touch with Follower 546a26c7-7703-4678-9acf-4f791a68dfff@group-2AFF055A5FD7->aa7a6908-eed5-4cf8-8df5-4bd7779adcda(c0,m0,n1, attendVote=true, lastRpcSendTime=5, lastRpcResponseTime=3765) yet, just keep nextIndex unchanged and retry.
2023-01-16 14:42:23,439 [grpc-default-executor-0] WARN  server.GrpcLogAppender (LogUtils.java:warn(122)) - 546a26c7-7703-4678-9acf-4f791a68dfff@group-2AFF055A5FD7->a1145108-ddcc-4325-a3dc-9d25daa38a10-AppendLogResponseHandler: Failed appendEntries: org.apache.ratis.thirdparty.io.grpc.StatusRuntimeException: UNAVAILABLE: io exception
2023-01-16 14:42:23,440 [grpc-default-executor-0] WARN  server.GrpcLogAppender (GrpcLogAppender.java:resetClient(131)) - 546a26c7-7703-4678-9acf-4f791a68dfff@group-2AFF055A5FD7->a1145108-ddcc-4325-a3dc-9d25daa38a10-GrpcLogAppender: Leader has not got in touch with Follower 546a26c7-7703-4678-9acf-4f791a68dfff@group-2AFF055A5FD7->a1145108-ddcc-4325-a3dc-9d25daa38a10(c0,m0,n1, attendVote=true, lastRpcSendTime=5, lastRpcResponseTime=3776) yet, just keep nextIndex unchanged and retry.
2023-01-16 14:42:24,069 [ForkJoinPool.commonPool-worker-0] INFO  volume.HddsVolume (HddsVolume.java:closeDbStore(338)) - SchemaV3 db is stopped at /home/runner/work/ozone/ozone/hadoop-ozone/integration-test/target/test-dir/MiniOzoneClusterImpl-bcd49b6a-245a-4637-b4c9-d6b301a8fda7/datanode-2/data-0/containers/hdds/bcd49b6a-245a-4637-b4c9-d6b301a8fda7/DS-da0563cd-85e3-4f51-899b-faff2f8863db/container.db for volume DS-da0563cd-85e3-4f51-899b-faff2f8863db
2023-01-16 14:42:24,070 [ForkJoinPool.commonPool-worker-0] INFO  utils.BackgroundService (BackgroundService.java:shutdown(141)) - Shutting down service BlockDeletingService
2023-01-16 14:42:24,071 [ForkJoinPool.commonPool-worker-0] INFO  utils.BackgroundService (BackgroundService.java:shutdown(141)) - Shutting down service StaleRecoveringContainerScrubbingService
2023-01-16 14:42:24,075 [ForkJoinPool.commonPool-worker-0] INFO  statemachine.DatanodeStateMachine (DatanodeStateMachine.java:stopDaemon(596)) - Ozone container server stopped.
2023-01-16 14:42:24,097 [ForkJoinPool.commonPool-worker-0] INFO  handler.ContextHandler (ContextHandler.java:doStop(1159)) - Stopped o.e.j.w.WebAppContext@2b9f0fee{hddsDatanode,/,null,STOPPED}{jar:file:/home/runner/.m2/repository/org/apache/ozone/hdds-container-service/1.4.0-SNAPSHOT/hdds-container-service-1.4.0-SNAPSHOT.jar!/webapps/hddsDatanode}
2023-01-16 14:42:24,099 [ForkJoinPool.commonPool-worker-0] INFO  server.AbstractConnector (AbstractConnector.java:doStop(383)) - Stopped ServerConnector@6206f12d{HTTP/1.1, (http/1.1)}{0.0.0.0:0}
2023-01-16 14:42:24,099 [ForkJoinPool.commonPool-worker-0] INFO  server.session (HouseKeeper.java:stopScavenging(149)) - node0 Stopped scavenging
2023-01-16 14:42:24,101 [ForkJoinPool.commonPool-worker-0] INFO  handler.ContextHandler (ContextHandler.java:doStop(1159)) - Stopped o.e.j.s.ServletContextHandler@178a0b1{static,/static,jar:file:/home/runner/.m2/repository/org/apache/ozone/hdds-container-service/1.4.0-SNAPSHOT/hdds-container-service-1.4.0-SNAPSHOT.jar!/webapps/static,STOPPED}
2023-01-16 14:42:24,102 [ForkJoinPool.commonPool-worker-0] INFO  handler.ContextHandler (ContextHandler.java:doStop(1159)) - Stopped o.e.j.s.ServletContextHandler@4ec23ac{logs,/logs,file:///home/runner/work/ozone/ozone/hadoop-ozone/integration-test/target/log,STOPPED}
2023-01-16 14:42:24,114 [ForkJoinPool.commonPool-worker-0] INFO  ozoneimpl.OzoneContainer (OzoneContainer.java:stop(417)) - Attempting to stop container services.
2023-01-16 14:42:24,114 [ForkJoinPool.commonPool-worker-0] INFO  server.RaftServer (RaftServerProxy.java:lambda$close$6(409)) - 16b0a967-ef5a-4382-99c2-95b744fea4a1: close
2023-01-16 14:42:24,115 [16b0a967-ef5a-4382-99c2-95b744fea4a1-impl-thread1] INFO  server.RaftServer$Division (RaftServerImpl.java:lambda$close$4(458)) - 16b0a967-ef5a-4382-99c2-95b744fea4a1@group-8FD4D6844CC9: shutdown
2023-01-16 14:42:24,115 [16b0a967-ef5a-4382-99c2-95b744fea4a1-impl-thread1] INFO  util.JmxRegister (JmxRegister.java:unregister(73)) - Successfully un-registered JMX Bean with object name Ratis:service=RaftServer,group=group-8FD4D6844CC9,id=16b0a967-ef5a-4382-99c2-95b744fea4a1
2023-01-16 14:42:24,115 [16b0a967-ef5a-4382-99c2-95b744fea4a1-impl-thread1] INFO  impl.RoleInfo (RoleInfo.java:shutdownLeaderState(93)) - 16b0a967-ef5a-4382-99c2-95b744fea4a1: shutdown 16b0a967-ef5a-4382-99c2-95b744fea4a1@group-8FD4D6844CC9-LeaderStateImpl
2023-01-16 14:42:24,115 [16b0a967-ef5a-4382-99c2-95b744fea4a1-impl-thread1] INFO  impl.PendingRequests (PendingRequests.java:sendNotLeaderResponses(282)) - 16b0a967-ef5a-4382-99c2-95b744fea4a1@group-8FD4D6844CC9-PendingRequests: sendNotLeaderResponses
2023-01-16 14:42:24,115 [16b0a967-ef5a-4382-99c2-95b744fea4a1-impl-thread1] INFO  impl.StateMachineUpdater (StateMachineUpdater.java:stopAndJoin(153)) - 16b0a967-ef5a-4382-99c2-95b744fea4a1@group-8FD4D6844CC9-StateMachineUpdater: set stopIndex = 0
2023-01-16 14:42:24,115 [ForkJoinPool.commonPool-worker-0] INFO  server.GrpcService (GrpcService.java:closeImpl(271)) - 16b0a967-ef5a-4382-99c2-95b744fea4a1: shutdown server GrpcServerProtocolService now
2023-01-16 14:42:24,115 [16b0a967-ef5a-4382-99c2-95b744fea4a1@group-8FD4D6844CC9-StateMachineUpdater] INFO  ratis.ContainerStateMachine (ContainerStateMachine.java:takeSnapshot(308)) - group-8FD4D6844CC9: Taking a snapshot at:(t:1, i:0) file /home/runner/work/ozone/ozone/hadoop-ozone/integration-test/target/test-dir/MiniOzoneClusterImpl-bcd49b6a-245a-4637-b4c9-d6b301a8fda7/datanode-0/data/ratis/a2d9a643-2f18-49d1-b22b-8fd4d6844cc9/sm/snapshot.1_0
2023-01-16 14:42:24,122 [ForkJoinPool.commonPool-worker-0] INFO  server.GrpcServerProtocolClient (GrpcServerProtocolClient.java:close(101)) - f3cb6aab-e792-43b9-8109-2d5521605a5b Close channels
2023-01-16 14:42:24,123 [16b0a967-ef5a-4382-99c2-95b744fea4a1@group-8FD4D6844CC9-StateMachineUpdater] INFO  ratis.ContainerStateMachine (ContainerStateMachine.java:takeSnapshot(319)) - group-8FD4D6844CC9: Finished taking a snapshot at:(t:1, i:0) file:/home/runner/work/ozone/ozone/hadoop-ozone/integration-test/target/test-dir/MiniOzoneClusterImpl-bcd49b6a-245a-4637-b4c9-d6b301a8fda7/datanode-0/data/ratis/a2d9a643-2f18-49d1-b22b-8fd4d6844cc9/sm/snapshot.1_0 took: 7 ms
2023-01-16 14:42:24,123 [16b0a967-ef5a-4382-99c2-95b744fea4a1@group-8FD4D6844CC9-StateMachineUpdater] INFO  impl.StateMachineUpdater (StateMachineUpdater.java:takeSnapshot(287)) - 16b0a967-ef5a-4382-99c2-95b744fea4a1@group-8FD4D6844CC9-StateMachineUpdater: Took a snapshot at index 0
2023-01-16 14:42:24,123 [16b0a967-ef5a-4382-99c2-95b744fea4a1@group-8FD4D6844CC9-StateMachineUpdater] INFO  impl.StateMachineUpdater (StateMachineUpdater.java:lambda$new$0(92)) - 16b0a967-ef5a-4382-99c2-95b744fea4a1@group-8FD4D6844CC9-StateMachineUpdater: snapshotIndex: updateIncreasingly -1 -> 0
2023-01-16 14:42:24,124 [16b0a967-ef5a-4382-99c2-95b744fea4a1-impl-thread1] INFO  server.RaftServer$Division (ServerState.java:close(466)) - 16b0a967-ef5a-4382-99c2-95b744fea4a1@group-8FD4D6844CC9: closes. applyIndex: 0
2023-01-16 14:42:24,124 [16b0a967-ef5a-4382-99c2-95b744fea4a1@group-8FD4D6844CC9-SegmentedRaftLogWorker] INFO  segmented.SegmentedRaftLogWorker (SegmentedRaftLogWorker.java:run(347)) - 16b0a967-ef5a-4382-99c2-95b744fea4a1@group-8FD4D6844CC9-SegmentedRaftLogWorker was interrupted, exiting. There are 0 tasks remaining in the queue.
2023-01-16 14:42:24,124 [16b0a967-ef5a-4382-99c2-95b744fea4a1-impl-thread1] INFO  segmented.SegmentedRaftLogWorker (SegmentedRaftLogWorker.java:close(257)) - 16b0a967-ef5a-4382-99c2-95b744fea4a1@group-8FD4D6844CC9-SegmentedRaftLogWorker close()
2023-01-16 14:42:24,129 [ForkJoinPool.commonPool-worker-0] INFO  server.GrpcServerProtocolClient (GrpcServerProtocolClient.java:close(101)) - d8f5a1f3-e512-499d-ae8e-3cd02accfea1 Close channels
2023-01-16 14:42:24,129 [ForkJoinPool.commonPool-worker-0] INFO  server.GrpcService (GrpcService.java:closeImpl(280)) - 16b0a967-ef5a-4382-99c2-95b744fea4a1: shutdown server GrpcServerProtocolService successfully
2023-01-16 14:42:24,129 [16b0a967-ef5a-4382-99c2-95b744fea4a1-NettyServerStreamRpc-bossGroup--thread1] INFO  logging.LoggingHandler (AbstractInternalLogger.java:log(148)) - [id: 0xbb054075, L:/0:0:0:0:0:0:0:0:44335] CLOSE
2023-01-16 14:42:24,130 [16b0a967-ef5a-4382-99c2-95b744fea4a1-NettyServerStreamRpc-bossGroup--thread1] INFO  logging.LoggingHandler (AbstractInternalLogger.java:log(148)) - [id: 0xbb054075, L:/0:0:0:0:0:0:0:0:44335] INACTIVE
2023-01-16 14:42:24,130 [16b0a967-ef5a-4382-99c2-95b744fea4a1-NettyServerStreamRpc-bossGroup--thread1] INFO  logging.LoggingHandler (AbstractInternalLogger.java:log(148)) - [id: 0xbb054075, L:/0:0:0:0:0:0:0:0:44335] UNREGISTERED
2023-01-16 14:42:24,143 [JvmPauseMonitor1] INFO  util.JvmPauseMonitor (JvmPauseMonitor.java:run(111)) - JvmPauseMonitor-16b0a967-ef5a-4382-99c2-95b744fea4a1: Stopped
2023-01-16 14:42:24,158 [Listener at 127.0.0.1/36907] INFO  volume.HddsVolume (HddsVolume.java:closeDbStore(338)) - SchemaV3 db is stopped at /home/runner/work/ozone/ozone/hadoop-ozone/integration-test/target/test-dir/MiniOzoneClusterImpl-bcd49b6a-245a-4637-b4c9-d6b301a8fda7/datanode-5/data-0/containers/hdds/bcd49b6a-245a-4637-b4c9-d6b301a8fda7/DS-12f3e655-b9fa-4469-96f5-e6c7218406e8/container.db for volume DS-12f3e655-b9fa-4469-96f5-e6c7218406e8
2023-01-16 14:42:24,158 [Listener at 127.0.0.1/36907] INFO  utils.BackgroundService (BackgroundService.java:shutdown(141)) - Shutting down service BlockDeletingService
2023-01-16 14:42:24,159 [Listener at 127.0.0.1/36907] INFO  utils.BackgroundService (BackgroundService.java:shutdown(141)) - Shutting down service StaleRecoveringContainerScrubbingService
2023-01-16 14:42:24,165 [Listener at 127.0.0.1/36907] INFO  statemachine.DatanodeStateMachine (DatanodeStateMachine.java:stopDaemon(596)) - Ozone container server stopped.
2023-01-16 14:42:24,179 [Listener at 127.0.0.1/36907] INFO  handler.ContextHandler (ContextHandler.java:doStop(1159)) - Stopped o.e.j.w.WebAppContext@692170bb{hddsDatanode,/,null,STOPPED}{jar:file:/home/runner/.m2/repository/org/apache/ozone/hdds-container-service/1.4.0-SNAPSHOT/hdds-container-service-1.4.0-SNAPSHOT.jar!/webapps/hddsDatanode}
2023-01-16 14:42:24,183 [Listener at 127.0.0.1/36907] INFO  server.AbstractConnector (AbstractConnector.java:doStop(383)) - Stopped ServerConnector@16d1784b{HTTP/1.1, (http/1.1)}{0.0.0.0:0}
2023-01-16 14:42:24,183 [Listener at 127.0.0.1/36907] INFO  server.session (HouseKeeper.java:stopScavenging(149)) - node0 Stopped scavenging
2023-01-16 14:42:24,185 [Listener at 127.0.0.1/36907] INFO  handler.ContextHandler (ContextHandler.java:doStop(1159)) - Stopped o.e.j.s.ServletContextHandler@2e0f6c6{static,/static,jar:file:/home/runner/.m2/repository/org/apache/ozone/hdds-container-service/1.4.0-SNAPSHOT/hdds-container-service-1.4.0-SNAPSHOT.jar!/webapps/static,STOPPED}
2023-01-16 14:42:24,186 [Listener at 127.0.0.1/36907] INFO  handler.ContextHandler (ContextHandler.java:doStop(1159)) - Stopped o.e.j.s.ServletContextHandler@7e33a672{logs,/logs,file:///home/runner/work/ozone/ozone/hadoop-ozone/integration-test/target/log,STOPPED}
2023-01-16 14:42:24,194 [Listener at 127.0.0.1/36907] INFO  ozoneimpl.OzoneContainer (OzoneContainer.java:stop(417)) - Attempting to stop container services.
2023-01-16 14:42:24,223 [Listener at 127.0.0.1/36907] INFO  server.RaftServer (RaftServerProxy.java:lambda$close$6(409)) - 546a26c7-7703-4678-9acf-4f791a68dfff: close
2023-01-16 14:42:24,223 [546a26c7-7703-4678-9acf-4f791a68dfff-impl-thread1] INFO  server.RaftServer$Division (RaftServerImpl.java:lambda$close$4(458)) - 546a26c7-7703-4678-9acf-4f791a68dfff@group-2AFF055A5FD7: shutdown
2023-01-16 14:42:24,223 [546a26c7-7703-4678-9acf-4f791a68dfff-impl-thread1] INFO  util.JmxRegister (JmxRegister.java:unregister(73)) - Successfully un-registered JMX Bean with object name Ratis:service=RaftServer,group=group-2AFF055A5FD7,id=546a26c7-7703-4678-9acf-4f791a68dfff
2023-01-16 14:42:24,223 [546a26c7-7703-4678-9acf-4f791a68dfff-impl-thread1] INFO  impl.RoleInfo (RoleInfo.java:shutdownLeaderState(93)) - 546a26c7-7703-4678-9acf-4f791a68dfff: shutdown 546a26c7-7703-4678-9acf-4f791a68dfff@group-2AFF055A5FD7-LeaderStateImpl
2023-01-16 14:42:24,224 [546a26c7-7703-4678-9acf-4f791a68dfff-impl-thread2] INFO  server.RaftServer$Division (RaftServerImpl.java:lambda$close$4(458)) - 546a26c7-7703-4678-9acf-4f791a68dfff@group-29D64E963AF7: shutdown
2023-01-16 14:42:24,224 [546a26c7-7703-4678-9acf-4f791a68dfff-impl-thread2] INFO  util.JmxRegister (JmxRegister.java:unregister(73)) - Successfully un-registered JMX Bean with object name Ratis:service=RaftServer,group=group-29D64E963AF7,id=546a26c7-7703-4678-9acf-4f791a68dfff
2023-01-16 14:42:24,224 [546a26c7-7703-4678-9acf-4f791a68dfff-impl-thread2] INFO  impl.RoleInfo (RoleInfo.java:shutdownLeaderState(93)) - 546a26c7-7703-4678-9acf-4f791a68dfff: shutdown 546a26c7-7703-4678-9acf-4f791a68dfff@group-29D64E963AF7-LeaderStateImpl
2023-01-16 14:42:24,224 [546a26c7-7703-4678-9acf-4f791a68dfff-impl-thread2] INFO  impl.PendingRequests (PendingRequests.java:sendNotLeaderResponses(282)) - 546a26c7-7703-4678-9acf-4f791a68dfff@group-29D64E963AF7-PendingRequests: sendNotLeaderResponses
2023-01-16 14:42:24,224 [546a26c7-7703-4678-9acf-4f791a68dfff@group-29D64E963AF7-StateMachineUpdater] INFO  ratis.ContainerStateMachine (ContainerStateMachine.java:takeSnapshot(308)) - group-29D64E963AF7: Taking a snapshot at:(t:1, i:0) file /home/runner/work/ozone/ozone/hadoop-ozone/integration-test/target/test-dir/MiniOzoneClusterImpl-bcd49b6a-245a-4637-b4c9-d6b301a8fda7/datanode-4/data/ratis/0ff1e762-d14a-4161-ae37-29d64e963af7/sm/snapshot.1_0
2023-01-16 14:42:24,225 [546a26c7-7703-4678-9acf-4f791a68dfff-impl-thread2] INFO  impl.StateMachineUpdater (StateMachineUpdater.java:stopAndJoin(153)) - 546a26c7-7703-4678-9acf-4f791a68dfff@group-29D64E963AF7-StateMachineUpdater: set stopIndex = 0
2023-01-16 14:42:24,225 [Listener at 127.0.0.1/36907] INFO  server.GrpcService (GrpcService.java:closeImpl(271)) - 546a26c7-7703-4678-9acf-4f791a68dfff: shutdown server GrpcServerProtocolService now
2023-01-16 14:42:24,226 [546a26c7-7703-4678-9acf-4f791a68dfff@group-29D64E963AF7-StateMachineUpdater] INFO  ratis.ContainerStateMachine (ContainerStateMachine.java:takeSnapshot(319)) - group-29D64E963AF7: Finished taking a snapshot at:(t:1, i:0) file:/home/runner/work/ozone/ozone/hadoop-ozone/integration-test/target/test-dir/MiniOzoneClusterImpl-bcd49b6a-245a-4637-b4c9-d6b301a8fda7/datanode-4/data/ratis/0ff1e762-d14a-4161-ae37-29d64e963af7/sm/snapshot.1_0 took: 2 ms
2023-01-16 14:42:24,225 [546a26c7-7703-4678-9acf-4f791a68dfff-impl-thread1] INFO  impl.PendingRequests (PendingRequests.java:sendNotLeaderResponses(282)) - 546a26c7-7703-4678-9acf-4f791a68dfff@group-2AFF055A5FD7-PendingRequests: sendNotLeaderResponses
2023-01-16 14:42:24,227 [546a26c7-7703-4678-9acf-4f791a68dfff@group-29D64E963AF7-StateMachineUpdater] INFO  impl.StateMachineUpdater (StateMachineUpdater.java:takeSnapshot(287)) - 546a26c7-7703-4678-9acf-4f791a68dfff@group-29D64E963AF7-StateMachineUpdater: Took a snapshot at index 0
2023-01-16 14:42:24,227 [546a26c7-7703-4678-9acf-4f791a68dfff@group-29D64E963AF7-StateMachineUpdater] INFO  impl.StateMachineUpdater (StateMachineUpdater.java:lambda$new$0(92)) - 546a26c7-7703-4678-9acf-4f791a68dfff@group-29D64E963AF7-StateMachineUpdater: snapshotIndex: updateIncreasingly -1 -> 0
2023-01-16 14:42:24,227 [546a26c7-7703-4678-9acf-4f791a68dfff-impl-thread1] INFO  impl.StateMachineUpdater (StateMachineUpdater.java:stopAndJoin(153)) - 546a26c7-7703-4678-9acf-4f791a68dfff@group-2AFF055A5FD7-StateMachineUpdater: set stopIndex = 0
2023-01-16 14:42:24,227 [546a26c7-7703-4678-9acf-4f791a68dfff@group-2AFF055A5FD7-StateMachineUpdater] INFO  ratis.ContainerStateMachine (ContainerStateMachine.java:takeSnapshot(308)) - group-2AFF055A5FD7: Taking a snapshot at:(t:5, i:0) file /home/runner/work/ozone/ozone/hadoop-ozone/integration-test/target/test-dir/MiniOzoneClusterImpl-bcd49b6a-245a-4637-b4c9-d6b301a8fda7/datanode-4/data/ratis/e57dda55-72c3-4027-835b-2aff055a5fd7/sm/snapshot.5_0
2023-01-16 14:42:24,228 [546a26c7-7703-4678-9acf-4f791a68dfff@group-2AFF055A5FD7-StateMachineUpdater] INFO  ratis.ContainerStateMachine (ContainerStateMachine.java:takeSnapshot(319)) - group-2AFF055A5FD7: Finished taking a snapshot at:(t:5, i:0) file:/home/runner/work/ozone/ozone/hadoop-ozone/integration-test/target/test-dir/MiniOzoneClusterImpl-bcd49b6a-245a-4637-b4c9-d6b301a8fda7/datanode-4/data/ratis/e57dda55-72c3-4027-835b-2aff055a5fd7/sm/snapshot.5_0 took: 1 ms
2023-01-16 14:42:24,228 [546a26c7-7703-4678-9acf-4f791a68dfff@group-2AFF055A5FD7-StateMachineUpdater] INFO  impl.StateMachineUpdater (StateMachineUpdater.java:takeSnapshot(287)) - 546a26c7-7703-4678-9acf-4f791a68dfff@group-2AFF055A5FD7-StateMachineUpdater: Took a snapshot at index 0
2023-01-16 14:42:24,228 [546a26c7-7703-4678-9acf-4f791a68dfff@group-2AFF055A5FD7-StateMachineUpdater] INFO  impl.StateMachineUpdater (StateMachineUpdater.java:lambda$new$0(92)) - 546a26c7-7703-4678-9acf-4f791a68dfff@group-2AFF055A5FD7-StateMachineUpdater: snapshotIndex: updateIncreasingly -1 -> 0
2023-01-16 14:42:24,229 [Listener at 127.0.0.1/36907] INFO  server.GrpcServerProtocolClient (GrpcServerProtocolClient.java:close(101)) - a1145108-ddcc-4325-a3dc-9d25daa38a10 Close channels
2023-01-16 14:42:24,229 [546a26c7-7703-4678-9acf-4f791a68dfff-impl-thread1] INFO  server.RaftServer$Division (ServerState.java:close(466)) - 546a26c7-7703-4678-9acf-4f791a68dfff@group-2AFF055A5FD7: closes. applyIndex: 0
2023-01-16 14:42:24,229 [546a26c7-7703-4678-9acf-4f791a68dfff@group-2AFF055A5FD7-SegmentedRaftLogWorker] INFO  segmented.SegmentedRaftLogWorker (SegmentedRaftLogWorker.java:run(347)) - 546a26c7-7703-4678-9acf-4f791a68dfff@group-2AFF055A5FD7-SegmentedRaftLogWorker was interrupted, exiting. There are 0 tasks remaining in the queue.
2023-01-16 14:42:24,232 [546a26c7-7703-4678-9acf-4f791a68dfff-impl-thread1] INFO  segmented.SegmentedRaftLogWorker (SegmentedRaftLogWorker.java:close(257)) - 546a26c7-7703-4678-9acf-4f791a68dfff@group-2AFF055A5FD7-SegmentedRaftLogWorker close()
2023-01-16 14:42:24,233 [546a26c7-7703-4678-9acf-4f791a68dfff-impl-thread2] INFO  server.RaftServer$Division (ServerState.java:close(466)) - 546a26c7-7703-4678-9acf-4f791a68dfff@group-29D64E963AF7: closes. applyIndex: 0
2023-01-16 14:42:24,236 [546a26c7-7703-4678-9acf-4f791a68dfff@group-29D64E963AF7-SegmentedRaftLogWorker] INFO  segmented.SegmentedRaftLogWorker (SegmentedRaftLogWorker.java:run(347)) - 546a26c7-7703-4678-9acf-4f791a68dfff@group-29D64E963AF7-SegmentedRaftLogWorker was interrupted, exiting. There are 0 tasks remaining in the queue.
2023-01-16 14:42:24,236 [546a26c7-7703-4678-9acf-4f791a68dfff-impl-thread2] INFO  segmented.SegmentedRaftLogWorker (SegmentedRaftLogWorker.java:close(257)) - 546a26c7-7703-4678-9acf-4f791a68dfff@group-29D64E963AF7-SegmentedRaftLogWorker close()
2023-01-16 14:42:24,236 [546a26c7-7703-4678-9acf-4f791a68dfff-impl-thread3] INFO  server.RaftServer$Division (RaftServerImpl.java:lambda$close$4(458)) - 546a26c7-7703-4678-9acf-4f791a68dfff@group-41A4BCDBBC85: shutdown
2023-01-16 14:42:24,236 [Listener at 127.0.0.1/36907] INFO  server.GrpcServerProtocolClient (GrpcServerProtocolClient.java:close(101)) - aa7a6908-eed5-4cf8-8df5-4bd7779adcda Close channels
2023-01-16 14:42:24,237 [Listener at 127.0.0.1/36907] INFO  server.GrpcService (GrpcService.java:closeImpl(280)) - 546a26c7-7703-4678-9acf-4f791a68dfff: shutdown server GrpcServerProtocolService successfully
2023-01-16 14:42:24,237 [546a26c7-7703-4678-9acf-4f791a68dfff-NettyServerStreamRpc-bossGroup--thread1] INFO  logging.LoggingHandler (AbstractInternalLogger.java:log(148)) - [id: 0x2ede7785, L:/0:0:0:0:0:0:0:0:40475] CLOSE
2023-01-16 14:42:24,238 [546a26c7-7703-4678-9acf-4f791a68dfff-NettyServerStreamRpc-bossGroup--thread1] INFO  logging.LoggingHandler (AbstractInternalLogger.java:log(148)) - [id: 0x2ede7785, L:/0:0:0:0:0:0:0:0:40475] INACTIVE
2023-01-16 14:42:24,238 [546a26c7-7703-4678-9acf-4f791a68dfff-NettyServerStreamRpc-bossGroup--thread1] INFO  logging.LoggingHandler (AbstractInternalLogger.java:log(148)) - [id: 0x2ede7785, L:/0:0:0:0:0:0:0:0:40475] UNREGISTERED
2023-01-16 14:42:24,238 [546a26c7-7703-4678-9acf-4f791a68dfff-impl-thread3] INFO  util.JmxRegister (JmxRegister.java:unregister(73)) - Successfully un-registered JMX Bean with object name Ratis:service=RaftServer,group=group-41A4BCDBBC85,id=546a26c7-7703-4678-9acf-4f791a68dfff
2023-01-16 14:42:24,238 [546a26c7-7703-4678-9acf-4f791a68dfff-impl-thread3] INFO  impl.RoleInfo (RoleInfo.java:shutdownFollowerState(110)) - 546a26c7-7703-4678-9acf-4f791a68dfff: shutdown 546a26c7-7703-4678-9acf-4f791a68dfff@group-41A4BCDBBC85-FollowerState
2023-01-16 14:42:24,238 [546a26c7-7703-4678-9acf-4f791a68dfff@group-41A4BCDBBC85-FollowerState] INFO  impl.FollowerState (FollowerState.java:run(152)) - 546a26c7-7703-4678-9acf-4f791a68dfff@group-41A4BCDBBC85-FollowerState was interrupted
2023-01-16 14:42:24,238 [546a26c7-7703-4678-9acf-4f791a68dfff@group-41A4BCDBBC85-StateMachineUpdater] INFO  ratis.ContainerStateMachine (ContainerStateMachine.java:takeSnapshot(308)) - group-41A4BCDBBC85: Taking a snapshot at:(t:4, i:0) file /home/runner/work/ozone/ozone/hadoop-ozone/integration-test/target/test-dir/MiniOzoneClusterImpl-bcd49b6a-245a-4637-b4c9-d6b301a8fda7/datanode-4/data/ratis/7f085c46-837a-4d4b-82af-41a4bcdbbc85/sm/snapshot.4_0
2023-01-16 14:42:24,239 [546a26c7-7703-4678-9acf-4f791a68dfff-impl-thread3] INFO  impl.StateMachineUpdater (StateMachineUpdater.java:stopAndJoin(153)) - 546a26c7-7703-4678-9acf-4f791a68dfff@group-41A4BCDBBC85-StateMachineUpdater: set stopIndex = 0
2023-01-16 14:42:24,239 [546a26c7-7703-4678-9acf-4f791a68dfff@group-41A4BCDBBC85-StateMachineUpdater] INFO  ratis.ContainerStateMachine (ContainerStateMachine.java:takeSnapshot(319)) - group-41A4BCDBBC85: Finished taking a snapshot at:(t:4, i:0) file:/home/runner/work/ozone/ozone/hadoop-ozone/integration-test/target/test-dir/MiniOzoneClusterImpl-bcd49b6a-245a-4637-b4c9-d6b301a8fda7/datanode-4/data/ratis/7f085c46-837a-4d4b-82af-41a4bcdbbc85/sm/snapshot.4_0 took: 1 ms
2023-01-16 14:42:24,239 [546a26c7-7703-4678-9acf-4f791a68dfff@group-41A4BCDBBC85-StateMachineUpdater] INFO  impl.StateMachineUpdater (StateMachineUpdater.java:takeSnapshot(287)) - 546a26c7-7703-4678-9acf-4f791a68dfff@group-41A4BCDBBC85-StateMachineUpdater: Took a snapshot at index 0
2023-01-16 14:42:24,240 [546a26c7-7703-4678-9acf-4f791a68dfff@group-41A4BCDBBC85-StateMachineUpdater] INFO  impl.StateMachineUpdater (StateMachineUpdater.java:lambda$new$0(92)) - 546a26c7-7703-4678-9acf-4f791a68dfff@group-41A4BCDBBC85-StateMachineUpdater: snapshotIndex: updateIncreasingly -1 -> 0
2023-01-16 14:42:24,240 [546a26c7-7703-4678-9acf-4f791a68dfff-impl-thread3] INFO  server.RaftServer$Division (ServerState.java:close(466)) - 546a26c7-7703-4678-9acf-4f791a68dfff@group-41A4BCDBBC85: closes. applyIndex: 0
2023-01-16 14:42:24,243 [546a26c7-7703-4678-9acf-4f791a68dfff@group-41A4BCDBBC85-SegmentedRaftLogWorker] INFO  segmented.SegmentedRaftLogWorker (SegmentedRaftLogWorker.java:run(347)) - 546a26c7-7703-4678-9acf-4f791a68dfff@group-41A4BCDBBC85-SegmentedRaftLogWorker was interrupted, exiting. There are 0 tasks remaining in the queue.
2023-01-16 14:42:24,244 [546a26c7-7703-4678-9acf-4f791a68dfff-impl-thread3] INFO  segmented.SegmentedRaftLogWorker (SegmentedRaftLogWorker.java:close(257)) - 546a26c7-7703-4678-9acf-4f791a68dfff@group-41A4BCDBBC85-SegmentedRaftLogWorker close()
2023-01-16 14:42:24,244 [JvmPauseMonitor5] INFO  util.JvmPauseMonitor (JvmPauseMonitor.java:run(111)) - JvmPauseMonitor-546a26c7-7703-4678-9acf-4f791a68dfff: Stopped
2023-01-16 14:42:26,149 [ForkJoinPool.commonPool-worker-0] INFO  volume.HddsVolume (HddsVolume.java:closeDbStore(338)) - SchemaV3 db is stopped at /home/runner/work/ozone/ozone/hadoop-ozone/integration-test/target/test-dir/MiniOzoneClusterImpl-bcd49b6a-245a-4637-b4c9-d6b301a8fda7/datanode-0/data-0/containers/hdds/bcd49b6a-245a-4637-b4c9-d6b301a8fda7/DS-2196dd8d-5dc5-488e-a255-af8001d4023f/container.db for volume DS-2196dd8d-5dc5-488e-a255-af8001d4023f
2023-01-16 14:42:26,149 [ForkJoinPool.commonPool-worker-0] INFO  utils.BackgroundService (BackgroundService.java:shutdown(141)) - Shutting down service BlockDeletingService
2023-01-16 14:42:26,150 [ForkJoinPool.commonPool-worker-0] INFO  utils.BackgroundService (BackgroundService.java:shutdown(141)) - Shutting down service StaleRecoveringContainerScrubbingService
2023-01-16 14:42:26,151 [ForkJoinPool.commonPool-worker-0] INFO  statemachine.DatanodeStateMachine (DatanodeStateMachine.java:stopDaemon(596)) - Ozone container server stopped.
2023-01-16 14:42:26,163 [ForkJoinPool.commonPool-worker-0] INFO  handler.ContextHandler (ContextHandler.java:doStop(1159)) - Stopped o.e.j.w.WebAppContext@3f34c57b{hddsDatanode,/,null,STOPPED}{jar:file:/home/runner/.m2/repository/org/apache/ozone/hdds-container-service/1.4.0-SNAPSHOT/hdds-container-service-1.4.0-SNAPSHOT.jar!/webapps/hddsDatanode}
2023-01-16 14:42:26,164 [ForkJoinPool.commonPool-worker-0] INFO  server.AbstractConnector (AbstractConnector.java:doStop(383)) - Stopped ServerConnector@4608c405{HTTP/1.1, (http/1.1)}{0.0.0.0:0}
2023-01-16 14:42:26,164 [ForkJoinPool.commonPool-worker-0] INFO  server.session (HouseKeeper.java:stopScavenging(149)) - node0 Stopped scavenging
2023-01-16 14:42:26,165 [ForkJoinPool.commonPool-worker-0] INFO  handler.ContextHandler (ContextHandler.java:doStop(1159)) - Stopped o.e.j.s.ServletContextHandler@4f6a501c{static,/static,jar:file:/home/runner/.m2/repository/org/apache/ozone/hdds-container-service/1.4.0-SNAPSHOT/hdds-container-service-1.4.0-SNAPSHOT.jar!/webapps/static,STOPPED}
2023-01-16 14:42:26,167 [ForkJoinPool.commonPool-worker-0] INFO  handler.ContextHandler (ContextHandler.java:doStop(1159)) - Stopped o.e.j.s.ServletContextHandler@8eec68f{logs,/logs,file:///home/runner/work/ozone/ozone/hadoop-ozone/integration-test/target/log,STOPPED}
2023-01-16 14:42:26,247 [Listener at 127.0.0.1/36907] INFO  volume.HddsVolume (HddsVolume.java:closeDbStore(338)) - SchemaV3 db is stopped at /home/runner/work/ozone/ozone/hadoop-ozone/integration-test/target/test-dir/MiniOzoneClusterImpl-bcd49b6a-245a-4637-b4c9-d6b301a8fda7/datanode-4/data-0/containers/hdds/bcd49b6a-245a-4637-b4c9-d6b301a8fda7/DS-a1309809-f26f-42d1-8570-5368a5c6eae8/container.db for volume DS-a1309809-f26f-42d1-8570-5368a5c6eae8
2023-01-16 14:42:26,247 [Listener at 127.0.0.1/36907] INFO  utils.BackgroundService (BackgroundService.java:shutdown(141)) - Shutting down service BlockDeletingService
2023-01-16 14:42:26,248 [Listener at 127.0.0.1/36907] INFO  utils.BackgroundService (BackgroundService.java:shutdown(141)) - Shutting down service StaleRecoveringContainerScrubbingService
2023-01-16 14:42:26,251 [Listener at 127.0.0.1/36907] INFO  statemachine.DatanodeStateMachine (DatanodeStateMachine.java:stopDaemon(596)) - Ozone container server stopped.
2023-01-16 14:42:26,259 [Listener at 127.0.0.1/36907] INFO  handler.ContextHandler (ContextHandler.java:doStop(1159)) - Stopped o.e.j.w.WebAppContext@7184dfbe{hddsDatanode,/,null,STOPPED}{jar:file:/home/runner/.m2/repository/org/apache/ozone/hdds-container-service/1.4.0-SNAPSHOT/hdds-container-service-1.4.0-SNAPSHOT.jar!/webapps/hddsDatanode}
2023-01-16 14:42:26,260 [Listener at 127.0.0.1/36907] INFO  server.AbstractConnector (AbstractConnector.java:doStop(383)) - Stopped ServerConnector@7f14dc05{HTTP/1.1, (http/1.1)}{0.0.0.0:0}
2023-01-16 14:42:26,260 [Listener at 127.0.0.1/36907] INFO  server.session (HouseKeeper.java:stopScavenging(149)) - node0 Stopped scavenging
2023-01-16 14:42:26,260 [Listener at 127.0.0.1/36907] INFO  handler.ContextHandler (ContextHandler.java:doStop(1159)) - Stopped o.e.j.s.ServletContextHandler@70c36138{static,/static,jar:file:/home/runner/.m2/repository/org/apache/ozone/hdds-container-service/1.4.0-SNAPSHOT/hdds-container-service-1.4.0-SNAPSHOT.jar!/webapps/static,STOPPED}
2023-01-16 14:42:26,260 [Listener at 127.0.0.1/36907] INFO  handler.ContextHandler (ContextHandler.java:doStop(1159)) - Stopped o.e.j.s.ServletContextHandler@1706caf5{logs,/logs,file:///home/runner/work/ozone/ozone/hadoop-ozone/integration-test/target/log,STOPPED}
2023-01-16 14:42:26,262 [Listener at 127.0.0.1/36907] INFO  ozone.MiniOzoneClusterImpl (MiniOzoneClusterImpl.java:stopSCM(539)) - Stopping the StorageContainerManager
2023-01-16 14:42:26,262 [Listener at 127.0.0.1/36907] INFO  server.StorageContainerManager (StorageContainerManager.java:stop(1521)) - Container Balancer is not running.
2023-01-16 14:42:26,263 [Listener at 127.0.0.1/36907] INFO  server.StorageContainerManager (StorageContainerManager.java:stop(1528)) - Stopping Replication Manager Service.
2023-01-16 14:42:26,263 [Listener at 127.0.0.1/36907] INFO  replication.ReplicationManager (ReplicationManager.java:stop(296)) - Stopping Replication Monitor Thread.
2023-01-16 14:42:26,263 [Listener at 127.0.0.1/36907] INFO  server.StorageContainerManager (StorageContainerManager.java:stop(1535)) - Stopping the Datanode Admin Monitor.
2023-01-16 14:42:26,263 [Over Replicated Processor] WARN  replication.UnhealthyReplicationProcessor (UnhealthyReplicationProcessor.java:run(141)) - Over Replicated Processor interrupted. Exiting...
2023-01-16 14:42:26,263 [ReplicationMonitor] INFO  replication.ReplicationManager (ReplicationManager.java:run(667)) - Replication Monitor Thread is stopped
2023-01-16 14:42:26,263 [Listener at 127.0.0.1/36907] INFO  server.StorageContainerManager (StorageContainerManager.java:stop(1542)) - Stopping datanode service RPC server
2023-01-16 14:42:26,263 [Under Replicated Processor] WARN  replication.UnhealthyReplicationProcessor (UnhealthyReplicationProcessor.java:run(141)) - Under Replicated Processor interrupted. Exiting...
2023-01-16 14:42:26,263 [Listener at 127.0.0.1/36907] INFO  server.SCMDatanodeProtocolServer (SCMDatanodeProtocolServer.java:stop(441)) - Stopping the RPC server for DataNodes
2023-01-16 14:42:26,263 [Listener at 127.0.0.1/36907] INFO  ipc.Server (Server.java:stop(3428)) - Stopping server on 36475
2023-01-16 14:42:26,264 [IPC Server Responder] INFO  ipc.Server (Server.java:run(1517)) - Stopping IPC Server Responder
2023-01-16 14:42:26,265 [IPC Server listener on 0] INFO  ipc.Server (Server.java:run(1384)) - Stopping IPC Server listener on 0
2023-01-16 14:42:27,071 [SCM Heartbeat Processing Thread - 0] WARN  node.NodeStateManager (NodeStateManager.java:scheduleNextHealthCheck(870)) - Current Thread is interrupted, shutting down HB processing thread for Node Manager.
2023-01-16 14:42:27,071 [Listener at 127.0.0.1/36907] INFO  server.StorageContainerManager (StorageContainerManager.java:stop(1550)) - Stopping block service RPC server
2023-01-16 14:42:27,071 [Listener at 127.0.0.1/36907] INFO  server.SCMBlockProtocolServer (SCMBlockProtocolServer.java:stop(161)) - Stopping the RPC server for Block Protocol
2023-01-16 14:42:27,071 [Listener at 127.0.0.1/36907] INFO  ipc.Server (Server.java:stop(3428)) - Stopping server on 39641
2023-01-16 14:42:27,072 [IPC Server listener on 0] INFO  ipc.Server (Server.java:run(1384)) - Stopping IPC Server listener on 0
2023-01-16 14:42:27,073 [IPC Server Responder] INFO  ipc.Server (Server.java:run(1517)) - Stopping IPC Server Responder
2023-01-16 14:42:27,073 [Listener at 127.0.0.1/36907] INFO  server.StorageContainerManager (StorageContainerManager.java:stop(1557)) - Stopping the StorageContainerLocationProtocol RPC server
2023-01-16 14:42:27,074 [Listener at 127.0.0.1/36907] INFO  server.SCMClientProtocolServer (SCMClientProtocolServer.java:stop(179)) - Stopping the RPC server for Client Protocol
2023-01-16 14:42:27,074 [Listener at 127.0.0.1/36907] INFO  ipc.Server (Server.java:stop(3428)) - Stopping server on 34067
2023-01-16 14:42:27,075 [IPC Server listener on 0] INFO  ipc.Server (Server.java:run(1384)) - Stopping IPC Server listener on 0
2023-01-16 14:42:27,076 [IPC Server Responder] INFO  ipc.Server (Server.java:run(1517)) - Stopping IPC Server Responder
2023-01-16 14:42:27,076 [Listener at 127.0.0.1/36907] INFO  server.StorageContainerManager (StorageContainerManager.java:stop(1564)) - Stopping Storage Container Manager HTTP server.
2023-01-16 14:42:27,078 [Listener at 127.0.0.1/36907] INFO  handler.ContextHandler (ContextHandler.java:doStop(1159)) - Stopped o.e.j.w.WebAppContext@5b3c2a9f{scm,/,null,STOPPED}{file:/home/runner/work/ozone/ozone/hadoop-ozone/integration-test/target/test-classes/webapps/scm}
2023-01-16 14:42:27,079 [Listener at 127.0.0.1/36907] INFO  server.AbstractConnector (AbstractConnector.java:doStop(383)) - Stopped ServerConnector@518b0c12{HTTP/1.1, (http/1.1)}{0.0.0.0:0}
2023-01-16 14:42:27,079 [Listener at 127.0.0.1/36907] INFO  server.session (HouseKeeper.java:stopScavenging(149)) - node0 Stopped scavenging
2023-01-16 14:42:27,080 [Listener at 127.0.0.1/36907] INFO  handler.ContextHandler (ContextHandler.java:doStop(1159)) - Stopped o.e.j.s.ServletContextHandler@7c919e1e{static,/static,file:///home/runner/work/ozone/ozone/hadoop-ozone/integration-test/target/test-classes/webapps/static,STOPPED}
2023-01-16 14:42:27,080 [Listener at 127.0.0.1/36907] INFO  handler.ContextHandler (ContextHandler.java:doStop(1159)) - Stopped o.e.j.s.ServletContextHandler@21202507{logs,/logs,file:///home/runner/work/ozone/ozone/hadoop-ozone/integration-test/target/log,STOPPED}
2023-01-16 14:42:27,081 [Listener at 127.0.0.1/36907] INFO  server.StorageContainerManager (StorageContainerManager.java:stop(1570)) - Stopping SCM LayoutVersionManager Service.
2023-01-16 14:42:27,081 [Listener at 127.0.0.1/36907] INFO  server.StorageContainerManager (StorageContainerManager.java:stop(1578)) - Stopping Block Manager Service.
2023-01-16 14:42:27,081 [Listener at 127.0.0.1/36907] INFO  utils.BackgroundService (BackgroundService.java:shutdown(141)) - Shutting down service SCMBlockDeletingService
2023-01-16 14:42:27,081 [Listener at 127.0.0.1/36907] INFO  utils.BackgroundService (BackgroundService.java:shutdown(141)) - Shutting down service SCMBlockDeletingService
2023-01-16 14:42:27,081 [Listener at 127.0.0.1/36907] INFO  server.StorageContainerManager (StorageContainerManager.java:stop(1600)) - Stopping SCM Event Queue.
2023-01-16 14:42:27,083 [Listener at 127.0.0.1/36907] INFO  server.StorageContainerManager (StorageContainerManager.java:stop(1611)) - Stopping SCM HA services.
2023-01-16 14:42:27,084 [Listener at 127.0.0.1/36907] INFO  pipeline.BackgroundPipelineCreator (BackgroundPipelineCreator.java:stop(149)) - Stopping RatisPipelineUtilsThread.
2023-01-16 14:42:27,084 [RatisPipelineUtilsThread - 0] WARN  pipeline.BackgroundPipelineCreator (BackgroundPipelineCreator.java:run(180)) - RatisPipelineUtilsThread is interrupted.
2023-01-16 14:42:27,084 [Listener at 127.0.0.1/36907] INFO  BackgroundPipelineScrubber (BackgroundSCMService.java:stop(131)) - Stopping BackgroundPipelineScrubber Service.
2023-01-16 14:42:27,084 [BackgroundPipelineScrubberThread] WARN  BackgroundPipelineScrubber (BackgroundSCMService.java:run(115)) - BackgroundPipelineScrubber is interrupted, exit
2023-01-16 14:42:27,085 [Listener at 127.0.0.1/36907] INFO  impl.MetricsSystemImpl (MetricsSystemImpl.java:stop(210)) - Stopping HddsDatanode metrics system...
2023-01-16 14:42:27,087 [prometheus] INFO  impl.MetricsSinkAdapter (MetricsSinkAdapter.java:publishMetricsFromQueue(141)) - prometheus thread interrupted.
2023-01-16 14:42:27,087 [Listener at 127.0.0.1/36907] INFO  impl.MetricsSystemImpl (MetricsSystemImpl.java:stop(216)) - HddsDatanode metrics system stopped.
2023-01-16 14:42:27,088 [Listener at 127.0.0.1/36907] WARN  pipeline.BackgroundPipelineCreator (BackgroundPipelineCreator.java:stop(145)) - RatisPipelineUtilsThread is not running, just ignore.
2023-01-16 14:42:27,088 [Listener at 127.0.0.1/36907] INFO  BackgroundPipelineScrubber (BackgroundSCMService.java:stop(126)) - BackgroundPipelineScrubber Service is not running, skip stop.
2023-01-16 14:42:27,088 [ExpiredContainerReplicaOpScrubberThread] WARN  ExpiredContainerReplicaOpScrubber (BackgroundSCMService.java:run(115)) - ExpiredContainerReplicaOpScrubber is interrupted, exit
2023-01-16 14:42:27,088 [Listener at 127.0.0.1/36907] INFO  ExpiredContainerReplicaOpScrubber (BackgroundSCMService.java:stop(131)) - Stopping ExpiredContainerReplicaOpScrubber Service.
2023-01-16 14:42:27,088 [Listener at 127.0.0.1/36907] INFO  utils.BackgroundService (BackgroundService.java:shutdown(141)) - Shutting down service SCMBlockDeletingService
2023-01-16 14:42:27,088 [Listener at 127.0.0.1/36907] INFO  replication.ReplicationManager (ReplicationManager.java:stop(304)) - Replication Monitor Thread is not running.
2023-01-16 14:42:27,088 [Listener at 127.0.0.1/36907] WARN  balancer.ContainerBalancer (ContainerBalancer.java:stop(322)) - Cannot stop Container Balancer because it's not running or stopping
2023-01-16 14:42:27,089 [Listener at 127.0.0.1/36907] INFO  server.StorageContainerManager (StorageContainerManager.java:stop(1629)) - Stopping SCM MetadataStore.
]]></system-out>
  </testcase>
  <testcase name="testPipelineCreationOnNodeRestart" classname="org.apache.hadoop.hdds.scm.pipeline.TestRatisPipelineCreateAndDestroy" time="26.229">
    <system-out><![CDATA[2023-01-16 14:42:27,164 [Listener at 127.0.0.1/36907] WARN  server.ServerUtils (ServerUtils.java:getScmDbDir(148)) - ozone.scm.db.dirs is not configured. We recommend adding this setting. Falling back to ozone.metadata.dirs instead.
2023-01-16 14:42:27,171 [Listener at 127.0.0.1/36907] WARN  server.ServerUtils (ServerUtils.java:getScmDbDir(148)) - ozone.scm.db.dirs is not configured. We recommend adding this setting. Falling back to ozone.metadata.dirs instead.
2023-01-16 14:42:27,172 [Listener at 127.0.0.1/36907] INFO  ha.SCMHANodeDetails (SCMHANodeDetails.java:loadSCMHAConfig(209)) - ServiceID for StorageContainerManager is null
2023-01-16 14:42:27,172 [Listener at 127.0.0.1/36907] INFO  ha.SCMHANodeDetails (SCMHANodeDetails.java:loadSCMHAConfig(214)) - ozone.scm.default.service.id is not defined, falling back to ozone.scm.service.ids to find serviceID for StorageContainerManager if it is HA enabled cluster
2023-01-16 14:42:27,173 [Listener at 127.0.0.1/36907] WARN  utils.HAUtils (HAUtils.java:getMetaDir(342)) - ozone.scm.db.dirs is not configured. We recommend adding this setting. Falling back to ozone.metadata.dirs instead.
2023-01-16 14:42:27,174 [Listener at 127.0.0.1/36907] WARN  db.DBStoreBuilder (DBStoreBuilder.java:applyDBDefinition(144)) - ozone.scm.db.dirs is not configured. We recommend adding this setting. Falling back to ozone.metadata.dirs instead.
2023-01-16 14:42:27,275 [Listener at 127.0.0.1/36907] INFO  net.NodeSchemaLoader (NodeSchemaLoader.java:loadSchemaFromFile(129)) - Loading schema from [jar:file:/home/runner/.m2/repository/org/apache/ozone/hdds-common/1.4.0-SNAPSHOT/hdds-common-1.4.0-SNAPSHOT.jar!/network-topology-default.xml]
2023-01-16 14:42:27,275 [Listener at 127.0.0.1/36907] INFO  net.NodeSchemaLoader (NodeSchemaLoader.java:loadSchema(176)) - Loading network topology layer schema file
2023-01-16 14:42:27,278 [Listener at 127.0.0.1/36907] INFO  upgrade.AbstractLayoutVersionManager (AbstractLayoutVersionManager.java:init(83)) - Initializing Layout version manager with metadata layout = DATANODE_SCHEMA_V3 (version = 4), software layout = DATANODE_SCHEMA_V3 (version = 4)
2023-01-16 14:42:27,322 [Listener at 127.0.0.1/36907] INFO  reflections.Reflections (Reflections.java:scan(232)) - Reflections took 43 ms to scan 7 urls, producing 146 keys and 350 values 
2023-01-16 14:42:27,325 [Listener at 127.0.0.1/36907] INFO  ha.SequenceIdGenerator (SequenceIdGenerator.java:upgradeToSequenceId(349)) - upgrade localId to 111677748019200000
2023-01-16 14:42:27,325 [Listener at 127.0.0.1/36907] INFO  ha.SequenceIdGenerator (SequenceIdGenerator.java:upgradeToSequenceId(359)) - upgrade delTxnId to 0
2023-01-16 14:42:27,325 [Listener at 127.0.0.1/36907] INFO  ha.SequenceIdGenerator (SequenceIdGenerator.java:upgradeToSequenceId(376)) - upgrade containerId to 0
2023-01-16 14:42:27,325 [Listener at 127.0.0.1/36907] INFO  ha.SequenceIdGenerator (SequenceIdGenerator.java:<init>(220)) - Init the HA SequenceIdGenerator.
2023-01-16 14:42:27,326 [Listener at 127.0.0.1/36907] WARN  server.ServerUtils (ServerUtils.java:sanitizeUserArgs(67)) - ozone.scm.stale.node.interval value = 5000 is smaller than min = 6000 based on the key value of hdds.heartbeat.interval, reset to the min value 6000.
2023-01-16 14:42:27,326 [Listener at 127.0.0.1/36907] WARN  server.ServerUtils (ServerUtils.java:sanitizeUserArgs(67)) - ozone.scm.stale.node.interval value = 5000 is smaller than min = 6000 based on the key value of hdds.heartbeat.interval, reset to the min value 6000.
2023-01-16 14:42:27,326 [Listener at 127.0.0.1/36907] INFO  node.SCMNodeManager (SCMNodeManager.java:<init>(149)) - Entering startup safe mode.
2023-01-16 14:42:27,327 [Listener at 127.0.0.1/36907] INFO  algorithms.ContainerPlacementPolicyFactory (ContainerPlacementPolicyFactory.java:getPolicyInternal(86)) - Create container placement policy of type org.apache.hadoop.hdds.scm.container.placement.algorithms.SCMContainerPlacementRandom
2023-01-16 14:42:27,327 [Listener at 127.0.0.1/36907] INFO  algorithms.ContainerPlacementPolicyFactory (ContainerPlacementPolicyFactory.java:getPolicyInternal(86)) - Create container placement policy of type org.apache.hadoop.hdds.scm.container.placement.algorithms.SCMContainerPlacementRackScatter
2023-01-16 14:42:27,327 [Listener at 127.0.0.1/36907] INFO  pipeline.PipelineStateManagerImpl (PipelineStateManagerImpl.java:initialize(78)) - No pipeline exists in current db
2023-01-16 14:42:27,327 [Listener at 127.0.0.1/36907] INFO  algorithms.LeaderChoosePolicyFactory (LeaderChoosePolicyFactory.java:getPolicy(57)) - Create leader choose policy of type org.apache.hadoop.hdds.scm.pipeline.leader.choose.algorithms.MinLeaderCountChoosePolicy
2023-01-16 14:42:27,327 [Listener at 127.0.0.1/36907] INFO  algorithms.ContainerPlacementPolicyFactory (ContainerPlacementPolicyFactory.java:getPolicyInternal(86)) - Create container placement policy of type org.apache.hadoop.hdds.scm.container.placement.algorithms.SCMContainerPlacementRackScatter
2023-01-16 14:42:27,328 [Listener at 127.0.0.1/36907] INFO  ha.SCMServiceManager (SCMServiceManager.java:register(42)) - Registering service BackgroundPipelineCreator.
2023-01-16 14:42:27,328 [Listener at 127.0.0.1/36907] INFO  pipeline.BackgroundPipelineCreator (BackgroundPipelineCreator.java:start(124)) - Starting RatisPipelineUtilsThread.
2023-01-16 14:42:27,329 [Listener at 127.0.0.1/36907] INFO  BackgroundPipelineScrubber (BackgroundSCMService.java:start(68)) - Starting BackgroundPipelineScrubber Service.
2023-01-16 14:42:27,329 [Listener at 127.0.0.1/36907] INFO  ha.SCMServiceManager (SCMServiceManager.java:register(42)) - Registering service BackgroundPipelineScrubber.
2023-01-16 14:42:27,329 [Listener at 127.0.0.1/36907] INFO  ExpiredContainerReplicaOpScrubber (BackgroundSCMService.java:start(68)) - Starting ExpiredContainerReplicaOpScrubber Service.
2023-01-16 14:42:27,330 [Listener at 127.0.0.1/36907] INFO  ha.SCMServiceManager (SCMServiceManager.java:register(42)) - Registering service ExpiredContainerReplicaOpScrubber.
2023-01-16 14:42:27,331 [Listener at 127.0.0.1/36907] INFO  algorithms.PipelineChoosePolicyFactory (PipelineChoosePolicyFactory.java:createPipelineChoosePolicyFromClass(73)) - Create pipeline choose policy of type org.apache.hadoop.hdds.scm.pipeline.choose.algorithms.RandomPipelineChoosePolicy
2023-01-16 14:42:27,331 [Listener at 127.0.0.1/36907] INFO  ha.SCMServiceManager (SCMServiceManager.java:register(42)) - Registering service SCMBlockDeletingService.
2023-01-16 14:42:27,332 [Listener at 127.0.0.1/36907] INFO  replication.ReplicationManager (ReplicationManager.java:start(261)) - Starting Replication Monitor Thread.
2023-01-16 14:42:27,335 [Listener at 127.0.0.1/36907] INFO  ha.SCMServiceManager (SCMServiceManager.java:register(42)) - Registering service ReplicationManager.
2023-01-16 14:42:27,340 [Listener at 127.0.0.1/36907] INFO  safemode.ContainerSafeModeRule (ContainerSafeModeRule.java:<init>(89)) - containers with one replica threshold count 0
2023-01-16 14:42:27,340 [ReplicationMonitor] INFO  replication.ReplicationManager (ReplicationManager.java:processAll(330)) - Replication Manager is not ready to run until 3000ms after safemode exit
2023-01-16 14:42:27,341 [Listener at 127.0.0.1/36907] INFO  safemode.HealthyPipelineSafeModeRule (HealthyPipelineSafeModeRule.java:initializeRule(169)) - Total pipeline count is 0, healthy pipeline threshold count is 1
2023-01-16 14:42:27,341 [Listener at 127.0.0.1/36907] INFO  safemode.OneReplicaPipelineSafeModeRule (OneReplicaPipelineSafeModeRule.java:initializeRule(180)) - Total pipeline count is 0, pipeline's with at least one datanode reported threshold count is 0
2023-01-16 14:42:27,341 [Listener at 127.0.0.1/36907] INFO  ipc.CallQueueManager (CallQueueManager.java:<init>(90)) - Using callQueue: class java.util.concurrent.LinkedBlockingQueue, queueCapacity: 2000, scheduler: class org.apache.hadoop.ipc.DefaultRpcScheduler, ipcBackoff: false.
2023-01-16 14:42:27,342 [Socket Reader #1 for port 0] INFO  ipc.Server (Server.java:run(1273)) - Starting Socket Reader #1 for port 0
2023-01-16 14:42:27,343 [Listener at 0.0.0.0/45035] INFO  ipc.CallQueueManager (CallQueueManager.java:<init>(90)) - Using callQueue: class java.util.concurrent.LinkedBlockingQueue, queueCapacity: 2000, scheduler: class org.apache.hadoop.ipc.DefaultRpcScheduler, ipcBackoff: false.
2023-01-16 14:42:27,343 [Socket Reader #1 for port 0] INFO  ipc.Server (Server.java:run(1273)) - Starting Socket Reader #1 for port 0
2023-01-16 14:42:27,344 [Listener at 0.0.0.0/39633] INFO  ipc.CallQueueManager (CallQueueManager.java:<init>(90)) - Using callQueue: class java.util.concurrent.LinkedBlockingQueue, queueCapacity: 2000, scheduler: class org.apache.hadoop.ipc.DefaultRpcScheduler, ipcBackoff: false.
2023-01-16 14:42:27,345 [Socket Reader #1 for port 0] INFO  ipc.Server (Server.java:run(1273)) - Starting Socket Reader #1 for port 0
2023-01-16 14:42:27,352 [Listener at 0.0.0.0/43353] INFO  ha.SCMServiceManager (SCMServiceManager.java:register(42)) - Registering service ContainerBalancer.
2023-01-16 14:42:27,352 [Listener at 0.0.0.0/43353] INFO  server.StorageContainerManager (StorageContainerManager.java:<init>(399)) - 
Container Balancer status:
Key                            Value
Running                        true
Container Balancer Configuration values:
Key                                                Value
Threshold                                          10
Max Datanodes to Involve per Iteration(percent)    20
Max Size to Move per Iteration                     500GB
Max Size Entering Target per Iteration             26GB
Max Size Leaving Source per Iteration              26GB

2023-01-16 14:42:27,353 [Listener at 0.0.0.0/43353] INFO  ha.SCMContext (SCMContext.java:updateSafeModeStatus(228)) - Update SafeModeStatus from SafeModeStatus{safeModeStatus=true, preCheckPassed=false} to SafeModeStatus{safeModeStatus=true, preCheckPassed=false}.
2023-01-16 14:42:27,353 [Listener at 0.0.0.0/43353] INFO  server.StorageContainerManager (StorageContainerManager.java:start(1426)) - StorageContainerLocationProtocol RPC server is listening at /0.0.0.0:43353
2023-01-16 14:42:27,354 [Listener at 0.0.0.0/43353] WARN  impl.MetricsConfig (MetricsConfig.java:loadFirst(136)) - Cannot locate configuration: tried hadoop-metrics2-storagecontainermanager.properties,hadoop-metrics2.properties
2023-01-16 14:42:27,357 [Listener at 0.0.0.0/43353] INFO  impl.MetricsSystemImpl (MetricsSystemImpl.java:startTimer(378)) - Scheduled Metric snapshot period at 10 second(s).
2023-01-16 14:42:27,357 [Listener at 0.0.0.0/43353] INFO  impl.MetricsSystemImpl (MetricsSystemImpl.java:start(191)) - StorageContainerManager metrics system started
2023-01-16 14:42:27,372 [Listener at 0.0.0.0/43353] INFO  impl.MetricsSinkAdapter (MetricsSinkAdapter.java:start(204)) - Sink prometheus started
2023-01-16 14:42:27,372 [Listener at 0.0.0.0/43353] INFO  impl.MetricsSystemImpl (MetricsSystemImpl.java:registerSink(305)) - Registered sink prometheus
2023-01-16 14:42:27,385 [Listener at 0.0.0.0/43353] INFO  server.SCMClientProtocolServer (SCMClientProtocolServer.java:start(170)) - RPC server for Client  is listening at /0.0.0.0:43353
2023-01-16 14:42:27,385 [IPC Server Responder] INFO  ipc.Server (Server.java:run(1512)) - IPC Server Responder: starting
2023-01-16 14:42:27,385 [IPC Server listener on 0] INFO  ipc.Server (Server.java:run(1352)) - IPC Server listener on 0: starting
2023-01-16 14:42:27,392 [Listener at 0.0.0.0/43353] INFO  server.StorageContainerManager (StorageContainerManager.java:start(1440)) - ScmBlockLocationProtocol RPC server is listening at /0.0.0.0:39633
2023-01-16 14:42:27,392 [Listener at 0.0.0.0/43353] INFO  server.SCMBlockProtocolServer (SCMBlockProtocolServer.java:start(152)) - RPC server for Block Protocol is listening at /0.0.0.0:39633
2023-01-16 14:42:27,392 [IPC Server Responder] INFO  ipc.Server (Server.java:run(1512)) - IPC Server Responder: starting
2023-01-16 14:42:27,393 [IPC Server listener on 0] INFO  ipc.Server (Server.java:run(1352)) - IPC Server listener on 0: starting
2023-01-16 14:42:27,395 [Listener at 0.0.0.0/43353] INFO  server.SCMDatanodeProtocolServer (SCMDatanodeProtocolServer.java:start(194)) - ScmDatanodeProtocol RPC server for DataNodes is listening at /0.0.0.0:45035
2023-01-16 14:42:27,395 [IPC Server Responder] INFO  ipc.Server (Server.java:run(1512)) - IPC Server Responder: starting
2023-01-16 14:42:27,396 [IPC Server listener on 0] INFO  ipc.Server (Server.java:run(1352)) - IPC Server listener on 0: starting
2023-01-16 14:42:27,405 [org.apache.hadoop.util.JvmPauseMonitor$Monitor@58048676] INFO  util.JvmPauseMonitor (JvmPauseMonitor.java:run(188)) - Starting JVM pause monitor
2023-01-16 14:42:27,406 [Listener at 0.0.0.0/43353] INFO  http.BaseHttpServer (BaseHttpServer.java:newHttpServer2BuilderForOzone(213)) - Starting Web-server for scm at: http://0.0.0.0:0
2023-01-16 14:42:27,406 [Listener at 0.0.0.0/43353] INFO  http.BaseHttpServer (BaseHttpServer.java:<init>(108)) - Hadoop Security Enabled: false Ozone Security Enabled: false Ozone HTTP Security Enabled: false 
2023-01-16 14:42:27,408 [Listener at 0.0.0.0/43353] WARN  server.AuthenticationFilter (AuthenticationFilter.java:constructSecretProvider(240)) - Unable to initialize FileSignerSecretProvider, falling back to use random secrets. Reason: Could not read signature secret file: /home/runner/hadoop-http-auth-signature-secret
2023-01-16 14:42:27,409 [Listener at 0.0.0.0/43353] WARN  http.HttpRequestLog (HttpRequestLog.java:getRequestLog(103)) - Jetty request log can only be enabled using Log4j
2023-01-16 14:42:27,410 [Listener at 0.0.0.0/43353] INFO  http.HttpServer2 (HttpServer2.java:addGlobalFilter(1031)) - Added global filter 'safety' (class=org.apache.hadoop.hdds.server.http.HttpServer2$QuotingInputFilter)
2023-01-16 14:42:27,412 [Listener at 0.0.0.0/43353] INFO  http.HttpServer2 (HttpServer2.java:addFilter(1007)) - Added filter static_user_filter (class=org.apache.hadoop.http.lib.StaticUserWebFilter$StaticUserFilter) to context scm
2023-01-16 14:42:27,412 [Listener at 0.0.0.0/43353] INFO  http.HttpServer2 (HttpServer2.java:addFilter(1015)) - Added filter static_user_filter (class=org.apache.hadoop.http.lib.StaticUserWebFilter$StaticUserFilter) to context logs
2023-01-16 14:42:27,412 [Listener at 0.0.0.0/43353] INFO  http.HttpServer2 (HttpServer2.java:addFilter(1015)) - Added filter static_user_filter (class=org.apache.hadoop.http.lib.StaticUserWebFilter$StaticUserFilter) to context static
2023-01-16 14:42:27,412 [Listener at 0.0.0.0/43353] INFO  http.HttpServer2 (HttpServer2.java:bindListener(1250)) - Jetty bound to port 36263
2023-01-16 14:42:27,413 [Listener at 0.0.0.0/43353] INFO  server.Server (Server.java:doStart(375)) - jetty-9.4.49.v20220914; built: 2022-09-14T01:07:36.601Z; git: 4231a3b2e4cb8548a412a789936d640a97b1aa0a; jvm 1.8.0_352-b08
2023-01-16 14:42:27,416 [Listener at 0.0.0.0/43353] INFO  server.session (DefaultSessionIdManager.java:doStart(334)) - DefaultSessionIdManager workerName=node0
2023-01-16 14:42:27,416 [Listener at 0.0.0.0/43353] INFO  server.session (DefaultSessionIdManager.java:doStart(339)) - No SessionScavenger set, using defaults
2023-01-16 14:42:27,417 [Listener at 0.0.0.0/43353] INFO  server.session (HouseKeeper.java:startScavenging(132)) - node0 Scavenging every 600000ms
2023-01-16 14:42:27,417 [Listener at 0.0.0.0/43353] INFO  handler.ContextHandler (ContextHandler.java:doStart(921)) - Started o.e.j.s.ServletContextHandler@6c138e{logs,/logs,file:///home/runner/work/ozone/ozone/hadoop-ozone/integration-test/target/log,AVAILABLE}
2023-01-16 14:42:27,418 [Listener at 0.0.0.0/43353] INFO  handler.ContextHandler (ContextHandler.java:doStart(921)) - Started o.e.j.s.ServletContextHandler@1cad68ca{static,/static,file:///home/runner/work/ozone/ozone/hadoop-ozone/integration-test/target/test-classes/webapps/static,AVAILABLE}
2023-01-16 14:42:27,421 [Listener at 0.0.0.0/43353] INFO  handler.ContextHandler (ContextHandler.java:doStart(921)) - Started o.e.j.w.WebAppContext@62754600{scm,/,file:///home/runner/work/ozone/ozone/hadoop-ozone/integration-test/target/test-classes/webapps/scm/,AVAILABLE}{file:/home/runner/work/ozone/ozone/hadoop-ozone/integration-test/target/test-classes/webapps/scm}
2023-01-16 14:42:27,422 [Listener at 0.0.0.0/43353] INFO  server.AbstractConnector (AbstractConnector.java:doStart(333)) - Started ServerConnector@142e0283{HTTP/1.1, (http/1.1)}{0.0.0.0:36263}
2023-01-16 14:42:27,422 [Listener at 0.0.0.0/43353] INFO  server.Server (Server.java:doStart(415)) - Started @50375ms
2023-01-16 14:42:27,422 [Listener at 0.0.0.0/43353] WARN  impl.MetricsSystemImpl (MetricsSystemImpl.java:register(279)) - Sink prometheus already exists!
2023-01-16 14:42:27,423 [Listener at 0.0.0.0/43353] INFO  http.BaseHttpServer (BaseHttpServer.java:updateConnectorAddress(333)) - HTTP server of scm listening at http://0.0.0.0:36263
2023-01-16 14:42:27,423 [Listener at 0.0.0.0/43353] WARN  server.ServerUtils (ServerUtils.java:getDBPath(225)) - ozone.om.db.dirs is not configured. We recommend adding this setting. Falling back to ozone.metadata.dirs instead.
2023-01-16 14:42:27,425 [Listener at 0.0.0.0/43353] INFO  ha.OMHANodeDetails (OMHANodeDetails.java:loadOMHAConfig(115)) - ozone.om.internal.service.id is not defined, falling back to ozone.om.service.ids to find serviceID for OzoneManager if it is HA enabled cluster
2023-01-16 14:42:27,425 [Listener at 0.0.0.0/43353] INFO  ha.OMHANodeDetails (OMHANodeDetails.java:loadOMHAConfig(226)) - Configuration does not have ozone.om.address set. Falling back to the default OM address /127.0.0.1:0
2023-01-16 14:42:27,425 [Listener at 0.0.0.0/43353] INFO  ha.OMHANodeDetails (OMHANodeDetails.java:getOMNodeDetailsForNonHA(254)) - OM Service ID is not set. Setting it to the default ID: omServiceIdDefault
2023-01-16 14:42:27,425 [Listener at 0.0.0.0/43353] INFO  ha.OMHANodeDetails (OMHANodeDetails.java:getOMNodeDetailsForNonHA(261)) - OM Node ID is not set. Setting it to the default ID: om1
2023-01-16 14:42:27,426 [Listener at 0.0.0.0/43353] WARN  server.ServerUtils (ServerUtils.java:getDBPath(225)) - ozone.om.db.dirs is not configured. We recommend adding this setting. Falling back to ozone.metadata.dirs instead.
2023-01-16 14:42:27,427 [Listener at 0.0.0.0/43353] INFO  upgrade.AbstractLayoutVersionManager (AbstractLayoutVersionManager.java:init(83)) - Initializing Layout version manager with metadata layout = MULTITENANCY_SCHEMA (version = 3), software layout = MULTITENANCY_SCHEMA (version = 3)
2023-01-16 14:42:27,494 [Listener at 0.0.0.0/43353] INFO  reflections.Reflections (Reflections.java:scan(232)) - Reflections took 66 ms to scan 2 urls, producing 155 keys and 428 values [using 2 cores]
2023-01-16 14:42:27,494 [Listener at 0.0.0.0/43353] INFO  upgrade.OMLayoutVersionManager (OMLayoutVersionManager.java:lambda$0(115)) - Skipping Upgrade Action MockOmUpgradeAction since it has been finalized.
2023-01-16 14:42:27,495 [Listener at 0.0.0.0/43353] WARN  server.ServerUtils (ServerUtils.java:getDBPath(225)) - ozone.om.db.dirs is not configured. We recommend adding this setting. Falling back to ozone.metadata.dirs instead.
2023-01-16 14:42:27,496 [Listener at 0.0.0.0/43353] INFO  proxy.SCMBlockLocationFailoverProxyProvider (SCMBlockLocationFailoverProxyProvider.java:<init>(114)) - Created block location fail-over proxy with 1 nodes: [nodeId=scmNodeId,nodeAddress=/0.0.0.0:39633]
2023-01-16 14:42:27,498 [Listener at 0.0.0.0/43353] INFO  proxy.SCMBlockLocationFailoverProxyProvider (SCMBlockLocationFailoverProxyProvider.java:<init>(114)) - Created block location fail-over proxy with 1 nodes: [nodeId=scmNodeId,nodeAddress=/0.0.0.0:39633]
2023-01-16 14:42:27,513 [Listener at 0.0.0.0/43353] WARN  server.ServerUtils (ServerUtils.java:getDBPath(225)) - ozone.om.db.dirs is not configured. We recommend adding this setting. Falling back to ozone.metadata.dirs instead.
2023-01-16 14:42:27,514 [Listener at 0.0.0.0/43353] INFO  codec.OmKeyInfoCodec (OmKeyInfoCodec.java:<init>(49)) - OmKeyInfoCodec ignorePipeline = true
2023-01-16 14:42:27,514 [Listener at 0.0.0.0/43353] INFO  codec.RepeatedOmKeyInfoCodec (RepeatedOmKeyInfoCodec.java:<init>(41)) - RepeatedOmKeyInfoCodec ignorePipeline = true
2023-01-16 14:42:27,664 [Listener at 0.0.0.0/43353] INFO  om.OzoneManager (OzoneManager.java:instantiateServices(717)) - S3 Multi-Tenancy is disabled
2023-01-16 14:42:27,665 [Listener at 0.0.0.0/43353] INFO  om.OzoneManager (OzoneManager.java:addS3GVolumeToDB(4289)) - Created Volume s3v With Owner runner required for S3Gateway operations.
2023-01-16 14:42:27,665 [Listener at 0.0.0.0/43353] WARN  server.ServerUtils (ServerUtils.java:getDefaultRatisDirectory(237)) - Storage directory for Ratis is not configured. It is a good idea to map this to an SSD disk. Falling back to ozone.metadata.dirs
2023-01-16 14:42:27,666 [Listener at 0.0.0.0/43353] WARN  utils.OzoneManagerRatisUtils (OzoneManagerRatisUtils.java:getOMRatisSnapshotDirectory(431)) - ozone.om.ratis.snapshot.dir is not configured. Falling back to ozone.metadata.dirs config
2023-01-16 14:42:27,666 [Listener at 0.0.0.0/43353] WARN  server.ServerUtils (ServerUtils.java:getDefaultRatisDirectory(237)) - Storage directory for Ratis is not configured. It is a good idea to map this to an SSD disk. Falling back to ozone.metadata.dirs
2023-01-16 14:42:27,667 [Listener at 0.0.0.0/43353] INFO  ratis.OzoneManagerRatisServer (OzoneManagerRatisServer.java:<init>(160)) - Instantiating OM Ratis server with groupID: omServiceIdDefault and peers: localhost:9872
2023-01-16 14:42:27,668 [Listener at 0.0.0.0/43353] INFO  ratis.OzoneManagerStateMachine (OzoneManagerStateMachine.java:loadSnapshotInfoFromDB(636)) - LastAppliedIndex is set from TransactionInfo from OM DB as (t:0, i:~)
2023-01-16 14:42:27,668 [Listener at 0.0.0.0/43353] INFO  server.RaftServer (ConfUtils.java:logGet(46)) - raft.rpc.type = GRPC (default)
2023-01-16 14:42:27,668 [Listener at 0.0.0.0/43353] INFO  grpc.GrpcConfigKeys (ConfUtils.java:logFallback(53)) - raft.grpc.admin.host = null (fallback to raft.grpc.server.host)
2023-01-16 14:42:27,668 [Listener at 0.0.0.0/43353] INFO  grpc.GrpcConfigKeys (ConfUtils.java:logFallback(53)) - raft.grpc.admin.port = 9872 (fallback to raft.grpc.server.port)
2023-01-16 14:42:27,668 [Listener at 0.0.0.0/43353] INFO  grpc.GrpcConfigKeys (ConfUtils.java:logFallback(53)) - raft.grpc.client.host = null (fallback to raft.grpc.server.host)
2023-01-16 14:42:27,669 [Listener at 0.0.0.0/43353] INFO  grpc.GrpcConfigKeys (ConfUtils.java:logFallback(53)) - raft.grpc.client.port = 9872 (fallback to raft.grpc.server.port)
2023-01-16 14:42:27,669 [Listener at 0.0.0.0/43353] INFO  grpc.GrpcConfigKeys (ConfUtils.java:logGet(46)) - raft.grpc.server.host = null (default)
2023-01-16 14:42:27,669 [Listener at 0.0.0.0/43353] INFO  grpc.GrpcConfigKeys (ConfUtils.java:logGet(46)) - raft.grpc.server.port = 9872 (custom)
2023-01-16 14:42:27,669 [Listener at 0.0.0.0/43353] INFO  server.GrpcService (ConfUtils.java:logGet(46)) - raft.grpc.message.size.max = 33554432 (custom)
2023-01-16 14:42:27,669 [Listener at 0.0.0.0/43353] INFO  server.RaftServerConfigKeys (ConfUtils.java:logGet(46)) - raft.server.log.appender.buffer.byte-limit = 33554432 (custom)
2023-01-16 14:42:27,669 [Listener at 0.0.0.0/43353] INFO  server.GrpcService (ConfUtils.java:logGet(46)) - raft.grpc.flow.control.window = 1MB (=1048576) (default)
2023-01-16 14:42:27,669 [Listener at 0.0.0.0/43353] INFO  server.RaftServerConfigKeys (ConfUtils.java:logGet(46)) - raft.server.rpc.request.timeout = 3000ms (default)
2023-01-16 14:42:27,669 [Listener at 0.0.0.0/43353] INFO  grpc.GrpcConfigKeys (ConfUtils.java:logGet(46)) - raft.grpc.server.heartbeat.channel = true (default)
2023-01-16 14:42:27,670 [Listener at 0.0.0.0/43353] INFO  grpc.GrpcConfigKeys (ConfUtils.java:logGet(46)) - raft.grpc.server.async.request.thread.pool.cached = true (default)
2023-01-16 14:42:27,670 [Listener at 0.0.0.0/43353] INFO  grpc.GrpcConfigKeys (ConfUtils.java:logGet(46)) - raft.grpc.server.async.request.thread.pool.size = 32 (default)
2023-01-16 14:42:27,671 [Listener at 0.0.0.0/43353] INFO  impl.DataStreamServerImpl (ConfUtils.java:logGet(46)) - raft.datastream.type = NETTY (custom)
2023-01-16 14:42:27,672 [Listener at 0.0.0.0/43353] INFO  server.RaftServerConfigKeys (ConfUtils.java:logGet(46)) - raft.server.data-stream.async.request.thread.pool.cached = false (default)
2023-01-16 14:42:27,672 [Listener at 0.0.0.0/43353] INFO  server.RaftServerConfigKeys (ConfUtils.java:logGet(46)) - raft.server.data-stream.async.request.thread.pool.size = 32 (default)
2023-01-16 14:42:27,672 [Listener at 0.0.0.0/43353] INFO  server.RaftServerConfigKeys (ConfUtils.java:logGet(46)) - raft.server.data-stream.async.write.thread.pool.size = 16 (default)
2023-01-16 14:42:27,672 [Listener at 0.0.0.0/43353] INFO  server.RaftServerConfigKeys (ConfUtils.java:logGet(46)) - raft.server.data-stream.client.pool.size = 10 (default)
2023-01-16 14:42:27,672 [Listener at 0.0.0.0/43353] INFO  netty.NettyConfigKeys$DataStream (ConfUtils.java:logGet(46)) - raft.netty.dataStream.server.use-epoll = false (default)
2023-01-16 14:42:27,672 [Listener at 0.0.0.0/43353] INFO  netty.NettyConfigKeys$DataStream (ConfUtils.java:logGet(46)) - raft.netty.dataStream.server.boss-group.size = 0 (default)
2023-01-16 14:42:27,673 [Listener at 0.0.0.0/43353] INFO  netty.NettyConfigKeys$DataStream (ConfUtils.java:logGet(46)) - raft.netty.dataStream.server.worker-group.size = 0 (default)
2023-01-16 14:42:27,673 [Listener at 0.0.0.0/43353] INFO  netty.NettyConfigKeys$DataStream (ConfUtils.java:logGet(46)) - raft.netty.dataStream.server.tls.conf = null (default)
2023-01-16 14:42:27,673 [Listener at 0.0.0.0/43353] INFO  netty.NettyConfigKeys$DataStream (ConfUtils.java:logGet(46)) - raft.netty.dataStream.host = null (default)
2023-01-16 14:42:27,673 [Listener at 0.0.0.0/43353] INFO  netty.NettyConfigKeys$DataStream (ConfUtils.java:logGet(46)) - raft.netty.dataStream.port = 0 (default)
2023-01-16 14:42:27,674 [Listener at 0.0.0.0/43353] INFO  server.RaftServerConfigKeys (ConfUtils.java:logGet(46)) - raft.server.threadpool.proxy.cached = true (default)
2023-01-16 14:42:27,674 [Listener at 0.0.0.0/43353] INFO  server.RaftServerConfigKeys (ConfUtils.java:logGet(46)) - raft.server.threadpool.proxy.size = 0 (default)
2023-01-16 14:42:27,674 [Listener at 0.0.0.0/43353] INFO  server.RaftServerConfigKeys (ConfUtils.java:logGet(46)) - raft.server.rpc.slowness.timeout = 120s (custom)
2023-01-16 14:42:27,674 [Listener at 0.0.0.0/43353] INFO  server.RaftServerConfigKeys (ConfUtils.java:logGet(46)) - raft.server.leaderelection.leader.step-down.wait-time = 10s (default)
2023-01-16 14:42:27,674 [Listener at 0.0.0.0/43353] INFO  server.RaftServerConfigKeys (ConfUtils.java:logGet(46)) - raft.server.storage.dir = [/home/runner/work/ozone/ozone/hadoop-ozone/integration-test/target/test-dir/MiniOzoneClusterImpl-c46fa063-69c7-4818-82ed-7a4432d72042/ozone-meta/ratis] (custom)
2023-01-16 14:42:27,674 [om1-NettyServerStreamRpc-bossGroup--thread1] INFO  logging.LoggingHandler (AbstractInternalLogger.java:log(148)) - [id: 0x05c3ea80] REGISTERED
2023-01-16 14:42:27,675 [om1-NettyServerStreamRpc-bossGroup--thread1] INFO  logging.LoggingHandler (AbstractInternalLogger.java:log(148)) - [id: 0x05c3ea80] BIND: 0.0.0.0/0.0.0.0:0
2023-01-16 14:42:27,675 [Listener at 0.0.0.0/43353] INFO  server.RaftServer (RaftServerProxy.java:addNew(96)) - om1: addNew group-C5BA1605619E:[om1|rpc:localhost:9872|priority:0|startupRole:FOLLOWER] returns group-C5BA1605619E:java.util.concurrent.CompletableFuture@136bb4b[Not completed]
2023-01-16 14:42:27,675 [Listener at 0.0.0.0/43353] INFO  om.OzoneManager (OzoneManager.java:initializeRatisServer(1984)) - OzoneManager Ratis server initialized at port 9872
2023-01-16 14:42:27,675 [om1-NettyServerStreamRpc-bossGroup--thread1] INFO  logging.LoggingHandler (AbstractInternalLogger.java:log(148)) - [id: 0x05c3ea80, L:/0:0:0:0:0:0:0:0:41997] ACTIVE
2023-01-16 14:42:27,676 [Listener at 0.0.0.0/43353] INFO  om.OzoneManager (OzoneManager.java:getRpcServer(1107)) - Creating RPC Server
2023-01-16 14:42:27,677 [pool-291-thread-1] INFO  server.RaftServer$Division (RaftServerImpl.java:<init>(195)) - om1: new RaftServerImpl for group-C5BA1605619E:[om1|rpc:localhost:9872|priority:0|startupRole:FOLLOWER] with OzoneManagerStateMachine:uninitialized
2023-01-16 14:42:27,677 [pool-291-thread-1] INFO  server.RaftServerConfigKeys (ConfUtils.java:logGet(46)) - raft.server.rpc.timeout.min = 1s (custom)
2023-01-16 14:42:27,677 [pool-291-thread-1] INFO  server.RaftServerConfigKeys (ConfUtils.java:logGet(46)) - raft.server.rpc.timeout.max = 1200ms (custom)
2023-01-16 14:42:27,677 [pool-291-thread-1] INFO  server.RaftServerConfigKeys (ConfUtils.java:logGet(46)) - raft.server.rpc.sleep.time = 25ms (default)
2023-01-16 14:42:27,678 [pool-291-thread-1] INFO  server.RaftServerConfigKeys (ConfUtils.java:logGet(46)) - raft.server.rpc.slowness.timeout = 120s (custom)
2023-01-16 14:42:27,678 [pool-291-thread-1] INFO  server.RaftServerConfigKeys (ConfUtils.java:logGet(46)) - raft.server.leaderelection.leader.step-down.wait-time = 10s (default)
2023-01-16 14:42:27,678 [pool-291-thread-1] INFO  server.RaftServerConfigKeys (ConfUtils.java:logGet(46)) - raft.server.sleep.deviation.threshold = 300ms (default)
2023-01-16 14:42:27,678 [pool-291-thread-1] INFO  server.RaftServer$Division (ServerState.java:<init>(118)) - om1@group-C5BA1605619E: ConfigurationManager, init=-1: peers:[om1|rpc:localhost:9872|priority:0|startupRole:FOLLOWER]|listeners:[], old=null, confs=<EMPTY_MAP>
2023-01-16 14:42:27,678 [pool-291-thread-1] INFO  server.RaftServerConfigKeys (ConfUtils.java:logGet(46)) - raft.server.storage.dir = [/home/runner/work/ozone/ozone/hadoop-ozone/integration-test/target/test-dir/MiniOzoneClusterImpl-c46fa063-69c7-4818-82ed-7a4432d72042/ozone-meta/ratis] (custom)
2023-01-16 14:42:27,678 [pool-291-thread-1] INFO  server.RaftServerConfigKeys (ConfUtils.java:logGet(46)) - raft.server.log.corruption.policy = EXCEPTION (default)
2023-01-16 14:42:27,678 [pool-291-thread-1] INFO  server.RaftServerConfigKeys (ConfUtils.java:logGet(46)) - raft.server.storage.free-space.min = 0MB (=0) (default)
2023-01-16 14:42:27,678 [pool-291-thread-1] INFO  server.RaftServerConfigKeys (ConfUtils.java:logGet(46)) - raft.server.notification.no-leader.timeout = 120s (custom)
2023-01-16 14:42:27,678 [pool-291-thread-1] INFO  server.RaftServerConfigKeys (ConfUtils.java:logGet(46)) - raft.server.retrycache.expirytime = 300s (custom)
2023-01-16 14:42:27,678 [pool-291-thread-1] INFO  server.RaftServerConfigKeys (ConfUtils.java:logGet(46)) - raft.server.retrycache.statistics.expirytime = 100μs (default)
2023-01-16 14:42:27,679 [pool-291-thread-1] INFO  server.RaftServerConfigKeys (ConfUtils.java:logGet(46)) - raft.server.log.appender.install.snapshot.enabled = false (custom)
2023-01-16 14:42:27,679 [pool-291-thread-1] INFO  server.RaftServerConfigKeys (ConfUtils.java:logGet(46)) - raft.server.threadpool.server.cached = true (default)
2023-01-16 14:42:27,679 [pool-291-thread-1] INFO  server.RaftServerConfigKeys (ConfUtils.java:logGet(46)) - raft.server.threadpool.server.size = 0 (default)
2023-01-16 14:42:27,679 [pool-291-thread-1] INFO  server.RaftServerConfigKeys (ConfUtils.java:logGet(46)) - raft.server.threadpool.client.cached = true (default)
2023-01-16 14:42:27,679 [pool-291-thread-1] INFO  server.RaftServerConfigKeys (ConfUtils.java:logGet(46)) - raft.server.threadpool.client.size = 0 (default)
2023-01-16 14:42:27,975 [Listener at 0.0.0.0/43353] INFO  reflections.Reflections (Reflections.java:scan(232)) - Reflections took 298 ms to scan 19 urls, producing 67 keys and 4579 values [using 2 cores]
2023-01-16 14:42:27,977 [Listener at 0.0.0.0/43353] INFO  ipc.CallQueueManager (CallQueueManager.java:<init>(90)) - Using callQueue: class java.util.concurrent.LinkedBlockingQueue, queueCapacity: 2000, scheduler: class org.apache.hadoop.ipc.DefaultRpcScheduler, ipcBackoff: false.
2023-01-16 14:42:27,992 [Socket Reader #1 for port 0] INFO  ipc.Server (Server.java:run(1273)) - Starting Socket Reader #1 for port 0
2023-01-16 14:42:28,014 [Listener at 127.0.0.1/46467] INFO  impl.MetricsSystemImpl (MetricsSystemImpl.java:init(158)) - OzoneManager metrics system started (again)
2023-01-16 14:42:28,024 [Listener at 127.0.0.1/46467] INFO  om.OzoneManager (OzoneManager.java:start(1491)) - OzoneManager RPC server is listening at localhost/127.0.0.1:46467
2023-01-16 14:42:28,024 [Listener at 127.0.0.1/46467] INFO  ratis.OzoneManagerRatisServer (OzoneManagerRatisServer.java:start(555)) - Starting OzoneManagerRatisServer om1 at port 9872
2023-01-16 14:42:28,025 [om1-impl-thread1] INFO  storage.RaftStorageDirectory (RaftStorageDirectoryImpl.java:analyzeStorage(137)) - The storage directory /home/runner/work/ozone/ozone/hadoop-ozone/integration-test/target/test-dir/MiniOzoneClusterImpl-c46fa063-69c7-4818-82ed-7a4432d72042/ozone-meta/ratis/bf265839-605b-3f16-9796-c5ba1605619e does not exist. Creating ...
2023-01-16 14:42:28,026 [om1-impl-thread1] INFO  storage.RaftStorageDirectory (RaftStorageDirectoryImpl.java:tryLock(231)) - Lock on /home/runner/work/ozone/ozone/hadoop-ozone/integration-test/target/test-dir/MiniOzoneClusterImpl-c46fa063-69c7-4818-82ed-7a4432d72042/ozone-meta/ratis/bf265839-605b-3f16-9796-c5ba1605619e/in_use.lock acquired by nodename 12075@fv-az203-757
2023-01-16 14:42:28,027 [om1-impl-thread1] INFO  storage.RaftStorage (RaftStorageImpl.java:format(96)) - Storage directory /home/runner/work/ozone/ozone/hadoop-ozone/integration-test/target/test-dir/MiniOzoneClusterImpl-c46fa063-69c7-4818-82ed-7a4432d72042/ozone-meta/ratis/bf265839-605b-3f16-9796-c5ba1605619e has been successfully formatted.
2023-01-16 14:42:28,028 [om1-impl-thread1] INFO  server.RaftServerConfigKeys (ConfUtils.java:logGet(46)) - raft.server.log.use.memory = false (default)
2023-01-16 14:42:28,028 [om1-impl-thread1] INFO  server.RaftServerConfigKeys (ConfUtils.java:logGet(46)) - raft.server.log.purge.gap = 1000000 (custom)
2023-01-16 14:42:28,028 [om1-impl-thread1] INFO  server.RaftServerConfigKeys (ConfUtils.java:logGet(46)) - raft.server.log.appender.buffer.byte-limit = 33554432 (custom)
2023-01-16 14:42:28,028 [om1-impl-thread1] INFO  server.RaftServerConfigKeys (ConfUtils.java:logGet(46)) - raft.server.log.statemachine.data.read.timeout = 1000ms (default)
2023-01-16 14:42:28,028 [om1-impl-thread1] INFO  server.RaftServerConfigKeys (ConfUtils.java:logGet(46)) - raft.server.log.purge.preservation.log.num = 0 (default)
2023-01-16 14:42:28,028 [om1-impl-thread1] INFO  server.RaftServerConfigKeys (ConfUtils.java:logGet(46)) - raft.server.log.segment.size.max = 4194304 (custom)
2023-01-16 14:42:28,028 [om1-impl-thread1] INFO  server.RaftServerConfigKeys (ConfUtils.java:logGet(46)) - raft.server.log.segment.cache.num.max = 2 (custom)
2023-01-16 14:42:28,028 [om1-impl-thread1] INFO  server.RaftServerConfigKeys (ConfUtils.java:logGet(46)) - raft.server.log.segment.cache.size.max = 200MB (=209715200) (default)
2023-01-16 14:42:28,028 [om1-impl-thread1] INFO  segmented.SegmentedRaftLogWorker (SegmentedRaftLogWorker.java:<init>(189)) - new om1@group-C5BA1605619E-SegmentedRaftLogWorker for RaftStorageImpl:Storage Directory /home/runner/work/ozone/ozone/hadoop-ozone/integration-test/target/test-dir/MiniOzoneClusterImpl-c46fa063-69c7-4818-82ed-7a4432d72042/ozone-meta/ratis/bf265839-605b-3f16-9796-c5ba1605619e
2023-01-16 14:42:28,028 [om1-impl-thread1] INFO  server.RaftServerConfigKeys (ConfUtils.java:logGet(46)) - raft.server.log.queue.byte-limit = 64MB (=67108864) (default)
2023-01-16 14:42:28,028 [om1-impl-thread1] INFO  server.RaftServerConfigKeys (ConfUtils.java:logGet(46)) - raft.server.log.queue.element-limit = 4096 (default)
2023-01-16 14:42:28,028 [om1-impl-thread1] INFO  server.RaftServerConfigKeys (ConfUtils.java:logGet(46)) - raft.server.log.segment.size.max = 4194304 (custom)
2023-01-16 14:42:28,028 [om1-impl-thread1] INFO  server.RaftServerConfigKeys (ConfUtils.java:logGet(46)) - raft.server.log.preallocated.size = 4194304 (custom)
2023-01-16 14:42:28,028 [om1-impl-thread1] INFO  server.RaftServerConfigKeys (ConfUtils.java:logGet(46)) - raft.server.log.force.sync.num = 128 (default)
2023-01-16 14:42:28,029 [om1-impl-thread1] INFO  server.RaftServerConfigKeys (ConfUtils.java:logGet(46)) - raft.server.log.statemachine.data.sync = true (default)
2023-01-16 14:42:28,029 [om1-impl-thread1] INFO  server.RaftServerConfigKeys (ConfUtils.java:logGet(46)) - raft.server.log.statemachine.data.sync.timeout = 10s (default)
2023-01-16 14:42:28,029 [om1-impl-thread1] INFO  server.RaftServerConfigKeys (ConfUtils.java:logGet(46)) - raft.server.log.statemachine.data.sync.timeout.retry = -1 (default)
2023-01-16 14:42:28,029 [om1-impl-thread1] INFO  server.RaftServerConfigKeys (ConfUtils.java:logGet(46)) - raft.server.log.write.buffer.size = 64KB (=65536) (default)
2023-01-16 14:42:28,029 [om1-impl-thread1] INFO  server.RaftServerConfigKeys (ConfUtils.java:logGet(46)) - raft.server.log.appender.buffer.byte-limit = 33554432 (custom)
2023-01-16 14:42:28,034 [om1-impl-thread1] INFO  server.RaftServerConfigKeys (ConfUtils.java:logGet(46)) - raft.server.log.unsafe-flush.enabled = false (default)
2023-01-16 14:42:28,034 [om1-impl-thread1] INFO  server.RaftServerConfigKeys (ConfUtils.java:logGet(46)) - raft.server.log.async-flush.enabled = false (default)
2023-01-16 14:42:28,034 [om1-impl-thread1] INFO  server.RaftServerConfigKeys (ConfUtils.java:logGet(46)) - raft.server.log.statemachine.data.caching.enabled = false (default)
2023-01-16 14:42:28,034 [om1-impl-thread1] INFO  segmented.SegmentedRaftLogWorker (SegmentedRaftLogWorker.java:lambda$new$0(135)) - om1@group-C5BA1605619E-SegmentedRaftLogWorker: flushIndex: setUnconditionally 0 -> -1
2023-01-16 14:42:28,034 [om1-impl-thread1] INFO  segmented.SegmentedRaftLogWorker (SegmentedRaftLogWorker.java:lambda$new$0(135)) - om1@group-C5BA1605619E-SegmentedRaftLogWorker: safeCacheEvictIndex: setUnconditionally 0 -> -1
2023-01-16 14:42:28,034 [om1-impl-thread1] INFO  server.RaftServer$Division (RaftServerImpl.java:start(334)) - om1@group-C5BA1605619E: start as a follower, conf=-1: peers:[om1|rpc:localhost:9872|priority:0|startupRole:FOLLOWER]|listeners:[], old=null
2023-01-16 14:42:28,034 [om1-impl-thread1] INFO  server.RaftServer$Division (RaftServerImpl.java:setRole(321)) - om1@group-C5BA1605619E: changes role from      null to FOLLOWER at term 0 for startAsFollower
2023-01-16 14:42:28,035 [om1-impl-thread1] INFO  impl.RoleInfo (RoleInfo.java:updateAndGet(139)) - om1: start om1@group-C5BA1605619E-FollowerState
2023-01-16 14:42:28,036 [om1-impl-thread1] INFO  util.JmxRegister (JmxRegister.java:tryRegister(44)) - Successfully registered JMX Bean with object name Ratis:service=RaftServer,group=group-C5BA1605619E,id=om1
2023-01-16 14:42:28,036 [om1-impl-thread1] INFO  server.RaftServerConfigKeys (ConfUtils.java:logGet(46)) - raft.server.snapshot.auto.trigger.enabled = true (custom)
2023-01-16 14:42:28,036 [om1-impl-thread1] INFO  server.RaftServerConfigKeys (ConfUtils.java:logGet(46)) - raft.server.snapshot.auto.trigger.threshold = 400000 (default)
2023-01-16 14:42:28,036 [om1-impl-thread1] INFO  server.RaftServerConfigKeys (ConfUtils.java:logGet(46)) - raft.server.snapshot.retention.file.num = -1 (default)
2023-01-16 14:42:28,036 [om1-impl-thread1] INFO  server.RaftServerConfigKeys (ConfUtils.java:logGet(46)) - raft.server.log.purge.upto.snapshot.index = true (custom)
2023-01-16 14:42:28,036 [Listener at 127.0.0.1/46467] INFO  server.RaftServer (RaftServerProxy.java:startImpl(393)) - om1: start RPC server
2023-01-16 14:42:28,039 [om1@group-C5BA1605619E-FollowerState] INFO  server.RaftServerConfigKeys (ConfUtils.java:logFallback(53)) - raft.server.rpc.first-election.timeout.min = 1s (fallback to raft.server.rpc.timeout.min)
2023-01-16 14:42:28,039 [om1@group-C5BA1605619E-FollowerState] INFO  server.RaftServerConfigKeys (ConfUtils.java:logFallback(53)) - raft.server.rpc.first-election.timeout.max = 1200ms (fallback to raft.server.rpc.timeout.max)
2023-01-16 14:42:28,041 [Listener at 127.0.0.1/46467] INFO  server.GrpcService (GrpcService.java:startImpl(262)) - om1: GrpcService started, listening on 9872
2023-01-16 14:42:28,042 [Listener at 127.0.0.1/46467] INFO  om.OzoneManager (OzoneManager.java:start(1507)) - Version File has different layout version (3) than OM DB (null). That is expected if this OM has never been finalized to a newer layout version.
2023-01-16 14:42:28,042 [JvmPauseMonitor7] INFO  util.JvmPauseMonitor (JvmPauseMonitor.java:run(105)) - JvmPauseMonitor-om1: Started
2023-01-16 14:42:28,049 [Listener at 127.0.0.1/46467] INFO  http.BaseHttpServer (BaseHttpServer.java:newHttpServer2BuilderForOzone(213)) - Starting Web-server for ozoneManager at: http://0.0.0.0:0
2023-01-16 14:42:28,049 [Listener at 127.0.0.1/46467] INFO  http.BaseHttpServer (BaseHttpServer.java:<init>(108)) - Hadoop Security Enabled: false Ozone Security Enabled: false Ozone HTTP Security Enabled: false 
2023-01-16 14:42:28,051 [Listener at 127.0.0.1/46467] WARN  server.AuthenticationFilter (AuthenticationFilter.java:constructSecretProvider(240)) - Unable to initialize FileSignerSecretProvider, falling back to use random secrets. Reason: Could not read signature secret file: /home/runner/hadoop-http-auth-signature-secret
2023-01-16 14:42:28,052 [Listener at 127.0.0.1/46467] WARN  http.HttpRequestLog (HttpRequestLog.java:getRequestLog(103)) - Jetty request log can only be enabled using Log4j
2023-01-16 14:42:28,055 [Listener at 127.0.0.1/46467] INFO  http.HttpServer2 (HttpServer2.java:addGlobalFilter(1031)) - Added global filter 'safety' (class=org.apache.hadoop.hdds.server.http.HttpServer2$QuotingInputFilter)
2023-01-16 14:42:28,056 [Listener at 127.0.0.1/46467] INFO  http.HttpServer2 (HttpServer2.java:addFilter(1007)) - Added filter static_user_filter (class=org.apache.hadoop.http.lib.StaticUserWebFilter$StaticUserFilter) to context ozoneManager
2023-01-16 14:42:28,056 [Listener at 127.0.0.1/46467] INFO  http.HttpServer2 (HttpServer2.java:addFilter(1015)) - Added filter static_user_filter (class=org.apache.hadoop.http.lib.StaticUserWebFilter$StaticUserFilter) to context static
2023-01-16 14:42:28,056 [Listener at 127.0.0.1/46467] INFO  http.HttpServer2 (HttpServer2.java:addFilter(1015)) - Added filter static_user_filter (class=org.apache.hadoop.http.lib.StaticUserWebFilter$StaticUserFilter) to context logs
2023-01-16 14:42:28,056 [Listener at 127.0.0.1/46467] INFO  http.HttpServer2 (HttpServer2.java:bindListener(1250)) - Jetty bound to port 44045
2023-01-16 14:42:28,057 [Listener at 127.0.0.1/46467] INFO  server.Server (Server.java:doStart(375)) - jetty-9.4.49.v20220914; built: 2022-09-14T01:07:36.601Z; git: 4231a3b2e4cb8548a412a789936d640a97b1aa0a; jvm 1.8.0_352-b08
2023-01-16 14:42:28,058 [Listener at 127.0.0.1/46467] INFO  server.session (DefaultSessionIdManager.java:doStart(334)) - DefaultSessionIdManager workerName=node0
2023-01-16 14:42:28,058 [Listener at 127.0.0.1/46467] INFO  server.session (DefaultSessionIdManager.java:doStart(339)) - No SessionScavenger set, using defaults
2023-01-16 14:42:28,058 [Listener at 127.0.0.1/46467] INFO  server.session (HouseKeeper.java:startScavenging(132)) - node0 Scavenging every 660000ms
2023-01-16 14:42:28,059 [Listener at 127.0.0.1/46467] INFO  handler.ContextHandler (ContextHandler.java:doStart(921)) - Started o.e.j.s.ServletContextHandler@4ad8bc3{logs,/logs,file:///home/runner/work/ozone/ozone/hadoop-ozone/integration-test/target/log,AVAILABLE}
2023-01-16 14:42:28,060 [Listener at 127.0.0.1/46467] INFO  handler.ContextHandler (ContextHandler.java:doStart(921)) - Started o.e.j.s.ServletContextHandler@144a3109{static,/static,file:///home/runner/work/ozone/ozone/hadoop-ozone/integration-test/target/test-classes/webapps/static,AVAILABLE}
2023-01-16 14:42:28,063 [Listener at 127.0.0.1/46467] INFO  handler.ContextHandler (ContextHandler.java:doStart(921)) - Started o.e.j.w.WebAppContext@fd01951{ozoneManager,/,file:///home/runner/work/ozone/ozone/hadoop-ozone/integration-test/target/test-classes/webapps/ozoneManager/,AVAILABLE}{file:/home/runner/work/ozone/ozone/hadoop-ozone/integration-test/target/test-classes/webapps/ozoneManager}
2023-01-16 14:42:28,065 [Listener at 127.0.0.1/46467] INFO  server.AbstractConnector (AbstractConnector.java:doStart(333)) - Started ServerConnector@1eb84ea6{HTTP/1.1, (http/1.1)}{0.0.0.0:44045}
2023-01-16 14:42:28,066 [Listener at 127.0.0.1/46467] INFO  server.Server (Server.java:doStart(415)) - Started @51019ms
2023-01-16 14:42:28,066 [Listener at 127.0.0.1/46467] WARN  impl.MetricsSystemImpl (MetricsSystemImpl.java:register(279)) - Sink prometheus already exists!
2023-01-16 14:42:28,066 [Listener at 127.0.0.1/46467] INFO  http.BaseHttpServer (BaseHttpServer.java:updateConnectorAddress(333)) - HTTP server of ozoneManager listening at http://0.0.0.0:44045
2023-01-16 14:42:28,067 [IPC Server Responder] INFO  ipc.Server (Server.java:run(1512)) - IPC Server Responder: starting
2023-01-16 14:42:28,067 [IPC Server listener on 0] INFO  ipc.Server (Server.java:run(1352)) - IPC Server listener on 0: starting
2023-01-16 14:42:28,069 [Listener at 127.0.0.1/46467] INFO  om.OzoneManager (OzoneManager.java:startTrashEmptier(1928)) - Trash Interval set to 0. Files deleted won't move to trash
2023-01-16 14:42:28,076 [org.apache.hadoop.util.JvmPauseMonitor$Monitor@69fc400b] INFO  util.JvmPauseMonitor (JvmPauseMonitor.java:run(188)) - Starting JVM pause monitor
2023-01-16 14:42:28,079 [Listener at 127.0.0.1/46467] WARN  impl.MetricRegistriesImpl (MetricRegistriesImpl.java:addReporterRegistration(111)) - New reporters are added after registries were created. Some metrics will be missing from the reporter. Please add reporter before adding any new registry.
2023-01-16 14:42:28,079 [Listener at 127.0.0.1/46467] WARN  impl.MetricRegistriesImpl (MetricRegistriesImpl.java:addReporterRegistration(111)) - New reporters are added after registries were created. Some metrics will be missing from the reporter. Please add reporter before adding any new registry.
2023-01-16 14:42:28,079 [Listener at 127.0.0.1/46467] INFO  impl.MetricsSystemImpl (MetricsSystemImpl.java:init(158)) - HddsDatanode metrics system started (again)
2023-01-16 14:42:28,092 [Listener at 127.0.0.1/46467] INFO  ozone.HddsDatanodeService (HddsDatanodeService.java:start(228)) - HddsDatanodeService host:fv-az203-757.ild0l4k5vsluppoevu2oqvhmda.cx.internal.cloudapp.net ip:10.1.1.103
2023-01-16 14:42:28,112 [Listener at 127.0.0.1/46467] INFO  upgrade.AbstractLayoutVersionManager (AbstractLayoutVersionManager.java:init(83)) - Initializing Layout version manager with metadata layout = DATANODE_SCHEMA_V3 (version = 4), software layout = DATANODE_SCHEMA_V3 (version = 4)
2023-01-16 14:42:28,159 [Listener at 127.0.0.1/46467] INFO  reflections.Reflections (Reflections.java:scan(232)) - Reflections took 45 ms to scan 7 urls, producing 146 keys and 350 values 
2023-01-16 14:42:28,160 [Listener at 127.0.0.1/46467] INFO  statemachine.DatanodeStateMachine (DatanodeStateMachine.java:getEndPointTaskThreadPoolSize(248)) - Datanode State Machine Task Thread Pool size 2
2023-01-16 14:42:28,169 [Listener at 127.0.0.1/46467] INFO  volume.HddsVolume (HddsVolume.java:<init>(117)) - Creating HddsVolume: /home/runner/work/ozone/ozone/hadoop-ozone/integration-test/target/test-dir/MiniOzoneClusterImpl-c46fa063-69c7-4818-82ed-7a4432d72042/datanode-0/data-0/containers/hdds of storage type : DISK capacity : 9223372036854775807
2023-01-16 14:42:28,170 [Listener at 127.0.0.1/46467] INFO  volume.MutableVolumeSet (MutableVolumeSet.java:initializeVolumeSet(174)) - Added Volume : /home/runner/work/ozone/ozone/hadoop-ozone/integration-test/target/test-dir/MiniOzoneClusterImpl-c46fa063-69c7-4818-82ed-7a4432d72042/datanode-0/data-0/containers/hdds to VolumeSet
2023-01-16 14:42:28,170 [Listener at 127.0.0.1/46467] INFO  volume.ThrottledAsyncChecker (ThrottledAsyncChecker.java:schedule(141)) - Scheduling a check for /home/runner/work/ozone/ozone/hadoop-ozone/integration-test/target/test-dir/MiniOzoneClusterImpl-c46fa063-69c7-4818-82ed-7a4432d72042/datanode-0/data-0/containers/hdds
2023-01-16 14:42:28,174 [Listener at 127.0.0.1/46467] INFO  volume.StorageVolumeChecker (StorageVolumeChecker.java:checkAllVolumes(202)) - Scheduled health check for volume /home/runner/work/ozone/ozone/hadoop-ozone/integration-test/target/test-dir/MiniOzoneClusterImpl-c46fa063-69c7-4818-82ed-7a4432d72042/datanode-0/data-0/containers/hdds
2023-01-16 14:42:28,186 [Listener at 127.0.0.1/46467] INFO  volume.MutableVolumeSet (MutableVolumeSet.java:initializeVolumeSet(174)) - Added Volume : /home/runner/work/ozone/ozone/hadoop-ozone/integration-test/target/test-dir/MiniOzoneClusterImpl-c46fa063-69c7-4818-82ed-7a4432d72042/datanode-0/data/ratis to VolumeSet
2023-01-16 14:42:28,187 [Listener at 127.0.0.1/46467] INFO  volume.ThrottledAsyncChecker (ThrottledAsyncChecker.java:schedule(141)) - Scheduling a check for /home/runner/work/ozone/ozone/hadoop-ozone/integration-test/target/test-dir/MiniOzoneClusterImpl-c46fa063-69c7-4818-82ed-7a4432d72042/datanode-0/data/ratis
2023-01-16 14:42:28,187 [Listener at 127.0.0.1/46467] INFO  volume.StorageVolumeChecker (StorageVolumeChecker.java:checkAllVolumes(202)) - Scheduled health check for volume /home/runner/work/ozone/ozone/hadoop-ozone/integration-test/target/test-dir/MiniOzoneClusterImpl-c46fa063-69c7-4818-82ed-7a4432d72042/datanode-0/data/ratis
2023-01-16 14:42:28,198 [Thread-633] INFO  ozoneimpl.ContainerReader (ContainerReader.java:readVolume(175)) - Finish verifying containers on volume /home/runner/work/ozone/ozone/hadoop-ozone/integration-test/target/test-dir/MiniOzoneClusterImpl-c46fa063-69c7-4818-82ed-7a4432d72042/datanode-0/data-0/containers/hdds
2023-01-16 14:42:28,198 [Listener at 127.0.0.1/46467] INFO  ozoneimpl.OzoneContainer (OzoneContainer.java:buildContainerSet(301)) - Build ContainerSet costs 0s
2023-01-16 14:42:28,200 [Listener at 127.0.0.1/46467] INFO  server.RaftServer (ConfUtils.java:logGet(46)) - raft.rpc.type = GRPC (default)
2023-01-16 14:42:28,201 [Listener at 127.0.0.1/46467] INFO  grpc.GrpcConfigKeys (ConfUtils.java:logFallback(53)) - raft.grpc.admin.host = null (fallback to raft.grpc.server.host)
2023-01-16 14:42:28,201 [Listener at 127.0.0.1/46467] INFO  grpc.GrpcConfigKeys (ConfUtils.java:logGet(46)) - raft.grpc.admin.port = 0 (custom)
2023-01-16 14:42:28,201 [Listener at 127.0.0.1/46467] INFO  grpc.GrpcConfigKeys (ConfUtils.java:logFallback(53)) - raft.grpc.client.host = null (fallback to raft.grpc.server.host)
2023-01-16 14:42:28,201 [Listener at 127.0.0.1/46467] INFO  grpc.GrpcConfigKeys (ConfUtils.java:logGet(46)) - raft.grpc.client.port = 0 (custom)
2023-01-16 14:42:28,201 [Listener at 127.0.0.1/46467] INFO  grpc.GrpcConfigKeys (ConfUtils.java:logGet(46)) - raft.grpc.server.host = null (default)
2023-01-16 14:42:28,201 [Listener at 127.0.0.1/46467] INFO  grpc.GrpcConfigKeys (ConfUtils.java:logGet(46)) - raft.grpc.server.port = 0 (default)
2023-01-16 14:42:28,201 [Listener at 127.0.0.1/46467] INFO  server.GrpcService (ConfUtils.java:logGet(46)) - raft.grpc.message.size.max = 32MB (=33554432) (custom)
2023-01-16 14:42:28,202 [Listener at 127.0.0.1/46467] INFO  server.RaftServerConfigKeys (ConfUtils.java:logGet(46)) - raft.server.log.appender.buffer.byte-limit = 33554432 (custom)
2023-01-16 14:42:28,202 [Listener at 127.0.0.1/46467] INFO  server.GrpcService (ConfUtils.java:logGet(46)) - raft.grpc.flow.control.window = 5MB (=5242880) (custom)
2023-01-16 14:42:28,202 [Listener at 127.0.0.1/46467] INFO  server.RaftServerConfigKeys (ConfUtils.java:logGet(46)) - raft.server.rpc.request.timeout = 60s (custom)
2023-01-16 14:42:28,202 [Listener at 127.0.0.1/46467] INFO  grpc.GrpcConfigKeys (ConfUtils.java:logGet(46)) - raft.grpc.server.heartbeat.channel = true (default)
2023-01-16 14:42:28,202 [Listener at 127.0.0.1/46467] INFO  grpc.GrpcConfigKeys (ConfUtils.java:logGet(46)) - raft.grpc.server.async.request.thread.pool.cached = true (default)
2023-01-16 14:42:28,202 [Listener at 127.0.0.1/46467] INFO  grpc.GrpcConfigKeys (ConfUtils.java:logGet(46)) - raft.grpc.server.async.request.thread.pool.size = 32 (default)
2023-01-16 14:42:28,203 [Listener at 127.0.0.1/46467] INFO  impl.DataStreamServerImpl (ConfUtils.java:logGet(46)) - raft.datastream.type = NETTY (custom)
2023-01-16 14:42:28,204 [Listener at 127.0.0.1/46467] INFO  server.RaftServerConfigKeys (ConfUtils.java:logGet(46)) - raft.server.data-stream.async.request.thread.pool.cached = false (default)
2023-01-16 14:42:28,204 [Listener at 127.0.0.1/46467] INFO  server.RaftServerConfigKeys (ConfUtils.java:logGet(46)) - raft.server.data-stream.async.request.thread.pool.size = 20 (custom)
2023-01-16 14:42:28,204 [Listener at 127.0.0.1/46467] INFO  server.RaftServerConfigKeys (ConfUtils.java:logGet(46)) - raft.server.data-stream.async.write.thread.pool.size = 16 (default)
2023-01-16 14:42:28,204 [Listener at 127.0.0.1/46467] INFO  server.RaftServerConfigKeys (ConfUtils.java:logGet(46)) - raft.server.data-stream.client.pool.size = 10 (default)
2023-01-16 14:42:28,204 [Listener at 127.0.0.1/46467] INFO  netty.NettyConfigKeys$DataStream (ConfUtils.java:logGet(46)) - raft.netty.dataStream.server.use-epoll = false (default)
2023-01-16 14:42:28,204 [Listener at 127.0.0.1/46467] INFO  netty.NettyConfigKeys$DataStream (ConfUtils.java:logGet(46)) - raft.netty.dataStream.server.boss-group.size = 0 (default)
2023-01-16 14:42:28,205 [Listener at 127.0.0.1/46467] INFO  netty.NettyConfigKeys$DataStream (ConfUtils.java:logGet(46)) - raft.netty.dataStream.server.worker-group.size = 0 (default)
2023-01-16 14:42:28,205 [Listener at 127.0.0.1/46467] INFO  netty.NettyConfigKeys$DataStream (ConfUtils.java:logGet(46)) - raft.netty.dataStream.server.tls.conf = null (default)
2023-01-16 14:42:28,205 [Listener at 127.0.0.1/46467] INFO  netty.NettyConfigKeys$DataStream (ConfUtils.java:logGet(46)) - raft.netty.dataStream.host = null (default)
2023-01-16 14:42:28,205 [Listener at 127.0.0.1/46467] INFO  netty.NettyConfigKeys$DataStream (ConfUtils.java:logGet(46)) - raft.netty.dataStream.port = 0 (default)
2023-01-16 14:42:28,206 [Listener at 127.0.0.1/46467] INFO  server.RaftServerConfigKeys (ConfUtils.java:logGet(46)) - raft.server.threadpool.proxy.cached = true (default)
2023-01-16 14:42:28,206 [Listener at 127.0.0.1/46467] INFO  server.RaftServerConfigKeys (ConfUtils.java:logGet(46)) - raft.server.threadpool.proxy.size = 0 (default)
2023-01-16 14:42:28,206 [710767cc-7b4a-4f75-833c-d89a4e7b1741-NettyServerStreamRpc-bossGroup--thread1] INFO  logging.LoggingHandler (AbstractInternalLogger.java:log(148)) - [id: 0xec616e34] REGISTERED
2023-01-16 14:42:28,206 [Listener at 127.0.0.1/46467] INFO  server.RaftServerConfigKeys (ConfUtils.java:logGet(46)) - raft.server.rpc.slowness.timeout = 300s (custom)
2023-01-16 14:42:28,206 [710767cc-7b4a-4f75-833c-d89a4e7b1741-NettyServerStreamRpc-bossGroup--thread1] INFO  logging.LoggingHandler (AbstractInternalLogger.java:log(148)) - [id: 0xec616e34] BIND: 0.0.0.0/0.0.0.0:0
2023-01-16 14:42:28,206 [Listener at 127.0.0.1/46467] INFO  server.RaftServerConfigKeys (ConfUtils.java:logGet(46)) - raft.server.leaderelection.leader.step-down.wait-time = 10s (default)
2023-01-16 14:42:28,207 [710767cc-7b4a-4f75-833c-d89a4e7b1741-NettyServerStreamRpc-bossGroup--thread1] INFO  logging.LoggingHandler (AbstractInternalLogger.java:log(148)) - [id: 0xec616e34, L:/0:0:0:0:0:0:0:0:34697] ACTIVE
2023-01-16 14:42:28,207 [Listener at 127.0.0.1/46467] INFO  server.RaftServerConfigKeys (ConfUtils.java:logGet(46)) - raft.server.storage.dir = [/home/runner/work/ozone/ozone/hadoop-ozone/integration-test/target/test-dir/MiniOzoneClusterImpl-c46fa063-69c7-4818-82ed-7a4432d72042/datanode-0/data/ratis] (custom)
2023-01-16 14:42:28,208 [Listener at 127.0.0.1/46467] INFO  server.XceiverServerGrpc (XceiverServerGrpc.java:<init>(132)) - GrpcServer channel type EpollServerSocketChannel
2023-01-16 14:42:28,211 [Listener at 127.0.0.1/46467] INFO  http.BaseHttpServer (BaseHttpServer.java:newHttpServer2BuilderForOzone(213)) - Starting Web-server for hddsDatanode at: http://0.0.0.0:0
2023-01-16 14:42:28,212 [Listener at 127.0.0.1/46467] INFO  http.BaseHttpServer (BaseHttpServer.java:<init>(108)) - Hadoop Security Enabled: false Ozone Security Enabled: false Ozone HTTP Security Enabled: false 
2023-01-16 14:42:28,213 [Listener at 127.0.0.1/46467] WARN  server.AuthenticationFilter (AuthenticationFilter.java:constructSecretProvider(240)) - Unable to initialize FileSignerSecretProvider, falling back to use random secrets. Reason: Could not read signature secret file: /home/runner/hadoop-http-auth-signature-secret
2023-01-16 14:42:28,213 [Listener at 127.0.0.1/46467] WARN  http.HttpRequestLog (HttpRequestLog.java:getRequestLog(103)) - Jetty request log can only be enabled using Log4j
2023-01-16 14:42:28,215 [Listener at 127.0.0.1/46467] INFO  http.HttpServer2 (HttpServer2.java:addGlobalFilter(1031)) - Added global filter 'safety' (class=org.apache.hadoop.hdds.server.http.HttpServer2$QuotingInputFilter)
2023-01-16 14:42:28,215 [Listener at 127.0.0.1/46467] INFO  http.HttpServer2 (HttpServer2.java:addFilter(1007)) - Added filter static_user_filter (class=org.apache.hadoop.http.lib.StaticUserWebFilter$StaticUserFilter) to context hddsDatanode
2023-01-16 14:42:28,215 [Listener at 127.0.0.1/46467] INFO  http.HttpServer2 (HttpServer2.java:addFilter(1015)) - Added filter static_user_filter (class=org.apache.hadoop.http.lib.StaticUserWebFilter$StaticUserFilter) to context static
2023-01-16 14:42:28,215 [Listener at 127.0.0.1/46467] INFO  http.HttpServer2 (HttpServer2.java:addFilter(1015)) - Added filter static_user_filter (class=org.apache.hadoop.http.lib.StaticUserWebFilter$StaticUserFilter) to context logs
2023-01-16 14:42:28,216 [Listener at 127.0.0.1/46467] INFO  http.HttpServer2 (HttpServer2.java:bindListener(1250)) - Jetty bound to port 34673
2023-01-16 14:42:28,216 [Listener at 127.0.0.1/46467] INFO  server.Server (Server.java:doStart(375)) - jetty-9.4.49.v20220914; built: 2022-09-14T01:07:36.601Z; git: 4231a3b2e4cb8548a412a789936d640a97b1aa0a; jvm 1.8.0_352-b08
2023-01-16 14:42:28,219 [Listener at 127.0.0.1/46467] INFO  server.session (DefaultSessionIdManager.java:doStart(334)) - DefaultSessionIdManager workerName=node0
2023-01-16 14:42:28,220 [Listener at 127.0.0.1/46467] INFO  server.session (DefaultSessionIdManager.java:doStart(339)) - No SessionScavenger set, using defaults
2023-01-16 14:42:28,220 [Listener at 127.0.0.1/46467] INFO  server.session (HouseKeeper.java:startScavenging(132)) - node0 Scavenging every 660000ms
2023-01-16 14:42:28,221 [Listener at 127.0.0.1/46467] INFO  handler.ContextHandler (ContextHandler.java:doStart(921)) - Started o.e.j.s.ServletContextHandler@2e810089{logs,/logs,file:///home/runner/work/ozone/ozone/hadoop-ozone/integration-test/target/log,AVAILABLE}
2023-01-16 14:42:28,221 [Listener at 127.0.0.1/46467] INFO  handler.ContextHandler (ContextHandler.java:doStart(921)) - Started o.e.j.s.ServletContextHandler@6e7a61eb{static,/static,jar:file:/home/runner/.m2/repository/org/apache/ozone/hdds-container-service/1.4.0-SNAPSHOT/hdds-container-service-1.4.0-SNAPSHOT.jar!/webapps/static,AVAILABLE}
2023-01-16 14:42:28,387 [Listener at 127.0.0.1/46467] INFO  handler.ContextHandler (ContextHandler.java:doStart(921)) - Started o.e.j.w.WebAppContext@4f571de3{hddsDatanode,/,file:///tmp/jetty-0_0_0_0-34673-hdds-container-service-1_4_0-SNAPSHOT_jar-_-any-8747843833099993873/webapp/,AVAILABLE}{jar:file:/home/runner/.m2/repository/org/apache/ozone/hdds-container-service/1.4.0-SNAPSHOT/hdds-container-service-1.4.0-SNAPSHOT.jar!/webapps/hddsDatanode}
2023-01-16 14:42:28,388 [Listener at 127.0.0.1/46467] INFO  server.AbstractConnector (AbstractConnector.java:doStart(333)) - Started ServerConnector@255c2e7e{HTTP/1.1, (http/1.1)}{0.0.0.0:34673}
2023-01-16 14:42:28,388 [Listener at 127.0.0.1/46467] INFO  server.Server (Server.java:doStart(415)) - Started @51342ms
2023-01-16 14:42:28,388 [Listener at 127.0.0.1/46467] WARN  impl.MetricsSystemImpl (MetricsSystemImpl.java:register(279)) - Sink prometheus already exists!
2023-01-16 14:42:28,389 [Listener at 127.0.0.1/46467] INFO  http.BaseHttpServer (BaseHttpServer.java:updateConnectorAddress(333)) - HTTP server of hddsDatanode listening at http://0.0.0.0:34673
2023-01-16 14:42:28,392 [Datanode State Machine Daemon Thread] INFO  statemachine.DatanodeStateMachine (DatanodeStateMachine.java:lambda$startDaemon$0(508)) - Ozone container server started.
2023-01-16 14:42:28,392 [Listener at 127.0.0.1/46467] WARN  impl.MetricRegistriesImpl (MetricRegistriesImpl.java:addReporterRegistration(111)) - New reporters are added after registries were created. Some metrics will be missing from the reporter. Please add reporter before adding any new registry.
2023-01-16 14:42:28,394 [Listener at 127.0.0.1/46467] WARN  impl.MetricRegistriesImpl (MetricRegistriesImpl.java:addReporterRegistration(111)) - New reporters are added after registries were created. Some metrics will be missing from the reporter. Please add reporter before adding any new registry.
2023-01-16 14:42:28,394 [Listener at 127.0.0.1/46467] INFO  impl.MetricsSystemImpl (MetricsSystemImpl.java:init(158)) - HddsDatanode metrics system started (again)
2023-01-16 14:42:28,406 [Listener at 127.0.0.1/46467] INFO  ozone.HddsDatanodeService (HddsDatanodeService.java:start(228)) - HddsDatanodeService host:fv-az203-757.ild0l4k5vsluppoevu2oqvhmda.cx.internal.cloudapp.net ip:10.1.1.103
2023-01-16 14:42:28,407 [org.apache.hadoop.util.JvmPauseMonitor$Monitor@6a6590cd] INFO  util.JvmPauseMonitor (JvmPauseMonitor.java:run(188)) - Starting JVM pause monitor
2023-01-16 14:42:28,412 [Datanode State Machine Task Thread - 0] INFO  datanode.InitDatanodeState (InitDatanodeState.java:persistContainerDatanodeDetails(138)) - DatanodeDetails is persisted to /home/runner/work/ozone/ozone/hadoop-ozone/integration-test/target/test-dir/MiniOzoneClusterImpl-c46fa063-69c7-4818-82ed-7a4432d72042/datanode-0/meta/datanode.id
2023-01-16 14:42:28,429 [Listener at 127.0.0.1/46467] INFO  upgrade.AbstractLayoutVersionManager (AbstractLayoutVersionManager.java:init(83)) - Initializing Layout version manager with metadata layout = DATANODE_SCHEMA_V3 (version = 4), software layout = DATANODE_SCHEMA_V3 (version = 4)
2023-01-16 14:42:28,475 [Listener at 127.0.0.1/46467] INFO  reflections.Reflections (Reflections.java:scan(232)) - Reflections took 43 ms to scan 7 urls, producing 146 keys and 350 values 
2023-01-16 14:42:28,476 [Listener at 127.0.0.1/46467] INFO  statemachine.DatanodeStateMachine (DatanodeStateMachine.java:getEndPointTaskThreadPoolSize(248)) - Datanode State Machine Task Thread Pool size 2
2023-01-16 14:42:28,478 [Listener at 127.0.0.1/46467] INFO  volume.HddsVolume (HddsVolume.java:<init>(117)) - Creating HddsVolume: /home/runner/work/ozone/ozone/hadoop-ozone/integration-test/target/test-dir/MiniOzoneClusterImpl-c46fa063-69c7-4818-82ed-7a4432d72042/datanode-1/data-0/containers/hdds of storage type : DISK capacity : 9223372036854775807
2023-01-16 14:42:28,478 [Listener at 127.0.0.1/46467] INFO  volume.MutableVolumeSet (MutableVolumeSet.java:initializeVolumeSet(174)) - Added Volume : /home/runner/work/ozone/ozone/hadoop-ozone/integration-test/target/test-dir/MiniOzoneClusterImpl-c46fa063-69c7-4818-82ed-7a4432d72042/datanode-1/data-0/containers/hdds to VolumeSet
2023-01-16 14:42:28,479 [Listener at 127.0.0.1/46467] INFO  volume.ThrottledAsyncChecker (ThrottledAsyncChecker.java:schedule(141)) - Scheduling a check for /home/runner/work/ozone/ozone/hadoop-ozone/integration-test/target/test-dir/MiniOzoneClusterImpl-c46fa063-69c7-4818-82ed-7a4432d72042/datanode-1/data-0/containers/hdds
2023-01-16 14:42:28,479 [Listener at 127.0.0.1/46467] INFO  volume.StorageVolumeChecker (StorageVolumeChecker.java:checkAllVolumes(202)) - Scheduled health check for volume /home/runner/work/ozone/ozone/hadoop-ozone/integration-test/target/test-dir/MiniOzoneClusterImpl-c46fa063-69c7-4818-82ed-7a4432d72042/datanode-1/data-0/containers/hdds
2023-01-16 14:42:28,491 [Listener at 127.0.0.1/46467] INFO  volume.MutableVolumeSet (MutableVolumeSet.java:initializeVolumeSet(174)) - Added Volume : /home/runner/work/ozone/ozone/hadoop-ozone/integration-test/target/test-dir/MiniOzoneClusterImpl-c46fa063-69c7-4818-82ed-7a4432d72042/datanode-1/data/ratis to VolumeSet
2023-01-16 14:42:28,491 [Listener at 127.0.0.1/46467] INFO  volume.ThrottledAsyncChecker (ThrottledAsyncChecker.java:schedule(141)) - Scheduling a check for /home/runner/work/ozone/ozone/hadoop-ozone/integration-test/target/test-dir/MiniOzoneClusterImpl-c46fa063-69c7-4818-82ed-7a4432d72042/datanode-1/data/ratis
2023-01-16 14:42:28,492 [Listener at 127.0.0.1/46467] INFO  volume.StorageVolumeChecker (StorageVolumeChecker.java:checkAllVolumes(202)) - Scheduled health check for volume /home/runner/work/ozone/ozone/hadoop-ozone/integration-test/target/test-dir/MiniOzoneClusterImpl-c46fa063-69c7-4818-82ed-7a4432d72042/datanode-1/data/ratis
2023-01-16 14:42:28,502 [Thread-647] INFO  ozoneimpl.ContainerReader (ContainerReader.java:readVolume(175)) - Finish verifying containers on volume /home/runner/work/ozone/ozone/hadoop-ozone/integration-test/target/test-dir/MiniOzoneClusterImpl-c46fa063-69c7-4818-82ed-7a4432d72042/datanode-1/data-0/containers/hdds
2023-01-16 14:42:28,502 [Listener at 127.0.0.1/46467] INFO  ozoneimpl.OzoneContainer (OzoneContainer.java:buildContainerSet(301)) - Build ContainerSet costs 0s
2023-01-16 14:42:28,505 [Listener at 127.0.0.1/46467] INFO  server.RaftServer (ConfUtils.java:logGet(46)) - raft.rpc.type = GRPC (default)
2023-01-16 14:42:28,505 [Listener at 127.0.0.1/46467] INFO  grpc.GrpcConfigKeys (ConfUtils.java:logFallback(53)) - raft.grpc.admin.host = null (fallback to raft.grpc.server.host)
2023-01-16 14:42:28,505 [Listener at 127.0.0.1/46467] INFO  grpc.GrpcConfigKeys (ConfUtils.java:logGet(46)) - raft.grpc.admin.port = 0 (custom)
2023-01-16 14:42:28,505 [Listener at 127.0.0.1/46467] INFO  grpc.GrpcConfigKeys (ConfUtils.java:logFallback(53)) - raft.grpc.client.host = null (fallback to raft.grpc.server.host)
2023-01-16 14:42:28,505 [Listener at 127.0.0.1/46467] INFO  grpc.GrpcConfigKeys (ConfUtils.java:logGet(46)) - raft.grpc.client.port = 0 (custom)
2023-01-16 14:42:28,505 [Listener at 127.0.0.1/46467] INFO  grpc.GrpcConfigKeys (ConfUtils.java:logGet(46)) - raft.grpc.server.host = null (default)
2023-01-16 14:42:28,506 [Listener at 127.0.0.1/46467] INFO  grpc.GrpcConfigKeys (ConfUtils.java:logGet(46)) - raft.grpc.server.port = 0 (default)
2023-01-16 14:42:28,506 [Listener at 127.0.0.1/46467] INFO  server.GrpcService (ConfUtils.java:logGet(46)) - raft.grpc.message.size.max = 32MB (=33554432) (custom)
2023-01-16 14:42:28,506 [Listener at 127.0.0.1/46467] INFO  server.RaftServerConfigKeys (ConfUtils.java:logGet(46)) - raft.server.log.appender.buffer.byte-limit = 33554432 (custom)
2023-01-16 14:42:28,506 [Listener at 127.0.0.1/46467] INFO  server.GrpcService (ConfUtils.java:logGet(46)) - raft.grpc.flow.control.window = 5MB (=5242880) (custom)
2023-01-16 14:42:28,506 [Listener at 127.0.0.1/46467] INFO  server.RaftServerConfigKeys (ConfUtils.java:logGet(46)) - raft.server.rpc.request.timeout = 60s (custom)
2023-01-16 14:42:28,506 [Listener at 127.0.0.1/46467] INFO  grpc.GrpcConfigKeys (ConfUtils.java:logGet(46)) - raft.grpc.server.heartbeat.channel = true (default)
2023-01-16 14:42:28,506 [Listener at 127.0.0.1/46467] INFO  grpc.GrpcConfigKeys (ConfUtils.java:logGet(46)) - raft.grpc.server.async.request.thread.pool.cached = true (default)
2023-01-16 14:42:28,506 [Listener at 127.0.0.1/46467] INFO  grpc.GrpcConfigKeys (ConfUtils.java:logGet(46)) - raft.grpc.server.async.request.thread.pool.size = 32 (default)
2023-01-16 14:42:28,508 [Listener at 127.0.0.1/46467] INFO  impl.DataStreamServerImpl (ConfUtils.java:logGet(46)) - raft.datastream.type = NETTY (custom)
2023-01-16 14:42:28,508 [Listener at 127.0.0.1/46467] INFO  server.RaftServerConfigKeys (ConfUtils.java:logGet(46)) - raft.server.data-stream.async.request.thread.pool.cached = false (default)
2023-01-16 14:42:28,508 [Listener at 127.0.0.1/46467] INFO  server.RaftServerConfigKeys (ConfUtils.java:logGet(46)) - raft.server.data-stream.async.request.thread.pool.size = 20 (custom)
2023-01-16 14:42:28,508 [Listener at 127.0.0.1/46467] INFO  server.RaftServerConfigKeys (ConfUtils.java:logGet(46)) - raft.server.data-stream.async.write.thread.pool.size = 16 (default)
2023-01-16 14:42:28,508 [Listener at 127.0.0.1/46467] INFO  server.RaftServerConfigKeys (ConfUtils.java:logGet(46)) - raft.server.data-stream.client.pool.size = 10 (default)
2023-01-16 14:42:28,508 [Listener at 127.0.0.1/46467] INFO  netty.NettyConfigKeys$DataStream (ConfUtils.java:logGet(46)) - raft.netty.dataStream.server.use-epoll = false (default)
2023-01-16 14:42:28,509 [Listener at 127.0.0.1/46467] INFO  netty.NettyConfigKeys$DataStream (ConfUtils.java:logGet(46)) - raft.netty.dataStream.server.boss-group.size = 0 (default)
2023-01-16 14:42:28,509 [Listener at 127.0.0.1/46467] INFO  netty.NettyConfigKeys$DataStream (ConfUtils.java:logGet(46)) - raft.netty.dataStream.server.worker-group.size = 0 (default)
2023-01-16 14:42:28,509 [Listener at 127.0.0.1/46467] INFO  netty.NettyConfigKeys$DataStream (ConfUtils.java:logGet(46)) - raft.netty.dataStream.server.tls.conf = null (default)
2023-01-16 14:42:28,509 [Listener at 127.0.0.1/46467] INFO  netty.NettyConfigKeys$DataStream (ConfUtils.java:logGet(46)) - raft.netty.dataStream.host = null (default)
2023-01-16 14:42:28,510 [Listener at 127.0.0.1/46467] INFO  netty.NettyConfigKeys$DataStream (ConfUtils.java:logGet(46)) - raft.netty.dataStream.port = 0 (default)
2023-01-16 14:42:28,511 [Listener at 127.0.0.1/46467] INFO  server.RaftServerConfigKeys (ConfUtils.java:logGet(46)) - raft.server.threadpool.proxy.cached = true (default)
2023-01-16 14:42:28,512 [Listener at 127.0.0.1/46467] INFO  server.RaftServerConfigKeys (ConfUtils.java:logGet(46)) - raft.server.threadpool.proxy.size = 0 (default)
2023-01-16 14:42:28,512 [Listener at 127.0.0.1/46467] INFO  server.RaftServerConfigKeys (ConfUtils.java:logGet(46)) - raft.server.rpc.slowness.timeout = 300s (custom)
2023-01-16 14:42:28,512 [Listener at 127.0.0.1/46467] INFO  server.RaftServerConfigKeys (ConfUtils.java:logGet(46)) - raft.server.leaderelection.leader.step-down.wait-time = 10s (default)
2023-01-16 14:42:28,512 [Listener at 127.0.0.1/46467] INFO  server.RaftServerConfigKeys (ConfUtils.java:logGet(46)) - raft.server.storage.dir = [/home/runner/work/ozone/ozone/hadoop-ozone/integration-test/target/test-dir/MiniOzoneClusterImpl-c46fa063-69c7-4818-82ed-7a4432d72042/datanode-1/data/ratis] (custom)
2023-01-16 14:42:28,513 [442ec2d2-8762-4ddc-9d9e-f72be6bfd603-NettyServerStreamRpc-bossGroup--thread1] INFO  logging.LoggingHandler (AbstractInternalLogger.java:log(148)) - [id: 0x6ee7f51c] REGISTERED
2023-01-16 14:42:28,513 [442ec2d2-8762-4ddc-9d9e-f72be6bfd603-NettyServerStreamRpc-bossGroup--thread1] INFO  logging.LoggingHandler (AbstractInternalLogger.java:log(148)) - [id: 0x6ee7f51c] BIND: 0.0.0.0/0.0.0.0:0
2023-01-16 14:42:28,513 [442ec2d2-8762-4ddc-9d9e-f72be6bfd603-NettyServerStreamRpc-bossGroup--thread1] INFO  logging.LoggingHandler (AbstractInternalLogger.java:log(148)) - [id: 0x6ee7f51c, L:/0:0:0:0:0:0:0:0:43549] ACTIVE
2023-01-16 14:42:28,517 [Listener at 127.0.0.1/46467] INFO  server.XceiverServerGrpc (XceiverServerGrpc.java:<init>(132)) - GrpcServer channel type EpollServerSocketChannel
2023-01-16 14:42:28,525 [Listener at 127.0.0.1/46467] INFO  http.BaseHttpServer (BaseHttpServer.java:newHttpServer2BuilderForOzone(213)) - Starting Web-server for hddsDatanode at: http://0.0.0.0:0
2023-01-16 14:42:28,525 [Listener at 127.0.0.1/46467] INFO  http.BaseHttpServer (BaseHttpServer.java:<init>(108)) - Hadoop Security Enabled: false Ozone Security Enabled: false Ozone HTTP Security Enabled: false 
2023-01-16 14:42:28,526 [Listener at 127.0.0.1/46467] WARN  server.AuthenticationFilter (AuthenticationFilter.java:constructSecretProvider(240)) - Unable to initialize FileSignerSecretProvider, falling back to use random secrets. Reason: Could not read signature secret file: /home/runner/hadoop-http-auth-signature-secret
2023-01-16 14:42:28,527 [Listener at 127.0.0.1/46467] WARN  http.HttpRequestLog (HttpRequestLog.java:getRequestLog(103)) - Jetty request log can only be enabled using Log4j
2023-01-16 14:42:28,530 [Listener at 127.0.0.1/46467] INFO  http.HttpServer2 (HttpServer2.java:addGlobalFilter(1031)) - Added global filter 'safety' (class=org.apache.hadoop.hdds.server.http.HttpServer2$QuotingInputFilter)
2023-01-16 14:42:28,531 [Listener at 127.0.0.1/46467] INFO  http.HttpServer2 (HttpServer2.java:addFilter(1007)) - Added filter static_user_filter (class=org.apache.hadoop.http.lib.StaticUserWebFilter$StaticUserFilter) to context hddsDatanode
2023-01-16 14:42:28,531 [Listener at 127.0.0.1/46467] INFO  http.HttpServer2 (HttpServer2.java:addFilter(1015)) - Added filter static_user_filter (class=org.apache.hadoop.http.lib.StaticUserWebFilter$StaticUserFilter) to context logs
2023-01-16 14:42:28,531 [Listener at 127.0.0.1/46467] INFO  http.HttpServer2 (HttpServer2.java:addFilter(1015)) - Added filter static_user_filter (class=org.apache.hadoop.http.lib.StaticUserWebFilter$StaticUserFilter) to context static
2023-01-16 14:42:28,532 [Listener at 127.0.0.1/46467] INFO  http.HttpServer2 (HttpServer2.java:bindListener(1250)) - Jetty bound to port 42611
2023-01-16 14:42:28,532 [Listener at 127.0.0.1/46467] INFO  server.Server (Server.java:doStart(375)) - jetty-9.4.49.v20220914; built: 2022-09-14T01:07:36.601Z; git: 4231a3b2e4cb8548a412a789936d640a97b1aa0a; jvm 1.8.0_352-b08
2023-01-16 14:42:28,534 [Listener at 127.0.0.1/46467] INFO  server.session (DefaultSessionIdManager.java:doStart(334)) - DefaultSessionIdManager workerName=node0
2023-01-16 14:42:28,534 [Listener at 127.0.0.1/46467] INFO  server.session (DefaultSessionIdManager.java:doStart(339)) - No SessionScavenger set, using defaults
2023-01-16 14:42:28,534 [Listener at 127.0.0.1/46467] INFO  server.session (HouseKeeper.java:startScavenging(132)) - node0 Scavenging every 660000ms
2023-01-16 14:42:28,535 [Listener at 127.0.0.1/46467] INFO  handler.ContextHandler (ContextHandler.java:doStart(921)) - Started o.e.j.s.ServletContextHandler@47de972{logs,/logs,file:///home/runner/work/ozone/ozone/hadoop-ozone/integration-test/target/log,AVAILABLE}
2023-01-16 14:42:28,536 [Listener at 127.0.0.1/46467] INFO  handler.ContextHandler (ContextHandler.java:doStart(921)) - Started o.e.j.s.ServletContextHandler@4c0c0193{static,/static,jar:file:/home/runner/.m2/repository/org/apache/ozone/hdds-container-service/1.4.0-SNAPSHOT/hdds-container-service-1.4.0-SNAPSHOT.jar!/webapps/static,AVAILABLE}
2023-01-16 14:42:28,713 [Listener at 127.0.0.1/46467] INFO  handler.ContextHandler (ContextHandler.java:doStart(921)) - Started o.e.j.w.WebAppContext@4c157e75{hddsDatanode,/,file:///tmp/jetty-0_0_0_0-42611-hdds-container-service-1_4_0-SNAPSHOT_jar-_-any-463842993413249963/webapp/,AVAILABLE}{jar:file:/home/runner/.m2/repository/org/apache/ozone/hdds-container-service/1.4.0-SNAPSHOT/hdds-container-service-1.4.0-SNAPSHOT.jar!/webapps/hddsDatanode}
2023-01-16 14:42:28,715 [Listener at 127.0.0.1/46467] INFO  server.AbstractConnector (AbstractConnector.java:doStart(333)) - Started ServerConnector@7e85a0da{HTTP/1.1, (http/1.1)}{0.0.0.0:42611}
2023-01-16 14:42:28,715 [Listener at 127.0.0.1/46467] INFO  server.Server (Server.java:doStart(415)) - Started @51668ms
2023-01-16 14:42:28,715 [Listener at 127.0.0.1/46467] WARN  impl.MetricsSystemImpl (MetricsSystemImpl.java:register(279)) - Sink prometheus already exists!
2023-01-16 14:42:28,716 [Listener at 127.0.0.1/46467] INFO  http.BaseHttpServer (BaseHttpServer.java:updateConnectorAddress(333)) - HTTP server of hddsDatanode listening at http://0.0.0.0:42611
2023-01-16 14:42:28,717 [Listener at 127.0.0.1/46467] WARN  impl.MetricRegistriesImpl (MetricRegistriesImpl.java:addReporterRegistration(111)) - New reporters are added after registries were created. Some metrics will be missing from the reporter. Please add reporter before adding any new registry.
2023-01-16 14:42:28,717 [Listener at 127.0.0.1/46467] WARN  impl.MetricRegistriesImpl (MetricRegistriesImpl.java:addReporterRegistration(111)) - New reporters are added after registries were created. Some metrics will be missing from the reporter. Please add reporter before adding any new registry.
2023-01-16 14:42:28,717 [Listener at 127.0.0.1/46467] INFO  impl.MetricsSystemImpl (MetricsSystemImpl.java:init(158)) - HddsDatanode metrics system started (again)
2023-01-16 14:42:28,720 [Datanode State Machine Daemon Thread] INFO  statemachine.DatanodeStateMachine (DatanodeStateMachine.java:lambda$startDaemon$0(508)) - Ozone container server started.
2023-01-16 14:42:28,736 [org.apache.hadoop.util.JvmPauseMonitor$Monitor@582abdc] INFO  util.JvmPauseMonitor (JvmPauseMonitor.java:run(188)) - Starting JVM pause monitor
2023-01-16 14:42:28,740 [Listener at 127.0.0.1/46467] INFO  ozone.HddsDatanodeService (HddsDatanodeService.java:start(228)) - HddsDatanodeService host:fv-az203-757.ild0l4k5vsluppoevu2oqvhmda.cx.internal.cloudapp.net ip:10.1.1.103
2023-01-16 14:42:28,741 [Datanode State Machine Task Thread - 0] INFO  datanode.InitDatanodeState (InitDatanodeState.java:persistContainerDatanodeDetails(138)) - DatanodeDetails is persisted to /home/runner/work/ozone/ozone/hadoop-ozone/integration-test/target/test-dir/MiniOzoneClusterImpl-c46fa063-69c7-4818-82ed-7a4432d72042/datanode-1/meta/datanode.id
2023-01-16 14:42:28,767 [Listener at 127.0.0.1/46467] INFO  upgrade.AbstractLayoutVersionManager (AbstractLayoutVersionManager.java:init(83)) - Initializing Layout version manager with metadata layout = DATANODE_SCHEMA_V3 (version = 4), software layout = DATANODE_SCHEMA_V3 (version = 4)
2023-01-16 14:42:28,813 [Listener at 127.0.0.1/46467] INFO  reflections.Reflections (Reflections.java:scan(232)) - Reflections took 44 ms to scan 7 urls, producing 146 keys and 350 values 
2023-01-16 14:42:28,815 [Listener at 127.0.0.1/46467] INFO  statemachine.DatanodeStateMachine (DatanodeStateMachine.java:getEndPointTaskThreadPoolSize(248)) - Datanode State Machine Task Thread Pool size 2
2023-01-16 14:42:28,817 [Listener at 127.0.0.1/46467] INFO  volume.HddsVolume (HddsVolume.java:<init>(117)) - Creating HddsVolume: /home/runner/work/ozone/ozone/hadoop-ozone/integration-test/target/test-dir/MiniOzoneClusterImpl-c46fa063-69c7-4818-82ed-7a4432d72042/datanode-2/data-0/containers/hdds of storage type : DISK capacity : 9223372036854775807
2023-01-16 14:42:28,817 [Listener at 127.0.0.1/46467] INFO  volume.MutableVolumeSet (MutableVolumeSet.java:initializeVolumeSet(174)) - Added Volume : /home/runner/work/ozone/ozone/hadoop-ozone/integration-test/target/test-dir/MiniOzoneClusterImpl-c46fa063-69c7-4818-82ed-7a4432d72042/datanode-2/data-0/containers/hdds to VolumeSet
2023-01-16 14:42:28,817 [Listener at 127.0.0.1/46467] INFO  volume.ThrottledAsyncChecker (ThrottledAsyncChecker.java:schedule(141)) - Scheduling a check for /home/runner/work/ozone/ozone/hadoop-ozone/integration-test/target/test-dir/MiniOzoneClusterImpl-c46fa063-69c7-4818-82ed-7a4432d72042/datanode-2/data-0/containers/hdds
2023-01-16 14:42:28,818 [Listener at 127.0.0.1/46467] INFO  volume.StorageVolumeChecker (StorageVolumeChecker.java:checkAllVolumes(202)) - Scheduled health check for volume /home/runner/work/ozone/ozone/hadoop-ozone/integration-test/target/test-dir/MiniOzoneClusterImpl-c46fa063-69c7-4818-82ed-7a4432d72042/datanode-2/data-0/containers/hdds
2023-01-16 14:42:28,829 [Listener at 127.0.0.1/46467] INFO  volume.MutableVolumeSet (MutableVolumeSet.java:initializeVolumeSet(174)) - Added Volume : /home/runner/work/ozone/ozone/hadoop-ozone/integration-test/target/test-dir/MiniOzoneClusterImpl-c46fa063-69c7-4818-82ed-7a4432d72042/datanode-2/data/ratis to VolumeSet
2023-01-16 14:42:28,829 [Listener at 127.0.0.1/46467] INFO  volume.ThrottledAsyncChecker (ThrottledAsyncChecker.java:schedule(141)) - Scheduling a check for /home/runner/work/ozone/ozone/hadoop-ozone/integration-test/target/test-dir/MiniOzoneClusterImpl-c46fa063-69c7-4818-82ed-7a4432d72042/datanode-2/data/ratis
2023-01-16 14:42:28,830 [Listener at 127.0.0.1/46467] INFO  volume.StorageVolumeChecker (StorageVolumeChecker.java:checkAllVolumes(202)) - Scheduled health check for volume /home/runner/work/ozone/ozone/hadoop-ozone/integration-test/target/test-dir/MiniOzoneClusterImpl-c46fa063-69c7-4818-82ed-7a4432d72042/datanode-2/data/ratis
2023-01-16 14:42:28,840 [Thread-661] INFO  ozoneimpl.ContainerReader (ContainerReader.java:readVolume(175)) - Finish verifying containers on volume /home/runner/work/ozone/ozone/hadoop-ozone/integration-test/target/test-dir/MiniOzoneClusterImpl-c46fa063-69c7-4818-82ed-7a4432d72042/datanode-2/data-0/containers/hdds
2023-01-16 14:42:28,841 [Listener at 127.0.0.1/46467] INFO  ozoneimpl.OzoneContainer (OzoneContainer.java:buildContainerSet(301)) - Build ContainerSet costs 0s
2023-01-16 14:42:28,843 [Listener at 127.0.0.1/46467] INFO  server.RaftServer (ConfUtils.java:logGet(46)) - raft.rpc.type = GRPC (default)
2023-01-16 14:42:28,843 [Listener at 127.0.0.1/46467] INFO  grpc.GrpcConfigKeys (ConfUtils.java:logFallback(53)) - raft.grpc.admin.host = null (fallback to raft.grpc.server.host)
2023-01-16 14:42:28,843 [Listener at 127.0.0.1/46467] INFO  grpc.GrpcConfigKeys (ConfUtils.java:logGet(46)) - raft.grpc.admin.port = 0 (custom)
2023-01-16 14:42:28,843 [Listener at 127.0.0.1/46467] INFO  grpc.GrpcConfigKeys (ConfUtils.java:logFallback(53)) - raft.grpc.client.host = null (fallback to raft.grpc.server.host)
2023-01-16 14:42:28,844 [Listener at 127.0.0.1/46467] INFO  grpc.GrpcConfigKeys (ConfUtils.java:logGet(46)) - raft.grpc.client.port = 0 (custom)
2023-01-16 14:42:28,844 [Listener at 127.0.0.1/46467] INFO  grpc.GrpcConfigKeys (ConfUtils.java:logGet(46)) - raft.grpc.server.host = null (default)
2023-01-16 14:42:28,844 [Listener at 127.0.0.1/46467] INFO  grpc.GrpcConfigKeys (ConfUtils.java:logGet(46)) - raft.grpc.server.port = 0 (default)
2023-01-16 14:42:28,844 [Listener at 127.0.0.1/46467] INFO  server.GrpcService (ConfUtils.java:logGet(46)) - raft.grpc.message.size.max = 32MB (=33554432) (custom)
2023-01-16 14:42:28,844 [Listener at 127.0.0.1/46467] INFO  server.RaftServerConfigKeys (ConfUtils.java:logGet(46)) - raft.server.log.appender.buffer.byte-limit = 33554432 (custom)
2023-01-16 14:42:28,844 [Listener at 127.0.0.1/46467] INFO  server.GrpcService (ConfUtils.java:logGet(46)) - raft.grpc.flow.control.window = 5MB (=5242880) (custom)
2023-01-16 14:42:28,844 [Listener at 127.0.0.1/46467] INFO  server.RaftServerConfigKeys (ConfUtils.java:logGet(46)) - raft.server.rpc.request.timeout = 60s (custom)
2023-01-16 14:42:28,844 [Listener at 127.0.0.1/46467] INFO  grpc.GrpcConfigKeys (ConfUtils.java:logGet(46)) - raft.grpc.server.heartbeat.channel = true (default)
2023-01-16 14:42:28,845 [Listener at 127.0.0.1/46467] INFO  grpc.GrpcConfigKeys (ConfUtils.java:logGet(46)) - raft.grpc.server.async.request.thread.pool.cached = true (default)
2023-01-16 14:42:28,845 [Listener at 127.0.0.1/46467] INFO  grpc.GrpcConfigKeys (ConfUtils.java:logGet(46)) - raft.grpc.server.async.request.thread.pool.size = 32 (default)
2023-01-16 14:42:28,846 [Listener at 127.0.0.1/46467] INFO  impl.DataStreamServerImpl (ConfUtils.java:logGet(46)) - raft.datastream.type = NETTY (custom)
2023-01-16 14:42:28,846 [Listener at 127.0.0.1/46467] INFO  server.RaftServerConfigKeys (ConfUtils.java:logGet(46)) - raft.server.data-stream.async.request.thread.pool.cached = false (default)
2023-01-16 14:42:28,846 [Listener at 127.0.0.1/46467] INFO  server.RaftServerConfigKeys (ConfUtils.java:logGet(46)) - raft.server.data-stream.async.request.thread.pool.size = 20 (custom)
2023-01-16 14:42:28,846 [Listener at 127.0.0.1/46467] INFO  server.RaftServerConfigKeys (ConfUtils.java:logGet(46)) - raft.server.data-stream.async.write.thread.pool.size = 16 (default)
2023-01-16 14:42:28,847 [Listener at 127.0.0.1/46467] INFO  server.RaftServerConfigKeys (ConfUtils.java:logGet(46)) - raft.server.data-stream.client.pool.size = 10 (default)
2023-01-16 14:42:28,847 [Listener at 127.0.0.1/46467] INFO  netty.NettyConfigKeys$DataStream (ConfUtils.java:logGet(46)) - raft.netty.dataStream.server.use-epoll = false (default)
2023-01-16 14:42:28,847 [Listener at 127.0.0.1/46467] INFO  netty.NettyConfigKeys$DataStream (ConfUtils.java:logGet(46)) - raft.netty.dataStream.server.boss-group.size = 0 (default)
2023-01-16 14:42:28,847 [Listener at 127.0.0.1/46467] INFO  netty.NettyConfigKeys$DataStream (ConfUtils.java:logGet(46)) - raft.netty.dataStream.server.worker-group.size = 0 (default)
2023-01-16 14:42:28,849 [Listener at 127.0.0.1/46467] INFO  netty.NettyConfigKeys$DataStream (ConfUtils.java:logGet(46)) - raft.netty.dataStream.server.tls.conf = null (default)
2023-01-16 14:42:28,850 [Listener at 127.0.0.1/46467] INFO  netty.NettyConfigKeys$DataStream (ConfUtils.java:logGet(46)) - raft.netty.dataStream.host = null (default)
2023-01-16 14:42:28,850 [Listener at 127.0.0.1/46467] INFO  netty.NettyConfigKeys$DataStream (ConfUtils.java:logGet(46)) - raft.netty.dataStream.port = 0 (default)
2023-01-16 14:42:28,851 [Listener at 127.0.0.1/46467] INFO  server.RaftServerConfigKeys (ConfUtils.java:logGet(46)) - raft.server.threadpool.proxy.cached = true (default)
2023-01-16 14:42:28,852 [Listener at 127.0.0.1/46467] INFO  server.RaftServerConfigKeys (ConfUtils.java:logGet(46)) - raft.server.threadpool.proxy.size = 0 (default)
2023-01-16 14:42:28,852 [Listener at 127.0.0.1/46467] INFO  server.RaftServerConfigKeys (ConfUtils.java:logGet(46)) - raft.server.rpc.slowness.timeout = 300s (custom)
2023-01-16 14:42:28,852 [Listener at 127.0.0.1/46467] INFO  server.RaftServerConfigKeys (ConfUtils.java:logGet(46)) - raft.server.leaderelection.leader.step-down.wait-time = 10s (default)
2023-01-16 14:42:28,852 [Listener at 127.0.0.1/46467] INFO  server.RaftServerConfigKeys (ConfUtils.java:logGet(46)) - raft.server.storage.dir = [/home/runner/work/ozone/ozone/hadoop-ozone/integration-test/target/test-dir/MiniOzoneClusterImpl-c46fa063-69c7-4818-82ed-7a4432d72042/datanode-2/data/ratis] (custom)
2023-01-16 14:42:28,853 [d72051fe-3aaa-4ca0-b891-e1cdc202e4f4-NettyServerStreamRpc-bossGroup--thread1] INFO  logging.LoggingHandler (AbstractInternalLogger.java:log(148)) - [id: 0x0b5c4206] REGISTERED
2023-01-16 14:42:28,853 [d72051fe-3aaa-4ca0-b891-e1cdc202e4f4-NettyServerStreamRpc-bossGroup--thread1] INFO  logging.LoggingHandler (AbstractInternalLogger.java:log(148)) - [id: 0x0b5c4206] BIND: 0.0.0.0/0.0.0.0:0
2023-01-16 14:42:28,853 [d72051fe-3aaa-4ca0-b891-e1cdc202e4f4-NettyServerStreamRpc-bossGroup--thread1] INFO  logging.LoggingHandler (AbstractInternalLogger.java:log(148)) - [id: 0x0b5c4206, L:/0:0:0:0:0:0:0:0:39517] ACTIVE
2023-01-16 14:42:28,857 [Listener at 127.0.0.1/46467] INFO  server.XceiverServerGrpc (XceiverServerGrpc.java:<init>(132)) - GrpcServer channel type EpollServerSocketChannel
2023-01-16 14:42:28,860 [Listener at 127.0.0.1/46467] INFO  http.BaseHttpServer (BaseHttpServer.java:newHttpServer2BuilderForOzone(213)) - Starting Web-server for hddsDatanode at: http://0.0.0.0:0
2023-01-16 14:42:28,860 [Listener at 127.0.0.1/46467] INFO  http.BaseHttpServer (BaseHttpServer.java:<init>(108)) - Hadoop Security Enabled: false Ozone Security Enabled: false Ozone HTTP Security Enabled: false 
2023-01-16 14:42:28,861 [Listener at 127.0.0.1/46467] WARN  server.AuthenticationFilter (AuthenticationFilter.java:constructSecretProvider(240)) - Unable to initialize FileSignerSecretProvider, falling back to use random secrets. Reason: Could not read signature secret file: /home/runner/hadoop-http-auth-signature-secret
2023-01-16 14:42:28,862 [Listener at 127.0.0.1/46467] WARN  http.HttpRequestLog (HttpRequestLog.java:getRequestLog(103)) - Jetty request log can only be enabled using Log4j
2023-01-16 14:42:28,863 [Listener at 127.0.0.1/46467] INFO  http.HttpServer2 (HttpServer2.java:addGlobalFilter(1031)) - Added global filter 'safety' (class=org.apache.hadoop.hdds.server.http.HttpServer2$QuotingInputFilter)
2023-01-16 14:42:28,864 [Listener at 127.0.0.1/46467] INFO  http.HttpServer2 (HttpServer2.java:addFilter(1007)) - Added filter static_user_filter (class=org.apache.hadoop.http.lib.StaticUserWebFilter$StaticUserFilter) to context hddsDatanode
2023-01-16 14:42:28,864 [Listener at 127.0.0.1/46467] INFO  http.HttpServer2 (HttpServer2.java:addFilter(1015)) - Added filter static_user_filter (class=org.apache.hadoop.http.lib.StaticUserWebFilter$StaticUserFilter) to context logs
2023-01-16 14:42:28,864 [Listener at 127.0.0.1/46467] INFO  http.HttpServer2 (HttpServer2.java:addFilter(1015)) - Added filter static_user_filter (class=org.apache.hadoop.http.lib.StaticUserWebFilter$StaticUserFilter) to context static
2023-01-16 14:42:28,865 [Listener at 127.0.0.1/46467] INFO  http.HttpServer2 (HttpServer2.java:bindListener(1250)) - Jetty bound to port 45561
2023-01-16 14:42:28,865 [Listener at 127.0.0.1/46467] INFO  server.Server (Server.java:doStart(375)) - jetty-9.4.49.v20220914; built: 2022-09-14T01:07:36.601Z; git: 4231a3b2e4cb8548a412a789936d640a97b1aa0a; jvm 1.8.0_352-b08
2023-01-16 14:42:28,866 [Listener at 127.0.0.1/46467] INFO  server.session (DefaultSessionIdManager.java:doStart(334)) - DefaultSessionIdManager workerName=node0
2023-01-16 14:42:28,866 [Listener at 127.0.0.1/46467] INFO  server.session (DefaultSessionIdManager.java:doStart(339)) - No SessionScavenger set, using defaults
2023-01-16 14:42:28,867 [Listener at 127.0.0.1/46467] INFO  server.session (HouseKeeper.java:startScavenging(132)) - node0 Scavenging every 660000ms
2023-01-16 14:42:28,867 [Listener at 127.0.0.1/46467] INFO  handler.ContextHandler (ContextHandler.java:doStart(921)) - Started o.e.j.s.ServletContextHandler@26d76e45{logs,/logs,file:///home/runner/work/ozone/ozone/hadoop-ozone/integration-test/target/log,AVAILABLE}
2023-01-16 14:42:28,868 [Listener at 127.0.0.1/46467] INFO  handler.ContextHandler (ContextHandler.java:doStart(921)) - Started o.e.j.s.ServletContextHandler@2f6a0f9c{static,/static,jar:file:/home/runner/.m2/repository/org/apache/ozone/hdds-container-service/1.4.0-SNAPSHOT/hdds-container-service-1.4.0-SNAPSHOT.jar!/webapps/static,AVAILABLE}
2023-01-16 14:42:29,035 [Listener at 127.0.0.1/46467] INFO  handler.ContextHandler (ContextHandler.java:doStart(921)) - Started o.e.j.w.WebAppContext@2e91c245{hddsDatanode,/,file:///tmp/jetty-0_0_0_0-45561-hdds-container-service-1_4_0-SNAPSHOT_jar-_-any-3074681065324428606/webapp/,AVAILABLE}{jar:file:/home/runner/.m2/repository/org/apache/ozone/hdds-container-service/1.4.0-SNAPSHOT/hdds-container-service-1.4.0-SNAPSHOT.jar!/webapps/hddsDatanode}
2023-01-16 14:42:29,037 [Listener at 127.0.0.1/46467] INFO  server.AbstractConnector (AbstractConnector.java:doStart(333)) - Started ServerConnector@fb054f4{HTTP/1.1, (http/1.1)}{0.0.0.0:45561}
2023-01-16 14:42:29,037 [Listener at 127.0.0.1/46467] INFO  server.Server (Server.java:doStart(415)) - Started @51990ms
2023-01-16 14:42:29,037 [Listener at 127.0.0.1/46467] WARN  impl.MetricsSystemImpl (MetricsSystemImpl.java:register(279)) - Sink prometheus already exists!
2023-01-16 14:42:29,038 [Listener at 127.0.0.1/46467] INFO  http.BaseHttpServer (BaseHttpServer.java:updateConnectorAddress(333)) - HTTP server of hddsDatanode listening at http://0.0.0.0:45561
2023-01-16 14:42:29,038 [Datanode State Machine Daemon Thread] INFO  statemachine.DatanodeStateMachine (DatanodeStateMachine.java:lambda$startDaemon$0(508)) - Ozone container server started.
2023-01-16 14:42:29,039 [Listener at 127.0.0.1/46467] INFO  ozone.MiniOzoneClusterImpl (MiniOzoneClusterImpl.java:lambda$waitForClusterToBeReady$0(218)) - Waiting for nodes to be ready. Got 0 of 3 DN Heartbeats.
2023-01-16 14:42:29,039 [Listener at 127.0.0.1/46467] INFO  ozone.MiniOzoneClusterImpl (MiniOzoneClusterImpl.java:lambda$waitForClusterToBeReady$0(221)) - Waiting for cluster to exit safe mode
2023-01-16 14:42:29,040 [Listener at 127.0.0.1/46467] INFO  ozone.MiniOzoneClusterImpl (MiniOzoneClusterImpl.java:lambda$waitForClusterToBeReady$0(223)) - SCM became leader
2023-01-16 14:42:29,041 [org.apache.hadoop.util.JvmPauseMonitor$Monitor@5e463f51] INFO  util.JvmPauseMonitor (JvmPauseMonitor.java:run(188)) - Starting JVM pause monitor
2023-01-16 14:42:29,042 [Datanode State Machine Task Thread - 0] INFO  datanode.InitDatanodeState (InitDatanodeState.java:persistContainerDatanodeDetails(138)) - DatanodeDetails is persisted to /home/runner/work/ozone/ozone/hadoop-ozone/integration-test/target/test-dir/MiniOzoneClusterImpl-c46fa063-69c7-4818-82ed-7a4432d72042/datanode-2/meta/datanode.id
2023-01-16 14:42:29,043 [om1@group-C5BA1605619E-FollowerState] INFO  impl.FollowerState (FollowerState.java:run(143)) - om1@group-C5BA1605619E-FollowerState: change to CANDIDATE, lastRpcElapsedTime:1008832432ns, electionTimeout:1004ms
2023-01-16 14:42:29,044 [om1@group-C5BA1605619E-FollowerState] INFO  impl.RoleInfo (RoleInfo.java:shutdownFollowerState(110)) - om1: shutdown om1@group-C5BA1605619E-FollowerState
2023-01-16 14:42:29,044 [om1@group-C5BA1605619E-FollowerState] INFO  server.RaftServer$Division (RaftServerImpl.java:setRole(321)) - om1@group-C5BA1605619E: changes role from  FOLLOWER to CANDIDATE at term 0 for changeToCandidate
2023-01-16 14:42:29,044 [om1@group-C5BA1605619E-FollowerState] INFO  server.RaftServerConfigKeys (ConfUtils.java:logGet(46)) - raft.server.leaderelection.pre-vote = false (custom)
2023-01-16 14:42:29,044 [om1@group-C5BA1605619E-FollowerState] INFO  impl.RoleInfo (RoleInfo.java:updateAndGet(139)) - om1: start om1@group-C5BA1605619E-LeaderElection24
2023-01-16 14:42:29,049 [om1@group-C5BA1605619E-LeaderElection24] INFO  impl.LeaderElection (LeaderElection.java:askForVotes(312)) - om1@group-C5BA1605619E-LeaderElection24 ELECTION round 0: submit vote requests at term 1 for -1: peers:[om1|rpc:localhost:9872|priority:0|startupRole:FOLLOWER]|listeners:[], old=null
2023-01-16 14:42:29,049 [om1@group-C5BA1605619E-LeaderElection24] INFO  impl.LeaderElection (LeaderElection.java:askForVotes(314)) - om1@group-C5BA1605619E-LeaderElection24 ELECTION round 0: result PASSED (term=1)
2023-01-16 14:42:29,049 [om1@group-C5BA1605619E-LeaderElection24] INFO  impl.RoleInfo (RoleInfo.java:shutdownLeaderElection(130)) - om1: shutdown om1@group-C5BA1605619E-LeaderElection24
2023-01-16 14:42:29,049 [om1@group-C5BA1605619E-LeaderElection24] INFO  server.RaftServer$Division (RaftServerImpl.java:setRole(321)) - om1@group-C5BA1605619E: changes role from CANDIDATE to LEADER at term 1 for changeToLeader
2023-01-16 14:42:29,049 [om1@group-C5BA1605619E-LeaderElection24] INFO  server.RaftServer$Division (ServerState.java:setLeader(313)) - om1@group-C5BA1605619E: change Leader from null to om1 at term 1 for becomeLeader, leader elected after 1371ms
2023-01-16 14:42:29,049 [om1@group-C5BA1605619E-LeaderElection24] INFO  server.RaftServerConfigKeys (ConfUtils.java:logGet(46)) - raft.server.staging.catchup.gap = 1000 (default)
2023-01-16 14:42:29,050 [om1@group-C5BA1605619E-LeaderElection24] INFO  server.RaftServerConfigKeys (ConfUtils.java:logGet(46)) - raft.server.write.element-limit = 4096 (default)
2023-01-16 14:42:29,050 [om1@group-C5BA1605619E-LeaderElection24] INFO  server.RaftServerConfigKeys (ConfUtils.java:logGet(46)) - raft.server.write.byte-limit = 64MB (=67108864) (default)
2023-01-16 14:42:29,050 [om1@group-C5BA1605619E-LeaderElection24] INFO  server.RaftServerConfigKeys (ConfUtils.java:logGet(46)) - raft.server.watch.timeout = 10s (default)
2023-01-16 14:42:29,050 [om1@group-C5BA1605619E-LeaderElection24] INFO  server.RaftServerConfigKeys (ConfUtils.java:logGet(46)) - raft.server.watch.timeout.denomination = 1s (default)
2023-01-16 14:42:29,050 [om1@group-C5BA1605619E-LeaderElection24] INFO  server.RaftServerConfigKeys (ConfUtils.java:logGet(46)) - raft.server.watch.element-limit = 65536 (default)
2023-01-16 14:42:29,051 [om1@group-C5BA1605619E-LeaderElection24] INFO  server.RaftServerConfigKeys (ConfUtils.java:logGet(46)) - raft.server.write.element-limit = 4096 (default)
2023-01-16 14:42:29,051 [om1@group-C5BA1605619E-LeaderElection24] INFO  server.RaftServerConfigKeys (ConfUtils.java:logGet(46)) - raft.server.write.follower.gap.ratio.max = -1.0 (default)
2023-01-16 14:42:29,052 [om1@group-C5BA1605619E-LeaderElection24] INFO  impl.RoleInfo (RoleInfo.java:updateAndGet(139)) - om1: start om1@group-C5BA1605619E-LeaderStateImpl
2023-01-16 14:42:29,052 [om1@group-C5BA1605619E-LeaderElection24] INFO  segmented.SegmentedRaftLogWorker (SegmentedRaftLogWorker.java:startLogSegment(452)) - om1@group-C5BA1605619E-SegmentedRaftLogWorker: Starting segment from index:0
2023-01-16 14:42:29,061 [om1@group-C5BA1605619E-LeaderElection24] INFO  server.RaftServer$Division (ServerState.java:setRaftConf(430)) - om1@group-C5BA1605619E: set configuration 0: peers:[om1|rpc:localhost:9872|admin:|client:|dataStream:|priority:0|startupRole:FOLLOWER]|listeners:[], old=null
2023-01-16 14:42:29,062 [om1@group-C5BA1605619E-SegmentedRaftLogWorker] INFO  segmented.SegmentedRaftLogWorker (SegmentedRaftLogWorker.java:execute(656)) - om1@group-C5BA1605619E-SegmentedRaftLogWorker: created new log segment /home/runner/work/ozone/ozone/hadoop-ozone/integration-test/target/test-dir/MiniOzoneClusterImpl-c46fa063-69c7-4818-82ed-7a4432d72042/ozone-meta/ratis/bf265839-605b-3f16-9796-c5ba1605619e/current/log_inprogress_0
2023-01-16 14:42:29,063 [om1@group-C5BA1605619E-StateMachineUpdater] INFO  ratis.OzoneManagerStateMachine (OzoneManagerStateMachine.java:notifyConfigurationChanged(192)) - Received Configuration change notification from Ratis. New Peer list:
[id: "om1"
address: "localhost:9872"
startupRole: FOLLOWER
]
2023-01-16 14:42:30,040 [Listener at 127.0.0.1/46467] INFO  ozone.MiniOzoneClusterImpl (MiniOzoneClusterImpl.java:lambda$waitForClusterToBeReady$0(218)) - Waiting for nodes to be ready. Got 0 of 3 DN Heartbeats.
2023-01-16 14:42:30,040 [Listener at 127.0.0.1/46467] INFO  ozone.MiniOzoneClusterImpl (MiniOzoneClusterImpl.java:lambda$waitForClusterToBeReady$0(221)) - Waiting for cluster to exit safe mode
2023-01-16 14:42:30,040 [Listener at 127.0.0.1/46467] INFO  ozone.MiniOzoneClusterImpl (MiniOzoneClusterImpl.java:lambda$waitForClusterToBeReady$0(223)) - SCM became leader
2023-01-16 14:42:30,443 [EndpointStateMachine task thread for /0.0.0.0:45035 - 0 ] INFO  utils.DatanodeStoreCache (DatanodeStoreCache.java:addDB(58)) - Added db /home/runner/work/ozone/ozone/hadoop-ozone/integration-test/target/test-dir/MiniOzoneClusterImpl-c46fa063-69c7-4818-82ed-7a4432d72042/datanode-0/data-0/containers/hdds/c46fa063-69c7-4818-82ed-7a4432d72042/DS-2e3687ec-d54c-402b-a602-9cb61db6d865/container.db to cache
2023-01-16 14:42:30,443 [EndpointStateMachine task thread for /0.0.0.0:45035 - 0 ] INFO  volume.HddsVolume (HddsVolume.java:createDbStore(307)) - SchemaV3 db is created and loaded at /home/runner/work/ozone/ozone/hadoop-ozone/integration-test/target/test-dir/MiniOzoneClusterImpl-c46fa063-69c7-4818-82ed-7a4432d72042/datanode-0/data-0/containers/hdds/c46fa063-69c7-4818-82ed-7a4432d72042/DS-2e3687ec-d54c-402b-a602-9cb61db6d865/container.db for volume DS-2e3687ec-d54c-402b-a602-9cb61db6d865
2023-01-16 14:42:30,443 [EndpointStateMachine task thread for /0.0.0.0:45035 - 0 ] INFO  ozoneimpl.OzoneContainer (OzoneContainer.java:start(395)) - Attempting to start container services.
2023-01-16 14:42:30,443 [EndpointStateMachine task thread for /0.0.0.0:45035 - 0 ] INFO  ozoneimpl.OzoneContainer (OzoneContainer.java:startContainerScrub(312)) - Scheduled background container scanners and the on-demand container scanner have been disabled.
2023-01-16 14:42:30,445 [EndpointStateMachine task thread for /0.0.0.0:45035 - 0 ] INFO  replication.ReplicationServer (ReplicationServer.java:start(106)) - ReplicationServer is started using port 42969
2023-01-16 14:42:30,446 [EndpointStateMachine task thread for /0.0.0.0:45035 - 0 ] INFO  ratis.XceiverServerRatis (XceiverServerRatis.java:start(517)) - Starting XceiverServerRatis 710767cc-7b4a-4f75-833c-d89a4e7b1741
2023-01-16 14:42:30,449 [EndpointStateMachine task thread for /0.0.0.0:45035 - 0 ] INFO  server.RaftServer (RaftServerProxy.java:startImpl(393)) - 710767cc-7b4a-4f75-833c-d89a4e7b1741: start RPC server
2023-01-16 14:42:30,453 [EndpointStateMachine task thread for /0.0.0.0:45035 - 0 ] INFO  server.GrpcService (GrpcService.java:startImpl(262)) - 710767cc-7b4a-4f75-833c-d89a4e7b1741: GrpcService started, listening on 32999
2023-01-16 14:42:30,454 [EndpointStateMachine task thread for /0.0.0.0:45035 - 0 ] INFO  ratis.XceiverServerRatis (XceiverServerRatis.java:getRealPort(543)) - XceiverServerRatis 710767cc-7b4a-4f75-833c-d89a4e7b1741 is started using port 32999 for RATIS
2023-01-16 14:42:30,454 [EndpointStateMachine task thread for /0.0.0.0:45035 - 0 ] INFO  ratis.XceiverServerRatis (XceiverServerRatis.java:getRealPort(543)) - XceiverServerRatis 710767cc-7b4a-4f75-833c-d89a4e7b1741 is started using port 32999 for RATIS_ADMIN
2023-01-16 14:42:30,454 [EndpointStateMachine task thread for /0.0.0.0:45035 - 0 ] INFO  ratis.XceiverServerRatis (XceiverServerRatis.java:getRealPort(543)) - XceiverServerRatis 710767cc-7b4a-4f75-833c-d89a4e7b1741 is started using port 32999 for RATIS_SERVER
2023-01-16 14:42:30,454 [EndpointStateMachine task thread for /0.0.0.0:45035 - 0 ] INFO  ratis.XceiverServerRatis (XceiverServerRatis.java:getRealPort(543)) - XceiverServerRatis 710767cc-7b4a-4f75-833c-d89a4e7b1741 is started using port 34697 for RATIS_DATASTREAM
2023-01-16 14:42:30,454 [JvmPauseMonitor8] INFO  util.JvmPauseMonitor (JvmPauseMonitor.java:run(105)) - JvmPauseMonitor-710767cc-7b4a-4f75-833c-d89a4e7b1741: Started
2023-01-16 14:42:30,456 [EndpointStateMachine task thread for /0.0.0.0:45035 - 0 ] INFO  server.XceiverServerGrpc (XceiverServerGrpc.java:start(180)) - XceiverServerGrpc 710767cc-7b4a-4f75-833c-d89a4e7b1741 is started using port 33497
2023-01-16 14:42:30,768 [EndpointStateMachine task thread for /0.0.0.0:45035 - 0 ] INFO  utils.DatanodeStoreCache (DatanodeStoreCache.java:addDB(58)) - Added db /home/runner/work/ozone/ozone/hadoop-ozone/integration-test/target/test-dir/MiniOzoneClusterImpl-c46fa063-69c7-4818-82ed-7a4432d72042/datanode-1/data-0/containers/hdds/c46fa063-69c7-4818-82ed-7a4432d72042/DS-397ed784-4a0d-4a2c-bed0-cff05ad5ee39/container.db to cache
2023-01-16 14:42:30,768 [EndpointStateMachine task thread for /0.0.0.0:45035 - 0 ] INFO  volume.HddsVolume (HddsVolume.java:createDbStore(307)) - SchemaV3 db is created and loaded at /home/runner/work/ozone/ozone/hadoop-ozone/integration-test/target/test-dir/MiniOzoneClusterImpl-c46fa063-69c7-4818-82ed-7a4432d72042/datanode-1/data-0/containers/hdds/c46fa063-69c7-4818-82ed-7a4432d72042/DS-397ed784-4a0d-4a2c-bed0-cff05ad5ee39/container.db for volume DS-397ed784-4a0d-4a2c-bed0-cff05ad5ee39
2023-01-16 14:42:30,769 [EndpointStateMachine task thread for /0.0.0.0:45035 - 0 ] INFO  ozoneimpl.OzoneContainer (OzoneContainer.java:start(395)) - Attempting to start container services.
2023-01-16 14:42:30,769 [EndpointStateMachine task thread for /0.0.0.0:45035 - 0 ] INFO  ozoneimpl.OzoneContainer (OzoneContainer.java:startContainerScrub(312)) - Scheduled background container scanners and the on-demand container scanner have been disabled.
2023-01-16 14:42:30,772 [EndpointStateMachine task thread for /0.0.0.0:45035 - 0 ] INFO  replication.ReplicationServer (ReplicationServer.java:start(106)) - ReplicationServer is started using port 46357
2023-01-16 14:42:30,772 [EndpointStateMachine task thread for /0.0.0.0:45035 - 0 ] INFO  ratis.XceiverServerRatis (XceiverServerRatis.java:start(517)) - Starting XceiverServerRatis 442ec2d2-8762-4ddc-9d9e-f72be6bfd603
2023-01-16 14:42:30,773 [EndpointStateMachine task thread for /0.0.0.0:45035 - 0 ] INFO  server.RaftServer (RaftServerProxy.java:startImpl(393)) - 442ec2d2-8762-4ddc-9d9e-f72be6bfd603: start RPC server
2023-01-16 14:42:30,775 [EndpointStateMachine task thread for /0.0.0.0:45035 - 0 ] INFO  server.GrpcService (GrpcService.java:startImpl(262)) - 442ec2d2-8762-4ddc-9d9e-f72be6bfd603: GrpcService started, listening on 34623
2023-01-16 14:42:30,775 [EndpointStateMachine task thread for /0.0.0.0:45035 - 0 ] INFO  ratis.XceiverServerRatis (XceiverServerRatis.java:getRealPort(543)) - XceiverServerRatis 442ec2d2-8762-4ddc-9d9e-f72be6bfd603 is started using port 34623 for RATIS
2023-01-16 14:42:30,775 [JvmPauseMonitor9] INFO  util.JvmPauseMonitor (JvmPauseMonitor.java:run(105)) - JvmPauseMonitor-442ec2d2-8762-4ddc-9d9e-f72be6bfd603: Started
2023-01-16 14:42:30,775 [EndpointStateMachine task thread for /0.0.0.0:45035 - 0 ] INFO  ratis.XceiverServerRatis (XceiverServerRatis.java:getRealPort(543)) - XceiverServerRatis 442ec2d2-8762-4ddc-9d9e-f72be6bfd603 is started using port 34623 for RATIS_ADMIN
2023-01-16 14:42:30,775 [EndpointStateMachine task thread for /0.0.0.0:45035 - 0 ] INFO  ratis.XceiverServerRatis (XceiverServerRatis.java:getRealPort(543)) - XceiverServerRatis 442ec2d2-8762-4ddc-9d9e-f72be6bfd603 is started using port 34623 for RATIS_SERVER
2023-01-16 14:42:30,775 [EndpointStateMachine task thread for /0.0.0.0:45035 - 0 ] INFO  ratis.XceiverServerRatis (XceiverServerRatis.java:getRealPort(543)) - XceiverServerRatis 442ec2d2-8762-4ddc-9d9e-f72be6bfd603 is started using port 43549 for RATIS_DATASTREAM
2023-01-16 14:42:30,777 [EndpointStateMachine task thread for /0.0.0.0:45035 - 0 ] INFO  server.XceiverServerGrpc (XceiverServerGrpc.java:start(180)) - XceiverServerGrpc 442ec2d2-8762-4ddc-9d9e-f72be6bfd603 is started using port 45497
2023-01-16 14:42:31,041 [Listener at 127.0.0.1/46467] INFO  ozone.MiniOzoneClusterImpl (MiniOzoneClusterImpl.java:lambda$waitForClusterToBeReady$0(218)) - Waiting for nodes to be ready. Got 0 of 3 DN Heartbeats.
2023-01-16 14:42:31,041 [Listener at 127.0.0.1/46467] INFO  ozone.MiniOzoneClusterImpl (MiniOzoneClusterImpl.java:lambda$waitForClusterToBeReady$0(221)) - Waiting for cluster to exit safe mode
2023-01-16 14:42:31,041 [Listener at 127.0.0.1/46467] INFO  ozone.MiniOzoneClusterImpl (MiniOzoneClusterImpl.java:lambda$waitForClusterToBeReady$0(223)) - SCM became leader
2023-01-16 14:42:31,074 [EndpointStateMachine task thread for /0.0.0.0:45035 - 0 ] INFO  utils.DatanodeStoreCache (DatanodeStoreCache.java:addDB(58)) - Added db /home/runner/work/ozone/ozone/hadoop-ozone/integration-test/target/test-dir/MiniOzoneClusterImpl-c46fa063-69c7-4818-82ed-7a4432d72042/datanode-2/data-0/containers/hdds/c46fa063-69c7-4818-82ed-7a4432d72042/DS-e7c68cd2-b82d-471a-b4eb-e1587870522c/container.db to cache
2023-01-16 14:42:31,075 [EndpointStateMachine task thread for /0.0.0.0:45035 - 0 ] INFO  volume.HddsVolume (HddsVolume.java:createDbStore(307)) - SchemaV3 db is created and loaded at /home/runner/work/ozone/ozone/hadoop-ozone/integration-test/target/test-dir/MiniOzoneClusterImpl-c46fa063-69c7-4818-82ed-7a4432d72042/datanode-2/data-0/containers/hdds/c46fa063-69c7-4818-82ed-7a4432d72042/DS-e7c68cd2-b82d-471a-b4eb-e1587870522c/container.db for volume DS-e7c68cd2-b82d-471a-b4eb-e1587870522c
2023-01-16 14:42:31,075 [EndpointStateMachine task thread for /0.0.0.0:45035 - 0 ] INFO  ozoneimpl.OzoneContainer (OzoneContainer.java:start(395)) - Attempting to start container services.
2023-01-16 14:42:31,075 [EndpointStateMachine task thread for /0.0.0.0:45035 - 0 ] INFO  ozoneimpl.OzoneContainer (OzoneContainer.java:startContainerScrub(312)) - Scheduled background container scanners and the on-demand container scanner have been disabled.
2023-01-16 14:42:31,077 [EndpointStateMachine task thread for /0.0.0.0:45035 - 0 ] INFO  replication.ReplicationServer (ReplicationServer.java:start(106)) - ReplicationServer is started using port 44221
2023-01-16 14:42:31,077 [EndpointStateMachine task thread for /0.0.0.0:45035 - 0 ] INFO  ratis.XceiverServerRatis (XceiverServerRatis.java:start(517)) - Starting XceiverServerRatis d72051fe-3aaa-4ca0-b891-e1cdc202e4f4
2023-01-16 14:42:31,078 [EndpointStateMachine task thread for /0.0.0.0:45035 - 0 ] INFO  server.RaftServer (RaftServerProxy.java:startImpl(393)) - d72051fe-3aaa-4ca0-b891-e1cdc202e4f4: start RPC server
2023-01-16 14:42:31,081 [EndpointStateMachine task thread for /0.0.0.0:45035 - 0 ] INFO  server.GrpcService (GrpcService.java:startImpl(262)) - d72051fe-3aaa-4ca0-b891-e1cdc202e4f4: GrpcService started, listening on 43765
2023-01-16 14:42:31,081 [EndpointStateMachine task thread for /0.0.0.0:45035 - 0 ] INFO  ratis.XceiverServerRatis (XceiverServerRatis.java:getRealPort(543)) - XceiverServerRatis d72051fe-3aaa-4ca0-b891-e1cdc202e4f4 is started using port 43765 for RATIS
2023-01-16 14:42:31,081 [JvmPauseMonitor10] INFO  util.JvmPauseMonitor (JvmPauseMonitor.java:run(105)) - JvmPauseMonitor-d72051fe-3aaa-4ca0-b891-e1cdc202e4f4: Started
2023-01-16 14:42:31,081 [EndpointStateMachine task thread for /0.0.0.0:45035 - 0 ] INFO  ratis.XceiverServerRatis (XceiverServerRatis.java:getRealPort(543)) - XceiverServerRatis d72051fe-3aaa-4ca0-b891-e1cdc202e4f4 is started using port 43765 for RATIS_ADMIN
2023-01-16 14:42:31,081 [EndpointStateMachine task thread for /0.0.0.0:45035 - 0 ] INFO  ratis.XceiverServerRatis (XceiverServerRatis.java:getRealPort(543)) - XceiverServerRatis d72051fe-3aaa-4ca0-b891-e1cdc202e4f4 is started using port 43765 for RATIS_SERVER
2023-01-16 14:42:31,081 [EndpointStateMachine task thread for /0.0.0.0:45035 - 0 ] INFO  ratis.XceiverServerRatis (XceiverServerRatis.java:getRealPort(543)) - XceiverServerRatis d72051fe-3aaa-4ca0-b891-e1cdc202e4f4 is started using port 39517 for RATIS_DATASTREAM
2023-01-16 14:42:31,084 [EndpointStateMachine task thread for /0.0.0.0:45035 - 0 ] INFO  server.XceiverServerGrpc (XceiverServerGrpc.java:start(180)) - XceiverServerGrpc d72051fe-3aaa-4ca0-b891-e1cdc202e4f4 is started using port 44643
2023-01-16 14:42:32,041 [Listener at 127.0.0.1/46467] INFO  ozone.MiniOzoneClusterImpl (MiniOzoneClusterImpl.java:lambda$waitForClusterToBeReady$0(218)) - Waiting for nodes to be ready. Got 0 of 3 DN Heartbeats.
2023-01-16 14:42:32,042 [Listener at 127.0.0.1/46467] INFO  ozone.MiniOzoneClusterImpl (MiniOzoneClusterImpl.java:lambda$waitForClusterToBeReady$0(221)) - Waiting for cluster to exit safe mode
2023-01-16 14:42:32,042 [Listener at 127.0.0.1/46467] INFO  ozone.MiniOzoneClusterImpl (MiniOzoneClusterImpl.java:lambda$waitForClusterToBeReady$0(223)) - SCM became leader
2023-01-16 14:42:32,409 [IPC Server handler 15 on default port 45035] INFO  net.NetworkTopologyImpl (NetworkTopologyImpl.java:add(112)) - Added a new node: /default-rack/710767cc-7b4a-4f75-833c-d89a4e7b1741
2023-01-16 14:42:32,409 [IPC Server handler 15 on default port 45035] INFO  node.SCMNodeManager (SCMNodeManager.java:register(397)) - Registered Data node : 710767cc-7b4a-4f75-833c-d89a4e7b1741{ip: 10.1.1.103, host: fv-az203-757.ild0l4k5vsluppoevu2oqvhmda.cx.internal.cloudapp.net, ports: [REPLICATION=42969, RATIS=32999, RATIS_ADMIN=32999, RATIS_SERVER=32999, RATIS_DATASTREAM=34697, STANDALONE=33497], networkLocation: /default-rack, certSerialId: null, persistedOpState: null, persistedOpStateExpiryEpochSec: 0}
2023-01-16 14:42:32,411 [EventQueue-NodeRegistrationContainerReportForDataNodeSafeModeRule] INFO  safemode.SCMSafeModeManager (DataNodeSafeModeRule.java:process(71)) - SCM in safe mode. 1 DataNodes registered, 3 required.
2023-01-16 14:42:32,412 [EventQueue-NodeRegistrationContainerReportForContainerSafeModeRule] INFO  safemode.SCMSafeModeManager (SCMSafeModeManager.java:validateSafeModeExitRules(200)) - ContainerSafeModeRule rule is successfully validated
2023-01-16 14:42:32,418 [EventQueue-NewNodeForNewNodeHandler] INFO  pipeline.BackgroundPipelineCreator (BackgroundPipelineCreator.java:notifyEventTriggered(276)) - trigger a one-shot run on RatisPipelineUtilsThread.
2023-01-16 14:42:32,418 [EventQueue-PipelineReportForOneReplicaPipelineSafeModeRule] INFO  safemode.SCMSafeModeManager (SCMSafeModeManager.java:validateSafeModeExitRules(200)) - AtleastOneDatanodeReportedRule rule is successfully validated
2023-01-16 14:42:32,419 [RatisPipelineUtilsThread - 0] INFO  pipeline.RatisPipelineProvider (RatisPipelineProvider.java:lambda$create$0(206)) - Sending CreatePipelineCommand for pipeline:PipelineID=f23a0c2d-a1dc-42dc-b0ed-9e07fadadf34 to datanode:710767cc-7b4a-4f75-833c-d89a4e7b1741
2023-01-16 14:42:32,419 [RatisPipelineUtilsThread - 0] INFO  pipeline.PipelineStateManagerImpl (PipelineStateManagerImpl.java:addPipeline(103)) - Created pipeline Pipeline[ Id: f23a0c2d-a1dc-42dc-b0ed-9e07fadadf34, Nodes: 710767cc-7b4a-4f75-833c-d89a4e7b1741(fv-az203-757.ild0l4k5vsluppoevu2oqvhmda.cx.internal.cloudapp.net/10.1.1.103), ReplicationConfig: RATIS/ONE, State:ALLOCATED, leaderId:, CreationTimestamp2023-01-16T14:42:32.419Z[Etc/UTC]].
2023-01-16 14:42:32,737 [IPC Server handler 1 on default port 45035] INFO  net.NetworkTopologyImpl (NetworkTopologyImpl.java:add(112)) - Added a new node: /default-rack/442ec2d2-8762-4ddc-9d9e-f72be6bfd603
2023-01-16 14:42:32,737 [IPC Server handler 1 on default port 45035] INFO  node.SCMNodeManager (SCMNodeManager.java:register(397)) - Registered Data node : 442ec2d2-8762-4ddc-9d9e-f72be6bfd603{ip: 10.1.1.103, host: fv-az203-757.ild0l4k5vsluppoevu2oqvhmda.cx.internal.cloudapp.net, ports: [REPLICATION=46357, RATIS=34623, RATIS_ADMIN=34623, RATIS_SERVER=34623, RATIS_DATASTREAM=43549, STANDALONE=45497], networkLocation: /default-rack, certSerialId: null, persistedOpState: null, persistedOpStateExpiryEpochSec: 0}
2023-01-16 14:42:32,737 [EventQueue-NodeRegistrationContainerReportForDataNodeSafeModeRule] INFO  safemode.SCMSafeModeManager (DataNodeSafeModeRule.java:process(71)) - SCM in safe mode. 2 DataNodes registered, 3 required.
2023-01-16 14:42:32,737 [EventQueue-NewNodeForNewNodeHandler] INFO  pipeline.BackgroundPipelineCreator (BackgroundPipelineCreator.java:notifyEventTriggered(276)) - trigger a one-shot run on RatisPipelineUtilsThread.
2023-01-16 14:42:32,739 [RatisPipelineUtilsThread - 0] INFO  pipeline.RatisPipelineProvider (RatisPipelineProvider.java:lambda$create$0(206)) - Sending CreatePipelineCommand for pipeline:PipelineID=37db6620-9727-4967-a59b-0bce51e68637 to datanode:442ec2d2-8762-4ddc-9d9e-f72be6bfd603
2023-01-16 14:42:32,740 [RatisPipelineUtilsThread - 0] INFO  pipeline.PipelineStateManagerImpl (PipelineStateManagerImpl.java:addPipeline(103)) - Created pipeline Pipeline[ Id: 37db6620-9727-4967-a59b-0bce51e68637, Nodes: 442ec2d2-8762-4ddc-9d9e-f72be6bfd603(fv-az203-757.ild0l4k5vsluppoevu2oqvhmda.cx.internal.cloudapp.net/10.1.1.103), ReplicationConfig: RATIS/ONE, State:ALLOCATED, leaderId:, CreationTimestamp2023-01-16T14:42:32.739Z[Etc/UTC]].
2023-01-16 14:42:33,042 [Listener at 127.0.0.1/46467] INFO  ozone.MiniOzoneClusterImpl (MiniOzoneClusterImpl.java:lambda$waitForClusterToBeReady$0(218)) - Waiting for nodes to be ready. Got 2 of 3 DN Heartbeats.
2023-01-16 14:42:33,042 [Listener at 127.0.0.1/46467] INFO  ozone.MiniOzoneClusterImpl (MiniOzoneClusterImpl.java:lambda$waitForClusterToBeReady$0(221)) - Waiting for cluster to exit safe mode
2023-01-16 14:42:33,043 [Listener at 127.0.0.1/46467] INFO  ozone.MiniOzoneClusterImpl (MiniOzoneClusterImpl.java:lambda$waitForClusterToBeReady$0(223)) - SCM became leader
2023-01-16 14:42:33,043 [IPC Server handler 2 on default port 45035] INFO  net.NetworkTopologyImpl (NetworkTopologyImpl.java:add(112)) - Added a new node: /default-rack/d72051fe-3aaa-4ca0-b891-e1cdc202e4f4
2023-01-16 14:42:33,043 [IPC Server handler 2 on default port 45035] INFO  node.SCMNodeManager (SCMNodeManager.java:register(397)) - Registered Data node : d72051fe-3aaa-4ca0-b891-e1cdc202e4f4{ip: 10.1.1.103, host: fv-az203-757.ild0l4k5vsluppoevu2oqvhmda.cx.internal.cloudapp.net, ports: [REPLICATION=44221, RATIS=43765, RATIS_ADMIN=43765, RATIS_SERVER=43765, RATIS_DATASTREAM=39517, STANDALONE=44643], networkLocation: /default-rack, certSerialId: null, persistedOpState: null, persistedOpStateExpiryEpochSec: 0}
2023-01-16 14:42:33,044 [EventQueue-NewNodeForNewNodeHandler] INFO  pipeline.BackgroundPipelineCreator (BackgroundPipelineCreator.java:notifyEventTriggered(276)) - trigger a one-shot run on RatisPipelineUtilsThread.
2023-01-16 14:42:33,045 [EventQueue-NodeRegistrationContainerReportForDataNodeSafeModeRule] INFO  safemode.SCMSafeModeManager (DataNodeSafeModeRule.java:process(71)) - SCM in safe mode. 3 DataNodes registered, 3 required.
2023-01-16 14:42:33,045 [EventQueue-NodeRegistrationContainerReportForDataNodeSafeModeRule] INFO  safemode.SCMSafeModeManager (SCMSafeModeManager.java:validateSafeModeExitRules(200)) - DataNodeSafeModeRule rule is successfully validated
2023-01-16 14:42:33,045 [EventQueue-NodeRegistrationContainerReportForDataNodeSafeModeRule] INFO  safemode.SCMSafeModeManager (SCMSafeModeManager.java:completePreCheck(229)) - All SCM safe mode pre check rules have passed
2023-01-16 14:42:33,045 [EventQueue-NodeRegistrationContainerReportForDataNodeSafeModeRule] INFO  ha.SCMContext (SCMContext.java:updateSafeModeStatus(228)) - Update SafeModeStatus from SafeModeStatus{safeModeStatus=true, preCheckPassed=false} to SafeModeStatus{safeModeStatus=true, preCheckPassed=true}.
2023-01-16 14:42:33,045 [EventQueue-NodeRegistrationContainerReportForDataNodeSafeModeRule] INFO  pipeline.BackgroundPipelineCreator (BackgroundPipelineCreator.java:notifyEventTriggered(276)) - trigger a one-shot run on RatisPipelineUtilsThread.
2023-01-16 14:42:33,045 [RatisPipelineUtilsThread - 0] INFO  pipeline.RatisPipelineProvider (RatisPipelineProvider.java:lambda$create$0(206)) - Sending CreatePipelineCommand for pipeline:PipelineID=950bf751-b6ea-4122-9241-2fbcaa66a064 to datanode:d72051fe-3aaa-4ca0-b891-e1cdc202e4f4
2023-01-16 14:42:33,046 [RatisPipelineUtilsThread - 0] INFO  pipeline.PipelineStateManagerImpl (PipelineStateManagerImpl.java:addPipeline(103)) - Created pipeline Pipeline[ Id: 950bf751-b6ea-4122-9241-2fbcaa66a064, Nodes: d72051fe-3aaa-4ca0-b891-e1cdc202e4f4(fv-az203-757.ild0l4k5vsluppoevu2oqvhmda.cx.internal.cloudapp.net/10.1.1.103), ReplicationConfig: RATIS/ONE, State:ALLOCATED, leaderId:, CreationTimestamp2023-01-16T14:42:33.045Z[Etc/UTC]].
2023-01-16 14:42:33,046 [RatisPipelineUtilsThread - 0] INFO  pipeline.RatisPipelineProvider (RatisPipelineProvider.java:lambda$create$0(206)) - Sending CreatePipelineCommand for pipeline:PipelineID=174bef65-c465-45c3-8a83-5e653170d9e0 to datanode:442ec2d2-8762-4ddc-9d9e-f72be6bfd603
2023-01-16 14:42:33,046 [RatisPipelineUtilsThread - 0] INFO  pipeline.RatisPipelineProvider (RatisPipelineProvider.java:lambda$create$0(206)) - Sending CreatePipelineCommand for pipeline:PipelineID=174bef65-c465-45c3-8a83-5e653170d9e0 to datanode:710767cc-7b4a-4f75-833c-d89a4e7b1741
2023-01-16 14:42:33,047 [RatisPipelineUtilsThread - 0] INFO  pipeline.RatisPipelineProvider (RatisPipelineProvider.java:lambda$create$0(206)) - Sending CreatePipelineCommand for pipeline:PipelineID=174bef65-c465-45c3-8a83-5e653170d9e0 to datanode:d72051fe-3aaa-4ca0-b891-e1cdc202e4f4
2023-01-16 14:42:33,047 [RatisPipelineUtilsThread - 0] INFO  pipeline.PipelineStateManagerImpl (PipelineStateManagerImpl.java:addPipeline(103)) - Created pipeline Pipeline[ Id: 174bef65-c465-45c3-8a83-5e653170d9e0, Nodes: 442ec2d2-8762-4ddc-9d9e-f72be6bfd603(fv-az203-757.ild0l4k5vsluppoevu2oqvhmda.cx.internal.cloudapp.net/10.1.1.103)710767cc-7b4a-4f75-833c-d89a4e7b1741(fv-az203-757.ild0l4k5vsluppoevu2oqvhmda.cx.internal.cloudapp.net/10.1.1.103)d72051fe-3aaa-4ca0-b891-e1cdc202e4f4(fv-az203-757.ild0l4k5vsluppoevu2oqvhmda.cx.internal.cloudapp.net/10.1.1.103), ReplicationConfig: RATIS/THREE, State:ALLOCATED, leaderId:, CreationTimestamp2023-01-16T14:42:33.046Z[Etc/UTC]].
2023-01-16 14:42:33,048 [RatisPipelineUtilsThread - 0] INFO  pipeline.RatisPipelineProvider (RatisPipelineProvider.java:lambda$create$0(206)) - Sending CreatePipelineCommand for pipeline:PipelineID=ff0120f3-6f59-4109-a245-ba480bcfe081 to datanode:710767cc-7b4a-4f75-833c-d89a4e7b1741
2023-01-16 14:42:33,048 [RatisPipelineUtilsThread - 0] INFO  pipeline.RatisPipelineProvider (RatisPipelineProvider.java:lambda$create$0(206)) - Sending CreatePipelineCommand for pipeline:PipelineID=ff0120f3-6f59-4109-a245-ba480bcfe081 to datanode:442ec2d2-8762-4ddc-9d9e-f72be6bfd603
2023-01-16 14:42:33,048 [RatisPipelineUtilsThread - 0] INFO  pipeline.RatisPipelineProvider (RatisPipelineProvider.java:lambda$create$0(206)) - Sending CreatePipelineCommand for pipeline:PipelineID=ff0120f3-6f59-4109-a245-ba480bcfe081 to datanode:d72051fe-3aaa-4ca0-b891-e1cdc202e4f4
2023-01-16 14:42:33,048 [RatisPipelineUtilsThread - 0] INFO  pipeline.PipelineStateManagerImpl (PipelineStateManagerImpl.java:addPipeline(103)) - Created pipeline Pipeline[ Id: ff0120f3-6f59-4109-a245-ba480bcfe081, Nodes: 710767cc-7b4a-4f75-833c-d89a4e7b1741(fv-az203-757.ild0l4k5vsluppoevu2oqvhmda.cx.internal.cloudapp.net/10.1.1.103)442ec2d2-8762-4ddc-9d9e-f72be6bfd603(fv-az203-757.ild0l4k5vsluppoevu2oqvhmda.cx.internal.cloudapp.net/10.1.1.103)d72051fe-3aaa-4ca0-b891-e1cdc202e4f4(fv-az203-757.ild0l4k5vsluppoevu2oqvhmda.cx.internal.cloudapp.net/10.1.1.103), ReplicationConfig: RATIS/THREE, State:ALLOCATED, leaderId:, CreationTimestamp2023-01-16T14:42:33.048Z[Etc/UTC]].
2023-01-16 14:42:33,048 [RatisPipelineUtilsThread - 0] INFO  pipeline.PipelineManagerImpl (PipelineManagerImpl.java:recordMetricsForPipeline(826)) - Pipeline: PipelineID=ff0120f3-6f59-4109-a245-ba480bcfe081 contains same datanodes as previous pipelines: PipelineID=174bef65-c465-45c3-8a83-5e653170d9e0 nodeIds: 710767cc-7b4a-4f75-833c-d89a4e7b1741, 442ec2d2-8762-4ddc-9d9e-f72be6bfd603, d72051fe-3aaa-4ca0-b891-e1cdc202e4f4
2023-01-16 14:42:33,049 [RatisPipelineUtilsThread - 0] WARN  pipeline.PipelinePlacementPolicy (PipelinePlacementPolicy.java:filterViableNodes(158)) - Pipeline creation failed due to no sufficient healthy datanodes. Required 3. Found 0.
2023-01-16 14:42:33,049 [RatisPipelineUtilsThread - 0] WARN  pipeline.PipelinePlacementPolicy (PipelinePlacementPolicy.java:filterViableNodes(158)) - Pipeline creation failed due to no sufficient healthy datanodes. Required 3. Found 0.
2023-01-16 14:42:34,043 [Listener at 127.0.0.1/46467] INFO  ozone.MiniOzoneClusterImpl (MiniOzoneClusterImpl.java:lambda$waitForClusterToBeReady$0(218)) - Nodes are ready. Got 3 of 3 DN Heartbeats.
2023-01-16 14:42:34,043 [Listener at 127.0.0.1/46467] INFO  ozone.MiniOzoneClusterImpl (MiniOzoneClusterImpl.java:lambda$waitForClusterToBeReady$0(221)) - Waiting for cluster to exit safe mode
2023-01-16 14:42:34,043 [Listener at 127.0.0.1/46467] INFO  ozone.MiniOzoneClusterImpl (MiniOzoneClusterImpl.java:lambda$waitForClusterToBeReady$0(223)) - SCM became leader
2023-01-16 14:42:35,044 [Listener at 127.0.0.1/46467] INFO  ozone.MiniOzoneClusterImpl (MiniOzoneClusterImpl.java:lambda$waitForClusterToBeReady$0(218)) - Nodes are ready. Got 3 of 3 DN Heartbeats.
2023-01-16 14:42:35,044 [Listener at 127.0.0.1/46467] INFO  ozone.MiniOzoneClusterImpl (MiniOzoneClusterImpl.java:lambda$waitForClusterToBeReady$0(221)) - Waiting for cluster to exit safe mode
2023-01-16 14:42:35,044 [Listener at 127.0.0.1/46467] INFO  ozone.MiniOzoneClusterImpl (MiniOzoneClusterImpl.java:lambda$waitForClusterToBeReady$0(223)) - SCM became leader
2023-01-16 14:42:35,408 [Command processor thread] INFO  server.RaftServer (RaftServerProxy.java:addNew(96)) - 710767cc-7b4a-4f75-833c-d89a4e7b1741: addNew group-9E07FADADF34:[710767cc-7b4a-4f75-833c-d89a4e7b1741|rpc:10.1.1.103:32999|dataStream:10.1.1.103:34697|priority:1|startupRole:FOLLOWER] returns group-9E07FADADF34:java.util.concurrent.CompletableFuture@6af6704a[Not completed]
2023-01-16 14:42:35,409 [pool-306-thread-1] INFO  server.RaftServer$Division (RaftServerImpl.java:<init>(195)) - 710767cc-7b4a-4f75-833c-d89a4e7b1741: new RaftServerImpl for group-9E07FADADF34:[710767cc-7b4a-4f75-833c-d89a4e7b1741|rpc:10.1.1.103:32999|dataStream:10.1.1.103:34697|priority:1|startupRole:FOLLOWER] with ContainerStateMachine:uninitialized
2023-01-16 14:42:35,409 [pool-306-thread-1] INFO  server.RaftServerConfigKeys (ConfUtils.java:logGet(46)) - raft.server.rpc.timeout.min = 5s (custom)
2023-01-16 14:42:35,409 [pool-306-thread-1] INFO  server.RaftServerConfigKeys (ConfUtils.java:logGet(46)) - raft.server.rpc.timeout.max = 5200ms (custom)
2023-01-16 14:42:35,410 [pool-306-thread-1] INFO  server.RaftServerConfigKeys (ConfUtils.java:logGet(46)) - raft.server.rpc.sleep.time = 25ms (default)
2023-01-16 14:42:35,410 [pool-306-thread-1] INFO  server.RaftServerConfigKeys (ConfUtils.java:logGet(46)) - raft.server.rpc.slowness.timeout = 300s (custom)
2023-01-16 14:42:35,410 [pool-306-thread-1] INFO  server.RaftServerConfigKeys (ConfUtils.java:logGet(46)) - raft.server.leaderelection.leader.step-down.wait-time = 10s (default)
2023-01-16 14:42:35,410 [pool-306-thread-1] INFO  server.RaftServerConfigKeys (ConfUtils.java:logGet(46)) - raft.server.sleep.deviation.threshold = 300ms (default)
2023-01-16 14:42:35,410 [pool-306-thread-1] INFO  server.RaftServer$Division (ServerState.java:<init>(118)) - 710767cc-7b4a-4f75-833c-d89a4e7b1741@group-9E07FADADF34: ConfigurationManager, init=-1: peers:[710767cc-7b4a-4f75-833c-d89a4e7b1741|rpc:10.1.1.103:32999|dataStream:10.1.1.103:34697|priority:1|startupRole:FOLLOWER]|listeners:[], old=null, confs=<EMPTY_MAP>
2023-01-16 14:42:35,410 [pool-306-thread-1] INFO  server.RaftServerConfigKeys (ConfUtils.java:logGet(46)) - raft.server.storage.dir = [/home/runner/work/ozone/ozone/hadoop-ozone/integration-test/target/test-dir/MiniOzoneClusterImpl-c46fa063-69c7-4818-82ed-7a4432d72042/datanode-0/data/ratis] (custom)
2023-01-16 14:42:35,410 [pool-306-thread-1] INFO  server.RaftServerConfigKeys (ConfUtils.java:logGet(46)) - raft.server.log.corruption.policy = EXCEPTION (default)
2023-01-16 14:42:35,410 [pool-306-thread-1] INFO  server.RaftServerConfigKeys (ConfUtils.java:logGet(46)) - raft.server.storage.free-space.min = 0MB (=0) (default)
2023-01-16 14:42:35,410 [pool-306-thread-1] INFO  server.RaftServerConfigKeys (ConfUtils.java:logGet(46)) - raft.server.notification.no-leader.timeout = 300s (custom)
2023-01-16 14:42:35,410 [pool-306-thread-1] INFO  server.RaftServerConfigKeys (ConfUtils.java:logGet(46)) - raft.server.retrycache.expirytime = 600000ms (custom)
2023-01-16 14:42:35,410 [pool-306-thread-1] INFO  server.RaftServerConfigKeys (ConfUtils.java:logGet(46)) - raft.server.retrycache.statistics.expirytime = 100μs (default)
2023-01-16 14:42:35,411 [pool-306-thread-1] INFO  server.RaftServerConfigKeys (ConfUtils.java:logGet(46)) - raft.server.log.appender.install.snapshot.enabled = false (custom)
2023-01-16 14:42:35,411 [pool-306-thread-1] INFO  server.RaftServerConfigKeys (ConfUtils.java:logGet(46)) - raft.server.threadpool.server.cached = true (default)
2023-01-16 14:42:35,411 [pool-306-thread-1] INFO  server.RaftServerConfigKeys (ConfUtils.java:logGet(46)) - raft.server.threadpool.server.size = 0 (default)
2023-01-16 14:42:35,411 [pool-306-thread-1] INFO  server.RaftServerConfigKeys (ConfUtils.java:logGet(46)) - raft.server.threadpool.client.cached = true (default)
2023-01-16 14:42:35,411 [pool-306-thread-1] INFO  server.RaftServerConfigKeys (ConfUtils.java:logGet(46)) - raft.server.threadpool.client.size = 0 (default)
2023-01-16 14:42:35,411 [pool-306-thread-1] INFO  storage.RaftStorageDirectory (RaftStorageDirectoryImpl.java:analyzeStorage(137)) - The storage directory /home/runner/work/ozone/ozone/hadoop-ozone/integration-test/target/test-dir/MiniOzoneClusterImpl-c46fa063-69c7-4818-82ed-7a4432d72042/datanode-0/data/ratis/f23a0c2d-a1dc-42dc-b0ed-9e07fadadf34 does not exist. Creating ...
2023-01-16 14:42:35,413 [pool-306-thread-1] INFO  storage.RaftStorageDirectory (RaftStorageDirectoryImpl.java:tryLock(231)) - Lock on /home/runner/work/ozone/ozone/hadoop-ozone/integration-test/target/test-dir/MiniOzoneClusterImpl-c46fa063-69c7-4818-82ed-7a4432d72042/datanode-0/data/ratis/f23a0c2d-a1dc-42dc-b0ed-9e07fadadf34/in_use.lock acquired by nodename 12075@fv-az203-757
2023-01-16 14:42:35,414 [pool-306-thread-1] INFO  storage.RaftStorage (RaftStorageImpl.java:format(96)) - Storage directory /home/runner/work/ozone/ozone/hadoop-ozone/integration-test/target/test-dir/MiniOzoneClusterImpl-c46fa063-69c7-4818-82ed-7a4432d72042/datanode-0/data/ratis/f23a0c2d-a1dc-42dc-b0ed-9e07fadadf34 has been successfully formatted.
2023-01-16 14:42:35,415 [pool-306-thread-1] INFO  ratis.ContainerStateMachine (ContainerStateMachine.java:loadSnapshot(240)) - group-9E07FADADF34: The snapshot info is null. Setting the last applied indexto:(t:0, i:~)
2023-01-16 14:42:35,415 [pool-306-thread-1] INFO  server.RaftServerConfigKeys (ConfUtils.java:logGet(46)) - raft.server.log.use.memory = false (default)
2023-01-16 14:42:35,416 [pool-306-thread-1] INFO  server.RaftServerConfigKeys (ConfUtils.java:logGet(46)) - raft.server.log.purge.gap = 1000000 (custom)
2023-01-16 14:42:35,416 [pool-306-thread-1] INFO  server.RaftServerConfigKeys (ConfUtils.java:logGet(46)) - raft.server.log.appender.buffer.byte-limit = 33554432 (custom)
2023-01-16 14:42:35,416 [pool-306-thread-1] INFO  server.RaftServerConfigKeys (ConfUtils.java:logGet(46)) - raft.server.log.statemachine.data.read.timeout = 1000ms (default)
2023-01-16 14:42:35,416 [pool-306-thread-1] INFO  server.RaftServerConfigKeys (ConfUtils.java:logGet(46)) - raft.server.log.purge.preservation.log.num = 0 (default)
2023-01-16 14:42:35,417 [EventQueue-PipelineReportForPipelineReportHandler] INFO  pipeline.PipelineManagerImpl (PipelineManagerImpl.java:openPipeline(367)) - Pipeline Pipeline[ Id: f23a0c2d-a1dc-42dc-b0ed-9e07fadadf34, Nodes: 710767cc-7b4a-4f75-833c-d89a4e7b1741(fv-az203-757.ild0l4k5vsluppoevu2oqvhmda.cx.internal.cloudapp.net/10.1.1.103), ReplicationConfig: RATIS/ONE, State:ALLOCATED, leaderId:710767cc-7b4a-4f75-833c-d89a4e7b1741, CreationTimestamp2023-01-16T14:42:32.419Z[Etc/UTC]] moved to OPEN state
2023-01-16 14:42:35,420 [pool-306-thread-1] INFO  server.RaftServerConfigKeys (ConfUtils.java:logGet(46)) - raft.server.log.segment.size.max = 1048576 (custom)
2023-01-16 14:42:35,421 [pool-306-thread-1] INFO  server.RaftServerConfigKeys (ConfUtils.java:logGet(46)) - raft.server.log.segment.cache.num.max = 2 (custom)
2023-01-16 14:42:35,421 [pool-306-thread-1] INFO  server.RaftServerConfigKeys (ConfUtils.java:logGet(46)) - raft.server.log.segment.cache.size.max = 200MB (=209715200) (default)
2023-01-16 14:42:35,421 [pool-306-thread-1] INFO  segmented.SegmentedRaftLogWorker (SegmentedRaftLogWorker.java:<init>(189)) - new 710767cc-7b4a-4f75-833c-d89a4e7b1741@group-9E07FADADF34-SegmentedRaftLogWorker for RaftStorageImpl:Storage Directory /home/runner/work/ozone/ozone/hadoop-ozone/integration-test/target/test-dir/MiniOzoneClusterImpl-c46fa063-69c7-4818-82ed-7a4432d72042/datanode-0/data/ratis/f23a0c2d-a1dc-42dc-b0ed-9e07fadadf34
2023-01-16 14:42:35,421 [pool-306-thread-1] INFO  server.RaftServerConfigKeys (ConfUtils.java:logGet(46)) - raft.server.log.queue.byte-limit = 4294967296 (custom)
2023-01-16 14:42:35,421 [pool-306-thread-1] INFO  server.RaftServerConfigKeys (ConfUtils.java:logGet(46)) - raft.server.log.queue.element-limit = 1024 (custom)
2023-01-16 14:42:35,421 [pool-306-thread-1] INFO  server.RaftServerConfigKeys (ConfUtils.java:logGet(46)) - raft.server.log.segment.size.max = 1048576 (custom)
2023-01-16 14:42:35,421 [pool-306-thread-1] INFO  server.RaftServerConfigKeys (ConfUtils.java:logGet(46)) - raft.server.log.preallocated.size = 16384 (custom)
2023-01-16 14:42:35,421 [pool-306-thread-1] INFO  server.RaftServerConfigKeys (ConfUtils.java:logGet(46)) - raft.server.log.force.sync.num = 128 (default)
2023-01-16 14:42:35,421 [pool-306-thread-1] INFO  server.RaftServerConfigKeys (ConfUtils.java:logGet(46)) - raft.server.log.statemachine.data.sync = true (default)
2023-01-16 14:42:35,421 [pool-306-thread-1] INFO  server.RaftServerConfigKeys (ConfUtils.java:logGet(46)) - raft.server.log.statemachine.data.sync.timeout = 10s (default)
2023-01-16 14:42:35,421 [pool-306-thread-1] INFO  server.RaftServerConfigKeys (ConfUtils.java:logGet(46)) - raft.server.log.statemachine.data.sync.timeout.retry = -1 (default)
2023-01-16 14:42:35,422 [EventQueue-OpenPipelineForHealthyPipelineSafeModeRule] INFO  safemode.SCMSafeModeManager (HealthyPipelineSafeModeRule.java:process(137)) - SCM in safe mode. Healthy pipelines reported count is 0, required healthy pipeline reported count is 1
2023-01-16 14:42:35,422 [pool-306-thread-1] INFO  server.RaftServerConfigKeys (ConfUtils.java:logGet(46)) - raft.server.log.write.buffer.size = 1048576 (custom)
2023-01-16 14:42:35,424 [pool-306-thread-1] INFO  server.RaftServerConfigKeys (ConfUtils.java:logGet(46)) - raft.server.log.appender.buffer.byte-limit = 33554432 (custom)
2023-01-16 14:42:35,441 [pool-306-thread-1] INFO  server.RaftServerConfigKeys (ConfUtils.java:logGet(46)) - raft.server.log.unsafe-flush.enabled = false (default)
2023-01-16 14:42:35,441 [pool-306-thread-1] INFO  server.RaftServerConfigKeys (ConfUtils.java:logGet(46)) - raft.server.log.async-flush.enabled = false (default)
2023-01-16 14:42:35,441 [pool-306-thread-1] INFO  server.RaftServerConfigKeys (ConfUtils.java:logGet(46)) - raft.server.log.statemachine.data.caching.enabled = true (custom)
2023-01-16 14:42:35,441 [pool-306-thread-1] INFO  segmented.SegmentedRaftLogWorker (SegmentedRaftLogWorker.java:lambda$new$0(135)) - 710767cc-7b4a-4f75-833c-d89a4e7b1741@group-9E07FADADF34-SegmentedRaftLogWorker: flushIndex: setUnconditionally 0 -> -1
2023-01-16 14:42:35,441 [pool-306-thread-1] INFO  segmented.SegmentedRaftLogWorker (SegmentedRaftLogWorker.java:lambda$new$0(135)) - 710767cc-7b4a-4f75-833c-d89a4e7b1741@group-9E07FADADF34-SegmentedRaftLogWorker: safeCacheEvictIndex: setUnconditionally 0 -> -1
2023-01-16 14:42:35,442 [pool-306-thread-1] INFO  server.RaftServer$Division (RaftServerImpl.java:start(334)) - 710767cc-7b4a-4f75-833c-d89a4e7b1741@group-9E07FADADF34: start as a follower, conf=-1: peers:[710767cc-7b4a-4f75-833c-d89a4e7b1741|rpc:10.1.1.103:32999|dataStream:10.1.1.103:34697|priority:1|startupRole:FOLLOWER]|listeners:[], old=null
2023-01-16 14:42:35,442 [pool-306-thread-1] INFO  server.RaftServer$Division (RaftServerImpl.java:setRole(321)) - 710767cc-7b4a-4f75-833c-d89a4e7b1741@group-9E07FADADF34: changes role from      null to FOLLOWER at term 0 for startAsFollower
2023-01-16 14:42:35,442 [pool-306-thread-1] INFO  impl.RoleInfo (RoleInfo.java:updateAndGet(139)) - 710767cc-7b4a-4f75-833c-d89a4e7b1741: start 710767cc-7b4a-4f75-833c-d89a4e7b1741@group-9E07FADADF34-FollowerState
2023-01-16 14:42:35,442 [710767cc-7b4a-4f75-833c-d89a4e7b1741@group-9E07FADADF34-FollowerState] INFO  server.RaftServerConfigKeys (ConfUtils.java:logFallback(53)) - raft.server.rpc.first-election.timeout.min = 5s (fallback to raft.server.rpc.timeout.min)
2023-01-16 14:42:35,442 [pool-306-thread-1] INFO  util.JmxRegister (JmxRegister.java:tryRegister(44)) - Successfully registered JMX Bean with object name Ratis:service=RaftServer,group=group-9E07FADADF34,id=710767cc-7b4a-4f75-833c-d89a4e7b1741
2023-01-16 14:42:35,442 [710767cc-7b4a-4f75-833c-d89a4e7b1741@group-9E07FADADF34-FollowerState] INFO  server.RaftServerConfigKeys (ConfUtils.java:logFallback(53)) - raft.server.rpc.first-election.timeout.max = 5200ms (fallback to raft.server.rpc.timeout.max)
2023-01-16 14:42:35,442 [pool-306-thread-1] INFO  server.RaftServerConfigKeys (ConfUtils.java:logGet(46)) - raft.server.snapshot.auto.trigger.enabled = true (custom)
2023-01-16 14:42:35,442 [pool-306-thread-1] INFO  server.RaftServerConfigKeys (ConfUtils.java:logGet(46)) - raft.server.snapshot.auto.trigger.threshold = 10000 (custom)
2023-01-16 14:42:35,442 [pool-306-thread-1] INFO  server.RaftServerConfigKeys (ConfUtils.java:logGet(46)) - raft.server.snapshot.retention.file.num = 5 (custom)
2023-01-16 14:42:35,442 [pool-306-thread-1] INFO  server.RaftServerConfigKeys (ConfUtils.java:logGet(46)) - raft.server.log.purge.upto.snapshot.index = false (default)
2023-01-16 14:42:35,443 [Command processor thread] INFO  ratis.XceiverServerRatis (XceiverServerRatis.java:addGroup(806)) - Created group PipelineID=f23a0c2d-a1dc-42dc-b0ed-9e07fadadf34
2023-01-16 14:42:35,443 [Command processor thread] INFO  commandhandler.CreatePipelineCommandHandler (CreatePipelineCommandHandler.java:handle(113)) - Created Pipeline RATIS ONE PipelineID=f23a0c2d-a1dc-42dc-b0ed-9e07fadadf34.
2023-01-16 14:42:35,443 [Command processor thread] INFO  server.RaftServer (RaftServerProxy.java:addNew(96)) - 710767cc-7b4a-4f75-833c-d89a4e7b1741: addNew group-5E653170D9E0:[442ec2d2-8762-4ddc-9d9e-f72be6bfd603|rpc:10.1.1.103:34623|dataStream:10.1.1.103:43549|priority:0|startupRole:FOLLOWER, 710767cc-7b4a-4f75-833c-d89a4e7b1741|rpc:10.1.1.103:32999|dataStream:10.1.1.103:34697|priority:1|startupRole:FOLLOWER, d72051fe-3aaa-4ca0-b891-e1cdc202e4f4|rpc:10.1.1.103:43765|dataStream:10.1.1.103:39517|priority:0|startupRole:FOLLOWER] returns group-5E653170D9E0:java.util.concurrent.CompletableFuture@6ec9f9cc[Not completed]
2023-01-16 14:42:35,445 [pool-306-thread-1] INFO  server.RaftServer$Division (RaftServerImpl.java:<init>(195)) - 710767cc-7b4a-4f75-833c-d89a4e7b1741: new RaftServerImpl for group-5E653170D9E0:[442ec2d2-8762-4ddc-9d9e-f72be6bfd603|rpc:10.1.1.103:34623|dataStream:10.1.1.103:43549|priority:0|startupRole:FOLLOWER, 710767cc-7b4a-4f75-833c-d89a4e7b1741|rpc:10.1.1.103:32999|dataStream:10.1.1.103:34697|priority:1|startupRole:FOLLOWER, d72051fe-3aaa-4ca0-b891-e1cdc202e4f4|rpc:10.1.1.103:43765|dataStream:10.1.1.103:39517|priority:0|startupRole:FOLLOWER] with ContainerStateMachine:uninitialized
2023-01-16 14:42:35,445 [pool-306-thread-1] INFO  server.RaftServerConfigKeys (ConfUtils.java:logGet(46)) - raft.server.rpc.timeout.min = 5s (custom)
2023-01-16 14:42:35,445 [pool-306-thread-1] INFO  server.RaftServerConfigKeys (ConfUtils.java:logGet(46)) - raft.server.rpc.timeout.max = 5200ms (custom)
2023-01-16 14:42:35,445 [pool-306-thread-1] INFO  server.RaftServerConfigKeys (ConfUtils.java:logGet(46)) - raft.server.rpc.sleep.time = 25ms (default)
2023-01-16 14:42:35,445 [pool-306-thread-1] INFO  server.RaftServerConfigKeys (ConfUtils.java:logGet(46)) - raft.server.rpc.slowness.timeout = 300s (custom)
2023-01-16 14:42:35,445 [pool-306-thread-1] INFO  server.RaftServerConfigKeys (ConfUtils.java:logGet(46)) - raft.server.leaderelection.leader.step-down.wait-time = 10s (default)
2023-01-16 14:42:35,445 [pool-306-thread-1] INFO  server.RaftServerConfigKeys (ConfUtils.java:logGet(46)) - raft.server.sleep.deviation.threshold = 300ms (default)
2023-01-16 14:42:35,445 [pool-306-thread-1] INFO  server.RaftServer$Division (ServerState.java:<init>(118)) - 710767cc-7b4a-4f75-833c-d89a4e7b1741@group-5E653170D9E0: ConfigurationManager, init=-1: peers:[442ec2d2-8762-4ddc-9d9e-f72be6bfd603|rpc:10.1.1.103:34623|dataStream:10.1.1.103:43549|priority:0|startupRole:FOLLOWER, 710767cc-7b4a-4f75-833c-d89a4e7b1741|rpc:10.1.1.103:32999|dataStream:10.1.1.103:34697|priority:1|startupRole:FOLLOWER, d72051fe-3aaa-4ca0-b891-e1cdc202e4f4|rpc:10.1.1.103:43765|dataStream:10.1.1.103:39517|priority:0|startupRole:FOLLOWER]|listeners:[], old=null, confs=<EMPTY_MAP>
2023-01-16 14:42:35,445 [pool-306-thread-1] INFO  server.RaftServerConfigKeys (ConfUtils.java:logGet(46)) - raft.server.storage.dir = [/home/runner/work/ozone/ozone/hadoop-ozone/integration-test/target/test-dir/MiniOzoneClusterImpl-c46fa063-69c7-4818-82ed-7a4432d72042/datanode-0/data/ratis] (custom)
2023-01-16 14:42:35,445 [pool-306-thread-1] INFO  server.RaftServerConfigKeys (ConfUtils.java:logGet(46)) - raft.server.log.corruption.policy = EXCEPTION (default)
2023-01-16 14:42:35,446 [pool-306-thread-1] INFO  server.RaftServerConfigKeys (ConfUtils.java:logGet(46)) - raft.server.storage.free-space.min = 0MB (=0) (default)
2023-01-16 14:42:35,446 [pool-306-thread-1] INFO  server.RaftServerConfigKeys (ConfUtils.java:logGet(46)) - raft.server.notification.no-leader.timeout = 300s (custom)
2023-01-16 14:42:35,446 [pool-306-thread-1] INFO  server.RaftServerConfigKeys (ConfUtils.java:logGet(46)) - raft.server.retrycache.expirytime = 600000ms (custom)
2023-01-16 14:42:35,446 [pool-306-thread-1] INFO  server.RaftServerConfigKeys (ConfUtils.java:logGet(46)) - raft.server.retrycache.statistics.expirytime = 100μs (default)
2023-01-16 14:42:35,446 [pool-306-thread-1] INFO  server.RaftServerConfigKeys (ConfUtils.java:logGet(46)) - raft.server.log.appender.install.snapshot.enabled = false (custom)
2023-01-16 14:42:35,446 [pool-306-thread-1] INFO  server.RaftServerConfigKeys (ConfUtils.java:logGet(46)) - raft.server.threadpool.server.cached = true (default)
2023-01-16 14:42:35,447 [pool-306-thread-1] INFO  server.RaftServerConfigKeys (ConfUtils.java:logGet(46)) - raft.server.threadpool.server.size = 0 (default)
2023-01-16 14:42:35,447 [pool-306-thread-1] INFO  server.RaftServerConfigKeys (ConfUtils.java:logGet(46)) - raft.server.threadpool.client.cached = true (default)
2023-01-16 14:42:35,447 [pool-306-thread-1] INFO  server.RaftServerConfigKeys (ConfUtils.java:logGet(46)) - raft.server.threadpool.client.size = 0 (default)
2023-01-16 14:42:35,447 [pool-306-thread-1] INFO  storage.RaftStorageDirectory (RaftStorageDirectoryImpl.java:analyzeStorage(137)) - The storage directory /home/runner/work/ozone/ozone/hadoop-ozone/integration-test/target/test-dir/MiniOzoneClusterImpl-c46fa063-69c7-4818-82ed-7a4432d72042/datanode-0/data/ratis/174bef65-c465-45c3-8a83-5e653170d9e0 does not exist. Creating ...
2023-01-16 14:42:35,448 [pool-306-thread-1] INFO  storage.RaftStorageDirectory (RaftStorageDirectoryImpl.java:tryLock(231)) - Lock on /home/runner/work/ozone/ozone/hadoop-ozone/integration-test/target/test-dir/MiniOzoneClusterImpl-c46fa063-69c7-4818-82ed-7a4432d72042/datanode-0/data/ratis/174bef65-c465-45c3-8a83-5e653170d9e0/in_use.lock acquired by nodename 12075@fv-az203-757
2023-01-16 14:42:35,449 [pool-306-thread-1] INFO  storage.RaftStorage (RaftStorageImpl.java:format(96)) - Storage directory /home/runner/work/ozone/ozone/hadoop-ozone/integration-test/target/test-dir/MiniOzoneClusterImpl-c46fa063-69c7-4818-82ed-7a4432d72042/datanode-0/data/ratis/174bef65-c465-45c3-8a83-5e653170d9e0 has been successfully formatted.
2023-01-16 14:42:35,450 [pool-306-thread-1] INFO  ratis.ContainerStateMachine (ContainerStateMachine.java:loadSnapshot(240)) - group-5E653170D9E0: The snapshot info is null. Setting the last applied indexto:(t:0, i:~)
2023-01-16 14:42:35,450 [pool-306-thread-1] INFO  server.RaftServerConfigKeys (ConfUtils.java:logGet(46)) - raft.server.log.use.memory = false (default)
2023-01-16 14:42:35,450 [pool-306-thread-1] INFO  server.RaftServerConfigKeys (ConfUtils.java:logGet(46)) - raft.server.log.purge.gap = 1000000 (custom)
2023-01-16 14:42:35,450 [pool-306-thread-1] INFO  server.RaftServerConfigKeys (ConfUtils.java:logGet(46)) - raft.server.log.appender.buffer.byte-limit = 33554432 (custom)
2023-01-16 14:42:35,450 [pool-306-thread-1] INFO  server.RaftServerConfigKeys (ConfUtils.java:logGet(46)) - raft.server.log.statemachine.data.read.timeout = 1000ms (default)
2023-01-16 14:42:35,450 [pool-306-thread-1] INFO  server.RaftServerConfigKeys (ConfUtils.java:logGet(46)) - raft.server.log.purge.preservation.log.num = 0 (default)
2023-01-16 14:42:35,451 [pool-306-thread-1] INFO  server.RaftServerConfigKeys (ConfUtils.java:logGet(46)) - raft.server.log.segment.size.max = 1048576 (custom)
2023-01-16 14:42:35,451 [pool-306-thread-1] INFO  server.RaftServerConfigKeys (ConfUtils.java:logGet(46)) - raft.server.log.segment.cache.num.max = 2 (custom)
2023-01-16 14:42:35,451 [pool-306-thread-1] INFO  server.RaftServerConfigKeys (ConfUtils.java:logGet(46)) - raft.server.log.segment.cache.size.max = 200MB (=209715200) (default)
2023-01-16 14:42:35,451 [pool-306-thread-1] INFO  segmented.SegmentedRaftLogWorker (SegmentedRaftLogWorker.java:<init>(189)) - new 710767cc-7b4a-4f75-833c-d89a4e7b1741@group-5E653170D9E0-SegmentedRaftLogWorker for RaftStorageImpl:Storage Directory /home/runner/work/ozone/ozone/hadoop-ozone/integration-test/target/test-dir/MiniOzoneClusterImpl-c46fa063-69c7-4818-82ed-7a4432d72042/datanode-0/data/ratis/174bef65-c465-45c3-8a83-5e653170d9e0
2023-01-16 14:42:35,451 [pool-306-thread-1] INFO  server.RaftServerConfigKeys (ConfUtils.java:logGet(46)) - raft.server.log.queue.byte-limit = 4294967296 (custom)
2023-01-16 14:42:35,451 [pool-306-thread-1] INFO  server.RaftServerConfigKeys (ConfUtils.java:logGet(46)) - raft.server.log.queue.element-limit = 1024 (custom)
2023-01-16 14:42:35,451 [pool-306-thread-1] INFO  server.RaftServerConfigKeys (ConfUtils.java:logGet(46)) - raft.server.log.segment.size.max = 1048576 (custom)
2023-01-16 14:42:35,451 [pool-306-thread-1] INFO  server.RaftServerConfigKeys (ConfUtils.java:logGet(46)) - raft.server.log.preallocated.size = 16384 (custom)
2023-01-16 14:42:35,451 [pool-306-thread-1] INFO  server.RaftServerConfigKeys (ConfUtils.java:logGet(46)) - raft.server.log.force.sync.num = 128 (default)
2023-01-16 14:42:35,451 [pool-306-thread-1] INFO  server.RaftServerConfigKeys (ConfUtils.java:logGet(46)) - raft.server.log.statemachine.data.sync = true (default)
2023-01-16 14:42:35,451 [pool-306-thread-1] INFO  server.RaftServerConfigKeys (ConfUtils.java:logGet(46)) - raft.server.log.statemachine.data.sync.timeout = 10s (default)
2023-01-16 14:42:35,451 [pool-306-thread-1] INFO  server.RaftServerConfigKeys (ConfUtils.java:logGet(46)) - raft.server.log.statemachine.data.sync.timeout.retry = -1 (default)
2023-01-16 14:42:35,452 [EventQueue-OpenPipelineForHealthyPipelineSafeModeRule] INFO  safemode.SCMSafeModeManager (HealthyPipelineSafeModeRule.java:process(137)) - SCM in safe mode. Healthy pipelines reported count is 0, required healthy pipeline reported count is 1
2023-01-16 14:42:35,452 [pool-306-thread-1] INFO  server.RaftServerConfigKeys (ConfUtils.java:logGet(46)) - raft.server.log.write.buffer.size = 1048576 (custom)
2023-01-16 14:42:35,453 [pool-306-thread-1] INFO  server.RaftServerConfigKeys (ConfUtils.java:logGet(46)) - raft.server.log.appender.buffer.byte-limit = 33554432 (custom)
2023-01-16 14:42:35,475 [pool-306-thread-1] INFO  server.RaftServerConfigKeys (ConfUtils.java:logGet(46)) - raft.server.log.unsafe-flush.enabled = false (default)
2023-01-16 14:42:35,475 [pool-306-thread-1] INFO  server.RaftServerConfigKeys (ConfUtils.java:logGet(46)) - raft.server.log.async-flush.enabled = false (default)
2023-01-16 14:42:35,475 [pool-306-thread-1] INFO  server.RaftServerConfigKeys (ConfUtils.java:logGet(46)) - raft.server.log.statemachine.data.caching.enabled = true (custom)
2023-01-16 14:42:35,475 [pool-306-thread-1] INFO  segmented.SegmentedRaftLogWorker (SegmentedRaftLogWorker.java:lambda$new$0(135)) - 710767cc-7b4a-4f75-833c-d89a4e7b1741@group-5E653170D9E0-SegmentedRaftLogWorker: flushIndex: setUnconditionally 0 -> -1
2023-01-16 14:42:35,475 [pool-306-thread-1] INFO  segmented.SegmentedRaftLogWorker (SegmentedRaftLogWorker.java:lambda$new$0(135)) - 710767cc-7b4a-4f75-833c-d89a4e7b1741@group-5E653170D9E0-SegmentedRaftLogWorker: safeCacheEvictIndex: setUnconditionally 0 -> -1
2023-01-16 14:42:35,476 [pool-306-thread-1] INFO  server.RaftServer$Division (RaftServerImpl.java:start(334)) - 710767cc-7b4a-4f75-833c-d89a4e7b1741@group-5E653170D9E0: start as a follower, conf=-1: peers:[442ec2d2-8762-4ddc-9d9e-f72be6bfd603|rpc:10.1.1.103:34623|dataStream:10.1.1.103:43549|priority:0|startupRole:FOLLOWER, 710767cc-7b4a-4f75-833c-d89a4e7b1741|rpc:10.1.1.103:32999|dataStream:10.1.1.103:34697|priority:1|startupRole:FOLLOWER, d72051fe-3aaa-4ca0-b891-e1cdc202e4f4|rpc:10.1.1.103:43765|dataStream:10.1.1.103:39517|priority:0|startupRole:FOLLOWER]|listeners:[], old=null
2023-01-16 14:42:35,476 [pool-306-thread-1] INFO  server.RaftServer$Division (RaftServerImpl.java:setRole(321)) - 710767cc-7b4a-4f75-833c-d89a4e7b1741@group-5E653170D9E0: changes role from      null to FOLLOWER at term 0 for startAsFollower
2023-01-16 14:42:35,476 [pool-306-thread-1] INFO  impl.RoleInfo (RoleInfo.java:updateAndGet(139)) - 710767cc-7b4a-4f75-833c-d89a4e7b1741: start 710767cc-7b4a-4f75-833c-d89a4e7b1741@group-5E653170D9E0-FollowerState
2023-01-16 14:42:35,477 [pool-306-thread-1] INFO  util.JmxRegister (JmxRegister.java:tryRegister(44)) - Successfully registered JMX Bean with object name Ratis:service=RaftServer,group=group-5E653170D9E0,id=710767cc-7b4a-4f75-833c-d89a4e7b1741
2023-01-16 14:42:35,477 [710767cc-7b4a-4f75-833c-d89a4e7b1741@group-5E653170D9E0-FollowerState] INFO  server.RaftServerConfigKeys (ConfUtils.java:logFallback(53)) - raft.server.rpc.first-election.timeout.min = 5s (fallback to raft.server.rpc.timeout.min)
2023-01-16 14:42:35,477 [pool-306-thread-1] INFO  server.RaftServerConfigKeys (ConfUtils.java:logGet(46)) - raft.server.snapshot.auto.trigger.enabled = true (custom)
2023-01-16 14:42:35,477 [710767cc-7b4a-4f75-833c-d89a4e7b1741@group-5E653170D9E0-FollowerState] INFO  server.RaftServerConfigKeys (ConfUtils.java:logFallback(53)) - raft.server.rpc.first-election.timeout.max = 5200ms (fallback to raft.server.rpc.timeout.max)
2023-01-16 14:42:35,477 [pool-306-thread-1] INFO  server.RaftServerConfigKeys (ConfUtils.java:logGet(46)) - raft.server.snapshot.auto.trigger.threshold = 10000 (custom)
2023-01-16 14:42:35,477 [pool-306-thread-1] INFO  server.RaftServerConfigKeys (ConfUtils.java:logGet(46)) - raft.server.snapshot.retention.file.num = 5 (custom)
2023-01-16 14:42:35,477 [pool-306-thread-1] INFO  server.RaftServerConfigKeys (ConfUtils.java:logGet(46)) - raft.server.log.purge.upto.snapshot.index = false (default)
2023-01-16 14:42:35,478 [Command processor thread] INFO  ratis.XceiverServerRatis (XceiverServerRatis.java:addGroup(806)) - Created group PipelineID=174bef65-c465-45c3-8a83-5e653170d9e0
2023-01-16 14:42:35,496 [grpc-default-executor-0] INFO  server.RaftServer (RaftServerProxy.java:addNew(96)) - 442ec2d2-8762-4ddc-9d9e-f72be6bfd603: addNew group-5E653170D9E0:[442ec2d2-8762-4ddc-9d9e-f72be6bfd603|rpc:10.1.1.103:34623|dataStream:10.1.1.103:43549|priority:0|startupRole:FOLLOWER, 710767cc-7b4a-4f75-833c-d89a4e7b1741|rpc:10.1.1.103:32999|dataStream:10.1.1.103:34697|priority:1|startupRole:FOLLOWER, d72051fe-3aaa-4ca0-b891-e1cdc202e4f4|rpc:10.1.1.103:43765|dataStream:10.1.1.103:39517|priority:0|startupRole:FOLLOWER] returns group-5E653170D9E0:java.util.concurrent.CompletableFuture@75fd1847[Not completed]
2023-01-16 14:42:35,497 [pool-329-thread-1] INFO  server.RaftServer$Division (RaftServerImpl.java:<init>(195)) - 442ec2d2-8762-4ddc-9d9e-f72be6bfd603: new RaftServerImpl for group-5E653170D9E0:[442ec2d2-8762-4ddc-9d9e-f72be6bfd603|rpc:10.1.1.103:34623|dataStream:10.1.1.103:43549|priority:0|startupRole:FOLLOWER, 710767cc-7b4a-4f75-833c-d89a4e7b1741|rpc:10.1.1.103:32999|dataStream:10.1.1.103:34697|priority:1|startupRole:FOLLOWER, d72051fe-3aaa-4ca0-b891-e1cdc202e4f4|rpc:10.1.1.103:43765|dataStream:10.1.1.103:39517|priority:0|startupRole:FOLLOWER] with ContainerStateMachine:uninitialized
2023-01-16 14:42:35,498 [pool-329-thread-1] INFO  server.RaftServerConfigKeys (ConfUtils.java:logGet(46)) - raft.server.rpc.timeout.min = 5s (custom)
2023-01-16 14:42:35,498 [pool-329-thread-1] INFO  server.RaftServerConfigKeys (ConfUtils.java:logGet(46)) - raft.server.rpc.timeout.max = 5200ms (custom)
2023-01-16 14:42:35,498 [pool-329-thread-1] INFO  server.RaftServerConfigKeys (ConfUtils.java:logGet(46)) - raft.server.rpc.sleep.time = 25ms (default)
2023-01-16 14:42:35,498 [pool-329-thread-1] INFO  server.RaftServerConfigKeys (ConfUtils.java:logGet(46)) - raft.server.rpc.slowness.timeout = 300s (custom)
2023-01-16 14:42:35,498 [pool-329-thread-1] INFO  server.RaftServerConfigKeys (ConfUtils.java:logGet(46)) - raft.server.leaderelection.leader.step-down.wait-time = 10s (default)
2023-01-16 14:42:35,498 [pool-329-thread-1] INFO  server.RaftServerConfigKeys (ConfUtils.java:logGet(46)) - raft.server.sleep.deviation.threshold = 300ms (default)
2023-01-16 14:42:35,498 [pool-329-thread-1] INFO  server.RaftServer$Division (ServerState.java:<init>(118)) - 442ec2d2-8762-4ddc-9d9e-f72be6bfd603@group-5E653170D9E0: ConfigurationManager, init=-1: peers:[442ec2d2-8762-4ddc-9d9e-f72be6bfd603|rpc:10.1.1.103:34623|dataStream:10.1.1.103:43549|priority:0|startupRole:FOLLOWER, 710767cc-7b4a-4f75-833c-d89a4e7b1741|rpc:10.1.1.103:32999|dataStream:10.1.1.103:34697|priority:1|startupRole:FOLLOWER, d72051fe-3aaa-4ca0-b891-e1cdc202e4f4|rpc:10.1.1.103:43765|dataStream:10.1.1.103:39517|priority:0|startupRole:FOLLOWER]|listeners:[], old=null, confs=<EMPTY_MAP>
2023-01-16 14:42:35,498 [pool-329-thread-1] INFO  server.RaftServerConfigKeys (ConfUtils.java:logGet(46)) - raft.server.storage.dir = [/home/runner/work/ozone/ozone/hadoop-ozone/integration-test/target/test-dir/MiniOzoneClusterImpl-c46fa063-69c7-4818-82ed-7a4432d72042/datanode-1/data/ratis] (custom)
2023-01-16 14:42:35,498 [pool-329-thread-1] INFO  server.RaftServerConfigKeys (ConfUtils.java:logGet(46)) - raft.server.log.corruption.policy = EXCEPTION (default)
2023-01-16 14:42:35,498 [pool-329-thread-1] INFO  server.RaftServerConfigKeys (ConfUtils.java:logGet(46)) - raft.server.storage.free-space.min = 0MB (=0) (default)
2023-01-16 14:42:35,499 [pool-329-thread-1] INFO  server.RaftServerConfigKeys (ConfUtils.java:logGet(46)) - raft.server.notification.no-leader.timeout = 300s (custom)
2023-01-16 14:42:35,499 [pool-329-thread-1] INFO  server.RaftServerConfigKeys (ConfUtils.java:logGet(46)) - raft.server.retrycache.expirytime = 600000ms (custom)
2023-01-16 14:42:35,499 [pool-329-thread-1] INFO  server.RaftServerConfigKeys (ConfUtils.java:logGet(46)) - raft.server.retrycache.statistics.expirytime = 100μs (default)
2023-01-16 14:42:35,499 [pool-329-thread-1] INFO  server.RaftServerConfigKeys (ConfUtils.java:logGet(46)) - raft.server.log.appender.install.snapshot.enabled = false (custom)
2023-01-16 14:42:35,499 [pool-329-thread-1] INFO  server.RaftServerConfigKeys (ConfUtils.java:logGet(46)) - raft.server.threadpool.server.cached = true (default)
2023-01-16 14:42:35,500 [pool-329-thread-1] INFO  server.RaftServerConfigKeys (ConfUtils.java:logGet(46)) - raft.server.threadpool.server.size = 0 (default)
2023-01-16 14:42:35,500 [pool-329-thread-1] INFO  server.RaftServerConfigKeys (ConfUtils.java:logGet(46)) - raft.server.threadpool.client.cached = true (default)
2023-01-16 14:42:35,500 [pool-329-thread-1] INFO  server.RaftServerConfigKeys (ConfUtils.java:logGet(46)) - raft.server.threadpool.client.size = 0 (default)
2023-01-16 14:42:35,500 [pool-329-thread-1] INFO  storage.RaftStorageDirectory (RaftStorageDirectoryImpl.java:analyzeStorage(137)) - The storage directory /home/runner/work/ozone/ozone/hadoop-ozone/integration-test/target/test-dir/MiniOzoneClusterImpl-c46fa063-69c7-4818-82ed-7a4432d72042/datanode-1/data/ratis/174bef65-c465-45c3-8a83-5e653170d9e0 does not exist. Creating ...
2023-01-16 14:42:35,501 [pool-329-thread-1] INFO  storage.RaftStorageDirectory (RaftStorageDirectoryImpl.java:tryLock(231)) - Lock on /home/runner/work/ozone/ozone/hadoop-ozone/integration-test/target/test-dir/MiniOzoneClusterImpl-c46fa063-69c7-4818-82ed-7a4432d72042/datanode-1/data/ratis/174bef65-c465-45c3-8a83-5e653170d9e0/in_use.lock acquired by nodename 12075@fv-az203-757
2023-01-16 14:42:35,502 [pool-329-thread-1] INFO  storage.RaftStorage (RaftStorageImpl.java:format(96)) - Storage directory /home/runner/work/ozone/ozone/hadoop-ozone/integration-test/target/test-dir/MiniOzoneClusterImpl-c46fa063-69c7-4818-82ed-7a4432d72042/datanode-1/data/ratis/174bef65-c465-45c3-8a83-5e653170d9e0 has been successfully formatted.
2023-01-16 14:42:35,507 [pool-329-thread-1] INFO  ratis.ContainerStateMachine (ContainerStateMachine.java:loadSnapshot(240)) - group-5E653170D9E0: The snapshot info is null. Setting the last applied indexto:(t:0, i:~)
2023-01-16 14:42:35,507 [pool-329-thread-1] INFO  server.RaftServerConfigKeys (ConfUtils.java:logGet(46)) - raft.server.log.use.memory = false (default)
2023-01-16 14:42:35,507 [pool-329-thread-1] INFO  server.RaftServerConfigKeys (ConfUtils.java:logGet(46)) - raft.server.log.purge.gap = 1000000 (custom)
2023-01-16 14:42:35,507 [pool-329-thread-1] INFO  server.RaftServerConfigKeys (ConfUtils.java:logGet(46)) - raft.server.log.appender.buffer.byte-limit = 33554432 (custom)
2023-01-16 14:42:35,507 [pool-329-thread-1] INFO  server.RaftServerConfigKeys (ConfUtils.java:logGet(46)) - raft.server.log.statemachine.data.read.timeout = 1000ms (default)
2023-01-16 14:42:35,507 [pool-329-thread-1] INFO  server.RaftServerConfigKeys (ConfUtils.java:logGet(46)) - raft.server.log.purge.preservation.log.num = 0 (default)
2023-01-16 14:42:35,507 [pool-329-thread-1] INFO  server.RaftServerConfigKeys (ConfUtils.java:logGet(46)) - raft.server.log.segment.size.max = 1048576 (custom)
2023-01-16 14:42:35,507 [pool-329-thread-1] INFO  server.RaftServerConfigKeys (ConfUtils.java:logGet(46)) - raft.server.log.segment.cache.num.max = 2 (custom)
2023-01-16 14:42:35,507 [pool-329-thread-1] INFO  server.RaftServerConfigKeys (ConfUtils.java:logGet(46)) - raft.server.log.segment.cache.size.max = 200MB (=209715200) (default)
2023-01-16 14:42:35,508 [pool-329-thread-1] INFO  segmented.SegmentedRaftLogWorker (SegmentedRaftLogWorker.java:<init>(189)) - new 442ec2d2-8762-4ddc-9d9e-f72be6bfd603@group-5E653170D9E0-SegmentedRaftLogWorker for RaftStorageImpl:Storage Directory /home/runner/work/ozone/ozone/hadoop-ozone/integration-test/target/test-dir/MiniOzoneClusterImpl-c46fa063-69c7-4818-82ed-7a4432d72042/datanode-1/data/ratis/174bef65-c465-45c3-8a83-5e653170d9e0
2023-01-16 14:42:35,508 [pool-329-thread-1] INFO  server.RaftServerConfigKeys (ConfUtils.java:logGet(46)) - raft.server.log.queue.byte-limit = 4294967296 (custom)
2023-01-16 14:42:35,508 [pool-329-thread-1] INFO  server.RaftServerConfigKeys (ConfUtils.java:logGet(46)) - raft.server.log.queue.element-limit = 1024 (custom)
2023-01-16 14:42:35,508 [pool-329-thread-1] INFO  server.RaftServerConfigKeys (ConfUtils.java:logGet(46)) - raft.server.log.segment.size.max = 1048576 (custom)
2023-01-16 14:42:35,508 [pool-329-thread-1] INFO  server.RaftServerConfigKeys (ConfUtils.java:logGet(46)) - raft.server.log.preallocated.size = 16384 (custom)
2023-01-16 14:42:35,508 [pool-329-thread-1] INFO  server.RaftServerConfigKeys (ConfUtils.java:logGet(46)) - raft.server.log.force.sync.num = 128 (default)
2023-01-16 14:42:35,508 [pool-329-thread-1] INFO  server.RaftServerConfigKeys (ConfUtils.java:logGet(46)) - raft.server.log.statemachine.data.sync = true (default)
2023-01-16 14:42:35,508 [pool-329-thread-1] INFO  server.RaftServerConfigKeys (ConfUtils.java:logGet(46)) - raft.server.log.statemachine.data.sync.timeout = 10s (default)
2023-01-16 14:42:35,508 [pool-329-thread-1] INFO  server.RaftServerConfigKeys (ConfUtils.java:logGet(46)) - raft.server.log.statemachine.data.sync.timeout.retry = -1 (default)
2023-01-16 14:42:35,508 [pool-329-thread-1] INFO  server.RaftServerConfigKeys (ConfUtils.java:logGet(46)) - raft.server.log.write.buffer.size = 1048576 (custom)
2023-01-16 14:42:35,509 [pool-329-thread-1] INFO  server.RaftServerConfigKeys (ConfUtils.java:logGet(46)) - raft.server.log.appender.buffer.byte-limit = 33554432 (custom)
2023-01-16 14:42:35,841 [Command processor thread] INFO  server.RaftServer (RaftServerProxy.java:addNew(96)) - 442ec2d2-8762-4ddc-9d9e-f72be6bfd603: addNew group-0BCE51E68637:[442ec2d2-8762-4ddc-9d9e-f72be6bfd603|rpc:10.1.1.103:34623|dataStream:10.1.1.103:43549|priority:1|startupRole:FOLLOWER] returns group-0BCE51E68637:java.util.concurrent.CompletableFuture@5d0f36d2[Not completed]
2023-01-16 14:42:35,841 [JvmPauseMonitor10] WARN  util.JvmPauseMonitor (JvmPauseMonitor.java:detectPause(126)) - JvmPauseMonitor-d72051fe-3aaa-4ca0-b891-e1cdc202e4f4: Detected pause in JVM or host machine (eg GC): pause of approximately 259470042ns.
GC pool 'PS MarkSweep' had collection(s): count=1 time=189ms
GC pool 'PS Scavenge' had collection(s): count=1 time=143ms
2023-01-16 14:42:35,842 [JvmPauseMonitor7] WARN  util.JvmPauseMonitor (JvmPauseMonitor.java:detectPause(126)) - JvmPauseMonitor-om1: Detected pause in JVM or host machine (eg GC): pause of approximately 295702562ns.
GC pool 'PS MarkSweep' had collection(s): count=1 time=189ms
GC pool 'PS Scavenge' had collection(s): count=1 time=143ms
2023-01-16 14:42:35,851 [pool-329-thread-1] INFO  server.RaftServerConfigKeys (ConfUtils.java:logGet(46)) - raft.server.log.unsafe-flush.enabled = false (default)
2023-01-16 14:42:35,851 [pool-329-thread-1] INFO  server.RaftServerConfigKeys (ConfUtils.java:logGet(46)) - raft.server.log.async-flush.enabled = false (default)
2023-01-16 14:42:35,851 [pool-329-thread-1] INFO  server.RaftServerConfigKeys (ConfUtils.java:logGet(46)) - raft.server.log.statemachine.data.caching.enabled = true (custom)
2023-01-16 14:42:35,852 [pool-329-thread-1] INFO  segmented.SegmentedRaftLogWorker (SegmentedRaftLogWorker.java:lambda$new$0(135)) - 442ec2d2-8762-4ddc-9d9e-f72be6bfd603@group-5E653170D9E0-SegmentedRaftLogWorker: flushIndex: setUnconditionally 0 -> -1
2023-01-16 14:42:35,852 [pool-329-thread-1] INFO  segmented.SegmentedRaftLogWorker (SegmentedRaftLogWorker.java:lambda$new$0(135)) - 442ec2d2-8762-4ddc-9d9e-f72be6bfd603@group-5E653170D9E0-SegmentedRaftLogWorker: safeCacheEvictIndex: setUnconditionally 0 -> -1
2023-01-16 14:42:35,854 [pool-329-thread-1] INFO  server.RaftServer$Division (RaftServerImpl.java:start(334)) - 442ec2d2-8762-4ddc-9d9e-f72be6bfd603@group-5E653170D9E0: start as a follower, conf=-1: peers:[442ec2d2-8762-4ddc-9d9e-f72be6bfd603|rpc:10.1.1.103:34623|dataStream:10.1.1.103:43549|priority:0|startupRole:FOLLOWER, 710767cc-7b4a-4f75-833c-d89a4e7b1741|rpc:10.1.1.103:32999|dataStream:10.1.1.103:34697|priority:1|startupRole:FOLLOWER, d72051fe-3aaa-4ca0-b891-e1cdc202e4f4|rpc:10.1.1.103:43765|dataStream:10.1.1.103:39517|priority:0|startupRole:FOLLOWER]|listeners:[], old=null
2023-01-16 14:42:35,854 [pool-329-thread-1] INFO  server.RaftServer$Division (RaftServerImpl.java:setRole(321)) - 442ec2d2-8762-4ddc-9d9e-f72be6bfd603@group-5E653170D9E0: changes role from      null to FOLLOWER at term 0 for startAsFollower
2023-01-16 14:42:35,855 [pool-329-thread-1] INFO  impl.RoleInfo (RoleInfo.java:updateAndGet(139)) - 442ec2d2-8762-4ddc-9d9e-f72be6bfd603: start 442ec2d2-8762-4ddc-9d9e-f72be6bfd603@group-5E653170D9E0-FollowerState
2023-01-16 14:42:35,857 [pool-329-thread-1] INFO  util.JmxRegister (JmxRegister.java:tryRegister(44)) - Successfully registered JMX Bean with object name Ratis:service=RaftServer,group=group-5E653170D9E0,id=442ec2d2-8762-4ddc-9d9e-f72be6bfd603
2023-01-16 14:42:35,857 [pool-329-thread-1] INFO  server.RaftServerConfigKeys (ConfUtils.java:logGet(46)) - raft.server.snapshot.auto.trigger.enabled = true (custom)
2023-01-16 14:42:35,857 [pool-329-thread-1] INFO  server.RaftServerConfigKeys (ConfUtils.java:logGet(46)) - raft.server.snapshot.auto.trigger.threshold = 10000 (custom)
2023-01-16 14:42:35,857 [pool-329-thread-1] INFO  server.RaftServerConfigKeys (ConfUtils.java:logGet(46)) - raft.server.snapshot.retention.file.num = 5 (custom)
2023-01-16 14:42:35,857 [pool-329-thread-1] INFO  server.RaftServerConfigKeys (ConfUtils.java:logGet(46)) - raft.server.log.purge.upto.snapshot.index = false (default)
2023-01-16 14:42:35,858 [442ec2d2-8762-4ddc-9d9e-f72be6bfd603@group-5E653170D9E0-FollowerState] INFO  server.RaftServerConfigKeys (ConfUtils.java:logFallback(53)) - raft.server.rpc.first-election.timeout.min = 5s (fallback to raft.server.rpc.timeout.min)
2023-01-16 14:42:35,860 [442ec2d2-8762-4ddc-9d9e-f72be6bfd603@group-5E653170D9E0-FollowerState] INFO  server.RaftServerConfigKeys (ConfUtils.java:logFallback(53)) - raft.server.rpc.first-election.timeout.max = 5200ms (fallback to raft.server.rpc.timeout.max)
2023-01-16 14:42:35,861 [pool-329-thread-1] INFO  server.RaftServer$Division (RaftServerImpl.java:<init>(195)) - 442ec2d2-8762-4ddc-9d9e-f72be6bfd603: new RaftServerImpl for group-0BCE51E68637:[442ec2d2-8762-4ddc-9d9e-f72be6bfd603|rpc:10.1.1.103:34623|dataStream:10.1.1.103:43549|priority:1|startupRole:FOLLOWER] with ContainerStateMachine:uninitialized
2023-01-16 14:42:35,861 [pool-329-thread-1] INFO  server.RaftServerConfigKeys (ConfUtils.java:logGet(46)) - raft.server.rpc.timeout.min = 5s (custom)
2023-01-16 14:42:35,861 [pool-329-thread-1] INFO  server.RaftServerConfigKeys (ConfUtils.java:logGet(46)) - raft.server.rpc.timeout.max = 5200ms (custom)
2023-01-16 14:42:35,862 [pool-329-thread-1] INFO  server.RaftServerConfigKeys (ConfUtils.java:logGet(46)) - raft.server.rpc.sleep.time = 25ms (default)
2023-01-16 14:42:35,862 [pool-329-thread-1] INFO  server.RaftServerConfigKeys (ConfUtils.java:logGet(46)) - raft.server.rpc.slowness.timeout = 300s (custom)
2023-01-16 14:42:35,862 [pool-329-thread-1] INFO  server.RaftServerConfigKeys (ConfUtils.java:logGet(46)) - raft.server.leaderelection.leader.step-down.wait-time = 10s (default)
2023-01-16 14:42:35,862 [pool-329-thread-1] INFO  server.RaftServerConfigKeys (ConfUtils.java:logGet(46)) - raft.server.sleep.deviation.threshold = 300ms (default)
2023-01-16 14:42:35,862 [pool-329-thread-1] INFO  server.RaftServer$Division (ServerState.java:<init>(118)) - 442ec2d2-8762-4ddc-9d9e-f72be6bfd603@group-0BCE51E68637: ConfigurationManager, init=-1: peers:[442ec2d2-8762-4ddc-9d9e-f72be6bfd603|rpc:10.1.1.103:34623|dataStream:10.1.1.103:43549|priority:1|startupRole:FOLLOWER]|listeners:[], old=null, confs=<EMPTY_MAP>
2023-01-16 14:42:35,862 [pool-329-thread-1] INFO  server.RaftServerConfigKeys (ConfUtils.java:logGet(46)) - raft.server.storage.dir = [/home/runner/work/ozone/ozone/hadoop-ozone/integration-test/target/test-dir/MiniOzoneClusterImpl-c46fa063-69c7-4818-82ed-7a4432d72042/datanode-1/data/ratis] (custom)
2023-01-16 14:42:35,862 [pool-329-thread-1] INFO  server.RaftServerConfigKeys (ConfUtils.java:logGet(46)) - raft.server.log.corruption.policy = EXCEPTION (default)
2023-01-16 14:42:35,862 [pool-329-thread-1] INFO  server.RaftServerConfigKeys (ConfUtils.java:logGet(46)) - raft.server.storage.free-space.min = 0MB (=0) (default)
2023-01-16 14:42:35,862 [pool-329-thread-1] INFO  server.RaftServerConfigKeys (ConfUtils.java:logGet(46)) - raft.server.notification.no-leader.timeout = 300s (custom)
2023-01-16 14:42:35,862 [pool-329-thread-1] INFO  server.RaftServerConfigKeys (ConfUtils.java:logGet(46)) - raft.server.retrycache.expirytime = 600000ms (custom)
2023-01-16 14:42:35,862 [pool-329-thread-1] INFO  server.RaftServerConfigKeys (ConfUtils.java:logGet(46)) - raft.server.retrycache.statistics.expirytime = 100μs (default)
2023-01-16 14:42:35,863 [pool-329-thread-1] INFO  server.RaftServerConfigKeys (ConfUtils.java:logGet(46)) - raft.server.log.appender.install.snapshot.enabled = false (custom)
2023-01-16 14:42:35,863 [pool-329-thread-1] INFO  server.RaftServerConfigKeys (ConfUtils.java:logGet(46)) - raft.server.threadpool.server.cached = true (default)
2023-01-16 14:42:35,863 [pool-329-thread-1] INFO  server.RaftServerConfigKeys (ConfUtils.java:logGet(46)) - raft.server.threadpool.server.size = 0 (default)
2023-01-16 14:42:35,863 [pool-329-thread-1] INFO  server.RaftServerConfigKeys (ConfUtils.java:logGet(46)) - raft.server.threadpool.client.cached = true (default)
2023-01-16 14:42:35,863 [pool-329-thread-1] INFO  server.RaftServerConfigKeys (ConfUtils.java:logGet(46)) - raft.server.threadpool.client.size = 0 (default)
2023-01-16 14:42:35,863 [pool-329-thread-1] INFO  storage.RaftStorageDirectory (RaftStorageDirectoryImpl.java:analyzeStorage(137)) - The storage directory /home/runner/work/ozone/ozone/hadoop-ozone/integration-test/target/test-dir/MiniOzoneClusterImpl-c46fa063-69c7-4818-82ed-7a4432d72042/datanode-1/data/ratis/37db6620-9727-4967-a59b-0bce51e68637 does not exist. Creating ...
2023-01-16 14:42:35,864 [pool-329-thread-1] INFO  storage.RaftStorageDirectory (RaftStorageDirectoryImpl.java:tryLock(231)) - Lock on /home/runner/work/ozone/ozone/hadoop-ozone/integration-test/target/test-dir/MiniOzoneClusterImpl-c46fa063-69c7-4818-82ed-7a4432d72042/datanode-1/data/ratis/37db6620-9727-4967-a59b-0bce51e68637/in_use.lock acquired by nodename 12075@fv-az203-757
2023-01-16 14:42:35,869 [pool-329-thread-1] INFO  storage.RaftStorage (RaftStorageImpl.java:format(96)) - Storage directory /home/runner/work/ozone/ozone/hadoop-ozone/integration-test/target/test-dir/MiniOzoneClusterImpl-c46fa063-69c7-4818-82ed-7a4432d72042/datanode-1/data/ratis/37db6620-9727-4967-a59b-0bce51e68637 has been successfully formatted.
2023-01-16 14:42:35,871 [pool-329-thread-1] INFO  ratis.ContainerStateMachine (ContainerStateMachine.java:loadSnapshot(240)) - group-0BCE51E68637: The snapshot info is null. Setting the last applied indexto:(t:0, i:~)
2023-01-16 14:42:35,872 [pool-329-thread-1] INFO  server.RaftServerConfigKeys (ConfUtils.java:logGet(46)) - raft.server.log.use.memory = false (default)
2023-01-16 14:42:35,872 [pool-329-thread-1] INFO  server.RaftServerConfigKeys (ConfUtils.java:logGet(46)) - raft.server.log.purge.gap = 1000000 (custom)
2023-01-16 14:42:35,872 [pool-329-thread-1] INFO  server.RaftServerConfigKeys (ConfUtils.java:logGet(46)) - raft.server.log.appender.buffer.byte-limit = 33554432 (custom)
2023-01-16 14:42:35,872 [pool-329-thread-1] INFO  server.RaftServerConfigKeys (ConfUtils.java:logGet(46)) - raft.server.log.statemachine.data.read.timeout = 1000ms (default)
2023-01-16 14:42:35,872 [pool-329-thread-1] INFO  server.RaftServerConfigKeys (ConfUtils.java:logGet(46)) - raft.server.log.purge.preservation.log.num = 0 (default)
2023-01-16 14:42:35,874 [EventQueue-PipelineReportForPipelineReportHandler] INFO  pipeline.PipelineManagerImpl (PipelineManagerImpl.java:openPipeline(367)) - Pipeline Pipeline[ Id: 37db6620-9727-4967-a59b-0bce51e68637, Nodes: 442ec2d2-8762-4ddc-9d9e-f72be6bfd603(fv-az203-757.ild0l4k5vsluppoevu2oqvhmda.cx.internal.cloudapp.net/10.1.1.103), ReplicationConfig: RATIS/ONE, State:ALLOCATED, leaderId:442ec2d2-8762-4ddc-9d9e-f72be6bfd603, CreationTimestamp2023-01-16T14:42:32.739Z[Etc/UTC]] moved to OPEN state
2023-01-16 14:42:35,874 [EventQueue-OpenPipelineForHealthyPipelineSafeModeRule] INFO  safemode.SCMSafeModeManager (HealthyPipelineSafeModeRule.java:process(137)) - SCM in safe mode. Healthy pipelines reported count is 0, required healthy pipeline reported count is 1
2023-01-16 14:42:35,875 [pool-329-thread-1] INFO  server.RaftServerConfigKeys (ConfUtils.java:logGet(46)) - raft.server.log.segment.size.max = 1048576 (custom)
2023-01-16 14:42:35,875 [pool-329-thread-1] INFO  server.RaftServerConfigKeys (ConfUtils.java:logGet(46)) - raft.server.log.segment.cache.num.max = 2 (custom)
2023-01-16 14:42:35,875 [pool-329-thread-1] INFO  server.RaftServerConfigKeys (ConfUtils.java:logGet(46)) - raft.server.log.segment.cache.size.max = 200MB (=209715200) (default)
2023-01-16 14:42:35,875 [pool-329-thread-1] INFO  segmented.SegmentedRaftLogWorker (SegmentedRaftLogWorker.java:<init>(189)) - new 442ec2d2-8762-4ddc-9d9e-f72be6bfd603@group-0BCE51E68637-SegmentedRaftLogWorker for RaftStorageImpl:Storage Directory /home/runner/work/ozone/ozone/hadoop-ozone/integration-test/target/test-dir/MiniOzoneClusterImpl-c46fa063-69c7-4818-82ed-7a4432d72042/datanode-1/data/ratis/37db6620-9727-4967-a59b-0bce51e68637
2023-01-16 14:42:35,875 [pool-329-thread-1] INFO  server.RaftServerConfigKeys (ConfUtils.java:logGet(46)) - raft.server.log.queue.byte-limit = 4294967296 (custom)
2023-01-16 14:42:35,875 [pool-329-thread-1] INFO  server.RaftServerConfigKeys (ConfUtils.java:logGet(46)) - raft.server.log.queue.element-limit = 1024 (custom)
2023-01-16 14:42:35,875 [pool-329-thread-1] INFO  server.RaftServerConfigKeys (ConfUtils.java:logGet(46)) - raft.server.log.segment.size.max = 1048576 (custom)
2023-01-16 14:42:35,875 [pool-329-thread-1] INFO  server.RaftServerConfigKeys (ConfUtils.java:logGet(46)) - raft.server.log.preallocated.size = 16384 (custom)
2023-01-16 14:42:35,875 [pool-329-thread-1] INFO  server.RaftServerConfigKeys (ConfUtils.java:logGet(46)) - raft.server.log.force.sync.num = 128 (default)
2023-01-16 14:42:35,875 [pool-329-thread-1] INFO  server.RaftServerConfigKeys (ConfUtils.java:logGet(46)) - raft.server.log.statemachine.data.sync = true (default)
2023-01-16 14:42:35,875 [pool-329-thread-1] INFO  server.RaftServerConfigKeys (ConfUtils.java:logGet(46)) - raft.server.log.statemachine.data.sync.timeout = 10s (default)
2023-01-16 14:42:35,876 [pool-329-thread-1] INFO  server.RaftServerConfigKeys (ConfUtils.java:logGet(46)) - raft.server.log.statemachine.data.sync.timeout.retry = -1 (default)
2023-01-16 14:42:35,876 [pool-329-thread-1] INFO  server.RaftServerConfigKeys (ConfUtils.java:logGet(46)) - raft.server.log.write.buffer.size = 1048576 (custom)
2023-01-16 14:42:35,876 [pool-329-thread-1] INFO  server.RaftServerConfigKeys (ConfUtils.java:logGet(46)) - raft.server.log.appender.buffer.byte-limit = 33554432 (custom)
2023-01-16 14:42:35,881 [pool-329-thread-1] INFO  server.RaftServerConfigKeys (ConfUtils.java:logGet(46)) - raft.server.log.unsafe-flush.enabled = false (default)
2023-01-16 14:42:35,881 [pool-329-thread-1] INFO  server.RaftServerConfigKeys (ConfUtils.java:logGet(46)) - raft.server.log.async-flush.enabled = false (default)
2023-01-16 14:42:35,881 [pool-329-thread-1] INFO  server.RaftServerConfigKeys (ConfUtils.java:logGet(46)) - raft.server.log.statemachine.data.caching.enabled = true (custom)
2023-01-16 14:42:35,881 [pool-329-thread-1] INFO  segmented.SegmentedRaftLogWorker (SegmentedRaftLogWorker.java:lambda$new$0(135)) - 442ec2d2-8762-4ddc-9d9e-f72be6bfd603@group-0BCE51E68637-SegmentedRaftLogWorker: flushIndex: setUnconditionally 0 -> -1
2023-01-16 14:42:35,881 [pool-329-thread-1] INFO  segmented.SegmentedRaftLogWorker (SegmentedRaftLogWorker.java:lambda$new$0(135)) - 442ec2d2-8762-4ddc-9d9e-f72be6bfd603@group-0BCE51E68637-SegmentedRaftLogWorker: safeCacheEvictIndex: setUnconditionally 0 -> -1
2023-01-16 14:42:35,882 [pool-329-thread-1] INFO  server.RaftServer$Division (RaftServerImpl.java:start(334)) - 442ec2d2-8762-4ddc-9d9e-f72be6bfd603@group-0BCE51E68637: start as a follower, conf=-1: peers:[442ec2d2-8762-4ddc-9d9e-f72be6bfd603|rpc:10.1.1.103:34623|dataStream:10.1.1.103:43549|priority:1|startupRole:FOLLOWER]|listeners:[], old=null
2023-01-16 14:42:35,882 [pool-329-thread-1] INFO  server.RaftServer$Division (RaftServerImpl.java:setRole(321)) - 442ec2d2-8762-4ddc-9d9e-f72be6bfd603@group-0BCE51E68637: changes role from      null to FOLLOWER at term 0 for startAsFollower
2023-01-16 14:42:35,882 [pool-329-thread-1] INFO  impl.RoleInfo (RoleInfo.java:updateAndGet(139)) - 442ec2d2-8762-4ddc-9d9e-f72be6bfd603: start 442ec2d2-8762-4ddc-9d9e-f72be6bfd603@group-0BCE51E68637-FollowerState
2023-01-16 14:42:35,882 [pool-329-thread-1] INFO  util.JmxRegister (JmxRegister.java:tryRegister(44)) - Successfully registered JMX Bean with object name Ratis:service=RaftServer,group=group-0BCE51E68637,id=442ec2d2-8762-4ddc-9d9e-f72be6bfd603
2023-01-16 14:42:35,882 [pool-329-thread-1] INFO  server.RaftServerConfigKeys (ConfUtils.java:logGet(46)) - raft.server.snapshot.auto.trigger.enabled = true (custom)
2023-01-16 14:42:35,882 [pool-329-thread-1] INFO  server.RaftServerConfigKeys (ConfUtils.java:logGet(46)) - raft.server.snapshot.auto.trigger.threshold = 10000 (custom)
2023-01-16 14:42:35,882 [pool-329-thread-1] INFO  server.RaftServerConfigKeys (ConfUtils.java:logGet(46)) - raft.server.snapshot.retention.file.num = 5 (custom)
2023-01-16 14:42:35,882 [pool-329-thread-1] INFO  server.RaftServerConfigKeys (ConfUtils.java:logGet(46)) - raft.server.log.purge.upto.snapshot.index = false (default)
2023-01-16 14:42:35,883 [442ec2d2-8762-4ddc-9d9e-f72be6bfd603@group-0BCE51E68637-FollowerState] INFO  server.RaftServerConfigKeys (ConfUtils.java:logFallback(53)) - raft.server.rpc.first-election.timeout.min = 5s (fallback to raft.server.rpc.timeout.min)
2023-01-16 14:42:35,883 [442ec2d2-8762-4ddc-9d9e-f72be6bfd603@group-0BCE51E68637-FollowerState] INFO  server.RaftServerConfigKeys (ConfUtils.java:logFallback(53)) - raft.server.rpc.first-election.timeout.max = 5200ms (fallback to raft.server.rpc.timeout.max)
2023-01-16 14:42:35,894 [Command processor thread] INFO  ratis.XceiverServerRatis (XceiverServerRatis.java:addGroup(806)) - Created group PipelineID=37db6620-9727-4967-a59b-0bce51e68637
2023-01-16 14:42:35,894 [Command processor thread] INFO  commandhandler.CreatePipelineCommandHandler (CreatePipelineCommandHandler.java:handle(113)) - Created Pipeline RATIS ONE PipelineID=37db6620-9727-4967-a59b-0bce51e68637.
2023-01-16 14:42:35,895 [Command processor thread] INFO  server.RaftServer (RaftServerProxy.java:addNew(96)) - 442ec2d2-8762-4ddc-9d9e-f72be6bfd603: addNew group-BA480BCFE081:[710767cc-7b4a-4f75-833c-d89a4e7b1741|rpc:10.1.1.103:32999|dataStream:10.1.1.103:34697|priority:0|startupRole:FOLLOWER, 442ec2d2-8762-4ddc-9d9e-f72be6bfd603|rpc:10.1.1.103:34623|dataStream:10.1.1.103:43549|priority:1|startupRole:FOLLOWER, d72051fe-3aaa-4ca0-b891-e1cdc202e4f4|rpc:10.1.1.103:43765|dataStream:10.1.1.103:39517|priority:0|startupRole:FOLLOWER] returns group-BA480BCFE081:java.util.concurrent.CompletableFuture@53c8c303[Not completed]
2023-01-16 14:42:35,896 [pool-329-thread-1] INFO  server.RaftServer$Division (RaftServerImpl.java:<init>(195)) - 442ec2d2-8762-4ddc-9d9e-f72be6bfd603: new RaftServerImpl for group-BA480BCFE081:[710767cc-7b4a-4f75-833c-d89a4e7b1741|rpc:10.1.1.103:32999|dataStream:10.1.1.103:34697|priority:0|startupRole:FOLLOWER, 442ec2d2-8762-4ddc-9d9e-f72be6bfd603|rpc:10.1.1.103:34623|dataStream:10.1.1.103:43549|priority:1|startupRole:FOLLOWER, d72051fe-3aaa-4ca0-b891-e1cdc202e4f4|rpc:10.1.1.103:43765|dataStream:10.1.1.103:39517|priority:0|startupRole:FOLLOWER] with ContainerStateMachine:uninitialized
2023-01-16 14:42:35,896 [pool-329-thread-1] INFO  server.RaftServerConfigKeys (ConfUtils.java:logGet(46)) - raft.server.rpc.timeout.min = 5s (custom)
2023-01-16 14:42:35,896 [pool-329-thread-1] INFO  server.RaftServerConfigKeys (ConfUtils.java:logGet(46)) - raft.server.rpc.timeout.max = 5200ms (custom)
2023-01-16 14:42:35,896 [pool-329-thread-1] INFO  server.RaftServerConfigKeys (ConfUtils.java:logGet(46)) - raft.server.rpc.sleep.time = 25ms (default)
2023-01-16 14:42:35,896 [pool-329-thread-1] INFO  server.RaftServerConfigKeys (ConfUtils.java:logGet(46)) - raft.server.rpc.slowness.timeout = 300s (custom)
2023-01-16 14:42:35,896 [pool-329-thread-1] INFO  server.RaftServerConfigKeys (ConfUtils.java:logGet(46)) - raft.server.leaderelection.leader.step-down.wait-time = 10s (default)
2023-01-16 14:42:35,896 [pool-329-thread-1] INFO  server.RaftServerConfigKeys (ConfUtils.java:logGet(46)) - raft.server.sleep.deviation.threshold = 300ms (default)
2023-01-16 14:42:35,896 [pool-329-thread-1] INFO  server.RaftServer$Division (ServerState.java:<init>(118)) - 442ec2d2-8762-4ddc-9d9e-f72be6bfd603@group-BA480BCFE081: ConfigurationManager, init=-1: peers:[710767cc-7b4a-4f75-833c-d89a4e7b1741|rpc:10.1.1.103:32999|dataStream:10.1.1.103:34697|priority:0|startupRole:FOLLOWER, 442ec2d2-8762-4ddc-9d9e-f72be6bfd603|rpc:10.1.1.103:34623|dataStream:10.1.1.103:43549|priority:1|startupRole:FOLLOWER, d72051fe-3aaa-4ca0-b891-e1cdc202e4f4|rpc:10.1.1.103:43765|dataStream:10.1.1.103:39517|priority:0|startupRole:FOLLOWER]|listeners:[], old=null, confs=<EMPTY_MAP>
2023-01-16 14:42:35,896 [pool-329-thread-1] INFO  server.RaftServerConfigKeys (ConfUtils.java:logGet(46)) - raft.server.storage.dir = [/home/runner/work/ozone/ozone/hadoop-ozone/integration-test/target/test-dir/MiniOzoneClusterImpl-c46fa063-69c7-4818-82ed-7a4432d72042/datanode-1/data/ratis] (custom)
2023-01-16 14:42:35,896 [pool-329-thread-1] INFO  server.RaftServerConfigKeys (ConfUtils.java:logGet(46)) - raft.server.log.corruption.policy = EXCEPTION (default)
2023-01-16 14:42:35,896 [pool-329-thread-1] INFO  server.RaftServerConfigKeys (ConfUtils.java:logGet(46)) - raft.server.storage.free-space.min = 0MB (=0) (default)
2023-01-16 14:42:35,896 [pool-329-thread-1] INFO  server.RaftServerConfigKeys (ConfUtils.java:logGet(46)) - raft.server.notification.no-leader.timeout = 300s (custom)
2023-01-16 14:42:35,896 [pool-329-thread-1] INFO  server.RaftServerConfigKeys (ConfUtils.java:logGet(46)) - raft.server.retrycache.expirytime = 600000ms (custom)
2023-01-16 14:42:35,896 [pool-329-thread-1] INFO  server.RaftServerConfigKeys (ConfUtils.java:logGet(46)) - raft.server.retrycache.statistics.expirytime = 100μs (default)
2023-01-16 14:42:35,897 [pool-329-thread-1] INFO  server.RaftServerConfigKeys (ConfUtils.java:logGet(46)) - raft.server.log.appender.install.snapshot.enabled = false (custom)
2023-01-16 14:42:35,897 [pool-329-thread-1] INFO  server.RaftServerConfigKeys (ConfUtils.java:logGet(46)) - raft.server.threadpool.server.cached = true (default)
2023-01-16 14:42:35,897 [pool-329-thread-1] INFO  server.RaftServerConfigKeys (ConfUtils.java:logGet(46)) - raft.server.threadpool.server.size = 0 (default)
2023-01-16 14:42:35,897 [pool-329-thread-1] INFO  server.RaftServerConfigKeys (ConfUtils.java:logGet(46)) - raft.server.threadpool.client.cached = true (default)
2023-01-16 14:42:35,897 [pool-329-thread-1] INFO  server.RaftServerConfigKeys (ConfUtils.java:logGet(46)) - raft.server.threadpool.client.size = 0 (default)
2023-01-16 14:42:35,897 [pool-329-thread-1] INFO  storage.RaftStorageDirectory (RaftStorageDirectoryImpl.java:analyzeStorage(137)) - The storage directory /home/runner/work/ozone/ozone/hadoop-ozone/integration-test/target/test-dir/MiniOzoneClusterImpl-c46fa063-69c7-4818-82ed-7a4432d72042/datanode-1/data/ratis/ff0120f3-6f59-4109-a245-ba480bcfe081 does not exist. Creating ...
2023-01-16 14:42:35,900 [pool-329-thread-1] INFO  storage.RaftStorageDirectory (RaftStorageDirectoryImpl.java:tryLock(231)) - Lock on /home/runner/work/ozone/ozone/hadoop-ozone/integration-test/target/test-dir/MiniOzoneClusterImpl-c46fa063-69c7-4818-82ed-7a4432d72042/datanode-1/data/ratis/ff0120f3-6f59-4109-a245-ba480bcfe081/in_use.lock acquired by nodename 12075@fv-az203-757
2023-01-16 14:42:35,901 [grpc-default-executor-0] INFO  server.RaftServer (RaftServerProxy.java:addNew(96)) - d72051fe-3aaa-4ca0-b891-e1cdc202e4f4: addNew group-5E653170D9E0:[442ec2d2-8762-4ddc-9d9e-f72be6bfd603|rpc:10.1.1.103:34623|dataStream:10.1.1.103:43549|priority:0|startupRole:FOLLOWER, 710767cc-7b4a-4f75-833c-d89a4e7b1741|rpc:10.1.1.103:32999|dataStream:10.1.1.103:34697|priority:1|startupRole:FOLLOWER, d72051fe-3aaa-4ca0-b891-e1cdc202e4f4|rpc:10.1.1.103:43765|dataStream:10.1.1.103:39517|priority:0|startupRole:FOLLOWER] returns group-5E653170D9E0:java.util.concurrent.CompletableFuture@7ef92fcb[Not completed]
2023-01-16 14:42:35,901 [pool-329-thread-1] INFO  storage.RaftStorage (RaftStorageImpl.java:format(96)) - Storage directory /home/runner/work/ozone/ozone/hadoop-ozone/integration-test/target/test-dir/MiniOzoneClusterImpl-c46fa063-69c7-4818-82ed-7a4432d72042/datanode-1/data/ratis/ff0120f3-6f59-4109-a245-ba480bcfe081 has been successfully formatted.
2023-01-16 14:42:35,902 [pool-329-thread-1] INFO  ratis.ContainerStateMachine (ContainerStateMachine.java:loadSnapshot(240)) - group-BA480BCFE081: The snapshot info is null. Setting the last applied indexto:(t:0, i:~)
2023-01-16 14:42:35,902 [pool-329-thread-1] INFO  server.RaftServerConfigKeys (ConfUtils.java:logGet(46)) - raft.server.log.use.memory = false (default)
2023-01-16 14:42:35,902 [pool-329-thread-1] INFO  server.RaftServerConfigKeys (ConfUtils.java:logGet(46)) - raft.server.log.purge.gap = 1000000 (custom)
2023-01-16 14:42:35,902 [pool-329-thread-1] INFO  server.RaftServerConfigKeys (ConfUtils.java:logGet(46)) - raft.server.log.appender.buffer.byte-limit = 33554432 (custom)
2023-01-16 14:42:35,902 [pool-329-thread-1] INFO  server.RaftServerConfigKeys (ConfUtils.java:logGet(46)) - raft.server.log.statemachine.data.read.timeout = 1000ms (default)
2023-01-16 14:42:35,902 [pool-329-thread-1] INFO  server.RaftServerConfigKeys (ConfUtils.java:logGet(46)) - raft.server.log.purge.preservation.log.num = 0 (default)
2023-01-16 14:42:35,902 [pool-329-thread-1] INFO  server.RaftServerConfigKeys (ConfUtils.java:logGet(46)) - raft.server.log.segment.size.max = 1048576 (custom)
2023-01-16 14:42:35,902 [pool-329-thread-1] INFO  server.RaftServerConfigKeys (ConfUtils.java:logGet(46)) - raft.server.log.segment.cache.num.max = 2 (custom)
2023-01-16 14:42:35,902 [pool-329-thread-1] INFO  server.RaftServerConfigKeys (ConfUtils.java:logGet(46)) - raft.server.log.segment.cache.size.max = 200MB (=209715200) (default)
2023-01-16 14:42:35,902 [pool-329-thread-1] INFO  segmented.SegmentedRaftLogWorker (SegmentedRaftLogWorker.java:<init>(189)) - new 442ec2d2-8762-4ddc-9d9e-f72be6bfd603@group-BA480BCFE081-SegmentedRaftLogWorker for RaftStorageImpl:Storage Directory /home/runner/work/ozone/ozone/hadoop-ozone/integration-test/target/test-dir/MiniOzoneClusterImpl-c46fa063-69c7-4818-82ed-7a4432d72042/datanode-1/data/ratis/ff0120f3-6f59-4109-a245-ba480bcfe081
2023-01-16 14:42:35,902 [pool-329-thread-1] INFO  server.RaftServerConfigKeys (ConfUtils.java:logGet(46)) - raft.server.log.queue.byte-limit = 4294967296 (custom)
2023-01-16 14:42:35,902 [pool-329-thread-1] INFO  server.RaftServerConfigKeys (ConfUtils.java:logGet(46)) - raft.server.log.queue.element-limit = 1024 (custom)
2023-01-16 14:42:35,903 [pool-329-thread-1] INFO  server.RaftServerConfigKeys (ConfUtils.java:logGet(46)) - raft.server.log.segment.size.max = 1048576 (custom)
2023-01-16 14:42:35,903 [pool-329-thread-1] INFO  server.RaftServerConfigKeys (ConfUtils.java:logGet(46)) - raft.server.log.preallocated.size = 16384 (custom)
2023-01-16 14:42:35,903 [pool-329-thread-1] INFO  server.RaftServerConfigKeys (ConfUtils.java:logGet(46)) - raft.server.log.force.sync.num = 128 (default)
2023-01-16 14:42:35,903 [pool-329-thread-1] INFO  server.RaftServerConfigKeys (ConfUtils.java:logGet(46)) - raft.server.log.statemachine.data.sync = true (default)
2023-01-16 14:42:35,903 [pool-329-thread-1] INFO  server.RaftServerConfigKeys (ConfUtils.java:logGet(46)) - raft.server.log.statemachine.data.sync.timeout = 10s (default)
2023-01-16 14:42:35,903 [pool-352-thread-1] INFO  server.RaftServer$Division (RaftServerImpl.java:<init>(195)) - d72051fe-3aaa-4ca0-b891-e1cdc202e4f4: new RaftServerImpl for group-5E653170D9E0:[442ec2d2-8762-4ddc-9d9e-f72be6bfd603|rpc:10.1.1.103:34623|dataStream:10.1.1.103:43549|priority:0|startupRole:FOLLOWER, 710767cc-7b4a-4f75-833c-d89a4e7b1741|rpc:10.1.1.103:32999|dataStream:10.1.1.103:34697|priority:1|startupRole:FOLLOWER, d72051fe-3aaa-4ca0-b891-e1cdc202e4f4|rpc:10.1.1.103:43765|dataStream:10.1.1.103:39517|priority:0|startupRole:FOLLOWER] with ContainerStateMachine:uninitialized
2023-01-16 14:42:35,903 [pool-352-thread-1] INFO  server.RaftServerConfigKeys (ConfUtils.java:logGet(46)) - raft.server.rpc.timeout.min = 5s (custom)
2023-01-16 14:42:35,903 [pool-352-thread-1] INFO  server.RaftServerConfigKeys (ConfUtils.java:logGet(46)) - raft.server.rpc.timeout.max = 5200ms (custom)
2023-01-16 14:42:35,903 [pool-352-thread-1] INFO  server.RaftServerConfigKeys (ConfUtils.java:logGet(46)) - raft.server.rpc.sleep.time = 25ms (default)
2023-01-16 14:42:35,903 [pool-352-thread-1] INFO  server.RaftServerConfigKeys (ConfUtils.java:logGet(46)) - raft.server.rpc.slowness.timeout = 300s (custom)
2023-01-16 14:42:35,903 [pool-352-thread-1] INFO  server.RaftServerConfigKeys (ConfUtils.java:logGet(46)) - raft.server.leaderelection.leader.step-down.wait-time = 10s (default)
2023-01-16 14:42:35,903 [pool-352-thread-1] INFO  server.RaftServerConfigKeys (ConfUtils.java:logGet(46)) - raft.server.sleep.deviation.threshold = 300ms (default)
2023-01-16 14:42:35,903 [pool-352-thread-1] INFO  server.RaftServer$Division (ServerState.java:<init>(118)) - d72051fe-3aaa-4ca0-b891-e1cdc202e4f4@group-5E653170D9E0: ConfigurationManager, init=-1: peers:[442ec2d2-8762-4ddc-9d9e-f72be6bfd603|rpc:10.1.1.103:34623|dataStream:10.1.1.103:43549|priority:0|startupRole:FOLLOWER, 710767cc-7b4a-4f75-833c-d89a4e7b1741|rpc:10.1.1.103:32999|dataStream:10.1.1.103:34697|priority:1|startupRole:FOLLOWER, d72051fe-3aaa-4ca0-b891-e1cdc202e4f4|rpc:10.1.1.103:43765|dataStream:10.1.1.103:39517|priority:0|startupRole:FOLLOWER]|listeners:[], old=null, confs=<EMPTY_MAP>
2023-01-16 14:42:35,903 [pool-329-thread-1] INFO  server.RaftServerConfigKeys (ConfUtils.java:logGet(46)) - raft.server.log.statemachine.data.sync.timeout.retry = -1 (default)
2023-01-16 14:42:35,904 [pool-329-thread-1] INFO  server.RaftServerConfigKeys (ConfUtils.java:logGet(46)) - raft.server.log.write.buffer.size = 1048576 (custom)
2023-01-16 14:42:35,904 [EventQueue-OpenPipelineForHealthyPipelineSafeModeRule] INFO  safemode.SCMSafeModeManager (HealthyPipelineSafeModeRule.java:process(137)) - SCM in safe mode. Healthy pipelines reported count is 0, required healthy pipeline reported count is 1
2023-01-16 14:42:35,904 [pool-352-thread-1] INFO  server.RaftServerConfigKeys (ConfUtils.java:logGet(46)) - raft.server.storage.dir = [/home/runner/work/ozone/ozone/hadoop-ozone/integration-test/target/test-dir/MiniOzoneClusterImpl-c46fa063-69c7-4818-82ed-7a4432d72042/datanode-2/data/ratis] (custom)
2023-01-16 14:42:35,905 [pool-352-thread-1] INFO  server.RaftServerConfigKeys (ConfUtils.java:logGet(46)) - raft.server.log.corruption.policy = EXCEPTION (default)
2023-01-16 14:42:35,905 [pool-352-thread-1] INFO  server.RaftServerConfigKeys (ConfUtils.java:logGet(46)) - raft.server.storage.free-space.min = 0MB (=0) (default)
2023-01-16 14:42:35,905 [pool-352-thread-1] INFO  server.RaftServerConfigKeys (ConfUtils.java:logGet(46)) - raft.server.notification.no-leader.timeout = 300s (custom)
2023-01-16 14:42:35,905 [pool-352-thread-1] INFO  server.RaftServerConfigKeys (ConfUtils.java:logGet(46)) - raft.server.retrycache.expirytime = 600000ms (custom)
2023-01-16 14:42:35,905 [pool-352-thread-1] INFO  server.RaftServerConfigKeys (ConfUtils.java:logGet(46)) - raft.server.retrycache.statistics.expirytime = 100μs (default)
2023-01-16 14:42:35,905 [pool-329-thread-1] INFO  server.RaftServerConfigKeys (ConfUtils.java:logGet(46)) - raft.server.log.appender.buffer.byte-limit = 33554432 (custom)
2023-01-16 14:42:35,905 [pool-352-thread-1] INFO  server.RaftServerConfigKeys (ConfUtils.java:logGet(46)) - raft.server.log.appender.install.snapshot.enabled = false (custom)
2023-01-16 14:42:35,905 [pool-352-thread-1] INFO  server.RaftServerConfigKeys (ConfUtils.java:logGet(46)) - raft.server.threadpool.server.cached = true (default)
2023-01-16 14:42:35,905 [pool-352-thread-1] INFO  server.RaftServerConfigKeys (ConfUtils.java:logGet(46)) - raft.server.threadpool.server.size = 0 (default)
2023-01-16 14:42:35,906 [pool-352-thread-1] INFO  server.RaftServerConfigKeys (ConfUtils.java:logGet(46)) - raft.server.threadpool.client.cached = true (default)
2023-01-16 14:42:35,906 [pool-352-thread-1] INFO  server.RaftServerConfigKeys (ConfUtils.java:logGet(46)) - raft.server.threadpool.client.size = 0 (default)
2023-01-16 14:42:35,906 [pool-352-thread-1] INFO  storage.RaftStorageDirectory (RaftStorageDirectoryImpl.java:analyzeStorage(137)) - The storage directory /home/runner/work/ozone/ozone/hadoop-ozone/integration-test/target/test-dir/MiniOzoneClusterImpl-c46fa063-69c7-4818-82ed-7a4432d72042/datanode-2/data/ratis/174bef65-c465-45c3-8a83-5e653170d9e0 does not exist. Creating ...
2023-01-16 14:42:35,907 [pool-352-thread-1] INFO  storage.RaftStorageDirectory (RaftStorageDirectoryImpl.java:tryLock(231)) - Lock on /home/runner/work/ozone/ozone/hadoop-ozone/integration-test/target/test-dir/MiniOzoneClusterImpl-c46fa063-69c7-4818-82ed-7a4432d72042/datanode-2/data/ratis/174bef65-c465-45c3-8a83-5e653170d9e0/in_use.lock acquired by nodename 12075@fv-az203-757
2023-01-16 14:42:35,908 [pool-352-thread-1] INFO  storage.RaftStorage (RaftStorageImpl.java:format(96)) - Storage directory /home/runner/work/ozone/ozone/hadoop-ozone/integration-test/target/test-dir/MiniOzoneClusterImpl-c46fa063-69c7-4818-82ed-7a4432d72042/datanode-2/data/ratis/174bef65-c465-45c3-8a83-5e653170d9e0 has been successfully formatted.
2023-01-16 14:42:35,911 [pool-329-thread-1] INFO  server.RaftServerConfigKeys (ConfUtils.java:logGet(46)) - raft.server.log.unsafe-flush.enabled = false (default)
2023-01-16 14:42:35,912 [pool-329-thread-1] INFO  server.RaftServerConfigKeys (ConfUtils.java:logGet(46)) - raft.server.log.async-flush.enabled = false (default)
2023-01-16 14:42:35,912 [pool-329-thread-1] INFO  server.RaftServerConfigKeys (ConfUtils.java:logGet(46)) - raft.server.log.statemachine.data.caching.enabled = true (custom)
2023-01-16 14:42:35,912 [pool-329-thread-1] INFO  segmented.SegmentedRaftLogWorker (SegmentedRaftLogWorker.java:lambda$new$0(135)) - 442ec2d2-8762-4ddc-9d9e-f72be6bfd603@group-BA480BCFE081-SegmentedRaftLogWorker: flushIndex: setUnconditionally 0 -> -1
2023-01-16 14:42:35,912 [pool-329-thread-1] INFO  segmented.SegmentedRaftLogWorker (SegmentedRaftLogWorker.java:lambda$new$0(135)) - 442ec2d2-8762-4ddc-9d9e-f72be6bfd603@group-BA480BCFE081-SegmentedRaftLogWorker: safeCacheEvictIndex: setUnconditionally 0 -> -1
2023-01-16 14:42:35,912 [pool-329-thread-1] INFO  server.RaftServer$Division (RaftServerImpl.java:start(334)) - 442ec2d2-8762-4ddc-9d9e-f72be6bfd603@group-BA480BCFE081: start as a follower, conf=-1: peers:[710767cc-7b4a-4f75-833c-d89a4e7b1741|rpc:10.1.1.103:32999|dataStream:10.1.1.103:34697|priority:0|startupRole:FOLLOWER, 442ec2d2-8762-4ddc-9d9e-f72be6bfd603|rpc:10.1.1.103:34623|dataStream:10.1.1.103:43549|priority:1|startupRole:FOLLOWER, d72051fe-3aaa-4ca0-b891-e1cdc202e4f4|rpc:10.1.1.103:43765|dataStream:10.1.1.103:39517|priority:0|startupRole:FOLLOWER]|listeners:[], old=null
2023-01-16 14:42:35,913 [pool-329-thread-1] INFO  server.RaftServer$Division (RaftServerImpl.java:setRole(321)) - 442ec2d2-8762-4ddc-9d9e-f72be6bfd603@group-BA480BCFE081: changes role from      null to FOLLOWER at term 0 for startAsFollower
2023-01-16 14:42:35,912 [pool-352-thread-1] INFO  ratis.ContainerStateMachine (ContainerStateMachine.java:loadSnapshot(240)) - group-5E653170D9E0: The snapshot info is null. Setting the last applied indexto:(t:0, i:~)
2023-01-16 14:42:35,913 [pool-352-thread-1] INFO  server.RaftServerConfigKeys (ConfUtils.java:logGet(46)) - raft.server.log.use.memory = false (default)
2023-01-16 14:42:35,913 [pool-352-thread-1] INFO  server.RaftServerConfigKeys (ConfUtils.java:logGet(46)) - raft.server.log.purge.gap = 1000000 (custom)
2023-01-16 14:42:35,913 [pool-352-thread-1] INFO  server.RaftServerConfigKeys (ConfUtils.java:logGet(46)) - raft.server.log.appender.buffer.byte-limit = 33554432 (custom)
2023-01-16 14:42:35,913 [pool-352-thread-1] INFO  server.RaftServerConfigKeys (ConfUtils.java:logGet(46)) - raft.server.log.statemachine.data.read.timeout = 1000ms (default)
2023-01-16 14:42:35,913 [pool-352-thread-1] INFO  server.RaftServerConfigKeys (ConfUtils.java:logGet(46)) - raft.server.log.purge.preservation.log.num = 0 (default)
2023-01-16 14:42:35,913 [pool-352-thread-1] INFO  server.RaftServerConfigKeys (ConfUtils.java:logGet(46)) - raft.server.log.segment.size.max = 1048576 (custom)
2023-01-16 14:42:35,913 [pool-352-thread-1] INFO  server.RaftServerConfigKeys (ConfUtils.java:logGet(46)) - raft.server.log.segment.cache.num.max = 2 (custom)
2023-01-16 14:42:35,913 [pool-352-thread-1] INFO  server.RaftServerConfigKeys (ConfUtils.java:logGet(46)) - raft.server.log.segment.cache.size.max = 200MB (=209715200) (default)
2023-01-16 14:42:35,913 [pool-352-thread-1] INFO  segmented.SegmentedRaftLogWorker (SegmentedRaftLogWorker.java:<init>(189)) - new d72051fe-3aaa-4ca0-b891-e1cdc202e4f4@group-5E653170D9E0-SegmentedRaftLogWorker for RaftStorageImpl:Storage Directory /home/runner/work/ozone/ozone/hadoop-ozone/integration-test/target/test-dir/MiniOzoneClusterImpl-c46fa063-69c7-4818-82ed-7a4432d72042/datanode-2/data/ratis/174bef65-c465-45c3-8a83-5e653170d9e0
2023-01-16 14:42:35,914 [pool-352-thread-1] INFO  server.RaftServerConfigKeys (ConfUtils.java:logGet(46)) - raft.server.log.queue.byte-limit = 4294967296 (custom)
2023-01-16 14:42:35,914 [pool-352-thread-1] INFO  server.RaftServerConfigKeys (ConfUtils.java:logGet(46)) - raft.server.log.queue.element-limit = 1024 (custom)
2023-01-16 14:42:35,914 [pool-352-thread-1] INFO  server.RaftServerConfigKeys (ConfUtils.java:logGet(46)) - raft.server.log.segment.size.max = 1048576 (custom)
2023-01-16 14:42:35,914 [pool-352-thread-1] INFO  server.RaftServerConfigKeys (ConfUtils.java:logGet(46)) - raft.server.log.preallocated.size = 16384 (custom)
2023-01-16 14:42:35,914 [pool-352-thread-1] INFO  server.RaftServerConfigKeys (ConfUtils.java:logGet(46)) - raft.server.log.force.sync.num = 128 (default)
2023-01-16 14:42:35,914 [pool-352-thread-1] INFO  server.RaftServerConfigKeys (ConfUtils.java:logGet(46)) - raft.server.log.statemachine.data.sync = true (default)
2023-01-16 14:42:35,914 [pool-352-thread-1] INFO  server.RaftServerConfigKeys (ConfUtils.java:logGet(46)) - raft.server.log.statemachine.data.sync.timeout = 10s (default)
2023-01-16 14:42:35,914 [pool-352-thread-1] INFO  server.RaftServerConfigKeys (ConfUtils.java:logGet(46)) - raft.server.log.statemachine.data.sync.timeout.retry = -1 (default)
2023-01-16 14:42:35,914 [pool-352-thread-1] INFO  server.RaftServerConfigKeys (ConfUtils.java:logGet(46)) - raft.server.log.write.buffer.size = 1048576 (custom)
2023-01-16 14:42:35,915 [pool-352-thread-1] INFO  server.RaftServerConfigKeys (ConfUtils.java:logGet(46)) - raft.server.log.appender.buffer.byte-limit = 33554432 (custom)
2023-01-16 14:42:35,916 [pool-329-thread-1] INFO  impl.RoleInfo (RoleInfo.java:updateAndGet(139)) - 442ec2d2-8762-4ddc-9d9e-f72be6bfd603: start 442ec2d2-8762-4ddc-9d9e-f72be6bfd603@group-BA480BCFE081-FollowerState
2023-01-16 14:42:35,917 [pool-329-thread-1] INFO  util.JmxRegister (JmxRegister.java:tryRegister(44)) - Successfully registered JMX Bean with object name Ratis:service=RaftServer,group=group-BA480BCFE081,id=442ec2d2-8762-4ddc-9d9e-f72be6bfd603
2023-01-16 14:42:35,918 [pool-329-thread-1] INFO  server.RaftServerConfigKeys (ConfUtils.java:logGet(46)) - raft.server.snapshot.auto.trigger.enabled = true (custom)
2023-01-16 14:42:35,918 [pool-329-thread-1] INFO  server.RaftServerConfigKeys (ConfUtils.java:logGet(46)) - raft.server.snapshot.auto.trigger.threshold = 10000 (custom)
2023-01-16 14:42:35,918 [pool-329-thread-1] INFO  server.RaftServerConfigKeys (ConfUtils.java:logGet(46)) - raft.server.snapshot.retention.file.num = 5 (custom)
2023-01-16 14:42:35,919 [pool-329-thread-1] INFO  server.RaftServerConfigKeys (ConfUtils.java:logGet(46)) - raft.server.log.purge.upto.snapshot.index = false (default)
2023-01-16 14:42:35,920 [pool-352-thread-1] INFO  server.RaftServerConfigKeys (ConfUtils.java:logGet(46)) - raft.server.log.unsafe-flush.enabled = false (default)
2023-01-16 14:42:35,920 [pool-352-thread-1] INFO  server.RaftServerConfigKeys (ConfUtils.java:logGet(46)) - raft.server.log.async-flush.enabled = false (default)
2023-01-16 14:42:35,920 [pool-352-thread-1] INFO  server.RaftServerConfigKeys (ConfUtils.java:logGet(46)) - raft.server.log.statemachine.data.caching.enabled = true (custom)
2023-01-16 14:42:35,921 [pool-352-thread-1] INFO  segmented.SegmentedRaftLogWorker (SegmentedRaftLogWorker.java:lambda$new$0(135)) - d72051fe-3aaa-4ca0-b891-e1cdc202e4f4@group-5E653170D9E0-SegmentedRaftLogWorker: flushIndex: setUnconditionally 0 -> -1
2023-01-16 14:42:35,921 [pool-352-thread-1] INFO  segmented.SegmentedRaftLogWorker (SegmentedRaftLogWorker.java:lambda$new$0(135)) - d72051fe-3aaa-4ca0-b891-e1cdc202e4f4@group-5E653170D9E0-SegmentedRaftLogWorker: safeCacheEvictIndex: setUnconditionally 0 -> -1
2023-01-16 14:42:35,921 [pool-352-thread-1] INFO  server.RaftServer$Division (RaftServerImpl.java:start(334)) - d72051fe-3aaa-4ca0-b891-e1cdc202e4f4@group-5E653170D9E0: start as a follower, conf=-1: peers:[442ec2d2-8762-4ddc-9d9e-f72be6bfd603|rpc:10.1.1.103:34623|dataStream:10.1.1.103:43549|priority:0|startupRole:FOLLOWER, 710767cc-7b4a-4f75-833c-d89a4e7b1741|rpc:10.1.1.103:32999|dataStream:10.1.1.103:34697|priority:1|startupRole:FOLLOWER, d72051fe-3aaa-4ca0-b891-e1cdc202e4f4|rpc:10.1.1.103:43765|dataStream:10.1.1.103:39517|priority:0|startupRole:FOLLOWER]|listeners:[], old=null
2023-01-16 14:42:35,921 [pool-352-thread-1] INFO  server.RaftServer$Division (RaftServerImpl.java:setRole(321)) - d72051fe-3aaa-4ca0-b891-e1cdc202e4f4@group-5E653170D9E0: changes role from      null to FOLLOWER at term 0 for startAsFollower
2023-01-16 14:42:35,921 [pool-352-thread-1] INFO  impl.RoleInfo (RoleInfo.java:updateAndGet(139)) - d72051fe-3aaa-4ca0-b891-e1cdc202e4f4: start d72051fe-3aaa-4ca0-b891-e1cdc202e4f4@group-5E653170D9E0-FollowerState
2023-01-16 14:42:35,921 [pool-352-thread-1] INFO  util.JmxRegister (JmxRegister.java:tryRegister(44)) - Successfully registered JMX Bean with object name Ratis:service=RaftServer,group=group-5E653170D9E0,id=d72051fe-3aaa-4ca0-b891-e1cdc202e4f4
2023-01-16 14:42:35,921 [pool-352-thread-1] INFO  server.RaftServerConfigKeys (ConfUtils.java:logGet(46)) - raft.server.snapshot.auto.trigger.enabled = true (custom)
2023-01-16 14:42:35,921 [pool-352-thread-1] INFO  server.RaftServerConfigKeys (ConfUtils.java:logGet(46)) - raft.server.snapshot.auto.trigger.threshold = 10000 (custom)
2023-01-16 14:42:35,921 [pool-352-thread-1] INFO  server.RaftServerConfigKeys (ConfUtils.java:logGet(46)) - raft.server.snapshot.retention.file.num = 5 (custom)
2023-01-16 14:42:35,921 [pool-352-thread-1] INFO  server.RaftServerConfigKeys (ConfUtils.java:logGet(46)) - raft.server.log.purge.upto.snapshot.index = false (default)
2023-01-16 14:42:35,922 [d72051fe-3aaa-4ca0-b891-e1cdc202e4f4@group-5E653170D9E0-FollowerState] INFO  server.RaftServerConfigKeys (ConfUtils.java:logFallback(53)) - raft.server.rpc.first-election.timeout.min = 5s (fallback to raft.server.rpc.timeout.min)
2023-01-16 14:42:35,922 [d72051fe-3aaa-4ca0-b891-e1cdc202e4f4@group-5E653170D9E0-FollowerState] INFO  server.RaftServerConfigKeys (ConfUtils.java:logFallback(53)) - raft.server.rpc.first-election.timeout.max = 5200ms (fallback to raft.server.rpc.timeout.max)
2023-01-16 14:42:35,926 [Command processor thread] INFO  ratis.XceiverServerRatis (XceiverServerRatis.java:addGroup(806)) - Created group PipelineID=ff0120f3-6f59-4109-a245-ba480bcfe081
2023-01-16 14:42:35,936 [Command processor thread] INFO  commandhandler.CreatePipelineCommandHandler (CreatePipelineCommandHandler.java:handle(113)) - Created Pipeline RATIS THREE PipelineID=174bef65-c465-45c3-8a83-5e653170d9e0.
2023-01-16 14:42:35,936 [442ec2d2-8762-4ddc-9d9e-f72be6bfd603@group-BA480BCFE081-FollowerState] INFO  server.RaftServerConfigKeys (ConfUtils.java:logFallback(53)) - raft.server.rpc.first-election.timeout.min = 5s (fallback to raft.server.rpc.timeout.min)
2023-01-16 14:42:35,936 [442ec2d2-8762-4ddc-9d9e-f72be6bfd603@group-BA480BCFE081-FollowerState] INFO  server.RaftServerConfigKeys (ConfUtils.java:logFallback(53)) - raft.server.rpc.first-election.timeout.max = 5200ms (fallback to raft.server.rpc.timeout.max)
2023-01-16 14:42:35,936 [Command processor thread] INFO  server.RaftServer (RaftServerProxy.java:addNew(96)) - 710767cc-7b4a-4f75-833c-d89a4e7b1741: addNew group-BA480BCFE081:[710767cc-7b4a-4f75-833c-d89a4e7b1741|rpc:10.1.1.103:32999|dataStream:10.1.1.103:34697|priority:0|startupRole:FOLLOWER, 442ec2d2-8762-4ddc-9d9e-f72be6bfd603|rpc:10.1.1.103:34623|dataStream:10.1.1.103:43549|priority:1|startupRole:FOLLOWER, d72051fe-3aaa-4ca0-b891-e1cdc202e4f4|rpc:10.1.1.103:43765|dataStream:10.1.1.103:39517|priority:0|startupRole:FOLLOWER] returns group-BA480BCFE081:java.util.concurrent.CompletableFuture@dc7e2a8[Not completed]
2023-01-16 14:42:35,938 [pool-306-thread-1] INFO  server.RaftServer$Division (RaftServerImpl.java:<init>(195)) - 710767cc-7b4a-4f75-833c-d89a4e7b1741: new RaftServerImpl for group-BA480BCFE081:[710767cc-7b4a-4f75-833c-d89a4e7b1741|rpc:10.1.1.103:32999|dataStream:10.1.1.103:34697|priority:0|startupRole:FOLLOWER, 442ec2d2-8762-4ddc-9d9e-f72be6bfd603|rpc:10.1.1.103:34623|dataStream:10.1.1.103:43549|priority:1|startupRole:FOLLOWER, d72051fe-3aaa-4ca0-b891-e1cdc202e4f4|rpc:10.1.1.103:43765|dataStream:10.1.1.103:39517|priority:0|startupRole:FOLLOWER] with ContainerStateMachine:uninitialized
2023-01-16 14:42:35,938 [pool-306-thread-1] INFO  server.RaftServerConfigKeys (ConfUtils.java:logGet(46)) - raft.server.rpc.timeout.min = 5s (custom)
2023-01-16 14:42:35,938 [pool-306-thread-1] INFO  server.RaftServerConfigKeys (ConfUtils.java:logGet(46)) - raft.server.rpc.timeout.max = 5200ms (custom)
2023-01-16 14:42:35,938 [pool-306-thread-1] INFO  server.RaftServerConfigKeys (ConfUtils.java:logGet(46)) - raft.server.rpc.sleep.time = 25ms (default)
2023-01-16 14:42:35,938 [pool-306-thread-1] INFO  server.RaftServerConfigKeys (ConfUtils.java:logGet(46)) - raft.server.rpc.slowness.timeout = 300s (custom)
2023-01-16 14:42:35,938 [pool-306-thread-1] INFO  server.RaftServerConfigKeys (ConfUtils.java:logGet(46)) - raft.server.leaderelection.leader.step-down.wait-time = 10s (default)
2023-01-16 14:42:35,938 [pool-306-thread-1] INFO  server.RaftServerConfigKeys (ConfUtils.java:logGet(46)) - raft.server.sleep.deviation.threshold = 300ms (default)
2023-01-16 14:42:35,938 [pool-306-thread-1] INFO  server.RaftServer$Division (ServerState.java:<init>(118)) - 710767cc-7b4a-4f75-833c-d89a4e7b1741@group-BA480BCFE081: ConfigurationManager, init=-1: peers:[710767cc-7b4a-4f75-833c-d89a4e7b1741|rpc:10.1.1.103:32999|dataStream:10.1.1.103:34697|priority:0|startupRole:FOLLOWER, 442ec2d2-8762-4ddc-9d9e-f72be6bfd603|rpc:10.1.1.103:34623|dataStream:10.1.1.103:43549|priority:1|startupRole:FOLLOWER, d72051fe-3aaa-4ca0-b891-e1cdc202e4f4|rpc:10.1.1.103:43765|dataStream:10.1.1.103:39517|priority:0|startupRole:FOLLOWER]|listeners:[], old=null, confs=<EMPTY_MAP>
2023-01-16 14:42:35,938 [pool-306-thread-1] INFO  server.RaftServerConfigKeys (ConfUtils.java:logGet(46)) - raft.server.storage.dir = [/home/runner/work/ozone/ozone/hadoop-ozone/integration-test/target/test-dir/MiniOzoneClusterImpl-c46fa063-69c7-4818-82ed-7a4432d72042/datanode-0/data/ratis] (custom)
2023-01-16 14:42:35,938 [pool-306-thread-1] INFO  server.RaftServerConfigKeys (ConfUtils.java:logGet(46)) - raft.server.log.corruption.policy = EXCEPTION (default)
2023-01-16 14:42:35,938 [pool-306-thread-1] INFO  server.RaftServerConfigKeys (ConfUtils.java:logGet(46)) - raft.server.storage.free-space.min = 0MB (=0) (default)
2023-01-16 14:42:35,938 [pool-306-thread-1] INFO  server.RaftServerConfigKeys (ConfUtils.java:logGet(46)) - raft.server.notification.no-leader.timeout = 300s (custom)
2023-01-16 14:42:35,938 [pool-306-thread-1] INFO  server.RaftServerConfigKeys (ConfUtils.java:logGet(46)) - raft.server.retrycache.expirytime = 600000ms (custom)
2023-01-16 14:42:35,938 [pool-306-thread-1] INFO  server.RaftServerConfigKeys (ConfUtils.java:logGet(46)) - raft.server.retrycache.statistics.expirytime = 100μs (default)
2023-01-16 14:42:35,939 [pool-306-thread-1] INFO  server.RaftServerConfigKeys (ConfUtils.java:logGet(46)) - raft.server.log.appender.install.snapshot.enabled = false (custom)
2023-01-16 14:42:35,939 [pool-306-thread-1] INFO  server.RaftServerConfigKeys (ConfUtils.java:logGet(46)) - raft.server.threadpool.server.cached = true (default)
2023-01-16 14:42:35,939 [pool-306-thread-1] INFO  server.RaftServerConfigKeys (ConfUtils.java:logGet(46)) - raft.server.threadpool.server.size = 0 (default)
2023-01-16 14:42:35,939 [pool-306-thread-1] INFO  server.RaftServerConfigKeys (ConfUtils.java:logGet(46)) - raft.server.threadpool.client.cached = true (default)
2023-01-16 14:42:35,939 [pool-306-thread-1] INFO  server.RaftServerConfigKeys (ConfUtils.java:logGet(46)) - raft.server.threadpool.client.size = 0 (default)
2023-01-16 14:42:35,939 [pool-306-thread-1] INFO  storage.RaftStorageDirectory (RaftStorageDirectoryImpl.java:analyzeStorage(137)) - The storage directory /home/runner/work/ozone/ozone/hadoop-ozone/integration-test/target/test-dir/MiniOzoneClusterImpl-c46fa063-69c7-4818-82ed-7a4432d72042/datanode-0/data/ratis/ff0120f3-6f59-4109-a245-ba480bcfe081 does not exist. Creating ...
2023-01-16 14:42:35,944 [pool-306-thread-1] INFO  storage.RaftStorageDirectory (RaftStorageDirectoryImpl.java:tryLock(231)) - Lock on /home/runner/work/ozone/ozone/hadoop-ozone/integration-test/target/test-dir/MiniOzoneClusterImpl-c46fa063-69c7-4818-82ed-7a4432d72042/datanode-0/data/ratis/ff0120f3-6f59-4109-a245-ba480bcfe081/in_use.lock acquired by nodename 12075@fv-az203-757
2023-01-16 14:42:35,946 [pool-306-thread-1] INFO  storage.RaftStorage (RaftStorageImpl.java:format(96)) - Storage directory /home/runner/work/ozone/ozone/hadoop-ozone/integration-test/target/test-dir/MiniOzoneClusterImpl-c46fa063-69c7-4818-82ed-7a4432d72042/datanode-0/data/ratis/ff0120f3-6f59-4109-a245-ba480bcfe081 has been successfully formatted.
2023-01-16 14:42:35,946 [pool-306-thread-1] INFO  ratis.ContainerStateMachine (ContainerStateMachine.java:loadSnapshot(240)) - group-BA480BCFE081: The snapshot info is null. Setting the last applied indexto:(t:0, i:~)
2023-01-16 14:42:35,946 [pool-306-thread-1] INFO  server.RaftServerConfigKeys (ConfUtils.java:logGet(46)) - raft.server.log.use.memory = false (default)
2023-01-16 14:42:35,947 [pool-306-thread-1] INFO  server.RaftServerConfigKeys (ConfUtils.java:logGet(46)) - raft.server.log.purge.gap = 1000000 (custom)
2023-01-16 14:42:35,947 [pool-306-thread-1] INFO  server.RaftServerConfigKeys (ConfUtils.java:logGet(46)) - raft.server.log.appender.buffer.byte-limit = 33554432 (custom)
2023-01-16 14:42:35,947 [pool-306-thread-1] INFO  server.RaftServerConfigKeys (ConfUtils.java:logGet(46)) - raft.server.log.statemachine.data.read.timeout = 1000ms (default)
2023-01-16 14:42:35,947 [pool-306-thread-1] INFO  server.RaftServerConfigKeys (ConfUtils.java:logGet(46)) - raft.server.log.purge.preservation.log.num = 0 (default)
2023-01-16 14:42:35,947 [pool-306-thread-1] INFO  server.RaftServerConfigKeys (ConfUtils.java:logGet(46)) - raft.server.log.segment.size.max = 1048576 (custom)
2023-01-16 14:42:35,947 [pool-306-thread-1] INFO  server.RaftServerConfigKeys (ConfUtils.java:logGet(46)) - raft.server.log.segment.cache.num.max = 2 (custom)
2023-01-16 14:42:35,947 [pool-306-thread-1] INFO  server.RaftServerConfigKeys (ConfUtils.java:logGet(46)) - raft.server.log.segment.cache.size.max = 200MB (=209715200) (default)
2023-01-16 14:42:35,947 [pool-306-thread-1] INFO  segmented.SegmentedRaftLogWorker (SegmentedRaftLogWorker.java:<init>(189)) - new 710767cc-7b4a-4f75-833c-d89a4e7b1741@group-BA480BCFE081-SegmentedRaftLogWorker for RaftStorageImpl:Storage Directory /home/runner/work/ozone/ozone/hadoop-ozone/integration-test/target/test-dir/MiniOzoneClusterImpl-c46fa063-69c7-4818-82ed-7a4432d72042/datanode-0/data/ratis/ff0120f3-6f59-4109-a245-ba480bcfe081
2023-01-16 14:42:35,947 [pool-306-thread-1] INFO  server.RaftServerConfigKeys (ConfUtils.java:logGet(46)) - raft.server.log.queue.byte-limit = 4294967296 (custom)
2023-01-16 14:42:35,947 [pool-306-thread-1] INFO  server.RaftServerConfigKeys (ConfUtils.java:logGet(46)) - raft.server.log.queue.element-limit = 1024 (custom)
2023-01-16 14:42:35,947 [pool-306-thread-1] INFO  server.RaftServerConfigKeys (ConfUtils.java:logGet(46)) - raft.server.log.segment.size.max = 1048576 (custom)
2023-01-16 14:42:35,947 [pool-306-thread-1] INFO  server.RaftServerConfigKeys (ConfUtils.java:logGet(46)) - raft.server.log.preallocated.size = 16384 (custom)
2023-01-16 14:42:35,947 [pool-306-thread-1] INFO  server.RaftServerConfigKeys (ConfUtils.java:logGet(46)) - raft.server.log.force.sync.num = 128 (default)
2023-01-16 14:42:35,947 [pool-306-thread-1] INFO  server.RaftServerConfigKeys (ConfUtils.java:logGet(46)) - raft.server.log.statemachine.data.sync = true (default)
2023-01-16 14:42:35,947 [pool-306-thread-1] INFO  server.RaftServerConfigKeys (ConfUtils.java:logGet(46)) - raft.server.log.statemachine.data.sync.timeout = 10s (default)
2023-01-16 14:42:35,947 [pool-306-thread-1] INFO  server.RaftServerConfigKeys (ConfUtils.java:logGet(46)) - raft.server.log.statemachine.data.sync.timeout.retry = -1 (default)
2023-01-16 14:42:35,948 [pool-306-thread-1] INFO  server.RaftServerConfigKeys (ConfUtils.java:logGet(46)) - raft.server.log.write.buffer.size = 1048576 (custom)
2023-01-16 14:42:35,948 [pool-306-thread-1] INFO  server.RaftServerConfigKeys (ConfUtils.java:logGet(46)) - raft.server.log.appender.buffer.byte-limit = 33554432 (custom)
2023-01-16 14:42:35,954 [EventQueue-OpenPipelineForHealthyPipelineSafeModeRule] INFO  safemode.SCMSafeModeManager (HealthyPipelineSafeModeRule.java:process(137)) - SCM in safe mode. Healthy pipelines reported count is 0, required healthy pipeline reported count is 1
2023-01-16 14:42:35,973 [grpc-default-executor-0] INFO  server.RaftServer (RaftServerProxy.java:addNew(96)) - d72051fe-3aaa-4ca0-b891-e1cdc202e4f4: addNew group-BA480BCFE081:[710767cc-7b4a-4f75-833c-d89a4e7b1741|rpc:10.1.1.103:32999|dataStream:10.1.1.103:34697|priority:0|startupRole:FOLLOWER, 442ec2d2-8762-4ddc-9d9e-f72be6bfd603|rpc:10.1.1.103:34623|dataStream:10.1.1.103:43549|priority:1|startupRole:FOLLOWER, d72051fe-3aaa-4ca0-b891-e1cdc202e4f4|rpc:10.1.1.103:43765|dataStream:10.1.1.103:39517|priority:0|startupRole:FOLLOWER] returns group-BA480BCFE081:java.util.concurrent.CompletableFuture@5db57091[Not completed]
2023-01-16 14:42:35,974 [pool-352-thread-1] INFO  server.RaftServer$Division (RaftServerImpl.java:<init>(195)) - d72051fe-3aaa-4ca0-b891-e1cdc202e4f4: new RaftServerImpl for group-BA480BCFE081:[710767cc-7b4a-4f75-833c-d89a4e7b1741|rpc:10.1.1.103:32999|dataStream:10.1.1.103:34697|priority:0|startupRole:FOLLOWER, 442ec2d2-8762-4ddc-9d9e-f72be6bfd603|rpc:10.1.1.103:34623|dataStream:10.1.1.103:43549|priority:1|startupRole:FOLLOWER, d72051fe-3aaa-4ca0-b891-e1cdc202e4f4|rpc:10.1.1.103:43765|dataStream:10.1.1.103:39517|priority:0|startupRole:FOLLOWER] with ContainerStateMachine:uninitialized
2023-01-16 14:42:35,974 [pool-352-thread-1] INFO  server.RaftServerConfigKeys (ConfUtils.java:logGet(46)) - raft.server.rpc.timeout.min = 5s (custom)
2023-01-16 14:42:35,974 [pool-352-thread-1] INFO  server.RaftServerConfigKeys (ConfUtils.java:logGet(46)) - raft.server.rpc.timeout.max = 5200ms (custom)
2023-01-16 14:42:35,974 [pool-352-thread-1] INFO  server.RaftServerConfigKeys (ConfUtils.java:logGet(46)) - raft.server.rpc.sleep.time = 25ms (default)
2023-01-16 14:42:35,974 [pool-352-thread-1] INFO  server.RaftServerConfigKeys (ConfUtils.java:logGet(46)) - raft.server.rpc.slowness.timeout = 300s (custom)
2023-01-16 14:42:35,974 [pool-352-thread-1] INFO  server.RaftServerConfigKeys (ConfUtils.java:logGet(46)) - raft.server.leaderelection.leader.step-down.wait-time = 10s (default)
2023-01-16 14:42:35,974 [pool-352-thread-1] INFO  server.RaftServerConfigKeys (ConfUtils.java:logGet(46)) - raft.server.sleep.deviation.threshold = 300ms (default)
2023-01-16 14:42:35,974 [pool-352-thread-1] INFO  server.RaftServer$Division (ServerState.java:<init>(118)) - d72051fe-3aaa-4ca0-b891-e1cdc202e4f4@group-BA480BCFE081: ConfigurationManager, init=-1: peers:[710767cc-7b4a-4f75-833c-d89a4e7b1741|rpc:10.1.1.103:32999|dataStream:10.1.1.103:34697|priority:0|startupRole:FOLLOWER, 442ec2d2-8762-4ddc-9d9e-f72be6bfd603|rpc:10.1.1.103:34623|dataStream:10.1.1.103:43549|priority:1|startupRole:FOLLOWER, d72051fe-3aaa-4ca0-b891-e1cdc202e4f4|rpc:10.1.1.103:43765|dataStream:10.1.1.103:39517|priority:0|startupRole:FOLLOWER]|listeners:[], old=null, confs=<EMPTY_MAP>
2023-01-16 14:42:35,975 [pool-352-thread-1] INFO  server.RaftServerConfigKeys (ConfUtils.java:logGet(46)) - raft.server.storage.dir = [/home/runner/work/ozone/ozone/hadoop-ozone/integration-test/target/test-dir/MiniOzoneClusterImpl-c46fa063-69c7-4818-82ed-7a4432d72042/datanode-2/data/ratis] (custom)
2023-01-16 14:42:35,975 [pool-352-thread-1] INFO  server.RaftServerConfigKeys (ConfUtils.java:logGet(46)) - raft.server.log.corruption.policy = EXCEPTION (default)
2023-01-16 14:42:35,975 [pool-352-thread-1] INFO  server.RaftServerConfigKeys (ConfUtils.java:logGet(46)) - raft.server.storage.free-space.min = 0MB (=0) (default)
2023-01-16 14:42:35,975 [pool-352-thread-1] INFO  server.RaftServerConfigKeys (ConfUtils.java:logGet(46)) - raft.server.notification.no-leader.timeout = 300s (custom)
2023-01-16 14:42:35,975 [pool-352-thread-1] INFO  server.RaftServerConfigKeys (ConfUtils.java:logGet(46)) - raft.server.retrycache.expirytime = 600000ms (custom)
2023-01-16 14:42:35,975 [pool-352-thread-1] INFO  server.RaftServerConfigKeys (ConfUtils.java:logGet(46)) - raft.server.retrycache.statistics.expirytime = 100μs (default)
2023-01-16 14:42:35,975 [pool-352-thread-1] INFO  server.RaftServerConfigKeys (ConfUtils.java:logGet(46)) - raft.server.log.appender.install.snapshot.enabled = false (custom)
2023-01-16 14:42:35,976 [pool-352-thread-1] INFO  server.RaftServerConfigKeys (ConfUtils.java:logGet(46)) - raft.server.threadpool.server.cached = true (default)
2023-01-16 14:42:35,976 [pool-352-thread-1] INFO  server.RaftServerConfigKeys (ConfUtils.java:logGet(46)) - raft.server.threadpool.server.size = 0 (default)
2023-01-16 14:42:35,976 [pool-352-thread-1] INFO  server.RaftServerConfigKeys (ConfUtils.java:logGet(46)) - raft.server.threadpool.client.cached = true (default)
2023-01-16 14:42:35,976 [pool-352-thread-1] INFO  server.RaftServerConfigKeys (ConfUtils.java:logGet(46)) - raft.server.threadpool.client.size = 0 (default)
2023-01-16 14:42:35,976 [pool-352-thread-1] INFO  storage.RaftStorageDirectory (RaftStorageDirectoryImpl.java:analyzeStorage(137)) - The storage directory /home/runner/work/ozone/ozone/hadoop-ozone/integration-test/target/test-dir/MiniOzoneClusterImpl-c46fa063-69c7-4818-82ed-7a4432d72042/datanode-2/data/ratis/ff0120f3-6f59-4109-a245-ba480bcfe081 does not exist. Creating ...
2023-01-16 14:42:35,978 [pool-306-thread-1] INFO  server.RaftServerConfigKeys (ConfUtils.java:logGet(46)) - raft.server.log.unsafe-flush.enabled = false (default)
2023-01-16 14:42:35,978 [pool-306-thread-1] INFO  server.RaftServerConfigKeys (ConfUtils.java:logGet(46)) - raft.server.log.async-flush.enabled = false (default)
2023-01-16 14:42:35,978 [pool-306-thread-1] INFO  server.RaftServerConfigKeys (ConfUtils.java:logGet(46)) - raft.server.log.statemachine.data.caching.enabled = true (custom)
2023-01-16 14:42:35,978 [pool-306-thread-1] INFO  segmented.SegmentedRaftLogWorker (SegmentedRaftLogWorker.java:lambda$new$0(135)) - 710767cc-7b4a-4f75-833c-d89a4e7b1741@group-BA480BCFE081-SegmentedRaftLogWorker: flushIndex: setUnconditionally 0 -> -1
2023-01-16 14:42:35,978 [pool-352-thread-1] INFO  storage.RaftStorageDirectory (RaftStorageDirectoryImpl.java:tryLock(231)) - Lock on /home/runner/work/ozone/ozone/hadoop-ozone/integration-test/target/test-dir/MiniOzoneClusterImpl-c46fa063-69c7-4818-82ed-7a4432d72042/datanode-2/data/ratis/ff0120f3-6f59-4109-a245-ba480bcfe081/in_use.lock acquired by nodename 12075@fv-az203-757
2023-01-16 14:42:35,979 [pool-306-thread-1] INFO  segmented.SegmentedRaftLogWorker (SegmentedRaftLogWorker.java:lambda$new$0(135)) - 710767cc-7b4a-4f75-833c-d89a4e7b1741@group-BA480BCFE081-SegmentedRaftLogWorker: safeCacheEvictIndex: setUnconditionally 0 -> -1
2023-01-16 14:42:35,979 [pool-306-thread-1] INFO  server.RaftServer$Division (RaftServerImpl.java:start(334)) - 710767cc-7b4a-4f75-833c-d89a4e7b1741@group-BA480BCFE081: start as a follower, conf=-1: peers:[710767cc-7b4a-4f75-833c-d89a4e7b1741|rpc:10.1.1.103:32999|dataStream:10.1.1.103:34697|priority:0|startupRole:FOLLOWER, 442ec2d2-8762-4ddc-9d9e-f72be6bfd603|rpc:10.1.1.103:34623|dataStream:10.1.1.103:43549|priority:1|startupRole:FOLLOWER, d72051fe-3aaa-4ca0-b891-e1cdc202e4f4|rpc:10.1.1.103:43765|dataStream:10.1.1.103:39517|priority:0|startupRole:FOLLOWER]|listeners:[], old=null
2023-01-16 14:42:35,979 [pool-306-thread-1] INFO  server.RaftServer$Division (RaftServerImpl.java:setRole(321)) - 710767cc-7b4a-4f75-833c-d89a4e7b1741@group-BA480BCFE081: changes role from      null to FOLLOWER at term 0 for startAsFollower
2023-01-16 14:42:35,979 [pool-306-thread-1] INFO  impl.RoleInfo (RoleInfo.java:updateAndGet(139)) - 710767cc-7b4a-4f75-833c-d89a4e7b1741: start 710767cc-7b4a-4f75-833c-d89a4e7b1741@group-BA480BCFE081-FollowerState
2023-01-16 14:42:35,979 [pool-306-thread-1] INFO  util.JmxRegister (JmxRegister.java:tryRegister(44)) - Successfully registered JMX Bean with object name Ratis:service=RaftServer,group=group-BA480BCFE081,id=710767cc-7b4a-4f75-833c-d89a4e7b1741
2023-01-16 14:42:35,980 [pool-306-thread-1] INFO  server.RaftServerConfigKeys (ConfUtils.java:logGet(46)) - raft.server.snapshot.auto.trigger.enabled = true (custom)
2023-01-16 14:42:35,980 [pool-306-thread-1] INFO  server.RaftServerConfigKeys (ConfUtils.java:logGet(46)) - raft.server.snapshot.auto.trigger.threshold = 10000 (custom)
2023-01-16 14:42:35,980 [pool-306-thread-1] INFO  server.RaftServerConfigKeys (ConfUtils.java:logGet(46)) - raft.server.snapshot.retention.file.num = 5 (custom)
2023-01-16 14:42:35,980 [pool-306-thread-1] INFO  server.RaftServerConfigKeys (ConfUtils.java:logGet(46)) - raft.server.log.purge.upto.snapshot.index = false (default)
2023-01-16 14:42:35,980 [pool-352-thread-1] INFO  storage.RaftStorage (RaftStorageImpl.java:format(96)) - Storage directory /home/runner/work/ozone/ozone/hadoop-ozone/integration-test/target/test-dir/MiniOzoneClusterImpl-c46fa063-69c7-4818-82ed-7a4432d72042/datanode-2/data/ratis/ff0120f3-6f59-4109-a245-ba480bcfe081 has been successfully formatted.
2023-01-16 14:42:35,981 [710767cc-7b4a-4f75-833c-d89a4e7b1741@group-BA480BCFE081-FollowerState] INFO  server.RaftServerConfigKeys (ConfUtils.java:logFallback(53)) - raft.server.rpc.first-election.timeout.min = 5s (fallback to raft.server.rpc.timeout.min)
2023-01-16 14:42:35,981 [710767cc-7b4a-4f75-833c-d89a4e7b1741@group-BA480BCFE081-FollowerState] INFO  server.RaftServerConfigKeys (ConfUtils.java:logFallback(53)) - raft.server.rpc.first-election.timeout.max = 5200ms (fallback to raft.server.rpc.timeout.max)
2023-01-16 14:42:35,981 [pool-352-thread-1] INFO  ratis.ContainerStateMachine (ContainerStateMachine.java:loadSnapshot(240)) - group-BA480BCFE081: The snapshot info is null. Setting the last applied indexto:(t:0, i:~)
2023-01-16 14:42:35,981 [pool-352-thread-1] INFO  server.RaftServerConfigKeys (ConfUtils.java:logGet(46)) - raft.server.log.use.memory = false (default)
2023-01-16 14:42:35,981 [pool-352-thread-1] INFO  server.RaftServerConfigKeys (ConfUtils.java:logGet(46)) - raft.server.log.purge.gap = 1000000 (custom)
2023-01-16 14:42:35,981 [pool-352-thread-1] INFO  server.RaftServerConfigKeys (ConfUtils.java:logGet(46)) - raft.server.log.appender.buffer.byte-limit = 33554432 (custom)
2023-01-16 14:42:35,981 [pool-352-thread-1] INFO  server.RaftServerConfigKeys (ConfUtils.java:logGet(46)) - raft.server.log.statemachine.data.read.timeout = 1000ms (default)
2023-01-16 14:42:35,981 [pool-352-thread-1] INFO  server.RaftServerConfigKeys (ConfUtils.java:logGet(46)) - raft.server.log.purge.preservation.log.num = 0 (default)
2023-01-16 14:42:35,981 [pool-352-thread-1] INFO  server.RaftServerConfigKeys (ConfUtils.java:logGet(46)) - raft.server.log.segment.size.max = 1048576 (custom)
2023-01-16 14:42:35,981 [pool-352-thread-1] INFO  server.RaftServerConfigKeys (ConfUtils.java:logGet(46)) - raft.server.log.segment.cache.num.max = 2 (custom)
2023-01-16 14:42:35,981 [pool-352-thread-1] INFO  server.RaftServerConfigKeys (ConfUtils.java:logGet(46)) - raft.server.log.segment.cache.size.max = 200MB (=209715200) (default)
2023-01-16 14:42:35,981 [pool-352-thread-1] INFO  segmented.SegmentedRaftLogWorker (SegmentedRaftLogWorker.java:<init>(189)) - new d72051fe-3aaa-4ca0-b891-e1cdc202e4f4@group-BA480BCFE081-SegmentedRaftLogWorker for RaftStorageImpl:Storage Directory /home/runner/work/ozone/ozone/hadoop-ozone/integration-test/target/test-dir/MiniOzoneClusterImpl-c46fa063-69c7-4818-82ed-7a4432d72042/datanode-2/data/ratis/ff0120f3-6f59-4109-a245-ba480bcfe081
2023-01-16 14:42:35,982 [pool-352-thread-1] INFO  server.RaftServerConfigKeys (ConfUtils.java:logGet(46)) - raft.server.log.queue.byte-limit = 4294967296 (custom)
2023-01-16 14:42:35,982 [pool-352-thread-1] INFO  server.RaftServerConfigKeys (ConfUtils.java:logGet(46)) - raft.server.log.queue.element-limit = 1024 (custom)
2023-01-16 14:42:35,982 [pool-352-thread-1] INFO  server.RaftServerConfigKeys (ConfUtils.java:logGet(46)) - raft.server.log.segment.size.max = 1048576 (custom)
2023-01-16 14:42:35,982 [pool-352-thread-1] INFO  server.RaftServerConfigKeys (ConfUtils.java:logGet(46)) - raft.server.log.preallocated.size = 16384 (custom)
2023-01-16 14:42:35,982 [pool-352-thread-1] INFO  server.RaftServerConfigKeys (ConfUtils.java:logGet(46)) - raft.server.log.force.sync.num = 128 (default)
2023-01-16 14:42:35,982 [pool-352-thread-1] INFO  server.RaftServerConfigKeys (ConfUtils.java:logGet(46)) - raft.server.log.statemachine.data.sync = true (default)
2023-01-16 14:42:35,982 [pool-352-thread-1] INFO  server.RaftServerConfigKeys (ConfUtils.java:logGet(46)) - raft.server.log.statemachine.data.sync.timeout = 10s (default)
2023-01-16 14:42:35,982 [pool-352-thread-1] INFO  server.RaftServerConfigKeys (ConfUtils.java:logGet(46)) - raft.server.log.statemachine.data.sync.timeout.retry = -1 (default)
2023-01-16 14:42:35,982 [pool-352-thread-1] INFO  server.RaftServerConfigKeys (ConfUtils.java:logGet(46)) - raft.server.log.write.buffer.size = 1048576 (custom)
2023-01-16 14:42:35,983 [pool-352-thread-1] INFO  server.RaftServerConfigKeys (ConfUtils.java:logGet(46)) - raft.server.log.appender.buffer.byte-limit = 33554432 (custom)
2023-01-16 14:42:35,984 [Command processor thread] INFO  ratis.XceiverServerRatis (XceiverServerRatis.java:addGroup(806)) - Created group PipelineID=ff0120f3-6f59-4109-a245-ba480bcfe081
2023-01-16 14:42:35,992 [pool-352-thread-1] INFO  server.RaftServerConfigKeys (ConfUtils.java:logGet(46)) - raft.server.log.unsafe-flush.enabled = false (default)
2023-01-16 14:42:35,992 [pool-352-thread-1] INFO  server.RaftServerConfigKeys (ConfUtils.java:logGet(46)) - raft.server.log.async-flush.enabled = false (default)
2023-01-16 14:42:35,992 [pool-352-thread-1] INFO  server.RaftServerConfigKeys (ConfUtils.java:logGet(46)) - raft.server.log.statemachine.data.caching.enabled = true (custom)
2023-01-16 14:42:35,992 [pool-352-thread-1] INFO  segmented.SegmentedRaftLogWorker (SegmentedRaftLogWorker.java:lambda$new$0(135)) - d72051fe-3aaa-4ca0-b891-e1cdc202e4f4@group-BA480BCFE081-SegmentedRaftLogWorker: flushIndex: setUnconditionally 0 -> -1
2023-01-16 14:42:35,993 [pool-352-thread-1] INFO  segmented.SegmentedRaftLogWorker (SegmentedRaftLogWorker.java:lambda$new$0(135)) - d72051fe-3aaa-4ca0-b891-e1cdc202e4f4@group-BA480BCFE081-SegmentedRaftLogWorker: safeCacheEvictIndex: setUnconditionally 0 -> -1
2023-01-16 14:42:35,993 [pool-352-thread-1] INFO  server.RaftServer$Division (RaftServerImpl.java:start(334)) - d72051fe-3aaa-4ca0-b891-e1cdc202e4f4@group-BA480BCFE081: start as a follower, conf=-1: peers:[710767cc-7b4a-4f75-833c-d89a4e7b1741|rpc:10.1.1.103:32999|dataStream:10.1.1.103:34697|priority:0|startupRole:FOLLOWER, 442ec2d2-8762-4ddc-9d9e-f72be6bfd603|rpc:10.1.1.103:34623|dataStream:10.1.1.103:43549|priority:1|startupRole:FOLLOWER, d72051fe-3aaa-4ca0-b891-e1cdc202e4f4|rpc:10.1.1.103:43765|dataStream:10.1.1.103:39517|priority:0|startupRole:FOLLOWER]|listeners:[], old=null
2023-01-16 14:42:35,993 [pool-352-thread-1] INFO  server.RaftServer$Division (RaftServerImpl.java:setRole(321)) - d72051fe-3aaa-4ca0-b891-e1cdc202e4f4@group-BA480BCFE081: changes role from      null to FOLLOWER at term 0 for startAsFollower
2023-01-16 14:42:35,993 [pool-352-thread-1] INFO  impl.RoleInfo (RoleInfo.java:updateAndGet(139)) - d72051fe-3aaa-4ca0-b891-e1cdc202e4f4: start d72051fe-3aaa-4ca0-b891-e1cdc202e4f4@group-BA480BCFE081-FollowerState
2023-01-16 14:42:35,995 [pool-352-thread-1] INFO  util.JmxRegister (JmxRegister.java:tryRegister(44)) - Successfully registered JMX Bean with object name Ratis:service=RaftServer,group=group-BA480BCFE081,id=d72051fe-3aaa-4ca0-b891-e1cdc202e4f4
2023-01-16 14:42:35,995 [pool-352-thread-1] INFO  server.RaftServerConfigKeys (ConfUtils.java:logGet(46)) - raft.server.snapshot.auto.trigger.enabled = true (custom)
2023-01-16 14:42:35,995 [pool-352-thread-1] INFO  server.RaftServerConfigKeys (ConfUtils.java:logGet(46)) - raft.server.snapshot.auto.trigger.threshold = 10000 (custom)
2023-01-16 14:42:35,995 [pool-352-thread-1] INFO  server.RaftServerConfigKeys (ConfUtils.java:logGet(46)) - raft.server.snapshot.retention.file.num = 5 (custom)
2023-01-16 14:42:35,995 [pool-352-thread-1] INFO  server.RaftServerConfigKeys (ConfUtils.java:logGet(46)) - raft.server.log.purge.upto.snapshot.index = false (default)
2023-01-16 14:42:35,995 [d72051fe-3aaa-4ca0-b891-e1cdc202e4f4@group-BA480BCFE081-FollowerState] INFO  server.RaftServerConfigKeys (ConfUtils.java:logFallback(53)) - raft.server.rpc.first-election.timeout.min = 5s (fallback to raft.server.rpc.timeout.min)
2023-01-16 14:42:35,995 [d72051fe-3aaa-4ca0-b891-e1cdc202e4f4@group-BA480BCFE081-FollowerState] INFO  server.RaftServerConfigKeys (ConfUtils.java:logFallback(53)) - raft.server.rpc.first-election.timeout.max = 5200ms (fallback to raft.server.rpc.timeout.max)
2023-01-16 14:42:36,017 [Command processor thread] INFO  commandhandler.CreatePipelineCommandHandler (CreatePipelineCommandHandler.java:handle(113)) - Created Pipeline RATIS THREE PipelineID=ff0120f3-6f59-4109-a245-ba480bcfe081.
2023-01-16 14:42:36,032 [Command processor thread] INFO  commandhandler.CreatePipelineCommandHandler (CreatePipelineCommandHandler.java:handle(113)) - Created Pipeline RATIS THREE PipelineID=ff0120f3-6f59-4109-a245-ba480bcfe081.
2023-01-16 14:42:36,041 [Command processor thread] INFO  server.RaftServer (RaftServerProxy.java:addNew(96)) - d72051fe-3aaa-4ca0-b891-e1cdc202e4f4: addNew group-2FBCAA66A064:[d72051fe-3aaa-4ca0-b891-e1cdc202e4f4|rpc:10.1.1.103:43765|dataStream:10.1.1.103:39517|priority:1|startupRole:FOLLOWER] returns group-2FBCAA66A064:java.util.concurrent.CompletableFuture@54abc0b[Not completed]
2023-01-16 14:42:36,042 [pool-352-thread-1] INFO  server.RaftServer$Division (RaftServerImpl.java:<init>(195)) - d72051fe-3aaa-4ca0-b891-e1cdc202e4f4: new RaftServerImpl for group-2FBCAA66A064:[d72051fe-3aaa-4ca0-b891-e1cdc202e4f4|rpc:10.1.1.103:43765|dataStream:10.1.1.103:39517|priority:1|startupRole:FOLLOWER] with ContainerStateMachine:uninitialized
2023-01-16 14:42:36,042 [pool-352-thread-1] INFO  server.RaftServerConfigKeys (ConfUtils.java:logGet(46)) - raft.server.rpc.timeout.min = 5s (custom)
2023-01-16 14:42:36,042 [pool-352-thread-1] INFO  server.RaftServerConfigKeys (ConfUtils.java:logGet(46)) - raft.server.rpc.timeout.max = 5200ms (custom)
2023-01-16 14:42:36,042 [pool-352-thread-1] INFO  server.RaftServerConfigKeys (ConfUtils.java:logGet(46)) - raft.server.rpc.sleep.time = 25ms (default)
2023-01-16 14:42:36,042 [pool-352-thread-1] INFO  server.RaftServerConfigKeys (ConfUtils.java:logGet(46)) - raft.server.rpc.slowness.timeout = 300s (custom)
2023-01-16 14:42:36,042 [pool-352-thread-1] INFO  server.RaftServerConfigKeys (ConfUtils.java:logGet(46)) - raft.server.leaderelection.leader.step-down.wait-time = 10s (default)
2023-01-16 14:42:36,042 [pool-352-thread-1] INFO  server.RaftServerConfigKeys (ConfUtils.java:logGet(46)) - raft.server.sleep.deviation.threshold = 300ms (default)
2023-01-16 14:42:36,042 [pool-352-thread-1] INFO  server.RaftServer$Division (ServerState.java:<init>(118)) - d72051fe-3aaa-4ca0-b891-e1cdc202e4f4@group-2FBCAA66A064: ConfigurationManager, init=-1: peers:[d72051fe-3aaa-4ca0-b891-e1cdc202e4f4|rpc:10.1.1.103:43765|dataStream:10.1.1.103:39517|priority:1|startupRole:FOLLOWER]|listeners:[], old=null, confs=<EMPTY_MAP>
2023-01-16 14:42:36,042 [pool-352-thread-1] INFO  server.RaftServerConfigKeys (ConfUtils.java:logGet(46)) - raft.server.storage.dir = [/home/runner/work/ozone/ozone/hadoop-ozone/integration-test/target/test-dir/MiniOzoneClusterImpl-c46fa063-69c7-4818-82ed-7a4432d72042/datanode-2/data/ratis] (custom)
2023-01-16 14:42:36,042 [pool-352-thread-1] INFO  server.RaftServerConfigKeys (ConfUtils.java:logGet(46)) - raft.server.log.corruption.policy = EXCEPTION (default)
2023-01-16 14:42:36,043 [pool-352-thread-1] INFO  server.RaftServerConfigKeys (ConfUtils.java:logGet(46)) - raft.server.storage.free-space.min = 0MB (=0) (default)
2023-01-16 14:42:36,043 [pool-352-thread-1] INFO  server.RaftServerConfigKeys (ConfUtils.java:logGet(46)) - raft.server.notification.no-leader.timeout = 300s (custom)
2023-01-16 14:42:36,043 [pool-352-thread-1] INFO  server.RaftServerConfigKeys (ConfUtils.java:logGet(46)) - raft.server.retrycache.expirytime = 600000ms (custom)
2023-01-16 14:42:36,043 [pool-352-thread-1] INFO  server.RaftServerConfigKeys (ConfUtils.java:logGet(46)) - raft.server.retrycache.statistics.expirytime = 100μs (default)
2023-01-16 14:42:36,043 [pool-352-thread-1] INFO  server.RaftServerConfigKeys (ConfUtils.java:logGet(46)) - raft.server.log.appender.install.snapshot.enabled = false (custom)
2023-01-16 14:42:36,043 [pool-352-thread-1] INFO  server.RaftServerConfigKeys (ConfUtils.java:logGet(46)) - raft.server.threadpool.server.cached = true (default)
2023-01-16 14:42:36,044 [pool-352-thread-1] INFO  server.RaftServerConfigKeys (ConfUtils.java:logGet(46)) - raft.server.threadpool.server.size = 0 (default)
2023-01-16 14:42:36,044 [pool-352-thread-1] INFO  server.RaftServerConfigKeys (ConfUtils.java:logGet(46)) - raft.server.threadpool.client.cached = true (default)
2023-01-16 14:42:36,044 [pool-352-thread-1] INFO  server.RaftServerConfigKeys (ConfUtils.java:logGet(46)) - raft.server.threadpool.client.size = 0 (default)
2023-01-16 14:42:36,044 [pool-352-thread-1] INFO  storage.RaftStorageDirectory (RaftStorageDirectoryImpl.java:analyzeStorage(137)) - The storage directory /home/runner/work/ozone/ozone/hadoop-ozone/integration-test/target/test-dir/MiniOzoneClusterImpl-c46fa063-69c7-4818-82ed-7a4432d72042/datanode-2/data/ratis/950bf751-b6ea-4122-9241-2fbcaa66a064 does not exist. Creating ...
2023-01-16 14:42:36,044 [Listener at 127.0.0.1/46467] INFO  ozone.MiniOzoneClusterImpl (MiniOzoneClusterImpl.java:lambda$waitForClusterToBeReady$0(218)) - Nodes are ready. Got 3 of 3 DN Heartbeats.
2023-01-16 14:42:36,045 [Listener at 127.0.0.1/46467] INFO  ozone.MiniOzoneClusterImpl (MiniOzoneClusterImpl.java:lambda$waitForClusterToBeReady$0(221)) - Waiting for cluster to exit safe mode
2023-01-16 14:42:36,045 [Listener at 127.0.0.1/46467] INFO  ozone.MiniOzoneClusterImpl (MiniOzoneClusterImpl.java:lambda$waitForClusterToBeReady$0(223)) - SCM became leader
2023-01-16 14:42:36,045 [pool-352-thread-1] INFO  storage.RaftStorageDirectory (RaftStorageDirectoryImpl.java:tryLock(231)) - Lock on /home/runner/work/ozone/ozone/hadoop-ozone/integration-test/target/test-dir/MiniOzoneClusterImpl-c46fa063-69c7-4818-82ed-7a4432d72042/datanode-2/data/ratis/950bf751-b6ea-4122-9241-2fbcaa66a064/in_use.lock acquired by nodename 12075@fv-az203-757
2023-01-16 14:42:36,046 [pool-352-thread-1] INFO  storage.RaftStorage (RaftStorageImpl.java:format(96)) - Storage directory /home/runner/work/ozone/ozone/hadoop-ozone/integration-test/target/test-dir/MiniOzoneClusterImpl-c46fa063-69c7-4818-82ed-7a4432d72042/datanode-2/data/ratis/950bf751-b6ea-4122-9241-2fbcaa66a064 has been successfully formatted.
2023-01-16 14:42:36,048 [EventQueue-PipelineReportForPipelineReportHandler] INFO  pipeline.PipelineManagerImpl (PipelineManagerImpl.java:openPipeline(367)) - Pipeline Pipeline[ Id: 950bf751-b6ea-4122-9241-2fbcaa66a064, Nodes: d72051fe-3aaa-4ca0-b891-e1cdc202e4f4(fv-az203-757.ild0l4k5vsluppoevu2oqvhmda.cx.internal.cloudapp.net/10.1.1.103), ReplicationConfig: RATIS/ONE, State:ALLOCATED, leaderId:d72051fe-3aaa-4ca0-b891-e1cdc202e4f4, CreationTimestamp2023-01-16T14:42:33.045Z[Etc/UTC]] moved to OPEN state
2023-01-16 14:42:36,049 [EventQueue-OpenPipelineForHealthyPipelineSafeModeRule] INFO  safemode.SCMSafeModeManager (HealthyPipelineSafeModeRule.java:process(137)) - SCM in safe mode. Healthy pipelines reported count is 0, required healthy pipeline reported count is 1
2023-01-16 14:42:36,049 [pool-352-thread-1] INFO  ratis.ContainerStateMachine (ContainerStateMachine.java:loadSnapshot(240)) - group-2FBCAA66A064: The snapshot info is null. Setting the last applied indexto:(t:0, i:~)
2023-01-16 14:42:36,049 [pool-352-thread-1] INFO  server.RaftServerConfigKeys (ConfUtils.java:logGet(46)) - raft.server.log.use.memory = false (default)
2023-01-16 14:42:36,049 [pool-352-thread-1] INFO  server.RaftServerConfigKeys (ConfUtils.java:logGet(46)) - raft.server.log.purge.gap = 1000000 (custom)
2023-01-16 14:42:36,049 [pool-352-thread-1] INFO  server.RaftServerConfigKeys (ConfUtils.java:logGet(46)) - raft.server.log.appender.buffer.byte-limit = 33554432 (custom)
2023-01-16 14:42:36,049 [pool-352-thread-1] INFO  server.RaftServerConfigKeys (ConfUtils.java:logGet(46)) - raft.server.log.statemachine.data.read.timeout = 1000ms (default)
2023-01-16 14:42:36,049 [pool-352-thread-1] INFO  server.RaftServerConfigKeys (ConfUtils.java:logGet(46)) - raft.server.log.purge.preservation.log.num = 0 (default)
2023-01-16 14:42:36,049 [pool-352-thread-1] INFO  server.RaftServerConfigKeys (ConfUtils.java:logGet(46)) - raft.server.log.segment.size.max = 1048576 (custom)
2023-01-16 14:42:36,050 [pool-352-thread-1] INFO  server.RaftServerConfigKeys (ConfUtils.java:logGet(46)) - raft.server.log.segment.cache.num.max = 2 (custom)
2023-01-16 14:42:36,050 [pool-352-thread-1] INFO  server.RaftServerConfigKeys (ConfUtils.java:logGet(46)) - raft.server.log.segment.cache.size.max = 200MB (=209715200) (default)
2023-01-16 14:42:36,050 [pool-352-thread-1] INFO  segmented.SegmentedRaftLogWorker (SegmentedRaftLogWorker.java:<init>(189)) - new d72051fe-3aaa-4ca0-b891-e1cdc202e4f4@group-2FBCAA66A064-SegmentedRaftLogWorker for RaftStorageImpl:Storage Directory /home/runner/work/ozone/ozone/hadoop-ozone/integration-test/target/test-dir/MiniOzoneClusterImpl-c46fa063-69c7-4818-82ed-7a4432d72042/datanode-2/data/ratis/950bf751-b6ea-4122-9241-2fbcaa66a064
2023-01-16 14:42:36,050 [pool-352-thread-1] INFO  server.RaftServerConfigKeys (ConfUtils.java:logGet(46)) - raft.server.log.queue.byte-limit = 4294967296 (custom)
2023-01-16 14:42:36,050 [pool-352-thread-1] INFO  server.RaftServerConfigKeys (ConfUtils.java:logGet(46)) - raft.server.log.queue.element-limit = 1024 (custom)
2023-01-16 14:42:36,050 [pool-352-thread-1] INFO  server.RaftServerConfigKeys (ConfUtils.java:logGet(46)) - raft.server.log.segment.size.max = 1048576 (custom)
2023-01-16 14:42:36,050 [pool-352-thread-1] INFO  server.RaftServerConfigKeys (ConfUtils.java:logGet(46)) - raft.server.log.preallocated.size = 16384 (custom)
2023-01-16 14:42:36,050 [pool-352-thread-1] INFO  server.RaftServerConfigKeys (ConfUtils.java:logGet(46)) - raft.server.log.force.sync.num = 128 (default)
2023-01-16 14:42:36,050 [pool-352-thread-1] INFO  server.RaftServerConfigKeys (ConfUtils.java:logGet(46)) - raft.server.log.statemachine.data.sync = true (default)
2023-01-16 14:42:36,050 [pool-352-thread-1] INFO  server.RaftServerConfigKeys (ConfUtils.java:logGet(46)) - raft.server.log.statemachine.data.sync.timeout = 10s (default)
2023-01-16 14:42:36,050 [pool-352-thread-1] INFO  server.RaftServerConfigKeys (ConfUtils.java:logGet(46)) - raft.server.log.statemachine.data.sync.timeout.retry = -1 (default)
2023-01-16 14:42:36,050 [pool-352-thread-1] INFO  server.RaftServerConfigKeys (ConfUtils.java:logGet(46)) - raft.server.log.write.buffer.size = 1048576 (custom)
2023-01-16 14:42:36,052 [pool-352-thread-1] INFO  server.RaftServerConfigKeys (ConfUtils.java:logGet(46)) - raft.server.log.appender.buffer.byte-limit = 33554432 (custom)
2023-01-16 14:42:36,058 [pool-352-thread-1] INFO  server.RaftServerConfigKeys (ConfUtils.java:logGet(46)) - raft.server.log.unsafe-flush.enabled = false (default)
2023-01-16 14:42:36,058 [pool-352-thread-1] INFO  server.RaftServerConfigKeys (ConfUtils.java:logGet(46)) - raft.server.log.async-flush.enabled = false (default)
2023-01-16 14:42:36,058 [pool-352-thread-1] INFO  server.RaftServerConfigKeys (ConfUtils.java:logGet(46)) - raft.server.log.statemachine.data.caching.enabled = true (custom)
2023-01-16 14:42:36,058 [pool-352-thread-1] INFO  segmented.SegmentedRaftLogWorker (SegmentedRaftLogWorker.java:lambda$new$0(135)) - d72051fe-3aaa-4ca0-b891-e1cdc202e4f4@group-2FBCAA66A064-SegmentedRaftLogWorker: flushIndex: setUnconditionally 0 -> -1
2023-01-16 14:42:36,058 [pool-352-thread-1] INFO  segmented.SegmentedRaftLogWorker (SegmentedRaftLogWorker.java:lambda$new$0(135)) - d72051fe-3aaa-4ca0-b891-e1cdc202e4f4@group-2FBCAA66A064-SegmentedRaftLogWorker: safeCacheEvictIndex: setUnconditionally 0 -> -1
2023-01-16 14:42:36,058 [pool-352-thread-1] INFO  server.RaftServer$Division (RaftServerImpl.java:start(334)) - d72051fe-3aaa-4ca0-b891-e1cdc202e4f4@group-2FBCAA66A064: start as a follower, conf=-1: peers:[d72051fe-3aaa-4ca0-b891-e1cdc202e4f4|rpc:10.1.1.103:43765|dataStream:10.1.1.103:39517|priority:1|startupRole:FOLLOWER]|listeners:[], old=null
2023-01-16 14:42:36,058 [pool-352-thread-1] INFO  server.RaftServer$Division (RaftServerImpl.java:setRole(321)) - d72051fe-3aaa-4ca0-b891-e1cdc202e4f4@group-2FBCAA66A064: changes role from      null to FOLLOWER at term 0 for startAsFollower
2023-01-16 14:42:36,058 [pool-352-thread-1] INFO  impl.RoleInfo (RoleInfo.java:updateAndGet(139)) - d72051fe-3aaa-4ca0-b891-e1cdc202e4f4: start d72051fe-3aaa-4ca0-b891-e1cdc202e4f4@group-2FBCAA66A064-FollowerState
2023-01-16 14:42:36,059 [pool-352-thread-1] INFO  util.JmxRegister (JmxRegister.java:tryRegister(44)) - Successfully registered JMX Bean with object name Ratis:service=RaftServer,group=group-2FBCAA66A064,id=d72051fe-3aaa-4ca0-b891-e1cdc202e4f4
2023-01-16 14:42:36,059 [pool-352-thread-1] INFO  server.RaftServerConfigKeys (ConfUtils.java:logGet(46)) - raft.server.snapshot.auto.trigger.enabled = true (custom)
2023-01-16 14:42:36,059 [pool-352-thread-1] INFO  server.RaftServerConfigKeys (ConfUtils.java:logGet(46)) - raft.server.snapshot.auto.trigger.threshold = 10000 (custom)
2023-01-16 14:42:36,059 [pool-352-thread-1] INFO  server.RaftServerConfigKeys (ConfUtils.java:logGet(46)) - raft.server.snapshot.retention.file.num = 5 (custom)
2023-01-16 14:42:36,059 [pool-352-thread-1] INFO  server.RaftServerConfigKeys (ConfUtils.java:logGet(46)) - raft.server.log.purge.upto.snapshot.index = false (default)
2023-01-16 14:42:36,059 [d72051fe-3aaa-4ca0-b891-e1cdc202e4f4@group-2FBCAA66A064-FollowerState] INFO  server.RaftServerConfigKeys (ConfUtils.java:logFallback(53)) - raft.server.rpc.first-election.timeout.min = 5s (fallback to raft.server.rpc.timeout.min)
2023-01-16 14:42:36,059 [d72051fe-3aaa-4ca0-b891-e1cdc202e4f4@group-2FBCAA66A064-FollowerState] INFO  server.RaftServerConfigKeys (ConfUtils.java:logFallback(53)) - raft.server.rpc.first-election.timeout.max = 5200ms (fallback to raft.server.rpc.timeout.max)
2023-01-16 14:42:36,060 [Command processor thread] INFO  ratis.XceiverServerRatis (XceiverServerRatis.java:addGroup(806)) - Created group PipelineID=950bf751-b6ea-4122-9241-2fbcaa66a064
2023-01-16 14:42:36,060 [Command processor thread] INFO  commandhandler.CreatePipelineCommandHandler (CreatePipelineCommandHandler.java:handle(113)) - Created Pipeline RATIS ONE PipelineID=950bf751-b6ea-4122-9241-2fbcaa66a064.
2023-01-16 14:42:37,045 [Listener at 127.0.0.1/46467] INFO  ozone.MiniOzoneClusterImpl (MiniOzoneClusterImpl.java:lambda$waitForClusterToBeReady$0(218)) - Nodes are ready. Got 3 of 3 DN Heartbeats.
2023-01-16 14:42:37,045 [Listener at 127.0.0.1/46467] INFO  ozone.MiniOzoneClusterImpl (MiniOzoneClusterImpl.java:lambda$waitForClusterToBeReady$0(221)) - Waiting for cluster to exit safe mode
2023-01-16 14:42:37,045 [Listener at 127.0.0.1/46467] INFO  ozone.MiniOzoneClusterImpl (MiniOzoneClusterImpl.java:lambda$waitForClusterToBeReady$0(223)) - SCM became leader
2023-01-16 14:42:38,046 [Listener at 127.0.0.1/46467] INFO  ozone.MiniOzoneClusterImpl (MiniOzoneClusterImpl.java:lambda$waitForClusterToBeReady$0(218)) - Nodes are ready. Got 3 of 3 DN Heartbeats.
2023-01-16 14:42:38,046 [Listener at 127.0.0.1/46467] INFO  ozone.MiniOzoneClusterImpl (MiniOzoneClusterImpl.java:lambda$waitForClusterToBeReady$0(221)) - Waiting for cluster to exit safe mode
2023-01-16 14:42:38,046 [Listener at 127.0.0.1/46467] INFO  ozone.MiniOzoneClusterImpl (MiniOzoneClusterImpl.java:lambda$waitForClusterToBeReady$0(223)) - SCM became leader
2023-01-16 14:42:39,046 [Listener at 127.0.0.1/46467] INFO  ozone.MiniOzoneClusterImpl (MiniOzoneClusterImpl.java:lambda$waitForClusterToBeReady$0(218)) - Nodes are ready. Got 3 of 3 DN Heartbeats.
2023-01-16 14:42:39,047 [Listener at 127.0.0.1/46467] INFO  ozone.MiniOzoneClusterImpl (MiniOzoneClusterImpl.java:lambda$waitForClusterToBeReady$0(221)) - Waiting for cluster to exit safe mode
2023-01-16 14:42:39,047 [Listener at 127.0.0.1/46467] INFO  ozone.MiniOzoneClusterImpl (MiniOzoneClusterImpl.java:lambda$waitForClusterToBeReady$0(223)) - SCM became leader
2023-01-16 14:42:40,047 [Listener at 127.0.0.1/46467] INFO  ozone.MiniOzoneClusterImpl (MiniOzoneClusterImpl.java:lambda$waitForClusterToBeReady$0(218)) - Nodes are ready. Got 3 of 3 DN Heartbeats.
2023-01-16 14:42:40,047 [Listener at 127.0.0.1/46467] INFO  ozone.MiniOzoneClusterImpl (MiniOzoneClusterImpl.java:lambda$waitForClusterToBeReady$0(221)) - Waiting for cluster to exit safe mode
2023-01-16 14:42:40,048 [Listener at 127.0.0.1/46467] INFO  ozone.MiniOzoneClusterImpl (MiniOzoneClusterImpl.java:lambda$waitForClusterToBeReady$0(223)) - SCM became leader
2023-01-16 14:42:40,540 [710767cc-7b4a-4f75-833c-d89a4e7b1741@group-5E653170D9E0-FollowerState] INFO  impl.FollowerState (FollowerState.java:run(143)) - 710767cc-7b4a-4f75-833c-d89a4e7b1741@group-5E653170D9E0-FollowerState: change to CANDIDATE, lastRpcElapsedTime:5063752118ns, electionTimeout:5063ms
2023-01-16 14:42:40,540 [710767cc-7b4a-4f75-833c-d89a4e7b1741@group-5E653170D9E0-FollowerState] INFO  impl.RoleInfo (RoleInfo.java:shutdownFollowerState(110)) - 710767cc-7b4a-4f75-833c-d89a4e7b1741: shutdown 710767cc-7b4a-4f75-833c-d89a4e7b1741@group-5E653170D9E0-FollowerState
2023-01-16 14:42:40,541 [710767cc-7b4a-4f75-833c-d89a4e7b1741@group-5E653170D9E0-FollowerState] INFO  server.RaftServer$Division (RaftServerImpl.java:setRole(321)) - 710767cc-7b4a-4f75-833c-d89a4e7b1741@group-5E653170D9E0: changes role from  FOLLOWER to CANDIDATE at term 0 for changeToCandidate
2023-01-16 14:42:40,541 [710767cc-7b4a-4f75-833c-d89a4e7b1741@group-5E653170D9E0-FollowerState] INFO  server.RaftServerConfigKeys (ConfUtils.java:logGet(46)) - raft.server.leaderelection.pre-vote = false (custom)
2023-01-16 14:42:40,541 [710767cc-7b4a-4f75-833c-d89a4e7b1741@group-5E653170D9E0-FollowerState] INFO  impl.RoleInfo (RoleInfo.java:updateAndGet(139)) - 710767cc-7b4a-4f75-833c-d89a4e7b1741: start 710767cc-7b4a-4f75-833c-d89a4e7b1741@group-5E653170D9E0-LeaderElection25
2023-01-16 14:42:40,544 [710767cc-7b4a-4f75-833c-d89a4e7b1741@group-5E653170D9E0-LeaderElection25] INFO  impl.LeaderElection (LeaderElection.java:askForVotes(312)) - 710767cc-7b4a-4f75-833c-d89a4e7b1741@group-5E653170D9E0-LeaderElection25 ELECTION round 0: submit vote requests at term 1 for -1: peers:[442ec2d2-8762-4ddc-9d9e-f72be6bfd603|rpc:10.1.1.103:34623|dataStream:10.1.1.103:43549|priority:0|startupRole:FOLLOWER, 710767cc-7b4a-4f75-833c-d89a4e7b1741|rpc:10.1.1.103:32999|dataStream:10.1.1.103:34697|priority:1|startupRole:FOLLOWER, d72051fe-3aaa-4ca0-b891-e1cdc202e4f4|rpc:10.1.1.103:43765|dataStream:10.1.1.103:39517|priority:0|startupRole:FOLLOWER]|listeners:[], old=null
2023-01-16 14:42:40,544 [710767cc-7b4a-4f75-833c-d89a4e7b1741@group-5E653170D9E0-LeaderElection25] INFO  server.RaftServerConfigKeys (ConfUtils.java:logFallback(53)) - raft.server.rpc.first-election.timeout.min = 5s (fallback to raft.server.rpc.timeout.min)
2023-01-16 14:42:40,544 [710767cc-7b4a-4f75-833c-d89a4e7b1741@group-5E653170D9E0-LeaderElection25] INFO  server.RaftServerConfigKeys (ConfUtils.java:logFallback(53)) - raft.server.rpc.first-election.timeout.max = 5200ms (fallback to raft.server.rpc.timeout.max)
2023-01-16 14:42:40,544 [710767cc-7b4a-4f75-833c-d89a4e7b1741@group-5E653170D9E0-LeaderElection25-1] INFO  server.GrpcServerProtocolClient (GrpcServerProtocolClient.java:<init>(63)) - Build channel for 442ec2d2-8762-4ddc-9d9e-f72be6bfd603
2023-01-16 14:42:40,544 [710767cc-7b4a-4f75-833c-d89a4e7b1741@group-5E653170D9E0-LeaderElection25-2] INFO  server.GrpcServerProtocolClient (GrpcServerProtocolClient.java:<init>(63)) - Build channel for d72051fe-3aaa-4ca0-b891-e1cdc202e4f4
2023-01-16 14:42:40,561 [grpc-default-executor-0] INFO  server.RaftServer$Division (RaftServerImpl.java:requestVote(1218)) - d72051fe-3aaa-4ca0-b891-e1cdc202e4f4@group-5E653170D9E0: receive requestVote(ELECTION, 710767cc-7b4a-4f75-833c-d89a4e7b1741, group-5E653170D9E0, 1, (t:0, i:0))
2023-01-16 14:42:40,561 [grpc-default-executor-0] INFO  impl.VoteContext (VoteContext.java:log(49)) - d72051fe-3aaa-4ca0-b891-e1cdc202e4f4@group-5E653170D9E0-FOLLOWER: accept ELECTION from 710767cc-7b4a-4f75-833c-d89a4e7b1741: our priority 0 <= candidate's priority 1
2023-01-16 14:42:40,561 [grpc-default-executor-0] INFO  server.RaftServer$Division (RaftServerImpl.java:setRole(321)) - d72051fe-3aaa-4ca0-b891-e1cdc202e4f4@group-5E653170D9E0: changes role from  FOLLOWER to FOLLOWER at term 1 for candidate:710767cc-7b4a-4f75-833c-d89a4e7b1741
2023-01-16 14:42:40,561 [grpc-default-executor-0] INFO  impl.RoleInfo (RoleInfo.java:shutdownFollowerState(110)) - d72051fe-3aaa-4ca0-b891-e1cdc202e4f4: shutdown d72051fe-3aaa-4ca0-b891-e1cdc202e4f4@group-5E653170D9E0-FollowerState
2023-01-16 14:42:40,561 [grpc-default-executor-0] INFO  impl.RoleInfo (RoleInfo.java:updateAndGet(139)) - d72051fe-3aaa-4ca0-b891-e1cdc202e4f4: start d72051fe-3aaa-4ca0-b891-e1cdc202e4f4@group-5E653170D9E0-FollowerState
2023-01-16 14:42:40,561 [d72051fe-3aaa-4ca0-b891-e1cdc202e4f4@group-5E653170D9E0-FollowerState] INFO  impl.FollowerState (FollowerState.java:run(152)) - d72051fe-3aaa-4ca0-b891-e1cdc202e4f4@group-5E653170D9E0-FollowerState was interrupted
2023-01-16 14:42:40,561 [710767cc-7b4a-4f75-833c-d89a4e7b1741@group-9E07FADADF34-FollowerState] INFO  impl.FollowerState (FollowerState.java:run(143)) - 710767cc-7b4a-4f75-833c-d89a4e7b1741@group-9E07FADADF34-FollowerState: change to CANDIDATE, lastRpcElapsedTime:5119668103ns, electionTimeout:5119ms
2023-01-16 14:42:40,561 [710767cc-7b4a-4f75-833c-d89a4e7b1741@group-9E07FADADF34-FollowerState] INFO  impl.RoleInfo (RoleInfo.java:shutdownFollowerState(110)) - 710767cc-7b4a-4f75-833c-d89a4e7b1741: shutdown 710767cc-7b4a-4f75-833c-d89a4e7b1741@group-9E07FADADF34-FollowerState
2023-01-16 14:42:40,561 [710767cc-7b4a-4f75-833c-d89a4e7b1741@group-9E07FADADF34-FollowerState] INFO  server.RaftServer$Division (RaftServerImpl.java:setRole(321)) - 710767cc-7b4a-4f75-833c-d89a4e7b1741@group-9E07FADADF34: changes role from  FOLLOWER to CANDIDATE at term 0 for changeToCandidate
2023-01-16 14:42:40,562 [710767cc-7b4a-4f75-833c-d89a4e7b1741@group-9E07FADADF34-FollowerState] INFO  server.RaftServerConfigKeys (ConfUtils.java:logGet(46)) - raft.server.leaderelection.pre-vote = false (custom)
2023-01-16 14:42:40,562 [710767cc-7b4a-4f75-833c-d89a4e7b1741@group-9E07FADADF34-FollowerState] INFO  impl.RoleInfo (RoleInfo.java:updateAndGet(139)) - 710767cc-7b4a-4f75-833c-d89a4e7b1741: start 710767cc-7b4a-4f75-833c-d89a4e7b1741@group-9E07FADADF34-LeaderElection26
2023-01-16 14:42:40,562 [d72051fe-3aaa-4ca0-b891-e1cdc202e4f4@group-5E653170D9E0-FollowerState] INFO  server.RaftServerConfigKeys (ConfUtils.java:logFallback(53)) - raft.server.rpc.first-election.timeout.min = 5s (fallback to raft.server.rpc.timeout.min)
2023-01-16 14:42:40,562 [d72051fe-3aaa-4ca0-b891-e1cdc202e4f4@group-5E653170D9E0-FollowerState] INFO  server.RaftServerConfigKeys (ConfUtils.java:logFallback(53)) - raft.server.rpc.first-election.timeout.max = 5200ms (fallback to raft.server.rpc.timeout.max)
2023-01-16 14:42:40,563 [grpc-default-executor-0] INFO  server.RaftServer$Division (RaftServerImpl.java:requestVote(1251)) - d72051fe-3aaa-4ca0-b891-e1cdc202e4f4@group-5E653170D9E0 replies to ELECTION vote request: 710767cc-7b4a-4f75-833c-d89a4e7b1741<-d72051fe-3aaa-4ca0-b891-e1cdc202e4f4#0:OK-t1. Peer's state: d72051fe-3aaa-4ca0-b891-e1cdc202e4f4@group-5E653170D9E0:t1, leader=null, voted=710767cc-7b4a-4f75-833c-d89a4e7b1741, raftlog=Memoized:d72051fe-3aaa-4ca0-b891-e1cdc202e4f4@group-5E653170D9E0-SegmentedRaftLog:OPENED:c-1, conf=-1: peers:[442ec2d2-8762-4ddc-9d9e-f72be6bfd603|rpc:10.1.1.103:34623|dataStream:10.1.1.103:43549|priority:0|startupRole:FOLLOWER, 710767cc-7b4a-4f75-833c-d89a4e7b1741|rpc:10.1.1.103:32999|dataStream:10.1.1.103:34697|priority:1|startupRole:FOLLOWER, d72051fe-3aaa-4ca0-b891-e1cdc202e4f4|rpc:10.1.1.103:43765|dataStream:10.1.1.103:39517|priority:0|startupRole:FOLLOWER]|listeners:[], old=null
2023-01-16 14:42:40,571 [710767cc-7b4a-4f75-833c-d89a4e7b1741@group-5E653170D9E0-LeaderElection25] INFO  impl.LeaderElection (LeaderElection.java:logAndReturn(90)) - 710767cc-7b4a-4f75-833c-d89a4e7b1741@group-5E653170D9E0-LeaderElection25: ELECTION PASSED received 1 response(s) and 0 exception(s):
2023-01-16 14:42:40,571 [710767cc-7b4a-4f75-833c-d89a4e7b1741@group-5E653170D9E0-LeaderElection25] INFO  impl.LeaderElection (LeaderElection.java:logAndReturn(94)) -   Response 0: 710767cc-7b4a-4f75-833c-d89a4e7b1741<-d72051fe-3aaa-4ca0-b891-e1cdc202e4f4#0:OK-t1
2023-01-16 14:42:40,571 [710767cc-7b4a-4f75-833c-d89a4e7b1741@group-5E653170D9E0-LeaderElection25] INFO  impl.LeaderElection (LeaderElection.java:askForVotes(314)) - 710767cc-7b4a-4f75-833c-d89a4e7b1741@group-5E653170D9E0-LeaderElection25 ELECTION round 0: result PASSED
2023-01-16 14:42:40,571 [710767cc-7b4a-4f75-833c-d89a4e7b1741@group-5E653170D9E0-LeaderElection25] INFO  impl.RoleInfo (RoleInfo.java:shutdownLeaderElection(130)) - 710767cc-7b4a-4f75-833c-d89a4e7b1741: shutdown 710767cc-7b4a-4f75-833c-d89a4e7b1741@group-5E653170D9E0-LeaderElection25
2023-01-16 14:42:40,571 [710767cc-7b4a-4f75-833c-d89a4e7b1741@group-5E653170D9E0-LeaderElection25] INFO  server.RaftServer$Division (RaftServerImpl.java:setRole(321)) - 710767cc-7b4a-4f75-833c-d89a4e7b1741@group-5E653170D9E0: changes role from CANDIDATE to LEADER at term 1 for changeToLeader
2023-01-16 14:42:40,571 [710767cc-7b4a-4f75-833c-d89a4e7b1741@group-5E653170D9E0-LeaderElection25] INFO  ratis.XceiverServerRatis (XceiverServerRatis.java:handleLeaderChangedNotification(904)) - Leader change notification received for group: group-5E653170D9E0 with new leaderId: 710767cc-7b4a-4f75-833c-d89a4e7b1741
2023-01-16 14:42:40,572 [710767cc-7b4a-4f75-833c-d89a4e7b1741@group-5E653170D9E0-LeaderElection25] INFO  server.RaftServer$Division (ServerState.java:setLeader(313)) - 710767cc-7b4a-4f75-833c-d89a4e7b1741@group-5E653170D9E0: change Leader from null to 710767cc-7b4a-4f75-833c-d89a4e7b1741 at term 1 for becomeLeader, leader elected after 5125ms
2023-01-16 14:42:40,572 [710767cc-7b4a-4f75-833c-d89a4e7b1741@group-5E653170D9E0-LeaderElection25] INFO  server.RaftServerConfigKeys (ConfUtils.java:logGet(46)) - raft.server.staging.catchup.gap = 1000 (default)
2023-01-16 14:42:40,572 [710767cc-7b4a-4f75-833c-d89a4e7b1741@group-5E653170D9E0-LeaderElection25] INFO  server.RaftServerConfigKeys (ConfUtils.java:logGet(46)) - raft.server.write.element-limit = 1024 (custom)
2023-01-16 14:42:40,572 [710767cc-7b4a-4f75-833c-d89a4e7b1741@group-5E653170D9E0-LeaderElection25] INFO  server.RaftServerConfigKeys (ConfUtils.java:logGet(46)) - raft.server.write.byte-limit = 1024 M (=1073741824) (custom)
2023-01-16 14:42:40,572 [710767cc-7b4a-4f75-833c-d89a4e7b1741@group-5E653170D9E0-LeaderElection25] INFO  server.RaftServerConfigKeys (ConfUtils.java:logGet(46)) - raft.server.watch.timeout = 180s (custom)
2023-01-16 14:42:40,572 [710767cc-7b4a-4f75-833c-d89a4e7b1741@group-5E653170D9E0-LeaderElection25] INFO  server.RaftServerConfigKeys (ConfUtils.java:logGet(46)) - raft.server.watch.timeout.denomination = 1s (default)
2023-01-16 14:42:40,572 [710767cc-7b4a-4f75-833c-d89a4e7b1741@group-5E653170D9E0-LeaderElection25] INFO  server.RaftServerConfigKeys (ConfUtils.java:logGet(46)) - raft.server.watch.element-limit = 65536 (default)
2023-01-16 14:42:40,573 [710767cc-7b4a-4f75-833c-d89a4e7b1741@group-5E653170D9E0-LeaderElection25] INFO  server.RaftServerConfigKeys (ConfUtils.java:logGet(46)) - raft.server.write.element-limit = 1024 (custom)
2023-01-16 14:42:40,573 [710767cc-7b4a-4f75-833c-d89a4e7b1741@group-5E653170D9E0-LeaderElection25] INFO  server.RaftServerConfigKeys (ConfUtils.java:logGet(46)) - raft.server.write.follower.gap.ratio.max = -1.0 (default)
2023-01-16 14:42:40,573 [710767cc-7b4a-4f75-833c-d89a4e7b1741@group-5E653170D9E0-LeaderElection25] INFO  server.RaftServerConfigKeys (ConfUtils.java:logGet(46)) - raft.server.log.appender.snapshot.chunk.size.max = 16MB (=16777216) (default)
2023-01-16 14:42:40,573 [710767cc-7b4a-4f75-833c-d89a4e7b1741@group-5E653170D9E0-LeaderElection25] INFO  server.RaftServerConfigKeys (ConfUtils.java:logGet(46)) - raft.server.log.appender.buffer.byte-limit = 33554432 (custom)
2023-01-16 14:42:40,573 [710767cc-7b4a-4f75-833c-d89a4e7b1741@group-5E653170D9E0-LeaderElection25] INFO  server.RaftServerConfigKeys (ConfUtils.java:logGet(46)) - raft.server.log.appender.buffer.element-limit = 1 (custom)
2023-01-16 14:42:40,573 [710767cc-7b4a-4f75-833c-d89a4e7b1741@group-5E653170D9E0-LeaderElection25] INFO  grpc.GrpcConfigKeys (ConfUtils.java:logGet(46)) - raft.grpc.server.leader.outstanding.appends.max = 128 (default)
2023-01-16 14:42:40,573 [710767cc-7b4a-4f75-833c-d89a4e7b1741@group-5E653170D9E0-LeaderElection25] INFO  server.RaftServerConfigKeys (ConfUtils.java:logGet(46)) - raft.server.rpc.request.timeout = 60s (custom)
2023-01-16 14:42:40,573 [710767cc-7b4a-4f75-833c-d89a4e7b1741@group-5E653170D9E0-LeaderElection25] INFO  server.RaftServerConfigKeys (ConfUtils.java:logGet(46)) - raft.server.log.appender.install.snapshot.enabled = false (custom)
2023-01-16 14:42:40,573 [710767cc-7b4a-4f75-833c-d89a4e7b1741@group-5E653170D9E0-LeaderElection25] INFO  grpc.GrpcConfigKeys (ConfUtils.java:logGet(46)) - raft.grpc.server.heartbeat.channel = true (default)
2023-01-16 14:42:40,573 [710767cc-7b4a-4f75-833c-d89a4e7b1741@group-5E653170D9E0-LeaderElection25] INFO  server.RaftServerConfigKeys (ConfUtils.java:logGet(46)) - raft.server.log.appender.wait-time.min = 10ms (default)
2023-01-16 14:42:40,574 [710767cc-7b4a-4f75-833c-d89a4e7b1741@group-5E653170D9E0-LeaderElection25] INFO  server.RaftServerConfigKeys (ConfUtils.java:logGet(46)) - raft.server.log.appender.snapshot.chunk.size.max = 16MB (=16777216) (default)
2023-01-16 14:42:40,574 [710767cc-7b4a-4f75-833c-d89a4e7b1741@group-5E653170D9E0-LeaderElection25] INFO  server.RaftServerConfigKeys (ConfUtils.java:logGet(46)) - raft.server.log.appender.buffer.byte-limit = 33554432 (custom)
2023-01-16 14:42:40,574 [710767cc-7b4a-4f75-833c-d89a4e7b1741@group-5E653170D9E0-LeaderElection25] INFO  server.RaftServerConfigKeys (ConfUtils.java:logGet(46)) - raft.server.log.appender.buffer.element-limit = 1 (custom)
2023-01-16 14:42:40,574 [710767cc-7b4a-4f75-833c-d89a4e7b1741@group-5E653170D9E0-LeaderElection25] INFO  grpc.GrpcConfigKeys (ConfUtils.java:logGet(46)) - raft.grpc.server.leader.outstanding.appends.max = 128 (default)
2023-01-16 14:42:40,574 [710767cc-7b4a-4f75-833c-d89a4e7b1741@group-5E653170D9E0-LeaderElection25] INFO  server.RaftServerConfigKeys (ConfUtils.java:logGet(46)) - raft.server.rpc.request.timeout = 60s (custom)
2023-01-16 14:42:40,574 [710767cc-7b4a-4f75-833c-d89a4e7b1741@group-5E653170D9E0-LeaderElection25] INFO  server.RaftServerConfigKeys (ConfUtils.java:logGet(46)) - raft.server.log.appender.install.snapshot.enabled = false (custom)
2023-01-16 14:42:40,574 [710767cc-7b4a-4f75-833c-d89a4e7b1741@group-5E653170D9E0-LeaderElection25] INFO  grpc.GrpcConfigKeys (ConfUtils.java:logGet(46)) - raft.grpc.server.heartbeat.channel = true (default)
2023-01-16 14:42:40,574 [710767cc-7b4a-4f75-833c-d89a4e7b1741@group-5E653170D9E0-LeaderElection25] INFO  server.RaftServerConfigKeys (ConfUtils.java:logGet(46)) - raft.server.log.appender.wait-time.min = 10ms (default)
2023-01-16 14:42:40,574 [710767cc-7b4a-4f75-833c-d89a4e7b1741@group-5E653170D9E0-LeaderElection25] INFO  impl.RoleInfo (RoleInfo.java:updateAndGet(139)) - 710767cc-7b4a-4f75-833c-d89a4e7b1741: start 710767cc-7b4a-4f75-833c-d89a4e7b1741@group-5E653170D9E0-LeaderStateImpl
2023-01-16 14:42:40,575 [710767cc-7b4a-4f75-833c-d89a4e7b1741@group-5E653170D9E0-LeaderElection25] INFO  segmented.SegmentedRaftLogWorker (SegmentedRaftLogWorker.java:startLogSegment(452)) - 710767cc-7b4a-4f75-833c-d89a4e7b1741@group-5E653170D9E0-SegmentedRaftLogWorker: Starting segment from index:0
2023-01-16 14:42:40,578 [710767cc-7b4a-4f75-833c-d89a4e7b1741@group-5E653170D9E0-SegmentedRaftLogWorker] INFO  segmented.SegmentedRaftLogWorker (SegmentedRaftLogWorker.java:execute(656)) - 710767cc-7b4a-4f75-833c-d89a4e7b1741@group-5E653170D9E0-SegmentedRaftLogWorker: created new log segment /home/runner/work/ozone/ozone/hadoop-ozone/integration-test/target/test-dir/MiniOzoneClusterImpl-c46fa063-69c7-4818-82ed-7a4432d72042/datanode-0/data/ratis/174bef65-c465-45c3-8a83-5e653170d9e0/current/log_inprogress_0
2023-01-16 14:42:40,578 [EventQueue-PipelineReportForPipelineReportHandler] INFO  pipeline.PipelineManagerImpl (PipelineManagerImpl.java:openPipeline(367)) - Pipeline Pipeline[ Id: 174bef65-c465-45c3-8a83-5e653170d9e0, Nodes: 442ec2d2-8762-4ddc-9d9e-f72be6bfd603(fv-az203-757.ild0l4k5vsluppoevu2oqvhmda.cx.internal.cloudapp.net/10.1.1.103)710767cc-7b4a-4f75-833c-d89a4e7b1741(fv-az203-757.ild0l4k5vsluppoevu2oqvhmda.cx.internal.cloudapp.net/10.1.1.103)d72051fe-3aaa-4ca0-b891-e1cdc202e4f4(fv-az203-757.ild0l4k5vsluppoevu2oqvhmda.cx.internal.cloudapp.net/10.1.1.103), ReplicationConfig: RATIS/THREE, State:ALLOCATED, leaderId:710767cc-7b4a-4f75-833c-d89a4e7b1741, CreationTimestamp2023-01-16T14:42:33.046Z[Etc/UTC]] moved to OPEN state
2023-01-16 14:42:40,578 [EventQueue-OpenPipelineForHealthyPipelineSafeModeRule] INFO  safemode.SCMSafeModeManager (HealthyPipelineSafeModeRule.java:process(137)) - SCM in safe mode. Healthy pipelines reported count is 0, required healthy pipeline reported count is 1
2023-01-16 14:42:40,579 [EventQueue-OpenPipelineForHealthyPipelineSafeModeRule] INFO  safemode.SCMSafeModeManager (HealthyPipelineSafeModeRule.java:process(137)) - SCM in safe mode. Healthy pipelines reported count is 1, required healthy pipeline reported count is 1
2023-01-16 14:42:40,579 [EventQueue-OpenPipelineForHealthyPipelineSafeModeRule] INFO  safemode.SCMSafeModeManager (SCMSafeModeManager.java:validateSafeModeExitRules(200)) - HealthyPipelineSafeModeRule rule is successfully validated
2023-01-16 14:42:40,579 [EventQueue-OpenPipelineForHealthyPipelineSafeModeRule] INFO  safemode.SCMSafeModeManager (SCMSafeModeManager.java:validateSafeModeExitRules(215)) - ScmSafeModeManager, all rules are successfully validated
2023-01-16 14:42:40,579 [EventQueue-OpenPipelineForHealthyPipelineSafeModeRule] INFO  safemode.SCMSafeModeManager (SCMSafeModeManager.java:exitSafeMode(244)) - SCM exiting safe mode.
2023-01-16 14:42:40,579 [EventQueue-OpenPipelineForHealthyPipelineSafeModeRule] INFO  ha.SCMContext (SCMContext.java:updateSafeModeStatus(228)) - Update SafeModeStatus from SafeModeStatus{safeModeStatus=true, preCheckPassed=true} to SafeModeStatus{safeModeStatus=false, preCheckPassed=true}.
2023-01-16 14:42:40,579 [EventQueue-OpenPipelineForHealthyPipelineSafeModeRule] INFO  pipeline.BackgroundPipelineCreator (BackgroundPipelineCreator.java:notifyStatusChanged(254)) - Service BackgroundPipelineCreator transitions to RUNNING.
2023-01-16 14:42:40,579 [EventQueue-OpenPipelineForHealthyPipelineSafeModeRule] INFO  BackgroundPipelineScrubber (BackgroundSCMService.java:notifyStatusChanged(82)) - Service BackgroundPipelineScrubber transitions to RUNNING.
2023-01-16 14:42:40,579 [EventQueue-OpenPipelineForHealthyPipelineSafeModeRule] INFO  ExpiredContainerReplicaOpScrubber (BackgroundSCMService.java:notifyStatusChanged(82)) - Service ExpiredContainerReplicaOpScrubber transitions to RUNNING.
2023-01-16 14:42:40,579 [EventQueue-OpenPipelineForHealthyPipelineSafeModeRule] INFO  replication.ReplicationManager (ReplicationManager.java:notifyStatusChanged(919)) - Service ReplicationManager transitions to RUNNING.
2023-01-16 14:42:40,580 [EventQueue-OpenPipelineForHealthyPipelineSafeModeRule] WARN  balancer.ContainerBalancer (ContainerBalancer.java:shouldRun(131)) - Could not find persisted configuration for ContainerBalancer when checking if ContainerBalancer should run. ContainerBalancer should not run now.
2023-01-16 14:42:40,585 [710767cc-7b4a-4f75-833c-d89a4e7b1741@group-9E07FADADF34-LeaderElection26] INFO  impl.LeaderElection (LeaderElection.java:askForVotes(312)) - 710767cc-7b4a-4f75-833c-d89a4e7b1741@group-9E07FADADF34-LeaderElection26 ELECTION round 0: submit vote requests at term 1 for -1: peers:[710767cc-7b4a-4f75-833c-d89a4e7b1741|rpc:10.1.1.103:32999|dataStream:10.1.1.103:34697|priority:1|startupRole:FOLLOWER]|listeners:[], old=null
2023-01-16 14:42:40,585 [710767cc-7b4a-4f75-833c-d89a4e7b1741@group-9E07FADADF34-LeaderElection26] INFO  impl.LeaderElection (LeaderElection.java:askForVotes(314)) - 710767cc-7b4a-4f75-833c-d89a4e7b1741@group-9E07FADADF34-LeaderElection26 ELECTION round 0: result PASSED (term=1)
2023-01-16 14:42:40,585 [710767cc-7b4a-4f75-833c-d89a4e7b1741@group-9E07FADADF34-LeaderElection26] INFO  impl.RoleInfo (RoleInfo.java:shutdownLeaderElection(130)) - 710767cc-7b4a-4f75-833c-d89a4e7b1741: shutdown 710767cc-7b4a-4f75-833c-d89a4e7b1741@group-9E07FADADF34-LeaderElection26
2023-01-16 14:42:40,585 [710767cc-7b4a-4f75-833c-d89a4e7b1741@group-9E07FADADF34-LeaderElection26] INFO  server.RaftServer$Division (RaftServerImpl.java:setRole(321)) - 710767cc-7b4a-4f75-833c-d89a4e7b1741@group-9E07FADADF34: changes role from CANDIDATE to LEADER at term 1 for changeToLeader
2023-01-16 14:42:40,585 [710767cc-7b4a-4f75-833c-d89a4e7b1741@group-9E07FADADF34-LeaderElection26] INFO  ratis.XceiverServerRatis (XceiverServerRatis.java:handleLeaderChangedNotification(904)) - Leader change notification received for group: group-9E07FADADF34 with new leaderId: 710767cc-7b4a-4f75-833c-d89a4e7b1741
2023-01-16 14:42:40,587 [710767cc-7b4a-4f75-833c-d89a4e7b1741@group-9E07FADADF34-LeaderElection26] INFO  server.RaftServer$Division (ServerState.java:setLeader(313)) - 710767cc-7b4a-4f75-833c-d89a4e7b1741@group-9E07FADADF34: change Leader from null to 710767cc-7b4a-4f75-833c-d89a4e7b1741 at term 1 for becomeLeader, leader elected after 5174ms
2023-01-16 14:42:40,587 [710767cc-7b4a-4f75-833c-d89a4e7b1741@group-9E07FADADF34-LeaderElection26] INFO  server.RaftServerConfigKeys (ConfUtils.java:logGet(46)) - raft.server.staging.catchup.gap = 1000 (default)
2023-01-16 14:42:40,587 [710767cc-7b4a-4f75-833c-d89a4e7b1741@group-9E07FADADF34-LeaderElection26] INFO  server.RaftServerConfigKeys (ConfUtils.java:logGet(46)) - raft.server.write.element-limit = 1024 (custom)
2023-01-16 14:42:40,587 [710767cc-7b4a-4f75-833c-d89a4e7b1741@group-9E07FADADF34-LeaderElection26] INFO  server.RaftServerConfigKeys (ConfUtils.java:logGet(46)) - raft.server.write.byte-limit = 1024 M (=1073741824) (custom)
2023-01-16 14:42:40,587 [710767cc-7b4a-4f75-833c-d89a4e7b1741@group-9E07FADADF34-LeaderElection26] INFO  server.RaftServerConfigKeys (ConfUtils.java:logGet(46)) - raft.server.watch.timeout = 180s (custom)
2023-01-16 14:42:40,587 [710767cc-7b4a-4f75-833c-d89a4e7b1741@group-9E07FADADF34-LeaderElection26] INFO  server.RaftServerConfigKeys (ConfUtils.java:logGet(46)) - raft.server.watch.timeout.denomination = 1s (default)
2023-01-16 14:42:40,587 [710767cc-7b4a-4f75-833c-d89a4e7b1741@group-9E07FADADF34-LeaderElection26] INFO  server.RaftServerConfigKeys (ConfUtils.java:logGet(46)) - raft.server.watch.element-limit = 65536 (default)
2023-01-16 14:42:40,588 [710767cc-7b4a-4f75-833c-d89a4e7b1741@group-9E07FADADF34-LeaderElection26] INFO  server.RaftServerConfigKeys (ConfUtils.java:logGet(46)) - raft.server.write.element-limit = 1024 (custom)
2023-01-16 14:42:40,588 [710767cc-7b4a-4f75-833c-d89a4e7b1741@group-9E07FADADF34-LeaderElection26] INFO  server.RaftServerConfigKeys (ConfUtils.java:logGet(46)) - raft.server.write.follower.gap.ratio.max = -1.0 (default)
2023-01-16 14:42:40,588 [710767cc-7b4a-4f75-833c-d89a4e7b1741@group-9E07FADADF34-LeaderElection26] INFO  impl.RoleInfo (RoleInfo.java:updateAndGet(139)) - 710767cc-7b4a-4f75-833c-d89a4e7b1741: start 710767cc-7b4a-4f75-833c-d89a4e7b1741@group-9E07FADADF34-LeaderStateImpl
2023-01-16 14:42:40,588 [710767cc-7b4a-4f75-833c-d89a4e7b1741@group-9E07FADADF34-LeaderElection26] INFO  segmented.SegmentedRaftLogWorker (SegmentedRaftLogWorker.java:startLogSegment(452)) - 710767cc-7b4a-4f75-833c-d89a4e7b1741@group-9E07FADADF34-SegmentedRaftLogWorker: Starting segment from index:0
2023-01-16 14:42:40,589 [710767cc-7b4a-4f75-833c-d89a4e7b1741@group-9E07FADADF34-SegmentedRaftLogWorker] INFO  segmented.SegmentedRaftLogWorker (SegmentedRaftLogWorker.java:execute(656)) - 710767cc-7b4a-4f75-833c-d89a4e7b1741@group-9E07FADADF34-SegmentedRaftLogWorker: created new log segment /home/runner/work/ozone/ozone/hadoop-ozone/integration-test/target/test-dir/MiniOzoneClusterImpl-c46fa063-69c7-4818-82ed-7a4432d72042/datanode-0/data/ratis/f23a0c2d-a1dc-42dc-b0ed-9e07fadadf34/current/log_inprogress_0
2023-01-16 14:42:40,591 [grpc-default-executor-1] INFO  server.RaftServer$Division (RaftServerImpl.java:requestVote(1218)) - 442ec2d2-8762-4ddc-9d9e-f72be6bfd603@group-5E653170D9E0: receive requestVote(ELECTION, 710767cc-7b4a-4f75-833c-d89a4e7b1741, group-5E653170D9E0, 1, (t:0, i:0))
2023-01-16 14:42:40,591 [grpc-default-executor-1] INFO  impl.VoteContext (VoteContext.java:log(49)) - 442ec2d2-8762-4ddc-9d9e-f72be6bfd603@group-5E653170D9E0-FOLLOWER: accept ELECTION from 710767cc-7b4a-4f75-833c-d89a4e7b1741: our priority 0 <= candidate's priority 1
2023-01-16 14:42:40,591 [grpc-default-executor-1] INFO  server.RaftServer$Division (RaftServerImpl.java:setRole(321)) - 442ec2d2-8762-4ddc-9d9e-f72be6bfd603@group-5E653170D9E0: changes role from  FOLLOWER to FOLLOWER at term 1 for candidate:710767cc-7b4a-4f75-833c-d89a4e7b1741
2023-01-16 14:42:40,591 [grpc-default-executor-1] INFO  impl.RoleInfo (RoleInfo.java:shutdownFollowerState(110)) - 442ec2d2-8762-4ddc-9d9e-f72be6bfd603: shutdown 442ec2d2-8762-4ddc-9d9e-f72be6bfd603@group-5E653170D9E0-FollowerState
2023-01-16 14:42:40,596 [710767cc-7b4a-4f75-833c-d89a4e7b1741@group-9E07FADADF34-LeaderElection26] INFO  server.RaftServer$Division (ServerState.java:setRaftConf(430)) - 710767cc-7b4a-4f75-833c-d89a4e7b1741@group-9E07FADADF34: set configuration 0: peers:[710767cc-7b4a-4f75-833c-d89a4e7b1741|rpc:10.1.1.103:32999|dataStream:10.1.1.103:34697|priority:1|startupRole:FOLLOWER]|listeners:[], old=null
2023-01-16 14:42:40,596 [710767cc-7b4a-4f75-833c-d89a4e7b1741@group-5E653170D9E0-LeaderElection25] INFO  server.RaftServer$Division (ServerState.java:setRaftConf(430)) - 710767cc-7b4a-4f75-833c-d89a4e7b1741@group-5E653170D9E0: set configuration 0: peers:[442ec2d2-8762-4ddc-9d9e-f72be6bfd603|rpc:10.1.1.103:34623|dataStream:10.1.1.103:43549|priority:0|startupRole:FOLLOWER, 710767cc-7b4a-4f75-833c-d89a4e7b1741|rpc:10.1.1.103:32999|dataStream:10.1.1.103:34697|priority:1|startupRole:FOLLOWER, d72051fe-3aaa-4ca0-b891-e1cdc202e4f4|rpc:10.1.1.103:43765|dataStream:10.1.1.103:39517|priority:0|startupRole:FOLLOWER]|listeners:[], old=null
2023-01-16 14:42:40,599 [grpc-default-executor-1] INFO  impl.RoleInfo (RoleInfo.java:updateAndGet(139)) - 442ec2d2-8762-4ddc-9d9e-f72be6bfd603: start 442ec2d2-8762-4ddc-9d9e-f72be6bfd603@group-5E653170D9E0-FollowerState
2023-01-16 14:42:40,599 [442ec2d2-8762-4ddc-9d9e-f72be6bfd603@group-5E653170D9E0-FollowerState] INFO  impl.FollowerState (FollowerState.java:run(152)) - 442ec2d2-8762-4ddc-9d9e-f72be6bfd603@group-5E653170D9E0-FollowerState was interrupted
2023-01-16 14:42:40,601 [442ec2d2-8762-4ddc-9d9e-f72be6bfd603@group-5E653170D9E0-FollowerState] INFO  server.RaftServerConfigKeys (ConfUtils.java:logFallback(53)) - raft.server.rpc.first-election.timeout.min = 5s (fallback to raft.server.rpc.timeout.min)
2023-01-16 14:42:40,601 [442ec2d2-8762-4ddc-9d9e-f72be6bfd603@group-5E653170D9E0-FollowerState] INFO  server.RaftServerConfigKeys (ConfUtils.java:logFallback(53)) - raft.server.rpc.first-election.timeout.max = 5200ms (fallback to raft.server.rpc.timeout.max)
2023-01-16 14:42:40,602 [grpc-default-executor-1] INFO  server.RaftServer$Division (RaftServerImpl.java:requestVote(1251)) - 442ec2d2-8762-4ddc-9d9e-f72be6bfd603@group-5E653170D9E0 replies to ELECTION vote request: 710767cc-7b4a-4f75-833c-d89a4e7b1741<-442ec2d2-8762-4ddc-9d9e-f72be6bfd603#0:OK-t1. Peer's state: 442ec2d2-8762-4ddc-9d9e-f72be6bfd603@group-5E653170D9E0:t1, leader=null, voted=710767cc-7b4a-4f75-833c-d89a4e7b1741, raftlog=Memoized:442ec2d2-8762-4ddc-9d9e-f72be6bfd603@group-5E653170D9E0-SegmentedRaftLog:OPENED:c-1, conf=-1: peers:[442ec2d2-8762-4ddc-9d9e-f72be6bfd603|rpc:10.1.1.103:34623|dataStream:10.1.1.103:43549|priority:0|startupRole:FOLLOWER, 710767cc-7b4a-4f75-833c-d89a4e7b1741|rpc:10.1.1.103:32999|dataStream:10.1.1.103:34697|priority:1|startupRole:FOLLOWER, d72051fe-3aaa-4ca0-b891-e1cdc202e4f4|rpc:10.1.1.103:43765|dataStream:10.1.1.103:39517|priority:0|startupRole:FOLLOWER]|listeners:[], old=null
2023-01-16 14:42:40,621 [442ec2d2-8762-4ddc-9d9e-f72be6bfd603-server-thread1] INFO  ratis.XceiverServerRatis (XceiverServerRatis.java:handleLeaderChangedNotification(904)) - Leader change notification received for group: group-5E653170D9E0 with new leaderId: 710767cc-7b4a-4f75-833c-d89a4e7b1741
2023-01-16 14:42:40,621 [442ec2d2-8762-4ddc-9d9e-f72be6bfd603-server-thread1] INFO  server.RaftServer$Division (ServerState.java:setLeader(313)) - 442ec2d2-8762-4ddc-9d9e-f72be6bfd603@group-5E653170D9E0: change Leader from null to 710767cc-7b4a-4f75-833c-d89a4e7b1741 at term 1 for appendEntries, leader elected after 5122ms
2023-01-16 14:42:40,628 [442ec2d2-8762-4ddc-9d9e-f72be6bfd603-server-thread2] INFO  server.RaftServer$Division (ServerState.java:setRaftConf(430)) - 442ec2d2-8762-4ddc-9d9e-f72be6bfd603@group-5E653170D9E0: set configuration 0: peers:[442ec2d2-8762-4ddc-9d9e-f72be6bfd603|rpc:10.1.1.103:34623|dataStream:10.1.1.103:43549|priority:0|startupRole:FOLLOWER, 710767cc-7b4a-4f75-833c-d89a4e7b1741|rpc:10.1.1.103:32999|dataStream:10.1.1.103:34697|priority:1|startupRole:FOLLOWER, d72051fe-3aaa-4ca0-b891-e1cdc202e4f4|rpc:10.1.1.103:43765|dataStream:10.1.1.103:39517|priority:0|startupRole:FOLLOWER]|listeners:[], old=null
2023-01-16 14:42:40,636 [442ec2d2-8762-4ddc-9d9e-f72be6bfd603-server-thread2] INFO  segmented.SegmentedRaftLogWorker (SegmentedRaftLogWorker.java:startLogSegment(452)) - 442ec2d2-8762-4ddc-9d9e-f72be6bfd603@group-5E653170D9E0-SegmentedRaftLogWorker: Starting segment from index:0
2023-01-16 14:42:40,637 [d72051fe-3aaa-4ca0-b891-e1cdc202e4f4-server-thread2] INFO  ratis.XceiverServerRatis (XceiverServerRatis.java:handleLeaderChangedNotification(904)) - Leader change notification received for group: group-5E653170D9E0 with new leaderId: 710767cc-7b4a-4f75-833c-d89a4e7b1741
2023-01-16 14:42:40,637 [d72051fe-3aaa-4ca0-b891-e1cdc202e4f4-server-thread2] INFO  server.RaftServer$Division (ServerState.java:setLeader(313)) - d72051fe-3aaa-4ca0-b891-e1cdc202e4f4@group-5E653170D9E0: change Leader from null to 710767cc-7b4a-4f75-833c-d89a4e7b1741 at term 1 for appendEntries, leader elected after 4731ms
2023-01-16 14:42:40,641 [d72051fe-3aaa-4ca0-b891-e1cdc202e4f4-server-thread1] INFO  server.RaftServer$Division (ServerState.java:setRaftConf(430)) - d72051fe-3aaa-4ca0-b891-e1cdc202e4f4@group-5E653170D9E0: set configuration 0: peers:[442ec2d2-8762-4ddc-9d9e-f72be6bfd603|rpc:10.1.1.103:34623|dataStream:10.1.1.103:43549|priority:0|startupRole:FOLLOWER, 710767cc-7b4a-4f75-833c-d89a4e7b1741|rpc:10.1.1.103:32999|dataStream:10.1.1.103:34697|priority:1|startupRole:FOLLOWER, d72051fe-3aaa-4ca0-b891-e1cdc202e4f4|rpc:10.1.1.103:43765|dataStream:10.1.1.103:39517|priority:0|startupRole:FOLLOWER]|listeners:[], old=null
2023-01-16 14:42:40,641 [d72051fe-3aaa-4ca0-b891-e1cdc202e4f4-server-thread1] INFO  segmented.SegmentedRaftLogWorker (SegmentedRaftLogWorker.java:startLogSegment(452)) - d72051fe-3aaa-4ca0-b891-e1cdc202e4f4@group-5E653170D9E0-SegmentedRaftLogWorker: Starting segment from index:0
2023-01-16 14:42:40,642 [442ec2d2-8762-4ddc-9d9e-f72be6bfd603@group-5E653170D9E0-SegmentedRaftLogWorker] INFO  segmented.SegmentedRaftLogWorker (SegmentedRaftLogWorker.java:execute(656)) - 442ec2d2-8762-4ddc-9d9e-f72be6bfd603@group-5E653170D9E0-SegmentedRaftLogWorker: created new log segment /home/runner/work/ozone/ozone/hadoop-ozone/integration-test/target/test-dir/MiniOzoneClusterImpl-c46fa063-69c7-4818-82ed-7a4432d72042/datanode-1/data/ratis/174bef65-c465-45c3-8a83-5e653170d9e0/current/log_inprogress_0
2023-01-16 14:42:40,643 [d72051fe-3aaa-4ca0-b891-e1cdc202e4f4@group-5E653170D9E0-SegmentedRaftLogWorker] INFO  segmented.SegmentedRaftLogWorker (SegmentedRaftLogWorker.java:execute(656)) - d72051fe-3aaa-4ca0-b891-e1cdc202e4f4@group-5E653170D9E0-SegmentedRaftLogWorker: created new log segment /home/runner/work/ozone/ozone/hadoop-ozone/integration-test/target/test-dir/MiniOzoneClusterImpl-c46fa063-69c7-4818-82ed-7a4432d72042/datanode-2/data/ratis/174bef65-c465-45c3-8a83-5e653170d9e0/current/log_inprogress_0
2023-01-16 14:42:40,884 [442ec2d2-8762-4ddc-9d9e-f72be6bfd603@group-0BCE51E68637-FollowerState] INFO  impl.FollowerState (FollowerState.java:run(143)) - 442ec2d2-8762-4ddc-9d9e-f72be6bfd603@group-0BCE51E68637-FollowerState: change to CANDIDATE, lastRpcElapsedTime:5002255678ns, electionTimeout:5001ms
2023-01-16 14:42:40,884 [442ec2d2-8762-4ddc-9d9e-f72be6bfd603@group-0BCE51E68637-FollowerState] INFO  impl.RoleInfo (RoleInfo.java:shutdownFollowerState(110)) - 442ec2d2-8762-4ddc-9d9e-f72be6bfd603: shutdown 442ec2d2-8762-4ddc-9d9e-f72be6bfd603@group-0BCE51E68637-FollowerState
2023-01-16 14:42:40,884 [442ec2d2-8762-4ddc-9d9e-f72be6bfd603@group-0BCE51E68637-FollowerState] INFO  server.RaftServer$Division (RaftServerImpl.java:setRole(321)) - 442ec2d2-8762-4ddc-9d9e-f72be6bfd603@group-0BCE51E68637: changes role from  FOLLOWER to CANDIDATE at term 0 for changeToCandidate
2023-01-16 14:42:40,884 [442ec2d2-8762-4ddc-9d9e-f72be6bfd603@group-0BCE51E68637-FollowerState] INFO  server.RaftServerConfigKeys (ConfUtils.java:logGet(46)) - raft.server.leaderelection.pre-vote = false (custom)
2023-01-16 14:42:40,885 [442ec2d2-8762-4ddc-9d9e-f72be6bfd603@group-0BCE51E68637-FollowerState] INFO  impl.RoleInfo (RoleInfo.java:updateAndGet(139)) - 442ec2d2-8762-4ddc-9d9e-f72be6bfd603: start 442ec2d2-8762-4ddc-9d9e-f72be6bfd603@group-0BCE51E68637-LeaderElection27
2023-01-16 14:42:40,887 [442ec2d2-8762-4ddc-9d9e-f72be6bfd603@group-0BCE51E68637-LeaderElection27] INFO  impl.LeaderElection (LeaderElection.java:askForVotes(312)) - 442ec2d2-8762-4ddc-9d9e-f72be6bfd603@group-0BCE51E68637-LeaderElection27 ELECTION round 0: submit vote requests at term 1 for -1: peers:[442ec2d2-8762-4ddc-9d9e-f72be6bfd603|rpc:10.1.1.103:34623|dataStream:10.1.1.103:43549|priority:1|startupRole:FOLLOWER]|listeners:[], old=null
2023-01-16 14:42:40,888 [442ec2d2-8762-4ddc-9d9e-f72be6bfd603@group-0BCE51E68637-LeaderElection27] INFO  impl.LeaderElection (LeaderElection.java:askForVotes(314)) - 442ec2d2-8762-4ddc-9d9e-f72be6bfd603@group-0BCE51E68637-LeaderElection27 ELECTION round 0: result PASSED (term=1)
2023-01-16 14:42:40,888 [442ec2d2-8762-4ddc-9d9e-f72be6bfd603@group-0BCE51E68637-LeaderElection27] INFO  impl.RoleInfo (RoleInfo.java:shutdownLeaderElection(130)) - 442ec2d2-8762-4ddc-9d9e-f72be6bfd603: shutdown 442ec2d2-8762-4ddc-9d9e-f72be6bfd603@group-0BCE51E68637-LeaderElection27
2023-01-16 14:42:40,888 [442ec2d2-8762-4ddc-9d9e-f72be6bfd603@group-0BCE51E68637-LeaderElection27] INFO  server.RaftServer$Division (RaftServerImpl.java:setRole(321)) - 442ec2d2-8762-4ddc-9d9e-f72be6bfd603@group-0BCE51E68637: changes role from CANDIDATE to LEADER at term 1 for changeToLeader
2023-01-16 14:42:40,888 [442ec2d2-8762-4ddc-9d9e-f72be6bfd603@group-0BCE51E68637-LeaderElection27] INFO  ratis.XceiverServerRatis (XceiverServerRatis.java:handleLeaderChangedNotification(904)) - Leader change notification received for group: group-0BCE51E68637 with new leaderId: 442ec2d2-8762-4ddc-9d9e-f72be6bfd603
2023-01-16 14:42:40,888 [442ec2d2-8762-4ddc-9d9e-f72be6bfd603@group-0BCE51E68637-LeaderElection27] INFO  server.RaftServer$Division (ServerState.java:setLeader(313)) - 442ec2d2-8762-4ddc-9d9e-f72be6bfd603@group-0BCE51E68637: change Leader from null to 442ec2d2-8762-4ddc-9d9e-f72be6bfd603 at term 1 for becomeLeader, leader elected after 5025ms
2023-01-16 14:42:40,888 [442ec2d2-8762-4ddc-9d9e-f72be6bfd603@group-0BCE51E68637-LeaderElection27] INFO  server.RaftServerConfigKeys (ConfUtils.java:logGet(46)) - raft.server.staging.catchup.gap = 1000 (default)
2023-01-16 14:42:40,888 [442ec2d2-8762-4ddc-9d9e-f72be6bfd603@group-0BCE51E68637-LeaderElection27] INFO  server.RaftServerConfigKeys (ConfUtils.java:logGet(46)) - raft.server.write.element-limit = 1024 (custom)
2023-01-16 14:42:40,888 [442ec2d2-8762-4ddc-9d9e-f72be6bfd603@group-0BCE51E68637-LeaderElection27] INFO  server.RaftServerConfigKeys (ConfUtils.java:logGet(46)) - raft.server.write.byte-limit = 1024 M (=1073741824) (custom)
2023-01-16 14:42:40,891 [442ec2d2-8762-4ddc-9d9e-f72be6bfd603@group-0BCE51E68637-LeaderElection27] INFO  server.RaftServerConfigKeys (ConfUtils.java:logGet(46)) - raft.server.watch.timeout = 180s (custom)
2023-01-16 14:42:40,891 [442ec2d2-8762-4ddc-9d9e-f72be6bfd603@group-0BCE51E68637-LeaderElection27] INFO  server.RaftServerConfigKeys (ConfUtils.java:logGet(46)) - raft.server.watch.timeout.denomination = 1s (default)
2023-01-16 14:42:40,891 [442ec2d2-8762-4ddc-9d9e-f72be6bfd603@group-0BCE51E68637-LeaderElection27] INFO  server.RaftServerConfigKeys (ConfUtils.java:logGet(46)) - raft.server.watch.element-limit = 65536 (default)
2023-01-16 14:42:40,891 [442ec2d2-8762-4ddc-9d9e-f72be6bfd603@group-0BCE51E68637-LeaderElection27] INFO  server.RaftServerConfigKeys (ConfUtils.java:logGet(46)) - raft.server.write.element-limit = 1024 (custom)
2023-01-16 14:42:40,891 [442ec2d2-8762-4ddc-9d9e-f72be6bfd603@group-0BCE51E68637-LeaderElection27] INFO  server.RaftServerConfigKeys (ConfUtils.java:logGet(46)) - raft.server.write.follower.gap.ratio.max = -1.0 (default)
2023-01-16 14:42:40,891 [442ec2d2-8762-4ddc-9d9e-f72be6bfd603@group-0BCE51E68637-LeaderElection27] INFO  impl.RoleInfo (RoleInfo.java:updateAndGet(139)) - 442ec2d2-8762-4ddc-9d9e-f72be6bfd603: start 442ec2d2-8762-4ddc-9d9e-f72be6bfd603@group-0BCE51E68637-LeaderStateImpl
2023-01-16 14:42:40,891 [442ec2d2-8762-4ddc-9d9e-f72be6bfd603@group-0BCE51E68637-LeaderElection27] INFO  segmented.SegmentedRaftLogWorker (SegmentedRaftLogWorker.java:startLogSegment(452)) - 442ec2d2-8762-4ddc-9d9e-f72be6bfd603@group-0BCE51E68637-SegmentedRaftLogWorker: Starting segment from index:0
2023-01-16 14:42:40,892 [442ec2d2-8762-4ddc-9d9e-f72be6bfd603@group-0BCE51E68637-LeaderElection27] INFO  server.RaftServer$Division (ServerState.java:setRaftConf(430)) - 442ec2d2-8762-4ddc-9d9e-f72be6bfd603@group-0BCE51E68637: set configuration 0: peers:[442ec2d2-8762-4ddc-9d9e-f72be6bfd603|rpc:10.1.1.103:34623|dataStream:10.1.1.103:43549|priority:1|startupRole:FOLLOWER]|listeners:[], old=null
2023-01-16 14:42:40,893 [442ec2d2-8762-4ddc-9d9e-f72be6bfd603@group-0BCE51E68637-SegmentedRaftLogWorker] INFO  segmented.SegmentedRaftLogWorker (SegmentedRaftLogWorker.java:execute(656)) - 442ec2d2-8762-4ddc-9d9e-f72be6bfd603@group-0BCE51E68637-SegmentedRaftLogWorker: created new log segment /home/runner/work/ozone/ozone/hadoop-ozone/integration-test/target/test-dir/MiniOzoneClusterImpl-c46fa063-69c7-4818-82ed-7a4432d72042/datanode-1/data/ratis/37db6620-9727-4967-a59b-0bce51e68637/current/log_inprogress_0
2023-01-16 14:42:40,944 [442ec2d2-8762-4ddc-9d9e-f72be6bfd603@group-BA480BCFE081-FollowerState] INFO  impl.FollowerState (FollowerState.java:run(143)) - 442ec2d2-8762-4ddc-9d9e-f72be6bfd603@group-BA480BCFE081-FollowerState: change to CANDIDATE, lastRpcElapsedTime:5027851658ns, electionTimeout:5007ms
2023-01-16 14:42:40,944 [442ec2d2-8762-4ddc-9d9e-f72be6bfd603@group-BA480BCFE081-FollowerState] INFO  impl.RoleInfo (RoleInfo.java:shutdownFollowerState(110)) - 442ec2d2-8762-4ddc-9d9e-f72be6bfd603: shutdown 442ec2d2-8762-4ddc-9d9e-f72be6bfd603@group-BA480BCFE081-FollowerState
2023-01-16 14:42:40,944 [442ec2d2-8762-4ddc-9d9e-f72be6bfd603@group-BA480BCFE081-FollowerState] INFO  server.RaftServer$Division (RaftServerImpl.java:setRole(321)) - 442ec2d2-8762-4ddc-9d9e-f72be6bfd603@group-BA480BCFE081: changes role from  FOLLOWER to CANDIDATE at term 0 for changeToCandidate
2023-01-16 14:42:40,944 [442ec2d2-8762-4ddc-9d9e-f72be6bfd603@group-BA480BCFE081-FollowerState] INFO  server.RaftServerConfigKeys (ConfUtils.java:logGet(46)) - raft.server.leaderelection.pre-vote = false (custom)
2023-01-16 14:42:40,944 [442ec2d2-8762-4ddc-9d9e-f72be6bfd603@group-BA480BCFE081-FollowerState] INFO  impl.RoleInfo (RoleInfo.java:updateAndGet(139)) - 442ec2d2-8762-4ddc-9d9e-f72be6bfd603: start 442ec2d2-8762-4ddc-9d9e-f72be6bfd603@group-BA480BCFE081-LeaderElection28
2023-01-16 14:42:40,949 [442ec2d2-8762-4ddc-9d9e-f72be6bfd603@group-BA480BCFE081-LeaderElection28] INFO  impl.LeaderElection (LeaderElection.java:askForVotes(312)) - 442ec2d2-8762-4ddc-9d9e-f72be6bfd603@group-BA480BCFE081-LeaderElection28 ELECTION round 0: submit vote requests at term 1 for -1: peers:[710767cc-7b4a-4f75-833c-d89a4e7b1741|rpc:10.1.1.103:32999|dataStream:10.1.1.103:34697|priority:0|startupRole:FOLLOWER, 442ec2d2-8762-4ddc-9d9e-f72be6bfd603|rpc:10.1.1.103:34623|dataStream:10.1.1.103:43549|priority:1|startupRole:FOLLOWER, d72051fe-3aaa-4ca0-b891-e1cdc202e4f4|rpc:10.1.1.103:43765|dataStream:10.1.1.103:39517|priority:0|startupRole:FOLLOWER]|listeners:[], old=null
2023-01-16 14:42:40,950 [442ec2d2-8762-4ddc-9d9e-f72be6bfd603@group-BA480BCFE081-LeaderElection28-1] INFO  server.GrpcServerProtocolClient (GrpcServerProtocolClient.java:<init>(63)) - Build channel for 710767cc-7b4a-4f75-833c-d89a4e7b1741
2023-01-16 14:42:40,954 [442ec2d2-8762-4ddc-9d9e-f72be6bfd603@group-BA480BCFE081-LeaderElection28] INFO  server.RaftServerConfigKeys (ConfUtils.java:logFallback(53)) - raft.server.rpc.first-election.timeout.min = 5s (fallback to raft.server.rpc.timeout.min)
2023-01-16 14:42:40,954 [442ec2d2-8762-4ddc-9d9e-f72be6bfd603@group-BA480BCFE081-LeaderElection28] INFO  server.RaftServerConfigKeys (ConfUtils.java:logFallback(53)) - raft.server.rpc.first-election.timeout.max = 5200ms (fallback to raft.server.rpc.timeout.max)
2023-01-16 14:42:40,960 [442ec2d2-8762-4ddc-9d9e-f72be6bfd603@group-BA480BCFE081-LeaderElection28-2] INFO  server.GrpcServerProtocolClient (GrpcServerProtocolClient.java:<init>(63)) - Build channel for d72051fe-3aaa-4ca0-b891-e1cdc202e4f4
2023-01-16 14:42:40,963 [grpc-default-executor-6] INFO  server.RaftServer$Division (RaftServerImpl.java:requestVote(1218)) - 710767cc-7b4a-4f75-833c-d89a4e7b1741@group-BA480BCFE081: receive requestVote(ELECTION, 442ec2d2-8762-4ddc-9d9e-f72be6bfd603, group-BA480BCFE081, 1, (t:0, i:0))
2023-01-16 14:42:40,963 [grpc-default-executor-6] INFO  impl.VoteContext (VoteContext.java:log(49)) - 710767cc-7b4a-4f75-833c-d89a4e7b1741@group-BA480BCFE081-FOLLOWER: accept ELECTION from 442ec2d2-8762-4ddc-9d9e-f72be6bfd603: our priority 0 <= candidate's priority 1
2023-01-16 14:42:40,963 [grpc-default-executor-6] INFO  server.RaftServer$Division (RaftServerImpl.java:setRole(321)) - 710767cc-7b4a-4f75-833c-d89a4e7b1741@group-BA480BCFE081: changes role from  FOLLOWER to FOLLOWER at term 1 for candidate:442ec2d2-8762-4ddc-9d9e-f72be6bfd603
2023-01-16 14:42:40,963 [grpc-default-executor-6] INFO  impl.RoleInfo (RoleInfo.java:shutdownFollowerState(110)) - 710767cc-7b4a-4f75-833c-d89a4e7b1741: shutdown 710767cc-7b4a-4f75-833c-d89a4e7b1741@group-BA480BCFE081-FollowerState
2023-01-16 14:42:40,963 [grpc-default-executor-6] INFO  impl.RoleInfo (RoleInfo.java:updateAndGet(139)) - 710767cc-7b4a-4f75-833c-d89a4e7b1741: start 710767cc-7b4a-4f75-833c-d89a4e7b1741@group-BA480BCFE081-FollowerState
2023-01-16 14:42:40,963 [710767cc-7b4a-4f75-833c-d89a4e7b1741@group-BA480BCFE081-FollowerState] INFO  impl.FollowerState (FollowerState.java:run(152)) - 710767cc-7b4a-4f75-833c-d89a4e7b1741@group-BA480BCFE081-FollowerState was interrupted
2023-01-16 14:42:40,971 [grpc-default-executor-6] INFO  server.RaftServer$Division (RaftServerImpl.java:requestVote(1251)) - 710767cc-7b4a-4f75-833c-d89a4e7b1741@group-BA480BCFE081 replies to ELECTION vote request: 442ec2d2-8762-4ddc-9d9e-f72be6bfd603<-710767cc-7b4a-4f75-833c-d89a4e7b1741#0:OK-t1. Peer's state: 710767cc-7b4a-4f75-833c-d89a4e7b1741@group-BA480BCFE081:t1, leader=null, voted=442ec2d2-8762-4ddc-9d9e-f72be6bfd603, raftlog=Memoized:710767cc-7b4a-4f75-833c-d89a4e7b1741@group-BA480BCFE081-SegmentedRaftLog:OPENED:c-1, conf=-1: peers:[710767cc-7b4a-4f75-833c-d89a4e7b1741|rpc:10.1.1.103:32999|dataStream:10.1.1.103:34697|priority:0|startupRole:FOLLOWER, 442ec2d2-8762-4ddc-9d9e-f72be6bfd603|rpc:10.1.1.103:34623|dataStream:10.1.1.103:43549|priority:1|startupRole:FOLLOWER, d72051fe-3aaa-4ca0-b891-e1cdc202e4f4|rpc:10.1.1.103:43765|dataStream:10.1.1.103:39517|priority:0|startupRole:FOLLOWER]|listeners:[], old=null
2023-01-16 14:42:40,972 [710767cc-7b4a-4f75-833c-d89a4e7b1741@group-BA480BCFE081-FollowerState] INFO  server.RaftServerConfigKeys (ConfUtils.java:logFallback(53)) - raft.server.rpc.first-election.timeout.min = 5s (fallback to raft.server.rpc.timeout.min)
2023-01-16 14:42:40,972 [710767cc-7b4a-4f75-833c-d89a4e7b1741@group-BA480BCFE081-FollowerState] INFO  server.RaftServerConfigKeys (ConfUtils.java:logFallback(53)) - raft.server.rpc.first-election.timeout.max = 5200ms (fallback to raft.server.rpc.timeout.max)
2023-01-16 14:42:40,973 [442ec2d2-8762-4ddc-9d9e-f72be6bfd603@group-BA480BCFE081-LeaderElection28] INFO  impl.LeaderElection (LeaderElection.java:logAndReturn(90)) - 442ec2d2-8762-4ddc-9d9e-f72be6bfd603@group-BA480BCFE081-LeaderElection28: ELECTION PASSED received 1 response(s) and 0 exception(s):
2023-01-16 14:42:40,973 [442ec2d2-8762-4ddc-9d9e-f72be6bfd603@group-BA480BCFE081-LeaderElection28] INFO  impl.LeaderElection (LeaderElection.java:logAndReturn(94)) -   Response 0: 442ec2d2-8762-4ddc-9d9e-f72be6bfd603<-710767cc-7b4a-4f75-833c-d89a4e7b1741#0:OK-t1
2023-01-16 14:42:40,973 [442ec2d2-8762-4ddc-9d9e-f72be6bfd603@group-BA480BCFE081-LeaderElection28] INFO  impl.LeaderElection (LeaderElection.java:askForVotes(314)) - 442ec2d2-8762-4ddc-9d9e-f72be6bfd603@group-BA480BCFE081-LeaderElection28 ELECTION round 0: result PASSED
2023-01-16 14:42:40,973 [442ec2d2-8762-4ddc-9d9e-f72be6bfd603@group-BA480BCFE081-LeaderElection28] INFO  impl.RoleInfo (RoleInfo.java:shutdownLeaderElection(130)) - 442ec2d2-8762-4ddc-9d9e-f72be6bfd603: shutdown 442ec2d2-8762-4ddc-9d9e-f72be6bfd603@group-BA480BCFE081-LeaderElection28
2023-01-16 14:42:40,973 [442ec2d2-8762-4ddc-9d9e-f72be6bfd603@group-BA480BCFE081-LeaderElection28] INFO  server.RaftServer$Division (RaftServerImpl.java:setRole(321)) - 442ec2d2-8762-4ddc-9d9e-f72be6bfd603@group-BA480BCFE081: changes role from CANDIDATE to LEADER at term 1 for changeToLeader
2023-01-16 14:42:40,973 [442ec2d2-8762-4ddc-9d9e-f72be6bfd603@group-BA480BCFE081-LeaderElection28] INFO  ratis.XceiverServerRatis (XceiverServerRatis.java:handleLeaderChangedNotification(904)) - Leader change notification received for group: group-BA480BCFE081 with new leaderId: 442ec2d2-8762-4ddc-9d9e-f72be6bfd603
2023-01-16 14:42:40,973 [442ec2d2-8762-4ddc-9d9e-f72be6bfd603@group-BA480BCFE081-LeaderElection28] INFO  server.RaftServer$Division (ServerState.java:setLeader(313)) - 442ec2d2-8762-4ddc-9d9e-f72be6bfd603@group-BA480BCFE081: change Leader from null to 442ec2d2-8762-4ddc-9d9e-f72be6bfd603 at term 1 for becomeLeader, leader elected after 5076ms
2023-01-16 14:42:40,973 [442ec2d2-8762-4ddc-9d9e-f72be6bfd603@group-BA480BCFE081-LeaderElection28] INFO  server.RaftServerConfigKeys (ConfUtils.java:logGet(46)) - raft.server.staging.catchup.gap = 1000 (default)
2023-01-16 14:42:40,973 [442ec2d2-8762-4ddc-9d9e-f72be6bfd603@group-BA480BCFE081-LeaderElection28] INFO  server.RaftServerConfigKeys (ConfUtils.java:logGet(46)) - raft.server.write.element-limit = 1024 (custom)
2023-01-16 14:42:40,973 [442ec2d2-8762-4ddc-9d9e-f72be6bfd603@group-BA480BCFE081-LeaderElection28] INFO  server.RaftServerConfigKeys (ConfUtils.java:logGet(46)) - raft.server.write.byte-limit = 1024 M (=1073741824) (custom)
2023-01-16 14:42:40,974 [442ec2d2-8762-4ddc-9d9e-f72be6bfd603@group-BA480BCFE081-LeaderElection28] INFO  server.RaftServerConfigKeys (ConfUtils.java:logGet(46)) - raft.server.watch.timeout = 180s (custom)
2023-01-16 14:42:40,974 [442ec2d2-8762-4ddc-9d9e-f72be6bfd603@group-BA480BCFE081-LeaderElection28] INFO  server.RaftServerConfigKeys (ConfUtils.java:logGet(46)) - raft.server.watch.timeout.denomination = 1s (default)
2023-01-16 14:42:40,974 [442ec2d2-8762-4ddc-9d9e-f72be6bfd603@group-BA480BCFE081-LeaderElection28] INFO  server.RaftServerConfigKeys (ConfUtils.java:logGet(46)) - raft.server.watch.element-limit = 65536 (default)
2023-01-16 14:42:40,974 [442ec2d2-8762-4ddc-9d9e-f72be6bfd603@group-BA480BCFE081-LeaderElection28] INFO  server.RaftServerConfigKeys (ConfUtils.java:logGet(46)) - raft.server.write.element-limit = 1024 (custom)
2023-01-16 14:42:40,974 [442ec2d2-8762-4ddc-9d9e-f72be6bfd603@group-BA480BCFE081-LeaderElection28] INFO  server.RaftServerConfigKeys (ConfUtils.java:logGet(46)) - raft.server.write.follower.gap.ratio.max = -1.0 (default)
2023-01-16 14:42:40,974 [442ec2d2-8762-4ddc-9d9e-f72be6bfd603@group-BA480BCFE081-LeaderElection28] INFO  server.RaftServerConfigKeys (ConfUtils.java:logGet(46)) - raft.server.log.appender.snapshot.chunk.size.max = 16MB (=16777216) (default)
2023-01-16 14:42:40,974 [grpc-default-executor-6] INFO  server.RaftServer$Division (RaftServerImpl.java:requestVote(1218)) - d72051fe-3aaa-4ca0-b891-e1cdc202e4f4@group-BA480BCFE081: receive requestVote(ELECTION, 442ec2d2-8762-4ddc-9d9e-f72be6bfd603, group-BA480BCFE081, 1, (t:0, i:0))
2023-01-16 14:42:40,974 [grpc-default-executor-6] INFO  impl.VoteContext (VoteContext.java:log(49)) - d72051fe-3aaa-4ca0-b891-e1cdc202e4f4@group-BA480BCFE081-FOLLOWER: accept ELECTION from 442ec2d2-8762-4ddc-9d9e-f72be6bfd603: our priority 0 <= candidate's priority 1
2023-01-16 14:42:40,974 [grpc-default-executor-6] INFO  server.RaftServer$Division (RaftServerImpl.java:setRole(321)) - d72051fe-3aaa-4ca0-b891-e1cdc202e4f4@group-BA480BCFE081: changes role from  FOLLOWER to FOLLOWER at term 1 for candidate:442ec2d2-8762-4ddc-9d9e-f72be6bfd603
2023-01-16 14:42:40,974 [grpc-default-executor-6] INFO  impl.RoleInfo (RoleInfo.java:shutdownFollowerState(110)) - d72051fe-3aaa-4ca0-b891-e1cdc202e4f4: shutdown d72051fe-3aaa-4ca0-b891-e1cdc202e4f4@group-BA480BCFE081-FollowerState
2023-01-16 14:42:40,974 [grpc-default-executor-6] INFO  impl.RoleInfo (RoleInfo.java:updateAndGet(139)) - d72051fe-3aaa-4ca0-b891-e1cdc202e4f4: start d72051fe-3aaa-4ca0-b891-e1cdc202e4f4@group-BA480BCFE081-FollowerState
2023-01-16 14:42:40,975 [d72051fe-3aaa-4ca0-b891-e1cdc202e4f4@group-BA480BCFE081-FollowerState] INFO  impl.FollowerState (FollowerState.java:run(152)) - d72051fe-3aaa-4ca0-b891-e1cdc202e4f4@group-BA480BCFE081-FollowerState was interrupted
2023-01-16 14:42:40,974 [442ec2d2-8762-4ddc-9d9e-f72be6bfd603@group-BA480BCFE081-LeaderElection28] INFO  server.RaftServerConfigKeys (ConfUtils.java:logGet(46)) - raft.server.log.appender.buffer.byte-limit = 33554432 (custom)
2023-01-16 14:42:40,975 [442ec2d2-8762-4ddc-9d9e-f72be6bfd603@group-BA480BCFE081-LeaderElection28] INFO  server.RaftServerConfigKeys (ConfUtils.java:logGet(46)) - raft.server.log.appender.buffer.element-limit = 1 (custom)
2023-01-16 14:42:40,976 [EventQueue-PipelineReportForPipelineReportHandler] INFO  pipeline.PipelineManagerImpl (PipelineManagerImpl.java:openPipeline(367)) - Pipeline Pipeline[ Id: ff0120f3-6f59-4109-a245-ba480bcfe081, Nodes: 710767cc-7b4a-4f75-833c-d89a4e7b1741(fv-az203-757.ild0l4k5vsluppoevu2oqvhmda.cx.internal.cloudapp.net/10.1.1.103)442ec2d2-8762-4ddc-9d9e-f72be6bfd603(fv-az203-757.ild0l4k5vsluppoevu2oqvhmda.cx.internal.cloudapp.net/10.1.1.103)d72051fe-3aaa-4ca0-b891-e1cdc202e4f4(fv-az203-757.ild0l4k5vsluppoevu2oqvhmda.cx.internal.cloudapp.net/10.1.1.103), ReplicationConfig: RATIS/THREE, State:ALLOCATED, leaderId:442ec2d2-8762-4ddc-9d9e-f72be6bfd603, CreationTimestamp2023-01-16T14:42:33.048Z[Etc/UTC]] moved to OPEN state
2023-01-16 14:42:40,981 [442ec2d2-8762-4ddc-9d9e-f72be6bfd603@group-BA480BCFE081-LeaderElection28] INFO  grpc.GrpcConfigKeys (ConfUtils.java:logGet(46)) - raft.grpc.server.leader.outstanding.appends.max = 128 (default)
2023-01-16 14:42:40,981 [442ec2d2-8762-4ddc-9d9e-f72be6bfd603@group-BA480BCFE081-LeaderElection28] INFO  server.RaftServerConfigKeys (ConfUtils.java:logGet(46)) - raft.server.rpc.request.timeout = 60s (custom)
2023-01-16 14:42:40,982 [442ec2d2-8762-4ddc-9d9e-f72be6bfd603@group-BA480BCFE081-LeaderElection28] INFO  server.RaftServerConfigKeys (ConfUtils.java:logGet(46)) - raft.server.log.appender.install.snapshot.enabled = false (custom)
2023-01-16 14:42:40,982 [442ec2d2-8762-4ddc-9d9e-f72be6bfd603@group-BA480BCFE081-LeaderElection28] INFO  grpc.GrpcConfigKeys (ConfUtils.java:logGet(46)) - raft.grpc.server.heartbeat.channel = true (default)
2023-01-16 14:42:40,982 [442ec2d2-8762-4ddc-9d9e-f72be6bfd603@group-BA480BCFE081-LeaderElection28] INFO  server.RaftServerConfigKeys (ConfUtils.java:logGet(46)) - raft.server.log.appender.wait-time.min = 10ms (default)
2023-01-16 14:42:40,982 [442ec2d2-8762-4ddc-9d9e-f72be6bfd603@group-BA480BCFE081-LeaderElection28] INFO  server.RaftServerConfigKeys (ConfUtils.java:logGet(46)) - raft.server.log.appender.snapshot.chunk.size.max = 16MB (=16777216) (default)
2023-01-16 14:42:40,982 [442ec2d2-8762-4ddc-9d9e-f72be6bfd603@group-BA480BCFE081-LeaderElection28] INFO  server.RaftServerConfigKeys (ConfUtils.java:logGet(46)) - raft.server.log.appender.buffer.byte-limit = 33554432 (custom)
2023-01-16 14:42:40,982 [442ec2d2-8762-4ddc-9d9e-f72be6bfd603@group-BA480BCFE081-LeaderElection28] INFO  server.RaftServerConfigKeys (ConfUtils.java:logGet(46)) - raft.server.log.appender.buffer.element-limit = 1 (custom)
2023-01-16 14:42:40,982 [442ec2d2-8762-4ddc-9d9e-f72be6bfd603@group-BA480BCFE081-LeaderElection28] INFO  grpc.GrpcConfigKeys (ConfUtils.java:logGet(46)) - raft.grpc.server.leader.outstanding.appends.max = 128 (default)
2023-01-16 14:42:40,982 [442ec2d2-8762-4ddc-9d9e-f72be6bfd603@group-BA480BCFE081-LeaderElection28] INFO  server.RaftServerConfigKeys (ConfUtils.java:logGet(46)) - raft.server.rpc.request.timeout = 60s (custom)
2023-01-16 14:42:40,982 [442ec2d2-8762-4ddc-9d9e-f72be6bfd603@group-BA480BCFE081-LeaderElection28] INFO  server.RaftServerConfigKeys (ConfUtils.java:logGet(46)) - raft.server.log.appender.install.snapshot.enabled = false (custom)
2023-01-16 14:42:40,982 [442ec2d2-8762-4ddc-9d9e-f72be6bfd603@group-BA480BCFE081-LeaderElection28] INFO  grpc.GrpcConfigKeys (ConfUtils.java:logGet(46)) - raft.grpc.server.heartbeat.channel = true (default)
2023-01-16 14:42:40,982 [442ec2d2-8762-4ddc-9d9e-f72be6bfd603@group-BA480BCFE081-LeaderElection28] INFO  server.RaftServerConfigKeys (ConfUtils.java:logGet(46)) - raft.server.log.appender.wait-time.min = 10ms (default)
2023-01-16 14:42:40,983 [442ec2d2-8762-4ddc-9d9e-f72be6bfd603@group-BA480BCFE081-LeaderElection28] INFO  impl.RoleInfo (RoleInfo.java:updateAndGet(139)) - 442ec2d2-8762-4ddc-9d9e-f72be6bfd603: start 442ec2d2-8762-4ddc-9d9e-f72be6bfd603@group-BA480BCFE081-LeaderStateImpl
2023-01-16 14:42:40,983 [442ec2d2-8762-4ddc-9d9e-f72be6bfd603@group-BA480BCFE081-LeaderElection28] INFO  segmented.SegmentedRaftLogWorker (SegmentedRaftLogWorker.java:startLogSegment(452)) - 442ec2d2-8762-4ddc-9d9e-f72be6bfd603@group-BA480BCFE081-SegmentedRaftLogWorker: Starting segment from index:0
2023-01-16 14:42:40,984 [442ec2d2-8762-4ddc-9d9e-f72be6bfd603@group-BA480BCFE081-SegmentedRaftLogWorker] INFO  segmented.SegmentedRaftLogWorker (SegmentedRaftLogWorker.java:execute(656)) - 442ec2d2-8762-4ddc-9d9e-f72be6bfd603@group-BA480BCFE081-SegmentedRaftLogWorker: created new log segment /home/runner/work/ozone/ozone/hadoop-ozone/integration-test/target/test-dir/MiniOzoneClusterImpl-c46fa063-69c7-4818-82ed-7a4432d72042/datanode-1/data/ratis/ff0120f3-6f59-4109-a245-ba480bcfe081/current/log_inprogress_0
2023-01-16 14:42:40,992 [442ec2d2-8762-4ddc-9d9e-f72be6bfd603@group-BA480BCFE081-LeaderElection28] INFO  server.RaftServer$Division (ServerState.java:setRaftConf(430)) - 442ec2d2-8762-4ddc-9d9e-f72be6bfd603@group-BA480BCFE081: set configuration 0: peers:[710767cc-7b4a-4f75-833c-d89a4e7b1741|rpc:10.1.1.103:32999|dataStream:10.1.1.103:34697|priority:0|startupRole:FOLLOWER, 442ec2d2-8762-4ddc-9d9e-f72be6bfd603|rpc:10.1.1.103:34623|dataStream:10.1.1.103:43549|priority:1|startupRole:FOLLOWER, d72051fe-3aaa-4ca0-b891-e1cdc202e4f4|rpc:10.1.1.103:43765|dataStream:10.1.1.103:39517|priority:0|startupRole:FOLLOWER]|listeners:[], old=null
2023-01-16 14:42:40,992 [grpc-default-executor-6] INFO  server.RaftServer$Division (RaftServerImpl.java:requestVote(1251)) - d72051fe-3aaa-4ca0-b891-e1cdc202e4f4@group-BA480BCFE081 replies to ELECTION vote request: 442ec2d2-8762-4ddc-9d9e-f72be6bfd603<-d72051fe-3aaa-4ca0-b891-e1cdc202e4f4#0:OK-t1. Peer's state: d72051fe-3aaa-4ca0-b891-e1cdc202e4f4@group-BA480BCFE081:t1, leader=null, voted=442ec2d2-8762-4ddc-9d9e-f72be6bfd603, raftlog=Memoized:d72051fe-3aaa-4ca0-b891-e1cdc202e4f4@group-BA480BCFE081-SegmentedRaftLog:OPENED:c-1, conf=-1: peers:[710767cc-7b4a-4f75-833c-d89a4e7b1741|rpc:10.1.1.103:32999|dataStream:10.1.1.103:34697|priority:0|startupRole:FOLLOWER, 442ec2d2-8762-4ddc-9d9e-f72be6bfd603|rpc:10.1.1.103:34623|dataStream:10.1.1.103:43549|priority:1|startupRole:FOLLOWER, d72051fe-3aaa-4ca0-b891-e1cdc202e4f4|rpc:10.1.1.103:43765|dataStream:10.1.1.103:39517|priority:0|startupRole:FOLLOWER]|listeners:[], old=null
2023-01-16 14:42:40,993 [d72051fe-3aaa-4ca0-b891-e1cdc202e4f4@group-BA480BCFE081-FollowerState] INFO  server.RaftServerConfigKeys (ConfUtils.java:logFallback(53)) - raft.server.rpc.first-election.timeout.min = 5s (fallback to raft.server.rpc.timeout.min)
2023-01-16 14:42:40,993 [d72051fe-3aaa-4ca0-b891-e1cdc202e4f4@group-BA480BCFE081-FollowerState] INFO  server.RaftServerConfigKeys (ConfUtils.java:logFallback(53)) - raft.server.rpc.first-election.timeout.max = 5200ms (fallback to raft.server.rpc.timeout.max)
2023-01-16 14:42:40,999 [710767cc-7b4a-4f75-833c-d89a4e7b1741-server-thread1] INFO  ratis.XceiverServerRatis (XceiverServerRatis.java:handleLeaderChangedNotification(904)) - Leader change notification received for group: group-BA480BCFE081 with new leaderId: 442ec2d2-8762-4ddc-9d9e-f72be6bfd603
2023-01-16 14:42:40,999 [710767cc-7b4a-4f75-833c-d89a4e7b1741-server-thread1] INFO  server.RaftServer$Division (ServerState.java:setLeader(313)) - 710767cc-7b4a-4f75-833c-d89a4e7b1741@group-BA480BCFE081: change Leader from null to 442ec2d2-8762-4ddc-9d9e-f72be6bfd603 at term 1 for appendEntries, leader elected after 5060ms
2023-01-16 14:42:41,002 [710767cc-7b4a-4f75-833c-d89a4e7b1741-server-thread1] INFO  server.RaftServer$Division (ServerState.java:setRaftConf(430)) - 710767cc-7b4a-4f75-833c-d89a4e7b1741@group-BA480BCFE081: set configuration 0: peers:[710767cc-7b4a-4f75-833c-d89a4e7b1741|rpc:10.1.1.103:32999|dataStream:10.1.1.103:34697|priority:0|startupRole:FOLLOWER, 442ec2d2-8762-4ddc-9d9e-f72be6bfd603|rpc:10.1.1.103:34623|dataStream:10.1.1.103:43549|priority:1|startupRole:FOLLOWER, d72051fe-3aaa-4ca0-b891-e1cdc202e4f4|rpc:10.1.1.103:43765|dataStream:10.1.1.103:39517|priority:0|startupRole:FOLLOWER]|listeners:[], old=null
2023-01-16 14:42:41,005 [710767cc-7b4a-4f75-833c-d89a4e7b1741-server-thread1] INFO  segmented.SegmentedRaftLogWorker (SegmentedRaftLogWorker.java:startLogSegment(452)) - 710767cc-7b4a-4f75-833c-d89a4e7b1741@group-BA480BCFE081-SegmentedRaftLogWorker: Starting segment from index:0
2023-01-16 14:42:41,008 [710767cc-7b4a-4f75-833c-d89a4e7b1741@group-BA480BCFE081-SegmentedRaftLogWorker] INFO  segmented.SegmentedRaftLogWorker (SegmentedRaftLogWorker.java:execute(656)) - 710767cc-7b4a-4f75-833c-d89a4e7b1741@group-BA480BCFE081-SegmentedRaftLogWorker: created new log segment /home/runner/work/ozone/ozone/hadoop-ozone/integration-test/target/test-dir/MiniOzoneClusterImpl-c46fa063-69c7-4818-82ed-7a4432d72042/datanode-0/data/ratis/ff0120f3-6f59-4109-a245-ba480bcfe081/current/log_inprogress_0
2023-01-16 14:42:41,011 [d72051fe-3aaa-4ca0-b891-e1cdc202e4f4-server-thread1] INFO  ratis.XceiverServerRatis (XceiverServerRatis.java:handleLeaderChangedNotification(904)) - Leader change notification received for group: group-BA480BCFE081 with new leaderId: 442ec2d2-8762-4ddc-9d9e-f72be6bfd603
2023-01-16 14:42:41,011 [d72051fe-3aaa-4ca0-b891-e1cdc202e4f4-server-thread1] INFO  server.RaftServer$Division (ServerState.java:setLeader(313)) - d72051fe-3aaa-4ca0-b891-e1cdc202e4f4@group-BA480BCFE081: change Leader from null to 442ec2d2-8762-4ddc-9d9e-f72be6bfd603 at term 1 for appendEntries, leader elected after 5036ms
2023-01-16 14:42:41,016 [d72051fe-3aaa-4ca0-b891-e1cdc202e4f4-server-thread2] INFO  server.RaftServer$Division (ServerState.java:setRaftConf(430)) - d72051fe-3aaa-4ca0-b891-e1cdc202e4f4@group-BA480BCFE081: set configuration 0: peers:[710767cc-7b4a-4f75-833c-d89a4e7b1741|rpc:10.1.1.103:32999|dataStream:10.1.1.103:34697|priority:0|startupRole:FOLLOWER, 442ec2d2-8762-4ddc-9d9e-f72be6bfd603|rpc:10.1.1.103:34623|dataStream:10.1.1.103:43549|priority:1|startupRole:FOLLOWER, d72051fe-3aaa-4ca0-b891-e1cdc202e4f4|rpc:10.1.1.103:43765|dataStream:10.1.1.103:39517|priority:0|startupRole:FOLLOWER]|listeners:[], old=null
2023-01-16 14:42:41,017 [d72051fe-3aaa-4ca0-b891-e1cdc202e4f4-server-thread2] INFO  segmented.SegmentedRaftLogWorker (SegmentedRaftLogWorker.java:startLogSegment(452)) - d72051fe-3aaa-4ca0-b891-e1cdc202e4f4@group-BA480BCFE081-SegmentedRaftLogWorker: Starting segment from index:0
2023-01-16 14:42:41,018 [d72051fe-3aaa-4ca0-b891-e1cdc202e4f4@group-BA480BCFE081-SegmentedRaftLogWorker] INFO  segmented.SegmentedRaftLogWorker (SegmentedRaftLogWorker.java:execute(656)) - d72051fe-3aaa-4ca0-b891-e1cdc202e4f4@group-BA480BCFE081-SegmentedRaftLogWorker: created new log segment /home/runner/work/ozone/ozone/hadoop-ozone/integration-test/target/test-dir/MiniOzoneClusterImpl-c46fa063-69c7-4818-82ed-7a4432d72042/datanode-2/data/ratis/ff0120f3-6f59-4109-a245-ba480bcfe081/current/log_inprogress_0
2023-01-16 14:42:41,048 [Listener at 127.0.0.1/46467] INFO  ozone.MiniOzoneClusterImpl (MiniOzoneClusterImpl.java:lambda$waitForClusterToBeReady$0(218)) - Nodes are ready. Got 3 of 3 DN Heartbeats.
2023-01-16 14:42:41,048 [Listener at 127.0.0.1/46467] INFO  ozone.MiniOzoneClusterImpl (MiniOzoneClusterImpl.java:lambda$waitForClusterToBeReady$0(221)) - Cluster exits safe mode
2023-01-16 14:42:41,048 [Listener at 127.0.0.1/46467] INFO  ozone.MiniOzoneClusterImpl (MiniOzoneClusterImpl.java:lambda$waitForClusterToBeReady$0(223)) - SCM became leader
2023-01-16 14:42:41,050 [Listener at 127.0.0.1/46467] INFO  ozoneimpl.OzoneContainer (OzoneContainer.java:stop(417)) - Attempting to stop container services.
2023-01-16 14:42:41,054 [Listener at 127.0.0.1/46467] INFO  server.RaftServer (RaftServerProxy.java:lambda$close$6(409)) - 710767cc-7b4a-4f75-833c-d89a4e7b1741: close
2023-01-16 14:42:41,054 [710767cc-7b4a-4f75-833c-d89a4e7b1741-impl-thread1] INFO  server.RaftServer$Division (RaftServerImpl.java:lambda$close$4(458)) - 710767cc-7b4a-4f75-833c-d89a4e7b1741@group-BA480BCFE081: shutdown
2023-01-16 14:42:41,054 [710767cc-7b4a-4f75-833c-d89a4e7b1741-impl-thread1] INFO  util.JmxRegister (JmxRegister.java:unregister(73)) - Successfully un-registered JMX Bean with object name Ratis:service=RaftServer,group=group-BA480BCFE081,id=710767cc-7b4a-4f75-833c-d89a4e7b1741
2023-01-16 14:42:41,054 [710767cc-7b4a-4f75-833c-d89a4e7b1741-impl-thread1] INFO  impl.RoleInfo (RoleInfo.java:shutdownFollowerState(110)) - 710767cc-7b4a-4f75-833c-d89a4e7b1741: shutdown 710767cc-7b4a-4f75-833c-d89a4e7b1741@group-BA480BCFE081-FollowerState
2023-01-16 14:42:41,055 [710767cc-7b4a-4f75-833c-d89a4e7b1741-impl-thread2] INFO  server.RaftServer$Division (RaftServerImpl.java:lambda$close$4(458)) - 710767cc-7b4a-4f75-833c-d89a4e7b1741@group-9E07FADADF34: shutdown
2023-01-16 14:42:41,055 [710767cc-7b4a-4f75-833c-d89a4e7b1741-impl-thread2] INFO  util.JmxRegister (JmxRegister.java:unregister(73)) - Successfully un-registered JMX Bean with object name Ratis:service=RaftServer,group=group-9E07FADADF34,id=710767cc-7b4a-4f75-833c-d89a4e7b1741
2023-01-16 14:42:41,055 [710767cc-7b4a-4f75-833c-d89a4e7b1741-impl-thread2] INFO  impl.RoleInfo (RoleInfo.java:shutdownLeaderState(93)) - 710767cc-7b4a-4f75-833c-d89a4e7b1741: shutdown 710767cc-7b4a-4f75-833c-d89a4e7b1741@group-9E07FADADF34-LeaderStateImpl
2023-01-16 14:42:41,055 [710767cc-7b4a-4f75-833c-d89a4e7b1741-impl-thread2] INFO  impl.PendingRequests (PendingRequests.java:sendNotLeaderResponses(282)) - 710767cc-7b4a-4f75-833c-d89a4e7b1741@group-9E07FADADF34-PendingRequests: sendNotLeaderResponses
2023-01-16 14:42:41,056 [710767cc-7b4a-4f75-833c-d89a4e7b1741-impl-thread2] INFO  impl.StateMachineUpdater (StateMachineUpdater.java:stopAndJoin(153)) - 710767cc-7b4a-4f75-833c-d89a4e7b1741@group-9E07FADADF34-StateMachineUpdater: set stopIndex = 0
2023-01-16 14:42:41,056 [Listener at 127.0.0.1/46467] INFO  server.GrpcService (GrpcService.java:closeImpl(271)) - 710767cc-7b4a-4f75-833c-d89a4e7b1741: shutdown server GrpcServerProtocolService now
2023-01-16 14:42:41,056 [710767cc-7b4a-4f75-833c-d89a4e7b1741@group-BA480BCFE081-FollowerState] INFO  impl.FollowerState (FollowerState.java:run(152)) - 710767cc-7b4a-4f75-833c-d89a4e7b1741@group-BA480BCFE081-FollowerState was interrupted
2023-01-16 14:42:41,056 [710767cc-7b4a-4f75-833c-d89a4e7b1741@group-BA480BCFE081-StateMachineUpdater] INFO  ratis.ContainerStateMachine (ContainerStateMachine.java:takeSnapshot(308)) - group-BA480BCFE081: Taking a snapshot at:(t:1, i:0) file /home/runner/work/ozone/ozone/hadoop-ozone/integration-test/target/test-dir/MiniOzoneClusterImpl-c46fa063-69c7-4818-82ed-7a4432d72042/datanode-0/data/ratis/ff0120f3-6f59-4109-a245-ba480bcfe081/sm/snapshot.1_0
2023-01-16 14:42:41,056 [710767cc-7b4a-4f75-833c-d89a4e7b1741-impl-thread1] INFO  impl.StateMachineUpdater (StateMachineUpdater.java:stopAndJoin(153)) - 710767cc-7b4a-4f75-833c-d89a4e7b1741@group-BA480BCFE081-StateMachineUpdater: set stopIndex = 0
2023-01-16 14:42:41,056 [710767cc-7b4a-4f75-833c-d89a4e7b1741@group-9E07FADADF34-StateMachineUpdater] INFO  ratis.ContainerStateMachine (ContainerStateMachine.java:takeSnapshot(308)) - group-9E07FADADF34: Taking a snapshot at:(t:1, i:0) file /home/runner/work/ozone/ozone/hadoop-ozone/integration-test/target/test-dir/MiniOzoneClusterImpl-c46fa063-69c7-4818-82ed-7a4432d72042/datanode-0/data/ratis/f23a0c2d-a1dc-42dc-b0ed-9e07fadadf34/sm/snapshot.1_0
2023-01-16 14:42:41,057 [710767cc-7b4a-4f75-833c-d89a4e7b1741@group-9E07FADADF34-StateMachineUpdater] INFO  ratis.ContainerStateMachine (ContainerStateMachine.java:takeSnapshot(319)) - group-9E07FADADF34: Finished taking a snapshot at:(t:1, i:0) file:/home/runner/work/ozone/ozone/hadoop-ozone/integration-test/target/test-dir/MiniOzoneClusterImpl-c46fa063-69c7-4818-82ed-7a4432d72042/datanode-0/data/ratis/f23a0c2d-a1dc-42dc-b0ed-9e07fadadf34/sm/snapshot.1_0 took: 2 ms
2023-01-16 14:42:41,058 [710767cc-7b4a-4f75-833c-d89a4e7b1741@group-9E07FADADF34-StateMachineUpdater] INFO  impl.StateMachineUpdater (StateMachineUpdater.java:takeSnapshot(287)) - 710767cc-7b4a-4f75-833c-d89a4e7b1741@group-9E07FADADF34-StateMachineUpdater: Took a snapshot at index 0
2023-01-16 14:42:41,058 [710767cc-7b4a-4f75-833c-d89a4e7b1741@group-9E07FADADF34-StateMachineUpdater] INFO  impl.StateMachineUpdater (StateMachineUpdater.java:lambda$new$0(92)) - 710767cc-7b4a-4f75-833c-d89a4e7b1741@group-9E07FADADF34-StateMachineUpdater: snapshotIndex: updateIncreasingly -1 -> 0
2023-01-16 14:42:41,060 [710767cc-7b4a-4f75-833c-d89a4e7b1741@group-BA480BCFE081-StateMachineUpdater] INFO  ratis.ContainerStateMachine (ContainerStateMachine.java:takeSnapshot(319)) - group-BA480BCFE081: Finished taking a snapshot at:(t:1, i:0) file:/home/runner/work/ozone/ozone/hadoop-ozone/integration-test/target/test-dir/MiniOzoneClusterImpl-c46fa063-69c7-4818-82ed-7a4432d72042/datanode-0/data/ratis/ff0120f3-6f59-4109-a245-ba480bcfe081/sm/snapshot.1_0 took: 3 ms
2023-01-16 14:42:41,060 [710767cc-7b4a-4f75-833c-d89a4e7b1741@group-BA480BCFE081-StateMachineUpdater] INFO  impl.StateMachineUpdater (StateMachineUpdater.java:takeSnapshot(287)) - 710767cc-7b4a-4f75-833c-d89a4e7b1741@group-BA480BCFE081-StateMachineUpdater: Took a snapshot at index 0
2023-01-16 14:42:41,060 [710767cc-7b4a-4f75-833c-d89a4e7b1741@group-BA480BCFE081-StateMachineUpdater] INFO  impl.StateMachineUpdater (StateMachineUpdater.java:lambda$new$0(92)) - 710767cc-7b4a-4f75-833c-d89a4e7b1741@group-BA480BCFE081-StateMachineUpdater: snapshotIndex: updateIncreasingly -1 -> 0
2023-01-16 14:42:41,060 [710767cc-7b4a-4f75-833c-d89a4e7b1741-impl-thread1] INFO  server.RaftServer$Division (ServerState.java:close(466)) - 710767cc-7b4a-4f75-833c-d89a4e7b1741@group-BA480BCFE081: closes. applyIndex: 0
2023-01-16 14:42:41,060 [710767cc-7b4a-4f75-833c-d89a4e7b1741@group-BA480BCFE081-SegmentedRaftLogWorker] INFO  segmented.SegmentedRaftLogWorker (SegmentedRaftLogWorker.java:run(347)) - 710767cc-7b4a-4f75-833c-d89a4e7b1741@group-BA480BCFE081-SegmentedRaftLogWorker was interrupted, exiting. There are 0 tasks remaining in the queue.
2023-01-16 14:42:41,069 [710767cc-7b4a-4f75-833c-d89a4e7b1741-impl-thread2] INFO  server.RaftServer$Division (ServerState.java:close(466)) - 710767cc-7b4a-4f75-833c-d89a4e7b1741@group-9E07FADADF34: closes. applyIndex: 0
2023-01-16 14:42:41,069 [710767cc-7b4a-4f75-833c-d89a4e7b1741@group-9E07FADADF34-SegmentedRaftLogWorker] INFO  segmented.SegmentedRaftLogWorker (SegmentedRaftLogWorker.java:run(347)) - 710767cc-7b4a-4f75-833c-d89a4e7b1741@group-9E07FADADF34-SegmentedRaftLogWorker was interrupted, exiting. There are 0 tasks remaining in the queue.
2023-01-16 14:42:41,070 [grpc-default-executor-6] WARN  server.GrpcServerProtocolService (LogUtils.java:warn(122)) - 710767cc-7b4a-4f75-833c-d89a4e7b1741: installSnapshot onError, lastRequest: null: org.apache.ratis.thirdparty.io.grpc.StatusRuntimeException: CANCELLED: client cancelled
2023-01-16 14:42:41,071 [grpc-default-executor-3] WARN  server.GrpcServerProtocolService (LogUtils.java:warn(122)) - 710767cc-7b4a-4f75-833c-d89a4e7b1741: installSnapshot onError, lastRequest: 442ec2d2-8762-4ddc-9d9e-f72be6bfd603->710767cc-7b4a-4f75-833c-d89a4e7b1741#1-t1,previous=(t:0, i:0),leaderCommit=0,initializing? true,entries: size=1, first=(t:1, i:0), CONFIGURATIONENTRY(current:id: "710767cc-7b4a-4f75-833c-d89a4e7b1741"
address: "10.1.1.103:32999"
dataStreamAddress: "10.1.1.103:34697"
clientAddress: "10.1.1.103:32999"
adminAddress: "10.1.1.103:32999"
startupRole: FOLLOWER
,id: "442ec2d2-8762-4ddc-9d9e-f72be6bfd603"
address: "10.1.1.103:34623"
priority: 1
dataStreamAddress: "10.1.1.103:43549"
clientAddress: "10.1.1.103:34623"
adminAddress: "10.1.1.103:34623"
startupRole: FOLLOWER
,id: "d72051fe-3aaa-4ca0-b891-e1cdc202e4f4"
address: "10.1.1.103:43765"
dataStreamAddress: "10.1.1.103:39517"
clientAddress: "10.1.1.103:43765"
adminAddress: "10.1.1.103:43765"
startupRole: FOLLOWER
, old:): org.apache.ratis.thirdparty.io.grpc.StatusRuntimeException: CANCELLED: client cancelled
2023-01-16 14:42:41,076 [grpc-default-executor-2] WARN  server.GrpcLogAppender (LogUtils.java:warn(122)) - 442ec2d2-8762-4ddc-9d9e-f72be6bfd603@group-BA480BCFE081->710767cc-7b4a-4f75-833c-d89a4e7b1741-AppendLogResponseHandler: Failed appendEntries: org.apache.ratis.thirdparty.io.grpc.StatusRuntimeException: CANCELLED: RST_STREAM closed stream. HTTP/2 error code: CANCEL
2023-01-16 14:42:41,076 [grpc-default-executor-2] WARN  server.GrpcLogAppender (GrpcLogAppender.java:resetClient(131)) - 442ec2d2-8762-4ddc-9d9e-f72be6bfd603@group-BA480BCFE081->710767cc-7b4a-4f75-833c-d89a4e7b1741-GrpcLogAppender: Leader has not got in touch with Follower 442ec2d2-8762-4ddc-9d9e-f72be6bfd603@group-BA480BCFE081->710767cc-7b4a-4f75-833c-d89a4e7b1741(c0,m0,n1, attendVote=true, lastRpcSendTime=82, lastRpcResponseTime=66) yet, just keep nextIndex unchanged and retry.
2023-01-16 14:42:41,077 [710767cc-7b4a-4f75-833c-d89a4e7b1741-impl-thread3] INFO  server.RaftServer$Division (RaftServerImpl.java:lambda$close$4(458)) - 710767cc-7b4a-4f75-833c-d89a4e7b1741@group-5E653170D9E0: shutdown
2023-01-16 14:42:41,077 [710767cc-7b4a-4f75-833c-d89a4e7b1741-impl-thread3] INFO  util.JmxRegister (JmxRegister.java:unregister(73)) - Successfully un-registered JMX Bean with object name Ratis:service=RaftServer,group=group-5E653170D9E0,id=710767cc-7b4a-4f75-833c-d89a4e7b1741
2023-01-16 14:42:41,077 [710767cc-7b4a-4f75-833c-d89a4e7b1741-impl-thread3] INFO  impl.RoleInfo (RoleInfo.java:shutdownLeaderState(93)) - 710767cc-7b4a-4f75-833c-d89a4e7b1741: shutdown 710767cc-7b4a-4f75-833c-d89a4e7b1741@group-5E653170D9E0-LeaderStateImpl
2023-01-16 14:42:41,078 [710767cc-7b4a-4f75-833c-d89a4e7b1741@group-5E653170D9E0->442ec2d2-8762-4ddc-9d9e-f72be6bfd603-GrpcLogAppender-LogAppenderDaemon] WARN  server.GrpcLogAppender (GrpcLogAppender.java:mayWait(200)) - 710767cc-7b4a-4f75-833c-d89a4e7b1741@group-5E653170D9E0->442ec2d2-8762-4ddc-9d9e-f72be6bfd603-GrpcLogAppender: Wait interrupted by java.lang.InterruptedException
2023-01-16 14:42:41,078 [grpc-default-executor-2] INFO  server.GrpcServerProtocolService (GrpcServerProtocolService.java:onCompleted(143)) - 442ec2d2-8762-4ddc-9d9e-f72be6bfd603: Completed APPEND_ENTRIES, lastRequest: null
2023-01-16 14:42:41,079 [grpc-default-executor-2] INFO  server.GrpcServerProtocolService (GrpcServerProtocolService.java:onCompleted(143)) - 442ec2d2-8762-4ddc-9d9e-f72be6bfd603: Completed APPEND_ENTRIES, lastRequest: 710767cc-7b4a-4f75-833c-d89a4e7b1741->442ec2d2-8762-4ddc-9d9e-f72be6bfd603#1-t1,previous=(t:0, i:0),leaderCommit=0,initializing? true,entries: size=1, first=(t:1, i:0), CONFIGURATIONENTRY(current:id: "442ec2d2-8762-4ddc-9d9e-f72be6bfd603"
address: "10.1.1.103:34623"
dataStreamAddress: "10.1.1.103:43549"
clientAddress: "10.1.1.103:34623"
adminAddress: "10.1.1.103:34623"
startupRole: FOLLOWER
,id: "710767cc-7b4a-4f75-833c-d89a4e7b1741"
address: "10.1.1.103:32999"
priority: 1
dataStreamAddress: "10.1.1.103:34697"
clientAddress: "10.1.1.103:32999"
adminAddress: "10.1.1.103:32999"
startupRole: FOLLOWER
,id: "d72051fe-3aaa-4ca0-b891-e1cdc202e4f4"
address: "10.1.1.103:43765"
dataStreamAddress: "10.1.1.103:39517"
clientAddress: "10.1.1.103:43765"
adminAddress: "10.1.1.103:43765"
startupRole: FOLLOWER
, old:)
2023-01-16 14:42:41,080 [grpc-default-executor-5] INFO  server.GrpcLogAppender (GrpcLogAppender.java:onCompleted(415)) - 710767cc-7b4a-4f75-833c-d89a4e7b1741@group-5E653170D9E0->442ec2d2-8762-4ddc-9d9e-f72be6bfd603-AppendLogResponseHandler: follower responses appendEntries COMPLETED
2023-01-16 14:42:41,080 [grpc-default-executor-5] INFO  leader.FollowerInfo (FollowerInfoImpl.java:lambda$new$0(48)) - 710767cc-7b4a-4f75-833c-d89a4e7b1741@group-5E653170D9E0->442ec2d2-8762-4ddc-9d9e-f72be6bfd603: nextIndex: updateUnconditionally 1 -> 0
2023-01-16 14:42:41,080 [grpc-default-executor-2] INFO  server.GrpcLogAppender (GrpcLogAppender.java:onCompleted(415)) - 710767cc-7b4a-4f75-833c-d89a4e7b1741@group-5E653170D9E0->442ec2d2-8762-4ddc-9d9e-f72be6bfd603-AppendLogResponseHandler: follower responses appendEntries COMPLETED
2023-01-16 14:42:41,080 [grpc-default-executor-2] INFO  leader.FollowerInfo (FollowerInfoImpl.java:lambda$new$0(48)) - 710767cc-7b4a-4f75-833c-d89a4e7b1741@group-5E653170D9E0->442ec2d2-8762-4ddc-9d9e-f72be6bfd603: nextIndex: updateUnconditionally 0 -> 0
2023-01-16 14:42:41,080 [710767cc-7b4a-4f75-833c-d89a4e7b1741@group-5E653170D9E0->d72051fe-3aaa-4ca0-b891-e1cdc202e4f4-GrpcLogAppender-LogAppenderDaemon] WARN  server.GrpcLogAppender (GrpcLogAppender.java:mayWait(200)) - 710767cc-7b4a-4f75-833c-d89a4e7b1741@group-5E653170D9E0->d72051fe-3aaa-4ca0-b891-e1cdc202e4f4-GrpcLogAppender: Wait interrupted by java.lang.InterruptedException
2023-01-16 14:42:41,081 [grpc-default-executor-3] INFO  server.GrpcServerProtocolService (GrpcServerProtocolService.java:onCompleted(143)) - d72051fe-3aaa-4ca0-b891-e1cdc202e4f4: Completed APPEND_ENTRIES, lastRequest: 710767cc-7b4a-4f75-833c-d89a4e7b1741->d72051fe-3aaa-4ca0-b891-e1cdc202e4f4#1-t1,previous=(t:0, i:0),leaderCommit=0,initializing? true,entries: size=1, first=(t:1, i:0), CONFIGURATIONENTRY(current:id: "442ec2d2-8762-4ddc-9d9e-f72be6bfd603"
address: "10.1.1.103:34623"
dataStreamAddress: "10.1.1.103:43549"
clientAddress: "10.1.1.103:34623"
adminAddress: "10.1.1.103:34623"
startupRole: FOLLOWER
,id: "710767cc-7b4a-4f75-833c-d89a4e7b1741"
address: "10.1.1.103:32999"
priority: 1
dataStreamAddress: "10.1.1.103:34697"
clientAddress: "10.1.1.103:32999"
adminAddress: "10.1.1.103:32999"
startupRole: FOLLOWER
,id: "d72051fe-3aaa-4ca0-b891-e1cdc202e4f4"
address: "10.1.1.103:43765"
dataStreamAddress: "10.1.1.103:39517"
clientAddress: "10.1.1.103:43765"
adminAddress: "10.1.1.103:43765"
startupRole: FOLLOWER
, old:)
2023-01-16 14:42:41,081 [grpc-default-executor-5] INFO  server.GrpcLogAppender (GrpcLogAppender.java:onCompleted(415)) - 710767cc-7b4a-4f75-833c-d89a4e7b1741@group-5E653170D9E0->d72051fe-3aaa-4ca0-b891-e1cdc202e4f4-AppendLogResponseHandler: follower responses appendEntries COMPLETED
2023-01-16 14:42:41,081 [grpc-default-executor-5] INFO  leader.FollowerInfo (FollowerInfoImpl.java:lambda$new$0(48)) - 710767cc-7b4a-4f75-833c-d89a4e7b1741@group-5E653170D9E0->d72051fe-3aaa-4ca0-b891-e1cdc202e4f4: nextIndex: updateUnconditionally 1 -> 0
2023-01-16 14:42:41,081 [grpc-default-executor-2] INFO  server.GrpcServerProtocolService (GrpcServerProtocolService.java:onCompleted(143)) - d72051fe-3aaa-4ca0-b891-e1cdc202e4f4: Completed APPEND_ENTRIES, lastRequest: null
2023-01-16 14:42:41,089 [710767cc-7b4a-4f75-833c-d89a4e7b1741-impl-thread1] INFO  segmented.SegmentedRaftLogWorker (SegmentedRaftLogWorker.java:close(257)) - 710767cc-7b4a-4f75-833c-d89a4e7b1741@group-BA480BCFE081-SegmentedRaftLogWorker close()
2023-01-16 14:42:41,089 [grpc-default-executor-6] WARN  server.GrpcLogAppender (LogUtils.java:warn(122)) - 442ec2d2-8762-4ddc-9d9e-f72be6bfd603@group-BA480BCFE081->710767cc-7b4a-4f75-833c-d89a4e7b1741-AppendLogResponseHandler: Failed appendEntries: org.apache.ratis.thirdparty.io.grpc.StatusRuntimeException: CANCELLED: RST_STREAM closed stream. HTTP/2 error code: CANCEL
2023-01-16 14:42:41,089 [ForkJoinPool.commonPool-worker-1] INFO  server.GrpcServerProtocolClient (GrpcServerProtocolClient.java:close(101)) - d72051fe-3aaa-4ca0-b891-e1cdc202e4f4 Close channels
2023-01-16 14:42:41,089 [Listener at 127.0.0.1/46467] INFO  server.GrpcServerProtocolClient (GrpcServerProtocolClient.java:close(101)) - 442ec2d2-8762-4ddc-9d9e-f72be6bfd603 Close channels
2023-01-16 14:42:41,092 [grpc-default-executor-3] INFO  server.GrpcLogAppender (GrpcLogAppender.java:onCompleted(415)) - 710767cc-7b4a-4f75-833c-d89a4e7b1741@group-5E653170D9E0->d72051fe-3aaa-4ca0-b891-e1cdc202e4f4-AppendLogResponseHandler: follower responses appendEntries COMPLETED
2023-01-16 14:42:41,093 [grpc-default-executor-3] WARN  server.GrpcLogAppender (GrpcLogAppender.java:resetClient(137)) - 710767cc-7b4a-4f75-833c-d89a4e7b1741@group-5E653170D9E0->d72051fe-3aaa-4ca0-b891-e1cdc202e4f4-GrpcLogAppender: Failed to getClient for d72051fe-3aaa-4ca0-b891-e1cdc202e4f4
org.apache.ratis.protocol.exceptions.AlreadyClosedException: 710767cc-7b4a-4f75-833c-d89a4e7b1741 is already CLOSED
	at org.apache.ratis.util.PeerProxyMap$PeerAndProxy.getProxy(PeerProxyMap.java:61)
	at org.apache.ratis.util.PeerProxyMap.getProxy(PeerProxyMap.java:115)
	at org.apache.ratis.grpc.server.GrpcLogAppender.getClient(GrpcLogAppender.java:116)
	at org.apache.ratis.grpc.server.GrpcLogAppender.resetClient(GrpcLogAppender.java:121)
	at org.apache.ratis.grpc.server.GrpcLogAppender.access$500(GrpcLogAppender.java:58)
	at org.apache.ratis.grpc.server.GrpcLogAppender$AppendLogResponseHandler.onCompleted(GrpcLogAppender.java:416)
	at org.apache.ratis.thirdparty.io.grpc.stub.ClientCalls$StreamObserverToCallListenerAdapter.onClose(ClientCalls.java:485)
	at org.apache.ratis.thirdparty.io.grpc.internal.DelayedClientCall$DelayedListener$3.run(DelayedClientCall.java:468)
	at org.apache.ratis.thirdparty.io.grpc.internal.DelayedClientCall$DelayedListener.delayOrExecute(DelayedClientCall.java:432)
	at org.apache.ratis.thirdparty.io.grpc.internal.DelayedClientCall$DelayedListener.onClose(DelayedClientCall.java:465)
	at org.apache.ratis.thirdparty.io.grpc.internal.ClientCallImpl.closeObserver(ClientCallImpl.java:562)
	at org.apache.ratis.thirdparty.io.grpc.internal.ClientCallImpl.access$300(ClientCallImpl.java:70)
	at org.apache.ratis.thirdparty.io.grpc.internal.ClientCallImpl$ClientStreamListenerImpl$1StreamClosed.runInternal(ClientCallImpl.java:743)
	at org.apache.ratis.thirdparty.io.grpc.internal.ClientCallImpl$ClientStreamListenerImpl$1StreamClosed.runInContext(ClientCallImpl.java:722)
	at org.apache.ratis.thirdparty.io.grpc.internal.ContextRunnable.run(ContextRunnable.java:37)
	at org.apache.ratis.thirdparty.io.grpc.internal.SerializingExecutor.run(SerializingExecutor.java:133)
	at java.util.concurrent.ThreadPoolExecutor.runWorker(ThreadPoolExecutor.java:1149)
	at java.util.concurrent.ThreadPoolExecutor$Worker.run(ThreadPoolExecutor.java:624)
	at java.lang.Thread.run(Thread.java:750)
2023-01-16 14:42:41,090 [710767cc-7b4a-4f75-833c-d89a4e7b1741-impl-thread3] INFO  impl.PendingRequests (PendingRequests.java:sendNotLeaderResponses(282)) - 710767cc-7b4a-4f75-833c-d89a4e7b1741@group-5E653170D9E0-PendingRequests: sendNotLeaderResponses
2023-01-16 14:42:41,089 [grpc-default-executor-6] WARN  server.GrpcLogAppender (GrpcLogAppender.java:resetClient(131)) - 442ec2d2-8762-4ddc-9d9e-f72be6bfd603@group-BA480BCFE081->710767cc-7b4a-4f75-833c-d89a4e7b1741-GrpcLogAppender: Leader has not got in touch with Follower 442ec2d2-8762-4ddc-9d9e-f72be6bfd603@group-BA480BCFE081->710767cc-7b4a-4f75-833c-d89a4e7b1741(c0,m0,n1, attendVote=true, lastRpcSendTime=95, lastRpcResponseTime=79) yet, just keep nextIndex unchanged and retry.
2023-01-16 14:42:41,096 [710767cc-7b4a-4f75-833c-d89a4e7b1741-impl-thread2] INFO  segmented.SegmentedRaftLogWorker (SegmentedRaftLogWorker.java:close(257)) - 710767cc-7b4a-4f75-833c-d89a4e7b1741@group-9E07FADADF34-SegmentedRaftLogWorker close()
2023-01-16 14:42:41,097 [710767cc-7b4a-4f75-833c-d89a4e7b1741-impl-thread3] INFO  impl.StateMachineUpdater (StateMachineUpdater.java:stopAndJoin(153)) - 710767cc-7b4a-4f75-833c-d89a4e7b1741@group-5E653170D9E0-StateMachineUpdater: set stopIndex = 0
2023-01-16 14:42:41,097 [710767cc-7b4a-4f75-833c-d89a4e7b1741@group-5E653170D9E0-StateMachineUpdater] INFO  ratis.ContainerStateMachine (ContainerStateMachine.java:takeSnapshot(308)) - group-5E653170D9E0: Taking a snapshot at:(t:1, i:0) file /home/runner/work/ozone/ozone/hadoop-ozone/integration-test/target/test-dir/MiniOzoneClusterImpl-c46fa063-69c7-4818-82ed-7a4432d72042/datanode-0/data/ratis/174bef65-c465-45c3-8a83-5e653170d9e0/sm/snapshot.1_0
2023-01-16 14:42:41,098 [710767cc-7b4a-4f75-833c-d89a4e7b1741@group-5E653170D9E0-StateMachineUpdater] INFO  ratis.ContainerStateMachine (ContainerStateMachine.java:takeSnapshot(319)) - group-5E653170D9E0: Finished taking a snapshot at:(t:1, i:0) file:/home/runner/work/ozone/ozone/hadoop-ozone/integration-test/target/test-dir/MiniOzoneClusterImpl-c46fa063-69c7-4818-82ed-7a4432d72042/datanode-0/data/ratis/174bef65-c465-45c3-8a83-5e653170d9e0/sm/snapshot.1_0 took: 2 ms
2023-01-16 14:42:41,099 [710767cc-7b4a-4f75-833c-d89a4e7b1741@group-5E653170D9E0-StateMachineUpdater] INFO  impl.StateMachineUpdater (StateMachineUpdater.java:takeSnapshot(287)) - 710767cc-7b4a-4f75-833c-d89a4e7b1741@group-5E653170D9E0-StateMachineUpdater: Took a snapshot at index 0
2023-01-16 14:42:41,099 [710767cc-7b4a-4f75-833c-d89a4e7b1741@group-5E653170D9E0-StateMachineUpdater] INFO  impl.StateMachineUpdater (StateMachineUpdater.java:lambda$new$0(92)) - 710767cc-7b4a-4f75-833c-d89a4e7b1741@group-5E653170D9E0-StateMachineUpdater: snapshotIndex: updateIncreasingly -1 -> 0
2023-01-16 14:42:41,099 [710767cc-7b4a-4f75-833c-d89a4e7b1741-impl-thread3] INFO  server.RaftServer$Division (ServerState.java:close(466)) - 710767cc-7b4a-4f75-833c-d89a4e7b1741@group-5E653170D9E0: closes. applyIndex: 0
2023-01-16 14:42:41,099 [710767cc-7b4a-4f75-833c-d89a4e7b1741@group-5E653170D9E0-SegmentedRaftLogWorker] INFO  segmented.SegmentedRaftLogWorker (SegmentedRaftLogWorker.java:run(347)) - 710767cc-7b4a-4f75-833c-d89a4e7b1741@group-5E653170D9E0-SegmentedRaftLogWorker was interrupted, exiting. There are 0 tasks remaining in the queue.
2023-01-16 14:42:41,105 [d72051fe-3aaa-4ca0-b891-e1cdc202e4f4@group-2FBCAA66A064-FollowerState] INFO  impl.FollowerState (FollowerState.java:run(143)) - d72051fe-3aaa-4ca0-b891-e1cdc202e4f4@group-2FBCAA66A064-FollowerState: change to CANDIDATE, lastRpcElapsedTime:5047110506ns, electionTimeout:5042ms
2023-01-16 14:42:41,106 [d72051fe-3aaa-4ca0-b891-e1cdc202e4f4@group-2FBCAA66A064-FollowerState] INFO  impl.RoleInfo (RoleInfo.java:shutdownFollowerState(110)) - d72051fe-3aaa-4ca0-b891-e1cdc202e4f4: shutdown d72051fe-3aaa-4ca0-b891-e1cdc202e4f4@group-2FBCAA66A064-FollowerState
2023-01-16 14:42:41,106 [d72051fe-3aaa-4ca0-b891-e1cdc202e4f4@group-2FBCAA66A064-FollowerState] INFO  server.RaftServer$Division (RaftServerImpl.java:setRole(321)) - d72051fe-3aaa-4ca0-b891-e1cdc202e4f4@group-2FBCAA66A064: changes role from  FOLLOWER to CANDIDATE at term 0 for changeToCandidate
2023-01-16 14:42:41,106 [d72051fe-3aaa-4ca0-b891-e1cdc202e4f4@group-2FBCAA66A064-FollowerState] INFO  server.RaftServerConfigKeys (ConfUtils.java:logGet(46)) - raft.server.leaderelection.pre-vote = false (custom)
2023-01-16 14:42:41,106 [d72051fe-3aaa-4ca0-b891-e1cdc202e4f4@group-2FBCAA66A064-FollowerState] INFO  impl.RoleInfo (RoleInfo.java:updateAndGet(139)) - d72051fe-3aaa-4ca0-b891-e1cdc202e4f4: start d72051fe-3aaa-4ca0-b891-e1cdc202e4f4@group-2FBCAA66A064-LeaderElection29
2023-01-16 14:42:41,125 [710767cc-7b4a-4f75-833c-d89a4e7b1741-impl-thread3] INFO  segmented.SegmentedRaftLogWorker (SegmentedRaftLogWorker.java:close(257)) - 710767cc-7b4a-4f75-833c-d89a4e7b1741@group-5E653170D9E0-SegmentedRaftLogWorker close()
2023-01-16 14:42:41,125 [Listener at 127.0.0.1/46467] INFO  server.GrpcService (GrpcService.java:closeImpl(280)) - 710767cc-7b4a-4f75-833c-d89a4e7b1741: shutdown server GrpcServerProtocolService successfully
2023-01-16 14:42:41,125 [710767cc-7b4a-4f75-833c-d89a4e7b1741-NettyServerStreamRpc-bossGroup--thread1] INFO  logging.LoggingHandler (AbstractInternalLogger.java:log(148)) - [id: 0xec616e34, L:/0:0:0:0:0:0:0:0:34697] CLOSE
2023-01-16 14:42:41,125 [710767cc-7b4a-4f75-833c-d89a4e7b1741-NettyServerStreamRpc-bossGroup--thread1] INFO  logging.LoggingHandler (AbstractInternalLogger.java:log(148)) - [id: 0xec616e34, L:/0:0:0:0:0:0:0:0:34697] INACTIVE
2023-01-16 14:42:41,125 [710767cc-7b4a-4f75-833c-d89a4e7b1741-NettyServerStreamRpc-bossGroup--thread1] INFO  logging.LoggingHandler (AbstractInternalLogger.java:log(148)) - [id: 0xec616e34, L:/0:0:0:0:0:0:0:0:34697] UNREGISTERED
2023-01-16 14:42:41,128 [d72051fe-3aaa-4ca0-b891-e1cdc202e4f4@group-2FBCAA66A064-LeaderElection29] INFO  impl.LeaderElection (LeaderElection.java:askForVotes(312)) - d72051fe-3aaa-4ca0-b891-e1cdc202e4f4@group-2FBCAA66A064-LeaderElection29 ELECTION round 0: submit vote requests at term 1 for -1: peers:[d72051fe-3aaa-4ca0-b891-e1cdc202e4f4|rpc:10.1.1.103:43765|dataStream:10.1.1.103:39517|priority:1|startupRole:FOLLOWER]|listeners:[], old=null
2023-01-16 14:42:41,128 [d72051fe-3aaa-4ca0-b891-e1cdc202e4f4@group-2FBCAA66A064-LeaderElection29] INFO  impl.LeaderElection (LeaderElection.java:askForVotes(314)) - d72051fe-3aaa-4ca0-b891-e1cdc202e4f4@group-2FBCAA66A064-LeaderElection29 ELECTION round 0: result PASSED (term=1)
2023-01-16 14:42:41,128 [d72051fe-3aaa-4ca0-b891-e1cdc202e4f4@group-2FBCAA66A064-LeaderElection29] INFO  impl.RoleInfo (RoleInfo.java:shutdownLeaderElection(130)) - d72051fe-3aaa-4ca0-b891-e1cdc202e4f4: shutdown d72051fe-3aaa-4ca0-b891-e1cdc202e4f4@group-2FBCAA66A064-LeaderElection29
2023-01-16 14:42:41,128 [d72051fe-3aaa-4ca0-b891-e1cdc202e4f4@group-2FBCAA66A064-LeaderElection29] INFO  server.RaftServer$Division (RaftServerImpl.java:setRole(321)) - d72051fe-3aaa-4ca0-b891-e1cdc202e4f4@group-2FBCAA66A064: changes role from CANDIDATE to LEADER at term 1 for changeToLeader
2023-01-16 14:42:41,128 [d72051fe-3aaa-4ca0-b891-e1cdc202e4f4@group-2FBCAA66A064-LeaderElection29] INFO  ratis.XceiverServerRatis (XceiverServerRatis.java:handleLeaderChangedNotification(904)) - Leader change notification received for group: group-2FBCAA66A064 with new leaderId: d72051fe-3aaa-4ca0-b891-e1cdc202e4f4
2023-01-16 14:42:41,132 [d72051fe-3aaa-4ca0-b891-e1cdc202e4f4@group-2FBCAA66A064-LeaderElection29] INFO  server.RaftServer$Division (ServerState.java:setLeader(313)) - d72051fe-3aaa-4ca0-b891-e1cdc202e4f4@group-2FBCAA66A064: change Leader from null to d72051fe-3aaa-4ca0-b891-e1cdc202e4f4 at term 1 for becomeLeader, leader elected after 5085ms
2023-01-16 14:42:41,132 [d72051fe-3aaa-4ca0-b891-e1cdc202e4f4@group-2FBCAA66A064-LeaderElection29] INFO  server.RaftServerConfigKeys (ConfUtils.java:logGet(46)) - raft.server.staging.catchup.gap = 1000 (default)
2023-01-16 14:42:41,132 [d72051fe-3aaa-4ca0-b891-e1cdc202e4f4@group-2FBCAA66A064-LeaderElection29] INFO  server.RaftServerConfigKeys (ConfUtils.java:logGet(46)) - raft.server.write.element-limit = 1024 (custom)
2023-01-16 14:42:41,132 [d72051fe-3aaa-4ca0-b891-e1cdc202e4f4@group-2FBCAA66A064-LeaderElection29] INFO  server.RaftServerConfigKeys (ConfUtils.java:logGet(46)) - raft.server.write.byte-limit = 1024 M (=1073741824) (custom)
2023-01-16 14:42:41,132 [d72051fe-3aaa-4ca0-b891-e1cdc202e4f4@group-2FBCAA66A064-LeaderElection29] INFO  server.RaftServerConfigKeys (ConfUtils.java:logGet(46)) - raft.server.watch.timeout = 180s (custom)
2023-01-16 14:42:41,133 [d72051fe-3aaa-4ca0-b891-e1cdc202e4f4@group-2FBCAA66A064-LeaderElection29] INFO  server.RaftServerConfigKeys (ConfUtils.java:logGet(46)) - raft.server.watch.timeout.denomination = 1s (default)
2023-01-16 14:42:41,133 [d72051fe-3aaa-4ca0-b891-e1cdc202e4f4@group-2FBCAA66A064-LeaderElection29] INFO  server.RaftServerConfigKeys (ConfUtils.java:logGet(46)) - raft.server.watch.element-limit = 65536 (default)
2023-01-16 14:42:41,133 [d72051fe-3aaa-4ca0-b891-e1cdc202e4f4@group-2FBCAA66A064-LeaderElection29] INFO  server.RaftServerConfigKeys (ConfUtils.java:logGet(46)) - raft.server.write.element-limit = 1024 (custom)
2023-01-16 14:42:41,133 [d72051fe-3aaa-4ca0-b891-e1cdc202e4f4@group-2FBCAA66A064-LeaderElection29] INFO  server.RaftServerConfigKeys (ConfUtils.java:logGet(46)) - raft.server.write.follower.gap.ratio.max = -1.0 (default)
2023-01-16 14:42:41,134 [d72051fe-3aaa-4ca0-b891-e1cdc202e4f4@group-2FBCAA66A064-LeaderElection29] INFO  impl.RoleInfo (RoleInfo.java:updateAndGet(139)) - d72051fe-3aaa-4ca0-b891-e1cdc202e4f4: start d72051fe-3aaa-4ca0-b891-e1cdc202e4f4@group-2FBCAA66A064-LeaderStateImpl
2023-01-16 14:42:41,135 [d72051fe-3aaa-4ca0-b891-e1cdc202e4f4@group-2FBCAA66A064-LeaderElection29] INFO  segmented.SegmentedRaftLogWorker (SegmentedRaftLogWorker.java:startLogSegment(452)) - d72051fe-3aaa-4ca0-b891-e1cdc202e4f4@group-2FBCAA66A064-SegmentedRaftLogWorker: Starting segment from index:0
2023-01-16 14:42:41,136 [d72051fe-3aaa-4ca0-b891-e1cdc202e4f4@group-2FBCAA66A064-SegmentedRaftLogWorker] INFO  segmented.SegmentedRaftLogWorker (SegmentedRaftLogWorker.java:execute(656)) - d72051fe-3aaa-4ca0-b891-e1cdc202e4f4@group-2FBCAA66A064-SegmentedRaftLogWorker: created new log segment /home/runner/work/ozone/ozone/hadoop-ozone/integration-test/target/test-dir/MiniOzoneClusterImpl-c46fa063-69c7-4818-82ed-7a4432d72042/datanode-2/data/ratis/950bf751-b6ea-4122-9241-2fbcaa66a064/current/log_inprogress_0
2023-01-16 14:42:41,140 [d72051fe-3aaa-4ca0-b891-e1cdc202e4f4@group-2FBCAA66A064-LeaderElection29] INFO  server.RaftServer$Division (ServerState.java:setRaftConf(430)) - d72051fe-3aaa-4ca0-b891-e1cdc202e4f4@group-2FBCAA66A064: set configuration 0: peers:[d72051fe-3aaa-4ca0-b891-e1cdc202e4f4|rpc:10.1.1.103:43765|dataStream:10.1.1.103:39517|priority:1|startupRole:FOLLOWER]|listeners:[], old=null
2023-01-16 14:42:41,148 [JvmPauseMonitor8] INFO  util.JvmPauseMonitor (JvmPauseMonitor.java:run(111)) - JvmPauseMonitor-710767cc-7b4a-4f75-833c-d89a4e7b1741: Stopped
2023-01-16 14:42:43,212 [Listener at 127.0.0.1/46467] INFO  volume.HddsVolume (HddsVolume.java:closeDbStore(338)) - SchemaV3 db is stopped at /home/runner/work/ozone/ozone/hadoop-ozone/integration-test/target/test-dir/MiniOzoneClusterImpl-c46fa063-69c7-4818-82ed-7a4432d72042/datanode-0/data-0/containers/hdds/c46fa063-69c7-4818-82ed-7a4432d72042/DS-2e3687ec-d54c-402b-a602-9cb61db6d865/container.db for volume DS-2e3687ec-d54c-402b-a602-9cb61db6d865
2023-01-16 14:42:43,213 [Listener at 127.0.0.1/46467] INFO  utils.BackgroundService (BackgroundService.java:shutdown(141)) - Shutting down service BlockDeletingService
2023-01-16 14:42:43,215 [Listener at 127.0.0.1/46467] INFO  utils.BackgroundService (BackgroundService.java:shutdown(141)) - Shutting down service StaleRecoveringContainerScrubbingService
2023-01-16 14:42:43,217 [Listener at 127.0.0.1/46467] INFO  statemachine.DatanodeStateMachine (DatanodeStateMachine.java:stopDaemon(596)) - Ozone container server stopped.
2023-01-16 14:42:43,226 [Listener at 127.0.0.1/46467] INFO  handler.ContextHandler (ContextHandler.java:doStop(1159)) - Stopped o.e.j.w.WebAppContext@4f571de3{hddsDatanode,/,null,STOPPED}{jar:file:/home/runner/.m2/repository/org/apache/ozone/hdds-container-service/1.4.0-SNAPSHOT/hdds-container-service-1.4.0-SNAPSHOT.jar!/webapps/hddsDatanode}
2023-01-16 14:42:43,228 [Listener at 127.0.0.1/46467] INFO  server.AbstractConnector (AbstractConnector.java:doStop(383)) - Stopped ServerConnector@255c2e7e{HTTP/1.1, (http/1.1)}{0.0.0.0:0}
2023-01-16 14:42:43,228 [Listener at 127.0.0.1/46467] INFO  server.session (HouseKeeper.java:stopScavenging(149)) - node0 Stopped scavenging
2023-01-16 14:42:43,229 [Listener at 127.0.0.1/46467] INFO  handler.ContextHandler (ContextHandler.java:doStop(1159)) - Stopped o.e.j.s.ServletContextHandler@6e7a61eb{static,/static,jar:file:/home/runner/.m2/repository/org/apache/ozone/hdds-container-service/1.4.0-SNAPSHOT/hdds-container-service-1.4.0-SNAPSHOT.jar!/webapps/static,STOPPED}
2023-01-16 14:42:43,229 [Listener at 127.0.0.1/46467] INFO  handler.ContextHandler (ContextHandler.java:doStop(1159)) - Stopped o.e.j.s.ServletContextHandler@2e810089{logs,/logs,file:///home/runner/work/ozone/ozone/hadoop-ozone/integration-test/target/log,STOPPED}
2023-01-16 14:42:43,234 [Listener at 127.0.0.1/46467] INFO  ozoneimpl.OzoneContainer (OzoneContainer.java:stop(417)) - Attempting to stop container services.
2023-01-16 14:42:43,236 [Listener at 127.0.0.1/46467] INFO  server.RaftServer (RaftServerProxy.java:lambda$close$6(409)) - 442ec2d2-8762-4ddc-9d9e-f72be6bfd603: close
2023-01-16 14:42:43,236 [442ec2d2-8762-4ddc-9d9e-f72be6bfd603-impl-thread1] INFO  server.RaftServer$Division (RaftServerImpl.java:lambda$close$4(458)) - 442ec2d2-8762-4ddc-9d9e-f72be6bfd603@group-BA480BCFE081: shutdown
2023-01-16 14:42:43,236 [442ec2d2-8762-4ddc-9d9e-f72be6bfd603-impl-thread1] INFO  util.JmxRegister (JmxRegister.java:unregister(73)) - Successfully un-registered JMX Bean with object name Ratis:service=RaftServer,group=group-BA480BCFE081,id=442ec2d2-8762-4ddc-9d9e-f72be6bfd603
2023-01-16 14:42:43,236 [442ec2d2-8762-4ddc-9d9e-f72be6bfd603-impl-thread1] INFO  impl.RoleInfo (RoleInfo.java:shutdownLeaderState(93)) - 442ec2d2-8762-4ddc-9d9e-f72be6bfd603: shutdown 442ec2d2-8762-4ddc-9d9e-f72be6bfd603@group-BA480BCFE081-LeaderStateImpl
2023-01-16 14:42:43,237 [442ec2d2-8762-4ddc-9d9e-f72be6bfd603-impl-thread1] INFO  impl.PendingRequests (PendingRequests.java:sendNotLeaderResponses(282)) - 442ec2d2-8762-4ddc-9d9e-f72be6bfd603@group-BA480BCFE081-PendingRequests: sendNotLeaderResponses
2023-01-16 14:42:43,237 [442ec2d2-8762-4ddc-9d9e-f72be6bfd603-impl-thread1] INFO  impl.StateMachineUpdater (StateMachineUpdater.java:stopAndJoin(153)) - 442ec2d2-8762-4ddc-9d9e-f72be6bfd603@group-BA480BCFE081-StateMachineUpdater: set stopIndex = 0
2023-01-16 14:42:43,237 [442ec2d2-8762-4ddc-9d9e-f72be6bfd603@group-BA480BCFE081->d72051fe-3aaa-4ca0-b891-e1cdc202e4f4-GrpcLogAppender-LogAppenderDaemon] WARN  server.GrpcLogAppender (GrpcLogAppender.java:mayWait(200)) - 442ec2d2-8762-4ddc-9d9e-f72be6bfd603@group-BA480BCFE081->d72051fe-3aaa-4ca0-b891-e1cdc202e4f4-GrpcLogAppender: Wait interrupted by java.lang.InterruptedException
2023-01-16 14:42:43,237 [442ec2d2-8762-4ddc-9d9e-f72be6bfd603@group-BA480BCFE081-StateMachineUpdater] INFO  ratis.ContainerStateMachine (ContainerStateMachine.java:takeSnapshot(308)) - group-BA480BCFE081: Taking a snapshot at:(t:1, i:0) file /home/runner/work/ozone/ozone/hadoop-ozone/integration-test/target/test-dir/MiniOzoneClusterImpl-c46fa063-69c7-4818-82ed-7a4432d72042/datanode-1/data/ratis/ff0120f3-6f59-4109-a245-ba480bcfe081/sm/snapshot.1_0
2023-01-16 14:42:43,238 [442ec2d2-8762-4ddc-9d9e-f72be6bfd603-impl-thread2] INFO  server.RaftServer$Division (RaftServerImpl.java:lambda$close$4(458)) - 442ec2d2-8762-4ddc-9d9e-f72be6bfd603@group-5E653170D9E0: shutdown
2023-01-16 14:42:43,238 [442ec2d2-8762-4ddc-9d9e-f72be6bfd603-impl-thread2] INFO  util.JmxRegister (JmxRegister.java:unregister(73)) - Successfully un-registered JMX Bean with object name Ratis:service=RaftServer,group=group-5E653170D9E0,id=442ec2d2-8762-4ddc-9d9e-f72be6bfd603
2023-01-16 14:42:43,238 [442ec2d2-8762-4ddc-9d9e-f72be6bfd603-impl-thread2] INFO  impl.RoleInfo (RoleInfo.java:shutdownFollowerState(110)) - 442ec2d2-8762-4ddc-9d9e-f72be6bfd603: shutdown 442ec2d2-8762-4ddc-9d9e-f72be6bfd603@group-5E653170D9E0-FollowerState
2023-01-16 14:42:43,238 [grpc-default-executor-6] INFO  server.GrpcServerProtocolService (GrpcServerProtocolService.java:onCompleted(143)) - d72051fe-3aaa-4ca0-b891-e1cdc202e4f4: Completed APPEND_ENTRIES, lastRequest: null
2023-01-16 14:42:43,239 [442ec2d2-8762-4ddc-9d9e-f72be6bfd603@group-BA480BCFE081-StateMachineUpdater] INFO  ratis.ContainerStateMachine (ContainerStateMachine.java:takeSnapshot(319)) - group-BA480BCFE081: Finished taking a snapshot at:(t:1, i:0) file:/home/runner/work/ozone/ozone/hadoop-ozone/integration-test/target/test-dir/MiniOzoneClusterImpl-c46fa063-69c7-4818-82ed-7a4432d72042/datanode-1/data/ratis/ff0120f3-6f59-4109-a245-ba480bcfe081/sm/snapshot.1_0 took: 2 ms
2023-01-16 14:42:43,239 [grpc-default-executor-6] INFO  server.GrpcServerProtocolService (GrpcServerProtocolService.java:onCompleted(143)) - d72051fe-3aaa-4ca0-b891-e1cdc202e4f4: Completed APPEND_ENTRIES, lastRequest: 442ec2d2-8762-4ddc-9d9e-f72be6bfd603->d72051fe-3aaa-4ca0-b891-e1cdc202e4f4#1-t1,previous=(t:0, i:0),leaderCommit=0,initializing? true,entries: size=1, first=(t:1, i:0), CONFIGURATIONENTRY(current:id: "710767cc-7b4a-4f75-833c-d89a4e7b1741"
address: "10.1.1.103:32999"
dataStreamAddress: "10.1.1.103:34697"
clientAddress: "10.1.1.103:32999"
adminAddress: "10.1.1.103:32999"
startupRole: FOLLOWER
,id: "442ec2d2-8762-4ddc-9d9e-f72be6bfd603"
address: "10.1.1.103:34623"
priority: 1
dataStreamAddress: "10.1.1.103:43549"
clientAddress: "10.1.1.103:34623"
adminAddress: "10.1.1.103:34623"
startupRole: FOLLOWER
,id: "d72051fe-3aaa-4ca0-b891-e1cdc202e4f4"
address: "10.1.1.103:43765"
dataStreamAddress: "10.1.1.103:39517"
clientAddress: "10.1.1.103:43765"
adminAddress: "10.1.1.103:43765"
startupRole: FOLLOWER
, old:)
2023-01-16 14:42:43,240 [442ec2d2-8762-4ddc-9d9e-f72be6bfd603@group-BA480BCFE081-StateMachineUpdater] INFO  impl.StateMachineUpdater (StateMachineUpdater.java:takeSnapshot(287)) - 442ec2d2-8762-4ddc-9d9e-f72be6bfd603@group-BA480BCFE081-StateMachineUpdater: Took a snapshot at index 0
2023-01-16 14:42:43,242 [442ec2d2-8762-4ddc-9d9e-f72be6bfd603@group-BA480BCFE081-StateMachineUpdater] INFO  impl.StateMachineUpdater (StateMachineUpdater.java:lambda$new$0(92)) - 442ec2d2-8762-4ddc-9d9e-f72be6bfd603@group-BA480BCFE081-StateMachineUpdater: snapshotIndex: updateIncreasingly -1 -> 0
2023-01-16 14:42:43,242 [442ec2d2-8762-4ddc-9d9e-f72be6bfd603-impl-thread1] INFO  server.RaftServer$Division (ServerState.java:close(466)) - 442ec2d2-8762-4ddc-9d9e-f72be6bfd603@group-BA480BCFE081: closes. applyIndex: 0
2023-01-16 14:42:43,240 [grpc-default-executor-3] INFO  server.GrpcLogAppender (GrpcLogAppender.java:onCompleted(415)) - 442ec2d2-8762-4ddc-9d9e-f72be6bfd603@group-BA480BCFE081->d72051fe-3aaa-4ca0-b891-e1cdc202e4f4-AppendLogResponseHandler: follower responses appendEntries COMPLETED
2023-01-16 14:42:43,243 [grpc-default-executor-2] INFO  server.GrpcLogAppender (GrpcLogAppender.java:onCompleted(415)) - 442ec2d2-8762-4ddc-9d9e-f72be6bfd603@group-BA480BCFE081->d72051fe-3aaa-4ca0-b891-e1cdc202e4f4-AppendLogResponseHandler: follower responses appendEntries COMPLETED
2023-01-16 14:42:43,243 [grpc-default-executor-3] INFO  leader.FollowerInfo (FollowerInfoImpl.java:lambda$new$0(48)) - 442ec2d2-8762-4ddc-9d9e-f72be6bfd603@group-BA480BCFE081->d72051fe-3aaa-4ca0-b891-e1cdc202e4f4: nextIndex: updateUnconditionally 1 -> 0
2023-01-16 14:42:43,243 [Listener at 127.0.0.1/46467] INFO  server.GrpcService (GrpcService.java:closeImpl(271)) - 442ec2d2-8762-4ddc-9d9e-f72be6bfd603: shutdown server GrpcServerProtocolService now
2023-01-16 14:42:43,244 [442ec2d2-8762-4ddc-9d9e-f72be6bfd603-impl-thread3] INFO  server.RaftServer$Division (RaftServerImpl.java:lambda$close$4(458)) - 442ec2d2-8762-4ddc-9d9e-f72be6bfd603@group-0BCE51E68637: shutdown
2023-01-16 14:42:43,244 [442ec2d2-8762-4ddc-9d9e-f72be6bfd603-impl-thread3] INFO  util.JmxRegister (JmxRegister.java:unregister(73)) - Successfully un-registered JMX Bean with object name Ratis:service=RaftServer,group=group-0BCE51E68637,id=442ec2d2-8762-4ddc-9d9e-f72be6bfd603
2023-01-16 14:42:43,244 [442ec2d2-8762-4ddc-9d9e-f72be6bfd603-impl-thread3] INFO  impl.RoleInfo (RoleInfo.java:shutdownLeaderState(93)) - 442ec2d2-8762-4ddc-9d9e-f72be6bfd603: shutdown 442ec2d2-8762-4ddc-9d9e-f72be6bfd603@group-0BCE51E68637-LeaderStateImpl
2023-01-16 14:42:43,244 [grpc-default-executor-2] INFO  leader.FollowerInfo (FollowerInfoImpl.java:lambda$new$0(48)) - 442ec2d2-8762-4ddc-9d9e-f72be6bfd603@group-BA480BCFE081->d72051fe-3aaa-4ca0-b891-e1cdc202e4f4: nextIndex: updateUnconditionally 0 -> 0
2023-01-16 14:42:43,245 [442ec2d2-8762-4ddc-9d9e-f72be6bfd603-impl-thread3] INFO  impl.PendingRequests (PendingRequests.java:sendNotLeaderResponses(282)) - 442ec2d2-8762-4ddc-9d9e-f72be6bfd603@group-0BCE51E68637-PendingRequests: sendNotLeaderResponses
2023-01-16 14:42:43,245 [442ec2d2-8762-4ddc-9d9e-f72be6bfd603@group-BA480BCFE081-SegmentedRaftLogWorker] INFO  segmented.SegmentedRaftLogWorker (SegmentedRaftLogWorker.java:run(347)) - 442ec2d2-8762-4ddc-9d9e-f72be6bfd603@group-BA480BCFE081-SegmentedRaftLogWorker was interrupted, exiting. There are 0 tasks remaining in the queue.
2023-01-16 14:42:43,251 [442ec2d2-8762-4ddc-9d9e-f72be6bfd603@group-5E653170D9E0-FollowerState] INFO  impl.FollowerState (FollowerState.java:run(152)) - 442ec2d2-8762-4ddc-9d9e-f72be6bfd603@group-5E653170D9E0-FollowerState was interrupted
2023-01-16 14:42:43,253 [442ec2d2-8762-4ddc-9d9e-f72be6bfd603-impl-thread2] INFO  impl.StateMachineUpdater (StateMachineUpdater.java:stopAndJoin(153)) - 442ec2d2-8762-4ddc-9d9e-f72be6bfd603@group-5E653170D9E0-StateMachineUpdater: set stopIndex = 0
2023-01-16 14:42:43,253 [Listener at 127.0.0.1/46467] INFO  server.GrpcServerProtocolClient (GrpcServerProtocolClient.java:close(101)) - 710767cc-7b4a-4f75-833c-d89a4e7b1741 Close channels
2023-01-16 14:42:43,253 [442ec2d2-8762-4ddc-9d9e-f72be6bfd603-impl-thread1] INFO  segmented.SegmentedRaftLogWorker (SegmentedRaftLogWorker.java:close(257)) - 442ec2d2-8762-4ddc-9d9e-f72be6bfd603@group-BA480BCFE081-SegmentedRaftLogWorker close()
2023-01-16 14:42:43,253 [442ec2d2-8762-4ddc-9d9e-f72be6bfd603-impl-thread3] INFO  impl.StateMachineUpdater (StateMachineUpdater.java:stopAndJoin(153)) - 442ec2d2-8762-4ddc-9d9e-f72be6bfd603@group-0BCE51E68637-StateMachineUpdater: set stopIndex = 0
2023-01-16 14:42:43,253 [442ec2d2-8762-4ddc-9d9e-f72be6bfd603@group-5E653170D9E0-StateMachineUpdater] INFO  ratis.ContainerStateMachine (ContainerStateMachine.java:takeSnapshot(308)) - group-5E653170D9E0: Taking a snapshot at:(t:1, i:0) file /home/runner/work/ozone/ozone/hadoop-ozone/integration-test/target/test-dir/MiniOzoneClusterImpl-c46fa063-69c7-4818-82ed-7a4432d72042/datanode-1/data/ratis/174bef65-c465-45c3-8a83-5e653170d9e0/sm/snapshot.1_0
2023-01-16 14:42:43,254 [442ec2d2-8762-4ddc-9d9e-f72be6bfd603@group-0BCE51E68637-StateMachineUpdater] INFO  ratis.ContainerStateMachine (ContainerStateMachine.java:takeSnapshot(308)) - group-0BCE51E68637: Taking a snapshot at:(t:1, i:0) file /home/runner/work/ozone/ozone/hadoop-ozone/integration-test/target/test-dir/MiniOzoneClusterImpl-c46fa063-69c7-4818-82ed-7a4432d72042/datanode-1/data/ratis/37db6620-9727-4967-a59b-0bce51e68637/sm/snapshot.1_0
2023-01-16 14:42:43,256 [442ec2d2-8762-4ddc-9d9e-f72be6bfd603@group-0BCE51E68637-StateMachineUpdater] INFO  ratis.ContainerStateMachine (ContainerStateMachine.java:takeSnapshot(319)) - group-0BCE51E68637: Finished taking a snapshot at:(t:1, i:0) file:/home/runner/work/ozone/ozone/hadoop-ozone/integration-test/target/test-dir/MiniOzoneClusterImpl-c46fa063-69c7-4818-82ed-7a4432d72042/datanode-1/data/ratis/37db6620-9727-4967-a59b-0bce51e68637/sm/snapshot.1_0 took: 2 ms
2023-01-16 14:42:43,257 [442ec2d2-8762-4ddc-9d9e-f72be6bfd603@group-5E653170D9E0-StateMachineUpdater] INFO  ratis.ContainerStateMachine (ContainerStateMachine.java:takeSnapshot(319)) - group-5E653170D9E0: Finished taking a snapshot at:(t:1, i:0) file:/home/runner/work/ozone/ozone/hadoop-ozone/integration-test/target/test-dir/MiniOzoneClusterImpl-c46fa063-69c7-4818-82ed-7a4432d72042/datanode-1/data/ratis/174bef65-c465-45c3-8a83-5e653170d9e0/sm/snapshot.1_0 took: 4 ms
2023-01-16 14:42:43,257 [442ec2d2-8762-4ddc-9d9e-f72be6bfd603@group-0BCE51E68637-StateMachineUpdater] INFO  impl.StateMachineUpdater (StateMachineUpdater.java:takeSnapshot(287)) - 442ec2d2-8762-4ddc-9d9e-f72be6bfd603@group-0BCE51E68637-StateMachineUpdater: Took a snapshot at index 0
2023-01-16 14:42:43,257 [442ec2d2-8762-4ddc-9d9e-f72be6bfd603@group-0BCE51E68637-StateMachineUpdater] INFO  impl.StateMachineUpdater (StateMachineUpdater.java:lambda$new$0(92)) - 442ec2d2-8762-4ddc-9d9e-f72be6bfd603@group-0BCE51E68637-StateMachineUpdater: snapshotIndex: updateIncreasingly -1 -> 0
2023-01-16 14:42:43,257 [442ec2d2-8762-4ddc-9d9e-f72be6bfd603@group-5E653170D9E0-StateMachineUpdater] INFO  impl.StateMachineUpdater (StateMachineUpdater.java:takeSnapshot(287)) - 442ec2d2-8762-4ddc-9d9e-f72be6bfd603@group-5E653170D9E0-StateMachineUpdater: Took a snapshot at index 0
2023-01-16 14:42:43,257 [442ec2d2-8762-4ddc-9d9e-f72be6bfd603@group-5E653170D9E0-StateMachineUpdater] INFO  impl.StateMachineUpdater (StateMachineUpdater.java:lambda$new$0(92)) - 442ec2d2-8762-4ddc-9d9e-f72be6bfd603@group-5E653170D9E0-StateMachineUpdater: snapshotIndex: updateIncreasingly -1 -> 0
2023-01-16 14:42:43,257 [442ec2d2-8762-4ddc-9d9e-f72be6bfd603-impl-thread3] INFO  server.RaftServer$Division (ServerState.java:close(466)) - 442ec2d2-8762-4ddc-9d9e-f72be6bfd603@group-0BCE51E68637: closes. applyIndex: 0
2023-01-16 14:42:43,257 [442ec2d2-8762-4ddc-9d9e-f72be6bfd603@group-0BCE51E68637-SegmentedRaftLogWorker] INFO  segmented.SegmentedRaftLogWorker (SegmentedRaftLogWorker.java:run(347)) - 442ec2d2-8762-4ddc-9d9e-f72be6bfd603@group-0BCE51E68637-SegmentedRaftLogWorker was interrupted, exiting. There are 0 tasks remaining in the queue.
2023-01-16 14:42:43,258 [ForkJoinPool.commonPool-worker-0] INFO  server.GrpcServerProtocolClient (GrpcServerProtocolClient.java:close(101)) - d72051fe-3aaa-4ca0-b891-e1cdc202e4f4 Close channels
2023-01-16 14:42:43,259 [442ec2d2-8762-4ddc-9d9e-f72be6bfd603-impl-thread3] INFO  segmented.SegmentedRaftLogWorker (SegmentedRaftLogWorker.java:close(257)) - 442ec2d2-8762-4ddc-9d9e-f72be6bfd603@group-0BCE51E68637-SegmentedRaftLogWorker close()
2023-01-16 14:42:43,260 [442ec2d2-8762-4ddc-9d9e-f72be6bfd603-impl-thread2] INFO  server.RaftServer$Division (ServerState.java:close(466)) - 442ec2d2-8762-4ddc-9d9e-f72be6bfd603@group-5E653170D9E0: closes. applyIndex: 0
2023-01-16 14:42:43,260 [442ec2d2-8762-4ddc-9d9e-f72be6bfd603@group-5E653170D9E0-SegmentedRaftLogWorker] INFO  segmented.SegmentedRaftLogWorker (SegmentedRaftLogWorker.java:run(347)) - 442ec2d2-8762-4ddc-9d9e-f72be6bfd603@group-5E653170D9E0-SegmentedRaftLogWorker was interrupted, exiting. There are 0 tasks remaining in the queue.
2023-01-16 14:42:43,262 [442ec2d2-8762-4ddc-9d9e-f72be6bfd603-impl-thread2] INFO  segmented.SegmentedRaftLogWorker (SegmentedRaftLogWorker.java:close(257)) - 442ec2d2-8762-4ddc-9d9e-f72be6bfd603@group-5E653170D9E0-SegmentedRaftLogWorker close()
2023-01-16 14:42:43,267 [Listener at 127.0.0.1/46467] INFO  server.GrpcService (GrpcService.java:closeImpl(280)) - 442ec2d2-8762-4ddc-9d9e-f72be6bfd603: shutdown server GrpcServerProtocolService successfully
2023-01-16 14:42:43,267 [442ec2d2-8762-4ddc-9d9e-f72be6bfd603-NettyServerStreamRpc-bossGroup--thread1] INFO  logging.LoggingHandler (AbstractInternalLogger.java:log(148)) - [id: 0x6ee7f51c, L:/0:0:0:0:0:0:0:0:43549] CLOSE
2023-01-16 14:42:43,268 [442ec2d2-8762-4ddc-9d9e-f72be6bfd603-NettyServerStreamRpc-bossGroup--thread1] INFO  logging.LoggingHandler (AbstractInternalLogger.java:log(148)) - [id: 0x6ee7f51c, L:/0:0:0:0:0:0:0:0:43549] INACTIVE
2023-01-16 14:42:43,268 [442ec2d2-8762-4ddc-9d9e-f72be6bfd603-NettyServerStreamRpc-bossGroup--thread1] INFO  logging.LoggingHandler (AbstractInternalLogger.java:log(148)) - [id: 0x6ee7f51c, L:/0:0:0:0:0:0:0:0:43549] UNREGISTERED
2023-01-16 14:42:43,282 [JvmPauseMonitor9] INFO  util.JvmPauseMonitor (JvmPauseMonitor.java:run(111)) - JvmPauseMonitor-442ec2d2-8762-4ddc-9d9e-f72be6bfd603: Stopped
2023-01-16 14:42:45,286 [Listener at 127.0.0.1/46467] INFO  volume.HddsVolume (HddsVolume.java:closeDbStore(338)) - SchemaV3 db is stopped at /home/runner/work/ozone/ozone/hadoop-ozone/integration-test/target/test-dir/MiniOzoneClusterImpl-c46fa063-69c7-4818-82ed-7a4432d72042/datanode-1/data-0/containers/hdds/c46fa063-69c7-4818-82ed-7a4432d72042/DS-397ed784-4a0d-4a2c-bed0-cff05ad5ee39/container.db for volume DS-397ed784-4a0d-4a2c-bed0-cff05ad5ee39
2023-01-16 14:42:45,286 [Listener at 127.0.0.1/46467] INFO  utils.BackgroundService (BackgroundService.java:shutdown(141)) - Shutting down service BlockDeletingService
2023-01-16 14:42:45,288 [Listener at 127.0.0.1/46467] INFO  utils.BackgroundService (BackgroundService.java:shutdown(141)) - Shutting down service StaleRecoveringContainerScrubbingService
2023-01-16 14:42:45,290 [Listener at 127.0.0.1/46467] INFO  statemachine.DatanodeStateMachine (DatanodeStateMachine.java:stopDaemon(596)) - Ozone container server stopped.
2023-01-16 14:42:45,297 [Listener at 127.0.0.1/46467] INFO  handler.ContextHandler (ContextHandler.java:doStop(1159)) - Stopped o.e.j.w.WebAppContext@4c157e75{hddsDatanode,/,null,STOPPED}{jar:file:/home/runner/.m2/repository/org/apache/ozone/hdds-container-service/1.4.0-SNAPSHOT/hdds-container-service-1.4.0-SNAPSHOT.jar!/webapps/hddsDatanode}
2023-01-16 14:42:45,298 [Listener at 127.0.0.1/46467] INFO  server.AbstractConnector (AbstractConnector.java:doStop(383)) - Stopped ServerConnector@7e85a0da{HTTP/1.1, (http/1.1)}{0.0.0.0:0}
2023-01-16 14:42:45,299 [Listener at 127.0.0.1/46467] INFO  server.session (HouseKeeper.java:stopScavenging(149)) - node0 Stopped scavenging
2023-01-16 14:42:45,300 [Listener at 127.0.0.1/46467] INFO  handler.ContextHandler (ContextHandler.java:doStop(1159)) - Stopped o.e.j.s.ServletContextHandler@4c0c0193{static,/static,jar:file:/home/runner/.m2/repository/org/apache/ozone/hdds-container-service/1.4.0-SNAPSHOT/hdds-container-service-1.4.0-SNAPSHOT.jar!/webapps/static,STOPPED}
2023-01-16 14:42:45,300 [Listener at 127.0.0.1/46467] INFO  handler.ContextHandler (ContextHandler.java:doStop(1159)) - Stopped o.e.j.s.ServletContextHandler@47de972{logs,/logs,file:///home/runner/work/ozone/ozone/hadoop-ozone/integration-test/target/log,STOPPED}
2023-01-16 14:42:45,305 [Listener at 127.0.0.1/46467] INFO  ozoneimpl.OzoneContainer (OzoneContainer.java:stop(417)) - Attempting to stop container services.
2023-01-16 14:42:45,306 [Listener at 127.0.0.1/46467] INFO  server.RaftServer (RaftServerProxy.java:lambda$close$6(409)) - d72051fe-3aaa-4ca0-b891-e1cdc202e4f4: close
2023-01-16 14:42:45,306 [d72051fe-3aaa-4ca0-b891-e1cdc202e4f4-impl-thread1] INFO  server.RaftServer$Division (RaftServerImpl.java:lambda$close$4(458)) - d72051fe-3aaa-4ca0-b891-e1cdc202e4f4@group-BA480BCFE081: shutdown
2023-01-16 14:42:45,307 [d72051fe-3aaa-4ca0-b891-e1cdc202e4f4-impl-thread1] INFO  util.JmxRegister (JmxRegister.java:unregister(73)) - Successfully un-registered JMX Bean with object name Ratis:service=RaftServer,group=group-BA480BCFE081,id=d72051fe-3aaa-4ca0-b891-e1cdc202e4f4
2023-01-16 14:42:45,307 [d72051fe-3aaa-4ca0-b891-e1cdc202e4f4-impl-thread1] INFO  impl.RoleInfo (RoleInfo.java:shutdownFollowerState(110)) - d72051fe-3aaa-4ca0-b891-e1cdc202e4f4: shutdown d72051fe-3aaa-4ca0-b891-e1cdc202e4f4@group-BA480BCFE081-FollowerState
2023-01-16 14:42:45,307 [d72051fe-3aaa-4ca0-b891-e1cdc202e4f4-impl-thread2] INFO  server.RaftServer$Division (RaftServerImpl.java:lambda$close$4(458)) - d72051fe-3aaa-4ca0-b891-e1cdc202e4f4@group-2FBCAA66A064: shutdown
2023-01-16 14:42:45,307 [d72051fe-3aaa-4ca0-b891-e1cdc202e4f4-impl-thread2] INFO  util.JmxRegister (JmxRegister.java:unregister(73)) - Successfully un-registered JMX Bean with object name Ratis:service=RaftServer,group=group-2FBCAA66A064,id=d72051fe-3aaa-4ca0-b891-e1cdc202e4f4
2023-01-16 14:42:45,307 [d72051fe-3aaa-4ca0-b891-e1cdc202e4f4-impl-thread2] INFO  impl.RoleInfo (RoleInfo.java:shutdownLeaderState(93)) - d72051fe-3aaa-4ca0-b891-e1cdc202e4f4: shutdown d72051fe-3aaa-4ca0-b891-e1cdc202e4f4@group-2FBCAA66A064-LeaderStateImpl
2023-01-16 14:42:45,307 [d72051fe-3aaa-4ca0-b891-e1cdc202e4f4-impl-thread2] INFO  impl.PendingRequests (PendingRequests.java:sendNotLeaderResponses(282)) - d72051fe-3aaa-4ca0-b891-e1cdc202e4f4@group-2FBCAA66A064-PendingRequests: sendNotLeaderResponses
2023-01-16 14:42:45,307 [d72051fe-3aaa-4ca0-b891-e1cdc202e4f4-impl-thread2] INFO  impl.StateMachineUpdater (StateMachineUpdater.java:stopAndJoin(153)) - d72051fe-3aaa-4ca0-b891-e1cdc202e4f4@group-2FBCAA66A064-StateMachineUpdater: set stopIndex = 0
2023-01-16 14:42:45,307 [Listener at 127.0.0.1/46467] INFO  server.GrpcService (GrpcService.java:closeImpl(271)) - d72051fe-3aaa-4ca0-b891-e1cdc202e4f4: shutdown server GrpcServerProtocolService now
2023-01-16 14:42:45,308 [d72051fe-3aaa-4ca0-b891-e1cdc202e4f4@group-BA480BCFE081-StateMachineUpdater] INFO  ratis.ContainerStateMachine (ContainerStateMachine.java:takeSnapshot(308)) - group-BA480BCFE081: Taking a snapshot at:(t:1, i:0) file /home/runner/work/ozone/ozone/hadoop-ozone/integration-test/target/test-dir/MiniOzoneClusterImpl-c46fa063-69c7-4818-82ed-7a4432d72042/datanode-2/data/ratis/ff0120f3-6f59-4109-a245-ba480bcfe081/sm/snapshot.1_0
2023-01-16 14:42:45,308 [d72051fe-3aaa-4ca0-b891-e1cdc202e4f4@group-BA480BCFE081-FollowerState] INFO  impl.FollowerState (FollowerState.java:run(152)) - d72051fe-3aaa-4ca0-b891-e1cdc202e4f4@group-BA480BCFE081-FollowerState was interrupted
2023-01-16 14:42:45,308 [d72051fe-3aaa-4ca0-b891-e1cdc202e4f4-impl-thread1] INFO  impl.StateMachineUpdater (StateMachineUpdater.java:stopAndJoin(153)) - d72051fe-3aaa-4ca0-b891-e1cdc202e4f4@group-BA480BCFE081-StateMachineUpdater: set stopIndex = 0
2023-01-16 14:42:45,307 [d72051fe-3aaa-4ca0-b891-e1cdc202e4f4@group-2FBCAA66A064-StateMachineUpdater] INFO  ratis.ContainerStateMachine (ContainerStateMachine.java:takeSnapshot(308)) - group-2FBCAA66A064: Taking a snapshot at:(t:1, i:0) file /home/runner/work/ozone/ozone/hadoop-ozone/integration-test/target/test-dir/MiniOzoneClusterImpl-c46fa063-69c7-4818-82ed-7a4432d72042/datanode-2/data/ratis/950bf751-b6ea-4122-9241-2fbcaa66a064/sm/snapshot.1_0
2023-01-16 14:42:45,309 [d72051fe-3aaa-4ca0-b891-e1cdc202e4f4-impl-thread3] INFO  server.RaftServer$Division (RaftServerImpl.java:lambda$close$4(458)) - d72051fe-3aaa-4ca0-b891-e1cdc202e4f4@group-5E653170D9E0: shutdown
2023-01-16 14:42:45,309 [d72051fe-3aaa-4ca0-b891-e1cdc202e4f4-impl-thread3] INFO  util.JmxRegister (JmxRegister.java:unregister(73)) - Successfully un-registered JMX Bean with object name Ratis:service=RaftServer,group=group-5E653170D9E0,id=d72051fe-3aaa-4ca0-b891-e1cdc202e4f4
2023-01-16 14:42:45,309 [d72051fe-3aaa-4ca0-b891-e1cdc202e4f4-impl-thread3] INFO  impl.RoleInfo (RoleInfo.java:shutdownFollowerState(110)) - d72051fe-3aaa-4ca0-b891-e1cdc202e4f4: shutdown d72051fe-3aaa-4ca0-b891-e1cdc202e4f4@group-5E653170D9E0-FollowerState
2023-01-16 14:42:45,309 [Listener at 127.0.0.1/46467] INFO  server.GrpcService (GrpcService.java:closeImpl(280)) - d72051fe-3aaa-4ca0-b891-e1cdc202e4f4: shutdown server GrpcServerProtocolService successfully
2023-01-16 14:42:45,309 [d72051fe-3aaa-4ca0-b891-e1cdc202e4f4-NettyServerStreamRpc-bossGroup--thread1] INFO  logging.LoggingHandler (AbstractInternalLogger.java:log(148)) - [id: 0x0b5c4206, L:/0:0:0:0:0:0:0:0:39517] CLOSE
2023-01-16 14:42:45,309 [d72051fe-3aaa-4ca0-b891-e1cdc202e4f4@group-5E653170D9E0-FollowerState] INFO  impl.FollowerState (FollowerState.java:run(152)) - d72051fe-3aaa-4ca0-b891-e1cdc202e4f4@group-5E653170D9E0-FollowerState was interrupted
2023-01-16 14:42:45,310 [d72051fe-3aaa-4ca0-b891-e1cdc202e4f4@group-2FBCAA66A064-StateMachineUpdater] INFO  ratis.ContainerStateMachine (ContainerStateMachine.java:takeSnapshot(319)) - group-2FBCAA66A064: Finished taking a snapshot at:(t:1, i:0) file:/home/runner/work/ozone/ozone/hadoop-ozone/integration-test/target/test-dir/MiniOzoneClusterImpl-c46fa063-69c7-4818-82ed-7a4432d72042/datanode-2/data/ratis/950bf751-b6ea-4122-9241-2fbcaa66a064/sm/snapshot.1_0 took: 2 ms
2023-01-16 14:42:45,309 [d72051fe-3aaa-4ca0-b891-e1cdc202e4f4@group-BA480BCFE081-StateMachineUpdater] INFO  ratis.ContainerStateMachine (ContainerStateMachine.java:takeSnapshot(319)) - group-BA480BCFE081: Finished taking a snapshot at:(t:1, i:0) file:/home/runner/work/ozone/ozone/hadoop-ozone/integration-test/target/test-dir/MiniOzoneClusterImpl-c46fa063-69c7-4818-82ed-7a4432d72042/datanode-2/data/ratis/ff0120f3-6f59-4109-a245-ba480bcfe081/sm/snapshot.1_0 took: 2 ms
2023-01-16 14:42:45,309 [d72051fe-3aaa-4ca0-b891-e1cdc202e4f4-impl-thread3] INFO  impl.StateMachineUpdater (StateMachineUpdater.java:stopAndJoin(153)) - d72051fe-3aaa-4ca0-b891-e1cdc202e4f4@group-5E653170D9E0-StateMachineUpdater: set stopIndex = 0
2023-01-16 14:42:45,309 [d72051fe-3aaa-4ca0-b891-e1cdc202e4f4@group-5E653170D9E0-StateMachineUpdater] INFO  ratis.ContainerStateMachine (ContainerStateMachine.java:takeSnapshot(308)) - group-5E653170D9E0: Taking a snapshot at:(t:1, i:0) file /home/runner/work/ozone/ozone/hadoop-ozone/integration-test/target/test-dir/MiniOzoneClusterImpl-c46fa063-69c7-4818-82ed-7a4432d72042/datanode-2/data/ratis/174bef65-c465-45c3-8a83-5e653170d9e0/sm/snapshot.1_0
2023-01-16 14:42:45,310 [d72051fe-3aaa-4ca0-b891-e1cdc202e4f4-NettyServerStreamRpc-bossGroup--thread1] INFO  logging.LoggingHandler (AbstractInternalLogger.java:log(148)) - [id: 0x0b5c4206, L:/0:0:0:0:0:0:0:0:39517] INACTIVE
2023-01-16 14:42:45,310 [d72051fe-3aaa-4ca0-b891-e1cdc202e4f4-NettyServerStreamRpc-bossGroup--thread1] INFO  logging.LoggingHandler (AbstractInternalLogger.java:log(148)) - [id: 0x0b5c4206, L:/0:0:0:0:0:0:0:0:39517] UNREGISTERED
2023-01-16 14:42:45,311 [d72051fe-3aaa-4ca0-b891-e1cdc202e4f4@group-2FBCAA66A064-StateMachineUpdater] INFO  impl.StateMachineUpdater (StateMachineUpdater.java:takeSnapshot(287)) - d72051fe-3aaa-4ca0-b891-e1cdc202e4f4@group-2FBCAA66A064-StateMachineUpdater: Took a snapshot at index 0
2023-01-16 14:42:45,311 [d72051fe-3aaa-4ca0-b891-e1cdc202e4f4@group-2FBCAA66A064-StateMachineUpdater] INFO  impl.StateMachineUpdater (StateMachineUpdater.java:lambda$new$0(92)) - d72051fe-3aaa-4ca0-b891-e1cdc202e4f4@group-2FBCAA66A064-StateMachineUpdater: snapshotIndex: updateIncreasingly -1 -> 0
2023-01-16 14:42:45,311 [d72051fe-3aaa-4ca0-b891-e1cdc202e4f4@group-BA480BCFE081-StateMachineUpdater] INFO  impl.StateMachineUpdater (StateMachineUpdater.java:takeSnapshot(287)) - d72051fe-3aaa-4ca0-b891-e1cdc202e4f4@group-BA480BCFE081-StateMachineUpdater: Took a snapshot at index 0
2023-01-16 14:42:45,311 [d72051fe-3aaa-4ca0-b891-e1cdc202e4f4@group-BA480BCFE081-StateMachineUpdater] INFO  impl.StateMachineUpdater (StateMachineUpdater.java:lambda$new$0(92)) - d72051fe-3aaa-4ca0-b891-e1cdc202e4f4@group-BA480BCFE081-StateMachineUpdater: snapshotIndex: updateIncreasingly -1 -> 0
2023-01-16 14:42:45,311 [d72051fe-3aaa-4ca0-b891-e1cdc202e4f4-impl-thread1] INFO  server.RaftServer$Division (ServerState.java:close(466)) - d72051fe-3aaa-4ca0-b891-e1cdc202e4f4@group-BA480BCFE081: closes. applyIndex: 0
2023-01-16 14:42:45,311 [d72051fe-3aaa-4ca0-b891-e1cdc202e4f4-impl-thread2] INFO  server.RaftServer$Division (ServerState.java:close(466)) - d72051fe-3aaa-4ca0-b891-e1cdc202e4f4@group-2FBCAA66A064: closes. applyIndex: 0
2023-01-16 14:42:45,311 [d72051fe-3aaa-4ca0-b891-e1cdc202e4f4@group-5E653170D9E0-StateMachineUpdater] INFO  ratis.ContainerStateMachine (ContainerStateMachine.java:takeSnapshot(319)) - group-5E653170D9E0: Finished taking a snapshot at:(t:1, i:0) file:/home/runner/work/ozone/ozone/hadoop-ozone/integration-test/target/test-dir/MiniOzoneClusterImpl-c46fa063-69c7-4818-82ed-7a4432d72042/datanode-2/data/ratis/174bef65-c465-45c3-8a83-5e653170d9e0/sm/snapshot.1_0 took: 2 ms
2023-01-16 14:42:45,314 [d72051fe-3aaa-4ca0-b891-e1cdc202e4f4@group-5E653170D9E0-StateMachineUpdater] INFO  impl.StateMachineUpdater (StateMachineUpdater.java:takeSnapshot(287)) - d72051fe-3aaa-4ca0-b891-e1cdc202e4f4@group-5E653170D9E0-StateMachineUpdater: Took a snapshot at index 0
2023-01-16 14:42:45,314 [d72051fe-3aaa-4ca0-b891-e1cdc202e4f4@group-5E653170D9E0-StateMachineUpdater] INFO  impl.StateMachineUpdater (StateMachineUpdater.java:lambda$new$0(92)) - d72051fe-3aaa-4ca0-b891-e1cdc202e4f4@group-5E653170D9E0-StateMachineUpdater: snapshotIndex: updateIncreasingly -1 -> 0
2023-01-16 14:42:45,314 [d72051fe-3aaa-4ca0-b891-e1cdc202e4f4-impl-thread3] INFO  server.RaftServer$Division (ServerState.java:close(466)) - d72051fe-3aaa-4ca0-b891-e1cdc202e4f4@group-5E653170D9E0: closes. applyIndex: 0
2023-01-16 14:42:45,315 [d72051fe-3aaa-4ca0-b891-e1cdc202e4f4@group-5E653170D9E0-SegmentedRaftLogWorker] INFO  segmented.SegmentedRaftLogWorker (SegmentedRaftLogWorker.java:run(347)) - d72051fe-3aaa-4ca0-b891-e1cdc202e4f4@group-5E653170D9E0-SegmentedRaftLogWorker was interrupted, exiting. There are 0 tasks remaining in the queue.
2023-01-16 14:42:45,315 [d72051fe-3aaa-4ca0-b891-e1cdc202e4f4@group-BA480BCFE081-SegmentedRaftLogWorker] INFO  segmented.SegmentedRaftLogWorker (SegmentedRaftLogWorker.java:run(347)) - d72051fe-3aaa-4ca0-b891-e1cdc202e4f4@group-BA480BCFE081-SegmentedRaftLogWorker was interrupted, exiting. There are 0 tasks remaining in the queue.
2023-01-16 14:42:45,316 [d72051fe-3aaa-4ca0-b891-e1cdc202e4f4-impl-thread1] INFO  segmented.SegmentedRaftLogWorker (SegmentedRaftLogWorker.java:close(257)) - d72051fe-3aaa-4ca0-b891-e1cdc202e4f4@group-BA480BCFE081-SegmentedRaftLogWorker close()
2023-01-16 14:42:45,316 [d72051fe-3aaa-4ca0-b891-e1cdc202e4f4@group-2FBCAA66A064-SegmentedRaftLogWorker] INFO  segmented.SegmentedRaftLogWorker (SegmentedRaftLogWorker.java:run(347)) - d72051fe-3aaa-4ca0-b891-e1cdc202e4f4@group-2FBCAA66A064-SegmentedRaftLogWorker was interrupted, exiting. There are 0 tasks remaining in the queue.
2023-01-16 14:42:45,317 [d72051fe-3aaa-4ca0-b891-e1cdc202e4f4-impl-thread3] INFO  segmented.SegmentedRaftLogWorker (SegmentedRaftLogWorker.java:close(257)) - d72051fe-3aaa-4ca0-b891-e1cdc202e4f4@group-5E653170D9E0-SegmentedRaftLogWorker close()
2023-01-16 14:42:45,318 [d72051fe-3aaa-4ca0-b891-e1cdc202e4f4-impl-thread2] INFO  segmented.SegmentedRaftLogWorker (SegmentedRaftLogWorker.java:close(257)) - d72051fe-3aaa-4ca0-b891-e1cdc202e4f4@group-2FBCAA66A064-SegmentedRaftLogWorker close()
2023-01-16 14:42:45,319 [JvmPauseMonitor10] INFO  util.JvmPauseMonitor (JvmPauseMonitor.java:run(111)) - JvmPauseMonitor-d72051fe-3aaa-4ca0-b891-e1cdc202e4f4: Stopped
2023-01-16 14:42:47,324 [Listener at 127.0.0.1/46467] INFO  volume.HddsVolume (HddsVolume.java:closeDbStore(338)) - SchemaV3 db is stopped at /home/runner/work/ozone/ozone/hadoop-ozone/integration-test/target/test-dir/MiniOzoneClusterImpl-c46fa063-69c7-4818-82ed-7a4432d72042/datanode-2/data-0/containers/hdds/c46fa063-69c7-4818-82ed-7a4432d72042/DS-e7c68cd2-b82d-471a-b4eb-e1587870522c/container.db for volume DS-e7c68cd2-b82d-471a-b4eb-e1587870522c
2023-01-16 14:42:47,325 [Listener at 127.0.0.1/46467] INFO  utils.BackgroundService (BackgroundService.java:shutdown(141)) - Shutting down service BlockDeletingService
2023-01-16 14:42:47,326 [Listener at 127.0.0.1/46467] INFO  utils.BackgroundService (BackgroundService.java:shutdown(141)) - Shutting down service StaleRecoveringContainerScrubbingService
2023-01-16 14:42:47,327 [Listener at 127.0.0.1/46467] INFO  statemachine.DatanodeStateMachine (DatanodeStateMachine.java:stopDaemon(596)) - Ozone container server stopped.
2023-01-16 14:42:47,330 [EventQueue-StaleNodeForStaleNodeHandler] INFO  node.StaleNodeHandler (StaleNodeHandler.java:onMessage(59)) - Datanode 710767cc-7b4a-4f75-833c-d89a4e7b1741(fv-az203-757.ild0l4k5vsluppoevu2oqvhmda.cx.internal.cloudapp.net/10.1.1.103) moved to stale state. Finalizing its pipelines [PipelineID=ff0120f3-6f59-4109-a245-ba480bcfe081, PipelineID=f23a0c2d-a1dc-42dc-b0ed-9e07fadadf34, PipelineID=174bef65-c465-45c3-8a83-5e653170d9e0]
2023-01-16 14:42:47,332 [EventQueue-StaleNodeForStaleNodeHandler] INFO  pipeline.PipelineManagerImpl (PipelineManagerImpl.java:closePipeline(442)) - Pipeline Pipeline[ Id: ff0120f3-6f59-4109-a245-ba480bcfe081, Nodes: 710767cc-7b4a-4f75-833c-d89a4e7b1741(fv-az203-757.ild0l4k5vsluppoevu2oqvhmda.cx.internal.cloudapp.net/10.1.1.103)442ec2d2-8762-4ddc-9d9e-f72be6bfd603(fv-az203-757.ild0l4k5vsluppoevu2oqvhmda.cx.internal.cloudapp.net/10.1.1.103)d72051fe-3aaa-4ca0-b891-e1cdc202e4f4(fv-az203-757.ild0l4k5vsluppoevu2oqvhmda.cx.internal.cloudapp.net/10.1.1.103), ReplicationConfig: RATIS/THREE, State:OPEN, leaderId:442ec2d2-8762-4ddc-9d9e-f72be6bfd603, CreationTimestamp2023-01-16T14:42:33.048Z[Etc/UTC]] moved to CLOSED state
2023-01-16 14:42:47,333 [EventQueue-StaleNodeForStaleNodeHandler] INFO  pipeline.PipelineManagerImpl (PipelineManagerImpl.java:closePipeline(442)) - Pipeline Pipeline[ Id: f23a0c2d-a1dc-42dc-b0ed-9e07fadadf34, Nodes: 710767cc-7b4a-4f75-833c-d89a4e7b1741(fv-az203-757.ild0l4k5vsluppoevu2oqvhmda.cx.internal.cloudapp.net/10.1.1.103), ReplicationConfig: RATIS/ONE, State:OPEN, leaderId:710767cc-7b4a-4f75-833c-d89a4e7b1741, CreationTimestamp2023-01-16T14:42:32.419Z[Etc/UTC]] moved to CLOSED state
2023-01-16 14:42:47,333 [EventQueue-StaleNodeForStaleNodeHandler] INFO  pipeline.PipelineManagerImpl (PipelineManagerImpl.java:closePipeline(442)) - Pipeline Pipeline[ Id: 174bef65-c465-45c3-8a83-5e653170d9e0, Nodes: 442ec2d2-8762-4ddc-9d9e-f72be6bfd603(fv-az203-757.ild0l4k5vsluppoevu2oqvhmda.cx.internal.cloudapp.net/10.1.1.103)710767cc-7b4a-4f75-833c-d89a4e7b1741(fv-az203-757.ild0l4k5vsluppoevu2oqvhmda.cx.internal.cloudapp.net/10.1.1.103)d72051fe-3aaa-4ca0-b891-e1cdc202e4f4(fv-az203-757.ild0l4k5vsluppoevu2oqvhmda.cx.internal.cloudapp.net/10.1.1.103), ReplicationConfig: RATIS/THREE, State:OPEN, leaderId:710767cc-7b4a-4f75-833c-d89a4e7b1741, CreationTimestamp2023-01-16T14:42:33.046Z[Etc/UTC]] moved to CLOSED state
2023-01-16 14:42:47,335 [Listener at 127.0.0.1/46467] INFO  handler.ContextHandler (ContextHandler.java:doStop(1159)) - Stopped o.e.j.w.WebAppContext@2e91c245{hddsDatanode,/,null,STOPPED}{jar:file:/home/runner/.m2/repository/org/apache/ozone/hdds-container-service/1.4.0-SNAPSHOT/hdds-container-service-1.4.0-SNAPSHOT.jar!/webapps/hddsDatanode}
2023-01-16 14:42:47,338 [Listener at 127.0.0.1/46467] INFO  server.AbstractConnector (AbstractConnector.java:doStop(383)) - Stopped ServerConnector@fb054f4{HTTP/1.1, (http/1.1)}{0.0.0.0:0}
2023-01-16 14:42:47,338 [Listener at 127.0.0.1/46467] INFO  server.session (HouseKeeper.java:stopScavenging(149)) - node0 Stopped scavenging
2023-01-16 14:42:47,339 [Listener at 127.0.0.1/46467] INFO  handler.ContextHandler (ContextHandler.java:doStop(1159)) - Stopped o.e.j.s.ServletContextHandler@2f6a0f9c{static,/static,jar:file:/home/runner/.m2/repository/org/apache/ozone/hdds-container-service/1.4.0-SNAPSHOT/hdds-container-service-1.4.0-SNAPSHOT.jar!/webapps/static,STOPPED}
2023-01-16 14:42:47,339 [Listener at 127.0.0.1/46467] INFO  handler.ContextHandler (ContextHandler.java:doStop(1159)) - Stopped o.e.j.s.ServletContextHandler@26d76e45{logs,/logs,file:///home/runner/work/ozone/ozone/hadoop-ozone/integration-test/target/log,STOPPED}
2023-01-16 14:42:49,330 [EventQueue-StaleNodeForStaleNodeHandler] INFO  node.StaleNodeHandler (StaleNodeHandler.java:onMessage(59)) - Datanode 442ec2d2-8762-4ddc-9d9e-f72be6bfd603(fv-az203-757.ild0l4k5vsluppoevu2oqvhmda.cx.internal.cloudapp.net/10.1.1.103) moved to stale state. Finalizing its pipelines [PipelineID=ff0120f3-6f59-4109-a245-ba480bcfe081, PipelineID=174bef65-c465-45c3-8a83-5e653170d9e0, PipelineID=37db6620-9727-4967-a59b-0bce51e68637]
2023-01-16 14:42:49,331 [EventQueue-StaleNodeForStaleNodeHandler] INFO  pipeline.PipelineManagerImpl (PipelineManagerImpl.java:closePipeline(442)) - Pipeline Pipeline[ Id: 37db6620-9727-4967-a59b-0bce51e68637, Nodes: 442ec2d2-8762-4ddc-9d9e-f72be6bfd603(fv-az203-757.ild0l4k5vsluppoevu2oqvhmda.cx.internal.cloudapp.net/10.1.1.103), ReplicationConfig: RATIS/ONE, State:OPEN, leaderId:442ec2d2-8762-4ddc-9d9e-f72be6bfd603, CreationTimestamp2023-01-16T14:42:32.739Z[Etc/UTC]] moved to CLOSED state
2023-01-16 14:42:51,331 [EventQueue-StaleNodeForStaleNodeHandler] INFO  node.StaleNodeHandler (StaleNodeHandler.java:onMessage(59)) - Datanode d72051fe-3aaa-4ca0-b891-e1cdc202e4f4(fv-az203-757.ild0l4k5vsluppoevu2oqvhmda.cx.internal.cloudapp.net/10.1.1.103) moved to stale state. Finalizing its pipelines [PipelineID=ff0120f3-6f59-4109-a245-ba480bcfe081, PipelineID=950bf751-b6ea-4122-9241-2fbcaa66a064, PipelineID=174bef65-c465-45c3-8a83-5e653170d9e0]
2023-01-16 14:42:51,332 [EventQueue-StaleNodeForStaleNodeHandler] INFO  pipeline.PipelineManagerImpl (PipelineManagerImpl.java:closePipeline(442)) - Pipeline Pipeline[ Id: 950bf751-b6ea-4122-9241-2fbcaa66a064, Nodes: d72051fe-3aaa-4ca0-b891-e1cdc202e4f4(fv-az203-757.ild0l4k5vsluppoevu2oqvhmda.cx.internal.cloudapp.net/10.1.1.103), ReplicationConfig: RATIS/ONE, State:OPEN, leaderId:d72051fe-3aaa-4ca0-b891-e1cdc202e4f4, CreationTimestamp2023-01-16T14:42:33.045Z[Etc/UTC]] moved to CLOSED state
2023-01-16 14:42:51,349 [Listener at 127.0.0.1/46467] ERROR pipeline.PipelinePlacementPolicy (PipelinePlacementPolicy.java:filterViableNodes(141)) - No healthy node found to allocate container.
2023-01-16 14:42:51,352 [Listener at 127.0.0.1/46467] INFO  impl.MetricsSystemImpl (MetricsSystemImpl.java:init(158)) - HddsDatanode metrics system started (again)
2023-01-16 14:42:51,392 [Listener at 127.0.0.1/46467] INFO  ozone.HddsDatanodeService (HddsDatanodeService.java:start(228)) - HddsDatanodeService host:fv-az203-757.ild0l4k5vsluppoevu2oqvhmda.cx.internal.cloudapp.net ip:10.1.1.103
2023-01-16 14:42:51,422 [Listener at 127.0.0.1/46467] INFO  upgrade.AbstractLayoutVersionManager (AbstractLayoutVersionManager.java:init(83)) - Initializing Layout version manager with metadata layout = DATANODE_SCHEMA_V3 (version = 4), software layout = DATANODE_SCHEMA_V3 (version = 4)
2023-01-16 14:42:51,467 [Listener at 127.0.0.1/46467] INFO  reflections.Reflections (Reflections.java:scan(232)) - Reflections took 44 ms to scan 7 urls, producing 146 keys and 350 values 
2023-01-16 14:42:51,469 [Listener at 127.0.0.1/46467] INFO  statemachine.DatanodeStateMachine (DatanodeStateMachine.java:getEndPointTaskThreadPoolSize(248)) - Datanode State Machine Task Thread Pool size 2
2023-01-16 14:42:51,477 [Listener at 127.0.0.1/46467] INFO  volume.HddsVolume (HddsVolume.java:<init>(117)) - Creating HddsVolume: /home/runner/work/ozone/ozone/hadoop-ozone/integration-test/target/test-dir/MiniOzoneClusterImpl-c46fa063-69c7-4818-82ed-7a4432d72042/datanode-0/data-0/containers/hdds of storage type : DISK capacity : 9223372036854775807
2023-01-16 14:42:51,477 [Listener at 127.0.0.1/46467] INFO  volume.MutableVolumeSet (MutableVolumeSet.java:initializeVolumeSet(174)) - Added Volume : /home/runner/work/ozone/ozone/hadoop-ozone/integration-test/target/test-dir/MiniOzoneClusterImpl-c46fa063-69c7-4818-82ed-7a4432d72042/datanode-0/data-0/containers/hdds to VolumeSet
2023-01-16 14:42:51,478 [Listener at 127.0.0.1/46467] INFO  volume.ThrottledAsyncChecker (ThrottledAsyncChecker.java:schedule(141)) - Scheduling a check for /home/runner/work/ozone/ozone/hadoop-ozone/integration-test/target/test-dir/MiniOzoneClusterImpl-c46fa063-69c7-4818-82ed-7a4432d72042/datanode-0/data-0/containers/hdds
2023-01-16 14:42:51,478 [Listener at 127.0.0.1/46467] INFO  volume.StorageVolumeChecker (StorageVolumeChecker.java:checkAllVolumes(202)) - Scheduled health check for volume /home/runner/work/ozone/ozone/hadoop-ozone/integration-test/target/test-dir/MiniOzoneClusterImpl-c46fa063-69c7-4818-82ed-7a4432d72042/datanode-0/data-0/containers/hdds
2023-01-16 14:42:51,492 [Listener at 127.0.0.1/46467] INFO  volume.MutableVolumeSet (MutableVolumeSet.java:initializeVolumeSet(174)) - Added Volume : /home/runner/work/ozone/ozone/hadoop-ozone/integration-test/target/test-dir/MiniOzoneClusterImpl-c46fa063-69c7-4818-82ed-7a4432d72042/datanode-0/data/ratis to VolumeSet
2023-01-16 14:42:51,493 [Listener at 127.0.0.1/46467] INFO  volume.ThrottledAsyncChecker (ThrottledAsyncChecker.java:schedule(141)) - Scheduling a check for /home/runner/work/ozone/ozone/hadoop-ozone/integration-test/target/test-dir/MiniOzoneClusterImpl-c46fa063-69c7-4818-82ed-7a4432d72042/datanode-0/data/ratis
2023-01-16 14:42:51,493 [Listener at 127.0.0.1/46467] INFO  volume.StorageVolumeChecker (StorageVolumeChecker.java:checkAllVolumes(202)) - Scheduled health check for volume /home/runner/work/ozone/ozone/hadoop-ozone/integration-test/target/test-dir/MiniOzoneClusterImpl-c46fa063-69c7-4818-82ed-7a4432d72042/datanode-0/data/ratis
2023-01-16 14:42:51,520 [Listener at 127.0.0.1/46467] INFO  utils.DatanodeStoreCache (DatanodeStoreCache.java:addDB(58)) - Added db /home/runner/work/ozone/ozone/hadoop-ozone/integration-test/target/test-dir/MiniOzoneClusterImpl-c46fa063-69c7-4818-82ed-7a4432d72042/datanode-0/data-0/containers/hdds/c46fa063-69c7-4818-82ed-7a4432d72042/DS-2e3687ec-d54c-402b-a602-9cb61db6d865/container.db to cache
2023-01-16 14:42:51,520 [Listener at 127.0.0.1/46467] INFO  volume.HddsVolume (HddsVolume.java:loadDbStore(260)) - SchemaV3 db is loaded at /home/runner/work/ozone/ozone/hadoop-ozone/integration-test/target/test-dir/MiniOzoneClusterImpl-c46fa063-69c7-4818-82ed-7a4432d72042/datanode-0/data-0/containers/hdds/c46fa063-69c7-4818-82ed-7a4432d72042/DS-2e3687ec-d54c-402b-a602-9cb61db6d865/container.db for volume DS-2e3687ec-d54c-402b-a602-9cb61db6d865
2023-01-16 14:42:51,523 [Thread-788] INFO  ozoneimpl.ContainerReader (ContainerReader.java:readVolume(145)) - Start to verify containers on volume /home/runner/work/ozone/ozone/hadoop-ozone/integration-test/target/test-dir/MiniOzoneClusterImpl-c46fa063-69c7-4818-82ed-7a4432d72042/datanode-0/data-0/containers/hdds
2023-01-16 14:42:51,524 [Thread-788] INFO  ozoneimpl.ContainerReader (ContainerReader.java:readVolume(175)) - Finish verifying containers on volume /home/runner/work/ozone/ozone/hadoop-ozone/integration-test/target/test-dir/MiniOzoneClusterImpl-c46fa063-69c7-4818-82ed-7a4432d72042/datanode-0/data-0/containers/hdds
2023-01-16 14:42:51,524 [Listener at 127.0.0.1/46467] INFO  ozoneimpl.OzoneContainer (OzoneContainer.java:buildContainerSet(301)) - Build ContainerSet costs 0s
2023-01-16 14:42:51,526 [Listener at 127.0.0.1/46467] INFO  server.RaftServer (ConfUtils.java:logGet(46)) - raft.rpc.type = GRPC (default)
2023-01-16 14:42:51,526 [Listener at 127.0.0.1/46467] INFO  grpc.GrpcConfigKeys (ConfUtils.java:logFallback(53)) - raft.grpc.admin.host = null (fallback to raft.grpc.server.host)
2023-01-16 14:42:51,526 [Listener at 127.0.0.1/46467] INFO  grpc.GrpcConfigKeys (ConfUtils.java:logGet(46)) - raft.grpc.admin.port = 32999 (custom)
2023-01-16 14:42:51,527 [Listener at 127.0.0.1/46467] INFO  grpc.GrpcConfigKeys (ConfUtils.java:logFallback(53)) - raft.grpc.client.host = null (fallback to raft.grpc.server.host)
2023-01-16 14:42:51,527 [Listener at 127.0.0.1/46467] INFO  grpc.GrpcConfigKeys (ConfUtils.java:logGet(46)) - raft.grpc.client.port = 32999 (custom)
2023-01-16 14:42:51,527 [Listener at 127.0.0.1/46467] INFO  grpc.GrpcConfigKeys (ConfUtils.java:logGet(46)) - raft.grpc.server.host = null (default)
2023-01-16 14:42:51,527 [Listener at 127.0.0.1/46467] INFO  grpc.GrpcConfigKeys (ConfUtils.java:logGet(46)) - raft.grpc.server.port = 32999 (custom)
2023-01-16 14:42:51,527 [Listener at 127.0.0.1/46467] INFO  server.GrpcService (ConfUtils.java:logGet(46)) - raft.grpc.message.size.max = 32MB (=33554432) (custom)
2023-01-16 14:42:51,527 [Listener at 127.0.0.1/46467] INFO  server.RaftServerConfigKeys (ConfUtils.java:logGet(46)) - raft.server.log.appender.buffer.byte-limit = 33554432 (custom)
2023-01-16 14:42:51,527 [Listener at 127.0.0.1/46467] INFO  server.GrpcService (ConfUtils.java:logGet(46)) - raft.grpc.flow.control.window = 5MB (=5242880) (custom)
2023-01-16 14:42:51,528 [Listener at 127.0.0.1/46467] INFO  server.RaftServerConfigKeys (ConfUtils.java:logGet(46)) - raft.server.rpc.request.timeout = 60s (custom)
2023-01-16 14:42:51,528 [Listener at 127.0.0.1/46467] INFO  grpc.GrpcConfigKeys (ConfUtils.java:logGet(46)) - raft.grpc.server.heartbeat.channel = true (default)
2023-01-16 14:42:51,528 [Listener at 127.0.0.1/46467] INFO  grpc.GrpcConfigKeys (ConfUtils.java:logGet(46)) - raft.grpc.server.async.request.thread.pool.cached = true (default)
2023-01-16 14:42:51,528 [Listener at 127.0.0.1/46467] INFO  grpc.GrpcConfigKeys (ConfUtils.java:logGet(46)) - raft.grpc.server.async.request.thread.pool.size = 32 (default)
2023-01-16 14:42:51,529 [Listener at 127.0.0.1/46467] INFO  impl.DataStreamServerImpl (ConfUtils.java:logGet(46)) - raft.datastream.type = NETTY (custom)
2023-01-16 14:42:51,530 [Listener at 127.0.0.1/46467] INFO  server.RaftServerConfigKeys (ConfUtils.java:logGet(46)) - raft.server.data-stream.async.request.thread.pool.cached = false (default)
2023-01-16 14:42:51,530 [Listener at 127.0.0.1/46467] INFO  server.RaftServerConfigKeys (ConfUtils.java:logGet(46)) - raft.server.data-stream.async.request.thread.pool.size = 20 (custom)
2023-01-16 14:42:51,530 [Listener at 127.0.0.1/46467] INFO  server.RaftServerConfigKeys (ConfUtils.java:logGet(46)) - raft.server.data-stream.async.write.thread.pool.size = 16 (default)
2023-01-16 14:42:51,530 [Listener at 127.0.0.1/46467] INFO  server.RaftServerConfigKeys (ConfUtils.java:logGet(46)) - raft.server.data-stream.client.pool.size = 10 (default)
2023-01-16 14:42:51,530 [Listener at 127.0.0.1/46467] INFO  netty.NettyConfigKeys$DataStream (ConfUtils.java:logGet(46)) - raft.netty.dataStream.server.use-epoll = false (default)
2023-01-16 14:42:51,530 [Listener at 127.0.0.1/46467] INFO  netty.NettyConfigKeys$DataStream (ConfUtils.java:logGet(46)) - raft.netty.dataStream.server.boss-group.size = 0 (default)
2023-01-16 14:42:51,531 [Listener at 127.0.0.1/46467] INFO  netty.NettyConfigKeys$DataStream (ConfUtils.java:logGet(46)) - raft.netty.dataStream.server.worker-group.size = 0 (default)
2023-01-16 14:42:51,531 [Listener at 127.0.0.1/46467] INFO  netty.NettyConfigKeys$DataStream (ConfUtils.java:logGet(46)) - raft.netty.dataStream.server.tls.conf = null (default)
2023-01-16 14:42:51,531 [Listener at 127.0.0.1/46467] INFO  netty.NettyConfigKeys$DataStream (ConfUtils.java:logGet(46)) - raft.netty.dataStream.host = null (default)
2023-01-16 14:42:51,532 [Listener at 127.0.0.1/46467] INFO  netty.NettyConfigKeys$DataStream (ConfUtils.java:logGet(46)) - raft.netty.dataStream.port = 0 (default)
2023-01-16 14:42:51,532 [Listener at 127.0.0.1/46467] INFO  server.RaftServerConfigKeys (ConfUtils.java:logGet(46)) - raft.server.threadpool.proxy.cached = true (default)
2023-01-16 14:42:51,532 [Listener at 127.0.0.1/46467] INFO  server.RaftServerConfigKeys (ConfUtils.java:logGet(46)) - raft.server.threadpool.proxy.size = 0 (default)
2023-01-16 14:42:51,532 [Listener at 127.0.0.1/46467] INFO  server.RaftServerConfigKeys (ConfUtils.java:logGet(46)) - raft.server.rpc.slowness.timeout = 300s (custom)
2023-01-16 14:42:51,533 [Listener at 127.0.0.1/46467] INFO  server.RaftServerConfigKeys (ConfUtils.java:logGet(46)) - raft.server.leaderelection.leader.step-down.wait-time = 10s (default)
2023-01-16 14:42:51,533 [Listener at 127.0.0.1/46467] INFO  server.RaftServerConfigKeys (ConfUtils.java:logGet(46)) - raft.server.storage.dir = [/home/runner/work/ozone/ozone/hadoop-ozone/integration-test/target/test-dir/MiniOzoneClusterImpl-c46fa063-69c7-4818-82ed-7a4432d72042/datanode-0/data/ratis] (custom)
2023-01-16 14:42:51,533 [710767cc-7b4a-4f75-833c-d89a4e7b1741-NettyServerStreamRpc-bossGroup--thread1] INFO  logging.LoggingHandler (AbstractInternalLogger.java:log(148)) - [id: 0xb75ed3af] REGISTERED
2023-01-16 14:42:51,533 [710767cc-7b4a-4f75-833c-d89a4e7b1741-NettyServerStreamRpc-bossGroup--thread1] INFO  logging.LoggingHandler (AbstractInternalLogger.java:log(148)) - [id: 0xb75ed3af] BIND: 0.0.0.0/0.0.0.0:0
2023-01-16 14:42:51,534 [710767cc-7b4a-4f75-833c-d89a4e7b1741-NettyServerStreamRpc-bossGroup--thread1] INFO  logging.LoggingHandler (AbstractInternalLogger.java:log(148)) - [id: 0xb75ed3af, L:/0:0:0:0:0:0:0:0:46171] ACTIVE
2023-01-16 14:42:51,534 [710767cc-7b4a-4f75-833c-d89a4e7b1741-impl-thread1] INFO  server.RaftServer (RaftServerProxy.java:initGroupDir(251)) - 710767cc-7b4a-4f75-833c-d89a4e7b1741: found a subdirectory /home/runner/work/ozone/ozone/hadoop-ozone/integration-test/target/test-dir/MiniOzoneClusterImpl-c46fa063-69c7-4818-82ed-7a4432d72042/datanode-0/data/ratis/174bef65-c465-45c3-8a83-5e653170d9e0
2023-01-16 14:42:51,534 [710767cc-7b4a-4f75-833c-d89a4e7b1741-impl-thread1] INFO  server.RaftServer (RaftServerProxy.java:addNew(96)) - 710767cc-7b4a-4f75-833c-d89a4e7b1741: addNew group-5E653170D9E0:[] returns group-5E653170D9E0:java.util.concurrent.CompletableFuture@4769d7f1[Not completed]
2023-01-16 14:42:51,534 [710767cc-7b4a-4f75-833c-d89a4e7b1741-impl-thread1] INFO  server.RaftServer (RaftServerProxy.java:initGroupDir(251)) - 710767cc-7b4a-4f75-833c-d89a4e7b1741: found a subdirectory /home/runner/work/ozone/ozone/hadoop-ozone/integration-test/target/test-dir/MiniOzoneClusterImpl-c46fa063-69c7-4818-82ed-7a4432d72042/datanode-0/data/ratis/ff0120f3-6f59-4109-a245-ba480bcfe081
2023-01-16 14:42:51,534 [710767cc-7b4a-4f75-833c-d89a4e7b1741-impl-thread1] INFO  server.RaftServer (RaftServerProxy.java:addNew(96)) - 710767cc-7b4a-4f75-833c-d89a4e7b1741: addNew group-BA480BCFE081:[] returns group-BA480BCFE081:java.util.concurrent.CompletableFuture@43564bc4[Not completed]
2023-01-16 14:42:51,535 [710767cc-7b4a-4f75-833c-d89a4e7b1741-impl-thread1] INFO  server.RaftServer (RaftServerProxy.java:initGroupDir(251)) - 710767cc-7b4a-4f75-833c-d89a4e7b1741: found a subdirectory /home/runner/work/ozone/ozone/hadoop-ozone/integration-test/target/test-dir/MiniOzoneClusterImpl-c46fa063-69c7-4818-82ed-7a4432d72042/datanode-0/data/ratis/f23a0c2d-a1dc-42dc-b0ed-9e07fadadf34
2023-01-16 14:42:51,535 [710767cc-7b4a-4f75-833c-d89a4e7b1741-impl-thread1] INFO  server.RaftServer (RaftServerProxy.java:addNew(96)) - 710767cc-7b4a-4f75-833c-d89a4e7b1741: addNew group-9E07FADADF34:[] returns group-9E07FADADF34:java.util.concurrent.CompletableFuture@654ddca[Not completed]
2023-01-16 14:42:51,536 [Listener at 127.0.0.1/46467] INFO  server.XceiverServerGrpc (XceiverServerGrpc.java:<init>(132)) - GrpcServer channel type EpollServerSocketChannel
2023-01-16 14:42:51,538 [pool-400-thread-1] INFO  server.RaftServer$Division (RaftServerImpl.java:<init>(195)) - 710767cc-7b4a-4f75-833c-d89a4e7b1741: new RaftServerImpl for group-5E653170D9E0:[] with ContainerStateMachine:uninitialized
2023-01-16 14:42:51,538 [pool-400-thread-1] INFO  server.RaftServerConfigKeys (ConfUtils.java:logGet(46)) - raft.server.rpc.timeout.min = 5s (custom)
2023-01-16 14:42:51,538 [pool-400-thread-1] INFO  server.RaftServerConfigKeys (ConfUtils.java:logGet(46)) - raft.server.rpc.timeout.max = 5200ms (custom)
2023-01-16 14:42:51,538 [pool-400-thread-1] INFO  server.RaftServerConfigKeys (ConfUtils.java:logGet(46)) - raft.server.rpc.sleep.time = 25ms (default)
2023-01-16 14:42:51,538 [pool-400-thread-1] INFO  server.RaftServerConfigKeys (ConfUtils.java:logGet(46)) - raft.server.rpc.slowness.timeout = 300s (custom)
2023-01-16 14:42:51,538 [pool-400-thread-1] INFO  server.RaftServerConfigKeys (ConfUtils.java:logGet(46)) - raft.server.leaderelection.leader.step-down.wait-time = 10s (default)
2023-01-16 14:42:51,538 [pool-400-thread-1] INFO  server.RaftServerConfigKeys (ConfUtils.java:logGet(46)) - raft.server.sleep.deviation.threshold = 300ms (default)
2023-01-16 14:42:51,539 [pool-400-thread-1] INFO  server.RaftServer$Division (ServerState.java:<init>(118)) - 710767cc-7b4a-4f75-833c-d89a4e7b1741@group-5E653170D9E0: ConfigurationManager, init=-1: peers:[]|listeners:[], old=null, confs=<EMPTY_MAP>
2023-01-16 14:42:51,539 [pool-400-thread-1] INFO  server.RaftServerConfigKeys (ConfUtils.java:logGet(46)) - raft.server.storage.dir = [/home/runner/work/ozone/ozone/hadoop-ozone/integration-test/target/test-dir/MiniOzoneClusterImpl-c46fa063-69c7-4818-82ed-7a4432d72042/datanode-0/data/ratis] (custom)
2023-01-16 14:42:51,539 [pool-400-thread-1] INFO  server.RaftServerConfigKeys (ConfUtils.java:logGet(46)) - raft.server.log.corruption.policy = EXCEPTION (default)
2023-01-16 14:42:51,539 [pool-400-thread-1] INFO  server.RaftServerConfigKeys (ConfUtils.java:logGet(46)) - raft.server.storage.free-space.min = 0MB (=0) (default)
2023-01-16 14:42:51,539 [pool-400-thread-1] INFO  server.RaftServerConfigKeys (ConfUtils.java:logGet(46)) - raft.server.notification.no-leader.timeout = 300s (custom)
2023-01-16 14:42:51,539 [pool-400-thread-1] INFO  server.RaftServerConfigKeys (ConfUtils.java:logGet(46)) - raft.server.retrycache.expirytime = 600000ms (custom)
2023-01-16 14:42:51,540 [pool-400-thread-1] INFO  server.RaftServerConfigKeys (ConfUtils.java:logGet(46)) - raft.server.retrycache.statistics.expirytime = 100μs (default)
2023-01-16 14:42:51,541 [pool-400-thread-1] INFO  server.RaftServerConfigKeys (ConfUtils.java:logGet(46)) - raft.server.log.appender.install.snapshot.enabled = false (custom)
2023-01-16 14:42:51,541 [pool-400-thread-1] INFO  server.RaftServerConfigKeys (ConfUtils.java:logGet(46)) - raft.server.threadpool.server.cached = true (default)
2023-01-16 14:42:51,541 [pool-400-thread-1] INFO  server.RaftServerConfigKeys (ConfUtils.java:logGet(46)) - raft.server.threadpool.server.size = 0 (default)
2023-01-16 14:42:51,541 [pool-400-thread-1] INFO  server.RaftServerConfigKeys (ConfUtils.java:logGet(46)) - raft.server.threadpool.client.cached = true (default)
2023-01-16 14:42:51,541 [pool-400-thread-1] INFO  server.RaftServerConfigKeys (ConfUtils.java:logGet(46)) - raft.server.threadpool.client.size = 0 (default)
2023-01-16 14:42:51,542 [Listener at 127.0.0.1/46467] INFO  http.BaseHttpServer (BaseHttpServer.java:newHttpServer2BuilderForOzone(213)) - Starting Web-server for hddsDatanode at: http://0.0.0.0:34673
2023-01-16 14:42:51,542 [Listener at 127.0.0.1/46467] INFO  http.BaseHttpServer (BaseHttpServer.java:<init>(108)) - Hadoop Security Enabled: false Ozone Security Enabled: false Ozone HTTP Security Enabled: false 
2023-01-16 14:42:51,543 [pool-400-thread-1] INFO  server.RaftServer$Division (RaftServerImpl.java:<init>(195)) - 710767cc-7b4a-4f75-833c-d89a4e7b1741: new RaftServerImpl for group-BA480BCFE081:[] with ContainerStateMachine:uninitialized
2023-01-16 14:42:51,543 [pool-400-thread-1] INFO  server.RaftServerConfigKeys (ConfUtils.java:logGet(46)) - raft.server.rpc.timeout.min = 5s (custom)
2023-01-16 14:42:51,543 [pool-400-thread-1] INFO  server.RaftServerConfigKeys (ConfUtils.java:logGet(46)) - raft.server.rpc.timeout.max = 5200ms (custom)
2023-01-16 14:42:51,543 [pool-400-thread-1] INFO  server.RaftServerConfigKeys (ConfUtils.java:logGet(46)) - raft.server.rpc.sleep.time = 25ms (default)
2023-01-16 14:42:51,543 [pool-400-thread-1] INFO  server.RaftServerConfigKeys (ConfUtils.java:logGet(46)) - raft.server.rpc.slowness.timeout = 300s (custom)
2023-01-16 14:42:51,543 [pool-400-thread-1] INFO  server.RaftServerConfigKeys (ConfUtils.java:logGet(46)) - raft.server.leaderelection.leader.step-down.wait-time = 10s (default)
2023-01-16 14:42:51,543 [pool-400-thread-1] INFO  server.RaftServerConfigKeys (ConfUtils.java:logGet(46)) - raft.server.sleep.deviation.threshold = 300ms (default)
2023-01-16 14:42:51,543 [pool-400-thread-1] INFO  server.RaftServer$Division (ServerState.java:<init>(118)) - 710767cc-7b4a-4f75-833c-d89a4e7b1741@group-BA480BCFE081: ConfigurationManager, init=-1: peers:[]|listeners:[], old=null, confs=<EMPTY_MAP>
2023-01-16 14:42:51,543 [pool-400-thread-1] INFO  server.RaftServerConfigKeys (ConfUtils.java:logGet(46)) - raft.server.storage.dir = [/home/runner/work/ozone/ozone/hadoop-ozone/integration-test/target/test-dir/MiniOzoneClusterImpl-c46fa063-69c7-4818-82ed-7a4432d72042/datanode-0/data/ratis] (custom)
2023-01-16 14:42:51,543 [pool-400-thread-1] INFO  server.RaftServerConfigKeys (ConfUtils.java:logGet(46)) - raft.server.log.corruption.policy = EXCEPTION (default)
2023-01-16 14:42:51,543 [pool-400-thread-1] INFO  server.RaftServerConfigKeys (ConfUtils.java:logGet(46)) - raft.server.storage.free-space.min = 0MB (=0) (default)
2023-01-16 14:42:51,544 [Listener at 127.0.0.1/46467] WARN  server.AuthenticationFilter (AuthenticationFilter.java:constructSecretProvider(240)) - Unable to initialize FileSignerSecretProvider, falling back to use random secrets. Reason: Could not read signature secret file: /home/runner/hadoop-http-auth-signature-secret
2023-01-16 14:42:51,544 [pool-400-thread-1] INFO  server.RaftServerConfigKeys (ConfUtils.java:logGet(46)) - raft.server.notification.no-leader.timeout = 300s (custom)
2023-01-16 14:42:51,545 [Listener at 127.0.0.1/46467] WARN  http.HttpRequestLog (HttpRequestLog.java:getRequestLog(103)) - Jetty request log can only be enabled using Log4j
2023-01-16 14:42:51,546 [Listener at 127.0.0.1/46467] INFO  http.HttpServer2 (HttpServer2.java:addGlobalFilter(1031)) - Added global filter 'safety' (class=org.apache.hadoop.hdds.server.http.HttpServer2$QuotingInputFilter)
2023-01-16 14:42:51,547 [Listener at 127.0.0.1/46467] INFO  http.HttpServer2 (HttpServer2.java:addFilter(1007)) - Added filter static_user_filter (class=org.apache.hadoop.http.lib.StaticUserWebFilter$StaticUserFilter) to context hddsDatanode
2023-01-16 14:42:51,547 [Listener at 127.0.0.1/46467] INFO  http.HttpServer2 (HttpServer2.java:addFilter(1015)) - Added filter static_user_filter (class=org.apache.hadoop.http.lib.StaticUserWebFilter$StaticUserFilter) to context static
2023-01-16 14:42:51,547 [Listener at 127.0.0.1/46467] INFO  http.HttpServer2 (HttpServer2.java:addFilter(1015)) - Added filter static_user_filter (class=org.apache.hadoop.http.lib.StaticUserWebFilter$StaticUserFilter) to context logs
2023-01-16 14:42:51,549 [Listener at 127.0.0.1/46467] INFO  http.HttpServer2 (HttpServer2.java:bindListener(1250)) - Jetty bound to port 34673
2023-01-16 14:42:51,549 [Listener at 127.0.0.1/46467] INFO  server.Server (Server.java:doStart(375)) - jetty-9.4.49.v20220914; built: 2022-09-14T01:07:36.601Z; git: 4231a3b2e4cb8548a412a789936d640a97b1aa0a; jvm 1.8.0_352-b08
2023-01-16 14:42:51,545 [pool-400-thread-1] INFO  server.RaftServerConfigKeys (ConfUtils.java:logGet(46)) - raft.server.retrycache.expirytime = 600000ms (custom)
2023-01-16 14:42:51,550 [pool-400-thread-1] INFO  server.RaftServerConfigKeys (ConfUtils.java:logGet(46)) - raft.server.retrycache.statistics.expirytime = 100μs (default)
2023-01-16 14:42:51,550 [pool-400-thread-1] INFO  server.RaftServerConfigKeys (ConfUtils.java:logGet(46)) - raft.server.log.appender.install.snapshot.enabled = false (custom)
2023-01-16 14:42:51,551 [pool-400-thread-1] INFO  server.RaftServerConfigKeys (ConfUtils.java:logGet(46)) - raft.server.threadpool.server.cached = true (default)
2023-01-16 14:42:51,551 [pool-400-thread-1] INFO  server.RaftServerConfigKeys (ConfUtils.java:logGet(46)) - raft.server.threadpool.server.size = 0 (default)
2023-01-16 14:42:51,551 [pool-400-thread-1] INFO  server.RaftServerConfigKeys (ConfUtils.java:logGet(46)) - raft.server.threadpool.client.cached = true (default)
2023-01-16 14:42:51,551 [pool-400-thread-1] INFO  server.RaftServerConfigKeys (ConfUtils.java:logGet(46)) - raft.server.threadpool.client.size = 0 (default)
2023-01-16 14:42:51,552 [pool-400-thread-1] INFO  server.RaftServer$Division (RaftServerImpl.java:<init>(195)) - 710767cc-7b4a-4f75-833c-d89a4e7b1741: new RaftServerImpl for group-9E07FADADF34:[] with ContainerStateMachine:uninitialized
2023-01-16 14:42:51,552 [pool-400-thread-1] INFO  server.RaftServerConfigKeys (ConfUtils.java:logGet(46)) - raft.server.rpc.timeout.min = 5s (custom)
2023-01-16 14:42:51,552 [pool-400-thread-1] INFO  server.RaftServerConfigKeys (ConfUtils.java:logGet(46)) - raft.server.rpc.timeout.max = 5200ms (custom)
2023-01-16 14:42:51,552 [pool-400-thread-1] INFO  server.RaftServerConfigKeys (ConfUtils.java:logGet(46)) - raft.server.rpc.sleep.time = 25ms (default)
2023-01-16 14:42:51,552 [pool-400-thread-1] INFO  server.RaftServerConfigKeys (ConfUtils.java:logGet(46)) - raft.server.rpc.slowness.timeout = 300s (custom)
2023-01-16 14:42:51,552 [pool-400-thread-1] INFO  server.RaftServerConfigKeys (ConfUtils.java:logGet(46)) - raft.server.leaderelection.leader.step-down.wait-time = 10s (default)
2023-01-16 14:42:51,552 [pool-400-thread-1] INFO  server.RaftServerConfigKeys (ConfUtils.java:logGet(46)) - raft.server.sleep.deviation.threshold = 300ms (default)
2023-01-16 14:42:51,552 [pool-400-thread-1] INFO  server.RaftServer$Division (ServerState.java:<init>(118)) - 710767cc-7b4a-4f75-833c-d89a4e7b1741@group-9E07FADADF34: ConfigurationManager, init=-1: peers:[]|listeners:[], old=null, confs=<EMPTY_MAP>
2023-01-16 14:42:51,552 [pool-400-thread-1] INFO  server.RaftServerConfigKeys (ConfUtils.java:logGet(46)) - raft.server.storage.dir = [/home/runner/work/ozone/ozone/hadoop-ozone/integration-test/target/test-dir/MiniOzoneClusterImpl-c46fa063-69c7-4818-82ed-7a4432d72042/datanode-0/data/ratis] (custom)
2023-01-16 14:42:51,552 [pool-400-thread-1] INFO  server.RaftServerConfigKeys (ConfUtils.java:logGet(46)) - raft.server.log.corruption.policy = EXCEPTION (default)
2023-01-16 14:42:51,552 [pool-400-thread-1] INFO  server.RaftServerConfigKeys (ConfUtils.java:logGet(46)) - raft.server.storage.free-space.min = 0MB (=0) (default)
2023-01-16 14:42:51,552 [pool-400-thread-1] INFO  server.RaftServerConfigKeys (ConfUtils.java:logGet(46)) - raft.server.notification.no-leader.timeout = 300s (custom)
2023-01-16 14:42:51,552 [pool-400-thread-1] INFO  server.RaftServerConfigKeys (ConfUtils.java:logGet(46)) - raft.server.retrycache.expirytime = 600000ms (custom)
2023-01-16 14:42:51,552 [pool-400-thread-1] INFO  server.RaftServerConfigKeys (ConfUtils.java:logGet(46)) - raft.server.retrycache.statistics.expirytime = 100μs (default)
2023-01-16 14:42:51,553 [pool-400-thread-1] INFO  server.RaftServerConfigKeys (ConfUtils.java:logGet(46)) - raft.server.log.appender.install.snapshot.enabled = false (custom)
2023-01-16 14:42:51,553 [pool-400-thread-1] INFO  server.RaftServerConfigKeys (ConfUtils.java:logGet(46)) - raft.server.threadpool.server.cached = true (default)
2023-01-16 14:42:51,553 [pool-400-thread-1] INFO  server.RaftServerConfigKeys (ConfUtils.java:logGet(46)) - raft.server.threadpool.server.size = 0 (default)
2023-01-16 14:42:51,553 [pool-400-thread-1] INFO  server.RaftServerConfigKeys (ConfUtils.java:logGet(46)) - raft.server.threadpool.client.cached = true (default)
2023-01-16 14:42:51,553 [pool-400-thread-1] INFO  server.RaftServerConfigKeys (ConfUtils.java:logGet(46)) - raft.server.threadpool.client.size = 0 (default)
2023-01-16 14:42:51,557 [Listener at 127.0.0.1/46467] INFO  server.session (DefaultSessionIdManager.java:doStart(334)) - DefaultSessionIdManager workerName=node0
2023-01-16 14:42:51,557 [Listener at 127.0.0.1/46467] INFO  server.session (DefaultSessionIdManager.java:doStart(339)) - No SessionScavenger set, using defaults
2023-01-16 14:42:51,557 [Listener at 127.0.0.1/46467] INFO  server.session (HouseKeeper.java:startScavenging(132)) - node0 Scavenging every 600000ms
2023-01-16 14:42:51,558 [Listener at 127.0.0.1/46467] INFO  handler.ContextHandler (ContextHandler.java:doStart(921)) - Started o.e.j.s.ServletContextHandler@7ffcb0a0{logs,/logs,file:///home/runner/work/ozone/ozone/hadoop-ozone/integration-test/target/log,AVAILABLE}
2023-01-16 14:42:51,558 [Listener at 127.0.0.1/46467] INFO  handler.ContextHandler (ContextHandler.java:doStart(921)) - Started o.e.j.s.ServletContextHandler@441c9818{static,/static,jar:file:/home/runner/.m2/repository/org/apache/ozone/hdds-container-service/1.4.0-SNAPSHOT/hdds-container-service-1.4.0-SNAPSHOT.jar!/webapps/static,AVAILABLE}
2023-01-16 14:42:51,738 [Listener at 127.0.0.1/46467] INFO  handler.ContextHandler (ContextHandler.java:doStart(921)) - Started o.e.j.w.WebAppContext@35d8a515{hddsDatanode,/,file:///tmp/jetty-0_0_0_0-34673-hdds-container-service-1_4_0-SNAPSHOT_jar-_-any-7752158846174290369/webapp/,AVAILABLE}{jar:file:/home/runner/.m2/repository/org/apache/ozone/hdds-container-service/1.4.0-SNAPSHOT/hdds-container-service-1.4.0-SNAPSHOT.jar!/webapps/hddsDatanode}
2023-01-16 14:42:51,739 [Listener at 127.0.0.1/46467] INFO  server.AbstractConnector (AbstractConnector.java:doStart(333)) - Started ServerConnector@7dddd011{HTTP/1.1, (http/1.1)}{0.0.0.0:34673}
2023-01-16 14:42:51,740 [Listener at 127.0.0.1/46467] INFO  server.Server (Server.java:doStart(415)) - Started @74693ms
2023-01-16 14:42:51,740 [Listener at 127.0.0.1/46467] WARN  impl.MetricsSystemImpl (MetricsSystemImpl.java:register(279)) - Sink prometheus already exists!
2023-01-16 14:42:51,741 [Listener at 127.0.0.1/46467] INFO  http.BaseHttpServer (BaseHttpServer.java:updateConnectorAddress(333)) - HTTP server of hddsDatanode listening at http://0.0.0.0:34673
2023-01-16 14:42:51,741 [Datanode State Machine Daemon Thread] INFO  statemachine.DatanodeStateMachine (DatanodeStateMachine.java:lambda$startDaemon$0(508)) - Ozone container server started.
2023-01-16 14:42:51,747 [org.apache.hadoop.util.JvmPauseMonitor$Monitor@14738686] INFO  util.JvmPauseMonitor (JvmPauseMonitor.java:run(188)) - Starting JVM pause monitor
2023-01-16 14:42:51,747 [Listener at 127.0.0.1/46467] WARN  impl.MetricRegistriesImpl (MetricRegistriesImpl.java:addReporterRegistration(111)) - New reporters are added after registries were created. Some metrics will be missing from the reporter. Please add reporter before adding any new registry.
2023-01-16 14:42:51,748 [Listener at 127.0.0.1/46467] WARN  impl.MetricRegistriesImpl (MetricRegistriesImpl.java:addReporterRegistration(111)) - New reporters are added after registries were created. Some metrics will be missing from the reporter. Please add reporter before adding any new registry.
2023-01-16 14:42:51,748 [Listener at 127.0.0.1/46467] INFO  impl.MetricsSystemImpl (MetricsSystemImpl.java:init(158)) - HddsDatanode metrics system started (again)
2023-01-16 14:42:51,754 [Datanode State Machine Task Thread - 0] INFO  datanode.InitDatanodeState (InitDatanodeState.java:persistContainerDatanodeDetails(138)) - DatanodeDetails is persisted to /home/runner/work/ozone/ozone/hadoop-ozone/integration-test/target/test-dir/MiniOzoneClusterImpl-c46fa063-69c7-4818-82ed-7a4432d72042/datanode-0/meta/datanode.id
2023-01-16 14:42:51,763 [Listener at 127.0.0.1/46467] INFO  ozone.HddsDatanodeService (HddsDatanodeService.java:start(228)) - HddsDatanodeService host:fv-az203-757.ild0l4k5vsluppoevu2oqvhmda.cx.internal.cloudapp.net ip:10.1.1.103
2023-01-16 14:42:51,775 [Listener at 127.0.0.1/46467] INFO  upgrade.AbstractLayoutVersionManager (AbstractLayoutVersionManager.java:init(83)) - Initializing Layout version manager with metadata layout = DATANODE_SCHEMA_V3 (version = 4), software layout = DATANODE_SCHEMA_V3 (version = 4)
2023-01-16 14:42:51,819 [Listener at 127.0.0.1/46467] INFO  reflections.Reflections (Reflections.java:scan(232)) - Reflections took 42 ms to scan 7 urls, producing 146 keys and 350 values 
2023-01-16 14:42:51,820 [Listener at 127.0.0.1/46467] INFO  statemachine.DatanodeStateMachine (DatanodeStateMachine.java:getEndPointTaskThreadPoolSize(248)) - Datanode State Machine Task Thread Pool size 2
2023-01-16 14:42:51,822 [Listener at 127.0.0.1/46467] INFO  volume.HddsVolume (HddsVolume.java:<init>(117)) - Creating HddsVolume: /home/runner/work/ozone/ozone/hadoop-ozone/integration-test/target/test-dir/MiniOzoneClusterImpl-c46fa063-69c7-4818-82ed-7a4432d72042/datanode-1/data-0/containers/hdds of storage type : DISK capacity : 9223372036854775807
2023-01-16 14:42:51,822 [Listener at 127.0.0.1/46467] INFO  volume.MutableVolumeSet (MutableVolumeSet.java:initializeVolumeSet(174)) - Added Volume : /home/runner/work/ozone/ozone/hadoop-ozone/integration-test/target/test-dir/MiniOzoneClusterImpl-c46fa063-69c7-4818-82ed-7a4432d72042/datanode-1/data-0/containers/hdds to VolumeSet
2023-01-16 14:42:51,823 [Listener at 127.0.0.1/46467] INFO  volume.ThrottledAsyncChecker (ThrottledAsyncChecker.java:schedule(141)) - Scheduling a check for /home/runner/work/ozone/ozone/hadoop-ozone/integration-test/target/test-dir/MiniOzoneClusterImpl-c46fa063-69c7-4818-82ed-7a4432d72042/datanode-1/data-0/containers/hdds
2023-01-16 14:42:51,823 [Listener at 127.0.0.1/46467] INFO  volume.StorageVolumeChecker (StorageVolumeChecker.java:checkAllVolumes(202)) - Scheduled health check for volume /home/runner/work/ozone/ozone/hadoop-ozone/integration-test/target/test-dir/MiniOzoneClusterImpl-c46fa063-69c7-4818-82ed-7a4432d72042/datanode-1/data-0/containers/hdds
2023-01-16 14:42:51,834 [Listener at 127.0.0.1/46467] INFO  volume.MutableVolumeSet (MutableVolumeSet.java:initializeVolumeSet(174)) - Added Volume : /home/runner/work/ozone/ozone/hadoop-ozone/integration-test/target/test-dir/MiniOzoneClusterImpl-c46fa063-69c7-4818-82ed-7a4432d72042/datanode-1/data/ratis to VolumeSet
2023-01-16 14:42:51,834 [Listener at 127.0.0.1/46467] INFO  volume.ThrottledAsyncChecker (ThrottledAsyncChecker.java:schedule(141)) - Scheduling a check for /home/runner/work/ozone/ozone/hadoop-ozone/integration-test/target/test-dir/MiniOzoneClusterImpl-c46fa063-69c7-4818-82ed-7a4432d72042/datanode-1/data/ratis
2023-01-16 14:42:51,835 [Listener at 127.0.0.1/46467] INFO  volume.StorageVolumeChecker (StorageVolumeChecker.java:checkAllVolumes(202)) - Scheduled health check for volume /home/runner/work/ozone/ozone/hadoop-ozone/integration-test/target/test-dir/MiniOzoneClusterImpl-c46fa063-69c7-4818-82ed-7a4432d72042/datanode-1/data/ratis
2023-01-16 14:42:51,856 [Listener at 127.0.0.1/46467] INFO  utils.DatanodeStoreCache (DatanodeStoreCache.java:addDB(58)) - Added db /home/runner/work/ozone/ozone/hadoop-ozone/integration-test/target/test-dir/MiniOzoneClusterImpl-c46fa063-69c7-4818-82ed-7a4432d72042/datanode-1/data-0/containers/hdds/c46fa063-69c7-4818-82ed-7a4432d72042/DS-397ed784-4a0d-4a2c-bed0-cff05ad5ee39/container.db to cache
2023-01-16 14:42:51,856 [Listener at 127.0.0.1/46467] INFO  volume.HddsVolume (HddsVolume.java:loadDbStore(260)) - SchemaV3 db is loaded at /home/runner/work/ozone/ozone/hadoop-ozone/integration-test/target/test-dir/MiniOzoneClusterImpl-c46fa063-69c7-4818-82ed-7a4432d72042/datanode-1/data-0/containers/hdds/c46fa063-69c7-4818-82ed-7a4432d72042/DS-397ed784-4a0d-4a2c-bed0-cff05ad5ee39/container.db for volume DS-397ed784-4a0d-4a2c-bed0-cff05ad5ee39
2023-01-16 14:42:51,857 [Thread-802] INFO  ozoneimpl.ContainerReader (ContainerReader.java:readVolume(145)) - Start to verify containers on volume /home/runner/work/ozone/ozone/hadoop-ozone/integration-test/target/test-dir/MiniOzoneClusterImpl-c46fa063-69c7-4818-82ed-7a4432d72042/datanode-1/data-0/containers/hdds
2023-01-16 14:42:51,857 [Thread-802] INFO  ozoneimpl.ContainerReader (ContainerReader.java:readVolume(175)) - Finish verifying containers on volume /home/runner/work/ozone/ozone/hadoop-ozone/integration-test/target/test-dir/MiniOzoneClusterImpl-c46fa063-69c7-4818-82ed-7a4432d72042/datanode-1/data-0/containers/hdds
2023-01-16 14:42:51,857 [Listener at 127.0.0.1/46467] INFO  ozoneimpl.OzoneContainer (OzoneContainer.java:buildContainerSet(301)) - Build ContainerSet costs 0s
2023-01-16 14:42:51,859 [Listener at 127.0.0.1/46467] INFO  server.RaftServer (ConfUtils.java:logGet(46)) - raft.rpc.type = GRPC (default)
2023-01-16 14:42:51,859 [Listener at 127.0.0.1/46467] INFO  grpc.GrpcConfigKeys (ConfUtils.java:logFallback(53)) - raft.grpc.admin.host = null (fallback to raft.grpc.server.host)
2023-01-16 14:42:51,859 [Listener at 127.0.0.1/46467] INFO  grpc.GrpcConfigKeys (ConfUtils.java:logGet(46)) - raft.grpc.admin.port = 34623 (custom)
2023-01-16 14:42:51,859 [Listener at 127.0.0.1/46467] INFO  grpc.GrpcConfigKeys (ConfUtils.java:logFallback(53)) - raft.grpc.client.host = null (fallback to raft.grpc.server.host)
2023-01-16 14:42:51,860 [Listener at 127.0.0.1/46467] INFO  grpc.GrpcConfigKeys (ConfUtils.java:logGet(46)) - raft.grpc.client.port = 34623 (custom)
2023-01-16 14:42:51,860 [Listener at 127.0.0.1/46467] INFO  grpc.GrpcConfigKeys (ConfUtils.java:logGet(46)) - raft.grpc.server.host = null (default)
2023-01-16 14:42:51,860 [Listener at 127.0.0.1/46467] INFO  grpc.GrpcConfigKeys (ConfUtils.java:logGet(46)) - raft.grpc.server.port = 34623 (custom)
2023-01-16 14:42:51,860 [Listener at 127.0.0.1/46467] INFO  server.GrpcService (ConfUtils.java:logGet(46)) - raft.grpc.message.size.max = 32MB (=33554432) (custom)
2023-01-16 14:42:51,860 [Listener at 127.0.0.1/46467] INFO  server.RaftServerConfigKeys (ConfUtils.java:logGet(46)) - raft.server.log.appender.buffer.byte-limit = 33554432 (custom)
2023-01-16 14:42:51,860 [Listener at 127.0.0.1/46467] INFO  server.GrpcService (ConfUtils.java:logGet(46)) - raft.grpc.flow.control.window = 5MB (=5242880) (custom)
2023-01-16 14:42:51,860 [Listener at 127.0.0.1/46467] INFO  server.RaftServerConfigKeys (ConfUtils.java:logGet(46)) - raft.server.rpc.request.timeout = 60s (custom)
2023-01-16 14:42:51,860 [Listener at 127.0.0.1/46467] INFO  grpc.GrpcConfigKeys (ConfUtils.java:logGet(46)) - raft.grpc.server.heartbeat.channel = true (default)
2023-01-16 14:42:51,860 [Listener at 127.0.0.1/46467] INFO  grpc.GrpcConfigKeys (ConfUtils.java:logGet(46)) - raft.grpc.server.async.request.thread.pool.cached = true (default)
2023-01-16 14:42:51,861 [Listener at 127.0.0.1/46467] INFO  grpc.GrpcConfigKeys (ConfUtils.java:logGet(46)) - raft.grpc.server.async.request.thread.pool.size = 32 (default)
2023-01-16 14:42:51,862 [Listener at 127.0.0.1/46467] INFO  impl.DataStreamServerImpl (ConfUtils.java:logGet(46)) - raft.datastream.type = NETTY (custom)
2023-01-16 14:42:51,862 [Listener at 127.0.0.1/46467] INFO  server.RaftServerConfigKeys (ConfUtils.java:logGet(46)) - raft.server.data-stream.async.request.thread.pool.cached = false (default)
2023-01-16 14:42:51,862 [Listener at 127.0.0.1/46467] INFO  server.RaftServerConfigKeys (ConfUtils.java:logGet(46)) - raft.server.data-stream.async.request.thread.pool.size = 20 (custom)
2023-01-16 14:42:51,862 [Listener at 127.0.0.1/46467] INFO  server.RaftServerConfigKeys (ConfUtils.java:logGet(46)) - raft.server.data-stream.async.write.thread.pool.size = 16 (default)
2023-01-16 14:42:51,862 [Listener at 127.0.0.1/46467] INFO  server.RaftServerConfigKeys (ConfUtils.java:logGet(46)) - raft.server.data-stream.client.pool.size = 10 (default)
2023-01-16 14:42:51,862 [Listener at 127.0.0.1/46467] INFO  netty.NettyConfigKeys$DataStream (ConfUtils.java:logGet(46)) - raft.netty.dataStream.server.use-epoll = false (default)
2023-01-16 14:42:51,863 [Listener at 127.0.0.1/46467] INFO  netty.NettyConfigKeys$DataStream (ConfUtils.java:logGet(46)) - raft.netty.dataStream.server.boss-group.size = 0 (default)
2023-01-16 14:42:51,863 [Listener at 127.0.0.1/46467] INFO  netty.NettyConfigKeys$DataStream (ConfUtils.java:logGet(46)) - raft.netty.dataStream.server.worker-group.size = 0 (default)
2023-01-16 14:42:51,863 [Listener at 127.0.0.1/46467] INFO  netty.NettyConfigKeys$DataStream (ConfUtils.java:logGet(46)) - raft.netty.dataStream.server.tls.conf = null (default)
2023-01-16 14:42:51,863 [Listener at 127.0.0.1/46467] INFO  netty.NettyConfigKeys$DataStream (ConfUtils.java:logGet(46)) - raft.netty.dataStream.host = null (default)
2023-01-16 14:42:51,864 [Listener at 127.0.0.1/46467] INFO  netty.NettyConfigKeys$DataStream (ConfUtils.java:logGet(46)) - raft.netty.dataStream.port = 0 (default)
2023-01-16 14:42:51,864 [Listener at 127.0.0.1/46467] INFO  server.RaftServerConfigKeys (ConfUtils.java:logGet(46)) - raft.server.threadpool.proxy.cached = true (default)
2023-01-16 14:42:51,864 [Listener at 127.0.0.1/46467] INFO  server.RaftServerConfigKeys (ConfUtils.java:logGet(46)) - raft.server.threadpool.proxy.size = 0 (default)
2023-01-16 14:42:51,864 [Listener at 127.0.0.1/46467] INFO  server.RaftServerConfigKeys (ConfUtils.java:logGet(46)) - raft.server.rpc.slowness.timeout = 300s (custom)
2023-01-16 14:42:51,864 [Listener at 127.0.0.1/46467] INFO  server.RaftServerConfigKeys (ConfUtils.java:logGet(46)) - raft.server.leaderelection.leader.step-down.wait-time = 10s (default)
2023-01-16 14:42:51,865 [Listener at 127.0.0.1/46467] INFO  server.RaftServerConfigKeys (ConfUtils.java:logGet(46)) - raft.server.storage.dir = [/home/runner/work/ozone/ozone/hadoop-ozone/integration-test/target/test-dir/MiniOzoneClusterImpl-c46fa063-69c7-4818-82ed-7a4432d72042/datanode-1/data/ratis] (custom)
2023-01-16 14:42:51,864 [442ec2d2-8762-4ddc-9d9e-f72be6bfd603-NettyServerStreamRpc-bossGroup--thread1] INFO  logging.LoggingHandler (AbstractInternalLogger.java:log(148)) - [id: 0x7b829c28] REGISTERED
2023-01-16 14:42:51,865 [442ec2d2-8762-4ddc-9d9e-f72be6bfd603-NettyServerStreamRpc-bossGroup--thread1] INFO  logging.LoggingHandler (AbstractInternalLogger.java:log(148)) - [id: 0x7b829c28] BIND: 0.0.0.0/0.0.0.0:0
2023-01-16 14:42:51,865 [442ec2d2-8762-4ddc-9d9e-f72be6bfd603-NettyServerStreamRpc-bossGroup--thread1] INFO  logging.LoggingHandler (AbstractInternalLogger.java:log(148)) - [id: 0x7b829c28, L:/0:0:0:0:0:0:0:0:43439] ACTIVE
2023-01-16 14:42:51,865 [442ec2d2-8762-4ddc-9d9e-f72be6bfd603-impl-thread1] INFO  server.RaftServer (RaftServerProxy.java:initGroupDir(251)) - 442ec2d2-8762-4ddc-9d9e-f72be6bfd603: found a subdirectory /home/runner/work/ozone/ozone/hadoop-ozone/integration-test/target/test-dir/MiniOzoneClusterImpl-c46fa063-69c7-4818-82ed-7a4432d72042/datanode-1/data/ratis/174bef65-c465-45c3-8a83-5e653170d9e0
2023-01-16 14:42:51,866 [442ec2d2-8762-4ddc-9d9e-f72be6bfd603-impl-thread1] INFO  server.RaftServer (RaftServerProxy.java:addNew(96)) - 442ec2d2-8762-4ddc-9d9e-f72be6bfd603: addNew group-5E653170D9E0:[] returns group-5E653170D9E0:java.util.concurrent.CompletableFuture@1e579472[Not completed]
2023-01-16 14:42:51,866 [442ec2d2-8762-4ddc-9d9e-f72be6bfd603-impl-thread1] INFO  server.RaftServer (RaftServerProxy.java:initGroupDir(251)) - 442ec2d2-8762-4ddc-9d9e-f72be6bfd603: found a subdirectory /home/runner/work/ozone/ozone/hadoop-ozone/integration-test/target/test-dir/MiniOzoneClusterImpl-c46fa063-69c7-4818-82ed-7a4432d72042/datanode-1/data/ratis/37db6620-9727-4967-a59b-0bce51e68637
2023-01-16 14:42:51,866 [442ec2d2-8762-4ddc-9d9e-f72be6bfd603-impl-thread1] INFO  server.RaftServer (RaftServerProxy.java:addNew(96)) - 442ec2d2-8762-4ddc-9d9e-f72be6bfd603: addNew group-0BCE51E68637:[] returns group-0BCE51E68637:java.util.concurrent.CompletableFuture@1a681360[Not completed]
2023-01-16 14:42:51,866 [442ec2d2-8762-4ddc-9d9e-f72be6bfd603-impl-thread1] INFO  server.RaftServer (RaftServerProxy.java:initGroupDir(251)) - 442ec2d2-8762-4ddc-9d9e-f72be6bfd603: found a subdirectory /home/runner/work/ozone/ozone/hadoop-ozone/integration-test/target/test-dir/MiniOzoneClusterImpl-c46fa063-69c7-4818-82ed-7a4432d72042/datanode-1/data/ratis/ff0120f3-6f59-4109-a245-ba480bcfe081
2023-01-16 14:42:51,866 [442ec2d2-8762-4ddc-9d9e-f72be6bfd603-impl-thread1] INFO  server.RaftServer (RaftServerProxy.java:addNew(96)) - 442ec2d2-8762-4ddc-9d9e-f72be6bfd603: addNew group-BA480BCFE081:[] returns group-BA480BCFE081:java.util.concurrent.CompletableFuture@5f6a9e49[Not completed]
2023-01-16 14:42:51,867 [Listener at 127.0.0.1/46467] INFO  server.XceiverServerGrpc (XceiverServerGrpc.java:<init>(132)) - GrpcServer channel type EpollServerSocketChannel
2023-01-16 14:42:51,870 [pool-430-thread-1] INFO  server.RaftServer$Division (RaftServerImpl.java:<init>(195)) - 442ec2d2-8762-4ddc-9d9e-f72be6bfd603: new RaftServerImpl for group-5E653170D9E0:[] with ContainerStateMachine:uninitialized
2023-01-16 14:42:51,870 [pool-430-thread-1] INFO  server.RaftServerConfigKeys (ConfUtils.java:logGet(46)) - raft.server.rpc.timeout.min = 5s (custom)
2023-01-16 14:42:51,870 [pool-430-thread-1] INFO  server.RaftServerConfigKeys (ConfUtils.java:logGet(46)) - raft.server.rpc.timeout.max = 5200ms (custom)
2023-01-16 14:42:51,870 [pool-430-thread-1] INFO  server.RaftServerConfigKeys (ConfUtils.java:logGet(46)) - raft.server.rpc.sleep.time = 25ms (default)
2023-01-16 14:42:51,870 [pool-430-thread-1] INFO  server.RaftServerConfigKeys (ConfUtils.java:logGet(46)) - raft.server.rpc.slowness.timeout = 300s (custom)
2023-01-16 14:42:51,870 [pool-430-thread-1] INFO  server.RaftServerConfigKeys (ConfUtils.java:logGet(46)) - raft.server.leaderelection.leader.step-down.wait-time = 10s (default)
2023-01-16 14:42:51,870 [pool-430-thread-1] INFO  server.RaftServerConfigKeys (ConfUtils.java:logGet(46)) - raft.server.sleep.deviation.threshold = 300ms (default)
2023-01-16 14:42:51,870 [pool-430-thread-1] INFO  server.RaftServer$Division (ServerState.java:<init>(118)) - 442ec2d2-8762-4ddc-9d9e-f72be6bfd603@group-5E653170D9E0: ConfigurationManager, init=-1: peers:[]|listeners:[], old=null, confs=<EMPTY_MAP>
2023-01-16 14:42:51,870 [pool-430-thread-1] INFO  server.RaftServerConfigKeys (ConfUtils.java:logGet(46)) - raft.server.storage.dir = [/home/runner/work/ozone/ozone/hadoop-ozone/integration-test/target/test-dir/MiniOzoneClusterImpl-c46fa063-69c7-4818-82ed-7a4432d72042/datanode-1/data/ratis] (custom)
2023-01-16 14:42:51,870 [pool-430-thread-1] INFO  server.RaftServerConfigKeys (ConfUtils.java:logGet(46)) - raft.server.log.corruption.policy = EXCEPTION (default)
2023-01-16 14:42:51,870 [pool-430-thread-1] INFO  server.RaftServerConfigKeys (ConfUtils.java:logGet(46)) - raft.server.storage.free-space.min = 0MB (=0) (default)
2023-01-16 14:42:51,870 [pool-430-thread-1] INFO  server.RaftServerConfigKeys (ConfUtils.java:logGet(46)) - raft.server.notification.no-leader.timeout = 300s (custom)
2023-01-16 14:42:51,870 [pool-430-thread-1] INFO  server.RaftServerConfigKeys (ConfUtils.java:logGet(46)) - raft.server.retrycache.expirytime = 600000ms (custom)
2023-01-16 14:42:51,870 [pool-430-thread-1] INFO  server.RaftServerConfigKeys (ConfUtils.java:logGet(46)) - raft.server.retrycache.statistics.expirytime = 100μs (default)
2023-01-16 14:42:51,871 [pool-430-thread-1] INFO  server.RaftServerConfigKeys (ConfUtils.java:logGet(46)) - raft.server.log.appender.install.snapshot.enabled = false (custom)
2023-01-16 14:42:51,871 [pool-430-thread-1] INFO  server.RaftServerConfigKeys (ConfUtils.java:logGet(46)) - raft.server.threadpool.server.cached = true (default)
2023-01-16 14:42:51,871 [pool-430-thread-1] INFO  server.RaftServerConfigKeys (ConfUtils.java:logGet(46)) - raft.server.threadpool.server.size = 0 (default)
2023-01-16 14:42:51,871 [pool-430-thread-1] INFO  server.RaftServerConfigKeys (ConfUtils.java:logGet(46)) - raft.server.threadpool.client.cached = true (default)
2023-01-16 14:42:51,871 [pool-430-thread-1] INFO  server.RaftServerConfigKeys (ConfUtils.java:logGet(46)) - raft.server.threadpool.client.size = 0 (default)
2023-01-16 14:42:51,872 [Listener at 127.0.0.1/46467] INFO  http.BaseHttpServer (BaseHttpServer.java:newHttpServer2BuilderForOzone(213)) - Starting Web-server for hddsDatanode at: http://0.0.0.0:42611
2023-01-16 14:42:51,872 [Listener at 127.0.0.1/46467] INFO  http.BaseHttpServer (BaseHttpServer.java:<init>(108)) - Hadoop Security Enabled: false Ozone Security Enabled: false Ozone HTTP Security Enabled: false 
2023-01-16 14:42:51,873 [Listener at 127.0.0.1/46467] WARN  server.AuthenticationFilter (AuthenticationFilter.java:constructSecretProvider(240)) - Unable to initialize FileSignerSecretProvider, falling back to use random secrets. Reason: Could not read signature secret file: /home/runner/hadoop-http-auth-signature-secret
2023-01-16 14:42:51,874 [Listener at 127.0.0.1/46467] WARN  http.HttpRequestLog (HttpRequestLog.java:getRequestLog(103)) - Jetty request log can only be enabled using Log4j
2023-01-16 14:42:51,875 [Listener at 127.0.0.1/46467] INFO  http.HttpServer2 (HttpServer2.java:addGlobalFilter(1031)) - Added global filter 'safety' (class=org.apache.hadoop.hdds.server.http.HttpServer2$QuotingInputFilter)
2023-01-16 14:42:51,876 [Listener at 127.0.0.1/46467] INFO  http.HttpServer2 (HttpServer2.java:addFilter(1007)) - Added filter static_user_filter (class=org.apache.hadoop.http.lib.StaticUserWebFilter$StaticUserFilter) to context hddsDatanode
2023-01-16 14:42:51,876 [Listener at 127.0.0.1/46467] INFO  http.HttpServer2 (HttpServer2.java:addFilter(1015)) - Added filter static_user_filter (class=org.apache.hadoop.http.lib.StaticUserWebFilter$StaticUserFilter) to context logs
2023-01-16 14:42:51,876 [Listener at 127.0.0.1/46467] INFO  http.HttpServer2 (HttpServer2.java:addFilter(1015)) - Added filter static_user_filter (class=org.apache.hadoop.http.lib.StaticUserWebFilter$StaticUserFilter) to context static
2023-01-16 14:42:51,876 [Listener at 127.0.0.1/46467] INFO  http.HttpServer2 (HttpServer2.java:bindListener(1250)) - Jetty bound to port 42611
2023-01-16 14:42:51,876 [Listener at 127.0.0.1/46467] INFO  server.Server (Server.java:doStart(375)) - jetty-9.4.49.v20220914; built: 2022-09-14T01:07:36.601Z; git: 4231a3b2e4cb8548a412a789936d640a97b1aa0a; jvm 1.8.0_352-b08
2023-01-16 14:42:51,877 [pool-430-thread-1] INFO  server.RaftServer$Division (RaftServerImpl.java:<init>(195)) - 442ec2d2-8762-4ddc-9d9e-f72be6bfd603: new RaftServerImpl for group-0BCE51E68637:[] with ContainerStateMachine:uninitialized
2023-01-16 14:42:51,877 [pool-430-thread-1] INFO  server.RaftServerConfigKeys (ConfUtils.java:logGet(46)) - raft.server.rpc.timeout.min = 5s (custom)
2023-01-16 14:42:51,877 [pool-430-thread-1] INFO  server.RaftServerConfigKeys (ConfUtils.java:logGet(46)) - raft.server.rpc.timeout.max = 5200ms (custom)
2023-01-16 14:42:51,877 [pool-430-thread-1] INFO  server.RaftServerConfigKeys (ConfUtils.java:logGet(46)) - raft.server.rpc.sleep.time = 25ms (default)
2023-01-16 14:42:51,877 [pool-430-thread-1] INFO  server.RaftServerConfigKeys (ConfUtils.java:logGet(46)) - raft.server.rpc.slowness.timeout = 300s (custom)
2023-01-16 14:42:51,877 [pool-430-thread-1] INFO  server.RaftServerConfigKeys (ConfUtils.java:logGet(46)) - raft.server.leaderelection.leader.step-down.wait-time = 10s (default)
2023-01-16 14:42:51,877 [pool-430-thread-1] INFO  server.RaftServerConfigKeys (ConfUtils.java:logGet(46)) - raft.server.sleep.deviation.threshold = 300ms (default)
2023-01-16 14:42:51,878 [pool-430-thread-1] INFO  server.RaftServer$Division (ServerState.java:<init>(118)) - 442ec2d2-8762-4ddc-9d9e-f72be6bfd603@group-0BCE51E68637: ConfigurationManager, init=-1: peers:[]|listeners:[], old=null, confs=<EMPTY_MAP>
2023-01-16 14:42:51,878 [pool-430-thread-1] INFO  server.RaftServerConfigKeys (ConfUtils.java:logGet(46)) - raft.server.storage.dir = [/home/runner/work/ozone/ozone/hadoop-ozone/integration-test/target/test-dir/MiniOzoneClusterImpl-c46fa063-69c7-4818-82ed-7a4432d72042/datanode-1/data/ratis] (custom)
2023-01-16 14:42:51,878 [pool-430-thread-1] INFO  server.RaftServerConfigKeys (ConfUtils.java:logGet(46)) - raft.server.log.corruption.policy = EXCEPTION (default)
2023-01-16 14:42:51,878 [pool-430-thread-1] INFO  server.RaftServerConfigKeys (ConfUtils.java:logGet(46)) - raft.server.storage.free-space.min = 0MB (=0) (default)
2023-01-16 14:42:51,878 [pool-430-thread-1] INFO  server.RaftServerConfigKeys (ConfUtils.java:logGet(46)) - raft.server.notification.no-leader.timeout = 300s (custom)
2023-01-16 14:42:51,878 [pool-430-thread-1] INFO  server.RaftServerConfigKeys (ConfUtils.java:logGet(46)) - raft.server.retrycache.expirytime = 600000ms (custom)
2023-01-16 14:42:51,878 [pool-430-thread-1] INFO  server.RaftServerConfigKeys (ConfUtils.java:logGet(46)) - raft.server.retrycache.statistics.expirytime = 100μs (default)
2023-01-16 14:42:51,878 [pool-430-thread-1] INFO  server.RaftServerConfigKeys (ConfUtils.java:logGet(46)) - raft.server.log.appender.install.snapshot.enabled = false (custom)
2023-01-16 14:42:51,878 [pool-430-thread-1] INFO  server.RaftServerConfigKeys (ConfUtils.java:logGet(46)) - raft.server.threadpool.server.cached = true (default)
2023-01-16 14:42:51,878 [pool-430-thread-1] INFO  server.RaftServerConfigKeys (ConfUtils.java:logGet(46)) - raft.server.threadpool.server.size = 0 (default)
2023-01-16 14:42:51,879 [pool-430-thread-1] INFO  server.RaftServerConfigKeys (ConfUtils.java:logGet(46)) - raft.server.threadpool.client.cached = true (default)
2023-01-16 14:42:51,879 [pool-430-thread-1] INFO  server.RaftServerConfigKeys (ConfUtils.java:logGet(46)) - raft.server.threadpool.client.size = 0 (default)
2023-01-16 14:42:51,879 [pool-430-thread-1] INFO  server.RaftServer$Division (RaftServerImpl.java:<init>(195)) - 442ec2d2-8762-4ddc-9d9e-f72be6bfd603: new RaftServerImpl for group-BA480BCFE081:[] with ContainerStateMachine:uninitialized
2023-01-16 14:42:51,879 [pool-430-thread-1] INFO  server.RaftServerConfigKeys (ConfUtils.java:logGet(46)) - raft.server.rpc.timeout.min = 5s (custom)
2023-01-16 14:42:51,879 [pool-430-thread-1] INFO  server.RaftServerConfigKeys (ConfUtils.java:logGet(46)) - raft.server.rpc.timeout.max = 5200ms (custom)
2023-01-16 14:42:51,879 [pool-430-thread-1] INFO  server.RaftServerConfigKeys (ConfUtils.java:logGet(46)) - raft.server.rpc.sleep.time = 25ms (default)
2023-01-16 14:42:51,879 [pool-430-thread-1] INFO  server.RaftServerConfigKeys (ConfUtils.java:logGet(46)) - raft.server.rpc.slowness.timeout = 300s (custom)
2023-01-16 14:42:51,879 [pool-430-thread-1] INFO  server.RaftServerConfigKeys (ConfUtils.java:logGet(46)) - raft.server.leaderelection.leader.step-down.wait-time = 10s (default)
2023-01-16 14:42:51,879 [pool-430-thread-1] INFO  server.RaftServerConfigKeys (ConfUtils.java:logGet(46)) - raft.server.sleep.deviation.threshold = 300ms (default)
2023-01-16 14:42:51,880 [pool-430-thread-1] INFO  server.RaftServer$Division (ServerState.java:<init>(118)) - 442ec2d2-8762-4ddc-9d9e-f72be6bfd603@group-BA480BCFE081: ConfigurationManager, init=-1: peers:[]|listeners:[], old=null, confs=<EMPTY_MAP>
2023-01-16 14:42:51,880 [pool-430-thread-1] INFO  server.RaftServerConfigKeys (ConfUtils.java:logGet(46)) - raft.server.storage.dir = [/home/runner/work/ozone/ozone/hadoop-ozone/integration-test/target/test-dir/MiniOzoneClusterImpl-c46fa063-69c7-4818-82ed-7a4432d72042/datanode-1/data/ratis] (custom)
2023-01-16 14:42:51,880 [pool-430-thread-1] INFO  server.RaftServerConfigKeys (ConfUtils.java:logGet(46)) - raft.server.log.corruption.policy = EXCEPTION (default)
2023-01-16 14:42:51,880 [pool-430-thread-1] INFO  server.RaftServerConfigKeys (ConfUtils.java:logGet(46)) - raft.server.storage.free-space.min = 0MB (=0) (default)
2023-01-16 14:42:51,880 [pool-430-thread-1] INFO  server.RaftServerConfigKeys (ConfUtils.java:logGet(46)) - raft.server.notification.no-leader.timeout = 300s (custom)
2023-01-16 14:42:51,880 [pool-430-thread-1] INFO  server.RaftServerConfigKeys (ConfUtils.java:logGet(46)) - raft.server.retrycache.expirytime = 600000ms (custom)
2023-01-16 14:42:51,880 [pool-430-thread-1] INFO  server.RaftServerConfigKeys (ConfUtils.java:logGet(46)) - raft.server.retrycache.statistics.expirytime = 100μs (default)
2023-01-16 14:42:51,880 [pool-430-thread-1] INFO  server.RaftServerConfigKeys (ConfUtils.java:logGet(46)) - raft.server.log.appender.install.snapshot.enabled = false (custom)
2023-01-16 14:42:51,880 [pool-430-thread-1] INFO  server.RaftServerConfigKeys (ConfUtils.java:logGet(46)) - raft.server.threadpool.server.cached = true (default)
2023-01-16 14:42:51,880 [pool-430-thread-1] INFO  server.RaftServerConfigKeys (ConfUtils.java:logGet(46)) - raft.server.threadpool.server.size = 0 (default)
2023-01-16 14:42:51,880 [pool-430-thread-1] INFO  server.RaftServerConfigKeys (ConfUtils.java:logGet(46)) - raft.server.threadpool.client.cached = true (default)
2023-01-16 14:42:51,880 [pool-430-thread-1] INFO  server.RaftServerConfigKeys (ConfUtils.java:logGet(46)) - raft.server.threadpool.client.size = 0 (default)
2023-01-16 14:42:51,884 [Listener at 127.0.0.1/46467] INFO  server.session (DefaultSessionIdManager.java:doStart(334)) - DefaultSessionIdManager workerName=node0
2023-01-16 14:42:51,885 [Listener at 127.0.0.1/46467] INFO  server.session (DefaultSessionIdManager.java:doStart(339)) - No SessionScavenger set, using defaults
2023-01-16 14:42:51,885 [Listener at 127.0.0.1/46467] INFO  server.session (HouseKeeper.java:startScavenging(132)) - node0 Scavenging every 600000ms
2023-01-16 14:42:51,886 [Listener at 127.0.0.1/46467] INFO  handler.ContextHandler (ContextHandler.java:doStart(921)) - Started o.e.j.s.ServletContextHandler@cdbfd3a{logs,/logs,file:///home/runner/work/ozone/ozone/hadoop-ozone/integration-test/target/log,AVAILABLE}
2023-01-16 14:42:51,886 [Listener at 127.0.0.1/46467] INFO  handler.ContextHandler (ContextHandler.java:doStart(921)) - Started o.e.j.s.ServletContextHandler@ef77a7b{static,/static,jar:file:/home/runner/.m2/repository/org/apache/ozone/hdds-container-service/1.4.0-SNAPSHOT/hdds-container-service-1.4.0-SNAPSHOT.jar!/webapps/static,AVAILABLE}
2023-01-16 14:42:52,056 [Listener at 127.0.0.1/46467] INFO  handler.ContextHandler (ContextHandler.java:doStart(921)) - Started o.e.j.w.WebAppContext@5140628b{hddsDatanode,/,file:///tmp/jetty-0_0_0_0-42611-hdds-container-service-1_4_0-SNAPSHOT_jar-_-any-4716138768657611224/webapp/,AVAILABLE}{jar:file:/home/runner/.m2/repository/org/apache/ozone/hdds-container-service/1.4.0-SNAPSHOT/hdds-container-service-1.4.0-SNAPSHOT.jar!/webapps/hddsDatanode}
2023-01-16 14:42:52,058 [Listener at 127.0.0.1/46467] INFO  server.AbstractConnector (AbstractConnector.java:doStart(333)) - Started ServerConnector@2e9afb2a{HTTP/1.1, (http/1.1)}{0.0.0.0:42611}
2023-01-16 14:42:52,058 [Listener at 127.0.0.1/46467] INFO  server.Server (Server.java:doStart(415)) - Started @75011ms
2023-01-16 14:42:52,058 [Listener at 127.0.0.1/46467] WARN  impl.MetricsSystemImpl (MetricsSystemImpl.java:register(279)) - Sink prometheus already exists!
2023-01-16 14:42:52,059 [Listener at 127.0.0.1/46467] INFO  http.BaseHttpServer (BaseHttpServer.java:updateConnectorAddress(333)) - HTTP server of hddsDatanode listening at http://0.0.0.0:42611
2023-01-16 14:42:52,060 [Datanode State Machine Daemon Thread] INFO  statemachine.DatanodeStateMachine (DatanodeStateMachine.java:lambda$startDaemon$0(508)) - Ozone container server started.
2023-01-16 14:42:52,061 [Listener at 127.0.0.1/46467] WARN  impl.MetricRegistriesImpl (MetricRegistriesImpl.java:addReporterRegistration(111)) - New reporters are added after registries were created. Some metrics will be missing from the reporter. Please add reporter before adding any new registry.
2023-01-16 14:42:52,061 [Listener at 127.0.0.1/46467] WARN  impl.MetricRegistriesImpl (MetricRegistriesImpl.java:addReporterRegistration(111)) - New reporters are added after registries were created. Some metrics will be missing from the reporter. Please add reporter before adding any new registry.
2023-01-16 14:42:52,061 [Listener at 127.0.0.1/46467] INFO  impl.MetricsSystemImpl (MetricsSystemImpl.java:init(158)) - HddsDatanode metrics system started (again)
2023-01-16 14:42:52,074 [org.apache.hadoop.util.JvmPauseMonitor$Monitor@50740bb5] INFO  util.JvmPauseMonitor (JvmPauseMonitor.java:run(188)) - Starting JVM pause monitor
2023-01-16 14:42:52,075 [Listener at 127.0.0.1/46467] INFO  ozone.HddsDatanodeService (HddsDatanodeService.java:start(228)) - HddsDatanodeService host:fv-az203-757.ild0l4k5vsluppoevu2oqvhmda.cx.internal.cloudapp.net ip:10.1.1.103
2023-01-16 14:42:52,079 [Datanode State Machine Task Thread - 0] INFO  datanode.InitDatanodeState (InitDatanodeState.java:persistContainerDatanodeDetails(138)) - DatanodeDetails is persisted to /home/runner/work/ozone/ozone/hadoop-ozone/integration-test/target/test-dir/MiniOzoneClusterImpl-c46fa063-69c7-4818-82ed-7a4432d72042/datanode-1/meta/datanode.id
2023-01-16 14:42:52,088 [Listener at 127.0.0.1/46467] INFO  upgrade.AbstractLayoutVersionManager (AbstractLayoutVersionManager.java:init(83)) - Initializing Layout version manager with metadata layout = DATANODE_SCHEMA_V3 (version = 4), software layout = DATANODE_SCHEMA_V3 (version = 4)
2023-01-16 14:42:52,132 [Listener at 127.0.0.1/46467] INFO  reflections.Reflections (Reflections.java:scan(232)) - Reflections took 42 ms to scan 7 urls, producing 146 keys and 350 values 
2023-01-16 14:42:52,133 [Listener at 127.0.0.1/46467] INFO  statemachine.DatanodeStateMachine (DatanodeStateMachine.java:getEndPointTaskThreadPoolSize(248)) - Datanode State Machine Task Thread Pool size 2
2023-01-16 14:42:52,136 [Listener at 127.0.0.1/46467] INFO  volume.HddsVolume (HddsVolume.java:<init>(117)) - Creating HddsVolume: /home/runner/work/ozone/ozone/hadoop-ozone/integration-test/target/test-dir/MiniOzoneClusterImpl-c46fa063-69c7-4818-82ed-7a4432d72042/datanode-2/data-0/containers/hdds of storage type : DISK capacity : 9223372036854775807
2023-01-16 14:42:52,136 [Listener at 127.0.0.1/46467] INFO  volume.MutableVolumeSet (MutableVolumeSet.java:initializeVolumeSet(174)) - Added Volume : /home/runner/work/ozone/ozone/hadoop-ozone/integration-test/target/test-dir/MiniOzoneClusterImpl-c46fa063-69c7-4818-82ed-7a4432d72042/datanode-2/data-0/containers/hdds to VolumeSet
2023-01-16 14:42:52,136 [Listener at 127.0.0.1/46467] INFO  volume.ThrottledAsyncChecker (ThrottledAsyncChecker.java:schedule(141)) - Scheduling a check for /home/runner/work/ozone/ozone/hadoop-ozone/integration-test/target/test-dir/MiniOzoneClusterImpl-c46fa063-69c7-4818-82ed-7a4432d72042/datanode-2/data-0/containers/hdds
2023-01-16 14:42:52,136 [Listener at 127.0.0.1/46467] INFO  volume.StorageVolumeChecker (StorageVolumeChecker.java:checkAllVolumes(202)) - Scheduled health check for volume /home/runner/work/ozone/ozone/hadoop-ozone/integration-test/target/test-dir/MiniOzoneClusterImpl-c46fa063-69c7-4818-82ed-7a4432d72042/datanode-2/data-0/containers/hdds
2023-01-16 14:42:52,148 [Listener at 127.0.0.1/46467] INFO  volume.MutableVolumeSet (MutableVolumeSet.java:initializeVolumeSet(174)) - Added Volume : /home/runner/work/ozone/ozone/hadoop-ozone/integration-test/target/test-dir/MiniOzoneClusterImpl-c46fa063-69c7-4818-82ed-7a4432d72042/datanode-2/data/ratis to VolumeSet
2023-01-16 14:42:52,148 [Listener at 127.0.0.1/46467] INFO  volume.ThrottledAsyncChecker (ThrottledAsyncChecker.java:schedule(141)) - Scheduling a check for /home/runner/work/ozone/ozone/hadoop-ozone/integration-test/target/test-dir/MiniOzoneClusterImpl-c46fa063-69c7-4818-82ed-7a4432d72042/datanode-2/data/ratis
2023-01-16 14:42:52,148 [Listener at 127.0.0.1/46467] INFO  volume.StorageVolumeChecker (StorageVolumeChecker.java:checkAllVolumes(202)) - Scheduled health check for volume /home/runner/work/ozone/ozone/hadoop-ozone/integration-test/target/test-dir/MiniOzoneClusterImpl-c46fa063-69c7-4818-82ed-7a4432d72042/datanode-2/data/ratis
2023-01-16 14:42:52,170 [Listener at 127.0.0.1/46467] INFO  utils.DatanodeStoreCache (DatanodeStoreCache.java:addDB(58)) - Added db /home/runner/work/ozone/ozone/hadoop-ozone/integration-test/target/test-dir/MiniOzoneClusterImpl-c46fa063-69c7-4818-82ed-7a4432d72042/datanode-2/data-0/containers/hdds/c46fa063-69c7-4818-82ed-7a4432d72042/DS-e7c68cd2-b82d-471a-b4eb-e1587870522c/container.db to cache
2023-01-16 14:42:52,170 [Listener at 127.0.0.1/46467] INFO  volume.HddsVolume (HddsVolume.java:loadDbStore(260)) - SchemaV3 db is loaded at /home/runner/work/ozone/ozone/hadoop-ozone/integration-test/target/test-dir/MiniOzoneClusterImpl-c46fa063-69c7-4818-82ed-7a4432d72042/datanode-2/data-0/containers/hdds/c46fa063-69c7-4818-82ed-7a4432d72042/DS-e7c68cd2-b82d-471a-b4eb-e1587870522c/container.db for volume DS-e7c68cd2-b82d-471a-b4eb-e1587870522c
2023-01-16 14:42:52,171 [Thread-816] INFO  ozoneimpl.ContainerReader (ContainerReader.java:readVolume(145)) - Start to verify containers on volume /home/runner/work/ozone/ozone/hadoop-ozone/integration-test/target/test-dir/MiniOzoneClusterImpl-c46fa063-69c7-4818-82ed-7a4432d72042/datanode-2/data-0/containers/hdds
2023-01-16 14:42:52,171 [Thread-816] INFO  ozoneimpl.ContainerReader (ContainerReader.java:readVolume(175)) - Finish verifying containers on volume /home/runner/work/ozone/ozone/hadoop-ozone/integration-test/target/test-dir/MiniOzoneClusterImpl-c46fa063-69c7-4818-82ed-7a4432d72042/datanode-2/data-0/containers/hdds
2023-01-16 14:42:52,171 [Listener at 127.0.0.1/46467] INFO  ozoneimpl.OzoneContainer (OzoneContainer.java:buildContainerSet(301)) - Build ContainerSet costs 0s
2023-01-16 14:42:52,182 [Listener at 127.0.0.1/46467] INFO  server.RaftServer (ConfUtils.java:logGet(46)) - raft.rpc.type = GRPC (default)
2023-01-16 14:42:52,182 [Listener at 127.0.0.1/46467] INFO  grpc.GrpcConfigKeys (ConfUtils.java:logFallback(53)) - raft.grpc.admin.host = null (fallback to raft.grpc.server.host)
2023-01-16 14:42:52,182 [Listener at 127.0.0.1/46467] INFO  grpc.GrpcConfigKeys (ConfUtils.java:logGet(46)) - raft.grpc.admin.port = 43765 (custom)
2023-01-16 14:42:52,182 [Listener at 127.0.0.1/46467] INFO  grpc.GrpcConfigKeys (ConfUtils.java:logFallback(53)) - raft.grpc.client.host = null (fallback to raft.grpc.server.host)
2023-01-16 14:42:52,182 [Listener at 127.0.0.1/46467] INFO  grpc.GrpcConfigKeys (ConfUtils.java:logGet(46)) - raft.grpc.client.port = 43765 (custom)
2023-01-16 14:42:52,183 [Listener at 127.0.0.1/46467] INFO  grpc.GrpcConfigKeys (ConfUtils.java:logGet(46)) - raft.grpc.server.host = null (default)
2023-01-16 14:42:52,183 [Listener at 127.0.0.1/46467] INFO  grpc.GrpcConfigKeys (ConfUtils.java:logGet(46)) - raft.grpc.server.port = 43765 (custom)
2023-01-16 14:42:52,184 [Listener at 127.0.0.1/46467] INFO  server.GrpcService (ConfUtils.java:logGet(46)) - raft.grpc.message.size.max = 32MB (=33554432) (custom)
2023-01-16 14:42:52,184 [Listener at 127.0.0.1/46467] INFO  server.RaftServerConfigKeys (ConfUtils.java:logGet(46)) - raft.server.log.appender.buffer.byte-limit = 33554432 (custom)
2023-01-16 14:42:52,184 [Listener at 127.0.0.1/46467] INFO  server.GrpcService (ConfUtils.java:logGet(46)) - raft.grpc.flow.control.window = 5MB (=5242880) (custom)
2023-01-16 14:42:52,184 [Listener at 127.0.0.1/46467] INFO  server.RaftServerConfigKeys (ConfUtils.java:logGet(46)) - raft.server.rpc.request.timeout = 60s (custom)
2023-01-16 14:42:52,185 [Listener at 127.0.0.1/46467] INFO  grpc.GrpcConfigKeys (ConfUtils.java:logGet(46)) - raft.grpc.server.heartbeat.channel = true (default)
2023-01-16 14:42:52,185 [Listener at 127.0.0.1/46467] INFO  grpc.GrpcConfigKeys (ConfUtils.java:logGet(46)) - raft.grpc.server.async.request.thread.pool.cached = true (default)
2023-01-16 14:42:52,185 [Listener at 127.0.0.1/46467] INFO  grpc.GrpcConfigKeys (ConfUtils.java:logGet(46)) - raft.grpc.server.async.request.thread.pool.size = 32 (default)
2023-01-16 14:42:52,188 [Listener at 127.0.0.1/46467] INFO  impl.DataStreamServerImpl (ConfUtils.java:logGet(46)) - raft.datastream.type = NETTY (custom)
2023-01-16 14:42:52,189 [Listener at 127.0.0.1/46467] INFO  server.RaftServerConfigKeys (ConfUtils.java:logGet(46)) - raft.server.data-stream.async.request.thread.pool.cached = false (default)
2023-01-16 14:42:52,189 [Listener at 127.0.0.1/46467] INFO  server.RaftServerConfigKeys (ConfUtils.java:logGet(46)) - raft.server.data-stream.async.request.thread.pool.size = 20 (custom)
2023-01-16 14:42:52,189 [Listener at 127.0.0.1/46467] INFO  server.RaftServerConfigKeys (ConfUtils.java:logGet(46)) - raft.server.data-stream.async.write.thread.pool.size = 16 (default)
2023-01-16 14:42:52,189 [Listener at 127.0.0.1/46467] INFO  server.RaftServerConfigKeys (ConfUtils.java:logGet(46)) - raft.server.data-stream.client.pool.size = 10 (default)
2023-01-16 14:42:52,189 [Listener at 127.0.0.1/46467] INFO  netty.NettyConfigKeys$DataStream (ConfUtils.java:logGet(46)) - raft.netty.dataStream.server.use-epoll = false (default)
2023-01-16 14:42:52,191 [Listener at 127.0.0.1/46467] INFO  netty.NettyConfigKeys$DataStream (ConfUtils.java:logGet(46)) - raft.netty.dataStream.server.boss-group.size = 0 (default)
2023-01-16 14:42:52,192 [Listener at 127.0.0.1/46467] INFO  netty.NettyConfigKeys$DataStream (ConfUtils.java:logGet(46)) - raft.netty.dataStream.server.worker-group.size = 0 (default)
2023-01-16 14:42:52,192 [Listener at 127.0.0.1/46467] INFO  netty.NettyConfigKeys$DataStream (ConfUtils.java:logGet(46)) - raft.netty.dataStream.server.tls.conf = null (default)
2023-01-16 14:42:52,192 [Listener at 127.0.0.1/46467] INFO  netty.NettyConfigKeys$DataStream (ConfUtils.java:logGet(46)) - raft.netty.dataStream.host = null (default)
2023-01-16 14:42:52,192 [Listener at 127.0.0.1/46467] INFO  netty.NettyConfigKeys$DataStream (ConfUtils.java:logGet(46)) - raft.netty.dataStream.port = 0 (default)
2023-01-16 14:42:52,193 [Listener at 127.0.0.1/46467] INFO  server.RaftServerConfigKeys (ConfUtils.java:logGet(46)) - raft.server.threadpool.proxy.cached = true (default)
2023-01-16 14:42:52,193 [Listener at 127.0.0.1/46467] INFO  server.RaftServerConfigKeys (ConfUtils.java:logGet(46)) - raft.server.threadpool.proxy.size = 0 (default)
2023-01-16 14:42:52,193 [Listener at 127.0.0.1/46467] INFO  server.RaftServerConfigKeys (ConfUtils.java:logGet(46)) - raft.server.rpc.slowness.timeout = 300s (custom)
2023-01-16 14:42:52,193 [Listener at 127.0.0.1/46467] INFO  server.RaftServerConfigKeys (ConfUtils.java:logGet(46)) - raft.server.leaderelection.leader.step-down.wait-time = 10s (default)
2023-01-16 14:42:52,193 [Listener at 127.0.0.1/46467] INFO  server.RaftServerConfigKeys (ConfUtils.java:logGet(46)) - raft.server.storage.dir = [/home/runner/work/ozone/ozone/hadoop-ozone/integration-test/target/test-dir/MiniOzoneClusterImpl-c46fa063-69c7-4818-82ed-7a4432d72042/datanode-2/data/ratis] (custom)
2023-01-16 14:42:52,194 [d72051fe-3aaa-4ca0-b891-e1cdc202e4f4-impl-thread1] INFO  server.RaftServer (RaftServerProxy.java:initGroupDir(251)) - d72051fe-3aaa-4ca0-b891-e1cdc202e4f4: found a subdirectory /home/runner/work/ozone/ozone/hadoop-ozone/integration-test/target/test-dir/MiniOzoneClusterImpl-c46fa063-69c7-4818-82ed-7a4432d72042/datanode-2/data/ratis/174bef65-c465-45c3-8a83-5e653170d9e0
2023-01-16 14:42:52,194 [d72051fe-3aaa-4ca0-b891-e1cdc202e4f4-NettyServerStreamRpc-bossGroup--thread1] INFO  logging.LoggingHandler (AbstractInternalLogger.java:log(148)) - [id: 0xeffa0509] REGISTERED
2023-01-16 14:42:52,194 [d72051fe-3aaa-4ca0-b891-e1cdc202e4f4-NettyServerStreamRpc-bossGroup--thread1] INFO  logging.LoggingHandler (AbstractInternalLogger.java:log(148)) - [id: 0xeffa0509] BIND: 0.0.0.0/0.0.0.0:0
2023-01-16 14:42:52,194 [d72051fe-3aaa-4ca0-b891-e1cdc202e4f4-NettyServerStreamRpc-bossGroup--thread1] INFO  logging.LoggingHandler (AbstractInternalLogger.java:log(148)) - [id: 0xeffa0509, L:/0:0:0:0:0:0:0:0:40353] ACTIVE
2023-01-16 14:42:52,194 [d72051fe-3aaa-4ca0-b891-e1cdc202e4f4-impl-thread1] INFO  server.RaftServer (RaftServerProxy.java:addNew(96)) - d72051fe-3aaa-4ca0-b891-e1cdc202e4f4: addNew group-5E653170D9E0:[] returns group-5E653170D9E0:java.util.concurrent.CompletableFuture@4d827659[Not completed]
2023-01-16 14:42:52,195 [d72051fe-3aaa-4ca0-b891-e1cdc202e4f4-impl-thread1] INFO  server.RaftServer (RaftServerProxy.java:initGroupDir(251)) - d72051fe-3aaa-4ca0-b891-e1cdc202e4f4: found a subdirectory /home/runner/work/ozone/ozone/hadoop-ozone/integration-test/target/test-dir/MiniOzoneClusterImpl-c46fa063-69c7-4818-82ed-7a4432d72042/datanode-2/data/ratis/950bf751-b6ea-4122-9241-2fbcaa66a064
2023-01-16 14:42:52,195 [d72051fe-3aaa-4ca0-b891-e1cdc202e4f4-impl-thread1] INFO  server.RaftServer (RaftServerProxy.java:addNew(96)) - d72051fe-3aaa-4ca0-b891-e1cdc202e4f4: addNew group-2FBCAA66A064:[] returns group-2FBCAA66A064:java.util.concurrent.CompletableFuture@49bdeb31[Not completed]
2023-01-16 14:42:52,195 [d72051fe-3aaa-4ca0-b891-e1cdc202e4f4-impl-thread1] INFO  server.RaftServer (RaftServerProxy.java:initGroupDir(251)) - d72051fe-3aaa-4ca0-b891-e1cdc202e4f4: found a subdirectory /home/runner/work/ozone/ozone/hadoop-ozone/integration-test/target/test-dir/MiniOzoneClusterImpl-c46fa063-69c7-4818-82ed-7a4432d72042/datanode-2/data/ratis/ff0120f3-6f59-4109-a245-ba480bcfe081
2023-01-16 14:42:52,195 [d72051fe-3aaa-4ca0-b891-e1cdc202e4f4-impl-thread1] INFO  server.RaftServer (RaftServerProxy.java:addNew(96)) - d72051fe-3aaa-4ca0-b891-e1cdc202e4f4: addNew group-BA480BCFE081:[] returns group-BA480BCFE081:java.util.concurrent.CompletableFuture@cbf7c62[Not completed]
2023-01-16 14:42:52,196 [pool-460-thread-1] INFO  server.RaftServer$Division (RaftServerImpl.java:<init>(195)) - d72051fe-3aaa-4ca0-b891-e1cdc202e4f4: new RaftServerImpl for group-5E653170D9E0:[] with ContainerStateMachine:uninitialized
2023-01-16 14:42:52,196 [pool-460-thread-1] INFO  server.RaftServerConfigKeys (ConfUtils.java:logGet(46)) - raft.server.rpc.timeout.min = 5s (custom)
2023-01-16 14:42:52,196 [pool-460-thread-1] INFO  server.RaftServerConfigKeys (ConfUtils.java:logGet(46)) - raft.server.rpc.timeout.max = 5200ms (custom)
2023-01-16 14:42:52,196 [Listener at 127.0.0.1/46467] INFO  server.XceiverServerGrpc (XceiverServerGrpc.java:<init>(132)) - GrpcServer channel type EpollServerSocketChannel
2023-01-16 14:42:52,196 [pool-460-thread-1] INFO  server.RaftServerConfigKeys (ConfUtils.java:logGet(46)) - raft.server.rpc.sleep.time = 25ms (default)
2023-01-16 14:42:52,196 [pool-460-thread-1] INFO  server.RaftServerConfigKeys (ConfUtils.java:logGet(46)) - raft.server.rpc.slowness.timeout = 300s (custom)
2023-01-16 14:42:52,196 [pool-460-thread-1] INFO  server.RaftServerConfigKeys (ConfUtils.java:logGet(46)) - raft.server.leaderelection.leader.step-down.wait-time = 10s (default)
2023-01-16 14:42:52,196 [pool-460-thread-1] INFO  server.RaftServerConfigKeys (ConfUtils.java:logGet(46)) - raft.server.sleep.deviation.threshold = 300ms (default)
2023-01-16 14:42:52,196 [pool-460-thread-1] INFO  server.RaftServer$Division (ServerState.java:<init>(118)) - d72051fe-3aaa-4ca0-b891-e1cdc202e4f4@group-5E653170D9E0: ConfigurationManager, init=-1: peers:[]|listeners:[], old=null, confs=<EMPTY_MAP>
2023-01-16 14:42:52,197 [pool-460-thread-1] INFO  server.RaftServerConfigKeys (ConfUtils.java:logGet(46)) - raft.server.storage.dir = [/home/runner/work/ozone/ozone/hadoop-ozone/integration-test/target/test-dir/MiniOzoneClusterImpl-c46fa063-69c7-4818-82ed-7a4432d72042/datanode-2/data/ratis] (custom)
2023-01-16 14:42:52,197 [pool-460-thread-1] INFO  server.RaftServerConfigKeys (ConfUtils.java:logGet(46)) - raft.server.log.corruption.policy = EXCEPTION (default)
2023-01-16 14:42:52,197 [pool-460-thread-1] INFO  server.RaftServerConfigKeys (ConfUtils.java:logGet(46)) - raft.server.storage.free-space.min = 0MB (=0) (default)
2023-01-16 14:42:52,197 [pool-460-thread-1] INFO  server.RaftServerConfigKeys (ConfUtils.java:logGet(46)) - raft.server.notification.no-leader.timeout = 300s (custom)
2023-01-16 14:42:52,197 [pool-460-thread-1] INFO  server.RaftServerConfigKeys (ConfUtils.java:logGet(46)) - raft.server.retrycache.expirytime = 600000ms (custom)
2023-01-16 14:42:52,199 [Listener at 127.0.0.1/46467] INFO  http.BaseHttpServer (BaseHttpServer.java:newHttpServer2BuilderForOzone(213)) - Starting Web-server for hddsDatanode at: http://0.0.0.0:45561
2023-01-16 14:42:52,199 [pool-460-thread-1] INFO  server.RaftServerConfigKeys (ConfUtils.java:logGet(46)) - raft.server.retrycache.statistics.expirytime = 100μs (default)
2023-01-16 14:42:52,199 [Listener at 127.0.0.1/46467] INFO  http.BaseHttpServer (BaseHttpServer.java:<init>(108)) - Hadoop Security Enabled: false Ozone Security Enabled: false Ozone HTTP Security Enabled: false 
2023-01-16 14:42:52,200 [pool-460-thread-1] INFO  server.RaftServerConfigKeys (ConfUtils.java:logGet(46)) - raft.server.log.appender.install.snapshot.enabled = false (custom)
2023-01-16 14:42:52,200 [pool-460-thread-1] INFO  server.RaftServerConfigKeys (ConfUtils.java:logGet(46)) - raft.server.threadpool.server.cached = true (default)
2023-01-16 14:42:52,200 [pool-460-thread-1] INFO  server.RaftServerConfigKeys (ConfUtils.java:logGet(46)) - raft.server.threadpool.server.size = 0 (default)
2023-01-16 14:42:52,200 [pool-460-thread-1] INFO  server.RaftServerConfigKeys (ConfUtils.java:logGet(46)) - raft.server.threadpool.client.cached = true (default)
2023-01-16 14:42:52,200 [pool-460-thread-1] INFO  server.RaftServerConfigKeys (ConfUtils.java:logGet(46)) - raft.server.threadpool.client.size = 0 (default)
2023-01-16 14:42:52,201 [pool-460-thread-1] INFO  server.RaftServer$Division (RaftServerImpl.java:<init>(195)) - d72051fe-3aaa-4ca0-b891-e1cdc202e4f4: new RaftServerImpl for group-2FBCAA66A064:[] with ContainerStateMachine:uninitialized
2023-01-16 14:42:52,201 [pool-460-thread-1] INFO  server.RaftServerConfigKeys (ConfUtils.java:logGet(46)) - raft.server.rpc.timeout.min = 5s (custom)
2023-01-16 14:42:52,201 [pool-460-thread-1] INFO  server.RaftServerConfigKeys (ConfUtils.java:logGet(46)) - raft.server.rpc.timeout.max = 5200ms (custom)
2023-01-16 14:42:52,201 [pool-460-thread-1] INFO  server.RaftServerConfigKeys (ConfUtils.java:logGet(46)) - raft.server.rpc.sleep.time = 25ms (default)
2023-01-16 14:42:52,201 [Listener at 127.0.0.1/46467] WARN  server.AuthenticationFilter (AuthenticationFilter.java:constructSecretProvider(240)) - Unable to initialize FileSignerSecretProvider, falling back to use random secrets. Reason: Could not read signature secret file: /home/runner/hadoop-http-auth-signature-secret
2023-01-16 14:42:52,201 [pool-460-thread-1] INFO  server.RaftServerConfigKeys (ConfUtils.java:logGet(46)) - raft.server.rpc.slowness.timeout = 300s (custom)
2023-01-16 14:42:52,201 [pool-460-thread-1] INFO  server.RaftServerConfigKeys (ConfUtils.java:logGet(46)) - raft.server.leaderelection.leader.step-down.wait-time = 10s (default)
2023-01-16 14:42:52,201 [pool-460-thread-1] INFO  server.RaftServerConfigKeys (ConfUtils.java:logGet(46)) - raft.server.sleep.deviation.threshold = 300ms (default)
2023-01-16 14:42:52,202 [Listener at 127.0.0.1/46467] WARN  http.HttpRequestLog (HttpRequestLog.java:getRequestLog(103)) - Jetty request log can only be enabled using Log4j
2023-01-16 14:42:52,202 [pool-460-thread-1] INFO  server.RaftServer$Division (ServerState.java:<init>(118)) - d72051fe-3aaa-4ca0-b891-e1cdc202e4f4@group-2FBCAA66A064: ConfigurationManager, init=-1: peers:[]|listeners:[], old=null, confs=<EMPTY_MAP>
2023-01-16 14:42:52,202 [pool-460-thread-1] INFO  server.RaftServerConfigKeys (ConfUtils.java:logGet(46)) - raft.server.storage.dir = [/home/runner/work/ozone/ozone/hadoop-ozone/integration-test/target/test-dir/MiniOzoneClusterImpl-c46fa063-69c7-4818-82ed-7a4432d72042/datanode-2/data/ratis] (custom)
2023-01-16 14:42:52,202 [pool-460-thread-1] INFO  server.RaftServerConfigKeys (ConfUtils.java:logGet(46)) - raft.server.log.corruption.policy = EXCEPTION (default)
2023-01-16 14:42:52,202 [pool-460-thread-1] INFO  server.RaftServerConfigKeys (ConfUtils.java:logGet(46)) - raft.server.storage.free-space.min = 0MB (=0) (default)
2023-01-16 14:42:52,203 [pool-460-thread-1] INFO  server.RaftServerConfigKeys (ConfUtils.java:logGet(46)) - raft.server.notification.no-leader.timeout = 300s (custom)
2023-01-16 14:42:52,203 [pool-460-thread-1] INFO  server.RaftServerConfigKeys (ConfUtils.java:logGet(46)) - raft.server.retrycache.expirytime = 600000ms (custom)
2023-01-16 14:42:52,203 [pool-460-thread-1] INFO  server.RaftServerConfigKeys (ConfUtils.java:logGet(46)) - raft.server.retrycache.statistics.expirytime = 100μs (default)
2023-01-16 14:42:52,203 [Listener at 127.0.0.1/46467] INFO  http.HttpServer2 (HttpServer2.java:addGlobalFilter(1031)) - Added global filter 'safety' (class=org.apache.hadoop.hdds.server.http.HttpServer2$QuotingInputFilter)
2023-01-16 14:42:52,203 [pool-460-thread-1] INFO  server.RaftServerConfigKeys (ConfUtils.java:logGet(46)) - raft.server.log.appender.install.snapshot.enabled = false (custom)
2023-01-16 14:42:52,203 [pool-460-thread-1] INFO  server.RaftServerConfigKeys (ConfUtils.java:logGet(46)) - raft.server.threadpool.server.cached = true (default)
2023-01-16 14:42:52,203 [pool-460-thread-1] INFO  server.RaftServerConfigKeys (ConfUtils.java:logGet(46)) - raft.server.threadpool.server.size = 0 (default)
2023-01-16 14:42:52,203 [pool-460-thread-1] INFO  server.RaftServerConfigKeys (ConfUtils.java:logGet(46)) - raft.server.threadpool.client.cached = true (default)
2023-01-16 14:42:52,203 [pool-460-thread-1] INFO  server.RaftServerConfigKeys (ConfUtils.java:logGet(46)) - raft.server.threadpool.client.size = 0 (default)
2023-01-16 14:42:52,204 [pool-460-thread-1] INFO  server.RaftServer$Division (RaftServerImpl.java:<init>(195)) - d72051fe-3aaa-4ca0-b891-e1cdc202e4f4: new RaftServerImpl for group-BA480BCFE081:[] with ContainerStateMachine:uninitialized
2023-01-16 14:42:52,204 [pool-460-thread-1] INFO  server.RaftServerConfigKeys (ConfUtils.java:logGet(46)) - raft.server.rpc.timeout.min = 5s (custom)
2023-01-16 14:42:52,204 [Listener at 127.0.0.1/46467] INFO  http.HttpServer2 (HttpServer2.java:addFilter(1007)) - Added filter static_user_filter (class=org.apache.hadoop.http.lib.StaticUserWebFilter$StaticUserFilter) to context hddsDatanode
2023-01-16 14:42:52,206 [pool-460-thread-1] INFO  server.RaftServerConfigKeys (ConfUtils.java:logGet(46)) - raft.server.rpc.timeout.max = 5200ms (custom)
2023-01-16 14:42:52,207 [Listener at 127.0.0.1/46467] INFO  http.HttpServer2 (HttpServer2.java:addFilter(1015)) - Added filter static_user_filter (class=org.apache.hadoop.http.lib.StaticUserWebFilter$StaticUserFilter) to context static
2023-01-16 14:42:52,207 [pool-460-thread-1] INFO  server.RaftServerConfigKeys (ConfUtils.java:logGet(46)) - raft.server.rpc.sleep.time = 25ms (default)
2023-01-16 14:42:52,207 [Listener at 127.0.0.1/46467] INFO  http.HttpServer2 (HttpServer2.java:addFilter(1015)) - Added filter static_user_filter (class=org.apache.hadoop.http.lib.StaticUserWebFilter$StaticUserFilter) to context logs
2023-01-16 14:42:52,207 [pool-460-thread-1] INFO  server.RaftServerConfigKeys (ConfUtils.java:logGet(46)) - raft.server.rpc.slowness.timeout = 300s (custom)
2023-01-16 14:42:52,208 [pool-460-thread-1] INFO  server.RaftServerConfigKeys (ConfUtils.java:logGet(46)) - raft.server.leaderelection.leader.step-down.wait-time = 10s (default)
2023-01-16 14:42:52,208 [pool-460-thread-1] INFO  server.RaftServerConfigKeys (ConfUtils.java:logGet(46)) - raft.server.sleep.deviation.threshold = 300ms (default)
2023-01-16 14:42:52,208 [pool-460-thread-1] INFO  server.RaftServer$Division (ServerState.java:<init>(118)) - d72051fe-3aaa-4ca0-b891-e1cdc202e4f4@group-BA480BCFE081: ConfigurationManager, init=-1: peers:[]|listeners:[], old=null, confs=<EMPTY_MAP>
2023-01-16 14:42:52,208 [pool-460-thread-1] INFO  server.RaftServerConfigKeys (ConfUtils.java:logGet(46)) - raft.server.storage.dir = [/home/runner/work/ozone/ozone/hadoop-ozone/integration-test/target/test-dir/MiniOzoneClusterImpl-c46fa063-69c7-4818-82ed-7a4432d72042/datanode-2/data/ratis] (custom)
2023-01-16 14:42:52,209 [pool-460-thread-1] INFO  server.RaftServerConfigKeys (ConfUtils.java:logGet(46)) - raft.server.log.corruption.policy = EXCEPTION (default)
2023-01-16 14:42:52,209 [pool-460-thread-1] INFO  server.RaftServerConfigKeys (ConfUtils.java:logGet(46)) - raft.server.storage.free-space.min = 0MB (=0) (default)
2023-01-16 14:42:52,209 [pool-460-thread-1] INFO  server.RaftServerConfigKeys (ConfUtils.java:logGet(46)) - raft.server.notification.no-leader.timeout = 300s (custom)
2023-01-16 14:42:52,209 [pool-460-thread-1] INFO  server.RaftServerConfigKeys (ConfUtils.java:logGet(46)) - raft.server.retrycache.expirytime = 600000ms (custom)
2023-01-16 14:42:52,209 [pool-460-thread-1] INFO  server.RaftServerConfigKeys (ConfUtils.java:logGet(46)) - raft.server.retrycache.statistics.expirytime = 100μs (default)
2023-01-16 14:42:52,209 [pool-460-thread-1] INFO  server.RaftServerConfigKeys (ConfUtils.java:logGet(46)) - raft.server.log.appender.install.snapshot.enabled = false (custom)
2023-01-16 14:42:52,210 [pool-460-thread-1] INFO  server.RaftServerConfigKeys (ConfUtils.java:logGet(46)) - raft.server.threadpool.server.cached = true (default)
2023-01-16 14:42:52,210 [pool-460-thread-1] INFO  server.RaftServerConfigKeys (ConfUtils.java:logGet(46)) - raft.server.threadpool.server.size = 0 (default)
2023-01-16 14:42:52,210 [pool-460-thread-1] INFO  server.RaftServerConfigKeys (ConfUtils.java:logGet(46)) - raft.server.threadpool.client.cached = true (default)
2023-01-16 14:42:52,210 [pool-460-thread-1] INFO  server.RaftServerConfigKeys (ConfUtils.java:logGet(46)) - raft.server.threadpool.client.size = 0 (default)
2023-01-16 14:42:52,213 [Listener at 127.0.0.1/46467] INFO  http.HttpServer2 (HttpServer2.java:bindListener(1250)) - Jetty bound to port 45561
2023-01-16 14:42:52,213 [Listener at 127.0.0.1/46467] INFO  server.Server (Server.java:doStart(375)) - jetty-9.4.49.v20220914; built: 2022-09-14T01:07:36.601Z; git: 4231a3b2e4cb8548a412a789936d640a97b1aa0a; jvm 1.8.0_352-b08
2023-01-16 14:42:52,215 [Listener at 127.0.0.1/46467] INFO  server.session (DefaultSessionIdManager.java:doStart(334)) - DefaultSessionIdManager workerName=node0
2023-01-16 14:42:52,215 [Listener at 127.0.0.1/46467] INFO  server.session (DefaultSessionIdManager.java:doStart(339)) - No SessionScavenger set, using defaults
2023-01-16 14:42:52,215 [Listener at 127.0.0.1/46467] INFO  server.session (HouseKeeper.java:startScavenging(132)) - node0 Scavenging every 600000ms
2023-01-16 14:42:52,218 [Listener at 127.0.0.1/46467] INFO  handler.ContextHandler (ContextHandler.java:doStart(921)) - Started o.e.j.s.ServletContextHandler@f95d318{logs,/logs,file:///home/runner/work/ozone/ozone/hadoop-ozone/integration-test/target/log,AVAILABLE}
2023-01-16 14:42:52,218 [Listener at 127.0.0.1/46467] INFO  handler.ContextHandler (ContextHandler.java:doStart(921)) - Started o.e.j.s.ServletContextHandler@457e29ca{static,/static,jar:file:/home/runner/.m2/repository/org/apache/ozone/hdds-container-service/1.4.0-SNAPSHOT/hdds-container-service-1.4.0-SNAPSHOT.jar!/webapps/static,AVAILABLE}
2023-01-16 14:42:52,397 [Listener at 127.0.0.1/46467] INFO  handler.ContextHandler (ContextHandler.java:doStart(921)) - Started o.e.j.w.WebAppContext@5ef293a6{hddsDatanode,/,file:///tmp/jetty-0_0_0_0-45561-hdds-container-service-1_4_0-SNAPSHOT_jar-_-any-3739158101374172291/webapp/,AVAILABLE}{jar:file:/home/runner/.m2/repository/org/apache/ozone/hdds-container-service/1.4.0-SNAPSHOT/hdds-container-service-1.4.0-SNAPSHOT.jar!/webapps/hddsDatanode}
2023-01-16 14:42:52,399 [Listener at 127.0.0.1/46467] INFO  server.AbstractConnector (AbstractConnector.java:doStart(333)) - Started ServerConnector@4aefbf50{HTTP/1.1, (http/1.1)}{0.0.0.0:45561}
2023-01-16 14:42:52,399 [Listener at 127.0.0.1/46467] INFO  server.Server (Server.java:doStart(415)) - Started @75352ms
2023-01-16 14:42:52,399 [Listener at 127.0.0.1/46467] WARN  impl.MetricsSystemImpl (MetricsSystemImpl.java:register(279)) - Sink prometheus already exists!
2023-01-16 14:42:52,400 [Listener at 127.0.0.1/46467] INFO  http.BaseHttpServer (BaseHttpServer.java:updateConnectorAddress(333)) - HTTP server of hddsDatanode listening at http://0.0.0.0:45561
2023-01-16 14:42:52,400 [Datanode State Machine Daemon Thread] INFO  statemachine.DatanodeStateMachine (DatanodeStateMachine.java:lambda$startDaemon$0(508)) - Ozone container server started.
2023-01-16 14:42:52,401 [Listener at 127.0.0.1/46467] INFO  pipeline.PipelineManagerImpl (PipelineManagerImpl.java:closePipeline(442)) - Pipeline Pipeline[ Id: ff0120f3-6f59-4109-a245-ba480bcfe081, Nodes: 710767cc-7b4a-4f75-833c-d89a4e7b1741(fv-az203-757.ild0l4k5vsluppoevu2oqvhmda.cx.internal.cloudapp.net/10.1.1.103)442ec2d2-8762-4ddc-9d9e-f72be6bfd603(fv-az203-757.ild0l4k5vsluppoevu2oqvhmda.cx.internal.cloudapp.net/10.1.1.103)d72051fe-3aaa-4ca0-b891-e1cdc202e4f4(fv-az203-757.ild0l4k5vsluppoevu2oqvhmda.cx.internal.cloudapp.net/10.1.1.103), ReplicationConfig: RATIS/THREE, State:OPEN, leaderId:442ec2d2-8762-4ddc-9d9e-f72be6bfd603, CreationTimestamp2023-01-16T14:42:33.048Z[Etc/UTC]] moved to CLOSED state
2023-01-16 14:42:52,401 [Listener at 127.0.0.1/46467] INFO  pipeline.RatisPipelineProvider (RatisPipelineProvider.java:lambda$close$4(272)) - Send pipeline:PipelineID=ff0120f3-6f59-4109-a245-ba480bcfe081 close command to datanode 710767cc-7b4a-4f75-833c-d89a4e7b1741
2023-01-16 14:42:52,402 [Listener at 127.0.0.1/46467] INFO  pipeline.RatisPipelineProvider (RatisPipelineProvider.java:lambda$close$4(272)) - Send pipeline:PipelineID=ff0120f3-6f59-4109-a245-ba480bcfe081 close command to datanode 442ec2d2-8762-4ddc-9d9e-f72be6bfd603
2023-01-16 14:42:52,402 [Listener at 127.0.0.1/46467] INFO  pipeline.RatisPipelineProvider (RatisPipelineProvider.java:lambda$close$4(272)) - Send pipeline:PipelineID=ff0120f3-6f59-4109-a245-ba480bcfe081 close command to datanode d72051fe-3aaa-4ca0-b891-e1cdc202e4f4
2023-01-16 14:42:52,404 [Listener at 127.0.0.1/46467] INFO  pipeline.PipelineStateManagerImpl (PipelineStateManagerImpl.java:removePipeline(245)) - Pipeline Pipeline[ Id: ff0120f3-6f59-4109-a245-ba480bcfe081, Nodes: 710767cc-7b4a-4f75-833c-d89a4e7b1741(fv-az203-757.ild0l4k5vsluppoevu2oqvhmda.cx.internal.cloudapp.net/10.1.1.103)442ec2d2-8762-4ddc-9d9e-f72be6bfd603(fv-az203-757.ild0l4k5vsluppoevu2oqvhmda.cx.internal.cloudapp.net/10.1.1.103)d72051fe-3aaa-4ca0-b891-e1cdc202e4f4(fv-az203-757.ild0l4k5vsluppoevu2oqvhmda.cx.internal.cloudapp.net/10.1.1.103), ReplicationConfig: RATIS/THREE, State:CLOSED, leaderId:442ec2d2-8762-4ddc-9d9e-f72be6bfd603, CreationTimestamp2023-01-16T14:42:33.048Z[Etc/UTC]] removed.
2023-01-16 14:42:52,405 [Listener at 127.0.0.1/46467] INFO  pipeline.PipelineManagerImpl (PipelineManagerImpl.java:closePipeline(442)) - Pipeline Pipeline[ Id: 174bef65-c465-45c3-8a83-5e653170d9e0, Nodes: 442ec2d2-8762-4ddc-9d9e-f72be6bfd603(fv-az203-757.ild0l4k5vsluppoevu2oqvhmda.cx.internal.cloudapp.net/10.1.1.103)710767cc-7b4a-4f75-833c-d89a4e7b1741(fv-az203-757.ild0l4k5vsluppoevu2oqvhmda.cx.internal.cloudapp.net/10.1.1.103)d72051fe-3aaa-4ca0-b891-e1cdc202e4f4(fv-az203-757.ild0l4k5vsluppoevu2oqvhmda.cx.internal.cloudapp.net/10.1.1.103), ReplicationConfig: RATIS/THREE, State:OPEN, leaderId:710767cc-7b4a-4f75-833c-d89a4e7b1741, CreationTimestamp2023-01-16T14:42:33.046Z[Etc/UTC]] moved to CLOSED state
2023-01-16 14:42:52,405 [Listener at 127.0.0.1/46467] INFO  pipeline.RatisPipelineProvider (RatisPipelineProvider.java:lambda$close$4(272)) - Send pipeline:PipelineID=174bef65-c465-45c3-8a83-5e653170d9e0 close command to datanode 442ec2d2-8762-4ddc-9d9e-f72be6bfd603
2023-01-16 14:42:52,405 [Listener at 127.0.0.1/46467] INFO  pipeline.RatisPipelineProvider (RatisPipelineProvider.java:lambda$close$4(272)) - Send pipeline:PipelineID=174bef65-c465-45c3-8a83-5e653170d9e0 close command to datanode 710767cc-7b4a-4f75-833c-d89a4e7b1741
2023-01-16 14:42:52,406 [Listener at 127.0.0.1/46467] INFO  pipeline.RatisPipelineProvider (RatisPipelineProvider.java:lambda$close$4(272)) - Send pipeline:PipelineID=174bef65-c465-45c3-8a83-5e653170d9e0 close command to datanode d72051fe-3aaa-4ca0-b891-e1cdc202e4f4
2023-01-16 14:42:52,406 [Listener at 127.0.0.1/46467] INFO  pipeline.PipelineStateManagerImpl (PipelineStateManagerImpl.java:removePipeline(245)) - Pipeline Pipeline[ Id: 174bef65-c465-45c3-8a83-5e653170d9e0, Nodes: 442ec2d2-8762-4ddc-9d9e-f72be6bfd603(fv-az203-757.ild0l4k5vsluppoevu2oqvhmda.cx.internal.cloudapp.net/10.1.1.103)710767cc-7b4a-4f75-833c-d89a4e7b1741(fv-az203-757.ild0l4k5vsluppoevu2oqvhmda.cx.internal.cloudapp.net/10.1.1.103)d72051fe-3aaa-4ca0-b891-e1cdc202e4f4(fv-az203-757.ild0l4k5vsluppoevu2oqvhmda.cx.internal.cloudapp.net/10.1.1.103), ReplicationConfig: RATIS/THREE, State:CLOSED, leaderId:710767cc-7b4a-4f75-833c-d89a4e7b1741, CreationTimestamp2023-01-16T14:42:33.046Z[Etc/UTC]] removed.
2023-01-16 14:42:52,407 [Listener at 127.0.0.1/46467] INFO  ozone.MiniOzoneClusterImpl (MiniOzoneClusterImpl.java:shutdown(450)) - Shutting down the Mini Ozone Cluster
2023-01-16 14:42:52,407 [Listener at 127.0.0.1/46467] INFO  ozone.MiniOzoneClusterImpl (MiniOzoneClusterImpl.java:stop(465)) - Stopping the Mini Ozone Cluster
2023-01-16 14:42:52,407 [Listener at 127.0.0.1/46467] INFO  ozone.MiniOzoneClusterImpl (MiniOzoneClusterImpl.java:stopOM(547)) - Stopping the OzoneManager
2023-01-16 14:42:52,407 [Listener at 127.0.0.1/46467] INFO  om.OzoneManager (OzoneManager.java:stop(2043)) - om1[localhost:0]: Stopping Ozone Manager
2023-01-16 14:42:52,407 [Listener at 127.0.0.1/46467] INFO  ipc.Server (Server.java:stop(3428)) - Stopping server on 46467
2023-01-16 14:42:52,414 [org.apache.hadoop.util.JvmPauseMonitor$Monitor@533cc07f] INFO  util.JvmPauseMonitor (JvmPauseMonitor.java:run(188)) - Starting JVM pause monitor
2023-01-16 14:42:52,414 [IPC Server listener on 0] INFO  ipc.Server (Server.java:run(1384)) - Stopping IPC Server listener on 0
2023-01-16 14:42:52,415 [Listener at 127.0.0.1/46467] INFO  server.RaftServer (RaftServerProxy.java:lambda$close$6(409)) - om1: close
2023-01-16 14:42:52,415 [Listener at 127.0.0.1/46467] INFO  server.GrpcService (GrpcService.java:closeImpl(271)) - om1: shutdown server GrpcServerProtocolService now
2023-01-16 14:42:52,415 [om1-impl-thread1] INFO  server.RaftServer$Division (RaftServerImpl.java:lambda$close$4(458)) - om1@group-C5BA1605619E: shutdown
2023-01-16 14:42:52,415 [IPC Server Responder] INFO  ipc.Server (Server.java:run(1517)) - Stopping IPC Server Responder
2023-01-16 14:42:52,415 [om1-impl-thread1] INFO  util.JmxRegister (JmxRegister.java:unregister(73)) - Successfully un-registered JMX Bean with object name Ratis:service=RaftServer,group=group-C5BA1605619E,id=om1
2023-01-16 14:42:52,415 [om1-impl-thread1] INFO  impl.RoleInfo (RoleInfo.java:shutdownLeaderState(93)) - om1: shutdown om1@group-C5BA1605619E-LeaderStateImpl
2023-01-16 14:42:52,415 [om1-impl-thread1] INFO  impl.PendingRequests (PendingRequests.java:sendNotLeaderResponses(282)) - om1@group-C5BA1605619E-PendingRequests: sendNotLeaderResponses
2023-01-16 14:42:52,416 [om1-impl-thread1] INFO  impl.StateMachineUpdater (StateMachineUpdater.java:stopAndJoin(153)) - om1@group-C5BA1605619E-StateMachineUpdater: set stopIndex = 0
2023-01-16 14:42:52,416 [om1@group-C5BA1605619E-StateMachineUpdater] INFO  ratis.OzoneManagerStateMachine (OzoneManagerStateMachine.java:takeSnapshot(445)) - Current Snapshot Index (t:1, i:0)
2023-01-16 14:42:52,417 [om1@group-C5BA1605619E-StateMachineUpdater] INFO  impl.StateMachineUpdater (StateMachineUpdater.java:takeSnapshot(287)) - om1@group-C5BA1605619E-StateMachineUpdater: Took a snapshot at index 0
2023-01-16 14:42:52,417 [om1@group-C5BA1605619E-StateMachineUpdater] INFO  impl.StateMachineUpdater (StateMachineUpdater.java:lambda$new$0(92)) - om1@group-C5BA1605619E-StateMachineUpdater: snapshotIndex: updateIncreasingly -1 -> 0
2023-01-16 14:42:52,417 [om1@group-C5BA1605619E-StateMachineUpdater] INFO  ratis.OzoneManagerStateMachine (OzoneManagerStateMachine.java:close(499)) - StateMachine has shutdown. Shutdown OzoneManager if not already shutdown.
2023-01-16 14:42:52,417 [om1@group-C5BA1605619E-StateMachineUpdater] INFO  ratis.OzoneManagerDoubleBuffer (OzoneManagerDoubleBuffer.java:stop(467)) - Stopping OMDoubleBuffer flush thread
2023-01-16 14:42:52,417 [OMDoubleBufferFlushThread] INFO  ratis.OzoneManagerDoubleBuffer (OzoneManagerDoubleBuffer.java:flushTransactions(388)) - OMDoubleBuffer flush thread OMDoubleBufferFlushThread is interrupted and will exit.
2023-01-16 14:42:52,417 [Listener at 127.0.0.1/46467] INFO  server.GrpcService (GrpcService.java:closeImpl(280)) - om1: shutdown server GrpcServerProtocolService successfully
2023-01-16 14:42:52,417 [om1-impl-thread1] INFO  server.RaftServer$Division (ServerState.java:close(466)) - om1@group-C5BA1605619E: closes. applyIndex: 0
2023-01-16 14:42:52,418 [om1@group-C5BA1605619E-SegmentedRaftLogWorker] INFO  segmented.SegmentedRaftLogWorker (SegmentedRaftLogWorker.java:run(347)) - om1@group-C5BA1605619E-SegmentedRaftLogWorker was interrupted, exiting. There are 0 tasks remaining in the queue.
2023-01-16 14:42:52,418 [om1-NettyServerStreamRpc-bossGroup--thread1] INFO  logging.LoggingHandler (AbstractInternalLogger.java:log(148)) - [id: 0x05c3ea80, L:/0:0:0:0:0:0:0:0:41997] CLOSE
2023-01-16 14:42:52,418 [om1-NettyServerStreamRpc-bossGroup--thread1] INFO  logging.LoggingHandler (AbstractInternalLogger.java:log(148)) - [id: 0x05c3ea80, L:/0:0:0:0:0:0:0:0:41997] INACTIVE
2023-01-16 14:42:52,418 [om1-NettyServerStreamRpc-bossGroup--thread1] INFO  logging.LoggingHandler (AbstractInternalLogger.java:log(148)) - [id: 0x05c3ea80, L:/0:0:0:0:0:0:0:0:41997] UNREGISTERED
2023-01-16 14:42:52,420 [Datanode State Machine Task Thread - 0] INFO  datanode.InitDatanodeState (InitDatanodeState.java:persistContainerDatanodeDetails(138)) - DatanodeDetails is persisted to /home/runner/work/ozone/ozone/hadoop-ozone/integration-test/target/test-dir/MiniOzoneClusterImpl-c46fa063-69c7-4818-82ed-7a4432d72042/datanode-2/meta/datanode.id
2023-01-16 14:42:52,428 [om1-impl-thread1] INFO  segmented.SegmentedRaftLogWorker (SegmentedRaftLogWorker.java:close(257)) - om1@group-C5BA1605619E-SegmentedRaftLogWorker close()
2023-01-16 14:42:52,435 [JvmPauseMonitor7] INFO  util.JvmPauseMonitor (JvmPauseMonitor.java:run(111)) - JvmPauseMonitor-om1: Stopped
2023-01-16 14:42:52,435 [Listener at 127.0.0.1/46467] INFO  ratis.OzoneManagerStateMachine (OzoneManagerStateMachine.java:close(499)) - StateMachine has shutdown. Shutdown OzoneManager if not already shutdown.
2023-01-16 14:42:52,435 [Listener at 127.0.0.1/46467] INFO  ratis.OzoneManagerDoubleBuffer (OzoneManagerDoubleBuffer.java:stop(479)) - OMDoubleBuffer flush thread is not running.
2023-01-16 14:42:52,435 [Listener at 127.0.0.1/46467] INFO  utils.BackgroundService (BackgroundService.java:shutdown(141)) - Shutting down service KeyDeletingService
2023-01-16 14:42:52,435 [Listener at 127.0.0.1/46467] INFO  utils.BackgroundService (BackgroundService.java:shutdown(141)) - Shutting down service DirectoryDeletingService
2023-01-16 14:42:52,436 [Listener at 127.0.0.1/46467] INFO  utils.BackgroundService (BackgroundService.java:shutdown(141)) - Shutting down service OpenKeyCleanupService
2023-01-16 14:42:52,436 [Listener at 127.0.0.1/46467] INFO  handler.ContextHandler (ContextHandler.java:doStop(1159)) - Stopped o.e.j.w.WebAppContext@fd01951{ozoneManager,/,null,STOPPED}{file:/home/runner/work/ozone/ozone/hadoop-ozone/integration-test/target/test-classes/webapps/ozoneManager}
2023-01-16 14:42:52,437 [Listener at 127.0.0.1/46467] INFO  server.AbstractConnector (AbstractConnector.java:doStop(383)) - Stopped ServerConnector@1eb84ea6{HTTP/1.1, (http/1.1)}{0.0.0.0:0}
2023-01-16 14:42:52,438 [Listener at 127.0.0.1/46467] INFO  server.session (HouseKeeper.java:stopScavenging(149)) - node0 Stopped scavenging
2023-01-16 14:42:52,438 [Listener at 127.0.0.1/46467] INFO  handler.ContextHandler (ContextHandler.java:doStop(1159)) - Stopped o.e.j.s.ServletContextHandler@144a3109{static,/static,file:///home/runner/work/ozone/ozone/hadoop-ozone/integration-test/target/test-classes/webapps/static,STOPPED}
2023-01-16 14:42:52,438 [Listener at 127.0.0.1/46467] INFO  handler.ContextHandler (ContextHandler.java:doStop(1159)) - Stopped o.e.j.s.ServletContextHandler@4ad8bc3{logs,/logs,file:///home/runner/work/ozone/ozone/hadoop-ozone/integration-test/target/log,STOPPED}
2023-01-16 14:42:52,442 [Listener at 127.0.0.1/46467] INFO  ozone.MiniOzoneClusterImpl (MiniOzoneClusterImpl.java:stopDatanodes(524)) - Stopping the HddsDatanodes
2023-01-16 14:42:52,445 [ForkJoinPool.commonPool-worker-0] INFO  ozoneimpl.OzoneContainer (OzoneContainer.java:stop(417)) - Attempting to stop container services.
2023-01-16 14:42:52,447 [Listener at 127.0.0.1/46467] INFO  ozoneimpl.OzoneContainer (OzoneContainer.java:stop(417)) - Attempting to stop container services.
2023-01-16 14:42:52,448 [ForkJoinPool.commonPool-worker-0] INFO  volume.HddsVolume (HddsVolume.java:closeDbStore(338)) - SchemaV3 db is stopped at /home/runner/work/ozone/ozone/hadoop-ozone/integration-test/target/test-dir/MiniOzoneClusterImpl-c46fa063-69c7-4818-82ed-7a4432d72042/datanode-0/data-0/containers/hdds/c46fa063-69c7-4818-82ed-7a4432d72042/DS-2e3687ec-d54c-402b-a602-9cb61db6d865/container.db for volume DS-2e3687ec-d54c-402b-a602-9cb61db6d865
2023-01-16 14:42:52,449 [ForkJoinPool.commonPool-worker-0] INFO  utils.BackgroundService (BackgroundService.java:shutdown(141)) - Shutting down service BlockDeletingService
2023-01-16 14:42:52,449 [ForkJoinPool.commonPool-worker-0] INFO  utils.BackgroundService (BackgroundService.java:shutdown(141)) - Shutting down service StaleRecoveringContainerScrubbingService
2023-01-16 14:42:52,450 [Listener at 127.0.0.1/46467] INFO  volume.HddsVolume (HddsVolume.java:closeDbStore(338)) - SchemaV3 db is stopped at /home/runner/work/ozone/ozone/hadoop-ozone/integration-test/target/test-dir/MiniOzoneClusterImpl-c46fa063-69c7-4818-82ed-7a4432d72042/datanode-1/data-0/containers/hdds/c46fa063-69c7-4818-82ed-7a4432d72042/DS-397ed784-4a0d-4a2c-bed0-cff05ad5ee39/container.db for volume DS-397ed784-4a0d-4a2c-bed0-cff05ad5ee39
2023-01-16 14:42:52,452 [ForkJoinPool.commonPool-worker-0] INFO  statemachine.DatanodeStateMachine (DatanodeStateMachine.java:stopDaemon(596)) - Ozone container server stopped.
2023-01-16 14:42:52,452 [Listener at 127.0.0.1/46467] INFO  utils.BackgroundService (BackgroundService.java:shutdown(141)) - Shutting down service BlockDeletingService
2023-01-16 14:42:52,453 [Listener at 127.0.0.1/46467] INFO  utils.BackgroundService (BackgroundService.java:shutdown(141)) - Shutting down service StaleRecoveringContainerScrubbingService
2023-01-16 14:42:52,454 [Listener at 127.0.0.1/46467] INFO  statemachine.DatanodeStateMachine (DatanodeStateMachine.java:stopDaemon(596)) - Ozone container server stopped.
2023-01-16 14:42:52,462 [Listener at 127.0.0.1/46467] INFO  handler.ContextHandler (ContextHandler.java:doStop(1159)) - Stopped o.e.j.w.WebAppContext@5140628b{hddsDatanode,/,null,STOPPED}{jar:file:/home/runner/.m2/repository/org/apache/ozone/hdds-container-service/1.4.0-SNAPSHOT/hdds-container-service-1.4.0-SNAPSHOT.jar!/webapps/hddsDatanode}
2023-01-16 14:42:52,468 [ForkJoinPool.commonPool-worker-0] INFO  handler.ContextHandler (ContextHandler.java:doStop(1159)) - Stopped o.e.j.w.WebAppContext@35d8a515{hddsDatanode,/,null,STOPPED}{jar:file:/home/runner/.m2/repository/org/apache/ozone/hdds-container-service/1.4.0-SNAPSHOT/hdds-container-service-1.4.0-SNAPSHOT.jar!/webapps/hddsDatanode}
2023-01-16 14:42:52,468 [Listener at 127.0.0.1/46467] INFO  server.AbstractConnector (AbstractConnector.java:doStop(383)) - Stopped ServerConnector@2e9afb2a{HTTP/1.1, (http/1.1)}{0.0.0.0:42611}
2023-01-16 14:42:52,469 [Listener at 127.0.0.1/46467] INFO  server.session (HouseKeeper.java:stopScavenging(149)) - node0 Stopped scavenging
2023-01-16 14:42:52,469 [ForkJoinPool.commonPool-worker-0] INFO  server.AbstractConnector (AbstractConnector.java:doStop(383)) - Stopped ServerConnector@7dddd011{HTTP/1.1, (http/1.1)}{0.0.0.0:34673}
2023-01-16 14:42:52,469 [ForkJoinPool.commonPool-worker-0] INFO  server.session (HouseKeeper.java:stopScavenging(149)) - node0 Stopped scavenging
2023-01-16 14:42:52,469 [Listener at 127.0.0.1/46467] INFO  handler.ContextHandler (ContextHandler.java:doStop(1159)) - Stopped o.e.j.s.ServletContextHandler@ef77a7b{static,/static,jar:file:/home/runner/.m2/repository/org/apache/ozone/hdds-container-service/1.4.0-SNAPSHOT/hdds-container-service-1.4.0-SNAPSHOT.jar!/webapps/static,STOPPED}
2023-01-16 14:42:52,470 [Listener at 127.0.0.1/46467] INFO  handler.ContextHandler (ContextHandler.java:doStop(1159)) - Stopped o.e.j.s.ServletContextHandler@cdbfd3a{logs,/logs,file:///home/runner/work/ozone/ozone/hadoop-ozone/integration-test/target/log,STOPPED}
2023-01-16 14:42:52,471 [ForkJoinPool.commonPool-worker-0] INFO  handler.ContextHandler (ContextHandler.java:doStop(1159)) - Stopped o.e.j.s.ServletContextHandler@441c9818{static,/static,jar:file:/home/runner/.m2/repository/org/apache/ozone/hdds-container-service/1.4.0-SNAPSHOT/hdds-container-service-1.4.0-SNAPSHOT.jar!/webapps/static,STOPPED}
2023-01-16 14:42:52,471 [ForkJoinPool.commonPool-worker-0] INFO  handler.ContextHandler (ContextHandler.java:doStop(1159)) - Stopped o.e.j.s.ServletContextHandler@7ffcb0a0{logs,/logs,file:///home/runner/work/ozone/ozone/hadoop-ozone/integration-test/target/log,STOPPED}
2023-01-16 14:42:52,474 [ForkJoinPool.commonPool-worker-0] INFO  ozoneimpl.OzoneContainer (OzoneContainer.java:stop(417)) - Attempting to stop container services.
2023-01-16 14:42:52,476 [ForkJoinPool.commonPool-worker-0] INFO  volume.HddsVolume (HddsVolume.java:closeDbStore(338)) - SchemaV3 db is stopped at /home/runner/work/ozone/ozone/hadoop-ozone/integration-test/target/test-dir/MiniOzoneClusterImpl-c46fa063-69c7-4818-82ed-7a4432d72042/datanode-2/data-0/containers/hdds/c46fa063-69c7-4818-82ed-7a4432d72042/DS-e7c68cd2-b82d-471a-b4eb-e1587870522c/container.db for volume DS-e7c68cd2-b82d-471a-b4eb-e1587870522c
2023-01-16 14:42:52,476 [ForkJoinPool.commonPool-worker-0] INFO  utils.BackgroundService (BackgroundService.java:shutdown(141)) - Shutting down service BlockDeletingService
2023-01-16 14:42:52,477 [ForkJoinPool.commonPool-worker-0] INFO  utils.BackgroundService (BackgroundService.java:shutdown(141)) - Shutting down service StaleRecoveringContainerScrubbingService
2023-01-16 14:42:52,478 [ForkJoinPool.commonPool-worker-0] INFO  statemachine.DatanodeStateMachine (DatanodeStateMachine.java:stopDaemon(596)) - Ozone container server stopped.
2023-01-16 14:42:52,485 [ForkJoinPool.commonPool-worker-0] INFO  handler.ContextHandler (ContextHandler.java:doStop(1159)) - Stopped o.e.j.w.WebAppContext@5ef293a6{hddsDatanode,/,null,STOPPED}{jar:file:/home/runner/.m2/repository/org/apache/ozone/hdds-container-service/1.4.0-SNAPSHOT/hdds-container-service-1.4.0-SNAPSHOT.jar!/webapps/hddsDatanode}
2023-01-16 14:42:52,486 [ForkJoinPool.commonPool-worker-0] INFO  server.AbstractConnector (AbstractConnector.java:doStop(383)) - Stopped ServerConnector@4aefbf50{HTTP/1.1, (http/1.1)}{0.0.0.0:45561}
2023-01-16 14:42:52,486 [ForkJoinPool.commonPool-worker-0] INFO  server.session (HouseKeeper.java:stopScavenging(149)) - node0 Stopped scavenging
2023-01-16 14:42:52,486 [ForkJoinPool.commonPool-worker-0] INFO  handler.ContextHandler (ContextHandler.java:doStop(1159)) - Stopped o.e.j.s.ServletContextHandler@457e29ca{static,/static,jar:file:/home/runner/.m2/repository/org/apache/ozone/hdds-container-service/1.4.0-SNAPSHOT/hdds-container-service-1.4.0-SNAPSHOT.jar!/webapps/static,STOPPED}
2023-01-16 14:42:52,487 [ForkJoinPool.commonPool-worker-0] INFO  handler.ContextHandler (ContextHandler.java:doStop(1159)) - Stopped o.e.j.s.ServletContextHandler@f95d318{logs,/logs,file:///home/runner/work/ozone/ozone/hadoop-ozone/integration-test/target/log,STOPPED}
2023-01-16 14:42:52,488 [Listener at 127.0.0.1/46467] INFO  ozone.MiniOzoneClusterImpl (MiniOzoneClusterImpl.java:stopSCM(539)) - Stopping the StorageContainerManager
2023-01-16 14:42:52,488 [Listener at 127.0.0.1/46467] INFO  server.StorageContainerManager (StorageContainerManager.java:stop(1521)) - Container Balancer is not running.
2023-01-16 14:42:52,488 [Listener at 127.0.0.1/46467] INFO  server.StorageContainerManager (StorageContainerManager.java:stop(1528)) - Stopping Replication Manager Service.
2023-01-16 14:42:52,488 [Listener at 127.0.0.1/46467] INFO  replication.ReplicationManager (ReplicationManager.java:stop(296)) - Stopping Replication Monitor Thread.
2023-01-16 14:42:52,488 [Under Replicated Processor] WARN  replication.UnhealthyReplicationProcessor (UnhealthyReplicationProcessor.java:run(141)) - Under Replicated Processor interrupted. Exiting...
2023-01-16 14:42:52,488 [Listener at 127.0.0.1/46467] INFO  server.StorageContainerManager (StorageContainerManager.java:stop(1535)) - Stopping the Datanode Admin Monitor.
2023-01-16 14:42:52,489 [Over Replicated Processor] WARN  replication.UnhealthyReplicationProcessor (UnhealthyReplicationProcessor.java:run(141)) - Over Replicated Processor interrupted. Exiting...
2023-01-16 14:42:52,492 [Listener at 127.0.0.1/46467] INFO  server.StorageContainerManager (StorageContainerManager.java:stop(1542)) - Stopping datanode service RPC server
2023-01-16 14:42:52,492 [Listener at 127.0.0.1/46467] INFO  server.SCMDatanodeProtocolServer (SCMDatanodeProtocolServer.java:stop(441)) - Stopping the RPC server for DataNodes
2023-01-16 14:42:52,492 [Listener at 127.0.0.1/46467] INFO  ipc.Server (Server.java:stop(3428)) - Stopping server on 45035
2023-01-16 14:42:52,489 [ReplicationMonitor] INFO  replication.ReplicationManager (ReplicationManager.java:run(667)) - Replication Monitor Thread is stopped
2023-01-16 14:42:52,494 [IPC Server listener on 0] INFO  ipc.Server (Server.java:run(1384)) - Stopping IPC Server listener on 0
2023-01-16 14:42:52,495 [IPC Server Responder] INFO  ipc.Server (Server.java:run(1517)) - Stopping IPC Server Responder
2023-01-16 14:42:53,331 [SCM Heartbeat Processing Thread - 0] WARN  node.NodeStateManager (NodeStateManager.java:scheduleNextHealthCheck(870)) - Current Thread is interrupted, shutting down HB processing thread for Node Manager.
2023-01-16 14:42:53,331 [Listener at 127.0.0.1/46467] INFO  server.StorageContainerManager (StorageContainerManager.java:stop(1550)) - Stopping block service RPC server
2023-01-16 14:42:53,332 [Listener at 127.0.0.1/46467] INFO  server.SCMBlockProtocolServer (SCMBlockProtocolServer.java:stop(161)) - Stopping the RPC server for Block Protocol
2023-01-16 14:42:53,332 [Listener at 127.0.0.1/46467] INFO  ipc.Server (Server.java:stop(3428)) - Stopping server on 39633
2023-01-16 14:42:53,333 [IPC Server listener on 0] INFO  ipc.Server (Server.java:run(1384)) - Stopping IPC Server listener on 0
2023-01-16 14:42:53,335 [IPC Server Responder] INFO  ipc.Server (Server.java:run(1517)) - Stopping IPC Server Responder
2023-01-16 14:42:53,335 [Listener at 127.0.0.1/46467] INFO  server.StorageContainerManager (StorageContainerManager.java:stop(1557)) - Stopping the StorageContainerLocationProtocol RPC server
2023-01-16 14:42:53,335 [Listener at 127.0.0.1/46467] INFO  server.SCMClientProtocolServer (SCMClientProtocolServer.java:stop(179)) - Stopping the RPC server for Client Protocol
2023-01-16 14:42:53,335 [Listener at 127.0.0.1/46467] INFO  ipc.Server (Server.java:stop(3428)) - Stopping server on 43353
2023-01-16 14:42:53,338 [IPC Server listener on 0] INFO  ipc.Server (Server.java:run(1384)) - Stopping IPC Server listener on 0
2023-01-16 14:42:53,338 [Listener at 127.0.0.1/46467] INFO  server.StorageContainerManager (StorageContainerManager.java:stop(1564)) - Stopping Storage Container Manager HTTP server.
2023-01-16 14:42:53,338 [IPC Server Responder] INFO  ipc.Server (Server.java:run(1517)) - Stopping IPC Server Responder
2023-01-16 14:42:53,340 [Listener at 127.0.0.1/46467] INFO  handler.ContextHandler (ContextHandler.java:doStop(1159)) - Stopped o.e.j.w.WebAppContext@62754600{scm,/,null,STOPPED}{file:/home/runner/work/ozone/ozone/hadoop-ozone/integration-test/target/test-classes/webapps/scm}
2023-01-16 14:42:53,341 [Listener at 127.0.0.1/46467] INFO  server.AbstractConnector (AbstractConnector.java:doStop(383)) - Stopped ServerConnector@142e0283{HTTP/1.1, (http/1.1)}{0.0.0.0:0}
2023-01-16 14:42:53,341 [Listener at 127.0.0.1/46467] INFO  server.session (HouseKeeper.java:stopScavenging(149)) - node0 Stopped scavenging
2023-01-16 14:42:53,341 [Listener at 127.0.0.1/46467] INFO  handler.ContextHandler (ContextHandler.java:doStop(1159)) - Stopped o.e.j.s.ServletContextHandler@1cad68ca{static,/static,file:///home/runner/work/ozone/ozone/hadoop-ozone/integration-test/target/test-classes/webapps/static,STOPPED}
2023-01-16 14:42:53,343 [Listener at 127.0.0.1/46467] INFO  handler.ContextHandler (ContextHandler.java:doStop(1159)) - Stopped o.e.j.s.ServletContextHandler@6c138e{logs,/logs,file:///home/runner/work/ozone/ozone/hadoop-ozone/integration-test/target/log,STOPPED}
2023-01-16 14:42:53,344 [Listener at 127.0.0.1/46467] INFO  server.StorageContainerManager (StorageContainerManager.java:stop(1570)) - Stopping SCM LayoutVersionManager Service.
2023-01-16 14:42:53,344 [Listener at 127.0.0.1/46467] INFO  server.StorageContainerManager (StorageContainerManager.java:stop(1578)) - Stopping Block Manager Service.
2023-01-16 14:42:53,344 [Listener at 127.0.0.1/46467] INFO  utils.BackgroundService (BackgroundService.java:shutdown(141)) - Shutting down service SCMBlockDeletingService
2023-01-16 14:42:53,344 [Listener at 127.0.0.1/46467] INFO  utils.BackgroundService (BackgroundService.java:shutdown(141)) - Shutting down service SCMBlockDeletingService
2023-01-16 14:42:53,347 [Listener at 127.0.0.1/46467] INFO  server.StorageContainerManager (StorageContainerManager.java:stop(1600)) - Stopping SCM Event Queue.
2023-01-16 14:42:53,348 [Listener at 127.0.0.1/46467] INFO  server.StorageContainerManager (StorageContainerManager.java:stop(1611)) - Stopping SCM HA services.
2023-01-16 14:42:53,348 [Listener at 127.0.0.1/46467] INFO  pipeline.BackgroundPipelineCreator (BackgroundPipelineCreator.java:stop(149)) - Stopping RatisPipelineUtilsThread.
2023-01-16 14:42:53,348 [RatisPipelineUtilsThread - 0] WARN  pipeline.BackgroundPipelineCreator (BackgroundPipelineCreator.java:run(180)) - RatisPipelineUtilsThread is interrupted.
2023-01-16 14:42:53,349 [Listener at 127.0.0.1/46467] INFO  BackgroundPipelineScrubber (BackgroundSCMService.java:stop(131)) - Stopping BackgroundPipelineScrubber Service.
2023-01-16 14:42:53,349 [BackgroundPipelineScrubberThread] WARN  BackgroundPipelineScrubber (BackgroundSCMService.java:run(115)) - BackgroundPipelineScrubber is interrupted, exit
2023-01-16 14:42:53,349 [Listener at 127.0.0.1/46467] INFO  impl.MetricsSystemImpl (MetricsSystemImpl.java:stop(210)) - Stopping HddsDatanode metrics system...
2023-01-16 14:42:53,354 [prometheus] INFO  impl.MetricsSinkAdapter (MetricsSinkAdapter.java:publishMetricsFromQueue(141)) - prometheus thread interrupted.
2023-01-16 14:42:53,355 [Listener at 127.0.0.1/46467] INFO  impl.MetricsSystemImpl (MetricsSystemImpl.java:stop(216)) - HddsDatanode metrics system stopped.
2023-01-16 14:42:53,355 [Listener at 127.0.0.1/46467] WARN  pipeline.BackgroundPipelineCreator (BackgroundPipelineCreator.java:stop(145)) - RatisPipelineUtilsThread is not running, just ignore.
2023-01-16 14:42:53,355 [Listener at 127.0.0.1/46467] INFO  BackgroundPipelineScrubber (BackgroundSCMService.java:stop(126)) - BackgroundPipelineScrubber Service is not running, skip stop.
2023-01-16 14:42:53,355 [Listener at 127.0.0.1/46467] INFO  ExpiredContainerReplicaOpScrubber (BackgroundSCMService.java:stop(131)) - Stopping ExpiredContainerReplicaOpScrubber Service.
2023-01-16 14:42:53,355 [Listener at 127.0.0.1/46467] INFO  utils.BackgroundService (BackgroundService.java:shutdown(141)) - Shutting down service SCMBlockDeletingService
2023-01-16 14:42:53,355 [Listener at 127.0.0.1/46467] INFO  replication.ReplicationManager (ReplicationManager.java:stop(304)) - Replication Monitor Thread is not running.
2023-01-16 14:42:53,355 [Listener at 127.0.0.1/46467] WARN  balancer.ContainerBalancer (ContainerBalancer.java:stop(322)) - Cannot stop Container Balancer because it's not running or stopping
2023-01-16 14:42:53,356 [Listener at 127.0.0.1/46467] INFO  server.StorageContainerManager (StorageContainerManager.java:stop(1629)) - Stopping SCM MetadataStore.
2023-01-16 14:42:53,356 [ExpiredContainerReplicaOpScrubberThread] WARN  ExpiredContainerReplicaOpScrubber (BackgroundSCMService.java:run(115)) - ExpiredContainerReplicaOpScrubber is interrupted, exit
]]></system-out>
  </testcase>
  <testcase name="testAutomaticPipelineCreationDisablingFactorONE" classname="org.apache.hadoop.hdds.scm.pipeline.TestRatisPipelineCreateAndDestroy" time="85.217">
    <error type="java.util.concurrent.TimeoutException"><![CDATA[java.util.concurrent.TimeoutException: 
Timed out waiting for condition. Thread diagnostics:
Timestamp: 2023-01-16 02:44:12,161

"qtp1068912229-1427" daemon prio=5 tid=1427 runnable
java.lang.Thread.State: RUNNABLE
        at sun.nio.ch.EPollArrayWrapper.epollWait(Native Method)
        at sun.nio.ch.EPollArrayWrapper.poll(EPollArrayWrapper.java:269)
        at sun.nio.ch.EPollSelectorImpl.doSelect(EPollSelectorImpl.java:93)
        at sun.nio.ch.SelectorImpl.lockAndDoSelect(SelectorImpl.java:86)
        at sun.nio.ch.SelectorImpl.select(SelectorImpl.java:97)
        at sun.nio.ch.SelectorImpl.select(SelectorImpl.java:101)
        at org.eclipse.jetty.io.ManagedSelector.nioSelect(ManagedSelector.java:183)
        at org.eclipse.jetty.io.ManagedSelector.select(ManagedSelector.java:190)
        at org.eclipse.jetty.io.ManagedSelector$SelectorProducer.select(ManagedSelector.java:606)
        at org.eclipse.jetty.io.ManagedSelector$SelectorProducer.produce(ManagedSelector.java:543)
        at org.eclipse.jetty.util.thread.strategy.EatWhatYouKill.produceTask(EatWhatYouKill.java:362)
        at org.eclipse.jetty.util.thread.strategy.EatWhatYouKill.doProduce(EatWhatYouKill.java:186)
        at org.eclipse.jetty.util.thread.strategy.EatWhatYouKill.tryProduce(EatWhatYouKill.java:173)
        at org.eclipse.jetty.util.thread.strategy.EatWhatYouKill.produce(EatWhatYouKill.java:137)
        at org.eclipse.jetty.io.ManagedSelector$$Lambda$468/1724067349.run(Unknown Source)
        at org.eclipse.jetty.util.thread.QueuedThreadPool.runJob(QueuedThreadPool.java:883)
        at org.eclipse.jetty.util.thread.QueuedThreadPool$Runner.run(QueuedThreadPool.java:1034)
        at java.lang.Thread.run(Thread.java:750)
"org.apache.hadoop.ozone.container.common.statemachine.commandhandler.DeleteBlocksCommandHandler$DeleteCmdWorker@5e4eb85b" daemon prio=5 tid=1481 timed_waiting
java.lang.Thread.State: TIMED_WAITING
        at java.lang.Thread.sleep(Native Method)
        at org.apache.hadoop.ozone.container.common.statemachine.commandhandler.DeleteBlocksCommandHandler$DeleteCmdWorker.run(DeleteBlocksCommandHandler.java:184)
        at java.lang.Thread.run(Thread.java:750)
"timer0" daemon prio=5 tid=562 timed_waiting
java.lang.Thread.State: TIMED_WAITING
        at java.lang.Object.wait(Native Method)
        at java.util.TimerThread.mainLoop(Timer.java:552)
        at java.util.TimerThread.run(Timer.java:505)
"53290e67-17c3-4c90-996e-c8ad22d82667@group-014BD055F285-StateMachineUpdater" daemon prio=5 tid=1649 timed_waiting
java.lang.Thread.State: TIMED_WAITING
        at sun.misc.Unsafe.park(Native Method)
        at java.util.concurrent.locks.LockSupport.parkNanos(LockSupport.java:215)
        at java.util.concurrent.locks.AbstractQueuedSynchronizer$ConditionObject.await(AbstractQueuedSynchronizer.java:2163)
        at org.apache.ratis.util.AwaitForSignal.await(AwaitForSignal.java:62)
        at org.apache.ratis.server.impl.StateMachineUpdater.waitForCommit(StateMachineUpdater.java:207)
        at org.apache.ratis.server.impl.StateMachineUpdater.run(StateMachineUpdater.java:176)
        at java.lang.Thread.run(Thread.java:750)
"53290e67-17c3-4c90-996e-c8ad22d82667-NettyServerStreamRpc-bossGroup--thread1"  prio=5 tid=1479 runnable
java.lang.Thread.State: RUNNABLE
        at sun.nio.ch.EPollArrayWrapper.epollWait(Native Method)
        at sun.nio.ch.EPollArrayWrapper.poll(EPollArrayWrapper.java:269)
        at sun.nio.ch.EPollSelectorImpl.doSelect(EPollSelectorImpl.java:93)
        at sun.nio.ch.SelectorImpl.lockAndDoSelect(SelectorImpl.java:86)
        at sun.nio.ch.SelectorImpl.select(SelectorImpl.java:97)
        at sun.nio.ch.SelectorImpl.select(SelectorImpl.java:101)
        at org.apache.ratis.thirdparty.io.netty.channel.nio.SelectedSelectionKeySetSelector.select(SelectedSelectionKeySetSelector.java:68)
        at org.apache.ratis.thirdparty.io.netty.channel.nio.NioEventLoop.select(NioEventLoop.java:813)
        at org.apache.ratis.thirdparty.io.netty.channel.nio.NioEventLoop.run(NioEventLoop.java:460)
        at org.apache.ratis.thirdparty.io.netty.util.concurrent.SingleThreadEventExecutor$4.run(SingleThreadEventExecutor.java:995)
        at org.apache.ratis.thirdparty.io.netty.util.internal.ThreadExecutorMap$2.run(ThreadExecutorMap.java:74)
        at java.lang.Thread.run(Thread.java:750)
"qtp308043780-1401" daemon prio=5 tid=1401 timed_waiting
java.lang.Thread.State: TIMED_WAITING
        at sun.misc.Unsafe.park(Native Method)
        at java.util.concurrent.locks.LockSupport.parkNanos(LockSupport.java:215)
        at java.util.concurrent.locks.AbstractQueuedSynchronizer$ConditionObject.awaitNanos(AbstractQueuedSynchronizer.java:2078)
        at org.eclipse.jetty.util.BlockingArrayQueue.poll(BlockingArrayQueue.java:382)
        at org.eclipse.jetty.util.thread.QueuedThreadPool$Runner.idleJobPoll(QueuedThreadPool.java:974)
        at org.eclipse.jetty.util.thread.QueuedThreadPool$Runner.run(QueuedThreadPool.java:1018)
        at java.lang.Thread.run(Thread.java:750)
"EventQueue-PipelineReportForPipelineReportHandler" daemon prio=5 tid=1605 in Object.wait()
java.lang.Thread.State: WAITING (on object monitor)
        at sun.misc.Unsafe.park(Native Method)
        at java.util.concurrent.locks.LockSupport.park(LockSupport.java:175)
        at java.util.concurrent.locks.AbstractQueuedSynchronizer$ConditionObject.await(AbstractQueuedSynchronizer.java:2039)
        at java.util.concurrent.LinkedBlockingQueue.take(LinkedBlockingQueue.java:442)
        at java.util.concurrent.ThreadPoolExecutor.getTask(ThreadPoolExecutor.java:1074)
        at java.util.concurrent.ThreadPoolExecutor.runWorker(ThreadPoolExecutor.java:1134)
        at java.util.concurrent.ThreadPoolExecutor$Worker.run(ThreadPoolExecutor.java:624)
        at java.lang.Thread.run(Thread.java:750)
"5cd6f085-199f-4d86-8efd-dd16eb4c4197-server-thread1" daemon prio=5 tid=1730 timed_waiting
java.lang.Thread.State: TIMED_WAITING
        at sun.misc.Unsafe.park(Native Method)
        at java.util.concurrent.locks.LockSupport.parkNanos(LockSupport.java:215)
        at java.util.concurrent.SynchronousQueue$TransferStack.awaitFulfill(SynchronousQueue.java:460)
        at java.util.concurrent.SynchronousQueue$TransferStack.transfer(SynchronousQueue.java:362)
        at java.util.concurrent.SynchronousQueue.poll(SynchronousQueue.java:941)
        at java.util.concurrent.ThreadPoolExecutor.getTask(ThreadPoolExecutor.java:1073)
        at java.util.concurrent.ThreadPoolExecutor.runWorker(ThreadPoolExecutor.java:1134)
        at java.util.concurrent.ThreadPoolExecutor$Worker.run(ThreadPoolExecutor.java:624)
        at java.lang.Thread.run(Thread.java:750)
"ChunkWriter-1-0" daemon prio=5 tid=1556 in Object.wait()
java.lang.Thread.State: WAITING (on object monitor)
        at sun.misc.Unsafe.park(Native Method)
        at java.util.concurrent.locks.LockSupport.park(LockSupport.java:175)
        at java.util.concurrent.locks.AbstractQueuedSynchronizer$ConditionObject.await(AbstractQueuedSynchronizer.java:2039)
        at java.util.concurrent.LinkedBlockingDeque.takeFirst(LinkedBlockingDeque.java:492)
        at java.util.concurrent.LinkedBlockingDeque.take(LinkedBlockingDeque.java:680)
        at java.util.concurrent.ThreadPoolExecutor.getTask(ThreadPoolExecutor.java:1074)
        at java.util.concurrent.ThreadPoolExecutor.runWorker(ThreadPoolExecutor.java:1134)
        at java.util.concurrent.ThreadPoolExecutor$Worker.run(ThreadPoolExecutor.java:624)
        at java.lang.Thread.run(Thread.java:750)
"Datanode State Machine Task Thread - 0"  prio=5 tid=1527 in Object.wait()
java.lang.Thread.State: WAITING (on object monitor)
        at sun.misc.Unsafe.park(Native Method)
        at java.util.concurrent.locks.LockSupport.park(LockSupport.java:175)
        at java.util.concurrent.locks.AbstractQueuedSynchronizer$ConditionObject.await(AbstractQueuedSynchronizer.java:2039)
        at java.util.concurrent.LinkedBlockingQueue.take(LinkedBlockingQueue.java:442)
        at java.util.concurrent.ThreadPoolExecutor.getTask(ThreadPoolExecutor.java:1074)
        at java.util.concurrent.ThreadPoolExecutor.runWorker(ThreadPoolExecutor.java:1134)
        at java.util.concurrent.ThreadPoolExecutor$Worker.run(ThreadPoolExecutor.java:624)
        at java.lang.Thread.run(Thread.java:750)
"BackgroundPipelineScrubberThread" daemon prio=5 tid=1210 timed_waiting
java.lang.Thread.State: TIMED_WAITING
        at java.lang.Object.wait(Native Method)
        at org.apache.hadoop.hdds.scm.ha.BackgroundSCMService.run(BackgroundSCMService.java:110)
        at org.apache.hadoop.hdds.scm.ha.BackgroundSCMService$$Lambda$395/1032689422.run(Unknown Source)
        at java.lang.Thread.run(Thread.java:750)
"JvmPauseMonitor17" daemon prio=5 tid=1595 timed_waiting
java.lang.Thread.State: TIMED_WAITING
        at java.lang.Thread.sleep(Native Method)
        at java.lang.Thread.sleep(Thread.java:342)
        at java.util.concurrent.TimeUnit.sleep(TimeUnit.java:386)
        at org.apache.ratis.util.TimeDuration.sleep(TimeDuration.java:325)
        at org.apache.ratis.util.TimeDuration.sleep(TimeDuration.java:310)
        at org.apache.ratis.util.JvmPauseMonitor.detectPause(JvmPauseMonitor.java:119)
        at org.apache.ratis.util.JvmPauseMonitor.run(JvmPauseMonitor.java:108)
        at org.apache.ratis.util.JvmPauseMonitor$$Lambda$749/1980351936.run(Unknown Source)
        at java.lang.Thread.run(Thread.java:750)
"qtp1068912229-1434" daemon prio=5 tid=1434 timed_waiting
java.lang.Thread.State: TIMED_WAITING
        at sun.misc.Unsafe.park(Native Method)
        at java.util.concurrent.locks.LockSupport.parkNanos(LockSupport.java:215)
        at java.util.concurrent.locks.AbstractQueuedSynchronizer$ConditionObject.awaitNanos(AbstractQueuedSynchronizer.java:2078)
        at org.eclipse.jetty.util.BlockingArrayQueue.poll(BlockingArrayQueue.java:382)
        at org.eclipse.jetty.util.thread.QueuedThreadPool$Runner.idleJobPoll(QueuedThreadPool.java:974)
        at org.eclipse.jetty.util.thread.QueuedThreadPool$Runner.run(QueuedThreadPool.java:1018)
        at java.lang.Thread.run(Thread.java:750)
"BlockDeletingService#2" daemon prio=5 tid=1746 in Object.wait()
java.lang.Thread.State: WAITING (on object monitor)
        at sun.misc.Unsafe.park(Native Method)
        at java.util.concurrent.locks.LockSupport.park(LockSupport.java:175)
        at java.util.concurrent.locks.AbstractQueuedSynchronizer$ConditionObject.await(AbstractQueuedSynchronizer.java:2039)
        at java.util.concurrent.ScheduledThreadPoolExecutor$DelayedWorkQueue.take(ScheduledThreadPoolExecutor.java:1088)
        at java.util.concurrent.ScheduledThreadPoolExecutor$DelayedWorkQueue.take(ScheduledThreadPoolExecutor.java:809)
        at java.util.concurrent.ThreadPoolExecutor.getTask(ThreadPoolExecutor.java:1074)
        at java.util.concurrent.ThreadPoolExecutor.runWorker(ThreadPoolExecutor.java:1134)
        at java.util.concurrent.ThreadPoolExecutor$Worker.run(ThreadPoolExecutor.java:624)
        at java.lang.Thread.run(Thread.java:750)
"Datanode ReportManager Thread - 4" daemon prio=5 tid=1441 timed_waiting
java.lang.Thread.State: TIMED_WAITING
        at sun.misc.Unsafe.park(Native Method)
        at java.util.concurrent.locks.LockSupport.parkNanos(LockSupport.java:215)
        at java.util.concurrent.locks.AbstractQueuedSynchronizer$ConditionObject.awaitNanos(AbstractQueuedSynchronizer.java:2078)
        at java.util.concurrent.ScheduledThreadPoolExecutor$DelayedWorkQueue.take(ScheduledThreadPoolExecutor.java:1093)
        at java.util.concurrent.ScheduledThreadPoolExecutor$DelayedWorkQueue.take(ScheduledThreadPoolExecutor.java:809)
        at java.util.concurrent.ThreadPoolExecutor.getTask(ThreadPoolExecutor.java:1074)
        at java.util.concurrent.ThreadPoolExecutor.runWorker(ThreadPoolExecutor.java:1134)
        at java.util.concurrent.ThreadPoolExecutor$Worker.run(ThreadPoolExecutor.java:624)
        at java.lang.Thread.run(Thread.java:750)
"Datanode ReportManager Thread - 1" daemon prio=5 tid=1411 in Object.wait()
java.lang.Thread.State: WAITING (on object monitor)
        at sun.misc.Unsafe.park(Native Method)
        at java.util.concurrent.locks.LockSupport.park(LockSupport.java:175)
        at java.util.concurrent.locks.AbstractQueuedSynchronizer$ConditionObject.await(AbstractQueuedSynchronizer.java:2039)
        at java.util.concurrent.ScheduledThreadPoolExecutor$DelayedWorkQueue.take(ScheduledThreadPoolExecutor.java:1088)
        at java.util.concurrent.ScheduledThreadPoolExecutor$DelayedWorkQueue.take(ScheduledThreadPoolExecutor.java:809)
        at java.util.concurrent.ThreadPoolExecutor.getTask(ThreadPoolExecutor.java:1074)
        at java.util.concurrent.ThreadPoolExecutor.runWorker(ThreadPoolExecutor.java:1134)
        at java.util.concurrent.ThreadPoolExecutor$Worker.run(ThreadPoolExecutor.java:624)
        at java.lang.Thread.run(Thread.java:750)
"IPC Server handler 6 on default port 44023" daemon prio=5 tid=1349 timed_waiting
java.lang.Thread.State: TIMED_WAITING
        at sun.misc.Unsafe.park(Native Method)
        at java.util.concurrent.locks.LockSupport.parkNanos(LockSupport.java:215)
        at java.util.concurrent.locks.AbstractQueuedSynchronizer$ConditionObject.awaitNanos(AbstractQueuedSynchronizer.java:2078)
        at java.util.concurrent.LinkedBlockingQueue.poll(LinkedBlockingQueue.java:467)
        at org.apache.hadoop.ipc.CallQueueManager.take(CallQueueManager.java:317)
        at org.apache.hadoop.ipc.Server$Handler.run(Server.java:2942)
"53290e67-17c3-4c90-996e-c8ad22d82667@group-014BD055F285->ca7e3987-4d62-4f50-9818-34d949b95429-GrpcLogAppender-LogAppenderDaemon" daemon prio=5 tid=1727 timed_waiting
java.lang.Thread.State: TIMED_WAITING
        at sun.misc.Unsafe.park(Native Method)
        at java.util.concurrent.locks.LockSupport.parkNanos(LockSupport.java:215)
        at java.util.concurrent.locks.AbstractQueuedSynchronizer$ConditionObject.await(AbstractQueuedSynchronizer.java:2163)
        at org.apache.ratis.util.AwaitForSignal.await(AwaitForSignal.java:62)
        at org.apache.ratis.grpc.server.GrpcLogAppender.mayWait(GrpcLogAppender.java:198)
        at org.apache.ratis.grpc.server.GrpcLogAppender.run(GrpcLogAppender.java:148)
        at org.apache.ratis.server.leader.LogAppenderDaemon.run(LogAppenderDaemon.java:78)
        at org.apache.ratis.server.leader.LogAppenderDaemon$$Lambda$1096/207343949.run(Unknown Source)
        at java.lang.Thread.run(Thread.java:750)
"org.apache.hadoop.util.JvmPauseMonitor$Monitor@7cce3d1e" daemon prio=5 tid=1416 timed_waiting
java.lang.Thread.State: TIMED_WAITING
        at java.lang.Thread.sleep(Native Method)
        at org.apache.hadoop.util.JvmPauseMonitor$Monitor.run(JvmPauseMonitor.java:192)
        at java.lang.Thread.run(Thread.java:750)
"Datanode ReportManager Thread - 2" daemon prio=5 tid=1468 in Object.wait()
java.lang.Thread.State: WAITING (on object monitor)
        at sun.misc.Unsafe.park(Native Method)
        at java.util.concurrent.locks.LockSupport.park(LockSupport.java:175)
        at java.util.concurrent.locks.AbstractQueuedSynchronizer$ConditionObject.await(AbstractQueuedSynchronizer.java:2039)
        at java.util.concurrent.ScheduledThreadPoolExecutor$DelayedWorkQueue.take(ScheduledThreadPoolExecutor.java:1088)
        at java.util.concurrent.ScheduledThreadPoolExecutor$DelayedWorkQueue.take(ScheduledThreadPoolExecutor.java:809)
        at java.util.concurrent.ThreadPoolExecutor.getTask(ThreadPoolExecutor.java:1074)
        at java.util.concurrent.ThreadPoolExecutor.runWorker(ThreadPoolExecutor.java:1134)
        at java.util.concurrent.ThreadPoolExecutor$Worker.run(ThreadPoolExecutor.java:624)
        at java.lang.Thread.run(Thread.java:750)
"Command processor thread" daemon prio=5 tid=1498 timed_waiting
java.lang.Thread.State: TIMED_WAITING
        at java.lang.Thread.sleep(Native Method)
        at org.apache.hadoop.ozone.container.common.statemachine.DatanodeStateMachine.lambda$initCommandHandlerThread$3(DatanodeStateMachine.java:644)
        at org.apache.hadoop.ozone.container.common.statemachine.DatanodeStateMachine$$Lambda$800/1120719356.run(Unknown Source)
        at java.lang.Thread.run(Thread.java:750)
"Datanode ReportManager Thread - 2" daemon prio=5 tid=1412 in Object.wait()
java.lang.Thread.State: WAITING (on object monitor)
        at sun.misc.Unsafe.park(Native Method)
        at java.util.concurrent.locks.LockSupport.park(LockSupport.java:175)
        at java.util.concurrent.locks.AbstractQueuedSynchronizer$ConditionObject.await(AbstractQueuedSynchronizer.java:2039)
        at java.util.concurrent.ScheduledThreadPoolExecutor$DelayedWorkQueue.take(ScheduledThreadPoolExecutor.java:1088)
        at java.util.concurrent.ScheduledThreadPoolExecutor$DelayedWorkQueue.take(ScheduledThreadPoolExecutor.java:809)
        at java.util.concurrent.ThreadPoolExecutor.getTask(ThreadPoolExecutor.java:1074)
        at java.util.concurrent.ThreadPoolExecutor.runWorker(ThreadPoolExecutor.java:1134)
        at java.util.concurrent.ThreadPoolExecutor$Worker.run(ThreadPoolExecutor.java:624)
        at java.lang.Thread.run(Thread.java:750)
"JvmPauseMonitor12" daemon prio=5 tid=1535 timed_waiting
java.lang.Thread.State: TIMED_WAITING
        at java.lang.Thread.sleep(Native Method)
        at java.lang.Thread.sleep(Thread.java:342)
        at java.util.concurrent.TimeUnit.sleep(TimeUnit.java:386)
        at org.apache.ratis.util.TimeDuration.sleep(TimeDuration.java:325)
        at org.apache.ratis.util.TimeDuration.sleep(TimeDuration.java:310)
        at org.apache.ratis.util.JvmPauseMonitor.detectPause(JvmPauseMonitor.java:119)
        at org.apache.ratis.util.JvmPauseMonitor.run(JvmPauseMonitor.java:108)
        at org.apache.ratis.util.JvmPauseMonitor$$Lambda$749/1980351936.run(Unknown Source)
        at java.lang.Thread.run(Thread.java:750)
"IPC Server handler 1 on default port 33251" daemon prio=5 tid=1281 timed_waiting
java.lang.Thread.State: TIMED_WAITING
        at sun.misc.Unsafe.park(Native Method)
        at java.util.concurrent.locks.LockSupport.parkNanos(LockSupport.java:215)
        at java.util.concurrent.locks.AbstractQueuedSynchronizer$ConditionObject.awaitNanos(AbstractQueuedSynchronizer.java:2078)
        at java.util.concurrent.LinkedBlockingQueue.poll(LinkedBlockingQueue.java:467)
        at org.apache.hadoop.ipc.CallQueueManager.take(CallQueueManager.java:317)
        at org.apache.hadoop.ipc.Server$Handler.run(Server.java:2942)
"StaleRecoveringContainerScrubbingService#1" daemon prio=5 tid=1576 timed_waiting
java.lang.Thread.State: TIMED_WAITING
        at sun.misc.Unsafe.park(Native Method)
        at java.util.concurrent.locks.LockSupport.parkNanos(LockSupport.java:215)
        at java.util.concurrent.locks.AbstractQueuedSynchronizer$ConditionObject.awaitNanos(AbstractQueuedSynchronizer.java:2078)
        at java.util.concurrent.ScheduledThreadPoolExecutor$DelayedWorkQueue.take(ScheduledThreadPoolExecutor.java:1093)
        at java.util.concurrent.ScheduledThreadPoolExecutor$DelayedWorkQueue.take(ScheduledThreadPoolExecutor.java:809)
        at java.util.concurrent.ThreadPoolExecutor.getTask(ThreadPoolExecutor.java:1074)
        at java.util.concurrent.ThreadPoolExecutor.runWorker(ThreadPoolExecutor.java:1134)
        at java.util.concurrent.ThreadPoolExecutor$Worker.run(ThreadPoolExecutor.java:624)
        at java.lang.Thread.run(Thread.java:750)
"ca7e3987-4d62-4f50-9818-34d949b95429-NettyServerStreamRpc-bossGroup--thread1"  prio=5 tid=1506 runnable
java.lang.Thread.State: RUNNABLE
        at sun.nio.ch.EPollArrayWrapper.epollWait(Native Method)
        at sun.nio.ch.EPollArrayWrapper.poll(EPollArrayWrapper.java:269)
        at sun.nio.ch.EPollSelectorImpl.doSelect(EPollSelectorImpl.java:93)
        at sun.nio.ch.SelectorImpl.lockAndDoSelect(SelectorImpl.java:86)
        at sun.nio.ch.SelectorImpl.select(SelectorImpl.java:97)
        at sun.nio.ch.SelectorImpl.select(SelectorImpl.java:101)
        at org.apache.ratis.thirdparty.io.netty.channel.nio.SelectedSelectionKeySetSelector.select(SelectedSelectionKeySetSelector.java:68)
        at org.apache.ratis.thirdparty.io.netty.channel.nio.NioEventLoop.select(NioEventLoop.java:813)
        at org.apache.ratis.thirdparty.io.netty.channel.nio.NioEventLoop.run(NioEventLoop.java:460)
        at org.apache.ratis.thirdparty.io.netty.util.concurrent.SingleThreadEventExecutor$4.run(SingleThreadEventExecutor.java:995)
        at org.apache.ratis.thirdparty.io.netty.util.internal.ThreadExecutorMap$2.run(ThreadExecutorMap.java:74)
        at java.lang.Thread.run(Thread.java:750)
"Datanode ReportManager Thread - 4" daemon prio=5 tid=1414 in Object.wait()
java.lang.Thread.State: WAITING (on object monitor)
        at sun.misc.Unsafe.park(Native Method)
        at java.util.concurrent.locks.LockSupport.park(LockSupport.java:175)
        at java.util.concurrent.locks.AbstractQueuedSynchronizer$ConditionObject.await(AbstractQueuedSynchronizer.java:2039)
        at java.util.concurrent.ScheduledThreadPoolExecutor$DelayedWorkQueue.take(ScheduledThreadPoolExecutor.java:1088)
        at java.util.concurrent.ScheduledThreadPoolExecutor$DelayedWorkQueue.take(ScheduledThreadPoolExecutor.java:809)
        at java.util.concurrent.ThreadPoolExecutor.getTask(ThreadPoolExecutor.java:1074)
        at java.util.concurrent.ThreadPoolExecutor.runWorker(ThreadPoolExecutor.java:1134)
        at java.util.concurrent.ThreadPoolExecutor$Worker.run(ThreadPoolExecutor.java:624)
        at java.lang.Thread.run(Thread.java:750)
"IPC Server Responder" daemon prio=5 tid=1223 runnable
java.lang.Thread.State: RUNNABLE
        at sun.nio.ch.EPollArrayWrapper.epollWait(Native Method)
        at sun.nio.ch.EPollArrayWrapper.poll(EPollArrayWrapper.java:269)
        at sun.nio.ch.EPollSelectorImpl.doSelect(EPollSelectorImpl.java:93)
        at sun.nio.ch.SelectorImpl.lockAndDoSelect(SelectorImpl.java:86)
        at sun.nio.ch.SelectorImpl.select(SelectorImpl.java:97)
        at org.apache.hadoop.ipc.Server$Responder.doRunLoop(Server.java:1532)
        at org.apache.hadoop.ipc.Server$Responder.run(Server.java:1515)
"Datanode ReportManager Thread - 1" daemon prio=5 tid=1521 in Object.wait()
java.lang.Thread.State: WAITING (on object monitor)
        at sun.misc.Unsafe.park(Native Method)
        at java.util.concurrent.locks.LockSupport.park(LockSupport.java:175)
        at java.util.concurrent.locks.AbstractQueuedSynchronizer$ConditionObject.await(AbstractQueuedSynchronizer.java:2039)
        at java.util.concurrent.ScheduledThreadPoolExecutor$DelayedWorkQueue.take(ScheduledThreadPoolExecutor.java:1088)
        at java.util.concurrent.ScheduledThreadPoolExecutor$DelayedWorkQueue.take(ScheduledThreadPoolExecutor.java:809)
        at java.util.concurrent.ThreadPoolExecutor.getTask(ThreadPoolExecutor.java:1074)
        at java.util.concurrent.ThreadPoolExecutor.runWorker(ThreadPoolExecutor.java:1134)
        at java.util.concurrent.ThreadPoolExecutor$Worker.run(ThreadPoolExecutor.java:624)
        at java.lang.Thread.run(Thread.java:750)
"JvmPauseMonitor11" daemon prio=5 tid=1328 timed_waiting
java.lang.Thread.State: TIMED_WAITING
        at java.lang.Thread.sleep(Native Method)
        at java.lang.Thread.sleep(Thread.java:342)
        at java.util.concurrent.TimeUnit.sleep(TimeUnit.java:386)
        at org.apache.ratis.util.TimeDuration.sleep(TimeDuration.java:325)
        at org.apache.ratis.util.TimeDuration.sleep(TimeDuration.java:310)
        at org.apache.ratis.util.JvmPauseMonitor.detectPause(JvmPauseMonitor.java:119)
        at org.apache.ratis.util.JvmPauseMonitor.run(JvmPauseMonitor.java:108)
        at org.apache.ratis.util.JvmPauseMonitor$$Lambda$749/1980351936.run(Unknown Source)
        at java.lang.Thread.run(Thread.java:750)
"qtp1068912229-1428-acceptor-0@7d5cf0e-ServerConnector@2cde0ff{HTTP/1.1, (http/1.1)}{0.0.0.0:35153}" daemon prio=3 tid=1428 runnable
java.lang.Thread.State: RUNNABLE
        at sun.nio.ch.ServerSocketChannelImpl.accept0(Native Method)
        at sun.nio.ch.ServerSocketChannelImpl.accept(ServerSocketChannelImpl.java:421)
        at sun.nio.ch.ServerSocketChannelImpl.accept(ServerSocketChannelImpl.java:249)
        at org.eclipse.jetty.server.ServerConnector.accept(ServerConnector.java:388)
        at org.eclipse.jetty.server.AbstractConnector$Acceptor.run(AbstractConnector.java:704)
        at org.eclipse.jetty.util.thread.QueuedThreadPool.runJob(QueuedThreadPool.java:883)
        at org.eclipse.jetty.util.thread.QueuedThreadPool$Runner.run(QueuedThreadPool.java:1034)
        at java.lang.Thread.run(Thread.java:750)
"IPC Server handler 7 on default port 46159" daemon prio=5 tid=1247 timed_waiting
java.lang.Thread.State: TIMED_WAITING
        at sun.misc.Unsafe.park(Native Method)
        at java.util.concurrent.locks.LockSupport.parkNanos(LockSupport.java:215)
        at java.util.concurrent.locks.AbstractQueuedSynchronizer$ConditionObject.awaitNanos(AbstractQueuedSynchronizer.java:2078)
        at java.util.concurrent.LinkedBlockingQueue.poll(LinkedBlockingQueue.java:467)
        at org.apache.hadoop.ipc.CallQueueManager.take(CallQueueManager.java:317)
        at org.apache.hadoop.ipc.Server$Handler.run(Server.java:2942)
"StaleRecoveringContainerScrubbingService#1" daemon prio=5 tid=1564 timed_waiting
java.lang.Thread.State: TIMED_WAITING
        at sun.misc.Unsafe.park(Native Method)
        at java.util.concurrent.locks.LockSupport.parkNanos(LockSupport.java:215)
        at java.util.concurrent.locks.AbstractQueuedSynchronizer$ConditionObject.awaitNanos(AbstractQueuedSynchronizer.java:2078)
        at java.util.concurrent.ScheduledThreadPoolExecutor$DelayedWorkQueue.take(ScheduledThreadPoolExecutor.java:1093)
        at java.util.concurrent.ScheduledThreadPoolExecutor$DelayedWorkQueue.take(ScheduledThreadPoolExecutor.java:809)
        at java.util.concurrent.ThreadPoolExecutor.getTask(ThreadPoolExecutor.java:1074)
        at java.util.concurrent.ThreadPoolExecutor.runWorker(ThreadPoolExecutor.java:1134)
        at java.util.concurrent.ThreadPoolExecutor$Worker.run(ThreadPoolExecutor.java:624)
        at java.lang.Thread.run(Thread.java:750)
"Session-HouseKeeper-70077a14-1"  prio=5 tid=1381 timed_waiting
java.lang.Thread.State: TIMED_WAITING
        at sun.misc.Unsafe.park(Native Method)
        at java.util.concurrent.locks.LockSupport.parkNanos(LockSupport.java:215)
        at java.util.concurrent.locks.AbstractQueuedSynchronizer$ConditionObject.awaitNanos(AbstractQueuedSynchronizer.java:2078)
        at java.util.concurrent.ScheduledThreadPoolExecutor$DelayedWorkQueue.take(ScheduledThreadPoolExecutor.java:1093)
        at java.util.concurrent.ScheduledThreadPoolExecutor$DelayedWorkQueue.take(ScheduledThreadPoolExecutor.java:809)
        at java.util.concurrent.ThreadPoolExecutor.getTask(ThreadPoolExecutor.java:1074)
        at java.util.concurrent.ThreadPoolExecutor.runWorker(ThreadPoolExecutor.java:1134)
        at java.util.concurrent.ThreadPoolExecutor$Worker.run(ThreadPoolExecutor.java:624)
        at java.lang.Thread.run(Thread.java:750)
"ChunkWriter-0-0" daemon prio=5 tid=1531 in Object.wait()
java.lang.Thread.State: WAITING (on object monitor)
        at sun.misc.Unsafe.park(Native Method)
        at java.util.concurrent.locks.LockSupport.park(LockSupport.java:175)
        at java.util.concurrent.locks.AbstractQueuedSynchronizer$ConditionObject.await(AbstractQueuedSynchronizer.java:2039)
        at java.util.concurrent.LinkedBlockingDeque.takeFirst(LinkedBlockingDeque.java:492)
        at java.util.concurrent.LinkedBlockingDeque.take(LinkedBlockingDeque.java:680)
        at java.util.concurrent.ThreadPoolExecutor.getTask(ThreadPoolExecutor.java:1074)
        at java.util.concurrent.ThreadPoolExecutor.runWorker(ThreadPoolExecutor.java:1134)
        at java.util.concurrent.ThreadPoolExecutor$Worker.run(ThreadPoolExecutor.java:624)
        at java.lang.Thread.run(Thread.java:750)
"EndpointStateMachine task thread for /0.0.0.0:33251 - 0 "  prio=5 tid=1566 in Object.wait()
java.lang.Thread.State: WAITING (on object monitor)
        at sun.misc.Unsafe.park(Native Method)
        at java.util.concurrent.locks.LockSupport.park(LockSupport.java:175)
        at java.util.concurrent.locks.AbstractQueuedSynchronizer$ConditionObject.await(AbstractQueuedSynchronizer.java:2039)
        at java.util.concurrent.LinkedBlockingQueue.take(LinkedBlockingQueue.java:442)
        at java.util.concurrent.ThreadPoolExecutor.getTask(ThreadPoolExecutor.java:1074)
        at java.util.concurrent.ThreadPoolExecutor.runWorker(ThreadPoolExecutor.java:1134)
        at java.util.concurrent.ThreadPoolExecutor$Worker.run(ThreadPoolExecutor.java:624)
        at java.lang.Thread.run(Thread.java:750)
"IPC Server handler 14 on default port 44023" daemon prio=5 tid=1357 timed_waiting
java.lang.Thread.State: TIMED_WAITING
        at sun.misc.Unsafe.park(Native Method)
        at java.util.concurrent.locks.LockSupport.parkNanos(LockSupport.java:215)
        at java.util.concurrent.locks.AbstractQueuedSynchronizer$ConditionObject.awaitNanos(AbstractQueuedSynchronizer.java:2078)
        at java.util.concurrent.LinkedBlockingQueue.poll(LinkedBlockingQueue.java:467)
        at org.apache.hadoop.ipc.CallQueueManager.take(CallQueueManager.java:317)
        at org.apache.hadoop.ipc.Server$Handler.run(Server.java:2942)
"Datanode State Machine Task Thread - 1"  prio=5 tid=1528 in Object.wait()
java.lang.Thread.State: WAITING (on object monitor)
        at sun.misc.Unsafe.park(Native Method)
        at java.util.concurrent.locks.LockSupport.park(LockSupport.java:175)
        at java.util.concurrent.locks.AbstractQueuedSynchronizer$ConditionObject.await(AbstractQueuedSynchronizer.java:2039)
        at java.util.concurrent.LinkedBlockingQueue.take(LinkedBlockingQueue.java:442)
        at java.util.concurrent.ThreadPoolExecutor.getTask(ThreadPoolExecutor.java:1074)
        at java.util.concurrent.ThreadPoolExecutor.runWorker(ThreadPoolExecutor.java:1134)
        at java.util.concurrent.ThreadPoolExecutor$Worker.run(ThreadPoolExecutor.java:624)
        at java.lang.Thread.run(Thread.java:750)
"IPC Server Responder" daemon prio=5 tid=1227 runnable
java.lang.Thread.State: RUNNABLE
        at sun.nio.ch.EPollArrayWrapper.epollWait(Native Method)
        at sun.nio.ch.EPollArrayWrapper.poll(EPollArrayWrapper.java:269)
        at sun.nio.ch.EPollSelectorImpl.doSelect(EPollSelectorImpl.java:93)
        at sun.nio.ch.SelectorImpl.lockAndDoSelect(SelectorImpl.java:86)
        at sun.nio.ch.SelectorImpl.select(SelectorImpl.java:97)
        at org.apache.hadoop.ipc.Server$Responder.doRunLoop(Server.java:1532)
        at org.apache.hadoop.ipc.Server$Responder.run(Server.java:1515)
"5cd6f085-199f-4d86-8efd-dd16eb4c4197@group-014BD055F285-FollowerState" daemon prio=5 tid=1725 timed_waiting
java.lang.Thread.State: TIMED_WAITING
        at java.lang.Thread.sleep(Native Method)
        at java.lang.Thread.sleep(Thread.java:342)
        at java.util.concurrent.TimeUnit.sleep(TimeUnit.java:386)
        at org.apache.ratis.util.TimeDuration.sleep(TimeDuration.java:325)
        at org.apache.ratis.util.TimeDuration.sleep(TimeDuration.java:310)
        at org.apache.ratis.server.impl.FollowerState.run(FollowerState.java:128)
"Session-HouseKeeper-64d9ee11-1"  prio=5 tid=1462 timed_waiting
java.lang.Thread.State: TIMED_WAITING
        at sun.misc.Unsafe.park(Native Method)
        at java.util.concurrent.locks.LockSupport.parkNanos(LockSupport.java:215)
        at java.util.concurrent.locks.AbstractQueuedSynchronizer$ConditionObject.awaitNanos(AbstractQueuedSynchronizer.java:2078)
        at java.util.concurrent.ScheduledThreadPoolExecutor$DelayedWorkQueue.take(ScheduledThreadPoolExecutor.java:1093)
        at java.util.concurrent.ScheduledThreadPoolExecutor$DelayedWorkQueue.take(ScheduledThreadPoolExecutor.java:809)
        at java.util.concurrent.ThreadPoolExecutor.getTask(ThreadPoolExecutor.java:1074)
        at java.util.concurrent.ThreadPoolExecutor.runWorker(ThreadPoolExecutor.java:1134)
        at java.util.concurrent.ThreadPoolExecutor$Worker.run(ThreadPoolExecutor.java:624)
        at java.lang.Thread.run(Thread.java:750)
"IPC Server handler 18 on default port 35879" daemon prio=5 tid=1278 timed_waiting
java.lang.Thread.State: TIMED_WAITING
        at sun.misc.Unsafe.park(Native Method)
        at java.util.concurrent.locks.LockSupport.parkNanos(LockSupport.java:215)
        at java.util.concurrent.locks.AbstractQueuedSynchronizer$ConditionObject.awaitNanos(AbstractQueuedSynchronizer.java:2078)
        at java.util.concurrent.LinkedBlockingQueue.poll(LinkedBlockingQueue.java:467)
        at org.apache.hadoop.ipc.CallQueueManager.take(CallQueueManager.java:317)
        at org.apache.hadoop.ipc.Server$Handler.run(Server.java:2942)
"IPC Server Responder" daemon prio=5 tid=1219 runnable
java.lang.Thread.State: RUNNABLE
        at sun.nio.ch.EPollArrayWrapper.epollWait(Native Method)
        at sun.nio.ch.EPollArrayWrapper.poll(EPollArrayWrapper.java:269)
        at sun.nio.ch.EPollSelectorImpl.doSelect(EPollSelectorImpl.java:93)
        at sun.nio.ch.SelectorImpl.lockAndDoSelect(SelectorImpl.java:86)
        at sun.nio.ch.SelectorImpl.select(SelectorImpl.java:97)
        at org.apache.hadoop.ipc.Server$Responder.doRunLoop(Server.java:1532)
        at org.apache.hadoop.ipc.Server$Responder.run(Server.java:1515)
"ChunkWriter-1-0" daemon prio=5 tid=1580 in Object.wait()
java.lang.Thread.State: WAITING (on object monitor)
        at sun.misc.Unsafe.park(Native Method)
        at java.util.concurrent.locks.LockSupport.park(LockSupport.java:175)
        at java.util.concurrent.locks.AbstractQueuedSynchronizer$ConditionObject.await(AbstractQueuedSynchronizer.java:2039)
        at java.util.concurrent.LinkedBlockingDeque.takeFirst(LinkedBlockingDeque.java:492)
        at java.util.concurrent.LinkedBlockingDeque.take(LinkedBlockingDeque.java:680)
        at java.util.concurrent.ThreadPoolExecutor.getTask(ThreadPoolExecutor.java:1074)
        at java.util.concurrent.ThreadPoolExecutor.runWorker(ThreadPoolExecutor.java:1134)
        at java.util.concurrent.ThreadPoolExecutor$Worker.run(ThreadPoolExecutor.java:624)
        at java.lang.Thread.run(Thread.java:750)
"Datanode ReportManager Thread - 4" daemon prio=5 tid=1387 timed_waiting
java.lang.Thread.State: TIMED_WAITING
        at sun.misc.Unsafe.park(Native Method)
        at java.util.concurrent.locks.LockSupport.parkNanos(LockSupport.java:215)
        at java.util.concurrent.locks.AbstractQueuedSynchronizer$ConditionObject.awaitNanos(AbstractQueuedSynchronizer.java:2078)
        at java.util.concurrent.ScheduledThreadPoolExecutor$DelayedWorkQueue.take(ScheduledThreadPoolExecutor.java:1093)
        at java.util.concurrent.ScheduledThreadPoolExecutor$DelayedWorkQueue.take(ScheduledThreadPoolExecutor.java:809)
        at java.util.concurrent.ThreadPoolExecutor.getTask(ThreadPoolExecutor.java:1074)
        at java.util.concurrent.ThreadPoolExecutor.runWorker(ThreadPoolExecutor.java:1134)
        at java.util.concurrent.ThreadPoolExecutor$Worker.run(ThreadPoolExecutor.java:624)
        at java.lang.Thread.run(Thread.java:750)
"IPC Server handler 5 on default port 46159" daemon prio=5 tid=1245 timed_waiting
java.lang.Thread.State: TIMED_WAITING
        at sun.misc.Unsafe.park(Native Method)
        at java.util.concurrent.locks.LockSupport.parkNanos(LockSupport.java:215)
        at java.util.concurrent.locks.AbstractQueuedSynchronizer$ConditionObject.awaitNanos(AbstractQueuedSynchronizer.java:2078)
        at java.util.concurrent.LinkedBlockingQueue.poll(LinkedBlockingQueue.java:467)
        at org.apache.hadoop.ipc.CallQueueManager.take(CallQueueManager.java:317)
        at org.apache.hadoop.ipc.Server$Handler.run(Server.java:2942)
"qtp1068912229-1430" daemon prio=5 tid=1430 timed_waiting
java.lang.Thread.State: TIMED_WAITING
        at sun.misc.Unsafe.park(Native Method)
        at java.util.concurrent.locks.LockSupport.parkNanos(LockSupport.java:215)
        at java.util.concurrent.locks.AbstractQueuedSynchronizer$ConditionObject.awaitNanos(AbstractQueuedSynchronizer.java:2078)
        at org.eclipse.jetty.util.BlockingArrayQueue.poll(BlockingArrayQueue.java:382)
        at org.eclipse.jetty.util.thread.QueuedThreadPool$Runner.idleJobPoll(QueuedThreadPool.java:974)
        at org.eclipse.jetty.util.thread.QueuedThreadPool$Runner.run(QueuedThreadPool.java:1018)
        at java.lang.Thread.run(Thread.java:750)
"Datanode ReportManager Thread - 2" daemon prio=5 tid=1385 in Object.wait()
java.lang.Thread.State: WAITING (on object monitor)
        at sun.misc.Unsafe.park(Native Method)
        at java.util.concurrent.locks.LockSupport.park(LockSupport.java:175)
        at java.util.concurrent.locks.AbstractQueuedSynchronizer$ConditionObject.await(AbstractQueuedSynchronizer.java:2039)
        at java.util.concurrent.ScheduledThreadPoolExecutor$DelayedWorkQueue.take(ScheduledThreadPoolExecutor.java:1088)
        at java.util.concurrent.ScheduledThreadPoolExecutor$DelayedWorkQueue.take(ScheduledThreadPoolExecutor.java:809)
        at java.util.concurrent.ThreadPoolExecutor.getTask(ThreadPoolExecutor.java:1074)
        at java.util.concurrent.ThreadPoolExecutor.runWorker(ThreadPoolExecutor.java:1134)
        at java.util.concurrent.ThreadPoolExecutor$Worker.run(ThreadPoolExecutor.java:624)
        at java.lang.Thread.run(Thread.java:750)
"Periodic HDDS volume checker" daemon prio=5 tid=1475 timed_waiting
java.lang.Thread.State: TIMED_WAITING
        at sun.misc.Unsafe.park(Native Method)
        at java.util.concurrent.locks.LockSupport.parkNanos(LockSupport.java:215)
        at java.util.concurrent.locks.AbstractQueuedSynchronizer$ConditionObject.awaitNanos(AbstractQueuedSynchronizer.java:2078)
        at java.util.concurrent.ScheduledThreadPoolExecutor$DelayedWorkQueue.take(ScheduledThreadPoolExecutor.java:1093)
        at java.util.concurrent.ScheduledThreadPoolExecutor$DelayedWorkQueue.take(ScheduledThreadPoolExecutor.java:809)
        at java.util.concurrent.ThreadPoolExecutor.getTask(ThreadPoolExecutor.java:1074)
        at java.util.concurrent.ThreadPoolExecutor.runWorker(ThreadPoolExecutor.java:1134)
        at java.util.concurrent.ThreadPoolExecutor$Worker.run(ThreadPoolExecutor.java:624)
        at java.lang.Thread.run(Thread.java:750)
"BlockDeletingService#0" daemon prio=5 tid=1537 in Object.wait()
java.lang.Thread.State: WAITING (on object monitor)
        at sun.misc.Unsafe.park(Native Method)
        at java.util.concurrent.locks.LockSupport.park(LockSupport.java:175)
        at java.util.concurrent.locks.AbstractQueuedSynchronizer$ConditionObject.await(AbstractQueuedSynchronizer.java:2039)
        at java.util.concurrent.ScheduledThreadPoolExecutor$DelayedWorkQueue.take(ScheduledThreadPoolExecutor.java:1088)
        at java.util.concurrent.ScheduledThreadPoolExecutor$DelayedWorkQueue.take(ScheduledThreadPoolExecutor.java:809)
        at java.util.concurrent.ThreadPoolExecutor.getTask(ThreadPoolExecutor.java:1074)
        at java.util.concurrent.ThreadPoolExecutor.runWorker(ThreadPoolExecutor.java:1134)
        at java.util.concurrent.ThreadPoolExecutor$Worker.run(ThreadPoolExecutor.java:624)
        at java.lang.Thread.run(Thread.java:750)
"ChunkWriter-1-0" daemon prio=5 tid=1532 in Object.wait()
java.lang.Thread.State: WAITING (on object monitor)
        at sun.misc.Unsafe.park(Native Method)
        at java.util.concurrent.locks.LockSupport.park(LockSupport.java:175)
        at java.util.concurrent.locks.AbstractQueuedSynchronizer$ConditionObject.await(AbstractQueuedSynchronizer.java:2039)
        at java.util.concurrent.LinkedBlockingDeque.takeFirst(LinkedBlockingDeque.java:492)
        at java.util.concurrent.LinkedBlockingDeque.take(LinkedBlockingDeque.java:680)
        at java.util.concurrent.ThreadPoolExecutor.getTask(ThreadPoolExecutor.java:1074)
        at java.util.concurrent.ThreadPoolExecutor.runWorker(ThreadPoolExecutor.java:1134)
        at java.util.concurrent.ThreadPoolExecutor$Worker.run(ThreadPoolExecutor.java:624)
        at java.lang.Thread.run(Thread.java:750)
"ChunkReader-ELG-0" daemon prio=5 tid=1560 runnable
java.lang.Thread.State: RUNNABLE
        at org.apache.ratis.thirdparty.io.netty.channel.epoll.Native.epollWait(Native Method)
        at org.apache.ratis.thirdparty.io.netty.channel.epoll.Native.epollWait(Native.java:209)
        at org.apache.ratis.thirdparty.io.netty.channel.epoll.Native.epollWait(Native.java:202)
        at org.apache.ratis.thirdparty.io.netty.channel.epoll.EpollEventLoop.epollWaitNoTimerChange(EpollEventLoop.java:294)
        at org.apache.ratis.thirdparty.io.netty.channel.epoll.EpollEventLoop.run(EpollEventLoop.java:351)
        at org.apache.ratis.thirdparty.io.netty.util.concurrent.SingleThreadEventExecutor$4.run(SingleThreadEventExecutor.java:995)
        at org.apache.ratis.thirdparty.io.netty.util.internal.ThreadExecutorMap$2.run(ThreadExecutorMap.java:74)
        at java.lang.Thread.run(Thread.java:750)
"qtp298434414-1307" daemon prio=5 tid=1307 timed_waiting
java.lang.Thread.State: TIMED_WAITING
        at sun.misc.Unsafe.park(Native Method)
        at java.util.concurrent.locks.LockSupport.parkNanos(LockSupport.java:215)
        at java.util.concurrent.locks.AbstractQueuedSynchronizer$ConditionObject.awaitNanos(AbstractQueuedSynchronizer.java:2078)
        at org.eclipse.jetty.util.BlockingArrayQueue.poll(BlockingArrayQueue.java:382)
        at org.eclipse.jetty.util.thread.QueuedThreadPool$Runner.idleJobPoll(QueuedThreadPool.java:974)
        at org.eclipse.jetty.util.thread.QueuedThreadPool$Runner.run(QueuedThreadPool.java:1018)
        at java.lang.Thread.run(Thread.java:750)
"IPC Server handler 4 on default port 44023" daemon prio=5 tid=1347 timed_waiting
java.lang.Thread.State: TIMED_WAITING
        at sun.misc.Unsafe.park(Native Method)
        at java.util.concurrent.locks.LockSupport.parkNanos(LockSupport.java:215)
        at java.util.concurrent.locks.AbstractQueuedSynchronizer$ConditionObject.awaitNanos(AbstractQueuedSynchronizer.java:2078)
        at java.util.concurrent.LinkedBlockingQueue.poll(LinkedBlockingQueue.java:467)
        at org.apache.hadoop.ipc.CallQueueManager.take(CallQueueManager.java:317)
        at org.apache.hadoop.ipc.Server$Handler.run(Server.java:2942)
"IPC Server handler 3 on default port 35879" daemon prio=5 tid=1263 timed_waiting
java.lang.Thread.State: TIMED_WAITING
        at sun.misc.Unsafe.park(Native Method)
        at java.util.concurrent.locks.LockSupport.parkNanos(LockSupport.java:215)
        at java.util.concurrent.locks.AbstractQueuedSynchronizer$ConditionObject.awaitNanos(AbstractQueuedSynchronizer.java:2078)
        at java.util.concurrent.LinkedBlockingQueue.poll(LinkedBlockingQueue.java:467)
        at org.apache.hadoop.ipc.CallQueueManager.take(CallQueueManager.java:317)
        at org.apache.hadoop.ipc.Server$Handler.run(Server.java:2942)
"BlockDeletingService#2" daemon prio=5 tid=1753 in Object.wait()
java.lang.Thread.State: WAITING (on object monitor)
        at sun.misc.Unsafe.park(Native Method)
        at java.util.concurrent.locks.LockSupport.park(LockSupport.java:175)
        at java.util.concurrent.locks.AbstractQueuedSynchronizer$ConditionObject.await(AbstractQueuedSynchronizer.java:2039)
        at java.util.concurrent.ScheduledThreadPoolExecutor$DelayedWorkQueue.take(ScheduledThreadPoolExecutor.java:1088)
        at java.util.concurrent.ScheduledThreadPoolExecutor$DelayedWorkQueue.take(ScheduledThreadPoolExecutor.java:809)
        at java.util.concurrent.ThreadPoolExecutor.getTask(ThreadPoolExecutor.java:1074)
        at java.util.concurrent.ThreadPoolExecutor.runWorker(ThreadPoolExecutor.java:1134)
        at java.util.concurrent.ThreadPoolExecutor$Worker.run(ThreadPoolExecutor.java:624)
        at java.lang.Thread.run(Thread.java:750)
"Datanode State Machine Task Thread - 1"  prio=5 tid=1565 in Object.wait()
java.lang.Thread.State: WAITING (on object monitor)
        at sun.misc.Unsafe.park(Native Method)
        at java.util.concurrent.locks.LockSupport.park(LockSupport.java:175)
        at java.util.concurrent.locks.AbstractQueuedSynchronizer$ConditionObject.await(AbstractQueuedSynchronizer.java:2039)
        at java.util.concurrent.LinkedBlockingQueue.take(LinkedBlockingQueue.java:442)
        at java.util.concurrent.ThreadPoolExecutor.getTask(ThreadPoolExecutor.java:1074)
        at java.util.concurrent.ThreadPoolExecutor.runWorker(ThreadPoolExecutor.java:1134)
        at java.util.concurrent.ThreadPoolExecutor$Worker.run(ThreadPoolExecutor.java:624)
        at java.lang.Thread.run(Thread.java:750)
"qtp1822910383-1490" daemon prio=5 tid=1490 timed_waiting
java.lang.Thread.State: TIMED_WAITING
        at sun.misc.Unsafe.park(Native Method)
        at java.util.concurrent.locks.LockSupport.parkNanos(LockSupport.java:215)
        at java.util.concurrent.locks.AbstractQueuedSynchronizer$ConditionObject.awaitNanos(AbstractQueuedSynchronizer.java:2078)
        at org.eclipse.jetty.util.BlockingArrayQueue.poll(BlockingArrayQueue.java:382)
        at org.eclipse.jetty.util.thread.QueuedThreadPool$Runner.idleJobPoll(QueuedThreadPool.java:974)
        at org.eclipse.jetty.util.thread.QueuedThreadPool$Runner.run(QueuedThreadPool.java:1018)
        at java.lang.Thread.run(Thread.java:750)
"ExpiredContainerReplicaOpScrubberThread" daemon prio=5 tid=1211 timed_waiting
java.lang.Thread.State: TIMED_WAITING
        at java.lang.Object.wait(Native Method)
        at org.apache.hadoop.hdds.scm.ha.BackgroundSCMService.run(BackgroundSCMService.java:110)
        at org.apache.hadoop.hdds.scm.ha.BackgroundSCMService$$Lambda$395/1032689422.run(Unknown Source)
        at java.lang.Thread.run(Thread.java:750)
"pool-626-thread-1" daemon prio=5 tid=1477 timed_waiting
java.lang.Thread.State: TIMED_WAITING
        at sun.misc.Unsafe.park(Native Method)
        at java.util.concurrent.locks.LockSupport.parkNanos(LockSupport.java:215)
        at java.util.concurrent.locks.AbstractQueuedSynchronizer$ConditionObject.awaitNanos(AbstractQueuedSynchronizer.java:2078)
        at java.util.concurrent.ScheduledThreadPoolExecutor$DelayedWorkQueue.take(ScheduledThreadPoolExecutor.java:1093)
        at java.util.concurrent.ScheduledThreadPoolExecutor$DelayedWorkQueue.take(ScheduledThreadPoolExecutor.java:809)
        at java.util.concurrent.ThreadPoolExecutor.getTask(ThreadPoolExecutor.java:1074)
        at java.util.concurrent.ThreadPoolExecutor.runWorker(ThreadPoolExecutor.java:1134)
        at java.util.concurrent.ThreadPoolExecutor$Worker.run(ThreadPoolExecutor.java:624)
        at java.lang.Thread.run(Thread.java:750)
"b4158a24-f3b4-469a-87ed-87f7753bcb12-NettyServerStreamRpc-bossGroup--thread1"  prio=5 tid=1423 runnable
java.lang.Thread.State: RUNNABLE
        at sun.nio.ch.EPollArrayWrapper.epollWait(Native Method)
        at sun.nio.ch.EPollArrayWrapper.poll(EPollArrayWrapper.java:269)
        at sun.nio.ch.EPollSelectorImpl.doSelect(EPollSelectorImpl.java:93)
        at sun.nio.ch.SelectorImpl.lockAndDoSelect(SelectorImpl.java:86)
        at sun.nio.ch.SelectorImpl.select(SelectorImpl.java:97)
        at sun.nio.ch.SelectorImpl.select(SelectorImpl.java:101)
        at org.apache.ratis.thirdparty.io.netty.channel.nio.SelectedSelectionKeySetSelector.select(SelectedSelectionKeySetSelector.java:68)
        at org.apache.ratis.thirdparty.io.netty.channel.nio.NioEventLoop.select(NioEventLoop.java:813)
        at org.apache.ratis.thirdparty.io.netty.channel.nio.NioEventLoop.run(NioEventLoop.java:460)
        at org.apache.ratis.thirdparty.io.netty.util.concurrent.SingleThreadEventExecutor$4.run(SingleThreadEventExecutor.java:995)
        at org.apache.ratis.thirdparty.io.netty.util.internal.ThreadExecutorMap$2.run(ThreadExecutorMap.java:74)
        at java.lang.Thread.run(Thread.java:750)
"grpc-shared-destroyer-0" daemon prio=5 tid=1197 in Object.wait()
java.lang.Thread.State: WAITING (on object monitor)
        at sun.misc.Unsafe.park(Native Method)
        at java.util.concurrent.locks.LockSupport.park(LockSupport.java:175)
        at java.util.concurrent.locks.AbstractQueuedSynchronizer$ConditionObject.await(AbstractQueuedSynchronizer.java:2039)
        at java.util.concurrent.ScheduledThreadPoolExecutor$DelayedWorkQueue.take(ScheduledThreadPoolExecutor.java:1081)
        at java.util.concurrent.ScheduledThreadPoolExecutor$DelayedWorkQueue.take(ScheduledThreadPoolExecutor.java:809)
        at java.util.concurrent.ThreadPoolExecutor.getTask(ThreadPoolExecutor.java:1074)
        at java.util.concurrent.ThreadPoolExecutor.runWorker(ThreadPoolExecutor.java:1134)
        at java.util.concurrent.ThreadPoolExecutor$Worker.run(ThreadPoolExecutor.java:624)
        at java.lang.Thread.run(Thread.java:750)
"EventQueue-NodeRegistrationContainerReportForDataNodeSafeModeRule" daemon prio=5 tid=1603 in Object.wait()
java.lang.Thread.State: WAITING (on object monitor)
        at sun.misc.Unsafe.park(Native Method)
        at java.util.concurrent.locks.LockSupport.park(LockSupport.java:175)
        at java.util.concurrent.locks.AbstractQueuedSynchronizer$ConditionObject.await(AbstractQueuedSynchronizer.java:2039)
        at java.util.concurrent.LinkedBlockingQueue.take(LinkedBlockingQueue.java:442)
        at java.util.concurrent.ThreadPoolExecutor.getTask(ThreadPoolExecutor.java:1074)
        at java.util.concurrent.ThreadPoolExecutor.runWorker(ThreadPoolExecutor.java:1134)
        at java.util.concurrent.ThreadPoolExecutor$Worker.run(ThreadPoolExecutor.java:624)
        at java.lang.Thread.run(Thread.java:750)
"KeyDeletingService#0" daemon prio=5 tid=1330 timed_waiting
java.lang.Thread.State: TIMED_WAITING
        at sun.misc.Unsafe.park(Native Method)
        at java.util.concurrent.locks.LockSupport.parkNanos(LockSupport.java:215)
        at java.util.concurrent.locks.AbstractQueuedSynchronizer$ConditionObject.awaitNanos(AbstractQueuedSynchronizer.java:2078)
        at java.util.concurrent.ScheduledThreadPoolExecutor$DelayedWorkQueue.take(ScheduledThreadPoolExecutor.java:1093)
        at java.util.concurrent.ScheduledThreadPoolExecutor$DelayedWorkQueue.take(ScheduledThreadPoolExecutor.java:809)
        at java.util.concurrent.ThreadPoolExecutor.getTask(ThreadPoolExecutor.java:1074)
        at java.util.concurrent.ThreadPoolExecutor.runWorker(ThreadPoolExecutor.java:1134)
        at java.util.concurrent.ThreadPoolExecutor$Worker.run(ThreadPoolExecutor.java:624)
        at java.lang.Thread.run(Thread.java:750)
"ChunkWriter-2-0" daemon prio=5 tid=1557 in Object.wait()
java.lang.Thread.State: WAITING (on object monitor)
        at sun.misc.Unsafe.park(Native Method)
        at java.util.concurrent.locks.LockSupport.park(LockSupport.java:175)
        at java.util.concurrent.locks.AbstractQueuedSynchronizer$ConditionObject.await(AbstractQueuedSynchronizer.java:2039)
        at java.util.concurrent.LinkedBlockingDeque.takeFirst(LinkedBlockingDeque.java:492)
        at java.util.concurrent.LinkedBlockingDeque.take(LinkedBlockingDeque.java:680)
        at java.util.concurrent.ThreadPoolExecutor.getTask(ThreadPoolExecutor.java:1074)
        at java.util.concurrent.ThreadPoolExecutor.runWorker(ThreadPoolExecutor.java:1134)
        at java.util.concurrent.ThreadPoolExecutor$Worker.run(ThreadPoolExecutor.java:624)
        at java.lang.Thread.run(Thread.java:750)
"710767cc-7b4a-4f75-833c-d89a4e7b1741-NettyServerStreamRpc-bossGroup--thread1"  prio=5 tid=1118 runnable
java.lang.Thread.State: RUNNABLE
        at sun.nio.ch.EPollArrayWrapper.epollWait(Native Method)
        at sun.nio.ch.EPollArrayWrapper.poll(EPollArrayWrapper.java:269)
        at sun.nio.ch.EPollSelectorImpl.doSelect(EPollSelectorImpl.java:93)
        at sun.nio.ch.SelectorImpl.lockAndDoSelect(SelectorImpl.java:86)
        at sun.nio.ch.SelectorImpl.select(SelectorImpl.java:97)
        at sun.nio.ch.SelectorImpl.select(SelectorImpl.java:101)
        at org.apache.ratis.thirdparty.io.netty.channel.nio.SelectedSelectionKeySetSelector.select(SelectedSelectionKeySetSelector.java:68)
        at org.apache.ratis.thirdparty.io.netty.channel.nio.NioEventLoop.select(NioEventLoop.java:813)
        at org.apache.ratis.thirdparty.io.netty.channel.nio.NioEventLoop.run(NioEventLoop.java:460)
        at org.apache.ratis.thirdparty.io.netty.util.concurrent.SingleThreadEventExecutor$4.run(SingleThreadEventExecutor.java:995)
        at org.apache.ratis.thirdparty.io.netty.util.internal.ThreadExecutorMap$2.run(ThreadExecutorMap.java:74)
        at java.lang.Thread.run(Thread.java:750)
"EventQueue-CommandQueueReportForCommandQueueReportHandler" daemon prio=5 tid=1607 in Object.wait()
java.lang.Thread.State: WAITING (on object monitor)
        at sun.misc.Unsafe.park(Native Method)
        at java.util.concurrent.locks.LockSupport.park(LockSupport.java:175)
        at java.util.concurrent.locks.AbstractQueuedSynchronizer$ConditionObject.await(AbstractQueuedSynchronizer.java:2039)
        at java.util.concurrent.LinkedBlockingQueue.take(LinkedBlockingQueue.java:442)
        at java.util.concurrent.ThreadPoolExecutor.getTask(ThreadPoolExecutor.java:1074)
        at java.util.concurrent.ThreadPoolExecutor.runWorker(ThreadPoolExecutor.java:1134)
        at java.util.concurrent.ThreadPoolExecutor$Worker.run(ThreadPoolExecutor.java:624)
        at java.lang.Thread.run(Thread.java:750)
"StaleRecoveringContainerScrubbingService#2" daemon prio=5 tid=1744 in Object.wait()
java.lang.Thread.State: WAITING (on object monitor)
        at sun.misc.Unsafe.park(Native Method)
        at java.util.concurrent.locks.LockSupport.park(LockSupport.java:175)
        at java.util.concurrent.locks.AbstractQueuedSynchronizer$ConditionObject.await(AbstractQueuedSynchronizer.java:2039)
        at java.util.concurrent.ScheduledThreadPoolExecutor$DelayedWorkQueue.take(ScheduledThreadPoolExecutor.java:1088)
        at java.util.concurrent.ScheduledThreadPoolExecutor$DelayedWorkQueue.take(ScheduledThreadPoolExecutor.java:809)
        at java.util.concurrent.ThreadPoolExecutor.getTask(ThreadPoolExecutor.java:1074)
        at java.util.concurrent.ThreadPoolExecutor.runWorker(ThreadPoolExecutor.java:1134)
        at java.util.concurrent.ThreadPoolExecutor$Worker.run(ThreadPoolExecutor.java:624)
        at java.lang.Thread.run(Thread.java:750)
"edaf4ec7-b5bd-443f-91da-280c30b6b0af-NettyServerStreamRpc-bossGroup--thread1"  prio=5 tid=1369 runnable
java.lang.Thread.State: RUNNABLE
        at sun.nio.ch.EPollArrayWrapper.epollWait(Native Method)
        at sun.nio.ch.EPollArrayWrapper.poll(EPollArrayWrapper.java:269)
        at sun.nio.ch.EPollSelectorImpl.doSelect(EPollSelectorImpl.java:93)
        at sun.nio.ch.SelectorImpl.lockAndDoSelect(SelectorImpl.java:86)
        at sun.nio.ch.SelectorImpl.select(SelectorImpl.java:97)
        at sun.nio.ch.SelectorImpl.select(SelectorImpl.java:101)
        at org.apache.ratis.thirdparty.io.netty.channel.nio.SelectedSelectionKeySetSelector.select(SelectedSelectionKeySetSelector.java:68)
        at org.apache.ratis.thirdparty.io.netty.channel.nio.NioEventLoop.select(NioEventLoop.java:813)
        at org.apache.ratis.thirdparty.io.netty.channel.nio.NioEventLoop.run(NioEventLoop.java:460)
        at org.apache.ratis.thirdparty.io.netty.util.concurrent.SingleThreadEventExecutor$4.run(SingleThreadEventExecutor.java:995)
        at org.apache.ratis.thirdparty.io.netty.util.internal.ThreadExecutorMap$2.run(ThreadExecutorMap.java:74)
        at java.lang.Thread.run(Thread.java:750)
"BlockDeletingService#2" daemon prio=5 tid=1745 in Object.wait()
java.lang.Thread.State: WAITING (on object monitor)
        at sun.misc.Unsafe.park(Native Method)
        at java.util.concurrent.locks.LockSupport.park(LockSupport.java:175)
        at java.util.concurrent.locks.AbstractQueuedSynchronizer$ConditionObject.await(AbstractQueuedSynchronizer.java:2039)
        at java.util.concurrent.ScheduledThreadPoolExecutor$DelayedWorkQueue.take(ScheduledThreadPoolExecutor.java:1088)
        at java.util.concurrent.ScheduledThreadPoolExecutor$DelayedWorkQueue.take(ScheduledThreadPoolExecutor.java:809)
        at java.util.concurrent.ThreadPoolExecutor.getTask(ThreadPoolExecutor.java:1074)
        at java.util.concurrent.ThreadPoolExecutor.runWorker(ThreadPoolExecutor.java:1134)
        at java.util.concurrent.ThreadPoolExecutor$Worker.run(ThreadPoolExecutor.java:624)
        at java.lang.Thread.run(Thread.java:750)
"IPC Server idle connection scanner for port 35879" daemon prio=5 tid=1222 timed_waiting
java.lang.Thread.State: TIMED_WAITING
        at java.lang.Object.wait(Native Method)
        at java.util.TimerThread.mainLoop(Timer.java:552)
        at java.util.TimerThread.run(Timer.java:505)
"Command processor thread" daemon prio=5 tid=1471 timed_waiting
java.lang.Thread.State: TIMED_WAITING
        at java.lang.Thread.sleep(Native Method)
        at org.apache.hadoop.ozone.container.common.statemachine.DatanodeStateMachine.lambda$initCommandHandlerThread$3(DatanodeStateMachine.java:644)
        at org.apache.hadoop.ozone.container.common.statemachine.DatanodeStateMachine$$Lambda$800/1120719356.run(Unknown Source)
        at java.lang.Thread.run(Thread.java:750)
"Datanode ReportManager Thread - 1" daemon prio=5 tid=1467 in Object.wait()
java.lang.Thread.State: WAITING (on object monitor)
        at sun.misc.Unsafe.park(Native Method)
        at java.util.concurrent.locks.LockSupport.park(LockSupport.java:175)
        at java.util.concurrent.locks.AbstractQueuedSynchronizer$ConditionObject.await(AbstractQueuedSynchronizer.java:2039)
        at java.util.concurrent.ScheduledThreadPoolExecutor$DelayedWorkQueue.take(ScheduledThreadPoolExecutor.java:1088)
        at java.util.concurrent.ScheduledThreadPoolExecutor$DelayedWorkQueue.take(ScheduledThreadPoolExecutor.java:809)
        at java.util.concurrent.ThreadPoolExecutor.getTask(ThreadPoolExecutor.java:1074)
        at java.util.concurrent.ThreadPoolExecutor.runWorker(ThreadPoolExecutor.java:1134)
        at java.util.concurrent.ThreadPoolExecutor$Worker.run(ThreadPoolExecutor.java:624)
        at java.lang.Thread.run(Thread.java:750)
"OM StateMachine ApplyTransaction Thread - 0" daemon prio=5 tid=1736 in Object.wait()
java.lang.Thread.State: WAITING (on object monitor)
        at sun.misc.Unsafe.park(Native Method)
        at java.util.concurrent.locks.LockSupport.park(LockSupport.java:175)
        at java.util.concurrent.locks.AbstractQueuedSynchronizer$ConditionObject.await(AbstractQueuedSynchronizer.java:2039)
        at java.util.concurrent.LinkedBlockingQueue.take(LinkedBlockingQueue.java:442)
        at java.util.concurrent.ThreadPoolExecutor.getTask(ThreadPoolExecutor.java:1074)
        at java.util.concurrent.ThreadPoolExecutor.runWorker(ThreadPoolExecutor.java:1134)
        at java.util.concurrent.ThreadPoolExecutor$Worker.run(ThreadPoolExecutor.java:624)
        at java.lang.Thread.run(Thread.java:750)
"pool-550-thread-1"  prio=5 tid=1372 timed_waiting
java.lang.Thread.State: TIMED_WAITING
        at sun.misc.Unsafe.park(Native Method)
        at java.util.concurrent.locks.LockSupport.parkNanos(LockSupport.java:215)
        at java.util.concurrent.locks.AbstractQueuedSynchronizer$ConditionObject.awaitNanos(AbstractQueuedSynchronizer.java:2078)
        at java.util.concurrent.ScheduledThreadPoolExecutor$DelayedWorkQueue.take(ScheduledThreadPoolExecutor.java:1093)
        at java.util.concurrent.ScheduledThreadPoolExecutor$DelayedWorkQueue.take(ScheduledThreadPoolExecutor.java:809)
        at java.util.concurrent.ThreadPoolExecutor.getTask(ThreadPoolExecutor.java:1074)
        at java.util.concurrent.ThreadPoolExecutor.runWorker(ThreadPoolExecutor.java:1134)
        at java.util.concurrent.ThreadPoolExecutor$Worker.run(ThreadPoolExecutor.java:624)
        at java.lang.Thread.run(Thread.java:750)
"ChunkReader-ELG-0" daemon prio=5 tid=1572 runnable
java.lang.Thread.State: RUNNABLE
        at org.apache.ratis.thirdparty.io.netty.channel.epoll.Native.epollWait(Native Method)
        at org.apache.ratis.thirdparty.io.netty.channel.epoll.Native.epollWait(Native.java:209)
        at org.apache.ratis.thirdparty.io.netty.channel.epoll.Native.epollWait(Native.java:202)
        at org.apache.ratis.thirdparty.io.netty.channel.epoll.EpollEventLoop.epollWaitNoTimerChange(EpollEventLoop.java:294)
        at org.apache.ratis.thirdparty.io.netty.channel.epoll.EpollEventLoop.run(EpollEventLoop.java:351)
        at org.apache.ratis.thirdparty.io.netty.util.concurrent.SingleThreadEventExecutor$4.run(SingleThreadEventExecutor.java:995)
        at org.apache.ratis.thirdparty.io.netty.util.internal.ThreadExecutorMap$2.run(ThreadExecutorMap.java:74)
        at java.lang.Thread.run(Thread.java:750)
"qtp1987612084-1514" daemon prio=5 tid=1514 timed_waiting
java.lang.Thread.State: TIMED_WAITING
        at sun.misc.Unsafe.park(Native Method)
        at java.util.concurrent.locks.LockSupport.parkNanos(LockSupport.java:215)
        at java.util.concurrent.locks.AbstractQueuedSynchronizer$ConditionObject.awaitNanos(AbstractQueuedSynchronizer.java:2078)
        at org.eclipse.jetty.util.BlockingArrayQueue.poll(BlockingArrayQueue.java:382)
        at org.eclipse.jetty.util.thread.QueuedThreadPool$Runner.idleJobPoll(QueuedThreadPool.java:974)
        at org.eclipse.jetty.util.thread.QueuedThreadPool$Runner.run(QueuedThreadPool.java:1018)
        at java.lang.Thread.run(Thread.java:750)
"qtp141484792-1454" daemon prio=5 tid=1454 runnable
java.lang.Thread.State: RUNNABLE
        at sun.nio.ch.EPollArrayWrapper.epollWait(Native Method)
        at sun.nio.ch.EPollArrayWrapper.poll(EPollArrayWrapper.java:269)
        at sun.nio.ch.EPollSelectorImpl.doSelect(EPollSelectorImpl.java:93)
        at sun.nio.ch.SelectorImpl.lockAndDoSelect(SelectorImpl.java:86)
        at sun.nio.ch.SelectorImpl.select(SelectorImpl.java:97)
        at sun.nio.ch.SelectorImpl.select(SelectorImpl.java:101)
        at org.eclipse.jetty.io.ManagedSelector.nioSelect(ManagedSelector.java:183)
        at org.eclipse.jetty.io.ManagedSelector.select(ManagedSelector.java:190)
        at org.eclipse.jetty.io.ManagedSelector$SelectorProducer.select(ManagedSelector.java:606)
        at org.eclipse.jetty.io.ManagedSelector$SelectorProducer.produce(ManagedSelector.java:543)
        at org.eclipse.jetty.util.thread.strategy.EatWhatYouKill.produceTask(EatWhatYouKill.java:362)
        at org.eclipse.jetty.util.thread.strategy.EatWhatYouKill.doProduce(EatWhatYouKill.java:186)
        at org.eclipse.jetty.util.thread.strategy.EatWhatYouKill.tryProduce(EatWhatYouKill.java:173)
        at org.eclipse.jetty.util.thread.strategy.EatWhatYouKill.produce(EatWhatYouKill.java:137)
        at org.eclipse.jetty.io.ManagedSelector$$Lambda$468/1724067349.run(Unknown Source)
        at org.eclipse.jetty.util.thread.QueuedThreadPool.runJob(QueuedThreadPool.java:883)
        at org.eclipse.jetty.util.thread.QueuedThreadPool$Runner.run(QueuedThreadPool.java:1034)
        at java.lang.Thread.run(Thread.java:750)
"Session-HouseKeeper-5c0ecacc-1"  prio=5 tid=1311 timed_waiting
java.lang.Thread.State: TIMED_WAITING
        at sun.misc.Unsafe.park(Native Method)
        at java.util.concurrent.locks.LockSupport.parkNanos(LockSupport.java:215)
        at java.util.concurrent.locks.AbstractQueuedSynchronizer$ConditionObject.awaitNanos(AbstractQueuedSynchronizer.java:2078)
        at java.util.concurrent.ScheduledThreadPoolExecutor$DelayedWorkQueue.take(ScheduledThreadPoolExecutor.java:1093)
        at java.util.concurrent.ScheduledThreadPoolExecutor$DelayedWorkQueue.take(ScheduledThreadPoolExecutor.java:809)
        at java.util.concurrent.ThreadPoolExecutor.getTask(ThreadPoolExecutor.java:1074)
        at java.util.concurrent.ThreadPoolExecutor.runWorker(ThreadPoolExecutor.java:1134)
        at java.util.concurrent.ThreadPoolExecutor$Worker.run(ThreadPoolExecutor.java:624)
        at java.lang.Thread.run(Thread.java:750)
"IPC Server handler 8 on default port 44023" daemon prio=5 tid=1351 timed_waiting
java.lang.Thread.State: TIMED_WAITING
        at sun.misc.Unsafe.park(Native Method)
        at java.util.concurrent.locks.LockSupport.parkNanos(LockSupport.java:215)
        at java.util.concurrent.locks.AbstractQueuedSynchronizer$ConditionObject.awaitNanos(AbstractQueuedSynchronizer.java:2078)
        at java.util.concurrent.LinkedBlockingQueue.poll(LinkedBlockingQueue.java:467)
        at org.apache.hadoop.ipc.CallQueueManager.take(CallQueueManager.java:317)
        at org.apache.hadoop.ipc.Server$Handler.run(Server.java:2942)
"Datanode ReportManager Thread - 2" daemon prio=5 tid=1439 in Object.wait()
java.lang.Thread.State: WAITING (on object monitor)
        at sun.misc.Unsafe.park(Native Method)
        at java.util.concurrent.locks.LockSupport.park(LockSupport.java:175)
        at java.util.concurrent.locks.AbstractQueuedSynchronizer$ConditionObject.await(AbstractQueuedSynchronizer.java:2039)
        at java.util.concurrent.ScheduledThreadPoolExecutor$DelayedWorkQueue.take(ScheduledThreadPoolExecutor.java:1088)
        at java.util.concurrent.ScheduledThreadPoolExecutor$DelayedWorkQueue.take(ScheduledThreadPoolExecutor.java:809)
        at java.util.concurrent.ThreadPoolExecutor.getTask(ThreadPoolExecutor.java:1074)
        at java.util.concurrent.ThreadPoolExecutor.runWorker(ThreadPoolExecutor.java:1134)
        at java.util.concurrent.ThreadPoolExecutor$Worker.run(ThreadPoolExecutor.java:624)
        at java.lang.Thread.run(Thread.java:750)
"qtp638093446-1373" daemon prio=5 tid=1373 runnable
java.lang.Thread.State: RUNNABLE
        at sun.nio.ch.EPollArrayWrapper.epollWait(Native Method)
        at sun.nio.ch.EPollArrayWrapper.poll(EPollArrayWrapper.java:269)
        at sun.nio.ch.EPollSelectorImpl.doSelect(EPollSelectorImpl.java:93)
        at sun.nio.ch.SelectorImpl.lockAndDoSelect(SelectorImpl.java:86)
        at sun.nio.ch.SelectorImpl.select(SelectorImpl.java:97)
        at sun.nio.ch.SelectorImpl.select(SelectorImpl.java:101)
        at org.eclipse.jetty.io.ManagedSelector.nioSelect(ManagedSelector.java:183)
        at org.eclipse.jetty.io.ManagedSelector.select(ManagedSelector.java:190)
        at org.eclipse.jetty.io.ManagedSelector$SelectorProducer.select(ManagedSelector.java:606)
        at org.eclipse.jetty.io.ManagedSelector$SelectorProducer.produce(ManagedSelector.java:543)
        at org.eclipse.jetty.util.thread.strategy.EatWhatYouKill.produceTask(EatWhatYouKill.java:362)
        at org.eclipse.jetty.util.thread.strategy.EatWhatYouKill.doProduce(EatWhatYouKill.java:186)
        at org.eclipse.jetty.util.thread.strategy.EatWhatYouKill.tryProduce(EatWhatYouKill.java:173)
        at org.eclipse.jetty.util.thread.strategy.EatWhatYouKill.produce(EatWhatYouKill.java:137)
        at org.eclipse.jetty.io.ManagedSelector$$Lambda$468/1724067349.run(Unknown Source)
        at org.eclipse.jetty.util.thread.QueuedThreadPool.runJob(QueuedThreadPool.java:883)
        at org.eclipse.jetty.util.thread.QueuedThreadPool$Runner.run(QueuedThreadPool.java:1034)
        at java.lang.Thread.run(Thread.java:750)
"fe85205b-7d0e-4b68-96f2-42eee8168b18-NettyServerStreamRpc-bossGroup--thread1"  prio=5 tid=1396 runnable
java.lang.Thread.State: RUNNABLE
        at sun.nio.ch.EPollArrayWrapper.epollWait(Native Method)
        at sun.nio.ch.EPollArrayWrapper.poll(EPollArrayWrapper.java:269)
        at sun.nio.ch.EPollSelectorImpl.doSelect(EPollSelectorImpl.java:93)
        at sun.nio.ch.SelectorImpl.lockAndDoSelect(SelectorImpl.java:86)
        at sun.nio.ch.SelectorImpl.select(SelectorImpl.java:97)
        at sun.nio.ch.SelectorImpl.select(SelectorImpl.java:101)
        at org.apache.ratis.thirdparty.io.netty.channel.nio.SelectedSelectionKeySetSelector.select(SelectedSelectionKeySetSelector.java:68)
        at org.apache.ratis.thirdparty.io.netty.channel.nio.NioEventLoop.select(NioEventLoop.java:813)
        at org.apache.ratis.thirdparty.io.netty.channel.nio.NioEventLoop.run(NioEventLoop.java:460)
        at org.apache.ratis.thirdparty.io.netty.util.concurrent.SingleThreadEventExecutor$4.run(SingleThreadEventExecutor.java:995)
        at org.apache.ratis.thirdparty.io.netty.util.internal.ThreadExecutorMap$2.run(ThreadExecutorMap.java:74)
        at java.lang.Thread.run(Thread.java:750)
"IPC Server listener on 0" daemon prio=5 tid=1224 runnable
java.lang.Thread.State: RUNNABLE
        at sun.nio.ch.EPollArrayWrapper.epollWait(Native Method)
        at sun.nio.ch.EPollArrayWrapper.poll(EPollArrayWrapper.java:269)
        at sun.nio.ch.EPollSelectorImpl.doSelect(EPollSelectorImpl.java:93)
        at sun.nio.ch.SelectorImpl.lockAndDoSelect(SelectorImpl.java:86)
        at sun.nio.ch.SelectorImpl.select(SelectorImpl.java:97)
        at sun.nio.ch.SelectorImpl.select(SelectorImpl.java:101)
        at org.apache.hadoop.ipc.Server$Listener.run(Server.java:1358)
"qtp1822910383-1488" daemon prio=5 tid=1488 timed_waiting
java.lang.Thread.State: TIMED_WAITING
        at sun.misc.Unsafe.park(Native Method)
        at java.util.concurrent.locks.LockSupport.parkNanos(LockSupport.java:215)
        at java.util.concurrent.locks.AbstractQueuedSynchronizer$ConditionObject.awaitNanos(AbstractQueuedSynchronizer.java:2078)
        at org.eclipse.jetty.util.BlockingArrayQueue.poll(BlockingArrayQueue.java:382)
        at org.eclipse.jetty.util.thread.QueuedThreadPool$Runner.idleJobPoll(QueuedThreadPool.java:974)
        at org.eclipse.jetty.util.thread.QueuedThreadPool$Runner.run(QueuedThreadPool.java:1018)
        at java.lang.Thread.run(Thread.java:750)
"Datanode State Machine Task Thread - 0"  prio=5 tid=1473 in Object.wait()
java.lang.Thread.State: WAITING (on object monitor)
        at sun.misc.Unsafe.park(Native Method)
        at java.util.concurrent.locks.LockSupport.park(LockSupport.java:175)
        at java.util.concurrent.locks.AbstractQueuedSynchronizer$ConditionObject.await(AbstractQueuedSynchronizer.java:2039)
        at java.util.concurrent.LinkedBlockingQueue.take(LinkedBlockingQueue.java:442)
        at java.util.concurrent.ThreadPoolExecutor.getTask(ThreadPoolExecutor.java:1074)
        at java.util.concurrent.ThreadPoolExecutor.runWorker(ThreadPoolExecutor.java:1134)
        at java.util.concurrent.ThreadPoolExecutor$Worker.run(ThreadPoolExecutor.java:624)
        at java.lang.Thread.run(Thread.java:750)
"Session-HouseKeeper-41402d1b-1"  prio=5 tid=1342 timed_waiting
java.lang.Thread.State: TIMED_WAITING
        at sun.misc.Unsafe.park(Native Method)
        at java.util.concurrent.locks.LockSupport.parkNanos(LockSupport.java:215)
        at java.util.concurrent.locks.AbstractQueuedSynchronizer$ConditionObject.awaitNanos(AbstractQueuedSynchronizer.java:2078)
        at java.util.concurrent.ScheduledThreadPoolExecutor$DelayedWorkQueue.take(ScheduledThreadPoolExecutor.java:1093)
        at java.util.concurrent.ScheduledThreadPoolExecutor$DelayedWorkQueue.take(ScheduledThreadPoolExecutor.java:809)
        at java.util.concurrent.ThreadPoolExecutor.getTask(ThreadPoolExecutor.java:1074)
        at java.util.concurrent.ThreadPoolExecutor.runWorker(ThreadPoolExecutor.java:1134)
        at java.util.concurrent.ThreadPoolExecutor$Worker.run(ThreadPoolExecutor.java:624)
        at java.lang.Thread.run(Thread.java:750)
"Session-HouseKeeper-7eeaad10-1"  prio=5 tid=1435 timed_waiting
java.lang.Thread.State: TIMED_WAITING
        at sun.misc.Unsafe.park(Native Method)
        at java.util.concurrent.locks.LockSupport.parkNanos(LockSupport.java:215)
        at java.util.concurrent.locks.AbstractQueuedSynchronizer$ConditionObject.awaitNanos(AbstractQueuedSynchronizer.java:2078)
        at java.util.concurrent.ScheduledThreadPoolExecutor$DelayedWorkQueue.take(ScheduledThreadPoolExecutor.java:1093)
        at java.util.concurrent.ScheduledThreadPoolExecutor$DelayedWorkQueue.take(ScheduledThreadPoolExecutor.java:809)
        at java.util.concurrent.ThreadPoolExecutor.getTask(ThreadPoolExecutor.java:1074)
        at java.util.concurrent.ThreadPoolExecutor.runWorker(ThreadPoolExecutor.java:1134)
        at java.util.concurrent.ThreadPoolExecutor$Worker.run(ThreadPoolExecutor.java:624)
        at java.lang.Thread.run(Thread.java:750)
"Datanode ReportManager Thread - 2" daemon prio=5 tid=1495 in Object.wait()
java.lang.Thread.State: WAITING (on object monitor)
        at sun.misc.Unsafe.park(Native Method)
        at java.util.concurrent.locks.LockSupport.park(LockSupport.java:175)
        at java.util.concurrent.locks.AbstractQueuedSynchronizer$ConditionObject.await(AbstractQueuedSynchronizer.java:2039)
        at java.util.concurrent.ScheduledThreadPoolExecutor$DelayedWorkQueue.take(ScheduledThreadPoolExecutor.java:1088)
        at java.util.concurrent.ScheduledThreadPoolExecutor$DelayedWorkQueue.take(ScheduledThreadPoolExecutor.java:809)
        at java.util.concurrent.ThreadPoolExecutor.getTask(ThreadPoolExecutor.java:1074)
        at java.util.concurrent.ThreadPoolExecutor.runWorker(ThreadPoolExecutor.java:1134)
        at java.util.concurrent.ThreadPoolExecutor$Worker.run(ThreadPoolExecutor.java:624)
        at java.lang.Thread.run(Thread.java:750)
"pool-665-thread-1"  prio=5 tid=1509 timed_waiting
java.lang.Thread.State: TIMED_WAITING
        at sun.misc.Unsafe.park(Native Method)
        at java.util.concurrent.locks.LockSupport.parkNanos(LockSupport.java:215)
        at java.util.concurrent.locks.AbstractQueuedSynchronizer$ConditionObject.awaitNanos(AbstractQueuedSynchronizer.java:2078)
        at java.util.concurrent.ScheduledThreadPoolExecutor$DelayedWorkQueue.take(ScheduledThreadPoolExecutor.java:1093)
        at java.util.concurrent.ScheduledThreadPoolExecutor$DelayedWorkQueue.take(ScheduledThreadPoolExecutor.java:809)
        at java.util.concurrent.ThreadPoolExecutor.getTask(ThreadPoolExecutor.java:1074)
        at java.util.concurrent.ThreadPoolExecutor.runWorker(ThreadPoolExecutor.java:1134)
        at java.util.concurrent.ThreadPoolExecutor$Worker.run(ThreadPoolExecutor.java:624)
        at java.lang.Thread.run(Thread.java:750)
"IPC Server handler 5 on default port 33251" daemon prio=5 tid=1285 timed_waiting
java.lang.Thread.State: TIMED_WAITING
        at sun.misc.Unsafe.park(Native Method)
        at java.util.concurrent.locks.LockSupport.parkNanos(LockSupport.java:215)
        at java.util.concurrent.locks.AbstractQueuedSynchronizer$ConditionObject.awaitNanos(AbstractQueuedSynchronizer.java:2078)
        at java.util.concurrent.LinkedBlockingQueue.poll(LinkedBlockingQueue.java:467)
        at org.apache.hadoop.ipc.CallQueueManager.take(CallQueueManager.java:317)
        at org.apache.hadoop.ipc.Server$Handler.run(Server.java:2942)
"OMDoubleBufferFlushThread" daemon prio=5 tid=1315 timed_waiting
java.lang.Thread.State: TIMED_WAITING
        at java.lang.Object.wait(Native Method)
        at org.apache.hadoop.ozone.om.ratis.OzoneManagerDoubleBuffer.canFlush(OzoneManagerDoubleBuffer.java:547)
        at org.apache.hadoop.ozone.om.ratis.OzoneManagerDoubleBuffer.flushTransactions(OzoneManagerDoubleBuffer.java:268)
        at org.apache.hadoop.ozone.om.ratis.OzoneManagerDoubleBuffer$$Lambda$527/292769085.run(Unknown Source)
        at java.lang.Thread.run(Thread.java:750)
"qtp141484792-1457" daemon prio=5 tid=1457 timed_waiting
java.lang.Thread.State: TIMED_WAITING
        at sun.misc.Unsafe.park(Native Method)
        at java.util.concurrent.locks.LockSupport.parkNanos(LockSupport.java:215)
        at java.util.concurrent.locks.AbstractQueuedSynchronizer$ConditionObject.awaitNanos(AbstractQueuedSynchronizer.java:2078)
        at org.eclipse.jetty.util.BlockingArrayQueue.poll(BlockingArrayQueue.java:382)
        at org.eclipse.jetty.util.thread.QueuedThreadPool$Runner.idleJobPoll(QueuedThreadPool.java:974)
        at org.eclipse.jetty.util.thread.QueuedThreadPool$Runner.run(QueuedThreadPool.java:1018)
        at java.lang.Thread.run(Thread.java:750)
"IPC Server listener on 0" daemon prio=5 tid=1220 runnable
java.lang.Thread.State: RUNNABLE
        at sun.nio.ch.EPollArrayWrapper.epollWait(Native Method)
        at sun.nio.ch.EPollArrayWrapper.poll(EPollArrayWrapper.java:269)
        at sun.nio.ch.EPollSelectorImpl.doSelect(EPollSelectorImpl.java:93)
        at sun.nio.ch.SelectorImpl.lockAndDoSelect(SelectorImpl.java:86)
        at sun.nio.ch.SelectorImpl.select(SelectorImpl.java:97)
        at sun.nio.ch.SelectorImpl.select(SelectorImpl.java:101)
        at org.apache.hadoop.ipc.Server$Listener.run(Server.java:1358)
"Datanode State Machine Task Thread - 1"  prio=5 tid=1589 in Object.wait()
java.lang.Thread.State: WAITING (on object monitor)
        at sun.misc.Unsafe.park(Native Method)
        at java.util.concurrent.locks.LockSupport.park(LockSupport.java:175)
        at java.util.concurrent.locks.AbstractQueuedSynchronizer$ConditionObject.await(AbstractQueuedSynchronizer.java:2039)
        at java.util.concurrent.LinkedBlockingQueue.take(LinkedBlockingQueue.java:442)
        at java.util.concurrent.ThreadPoolExecutor.getTask(ThreadPoolExecutor.java:1074)
        at java.util.concurrent.ThreadPoolExecutor.runWorker(ThreadPoolExecutor.java:1134)
        at java.util.concurrent.ThreadPoolExecutor$Worker.run(ThreadPoolExecutor.java:624)
        at java.lang.Thread.run(Thread.java:750)
"org.apache.hadoop.ozone.container.common.statemachine.commandhandler.DeleteBlocksCommandHandler$DeleteCmdWorker@1db9a962" daemon prio=5 tid=1371 timed_waiting
java.lang.Thread.State: TIMED_WAITING
        at java.lang.Thread.sleep(Native Method)
        at org.apache.hadoop.ozone.container.common.statemachine.commandhandler.DeleteBlocksCommandHandler$DeleteCmdWorker.run(DeleteBlocksCommandHandler.java:184)
        at java.lang.Thread.run(Thread.java:750)
"om1-NettyServerStreamRpc-bossGroup--thread1"  prio=5 tid=1316 runnable
java.lang.Thread.State: RUNNABLE
        at sun.nio.ch.EPollArrayWrapper.epollWait(Native Method)
        at sun.nio.ch.EPollArrayWrapper.poll(EPollArrayWrapper.java:269)
        at sun.nio.ch.EPollSelectorImpl.doSelect(EPollSelectorImpl.java:93)
        at sun.nio.ch.SelectorImpl.lockAndDoSelect(SelectorImpl.java:86)
        at sun.nio.ch.SelectorImpl.select(SelectorImpl.java:97)
        at sun.nio.ch.SelectorImpl.select(SelectorImpl.java:101)
        at org.apache.ratis.thirdparty.io.netty.channel.nio.SelectedSelectionKeySetSelector.select(SelectedSelectionKeySetSelector.java:68)
        at org.apache.ratis.thirdparty.io.netty.channel.nio.NioEventLoop.select(NioEventLoop.java:813)
        at org.apache.ratis.thirdparty.io.netty.channel.nio.NioEventLoop.run(NioEventLoop.java:460)
        at org.apache.ratis.thirdparty.io.netty.util.concurrent.SingleThreadEventExecutor$4.run(SingleThreadEventExecutor.java:995)
        at org.apache.ratis.thirdparty.io.netty.util.internal.ThreadExecutorMap$2.run(ThreadExecutorMap.java:74)
        at java.lang.Thread.run(Thread.java:750)
"ChunkWriter-3-0" daemon prio=5 tid=1594 in Object.wait()
java.lang.Thread.State: WAITING (on object monitor)
        at sun.misc.Unsafe.park(Native Method)
        at java.util.concurrent.locks.LockSupport.park(LockSupport.java:175)
        at java.util.concurrent.locks.AbstractQueuedSynchronizer$ConditionObject.await(AbstractQueuedSynchronizer.java:2039)
        at java.util.concurrent.LinkedBlockingDeque.takeFirst(LinkedBlockingDeque.java:492)
        at java.util.concurrent.LinkedBlockingDeque.take(LinkedBlockingDeque.java:680)
        at java.util.concurrent.ThreadPoolExecutor.getTask(ThreadPoolExecutor.java:1074)
        at java.util.concurrent.ThreadPoolExecutor.runWorker(ThreadPoolExecutor.java:1134)
        at java.util.concurrent.ThreadPoolExecutor$Worker.run(ThreadPoolExecutor.java:624)
        at java.lang.Thread.run(Thread.java:750)
"pool-633-thread-1"  prio=5 tid=1646 in Object.wait()
java.lang.Thread.State: WAITING (on object monitor)
        at sun.misc.Unsafe.park(Native Method)
        at java.util.concurrent.locks.LockSupport.park(LockSupport.java:175)
        at java.util.concurrent.locks.AbstractQueuedSynchronizer$ConditionObject.await(AbstractQueuedSynchronizer.java:2039)
        at java.util.concurrent.LinkedBlockingQueue.take(LinkedBlockingQueue.java:442)
        at java.util.concurrent.ThreadPoolExecutor.getTask(ThreadPoolExecutor.java:1074)
        at java.util.concurrent.ThreadPoolExecutor.runWorker(ThreadPoolExecutor.java:1134)
        at java.util.concurrent.ThreadPoolExecutor$Worker.run(ThreadPoolExecutor.java:624)
        at java.lang.Thread.run(Thread.java:750)
"IPC Server handler 12 on default port 35879" daemon prio=5 tid=1272 timed_waiting
java.lang.Thread.State: TIMED_WAITING
        at sun.misc.Unsafe.park(Native Method)
        at java.util.concurrent.locks.LockSupport.parkNanos(LockSupport.java:215)
        at java.util.concurrent.locks.AbstractQueuedSynchronizer$ConditionObject.awaitNanos(AbstractQueuedSynchronizer.java:2078)
        at java.util.concurrent.LinkedBlockingQueue.poll(LinkedBlockingQueue.java:467)
        at org.apache.hadoop.ipc.CallQueueManager.take(CallQueueManager.java:317)
        at org.apache.hadoop.ipc.Server$Handler.run(Server.java:2942)
"SCMBlockDeletingService#0" daemon prio=5 tid=1300 timed_waiting
java.lang.Thread.State: TIMED_WAITING
        at sun.misc.Unsafe.park(Native Method)
        at java.util.concurrent.locks.LockSupport.parkNanos(LockSupport.java:215)
        at java.util.concurrent.locks.AbstractQueuedSynchronizer$ConditionObject.awaitNanos(AbstractQueuedSynchronizer.java:2078)
        at java.util.concurrent.ScheduledThreadPoolExecutor$DelayedWorkQueue.take(ScheduledThreadPoolExecutor.java:1093)
        at java.util.concurrent.ScheduledThreadPoolExecutor$DelayedWorkQueue.take(ScheduledThreadPoolExecutor.java:809)
        at java.util.concurrent.ThreadPoolExecutor.getTask(ThreadPoolExecutor.java:1074)
        at java.util.concurrent.ThreadPoolExecutor.runWorker(ThreadPoolExecutor.java:1134)
        at java.util.concurrent.ThreadPoolExecutor$Worker.run(ThreadPoolExecutor.java:624)
        at java.lang.Thread.run(Thread.java:750)
"IPC Server handler 6 on default port 46159" daemon prio=5 tid=1246 timed_waiting
java.lang.Thread.State: TIMED_WAITING
        at sun.misc.Unsafe.park(Native Method)
        at java.util.concurrent.locks.LockSupport.parkNanos(LockSupport.java:215)
        at java.util.concurrent.locks.AbstractQueuedSynchronizer$ConditionObject.awaitNanos(AbstractQueuedSynchronizer.java:2078)
        at java.util.concurrent.LinkedBlockingQueue.poll(LinkedBlockingQueue.java:467)
        at org.apache.hadoop.ipc.CallQueueManager.take(CallQueueManager.java:317)
        at org.apache.hadoop.ipc.Server$Handler.run(Server.java:2942)
"FixedThreadPoolWithAffinityExecutor-6-0" daemon prio=5 tid=1234 timed_waiting
java.lang.Thread.State: TIMED_WAITING
        at sun.misc.Unsafe.park(Native Method)
        at java.util.concurrent.locks.LockSupport.parkNanos(LockSupport.java:215)
        at java.util.concurrent.locks.AbstractQueuedSynchronizer$ConditionObject.awaitNanos(AbstractQueuedSynchronizer.java:2078)
        at java.util.concurrent.LinkedBlockingQueue.poll(LinkedBlockingQueue.java:467)
        at org.apache.hadoop.hdds.scm.server.ContainerReportQueue.poll(ContainerReportQueue.java:266)
        at org.apache.hadoop.hdds.scm.server.ContainerReportQueue.poll(ContainerReportQueue.java:42)
        at org.apache.hadoop.hdds.server.events.FixedThreadPoolWithAffinityExecutor$ContainerReportProcessTask.run(FixedThreadPoolWithAffinityExecutor.java:247)
        at java.util.concurrent.Executors$RunnableAdapter.call(Executors.java:511)
        at java.util.concurrent.FutureTask.run(FutureTask.java:266)
        at java.util.concurrent.ThreadPoolExecutor.runWorker(ThreadPoolExecutor.java:1149)
        at java.util.concurrent.ThreadPoolExecutor$Worker.run(ThreadPoolExecutor.java:624)
        at java.lang.Thread.run(Thread.java:750)
"qtp308043780-1404" daemon prio=5 tid=1404 timed_waiting
java.lang.Thread.State: TIMED_WAITING
        at sun.misc.Unsafe.park(Native Method)
        at java.util.concurrent.locks.LockSupport.parkNanos(LockSupport.java:215)
        at java.util.concurrent.locks.AbstractQueuedSynchronizer$ConditionObject.awaitNanos(AbstractQueuedSynchronizer.java:2078)
        at org.eclipse.jetty.util.BlockingArrayQueue.poll(BlockingArrayQueue.java:382)
        at org.eclipse.jetty.util.thread.QueuedThreadPool$Runner.idleJobPoll(QueuedThreadPool.java:974)
        at org.eclipse.jetty.util.thread.QueuedThreadPool$Runner.run(QueuedThreadPool.java:1018)
        at java.lang.Thread.run(Thread.java:750)
"Datanode ReportManager Thread - 3" daemon prio=5 tid=1386 in Object.wait()
java.lang.Thread.State: WAITING (on object monitor)
        at sun.misc.Unsafe.park(Native Method)
        at java.util.concurrent.locks.LockSupport.park(LockSupport.java:175)
        at java.util.concurrent.locks.AbstractQueuedSynchronizer$ConditionObject.await(AbstractQueuedSynchronizer.java:2039)
        at java.util.concurrent.ScheduledThreadPoolExecutor$DelayedWorkQueue.take(ScheduledThreadPoolExecutor.java:1088)
        at java.util.concurrent.ScheduledThreadPoolExecutor$DelayedWorkQueue.take(ScheduledThreadPoolExecutor.java:809)
        at java.util.concurrent.ThreadPoolExecutor.getTask(ThreadPoolExecutor.java:1074)
        at java.util.concurrent.ThreadPoolExecutor.runWorker(ThreadPoolExecutor.java:1134)
        at java.util.concurrent.ThreadPoolExecutor$Worker.run(ThreadPoolExecutor.java:624)
        at java.lang.Thread.run(Thread.java:750)
"qtp1987612084-1513" daemon prio=5 tid=1513 timed_waiting
java.lang.Thread.State: TIMED_WAITING
        at sun.misc.Unsafe.park(Native Method)
        at java.util.concurrent.locks.LockSupport.parkNanos(LockSupport.java:215)
        at java.util.concurrent.locks.AbstractQueuedSynchronizer$ConditionObject.awaitNanos(AbstractQueuedSynchronizer.java:2078)
        at org.eclipse.jetty.util.BlockingArrayQueue.poll(BlockingArrayQueue.java:382)
        at org.eclipse.jetty.util.thread.QueuedThreadPool$Runner.idleJobPoll(QueuedThreadPool.java:974)
        at org.eclipse.jetty.util.thread.QueuedThreadPool$Runner.run(QueuedThreadPool.java:1018)
        at java.lang.Thread.run(Thread.java:750)
"JvmPauseMonitor13" daemon prio=5 tid=1547 timed_waiting
java.lang.Thread.State: TIMED_WAITING
        at java.lang.Thread.sleep(Native Method)
        at java.lang.Thread.sleep(Thread.java:342)
        at java.util.concurrent.TimeUnit.sleep(TimeUnit.java:386)
        at org.apache.ratis.util.TimeDuration.sleep(TimeDuration.java:325)
        at org.apache.ratis.util.TimeDuration.sleep(TimeDuration.java:310)
        at org.apache.ratis.util.JvmPauseMonitor.detectPause(JvmPauseMonitor.java:119)
        at org.apache.ratis.util.JvmPauseMonitor.run(JvmPauseMonitor.java:108)
        at org.apache.ratis.util.JvmPauseMonitor$$Lambda$749/1980351936.run(Unknown Source)
        at java.lang.Thread.run(Thread.java:750)
"om1@group-C5BA1605619E-StateMachineUpdater" daemon prio=5 tid=1327 timed_waiting
java.lang.Thread.State: TIMED_WAITING
        at sun.misc.Unsafe.park(Native Method)
        at java.util.concurrent.locks.LockSupport.parkNanos(LockSupport.java:215)
        at java.util.concurrent.locks.AbstractQueuedSynchronizer$ConditionObject.await(AbstractQueuedSynchronizer.java:2163)
        at org.apache.ratis.util.AwaitForSignal.await(AwaitForSignal.java:62)
        at org.apache.ratis.server.impl.StateMachineUpdater.waitForCommit(StateMachineUpdater.java:207)
        at org.apache.ratis.server.impl.StateMachineUpdater.run(StateMachineUpdater.java:176)
        at java.lang.Thread.run(Thread.java:750)
"om1@group-C5BA1605619E-LeaderStateImpl" daemon prio=5 tid=1464 timed_waiting
java.lang.Thread.State: TIMED_WAITING
        at sun.misc.Unsafe.park(Native Method)
        at java.util.concurrent.locks.LockSupport.parkNanos(LockSupport.java:215)
        at java.util.concurrent.locks.AbstractQueuedSynchronizer$ConditionObject.awaitNanos(AbstractQueuedSynchronizer.java:2078)
        at java.util.concurrent.ArrayBlockingQueue.poll(ArrayBlockingQueue.java:418)
        at org.apache.ratis.server.impl.LeaderStateImpl$EventQueue.poll(LeaderStateImpl.java:159)
        at org.apache.ratis.server.impl.LeaderStateImpl$EventProcessor.run(LeaderStateImpl.java:630)
"pool-430-thread-1"  prio=5 tid=1148 in Object.wait()
java.lang.Thread.State: WAITING (on object monitor)
        at sun.misc.Unsafe.park(Native Method)
        at java.util.concurrent.locks.LockSupport.park(LockSupport.java:175)
        at java.util.concurrent.locks.AbstractQueuedSynchronizer$ConditionObject.await(AbstractQueuedSynchronizer.java:2039)
        at java.util.concurrent.LinkedBlockingQueue.take(LinkedBlockingQueue.java:442)
        at java.util.concurrent.ThreadPoolExecutor.getTask(ThreadPoolExecutor.java:1074)
        at java.util.concurrent.ThreadPoolExecutor.runWorker(ThreadPoolExecutor.java:1134)
        at java.util.concurrent.ThreadPoolExecutor$Worker.run(ThreadPoolExecutor.java:624)
        at java.lang.Thread.run(Thread.java:750)
"442ec2d2-8762-4ddc-9d9e-f72be6bfd603-NettyServerStreamRpc-bossGroup--thread1"  prio=5 tid=1146 runnable
java.lang.Thread.State: RUNNABLE
        at sun.nio.ch.EPollArrayWrapper.epollWait(Native Method)
        at sun.nio.ch.EPollArrayWrapper.poll(EPollArrayWrapper.java:269)
        at sun.nio.ch.EPollSelectorImpl.doSelect(EPollSelectorImpl.java:93)
        at sun.nio.ch.SelectorImpl.lockAndDoSelect(SelectorImpl.java:86)
        at sun.nio.ch.SelectorImpl.select(SelectorImpl.java:97)
        at sun.nio.ch.SelectorImpl.select(SelectorImpl.java:101)
        at org.apache.ratis.thirdparty.io.netty.channel.nio.SelectedSelectionKeySetSelector.select(SelectedSelectionKeySetSelector.java:68)
        at org.apache.ratis.thirdparty.io.netty.channel.nio.NioEventLoop.select(NioEventLoop.java:813)
        at org.apache.ratis.thirdparty.io.netty.channel.nio.NioEventLoop.run(NioEventLoop.java:460)
        at org.apache.ratis.thirdparty.io.netty.util.concurrent.SingleThreadEventExecutor$4.run(SingleThreadEventExecutor.java:995)
        at org.apache.ratis.thirdparty.io.netty.util.internal.ThreadExecutorMap$2.run(ThreadExecutorMap.java:74)
        at java.lang.Thread.run(Thread.java:750)
"FixedThreadPoolWithAffinityExecutor-2-0" daemon prio=5 tid=1230 timed_waiting
java.lang.Thread.State: TIMED_WAITING
        at sun.misc.Unsafe.park(Native Method)
        at java.util.concurrent.locks.LockSupport.parkNanos(LockSupport.java:215)
        at java.util.concurrent.locks.AbstractQueuedSynchronizer$ConditionObject.awaitNanos(AbstractQueuedSynchronizer.java:2078)
        at java.util.concurrent.LinkedBlockingQueue.poll(LinkedBlockingQueue.java:467)
        at org.apache.hadoop.hdds.scm.server.ContainerReportQueue.poll(ContainerReportQueue.java:266)
        at org.apache.hadoop.hdds.scm.server.ContainerReportQueue.poll(ContainerReportQueue.java:42)
        at org.apache.hadoop.hdds.server.events.FixedThreadPoolWithAffinityExecutor$ContainerReportProcessTask.run(FixedThreadPoolWithAffinityExecutor.java:247)
        at java.util.concurrent.Executors$RunnableAdapter.call(Executors.java:511)
        at java.util.concurrent.FutureTask.run(FutureTask.java:266)
        at java.util.concurrent.ThreadPoolExecutor.runWorker(ThreadPoolExecutor.java:1149)
        at java.util.concurrent.ThreadPoolExecutor$Worker.run(ThreadPoolExecutor.java:624)
        at java.lang.Thread.run(Thread.java:750)
"PartialTableCache Cleanup Thread - 0" daemon prio=5 tid=1738 in Object.wait()
java.lang.Thread.State: WAITING (on object monitor)
        at sun.misc.Unsafe.park(Native Method)
        at java.util.concurrent.locks.LockSupport.park(LockSupport.java:175)
        at java.util.concurrent.locks.AbstractQueuedSynchronizer$ConditionObject.await(AbstractQueuedSynchronizer.java:2039)
        at java.util.concurrent.LinkedBlockingQueue.take(LinkedBlockingQueue.java:442)
        at java.util.concurrent.ThreadPoolExecutor.getTask(ThreadPoolExecutor.java:1074)
        at java.util.concurrent.ThreadPoolExecutor.runWorker(ThreadPoolExecutor.java:1134)
        at java.util.concurrent.ThreadPoolExecutor$Worker.run(ThreadPoolExecutor.java:624)
        at java.lang.Thread.run(Thread.java:750)
"IPC Server handler 3 on default port 44023" daemon prio=5 tid=1346 timed_waiting
java.lang.Thread.State: TIMED_WAITING
        at sun.misc.Unsafe.park(Native Method)
        at java.util.concurrent.locks.LockSupport.parkNanos(LockSupport.java:215)
        at java.util.concurrent.locks.AbstractQueuedSynchronizer$ConditionObject.awaitNanos(AbstractQueuedSynchronizer.java:2078)
        at java.util.concurrent.LinkedBlockingQueue.poll(LinkedBlockingQueue.java:467)
        at org.apache.hadoop.ipc.CallQueueManager.take(CallQueueManager.java:317)
        at org.apache.hadoop.ipc.Server$Handler.run(Server.java:2942)
"Datanode ReportManager Thread - 0" daemon prio=5 tid=1466 in Object.wait()
java.lang.Thread.State: WAITING (on object monitor)
        at sun.misc.Unsafe.park(Native Method)
        at java.util.concurrent.locks.LockSupport.park(LockSupport.java:175)
        at java.util.concurrent.locks.AbstractQueuedSynchronizer$ConditionObject.await(AbstractQueuedSynchronizer.java:2039)
        at java.util.concurrent.ScheduledThreadPoolExecutor$DelayedWorkQueue.take(ScheduledThreadPoolExecutor.java:1088)
        at java.util.concurrent.ScheduledThreadPoolExecutor$DelayedWorkQueue.take(ScheduledThreadPoolExecutor.java:809)
        at java.util.concurrent.ThreadPoolExecutor.getTask(ThreadPoolExecutor.java:1074)
        at java.util.concurrent.ThreadPoolExecutor.runWorker(ThreadPoolExecutor.java:1134)
        at java.util.concurrent.ThreadPoolExecutor$Worker.run(ThreadPoolExecutor.java:624)
        at java.lang.Thread.run(Thread.java:750)
"Socket Reader #1 for port 0"  prio=5 tid=1217 runnable
java.lang.Thread.State: RUNNABLE
        at sun.nio.ch.EPollArrayWrapper.epollWait(Native Method)
        at sun.nio.ch.EPollArrayWrapper.poll(EPollArrayWrapper.java:269)
        at sun.nio.ch.EPollSelectorImpl.doSelect(EPollSelectorImpl.java:93)
        at sun.nio.ch.SelectorImpl.lockAndDoSelect(SelectorImpl.java:86)
        at sun.nio.ch.SelectorImpl.select(SelectorImpl.java:97)
        at sun.nio.ch.SelectorImpl.select(SelectorImpl.java:101)
        at org.apache.hadoop.ipc.Server$Listener$Reader.doRunLoop(Server.java:1296)
        at org.apache.hadoop.ipc.Server$Listener$Reader.run(Server.java:1275)
"timer4" daemon prio=5 tid=523 timed_waiting
java.lang.Thread.State: TIMED_WAITING
        at java.lang.Object.wait(Native Method)
        at java.util.TimerThread.mainLoop(Timer.java:552)
        at java.util.TimerThread.run(Timer.java:505)
"IPC Server handler 17 on default port 33251" daemon prio=5 tid=1297 timed_waiting
java.lang.Thread.State: TIMED_WAITING
        at sun.misc.Unsafe.park(Native Method)
        at java.util.concurrent.locks.LockSupport.parkNanos(LockSupport.java:215)
        at java.util.concurrent.locks.AbstractQueuedSynchronizer$ConditionObject.awaitNanos(AbstractQueuedSynchronizer.java:2078)
        at java.util.concurrent.LinkedBlockingQueue.poll(LinkedBlockingQueue.java:467)
        at org.apache.hadoop.ipc.CallQueueManager.take(CallQueueManager.java:317)
        at org.apache.hadoop.ipc.Server$Handler.run(Server.java:2942)
"ChunkWriter-1-0" daemon prio=5 tid=1592 in Object.wait()
java.lang.Thread.State: WAITING (on object monitor)
        at sun.misc.Unsafe.park(Native Method)
        at java.util.concurrent.locks.LockSupport.park(LockSupport.java:175)
        at java.util.concurrent.locks.AbstractQueuedSynchronizer$ConditionObject.await(AbstractQueuedSynchronizer.java:2039)
        at java.util.concurrent.LinkedBlockingDeque.takeFirst(LinkedBlockingDeque.java:492)
        at java.util.concurrent.LinkedBlockingDeque.take(LinkedBlockingDeque.java:680)
        at java.util.concurrent.ThreadPoolExecutor.getTask(ThreadPoolExecutor.java:1074)
        at java.util.concurrent.ThreadPoolExecutor.runWorker(ThreadPoolExecutor.java:1134)
        at java.util.concurrent.ThreadPoolExecutor$Worker.run(ThreadPoolExecutor.java:624)
        at java.lang.Thread.run(Thread.java:750)
"qtp298434414-1304-acceptor-0@80057eb-ServerConnector@3b6fa3f{HTTP/1.1, (http/1.1)}{0.0.0.0:45119}" daemon prio=3 tid=1304 runnable
java.lang.Thread.State: RUNNABLE
        at sun.nio.ch.ServerSocketChannelImpl.accept0(Native Method)
        at sun.nio.ch.ServerSocketChannelImpl.accept(ServerSocketChannelImpl.java:421)
        at sun.nio.ch.ServerSocketChannelImpl.accept(ServerSocketChannelImpl.java:249)
        at org.eclipse.jetty.server.ServerConnector.accept(ServerConnector.java:388)
        at org.eclipse.jetty.server.AbstractConnector$Acceptor.run(AbstractConnector.java:704)
        at org.eclipse.jetty.util.thread.QueuedThreadPool.runJob(QueuedThreadPool.java:883)
        at org.eclipse.jetty.util.thread.QueuedThreadPool$Runner.run(QueuedThreadPool.java:1034)
        at java.lang.Thread.run(Thread.java:750)
"Datanode State Machine Task Thread - 1"  prio=5 tid=1577 in Object.wait()
java.lang.Thread.State: WAITING (on object monitor)
        at sun.misc.Unsafe.park(Native Method)
        at java.util.concurrent.locks.LockSupport.park(LockSupport.java:175)
        at java.util.concurrent.locks.AbstractQueuedSynchronizer$ConditionObject.await(AbstractQueuedSynchronizer.java:2039)
        at java.util.concurrent.LinkedBlockingQueue.take(LinkedBlockingQueue.java:442)
        at java.util.concurrent.ThreadPoolExecutor.getTask(ThreadPoolExecutor.java:1074)
        at java.util.concurrent.ThreadPoolExecutor.runWorker(ThreadPoolExecutor.java:1134)
        at java.util.concurrent.ThreadPoolExecutor$Worker.run(ThreadPoolExecutor.java:624)
        at java.lang.Thread.run(Thread.java:750)
"IPC Server handler 13 on default port 35879" daemon prio=5 tid=1273 timed_waiting
java.lang.Thread.State: TIMED_WAITING
        at sun.misc.Unsafe.park(Native Method)
        at java.util.concurrent.locks.LockSupport.parkNanos(LockSupport.java:215)
        at java.util.concurrent.locks.AbstractQueuedSynchronizer$ConditionObject.awaitNanos(AbstractQueuedSynchronizer.java:2078)
        at java.util.concurrent.LinkedBlockingQueue.poll(LinkedBlockingQueue.java:467)
        at org.apache.hadoop.ipc.CallQueueManager.take(CallQueueManager.java:317)
        at org.apache.hadoop.ipc.Server$Handler.run(Server.java:2942)
"IPC Server handler 15 on default port 35879" daemon prio=5 tid=1275 timed_waiting
java.lang.Thread.State: TIMED_WAITING
        at sun.misc.Unsafe.park(Native Method)
        at java.util.concurrent.locks.LockSupport.parkNanos(LockSupport.java:215)
        at java.util.concurrent.locks.AbstractQueuedSynchronizer$ConditionObject.awaitNanos(AbstractQueuedSynchronizer.java:2078)
        at java.util.concurrent.LinkedBlockingQueue.poll(LinkedBlockingQueue.java:467)
        at org.apache.hadoop.ipc.CallQueueManager.take(CallQueueManager.java:317)
        at org.apache.hadoop.ipc.Server$Handler.run(Server.java:2942)
"ca7e3987-4d62-4f50-9818-34d949b95429@group-014BD055F285-SegmentedRaftLogWorker"  prio=5 tid=1642 timed_waiting
java.lang.Thread.State: TIMED_WAITING
        at sun.misc.Unsafe.park(Native Method)
        at java.util.concurrent.locks.LockSupport.parkNanos(LockSupport.java:215)
        at java.util.concurrent.locks.AbstractQueuedSynchronizer$ConditionObject.awaitNanos(AbstractQueuedSynchronizer.java:2078)
        at org.apache.ratis.util.DataBlockingQueue.poll(DataBlockingQueue.java:148)
        at org.apache.ratis.server.raftlog.segmented.SegmentedRaftLogWorker.run(SegmentedRaftLogWorker.java:312)
        at org.apache.ratis.server.raftlog.segmented.SegmentedRaftLogWorker$$Lambda$708/1588833732.run(Unknown Source)
        at java.lang.Thread.run(Thread.java:750)
"qtp308043780-1405" daemon prio=5 tid=1405 timed_waiting
java.lang.Thread.State: TIMED_WAITING
        at sun.misc.Unsafe.park(Native Method)
        at java.util.concurrent.locks.LockSupport.parkNanos(LockSupport.java:215)
        at java.util.concurrent.locks.AbstractQueuedSynchronizer$ConditionObject.awaitNanos(AbstractQueuedSynchronizer.java:2078)
        at org.eclipse.jetty.util.BlockingArrayQueue.poll(BlockingArrayQueue.java:382)
        at org.eclipse.jetty.util.thread.QueuedThreadPool$Runner.idleJobPoll(QueuedThreadPool.java:974)
        at org.eclipse.jetty.util.thread.QueuedThreadPool$Runner.run(QueuedThreadPool.java:1018)
        at java.lang.Thread.run(Thread.java:750)
"IPC Server handler 5 on default port 44023" daemon prio=5 tid=1348 timed_waiting
java.lang.Thread.State: TIMED_WAITING
        at sun.misc.Unsafe.park(Native Method)
        at java.util.concurrent.locks.LockSupport.parkNanos(LockSupport.java:215)
        at java.util.concurrent.locks.AbstractQueuedSynchronizer$ConditionObject.awaitNanos(AbstractQueuedSynchronizer.java:2078)
        at java.util.concurrent.LinkedBlockingQueue.poll(LinkedBlockingQueue.java:467)
        at org.apache.hadoop.ipc.CallQueueManager.take(CallQueueManager.java:317)
        at org.apache.hadoop.ipc.Server$Handler.run(Server.java:2942)
"EventQueue-NodeReportForNodeReportHandler" daemon prio=5 tid=1741 in Object.wait()
java.lang.Thread.State: WAITING (on object monitor)
        at sun.misc.Unsafe.park(Native Method)
        at java.util.concurrent.locks.LockSupport.park(LockSupport.java:175)
        at java.util.concurrent.locks.AbstractQueuedSynchronizer$ConditionObject.await(AbstractQueuedSynchronizer.java:2039)
        at java.util.concurrent.LinkedBlockingQueue.take(LinkedBlockingQueue.java:442)
        at java.util.concurrent.ThreadPoolExecutor.getTask(ThreadPoolExecutor.java:1074)
        at java.util.concurrent.ThreadPoolExecutor.runWorker(ThreadPoolExecutor.java:1134)
        at java.util.concurrent.ThreadPoolExecutor$Worker.run(ThreadPoolExecutor.java:624)
        at java.lang.Thread.run(Thread.java:750)
"qtp1068912229-1429" daemon prio=5 tid=1429 timed_waiting
java.lang.Thread.State: TIMED_WAITING
        at sun.misc.Unsafe.park(Native Method)
        at java.util.concurrent.locks.LockSupport.parkNanos(LockSupport.java:215)
        at java.util.concurrent.locks.AbstractQueuedSynchronizer$ConditionObject.awaitNanos(AbstractQueuedSynchronizer.java:2078)
        at org.eclipse.jetty.util.BlockingArrayQueue.poll(BlockingArrayQueue.java:382)
        at org.eclipse.jetty.util.thread.QueuedThreadPool$Runner.idleJobPoll(QueuedThreadPool.java:974)
        at org.eclipse.jetty.util.thread.QueuedThreadPool$Runner.run(QueuedThreadPool.java:1018)
        at java.lang.Thread.run(Thread.java:750)
"IPC Server handler 17 on default port 44023" daemon prio=5 tid=1360 timed_waiting
java.lang.Thread.State: TIMED_WAITING
        at sun.misc.Unsafe.park(Native Method)
        at java.util.concurrent.locks.LockSupport.parkNanos(LockSupport.java:215)
        at java.util.concurrent.locks.AbstractQueuedSynchronizer$ConditionObject.awaitNanos(AbstractQueuedSynchronizer.java:2078)
        at java.util.concurrent.LinkedBlockingQueue.poll(LinkedBlockingQueue.java:467)
        at org.apache.hadoop.ipc.CallQueueManager.take(CallQueueManager.java:317)
        at org.apache.hadoop.ipc.Server$Handler.run(Server.java:2942)
"IPC Server handler 4 on default port 46159" daemon prio=5 tid=1244 timed_waiting
java.lang.Thread.State: TIMED_WAITING
        at sun.misc.Unsafe.park(Native Method)
        at java.util.concurrent.locks.LockSupport.parkNanos(LockSupport.java:215)
        at java.util.concurrent.locks.AbstractQueuedSynchronizer$ConditionObject.awaitNanos(AbstractQueuedSynchronizer.java:2078)
        at java.util.concurrent.LinkedBlockingQueue.poll(LinkedBlockingQueue.java:467)
        at org.apache.hadoop.ipc.CallQueueManager.take(CallQueueManager.java:317)
        at org.apache.hadoop.ipc.Server$Handler.run(Server.java:2942)
"EndpointStateMachine task thread for /0.0.0.0:33251 - 0 "  prio=5 tid=1554 in Object.wait()
java.lang.Thread.State: WAITING (on object monitor)
        at sun.misc.Unsafe.park(Native Method)
        at java.util.concurrent.locks.LockSupport.park(LockSupport.java:175)
        at java.util.concurrent.locks.AbstractQueuedSynchronizer$ConditionObject.await(AbstractQueuedSynchronizer.java:2039)
        at java.util.concurrent.LinkedBlockingQueue.take(LinkedBlockingQueue.java:442)
        at java.util.concurrent.ThreadPoolExecutor.getTask(ThreadPoolExecutor.java:1074)
        at java.util.concurrent.ThreadPoolExecutor.runWorker(ThreadPoolExecutor.java:1134)
        at java.util.concurrent.ThreadPoolExecutor$Worker.run(ThreadPoolExecutor.java:624)
        at java.lang.Thread.run(Thread.java:750)
"qtp308043780-1402-acceptor-0@6d4203a9-ServerConnector@35fbebc7{HTTP/1.1, (http/1.1)}{0.0.0.0:33209}" daemon prio=3 tid=1402 runnable
java.lang.Thread.State: RUNNABLE
        at sun.nio.ch.ServerSocketChannelImpl.accept0(Native Method)
        at sun.nio.ch.ServerSocketChannelImpl.accept(ServerSocketChannelImpl.java:421)
        at sun.nio.ch.ServerSocketChannelImpl.accept(ServerSocketChannelImpl.java:249)
        at org.eclipse.jetty.server.ServerConnector.accept(ServerConnector.java:388)
        at org.eclipse.jetty.server.AbstractConnector$Acceptor.run(AbstractConnector.java:704)
        at org.eclipse.jetty.util.thread.QueuedThreadPool.runJob(QueuedThreadPool.java:883)
        at org.eclipse.jetty.util.thread.QueuedThreadPool$Runner.run(QueuedThreadPool.java:1034)
        at java.lang.Thread.run(Thread.java:750)
"qtp1822910383-1489" daemon prio=5 tid=1489 timed_waiting
java.lang.Thread.State: TIMED_WAITING
        at sun.misc.Unsafe.park(Native Method)
        at java.util.concurrent.locks.LockSupport.parkNanos(LockSupport.java:215)
        at java.util.concurrent.locks.AbstractQueuedSynchronizer$ConditionObject.awaitNanos(AbstractQueuedSynchronizer.java:2078)
        at org.eclipse.jetty.util.BlockingArrayQueue.poll(BlockingArrayQueue.java:382)
        at org.eclipse.jetty.util.thread.QueuedThreadPool$Runner.idleJobPoll(QueuedThreadPool.java:974)
        at org.eclipse.jetty.util.thread.QueuedThreadPool$Runner.run(QueuedThreadPool.java:1018)
        at java.lang.Thread.run(Thread.java:750)
"PartialTableCache Cleanup Thread - 0" daemon prio=5 tid=1737 in Object.wait()
java.lang.Thread.State: WAITING (on object monitor)
        at sun.misc.Unsafe.park(Native Method)
        at java.util.concurrent.locks.LockSupport.park(LockSupport.java:175)
        at java.util.concurrent.locks.AbstractQueuedSynchronizer$ConditionObject.await(AbstractQueuedSynchronizer.java:2039)
        at java.util.concurrent.LinkedBlockingQueue.take(LinkedBlockingQueue.java:442)
        at java.util.concurrent.ThreadPoolExecutor.getTask(ThreadPoolExecutor.java:1074)
        at java.util.concurrent.ThreadPoolExecutor.runWorker(ThreadPoolExecutor.java:1134)
        at java.util.concurrent.ThreadPoolExecutor$Worker.run(ThreadPoolExecutor.java:624)
        at java.lang.Thread.run(Thread.java:750)
"IPC Server handler 11 on default port 46159" daemon prio=5 tid=1251 timed_waiting
java.lang.Thread.State: TIMED_WAITING
        at sun.misc.Unsafe.park(Native Method)
        at java.util.concurrent.locks.LockSupport.parkNanos(LockSupport.java:215)
        at java.util.concurrent.locks.AbstractQueuedSynchronizer$ConditionObject.awaitNanos(AbstractQueuedSynchronizer.java:2078)
        at java.util.concurrent.LinkedBlockingQueue.poll(LinkedBlockingQueue.java:467)
        at org.apache.hadoop.ipc.CallQueueManager.take(CallQueueManager.java:317)
        at org.apache.hadoop.ipc.Server$Handler.run(Server.java:2942)
"Datanode State Machine Task Thread - 0"  prio=5 tid=1390 in Object.wait()
java.lang.Thread.State: WAITING (on object monitor)
        at sun.misc.Unsafe.park(Native Method)
        at java.util.concurrent.locks.LockSupport.park(LockSupport.java:175)
        at java.util.concurrent.locks.AbstractQueuedSynchronizer$ConditionObject.await(AbstractQueuedSynchronizer.java:2039)
        at java.util.concurrent.LinkedBlockingQueue.take(LinkedBlockingQueue.java:442)
        at java.util.concurrent.ThreadPoolExecutor.getTask(ThreadPoolExecutor.java:1074)
        at java.util.concurrent.ThreadPoolExecutor.runWorker(ThreadPoolExecutor.java:1134)
        at java.util.concurrent.ThreadPoolExecutor$Worker.run(ThreadPoolExecutor.java:624)
        at java.lang.Thread.run(Thread.java:750)
"qtp1591980638-1336-acceptor-0@6ccb65aa-ServerConnector@2bf1fa78{HTTP/1.1, (http/1.1)}{0.0.0.0:35189}" daemon prio=3 tid=1336 runnable
java.lang.Thread.State: RUNNABLE
        at sun.nio.ch.ServerSocketChannelImpl.accept0(Native Method)
        at sun.nio.ch.ServerSocketChannelImpl.accept(ServerSocketChannelImpl.java:421)
        at sun.nio.ch.ServerSocketChannelImpl.accept(ServerSocketChannelImpl.java:249)
        at org.eclipse.jetty.server.ServerConnector.accept(ServerConnector.java:388)
        at org.eclipse.jetty.server.AbstractConnector$Acceptor.run(AbstractConnector.java:704)
        at org.eclipse.jetty.util.thread.QueuedThreadPool.runJob(QueuedThreadPool.java:883)
        at org.eclipse.jetty.util.thread.QueuedThreadPool$Runner.run(QueuedThreadPool.java:1034)
        at java.lang.Thread.run(Thread.java:750)
"IPC Server handler 19 on default port 35879" daemon prio=5 tid=1279 timed_waiting
java.lang.Thread.State: TIMED_WAITING
        at sun.misc.Unsafe.park(Native Method)
        at java.util.concurrent.locks.LockSupport.parkNanos(LockSupport.java:215)
        at java.util.concurrent.locks.AbstractQueuedSynchronizer$ConditionObject.awaitNanos(AbstractQueuedSynchronizer.java:2078)
        at java.util.concurrent.LinkedBlockingQueue.poll(LinkedBlockingQueue.java:467)
        at org.apache.hadoop.ipc.CallQueueManager.take(CallQueueManager.java:317)
        at org.apache.hadoop.ipc.Server$Handler.run(Server.java:2942)
"Under Replicated Processor" daemon prio=5 tid=1213 timed_waiting
java.lang.Thread.State: TIMED_WAITING
        at java.lang.Object.wait(Native Method)
        at org.apache.hadoop.hdds.scm.container.replication.UnhealthyReplicationProcessor.run(UnhealthyReplicationProcessor.java:135)
        at java.lang.Thread.run(Thread.java:750)
"IPC Server handler 17 on default port 35879" daemon prio=5 tid=1277 timed_waiting
java.lang.Thread.State: TIMED_WAITING
        at sun.misc.Unsafe.park(Native Method)
        at java.util.concurrent.locks.LockSupport.parkNanos(LockSupport.java:215)
        at java.util.concurrent.locks.AbstractQueuedSynchronizer$ConditionObject.awaitNanos(AbstractQueuedSynchronizer.java:2078)
        at java.util.concurrent.LinkedBlockingQueue.poll(LinkedBlockingQueue.java:467)
        at org.apache.hadoop.ipc.CallQueueManager.take(CallQueueManager.java:317)
        at org.apache.hadoop.ipc.Server$Handler.run(Server.java:2942)
"grpc-default-executor-4" daemon prio=5 tid=1693 timed_waiting
java.lang.Thread.State: TIMED_WAITING
        at sun.misc.Unsafe.park(Native Method)
        at java.util.concurrent.locks.LockSupport.parkNanos(LockSupport.java:215)
        at java.util.concurrent.SynchronousQueue$TransferStack.awaitFulfill(SynchronousQueue.java:460)
        at java.util.concurrent.SynchronousQueue$TransferStack.transfer(SynchronousQueue.java:362)
        at java.util.concurrent.SynchronousQueue.poll(SynchronousQueue.java:941)
        at java.util.concurrent.ThreadPoolExecutor.getTask(ThreadPoolExecutor.java:1073)
        at java.util.concurrent.ThreadPoolExecutor.runWorker(ThreadPoolExecutor.java:1134)
        at java.util.concurrent.ThreadPoolExecutor$Worker.run(ThreadPoolExecutor.java:624)
        at java.lang.Thread.run(Thread.java:750)
"RatisPipelineUtilsThread - 0"  prio=5 tid=1209 timed_waiting
java.lang.Thread.State: TIMED_WAITING
        at java.lang.Object.wait(Native Method)
        at org.apache.hadoop.hdds.scm.pipeline.BackgroundPipelineCreator.run(BackgroundPipelineCreator.java:176)
        at org.apache.hadoop.hdds.scm.pipeline.BackgroundPipelineCreator$$Lambda$392/1576874484.run(Unknown Source)
        at java.lang.Thread.run(Thread.java:750)
"Datanode ReportManager Thread - 2" daemon prio=5 tid=1522 in Object.wait()
java.lang.Thread.State: WAITING (on object monitor)
        at sun.misc.Unsafe.park(Native Method)
        at java.util.concurrent.locks.LockSupport.park(LockSupport.java:175)
        at java.util.concurrent.locks.AbstractQueuedSynchronizer$ConditionObject.await(AbstractQueuedSynchronizer.java:2039)
        at java.util.concurrent.ScheduledThreadPoolExecutor$DelayedWorkQueue.take(ScheduledThreadPoolExecutor.java:1088)
        at java.util.concurrent.ScheduledThreadPoolExecutor$DelayedWorkQueue.take(ScheduledThreadPoolExecutor.java:809)
        at java.util.concurrent.ThreadPoolExecutor.getTask(ThreadPoolExecutor.java:1074)
        at java.util.concurrent.ThreadPoolExecutor.runWorker(ThreadPoolExecutor.java:1134)
        at java.util.concurrent.ThreadPoolExecutor$Worker.run(ThreadPoolExecutor.java:624)
        at java.lang.Thread.run(Thread.java:750)
"timer6" daemon prio=5 tid=560 timed_waiting
java.lang.Thread.State: TIMED_WAITING
        at java.lang.Object.wait(Native Method)
        at java.util.TimerThread.mainLoop(Timer.java:552)
        at java.util.TimerThread.run(Timer.java:505)
"ca7e3987-4d62-4f50-9818-34d949b95429@group-014BD055F285-StateMachineUpdater" daemon prio=5 tid=1644 timed_waiting
java.lang.Thread.State: TIMED_WAITING
        at sun.misc.Unsafe.park(Native Method)
        at java.util.concurrent.locks.LockSupport.parkNanos(LockSupport.java:215)
        at java.util.concurrent.locks.AbstractQueuedSynchronizer$ConditionObject.await(AbstractQueuedSynchronizer.java:2163)
        at org.apache.ratis.util.AwaitForSignal.await(AwaitForSignal.java:62)
        at org.apache.ratis.server.impl.StateMachineUpdater.waitForCommit(StateMachineUpdater.java:207)
        at org.apache.ratis.server.impl.StateMachineUpdater.run(StateMachineUpdater.java:176)
        at java.lang.Thread.run(Thread.java:750)
"grpc-default-executor-1" daemon prio=5 tid=1614 timed_waiting
java.lang.Thread.State: TIMED_WAITING
        at sun.misc.Unsafe.park(Native Method)
        at java.util.concurrent.locks.LockSupport.parkNanos(LockSupport.java:215)
        at java.util.concurrent.SynchronousQueue$TransferStack.awaitFulfill(SynchronousQueue.java:460)
        at java.util.concurrent.SynchronousQueue$TransferStack.transfer(SynchronousQueue.java:362)
        at java.util.concurrent.SynchronousQueue.poll(SynchronousQueue.java:941)
        at java.util.concurrent.ThreadPoolExecutor.getTask(ThreadPoolExecutor.java:1073)
        at java.util.concurrent.ThreadPoolExecutor.runWorker(ThreadPoolExecutor.java:1134)
        at java.util.concurrent.ThreadPoolExecutor$Worker.run(ThreadPoolExecutor.java:624)
        at java.lang.Thread.run(Thread.java:750)
"DatanodeAdminManager-0" daemon prio=5 tid=1215 timed_waiting
java.lang.Thread.State: TIMED_WAITING
        at sun.misc.Unsafe.park(Native Method)
        at java.util.concurrent.locks.LockSupport.parkNanos(LockSupport.java:215)
        at java.util.concurrent.locks.AbstractQueuedSynchronizer$ConditionObject.awaitNanos(AbstractQueuedSynchronizer.java:2078)
        at java.util.concurrent.ScheduledThreadPoolExecutor$DelayedWorkQueue.take(ScheduledThreadPoolExecutor.java:1093)
        at java.util.concurrent.ScheduledThreadPoolExecutor$DelayedWorkQueue.take(ScheduledThreadPoolExecutor.java:809)
        at java.util.concurrent.ThreadPoolExecutor.getTask(ThreadPoolExecutor.java:1074)
        at java.util.concurrent.ThreadPoolExecutor.runWorker(ThreadPoolExecutor.java:1134)
        at java.util.concurrent.ThreadPoolExecutor$Worker.run(ThreadPoolExecutor.java:624)
        at java.lang.Thread.run(Thread.java:750)
"qtp638093446-1377" daemon prio=5 tid=1377 timed_waiting
java.lang.Thread.State: TIMED_WAITING
        at sun.misc.Unsafe.park(Native Method)
        at java.util.concurrent.locks.LockSupport.parkNanos(LockSupport.java:215)
        at java.util.concurrent.locks.AbstractQueuedSynchronizer$ConditionObject.awaitNanos(AbstractQueuedSynchronizer.java:2078)
        at org.eclipse.jetty.util.BlockingArrayQueue.poll(BlockingArrayQueue.java:382)
        at org.eclipse.jetty.util.thread.QueuedThreadPool$Runner.idleJobPoll(QueuedThreadPool.java:974)
        at org.eclipse.jetty.util.thread.QueuedThreadPool$Runner.run(QueuedThreadPool.java:1018)
        at java.lang.Thread.run(Thread.java:750)
"ca7e3987-4d62-4f50-9818-34d949b95429-server-thread2" daemon prio=5 tid=1733 timed_waiting
java.lang.Thread.State: TIMED_WAITING
        at sun.misc.Unsafe.park(Native Method)
        at java.util.concurrent.locks.LockSupport.parkNanos(LockSupport.java:215)
        at java.util.concurrent.SynchronousQueue$TransferStack.awaitFulfill(SynchronousQueue.java:460)
        at java.util.concurrent.SynchronousQueue$TransferStack.transfer(SynchronousQueue.java:362)
        at java.util.concurrent.SynchronousQueue.poll(SynchronousQueue.java:941)
        at java.util.concurrent.ThreadPoolExecutor.getTask(ThreadPoolExecutor.java:1073)
        at java.util.concurrent.ThreadPoolExecutor.runWorker(ThreadPoolExecutor.java:1134)
        at java.util.concurrent.ThreadPoolExecutor$Worker.run(ThreadPoolExecutor.java:624)
        at java.lang.Thread.run(Thread.java:750)
"EndpointStateMachine task thread for /0.0.0.0:33251 - 0 "  prio=5 tid=1529 in Object.wait()
java.lang.Thread.State: WAITING (on object monitor)
        at sun.misc.Unsafe.park(Native Method)
        at java.util.concurrent.locks.LockSupport.park(LockSupport.java:175)
        at java.util.concurrent.locks.AbstractQueuedSynchronizer$ConditionObject.await(AbstractQueuedSynchronizer.java:2039)
        at java.util.concurrent.LinkedBlockingQueue.take(LinkedBlockingQueue.java:442)
        at java.util.concurrent.ThreadPoolExecutor.getTask(ThreadPoolExecutor.java:1074)
        at java.util.concurrent.ThreadPoolExecutor.runWorker(ThreadPoolExecutor.java:1134)
        at java.util.concurrent.ThreadPoolExecutor$Worker.run(ThreadPoolExecutor.java:624)
        at java.lang.Thread.run(Thread.java:750)
"IPC Server listener on 0" daemon prio=5 tid=1216 runnable
java.lang.Thread.State: RUNNABLE
        at sun.nio.ch.EPollArrayWrapper.epollWait(Native Method)
        at sun.nio.ch.EPollArrayWrapper.poll(EPollArrayWrapper.java:269)
        at sun.nio.ch.EPollSelectorImpl.doSelect(EPollSelectorImpl.java:93)
        at sun.nio.ch.SelectorImpl.lockAndDoSelect(SelectorImpl.java:86)
        at sun.nio.ch.SelectorImpl.select(SelectorImpl.java:97)
        at sun.nio.ch.SelectorImpl.select(SelectorImpl.java:101)
        at org.apache.hadoop.ipc.Server$Listener.run(Server.java:1358)
"JvmPauseMonitor14" daemon prio=5 tid=1559 timed_waiting
java.lang.Thread.State: TIMED_WAITING
        at java.lang.Thread.sleep(Native Method)
        at java.lang.Thread.sleep(Thread.java:342)
        at java.util.concurrent.TimeUnit.sleep(TimeUnit.java:386)
        at org.apache.ratis.util.TimeDuration.sleep(TimeDuration.java:325)
        at org.apache.ratis.util.TimeDuration.sleep(TimeDuration.java:310)
        at org.apache.ratis.util.JvmPauseMonitor.detectPause(JvmPauseMonitor.java:119)
        at org.apache.ratis.util.JvmPauseMonitor.run(JvmPauseMonitor.java:108)
        at org.apache.ratis.util.JvmPauseMonitor$$Lambda$749/1980351936.run(Unknown Source)
        at java.lang.Thread.run(Thread.java:750)
"qtp1987612084-1512" daemon prio=5 tid=1512 timed_waiting
java.lang.Thread.State: TIMED_WAITING
        at sun.misc.Unsafe.park(Native Method)
        at java.util.concurrent.locks.LockSupport.parkNanos(LockSupport.java:215)
        at java.util.concurrent.locks.AbstractQueuedSynchronizer$ConditionObject.awaitNanos(AbstractQueuedSynchronizer.java:2078)
        at org.eclipse.jetty.util.BlockingArrayQueue.poll(BlockingArrayQueue.java:382)
        at org.eclipse.jetty.util.thread.QueuedThreadPool$Runner.idleJobPoll(QueuedThreadPool.java:974)
        at org.eclipse.jetty.util.thread.QueuedThreadPool$Runner.run(QueuedThreadPool.java:1018)
        at java.lang.Thread.run(Thread.java:750)
"surefire-forkedjvm-command-thread" daemon prio=5 tid=10 runnable
java.lang.Thread.State: RUNNABLE
        at java.io.FileInputStream.readBytes(Native Method)
        at java.io.FileInputStream.read(FileInputStream.java:255)
        at java.io.BufferedInputStream.read1(BufferedInputStream.java:284)
        at java.io.BufferedInputStream.read(BufferedInputStream.java:345)
        at java.io.BufferedInputStream.fill(BufferedInputStream.java:246)
        at java.io.BufferedInputStream.read1(BufferedInputStream.java:286)
        at java.io.BufferedInputStream.read(BufferedInputStream.java:345)
        at org.apache.maven.surefire.api.util.internal.Channels$3.readImpl(Channels.java:214)
        at org.apache.maven.surefire.api.util.internal.AbstractNoninterruptibleReadableChannel.read(AbstractNoninterruptibleReadableChannel.java:54)
        at org.apache.maven.surefire.booter.spi.LegacyMasterProcessChannelDecoder.decode(LegacyMasterProcessChannelDecoder.java:80)
        at org.apache.maven.surefire.booter.CommandReader$CommandRunnable.run(CommandReader.java:343)
        at java.lang.Thread.run(Thread.java:750)
"qtp298434414-1303" daemon prio=5 tid=1303 runnable
java.lang.Thread.State: RUNNABLE
        at sun.nio.ch.EPollArrayWrapper.epollWait(Native Method)
        at sun.nio.ch.EPollArrayWrapper.poll(EPollArrayWrapper.java:269)
        at sun.nio.ch.EPollSelectorImpl.doSelect(EPollSelectorImpl.java:93)
        at sun.nio.ch.SelectorImpl.lockAndDoSelect(SelectorImpl.java:86)
        at sun.nio.ch.SelectorImpl.select(SelectorImpl.java:97)
        at sun.nio.ch.SelectorImpl.select(SelectorImpl.java:101)
        at org.eclipse.jetty.io.ManagedSelector.nioSelect(ManagedSelector.java:183)
        at org.eclipse.jetty.io.ManagedSelector.select(ManagedSelector.java:190)
        at org.eclipse.jetty.io.ManagedSelector$SelectorProducer.select(ManagedSelector.java:606)
        at org.eclipse.jetty.io.ManagedSelector$SelectorProducer.produce(ManagedSelector.java:543)
        at org.eclipse.jetty.util.thread.strategy.EatWhatYouKill.produceTask(EatWhatYouKill.java:362)
        at org.eclipse.jetty.util.thread.strategy.EatWhatYouKill.doProduce(EatWhatYouKill.java:186)
        at org.eclipse.jetty.util.thread.strategy.EatWhatYouKill.tryProduce(EatWhatYouKill.java:173)
        at org.eclipse.jetty.util.thread.strategy.EatWhatYouKill.produce(EatWhatYouKill.java:137)
        at org.eclipse.jetty.io.ManagedSelector$$Lambda$468/1724067349.run(Unknown Source)
        at org.eclipse.jetty.util.thread.QueuedThreadPool.runJob(QueuedThreadPool.java:883)
        at org.eclipse.jetty.util.thread.QueuedThreadPool$Runner.run(QueuedThreadPool.java:1034)
        at java.lang.Thread.run(Thread.java:750)
"EventQueue-DatanodeCommandForSCMNodeManager"  prio=5 tid=1606 in Object.wait()
java.lang.Thread.State: WAITING (on object monitor)
        at sun.misc.Unsafe.park(Native Method)
        at java.util.concurrent.locks.LockSupport.park(LockSupport.java:175)
        at java.util.concurrent.locks.AbstractQueuedSynchronizer$ConditionObject.await(AbstractQueuedSynchronizer.java:2039)
        at java.util.concurrent.LinkedBlockingQueue.take(LinkedBlockingQueue.java:442)
        at java.util.concurrent.ThreadPoolExecutor.getTask(ThreadPoolExecutor.java:1074)
        at java.util.concurrent.ThreadPoolExecutor.runWorker(ThreadPoolExecutor.java:1134)
        at java.util.concurrent.ThreadPoolExecutor$Worker.run(ThreadPoolExecutor.java:624)
        at java.lang.Thread.run(Thread.java:750)
"IPC Client (2062929510) connection to 0.0.0.0/0.0.0.0:33251 from runner" daemon prio=5 tid=1530 timed_waiting
java.lang.Thread.State: TIMED_WAITING
        at java.lang.Object.wait(Native Method)
        at org.apache.hadoop.ipc.Client$Connection.waitForWork(Client.java:1086)
        at org.apache.hadoop.ipc.Client$Connection.run(Client.java:1133)
"IPC Server handler 17 on default port 46159" daemon prio=5 tid=1257 timed_waiting
java.lang.Thread.State: TIMED_WAITING
        at sun.misc.Unsafe.park(Native Method)
        at java.util.concurrent.locks.LockSupport.parkNanos(LockSupport.java:215)
        at java.util.concurrent.locks.AbstractQueuedSynchronizer$ConditionObject.awaitNanos(AbstractQueuedSynchronizer.java:2078)
        at java.util.concurrent.LinkedBlockingQueue.poll(LinkedBlockingQueue.java:467)
        at org.apache.hadoop.ipc.CallQueueManager.take(CallQueueManager.java:317)
        at org.apache.hadoop.ipc.Server$Handler.run(Server.java:2942)
"Periodic HDDS volume checker" daemon prio=5 tid=1502 timed_waiting
java.lang.Thread.State: TIMED_WAITING
        at sun.misc.Unsafe.park(Native Method)
        at java.util.concurrent.locks.LockSupport.parkNanos(LockSupport.java:215)
        at java.util.concurrent.locks.AbstractQueuedSynchronizer$ConditionObject.awaitNanos(AbstractQueuedSynchronizer.java:2078)
        at java.util.concurrent.ScheduledThreadPoolExecutor$DelayedWorkQueue.take(ScheduledThreadPoolExecutor.java:1093)
        at java.util.concurrent.ScheduledThreadPoolExecutor$DelayedWorkQueue.take(ScheduledThreadPoolExecutor.java:809)
        at java.util.concurrent.ThreadPoolExecutor.getTask(ThreadPoolExecutor.java:1074)
        at java.util.concurrent.ThreadPoolExecutor.runWorker(ThreadPoolExecutor.java:1134)
        at java.util.concurrent.ThreadPoolExecutor$Worker.run(ThreadPoolExecutor.java:624)
        at java.lang.Thread.run(Thread.java:750)
"StaleRecoveringContainerScrubbingService#0" daemon prio=5 tid=1550 in Object.wait()
java.lang.Thread.State: WAITING (on object monitor)
        at sun.misc.Unsafe.park(Native Method)
        at java.util.concurrent.locks.LockSupport.park(LockSupport.java:175)
        at java.util.concurrent.locks.AbstractQueuedSynchronizer$ConditionObject.await(AbstractQueuedSynchronizer.java:2039)
        at java.util.concurrent.ScheduledThreadPoolExecutor$DelayedWorkQueue.take(ScheduledThreadPoolExecutor.java:1088)
        at java.util.concurrent.ScheduledThreadPoolExecutor$DelayedWorkQueue.take(ScheduledThreadPoolExecutor.java:809)
        at java.util.concurrent.ThreadPoolExecutor.getTask(ThreadPoolExecutor.java:1074)
        at java.util.concurrent.ThreadPoolExecutor.runWorker(ThreadPoolExecutor.java:1134)
        at java.util.concurrent.ThreadPoolExecutor$Worker.run(ThreadPoolExecutor.java:624)
        at java.lang.Thread.run(Thread.java:750)
"org.apache.hadoop.util.JvmPauseMonitor$Monitor@48e64c8" daemon prio=5 tid=1301 timed_waiting
java.lang.Thread.State: TIMED_WAITING
        at java.lang.Thread.sleep(Native Method)
        at org.apache.hadoop.util.JvmPauseMonitor$Monitor.run(JvmPauseMonitor.java:192)
        at java.lang.Thread.run(Thread.java:750)
"EndpointStateMachine task thread for /0.0.0.0:33251 - 0 "  prio=5 tid=1542 in Object.wait()
java.lang.Thread.State: WAITING (on object monitor)
        at sun.misc.Unsafe.park(Native Method)
        at java.util.concurrent.locks.LockSupport.park(LockSupport.java:175)
        at java.util.concurrent.locks.AbstractQueuedSynchronizer$ConditionObject.await(AbstractQueuedSynchronizer.java:2039)
        at java.util.concurrent.LinkedBlockingQueue.take(LinkedBlockingQueue.java:442)
        at java.util.concurrent.ThreadPoolExecutor.getTask(ThreadPoolExecutor.java:1074)
        at java.util.concurrent.ThreadPoolExecutor.runWorker(ThreadPoolExecutor.java:1134)
        at java.util.concurrent.ThreadPoolExecutor$Worker.run(ThreadPoolExecutor.java:624)
        at java.lang.Thread.run(Thread.java:750)
"org.apache.hadoop.util.JvmPauseMonitor$Monitor@37e6754a" daemon prio=5 tid=1526 timed_waiting
java.lang.Thread.State: TIMED_WAITING
        at java.lang.Thread.sleep(Native Method)
        at org.apache.hadoop.util.JvmPauseMonitor$Monitor.run(JvmPauseMonitor.java:192)
        at java.lang.Thread.run(Thread.java:750)
"EndpointStateMachine task thread for /0.0.0.0:33251 - 0 "  prio=5 tid=1578 in Object.wait()
java.lang.Thread.State: WAITING (on object monitor)
        at sun.misc.Unsafe.park(Native Method)
        at java.util.concurrent.locks.LockSupport.park(LockSupport.java:175)
        at java.util.concurrent.locks.AbstractQueuedSynchronizer$ConditionObject.await(AbstractQueuedSynchronizer.java:2039)
        at java.util.concurrent.LinkedBlockingQueue.take(LinkedBlockingQueue.java:442)
        at java.util.concurrent.ThreadPoolExecutor.getTask(ThreadPoolExecutor.java:1074)
        at java.util.concurrent.ThreadPoolExecutor.runWorker(ThreadPoolExecutor.java:1134)
        at java.util.concurrent.ThreadPoolExecutor$Worker.run(ThreadPoolExecutor.java:624)
        at java.lang.Thread.run(Thread.java:750)
"IPC Server handler 11 on default port 44023" daemon prio=5 tid=1354 timed_waiting
java.lang.Thread.State: TIMED_WAITING
        at sun.misc.Unsafe.park(Native Method)
        at java.util.concurrent.locks.LockSupport.parkNanos(LockSupport.java:215)
        at java.util.concurrent.locks.AbstractQueuedSynchronizer$ConditionObject.awaitNanos(AbstractQueuedSynchronizer.java:2078)
        at java.util.concurrent.LinkedBlockingQueue.poll(LinkedBlockingQueue.java:467)
        at org.apache.hadoop.ipc.CallQueueManager.take(CallQueueManager.java:317)
        at org.apache.hadoop.ipc.Server$Handler.run(Server.java:2942)
"EndpointStateMachine task thread for /0.0.0.0:33251 - 0 "  prio=5 tid=1590 in Object.wait()
java.lang.Thread.State: WAITING (on object monitor)
        at sun.misc.Unsafe.park(Native Method)
        at java.util.concurrent.locks.LockSupport.park(LockSupport.java:175)
        at java.util.concurrent.locks.AbstractQueuedSynchronizer$ConditionObject.await(AbstractQueuedSynchronizer.java:2039)
        at java.util.concurrent.LinkedBlockingQueue.take(LinkedBlockingQueue.java:442)
        at java.util.concurrent.ThreadPoolExecutor.getTask(ThreadPoolExecutor.java:1074)
        at java.util.concurrent.ThreadPoolExecutor.runWorker(ThreadPoolExecutor.java:1134)
        at java.util.concurrent.ThreadPoolExecutor$Worker.run(ThreadPoolExecutor.java:624)
        at java.lang.Thread.run(Thread.java:750)
"JvmPauseMonitor15" daemon prio=5 tid=1571 timed_waiting
java.lang.Thread.State: TIMED_WAITING
        at java.lang.Thread.sleep(Native Method)
        at java.lang.Thread.sleep(Thread.java:342)
        at java.util.concurrent.TimeUnit.sleep(TimeUnit.java:386)
        at org.apache.ratis.util.TimeDuration.sleep(TimeDuration.java:325)
        at org.apache.ratis.util.TimeDuration.sleep(TimeDuration.java:310)
        at org.apache.ratis.util.JvmPauseMonitor.detectPause(JvmPauseMonitor.java:119)
        at org.apache.ratis.util.JvmPauseMonitor.run(JvmPauseMonitor.java:108)
        at org.apache.ratis.util.JvmPauseMonitor$$Lambda$749/1980351936.run(Unknown Source)
        at java.lang.Thread.run(Thread.java:750)
"Command processor thread" daemon prio=5 tid=1442 timed_waiting
java.lang.Thread.State: TIMED_WAITING
        at java.lang.Thread.sleep(Native Method)
        at org.apache.hadoop.ozone.container.common.statemachine.DatanodeStateMachine.lambda$initCommandHandlerThread$3(DatanodeStateMachine.java:644)
        at org.apache.hadoop.ozone.container.common.statemachine.DatanodeStateMachine$$Lambda$800/1120719356.run(Unknown Source)
        at java.lang.Thread.run(Thread.java:750)
"StaleRecoveringContainerScrubbingService#2" daemon prio=5 tid=1747 in Object.wait()
java.lang.Thread.State: WAITING (on object monitor)
        at sun.misc.Unsafe.park(Native Method)
        at java.util.concurrent.locks.LockSupport.park(LockSupport.java:175)
        at java.util.concurrent.locks.AbstractQueuedSynchronizer$ConditionObject.await(AbstractQueuedSynchronizer.java:2039)
        at java.util.concurrent.ScheduledThreadPoolExecutor$DelayedWorkQueue.take(ScheduledThreadPoolExecutor.java:1088)
        at java.util.concurrent.ScheduledThreadPoolExecutor$DelayedWorkQueue.take(ScheduledThreadPoolExecutor.java:809)
        at java.util.concurrent.ThreadPoolExecutor.getTask(ThreadPoolExecutor.java:1074)
        at java.util.concurrent.ThreadPoolExecutor.runWorker(ThreadPoolExecutor.java:1134)
        at java.util.concurrent.ThreadPoolExecutor$Worker.run(ThreadPoolExecutor.java:624)
        at java.lang.Thread.run(Thread.java:750)
"Periodic HDDS volume checker" daemon prio=5 tid=1446 timed_waiting
java.lang.Thread.State: TIMED_WAITING
        at sun.misc.Unsafe.park(Native Method)
        at java.util.concurrent.locks.LockSupport.parkNanos(LockSupport.java:215)
        at java.util.concurrent.locks.AbstractQueuedSynchronizer$ConditionObject.awaitNanos(AbstractQueuedSynchronizer.java:2078)
        at java.util.concurrent.ScheduledThreadPoolExecutor$DelayedWorkQueue.take(ScheduledThreadPoolExecutor.java:1093)
        at java.util.concurrent.ScheduledThreadPoolExecutor$DelayedWorkQueue.take(ScheduledThreadPoolExecutor.java:809)
        at java.util.concurrent.ThreadPoolExecutor.getTask(ThreadPoolExecutor.java:1074)
        at java.util.concurrent.ThreadPoolExecutor.runWorker(ThreadPoolExecutor.java:1134)
        at java.util.concurrent.ThreadPoolExecutor$Worker.run(ThreadPoolExecutor.java:624)
        at java.lang.Thread.run(Thread.java:750)
"IPC Server handler 11 on default port 33251" daemon prio=5 tid=1291 timed_waiting
java.lang.Thread.State: TIMED_WAITING
        at sun.misc.Unsafe.park(Native Method)
        at java.util.concurrent.locks.LockSupport.parkNanos(LockSupport.java:215)
        at java.util.concurrent.locks.AbstractQueuedSynchronizer$ConditionObject.awaitNanos(AbstractQueuedSynchronizer.java:2078)
        at java.util.concurrent.LinkedBlockingQueue.poll(LinkedBlockingQueue.java:467)
        at org.apache.hadoop.ipc.CallQueueManager.take(CallQueueManager.java:317)
        at org.apache.hadoop.ipc.Server$Handler.run(Server.java:2942)
"qtp638093446-1375" daemon prio=5 tid=1375 timed_waiting
java.lang.Thread.State: TIMED_WAITING
        at sun.misc.Unsafe.park(Native Method)
        at java.util.concurrent.locks.LockSupport.parkNanos(LockSupport.java:215)
        at java.util.concurrent.locks.AbstractQueuedSynchronizer$ConditionObject.awaitNanos(AbstractQueuedSynchronizer.java:2078)
        at org.eclipse.jetty.util.BlockingArrayQueue.poll(BlockingArrayQueue.java:382)
        at org.eclipse.jetty.util.thread.QueuedThreadPool$Runner.idleJobPoll(QueuedThreadPool.java:974)
        at org.eclipse.jetty.util.thread.QueuedThreadPool$Runner.run(QueuedThreadPool.java:1018)
        at java.lang.Thread.run(Thread.java:750)
"Datanode State Machine Daemon Thread" daemon prio=5 tid=1436 timed_waiting
java.lang.Thread.State: TIMED_WAITING
        at java.lang.Thread.sleep(Native Method)
        at org.apache.hadoop.ozone.container.common.statemachine.DatanodeStateMachine.startStateMachineThread(DatanodeStateMachine.java:324)
        at org.apache.hadoop.ozone.container.common.statemachine.DatanodeStateMachine.lambda$startDaemon$0(DatanodeStateMachine.java:509)
        at org.apache.hadoop.ozone.container.common.statemachine.DatanodeStateMachine$$Lambda$798/2126145321.run(Unknown Source)
        at java.lang.Thread.run(Thread.java:750)
"Signal Dispatcher" daemon prio=9 tid=4 runnable
java.lang.Thread.State: RUNNABLE
"Periodic HDDS volume checker" daemon prio=5 tid=1365 timed_waiting
java.lang.Thread.State: TIMED_WAITING
        at sun.misc.Unsafe.park(Native Method)
        at java.util.concurrent.locks.LockSupport.parkNanos(LockSupport.java:215)
        at java.util.concurrent.locks.AbstractQueuedSynchronizer$ConditionObject.awaitNanos(AbstractQueuedSynchronizer.java:2078)
        at java.util.concurrent.ScheduledThreadPoolExecutor$DelayedWorkQueue.take(ScheduledThreadPoolExecutor.java:1093)
        at java.util.concurrent.ScheduledThreadPoolExecutor$DelayedWorkQueue.take(ScheduledThreadPoolExecutor.java:809)
        at java.util.concurrent.ThreadPoolExecutor.getTask(ThreadPoolExecutor.java:1074)
        at java.util.concurrent.ThreadPoolExecutor.runWorker(ThreadPoolExecutor.java:1134)
        at java.util.concurrent.ThreadPoolExecutor$Worker.run(ThreadPoolExecutor.java:624)
        at java.lang.Thread.run(Thread.java:750)
"53290e67-17c3-4c90-996e-c8ad22d82667@group-014BD055F285-SegmentedRaftLogWorker"  prio=5 tid=1647 timed_waiting
java.lang.Thread.State: TIMED_WAITING
        at sun.misc.Unsafe.park(Native Method)
        at java.util.concurrent.locks.LockSupport.parkNanos(LockSupport.java:215)
        at java.util.concurrent.locks.AbstractQueuedSynchronizer$ConditionObject.awaitNanos(AbstractQueuedSynchronizer.java:2078)
        at org.apache.ratis.util.DataBlockingQueue.poll(DataBlockingQueue.java:148)
        at org.apache.ratis.server.raftlog.segmented.SegmentedRaftLogWorker.run(SegmentedRaftLogWorker.java:312)
        at org.apache.ratis.server.raftlog.segmented.SegmentedRaftLogWorker$$Lambda$708/1588833732.run(Unknown Source)
        at java.lang.Thread.run(Thread.java:750)
"grpc-default-executor-3" daemon prio=5 tid=1692 timed_waiting
java.lang.Thread.State: TIMED_WAITING
        at sun.misc.Unsafe.park(Native Method)
        at java.util.concurrent.locks.LockSupport.parkNanos(LockSupport.java:215)
        at java.util.concurrent.SynchronousQueue$TransferStack.awaitFulfill(SynchronousQueue.java:460)
        at java.util.concurrent.SynchronousQueue$TransferStack.transfer(SynchronousQueue.java:362)
        at java.util.concurrent.SynchronousQueue.poll(SynchronousQueue.java:941)
        at java.util.concurrent.ThreadPoolExecutor.getTask(ThreadPoolExecutor.java:1073)
        at java.util.concurrent.ThreadPoolExecutor.runWorker(ThreadPoolExecutor.java:1134)
        at java.util.concurrent.ThreadPoolExecutor$Worker.run(ThreadPoolExecutor.java:624)
        at java.lang.Thread.run(Thread.java:750)
"IPC Server handler 7 on default port 35879" daemon prio=5 tid=1267 timed_waiting
java.lang.Thread.State: TIMED_WAITING
        at sun.misc.Unsafe.park(Native Method)
        at java.util.concurrent.locks.LockSupport.parkNanos(LockSupport.java:215)
        at java.util.concurrent.locks.AbstractQueuedSynchronizer$ConditionObject.awaitNanos(AbstractQueuedSynchronizer.java:2078)
        at java.util.concurrent.LinkedBlockingQueue.poll(LinkedBlockingQueue.java:467)
        at org.apache.hadoop.ipc.CallQueueManager.take(CallQueueManager.java:317)
        at org.apache.hadoop.ipc.Server$Handler.run(Server.java:2942)
"ChunkWriter-1-0" daemon prio=5 tid=1568 in Object.wait()
java.lang.Thread.State: WAITING (on object monitor)
        at sun.misc.Unsafe.park(Native Method)
        at java.util.concurrent.locks.LockSupport.park(LockSupport.java:175)
        at java.util.concurrent.locks.AbstractQueuedSynchronizer$ConditionObject.await(AbstractQueuedSynchronizer.java:2039)
        at java.util.concurrent.LinkedBlockingDeque.takeFirst(LinkedBlockingDeque.java:492)
        at java.util.concurrent.LinkedBlockingDeque.take(LinkedBlockingDeque.java:680)
        at java.util.concurrent.ThreadPoolExecutor.getTask(ThreadPoolExecutor.java:1074)
        at java.util.concurrent.ThreadPoolExecutor.runWorker(ThreadPoolExecutor.java:1134)
        at java.util.concurrent.ThreadPoolExecutor$Worker.run(ThreadPoolExecutor.java:624)
        at java.lang.Thread.run(Thread.java:750)
"qtp1822910383-1483" daemon prio=5 tid=1483 runnable
java.lang.Thread.State: RUNNABLE
        at sun.nio.ch.EPollArrayWrapper.epollWait(Native Method)
        at sun.nio.ch.EPollArrayWrapper.poll(EPollArrayWrapper.java:269)
        at sun.nio.ch.EPollSelectorImpl.doSelect(EPollSelectorImpl.java:93)
        at sun.nio.ch.SelectorImpl.lockAndDoSelect(SelectorImpl.java:86)
        at sun.nio.ch.SelectorImpl.select(SelectorImpl.java:97)
        at sun.nio.ch.SelectorImpl.select(SelectorImpl.java:101)
        at org.eclipse.jetty.io.ManagedSelector.nioSelect(ManagedSelector.java:183)
        at org.eclipse.jetty.io.ManagedSelector.select(ManagedSelector.java:190)
        at org.eclipse.jetty.io.ManagedSelector$SelectorProducer.select(ManagedSelector.java:606)
        at org.eclipse.jetty.io.ManagedSelector$SelectorProducer.produce(ManagedSelector.java:543)
        at org.eclipse.jetty.util.thread.strategy.EatWhatYouKill.produceTask(EatWhatYouKill.java:362)
        at org.eclipse.jetty.util.thread.strategy.EatWhatYouKill.doProduce(EatWhatYouKill.java:186)
        at org.eclipse.jetty.util.thread.strategy.EatWhatYouKill.tryProduce(EatWhatYouKill.java:173)
        at org.eclipse.jetty.util.thread.strategy.EatWhatYouKill.produce(EatWhatYouKill.java:137)
        at org.eclipse.jetty.io.ManagedSelector$$Lambda$468/1724067349.run(Unknown Source)
        at org.eclipse.jetty.util.thread.QueuedThreadPool.runJob(QueuedThreadPool.java:883)
        at org.eclipse.jetty.util.thread.QueuedThreadPool$Runner.run(QueuedThreadPool.java:1034)
        at java.lang.Thread.run(Thread.java:750)
"SCM Heartbeat Processing Thread - 0" daemon prio=5 tid=1208 timed_waiting
java.lang.Thread.State: TIMED_WAITING
        at sun.misc.Unsafe.park(Native Method)
        at java.util.concurrent.locks.LockSupport.parkNanos(LockSupport.java:215)
        at java.util.concurrent.locks.AbstractQueuedSynchronizer$ConditionObject.awaitNanos(AbstractQueuedSynchronizer.java:2078)
        at java.util.concurrent.ScheduledThreadPoolExecutor$DelayedWorkQueue.take(ScheduledThreadPoolExecutor.java:1093)
        at java.util.concurrent.ScheduledThreadPoolExecutor$DelayedWorkQueue.take(ScheduledThreadPoolExecutor.java:809)
        at java.util.concurrent.ThreadPoolExecutor.getTask(ThreadPoolExecutor.java:1074)
        at java.util.concurrent.ThreadPoolExecutor.runWorker(ThreadPoolExecutor.java:1134)
        at java.util.concurrent.ThreadPoolExecutor$Worker.run(ThreadPoolExecutor.java:624)
        at java.lang.Thread.run(Thread.java:750)
"BlockDeletingService#1" daemon prio=5 tid=1600 timed_waiting
java.lang.Thread.State: TIMED_WAITING
        at sun.misc.Unsafe.park(Native Method)
        at java.util.concurrent.locks.LockSupport.parkNanos(LockSupport.java:215)
        at java.util.concurrent.locks.AbstractQueuedSynchronizer$ConditionObject.awaitNanos(AbstractQueuedSynchronizer.java:2078)
        at java.util.concurrent.ScheduledThreadPoolExecutor$DelayedWorkQueue.take(ScheduledThreadPoolExecutor.java:1093)
        at java.util.concurrent.ScheduledThreadPoolExecutor$DelayedWorkQueue.take(ScheduledThreadPoolExecutor.java:809)
        at java.util.concurrent.ThreadPoolExecutor.getTask(ThreadPoolExecutor.java:1074)
        at java.util.concurrent.ThreadPoolExecutor.runWorker(ThreadPoolExecutor.java:1134)
        at java.util.concurrent.ThreadPoolExecutor$Worker.run(ThreadPoolExecutor.java:624)
        at java.lang.Thread.run(Thread.java:750)
"qtp141484792-1461" daemon prio=5 tid=1461 timed_waiting
java.lang.Thread.State: TIMED_WAITING
        at sun.misc.Unsafe.park(Native Method)
        at java.util.concurrent.locks.LockSupport.parkNanos(LockSupport.java:215)
        at java.util.concurrent.locks.AbstractQueuedSynchronizer$ConditionObject.awaitNanos(AbstractQueuedSynchronizer.java:2078)
        at org.eclipse.jetty.util.BlockingArrayQueue.poll(BlockingArrayQueue.java:382)
        at org.eclipse.jetty.util.thread.QueuedThreadPool$Runner.idleJobPoll(QueuedThreadPool.java:974)
        at org.eclipse.jetty.util.thread.QueuedThreadPool$Runner.run(QueuedThreadPool.java:1018)
        at java.lang.Thread.run(Thread.java:750)
"Datanode State Machine Daemon Thread" daemon prio=5 tid=1519 timed_waiting
java.lang.Thread.State: TIMED_WAITING
        at java.lang.Thread.sleep(Native Method)
        at org.apache.hadoop.ozone.container.common.statemachine.DatanodeStateMachine.startStateMachineThread(DatanodeStateMachine.java:324)
        at org.apache.hadoop.ozone.container.common.statemachine.DatanodeStateMachine.lambda$startDaemon$0(DatanodeStateMachine.java:509)
        at org.apache.hadoop.ozone.container.common.statemachine.DatanodeStateMachine$$Lambda$798/2126145321.run(Unknown Source)
        at java.lang.Thread.run(Thread.java:750)
"qtp1987612084-1511-acceptor-0@4d71210b-ServerConnector@6047906e{HTTP/1.1, (http/1.1)}{0.0.0.0:35089}" daemon prio=3 tid=1511 runnable
java.lang.Thread.State: RUNNABLE
        at sun.nio.ch.ServerSocketChannelImpl.accept0(Native Method)
        at sun.nio.ch.ServerSocketChannelImpl.accept(ServerSocketChannelImpl.java:421)
        at sun.nio.ch.ServerSocketChannelImpl.accept(ServerSocketChannelImpl.java:249)
        at org.eclipse.jetty.server.ServerConnector.accept(ServerConnector.java:388)
        at org.eclipse.jetty.server.AbstractConnector$Acceptor.run(AbstractConnector.java:704)
        at org.eclipse.jetty.util.thread.QueuedThreadPool.runJob(QueuedThreadPool.java:883)
        at org.eclipse.jetty.util.thread.QueuedThreadPool$Runner.run(QueuedThreadPool.java:1034)
        at java.lang.Thread.run(Thread.java:750)
"IPC Server handler 16 on default port 44023" daemon prio=5 tid=1359 timed_waiting
java.lang.Thread.State: TIMED_WAITING
        at sun.misc.Unsafe.park(Native Method)
        at java.util.concurrent.locks.LockSupport.parkNanos(LockSupport.java:215)
        at java.util.concurrent.locks.AbstractQueuedSynchronizer$ConditionObject.awaitNanos(AbstractQueuedSynchronizer.java:2078)
        at java.util.concurrent.LinkedBlockingQueue.poll(LinkedBlockingQueue.java:467)
        at org.apache.hadoop.ipc.CallQueueManager.take(CallQueueManager.java:317)
        at org.apache.hadoop.ipc.Server$Handler.run(Server.java:2942)
"IPC Server handler 10 on default port 33251" daemon prio=5 tid=1290 timed_waiting
java.lang.Thread.State: TIMED_WAITING
        at sun.misc.Unsafe.park(Native Method)
        at java.util.concurrent.locks.LockSupport.parkNanos(LockSupport.java:215)
        at java.util.concurrent.locks.AbstractQueuedSynchronizer$ConditionObject.awaitNanos(AbstractQueuedSynchronizer.java:2078)
        at java.util.concurrent.LinkedBlockingQueue.poll(LinkedBlockingQueue.java:467)
        at org.apache.hadoop.ipc.CallQueueManager.take(CallQueueManager.java:317)
        at org.apache.hadoop.ipc.Server$Handler.run(Server.java:2942)
"Datanode State Machine Daemon Thread" daemon prio=5 tid=1465 timed_waiting
java.lang.Thread.State: TIMED_WAITING
        at java.lang.Thread.sleep(Native Method)
        at org.apache.hadoop.ozone.container.common.statemachine.DatanodeStateMachine.startStateMachineThread(DatanodeStateMachine.java:324)
        at org.apache.hadoop.ozone.container.common.statemachine.DatanodeStateMachine.lambda$startDaemon$0(DatanodeStateMachine.java:509)
        at org.apache.hadoop.ozone.container.common.statemachine.DatanodeStateMachine$$Lambda$798/2126145321.run(Unknown Source)
        at java.lang.Thread.run(Thread.java:750)
"Session-HouseKeeper-28677ab4-1"  prio=5 tid=1408 timed_waiting
java.lang.Thread.State: TIMED_WAITING
        at sun.misc.Unsafe.park(Native Method)
        at java.util.concurrent.locks.LockSupport.parkNanos(LockSupport.java:215)
        at java.util.concurrent.locks.AbstractQueuedSynchronizer$ConditionObject.awaitNanos(AbstractQueuedSynchronizer.java:2078)
        at java.util.concurrent.ScheduledThreadPoolExecutor$DelayedWorkQueue.take(ScheduledThreadPoolExecutor.java:1093)
        at java.util.concurrent.ScheduledThreadPoolExecutor$DelayedWorkQueue.take(ScheduledThreadPoolExecutor.java:809)
        at java.util.concurrent.ThreadPoolExecutor.getTask(ThreadPoolExecutor.java:1074)
        at java.util.concurrent.ThreadPoolExecutor.runWorker(ThreadPoolExecutor.java:1134)
        at java.util.concurrent.ThreadPoolExecutor$Worker.run(ThreadPoolExecutor.java:624)
        at java.lang.Thread.run(Thread.java:750)
"IPC Server handler 12 on default port 46159" daemon prio=5 tid=1252 timed_waiting
java.lang.Thread.State: TIMED_WAITING
        at sun.misc.Unsafe.park(Native Method)
        at java.util.concurrent.locks.LockSupport.parkNanos(LockSupport.java:215)
        at java.util.concurrent.locks.AbstractQueuedSynchronizer$ConditionObject.awaitNanos(AbstractQueuedSynchronizer.java:2078)
        at java.util.concurrent.LinkedBlockingQueue.poll(LinkedBlockingQueue.java:467)
        at org.apache.hadoop.ipc.CallQueueManager.take(CallQueueManager.java:317)
        at org.apache.hadoop.ipc.Server$Handler.run(Server.java:2942)
"IPC Server handler 0 on default port 46159" daemon prio=5 tid=1240 timed_waiting
java.lang.Thread.State: TIMED_WAITING
        at sun.misc.Unsafe.park(Native Method)
        at java.util.concurrent.locks.LockSupport.parkNanos(LockSupport.java:215)
        at java.util.concurrent.locks.AbstractQueuedSynchronizer$ConditionObject.awaitNanos(AbstractQueuedSynchronizer.java:2078)
        at java.util.concurrent.LinkedBlockingQueue.poll(LinkedBlockingQueue.java:467)
        at org.apache.hadoop.ipc.CallQueueManager.take(CallQueueManager.java:317)
        at org.apache.hadoop.ipc.Server$Handler.run(Server.java:2942)
"5cd6f085-199f-4d86-8efd-dd16eb4c4197-server-thread2" daemon prio=5 tid=1732 timed_waiting
java.lang.Thread.State: TIMED_WAITING
        at sun.misc.Unsafe.park(Native Method)
        at java.util.concurrent.locks.LockSupport.parkNanos(LockSupport.java:215)
        at java.util.concurrent.SynchronousQueue$TransferStack.awaitFulfill(SynchronousQueue.java:460)
        at java.util.concurrent.SynchronousQueue$TransferStack.transfer(SynchronousQueue.java:362)
        at java.util.concurrent.SynchronousQueue.poll(SynchronousQueue.java:941)
        at java.util.concurrent.ThreadPoolExecutor.getTask(ThreadPoolExecutor.java:1073)
        at java.util.concurrent.ThreadPoolExecutor.runWorker(ThreadPoolExecutor.java:1134)
        at java.util.concurrent.ThreadPoolExecutor$Worker.run(ThreadPoolExecutor.java:624)
        at java.lang.Thread.run(Thread.java:750)
"org.apache.hadoop.ozone.container.common.statemachine.commandhandler.DeleteBlocksCommandHandler$DeleteCmdWorker@7729662e" daemon prio=5 tid=1398 timed_waiting
java.lang.Thread.State: TIMED_WAITING
        at java.lang.Thread.sleep(Native Method)
        at org.apache.hadoop.ozone.container.common.statemachine.commandhandler.DeleteBlocksCommandHandler$DeleteCmdWorker.run(DeleteBlocksCommandHandler.java:184)
        at java.lang.Thread.run(Thread.java:750)
"StaleRecoveringContainerScrubbingService#2" daemon prio=5 tid=1752 in Object.wait()
java.lang.Thread.State: WAITING (on object monitor)
        at sun.misc.Unsafe.park(Native Method)
        at java.util.concurrent.locks.LockSupport.park(LockSupport.java:175)
        at java.util.concurrent.locks.AbstractQueuedSynchronizer$ConditionObject.await(AbstractQueuedSynchronizer.java:2039)
        at java.util.concurrent.ScheduledThreadPoolExecutor$DelayedWorkQueue.take(ScheduledThreadPoolExecutor.java:1088)
        at java.util.concurrent.ScheduledThreadPoolExecutor$DelayedWorkQueue.take(ScheduledThreadPoolExecutor.java:809)
        at java.util.concurrent.ThreadPoolExecutor.getTask(ThreadPoolExecutor.java:1074)
        at java.util.concurrent.ThreadPoolExecutor.runWorker(ThreadPoolExecutor.java:1134)
        at java.util.concurrent.ThreadPoolExecutor$Worker.run(ThreadPoolExecutor.java:624)
        at java.lang.Thread.run(Thread.java:750)
"Session-HouseKeeper-691eec36-1"  prio=5 tid=1491 timed_waiting
java.lang.Thread.State: TIMED_WAITING
        at sun.misc.Unsafe.park(Native Method)
        at java.util.concurrent.locks.LockSupport.parkNanos(LockSupport.java:215)
        at java.util.concurrent.locks.AbstractQueuedSynchronizer$ConditionObject.awaitNanos(AbstractQueuedSynchronizer.java:2078)
        at java.util.concurrent.ScheduledThreadPoolExecutor$DelayedWorkQueue.take(ScheduledThreadPoolExecutor.java:1093)
        at java.util.concurrent.ScheduledThreadPoolExecutor$DelayedWorkQueue.take(ScheduledThreadPoolExecutor.java:809)
        at java.util.concurrent.ThreadPoolExecutor.getTask(ThreadPoolExecutor.java:1074)
        at java.util.concurrent.ThreadPoolExecutor.runWorker(ThreadPoolExecutor.java:1134)
        at java.util.concurrent.ThreadPoolExecutor$Worker.run(ThreadPoolExecutor.java:624)
        at java.lang.Thread.run(Thread.java:750)
"FixedThreadPoolWithAffinityExecutor-0-0" daemon prio=5 tid=1228 timed_waiting
java.lang.Thread.State: TIMED_WAITING
        at sun.misc.Unsafe.park(Native Method)
        at java.util.concurrent.locks.LockSupport.parkNanos(LockSupport.java:215)
        at java.util.concurrent.locks.AbstractQueuedSynchronizer$ConditionObject.awaitNanos(AbstractQueuedSynchronizer.java:2078)
        at java.util.concurrent.LinkedBlockingQueue.poll(LinkedBlockingQueue.java:467)
        at org.apache.hadoop.hdds.scm.server.ContainerReportQueue.poll(ContainerReportQueue.java:266)
        at org.apache.hadoop.hdds.scm.server.ContainerReportQueue.poll(ContainerReportQueue.java:42)
        at org.apache.hadoop.hdds.server.events.FixedThreadPoolWithAffinityExecutor$ContainerReportProcessTask.run(FixedThreadPoolWithAffinityExecutor.java:247)
        at java.util.concurrent.Executors$RunnableAdapter.call(Executors.java:511)
        at java.util.concurrent.FutureTask.run(FutureTask.java:266)
        at java.util.concurrent.ThreadPoolExecutor.runWorker(ThreadPoolExecutor.java:1149)
        at java.util.concurrent.ThreadPoolExecutor$Worker.run(ThreadPoolExecutor.java:624)
        at java.lang.Thread.run(Thread.java:750)
"qtp298434414-1305" daemon prio=5 tid=1305 timed_waiting
java.lang.Thread.State: TIMED_WAITING
        at sun.misc.Unsafe.park(Native Method)
        at java.util.concurrent.locks.LockSupport.parkNanos(LockSupport.java:215)
        at java.util.concurrent.locks.AbstractQueuedSynchronizer$ConditionObject.awaitNanos(AbstractQueuedSynchronizer.java:2078)
        at org.eclipse.jetty.util.BlockingArrayQueue.poll(BlockingArrayQueue.java:382)
        at org.eclipse.jetty.util.thread.QueuedThreadPool$Runner.idleJobPoll(QueuedThreadPool.java:974)
        at org.eclipse.jetty.util.thread.QueuedThreadPool$Runner.run(QueuedThreadPool.java:1018)
        at java.lang.Thread.run(Thread.java:750)
"IPC Server handler 0 on default port 35879" daemon prio=5 tid=1260 timed_waiting
java.lang.Thread.State: TIMED_WAITING
        at sun.misc.Unsafe.park(Native Method)
        at java.util.concurrent.locks.LockSupport.parkNanos(LockSupport.java:215)
        at java.util.concurrent.locks.AbstractQueuedSynchronizer$ConditionObject.awaitNanos(AbstractQueuedSynchronizer.java:2078)
        at java.util.concurrent.LinkedBlockingQueue.poll(LinkedBlockingQueue.java:467)
        at org.apache.hadoop.ipc.CallQueueManager.take(CallQueueManager.java:317)
        at org.apache.hadoop.ipc.Server$Handler.run(Server.java:2942)
"qtp1591980638-1337" daemon prio=5 tid=1337 timed_waiting
java.lang.Thread.State: TIMED_WAITING
        at sun.misc.Unsafe.park(Native Method)
        at java.util.concurrent.locks.LockSupport.parkNanos(LockSupport.java:215)
        at java.util.concurrent.locks.AbstractQueuedSynchronizer$ConditionObject.awaitNanos(AbstractQueuedSynchronizer.java:2078)
        at org.eclipse.jetty.util.BlockingArrayQueue.poll(BlockingArrayQueue.java:382)
        at org.eclipse.jetty.util.thread.QueuedThreadPool$Runner.idleJobPoll(QueuedThreadPool.java:974)
        at org.eclipse.jetty.util.thread.QueuedThreadPool$Runner.run(QueuedThreadPool.java:1018)
        at java.lang.Thread.run(Thread.java:750)
"ChunkWriter-3-0" daemon prio=5 tid=1570 in Object.wait()
java.lang.Thread.State: WAITING (on object monitor)
        at sun.misc.Unsafe.park(Native Method)
        at java.util.concurrent.locks.LockSupport.park(LockSupport.java:175)
        at java.util.concurrent.locks.AbstractQueuedSynchronizer$ConditionObject.await(AbstractQueuedSynchronizer.java:2039)
        at java.util.concurrent.LinkedBlockingDeque.takeFirst(LinkedBlockingDeque.java:492)
        at java.util.concurrent.LinkedBlockingDeque.take(LinkedBlockingDeque.java:680)
        at java.util.concurrent.ThreadPoolExecutor.getTask(ThreadPoolExecutor.java:1074)
        at java.util.concurrent.ThreadPoolExecutor.runWorker(ThreadPoolExecutor.java:1134)
        at java.util.concurrent.ThreadPoolExecutor$Worker.run(ThreadPoolExecutor.java:624)
        at java.lang.Thread.run(Thread.java:750)
"53290e67-17c3-4c90-996e-c8ad22d82667@group-014BD055F285-LeaderStateImpl" daemon prio=5 tid=1726 timed_waiting
java.lang.Thread.State: TIMED_WAITING
        at sun.misc.Unsafe.park(Native Method)
        at java.util.concurrent.locks.LockSupport.parkNanos(LockSupport.java:215)
        at java.util.concurrent.locks.AbstractQueuedSynchronizer$ConditionObject.awaitNanos(AbstractQueuedSynchronizer.java:2078)
        at java.util.concurrent.ArrayBlockingQueue.poll(ArrayBlockingQueue.java:418)
        at org.apache.ratis.server.impl.LeaderStateImpl$EventQueue.poll(LeaderStateImpl.java:159)
        at org.apache.ratis.server.impl.LeaderStateImpl$EventProcessor.run(LeaderStateImpl.java:630)
"qtp638093446-1379" daemon prio=5 tid=1379 timed_waiting
java.lang.Thread.State: TIMED_WAITING
        at sun.misc.Unsafe.park(Native Method)
        at java.util.concurrent.locks.LockSupport.parkNanos(LockSupport.java:215)
        at java.util.concurrent.locks.AbstractQueuedSynchronizer$ConditionObject.awaitNanos(AbstractQueuedSynchronizer.java:2078)
        at org.eclipse.jetty.util.BlockingArrayQueue.poll(BlockingArrayQueue.java:382)
        at org.eclipse.jetty.util.thread.QueuedThreadPool$Runner.idleJobPoll(QueuedThreadPool.java:974)
        at org.eclipse.jetty.util.thread.QueuedThreadPool$Runner.run(QueuedThreadPool.java:1018)
        at java.lang.Thread.run(Thread.java:750)
"IPC Server handler 13 on default port 33251" daemon prio=5 tid=1293 timed_waiting
java.lang.Thread.State: TIMED_WAITING
        at sun.misc.Unsafe.park(Native Method)
        at java.util.concurrent.locks.LockSupport.parkNanos(LockSupport.java:215)
        at java.util.concurrent.locks.AbstractQueuedSynchronizer$ConditionObject.awaitNanos(AbstractQueuedSynchronizer.java:2078)
        at java.util.concurrent.LinkedBlockingQueue.poll(LinkedBlockingQueue.java:467)
        at org.apache.hadoop.ipc.CallQueueManager.take(CallQueueManager.java:317)
        at org.apache.hadoop.ipc.Server$Handler.run(Server.java:2942)
"FixedThreadPoolWithAffinityExecutor-5-0" daemon prio=5 tid=1233 timed_waiting
java.lang.Thread.State: TIMED_WAITING
        at sun.misc.Unsafe.park(Native Method)
        at java.util.concurrent.locks.LockSupport.parkNanos(LockSupport.java:215)
        at java.util.concurrent.locks.AbstractQueuedSynchronizer$ConditionObject.awaitNanos(AbstractQueuedSynchronizer.java:2078)
        at java.util.concurrent.LinkedBlockingQueue.poll(LinkedBlockingQueue.java:467)
        at org.apache.hadoop.hdds.scm.server.ContainerReportQueue.poll(ContainerReportQueue.java:266)
        at org.apache.hadoop.hdds.scm.server.ContainerReportQueue.poll(ContainerReportQueue.java:42)
        at org.apache.hadoop.hdds.server.events.FixedThreadPoolWithAffinityExecutor$ContainerReportProcessTask.run(FixedThreadPoolWithAffinityExecutor.java:247)
        at java.util.concurrent.Executors$RunnableAdapter.call(Executors.java:511)
        at java.util.concurrent.FutureTask.run(FutureTask.java:266)
        at java.util.concurrent.ThreadPoolExecutor.runWorker(ThreadPoolExecutor.java:1149)
        at java.util.concurrent.ThreadPoolExecutor$Worker.run(ThreadPoolExecutor.java:624)
        at java.lang.Thread.run(Thread.java:750)
"org.apache.hadoop.ozone.container.common.statemachine.commandhandler.DeleteBlocksCommandHandler$DeleteCmdWorker@2962ddba" daemon prio=5 tid=1508 timed_waiting
java.lang.Thread.State: TIMED_WAITING
        at java.lang.Thread.sleep(Native Method)
        at org.apache.hadoop.ozone.container.common.statemachine.commandhandler.DeleteBlocksCommandHandler$DeleteCmdWorker.run(DeleteBlocksCommandHandler.java:184)
        at java.lang.Thread.run(Thread.java:750)
"IPC Server handler 3 on default port 33251" daemon prio=5 tid=1283 timed_waiting
java.lang.Thread.State: TIMED_WAITING
        at sun.misc.Unsafe.park(Native Method)
        at java.util.concurrent.locks.LockSupport.parkNanos(LockSupport.java:215)
        at java.util.concurrent.locks.AbstractQueuedSynchronizer$ConditionObject.awaitNanos(AbstractQueuedSynchronizer.java:2078)
        at java.util.concurrent.LinkedBlockingQueue.poll(LinkedBlockingQueue.java:467)
        at org.apache.hadoop.ipc.CallQueueManager.take(CallQueueManager.java:317)
        at org.apache.hadoop.ipc.Server$Handler.run(Server.java:2942)
"IPC Server idle connection scanner for port 46159" daemon prio=5 tid=1226 timed_waiting
java.lang.Thread.State: TIMED_WAITING
        at java.lang.Object.wait(Native Method)
        at java.util.TimerThread.mainLoop(Timer.java:552)
        at java.util.TimerThread.run(Timer.java:505)
"qtp141484792-1458" daemon prio=5 tid=1458 timed_waiting
java.lang.Thread.State: TIMED_WAITING
        at sun.misc.Unsafe.park(Native Method)
        at java.util.concurrent.locks.LockSupport.parkNanos(LockSupport.java:215)
        at java.util.concurrent.locks.AbstractQueuedSynchronizer$ConditionObject.awaitNanos(AbstractQueuedSynchronizer.java:2078)
        at org.eclipse.jetty.util.BlockingArrayQueue.poll(BlockingArrayQueue.java:382)
        at org.eclipse.jetty.util.thread.QueuedThreadPool$Runner.idleJobPoll(QueuedThreadPool.java:974)
        at org.eclipse.jetty.util.thread.QueuedThreadPool$Runner.run(QueuedThreadPool.java:1018)
        at java.lang.Thread.run(Thread.java:750)
"Datanode State Machine Task Thread - 1"  prio=5 tid=1541 in Object.wait()
java.lang.Thread.State: WAITING (on object monitor)
        at sun.misc.Unsafe.park(Native Method)
        at java.util.concurrent.locks.LockSupport.park(LockSupport.java:175)
        at java.util.concurrent.locks.AbstractQueuedSynchronizer$ConditionObject.await(AbstractQueuedSynchronizer.java:2039)
        at java.util.concurrent.LinkedBlockingQueue.take(LinkedBlockingQueue.java:442)
        at java.util.concurrent.ThreadPoolExecutor.getTask(ThreadPoolExecutor.java:1074)
        at java.util.concurrent.ThreadPoolExecutor.runWorker(ThreadPoolExecutor.java:1134)
        at java.util.concurrent.ThreadPoolExecutor$Worker.run(ThreadPoolExecutor.java:624)
        at java.lang.Thread.run(Thread.java:750)
"OpenKeyCleanupService#0" daemon prio=5 tid=1332 timed_waiting
java.lang.Thread.State: TIMED_WAITING
        at sun.misc.Unsafe.park(Native Method)
        at java.util.concurrent.locks.LockSupport.parkNanos(LockSupport.java:215)
        at java.util.concurrent.locks.AbstractQueuedSynchronizer$ConditionObject.awaitNanos(AbstractQueuedSynchronizer.java:2078)
        at java.util.concurrent.ScheduledThreadPoolExecutor$DelayedWorkQueue.take(ScheduledThreadPoolExecutor.java:1093)
        at java.util.concurrent.ScheduledThreadPoolExecutor$DelayedWorkQueue.take(ScheduledThreadPoolExecutor.java:809)
        at java.util.concurrent.ThreadPoolExecutor.getTask(ThreadPoolExecutor.java:1074)
        at java.util.concurrent.ThreadPoolExecutor.runWorker(ThreadPoolExecutor.java:1134)
        at java.util.concurrent.ThreadPoolExecutor$Worker.run(ThreadPoolExecutor.java:624)
        at java.lang.Thread.run(Thread.java:750)
"IPC Server handler 8 on default port 33251" daemon prio=5 tid=1288 timed_waiting
java.lang.Thread.State: TIMED_WAITING
        at sun.misc.Unsafe.park(Native Method)
        at java.util.concurrent.locks.LockSupport.parkNanos(LockSupport.java:215)
        at java.util.concurrent.locks.AbstractQueuedSynchronizer$ConditionObject.awaitNanos(AbstractQueuedSynchronizer.java:2078)
        at java.util.concurrent.LinkedBlockingQueue.poll(LinkedBlockingQueue.java:467)
        at org.apache.hadoop.ipc.CallQueueManager.take(CallQueueManager.java:317)
        at org.apache.hadoop.ipc.Server$Handler.run(Server.java:2942)
"Datanode ReportManager Thread - 3" daemon prio=5 tid=1440 in Object.wait()
java.lang.Thread.State: WAITING (on object monitor)
        at sun.misc.Unsafe.park(Native Method)
        at java.util.concurrent.locks.LockSupport.park(LockSupport.java:175)
        at java.util.concurrent.locks.AbstractQueuedSynchronizer$ConditionObject.await(AbstractQueuedSynchronizer.java:2039)
        at java.util.concurrent.ScheduledThreadPoolExecutor$DelayedWorkQueue.take(ScheduledThreadPoolExecutor.java:1088)
        at java.util.concurrent.ScheduledThreadPoolExecutor$DelayedWorkQueue.take(ScheduledThreadPoolExecutor.java:809)
        at java.util.concurrent.ThreadPoolExecutor.getTask(ThreadPoolExecutor.java:1074)
        at java.util.concurrent.ThreadPoolExecutor.runWorker(ThreadPoolExecutor.java:1134)
        at java.util.concurrent.ThreadPoolExecutor$Worker.run(ThreadPoolExecutor.java:624)
        at java.lang.Thread.run(Thread.java:750)
"qtp141484792-1455-acceptor-0@4e5c626f-ServerConnector@5d0e4b9{HTTP/1.1, (http/1.1)}{0.0.0.0:39617}" daemon prio=3 tid=1455 runnable
java.lang.Thread.State: RUNNABLE
        at sun.nio.ch.ServerSocketChannelImpl.accept0(Native Method)
        at sun.nio.ch.ServerSocketChannelImpl.accept(ServerSocketChannelImpl.java:421)
        at sun.nio.ch.ServerSocketChannelImpl.accept(ServerSocketChannelImpl.java:249)
        at org.eclipse.jetty.server.ServerConnector.accept(ServerConnector.java:388)
        at org.eclipse.jetty.server.AbstractConnector$Acceptor.run(AbstractConnector.java:704)
        at org.eclipse.jetty.util.thread.QueuedThreadPool.runJob(QueuedThreadPool.java:883)
        at org.eclipse.jetty.util.thread.QueuedThreadPool$Runner.run(QueuedThreadPool.java:1034)
        at java.lang.Thread.run(Thread.java:750)
"qtp1822910383-1486" daemon prio=5 tid=1486 timed_waiting
java.lang.Thread.State: TIMED_WAITING
        at sun.misc.Unsafe.park(Native Method)
        at java.util.concurrent.locks.LockSupport.parkNanos(LockSupport.java:215)
        at java.util.concurrent.locks.AbstractQueuedSynchronizer$ConditionObject.awaitNanos(AbstractQueuedSynchronizer.java:2078)
        at org.eclipse.jetty.util.BlockingArrayQueue.poll(BlockingArrayQueue.java:382)
        at org.eclipse.jetty.util.thread.QueuedThreadPool$Runner.idleJobPoll(QueuedThreadPool.java:974)
        at org.eclipse.jetty.util.thread.QueuedThreadPool$Runner.run(QueuedThreadPool.java:1018)
        at java.lang.Thread.run(Thread.java:750)
"timer5" daemon prio=5 tid=530 timed_waiting
java.lang.Thread.State: TIMED_WAITING
        at java.lang.Object.wait(Native Method)
        at java.util.TimerThread.mainLoop(Timer.java:552)
        at java.util.TimerThread.run(Timer.java:505)
"EventQueue-DatanodeCommandQueueUpdatedForDatanodeCommandCountUpdatedHandler" daemon prio=5 tid=1608 in Object.wait()
java.lang.Thread.State: WAITING (on object monitor)
        at sun.misc.Unsafe.park(Native Method)
        at java.util.concurrent.locks.LockSupport.park(LockSupport.java:175)
        at java.util.concurrent.locks.AbstractQueuedSynchronizer$ConditionObject.await(AbstractQueuedSynchronizer.java:2039)
        at java.util.concurrent.LinkedBlockingQueue.take(LinkedBlockingQueue.java:442)
        at java.util.concurrent.ThreadPoolExecutor.getTask(ThreadPoolExecutor.java:1074)
        at java.util.concurrent.ThreadPoolExecutor.runWorker(ThreadPoolExecutor.java:1134)
        at java.util.concurrent.ThreadPoolExecutor$Worker.run(ThreadPoolExecutor.java:624)
        at java.lang.Thread.run(Thread.java:750)
"IPC Server listener on 0" daemon prio=5 tid=1321 runnable
java.lang.Thread.State: RUNNABLE
        at sun.nio.ch.EPollArrayWrapper.epollWait(Native Method)
        at sun.nio.ch.EPollArrayWrapper.poll(EPollArrayWrapper.java:269)
        at sun.nio.ch.EPollSelectorImpl.doSelect(EPollSelectorImpl.java:93)
        at sun.nio.ch.SelectorImpl.lockAndDoSelect(SelectorImpl.java:86)
        at sun.nio.ch.SelectorImpl.select(SelectorImpl.java:97)
        at sun.nio.ch.SelectorImpl.select(SelectorImpl.java:101)
        at org.apache.hadoop.ipc.Server$Listener.run(Server.java:1358)
"grpc-default-worker-ELG-5-1" daemon prio=5 tid=1002 runnable
java.lang.Thread.State: RUNNABLE
        at org.apache.ratis.thirdparty.io.netty.channel.epoll.Native.epollWait0(Native Method)
        at org.apache.ratis.thirdparty.io.netty.channel.epoll.Native.epollWait(Native.java:182)
        at org.apache.ratis.thirdparty.io.netty.channel.epoll.EpollEventLoop.epollWait(EpollEventLoop.java:290)
        at org.apache.ratis.thirdparty.io.netty.channel.epoll.EpollEventLoop.run(EpollEventLoop.java:354)
        at org.apache.ratis.thirdparty.io.netty.util.concurrent.SingleThreadEventExecutor$4.run(SingleThreadEventExecutor.java:995)
        at org.apache.ratis.thirdparty.io.netty.util.internal.ThreadExecutorMap$2.run(ThreadExecutorMap.java:74)
        at org.apache.ratis.thirdparty.io.netty.util.concurrent.FastThreadLocalRunnable.run(FastThreadLocalRunnable.java:30)
        at java.lang.Thread.run(Thread.java:750)
"qtp308043780-1407" daemon prio=5 tid=1407 timed_waiting
java.lang.Thread.State: TIMED_WAITING
        at sun.misc.Unsafe.park(Native Method)
        at java.util.concurrent.locks.LockSupport.parkNanos(LockSupport.java:215)
        at java.util.concurrent.locks.AbstractQueuedSynchronizer$ConditionObject.awaitNanos(AbstractQueuedSynchronizer.java:2078)
        at org.eclipse.jetty.util.BlockingArrayQueue.poll(BlockingArrayQueue.java:382)
        at org.eclipse.jetty.util.thread.QueuedThreadPool$Runner.idleJobPoll(QueuedThreadPool.java:974)
        at org.eclipse.jetty.util.thread.QueuedThreadPool$Runner.run(QueuedThreadPool.java:1018)
        at java.lang.Thread.run(Thread.java:750)
"qtp141484792-1456" daemon prio=5 tid=1456 timed_waiting
java.lang.Thread.State: TIMED_WAITING
        at sun.misc.Unsafe.park(Native Method)
        at java.util.concurrent.locks.LockSupport.parkNanos(LockSupport.java:215)
        at java.util.concurrent.locks.AbstractQueuedSynchronizer$ConditionObject.awaitNanos(AbstractQueuedSynchronizer.java:2078)
        at org.eclipse.jetty.util.BlockingArrayQueue.poll(BlockingArrayQueue.java:382)
        at org.eclipse.jetty.util.thread.QueuedThreadPool$Runner.idleJobPoll(QueuedThreadPool.java:974)
        at org.eclipse.jetty.util.thread.QueuedThreadPool$Runner.run(QueuedThreadPool.java:1018)
        at java.lang.Thread.run(Thread.java:750)
"qtp638093446-1376" daemon prio=5 tid=1376 timed_waiting
java.lang.Thread.State: TIMED_WAITING
        at sun.misc.Unsafe.park(Native Method)
        at java.util.concurrent.locks.LockSupport.parkNanos(LockSupport.java:215)
        at java.util.concurrent.locks.AbstractQueuedSynchronizer$ConditionObject.awaitNanos(AbstractQueuedSynchronizer.java:2078)
        at org.eclipse.jetty.util.BlockingArrayQueue.poll(BlockingArrayQueue.java:382)
        at org.eclipse.jetty.util.thread.QueuedThreadPool$Runner.idleJobPoll(QueuedThreadPool.java:974)
        at org.eclipse.jetty.util.thread.QueuedThreadPool$Runner.run(QueuedThreadPool.java:1018)
        at java.lang.Thread.run(Thread.java:750)
"qtp308043780-1403" daemon prio=5 tid=1403 timed_waiting
java.lang.Thread.State: TIMED_WAITING
        at sun.misc.Unsafe.park(Native Method)
        at java.util.concurrent.locks.LockSupport.parkNanos(LockSupport.java:215)
        at java.util.concurrent.locks.AbstractQueuedSynchronizer$ConditionObject.awaitNanos(AbstractQueuedSynchronizer.java:2078)
        at org.eclipse.jetty.util.BlockingArrayQueue.poll(BlockingArrayQueue.java:382)
        at org.eclipse.jetty.util.thread.QueuedThreadPool$Runner.idleJobPoll(QueuedThreadPool.java:974)
        at org.eclipse.jetty.util.thread.QueuedThreadPool$Runner.run(QueuedThreadPool.java:1018)
        at java.lang.Thread.run(Thread.java:750)
"Datanode ReportManager Thread - 3" daemon prio=5 tid=1523 in Object.wait()
java.lang.Thread.State: WAITING (on object monitor)
        at sun.misc.Unsafe.park(Native Method)
        at java.util.concurrent.locks.LockSupport.park(LockSupport.java:175)
        at java.util.concurrent.locks.AbstractQueuedSynchronizer$ConditionObject.await(AbstractQueuedSynchronizer.java:2039)
        at java.util.concurrent.ScheduledThreadPoolExecutor$DelayedWorkQueue.take(ScheduledThreadPoolExecutor.java:1088)
        at java.util.concurrent.ScheduledThreadPoolExecutor$DelayedWorkQueue.take(ScheduledThreadPoolExecutor.java:809)
        at java.util.concurrent.ThreadPoolExecutor.getTask(ThreadPoolExecutor.java:1074)
        at java.util.concurrent.ThreadPoolExecutor.runWorker(ThreadPoolExecutor.java:1134)
        at java.util.concurrent.ThreadPoolExecutor$Worker.run(ThreadPoolExecutor.java:624)
        at java.lang.Thread.run(Thread.java:750)
"qtp1822910383-1487" daemon prio=5 tid=1487 timed_waiting
java.lang.Thread.State: TIMED_WAITING
        at sun.misc.Unsafe.park(Native Method)
        at java.util.concurrent.locks.LockSupport.parkNanos(LockSupport.java:215)
        at java.util.concurrent.locks.AbstractQueuedSynchronizer$ConditionObject.awaitNanos(AbstractQueuedSynchronizer.java:2078)
        at org.eclipse.jetty.util.BlockingArrayQueue.poll(BlockingArrayQueue.java:382)
        at org.eclipse.jetty.util.thread.QueuedThreadPool$Runner.idleJobPoll(QueuedThreadPool.java:974)
        at org.eclipse.jetty.util.thread.QueuedThreadPool$Runner.run(QueuedThreadPool.java:1018)
        at java.lang.Thread.run(Thread.java:750)
"IPC Server handler 13 on default port 46159" daemon prio=5 tid=1253 timed_waiting
java.lang.Thread.State: TIMED_WAITING
        at sun.misc.Unsafe.park(Native Method)
        at java.util.concurrent.locks.LockSupport.parkNanos(LockSupport.java:215)
        at java.util.concurrent.locks.AbstractQueuedSynchronizer$ConditionObject.awaitNanos(AbstractQueuedSynchronizer.java:2078)
        at java.util.concurrent.LinkedBlockingQueue.poll(LinkedBlockingQueue.java:467)
        at org.apache.hadoop.ipc.CallQueueManager.take(CallQueueManager.java:317)
        at org.apache.hadoop.ipc.Server$Handler.run(Server.java:2942)
"qtp141484792-1459" daemon prio=5 tid=1459 timed_waiting
java.lang.Thread.State: TIMED_WAITING
        at sun.misc.Unsafe.park(Native Method)
        at java.util.concurrent.locks.LockSupport.parkNanos(LockSupport.java:215)
        at java.util.concurrent.locks.AbstractQueuedSynchronizer$ConditionObject.awaitNanos(AbstractQueuedSynchronizer.java:2078)
        at org.eclipse.jetty.util.BlockingArrayQueue.poll(BlockingArrayQueue.java:382)
        at org.eclipse.jetty.util.thread.QueuedThreadPool$Runner.idleJobPoll(QueuedThreadPool.java:974)
        at org.eclipse.jetty.util.thread.QueuedThreadPool$Runner.run(QueuedThreadPool.java:1018)
        at java.lang.Thread.run(Thread.java:750)
"IPC Server handler 10 on default port 35879" daemon prio=5 tid=1270 timed_waiting
java.lang.Thread.State: TIMED_WAITING
        at sun.misc.Unsafe.park(Native Method)
        at java.util.concurrent.locks.LockSupport.parkNanos(LockSupport.java:215)
        at java.util.concurrent.locks.AbstractQueuedSynchronizer$ConditionObject.awaitNanos(AbstractQueuedSynchronizer.java:2078)
        at java.util.concurrent.LinkedBlockingQueue.poll(LinkedBlockingQueue.java:467)
        at org.apache.hadoop.ipc.CallQueueManager.take(CallQueueManager.java:317)
        at org.apache.hadoop.ipc.Server$Handler.run(Server.java:2942)
"IPC Server idle connection scanner for port 44023" daemon prio=5 tid=1323 timed_waiting
java.lang.Thread.State: TIMED_WAITING
        at java.lang.Object.wait(Native Method)
        at java.util.TimerThread.mainLoop(Timer.java:552)
        at java.util.TimerThread.run(Timer.java:505)
"Periodic HDDS volume checker" daemon prio=5 tid=1392 timed_waiting
java.lang.Thread.State: TIMED_WAITING
        at sun.misc.Unsafe.park(Native Method)
        at java.util.concurrent.locks.LockSupport.parkNanos(LockSupport.java:215)
        at java.util.concurrent.locks.AbstractQueuedSynchronizer$ConditionObject.awaitNanos(AbstractQueuedSynchronizer.java:2078)
        at java.util.concurrent.ScheduledThreadPoolExecutor$DelayedWorkQueue.take(ScheduledThreadPoolExecutor.java:1093)
        at java.util.concurrent.ScheduledThreadPoolExecutor$DelayedWorkQueue.take(ScheduledThreadPoolExecutor.java:809)
        at java.util.concurrent.ThreadPoolExecutor.getTask(ThreadPoolExecutor.java:1074)
        at java.util.concurrent.ThreadPoolExecutor.runWorker(ThreadPoolExecutor.java:1134)
        at java.util.concurrent.ThreadPoolExecutor$Worker.run(ThreadPoolExecutor.java:624)
        at java.lang.Thread.run(Thread.java:750)
"ca7e3987-4d62-4f50-9818-34d949b95429@group-014BD055F285-FollowerState" daemon prio=5 tid=1728 timed_waiting
java.lang.Thread.State: TIMED_WAITING
        at java.lang.Thread.sleep(Native Method)
        at java.lang.Thread.sleep(Thread.java:342)
        at java.util.concurrent.TimeUnit.sleep(TimeUnit.java:386)
        at org.apache.ratis.util.TimeDuration.sleep(TimeDuration.java:325)
        at org.apache.ratis.util.TimeDuration.sleep(TimeDuration.java:310)
        at org.apache.ratis.server.impl.FollowerState.run(FollowerState.java:128)
"pool-541-thread-1"  prio=5 tid=1609 in Object.wait()
java.lang.Thread.State: WAITING (on object monitor)
        at sun.misc.Unsafe.park(Native Method)
        at java.util.concurrent.locks.LockSupport.park(LockSupport.java:175)
        at java.util.concurrent.locks.AbstractQueuedSynchronizer$ConditionObject.await(AbstractQueuedSynchronizer.java:2039)
        at java.util.concurrent.LinkedBlockingQueue.take(LinkedBlockingQueue.java:442)
        at java.util.concurrent.ThreadPoolExecutor.getTask(ThreadPoolExecutor.java:1074)
        at java.util.concurrent.ThreadPoolExecutor.runWorker(ThreadPoolExecutor.java:1134)
        at java.util.concurrent.ThreadPoolExecutor$Worker.run(ThreadPoolExecutor.java:624)
        at java.lang.Thread.run(Thread.java:750)
"qtp1591980638-1334" daemon prio=5 tid=1334 timed_waiting
java.lang.Thread.State: TIMED_WAITING
        at sun.misc.Unsafe.park(Native Method)
        at java.util.concurrent.locks.LockSupport.parkNanos(LockSupport.java:215)
        at java.util.concurrent.locks.AbstractQueuedSynchronizer$ConditionObject.awaitNanos(AbstractQueuedSynchronizer.java:2078)
        at org.eclipse.jetty.util.BlockingArrayQueue.poll(BlockingArrayQueue.java:382)
        at org.eclipse.jetty.util.thread.QueuedThreadPool$Runner.idleJobPoll(QueuedThreadPool.java:974)
        at org.eclipse.jetty.util.thread.QueuedThreadPool$Runner.run(QueuedThreadPool.java:1018)
        at java.lang.Thread.run(Thread.java:750)
"Datanode State Machine Task Thread - 0"  prio=5 tid=1500 in Object.wait()
java.lang.Thread.State: WAITING (on object monitor)
        at sun.misc.Unsafe.park(Native Method)
        at java.util.concurrent.locks.LockSupport.park(LockSupport.java:175)
        at java.util.concurrent.locks.AbstractQueuedSynchronizer$ConditionObject.await(AbstractQueuedSynchronizer.java:2039)
        at java.util.concurrent.LinkedBlockingQueue.take(LinkedBlockingQueue.java:442)
        at java.util.concurrent.ThreadPoolExecutor.getTask(ThreadPoolExecutor.java:1074)
        at java.util.concurrent.ThreadPoolExecutor.runWorker(ThreadPoolExecutor.java:1134)
        at java.util.concurrent.ThreadPoolExecutor$Worker.run(ThreadPoolExecutor.java:624)
        at java.lang.Thread.run(Thread.java:750)
"IPC Server handler 11 on default port 35879" daemon prio=5 tid=1271 timed_waiting
java.lang.Thread.State: TIMED_WAITING
        at sun.misc.Unsafe.park(Native Method)
        at java.util.concurrent.locks.LockSupport.parkNanos(LockSupport.java:215)
        at java.util.concurrent.locks.AbstractQueuedSynchronizer$ConditionObject.awaitNanos(AbstractQueuedSynchronizer.java:2078)
        at java.util.concurrent.LinkedBlockingQueue.poll(LinkedBlockingQueue.java:467)
        at org.apache.hadoop.ipc.CallQueueManager.take(CallQueueManager.java:317)
        at org.apache.hadoop.ipc.Server$Handler.run(Server.java:2942)
"IPC Server handler 6 on default port 35879" daemon prio=5 tid=1266 timed_waiting
java.lang.Thread.State: TIMED_WAITING
        at sun.misc.Unsafe.park(Native Method)
        at java.util.concurrent.locks.LockSupport.parkNanos(LockSupport.java:215)
        at java.util.concurrent.locks.AbstractQueuedSynchronizer$ConditionObject.awaitNanos(AbstractQueuedSynchronizer.java:2078)
        at java.util.concurrent.LinkedBlockingQueue.poll(LinkedBlockingQueue.java:467)
        at org.apache.hadoop.ipc.CallQueueManager.take(CallQueueManager.java:317)
        at org.apache.hadoop.ipc.Server$Handler.run(Server.java:2942)
"Datanode ReportManager Thread - 0" daemon prio=5 tid=1410 timed_waiting
java.lang.Thread.State: TIMED_WAITING
        at sun.misc.Unsafe.park(Native Method)
        at java.util.concurrent.locks.LockSupport.parkNanos(LockSupport.java:215)
        at java.util.concurrent.locks.AbstractQueuedSynchronizer$ConditionObject.awaitNanos(AbstractQueuedSynchronizer.java:2078)
        at java.util.concurrent.ScheduledThreadPoolExecutor$DelayedWorkQueue.take(ScheduledThreadPoolExecutor.java:1093)
        at java.util.concurrent.ScheduledThreadPoolExecutor$DelayedWorkQueue.take(ScheduledThreadPoolExecutor.java:809)
        at java.util.concurrent.ThreadPoolExecutor.getTask(ThreadPoolExecutor.java:1074)
        at java.util.concurrent.ThreadPoolExecutor.runWorker(ThreadPoolExecutor.java:1134)
        at java.util.concurrent.ThreadPoolExecutor$Worker.run(ThreadPoolExecutor.java:624)
        at java.lang.Thread.run(Thread.java:750)
"StaleRecoveringContainerScrubbingService#1" daemon prio=5 tid=1552 timed_waiting
java.lang.Thread.State: TIMED_WAITING
        at sun.misc.Unsafe.park(Native Method)
        at java.util.concurrent.locks.LockSupport.parkNanos(LockSupport.java:215)
        at java.util.concurrent.locks.AbstractQueuedSynchronizer$ConditionObject.awaitNanos(AbstractQueuedSynchronizer.java:2078)
        at java.util.concurrent.ScheduledThreadPoolExecutor$DelayedWorkQueue.take(ScheduledThreadPoolExecutor.java:1093)
        at java.util.concurrent.ScheduledThreadPoolExecutor$DelayedWorkQueue.take(ScheduledThreadPoolExecutor.java:809)
        at java.util.concurrent.ThreadPoolExecutor.getTask(ThreadPoolExecutor.java:1074)
        at java.util.concurrent.ThreadPoolExecutor.runWorker(ThreadPoolExecutor.java:1134)
        at java.util.concurrent.ThreadPoolExecutor$Worker.run(ThreadPoolExecutor.java:624)
        at java.lang.Thread.run(Thread.java:750)
"ChunkReader-ELG-0" daemon prio=5 tid=1584 runnable
java.lang.Thread.State: RUNNABLE
        at org.apache.ratis.thirdparty.io.netty.channel.epoll.Native.epollWait(Native Method)
        at org.apache.ratis.thirdparty.io.netty.channel.epoll.Native.epollWait(Native.java:209)
        at org.apache.ratis.thirdparty.io.netty.channel.epoll.Native.epollWait(Native.java:202)
        at org.apache.ratis.thirdparty.io.netty.channel.epoll.EpollEventLoop.epollWaitNoTimerChange(EpollEventLoop.java:294)
        at org.apache.ratis.thirdparty.io.netty.channel.epoll.EpollEventLoop.run(EpollEventLoop.java:351)
        at org.apache.ratis.thirdparty.io.netty.util.concurrent.SingleThreadEventExecutor$4.run(SingleThreadEventExecutor.java:995)
        at org.apache.ratis.thirdparty.io.netty.util.internal.ThreadExecutorMap$2.run(ThreadExecutorMap.java:74)
        at java.lang.Thread.run(Thread.java:750)
"StaleRecoveringContainerScrubbingService#1" daemon prio=5 tid=1588 timed_waiting
java.lang.Thread.State: TIMED_WAITING
        at sun.misc.Unsafe.park(Native Method)
        at java.util.concurrent.locks.LockSupport.parkNanos(LockSupport.java:215)
        at java.util.concurrent.locks.AbstractQueuedSynchronizer$ConditionObject.awaitNanos(AbstractQueuedSynchronizer.java:2078)
        at java.util.concurrent.ScheduledThreadPoolExecutor$DelayedWorkQueue.take(ScheduledThreadPoolExecutor.java:1093)
        at java.util.concurrent.ScheduledThreadPoolExecutor$DelayedWorkQueue.take(ScheduledThreadPoolExecutor.java:809)
        at java.util.concurrent.ThreadPoolExecutor.getTask(ThreadPoolExecutor.java:1074)
        at java.util.concurrent.ThreadPoolExecutor.runWorker(ThreadPoolExecutor.java:1134)
        at java.util.concurrent.ThreadPoolExecutor$Worker.run(ThreadPoolExecutor.java:624)
        at java.lang.Thread.run(Thread.java:750)
"org.apache.hadoop.util.JvmPauseMonitor$Monitor@262b82f2" daemon prio=5 tid=1389 timed_waiting
java.lang.Thread.State: TIMED_WAITING
        at java.lang.Thread.sleep(Native Method)
        at org.apache.hadoop.util.JvmPauseMonitor$Monitor.run(JvmPauseMonitor.java:192)
        at java.lang.Thread.run(Thread.java:750)
"PartialTableCache Cleanup Thread - 0" daemon prio=5 tid=1739 in Object.wait()
java.lang.Thread.State: WAITING (on object monitor)
        at sun.misc.Unsafe.park(Native Method)
        at java.util.concurrent.locks.LockSupport.park(LockSupport.java:175)
        at java.util.concurrent.locks.AbstractQueuedSynchronizer$ConditionObject.await(AbstractQueuedSynchronizer.java:2039)
        at java.util.concurrent.LinkedBlockingQueue.take(LinkedBlockingQueue.java:442)
        at java.util.concurrent.ThreadPoolExecutor.getTask(ThreadPoolExecutor.java:1074)
        at java.util.concurrent.ThreadPoolExecutor.runWorker(ThreadPoolExecutor.java:1134)
        at java.util.concurrent.ThreadPoolExecutor$Worker.run(ThreadPoolExecutor.java:624)
        at java.lang.Thread.run(Thread.java:750)
"qtp1987612084-1515" daemon prio=5 tid=1515 timed_waiting
java.lang.Thread.State: TIMED_WAITING
        at sun.misc.Unsafe.park(Native Method)
        at java.util.concurrent.locks.LockSupport.parkNanos(LockSupport.java:215)
        at java.util.concurrent.locks.AbstractQueuedSynchronizer$ConditionObject.awaitNanos(AbstractQueuedSynchronizer.java:2078)
        at org.eclipse.jetty.util.BlockingArrayQueue.poll(BlockingArrayQueue.java:382)
        at org.eclipse.jetty.util.thread.QueuedThreadPool$Runner.idleJobPoll(QueuedThreadPool.java:974)
        at org.eclipse.jetty.util.thread.QueuedThreadPool$Runner.run(QueuedThreadPool.java:1018)
        at java.lang.Thread.run(Thread.java:750)
"timer1" daemon prio=5 tid=518 timed_waiting
java.lang.Thread.State: TIMED_WAITING
        at java.lang.Object.wait(Native Method)
        at java.util.TimerThread.mainLoop(Timer.java:552)
        at java.util.TimerThread.run(Timer.java:505)
"IPC Server handler 9 on default port 46159" daemon prio=5 tid=1249 timed_waiting
java.lang.Thread.State: TIMED_WAITING
        at sun.misc.Unsafe.park(Native Method)
        at java.util.concurrent.locks.LockSupport.parkNanos(LockSupport.java:215)
        at java.util.concurrent.locks.AbstractQueuedSynchronizer$ConditionObject.awaitNanos(AbstractQueuedSynchronizer.java:2078)
        at java.util.concurrent.LinkedBlockingQueue.poll(LinkedBlockingQueue.java:467)
        at org.apache.hadoop.ipc.CallQueueManager.take(CallQueueManager.java:317)
        at org.apache.hadoop.ipc.Server$Handler.run(Server.java:2942)
"IPC Server handler 4 on default port 33251" daemon prio=5 tid=1284 timed_waiting
java.lang.Thread.State: TIMED_WAITING
        at sun.misc.Unsafe.park(Native Method)
        at java.util.concurrent.locks.LockSupport.parkNanos(LockSupport.java:215)
        at java.util.concurrent.locks.AbstractQueuedSynchronizer$ConditionObject.awaitNanos(AbstractQueuedSynchronizer.java:2078)
        at java.util.concurrent.LinkedBlockingQueue.poll(LinkedBlockingQueue.java:467)
        at org.apache.hadoop.ipc.CallQueueManager.take(CallQueueManager.java:317)
        at org.apache.hadoop.ipc.Server$Handler.run(Server.java:2942)
"IPC Server handler 10 on default port 46159" daemon prio=5 tid=1250 timed_waiting
java.lang.Thread.State: TIMED_WAITING
        at sun.misc.Unsafe.park(Native Method)
        at java.util.concurrent.locks.LockSupport.parkNanos(LockSupport.java:215)
        at java.util.concurrent.locks.AbstractQueuedSynchronizer$ConditionObject.awaitNanos(AbstractQueuedSynchronizer.java:2078)
        at java.util.concurrent.LinkedBlockingQueue.poll(LinkedBlockingQueue.java:467)
        at org.apache.hadoop.ipc.CallQueueManager.take(CallQueueManager.java:317)
        at org.apache.hadoop.ipc.Server$Handler.run(Server.java:2942)
"IPC Server handler 1 on default port 44023" daemon prio=5 tid=1344 timed_waiting
java.lang.Thread.State: TIMED_WAITING
        at sun.misc.Unsafe.park(Native Method)
        at java.util.concurrent.locks.LockSupport.parkNanos(LockSupport.java:215)
        at java.util.concurrent.locks.AbstractQueuedSynchronizer$ConditionObject.awaitNanos(AbstractQueuedSynchronizer.java:2078)
        at java.util.concurrent.LinkedBlockingQueue.poll(LinkedBlockingQueue.java:467)
        at org.apache.hadoop.ipc.CallQueueManager.take(CallQueueManager.java:317)
        at org.apache.hadoop.ipc.Server$Handler.run(Server.java:2942)
"IPC Server handler 5 on default port 35879" daemon prio=5 tid=1265 timed_waiting
java.lang.Thread.State: TIMED_WAITING
        at sun.misc.Unsafe.park(Native Method)
        at java.util.concurrent.locks.LockSupport.parkNanos(LockSupport.java:215)
        at java.util.concurrent.locks.AbstractQueuedSynchronizer$ConditionObject.awaitNanos(AbstractQueuedSynchronizer.java:2078)
        at java.util.concurrent.LinkedBlockingQueue.poll(LinkedBlockingQueue.java:467)
        at org.apache.hadoop.ipc.CallQueueManager.take(CallQueueManager.java:317)
        at org.apache.hadoop.ipc.Server$Handler.run(Server.java:2942)
"ChunkWriter-2-0" daemon prio=5 tid=1593 in Object.wait()
java.lang.Thread.State: WAITING (on object monitor)
        at sun.misc.Unsafe.park(Native Method)
        at java.util.concurrent.locks.LockSupport.park(LockSupport.java:175)
        at java.util.concurrent.locks.AbstractQueuedSynchronizer$ConditionObject.await(AbstractQueuedSynchronizer.java:2039)
        at java.util.concurrent.LinkedBlockingDeque.takeFirst(LinkedBlockingDeque.java:492)
        at java.util.concurrent.LinkedBlockingDeque.take(LinkedBlockingDeque.java:680)
        at java.util.concurrent.ThreadPoolExecutor.getTask(ThreadPoolExecutor.java:1074)
        at java.util.concurrent.ThreadPoolExecutor.runWorker(ThreadPoolExecutor.java:1134)
        at java.util.concurrent.ThreadPoolExecutor$Worker.run(ThreadPoolExecutor.java:624)
        at java.lang.Thread.run(Thread.java:750)
"IPC Server handler 1 on default port 35879" daemon prio=5 tid=1261 timed_waiting
java.lang.Thread.State: TIMED_WAITING
        at sun.misc.Unsafe.park(Native Method)
        at java.util.concurrent.locks.LockSupport.parkNanos(LockSupport.java:215)
        at java.util.concurrent.locks.AbstractQueuedSynchronizer$ConditionObject.awaitNanos(AbstractQueuedSynchronizer.java:2078)
        at java.util.concurrent.LinkedBlockingQueue.poll(LinkedBlockingQueue.java:467)
        at org.apache.hadoop.ipc.CallQueueManager.take(CallQueueManager.java:317)
        at org.apache.hadoop.ipc.Server$Handler.run(Server.java:2942)
"grpc-default-worker-ELG-5-2" daemon prio=5 tid=1004 runnable
java.lang.Thread.State: RUNNABLE
        at org.apache.ratis.thirdparty.io.netty.channel.epoll.Native.epollWait0(Native Method)
        at org.apache.ratis.thirdparty.io.netty.channel.epoll.Native.epollWait(Native.java:182)
        at org.apache.ratis.thirdparty.io.netty.channel.epoll.EpollEventLoop.epollWait(EpollEventLoop.java:290)
        at org.apache.ratis.thirdparty.io.netty.channel.epoll.EpollEventLoop.run(EpollEventLoop.java:354)
        at org.apache.ratis.thirdparty.io.netty.util.concurrent.SingleThreadEventExecutor$4.run(SingleThreadEventExecutor.java:995)
        at org.apache.ratis.thirdparty.io.netty.util.internal.ThreadExecutorMap$2.run(ThreadExecutorMap.java:74)
        at org.apache.ratis.thirdparty.io.netty.util.concurrent.FastThreadLocalRunnable.run(FastThreadLocalRunnable.java:30)
        at java.lang.Thread.run(Thread.java:750)
"IPC Server handler 7 on default port 44023" daemon prio=5 tid=1350 timed_waiting
java.lang.Thread.State: TIMED_WAITING
        at sun.misc.Unsafe.park(Native Method)
        at java.util.concurrent.locks.LockSupport.parkNanos(LockSupport.java:215)
        at java.util.concurrent.locks.AbstractQueuedSynchronizer$ConditionObject.awaitNanos(AbstractQueuedSynchronizer.java:2078)
        at java.util.concurrent.LinkedBlockingQueue.poll(LinkedBlockingQueue.java:467)
        at org.apache.hadoop.ipc.CallQueueManager.take(CallQueueManager.java:317)
        at org.apache.hadoop.ipc.Server$Handler.run(Server.java:2942)
"Datanode ReportManager Thread - 3" daemon prio=5 tid=1413 in Object.wait()
java.lang.Thread.State: WAITING (on object monitor)
        at sun.misc.Unsafe.park(Native Method)
        at java.util.concurrent.locks.LockSupport.park(LockSupport.java:175)
        at java.util.concurrent.locks.AbstractQueuedSynchronizer$ConditionObject.await(AbstractQueuedSynchronizer.java:2039)
        at java.util.concurrent.ScheduledThreadPoolExecutor$DelayedWorkQueue.take(ScheduledThreadPoolExecutor.java:1088)
        at java.util.concurrent.ScheduledThreadPoolExecutor$DelayedWorkQueue.take(ScheduledThreadPoolExecutor.java:809)
        at java.util.concurrent.ThreadPoolExecutor.getTask(ThreadPoolExecutor.java:1074)
        at java.util.concurrent.ThreadPoolExecutor.runWorker(ThreadPoolExecutor.java:1134)
        at java.util.concurrent.ThreadPoolExecutor$Worker.run(ThreadPoolExecutor.java:624)
        at java.lang.Thread.run(Thread.java:750)
"qtp638093446-1378" daemon prio=5 tid=1378 timed_waiting
java.lang.Thread.State: TIMED_WAITING
        at sun.misc.Unsafe.park(Native Method)
        at java.util.concurrent.locks.LockSupport.parkNanos(LockSupport.java:215)
        at java.util.concurrent.locks.AbstractQueuedSynchronizer$ConditionObject.awaitNanos(AbstractQueuedSynchronizer.java:2078)
        at org.eclipse.jetty.util.BlockingArrayQueue.poll(BlockingArrayQueue.java:382)
        at org.eclipse.jetty.util.thread.QueuedThreadPool$Runner.idleJobPoll(QueuedThreadPool.java:974)
        at org.eclipse.jetty.util.thread.QueuedThreadPool$Runner.run(QueuedThreadPool.java:1018)
        at java.lang.Thread.run(Thread.java:750)
"Datanode ReportManager Thread - 0" daemon prio=5 tid=1493 timed_waiting
java.lang.Thread.State: TIMED_WAITING
        at sun.misc.Unsafe.park(Native Method)
        at java.util.concurrent.locks.LockSupport.parkNanos(LockSupport.java:215)
        at java.util.concurrent.locks.AbstractQueuedSynchronizer$ConditionObject.awaitNanos(AbstractQueuedSynchronizer.java:2078)
        at java.util.concurrent.ScheduledThreadPoolExecutor$DelayedWorkQueue.take(ScheduledThreadPoolExecutor.java:1093)
        at java.util.concurrent.ScheduledThreadPoolExecutor$DelayedWorkQueue.take(ScheduledThreadPoolExecutor.java:809)
        at java.util.concurrent.ThreadPoolExecutor.getTask(ThreadPoolExecutor.java:1074)
        at java.util.concurrent.ThreadPoolExecutor.runWorker(ThreadPoolExecutor.java:1134)
        at java.util.concurrent.ThreadPoolExecutor$Worker.run(ThreadPoolExecutor.java:624)
        at java.lang.Thread.run(Thread.java:750)
"BlockDeletingService#1" daemon prio=5 tid=1575 timed_waiting
java.lang.Thread.State: TIMED_WAITING
        at sun.misc.Unsafe.park(Native Method)
        at java.util.concurrent.locks.LockSupport.parkNanos(LockSupport.java:215)
        at java.util.concurrent.locks.AbstractQueuedSynchronizer$ConditionObject.awaitNanos(AbstractQueuedSynchronizer.java:2078)
        at java.util.concurrent.ScheduledThreadPoolExecutor$DelayedWorkQueue.take(ScheduledThreadPoolExecutor.java:1093)
        at java.util.concurrent.ScheduledThreadPoolExecutor$DelayedWorkQueue.take(ScheduledThreadPoolExecutor.java:809)
        at java.util.concurrent.ThreadPoolExecutor.getTask(ThreadPoolExecutor.java:1074)
        at java.util.concurrent.ThreadPoolExecutor.runWorker(ThreadPoolExecutor.java:1134)
        at java.util.concurrent.ThreadPoolExecutor$Worker.run(ThreadPoolExecutor.java:624)
        at java.lang.Thread.run(Thread.java:750)
"StaleRecoveringContainerScrubbingService#2" daemon prio=5 tid=1751 in Object.wait()
java.lang.Thread.State: WAITING (on object monitor)
        at sun.misc.Unsafe.park(Native Method)
        at java.util.concurrent.locks.LockSupport.park(LockSupport.java:175)
        at java.util.concurrent.locks.AbstractQueuedSynchronizer$ConditionObject.await(AbstractQueuedSynchronizer.java:2039)
        at java.util.concurrent.ScheduledThreadPoolExecutor$DelayedWorkQueue.take(ScheduledThreadPoolExecutor.java:1088)
        at java.util.concurrent.ScheduledThreadPoolExecutor$DelayedWorkQueue.take(ScheduledThreadPoolExecutor.java:809)
        at java.util.concurrent.ThreadPoolExecutor.getTask(ThreadPoolExecutor.java:1074)
        at java.util.concurrent.ThreadPoolExecutor.runWorker(ThreadPoolExecutor.java:1134)
        at java.util.concurrent.ThreadPoolExecutor$Worker.run(ThreadPoolExecutor.java:624)
        at java.lang.Thread.run(Thread.java:750)
"IPC Server handler 18 on default port 46159" daemon prio=5 tid=1258 timed_waiting
java.lang.Thread.State: TIMED_WAITING
        at sun.misc.Unsafe.park(Native Method)
        at java.util.concurrent.locks.LockSupport.parkNanos(LockSupport.java:215)
        at java.util.concurrent.locks.AbstractQueuedSynchronizer$ConditionObject.awaitNanos(AbstractQueuedSynchronizer.java:2078)
        at java.util.concurrent.LinkedBlockingQueue.poll(LinkedBlockingQueue.java:467)
        at org.apache.hadoop.ipc.CallQueueManager.take(CallQueueManager.java:317)
        at org.apache.hadoop.ipc.Server$Handler.run(Server.java:2942)
"Datanode State Machine Daemon Thread" daemon prio=5 tid=1409 timed_waiting
java.lang.Thread.State: TIMED_WAITING
        at java.lang.Thread.sleep(Native Method)
        at org.apache.hadoop.ozone.container.common.statemachine.DatanodeStateMachine.startStateMachineThread(DatanodeStateMachine.java:324)
        at org.apache.hadoop.ozone.container.common.statemachine.DatanodeStateMachine.lambda$startDaemon$0(DatanodeStateMachine.java:509)
        at org.apache.hadoop.ozone.container.common.statemachine.DatanodeStateMachine$$Lambda$798/2126145321.run(Unknown Source)
        at java.lang.Thread.run(Thread.java:750)
"EventQueue-NodeRegistrationContainerReportForContainerSafeModeRule" daemon prio=5 tid=1602 in Object.wait()
java.lang.Thread.State: WAITING (on object monitor)
        at sun.misc.Unsafe.park(Native Method)
        at java.util.concurrent.locks.LockSupport.park(LockSupport.java:175)
        at java.util.concurrent.locks.AbstractQueuedSynchronizer$ConditionObject.await(AbstractQueuedSynchronizer.java:2039)
        at java.util.concurrent.LinkedBlockingQueue.take(LinkedBlockingQueue.java:442)
        at java.util.concurrent.ThreadPoolExecutor.getTask(ThreadPoolExecutor.java:1074)
        at java.util.concurrent.ThreadPoolExecutor.runWorker(ThreadPoolExecutor.java:1134)
        at java.util.concurrent.ThreadPoolExecutor$Worker.run(ThreadPoolExecutor.java:624)
        at java.lang.Thread.run(Thread.java:750)
"FixedThreadPoolWithAffinityExecutor-8-0" daemon prio=5 tid=1236 timed_waiting
java.lang.Thread.State: TIMED_WAITING
        at sun.misc.Unsafe.park(Native Method)
        at java.util.concurrent.locks.LockSupport.parkNanos(LockSupport.java:215)
        at java.util.concurrent.locks.AbstractQueuedSynchronizer$ConditionObject.awaitNanos(AbstractQueuedSynchronizer.java:2078)
        at java.util.concurrent.LinkedBlockingQueue.poll(LinkedBlockingQueue.java:467)
        at org.apache.hadoop.hdds.scm.server.ContainerReportQueue.poll(ContainerReportQueue.java:266)
        at org.apache.hadoop.hdds.scm.server.ContainerReportQueue.poll(ContainerReportQueue.java:42)
        at org.apache.hadoop.hdds.server.events.FixedThreadPoolWithAffinityExecutor$ContainerReportProcessTask.run(FixedThreadPoolWithAffinityExecutor.java:247)
        at java.util.concurrent.Executors$RunnableAdapter.call(Executors.java:511)
        at java.util.concurrent.FutureTask.run(FutureTask.java:266)
        at java.util.concurrent.ThreadPoolExecutor.runWorker(ThreadPoolExecutor.java:1149)
        at java.util.concurrent.ThreadPoolExecutor$Worker.run(ThreadPoolExecutor.java:624)
        at java.lang.Thread.run(Thread.java:750)
"grpc-default-executor-2" daemon prio=5 tid=1690 timed_waiting
java.lang.Thread.State: TIMED_WAITING
        at sun.misc.Unsafe.park(Native Method)
        at java.util.concurrent.locks.LockSupport.parkNanos(LockSupport.java:215)
        at java.util.concurrent.SynchronousQueue$TransferStack.awaitFulfill(SynchronousQueue.java:460)
        at java.util.concurrent.SynchronousQueue$TransferStack.transfer(SynchronousQueue.java:362)
        at java.util.concurrent.SynchronousQueue.poll(SynchronousQueue.java:941)
        at java.util.concurrent.ThreadPoolExecutor.getTask(ThreadPoolExecutor.java:1073)
        at java.util.concurrent.ThreadPoolExecutor.runWorker(ThreadPoolExecutor.java:1134)
        at java.util.concurrent.ThreadPoolExecutor$Worker.run(ThreadPoolExecutor.java:624)
        at java.lang.Thread.run(Thread.java:750)
"IPC Server handler 15 on default port 46159" daemon prio=5 tid=1255 timed_waiting
java.lang.Thread.State: TIMED_WAITING
        at sun.misc.Unsafe.park(Native Method)
        at java.util.concurrent.locks.LockSupport.parkNanos(LockSupport.java:215)
        at java.util.concurrent.locks.AbstractQueuedSynchronizer$ConditionObject.awaitNanos(AbstractQueuedSynchronizer.java:2078)
        at java.util.concurrent.LinkedBlockingQueue.poll(LinkedBlockingQueue.java:467)
        at org.apache.hadoop.ipc.CallQueueManager.take(CallQueueManager.java:317)
        at org.apache.hadoop.ipc.Server$Handler.run(Server.java:2942)
"pool-603-thread-1" daemon prio=5 tid=1448 timed_waiting
java.lang.Thread.State: TIMED_WAITING
        at sun.misc.Unsafe.park(Native Method)
        at java.util.concurrent.locks.LockSupport.parkNanos(LockSupport.java:215)
        at java.util.concurrent.locks.AbstractQueuedSynchronizer$ConditionObject.awaitNanos(AbstractQueuedSynchronizer.java:2078)
        at java.util.concurrent.ScheduledThreadPoolExecutor$DelayedWorkQueue.take(ScheduledThreadPoolExecutor.java:1093)
        at java.util.concurrent.ScheduledThreadPoolExecutor$DelayedWorkQueue.take(ScheduledThreadPoolExecutor.java:809)
        at java.util.concurrent.ThreadPoolExecutor.getTask(ThreadPoolExecutor.java:1074)
        at java.util.concurrent.ThreadPoolExecutor.runWorker(ThreadPoolExecutor.java:1134)
        at java.util.concurrent.ThreadPoolExecutor$Worker.run(ThreadPoolExecutor.java:624)
        at java.lang.Thread.run(Thread.java:750)
"ChunkWriter-3-0" daemon prio=5 tid=1558 in Object.wait()
java.lang.Thread.State: WAITING (on object monitor)
        at sun.misc.Unsafe.park(Native Method)
        at java.util.concurrent.locks.LockSupport.park(LockSupport.java:175)
        at java.util.concurrent.locks.AbstractQueuedSynchronizer$ConditionObject.await(AbstractQueuedSynchronizer.java:2039)
        at java.util.concurrent.LinkedBlockingDeque.takeFirst(LinkedBlockingDeque.java:492)
        at java.util.concurrent.LinkedBlockingDeque.take(LinkedBlockingDeque.java:680)
        at java.util.concurrent.ThreadPoolExecutor.getTask(ThreadPoolExecutor.java:1074)
        at java.util.concurrent.ThreadPoolExecutor.runWorker(ThreadPoolExecutor.java:1134)
        at java.util.concurrent.ThreadPoolExecutor$Worker.run(ThreadPoolExecutor.java:624)
        at java.lang.Thread.run(Thread.java:750)
"StaleRecoveringContainerScrubbingService#0" daemon prio=5 tid=1562 in Object.wait()
java.lang.Thread.State: WAITING (on object monitor)
        at sun.misc.Unsafe.park(Native Method)
        at java.util.concurrent.locks.LockSupport.park(LockSupport.java:175)
        at java.util.concurrent.locks.AbstractQueuedSynchronizer$ConditionObject.await(AbstractQueuedSynchronizer.java:2039)
        at java.util.concurrent.ScheduledThreadPoolExecutor$DelayedWorkQueue.take(ScheduledThreadPoolExecutor.java:1088)
        at java.util.concurrent.ScheduledThreadPoolExecutor$DelayedWorkQueue.take(ScheduledThreadPoolExecutor.java:809)
        at java.util.concurrent.ThreadPoolExecutor.getTask(ThreadPoolExecutor.java:1074)
        at java.util.concurrent.ThreadPoolExecutor.runWorker(ThreadPoolExecutor.java:1134)
        at java.util.concurrent.ThreadPoolExecutor$Worker.run(ThreadPoolExecutor.java:624)
        at java.lang.Thread.run(Thread.java:750)
"org.apache.hadoop.ozone.container.common.statemachine.commandhandler.DeleteBlocksCommandHandler$DeleteCmdWorker@61c93d04" daemon prio=5 tid=1425 timed_waiting
java.lang.Thread.State: TIMED_WAITING
        at java.lang.Thread.sleep(Native Method)
        at org.apache.hadoop.ozone.container.common.statemachine.commandhandler.DeleteBlocksCommandHandler$DeleteCmdWorker.run(DeleteBlocksCommandHandler.java:184)
        at java.lang.Thread.run(Thread.java:750)
"qtp308043780-1400" daemon prio=5 tid=1400 runnable
java.lang.Thread.State: RUNNABLE
        at sun.nio.ch.EPollArrayWrapper.epollWait(Native Method)
        at sun.nio.ch.EPollArrayWrapper.poll(EPollArrayWrapper.java:269)
        at sun.nio.ch.EPollSelectorImpl.doSelect(EPollSelectorImpl.java:93)
        at sun.nio.ch.SelectorImpl.lockAndDoSelect(SelectorImpl.java:86)
        at sun.nio.ch.SelectorImpl.select(SelectorImpl.java:97)
        at sun.nio.ch.SelectorImpl.select(SelectorImpl.java:101)
        at org.eclipse.jetty.io.ManagedSelector.nioSelect(ManagedSelector.java:183)
        at org.eclipse.jetty.io.ManagedSelector.select(ManagedSelector.java:190)
        at org.eclipse.jetty.io.ManagedSelector$SelectorProducer.select(ManagedSelector.java:606)
        at org.eclipse.jetty.io.ManagedSelector$SelectorProducer.produce(ManagedSelector.java:543)
        at org.eclipse.jetty.util.thread.strategy.EatWhatYouKill.produceTask(EatWhatYouKill.java:362)
        at org.eclipse.jetty.util.thread.strategy.EatWhatYouKill.doProduce(EatWhatYouKill.java:186)
        at org.eclipse.jetty.util.thread.strategy.EatWhatYouKill.tryProduce(EatWhatYouKill.java:173)
        at org.eclipse.jetty.util.thread.strategy.EatWhatYouKill.produce(EatWhatYouKill.java:137)
        at org.eclipse.jetty.io.ManagedSelector$$Lambda$468/1724067349.run(Unknown Source)
        at org.eclipse.jetty.util.thread.QueuedThreadPool.runJob(QueuedThreadPool.java:883)
        at org.eclipse.jetty.util.thread.QueuedThreadPool$Runner.run(QueuedThreadPool.java:1034)
        at java.lang.Thread.run(Thread.java:750)
"pool-649-thread-1" daemon prio=5 tid=1504 timed_waiting
java.lang.Thread.State: TIMED_WAITING
        at sun.misc.Unsafe.park(Native Method)
        at java.util.concurrent.locks.LockSupport.parkNanos(LockSupport.java:215)
        at java.util.concurrent.locks.AbstractQueuedSynchronizer$ConditionObject.awaitNanos(AbstractQueuedSynchronizer.java:2078)
        at java.util.concurrent.ScheduledThreadPoolExecutor$DelayedWorkQueue.take(ScheduledThreadPoolExecutor.java:1093)
        at java.util.concurrent.ScheduledThreadPoolExecutor$DelayedWorkQueue.take(ScheduledThreadPoolExecutor.java:809)
        at java.util.concurrent.ThreadPoolExecutor.getTask(ThreadPoolExecutor.java:1074)
        at java.util.concurrent.ThreadPoolExecutor.runWorker(ThreadPoolExecutor.java:1134)
        at java.util.concurrent.ThreadPoolExecutor$Worker.run(ThreadPoolExecutor.java:624)
        at java.lang.Thread.run(Thread.java:750)
"IPC Server handler 2 on default port 33251" daemon prio=5 tid=1282 timed_waiting
java.lang.Thread.State: TIMED_WAITING
        at sun.misc.Unsafe.park(Native Method)
        at java.util.concurrent.locks.LockSupport.parkNanos(LockSupport.java:215)
        at java.util.concurrent.locks.AbstractQueuedSynchronizer$ConditionObject.awaitNanos(AbstractQueuedSynchronizer.java:2078)
        at java.util.concurrent.LinkedBlockingQueue.poll(LinkedBlockingQueue.java:467)
        at org.apache.hadoop.ipc.CallQueueManager.take(CallQueueManager.java:317)
        at org.apache.hadoop.ipc.Server$Handler.run(Server.java:2942)
"BlockDeletingService#2" daemon prio=5 tid=1750 in Object.wait()
java.lang.Thread.State: WAITING (on object monitor)
        at sun.misc.Unsafe.park(Native Method)
        at java.util.concurrent.locks.LockSupport.park(LockSupport.java:175)
        at java.util.concurrent.locks.AbstractQueuedSynchronizer$ConditionObject.await(AbstractQueuedSynchronizer.java:2039)
        at java.util.concurrent.ScheduledThreadPoolExecutor$DelayedWorkQueue.take(ScheduledThreadPoolExecutor.java:1088)
        at java.util.concurrent.ScheduledThreadPoolExecutor$DelayedWorkQueue.take(ScheduledThreadPoolExecutor.java:809)
        at java.util.concurrent.ThreadPoolExecutor.getTask(ThreadPoolExecutor.java:1074)
        at java.util.concurrent.ThreadPoolExecutor.runWorker(ThreadPoolExecutor.java:1134)
        at java.util.concurrent.ThreadPoolExecutor$Worker.run(ThreadPoolExecutor.java:624)
        at java.lang.Thread.run(Thread.java:750)
"IPC Server handler 2 on default port 46159" daemon prio=5 tid=1242 timed_waiting
java.lang.Thread.State: TIMED_WAITING
        at sun.misc.Unsafe.park(Native Method)
        at java.util.concurrent.locks.LockSupport.parkNanos(LockSupport.java:215)
        at java.util.concurrent.locks.AbstractQueuedSynchronizer$ConditionObject.awaitNanos(AbstractQueuedSynchronizer.java:2078)
        at java.util.concurrent.LinkedBlockingQueue.poll(LinkedBlockingQueue.java:467)
        at org.apache.hadoop.ipc.CallQueueManager.take(CallQueueManager.java:317)
        at org.apache.hadoop.ipc.Server$Handler.run(Server.java:2942)
"Socket Reader #1 for port 0"  prio=5 tid=1225 runnable
java.lang.Thread.State: RUNNABLE
        at sun.nio.ch.EPollArrayWrapper.epollWait(Native Method)
        at sun.nio.ch.EPollArrayWrapper.poll(EPollArrayWrapper.java:269)
        at sun.nio.ch.EPollSelectorImpl.doSelect(EPollSelectorImpl.java:93)
        at sun.nio.ch.SelectorImpl.lockAndDoSelect(SelectorImpl.java:86)
        at sun.nio.ch.SelectorImpl.select(SelectorImpl.java:97)
        at sun.nio.ch.SelectorImpl.select(SelectorImpl.java:101)
        at org.apache.hadoop.ipc.Server$Listener$Reader.doRunLoop(Server.java:1296)
        at org.apache.hadoop.ipc.Server$Listener$Reader.run(Server.java:1275)
"Finalizer" daemon prio=8 tid=3 in Object.wait()
java.lang.Thread.State: WAITING (on object monitor)
        at java.lang.Object.wait(Native Method)
        at java.lang.ref.ReferenceQueue.remove(ReferenceQueue.java:144)
        at java.lang.ref.ReferenceQueue.remove(ReferenceQueue.java:165)
        at java.lang.ref.Finalizer$FinalizerThread.run(Finalizer.java:188)
"FixedThreadPoolWithAffinityExecutor-7-0" daemon prio=5 tid=1235 timed_waiting
java.lang.Thread.State: TIMED_WAITING
        at sun.misc.Unsafe.park(Native Method)
        at java.util.concurrent.locks.LockSupport.parkNanos(LockSupport.java:215)
        at java.util.concurrent.locks.AbstractQueuedSynchronizer$ConditionObject.awaitNanos(AbstractQueuedSynchronizer.java:2078)
        at java.util.concurrent.LinkedBlockingQueue.poll(LinkedBlockingQueue.java:467)
        at org.apache.hadoop.hdds.scm.server.ContainerReportQueue.poll(ContainerReportQueue.java:266)
        at org.apache.hadoop.hdds.scm.server.ContainerReportQueue.poll(ContainerReportQueue.java:42)
        at org.apache.hadoop.hdds.server.events.FixedThreadPoolWithAffinityExecutor$ContainerReportProcessTask.run(FixedThreadPoolWithAffinityExecutor.java:247)
        at java.util.concurrent.Executors$RunnableAdapter.call(Executors.java:511)
        at java.util.concurrent.FutureTask.run(FutureTask.java:266)
        at java.util.concurrent.ThreadPoolExecutor.runWorker(ThreadPoolExecutor.java:1149)
        at java.util.concurrent.ThreadPoolExecutor$Worker.run(ThreadPoolExecutor.java:624)
        at java.lang.Thread.run(Thread.java:750)
"grpc-default-executor-5" daemon prio=5 tid=1734 timed_waiting
java.lang.Thread.State: TIMED_WAITING
        at sun.misc.Unsafe.park(Native Method)
        at java.util.concurrent.locks.LockSupport.parkNanos(LockSupport.java:215)
        at java.util.concurrent.SynchronousQueue$TransferStack.awaitFulfill(SynchronousQueue.java:460)
        at java.util.concurrent.SynchronousQueue$TransferStack.transfer(SynchronousQueue.java:362)
        at java.util.concurrent.SynchronousQueue.poll(SynchronousQueue.java:941)
        at java.util.concurrent.ThreadPoolExecutor.getTask(ThreadPoolExecutor.java:1073)
        at java.util.concurrent.ThreadPoolExecutor.runWorker(ThreadPoolExecutor.java:1134)
        at java.util.concurrent.ThreadPoolExecutor$Worker.run(ThreadPoolExecutor.java:624)
        at java.lang.Thread.run(Thread.java:750)
"pool-619-thread-1"  prio=5 tid=1453 timed_waiting
java.lang.Thread.State: TIMED_WAITING
        at sun.misc.Unsafe.park(Native Method)
        at java.util.concurrent.locks.LockSupport.parkNanos(LockSupport.java:215)
        at java.util.concurrent.locks.AbstractQueuedSynchronizer$ConditionObject.awaitNanos(AbstractQueuedSynchronizer.java:2078)
        at java.util.concurrent.ScheduledThreadPoolExecutor$DelayedWorkQueue.take(ScheduledThreadPoolExecutor.java:1093)
        at java.util.concurrent.ScheduledThreadPoolExecutor$DelayedWorkQueue.take(ScheduledThreadPoolExecutor.java:809)
        at java.util.concurrent.ThreadPoolExecutor.getTask(ThreadPoolExecutor.java:1074)
        at java.util.concurrent.ThreadPoolExecutor.runWorker(ThreadPoolExecutor.java:1134)
        at java.util.concurrent.ThreadPoolExecutor$Worker.run(ThreadPoolExecutor.java:624)
        at java.lang.Thread.run(Thread.java:750)
"pool-573-thread-1"  prio=5 tid=1399 timed_waiting
java.lang.Thread.State: TIMED_WAITING
        at sun.misc.Unsafe.park(Native Method)
        at java.util.concurrent.locks.LockSupport.parkNanos(LockSupport.java:215)
        at java.util.concurrent.locks.AbstractQueuedSynchronizer$ConditionObject.awaitNanos(AbstractQueuedSynchronizer.java:2078)
        at java.util.concurrent.ScheduledThreadPoolExecutor$DelayedWorkQueue.take(ScheduledThreadPoolExecutor.java:1093)
        at java.util.concurrent.ScheduledThreadPoolExecutor$DelayedWorkQueue.take(ScheduledThreadPoolExecutor.java:809)
        at java.util.concurrent.ThreadPoolExecutor.getTask(ThreadPoolExecutor.java:1074)
        at java.util.concurrent.ThreadPoolExecutor.runWorker(ThreadPoolExecutor.java:1134)
        at java.util.concurrent.ThreadPoolExecutor$Worker.run(ThreadPoolExecutor.java:624)
        at java.lang.Thread.run(Thread.java:750)
"IPC Server handler 1 on default port 46159" daemon prio=5 tid=1241 timed_waiting
java.lang.Thread.State: TIMED_WAITING
        at sun.misc.Unsafe.park(Native Method)
        at java.util.concurrent.locks.LockSupport.parkNanos(LockSupport.java:215)
        at java.util.concurrent.locks.AbstractQueuedSynchronizer$ConditionObject.awaitNanos(AbstractQueuedSynchronizer.java:2078)
        at java.util.concurrent.LinkedBlockingQueue.poll(LinkedBlockingQueue.java:467)
        at org.apache.hadoop.ipc.CallQueueManager.take(CallQueueManager.java:317)
        at org.apache.hadoop.ipc.Server$Handler.run(Server.java:2942)
"5cd6f085-199f-4d86-8efd-dd16eb4c4197@group-014BD055F285-SegmentedRaftLogWorker"  prio=5 tid=1638 timed_waiting
java.lang.Thread.State: TIMED_WAITING
        at sun.misc.Unsafe.park(Native Method)
        at java.util.concurrent.locks.LockSupport.parkNanos(LockSupport.java:215)
        at java.util.concurrent.locks.AbstractQueuedSynchronizer$ConditionObject.awaitNanos(AbstractQueuedSynchronizer.java:2078)
        at org.apache.ratis.util.DataBlockingQueue.poll(DataBlockingQueue.java:148)
        at org.apache.ratis.server.raftlog.segmented.SegmentedRaftLogWorker.run(SegmentedRaftLogWorker.java:312)
        at org.apache.ratis.server.raftlog.segmented.SegmentedRaftLogWorker$$Lambda$708/1588833732.run(Unknown Source)
        at java.lang.Thread.run(Thread.java:750)
"om1-client-thread1" daemon prio=5 tid=1735 timed_waiting
java.lang.Thread.State: TIMED_WAITING
        at sun.misc.Unsafe.park(Native Method)
        at java.util.concurrent.locks.LockSupport.parkNanos(LockSupport.java:215)
        at java.util.concurrent.SynchronousQueue$TransferStack.awaitFulfill(SynchronousQueue.java:460)
        at java.util.concurrent.SynchronousQueue$TransferStack.transfer(SynchronousQueue.java:362)
        at java.util.concurrent.SynchronousQueue.poll(SynchronousQueue.java:941)
        at java.util.concurrent.ThreadPoolExecutor.getTask(ThreadPoolExecutor.java:1073)
        at java.util.concurrent.ThreadPoolExecutor.runWorker(ThreadPoolExecutor.java:1134)
        at java.util.concurrent.ThreadPoolExecutor$Worker.run(ThreadPoolExecutor.java:624)
        at java.lang.Thread.run(Thread.java:750)
"ChunkWriter-2-0" daemon prio=5 tid=1569 in Object.wait()
java.lang.Thread.State: WAITING (on object monitor)
        at sun.misc.Unsafe.park(Native Method)
        at java.util.concurrent.locks.LockSupport.park(LockSupport.java:175)
        at java.util.concurrent.locks.AbstractQueuedSynchronizer$ConditionObject.await(AbstractQueuedSynchronizer.java:2039)
        at java.util.concurrent.LinkedBlockingDeque.takeFirst(LinkedBlockingDeque.java:492)
        at java.util.concurrent.LinkedBlockingDeque.take(LinkedBlockingDeque.java:680)
        at java.util.concurrent.ThreadPoolExecutor.getTask(ThreadPoolExecutor.java:1074)
        at java.util.concurrent.ThreadPoolExecutor.runWorker(ThreadPoolExecutor.java:1134)
        at java.util.concurrent.ThreadPoolExecutor$Worker.run(ThreadPoolExecutor.java:624)
        at java.lang.Thread.run(Thread.java:750)
"qtp1591980638-1340" daemon prio=5 tid=1340 timed_waiting
java.lang.Thread.State: TIMED_WAITING
        at sun.misc.Unsafe.park(Native Method)
        at java.util.concurrent.locks.LockSupport.parkNanos(LockSupport.java:215)
        at java.util.concurrent.locks.AbstractQueuedSynchronizer$ConditionObject.awaitNanos(AbstractQueuedSynchronizer.java:2078)
        at org.eclipse.jetty.util.BlockingArrayQueue.poll(BlockingArrayQueue.java:382)
        at org.eclipse.jetty.util.thread.QueuedThreadPool$Runner.idleJobPoll(QueuedThreadPool.java:974)
        at org.eclipse.jetty.util.thread.QueuedThreadPool$Runner.run(QueuedThreadPool.java:1018)
        at java.lang.Thread.run(Thread.java:750)
"StaleRecoveringContainerScrubbingService#0" daemon prio=5 tid=1538 in Object.wait()
java.lang.Thread.State: WAITING (on object monitor)
        at sun.misc.Unsafe.park(Native Method)
        at java.util.concurrent.locks.LockSupport.park(LockSupport.java:175)
        at java.util.concurrent.locks.AbstractQueuedSynchronizer$ConditionObject.await(AbstractQueuedSynchronizer.java:2039)
        at java.util.concurrent.ScheduledThreadPoolExecutor$DelayedWorkQueue.take(ScheduledThreadPoolExecutor.java:1088)
        at java.util.concurrent.ScheduledThreadPoolExecutor$DelayedWorkQueue.take(ScheduledThreadPoolExecutor.java:809)
        at java.util.concurrent.ThreadPoolExecutor.getTask(ThreadPoolExecutor.java:1074)
        at java.util.concurrent.ThreadPoolExecutor.runWorker(ThreadPoolExecutor.java:1134)
        at java.util.concurrent.ThreadPoolExecutor$Worker.run(ThreadPoolExecutor.java:624)
        at java.lang.Thread.run(Thread.java:750)
"Command processor thread" daemon prio=5 tid=1415 timed_waiting
java.lang.Thread.State: TIMED_WAITING
        at java.lang.Thread.sleep(Native Method)
        at org.apache.hadoop.ozone.container.common.statemachine.DatanodeStateMachine.lambda$initCommandHandlerThread$3(DatanodeStateMachine.java:644)
        at org.apache.hadoop.ozone.container.common.statemachine.DatanodeStateMachine$$Lambda$800/1120719356.run(Unknown Source)
        at java.lang.Thread.run(Thread.java:750)
"qtp298434414-1310" daemon prio=5 tid=1310 timed_waiting
java.lang.Thread.State: TIMED_WAITING
        at sun.misc.Unsafe.park(Native Method)
        at java.util.concurrent.locks.LockSupport.parkNanos(LockSupport.java:215)
        at java.util.concurrent.locks.AbstractQueuedSynchronizer$ConditionObject.awaitNanos(AbstractQueuedSynchronizer.java:2078)
        at org.eclipse.jetty.util.BlockingArrayQueue.poll(BlockingArrayQueue.java:382)
        at org.eclipse.jetty.util.thread.QueuedThreadPool$Runner.idleJobPoll(QueuedThreadPool.java:974)
        at org.eclipse.jetty.util.thread.QueuedThreadPool$Runner.run(QueuedThreadPool.java:1018)
        at java.lang.Thread.run(Thread.java:750)
"ChunkWriter-3-0" daemon prio=5 tid=1534 in Object.wait()
java.lang.Thread.State: WAITING (on object monitor)
        at sun.misc.Unsafe.park(Native Method)
        at java.util.concurrent.locks.LockSupport.park(LockSupport.java:175)
        at java.util.concurrent.locks.AbstractQueuedSynchronizer$ConditionObject.await(AbstractQueuedSynchronizer.java:2039)
        at java.util.concurrent.LinkedBlockingDeque.takeFirst(LinkedBlockingDeque.java:492)
        at java.util.concurrent.LinkedBlockingDeque.take(LinkedBlockingDeque.java:680)
        at java.util.concurrent.ThreadPoolExecutor.getTask(ThreadPoolExecutor.java:1074)
        at java.util.concurrent.ThreadPoolExecutor.runWorker(ThreadPoolExecutor.java:1134)
        at java.util.concurrent.ThreadPoolExecutor$Worker.run(ThreadPoolExecutor.java:624)
        at java.lang.Thread.run(Thread.java:750)
"IPC Server handler 7 on default port 33251" daemon prio=5 tid=1287 timed_waiting
java.lang.Thread.State: TIMED_WAITING
        at sun.misc.Unsafe.park(Native Method)
        at java.util.concurrent.locks.LockSupport.parkNanos(LockSupport.java:215)
        at java.util.concurrent.locks.AbstractQueuedSynchronizer$ConditionObject.awaitNanos(AbstractQueuedSynchronizer.java:2078)
        at java.util.concurrent.LinkedBlockingQueue.poll(LinkedBlockingQueue.java:467)
        at org.apache.hadoop.ipc.CallQueueManager.take(CallQueueManager.java:317)
        at org.apache.hadoop.ipc.Server$Handler.run(Server.java:2942)
"IPC Server handler 12 on default port 44023" daemon prio=5 tid=1355 timed_waiting
java.lang.Thread.State: TIMED_WAITING
        at sun.misc.Unsafe.park(Native Method)
        at java.util.concurrent.locks.LockSupport.parkNanos(LockSupport.java:215)
        at java.util.concurrent.locks.AbstractQueuedSynchronizer$ConditionObject.awaitNanos(AbstractQueuedSynchronizer.java:2078)
        at java.util.concurrent.LinkedBlockingQueue.poll(LinkedBlockingQueue.java:467)
        at org.apache.hadoop.ipc.CallQueueManager.take(CallQueueManager.java:317)
        at org.apache.hadoop.ipc.Server$Handler.run(Server.java:2942)
"pool-529-thread-1"  prio=5 tid=1333 timed_waiting
java.lang.Thread.State: TIMED_WAITING
        at sun.misc.Unsafe.park(Native Method)
        at java.util.concurrent.locks.LockSupport.parkNanos(LockSupport.java:215)
        at java.util.concurrent.locks.AbstractQueuedSynchronizer$ConditionObject.awaitNanos(AbstractQueuedSynchronizer.java:2078)
        at java.util.concurrent.ScheduledThreadPoolExecutor$DelayedWorkQueue.take(ScheduledThreadPoolExecutor.java:1093)
        at java.util.concurrent.ScheduledThreadPoolExecutor$DelayedWorkQueue.take(ScheduledThreadPoolExecutor.java:809)
        at java.util.concurrent.ThreadPoolExecutor.getTask(ThreadPoolExecutor.java:1074)
        at java.util.concurrent.ThreadPoolExecutor.runWorker(ThreadPoolExecutor.java:1134)
        at java.util.concurrent.ThreadPoolExecutor$Worker.run(ThreadPoolExecutor.java:624)
        at java.lang.Thread.run(Thread.java:750)
"qtp298434414-1306" daemon prio=5 tid=1306 timed_waiting
java.lang.Thread.State: TIMED_WAITING
        at sun.misc.Unsafe.park(Native Method)
        at java.util.concurrent.locks.LockSupport.parkNanos(LockSupport.java:215)
        at java.util.concurrent.locks.AbstractQueuedSynchronizer$ConditionObject.awaitNanos(AbstractQueuedSynchronizer.java:2078)
        at org.eclipse.jetty.util.BlockingArrayQueue.poll(BlockingArrayQueue.java:382)
        at org.eclipse.jetty.util.thread.QueuedThreadPool$Runner.idleJobPoll(QueuedThreadPool.java:974)
        at org.eclipse.jetty.util.thread.QueuedThreadPool$Runner.run(QueuedThreadPool.java:1018)
        at java.lang.Thread.run(Thread.java:750)
"PartialTableCache Cleanup Thread - 0" daemon prio=5 tid=1740 in Object.wait()
java.lang.Thread.State: WAITING (on object monitor)
        at sun.misc.Unsafe.park(Native Method)
        at java.util.concurrent.locks.LockSupport.park(LockSupport.java:175)
        at java.util.concurrent.locks.AbstractQueuedSynchronizer$ConditionObject.await(AbstractQueuedSynchronizer.java:2039)
        at java.util.concurrent.LinkedBlockingQueue.take(LinkedBlockingQueue.java:442)
        at java.util.concurrent.ThreadPoolExecutor.getTask(ThreadPoolExecutor.java:1074)
        at java.util.concurrent.ThreadPoolExecutor.runWorker(ThreadPoolExecutor.java:1134)
        at java.util.concurrent.ThreadPoolExecutor$Worker.run(ThreadPoolExecutor.java:624)
        at java.lang.Thread.run(Thread.java:750)
"DirectoryDeletingService#0" daemon prio=5 tid=1331 timed_waiting
java.lang.Thread.State: TIMED_WAITING
        at sun.misc.Unsafe.park(Native Method)
        at java.util.concurrent.locks.LockSupport.parkNanos(LockSupport.java:215)
        at java.util.concurrent.locks.AbstractQueuedSynchronizer$ConditionObject.awaitNanos(AbstractQueuedSynchronizer.java:2078)
        at java.util.concurrent.ScheduledThreadPoolExecutor$DelayedWorkQueue.take(ScheduledThreadPoolExecutor.java:1093)
        at java.util.concurrent.ScheduledThreadPoolExecutor$DelayedWorkQueue.take(ScheduledThreadPoolExecutor.java:809)
        at java.util.concurrent.ThreadPoolExecutor.getTask(ThreadPoolExecutor.java:1074)
        at java.util.concurrent.ThreadPoolExecutor.runWorker(ThreadPoolExecutor.java:1134)
        at java.util.concurrent.ThreadPoolExecutor$Worker.run(ThreadPoolExecutor.java:624)
        at java.lang.Thread.run(Thread.java:750)
"ChunkWriter-2-0" daemon prio=5 tid=1545 in Object.wait()
java.lang.Thread.State: WAITING (on object monitor)
        at sun.misc.Unsafe.park(Native Method)
        at java.util.concurrent.locks.LockSupport.park(LockSupport.java:175)
        at java.util.concurrent.locks.AbstractQueuedSynchronizer$ConditionObject.await(AbstractQueuedSynchronizer.java:2039)
        at java.util.concurrent.LinkedBlockingDeque.takeFirst(LinkedBlockingDeque.java:492)
        at java.util.concurrent.LinkedBlockingDeque.take(LinkedBlockingDeque.java:680)
        at java.util.concurrent.ThreadPoolExecutor.getTask(ThreadPoolExecutor.java:1074)
        at java.util.concurrent.ThreadPoolExecutor.runWorker(ThreadPoolExecutor.java:1134)
        at java.util.concurrent.ThreadPoolExecutor$Worker.run(ThreadPoolExecutor.java:624)
        at java.lang.Thread.run(Thread.java:750)
"IPC Server handler 9 on default port 33251" daemon prio=5 tid=1289 timed_waiting
java.lang.Thread.State: TIMED_WAITING
        at sun.misc.Unsafe.park(Native Method)
        at java.util.concurrent.locks.LockSupport.parkNanos(LockSupport.java:215)
        at java.util.concurrent.locks.AbstractQueuedSynchronizer$ConditionObject.awaitNanos(AbstractQueuedSynchronizer.java:2078)
        at java.util.concurrent.LinkedBlockingQueue.poll(LinkedBlockingQueue.java:467)
        at org.apache.hadoop.ipc.CallQueueManager.take(CallQueueManager.java:317)
        at org.apache.hadoop.ipc.Server$Handler.run(Server.java:2942)
"Over Replicated Processor" daemon prio=5 tid=1214 timed_waiting
java.lang.Thread.State: TIMED_WAITING
        at java.lang.Object.wait(Native Method)
        at org.apache.hadoop.hdds.scm.container.replication.UnhealthyReplicationProcessor.run(UnhealthyReplicationProcessor.java:135)
        at java.lang.Thread.run(Thread.java:750)
"ChunkWriter-1-0" daemon prio=5 tid=1544 in Object.wait()
java.lang.Thread.State: WAITING (on object monitor)
        at sun.misc.Unsafe.park(Native Method)
        at java.util.concurrent.locks.LockSupport.park(LockSupport.java:175)
        at java.util.concurrent.locks.AbstractQueuedSynchronizer$ConditionObject.await(AbstractQueuedSynchronizer.java:2039)
        at java.util.concurrent.LinkedBlockingDeque.takeFirst(LinkedBlockingDeque.java:492)
        at java.util.concurrent.LinkedBlockingDeque.take(LinkedBlockingDeque.java:680)
        at java.util.concurrent.ThreadPoolExecutor.getTask(ThreadPoolExecutor.java:1074)
        at java.util.concurrent.ThreadPoolExecutor.runWorker(ThreadPoolExecutor.java:1134)
        at java.util.concurrent.ThreadPoolExecutor$Worker.run(ThreadPoolExecutor.java:624)
        at java.lang.Thread.run(Thread.java:750)
"BlockDeletingService#0" daemon prio=5 tid=1585 in Object.wait()
java.lang.Thread.State: WAITING (on object monitor)
        at sun.misc.Unsafe.park(Native Method)
        at java.util.concurrent.locks.LockSupport.park(LockSupport.java:175)
        at java.util.concurrent.locks.AbstractQueuedSynchronizer$ConditionObject.await(AbstractQueuedSynchronizer.java:2039)
        at java.util.concurrent.ScheduledThreadPoolExecutor$DelayedWorkQueue.take(ScheduledThreadPoolExecutor.java:1088)
        at java.util.concurrent.ScheduledThreadPoolExecutor$DelayedWorkQueue.take(ScheduledThreadPoolExecutor.java:809)
        at java.util.concurrent.ThreadPoolExecutor.getTask(ThreadPoolExecutor.java:1074)
        at java.util.concurrent.ThreadPoolExecutor.runWorker(ThreadPoolExecutor.java:1134)
        at java.util.concurrent.ThreadPoolExecutor$Worker.run(ThreadPoolExecutor.java:624)
        at java.lang.Thread.run(Thread.java:750)
"junit-jupiter-timeout-watcher"  prio=10 tid=12 timed_waiting
java.lang.Thread.State: TIMED_WAITING
        at sun.misc.Unsafe.park(Native Method)
        at java.util.concurrent.locks.LockSupport.parkNanos(LockSupport.java:215)
        at java.util.concurrent.locks.AbstractQueuedSynchronizer$ConditionObject.awaitNanos(AbstractQueuedSynchronizer.java:2078)
        at java.util.concurrent.ScheduledThreadPoolExecutor$DelayedWorkQueue.take(ScheduledThreadPoolExecutor.java:1093)
        at java.util.concurrent.ScheduledThreadPoolExecutor$DelayedWorkQueue.take(ScheduledThreadPoolExecutor.java:809)
        at java.util.concurrent.ThreadPoolExecutor.getTask(ThreadPoolExecutor.java:1074)
        at java.util.concurrent.ThreadPoolExecutor.runWorker(ThreadPoolExecutor.java:1134)
        at java.util.concurrent.ThreadPoolExecutor$Worker.run(ThreadPoolExecutor.java:624)
        at java.lang.Thread.run(Thread.java:750)
"IPC Server handler 16 on default port 46159" daemon prio=5 tid=1256 timed_waiting
java.lang.Thread.State: TIMED_WAITING
        at sun.misc.Unsafe.park(Native Method)
        at java.util.concurrent.locks.LockSupport.parkNanos(LockSupport.java:215)
        at java.util.concurrent.locks.AbstractQueuedSynchronizer$ConditionObject.awaitNanos(AbstractQueuedSynchronizer.java:2078)
        at java.util.concurrent.LinkedBlockingQueue.poll(LinkedBlockingQueue.java:467)
        at org.apache.hadoop.ipc.CallQueueManager.take(CallQueueManager.java:317)
        at org.apache.hadoop.ipc.Server$Handler.run(Server.java:2942)
"IPC Server handler 2 on default port 44023" daemon prio=5 tid=1345 timed_waiting
java.lang.Thread.State: TIMED_WAITING
        at sun.misc.Unsafe.park(Native Method)
        at java.util.concurrent.locks.LockSupport.parkNanos(LockSupport.java:215)
        at java.util.concurrent.locks.AbstractQueuedSynchronizer$ConditionObject.awaitNanos(AbstractQueuedSynchronizer.java:2078)
        at java.util.concurrent.LinkedBlockingQueue.poll(LinkedBlockingQueue.java:467)
        at org.apache.hadoop.ipc.CallQueueManager.take(CallQueueManager.java:317)
        at org.apache.hadoop.ipc.Server$Handler.run(Server.java:2942)
"IPC Server handler 4 on default port 35879" daemon prio=5 tid=1264 timed_waiting
java.lang.Thread.State: TIMED_WAITING
        at sun.misc.Unsafe.park(Native Method)
        at java.util.concurrent.locks.LockSupport.parkNanos(LockSupport.java:215)
        at java.util.concurrent.locks.AbstractQueuedSynchronizer$ConditionObject.awaitNanos(AbstractQueuedSynchronizer.java:2078)
        at java.util.concurrent.LinkedBlockingQueue.poll(LinkedBlockingQueue.java:467)
        at org.apache.hadoop.ipc.CallQueueManager.take(CallQueueManager.java:317)
        at org.apache.hadoop.ipc.Server$Handler.run(Server.java:2942)
"ChunkWriter-0-0" daemon prio=5 tid=1555 in Object.wait()
java.lang.Thread.State: WAITING (on object monitor)
        at sun.misc.Unsafe.park(Native Method)
        at java.util.concurrent.locks.LockSupport.park(LockSupport.java:175)
        at java.util.concurrent.locks.AbstractQueuedSynchronizer$ConditionObject.await(AbstractQueuedSynchronizer.java:2039)
        at java.util.concurrent.LinkedBlockingDeque.takeFirst(LinkedBlockingDeque.java:492)
        at java.util.concurrent.LinkedBlockingDeque.take(LinkedBlockingDeque.java:680)
        at java.util.concurrent.ThreadPoolExecutor.getTask(ThreadPoolExecutor.java:1074)
        at java.util.concurrent.ThreadPoolExecutor.runWorker(ThreadPoolExecutor.java:1134)
        at java.util.concurrent.ThreadPoolExecutor$Worker.run(ThreadPoolExecutor.java:624)
        at java.lang.Thread.run(Thread.java:750)
"IPC Server handler 14 on default port 33251" daemon prio=5 tid=1294 timed_waiting
java.lang.Thread.State: TIMED_WAITING
        at sun.misc.Unsafe.park(Native Method)
        at java.util.concurrent.locks.LockSupport.parkNanos(LockSupport.java:215)
        at java.util.concurrent.locks.AbstractQueuedSynchronizer$ConditionObject.awaitNanos(AbstractQueuedSynchronizer.java:2078)
        at java.util.concurrent.LinkedBlockingQueue.poll(LinkedBlockingQueue.java:467)
        at org.apache.hadoop.ipc.CallQueueManager.take(CallQueueManager.java:317)
        at org.apache.hadoop.ipc.Server$Handler.run(Server.java:2942)
"org.apache.hadoop.util.JvmPauseMonitor$Monitor@29e1940f" daemon prio=5 tid=1443 timed_waiting
java.lang.Thread.State: TIMED_WAITING
        at java.lang.Thread.sleep(Native Method)
        at org.apache.hadoop.util.JvmPauseMonitor$Monitor.run(JvmPauseMonitor.java:192)
        at java.lang.Thread.run(Thread.java:750)
"qtp1591980638-1335" daemon prio=5 tid=1335 runnable
java.lang.Thread.State: RUNNABLE
        at sun.nio.ch.EPollArrayWrapper.epollWait(Native Method)
        at sun.nio.ch.EPollArrayWrapper.poll(EPollArrayWrapper.java:269)
        at sun.nio.ch.EPollSelectorImpl.doSelect(EPollSelectorImpl.java:93)
        at sun.nio.ch.SelectorImpl.lockAndDoSelect(SelectorImpl.java:86)
        at sun.nio.ch.SelectorImpl.select(SelectorImpl.java:97)
        at sun.nio.ch.SelectorImpl.select(SelectorImpl.java:101)
        at org.eclipse.jetty.io.ManagedSelector.nioSelect(ManagedSelector.java:183)
        at org.eclipse.jetty.io.ManagedSelector.select(ManagedSelector.java:190)
        at org.eclipse.jetty.io.ManagedSelector$SelectorProducer.select(ManagedSelector.java:606)
        at org.eclipse.jetty.io.ManagedSelector$SelectorProducer.produce(ManagedSelector.java:543)
        at org.eclipse.jetty.util.thread.strategy.EatWhatYouKill.produceTask(EatWhatYouKill.java:362)
        at org.eclipse.jetty.util.thread.strategy.EatWhatYouKill.doProduce(EatWhatYouKill.java:186)
        at org.eclipse.jetty.util.thread.strategy.EatWhatYouKill.tryProduce(EatWhatYouKill.java:173)
        at org.eclipse.jetty.util.thread.strategy.EatWhatYouKill.produce(EatWhatYouKill.java:137)
        at org.eclipse.jetty.io.ManagedSelector$$Lambda$468/1724067349.run(Unknown Source)
        at org.eclipse.jetty.util.thread.QueuedThreadPool.runJob(QueuedThreadPool.java:883)
        at org.eclipse.jetty.util.thread.QueuedThreadPool$Runner.run(QueuedThreadPool.java:1034)
        at java.lang.Thread.run(Thread.java:750)
"ChunkReader-ELG-0" daemon prio=5 tid=1596 runnable
java.lang.Thread.State: RUNNABLE
        at org.apache.ratis.thirdparty.io.netty.channel.epoll.Native.epollWait(Native Method)
        at org.apache.ratis.thirdparty.io.netty.channel.epoll.Native.epollWait(Native.java:209)
        at org.apache.ratis.thirdparty.io.netty.channel.epoll.Native.epollWait(Native.java:202)
        at org.apache.ratis.thirdparty.io.netty.channel.epoll.EpollEventLoop.epollWaitNoTimerChange(EpollEventLoop.java:294)
        at org.apache.ratis.thirdparty.io.netty.channel.epoll.EpollEventLoop.run(EpollEventLoop.java:351)
        at org.apache.ratis.thirdparty.io.netty.util.concurrent.SingleThreadEventExecutor$4.run(SingleThreadEventExecutor.java:995)
        at org.apache.ratis.thirdparty.io.netty.util.internal.ThreadExecutorMap$2.run(ThreadExecutorMap.java:74)
        at java.lang.Thread.run(Thread.java:750)
"IPC Server handler 13 on default port 44023" daemon prio=5 tid=1356 timed_waiting
java.lang.Thread.State: TIMED_WAITING
        at sun.misc.Unsafe.park(Native Method)
        at java.util.concurrent.locks.LockSupport.parkNanos(LockSupport.java:215)
        at java.util.concurrent.locks.AbstractQueuedSynchronizer$ConditionObject.awaitNanos(AbstractQueuedSynchronizer.java:2078)
        at java.util.concurrent.LinkedBlockingQueue.poll(LinkedBlockingQueue.java:467)
        at org.apache.hadoop.ipc.CallQueueManager.take(CallQueueManager.java:317)
        at org.apache.hadoop.ipc.Server$Handler.run(Server.java:2942)
"Reference Handler" daemon prio=10 tid=2 in Object.wait()
java.lang.Thread.State: WAITING (on object monitor)
        at java.lang.Object.wait(Native Method)
        at java.lang.Object.wait(Object.java:502)
        at java.lang.ref.Reference.tryHandlePending(Reference.java:191)
        at java.lang.ref.Reference$ReferenceHandler.run(Reference.java:153)
"IPC Server idle connection scanner for port 33251" daemon prio=5 tid=1218 timed_waiting
java.lang.Thread.State: TIMED_WAITING
        at java.lang.Object.wait(Native Method)
        at java.util.TimerThread.mainLoop(Timer.java:552)
        at java.util.TimerThread.run(Timer.java:505)
"grpc-default-executor-0" daemon prio=5 tid=1613 timed_waiting
java.lang.Thread.State: TIMED_WAITING
        at sun.misc.Unsafe.park(Native Method)
        at java.util.concurrent.locks.LockSupport.parkNanos(LockSupport.java:215)
        at java.util.concurrent.SynchronousQueue$TransferStack.awaitFulfill(SynchronousQueue.java:460)
        at java.util.concurrent.SynchronousQueue$TransferStack.transfer(SynchronousQueue.java:362)
        at java.util.concurrent.SynchronousQueue.poll(SynchronousQueue.java:941)
        at java.util.concurrent.ThreadPoolExecutor.getTask(ThreadPoolExecutor.java:1073)
        at java.util.concurrent.ThreadPoolExecutor.runWorker(ThreadPoolExecutor.java:1134)
        at java.util.concurrent.ThreadPoolExecutor$Worker.run(ThreadPoolExecutor.java:624)
        at java.lang.Thread.run(Thread.java:750)
"FixedThreadPoolWithAffinityExecutor-9-0" daemon prio=5 tid=1237 timed_waiting
java.lang.Thread.State: TIMED_WAITING
        at sun.misc.Unsafe.park(Native Method)
        at java.util.concurrent.locks.LockSupport.parkNanos(LockSupport.java:215)
        at java.util.concurrent.locks.AbstractQueuedSynchronizer$ConditionObject.awaitNanos(AbstractQueuedSynchronizer.java:2078)
        at java.util.concurrent.LinkedBlockingQueue.poll(LinkedBlockingQueue.java:467)
        at org.apache.hadoop.hdds.scm.server.ContainerReportQueue.poll(ContainerReportQueue.java:266)
        at org.apache.hadoop.hdds.scm.server.ContainerReportQueue.poll(ContainerReportQueue.java:42)
        at org.apache.hadoop.hdds.server.events.FixedThreadPoolWithAffinityExecutor$ContainerReportProcessTask.run(FixedThreadPoolWithAffinityExecutor.java:247)
        at java.util.concurrent.Executors$RunnableAdapter.call(Executors.java:511)
        at java.util.concurrent.FutureTask.run(FutureTask.java:266)
        at java.util.concurrent.ThreadPoolExecutor.runWorker(ThreadPoolExecutor.java:1149)
        at java.util.concurrent.ThreadPoolExecutor$Worker.run(ThreadPoolExecutor.java:624)
        at java.lang.Thread.run(Thread.java:750)
"Datanode ReportManager Thread - 0" daemon prio=5 tid=1437 in Object.wait()
java.lang.Thread.State: WAITING (on object monitor)
        at sun.misc.Unsafe.park(Native Method)
        at java.util.concurrent.locks.LockSupport.park(LockSupport.java:175)
        at java.util.concurrent.locks.AbstractQueuedSynchronizer$ConditionObject.await(AbstractQueuedSynchronizer.java:2039)
        at java.util.concurrent.ScheduledThreadPoolExecutor$DelayedWorkQueue.take(ScheduledThreadPoolExecutor.java:1088)
        at java.util.concurrent.ScheduledThreadPoolExecutor$DelayedWorkQueue.take(ScheduledThreadPoolExecutor.java:809)
        at java.util.concurrent.ThreadPoolExecutor.getTask(ThreadPoolExecutor.java:1074)
        at java.util.concurrent.ThreadPoolExecutor.runWorker(ThreadPoolExecutor.java:1134)
        at java.util.concurrent.ThreadPoolExecutor$Worker.run(ThreadPoolExecutor.java:624)
        at java.lang.Thread.run(Thread.java:750)
"Datanode ReportManager Thread - 1" daemon prio=5 tid=1438 in Object.wait()
java.lang.Thread.State: WAITING (on object monitor)
        at sun.misc.Unsafe.park(Native Method)
        at java.util.concurrent.locks.LockSupport.park(LockSupport.java:175)
        at java.util.concurrent.locks.AbstractQueuedSynchronizer$ConditionObject.await(AbstractQueuedSynchronizer.java:2039)
        at java.util.concurrent.ScheduledThreadPoolExecutor$DelayedWorkQueue.take(ScheduledThreadPoolExecutor.java:1088)
        at java.util.concurrent.ScheduledThreadPoolExecutor$DelayedWorkQueue.take(ScheduledThreadPoolExecutor.java:809)
        at java.util.concurrent.ThreadPoolExecutor.getTask(ThreadPoolExecutor.java:1074)
        at java.util.concurrent.ThreadPoolExecutor.runWorker(ThreadPoolExecutor.java:1134)
        at java.util.concurrent.ThreadPoolExecutor$Worker.run(ThreadPoolExecutor.java:624)
        at java.lang.Thread.run(Thread.java:750)
"JvmPauseMonitor16" daemon prio=5 tid=1583 timed_waiting
java.lang.Thread.State: TIMED_WAITING
        at java.lang.Thread.sleep(Native Method)
        at java.lang.Thread.sleep(Thread.java:342)
        at java.util.concurrent.TimeUnit.sleep(TimeUnit.java:386)
        at org.apache.ratis.util.TimeDuration.sleep(TimeDuration.java:325)
        at org.apache.ratis.util.TimeDuration.sleep(TimeDuration.java:310)
        at org.apache.ratis.util.JvmPauseMonitor.detectPause(JvmPauseMonitor.java:119)
        at org.apache.ratis.util.JvmPauseMonitor.run(JvmPauseMonitor.java:108)
        at org.apache.ratis.util.JvmPauseMonitor$$Lambda$749/1980351936.run(Unknown Source)
        at java.lang.Thread.run(Thread.java:750)
"qtp1987612084-1517" daemon prio=5 tid=1517 timed_waiting
java.lang.Thread.State: TIMED_WAITING
        at sun.misc.Unsafe.park(Native Method)
        at java.util.concurrent.locks.LockSupport.parkNanos(LockSupport.java:215)
        at java.util.concurrent.locks.AbstractQueuedSynchronizer$ConditionObject.awaitNanos(AbstractQueuedSynchronizer.java:2078)
        at org.eclipse.jetty.util.BlockingArrayQueue.poll(BlockingArrayQueue.java:382)
        at org.eclipse.jetty.util.thread.QueuedThreadPool$Runner.idleJobPoll(QueuedThreadPool.java:974)
        at org.eclipse.jetty.util.thread.QueuedThreadPool$Runner.run(QueuedThreadPool.java:1018)
        at java.lang.Thread.run(Thread.java:750)
"IPC Server handler 6 on default port 33251" daemon prio=5 tid=1286 timed_waiting
java.lang.Thread.State: TIMED_WAITING
        at sun.misc.Unsafe.park(Native Method)
        at java.util.concurrent.locks.LockSupport.parkNanos(LockSupport.java:215)
        at java.util.concurrent.locks.AbstractQueuedSynchronizer$ConditionObject.awaitNanos(AbstractQueuedSynchronizer.java:2078)
        at java.util.concurrent.LinkedBlockingQueue.poll(LinkedBlockingQueue.java:467)
        at org.apache.hadoop.ipc.CallQueueManager.take(CallQueueManager.java:317)
        at org.apache.hadoop.ipc.Server$Handler.run(Server.java:2942)
"IPC Server handler 12 on default port 33251" daemon prio=5 tid=1292 timed_waiting
java.lang.Thread.State: TIMED_WAITING
        at sun.misc.Unsafe.park(Native Method)
        at java.util.concurrent.locks.LockSupport.parkNanos(LockSupport.java:215)
        at java.util.concurrent.locks.AbstractQueuedSynchronizer$ConditionObject.awaitNanos(AbstractQueuedSynchronizer.java:2078)
        at java.util.concurrent.LinkedBlockingQueue.poll(LinkedBlockingQueue.java:467)
        at org.apache.hadoop.ipc.CallQueueManager.take(CallQueueManager.java:317)
        at org.apache.hadoop.ipc.Server$Handler.run(Server.java:2942)
"BlockDeletingService#0" daemon prio=5 tid=1561 in Object.wait()
java.lang.Thread.State: WAITING (on object monitor)
        at sun.misc.Unsafe.park(Native Method)
        at java.util.concurrent.locks.LockSupport.park(LockSupport.java:175)
        at java.util.concurrent.locks.AbstractQueuedSynchronizer$ConditionObject.await(AbstractQueuedSynchronizer.java:2039)
        at java.util.concurrent.ScheduledThreadPoolExecutor$DelayedWorkQueue.take(ScheduledThreadPoolExecutor.java:1088)
        at java.util.concurrent.ScheduledThreadPoolExecutor$DelayedWorkQueue.take(ScheduledThreadPoolExecutor.java:809)
        at java.util.concurrent.ThreadPoolExecutor.getTask(ThreadPoolExecutor.java:1074)
        at java.util.concurrent.ThreadPoolExecutor.runWorker(ThreadPoolExecutor.java:1134)
        at java.util.concurrent.ThreadPoolExecutor$Worker.run(ThreadPoolExecutor.java:624)
        at java.lang.Thread.run(Thread.java:750)
"pool-596-thread-1"  prio=5 tid=1426 timed_waiting
java.lang.Thread.State: TIMED_WAITING
        at sun.misc.Unsafe.park(Native Method)
        at java.util.concurrent.locks.LockSupport.parkNanos(LockSupport.java:215)
        at java.util.concurrent.locks.AbstractQueuedSynchronizer$ConditionObject.awaitNanos(AbstractQueuedSynchronizer.java:2078)
        at java.util.concurrent.ScheduledThreadPoolExecutor$DelayedWorkQueue.take(ScheduledThreadPoolExecutor.java:1093)
        at java.util.concurrent.ScheduledThreadPoolExecutor$DelayedWorkQueue.take(ScheduledThreadPoolExecutor.java:809)
        at java.util.concurrent.ThreadPoolExecutor.getTask(ThreadPoolExecutor.java:1074)
        at java.util.concurrent.ThreadPoolExecutor.runWorker(ThreadPoolExecutor.java:1134)
        at java.util.concurrent.ThreadPoolExecutor$Worker.run(ThreadPoolExecutor.java:624)
        at java.lang.Thread.run(Thread.java:750)
"EventQueue-PipelineReportForOneReplicaPipelineSafeModeRule" daemon prio=5 tid=1604 in Object.wait()
java.lang.Thread.State: WAITING (on object monitor)
        at sun.misc.Unsafe.park(Native Method)
        at java.util.concurrent.locks.LockSupport.park(LockSupport.java:175)
        at java.util.concurrent.locks.AbstractQueuedSynchronizer$ConditionObject.await(AbstractQueuedSynchronizer.java:2039)
        at java.util.concurrent.LinkedBlockingQueue.take(LinkedBlockingQueue.java:442)
        at java.util.concurrent.ThreadPoolExecutor.getTask(ThreadPoolExecutor.java:1074)
        at java.util.concurrent.ThreadPoolExecutor.runWorker(ThreadPoolExecutor.java:1134)
        at java.util.concurrent.ThreadPoolExecutor$Worker.run(ThreadPoolExecutor.java:624)
        at java.lang.Thread.run(Thread.java:750)
"timer3" daemon prio=5 tid=520 timed_waiting
java.lang.Thread.State: TIMED_WAITING
        at java.lang.Object.wait(Native Method)
        at java.util.TimerThread.mainLoop(Timer.java:552)
        at java.util.TimerThread.run(Timer.java:505)
"StaleRecoveringContainerScrubbingService#0" daemon prio=5 tid=1598 in Object.wait()
java.lang.Thread.State: WAITING (on object monitor)
        at sun.misc.Unsafe.park(Native Method)
        at java.util.concurrent.locks.LockSupport.park(LockSupport.java:175)
        at java.util.concurrent.locks.AbstractQueuedSynchronizer$ConditionObject.await(AbstractQueuedSynchronizer.java:2039)
        at java.util.concurrent.ScheduledThreadPoolExecutor$DelayedWorkQueue.take(ScheduledThreadPoolExecutor.java:1088)
        at java.util.concurrent.ScheduledThreadPoolExecutor$DelayedWorkQueue.take(ScheduledThreadPoolExecutor.java:809)
        at java.util.concurrent.ThreadPoolExecutor.getTask(ThreadPoolExecutor.java:1074)
        at java.util.concurrent.ThreadPoolExecutor.runWorker(ThreadPoolExecutor.java:1134)
        at java.util.concurrent.ThreadPoolExecutor$Worker.run(ThreadPoolExecutor.java:624)
        at java.lang.Thread.run(Thread.java:750)
"ChunkWriter-0-0" daemon prio=5 tid=1543 in Object.wait()
java.lang.Thread.State: WAITING (on object monitor)
        at sun.misc.Unsafe.park(Native Method)
        at java.util.concurrent.locks.LockSupport.park(LockSupport.java:175)
        at java.util.concurrent.locks.AbstractQueuedSynchronizer$ConditionObject.await(AbstractQueuedSynchronizer.java:2039)
        at java.util.concurrent.LinkedBlockingDeque.takeFirst(LinkedBlockingDeque.java:492)
        at java.util.concurrent.LinkedBlockingDeque.take(LinkedBlockingDeque.java:680)
        at java.util.concurrent.ThreadPoolExecutor.getTask(ThreadPoolExecutor.java:1074)
        at java.util.concurrent.ThreadPoolExecutor.runWorker(ThreadPoolExecutor.java:1134)
        at java.util.concurrent.ThreadPoolExecutor$Worker.run(ThreadPoolExecutor.java:624)
        at java.lang.Thread.run(Thread.java:750)
"qtp1822910383-1484-acceptor-0@360f251e-ServerConnector@410c5e08{HTTP/1.1, (http/1.1)}{0.0.0.0:36985}" daemon prio=3 tid=1484 runnable
java.lang.Thread.State: RUNNABLE
        at sun.nio.ch.ServerSocketChannelImpl.accept0(Native Method)
        at sun.nio.ch.ServerSocketChannelImpl.accept(ServerSocketChannelImpl.java:421)
        at sun.nio.ch.ServerSocketChannelImpl.accept(ServerSocketChannelImpl.java:249)
        at org.eclipse.jetty.server.ServerConnector.accept(ServerConnector.java:388)
        at org.eclipse.jetty.server.AbstractConnector$Acceptor.run(AbstractConnector.java:704)
        at org.eclipse.jetty.util.thread.QueuedThreadPool.runJob(QueuedThreadPool.java:883)
        at org.eclipse.jetty.util.thread.QueuedThreadPool$Runner.run(QueuedThreadPool.java:1034)
        at java.lang.Thread.run(Thread.java:750)
"qtp298434414-1309" daemon prio=5 tid=1309 timed_waiting
java.lang.Thread.State: TIMED_WAITING
        at sun.misc.Unsafe.park(Native Method)
        at java.util.concurrent.locks.LockSupport.parkNanos(LockSupport.java:215)
        at java.util.concurrent.locks.AbstractQueuedSynchronizer$ConditionObject.awaitNanos(AbstractQueuedSynchronizer.java:2078)
        at org.eclipse.jetty.util.BlockingArrayQueue.poll(BlockingArrayQueue.java:382)
        at org.eclipse.jetty.util.thread.QueuedThreadPool$Runner.idleJobPoll(QueuedThreadPool.java:974)
        at org.eclipse.jetty.util.thread.QueuedThreadPool$Runner.run(QueuedThreadPool.java:1018)
        at java.lang.Thread.run(Thread.java:750)
"pool-400-thread-1"  prio=5 tid=1120 in Object.wait()
java.lang.Thread.State: WAITING (on object monitor)
        at sun.misc.Unsafe.park(Native Method)
        at java.util.concurrent.locks.LockSupport.park(LockSupport.java:175)
        at java.util.concurrent.locks.AbstractQueuedSynchronizer$ConditionObject.await(AbstractQueuedSynchronizer.java:2039)
        at java.util.concurrent.LinkedBlockingQueue.take(LinkedBlockingQueue.java:442)
        at java.util.concurrent.ThreadPoolExecutor.getTask(ThreadPoolExecutor.java:1074)
        at java.util.concurrent.ThreadPoolExecutor.runWorker(ThreadPoolExecutor.java:1134)
        at java.util.concurrent.ThreadPoolExecutor$Worker.run(ThreadPoolExecutor.java:624)
        at java.lang.Thread.run(Thread.java:750)
"qtp1987612084-1516" daemon prio=5 tid=1516 timed_waiting
java.lang.Thread.State: TIMED_WAITING
        at sun.misc.Unsafe.park(Native Method)
        at java.util.concurrent.locks.LockSupport.parkNanos(LockSupport.java:215)
        at java.util.concurrent.locks.AbstractQueuedSynchronizer$ConditionObject.awaitNanos(AbstractQueuedSynchronizer.java:2078)
        at org.eclipse.jetty.util.BlockingArrayQueue.poll(BlockingArrayQueue.java:382)
        at org.eclipse.jetty.util.thread.QueuedThreadPool$Runner.idleJobPoll(QueuedThreadPool.java:974)
        at org.eclipse.jetty.util.thread.QueuedThreadPool$Runner.run(QueuedThreadPool.java:1018)
        at java.lang.Thread.run(Thread.java:750)
"BlockDeletingService#1" daemon prio=5 tid=1551 timed_waiting
java.lang.Thread.State: TIMED_WAITING
        at sun.misc.Unsafe.park(Native Method)
        at java.util.concurrent.locks.LockSupport.parkNanos(LockSupport.java:215)
        at java.util.concurrent.locks.AbstractQueuedSynchronizer$ConditionObject.awaitNanos(AbstractQueuedSynchronizer.java:2078)
        at java.util.concurrent.ScheduledThreadPoolExecutor$DelayedWorkQueue.take(ScheduledThreadPoolExecutor.java:1093)
        at java.util.concurrent.ScheduledThreadPoolExecutor$DelayedWorkQueue.take(ScheduledThreadPoolExecutor.java:809)
        at java.util.concurrent.ThreadPoolExecutor.getTask(ThreadPoolExecutor.java:1074)
        at java.util.concurrent.ThreadPoolExecutor.runWorker(ThreadPoolExecutor.java:1134)
        at java.util.concurrent.ThreadPoolExecutor$Worker.run(ThreadPoolExecutor.java:624)
        at java.lang.Thread.run(Thread.java:750)
"IPC Server handler 14 on default port 35879" daemon prio=5 tid=1274 timed_waiting
java.lang.Thread.State: TIMED_WAITING
        at sun.misc.Unsafe.park(Native Method)
        at java.util.concurrent.locks.LockSupport.parkNanos(LockSupport.java:215)
        at java.util.concurrent.locks.AbstractQueuedSynchronizer$ConditionObject.awaitNanos(AbstractQueuedSynchronizer.java:2078)
        at java.util.concurrent.LinkedBlockingQueue.poll(LinkedBlockingQueue.java:467)
        at org.apache.hadoop.ipc.CallQueueManager.take(CallQueueManager.java:317)
        at org.apache.hadoop.ipc.Server$Handler.run(Server.java:2942)
"StaleRecoveringContainerScrubbingService#0" daemon prio=5 tid=1586 in Object.wait()
java.lang.Thread.State: WAITING (on object monitor)
        at sun.misc.Unsafe.park(Native Method)
        at java.util.concurrent.locks.LockSupport.park(LockSupport.java:175)
        at java.util.concurrent.locks.AbstractQueuedSynchronizer$ConditionObject.await(AbstractQueuedSynchronizer.java:2039)
        at java.util.concurrent.ScheduledThreadPoolExecutor$DelayedWorkQueue.take(ScheduledThreadPoolExecutor.java:1088)
        at java.util.concurrent.ScheduledThreadPoolExecutor$DelayedWorkQueue.take(ScheduledThreadPoolExecutor.java:809)
        at java.util.concurrent.ThreadPoolExecutor.getTask(ThreadPoolExecutor.java:1074)
        at java.util.concurrent.ThreadPoolExecutor.runWorker(ThreadPoolExecutor.java:1134)
        at java.util.concurrent.ThreadPoolExecutor$Worker.run(ThreadPoolExecutor.java:624)
        at java.lang.Thread.run(Thread.java:750)
"ChunkReader-ELG-0" daemon prio=5 tid=1548 runnable
java.lang.Thread.State: RUNNABLE
        at org.apache.ratis.thirdparty.io.netty.channel.epoll.Native.epollWait(Native Method)
        at org.apache.ratis.thirdparty.io.netty.channel.epoll.Native.epollWait(Native.java:209)
        at org.apache.ratis.thirdparty.io.netty.channel.epoll.Native.epollWait(Native.java:202)
        at org.apache.ratis.thirdparty.io.netty.channel.epoll.EpollEventLoop.epollWaitNoTimerChange(EpollEventLoop.java:294)
        at org.apache.ratis.thirdparty.io.netty.channel.epoll.EpollEventLoop.run(EpollEventLoop.java:351)
        at org.apache.ratis.thirdparty.io.netty.util.concurrent.SingleThreadEventExecutor$4.run(SingleThreadEventExecutor.java:995)
        at org.apache.ratis.thirdparty.io.netty.util.internal.ThreadExecutorMap$2.run(ThreadExecutorMap.java:74)
        at java.lang.Thread.run(Thread.java:750)
"Session-HouseKeeper-1ec3962e-1"  prio=5 tid=1518 timed_waiting
java.lang.Thread.State: TIMED_WAITING
        at sun.misc.Unsafe.park(Native Method)
        at java.util.concurrent.locks.LockSupport.parkNanos(LockSupport.java:215)
        at java.util.concurrent.locks.AbstractQueuedSynchronizer$ConditionObject.awaitNanos(AbstractQueuedSynchronizer.java:2078)
        at java.util.concurrent.ScheduledThreadPoolExecutor$DelayedWorkQueue.take(ScheduledThreadPoolExecutor.java:1093)
        at java.util.concurrent.ScheduledThreadPoolExecutor$DelayedWorkQueue.take(ScheduledThreadPoolExecutor.java:809)
        at java.util.concurrent.ThreadPoolExecutor.getTask(ThreadPoolExecutor.java:1074)
        at java.util.concurrent.ThreadPoolExecutor.runWorker(ThreadPoolExecutor.java:1134)
        at java.util.concurrent.ThreadPoolExecutor$Worker.run(ThreadPoolExecutor.java:624)
        at java.lang.Thread.run(Thread.java:750)
"BlockDeletingService#2" daemon prio=5 tid=1742 in Object.wait()
java.lang.Thread.State: WAITING (on object monitor)
        at sun.misc.Unsafe.park(Native Method)
        at java.util.concurrent.locks.LockSupport.park(LockSupport.java:175)
        at java.util.concurrent.locks.AbstractQueuedSynchronizer$ConditionObject.await(AbstractQueuedSynchronizer.java:2039)
        at java.util.concurrent.ScheduledThreadPoolExecutor$DelayedWorkQueue.take(ScheduledThreadPoolExecutor.java:1088)
        at java.util.concurrent.ScheduledThreadPoolExecutor$DelayedWorkQueue.take(ScheduledThreadPoolExecutor.java:809)
        at java.util.concurrent.ThreadPoolExecutor.getTask(ThreadPoolExecutor.java:1074)
        at java.util.concurrent.ThreadPoolExecutor.runWorker(ThreadPoolExecutor.java:1134)
        at java.util.concurrent.ThreadPoolExecutor$Worker.run(ThreadPoolExecutor.java:624)
        at java.lang.Thread.run(Thread.java:750)
"qtp1591980638-1339" daemon prio=5 tid=1339 timed_waiting
java.lang.Thread.State: TIMED_WAITING
        at sun.misc.Unsafe.park(Native Method)
        at java.util.concurrent.locks.LockSupport.parkNanos(LockSupport.java:215)
        at java.util.concurrent.locks.AbstractQueuedSynchronizer$ConditionObject.awaitNanos(AbstractQueuedSynchronizer.java:2078)
        at org.eclipse.jetty.util.BlockingArrayQueue.poll(BlockingArrayQueue.java:382)
        at org.eclipse.jetty.util.thread.QueuedThreadPool$Runner.idleJobPoll(QueuedThreadPool.java:974)
        at org.eclipse.jetty.util.thread.QueuedThreadPool$Runner.run(QueuedThreadPool.java:1018)
        at java.lang.Thread.run(Thread.java:750)
"IPC Server handler 8 on default port 46159" daemon prio=5 tid=1248 timed_waiting
java.lang.Thread.State: TIMED_WAITING
        at sun.misc.Unsafe.park(Native Method)
        at java.util.concurrent.locks.LockSupport.parkNanos(LockSupport.java:215)
        at java.util.concurrent.locks.AbstractQueuedSynchronizer$ConditionObject.awaitNanos(AbstractQueuedSynchronizer.java:2078)
        at java.util.concurrent.LinkedBlockingQueue.poll(LinkedBlockingQueue.java:467)
        at org.apache.hadoop.ipc.CallQueueManager.take(CallQueueManager.java:317)
        at org.apache.hadoop.ipc.Server$Handler.run(Server.java:2942)
"qtp298434414-1308" daemon prio=5 tid=1308 timed_waiting
java.lang.Thread.State: TIMED_WAITING
        at sun.misc.Unsafe.park(Native Method)
        at java.util.concurrent.locks.LockSupport.parkNanos(LockSupport.java:215)
        at java.util.concurrent.locks.AbstractQueuedSynchronizer$ConditionObject.awaitNanos(AbstractQueuedSynchronizer.java:2078)
        at org.eclipse.jetty.util.BlockingArrayQueue.poll(BlockingArrayQueue.java:382)
        at org.eclipse.jetty.util.thread.QueuedThreadPool$Runner.idleJobPoll(QueuedThreadPool.java:974)
        at org.eclipse.jetty.util.thread.QueuedThreadPool$Runner.run(QueuedThreadPool.java:1018)
        at java.lang.Thread.run(Thread.java:750)
"Datanode ReportManager Thread - 0" daemon prio=5 tid=1383 in Object.wait()
java.lang.Thread.State: WAITING (on object monitor)
        at sun.misc.Unsafe.park(Native Method)
        at java.util.concurrent.locks.LockSupport.park(LockSupport.java:175)
        at java.util.concurrent.locks.AbstractQueuedSynchronizer$ConditionObject.await(AbstractQueuedSynchronizer.java:2039)
        at java.util.concurrent.ScheduledThreadPoolExecutor$DelayedWorkQueue.take(ScheduledThreadPoolExecutor.java:1088)
        at java.util.concurrent.ScheduledThreadPoolExecutor$DelayedWorkQueue.take(ScheduledThreadPoolExecutor.java:809)
        at java.util.concurrent.ThreadPoolExecutor.getTask(ThreadPoolExecutor.java:1074)
        at java.util.concurrent.ThreadPoolExecutor.runWorker(ThreadPoolExecutor.java:1134)
        at java.util.concurrent.ThreadPoolExecutor$Worker.run(ThreadPoolExecutor.java:624)
        at java.lang.Thread.run(Thread.java:750)
"timer2" daemon prio=5 tid=519 timed_waiting
java.lang.Thread.State: TIMED_WAITING
        at java.lang.Object.wait(Native Method)
        at java.util.TimerThread.mainLoop(Timer.java:552)
        at java.util.TimerThread.run(Timer.java:505)
"qtp638093446-1374-acceptor-0@c599e63-ServerConnector@1e4a341{HTTP/1.1, (http/1.1)}{0.0.0.0:39007}" daemon prio=3 tid=1374 runnable
java.lang.Thread.State: RUNNABLE
        at sun.nio.ch.ServerSocketChannelImpl.accept0(Native Method)
        at sun.nio.ch.ServerSocketChannelImpl.accept(ServerSocketChannelImpl.java:421)
        at sun.nio.ch.ServerSocketChannelImpl.accept(ServerSocketChannelImpl.java:249)
        at org.eclipse.jetty.server.ServerConnector.accept(ServerConnector.java:388)
        at org.eclipse.jetty.server.AbstractConnector$Acceptor.run(AbstractConnector.java:704)
        at org.eclipse.jetty.util.thread.QueuedThreadPool.runJob(QueuedThreadPool.java:883)
        at org.eclipse.jetty.util.thread.QueuedThreadPool$Runner.run(QueuedThreadPool.java:1034)
        at java.lang.Thread.run(Thread.java:750)
"pool-610-thread-1"  prio=5 tid=1637 in Object.wait()
java.lang.Thread.State: WAITING (on object monitor)
        at sun.misc.Unsafe.park(Native Method)
        at java.util.concurrent.locks.LockSupport.park(LockSupport.java:175)
        at java.util.concurrent.locks.AbstractQueuedSynchronizer$ConditionObject.await(AbstractQueuedSynchronizer.java:2039)
        at java.util.concurrent.LinkedBlockingQueue.take(LinkedBlockingQueue.java:442)
        at java.util.concurrent.ThreadPoolExecutor.getTask(ThreadPoolExecutor.java:1074)
        at java.util.concurrent.ThreadPoolExecutor.runWorker(ThreadPoolExecutor.java:1134)
        at java.util.concurrent.ThreadPoolExecutor$Worker.run(ThreadPoolExecutor.java:624)
        at java.lang.Thread.run(Thread.java:750)
"IPC Server handler 2 on default port 35879" daemon prio=5 tid=1262 timed_waiting
java.lang.Thread.State: TIMED_WAITING
        at sun.misc.Unsafe.park(Native Method)
        at java.util.concurrent.locks.LockSupport.parkNanos(LockSupport.java:215)
        at java.util.concurrent.locks.AbstractQueuedSynchronizer$ConditionObject.awaitNanos(AbstractQueuedSynchronizer.java:2078)
        at java.util.concurrent.LinkedBlockingQueue.poll(LinkedBlockingQueue.java:467)
        at org.apache.hadoop.ipc.CallQueueManager.take(CallQueueManager.java:317)
        at org.apache.hadoop.ipc.Server$Handler.run(Server.java:2942)
"qtp638093446-1380" daemon prio=5 tid=1380 timed_waiting
java.lang.Thread.State: TIMED_WAITING
        at sun.misc.Unsafe.park(Native Method)
        at java.util.concurrent.locks.LockSupport.parkNanos(LockSupport.java:215)
        at java.util.concurrent.locks.AbstractQueuedSynchronizer$ConditionObject.awaitNanos(AbstractQueuedSynchronizer.java:2078)
        at org.eclipse.jetty.util.BlockingArrayQueue.poll(BlockingArrayQueue.java:382)
        at org.eclipse.jetty.util.thread.QueuedThreadPool$Runner.idleJobPoll(QueuedThreadPool.java:974)
        at org.eclipse.jetty.util.thread.QueuedThreadPool$Runner.run(QueuedThreadPool.java:1018)
        at java.lang.Thread.run(Thread.java:750)
"ReplicationMonitor" daemon prio=5 tid=1212 timed_waiting
java.lang.Thread.State: TIMED_WAITING
        at java.lang.Object.wait(Native Method)
        at org.apache.hadoop.hdds.scm.container.replication.ReplicationManager.run(ReplicationManager.java:663)
        at org.apache.hadoop.hdds.scm.container.replication.ReplicationManager$$Lambda$402/1124055734.run(Unknown Source)
        at java.lang.Thread.run(Thread.java:750)
"IPC Parameter Sending Thread #0" daemon prio=5 tid=123 timed_waiting
java.lang.Thread.State: TIMED_WAITING
        at sun.misc.Unsafe.park(Native Method)
        at java.util.concurrent.locks.LockSupport.parkNanos(LockSupport.java:215)
        at java.util.concurrent.SynchronousQueue$TransferStack.awaitFulfill(SynchronousQueue.java:460)
        at java.util.concurrent.SynchronousQueue$TransferStack.transfer(SynchronousQueue.java:362)
        at java.util.concurrent.SynchronousQueue.poll(SynchronousQueue.java:941)
        at java.util.concurrent.ThreadPoolExecutor.getTask(ThreadPoolExecutor.java:1073)
        at java.util.concurrent.ThreadPoolExecutor.runWorker(ThreadPoolExecutor.java:1134)
        at java.util.concurrent.ThreadPoolExecutor$Worker.run(ThreadPoolExecutor.java:624)
        at java.lang.Thread.run(Thread.java:750)
"qtp1068912229-1433" daemon prio=5 tid=1433 timed_waiting
java.lang.Thread.State: TIMED_WAITING
        at sun.misc.Unsafe.park(Native Method)
        at java.util.concurrent.locks.LockSupport.parkNanos(LockSupport.java:215)
        at java.util.concurrent.locks.AbstractQueuedSynchronizer$ConditionObject.awaitNanos(AbstractQueuedSynchronizer.java:2078)
        at org.eclipse.jetty.util.BlockingArrayQueue.poll(BlockingArrayQueue.java:382)
        at org.eclipse.jetty.util.thread.QueuedThreadPool$Runner.idleJobPoll(QueuedThreadPool.java:974)
        at org.eclipse.jetty.util.thread.QueuedThreadPool$Runner.run(QueuedThreadPool.java:1018)
        at java.lang.Thread.run(Thread.java:750)
"pool-580-thread-1" daemon prio=5 tid=1421 timed_waiting
java.lang.Thread.State: TIMED_WAITING
        at sun.misc.Unsafe.park(Native Method)
        at java.util.concurrent.locks.LockSupport.parkNanos(LockSupport.java:215)
        at java.util.concurrent.locks.AbstractQueuedSynchronizer$ConditionObject.awaitNanos(AbstractQueuedSynchronizer.java:2078)
        at java.util.concurrent.ScheduledThreadPoolExecutor$DelayedWorkQueue.take(ScheduledThreadPoolExecutor.java:1093)
        at java.util.concurrent.ScheduledThreadPoolExecutor$DelayedWorkQueue.take(ScheduledThreadPoolExecutor.java:809)
        at java.util.concurrent.ThreadPoolExecutor.getTask(ThreadPoolExecutor.java:1074)
        at java.util.concurrent.ThreadPoolExecutor.runWorker(ThreadPoolExecutor.java:1134)
        at java.util.concurrent.ThreadPoolExecutor$Worker.run(ThreadPoolExecutor.java:624)
        at java.lang.Thread.run(Thread.java:750)
"IPC Server handler 19 on default port 44023" daemon prio=5 tid=1362 timed_waiting
java.lang.Thread.State: TIMED_WAITING
        at sun.misc.Unsafe.park(Native Method)
        at java.util.concurrent.locks.LockSupport.parkNanos(LockSupport.java:215)
        at java.util.concurrent.locks.AbstractQueuedSynchronizer$ConditionObject.awaitNanos(AbstractQueuedSynchronizer.java:2078)
        at java.util.concurrent.LinkedBlockingQueue.poll(LinkedBlockingQueue.java:467)
        at org.apache.hadoop.ipc.CallQueueManager.take(CallQueueManager.java:317)
        at org.apache.hadoop.ipc.Server$Handler.run(Server.java:2942)
"IPC Server handler 9 on default port 44023" daemon prio=5 tid=1352 timed_waiting
java.lang.Thread.State: TIMED_WAITING
        at sun.misc.Unsafe.park(Native Method)
        at java.util.concurrent.locks.LockSupport.parkNanos(LockSupport.java:215)
        at java.util.concurrent.locks.AbstractQueuedSynchronizer$ConditionObject.awaitNanos(AbstractQueuedSynchronizer.java:2078)
        at java.util.concurrent.LinkedBlockingQueue.poll(LinkedBlockingQueue.java:467)
        at org.apache.hadoop.ipc.CallQueueManager.take(CallQueueManager.java:317)
        at org.apache.hadoop.ipc.Server$Handler.run(Server.java:2942)
"IPC Server handler 0 on default port 33251" daemon prio=5 tid=1280 timed_waiting
java.lang.Thread.State: TIMED_WAITING
        at sun.misc.Unsafe.park(Native Method)
        at java.util.concurrent.locks.LockSupport.parkNanos(LockSupport.java:215)
        at java.util.concurrent.locks.AbstractQueuedSynchronizer$ConditionObject.awaitNanos(AbstractQueuedSynchronizer.java:2078)
        at java.util.concurrent.LinkedBlockingQueue.poll(LinkedBlockingQueue.java:467)
        at org.apache.hadoop.ipc.CallQueueManager.take(CallQueueManager.java:317)
        at org.apache.hadoop.ipc.Server$Handler.run(Server.java:2942)
"Command processor thread" daemon prio=5 tid=1388 timed_waiting
java.lang.Thread.State: TIMED_WAITING
        at java.lang.Thread.sleep(Native Method)
        at org.apache.hadoop.ozone.container.common.statemachine.DatanodeStateMachine.lambda$initCommandHandlerThread$3(DatanodeStateMachine.java:644)
        at org.apache.hadoop.ozone.container.common.statemachine.DatanodeStateMachine$$Lambda$800/1120719356.run(Unknown Source)
        at java.lang.Thread.run(Thread.java:750)
"qtp1591980638-1341" daemon prio=5 tid=1341 timed_waiting
java.lang.Thread.State: TIMED_WAITING
        at sun.misc.Unsafe.park(Native Method)
        at java.util.concurrent.locks.LockSupport.parkNanos(LockSupport.java:215)
        at java.util.concurrent.locks.AbstractQueuedSynchronizer$ConditionObject.awaitNanos(AbstractQueuedSynchronizer.java:2078)
        at org.eclipse.jetty.util.BlockingArrayQueue.poll(BlockingArrayQueue.java:382)
        at org.eclipse.jetty.util.thread.QueuedThreadPool$Runner.idleJobPoll(QueuedThreadPool.java:974)
        at org.eclipse.jetty.util.thread.QueuedThreadPool$Runner.run(QueuedThreadPool.java:1018)
        at java.lang.Thread.run(Thread.java:750)
"org.apache.hadoop.util.JvmPauseMonitor$Monitor@1f2c7599" daemon prio=5 tid=1363 timed_waiting
java.lang.Thread.State: TIMED_WAITING
        at java.lang.Thread.sleep(Native Method)
        at org.apache.hadoop.util.JvmPauseMonitor$Monitor.run(JvmPauseMonitor.java:192)
        at java.lang.Thread.run(Thread.java:750)
"Timer for 'StorageContainerManager' metrics system" daemon prio=5 tid=1238 timed_waiting
java.lang.Thread.State: TIMED_WAITING
        at java.lang.Object.wait(Native Method)
        at java.util.TimerThread.mainLoop(Timer.java:552)
        at java.util.TimerThread.run(Timer.java:505)
"ChunkWriter-2-0" daemon prio=5 tid=1581 in Object.wait()
java.lang.Thread.State: WAITING (on object monitor)
        at sun.misc.Unsafe.park(Native Method)
        at java.util.concurrent.locks.LockSupport.park(LockSupport.java:175)
        at java.util.concurrent.locks.AbstractQueuedSynchronizer$ConditionObject.await(AbstractQueuedSynchronizer.java:2039)
        at java.util.concurrent.LinkedBlockingDeque.takeFirst(LinkedBlockingDeque.java:492)
        at java.util.concurrent.LinkedBlockingDeque.take(LinkedBlockingDeque.java:680)
        at java.util.concurrent.ThreadPoolExecutor.getTask(ThreadPoolExecutor.java:1074)
        at java.util.concurrent.ThreadPoolExecutor.runWorker(ThreadPoolExecutor.java:1134)
        at java.util.concurrent.ThreadPoolExecutor$Worker.run(ThreadPoolExecutor.java:624)
        at java.lang.Thread.run(Thread.java:750)
"Periodic HDDS volume checker" daemon prio=5 tid=1419 timed_waiting
java.lang.Thread.State: TIMED_WAITING
        at sun.misc.Unsafe.park(Native Method)
        at java.util.concurrent.locks.LockSupport.parkNanos(LockSupport.java:215)
        at java.util.concurrent.locks.AbstractQueuedSynchronizer$ConditionObject.awaitNanos(AbstractQueuedSynchronizer.java:2078)
        at java.util.concurrent.ScheduledThreadPoolExecutor$DelayedWorkQueue.take(ScheduledThreadPoolExecutor.java:1093)
        at java.util.concurrent.ScheduledThreadPoolExecutor$DelayedWorkQueue.take(ScheduledThreadPoolExecutor.java:809)
        at java.util.concurrent.ThreadPoolExecutor.getTask(ThreadPoolExecutor.java:1074)
        at java.util.concurrent.ThreadPoolExecutor.runWorker(ThreadPoolExecutor.java:1134)
        at java.util.concurrent.ThreadPoolExecutor$Worker.run(ThreadPoolExecutor.java:624)
        at java.lang.Thread.run(Thread.java:750)
"IPC Server handler 19 on default port 33251" daemon prio=5 tid=1299 timed_waiting
java.lang.Thread.State: TIMED_WAITING
        at sun.misc.Unsafe.park(Native Method)
        at java.util.concurrent.locks.LockSupport.parkNanos(LockSupport.java:215)
        at java.util.concurrent.locks.AbstractQueuedSynchronizer$ConditionObject.awaitNanos(AbstractQueuedSynchronizer.java:2078)
        at java.util.concurrent.LinkedBlockingQueue.poll(LinkedBlockingQueue.java:467)
        at org.apache.hadoop.ipc.CallQueueManager.take(CallQueueManager.java:317)
        at org.apache.hadoop.ipc.Server$Handler.run(Server.java:2942)
"ChunkWriter-0-0" daemon prio=5 tid=1567 in Object.wait()
java.lang.Thread.State: WAITING (on object monitor)
        at sun.misc.Unsafe.park(Native Method)
        at java.util.concurrent.locks.LockSupport.park(LockSupport.java:175)
        at java.util.concurrent.locks.AbstractQueuedSynchronizer$ConditionObject.await(AbstractQueuedSynchronizer.java:2039)
        at java.util.concurrent.LinkedBlockingDeque.takeFirst(LinkedBlockingDeque.java:492)
        at java.util.concurrent.LinkedBlockingDeque.take(LinkedBlockingDeque.java:680)
        at java.util.concurrent.ThreadPoolExecutor.getTask(ThreadPoolExecutor.java:1074)
        at java.util.concurrent.ThreadPoolExecutor.runWorker(ThreadPoolExecutor.java:1134)
        at java.util.concurrent.ThreadPoolExecutor$Worker.run(ThreadPoolExecutor.java:624)
        at java.lang.Thread.run(Thread.java:750)
"IPC Server handler 3 on default port 46159" daemon prio=5 tid=1243 timed_waiting
java.lang.Thread.State: TIMED_WAITING
        at sun.misc.Unsafe.park(Native Method)
        at java.util.concurrent.locks.LockSupport.parkNanos(LockSupport.java:215)
        at java.util.concurrent.locks.AbstractQueuedSynchronizer$ConditionObject.awaitNanos(AbstractQueuedSynchronizer.java:2078)
        at java.util.concurrent.LinkedBlockingQueue.poll(LinkedBlockingQueue.java:467)
        at org.apache.hadoop.ipc.CallQueueManager.take(CallQueueManager.java:317)
        at org.apache.hadoop.ipc.Server$Handler.run(Server.java:2942)
"IPC Server handler 15 on default port 44023" daemon prio=5 tid=1358 timed_waiting
java.lang.Thread.State: TIMED_WAITING
        at sun.misc.Unsafe.park(Native Method)
        at java.util.concurrent.locks.LockSupport.parkNanos(LockSupport.java:215)
        at java.util.concurrent.locks.AbstractQueuedSynchronizer$ConditionObject.awaitNanos(AbstractQueuedSynchronizer.java:2078)
        at java.util.concurrent.LinkedBlockingQueue.poll(LinkedBlockingQueue.java:467)
        at org.apache.hadoop.ipc.CallQueueManager.take(CallQueueManager.java:317)
        at org.apache.hadoop.ipc.Server$Handler.run(Server.java:2942)
"Command processor thread" daemon prio=5 tid=1525 timed_waiting
java.lang.Thread.State: TIMED_WAITING
        at java.lang.Thread.sleep(Native Method)
        at org.apache.hadoop.ozone.container.common.statemachine.DatanodeStateMachine.lambda$initCommandHandlerThread$3(DatanodeStateMachine.java:644)
        at org.apache.hadoop.ozone.container.common.statemachine.DatanodeStateMachine$$Lambda$800/1120719356.run(Unknown Source)
        at java.lang.Thread.run(Thread.java:750)
"pool-460-thread-1"  prio=5 tid=1176 in Object.wait()
java.lang.Thread.State: WAITING (on object monitor)
        at sun.misc.Unsafe.park(Native Method)
        at java.util.concurrent.locks.LockSupport.park(LockSupport.java:175)
        at java.util.concurrent.locks.AbstractQueuedSynchronizer$ConditionObject.await(AbstractQueuedSynchronizer.java:2039)
        at java.util.concurrent.LinkedBlockingQueue.take(LinkedBlockingQueue.java:442)
        at java.util.concurrent.ThreadPoolExecutor.getTask(ThreadPoolExecutor.java:1074)
        at java.util.concurrent.ThreadPoolExecutor.runWorker(ThreadPoolExecutor.java:1134)
        at java.util.concurrent.ThreadPoolExecutor$Worker.run(ThreadPoolExecutor.java:624)
        at java.lang.Thread.run(Thread.java:750)
"StaleRecoveringContainerScrubbingService#0" daemon prio=5 tid=1574 in Object.wait()
java.lang.Thread.State: WAITING (on object monitor)
        at sun.misc.Unsafe.park(Native Method)
        at java.util.concurrent.locks.LockSupport.park(LockSupport.java:175)
        at java.util.concurrent.locks.AbstractQueuedSynchronizer$ConditionObject.await(AbstractQueuedSynchronizer.java:2039)
        at java.util.concurrent.ScheduledThreadPoolExecutor$DelayedWorkQueue.take(ScheduledThreadPoolExecutor.java:1088)
        at java.util.concurrent.ScheduledThreadPoolExecutor$DelayedWorkQueue.take(ScheduledThreadPoolExecutor.java:809)
        at java.util.concurrent.ThreadPoolExecutor.getTask(ThreadPoolExecutor.java:1074)
        at java.util.concurrent.ThreadPoolExecutor.runWorker(ThreadPoolExecutor.java:1134)
        at java.util.concurrent.ThreadPoolExecutor$Worker.run(ThreadPoolExecutor.java:624)
        at java.lang.Thread.run(Thread.java:750)
"Datanode ReportManager Thread - 3" daemon prio=5 tid=1496 in Object.wait()
java.lang.Thread.State: WAITING (on object monitor)
        at sun.misc.Unsafe.park(Native Method)
        at java.util.concurrent.locks.LockSupport.park(LockSupport.java:175)
        at java.util.concurrent.locks.AbstractQueuedSynchronizer$ConditionObject.await(AbstractQueuedSynchronizer.java:2039)
        at java.util.concurrent.ScheduledThreadPoolExecutor$DelayedWorkQueue.take(ScheduledThreadPoolExecutor.java:1088)
        at java.util.concurrent.ScheduledThreadPoolExecutor$DelayedWorkQueue.take(ScheduledThreadPoolExecutor.java:809)
        at java.util.concurrent.ThreadPoolExecutor.getTask(ThreadPoolExecutor.java:1074)
        at java.util.concurrent.ThreadPoolExecutor.runWorker(ThreadPoolExecutor.java:1134)
        at java.util.concurrent.ThreadPoolExecutor$Worker.run(ThreadPoolExecutor.java:624)
        at java.lang.Thread.run(Thread.java:750)
"5cd6f085-199f-4d86-8efd-dd16eb4c4197-NettyServerStreamRpc-bossGroup--thread1"  prio=5 tid=1450 runnable
java.lang.Thread.State: RUNNABLE
        at sun.nio.ch.EPollArrayWrapper.epollWait(Native Method)
        at sun.nio.ch.EPollArrayWrapper.poll(EPollArrayWrapper.java:269)
        at sun.nio.ch.EPollSelectorImpl.doSelect(EPollSelectorImpl.java:93)
        at sun.nio.ch.SelectorImpl.lockAndDoSelect(SelectorImpl.java:86)
        at sun.nio.ch.SelectorImpl.select(SelectorImpl.java:97)
        at sun.nio.ch.SelectorImpl.select(SelectorImpl.java:101)
        at org.apache.ratis.thirdparty.io.netty.channel.nio.SelectedSelectionKeySetSelector.select(SelectedSelectionKeySetSelector.java:68)
        at org.apache.ratis.thirdparty.io.netty.channel.nio.NioEventLoop.select(NioEventLoop.java:813)
        at org.apache.ratis.thirdparty.io.netty.channel.nio.NioEventLoop.run(NioEventLoop.java:460)
        at org.apache.ratis.thirdparty.io.netty.util.concurrent.SingleThreadEventExecutor$4.run(SingleThreadEventExecutor.java:995)
        at org.apache.ratis.thirdparty.io.netty.util.internal.ThreadExecutorMap$2.run(ThreadExecutorMap.java:74)
        at java.lang.Thread.run(Thread.java:750)
"StaleRecoveringContainerScrubbingService#1" daemon prio=5 tid=1599 timed_waiting
java.lang.Thread.State: TIMED_WAITING
        at sun.misc.Unsafe.park(Native Method)
        at java.util.concurrent.locks.LockSupport.parkNanos(LockSupport.java:215)
        at java.util.concurrent.locks.AbstractQueuedSynchronizer$ConditionObject.awaitNanos(AbstractQueuedSynchronizer.java:2078)
        at java.util.concurrent.ScheduledThreadPoolExecutor$DelayedWorkQueue.take(ScheduledThreadPoolExecutor.java:1093)
        at java.util.concurrent.ScheduledThreadPoolExecutor$DelayedWorkQueue.take(ScheduledThreadPoolExecutor.java:809)
        at java.util.concurrent.ThreadPoolExecutor.getTask(ThreadPoolExecutor.java:1074)
        at java.util.concurrent.ThreadPoolExecutor.runWorker(ThreadPoolExecutor.java:1134)
        at java.util.concurrent.ThreadPoolExecutor$Worker.run(ThreadPoolExecutor.java:624)
        at java.lang.Thread.run(Thread.java:750)
"qtp1987612084-1510" daemon prio=5 tid=1510 runnable
java.lang.Thread.State: RUNNABLE
        at sun.nio.ch.EPollArrayWrapper.epollWait(Native Method)
        at sun.nio.ch.EPollArrayWrapper.poll(EPollArrayWrapper.java:269)
        at sun.nio.ch.EPollSelectorImpl.doSelect(EPollSelectorImpl.java:93)
        at sun.nio.ch.SelectorImpl.lockAndDoSelect(SelectorImpl.java:86)
        at sun.nio.ch.SelectorImpl.select(SelectorImpl.java:97)
        at sun.nio.ch.SelectorImpl.select(SelectorImpl.java:101)
        at org.eclipse.jetty.io.ManagedSelector.nioSelect(ManagedSelector.java:183)
        at org.eclipse.jetty.io.ManagedSelector.select(ManagedSelector.java:190)
        at org.eclipse.jetty.io.ManagedSelector$SelectorProducer.select(ManagedSelector.java:606)
        at org.eclipse.jetty.io.ManagedSelector$SelectorProducer.produce(ManagedSelector.java:543)
        at org.eclipse.jetty.util.thread.strategy.EatWhatYouKill.produceTask(EatWhatYouKill.java:362)
        at org.eclipse.jetty.util.thread.strategy.EatWhatYouKill.doProduce(EatWhatYouKill.java:186)
        at org.eclipse.jetty.util.thread.strategy.EatWhatYouKill.tryProduce(EatWhatYouKill.java:173)
        at org.eclipse.jetty.util.thread.strategy.EatWhatYouKill.produce(EatWhatYouKill.java:137)
        at org.eclipse.jetty.io.ManagedSelector$$Lambda$468/1724067349.run(Unknown Source)
        at org.eclipse.jetty.util.thread.QueuedThreadPool.runJob(QueuedThreadPool.java:883)
        at org.eclipse.jetty.util.thread.QueuedThreadPool$Runner.run(QueuedThreadPool.java:1034)
        at java.lang.Thread.run(Thread.java:750)
"qtp1068912229-1432" daemon prio=5 tid=1432 timed_waiting
java.lang.Thread.State: TIMED_WAITING
        at sun.misc.Unsafe.park(Native Method)
        at java.util.concurrent.locks.LockSupport.parkNanos(LockSupport.java:215)
        at java.util.concurrent.locks.AbstractQueuedSynchronizer$ConditionObject.awaitNanos(AbstractQueuedSynchronizer.java:2078)
        at org.eclipse.jetty.util.BlockingArrayQueue.poll(BlockingArrayQueue.java:382)
        at org.eclipse.jetty.util.thread.QueuedThreadPool$Runner.idleJobPoll(QueuedThreadPool.java:974)
        at org.eclipse.jetty.util.thread.QueuedThreadPool$Runner.run(QueuedThreadPool.java:1018)
        at java.lang.Thread.run(Thread.java:750)
"IPC Server handler 18 on default port 44023" daemon prio=5 tid=1361 timed_waiting
java.lang.Thread.State: TIMED_WAITING
        at sun.misc.Unsafe.park(Native Method)
        at java.util.concurrent.locks.LockSupport.parkNanos(LockSupport.java:215)
        at java.util.concurrent.locks.AbstractQueuedSynchronizer$ConditionObject.awaitNanos(AbstractQueuedSynchronizer.java:2078)
        at java.util.concurrent.LinkedBlockingQueue.poll(LinkedBlockingQueue.java:467)
        at org.apache.hadoop.ipc.CallQueueManager.take(CallQueueManager.java:317)
        at org.apache.hadoop.ipc.Server$Handler.run(Server.java:2942)
"Datanode ReportManager Thread - 0" daemon prio=5 tid=1520 in Object.wait()
java.lang.Thread.State: WAITING (on object monitor)
        at sun.misc.Unsafe.park(Native Method)
        at java.util.concurrent.locks.LockSupport.park(LockSupport.java:175)
        at java.util.concurrent.locks.AbstractQueuedSynchronizer$ConditionObject.await(AbstractQueuedSynchronizer.java:2039)
        at java.util.concurrent.ScheduledThreadPoolExecutor$DelayedWorkQueue.take(ScheduledThreadPoolExecutor.java:1088)
        at java.util.concurrent.ScheduledThreadPoolExecutor$DelayedWorkQueue.take(ScheduledThreadPoolExecutor.java:809)
        at java.util.concurrent.ThreadPoolExecutor.getTask(ThreadPoolExecutor.java:1074)
        at java.util.concurrent.ThreadPoolExecutor.runWorker(ThreadPoolExecutor.java:1134)
        at java.util.concurrent.ThreadPoolExecutor$Worker.run(ThreadPoolExecutor.java:624)
        at java.lang.Thread.run(Thread.java:750)
"Listener at 127.0.0.1/44023"  prio=5 tid=1 runnable
java.lang.Thread.State: RUNNABLE
        at java.lang.Thread.dumpThreads(Native Method)
        at java.lang.Thread.getAllStackTraces(Thread.java:1615)
        at org.apache.ozone.test.TimedOutTestsListener.buildThreadDump(TimedOutTestsListener.java:93)
        at org.apache.ozone.test.TimedOutTestsListener.buildThreadDiagnosticString(TimedOutTestsListener.java:79)
        at org.apache.ozone.test.GenericTestUtils.waitFor(GenericTestUtils.java:231)
        at org.apache.hadoop.hdds.scm.pipeline.TestRatisPipelineCreateAndDestroy.waitForPipelines(TestRatisPipelineCreateAndDestroy.java:179)
        at org.apache.hadoop.hdds.scm.pipeline.TestRatisPipelineCreateAndDestroy.testAutomaticPipelineCreationDisablingFactorONE(TestRatisPipelineCreateAndDestroy.java:118)
        at sun.reflect.NativeMethodAccessorImpl.invoke0(Native Method)
        at sun.reflect.NativeMethodAccessorImpl.invoke(NativeMethodAccessorImpl.java:62)
        at sun.reflect.DelegatingMethodAccessorImpl.invoke(DelegatingMethodAccessorImpl.java:43)
        at java.lang.reflect.Method.invoke(Method.java:498)
        at org.junit.platform.commons.util.ReflectionUtils.invokeMethod(ReflectionUtils.java:725)
        at org.junit.jupiter.engine.execution.MethodInvocation.proceed(MethodInvocation.java:60)
        at org.junit.jupiter.engine.execution.InvocationInterceptorChain$ValidatingInvocation.proceed(InvocationInterceptorChain.java:131)
        at org.junit.jupiter.engine.extension.TimeoutInvocation.proceed(TimeoutInvocation.java:46)
        at org.junit.jupiter.engine.extension.TimeoutExtension.intercept(TimeoutExtension.java:149)
        at org.junit.jupiter.engine.extension.TimeoutExtension.interceptTestableMethod(TimeoutExtension.java:140)
        at org.junit.jupiter.engine.extension.TimeoutExtension.interceptTestMethod(TimeoutExtension.java:84)
        at org.junit.jupiter.engine.descriptor.TestMethodTestDescriptor$$Lambda$158/118394766.apply(Unknown Source)
        at org.junit.jupiter.engine.execution.ExecutableInvoker$ReflectiveInterceptorCall.lambda$ofVoidMethod$0(ExecutableInvoker.java:115)
        at org.junit.jupiter.engine.execution.ExecutableInvoker$ReflectiveInterceptorCall$$Lambda$159/1850180796.apply(Unknown Source)
        at org.junit.jupiter.engine.execution.ExecutableInvoker.lambda$invoke$0(ExecutableInvoker.java:105)
        at org.junit.jupiter.engine.execution.ExecutableInvoker$$Lambda$316/71706941.apply(Unknown Source)
        at org.junit.jupiter.engine.execution.InvocationInterceptorChain$InterceptedInvocation.proceed(InvocationInterceptorChain.java:106)
        at org.junit.jupiter.engine.execution.InvocationInterceptorChain.proceed(InvocationInterceptorChain.java:64)
        at org.junit.jupiter.engine.execution.InvocationInterceptorChain.chainAndInvoke(InvocationInterceptorChain.java:45)
        at org.junit.jupiter.engine.execution.InvocationInterceptorChain.invoke(InvocationInterceptorChain.java:37)
        at org.junit.jupiter.engine.execution.ExecutableInvoker.invoke(ExecutableInvoker.java:104)
        at org.junit.jupiter.engine.execution.ExecutableInvoker.invoke(ExecutableInvoker.java:98)
        at org.junit.jupiter.engine.descriptor.TestMethodTestDescriptor.lambda$invokeTestMethod$7(TestMethodTestDescriptor.java:214)
        at org.junit.jupiter.engine.descriptor.TestMethodTestDescriptor$$Lambda$337/2030937207.execute(Unknown Source)
        at org.junit.platform.engine.support.hierarchical.ThrowableCollector.execute(ThrowableCollector.java:73)
        at org.junit.jupiter.engine.descriptor.TestMethodTestDescriptor.invokeTestMethod(TestMethodTestDescriptor.java:210)
        at org.junit.jupiter.engine.descriptor.TestMethodTestDescriptor.execute(TestMethodTestDescriptor.java:135)
        at org.junit.jupiter.engine.descriptor.TestMethodTestDescriptor.execute(TestMethodTestDescriptor.java:66)
        at org.junit.platform.engine.support.hierarchical.NodeTestTask.lambda$executeRecursively$6(NodeTestTask.java:151)
        at org.junit.platform.engine.support.hierarchical.NodeTestTask$$Lambda$258/136936250.execute(Unknown Source)
        at org.junit.platform.engine.support.hierarchical.ThrowableCollector.execute(ThrowableCollector.java:73)
        at org.junit.platform.engine.support.hierarchical.NodeTestTask.lambda$executeRecursively$8(NodeTestTask.java:141)
        at org.junit.platform.engine.support.hierarchical.NodeTestTask$$Lambda$257/2014838114.invoke(Unknown Source)
        at org.junit.platform.engine.support.hierarchical.Node.around(Node.java:137)
        at org.junit.platform.engine.support.hierarchical.NodeTestTask.lambda$executeRecursively$9(NodeTestTask.java:139)
        at org.junit.platform.engine.support.hierarchical.NodeTestTask$$Lambda$256/536122141.execute(Unknown Source)
        at org.junit.platform.engine.support.hierarchical.ThrowableCollector.execute(ThrowableCollector.java:73)
        at org.junit.platform.engine.support.hierarchical.NodeTestTask.executeRecursively(NodeTestTask.java:138)
        at org.junit.platform.engine.support.hierarchical.NodeTestTask.execute(NodeTestTask.java:95)
        at org.junit.platform.engine.support.hierarchical.SameThreadHierarchicalTestExecutorService$$Lambda$262/612097453.accept(Unknown Source)
        at java.util.ArrayList.forEach(ArrayList.java:1259)
        at org.junit.platform.engine.support.hierarchical.SameThreadHierarchicalTestExecutorService.invokeAll(SameThreadHierarchicalTestExecutorService.java:41)
        at org.junit.platform.engine.support.hierarchical.NodeTestTask.lambda$executeRecursively$6(NodeTestTask.java:155)
        at org.junit.platform.engine.support.hierarchical.NodeTestTask$$Lambda$258/136936250.execute(Unknown Source)
        at org.junit.platform.engine.support.hierarchical.ThrowableCollector.execute(ThrowableCollector.java:73)
        at org.junit.platform.engine.support.hierarchical.NodeTestTask.lambda$executeRecursively$8(NodeTestTask.java:141)
        at org.junit.platform.engine.support.hierarchical.NodeTestTask$$Lambda$257/2014838114.invoke(Unknown Source)
        at org.junit.platform.engine.support.hierarchical.Node.around(Node.java:137)
        at org.junit.platform.engine.support.hierarchical.NodeTestTask.lambda$executeRecursively$9(NodeTestTask.java:139)
        at org.junit.platform.engine.support.hierarchical.NodeTestTask$$Lambda$256/536122141.execute(Unknown Source)
        at org.junit.platform.engine.support.hierarchical.ThrowableCollector.execute(ThrowableCollector.java:73)
        at org.junit.platform.engine.support.hierarchical.NodeTestTask.executeRecursively(NodeTestTask.java:138)
        at org.junit.platform.engine.support.hierarchical.NodeTestTask.execute(NodeTestTask.java:95)
        at org.junit.platform.engine.support.hierarchical.SameThreadHierarchicalTestExecutorService$$Lambda$262/612097453.accept(Unknown Source)
        at java.util.ArrayList.forEach(ArrayList.java:1259)
        at org.junit.platform.engine.support.hierarchical.SameThreadHierarchicalTestExecutorService.invokeAll(SameThreadHierarchicalTestExecutorService.java:41)
        at org.junit.platform.engine.support.hierarchical.NodeTestTask.lambda$executeRecursively$6(NodeTestTask.java:155)
        at org.junit.platform.engine.support.hierarchical.NodeTestTask$$Lambda$258/136936250.execute(Unknown Source)
        at org.junit.platform.engine.support.hierarchical.ThrowableCollector.execute(ThrowableCollector.java:73)
        at org.junit.platform.engine.support.hierarchical.NodeTestTask.lambda$executeRecursively$8(NodeTestTask.java:141)
        at org.junit.platform.engine.support.hierarchical.NodeTestTask$$Lambda$257/2014838114.invoke(Unknown Source)
        at org.junit.platform.engine.support.hierarchical.Node.around(Node.java:137)
        at org.junit.platform.engine.support.hierarchical.NodeTestTask.lambda$executeRecursively$9(NodeTestTask.java:139)
        at org.junit.platform.engine.support.hierarchical.NodeTestTask$$Lambda$256/536122141.execute(Unknown Source)
        at org.junit.platform.engine.support.hierarchical.ThrowableCollector.execute(ThrowableCollector.java:73)
        at org.junit.platform.engine.support.hierarchical.NodeTestTask.executeRecursively(NodeTestTask.java:138)
        at org.junit.platform.engine.support.hierarchical.NodeTestTask.execute(NodeTestTask.java:95)
        at org.junit.platform.engine.support.hierarchical.SameThreadHierarchicalTestExecutorService.submit(SameThreadHierarchicalTestExecutorService.java:35)
        at org.junit.platform.engine.support.hierarchical.HierarchicalTestExecutor.execute(HierarchicalTestExecutor.java:57)
        at org.junit.platform.engine.support.hierarchical.HierarchicalTestEngine.execute(HierarchicalTestEngine.java:54)
        at org.junit.platform.launcher.core.EngineExecutionOrchestrator.execute(EngineExecutionOrchestrator.java:107)
        at org.junit.platform.launcher.core.EngineExecutionOrchestrator.execute(EngineExecutionOrchestrator.java:88)
        at org.junit.platform.launcher.core.EngineExecutionOrchestrator.lambda$execute$0(EngineExecutionOrchestrator.java:54)
        at org.junit.platform.launcher.core.EngineExecutionOrchestrator$$Lambda$214/798981583.accept(Unknown Source)
        at org.junit.platform.launcher.core.EngineExecutionOrchestrator.withInterceptedStreams(EngineExecutionOrchestrator.java:67)
        at org.junit.platform.launcher.core.EngineExecutionOrchestrator.execute(EngineExecutionOrchestrator.java:52)
        at org.junit.platform.launcher.core.DefaultLauncher.execute(DefaultLauncher.java:114)
        at org.junit.platform.launcher.core.DefaultLauncher.execute(DefaultLauncher.java:86)
        at org.junit.platform.launcher.core.DefaultLauncherSession$DelegatingLauncher.execute(DefaultLauncherSession.java:86)
        at org.junit.platform.launcher.core.SessionPerRequestLauncher.execute(SessionPerRequestLauncher.java:53)
        at org.apache.maven.surefire.junitplatform.JUnitPlatformProvider.execute(JUnitPlatformProvider.java:188)
        at org.apache.maven.surefire.junitplatform.JUnitPlatformProvider.invokeAllTests(JUnitPlatformProvider.java:154)
        at org.apache.maven.surefire.junitplatform.JUnitPlatformProvider.invoke(JUnitPlatformProvider.java:124)
        at org.apache.maven.surefire.booter.ForkedBooter.runSuitesInProcess(ForkedBooter.java:428)
        at org.apache.maven.surefire.booter.ForkedBooter.execute(ForkedBooter.java:162)
        at org.apache.maven.surefire.booter.ForkedBooter.run(ForkedBooter.java:562)
        at org.apache.maven.surefire.booter.ForkedBooter.main(ForkedBooter.java:548)
"prometheus" daemon prio=5 tid=1239 in Object.wait()
java.lang.Thread.State: WAITING (on object monitor)
        at java.lang.Object.wait(Native Method)
        at java.lang.Object.wait(Object.java:502)
        at org.apache.hadoop.metrics2.impl.SinkQueue.waitForData(SinkQueue.java:114)
        at org.apache.hadoop.metrics2.impl.SinkQueue.consumeAll(SinkQueue.java:83)
        at org.apache.hadoop.metrics2.impl.MetricsSinkAdapter.publishMetricsFromQueue(MetricsSinkAdapter.java:135)
        at org.apache.hadoop.metrics2.impl.MetricsSinkAdapter$1.run(MetricsSinkAdapter.java:89)
"pool-557-thread-1" daemon prio=5 tid=1394 timed_waiting
java.lang.Thread.State: TIMED_WAITING
        at sun.misc.Unsafe.park(Native Method)
        at java.util.concurrent.locks.LockSupport.parkNanos(LockSupport.java:215)
        at java.util.concurrent.locks.AbstractQueuedSynchronizer$ConditionObject.awaitNanos(AbstractQueuedSynchronizer.java:2078)
        at java.util.concurrent.ScheduledThreadPoolExecutor$DelayedWorkQueue.take(ScheduledThreadPoolExecutor.java:1093)
        at java.util.concurrent.ScheduledThreadPoolExecutor$DelayedWorkQueue.take(ScheduledThreadPoolExecutor.java:809)
        at java.util.concurrent.ThreadPoolExecutor.getTask(ThreadPoolExecutor.java:1074)
        at java.util.concurrent.ThreadPoolExecutor.runWorker(ThreadPoolExecutor.java:1134)
        at java.util.concurrent.ThreadPoolExecutor$Worker.run(ThreadPoolExecutor.java:624)
        at java.lang.Thread.run(Thread.java:750)
"EventQueue-OpenPipelineForHealthyPipelineSafeModeRule" daemon prio=5 tid=1689 in Object.wait()
java.lang.Thread.State: WAITING (on object monitor)
        at sun.misc.Unsafe.park(Native Method)
        at java.util.concurrent.locks.LockSupport.park(LockSupport.java:175)
        at java.util.concurrent.locks.AbstractQueuedSynchronizer$ConditionObject.await(AbstractQueuedSynchronizer.java:2039)
        at java.util.concurrent.LinkedBlockingQueue.take(LinkedBlockingQueue.java:442)
        at java.util.concurrent.ThreadPoolExecutor.getTask(ThreadPoolExecutor.java:1074)
        at java.util.concurrent.ThreadPoolExecutor.runWorker(ThreadPoolExecutor.java:1134)
        at java.util.concurrent.ThreadPoolExecutor$Worker.run(ThreadPoolExecutor.java:624)
        at java.lang.Thread.run(Thread.java:750)
"qtp1822910383-1485" daemon prio=5 tid=1485 timed_waiting
java.lang.Thread.State: TIMED_WAITING
        at sun.misc.Unsafe.park(Native Method)
        at java.util.concurrent.locks.LockSupport.parkNanos(LockSupport.java:215)
        at java.util.concurrent.locks.AbstractQueuedSynchronizer$ConditionObject.awaitNanos(AbstractQueuedSynchronizer.java:2078)
        at org.eclipse.jetty.util.BlockingArrayQueue.poll(BlockingArrayQueue.java:382)
        at org.eclipse.jetty.util.thread.QueuedThreadPool$Runner.idleJobPoll(QueuedThreadPool.java:974)
        at org.eclipse.jetty.util.thread.QueuedThreadPool$Runner.run(QueuedThreadPool.java:1018)
        at java.lang.Thread.run(Thread.java:750)
"pool-564-thread-1"  prio=5 tid=1621 in Object.wait()
java.lang.Thread.State: WAITING (on object monitor)
        at sun.misc.Unsafe.park(Native Method)
        at java.util.concurrent.locks.LockSupport.park(LockSupport.java:175)
        at java.util.concurrent.locks.AbstractQueuedSynchronizer$ConditionObject.await(AbstractQueuedSynchronizer.java:2039)
        at java.util.concurrent.LinkedBlockingQueue.take(LinkedBlockingQueue.java:442)
        at java.util.concurrent.ThreadPoolExecutor.getTask(ThreadPoolExecutor.java:1074)
        at java.util.concurrent.ThreadPoolExecutor.runWorker(ThreadPoolExecutor.java:1134)
        at java.util.concurrent.ThreadPoolExecutor$Worker.run(ThreadPoolExecutor.java:624)
        at java.lang.Thread.run(Thread.java:750)
"StaleRecoveringContainerScrubbingService#1" daemon prio=5 tid=1540 timed_waiting
java.lang.Thread.State: TIMED_WAITING
        at sun.misc.Unsafe.park(Native Method)
        at java.util.concurrent.locks.LockSupport.parkNanos(LockSupport.java:215)
        at java.util.concurrent.locks.AbstractQueuedSynchronizer$ConditionObject.awaitNanos(AbstractQueuedSynchronizer.java:2078)
        at java.util.concurrent.ScheduledThreadPoolExecutor$DelayedWorkQueue.take(ScheduledThreadPoolExecutor.java:1093)
        at java.util.concurrent.ScheduledThreadPoolExecutor$DelayedWorkQueue.take(ScheduledThreadPoolExecutor.java:809)
        at java.util.concurrent.ThreadPoolExecutor.getTask(ThreadPoolExecutor.java:1074)
        at java.util.concurrent.ThreadPoolExecutor.runWorker(ThreadPoolExecutor.java:1134)
        at java.util.concurrent.ThreadPoolExecutor$Worker.run(ThreadPoolExecutor.java:624)
        at java.lang.Thread.run(Thread.java:750)
"BlockDeletingService#1" daemon prio=5 tid=1539 timed_waiting
java.lang.Thread.State: TIMED_WAITING
        at sun.misc.Unsafe.park(Native Method)
        at java.util.concurrent.locks.LockSupport.parkNanos(LockSupport.java:215)
        at java.util.concurrent.locks.AbstractQueuedSynchronizer$ConditionObject.awaitNanos(AbstractQueuedSynchronizer.java:2078)
        at java.util.concurrent.ScheduledThreadPoolExecutor$DelayedWorkQueue.take(ScheduledThreadPoolExecutor.java:1093)
        at java.util.concurrent.ScheduledThreadPoolExecutor$DelayedWorkQueue.take(ScheduledThreadPoolExecutor.java:809)
        at java.util.concurrent.ThreadPoolExecutor.getTask(ThreadPoolExecutor.java:1074)
        at java.util.concurrent.ThreadPoolExecutor.runWorker(ThreadPoolExecutor.java:1134)
        at java.util.concurrent.ThreadPoolExecutor$Worker.run(ThreadPoolExecutor.java:624)
        at java.lang.Thread.run(Thread.java:750)
"timer7" daemon prio=5 tid=561 timed_waiting
java.lang.Thread.State: TIMED_WAITING
        at java.lang.Object.wait(Native Method)
        at java.util.TimerThread.mainLoop(Timer.java:552)
        at java.util.TimerThread.run(Timer.java:505)
"qtp1591980638-1338" daemon prio=5 tid=1338 timed_waiting
java.lang.Thread.State: TIMED_WAITING
        at sun.misc.Unsafe.park(Native Method)
        at java.util.concurrent.locks.LockSupport.parkNanos(LockSupport.java:215)
        at java.util.concurrent.locks.AbstractQueuedSynchronizer$ConditionObject.awaitNanos(AbstractQueuedSynchronizer.java:2078)
        at org.eclipse.jetty.util.BlockingArrayQueue.poll(BlockingArrayQueue.java:382)
        at org.eclipse.jetty.util.thread.QueuedThreadPool$Runner.idleJobPoll(QueuedThreadPool.java:974)
        at org.eclipse.jetty.util.thread.QueuedThreadPool$Runner.run(QueuedThreadPool.java:1018)
        at java.lang.Thread.run(Thread.java:750)
"Datanode State Machine Task Thread - 0"  prio=5 tid=1444 in Object.wait()
java.lang.Thread.State: WAITING (on object monitor)
        at sun.misc.Unsafe.park(Native Method)
        at java.util.concurrent.locks.LockSupport.park(LockSupport.java:175)
        at java.util.concurrent.locks.AbstractQueuedSynchronizer$ConditionObject.await(AbstractQueuedSynchronizer.java:2039)
        at java.util.concurrent.LinkedBlockingQueue.take(LinkedBlockingQueue.java:442)
        at java.util.concurrent.ThreadPoolExecutor.getTask(ThreadPoolExecutor.java:1074)
        at java.util.concurrent.ThreadPoolExecutor.runWorker(ThreadPoolExecutor.java:1134)
        at java.util.concurrent.ThreadPoolExecutor$Worker.run(ThreadPoolExecutor.java:624)
        at java.lang.Thread.run(Thread.java:750)
"StaleRecoveringContainerScrubbingService#2" daemon prio=5 tid=1743 in Object.wait()
java.lang.Thread.State: WAITING (on object monitor)
        at sun.misc.Unsafe.park(Native Method)
        at java.util.concurrent.locks.LockSupport.park(LockSupport.java:175)
        at java.util.concurrent.locks.AbstractQueuedSynchronizer$ConditionObject.await(AbstractQueuedSynchronizer.java:2039)
        at java.util.concurrent.ScheduledThreadPoolExecutor$DelayedWorkQueue.take(ScheduledThreadPoolExecutor.java:1088)
        at java.util.concurrent.ScheduledThreadPoolExecutor$DelayedWorkQueue.take(ScheduledThreadPoolExecutor.java:809)
        at java.util.concurrent.ThreadPoolExecutor.getTask(ThreadPoolExecutor.java:1074)
        at java.util.concurrent.ThreadPoolExecutor.runWorker(ThreadPoolExecutor.java:1134)
        at java.util.concurrent.ThreadPoolExecutor$Worker.run(ThreadPoolExecutor.java:624)
        at java.lang.Thread.run(Thread.java:750)
"pool-503-thread-1"  prio=5 tid=1302 timed_waiting
java.lang.Thread.State: TIMED_WAITING
        at sun.misc.Unsafe.park(Native Method)
        at java.util.concurrent.locks.LockSupport.parkNanos(LockSupport.java:215)
        at java.util.concurrent.locks.AbstractQueuedSynchronizer$ConditionObject.awaitNanos(AbstractQueuedSynchronizer.java:2078)
        at java.util.concurrent.ScheduledThreadPoolExecutor$DelayedWorkQueue.take(ScheduledThreadPoolExecutor.java:1093)
        at java.util.concurrent.ScheduledThreadPoolExecutor$DelayedWorkQueue.take(ScheduledThreadPoolExecutor.java:809)
        at java.util.concurrent.ThreadPoolExecutor.getTask(ThreadPoolExecutor.java:1074)
        at java.util.concurrent.ThreadPoolExecutor.runWorker(ThreadPoolExecutor.java:1134)
        at java.util.concurrent.ThreadPoolExecutor$Worker.run(ThreadPoolExecutor.java:624)
        at java.lang.Thread.run(Thread.java:750)
"ChunkWriter-0-0" daemon prio=5 tid=1591 in Object.wait()
java.lang.Thread.State: WAITING (on object monitor)
        at sun.misc.Unsafe.park(Native Method)
        at java.util.concurrent.locks.LockSupport.park(LockSupport.java:175)
        at java.util.concurrent.locks.AbstractQueuedSynchronizer$ConditionObject.await(AbstractQueuedSynchronizer.java:2039)
        at java.util.concurrent.LinkedBlockingDeque.takeFirst(LinkedBlockingDeque.java:492)
        at java.util.concurrent.LinkedBlockingDeque.take(LinkedBlockingDeque.java:680)
        at java.util.concurrent.ThreadPoolExecutor.getTask(ThreadPoolExecutor.java:1074)
        at java.util.concurrent.ThreadPoolExecutor.runWorker(ThreadPoolExecutor.java:1134)
        at java.util.concurrent.ThreadPoolExecutor$Worker.run(ThreadPoolExecutor.java:624)
        at java.lang.Thread.run(Thread.java:750)
"qtp308043780-1406" daemon prio=5 tid=1406 timed_waiting
java.lang.Thread.State: TIMED_WAITING
        at sun.misc.Unsafe.park(Native Method)
        at java.util.concurrent.locks.LockSupport.parkNanos(LockSupport.java:215)
        at java.util.concurrent.locks.AbstractQueuedSynchronizer$ConditionObject.awaitNanos(AbstractQueuedSynchronizer.java:2078)
        at org.eclipse.jetty.util.BlockingArrayQueue.poll(BlockingArrayQueue.java:382)
        at org.eclipse.jetty.util.thread.QueuedThreadPool$Runner.idleJobPoll(QueuedThreadPool.java:974)
        at org.eclipse.jetty.util.thread.QueuedThreadPool$Runner.run(QueuedThreadPool.java:1018)
        at java.lang.Thread.run(Thread.java:750)
"Datanode State Machine Task Thread - 0"  prio=5 tid=1417 in Object.wait()
java.lang.Thread.State: WAITING (on object monitor)
        at sun.misc.Unsafe.park(Native Method)
        at java.util.concurrent.locks.LockSupport.park(LockSupport.java:175)
        at java.util.concurrent.locks.AbstractQueuedSynchronizer$ConditionObject.await(AbstractQueuedSynchronizer.java:2039)
        at java.util.concurrent.LinkedBlockingQueue.take(LinkedBlockingQueue.java:442)
        at java.util.concurrent.ThreadPoolExecutor.getTask(ThreadPoolExecutor.java:1074)
        at java.util.concurrent.ThreadPoolExecutor.runWorker(ThreadPoolExecutor.java:1134)
        at java.util.concurrent.ThreadPoolExecutor$Worker.run(ThreadPoolExecutor.java:624)
        at java.lang.Thread.run(Thread.java:750)
"Datanode ReportManager Thread - 1" daemon prio=5 tid=1384 in Object.wait()
java.lang.Thread.State: WAITING (on object monitor)
        at sun.misc.Unsafe.park(Native Method)
        at java.util.concurrent.locks.LockSupport.park(LockSupport.java:175)
        at java.util.concurrent.locks.AbstractQueuedSynchronizer$ConditionObject.await(AbstractQueuedSynchronizer.java:2039)
        at java.util.concurrent.ScheduledThreadPoolExecutor$DelayedWorkQueue.take(ScheduledThreadPoolExecutor.java:1088)
        at java.util.concurrent.ScheduledThreadPoolExecutor$DelayedWorkQueue.take(ScheduledThreadPoolExecutor.java:809)
        at java.util.concurrent.ThreadPoolExecutor.getTask(ThreadPoolExecutor.java:1074)
        at java.util.concurrent.ThreadPoolExecutor.runWorker(ThreadPoolExecutor.java:1134)
        at java.util.concurrent.ThreadPoolExecutor$Worker.run(ThreadPoolExecutor.java:624)
        at java.lang.Thread.run(Thread.java:750)
"ChunkWriter-3-0" daemon prio=5 tid=1582 in Object.wait()
java.lang.Thread.State: WAITING (on object monitor)
        at sun.misc.Unsafe.park(Native Method)
        at java.util.concurrent.locks.LockSupport.park(LockSupport.java:175)
        at java.util.concurrent.locks.AbstractQueuedSynchronizer$ConditionObject.await(AbstractQueuedSynchronizer.java:2039)
        at java.util.concurrent.LinkedBlockingDeque.takeFirst(LinkedBlockingDeque.java:492)
        at java.util.concurrent.LinkedBlockingDeque.take(LinkedBlockingDeque.java:680)
        at java.util.concurrent.ThreadPoolExecutor.getTask(ThreadPoolExecutor.java:1074)
        at java.util.concurrent.ThreadPoolExecutor.runWorker(ThreadPoolExecutor.java:1134)
        at java.util.concurrent.ThreadPoolExecutor$Worker.run(ThreadPoolExecutor.java:624)
        at java.lang.Thread.run(Thread.java:750)
"grpc-default-boss-ELG-4-1" daemon prio=5 tid=828 runnable
java.lang.Thread.State: RUNNABLE
        at org.apache.ratis.thirdparty.io.netty.channel.epoll.Native.epollWait(Native Method)
        at org.apache.ratis.thirdparty.io.netty.channel.epoll.Native.epollWait(Native.java:209)
        at org.apache.ratis.thirdparty.io.netty.channel.epoll.Native.epollWait(Native.java:202)
        at org.apache.ratis.thirdparty.io.netty.channel.epoll.EpollEventLoop.epollWaitNoTimerChange(EpollEventLoop.java:294)
        at org.apache.ratis.thirdparty.io.netty.channel.epoll.EpollEventLoop.run(EpollEventLoop.java:351)
        at org.apache.ratis.thirdparty.io.netty.util.concurrent.SingleThreadEventExecutor$4.run(SingleThreadEventExecutor.java:995)
        at org.apache.ratis.thirdparty.io.netty.util.internal.ThreadExecutorMap$2.run(ThreadExecutorMap.java:74)
        at org.apache.ratis.thirdparty.io.netty.util.concurrent.FastThreadLocalRunnable.run(FastThreadLocalRunnable.java:30)
        at java.lang.Thread.run(Thread.java:750)
"pool-642-thread-1"  prio=5 tid=1482 timed_waiting
java.lang.Thread.State: TIMED_WAITING
        at sun.misc.Unsafe.park(Native Method)
        at java.util.concurrent.locks.LockSupport.parkNanos(LockSupport.java:215)
        at java.util.concurrent.locks.AbstractQueuedSynchronizer$ConditionObject.awaitNanos(AbstractQueuedSynchronizer.java:2078)
        at java.util.concurrent.ScheduledThreadPoolExecutor$DelayedWorkQueue.take(ScheduledThreadPoolExecutor.java:1093)
        at java.util.concurrent.ScheduledThreadPoolExecutor$DelayedWorkQueue.take(ScheduledThreadPoolExecutor.java:809)
        at java.util.concurrent.ThreadPoolExecutor.getTask(ThreadPoolExecutor.java:1074)
        at java.util.concurrent.ThreadPoolExecutor.runWorker(ThreadPoolExecutor.java:1134)
        at java.util.concurrent.ThreadPoolExecutor$Worker.run(ThreadPoolExecutor.java:624)
        at java.lang.Thread.run(Thread.java:750)
"d72051fe-3aaa-4ca0-b891-e1cdc202e4f4-NettyServerStreamRpc-bossGroup--thread1"  prio=5 tid=1174 runnable
java.lang.Thread.State: RUNNABLE
        at sun.nio.ch.EPollArrayWrapper.epollWait(Native Method)
        at sun.nio.ch.EPollArrayWrapper.poll(EPollArrayWrapper.java:269)
        at sun.nio.ch.EPollSelectorImpl.doSelect(EPollSelectorImpl.java:93)
        at sun.nio.ch.SelectorImpl.lockAndDoSelect(SelectorImpl.java:86)
        at sun.nio.ch.SelectorImpl.select(SelectorImpl.java:97)
        at sun.nio.ch.SelectorImpl.select(SelectorImpl.java:101)
        at org.apache.ratis.thirdparty.io.netty.channel.nio.SelectedSelectionKeySetSelector.select(SelectedSelectionKeySetSelector.java:68)
        at org.apache.ratis.thirdparty.io.netty.channel.nio.NioEventLoop.select(NioEventLoop.java:813)
        at org.apache.ratis.thirdparty.io.netty.channel.nio.NioEventLoop.run(NioEventLoop.java:460)
        at org.apache.ratis.thirdparty.io.netty.util.concurrent.SingleThreadEventExecutor$4.run(SingleThreadEventExecutor.java:995)
        at org.apache.ratis.thirdparty.io.netty.util.internal.ThreadExecutorMap$2.run(ThreadExecutorMap.java:74)
        at java.lang.Thread.run(Thread.java:750)
"IPC Server handler 19 on default port 46159" daemon prio=5 tid=1259 timed_waiting
java.lang.Thread.State: TIMED_WAITING
        at sun.misc.Unsafe.park(Native Method)
        at java.util.concurrent.locks.LockSupport.parkNanos(LockSupport.java:215)
        at java.util.concurrent.locks.AbstractQueuedSynchronizer$ConditionObject.awaitNanos(AbstractQueuedSynchronizer.java:2078)
        at java.util.concurrent.LinkedBlockingQueue.poll(LinkedBlockingQueue.java:467)
        at org.apache.hadoop.ipc.CallQueueManager.take(CallQueueManager.java:317)
        at org.apache.hadoop.ipc.Server$Handler.run(Server.java:2942)
"IPC Server handler 0 on default port 44023" daemon prio=5 tid=1343 timed_waiting
java.lang.Thread.State: TIMED_WAITING
        at sun.misc.Unsafe.park(Native Method)
        at java.util.concurrent.locks.LockSupport.parkNanos(LockSupport.java:215)
        at java.util.concurrent.locks.AbstractQueuedSynchronizer$ConditionObject.awaitNanos(AbstractQueuedSynchronizer.java:2078)
        at java.util.concurrent.LinkedBlockingQueue.poll(LinkedBlockingQueue.java:467)
        at org.apache.hadoop.ipc.CallQueueManager.take(CallQueueManager.java:317)
        at org.apache.hadoop.ipc.Server$Handler.run(Server.java:2942)
"FixedThreadPoolWithAffinityExecutor-3-0" daemon prio=5 tid=1231 timed_waiting
java.lang.Thread.State: TIMED_WAITING
        at sun.misc.Unsafe.park(Native Method)
        at java.util.concurrent.locks.LockSupport.parkNanos(LockSupport.java:215)
        at java.util.concurrent.locks.AbstractQueuedSynchronizer$ConditionObject.awaitNanos(AbstractQueuedSynchronizer.java:2078)
        at java.util.concurrent.LinkedBlockingQueue.poll(LinkedBlockingQueue.java:467)
        at org.apache.hadoop.hdds.scm.server.ContainerReportQueue.poll(ContainerReportQueue.java:266)
        at org.apache.hadoop.hdds.scm.server.ContainerReportQueue.poll(ContainerReportQueue.java:42)
        at org.apache.hadoop.hdds.server.events.FixedThreadPoolWithAffinityExecutor$ContainerReportProcessTask.run(FixedThreadPoolWithAffinityExecutor.java:247)
        at java.util.concurrent.Executors$RunnableAdapter.call(Executors.java:511)
        at java.util.concurrent.FutureTask.run(FutureTask.java:266)
        at java.util.concurrent.ThreadPoolExecutor.runWorker(ThreadPoolExecutor.java:1149)
        at java.util.concurrent.ThreadPoolExecutor$Worker.run(ThreadPoolExecutor.java:624)
        at java.lang.Thread.run(Thread.java:750)
"IPC Server handler 14 on default port 46159" daemon prio=5 tid=1254 timed_waiting
java.lang.Thread.State: TIMED_WAITING
        at sun.misc.Unsafe.park(Native Method)
        at java.util.concurrent.locks.LockSupport.parkNanos(LockSupport.java:215)
        at java.util.concurrent.locks.AbstractQueuedSynchronizer$ConditionObject.awaitNanos(AbstractQueuedSynchronizer.java:2078)
        at java.util.concurrent.LinkedBlockingQueue.poll(LinkedBlockingQueue.java:467)
        at org.apache.hadoop.ipc.CallQueueManager.take(CallQueueManager.java:317)
        at org.apache.hadoop.ipc.Server$Handler.run(Server.java:2942)
"Datanode ReportManager Thread - 4" daemon prio=5 tid=1497 in Object.wait()
java.lang.Thread.State: WAITING (on object monitor)
        at sun.misc.Unsafe.park(Native Method)
        at java.util.concurrent.locks.LockSupport.park(LockSupport.java:175)
        at java.util.concurrent.locks.AbstractQueuedSynchronizer$ConditionObject.await(AbstractQueuedSynchronizer.java:2039)
        at java.util.concurrent.ScheduledThreadPoolExecutor$DelayedWorkQueue.take(ScheduledThreadPoolExecutor.java:1088)
        at java.util.concurrent.ScheduledThreadPoolExecutor$DelayedWorkQueue.take(ScheduledThreadPoolExecutor.java:809)
        at java.util.concurrent.ThreadPoolExecutor.getTask(ThreadPoolExecutor.java:1074)
        at java.util.concurrent.ThreadPoolExecutor.runWorker(ThreadPoolExecutor.java:1134)
        at java.util.concurrent.ThreadPoolExecutor$Worker.run(ThreadPoolExecutor.java:624)
        at java.lang.Thread.run(Thread.java:750)
"BlockDeletingService#2" daemon prio=5 tid=1749 in Object.wait()
java.lang.Thread.State: WAITING (on object monitor)
        at sun.misc.Unsafe.park(Native Method)
        at java.util.concurrent.locks.LockSupport.park(LockSupport.java:175)
        at java.util.concurrent.locks.AbstractQueuedSynchronizer$ConditionObject.await(AbstractQueuedSynchronizer.java:2039)
        at java.util.concurrent.ScheduledThreadPoolExecutor$DelayedWorkQueue.take(ScheduledThreadPoolExecutor.java:1088)
        at java.util.concurrent.ScheduledThreadPoolExecutor$DelayedWorkQueue.take(ScheduledThreadPoolExecutor.java:809)
        at java.util.concurrent.ThreadPoolExecutor.getTask(ThreadPoolExecutor.java:1074)
        at java.util.concurrent.ThreadPoolExecutor.runWorker(ThreadPoolExecutor.java:1134)
        at java.util.concurrent.ThreadPoolExecutor$Worker.run(ThreadPoolExecutor.java:624)
        at java.lang.Thread.run(Thread.java:750)
"org.apache.hadoop.util.JvmPauseMonitor$Monitor@ca2b880" daemon prio=5 tid=1499 timed_waiting
java.lang.Thread.State: TIMED_WAITING
        at java.lang.Thread.sleep(Native Method)
        at org.apache.hadoop.util.JvmPauseMonitor$Monitor.run(JvmPauseMonitor.java:192)
        at java.lang.Thread.run(Thread.java:750)
"ChunkWriter-0-0" daemon prio=5 tid=1579 in Object.wait()
java.lang.Thread.State: WAITING (on object monitor)
        at sun.misc.Unsafe.park(Native Method)
        at java.util.concurrent.locks.LockSupport.park(LockSupport.java:175)
        at java.util.concurrent.locks.AbstractQueuedSynchronizer$ConditionObject.await(AbstractQueuedSynchronizer.java:2039)
        at java.util.concurrent.LinkedBlockingDeque.takeFirst(LinkedBlockingDeque.java:492)
        at java.util.concurrent.LinkedBlockingDeque.take(LinkedBlockingDeque.java:680)
        at java.util.concurrent.ThreadPoolExecutor.getTask(ThreadPoolExecutor.java:1074)
        at java.util.concurrent.ThreadPoolExecutor.runWorker(ThreadPoolExecutor.java:1134)
        at java.util.concurrent.ThreadPoolExecutor$Worker.run(ThreadPoolExecutor.java:624)
        at java.lang.Thread.run(Thread.java:750)
"Datanode ReportManager Thread - 3" daemon prio=5 tid=1469 in Object.wait()
java.lang.Thread.State: WAITING (on object monitor)
        at sun.misc.Unsafe.park(Native Method)
        at java.util.concurrent.locks.LockSupport.park(LockSupport.java:175)
        at java.util.concurrent.locks.AbstractQueuedSynchronizer$ConditionObject.await(AbstractQueuedSynchronizer.java:2039)
        at java.util.concurrent.ScheduledThreadPoolExecutor$DelayedWorkQueue.take(ScheduledThreadPoolExecutor.java:1088)
        at java.util.concurrent.ScheduledThreadPoolExecutor$DelayedWorkQueue.take(ScheduledThreadPoolExecutor.java:809)
        at java.util.concurrent.ThreadPoolExecutor.getTask(ThreadPoolExecutor.java:1074)
        at java.util.concurrent.ThreadPoolExecutor.runWorker(ThreadPoolExecutor.java:1134)
        at java.util.concurrent.ThreadPoolExecutor$Worker.run(ThreadPoolExecutor.java:624)
        at java.lang.Thread.run(Thread.java:750)
"org.apache.hadoop.ozone.container.common.statemachine.commandhandler.DeleteBlocksCommandHandler$DeleteCmdWorker@686266aa" daemon prio=5 tid=1452 timed_waiting
java.lang.Thread.State: TIMED_WAITING
        at java.lang.Thread.sleep(Native Method)
        at org.apache.hadoop.ozone.container.common.statemachine.commandhandler.DeleteBlocksCommandHandler$DeleteCmdWorker.run(DeleteBlocksCommandHandler.java:184)
        at java.lang.Thread.run(Thread.java:750)
"ChunkWriter-3-0" daemon prio=5 tid=1546 in Object.wait()
java.lang.Thread.State: WAITING (on object monitor)
        at sun.misc.Unsafe.park(Native Method)
        at java.util.concurrent.locks.LockSupport.park(LockSupport.java:175)
        at java.util.concurrent.locks.AbstractQueuedSynchronizer$ConditionObject.await(AbstractQueuedSynchronizer.java:2039)
        at java.util.concurrent.LinkedBlockingDeque.takeFirst(LinkedBlockingDeque.java:492)
        at java.util.concurrent.LinkedBlockingDeque.take(LinkedBlockingDeque.java:680)
        at java.util.concurrent.ThreadPoolExecutor.getTask(ThreadPoolExecutor.java:1074)
        at java.util.concurrent.ThreadPoolExecutor.runWorker(ThreadPoolExecutor.java:1134)
        at java.util.concurrent.ThreadPoolExecutor$Worker.run(ThreadPoolExecutor.java:624)
        at java.lang.Thread.run(Thread.java:750)
"Timer-2"  prio=5 tid=1329 timed_waiting
java.lang.Thread.State: TIMED_WAITING
        at java.lang.Object.wait(Native Method)
        at java.util.TimerThread.mainLoop(Timer.java:552)
        at java.util.TimerThread.run(Timer.java:505)
"qtp1068912229-1431" daemon prio=5 tid=1431 timed_waiting
java.lang.Thread.State: TIMED_WAITING
        at sun.misc.Unsafe.park(Native Method)
        at java.util.concurrent.locks.LockSupport.parkNanos(LockSupport.java:215)
        at java.util.concurrent.locks.AbstractQueuedSynchronizer$ConditionObject.awaitNanos(AbstractQueuedSynchronizer.java:2078)
        at org.eclipse.jetty.util.BlockingArrayQueue.poll(BlockingArrayQueue.java:382)
        at org.eclipse.jetty.util.thread.QueuedThreadPool$Runner.idleJobPoll(QueuedThreadPool.java:974)
        at org.eclipse.jetty.util.thread.QueuedThreadPool$Runner.run(QueuedThreadPool.java:1018)
        at java.lang.Thread.run(Thread.java:750)
"IPC Server Responder" daemon prio=5 tid=1324 runnable
java.lang.Thread.State: RUNNABLE
        at sun.nio.ch.EPollArrayWrapper.epollWait(Native Method)
        at sun.nio.ch.EPollArrayWrapper.poll(EPollArrayWrapper.java:269)
        at sun.nio.ch.EPollSelectorImpl.doSelect(EPollSelectorImpl.java:93)
        at sun.nio.ch.SelectorImpl.lockAndDoSelect(SelectorImpl.java:86)
        at sun.nio.ch.SelectorImpl.select(SelectorImpl.java:97)
        at org.apache.hadoop.ipc.Server$Responder.doRunLoop(Server.java:1532)
        at org.apache.hadoop.ipc.Server$Responder.run(Server.java:1515)
"IPC Server handler 8 on default port 35879" daemon prio=5 tid=1268 timed_waiting
java.lang.Thread.State: TIMED_WAITING
        at sun.misc.Unsafe.park(Native Method)
        at java.util.concurrent.locks.LockSupport.parkNanos(LockSupport.java:215)
        at java.util.concurrent.locks.AbstractQueuedSynchronizer$ConditionObject.awaitNanos(AbstractQueuedSynchronizer.java:2078)
        at java.util.concurrent.LinkedBlockingQueue.poll(LinkedBlockingQueue.java:467)
        at org.apache.hadoop.ipc.CallQueueManager.take(CallQueueManager.java:317)
        at org.apache.hadoop.ipc.Server$Handler.run(Server.java:2942)
"pool-587-thread-1"  prio=5 tid=1615 in Object.wait()
java.lang.Thread.State: WAITING (on object monitor)
        at sun.misc.Unsafe.park(Native Method)
        at java.util.concurrent.locks.LockSupport.park(LockSupport.java:175)
        at java.util.concurrent.locks.AbstractQueuedSynchronizer$ConditionObject.await(AbstractQueuedSynchronizer.java:2039)
        at java.util.concurrent.LinkedBlockingQueue.take(LinkedBlockingQueue.java:442)
        at java.util.concurrent.ThreadPoolExecutor.getTask(ThreadPoolExecutor.java:1074)
        at java.util.concurrent.ThreadPoolExecutor.runWorker(ThreadPoolExecutor.java:1134)
        at java.util.concurrent.ThreadPoolExecutor$Worker.run(ThreadPoolExecutor.java:624)
        at java.lang.Thread.run(Thread.java:750)
"qtp141484792-1460" daemon prio=5 tid=1460 timed_waiting
java.lang.Thread.State: TIMED_WAITING
        at sun.misc.Unsafe.park(Native Method)
        at java.util.concurrent.locks.LockSupport.parkNanos(LockSupport.java:215)
        at java.util.concurrent.locks.AbstractQueuedSynchronizer$ConditionObject.awaitNanos(AbstractQueuedSynchronizer.java:2078)
        at org.eclipse.jetty.util.BlockingArrayQueue.poll(BlockingArrayQueue.java:382)
        at org.eclipse.jetty.util.thread.QueuedThreadPool$Runner.idleJobPoll(QueuedThreadPool.java:974)
        at org.eclipse.jetty.util.thread.QueuedThreadPool$Runner.run(QueuedThreadPool.java:1018)
        at java.lang.Thread.run(Thread.java:750)
"53290e67-17c3-4c90-996e-c8ad22d82667@group-014BD055F285->5cd6f085-199f-4d86-8efd-dd16eb4c4197-GrpcLogAppender-LogAppenderDaemon" daemon prio=5 tid=1729 timed_waiting
java.lang.Thread.State: TIMED_WAITING
        at sun.misc.Unsafe.park(Native Method)
        at java.util.concurrent.locks.LockSupport.parkNanos(LockSupport.java:215)
        at java.util.concurrent.locks.AbstractQueuedSynchronizer$ConditionObject.await(AbstractQueuedSynchronizer.java:2163)
        at org.apache.ratis.util.AwaitForSignal.await(AwaitForSignal.java:62)
        at org.apache.ratis.grpc.server.GrpcLogAppender.mayWait(GrpcLogAppender.java:198)
        at org.apache.ratis.grpc.server.GrpcLogAppender.run(GrpcLogAppender.java:148)
        at org.apache.ratis.server.leader.LogAppenderDaemon.run(LogAppenderDaemon.java:78)
        at org.apache.ratis.server.leader.LogAppenderDaemon$$Lambda$1096/207343949.run(Unknown Source)
        at java.lang.Thread.run(Thread.java:750)
"IPC Server handler 10 on default port 44023" daemon prio=5 tid=1353 timed_waiting
java.lang.Thread.State: TIMED_WAITING
        at sun.misc.Unsafe.park(Native Method)
        at java.util.concurrent.locks.LockSupport.parkNanos(LockSupport.java:215)
        at java.util.concurrent.locks.AbstractQueuedSynchronizer$ConditionObject.awaitNanos(AbstractQueuedSynchronizer.java:2078)
        at java.util.concurrent.LinkedBlockingQueue.poll(LinkedBlockingQueue.java:467)
        at org.apache.hadoop.ipc.CallQueueManager.take(CallQueueManager.java:317)
        at org.apache.hadoop.ipc.Server$Handler.run(Server.java:2942)
"pool-526-thread-1"  prio=5 tid=1318 in Object.wait()
java.lang.Thread.State: WAITING (on object monitor)
        at sun.misc.Unsafe.park(Native Method)
        at java.util.concurrent.locks.LockSupport.park(LockSupport.java:175)
        at java.util.concurrent.locks.AbstractQueuedSynchronizer$ConditionObject.await(AbstractQueuedSynchronizer.java:2039)
        at java.util.concurrent.LinkedBlockingQueue.take(LinkedBlockingQueue.java:442)
        at java.util.concurrent.ThreadPoolExecutor.getTask(ThreadPoolExecutor.java:1074)
        at java.util.concurrent.ThreadPoolExecutor.runWorker(ThreadPoolExecutor.java:1134)
        at java.util.concurrent.ThreadPoolExecutor$Worker.run(ThreadPoolExecutor.java:624)
        at java.lang.Thread.run(Thread.java:750)
"StaleRecoveringContainerScrubbingService#2" daemon prio=5 tid=1748 in Object.wait()
java.lang.Thread.State: WAITING (on object monitor)
        at sun.misc.Unsafe.park(Native Method)
        at java.util.concurrent.locks.LockSupport.park(LockSupport.java:175)
        at java.util.concurrent.locks.AbstractQueuedSynchronizer$ConditionObject.await(AbstractQueuedSynchronizer.java:2039)
        at java.util.concurrent.ScheduledThreadPoolExecutor$DelayedWorkQueue.take(ScheduledThreadPoolExecutor.java:1088)
        at java.util.concurrent.ScheduledThreadPoolExecutor$DelayedWorkQueue.take(ScheduledThreadPoolExecutor.java:809)
        at java.util.concurrent.ThreadPoolExecutor.getTask(ThreadPoolExecutor.java:1074)
        at java.util.concurrent.ThreadPoolExecutor.runWorker(ThreadPoolExecutor.java:1134)
        at java.util.concurrent.ThreadPoolExecutor$Worker.run(ThreadPoolExecutor.java:624)
        at java.lang.Thread.run(Thread.java:750)
"ChunkWriter-2-0" daemon prio=5 tid=1533 in Object.wait()
java.lang.Thread.State: WAITING (on object monitor)
        at sun.misc.Unsafe.park(Native Method)
        at java.util.concurrent.locks.LockSupport.park(LockSupport.java:175)
        at java.util.concurrent.locks.AbstractQueuedSynchronizer$ConditionObject.await(AbstractQueuedSynchronizer.java:2039)
        at java.util.concurrent.LinkedBlockingDeque.takeFirst(LinkedBlockingDeque.java:492)
        at java.util.concurrent.LinkedBlockingDeque.take(LinkedBlockingDeque.java:680)
        at java.util.concurrent.ThreadPoolExecutor.getTask(ThreadPoolExecutor.java:1074)
        at java.util.concurrent.ThreadPoolExecutor.runWorker(ThreadPoolExecutor.java:1134)
        at java.util.concurrent.ThreadPoolExecutor$Worker.run(ThreadPoolExecutor.java:624)
        at java.lang.Thread.run(Thread.java:750)
"BlockDeletingService#0" daemon prio=5 tid=1597 in Object.wait()
java.lang.Thread.State: WAITING (on object monitor)
        at sun.misc.Unsafe.park(Native Method)
        at java.util.concurrent.locks.LockSupport.park(LockSupport.java:175)
        at java.util.concurrent.locks.AbstractQueuedSynchronizer$ConditionObject.await(AbstractQueuedSynchronizer.java:2039)
        at java.util.concurrent.ScheduledThreadPoolExecutor$DelayedWorkQueue.take(ScheduledThreadPoolExecutor.java:1088)
        at java.util.concurrent.ScheduledThreadPoolExecutor$DelayedWorkQueue.take(ScheduledThreadPoolExecutor.java:809)
        at java.util.concurrent.ThreadPoolExecutor.getTask(ThreadPoolExecutor.java:1074)
        at java.util.concurrent.ThreadPoolExecutor.runWorker(ThreadPoolExecutor.java:1134)
        at java.util.concurrent.ThreadPoolExecutor$Worker.run(ThreadPoolExecutor.java:624)
        at java.lang.Thread.run(Thread.java:750)
"ca7e3987-4d62-4f50-9818-34d949b95429-server-thread1" daemon prio=5 tid=1731 timed_waiting
java.lang.Thread.State: TIMED_WAITING
        at sun.misc.Unsafe.park(Native Method)
        at java.util.concurrent.locks.LockSupport.parkNanos(LockSupport.java:215)
        at java.util.concurrent.SynchronousQueue$TransferStack.awaitFulfill(SynchronousQueue.java:460)
        at java.util.concurrent.SynchronousQueue$TransferStack.transfer(SynchronousQueue.java:362)
        at java.util.concurrent.SynchronousQueue.poll(SynchronousQueue.java:941)
        at java.util.concurrent.ThreadPoolExecutor.getTask(ThreadPoolExecutor.java:1073)
        at java.util.concurrent.ThreadPoolExecutor.runWorker(ThreadPoolExecutor.java:1134)
        at java.util.concurrent.ThreadPoolExecutor$Worker.run(ThreadPoolExecutor.java:624)
        at java.lang.Thread.run(Thread.java:750)
"Datanode ReportManager Thread - 4" daemon prio=5 tid=1470 timed_waiting
java.lang.Thread.State: TIMED_WAITING
        at sun.misc.Unsafe.park(Native Method)
        at java.util.concurrent.locks.LockSupport.parkNanos(LockSupport.java:215)
        at java.util.concurrent.locks.AbstractQueuedSynchronizer$ConditionObject.awaitNanos(AbstractQueuedSynchronizer.java:2078)
        at java.util.concurrent.ScheduledThreadPoolExecutor$DelayedWorkQueue.take(ScheduledThreadPoolExecutor.java:1093)
        at java.util.concurrent.ScheduledThreadPoolExecutor$DelayedWorkQueue.take(ScheduledThreadPoolExecutor.java:809)
        at java.util.concurrent.ThreadPoolExecutor.getTask(ThreadPoolExecutor.java:1074)
        at java.util.concurrent.ThreadPoolExecutor.runWorker(ThreadPoolExecutor.java:1134)
        at java.util.concurrent.ThreadPoolExecutor$Worker.run(ThreadPoolExecutor.java:624)
        at java.lang.Thread.run(Thread.java:750)
"FixedThreadPoolWithAffinityExecutor-4-0" daemon prio=5 tid=1232 timed_waiting
java.lang.Thread.State: TIMED_WAITING
        at sun.misc.Unsafe.park(Native Method)
        at java.util.concurrent.locks.LockSupport.parkNanos(LockSupport.java:215)
        at java.util.concurrent.locks.AbstractQueuedSynchronizer$ConditionObject.awaitNanos(AbstractQueuedSynchronizer.java:2078)
        at java.util.concurrent.LinkedBlockingQueue.poll(LinkedBlockingQueue.java:467)
        at org.apache.hadoop.hdds.scm.server.ContainerReportQueue.poll(ContainerReportQueue.java:266)
        at org.apache.hadoop.hdds.scm.server.ContainerReportQueue.poll(ContainerReportQueue.java:42)
        at org.apache.hadoop.hdds.server.events.FixedThreadPoolWithAffinityExecutor$ContainerReportProcessTask.run(FixedThreadPoolWithAffinityExecutor.java:247)
        at java.util.concurrent.Executors$RunnableAdapter.call(Executors.java:511)
        at java.util.concurrent.FutureTask.run(FutureTask.java:266)
        at java.util.concurrent.ThreadPoolExecutor.runWorker(ThreadPoolExecutor.java:1149)
        at java.util.concurrent.ThreadPoolExecutor$Worker.run(ThreadPoolExecutor.java:624)
        at java.lang.Thread.run(Thread.java:750)
"Datanode ReportManager Thread - 4" daemon prio=5 tid=1524 timed_waiting
java.lang.Thread.State: TIMED_WAITING
        at sun.misc.Unsafe.park(Native Method)
        at java.util.concurrent.locks.LockSupport.parkNanos(LockSupport.java:215)
        at java.util.concurrent.locks.AbstractQueuedSynchronizer$ConditionObject.awaitNanos(AbstractQueuedSynchronizer.java:2078)
        at java.util.concurrent.ScheduledThreadPoolExecutor$DelayedWorkQueue.take(ScheduledThreadPoolExecutor.java:1093)
        at java.util.concurrent.ScheduledThreadPoolExecutor$DelayedWorkQueue.take(ScheduledThreadPoolExecutor.java:809)
        at java.util.concurrent.ThreadPoolExecutor.getTask(ThreadPoolExecutor.java:1074)
        at java.util.concurrent.ThreadPoolExecutor.runWorker(ThreadPoolExecutor.java:1134)
        at java.util.concurrent.ThreadPoolExecutor$Worker.run(ThreadPoolExecutor.java:624)
        at java.lang.Thread.run(Thread.java:750)
"IPC Server handler 9 on default port 35879" daemon prio=5 tid=1269 timed_waiting
java.lang.Thread.State: TIMED_WAITING
        at sun.misc.Unsafe.park(Native Method)
        at java.util.concurrent.locks.LockSupport.parkNanos(LockSupport.java:215)
        at java.util.concurrent.locks.AbstractQueuedSynchronizer$ConditionObject.awaitNanos(AbstractQueuedSynchronizer.java:2078)
        at java.util.concurrent.LinkedBlockingQueue.poll(LinkedBlockingQueue.java:467)
        at org.apache.hadoop.ipc.CallQueueManager.take(CallQueueManager.java:317)
        at org.apache.hadoop.ipc.Server$Handler.run(Server.java:2942)
"BlockDeletingService#1" daemon prio=5 tid=1587 timed_waiting
java.lang.Thread.State: TIMED_WAITING
        at sun.misc.Unsafe.park(Native Method)
        at java.util.concurrent.locks.LockSupport.parkNanos(LockSupport.java:215)
        at java.util.concurrent.locks.AbstractQueuedSynchronizer$ConditionObject.awaitNanos(AbstractQueuedSynchronizer.java:2078)
        at java.util.concurrent.ScheduledThreadPoolExecutor$DelayedWorkQueue.take(ScheduledThreadPoolExecutor.java:1093)
        at java.util.concurrent.ScheduledThreadPoolExecutor$DelayedWorkQueue.take(ScheduledThreadPoolExecutor.java:809)
        at java.util.concurrent.ThreadPoolExecutor.getTask(ThreadPoolExecutor.java:1074)
        at java.util.concurrent.ThreadPoolExecutor.runWorker(ThreadPoolExecutor.java:1134)
        at java.util.concurrent.ThreadPoolExecutor$Worker.run(ThreadPoolExecutor.java:624)
        at java.lang.Thread.run(Thread.java:750)
"EventQueue-NewNodeForNewNodeHandler" daemon prio=5 tid=1601 in Object.wait()
java.lang.Thread.State: WAITING (on object monitor)
        at sun.misc.Unsafe.park(Native Method)
        at java.util.concurrent.locks.LockSupport.park(LockSupport.java:175)
        at java.util.concurrent.locks.AbstractQueuedSynchronizer$ConditionObject.await(AbstractQueuedSynchronizer.java:2039)
        at java.util.concurrent.LinkedBlockingQueue.take(LinkedBlockingQueue.java:442)
        at java.util.concurrent.ThreadPoolExecutor.getTask(ThreadPoolExecutor.java:1074)
        at java.util.concurrent.ThreadPoolExecutor.runWorker(ThreadPoolExecutor.java:1134)
        at java.util.concurrent.ThreadPoolExecutor$Worker.run(ThreadPoolExecutor.java:624)
        at java.lang.Thread.run(Thread.java:750)
"org.apache.hadoop.util.JvmPauseMonitor$Monitor@4d5e84f7" daemon prio=5 tid=1472 timed_waiting
java.lang.Thread.State: TIMED_WAITING
        at java.lang.Thread.sleep(Native Method)
        at org.apache.hadoop.util.JvmPauseMonitor$Monitor.run(JvmPauseMonitor.java:192)
        at java.lang.Thread.run(Thread.java:750)
"IPC Server handler 16 on default port 33251" daemon prio=5 tid=1296 timed_waiting
java.lang.Thread.State: TIMED_WAITING
        at sun.misc.Unsafe.park(Native Method)
        at java.util.concurrent.locks.LockSupport.parkNanos(LockSupport.java:215)
        at java.util.concurrent.locks.AbstractQueuedSynchronizer$ConditionObject.awaitNanos(AbstractQueuedSynchronizer.java:2078)
        at java.util.concurrent.LinkedBlockingQueue.poll(LinkedBlockingQueue.java:467)
        at org.apache.hadoop.ipc.CallQueueManager.take(CallQueueManager.java:317)
        at org.apache.hadoop.ipc.Server$Handler.run(Server.java:2942)
"IPC Server handler 16 on default port 35879" daemon prio=5 tid=1276 timed_waiting
java.lang.Thread.State: TIMED_WAITING
        at sun.misc.Unsafe.park(Native Method)
        at java.util.concurrent.locks.LockSupport.parkNanos(LockSupport.java:215)
        at java.util.concurrent.locks.AbstractQueuedSynchronizer$ConditionObject.awaitNanos(AbstractQueuedSynchronizer.java:2078)
        at java.util.concurrent.LinkedBlockingQueue.poll(LinkedBlockingQueue.java:467)
        at org.apache.hadoop.ipc.CallQueueManager.take(CallQueueManager.java:317)
        at org.apache.hadoop.ipc.Server$Handler.run(Server.java:2942)
"pool-656-thread-1"  prio=5 tid=1641 in Object.wait()
java.lang.Thread.State: WAITING (on object monitor)
        at sun.misc.Unsafe.park(Native Method)
        at java.util.concurrent.locks.LockSupport.park(LockSupport.java:175)
        at java.util.concurrent.locks.AbstractQueuedSynchronizer$ConditionObject.await(AbstractQueuedSynchronizer.java:2039)
        at java.util.concurrent.LinkedBlockingQueue.take(LinkedBlockingQueue.java:442)
        at java.util.concurrent.ThreadPoolExecutor.getTask(ThreadPoolExecutor.java:1074)
        at java.util.concurrent.ThreadPoolExecutor.runWorker(ThreadPoolExecutor.java:1134)
        at java.util.concurrent.ThreadPoolExecutor$Worker.run(ThreadPoolExecutor.java:624)
        at java.lang.Thread.run(Thread.java:750)
"IPC Server handler 18 on default port 33251" daemon prio=5 tid=1298 timed_waiting
java.lang.Thread.State: TIMED_WAITING
        at sun.misc.Unsafe.park(Native Method)
        at java.util.concurrent.locks.LockSupport.parkNanos(LockSupport.java:215)
        at java.util.concurrent.locks.AbstractQueuedSynchronizer$ConditionObject.awaitNanos(AbstractQueuedSynchronizer.java:2078)
        at java.util.concurrent.LinkedBlockingQueue.poll(LinkedBlockingQueue.java:467)
        at org.apache.hadoop.ipc.CallQueueManager.take(CallQueueManager.java:317)
        at org.apache.hadoop.ipc.Server$Handler.run(Server.java:2942)
"Datanode State Machine Daemon Thread" daemon prio=5 tid=1492 timed_waiting
java.lang.Thread.State: TIMED_WAITING
        at java.lang.Thread.sleep(Native Method)
        at org.apache.hadoop.ozone.container.common.statemachine.DatanodeStateMachine.startStateMachineThread(DatanodeStateMachine.java:324)
        at org.apache.hadoop.ozone.container.common.statemachine.DatanodeStateMachine.lambda$startDaemon$0(DatanodeStateMachine.java:509)
        at org.apache.hadoop.ozone.container.common.statemachine.DatanodeStateMachine$$Lambda$798/2126145321.run(Unknown Source)
        at java.lang.Thread.run(Thread.java:750)
"BlockDeletingService#1" daemon prio=5 tid=1563 timed_waiting
java.lang.Thread.State: TIMED_WAITING
        at sun.misc.Unsafe.park(Native Method)
        at java.util.concurrent.locks.LockSupport.parkNanos(LockSupport.java:215)
        at java.util.concurrent.locks.AbstractQueuedSynchronizer$ConditionObject.awaitNanos(AbstractQueuedSynchronizer.java:2078)
        at java.util.concurrent.ScheduledThreadPoolExecutor$DelayedWorkQueue.take(ScheduledThreadPoolExecutor.java:1093)
        at java.util.concurrent.ScheduledThreadPoolExecutor$DelayedWorkQueue.take(ScheduledThreadPoolExecutor.java:809)
        at java.util.concurrent.ThreadPoolExecutor.getTask(ThreadPoolExecutor.java:1074)
        at java.util.concurrent.ThreadPoolExecutor.runWorker(ThreadPoolExecutor.java:1134)
        at java.util.concurrent.ThreadPoolExecutor$Worker.run(ThreadPoolExecutor.java:624)
        at java.lang.Thread.run(Thread.java:750)
"ChunkReader-ELG-0" daemon prio=5 tid=1536 runnable
java.lang.Thread.State: RUNNABLE
        at org.apache.ratis.thirdparty.io.netty.channel.epoll.Native.epollWait(Native Method)
        at org.apache.ratis.thirdparty.io.netty.channel.epoll.Native.epollWait(Native.java:209)
        at org.apache.ratis.thirdparty.io.netty.channel.epoll.Native.epollWait(Native.java:202)
        at org.apache.ratis.thirdparty.io.netty.channel.epoll.EpollEventLoop.epollWaitNoTimerChange(EpollEventLoop.java:294)
        at org.apache.ratis.thirdparty.io.netty.channel.epoll.EpollEventLoop.run(EpollEventLoop.java:351)
        at org.apache.ratis.thirdparty.io.netty.util.concurrent.SingleThreadEventExecutor$4.run(SingleThreadEventExecutor.java:995)
        at org.apache.ratis.thirdparty.io.netty.util.internal.ThreadExecutorMap$2.run(ThreadExecutorMap.java:74)
        at java.lang.Thread.run(Thread.java:750)
"Datanode ReportManager Thread - 1" daemon prio=5 tid=1494 in Object.wait()
java.lang.Thread.State: WAITING (on object monitor)
        at sun.misc.Unsafe.park(Native Method)
        at java.util.concurrent.locks.LockSupport.park(LockSupport.java:175)
        at java.util.concurrent.locks.AbstractQueuedSynchronizer$ConditionObject.await(AbstractQueuedSynchronizer.java:2039)
        at java.util.concurrent.ScheduledThreadPoolExecutor$DelayedWorkQueue.take(ScheduledThreadPoolExecutor.java:1088)
        at java.util.concurrent.ScheduledThreadPoolExecutor$DelayedWorkQueue.take(ScheduledThreadPoolExecutor.java:809)
        at java.util.concurrent.ThreadPoolExecutor.getTask(ThreadPoolExecutor.java:1074)
        at java.util.concurrent.ThreadPoolExecutor.runWorker(ThreadPoolExecutor.java:1134)
        at java.util.concurrent.ThreadPoolExecutor$Worker.run(ThreadPoolExecutor.java:624)
        at java.lang.Thread.run(Thread.java:750)
"5cd6f085-199f-4d86-8efd-dd16eb4c4197@group-014BD055F285-StateMachineUpdater" daemon prio=5 tid=1640 timed_waiting
java.lang.Thread.State: TIMED_WAITING
        at sun.misc.Unsafe.park(Native Method)
        at java.util.concurrent.locks.LockSupport.parkNanos(LockSupport.java:215)
        at java.util.concurrent.locks.AbstractQueuedSynchronizer$ConditionObject.await(AbstractQueuedSynchronizer.java:2163)
        at org.apache.ratis.util.AwaitForSignal.await(AwaitForSignal.java:62)
        at org.apache.ratis.server.impl.StateMachineUpdater.waitForCommit(StateMachineUpdater.java:207)
        at org.apache.ratis.server.impl.StateMachineUpdater.run(StateMachineUpdater.java:176)
        at java.lang.Thread.run(Thread.java:750)
"FixedThreadPoolWithAffinityExecutor-1-0" daemon prio=5 tid=1229 timed_waiting
java.lang.Thread.State: TIMED_WAITING
        at sun.misc.Unsafe.park(Native Method)
        at java.util.concurrent.locks.LockSupport.parkNanos(LockSupport.java:215)
        at java.util.concurrent.locks.AbstractQueuedSynchronizer$ConditionObject.awaitNanos(AbstractQueuedSynchronizer.java:2078)
        at java.util.concurrent.LinkedBlockingQueue.poll(LinkedBlockingQueue.java:467)
        at org.apache.hadoop.hdds.scm.server.ContainerReportQueue.poll(ContainerReportQueue.java:266)
        at org.apache.hadoop.hdds.scm.server.ContainerReportQueue.poll(ContainerReportQueue.java:42)
        at org.apache.hadoop.hdds.server.events.FixedThreadPoolWithAffinityExecutor$ContainerReportProcessTask.run(FixedThreadPoolWithAffinityExecutor.java:247)
        at java.util.concurrent.Executors$RunnableAdapter.call(Executors.java:511)
        at java.util.concurrent.FutureTask.run(FutureTask.java:266)
        at java.util.concurrent.ThreadPoolExecutor.runWorker(ThreadPoolExecutor.java:1149)
        at java.util.concurrent.ThreadPoolExecutor$Worker.run(ThreadPoolExecutor.java:624)
        at java.lang.Thread.run(Thread.java:750)
"Datanode State Machine Task Thread - 1"  prio=5 tid=1553 in Object.wait()
java.lang.Thread.State: WAITING (on object monitor)
        at sun.misc.Unsafe.park(Native Method)
        at java.util.concurrent.locks.LockSupport.park(LockSupport.java:175)
        at java.util.concurrent.locks.AbstractQueuedSynchronizer$ConditionObject.await(AbstractQueuedSynchronizer.java:2039)
        at java.util.concurrent.LinkedBlockingQueue.take(LinkedBlockingQueue.java:442)
        at java.util.concurrent.ThreadPoolExecutor.getTask(ThreadPoolExecutor.java:1074)
        at java.util.concurrent.ThreadPoolExecutor.runWorker(ThreadPoolExecutor.java:1134)
        at java.util.concurrent.ThreadPoolExecutor$Worker.run(ThreadPoolExecutor.java:624)
        at java.lang.Thread.run(Thread.java:750)
"pool-534-thread-1" daemon prio=5 tid=1367 timed_waiting
java.lang.Thread.State: TIMED_WAITING
        at sun.misc.Unsafe.park(Native Method)
        at java.util.concurrent.locks.LockSupport.parkNanos(LockSupport.java:215)
        at java.util.concurrent.locks.AbstractQueuedSynchronizer$ConditionObject.awaitNanos(AbstractQueuedSynchronizer.java:2078)
        at java.util.concurrent.ScheduledThreadPoolExecutor$DelayedWorkQueue.take(ScheduledThreadPoolExecutor.java:1093)
        at java.util.concurrent.ScheduledThreadPoolExecutor$DelayedWorkQueue.take(ScheduledThreadPoolExecutor.java:809)
        at java.util.concurrent.ThreadPoolExecutor.getTask(ThreadPoolExecutor.java:1074)
        at java.util.concurrent.ThreadPoolExecutor.runWorker(ThreadPoolExecutor.java:1134)
        at java.util.concurrent.ThreadPoolExecutor$Worker.run(ThreadPoolExecutor.java:624)
        at java.lang.Thread.run(Thread.java:750)
"om1@group-C5BA1605619E-SegmentedRaftLogWorker"  prio=5 tid=1325 timed_waiting
java.lang.Thread.State: TIMED_WAITING
        at sun.misc.Unsafe.park(Native Method)
        at java.util.concurrent.locks.LockSupport.parkNanos(LockSupport.java:215)
        at java.util.concurrent.locks.AbstractQueuedSynchronizer$ConditionObject.awaitNanos(AbstractQueuedSynchronizer.java:2078)
        at org.apache.ratis.util.DataBlockingQueue.poll(DataBlockingQueue.java:148)
        at org.apache.ratis.server.raftlog.segmented.SegmentedRaftLogWorker.run(SegmentedRaftLogWorker.java:312)
        at org.apache.ratis.server.raftlog.segmented.SegmentedRaftLogWorker$$Lambda$708/1588833732.run(Unknown Source)
        at java.lang.Thread.run(Thread.java:750)
"Socket Reader #1 for port 0"  prio=5 tid=1322 runnable
java.lang.Thread.State: RUNNABLE
        at sun.nio.ch.EPollArrayWrapper.epollWait(Native Method)
        at sun.nio.ch.EPollArrayWrapper.poll(EPollArrayWrapper.java:269)
        at sun.nio.ch.EPollSelectorImpl.doSelect(EPollSelectorImpl.java:93)
        at sun.nio.ch.SelectorImpl.lockAndDoSelect(SelectorImpl.java:86)
        at sun.nio.ch.SelectorImpl.select(SelectorImpl.java:97)
        at sun.nio.ch.SelectorImpl.select(SelectorImpl.java:101)
        at org.apache.hadoop.ipc.Server$Listener$Reader.doRunLoop(Server.java:1296)
        at org.apache.hadoop.ipc.Server$Listener$Reader.run(Server.java:1275)
"Datanode State Machine Daemon Thread" daemon prio=5 tid=1382 timed_waiting
java.lang.Thread.State: TIMED_WAITING
        at java.lang.Thread.sleep(Native Method)
        at org.apache.hadoop.ozone.container.common.statemachine.DatanodeStateMachine.startStateMachineThread(DatanodeStateMachine.java:324)
        at org.apache.hadoop.ozone.container.common.statemachine.DatanodeStateMachine.lambda$startDaemon$0(DatanodeStateMachine.java:509)
        at org.apache.hadoop.ozone.container.common.statemachine.DatanodeStateMachine$$Lambda$798/2126145321.run(Unknown Source)
        at java.lang.Thread.run(Thread.java:750)
"Socket Reader #1 for port 0"  prio=5 tid=1221 runnable
java.lang.Thread.State: RUNNABLE
        at sun.nio.ch.EPollArrayWrapper.epollWait(Native Method)
        at sun.nio.ch.EPollArrayWrapper.poll(EPollArrayWrapper.java:269)
        at sun.nio.ch.EPollSelectorImpl.doSelect(EPollSelectorImpl.java:93)
        at sun.nio.ch.SelectorImpl.lockAndDoSelect(SelectorImpl.java:86)
        at sun.nio.ch.SelectorImpl.select(SelectorImpl.java:97)
        at sun.nio.ch.SelectorImpl.select(SelectorImpl.java:101)
        at org.apache.hadoop.ipc.Server$Listener$Reader.doRunLoop(Server.java:1296)
        at org.apache.hadoop.ipc.Server$Listener$Reader.run(Server.java:1275)
"BlockDeletingService#0" daemon prio=5 tid=1549 in Object.wait()
java.lang.Thread.State: WAITING (on object monitor)
        at sun.misc.Unsafe.park(Native Method)
        at java.util.concurrent.locks.LockSupport.park(LockSupport.java:175)
        at java.util.concurrent.locks.AbstractQueuedSynchronizer$ConditionObject.await(AbstractQueuedSynchronizer.java:2039)
        at java.util.concurrent.ScheduledThreadPoolExecutor$DelayedWorkQueue.take(ScheduledThreadPoolExecutor.java:1088)
        at java.util.concurrent.ScheduledThreadPoolExecutor$DelayedWorkQueue.take(ScheduledThreadPoolExecutor.java:809)
        at java.util.concurrent.ThreadPoolExecutor.getTask(ThreadPoolExecutor.java:1074)
        at java.util.concurrent.ThreadPoolExecutor.runWorker(ThreadPoolExecutor.java:1134)
        at java.util.concurrent.ThreadPoolExecutor$Worker.run(ThreadPoolExecutor.java:624)
        at java.lang.Thread.run(Thread.java:750)
"BlockDeletingService#0" daemon prio=5 tid=1573 in Object.wait()
java.lang.Thread.State: WAITING (on object monitor)
        at sun.misc.Unsafe.park(Native Method)
        at java.util.concurrent.locks.LockSupport.park(LockSupport.java:175)
        at java.util.concurrent.locks.AbstractQueuedSynchronizer$ConditionObject.await(AbstractQueuedSynchronizer.java:2039)
        at java.util.concurrent.ScheduledThreadPoolExecutor$DelayedWorkQueue.take(ScheduledThreadPoolExecutor.java:1088)
        at java.util.concurrent.ScheduledThreadPoolExecutor$DelayedWorkQueue.take(ScheduledThreadPoolExecutor.java:809)
        at java.util.concurrent.ThreadPoolExecutor.getTask(ThreadPoolExecutor.java:1074)
        at java.util.concurrent.ThreadPoolExecutor.runWorker(ThreadPoolExecutor.java:1134)
        at java.util.concurrent.ThreadPoolExecutor$Worker.run(ThreadPoolExecutor.java:624)
        at java.lang.Thread.run(Thread.java:750)
"IPC Server handler 15 on default port 33251" daemon prio=5 tid=1295 timed_waiting
java.lang.Thread.State: TIMED_WAITING
        at sun.misc.Unsafe.park(Native Method)
        at java.util.concurrent.locks.LockSupport.parkNanos(LockSupport.java:215)
        at java.util.concurrent.locks.AbstractQueuedSynchronizer$ConditionObject.awaitNanos(AbstractQueuedSynchronizer.java:2078)
        at java.util.concurrent.LinkedBlockingQueue.poll(LinkedBlockingQueue.java:467)
        at org.apache.hadoop.ipc.CallQueueManager.take(CallQueueManager.java:317)
        at org.apache.hadoop.ipc.Server$Handler.run(Server.java:2942)


	at org.apache.ozone.test.GenericTestUtils.waitFor(GenericTestUtils.java:231)
	at org.apache.hadoop.hdds.scm.pipeline.TestRatisPipelineCreateAndDestroy.waitForPipelines(TestRatisPipelineCreateAndDestroy.java:179)
	at org.apache.hadoop.hdds.scm.pipeline.TestRatisPipelineCreateAndDestroy.testAutomaticPipelineCreationDisablingFactorONE(TestRatisPipelineCreateAndDestroy.java:118)
	at sun.reflect.NativeMethodAccessorImpl.invoke0(Native Method)
	at sun.reflect.NativeMethodAccessorImpl.invoke(NativeMethodAccessorImpl.java:62)
	at sun.reflect.DelegatingMethodAccessorImpl.invoke(DelegatingMethodAccessorImpl.java:43)
	at java.lang.reflect.Method.invoke(Method.java:498)
	at org.junit.platform.commons.util.ReflectionUtils.invokeMethod(ReflectionUtils.java:725)
	at org.junit.jupiter.engine.execution.MethodInvocation.proceed(MethodInvocation.java:60)
	at org.junit.jupiter.engine.execution.InvocationInterceptorChain$ValidatingInvocation.proceed(InvocationInterceptorChain.java:131)
	at org.junit.jupiter.engine.extension.TimeoutInvocation.proceed(TimeoutInvocation.java:46)
	at org.junit.jupiter.engine.extension.TimeoutExtension.intercept(TimeoutExtension.java:149)
	at org.junit.jupiter.engine.extension.TimeoutExtension.interceptTestableMethod(TimeoutExtension.java:140)
	at org.junit.jupiter.engine.extension.TimeoutExtension.interceptTestMethod(TimeoutExtension.java:84)
	at org.junit.jupiter.engine.execution.ExecutableInvoker$ReflectiveInterceptorCall.lambda$ofVoidMethod$0(ExecutableInvoker.java:115)
	at org.junit.jupiter.engine.execution.ExecutableInvoker.lambda$invoke$0(ExecutableInvoker.java:105)
	at org.junit.jupiter.engine.execution.InvocationInterceptorChain$InterceptedInvocation.proceed(InvocationInterceptorChain.java:106)
	at org.junit.jupiter.engine.execution.InvocationInterceptorChain.proceed(InvocationInterceptorChain.java:64)
	at org.junit.jupiter.engine.execution.InvocationInterceptorChain.chainAndInvoke(InvocationInterceptorChain.java:45)
	at org.junit.jupiter.engine.execution.InvocationInterceptorChain.invoke(InvocationInterceptorChain.java:37)
	at org.junit.jupiter.engine.execution.ExecutableInvoker.invoke(ExecutableInvoker.java:104)
	at org.junit.jupiter.engine.execution.ExecutableInvoker.invoke(ExecutableInvoker.java:98)
	at org.junit.jupiter.engine.descriptor.TestMethodTestDescriptor.lambda$invokeTestMethod$7(TestMethodTestDescriptor.java:214)
	at org.junit.platform.engine.support.hierarchical.ThrowableCollector.execute(ThrowableCollector.java:73)
	at org.junit.jupiter.engine.descriptor.TestMethodTestDescriptor.invokeTestMethod(TestMethodTestDescriptor.java:210)
	at org.junit.jupiter.engine.descriptor.TestMethodTestDescriptor.execute(TestMethodTestDescriptor.java:135)
	at org.junit.jupiter.engine.descriptor.TestMethodTestDescriptor.execute(TestMethodTestDescriptor.java:66)
	at org.junit.platform.engine.support.hierarchical.NodeTestTask.lambda$executeRecursively$6(NodeTestTask.java:151)
	at org.junit.platform.engine.support.hierarchical.ThrowableCollector.execute(ThrowableCollector.java:73)
	at org.junit.platform.engine.support.hierarchical.NodeTestTask.lambda$executeRecursively$8(NodeTestTask.java:141)
	at org.junit.platform.engine.support.hierarchical.Node.around(Node.java:137)
	at org.junit.platform.engine.support.hierarchical.NodeTestTask.lambda$executeRecursively$9(NodeTestTask.java:139)
	at org.junit.platform.engine.support.hierarchical.ThrowableCollector.execute(ThrowableCollector.java:73)
	at org.junit.platform.engine.support.hierarchical.NodeTestTask.executeRecursively(NodeTestTask.java:138)
	at org.junit.platform.engine.support.hierarchical.NodeTestTask.execute(NodeTestTask.java:95)
	at java.util.ArrayList.forEach(ArrayList.java:1259)
	at org.junit.platform.engine.support.hierarchical.SameThreadHierarchicalTestExecutorService.invokeAll(SameThreadHierarchicalTestExecutorService.java:41)
	at org.junit.platform.engine.support.hierarchical.NodeTestTask.lambda$executeRecursively$6(NodeTestTask.java:155)
	at org.junit.platform.engine.support.hierarchical.ThrowableCollector.execute(ThrowableCollector.java:73)
	at org.junit.platform.engine.support.hierarchical.NodeTestTask.lambda$executeRecursively$8(NodeTestTask.java:141)
	at org.junit.platform.engine.support.hierarchical.Node.around(Node.java:137)
	at org.junit.platform.engine.support.hierarchical.NodeTestTask.lambda$executeRecursively$9(NodeTestTask.java:139)
	at org.junit.platform.engine.support.hierarchical.ThrowableCollector.execute(ThrowableCollector.java:73)
	at org.junit.platform.engine.support.hierarchical.NodeTestTask.executeRecursively(NodeTestTask.java:138)
	at org.junit.platform.engine.support.hierarchical.NodeTestTask.execute(NodeTestTask.java:95)
	at java.util.ArrayList.forEach(ArrayList.java:1259)
	at org.junit.platform.engine.support.hierarchical.SameThreadHierarchicalTestExecutorService.invokeAll(SameThreadHierarchicalTestExecutorService.java:41)
	at org.junit.platform.engine.support.hierarchical.NodeTestTask.lambda$executeRecursively$6(NodeTestTask.java:155)
	at org.junit.platform.engine.support.hierarchical.ThrowableCollector.execute(ThrowableCollector.java:73)
	at org.junit.platform.engine.support.hierarchical.NodeTestTask.lambda$executeRecursively$8(NodeTestTask.java:141)
	at org.junit.platform.engine.support.hierarchical.Node.around(Node.java:137)
	at org.junit.platform.engine.support.hierarchical.NodeTestTask.lambda$executeRecursively$9(NodeTestTask.java:139)
	at org.junit.platform.engine.support.hierarchical.ThrowableCollector.execute(ThrowableCollector.java:73)
	at org.junit.platform.engine.support.hierarchical.NodeTestTask.executeRecursively(NodeTestTask.java:138)
	at org.junit.platform.engine.support.hierarchical.NodeTestTask.execute(NodeTestTask.java:95)
	at org.junit.platform.engine.support.hierarchical.SameThreadHierarchicalTestExecutorService.submit(SameThreadHierarchicalTestExecutorService.java:35)
	at org.junit.platform.engine.support.hierarchical.HierarchicalTestExecutor.execute(HierarchicalTestExecutor.java:57)
	at org.junit.platform.engine.support.hierarchical.HierarchicalTestEngine.execute(HierarchicalTestEngine.java:54)
	at org.junit.platform.launcher.core.EngineExecutionOrchestrator.execute(EngineExecutionOrchestrator.java:107)
	at org.junit.platform.launcher.core.EngineExecutionOrchestrator.execute(EngineExecutionOrchestrator.java:88)
	at org.junit.platform.launcher.core.EngineExecutionOrchestrator.lambda$execute$0(EngineExecutionOrchestrator.java:54)
	at org.junit.platform.launcher.core.EngineExecutionOrchestrator.withInterceptedStreams(EngineExecutionOrchestrator.java:67)
	at org.junit.platform.launcher.core.EngineExecutionOrchestrator.execute(EngineExecutionOrchestrator.java:52)
	at org.junit.platform.launcher.core.DefaultLauncher.execute(DefaultLauncher.java:114)
	at org.junit.platform.launcher.core.DefaultLauncher.execute(DefaultLauncher.java:86)
	at org.junit.platform.launcher.core.DefaultLauncherSession$DelegatingLauncher.execute(DefaultLauncherSession.java:86)
	at org.junit.platform.launcher.core.SessionPerRequestLauncher.execute(SessionPerRequestLauncher.java:53)
	at org.apache.maven.surefire.junitplatform.JUnitPlatformProvider.execute(JUnitPlatformProvider.java:188)
	at org.apache.maven.surefire.junitplatform.JUnitPlatformProvider.invokeAllTests(JUnitPlatformProvider.java:154)
	at org.apache.maven.surefire.junitplatform.JUnitPlatformProvider.invoke(JUnitPlatformProvider.java:124)
	at org.apache.maven.surefire.booter.ForkedBooter.runSuitesInProcess(ForkedBooter.java:428)
	at org.apache.maven.surefire.booter.ForkedBooter.execute(ForkedBooter.java:162)
	at org.apache.maven.surefire.booter.ForkedBooter.run(ForkedBooter.java:562)
	at org.apache.maven.surefire.booter.ForkedBooter.main(ForkedBooter.java:548)
]]></error>
    <system-out><![CDATA[2023-01-16 14:42:53,394 [Listener at 127.0.0.1/46467] WARN  server.ServerUtils (ServerUtils.java:getScmDbDir(148)) - ozone.scm.db.dirs is not configured. We recommend adding this setting. Falling back to ozone.metadata.dirs instead.
2023-01-16 14:42:53,398 [Listener at 127.0.0.1/46467] WARN  server.ServerUtils (ServerUtils.java:getScmDbDir(148)) - ozone.scm.db.dirs is not configured. We recommend adding this setting. Falling back to ozone.metadata.dirs instead.
2023-01-16 14:42:53,398 [Listener at 127.0.0.1/46467] INFO  ha.SCMHANodeDetails (SCMHANodeDetails.java:loadSCMHAConfig(209)) - ServiceID for StorageContainerManager is null
2023-01-16 14:42:53,398 [Listener at 127.0.0.1/46467] INFO  ha.SCMHANodeDetails (SCMHANodeDetails.java:loadSCMHAConfig(214)) - ozone.scm.default.service.id is not defined, falling back to ozone.scm.service.ids to find serviceID for StorageContainerManager if it is HA enabled cluster
2023-01-16 14:42:53,398 [Listener at 127.0.0.1/46467] WARN  utils.HAUtils (HAUtils.java:getMetaDir(342)) - ozone.scm.db.dirs is not configured. We recommend adding this setting. Falling back to ozone.metadata.dirs instead.
2023-01-16 14:42:53,399 [Listener at 127.0.0.1/46467] WARN  db.DBStoreBuilder (DBStoreBuilder.java:applyDBDefinition(144)) - ozone.scm.db.dirs is not configured. We recommend adding this setting. Falling back to ozone.metadata.dirs instead.
2023-01-16 14:42:53,494 [Listener at 127.0.0.1/46467] INFO  net.NodeSchemaLoader (NodeSchemaLoader.java:loadSchemaFromFile(129)) - Loading schema from [jar:file:/home/runner/.m2/repository/org/apache/ozone/hdds-common/1.4.0-SNAPSHOT/hdds-common-1.4.0-SNAPSHOT.jar!/network-topology-default.xml]
2023-01-16 14:42:53,494 [Listener at 127.0.0.1/46467] INFO  net.NodeSchemaLoader (NodeSchemaLoader.java:loadSchema(176)) - Loading network topology layer schema file
2023-01-16 14:42:53,497 [Listener at 127.0.0.1/46467] INFO  upgrade.AbstractLayoutVersionManager (AbstractLayoutVersionManager.java:init(83)) - Initializing Layout version manager with metadata layout = DATANODE_SCHEMA_V3 (version = 4), software layout = DATANODE_SCHEMA_V3 (version = 4)
2023-01-16 14:42:53,539 [Listener at 127.0.0.1/46467] INFO  reflections.Reflections (Reflections.java:scan(232)) - Reflections took 41 ms to scan 7 urls, producing 146 keys and 350 values 
2023-01-16 14:42:53,541 [Listener at 127.0.0.1/46467] INFO  ha.SequenceIdGenerator (SequenceIdGenerator.java:upgradeToSequenceId(349)) - upgrade localId to 111677748019200000
2023-01-16 14:42:53,541 [Listener at 127.0.0.1/46467] INFO  ha.SequenceIdGenerator (SequenceIdGenerator.java:upgradeToSequenceId(359)) - upgrade delTxnId to 0
2023-01-16 14:42:53,541 [Listener at 127.0.0.1/46467] INFO  ha.SequenceIdGenerator (SequenceIdGenerator.java:upgradeToSequenceId(376)) - upgrade containerId to 0
2023-01-16 14:42:53,541 [Listener at 127.0.0.1/46467] INFO  ha.SequenceIdGenerator (SequenceIdGenerator.java:<init>(220)) - Init the HA SequenceIdGenerator.
2023-01-16 14:42:53,542 [Listener at 127.0.0.1/46467] INFO  node.SCMNodeManager (SCMNodeManager.java:<init>(149)) - Entering startup safe mode.
2023-01-16 14:42:53,543 [Listener at 127.0.0.1/46467] INFO  algorithms.ContainerPlacementPolicyFactory (ContainerPlacementPolicyFactory.java:getPolicyInternal(86)) - Create container placement policy of type org.apache.hadoop.hdds.scm.container.placement.algorithms.SCMContainerPlacementRandom
2023-01-16 14:42:53,543 [Listener at 127.0.0.1/46467] INFO  algorithms.ContainerPlacementPolicyFactory (ContainerPlacementPolicyFactory.java:getPolicyInternal(86)) - Create container placement policy of type org.apache.hadoop.hdds.scm.container.placement.algorithms.SCMContainerPlacementRackScatter
2023-01-16 14:42:53,543 [Listener at 127.0.0.1/46467] INFO  pipeline.PipelineStateManagerImpl (PipelineStateManagerImpl.java:initialize(78)) - No pipeline exists in current db
2023-01-16 14:42:53,543 [Listener at 127.0.0.1/46467] INFO  algorithms.LeaderChoosePolicyFactory (LeaderChoosePolicyFactory.java:getPolicy(57)) - Create leader choose policy of type org.apache.hadoop.hdds.scm.pipeline.leader.choose.algorithms.MinLeaderCountChoosePolicy
2023-01-16 14:42:53,543 [Listener at 127.0.0.1/46467] INFO  algorithms.ContainerPlacementPolicyFactory (ContainerPlacementPolicyFactory.java:getPolicyInternal(86)) - Create container placement policy of type org.apache.hadoop.hdds.scm.container.placement.algorithms.SCMContainerPlacementRackScatter
2023-01-16 14:42:53,544 [Listener at 127.0.0.1/46467] INFO  ha.SCMServiceManager (SCMServiceManager.java:register(42)) - Registering service BackgroundPipelineCreator.
2023-01-16 14:42:53,544 [Listener at 127.0.0.1/46467] INFO  pipeline.BackgroundPipelineCreator (BackgroundPipelineCreator.java:start(124)) - Starting RatisPipelineUtilsThread.
2023-01-16 14:42:53,544 [Listener at 127.0.0.1/46467] INFO  BackgroundPipelineScrubber (BackgroundSCMService.java:start(68)) - Starting BackgroundPipelineScrubber Service.
2023-01-16 14:42:53,544 [Listener at 127.0.0.1/46467] INFO  ha.SCMServiceManager (SCMServiceManager.java:register(42)) - Registering service BackgroundPipelineScrubber.
2023-01-16 14:42:53,544 [Listener at 127.0.0.1/46467] INFO  ExpiredContainerReplicaOpScrubber (BackgroundSCMService.java:start(68)) - Starting ExpiredContainerReplicaOpScrubber Service.
2023-01-16 14:42:53,545 [Listener at 127.0.0.1/46467] INFO  ha.SCMServiceManager (SCMServiceManager.java:register(42)) - Registering service ExpiredContainerReplicaOpScrubber.
2023-01-16 14:42:53,546 [Listener at 127.0.0.1/46467] INFO  algorithms.PipelineChoosePolicyFactory (PipelineChoosePolicyFactory.java:createPipelineChoosePolicyFromClass(73)) - Create pipeline choose policy of type org.apache.hadoop.hdds.scm.pipeline.choose.algorithms.RandomPipelineChoosePolicy
2023-01-16 14:42:53,546 [Listener at 127.0.0.1/46467] INFO  ha.SCMServiceManager (SCMServiceManager.java:register(42)) - Registering service SCMBlockDeletingService.
2023-01-16 14:42:53,547 [Listener at 127.0.0.1/46467] INFO  replication.ReplicationManager (ReplicationManager.java:start(261)) - Starting Replication Monitor Thread.
2023-01-16 14:42:53,547 [Listener at 127.0.0.1/46467] INFO  ha.SCMServiceManager (SCMServiceManager.java:register(42)) - Registering service ReplicationManager.
2023-01-16 14:42:53,547 [ReplicationMonitor] INFO  replication.ReplicationManager (ReplicationManager.java:processAll(330)) - Replication Manager is not ready to run until 3000ms after safemode exit
2023-01-16 14:42:53,548 [Listener at 127.0.0.1/46467] INFO  safemode.ContainerSafeModeRule (ContainerSafeModeRule.java:<init>(89)) - containers with one replica threshold count 0
2023-01-16 14:42:53,548 [Listener at 127.0.0.1/46467] INFO  safemode.HealthyPipelineSafeModeRule (HealthyPipelineSafeModeRule.java:initializeRule(169)) - Total pipeline count is 0, healthy pipeline threshold count is 1
2023-01-16 14:42:53,548 [Listener at 127.0.0.1/46467] INFO  safemode.OneReplicaPipelineSafeModeRule (OneReplicaPipelineSafeModeRule.java:initializeRule(180)) - Total pipeline count is 0, pipeline's with at least one datanode reported threshold count is 0
2023-01-16 14:42:53,549 [Listener at 127.0.0.1/46467] INFO  ipc.CallQueueManager (CallQueueManager.java:<init>(90)) - Using callQueue: class java.util.concurrent.LinkedBlockingQueue, queueCapacity: 2000, scheduler: class org.apache.hadoop.ipc.DefaultRpcScheduler, ipcBackoff: false.
2023-01-16 14:42:53,549 [Socket Reader #1 for port 0] INFO  ipc.Server (Server.java:run(1273)) - Starting Socket Reader #1 for port 0
2023-01-16 14:42:53,550 [Listener at 0.0.0.0/33251] INFO  ipc.CallQueueManager (CallQueueManager.java:<init>(90)) - Using callQueue: class java.util.concurrent.LinkedBlockingQueue, queueCapacity: 2000, scheduler: class org.apache.hadoop.ipc.DefaultRpcScheduler, ipcBackoff: false.
2023-01-16 14:42:53,550 [Socket Reader #1 for port 0] INFO  ipc.Server (Server.java:run(1273)) - Starting Socket Reader #1 for port 0
2023-01-16 14:42:53,551 [Listener at 0.0.0.0/35879] INFO  ipc.CallQueueManager (CallQueueManager.java:<init>(90)) - Using callQueue: class java.util.concurrent.LinkedBlockingQueue, queueCapacity: 2000, scheduler: class org.apache.hadoop.ipc.DefaultRpcScheduler, ipcBackoff: false.
2023-01-16 14:42:53,551 [Socket Reader #1 for port 0] INFO  ipc.Server (Server.java:run(1273)) - Starting Socket Reader #1 for port 0
2023-01-16 14:42:53,554 [Listener at 0.0.0.0/46159] INFO  ha.SCMServiceManager (SCMServiceManager.java:register(42)) - Registering service ContainerBalancer.
2023-01-16 14:42:53,555 [Listener at 0.0.0.0/46159] INFO  server.StorageContainerManager (StorageContainerManager.java:<init>(399)) - 
Container Balancer status:
Key                            Value
Running                        true
Container Balancer Configuration values:
Key                                                Value
Threshold                                          10
Max Datanodes to Involve per Iteration(percent)    20
Max Size to Move per Iteration                     500GB
Max Size Entering Target per Iteration             26GB
Max Size Leaving Source per Iteration              26GB

2023-01-16 14:42:53,555 [Listener at 0.0.0.0/46159] INFO  ha.SCMContext (SCMContext.java:updateSafeModeStatus(228)) - Update SafeModeStatus from SafeModeStatus{safeModeStatus=true, preCheckPassed=false} to SafeModeStatus{safeModeStatus=true, preCheckPassed=false}.
2023-01-16 14:42:53,555 [Listener at 0.0.0.0/46159] INFO  server.StorageContainerManager (StorageContainerManager.java:start(1426)) - StorageContainerLocationProtocol RPC server is listening at /0.0.0.0:46159
2023-01-16 14:42:53,557 [Listener at 0.0.0.0/46159] WARN  impl.MetricsConfig (MetricsConfig.java:loadFirst(136)) - Cannot locate configuration: tried hadoop-metrics2-storagecontainermanager.properties,hadoop-metrics2.properties
2023-01-16 14:42:53,560 [Listener at 0.0.0.0/46159] INFO  impl.MetricsSystemImpl (MetricsSystemImpl.java:startTimer(378)) - Scheduled Metric snapshot period at 10 second(s).
2023-01-16 14:42:53,560 [Listener at 0.0.0.0/46159] INFO  impl.MetricsSystemImpl (MetricsSystemImpl.java:start(191)) - StorageContainerManager metrics system started
2023-01-16 14:42:53,568 [Listener at 0.0.0.0/46159] INFO  impl.MetricsSinkAdapter (MetricsSinkAdapter.java:start(204)) - Sink prometheus started
2023-01-16 14:42:53,568 [Listener at 0.0.0.0/46159] INFO  impl.MetricsSystemImpl (MetricsSystemImpl.java:registerSink(305)) - Registered sink prometheus
2023-01-16 14:42:53,594 [Listener at 0.0.0.0/46159] INFO  server.SCMClientProtocolServer (SCMClientProtocolServer.java:start(170)) - RPC server for Client  is listening at /0.0.0.0:46159
2023-01-16 14:42:53,594 [IPC Server Responder] INFO  ipc.Server (Server.java:run(1512)) - IPC Server Responder: starting
2023-01-16 14:42:53,599 [IPC Server listener on 0] INFO  ipc.Server (Server.java:run(1352)) - IPC Server listener on 0: starting
2023-01-16 14:42:53,602 [Listener at 0.0.0.0/46159] INFO  server.StorageContainerManager (StorageContainerManager.java:start(1440)) - ScmBlockLocationProtocol RPC server is listening at /0.0.0.0:35879
2023-01-16 14:42:53,602 [Listener at 0.0.0.0/46159] INFO  server.SCMBlockProtocolServer (SCMBlockProtocolServer.java:start(152)) - RPC server for Block Protocol is listening at /0.0.0.0:35879
2023-01-16 14:42:53,603 [IPC Server Responder] INFO  ipc.Server (Server.java:run(1512)) - IPC Server Responder: starting
2023-01-16 14:42:53,603 [IPC Server listener on 0] INFO  ipc.Server (Server.java:run(1352)) - IPC Server listener on 0: starting
2023-01-16 14:42:53,605 [Listener at 0.0.0.0/46159] INFO  server.SCMDatanodeProtocolServer (SCMDatanodeProtocolServer.java:start(194)) - ScmDatanodeProtocol RPC server for DataNodes is listening at /0.0.0.0:33251
2023-01-16 14:42:53,606 [IPC Server Responder] INFO  ipc.Server (Server.java:run(1512)) - IPC Server Responder: starting
2023-01-16 14:42:53,616 [IPC Server listener on 0] INFO  ipc.Server (Server.java:run(1352)) - IPC Server listener on 0: starting
2023-01-16 14:42:53,617 [Listener at 0.0.0.0/46159] INFO  http.BaseHttpServer (BaseHttpServer.java:newHttpServer2BuilderForOzone(213)) - Starting Web-server for scm at: http://0.0.0.0:0
2023-01-16 14:42:53,617 [Listener at 0.0.0.0/46159] INFO  http.BaseHttpServer (BaseHttpServer.java:<init>(108)) - Hadoop Security Enabled: false Ozone Security Enabled: false Ozone HTTP Security Enabled: false 
2023-01-16 14:42:53,619 [Listener at 0.0.0.0/46159] WARN  server.AuthenticationFilter (AuthenticationFilter.java:constructSecretProvider(240)) - Unable to initialize FileSignerSecretProvider, falling back to use random secrets. Reason: Could not read signature secret file: /home/runner/hadoop-http-auth-signature-secret
2023-01-16 14:42:53,624 [Listener at 0.0.0.0/46159] WARN  http.HttpRequestLog (HttpRequestLog.java:getRequestLog(103)) - Jetty request log can only be enabled using Log4j
2023-01-16 14:42:53,626 [Listener at 0.0.0.0/46159] INFO  http.HttpServer2 (HttpServer2.java:addGlobalFilter(1031)) - Added global filter 'safety' (class=org.apache.hadoop.hdds.server.http.HttpServer2$QuotingInputFilter)
2023-01-16 14:42:53,629 [Listener at 0.0.0.0/46159] INFO  http.HttpServer2 (HttpServer2.java:addFilter(1007)) - Added filter static_user_filter (class=org.apache.hadoop.http.lib.StaticUserWebFilter$StaticUserFilter) to context scm
2023-01-16 14:42:53,629 [Listener at 0.0.0.0/46159] INFO  http.HttpServer2 (HttpServer2.java:addFilter(1015)) - Added filter static_user_filter (class=org.apache.hadoop.http.lib.StaticUserWebFilter$StaticUserFilter) to context static
2023-01-16 14:42:53,629 [Listener at 0.0.0.0/46159] INFO  http.HttpServer2 (HttpServer2.java:addFilter(1015)) - Added filter static_user_filter (class=org.apache.hadoop.http.lib.StaticUserWebFilter$StaticUserFilter) to context logs
2023-01-16 14:42:53,629 [org.apache.hadoop.util.JvmPauseMonitor$Monitor@48e64c8] INFO  util.JvmPauseMonitor (JvmPauseMonitor.java:run(188)) - Starting JVM pause monitor
2023-01-16 14:42:53,633 [Listener at 0.0.0.0/46159] INFO  http.HttpServer2 (HttpServer2.java:bindListener(1250)) - Jetty bound to port 45119
2023-01-16 14:42:53,633 [Listener at 0.0.0.0/46159] INFO  server.Server (Server.java:doStart(375)) - jetty-9.4.49.v20220914; built: 2022-09-14T01:07:36.601Z; git: 4231a3b2e4cb8548a412a789936d640a97b1aa0a; jvm 1.8.0_352-b08
2023-01-16 14:42:53,644 [Listener at 0.0.0.0/46159] INFO  server.session (DefaultSessionIdManager.java:doStart(334)) - DefaultSessionIdManager workerName=node0
2023-01-16 14:42:53,644 [Listener at 0.0.0.0/46159] INFO  server.session (DefaultSessionIdManager.java:doStart(339)) - No SessionScavenger set, using defaults
2023-01-16 14:42:53,644 [Listener at 0.0.0.0/46159] INFO  server.session (HouseKeeper.java:startScavenging(132)) - node0 Scavenging every 660000ms
2023-01-16 14:42:53,645 [Listener at 0.0.0.0/46159] INFO  handler.ContextHandler (ContextHandler.java:doStart(921)) - Started o.e.j.s.ServletContextHandler@5933305{logs,/logs,file:///home/runner/work/ozone/ozone/hadoop-ozone/integration-test/target/log,AVAILABLE}
2023-01-16 14:42:53,646 [Listener at 0.0.0.0/46159] INFO  handler.ContextHandler (ContextHandler.java:doStart(921)) - Started o.e.j.s.ServletContextHandler@1029d19a{static,/static,file:///home/runner/work/ozone/ozone/hadoop-ozone/integration-test/target/test-classes/webapps/static,AVAILABLE}
2023-01-16 14:42:53,650 [Listener at 0.0.0.0/46159] INFO  handler.ContextHandler (ContextHandler.java:doStart(921)) - Started o.e.j.w.WebAppContext@550f7896{scm,/,file:///home/runner/work/ozone/ozone/hadoop-ozone/integration-test/target/test-classes/webapps/scm/,AVAILABLE}{file:/home/runner/work/ozone/ozone/hadoop-ozone/integration-test/target/test-classes/webapps/scm}
2023-01-16 14:42:53,651 [Listener at 0.0.0.0/46159] INFO  server.AbstractConnector (AbstractConnector.java:doStart(333)) - Started ServerConnector@3b6fa3f{HTTP/1.1, (http/1.1)}{0.0.0.0:45119}
2023-01-16 14:42:53,651 [Listener at 0.0.0.0/46159] INFO  server.Server (Server.java:doStart(415)) - Started @76605ms
2023-01-16 14:42:53,652 [Listener at 0.0.0.0/46159] WARN  impl.MetricsSystemImpl (MetricsSystemImpl.java:register(279)) - Sink prometheus already exists!
2023-01-16 14:42:53,652 [Listener at 0.0.0.0/46159] INFO  http.BaseHttpServer (BaseHttpServer.java:updateConnectorAddress(333)) - HTTP server of scm listening at http://0.0.0.0:45119
2023-01-16 14:42:53,652 [Listener at 0.0.0.0/46159] WARN  server.ServerUtils (ServerUtils.java:getDBPath(225)) - ozone.om.db.dirs is not configured. We recommend adding this setting. Falling back to ozone.metadata.dirs instead.
2023-01-16 14:42:53,654 [Listener at 0.0.0.0/46159] INFO  ha.OMHANodeDetails (OMHANodeDetails.java:loadOMHAConfig(115)) - ozone.om.internal.service.id is not defined, falling back to ozone.om.service.ids to find serviceID for OzoneManager if it is HA enabled cluster
2023-01-16 14:42:53,654 [Listener at 0.0.0.0/46159] INFO  ha.OMHANodeDetails (OMHANodeDetails.java:loadOMHAConfig(226)) - Configuration does not have ozone.om.address set. Falling back to the default OM address /127.0.0.1:0
2023-01-16 14:42:53,654 [Listener at 0.0.0.0/46159] INFO  ha.OMHANodeDetails (OMHANodeDetails.java:getOMNodeDetailsForNonHA(254)) - OM Service ID is not set. Setting it to the default ID: omServiceIdDefault
2023-01-16 14:42:53,654 [Listener at 0.0.0.0/46159] INFO  ha.OMHANodeDetails (OMHANodeDetails.java:getOMNodeDetailsForNonHA(261)) - OM Node ID is not set. Setting it to the default ID: om1
2023-01-16 14:42:53,655 [Listener at 0.0.0.0/46159] WARN  server.ServerUtils (ServerUtils.java:getDBPath(225)) - ozone.om.db.dirs is not configured. We recommend adding this setting. Falling back to ozone.metadata.dirs instead.
2023-01-16 14:42:53,655 [Listener at 0.0.0.0/46159] INFO  upgrade.AbstractLayoutVersionManager (AbstractLayoutVersionManager.java:init(83)) - Initializing Layout version manager with metadata layout = MULTITENANCY_SCHEMA (version = 3), software layout = MULTITENANCY_SCHEMA (version = 3)
2023-01-16 14:42:53,723 [Listener at 0.0.0.0/46159] INFO  reflections.Reflections (Reflections.java:scan(232)) - Reflections took 67 ms to scan 2 urls, producing 155 keys and 428 values [using 2 cores]
2023-01-16 14:42:53,723 [Listener at 0.0.0.0/46159] INFO  upgrade.OMLayoutVersionManager (OMLayoutVersionManager.java:lambda$0(115)) - Skipping Upgrade Action MockOmUpgradeAction since it has been finalized.
2023-01-16 14:42:53,724 [Listener at 0.0.0.0/46159] WARN  server.ServerUtils (ServerUtils.java:getDBPath(225)) - ozone.om.db.dirs is not configured. We recommend adding this setting. Falling back to ozone.metadata.dirs instead.
2023-01-16 14:42:53,725 [Listener at 0.0.0.0/46159] INFO  proxy.SCMBlockLocationFailoverProxyProvider (SCMBlockLocationFailoverProxyProvider.java:<init>(114)) - Created block location fail-over proxy with 1 nodes: [nodeId=scmNodeId,nodeAddress=/0.0.0.0:35879]
2023-01-16 14:42:53,726 [Listener at 0.0.0.0/46159] INFO  proxy.SCMBlockLocationFailoverProxyProvider (SCMBlockLocationFailoverProxyProvider.java:<init>(114)) - Created block location fail-over proxy with 1 nodes: [nodeId=scmNodeId,nodeAddress=/0.0.0.0:35879]
2023-01-16 14:42:53,739 [Listener at 0.0.0.0/46159] WARN  server.ServerUtils (ServerUtils.java:getDBPath(225)) - ozone.om.db.dirs is not configured. We recommend adding this setting. Falling back to ozone.metadata.dirs instead.
2023-01-16 14:42:53,739 [Listener at 0.0.0.0/46159] INFO  codec.OmKeyInfoCodec (OmKeyInfoCodec.java:<init>(49)) - OmKeyInfoCodec ignorePipeline = true
2023-01-16 14:42:53,739 [Listener at 0.0.0.0/46159] INFO  codec.RepeatedOmKeyInfoCodec (RepeatedOmKeyInfoCodec.java:<init>(41)) - RepeatedOmKeyInfoCodec ignorePipeline = true
2023-01-16 14:42:53,897 [Listener at 0.0.0.0/46159] INFO  om.OzoneManager (OzoneManager.java:instantiateServices(717)) - S3 Multi-Tenancy is disabled
2023-01-16 14:42:53,899 [Listener at 0.0.0.0/46159] INFO  om.OzoneManager (OzoneManager.java:addS3GVolumeToDB(4289)) - Created Volume s3v With Owner runner required for S3Gateway operations.
2023-01-16 14:42:53,899 [Listener at 0.0.0.0/46159] WARN  server.ServerUtils (ServerUtils.java:getDefaultRatisDirectory(237)) - Storage directory for Ratis is not configured. It is a good idea to map this to an SSD disk. Falling back to ozone.metadata.dirs
2023-01-16 14:42:53,899 [Listener at 0.0.0.0/46159] WARN  utils.OzoneManagerRatisUtils (OzoneManagerRatisUtils.java:getOMRatisSnapshotDirectory(431)) - ozone.om.ratis.snapshot.dir is not configured. Falling back to ozone.metadata.dirs config
2023-01-16 14:42:53,900 [Listener at 0.0.0.0/46159] WARN  server.ServerUtils (ServerUtils.java:getDefaultRatisDirectory(237)) - Storage directory for Ratis is not configured. It is a good idea to map this to an SSD disk. Falling back to ozone.metadata.dirs
2023-01-16 14:42:53,901 [Listener at 0.0.0.0/46159] INFO  ratis.OzoneManagerRatisServer (OzoneManagerRatisServer.java:<init>(160)) - Instantiating OM Ratis server with groupID: omServiceIdDefault and peers: localhost:9872
2023-01-16 14:42:53,901 [Listener at 0.0.0.0/46159] INFO  ratis.OzoneManagerStateMachine (OzoneManagerStateMachine.java:loadSnapshotInfoFromDB(636)) - LastAppliedIndex is set from TransactionInfo from OM DB as (t:0, i:~)
2023-01-16 14:42:53,902 [Listener at 0.0.0.0/46159] INFO  server.RaftServer (ConfUtils.java:logGet(46)) - raft.rpc.type = GRPC (default)
2023-01-16 14:42:53,902 [Listener at 0.0.0.0/46159] INFO  grpc.GrpcConfigKeys (ConfUtils.java:logFallback(53)) - raft.grpc.admin.host = null (fallback to raft.grpc.server.host)
2023-01-16 14:42:53,902 [Listener at 0.0.0.0/46159] INFO  grpc.GrpcConfigKeys (ConfUtils.java:logFallback(53)) - raft.grpc.admin.port = 9872 (fallback to raft.grpc.server.port)
2023-01-16 14:42:53,902 [Listener at 0.0.0.0/46159] INFO  grpc.GrpcConfigKeys (ConfUtils.java:logFallback(53)) - raft.grpc.client.host = null (fallback to raft.grpc.server.host)
2023-01-16 14:42:53,902 [Listener at 0.0.0.0/46159] INFO  grpc.GrpcConfigKeys (ConfUtils.java:logFallback(53)) - raft.grpc.client.port = 9872 (fallback to raft.grpc.server.port)
2023-01-16 14:42:53,903 [Listener at 0.0.0.0/46159] INFO  grpc.GrpcConfigKeys (ConfUtils.java:logGet(46)) - raft.grpc.server.host = null (default)
2023-01-16 14:42:53,903 [Listener at 0.0.0.0/46159] INFO  grpc.GrpcConfigKeys (ConfUtils.java:logGet(46)) - raft.grpc.server.port = 9872 (custom)
2023-01-16 14:42:53,903 [Listener at 0.0.0.0/46159] INFO  server.GrpcService (ConfUtils.java:logGet(46)) - raft.grpc.message.size.max = 33554432 (custom)
2023-01-16 14:42:53,903 [Listener at 0.0.0.0/46159] INFO  server.RaftServerConfigKeys (ConfUtils.java:logGet(46)) - raft.server.log.appender.buffer.byte-limit = 33554432 (custom)
2023-01-16 14:42:53,903 [Listener at 0.0.0.0/46159] INFO  server.GrpcService (ConfUtils.java:logGet(46)) - raft.grpc.flow.control.window = 1MB (=1048576) (default)
2023-01-16 14:42:53,903 [Listener at 0.0.0.0/46159] INFO  server.RaftServerConfigKeys (ConfUtils.java:logGet(46)) - raft.server.rpc.request.timeout = 3000ms (default)
2023-01-16 14:42:53,903 [Listener at 0.0.0.0/46159] INFO  grpc.GrpcConfigKeys (ConfUtils.java:logGet(46)) - raft.grpc.server.heartbeat.channel = true (default)
2023-01-16 14:42:53,903 [Listener at 0.0.0.0/46159] INFO  grpc.GrpcConfigKeys (ConfUtils.java:logGet(46)) - raft.grpc.server.async.request.thread.pool.cached = true (default)
2023-01-16 14:42:53,904 [Listener at 0.0.0.0/46159] INFO  grpc.GrpcConfigKeys (ConfUtils.java:logGet(46)) - raft.grpc.server.async.request.thread.pool.size = 32 (default)
2023-01-16 14:42:53,905 [Listener at 0.0.0.0/46159] INFO  impl.DataStreamServerImpl (ConfUtils.java:logGet(46)) - raft.datastream.type = NETTY (custom)
2023-01-16 14:42:53,905 [Listener at 0.0.0.0/46159] INFO  server.RaftServerConfigKeys (ConfUtils.java:logGet(46)) - raft.server.data-stream.async.request.thread.pool.cached = false (default)
2023-01-16 14:42:53,905 [Listener at 0.0.0.0/46159] INFO  server.RaftServerConfigKeys (ConfUtils.java:logGet(46)) - raft.server.data-stream.async.request.thread.pool.size = 32 (default)
2023-01-16 14:42:53,906 [Listener at 0.0.0.0/46159] INFO  server.RaftServerConfigKeys (ConfUtils.java:logGet(46)) - raft.server.data-stream.async.write.thread.pool.size = 16 (default)
2023-01-16 14:42:53,906 [Listener at 0.0.0.0/46159] INFO  server.RaftServerConfigKeys (ConfUtils.java:logGet(46)) - raft.server.data-stream.client.pool.size = 10 (default)
2023-01-16 14:42:53,906 [Listener at 0.0.0.0/46159] INFO  netty.NettyConfigKeys$DataStream (ConfUtils.java:logGet(46)) - raft.netty.dataStream.server.use-epoll = false (default)
2023-01-16 14:42:53,906 [Listener at 0.0.0.0/46159] INFO  netty.NettyConfigKeys$DataStream (ConfUtils.java:logGet(46)) - raft.netty.dataStream.server.boss-group.size = 0 (default)
2023-01-16 14:42:53,906 [Listener at 0.0.0.0/46159] INFO  netty.NettyConfigKeys$DataStream (ConfUtils.java:logGet(46)) - raft.netty.dataStream.server.worker-group.size = 0 (default)
2023-01-16 14:42:53,907 [Listener at 0.0.0.0/46159] INFO  netty.NettyConfigKeys$DataStream (ConfUtils.java:logGet(46)) - raft.netty.dataStream.server.tls.conf = null (default)
2023-01-16 14:42:53,907 [Listener at 0.0.0.0/46159] INFO  netty.NettyConfigKeys$DataStream (ConfUtils.java:logGet(46)) - raft.netty.dataStream.host = null (default)
2023-01-16 14:42:53,907 [Listener at 0.0.0.0/46159] INFO  netty.NettyConfigKeys$DataStream (ConfUtils.java:logGet(46)) - raft.netty.dataStream.port = 0 (default)
2023-01-16 14:42:53,907 [Listener at 0.0.0.0/46159] INFO  server.RaftServerConfigKeys (ConfUtils.java:logGet(46)) - raft.server.threadpool.proxy.cached = true (default)
2023-01-16 14:42:53,908 [Listener at 0.0.0.0/46159] INFO  server.RaftServerConfigKeys (ConfUtils.java:logGet(46)) - raft.server.threadpool.proxy.size = 0 (default)
2023-01-16 14:42:53,908 [om1-NettyServerStreamRpc-bossGroup--thread1] INFO  logging.LoggingHandler (AbstractInternalLogger.java:log(148)) - [id: 0x0399decd] REGISTERED
2023-01-16 14:42:53,908 [Listener at 0.0.0.0/46159] INFO  server.RaftServerConfigKeys (ConfUtils.java:logGet(46)) - raft.server.rpc.slowness.timeout = 120s (custom)
2023-01-16 14:42:53,908 [om1-NettyServerStreamRpc-bossGroup--thread1] INFO  logging.LoggingHandler (AbstractInternalLogger.java:log(148)) - [id: 0x0399decd] BIND: 0.0.0.0/0.0.0.0:0
2023-01-16 14:42:53,908 [Listener at 0.0.0.0/46159] INFO  server.RaftServerConfigKeys (ConfUtils.java:logGet(46)) - raft.server.leaderelection.leader.step-down.wait-time = 10s (default)
2023-01-16 14:42:53,908 [om1-NettyServerStreamRpc-bossGroup--thread1] INFO  logging.LoggingHandler (AbstractInternalLogger.java:log(148)) - [id: 0x0399decd, L:/0:0:0:0:0:0:0:0:33201] ACTIVE
2023-01-16 14:42:53,908 [Listener at 0.0.0.0/46159] INFO  server.RaftServerConfigKeys (ConfUtils.java:logGet(46)) - raft.server.storage.dir = [/home/runner/work/ozone/ozone/hadoop-ozone/integration-test/target/test-dir/MiniOzoneClusterImpl-3631b34d-cc81-4479-8217-32b495b3d7e3/ozone-meta/ratis] (custom)
2023-01-16 14:42:53,909 [Listener at 0.0.0.0/46159] INFO  server.RaftServer (RaftServerProxy.java:addNew(96)) - om1: addNew group-C5BA1605619E:[om1|rpc:localhost:9872|priority:0|startupRole:FOLLOWER] returns group-C5BA1605619E:java.util.concurrent.CompletableFuture@2c519b55[Not completed]
2023-01-16 14:42:53,909 [pool-526-thread-1] INFO  server.RaftServer$Division (RaftServerImpl.java:<init>(195)) - om1: new RaftServerImpl for group-C5BA1605619E:[om1|rpc:localhost:9872|priority:0|startupRole:FOLLOWER] with OzoneManagerStateMachine:uninitialized
2023-01-16 14:42:53,909 [Listener at 0.0.0.0/46159] INFO  om.OzoneManager (OzoneManager.java:initializeRatisServer(1984)) - OzoneManager Ratis server initialized at port 9872
2023-01-16 14:42:53,909 [pool-526-thread-1] INFO  server.RaftServerConfigKeys (ConfUtils.java:logGet(46)) - raft.server.rpc.timeout.min = 1s (custom)
2023-01-16 14:42:53,910 [pool-526-thread-1] INFO  server.RaftServerConfigKeys (ConfUtils.java:logGet(46)) - raft.server.rpc.timeout.max = 1200ms (custom)
2023-01-16 14:42:53,910 [pool-526-thread-1] INFO  server.RaftServerConfigKeys (ConfUtils.java:logGet(46)) - raft.server.rpc.sleep.time = 25ms (default)
2023-01-16 14:42:53,910 [pool-526-thread-1] INFO  server.RaftServerConfigKeys (ConfUtils.java:logGet(46)) - raft.server.rpc.slowness.timeout = 120s (custom)
2023-01-16 14:42:53,910 [pool-526-thread-1] INFO  server.RaftServerConfigKeys (ConfUtils.java:logGet(46)) - raft.server.leaderelection.leader.step-down.wait-time = 10s (default)
2023-01-16 14:42:53,910 [pool-526-thread-1] INFO  server.RaftServerConfigKeys (ConfUtils.java:logGet(46)) - raft.server.sleep.deviation.threshold = 300ms (default)
2023-01-16 14:42:53,910 [pool-526-thread-1] INFO  server.RaftServer$Division (ServerState.java:<init>(118)) - om1@group-C5BA1605619E: ConfigurationManager, init=-1: peers:[om1|rpc:localhost:9872|priority:0|startupRole:FOLLOWER]|listeners:[], old=null, confs=<EMPTY_MAP>
2023-01-16 14:42:53,910 [pool-526-thread-1] INFO  server.RaftServerConfigKeys (ConfUtils.java:logGet(46)) - raft.server.storage.dir = [/home/runner/work/ozone/ozone/hadoop-ozone/integration-test/target/test-dir/MiniOzoneClusterImpl-3631b34d-cc81-4479-8217-32b495b3d7e3/ozone-meta/ratis] (custom)
2023-01-16 14:42:53,910 [pool-526-thread-1] INFO  server.RaftServerConfigKeys (ConfUtils.java:logGet(46)) - raft.server.log.corruption.policy = EXCEPTION (default)
2023-01-16 14:42:53,910 [pool-526-thread-1] INFO  server.RaftServerConfigKeys (ConfUtils.java:logGet(46)) - raft.server.storage.free-space.min = 0MB (=0) (default)
2023-01-16 14:42:53,910 [pool-526-thread-1] INFO  server.RaftServerConfigKeys (ConfUtils.java:logGet(46)) - raft.server.notification.no-leader.timeout = 120s (custom)
2023-01-16 14:42:53,910 [pool-526-thread-1] INFO  server.RaftServerConfigKeys (ConfUtils.java:logGet(46)) - raft.server.retrycache.expirytime = 300s (custom)
2023-01-16 14:42:53,910 [pool-526-thread-1] INFO  server.RaftServerConfigKeys (ConfUtils.java:logGet(46)) - raft.server.retrycache.statistics.expirytime = 100μs (default)
2023-01-16 14:42:53,911 [pool-526-thread-1] INFO  server.RaftServerConfigKeys (ConfUtils.java:logGet(46)) - raft.server.log.appender.install.snapshot.enabled = false (custom)
2023-01-16 14:42:53,911 [pool-526-thread-1] INFO  server.RaftServerConfigKeys (ConfUtils.java:logGet(46)) - raft.server.threadpool.server.cached = true (default)
2023-01-16 14:42:53,911 [pool-526-thread-1] INFO  server.RaftServerConfigKeys (ConfUtils.java:logGet(46)) - raft.server.threadpool.server.size = 0 (default)
2023-01-16 14:42:53,911 [pool-526-thread-1] INFO  server.RaftServerConfigKeys (ConfUtils.java:logGet(46)) - raft.server.threadpool.client.cached = true (default)
2023-01-16 14:42:53,911 [pool-526-thread-1] INFO  server.RaftServerConfigKeys (ConfUtils.java:logGet(46)) - raft.server.threadpool.client.size = 0 (default)
2023-01-16 14:42:53,912 [Listener at 0.0.0.0/46159] INFO  om.OzoneManager (OzoneManager.java:getRpcServer(1107)) - Creating RPC Server
2023-01-16 14:42:54,346 [Listener at 0.0.0.0/46159] INFO  reflections.Reflections (Reflections.java:scan(232)) - Reflections took 433 ms to scan 19 urls, producing 67 keys and 4579 values [using 2 cores]
2023-01-16 14:42:54,348 [Listener at 0.0.0.0/46159] INFO  ipc.CallQueueManager (CallQueueManager.java:<init>(90)) - Using callQueue: class java.util.concurrent.LinkedBlockingQueue, queueCapacity: 2000, scheduler: class org.apache.hadoop.ipc.DefaultRpcScheduler, ipcBackoff: false.
2023-01-16 14:42:54,348 [Socket Reader #1 for port 0] INFO  ipc.Server (Server.java:run(1273)) - Starting Socket Reader #1 for port 0
2023-01-16 14:42:54,369 [Listener at 127.0.0.1/44023] INFO  impl.MetricsSystemImpl (MetricsSystemImpl.java:init(158)) - OzoneManager metrics system started (again)
2023-01-16 14:42:54,379 [Listener at 127.0.0.1/44023] INFO  om.OzoneManager (OzoneManager.java:start(1491)) - OzoneManager RPC server is listening at localhost/127.0.0.1:44023
2023-01-16 14:42:54,380 [Listener at 127.0.0.1/44023] INFO  ratis.OzoneManagerRatisServer (OzoneManagerRatisServer.java:start(555)) - Starting OzoneManagerRatisServer om1 at port 9872
2023-01-16 14:42:54,380 [om1-impl-thread1] INFO  storage.RaftStorageDirectory (RaftStorageDirectoryImpl.java:analyzeStorage(137)) - The storage directory /home/runner/work/ozone/ozone/hadoop-ozone/integration-test/target/test-dir/MiniOzoneClusterImpl-3631b34d-cc81-4479-8217-32b495b3d7e3/ozone-meta/ratis/bf265839-605b-3f16-9796-c5ba1605619e does not exist. Creating ...
2023-01-16 14:42:54,382 [om1-impl-thread1] INFO  storage.RaftStorageDirectory (RaftStorageDirectoryImpl.java:tryLock(231)) - Lock on /home/runner/work/ozone/ozone/hadoop-ozone/integration-test/target/test-dir/MiniOzoneClusterImpl-3631b34d-cc81-4479-8217-32b495b3d7e3/ozone-meta/ratis/bf265839-605b-3f16-9796-c5ba1605619e/in_use.lock acquired by nodename 12075@fv-az203-757
2023-01-16 14:42:54,383 [om1-impl-thread1] INFO  storage.RaftStorage (RaftStorageImpl.java:format(96)) - Storage directory /home/runner/work/ozone/ozone/hadoop-ozone/integration-test/target/test-dir/MiniOzoneClusterImpl-3631b34d-cc81-4479-8217-32b495b3d7e3/ozone-meta/ratis/bf265839-605b-3f16-9796-c5ba1605619e has been successfully formatted.
2023-01-16 14:42:54,383 [om1-impl-thread1] INFO  server.RaftServerConfigKeys (ConfUtils.java:logGet(46)) - raft.server.log.use.memory = false (default)
2023-01-16 14:42:54,383 [om1-impl-thread1] INFO  server.RaftServerConfigKeys (ConfUtils.java:logGet(46)) - raft.server.log.purge.gap = 1000000 (custom)
2023-01-16 14:42:54,383 [om1-impl-thread1] INFO  server.RaftServerConfigKeys (ConfUtils.java:logGet(46)) - raft.server.log.appender.buffer.byte-limit = 33554432 (custom)
2023-01-16 14:42:54,383 [om1-impl-thread1] INFO  server.RaftServerConfigKeys (ConfUtils.java:logGet(46)) - raft.server.log.statemachine.data.read.timeout = 1000ms (default)
2023-01-16 14:42:54,384 [om1-impl-thread1] INFO  server.RaftServerConfigKeys (ConfUtils.java:logGet(46)) - raft.server.log.purge.preservation.log.num = 0 (default)
2023-01-16 14:42:54,384 [om1-impl-thread1] INFO  server.RaftServerConfigKeys (ConfUtils.java:logGet(46)) - raft.server.log.segment.size.max = 4194304 (custom)
2023-01-16 14:42:54,384 [om1-impl-thread1] INFO  server.RaftServerConfigKeys (ConfUtils.java:logGet(46)) - raft.server.log.segment.cache.num.max = 2 (custom)
2023-01-16 14:42:54,384 [om1-impl-thread1] INFO  server.RaftServerConfigKeys (ConfUtils.java:logGet(46)) - raft.server.log.segment.cache.size.max = 200MB (=209715200) (default)
2023-01-16 14:42:54,384 [om1-impl-thread1] INFO  segmented.SegmentedRaftLogWorker (SegmentedRaftLogWorker.java:<init>(189)) - new om1@group-C5BA1605619E-SegmentedRaftLogWorker for RaftStorageImpl:Storage Directory /home/runner/work/ozone/ozone/hadoop-ozone/integration-test/target/test-dir/MiniOzoneClusterImpl-3631b34d-cc81-4479-8217-32b495b3d7e3/ozone-meta/ratis/bf265839-605b-3f16-9796-c5ba1605619e
2023-01-16 14:42:54,384 [om1-impl-thread1] INFO  server.RaftServerConfigKeys (ConfUtils.java:logGet(46)) - raft.server.log.queue.byte-limit = 64MB (=67108864) (default)
2023-01-16 14:42:54,384 [om1-impl-thread1] INFO  server.RaftServerConfigKeys (ConfUtils.java:logGet(46)) - raft.server.log.queue.element-limit = 4096 (default)
2023-01-16 14:42:54,384 [om1-impl-thread1] INFO  server.RaftServerConfigKeys (ConfUtils.java:logGet(46)) - raft.server.log.segment.size.max = 4194304 (custom)
2023-01-16 14:42:54,384 [om1-impl-thread1] INFO  server.RaftServerConfigKeys (ConfUtils.java:logGet(46)) - raft.server.log.preallocated.size = 4194304 (custom)
2023-01-16 14:42:54,384 [om1-impl-thread1] INFO  server.RaftServerConfigKeys (ConfUtils.java:logGet(46)) - raft.server.log.force.sync.num = 128 (default)
2023-01-16 14:42:54,384 [om1-impl-thread1] INFO  server.RaftServerConfigKeys (ConfUtils.java:logGet(46)) - raft.server.log.statemachine.data.sync = true (default)
2023-01-16 14:42:54,384 [om1-impl-thread1] INFO  server.RaftServerConfigKeys (ConfUtils.java:logGet(46)) - raft.server.log.statemachine.data.sync.timeout = 10s (default)
2023-01-16 14:42:54,384 [om1-impl-thread1] INFO  server.RaftServerConfigKeys (ConfUtils.java:logGet(46)) - raft.server.log.statemachine.data.sync.timeout.retry = -1 (default)
2023-01-16 14:42:54,384 [om1-impl-thread1] INFO  server.RaftServerConfigKeys (ConfUtils.java:logGet(46)) - raft.server.log.write.buffer.size = 64KB (=65536) (default)
2023-01-16 14:42:54,384 [om1-impl-thread1] INFO  server.RaftServerConfigKeys (ConfUtils.java:logGet(46)) - raft.server.log.appender.buffer.byte-limit = 33554432 (custom)
2023-01-16 14:42:54,389 [om1-impl-thread1] INFO  server.RaftServerConfigKeys (ConfUtils.java:logGet(46)) - raft.server.log.unsafe-flush.enabled = false (default)
2023-01-16 14:42:54,389 [om1-impl-thread1] INFO  server.RaftServerConfigKeys (ConfUtils.java:logGet(46)) - raft.server.log.async-flush.enabled = false (default)
2023-01-16 14:42:54,389 [om1-impl-thread1] INFO  server.RaftServerConfigKeys (ConfUtils.java:logGet(46)) - raft.server.log.statemachine.data.caching.enabled = false (default)
2023-01-16 14:42:54,389 [om1-impl-thread1] INFO  segmented.SegmentedRaftLogWorker (SegmentedRaftLogWorker.java:lambda$new$0(135)) - om1@group-C5BA1605619E-SegmentedRaftLogWorker: flushIndex: setUnconditionally 0 -> -1
2023-01-16 14:42:54,390 [om1-impl-thread1] INFO  segmented.SegmentedRaftLogWorker (SegmentedRaftLogWorker.java:lambda$new$0(135)) - om1@group-C5BA1605619E-SegmentedRaftLogWorker: safeCacheEvictIndex: setUnconditionally 0 -> -1
2023-01-16 14:42:54,390 [om1-impl-thread1] INFO  server.RaftServer$Division (RaftServerImpl.java:start(334)) - om1@group-C5BA1605619E: start as a follower, conf=-1: peers:[om1|rpc:localhost:9872|priority:0|startupRole:FOLLOWER]|listeners:[], old=null
2023-01-16 14:42:54,390 [om1-impl-thread1] INFO  server.RaftServer$Division (RaftServerImpl.java:setRole(321)) - om1@group-C5BA1605619E: changes role from      null to FOLLOWER at term 0 for startAsFollower
2023-01-16 14:42:54,390 [om1-impl-thread1] INFO  impl.RoleInfo (RoleInfo.java:updateAndGet(139)) - om1: start om1@group-C5BA1605619E-FollowerState
2023-01-16 14:42:54,390 [om1-impl-thread1] INFO  util.JmxRegister (JmxRegister.java:tryRegister(44)) - Successfully registered JMX Bean with object name Ratis:service=RaftServer,group=group-C5BA1605619E,id=om1
2023-01-16 14:42:54,390 [om1@group-C5BA1605619E-FollowerState] INFO  server.RaftServerConfigKeys (ConfUtils.java:logFallback(53)) - raft.server.rpc.first-election.timeout.min = 1s (fallback to raft.server.rpc.timeout.min)
2023-01-16 14:42:54,390 [om1-impl-thread1] INFO  server.RaftServerConfigKeys (ConfUtils.java:logGet(46)) - raft.server.snapshot.auto.trigger.enabled = true (custom)
2023-01-16 14:42:54,390 [om1@group-C5BA1605619E-FollowerState] INFO  server.RaftServerConfigKeys (ConfUtils.java:logFallback(53)) - raft.server.rpc.first-election.timeout.max = 1200ms (fallback to raft.server.rpc.timeout.max)
2023-01-16 14:42:54,390 [om1-impl-thread1] INFO  server.RaftServerConfigKeys (ConfUtils.java:logGet(46)) - raft.server.snapshot.auto.trigger.threshold = 400000 (default)
2023-01-16 14:42:54,390 [om1-impl-thread1] INFO  server.RaftServerConfigKeys (ConfUtils.java:logGet(46)) - raft.server.snapshot.retention.file.num = -1 (default)
2023-01-16 14:42:54,390 [om1-impl-thread1] INFO  server.RaftServerConfigKeys (ConfUtils.java:logGet(46)) - raft.server.log.purge.upto.snapshot.index = true (custom)
2023-01-16 14:42:54,391 [Listener at 127.0.0.1/44023] INFO  server.RaftServer (RaftServerProxy.java:startImpl(393)) - om1: start RPC server
2023-01-16 14:42:54,394 [Listener at 127.0.0.1/44023] INFO  server.GrpcService (GrpcService.java:startImpl(262)) - om1: GrpcService started, listening on 9872
2023-01-16 14:42:54,396 [Listener at 127.0.0.1/44023] INFO  om.OzoneManager (OzoneManager.java:start(1507)) - Version File has different layout version (3) than OM DB (null). That is expected if this OM has never been finalized to a newer layout version.
2023-01-16 14:42:54,397 [JvmPauseMonitor11] INFO  util.JvmPauseMonitor (JvmPauseMonitor.java:run(105)) - JvmPauseMonitor-om1: Started
2023-01-16 14:42:54,398 [Listener at 127.0.0.1/44023] INFO  http.BaseHttpServer (BaseHttpServer.java:newHttpServer2BuilderForOzone(213)) - Starting Web-server for ozoneManager at: http://0.0.0.0:0
2023-01-16 14:42:54,399 [Listener at 127.0.0.1/44023] INFO  http.BaseHttpServer (BaseHttpServer.java:<init>(108)) - Hadoop Security Enabled: false Ozone Security Enabled: false Ozone HTTP Security Enabled: false 
2023-01-16 14:42:54,400 [Listener at 127.0.0.1/44023] WARN  server.AuthenticationFilter (AuthenticationFilter.java:constructSecretProvider(240)) - Unable to initialize FileSignerSecretProvider, falling back to use random secrets. Reason: Could not read signature secret file: /home/runner/hadoop-http-auth-signature-secret
2023-01-16 14:42:54,400 [Listener at 127.0.0.1/44023] WARN  http.HttpRequestLog (HttpRequestLog.java:getRequestLog(103)) - Jetty request log can only be enabled using Log4j
2023-01-16 14:42:54,402 [Listener at 127.0.0.1/44023] INFO  http.HttpServer2 (HttpServer2.java:addGlobalFilter(1031)) - Added global filter 'safety' (class=org.apache.hadoop.hdds.server.http.HttpServer2$QuotingInputFilter)
2023-01-16 14:42:54,402 [Listener at 127.0.0.1/44023] INFO  http.HttpServer2 (HttpServer2.java:addFilter(1007)) - Added filter static_user_filter (class=org.apache.hadoop.http.lib.StaticUserWebFilter$StaticUserFilter) to context ozoneManager
2023-01-16 14:42:54,402 [Listener at 127.0.0.1/44023] INFO  http.HttpServer2 (HttpServer2.java:addFilter(1015)) - Added filter static_user_filter (class=org.apache.hadoop.http.lib.StaticUserWebFilter$StaticUserFilter) to context logs
2023-01-16 14:42:54,402 [Listener at 127.0.0.1/44023] INFO  http.HttpServer2 (HttpServer2.java:addFilter(1015)) - Added filter static_user_filter (class=org.apache.hadoop.http.lib.StaticUserWebFilter$StaticUserFilter) to context static
2023-01-16 14:42:54,403 [Listener at 127.0.0.1/44023] INFO  http.HttpServer2 (HttpServer2.java:bindListener(1250)) - Jetty bound to port 35189
2023-01-16 14:42:54,403 [Listener at 127.0.0.1/44023] INFO  server.Server (Server.java:doStart(375)) - jetty-9.4.49.v20220914; built: 2022-09-14T01:07:36.601Z; git: 4231a3b2e4cb8548a412a789936d640a97b1aa0a; jvm 1.8.0_352-b08
2023-01-16 14:42:54,404 [Listener at 127.0.0.1/44023] INFO  server.session (DefaultSessionIdManager.java:doStart(334)) - DefaultSessionIdManager workerName=node0
2023-01-16 14:42:54,404 [Listener at 127.0.0.1/44023] INFO  server.session (DefaultSessionIdManager.java:doStart(339)) - No SessionScavenger set, using defaults
2023-01-16 14:42:54,405 [Listener at 127.0.0.1/44023] INFO  server.session (HouseKeeper.java:startScavenging(132)) - node0 Scavenging every 600000ms
2023-01-16 14:42:54,405 [Listener at 127.0.0.1/44023] INFO  handler.ContextHandler (ContextHandler.java:doStart(921)) - Started o.e.j.s.ServletContextHandler@7bcef554{logs,/logs,file:///home/runner/work/ozone/ozone/hadoop-ozone/integration-test/target/log,AVAILABLE}
2023-01-16 14:42:54,406 [Listener at 127.0.0.1/44023] INFO  handler.ContextHandler (ContextHandler.java:doStart(921)) - Started o.e.j.s.ServletContextHandler@d7b5027{static,/static,file:///home/runner/work/ozone/ozone/hadoop-ozone/integration-test/target/test-classes/webapps/static,AVAILABLE}
2023-01-16 14:42:54,410 [Listener at 127.0.0.1/44023] INFO  handler.ContextHandler (ContextHandler.java:doStart(921)) - Started o.e.j.w.WebAppContext@5a9703ab{ozoneManager,/,file:///home/runner/work/ozone/ozone/hadoop-ozone/integration-test/target/test-classes/webapps/ozoneManager/,AVAILABLE}{file:/home/runner/work/ozone/ozone/hadoop-ozone/integration-test/target/test-classes/webapps/ozoneManager}
2023-01-16 14:42:54,411 [Listener at 127.0.0.1/44023] INFO  server.AbstractConnector (AbstractConnector.java:doStart(333)) - Started ServerConnector@2bf1fa78{HTTP/1.1, (http/1.1)}{0.0.0.0:35189}
2023-01-16 14:42:54,412 [Listener at 127.0.0.1/44023] INFO  server.Server (Server.java:doStart(415)) - Started @77365ms
2023-01-16 14:42:54,412 [Listener at 127.0.0.1/44023] WARN  impl.MetricsSystemImpl (MetricsSystemImpl.java:register(279)) - Sink prometheus already exists!
2023-01-16 14:42:54,412 [Listener at 127.0.0.1/44023] INFO  http.BaseHttpServer (BaseHttpServer.java:updateConnectorAddress(333)) - HTTP server of ozoneManager listening at http://0.0.0.0:35189
2023-01-16 14:42:54,413 [IPC Server Responder] INFO  ipc.Server (Server.java:run(1512)) - IPC Server Responder: starting
2023-01-16 14:42:54,413 [IPC Server listener on 0] INFO  ipc.Server (Server.java:run(1352)) - IPC Server listener on 0: starting
2023-01-16 14:42:54,419 [Listener at 127.0.0.1/44023] INFO  om.OzoneManager (OzoneManager.java:startTrashEmptier(1928)) - Trash Interval set to 0. Files deleted won't move to trash
2023-01-16 14:42:54,419 [org.apache.hadoop.util.JvmPauseMonitor$Monitor@1f2c7599] INFO  util.JvmPauseMonitor (JvmPauseMonitor.java:run(188)) - Starting JVM pause monitor
2023-01-16 14:42:54,433 [Listener at 127.0.0.1/44023] WARN  impl.MetricRegistriesImpl (MetricRegistriesImpl.java:addReporterRegistration(111)) - New reporters are added after registries were created. Some metrics will be missing from the reporter. Please add reporter before adding any new registry.
2023-01-16 14:42:54,434 [Listener at 127.0.0.1/44023] WARN  impl.MetricRegistriesImpl (MetricRegistriesImpl.java:addReporterRegistration(111)) - New reporters are added after registries were created. Some metrics will be missing from the reporter. Please add reporter before adding any new registry.
2023-01-16 14:42:54,434 [Listener at 127.0.0.1/44023] INFO  impl.MetricsSystemImpl (MetricsSystemImpl.java:init(158)) - HddsDatanode metrics system started (again)
2023-01-16 14:42:54,445 [Listener at 127.0.0.1/44023] INFO  ozone.HddsDatanodeService (HddsDatanodeService.java:start(228)) - HddsDatanodeService host:fv-az203-757.ild0l4k5vsluppoevu2oqvhmda.cx.internal.cloudapp.net ip:10.1.1.103
2023-01-16 14:42:54,467 [Listener at 127.0.0.1/44023] INFO  upgrade.AbstractLayoutVersionManager (AbstractLayoutVersionManager.java:init(83)) - Initializing Layout version manager with metadata layout = DATANODE_SCHEMA_V3 (version = 4), software layout = DATANODE_SCHEMA_V3 (version = 4)
2023-01-16 14:42:54,514 [Listener at 127.0.0.1/44023] INFO  reflections.Reflections (Reflections.java:scan(232)) - Reflections took 46 ms to scan 7 urls, producing 146 keys and 350 values 
2023-01-16 14:42:54,516 [Listener at 127.0.0.1/44023] INFO  statemachine.DatanodeStateMachine (DatanodeStateMachine.java:getEndPointTaskThreadPoolSize(248)) - Datanode State Machine Task Thread Pool size 2
2023-01-16 14:42:54,524 [Listener at 127.0.0.1/44023] INFO  volume.HddsVolume (HddsVolume.java:<init>(117)) - Creating HddsVolume: /home/runner/work/ozone/ozone/hadoop-ozone/integration-test/target/test-dir/MiniOzoneClusterImpl-3631b34d-cc81-4479-8217-32b495b3d7e3/datanode-0/data-0/containers/hdds of storage type : DISK capacity : 9223372036854775807
2023-01-16 14:42:54,525 [Listener at 127.0.0.1/44023] INFO  volume.MutableVolumeSet (MutableVolumeSet.java:initializeVolumeSet(174)) - Added Volume : /home/runner/work/ozone/ozone/hadoop-ozone/integration-test/target/test-dir/MiniOzoneClusterImpl-3631b34d-cc81-4479-8217-32b495b3d7e3/datanode-0/data-0/containers/hdds to VolumeSet
2023-01-16 14:42:54,525 [Listener at 127.0.0.1/44023] INFO  volume.ThrottledAsyncChecker (ThrottledAsyncChecker.java:schedule(141)) - Scheduling a check for /home/runner/work/ozone/ozone/hadoop-ozone/integration-test/target/test-dir/MiniOzoneClusterImpl-3631b34d-cc81-4479-8217-32b495b3d7e3/datanode-0/data-0/containers/hdds
2023-01-16 14:42:54,536 [Listener at 127.0.0.1/44023] INFO  volume.StorageVolumeChecker (StorageVolumeChecker.java:checkAllVolumes(202)) - Scheduled health check for volume /home/runner/work/ozone/ozone/hadoop-ozone/integration-test/target/test-dir/MiniOzoneClusterImpl-3631b34d-cc81-4479-8217-32b495b3d7e3/datanode-0/data-0/containers/hdds
2023-01-16 14:42:54,548 [Listener at 127.0.0.1/44023] INFO  volume.MutableVolumeSet (MutableVolumeSet.java:initializeVolumeSet(174)) - Added Volume : /home/runner/work/ozone/ozone/hadoop-ozone/integration-test/target/test-dir/MiniOzoneClusterImpl-3631b34d-cc81-4479-8217-32b495b3d7e3/datanode-0/data/ratis to VolumeSet
2023-01-16 14:42:54,548 [Listener at 127.0.0.1/44023] INFO  volume.ThrottledAsyncChecker (ThrottledAsyncChecker.java:schedule(141)) - Scheduling a check for /home/runner/work/ozone/ozone/hadoop-ozone/integration-test/target/test-dir/MiniOzoneClusterImpl-3631b34d-cc81-4479-8217-32b495b3d7e3/datanode-0/data/ratis
2023-01-16 14:42:54,549 [Listener at 127.0.0.1/44023] INFO  volume.StorageVolumeChecker (StorageVolumeChecker.java:checkAllVolumes(202)) - Scheduled health check for volume /home/runner/work/ozone/ozone/hadoop-ozone/integration-test/target/test-dir/MiniOzoneClusterImpl-3631b34d-cc81-4479-8217-32b495b3d7e3/datanode-0/data/ratis
2023-01-16 14:42:54,568 [Thread-966] INFO  ozoneimpl.ContainerReader (ContainerReader.java:readVolume(175)) - Finish verifying containers on volume /home/runner/work/ozone/ozone/hadoop-ozone/integration-test/target/test-dir/MiniOzoneClusterImpl-3631b34d-cc81-4479-8217-32b495b3d7e3/datanode-0/data-0/containers/hdds
2023-01-16 14:42:54,568 [Listener at 127.0.0.1/44023] INFO  ozoneimpl.OzoneContainer (OzoneContainer.java:buildContainerSet(301)) - Build ContainerSet costs 0s
2023-01-16 14:42:54,571 [Listener at 127.0.0.1/44023] INFO  server.RaftServer (ConfUtils.java:logGet(46)) - raft.rpc.type = GRPC (default)
2023-01-16 14:42:54,571 [Listener at 127.0.0.1/44023] INFO  grpc.GrpcConfigKeys (ConfUtils.java:logFallback(53)) - raft.grpc.admin.host = null (fallback to raft.grpc.server.host)
2023-01-16 14:42:54,571 [Listener at 127.0.0.1/44023] INFO  grpc.GrpcConfigKeys (ConfUtils.java:logGet(46)) - raft.grpc.admin.port = 0 (custom)
2023-01-16 14:42:54,571 [Listener at 127.0.0.1/44023] INFO  grpc.GrpcConfigKeys (ConfUtils.java:logFallback(53)) - raft.grpc.client.host = null (fallback to raft.grpc.server.host)
2023-01-16 14:42:54,571 [Listener at 127.0.0.1/44023] INFO  grpc.GrpcConfigKeys (ConfUtils.java:logGet(46)) - raft.grpc.client.port = 0 (custom)
2023-01-16 14:42:54,571 [Listener at 127.0.0.1/44023] INFO  grpc.GrpcConfigKeys (ConfUtils.java:logGet(46)) - raft.grpc.server.host = null (default)
2023-01-16 14:42:54,572 [Listener at 127.0.0.1/44023] INFO  grpc.GrpcConfigKeys (ConfUtils.java:logGet(46)) - raft.grpc.server.port = 0 (default)
2023-01-16 14:42:54,572 [Listener at 127.0.0.1/44023] INFO  server.GrpcService (ConfUtils.java:logGet(46)) - raft.grpc.message.size.max = 32MB (=33554432) (custom)
2023-01-16 14:42:54,572 [Listener at 127.0.0.1/44023] INFO  server.RaftServerConfigKeys (ConfUtils.java:logGet(46)) - raft.server.log.appender.buffer.byte-limit = 33554432 (custom)
2023-01-16 14:42:54,572 [Listener at 127.0.0.1/44023] INFO  server.GrpcService (ConfUtils.java:logGet(46)) - raft.grpc.flow.control.window = 5MB (=5242880) (custom)
2023-01-16 14:42:54,572 [Listener at 127.0.0.1/44023] INFO  server.RaftServerConfigKeys (ConfUtils.java:logGet(46)) - raft.server.rpc.request.timeout = 60s (custom)
2023-01-16 14:42:54,572 [Listener at 127.0.0.1/44023] INFO  grpc.GrpcConfigKeys (ConfUtils.java:logGet(46)) - raft.grpc.server.heartbeat.channel = true (default)
2023-01-16 14:42:54,572 [Listener at 127.0.0.1/44023] INFO  grpc.GrpcConfigKeys (ConfUtils.java:logGet(46)) - raft.grpc.server.async.request.thread.pool.cached = true (default)
2023-01-16 14:42:54,572 [Listener at 127.0.0.1/44023] INFO  grpc.GrpcConfigKeys (ConfUtils.java:logGet(46)) - raft.grpc.server.async.request.thread.pool.size = 32 (default)
2023-01-16 14:42:54,574 [Listener at 127.0.0.1/44023] INFO  impl.DataStreamServerImpl (ConfUtils.java:logGet(46)) - raft.datastream.type = NETTY (custom)
2023-01-16 14:42:54,574 [Listener at 127.0.0.1/44023] INFO  server.RaftServerConfigKeys (ConfUtils.java:logGet(46)) - raft.server.data-stream.async.request.thread.pool.cached = false (default)
2023-01-16 14:42:54,575 [Listener at 127.0.0.1/44023] INFO  server.RaftServerConfigKeys (ConfUtils.java:logGet(46)) - raft.server.data-stream.async.request.thread.pool.size = 20 (custom)
2023-01-16 14:42:54,575 [Listener at 127.0.0.1/44023] INFO  server.RaftServerConfigKeys (ConfUtils.java:logGet(46)) - raft.server.data-stream.async.write.thread.pool.size = 16 (default)
2023-01-16 14:42:54,575 [Listener at 127.0.0.1/44023] INFO  server.RaftServerConfigKeys (ConfUtils.java:logGet(46)) - raft.server.data-stream.client.pool.size = 10 (default)
2023-01-16 14:42:54,575 [Listener at 127.0.0.1/44023] INFO  netty.NettyConfigKeys$DataStream (ConfUtils.java:logGet(46)) - raft.netty.dataStream.server.use-epoll = false (default)
2023-01-16 14:42:54,575 [Listener at 127.0.0.1/44023] INFO  netty.NettyConfigKeys$DataStream (ConfUtils.java:logGet(46)) - raft.netty.dataStream.server.boss-group.size = 0 (default)
2023-01-16 14:42:54,576 [Listener at 127.0.0.1/44023] INFO  netty.NettyConfigKeys$DataStream (ConfUtils.java:logGet(46)) - raft.netty.dataStream.server.worker-group.size = 0 (default)
2023-01-16 14:42:54,576 [Listener at 127.0.0.1/44023] INFO  netty.NettyConfigKeys$DataStream (ConfUtils.java:logGet(46)) - raft.netty.dataStream.server.tls.conf = null (default)
2023-01-16 14:42:54,576 [Listener at 127.0.0.1/44023] INFO  netty.NettyConfigKeys$DataStream (ConfUtils.java:logGet(46)) - raft.netty.dataStream.host = null (default)
2023-01-16 14:42:54,576 [Listener at 127.0.0.1/44023] INFO  netty.NettyConfigKeys$DataStream (ConfUtils.java:logGet(46)) - raft.netty.dataStream.port = 0 (default)
2023-01-16 14:42:54,579 [Listener at 127.0.0.1/44023] INFO  server.RaftServerConfigKeys (ConfUtils.java:logGet(46)) - raft.server.threadpool.proxy.cached = true (default)
2023-01-16 14:42:54,580 [Listener at 127.0.0.1/44023] INFO  server.RaftServerConfigKeys (ConfUtils.java:logGet(46)) - raft.server.threadpool.proxy.size = 0 (default)
2023-01-16 14:42:54,580 [Listener at 127.0.0.1/44023] INFO  server.RaftServerConfigKeys (ConfUtils.java:logGet(46)) - raft.server.rpc.slowness.timeout = 300s (custom)
2023-01-16 14:42:54,580 [Listener at 127.0.0.1/44023] INFO  server.RaftServerConfigKeys (ConfUtils.java:logGet(46)) - raft.server.leaderelection.leader.step-down.wait-time = 10s (default)
2023-01-16 14:42:54,580 [Listener at 127.0.0.1/44023] INFO  server.RaftServerConfigKeys (ConfUtils.java:logGet(46)) - raft.server.storage.dir = [/home/runner/work/ozone/ozone/hadoop-ozone/integration-test/target/test-dir/MiniOzoneClusterImpl-3631b34d-cc81-4479-8217-32b495b3d7e3/datanode-0/data/ratis] (custom)
2023-01-16 14:42:54,581 [edaf4ec7-b5bd-443f-91da-280c30b6b0af-NettyServerStreamRpc-bossGroup--thread1] INFO  logging.LoggingHandler (AbstractInternalLogger.java:log(148)) - [id: 0x61349ea2] REGISTERED
2023-01-16 14:42:54,581 [edaf4ec7-b5bd-443f-91da-280c30b6b0af-NettyServerStreamRpc-bossGroup--thread1] INFO  logging.LoggingHandler (AbstractInternalLogger.java:log(148)) - [id: 0x61349ea2] BIND: 0.0.0.0/0.0.0.0:0
2023-01-16 14:42:54,581 [edaf4ec7-b5bd-443f-91da-280c30b6b0af-NettyServerStreamRpc-bossGroup--thread1] INFO  logging.LoggingHandler (AbstractInternalLogger.java:log(148)) - [id: 0x61349ea2, L:/0:0:0:0:0:0:0:0:44513] ACTIVE
2023-01-16 14:42:54,585 [Listener at 127.0.0.1/44023] INFO  server.XceiverServerGrpc (XceiverServerGrpc.java:<init>(132)) - GrpcServer channel type EpollServerSocketChannel
2023-01-16 14:42:54,591 [Listener at 127.0.0.1/44023] INFO  http.BaseHttpServer (BaseHttpServer.java:newHttpServer2BuilderForOzone(213)) - Starting Web-server for hddsDatanode at: http://0.0.0.0:0
2023-01-16 14:42:54,591 [Listener at 127.0.0.1/44023] INFO  http.BaseHttpServer (BaseHttpServer.java:<init>(108)) - Hadoop Security Enabled: false Ozone Security Enabled: false Ozone HTTP Security Enabled: false 
2023-01-16 14:42:54,592 [Listener at 127.0.0.1/44023] WARN  server.AuthenticationFilter (AuthenticationFilter.java:constructSecretProvider(240)) - Unable to initialize FileSignerSecretProvider, falling back to use random secrets. Reason: Could not read signature secret file: /home/runner/hadoop-http-auth-signature-secret
2023-01-16 14:42:54,595 [Listener at 127.0.0.1/44023] WARN  http.HttpRequestLog (HttpRequestLog.java:getRequestLog(103)) - Jetty request log can only be enabled using Log4j
2023-01-16 14:42:54,596 [Listener at 127.0.0.1/44023] INFO  http.HttpServer2 (HttpServer2.java:addGlobalFilter(1031)) - Added global filter 'safety' (class=org.apache.hadoop.hdds.server.http.HttpServer2$QuotingInputFilter)
2023-01-16 14:42:54,597 [Listener at 127.0.0.1/44023] INFO  http.HttpServer2 (HttpServer2.java:addFilter(1007)) - Added filter static_user_filter (class=org.apache.hadoop.http.lib.StaticUserWebFilter$StaticUserFilter) to context hddsDatanode
2023-01-16 14:42:54,597 [Listener at 127.0.0.1/44023] INFO  http.HttpServer2 (HttpServer2.java:addFilter(1015)) - Added filter static_user_filter (class=org.apache.hadoop.http.lib.StaticUserWebFilter$StaticUserFilter) to context static
2023-01-16 14:42:54,597 [Listener at 127.0.0.1/44023] INFO  http.HttpServer2 (HttpServer2.java:addFilter(1015)) - Added filter static_user_filter (class=org.apache.hadoop.http.lib.StaticUserWebFilter$StaticUserFilter) to context logs
2023-01-16 14:42:54,598 [Listener at 127.0.0.1/44023] INFO  http.HttpServer2 (HttpServer2.java:bindListener(1250)) - Jetty bound to port 39007
2023-01-16 14:42:54,598 [Listener at 127.0.0.1/44023] INFO  server.Server (Server.java:doStart(375)) - jetty-9.4.49.v20220914; built: 2022-09-14T01:07:36.601Z; git: 4231a3b2e4cb8548a412a789936d640a97b1aa0a; jvm 1.8.0_352-b08
2023-01-16 14:42:54,599 [Listener at 127.0.0.1/44023] INFO  server.session (DefaultSessionIdManager.java:doStart(334)) - DefaultSessionIdManager workerName=node0
2023-01-16 14:42:54,599 [Listener at 127.0.0.1/44023] INFO  server.session (DefaultSessionIdManager.java:doStart(339)) - No SessionScavenger set, using defaults
2023-01-16 14:42:54,600 [Listener at 127.0.0.1/44023] INFO  server.session (HouseKeeper.java:startScavenging(132)) - node0 Scavenging every 660000ms
2023-01-16 14:42:54,600 [Listener at 127.0.0.1/44023] INFO  handler.ContextHandler (ContextHandler.java:doStart(921)) - Started o.e.j.s.ServletContextHandler@15b638bb{logs,/logs,file:///home/runner/work/ozone/ozone/hadoop-ozone/integration-test/target/log,AVAILABLE}
2023-01-16 14:42:54,601 [Listener at 127.0.0.1/44023] INFO  handler.ContextHandler (ContextHandler.java:doStart(921)) - Started o.e.j.s.ServletContextHandler@478fcc24{static,/static,jar:file:/home/runner/.m2/repository/org/apache/ozone/hdds-container-service/1.4.0-SNAPSHOT/hdds-container-service-1.4.0-SNAPSHOT.jar!/webapps/static,AVAILABLE}
2023-01-16 14:42:54,779 [Listener at 127.0.0.1/44023] INFO  handler.ContextHandler (ContextHandler.java:doStart(921)) - Started o.e.j.w.WebAppContext@5e3979b9{hddsDatanode,/,file:///tmp/jetty-0_0_0_0-39007-hdds-container-service-1_4_0-SNAPSHOT_jar-_-any-3440978635814437960/webapp/,AVAILABLE}{jar:file:/home/runner/.m2/repository/org/apache/ozone/hdds-container-service/1.4.0-SNAPSHOT/hdds-container-service-1.4.0-SNAPSHOT.jar!/webapps/hddsDatanode}
2023-01-16 14:42:54,781 [Listener at 127.0.0.1/44023] INFO  server.AbstractConnector (AbstractConnector.java:doStart(333)) - Started ServerConnector@1e4a341{HTTP/1.1, (http/1.1)}{0.0.0.0:39007}
2023-01-16 14:42:54,781 [Listener at 127.0.0.1/44023] INFO  server.Server (Server.java:doStart(415)) - Started @77734ms
2023-01-16 14:42:54,781 [Listener at 127.0.0.1/44023] WARN  impl.MetricsSystemImpl (MetricsSystemImpl.java:register(279)) - Sink prometheus already exists!
2023-01-16 14:42:54,782 [Listener at 127.0.0.1/44023] INFO  http.BaseHttpServer (BaseHttpServer.java:updateConnectorAddress(333)) - HTTP server of hddsDatanode listening at http://0.0.0.0:39007
2023-01-16 14:42:54,782 [Datanode State Machine Daemon Thread] INFO  statemachine.DatanodeStateMachine (DatanodeStateMachine.java:lambda$startDaemon$0(508)) - Ozone container server started.
2023-01-16 14:42:54,782 [Listener at 127.0.0.1/44023] WARN  impl.MetricRegistriesImpl (MetricRegistriesImpl.java:addReporterRegistration(111)) - New reporters are added after registries were created. Some metrics will be missing from the reporter. Please add reporter before adding any new registry.
2023-01-16 14:42:54,783 [Listener at 127.0.0.1/44023] WARN  impl.MetricRegistriesImpl (MetricRegistriesImpl.java:addReporterRegistration(111)) - New reporters are added after registries were created. Some metrics will be missing from the reporter. Please add reporter before adding any new registry.
2023-01-16 14:42:54,783 [Listener at 127.0.0.1/44023] INFO  impl.MetricsSystemImpl (MetricsSystemImpl.java:init(158)) - HddsDatanode metrics system started (again)
2023-01-16 14:42:54,795 [Listener at 127.0.0.1/44023] INFO  ozone.HddsDatanodeService (HddsDatanodeService.java:start(228)) - HddsDatanodeService host:fv-az203-757.ild0l4k5vsluppoevu2oqvhmda.cx.internal.cloudapp.net ip:10.1.1.103
2023-01-16 14:42:54,795 [org.apache.hadoop.util.JvmPauseMonitor$Monitor@262b82f2] INFO  util.JvmPauseMonitor (JvmPauseMonitor.java:run(188)) - Starting JVM pause monitor
2023-01-16 14:42:54,798 [Datanode State Machine Task Thread - 0] INFO  datanode.InitDatanodeState (InitDatanodeState.java:persistContainerDatanodeDetails(138)) - DatanodeDetails is persisted to /home/runner/work/ozone/ozone/hadoop-ozone/integration-test/target/test-dir/MiniOzoneClusterImpl-3631b34d-cc81-4479-8217-32b495b3d7e3/datanode-0/meta/datanode.id
2023-01-16 14:42:54,818 [Listener at 127.0.0.1/44023] INFO  upgrade.AbstractLayoutVersionManager (AbstractLayoutVersionManager.java:init(83)) - Initializing Layout version manager with metadata layout = DATANODE_SCHEMA_V3 (version = 4), software layout = DATANODE_SCHEMA_V3 (version = 4)
2023-01-16 14:42:54,865 [Listener at 127.0.0.1/44023] INFO  reflections.Reflections (Reflections.java:scan(232)) - Reflections took 45 ms to scan 7 urls, producing 146 keys and 350 values 
2023-01-16 14:42:54,867 [Listener at 127.0.0.1/44023] INFO  statemachine.DatanodeStateMachine (DatanodeStateMachine.java:getEndPointTaskThreadPoolSize(248)) - Datanode State Machine Task Thread Pool size 2
2023-01-16 14:42:54,870 [Listener at 127.0.0.1/44023] INFO  volume.HddsVolume (HddsVolume.java:<init>(117)) - Creating HddsVolume: /home/runner/work/ozone/ozone/hadoop-ozone/integration-test/target/test-dir/MiniOzoneClusterImpl-3631b34d-cc81-4479-8217-32b495b3d7e3/datanode-1/data-0/containers/hdds of storage type : DISK capacity : 9223372036854775807
2023-01-16 14:42:54,870 [Listener at 127.0.0.1/44023] INFO  volume.MutableVolumeSet (MutableVolumeSet.java:initializeVolumeSet(174)) - Added Volume : /home/runner/work/ozone/ozone/hadoop-ozone/integration-test/target/test-dir/MiniOzoneClusterImpl-3631b34d-cc81-4479-8217-32b495b3d7e3/datanode-1/data-0/containers/hdds to VolumeSet
2023-01-16 14:42:54,870 [Listener at 127.0.0.1/44023] INFO  volume.ThrottledAsyncChecker (ThrottledAsyncChecker.java:schedule(141)) - Scheduling a check for /home/runner/work/ozone/ozone/hadoop-ozone/integration-test/target/test-dir/MiniOzoneClusterImpl-3631b34d-cc81-4479-8217-32b495b3d7e3/datanode-1/data-0/containers/hdds
2023-01-16 14:42:54,871 [Listener at 127.0.0.1/44023] INFO  volume.StorageVolumeChecker (StorageVolumeChecker.java:checkAllVolumes(202)) - Scheduled health check for volume /home/runner/work/ozone/ozone/hadoop-ozone/integration-test/target/test-dir/MiniOzoneClusterImpl-3631b34d-cc81-4479-8217-32b495b3d7e3/datanode-1/data-0/containers/hdds
2023-01-16 14:42:54,882 [Listener at 127.0.0.1/44023] INFO  volume.MutableVolumeSet (MutableVolumeSet.java:initializeVolumeSet(174)) - Added Volume : /home/runner/work/ozone/ozone/hadoop-ozone/integration-test/target/test-dir/MiniOzoneClusterImpl-3631b34d-cc81-4479-8217-32b495b3d7e3/datanode-1/data/ratis to VolumeSet
2023-01-16 14:42:54,882 [Listener at 127.0.0.1/44023] INFO  volume.ThrottledAsyncChecker (ThrottledAsyncChecker.java:schedule(141)) - Scheduling a check for /home/runner/work/ozone/ozone/hadoop-ozone/integration-test/target/test-dir/MiniOzoneClusterImpl-3631b34d-cc81-4479-8217-32b495b3d7e3/datanode-1/data/ratis
2023-01-16 14:42:54,882 [Listener at 127.0.0.1/44023] INFO  volume.StorageVolumeChecker (StorageVolumeChecker.java:checkAllVolumes(202)) - Scheduled health check for volume /home/runner/work/ozone/ozone/hadoop-ozone/integration-test/target/test-dir/MiniOzoneClusterImpl-3631b34d-cc81-4479-8217-32b495b3d7e3/datanode-1/data/ratis
2023-01-16 14:42:54,894 [Thread-980] INFO  ozoneimpl.ContainerReader (ContainerReader.java:readVolume(175)) - Finish verifying containers on volume /home/runner/work/ozone/ozone/hadoop-ozone/integration-test/target/test-dir/MiniOzoneClusterImpl-3631b34d-cc81-4479-8217-32b495b3d7e3/datanode-1/data-0/containers/hdds
2023-01-16 14:42:54,894 [Listener at 127.0.0.1/44023] INFO  ozoneimpl.OzoneContainer (OzoneContainer.java:buildContainerSet(301)) - Build ContainerSet costs 0s
2023-01-16 14:42:54,898 [Listener at 127.0.0.1/44023] INFO  server.RaftServer (ConfUtils.java:logGet(46)) - raft.rpc.type = GRPC (default)
2023-01-16 14:42:54,898 [Listener at 127.0.0.1/44023] INFO  grpc.GrpcConfigKeys (ConfUtils.java:logFallback(53)) - raft.grpc.admin.host = null (fallback to raft.grpc.server.host)
2023-01-16 14:42:54,898 [Listener at 127.0.0.1/44023] INFO  grpc.GrpcConfigKeys (ConfUtils.java:logGet(46)) - raft.grpc.admin.port = 0 (custom)
2023-01-16 14:42:54,899 [Listener at 127.0.0.1/44023] INFO  grpc.GrpcConfigKeys (ConfUtils.java:logFallback(53)) - raft.grpc.client.host = null (fallback to raft.grpc.server.host)
2023-01-16 14:42:54,899 [Listener at 127.0.0.1/44023] INFO  grpc.GrpcConfigKeys (ConfUtils.java:logGet(46)) - raft.grpc.client.port = 0 (custom)
2023-01-16 14:42:54,899 [Listener at 127.0.0.1/44023] INFO  grpc.GrpcConfigKeys (ConfUtils.java:logGet(46)) - raft.grpc.server.host = null (default)
2023-01-16 14:42:54,899 [Listener at 127.0.0.1/44023] INFO  grpc.GrpcConfigKeys (ConfUtils.java:logGet(46)) - raft.grpc.server.port = 0 (default)
2023-01-16 14:42:54,899 [Listener at 127.0.0.1/44023] INFO  server.GrpcService (ConfUtils.java:logGet(46)) - raft.grpc.message.size.max = 32MB (=33554432) (custom)
2023-01-16 14:42:54,899 [Listener at 127.0.0.1/44023] INFO  server.RaftServerConfigKeys (ConfUtils.java:logGet(46)) - raft.server.log.appender.buffer.byte-limit = 33554432 (custom)
2023-01-16 14:42:54,899 [Listener at 127.0.0.1/44023] INFO  server.GrpcService (ConfUtils.java:logGet(46)) - raft.grpc.flow.control.window = 5MB (=5242880) (custom)
2023-01-16 14:42:54,899 [Listener at 127.0.0.1/44023] INFO  server.RaftServerConfigKeys (ConfUtils.java:logGet(46)) - raft.server.rpc.request.timeout = 60s (custom)
2023-01-16 14:42:54,900 [Listener at 127.0.0.1/44023] INFO  grpc.GrpcConfigKeys (ConfUtils.java:logGet(46)) - raft.grpc.server.heartbeat.channel = true (default)
2023-01-16 14:42:54,900 [Listener at 127.0.0.1/44023] INFO  grpc.GrpcConfigKeys (ConfUtils.java:logGet(46)) - raft.grpc.server.async.request.thread.pool.cached = true (default)
2023-01-16 14:42:54,900 [Listener at 127.0.0.1/44023] INFO  grpc.GrpcConfigKeys (ConfUtils.java:logGet(46)) - raft.grpc.server.async.request.thread.pool.size = 32 (default)
2023-01-16 14:42:54,901 [Listener at 127.0.0.1/44023] INFO  impl.DataStreamServerImpl (ConfUtils.java:logGet(46)) - raft.datastream.type = NETTY (custom)
2023-01-16 14:42:54,901 [Listener at 127.0.0.1/44023] INFO  server.RaftServerConfigKeys (ConfUtils.java:logGet(46)) - raft.server.data-stream.async.request.thread.pool.cached = false (default)
2023-01-16 14:42:54,902 [Listener at 127.0.0.1/44023] INFO  server.RaftServerConfigKeys (ConfUtils.java:logGet(46)) - raft.server.data-stream.async.request.thread.pool.size = 20 (custom)
2023-01-16 14:42:54,902 [Listener at 127.0.0.1/44023] INFO  server.RaftServerConfigKeys (ConfUtils.java:logGet(46)) - raft.server.data-stream.async.write.thread.pool.size = 16 (default)
2023-01-16 14:42:54,902 [Listener at 127.0.0.1/44023] INFO  server.RaftServerConfigKeys (ConfUtils.java:logGet(46)) - raft.server.data-stream.client.pool.size = 10 (default)
2023-01-16 14:42:54,902 [Listener at 127.0.0.1/44023] INFO  netty.NettyConfigKeys$DataStream (ConfUtils.java:logGet(46)) - raft.netty.dataStream.server.use-epoll = false (default)
2023-01-16 14:42:54,902 [Listener at 127.0.0.1/44023] INFO  netty.NettyConfigKeys$DataStream (ConfUtils.java:logGet(46)) - raft.netty.dataStream.server.boss-group.size = 0 (default)
2023-01-16 14:42:54,903 [Listener at 127.0.0.1/44023] INFO  netty.NettyConfigKeys$DataStream (ConfUtils.java:logGet(46)) - raft.netty.dataStream.server.worker-group.size = 0 (default)
2023-01-16 14:42:54,903 [Listener at 127.0.0.1/44023] INFO  netty.NettyConfigKeys$DataStream (ConfUtils.java:logGet(46)) - raft.netty.dataStream.server.tls.conf = null (default)
2023-01-16 14:42:54,903 [Listener at 127.0.0.1/44023] INFO  netty.NettyConfigKeys$DataStream (ConfUtils.java:logGet(46)) - raft.netty.dataStream.host = null (default)
2023-01-16 14:42:54,903 [Listener at 127.0.0.1/44023] INFO  netty.NettyConfigKeys$DataStream (ConfUtils.java:logGet(46)) - raft.netty.dataStream.port = 0 (default)
2023-01-16 14:42:54,904 [Listener at 127.0.0.1/44023] INFO  server.RaftServerConfigKeys (ConfUtils.java:logGet(46)) - raft.server.threadpool.proxy.cached = true (default)
2023-01-16 14:42:54,904 [Listener at 127.0.0.1/44023] INFO  server.RaftServerConfigKeys (ConfUtils.java:logGet(46)) - raft.server.threadpool.proxy.size = 0 (default)
2023-01-16 14:42:54,904 [fe85205b-7d0e-4b68-96f2-42eee8168b18-NettyServerStreamRpc-bossGroup--thread1] INFO  logging.LoggingHandler (AbstractInternalLogger.java:log(148)) - [id: 0x754b3833] REGISTERED
2023-01-16 14:42:54,904 [Listener at 127.0.0.1/44023] INFO  server.RaftServerConfigKeys (ConfUtils.java:logGet(46)) - raft.server.rpc.slowness.timeout = 300s (custom)
2023-01-16 14:42:54,904 [fe85205b-7d0e-4b68-96f2-42eee8168b18-NettyServerStreamRpc-bossGroup--thread1] INFO  logging.LoggingHandler (AbstractInternalLogger.java:log(148)) - [id: 0x754b3833] BIND: 0.0.0.0/0.0.0.0:0
2023-01-16 14:42:54,904 [Listener at 127.0.0.1/44023] INFO  server.RaftServerConfigKeys (ConfUtils.java:logGet(46)) - raft.server.leaderelection.leader.step-down.wait-time = 10s (default)
2023-01-16 14:42:54,904 [fe85205b-7d0e-4b68-96f2-42eee8168b18-NettyServerStreamRpc-bossGroup--thread1] INFO  logging.LoggingHandler (AbstractInternalLogger.java:log(148)) - [id: 0x754b3833, L:/0:0:0:0:0:0:0:0:43717] ACTIVE
2023-01-16 14:42:54,904 [Listener at 127.0.0.1/44023] INFO  server.RaftServerConfigKeys (ConfUtils.java:logGet(46)) - raft.server.storage.dir = [/home/runner/work/ozone/ozone/hadoop-ozone/integration-test/target/test-dir/MiniOzoneClusterImpl-3631b34d-cc81-4479-8217-32b495b3d7e3/datanode-1/data/ratis] (custom)
2023-01-16 14:42:54,906 [Listener at 127.0.0.1/44023] INFO  server.XceiverServerGrpc (XceiverServerGrpc.java:<init>(132)) - GrpcServer channel type EpollServerSocketChannel
2023-01-16 14:42:54,909 [Listener at 127.0.0.1/44023] INFO  http.BaseHttpServer (BaseHttpServer.java:newHttpServer2BuilderForOzone(213)) - Starting Web-server for hddsDatanode at: http://0.0.0.0:0
2023-01-16 14:42:54,909 [Listener at 127.0.0.1/44023] INFO  http.BaseHttpServer (BaseHttpServer.java:<init>(108)) - Hadoop Security Enabled: false Ozone Security Enabled: false Ozone HTTP Security Enabled: false 
2023-01-16 14:42:54,911 [Listener at 127.0.0.1/44023] WARN  server.AuthenticationFilter (AuthenticationFilter.java:constructSecretProvider(240)) - Unable to initialize FileSignerSecretProvider, falling back to use random secrets. Reason: Could not read signature secret file: /home/runner/hadoop-http-auth-signature-secret
2023-01-16 14:42:54,912 [Listener at 127.0.0.1/44023] WARN  http.HttpRequestLog (HttpRequestLog.java:getRequestLog(103)) - Jetty request log can only be enabled using Log4j
2023-01-16 14:42:54,914 [Listener at 127.0.0.1/44023] INFO  http.HttpServer2 (HttpServer2.java:addGlobalFilter(1031)) - Added global filter 'safety' (class=org.apache.hadoop.hdds.server.http.HttpServer2$QuotingInputFilter)
2023-01-16 14:42:54,915 [Listener at 127.0.0.1/44023] INFO  http.HttpServer2 (HttpServer2.java:addFilter(1007)) - Added filter static_user_filter (class=org.apache.hadoop.http.lib.StaticUserWebFilter$StaticUserFilter) to context hddsDatanode
2023-01-16 14:42:54,915 [Listener at 127.0.0.1/44023] INFO  http.HttpServer2 (HttpServer2.java:addFilter(1015)) - Added filter static_user_filter (class=org.apache.hadoop.http.lib.StaticUserWebFilter$StaticUserFilter) to context static
2023-01-16 14:42:54,915 [Listener at 127.0.0.1/44023] INFO  http.HttpServer2 (HttpServer2.java:addFilter(1015)) - Added filter static_user_filter (class=org.apache.hadoop.http.lib.StaticUserWebFilter$StaticUserFilter) to context logs
2023-01-16 14:42:54,915 [Listener at 127.0.0.1/44023] INFO  http.HttpServer2 (HttpServer2.java:bindListener(1250)) - Jetty bound to port 33209
2023-01-16 14:42:54,916 [Listener at 127.0.0.1/44023] INFO  server.Server (Server.java:doStart(375)) - jetty-9.4.49.v20220914; built: 2022-09-14T01:07:36.601Z; git: 4231a3b2e4cb8548a412a789936d640a97b1aa0a; jvm 1.8.0_352-b08
2023-01-16 14:42:54,917 [Listener at 127.0.0.1/44023] INFO  server.session (DefaultSessionIdManager.java:doStart(334)) - DefaultSessionIdManager workerName=node0
2023-01-16 14:42:54,917 [Listener at 127.0.0.1/44023] INFO  server.session (DefaultSessionIdManager.java:doStart(339)) - No SessionScavenger set, using defaults
2023-01-16 14:42:54,921 [Listener at 127.0.0.1/44023] INFO  server.session (HouseKeeper.java:startScavenging(132)) - node0 Scavenging every 600000ms
2023-01-16 14:42:54,922 [Listener at 127.0.0.1/44023] INFO  handler.ContextHandler (ContextHandler.java:doStart(921)) - Started o.e.j.s.ServletContextHandler@16c48d5a{logs,/logs,file:///home/runner/work/ozone/ozone/hadoop-ozone/integration-test/target/log,AVAILABLE}
2023-01-16 14:42:54,922 [Listener at 127.0.0.1/44023] INFO  handler.ContextHandler (ContextHandler.java:doStart(921)) - Started o.e.j.s.ServletContextHandler@641ccc76{static,/static,jar:file:/home/runner/.m2/repository/org/apache/ozone/hdds-container-service/1.4.0-SNAPSHOT/hdds-container-service-1.4.0-SNAPSHOT.jar!/webapps/static,AVAILABLE}
2023-01-16 14:42:55,088 [Listener at 127.0.0.1/44023] INFO  handler.ContextHandler (ContextHandler.java:doStart(921)) - Started o.e.j.w.WebAppContext@66a8dba9{hddsDatanode,/,file:///tmp/jetty-0_0_0_0-33209-hdds-container-service-1_4_0-SNAPSHOT_jar-_-any-1107432736208381950/webapp/,AVAILABLE}{jar:file:/home/runner/.m2/repository/org/apache/ozone/hdds-container-service/1.4.0-SNAPSHOT/hdds-container-service-1.4.0-SNAPSHOT.jar!/webapps/hddsDatanode}
2023-01-16 14:42:55,090 [Listener at 127.0.0.1/44023] INFO  server.AbstractConnector (AbstractConnector.java:doStart(333)) - Started ServerConnector@35fbebc7{HTTP/1.1, (http/1.1)}{0.0.0.0:33209}
2023-01-16 14:42:55,090 [Listener at 127.0.0.1/44023] INFO  server.Server (Server.java:doStart(415)) - Started @78044ms
2023-01-16 14:42:55,091 [Listener at 127.0.0.1/44023] WARN  impl.MetricsSystemImpl (MetricsSystemImpl.java:register(279)) - Sink prometheus already exists!
2023-01-16 14:42:55,091 [Listener at 127.0.0.1/44023] INFO  http.BaseHttpServer (BaseHttpServer.java:updateConnectorAddress(333)) - HTTP server of hddsDatanode listening at http://0.0.0.0:33209
2023-01-16 14:42:55,092 [Datanode State Machine Daemon Thread] INFO  statemachine.DatanodeStateMachine (DatanodeStateMachine.java:lambda$startDaemon$0(508)) - Ozone container server started.
2023-01-16 14:42:55,092 [Listener at 127.0.0.1/44023] WARN  impl.MetricRegistriesImpl (MetricRegistriesImpl.java:addReporterRegistration(111)) - New reporters are added after registries were created. Some metrics will be missing from the reporter. Please add reporter before adding any new registry.
2023-01-16 14:42:55,093 [Listener at 127.0.0.1/44023] WARN  impl.MetricRegistriesImpl (MetricRegistriesImpl.java:addReporterRegistration(111)) - New reporters are added after registries were created. Some metrics will be missing from the reporter. Please add reporter before adding any new registry.
2023-01-16 14:42:55,093 [Listener at 127.0.0.1/44023] INFO  impl.MetricsSystemImpl (MetricsSystemImpl.java:init(158)) - HddsDatanode metrics system started (again)
2023-01-16 14:42:55,104 [org.apache.hadoop.util.JvmPauseMonitor$Monitor@7cce3d1e] INFO  util.JvmPauseMonitor (JvmPauseMonitor.java:run(188)) - Starting JVM pause monitor
2023-01-16 14:42:55,106 [Listener at 127.0.0.1/44023] INFO  ozone.HddsDatanodeService (HddsDatanodeService.java:start(228)) - HddsDatanodeService host:fv-az203-757.ild0l4k5vsluppoevu2oqvhmda.cx.internal.cloudapp.net ip:10.1.1.103
2023-01-16 14:42:55,117 [Datanode State Machine Task Thread - 0] INFO  datanode.InitDatanodeState (InitDatanodeState.java:persistContainerDatanodeDetails(138)) - DatanodeDetails is persisted to /home/runner/work/ozone/ozone/hadoop-ozone/integration-test/target/test-dir/MiniOzoneClusterImpl-3631b34d-cc81-4479-8217-32b495b3d7e3/datanode-1/meta/datanode.id
2023-01-16 14:42:55,138 [Listener at 127.0.0.1/44023] INFO  upgrade.AbstractLayoutVersionManager (AbstractLayoutVersionManager.java:init(83)) - Initializing Layout version manager with metadata layout = DATANODE_SCHEMA_V3 (version = 4), software layout = DATANODE_SCHEMA_V3 (version = 4)
2023-01-16 14:42:55,182 [Listener at 127.0.0.1/44023] INFO  reflections.Reflections (Reflections.java:scan(232)) - Reflections took 43 ms to scan 7 urls, producing 146 keys and 350 values 
2023-01-16 14:42:55,185 [Listener at 127.0.0.1/44023] INFO  statemachine.DatanodeStateMachine (DatanodeStateMachine.java:getEndPointTaskThreadPoolSize(248)) - Datanode State Machine Task Thread Pool size 2
2023-01-16 14:42:55,188 [Listener at 127.0.0.1/44023] INFO  volume.HddsVolume (HddsVolume.java:<init>(117)) - Creating HddsVolume: /home/runner/work/ozone/ozone/hadoop-ozone/integration-test/target/test-dir/MiniOzoneClusterImpl-3631b34d-cc81-4479-8217-32b495b3d7e3/datanode-2/data-0/containers/hdds of storage type : DISK capacity : 9223372036854775807
2023-01-16 14:42:55,189 [Listener at 127.0.0.1/44023] INFO  volume.MutableVolumeSet (MutableVolumeSet.java:initializeVolumeSet(174)) - Added Volume : /home/runner/work/ozone/ozone/hadoop-ozone/integration-test/target/test-dir/MiniOzoneClusterImpl-3631b34d-cc81-4479-8217-32b495b3d7e3/datanode-2/data-0/containers/hdds to VolumeSet
2023-01-16 14:42:55,189 [Listener at 127.0.0.1/44023] INFO  volume.ThrottledAsyncChecker (ThrottledAsyncChecker.java:schedule(141)) - Scheduling a check for /home/runner/work/ozone/ozone/hadoop-ozone/integration-test/target/test-dir/MiniOzoneClusterImpl-3631b34d-cc81-4479-8217-32b495b3d7e3/datanode-2/data-0/containers/hdds
2023-01-16 14:42:55,191 [Listener at 127.0.0.1/44023] INFO  volume.StorageVolumeChecker (StorageVolumeChecker.java:checkAllVolumes(202)) - Scheduled health check for volume /home/runner/work/ozone/ozone/hadoop-ozone/integration-test/target/test-dir/MiniOzoneClusterImpl-3631b34d-cc81-4479-8217-32b495b3d7e3/datanode-2/data-0/containers/hdds
2023-01-16 14:42:55,205 [Listener at 127.0.0.1/44023] INFO  volume.MutableVolumeSet (MutableVolumeSet.java:initializeVolumeSet(174)) - Added Volume : /home/runner/work/ozone/ozone/hadoop-ozone/integration-test/target/test-dir/MiniOzoneClusterImpl-3631b34d-cc81-4479-8217-32b495b3d7e3/datanode-2/data/ratis to VolumeSet
2023-01-16 14:42:55,206 [Listener at 127.0.0.1/44023] INFO  volume.ThrottledAsyncChecker (ThrottledAsyncChecker.java:schedule(141)) - Scheduling a check for /home/runner/work/ozone/ozone/hadoop-ozone/integration-test/target/test-dir/MiniOzoneClusterImpl-3631b34d-cc81-4479-8217-32b495b3d7e3/datanode-2/data/ratis
2023-01-16 14:42:55,206 [Listener at 127.0.0.1/44023] INFO  volume.StorageVolumeChecker (StorageVolumeChecker.java:checkAllVolumes(202)) - Scheduled health check for volume /home/runner/work/ozone/ozone/hadoop-ozone/integration-test/target/test-dir/MiniOzoneClusterImpl-3631b34d-cc81-4479-8217-32b495b3d7e3/datanode-2/data/ratis
2023-01-16 14:42:55,220 [Thread-994] INFO  ozoneimpl.ContainerReader (ContainerReader.java:readVolume(175)) - Finish verifying containers on volume /home/runner/work/ozone/ozone/hadoop-ozone/integration-test/target/test-dir/MiniOzoneClusterImpl-3631b34d-cc81-4479-8217-32b495b3d7e3/datanode-2/data-0/containers/hdds
2023-01-16 14:42:55,220 [Listener at 127.0.0.1/44023] INFO  ozoneimpl.OzoneContainer (OzoneContainer.java:buildContainerSet(301)) - Build ContainerSet costs 0s
2023-01-16 14:42:55,223 [Listener at 127.0.0.1/44023] INFO  server.RaftServer (ConfUtils.java:logGet(46)) - raft.rpc.type = GRPC (default)
2023-01-16 14:42:55,223 [Listener at 127.0.0.1/44023] INFO  grpc.GrpcConfigKeys (ConfUtils.java:logFallback(53)) - raft.grpc.admin.host = null (fallback to raft.grpc.server.host)
2023-01-16 14:42:55,223 [Listener at 127.0.0.1/44023] INFO  grpc.GrpcConfigKeys (ConfUtils.java:logGet(46)) - raft.grpc.admin.port = 0 (custom)
2023-01-16 14:42:55,223 [Listener at 127.0.0.1/44023] INFO  grpc.GrpcConfigKeys (ConfUtils.java:logFallback(53)) - raft.grpc.client.host = null (fallback to raft.grpc.server.host)
2023-01-16 14:42:55,223 [Listener at 127.0.0.1/44023] INFO  grpc.GrpcConfigKeys (ConfUtils.java:logGet(46)) - raft.grpc.client.port = 0 (custom)
2023-01-16 14:42:55,224 [Listener at 127.0.0.1/44023] INFO  grpc.GrpcConfigKeys (ConfUtils.java:logGet(46)) - raft.grpc.server.host = null (default)
2023-01-16 14:42:55,224 [Listener at 127.0.0.1/44023] INFO  grpc.GrpcConfigKeys (ConfUtils.java:logGet(46)) - raft.grpc.server.port = 0 (default)
2023-01-16 14:42:55,224 [Listener at 127.0.0.1/44023] INFO  server.GrpcService (ConfUtils.java:logGet(46)) - raft.grpc.message.size.max = 32MB (=33554432) (custom)
2023-01-16 14:42:55,224 [Listener at 127.0.0.1/44023] INFO  server.RaftServerConfigKeys (ConfUtils.java:logGet(46)) - raft.server.log.appender.buffer.byte-limit = 33554432 (custom)
2023-01-16 14:42:55,224 [Listener at 127.0.0.1/44023] INFO  server.GrpcService (ConfUtils.java:logGet(46)) - raft.grpc.flow.control.window = 5MB (=5242880) (custom)
2023-01-16 14:42:55,224 [Listener at 127.0.0.1/44023] INFO  server.RaftServerConfigKeys (ConfUtils.java:logGet(46)) - raft.server.rpc.request.timeout = 60s (custom)
2023-01-16 14:42:55,224 [Listener at 127.0.0.1/44023] INFO  grpc.GrpcConfigKeys (ConfUtils.java:logGet(46)) - raft.grpc.server.heartbeat.channel = true (default)
2023-01-16 14:42:55,225 [Listener at 127.0.0.1/44023] INFO  grpc.GrpcConfigKeys (ConfUtils.java:logGet(46)) - raft.grpc.server.async.request.thread.pool.cached = true (default)
2023-01-16 14:42:55,225 [Listener at 127.0.0.1/44023] INFO  grpc.GrpcConfigKeys (ConfUtils.java:logGet(46)) - raft.grpc.server.async.request.thread.pool.size = 32 (default)
2023-01-16 14:42:55,230 [Listener at 127.0.0.1/44023] INFO  impl.DataStreamServerImpl (ConfUtils.java:logGet(46)) - raft.datastream.type = NETTY (custom)
2023-01-16 14:42:55,230 [Listener at 127.0.0.1/44023] INFO  server.RaftServerConfigKeys (ConfUtils.java:logGet(46)) - raft.server.data-stream.async.request.thread.pool.cached = false (default)
2023-01-16 14:42:55,230 [Listener at 127.0.0.1/44023] INFO  server.RaftServerConfigKeys (ConfUtils.java:logGet(46)) - raft.server.data-stream.async.request.thread.pool.size = 20 (custom)
2023-01-16 14:42:55,231 [Listener at 127.0.0.1/44023] INFO  server.RaftServerConfigKeys (ConfUtils.java:logGet(46)) - raft.server.data-stream.async.write.thread.pool.size = 16 (default)
2023-01-16 14:42:55,231 [Listener at 127.0.0.1/44023] INFO  server.RaftServerConfigKeys (ConfUtils.java:logGet(46)) - raft.server.data-stream.client.pool.size = 10 (default)
2023-01-16 14:42:55,231 [Listener at 127.0.0.1/44023] INFO  netty.NettyConfigKeys$DataStream (ConfUtils.java:logGet(46)) - raft.netty.dataStream.server.use-epoll = false (default)
2023-01-16 14:42:55,231 [Listener at 127.0.0.1/44023] INFO  netty.NettyConfigKeys$DataStream (ConfUtils.java:logGet(46)) - raft.netty.dataStream.server.boss-group.size = 0 (default)
2023-01-16 14:42:55,231 [Listener at 127.0.0.1/44023] INFO  netty.NettyConfigKeys$DataStream (ConfUtils.java:logGet(46)) - raft.netty.dataStream.server.worker-group.size = 0 (default)
2023-01-16 14:42:55,232 [Listener at 127.0.0.1/44023] INFO  netty.NettyConfigKeys$DataStream (ConfUtils.java:logGet(46)) - raft.netty.dataStream.server.tls.conf = null (default)
2023-01-16 14:42:55,232 [Listener at 127.0.0.1/44023] INFO  netty.NettyConfigKeys$DataStream (ConfUtils.java:logGet(46)) - raft.netty.dataStream.host = null (default)
2023-01-16 14:42:55,232 [Listener at 127.0.0.1/44023] INFO  netty.NettyConfigKeys$DataStream (ConfUtils.java:logGet(46)) - raft.netty.dataStream.port = 0 (default)
2023-01-16 14:42:55,233 [Listener at 127.0.0.1/44023] INFO  server.RaftServerConfigKeys (ConfUtils.java:logGet(46)) - raft.server.threadpool.proxy.cached = true (default)
2023-01-16 14:42:55,233 [Listener at 127.0.0.1/44023] INFO  server.RaftServerConfigKeys (ConfUtils.java:logGet(46)) - raft.server.threadpool.proxy.size = 0 (default)
2023-01-16 14:42:55,233 [Listener at 127.0.0.1/44023] INFO  server.RaftServerConfigKeys (ConfUtils.java:logGet(46)) - raft.server.rpc.slowness.timeout = 300s (custom)
2023-01-16 14:42:55,233 [Listener at 127.0.0.1/44023] INFO  server.RaftServerConfigKeys (ConfUtils.java:logGet(46)) - raft.server.leaderelection.leader.step-down.wait-time = 10s (default)
2023-01-16 14:42:55,233 [Listener at 127.0.0.1/44023] INFO  server.RaftServerConfigKeys (ConfUtils.java:logGet(46)) - raft.server.storage.dir = [/home/runner/work/ozone/ozone/hadoop-ozone/integration-test/target/test-dir/MiniOzoneClusterImpl-3631b34d-cc81-4479-8217-32b495b3d7e3/datanode-2/data/ratis] (custom)
2023-01-16 14:42:55,234 [b4158a24-f3b4-469a-87ed-87f7753bcb12-NettyServerStreamRpc-bossGroup--thread1] INFO  logging.LoggingHandler (AbstractInternalLogger.java:log(148)) - [id: 0xb0c96804] REGISTERED
2023-01-16 14:42:55,234 [b4158a24-f3b4-469a-87ed-87f7753bcb12-NettyServerStreamRpc-bossGroup--thread1] INFO  logging.LoggingHandler (AbstractInternalLogger.java:log(148)) - [id: 0xb0c96804] BIND: 0.0.0.0/0.0.0.0:0
2023-01-16 14:42:55,234 [b4158a24-f3b4-469a-87ed-87f7753bcb12-NettyServerStreamRpc-bossGroup--thread1] INFO  logging.LoggingHandler (AbstractInternalLogger.java:log(148)) - [id: 0xb0c96804, L:/0:0:0:0:0:0:0:0:39137] ACTIVE
2023-01-16 14:42:55,235 [Listener at 127.0.0.1/44023] INFO  server.XceiverServerGrpc (XceiverServerGrpc.java:<init>(132)) - GrpcServer channel type EpollServerSocketChannel
2023-01-16 14:42:55,238 [Listener at 127.0.0.1/44023] INFO  http.BaseHttpServer (BaseHttpServer.java:newHttpServer2BuilderForOzone(213)) - Starting Web-server for hddsDatanode at: http://0.0.0.0:0
2023-01-16 14:42:55,238 [Listener at 127.0.0.1/44023] INFO  http.BaseHttpServer (BaseHttpServer.java:<init>(108)) - Hadoop Security Enabled: false Ozone Security Enabled: false Ozone HTTP Security Enabled: false 
2023-01-16 14:42:55,240 [Listener at 127.0.0.1/44023] WARN  server.AuthenticationFilter (AuthenticationFilter.java:constructSecretProvider(240)) - Unable to initialize FileSignerSecretProvider, falling back to use random secrets. Reason: Could not read signature secret file: /home/runner/hadoop-http-auth-signature-secret
2023-01-16 14:42:55,242 [Listener at 127.0.0.1/44023] WARN  http.HttpRequestLog (HttpRequestLog.java:getRequestLog(103)) - Jetty request log can only be enabled using Log4j
2023-01-16 14:42:55,244 [Listener at 127.0.0.1/44023] INFO  http.HttpServer2 (HttpServer2.java:addGlobalFilter(1031)) - Added global filter 'safety' (class=org.apache.hadoop.hdds.server.http.HttpServer2$QuotingInputFilter)
2023-01-16 14:42:55,245 [Listener at 127.0.0.1/44023] INFO  http.HttpServer2 (HttpServer2.java:addFilter(1007)) - Added filter static_user_filter (class=org.apache.hadoop.http.lib.StaticUserWebFilter$StaticUserFilter) to context hddsDatanode
2023-01-16 14:42:55,245 [Listener at 127.0.0.1/44023] INFO  http.HttpServer2 (HttpServer2.java:addFilter(1015)) - Added filter static_user_filter (class=org.apache.hadoop.http.lib.StaticUserWebFilter$StaticUserFilter) to context static
2023-01-16 14:42:55,245 [Listener at 127.0.0.1/44023] INFO  http.HttpServer2 (HttpServer2.java:addFilter(1015)) - Added filter static_user_filter (class=org.apache.hadoop.http.lib.StaticUserWebFilter$StaticUserFilter) to context logs
2023-01-16 14:42:55,247 [Listener at 127.0.0.1/44023] INFO  http.HttpServer2 (HttpServer2.java:bindListener(1250)) - Jetty bound to port 35153
2023-01-16 14:42:55,248 [Listener at 127.0.0.1/44023] INFO  server.Server (Server.java:doStart(375)) - jetty-9.4.49.v20220914; built: 2022-09-14T01:07:36.601Z; git: 4231a3b2e4cb8548a412a789936d640a97b1aa0a; jvm 1.8.0_352-b08
2023-01-16 14:42:55,253 [Listener at 127.0.0.1/44023] INFO  server.session (DefaultSessionIdManager.java:doStart(334)) - DefaultSessionIdManager workerName=node0
2023-01-16 14:42:55,253 [Listener at 127.0.0.1/44023] INFO  server.session (DefaultSessionIdManager.java:doStart(339)) - No SessionScavenger set, using defaults
2023-01-16 14:42:55,253 [Listener at 127.0.0.1/44023] INFO  server.session (HouseKeeper.java:startScavenging(132)) - node0 Scavenging every 600000ms
2023-01-16 14:42:55,254 [Listener at 127.0.0.1/44023] INFO  handler.ContextHandler (ContextHandler.java:doStart(921)) - Started o.e.j.s.ServletContextHandler@3921f846{logs,/logs,file:///home/runner/work/ozone/ozone/hadoop-ozone/integration-test/target/log,AVAILABLE}
2023-01-16 14:42:55,255 [Listener at 127.0.0.1/44023] INFO  handler.ContextHandler (ContextHandler.java:doStart(921)) - Started o.e.j.s.ServletContextHandler@29a52d94{static,/static,jar:file:/home/runner/.m2/repository/org/apache/ozone/hdds-container-service/1.4.0-SNAPSHOT/hdds-container-service-1.4.0-SNAPSHOT.jar!/webapps/static,AVAILABLE}
2023-01-16 14:42:55,428 [Listener at 127.0.0.1/44023] INFO  handler.ContextHandler (ContextHandler.java:doStart(921)) - Started o.e.j.w.WebAppContext@56b37ee9{hddsDatanode,/,file:///tmp/jetty-0_0_0_0-35153-hdds-container-service-1_4_0-SNAPSHOT_jar-_-any-4666342780868653411/webapp/,AVAILABLE}{jar:file:/home/runner/.m2/repository/org/apache/ozone/hdds-container-service/1.4.0-SNAPSHOT/hdds-container-service-1.4.0-SNAPSHOT.jar!/webapps/hddsDatanode}
2023-01-16 14:42:55,430 [Listener at 127.0.0.1/44023] INFO  server.AbstractConnector (AbstractConnector.java:doStart(333)) - Started ServerConnector@2cde0ff{HTTP/1.1, (http/1.1)}{0.0.0.0:35153}
2023-01-16 14:42:55,430 [Listener at 127.0.0.1/44023] INFO  server.Server (Server.java:doStart(415)) - Started @78383ms
2023-01-16 14:42:55,430 [Listener at 127.0.0.1/44023] WARN  impl.MetricsSystemImpl (MetricsSystemImpl.java:register(279)) - Sink prometheus already exists!
2023-01-16 14:42:55,431 [Listener at 127.0.0.1/44023] INFO  http.BaseHttpServer (BaseHttpServer.java:updateConnectorAddress(333)) - HTTP server of hddsDatanode listening at http://0.0.0.0:35153
2023-01-16 14:42:55,431 [Datanode State Machine Daemon Thread] INFO  statemachine.DatanodeStateMachine (DatanodeStateMachine.java:lambda$startDaemon$0(508)) - Ozone container server started.
2023-01-16 14:42:55,444 [Listener at 127.0.0.1/44023] WARN  impl.MetricRegistriesImpl (MetricRegistriesImpl.java:addReporterRegistration(111)) - New reporters are added after registries were created. Some metrics will be missing from the reporter. Please add reporter before adding any new registry.
2023-01-16 14:42:55,444 [Listener at 127.0.0.1/44023] WARN  impl.MetricRegistriesImpl (MetricRegistriesImpl.java:addReporterRegistration(111)) - New reporters are added after registries were created. Some metrics will be missing from the reporter. Please add reporter before adding any new registry.
2023-01-16 14:42:55,444 [Listener at 127.0.0.1/44023] INFO  impl.MetricsSystemImpl (MetricsSystemImpl.java:init(158)) - HddsDatanode metrics system started (again)
2023-01-16 14:42:55,444 [org.apache.hadoop.util.JvmPauseMonitor$Monitor@29e1940f] INFO  util.JvmPauseMonitor (JvmPauseMonitor.java:run(188)) - Starting JVM pause monitor
2023-01-16 14:42:55,449 [Datanode State Machine Task Thread - 0] INFO  datanode.InitDatanodeState (InitDatanodeState.java:persistContainerDatanodeDetails(138)) - DatanodeDetails is persisted to /home/runner/work/ozone/ozone/hadoop-ozone/integration-test/target/test-dir/MiniOzoneClusterImpl-3631b34d-cc81-4479-8217-32b495b3d7e3/datanode-2/meta/datanode.id
2023-01-16 14:42:55,456 [Listener at 127.0.0.1/44023] INFO  ozone.HddsDatanodeService (HddsDatanodeService.java:start(228)) - HddsDatanodeService host:fv-az203-757.ild0l4k5vsluppoevu2oqvhmda.cx.internal.cloudapp.net ip:10.1.1.103
2023-01-16 14:42:55,478 [Listener at 127.0.0.1/44023] INFO  upgrade.AbstractLayoutVersionManager (AbstractLayoutVersionManager.java:init(83)) - Initializing Layout version manager with metadata layout = DATANODE_SCHEMA_V3 (version = 4), software layout = DATANODE_SCHEMA_V3 (version = 4)
2023-01-16 14:42:55,522 [Listener at 127.0.0.1/44023] INFO  reflections.Reflections (Reflections.java:scan(232)) - Reflections took 42 ms to scan 7 urls, producing 146 keys and 350 values 
2023-01-16 14:42:55,525 [Listener at 127.0.0.1/44023] INFO  statemachine.DatanodeStateMachine (DatanodeStateMachine.java:getEndPointTaskThreadPoolSize(248)) - Datanode State Machine Task Thread Pool size 2
2023-01-16 14:42:55,530 [Listener at 127.0.0.1/44023] INFO  volume.HddsVolume (HddsVolume.java:<init>(117)) - Creating HddsVolume: /home/runner/work/ozone/ozone/hadoop-ozone/integration-test/target/test-dir/MiniOzoneClusterImpl-3631b34d-cc81-4479-8217-32b495b3d7e3/datanode-3/data-0/containers/hdds of storage type : DISK capacity : 9223372036854775807
2023-01-16 14:42:55,531 [Listener at 127.0.0.1/44023] INFO  volume.MutableVolumeSet (MutableVolumeSet.java:initializeVolumeSet(174)) - Added Volume : /home/runner/work/ozone/ozone/hadoop-ozone/integration-test/target/test-dir/MiniOzoneClusterImpl-3631b34d-cc81-4479-8217-32b495b3d7e3/datanode-3/data-0/containers/hdds to VolumeSet
2023-01-16 14:42:55,531 [Listener at 127.0.0.1/44023] INFO  volume.ThrottledAsyncChecker (ThrottledAsyncChecker.java:schedule(141)) - Scheduling a check for /home/runner/work/ozone/ozone/hadoop-ozone/integration-test/target/test-dir/MiniOzoneClusterImpl-3631b34d-cc81-4479-8217-32b495b3d7e3/datanode-3/data-0/containers/hdds
2023-01-16 14:42:55,532 [Listener at 127.0.0.1/44023] INFO  volume.StorageVolumeChecker (StorageVolumeChecker.java:checkAllVolumes(202)) - Scheduled health check for volume /home/runner/work/ozone/ozone/hadoop-ozone/integration-test/target/test-dir/MiniOzoneClusterImpl-3631b34d-cc81-4479-8217-32b495b3d7e3/datanode-3/data-0/containers/hdds
2023-01-16 14:42:55,543 [Listener at 127.0.0.1/44023] INFO  volume.MutableVolumeSet (MutableVolumeSet.java:initializeVolumeSet(174)) - Added Volume : /home/runner/work/ozone/ozone/hadoop-ozone/integration-test/target/test-dir/MiniOzoneClusterImpl-3631b34d-cc81-4479-8217-32b495b3d7e3/datanode-3/data/ratis to VolumeSet
2023-01-16 14:42:55,543 [Listener at 127.0.0.1/44023] INFO  volume.ThrottledAsyncChecker (ThrottledAsyncChecker.java:schedule(141)) - Scheduling a check for /home/runner/work/ozone/ozone/hadoop-ozone/integration-test/target/test-dir/MiniOzoneClusterImpl-3631b34d-cc81-4479-8217-32b495b3d7e3/datanode-3/data/ratis
2023-01-16 14:42:55,544 [Listener at 127.0.0.1/44023] INFO  volume.StorageVolumeChecker (StorageVolumeChecker.java:checkAllVolumes(202)) - Scheduled health check for volume /home/runner/work/ozone/ozone/hadoop-ozone/integration-test/target/test-dir/MiniOzoneClusterImpl-3631b34d-cc81-4479-8217-32b495b3d7e3/datanode-3/data/ratis
2023-01-16 14:42:55,555 [Thread-1008] INFO  ozoneimpl.ContainerReader (ContainerReader.java:readVolume(175)) - Finish verifying containers on volume /home/runner/work/ozone/ozone/hadoop-ozone/integration-test/target/test-dir/MiniOzoneClusterImpl-3631b34d-cc81-4479-8217-32b495b3d7e3/datanode-3/data-0/containers/hdds
2023-01-16 14:42:55,555 [Listener at 127.0.0.1/44023] INFO  ozoneimpl.OzoneContainer (OzoneContainer.java:buildContainerSet(301)) - Build ContainerSet costs 0s
2023-01-16 14:42:55,557 [Listener at 127.0.0.1/44023] INFO  server.RaftServer (ConfUtils.java:logGet(46)) - raft.rpc.type = GRPC (default)
2023-01-16 14:42:55,557 [Listener at 127.0.0.1/44023] INFO  grpc.GrpcConfigKeys (ConfUtils.java:logFallback(53)) - raft.grpc.admin.host = null (fallback to raft.grpc.server.host)
2023-01-16 14:42:55,558 [Listener at 127.0.0.1/44023] INFO  grpc.GrpcConfigKeys (ConfUtils.java:logGet(46)) - raft.grpc.admin.port = 0 (custom)
2023-01-16 14:42:55,558 [Listener at 127.0.0.1/44023] INFO  grpc.GrpcConfigKeys (ConfUtils.java:logFallback(53)) - raft.grpc.client.host = null (fallback to raft.grpc.server.host)
2023-01-16 14:42:55,558 [Listener at 127.0.0.1/44023] INFO  grpc.GrpcConfigKeys (ConfUtils.java:logGet(46)) - raft.grpc.client.port = 0 (custom)
2023-01-16 14:42:55,558 [Listener at 127.0.0.1/44023] INFO  grpc.GrpcConfigKeys (ConfUtils.java:logGet(46)) - raft.grpc.server.host = null (default)
2023-01-16 14:42:55,558 [Listener at 127.0.0.1/44023] INFO  grpc.GrpcConfigKeys (ConfUtils.java:logGet(46)) - raft.grpc.server.port = 0 (default)
2023-01-16 14:42:55,558 [Listener at 127.0.0.1/44023] INFO  server.GrpcService (ConfUtils.java:logGet(46)) - raft.grpc.message.size.max = 32MB (=33554432) (custom)
2023-01-16 14:42:55,558 [Listener at 127.0.0.1/44023] INFO  server.RaftServerConfigKeys (ConfUtils.java:logGet(46)) - raft.server.log.appender.buffer.byte-limit = 33554432 (custom)
2023-01-16 14:42:55,558 [Listener at 127.0.0.1/44023] INFO  server.GrpcService (ConfUtils.java:logGet(46)) - raft.grpc.flow.control.window = 5MB (=5242880) (custom)
2023-01-16 14:42:55,559 [Listener at 127.0.0.1/44023] INFO  server.RaftServerConfigKeys (ConfUtils.java:logGet(46)) - raft.server.rpc.request.timeout = 60s (custom)
2023-01-16 14:42:55,559 [Listener at 127.0.0.1/44023] INFO  grpc.GrpcConfigKeys (ConfUtils.java:logGet(46)) - raft.grpc.server.heartbeat.channel = true (default)
2023-01-16 14:42:55,559 [Listener at 127.0.0.1/44023] INFO  grpc.GrpcConfigKeys (ConfUtils.java:logGet(46)) - raft.grpc.server.async.request.thread.pool.cached = true (default)
2023-01-16 14:42:55,559 [Listener at 127.0.0.1/44023] INFO  grpc.GrpcConfigKeys (ConfUtils.java:logGet(46)) - raft.grpc.server.async.request.thread.pool.size = 32 (default)
2023-01-16 14:42:55,560 [Listener at 127.0.0.1/44023] INFO  impl.DataStreamServerImpl (ConfUtils.java:logGet(46)) - raft.datastream.type = NETTY (custom)
2023-01-16 14:42:55,560 [Listener at 127.0.0.1/44023] INFO  server.RaftServerConfigKeys (ConfUtils.java:logGet(46)) - raft.server.data-stream.async.request.thread.pool.cached = false (default)
2023-01-16 14:42:55,560 [Listener at 127.0.0.1/44023] INFO  server.RaftServerConfigKeys (ConfUtils.java:logGet(46)) - raft.server.data-stream.async.request.thread.pool.size = 20 (custom)
2023-01-16 14:42:55,561 [Listener at 127.0.0.1/44023] INFO  server.RaftServerConfigKeys (ConfUtils.java:logGet(46)) - raft.server.data-stream.async.write.thread.pool.size = 16 (default)
2023-01-16 14:42:55,561 [Listener at 127.0.0.1/44023] INFO  server.RaftServerConfigKeys (ConfUtils.java:logGet(46)) - raft.server.data-stream.client.pool.size = 10 (default)
2023-01-16 14:42:55,561 [Listener at 127.0.0.1/44023] INFO  netty.NettyConfigKeys$DataStream (ConfUtils.java:logGet(46)) - raft.netty.dataStream.server.use-epoll = false (default)
2023-01-16 14:42:55,561 [Listener at 127.0.0.1/44023] INFO  netty.NettyConfigKeys$DataStream (ConfUtils.java:logGet(46)) - raft.netty.dataStream.server.boss-group.size = 0 (default)
2023-01-16 14:42:55,561 [Listener at 127.0.0.1/44023] INFO  netty.NettyConfigKeys$DataStream (ConfUtils.java:logGet(46)) - raft.netty.dataStream.server.worker-group.size = 0 (default)
2023-01-16 14:42:55,562 [Listener at 127.0.0.1/44023] INFO  netty.NettyConfigKeys$DataStream (ConfUtils.java:logGet(46)) - raft.netty.dataStream.server.tls.conf = null (default)
2023-01-16 14:42:55,562 [Listener at 127.0.0.1/44023] INFO  netty.NettyConfigKeys$DataStream (ConfUtils.java:logGet(46)) - raft.netty.dataStream.host = null (default)
2023-01-16 14:42:55,562 [Listener at 127.0.0.1/44023] INFO  netty.NettyConfigKeys$DataStream (ConfUtils.java:logGet(46)) - raft.netty.dataStream.port = 0 (default)
2023-01-16 14:42:55,562 [Listener at 127.0.0.1/44023] INFO  server.RaftServerConfigKeys (ConfUtils.java:logGet(46)) - raft.server.threadpool.proxy.cached = true (default)
2023-01-16 14:42:55,563 [Listener at 127.0.0.1/44023] INFO  server.RaftServerConfigKeys (ConfUtils.java:logGet(46)) - raft.server.threadpool.proxy.size = 0 (default)
2023-01-16 14:42:55,563 [Listener at 127.0.0.1/44023] INFO  server.RaftServerConfigKeys (ConfUtils.java:logGet(46)) - raft.server.rpc.slowness.timeout = 300s (custom)
2023-01-16 14:42:55,563 [Listener at 127.0.0.1/44023] INFO  server.RaftServerConfigKeys (ConfUtils.java:logGet(46)) - raft.server.leaderelection.leader.step-down.wait-time = 10s (default)
2023-01-16 14:42:55,563 [Listener at 127.0.0.1/44023] INFO  server.RaftServerConfigKeys (ConfUtils.java:logGet(46)) - raft.server.storage.dir = [/home/runner/work/ozone/ozone/hadoop-ozone/integration-test/target/test-dir/MiniOzoneClusterImpl-3631b34d-cc81-4479-8217-32b495b3d7e3/datanode-3/data/ratis] (custom)
2023-01-16 14:42:55,563 [5cd6f085-199f-4d86-8efd-dd16eb4c4197-NettyServerStreamRpc-bossGroup--thread1] INFO  logging.LoggingHandler (AbstractInternalLogger.java:log(148)) - [id: 0xfe064b25] REGISTERED
2023-01-16 14:42:55,563 [5cd6f085-199f-4d86-8efd-dd16eb4c4197-NettyServerStreamRpc-bossGroup--thread1] INFO  logging.LoggingHandler (AbstractInternalLogger.java:log(148)) - [id: 0xfe064b25] BIND: 0.0.0.0/0.0.0.0:0
2023-01-16 14:42:55,564 [5cd6f085-199f-4d86-8efd-dd16eb4c4197-NettyServerStreamRpc-bossGroup--thread1] INFO  logging.LoggingHandler (AbstractInternalLogger.java:log(148)) - [id: 0xfe064b25, L:/0:0:0:0:0:0:0:0:38531] ACTIVE
2023-01-16 14:42:55,564 [Listener at 127.0.0.1/44023] INFO  server.XceiverServerGrpc (XceiverServerGrpc.java:<init>(132)) - GrpcServer channel type EpollServerSocketChannel
2023-01-16 14:42:55,568 [Listener at 127.0.0.1/44023] INFO  http.BaseHttpServer (BaseHttpServer.java:newHttpServer2BuilderForOzone(213)) - Starting Web-server for hddsDatanode at: http://0.0.0.0:0
2023-01-16 14:42:55,568 [Listener at 127.0.0.1/44023] INFO  http.BaseHttpServer (BaseHttpServer.java:<init>(108)) - Hadoop Security Enabled: false Ozone Security Enabled: false Ozone HTTP Security Enabled: false 
2023-01-16 14:42:55,569 [Listener at 127.0.0.1/44023] WARN  server.AuthenticationFilter (AuthenticationFilter.java:constructSecretProvider(240)) - Unable to initialize FileSignerSecretProvider, falling back to use random secrets. Reason: Could not read signature secret file: /home/runner/hadoop-http-auth-signature-secret
2023-01-16 14:42:55,572 [Listener at 127.0.0.1/44023] WARN  http.HttpRequestLog (HttpRequestLog.java:getRequestLog(103)) - Jetty request log can only be enabled using Log4j
2023-01-16 14:42:55,573 [Listener at 127.0.0.1/44023] INFO  http.HttpServer2 (HttpServer2.java:addGlobalFilter(1031)) - Added global filter 'safety' (class=org.apache.hadoop.hdds.server.http.HttpServer2$QuotingInputFilter)
2023-01-16 14:42:55,573 [Listener at 127.0.0.1/44023] INFO  http.HttpServer2 (HttpServer2.java:addFilter(1007)) - Added filter static_user_filter (class=org.apache.hadoop.http.lib.StaticUserWebFilter$StaticUserFilter) to context hddsDatanode
2023-01-16 14:42:55,574 [Listener at 127.0.0.1/44023] INFO  http.HttpServer2 (HttpServer2.java:addFilter(1015)) - Added filter static_user_filter (class=org.apache.hadoop.http.lib.StaticUserWebFilter$StaticUserFilter) to context static
2023-01-16 14:42:55,574 [Listener at 127.0.0.1/44023] INFO  http.HttpServer2 (HttpServer2.java:addFilter(1015)) - Added filter static_user_filter (class=org.apache.hadoop.http.lib.StaticUserWebFilter$StaticUserFilter) to context logs
2023-01-16 14:42:55,574 [Listener at 127.0.0.1/44023] INFO  http.HttpServer2 (HttpServer2.java:bindListener(1250)) - Jetty bound to port 39617
2023-01-16 14:42:55,574 [Listener at 127.0.0.1/44023] INFO  server.Server (Server.java:doStart(375)) - jetty-9.4.49.v20220914; built: 2022-09-14T01:07:36.601Z; git: 4231a3b2e4cb8548a412a789936d640a97b1aa0a; jvm 1.8.0_352-b08
2023-01-16 14:42:55,576 [Listener at 127.0.0.1/44023] INFO  server.session (DefaultSessionIdManager.java:doStart(334)) - DefaultSessionIdManager workerName=node0
2023-01-16 14:42:55,576 [Listener at 127.0.0.1/44023] INFO  server.session (DefaultSessionIdManager.java:doStart(339)) - No SessionScavenger set, using defaults
2023-01-16 14:42:55,576 [Listener at 127.0.0.1/44023] INFO  server.session (HouseKeeper.java:startScavenging(132)) - node0 Scavenging every 660000ms
2023-01-16 14:42:55,577 [Listener at 127.0.0.1/44023] INFO  handler.ContextHandler (ContextHandler.java:doStart(921)) - Started o.e.j.s.ServletContextHandler@67bc6d94{logs,/logs,file:///home/runner/work/ozone/ozone/hadoop-ozone/integration-test/target/log,AVAILABLE}
2023-01-16 14:42:55,577 [Listener at 127.0.0.1/44023] INFO  handler.ContextHandler (ContextHandler.java:doStart(921)) - Started o.e.j.s.ServletContextHandler@71bc94fa{static,/static,jar:file:/home/runner/.m2/repository/org/apache/ozone/hdds-container-service/1.4.0-SNAPSHOT/hdds-container-service-1.4.0-SNAPSHOT.jar!/webapps/static,AVAILABLE}
2023-01-16 14:42:55,586 [om1@group-C5BA1605619E-FollowerState] INFO  impl.FollowerState (FollowerState.java:run(143)) - om1@group-C5BA1605619E-FollowerState: change to CANDIDATE, lastRpcElapsedTime:1196549821ns, electionTimeout:1196ms
2023-01-16 14:42:55,587 [om1@group-C5BA1605619E-FollowerState] INFO  impl.RoleInfo (RoleInfo.java:shutdownFollowerState(110)) - om1: shutdown om1@group-C5BA1605619E-FollowerState
2023-01-16 14:42:55,587 [om1@group-C5BA1605619E-FollowerState] INFO  server.RaftServer$Division (RaftServerImpl.java:setRole(321)) - om1@group-C5BA1605619E: changes role from  FOLLOWER to CANDIDATE at term 0 for changeToCandidate
2023-01-16 14:42:55,587 [om1@group-C5BA1605619E-FollowerState] INFO  server.RaftServerConfigKeys (ConfUtils.java:logGet(46)) - raft.server.leaderelection.pre-vote = false (custom)
2023-01-16 14:42:55,587 [om1@group-C5BA1605619E-FollowerState] INFO  impl.RoleInfo (RoleInfo.java:updateAndGet(139)) - om1: start om1@group-C5BA1605619E-LeaderElection30
2023-01-16 14:42:55,590 [om1@group-C5BA1605619E-LeaderElection30] INFO  impl.LeaderElection (LeaderElection.java:askForVotes(312)) - om1@group-C5BA1605619E-LeaderElection30 ELECTION round 0: submit vote requests at term 1 for -1: peers:[om1|rpc:localhost:9872|priority:0|startupRole:FOLLOWER]|listeners:[], old=null
2023-01-16 14:42:55,590 [om1@group-C5BA1605619E-LeaderElection30] INFO  impl.LeaderElection (LeaderElection.java:askForVotes(314)) - om1@group-C5BA1605619E-LeaderElection30 ELECTION round 0: result PASSED (term=1)
2023-01-16 14:42:55,590 [om1@group-C5BA1605619E-LeaderElection30] INFO  impl.RoleInfo (RoleInfo.java:shutdownLeaderElection(130)) - om1: shutdown om1@group-C5BA1605619E-LeaderElection30
2023-01-16 14:42:55,590 [om1@group-C5BA1605619E-LeaderElection30] INFO  server.RaftServer$Division (RaftServerImpl.java:setRole(321)) - om1@group-C5BA1605619E: changes role from CANDIDATE to LEADER at term 1 for changeToLeader
2023-01-16 14:42:55,590 [om1@group-C5BA1605619E-LeaderElection30] INFO  server.RaftServer$Division (ServerState.java:setLeader(313)) - om1@group-C5BA1605619E: change Leader from null to om1 at term 1 for becomeLeader, leader elected after 1679ms
2023-01-16 14:42:55,590 [om1@group-C5BA1605619E-LeaderElection30] INFO  server.RaftServerConfigKeys (ConfUtils.java:logGet(46)) - raft.server.staging.catchup.gap = 1000 (default)
2023-01-16 14:42:55,590 [om1@group-C5BA1605619E-LeaderElection30] INFO  server.RaftServerConfigKeys (ConfUtils.java:logGet(46)) - raft.server.write.element-limit = 4096 (default)
2023-01-16 14:42:55,590 [om1@group-C5BA1605619E-LeaderElection30] INFO  server.RaftServerConfigKeys (ConfUtils.java:logGet(46)) - raft.server.write.byte-limit = 64MB (=67108864) (default)
2023-01-16 14:42:55,590 [om1@group-C5BA1605619E-LeaderElection30] INFO  server.RaftServerConfigKeys (ConfUtils.java:logGet(46)) - raft.server.watch.timeout = 10s (default)
2023-01-16 14:42:55,590 [om1@group-C5BA1605619E-LeaderElection30] INFO  server.RaftServerConfigKeys (ConfUtils.java:logGet(46)) - raft.server.watch.timeout.denomination = 1s (default)
2023-01-16 14:42:55,590 [om1@group-C5BA1605619E-LeaderElection30] INFO  server.RaftServerConfigKeys (ConfUtils.java:logGet(46)) - raft.server.watch.element-limit = 65536 (default)
2023-01-16 14:42:55,590 [om1@group-C5BA1605619E-LeaderElection30] INFO  server.RaftServerConfigKeys (ConfUtils.java:logGet(46)) - raft.server.write.element-limit = 4096 (default)
2023-01-16 14:42:55,590 [om1@group-C5BA1605619E-LeaderElection30] INFO  server.RaftServerConfigKeys (ConfUtils.java:logGet(46)) - raft.server.write.follower.gap.ratio.max = -1.0 (default)
2023-01-16 14:42:55,590 [om1@group-C5BA1605619E-LeaderElection30] INFO  impl.RoleInfo (RoleInfo.java:updateAndGet(139)) - om1: start om1@group-C5BA1605619E-LeaderStateImpl
2023-01-16 14:42:55,591 [om1@group-C5BA1605619E-LeaderElection30] INFO  segmented.SegmentedRaftLogWorker (SegmentedRaftLogWorker.java:startLogSegment(452)) - om1@group-C5BA1605619E-SegmentedRaftLogWorker: Starting segment from index:0
2023-01-16 14:42:55,607 [om1@group-C5BA1605619E-LeaderElection30] INFO  server.RaftServer$Division (ServerState.java:setRaftConf(430)) - om1@group-C5BA1605619E: set configuration 0: peers:[om1|rpc:localhost:9872|admin:|client:|dataStream:|priority:0|startupRole:FOLLOWER]|listeners:[], old=null
2023-01-16 14:42:55,608 [om1@group-C5BA1605619E-SegmentedRaftLogWorker] INFO  segmented.SegmentedRaftLogWorker (SegmentedRaftLogWorker.java:execute(656)) - om1@group-C5BA1605619E-SegmentedRaftLogWorker: created new log segment /home/runner/work/ozone/ozone/hadoop-ozone/integration-test/target/test-dir/MiniOzoneClusterImpl-3631b34d-cc81-4479-8217-32b495b3d7e3/ozone-meta/ratis/bf265839-605b-3f16-9796-c5ba1605619e/current/log_inprogress_0
2023-01-16 14:42:55,608 [om1@group-C5BA1605619E-StateMachineUpdater] INFO  ratis.OzoneManagerStateMachine (OzoneManagerStateMachine.java:notifyConfigurationChanged(192)) - Received Configuration change notification from Ratis. New Peer list:
[id: "om1"
address: "localhost:9872"
startupRole: FOLLOWER
]
2023-01-16 14:42:55,747 [Listener at 127.0.0.1/44023] INFO  handler.ContextHandler (ContextHandler.java:doStart(921)) - Started o.e.j.w.WebAppContext@6f3f1cb9{hddsDatanode,/,file:///tmp/jetty-0_0_0_0-39617-hdds-container-service-1_4_0-SNAPSHOT_jar-_-any-1672654295420744682/webapp/,AVAILABLE}{jar:file:/home/runner/.m2/repository/org/apache/ozone/hdds-container-service/1.4.0-SNAPSHOT/hdds-container-service-1.4.0-SNAPSHOT.jar!/webapps/hddsDatanode}
2023-01-16 14:42:55,748 [Listener at 127.0.0.1/44023] INFO  server.AbstractConnector (AbstractConnector.java:doStart(333)) - Started ServerConnector@5d0e4b9{HTTP/1.1, (http/1.1)}{0.0.0.0:39617}
2023-01-16 14:42:55,749 [Listener at 127.0.0.1/44023] INFO  server.Server (Server.java:doStart(415)) - Started @78702ms
2023-01-16 14:42:55,749 [Listener at 127.0.0.1/44023] WARN  impl.MetricsSystemImpl (MetricsSystemImpl.java:register(279)) - Sink prometheus already exists!
2023-01-16 14:42:55,749 [Listener at 127.0.0.1/44023] INFO  http.BaseHttpServer (BaseHttpServer.java:updateConnectorAddress(333)) - HTTP server of hddsDatanode listening at http://0.0.0.0:39617
2023-01-16 14:42:55,751 [Listener at 127.0.0.1/44023] WARN  impl.MetricRegistriesImpl (MetricRegistriesImpl.java:addReporterRegistration(111)) - New reporters are added after registries were created. Some metrics will be missing from the reporter. Please add reporter before adding any new registry.
2023-01-16 14:42:55,752 [Listener at 127.0.0.1/44023] WARN  impl.MetricRegistriesImpl (MetricRegistriesImpl.java:addReporterRegistration(111)) - New reporters are added after registries were created. Some metrics will be missing from the reporter. Please add reporter before adding any new registry.
2023-01-16 14:42:55,752 [Listener at 127.0.0.1/44023] INFO  impl.MetricsSystemImpl (MetricsSystemImpl.java:init(158)) - HddsDatanode metrics system started (again)
2023-01-16 14:42:55,757 [Datanode State Machine Daemon Thread] INFO  statemachine.DatanodeStateMachine (DatanodeStateMachine.java:lambda$startDaemon$0(508)) - Ozone container server started.
2023-01-16 14:42:55,763 [org.apache.hadoop.util.JvmPauseMonitor$Monitor@4d5e84f7] INFO  util.JvmPauseMonitor (JvmPauseMonitor.java:run(188)) - Starting JVM pause monitor
2023-01-16 14:42:55,770 [Listener at 127.0.0.1/44023] INFO  ozone.HddsDatanodeService (HddsDatanodeService.java:start(228)) - HddsDatanodeService host:fv-az203-757.ild0l4k5vsluppoevu2oqvhmda.cx.internal.cloudapp.net ip:10.1.1.103
2023-01-16 14:42:55,776 [Datanode State Machine Task Thread - 0] INFO  datanode.InitDatanodeState (InitDatanodeState.java:persistContainerDatanodeDetails(138)) - DatanodeDetails is persisted to /home/runner/work/ozone/ozone/hadoop-ozone/integration-test/target/test-dir/MiniOzoneClusterImpl-3631b34d-cc81-4479-8217-32b495b3d7e3/datanode-3/meta/datanode.id
2023-01-16 14:42:55,790 [Listener at 127.0.0.1/44023] INFO  upgrade.AbstractLayoutVersionManager (AbstractLayoutVersionManager.java:init(83)) - Initializing Layout version manager with metadata layout = DATANODE_SCHEMA_V3 (version = 4), software layout = DATANODE_SCHEMA_V3 (version = 4)
2023-01-16 14:42:55,834 [Listener at 127.0.0.1/44023] INFO  reflections.Reflections (Reflections.java:scan(232)) - Reflections took 42 ms to scan 7 urls, producing 146 keys and 350 values 
2023-01-16 14:42:55,836 [Listener at 127.0.0.1/44023] INFO  statemachine.DatanodeStateMachine (DatanodeStateMachine.java:getEndPointTaskThreadPoolSize(248)) - Datanode State Machine Task Thread Pool size 2
2023-01-16 14:42:55,838 [Listener at 127.0.0.1/44023] INFO  volume.HddsVolume (HddsVolume.java:<init>(117)) - Creating HddsVolume: /home/runner/work/ozone/ozone/hadoop-ozone/integration-test/target/test-dir/MiniOzoneClusterImpl-3631b34d-cc81-4479-8217-32b495b3d7e3/datanode-4/data-0/containers/hdds of storage type : DISK capacity : 9223372036854775807
2023-01-16 14:42:55,838 [Listener at 127.0.0.1/44023] INFO  volume.MutableVolumeSet (MutableVolumeSet.java:initializeVolumeSet(174)) - Added Volume : /home/runner/work/ozone/ozone/hadoop-ozone/integration-test/target/test-dir/MiniOzoneClusterImpl-3631b34d-cc81-4479-8217-32b495b3d7e3/datanode-4/data-0/containers/hdds to VolumeSet
2023-01-16 14:42:55,838 [Listener at 127.0.0.1/44023] INFO  volume.ThrottledAsyncChecker (ThrottledAsyncChecker.java:schedule(141)) - Scheduling a check for /home/runner/work/ozone/ozone/hadoop-ozone/integration-test/target/test-dir/MiniOzoneClusterImpl-3631b34d-cc81-4479-8217-32b495b3d7e3/datanode-4/data-0/containers/hdds
2023-01-16 14:42:55,838 [Listener at 127.0.0.1/44023] INFO  volume.StorageVolumeChecker (StorageVolumeChecker.java:checkAllVolumes(202)) - Scheduled health check for volume /home/runner/work/ozone/ozone/hadoop-ozone/integration-test/target/test-dir/MiniOzoneClusterImpl-3631b34d-cc81-4479-8217-32b495b3d7e3/datanode-4/data-0/containers/hdds
2023-01-16 14:42:55,849 [Listener at 127.0.0.1/44023] INFO  volume.MutableVolumeSet (MutableVolumeSet.java:initializeVolumeSet(174)) - Added Volume : /home/runner/work/ozone/ozone/hadoop-ozone/integration-test/target/test-dir/MiniOzoneClusterImpl-3631b34d-cc81-4479-8217-32b495b3d7e3/datanode-4/data/ratis to VolumeSet
2023-01-16 14:42:55,849 [Listener at 127.0.0.1/44023] INFO  volume.ThrottledAsyncChecker (ThrottledAsyncChecker.java:schedule(141)) - Scheduling a check for /home/runner/work/ozone/ozone/hadoop-ozone/integration-test/target/test-dir/MiniOzoneClusterImpl-3631b34d-cc81-4479-8217-32b495b3d7e3/datanode-4/data/ratis
2023-01-16 14:42:55,850 [Listener at 127.0.0.1/44023] INFO  volume.StorageVolumeChecker (StorageVolumeChecker.java:checkAllVolumes(202)) - Scheduled health check for volume /home/runner/work/ozone/ozone/hadoop-ozone/integration-test/target/test-dir/MiniOzoneClusterImpl-3631b34d-cc81-4479-8217-32b495b3d7e3/datanode-4/data/ratis
2023-01-16 14:42:55,860 [Thread-1024] INFO  ozoneimpl.ContainerReader (ContainerReader.java:readVolume(175)) - Finish verifying containers on volume /home/runner/work/ozone/ozone/hadoop-ozone/integration-test/target/test-dir/MiniOzoneClusterImpl-3631b34d-cc81-4479-8217-32b495b3d7e3/datanode-4/data-0/containers/hdds
2023-01-16 14:42:55,860 [Listener at 127.0.0.1/44023] INFO  ozoneimpl.OzoneContainer (OzoneContainer.java:buildContainerSet(301)) - Build ContainerSet costs 0s
2023-01-16 14:42:55,861 [Listener at 127.0.0.1/44023] INFO  server.RaftServer (ConfUtils.java:logGet(46)) - raft.rpc.type = GRPC (default)
2023-01-16 14:42:55,862 [Listener at 127.0.0.1/44023] INFO  grpc.GrpcConfigKeys (ConfUtils.java:logFallback(53)) - raft.grpc.admin.host = null (fallback to raft.grpc.server.host)
2023-01-16 14:42:55,862 [Listener at 127.0.0.1/44023] INFO  grpc.GrpcConfigKeys (ConfUtils.java:logGet(46)) - raft.grpc.admin.port = 0 (custom)
2023-01-16 14:42:55,862 [Listener at 127.0.0.1/44023] INFO  grpc.GrpcConfigKeys (ConfUtils.java:logFallback(53)) - raft.grpc.client.host = null (fallback to raft.grpc.server.host)
2023-01-16 14:42:55,862 [Listener at 127.0.0.1/44023] INFO  grpc.GrpcConfigKeys (ConfUtils.java:logGet(46)) - raft.grpc.client.port = 0 (custom)
2023-01-16 14:42:55,863 [Listener at 127.0.0.1/44023] INFO  grpc.GrpcConfigKeys (ConfUtils.java:logGet(46)) - raft.grpc.server.host = null (default)
2023-01-16 14:42:55,863 [Listener at 127.0.0.1/44023] INFO  grpc.GrpcConfigKeys (ConfUtils.java:logGet(46)) - raft.grpc.server.port = 0 (default)
2023-01-16 14:42:55,863 [Listener at 127.0.0.1/44023] INFO  server.GrpcService (ConfUtils.java:logGet(46)) - raft.grpc.message.size.max = 32MB (=33554432) (custom)
2023-01-16 14:42:55,863 [Listener at 127.0.0.1/44023] INFO  server.RaftServerConfigKeys (ConfUtils.java:logGet(46)) - raft.server.log.appender.buffer.byte-limit = 33554432 (custom)
2023-01-16 14:42:55,863 [Listener at 127.0.0.1/44023] INFO  server.GrpcService (ConfUtils.java:logGet(46)) - raft.grpc.flow.control.window = 5MB (=5242880) (custom)
2023-01-16 14:42:55,863 [Listener at 127.0.0.1/44023] INFO  server.RaftServerConfigKeys (ConfUtils.java:logGet(46)) - raft.server.rpc.request.timeout = 60s (custom)
2023-01-16 14:42:55,863 [Listener at 127.0.0.1/44023] INFO  grpc.GrpcConfigKeys (ConfUtils.java:logGet(46)) - raft.grpc.server.heartbeat.channel = true (default)
2023-01-16 14:42:55,863 [Listener at 127.0.0.1/44023] INFO  grpc.GrpcConfigKeys (ConfUtils.java:logGet(46)) - raft.grpc.server.async.request.thread.pool.cached = true (default)
2023-01-16 14:42:55,864 [Listener at 127.0.0.1/44023] INFO  grpc.GrpcConfigKeys (ConfUtils.java:logGet(46)) - raft.grpc.server.async.request.thread.pool.size = 32 (default)
2023-01-16 14:42:55,865 [Listener at 127.0.0.1/44023] INFO  impl.DataStreamServerImpl (ConfUtils.java:logGet(46)) - raft.datastream.type = NETTY (custom)
2023-01-16 14:42:55,865 [Listener at 127.0.0.1/44023] INFO  server.RaftServerConfigKeys (ConfUtils.java:logGet(46)) - raft.server.data-stream.async.request.thread.pool.cached = false (default)
2023-01-16 14:42:55,865 [Listener at 127.0.0.1/44023] INFO  server.RaftServerConfigKeys (ConfUtils.java:logGet(46)) - raft.server.data-stream.async.request.thread.pool.size = 20 (custom)
2023-01-16 14:42:55,865 [Listener at 127.0.0.1/44023] INFO  server.RaftServerConfigKeys (ConfUtils.java:logGet(46)) - raft.server.data-stream.async.write.thread.pool.size = 16 (default)
2023-01-16 14:42:55,865 [Listener at 127.0.0.1/44023] INFO  server.RaftServerConfigKeys (ConfUtils.java:logGet(46)) - raft.server.data-stream.client.pool.size = 10 (default)
2023-01-16 14:42:55,866 [Listener at 127.0.0.1/44023] INFO  netty.NettyConfigKeys$DataStream (ConfUtils.java:logGet(46)) - raft.netty.dataStream.server.use-epoll = false (default)
2023-01-16 14:42:55,866 [Listener at 127.0.0.1/44023] INFO  netty.NettyConfigKeys$DataStream (ConfUtils.java:logGet(46)) - raft.netty.dataStream.server.boss-group.size = 0 (default)
2023-01-16 14:42:55,866 [Listener at 127.0.0.1/44023] INFO  netty.NettyConfigKeys$DataStream (ConfUtils.java:logGet(46)) - raft.netty.dataStream.server.worker-group.size = 0 (default)
2023-01-16 14:42:55,866 [Listener at 127.0.0.1/44023] INFO  netty.NettyConfigKeys$DataStream (ConfUtils.java:logGet(46)) - raft.netty.dataStream.server.tls.conf = null (default)
2023-01-16 14:42:55,866 [Listener at 127.0.0.1/44023] INFO  netty.NettyConfigKeys$DataStream (ConfUtils.java:logGet(46)) - raft.netty.dataStream.host = null (default)
2023-01-16 14:42:55,867 [Listener at 127.0.0.1/44023] INFO  netty.NettyConfigKeys$DataStream (ConfUtils.java:logGet(46)) - raft.netty.dataStream.port = 0 (default)
2023-01-16 14:42:55,867 [Listener at 127.0.0.1/44023] INFO  server.RaftServerConfigKeys (ConfUtils.java:logGet(46)) - raft.server.threadpool.proxy.cached = true (default)
2023-01-16 14:42:55,868 [Listener at 127.0.0.1/44023] INFO  server.RaftServerConfigKeys (ConfUtils.java:logGet(46)) - raft.server.threadpool.proxy.size = 0 (default)
2023-01-16 14:42:55,868 [Listener at 127.0.0.1/44023] INFO  server.RaftServerConfigKeys (ConfUtils.java:logGet(46)) - raft.server.rpc.slowness.timeout = 300s (custom)
2023-01-16 14:42:55,868 [Listener at 127.0.0.1/44023] INFO  server.RaftServerConfigKeys (ConfUtils.java:logGet(46)) - raft.server.leaderelection.leader.step-down.wait-time = 10s (default)
2023-01-16 14:42:55,868 [Listener at 127.0.0.1/44023] INFO  server.RaftServerConfigKeys (ConfUtils.java:logGet(46)) - raft.server.storage.dir = [/home/runner/work/ozone/ozone/hadoop-ozone/integration-test/target/test-dir/MiniOzoneClusterImpl-3631b34d-cc81-4479-8217-32b495b3d7e3/datanode-4/data/ratis] (custom)
2023-01-16 14:42:55,868 [53290e67-17c3-4c90-996e-c8ad22d82667-NettyServerStreamRpc-bossGroup--thread1] INFO  logging.LoggingHandler (AbstractInternalLogger.java:log(148)) - [id: 0xdf924b4e] REGISTERED
2023-01-16 14:42:55,869 [53290e67-17c3-4c90-996e-c8ad22d82667-NettyServerStreamRpc-bossGroup--thread1] INFO  logging.LoggingHandler (AbstractInternalLogger.java:log(148)) - [id: 0xdf924b4e] BIND: 0.0.0.0/0.0.0.0:0
2023-01-16 14:42:55,869 [53290e67-17c3-4c90-996e-c8ad22d82667-NettyServerStreamRpc-bossGroup--thread1] INFO  logging.LoggingHandler (AbstractInternalLogger.java:log(148)) - [id: 0xdf924b4e, L:/0:0:0:0:0:0:0:0:39377] ACTIVE
2023-01-16 14:42:55,871 [Listener at 127.0.0.1/44023] INFO  server.XceiverServerGrpc (XceiverServerGrpc.java:<init>(132)) - GrpcServer channel type EpollServerSocketChannel
2023-01-16 14:42:55,874 [Listener at 127.0.0.1/44023] INFO  http.BaseHttpServer (BaseHttpServer.java:newHttpServer2BuilderForOzone(213)) - Starting Web-server for hddsDatanode at: http://0.0.0.0:0
2023-01-16 14:42:55,874 [Listener at 127.0.0.1/44023] INFO  http.BaseHttpServer (BaseHttpServer.java:<init>(108)) - Hadoop Security Enabled: false Ozone Security Enabled: false Ozone HTTP Security Enabled: false 
2023-01-16 14:42:55,875 [Listener at 127.0.0.1/44023] WARN  server.AuthenticationFilter (AuthenticationFilter.java:constructSecretProvider(240)) - Unable to initialize FileSignerSecretProvider, falling back to use random secrets. Reason: Could not read signature secret file: /home/runner/hadoop-http-auth-signature-secret
2023-01-16 14:42:55,880 [Listener at 127.0.0.1/44023] WARN  http.HttpRequestLog (HttpRequestLog.java:getRequestLog(103)) - Jetty request log can only be enabled using Log4j
2023-01-16 14:42:55,881 [Listener at 127.0.0.1/44023] INFO  http.HttpServer2 (HttpServer2.java:addGlobalFilter(1031)) - Added global filter 'safety' (class=org.apache.hadoop.hdds.server.http.HttpServer2$QuotingInputFilter)
2023-01-16 14:42:55,881 [Listener at 127.0.0.1/44023] INFO  http.HttpServer2 (HttpServer2.java:addFilter(1007)) - Added filter static_user_filter (class=org.apache.hadoop.http.lib.StaticUserWebFilter$StaticUserFilter) to context hddsDatanode
2023-01-16 14:42:55,881 [Listener at 127.0.0.1/44023] INFO  http.HttpServer2 (HttpServer2.java:addFilter(1015)) - Added filter static_user_filter (class=org.apache.hadoop.http.lib.StaticUserWebFilter$StaticUserFilter) to context logs
2023-01-16 14:42:55,882 [Listener at 127.0.0.1/44023] INFO  http.HttpServer2 (HttpServer2.java:addFilter(1015)) - Added filter static_user_filter (class=org.apache.hadoop.http.lib.StaticUserWebFilter$StaticUserFilter) to context static
2023-01-16 14:42:55,882 [Listener at 127.0.0.1/44023] INFO  http.HttpServer2 (HttpServer2.java:bindListener(1250)) - Jetty bound to port 36985
2023-01-16 14:42:55,882 [Listener at 127.0.0.1/44023] INFO  server.Server (Server.java:doStart(375)) - jetty-9.4.49.v20220914; built: 2022-09-14T01:07:36.601Z; git: 4231a3b2e4cb8548a412a789936d640a97b1aa0a; jvm 1.8.0_352-b08
2023-01-16 14:42:55,884 [Listener at 127.0.0.1/44023] INFO  server.session (DefaultSessionIdManager.java:doStart(334)) - DefaultSessionIdManager workerName=node0
2023-01-16 14:42:55,884 [Listener at 127.0.0.1/44023] INFO  server.session (DefaultSessionIdManager.java:doStart(339)) - No SessionScavenger set, using defaults
2023-01-16 14:42:55,884 [Listener at 127.0.0.1/44023] INFO  server.session (HouseKeeper.java:startScavenging(132)) - node0 Scavenging every 660000ms
2023-01-16 14:42:55,885 [Listener at 127.0.0.1/44023] INFO  handler.ContextHandler (ContextHandler.java:doStart(921)) - Started o.e.j.s.ServletContextHandler@25d8d7ed{logs,/logs,file:///home/runner/work/ozone/ozone/hadoop-ozone/integration-test/target/log,AVAILABLE}
2023-01-16 14:42:55,885 [Listener at 127.0.0.1/44023] INFO  handler.ContextHandler (ContextHandler.java:doStart(921)) - Started o.e.j.s.ServletContextHandler@79f40088{static,/static,jar:file:/home/runner/.m2/repository/org/apache/ozone/hdds-container-service/1.4.0-SNAPSHOT/hdds-container-service-1.4.0-SNAPSHOT.jar!/webapps/static,AVAILABLE}
2023-01-16 14:42:56,052 [Listener at 127.0.0.1/44023] INFO  handler.ContextHandler (ContextHandler.java:doStart(921)) - Started o.e.j.w.WebAppContext@66e85a55{hddsDatanode,/,file:///tmp/jetty-0_0_0_0-36985-hdds-container-service-1_4_0-SNAPSHOT_jar-_-any-409425177355598457/webapp/,AVAILABLE}{jar:file:/home/runner/.m2/repository/org/apache/ozone/hdds-container-service/1.4.0-SNAPSHOT/hdds-container-service-1.4.0-SNAPSHOT.jar!/webapps/hddsDatanode}
2023-01-16 14:42:56,054 [Listener at 127.0.0.1/44023] INFO  server.AbstractConnector (AbstractConnector.java:doStart(333)) - Started ServerConnector@410c5e08{HTTP/1.1, (http/1.1)}{0.0.0.0:36985}
2023-01-16 14:42:56,054 [Listener at 127.0.0.1/44023] INFO  server.Server (Server.java:doStart(415)) - Started @79007ms
2023-01-16 14:42:56,054 [Listener at 127.0.0.1/44023] WARN  impl.MetricsSystemImpl (MetricsSystemImpl.java:register(279)) - Sink prometheus already exists!
2023-01-16 14:42:56,055 [Listener at 127.0.0.1/44023] INFO  http.BaseHttpServer (BaseHttpServer.java:updateConnectorAddress(333)) - HTTP server of hddsDatanode listening at http://0.0.0.0:36985
2023-01-16 14:42:56,055 [Datanode State Machine Daemon Thread] INFO  statemachine.DatanodeStateMachine (DatanodeStateMachine.java:lambda$startDaemon$0(508)) - Ozone container server started.
2023-01-16 14:42:56,055 [Listener at 127.0.0.1/44023] WARN  impl.MetricRegistriesImpl (MetricRegistriesImpl.java:addReporterRegistration(111)) - New reporters are added after registries were created. Some metrics will be missing from the reporter. Please add reporter before adding any new registry.
2023-01-16 14:42:56,057 [Listener at 127.0.0.1/44023] WARN  impl.MetricRegistriesImpl (MetricRegistriesImpl.java:addReporterRegistration(111)) - New reporters are added after registries were created. Some metrics will be missing from the reporter. Please add reporter before adding any new registry.
2023-01-16 14:42:56,057 [Listener at 127.0.0.1/44023] INFO  impl.MetricsSystemImpl (MetricsSystemImpl.java:init(158)) - HddsDatanode metrics system started (again)
2023-01-16 14:42:56,068 [Listener at 127.0.0.1/44023] INFO  ozone.HddsDatanodeService (HddsDatanodeService.java:start(228)) - HddsDatanodeService host:fv-az203-757.ild0l4k5vsluppoevu2oqvhmda.cx.internal.cloudapp.net ip:10.1.1.103
2023-01-16 14:42:56,079 [org.apache.hadoop.util.JvmPauseMonitor$Monitor@ca2b880] INFO  util.JvmPauseMonitor (JvmPauseMonitor.java:run(188)) - Starting JVM pause monitor
2023-01-16 14:42:56,082 [Datanode State Machine Task Thread - 0] INFO  datanode.InitDatanodeState (InitDatanodeState.java:persistContainerDatanodeDetails(138)) - DatanodeDetails is persisted to /home/runner/work/ozone/ozone/hadoop-ozone/integration-test/target/test-dir/MiniOzoneClusterImpl-3631b34d-cc81-4479-8217-32b495b3d7e3/datanode-4/meta/datanode.id
2023-01-16 14:42:56,096 [Listener at 127.0.0.1/44023] INFO  upgrade.AbstractLayoutVersionManager (AbstractLayoutVersionManager.java:init(83)) - Initializing Layout version manager with metadata layout = DATANODE_SCHEMA_V3 (version = 4), software layout = DATANODE_SCHEMA_V3 (version = 4)
2023-01-16 14:42:56,138 [Listener at 127.0.0.1/44023] INFO  reflections.Reflections (Reflections.java:scan(232)) - Reflections took 41 ms to scan 7 urls, producing 146 keys and 350 values 
2023-01-16 14:42:56,140 [Listener at 127.0.0.1/44023] INFO  statemachine.DatanodeStateMachine (DatanodeStateMachine.java:getEndPointTaskThreadPoolSize(248)) - Datanode State Machine Task Thread Pool size 2
2023-01-16 14:42:56,144 [Listener at 127.0.0.1/44023] INFO  volume.HddsVolume (HddsVolume.java:<init>(117)) - Creating HddsVolume: /home/runner/work/ozone/ozone/hadoop-ozone/integration-test/target/test-dir/MiniOzoneClusterImpl-3631b34d-cc81-4479-8217-32b495b3d7e3/datanode-5/data-0/containers/hdds of storage type : DISK capacity : 9223372036854775807
2023-01-16 14:42:56,145 [Listener at 127.0.0.1/44023] INFO  volume.MutableVolumeSet (MutableVolumeSet.java:initializeVolumeSet(174)) - Added Volume : /home/runner/work/ozone/ozone/hadoop-ozone/integration-test/target/test-dir/MiniOzoneClusterImpl-3631b34d-cc81-4479-8217-32b495b3d7e3/datanode-5/data-0/containers/hdds to VolumeSet
2023-01-16 14:42:56,145 [Listener at 127.0.0.1/44023] INFO  volume.ThrottledAsyncChecker (ThrottledAsyncChecker.java:schedule(141)) - Scheduling a check for /home/runner/work/ozone/ozone/hadoop-ozone/integration-test/target/test-dir/MiniOzoneClusterImpl-3631b34d-cc81-4479-8217-32b495b3d7e3/datanode-5/data-0/containers/hdds
2023-01-16 14:42:56,145 [Listener at 127.0.0.1/44023] INFO  volume.StorageVolumeChecker (StorageVolumeChecker.java:checkAllVolumes(202)) - Scheduled health check for volume /home/runner/work/ozone/ozone/hadoop-ozone/integration-test/target/test-dir/MiniOzoneClusterImpl-3631b34d-cc81-4479-8217-32b495b3d7e3/datanode-5/data-0/containers/hdds
2023-01-16 14:42:56,156 [Listener at 127.0.0.1/44023] INFO  volume.MutableVolumeSet (MutableVolumeSet.java:initializeVolumeSet(174)) - Added Volume : /home/runner/work/ozone/ozone/hadoop-ozone/integration-test/target/test-dir/MiniOzoneClusterImpl-3631b34d-cc81-4479-8217-32b495b3d7e3/datanode-5/data/ratis to VolumeSet
2023-01-16 14:42:56,157 [Listener at 127.0.0.1/44023] INFO  volume.ThrottledAsyncChecker (ThrottledAsyncChecker.java:schedule(141)) - Scheduling a check for /home/runner/work/ozone/ozone/hadoop-ozone/integration-test/target/test-dir/MiniOzoneClusterImpl-3631b34d-cc81-4479-8217-32b495b3d7e3/datanode-5/data/ratis
2023-01-16 14:42:56,157 [Listener at 127.0.0.1/44023] INFO  volume.StorageVolumeChecker (StorageVolumeChecker.java:checkAllVolumes(202)) - Scheduled health check for volume /home/runner/work/ozone/ozone/hadoop-ozone/integration-test/target/test-dir/MiniOzoneClusterImpl-3631b34d-cc81-4479-8217-32b495b3d7e3/datanode-5/data/ratis
2023-01-16 14:42:56,167 [Thread-1038] INFO  ozoneimpl.ContainerReader (ContainerReader.java:readVolume(175)) - Finish verifying containers on volume /home/runner/work/ozone/ozone/hadoop-ozone/integration-test/target/test-dir/MiniOzoneClusterImpl-3631b34d-cc81-4479-8217-32b495b3d7e3/datanode-5/data-0/containers/hdds
2023-01-16 14:42:56,167 [Listener at 127.0.0.1/44023] INFO  ozoneimpl.OzoneContainer (OzoneContainer.java:buildContainerSet(301)) - Build ContainerSet costs 0s
2023-01-16 14:42:56,169 [Listener at 127.0.0.1/44023] INFO  server.RaftServer (ConfUtils.java:logGet(46)) - raft.rpc.type = GRPC (default)
2023-01-16 14:42:56,169 [Listener at 127.0.0.1/44023] INFO  grpc.GrpcConfigKeys (ConfUtils.java:logFallback(53)) - raft.grpc.admin.host = null (fallback to raft.grpc.server.host)
2023-01-16 14:42:56,169 [Listener at 127.0.0.1/44023] INFO  grpc.GrpcConfigKeys (ConfUtils.java:logGet(46)) - raft.grpc.admin.port = 0 (custom)
2023-01-16 14:42:56,170 [Listener at 127.0.0.1/44023] INFO  grpc.GrpcConfigKeys (ConfUtils.java:logFallback(53)) - raft.grpc.client.host = null (fallback to raft.grpc.server.host)
2023-01-16 14:42:56,170 [Listener at 127.0.0.1/44023] INFO  grpc.GrpcConfigKeys (ConfUtils.java:logGet(46)) - raft.grpc.client.port = 0 (custom)
2023-01-16 14:42:56,170 [Listener at 127.0.0.1/44023] INFO  grpc.GrpcConfigKeys (ConfUtils.java:logGet(46)) - raft.grpc.server.host = null (default)
2023-01-16 14:42:56,170 [Listener at 127.0.0.1/44023] INFO  grpc.GrpcConfigKeys (ConfUtils.java:logGet(46)) - raft.grpc.server.port = 0 (default)
2023-01-16 14:42:56,170 [Listener at 127.0.0.1/44023] INFO  server.GrpcService (ConfUtils.java:logGet(46)) - raft.grpc.message.size.max = 32MB (=33554432) (custom)
2023-01-16 14:42:56,170 [Listener at 127.0.0.1/44023] INFO  server.RaftServerConfigKeys (ConfUtils.java:logGet(46)) - raft.server.log.appender.buffer.byte-limit = 33554432 (custom)
2023-01-16 14:42:56,170 [Listener at 127.0.0.1/44023] INFO  server.GrpcService (ConfUtils.java:logGet(46)) - raft.grpc.flow.control.window = 5MB (=5242880) (custom)
2023-01-16 14:42:56,170 [Listener at 127.0.0.1/44023] INFO  server.RaftServerConfigKeys (ConfUtils.java:logGet(46)) - raft.server.rpc.request.timeout = 60s (custom)
2023-01-16 14:42:56,171 [Listener at 127.0.0.1/44023] INFO  grpc.GrpcConfigKeys (ConfUtils.java:logGet(46)) - raft.grpc.server.heartbeat.channel = true (default)
2023-01-16 14:42:56,171 [Listener at 127.0.0.1/44023] INFO  grpc.GrpcConfigKeys (ConfUtils.java:logGet(46)) - raft.grpc.server.async.request.thread.pool.cached = true (default)
2023-01-16 14:42:56,171 [Listener at 127.0.0.1/44023] INFO  grpc.GrpcConfigKeys (ConfUtils.java:logGet(46)) - raft.grpc.server.async.request.thread.pool.size = 32 (default)
2023-01-16 14:42:56,172 [Listener at 127.0.0.1/44023] INFO  impl.DataStreamServerImpl (ConfUtils.java:logGet(46)) - raft.datastream.type = NETTY (custom)
2023-01-16 14:42:56,172 [Listener at 127.0.0.1/44023] INFO  server.RaftServerConfigKeys (ConfUtils.java:logGet(46)) - raft.server.data-stream.async.request.thread.pool.cached = false (default)
2023-01-16 14:42:56,172 [Listener at 127.0.0.1/44023] INFO  server.RaftServerConfigKeys (ConfUtils.java:logGet(46)) - raft.server.data-stream.async.request.thread.pool.size = 20 (custom)
2023-01-16 14:42:56,172 [Listener at 127.0.0.1/44023] INFO  server.RaftServerConfigKeys (ConfUtils.java:logGet(46)) - raft.server.data-stream.async.write.thread.pool.size = 16 (default)
2023-01-16 14:42:56,173 [Listener at 127.0.0.1/44023] INFO  server.RaftServerConfigKeys (ConfUtils.java:logGet(46)) - raft.server.data-stream.client.pool.size = 10 (default)
2023-01-16 14:42:56,173 [Listener at 127.0.0.1/44023] INFO  netty.NettyConfigKeys$DataStream (ConfUtils.java:logGet(46)) - raft.netty.dataStream.server.use-epoll = false (default)
2023-01-16 14:42:56,173 [Listener at 127.0.0.1/44023] INFO  netty.NettyConfigKeys$DataStream (ConfUtils.java:logGet(46)) - raft.netty.dataStream.server.boss-group.size = 0 (default)
2023-01-16 14:42:56,173 [Listener at 127.0.0.1/44023] INFO  netty.NettyConfigKeys$DataStream (ConfUtils.java:logGet(46)) - raft.netty.dataStream.server.worker-group.size = 0 (default)
2023-01-16 14:42:56,173 [Listener at 127.0.0.1/44023] INFO  netty.NettyConfigKeys$DataStream (ConfUtils.java:logGet(46)) - raft.netty.dataStream.server.tls.conf = null (default)
2023-01-16 14:42:56,174 [Listener at 127.0.0.1/44023] INFO  netty.NettyConfigKeys$DataStream (ConfUtils.java:logGet(46)) - raft.netty.dataStream.host = null (default)
2023-01-16 14:42:56,174 [Listener at 127.0.0.1/44023] INFO  netty.NettyConfigKeys$DataStream (ConfUtils.java:logGet(46)) - raft.netty.dataStream.port = 0 (default)
2023-01-16 14:42:56,174 [Listener at 127.0.0.1/44023] INFO  server.RaftServerConfigKeys (ConfUtils.java:logGet(46)) - raft.server.threadpool.proxy.cached = true (default)
2023-01-16 14:42:56,174 [Listener at 127.0.0.1/44023] INFO  server.RaftServerConfigKeys (ConfUtils.java:logGet(46)) - raft.server.threadpool.proxy.size = 0 (default)
2023-01-16 14:42:56,174 [Listener at 127.0.0.1/44023] INFO  server.RaftServerConfigKeys (ConfUtils.java:logGet(46)) - raft.server.rpc.slowness.timeout = 300s (custom)
2023-01-16 14:42:56,175 [Listener at 127.0.0.1/44023] INFO  server.RaftServerConfigKeys (ConfUtils.java:logGet(46)) - raft.server.leaderelection.leader.step-down.wait-time = 10s (default)
2023-01-16 14:42:56,175 [Listener at 127.0.0.1/44023] INFO  server.RaftServerConfigKeys (ConfUtils.java:logGet(46)) - raft.server.storage.dir = [/home/runner/work/ozone/ozone/hadoop-ozone/integration-test/target/test-dir/MiniOzoneClusterImpl-3631b34d-cc81-4479-8217-32b495b3d7e3/datanode-5/data/ratis] (custom)
2023-01-16 14:42:56,175 [ca7e3987-4d62-4f50-9818-34d949b95429-NettyServerStreamRpc-bossGroup--thread1] INFO  logging.LoggingHandler (AbstractInternalLogger.java:log(148)) - [id: 0x11c41c84] REGISTERED
2023-01-16 14:42:56,175 [ca7e3987-4d62-4f50-9818-34d949b95429-NettyServerStreamRpc-bossGroup--thread1] INFO  logging.LoggingHandler (AbstractInternalLogger.java:log(148)) - [id: 0x11c41c84] BIND: 0.0.0.0/0.0.0.0:0
2023-01-16 14:42:56,175 [ca7e3987-4d62-4f50-9818-34d949b95429-NettyServerStreamRpc-bossGroup--thread1] INFO  logging.LoggingHandler (AbstractInternalLogger.java:log(148)) - [id: 0x11c41c84, L:/0:0:0:0:0:0:0:0:43889] ACTIVE
2023-01-16 14:42:56,177 [Listener at 127.0.0.1/44023] INFO  server.XceiverServerGrpc (XceiverServerGrpc.java:<init>(132)) - GrpcServer channel type EpollServerSocketChannel
2023-01-16 14:42:56,179 [Listener at 127.0.0.1/44023] INFO  http.BaseHttpServer (BaseHttpServer.java:newHttpServer2BuilderForOzone(213)) - Starting Web-server for hddsDatanode at: http://0.0.0.0:0
2023-01-16 14:42:56,180 [Listener at 127.0.0.1/44023] INFO  http.BaseHttpServer (BaseHttpServer.java:<init>(108)) - Hadoop Security Enabled: false Ozone Security Enabled: false Ozone HTTP Security Enabled: false 
2023-01-16 14:42:56,181 [Listener at 127.0.0.1/44023] WARN  server.AuthenticationFilter (AuthenticationFilter.java:constructSecretProvider(240)) - Unable to initialize FileSignerSecretProvider, falling back to use random secrets. Reason: Could not read signature secret file: /home/runner/hadoop-http-auth-signature-secret
2023-01-16 14:42:56,183 [Listener at 127.0.0.1/44023] WARN  http.HttpRequestLog (HttpRequestLog.java:getRequestLog(103)) - Jetty request log can only be enabled using Log4j
2023-01-16 14:42:56,186 [Listener at 127.0.0.1/44023] INFO  http.HttpServer2 (HttpServer2.java:addGlobalFilter(1031)) - Added global filter 'safety' (class=org.apache.hadoop.hdds.server.http.HttpServer2$QuotingInputFilter)
2023-01-16 14:42:56,186 [Listener at 127.0.0.1/44023] INFO  http.HttpServer2 (HttpServer2.java:addFilter(1007)) - Added filter static_user_filter (class=org.apache.hadoop.http.lib.StaticUserWebFilter$StaticUserFilter) to context hddsDatanode
2023-01-16 14:42:56,187 [Listener at 127.0.0.1/44023] INFO  http.HttpServer2 (HttpServer2.java:addFilter(1015)) - Added filter static_user_filter (class=org.apache.hadoop.http.lib.StaticUserWebFilter$StaticUserFilter) to context logs
2023-01-16 14:42:56,187 [Listener at 127.0.0.1/44023] INFO  http.HttpServer2 (HttpServer2.java:addFilter(1015)) - Added filter static_user_filter (class=org.apache.hadoop.http.lib.StaticUserWebFilter$StaticUserFilter) to context static
2023-01-16 14:42:56,187 [Listener at 127.0.0.1/44023] INFO  http.HttpServer2 (HttpServer2.java:bindListener(1250)) - Jetty bound to port 35089
2023-01-16 14:42:56,187 [Listener at 127.0.0.1/44023] INFO  server.Server (Server.java:doStart(375)) - jetty-9.4.49.v20220914; built: 2022-09-14T01:07:36.601Z; git: 4231a3b2e4cb8548a412a789936d640a97b1aa0a; jvm 1.8.0_352-b08
2023-01-16 14:42:56,191 [Listener at 127.0.0.1/44023] INFO  server.session (DefaultSessionIdManager.java:doStart(334)) - DefaultSessionIdManager workerName=node0
2023-01-16 14:42:56,191 [Listener at 127.0.0.1/44023] INFO  server.session (DefaultSessionIdManager.java:doStart(339)) - No SessionScavenger set, using defaults
2023-01-16 14:42:56,191 [Listener at 127.0.0.1/44023] INFO  server.session (HouseKeeper.java:startScavenging(132)) - node0 Scavenging every 600000ms
2023-01-16 14:42:56,192 [Listener at 127.0.0.1/44023] INFO  handler.ContextHandler (ContextHandler.java:doStart(921)) - Started o.e.j.s.ServletContextHandler@466e45bd{logs,/logs,file:///home/runner/work/ozone/ozone/hadoop-ozone/integration-test/target/log,AVAILABLE}
2023-01-16 14:42:56,192 [Listener at 127.0.0.1/44023] INFO  handler.ContextHandler (ContextHandler.java:doStart(921)) - Started o.e.j.s.ServletContextHandler@3f120a6d{static,/static,jar:file:/home/runner/.m2/repository/org/apache/ozone/hdds-container-service/1.4.0-SNAPSHOT/hdds-container-service-1.4.0-SNAPSHOT.jar!/webapps/static,AVAILABLE}
2023-01-16 14:42:56,373 [Listener at 127.0.0.1/44023] INFO  handler.ContextHandler (ContextHandler.java:doStart(921)) - Started o.e.j.w.WebAppContext@13744188{hddsDatanode,/,file:///tmp/jetty-0_0_0_0-35089-hdds-container-service-1_4_0-SNAPSHOT_jar-_-any-1005542295135194204/webapp/,AVAILABLE}{jar:file:/home/runner/.m2/repository/org/apache/ozone/hdds-container-service/1.4.0-SNAPSHOT/hdds-container-service-1.4.0-SNAPSHOT.jar!/webapps/hddsDatanode}
2023-01-16 14:42:56,375 [Listener at 127.0.0.1/44023] INFO  server.AbstractConnector (AbstractConnector.java:doStart(333)) - Started ServerConnector@6047906e{HTTP/1.1, (http/1.1)}{0.0.0.0:35089}
2023-01-16 14:42:56,376 [Listener at 127.0.0.1/44023] INFO  server.Server (Server.java:doStart(415)) - Started @79329ms
2023-01-16 14:42:56,376 [Listener at 127.0.0.1/44023] WARN  impl.MetricsSystemImpl (MetricsSystemImpl.java:register(279)) - Sink prometheus already exists!
2023-01-16 14:42:56,377 [Listener at 127.0.0.1/44023] INFO  http.BaseHttpServer (BaseHttpServer.java:updateConnectorAddress(333)) - HTTP server of hddsDatanode listening at http://0.0.0.0:35089
2023-01-16 14:42:56,377 [Listener at 127.0.0.1/44023] INFO  ozone.MiniOzoneClusterImpl (MiniOzoneClusterImpl.java:lambda$waitForClusterToBeReady$0(218)) - Waiting for nodes to be ready. Got 0 of 6 DN Heartbeats.
2023-01-16 14:42:56,377 [Listener at 127.0.0.1/44023] INFO  ozone.MiniOzoneClusterImpl (MiniOzoneClusterImpl.java:lambda$waitForClusterToBeReady$0(221)) - Waiting for cluster to exit safe mode
2023-01-16 14:42:56,377 [Listener at 127.0.0.1/44023] INFO  ozone.MiniOzoneClusterImpl (MiniOzoneClusterImpl.java:lambda$waitForClusterToBeReady$0(223)) - SCM became leader
2023-01-16 14:42:56,378 [Datanode State Machine Daemon Thread] INFO  statemachine.DatanodeStateMachine (DatanodeStateMachine.java:lambda$startDaemon$0(508)) - Ozone container server started.
2023-01-16 14:42:56,385 [org.apache.hadoop.util.JvmPauseMonitor$Monitor@37e6754a] INFO  util.JvmPauseMonitor (JvmPauseMonitor.java:run(188)) - Starting JVM pause monitor
2023-01-16 14:42:56,388 [Datanode State Machine Task Thread - 0] INFO  datanode.InitDatanodeState (InitDatanodeState.java:persistContainerDatanodeDetails(138)) - DatanodeDetails is persisted to /home/runner/work/ozone/ozone/hadoop-ozone/integration-test/target/test-dir/MiniOzoneClusterImpl-3631b34d-cc81-4479-8217-32b495b3d7e3/datanode-5/meta/datanode.id
2023-01-16 14:42:56,830 [EndpointStateMachine task thread for /0.0.0.0:33251 - 0 ] INFO  utils.DatanodeStoreCache (DatanodeStoreCache.java:addDB(58)) - Added db /home/runner/work/ozone/ozone/hadoop-ozone/integration-test/target/test-dir/MiniOzoneClusterImpl-3631b34d-cc81-4479-8217-32b495b3d7e3/datanode-0/data-0/containers/hdds/3631b34d-cc81-4479-8217-32b495b3d7e3/DS-25376d39-dc6c-4af6-b434-e57f4ff729df/container.db to cache
2023-01-16 14:42:56,830 [EndpointStateMachine task thread for /0.0.0.0:33251 - 0 ] INFO  volume.HddsVolume (HddsVolume.java:createDbStore(307)) - SchemaV3 db is created and loaded at /home/runner/work/ozone/ozone/hadoop-ozone/integration-test/target/test-dir/MiniOzoneClusterImpl-3631b34d-cc81-4479-8217-32b495b3d7e3/datanode-0/data-0/containers/hdds/3631b34d-cc81-4479-8217-32b495b3d7e3/DS-25376d39-dc6c-4af6-b434-e57f4ff729df/container.db for volume DS-25376d39-dc6c-4af6-b434-e57f4ff729df
2023-01-16 14:42:56,831 [EndpointStateMachine task thread for /0.0.0.0:33251 - 0 ] INFO  ozoneimpl.OzoneContainer (OzoneContainer.java:start(395)) - Attempting to start container services.
2023-01-16 14:42:56,831 [EndpointStateMachine task thread for /0.0.0.0:33251 - 0 ] INFO  ozoneimpl.OzoneContainer (OzoneContainer.java:startContainerScrub(312)) - Scheduled background container scanners and the on-demand container scanner have been disabled.
2023-01-16 14:42:56,833 [EndpointStateMachine task thread for /0.0.0.0:33251 - 0 ] INFO  replication.ReplicationServer (ReplicationServer.java:start(106)) - ReplicationServer is started using port 35805
2023-01-16 14:42:56,834 [EndpointStateMachine task thread for /0.0.0.0:33251 - 0 ] INFO  ratis.XceiverServerRatis (XceiverServerRatis.java:start(517)) - Starting XceiverServerRatis edaf4ec7-b5bd-443f-91da-280c30b6b0af
2023-01-16 14:42:56,835 [EndpointStateMachine task thread for /0.0.0.0:33251 - 0 ] INFO  server.RaftServer (RaftServerProxy.java:startImpl(393)) - edaf4ec7-b5bd-443f-91da-280c30b6b0af: start RPC server
2023-01-16 14:42:56,841 [EndpointStateMachine task thread for /0.0.0.0:33251 - 0 ] INFO  server.GrpcService (GrpcService.java:startImpl(262)) - edaf4ec7-b5bd-443f-91da-280c30b6b0af: GrpcService started, listening on 33751
2023-01-16 14:42:56,841 [EndpointStateMachine task thread for /0.0.0.0:33251 - 0 ] INFO  ratis.XceiverServerRatis (XceiverServerRatis.java:getRealPort(543)) - XceiverServerRatis edaf4ec7-b5bd-443f-91da-280c30b6b0af is started using port 33751 for RATIS
2023-01-16 14:42:56,841 [JvmPauseMonitor12] INFO  util.JvmPauseMonitor (JvmPauseMonitor.java:run(105)) - JvmPauseMonitor-edaf4ec7-b5bd-443f-91da-280c30b6b0af: Started
2023-01-16 14:42:56,841 [EndpointStateMachine task thread for /0.0.0.0:33251 - 0 ] INFO  ratis.XceiverServerRatis (XceiverServerRatis.java:getRealPort(543)) - XceiverServerRatis edaf4ec7-b5bd-443f-91da-280c30b6b0af is started using port 33751 for RATIS_ADMIN
2023-01-16 14:42:56,841 [EndpointStateMachine task thread for /0.0.0.0:33251 - 0 ] INFO  ratis.XceiverServerRatis (XceiverServerRatis.java:getRealPort(543)) - XceiverServerRatis edaf4ec7-b5bd-443f-91da-280c30b6b0af is started using port 33751 for RATIS_SERVER
2023-01-16 14:42:56,841 [EndpointStateMachine task thread for /0.0.0.0:33251 - 0 ] INFO  ratis.XceiverServerRatis (XceiverServerRatis.java:getRealPort(543)) - XceiverServerRatis edaf4ec7-b5bd-443f-91da-280c30b6b0af is started using port 44513 for RATIS_DATASTREAM
2023-01-16 14:42:56,843 [EndpointStateMachine task thread for /0.0.0.0:33251 - 0 ] INFO  server.XceiverServerGrpc (XceiverServerGrpc.java:start(180)) - XceiverServerGrpc edaf4ec7-b5bd-443f-91da-280c30b6b0af is started using port 38309
2023-01-16 14:42:57,140 [EndpointStateMachine task thread for /0.0.0.0:33251 - 0 ] INFO  utils.DatanodeStoreCache (DatanodeStoreCache.java:addDB(58)) - Added db /home/runner/work/ozone/ozone/hadoop-ozone/integration-test/target/test-dir/MiniOzoneClusterImpl-3631b34d-cc81-4479-8217-32b495b3d7e3/datanode-1/data-0/containers/hdds/3631b34d-cc81-4479-8217-32b495b3d7e3/DS-ef5dc1d9-853f-41ea-9380-8a014328c4f6/container.db to cache
2023-01-16 14:42:57,140 [EndpointStateMachine task thread for /0.0.0.0:33251 - 0 ] INFO  volume.HddsVolume (HddsVolume.java:createDbStore(307)) - SchemaV3 db is created and loaded at /home/runner/work/ozone/ozone/hadoop-ozone/integration-test/target/test-dir/MiniOzoneClusterImpl-3631b34d-cc81-4479-8217-32b495b3d7e3/datanode-1/data-0/containers/hdds/3631b34d-cc81-4479-8217-32b495b3d7e3/DS-ef5dc1d9-853f-41ea-9380-8a014328c4f6/container.db for volume DS-ef5dc1d9-853f-41ea-9380-8a014328c4f6
2023-01-16 14:42:57,140 [EndpointStateMachine task thread for /0.0.0.0:33251 - 0 ] INFO  ozoneimpl.OzoneContainer (OzoneContainer.java:start(395)) - Attempting to start container services.
2023-01-16 14:42:57,140 [EndpointStateMachine task thread for /0.0.0.0:33251 - 0 ] INFO  ozoneimpl.OzoneContainer (OzoneContainer.java:startContainerScrub(312)) - Scheduled background container scanners and the on-demand container scanner have been disabled.
2023-01-16 14:42:57,147 [EndpointStateMachine task thread for /0.0.0.0:33251 - 0 ] INFO  replication.ReplicationServer (ReplicationServer.java:start(106)) - ReplicationServer is started using port 33217
2023-01-16 14:42:57,148 [EndpointStateMachine task thread for /0.0.0.0:33251 - 0 ] INFO  ratis.XceiverServerRatis (XceiverServerRatis.java:start(517)) - Starting XceiverServerRatis fe85205b-7d0e-4b68-96f2-42eee8168b18
2023-01-16 14:42:57,148 [EndpointStateMachine task thread for /0.0.0.0:33251 - 0 ] INFO  server.RaftServer (RaftServerProxy.java:startImpl(393)) - fe85205b-7d0e-4b68-96f2-42eee8168b18: start RPC server
2023-01-16 14:42:57,150 [EndpointStateMachine task thread for /0.0.0.0:33251 - 0 ] INFO  server.GrpcService (GrpcService.java:startImpl(262)) - fe85205b-7d0e-4b68-96f2-42eee8168b18: GrpcService started, listening on 34621
2023-01-16 14:42:57,150 [EndpointStateMachine task thread for /0.0.0.0:33251 - 0 ] INFO  ratis.XceiverServerRatis (XceiverServerRatis.java:getRealPort(543)) - XceiverServerRatis fe85205b-7d0e-4b68-96f2-42eee8168b18 is started using port 34621 for RATIS
2023-01-16 14:42:57,150 [EndpointStateMachine task thread for /0.0.0.0:33251 - 0 ] INFO  ratis.XceiverServerRatis (XceiverServerRatis.java:getRealPort(543)) - XceiverServerRatis fe85205b-7d0e-4b68-96f2-42eee8168b18 is started using port 34621 for RATIS_ADMIN
2023-01-16 14:42:57,150 [EndpointStateMachine task thread for /0.0.0.0:33251 - 0 ] INFO  ratis.XceiverServerRatis (XceiverServerRatis.java:getRealPort(543)) - XceiverServerRatis fe85205b-7d0e-4b68-96f2-42eee8168b18 is started using port 34621 for RATIS_SERVER
2023-01-16 14:42:57,150 [EndpointStateMachine task thread for /0.0.0.0:33251 - 0 ] INFO  ratis.XceiverServerRatis (XceiverServerRatis.java:getRealPort(543)) - XceiverServerRatis fe85205b-7d0e-4b68-96f2-42eee8168b18 is started using port 43717 for RATIS_DATASTREAM
2023-01-16 14:42:57,151 [JvmPauseMonitor13] INFO  util.JvmPauseMonitor (JvmPauseMonitor.java:run(105)) - JvmPauseMonitor-fe85205b-7d0e-4b68-96f2-42eee8168b18: Started
2023-01-16 14:42:57,152 [EndpointStateMachine task thread for /0.0.0.0:33251 - 0 ] INFO  server.XceiverServerGrpc (XceiverServerGrpc.java:start(180)) - XceiverServerGrpc fe85205b-7d0e-4b68-96f2-42eee8168b18 is started using port 42183
2023-01-16 14:42:57,378 [Listener at 127.0.0.1/44023] INFO  ozone.MiniOzoneClusterImpl (MiniOzoneClusterImpl.java:lambda$waitForClusterToBeReady$0(218)) - Waiting for nodes to be ready. Got 0 of 6 DN Heartbeats.
2023-01-16 14:42:57,378 [Listener at 127.0.0.1/44023] INFO  ozone.MiniOzoneClusterImpl (MiniOzoneClusterImpl.java:lambda$waitForClusterToBeReady$0(221)) - Waiting for cluster to exit safe mode
2023-01-16 14:42:57,378 [Listener at 127.0.0.1/44023] INFO  ozone.MiniOzoneClusterImpl (MiniOzoneClusterImpl.java:lambda$waitForClusterToBeReady$0(223)) - SCM became leader
2023-01-16 14:42:57,474 [EndpointStateMachine task thread for /0.0.0.0:33251 - 0 ] INFO  utils.DatanodeStoreCache (DatanodeStoreCache.java:addDB(58)) - Added db /home/runner/work/ozone/ozone/hadoop-ozone/integration-test/target/test-dir/MiniOzoneClusterImpl-3631b34d-cc81-4479-8217-32b495b3d7e3/datanode-2/data-0/containers/hdds/3631b34d-cc81-4479-8217-32b495b3d7e3/DS-2d40b238-b112-442b-9d4d-dd10211472fb/container.db to cache
2023-01-16 14:42:57,474 [EndpointStateMachine task thread for /0.0.0.0:33251 - 0 ] INFO  volume.HddsVolume (HddsVolume.java:createDbStore(307)) - SchemaV3 db is created and loaded at /home/runner/work/ozone/ozone/hadoop-ozone/integration-test/target/test-dir/MiniOzoneClusterImpl-3631b34d-cc81-4479-8217-32b495b3d7e3/datanode-2/data-0/containers/hdds/3631b34d-cc81-4479-8217-32b495b3d7e3/DS-2d40b238-b112-442b-9d4d-dd10211472fb/container.db for volume DS-2d40b238-b112-442b-9d4d-dd10211472fb
2023-01-16 14:42:57,474 [EndpointStateMachine task thread for /0.0.0.0:33251 - 0 ] INFO  ozoneimpl.OzoneContainer (OzoneContainer.java:start(395)) - Attempting to start container services.
2023-01-16 14:42:57,474 [EndpointStateMachine task thread for /0.0.0.0:33251 - 0 ] INFO  ozoneimpl.OzoneContainer (OzoneContainer.java:startContainerScrub(312)) - Scheduled background container scanners and the on-demand container scanner have been disabled.
2023-01-16 14:42:57,477 [EndpointStateMachine task thread for /0.0.0.0:33251 - 0 ] INFO  replication.ReplicationServer (ReplicationServer.java:start(106)) - ReplicationServer is started using port 33319
2023-01-16 14:42:57,477 [EndpointStateMachine task thread for /0.0.0.0:33251 - 0 ] INFO  ratis.XceiverServerRatis (XceiverServerRatis.java:start(517)) - Starting XceiverServerRatis b4158a24-f3b4-469a-87ed-87f7753bcb12
2023-01-16 14:42:57,478 [EndpointStateMachine task thread for /0.0.0.0:33251 - 0 ] INFO  server.RaftServer (RaftServerProxy.java:startImpl(393)) - b4158a24-f3b4-469a-87ed-87f7753bcb12: start RPC server
2023-01-16 14:42:57,481 [EndpointStateMachine task thread for /0.0.0.0:33251 - 0 ] INFO  server.GrpcService (GrpcService.java:startImpl(262)) - b4158a24-f3b4-469a-87ed-87f7753bcb12: GrpcService started, listening on 34081
2023-01-16 14:42:57,481 [EndpointStateMachine task thread for /0.0.0.0:33251 - 0 ] INFO  ratis.XceiverServerRatis (XceiverServerRatis.java:getRealPort(543)) - XceiverServerRatis b4158a24-f3b4-469a-87ed-87f7753bcb12 is started using port 34081 for RATIS
2023-01-16 14:42:57,481 [JvmPauseMonitor14] INFO  util.JvmPauseMonitor (JvmPauseMonitor.java:run(105)) - JvmPauseMonitor-b4158a24-f3b4-469a-87ed-87f7753bcb12: Started
2023-01-16 14:42:57,481 [EndpointStateMachine task thread for /0.0.0.0:33251 - 0 ] INFO  ratis.XceiverServerRatis (XceiverServerRatis.java:getRealPort(543)) - XceiverServerRatis b4158a24-f3b4-469a-87ed-87f7753bcb12 is started using port 34081 for RATIS_ADMIN
2023-01-16 14:42:57,481 [EndpointStateMachine task thread for /0.0.0.0:33251 - 0 ] INFO  ratis.XceiverServerRatis (XceiverServerRatis.java:getRealPort(543)) - XceiverServerRatis b4158a24-f3b4-469a-87ed-87f7753bcb12 is started using port 34081 for RATIS_SERVER
2023-01-16 14:42:57,482 [EndpointStateMachine task thread for /0.0.0.0:33251 - 0 ] INFO  ratis.XceiverServerRatis (XceiverServerRatis.java:getRealPort(543)) - XceiverServerRatis b4158a24-f3b4-469a-87ed-87f7753bcb12 is started using port 39137 for RATIS_DATASTREAM
2023-01-16 14:42:57,485 [EndpointStateMachine task thread for /0.0.0.0:33251 - 0 ] INFO  server.XceiverServerGrpc (XceiverServerGrpc.java:start(180)) - XceiverServerGrpc b4158a24-f3b4-469a-87ed-87f7753bcb12 is started using port 43561
2023-01-16 14:42:57,794 [EndpointStateMachine task thread for /0.0.0.0:33251 - 0 ] INFO  utils.DatanodeStoreCache (DatanodeStoreCache.java:addDB(58)) - Added db /home/runner/work/ozone/ozone/hadoop-ozone/integration-test/target/test-dir/MiniOzoneClusterImpl-3631b34d-cc81-4479-8217-32b495b3d7e3/datanode-3/data-0/containers/hdds/3631b34d-cc81-4479-8217-32b495b3d7e3/DS-9dc99343-f3a7-4308-8acf-46568bf8eea3/container.db to cache
2023-01-16 14:42:57,794 [EndpointStateMachine task thread for /0.0.0.0:33251 - 0 ] INFO  volume.HddsVolume (HddsVolume.java:createDbStore(307)) - SchemaV3 db is created and loaded at /home/runner/work/ozone/ozone/hadoop-ozone/integration-test/target/test-dir/MiniOzoneClusterImpl-3631b34d-cc81-4479-8217-32b495b3d7e3/datanode-3/data-0/containers/hdds/3631b34d-cc81-4479-8217-32b495b3d7e3/DS-9dc99343-f3a7-4308-8acf-46568bf8eea3/container.db for volume DS-9dc99343-f3a7-4308-8acf-46568bf8eea3
2023-01-16 14:42:57,794 [EndpointStateMachine task thread for /0.0.0.0:33251 - 0 ] INFO  ozoneimpl.OzoneContainer (OzoneContainer.java:start(395)) - Attempting to start container services.
2023-01-16 14:42:57,794 [EndpointStateMachine task thread for /0.0.0.0:33251 - 0 ] INFO  ozoneimpl.OzoneContainer (OzoneContainer.java:startContainerScrub(312)) - Scheduled background container scanners and the on-demand container scanner have been disabled.
2023-01-16 14:42:57,799 [EndpointStateMachine task thread for /0.0.0.0:33251 - 0 ] INFO  replication.ReplicationServer (ReplicationServer.java:start(106)) - ReplicationServer is started using port 38917
2023-01-16 14:42:57,799 [EndpointStateMachine task thread for /0.0.0.0:33251 - 0 ] INFO  ratis.XceiverServerRatis (XceiverServerRatis.java:start(517)) - Starting XceiverServerRatis 5cd6f085-199f-4d86-8efd-dd16eb4c4197
2023-01-16 14:42:57,801 [EndpointStateMachine task thread for /0.0.0.0:33251 - 0 ] INFO  server.RaftServer (RaftServerProxy.java:startImpl(393)) - 5cd6f085-199f-4d86-8efd-dd16eb4c4197: start RPC server
2023-01-16 14:42:57,802 [EndpointStateMachine task thread for /0.0.0.0:33251 - 0 ] INFO  server.GrpcService (GrpcService.java:startImpl(262)) - 5cd6f085-199f-4d86-8efd-dd16eb4c4197: GrpcService started, listening on 38983
2023-01-16 14:42:57,802 [EndpointStateMachine task thread for /0.0.0.0:33251 - 0 ] INFO  ratis.XceiverServerRatis (XceiverServerRatis.java:getRealPort(543)) - XceiverServerRatis 5cd6f085-199f-4d86-8efd-dd16eb4c4197 is started using port 38983 for RATIS
2023-01-16 14:42:57,802 [EndpointStateMachine task thread for /0.0.0.0:33251 - 0 ] INFO  ratis.XceiverServerRatis (XceiverServerRatis.java:getRealPort(543)) - XceiverServerRatis 5cd6f085-199f-4d86-8efd-dd16eb4c4197 is started using port 38983 for RATIS_ADMIN
2023-01-16 14:42:57,802 [JvmPauseMonitor15] INFO  util.JvmPauseMonitor (JvmPauseMonitor.java:run(105)) - JvmPauseMonitor-5cd6f085-199f-4d86-8efd-dd16eb4c4197: Started
2023-01-16 14:42:57,802 [EndpointStateMachine task thread for /0.0.0.0:33251 - 0 ] INFO  ratis.XceiverServerRatis (XceiverServerRatis.java:getRealPort(543)) - XceiverServerRatis 5cd6f085-199f-4d86-8efd-dd16eb4c4197 is started using port 38983 for RATIS_SERVER
2023-01-16 14:42:57,803 [EndpointStateMachine task thread for /0.0.0.0:33251 - 0 ] INFO  ratis.XceiverServerRatis (XceiverServerRatis.java:getRealPort(543)) - XceiverServerRatis 5cd6f085-199f-4d86-8efd-dd16eb4c4197 is started using port 38531 for RATIS_DATASTREAM
2023-01-16 14:42:57,804 [EndpointStateMachine task thread for /0.0.0.0:33251 - 0 ] INFO  server.XceiverServerGrpc (XceiverServerGrpc.java:start(180)) - XceiverServerGrpc 5cd6f085-199f-4d86-8efd-dd16eb4c4197 is started using port 35103
2023-01-16 14:42:58,109 [EndpointStateMachine task thread for /0.0.0.0:33251 - 0 ] INFO  utils.DatanodeStoreCache (DatanodeStoreCache.java:addDB(58)) - Added db /home/runner/work/ozone/ozone/hadoop-ozone/integration-test/target/test-dir/MiniOzoneClusterImpl-3631b34d-cc81-4479-8217-32b495b3d7e3/datanode-4/data-0/containers/hdds/3631b34d-cc81-4479-8217-32b495b3d7e3/DS-ef9c6323-22c8-443a-86dd-263ac1495cb1/container.db to cache
2023-01-16 14:42:58,109 [EndpointStateMachine task thread for /0.0.0.0:33251 - 0 ] INFO  volume.HddsVolume (HddsVolume.java:createDbStore(307)) - SchemaV3 db is created and loaded at /home/runner/work/ozone/ozone/hadoop-ozone/integration-test/target/test-dir/MiniOzoneClusterImpl-3631b34d-cc81-4479-8217-32b495b3d7e3/datanode-4/data-0/containers/hdds/3631b34d-cc81-4479-8217-32b495b3d7e3/DS-ef9c6323-22c8-443a-86dd-263ac1495cb1/container.db for volume DS-ef9c6323-22c8-443a-86dd-263ac1495cb1
2023-01-16 14:42:58,110 [EndpointStateMachine task thread for /0.0.0.0:33251 - 0 ] INFO  ozoneimpl.OzoneContainer (OzoneContainer.java:start(395)) - Attempting to start container services.
2023-01-16 14:42:58,110 [EndpointStateMachine task thread for /0.0.0.0:33251 - 0 ] INFO  ozoneimpl.OzoneContainer (OzoneContainer.java:startContainerScrub(312)) - Scheduled background container scanners and the on-demand container scanner have been disabled.
2023-01-16 14:42:58,113 [EndpointStateMachine task thread for /0.0.0.0:33251 - 0 ] INFO  replication.ReplicationServer (ReplicationServer.java:start(106)) - ReplicationServer is started using port 39527
2023-01-16 14:42:58,114 [EndpointStateMachine task thread for /0.0.0.0:33251 - 0 ] INFO  ratis.XceiverServerRatis (XceiverServerRatis.java:start(517)) - Starting XceiverServerRatis 53290e67-17c3-4c90-996e-c8ad22d82667
2023-01-16 14:42:58,114 [EndpointStateMachine task thread for /0.0.0.0:33251 - 0 ] INFO  server.RaftServer (RaftServerProxy.java:startImpl(393)) - 53290e67-17c3-4c90-996e-c8ad22d82667: start RPC server
2023-01-16 14:42:58,116 [EndpointStateMachine task thread for /0.0.0.0:33251 - 0 ] INFO  server.GrpcService (GrpcService.java:startImpl(262)) - 53290e67-17c3-4c90-996e-c8ad22d82667: GrpcService started, listening on 38457
2023-01-16 14:42:58,116 [EndpointStateMachine task thread for /0.0.0.0:33251 - 0 ] INFO  ratis.XceiverServerRatis (XceiverServerRatis.java:getRealPort(543)) - XceiverServerRatis 53290e67-17c3-4c90-996e-c8ad22d82667 is started using port 38457 for RATIS
2023-01-16 14:42:58,117 [JvmPauseMonitor16] INFO  util.JvmPauseMonitor (JvmPauseMonitor.java:run(105)) - JvmPauseMonitor-53290e67-17c3-4c90-996e-c8ad22d82667: Started
2023-01-16 14:42:58,117 [EndpointStateMachine task thread for /0.0.0.0:33251 - 0 ] INFO  ratis.XceiverServerRatis (XceiverServerRatis.java:getRealPort(543)) - XceiverServerRatis 53290e67-17c3-4c90-996e-c8ad22d82667 is started using port 38457 for RATIS_ADMIN
2023-01-16 14:42:58,117 [EndpointStateMachine task thread for /0.0.0.0:33251 - 0 ] INFO  ratis.XceiverServerRatis (XceiverServerRatis.java:getRealPort(543)) - XceiverServerRatis 53290e67-17c3-4c90-996e-c8ad22d82667 is started using port 38457 for RATIS_SERVER
2023-01-16 14:42:58,117 [EndpointStateMachine task thread for /0.0.0.0:33251 - 0 ] INFO  ratis.XceiverServerRatis (XceiverServerRatis.java:getRealPort(543)) - XceiverServerRatis 53290e67-17c3-4c90-996e-c8ad22d82667 is started using port 39377 for RATIS_DATASTREAM
2023-01-16 14:42:58,120 [EndpointStateMachine task thread for /0.0.0.0:33251 - 0 ] INFO  server.XceiverServerGrpc (XceiverServerGrpc.java:start(180)) - XceiverServerGrpc 53290e67-17c3-4c90-996e-c8ad22d82667 is started using port 37571
2023-01-16 14:42:58,378 [Listener at 127.0.0.1/44023] INFO  ozone.MiniOzoneClusterImpl (MiniOzoneClusterImpl.java:lambda$waitForClusterToBeReady$0(218)) - Waiting for nodes to be ready. Got 0 of 6 DN Heartbeats.
2023-01-16 14:42:58,379 [Listener at 127.0.0.1/44023] INFO  ozone.MiniOzoneClusterImpl (MiniOzoneClusterImpl.java:lambda$waitForClusterToBeReady$0(221)) - Waiting for cluster to exit safe mode
2023-01-16 14:42:58,379 [Listener at 127.0.0.1/44023] INFO  ozone.MiniOzoneClusterImpl (MiniOzoneClusterImpl.java:lambda$waitForClusterToBeReady$0(223)) - SCM became leader
2023-01-16 14:42:58,414 [EndpointStateMachine task thread for /0.0.0.0:33251 - 0 ] INFO  utils.DatanodeStoreCache (DatanodeStoreCache.java:addDB(58)) - Added db /home/runner/work/ozone/ozone/hadoop-ozone/integration-test/target/test-dir/MiniOzoneClusterImpl-3631b34d-cc81-4479-8217-32b495b3d7e3/datanode-5/data-0/containers/hdds/3631b34d-cc81-4479-8217-32b495b3d7e3/DS-c3392326-a570-4d4b-8e20-cf10c6d0e02a/container.db to cache
2023-01-16 14:42:58,414 [EndpointStateMachine task thread for /0.0.0.0:33251 - 0 ] INFO  volume.HddsVolume (HddsVolume.java:createDbStore(307)) - SchemaV3 db is created and loaded at /home/runner/work/ozone/ozone/hadoop-ozone/integration-test/target/test-dir/MiniOzoneClusterImpl-3631b34d-cc81-4479-8217-32b495b3d7e3/datanode-5/data-0/containers/hdds/3631b34d-cc81-4479-8217-32b495b3d7e3/DS-c3392326-a570-4d4b-8e20-cf10c6d0e02a/container.db for volume DS-c3392326-a570-4d4b-8e20-cf10c6d0e02a
2023-01-16 14:42:58,414 [EndpointStateMachine task thread for /0.0.0.0:33251 - 0 ] INFO  ozoneimpl.OzoneContainer (OzoneContainer.java:start(395)) - Attempting to start container services.
2023-01-16 14:42:58,414 [EndpointStateMachine task thread for /0.0.0.0:33251 - 0 ] INFO  ozoneimpl.OzoneContainer (OzoneContainer.java:startContainerScrub(312)) - Scheduled background container scanners and the on-demand container scanner have been disabled.
2023-01-16 14:42:58,417 [EndpointStateMachine task thread for /0.0.0.0:33251 - 0 ] INFO  replication.ReplicationServer (ReplicationServer.java:start(106)) - ReplicationServer is started using port 45169
2023-01-16 14:42:58,417 [EndpointStateMachine task thread for /0.0.0.0:33251 - 0 ] INFO  ratis.XceiverServerRatis (XceiverServerRatis.java:start(517)) - Starting XceiverServerRatis ca7e3987-4d62-4f50-9818-34d949b95429
2023-01-16 14:42:58,418 [EndpointStateMachine task thread for /0.0.0.0:33251 - 0 ] INFO  server.RaftServer (RaftServerProxy.java:startImpl(393)) - ca7e3987-4d62-4f50-9818-34d949b95429: start RPC server
2023-01-16 14:42:58,420 [EndpointStateMachine task thread for /0.0.0.0:33251 - 0 ] INFO  server.GrpcService (GrpcService.java:startImpl(262)) - ca7e3987-4d62-4f50-9818-34d949b95429: GrpcService started, listening on 44861
2023-01-16 14:42:58,420 [EndpointStateMachine task thread for /0.0.0.0:33251 - 0 ] INFO  ratis.XceiverServerRatis (XceiverServerRatis.java:getRealPort(543)) - XceiverServerRatis ca7e3987-4d62-4f50-9818-34d949b95429 is started using port 44861 for RATIS
2023-01-16 14:42:58,420 [JvmPauseMonitor17] INFO  util.JvmPauseMonitor (JvmPauseMonitor.java:run(105)) - JvmPauseMonitor-ca7e3987-4d62-4f50-9818-34d949b95429: Started
2023-01-16 14:42:58,420 [EndpointStateMachine task thread for /0.0.0.0:33251 - 0 ] INFO  ratis.XceiverServerRatis (XceiverServerRatis.java:getRealPort(543)) - XceiverServerRatis ca7e3987-4d62-4f50-9818-34d949b95429 is started using port 44861 for RATIS_ADMIN
2023-01-16 14:42:58,420 [EndpointStateMachine task thread for /0.0.0.0:33251 - 0 ] INFO  ratis.XceiverServerRatis (XceiverServerRatis.java:getRealPort(543)) - XceiverServerRatis ca7e3987-4d62-4f50-9818-34d949b95429 is started using port 44861 for RATIS_SERVER
2023-01-16 14:42:58,420 [EndpointStateMachine task thread for /0.0.0.0:33251 - 0 ] INFO  ratis.XceiverServerRatis (XceiverServerRatis.java:getRealPort(543)) - XceiverServerRatis ca7e3987-4d62-4f50-9818-34d949b95429 is started using port 43889 for RATIS_DATASTREAM
2023-01-16 14:42:58,423 [EndpointStateMachine task thread for /0.0.0.0:33251 - 0 ] INFO  server.XceiverServerGrpc (XceiverServerGrpc.java:start(180)) - XceiverServerGrpc ca7e3987-4d62-4f50-9818-34d949b95429 is started using port 39671
2023-01-16 14:42:58,796 [IPC Server handler 1 on default port 33251] INFO  net.NetworkTopologyImpl (NetworkTopologyImpl.java:add(112)) - Added a new node: /default-rack/edaf4ec7-b5bd-443f-91da-280c30b6b0af
2023-01-16 14:42:58,796 [IPC Server handler 1 on default port 33251] INFO  node.SCMNodeManager (SCMNodeManager.java:register(397)) - Registered Data node : edaf4ec7-b5bd-443f-91da-280c30b6b0af{ip: 10.1.1.103, host: fv-az203-757.ild0l4k5vsluppoevu2oqvhmda.cx.internal.cloudapp.net, ports: [REPLICATION=35805, RATIS=33751, RATIS_ADMIN=33751, RATIS_SERVER=33751, RATIS_DATASTREAM=44513, STANDALONE=38309], networkLocation: /default-rack, certSerialId: null, persistedOpState: null, persistedOpStateExpiryEpochSec: 0}
2023-01-16 14:42:58,800 [EventQueue-NodeRegistrationContainerReportForContainerSafeModeRule] INFO  safemode.SCMSafeModeManager (SCMSafeModeManager.java:validateSafeModeExitRules(200)) - ContainerSafeModeRule rule is successfully validated
2023-01-16 14:42:58,800 [EventQueue-NodeRegistrationContainerReportForDataNodeSafeModeRule] INFO  safemode.SCMSafeModeManager (DataNodeSafeModeRule.java:process(71)) - SCM in safe mode. 1 DataNodes registered, 3 required.
2023-01-16 14:42:58,804 [EventQueue-NewNodeForNewNodeHandler] INFO  pipeline.BackgroundPipelineCreator (BackgroundPipelineCreator.java:notifyEventTriggered(276)) - trigger a one-shot run on RatisPipelineUtilsThread.
2023-01-16 14:42:58,804 [EventQueue-PipelineReportForOneReplicaPipelineSafeModeRule] INFO  safemode.SCMSafeModeManager (SCMSafeModeManager.java:validateSafeModeExitRules(200)) - AtleastOneDatanodeReportedRule rule is successfully validated
2023-01-16 14:42:59,106 [IPC Server handler 2 on default port 33251] INFO  net.NetworkTopologyImpl (NetworkTopologyImpl.java:add(112)) - Added a new node: /default-rack/fe85205b-7d0e-4b68-96f2-42eee8168b18
2023-01-16 14:42:59,106 [IPC Server handler 2 on default port 33251] INFO  node.SCMNodeManager (SCMNodeManager.java:register(397)) - Registered Data node : fe85205b-7d0e-4b68-96f2-42eee8168b18{ip: 10.1.1.103, host: fv-az203-757.ild0l4k5vsluppoevu2oqvhmda.cx.internal.cloudapp.net, ports: [REPLICATION=33217, RATIS=34621, RATIS_ADMIN=34621, RATIS_SERVER=34621, RATIS_DATASTREAM=43717, STANDALONE=42183], networkLocation: /default-rack, certSerialId: null, persistedOpState: null, persistedOpStateExpiryEpochSec: 0}
2023-01-16 14:42:59,106 [EventQueue-NewNodeForNewNodeHandler] INFO  pipeline.BackgroundPipelineCreator (BackgroundPipelineCreator.java:notifyEventTriggered(276)) - trigger a one-shot run on RatisPipelineUtilsThread.
2023-01-16 14:42:59,107 [EventQueue-NodeRegistrationContainerReportForDataNodeSafeModeRule] INFO  safemode.SCMSafeModeManager (DataNodeSafeModeRule.java:process(71)) - SCM in safe mode. 2 DataNodes registered, 3 required.
2023-01-16 14:42:59,379 [Listener at 127.0.0.1/44023] INFO  ozone.MiniOzoneClusterImpl (MiniOzoneClusterImpl.java:lambda$waitForClusterToBeReady$0(218)) - Waiting for nodes to be ready. Got 2 of 6 DN Heartbeats.
2023-01-16 14:42:59,379 [Listener at 127.0.0.1/44023] INFO  ozone.MiniOzoneClusterImpl (MiniOzoneClusterImpl.java:lambda$waitForClusterToBeReady$0(221)) - Waiting for cluster to exit safe mode
2023-01-16 14:42:59,379 [Listener at 127.0.0.1/44023] INFO  ozone.MiniOzoneClusterImpl (MiniOzoneClusterImpl.java:lambda$waitForClusterToBeReady$0(223)) - SCM became leader
2023-01-16 14:42:59,445 [IPC Server handler 3 on default port 33251] INFO  net.NetworkTopologyImpl (NetworkTopologyImpl.java:add(112)) - Added a new node: /default-rack/b4158a24-f3b4-469a-87ed-87f7753bcb12
2023-01-16 14:42:59,446 [IPC Server handler 3 on default port 33251] INFO  node.SCMNodeManager (SCMNodeManager.java:register(397)) - Registered Data node : b4158a24-f3b4-469a-87ed-87f7753bcb12{ip: 10.1.1.103, host: fv-az203-757.ild0l4k5vsluppoevu2oqvhmda.cx.internal.cloudapp.net, ports: [REPLICATION=33319, RATIS=34081, RATIS_ADMIN=34081, RATIS_SERVER=34081, RATIS_DATASTREAM=39137, STANDALONE=43561], networkLocation: /default-rack, certSerialId: null, persistedOpState: null, persistedOpStateExpiryEpochSec: 0}
2023-01-16 14:42:59,446 [EventQueue-NewNodeForNewNodeHandler] INFO  pipeline.BackgroundPipelineCreator (BackgroundPipelineCreator.java:notifyEventTriggered(276)) - trigger a one-shot run on RatisPipelineUtilsThread.
2023-01-16 14:42:59,446 [EventQueue-NodeRegistrationContainerReportForDataNodeSafeModeRule] INFO  safemode.SCMSafeModeManager (DataNodeSafeModeRule.java:process(71)) - SCM in safe mode. 3 DataNodes registered, 3 required.
2023-01-16 14:42:59,446 [EventQueue-NodeRegistrationContainerReportForDataNodeSafeModeRule] INFO  safemode.SCMSafeModeManager (SCMSafeModeManager.java:validateSafeModeExitRules(200)) - DataNodeSafeModeRule rule is successfully validated
2023-01-16 14:42:59,446 [EventQueue-NodeRegistrationContainerReportForDataNodeSafeModeRule] INFO  safemode.SCMSafeModeManager (SCMSafeModeManager.java:completePreCheck(229)) - All SCM safe mode pre check rules have passed
2023-01-16 14:42:59,446 [EventQueue-NodeRegistrationContainerReportForDataNodeSafeModeRule] INFO  ha.SCMContext (SCMContext.java:updateSafeModeStatus(228)) - Update SafeModeStatus from SafeModeStatus{safeModeStatus=true, preCheckPassed=false} to SafeModeStatus{safeModeStatus=true, preCheckPassed=true}.
2023-01-16 14:42:59,446 [EventQueue-NodeRegistrationContainerReportForDataNodeSafeModeRule] INFO  pipeline.BackgroundPipelineCreator (BackgroundPipelineCreator.java:notifyEventTriggered(276)) - trigger a one-shot run on RatisPipelineUtilsThread.
2023-01-16 14:42:59,447 [RatisPipelineUtilsThread - 0] INFO  pipeline.RatisPipelineProvider (RatisPipelineProvider.java:lambda$create$0(206)) - Sending CreatePipelineCommand for pipeline:PipelineID=ed429050-fb4b-419c-8b4b-311f4bfd6cb6 to datanode:b4158a24-f3b4-469a-87ed-87f7753bcb12
2023-01-16 14:42:59,447 [RatisPipelineUtilsThread - 0] INFO  pipeline.RatisPipelineProvider (RatisPipelineProvider.java:lambda$create$0(206)) - Sending CreatePipelineCommand for pipeline:PipelineID=ed429050-fb4b-419c-8b4b-311f4bfd6cb6 to datanode:edaf4ec7-b5bd-443f-91da-280c30b6b0af
2023-01-16 14:42:59,447 [RatisPipelineUtilsThread - 0] INFO  pipeline.RatisPipelineProvider (RatisPipelineProvider.java:lambda$create$0(206)) - Sending CreatePipelineCommand for pipeline:PipelineID=ed429050-fb4b-419c-8b4b-311f4bfd6cb6 to datanode:fe85205b-7d0e-4b68-96f2-42eee8168b18
2023-01-16 14:42:59,448 [RatisPipelineUtilsThread - 0] INFO  pipeline.PipelineStateManagerImpl (PipelineStateManagerImpl.java:addPipeline(103)) - Created pipeline Pipeline[ Id: ed429050-fb4b-419c-8b4b-311f4bfd6cb6, Nodes: b4158a24-f3b4-469a-87ed-87f7753bcb12(fv-az203-757.ild0l4k5vsluppoevu2oqvhmda.cx.internal.cloudapp.net/10.1.1.103)edaf4ec7-b5bd-443f-91da-280c30b6b0af(fv-az203-757.ild0l4k5vsluppoevu2oqvhmda.cx.internal.cloudapp.net/10.1.1.103)fe85205b-7d0e-4b68-96f2-42eee8168b18(fv-az203-757.ild0l4k5vsluppoevu2oqvhmda.cx.internal.cloudapp.net/10.1.1.103), ReplicationConfig: RATIS/THREE, State:ALLOCATED, leaderId:, CreationTimestamp2023-01-16T14:42:59.447Z[Etc/UTC]].
2023-01-16 14:42:59,449 [RatisPipelineUtilsThread - 0] INFO  pipeline.RatisPipelineProvider (RatisPipelineProvider.java:lambda$create$0(206)) - Sending CreatePipelineCommand for pipeline:PipelineID=e38bf172-605d-44ee-a7c2-e63e61230fa7 to datanode:b4158a24-f3b4-469a-87ed-87f7753bcb12
2023-01-16 14:42:59,449 [RatisPipelineUtilsThread - 0] INFO  pipeline.RatisPipelineProvider (RatisPipelineProvider.java:lambda$create$0(206)) - Sending CreatePipelineCommand for pipeline:PipelineID=e38bf172-605d-44ee-a7c2-e63e61230fa7 to datanode:edaf4ec7-b5bd-443f-91da-280c30b6b0af
2023-01-16 14:42:59,449 [RatisPipelineUtilsThread - 0] INFO  pipeline.RatisPipelineProvider (RatisPipelineProvider.java:lambda$create$0(206)) - Sending CreatePipelineCommand for pipeline:PipelineID=e38bf172-605d-44ee-a7c2-e63e61230fa7 to datanode:fe85205b-7d0e-4b68-96f2-42eee8168b18
2023-01-16 14:42:59,449 [RatisPipelineUtilsThread - 0] INFO  pipeline.PipelineStateManagerImpl (PipelineStateManagerImpl.java:addPipeline(103)) - Created pipeline Pipeline[ Id: e38bf172-605d-44ee-a7c2-e63e61230fa7, Nodes: b4158a24-f3b4-469a-87ed-87f7753bcb12(fv-az203-757.ild0l4k5vsluppoevu2oqvhmda.cx.internal.cloudapp.net/10.1.1.103)edaf4ec7-b5bd-443f-91da-280c30b6b0af(fv-az203-757.ild0l4k5vsluppoevu2oqvhmda.cx.internal.cloudapp.net/10.1.1.103)fe85205b-7d0e-4b68-96f2-42eee8168b18(fv-az203-757.ild0l4k5vsluppoevu2oqvhmda.cx.internal.cloudapp.net/10.1.1.103), ReplicationConfig: RATIS/THREE, State:ALLOCATED, leaderId:, CreationTimestamp2023-01-16T14:42:59.449Z[Etc/UTC]].
2023-01-16 14:42:59,450 [RatisPipelineUtilsThread - 0] INFO  pipeline.PipelineManagerImpl (PipelineManagerImpl.java:recordMetricsForPipeline(826)) - Pipeline: PipelineID=e38bf172-605d-44ee-a7c2-e63e61230fa7 contains same datanodes as previous pipelines: PipelineID=ed429050-fb4b-419c-8b4b-311f4bfd6cb6 nodeIds: b4158a24-f3b4-469a-87ed-87f7753bcb12, edaf4ec7-b5bd-443f-91da-280c30b6b0af, fe85205b-7d0e-4b68-96f2-42eee8168b18
2023-01-16 14:42:59,450 [RatisPipelineUtilsThread - 0] WARN  pipeline.PipelinePlacementPolicy (PipelinePlacementPolicy.java:filterViableNodes(158)) - Pipeline creation failed due to no sufficient healthy datanodes. Required 3. Found 0.
2023-01-16 14:42:59,765 [IPC Server handler 0 on default port 33251] INFO  net.NetworkTopologyImpl (NetworkTopologyImpl.java:add(112)) - Added a new node: /default-rack/5cd6f085-199f-4d86-8efd-dd16eb4c4197
2023-01-16 14:42:59,765 [IPC Server handler 0 on default port 33251] INFO  node.SCMNodeManager (SCMNodeManager.java:register(397)) - Registered Data node : 5cd6f085-199f-4d86-8efd-dd16eb4c4197{ip: 10.1.1.103, host: fv-az203-757.ild0l4k5vsluppoevu2oqvhmda.cx.internal.cloudapp.net, ports: [REPLICATION=38917, RATIS=38983, RATIS_ADMIN=38983, RATIS_SERVER=38983, RATIS_DATASTREAM=38531, STANDALONE=35103], networkLocation: /default-rack, certSerialId: null, persistedOpState: null, persistedOpStateExpiryEpochSec: 0}
2023-01-16 14:42:59,765 [EventQueue-NewNodeForNewNodeHandler] INFO  pipeline.BackgroundPipelineCreator (BackgroundPipelineCreator.java:notifyEventTriggered(276)) - trigger a one-shot run on RatisPipelineUtilsThread.
2023-01-16 14:42:59,767 [RatisPipelineUtilsThread - 0] WARN  pipeline.PipelinePlacementPolicy (PipelinePlacementPolicy.java:filterViableNodes(158)) - Pipeline creation failed due to no sufficient healthy datanodes. Required 3. Found 1.
2023-01-16 14:43:00,081 [IPC Server handler 2 on default port 33251] INFO  net.NetworkTopologyImpl (NetworkTopologyImpl.java:add(112)) - Added a new node: /default-rack/53290e67-17c3-4c90-996e-c8ad22d82667
2023-01-16 14:43:00,081 [IPC Server handler 2 on default port 33251] INFO  node.SCMNodeManager (SCMNodeManager.java:register(397)) - Registered Data node : 53290e67-17c3-4c90-996e-c8ad22d82667{ip: 10.1.1.103, host: fv-az203-757.ild0l4k5vsluppoevu2oqvhmda.cx.internal.cloudapp.net, ports: [REPLICATION=39527, RATIS=38457, RATIS_ADMIN=38457, RATIS_SERVER=38457, RATIS_DATASTREAM=39377, STANDALONE=37571], networkLocation: /default-rack, certSerialId: null, persistedOpState: null, persistedOpStateExpiryEpochSec: 0}
2023-01-16 14:43:00,082 [EventQueue-NewNodeForNewNodeHandler] INFO  pipeline.BackgroundPipelineCreator (BackgroundPipelineCreator.java:notifyEventTriggered(276)) - trigger a one-shot run on RatisPipelineUtilsThread.
2023-01-16 14:43:00,082 [RatisPipelineUtilsThread - 0] WARN  pipeline.PipelinePlacementPolicy (PipelinePlacementPolicy.java:filterViableNodes(158)) - Pipeline creation failed due to no sufficient healthy datanodes. Required 3. Found 2.
2023-01-16 14:43:00,380 [Listener at 127.0.0.1/44023] INFO  ozone.MiniOzoneClusterImpl (MiniOzoneClusterImpl.java:lambda$waitForClusterToBeReady$0(218)) - Waiting for nodes to be ready. Got 5 of 6 DN Heartbeats.
2023-01-16 14:43:00,380 [Listener at 127.0.0.1/44023] INFO  ozone.MiniOzoneClusterImpl (MiniOzoneClusterImpl.java:lambda$waitForClusterToBeReady$0(221)) - Waiting for cluster to exit safe mode
2023-01-16 14:43:00,380 [Listener at 127.0.0.1/44023] INFO  ozone.MiniOzoneClusterImpl (MiniOzoneClusterImpl.java:lambda$waitForClusterToBeReady$0(223)) - SCM became leader
2023-01-16 14:43:00,385 [IPC Server handler 3 on default port 33251] INFO  net.NetworkTopologyImpl (NetworkTopologyImpl.java:add(112)) - Added a new node: /default-rack/ca7e3987-4d62-4f50-9818-34d949b95429
2023-01-16 14:43:00,385 [IPC Server handler 3 on default port 33251] INFO  node.SCMNodeManager (SCMNodeManager.java:register(397)) - Registered Data node : ca7e3987-4d62-4f50-9818-34d949b95429{ip: 10.1.1.103, host: fv-az203-757.ild0l4k5vsluppoevu2oqvhmda.cx.internal.cloudapp.net, ports: [REPLICATION=45169, RATIS=44861, RATIS_ADMIN=44861, RATIS_SERVER=44861, RATIS_DATASTREAM=43889, STANDALONE=39671], networkLocation: /default-rack, certSerialId: null, persistedOpState: null, persistedOpStateExpiryEpochSec: 0}
2023-01-16 14:43:00,386 [EventQueue-NewNodeForNewNodeHandler] INFO  pipeline.BackgroundPipelineCreator (BackgroundPipelineCreator.java:notifyEventTriggered(276)) - trigger a one-shot run on RatisPipelineUtilsThread.
2023-01-16 14:43:00,386 [RatisPipelineUtilsThread - 0] INFO  pipeline.RatisPipelineProvider (RatisPipelineProvider.java:lambda$create$0(206)) - Sending CreatePipelineCommand for pipeline:PipelineID=77fdc72e-c411-4c47-aa6e-014bd055f285 to datanode:5cd6f085-199f-4d86-8efd-dd16eb4c4197
2023-01-16 14:43:00,387 [RatisPipelineUtilsThread - 0] INFO  pipeline.RatisPipelineProvider (RatisPipelineProvider.java:lambda$create$0(206)) - Sending CreatePipelineCommand for pipeline:PipelineID=77fdc72e-c411-4c47-aa6e-014bd055f285 to datanode:ca7e3987-4d62-4f50-9818-34d949b95429
2023-01-16 14:43:00,387 [RatisPipelineUtilsThread - 0] INFO  pipeline.RatisPipelineProvider (RatisPipelineProvider.java:lambda$create$0(206)) - Sending CreatePipelineCommand for pipeline:PipelineID=77fdc72e-c411-4c47-aa6e-014bd055f285 to datanode:53290e67-17c3-4c90-996e-c8ad22d82667
2023-01-16 14:43:00,387 [RatisPipelineUtilsThread - 0] INFO  pipeline.PipelineStateManagerImpl (PipelineStateManagerImpl.java:addPipeline(103)) - Created pipeline Pipeline[ Id: 77fdc72e-c411-4c47-aa6e-014bd055f285, Nodes: 5cd6f085-199f-4d86-8efd-dd16eb4c4197(fv-az203-757.ild0l4k5vsluppoevu2oqvhmda.cx.internal.cloudapp.net/10.1.1.103)ca7e3987-4d62-4f50-9818-34d949b95429(fv-az203-757.ild0l4k5vsluppoevu2oqvhmda.cx.internal.cloudapp.net/10.1.1.103)53290e67-17c3-4c90-996e-c8ad22d82667(fv-az203-757.ild0l4k5vsluppoevu2oqvhmda.cx.internal.cloudapp.net/10.1.1.103), ReplicationConfig: RATIS/THREE, State:ALLOCATED, leaderId:, CreationTimestamp2023-01-16T14:43:00.386Z[Etc/UTC]].
2023-01-16 14:43:00,388 [RatisPipelineUtilsThread - 0] INFO  pipeline.RatisPipelineProvider (RatisPipelineProvider.java:lambda$create$0(206)) - Sending CreatePipelineCommand for pipeline:PipelineID=9c529fa9-7a50-48f6-b7e9-ad856bd91d88 to datanode:5cd6f085-199f-4d86-8efd-dd16eb4c4197
2023-01-16 14:43:00,388 [RatisPipelineUtilsThread - 0] INFO  pipeline.RatisPipelineProvider (RatisPipelineProvider.java:lambda$create$0(206)) - Sending CreatePipelineCommand for pipeline:PipelineID=9c529fa9-7a50-48f6-b7e9-ad856bd91d88 to datanode:53290e67-17c3-4c90-996e-c8ad22d82667
2023-01-16 14:43:00,388 [RatisPipelineUtilsThread - 0] INFO  pipeline.RatisPipelineProvider (RatisPipelineProvider.java:lambda$create$0(206)) - Sending CreatePipelineCommand for pipeline:PipelineID=9c529fa9-7a50-48f6-b7e9-ad856bd91d88 to datanode:ca7e3987-4d62-4f50-9818-34d949b95429
2023-01-16 14:43:00,389 [RatisPipelineUtilsThread - 0] INFO  pipeline.PipelineStateManagerImpl (PipelineStateManagerImpl.java:addPipeline(103)) - Created pipeline Pipeline[ Id: 9c529fa9-7a50-48f6-b7e9-ad856bd91d88, Nodes: 5cd6f085-199f-4d86-8efd-dd16eb4c4197(fv-az203-757.ild0l4k5vsluppoevu2oqvhmda.cx.internal.cloudapp.net/10.1.1.103)53290e67-17c3-4c90-996e-c8ad22d82667(fv-az203-757.ild0l4k5vsluppoevu2oqvhmda.cx.internal.cloudapp.net/10.1.1.103)ca7e3987-4d62-4f50-9818-34d949b95429(fv-az203-757.ild0l4k5vsluppoevu2oqvhmda.cx.internal.cloudapp.net/10.1.1.103), ReplicationConfig: RATIS/THREE, State:ALLOCATED, leaderId:, CreationTimestamp2023-01-16T14:43:00.388Z[Etc/UTC]].
2023-01-16 14:43:00,389 [RatisPipelineUtilsThread - 0] INFO  pipeline.PipelineManagerImpl (PipelineManagerImpl.java:recordMetricsForPipeline(826)) - Pipeline: PipelineID=9c529fa9-7a50-48f6-b7e9-ad856bd91d88 contains same datanodes as previous pipelines: PipelineID=77fdc72e-c411-4c47-aa6e-014bd055f285 nodeIds: 5cd6f085-199f-4d86-8efd-dd16eb4c4197, 53290e67-17c3-4c90-996e-c8ad22d82667, ca7e3987-4d62-4f50-9818-34d949b95429
2023-01-16 14:43:00,389 [RatisPipelineUtilsThread - 0] WARN  pipeline.PipelinePlacementPolicy (PipelinePlacementPolicy.java:filterViableNodes(158)) - Pipeline creation failed due to no sufficient healthy datanodes. Required 3. Found 0.
2023-01-16 14:43:01,380 [Listener at 127.0.0.1/44023] INFO  ozone.MiniOzoneClusterImpl (MiniOzoneClusterImpl.java:lambda$waitForClusterToBeReady$0(218)) - Nodes are ready. Got 6 of 6 DN Heartbeats.
2023-01-16 14:43:01,381 [Listener at 127.0.0.1/44023] INFO  ozone.MiniOzoneClusterImpl (MiniOzoneClusterImpl.java:lambda$waitForClusterToBeReady$0(221)) - Waiting for cluster to exit safe mode
2023-01-16 14:43:01,381 [Listener at 127.0.0.1/44023] INFO  ozone.MiniOzoneClusterImpl (MiniOzoneClusterImpl.java:lambda$waitForClusterToBeReady$0(223)) - SCM became leader
2023-01-16 14:43:01,795 [Command processor thread] INFO  server.RaftServer (RaftServerProxy.java:addNew(96)) - edaf4ec7-b5bd-443f-91da-280c30b6b0af: addNew group-311F4BFD6CB6:[b4158a24-f3b4-469a-87ed-87f7753bcb12|rpc:10.1.1.103:34081|dataStream:10.1.1.103:39137|priority:0|startupRole:FOLLOWER, edaf4ec7-b5bd-443f-91da-280c30b6b0af|rpc:10.1.1.103:33751|dataStream:10.1.1.103:44513|priority:1|startupRole:FOLLOWER, fe85205b-7d0e-4b68-96f2-42eee8168b18|rpc:10.1.1.103:34621|dataStream:10.1.1.103:43717|priority:0|startupRole:FOLLOWER] returns group-311F4BFD6CB6:java.util.concurrent.CompletableFuture@3928bd7[Not completed]
2023-01-16 14:43:01,796 [pool-541-thread-1] INFO  server.RaftServer$Division (RaftServerImpl.java:<init>(195)) - edaf4ec7-b5bd-443f-91da-280c30b6b0af: new RaftServerImpl for group-311F4BFD6CB6:[b4158a24-f3b4-469a-87ed-87f7753bcb12|rpc:10.1.1.103:34081|dataStream:10.1.1.103:39137|priority:0|startupRole:FOLLOWER, edaf4ec7-b5bd-443f-91da-280c30b6b0af|rpc:10.1.1.103:33751|dataStream:10.1.1.103:44513|priority:1|startupRole:FOLLOWER, fe85205b-7d0e-4b68-96f2-42eee8168b18|rpc:10.1.1.103:34621|dataStream:10.1.1.103:43717|priority:0|startupRole:FOLLOWER] with ContainerStateMachine:uninitialized
2023-01-16 14:43:01,797 [pool-541-thread-1] INFO  server.RaftServerConfigKeys (ConfUtils.java:logGet(46)) - raft.server.rpc.timeout.min = 5s (custom)
2023-01-16 14:43:01,797 [pool-541-thread-1] INFO  server.RaftServerConfigKeys (ConfUtils.java:logGet(46)) - raft.server.rpc.timeout.max = 5200ms (custom)
2023-01-16 14:43:01,797 [pool-541-thread-1] INFO  server.RaftServerConfigKeys (ConfUtils.java:logGet(46)) - raft.server.rpc.sleep.time = 25ms (default)
2023-01-16 14:43:01,797 [pool-541-thread-1] INFO  server.RaftServerConfigKeys (ConfUtils.java:logGet(46)) - raft.server.rpc.slowness.timeout = 300s (custom)
2023-01-16 14:43:01,797 [pool-541-thread-1] INFO  server.RaftServerConfigKeys (ConfUtils.java:logGet(46)) - raft.server.leaderelection.leader.step-down.wait-time = 10s (default)
2023-01-16 14:43:01,797 [pool-541-thread-1] INFO  server.RaftServerConfigKeys (ConfUtils.java:logGet(46)) - raft.server.sleep.deviation.threshold = 300ms (default)
2023-01-16 14:43:01,797 [pool-541-thread-1] INFO  server.RaftServer$Division (ServerState.java:<init>(118)) - edaf4ec7-b5bd-443f-91da-280c30b6b0af@group-311F4BFD6CB6: ConfigurationManager, init=-1: peers:[b4158a24-f3b4-469a-87ed-87f7753bcb12|rpc:10.1.1.103:34081|dataStream:10.1.1.103:39137|priority:0|startupRole:FOLLOWER, edaf4ec7-b5bd-443f-91da-280c30b6b0af|rpc:10.1.1.103:33751|dataStream:10.1.1.103:44513|priority:1|startupRole:FOLLOWER, fe85205b-7d0e-4b68-96f2-42eee8168b18|rpc:10.1.1.103:34621|dataStream:10.1.1.103:43717|priority:0|startupRole:FOLLOWER]|listeners:[], old=null, confs=<EMPTY_MAP>
2023-01-16 14:43:01,797 [pool-541-thread-1] INFO  server.RaftServerConfigKeys (ConfUtils.java:logGet(46)) - raft.server.storage.dir = [/home/runner/work/ozone/ozone/hadoop-ozone/integration-test/target/test-dir/MiniOzoneClusterImpl-3631b34d-cc81-4479-8217-32b495b3d7e3/datanode-0/data/ratis] (custom)
2023-01-16 14:43:01,797 [pool-541-thread-1] INFO  server.RaftServerConfigKeys (ConfUtils.java:logGet(46)) - raft.server.log.corruption.policy = EXCEPTION (default)
2023-01-16 14:43:01,797 [pool-541-thread-1] INFO  server.RaftServerConfigKeys (ConfUtils.java:logGet(46)) - raft.server.storage.free-space.min = 0MB (=0) (default)
2023-01-16 14:43:01,797 [pool-541-thread-1] INFO  server.RaftServerConfigKeys (ConfUtils.java:logGet(46)) - raft.server.notification.no-leader.timeout = 300s (custom)
2023-01-16 14:43:01,797 [pool-541-thread-1] INFO  server.RaftServerConfigKeys (ConfUtils.java:logGet(46)) - raft.server.retrycache.expirytime = 600000ms (custom)
2023-01-16 14:43:01,797 [pool-541-thread-1] INFO  server.RaftServerConfigKeys (ConfUtils.java:logGet(46)) - raft.server.retrycache.statistics.expirytime = 100μs (default)
2023-01-16 14:43:01,798 [pool-541-thread-1] INFO  server.RaftServerConfigKeys (ConfUtils.java:logGet(46)) - raft.server.log.appender.install.snapshot.enabled = false (custom)
2023-01-16 14:43:01,798 [pool-541-thread-1] INFO  server.RaftServerConfigKeys (ConfUtils.java:logGet(46)) - raft.server.threadpool.server.cached = true (default)
2023-01-16 14:43:01,798 [pool-541-thread-1] INFO  server.RaftServerConfigKeys (ConfUtils.java:logGet(46)) - raft.server.threadpool.server.size = 0 (default)
2023-01-16 14:43:01,798 [pool-541-thread-1] INFO  server.RaftServerConfigKeys (ConfUtils.java:logGet(46)) - raft.server.threadpool.client.cached = true (default)
2023-01-16 14:43:01,798 [pool-541-thread-1] INFO  server.RaftServerConfigKeys (ConfUtils.java:logGet(46)) - raft.server.threadpool.client.size = 0 (default)
2023-01-16 14:43:01,798 [pool-541-thread-1] INFO  storage.RaftStorageDirectory (RaftStorageDirectoryImpl.java:analyzeStorage(137)) - The storage directory /home/runner/work/ozone/ozone/hadoop-ozone/integration-test/target/test-dir/MiniOzoneClusterImpl-3631b34d-cc81-4479-8217-32b495b3d7e3/datanode-0/data/ratis/ed429050-fb4b-419c-8b4b-311f4bfd6cb6 does not exist. Creating ...
2023-01-16 14:43:01,800 [pool-541-thread-1] INFO  storage.RaftStorageDirectory (RaftStorageDirectoryImpl.java:tryLock(231)) - Lock on /home/runner/work/ozone/ozone/hadoop-ozone/integration-test/target/test-dir/MiniOzoneClusterImpl-3631b34d-cc81-4479-8217-32b495b3d7e3/datanode-0/data/ratis/ed429050-fb4b-419c-8b4b-311f4bfd6cb6/in_use.lock acquired by nodename 12075@fv-az203-757
2023-01-16 14:43:01,801 [pool-541-thread-1] INFO  storage.RaftStorage (RaftStorageImpl.java:format(96)) - Storage directory /home/runner/work/ozone/ozone/hadoop-ozone/integration-test/target/test-dir/MiniOzoneClusterImpl-3631b34d-cc81-4479-8217-32b495b3d7e3/datanode-0/data/ratis/ed429050-fb4b-419c-8b4b-311f4bfd6cb6 has been successfully formatted.
2023-01-16 14:43:01,803 [pool-541-thread-1] INFO  ratis.ContainerStateMachine (ContainerStateMachine.java:loadSnapshot(240)) - group-311F4BFD6CB6: The snapshot info is null. Setting the last applied indexto:(t:0, i:~)
2023-01-16 14:43:01,803 [pool-541-thread-1] INFO  server.RaftServerConfigKeys (ConfUtils.java:logGet(46)) - raft.server.log.use.memory = false (default)
2023-01-16 14:43:01,803 [pool-541-thread-1] INFO  server.RaftServerConfigKeys (ConfUtils.java:logGet(46)) - raft.server.log.purge.gap = 1000000 (custom)
2023-01-16 14:43:01,803 [pool-541-thread-1] INFO  server.RaftServerConfigKeys (ConfUtils.java:logGet(46)) - raft.server.log.appender.buffer.byte-limit = 33554432 (custom)
2023-01-16 14:43:01,803 [pool-541-thread-1] INFO  server.RaftServerConfigKeys (ConfUtils.java:logGet(46)) - raft.server.log.statemachine.data.read.timeout = 1000ms (default)
2023-01-16 14:43:01,803 [pool-541-thread-1] INFO  server.RaftServerConfigKeys (ConfUtils.java:logGet(46)) - raft.server.log.purge.preservation.log.num = 0 (default)
2023-01-16 14:43:01,803 [pool-541-thread-1] INFO  server.RaftServerConfigKeys (ConfUtils.java:logGet(46)) - raft.server.log.segment.size.max = 1048576 (custom)
2023-01-16 14:43:01,803 [pool-541-thread-1] INFO  server.RaftServerConfigKeys (ConfUtils.java:logGet(46)) - raft.server.log.segment.cache.num.max = 2 (custom)
2023-01-16 14:43:01,804 [pool-541-thread-1] INFO  server.RaftServerConfigKeys (ConfUtils.java:logGet(46)) - raft.server.log.segment.cache.size.max = 200MB (=209715200) (default)
2023-01-16 14:43:01,804 [pool-541-thread-1] INFO  segmented.SegmentedRaftLogWorker (SegmentedRaftLogWorker.java:<init>(189)) - new edaf4ec7-b5bd-443f-91da-280c30b6b0af@group-311F4BFD6CB6-SegmentedRaftLogWorker for RaftStorageImpl:Storage Directory /home/runner/work/ozone/ozone/hadoop-ozone/integration-test/target/test-dir/MiniOzoneClusterImpl-3631b34d-cc81-4479-8217-32b495b3d7e3/datanode-0/data/ratis/ed429050-fb4b-419c-8b4b-311f4bfd6cb6
2023-01-16 14:43:01,804 [pool-541-thread-1] INFO  server.RaftServerConfigKeys (ConfUtils.java:logGet(46)) - raft.server.log.queue.byte-limit = 4294967296 (custom)
2023-01-16 14:43:01,804 [pool-541-thread-1] INFO  server.RaftServerConfigKeys (ConfUtils.java:logGet(46)) - raft.server.log.queue.element-limit = 1024 (custom)
2023-01-16 14:43:01,804 [pool-541-thread-1] INFO  server.RaftServerConfigKeys (ConfUtils.java:logGet(46)) - raft.server.log.segment.size.max = 1048576 (custom)
2023-01-16 14:43:01,804 [pool-541-thread-1] INFO  server.RaftServerConfigKeys (ConfUtils.java:logGet(46)) - raft.server.log.preallocated.size = 16384 (custom)
2023-01-16 14:43:01,804 [pool-541-thread-1] INFO  server.RaftServerConfigKeys (ConfUtils.java:logGet(46)) - raft.server.log.force.sync.num = 128 (default)
2023-01-16 14:43:01,804 [pool-541-thread-1] INFO  server.RaftServerConfigKeys (ConfUtils.java:logGet(46)) - raft.server.log.statemachine.data.sync = true (default)
2023-01-16 14:43:01,804 [pool-541-thread-1] INFO  server.RaftServerConfigKeys (ConfUtils.java:logGet(46)) - raft.server.log.statemachine.data.sync.timeout = 10s (default)
2023-01-16 14:43:01,804 [pool-541-thread-1] INFO  server.RaftServerConfigKeys (ConfUtils.java:logGet(46)) - raft.server.log.statemachine.data.sync.timeout.retry = -1 (default)
2023-01-16 14:43:01,805 [pool-541-thread-1] INFO  server.RaftServerConfigKeys (ConfUtils.java:logGet(46)) - raft.server.log.write.buffer.size = 1048576 (custom)
2023-01-16 14:43:01,805 [pool-541-thread-1] INFO  server.RaftServerConfigKeys (ConfUtils.java:logGet(46)) - raft.server.log.appender.buffer.byte-limit = 33554432 (custom)
2023-01-16 14:43:01,810 [pool-541-thread-1] INFO  server.RaftServerConfigKeys (ConfUtils.java:logGet(46)) - raft.server.log.unsafe-flush.enabled = false (default)
2023-01-16 14:43:01,810 [pool-541-thread-1] INFO  server.RaftServerConfigKeys (ConfUtils.java:logGet(46)) - raft.server.log.async-flush.enabled = false (default)
2023-01-16 14:43:01,810 [pool-541-thread-1] INFO  server.RaftServerConfigKeys (ConfUtils.java:logGet(46)) - raft.server.log.statemachine.data.caching.enabled = true (custom)
2023-01-16 14:43:01,810 [pool-541-thread-1] INFO  segmented.SegmentedRaftLogWorker (SegmentedRaftLogWorker.java:lambda$new$0(135)) - edaf4ec7-b5bd-443f-91da-280c30b6b0af@group-311F4BFD6CB6-SegmentedRaftLogWorker: flushIndex: setUnconditionally 0 -> -1
2023-01-16 14:43:01,810 [pool-541-thread-1] INFO  segmented.SegmentedRaftLogWorker (SegmentedRaftLogWorker.java:lambda$new$0(135)) - edaf4ec7-b5bd-443f-91da-280c30b6b0af@group-311F4BFD6CB6-SegmentedRaftLogWorker: safeCacheEvictIndex: setUnconditionally 0 -> -1
2023-01-16 14:43:01,811 [pool-541-thread-1] INFO  server.RaftServer$Division (RaftServerImpl.java:start(334)) - edaf4ec7-b5bd-443f-91da-280c30b6b0af@group-311F4BFD6CB6: start as a follower, conf=-1: peers:[b4158a24-f3b4-469a-87ed-87f7753bcb12|rpc:10.1.1.103:34081|dataStream:10.1.1.103:39137|priority:0|startupRole:FOLLOWER, edaf4ec7-b5bd-443f-91da-280c30b6b0af|rpc:10.1.1.103:33751|dataStream:10.1.1.103:44513|priority:1|startupRole:FOLLOWER, fe85205b-7d0e-4b68-96f2-42eee8168b18|rpc:10.1.1.103:34621|dataStream:10.1.1.103:43717|priority:0|startupRole:FOLLOWER]|listeners:[], old=null
2023-01-16 14:43:01,811 [pool-541-thread-1] INFO  server.RaftServer$Division (RaftServerImpl.java:setRole(321)) - edaf4ec7-b5bd-443f-91da-280c30b6b0af@group-311F4BFD6CB6: changes role from      null to FOLLOWER at term 0 for startAsFollower
2023-01-16 14:43:01,811 [pool-541-thread-1] INFO  impl.RoleInfo (RoleInfo.java:updateAndGet(139)) - edaf4ec7-b5bd-443f-91da-280c30b6b0af: start edaf4ec7-b5bd-443f-91da-280c30b6b0af@group-311F4BFD6CB6-FollowerState
2023-01-16 14:43:01,811 [pool-541-thread-1] INFO  util.JmxRegister (JmxRegister.java:tryRegister(44)) - Successfully registered JMX Bean with object name Ratis:service=RaftServer,group=group-311F4BFD6CB6,id=edaf4ec7-b5bd-443f-91da-280c30b6b0af
2023-01-16 14:43:01,811 [pool-541-thread-1] INFO  server.RaftServerConfigKeys (ConfUtils.java:logGet(46)) - raft.server.snapshot.auto.trigger.enabled = true (custom)
2023-01-16 14:43:01,811 [pool-541-thread-1] INFO  server.RaftServerConfigKeys (ConfUtils.java:logGet(46)) - raft.server.snapshot.auto.trigger.threshold = 10000 (custom)
2023-01-16 14:43:01,811 [pool-541-thread-1] INFO  server.RaftServerConfigKeys (ConfUtils.java:logGet(46)) - raft.server.snapshot.retention.file.num = 5 (custom)
2023-01-16 14:43:01,811 [pool-541-thread-1] INFO  server.RaftServerConfigKeys (ConfUtils.java:logGet(46)) - raft.server.log.purge.upto.snapshot.index = false (default)
2023-01-16 14:43:01,812 [Command processor thread] INFO  ratis.XceiverServerRatis (XceiverServerRatis.java:addGroup(806)) - Created group PipelineID=ed429050-fb4b-419c-8b4b-311f4bfd6cb6
2023-01-16 14:43:01,812 [edaf4ec7-b5bd-443f-91da-280c30b6b0af@group-311F4BFD6CB6-FollowerState] INFO  server.RaftServerConfigKeys (ConfUtils.java:logFallback(53)) - raft.server.rpc.first-election.timeout.min = 5s (fallback to raft.server.rpc.timeout.min)
2023-01-16 14:43:01,812 [edaf4ec7-b5bd-443f-91da-280c30b6b0af@group-311F4BFD6CB6-FollowerState] INFO  server.RaftServerConfigKeys (ConfUtils.java:logFallback(53)) - raft.server.rpc.first-election.timeout.max = 5200ms (fallback to raft.server.rpc.timeout.max)
2023-01-16 14:43:01,823 [grpc-default-executor-1] INFO  server.RaftServer (RaftServerProxy.java:addNew(96)) - b4158a24-f3b4-469a-87ed-87f7753bcb12: addNew group-311F4BFD6CB6:[b4158a24-f3b4-469a-87ed-87f7753bcb12|rpc:10.1.1.103:34081|dataStream:10.1.1.103:39137|priority:0|startupRole:FOLLOWER, edaf4ec7-b5bd-443f-91da-280c30b6b0af|rpc:10.1.1.103:33751|dataStream:10.1.1.103:44513|priority:1|startupRole:FOLLOWER, fe85205b-7d0e-4b68-96f2-42eee8168b18|rpc:10.1.1.103:34621|dataStream:10.1.1.103:43717|priority:0|startupRole:FOLLOWER] returns group-311F4BFD6CB6:java.util.concurrent.CompletableFuture@76094fcf[Not completed]
2023-01-16 14:43:01,825 [pool-587-thread-1] INFO  server.RaftServer$Division (RaftServerImpl.java:<init>(195)) - b4158a24-f3b4-469a-87ed-87f7753bcb12: new RaftServerImpl for group-311F4BFD6CB6:[b4158a24-f3b4-469a-87ed-87f7753bcb12|rpc:10.1.1.103:34081|dataStream:10.1.1.103:39137|priority:0|startupRole:FOLLOWER, edaf4ec7-b5bd-443f-91da-280c30b6b0af|rpc:10.1.1.103:33751|dataStream:10.1.1.103:44513|priority:1|startupRole:FOLLOWER, fe85205b-7d0e-4b68-96f2-42eee8168b18|rpc:10.1.1.103:34621|dataStream:10.1.1.103:43717|priority:0|startupRole:FOLLOWER] with ContainerStateMachine:uninitialized
2023-01-16 14:43:01,825 [pool-587-thread-1] INFO  server.RaftServerConfigKeys (ConfUtils.java:logGet(46)) - raft.server.rpc.timeout.min = 5s (custom)
2023-01-16 14:43:01,825 [pool-587-thread-1] INFO  server.RaftServerConfigKeys (ConfUtils.java:logGet(46)) - raft.server.rpc.timeout.max = 5200ms (custom)
2023-01-16 14:43:01,825 [pool-587-thread-1] INFO  server.RaftServerConfigKeys (ConfUtils.java:logGet(46)) - raft.server.rpc.sleep.time = 25ms (default)
2023-01-16 14:43:01,825 [pool-587-thread-1] INFO  server.RaftServerConfigKeys (ConfUtils.java:logGet(46)) - raft.server.rpc.slowness.timeout = 300s (custom)
2023-01-16 14:43:01,825 [pool-587-thread-1] INFO  server.RaftServerConfigKeys (ConfUtils.java:logGet(46)) - raft.server.leaderelection.leader.step-down.wait-time = 10s (default)
2023-01-16 14:43:01,825 [pool-587-thread-1] INFO  server.RaftServerConfigKeys (ConfUtils.java:logGet(46)) - raft.server.sleep.deviation.threshold = 300ms (default)
2023-01-16 14:43:01,825 [pool-587-thread-1] INFO  server.RaftServer$Division (ServerState.java:<init>(118)) - b4158a24-f3b4-469a-87ed-87f7753bcb12@group-311F4BFD6CB6: ConfigurationManager, init=-1: peers:[b4158a24-f3b4-469a-87ed-87f7753bcb12|rpc:10.1.1.103:34081|dataStream:10.1.1.103:39137|priority:0|startupRole:FOLLOWER, edaf4ec7-b5bd-443f-91da-280c30b6b0af|rpc:10.1.1.103:33751|dataStream:10.1.1.103:44513|priority:1|startupRole:FOLLOWER, fe85205b-7d0e-4b68-96f2-42eee8168b18|rpc:10.1.1.103:34621|dataStream:10.1.1.103:43717|priority:0|startupRole:FOLLOWER]|listeners:[], old=null, confs=<EMPTY_MAP>
2023-01-16 14:43:01,825 [pool-587-thread-1] INFO  server.RaftServerConfigKeys (ConfUtils.java:logGet(46)) - raft.server.storage.dir = [/home/runner/work/ozone/ozone/hadoop-ozone/integration-test/target/test-dir/MiniOzoneClusterImpl-3631b34d-cc81-4479-8217-32b495b3d7e3/datanode-2/data/ratis] (custom)
2023-01-16 14:43:01,825 [pool-587-thread-1] INFO  server.RaftServerConfigKeys (ConfUtils.java:logGet(46)) - raft.server.log.corruption.policy = EXCEPTION (default)
2023-01-16 14:43:01,825 [pool-587-thread-1] INFO  server.RaftServerConfigKeys (ConfUtils.java:logGet(46)) - raft.server.storage.free-space.min = 0MB (=0) (default)
2023-01-16 14:43:01,825 [pool-587-thread-1] INFO  server.RaftServerConfigKeys (ConfUtils.java:logGet(46)) - raft.server.notification.no-leader.timeout = 300s (custom)
2023-01-16 14:43:01,825 [pool-587-thread-1] INFO  server.RaftServerConfigKeys (ConfUtils.java:logGet(46)) - raft.server.retrycache.expirytime = 600000ms (custom)
2023-01-16 14:43:01,825 [pool-587-thread-1] INFO  server.RaftServerConfigKeys (ConfUtils.java:logGet(46)) - raft.server.retrycache.statistics.expirytime = 100μs (default)
2023-01-16 14:43:01,826 [pool-587-thread-1] INFO  server.RaftServerConfigKeys (ConfUtils.java:logGet(46)) - raft.server.log.appender.install.snapshot.enabled = false (custom)
2023-01-16 14:43:01,826 [pool-587-thread-1] INFO  server.RaftServerConfigKeys (ConfUtils.java:logGet(46)) - raft.server.threadpool.server.cached = true (default)
2023-01-16 14:43:01,826 [pool-587-thread-1] INFO  server.RaftServerConfigKeys (ConfUtils.java:logGet(46)) - raft.server.threadpool.server.size = 0 (default)
2023-01-16 14:43:01,826 [pool-587-thread-1] INFO  server.RaftServerConfigKeys (ConfUtils.java:logGet(46)) - raft.server.threadpool.client.cached = true (default)
2023-01-16 14:43:01,826 [pool-587-thread-1] INFO  server.RaftServerConfigKeys (ConfUtils.java:logGet(46)) - raft.server.threadpool.client.size = 0 (default)
2023-01-16 14:43:01,826 [pool-587-thread-1] INFO  storage.RaftStorageDirectory (RaftStorageDirectoryImpl.java:analyzeStorage(137)) - The storage directory /home/runner/work/ozone/ozone/hadoop-ozone/integration-test/target/test-dir/MiniOzoneClusterImpl-3631b34d-cc81-4479-8217-32b495b3d7e3/datanode-2/data/ratis/ed429050-fb4b-419c-8b4b-311f4bfd6cb6 does not exist. Creating ...
2023-01-16 14:43:01,828 [pool-587-thread-1] INFO  storage.RaftStorageDirectory (RaftStorageDirectoryImpl.java:tryLock(231)) - Lock on /home/runner/work/ozone/ozone/hadoop-ozone/integration-test/target/test-dir/MiniOzoneClusterImpl-3631b34d-cc81-4479-8217-32b495b3d7e3/datanode-2/data/ratis/ed429050-fb4b-419c-8b4b-311f4bfd6cb6/in_use.lock acquired by nodename 12075@fv-az203-757
2023-01-16 14:43:01,830 [pool-587-thread-1] INFO  storage.RaftStorage (RaftStorageImpl.java:format(96)) - Storage directory /home/runner/work/ozone/ozone/hadoop-ozone/integration-test/target/test-dir/MiniOzoneClusterImpl-3631b34d-cc81-4479-8217-32b495b3d7e3/datanode-2/data/ratis/ed429050-fb4b-419c-8b4b-311f4bfd6cb6 has been successfully formatted.
2023-01-16 14:43:01,831 [pool-587-thread-1] INFO  ratis.ContainerStateMachine (ContainerStateMachine.java:loadSnapshot(240)) - group-311F4BFD6CB6: The snapshot info is null. Setting the last applied indexto:(t:0, i:~)
2023-01-16 14:43:01,831 [pool-587-thread-1] INFO  server.RaftServerConfigKeys (ConfUtils.java:logGet(46)) - raft.server.log.use.memory = false (default)
2023-01-16 14:43:01,831 [pool-587-thread-1] INFO  server.RaftServerConfigKeys (ConfUtils.java:logGet(46)) - raft.server.log.purge.gap = 1000000 (custom)
2023-01-16 14:43:01,831 [pool-587-thread-1] INFO  server.RaftServerConfigKeys (ConfUtils.java:logGet(46)) - raft.server.log.appender.buffer.byte-limit = 33554432 (custom)
2023-01-16 14:43:01,831 [pool-587-thread-1] INFO  server.RaftServerConfigKeys (ConfUtils.java:logGet(46)) - raft.server.log.statemachine.data.read.timeout = 1000ms (default)
2023-01-16 14:43:01,831 [pool-587-thread-1] INFO  server.RaftServerConfigKeys (ConfUtils.java:logGet(46)) - raft.server.log.purge.preservation.log.num = 0 (default)
2023-01-16 14:43:01,832 [pool-587-thread-1] INFO  server.RaftServerConfigKeys (ConfUtils.java:logGet(46)) - raft.server.log.segment.size.max = 1048576 (custom)
2023-01-16 14:43:01,833 [pool-587-thread-1] INFO  server.RaftServerConfigKeys (ConfUtils.java:logGet(46)) - raft.server.log.segment.cache.num.max = 2 (custom)
2023-01-16 14:43:01,833 [pool-587-thread-1] INFO  server.RaftServerConfigKeys (ConfUtils.java:logGet(46)) - raft.server.log.segment.cache.size.max = 200MB (=209715200) (default)
2023-01-16 14:43:01,833 [pool-587-thread-1] INFO  segmented.SegmentedRaftLogWorker (SegmentedRaftLogWorker.java:<init>(189)) - new b4158a24-f3b4-469a-87ed-87f7753bcb12@group-311F4BFD6CB6-SegmentedRaftLogWorker for RaftStorageImpl:Storage Directory /home/runner/work/ozone/ozone/hadoop-ozone/integration-test/target/test-dir/MiniOzoneClusterImpl-3631b34d-cc81-4479-8217-32b495b3d7e3/datanode-2/data/ratis/ed429050-fb4b-419c-8b4b-311f4bfd6cb6
2023-01-16 14:43:01,835 [pool-587-thread-1] INFO  server.RaftServerConfigKeys (ConfUtils.java:logGet(46)) - raft.server.log.queue.byte-limit = 4294967296 (custom)
2023-01-16 14:43:01,835 [pool-587-thread-1] INFO  server.RaftServerConfigKeys (ConfUtils.java:logGet(46)) - raft.server.log.queue.element-limit = 1024 (custom)
2023-01-16 14:43:01,835 [pool-587-thread-1] INFO  server.RaftServerConfigKeys (ConfUtils.java:logGet(46)) - raft.server.log.segment.size.max = 1048576 (custom)
2023-01-16 14:43:01,835 [pool-587-thread-1] INFO  server.RaftServerConfigKeys (ConfUtils.java:logGet(46)) - raft.server.log.preallocated.size = 16384 (custom)
2023-01-16 14:43:01,835 [pool-587-thread-1] INFO  server.RaftServerConfigKeys (ConfUtils.java:logGet(46)) - raft.server.log.force.sync.num = 128 (default)
2023-01-16 14:43:01,835 [pool-587-thread-1] INFO  server.RaftServerConfigKeys (ConfUtils.java:logGet(46)) - raft.server.log.statemachine.data.sync = true (default)
2023-01-16 14:43:01,835 [pool-587-thread-1] INFO  server.RaftServerConfigKeys (ConfUtils.java:logGet(46)) - raft.server.log.statemachine.data.sync.timeout = 10s (default)
2023-01-16 14:43:01,835 [pool-587-thread-1] INFO  server.RaftServerConfigKeys (ConfUtils.java:logGet(46)) - raft.server.log.statemachine.data.sync.timeout.retry = -1 (default)
2023-01-16 14:43:01,835 [pool-587-thread-1] INFO  server.RaftServerConfigKeys (ConfUtils.java:logGet(46)) - raft.server.log.write.buffer.size = 1048576 (custom)
2023-01-16 14:43:01,836 [pool-587-thread-1] INFO  server.RaftServerConfigKeys (ConfUtils.java:logGet(46)) - raft.server.log.appender.buffer.byte-limit = 33554432 (custom)
2023-01-16 14:43:01,841 [pool-587-thread-1] INFO  server.RaftServerConfigKeys (ConfUtils.java:logGet(46)) - raft.server.log.unsafe-flush.enabled = false (default)
2023-01-16 14:43:01,842 [pool-587-thread-1] INFO  server.RaftServerConfigKeys (ConfUtils.java:logGet(46)) - raft.server.log.async-flush.enabled = false (default)
2023-01-16 14:43:01,842 [pool-587-thread-1] INFO  server.RaftServerConfigKeys (ConfUtils.java:logGet(46)) - raft.server.log.statemachine.data.caching.enabled = true (custom)
2023-01-16 14:43:01,842 [pool-587-thread-1] INFO  segmented.SegmentedRaftLogWorker (SegmentedRaftLogWorker.java:lambda$new$0(135)) - b4158a24-f3b4-469a-87ed-87f7753bcb12@group-311F4BFD6CB6-SegmentedRaftLogWorker: flushIndex: setUnconditionally 0 -> -1
2023-01-16 14:43:01,842 [pool-587-thread-1] INFO  segmented.SegmentedRaftLogWorker (SegmentedRaftLogWorker.java:lambda$new$0(135)) - b4158a24-f3b4-469a-87ed-87f7753bcb12@group-311F4BFD6CB6-SegmentedRaftLogWorker: safeCacheEvictIndex: setUnconditionally 0 -> -1
2023-01-16 14:43:01,843 [pool-587-thread-1] INFO  server.RaftServer$Division (RaftServerImpl.java:start(334)) - b4158a24-f3b4-469a-87ed-87f7753bcb12@group-311F4BFD6CB6: start as a follower, conf=-1: peers:[b4158a24-f3b4-469a-87ed-87f7753bcb12|rpc:10.1.1.103:34081|dataStream:10.1.1.103:39137|priority:0|startupRole:FOLLOWER, edaf4ec7-b5bd-443f-91da-280c30b6b0af|rpc:10.1.1.103:33751|dataStream:10.1.1.103:44513|priority:1|startupRole:FOLLOWER, fe85205b-7d0e-4b68-96f2-42eee8168b18|rpc:10.1.1.103:34621|dataStream:10.1.1.103:43717|priority:0|startupRole:FOLLOWER]|listeners:[], old=null
2023-01-16 14:43:01,843 [pool-587-thread-1] INFO  server.RaftServer$Division (RaftServerImpl.java:setRole(321)) - b4158a24-f3b4-469a-87ed-87f7753bcb12@group-311F4BFD6CB6: changes role from      null to FOLLOWER at term 0 for startAsFollower
2023-01-16 14:43:01,843 [pool-587-thread-1] INFO  impl.RoleInfo (RoleInfo.java:updateAndGet(139)) - b4158a24-f3b4-469a-87ed-87f7753bcb12: start b4158a24-f3b4-469a-87ed-87f7753bcb12@group-311F4BFD6CB6-FollowerState
2023-01-16 14:43:01,843 [b4158a24-f3b4-469a-87ed-87f7753bcb12@group-311F4BFD6CB6-FollowerState] INFO  server.RaftServerConfigKeys (ConfUtils.java:logFallback(53)) - raft.server.rpc.first-election.timeout.min = 5s (fallback to raft.server.rpc.timeout.min)
2023-01-16 14:43:01,843 [pool-587-thread-1] INFO  util.JmxRegister (JmxRegister.java:tryRegister(44)) - Successfully registered JMX Bean with object name Ratis:service=RaftServer,group=group-311F4BFD6CB6,id=b4158a24-f3b4-469a-87ed-87f7753bcb12
2023-01-16 14:43:01,843 [b4158a24-f3b4-469a-87ed-87f7753bcb12@group-311F4BFD6CB6-FollowerState] INFO  server.RaftServerConfigKeys (ConfUtils.java:logFallback(53)) - raft.server.rpc.first-election.timeout.max = 5200ms (fallback to raft.server.rpc.timeout.max)
2023-01-16 14:43:01,843 [pool-587-thread-1] INFO  server.RaftServerConfigKeys (ConfUtils.java:logGet(46)) - raft.server.snapshot.auto.trigger.enabled = true (custom)
2023-01-16 14:43:01,843 [pool-587-thread-1] INFO  server.RaftServerConfigKeys (ConfUtils.java:logGet(46)) - raft.server.snapshot.auto.trigger.threshold = 10000 (custom)
2023-01-16 14:43:01,844 [pool-587-thread-1] INFO  server.RaftServerConfigKeys (ConfUtils.java:logGet(46)) - raft.server.snapshot.retention.file.num = 5 (custom)
2023-01-16 14:43:01,844 [pool-587-thread-1] INFO  server.RaftServerConfigKeys (ConfUtils.java:logGet(46)) - raft.server.log.purge.upto.snapshot.index = false (default)
2023-01-16 14:43:01,857 [grpc-default-executor-1] INFO  server.RaftServer (RaftServerProxy.java:addNew(96)) - fe85205b-7d0e-4b68-96f2-42eee8168b18: addNew group-311F4BFD6CB6:[b4158a24-f3b4-469a-87ed-87f7753bcb12|rpc:10.1.1.103:34081|dataStream:10.1.1.103:39137|priority:0|startupRole:FOLLOWER, edaf4ec7-b5bd-443f-91da-280c30b6b0af|rpc:10.1.1.103:33751|dataStream:10.1.1.103:44513|priority:1|startupRole:FOLLOWER, fe85205b-7d0e-4b68-96f2-42eee8168b18|rpc:10.1.1.103:34621|dataStream:10.1.1.103:43717|priority:0|startupRole:FOLLOWER] returns group-311F4BFD6CB6:java.util.concurrent.CompletableFuture@7fd004dc[Not completed]
2023-01-16 14:43:01,858 [pool-564-thread-1] INFO  server.RaftServer$Division (RaftServerImpl.java:<init>(195)) - fe85205b-7d0e-4b68-96f2-42eee8168b18: new RaftServerImpl for group-311F4BFD6CB6:[b4158a24-f3b4-469a-87ed-87f7753bcb12|rpc:10.1.1.103:34081|dataStream:10.1.1.103:39137|priority:0|startupRole:FOLLOWER, edaf4ec7-b5bd-443f-91da-280c30b6b0af|rpc:10.1.1.103:33751|dataStream:10.1.1.103:44513|priority:1|startupRole:FOLLOWER, fe85205b-7d0e-4b68-96f2-42eee8168b18|rpc:10.1.1.103:34621|dataStream:10.1.1.103:43717|priority:0|startupRole:FOLLOWER] with ContainerStateMachine:uninitialized
2023-01-16 14:43:01,858 [pool-564-thread-1] INFO  server.RaftServerConfigKeys (ConfUtils.java:logGet(46)) - raft.server.rpc.timeout.min = 5s (custom)
2023-01-16 14:43:01,858 [pool-564-thread-1] INFO  server.RaftServerConfigKeys (ConfUtils.java:logGet(46)) - raft.server.rpc.timeout.max = 5200ms (custom)
2023-01-16 14:43:01,858 [pool-564-thread-1] INFO  server.RaftServerConfigKeys (ConfUtils.java:logGet(46)) - raft.server.rpc.sleep.time = 25ms (default)
2023-01-16 14:43:01,858 [pool-564-thread-1] INFO  server.RaftServerConfigKeys (ConfUtils.java:logGet(46)) - raft.server.rpc.slowness.timeout = 300s (custom)
2023-01-16 14:43:01,858 [pool-564-thread-1] INFO  server.RaftServerConfigKeys (ConfUtils.java:logGet(46)) - raft.server.leaderelection.leader.step-down.wait-time = 10s (default)
2023-01-16 14:43:01,858 [pool-564-thread-1] INFO  server.RaftServerConfigKeys (ConfUtils.java:logGet(46)) - raft.server.sleep.deviation.threshold = 300ms (default)
2023-01-16 14:43:01,859 [pool-564-thread-1] INFO  server.RaftServer$Division (ServerState.java:<init>(118)) - fe85205b-7d0e-4b68-96f2-42eee8168b18@group-311F4BFD6CB6: ConfigurationManager, init=-1: peers:[b4158a24-f3b4-469a-87ed-87f7753bcb12|rpc:10.1.1.103:34081|dataStream:10.1.1.103:39137|priority:0|startupRole:FOLLOWER, edaf4ec7-b5bd-443f-91da-280c30b6b0af|rpc:10.1.1.103:33751|dataStream:10.1.1.103:44513|priority:1|startupRole:FOLLOWER, fe85205b-7d0e-4b68-96f2-42eee8168b18|rpc:10.1.1.103:34621|dataStream:10.1.1.103:43717|priority:0|startupRole:FOLLOWER]|listeners:[], old=null, confs=<EMPTY_MAP>
2023-01-16 14:43:01,859 [pool-564-thread-1] INFO  server.RaftServerConfigKeys (ConfUtils.java:logGet(46)) - raft.server.storage.dir = [/home/runner/work/ozone/ozone/hadoop-ozone/integration-test/target/test-dir/MiniOzoneClusterImpl-3631b34d-cc81-4479-8217-32b495b3d7e3/datanode-1/data/ratis] (custom)
2023-01-16 14:43:01,859 [pool-564-thread-1] INFO  server.RaftServerConfigKeys (ConfUtils.java:logGet(46)) - raft.server.log.corruption.policy = EXCEPTION (default)
2023-01-16 14:43:01,859 [pool-564-thread-1] INFO  server.RaftServerConfigKeys (ConfUtils.java:logGet(46)) - raft.server.storage.free-space.min = 0MB (=0) (default)
2023-01-16 14:43:01,859 [pool-564-thread-1] INFO  server.RaftServerConfigKeys (ConfUtils.java:logGet(46)) - raft.server.notification.no-leader.timeout = 300s (custom)
2023-01-16 14:43:01,859 [pool-564-thread-1] INFO  server.RaftServerConfigKeys (ConfUtils.java:logGet(46)) - raft.server.retrycache.expirytime = 600000ms (custom)
2023-01-16 14:43:01,859 [pool-564-thread-1] INFO  server.RaftServerConfigKeys (ConfUtils.java:logGet(46)) - raft.server.retrycache.statistics.expirytime = 100μs (default)
2023-01-16 14:43:01,860 [pool-564-thread-1] INFO  server.RaftServerConfigKeys (ConfUtils.java:logGet(46)) - raft.server.log.appender.install.snapshot.enabled = false (custom)
2023-01-16 14:43:01,860 [pool-564-thread-1] INFO  server.RaftServerConfigKeys (ConfUtils.java:logGet(46)) - raft.server.threadpool.server.cached = true (default)
2023-01-16 14:43:01,860 [pool-564-thread-1] INFO  server.RaftServerConfigKeys (ConfUtils.java:logGet(46)) - raft.server.threadpool.server.size = 0 (default)
2023-01-16 14:43:01,860 [pool-564-thread-1] INFO  server.RaftServerConfigKeys (ConfUtils.java:logGet(46)) - raft.server.threadpool.client.cached = true (default)
2023-01-16 14:43:01,860 [pool-564-thread-1] INFO  server.RaftServerConfigKeys (ConfUtils.java:logGet(46)) - raft.server.threadpool.client.size = 0 (default)
2023-01-16 14:43:01,860 [pool-564-thread-1] INFO  storage.RaftStorageDirectory (RaftStorageDirectoryImpl.java:analyzeStorage(137)) - The storage directory /home/runner/work/ozone/ozone/hadoop-ozone/integration-test/target/test-dir/MiniOzoneClusterImpl-3631b34d-cc81-4479-8217-32b495b3d7e3/datanode-1/data/ratis/ed429050-fb4b-419c-8b4b-311f4bfd6cb6 does not exist. Creating ...
2023-01-16 14:43:01,861 [pool-564-thread-1] INFO  storage.RaftStorageDirectory (RaftStorageDirectoryImpl.java:tryLock(231)) - Lock on /home/runner/work/ozone/ozone/hadoop-ozone/integration-test/target/test-dir/MiniOzoneClusterImpl-3631b34d-cc81-4479-8217-32b495b3d7e3/datanode-1/data/ratis/ed429050-fb4b-419c-8b4b-311f4bfd6cb6/in_use.lock acquired by nodename 12075@fv-az203-757
2023-01-16 14:43:01,863 [pool-564-thread-1] INFO  storage.RaftStorage (RaftStorageImpl.java:format(96)) - Storage directory /home/runner/work/ozone/ozone/hadoop-ozone/integration-test/target/test-dir/MiniOzoneClusterImpl-3631b34d-cc81-4479-8217-32b495b3d7e3/datanode-1/data/ratis/ed429050-fb4b-419c-8b4b-311f4bfd6cb6 has been successfully formatted.
2023-01-16 14:43:01,868 [pool-564-thread-1] INFO  ratis.ContainerStateMachine (ContainerStateMachine.java:loadSnapshot(240)) - group-311F4BFD6CB6: The snapshot info is null. Setting the last applied indexto:(t:0, i:~)
2023-01-16 14:43:01,869 [pool-564-thread-1] INFO  server.RaftServerConfigKeys (ConfUtils.java:logGet(46)) - raft.server.log.use.memory = false (default)
2023-01-16 14:43:01,869 [pool-564-thread-1] INFO  server.RaftServerConfigKeys (ConfUtils.java:logGet(46)) - raft.server.log.purge.gap = 1000000 (custom)
2023-01-16 14:43:01,869 [pool-564-thread-1] INFO  server.RaftServerConfigKeys (ConfUtils.java:logGet(46)) - raft.server.log.appender.buffer.byte-limit = 33554432 (custom)
2023-01-16 14:43:01,869 [pool-564-thread-1] INFO  server.RaftServerConfigKeys (ConfUtils.java:logGet(46)) - raft.server.log.statemachine.data.read.timeout = 1000ms (default)
2023-01-16 14:43:01,869 [pool-564-thread-1] INFO  server.RaftServerConfigKeys (ConfUtils.java:logGet(46)) - raft.server.log.purge.preservation.log.num = 0 (default)
2023-01-16 14:43:01,869 [pool-564-thread-1] INFO  server.RaftServerConfigKeys (ConfUtils.java:logGet(46)) - raft.server.log.segment.size.max = 1048576 (custom)
2023-01-16 14:43:01,870 [pool-564-thread-1] INFO  server.RaftServerConfigKeys (ConfUtils.java:logGet(46)) - raft.server.log.segment.cache.num.max = 2 (custom)
2023-01-16 14:43:01,870 [pool-564-thread-1] INFO  server.RaftServerConfigKeys (ConfUtils.java:logGet(46)) - raft.server.log.segment.cache.size.max = 200MB (=209715200) (default)
2023-01-16 14:43:01,870 [pool-564-thread-1] INFO  segmented.SegmentedRaftLogWorker (SegmentedRaftLogWorker.java:<init>(189)) - new fe85205b-7d0e-4b68-96f2-42eee8168b18@group-311F4BFD6CB6-SegmentedRaftLogWorker for RaftStorageImpl:Storage Directory /home/runner/work/ozone/ozone/hadoop-ozone/integration-test/target/test-dir/MiniOzoneClusterImpl-3631b34d-cc81-4479-8217-32b495b3d7e3/datanode-1/data/ratis/ed429050-fb4b-419c-8b4b-311f4bfd6cb6
2023-01-16 14:43:01,870 [pool-564-thread-1] INFO  server.RaftServerConfigKeys (ConfUtils.java:logGet(46)) - raft.server.log.queue.byte-limit = 4294967296 (custom)
2023-01-16 14:43:01,870 [pool-564-thread-1] INFO  server.RaftServerConfigKeys (ConfUtils.java:logGet(46)) - raft.server.log.queue.element-limit = 1024 (custom)
2023-01-16 14:43:01,870 [pool-564-thread-1] INFO  server.RaftServerConfigKeys (ConfUtils.java:logGet(46)) - raft.server.log.segment.size.max = 1048576 (custom)
2023-01-16 14:43:01,870 [pool-564-thread-1] INFO  server.RaftServerConfigKeys (ConfUtils.java:logGet(46)) - raft.server.log.preallocated.size = 16384 (custom)
2023-01-16 14:43:01,870 [pool-564-thread-1] INFO  server.RaftServerConfigKeys (ConfUtils.java:logGet(46)) - raft.server.log.force.sync.num = 128 (default)
2023-01-16 14:43:01,870 [pool-564-thread-1] INFO  server.RaftServerConfigKeys (ConfUtils.java:logGet(46)) - raft.server.log.statemachine.data.sync = true (default)
2023-01-16 14:43:01,870 [pool-564-thread-1] INFO  server.RaftServerConfigKeys (ConfUtils.java:logGet(46)) - raft.server.log.statemachine.data.sync.timeout = 10s (default)
2023-01-16 14:43:01,870 [pool-564-thread-1] INFO  server.RaftServerConfigKeys (ConfUtils.java:logGet(46)) - raft.server.log.statemachine.data.sync.timeout.retry = -1 (default)
2023-01-16 14:43:01,870 [pool-564-thread-1] INFO  server.RaftServerConfigKeys (ConfUtils.java:logGet(46)) - raft.server.log.write.buffer.size = 1048576 (custom)
2023-01-16 14:43:01,871 [pool-564-thread-1] INFO  server.RaftServerConfigKeys (ConfUtils.java:logGet(46)) - raft.server.log.appender.buffer.byte-limit = 33554432 (custom)
2023-01-16 14:43:01,876 [pool-564-thread-1] INFO  server.RaftServerConfigKeys (ConfUtils.java:logGet(46)) - raft.server.log.unsafe-flush.enabled = false (default)
2023-01-16 14:43:01,876 [pool-564-thread-1] INFO  server.RaftServerConfigKeys (ConfUtils.java:logGet(46)) - raft.server.log.async-flush.enabled = false (default)
2023-01-16 14:43:01,876 [pool-564-thread-1] INFO  server.RaftServerConfigKeys (ConfUtils.java:logGet(46)) - raft.server.log.statemachine.data.caching.enabled = true (custom)
2023-01-16 14:43:01,876 [pool-564-thread-1] INFO  segmented.SegmentedRaftLogWorker (SegmentedRaftLogWorker.java:lambda$new$0(135)) - fe85205b-7d0e-4b68-96f2-42eee8168b18@group-311F4BFD6CB6-SegmentedRaftLogWorker: flushIndex: setUnconditionally 0 -> -1
2023-01-16 14:43:01,876 [pool-564-thread-1] INFO  segmented.SegmentedRaftLogWorker (SegmentedRaftLogWorker.java:lambda$new$0(135)) - fe85205b-7d0e-4b68-96f2-42eee8168b18@group-311F4BFD6CB6-SegmentedRaftLogWorker: safeCacheEvictIndex: setUnconditionally 0 -> -1
2023-01-16 14:43:01,877 [pool-564-thread-1] INFO  server.RaftServer$Division (RaftServerImpl.java:start(334)) - fe85205b-7d0e-4b68-96f2-42eee8168b18@group-311F4BFD6CB6: start as a follower, conf=-1: peers:[b4158a24-f3b4-469a-87ed-87f7753bcb12|rpc:10.1.1.103:34081|dataStream:10.1.1.103:39137|priority:0|startupRole:FOLLOWER, edaf4ec7-b5bd-443f-91da-280c30b6b0af|rpc:10.1.1.103:33751|dataStream:10.1.1.103:44513|priority:1|startupRole:FOLLOWER, fe85205b-7d0e-4b68-96f2-42eee8168b18|rpc:10.1.1.103:34621|dataStream:10.1.1.103:43717|priority:0|startupRole:FOLLOWER]|listeners:[], old=null
2023-01-16 14:43:01,877 [pool-564-thread-1] INFO  server.RaftServer$Division (RaftServerImpl.java:setRole(321)) - fe85205b-7d0e-4b68-96f2-42eee8168b18@group-311F4BFD6CB6: changes role from      null to FOLLOWER at term 0 for startAsFollower
2023-01-16 14:43:01,877 [pool-564-thread-1] INFO  impl.RoleInfo (RoleInfo.java:updateAndGet(139)) - fe85205b-7d0e-4b68-96f2-42eee8168b18: start fe85205b-7d0e-4b68-96f2-42eee8168b18@group-311F4BFD6CB6-FollowerState
2023-01-16 14:43:01,877 [pool-564-thread-1] INFO  util.JmxRegister (JmxRegister.java:tryRegister(44)) - Successfully registered JMX Bean with object name Ratis:service=RaftServer,group=group-311F4BFD6CB6,id=fe85205b-7d0e-4b68-96f2-42eee8168b18
2023-01-16 14:43:01,877 [fe85205b-7d0e-4b68-96f2-42eee8168b18@group-311F4BFD6CB6-FollowerState] INFO  server.RaftServerConfigKeys (ConfUtils.java:logFallback(53)) - raft.server.rpc.first-election.timeout.min = 5s (fallback to raft.server.rpc.timeout.min)
2023-01-16 14:43:01,877 [pool-564-thread-1] INFO  server.RaftServerConfigKeys (ConfUtils.java:logGet(46)) - raft.server.snapshot.auto.trigger.enabled = true (custom)
2023-01-16 14:43:01,877 [pool-564-thread-1] INFO  server.RaftServerConfigKeys (ConfUtils.java:logGet(46)) - raft.server.snapshot.auto.trigger.threshold = 10000 (custom)
2023-01-16 14:43:01,877 [fe85205b-7d0e-4b68-96f2-42eee8168b18@group-311F4BFD6CB6-FollowerState] INFO  server.RaftServerConfigKeys (ConfUtils.java:logFallback(53)) - raft.server.rpc.first-election.timeout.max = 5200ms (fallback to raft.server.rpc.timeout.max)
2023-01-16 14:43:01,877 [pool-564-thread-1] INFO  server.RaftServerConfigKeys (ConfUtils.java:logGet(46)) - raft.server.snapshot.retention.file.num = 5 (custom)
2023-01-16 14:43:01,877 [pool-564-thread-1] INFO  server.RaftServerConfigKeys (ConfUtils.java:logGet(46)) - raft.server.log.purge.upto.snapshot.index = false (default)
2023-01-16 14:43:01,884 [Command processor thread] INFO  commandhandler.CreatePipelineCommandHandler (CreatePipelineCommandHandler.java:handle(113)) - Created Pipeline RATIS THREE PipelineID=ed429050-fb4b-419c-8b4b-311f4bfd6cb6.
2023-01-16 14:43:01,884 [Command processor thread] INFO  server.RaftServer (RaftServerProxy.java:addNew(96)) - edaf4ec7-b5bd-443f-91da-280c30b6b0af: addNew group-E63E61230FA7:[b4158a24-f3b4-469a-87ed-87f7753bcb12|rpc:10.1.1.103:34081|dataStream:10.1.1.103:39137|priority:0|startupRole:FOLLOWER, edaf4ec7-b5bd-443f-91da-280c30b6b0af|rpc:10.1.1.103:33751|dataStream:10.1.1.103:44513|priority:0|startupRole:FOLLOWER, fe85205b-7d0e-4b68-96f2-42eee8168b18|rpc:10.1.1.103:34621|dataStream:10.1.1.103:43717|priority:1|startupRole:FOLLOWER] returns group-E63E61230FA7:java.util.concurrent.CompletableFuture@348a938[Not completed]
2023-01-16 14:43:01,885 [pool-541-thread-1] INFO  server.RaftServer$Division (RaftServerImpl.java:<init>(195)) - edaf4ec7-b5bd-443f-91da-280c30b6b0af: new RaftServerImpl for group-E63E61230FA7:[b4158a24-f3b4-469a-87ed-87f7753bcb12|rpc:10.1.1.103:34081|dataStream:10.1.1.103:39137|priority:0|startupRole:FOLLOWER, edaf4ec7-b5bd-443f-91da-280c30b6b0af|rpc:10.1.1.103:33751|dataStream:10.1.1.103:44513|priority:0|startupRole:FOLLOWER, fe85205b-7d0e-4b68-96f2-42eee8168b18|rpc:10.1.1.103:34621|dataStream:10.1.1.103:43717|priority:1|startupRole:FOLLOWER] with ContainerStateMachine:uninitialized
2023-01-16 14:43:01,885 [pool-541-thread-1] INFO  server.RaftServerConfigKeys (ConfUtils.java:logGet(46)) - raft.server.rpc.timeout.min = 5s (custom)
2023-01-16 14:43:01,885 [pool-541-thread-1] INFO  server.RaftServerConfigKeys (ConfUtils.java:logGet(46)) - raft.server.rpc.timeout.max = 5200ms (custom)
2023-01-16 14:43:01,886 [pool-541-thread-1] INFO  server.RaftServerConfigKeys (ConfUtils.java:logGet(46)) - raft.server.rpc.sleep.time = 25ms (default)
2023-01-16 14:43:01,886 [pool-541-thread-1] INFO  server.RaftServerConfigKeys (ConfUtils.java:logGet(46)) - raft.server.rpc.slowness.timeout = 300s (custom)
2023-01-16 14:43:01,886 [pool-541-thread-1] INFO  server.RaftServerConfigKeys (ConfUtils.java:logGet(46)) - raft.server.leaderelection.leader.step-down.wait-time = 10s (default)
2023-01-16 14:43:01,886 [pool-541-thread-1] INFO  server.RaftServerConfigKeys (ConfUtils.java:logGet(46)) - raft.server.sleep.deviation.threshold = 300ms (default)
2023-01-16 14:43:01,886 [pool-541-thread-1] INFO  server.RaftServer$Division (ServerState.java:<init>(118)) - edaf4ec7-b5bd-443f-91da-280c30b6b0af@group-E63E61230FA7: ConfigurationManager, init=-1: peers:[b4158a24-f3b4-469a-87ed-87f7753bcb12|rpc:10.1.1.103:34081|dataStream:10.1.1.103:39137|priority:0|startupRole:FOLLOWER, edaf4ec7-b5bd-443f-91da-280c30b6b0af|rpc:10.1.1.103:33751|dataStream:10.1.1.103:44513|priority:0|startupRole:FOLLOWER, fe85205b-7d0e-4b68-96f2-42eee8168b18|rpc:10.1.1.103:34621|dataStream:10.1.1.103:43717|priority:1|startupRole:FOLLOWER]|listeners:[], old=null, confs=<EMPTY_MAP>
2023-01-16 14:43:01,886 [pool-541-thread-1] INFO  server.RaftServerConfigKeys (ConfUtils.java:logGet(46)) - raft.server.storage.dir = [/home/runner/work/ozone/ozone/hadoop-ozone/integration-test/target/test-dir/MiniOzoneClusterImpl-3631b34d-cc81-4479-8217-32b495b3d7e3/datanode-0/data/ratis] (custom)
2023-01-16 14:43:01,886 [pool-541-thread-1] INFO  server.RaftServerConfigKeys (ConfUtils.java:logGet(46)) - raft.server.log.corruption.policy = EXCEPTION (default)
2023-01-16 14:43:01,886 [pool-541-thread-1] INFO  server.RaftServerConfigKeys (ConfUtils.java:logGet(46)) - raft.server.storage.free-space.min = 0MB (=0) (default)
2023-01-16 14:43:01,886 [pool-541-thread-1] INFO  server.RaftServerConfigKeys (ConfUtils.java:logGet(46)) - raft.server.notification.no-leader.timeout = 300s (custom)
2023-01-16 14:43:01,886 [pool-541-thread-1] INFO  server.RaftServerConfigKeys (ConfUtils.java:logGet(46)) - raft.server.retrycache.expirytime = 600000ms (custom)
2023-01-16 14:43:01,886 [pool-541-thread-1] INFO  server.RaftServerConfigKeys (ConfUtils.java:logGet(46)) - raft.server.retrycache.statistics.expirytime = 100μs (default)
2023-01-16 14:43:01,887 [pool-541-thread-1] INFO  server.RaftServerConfigKeys (ConfUtils.java:logGet(46)) - raft.server.log.appender.install.snapshot.enabled = false (custom)
2023-01-16 14:43:01,887 [pool-541-thread-1] INFO  server.RaftServerConfigKeys (ConfUtils.java:logGet(46)) - raft.server.threadpool.server.cached = true (default)
2023-01-16 14:43:01,887 [pool-541-thread-1] INFO  server.RaftServerConfigKeys (ConfUtils.java:logGet(46)) - raft.server.threadpool.server.size = 0 (default)
2023-01-16 14:43:01,887 [pool-541-thread-1] INFO  server.RaftServerConfigKeys (ConfUtils.java:logGet(46)) - raft.server.threadpool.client.cached = true (default)
2023-01-16 14:43:01,887 [pool-541-thread-1] INFO  server.RaftServerConfigKeys (ConfUtils.java:logGet(46)) - raft.server.threadpool.client.size = 0 (default)
2023-01-16 14:43:01,887 [pool-541-thread-1] INFO  storage.RaftStorageDirectory (RaftStorageDirectoryImpl.java:analyzeStorage(137)) - The storage directory /home/runner/work/ozone/ozone/hadoop-ozone/integration-test/target/test-dir/MiniOzoneClusterImpl-3631b34d-cc81-4479-8217-32b495b3d7e3/datanode-0/data/ratis/e38bf172-605d-44ee-a7c2-e63e61230fa7 does not exist. Creating ...
2023-01-16 14:43:01,888 [pool-541-thread-1] INFO  storage.RaftStorageDirectory (RaftStorageDirectoryImpl.java:tryLock(231)) - Lock on /home/runner/work/ozone/ozone/hadoop-ozone/integration-test/target/test-dir/MiniOzoneClusterImpl-3631b34d-cc81-4479-8217-32b495b3d7e3/datanode-0/data/ratis/e38bf172-605d-44ee-a7c2-e63e61230fa7/in_use.lock acquired by nodename 12075@fv-az203-757
2023-01-16 14:43:01,889 [pool-541-thread-1] INFO  storage.RaftStorage (RaftStorageImpl.java:format(96)) - Storage directory /home/runner/work/ozone/ozone/hadoop-ozone/integration-test/target/test-dir/MiniOzoneClusterImpl-3631b34d-cc81-4479-8217-32b495b3d7e3/datanode-0/data/ratis/e38bf172-605d-44ee-a7c2-e63e61230fa7 has been successfully formatted.
2023-01-16 14:43:01,890 [pool-541-thread-1] INFO  ratis.ContainerStateMachine (ContainerStateMachine.java:loadSnapshot(240)) - group-E63E61230FA7: The snapshot info is null. Setting the last applied indexto:(t:0, i:~)
2023-01-16 14:43:01,890 [pool-541-thread-1] INFO  server.RaftServerConfigKeys (ConfUtils.java:logGet(46)) - raft.server.log.use.memory = false (default)
2023-01-16 14:43:01,890 [pool-541-thread-1] INFO  server.RaftServerConfigKeys (ConfUtils.java:logGet(46)) - raft.server.log.purge.gap = 1000000 (custom)
2023-01-16 14:43:01,890 [pool-541-thread-1] INFO  server.RaftServerConfigKeys (ConfUtils.java:logGet(46)) - raft.server.log.appender.buffer.byte-limit = 33554432 (custom)
2023-01-16 14:43:01,890 [pool-541-thread-1] INFO  server.RaftServerConfigKeys (ConfUtils.java:logGet(46)) - raft.server.log.statemachine.data.read.timeout = 1000ms (default)
2023-01-16 14:43:01,890 [pool-541-thread-1] INFO  server.RaftServerConfigKeys (ConfUtils.java:logGet(46)) - raft.server.log.purge.preservation.log.num = 0 (default)
2023-01-16 14:43:01,890 [pool-541-thread-1] INFO  server.RaftServerConfigKeys (ConfUtils.java:logGet(46)) - raft.server.log.segment.size.max = 1048576 (custom)
2023-01-16 14:43:01,890 [pool-541-thread-1] INFO  server.RaftServerConfigKeys (ConfUtils.java:logGet(46)) - raft.server.log.segment.cache.num.max = 2 (custom)
2023-01-16 14:43:01,890 [pool-541-thread-1] INFO  server.RaftServerConfigKeys (ConfUtils.java:logGet(46)) - raft.server.log.segment.cache.size.max = 200MB (=209715200) (default)
2023-01-16 14:43:01,890 [pool-541-thread-1] INFO  segmented.SegmentedRaftLogWorker (SegmentedRaftLogWorker.java:<init>(189)) - new edaf4ec7-b5bd-443f-91da-280c30b6b0af@group-E63E61230FA7-SegmentedRaftLogWorker for RaftStorageImpl:Storage Directory /home/runner/work/ozone/ozone/hadoop-ozone/integration-test/target/test-dir/MiniOzoneClusterImpl-3631b34d-cc81-4479-8217-32b495b3d7e3/datanode-0/data/ratis/e38bf172-605d-44ee-a7c2-e63e61230fa7
2023-01-16 14:43:01,890 [pool-541-thread-1] INFO  server.RaftServerConfigKeys (ConfUtils.java:logGet(46)) - raft.server.log.queue.byte-limit = 4294967296 (custom)
2023-01-16 14:43:01,891 [pool-541-thread-1] INFO  server.RaftServerConfigKeys (ConfUtils.java:logGet(46)) - raft.server.log.queue.element-limit = 1024 (custom)
2023-01-16 14:43:01,891 [pool-541-thread-1] INFO  server.RaftServerConfigKeys (ConfUtils.java:logGet(46)) - raft.server.log.segment.size.max = 1048576 (custom)
2023-01-16 14:43:01,891 [pool-541-thread-1] INFO  server.RaftServerConfigKeys (ConfUtils.java:logGet(46)) - raft.server.log.preallocated.size = 16384 (custom)
2023-01-16 14:43:01,891 [pool-541-thread-1] INFO  server.RaftServerConfigKeys (ConfUtils.java:logGet(46)) - raft.server.log.force.sync.num = 128 (default)
2023-01-16 14:43:01,891 [pool-541-thread-1] INFO  server.RaftServerConfigKeys (ConfUtils.java:logGet(46)) - raft.server.log.statemachine.data.sync = true (default)
2023-01-16 14:43:01,891 [pool-541-thread-1] INFO  server.RaftServerConfigKeys (ConfUtils.java:logGet(46)) - raft.server.log.statemachine.data.sync.timeout = 10s (default)
2023-01-16 14:43:01,891 [pool-541-thread-1] INFO  server.RaftServerConfigKeys (ConfUtils.java:logGet(46)) - raft.server.log.statemachine.data.sync.timeout.retry = -1 (default)
2023-01-16 14:43:01,891 [pool-541-thread-1] INFO  server.RaftServerConfigKeys (ConfUtils.java:logGet(46)) - raft.server.log.write.buffer.size = 1048576 (custom)
2023-01-16 14:43:01,892 [pool-541-thread-1] INFO  server.RaftServerConfigKeys (ConfUtils.java:logGet(46)) - raft.server.log.appender.buffer.byte-limit = 33554432 (custom)
2023-01-16 14:43:01,897 [pool-541-thread-1] INFO  server.RaftServerConfigKeys (ConfUtils.java:logGet(46)) - raft.server.log.unsafe-flush.enabled = false (default)
2023-01-16 14:43:01,897 [pool-541-thread-1] INFO  server.RaftServerConfigKeys (ConfUtils.java:logGet(46)) - raft.server.log.async-flush.enabled = false (default)
2023-01-16 14:43:01,897 [pool-541-thread-1] INFO  server.RaftServerConfigKeys (ConfUtils.java:logGet(46)) - raft.server.log.statemachine.data.caching.enabled = true (custom)
2023-01-16 14:43:01,897 [pool-541-thread-1] INFO  segmented.SegmentedRaftLogWorker (SegmentedRaftLogWorker.java:lambda$new$0(135)) - edaf4ec7-b5bd-443f-91da-280c30b6b0af@group-E63E61230FA7-SegmentedRaftLogWorker: flushIndex: setUnconditionally 0 -> -1
2023-01-16 14:43:01,898 [pool-541-thread-1] INFO  segmented.SegmentedRaftLogWorker (SegmentedRaftLogWorker.java:lambda$new$0(135)) - edaf4ec7-b5bd-443f-91da-280c30b6b0af@group-E63E61230FA7-SegmentedRaftLogWorker: safeCacheEvictIndex: setUnconditionally 0 -> -1
2023-01-16 14:43:01,898 [pool-541-thread-1] INFO  server.RaftServer$Division (RaftServerImpl.java:start(334)) - edaf4ec7-b5bd-443f-91da-280c30b6b0af@group-E63E61230FA7: start as a follower, conf=-1: peers:[b4158a24-f3b4-469a-87ed-87f7753bcb12|rpc:10.1.1.103:34081|dataStream:10.1.1.103:39137|priority:0|startupRole:FOLLOWER, edaf4ec7-b5bd-443f-91da-280c30b6b0af|rpc:10.1.1.103:33751|dataStream:10.1.1.103:44513|priority:0|startupRole:FOLLOWER, fe85205b-7d0e-4b68-96f2-42eee8168b18|rpc:10.1.1.103:34621|dataStream:10.1.1.103:43717|priority:1|startupRole:FOLLOWER]|listeners:[], old=null
2023-01-16 14:43:01,898 [pool-541-thread-1] INFO  server.RaftServer$Division (RaftServerImpl.java:setRole(321)) - edaf4ec7-b5bd-443f-91da-280c30b6b0af@group-E63E61230FA7: changes role from      null to FOLLOWER at term 0 for startAsFollower
2023-01-16 14:43:01,898 [pool-541-thread-1] INFO  impl.RoleInfo (RoleInfo.java:updateAndGet(139)) - edaf4ec7-b5bd-443f-91da-280c30b6b0af: start edaf4ec7-b5bd-443f-91da-280c30b6b0af@group-E63E61230FA7-FollowerState
2023-01-16 14:43:01,898 [pool-541-thread-1] INFO  util.JmxRegister (JmxRegister.java:tryRegister(44)) - Successfully registered JMX Bean with object name Ratis:service=RaftServer,group=group-E63E61230FA7,id=edaf4ec7-b5bd-443f-91da-280c30b6b0af
2023-01-16 14:43:01,898 [pool-541-thread-1] INFO  server.RaftServerConfigKeys (ConfUtils.java:logGet(46)) - raft.server.snapshot.auto.trigger.enabled = true (custom)
2023-01-16 14:43:01,898 [pool-541-thread-1] INFO  server.RaftServerConfigKeys (ConfUtils.java:logGet(46)) - raft.server.snapshot.auto.trigger.threshold = 10000 (custom)
2023-01-16 14:43:01,898 [pool-541-thread-1] INFO  server.RaftServerConfigKeys (ConfUtils.java:logGet(46)) - raft.server.snapshot.retention.file.num = 5 (custom)
2023-01-16 14:43:01,898 [pool-541-thread-1] INFO  server.RaftServerConfigKeys (ConfUtils.java:logGet(46)) - raft.server.log.purge.upto.snapshot.index = false (default)
2023-01-16 14:43:01,899 [edaf4ec7-b5bd-443f-91da-280c30b6b0af@group-E63E61230FA7-FollowerState] INFO  server.RaftServerConfigKeys (ConfUtils.java:logFallback(53)) - raft.server.rpc.first-election.timeout.min = 5s (fallback to raft.server.rpc.timeout.min)
2023-01-16 14:43:01,899 [edaf4ec7-b5bd-443f-91da-280c30b6b0af@group-E63E61230FA7-FollowerState] INFO  server.RaftServerConfigKeys (ConfUtils.java:logFallback(53)) - raft.server.rpc.first-election.timeout.max = 5200ms (fallback to raft.server.rpc.timeout.max)
2023-01-16 14:43:01,899 [Command processor thread] INFO  ratis.XceiverServerRatis (XceiverServerRatis.java:addGroup(806)) - Created group PipelineID=e38bf172-605d-44ee-a7c2-e63e61230fa7
2023-01-16 14:43:01,907 [grpc-default-executor-1] INFO  server.RaftServer (RaftServerProxy.java:addNew(96)) - b4158a24-f3b4-469a-87ed-87f7753bcb12: addNew group-E63E61230FA7:[b4158a24-f3b4-469a-87ed-87f7753bcb12|rpc:10.1.1.103:34081|dataStream:10.1.1.103:39137|priority:0|startupRole:FOLLOWER, edaf4ec7-b5bd-443f-91da-280c30b6b0af|rpc:10.1.1.103:33751|dataStream:10.1.1.103:44513|priority:0|startupRole:FOLLOWER, fe85205b-7d0e-4b68-96f2-42eee8168b18|rpc:10.1.1.103:34621|dataStream:10.1.1.103:43717|priority:1|startupRole:FOLLOWER] returns group-E63E61230FA7:java.util.concurrent.CompletableFuture@47bfacb4[Not completed]
2023-01-16 14:43:01,908 [pool-587-thread-1] INFO  server.RaftServer$Division (RaftServerImpl.java:<init>(195)) - b4158a24-f3b4-469a-87ed-87f7753bcb12: new RaftServerImpl for group-E63E61230FA7:[b4158a24-f3b4-469a-87ed-87f7753bcb12|rpc:10.1.1.103:34081|dataStream:10.1.1.103:39137|priority:0|startupRole:FOLLOWER, edaf4ec7-b5bd-443f-91da-280c30b6b0af|rpc:10.1.1.103:33751|dataStream:10.1.1.103:44513|priority:0|startupRole:FOLLOWER, fe85205b-7d0e-4b68-96f2-42eee8168b18|rpc:10.1.1.103:34621|dataStream:10.1.1.103:43717|priority:1|startupRole:FOLLOWER] with ContainerStateMachine:uninitialized
2023-01-16 14:43:01,908 [pool-587-thread-1] INFO  server.RaftServerConfigKeys (ConfUtils.java:logGet(46)) - raft.server.rpc.timeout.min = 5s (custom)
2023-01-16 14:43:01,909 [pool-587-thread-1] INFO  server.RaftServerConfigKeys (ConfUtils.java:logGet(46)) - raft.server.rpc.timeout.max = 5200ms (custom)
2023-01-16 14:43:01,909 [pool-587-thread-1] INFO  server.RaftServerConfigKeys (ConfUtils.java:logGet(46)) - raft.server.rpc.sleep.time = 25ms (default)
2023-01-16 14:43:01,909 [pool-587-thread-1] INFO  server.RaftServerConfigKeys (ConfUtils.java:logGet(46)) - raft.server.rpc.slowness.timeout = 300s (custom)
2023-01-16 14:43:01,909 [pool-587-thread-1] INFO  server.RaftServerConfigKeys (ConfUtils.java:logGet(46)) - raft.server.leaderelection.leader.step-down.wait-time = 10s (default)
2023-01-16 14:43:01,909 [pool-587-thread-1] INFO  server.RaftServerConfigKeys (ConfUtils.java:logGet(46)) - raft.server.sleep.deviation.threshold = 300ms (default)
2023-01-16 14:43:01,909 [pool-587-thread-1] INFO  server.RaftServer$Division (ServerState.java:<init>(118)) - b4158a24-f3b4-469a-87ed-87f7753bcb12@group-E63E61230FA7: ConfigurationManager, init=-1: peers:[b4158a24-f3b4-469a-87ed-87f7753bcb12|rpc:10.1.1.103:34081|dataStream:10.1.1.103:39137|priority:0|startupRole:FOLLOWER, edaf4ec7-b5bd-443f-91da-280c30b6b0af|rpc:10.1.1.103:33751|dataStream:10.1.1.103:44513|priority:0|startupRole:FOLLOWER, fe85205b-7d0e-4b68-96f2-42eee8168b18|rpc:10.1.1.103:34621|dataStream:10.1.1.103:43717|priority:1|startupRole:FOLLOWER]|listeners:[], old=null, confs=<EMPTY_MAP>
2023-01-16 14:43:01,909 [pool-587-thread-1] INFO  server.RaftServerConfigKeys (ConfUtils.java:logGet(46)) - raft.server.storage.dir = [/home/runner/work/ozone/ozone/hadoop-ozone/integration-test/target/test-dir/MiniOzoneClusterImpl-3631b34d-cc81-4479-8217-32b495b3d7e3/datanode-2/data/ratis] (custom)
2023-01-16 14:43:01,909 [pool-587-thread-1] INFO  server.RaftServerConfigKeys (ConfUtils.java:logGet(46)) - raft.server.log.corruption.policy = EXCEPTION (default)
2023-01-16 14:43:01,909 [pool-587-thread-1] INFO  server.RaftServerConfigKeys (ConfUtils.java:logGet(46)) - raft.server.storage.free-space.min = 0MB (=0) (default)
2023-01-16 14:43:01,909 [pool-587-thread-1] INFO  server.RaftServerConfigKeys (ConfUtils.java:logGet(46)) - raft.server.notification.no-leader.timeout = 300s (custom)
2023-01-16 14:43:01,909 [pool-587-thread-1] INFO  server.RaftServerConfigKeys (ConfUtils.java:logGet(46)) - raft.server.retrycache.expirytime = 600000ms (custom)
2023-01-16 14:43:01,909 [pool-587-thread-1] INFO  server.RaftServerConfigKeys (ConfUtils.java:logGet(46)) - raft.server.retrycache.statistics.expirytime = 100μs (default)
2023-01-16 14:43:01,910 [pool-587-thread-1] INFO  server.RaftServerConfigKeys (ConfUtils.java:logGet(46)) - raft.server.log.appender.install.snapshot.enabled = false (custom)
2023-01-16 14:43:01,910 [pool-587-thread-1] INFO  server.RaftServerConfigKeys (ConfUtils.java:logGet(46)) - raft.server.threadpool.server.cached = true (default)
2023-01-16 14:43:01,910 [pool-587-thread-1] INFO  server.RaftServerConfigKeys (ConfUtils.java:logGet(46)) - raft.server.threadpool.server.size = 0 (default)
2023-01-16 14:43:01,910 [pool-587-thread-1] INFO  server.RaftServerConfigKeys (ConfUtils.java:logGet(46)) - raft.server.threadpool.client.cached = true (default)
2023-01-16 14:43:01,910 [pool-587-thread-1] INFO  server.RaftServerConfigKeys (ConfUtils.java:logGet(46)) - raft.server.threadpool.client.size = 0 (default)
2023-01-16 14:43:01,910 [pool-587-thread-1] INFO  storage.RaftStorageDirectory (RaftStorageDirectoryImpl.java:analyzeStorage(137)) - The storage directory /home/runner/work/ozone/ozone/hadoop-ozone/integration-test/target/test-dir/MiniOzoneClusterImpl-3631b34d-cc81-4479-8217-32b495b3d7e3/datanode-2/data/ratis/e38bf172-605d-44ee-a7c2-e63e61230fa7 does not exist. Creating ...
2023-01-16 14:43:01,911 [pool-587-thread-1] INFO  storage.RaftStorageDirectory (RaftStorageDirectoryImpl.java:tryLock(231)) - Lock on /home/runner/work/ozone/ozone/hadoop-ozone/integration-test/target/test-dir/MiniOzoneClusterImpl-3631b34d-cc81-4479-8217-32b495b3d7e3/datanode-2/data/ratis/e38bf172-605d-44ee-a7c2-e63e61230fa7/in_use.lock acquired by nodename 12075@fv-az203-757
2023-01-16 14:43:01,914 [pool-587-thread-1] INFO  storage.RaftStorage (RaftStorageImpl.java:format(96)) - Storage directory /home/runner/work/ozone/ozone/hadoop-ozone/integration-test/target/test-dir/MiniOzoneClusterImpl-3631b34d-cc81-4479-8217-32b495b3d7e3/datanode-2/data/ratis/e38bf172-605d-44ee-a7c2-e63e61230fa7 has been successfully formatted.
2023-01-16 14:43:01,914 [pool-587-thread-1] INFO  ratis.ContainerStateMachine (ContainerStateMachine.java:loadSnapshot(240)) - group-E63E61230FA7: The snapshot info is null. Setting the last applied indexto:(t:0, i:~)
2023-01-16 14:43:01,914 [pool-587-thread-1] INFO  server.RaftServerConfigKeys (ConfUtils.java:logGet(46)) - raft.server.log.use.memory = false (default)
2023-01-16 14:43:01,914 [pool-587-thread-1] INFO  server.RaftServerConfigKeys (ConfUtils.java:logGet(46)) - raft.server.log.purge.gap = 1000000 (custom)
2023-01-16 14:43:01,914 [pool-587-thread-1] INFO  server.RaftServerConfigKeys (ConfUtils.java:logGet(46)) - raft.server.log.appender.buffer.byte-limit = 33554432 (custom)
2023-01-16 14:43:01,914 [pool-587-thread-1] INFO  server.RaftServerConfigKeys (ConfUtils.java:logGet(46)) - raft.server.log.statemachine.data.read.timeout = 1000ms (default)
2023-01-16 14:43:01,914 [pool-587-thread-1] INFO  server.RaftServerConfigKeys (ConfUtils.java:logGet(46)) - raft.server.log.purge.preservation.log.num = 0 (default)
2023-01-16 14:43:01,914 [pool-587-thread-1] INFO  server.RaftServerConfigKeys (ConfUtils.java:logGet(46)) - raft.server.log.segment.size.max = 1048576 (custom)
2023-01-16 14:43:01,916 [pool-587-thread-1] INFO  server.RaftServerConfigKeys (ConfUtils.java:logGet(46)) - raft.server.log.segment.cache.num.max = 2 (custom)
2023-01-16 14:43:01,916 [pool-587-thread-1] INFO  server.RaftServerConfigKeys (ConfUtils.java:logGet(46)) - raft.server.log.segment.cache.size.max = 200MB (=209715200) (default)
2023-01-16 14:43:01,916 [pool-587-thread-1] INFO  segmented.SegmentedRaftLogWorker (SegmentedRaftLogWorker.java:<init>(189)) - new b4158a24-f3b4-469a-87ed-87f7753bcb12@group-E63E61230FA7-SegmentedRaftLogWorker for RaftStorageImpl:Storage Directory /home/runner/work/ozone/ozone/hadoop-ozone/integration-test/target/test-dir/MiniOzoneClusterImpl-3631b34d-cc81-4479-8217-32b495b3d7e3/datanode-2/data/ratis/e38bf172-605d-44ee-a7c2-e63e61230fa7
2023-01-16 14:43:01,916 [pool-587-thread-1] INFO  server.RaftServerConfigKeys (ConfUtils.java:logGet(46)) - raft.server.log.queue.byte-limit = 4294967296 (custom)
2023-01-16 14:43:01,916 [pool-587-thread-1] INFO  server.RaftServerConfigKeys (ConfUtils.java:logGet(46)) - raft.server.log.queue.element-limit = 1024 (custom)
2023-01-16 14:43:01,916 [pool-587-thread-1] INFO  server.RaftServerConfigKeys (ConfUtils.java:logGet(46)) - raft.server.log.segment.size.max = 1048576 (custom)
2023-01-16 14:43:01,916 [pool-587-thread-1] INFO  server.RaftServerConfigKeys (ConfUtils.java:logGet(46)) - raft.server.log.preallocated.size = 16384 (custom)
2023-01-16 14:43:01,916 [pool-587-thread-1] INFO  server.RaftServerConfigKeys (ConfUtils.java:logGet(46)) - raft.server.log.force.sync.num = 128 (default)
2023-01-16 14:43:01,916 [pool-587-thread-1] INFO  server.RaftServerConfigKeys (ConfUtils.java:logGet(46)) - raft.server.log.statemachine.data.sync = true (default)
2023-01-16 14:43:01,916 [pool-587-thread-1] INFO  server.RaftServerConfigKeys (ConfUtils.java:logGet(46)) - raft.server.log.statemachine.data.sync.timeout = 10s (default)
2023-01-16 14:43:01,916 [pool-587-thread-1] INFO  server.RaftServerConfigKeys (ConfUtils.java:logGet(46)) - raft.server.log.statemachine.data.sync.timeout.retry = -1 (default)
2023-01-16 14:43:01,917 [pool-587-thread-1] INFO  server.RaftServerConfigKeys (ConfUtils.java:logGet(46)) - raft.server.log.write.buffer.size = 1048576 (custom)
2023-01-16 14:43:01,919 [pool-587-thread-1] INFO  server.RaftServerConfigKeys (ConfUtils.java:logGet(46)) - raft.server.log.appender.buffer.byte-limit = 33554432 (custom)
2023-01-16 14:43:01,924 [pool-587-thread-1] INFO  server.RaftServerConfigKeys (ConfUtils.java:logGet(46)) - raft.server.log.unsafe-flush.enabled = false (default)
2023-01-16 14:43:01,924 [pool-587-thread-1] INFO  server.RaftServerConfigKeys (ConfUtils.java:logGet(46)) - raft.server.log.async-flush.enabled = false (default)
2023-01-16 14:43:01,924 [pool-587-thread-1] INFO  server.RaftServerConfigKeys (ConfUtils.java:logGet(46)) - raft.server.log.statemachine.data.caching.enabled = true (custom)
2023-01-16 14:43:01,925 [pool-587-thread-1] INFO  segmented.SegmentedRaftLogWorker (SegmentedRaftLogWorker.java:lambda$new$0(135)) - b4158a24-f3b4-469a-87ed-87f7753bcb12@group-E63E61230FA7-SegmentedRaftLogWorker: flushIndex: setUnconditionally 0 -> -1
2023-01-16 14:43:01,925 [pool-587-thread-1] INFO  segmented.SegmentedRaftLogWorker (SegmentedRaftLogWorker.java:lambda$new$0(135)) - b4158a24-f3b4-469a-87ed-87f7753bcb12@group-E63E61230FA7-SegmentedRaftLogWorker: safeCacheEvictIndex: setUnconditionally 0 -> -1
2023-01-16 14:43:01,925 [pool-587-thread-1] INFO  server.RaftServer$Division (RaftServerImpl.java:start(334)) - b4158a24-f3b4-469a-87ed-87f7753bcb12@group-E63E61230FA7: start as a follower, conf=-1: peers:[b4158a24-f3b4-469a-87ed-87f7753bcb12|rpc:10.1.1.103:34081|dataStream:10.1.1.103:39137|priority:0|startupRole:FOLLOWER, edaf4ec7-b5bd-443f-91da-280c30b6b0af|rpc:10.1.1.103:33751|dataStream:10.1.1.103:44513|priority:0|startupRole:FOLLOWER, fe85205b-7d0e-4b68-96f2-42eee8168b18|rpc:10.1.1.103:34621|dataStream:10.1.1.103:43717|priority:1|startupRole:FOLLOWER]|listeners:[], old=null
2023-01-16 14:43:01,925 [pool-587-thread-1] INFO  server.RaftServer$Division (RaftServerImpl.java:setRole(321)) - b4158a24-f3b4-469a-87ed-87f7753bcb12@group-E63E61230FA7: changes role from      null to FOLLOWER at term 0 for startAsFollower
2023-01-16 14:43:01,925 [pool-587-thread-1] INFO  impl.RoleInfo (RoleInfo.java:updateAndGet(139)) - b4158a24-f3b4-469a-87ed-87f7753bcb12: start b4158a24-f3b4-469a-87ed-87f7753bcb12@group-E63E61230FA7-FollowerState
2023-01-16 14:43:01,925 [b4158a24-f3b4-469a-87ed-87f7753bcb12@group-E63E61230FA7-FollowerState] INFO  server.RaftServerConfigKeys (ConfUtils.java:logFallback(53)) - raft.server.rpc.first-election.timeout.min = 5s (fallback to raft.server.rpc.timeout.min)
2023-01-16 14:43:01,925 [pool-587-thread-1] INFO  util.JmxRegister (JmxRegister.java:tryRegister(44)) - Successfully registered JMX Bean with object name Ratis:service=RaftServer,group=group-E63E61230FA7,id=b4158a24-f3b4-469a-87ed-87f7753bcb12
2023-01-16 14:43:01,925 [b4158a24-f3b4-469a-87ed-87f7753bcb12@group-E63E61230FA7-FollowerState] INFO  server.RaftServerConfigKeys (ConfUtils.java:logFallback(53)) - raft.server.rpc.first-election.timeout.max = 5200ms (fallback to raft.server.rpc.timeout.max)
2023-01-16 14:43:01,925 [pool-587-thread-1] INFO  server.RaftServerConfigKeys (ConfUtils.java:logGet(46)) - raft.server.snapshot.auto.trigger.enabled = true (custom)
2023-01-16 14:43:01,926 [pool-587-thread-1] INFO  server.RaftServerConfigKeys (ConfUtils.java:logGet(46)) - raft.server.snapshot.auto.trigger.threshold = 10000 (custom)
2023-01-16 14:43:01,926 [pool-587-thread-1] INFO  server.RaftServerConfigKeys (ConfUtils.java:logGet(46)) - raft.server.snapshot.retention.file.num = 5 (custom)
2023-01-16 14:43:01,926 [pool-587-thread-1] INFO  server.RaftServerConfigKeys (ConfUtils.java:logGet(46)) - raft.server.log.purge.upto.snapshot.index = false (default)
2023-01-16 14:43:01,944 [grpc-default-executor-1] INFO  server.RaftServer (RaftServerProxy.java:addNew(96)) - fe85205b-7d0e-4b68-96f2-42eee8168b18: addNew group-E63E61230FA7:[b4158a24-f3b4-469a-87ed-87f7753bcb12|rpc:10.1.1.103:34081|dataStream:10.1.1.103:39137|priority:0|startupRole:FOLLOWER, edaf4ec7-b5bd-443f-91da-280c30b6b0af|rpc:10.1.1.103:33751|dataStream:10.1.1.103:44513|priority:0|startupRole:FOLLOWER, fe85205b-7d0e-4b68-96f2-42eee8168b18|rpc:10.1.1.103:34621|dataStream:10.1.1.103:43717|priority:1|startupRole:FOLLOWER] returns group-E63E61230FA7:java.util.concurrent.CompletableFuture@3bce7b96[Not completed]
2023-01-16 14:43:01,944 [pool-564-thread-1] INFO  server.RaftServer$Division (RaftServerImpl.java:<init>(195)) - fe85205b-7d0e-4b68-96f2-42eee8168b18: new RaftServerImpl for group-E63E61230FA7:[b4158a24-f3b4-469a-87ed-87f7753bcb12|rpc:10.1.1.103:34081|dataStream:10.1.1.103:39137|priority:0|startupRole:FOLLOWER, edaf4ec7-b5bd-443f-91da-280c30b6b0af|rpc:10.1.1.103:33751|dataStream:10.1.1.103:44513|priority:0|startupRole:FOLLOWER, fe85205b-7d0e-4b68-96f2-42eee8168b18|rpc:10.1.1.103:34621|dataStream:10.1.1.103:43717|priority:1|startupRole:FOLLOWER] with ContainerStateMachine:uninitialized
2023-01-16 14:43:01,945 [pool-564-thread-1] INFO  server.RaftServerConfigKeys (ConfUtils.java:logGet(46)) - raft.server.rpc.timeout.min = 5s (custom)
2023-01-16 14:43:01,945 [pool-564-thread-1] INFO  server.RaftServerConfigKeys (ConfUtils.java:logGet(46)) - raft.server.rpc.timeout.max = 5200ms (custom)
2023-01-16 14:43:01,945 [pool-564-thread-1] INFO  server.RaftServerConfigKeys (ConfUtils.java:logGet(46)) - raft.server.rpc.sleep.time = 25ms (default)
2023-01-16 14:43:01,945 [pool-564-thread-1] INFO  server.RaftServerConfigKeys (ConfUtils.java:logGet(46)) - raft.server.rpc.slowness.timeout = 300s (custom)
2023-01-16 14:43:01,945 [pool-564-thread-1] INFO  server.RaftServerConfigKeys (ConfUtils.java:logGet(46)) - raft.server.leaderelection.leader.step-down.wait-time = 10s (default)
2023-01-16 14:43:01,945 [pool-564-thread-1] INFO  server.RaftServerConfigKeys (ConfUtils.java:logGet(46)) - raft.server.sleep.deviation.threshold = 300ms (default)
2023-01-16 14:43:01,945 [pool-564-thread-1] INFO  server.RaftServer$Division (ServerState.java:<init>(118)) - fe85205b-7d0e-4b68-96f2-42eee8168b18@group-E63E61230FA7: ConfigurationManager, init=-1: peers:[b4158a24-f3b4-469a-87ed-87f7753bcb12|rpc:10.1.1.103:34081|dataStream:10.1.1.103:39137|priority:0|startupRole:FOLLOWER, edaf4ec7-b5bd-443f-91da-280c30b6b0af|rpc:10.1.1.103:33751|dataStream:10.1.1.103:44513|priority:0|startupRole:FOLLOWER, fe85205b-7d0e-4b68-96f2-42eee8168b18|rpc:10.1.1.103:34621|dataStream:10.1.1.103:43717|priority:1|startupRole:FOLLOWER]|listeners:[], old=null, confs=<EMPTY_MAP>
2023-01-16 14:43:01,945 [pool-564-thread-1] INFO  server.RaftServerConfigKeys (ConfUtils.java:logGet(46)) - raft.server.storage.dir = [/home/runner/work/ozone/ozone/hadoop-ozone/integration-test/target/test-dir/MiniOzoneClusterImpl-3631b34d-cc81-4479-8217-32b495b3d7e3/datanode-1/data/ratis] (custom)
2023-01-16 14:43:01,945 [pool-564-thread-1] INFO  server.RaftServerConfigKeys (ConfUtils.java:logGet(46)) - raft.server.log.corruption.policy = EXCEPTION (default)
2023-01-16 14:43:01,945 [pool-564-thread-1] INFO  server.RaftServerConfigKeys (ConfUtils.java:logGet(46)) - raft.server.storage.free-space.min = 0MB (=0) (default)
2023-01-16 14:43:01,945 [pool-564-thread-1] INFO  server.RaftServerConfigKeys (ConfUtils.java:logGet(46)) - raft.server.notification.no-leader.timeout = 300s (custom)
2023-01-16 14:43:01,945 [pool-564-thread-1] INFO  server.RaftServerConfigKeys (ConfUtils.java:logGet(46)) - raft.server.retrycache.expirytime = 600000ms (custom)
2023-01-16 14:43:01,945 [pool-564-thread-1] INFO  server.RaftServerConfigKeys (ConfUtils.java:logGet(46)) - raft.server.retrycache.statistics.expirytime = 100μs (default)
2023-01-16 14:43:01,946 [pool-564-thread-1] INFO  server.RaftServerConfigKeys (ConfUtils.java:logGet(46)) - raft.server.log.appender.install.snapshot.enabled = false (custom)
2023-01-16 14:43:01,946 [pool-564-thread-1] INFO  server.RaftServerConfigKeys (ConfUtils.java:logGet(46)) - raft.server.threadpool.server.cached = true (default)
2023-01-16 14:43:01,946 [pool-564-thread-1] INFO  server.RaftServerConfigKeys (ConfUtils.java:logGet(46)) - raft.server.threadpool.server.size = 0 (default)
2023-01-16 14:43:01,946 [pool-564-thread-1] INFO  server.RaftServerConfigKeys (ConfUtils.java:logGet(46)) - raft.server.threadpool.client.cached = true (default)
2023-01-16 14:43:01,946 [pool-564-thread-1] INFO  server.RaftServerConfigKeys (ConfUtils.java:logGet(46)) - raft.server.threadpool.client.size = 0 (default)
2023-01-16 14:43:01,946 [pool-564-thread-1] INFO  storage.RaftStorageDirectory (RaftStorageDirectoryImpl.java:analyzeStorage(137)) - The storage directory /home/runner/work/ozone/ozone/hadoop-ozone/integration-test/target/test-dir/MiniOzoneClusterImpl-3631b34d-cc81-4479-8217-32b495b3d7e3/datanode-1/data/ratis/e38bf172-605d-44ee-a7c2-e63e61230fa7 does not exist. Creating ...
2023-01-16 14:43:01,947 [pool-564-thread-1] INFO  storage.RaftStorageDirectory (RaftStorageDirectoryImpl.java:tryLock(231)) - Lock on /home/runner/work/ozone/ozone/hadoop-ozone/integration-test/target/test-dir/MiniOzoneClusterImpl-3631b34d-cc81-4479-8217-32b495b3d7e3/datanode-1/data/ratis/e38bf172-605d-44ee-a7c2-e63e61230fa7/in_use.lock acquired by nodename 12075@fv-az203-757
2023-01-16 14:43:01,949 [pool-564-thread-1] INFO  storage.RaftStorage (RaftStorageImpl.java:format(96)) - Storage directory /home/runner/work/ozone/ozone/hadoop-ozone/integration-test/target/test-dir/MiniOzoneClusterImpl-3631b34d-cc81-4479-8217-32b495b3d7e3/datanode-1/data/ratis/e38bf172-605d-44ee-a7c2-e63e61230fa7 has been successfully formatted.
2023-01-16 14:43:01,949 [pool-564-thread-1] INFO  ratis.ContainerStateMachine (ContainerStateMachine.java:loadSnapshot(240)) - group-E63E61230FA7: The snapshot info is null. Setting the last applied indexto:(t:0, i:~)
2023-01-16 14:43:01,949 [pool-564-thread-1] INFO  server.RaftServerConfigKeys (ConfUtils.java:logGet(46)) - raft.server.log.use.memory = false (default)
2023-01-16 14:43:01,950 [pool-564-thread-1] INFO  server.RaftServerConfigKeys (ConfUtils.java:logGet(46)) - raft.server.log.purge.gap = 1000000 (custom)
2023-01-16 14:43:01,951 [pool-564-thread-1] INFO  server.RaftServerConfigKeys (ConfUtils.java:logGet(46)) - raft.server.log.appender.buffer.byte-limit = 33554432 (custom)
2023-01-16 14:43:01,951 [pool-564-thread-1] INFO  server.RaftServerConfigKeys (ConfUtils.java:logGet(46)) - raft.server.log.statemachine.data.read.timeout = 1000ms (default)
2023-01-16 14:43:01,951 [pool-564-thread-1] INFO  server.RaftServerConfigKeys (ConfUtils.java:logGet(46)) - raft.server.log.purge.preservation.log.num = 0 (default)
2023-01-16 14:43:01,951 [pool-564-thread-1] INFO  server.RaftServerConfigKeys (ConfUtils.java:logGet(46)) - raft.server.log.segment.size.max = 1048576 (custom)
2023-01-16 14:43:01,951 [pool-564-thread-1] INFO  server.RaftServerConfigKeys (ConfUtils.java:logGet(46)) - raft.server.log.segment.cache.num.max = 2 (custom)
2023-01-16 14:43:01,951 [pool-564-thread-1] INFO  server.RaftServerConfigKeys (ConfUtils.java:logGet(46)) - raft.server.log.segment.cache.size.max = 200MB (=209715200) (default)
2023-01-16 14:43:01,951 [pool-564-thread-1] INFO  segmented.SegmentedRaftLogWorker (SegmentedRaftLogWorker.java:<init>(189)) - new fe85205b-7d0e-4b68-96f2-42eee8168b18@group-E63E61230FA7-SegmentedRaftLogWorker for RaftStorageImpl:Storage Directory /home/runner/work/ozone/ozone/hadoop-ozone/integration-test/target/test-dir/MiniOzoneClusterImpl-3631b34d-cc81-4479-8217-32b495b3d7e3/datanode-1/data/ratis/e38bf172-605d-44ee-a7c2-e63e61230fa7
2023-01-16 14:43:01,951 [pool-564-thread-1] INFO  server.RaftServerConfigKeys (ConfUtils.java:logGet(46)) - raft.server.log.queue.byte-limit = 4294967296 (custom)
2023-01-16 14:43:01,951 [pool-564-thread-1] INFO  server.RaftServerConfigKeys (ConfUtils.java:logGet(46)) - raft.server.log.queue.element-limit = 1024 (custom)
2023-01-16 14:43:01,952 [pool-564-thread-1] INFO  server.RaftServerConfigKeys (ConfUtils.java:logGet(46)) - raft.server.log.segment.size.max = 1048576 (custom)
2023-01-16 14:43:01,952 [pool-564-thread-1] INFO  server.RaftServerConfigKeys (ConfUtils.java:logGet(46)) - raft.server.log.preallocated.size = 16384 (custom)
2023-01-16 14:43:01,952 [pool-564-thread-1] INFO  server.RaftServerConfigKeys (ConfUtils.java:logGet(46)) - raft.server.log.force.sync.num = 128 (default)
2023-01-16 14:43:01,952 [pool-564-thread-1] INFO  server.RaftServerConfigKeys (ConfUtils.java:logGet(46)) - raft.server.log.statemachine.data.sync = true (default)
2023-01-16 14:43:01,952 [pool-564-thread-1] INFO  server.RaftServerConfigKeys (ConfUtils.java:logGet(46)) - raft.server.log.statemachine.data.sync.timeout = 10s (default)
2023-01-16 14:43:01,952 [pool-564-thread-1] INFO  server.RaftServerConfigKeys (ConfUtils.java:logGet(46)) - raft.server.log.statemachine.data.sync.timeout.retry = -1 (default)
2023-01-16 14:43:01,952 [pool-564-thread-1] INFO  server.RaftServerConfigKeys (ConfUtils.java:logGet(46)) - raft.server.log.write.buffer.size = 1048576 (custom)
2023-01-16 14:43:01,953 [pool-564-thread-1] INFO  server.RaftServerConfigKeys (ConfUtils.java:logGet(46)) - raft.server.log.appender.buffer.byte-limit = 33554432 (custom)
2023-01-16 14:43:01,961 [pool-564-thread-1] INFO  server.RaftServerConfigKeys (ConfUtils.java:logGet(46)) - raft.server.log.unsafe-flush.enabled = false (default)
2023-01-16 14:43:01,961 [pool-564-thread-1] INFO  server.RaftServerConfigKeys (ConfUtils.java:logGet(46)) - raft.server.log.async-flush.enabled = false (default)
2023-01-16 14:43:01,961 [pool-564-thread-1] INFO  server.RaftServerConfigKeys (ConfUtils.java:logGet(46)) - raft.server.log.statemachine.data.caching.enabled = true (custom)
2023-01-16 14:43:01,961 [pool-564-thread-1] INFO  segmented.SegmentedRaftLogWorker (SegmentedRaftLogWorker.java:lambda$new$0(135)) - fe85205b-7d0e-4b68-96f2-42eee8168b18@group-E63E61230FA7-SegmentedRaftLogWorker: flushIndex: setUnconditionally 0 -> -1
2023-01-16 14:43:01,961 [pool-564-thread-1] INFO  segmented.SegmentedRaftLogWorker (SegmentedRaftLogWorker.java:lambda$new$0(135)) - fe85205b-7d0e-4b68-96f2-42eee8168b18@group-E63E61230FA7-SegmentedRaftLogWorker: safeCacheEvictIndex: setUnconditionally 0 -> -1
2023-01-16 14:43:01,961 [pool-564-thread-1] INFO  server.RaftServer$Division (RaftServerImpl.java:start(334)) - fe85205b-7d0e-4b68-96f2-42eee8168b18@group-E63E61230FA7: start as a follower, conf=-1: peers:[b4158a24-f3b4-469a-87ed-87f7753bcb12|rpc:10.1.1.103:34081|dataStream:10.1.1.103:39137|priority:0|startupRole:FOLLOWER, edaf4ec7-b5bd-443f-91da-280c30b6b0af|rpc:10.1.1.103:33751|dataStream:10.1.1.103:44513|priority:0|startupRole:FOLLOWER, fe85205b-7d0e-4b68-96f2-42eee8168b18|rpc:10.1.1.103:34621|dataStream:10.1.1.103:43717|priority:1|startupRole:FOLLOWER]|listeners:[], old=null
2023-01-16 14:43:01,961 [pool-564-thread-1] INFO  server.RaftServer$Division (RaftServerImpl.java:setRole(321)) - fe85205b-7d0e-4b68-96f2-42eee8168b18@group-E63E61230FA7: changes role from      null to FOLLOWER at term 0 for startAsFollower
2023-01-16 14:43:01,961 [pool-564-thread-1] INFO  impl.RoleInfo (RoleInfo.java:updateAndGet(139)) - fe85205b-7d0e-4b68-96f2-42eee8168b18: start fe85205b-7d0e-4b68-96f2-42eee8168b18@group-E63E61230FA7-FollowerState
2023-01-16 14:43:01,964 [pool-564-thread-1] INFO  util.JmxRegister (JmxRegister.java:tryRegister(44)) - Successfully registered JMX Bean with object name Ratis:service=RaftServer,group=group-E63E61230FA7,id=fe85205b-7d0e-4b68-96f2-42eee8168b18
2023-01-16 14:43:01,964 [pool-564-thread-1] INFO  server.RaftServerConfigKeys (ConfUtils.java:logGet(46)) - raft.server.snapshot.auto.trigger.enabled = true (custom)
2023-01-16 14:43:01,964 [pool-564-thread-1] INFO  server.RaftServerConfigKeys (ConfUtils.java:logGet(46)) - raft.server.snapshot.auto.trigger.threshold = 10000 (custom)
2023-01-16 14:43:01,964 [pool-564-thread-1] INFO  server.RaftServerConfigKeys (ConfUtils.java:logGet(46)) - raft.server.snapshot.retention.file.num = 5 (custom)
2023-01-16 14:43:01,964 [pool-564-thread-1] INFO  server.RaftServerConfigKeys (ConfUtils.java:logGet(46)) - raft.server.log.purge.upto.snapshot.index = false (default)
2023-01-16 14:43:01,964 [fe85205b-7d0e-4b68-96f2-42eee8168b18@group-E63E61230FA7-FollowerState] INFO  server.RaftServerConfigKeys (ConfUtils.java:logFallback(53)) - raft.server.rpc.first-election.timeout.min = 5s (fallback to raft.server.rpc.timeout.min)
2023-01-16 14:43:01,964 [fe85205b-7d0e-4b68-96f2-42eee8168b18@group-E63E61230FA7-FollowerState] INFO  server.RaftServerConfigKeys (ConfUtils.java:logFallback(53)) - raft.server.rpc.first-election.timeout.max = 5200ms (fallback to raft.server.rpc.timeout.max)
2023-01-16 14:43:01,971 [Command processor thread] INFO  commandhandler.CreatePipelineCommandHandler (CreatePipelineCommandHandler.java:handle(113)) - Created Pipeline RATIS THREE PipelineID=e38bf172-605d-44ee-a7c2-e63e61230fa7.
2023-01-16 14:43:02,381 [Listener at 127.0.0.1/44023] INFO  ozone.MiniOzoneClusterImpl (MiniOzoneClusterImpl.java:lambda$waitForClusterToBeReady$0(218)) - Nodes are ready. Got 6 of 6 DN Heartbeats.
2023-01-16 14:43:02,381 [Listener at 127.0.0.1/44023] INFO  ozone.MiniOzoneClusterImpl (MiniOzoneClusterImpl.java:lambda$waitForClusterToBeReady$0(221)) - Waiting for cluster to exit safe mode
2023-01-16 14:43:02,382 [Listener at 127.0.0.1/44023] INFO  ozone.MiniOzoneClusterImpl (MiniOzoneClusterImpl.java:lambda$waitForClusterToBeReady$0(223)) - SCM became leader
2023-01-16 14:43:02,765 [Command processor thread] INFO  server.RaftServer (RaftServerProxy.java:addNew(96)) - 5cd6f085-199f-4d86-8efd-dd16eb4c4197: addNew group-014BD055F285:[53290e67-17c3-4c90-996e-c8ad22d82667|rpc:10.1.1.103:38457|dataStream:10.1.1.103:39377|priority:1|startupRole:FOLLOWER, ca7e3987-4d62-4f50-9818-34d949b95429|rpc:10.1.1.103:44861|dataStream:10.1.1.103:43889|priority:0|startupRole:FOLLOWER, 5cd6f085-199f-4d86-8efd-dd16eb4c4197|rpc:10.1.1.103:38983|dataStream:10.1.1.103:38531|priority:0|startupRole:FOLLOWER] returns group-014BD055F285:java.util.concurrent.CompletableFuture@48d7d4cf[Not completed]
2023-01-16 14:43:02,767 [pool-610-thread-1] INFO  server.RaftServer$Division (RaftServerImpl.java:<init>(195)) - 5cd6f085-199f-4d86-8efd-dd16eb4c4197: new RaftServerImpl for group-014BD055F285:[53290e67-17c3-4c90-996e-c8ad22d82667|rpc:10.1.1.103:38457|dataStream:10.1.1.103:39377|priority:1|startupRole:FOLLOWER, ca7e3987-4d62-4f50-9818-34d949b95429|rpc:10.1.1.103:44861|dataStream:10.1.1.103:43889|priority:0|startupRole:FOLLOWER, 5cd6f085-199f-4d86-8efd-dd16eb4c4197|rpc:10.1.1.103:38983|dataStream:10.1.1.103:38531|priority:0|startupRole:FOLLOWER] with ContainerStateMachine:uninitialized
2023-01-16 14:43:02,767 [pool-610-thread-1] INFO  server.RaftServerConfigKeys (ConfUtils.java:logGet(46)) - raft.server.rpc.timeout.min = 5s (custom)
2023-01-16 14:43:02,767 [pool-610-thread-1] INFO  server.RaftServerConfigKeys (ConfUtils.java:logGet(46)) - raft.server.rpc.timeout.max = 5200ms (custom)
2023-01-16 14:43:02,767 [pool-610-thread-1] INFO  server.RaftServerConfigKeys (ConfUtils.java:logGet(46)) - raft.server.rpc.sleep.time = 25ms (default)
2023-01-16 14:43:02,767 [pool-610-thread-1] INFO  server.RaftServerConfigKeys (ConfUtils.java:logGet(46)) - raft.server.rpc.slowness.timeout = 300s (custom)
2023-01-16 14:43:02,767 [pool-610-thread-1] INFO  server.RaftServerConfigKeys (ConfUtils.java:logGet(46)) - raft.server.leaderelection.leader.step-down.wait-time = 10s (default)
2023-01-16 14:43:02,767 [pool-610-thread-1] INFO  server.RaftServerConfigKeys (ConfUtils.java:logGet(46)) - raft.server.sleep.deviation.threshold = 300ms (default)
2023-01-16 14:43:02,767 [pool-610-thread-1] INFO  server.RaftServer$Division (ServerState.java:<init>(118)) - 5cd6f085-199f-4d86-8efd-dd16eb4c4197@group-014BD055F285: ConfigurationManager, init=-1: peers:[53290e67-17c3-4c90-996e-c8ad22d82667|rpc:10.1.1.103:38457|dataStream:10.1.1.103:39377|priority:1|startupRole:FOLLOWER, ca7e3987-4d62-4f50-9818-34d949b95429|rpc:10.1.1.103:44861|dataStream:10.1.1.103:43889|priority:0|startupRole:FOLLOWER, 5cd6f085-199f-4d86-8efd-dd16eb4c4197|rpc:10.1.1.103:38983|dataStream:10.1.1.103:38531|priority:0|startupRole:FOLLOWER]|listeners:[], old=null, confs=<EMPTY_MAP>
2023-01-16 14:43:02,767 [pool-610-thread-1] INFO  server.RaftServerConfigKeys (ConfUtils.java:logGet(46)) - raft.server.storage.dir = [/home/runner/work/ozone/ozone/hadoop-ozone/integration-test/target/test-dir/MiniOzoneClusterImpl-3631b34d-cc81-4479-8217-32b495b3d7e3/datanode-3/data/ratis] (custom)
2023-01-16 14:43:02,767 [pool-610-thread-1] INFO  server.RaftServerConfigKeys (ConfUtils.java:logGet(46)) - raft.server.log.corruption.policy = EXCEPTION (default)
2023-01-16 14:43:02,768 [pool-610-thread-1] INFO  server.RaftServerConfigKeys (ConfUtils.java:logGet(46)) - raft.server.storage.free-space.min = 0MB (=0) (default)
2023-01-16 14:43:02,768 [pool-610-thread-1] INFO  server.RaftServerConfigKeys (ConfUtils.java:logGet(46)) - raft.server.notification.no-leader.timeout = 300s (custom)
2023-01-16 14:43:02,768 [pool-610-thread-1] INFO  server.RaftServerConfigKeys (ConfUtils.java:logGet(46)) - raft.server.retrycache.expirytime = 600000ms (custom)
2023-01-16 14:43:02,768 [pool-610-thread-1] INFO  server.RaftServerConfigKeys (ConfUtils.java:logGet(46)) - raft.server.retrycache.statistics.expirytime = 100μs (default)
2023-01-16 14:43:02,768 [pool-610-thread-1] INFO  server.RaftServerConfigKeys (ConfUtils.java:logGet(46)) - raft.server.log.appender.install.snapshot.enabled = false (custom)
2023-01-16 14:43:02,769 [pool-610-thread-1] INFO  server.RaftServerConfigKeys (ConfUtils.java:logGet(46)) - raft.server.threadpool.server.cached = true (default)
2023-01-16 14:43:02,769 [pool-610-thread-1] INFO  server.RaftServerConfigKeys (ConfUtils.java:logGet(46)) - raft.server.threadpool.server.size = 0 (default)
2023-01-16 14:43:02,769 [pool-610-thread-1] INFO  server.RaftServerConfigKeys (ConfUtils.java:logGet(46)) - raft.server.threadpool.client.cached = true (default)
2023-01-16 14:43:02,769 [pool-610-thread-1] INFO  server.RaftServerConfigKeys (ConfUtils.java:logGet(46)) - raft.server.threadpool.client.size = 0 (default)
2023-01-16 14:43:02,769 [pool-610-thread-1] INFO  storage.RaftStorageDirectory (RaftStorageDirectoryImpl.java:analyzeStorage(137)) - The storage directory /home/runner/work/ozone/ozone/hadoop-ozone/integration-test/target/test-dir/MiniOzoneClusterImpl-3631b34d-cc81-4479-8217-32b495b3d7e3/datanode-3/data/ratis/77fdc72e-c411-4c47-aa6e-014bd055f285 does not exist. Creating ...
2023-01-16 14:43:02,770 [pool-610-thread-1] INFO  storage.RaftStorageDirectory (RaftStorageDirectoryImpl.java:tryLock(231)) - Lock on /home/runner/work/ozone/ozone/hadoop-ozone/integration-test/target/test-dir/MiniOzoneClusterImpl-3631b34d-cc81-4479-8217-32b495b3d7e3/datanode-3/data/ratis/77fdc72e-c411-4c47-aa6e-014bd055f285/in_use.lock acquired by nodename 12075@fv-az203-757
2023-01-16 14:43:02,771 [pool-610-thread-1] INFO  storage.RaftStorage (RaftStorageImpl.java:format(96)) - Storage directory /home/runner/work/ozone/ozone/hadoop-ozone/integration-test/target/test-dir/MiniOzoneClusterImpl-3631b34d-cc81-4479-8217-32b495b3d7e3/datanode-3/data/ratis/77fdc72e-c411-4c47-aa6e-014bd055f285 has been successfully formatted.
2023-01-16 14:43:02,772 [pool-610-thread-1] INFO  ratis.ContainerStateMachine (ContainerStateMachine.java:loadSnapshot(240)) - group-014BD055F285: The snapshot info is null. Setting the last applied indexto:(t:0, i:~)
2023-01-16 14:43:02,773 [pool-610-thread-1] INFO  server.RaftServerConfigKeys (ConfUtils.java:logGet(46)) - raft.server.log.use.memory = false (default)
2023-01-16 14:43:02,773 [pool-610-thread-1] INFO  server.RaftServerConfigKeys (ConfUtils.java:logGet(46)) - raft.server.log.purge.gap = 1000000 (custom)
2023-01-16 14:43:02,773 [pool-610-thread-1] INFO  server.RaftServerConfigKeys (ConfUtils.java:logGet(46)) - raft.server.log.appender.buffer.byte-limit = 33554432 (custom)
2023-01-16 14:43:02,773 [pool-610-thread-1] INFO  server.RaftServerConfigKeys (ConfUtils.java:logGet(46)) - raft.server.log.statemachine.data.read.timeout = 1000ms (default)
2023-01-16 14:43:02,773 [pool-610-thread-1] INFO  server.RaftServerConfigKeys (ConfUtils.java:logGet(46)) - raft.server.log.purge.preservation.log.num = 0 (default)
2023-01-16 14:43:02,773 [pool-610-thread-1] INFO  server.RaftServerConfigKeys (ConfUtils.java:logGet(46)) - raft.server.log.segment.size.max = 1048576 (custom)
2023-01-16 14:43:02,773 [pool-610-thread-1] INFO  server.RaftServerConfigKeys (ConfUtils.java:logGet(46)) - raft.server.log.segment.cache.num.max = 2 (custom)
2023-01-16 14:43:02,773 [pool-610-thread-1] INFO  server.RaftServerConfigKeys (ConfUtils.java:logGet(46)) - raft.server.log.segment.cache.size.max = 200MB (=209715200) (default)
2023-01-16 14:43:02,773 [pool-610-thread-1] INFO  segmented.SegmentedRaftLogWorker (SegmentedRaftLogWorker.java:<init>(189)) - new 5cd6f085-199f-4d86-8efd-dd16eb4c4197@group-014BD055F285-SegmentedRaftLogWorker for RaftStorageImpl:Storage Directory /home/runner/work/ozone/ozone/hadoop-ozone/integration-test/target/test-dir/MiniOzoneClusterImpl-3631b34d-cc81-4479-8217-32b495b3d7e3/datanode-3/data/ratis/77fdc72e-c411-4c47-aa6e-014bd055f285
2023-01-16 14:43:02,774 [pool-610-thread-1] INFO  server.RaftServerConfigKeys (ConfUtils.java:logGet(46)) - raft.server.log.queue.byte-limit = 4294967296 (custom)
2023-01-16 14:43:02,774 [pool-610-thread-1] INFO  server.RaftServerConfigKeys (ConfUtils.java:logGet(46)) - raft.server.log.queue.element-limit = 1024 (custom)
2023-01-16 14:43:02,774 [pool-610-thread-1] INFO  server.RaftServerConfigKeys (ConfUtils.java:logGet(46)) - raft.server.log.segment.size.max = 1048576 (custom)
2023-01-16 14:43:02,774 [pool-610-thread-1] INFO  server.RaftServerConfigKeys (ConfUtils.java:logGet(46)) - raft.server.log.preallocated.size = 16384 (custom)
2023-01-16 14:43:02,774 [pool-610-thread-1] INFO  server.RaftServerConfigKeys (ConfUtils.java:logGet(46)) - raft.server.log.force.sync.num = 128 (default)
2023-01-16 14:43:02,774 [pool-610-thread-1] INFO  server.RaftServerConfigKeys (ConfUtils.java:logGet(46)) - raft.server.log.statemachine.data.sync = true (default)
2023-01-16 14:43:02,774 [pool-610-thread-1] INFO  server.RaftServerConfigKeys (ConfUtils.java:logGet(46)) - raft.server.log.statemachine.data.sync.timeout = 10s (default)
2023-01-16 14:43:02,774 [pool-610-thread-1] INFO  server.RaftServerConfigKeys (ConfUtils.java:logGet(46)) - raft.server.log.statemachine.data.sync.timeout.retry = -1 (default)
2023-01-16 14:43:02,775 [pool-610-thread-1] INFO  server.RaftServerConfigKeys (ConfUtils.java:logGet(46)) - raft.server.log.write.buffer.size = 1048576 (custom)
2023-01-16 14:43:02,776 [pool-610-thread-1] INFO  server.RaftServerConfigKeys (ConfUtils.java:logGet(46)) - raft.server.log.appender.buffer.byte-limit = 33554432 (custom)
2023-01-16 14:43:02,781 [pool-610-thread-1] INFO  server.RaftServerConfigKeys (ConfUtils.java:logGet(46)) - raft.server.log.unsafe-flush.enabled = false (default)
2023-01-16 14:43:02,781 [pool-610-thread-1] INFO  server.RaftServerConfigKeys (ConfUtils.java:logGet(46)) - raft.server.log.async-flush.enabled = false (default)
2023-01-16 14:43:02,781 [pool-610-thread-1] INFO  server.RaftServerConfigKeys (ConfUtils.java:logGet(46)) - raft.server.log.statemachine.data.caching.enabled = true (custom)
2023-01-16 14:43:02,781 [pool-610-thread-1] INFO  segmented.SegmentedRaftLogWorker (SegmentedRaftLogWorker.java:lambda$new$0(135)) - 5cd6f085-199f-4d86-8efd-dd16eb4c4197@group-014BD055F285-SegmentedRaftLogWorker: flushIndex: setUnconditionally 0 -> -1
2023-01-16 14:43:02,781 [pool-610-thread-1] INFO  segmented.SegmentedRaftLogWorker (SegmentedRaftLogWorker.java:lambda$new$0(135)) - 5cd6f085-199f-4d86-8efd-dd16eb4c4197@group-014BD055F285-SegmentedRaftLogWorker: safeCacheEvictIndex: setUnconditionally 0 -> -1
2023-01-16 14:43:02,782 [pool-610-thread-1] INFO  server.RaftServer$Division (RaftServerImpl.java:start(334)) - 5cd6f085-199f-4d86-8efd-dd16eb4c4197@group-014BD055F285: start as a follower, conf=-1: peers:[53290e67-17c3-4c90-996e-c8ad22d82667|rpc:10.1.1.103:38457|dataStream:10.1.1.103:39377|priority:1|startupRole:FOLLOWER, ca7e3987-4d62-4f50-9818-34d949b95429|rpc:10.1.1.103:44861|dataStream:10.1.1.103:43889|priority:0|startupRole:FOLLOWER, 5cd6f085-199f-4d86-8efd-dd16eb4c4197|rpc:10.1.1.103:38983|dataStream:10.1.1.103:38531|priority:0|startupRole:FOLLOWER]|listeners:[], old=null
2023-01-16 14:43:02,782 [pool-610-thread-1] INFO  server.RaftServer$Division (RaftServerImpl.java:setRole(321)) - 5cd6f085-199f-4d86-8efd-dd16eb4c4197@group-014BD055F285: changes role from      null to FOLLOWER at term 0 for startAsFollower
2023-01-16 14:43:02,782 [pool-610-thread-1] INFO  impl.RoleInfo (RoleInfo.java:updateAndGet(139)) - 5cd6f085-199f-4d86-8efd-dd16eb4c4197: start 5cd6f085-199f-4d86-8efd-dd16eb4c4197@group-014BD055F285-FollowerState
2023-01-16 14:43:02,782 [pool-610-thread-1] INFO  util.JmxRegister (JmxRegister.java:tryRegister(44)) - Successfully registered JMX Bean with object name Ratis:service=RaftServer,group=group-014BD055F285,id=5cd6f085-199f-4d86-8efd-dd16eb4c4197
2023-01-16 14:43:02,782 [5cd6f085-199f-4d86-8efd-dd16eb4c4197@group-014BD055F285-FollowerState] INFO  server.RaftServerConfigKeys (ConfUtils.java:logFallback(53)) - raft.server.rpc.first-election.timeout.min = 5s (fallback to raft.server.rpc.timeout.min)
2023-01-16 14:43:02,782 [pool-610-thread-1] INFO  server.RaftServerConfigKeys (ConfUtils.java:logGet(46)) - raft.server.snapshot.auto.trigger.enabled = true (custom)
2023-01-16 14:43:02,782 [5cd6f085-199f-4d86-8efd-dd16eb4c4197@group-014BD055F285-FollowerState] INFO  server.RaftServerConfigKeys (ConfUtils.java:logFallback(53)) - raft.server.rpc.first-election.timeout.max = 5200ms (fallback to raft.server.rpc.timeout.max)
2023-01-16 14:43:02,782 [pool-610-thread-1] INFO  server.RaftServerConfigKeys (ConfUtils.java:logGet(46)) - raft.server.snapshot.auto.trigger.threshold = 10000 (custom)
2023-01-16 14:43:02,782 [pool-610-thread-1] INFO  server.RaftServerConfigKeys (ConfUtils.java:logGet(46)) - raft.server.snapshot.retention.file.num = 5 (custom)
2023-01-16 14:43:02,782 [pool-610-thread-1] INFO  server.RaftServerConfigKeys (ConfUtils.java:logGet(46)) - raft.server.log.purge.upto.snapshot.index = false (default)
2023-01-16 14:43:02,783 [Command processor thread] INFO  ratis.XceiverServerRatis (XceiverServerRatis.java:addGroup(806)) - Created group PipelineID=77fdc72e-c411-4c47-aa6e-014bd055f285
2023-01-16 14:43:02,793 [grpc-default-executor-1] INFO  server.RaftServer (RaftServerProxy.java:addNew(96)) - ca7e3987-4d62-4f50-9818-34d949b95429: addNew group-014BD055F285:[53290e67-17c3-4c90-996e-c8ad22d82667|rpc:10.1.1.103:38457|dataStream:10.1.1.103:39377|priority:1|startupRole:FOLLOWER, ca7e3987-4d62-4f50-9818-34d949b95429|rpc:10.1.1.103:44861|dataStream:10.1.1.103:43889|priority:0|startupRole:FOLLOWER, 5cd6f085-199f-4d86-8efd-dd16eb4c4197|rpc:10.1.1.103:38983|dataStream:10.1.1.103:38531|priority:0|startupRole:FOLLOWER] returns group-014BD055F285:java.util.concurrent.CompletableFuture@169de92[Not completed]
2023-01-16 14:43:02,794 [pool-656-thread-1] INFO  server.RaftServer$Division (RaftServerImpl.java:<init>(195)) - ca7e3987-4d62-4f50-9818-34d949b95429: new RaftServerImpl for group-014BD055F285:[53290e67-17c3-4c90-996e-c8ad22d82667|rpc:10.1.1.103:38457|dataStream:10.1.1.103:39377|priority:1|startupRole:FOLLOWER, ca7e3987-4d62-4f50-9818-34d949b95429|rpc:10.1.1.103:44861|dataStream:10.1.1.103:43889|priority:0|startupRole:FOLLOWER, 5cd6f085-199f-4d86-8efd-dd16eb4c4197|rpc:10.1.1.103:38983|dataStream:10.1.1.103:38531|priority:0|startupRole:FOLLOWER] with ContainerStateMachine:uninitialized
2023-01-16 14:43:02,794 [pool-656-thread-1] INFO  server.RaftServerConfigKeys (ConfUtils.java:logGet(46)) - raft.server.rpc.timeout.min = 5s (custom)
2023-01-16 14:43:02,794 [pool-656-thread-1] INFO  server.RaftServerConfigKeys (ConfUtils.java:logGet(46)) - raft.server.rpc.timeout.max = 5200ms (custom)
2023-01-16 14:43:02,794 [pool-656-thread-1] INFO  server.RaftServerConfigKeys (ConfUtils.java:logGet(46)) - raft.server.rpc.sleep.time = 25ms (default)
2023-01-16 14:43:02,794 [pool-656-thread-1] INFO  server.RaftServerConfigKeys (ConfUtils.java:logGet(46)) - raft.server.rpc.slowness.timeout = 300s (custom)
2023-01-16 14:43:02,794 [pool-656-thread-1] INFO  server.RaftServerConfigKeys (ConfUtils.java:logGet(46)) - raft.server.leaderelection.leader.step-down.wait-time = 10s (default)
2023-01-16 14:43:02,794 [pool-656-thread-1] INFO  server.RaftServerConfigKeys (ConfUtils.java:logGet(46)) - raft.server.sleep.deviation.threshold = 300ms (default)
2023-01-16 14:43:02,794 [pool-656-thread-1] INFO  server.RaftServer$Division (ServerState.java:<init>(118)) - ca7e3987-4d62-4f50-9818-34d949b95429@group-014BD055F285: ConfigurationManager, init=-1: peers:[53290e67-17c3-4c90-996e-c8ad22d82667|rpc:10.1.1.103:38457|dataStream:10.1.1.103:39377|priority:1|startupRole:FOLLOWER, ca7e3987-4d62-4f50-9818-34d949b95429|rpc:10.1.1.103:44861|dataStream:10.1.1.103:43889|priority:0|startupRole:FOLLOWER, 5cd6f085-199f-4d86-8efd-dd16eb4c4197|rpc:10.1.1.103:38983|dataStream:10.1.1.103:38531|priority:0|startupRole:FOLLOWER]|listeners:[], old=null, confs=<EMPTY_MAP>
2023-01-16 14:43:02,795 [pool-656-thread-1] INFO  server.RaftServerConfigKeys (ConfUtils.java:logGet(46)) - raft.server.storage.dir = [/home/runner/work/ozone/ozone/hadoop-ozone/integration-test/target/test-dir/MiniOzoneClusterImpl-3631b34d-cc81-4479-8217-32b495b3d7e3/datanode-5/data/ratis] (custom)
2023-01-16 14:43:02,795 [pool-656-thread-1] INFO  server.RaftServerConfigKeys (ConfUtils.java:logGet(46)) - raft.server.log.corruption.policy = EXCEPTION (default)
2023-01-16 14:43:02,795 [pool-656-thread-1] INFO  server.RaftServerConfigKeys (ConfUtils.java:logGet(46)) - raft.server.storage.free-space.min = 0MB (=0) (default)
2023-01-16 14:43:02,795 [pool-656-thread-1] INFO  server.RaftServerConfigKeys (ConfUtils.java:logGet(46)) - raft.server.notification.no-leader.timeout = 300s (custom)
2023-01-16 14:43:02,795 [pool-656-thread-1] INFO  server.RaftServerConfigKeys (ConfUtils.java:logGet(46)) - raft.server.retrycache.expirytime = 600000ms (custom)
2023-01-16 14:43:02,795 [pool-656-thread-1] INFO  server.RaftServerConfigKeys (ConfUtils.java:logGet(46)) - raft.server.retrycache.statistics.expirytime = 100μs (default)
2023-01-16 14:43:02,796 [pool-656-thread-1] INFO  server.RaftServerConfigKeys (ConfUtils.java:logGet(46)) - raft.server.log.appender.install.snapshot.enabled = false (custom)
2023-01-16 14:43:02,796 [pool-656-thread-1] INFO  server.RaftServerConfigKeys (ConfUtils.java:logGet(46)) - raft.server.threadpool.server.cached = true (default)
2023-01-16 14:43:02,796 [pool-656-thread-1] INFO  server.RaftServerConfigKeys (ConfUtils.java:logGet(46)) - raft.server.threadpool.server.size = 0 (default)
2023-01-16 14:43:02,796 [pool-656-thread-1] INFO  server.RaftServerConfigKeys (ConfUtils.java:logGet(46)) - raft.server.threadpool.client.cached = true (default)
2023-01-16 14:43:02,796 [pool-656-thread-1] INFO  server.RaftServerConfigKeys (ConfUtils.java:logGet(46)) - raft.server.threadpool.client.size = 0 (default)
2023-01-16 14:43:02,796 [pool-656-thread-1] INFO  storage.RaftStorageDirectory (RaftStorageDirectoryImpl.java:analyzeStorage(137)) - The storage directory /home/runner/work/ozone/ozone/hadoop-ozone/integration-test/target/test-dir/MiniOzoneClusterImpl-3631b34d-cc81-4479-8217-32b495b3d7e3/datanode-5/data/ratis/77fdc72e-c411-4c47-aa6e-014bd055f285 does not exist. Creating ...
2023-01-16 14:43:02,797 [pool-656-thread-1] INFO  storage.RaftStorageDirectory (RaftStorageDirectoryImpl.java:tryLock(231)) - Lock on /home/runner/work/ozone/ozone/hadoop-ozone/integration-test/target/test-dir/MiniOzoneClusterImpl-3631b34d-cc81-4479-8217-32b495b3d7e3/datanode-5/data/ratis/77fdc72e-c411-4c47-aa6e-014bd055f285/in_use.lock acquired by nodename 12075@fv-az203-757
2023-01-16 14:43:02,798 [pool-656-thread-1] INFO  storage.RaftStorage (RaftStorageImpl.java:format(96)) - Storage directory /home/runner/work/ozone/ozone/hadoop-ozone/integration-test/target/test-dir/MiniOzoneClusterImpl-3631b34d-cc81-4479-8217-32b495b3d7e3/datanode-5/data/ratis/77fdc72e-c411-4c47-aa6e-014bd055f285 has been successfully formatted.
2023-01-16 14:43:02,799 [pool-656-thread-1] INFO  ratis.ContainerStateMachine (ContainerStateMachine.java:loadSnapshot(240)) - group-014BD055F285: The snapshot info is null. Setting the last applied indexto:(t:0, i:~)
2023-01-16 14:43:02,799 [pool-656-thread-1] INFO  server.RaftServerConfigKeys (ConfUtils.java:logGet(46)) - raft.server.log.use.memory = false (default)
2023-01-16 14:43:02,800 [pool-656-thread-1] INFO  server.RaftServerConfigKeys (ConfUtils.java:logGet(46)) - raft.server.log.purge.gap = 1000000 (custom)
2023-01-16 14:43:02,800 [pool-656-thread-1] INFO  server.RaftServerConfigKeys (ConfUtils.java:logGet(46)) - raft.server.log.appender.buffer.byte-limit = 33554432 (custom)
2023-01-16 14:43:02,800 [pool-656-thread-1] INFO  server.RaftServerConfigKeys (ConfUtils.java:logGet(46)) - raft.server.log.statemachine.data.read.timeout = 1000ms (default)
2023-01-16 14:43:02,800 [pool-656-thread-1] INFO  server.RaftServerConfigKeys (ConfUtils.java:logGet(46)) - raft.server.log.purge.preservation.log.num = 0 (default)
2023-01-16 14:43:02,800 [pool-656-thread-1] INFO  server.RaftServerConfigKeys (ConfUtils.java:logGet(46)) - raft.server.log.segment.size.max = 1048576 (custom)
2023-01-16 14:43:02,800 [pool-656-thread-1] INFO  server.RaftServerConfigKeys (ConfUtils.java:logGet(46)) - raft.server.log.segment.cache.num.max = 2 (custom)
2023-01-16 14:43:02,800 [pool-656-thread-1] INFO  server.RaftServerConfigKeys (ConfUtils.java:logGet(46)) - raft.server.log.segment.cache.size.max = 200MB (=209715200) (default)
2023-01-16 14:43:02,800 [pool-656-thread-1] INFO  segmented.SegmentedRaftLogWorker (SegmentedRaftLogWorker.java:<init>(189)) - new ca7e3987-4d62-4f50-9818-34d949b95429@group-014BD055F285-SegmentedRaftLogWorker for RaftStorageImpl:Storage Directory /home/runner/work/ozone/ozone/hadoop-ozone/integration-test/target/test-dir/MiniOzoneClusterImpl-3631b34d-cc81-4479-8217-32b495b3d7e3/datanode-5/data/ratis/77fdc72e-c411-4c47-aa6e-014bd055f285
2023-01-16 14:43:02,801 [pool-656-thread-1] INFO  server.RaftServerConfigKeys (ConfUtils.java:logGet(46)) - raft.server.log.queue.byte-limit = 4294967296 (custom)
2023-01-16 14:43:02,801 [pool-656-thread-1] INFO  server.RaftServerConfigKeys (ConfUtils.java:logGet(46)) - raft.server.log.queue.element-limit = 1024 (custom)
2023-01-16 14:43:02,801 [pool-656-thread-1] INFO  server.RaftServerConfigKeys (ConfUtils.java:logGet(46)) - raft.server.log.segment.size.max = 1048576 (custom)
2023-01-16 14:43:02,801 [pool-656-thread-1] INFO  server.RaftServerConfigKeys (ConfUtils.java:logGet(46)) - raft.server.log.preallocated.size = 16384 (custom)
2023-01-16 14:43:02,801 [pool-656-thread-1] INFO  server.RaftServerConfigKeys (ConfUtils.java:logGet(46)) - raft.server.log.force.sync.num = 128 (default)
2023-01-16 14:43:02,801 [pool-656-thread-1] INFO  server.RaftServerConfigKeys (ConfUtils.java:logGet(46)) - raft.server.log.statemachine.data.sync = true (default)
2023-01-16 14:43:02,801 [pool-656-thread-1] INFO  server.RaftServerConfigKeys (ConfUtils.java:logGet(46)) - raft.server.log.statemachine.data.sync.timeout = 10s (default)
2023-01-16 14:43:02,801 [pool-656-thread-1] INFO  server.RaftServerConfigKeys (ConfUtils.java:logGet(46)) - raft.server.log.statemachine.data.sync.timeout.retry = -1 (default)
2023-01-16 14:43:02,801 [pool-656-thread-1] INFO  server.RaftServerConfigKeys (ConfUtils.java:logGet(46)) - raft.server.log.write.buffer.size = 1048576 (custom)
2023-01-16 14:43:02,802 [pool-656-thread-1] INFO  server.RaftServerConfigKeys (ConfUtils.java:logGet(46)) - raft.server.log.appender.buffer.byte-limit = 33554432 (custom)
2023-01-16 14:43:02,807 [pool-656-thread-1] INFO  server.RaftServerConfigKeys (ConfUtils.java:logGet(46)) - raft.server.log.unsafe-flush.enabled = false (default)
2023-01-16 14:43:02,807 [pool-656-thread-1] INFO  server.RaftServerConfigKeys (ConfUtils.java:logGet(46)) - raft.server.log.async-flush.enabled = false (default)
2023-01-16 14:43:02,807 [pool-656-thread-1] INFO  server.RaftServerConfigKeys (ConfUtils.java:logGet(46)) - raft.server.log.statemachine.data.caching.enabled = true (custom)
2023-01-16 14:43:02,807 [pool-656-thread-1] INFO  segmented.SegmentedRaftLogWorker (SegmentedRaftLogWorker.java:lambda$new$0(135)) - ca7e3987-4d62-4f50-9818-34d949b95429@group-014BD055F285-SegmentedRaftLogWorker: flushIndex: setUnconditionally 0 -> -1
2023-01-16 14:43:02,807 [pool-656-thread-1] INFO  segmented.SegmentedRaftLogWorker (SegmentedRaftLogWorker.java:lambda$new$0(135)) - ca7e3987-4d62-4f50-9818-34d949b95429@group-014BD055F285-SegmentedRaftLogWorker: safeCacheEvictIndex: setUnconditionally 0 -> -1
2023-01-16 14:43:02,808 [pool-656-thread-1] INFO  server.RaftServer$Division (RaftServerImpl.java:start(334)) - ca7e3987-4d62-4f50-9818-34d949b95429@group-014BD055F285: start as a follower, conf=-1: peers:[53290e67-17c3-4c90-996e-c8ad22d82667|rpc:10.1.1.103:38457|dataStream:10.1.1.103:39377|priority:1|startupRole:FOLLOWER, ca7e3987-4d62-4f50-9818-34d949b95429|rpc:10.1.1.103:44861|dataStream:10.1.1.103:43889|priority:0|startupRole:FOLLOWER, 5cd6f085-199f-4d86-8efd-dd16eb4c4197|rpc:10.1.1.103:38983|dataStream:10.1.1.103:38531|priority:0|startupRole:FOLLOWER]|listeners:[], old=null
2023-01-16 14:43:02,810 [pool-656-thread-1] INFO  server.RaftServer$Division (RaftServerImpl.java:setRole(321)) - ca7e3987-4d62-4f50-9818-34d949b95429@group-014BD055F285: changes role from      null to FOLLOWER at term 0 for startAsFollower
2023-01-16 14:43:02,810 [pool-656-thread-1] INFO  impl.RoleInfo (RoleInfo.java:updateAndGet(139)) - ca7e3987-4d62-4f50-9818-34d949b95429: start ca7e3987-4d62-4f50-9818-34d949b95429@group-014BD055F285-FollowerState
2023-01-16 14:43:02,810 [pool-656-thread-1] INFO  util.JmxRegister (JmxRegister.java:tryRegister(44)) - Successfully registered JMX Bean with object name Ratis:service=RaftServer,group=group-014BD055F285,id=ca7e3987-4d62-4f50-9818-34d949b95429
2023-01-16 14:43:02,810 [ca7e3987-4d62-4f50-9818-34d949b95429@group-014BD055F285-FollowerState] INFO  server.RaftServerConfigKeys (ConfUtils.java:logFallback(53)) - raft.server.rpc.first-election.timeout.min = 5s (fallback to raft.server.rpc.timeout.min)
2023-01-16 14:43:02,810 [pool-656-thread-1] INFO  server.RaftServerConfigKeys (ConfUtils.java:logGet(46)) - raft.server.snapshot.auto.trigger.enabled = true (custom)
2023-01-16 14:43:02,810 [ca7e3987-4d62-4f50-9818-34d949b95429@group-014BD055F285-FollowerState] INFO  server.RaftServerConfigKeys (ConfUtils.java:logFallback(53)) - raft.server.rpc.first-election.timeout.max = 5200ms (fallback to raft.server.rpc.timeout.max)
2023-01-16 14:43:02,810 [pool-656-thread-1] INFO  server.RaftServerConfigKeys (ConfUtils.java:logGet(46)) - raft.server.snapshot.auto.trigger.threshold = 10000 (custom)
2023-01-16 14:43:02,810 [pool-656-thread-1] INFO  server.RaftServerConfigKeys (ConfUtils.java:logGet(46)) - raft.server.snapshot.retention.file.num = 5 (custom)
2023-01-16 14:43:02,810 [pool-656-thread-1] INFO  server.RaftServerConfigKeys (ConfUtils.java:logGet(46)) - raft.server.log.purge.upto.snapshot.index = false (default)
2023-01-16 14:43:02,822 [grpc-default-executor-1] INFO  server.RaftServer (RaftServerProxy.java:addNew(96)) - 53290e67-17c3-4c90-996e-c8ad22d82667: addNew group-014BD055F285:[53290e67-17c3-4c90-996e-c8ad22d82667|rpc:10.1.1.103:38457|dataStream:10.1.1.103:39377|priority:1|startupRole:FOLLOWER, ca7e3987-4d62-4f50-9818-34d949b95429|rpc:10.1.1.103:44861|dataStream:10.1.1.103:43889|priority:0|startupRole:FOLLOWER, 5cd6f085-199f-4d86-8efd-dd16eb4c4197|rpc:10.1.1.103:38983|dataStream:10.1.1.103:38531|priority:0|startupRole:FOLLOWER] returns group-014BD055F285:java.util.concurrent.CompletableFuture@3e2f5705[Not completed]
2023-01-16 14:43:02,823 [pool-633-thread-1] INFO  server.RaftServer$Division (RaftServerImpl.java:<init>(195)) - 53290e67-17c3-4c90-996e-c8ad22d82667: new RaftServerImpl for group-014BD055F285:[53290e67-17c3-4c90-996e-c8ad22d82667|rpc:10.1.1.103:38457|dataStream:10.1.1.103:39377|priority:1|startupRole:FOLLOWER, ca7e3987-4d62-4f50-9818-34d949b95429|rpc:10.1.1.103:44861|dataStream:10.1.1.103:43889|priority:0|startupRole:FOLLOWER, 5cd6f085-199f-4d86-8efd-dd16eb4c4197|rpc:10.1.1.103:38983|dataStream:10.1.1.103:38531|priority:0|startupRole:FOLLOWER] with ContainerStateMachine:uninitialized
2023-01-16 14:43:02,824 [pool-633-thread-1] INFO  server.RaftServerConfigKeys (ConfUtils.java:logGet(46)) - raft.server.rpc.timeout.min = 5s (custom)
2023-01-16 14:43:02,824 [pool-633-thread-1] INFO  server.RaftServerConfigKeys (ConfUtils.java:logGet(46)) - raft.server.rpc.timeout.max = 5200ms (custom)
2023-01-16 14:43:02,824 [pool-633-thread-1] INFO  server.RaftServerConfigKeys (ConfUtils.java:logGet(46)) - raft.server.rpc.sleep.time = 25ms (default)
2023-01-16 14:43:02,824 [pool-633-thread-1] INFO  server.RaftServerConfigKeys (ConfUtils.java:logGet(46)) - raft.server.rpc.slowness.timeout = 300s (custom)
2023-01-16 14:43:02,824 [pool-633-thread-1] INFO  server.RaftServerConfigKeys (ConfUtils.java:logGet(46)) - raft.server.leaderelection.leader.step-down.wait-time = 10s (default)
2023-01-16 14:43:02,824 [pool-633-thread-1] INFO  server.RaftServerConfigKeys (ConfUtils.java:logGet(46)) - raft.server.sleep.deviation.threshold = 300ms (default)
2023-01-16 14:43:02,824 [pool-633-thread-1] INFO  server.RaftServer$Division (ServerState.java:<init>(118)) - 53290e67-17c3-4c90-996e-c8ad22d82667@group-014BD055F285: ConfigurationManager, init=-1: peers:[53290e67-17c3-4c90-996e-c8ad22d82667|rpc:10.1.1.103:38457|dataStream:10.1.1.103:39377|priority:1|startupRole:FOLLOWER, ca7e3987-4d62-4f50-9818-34d949b95429|rpc:10.1.1.103:44861|dataStream:10.1.1.103:43889|priority:0|startupRole:FOLLOWER, 5cd6f085-199f-4d86-8efd-dd16eb4c4197|rpc:10.1.1.103:38983|dataStream:10.1.1.103:38531|priority:0|startupRole:FOLLOWER]|listeners:[], old=null, confs=<EMPTY_MAP>
2023-01-16 14:43:02,824 [pool-633-thread-1] INFO  server.RaftServerConfigKeys (ConfUtils.java:logGet(46)) - raft.server.storage.dir = [/home/runner/work/ozone/ozone/hadoop-ozone/integration-test/target/test-dir/MiniOzoneClusterImpl-3631b34d-cc81-4479-8217-32b495b3d7e3/datanode-4/data/ratis] (custom)
2023-01-16 14:43:02,824 [pool-633-thread-1] INFO  server.RaftServerConfigKeys (ConfUtils.java:logGet(46)) - raft.server.log.corruption.policy = EXCEPTION (default)
2023-01-16 14:43:02,824 [pool-633-thread-1] INFO  server.RaftServerConfigKeys (ConfUtils.java:logGet(46)) - raft.server.storage.free-space.min = 0MB (=0) (default)
2023-01-16 14:43:02,824 [pool-633-thread-1] INFO  server.RaftServerConfigKeys (ConfUtils.java:logGet(46)) - raft.server.notification.no-leader.timeout = 300s (custom)
2023-01-16 14:43:02,824 [pool-633-thread-1] INFO  server.RaftServerConfigKeys (ConfUtils.java:logGet(46)) - raft.server.retrycache.expirytime = 600000ms (custom)
2023-01-16 14:43:02,824 [pool-633-thread-1] INFO  server.RaftServerConfigKeys (ConfUtils.java:logGet(46)) - raft.server.retrycache.statistics.expirytime = 100μs (default)
2023-01-16 14:43:02,825 [pool-633-thread-1] INFO  server.RaftServerConfigKeys (ConfUtils.java:logGet(46)) - raft.server.log.appender.install.snapshot.enabled = false (custom)
2023-01-16 14:43:02,825 [pool-633-thread-1] INFO  server.RaftServerConfigKeys (ConfUtils.java:logGet(46)) - raft.server.threadpool.server.cached = true (default)
2023-01-16 14:43:02,825 [pool-633-thread-1] INFO  server.RaftServerConfigKeys (ConfUtils.java:logGet(46)) - raft.server.threadpool.server.size = 0 (default)
2023-01-16 14:43:02,825 [pool-633-thread-1] INFO  server.RaftServerConfigKeys (ConfUtils.java:logGet(46)) - raft.server.threadpool.client.cached = true (default)
2023-01-16 14:43:02,825 [pool-633-thread-1] INFO  server.RaftServerConfigKeys (ConfUtils.java:logGet(46)) - raft.server.threadpool.client.size = 0 (default)
2023-01-16 14:43:02,825 [pool-633-thread-1] INFO  storage.RaftStorageDirectory (RaftStorageDirectoryImpl.java:analyzeStorage(137)) - The storage directory /home/runner/work/ozone/ozone/hadoop-ozone/integration-test/target/test-dir/MiniOzoneClusterImpl-3631b34d-cc81-4479-8217-32b495b3d7e3/datanode-4/data/ratis/77fdc72e-c411-4c47-aa6e-014bd055f285 does not exist. Creating ...
2023-01-16 14:43:02,826 [pool-633-thread-1] INFO  storage.RaftStorageDirectory (RaftStorageDirectoryImpl.java:tryLock(231)) - Lock on /home/runner/work/ozone/ozone/hadoop-ozone/integration-test/target/test-dir/MiniOzoneClusterImpl-3631b34d-cc81-4479-8217-32b495b3d7e3/datanode-4/data/ratis/77fdc72e-c411-4c47-aa6e-014bd055f285/in_use.lock acquired by nodename 12075@fv-az203-757
2023-01-16 14:43:02,827 [pool-633-thread-1] INFO  storage.RaftStorage (RaftStorageImpl.java:format(96)) - Storage directory /home/runner/work/ozone/ozone/hadoop-ozone/integration-test/target/test-dir/MiniOzoneClusterImpl-3631b34d-cc81-4479-8217-32b495b3d7e3/datanode-4/data/ratis/77fdc72e-c411-4c47-aa6e-014bd055f285 has been successfully formatted.
2023-01-16 14:43:02,829 [pool-633-thread-1] INFO  ratis.ContainerStateMachine (ContainerStateMachine.java:loadSnapshot(240)) - group-014BD055F285: The snapshot info is null. Setting the last applied indexto:(t:0, i:~)
2023-01-16 14:43:02,829 [pool-633-thread-1] INFO  server.RaftServerConfigKeys (ConfUtils.java:logGet(46)) - raft.server.log.use.memory = false (default)
2023-01-16 14:43:02,829 [pool-633-thread-1] INFO  server.RaftServerConfigKeys (ConfUtils.java:logGet(46)) - raft.server.log.purge.gap = 1000000 (custom)
2023-01-16 14:43:02,829 [pool-633-thread-1] INFO  server.RaftServerConfigKeys (ConfUtils.java:logGet(46)) - raft.server.log.appender.buffer.byte-limit = 33554432 (custom)
2023-01-16 14:43:02,829 [pool-633-thread-1] INFO  server.RaftServerConfigKeys (ConfUtils.java:logGet(46)) - raft.server.log.statemachine.data.read.timeout = 1000ms (default)
2023-01-16 14:43:02,829 [pool-633-thread-1] INFO  server.RaftServerConfigKeys (ConfUtils.java:logGet(46)) - raft.server.log.purge.preservation.log.num = 0 (default)
2023-01-16 14:43:02,829 [pool-633-thread-1] INFO  server.RaftServerConfigKeys (ConfUtils.java:logGet(46)) - raft.server.log.segment.size.max = 1048576 (custom)
2023-01-16 14:43:02,829 [pool-633-thread-1] INFO  server.RaftServerConfigKeys (ConfUtils.java:logGet(46)) - raft.server.log.segment.cache.num.max = 2 (custom)
2023-01-16 14:43:02,829 [pool-633-thread-1] INFO  server.RaftServerConfigKeys (ConfUtils.java:logGet(46)) - raft.server.log.segment.cache.size.max = 200MB (=209715200) (default)
2023-01-16 14:43:02,829 [pool-633-thread-1] INFO  segmented.SegmentedRaftLogWorker (SegmentedRaftLogWorker.java:<init>(189)) - new 53290e67-17c3-4c90-996e-c8ad22d82667@group-014BD055F285-SegmentedRaftLogWorker for RaftStorageImpl:Storage Directory /home/runner/work/ozone/ozone/hadoop-ozone/integration-test/target/test-dir/MiniOzoneClusterImpl-3631b34d-cc81-4479-8217-32b495b3d7e3/datanode-4/data/ratis/77fdc72e-c411-4c47-aa6e-014bd055f285
2023-01-16 14:43:02,829 [pool-633-thread-1] INFO  server.RaftServerConfigKeys (ConfUtils.java:logGet(46)) - raft.server.log.queue.byte-limit = 4294967296 (custom)
2023-01-16 14:43:02,830 [pool-633-thread-1] INFO  server.RaftServerConfigKeys (ConfUtils.java:logGet(46)) - raft.server.log.queue.element-limit = 1024 (custom)
2023-01-16 14:43:02,830 [pool-633-thread-1] INFO  server.RaftServerConfigKeys (ConfUtils.java:logGet(46)) - raft.server.log.segment.size.max = 1048576 (custom)
2023-01-16 14:43:02,830 [pool-633-thread-1] INFO  server.RaftServerConfigKeys (ConfUtils.java:logGet(46)) - raft.server.log.preallocated.size = 16384 (custom)
2023-01-16 14:43:02,830 [pool-633-thread-1] INFO  server.RaftServerConfigKeys (ConfUtils.java:logGet(46)) - raft.server.log.force.sync.num = 128 (default)
2023-01-16 14:43:02,830 [pool-633-thread-1] INFO  server.RaftServerConfigKeys (ConfUtils.java:logGet(46)) - raft.server.log.statemachine.data.sync = true (default)
2023-01-16 14:43:02,830 [pool-633-thread-1] INFO  server.RaftServerConfigKeys (ConfUtils.java:logGet(46)) - raft.server.log.statemachine.data.sync.timeout = 10s (default)
2023-01-16 14:43:02,830 [pool-633-thread-1] INFO  server.RaftServerConfigKeys (ConfUtils.java:logGet(46)) - raft.server.log.statemachine.data.sync.timeout.retry = -1 (default)
2023-01-16 14:43:02,830 [pool-633-thread-1] INFO  server.RaftServerConfigKeys (ConfUtils.java:logGet(46)) - raft.server.log.write.buffer.size = 1048576 (custom)
2023-01-16 14:43:02,830 [pool-633-thread-1] INFO  server.RaftServerConfigKeys (ConfUtils.java:logGet(46)) - raft.server.log.appender.buffer.byte-limit = 33554432 (custom)
2023-01-16 14:43:02,835 [pool-633-thread-1] INFO  server.RaftServerConfigKeys (ConfUtils.java:logGet(46)) - raft.server.log.unsafe-flush.enabled = false (default)
2023-01-16 14:43:02,835 [pool-633-thread-1] INFO  server.RaftServerConfigKeys (ConfUtils.java:logGet(46)) - raft.server.log.async-flush.enabled = false (default)
2023-01-16 14:43:02,835 [pool-633-thread-1] INFO  server.RaftServerConfigKeys (ConfUtils.java:logGet(46)) - raft.server.log.statemachine.data.caching.enabled = true (custom)
2023-01-16 14:43:02,836 [pool-633-thread-1] INFO  segmented.SegmentedRaftLogWorker (SegmentedRaftLogWorker.java:lambda$new$0(135)) - 53290e67-17c3-4c90-996e-c8ad22d82667@group-014BD055F285-SegmentedRaftLogWorker: flushIndex: setUnconditionally 0 -> -1
2023-01-16 14:43:02,836 [pool-633-thread-1] INFO  segmented.SegmentedRaftLogWorker (SegmentedRaftLogWorker.java:lambda$new$0(135)) - 53290e67-17c3-4c90-996e-c8ad22d82667@group-014BD055F285-SegmentedRaftLogWorker: safeCacheEvictIndex: setUnconditionally 0 -> -1
2023-01-16 14:43:02,836 [pool-633-thread-1] INFO  server.RaftServer$Division (RaftServerImpl.java:start(334)) - 53290e67-17c3-4c90-996e-c8ad22d82667@group-014BD055F285: start as a follower, conf=-1: peers:[53290e67-17c3-4c90-996e-c8ad22d82667|rpc:10.1.1.103:38457|dataStream:10.1.1.103:39377|priority:1|startupRole:FOLLOWER, ca7e3987-4d62-4f50-9818-34d949b95429|rpc:10.1.1.103:44861|dataStream:10.1.1.103:43889|priority:0|startupRole:FOLLOWER, 5cd6f085-199f-4d86-8efd-dd16eb4c4197|rpc:10.1.1.103:38983|dataStream:10.1.1.103:38531|priority:0|startupRole:FOLLOWER]|listeners:[], old=null
2023-01-16 14:43:02,836 [pool-633-thread-1] INFO  server.RaftServer$Division (RaftServerImpl.java:setRole(321)) - 53290e67-17c3-4c90-996e-c8ad22d82667@group-014BD055F285: changes role from      null to FOLLOWER at term 0 for startAsFollower
2023-01-16 14:43:02,836 [pool-633-thread-1] INFO  impl.RoleInfo (RoleInfo.java:updateAndGet(139)) - 53290e67-17c3-4c90-996e-c8ad22d82667: start 53290e67-17c3-4c90-996e-c8ad22d82667@group-014BD055F285-FollowerState
2023-01-16 14:43:02,836 [pool-633-thread-1] INFO  util.JmxRegister (JmxRegister.java:tryRegister(44)) - Successfully registered JMX Bean with object name Ratis:service=RaftServer,group=group-014BD055F285,id=53290e67-17c3-4c90-996e-c8ad22d82667
2023-01-16 14:43:02,836 [53290e67-17c3-4c90-996e-c8ad22d82667@group-014BD055F285-FollowerState] INFO  server.RaftServerConfigKeys (ConfUtils.java:logFallback(53)) - raft.server.rpc.first-election.timeout.min = 5s (fallback to raft.server.rpc.timeout.min)
2023-01-16 14:43:02,836 [pool-633-thread-1] INFO  server.RaftServerConfigKeys (ConfUtils.java:logGet(46)) - raft.server.snapshot.auto.trigger.enabled = true (custom)
2023-01-16 14:43:02,836 [53290e67-17c3-4c90-996e-c8ad22d82667@group-014BD055F285-FollowerState] INFO  server.RaftServerConfigKeys (ConfUtils.java:logFallback(53)) - raft.server.rpc.first-election.timeout.max = 5200ms (fallback to raft.server.rpc.timeout.max)
2023-01-16 14:43:02,836 [pool-633-thread-1] INFO  server.RaftServerConfigKeys (ConfUtils.java:logGet(46)) - raft.server.snapshot.auto.trigger.threshold = 10000 (custom)
2023-01-16 14:43:02,837 [pool-633-thread-1] INFO  server.RaftServerConfigKeys (ConfUtils.java:logGet(46)) - raft.server.snapshot.retention.file.num = 5 (custom)
2023-01-16 14:43:02,837 [pool-633-thread-1] INFO  server.RaftServerConfigKeys (ConfUtils.java:logGet(46)) - raft.server.log.purge.upto.snapshot.index = false (default)
2023-01-16 14:43:02,840 [Command processor thread] INFO  commandhandler.CreatePipelineCommandHandler (CreatePipelineCommandHandler.java:handle(113)) - Created Pipeline RATIS THREE PipelineID=77fdc72e-c411-4c47-aa6e-014bd055f285.
2023-01-16 14:43:02,841 [Command processor thread] INFO  server.RaftServer (RaftServerProxy.java:addNew(96)) - 5cd6f085-199f-4d86-8efd-dd16eb4c4197: addNew group-AD856BD91D88:[53290e67-17c3-4c90-996e-c8ad22d82667|rpc:10.1.1.103:38457|dataStream:10.1.1.103:39377|priority:0|startupRole:FOLLOWER, ca7e3987-4d62-4f50-9818-34d949b95429|rpc:10.1.1.103:44861|dataStream:10.1.1.103:43889|priority:0|startupRole:FOLLOWER, 5cd6f085-199f-4d86-8efd-dd16eb4c4197|rpc:10.1.1.103:38983|dataStream:10.1.1.103:38531|priority:1|startupRole:FOLLOWER] returns group-AD856BD91D88:java.util.concurrent.CompletableFuture@421106b7[Not completed]
2023-01-16 14:43:02,842 [pool-610-thread-1] INFO  server.RaftServer$Division (RaftServerImpl.java:<init>(195)) - 5cd6f085-199f-4d86-8efd-dd16eb4c4197: new RaftServerImpl for group-AD856BD91D88:[53290e67-17c3-4c90-996e-c8ad22d82667|rpc:10.1.1.103:38457|dataStream:10.1.1.103:39377|priority:0|startupRole:FOLLOWER, ca7e3987-4d62-4f50-9818-34d949b95429|rpc:10.1.1.103:44861|dataStream:10.1.1.103:43889|priority:0|startupRole:FOLLOWER, 5cd6f085-199f-4d86-8efd-dd16eb4c4197|rpc:10.1.1.103:38983|dataStream:10.1.1.103:38531|priority:1|startupRole:FOLLOWER] with ContainerStateMachine:uninitialized
2023-01-16 14:43:02,842 [pool-610-thread-1] INFO  server.RaftServerConfigKeys (ConfUtils.java:logGet(46)) - raft.server.rpc.timeout.min = 5s (custom)
2023-01-16 14:43:02,842 [pool-610-thread-1] INFO  server.RaftServerConfigKeys (ConfUtils.java:logGet(46)) - raft.server.rpc.timeout.max = 5200ms (custom)
2023-01-16 14:43:02,842 [pool-610-thread-1] INFO  server.RaftServerConfigKeys (ConfUtils.java:logGet(46)) - raft.server.rpc.sleep.time = 25ms (default)
2023-01-16 14:43:02,842 [pool-610-thread-1] INFO  server.RaftServerConfigKeys (ConfUtils.java:logGet(46)) - raft.server.rpc.slowness.timeout = 300s (custom)
2023-01-16 14:43:02,842 [pool-610-thread-1] INFO  server.RaftServerConfigKeys (ConfUtils.java:logGet(46)) - raft.server.leaderelection.leader.step-down.wait-time = 10s (default)
2023-01-16 14:43:02,842 [pool-610-thread-1] INFO  server.RaftServerConfigKeys (ConfUtils.java:logGet(46)) - raft.server.sleep.deviation.threshold = 300ms (default)
2023-01-16 14:43:02,842 [pool-610-thread-1] INFO  server.RaftServer$Division (ServerState.java:<init>(118)) - 5cd6f085-199f-4d86-8efd-dd16eb4c4197@group-AD856BD91D88: ConfigurationManager, init=-1: peers:[53290e67-17c3-4c90-996e-c8ad22d82667|rpc:10.1.1.103:38457|dataStream:10.1.1.103:39377|priority:0|startupRole:FOLLOWER, ca7e3987-4d62-4f50-9818-34d949b95429|rpc:10.1.1.103:44861|dataStream:10.1.1.103:43889|priority:0|startupRole:FOLLOWER, 5cd6f085-199f-4d86-8efd-dd16eb4c4197|rpc:10.1.1.103:38983|dataStream:10.1.1.103:38531|priority:1|startupRole:FOLLOWER]|listeners:[], old=null, confs=<EMPTY_MAP>
2023-01-16 14:43:02,842 [pool-610-thread-1] INFO  server.RaftServerConfigKeys (ConfUtils.java:logGet(46)) - raft.server.storage.dir = [/home/runner/work/ozone/ozone/hadoop-ozone/integration-test/target/test-dir/MiniOzoneClusterImpl-3631b34d-cc81-4479-8217-32b495b3d7e3/datanode-3/data/ratis] (custom)
2023-01-16 14:43:02,842 [pool-610-thread-1] INFO  server.RaftServerConfigKeys (ConfUtils.java:logGet(46)) - raft.server.log.corruption.policy = EXCEPTION (default)
2023-01-16 14:43:02,842 [pool-610-thread-1] INFO  server.RaftServerConfigKeys (ConfUtils.java:logGet(46)) - raft.server.storage.free-space.min = 0MB (=0) (default)
2023-01-16 14:43:02,842 [pool-610-thread-1] INFO  server.RaftServerConfigKeys (ConfUtils.java:logGet(46)) - raft.server.notification.no-leader.timeout = 300s (custom)
2023-01-16 14:43:02,842 [pool-610-thread-1] INFO  server.RaftServerConfigKeys (ConfUtils.java:logGet(46)) - raft.server.retrycache.expirytime = 600000ms (custom)
2023-01-16 14:43:02,842 [pool-610-thread-1] INFO  server.RaftServerConfigKeys (ConfUtils.java:logGet(46)) - raft.server.retrycache.statistics.expirytime = 100μs (default)
2023-01-16 14:43:02,843 [pool-610-thread-1] INFO  server.RaftServerConfigKeys (ConfUtils.java:logGet(46)) - raft.server.log.appender.install.snapshot.enabled = false (custom)
2023-01-16 14:43:02,843 [pool-610-thread-1] INFO  server.RaftServerConfigKeys (ConfUtils.java:logGet(46)) - raft.server.threadpool.server.cached = true (default)
2023-01-16 14:43:02,843 [pool-610-thread-1] INFO  server.RaftServerConfigKeys (ConfUtils.java:logGet(46)) - raft.server.threadpool.server.size = 0 (default)
2023-01-16 14:43:02,843 [pool-610-thread-1] INFO  server.RaftServerConfigKeys (ConfUtils.java:logGet(46)) - raft.server.threadpool.client.cached = true (default)
2023-01-16 14:43:02,843 [pool-610-thread-1] INFO  server.RaftServerConfigKeys (ConfUtils.java:logGet(46)) - raft.server.threadpool.client.size = 0 (default)
2023-01-16 14:43:02,843 [pool-610-thread-1] INFO  storage.RaftStorageDirectory (RaftStorageDirectoryImpl.java:analyzeStorage(137)) - The storage directory /home/runner/work/ozone/ozone/hadoop-ozone/integration-test/target/test-dir/MiniOzoneClusterImpl-3631b34d-cc81-4479-8217-32b495b3d7e3/datanode-3/data/ratis/9c529fa9-7a50-48f6-b7e9-ad856bd91d88 does not exist. Creating ...
2023-01-16 14:43:02,844 [pool-610-thread-1] INFO  storage.RaftStorageDirectory (RaftStorageDirectoryImpl.java:tryLock(231)) - Lock on /home/runner/work/ozone/ozone/hadoop-ozone/integration-test/target/test-dir/MiniOzoneClusterImpl-3631b34d-cc81-4479-8217-32b495b3d7e3/datanode-3/data/ratis/9c529fa9-7a50-48f6-b7e9-ad856bd91d88/in_use.lock acquired by nodename 12075@fv-az203-757
2023-01-16 14:43:02,846 [pool-610-thread-1] INFO  storage.RaftStorage (RaftStorageImpl.java:format(96)) - Storage directory /home/runner/work/ozone/ozone/hadoop-ozone/integration-test/target/test-dir/MiniOzoneClusterImpl-3631b34d-cc81-4479-8217-32b495b3d7e3/datanode-3/data/ratis/9c529fa9-7a50-48f6-b7e9-ad856bd91d88 has been successfully formatted.
2023-01-16 14:43:02,846 [pool-610-thread-1] INFO  ratis.ContainerStateMachine (ContainerStateMachine.java:loadSnapshot(240)) - group-AD856BD91D88: The snapshot info is null. Setting the last applied indexto:(t:0, i:~)
2023-01-16 14:43:02,846 [pool-610-thread-1] INFO  server.RaftServerConfigKeys (ConfUtils.java:logGet(46)) - raft.server.log.use.memory = false (default)
2023-01-16 14:43:02,846 [pool-610-thread-1] INFO  server.RaftServerConfigKeys (ConfUtils.java:logGet(46)) - raft.server.log.purge.gap = 1000000 (custom)
2023-01-16 14:43:02,846 [pool-610-thread-1] INFO  server.RaftServerConfigKeys (ConfUtils.java:logGet(46)) - raft.server.log.appender.buffer.byte-limit = 33554432 (custom)
2023-01-16 14:43:02,846 [pool-610-thread-1] INFO  server.RaftServerConfigKeys (ConfUtils.java:logGet(46)) - raft.server.log.statemachine.data.read.timeout = 1000ms (default)
2023-01-16 14:43:02,846 [pool-610-thread-1] INFO  server.RaftServerConfigKeys (ConfUtils.java:logGet(46)) - raft.server.log.purge.preservation.log.num = 0 (default)
2023-01-16 14:43:02,846 [pool-610-thread-1] INFO  server.RaftServerConfigKeys (ConfUtils.java:logGet(46)) - raft.server.log.segment.size.max = 1048576 (custom)
2023-01-16 14:43:02,847 [pool-610-thread-1] INFO  server.RaftServerConfigKeys (ConfUtils.java:logGet(46)) - raft.server.log.segment.cache.num.max = 2 (custom)
2023-01-16 14:43:02,847 [pool-610-thread-1] INFO  server.RaftServerConfigKeys (ConfUtils.java:logGet(46)) - raft.server.log.segment.cache.size.max = 200MB (=209715200) (default)
2023-01-16 14:43:02,847 [pool-610-thread-1] INFO  segmented.SegmentedRaftLogWorker (SegmentedRaftLogWorker.java:<init>(189)) - new 5cd6f085-199f-4d86-8efd-dd16eb4c4197@group-AD856BD91D88-SegmentedRaftLogWorker for RaftStorageImpl:Storage Directory /home/runner/work/ozone/ozone/hadoop-ozone/integration-test/target/test-dir/MiniOzoneClusterImpl-3631b34d-cc81-4479-8217-32b495b3d7e3/datanode-3/data/ratis/9c529fa9-7a50-48f6-b7e9-ad856bd91d88
2023-01-16 14:43:02,848 [pool-610-thread-1] INFO  server.RaftServerConfigKeys (ConfUtils.java:logGet(46)) - raft.server.log.queue.byte-limit = 4294967296 (custom)
2023-01-16 14:43:02,848 [pool-610-thread-1] INFO  server.RaftServerConfigKeys (ConfUtils.java:logGet(46)) - raft.server.log.queue.element-limit = 1024 (custom)
2023-01-16 14:43:02,848 [pool-610-thread-1] INFO  server.RaftServerConfigKeys (ConfUtils.java:logGet(46)) - raft.server.log.segment.size.max = 1048576 (custom)
2023-01-16 14:43:02,848 [pool-610-thread-1] INFO  server.RaftServerConfigKeys (ConfUtils.java:logGet(46)) - raft.server.log.preallocated.size = 16384 (custom)
2023-01-16 14:43:02,848 [pool-610-thread-1] INFO  server.RaftServerConfigKeys (ConfUtils.java:logGet(46)) - raft.server.log.force.sync.num = 128 (default)
2023-01-16 14:43:02,848 [pool-610-thread-1] INFO  server.RaftServerConfigKeys (ConfUtils.java:logGet(46)) - raft.server.log.statemachine.data.sync = true (default)
2023-01-16 14:43:02,848 [pool-610-thread-1] INFO  server.RaftServerConfigKeys (ConfUtils.java:logGet(46)) - raft.server.log.statemachine.data.sync.timeout = 10s (default)
2023-01-16 14:43:02,848 [pool-610-thread-1] INFO  server.RaftServerConfigKeys (ConfUtils.java:logGet(46)) - raft.server.log.statemachine.data.sync.timeout.retry = -1 (default)
2023-01-16 14:43:02,848 [pool-610-thread-1] INFO  server.RaftServerConfigKeys (ConfUtils.java:logGet(46)) - raft.server.log.write.buffer.size = 1048576 (custom)
2023-01-16 14:43:02,849 [pool-610-thread-1] INFO  server.RaftServerConfigKeys (ConfUtils.java:logGet(46)) - raft.server.log.appender.buffer.byte-limit = 33554432 (custom)
2023-01-16 14:43:02,855 [pool-610-thread-1] INFO  server.RaftServerConfigKeys (ConfUtils.java:logGet(46)) - raft.server.log.unsafe-flush.enabled = false (default)
2023-01-16 14:43:02,855 [pool-610-thread-1] INFO  server.RaftServerConfigKeys (ConfUtils.java:logGet(46)) - raft.server.log.async-flush.enabled = false (default)
2023-01-16 14:43:02,855 [pool-610-thread-1] INFO  server.RaftServerConfigKeys (ConfUtils.java:logGet(46)) - raft.server.log.statemachine.data.caching.enabled = true (custom)
2023-01-16 14:43:02,855 [pool-610-thread-1] INFO  segmented.SegmentedRaftLogWorker (SegmentedRaftLogWorker.java:lambda$new$0(135)) - 5cd6f085-199f-4d86-8efd-dd16eb4c4197@group-AD856BD91D88-SegmentedRaftLogWorker: flushIndex: setUnconditionally 0 -> -1
2023-01-16 14:43:02,855 [pool-610-thread-1] INFO  segmented.SegmentedRaftLogWorker (SegmentedRaftLogWorker.java:lambda$new$0(135)) - 5cd6f085-199f-4d86-8efd-dd16eb4c4197@group-AD856BD91D88-SegmentedRaftLogWorker: safeCacheEvictIndex: setUnconditionally 0 -> -1
2023-01-16 14:43:02,855 [pool-610-thread-1] INFO  server.RaftServer$Division (RaftServerImpl.java:start(334)) - 5cd6f085-199f-4d86-8efd-dd16eb4c4197@group-AD856BD91D88: start as a follower, conf=-1: peers:[53290e67-17c3-4c90-996e-c8ad22d82667|rpc:10.1.1.103:38457|dataStream:10.1.1.103:39377|priority:0|startupRole:FOLLOWER, ca7e3987-4d62-4f50-9818-34d949b95429|rpc:10.1.1.103:44861|dataStream:10.1.1.103:43889|priority:0|startupRole:FOLLOWER, 5cd6f085-199f-4d86-8efd-dd16eb4c4197|rpc:10.1.1.103:38983|dataStream:10.1.1.103:38531|priority:1|startupRole:FOLLOWER]|listeners:[], old=null
2023-01-16 14:43:02,855 [pool-610-thread-1] INFO  server.RaftServer$Division (RaftServerImpl.java:setRole(321)) - 5cd6f085-199f-4d86-8efd-dd16eb4c4197@group-AD856BD91D88: changes role from      null to FOLLOWER at term 0 for startAsFollower
2023-01-16 14:43:02,855 [pool-610-thread-1] INFO  impl.RoleInfo (RoleInfo.java:updateAndGet(139)) - 5cd6f085-199f-4d86-8efd-dd16eb4c4197: start 5cd6f085-199f-4d86-8efd-dd16eb4c4197@group-AD856BD91D88-FollowerState
2023-01-16 14:43:02,856 [pool-610-thread-1] INFO  util.JmxRegister (JmxRegister.java:tryRegister(44)) - Successfully registered JMX Bean with object name Ratis:service=RaftServer,group=group-AD856BD91D88,id=5cd6f085-199f-4d86-8efd-dd16eb4c4197
2023-01-16 14:43:02,856 [5cd6f085-199f-4d86-8efd-dd16eb4c4197@group-AD856BD91D88-FollowerState] INFO  server.RaftServerConfigKeys (ConfUtils.java:logFallback(53)) - raft.server.rpc.first-election.timeout.min = 5s (fallback to raft.server.rpc.timeout.min)
2023-01-16 14:43:02,856 [pool-610-thread-1] INFO  server.RaftServerConfigKeys (ConfUtils.java:logGet(46)) - raft.server.snapshot.auto.trigger.enabled = true (custom)
2023-01-16 14:43:02,856 [5cd6f085-199f-4d86-8efd-dd16eb4c4197@group-AD856BD91D88-FollowerState] INFO  server.RaftServerConfigKeys (ConfUtils.java:logFallback(53)) - raft.server.rpc.first-election.timeout.max = 5200ms (fallback to raft.server.rpc.timeout.max)
2023-01-16 14:43:02,856 [pool-610-thread-1] INFO  server.RaftServerConfigKeys (ConfUtils.java:logGet(46)) - raft.server.snapshot.auto.trigger.threshold = 10000 (custom)
2023-01-16 14:43:02,856 [pool-610-thread-1] INFO  server.RaftServerConfigKeys (ConfUtils.java:logGet(46)) - raft.server.snapshot.retention.file.num = 5 (custom)
2023-01-16 14:43:02,856 [pool-610-thread-1] INFO  server.RaftServerConfigKeys (ConfUtils.java:logGet(46)) - raft.server.log.purge.upto.snapshot.index = false (default)
2023-01-16 14:43:02,857 [Command processor thread] INFO  ratis.XceiverServerRatis (XceiverServerRatis.java:addGroup(806)) - Created group PipelineID=9c529fa9-7a50-48f6-b7e9-ad856bd91d88
2023-01-16 14:43:02,864 [grpc-default-executor-1] INFO  server.RaftServer (RaftServerProxy.java:addNew(96)) - 53290e67-17c3-4c90-996e-c8ad22d82667: addNew group-AD856BD91D88:[53290e67-17c3-4c90-996e-c8ad22d82667|rpc:10.1.1.103:38457|dataStream:10.1.1.103:39377|priority:0|startupRole:FOLLOWER, ca7e3987-4d62-4f50-9818-34d949b95429|rpc:10.1.1.103:44861|dataStream:10.1.1.103:43889|priority:0|startupRole:FOLLOWER, 5cd6f085-199f-4d86-8efd-dd16eb4c4197|rpc:10.1.1.103:38983|dataStream:10.1.1.103:38531|priority:1|startupRole:FOLLOWER] returns group-AD856BD91D88:java.util.concurrent.CompletableFuture@45536f41[Not completed]
2023-01-16 14:43:02,864 [pool-633-thread-1] INFO  server.RaftServer$Division (RaftServerImpl.java:<init>(195)) - 53290e67-17c3-4c90-996e-c8ad22d82667: new RaftServerImpl for group-AD856BD91D88:[53290e67-17c3-4c90-996e-c8ad22d82667|rpc:10.1.1.103:38457|dataStream:10.1.1.103:39377|priority:0|startupRole:FOLLOWER, ca7e3987-4d62-4f50-9818-34d949b95429|rpc:10.1.1.103:44861|dataStream:10.1.1.103:43889|priority:0|startupRole:FOLLOWER, 5cd6f085-199f-4d86-8efd-dd16eb4c4197|rpc:10.1.1.103:38983|dataStream:10.1.1.103:38531|priority:1|startupRole:FOLLOWER] with ContainerStateMachine:uninitialized
2023-01-16 14:43:02,864 [pool-633-thread-1] INFO  server.RaftServerConfigKeys (ConfUtils.java:logGet(46)) - raft.server.rpc.timeout.min = 5s (custom)
2023-01-16 14:43:02,865 [pool-633-thread-1] INFO  server.RaftServerConfigKeys (ConfUtils.java:logGet(46)) - raft.server.rpc.timeout.max = 5200ms (custom)
2023-01-16 14:43:02,865 [pool-633-thread-1] INFO  server.RaftServerConfigKeys (ConfUtils.java:logGet(46)) - raft.server.rpc.sleep.time = 25ms (default)
2023-01-16 14:43:02,865 [pool-633-thread-1] INFO  server.RaftServerConfigKeys (ConfUtils.java:logGet(46)) - raft.server.rpc.slowness.timeout = 300s (custom)
2023-01-16 14:43:02,865 [pool-633-thread-1] INFO  server.RaftServerConfigKeys (ConfUtils.java:logGet(46)) - raft.server.leaderelection.leader.step-down.wait-time = 10s (default)
2023-01-16 14:43:02,865 [pool-633-thread-1] INFO  server.RaftServerConfigKeys (ConfUtils.java:logGet(46)) - raft.server.sleep.deviation.threshold = 300ms (default)
2023-01-16 14:43:02,865 [pool-633-thread-1] INFO  server.RaftServer$Division (ServerState.java:<init>(118)) - 53290e67-17c3-4c90-996e-c8ad22d82667@group-AD856BD91D88: ConfigurationManager, init=-1: peers:[53290e67-17c3-4c90-996e-c8ad22d82667|rpc:10.1.1.103:38457|dataStream:10.1.1.103:39377|priority:0|startupRole:FOLLOWER, ca7e3987-4d62-4f50-9818-34d949b95429|rpc:10.1.1.103:44861|dataStream:10.1.1.103:43889|priority:0|startupRole:FOLLOWER, 5cd6f085-199f-4d86-8efd-dd16eb4c4197|rpc:10.1.1.103:38983|dataStream:10.1.1.103:38531|priority:1|startupRole:FOLLOWER]|listeners:[], old=null, confs=<EMPTY_MAP>
2023-01-16 14:43:02,865 [pool-633-thread-1] INFO  server.RaftServerConfigKeys (ConfUtils.java:logGet(46)) - raft.server.storage.dir = [/home/runner/work/ozone/ozone/hadoop-ozone/integration-test/target/test-dir/MiniOzoneClusterImpl-3631b34d-cc81-4479-8217-32b495b3d7e3/datanode-4/data/ratis] (custom)
2023-01-16 14:43:02,865 [pool-633-thread-1] INFO  server.RaftServerConfigKeys (ConfUtils.java:logGet(46)) - raft.server.log.corruption.policy = EXCEPTION (default)
2023-01-16 14:43:02,865 [pool-633-thread-1] INFO  server.RaftServerConfigKeys (ConfUtils.java:logGet(46)) - raft.server.storage.free-space.min = 0MB (=0) (default)
2023-01-16 14:43:02,865 [pool-633-thread-1] INFO  server.RaftServerConfigKeys (ConfUtils.java:logGet(46)) - raft.server.notification.no-leader.timeout = 300s (custom)
2023-01-16 14:43:02,865 [pool-633-thread-1] INFO  server.RaftServerConfigKeys (ConfUtils.java:logGet(46)) - raft.server.retrycache.expirytime = 600000ms (custom)
2023-01-16 14:43:02,865 [pool-633-thread-1] INFO  server.RaftServerConfigKeys (ConfUtils.java:logGet(46)) - raft.server.retrycache.statistics.expirytime = 100μs (default)
2023-01-16 14:43:02,866 [pool-633-thread-1] INFO  server.RaftServerConfigKeys (ConfUtils.java:logGet(46)) - raft.server.log.appender.install.snapshot.enabled = false (custom)
2023-01-16 14:43:02,866 [pool-633-thread-1] INFO  server.RaftServerConfigKeys (ConfUtils.java:logGet(46)) - raft.server.threadpool.server.cached = true (default)
2023-01-16 14:43:02,866 [pool-633-thread-1] INFO  server.RaftServerConfigKeys (ConfUtils.java:logGet(46)) - raft.server.threadpool.server.size = 0 (default)
2023-01-16 14:43:02,866 [pool-633-thread-1] INFO  server.RaftServerConfigKeys (ConfUtils.java:logGet(46)) - raft.server.threadpool.client.cached = true (default)
2023-01-16 14:43:02,866 [pool-633-thread-1] INFO  server.RaftServerConfigKeys (ConfUtils.java:logGet(46)) - raft.server.threadpool.client.size = 0 (default)
2023-01-16 14:43:02,866 [pool-633-thread-1] INFO  storage.RaftStorageDirectory (RaftStorageDirectoryImpl.java:analyzeStorage(137)) - The storage directory /home/runner/work/ozone/ozone/hadoop-ozone/integration-test/target/test-dir/MiniOzoneClusterImpl-3631b34d-cc81-4479-8217-32b495b3d7e3/datanode-4/data/ratis/9c529fa9-7a50-48f6-b7e9-ad856bd91d88 does not exist. Creating ...
2023-01-16 14:43:02,867 [pool-633-thread-1] INFO  storage.RaftStorageDirectory (RaftStorageDirectoryImpl.java:tryLock(231)) - Lock on /home/runner/work/ozone/ozone/hadoop-ozone/integration-test/target/test-dir/MiniOzoneClusterImpl-3631b34d-cc81-4479-8217-32b495b3d7e3/datanode-4/data/ratis/9c529fa9-7a50-48f6-b7e9-ad856bd91d88/in_use.lock acquired by nodename 12075@fv-az203-757
2023-01-16 14:43:02,868 [pool-633-thread-1] INFO  storage.RaftStorage (RaftStorageImpl.java:format(96)) - Storage directory /home/runner/work/ozone/ozone/hadoop-ozone/integration-test/target/test-dir/MiniOzoneClusterImpl-3631b34d-cc81-4479-8217-32b495b3d7e3/datanode-4/data/ratis/9c529fa9-7a50-48f6-b7e9-ad856bd91d88 has been successfully formatted.
2023-01-16 14:43:02,869 [pool-633-thread-1] INFO  ratis.ContainerStateMachine (ContainerStateMachine.java:loadSnapshot(240)) - group-AD856BD91D88: The snapshot info is null. Setting the last applied indexto:(t:0, i:~)
2023-01-16 14:43:02,869 [pool-633-thread-1] INFO  server.RaftServerConfigKeys (ConfUtils.java:logGet(46)) - raft.server.log.use.memory = false (default)
2023-01-16 14:43:02,869 [pool-633-thread-1] INFO  server.RaftServerConfigKeys (ConfUtils.java:logGet(46)) - raft.server.log.purge.gap = 1000000 (custom)
2023-01-16 14:43:02,869 [pool-633-thread-1] INFO  server.RaftServerConfigKeys (ConfUtils.java:logGet(46)) - raft.server.log.appender.buffer.byte-limit = 33554432 (custom)
2023-01-16 14:43:02,870 [pool-633-thread-1] INFO  server.RaftServerConfigKeys (ConfUtils.java:logGet(46)) - raft.server.log.statemachine.data.read.timeout = 1000ms (default)
2023-01-16 14:43:02,870 [pool-633-thread-1] INFO  server.RaftServerConfigKeys (ConfUtils.java:logGet(46)) - raft.server.log.purge.preservation.log.num = 0 (default)
2023-01-16 14:43:02,870 [pool-633-thread-1] INFO  server.RaftServerConfigKeys (ConfUtils.java:logGet(46)) - raft.server.log.segment.size.max = 1048576 (custom)
2023-01-16 14:43:02,870 [pool-633-thread-1] INFO  server.RaftServerConfigKeys (ConfUtils.java:logGet(46)) - raft.server.log.segment.cache.num.max = 2 (custom)
2023-01-16 14:43:02,870 [pool-633-thread-1] INFO  server.RaftServerConfigKeys (ConfUtils.java:logGet(46)) - raft.server.log.segment.cache.size.max = 200MB (=209715200) (default)
2023-01-16 14:43:02,870 [pool-633-thread-1] INFO  segmented.SegmentedRaftLogWorker (SegmentedRaftLogWorker.java:<init>(189)) - new 53290e67-17c3-4c90-996e-c8ad22d82667@group-AD856BD91D88-SegmentedRaftLogWorker for RaftStorageImpl:Storage Directory /home/runner/work/ozone/ozone/hadoop-ozone/integration-test/target/test-dir/MiniOzoneClusterImpl-3631b34d-cc81-4479-8217-32b495b3d7e3/datanode-4/data/ratis/9c529fa9-7a50-48f6-b7e9-ad856bd91d88
2023-01-16 14:43:02,870 [pool-633-thread-1] INFO  server.RaftServerConfigKeys (ConfUtils.java:logGet(46)) - raft.server.log.queue.byte-limit = 4294967296 (custom)
2023-01-16 14:43:02,870 [pool-633-thread-1] INFO  server.RaftServerConfigKeys (ConfUtils.java:logGet(46)) - raft.server.log.queue.element-limit = 1024 (custom)
2023-01-16 14:43:02,870 [pool-633-thread-1] INFO  server.RaftServerConfigKeys (ConfUtils.java:logGet(46)) - raft.server.log.segment.size.max = 1048576 (custom)
2023-01-16 14:43:02,870 [pool-633-thread-1] INFO  server.RaftServerConfigKeys (ConfUtils.java:logGet(46)) - raft.server.log.preallocated.size = 16384 (custom)
2023-01-16 14:43:02,870 [pool-633-thread-1] INFO  server.RaftServerConfigKeys (ConfUtils.java:logGet(46)) - raft.server.log.force.sync.num = 128 (default)
2023-01-16 14:43:02,870 [pool-633-thread-1] INFO  server.RaftServerConfigKeys (ConfUtils.java:logGet(46)) - raft.server.log.statemachine.data.sync = true (default)
2023-01-16 14:43:02,870 [pool-633-thread-1] INFO  server.RaftServerConfigKeys (ConfUtils.java:logGet(46)) - raft.server.log.statemachine.data.sync.timeout = 10s (default)
2023-01-16 14:43:02,870 [pool-633-thread-1] INFO  server.RaftServerConfigKeys (ConfUtils.java:logGet(46)) - raft.server.log.statemachine.data.sync.timeout.retry = -1 (default)
2023-01-16 14:43:02,871 [pool-633-thread-1] INFO  server.RaftServerConfigKeys (ConfUtils.java:logGet(46)) - raft.server.log.write.buffer.size = 1048576 (custom)
2023-01-16 14:43:02,871 [pool-633-thread-1] INFO  server.RaftServerConfigKeys (ConfUtils.java:logGet(46)) - raft.server.log.appender.buffer.byte-limit = 33554432 (custom)
2023-01-16 14:43:03,196 [JvmPauseMonitor14] WARN  util.JvmPauseMonitor (JvmPauseMonitor.java:detectPause(126)) - JvmPauseMonitor-b4158a24-f3b4-469a-87ed-87f7753bcb12: Detected pause in JVM or host machine (eg GC): pause of approximately 213195133ns.
GC pool 'PS MarkSweep' had collection(s): count=1 time=211ms
GC pool 'PS Scavenge' had collection(s): count=1 time=111ms
2023-01-16 14:43:03,196 [JvmPauseMonitor17] WARN  util.JvmPauseMonitor (JvmPauseMonitor.java:detectPause(126)) - JvmPauseMonitor-ca7e3987-4d62-4f50-9818-34d949b95429: Detected pause in JVM or host machine (eg GC): pause of approximately 274598534ns.
GC pool 'PS MarkSweep' had collection(s): count=1 time=211ms
GC pool 'PS Scavenge' had collection(s): count=1 time=111ms
2023-01-16 14:43:03,196 [JvmPauseMonitor11] WARN  util.JvmPauseMonitor (JvmPauseMonitor.java:detectPause(126)) - JvmPauseMonitor-om1: Detected pause in JVM or host machine (eg GC): pause of approximately 297250608ns.
GC pool 'PS MarkSweep' had collection(s): count=1 time=211ms
GC pool 'PS Scavenge' had collection(s): count=1 time=111ms
2023-01-16 14:43:03,203 [pool-633-thread-1] INFO  server.RaftServerConfigKeys (ConfUtils.java:logGet(46)) - raft.server.log.unsafe-flush.enabled = false (default)
2023-01-16 14:43:03,203 [pool-633-thread-1] INFO  server.RaftServerConfigKeys (ConfUtils.java:logGet(46)) - raft.server.log.async-flush.enabled = false (default)
2023-01-16 14:43:03,203 [pool-633-thread-1] INFO  server.RaftServerConfigKeys (ConfUtils.java:logGet(46)) - raft.server.log.statemachine.data.caching.enabled = true (custom)
2023-01-16 14:43:03,204 [pool-633-thread-1] INFO  segmented.SegmentedRaftLogWorker (SegmentedRaftLogWorker.java:lambda$new$0(135)) - 53290e67-17c3-4c90-996e-c8ad22d82667@group-AD856BD91D88-SegmentedRaftLogWorker: flushIndex: setUnconditionally 0 -> -1
2023-01-16 14:43:03,204 [pool-633-thread-1] INFO  segmented.SegmentedRaftLogWorker (SegmentedRaftLogWorker.java:lambda$new$0(135)) - 53290e67-17c3-4c90-996e-c8ad22d82667@group-AD856BD91D88-SegmentedRaftLogWorker: safeCacheEvictIndex: setUnconditionally 0 -> -1
2023-01-16 14:43:03,204 [pool-633-thread-1] INFO  server.RaftServer$Division (RaftServerImpl.java:start(334)) - 53290e67-17c3-4c90-996e-c8ad22d82667@group-AD856BD91D88: start as a follower, conf=-1: peers:[53290e67-17c3-4c90-996e-c8ad22d82667|rpc:10.1.1.103:38457|dataStream:10.1.1.103:39377|priority:0|startupRole:FOLLOWER, ca7e3987-4d62-4f50-9818-34d949b95429|rpc:10.1.1.103:44861|dataStream:10.1.1.103:43889|priority:0|startupRole:FOLLOWER, 5cd6f085-199f-4d86-8efd-dd16eb4c4197|rpc:10.1.1.103:38983|dataStream:10.1.1.103:38531|priority:1|startupRole:FOLLOWER]|listeners:[], old=null
2023-01-16 14:43:03,204 [pool-633-thread-1] INFO  server.RaftServer$Division (RaftServerImpl.java:setRole(321)) - 53290e67-17c3-4c90-996e-c8ad22d82667@group-AD856BD91D88: changes role from      null to FOLLOWER at term 0 for startAsFollower
2023-01-16 14:43:03,204 [pool-633-thread-1] INFO  impl.RoleInfo (RoleInfo.java:updateAndGet(139)) - 53290e67-17c3-4c90-996e-c8ad22d82667: start 53290e67-17c3-4c90-996e-c8ad22d82667@group-AD856BD91D88-FollowerState
2023-01-16 14:43:03,210 [pool-633-thread-1] INFO  util.JmxRegister (JmxRegister.java:tryRegister(44)) - Successfully registered JMX Bean with object name Ratis:service=RaftServer,group=group-AD856BD91D88,id=53290e67-17c3-4c90-996e-c8ad22d82667
2023-01-16 14:43:03,211 [pool-633-thread-1] INFO  server.RaftServerConfigKeys (ConfUtils.java:logGet(46)) - raft.server.snapshot.auto.trigger.enabled = true (custom)
2023-01-16 14:43:03,214 [pool-633-thread-1] INFO  server.RaftServerConfigKeys (ConfUtils.java:logGet(46)) - raft.server.snapshot.auto.trigger.threshold = 10000 (custom)
2023-01-16 14:43:03,215 [pool-633-thread-1] INFO  server.RaftServerConfigKeys (ConfUtils.java:logGet(46)) - raft.server.snapshot.retention.file.num = 5 (custom)
2023-01-16 14:43:03,215 [pool-633-thread-1] INFO  server.RaftServerConfigKeys (ConfUtils.java:logGet(46)) - raft.server.log.purge.upto.snapshot.index = false (default)
2023-01-16 14:43:03,211 [53290e67-17c3-4c90-996e-c8ad22d82667@group-AD856BD91D88-FollowerState] INFO  server.RaftServerConfigKeys (ConfUtils.java:logFallback(53)) - raft.server.rpc.first-election.timeout.min = 5s (fallback to raft.server.rpc.timeout.min)
2023-01-16 14:43:03,220 [53290e67-17c3-4c90-996e-c8ad22d82667@group-AD856BD91D88-FollowerState] INFO  server.RaftServerConfigKeys (ConfUtils.java:logFallback(53)) - raft.server.rpc.first-election.timeout.max = 5200ms (fallback to raft.server.rpc.timeout.max)
2023-01-16 14:43:03,232 [grpc-default-executor-1] INFO  server.RaftServer (RaftServerProxy.java:addNew(96)) - ca7e3987-4d62-4f50-9818-34d949b95429: addNew group-AD856BD91D88:[53290e67-17c3-4c90-996e-c8ad22d82667|rpc:10.1.1.103:38457|dataStream:10.1.1.103:39377|priority:0|startupRole:FOLLOWER, ca7e3987-4d62-4f50-9818-34d949b95429|rpc:10.1.1.103:44861|dataStream:10.1.1.103:43889|priority:0|startupRole:FOLLOWER, 5cd6f085-199f-4d86-8efd-dd16eb4c4197|rpc:10.1.1.103:38983|dataStream:10.1.1.103:38531|priority:1|startupRole:FOLLOWER] returns group-AD856BD91D88:java.util.concurrent.CompletableFuture@4ccd66a4[Not completed]
2023-01-16 14:43:03,233 [pool-656-thread-1] INFO  server.RaftServer$Division (RaftServerImpl.java:<init>(195)) - ca7e3987-4d62-4f50-9818-34d949b95429: new RaftServerImpl for group-AD856BD91D88:[53290e67-17c3-4c90-996e-c8ad22d82667|rpc:10.1.1.103:38457|dataStream:10.1.1.103:39377|priority:0|startupRole:FOLLOWER, ca7e3987-4d62-4f50-9818-34d949b95429|rpc:10.1.1.103:44861|dataStream:10.1.1.103:43889|priority:0|startupRole:FOLLOWER, 5cd6f085-199f-4d86-8efd-dd16eb4c4197|rpc:10.1.1.103:38983|dataStream:10.1.1.103:38531|priority:1|startupRole:FOLLOWER] with ContainerStateMachine:uninitialized
2023-01-16 14:43:03,233 [pool-656-thread-1] INFO  server.RaftServerConfigKeys (ConfUtils.java:logGet(46)) - raft.server.rpc.timeout.min = 5s (custom)
2023-01-16 14:43:03,233 [pool-656-thread-1] INFO  server.RaftServerConfigKeys (ConfUtils.java:logGet(46)) - raft.server.rpc.timeout.max = 5200ms (custom)
2023-01-16 14:43:03,233 [pool-656-thread-1] INFO  server.RaftServerConfigKeys (ConfUtils.java:logGet(46)) - raft.server.rpc.sleep.time = 25ms (default)
2023-01-16 14:43:03,233 [pool-656-thread-1] INFO  server.RaftServerConfigKeys (ConfUtils.java:logGet(46)) - raft.server.rpc.slowness.timeout = 300s (custom)
2023-01-16 14:43:03,233 [pool-656-thread-1] INFO  server.RaftServerConfigKeys (ConfUtils.java:logGet(46)) - raft.server.leaderelection.leader.step-down.wait-time = 10s (default)
2023-01-16 14:43:03,233 [pool-656-thread-1] INFO  server.RaftServerConfigKeys (ConfUtils.java:logGet(46)) - raft.server.sleep.deviation.threshold = 300ms (default)
2023-01-16 14:43:03,233 [pool-656-thread-1] INFO  server.RaftServer$Division (ServerState.java:<init>(118)) - ca7e3987-4d62-4f50-9818-34d949b95429@group-AD856BD91D88: ConfigurationManager, init=-1: peers:[53290e67-17c3-4c90-996e-c8ad22d82667|rpc:10.1.1.103:38457|dataStream:10.1.1.103:39377|priority:0|startupRole:FOLLOWER, ca7e3987-4d62-4f50-9818-34d949b95429|rpc:10.1.1.103:44861|dataStream:10.1.1.103:43889|priority:0|startupRole:FOLLOWER, 5cd6f085-199f-4d86-8efd-dd16eb4c4197|rpc:10.1.1.103:38983|dataStream:10.1.1.103:38531|priority:1|startupRole:FOLLOWER]|listeners:[], old=null, confs=<EMPTY_MAP>
2023-01-16 14:43:03,233 [pool-656-thread-1] INFO  server.RaftServerConfigKeys (ConfUtils.java:logGet(46)) - raft.server.storage.dir = [/home/runner/work/ozone/ozone/hadoop-ozone/integration-test/target/test-dir/MiniOzoneClusterImpl-3631b34d-cc81-4479-8217-32b495b3d7e3/datanode-5/data/ratis] (custom)
2023-01-16 14:43:03,233 [pool-656-thread-1] INFO  server.RaftServerConfigKeys (ConfUtils.java:logGet(46)) - raft.server.log.corruption.policy = EXCEPTION (default)
2023-01-16 14:43:03,233 [pool-656-thread-1] INFO  server.RaftServerConfigKeys (ConfUtils.java:logGet(46)) - raft.server.storage.free-space.min = 0MB (=0) (default)
2023-01-16 14:43:03,233 [pool-656-thread-1] INFO  server.RaftServerConfigKeys (ConfUtils.java:logGet(46)) - raft.server.notification.no-leader.timeout = 300s (custom)
2023-01-16 14:43:03,233 [pool-656-thread-1] INFO  server.RaftServerConfigKeys (ConfUtils.java:logGet(46)) - raft.server.retrycache.expirytime = 600000ms (custom)
2023-01-16 14:43:03,233 [pool-656-thread-1] INFO  server.RaftServerConfigKeys (ConfUtils.java:logGet(46)) - raft.server.retrycache.statistics.expirytime = 100μs (default)
2023-01-16 14:43:03,234 [pool-656-thread-1] INFO  server.RaftServerConfigKeys (ConfUtils.java:logGet(46)) - raft.server.log.appender.install.snapshot.enabled = false (custom)
2023-01-16 14:43:03,234 [pool-656-thread-1] INFO  server.RaftServerConfigKeys (ConfUtils.java:logGet(46)) - raft.server.threadpool.server.cached = true (default)
2023-01-16 14:43:03,234 [pool-656-thread-1] INFO  server.RaftServerConfigKeys (ConfUtils.java:logGet(46)) - raft.server.threadpool.server.size = 0 (default)
2023-01-16 14:43:03,234 [pool-656-thread-1] INFO  server.RaftServerConfigKeys (ConfUtils.java:logGet(46)) - raft.server.threadpool.client.cached = true (default)
2023-01-16 14:43:03,234 [pool-656-thread-1] INFO  server.RaftServerConfigKeys (ConfUtils.java:logGet(46)) - raft.server.threadpool.client.size = 0 (default)
2023-01-16 14:43:03,234 [pool-656-thread-1] INFO  storage.RaftStorageDirectory (RaftStorageDirectoryImpl.java:analyzeStorage(137)) - The storage directory /home/runner/work/ozone/ozone/hadoop-ozone/integration-test/target/test-dir/MiniOzoneClusterImpl-3631b34d-cc81-4479-8217-32b495b3d7e3/datanode-5/data/ratis/9c529fa9-7a50-48f6-b7e9-ad856bd91d88 does not exist. Creating ...
2023-01-16 14:43:03,235 [pool-656-thread-1] INFO  storage.RaftStorageDirectory (RaftStorageDirectoryImpl.java:tryLock(231)) - Lock on /home/runner/work/ozone/ozone/hadoop-ozone/integration-test/target/test-dir/MiniOzoneClusterImpl-3631b34d-cc81-4479-8217-32b495b3d7e3/datanode-5/data/ratis/9c529fa9-7a50-48f6-b7e9-ad856bd91d88/in_use.lock acquired by nodename 12075@fv-az203-757
2023-01-16 14:43:03,236 [pool-656-thread-1] INFO  storage.RaftStorage (RaftStorageImpl.java:format(96)) - Storage directory /home/runner/work/ozone/ozone/hadoop-ozone/integration-test/target/test-dir/MiniOzoneClusterImpl-3631b34d-cc81-4479-8217-32b495b3d7e3/datanode-5/data/ratis/9c529fa9-7a50-48f6-b7e9-ad856bd91d88 has been successfully formatted.
2023-01-16 14:43:03,237 [pool-656-thread-1] INFO  ratis.ContainerStateMachine (ContainerStateMachine.java:loadSnapshot(240)) - group-AD856BD91D88: The snapshot info is null. Setting the last applied indexto:(t:0, i:~)
2023-01-16 14:43:03,237 [pool-656-thread-1] INFO  server.RaftServerConfigKeys (ConfUtils.java:logGet(46)) - raft.server.log.use.memory = false (default)
2023-01-16 14:43:03,237 [pool-656-thread-1] INFO  server.RaftServerConfigKeys (ConfUtils.java:logGet(46)) - raft.server.log.purge.gap = 1000000 (custom)
2023-01-16 14:43:03,237 [pool-656-thread-1] INFO  server.RaftServerConfigKeys (ConfUtils.java:logGet(46)) - raft.server.log.appender.buffer.byte-limit = 33554432 (custom)
2023-01-16 14:43:03,237 [pool-656-thread-1] INFO  server.RaftServerConfigKeys (ConfUtils.java:logGet(46)) - raft.server.log.statemachine.data.read.timeout = 1000ms (default)
2023-01-16 14:43:03,237 [pool-656-thread-1] INFO  server.RaftServerConfigKeys (ConfUtils.java:logGet(46)) - raft.server.log.purge.preservation.log.num = 0 (default)
2023-01-16 14:43:03,238 [pool-656-thread-1] INFO  server.RaftServerConfigKeys (ConfUtils.java:logGet(46)) - raft.server.log.segment.size.max = 1048576 (custom)
2023-01-16 14:43:03,238 [pool-656-thread-1] INFO  server.RaftServerConfigKeys (ConfUtils.java:logGet(46)) - raft.server.log.segment.cache.num.max = 2 (custom)
2023-01-16 14:43:03,238 [pool-656-thread-1] INFO  server.RaftServerConfigKeys (ConfUtils.java:logGet(46)) - raft.server.log.segment.cache.size.max = 200MB (=209715200) (default)
2023-01-16 14:43:03,238 [pool-656-thread-1] INFO  segmented.SegmentedRaftLogWorker (SegmentedRaftLogWorker.java:<init>(189)) - new ca7e3987-4d62-4f50-9818-34d949b95429@group-AD856BD91D88-SegmentedRaftLogWorker for RaftStorageImpl:Storage Directory /home/runner/work/ozone/ozone/hadoop-ozone/integration-test/target/test-dir/MiniOzoneClusterImpl-3631b34d-cc81-4479-8217-32b495b3d7e3/datanode-5/data/ratis/9c529fa9-7a50-48f6-b7e9-ad856bd91d88
2023-01-16 14:43:03,238 [pool-656-thread-1] INFO  server.RaftServerConfigKeys (ConfUtils.java:logGet(46)) - raft.server.log.queue.byte-limit = 4294967296 (custom)
2023-01-16 14:43:03,238 [pool-656-thread-1] INFO  server.RaftServerConfigKeys (ConfUtils.java:logGet(46)) - raft.server.log.queue.element-limit = 1024 (custom)
2023-01-16 14:43:03,238 [pool-656-thread-1] INFO  server.RaftServerConfigKeys (ConfUtils.java:logGet(46)) - raft.server.log.segment.size.max = 1048576 (custom)
2023-01-16 14:43:03,238 [pool-656-thread-1] INFO  server.RaftServerConfigKeys (ConfUtils.java:logGet(46)) - raft.server.log.preallocated.size = 16384 (custom)
2023-01-16 14:43:03,238 [pool-656-thread-1] INFO  server.RaftServerConfigKeys (ConfUtils.java:logGet(46)) - raft.server.log.force.sync.num = 128 (default)
2023-01-16 14:43:03,238 [pool-656-thread-1] INFO  server.RaftServerConfigKeys (ConfUtils.java:logGet(46)) - raft.server.log.statemachine.data.sync = true (default)
2023-01-16 14:43:03,238 [pool-656-thread-1] INFO  server.RaftServerConfigKeys (ConfUtils.java:logGet(46)) - raft.server.log.statemachine.data.sync.timeout = 10s (default)
2023-01-16 14:43:03,238 [pool-656-thread-1] INFO  server.RaftServerConfigKeys (ConfUtils.java:logGet(46)) - raft.server.log.statemachine.data.sync.timeout.retry = -1 (default)
2023-01-16 14:43:03,239 [pool-656-thread-1] INFO  server.RaftServerConfigKeys (ConfUtils.java:logGet(46)) - raft.server.log.write.buffer.size = 1048576 (custom)
2023-01-16 14:43:03,240 [pool-656-thread-1] INFO  server.RaftServerConfigKeys (ConfUtils.java:logGet(46)) - raft.server.log.appender.buffer.byte-limit = 33554432 (custom)
2023-01-16 14:43:03,245 [pool-656-thread-1] INFO  server.RaftServerConfigKeys (ConfUtils.java:logGet(46)) - raft.server.log.unsafe-flush.enabled = false (default)
2023-01-16 14:43:03,245 [pool-656-thread-1] INFO  server.RaftServerConfigKeys (ConfUtils.java:logGet(46)) - raft.server.log.async-flush.enabled = false (default)
2023-01-16 14:43:03,245 [pool-656-thread-1] INFO  server.RaftServerConfigKeys (ConfUtils.java:logGet(46)) - raft.server.log.statemachine.data.caching.enabled = true (custom)
2023-01-16 14:43:03,245 [pool-656-thread-1] INFO  segmented.SegmentedRaftLogWorker (SegmentedRaftLogWorker.java:lambda$new$0(135)) - ca7e3987-4d62-4f50-9818-34d949b95429@group-AD856BD91D88-SegmentedRaftLogWorker: flushIndex: setUnconditionally 0 -> -1
2023-01-16 14:43:03,245 [pool-656-thread-1] INFO  segmented.SegmentedRaftLogWorker (SegmentedRaftLogWorker.java:lambda$new$0(135)) - ca7e3987-4d62-4f50-9818-34d949b95429@group-AD856BD91D88-SegmentedRaftLogWorker: safeCacheEvictIndex: setUnconditionally 0 -> -1
2023-01-16 14:43:03,245 [pool-656-thread-1] INFO  server.RaftServer$Division (RaftServerImpl.java:start(334)) - ca7e3987-4d62-4f50-9818-34d949b95429@group-AD856BD91D88: start as a follower, conf=-1: peers:[53290e67-17c3-4c90-996e-c8ad22d82667|rpc:10.1.1.103:38457|dataStream:10.1.1.103:39377|priority:0|startupRole:FOLLOWER, ca7e3987-4d62-4f50-9818-34d949b95429|rpc:10.1.1.103:44861|dataStream:10.1.1.103:43889|priority:0|startupRole:FOLLOWER, 5cd6f085-199f-4d86-8efd-dd16eb4c4197|rpc:10.1.1.103:38983|dataStream:10.1.1.103:38531|priority:1|startupRole:FOLLOWER]|listeners:[], old=null
2023-01-16 14:43:03,245 [pool-656-thread-1] INFO  server.RaftServer$Division (RaftServerImpl.java:setRole(321)) - ca7e3987-4d62-4f50-9818-34d949b95429@group-AD856BD91D88: changes role from      null to FOLLOWER at term 0 for startAsFollower
2023-01-16 14:43:03,245 [pool-656-thread-1] INFO  impl.RoleInfo (RoleInfo.java:updateAndGet(139)) - ca7e3987-4d62-4f50-9818-34d949b95429: start ca7e3987-4d62-4f50-9818-34d949b95429@group-AD856BD91D88-FollowerState
2023-01-16 14:43:03,245 [pool-656-thread-1] INFO  util.JmxRegister (JmxRegister.java:tryRegister(44)) - Successfully registered JMX Bean with object name Ratis:service=RaftServer,group=group-AD856BD91D88,id=ca7e3987-4d62-4f50-9818-34d949b95429
2023-01-16 14:43:03,246 [ca7e3987-4d62-4f50-9818-34d949b95429@group-AD856BD91D88-FollowerState] INFO  server.RaftServerConfigKeys (ConfUtils.java:logFallback(53)) - raft.server.rpc.first-election.timeout.min = 5s (fallback to raft.server.rpc.timeout.min)
2023-01-16 14:43:03,246 [pool-656-thread-1] INFO  server.RaftServerConfigKeys (ConfUtils.java:logGet(46)) - raft.server.snapshot.auto.trigger.enabled = true (custom)
2023-01-16 14:43:03,246 [ca7e3987-4d62-4f50-9818-34d949b95429@group-AD856BD91D88-FollowerState] INFO  server.RaftServerConfigKeys (ConfUtils.java:logFallback(53)) - raft.server.rpc.first-election.timeout.max = 5200ms (fallback to raft.server.rpc.timeout.max)
2023-01-16 14:43:03,246 [pool-656-thread-1] INFO  server.RaftServerConfigKeys (ConfUtils.java:logGet(46)) - raft.server.snapshot.auto.trigger.threshold = 10000 (custom)
2023-01-16 14:43:03,246 [pool-656-thread-1] INFO  server.RaftServerConfigKeys (ConfUtils.java:logGet(46)) - raft.server.snapshot.retention.file.num = 5 (custom)
2023-01-16 14:43:03,246 [pool-656-thread-1] INFO  server.RaftServerConfigKeys (ConfUtils.java:logGet(46)) - raft.server.log.purge.upto.snapshot.index = false (default)
2023-01-16 14:43:03,250 [Command processor thread] INFO  commandhandler.CreatePipelineCommandHandler (CreatePipelineCommandHandler.java:handle(113)) - Created Pipeline RATIS THREE PipelineID=9c529fa9-7a50-48f6-b7e9-ad856bd91d88.
2023-01-16 14:43:03,382 [Listener at 127.0.0.1/44023] INFO  ozone.MiniOzoneClusterImpl (MiniOzoneClusterImpl.java:lambda$waitForClusterToBeReady$0(218)) - Nodes are ready. Got 6 of 6 DN Heartbeats.
2023-01-16 14:43:03,382 [Listener at 127.0.0.1/44023] INFO  ozone.MiniOzoneClusterImpl (MiniOzoneClusterImpl.java:lambda$waitForClusterToBeReady$0(221)) - Waiting for cluster to exit safe mode
2023-01-16 14:43:03,382 [Listener at 127.0.0.1/44023] INFO  ozone.MiniOzoneClusterImpl (MiniOzoneClusterImpl.java:lambda$waitForClusterToBeReady$0(223)) - SCM became leader
2023-01-16 14:43:04,383 [Listener at 127.0.0.1/44023] INFO  ozone.MiniOzoneClusterImpl (MiniOzoneClusterImpl.java:lambda$waitForClusterToBeReady$0(218)) - Nodes are ready. Got 6 of 6 DN Heartbeats.
2023-01-16 14:43:04,383 [Listener at 127.0.0.1/44023] INFO  ozone.MiniOzoneClusterImpl (MiniOzoneClusterImpl.java:lambda$waitForClusterToBeReady$0(221)) - Waiting for cluster to exit safe mode
2023-01-16 14:43:04,383 [Listener at 127.0.0.1/44023] INFO  ozone.MiniOzoneClusterImpl (MiniOzoneClusterImpl.java:lambda$waitForClusterToBeReady$0(223)) - SCM became leader
2023-01-16 14:43:05,383 [Listener at 127.0.0.1/44023] INFO  ozone.MiniOzoneClusterImpl (MiniOzoneClusterImpl.java:lambda$waitForClusterToBeReady$0(218)) - Nodes are ready. Got 6 of 6 DN Heartbeats.
2023-01-16 14:43:05,384 [Listener at 127.0.0.1/44023] INFO  ozone.MiniOzoneClusterImpl (MiniOzoneClusterImpl.java:lambda$waitForClusterToBeReady$0(221)) - Waiting for cluster to exit safe mode
2023-01-16 14:43:05,384 [Listener at 127.0.0.1/44023] INFO  ozone.MiniOzoneClusterImpl (MiniOzoneClusterImpl.java:lambda$waitForClusterToBeReady$0(223)) - SCM became leader
2023-01-16 14:43:06,384 [Listener at 127.0.0.1/44023] INFO  ozone.MiniOzoneClusterImpl (MiniOzoneClusterImpl.java:lambda$waitForClusterToBeReady$0(218)) - Nodes are ready. Got 6 of 6 DN Heartbeats.
2023-01-16 14:43:06,384 [Listener at 127.0.0.1/44023] INFO  ozone.MiniOzoneClusterImpl (MiniOzoneClusterImpl.java:lambda$waitForClusterToBeReady$0(221)) - Waiting for cluster to exit safe mode
2023-01-16 14:43:06,384 [Listener at 127.0.0.1/44023] INFO  ozone.MiniOzoneClusterImpl (MiniOzoneClusterImpl.java:lambda$waitForClusterToBeReady$0(223)) - SCM became leader
2023-01-16 14:43:06,926 [b4158a24-f3b4-469a-87ed-87f7753bcb12@group-311F4BFD6CB6-FollowerState] INFO  impl.FollowerState (FollowerState.java:run(143)) - b4158a24-f3b4-469a-87ed-87f7753bcb12@group-311F4BFD6CB6-FollowerState: change to CANDIDATE, lastRpcElapsedTime:5082537733ns, electionTimeout:5082ms
2023-01-16 14:43:06,926 [b4158a24-f3b4-469a-87ed-87f7753bcb12@group-311F4BFD6CB6-FollowerState] INFO  impl.RoleInfo (RoleInfo.java:shutdownFollowerState(110)) - b4158a24-f3b4-469a-87ed-87f7753bcb12: shutdown b4158a24-f3b4-469a-87ed-87f7753bcb12@group-311F4BFD6CB6-FollowerState
2023-01-16 14:43:06,926 [b4158a24-f3b4-469a-87ed-87f7753bcb12@group-311F4BFD6CB6-FollowerState] INFO  server.RaftServer$Division (RaftServerImpl.java:setRole(321)) - b4158a24-f3b4-469a-87ed-87f7753bcb12@group-311F4BFD6CB6: changes role from  FOLLOWER to CANDIDATE at term 0 for changeToCandidate
2023-01-16 14:43:06,926 [b4158a24-f3b4-469a-87ed-87f7753bcb12@group-311F4BFD6CB6-FollowerState] INFO  server.RaftServerConfigKeys (ConfUtils.java:logGet(46)) - raft.server.leaderelection.pre-vote = false (custom)
2023-01-16 14:43:06,926 [b4158a24-f3b4-469a-87ed-87f7753bcb12@group-311F4BFD6CB6-FollowerState] INFO  impl.RoleInfo (RoleInfo.java:updateAndGet(139)) - b4158a24-f3b4-469a-87ed-87f7753bcb12: start b4158a24-f3b4-469a-87ed-87f7753bcb12@group-311F4BFD6CB6-LeaderElection31
2023-01-16 14:43:06,929 [b4158a24-f3b4-469a-87ed-87f7753bcb12@group-311F4BFD6CB6-LeaderElection31] INFO  impl.LeaderElection (LeaderElection.java:askForVotes(312)) - b4158a24-f3b4-469a-87ed-87f7753bcb12@group-311F4BFD6CB6-LeaderElection31 ELECTION round 0: submit vote requests at term 1 for -1: peers:[b4158a24-f3b4-469a-87ed-87f7753bcb12|rpc:10.1.1.103:34081|dataStream:10.1.1.103:39137|priority:0|startupRole:FOLLOWER, edaf4ec7-b5bd-443f-91da-280c30b6b0af|rpc:10.1.1.103:33751|dataStream:10.1.1.103:44513|priority:1|startupRole:FOLLOWER, fe85205b-7d0e-4b68-96f2-42eee8168b18|rpc:10.1.1.103:34621|dataStream:10.1.1.103:43717|priority:0|startupRole:FOLLOWER]|listeners:[], old=null
2023-01-16 14:43:06,930 [b4158a24-f3b4-469a-87ed-87f7753bcb12@group-311F4BFD6CB6-LeaderElection31] INFO  server.RaftServerConfigKeys (ConfUtils.java:logFallback(53)) - raft.server.rpc.first-election.timeout.min = 5s (fallback to raft.server.rpc.timeout.min)
2023-01-16 14:43:06,930 [b4158a24-f3b4-469a-87ed-87f7753bcb12@group-311F4BFD6CB6-LeaderElection31-1] INFO  server.GrpcServerProtocolClient (GrpcServerProtocolClient.java:<init>(63)) - Build channel for edaf4ec7-b5bd-443f-91da-280c30b6b0af
2023-01-16 14:43:06,930 [b4158a24-f3b4-469a-87ed-87f7753bcb12@group-311F4BFD6CB6-LeaderElection31] INFO  server.RaftServerConfigKeys (ConfUtils.java:logFallback(53)) - raft.server.rpc.first-election.timeout.max = 5200ms (fallback to raft.server.rpc.timeout.max)
2023-01-16 14:43:06,930 [b4158a24-f3b4-469a-87ed-87f7753bcb12@group-311F4BFD6CB6-LeaderElection31-2] INFO  server.GrpcServerProtocolClient (GrpcServerProtocolClient.java:<init>(63)) - Build channel for fe85205b-7d0e-4b68-96f2-42eee8168b18
2023-01-16 14:43:06,939 [grpc-default-executor-1] INFO  server.RaftServer$Division (RaftServerImpl.java:requestVote(1218)) - edaf4ec7-b5bd-443f-91da-280c30b6b0af@group-311F4BFD6CB6: receive requestVote(ELECTION, b4158a24-f3b4-469a-87ed-87f7753bcb12, group-311F4BFD6CB6, 1, (t:0, i:0))
2023-01-16 14:43:06,939 [grpc-default-executor-0] INFO  server.RaftServer$Division (RaftServerImpl.java:requestVote(1218)) - fe85205b-7d0e-4b68-96f2-42eee8168b18@group-311F4BFD6CB6: receive requestVote(ELECTION, b4158a24-f3b4-469a-87ed-87f7753bcb12, group-311F4BFD6CB6, 1, (t:0, i:0))
2023-01-16 14:43:06,940 [grpc-default-executor-0] INFO  impl.VoteContext (VoteContext.java:log(49)) - fe85205b-7d0e-4b68-96f2-42eee8168b18@group-311F4BFD6CB6-FOLLOWER: accept ELECTION from b4158a24-f3b4-469a-87ed-87f7753bcb12: our priority 0 <= candidate's priority 0
2023-01-16 14:43:06,940 [grpc-default-executor-0] INFO  server.RaftServer$Division (RaftServerImpl.java:setRole(321)) - fe85205b-7d0e-4b68-96f2-42eee8168b18@group-311F4BFD6CB6: changes role from  FOLLOWER to FOLLOWER at term 1 for candidate:b4158a24-f3b4-469a-87ed-87f7753bcb12
2023-01-16 14:43:06,940 [grpc-default-executor-0] INFO  impl.RoleInfo (RoleInfo.java:shutdownFollowerState(110)) - fe85205b-7d0e-4b68-96f2-42eee8168b18: shutdown fe85205b-7d0e-4b68-96f2-42eee8168b18@group-311F4BFD6CB6-FollowerState
2023-01-16 14:43:06,940 [grpc-default-executor-0] INFO  impl.RoleInfo (RoleInfo.java:updateAndGet(139)) - fe85205b-7d0e-4b68-96f2-42eee8168b18: start fe85205b-7d0e-4b68-96f2-42eee8168b18@group-311F4BFD6CB6-FollowerState
2023-01-16 14:43:06,939 [grpc-default-executor-1] INFO  impl.VoteContext (VoteContext.java:log(49)) - edaf4ec7-b5bd-443f-91da-280c30b6b0af@group-311F4BFD6CB6-FOLLOWER: reject ELECTION from b4158a24-f3b4-469a-87ed-87f7753bcb12: our priority 1 > candidate's priority 0
2023-01-16 14:43:06,940 [fe85205b-7d0e-4b68-96f2-42eee8168b18@group-311F4BFD6CB6-FollowerState] INFO  impl.FollowerState (FollowerState.java:run(152)) - fe85205b-7d0e-4b68-96f2-42eee8168b18@group-311F4BFD6CB6-FollowerState was interrupted
2023-01-16 14:43:06,940 [grpc-default-executor-1] INFO  server.RaftServer$Division (RaftServerImpl.java:setRole(321)) - edaf4ec7-b5bd-443f-91da-280c30b6b0af@group-311F4BFD6CB6: changes role from  FOLLOWER to FOLLOWER at term 1 for candidate:b4158a24-f3b4-469a-87ed-87f7753bcb12
2023-01-16 14:43:06,940 [grpc-default-executor-1] INFO  impl.RoleInfo (RoleInfo.java:shutdownFollowerState(110)) - edaf4ec7-b5bd-443f-91da-280c30b6b0af: shutdown edaf4ec7-b5bd-443f-91da-280c30b6b0af@group-311F4BFD6CB6-FollowerState
2023-01-16 14:43:06,944 [grpc-default-executor-1] INFO  impl.RoleInfo (RoleInfo.java:updateAndGet(139)) - edaf4ec7-b5bd-443f-91da-280c30b6b0af: start edaf4ec7-b5bd-443f-91da-280c30b6b0af@group-311F4BFD6CB6-FollowerState
2023-01-16 14:43:06,944 [edaf4ec7-b5bd-443f-91da-280c30b6b0af@group-311F4BFD6CB6-FollowerState] INFO  impl.FollowerState (FollowerState.java:run(152)) - edaf4ec7-b5bd-443f-91da-280c30b6b0af@group-311F4BFD6CB6-FollowerState was interrupted
2023-01-16 14:43:06,944 [fe85205b-7d0e-4b68-96f2-42eee8168b18@group-311F4BFD6CB6-FollowerState] INFO  server.RaftServerConfigKeys (ConfUtils.java:logFallback(53)) - raft.server.rpc.first-election.timeout.min = 5s (fallback to raft.server.rpc.timeout.min)
2023-01-16 14:43:06,944 [edaf4ec7-b5bd-443f-91da-280c30b6b0af@group-311F4BFD6CB6-FollowerState] INFO  server.RaftServerConfigKeys (ConfUtils.java:logFallback(53)) - raft.server.rpc.first-election.timeout.min = 5s (fallback to raft.server.rpc.timeout.min)
2023-01-16 14:43:06,945 [fe85205b-7d0e-4b68-96f2-42eee8168b18@group-311F4BFD6CB6-FollowerState] INFO  server.RaftServerConfigKeys (ConfUtils.java:logFallback(53)) - raft.server.rpc.first-election.timeout.max = 5200ms (fallback to raft.server.rpc.timeout.max)
2023-01-16 14:43:06,945 [edaf4ec7-b5bd-443f-91da-280c30b6b0af@group-311F4BFD6CB6-FollowerState] INFO  server.RaftServerConfigKeys (ConfUtils.java:logFallback(53)) - raft.server.rpc.first-election.timeout.max = 5200ms (fallback to raft.server.rpc.timeout.max)
2023-01-16 14:43:06,946 [grpc-default-executor-0] INFO  server.RaftServer$Division (RaftServerImpl.java:requestVote(1251)) - fe85205b-7d0e-4b68-96f2-42eee8168b18@group-311F4BFD6CB6 replies to ELECTION vote request: b4158a24-f3b4-469a-87ed-87f7753bcb12<-fe85205b-7d0e-4b68-96f2-42eee8168b18#0:OK-t1. Peer's state: fe85205b-7d0e-4b68-96f2-42eee8168b18@group-311F4BFD6CB6:t1, leader=null, voted=b4158a24-f3b4-469a-87ed-87f7753bcb12, raftlog=Memoized:fe85205b-7d0e-4b68-96f2-42eee8168b18@group-311F4BFD6CB6-SegmentedRaftLog:OPENED:c-1, conf=-1: peers:[b4158a24-f3b4-469a-87ed-87f7753bcb12|rpc:10.1.1.103:34081|dataStream:10.1.1.103:39137|priority:0|startupRole:FOLLOWER, edaf4ec7-b5bd-443f-91da-280c30b6b0af|rpc:10.1.1.103:33751|dataStream:10.1.1.103:44513|priority:1|startupRole:FOLLOWER, fe85205b-7d0e-4b68-96f2-42eee8168b18|rpc:10.1.1.103:34621|dataStream:10.1.1.103:43717|priority:0|startupRole:FOLLOWER]|listeners:[], old=null
2023-01-16 14:43:06,946 [grpc-default-executor-1] INFO  server.RaftServer$Division (RaftServerImpl.java:requestVote(1251)) - edaf4ec7-b5bd-443f-91da-280c30b6b0af@group-311F4BFD6CB6 replies to ELECTION vote request: b4158a24-f3b4-469a-87ed-87f7753bcb12<-edaf4ec7-b5bd-443f-91da-280c30b6b0af#0:FAIL-t1. Peer's state: edaf4ec7-b5bd-443f-91da-280c30b6b0af@group-311F4BFD6CB6:t1, leader=null, voted=null, raftlog=Memoized:edaf4ec7-b5bd-443f-91da-280c30b6b0af@group-311F4BFD6CB6-SegmentedRaftLog:OPENED:c-1, conf=-1: peers:[b4158a24-f3b4-469a-87ed-87f7753bcb12|rpc:10.1.1.103:34081|dataStream:10.1.1.103:39137|priority:0|startupRole:FOLLOWER, edaf4ec7-b5bd-443f-91da-280c30b6b0af|rpc:10.1.1.103:33751|dataStream:10.1.1.103:44513|priority:1|startupRole:FOLLOWER, fe85205b-7d0e-4b68-96f2-42eee8168b18|rpc:10.1.1.103:34621|dataStream:10.1.1.103:43717|priority:0|startupRole:FOLLOWER]|listeners:[], old=null
2023-01-16 14:43:06,949 [b4158a24-f3b4-469a-87ed-87f7753bcb12@group-311F4BFD6CB6-LeaderElection31] INFO  impl.LeaderElection (LeaderElection.java:logAndReturn(90)) - b4158a24-f3b4-469a-87ed-87f7753bcb12@group-311F4BFD6CB6-LeaderElection31: ELECTION REJECTED received 1 response(s) and 0 exception(s):
2023-01-16 14:43:06,949 [b4158a24-f3b4-469a-87ed-87f7753bcb12@group-311F4BFD6CB6-LeaderElection31] INFO  impl.LeaderElection (LeaderElection.java:logAndReturn(94)) -   Response 0: b4158a24-f3b4-469a-87ed-87f7753bcb12<-edaf4ec7-b5bd-443f-91da-280c30b6b0af#0:FAIL-t1
2023-01-16 14:43:06,949 [b4158a24-f3b4-469a-87ed-87f7753bcb12@group-311F4BFD6CB6-LeaderElection31] INFO  impl.LeaderElection (LeaderElection.java:askForVotes(314)) - b4158a24-f3b4-469a-87ed-87f7753bcb12@group-311F4BFD6CB6-LeaderElection31 ELECTION round 0: result REJECTED
2023-01-16 14:43:06,949 [b4158a24-f3b4-469a-87ed-87f7753bcb12@group-311F4BFD6CB6-LeaderElection31] INFO  server.RaftServer$Division (RaftServerImpl.java:setRole(321)) - b4158a24-f3b4-469a-87ed-87f7753bcb12@group-311F4BFD6CB6: changes role from CANDIDATE to FOLLOWER at term 1 for REJECTED
2023-01-16 14:43:06,949 [b4158a24-f3b4-469a-87ed-87f7753bcb12@group-311F4BFD6CB6-LeaderElection31] INFO  impl.RoleInfo (RoleInfo.java:shutdownLeaderElection(130)) - b4158a24-f3b4-469a-87ed-87f7753bcb12: shutdown b4158a24-f3b4-469a-87ed-87f7753bcb12@group-311F4BFD6CB6-LeaderElection31
2023-01-16 14:43:06,949 [b4158a24-f3b4-469a-87ed-87f7753bcb12@group-311F4BFD6CB6-LeaderElection31] INFO  impl.RoleInfo (RoleInfo.java:updateAndGet(139)) - b4158a24-f3b4-469a-87ed-87f7753bcb12: start b4158a24-f3b4-469a-87ed-87f7753bcb12@group-311F4BFD6CB6-FollowerState
2023-01-16 14:43:06,950 [b4158a24-f3b4-469a-87ed-87f7753bcb12@group-311F4BFD6CB6-FollowerState] INFO  server.RaftServerConfigKeys (ConfUtils.java:logFallback(53)) - raft.server.rpc.first-election.timeout.min = 5s (fallback to raft.server.rpc.timeout.min)
2023-01-16 14:43:06,950 [b4158a24-f3b4-469a-87ed-87f7753bcb12@group-311F4BFD6CB6-FollowerState] INFO  server.RaftServerConfigKeys (ConfUtils.java:logFallback(53)) - raft.server.rpc.first-election.timeout.max = 5200ms (fallback to raft.server.rpc.timeout.max)
2023-01-16 14:43:07,044 [b4158a24-f3b4-469a-87ed-87f7753bcb12@group-E63E61230FA7-FollowerState] INFO  impl.FollowerState (FollowerState.java:run(143)) - b4158a24-f3b4-469a-87ed-87f7753bcb12@group-E63E61230FA7-FollowerState: change to CANDIDATE, lastRpcElapsedTime:5118525247ns, electionTimeout:5118ms
2023-01-16 14:43:07,044 [b4158a24-f3b4-469a-87ed-87f7753bcb12@group-E63E61230FA7-FollowerState] INFO  impl.RoleInfo (RoleInfo.java:shutdownFollowerState(110)) - b4158a24-f3b4-469a-87ed-87f7753bcb12: shutdown b4158a24-f3b4-469a-87ed-87f7753bcb12@group-E63E61230FA7-FollowerState
2023-01-16 14:43:07,044 [b4158a24-f3b4-469a-87ed-87f7753bcb12@group-E63E61230FA7-FollowerState] INFO  server.RaftServer$Division (RaftServerImpl.java:setRole(321)) - b4158a24-f3b4-469a-87ed-87f7753bcb12@group-E63E61230FA7: changes role from  FOLLOWER to CANDIDATE at term 0 for changeToCandidate
2023-01-16 14:43:07,044 [b4158a24-f3b4-469a-87ed-87f7753bcb12@group-E63E61230FA7-FollowerState] INFO  server.RaftServerConfigKeys (ConfUtils.java:logGet(46)) - raft.server.leaderelection.pre-vote = false (custom)
2023-01-16 14:43:07,044 [b4158a24-f3b4-469a-87ed-87f7753bcb12@group-E63E61230FA7-FollowerState] INFO  impl.RoleInfo (RoleInfo.java:updateAndGet(139)) - b4158a24-f3b4-469a-87ed-87f7753bcb12: start b4158a24-f3b4-469a-87ed-87f7753bcb12@group-E63E61230FA7-LeaderElection32
2023-01-16 14:43:07,047 [edaf4ec7-b5bd-443f-91da-280c30b6b0af@group-E63E61230FA7-FollowerState] INFO  impl.FollowerState (FollowerState.java:run(143)) - edaf4ec7-b5bd-443f-91da-280c30b6b0af@group-E63E61230FA7-FollowerState: change to CANDIDATE, lastRpcElapsedTime:5149324248ns, electionTimeout:5148ms
2023-01-16 14:43:07,047 [b4158a24-f3b4-469a-87ed-87f7753bcb12@group-E63E61230FA7-LeaderElection32] INFO  impl.LeaderElection (LeaderElection.java:askForVotes(312)) - b4158a24-f3b4-469a-87ed-87f7753bcb12@group-E63E61230FA7-LeaderElection32 ELECTION round 0: submit vote requests at term 1 for -1: peers:[b4158a24-f3b4-469a-87ed-87f7753bcb12|rpc:10.1.1.103:34081|dataStream:10.1.1.103:39137|priority:0|startupRole:FOLLOWER, edaf4ec7-b5bd-443f-91da-280c30b6b0af|rpc:10.1.1.103:33751|dataStream:10.1.1.103:44513|priority:0|startupRole:FOLLOWER, fe85205b-7d0e-4b68-96f2-42eee8168b18|rpc:10.1.1.103:34621|dataStream:10.1.1.103:43717|priority:1|startupRole:FOLLOWER]|listeners:[], old=null
2023-01-16 14:43:07,047 [edaf4ec7-b5bd-443f-91da-280c30b6b0af@group-E63E61230FA7-FollowerState] INFO  impl.RoleInfo (RoleInfo.java:shutdownFollowerState(110)) - edaf4ec7-b5bd-443f-91da-280c30b6b0af: shutdown edaf4ec7-b5bd-443f-91da-280c30b6b0af@group-E63E61230FA7-FollowerState
2023-01-16 14:43:07,047 [edaf4ec7-b5bd-443f-91da-280c30b6b0af@group-E63E61230FA7-FollowerState] INFO  server.RaftServer$Division (RaftServerImpl.java:setRole(321)) - edaf4ec7-b5bd-443f-91da-280c30b6b0af@group-E63E61230FA7: changes role from  FOLLOWER to CANDIDATE at term 0 for changeToCandidate
2023-01-16 14:43:07,048 [edaf4ec7-b5bd-443f-91da-280c30b6b0af@group-E63E61230FA7-FollowerState] INFO  server.RaftServerConfigKeys (ConfUtils.java:logGet(46)) - raft.server.leaderelection.pre-vote = false (custom)
2023-01-16 14:43:07,048 [edaf4ec7-b5bd-443f-91da-280c30b6b0af@group-E63E61230FA7-FollowerState] INFO  impl.RoleInfo (RoleInfo.java:updateAndGet(139)) - edaf4ec7-b5bd-443f-91da-280c30b6b0af: start edaf4ec7-b5bd-443f-91da-280c30b6b0af@group-E63E61230FA7-LeaderElection33
2023-01-16 14:43:07,048 [b4158a24-f3b4-469a-87ed-87f7753bcb12@group-E63E61230FA7-LeaderElection32] INFO  server.RaftServerConfigKeys (ConfUtils.java:logFallback(53)) - raft.server.rpc.first-election.timeout.min = 5s (fallback to raft.server.rpc.timeout.min)
2023-01-16 14:43:07,048 [b4158a24-f3b4-469a-87ed-87f7753bcb12@group-E63E61230FA7-LeaderElection32] INFO  server.RaftServerConfigKeys (ConfUtils.java:logFallback(53)) - raft.server.rpc.first-election.timeout.max = 5200ms (fallback to raft.server.rpc.timeout.max)
2023-01-16 14:43:07,050 [grpc-default-executor-1] INFO  server.RaftServer$Division (RaftServerImpl.java:requestVote(1218)) - fe85205b-7d0e-4b68-96f2-42eee8168b18@group-E63E61230FA7: receive requestVote(ELECTION, b4158a24-f3b4-469a-87ed-87f7753bcb12, group-E63E61230FA7, 1, (t:0, i:0))
2023-01-16 14:43:07,050 [grpc-default-executor-1] INFO  impl.VoteContext (VoteContext.java:log(49)) - fe85205b-7d0e-4b68-96f2-42eee8168b18@group-E63E61230FA7-FOLLOWER: reject ELECTION from b4158a24-f3b4-469a-87ed-87f7753bcb12: our priority 1 > candidate's priority 0
2023-01-16 14:43:07,050 [grpc-default-executor-1] INFO  server.RaftServer$Division (RaftServerImpl.java:setRole(321)) - fe85205b-7d0e-4b68-96f2-42eee8168b18@group-E63E61230FA7: changes role from  FOLLOWER to FOLLOWER at term 1 for candidate:b4158a24-f3b4-469a-87ed-87f7753bcb12
2023-01-16 14:43:07,050 [grpc-default-executor-1] INFO  impl.RoleInfo (RoleInfo.java:shutdownFollowerState(110)) - fe85205b-7d0e-4b68-96f2-42eee8168b18: shutdown fe85205b-7d0e-4b68-96f2-42eee8168b18@group-E63E61230FA7-FollowerState
2023-01-16 14:43:07,050 [grpc-default-executor-0] INFO  server.RaftServer$Division (RaftServerImpl.java:requestVote(1218)) - edaf4ec7-b5bd-443f-91da-280c30b6b0af@group-E63E61230FA7: receive requestVote(ELECTION, b4158a24-f3b4-469a-87ed-87f7753bcb12, group-E63E61230FA7, 1, (t:0, i:0))
2023-01-16 14:43:07,053 [grpc-default-executor-1] INFO  impl.RoleInfo (RoleInfo.java:updateAndGet(139)) - fe85205b-7d0e-4b68-96f2-42eee8168b18: start fe85205b-7d0e-4b68-96f2-42eee8168b18@group-E63E61230FA7-FollowerState
2023-01-16 14:43:07,053 [fe85205b-7d0e-4b68-96f2-42eee8168b18@group-E63E61230FA7-FollowerState] INFO  impl.FollowerState (FollowerState.java:run(152)) - fe85205b-7d0e-4b68-96f2-42eee8168b18@group-E63E61230FA7-FollowerState was interrupted
2023-01-16 14:43:07,053 [grpc-default-executor-0] INFO  impl.VoteContext (VoteContext.java:log(49)) - edaf4ec7-b5bd-443f-91da-280c30b6b0af@group-E63E61230FA7-CANDIDATE: accept ELECTION from b4158a24-f3b4-469a-87ed-87f7753bcb12: our priority 0 <= candidate's priority 0
2023-01-16 14:43:07,053 [grpc-default-executor-0] INFO  server.RaftServer$Division (RaftServerImpl.java:setRole(321)) - edaf4ec7-b5bd-443f-91da-280c30b6b0af@group-E63E61230FA7: changes role from CANDIDATE to FOLLOWER at term 1 for candidate:b4158a24-f3b4-469a-87ed-87f7753bcb12
2023-01-16 14:43:07,053 [grpc-default-executor-0] INFO  impl.RoleInfo (RoleInfo.java:shutdownLeaderElection(130)) - edaf4ec7-b5bd-443f-91da-280c30b6b0af: shutdown edaf4ec7-b5bd-443f-91da-280c30b6b0af@group-E63E61230FA7-LeaderElection33
2023-01-16 14:43:07,054 [fe85205b-7d0e-4b68-96f2-42eee8168b18@group-E63E61230FA7-FollowerState] INFO  server.RaftServerConfigKeys (ConfUtils.java:logFallback(53)) - raft.server.rpc.first-election.timeout.min = 5s (fallback to raft.server.rpc.timeout.min)
2023-01-16 14:43:07,054 [fe85205b-7d0e-4b68-96f2-42eee8168b18@group-E63E61230FA7-FollowerState] INFO  server.RaftServerConfigKeys (ConfUtils.java:logFallback(53)) - raft.server.rpc.first-election.timeout.max = 5200ms (fallback to raft.server.rpc.timeout.max)
2023-01-16 14:43:07,054 [grpc-default-executor-0] INFO  impl.RoleInfo (RoleInfo.java:updateAndGet(139)) - edaf4ec7-b5bd-443f-91da-280c30b6b0af: start edaf4ec7-b5bd-443f-91da-280c30b6b0af@group-E63E61230FA7-FollowerState
2023-01-16 14:43:07,054 [edaf4ec7-b5bd-443f-91da-280c30b6b0af@group-E63E61230FA7-FollowerState] INFO  server.RaftServerConfigKeys (ConfUtils.java:logFallback(53)) - raft.server.rpc.first-election.timeout.min = 5s (fallback to raft.server.rpc.timeout.min)
2023-01-16 14:43:07,054 [edaf4ec7-b5bd-443f-91da-280c30b6b0af@group-E63E61230FA7-FollowerState] INFO  server.RaftServerConfigKeys (ConfUtils.java:logFallback(53)) - raft.server.rpc.first-election.timeout.max = 5200ms (fallback to raft.server.rpc.timeout.max)
2023-01-16 14:43:07,055 [grpc-default-executor-1] INFO  server.RaftServer$Division (RaftServerImpl.java:requestVote(1251)) - fe85205b-7d0e-4b68-96f2-42eee8168b18@group-E63E61230FA7 replies to ELECTION vote request: b4158a24-f3b4-469a-87ed-87f7753bcb12<-fe85205b-7d0e-4b68-96f2-42eee8168b18#0:FAIL-t1. Peer's state: fe85205b-7d0e-4b68-96f2-42eee8168b18@group-E63E61230FA7:t1, leader=null, voted=null, raftlog=Memoized:fe85205b-7d0e-4b68-96f2-42eee8168b18@group-E63E61230FA7-SegmentedRaftLog:OPENED:c-1, conf=-1: peers:[b4158a24-f3b4-469a-87ed-87f7753bcb12|rpc:10.1.1.103:34081|dataStream:10.1.1.103:39137|priority:0|startupRole:FOLLOWER, edaf4ec7-b5bd-443f-91da-280c30b6b0af|rpc:10.1.1.103:33751|dataStream:10.1.1.103:44513|priority:0|startupRole:FOLLOWER, fe85205b-7d0e-4b68-96f2-42eee8168b18|rpc:10.1.1.103:34621|dataStream:10.1.1.103:43717|priority:1|startupRole:FOLLOWER]|listeners:[], old=null
2023-01-16 14:43:07,056 [b4158a24-f3b4-469a-87ed-87f7753bcb12@group-E63E61230FA7-LeaderElection32] INFO  impl.LeaderElection (LeaderElection.java:logAndReturn(90)) - b4158a24-f3b4-469a-87ed-87f7753bcb12@group-E63E61230FA7-LeaderElection32: ELECTION REJECTED received 1 response(s) and 0 exception(s):
2023-01-16 14:43:07,056 [grpc-default-executor-0] INFO  server.RaftServer$Division (RaftServerImpl.java:requestVote(1251)) - edaf4ec7-b5bd-443f-91da-280c30b6b0af@group-E63E61230FA7 replies to ELECTION vote request: b4158a24-f3b4-469a-87ed-87f7753bcb12<-edaf4ec7-b5bd-443f-91da-280c30b6b0af#0:OK-t1. Peer's state: edaf4ec7-b5bd-443f-91da-280c30b6b0af@group-E63E61230FA7:t1, leader=null, voted=b4158a24-f3b4-469a-87ed-87f7753bcb12, raftlog=Memoized:edaf4ec7-b5bd-443f-91da-280c30b6b0af@group-E63E61230FA7-SegmentedRaftLog:OPENED:c-1, conf=-1: peers:[b4158a24-f3b4-469a-87ed-87f7753bcb12|rpc:10.1.1.103:34081|dataStream:10.1.1.103:39137|priority:0|startupRole:FOLLOWER, edaf4ec7-b5bd-443f-91da-280c30b6b0af|rpc:10.1.1.103:33751|dataStream:10.1.1.103:44513|priority:0|startupRole:FOLLOWER, fe85205b-7d0e-4b68-96f2-42eee8168b18|rpc:10.1.1.103:34621|dataStream:10.1.1.103:43717|priority:1|startupRole:FOLLOWER]|listeners:[], old=null
2023-01-16 14:43:07,056 [b4158a24-f3b4-469a-87ed-87f7753bcb12@group-E63E61230FA7-LeaderElection32] INFO  impl.LeaderElection (LeaderElection.java:logAndReturn(94)) -   Response 0: b4158a24-f3b4-469a-87ed-87f7753bcb12<-fe85205b-7d0e-4b68-96f2-42eee8168b18#0:FAIL-t1
2023-01-16 14:43:07,056 [b4158a24-f3b4-469a-87ed-87f7753bcb12@group-E63E61230FA7-LeaderElection32] INFO  impl.LeaderElection (LeaderElection.java:askForVotes(314)) - b4158a24-f3b4-469a-87ed-87f7753bcb12@group-E63E61230FA7-LeaderElection32 ELECTION round 0: result REJECTED
2023-01-16 14:43:07,057 [b4158a24-f3b4-469a-87ed-87f7753bcb12@group-E63E61230FA7-LeaderElection32] INFO  server.RaftServer$Division (RaftServerImpl.java:setRole(321)) - b4158a24-f3b4-469a-87ed-87f7753bcb12@group-E63E61230FA7: changes role from CANDIDATE to FOLLOWER at term 1 for REJECTED
2023-01-16 14:43:07,057 [b4158a24-f3b4-469a-87ed-87f7753bcb12@group-E63E61230FA7-LeaderElection32] INFO  impl.RoleInfo (RoleInfo.java:shutdownLeaderElection(130)) - b4158a24-f3b4-469a-87ed-87f7753bcb12: shutdown b4158a24-f3b4-469a-87ed-87f7753bcb12@group-E63E61230FA7-LeaderElection32
2023-01-16 14:43:07,057 [b4158a24-f3b4-469a-87ed-87f7753bcb12@group-E63E61230FA7-LeaderElection32] INFO  impl.RoleInfo (RoleInfo.java:updateAndGet(139)) - b4158a24-f3b4-469a-87ed-87f7753bcb12: start b4158a24-f3b4-469a-87ed-87f7753bcb12@group-E63E61230FA7-FollowerState
2023-01-16 14:43:07,057 [b4158a24-f3b4-469a-87ed-87f7753bcb12@group-E63E61230FA7-FollowerState] INFO  server.RaftServerConfigKeys (ConfUtils.java:logFallback(53)) - raft.server.rpc.first-election.timeout.min = 5s (fallback to raft.server.rpc.timeout.min)
2023-01-16 14:43:07,057 [b4158a24-f3b4-469a-87ed-87f7753bcb12@group-E63E61230FA7-FollowerState] INFO  server.RaftServerConfigKeys (ConfUtils.java:logFallback(53)) - raft.server.rpc.first-election.timeout.max = 5200ms (fallback to raft.server.rpc.timeout.max)
2023-01-16 14:43:07,385 [Listener at 127.0.0.1/44023] INFO  ozone.MiniOzoneClusterImpl (MiniOzoneClusterImpl.java:lambda$waitForClusterToBeReady$0(218)) - Nodes are ready. Got 6 of 6 DN Heartbeats.
2023-01-16 14:43:07,385 [Listener at 127.0.0.1/44023] INFO  ozone.MiniOzoneClusterImpl (MiniOzoneClusterImpl.java:lambda$waitForClusterToBeReady$0(221)) - Waiting for cluster to exit safe mode
2023-01-16 14:43:07,385 [Listener at 127.0.0.1/44023] INFO  ozone.MiniOzoneClusterImpl (MiniOzoneClusterImpl.java:lambda$waitForClusterToBeReady$0(223)) - SCM became leader
2023-01-16 14:43:07,818 [ca7e3987-4d62-4f50-9818-34d949b95429@group-014BD055F285-FollowerState] INFO  impl.FollowerState (FollowerState.java:run(143)) - ca7e3987-4d62-4f50-9818-34d949b95429@group-014BD055F285-FollowerState: change to CANDIDATE, lastRpcElapsedTime:5008615960ns, electionTimeout:5008ms
2023-01-16 14:43:07,818 [ca7e3987-4d62-4f50-9818-34d949b95429@group-014BD055F285-FollowerState] INFO  impl.RoleInfo (RoleInfo.java:shutdownFollowerState(110)) - ca7e3987-4d62-4f50-9818-34d949b95429: shutdown ca7e3987-4d62-4f50-9818-34d949b95429@group-014BD055F285-FollowerState
2023-01-16 14:43:07,819 [ca7e3987-4d62-4f50-9818-34d949b95429@group-014BD055F285-FollowerState] INFO  server.RaftServer$Division (RaftServerImpl.java:setRole(321)) - ca7e3987-4d62-4f50-9818-34d949b95429@group-014BD055F285: changes role from  FOLLOWER to CANDIDATE at term 0 for changeToCandidate
2023-01-16 14:43:07,819 [ca7e3987-4d62-4f50-9818-34d949b95429@group-014BD055F285-FollowerState] INFO  server.RaftServerConfigKeys (ConfUtils.java:logGet(46)) - raft.server.leaderelection.pre-vote = false (custom)
2023-01-16 14:43:07,819 [ca7e3987-4d62-4f50-9818-34d949b95429@group-014BD055F285-FollowerState] INFO  impl.RoleInfo (RoleInfo.java:updateAndGet(139)) - ca7e3987-4d62-4f50-9818-34d949b95429: start ca7e3987-4d62-4f50-9818-34d949b95429@group-014BD055F285-LeaderElection34
2023-01-16 14:43:07,822 [ca7e3987-4d62-4f50-9818-34d949b95429@group-014BD055F285-LeaderElection34] INFO  impl.LeaderElection (LeaderElection.java:askForVotes(312)) - ca7e3987-4d62-4f50-9818-34d949b95429@group-014BD055F285-LeaderElection34 ELECTION round 0: submit vote requests at term 1 for -1: peers:[53290e67-17c3-4c90-996e-c8ad22d82667|rpc:10.1.1.103:38457|dataStream:10.1.1.103:39377|priority:1|startupRole:FOLLOWER, ca7e3987-4d62-4f50-9818-34d949b95429|rpc:10.1.1.103:44861|dataStream:10.1.1.103:43889|priority:0|startupRole:FOLLOWER, 5cd6f085-199f-4d86-8efd-dd16eb4c4197|rpc:10.1.1.103:38983|dataStream:10.1.1.103:38531|priority:0|startupRole:FOLLOWER]|listeners:[], old=null
2023-01-16 14:43:07,822 [ca7e3987-4d62-4f50-9818-34d949b95429@group-014BD055F285-LeaderElection34-1] INFO  server.GrpcServerProtocolClient (GrpcServerProtocolClient.java:<init>(63)) - Build channel for 53290e67-17c3-4c90-996e-c8ad22d82667
2023-01-16 14:43:07,826 [ca7e3987-4d62-4f50-9818-34d949b95429@group-014BD055F285-LeaderElection34] INFO  server.RaftServerConfigKeys (ConfUtils.java:logFallback(53)) - raft.server.rpc.first-election.timeout.min = 5s (fallback to raft.server.rpc.timeout.min)
2023-01-16 14:43:07,826 [ca7e3987-4d62-4f50-9818-34d949b95429@group-014BD055F285-LeaderElection34] INFO  server.RaftServerConfigKeys (ConfUtils.java:logFallback(53)) - raft.server.rpc.first-election.timeout.max = 5200ms (fallback to raft.server.rpc.timeout.max)
2023-01-16 14:43:07,826 [ca7e3987-4d62-4f50-9818-34d949b95429@group-014BD055F285-LeaderElection34-2] INFO  server.GrpcServerProtocolClient (GrpcServerProtocolClient.java:<init>(63)) - Build channel for 5cd6f085-199f-4d86-8efd-dd16eb4c4197
2023-01-16 14:43:07,832 [grpc-default-executor-0] INFO  server.RaftServer$Division (RaftServerImpl.java:requestVote(1218)) - 5cd6f085-199f-4d86-8efd-dd16eb4c4197@group-014BD055F285: receive requestVote(ELECTION, ca7e3987-4d62-4f50-9818-34d949b95429, group-014BD055F285, 1, (t:0, i:0))
2023-01-16 14:43:07,832 [grpc-default-executor-0] INFO  impl.VoteContext (VoteContext.java:log(49)) - 5cd6f085-199f-4d86-8efd-dd16eb4c4197@group-014BD055F285-FOLLOWER: accept ELECTION from ca7e3987-4d62-4f50-9818-34d949b95429: our priority 0 <= candidate's priority 0
2023-01-16 14:43:07,832 [grpc-default-executor-0] INFO  server.RaftServer$Division (RaftServerImpl.java:setRole(321)) - 5cd6f085-199f-4d86-8efd-dd16eb4c4197@group-014BD055F285: changes role from  FOLLOWER to FOLLOWER at term 1 for candidate:ca7e3987-4d62-4f50-9818-34d949b95429
2023-01-16 14:43:07,832 [grpc-default-executor-0] INFO  impl.RoleInfo (RoleInfo.java:shutdownFollowerState(110)) - 5cd6f085-199f-4d86-8efd-dd16eb4c4197: shutdown 5cd6f085-199f-4d86-8efd-dd16eb4c4197@group-014BD055F285-FollowerState
2023-01-16 14:43:07,832 [grpc-default-executor-0] INFO  impl.RoleInfo (RoleInfo.java:updateAndGet(139)) - 5cd6f085-199f-4d86-8efd-dd16eb4c4197: start 5cd6f085-199f-4d86-8efd-dd16eb4c4197@group-014BD055F285-FollowerState
2023-01-16 14:43:07,832 [5cd6f085-199f-4d86-8efd-dd16eb4c4197@group-014BD055F285-FollowerState] INFO  impl.FollowerState (FollowerState.java:run(152)) - 5cd6f085-199f-4d86-8efd-dd16eb4c4197@group-014BD055F285-FollowerState was interrupted
2023-01-16 14:43:07,832 [5cd6f085-199f-4d86-8efd-dd16eb4c4197@group-014BD055F285-FollowerState] INFO  server.RaftServerConfigKeys (ConfUtils.java:logFallback(53)) - raft.server.rpc.first-election.timeout.min = 5s (fallback to raft.server.rpc.timeout.min)
2023-01-16 14:43:07,833 [5cd6f085-199f-4d86-8efd-dd16eb4c4197@group-014BD055F285-FollowerState] INFO  server.RaftServerConfigKeys (ConfUtils.java:logFallback(53)) - raft.server.rpc.first-election.timeout.max = 5200ms (fallback to raft.server.rpc.timeout.max)
2023-01-16 14:43:07,833 [grpc-default-executor-0] INFO  server.RaftServer$Division (RaftServerImpl.java:requestVote(1251)) - 5cd6f085-199f-4d86-8efd-dd16eb4c4197@group-014BD055F285 replies to ELECTION vote request: ca7e3987-4d62-4f50-9818-34d949b95429<-5cd6f085-199f-4d86-8efd-dd16eb4c4197#0:OK-t1. Peer's state: 5cd6f085-199f-4d86-8efd-dd16eb4c4197@group-014BD055F285:t1, leader=null, voted=ca7e3987-4d62-4f50-9818-34d949b95429, raftlog=Memoized:5cd6f085-199f-4d86-8efd-dd16eb4c4197@group-014BD055F285-SegmentedRaftLog:OPENED:c-1, conf=-1: peers:[53290e67-17c3-4c90-996e-c8ad22d82667|rpc:10.1.1.103:38457|dataStream:10.1.1.103:39377|priority:1|startupRole:FOLLOWER, ca7e3987-4d62-4f50-9818-34d949b95429|rpc:10.1.1.103:44861|dataStream:10.1.1.103:43889|priority:0|startupRole:FOLLOWER, 5cd6f085-199f-4d86-8efd-dd16eb4c4197|rpc:10.1.1.103:38983|dataStream:10.1.1.103:38531|priority:0|startupRole:FOLLOWER]|listeners:[], old=null
2023-01-16 14:43:07,836 [grpc-default-executor-0] INFO  server.RaftServer$Division (RaftServerImpl.java:requestVote(1218)) - 53290e67-17c3-4c90-996e-c8ad22d82667@group-014BD055F285: receive requestVote(ELECTION, ca7e3987-4d62-4f50-9818-34d949b95429, group-014BD055F285, 1, (t:0, i:0))
2023-01-16 14:43:07,836 [grpc-default-executor-0] INFO  impl.VoteContext (VoteContext.java:log(49)) - 53290e67-17c3-4c90-996e-c8ad22d82667@group-014BD055F285-FOLLOWER: reject ELECTION from ca7e3987-4d62-4f50-9818-34d949b95429: our priority 1 > candidate's priority 0
2023-01-16 14:43:07,836 [grpc-default-executor-0] INFO  server.RaftServer$Division (RaftServerImpl.java:setRole(321)) - 53290e67-17c3-4c90-996e-c8ad22d82667@group-014BD055F285: changes role from  FOLLOWER to FOLLOWER at term 1 for candidate:ca7e3987-4d62-4f50-9818-34d949b95429
2023-01-16 14:43:07,836 [grpc-default-executor-0] INFO  impl.RoleInfo (RoleInfo.java:shutdownFollowerState(110)) - 53290e67-17c3-4c90-996e-c8ad22d82667: shutdown 53290e67-17c3-4c90-996e-c8ad22d82667@group-014BD055F285-FollowerState
2023-01-16 14:43:07,837 [grpc-default-executor-0] INFO  impl.RoleInfo (RoleInfo.java:updateAndGet(139)) - 53290e67-17c3-4c90-996e-c8ad22d82667: start 53290e67-17c3-4c90-996e-c8ad22d82667@group-014BD055F285-FollowerState
2023-01-16 14:43:07,837 [53290e67-17c3-4c90-996e-c8ad22d82667@group-014BD055F285-FollowerState] INFO  impl.FollowerState (FollowerState.java:run(152)) - 53290e67-17c3-4c90-996e-c8ad22d82667@group-014BD055F285-FollowerState was interrupted
2023-01-16 14:43:07,840 [53290e67-17c3-4c90-996e-c8ad22d82667@group-014BD055F285-FollowerState] INFO  server.RaftServerConfigKeys (ConfUtils.java:logFallback(53)) - raft.server.rpc.first-election.timeout.min = 5s (fallback to raft.server.rpc.timeout.min)
2023-01-16 14:43:07,840 [53290e67-17c3-4c90-996e-c8ad22d82667@group-014BD055F285-FollowerState] INFO  server.RaftServerConfigKeys (ConfUtils.java:logFallback(53)) - raft.server.rpc.first-election.timeout.max = 5200ms (fallback to raft.server.rpc.timeout.max)
2023-01-16 14:43:07,841 [grpc-default-executor-0] INFO  server.RaftServer$Division (RaftServerImpl.java:requestVote(1251)) - 53290e67-17c3-4c90-996e-c8ad22d82667@group-014BD055F285 replies to ELECTION vote request: ca7e3987-4d62-4f50-9818-34d949b95429<-53290e67-17c3-4c90-996e-c8ad22d82667#0:FAIL-t1. Peer's state: 53290e67-17c3-4c90-996e-c8ad22d82667@group-014BD055F285:t1, leader=null, voted=null, raftlog=Memoized:53290e67-17c3-4c90-996e-c8ad22d82667@group-014BD055F285-SegmentedRaftLog:OPENED:c-1, conf=-1: peers:[53290e67-17c3-4c90-996e-c8ad22d82667|rpc:10.1.1.103:38457|dataStream:10.1.1.103:39377|priority:1|startupRole:FOLLOWER, ca7e3987-4d62-4f50-9818-34d949b95429|rpc:10.1.1.103:44861|dataStream:10.1.1.103:43889|priority:0|startupRole:FOLLOWER, 5cd6f085-199f-4d86-8efd-dd16eb4c4197|rpc:10.1.1.103:38983|dataStream:10.1.1.103:38531|priority:0|startupRole:FOLLOWER]|listeners:[], old=null
2023-01-16 14:43:07,841 [ca7e3987-4d62-4f50-9818-34d949b95429@group-014BD055F285-LeaderElection34] INFO  impl.LeaderElection (LeaderElection.java:logAndReturn(90)) - ca7e3987-4d62-4f50-9818-34d949b95429@group-014BD055F285-LeaderElection34: ELECTION REJECTED received 2 response(s) and 0 exception(s):
2023-01-16 14:43:07,841 [ca7e3987-4d62-4f50-9818-34d949b95429@group-014BD055F285-LeaderElection34] INFO  impl.LeaderElection (LeaderElection.java:logAndReturn(94)) -   Response 0: ca7e3987-4d62-4f50-9818-34d949b95429<-53290e67-17c3-4c90-996e-c8ad22d82667#0:FAIL-t1
2023-01-16 14:43:07,841 [ca7e3987-4d62-4f50-9818-34d949b95429@group-014BD055F285-LeaderElection34] INFO  impl.LeaderElection (LeaderElection.java:logAndReturn(94)) -   Response 1: ca7e3987-4d62-4f50-9818-34d949b95429<-5cd6f085-199f-4d86-8efd-dd16eb4c4197#0:OK-t1
2023-01-16 14:43:07,842 [ca7e3987-4d62-4f50-9818-34d949b95429@group-014BD055F285-LeaderElection34] INFO  impl.LeaderElection (LeaderElection.java:askForVotes(314)) - ca7e3987-4d62-4f50-9818-34d949b95429@group-014BD055F285-LeaderElection34 ELECTION round 0: result REJECTED
2023-01-16 14:43:07,842 [ca7e3987-4d62-4f50-9818-34d949b95429@group-014BD055F285-LeaderElection34] INFO  server.RaftServer$Division (RaftServerImpl.java:setRole(321)) - ca7e3987-4d62-4f50-9818-34d949b95429@group-014BD055F285: changes role from CANDIDATE to FOLLOWER at term 1 for REJECTED
2023-01-16 14:43:07,842 [ca7e3987-4d62-4f50-9818-34d949b95429@group-014BD055F285-LeaderElection34] INFO  impl.RoleInfo (RoleInfo.java:shutdownLeaderElection(130)) - ca7e3987-4d62-4f50-9818-34d949b95429: shutdown ca7e3987-4d62-4f50-9818-34d949b95429@group-014BD055F285-LeaderElection34
2023-01-16 14:43:07,842 [ca7e3987-4d62-4f50-9818-34d949b95429@group-014BD055F285-LeaderElection34] INFO  impl.RoleInfo (RoleInfo.java:updateAndGet(139)) - ca7e3987-4d62-4f50-9818-34d949b95429: start ca7e3987-4d62-4f50-9818-34d949b95429@group-014BD055F285-FollowerState
2023-01-16 14:43:07,842 [ca7e3987-4d62-4f50-9818-34d949b95429@group-014BD055F285-FollowerState] INFO  server.RaftServerConfigKeys (ConfUtils.java:logFallback(53)) - raft.server.rpc.first-election.timeout.min = 5s (fallback to raft.server.rpc.timeout.min)
2023-01-16 14:43:07,842 [ca7e3987-4d62-4f50-9818-34d949b95429@group-014BD055F285-FollowerState] INFO  server.RaftServerConfigKeys (ConfUtils.java:logFallback(53)) - raft.server.rpc.first-election.timeout.max = 5200ms (fallback to raft.server.rpc.timeout.max)
2023-01-16 14:43:07,928 [5cd6f085-199f-4d86-8efd-dd16eb4c4197@group-AD856BD91D88-FollowerState] INFO  impl.FollowerState (FollowerState.java:run(143)) - 5cd6f085-199f-4d86-8efd-dd16eb4c4197@group-AD856BD91D88-FollowerState: change to CANDIDATE, lastRpcElapsedTime:5072932266ns, electionTimeout:5072ms
2023-01-16 14:43:07,928 [5cd6f085-199f-4d86-8efd-dd16eb4c4197@group-AD856BD91D88-FollowerState] INFO  impl.RoleInfo (RoleInfo.java:shutdownFollowerState(110)) - 5cd6f085-199f-4d86-8efd-dd16eb4c4197: shutdown 5cd6f085-199f-4d86-8efd-dd16eb4c4197@group-AD856BD91D88-FollowerState
2023-01-16 14:43:07,929 [5cd6f085-199f-4d86-8efd-dd16eb4c4197@group-AD856BD91D88-FollowerState] INFO  server.RaftServer$Division (RaftServerImpl.java:setRole(321)) - 5cd6f085-199f-4d86-8efd-dd16eb4c4197@group-AD856BD91D88: changes role from  FOLLOWER to CANDIDATE at term 0 for changeToCandidate
2023-01-16 14:43:07,929 [5cd6f085-199f-4d86-8efd-dd16eb4c4197@group-AD856BD91D88-FollowerState] INFO  server.RaftServerConfigKeys (ConfUtils.java:logGet(46)) - raft.server.leaderelection.pre-vote = false (custom)
2023-01-16 14:43:07,929 [5cd6f085-199f-4d86-8efd-dd16eb4c4197@group-AD856BD91D88-FollowerState] INFO  impl.RoleInfo (RoleInfo.java:updateAndGet(139)) - 5cd6f085-199f-4d86-8efd-dd16eb4c4197: start 5cd6f085-199f-4d86-8efd-dd16eb4c4197@group-AD856BD91D88-LeaderElection35
2023-01-16 14:43:07,932 [5cd6f085-199f-4d86-8efd-dd16eb4c4197@group-AD856BD91D88-LeaderElection35] INFO  impl.LeaderElection (LeaderElection.java:askForVotes(312)) - 5cd6f085-199f-4d86-8efd-dd16eb4c4197@group-AD856BD91D88-LeaderElection35 ELECTION round 0: submit vote requests at term 1 for -1: peers:[53290e67-17c3-4c90-996e-c8ad22d82667|rpc:10.1.1.103:38457|dataStream:10.1.1.103:39377|priority:0|startupRole:FOLLOWER, ca7e3987-4d62-4f50-9818-34d949b95429|rpc:10.1.1.103:44861|dataStream:10.1.1.103:43889|priority:0|startupRole:FOLLOWER, 5cd6f085-199f-4d86-8efd-dd16eb4c4197|rpc:10.1.1.103:38983|dataStream:10.1.1.103:38531|priority:1|startupRole:FOLLOWER]|listeners:[], old=null
2023-01-16 14:43:07,932 [5cd6f085-199f-4d86-8efd-dd16eb4c4197@group-AD856BD91D88-LeaderElection35-1] INFO  server.GrpcServerProtocolClient (GrpcServerProtocolClient.java:<init>(63)) - Build channel for 53290e67-17c3-4c90-996e-c8ad22d82667
2023-01-16 14:43:07,935 [5cd6f085-199f-4d86-8efd-dd16eb4c4197@group-AD856BD91D88-LeaderElection35] INFO  server.RaftServerConfigKeys (ConfUtils.java:logFallback(53)) - raft.server.rpc.first-election.timeout.min = 5s (fallback to raft.server.rpc.timeout.min)
2023-01-16 14:43:07,935 [5cd6f085-199f-4d86-8efd-dd16eb4c4197@group-AD856BD91D88-LeaderElection35] INFO  server.RaftServerConfigKeys (ConfUtils.java:logFallback(53)) - raft.server.rpc.first-election.timeout.max = 5200ms (fallback to raft.server.rpc.timeout.max)
2023-01-16 14:43:07,935 [5cd6f085-199f-4d86-8efd-dd16eb4c4197@group-AD856BD91D88-LeaderElection35-2] INFO  server.GrpcServerProtocolClient (GrpcServerProtocolClient.java:<init>(63)) - Build channel for ca7e3987-4d62-4f50-9818-34d949b95429
2023-01-16 14:43:07,943 [grpc-default-executor-0] INFO  server.RaftServer$Division (RaftServerImpl.java:requestVote(1218)) - 53290e67-17c3-4c90-996e-c8ad22d82667@group-AD856BD91D88: receive requestVote(ELECTION, 5cd6f085-199f-4d86-8efd-dd16eb4c4197, group-AD856BD91D88, 1, (t:0, i:0))
2023-01-16 14:43:07,943 [grpc-default-executor-0] INFO  impl.VoteContext (VoteContext.java:log(49)) - 53290e67-17c3-4c90-996e-c8ad22d82667@group-AD856BD91D88-FOLLOWER: accept ELECTION from 5cd6f085-199f-4d86-8efd-dd16eb4c4197: our priority 0 <= candidate's priority 1
2023-01-16 14:43:07,943 [grpc-default-executor-0] INFO  server.RaftServer$Division (RaftServerImpl.java:setRole(321)) - 53290e67-17c3-4c90-996e-c8ad22d82667@group-AD856BD91D88: changes role from  FOLLOWER to FOLLOWER at term 1 for candidate:5cd6f085-199f-4d86-8efd-dd16eb4c4197
2023-01-16 14:43:07,943 [grpc-default-executor-0] INFO  impl.RoleInfo (RoleInfo.java:shutdownFollowerState(110)) - 53290e67-17c3-4c90-996e-c8ad22d82667: shutdown 53290e67-17c3-4c90-996e-c8ad22d82667@group-AD856BD91D88-FollowerState
2023-01-16 14:43:07,943 [grpc-default-executor-0] INFO  impl.RoleInfo (RoleInfo.java:updateAndGet(139)) - 53290e67-17c3-4c90-996e-c8ad22d82667: start 53290e67-17c3-4c90-996e-c8ad22d82667@group-AD856BD91D88-FollowerState
2023-01-16 14:43:07,943 [53290e67-17c3-4c90-996e-c8ad22d82667@group-AD856BD91D88-FollowerState] INFO  impl.FollowerState (FollowerState.java:run(152)) - 53290e67-17c3-4c90-996e-c8ad22d82667@group-AD856BD91D88-FollowerState was interrupted
2023-01-16 14:43:07,948 [53290e67-17c3-4c90-996e-c8ad22d82667@group-AD856BD91D88-FollowerState] INFO  server.RaftServerConfigKeys (ConfUtils.java:logFallback(53)) - raft.server.rpc.first-election.timeout.min = 5s (fallback to raft.server.rpc.timeout.min)
2023-01-16 14:43:07,948 [53290e67-17c3-4c90-996e-c8ad22d82667@group-AD856BD91D88-FollowerState] INFO  server.RaftServerConfigKeys (ConfUtils.java:logFallback(53)) - raft.server.rpc.first-election.timeout.max = 5200ms (fallback to raft.server.rpc.timeout.max)
2023-01-16 14:43:07,948 [grpc-default-executor-0] INFO  server.RaftServer$Division (RaftServerImpl.java:requestVote(1251)) - 53290e67-17c3-4c90-996e-c8ad22d82667@group-AD856BD91D88 replies to ELECTION vote request: 5cd6f085-199f-4d86-8efd-dd16eb4c4197<-53290e67-17c3-4c90-996e-c8ad22d82667#0:OK-t1. Peer's state: 53290e67-17c3-4c90-996e-c8ad22d82667@group-AD856BD91D88:t1, leader=null, voted=5cd6f085-199f-4d86-8efd-dd16eb4c4197, raftlog=Memoized:53290e67-17c3-4c90-996e-c8ad22d82667@group-AD856BD91D88-SegmentedRaftLog:OPENED:c-1, conf=-1: peers:[53290e67-17c3-4c90-996e-c8ad22d82667|rpc:10.1.1.103:38457|dataStream:10.1.1.103:39377|priority:0|startupRole:FOLLOWER, ca7e3987-4d62-4f50-9818-34d949b95429|rpc:10.1.1.103:44861|dataStream:10.1.1.103:43889|priority:0|startupRole:FOLLOWER, 5cd6f085-199f-4d86-8efd-dd16eb4c4197|rpc:10.1.1.103:38983|dataStream:10.1.1.103:38531|priority:1|startupRole:FOLLOWER]|listeners:[], old=null
2023-01-16 14:43:07,952 [grpc-default-executor-0] INFO  server.RaftServer$Division (RaftServerImpl.java:requestVote(1218)) - ca7e3987-4d62-4f50-9818-34d949b95429@group-AD856BD91D88: receive requestVote(ELECTION, 5cd6f085-199f-4d86-8efd-dd16eb4c4197, group-AD856BD91D88, 1, (t:0, i:0))
2023-01-16 14:43:07,952 [grpc-default-executor-0] INFO  impl.VoteContext (VoteContext.java:log(49)) - ca7e3987-4d62-4f50-9818-34d949b95429@group-AD856BD91D88-FOLLOWER: accept ELECTION from 5cd6f085-199f-4d86-8efd-dd16eb4c4197: our priority 0 <= candidate's priority 1
2023-01-16 14:43:07,952 [grpc-default-executor-0] INFO  server.RaftServer$Division (RaftServerImpl.java:setRole(321)) - ca7e3987-4d62-4f50-9818-34d949b95429@group-AD856BD91D88: changes role from  FOLLOWER to FOLLOWER at term 1 for candidate:5cd6f085-199f-4d86-8efd-dd16eb4c4197
2023-01-16 14:43:07,952 [grpc-default-executor-0] INFO  impl.RoleInfo (RoleInfo.java:shutdownFollowerState(110)) - ca7e3987-4d62-4f50-9818-34d949b95429: shutdown ca7e3987-4d62-4f50-9818-34d949b95429@group-AD856BD91D88-FollowerState
2023-01-16 14:43:07,952 [grpc-default-executor-0] INFO  impl.RoleInfo (RoleInfo.java:updateAndGet(139)) - ca7e3987-4d62-4f50-9818-34d949b95429: start ca7e3987-4d62-4f50-9818-34d949b95429@group-AD856BD91D88-FollowerState
2023-01-16 14:43:07,952 [ca7e3987-4d62-4f50-9818-34d949b95429@group-AD856BD91D88-FollowerState] INFO  impl.FollowerState (FollowerState.java:run(152)) - ca7e3987-4d62-4f50-9818-34d949b95429@group-AD856BD91D88-FollowerState was interrupted
2023-01-16 14:43:07,955 [5cd6f085-199f-4d86-8efd-dd16eb4c4197@group-AD856BD91D88-LeaderElection35] INFO  impl.LeaderElection (LeaderElection.java:logAndReturn(90)) - 5cd6f085-199f-4d86-8efd-dd16eb4c4197@group-AD856BD91D88-LeaderElection35: ELECTION PASSED received 1 response(s) and 0 exception(s):
2023-01-16 14:43:07,955 [ca7e3987-4d62-4f50-9818-34d949b95429@group-AD856BD91D88-FollowerState] INFO  server.RaftServerConfigKeys (ConfUtils.java:logFallback(53)) - raft.server.rpc.first-election.timeout.min = 5s (fallback to raft.server.rpc.timeout.min)
2023-01-16 14:43:07,955 [5cd6f085-199f-4d86-8efd-dd16eb4c4197@group-AD856BD91D88-LeaderElection35] INFO  impl.LeaderElection (LeaderElection.java:logAndReturn(94)) -   Response 0: 5cd6f085-199f-4d86-8efd-dd16eb4c4197<-53290e67-17c3-4c90-996e-c8ad22d82667#0:OK-t1
2023-01-16 14:43:07,955 [ca7e3987-4d62-4f50-9818-34d949b95429@group-AD856BD91D88-FollowerState] INFO  server.RaftServerConfigKeys (ConfUtils.java:logFallback(53)) - raft.server.rpc.first-election.timeout.max = 5200ms (fallback to raft.server.rpc.timeout.max)
2023-01-16 14:43:07,955 [5cd6f085-199f-4d86-8efd-dd16eb4c4197@group-AD856BD91D88-LeaderElection35] INFO  impl.LeaderElection (LeaderElection.java:askForVotes(314)) - 5cd6f085-199f-4d86-8efd-dd16eb4c4197@group-AD856BD91D88-LeaderElection35 ELECTION round 0: result PASSED
2023-01-16 14:43:07,956 [5cd6f085-199f-4d86-8efd-dd16eb4c4197@group-AD856BD91D88-LeaderElection35] INFO  impl.RoleInfo (RoleInfo.java:shutdownLeaderElection(130)) - 5cd6f085-199f-4d86-8efd-dd16eb4c4197: shutdown 5cd6f085-199f-4d86-8efd-dd16eb4c4197@group-AD856BD91D88-LeaderElection35
2023-01-16 14:43:07,956 [5cd6f085-199f-4d86-8efd-dd16eb4c4197@group-AD856BD91D88-LeaderElection35] INFO  server.RaftServer$Division (RaftServerImpl.java:setRole(321)) - 5cd6f085-199f-4d86-8efd-dd16eb4c4197@group-AD856BD91D88: changes role from CANDIDATE to LEADER at term 1 for changeToLeader
2023-01-16 14:43:07,956 [5cd6f085-199f-4d86-8efd-dd16eb4c4197@group-AD856BD91D88-LeaderElection35] INFO  ratis.XceiverServerRatis (XceiverServerRatis.java:handleLeaderChangedNotification(904)) - Leader change notification received for group: group-AD856BD91D88 with new leaderId: 5cd6f085-199f-4d86-8efd-dd16eb4c4197
2023-01-16 14:43:07,956 [5cd6f085-199f-4d86-8efd-dd16eb4c4197@group-AD856BD91D88-LeaderElection35] INFO  server.RaftServer$Division (ServerState.java:setLeader(313)) - 5cd6f085-199f-4d86-8efd-dd16eb4c4197@group-AD856BD91D88: change Leader from null to 5cd6f085-199f-4d86-8efd-dd16eb4c4197 at term 1 for becomeLeader, leader elected after 5113ms
2023-01-16 14:43:07,956 [5cd6f085-199f-4d86-8efd-dd16eb4c4197@group-AD856BD91D88-LeaderElection35] INFO  server.RaftServerConfigKeys (ConfUtils.java:logGet(46)) - raft.server.staging.catchup.gap = 1000 (default)
2023-01-16 14:43:07,956 [5cd6f085-199f-4d86-8efd-dd16eb4c4197@group-AD856BD91D88-LeaderElection35] INFO  server.RaftServerConfigKeys (ConfUtils.java:logGet(46)) - raft.server.write.element-limit = 1024 (custom)
2023-01-16 14:43:07,956 [5cd6f085-199f-4d86-8efd-dd16eb4c4197@group-AD856BD91D88-LeaderElection35] INFO  server.RaftServerConfigKeys (ConfUtils.java:logGet(46)) - raft.server.write.byte-limit = 1024 M (=1073741824) (custom)
2023-01-16 14:43:07,956 [5cd6f085-199f-4d86-8efd-dd16eb4c4197@group-AD856BD91D88-LeaderElection35] INFO  server.RaftServerConfigKeys (ConfUtils.java:logGet(46)) - raft.server.watch.timeout = 180s (custom)
2023-01-16 14:43:07,957 [5cd6f085-199f-4d86-8efd-dd16eb4c4197@group-AD856BD91D88-LeaderElection35] INFO  server.RaftServerConfigKeys (ConfUtils.java:logGet(46)) - raft.server.watch.timeout.denomination = 1s (default)
2023-01-16 14:43:07,957 [5cd6f085-199f-4d86-8efd-dd16eb4c4197@group-AD856BD91D88-LeaderElection35] INFO  server.RaftServerConfigKeys (ConfUtils.java:logGet(46)) - raft.server.watch.element-limit = 65536 (default)
2023-01-16 14:43:07,957 [5cd6f085-199f-4d86-8efd-dd16eb4c4197@group-AD856BD91D88-LeaderElection35] INFO  server.RaftServerConfigKeys (ConfUtils.java:logGet(46)) - raft.server.write.element-limit = 1024 (custom)
2023-01-16 14:43:07,957 [5cd6f085-199f-4d86-8efd-dd16eb4c4197@group-AD856BD91D88-LeaderElection35] INFO  server.RaftServerConfigKeys (ConfUtils.java:logGet(46)) - raft.server.write.follower.gap.ratio.max = -1.0 (default)
2023-01-16 14:43:07,957 [5cd6f085-199f-4d86-8efd-dd16eb4c4197@group-AD856BD91D88-LeaderElection35] INFO  server.RaftServerConfigKeys (ConfUtils.java:logGet(46)) - raft.server.log.appender.snapshot.chunk.size.max = 16MB (=16777216) (default)
2023-01-16 14:43:07,957 [5cd6f085-199f-4d86-8efd-dd16eb4c4197@group-AD856BD91D88-LeaderElection35] INFO  server.RaftServerConfigKeys (ConfUtils.java:logGet(46)) - raft.server.log.appender.buffer.byte-limit = 33554432 (custom)
2023-01-16 14:43:07,957 [5cd6f085-199f-4d86-8efd-dd16eb4c4197@group-AD856BD91D88-LeaderElection35] INFO  server.RaftServerConfigKeys (ConfUtils.java:logGet(46)) - raft.server.log.appender.buffer.element-limit = 1 (custom)
2023-01-16 14:43:07,957 [5cd6f085-199f-4d86-8efd-dd16eb4c4197@group-AD856BD91D88-LeaderElection35] INFO  grpc.GrpcConfigKeys (ConfUtils.java:logGet(46)) - raft.grpc.server.leader.outstanding.appends.max = 128 (default)
2023-01-16 14:43:07,957 [5cd6f085-199f-4d86-8efd-dd16eb4c4197@group-AD856BD91D88-LeaderElection35] INFO  server.RaftServerConfigKeys (ConfUtils.java:logGet(46)) - raft.server.rpc.request.timeout = 60s (custom)
2023-01-16 14:43:07,957 [5cd6f085-199f-4d86-8efd-dd16eb4c4197@group-AD856BD91D88-LeaderElection35] INFO  server.RaftServerConfigKeys (ConfUtils.java:logGet(46)) - raft.server.log.appender.install.snapshot.enabled = false (custom)
2023-01-16 14:43:07,957 [5cd6f085-199f-4d86-8efd-dd16eb4c4197@group-AD856BD91D88-LeaderElection35] INFO  grpc.GrpcConfigKeys (ConfUtils.java:logGet(46)) - raft.grpc.server.heartbeat.channel = true (default)
2023-01-16 14:43:07,957 [5cd6f085-199f-4d86-8efd-dd16eb4c4197@group-AD856BD91D88-LeaderElection35] INFO  server.RaftServerConfigKeys (ConfUtils.java:logGet(46)) - raft.server.log.appender.wait-time.min = 10ms (default)
2023-01-16 14:43:07,958 [5cd6f085-199f-4d86-8efd-dd16eb4c4197@group-AD856BD91D88-LeaderElection35] INFO  server.RaftServerConfigKeys (ConfUtils.java:logGet(46)) - raft.server.log.appender.snapshot.chunk.size.max = 16MB (=16777216) (default)
2023-01-16 14:43:07,958 [5cd6f085-199f-4d86-8efd-dd16eb4c4197@group-AD856BD91D88-LeaderElection35] INFO  server.RaftServerConfigKeys (ConfUtils.java:logGet(46)) - raft.server.log.appender.buffer.byte-limit = 33554432 (custom)
2023-01-16 14:43:07,958 [5cd6f085-199f-4d86-8efd-dd16eb4c4197@group-AD856BD91D88-LeaderElection35] INFO  server.RaftServerConfigKeys (ConfUtils.java:logGet(46)) - raft.server.log.appender.buffer.element-limit = 1 (custom)
2023-01-16 14:43:07,958 [5cd6f085-199f-4d86-8efd-dd16eb4c4197@group-AD856BD91D88-LeaderElection35] INFO  grpc.GrpcConfigKeys (ConfUtils.java:logGet(46)) - raft.grpc.server.leader.outstanding.appends.max = 128 (default)
2023-01-16 14:43:07,958 [5cd6f085-199f-4d86-8efd-dd16eb4c4197@group-AD856BD91D88-LeaderElection35] INFO  server.RaftServerConfigKeys (ConfUtils.java:logGet(46)) - raft.server.rpc.request.timeout = 60s (custom)
2023-01-16 14:43:07,958 [5cd6f085-199f-4d86-8efd-dd16eb4c4197@group-AD856BD91D88-LeaderElection35] INFO  server.RaftServerConfigKeys (ConfUtils.java:logGet(46)) - raft.server.log.appender.install.snapshot.enabled = false (custom)
2023-01-16 14:43:07,958 [5cd6f085-199f-4d86-8efd-dd16eb4c4197@group-AD856BD91D88-LeaderElection35] INFO  grpc.GrpcConfigKeys (ConfUtils.java:logGet(46)) - raft.grpc.server.heartbeat.channel = true (default)
2023-01-16 14:43:07,958 [5cd6f085-199f-4d86-8efd-dd16eb4c4197@group-AD856BD91D88-LeaderElection35] INFO  server.RaftServerConfigKeys (ConfUtils.java:logGet(46)) - raft.server.log.appender.wait-time.min = 10ms (default)
2023-01-16 14:43:07,958 [5cd6f085-199f-4d86-8efd-dd16eb4c4197@group-AD856BD91D88-LeaderElection35] INFO  impl.RoleInfo (RoleInfo.java:updateAndGet(139)) - 5cd6f085-199f-4d86-8efd-dd16eb4c4197: start 5cd6f085-199f-4d86-8efd-dd16eb4c4197@group-AD856BD91D88-LeaderStateImpl
2023-01-16 14:43:07,959 [5cd6f085-199f-4d86-8efd-dd16eb4c4197@group-AD856BD91D88-LeaderElection35] INFO  segmented.SegmentedRaftLogWorker (SegmentedRaftLogWorker.java:startLogSegment(452)) - 5cd6f085-199f-4d86-8efd-dd16eb4c4197@group-AD856BD91D88-SegmentedRaftLogWorker: Starting segment from index:0
2023-01-16 14:43:07,959 [EventQueue-PipelineReportForPipelineReportHandler] INFO  pipeline.PipelineManagerImpl (PipelineManagerImpl.java:openPipeline(367)) - Pipeline Pipeline[ Id: 9c529fa9-7a50-48f6-b7e9-ad856bd91d88, Nodes: 5cd6f085-199f-4d86-8efd-dd16eb4c4197(fv-az203-757.ild0l4k5vsluppoevu2oqvhmda.cx.internal.cloudapp.net/10.1.1.103)53290e67-17c3-4c90-996e-c8ad22d82667(fv-az203-757.ild0l4k5vsluppoevu2oqvhmda.cx.internal.cloudapp.net/10.1.1.103)ca7e3987-4d62-4f50-9818-34d949b95429(fv-az203-757.ild0l4k5vsluppoevu2oqvhmda.cx.internal.cloudapp.net/10.1.1.103), ReplicationConfig: RATIS/THREE, State:ALLOCATED, leaderId:5cd6f085-199f-4d86-8efd-dd16eb4c4197, CreationTimestamp2023-01-16T14:43:00.388Z[Etc/UTC]] moved to OPEN state
2023-01-16 14:43:07,961 [grpc-default-executor-0] INFO  server.RaftServer$Division (RaftServerImpl.java:requestVote(1251)) - ca7e3987-4d62-4f50-9818-34d949b95429@group-AD856BD91D88 replies to ELECTION vote request: 5cd6f085-199f-4d86-8efd-dd16eb4c4197<-ca7e3987-4d62-4f50-9818-34d949b95429#0:OK-t1. Peer's state: ca7e3987-4d62-4f50-9818-34d949b95429@group-AD856BD91D88:t1, leader=null, voted=5cd6f085-199f-4d86-8efd-dd16eb4c4197, raftlog=Memoized:ca7e3987-4d62-4f50-9818-34d949b95429@group-AD856BD91D88-SegmentedRaftLog:OPENED:c-1, conf=-1: peers:[53290e67-17c3-4c90-996e-c8ad22d82667|rpc:10.1.1.103:38457|dataStream:10.1.1.103:39377|priority:0|startupRole:FOLLOWER, ca7e3987-4d62-4f50-9818-34d949b95429|rpc:10.1.1.103:44861|dataStream:10.1.1.103:43889|priority:0|startupRole:FOLLOWER, 5cd6f085-199f-4d86-8efd-dd16eb4c4197|rpc:10.1.1.103:38983|dataStream:10.1.1.103:38531|priority:1|startupRole:FOLLOWER]|listeners:[], old=null
2023-01-16 14:43:07,962 [5cd6f085-199f-4d86-8efd-dd16eb4c4197@group-AD856BD91D88-SegmentedRaftLogWorker] INFO  segmented.SegmentedRaftLogWorker (SegmentedRaftLogWorker.java:execute(656)) - 5cd6f085-199f-4d86-8efd-dd16eb4c4197@group-AD856BD91D88-SegmentedRaftLogWorker: created new log segment /home/runner/work/ozone/ozone/hadoop-ozone/integration-test/target/test-dir/MiniOzoneClusterImpl-3631b34d-cc81-4479-8217-32b495b3d7e3/datanode-3/data/ratis/9c529fa9-7a50-48f6-b7e9-ad856bd91d88/current/log_inprogress_0
2023-01-16 14:43:07,970 [5cd6f085-199f-4d86-8efd-dd16eb4c4197@group-AD856BD91D88-LeaderElection35] INFO  server.RaftServer$Division (ServerState.java:setRaftConf(430)) - 5cd6f085-199f-4d86-8efd-dd16eb4c4197@group-AD856BD91D88: set configuration 0: peers:[53290e67-17c3-4c90-996e-c8ad22d82667|rpc:10.1.1.103:38457|dataStream:10.1.1.103:39377|priority:0|startupRole:FOLLOWER, ca7e3987-4d62-4f50-9818-34d949b95429|rpc:10.1.1.103:44861|dataStream:10.1.1.103:43889|priority:0|startupRole:FOLLOWER, 5cd6f085-199f-4d86-8efd-dd16eb4c4197|rpc:10.1.1.103:38983|dataStream:10.1.1.103:38531|priority:1|startupRole:FOLLOWER]|listeners:[], old=null
2023-01-16 14:43:07,977 [EventQueue-OpenPipelineForHealthyPipelineSafeModeRule] INFO  safemode.SCMSafeModeManager (HealthyPipelineSafeModeRule.java:process(137)) - SCM in safe mode. Healthy pipelines reported count is 1, required healthy pipeline reported count is 1
2023-01-16 14:43:07,977 [EventQueue-OpenPipelineForHealthyPipelineSafeModeRule] INFO  safemode.SCMSafeModeManager (SCMSafeModeManager.java:validateSafeModeExitRules(200)) - HealthyPipelineSafeModeRule rule is successfully validated
2023-01-16 14:43:07,977 [EventQueue-OpenPipelineForHealthyPipelineSafeModeRule] INFO  safemode.SCMSafeModeManager (SCMSafeModeManager.java:validateSafeModeExitRules(215)) - ScmSafeModeManager, all rules are successfully validated
2023-01-16 14:43:07,977 [EventQueue-OpenPipelineForHealthyPipelineSafeModeRule] INFO  safemode.SCMSafeModeManager (SCMSafeModeManager.java:exitSafeMode(244)) - SCM exiting safe mode.
2023-01-16 14:43:07,977 [EventQueue-OpenPipelineForHealthyPipelineSafeModeRule] INFO  ha.SCMContext (SCMContext.java:updateSafeModeStatus(228)) - Update SafeModeStatus from SafeModeStatus{safeModeStatus=true, preCheckPassed=true} to SafeModeStatus{safeModeStatus=false, preCheckPassed=true}.
2023-01-16 14:43:07,977 [53290e67-17c3-4c90-996e-c8ad22d82667-server-thread1] INFO  ratis.XceiverServerRatis (XceiverServerRatis.java:handleLeaderChangedNotification(904)) - Leader change notification received for group: group-AD856BD91D88 with new leaderId: 5cd6f085-199f-4d86-8efd-dd16eb4c4197
2023-01-16 14:43:07,977 [53290e67-17c3-4c90-996e-c8ad22d82667-server-thread1] INFO  server.RaftServer$Division (ServerState.java:setLeader(313)) - 53290e67-17c3-4c90-996e-c8ad22d82667@group-AD856BD91D88: change Leader from null to 5cd6f085-199f-4d86-8efd-dd16eb4c4197 at term 1 for appendEntries, leader elected after 5111ms
2023-01-16 14:43:07,977 [EventQueue-OpenPipelineForHealthyPipelineSafeModeRule] INFO  pipeline.BackgroundPipelineCreator (BackgroundPipelineCreator.java:notifyStatusChanged(254)) - Service BackgroundPipelineCreator transitions to RUNNING.
2023-01-16 14:43:07,977 [EventQueue-OpenPipelineForHealthyPipelineSafeModeRule] INFO  BackgroundPipelineScrubber (BackgroundSCMService.java:notifyStatusChanged(82)) - Service BackgroundPipelineScrubber transitions to RUNNING.
2023-01-16 14:43:07,977 [EventQueue-OpenPipelineForHealthyPipelineSafeModeRule] INFO  ExpiredContainerReplicaOpScrubber (BackgroundSCMService.java:notifyStatusChanged(82)) - Service ExpiredContainerReplicaOpScrubber transitions to RUNNING.
2023-01-16 14:43:07,977 [EventQueue-OpenPipelineForHealthyPipelineSafeModeRule] INFO  replication.ReplicationManager (ReplicationManager.java:notifyStatusChanged(919)) - Service ReplicationManager transitions to RUNNING.
2023-01-16 14:43:07,977 [EventQueue-OpenPipelineForHealthyPipelineSafeModeRule] WARN  balancer.ContainerBalancer (ContainerBalancer.java:shouldRun(131)) - Could not find persisted configuration for ContainerBalancer when checking if ContainerBalancer should run. ContainerBalancer should not run now.
2023-01-16 14:43:07,988 [ca7e3987-4d62-4f50-9818-34d949b95429-server-thread1] INFO  ratis.XceiverServerRatis (XceiverServerRatis.java:handleLeaderChangedNotification(904)) - Leader change notification received for group: group-AD856BD91D88 with new leaderId: 5cd6f085-199f-4d86-8efd-dd16eb4c4197
2023-01-16 14:43:07,988 [ca7e3987-4d62-4f50-9818-34d949b95429-server-thread1] INFO  server.RaftServer$Division (ServerState.java:setLeader(313)) - ca7e3987-4d62-4f50-9818-34d949b95429@group-AD856BD91D88: change Leader from null to 5cd6f085-199f-4d86-8efd-dd16eb4c4197 at term 1 for appendEntries, leader elected after 4754ms
2023-01-16 14:43:08,000 [ca7e3987-4d62-4f50-9818-34d949b95429-server-thread1] INFO  server.RaftServer$Division (ServerState.java:setRaftConf(430)) - ca7e3987-4d62-4f50-9818-34d949b95429@group-AD856BD91D88: set configuration 0: peers:[53290e67-17c3-4c90-996e-c8ad22d82667|rpc:10.1.1.103:38457|dataStream:10.1.1.103:39377|priority:0|startupRole:FOLLOWER, ca7e3987-4d62-4f50-9818-34d949b95429|rpc:10.1.1.103:44861|dataStream:10.1.1.103:43889|priority:0|startupRole:FOLLOWER, 5cd6f085-199f-4d86-8efd-dd16eb4c4197|rpc:10.1.1.103:38983|dataStream:10.1.1.103:38531|priority:1|startupRole:FOLLOWER]|listeners:[], old=null
2023-01-16 14:43:08,002 [ca7e3987-4d62-4f50-9818-34d949b95429-server-thread1] INFO  segmented.SegmentedRaftLogWorker (SegmentedRaftLogWorker.java:startLogSegment(452)) - ca7e3987-4d62-4f50-9818-34d949b95429@group-AD856BD91D88-SegmentedRaftLogWorker: Starting segment from index:0
2023-01-16 14:43:08,003 [ca7e3987-4d62-4f50-9818-34d949b95429@group-AD856BD91D88-SegmentedRaftLogWorker] INFO  segmented.SegmentedRaftLogWorker (SegmentedRaftLogWorker.java:execute(656)) - ca7e3987-4d62-4f50-9818-34d949b95429@group-AD856BD91D88-SegmentedRaftLogWorker: created new log segment /home/runner/work/ozone/ozone/hadoop-ozone/integration-test/target/test-dir/MiniOzoneClusterImpl-3631b34d-cc81-4479-8217-32b495b3d7e3/datanode-5/data/ratis/9c529fa9-7a50-48f6-b7e9-ad856bd91d88/current/log_inprogress_0
2023-01-16 14:43:08,005 [53290e67-17c3-4c90-996e-c8ad22d82667-server-thread3] INFO  server.RaftServer$Division (ServerState.java:setRaftConf(430)) - 53290e67-17c3-4c90-996e-c8ad22d82667@group-AD856BD91D88: set configuration 0: peers:[53290e67-17c3-4c90-996e-c8ad22d82667|rpc:10.1.1.103:38457|dataStream:10.1.1.103:39377|priority:0|startupRole:FOLLOWER, ca7e3987-4d62-4f50-9818-34d949b95429|rpc:10.1.1.103:44861|dataStream:10.1.1.103:43889|priority:0|startupRole:FOLLOWER, 5cd6f085-199f-4d86-8efd-dd16eb4c4197|rpc:10.1.1.103:38983|dataStream:10.1.1.103:38531|priority:1|startupRole:FOLLOWER]|listeners:[], old=null
2023-01-16 14:43:08,005 [53290e67-17c3-4c90-996e-c8ad22d82667-server-thread3] INFO  segmented.SegmentedRaftLogWorker (SegmentedRaftLogWorker.java:startLogSegment(452)) - 53290e67-17c3-4c90-996e-c8ad22d82667@group-AD856BD91D88-SegmentedRaftLogWorker: Starting segment from index:0
2023-01-16 14:43:08,008 [53290e67-17c3-4c90-996e-c8ad22d82667@group-AD856BD91D88-SegmentedRaftLogWorker] INFO  segmented.SegmentedRaftLogWorker (SegmentedRaftLogWorker.java:execute(656)) - 53290e67-17c3-4c90-996e-c8ad22d82667@group-AD856BD91D88-SegmentedRaftLogWorker: created new log segment /home/runner/work/ozone/ozone/hadoop-ozone/integration-test/target/test-dir/MiniOzoneClusterImpl-3631b34d-cc81-4479-8217-32b495b3d7e3/datanode-4/data/ratis/9c529fa9-7a50-48f6-b7e9-ad856bd91d88/current/log_inprogress_0
2023-01-16 14:43:08,385 [Listener at 127.0.0.1/44023] INFO  ozone.MiniOzoneClusterImpl (MiniOzoneClusterImpl.java:lambda$waitForClusterToBeReady$0(218)) - Nodes are ready. Got 6 of 6 DN Heartbeats.
2023-01-16 14:43:08,386 [Listener at 127.0.0.1/44023] INFO  ozone.MiniOzoneClusterImpl (MiniOzoneClusterImpl.java:lambda$waitForClusterToBeReady$0(221)) - Cluster exits safe mode
2023-01-16 14:43:08,386 [Listener at 127.0.0.1/44023] INFO  ozone.MiniOzoneClusterImpl (MiniOzoneClusterImpl.java:lambda$waitForClusterToBeReady$0(223)) - SCM became leader
2023-01-16 14:43:12,001 [edaf4ec7-b5bd-443f-91da-280c30b6b0af@group-311F4BFD6CB6-FollowerState] INFO  impl.FollowerState (FollowerState.java:run(143)) - edaf4ec7-b5bd-443f-91da-280c30b6b0af@group-311F4BFD6CB6-FollowerState: change to CANDIDATE, lastRpcElapsedTime:5057350064ns, electionTimeout:5055ms
2023-01-16 14:43:12,002 [edaf4ec7-b5bd-443f-91da-280c30b6b0af@group-311F4BFD6CB6-FollowerState] INFO  impl.RoleInfo (RoleInfo.java:shutdownFollowerState(110)) - edaf4ec7-b5bd-443f-91da-280c30b6b0af: shutdown edaf4ec7-b5bd-443f-91da-280c30b6b0af@group-311F4BFD6CB6-FollowerState
2023-01-16 14:43:12,002 [edaf4ec7-b5bd-443f-91da-280c30b6b0af@group-311F4BFD6CB6-FollowerState] INFO  server.RaftServer$Division (RaftServerImpl.java:setRole(321)) - edaf4ec7-b5bd-443f-91da-280c30b6b0af@group-311F4BFD6CB6: changes role from  FOLLOWER to CANDIDATE at term 1 for changeToCandidate
2023-01-16 14:43:12,002 [edaf4ec7-b5bd-443f-91da-280c30b6b0af@group-311F4BFD6CB6-FollowerState] INFO  server.RaftServerConfigKeys (ConfUtils.java:logGet(46)) - raft.server.leaderelection.pre-vote = false (custom)
2023-01-16 14:43:12,002 [edaf4ec7-b5bd-443f-91da-280c30b6b0af@group-311F4BFD6CB6-FollowerState] INFO  impl.RoleInfo (RoleInfo.java:updateAndGet(139)) - edaf4ec7-b5bd-443f-91da-280c30b6b0af: start edaf4ec7-b5bd-443f-91da-280c30b6b0af@group-311F4BFD6CB6-LeaderElection36
2023-01-16 14:43:12,004 [edaf4ec7-b5bd-443f-91da-280c30b6b0af@group-311F4BFD6CB6-LeaderElection36] INFO  impl.LeaderElection (LeaderElection.java:askForVotes(312)) - edaf4ec7-b5bd-443f-91da-280c30b6b0af@group-311F4BFD6CB6-LeaderElection36 ELECTION round 0: submit vote requests at term 2 for -1: peers:[b4158a24-f3b4-469a-87ed-87f7753bcb12|rpc:10.1.1.103:34081|dataStream:10.1.1.103:39137|priority:0|startupRole:FOLLOWER, edaf4ec7-b5bd-443f-91da-280c30b6b0af|rpc:10.1.1.103:33751|dataStream:10.1.1.103:44513|priority:1|startupRole:FOLLOWER, fe85205b-7d0e-4b68-96f2-42eee8168b18|rpc:10.1.1.103:34621|dataStream:10.1.1.103:43717|priority:0|startupRole:FOLLOWER]|listeners:[], old=null
2023-01-16 14:43:12,006 [edaf4ec7-b5bd-443f-91da-280c30b6b0af@group-311F4BFD6CB6-LeaderElection36-1] INFO  server.GrpcServerProtocolClient (GrpcServerProtocolClient.java:<init>(63)) - Build channel for b4158a24-f3b4-469a-87ed-87f7753bcb12
2023-01-16 14:43:12,009 [edaf4ec7-b5bd-443f-91da-280c30b6b0af@group-311F4BFD6CB6-LeaderElection36] INFO  server.RaftServerConfigKeys (ConfUtils.java:logFallback(53)) - raft.server.rpc.first-election.timeout.min = 5s (fallback to raft.server.rpc.timeout.min)
2023-01-16 14:43:12,009 [edaf4ec7-b5bd-443f-91da-280c30b6b0af@group-311F4BFD6CB6-LeaderElection36] INFO  server.RaftServerConfigKeys (ConfUtils.java:logFallback(53)) - raft.server.rpc.first-election.timeout.max = 5200ms (fallback to raft.server.rpc.timeout.max)
2023-01-16 14:43:12,013 [grpc-default-executor-3] INFO  server.RaftServer$Division (RaftServerImpl.java:requestVote(1218)) - b4158a24-f3b4-469a-87ed-87f7753bcb12@group-311F4BFD6CB6: receive requestVote(ELECTION, edaf4ec7-b5bd-443f-91da-280c30b6b0af, group-311F4BFD6CB6, 2, (t:0, i:0))
2023-01-16 14:43:12,014 [grpc-default-executor-3] INFO  impl.VoteContext (VoteContext.java:log(49)) - b4158a24-f3b4-469a-87ed-87f7753bcb12@group-311F4BFD6CB6-FOLLOWER: accept ELECTION from edaf4ec7-b5bd-443f-91da-280c30b6b0af: our priority 0 <= candidate's priority 1
2023-01-16 14:43:12,014 [grpc-default-executor-3] INFO  server.RaftServer$Division (RaftServerImpl.java:setRole(321)) - b4158a24-f3b4-469a-87ed-87f7753bcb12@group-311F4BFD6CB6: changes role from  FOLLOWER to FOLLOWER at term 2 for candidate:edaf4ec7-b5bd-443f-91da-280c30b6b0af
2023-01-16 14:43:12,014 [grpc-default-executor-3] INFO  impl.RoleInfo (RoleInfo.java:shutdownFollowerState(110)) - b4158a24-f3b4-469a-87ed-87f7753bcb12: shutdown b4158a24-f3b4-469a-87ed-87f7753bcb12@group-311F4BFD6CB6-FollowerState
2023-01-16 14:43:12,014 [grpc-default-executor-3] INFO  impl.RoleInfo (RoleInfo.java:updateAndGet(139)) - b4158a24-f3b4-469a-87ed-87f7753bcb12: start b4158a24-f3b4-469a-87ed-87f7753bcb12@group-311F4BFD6CB6-FollowerState
2023-01-16 14:43:12,014 [b4158a24-f3b4-469a-87ed-87f7753bcb12@group-311F4BFD6CB6-FollowerState] INFO  impl.FollowerState (FollowerState.java:run(152)) - b4158a24-f3b4-469a-87ed-87f7753bcb12@group-311F4BFD6CB6-FollowerState was interrupted
2023-01-16 14:43:12,015 [edaf4ec7-b5bd-443f-91da-280c30b6b0af@group-311F4BFD6CB6-LeaderElection36-2] INFO  server.GrpcServerProtocolClient (GrpcServerProtocolClient.java:<init>(63)) - Build channel for fe85205b-7d0e-4b68-96f2-42eee8168b18
2023-01-16 14:43:12,019 [grpc-default-executor-3] INFO  server.RaftServer$Division (RaftServerImpl.java:requestVote(1251)) - b4158a24-f3b4-469a-87ed-87f7753bcb12@group-311F4BFD6CB6 replies to ELECTION vote request: edaf4ec7-b5bd-443f-91da-280c30b6b0af<-b4158a24-f3b4-469a-87ed-87f7753bcb12#0:OK-t2. Peer's state: b4158a24-f3b4-469a-87ed-87f7753bcb12@group-311F4BFD6CB6:t2, leader=null, voted=edaf4ec7-b5bd-443f-91da-280c30b6b0af, raftlog=Memoized:b4158a24-f3b4-469a-87ed-87f7753bcb12@group-311F4BFD6CB6-SegmentedRaftLog:OPENED:c-1, conf=-1: peers:[b4158a24-f3b4-469a-87ed-87f7753bcb12|rpc:10.1.1.103:34081|dataStream:10.1.1.103:39137|priority:0|startupRole:FOLLOWER, edaf4ec7-b5bd-443f-91da-280c30b6b0af|rpc:10.1.1.103:33751|dataStream:10.1.1.103:44513|priority:1|startupRole:FOLLOWER, fe85205b-7d0e-4b68-96f2-42eee8168b18|rpc:10.1.1.103:34621|dataStream:10.1.1.103:43717|priority:0|startupRole:FOLLOWER]|listeners:[], old=null
2023-01-16 14:43:12,020 [edaf4ec7-b5bd-443f-91da-280c30b6b0af@group-311F4BFD6CB6-LeaderElection36] INFO  impl.LeaderElection (LeaderElection.java:logAndReturn(90)) - edaf4ec7-b5bd-443f-91da-280c30b6b0af@group-311F4BFD6CB6-LeaderElection36: ELECTION PASSED received 1 response(s) and 0 exception(s):
2023-01-16 14:43:12,020 [edaf4ec7-b5bd-443f-91da-280c30b6b0af@group-311F4BFD6CB6-LeaderElection36] INFO  impl.LeaderElection (LeaderElection.java:logAndReturn(94)) -   Response 0: edaf4ec7-b5bd-443f-91da-280c30b6b0af<-b4158a24-f3b4-469a-87ed-87f7753bcb12#0:OK-t2
2023-01-16 14:43:12,020 [edaf4ec7-b5bd-443f-91da-280c30b6b0af@group-311F4BFD6CB6-LeaderElection36] INFO  impl.LeaderElection (LeaderElection.java:askForVotes(314)) - edaf4ec7-b5bd-443f-91da-280c30b6b0af@group-311F4BFD6CB6-LeaderElection36 ELECTION round 0: result PASSED
2023-01-16 14:43:12,021 [edaf4ec7-b5bd-443f-91da-280c30b6b0af@group-311F4BFD6CB6-LeaderElection36] INFO  impl.RoleInfo (RoleInfo.java:shutdownLeaderElection(130)) - edaf4ec7-b5bd-443f-91da-280c30b6b0af: shutdown edaf4ec7-b5bd-443f-91da-280c30b6b0af@group-311F4BFD6CB6-LeaderElection36
2023-01-16 14:43:12,021 [edaf4ec7-b5bd-443f-91da-280c30b6b0af@group-311F4BFD6CB6-LeaderElection36] INFO  server.RaftServer$Division (RaftServerImpl.java:setRole(321)) - edaf4ec7-b5bd-443f-91da-280c30b6b0af@group-311F4BFD6CB6: changes role from CANDIDATE to LEADER at term 2 for changeToLeader
2023-01-16 14:43:12,021 [edaf4ec7-b5bd-443f-91da-280c30b6b0af@group-311F4BFD6CB6-LeaderElection36] INFO  ratis.XceiverServerRatis (XceiverServerRatis.java:handleLeaderChangedNotification(904)) - Leader change notification received for group: group-311F4BFD6CB6 with new leaderId: edaf4ec7-b5bd-443f-91da-280c30b6b0af
2023-01-16 14:43:12,021 [edaf4ec7-b5bd-443f-91da-280c30b6b0af@group-311F4BFD6CB6-LeaderElection36] INFO  server.RaftServer$Division (ServerState.java:setLeader(313)) - edaf4ec7-b5bd-443f-91da-280c30b6b0af@group-311F4BFD6CB6: change Leader from null to edaf4ec7-b5bd-443f-91da-280c30b6b0af at term 2 for becomeLeader, leader elected after 10223ms
2023-01-16 14:43:12,021 [edaf4ec7-b5bd-443f-91da-280c30b6b0af@group-311F4BFD6CB6-LeaderElection36] INFO  server.RaftServerConfigKeys (ConfUtils.java:logGet(46)) - raft.server.staging.catchup.gap = 1000 (default)
2023-01-16 14:43:12,021 [edaf4ec7-b5bd-443f-91da-280c30b6b0af@group-311F4BFD6CB6-LeaderElection36] INFO  server.RaftServerConfigKeys (ConfUtils.java:logGet(46)) - raft.server.write.element-limit = 1024 (custom)
2023-01-16 14:43:12,021 [edaf4ec7-b5bd-443f-91da-280c30b6b0af@group-311F4BFD6CB6-LeaderElection36] INFO  server.RaftServerConfigKeys (ConfUtils.java:logGet(46)) - raft.server.write.byte-limit = 1024 M (=1073741824) (custom)
2023-01-16 14:43:12,021 [edaf4ec7-b5bd-443f-91da-280c30b6b0af@group-311F4BFD6CB6-LeaderElection36] INFO  server.RaftServerConfigKeys (ConfUtils.java:logGet(46)) - raft.server.watch.timeout = 180s (custom)
2023-01-16 14:43:12,021 [edaf4ec7-b5bd-443f-91da-280c30b6b0af@group-311F4BFD6CB6-LeaderElection36] INFO  server.RaftServerConfigKeys (ConfUtils.java:logGet(46)) - raft.server.watch.timeout.denomination = 1s (default)
2023-01-16 14:43:12,021 [edaf4ec7-b5bd-443f-91da-280c30b6b0af@group-311F4BFD6CB6-LeaderElection36] INFO  server.RaftServerConfigKeys (ConfUtils.java:logGet(46)) - raft.server.watch.element-limit = 65536 (default)
2023-01-16 14:43:12,021 [edaf4ec7-b5bd-443f-91da-280c30b6b0af@group-311F4BFD6CB6-LeaderElection36] INFO  server.RaftServerConfigKeys (ConfUtils.java:logGet(46)) - raft.server.write.element-limit = 1024 (custom)
2023-01-16 14:43:12,022 [edaf4ec7-b5bd-443f-91da-280c30b6b0af@group-311F4BFD6CB6-LeaderElection36] INFO  server.RaftServerConfigKeys (ConfUtils.java:logGet(46)) - raft.server.write.follower.gap.ratio.max = -1.0 (default)
2023-01-16 14:43:12,022 [edaf4ec7-b5bd-443f-91da-280c30b6b0af@group-311F4BFD6CB6-LeaderElection36] INFO  server.RaftServerConfigKeys (ConfUtils.java:logGet(46)) - raft.server.log.appender.snapshot.chunk.size.max = 16MB (=16777216) (default)
2023-01-16 14:43:12,022 [edaf4ec7-b5bd-443f-91da-280c30b6b0af@group-311F4BFD6CB6-LeaderElection36] INFO  server.RaftServerConfigKeys (ConfUtils.java:logGet(46)) - raft.server.log.appender.buffer.byte-limit = 33554432 (custom)
2023-01-16 14:43:12,022 [edaf4ec7-b5bd-443f-91da-280c30b6b0af@group-311F4BFD6CB6-LeaderElection36] INFO  server.RaftServerConfigKeys (ConfUtils.java:logGet(46)) - raft.server.log.appender.buffer.element-limit = 1 (custom)
2023-01-16 14:43:12,022 [edaf4ec7-b5bd-443f-91da-280c30b6b0af@group-311F4BFD6CB6-LeaderElection36] INFO  grpc.GrpcConfigKeys (ConfUtils.java:logGet(46)) - raft.grpc.server.leader.outstanding.appends.max = 128 (default)
2023-01-16 14:43:12,022 [edaf4ec7-b5bd-443f-91da-280c30b6b0af@group-311F4BFD6CB6-LeaderElection36] INFO  server.RaftServerConfigKeys (ConfUtils.java:logGet(46)) - raft.server.rpc.request.timeout = 60s (custom)
2023-01-16 14:43:12,022 [edaf4ec7-b5bd-443f-91da-280c30b6b0af@group-311F4BFD6CB6-LeaderElection36] INFO  server.RaftServerConfigKeys (ConfUtils.java:logGet(46)) - raft.server.log.appender.install.snapshot.enabled = false (custom)
2023-01-16 14:43:12,022 [edaf4ec7-b5bd-443f-91da-280c30b6b0af@group-311F4BFD6CB6-LeaderElection36] INFO  grpc.GrpcConfigKeys (ConfUtils.java:logGet(46)) - raft.grpc.server.heartbeat.channel = true (default)
2023-01-16 14:43:12,022 [edaf4ec7-b5bd-443f-91da-280c30b6b0af@group-311F4BFD6CB6-LeaderElection36] INFO  server.RaftServerConfigKeys (ConfUtils.java:logGet(46)) - raft.server.log.appender.wait-time.min = 10ms (default)
2023-01-16 14:43:12,022 [b4158a24-f3b4-469a-87ed-87f7753bcb12@group-311F4BFD6CB6-FollowerState] INFO  server.RaftServerConfigKeys (ConfUtils.java:logFallback(53)) - raft.server.rpc.first-election.timeout.min = 5s (fallback to raft.server.rpc.timeout.min)
2023-01-16 14:43:12,023 [b4158a24-f3b4-469a-87ed-87f7753bcb12@group-311F4BFD6CB6-FollowerState] INFO  server.RaftServerConfigKeys (ConfUtils.java:logFallback(53)) - raft.server.rpc.first-election.timeout.max = 5200ms (fallback to raft.server.rpc.timeout.max)
2023-01-16 14:43:12,023 [edaf4ec7-b5bd-443f-91da-280c30b6b0af@group-311F4BFD6CB6-LeaderElection36] INFO  server.RaftServerConfigKeys (ConfUtils.java:logGet(46)) - raft.server.log.appender.snapshot.chunk.size.max = 16MB (=16777216) (default)
2023-01-16 14:43:12,023 [edaf4ec7-b5bd-443f-91da-280c30b6b0af@group-311F4BFD6CB6-LeaderElection36] INFO  server.RaftServerConfigKeys (ConfUtils.java:logGet(46)) - raft.server.log.appender.buffer.byte-limit = 33554432 (custom)
2023-01-16 14:43:12,023 [edaf4ec7-b5bd-443f-91da-280c30b6b0af@group-311F4BFD6CB6-LeaderElection36] INFO  server.RaftServerConfigKeys (ConfUtils.java:logGet(46)) - raft.server.log.appender.buffer.element-limit = 1 (custom)
2023-01-16 14:43:12,023 [edaf4ec7-b5bd-443f-91da-280c30b6b0af@group-311F4BFD6CB6-LeaderElection36] INFO  grpc.GrpcConfigKeys (ConfUtils.java:logGet(46)) - raft.grpc.server.leader.outstanding.appends.max = 128 (default)
2023-01-16 14:43:12,023 [edaf4ec7-b5bd-443f-91da-280c30b6b0af@group-311F4BFD6CB6-LeaderElection36] INFO  server.RaftServerConfigKeys (ConfUtils.java:logGet(46)) - raft.server.rpc.request.timeout = 60s (custom)
2023-01-16 14:43:12,023 [edaf4ec7-b5bd-443f-91da-280c30b6b0af@group-311F4BFD6CB6-LeaderElection36] INFO  server.RaftServerConfigKeys (ConfUtils.java:logGet(46)) - raft.server.log.appender.install.snapshot.enabled = false (custom)
2023-01-16 14:43:12,023 [edaf4ec7-b5bd-443f-91da-280c30b6b0af@group-311F4BFD6CB6-LeaderElection36] INFO  grpc.GrpcConfigKeys (ConfUtils.java:logGet(46)) - raft.grpc.server.heartbeat.channel = true (default)
2023-01-16 14:43:12,023 [edaf4ec7-b5bd-443f-91da-280c30b6b0af@group-311F4BFD6CB6-LeaderElection36] INFO  server.RaftServerConfigKeys (ConfUtils.java:logGet(46)) - raft.server.log.appender.wait-time.min = 10ms (default)
2023-01-16 14:43:12,023 [edaf4ec7-b5bd-443f-91da-280c30b6b0af@group-311F4BFD6CB6-LeaderElection36] INFO  impl.RoleInfo (RoleInfo.java:updateAndGet(139)) - edaf4ec7-b5bd-443f-91da-280c30b6b0af: start edaf4ec7-b5bd-443f-91da-280c30b6b0af@group-311F4BFD6CB6-LeaderStateImpl
2023-01-16 14:43:12,023 [edaf4ec7-b5bd-443f-91da-280c30b6b0af@group-311F4BFD6CB6-LeaderElection36] INFO  segmented.SegmentedRaftLogWorker (SegmentedRaftLogWorker.java:startLogSegment(452)) - edaf4ec7-b5bd-443f-91da-280c30b6b0af@group-311F4BFD6CB6-SegmentedRaftLogWorker: Starting segment from index:0
2023-01-16 14:43:12,026 [EventQueue-PipelineReportForPipelineReportHandler] INFO  pipeline.PipelineManagerImpl (PipelineManagerImpl.java:openPipeline(367)) - Pipeline Pipeline[ Id: ed429050-fb4b-419c-8b4b-311f4bfd6cb6, Nodes: b4158a24-f3b4-469a-87ed-87f7753bcb12(fv-az203-757.ild0l4k5vsluppoevu2oqvhmda.cx.internal.cloudapp.net/10.1.1.103)edaf4ec7-b5bd-443f-91da-280c30b6b0af(fv-az203-757.ild0l4k5vsluppoevu2oqvhmda.cx.internal.cloudapp.net/10.1.1.103)fe85205b-7d0e-4b68-96f2-42eee8168b18(fv-az203-757.ild0l4k5vsluppoevu2oqvhmda.cx.internal.cloudapp.net/10.1.1.103), ReplicationConfig: RATIS/THREE, State:ALLOCATED, leaderId:edaf4ec7-b5bd-443f-91da-280c30b6b0af, CreationTimestamp2023-01-16T14:42:59.447Z[Etc/UTC]] moved to OPEN state
2023-01-16 14:43:12,026 [edaf4ec7-b5bd-443f-91da-280c30b6b0af@group-311F4BFD6CB6-SegmentedRaftLogWorker] INFO  segmented.SegmentedRaftLogWorker (SegmentedRaftLogWorker.java:execute(656)) - edaf4ec7-b5bd-443f-91da-280c30b6b0af@group-311F4BFD6CB6-SegmentedRaftLogWorker: created new log segment /home/runner/work/ozone/ozone/hadoop-ozone/integration-test/target/test-dir/MiniOzoneClusterImpl-3631b34d-cc81-4479-8217-32b495b3d7e3/datanode-0/data/ratis/ed429050-fb4b-419c-8b4b-311f4bfd6cb6/current/log_inprogress_0
2023-01-16 14:43:12,027 [grpc-default-executor-3] INFO  server.RaftServer$Division (RaftServerImpl.java:requestVote(1218)) - fe85205b-7d0e-4b68-96f2-42eee8168b18@group-311F4BFD6CB6: receive requestVote(ELECTION, edaf4ec7-b5bd-443f-91da-280c30b6b0af, group-311F4BFD6CB6, 2, (t:0, i:0))
2023-01-16 14:43:12,031 [grpc-default-executor-3] INFO  impl.VoteContext (VoteContext.java:log(49)) - fe85205b-7d0e-4b68-96f2-42eee8168b18@group-311F4BFD6CB6-FOLLOWER: accept ELECTION from edaf4ec7-b5bd-443f-91da-280c30b6b0af: our priority 0 <= candidate's priority 1
2023-01-16 14:43:12,031 [edaf4ec7-b5bd-443f-91da-280c30b6b0af@group-311F4BFD6CB6-LeaderElection36] INFO  server.RaftServer$Division (ServerState.java:setRaftConf(430)) - edaf4ec7-b5bd-443f-91da-280c30b6b0af@group-311F4BFD6CB6: set configuration 0: peers:[b4158a24-f3b4-469a-87ed-87f7753bcb12|rpc:10.1.1.103:34081|dataStream:10.1.1.103:39137|priority:0|startupRole:FOLLOWER, edaf4ec7-b5bd-443f-91da-280c30b6b0af|rpc:10.1.1.103:33751|dataStream:10.1.1.103:44513|priority:1|startupRole:FOLLOWER, fe85205b-7d0e-4b68-96f2-42eee8168b18|rpc:10.1.1.103:34621|dataStream:10.1.1.103:43717|priority:0|startupRole:FOLLOWER]|listeners:[], old=null
2023-01-16 14:43:12,031 [grpc-default-executor-3] INFO  server.RaftServer$Division (RaftServerImpl.java:setRole(321)) - fe85205b-7d0e-4b68-96f2-42eee8168b18@group-311F4BFD6CB6: changes role from  FOLLOWER to FOLLOWER at term 2 for candidate:edaf4ec7-b5bd-443f-91da-280c30b6b0af
2023-01-16 14:43:12,032 [grpc-default-executor-3] INFO  impl.RoleInfo (RoleInfo.java:shutdownFollowerState(110)) - fe85205b-7d0e-4b68-96f2-42eee8168b18: shutdown fe85205b-7d0e-4b68-96f2-42eee8168b18@group-311F4BFD6CB6-FollowerState
2023-01-16 14:43:12,032 [grpc-default-executor-3] INFO  impl.RoleInfo (RoleInfo.java:updateAndGet(139)) - fe85205b-7d0e-4b68-96f2-42eee8168b18: start fe85205b-7d0e-4b68-96f2-42eee8168b18@group-311F4BFD6CB6-FollowerState
2023-01-16 14:43:12,032 [fe85205b-7d0e-4b68-96f2-42eee8168b18@group-311F4BFD6CB6-FollowerState] INFO  impl.FollowerState (FollowerState.java:run(152)) - fe85205b-7d0e-4b68-96f2-42eee8168b18@group-311F4BFD6CB6-FollowerState was interrupted
2023-01-16 14:43:12,033 [fe85205b-7d0e-4b68-96f2-42eee8168b18@group-311F4BFD6CB6-FollowerState] INFO  server.RaftServerConfigKeys (ConfUtils.java:logFallback(53)) - raft.server.rpc.first-election.timeout.min = 5s (fallback to raft.server.rpc.timeout.min)
2023-01-16 14:43:12,033 [fe85205b-7d0e-4b68-96f2-42eee8168b18@group-311F4BFD6CB6-FollowerState] INFO  server.RaftServerConfigKeys (ConfUtils.java:logFallback(53)) - raft.server.rpc.first-election.timeout.max = 5200ms (fallback to raft.server.rpc.timeout.max)
2023-01-16 14:43:12,033 [grpc-default-executor-3] INFO  server.RaftServer$Division (RaftServerImpl.java:requestVote(1251)) - fe85205b-7d0e-4b68-96f2-42eee8168b18@group-311F4BFD6CB6 replies to ELECTION vote request: edaf4ec7-b5bd-443f-91da-280c30b6b0af<-fe85205b-7d0e-4b68-96f2-42eee8168b18#0:OK-t2. Peer's state: fe85205b-7d0e-4b68-96f2-42eee8168b18@group-311F4BFD6CB6:t2, leader=null, voted=edaf4ec7-b5bd-443f-91da-280c30b6b0af, raftlog=Memoized:fe85205b-7d0e-4b68-96f2-42eee8168b18@group-311F4BFD6CB6-SegmentedRaftLog:OPENED:c-1, conf=-1: peers:[b4158a24-f3b4-469a-87ed-87f7753bcb12|rpc:10.1.1.103:34081|dataStream:10.1.1.103:39137|priority:0|startupRole:FOLLOWER, edaf4ec7-b5bd-443f-91da-280c30b6b0af|rpc:10.1.1.103:33751|dataStream:10.1.1.103:44513|priority:1|startupRole:FOLLOWER, fe85205b-7d0e-4b68-96f2-42eee8168b18|rpc:10.1.1.103:34621|dataStream:10.1.1.103:43717|priority:0|startupRole:FOLLOWER]|listeners:[], old=null
2023-01-16 14:43:12,036 [fe85205b-7d0e-4b68-96f2-42eee8168b18-server-thread1] INFO  ratis.XceiverServerRatis (XceiverServerRatis.java:handleLeaderChangedNotification(904)) - Leader change notification received for group: group-311F4BFD6CB6 with new leaderId: edaf4ec7-b5bd-443f-91da-280c30b6b0af
2023-01-16 14:43:12,037 [fe85205b-7d0e-4b68-96f2-42eee8168b18-server-thread1] INFO  server.RaftServer$Division (ServerState.java:setLeader(313)) - fe85205b-7d0e-4b68-96f2-42eee8168b18@group-311F4BFD6CB6: change Leader from null to edaf4ec7-b5bd-443f-91da-280c30b6b0af at term 2 for appendEntries, leader elected after 10177ms
2023-01-16 14:43:12,040 [fe85205b-7d0e-4b68-96f2-42eee8168b18-server-thread1] INFO  server.RaftServer$Division (ServerState.java:setRaftConf(430)) - fe85205b-7d0e-4b68-96f2-42eee8168b18@group-311F4BFD6CB6: set configuration 0: peers:[b4158a24-f3b4-469a-87ed-87f7753bcb12|rpc:10.1.1.103:34081|dataStream:10.1.1.103:39137|priority:0|startupRole:FOLLOWER, edaf4ec7-b5bd-443f-91da-280c30b6b0af|rpc:10.1.1.103:33751|dataStream:10.1.1.103:44513|priority:1|startupRole:FOLLOWER, fe85205b-7d0e-4b68-96f2-42eee8168b18|rpc:10.1.1.103:34621|dataStream:10.1.1.103:43717|priority:0|startupRole:FOLLOWER]|listeners:[], old=null
2023-01-16 14:43:12,041 [fe85205b-7d0e-4b68-96f2-42eee8168b18-server-thread1] INFO  segmented.SegmentedRaftLogWorker (SegmentedRaftLogWorker.java:startLogSegment(452)) - fe85205b-7d0e-4b68-96f2-42eee8168b18@group-311F4BFD6CB6-SegmentedRaftLogWorker: Starting segment from index:0
2023-01-16 14:43:12,042 [fe85205b-7d0e-4b68-96f2-42eee8168b18@group-311F4BFD6CB6-SegmentedRaftLogWorker] INFO  segmented.SegmentedRaftLogWorker (SegmentedRaftLogWorker.java:execute(656)) - fe85205b-7d0e-4b68-96f2-42eee8168b18@group-311F4BFD6CB6-SegmentedRaftLogWorker: created new log segment /home/runner/work/ozone/ozone/hadoop-ozone/integration-test/target/test-dir/MiniOzoneClusterImpl-3631b34d-cc81-4479-8217-32b495b3d7e3/datanode-1/data/ratis/ed429050-fb4b-419c-8b4b-311f4bfd6cb6/current/log_inprogress_0
2023-01-16 14:43:12,049 [b4158a24-f3b4-469a-87ed-87f7753bcb12-server-thread1] INFO  ratis.XceiverServerRatis (XceiverServerRatis.java:handleLeaderChangedNotification(904)) - Leader change notification received for group: group-311F4BFD6CB6 with new leaderId: edaf4ec7-b5bd-443f-91da-280c30b6b0af
2023-01-16 14:43:12,049 [b4158a24-f3b4-469a-87ed-87f7753bcb12-server-thread1] INFO  server.RaftServer$Division (ServerState.java:setLeader(313)) - b4158a24-f3b4-469a-87ed-87f7753bcb12@group-311F4BFD6CB6: change Leader from null to edaf4ec7-b5bd-443f-91da-280c30b6b0af at term 2 for appendEntries, leader elected after 10223ms
2023-01-16 14:43:12,052 [b4158a24-f3b4-469a-87ed-87f7753bcb12-server-thread2] INFO  server.RaftServer$Division (ServerState.java:setRaftConf(430)) - b4158a24-f3b4-469a-87ed-87f7753bcb12@group-311F4BFD6CB6: set configuration 0: peers:[b4158a24-f3b4-469a-87ed-87f7753bcb12|rpc:10.1.1.103:34081|dataStream:10.1.1.103:39137|priority:0|startupRole:FOLLOWER, edaf4ec7-b5bd-443f-91da-280c30b6b0af|rpc:10.1.1.103:33751|dataStream:10.1.1.103:44513|priority:1|startupRole:FOLLOWER, fe85205b-7d0e-4b68-96f2-42eee8168b18|rpc:10.1.1.103:34621|dataStream:10.1.1.103:43717|priority:0|startupRole:FOLLOWER]|listeners:[], old=null
2023-01-16 14:43:12,052 [b4158a24-f3b4-469a-87ed-87f7753bcb12-server-thread2] INFO  segmented.SegmentedRaftLogWorker (SegmentedRaftLogWorker.java:startLogSegment(452)) - b4158a24-f3b4-469a-87ed-87f7753bcb12@group-311F4BFD6CB6-SegmentedRaftLogWorker: Starting segment from index:0
2023-01-16 14:43:12,053 [b4158a24-f3b4-469a-87ed-87f7753bcb12@group-311F4BFD6CB6-SegmentedRaftLogWorker] INFO  segmented.SegmentedRaftLogWorker (SegmentedRaftLogWorker.java:execute(656)) - b4158a24-f3b4-469a-87ed-87f7753bcb12@group-311F4BFD6CB6-SegmentedRaftLogWorker: created new log segment /home/runner/work/ozone/ozone/hadoop-ozone/integration-test/target/test-dir/MiniOzoneClusterImpl-3631b34d-cc81-4479-8217-32b495b3d7e3/datanode-2/data/ratis/ed429050-fb4b-419c-8b4b-311f4bfd6cb6/current/log_inprogress_0
2023-01-16 14:43:12,060 [fe85205b-7d0e-4b68-96f2-42eee8168b18@group-E63E61230FA7-FollowerState] INFO  impl.FollowerState (FollowerState.java:run(143)) - fe85205b-7d0e-4b68-96f2-42eee8168b18@group-E63E61230FA7-FollowerState: change to CANDIDATE, lastRpcElapsedTime:5007169602ns, electionTimeout:5005ms
2023-01-16 14:43:12,060 [fe85205b-7d0e-4b68-96f2-42eee8168b18@group-E63E61230FA7-FollowerState] INFO  impl.RoleInfo (RoleInfo.java:shutdownFollowerState(110)) - fe85205b-7d0e-4b68-96f2-42eee8168b18: shutdown fe85205b-7d0e-4b68-96f2-42eee8168b18@group-E63E61230FA7-FollowerState
2023-01-16 14:43:12,060 [fe85205b-7d0e-4b68-96f2-42eee8168b18@group-E63E61230FA7-FollowerState] INFO  server.RaftServer$Division (RaftServerImpl.java:setRole(321)) - fe85205b-7d0e-4b68-96f2-42eee8168b18@group-E63E61230FA7: changes role from  FOLLOWER to CANDIDATE at term 1 for changeToCandidate
2023-01-16 14:43:12,060 [fe85205b-7d0e-4b68-96f2-42eee8168b18@group-E63E61230FA7-FollowerState] INFO  server.RaftServerConfigKeys (ConfUtils.java:logGet(46)) - raft.server.leaderelection.pre-vote = false (custom)
2023-01-16 14:43:12,060 [fe85205b-7d0e-4b68-96f2-42eee8168b18@group-E63E61230FA7-FollowerState] INFO  impl.RoleInfo (RoleInfo.java:updateAndGet(139)) - fe85205b-7d0e-4b68-96f2-42eee8168b18: start fe85205b-7d0e-4b68-96f2-42eee8168b18@group-E63E61230FA7-LeaderElection37
2023-01-16 14:43:12,063 [fe85205b-7d0e-4b68-96f2-42eee8168b18@group-E63E61230FA7-LeaderElection37] INFO  impl.LeaderElection (LeaderElection.java:askForVotes(312)) - fe85205b-7d0e-4b68-96f2-42eee8168b18@group-E63E61230FA7-LeaderElection37 ELECTION round 0: submit vote requests at term 2 for -1: peers:[b4158a24-f3b4-469a-87ed-87f7753bcb12|rpc:10.1.1.103:34081|dataStream:10.1.1.103:39137|priority:0|startupRole:FOLLOWER, edaf4ec7-b5bd-443f-91da-280c30b6b0af|rpc:10.1.1.103:33751|dataStream:10.1.1.103:44513|priority:0|startupRole:FOLLOWER, fe85205b-7d0e-4b68-96f2-42eee8168b18|rpc:10.1.1.103:34621|dataStream:10.1.1.103:43717|priority:1|startupRole:FOLLOWER]|listeners:[], old=null
2023-01-16 14:43:12,063 [fe85205b-7d0e-4b68-96f2-42eee8168b18@group-E63E61230FA7-LeaderElection37] INFO  server.RaftServerConfigKeys (ConfUtils.java:logFallback(53)) - raft.server.rpc.first-election.timeout.min = 5s (fallback to raft.server.rpc.timeout.min)
2023-01-16 14:43:12,064 [fe85205b-7d0e-4b68-96f2-42eee8168b18@group-E63E61230FA7-LeaderElection37-2] INFO  server.GrpcServerProtocolClient (GrpcServerProtocolClient.java:<init>(63)) - Build channel for edaf4ec7-b5bd-443f-91da-280c30b6b0af
2023-01-16 14:43:12,064 [fe85205b-7d0e-4b68-96f2-42eee8168b18@group-E63E61230FA7-LeaderElection37] INFO  server.RaftServerConfigKeys (ConfUtils.java:logFallback(53)) - raft.server.rpc.first-election.timeout.max = 5200ms (fallback to raft.server.rpc.timeout.max)
2023-01-16 14:43:12,064 [fe85205b-7d0e-4b68-96f2-42eee8168b18@group-E63E61230FA7-LeaderElection37-1] INFO  server.GrpcServerProtocolClient (GrpcServerProtocolClient.java:<init>(63)) - Build channel for b4158a24-f3b4-469a-87ed-87f7753bcb12
2023-01-16 14:43:12,074 [grpc-default-executor-3] INFO  server.RaftServer$Division (RaftServerImpl.java:requestVote(1218)) - b4158a24-f3b4-469a-87ed-87f7753bcb12@group-E63E61230FA7: receive requestVote(ELECTION, fe85205b-7d0e-4b68-96f2-42eee8168b18, group-E63E61230FA7, 2, (t:0, i:0))
2023-01-16 14:43:12,074 [grpc-default-executor-3] INFO  impl.VoteContext (VoteContext.java:log(49)) - b4158a24-f3b4-469a-87ed-87f7753bcb12@group-E63E61230FA7-FOLLOWER: accept ELECTION from fe85205b-7d0e-4b68-96f2-42eee8168b18: our priority 0 <= candidate's priority 1
2023-01-16 14:43:12,074 [grpc-default-executor-3] INFO  server.RaftServer$Division (RaftServerImpl.java:setRole(321)) - b4158a24-f3b4-469a-87ed-87f7753bcb12@group-E63E61230FA7: changes role from  FOLLOWER to FOLLOWER at term 2 for candidate:fe85205b-7d0e-4b68-96f2-42eee8168b18
2023-01-16 14:43:12,074 [grpc-default-executor-3] INFO  impl.RoleInfo (RoleInfo.java:shutdownFollowerState(110)) - b4158a24-f3b4-469a-87ed-87f7753bcb12: shutdown b4158a24-f3b4-469a-87ed-87f7753bcb12@group-E63E61230FA7-FollowerState
2023-01-16 14:43:12,074 [grpc-default-executor-3] INFO  impl.RoleInfo (RoleInfo.java:updateAndGet(139)) - b4158a24-f3b4-469a-87ed-87f7753bcb12: start b4158a24-f3b4-469a-87ed-87f7753bcb12@group-E63E61230FA7-FollowerState
2023-01-16 14:43:12,074 [b4158a24-f3b4-469a-87ed-87f7753bcb12@group-E63E61230FA7-FollowerState] INFO  impl.FollowerState (FollowerState.java:run(152)) - b4158a24-f3b4-469a-87ed-87f7753bcb12@group-E63E61230FA7-FollowerState was interrupted
2023-01-16 14:43:12,074 [b4158a24-f3b4-469a-87ed-87f7753bcb12@group-E63E61230FA7-FollowerState] INFO  server.RaftServerConfigKeys (ConfUtils.java:logFallback(53)) - raft.server.rpc.first-election.timeout.min = 5s (fallback to raft.server.rpc.timeout.min)
2023-01-16 14:43:12,074 [b4158a24-f3b4-469a-87ed-87f7753bcb12@group-E63E61230FA7-FollowerState] INFO  server.RaftServerConfigKeys (ConfUtils.java:logFallback(53)) - raft.server.rpc.first-election.timeout.max = 5200ms (fallback to raft.server.rpc.timeout.max)
2023-01-16 14:43:12,077 [grpc-default-executor-3] INFO  server.RaftServer$Division (RaftServerImpl.java:requestVote(1251)) - b4158a24-f3b4-469a-87ed-87f7753bcb12@group-E63E61230FA7 replies to ELECTION vote request: fe85205b-7d0e-4b68-96f2-42eee8168b18<-b4158a24-f3b4-469a-87ed-87f7753bcb12#0:OK-t2. Peer's state: b4158a24-f3b4-469a-87ed-87f7753bcb12@group-E63E61230FA7:t2, leader=null, voted=fe85205b-7d0e-4b68-96f2-42eee8168b18, raftlog=Memoized:b4158a24-f3b4-469a-87ed-87f7753bcb12@group-E63E61230FA7-SegmentedRaftLog:OPENED:c-1, conf=-1: peers:[b4158a24-f3b4-469a-87ed-87f7753bcb12|rpc:10.1.1.103:34081|dataStream:10.1.1.103:39137|priority:0|startupRole:FOLLOWER, edaf4ec7-b5bd-443f-91da-280c30b6b0af|rpc:10.1.1.103:33751|dataStream:10.1.1.103:44513|priority:0|startupRole:FOLLOWER, fe85205b-7d0e-4b68-96f2-42eee8168b18|rpc:10.1.1.103:34621|dataStream:10.1.1.103:43717|priority:1|startupRole:FOLLOWER]|listeners:[], old=null
2023-01-16 14:43:12,078 [fe85205b-7d0e-4b68-96f2-42eee8168b18@group-E63E61230FA7-LeaderElection37] INFO  impl.LeaderElection (LeaderElection.java:logAndReturn(90)) - fe85205b-7d0e-4b68-96f2-42eee8168b18@group-E63E61230FA7-LeaderElection37: ELECTION PASSED received 1 response(s) and 0 exception(s):
2023-01-16 14:43:12,078 [fe85205b-7d0e-4b68-96f2-42eee8168b18@group-E63E61230FA7-LeaderElection37] INFO  impl.LeaderElection (LeaderElection.java:logAndReturn(94)) -   Response 0: fe85205b-7d0e-4b68-96f2-42eee8168b18<-b4158a24-f3b4-469a-87ed-87f7753bcb12#0:OK-t2
2023-01-16 14:43:12,078 [fe85205b-7d0e-4b68-96f2-42eee8168b18@group-E63E61230FA7-LeaderElection37] INFO  impl.LeaderElection (LeaderElection.java:askForVotes(314)) - fe85205b-7d0e-4b68-96f2-42eee8168b18@group-E63E61230FA7-LeaderElection37 ELECTION round 0: result PASSED
2023-01-16 14:43:12,078 [fe85205b-7d0e-4b68-96f2-42eee8168b18@group-E63E61230FA7-LeaderElection37] INFO  impl.RoleInfo (RoleInfo.java:shutdownLeaderElection(130)) - fe85205b-7d0e-4b68-96f2-42eee8168b18: shutdown fe85205b-7d0e-4b68-96f2-42eee8168b18@group-E63E61230FA7-LeaderElection37
2023-01-16 14:43:12,078 [fe85205b-7d0e-4b68-96f2-42eee8168b18@group-E63E61230FA7-LeaderElection37] INFO  server.RaftServer$Division (RaftServerImpl.java:setRole(321)) - fe85205b-7d0e-4b68-96f2-42eee8168b18@group-E63E61230FA7: changes role from CANDIDATE to LEADER at term 2 for changeToLeader
2023-01-16 14:43:12,078 [fe85205b-7d0e-4b68-96f2-42eee8168b18@group-E63E61230FA7-LeaderElection37] INFO  ratis.XceiverServerRatis (XceiverServerRatis.java:handleLeaderChangedNotification(904)) - Leader change notification received for group: group-E63E61230FA7 with new leaderId: fe85205b-7d0e-4b68-96f2-42eee8168b18
2023-01-16 14:43:12,078 [fe85205b-7d0e-4b68-96f2-42eee8168b18@group-E63E61230FA7-LeaderElection37] INFO  server.RaftServer$Division (ServerState.java:setLeader(313)) - fe85205b-7d0e-4b68-96f2-42eee8168b18@group-E63E61230FA7: change Leader from null to fe85205b-7d0e-4b68-96f2-42eee8168b18 at term 2 for becomeLeader, leader elected after 10133ms
2023-01-16 14:43:12,078 [fe85205b-7d0e-4b68-96f2-42eee8168b18@group-E63E61230FA7-LeaderElection37] INFO  server.RaftServerConfigKeys (ConfUtils.java:logGet(46)) - raft.server.staging.catchup.gap = 1000 (default)
2023-01-16 14:43:12,079 [fe85205b-7d0e-4b68-96f2-42eee8168b18@group-E63E61230FA7-LeaderElection37] INFO  server.RaftServerConfigKeys (ConfUtils.java:logGet(46)) - raft.server.write.element-limit = 1024 (custom)
2023-01-16 14:43:12,079 [fe85205b-7d0e-4b68-96f2-42eee8168b18@group-E63E61230FA7-LeaderElection37] INFO  server.RaftServerConfigKeys (ConfUtils.java:logGet(46)) - raft.server.write.byte-limit = 1024 M (=1073741824) (custom)
2023-01-16 14:43:12,079 [fe85205b-7d0e-4b68-96f2-42eee8168b18@group-E63E61230FA7-LeaderElection37] INFO  server.RaftServerConfigKeys (ConfUtils.java:logGet(46)) - raft.server.watch.timeout = 180s (custom)
2023-01-16 14:43:12,079 [fe85205b-7d0e-4b68-96f2-42eee8168b18@group-E63E61230FA7-LeaderElection37] INFO  server.RaftServerConfigKeys (ConfUtils.java:logGet(46)) - raft.server.watch.timeout.denomination = 1s (default)
2023-01-16 14:43:12,079 [fe85205b-7d0e-4b68-96f2-42eee8168b18@group-E63E61230FA7-LeaderElection37] INFO  server.RaftServerConfigKeys (ConfUtils.java:logGet(46)) - raft.server.watch.element-limit = 65536 (default)
2023-01-16 14:43:12,079 [fe85205b-7d0e-4b68-96f2-42eee8168b18@group-E63E61230FA7-LeaderElection37] INFO  server.RaftServerConfigKeys (ConfUtils.java:logGet(46)) - raft.server.write.element-limit = 1024 (custom)
2023-01-16 14:43:12,079 [fe85205b-7d0e-4b68-96f2-42eee8168b18@group-E63E61230FA7-LeaderElection37] INFO  server.RaftServerConfigKeys (ConfUtils.java:logGet(46)) - raft.server.write.follower.gap.ratio.max = -1.0 (default)
2023-01-16 14:43:12,080 [fe85205b-7d0e-4b68-96f2-42eee8168b18@group-E63E61230FA7-LeaderElection37] INFO  server.RaftServerConfigKeys (ConfUtils.java:logGet(46)) - raft.server.log.appender.snapshot.chunk.size.max = 16MB (=16777216) (default)
2023-01-16 14:43:12,080 [fe85205b-7d0e-4b68-96f2-42eee8168b18@group-E63E61230FA7-LeaderElection37] INFO  server.RaftServerConfigKeys (ConfUtils.java:logGet(46)) - raft.server.log.appender.buffer.byte-limit = 33554432 (custom)
2023-01-16 14:43:12,080 [fe85205b-7d0e-4b68-96f2-42eee8168b18@group-E63E61230FA7-LeaderElection37] INFO  server.RaftServerConfigKeys (ConfUtils.java:logGet(46)) - raft.server.log.appender.buffer.element-limit = 1 (custom)
2023-01-16 14:43:12,080 [fe85205b-7d0e-4b68-96f2-42eee8168b18@group-E63E61230FA7-LeaderElection37] INFO  grpc.GrpcConfigKeys (ConfUtils.java:logGet(46)) - raft.grpc.server.leader.outstanding.appends.max = 128 (default)
2023-01-16 14:43:12,080 [fe85205b-7d0e-4b68-96f2-42eee8168b18@group-E63E61230FA7-LeaderElection37] INFO  server.RaftServerConfigKeys (ConfUtils.java:logGet(46)) - raft.server.rpc.request.timeout = 60s (custom)
2023-01-16 14:43:12,080 [fe85205b-7d0e-4b68-96f2-42eee8168b18@group-E63E61230FA7-LeaderElection37] INFO  server.RaftServerConfigKeys (ConfUtils.java:logGet(46)) - raft.server.log.appender.install.snapshot.enabled = false (custom)
2023-01-16 14:43:12,080 [fe85205b-7d0e-4b68-96f2-42eee8168b18@group-E63E61230FA7-LeaderElection37] INFO  grpc.GrpcConfigKeys (ConfUtils.java:logGet(46)) - raft.grpc.server.heartbeat.channel = true (default)
2023-01-16 14:43:12,080 [fe85205b-7d0e-4b68-96f2-42eee8168b18@group-E63E61230FA7-LeaderElection37] INFO  server.RaftServerConfigKeys (ConfUtils.java:logGet(46)) - raft.server.log.appender.wait-time.min = 10ms (default)
2023-01-16 14:43:12,081 [grpc-default-executor-3] INFO  server.RaftServer$Division (RaftServerImpl.java:requestVote(1218)) - edaf4ec7-b5bd-443f-91da-280c30b6b0af@group-E63E61230FA7: receive requestVote(ELECTION, fe85205b-7d0e-4b68-96f2-42eee8168b18, group-E63E61230FA7, 2, (t:0, i:0))
2023-01-16 14:43:12,081 [grpc-default-executor-3] INFO  impl.VoteContext (VoteContext.java:log(49)) - edaf4ec7-b5bd-443f-91da-280c30b6b0af@group-E63E61230FA7-FOLLOWER: accept ELECTION from fe85205b-7d0e-4b68-96f2-42eee8168b18: our priority 0 <= candidate's priority 1
2023-01-16 14:43:12,081 [grpc-default-executor-3] INFO  server.RaftServer$Division (RaftServerImpl.java:setRole(321)) - edaf4ec7-b5bd-443f-91da-280c30b6b0af@group-E63E61230FA7: changes role from  FOLLOWER to FOLLOWER at term 2 for candidate:fe85205b-7d0e-4b68-96f2-42eee8168b18
2023-01-16 14:43:12,081 [grpc-default-executor-3] INFO  impl.RoleInfo (RoleInfo.java:shutdownFollowerState(110)) - edaf4ec7-b5bd-443f-91da-280c30b6b0af: shutdown edaf4ec7-b5bd-443f-91da-280c30b6b0af@group-E63E61230FA7-FollowerState
2023-01-16 14:43:12,081 [grpc-default-executor-3] INFO  impl.RoleInfo (RoleInfo.java:updateAndGet(139)) - edaf4ec7-b5bd-443f-91da-280c30b6b0af: start edaf4ec7-b5bd-443f-91da-280c30b6b0af@group-E63E61230FA7-FollowerState
2023-01-16 14:43:12,081 [edaf4ec7-b5bd-443f-91da-280c30b6b0af@group-E63E61230FA7-FollowerState] INFO  impl.FollowerState (FollowerState.java:run(152)) - edaf4ec7-b5bd-443f-91da-280c30b6b0af@group-E63E61230FA7-FollowerState was interrupted
2023-01-16 14:43:12,081 [fe85205b-7d0e-4b68-96f2-42eee8168b18@group-E63E61230FA7-LeaderElection37] INFO  server.RaftServerConfigKeys (ConfUtils.java:logGet(46)) - raft.server.log.appender.snapshot.chunk.size.max = 16MB (=16777216) (default)
2023-01-16 14:43:12,081 [fe85205b-7d0e-4b68-96f2-42eee8168b18@group-E63E61230FA7-LeaderElection37] INFO  server.RaftServerConfigKeys (ConfUtils.java:logGet(46)) - raft.server.log.appender.buffer.byte-limit = 33554432 (custom)
2023-01-16 14:43:12,081 [fe85205b-7d0e-4b68-96f2-42eee8168b18@group-E63E61230FA7-LeaderElection37] INFO  server.RaftServerConfigKeys (ConfUtils.java:logGet(46)) - raft.server.log.appender.buffer.element-limit = 1 (custom)
2023-01-16 14:43:12,082 [EventQueue-PipelineReportForPipelineReportHandler] INFO  pipeline.PipelineManagerImpl (PipelineManagerImpl.java:openPipeline(367)) - Pipeline Pipeline[ Id: e38bf172-605d-44ee-a7c2-e63e61230fa7, Nodes: b4158a24-f3b4-469a-87ed-87f7753bcb12(fv-az203-757.ild0l4k5vsluppoevu2oqvhmda.cx.internal.cloudapp.net/10.1.1.103)edaf4ec7-b5bd-443f-91da-280c30b6b0af(fv-az203-757.ild0l4k5vsluppoevu2oqvhmda.cx.internal.cloudapp.net/10.1.1.103)fe85205b-7d0e-4b68-96f2-42eee8168b18(fv-az203-757.ild0l4k5vsluppoevu2oqvhmda.cx.internal.cloudapp.net/10.1.1.103), ReplicationConfig: RATIS/THREE, State:ALLOCATED, leaderId:fe85205b-7d0e-4b68-96f2-42eee8168b18, CreationTimestamp2023-01-16T14:42:59.449Z[Etc/UTC]] moved to OPEN state
2023-01-16 14:43:12,084 [fe85205b-7d0e-4b68-96f2-42eee8168b18@group-E63E61230FA7-LeaderElection37] INFO  grpc.GrpcConfigKeys (ConfUtils.java:logGet(46)) - raft.grpc.server.leader.outstanding.appends.max = 128 (default)
2023-01-16 14:43:12,084 [fe85205b-7d0e-4b68-96f2-42eee8168b18@group-E63E61230FA7-LeaderElection37] INFO  server.RaftServerConfigKeys (ConfUtils.java:logGet(46)) - raft.server.rpc.request.timeout = 60s (custom)
2023-01-16 14:43:12,084 [fe85205b-7d0e-4b68-96f2-42eee8168b18@group-E63E61230FA7-LeaderElection37] INFO  server.RaftServerConfigKeys (ConfUtils.java:logGet(46)) - raft.server.log.appender.install.snapshot.enabled = false (custom)
2023-01-16 14:43:12,084 [fe85205b-7d0e-4b68-96f2-42eee8168b18@group-E63E61230FA7-LeaderElection37] INFO  grpc.GrpcConfigKeys (ConfUtils.java:logGet(46)) - raft.grpc.server.heartbeat.channel = true (default)
2023-01-16 14:43:12,084 [fe85205b-7d0e-4b68-96f2-42eee8168b18@group-E63E61230FA7-LeaderElection37] INFO  server.RaftServerConfigKeys (ConfUtils.java:logGet(46)) - raft.server.log.appender.wait-time.min = 10ms (default)
2023-01-16 14:43:12,084 [fe85205b-7d0e-4b68-96f2-42eee8168b18@group-E63E61230FA7-LeaderElection37] INFO  impl.RoleInfo (RoleInfo.java:updateAndGet(139)) - fe85205b-7d0e-4b68-96f2-42eee8168b18: start fe85205b-7d0e-4b68-96f2-42eee8168b18@group-E63E61230FA7-LeaderStateImpl
2023-01-16 14:43:12,085 [fe85205b-7d0e-4b68-96f2-42eee8168b18@group-E63E61230FA7-LeaderElection37] INFO  segmented.SegmentedRaftLogWorker (SegmentedRaftLogWorker.java:startLogSegment(452)) - fe85205b-7d0e-4b68-96f2-42eee8168b18@group-E63E61230FA7-SegmentedRaftLogWorker: Starting segment from index:0
2023-01-16 14:43:12,086 [edaf4ec7-b5bd-443f-91da-280c30b6b0af@group-E63E61230FA7-FollowerState] INFO  server.RaftServerConfigKeys (ConfUtils.java:logFallback(53)) - raft.server.rpc.first-election.timeout.min = 5s (fallback to raft.server.rpc.timeout.min)
2023-01-16 14:43:12,086 [grpc-default-executor-3] INFO  server.RaftServer$Division (RaftServerImpl.java:requestVote(1251)) - edaf4ec7-b5bd-443f-91da-280c30b6b0af@group-E63E61230FA7 replies to ELECTION vote request: fe85205b-7d0e-4b68-96f2-42eee8168b18<-edaf4ec7-b5bd-443f-91da-280c30b6b0af#0:OK-t2. Peer's state: edaf4ec7-b5bd-443f-91da-280c30b6b0af@group-E63E61230FA7:t2, leader=null, voted=fe85205b-7d0e-4b68-96f2-42eee8168b18, raftlog=Memoized:edaf4ec7-b5bd-443f-91da-280c30b6b0af@group-E63E61230FA7-SegmentedRaftLog:OPENED:c-1, conf=-1: peers:[b4158a24-f3b4-469a-87ed-87f7753bcb12|rpc:10.1.1.103:34081|dataStream:10.1.1.103:39137|priority:0|startupRole:FOLLOWER, edaf4ec7-b5bd-443f-91da-280c30b6b0af|rpc:10.1.1.103:33751|dataStream:10.1.1.103:44513|priority:0|startupRole:FOLLOWER, fe85205b-7d0e-4b68-96f2-42eee8168b18|rpc:10.1.1.103:34621|dataStream:10.1.1.103:43717|priority:1|startupRole:FOLLOWER]|listeners:[], old=null
2023-01-16 14:43:12,086 [fe85205b-7d0e-4b68-96f2-42eee8168b18@group-E63E61230FA7-SegmentedRaftLogWorker] INFO  segmented.SegmentedRaftLogWorker (SegmentedRaftLogWorker.java:execute(656)) - fe85205b-7d0e-4b68-96f2-42eee8168b18@group-E63E61230FA7-SegmentedRaftLogWorker: created new log segment /home/runner/work/ozone/ozone/hadoop-ozone/integration-test/target/test-dir/MiniOzoneClusterImpl-3631b34d-cc81-4479-8217-32b495b3d7e3/datanode-1/data/ratis/e38bf172-605d-44ee-a7c2-e63e61230fa7/current/log_inprogress_0
2023-01-16 14:43:12,087 [edaf4ec7-b5bd-443f-91da-280c30b6b0af@group-E63E61230FA7-FollowerState] INFO  server.RaftServerConfigKeys (ConfUtils.java:logFallback(53)) - raft.server.rpc.first-election.timeout.max = 5200ms (fallback to raft.server.rpc.timeout.max)
2023-01-16 14:43:12,092 [fe85205b-7d0e-4b68-96f2-42eee8168b18@group-E63E61230FA7-LeaderElection37] INFO  server.RaftServer$Division (ServerState.java:setRaftConf(430)) - fe85205b-7d0e-4b68-96f2-42eee8168b18@group-E63E61230FA7: set configuration 0: peers:[b4158a24-f3b4-469a-87ed-87f7753bcb12|rpc:10.1.1.103:34081|dataStream:10.1.1.103:39137|priority:0|startupRole:FOLLOWER, edaf4ec7-b5bd-443f-91da-280c30b6b0af|rpc:10.1.1.103:33751|dataStream:10.1.1.103:44513|priority:0|startupRole:FOLLOWER, fe85205b-7d0e-4b68-96f2-42eee8168b18|rpc:10.1.1.103:34621|dataStream:10.1.1.103:43717|priority:1|startupRole:FOLLOWER]|listeners:[], old=null
2023-01-16 14:43:12,093 [Listener at 127.0.0.1/44023] INFO  pipeline.PipelineManagerImpl (PipelineManagerImpl.java:closePipeline(442)) - Pipeline Pipeline[ Id: 9c529fa9-7a50-48f6-b7e9-ad856bd91d88, Nodes: 5cd6f085-199f-4d86-8efd-dd16eb4c4197(fv-az203-757.ild0l4k5vsluppoevu2oqvhmda.cx.internal.cloudapp.net/10.1.1.103)53290e67-17c3-4c90-996e-c8ad22d82667(fv-az203-757.ild0l4k5vsluppoevu2oqvhmda.cx.internal.cloudapp.net/10.1.1.103)ca7e3987-4d62-4f50-9818-34d949b95429(fv-az203-757.ild0l4k5vsluppoevu2oqvhmda.cx.internal.cloudapp.net/10.1.1.103), ReplicationConfig: RATIS/THREE, State:OPEN, leaderId:5cd6f085-199f-4d86-8efd-dd16eb4c4197, CreationTimestamp2023-01-16T14:43:00.388Z[Etc/UTC]] moved to CLOSED state
2023-01-16 14:43:12,093 [Listener at 127.0.0.1/44023] INFO  pipeline.RatisPipelineProvider (RatisPipelineProvider.java:lambda$close$4(272)) - Send pipeline:PipelineID=9c529fa9-7a50-48f6-b7e9-ad856bd91d88 close command to datanode 5cd6f085-199f-4d86-8efd-dd16eb4c4197
2023-01-16 14:43:12,093 [Listener at 127.0.0.1/44023] INFO  pipeline.RatisPipelineProvider (RatisPipelineProvider.java:lambda$close$4(272)) - Send pipeline:PipelineID=9c529fa9-7a50-48f6-b7e9-ad856bd91d88 close command to datanode 53290e67-17c3-4c90-996e-c8ad22d82667
2023-01-16 14:43:12,093 [Listener at 127.0.0.1/44023] INFO  pipeline.RatisPipelineProvider (RatisPipelineProvider.java:lambda$close$4(272)) - Send pipeline:PipelineID=9c529fa9-7a50-48f6-b7e9-ad856bd91d88 close command to datanode ca7e3987-4d62-4f50-9818-34d949b95429
2023-01-16 14:43:12,095 [Listener at 127.0.0.1/44023] INFO  pipeline.PipelineStateManagerImpl (PipelineStateManagerImpl.java:removePipeline(245)) - Pipeline Pipeline[ Id: 9c529fa9-7a50-48f6-b7e9-ad856bd91d88, Nodes: 5cd6f085-199f-4d86-8efd-dd16eb4c4197(fv-az203-757.ild0l4k5vsluppoevu2oqvhmda.cx.internal.cloudapp.net/10.1.1.103)53290e67-17c3-4c90-996e-c8ad22d82667(fv-az203-757.ild0l4k5vsluppoevu2oqvhmda.cx.internal.cloudapp.net/10.1.1.103)ca7e3987-4d62-4f50-9818-34d949b95429(fv-az203-757.ild0l4k5vsluppoevu2oqvhmda.cx.internal.cloudapp.net/10.1.1.103), ReplicationConfig: RATIS/THREE, State:CLOSED, leaderId:5cd6f085-199f-4d86-8efd-dd16eb4c4197, CreationTimestamp2023-01-16T14:43:00.388Z[Etc/UTC]] removed.
2023-01-16 14:43:12,095 [Listener at 127.0.0.1/44023] INFO  pipeline.PipelineManagerImpl (PipelineManagerImpl.java:closePipeline(442)) - Pipeline Pipeline[ Id: ed429050-fb4b-419c-8b4b-311f4bfd6cb6, Nodes: b4158a24-f3b4-469a-87ed-87f7753bcb12(fv-az203-757.ild0l4k5vsluppoevu2oqvhmda.cx.internal.cloudapp.net/10.1.1.103)edaf4ec7-b5bd-443f-91da-280c30b6b0af(fv-az203-757.ild0l4k5vsluppoevu2oqvhmda.cx.internal.cloudapp.net/10.1.1.103)fe85205b-7d0e-4b68-96f2-42eee8168b18(fv-az203-757.ild0l4k5vsluppoevu2oqvhmda.cx.internal.cloudapp.net/10.1.1.103), ReplicationConfig: RATIS/THREE, State:OPEN, leaderId:edaf4ec7-b5bd-443f-91da-280c30b6b0af, CreationTimestamp2023-01-16T14:42:59.447Z[Etc/UTC]] moved to CLOSED state
2023-01-16 14:43:12,095 [Listener at 127.0.0.1/44023] INFO  pipeline.RatisPipelineProvider (RatisPipelineProvider.java:lambda$close$4(272)) - Send pipeline:PipelineID=ed429050-fb4b-419c-8b4b-311f4bfd6cb6 close command to datanode b4158a24-f3b4-469a-87ed-87f7753bcb12
2023-01-16 14:43:12,095 [Listener at 127.0.0.1/44023] INFO  pipeline.RatisPipelineProvider (RatisPipelineProvider.java:lambda$close$4(272)) - Send pipeline:PipelineID=ed429050-fb4b-419c-8b4b-311f4bfd6cb6 close command to datanode edaf4ec7-b5bd-443f-91da-280c30b6b0af
2023-01-16 14:43:12,095 [Listener at 127.0.0.1/44023] INFO  pipeline.RatisPipelineProvider (RatisPipelineProvider.java:lambda$close$4(272)) - Send pipeline:PipelineID=ed429050-fb4b-419c-8b4b-311f4bfd6cb6 close command to datanode fe85205b-7d0e-4b68-96f2-42eee8168b18
2023-01-16 14:43:12,096 [Listener at 127.0.0.1/44023] INFO  pipeline.PipelineStateManagerImpl (PipelineStateManagerImpl.java:removePipeline(245)) - Pipeline Pipeline[ Id: ed429050-fb4b-419c-8b4b-311f4bfd6cb6, Nodes: b4158a24-f3b4-469a-87ed-87f7753bcb12(fv-az203-757.ild0l4k5vsluppoevu2oqvhmda.cx.internal.cloudapp.net/10.1.1.103)edaf4ec7-b5bd-443f-91da-280c30b6b0af(fv-az203-757.ild0l4k5vsluppoevu2oqvhmda.cx.internal.cloudapp.net/10.1.1.103)fe85205b-7d0e-4b68-96f2-42eee8168b18(fv-az203-757.ild0l4k5vsluppoevu2oqvhmda.cx.internal.cloudapp.net/10.1.1.103), ReplicationConfig: RATIS/THREE, State:CLOSED, leaderId:edaf4ec7-b5bd-443f-91da-280c30b6b0af, CreationTimestamp2023-01-16T14:42:59.447Z[Etc/UTC]] removed.
2023-01-16 14:43:12,097 [Listener at 127.0.0.1/44023] INFO  pipeline.PipelineManagerImpl (PipelineManagerImpl.java:closePipeline(442)) - Pipeline Pipeline[ Id: e38bf172-605d-44ee-a7c2-e63e61230fa7, Nodes: b4158a24-f3b4-469a-87ed-87f7753bcb12(fv-az203-757.ild0l4k5vsluppoevu2oqvhmda.cx.internal.cloudapp.net/10.1.1.103)edaf4ec7-b5bd-443f-91da-280c30b6b0af(fv-az203-757.ild0l4k5vsluppoevu2oqvhmda.cx.internal.cloudapp.net/10.1.1.103)fe85205b-7d0e-4b68-96f2-42eee8168b18(fv-az203-757.ild0l4k5vsluppoevu2oqvhmda.cx.internal.cloudapp.net/10.1.1.103), ReplicationConfig: RATIS/THREE, State:OPEN, leaderId:fe85205b-7d0e-4b68-96f2-42eee8168b18, CreationTimestamp2023-01-16T14:42:59.449Z[Etc/UTC]] moved to CLOSED state
2023-01-16 14:43:12,097 [Listener at 127.0.0.1/44023] INFO  pipeline.RatisPipelineProvider (RatisPipelineProvider.java:lambda$close$4(272)) - Send pipeline:PipelineID=e38bf172-605d-44ee-a7c2-e63e61230fa7 close command to datanode b4158a24-f3b4-469a-87ed-87f7753bcb12
2023-01-16 14:43:12,101 [Listener at 127.0.0.1/44023] INFO  pipeline.RatisPipelineProvider (RatisPipelineProvider.java:lambda$close$4(272)) - Send pipeline:PipelineID=e38bf172-605d-44ee-a7c2-e63e61230fa7 close command to datanode edaf4ec7-b5bd-443f-91da-280c30b6b0af
2023-01-16 14:43:12,101 [Listener at 127.0.0.1/44023] INFO  pipeline.RatisPipelineProvider (RatisPipelineProvider.java:lambda$close$4(272)) - Send pipeline:PipelineID=e38bf172-605d-44ee-a7c2-e63e61230fa7 close command to datanode fe85205b-7d0e-4b68-96f2-42eee8168b18
2023-01-16 14:43:12,102 [Listener at 127.0.0.1/44023] INFO  pipeline.PipelineStateManagerImpl (PipelineStateManagerImpl.java:removePipeline(245)) - Pipeline Pipeline[ Id: e38bf172-605d-44ee-a7c2-e63e61230fa7, Nodes: b4158a24-f3b4-469a-87ed-87f7753bcb12(fv-az203-757.ild0l4k5vsluppoevu2oqvhmda.cx.internal.cloudapp.net/10.1.1.103)edaf4ec7-b5bd-443f-91da-280c30b6b0af(fv-az203-757.ild0l4k5vsluppoevu2oqvhmda.cx.internal.cloudapp.net/10.1.1.103)fe85205b-7d0e-4b68-96f2-42eee8168b18(fv-az203-757.ild0l4k5vsluppoevu2oqvhmda.cx.internal.cloudapp.net/10.1.1.103), ReplicationConfig: RATIS/THREE, State:CLOSED, leaderId:fe85205b-7d0e-4b68-96f2-42eee8168b18, CreationTimestamp2023-01-16T14:42:59.449Z[Etc/UTC]] removed.
2023-01-16 14:43:12,103 [b4158a24-f3b4-469a-87ed-87f7753bcb12-server-thread1] INFO  ratis.XceiverServerRatis (XceiverServerRatis.java:handleLeaderChangedNotification(904)) - Leader change notification received for group: group-E63E61230FA7 with new leaderId: fe85205b-7d0e-4b68-96f2-42eee8168b18
2023-01-16 14:43:12,103 [b4158a24-f3b4-469a-87ed-87f7753bcb12-server-thread1] INFO  server.RaftServer$Division (ServerState.java:setLeader(313)) - b4158a24-f3b4-469a-87ed-87f7753bcb12@group-E63E61230FA7: change Leader from null to fe85205b-7d0e-4b68-96f2-42eee8168b18 at term 2 for appendEntries, leader elected after 10193ms
2023-01-16 14:43:12,103 [edaf4ec7-b5bd-443f-91da-280c30b6b0af-server-thread1] INFO  ratis.XceiverServerRatis (XceiverServerRatis.java:handleLeaderChangedNotification(904)) - Leader change notification received for group: group-E63E61230FA7 with new leaderId: fe85205b-7d0e-4b68-96f2-42eee8168b18
2023-01-16 14:43:12,103 [edaf4ec7-b5bd-443f-91da-280c30b6b0af-server-thread1] INFO  server.RaftServer$Division (ServerState.java:setLeader(313)) - edaf4ec7-b5bd-443f-91da-280c30b6b0af@group-E63E61230FA7: change Leader from null to fe85205b-7d0e-4b68-96f2-42eee8168b18 at term 2 for appendEntries, leader elected after 10216ms
2023-01-16 14:43:12,106 [b4158a24-f3b4-469a-87ed-87f7753bcb12-server-thread1] INFO  server.RaftServer$Division (ServerState.java:setRaftConf(430)) - b4158a24-f3b4-469a-87ed-87f7753bcb12@group-E63E61230FA7: set configuration 0: peers:[b4158a24-f3b4-469a-87ed-87f7753bcb12|rpc:10.1.1.103:34081|dataStream:10.1.1.103:39137|priority:0|startupRole:FOLLOWER, edaf4ec7-b5bd-443f-91da-280c30b6b0af|rpc:10.1.1.103:33751|dataStream:10.1.1.103:44513|priority:0|startupRole:FOLLOWER, fe85205b-7d0e-4b68-96f2-42eee8168b18|rpc:10.1.1.103:34621|dataStream:10.1.1.103:43717|priority:1|startupRole:FOLLOWER]|listeners:[], old=null
2023-01-16 14:43:12,107 [b4158a24-f3b4-469a-87ed-87f7753bcb12-server-thread1] INFO  segmented.SegmentedRaftLogWorker (SegmentedRaftLogWorker.java:startLogSegment(452)) - b4158a24-f3b4-469a-87ed-87f7753bcb12@group-E63E61230FA7-SegmentedRaftLogWorker: Starting segment from index:0
2023-01-16 14:43:12,109 [b4158a24-f3b4-469a-87ed-87f7753bcb12@group-E63E61230FA7-SegmentedRaftLogWorker] INFO  segmented.SegmentedRaftLogWorker (SegmentedRaftLogWorker.java:execute(656)) - b4158a24-f3b4-469a-87ed-87f7753bcb12@group-E63E61230FA7-SegmentedRaftLogWorker: created new log segment /home/runner/work/ozone/ozone/hadoop-ozone/integration-test/target/test-dir/MiniOzoneClusterImpl-3631b34d-cc81-4479-8217-32b495b3d7e3/datanode-2/data/ratis/e38bf172-605d-44ee-a7c2-e63e61230fa7/current/log_inprogress_0
2023-01-16 14:43:12,116 [edaf4ec7-b5bd-443f-91da-280c30b6b0af-server-thread1] INFO  server.RaftServer$Division (ServerState.java:setRaftConf(430)) - edaf4ec7-b5bd-443f-91da-280c30b6b0af@group-E63E61230FA7: set configuration 0: peers:[b4158a24-f3b4-469a-87ed-87f7753bcb12|rpc:10.1.1.103:34081|dataStream:10.1.1.103:39137|priority:0|startupRole:FOLLOWER, edaf4ec7-b5bd-443f-91da-280c30b6b0af|rpc:10.1.1.103:33751|dataStream:10.1.1.103:44513|priority:0|startupRole:FOLLOWER, fe85205b-7d0e-4b68-96f2-42eee8168b18|rpc:10.1.1.103:34621|dataStream:10.1.1.103:43717|priority:1|startupRole:FOLLOWER]|listeners:[], old=null
2023-01-16 14:43:12,117 [edaf4ec7-b5bd-443f-91da-280c30b6b0af-server-thread1] INFO  segmented.SegmentedRaftLogWorker (SegmentedRaftLogWorker.java:startLogSegment(452)) - edaf4ec7-b5bd-443f-91da-280c30b6b0af@group-E63E61230FA7-SegmentedRaftLogWorker: Starting segment from index:0
2023-01-16 14:43:12,118 [edaf4ec7-b5bd-443f-91da-280c30b6b0af@group-E63E61230FA7-SegmentedRaftLogWorker] INFO  segmented.SegmentedRaftLogWorker (SegmentedRaftLogWorker.java:execute(656)) - edaf4ec7-b5bd-443f-91da-280c30b6b0af@group-E63E61230FA7-SegmentedRaftLogWorker: created new log segment /home/runner/work/ozone/ozone/hadoop-ozone/integration-test/target/test-dir/MiniOzoneClusterImpl-3631b34d-cc81-4479-8217-32b495b3d7e3/datanode-0/data/ratis/e38bf172-605d-44ee-a7c2-e63e61230fa7/current/log_inprogress_0
2023-01-16 14:43:12,926 [53290e67-17c3-4c90-996e-c8ad22d82667@group-014BD055F285-FollowerState] INFO  impl.FollowerState (FollowerState.java:run(143)) - 53290e67-17c3-4c90-996e-c8ad22d82667@group-014BD055F285-FollowerState: change to CANDIDATE, lastRpcElapsedTime:5089864275ns, electionTimeout:5085ms
2023-01-16 14:43:12,927 [53290e67-17c3-4c90-996e-c8ad22d82667@group-014BD055F285-FollowerState] INFO  impl.RoleInfo (RoleInfo.java:shutdownFollowerState(110)) - 53290e67-17c3-4c90-996e-c8ad22d82667: shutdown 53290e67-17c3-4c90-996e-c8ad22d82667@group-014BD055F285-FollowerState
2023-01-16 14:43:12,927 [53290e67-17c3-4c90-996e-c8ad22d82667@group-014BD055F285-FollowerState] INFO  server.RaftServer$Division (RaftServerImpl.java:setRole(321)) - 53290e67-17c3-4c90-996e-c8ad22d82667@group-014BD055F285: changes role from  FOLLOWER to CANDIDATE at term 1 for changeToCandidate
2023-01-16 14:43:12,927 [53290e67-17c3-4c90-996e-c8ad22d82667@group-014BD055F285-FollowerState] INFO  server.RaftServerConfigKeys (ConfUtils.java:logGet(46)) - raft.server.leaderelection.pre-vote = false (custom)
2023-01-16 14:43:12,927 [53290e67-17c3-4c90-996e-c8ad22d82667@group-014BD055F285-FollowerState] INFO  impl.RoleInfo (RoleInfo.java:updateAndGet(139)) - 53290e67-17c3-4c90-996e-c8ad22d82667: start 53290e67-17c3-4c90-996e-c8ad22d82667@group-014BD055F285-LeaderElection38
2023-01-16 14:43:12,929 [53290e67-17c3-4c90-996e-c8ad22d82667@group-014BD055F285-LeaderElection38] INFO  impl.LeaderElection (LeaderElection.java:askForVotes(312)) - 53290e67-17c3-4c90-996e-c8ad22d82667@group-014BD055F285-LeaderElection38 ELECTION round 0: submit vote requests at term 2 for -1: peers:[53290e67-17c3-4c90-996e-c8ad22d82667|rpc:10.1.1.103:38457|dataStream:10.1.1.103:39377|priority:1|startupRole:FOLLOWER, ca7e3987-4d62-4f50-9818-34d949b95429|rpc:10.1.1.103:44861|dataStream:10.1.1.103:43889|priority:0|startupRole:FOLLOWER, 5cd6f085-199f-4d86-8efd-dd16eb4c4197|rpc:10.1.1.103:38983|dataStream:10.1.1.103:38531|priority:0|startupRole:FOLLOWER]|listeners:[], old=null
2023-01-16 14:43:12,929 [53290e67-17c3-4c90-996e-c8ad22d82667@group-014BD055F285-LeaderElection38] INFO  server.RaftServerConfigKeys (ConfUtils.java:logFallback(53)) - raft.server.rpc.first-election.timeout.min = 5s (fallback to raft.server.rpc.timeout.min)
2023-01-16 14:43:12,929 [53290e67-17c3-4c90-996e-c8ad22d82667@group-014BD055F285-LeaderElection38-1] INFO  server.GrpcServerProtocolClient (GrpcServerProtocolClient.java:<init>(63)) - Build channel for ca7e3987-4d62-4f50-9818-34d949b95429
2023-01-16 14:43:12,930 [53290e67-17c3-4c90-996e-c8ad22d82667@group-014BD055F285-LeaderElection38] INFO  server.RaftServerConfigKeys (ConfUtils.java:logFallback(53)) - raft.server.rpc.first-election.timeout.max = 5200ms (fallback to raft.server.rpc.timeout.max)
2023-01-16 14:43:12,930 [53290e67-17c3-4c90-996e-c8ad22d82667@group-014BD055F285-LeaderElection38-2] INFO  server.GrpcServerProtocolClient (GrpcServerProtocolClient.java:<init>(63)) - Build channel for 5cd6f085-199f-4d86-8efd-dd16eb4c4197
2023-01-16 14:43:12,941 [grpc-default-executor-3] INFO  server.RaftServer$Division (RaftServerImpl.java:requestVote(1218)) - 5cd6f085-199f-4d86-8efd-dd16eb4c4197@group-014BD055F285: receive requestVote(ELECTION, 53290e67-17c3-4c90-996e-c8ad22d82667, group-014BD055F285, 2, (t:0, i:0))
2023-01-16 14:43:12,942 [grpc-default-executor-3] INFO  impl.VoteContext (VoteContext.java:log(49)) - 5cd6f085-199f-4d86-8efd-dd16eb4c4197@group-014BD055F285-FOLLOWER: accept ELECTION from 53290e67-17c3-4c90-996e-c8ad22d82667: our priority 0 <= candidate's priority 1
2023-01-16 14:43:12,942 [grpc-default-executor-3] INFO  server.RaftServer$Division (RaftServerImpl.java:setRole(321)) - 5cd6f085-199f-4d86-8efd-dd16eb4c4197@group-014BD055F285: changes role from  FOLLOWER to FOLLOWER at term 2 for candidate:53290e67-17c3-4c90-996e-c8ad22d82667
2023-01-16 14:43:12,943 [grpc-default-executor-3] INFO  impl.RoleInfo (RoleInfo.java:shutdownFollowerState(110)) - 5cd6f085-199f-4d86-8efd-dd16eb4c4197: shutdown 5cd6f085-199f-4d86-8efd-dd16eb4c4197@group-014BD055F285-FollowerState
2023-01-16 14:43:12,943 [5cd6f085-199f-4d86-8efd-dd16eb4c4197@group-014BD055F285-FollowerState] INFO  impl.FollowerState (FollowerState.java:run(152)) - 5cd6f085-199f-4d86-8efd-dd16eb4c4197@group-014BD055F285-FollowerState was interrupted
2023-01-16 14:43:12,943 [grpc-default-executor-3] INFO  impl.RoleInfo (RoleInfo.java:updateAndGet(139)) - 5cd6f085-199f-4d86-8efd-dd16eb4c4197: start 5cd6f085-199f-4d86-8efd-dd16eb4c4197@group-014BD055F285-FollowerState
2023-01-16 14:43:12,943 [5cd6f085-199f-4d86-8efd-dd16eb4c4197@group-014BD055F285-FollowerState] INFO  server.RaftServerConfigKeys (ConfUtils.java:logFallback(53)) - raft.server.rpc.first-election.timeout.min = 5s (fallback to raft.server.rpc.timeout.min)
2023-01-16 14:43:12,944 [5cd6f085-199f-4d86-8efd-dd16eb4c4197@group-014BD055F285-FollowerState] INFO  server.RaftServerConfigKeys (ConfUtils.java:logFallback(53)) - raft.server.rpc.first-election.timeout.max = 5200ms (fallback to raft.server.rpc.timeout.max)
2023-01-16 14:43:12,944 [grpc-default-executor-3] INFO  server.RaftServer$Division (RaftServerImpl.java:requestVote(1251)) - 5cd6f085-199f-4d86-8efd-dd16eb4c4197@group-014BD055F285 replies to ELECTION vote request: 53290e67-17c3-4c90-996e-c8ad22d82667<-5cd6f085-199f-4d86-8efd-dd16eb4c4197#0:OK-t2. Peer's state: 5cd6f085-199f-4d86-8efd-dd16eb4c4197@group-014BD055F285:t2, leader=null, voted=53290e67-17c3-4c90-996e-c8ad22d82667, raftlog=Memoized:5cd6f085-199f-4d86-8efd-dd16eb4c4197@group-014BD055F285-SegmentedRaftLog:OPENED:c-1, conf=-1: peers:[53290e67-17c3-4c90-996e-c8ad22d82667|rpc:10.1.1.103:38457|dataStream:10.1.1.103:39377|priority:1|startupRole:FOLLOWER, ca7e3987-4d62-4f50-9818-34d949b95429|rpc:10.1.1.103:44861|dataStream:10.1.1.103:43889|priority:0|startupRole:FOLLOWER, 5cd6f085-199f-4d86-8efd-dd16eb4c4197|rpc:10.1.1.103:38983|dataStream:10.1.1.103:38531|priority:0|startupRole:FOLLOWER]|listeners:[], old=null
2023-01-16 14:43:12,946 [53290e67-17c3-4c90-996e-c8ad22d82667@group-014BD055F285-LeaderElection38] INFO  impl.LeaderElection (LeaderElection.java:logAndReturn(90)) - 53290e67-17c3-4c90-996e-c8ad22d82667@group-014BD055F285-LeaderElection38: ELECTION PASSED received 1 response(s) and 0 exception(s):
2023-01-16 14:43:12,946 [53290e67-17c3-4c90-996e-c8ad22d82667@group-014BD055F285-LeaderElection38] INFO  impl.LeaderElection (LeaderElection.java:logAndReturn(94)) -   Response 0: 53290e67-17c3-4c90-996e-c8ad22d82667<-5cd6f085-199f-4d86-8efd-dd16eb4c4197#0:OK-t2
2023-01-16 14:43:12,946 [53290e67-17c3-4c90-996e-c8ad22d82667@group-014BD055F285-LeaderElection38] INFO  impl.LeaderElection (LeaderElection.java:askForVotes(314)) - 53290e67-17c3-4c90-996e-c8ad22d82667@group-014BD055F285-LeaderElection38 ELECTION round 0: result PASSED
2023-01-16 14:43:12,946 [53290e67-17c3-4c90-996e-c8ad22d82667@group-014BD055F285-LeaderElection38] INFO  impl.RoleInfo (RoleInfo.java:shutdownLeaderElection(130)) - 53290e67-17c3-4c90-996e-c8ad22d82667: shutdown 53290e67-17c3-4c90-996e-c8ad22d82667@group-014BD055F285-LeaderElection38
2023-01-16 14:43:12,946 [53290e67-17c3-4c90-996e-c8ad22d82667@group-014BD055F285-LeaderElection38] INFO  server.RaftServer$Division (RaftServerImpl.java:setRole(321)) - 53290e67-17c3-4c90-996e-c8ad22d82667@group-014BD055F285: changes role from CANDIDATE to LEADER at term 2 for changeToLeader
2023-01-16 14:43:12,946 [53290e67-17c3-4c90-996e-c8ad22d82667@group-014BD055F285-LeaderElection38] INFO  ratis.XceiverServerRatis (XceiverServerRatis.java:handleLeaderChangedNotification(904)) - Leader change notification received for group: group-014BD055F285 with new leaderId: 53290e67-17c3-4c90-996e-c8ad22d82667
2023-01-16 14:43:12,946 [53290e67-17c3-4c90-996e-c8ad22d82667@group-014BD055F285-LeaderElection38] INFO  server.RaftServer$Division (ServerState.java:setLeader(313)) - 53290e67-17c3-4c90-996e-c8ad22d82667@group-014BD055F285: change Leader from null to 53290e67-17c3-4c90-996e-c8ad22d82667 at term 2 for becomeLeader, leader elected after 10121ms
2023-01-16 14:43:12,946 [53290e67-17c3-4c90-996e-c8ad22d82667@group-014BD055F285-LeaderElection38] INFO  server.RaftServerConfigKeys (ConfUtils.java:logGet(46)) - raft.server.staging.catchup.gap = 1000 (default)
2023-01-16 14:43:12,946 [53290e67-17c3-4c90-996e-c8ad22d82667@group-014BD055F285-LeaderElection38] INFO  server.RaftServerConfigKeys (ConfUtils.java:logGet(46)) - raft.server.write.element-limit = 1024 (custom)
2023-01-16 14:43:12,946 [53290e67-17c3-4c90-996e-c8ad22d82667@group-014BD055F285-LeaderElection38] INFO  server.RaftServerConfigKeys (ConfUtils.java:logGet(46)) - raft.server.write.byte-limit = 1024 M (=1073741824) (custom)
2023-01-16 14:43:12,947 [53290e67-17c3-4c90-996e-c8ad22d82667@group-014BD055F285-LeaderElection38] INFO  server.RaftServerConfigKeys (ConfUtils.java:logGet(46)) - raft.server.watch.timeout = 180s (custom)
2023-01-16 14:43:12,947 [53290e67-17c3-4c90-996e-c8ad22d82667@group-014BD055F285-LeaderElection38] INFO  server.RaftServerConfigKeys (ConfUtils.java:logGet(46)) - raft.server.watch.timeout.denomination = 1s (default)
2023-01-16 14:43:12,947 [53290e67-17c3-4c90-996e-c8ad22d82667@group-014BD055F285-LeaderElection38] INFO  server.RaftServerConfigKeys (ConfUtils.java:logGet(46)) - raft.server.watch.element-limit = 65536 (default)
2023-01-16 14:43:12,947 [53290e67-17c3-4c90-996e-c8ad22d82667@group-014BD055F285-LeaderElection38] INFO  server.RaftServerConfigKeys (ConfUtils.java:logGet(46)) - raft.server.write.element-limit = 1024 (custom)
2023-01-16 14:43:12,947 [53290e67-17c3-4c90-996e-c8ad22d82667@group-014BD055F285-LeaderElection38] INFO  server.RaftServerConfigKeys (ConfUtils.java:logGet(46)) - raft.server.write.follower.gap.ratio.max = -1.0 (default)
2023-01-16 14:43:12,947 [53290e67-17c3-4c90-996e-c8ad22d82667@group-014BD055F285-LeaderElection38] INFO  server.RaftServerConfigKeys (ConfUtils.java:logGet(46)) - raft.server.log.appender.snapshot.chunk.size.max = 16MB (=16777216) (default)
2023-01-16 14:43:12,947 [53290e67-17c3-4c90-996e-c8ad22d82667@group-014BD055F285-LeaderElection38] INFO  server.RaftServerConfigKeys (ConfUtils.java:logGet(46)) - raft.server.log.appender.buffer.byte-limit = 33554432 (custom)
2023-01-16 14:43:12,947 [53290e67-17c3-4c90-996e-c8ad22d82667@group-014BD055F285-LeaderElection38] INFO  server.RaftServerConfigKeys (ConfUtils.java:logGet(46)) - raft.server.log.appender.buffer.element-limit = 1 (custom)
2023-01-16 14:43:12,947 [53290e67-17c3-4c90-996e-c8ad22d82667@group-014BD055F285-LeaderElection38] INFO  grpc.GrpcConfigKeys (ConfUtils.java:logGet(46)) - raft.grpc.server.leader.outstanding.appends.max = 128 (default)
2023-01-16 14:43:12,947 [53290e67-17c3-4c90-996e-c8ad22d82667@group-014BD055F285-LeaderElection38] INFO  server.RaftServerConfigKeys (ConfUtils.java:logGet(46)) - raft.server.rpc.request.timeout = 60s (custom)
2023-01-16 14:43:12,947 [53290e67-17c3-4c90-996e-c8ad22d82667@group-014BD055F285-LeaderElection38] INFO  server.RaftServerConfigKeys (ConfUtils.java:logGet(46)) - raft.server.log.appender.install.snapshot.enabled = false (custom)
2023-01-16 14:43:12,949 [53290e67-17c3-4c90-996e-c8ad22d82667@group-014BD055F285-LeaderElection38] INFO  grpc.GrpcConfigKeys (ConfUtils.java:logGet(46)) - raft.grpc.server.heartbeat.channel = true (default)
2023-01-16 14:43:12,948 [grpc-default-executor-3] INFO  server.RaftServer$Division (RaftServerImpl.java:requestVote(1218)) - ca7e3987-4d62-4f50-9818-34d949b95429@group-014BD055F285: receive requestVote(ELECTION, 53290e67-17c3-4c90-996e-c8ad22d82667, group-014BD055F285, 2, (t:0, i:0))
2023-01-16 14:43:12,949 [grpc-default-executor-3] INFO  impl.VoteContext (VoteContext.java:log(49)) - ca7e3987-4d62-4f50-9818-34d949b95429@group-014BD055F285-FOLLOWER: accept ELECTION from 53290e67-17c3-4c90-996e-c8ad22d82667: our priority 0 <= candidate's priority 1
2023-01-16 14:43:12,949 [grpc-default-executor-3] INFO  server.RaftServer$Division (RaftServerImpl.java:setRole(321)) - ca7e3987-4d62-4f50-9818-34d949b95429@group-014BD055F285: changes role from  FOLLOWER to FOLLOWER at term 2 for candidate:53290e67-17c3-4c90-996e-c8ad22d82667
2023-01-16 14:43:12,949 [grpc-default-executor-3] INFO  impl.RoleInfo (RoleInfo.java:shutdownFollowerState(110)) - ca7e3987-4d62-4f50-9818-34d949b95429: shutdown ca7e3987-4d62-4f50-9818-34d949b95429@group-014BD055F285-FollowerState
2023-01-16 14:43:12,949 [grpc-default-executor-3] INFO  impl.RoleInfo (RoleInfo.java:updateAndGet(139)) - ca7e3987-4d62-4f50-9818-34d949b95429: start ca7e3987-4d62-4f50-9818-34d949b95429@group-014BD055F285-FollowerState
2023-01-16 14:43:12,949 [ca7e3987-4d62-4f50-9818-34d949b95429@group-014BD055F285-FollowerState] INFO  impl.FollowerState (FollowerState.java:run(152)) - ca7e3987-4d62-4f50-9818-34d949b95429@group-014BD055F285-FollowerState was interrupted
2023-01-16 14:43:12,949 [EventQueue-PipelineReportForPipelineReportHandler] INFO  pipeline.PipelineManagerImpl (PipelineManagerImpl.java:openPipeline(367)) - Pipeline Pipeline[ Id: 77fdc72e-c411-4c47-aa6e-014bd055f285, Nodes: 5cd6f085-199f-4d86-8efd-dd16eb4c4197(fv-az203-757.ild0l4k5vsluppoevu2oqvhmda.cx.internal.cloudapp.net/10.1.1.103)ca7e3987-4d62-4f50-9818-34d949b95429(fv-az203-757.ild0l4k5vsluppoevu2oqvhmda.cx.internal.cloudapp.net/10.1.1.103)53290e67-17c3-4c90-996e-c8ad22d82667(fv-az203-757.ild0l4k5vsluppoevu2oqvhmda.cx.internal.cloudapp.net/10.1.1.103), ReplicationConfig: RATIS/THREE, State:ALLOCATED, leaderId:53290e67-17c3-4c90-996e-c8ad22d82667, CreationTimestamp2023-01-16T14:43:00.386Z[Etc/UTC]] moved to OPEN state
2023-01-16 14:43:12,949 [53290e67-17c3-4c90-996e-c8ad22d82667@group-014BD055F285-LeaderElection38] INFO  server.RaftServerConfigKeys (ConfUtils.java:logGet(46)) - raft.server.log.appender.wait-time.min = 10ms (default)
2023-01-16 14:43:12,950 [53290e67-17c3-4c90-996e-c8ad22d82667@group-014BD055F285-LeaderElection38] INFO  server.RaftServerConfigKeys (ConfUtils.java:logGet(46)) - raft.server.log.appender.snapshot.chunk.size.max = 16MB (=16777216) (default)
2023-01-16 14:43:12,950 [53290e67-17c3-4c90-996e-c8ad22d82667@group-014BD055F285-LeaderElection38] INFO  server.RaftServerConfigKeys (ConfUtils.java:logGet(46)) - raft.server.log.appender.buffer.byte-limit = 33554432 (custom)
2023-01-16 14:43:12,950 [53290e67-17c3-4c90-996e-c8ad22d82667@group-014BD055F285-LeaderElection38] INFO  server.RaftServerConfigKeys (ConfUtils.java:logGet(46)) - raft.server.log.appender.buffer.element-limit = 1 (custom)
2023-01-16 14:43:12,950 [53290e67-17c3-4c90-996e-c8ad22d82667@group-014BD055F285-LeaderElection38] INFO  grpc.GrpcConfigKeys (ConfUtils.java:logGet(46)) - raft.grpc.server.leader.outstanding.appends.max = 128 (default)
2023-01-16 14:43:12,950 [53290e67-17c3-4c90-996e-c8ad22d82667@group-014BD055F285-LeaderElection38] INFO  server.RaftServerConfigKeys (ConfUtils.java:logGet(46)) - raft.server.rpc.request.timeout = 60s (custom)
2023-01-16 14:43:12,950 [53290e67-17c3-4c90-996e-c8ad22d82667@group-014BD055F285-LeaderElection38] INFO  server.RaftServerConfigKeys (ConfUtils.java:logGet(46)) - raft.server.log.appender.install.snapshot.enabled = false (custom)
2023-01-16 14:43:12,950 [53290e67-17c3-4c90-996e-c8ad22d82667@group-014BD055F285-LeaderElection38] INFO  grpc.GrpcConfigKeys (ConfUtils.java:logGet(46)) - raft.grpc.server.heartbeat.channel = true (default)
2023-01-16 14:43:12,950 [53290e67-17c3-4c90-996e-c8ad22d82667@group-014BD055F285-LeaderElection38] INFO  server.RaftServerConfigKeys (ConfUtils.java:logGet(46)) - raft.server.log.appender.wait-time.min = 10ms (default)
2023-01-16 14:43:12,951 [53290e67-17c3-4c90-996e-c8ad22d82667@group-014BD055F285-LeaderElection38] INFO  impl.RoleInfo (RoleInfo.java:updateAndGet(139)) - 53290e67-17c3-4c90-996e-c8ad22d82667: start 53290e67-17c3-4c90-996e-c8ad22d82667@group-014BD055F285-LeaderStateImpl
2023-01-16 14:43:12,950 [EventQueue-PipelineReportForPipelineReportHandler] INFO  pipeline.PipelineReportHandler (PipelineReportHandler.java:processPipelineReport(115)) - Reported pipeline PipelineID=9c529fa9-7a50-48f6-b7e9-ad856bd91d88 is not found
2023-01-16 14:43:12,951 [53290e67-17c3-4c90-996e-c8ad22d82667@group-014BD055F285-LeaderElection38] INFO  segmented.SegmentedRaftLogWorker (SegmentedRaftLogWorker.java:startLogSegment(452)) - 53290e67-17c3-4c90-996e-c8ad22d82667@group-014BD055F285-SegmentedRaftLogWorker: Starting segment from index:0
2023-01-16 14:43:12,951 [grpc-default-executor-3] INFO  server.RaftServer$Division (RaftServerImpl.java:requestVote(1251)) - ca7e3987-4d62-4f50-9818-34d949b95429@group-014BD055F285 replies to ELECTION vote request: 53290e67-17c3-4c90-996e-c8ad22d82667<-ca7e3987-4d62-4f50-9818-34d949b95429#0:OK-t2. Peer's state: ca7e3987-4d62-4f50-9818-34d949b95429@group-014BD055F285:t2, leader=null, voted=53290e67-17c3-4c90-996e-c8ad22d82667, raftlog=Memoized:ca7e3987-4d62-4f50-9818-34d949b95429@group-014BD055F285-SegmentedRaftLog:OPENED:c-1, conf=-1: peers:[53290e67-17c3-4c90-996e-c8ad22d82667|rpc:10.1.1.103:38457|dataStream:10.1.1.103:39377|priority:1|startupRole:FOLLOWER, ca7e3987-4d62-4f50-9818-34d949b95429|rpc:10.1.1.103:44861|dataStream:10.1.1.103:43889|priority:0|startupRole:FOLLOWER, 5cd6f085-199f-4d86-8efd-dd16eb4c4197|rpc:10.1.1.103:38983|dataStream:10.1.1.103:38531|priority:0|startupRole:FOLLOWER]|listeners:[], old=null
2023-01-16 14:43:12,952 [ca7e3987-4d62-4f50-9818-34d949b95429@group-014BD055F285-FollowerState] INFO  server.RaftServerConfigKeys (ConfUtils.java:logFallback(53)) - raft.server.rpc.first-election.timeout.min = 5s (fallback to raft.server.rpc.timeout.min)
2023-01-16 14:43:12,952 [ca7e3987-4d62-4f50-9818-34d949b95429@group-014BD055F285-FollowerState] INFO  server.RaftServerConfigKeys (ConfUtils.java:logFallback(53)) - raft.server.rpc.first-election.timeout.max = 5200ms (fallback to raft.server.rpc.timeout.max)
2023-01-16 14:43:12,952 [53290e67-17c3-4c90-996e-c8ad22d82667@group-014BD055F285-SegmentedRaftLogWorker] INFO  segmented.SegmentedRaftLogWorker (SegmentedRaftLogWorker.java:execute(656)) - 53290e67-17c3-4c90-996e-c8ad22d82667@group-014BD055F285-SegmentedRaftLogWorker: created new log segment /home/runner/work/ozone/ozone/hadoop-ozone/integration-test/target/test-dir/MiniOzoneClusterImpl-3631b34d-cc81-4479-8217-32b495b3d7e3/datanode-4/data/ratis/77fdc72e-c411-4c47-aa6e-014bd055f285/current/log_inprogress_0
2023-01-16 14:43:12,962 [53290e67-17c3-4c90-996e-c8ad22d82667@group-014BD055F285-LeaderElection38] INFO  server.RaftServer$Division (ServerState.java:setRaftConf(430)) - 53290e67-17c3-4c90-996e-c8ad22d82667@group-014BD055F285: set configuration 0: peers:[53290e67-17c3-4c90-996e-c8ad22d82667|rpc:10.1.1.103:38457|dataStream:10.1.1.103:39377|priority:1|startupRole:FOLLOWER, ca7e3987-4d62-4f50-9818-34d949b95429|rpc:10.1.1.103:44861|dataStream:10.1.1.103:43889|priority:0|startupRole:FOLLOWER, 5cd6f085-199f-4d86-8efd-dd16eb4c4197|rpc:10.1.1.103:38983|dataStream:10.1.1.103:38531|priority:0|startupRole:FOLLOWER]|listeners:[], old=null
2023-01-16 14:43:12,969 [5cd6f085-199f-4d86-8efd-dd16eb4c4197-server-thread1] INFO  ratis.XceiverServerRatis (XceiverServerRatis.java:handleLeaderChangedNotification(904)) - Leader change notification received for group: group-014BD055F285 with new leaderId: 53290e67-17c3-4c90-996e-c8ad22d82667
2023-01-16 14:43:12,969 [5cd6f085-199f-4d86-8efd-dd16eb4c4197-server-thread1] INFO  server.RaftServer$Division (ServerState.java:setLeader(313)) - 5cd6f085-199f-4d86-8efd-dd16eb4c4197@group-014BD055F285: change Leader from null to 53290e67-17c3-4c90-996e-c8ad22d82667 at term 2 for appendEntries, leader elected after 10201ms
2023-01-16 14:43:12,970 [ca7e3987-4d62-4f50-9818-34d949b95429-server-thread1] INFO  ratis.XceiverServerRatis (XceiverServerRatis.java:handleLeaderChangedNotification(904)) - Leader change notification received for group: group-014BD055F285 with new leaderId: 53290e67-17c3-4c90-996e-c8ad22d82667
2023-01-16 14:43:12,970 [ca7e3987-4d62-4f50-9818-34d949b95429-server-thread1] INFO  server.RaftServer$Division (ServerState.java:setLeader(313)) - ca7e3987-4d62-4f50-9818-34d949b95429@group-014BD055F285: change Leader from null to 53290e67-17c3-4c90-996e-c8ad22d82667 at term 2 for appendEntries, leader elected after 10175ms
2023-01-16 14:43:12,976 [5cd6f085-199f-4d86-8efd-dd16eb4c4197-server-thread2] INFO  server.RaftServer$Division (ServerState.java:setRaftConf(430)) - 5cd6f085-199f-4d86-8efd-dd16eb4c4197@group-014BD055F285: set configuration 0: peers:[53290e67-17c3-4c90-996e-c8ad22d82667|rpc:10.1.1.103:38457|dataStream:10.1.1.103:39377|priority:1|startupRole:FOLLOWER, ca7e3987-4d62-4f50-9818-34d949b95429|rpc:10.1.1.103:44861|dataStream:10.1.1.103:43889|priority:0|startupRole:FOLLOWER, 5cd6f085-199f-4d86-8efd-dd16eb4c4197|rpc:10.1.1.103:38983|dataStream:10.1.1.103:38531|priority:0|startupRole:FOLLOWER]|listeners:[], old=null
2023-01-16 14:43:12,977 [5cd6f085-199f-4d86-8efd-dd16eb4c4197-server-thread2] INFO  segmented.SegmentedRaftLogWorker (SegmentedRaftLogWorker.java:startLogSegment(452)) - 5cd6f085-199f-4d86-8efd-dd16eb4c4197@group-014BD055F285-SegmentedRaftLogWorker: Starting segment from index:0
2023-01-16 14:43:12,978 [5cd6f085-199f-4d86-8efd-dd16eb4c4197@group-014BD055F285-SegmentedRaftLogWorker] INFO  segmented.SegmentedRaftLogWorker (SegmentedRaftLogWorker.java:execute(656)) - 5cd6f085-199f-4d86-8efd-dd16eb4c4197@group-014BD055F285-SegmentedRaftLogWorker: created new log segment /home/runner/work/ozone/ozone/hadoop-ozone/integration-test/target/test-dir/MiniOzoneClusterImpl-3631b34d-cc81-4479-8217-32b495b3d7e3/datanode-3/data/ratis/77fdc72e-c411-4c47-aa6e-014bd055f285/current/log_inprogress_0
2023-01-16 14:43:12,978 [ca7e3987-4d62-4f50-9818-34d949b95429-server-thread2] INFO  server.RaftServer$Division (ServerState.java:setRaftConf(430)) - ca7e3987-4d62-4f50-9818-34d949b95429@group-014BD055F285: set configuration 0: peers:[53290e67-17c3-4c90-996e-c8ad22d82667|rpc:10.1.1.103:38457|dataStream:10.1.1.103:39377|priority:1|startupRole:FOLLOWER, ca7e3987-4d62-4f50-9818-34d949b95429|rpc:10.1.1.103:44861|dataStream:10.1.1.103:43889|priority:0|startupRole:FOLLOWER, 5cd6f085-199f-4d86-8efd-dd16eb4c4197|rpc:10.1.1.103:38983|dataStream:10.1.1.103:38531|priority:0|startupRole:FOLLOWER]|listeners:[], old=null
2023-01-16 14:43:12,978 [ca7e3987-4d62-4f50-9818-34d949b95429-server-thread2] INFO  segmented.SegmentedRaftLogWorker (SegmentedRaftLogWorker.java:startLogSegment(452)) - ca7e3987-4d62-4f50-9818-34d949b95429@group-014BD055F285-SegmentedRaftLogWorker: Starting segment from index:0
2023-01-16 14:43:12,979 [ca7e3987-4d62-4f50-9818-34d949b95429@group-014BD055F285-SegmentedRaftLogWorker] INFO  segmented.SegmentedRaftLogWorker (SegmentedRaftLogWorker.java:execute(656)) - ca7e3987-4d62-4f50-9818-34d949b95429@group-014BD055F285-SegmentedRaftLogWorker: created new log segment /home/runner/work/ozone/ozone/hadoop-ozone/integration-test/target/test-dir/MiniOzoneClusterImpl-3631b34d-cc81-4479-8217-32b495b3d7e3/datanode-5/data/ratis/77fdc72e-c411-4c47-aa6e-014bd055f285/current/log_inprogress_0
2023-01-16 14:43:13,869 [Command processor thread] INFO  server.RaftServer (RaftServerProxy.java:remove(107)) - 53290e67-17c3-4c90-996e-c8ad22d82667: remove  FOLLOWER 53290e67-17c3-4c90-996e-c8ad22d82667@group-AD856BD91D88:t1, leader=5cd6f085-199f-4d86-8efd-dd16eb4c4197, voted=5cd6f085-199f-4d86-8efd-dd16eb4c4197, raftlog=Memoized:53290e67-17c3-4c90-996e-c8ad22d82667@group-AD856BD91D88-SegmentedRaftLog:OPENED:c0, conf=0: peers:[53290e67-17c3-4c90-996e-c8ad22d82667|rpc:10.1.1.103:38457|dataStream:10.1.1.103:39377|priority:0|startupRole:FOLLOWER, ca7e3987-4d62-4f50-9818-34d949b95429|rpc:10.1.1.103:44861|dataStream:10.1.1.103:43889|priority:0|startupRole:FOLLOWER, 5cd6f085-199f-4d86-8efd-dd16eb4c4197|rpc:10.1.1.103:38983|dataStream:10.1.1.103:38531|priority:1|startupRole:FOLLOWER]|listeners:[], old=null RUNNING
2023-01-16 14:43:13,869 [Command processor thread] INFO  server.RaftServer$Division (RaftServerImpl.java:lambda$close$4(458)) - 53290e67-17c3-4c90-996e-c8ad22d82667@group-AD856BD91D88: shutdown
2023-01-16 14:43:13,869 [Command processor thread] INFO  util.JmxRegister (JmxRegister.java:unregister(73)) - Successfully un-registered JMX Bean with object name Ratis:service=RaftServer,group=group-AD856BD91D88,id=53290e67-17c3-4c90-996e-c8ad22d82667
2023-01-16 14:43:13,869 [Command processor thread] INFO  impl.RoleInfo (RoleInfo.java:shutdownFollowerState(110)) - 53290e67-17c3-4c90-996e-c8ad22d82667: shutdown 53290e67-17c3-4c90-996e-c8ad22d82667@group-AD856BD91D88-FollowerState
2023-01-16 14:43:13,869 [Command processor thread] INFO  impl.StateMachineUpdater (StateMachineUpdater.java:stopAndJoin(153)) - 53290e67-17c3-4c90-996e-c8ad22d82667@group-AD856BD91D88-StateMachineUpdater: set stopIndex = 0
2023-01-16 14:43:13,869 [53290e67-17c3-4c90-996e-c8ad22d82667@group-AD856BD91D88-FollowerState] INFO  impl.FollowerState (FollowerState.java:run(152)) - 53290e67-17c3-4c90-996e-c8ad22d82667@group-AD856BD91D88-FollowerState was interrupted
2023-01-16 14:43:13,869 [53290e67-17c3-4c90-996e-c8ad22d82667@group-AD856BD91D88-StateMachineUpdater] INFO  ratis.ContainerStateMachine (ContainerStateMachine.java:takeSnapshot(308)) - group-AD856BD91D88: Taking a snapshot at:(t:1, i:0) file /home/runner/work/ozone/ozone/hadoop-ozone/integration-test/target/test-dir/MiniOzoneClusterImpl-3631b34d-cc81-4479-8217-32b495b3d7e3/datanode-4/data/ratis/9c529fa9-7a50-48f6-b7e9-ad856bd91d88/sm/snapshot.1_0
2023-01-16 14:43:13,870 [53290e67-17c3-4c90-996e-c8ad22d82667@group-AD856BD91D88-StateMachineUpdater] INFO  ratis.ContainerStateMachine (ContainerStateMachine.java:takeSnapshot(319)) - group-AD856BD91D88: Finished taking a snapshot at:(t:1, i:0) file:/home/runner/work/ozone/ozone/hadoop-ozone/integration-test/target/test-dir/MiniOzoneClusterImpl-3631b34d-cc81-4479-8217-32b495b3d7e3/datanode-4/data/ratis/9c529fa9-7a50-48f6-b7e9-ad856bd91d88/sm/snapshot.1_0 took: 1 ms
2023-01-16 14:43:13,871 [53290e67-17c3-4c90-996e-c8ad22d82667@group-AD856BD91D88-StateMachineUpdater] INFO  impl.StateMachineUpdater (StateMachineUpdater.java:takeSnapshot(287)) - 53290e67-17c3-4c90-996e-c8ad22d82667@group-AD856BD91D88-StateMachineUpdater: Took a snapshot at index 0
2023-01-16 14:43:13,871 [53290e67-17c3-4c90-996e-c8ad22d82667@group-AD856BD91D88-StateMachineUpdater] INFO  impl.StateMachineUpdater (StateMachineUpdater.java:lambda$new$0(92)) - 53290e67-17c3-4c90-996e-c8ad22d82667@group-AD856BD91D88-StateMachineUpdater: snapshotIndex: updateIncreasingly -1 -> 0
2023-01-16 14:43:13,871 [Command processor thread] INFO  server.RaftServer$Division (ServerState.java:close(466)) - 53290e67-17c3-4c90-996e-c8ad22d82667@group-AD856BD91D88: closes. applyIndex: 0
2023-01-16 14:43:13,871 [53290e67-17c3-4c90-996e-c8ad22d82667@group-AD856BD91D88-SegmentedRaftLogWorker] INFO  segmented.SegmentedRaftLogWorker (SegmentedRaftLogWorker.java:run(347)) - 53290e67-17c3-4c90-996e-c8ad22d82667@group-AD856BD91D88-SegmentedRaftLogWorker was interrupted, exiting. There are 0 tasks remaining in the queue.
2023-01-16 14:43:13,873 [Command processor thread] INFO  segmented.SegmentedRaftLogWorker (SegmentedRaftLogWorker.java:close(257)) - 53290e67-17c3-4c90-996e-c8ad22d82667@group-AD856BD91D88-SegmentedRaftLogWorker close()
2023-01-16 14:43:13,875 [Command processor thread] INFO  server.RaftServer$Division (RaftServerImpl.java:groupRemove(428)) - 53290e67-17c3-4c90-996e-c8ad22d82667@group-AD856BD91D88: Succeed to remove RaftStorageDirectory Storage Directory /home/runner/work/ozone/ozone/hadoop-ozone/integration-test/target/test-dir/MiniOzoneClusterImpl-3631b34d-cc81-4479-8217-32b495b3d7e3/datanode-4/data/ratis/9c529fa9-7a50-48f6-b7e9-ad856bd91d88
2023-01-16 14:43:13,875 [Command processor thread] INFO  commandhandler.ClosePipelineCommandHandler (ClosePipelineCommandHandler.java:handle(78)) - Close Pipeline PipelineID=9c529fa9-7a50-48f6-b7e9-ad856bd91d88 command on datanode 53290e67-17c3-4c90-996e-c8ad22d82667.
2023-01-16 14:43:14,238 [Command processor thread] INFO  server.RaftServer (RaftServerProxy.java:remove(107)) - ca7e3987-4d62-4f50-9818-34d949b95429: remove  FOLLOWER ca7e3987-4d62-4f50-9818-34d949b95429@group-AD856BD91D88:t1, leader=5cd6f085-199f-4d86-8efd-dd16eb4c4197, voted=5cd6f085-199f-4d86-8efd-dd16eb4c4197, raftlog=Memoized:ca7e3987-4d62-4f50-9818-34d949b95429@group-AD856BD91D88-SegmentedRaftLog:OPENED:c0, conf=0: peers:[53290e67-17c3-4c90-996e-c8ad22d82667|rpc:10.1.1.103:38457|dataStream:10.1.1.103:39377|priority:0|startupRole:FOLLOWER, ca7e3987-4d62-4f50-9818-34d949b95429|rpc:10.1.1.103:44861|dataStream:10.1.1.103:43889|priority:0|startupRole:FOLLOWER, 5cd6f085-199f-4d86-8efd-dd16eb4c4197|rpc:10.1.1.103:38983|dataStream:10.1.1.103:38531|priority:1|startupRole:FOLLOWER]|listeners:[], old=null RUNNING
2023-01-16 14:43:14,238 [Command processor thread] INFO  server.RaftServer$Division (RaftServerImpl.java:lambda$close$4(458)) - ca7e3987-4d62-4f50-9818-34d949b95429@group-AD856BD91D88: shutdown
2023-01-16 14:43:14,238 [Command processor thread] INFO  util.JmxRegister (JmxRegister.java:unregister(73)) - Successfully un-registered JMX Bean with object name Ratis:service=RaftServer,group=group-AD856BD91D88,id=ca7e3987-4d62-4f50-9818-34d949b95429
2023-01-16 14:43:14,238 [Command processor thread] INFO  impl.RoleInfo (RoleInfo.java:shutdownFollowerState(110)) - ca7e3987-4d62-4f50-9818-34d949b95429: shutdown ca7e3987-4d62-4f50-9818-34d949b95429@group-AD856BD91D88-FollowerState
2023-01-16 14:43:14,239 [Command processor thread] INFO  impl.StateMachineUpdater (StateMachineUpdater.java:stopAndJoin(153)) - ca7e3987-4d62-4f50-9818-34d949b95429@group-AD856BD91D88-StateMachineUpdater: set stopIndex = 0
2023-01-16 14:43:14,239 [ca7e3987-4d62-4f50-9818-34d949b95429@group-AD856BD91D88-FollowerState] INFO  impl.FollowerState (FollowerState.java:run(152)) - ca7e3987-4d62-4f50-9818-34d949b95429@group-AD856BD91D88-FollowerState was interrupted
2023-01-16 14:43:14,239 [ca7e3987-4d62-4f50-9818-34d949b95429@group-AD856BD91D88-StateMachineUpdater] INFO  ratis.ContainerStateMachine (ContainerStateMachine.java:takeSnapshot(308)) - group-AD856BD91D88: Taking a snapshot at:(t:1, i:0) file /home/runner/work/ozone/ozone/hadoop-ozone/integration-test/target/test-dir/MiniOzoneClusterImpl-3631b34d-cc81-4479-8217-32b495b3d7e3/datanode-5/data/ratis/9c529fa9-7a50-48f6-b7e9-ad856bd91d88/sm/snapshot.1_0
2023-01-16 14:43:14,240 [ca7e3987-4d62-4f50-9818-34d949b95429@group-AD856BD91D88-StateMachineUpdater] INFO  ratis.ContainerStateMachine (ContainerStateMachine.java:takeSnapshot(319)) - group-AD856BD91D88: Finished taking a snapshot at:(t:1, i:0) file:/home/runner/work/ozone/ozone/hadoop-ozone/integration-test/target/test-dir/MiniOzoneClusterImpl-3631b34d-cc81-4479-8217-32b495b3d7e3/datanode-5/data/ratis/9c529fa9-7a50-48f6-b7e9-ad856bd91d88/sm/snapshot.1_0 took: 2 ms
2023-01-16 14:43:14,240 [ca7e3987-4d62-4f50-9818-34d949b95429@group-AD856BD91D88-StateMachineUpdater] INFO  impl.StateMachineUpdater (StateMachineUpdater.java:takeSnapshot(287)) - ca7e3987-4d62-4f50-9818-34d949b95429@group-AD856BD91D88-StateMachineUpdater: Took a snapshot at index 0
2023-01-16 14:43:14,241 [ca7e3987-4d62-4f50-9818-34d949b95429@group-AD856BD91D88-StateMachineUpdater] INFO  impl.StateMachineUpdater (StateMachineUpdater.java:lambda$new$0(92)) - ca7e3987-4d62-4f50-9818-34d949b95429@group-AD856BD91D88-StateMachineUpdater: snapshotIndex: updateIncreasingly -1 -> 0
2023-01-16 14:43:14,241 [Command processor thread] INFO  server.RaftServer$Division (ServerState.java:close(466)) - ca7e3987-4d62-4f50-9818-34d949b95429@group-AD856BD91D88: closes. applyIndex: 0
2023-01-16 14:43:14,241 [ca7e3987-4d62-4f50-9818-34d949b95429@group-AD856BD91D88-SegmentedRaftLogWorker] INFO  segmented.SegmentedRaftLogWorker (SegmentedRaftLogWorker.java:run(347)) - ca7e3987-4d62-4f50-9818-34d949b95429@group-AD856BD91D88-SegmentedRaftLogWorker was interrupted, exiting. There are 0 tasks remaining in the queue.
2023-01-16 14:43:14,243 [Command processor thread] INFO  segmented.SegmentedRaftLogWorker (SegmentedRaftLogWorker.java:close(257)) - ca7e3987-4d62-4f50-9818-34d949b95429@group-AD856BD91D88-SegmentedRaftLogWorker close()
2023-01-16 14:43:14,246 [Command processor thread] INFO  server.RaftServer$Division (RaftServerImpl.java:groupRemove(428)) - ca7e3987-4d62-4f50-9818-34d949b95429@group-AD856BD91D88: Succeed to remove RaftStorageDirectory Storage Directory /home/runner/work/ozone/ozone/hadoop-ozone/integration-test/target/test-dir/MiniOzoneClusterImpl-3631b34d-cc81-4479-8217-32b495b3d7e3/datanode-5/data/ratis/9c529fa9-7a50-48f6-b7e9-ad856bd91d88
2023-01-16 14:43:14,246 [Command processor thread] INFO  commandhandler.ClosePipelineCommandHandler (ClosePipelineCommandHandler.java:handle(78)) - Close Pipeline PipelineID=9c529fa9-7a50-48f6-b7e9-ad856bd91d88 command on datanode ca7e3987-4d62-4f50-9818-34d949b95429.
2023-01-16 14:43:14,916 [Command processor thread] INFO  server.RaftServer (RaftServerProxy.java:remove(107)) - b4158a24-f3b4-469a-87ed-87f7753bcb12: remove  FOLLOWER b4158a24-f3b4-469a-87ed-87f7753bcb12@group-311F4BFD6CB6:t2, leader=edaf4ec7-b5bd-443f-91da-280c30b6b0af, voted=edaf4ec7-b5bd-443f-91da-280c30b6b0af, raftlog=Memoized:b4158a24-f3b4-469a-87ed-87f7753bcb12@group-311F4BFD6CB6-SegmentedRaftLog:OPENED:c0, conf=0: peers:[b4158a24-f3b4-469a-87ed-87f7753bcb12|rpc:10.1.1.103:34081|dataStream:10.1.1.103:39137|priority:0|startupRole:FOLLOWER, edaf4ec7-b5bd-443f-91da-280c30b6b0af|rpc:10.1.1.103:33751|dataStream:10.1.1.103:44513|priority:1|startupRole:FOLLOWER, fe85205b-7d0e-4b68-96f2-42eee8168b18|rpc:10.1.1.103:34621|dataStream:10.1.1.103:43717|priority:0|startupRole:FOLLOWER]|listeners:[], old=null RUNNING
2023-01-16 14:43:14,916 [Command processor thread] INFO  server.RaftServer$Division (RaftServerImpl.java:lambda$close$4(458)) - b4158a24-f3b4-469a-87ed-87f7753bcb12@group-311F4BFD6CB6: shutdown
2023-01-16 14:43:14,916 [Command processor thread] INFO  util.JmxRegister (JmxRegister.java:unregister(73)) - Successfully un-registered JMX Bean with object name Ratis:service=RaftServer,group=group-311F4BFD6CB6,id=b4158a24-f3b4-469a-87ed-87f7753bcb12
2023-01-16 14:43:14,916 [Command processor thread] INFO  impl.RoleInfo (RoleInfo.java:shutdownFollowerState(110)) - b4158a24-f3b4-469a-87ed-87f7753bcb12: shutdown b4158a24-f3b4-469a-87ed-87f7753bcb12@group-311F4BFD6CB6-FollowerState
2023-01-16 14:43:14,916 [Command processor thread] INFO  impl.StateMachineUpdater (StateMachineUpdater.java:stopAndJoin(153)) - b4158a24-f3b4-469a-87ed-87f7753bcb12@group-311F4BFD6CB6-StateMachineUpdater: set stopIndex = 0
2023-01-16 14:43:14,916 [b4158a24-f3b4-469a-87ed-87f7753bcb12@group-311F4BFD6CB6-FollowerState] INFO  impl.FollowerState (FollowerState.java:run(152)) - b4158a24-f3b4-469a-87ed-87f7753bcb12@group-311F4BFD6CB6-FollowerState was interrupted
2023-01-16 14:43:14,916 [b4158a24-f3b4-469a-87ed-87f7753bcb12@group-311F4BFD6CB6-StateMachineUpdater] INFO  ratis.ContainerStateMachine (ContainerStateMachine.java:takeSnapshot(308)) - group-311F4BFD6CB6: Taking a snapshot at:(t:2, i:0) file /home/runner/work/ozone/ozone/hadoop-ozone/integration-test/target/test-dir/MiniOzoneClusterImpl-3631b34d-cc81-4479-8217-32b495b3d7e3/datanode-2/data/ratis/ed429050-fb4b-419c-8b4b-311f4bfd6cb6/sm/snapshot.2_0
2023-01-16 14:43:14,917 [b4158a24-f3b4-469a-87ed-87f7753bcb12@group-311F4BFD6CB6-StateMachineUpdater] INFO  ratis.ContainerStateMachine (ContainerStateMachine.java:takeSnapshot(319)) - group-311F4BFD6CB6: Finished taking a snapshot at:(t:2, i:0) file:/home/runner/work/ozone/ozone/hadoop-ozone/integration-test/target/test-dir/MiniOzoneClusterImpl-3631b34d-cc81-4479-8217-32b495b3d7e3/datanode-2/data/ratis/ed429050-fb4b-419c-8b4b-311f4bfd6cb6/sm/snapshot.2_0 took: 1 ms
2023-01-16 14:43:14,918 [b4158a24-f3b4-469a-87ed-87f7753bcb12@group-311F4BFD6CB6-StateMachineUpdater] INFO  impl.StateMachineUpdater (StateMachineUpdater.java:takeSnapshot(287)) - b4158a24-f3b4-469a-87ed-87f7753bcb12@group-311F4BFD6CB6-StateMachineUpdater: Took a snapshot at index 0
2023-01-16 14:43:14,918 [b4158a24-f3b4-469a-87ed-87f7753bcb12@group-311F4BFD6CB6-StateMachineUpdater] INFO  impl.StateMachineUpdater (StateMachineUpdater.java:lambda$new$0(92)) - b4158a24-f3b4-469a-87ed-87f7753bcb12@group-311F4BFD6CB6-StateMachineUpdater: snapshotIndex: updateIncreasingly -1 -> 0
2023-01-16 14:43:14,919 [Command processor thread] INFO  server.RaftServer$Division (ServerState.java:close(466)) - b4158a24-f3b4-469a-87ed-87f7753bcb12@group-311F4BFD6CB6: closes. applyIndex: 0
2023-01-16 14:43:14,919 [b4158a24-f3b4-469a-87ed-87f7753bcb12@group-311F4BFD6CB6-SegmentedRaftLogWorker] INFO  segmented.SegmentedRaftLogWorker (SegmentedRaftLogWorker.java:run(347)) - b4158a24-f3b4-469a-87ed-87f7753bcb12@group-311F4BFD6CB6-SegmentedRaftLogWorker was interrupted, exiting. There are 0 tasks remaining in the queue.
2023-01-16 14:43:14,921 [Command processor thread] INFO  segmented.SegmentedRaftLogWorker (SegmentedRaftLogWorker.java:close(257)) - b4158a24-f3b4-469a-87ed-87f7753bcb12@group-311F4BFD6CB6-SegmentedRaftLogWorker close()
2023-01-16 14:43:14,923 [Command processor thread] INFO  server.RaftServer$Division (RaftServerImpl.java:groupRemove(428)) - b4158a24-f3b4-469a-87ed-87f7753bcb12@group-311F4BFD6CB6: Succeed to remove RaftStorageDirectory Storage Directory /home/runner/work/ozone/ozone/hadoop-ozone/integration-test/target/test-dir/MiniOzoneClusterImpl-3631b34d-cc81-4479-8217-32b495b3d7e3/datanode-2/data/ratis/ed429050-fb4b-419c-8b4b-311f4bfd6cb6
2023-01-16 14:43:14,924 [Command processor thread] INFO  commandhandler.ClosePipelineCommandHandler (ClosePipelineCommandHandler.java:handle(78)) - Close Pipeline PipelineID=ed429050-fb4b-419c-8b4b-311f4bfd6cb6 command on datanode b4158a24-f3b4-469a-87ed-87f7753bcb12.
2023-01-16 14:43:14,924 [Command processor thread] INFO  server.RaftServer (RaftServerProxy.java:remove(107)) - b4158a24-f3b4-469a-87ed-87f7753bcb12: remove  FOLLOWER b4158a24-f3b4-469a-87ed-87f7753bcb12@group-E63E61230FA7:t2, leader=fe85205b-7d0e-4b68-96f2-42eee8168b18, voted=fe85205b-7d0e-4b68-96f2-42eee8168b18, raftlog=Memoized:b4158a24-f3b4-469a-87ed-87f7753bcb12@group-E63E61230FA7-SegmentedRaftLog:OPENED:c0, conf=0: peers:[b4158a24-f3b4-469a-87ed-87f7753bcb12|rpc:10.1.1.103:34081|dataStream:10.1.1.103:39137|priority:0|startupRole:FOLLOWER, edaf4ec7-b5bd-443f-91da-280c30b6b0af|rpc:10.1.1.103:33751|dataStream:10.1.1.103:44513|priority:0|startupRole:FOLLOWER, fe85205b-7d0e-4b68-96f2-42eee8168b18|rpc:10.1.1.103:34621|dataStream:10.1.1.103:43717|priority:1|startupRole:FOLLOWER]|listeners:[], old=null RUNNING
2023-01-16 14:43:14,924 [Command processor thread] INFO  server.RaftServer$Division (RaftServerImpl.java:lambda$close$4(458)) - b4158a24-f3b4-469a-87ed-87f7753bcb12@group-E63E61230FA7: shutdown
2023-01-16 14:43:14,924 [Command processor thread] INFO  util.JmxRegister (JmxRegister.java:unregister(73)) - Successfully un-registered JMX Bean with object name Ratis:service=RaftServer,group=group-E63E61230FA7,id=b4158a24-f3b4-469a-87ed-87f7753bcb12
2023-01-16 14:43:14,924 [Command processor thread] INFO  impl.RoleInfo (RoleInfo.java:shutdownFollowerState(110)) - b4158a24-f3b4-469a-87ed-87f7753bcb12: shutdown b4158a24-f3b4-469a-87ed-87f7753bcb12@group-E63E61230FA7-FollowerState
2023-01-16 14:43:14,924 [Command processor thread] INFO  impl.StateMachineUpdater (StateMachineUpdater.java:stopAndJoin(153)) - b4158a24-f3b4-469a-87ed-87f7753bcb12@group-E63E61230FA7-StateMachineUpdater: set stopIndex = 0
2023-01-16 14:43:14,924 [b4158a24-f3b4-469a-87ed-87f7753bcb12@group-E63E61230FA7-FollowerState] INFO  impl.FollowerState (FollowerState.java:run(152)) - b4158a24-f3b4-469a-87ed-87f7753bcb12@group-E63E61230FA7-FollowerState was interrupted
2023-01-16 14:43:14,925 [b4158a24-f3b4-469a-87ed-87f7753bcb12@group-E63E61230FA7-StateMachineUpdater] INFO  ratis.ContainerStateMachine (ContainerStateMachine.java:takeSnapshot(308)) - group-E63E61230FA7: Taking a snapshot at:(t:2, i:0) file /home/runner/work/ozone/ozone/hadoop-ozone/integration-test/target/test-dir/MiniOzoneClusterImpl-3631b34d-cc81-4479-8217-32b495b3d7e3/datanode-2/data/ratis/e38bf172-605d-44ee-a7c2-e63e61230fa7/sm/snapshot.2_0
2023-01-16 14:43:14,925 [b4158a24-f3b4-469a-87ed-87f7753bcb12@group-E63E61230FA7-StateMachineUpdater] INFO  ratis.ContainerStateMachine (ContainerStateMachine.java:takeSnapshot(319)) - group-E63E61230FA7: Finished taking a snapshot at:(t:2, i:0) file:/home/runner/work/ozone/ozone/hadoop-ozone/integration-test/target/test-dir/MiniOzoneClusterImpl-3631b34d-cc81-4479-8217-32b495b3d7e3/datanode-2/data/ratis/e38bf172-605d-44ee-a7c2-e63e61230fa7/sm/snapshot.2_0 took: 1 ms
2023-01-16 14:43:14,926 [b4158a24-f3b4-469a-87ed-87f7753bcb12@group-E63E61230FA7-StateMachineUpdater] INFO  impl.StateMachineUpdater (StateMachineUpdater.java:takeSnapshot(287)) - b4158a24-f3b4-469a-87ed-87f7753bcb12@group-E63E61230FA7-StateMachineUpdater: Took a snapshot at index 0
2023-01-16 14:43:14,926 [b4158a24-f3b4-469a-87ed-87f7753bcb12@group-E63E61230FA7-StateMachineUpdater] INFO  impl.StateMachineUpdater (StateMachineUpdater.java:lambda$new$0(92)) - b4158a24-f3b4-469a-87ed-87f7753bcb12@group-E63E61230FA7-StateMachineUpdater: snapshotIndex: updateIncreasingly -1 -> 0
2023-01-16 14:43:14,927 [Command processor thread] INFO  server.RaftServer$Division (ServerState.java:close(466)) - b4158a24-f3b4-469a-87ed-87f7753bcb12@group-E63E61230FA7: closes. applyIndex: 0
2023-01-16 14:43:14,927 [b4158a24-f3b4-469a-87ed-87f7753bcb12@group-E63E61230FA7-SegmentedRaftLogWorker] INFO  segmented.SegmentedRaftLogWorker (SegmentedRaftLogWorker.java:run(347)) - b4158a24-f3b4-469a-87ed-87f7753bcb12@group-E63E61230FA7-SegmentedRaftLogWorker was interrupted, exiting. There are 0 tasks remaining in the queue.
2023-01-16 14:43:14,929 [Command processor thread] INFO  segmented.SegmentedRaftLogWorker (SegmentedRaftLogWorker.java:close(257)) - b4158a24-f3b4-469a-87ed-87f7753bcb12@group-E63E61230FA7-SegmentedRaftLogWorker close()
2023-01-16 14:43:14,931 [Command processor thread] INFO  server.RaftServer$Division (RaftServerImpl.java:groupRemove(428)) - b4158a24-f3b4-469a-87ed-87f7753bcb12@group-E63E61230FA7: Succeed to remove RaftStorageDirectory Storage Directory /home/runner/work/ozone/ozone/hadoop-ozone/integration-test/target/test-dir/MiniOzoneClusterImpl-3631b34d-cc81-4479-8217-32b495b3d7e3/datanode-2/data/ratis/e38bf172-605d-44ee-a7c2-e63e61230fa7
2023-01-16 14:43:14,931 [Command processor thread] INFO  commandhandler.ClosePipelineCommandHandler (ClosePipelineCommandHandler.java:handle(78)) - Close Pipeline PipelineID=e38bf172-605d-44ee-a7c2-e63e61230fa7 command on datanode b4158a24-f3b4-469a-87ed-87f7753bcb12.
2023-01-16 14:43:14,957 [Command processor thread] INFO  server.RaftServer (RaftServerProxy.java:remove(107)) - 5cd6f085-199f-4d86-8efd-dd16eb4c4197: remove    LEADER 5cd6f085-199f-4d86-8efd-dd16eb4c4197@group-AD856BD91D88:t1, leader=5cd6f085-199f-4d86-8efd-dd16eb4c4197, voted=5cd6f085-199f-4d86-8efd-dd16eb4c4197, raftlog=Memoized:5cd6f085-199f-4d86-8efd-dd16eb4c4197@group-AD856BD91D88-SegmentedRaftLog:OPENED:c0, conf=0: peers:[53290e67-17c3-4c90-996e-c8ad22d82667|rpc:10.1.1.103:38457|dataStream:10.1.1.103:39377|priority:0|startupRole:FOLLOWER, ca7e3987-4d62-4f50-9818-34d949b95429|rpc:10.1.1.103:44861|dataStream:10.1.1.103:43889|priority:0|startupRole:FOLLOWER, 5cd6f085-199f-4d86-8efd-dd16eb4c4197|rpc:10.1.1.103:38983|dataStream:10.1.1.103:38531|priority:1|startupRole:FOLLOWER]|listeners:[], old=null RUNNING
2023-01-16 14:43:14,957 [Command processor thread] INFO  server.RaftServer$Division (RaftServerImpl.java:lambda$close$4(458)) - 5cd6f085-199f-4d86-8efd-dd16eb4c4197@group-AD856BD91D88: shutdown
2023-01-16 14:43:14,957 [Command processor thread] INFO  util.JmxRegister (JmxRegister.java:unregister(73)) - Successfully un-registered JMX Bean with object name Ratis:service=RaftServer,group=group-AD856BD91D88,id=5cd6f085-199f-4d86-8efd-dd16eb4c4197
2023-01-16 14:43:14,957 [Command processor thread] INFO  impl.RoleInfo (RoleInfo.java:shutdownLeaderState(93)) - 5cd6f085-199f-4d86-8efd-dd16eb4c4197: shutdown 5cd6f085-199f-4d86-8efd-dd16eb4c4197@group-AD856BD91D88-LeaderStateImpl
2023-01-16 14:43:14,957 [5cd6f085-199f-4d86-8efd-dd16eb4c4197@group-AD856BD91D88->53290e67-17c3-4c90-996e-c8ad22d82667-GrpcLogAppender-LogAppenderDaemon] WARN  server.GrpcLogAppender (GrpcLogAppender.java:mayWait(200)) - 5cd6f085-199f-4d86-8efd-dd16eb4c4197@group-AD856BD91D88->53290e67-17c3-4c90-996e-c8ad22d82667-GrpcLogAppender: Wait interrupted by java.lang.InterruptedException
2023-01-16 14:43:14,957 [5cd6f085-199f-4d86-8efd-dd16eb4c4197@group-AD856BD91D88->ca7e3987-4d62-4f50-9818-34d949b95429-GrpcLogAppender-LogAppenderDaemon] WARN  server.GrpcLogAppender (GrpcLogAppender.java:mayWait(200)) - 5cd6f085-199f-4d86-8efd-dd16eb4c4197@group-AD856BD91D88->ca7e3987-4d62-4f50-9818-34d949b95429-GrpcLogAppender: Wait interrupted by java.lang.InterruptedException
2023-01-16 14:43:14,958 [grpc-default-executor-4] INFO  server.GrpcServerProtocolService (GrpcServerProtocolService.java:onCompleted(143)) - 53290e67-17c3-4c90-996e-c8ad22d82667: Completed APPEND_ENTRIES, lastRequest: null
2023-01-16 14:43:14,958 [grpc-default-executor-3] INFO  server.GrpcServerProtocolService (GrpcServerProtocolService.java:onCompleted(143)) - 53290e67-17c3-4c90-996e-c8ad22d82667: Completed APPEND_ENTRIES, lastRequest: 5cd6f085-199f-4d86-8efd-dd16eb4c4197->53290e67-17c3-4c90-996e-c8ad22d82667#1-t1,previous=(t:0, i:0),leaderCommit=0,initializing? true,entries: size=1, first=(t:1, i:0), CONFIGURATIONENTRY(current:id: "53290e67-17c3-4c90-996e-c8ad22d82667"
address: "10.1.1.103:38457"
dataStreamAddress: "10.1.1.103:39377"
clientAddress: "10.1.1.103:38457"
adminAddress: "10.1.1.103:38457"
startupRole: FOLLOWER
,id: "ca7e3987-4d62-4f50-9818-34d949b95429"
address: "10.1.1.103:44861"
dataStreamAddress: "10.1.1.103:43889"
clientAddress: "10.1.1.103:44861"
adminAddress: "10.1.1.103:44861"
startupRole: FOLLOWER
,id: "5cd6f085-199f-4d86-8efd-dd16eb4c4197"
address: "10.1.1.103:38983"
priority: 1
dataStreamAddress: "10.1.1.103:38531"
clientAddress: "10.1.1.103:38983"
adminAddress: "10.1.1.103:38983"
startupRole: FOLLOWER
, old:)
2023-01-16 14:43:14,959 [grpc-default-executor-1] INFO  server.GrpcServerProtocolService (GrpcServerProtocolService.java:onCompleted(143)) - ca7e3987-4d62-4f50-9818-34d949b95429: Completed APPEND_ENTRIES, lastRequest: 5cd6f085-199f-4d86-8efd-dd16eb4c4197->ca7e3987-4d62-4f50-9818-34d949b95429#1-t1,previous=(t:0, i:0),leaderCommit=0,initializing? true,entries: size=1, first=(t:1, i:0), CONFIGURATIONENTRY(current:id: "53290e67-17c3-4c90-996e-c8ad22d82667"
address: "10.1.1.103:38457"
dataStreamAddress: "10.1.1.103:39377"
clientAddress: "10.1.1.103:38457"
adminAddress: "10.1.1.103:38457"
startupRole: FOLLOWER
,id: "ca7e3987-4d62-4f50-9818-34d949b95429"
address: "10.1.1.103:44861"
dataStreamAddress: "10.1.1.103:43889"
clientAddress: "10.1.1.103:44861"
adminAddress: "10.1.1.103:44861"
startupRole: FOLLOWER
,id: "5cd6f085-199f-4d86-8efd-dd16eb4c4197"
address: "10.1.1.103:38983"
priority: 1
dataStreamAddress: "10.1.1.103:38531"
clientAddress: "10.1.1.103:38983"
adminAddress: "10.1.1.103:38983"
startupRole: FOLLOWER
, old:)
2023-01-16 14:43:14,959 [grpc-default-executor-2] INFO  server.GrpcServerProtocolService (GrpcServerProtocolService.java:onCompleted(143)) - ca7e3987-4d62-4f50-9818-34d949b95429: Completed APPEND_ENTRIES, lastRequest: null
2023-01-16 14:43:14,959 [grpc-default-executor-0] INFO  server.GrpcLogAppender (GrpcLogAppender.java:onCompleted(415)) - 5cd6f085-199f-4d86-8efd-dd16eb4c4197@group-AD856BD91D88->53290e67-17c3-4c90-996e-c8ad22d82667-AppendLogResponseHandler: follower responses appendEntries COMPLETED
2023-01-16 14:43:14,959 [grpc-default-executor-0] INFO  leader.FollowerInfo (FollowerInfoImpl.java:lambda$new$0(48)) - 5cd6f085-199f-4d86-8efd-dd16eb4c4197@group-AD856BD91D88->53290e67-17c3-4c90-996e-c8ad22d82667: nextIndex: updateUnconditionally 1 -> 0
2023-01-16 14:43:14,959 [grpc-default-executor-4] INFO  server.GrpcLogAppender (GrpcLogAppender.java:onCompleted(415)) - 5cd6f085-199f-4d86-8efd-dd16eb4c4197@group-AD856BD91D88->ca7e3987-4d62-4f50-9818-34d949b95429-AppendLogResponseHandler: follower responses appendEntries COMPLETED
2023-01-16 14:43:14,959 [grpc-default-executor-4] INFO  leader.FollowerInfo (FollowerInfoImpl.java:lambda$new$0(48)) - 5cd6f085-199f-4d86-8efd-dd16eb4c4197@group-AD856BD91D88->ca7e3987-4d62-4f50-9818-34d949b95429: nextIndex: updateUnconditionally 1 -> 0
2023-01-16 14:43:14,957 [Command processor thread] INFO  impl.PendingRequests (PendingRequests.java:sendNotLeaderResponses(282)) - 5cd6f085-199f-4d86-8efd-dd16eb4c4197@group-AD856BD91D88-PendingRequests: sendNotLeaderResponses
2023-01-16 14:43:14,960 [grpc-default-executor-5] INFO  server.GrpcLogAppender (GrpcLogAppender.java:onCompleted(415)) - 5cd6f085-199f-4d86-8efd-dd16eb4c4197@group-AD856BD91D88->53290e67-17c3-4c90-996e-c8ad22d82667-AppendLogResponseHandler: follower responses appendEntries COMPLETED
2023-01-16 14:43:14,960 [grpc-default-executor-5] INFO  leader.FollowerInfo (FollowerInfoImpl.java:lambda$new$0(48)) - 5cd6f085-199f-4d86-8efd-dd16eb4c4197@group-AD856BD91D88->53290e67-17c3-4c90-996e-c8ad22d82667: nextIndex: updateUnconditionally 0 -> 0
2023-01-16 14:43:14,960 [Command processor thread] INFO  impl.StateMachineUpdater (StateMachineUpdater.java:stopAndJoin(153)) - 5cd6f085-199f-4d86-8efd-dd16eb4c4197@group-AD856BD91D88-StateMachineUpdater: set stopIndex = 0
2023-01-16 14:43:14,960 [grpc-default-executor-3] INFO  server.GrpcLogAppender (GrpcLogAppender.java:onCompleted(415)) - 5cd6f085-199f-4d86-8efd-dd16eb4c4197@group-AD856BD91D88->ca7e3987-4d62-4f50-9818-34d949b95429-AppendLogResponseHandler: follower responses appendEntries COMPLETED
2023-01-16 14:43:14,960 [5cd6f085-199f-4d86-8efd-dd16eb4c4197@group-AD856BD91D88-StateMachineUpdater] INFO  ratis.ContainerStateMachine (ContainerStateMachine.java:takeSnapshot(308)) - group-AD856BD91D88: Taking a snapshot at:(t:1, i:0) file /home/runner/work/ozone/ozone/hadoop-ozone/integration-test/target/test-dir/MiniOzoneClusterImpl-3631b34d-cc81-4479-8217-32b495b3d7e3/datanode-3/data/ratis/9c529fa9-7a50-48f6-b7e9-ad856bd91d88/sm/snapshot.1_0
2023-01-16 14:43:14,960 [grpc-default-executor-3] INFO  leader.FollowerInfo (FollowerInfoImpl.java:lambda$new$0(48)) - 5cd6f085-199f-4d86-8efd-dd16eb4c4197@group-AD856BD91D88->ca7e3987-4d62-4f50-9818-34d949b95429: nextIndex: updateUnconditionally 0 -> 0
2023-01-16 14:43:14,961 [5cd6f085-199f-4d86-8efd-dd16eb4c4197@group-AD856BD91D88-StateMachineUpdater] INFO  ratis.ContainerStateMachine (ContainerStateMachine.java:takeSnapshot(319)) - group-AD856BD91D88: Finished taking a snapshot at:(t:1, i:0) file:/home/runner/work/ozone/ozone/hadoop-ozone/integration-test/target/test-dir/MiniOzoneClusterImpl-3631b34d-cc81-4479-8217-32b495b3d7e3/datanode-3/data/ratis/9c529fa9-7a50-48f6-b7e9-ad856bd91d88/sm/snapshot.1_0 took: 1 ms
2023-01-16 14:43:14,961 [5cd6f085-199f-4d86-8efd-dd16eb4c4197@group-AD856BD91D88-StateMachineUpdater] INFO  impl.StateMachineUpdater (StateMachineUpdater.java:takeSnapshot(287)) - 5cd6f085-199f-4d86-8efd-dd16eb4c4197@group-AD856BD91D88-StateMachineUpdater: Took a snapshot at index 0
2023-01-16 14:43:14,961 [5cd6f085-199f-4d86-8efd-dd16eb4c4197@group-AD856BD91D88-StateMachineUpdater] INFO  impl.StateMachineUpdater (StateMachineUpdater.java:lambda$new$0(92)) - 5cd6f085-199f-4d86-8efd-dd16eb4c4197@group-AD856BD91D88-StateMachineUpdater: snapshotIndex: updateIncreasingly -1 -> 0
2023-01-16 14:43:14,961 [Command processor thread] INFO  server.RaftServer$Division (ServerState.java:close(466)) - 5cd6f085-199f-4d86-8efd-dd16eb4c4197@group-AD856BD91D88: closes. applyIndex: 0
2023-01-16 14:43:14,961 [5cd6f085-199f-4d86-8efd-dd16eb4c4197@group-AD856BD91D88-SegmentedRaftLogWorker] INFO  segmented.SegmentedRaftLogWorker (SegmentedRaftLogWorker.java:run(347)) - 5cd6f085-199f-4d86-8efd-dd16eb4c4197@group-AD856BD91D88-SegmentedRaftLogWorker was interrupted, exiting. There are 0 tasks remaining in the queue.
2023-01-16 14:43:14,964 [Command processor thread] INFO  segmented.SegmentedRaftLogWorker (SegmentedRaftLogWorker.java:close(257)) - 5cd6f085-199f-4d86-8efd-dd16eb4c4197@group-AD856BD91D88-SegmentedRaftLogWorker close()
2023-01-16 14:43:14,966 [Command processor thread] INFO  server.RaftServer$Division (RaftServerImpl.java:groupRemove(428)) - 5cd6f085-199f-4d86-8efd-dd16eb4c4197@group-AD856BD91D88: Succeed to remove RaftStorageDirectory Storage Directory /home/runner/work/ozone/ozone/hadoop-ozone/integration-test/target/test-dir/MiniOzoneClusterImpl-3631b34d-cc81-4479-8217-32b495b3d7e3/datanode-3/data/ratis/9c529fa9-7a50-48f6-b7e9-ad856bd91d88
2023-01-16 14:43:14,966 [Command processor thread] INFO  commandhandler.ClosePipelineCommandHandler (ClosePipelineCommandHandler.java:handle(78)) - Close Pipeline PipelineID=9c529fa9-7a50-48f6-b7e9-ad856bd91d88 command on datanode 5cd6f085-199f-4d86-8efd-dd16eb4c4197.
2023-01-16 14:43:15,024 [Command processor thread] INFO  server.RaftServer (RaftServerProxy.java:remove(107)) - edaf4ec7-b5bd-443f-91da-280c30b6b0af: remove    LEADER edaf4ec7-b5bd-443f-91da-280c30b6b0af@group-311F4BFD6CB6:t2, leader=edaf4ec7-b5bd-443f-91da-280c30b6b0af, voted=edaf4ec7-b5bd-443f-91da-280c30b6b0af, raftlog=Memoized:edaf4ec7-b5bd-443f-91da-280c30b6b0af@group-311F4BFD6CB6-SegmentedRaftLog:OPENED:c0, conf=0: peers:[b4158a24-f3b4-469a-87ed-87f7753bcb12|rpc:10.1.1.103:34081|dataStream:10.1.1.103:39137|priority:0|startupRole:FOLLOWER, edaf4ec7-b5bd-443f-91da-280c30b6b0af|rpc:10.1.1.103:33751|dataStream:10.1.1.103:44513|priority:1|startupRole:FOLLOWER, fe85205b-7d0e-4b68-96f2-42eee8168b18|rpc:10.1.1.103:34621|dataStream:10.1.1.103:43717|priority:0|startupRole:FOLLOWER]|listeners:[], old=null RUNNING
2023-01-16 14:43:15,024 [Command processor thread] INFO  server.RaftServer$Division (RaftServerImpl.java:lambda$close$4(458)) - edaf4ec7-b5bd-443f-91da-280c30b6b0af@group-311F4BFD6CB6: shutdown
2023-01-16 14:43:15,024 [Command processor thread] INFO  util.JmxRegister (JmxRegister.java:unregister(73)) - Successfully un-registered JMX Bean with object name Ratis:service=RaftServer,group=group-311F4BFD6CB6,id=edaf4ec7-b5bd-443f-91da-280c30b6b0af
2023-01-16 14:43:15,024 [Command processor thread] INFO  impl.RoleInfo (RoleInfo.java:shutdownLeaderState(93)) - edaf4ec7-b5bd-443f-91da-280c30b6b0af: shutdown edaf4ec7-b5bd-443f-91da-280c30b6b0af@group-311F4BFD6CB6-LeaderStateImpl
2023-01-16 14:43:15,025 [edaf4ec7-b5bd-443f-91da-280c30b6b0af@group-311F4BFD6CB6->b4158a24-f3b4-469a-87ed-87f7753bcb12-GrpcLogAppender-LogAppenderDaemon] WARN  server.GrpcLogAppender (GrpcLogAppender.java:mayWait(200)) - edaf4ec7-b5bd-443f-91da-280c30b6b0af@group-311F4BFD6CB6->b4158a24-f3b4-469a-87ed-87f7753bcb12-GrpcLogAppender: Wait interrupted by java.lang.InterruptedException
2023-01-16 14:43:15,025 [Command processor thread] INFO  impl.PendingRequests (PendingRequests.java:sendNotLeaderResponses(282)) - edaf4ec7-b5bd-443f-91da-280c30b6b0af@group-311F4BFD6CB6-PendingRequests: sendNotLeaderResponses
2023-01-16 14:43:15,025 [Command processor thread] INFO  impl.StateMachineUpdater (StateMachineUpdater.java:stopAndJoin(153)) - edaf4ec7-b5bd-443f-91da-280c30b6b0af@group-311F4BFD6CB6-StateMachineUpdater: set stopIndex = 0
2023-01-16 14:43:15,026 [edaf4ec7-b5bd-443f-91da-280c30b6b0af@group-311F4BFD6CB6-StateMachineUpdater] INFO  ratis.ContainerStateMachine (ContainerStateMachine.java:takeSnapshot(308)) - group-311F4BFD6CB6: Taking a snapshot at:(t:2, i:0) file /home/runner/work/ozone/ozone/hadoop-ozone/integration-test/target/test-dir/MiniOzoneClusterImpl-3631b34d-cc81-4479-8217-32b495b3d7e3/datanode-0/data/ratis/ed429050-fb4b-419c-8b4b-311f4bfd6cb6/sm/snapshot.2_0
2023-01-16 14:43:15,026 [edaf4ec7-b5bd-443f-91da-280c30b6b0af@group-311F4BFD6CB6->fe85205b-7d0e-4b68-96f2-42eee8168b18-GrpcLogAppender-LogAppenderDaemon] WARN  server.GrpcLogAppender (GrpcLogAppender.java:mayWait(200)) - edaf4ec7-b5bd-443f-91da-280c30b6b0af@group-311F4BFD6CB6->fe85205b-7d0e-4b68-96f2-42eee8168b18-GrpcLogAppender: Wait interrupted by java.lang.InterruptedException
2023-01-16 14:43:15,026 [grpc-default-executor-3] INFO  server.GrpcServerProtocolService (GrpcServerProtocolService.java:onCompleted(143)) - b4158a24-f3b4-469a-87ed-87f7753bcb12: Completed APPEND_ENTRIES, lastRequest: edaf4ec7-b5bd-443f-91da-280c30b6b0af->b4158a24-f3b4-469a-87ed-87f7753bcb12#1-t2,previous=(t:0, i:0),leaderCommit=0,initializing? true,entries: size=1, first=(t:2, i:0), CONFIGURATIONENTRY(current:id: "b4158a24-f3b4-469a-87ed-87f7753bcb12"
address: "10.1.1.103:34081"
dataStreamAddress: "10.1.1.103:39137"
clientAddress: "10.1.1.103:34081"
adminAddress: "10.1.1.103:34081"
startupRole: FOLLOWER
,id: "edaf4ec7-b5bd-443f-91da-280c30b6b0af"
address: "10.1.1.103:33751"
priority: 1
dataStreamAddress: "10.1.1.103:44513"
clientAddress: "10.1.1.103:33751"
adminAddress: "10.1.1.103:33751"
startupRole: FOLLOWER
,id: "fe85205b-7d0e-4b68-96f2-42eee8168b18"
address: "10.1.1.103:34621"
dataStreamAddress: "10.1.1.103:43717"
clientAddress: "10.1.1.103:34621"
adminAddress: "10.1.1.103:34621"
startupRole: FOLLOWER
, old:)
2023-01-16 14:43:15,026 [grpc-default-executor-5] INFO  server.GrpcServerProtocolService (GrpcServerProtocolService.java:onCompleted(143)) - b4158a24-f3b4-469a-87ed-87f7753bcb12: Completed APPEND_ENTRIES, lastRequest: null
2023-01-16 14:43:15,026 [edaf4ec7-b5bd-443f-91da-280c30b6b0af@group-311F4BFD6CB6-StateMachineUpdater] INFO  ratis.ContainerStateMachine (ContainerStateMachine.java:takeSnapshot(319)) - group-311F4BFD6CB6: Finished taking a snapshot at:(t:2, i:0) file:/home/runner/work/ozone/ozone/hadoop-ozone/integration-test/target/test-dir/MiniOzoneClusterImpl-3631b34d-cc81-4479-8217-32b495b3d7e3/datanode-0/data/ratis/ed429050-fb4b-419c-8b4b-311f4bfd6cb6/sm/snapshot.2_0 took: 1 ms
2023-01-16 14:43:15,027 [edaf4ec7-b5bd-443f-91da-280c30b6b0af@group-311F4BFD6CB6-StateMachineUpdater] INFO  impl.StateMachineUpdater (StateMachineUpdater.java:takeSnapshot(287)) - edaf4ec7-b5bd-443f-91da-280c30b6b0af@group-311F4BFD6CB6-StateMachineUpdater: Took a snapshot at index 0
2023-01-16 14:43:15,027 [edaf4ec7-b5bd-443f-91da-280c30b6b0af@group-311F4BFD6CB6-StateMachineUpdater] INFO  impl.StateMachineUpdater (StateMachineUpdater.java:lambda$new$0(92)) - edaf4ec7-b5bd-443f-91da-280c30b6b0af@group-311F4BFD6CB6-StateMachineUpdater: snapshotIndex: updateIncreasingly -1 -> 0
2023-01-16 14:43:15,027 [grpc-default-executor-5] INFO  server.GrpcServerProtocolService (GrpcServerProtocolService.java:onCompleted(143)) - fe85205b-7d0e-4b68-96f2-42eee8168b18: Completed APPEND_ENTRIES, lastRequest: edaf4ec7-b5bd-443f-91da-280c30b6b0af->fe85205b-7d0e-4b68-96f2-42eee8168b18#1-t2,previous=(t:0, i:0),leaderCommit=0,initializing? true,entries: size=1, first=(t:2, i:0), CONFIGURATIONENTRY(current:id: "b4158a24-f3b4-469a-87ed-87f7753bcb12"
address: "10.1.1.103:34081"
dataStreamAddress: "10.1.1.103:39137"
clientAddress: "10.1.1.103:34081"
adminAddress: "10.1.1.103:34081"
startupRole: FOLLOWER
,id: "edaf4ec7-b5bd-443f-91da-280c30b6b0af"
address: "10.1.1.103:33751"
priority: 1
dataStreamAddress: "10.1.1.103:44513"
clientAddress: "10.1.1.103:33751"
adminAddress: "10.1.1.103:33751"
startupRole: FOLLOWER
,id: "fe85205b-7d0e-4b68-96f2-42eee8168b18"
address: "10.1.1.103:34621"
dataStreamAddress: "10.1.1.103:43717"
clientAddress: "10.1.1.103:34621"
adminAddress: "10.1.1.103:34621"
startupRole: FOLLOWER
, old:)
2023-01-16 14:43:15,027 [grpc-default-executor-1] INFO  server.GrpcLogAppender (GrpcLogAppender.java:onCompleted(415)) - edaf4ec7-b5bd-443f-91da-280c30b6b0af@group-311F4BFD6CB6->b4158a24-f3b4-469a-87ed-87f7753bcb12-AppendLogResponseHandler: follower responses appendEntries COMPLETED
2023-01-16 14:43:15,028 [grpc-default-executor-1] INFO  leader.FollowerInfo (FollowerInfoImpl.java:lambda$new$0(48)) - edaf4ec7-b5bd-443f-91da-280c30b6b0af@group-311F4BFD6CB6->b4158a24-f3b4-469a-87ed-87f7753bcb12: nextIndex: updateUnconditionally 1 -> 0
2023-01-16 14:43:15,028 [grpc-default-executor-4] INFO  server.GrpcLogAppender (GrpcLogAppender.java:onCompleted(415)) - edaf4ec7-b5bd-443f-91da-280c30b6b0af@group-311F4BFD6CB6->b4158a24-f3b4-469a-87ed-87f7753bcb12-AppendLogResponseHandler: follower responses appendEntries COMPLETED
2023-01-16 14:43:15,028 [grpc-default-executor-4] INFO  leader.FollowerInfo (FollowerInfoImpl.java:lambda$new$0(48)) - edaf4ec7-b5bd-443f-91da-280c30b6b0af@group-311F4BFD6CB6->b4158a24-f3b4-469a-87ed-87f7753bcb12: nextIndex: updateUnconditionally 0 -> 0
2023-01-16 14:43:15,028 [Command processor thread] INFO  server.RaftServer$Division (ServerState.java:close(466)) - edaf4ec7-b5bd-443f-91da-280c30b6b0af@group-311F4BFD6CB6: closes. applyIndex: 0
2023-01-16 14:43:15,028 [grpc-default-executor-4] INFO  server.GrpcLogAppender (GrpcLogAppender.java:onCompleted(415)) - edaf4ec7-b5bd-443f-91da-280c30b6b0af@group-311F4BFD6CB6->fe85205b-7d0e-4b68-96f2-42eee8168b18-AppendLogResponseHandler: follower responses appendEntries COMPLETED
2023-01-16 14:43:15,028 [edaf4ec7-b5bd-443f-91da-280c30b6b0af@group-311F4BFD6CB6-SegmentedRaftLogWorker] INFO  segmented.SegmentedRaftLogWorker (SegmentedRaftLogWorker.java:run(347)) - edaf4ec7-b5bd-443f-91da-280c30b6b0af@group-311F4BFD6CB6-SegmentedRaftLogWorker was interrupted, exiting. There are 0 tasks remaining in the queue.
2023-01-16 14:43:15,028 [grpc-default-executor-4] INFO  leader.FollowerInfo (FollowerInfoImpl.java:lambda$new$0(48)) - edaf4ec7-b5bd-443f-91da-280c30b6b0af@group-311F4BFD6CB6->fe85205b-7d0e-4b68-96f2-42eee8168b18: nextIndex: updateUnconditionally 1 -> 0
2023-01-16 14:43:15,028 [grpc-default-executor-3] INFO  server.GrpcServerProtocolService (GrpcServerProtocolService.java:onCompleted(143)) - fe85205b-7d0e-4b68-96f2-42eee8168b18: Completed APPEND_ENTRIES, lastRequest: null
2023-01-16 14:43:15,030 [Command processor thread] INFO  segmented.SegmentedRaftLogWorker (SegmentedRaftLogWorker.java:close(257)) - edaf4ec7-b5bd-443f-91da-280c30b6b0af@group-311F4BFD6CB6-SegmentedRaftLogWorker close()
2023-01-16 14:43:15,032 [grpc-default-executor-3] INFO  server.GrpcLogAppender (GrpcLogAppender.java:onCompleted(415)) - edaf4ec7-b5bd-443f-91da-280c30b6b0af@group-311F4BFD6CB6->fe85205b-7d0e-4b68-96f2-42eee8168b18-AppendLogResponseHandler: follower responses appendEntries COMPLETED
2023-01-16 14:43:15,032 [grpc-default-executor-3] INFO  leader.FollowerInfo (FollowerInfoImpl.java:lambda$new$0(48)) - edaf4ec7-b5bd-443f-91da-280c30b6b0af@group-311F4BFD6CB6->fe85205b-7d0e-4b68-96f2-42eee8168b18: nextIndex: updateUnconditionally 0 -> 0
2023-01-16 14:43:15,033 [Command processor thread] INFO  server.RaftServer$Division (RaftServerImpl.java:groupRemove(428)) - edaf4ec7-b5bd-443f-91da-280c30b6b0af@group-311F4BFD6CB6: Succeed to remove RaftStorageDirectory Storage Directory /home/runner/work/ozone/ozone/hadoop-ozone/integration-test/target/test-dir/MiniOzoneClusterImpl-3631b34d-cc81-4479-8217-32b495b3d7e3/datanode-0/data/ratis/ed429050-fb4b-419c-8b4b-311f4bfd6cb6
2023-01-16 14:43:15,033 [Command processor thread] INFO  commandhandler.ClosePipelineCommandHandler (ClosePipelineCommandHandler.java:handle(78)) - Close Pipeline PipelineID=ed429050-fb4b-419c-8b4b-311f4bfd6cb6 command on datanode edaf4ec7-b5bd-443f-91da-280c30b6b0af.
2023-01-16 14:43:15,033 [Command processor thread] INFO  server.RaftServer (RaftServerProxy.java:remove(107)) - edaf4ec7-b5bd-443f-91da-280c30b6b0af: remove  FOLLOWER edaf4ec7-b5bd-443f-91da-280c30b6b0af@group-E63E61230FA7:t2, leader=fe85205b-7d0e-4b68-96f2-42eee8168b18, voted=fe85205b-7d0e-4b68-96f2-42eee8168b18, raftlog=Memoized:edaf4ec7-b5bd-443f-91da-280c30b6b0af@group-E63E61230FA7-SegmentedRaftLog:OPENED:c0, conf=0: peers:[b4158a24-f3b4-469a-87ed-87f7753bcb12|rpc:10.1.1.103:34081|dataStream:10.1.1.103:39137|priority:0|startupRole:FOLLOWER, edaf4ec7-b5bd-443f-91da-280c30b6b0af|rpc:10.1.1.103:33751|dataStream:10.1.1.103:44513|priority:0|startupRole:FOLLOWER, fe85205b-7d0e-4b68-96f2-42eee8168b18|rpc:10.1.1.103:34621|dataStream:10.1.1.103:43717|priority:1|startupRole:FOLLOWER]|listeners:[], old=null RUNNING
2023-01-16 14:43:15,033 [Command processor thread] INFO  server.RaftServer$Division (RaftServerImpl.java:lambda$close$4(458)) - edaf4ec7-b5bd-443f-91da-280c30b6b0af@group-E63E61230FA7: shutdown
2023-01-16 14:43:15,033 [Command processor thread] INFO  util.JmxRegister (JmxRegister.java:unregister(73)) - Successfully un-registered JMX Bean with object name Ratis:service=RaftServer,group=group-E63E61230FA7,id=edaf4ec7-b5bd-443f-91da-280c30b6b0af
2023-01-16 14:43:15,033 [Command processor thread] INFO  impl.RoleInfo (RoleInfo.java:shutdownFollowerState(110)) - edaf4ec7-b5bd-443f-91da-280c30b6b0af: shutdown edaf4ec7-b5bd-443f-91da-280c30b6b0af@group-E63E61230FA7-FollowerState
2023-01-16 14:43:15,033 [edaf4ec7-b5bd-443f-91da-280c30b6b0af@group-E63E61230FA7-FollowerState] INFO  impl.FollowerState (FollowerState.java:run(152)) - edaf4ec7-b5bd-443f-91da-280c30b6b0af@group-E63E61230FA7-FollowerState was interrupted
2023-01-16 14:43:15,033 [edaf4ec7-b5bd-443f-91da-280c30b6b0af@group-E63E61230FA7-StateMachineUpdater] INFO  ratis.ContainerStateMachine (ContainerStateMachine.java:takeSnapshot(308)) - group-E63E61230FA7: Taking a snapshot at:(t:2, i:0) file /home/runner/work/ozone/ozone/hadoop-ozone/integration-test/target/test-dir/MiniOzoneClusterImpl-3631b34d-cc81-4479-8217-32b495b3d7e3/datanode-0/data/ratis/e38bf172-605d-44ee-a7c2-e63e61230fa7/sm/snapshot.2_0
2023-01-16 14:43:15,034 [Command processor thread] INFO  impl.StateMachineUpdater (StateMachineUpdater.java:stopAndJoin(153)) - edaf4ec7-b5bd-443f-91da-280c30b6b0af@group-E63E61230FA7-StateMachineUpdater: set stopIndex = 0
2023-01-16 14:43:15,035 [edaf4ec7-b5bd-443f-91da-280c30b6b0af@group-E63E61230FA7-StateMachineUpdater] INFO  ratis.ContainerStateMachine (ContainerStateMachine.java:takeSnapshot(319)) - group-E63E61230FA7: Finished taking a snapshot at:(t:2, i:0) file:/home/runner/work/ozone/ozone/hadoop-ozone/integration-test/target/test-dir/MiniOzoneClusterImpl-3631b34d-cc81-4479-8217-32b495b3d7e3/datanode-0/data/ratis/e38bf172-605d-44ee-a7c2-e63e61230fa7/sm/snapshot.2_0 took: 2 ms
2023-01-16 14:43:15,035 [edaf4ec7-b5bd-443f-91da-280c30b6b0af@group-E63E61230FA7-StateMachineUpdater] INFO  impl.StateMachineUpdater (StateMachineUpdater.java:takeSnapshot(287)) - edaf4ec7-b5bd-443f-91da-280c30b6b0af@group-E63E61230FA7-StateMachineUpdater: Took a snapshot at index 0
2023-01-16 14:43:15,035 [edaf4ec7-b5bd-443f-91da-280c30b6b0af@group-E63E61230FA7-StateMachineUpdater] INFO  impl.StateMachineUpdater (StateMachineUpdater.java:lambda$new$0(92)) - edaf4ec7-b5bd-443f-91da-280c30b6b0af@group-E63E61230FA7-StateMachineUpdater: snapshotIndex: updateIncreasingly -1 -> 0
2023-01-16 14:43:15,036 [Command processor thread] INFO  server.RaftServer$Division (ServerState.java:close(466)) - edaf4ec7-b5bd-443f-91da-280c30b6b0af@group-E63E61230FA7: closes. applyIndex: 0
2023-01-16 14:43:15,036 [edaf4ec7-b5bd-443f-91da-280c30b6b0af@group-E63E61230FA7-SegmentedRaftLogWorker] INFO  segmented.SegmentedRaftLogWorker (SegmentedRaftLogWorker.java:run(347)) - edaf4ec7-b5bd-443f-91da-280c30b6b0af@group-E63E61230FA7-SegmentedRaftLogWorker was interrupted, exiting. There are 0 tasks remaining in the queue.
2023-01-16 14:43:15,039 [Command processor thread] INFO  segmented.SegmentedRaftLogWorker (SegmentedRaftLogWorker.java:close(257)) - edaf4ec7-b5bd-443f-91da-280c30b6b0af@group-E63E61230FA7-SegmentedRaftLogWorker close()
2023-01-16 14:43:15,041 [Command processor thread] INFO  server.RaftServer$Division (RaftServerImpl.java:groupRemove(428)) - edaf4ec7-b5bd-443f-91da-280c30b6b0af@group-E63E61230FA7: Succeed to remove RaftStorageDirectory Storage Directory /home/runner/work/ozone/ozone/hadoop-ozone/integration-test/target/test-dir/MiniOzoneClusterImpl-3631b34d-cc81-4479-8217-32b495b3d7e3/datanode-0/data/ratis/e38bf172-605d-44ee-a7c2-e63e61230fa7
2023-01-16 14:43:15,042 [Command processor thread] INFO  commandhandler.ClosePipelineCommandHandler (ClosePipelineCommandHandler.java:handle(78)) - Close Pipeline PipelineID=e38bf172-605d-44ee-a7c2-e63e61230fa7 command on datanode edaf4ec7-b5bd-443f-91da-280c30b6b0af.
2023-01-16 14:43:15,079 [Command processor thread] INFO  server.RaftServer (RaftServerProxy.java:remove(107)) - fe85205b-7d0e-4b68-96f2-42eee8168b18: remove  FOLLOWER fe85205b-7d0e-4b68-96f2-42eee8168b18@group-311F4BFD6CB6:t2, leader=edaf4ec7-b5bd-443f-91da-280c30b6b0af, voted=edaf4ec7-b5bd-443f-91da-280c30b6b0af, raftlog=Memoized:fe85205b-7d0e-4b68-96f2-42eee8168b18@group-311F4BFD6CB6-SegmentedRaftLog:OPENED:c0, conf=0: peers:[b4158a24-f3b4-469a-87ed-87f7753bcb12|rpc:10.1.1.103:34081|dataStream:10.1.1.103:39137|priority:0|startupRole:FOLLOWER, edaf4ec7-b5bd-443f-91da-280c30b6b0af|rpc:10.1.1.103:33751|dataStream:10.1.1.103:44513|priority:1|startupRole:FOLLOWER, fe85205b-7d0e-4b68-96f2-42eee8168b18|rpc:10.1.1.103:34621|dataStream:10.1.1.103:43717|priority:0|startupRole:FOLLOWER]|listeners:[], old=null RUNNING
2023-01-16 14:43:15,080 [Command processor thread] INFO  server.RaftServer$Division (RaftServerImpl.java:lambda$close$4(458)) - fe85205b-7d0e-4b68-96f2-42eee8168b18@group-311F4BFD6CB6: shutdown
2023-01-16 14:43:15,080 [Command processor thread] INFO  util.JmxRegister (JmxRegister.java:unregister(73)) - Successfully un-registered JMX Bean with object name Ratis:service=RaftServer,group=group-311F4BFD6CB6,id=fe85205b-7d0e-4b68-96f2-42eee8168b18
2023-01-16 14:43:15,080 [Command processor thread] INFO  impl.RoleInfo (RoleInfo.java:shutdownFollowerState(110)) - fe85205b-7d0e-4b68-96f2-42eee8168b18: shutdown fe85205b-7d0e-4b68-96f2-42eee8168b18@group-311F4BFD6CB6-FollowerState
2023-01-16 14:43:15,080 [Command processor thread] INFO  impl.StateMachineUpdater (StateMachineUpdater.java:stopAndJoin(153)) - fe85205b-7d0e-4b68-96f2-42eee8168b18@group-311F4BFD6CB6-StateMachineUpdater: set stopIndex = 0
2023-01-16 14:43:15,080 [fe85205b-7d0e-4b68-96f2-42eee8168b18@group-311F4BFD6CB6-FollowerState] INFO  impl.FollowerState (FollowerState.java:run(152)) - fe85205b-7d0e-4b68-96f2-42eee8168b18@group-311F4BFD6CB6-FollowerState was interrupted
2023-01-16 14:43:15,080 [fe85205b-7d0e-4b68-96f2-42eee8168b18@group-311F4BFD6CB6-StateMachineUpdater] INFO  ratis.ContainerStateMachine (ContainerStateMachine.java:takeSnapshot(308)) - group-311F4BFD6CB6: Taking a snapshot at:(t:2, i:0) file /home/runner/work/ozone/ozone/hadoop-ozone/integration-test/target/test-dir/MiniOzoneClusterImpl-3631b34d-cc81-4479-8217-32b495b3d7e3/datanode-1/data/ratis/ed429050-fb4b-419c-8b4b-311f4bfd6cb6/sm/snapshot.2_0
2023-01-16 14:43:15,081 [fe85205b-7d0e-4b68-96f2-42eee8168b18@group-311F4BFD6CB6-StateMachineUpdater] INFO  ratis.ContainerStateMachine (ContainerStateMachine.java:takeSnapshot(319)) - group-311F4BFD6CB6: Finished taking a snapshot at:(t:2, i:0) file:/home/runner/work/ozone/ozone/hadoop-ozone/integration-test/target/test-dir/MiniOzoneClusterImpl-3631b34d-cc81-4479-8217-32b495b3d7e3/datanode-1/data/ratis/ed429050-fb4b-419c-8b4b-311f4bfd6cb6/sm/snapshot.2_0 took: 1 ms
2023-01-16 14:43:15,081 [fe85205b-7d0e-4b68-96f2-42eee8168b18@group-311F4BFD6CB6-StateMachineUpdater] INFO  impl.StateMachineUpdater (StateMachineUpdater.java:takeSnapshot(287)) - fe85205b-7d0e-4b68-96f2-42eee8168b18@group-311F4BFD6CB6-StateMachineUpdater: Took a snapshot at index 0
2023-01-16 14:43:15,081 [fe85205b-7d0e-4b68-96f2-42eee8168b18@group-311F4BFD6CB6-StateMachineUpdater] INFO  impl.StateMachineUpdater (StateMachineUpdater.java:lambda$new$0(92)) - fe85205b-7d0e-4b68-96f2-42eee8168b18@group-311F4BFD6CB6-StateMachineUpdater: snapshotIndex: updateIncreasingly -1 -> 0
2023-01-16 14:43:15,081 [Command processor thread] INFO  server.RaftServer$Division (ServerState.java:close(466)) - fe85205b-7d0e-4b68-96f2-42eee8168b18@group-311F4BFD6CB6: closes. applyIndex: 0
2023-01-16 14:43:15,082 [fe85205b-7d0e-4b68-96f2-42eee8168b18@group-311F4BFD6CB6-SegmentedRaftLogWorker] INFO  segmented.SegmentedRaftLogWorker (SegmentedRaftLogWorker.java:run(347)) - fe85205b-7d0e-4b68-96f2-42eee8168b18@group-311F4BFD6CB6-SegmentedRaftLogWorker was interrupted, exiting. There are 0 tasks remaining in the queue.
2023-01-16 14:43:15,083 [Command processor thread] INFO  segmented.SegmentedRaftLogWorker (SegmentedRaftLogWorker.java:close(257)) - fe85205b-7d0e-4b68-96f2-42eee8168b18@group-311F4BFD6CB6-SegmentedRaftLogWorker close()
2023-01-16 14:43:15,085 [Command processor thread] INFO  server.RaftServer$Division (RaftServerImpl.java:groupRemove(428)) - fe85205b-7d0e-4b68-96f2-42eee8168b18@group-311F4BFD6CB6: Succeed to remove RaftStorageDirectory Storage Directory /home/runner/work/ozone/ozone/hadoop-ozone/integration-test/target/test-dir/MiniOzoneClusterImpl-3631b34d-cc81-4479-8217-32b495b3d7e3/datanode-1/data/ratis/ed429050-fb4b-419c-8b4b-311f4bfd6cb6
2023-01-16 14:43:15,085 [Command processor thread] INFO  commandhandler.ClosePipelineCommandHandler (ClosePipelineCommandHandler.java:handle(78)) - Close Pipeline PipelineID=ed429050-fb4b-419c-8b4b-311f4bfd6cb6 command on datanode fe85205b-7d0e-4b68-96f2-42eee8168b18.
2023-01-16 14:43:15,085 [Command processor thread] INFO  server.RaftServer (RaftServerProxy.java:remove(107)) - fe85205b-7d0e-4b68-96f2-42eee8168b18: remove    LEADER fe85205b-7d0e-4b68-96f2-42eee8168b18@group-E63E61230FA7:t2, leader=fe85205b-7d0e-4b68-96f2-42eee8168b18, voted=fe85205b-7d0e-4b68-96f2-42eee8168b18, raftlog=Memoized:fe85205b-7d0e-4b68-96f2-42eee8168b18@group-E63E61230FA7-SegmentedRaftLog:OPENED:c0, conf=0: peers:[b4158a24-f3b4-469a-87ed-87f7753bcb12|rpc:10.1.1.103:34081|dataStream:10.1.1.103:39137|priority:0|startupRole:FOLLOWER, edaf4ec7-b5bd-443f-91da-280c30b6b0af|rpc:10.1.1.103:33751|dataStream:10.1.1.103:44513|priority:0|startupRole:FOLLOWER, fe85205b-7d0e-4b68-96f2-42eee8168b18|rpc:10.1.1.103:34621|dataStream:10.1.1.103:43717|priority:1|startupRole:FOLLOWER]|listeners:[], old=null RUNNING
2023-01-16 14:43:15,085 [Command processor thread] INFO  server.RaftServer$Division (RaftServerImpl.java:lambda$close$4(458)) - fe85205b-7d0e-4b68-96f2-42eee8168b18@group-E63E61230FA7: shutdown
2023-01-16 14:43:15,086 [Command processor thread] INFO  util.JmxRegister (JmxRegister.java:unregister(73)) - Successfully un-registered JMX Bean with object name Ratis:service=RaftServer,group=group-E63E61230FA7,id=fe85205b-7d0e-4b68-96f2-42eee8168b18
2023-01-16 14:43:15,086 [Command processor thread] INFO  impl.RoleInfo (RoleInfo.java:shutdownLeaderState(93)) - fe85205b-7d0e-4b68-96f2-42eee8168b18: shutdown fe85205b-7d0e-4b68-96f2-42eee8168b18@group-E63E61230FA7-LeaderStateImpl
2023-01-16 14:43:15,086 [fe85205b-7d0e-4b68-96f2-42eee8168b18@group-E63E61230FA7->b4158a24-f3b4-469a-87ed-87f7753bcb12-GrpcLogAppender-LogAppenderDaemon] WARN  server.GrpcLogAppender (GrpcLogAppender.java:mayWait(200)) - fe85205b-7d0e-4b68-96f2-42eee8168b18@group-E63E61230FA7->b4158a24-f3b4-469a-87ed-87f7753bcb12-GrpcLogAppender: Wait interrupted by java.lang.InterruptedException
2023-01-16 14:43:15,086 [Command processor thread] INFO  impl.PendingRequests (PendingRequests.java:sendNotLeaderResponses(282)) - fe85205b-7d0e-4b68-96f2-42eee8168b18@group-E63E61230FA7-PendingRequests: sendNotLeaderResponses
2023-01-16 14:43:15,086 [fe85205b-7d0e-4b68-96f2-42eee8168b18@group-E63E61230FA7-StateMachineUpdater] INFO  ratis.ContainerStateMachine (ContainerStateMachine.java:takeSnapshot(308)) - group-E63E61230FA7: Taking a snapshot at:(t:2, i:0) file /home/runner/work/ozone/ozone/hadoop-ozone/integration-test/target/test-dir/MiniOzoneClusterImpl-3631b34d-cc81-4479-8217-32b495b3d7e3/datanode-1/data/ratis/e38bf172-605d-44ee-a7c2-e63e61230fa7/sm/snapshot.2_0
2023-01-16 14:43:15,086 [Command processor thread] INFO  impl.StateMachineUpdater (StateMachineUpdater.java:stopAndJoin(153)) - fe85205b-7d0e-4b68-96f2-42eee8168b18@group-E63E61230FA7-StateMachineUpdater: set stopIndex = 0
2023-01-16 14:43:15,087 [fe85205b-7d0e-4b68-96f2-42eee8168b18@group-E63E61230FA7->edaf4ec7-b5bd-443f-91da-280c30b6b0af-GrpcLogAppender-LogAppenderDaemon] WARN  server.GrpcLogAppender (GrpcLogAppender.java:mayWait(200)) - fe85205b-7d0e-4b68-96f2-42eee8168b18@group-E63E61230FA7->edaf4ec7-b5bd-443f-91da-280c30b6b0af-GrpcLogAppender: Wait interrupted by java.lang.InterruptedException
2023-01-16 14:43:15,087 [fe85205b-7d0e-4b68-96f2-42eee8168b18@group-E63E61230FA7-StateMachineUpdater] INFO  ratis.ContainerStateMachine (ContainerStateMachine.java:takeSnapshot(319)) - group-E63E61230FA7: Finished taking a snapshot at:(t:2, i:0) file:/home/runner/work/ozone/ozone/hadoop-ozone/integration-test/target/test-dir/MiniOzoneClusterImpl-3631b34d-cc81-4479-8217-32b495b3d7e3/datanode-1/data/ratis/e38bf172-605d-44ee-a7c2-e63e61230fa7/sm/snapshot.2_0 took: 1 ms
2023-01-16 14:43:15,087 [fe85205b-7d0e-4b68-96f2-42eee8168b18@group-E63E61230FA7-StateMachineUpdater] INFO  impl.StateMachineUpdater (StateMachineUpdater.java:takeSnapshot(287)) - fe85205b-7d0e-4b68-96f2-42eee8168b18@group-E63E61230FA7-StateMachineUpdater: Took a snapshot at index 0
2023-01-16 14:43:15,087 [fe85205b-7d0e-4b68-96f2-42eee8168b18@group-E63E61230FA7-StateMachineUpdater] INFO  impl.StateMachineUpdater (StateMachineUpdater.java:lambda$new$0(92)) - fe85205b-7d0e-4b68-96f2-42eee8168b18@group-E63E61230FA7-StateMachineUpdater: snapshotIndex: updateIncreasingly -1 -> 0
2023-01-16 14:43:15,088 [grpc-default-executor-1] INFO  server.GrpcServerProtocolService (GrpcServerProtocolService.java:onCompleted(143)) - edaf4ec7-b5bd-443f-91da-280c30b6b0af: Completed APPEND_ENTRIES, lastRequest: null
2023-01-16 14:43:15,088 [grpc-default-executor-5] INFO  server.GrpcServerProtocolService (GrpcServerProtocolService.java:onCompleted(143)) - edaf4ec7-b5bd-443f-91da-280c30b6b0af: Completed APPEND_ENTRIES, lastRequest: fe85205b-7d0e-4b68-96f2-42eee8168b18->edaf4ec7-b5bd-443f-91da-280c30b6b0af#1-t2,previous=(t:0, i:0),leaderCommit=0,initializing? true,entries: size=1, first=(t:2, i:0), CONFIGURATIONENTRY(current:id: "b4158a24-f3b4-469a-87ed-87f7753bcb12"
address: "10.1.1.103:34081"
dataStreamAddress: "10.1.1.103:39137"
clientAddress: "10.1.1.103:34081"
adminAddress: "10.1.1.103:34081"
startupRole: FOLLOWER
,id: "edaf4ec7-b5bd-443f-91da-280c30b6b0af"
address: "10.1.1.103:33751"
dataStreamAddress: "10.1.1.103:44513"
clientAddress: "10.1.1.103:33751"
adminAddress: "10.1.1.103:33751"
startupRole: FOLLOWER
,id: "fe85205b-7d0e-4b68-96f2-42eee8168b18"
address: "10.1.1.103:34621"
priority: 1
dataStreamAddress: "10.1.1.103:43717"
clientAddress: "10.1.1.103:34621"
adminAddress: "10.1.1.103:34621"
startupRole: FOLLOWER
, old:)
2023-01-16 14:43:15,088 [grpc-default-executor-4] INFO  server.GrpcServerProtocolService (GrpcServerProtocolService.java:onCompleted(143)) - b4158a24-f3b4-469a-87ed-87f7753bcb12: Completed APPEND_ENTRIES, lastRequest: null
2023-01-16 14:43:15,088 [Command processor thread] INFO  server.RaftServer$Division (ServerState.java:close(466)) - fe85205b-7d0e-4b68-96f2-42eee8168b18@group-E63E61230FA7: closes. applyIndex: 0
2023-01-16 14:43:15,088 [grpc-default-executor-3] INFO  server.GrpcServerProtocolService (GrpcServerProtocolService.java:onCompleted(143)) - b4158a24-f3b4-469a-87ed-87f7753bcb12: Completed APPEND_ENTRIES, lastRequest: fe85205b-7d0e-4b68-96f2-42eee8168b18->b4158a24-f3b4-469a-87ed-87f7753bcb12#1-t2,previous=(t:0, i:0),leaderCommit=0,initializing? true,entries: size=1, first=(t:2, i:0), CONFIGURATIONENTRY(current:id: "b4158a24-f3b4-469a-87ed-87f7753bcb12"
address: "10.1.1.103:34081"
dataStreamAddress: "10.1.1.103:39137"
clientAddress: "10.1.1.103:34081"
adminAddress: "10.1.1.103:34081"
startupRole: FOLLOWER
,id: "edaf4ec7-b5bd-443f-91da-280c30b6b0af"
address: "10.1.1.103:33751"
dataStreamAddress: "10.1.1.103:44513"
clientAddress: "10.1.1.103:33751"
adminAddress: "10.1.1.103:33751"
startupRole: FOLLOWER
,id: "fe85205b-7d0e-4b68-96f2-42eee8168b18"
address: "10.1.1.103:34621"
priority: 1
dataStreamAddress: "10.1.1.103:43717"
clientAddress: "10.1.1.103:34621"
adminAddress: "10.1.1.103:34621"
startupRole: FOLLOWER
, old:)
2023-01-16 14:43:15,088 [fe85205b-7d0e-4b68-96f2-42eee8168b18@group-E63E61230FA7-SegmentedRaftLogWorker] INFO  segmented.SegmentedRaftLogWorker (SegmentedRaftLogWorker.java:run(347)) - fe85205b-7d0e-4b68-96f2-42eee8168b18@group-E63E61230FA7-SegmentedRaftLogWorker was interrupted, exiting. There are 0 tasks remaining in the queue.
2023-01-16 14:43:15,089 [Command processor thread] INFO  segmented.SegmentedRaftLogWorker (SegmentedRaftLogWorker.java:close(257)) - fe85205b-7d0e-4b68-96f2-42eee8168b18@group-E63E61230FA7-SegmentedRaftLogWorker close()
2023-01-16 14:43:15,089 [grpc-default-executor-3] INFO  server.GrpcLogAppender (GrpcLogAppender.java:onCompleted(415)) - fe85205b-7d0e-4b68-96f2-42eee8168b18@group-E63E61230FA7->edaf4ec7-b5bd-443f-91da-280c30b6b0af-AppendLogResponseHandler: follower responses appendEntries COMPLETED
2023-01-16 14:43:15,090 [grpc-default-executor-3] INFO  leader.FollowerInfo (FollowerInfoImpl.java:lambda$new$0(48)) - fe85205b-7d0e-4b68-96f2-42eee8168b18@group-E63E61230FA7->edaf4ec7-b5bd-443f-91da-280c30b6b0af: nextIndex: updateUnconditionally 1 -> 0
2023-01-16 14:43:15,090 [grpc-default-executor-4] INFO  server.GrpcLogAppender (GrpcLogAppender.java:onCompleted(415)) - fe85205b-7d0e-4b68-96f2-42eee8168b18@group-E63E61230FA7->edaf4ec7-b5bd-443f-91da-280c30b6b0af-AppendLogResponseHandler: follower responses appendEntries COMPLETED
2023-01-16 14:43:15,090 [grpc-default-executor-4] INFO  leader.FollowerInfo (FollowerInfoImpl.java:lambda$new$0(48)) - fe85205b-7d0e-4b68-96f2-42eee8168b18@group-E63E61230FA7->edaf4ec7-b5bd-443f-91da-280c30b6b0af: nextIndex: updateUnconditionally 0 -> 0
2023-01-16 14:43:15,091 [grpc-default-executor-5] INFO  server.GrpcLogAppender (GrpcLogAppender.java:onCompleted(415)) - fe85205b-7d0e-4b68-96f2-42eee8168b18@group-E63E61230FA7->b4158a24-f3b4-469a-87ed-87f7753bcb12-AppendLogResponseHandler: follower responses appendEntries COMPLETED
2023-01-16 14:43:15,091 [grpc-default-executor-5] INFO  leader.FollowerInfo (FollowerInfoImpl.java:lambda$new$0(48)) - fe85205b-7d0e-4b68-96f2-42eee8168b18@group-E63E61230FA7->b4158a24-f3b4-469a-87ed-87f7753bcb12: nextIndex: updateUnconditionally 1 -> 0
2023-01-16 14:43:15,092 [grpc-default-executor-3] INFO  server.GrpcLogAppender (GrpcLogAppender.java:onCompleted(415)) - fe85205b-7d0e-4b68-96f2-42eee8168b18@group-E63E61230FA7->b4158a24-f3b4-469a-87ed-87f7753bcb12-AppendLogResponseHandler: follower responses appendEntries COMPLETED
2023-01-16 14:43:15,092 [grpc-default-executor-3] INFO  leader.FollowerInfo (FollowerInfoImpl.java:lambda$new$0(48)) - fe85205b-7d0e-4b68-96f2-42eee8168b18@group-E63E61230FA7->b4158a24-f3b4-469a-87ed-87f7753bcb12: nextIndex: updateUnconditionally 0 -> 0
2023-01-16 14:43:15,093 [Command processor thread] INFO  server.RaftServer$Division (RaftServerImpl.java:groupRemove(428)) - fe85205b-7d0e-4b68-96f2-42eee8168b18@group-E63E61230FA7: Succeed to remove RaftStorageDirectory Storage Directory /home/runner/work/ozone/ozone/hadoop-ozone/integration-test/target/test-dir/MiniOzoneClusterImpl-3631b34d-cc81-4479-8217-32b495b3d7e3/datanode-1/data/ratis/e38bf172-605d-44ee-a7c2-e63e61230fa7
2023-01-16 14:43:15,093 [Command processor thread] INFO  commandhandler.ClosePipelineCommandHandler (ClosePipelineCommandHandler.java:handle(78)) - Close Pipeline PipelineID=e38bf172-605d-44ee-a7c2-e63e61230fa7 command on datanode fe85205b-7d0e-4b68-96f2-42eee8168b18.
2023-01-16 14:43:23,556 [Under Replicated Processor] INFO  replication.UnhealthyReplicationProcessor (UnhealthyReplicationProcessor.java:processAll(103)) - Processed 0 containers with health state counts {},failed processing 0
2023-01-16 14:43:23,556 [Over Replicated Processor] INFO  replication.UnhealthyReplicationProcessor (UnhealthyReplicationProcessor.java:processAll(103)) - Processed 0 containers with health state counts {},failed processing 0
2023-01-16 14:43:53,556 [Under Replicated Processor] INFO  replication.UnhealthyReplicationProcessor (UnhealthyReplicationProcessor.java:processAll(103)) - Processed 0 containers with health state counts {},failed processing 0
2023-01-16 14:43:53,556 [Over Replicated Processor] INFO  replication.UnhealthyReplicationProcessor (UnhealthyReplicationProcessor.java:processAll(103)) - Processed 0 containers with health state counts {},failed processing 0
2023-01-16 14:44:12,192 [Listener at 127.0.0.1/44023] INFO  ozone.MiniOzoneClusterImpl (MiniOzoneClusterImpl.java:shutdown(450)) - Shutting down the Mini Ozone Cluster
2023-01-16 14:44:12,192 [Listener at 127.0.0.1/44023] INFO  ozone.MiniOzoneClusterImpl (MiniOzoneClusterImpl.java:stop(465)) - Stopping the Mini Ozone Cluster
2023-01-16 14:44:12,192 [Listener at 127.0.0.1/44023] INFO  ozone.MiniOzoneClusterImpl (MiniOzoneClusterImpl.java:stopOM(547)) - Stopping the OzoneManager
2023-01-16 14:44:12,192 [Listener at 127.0.0.1/44023] INFO  om.OzoneManager (OzoneManager.java:stop(2043)) - om1[localhost:0]: Stopping Ozone Manager
2023-01-16 14:44:12,192 [Listener at 127.0.0.1/44023] INFO  ipc.Server (Server.java:stop(3428)) - Stopping server on 44023
2023-01-16 14:44:12,194 [IPC Server listener on 0] INFO  ipc.Server (Server.java:run(1384)) - Stopping IPC Server listener on 0
2023-01-16 14:44:12,195 [IPC Server Responder] INFO  ipc.Server (Server.java:run(1517)) - Stopping IPC Server Responder
2023-01-16 14:44:12,195 [Listener at 127.0.0.1/44023] INFO  server.RaftServer (RaftServerProxy.java:lambda$close$6(409)) - om1: close
2023-01-16 14:44:12,196 [Listener at 127.0.0.1/44023] INFO  server.GrpcService (GrpcService.java:closeImpl(271)) - om1: shutdown server GrpcServerProtocolService now
2023-01-16 14:44:12,196 [Listener at 127.0.0.1/44023] INFO  server.GrpcService (GrpcService.java:closeImpl(280)) - om1: shutdown server GrpcServerProtocolService successfully
2023-01-16 14:44:12,196 [om1-NettyServerStreamRpc-bossGroup--thread1] INFO  logging.LoggingHandler (AbstractInternalLogger.java:log(148)) - [id: 0x0399decd, L:/0:0:0:0:0:0:0:0:33201] CLOSE
2023-01-16 14:44:12,196 [om1-impl-thread2] INFO  server.RaftServer$Division (RaftServerImpl.java:lambda$close$4(458)) - om1@group-C5BA1605619E: shutdown
2023-01-16 14:44:12,197 [om1-NettyServerStreamRpc-bossGroup--thread1] INFO  logging.LoggingHandler (AbstractInternalLogger.java:log(148)) - [id: 0x0399decd, L:/0:0:0:0:0:0:0:0:33201] INACTIVE
2023-01-16 14:44:12,197 [om1-NettyServerStreamRpc-bossGroup--thread1] INFO  logging.LoggingHandler (AbstractInternalLogger.java:log(148)) - [id: 0x0399decd, L:/0:0:0:0:0:0:0:0:33201] UNREGISTERED
2023-01-16 14:44:12,197 [om1-impl-thread2] INFO  util.JmxRegister (JmxRegister.java:unregister(73)) - Successfully un-registered JMX Bean with object name Ratis:service=RaftServer,group=group-C5BA1605619E,id=om1
2023-01-16 14:44:12,197 [om1-impl-thread2] INFO  impl.RoleInfo (RoleInfo.java:shutdownLeaderState(93)) - om1: shutdown om1@group-C5BA1605619E-LeaderStateImpl
2023-01-16 14:44:12,197 [om1-impl-thread2] INFO  impl.PendingRequests (PendingRequests.java:sendNotLeaderResponses(282)) - om1@group-C5BA1605619E-PendingRequests: sendNotLeaderResponses
2023-01-16 14:44:12,222 [om1-impl-thread2] INFO  impl.StateMachineUpdater (StateMachineUpdater.java:stopAndJoin(153)) - om1@group-C5BA1605619E-StateMachineUpdater: set stopIndex = 2
2023-01-16 14:44:12,222 [om1@group-C5BA1605619E-StateMachineUpdater] INFO  ratis.OzoneManagerStateMachine (OzoneManagerStateMachine.java:takeSnapshot(445)) - Current Snapshot Index (t:1, i:2)
2023-01-16 14:44:12,223 [om1@group-C5BA1605619E-StateMachineUpdater] INFO  impl.StateMachineUpdater (StateMachineUpdater.java:takeSnapshot(287)) - om1@group-C5BA1605619E-StateMachineUpdater: Took a snapshot at index 2
2023-01-16 14:44:12,223 [om1@group-C5BA1605619E-StateMachineUpdater] INFO  impl.StateMachineUpdater (StateMachineUpdater.java:lambda$new$0(92)) - om1@group-C5BA1605619E-StateMachineUpdater: snapshotIndex: updateIncreasingly -1 -> 2
2023-01-16 14:44:12,223 [om1@group-C5BA1605619E-StateMachineUpdater] INFO  ratis.OzoneManagerStateMachine (OzoneManagerStateMachine.java:close(499)) - StateMachine has shutdown. Shutdown OzoneManager if not already shutdown.
2023-01-16 14:44:12,223 [om1@group-C5BA1605619E-StateMachineUpdater] INFO  ratis.OzoneManagerDoubleBuffer (OzoneManagerDoubleBuffer.java:stop(467)) - Stopping OMDoubleBuffer flush thread
2023-01-16 14:44:12,223 [OMDoubleBufferFlushThread] INFO  ratis.OzoneManagerDoubleBuffer (OzoneManagerDoubleBuffer.java:flushTransactions(388)) - OMDoubleBuffer flush thread OMDoubleBufferFlushThread is interrupted and will exit.
2023-01-16 14:44:12,223 [om1-impl-thread2] INFO  server.RaftServer$Division (ServerState.java:close(466)) - om1@group-C5BA1605619E: closes. applyIndex: 2
2023-01-16 14:44:12,223 [om1@group-C5BA1605619E-SegmentedRaftLogWorker] INFO  segmented.SegmentedRaftLogWorker (SegmentedRaftLogWorker.java:run(347)) - om1@group-C5BA1605619E-SegmentedRaftLogWorker was interrupted, exiting. There are 0 tasks remaining in the queue.
2023-01-16 14:44:12,225 [om1-impl-thread2] INFO  segmented.SegmentedRaftLogWorker (SegmentedRaftLogWorker.java:close(257)) - om1@group-C5BA1605619E-SegmentedRaftLogWorker close()
2023-01-16 14:44:12,228 [JvmPauseMonitor11] INFO  util.JvmPauseMonitor (JvmPauseMonitor.java:run(111)) - JvmPauseMonitor-om1: Stopped
2023-01-16 14:44:12,228 [Listener at 127.0.0.1/44023] INFO  ratis.OzoneManagerStateMachine (OzoneManagerStateMachine.java:close(499)) - StateMachine has shutdown. Shutdown OzoneManager if not already shutdown.
2023-01-16 14:44:12,228 [Listener at 127.0.0.1/44023] INFO  ratis.OzoneManagerDoubleBuffer (OzoneManagerDoubleBuffer.java:stop(479)) - OMDoubleBuffer flush thread is not running.
2023-01-16 14:44:12,228 [Listener at 127.0.0.1/44023] INFO  utils.BackgroundService (BackgroundService.java:shutdown(141)) - Shutting down service KeyDeletingService
2023-01-16 14:44:12,229 [Listener at 127.0.0.1/44023] INFO  utils.BackgroundService (BackgroundService.java:shutdown(141)) - Shutting down service DirectoryDeletingService
2023-01-16 14:44:12,229 [Listener at 127.0.0.1/44023] INFO  utils.BackgroundService (BackgroundService.java:shutdown(141)) - Shutting down service OpenKeyCleanupService
2023-01-16 14:44:12,229 [Listener at 127.0.0.1/44023] INFO  handler.ContextHandler (ContextHandler.java:doStop(1159)) - Stopped o.e.j.w.WebAppContext@5a9703ab{ozoneManager,/,null,STOPPED}{file:/home/runner/work/ozone/ozone/hadoop-ozone/integration-test/target/test-classes/webapps/ozoneManager}
2023-01-16 14:44:12,230 [Listener at 127.0.0.1/44023] INFO  server.AbstractConnector (AbstractConnector.java:doStop(383)) - Stopped ServerConnector@2bf1fa78{HTTP/1.1, (http/1.1)}{0.0.0.0:0}
2023-01-16 14:44:12,230 [Listener at 127.0.0.1/44023] INFO  server.session (HouseKeeper.java:stopScavenging(149)) - node0 Stopped scavenging
2023-01-16 14:44:12,230 [Listener at 127.0.0.1/44023] INFO  handler.ContextHandler (ContextHandler.java:doStop(1159)) - Stopped o.e.j.s.ServletContextHandler@d7b5027{static,/static,file:///home/runner/work/ozone/ozone/hadoop-ozone/integration-test/target/test-classes/webapps/static,STOPPED}
2023-01-16 14:44:12,231 [Listener at 127.0.0.1/44023] INFO  handler.ContextHandler (ContextHandler.java:doStop(1159)) - Stopped o.e.j.s.ServletContextHandler@7bcef554{logs,/logs,file:///home/runner/work/ozone/ozone/hadoop-ozone/integration-test/target/log,STOPPED}
2023-01-16 14:44:12,234 [Listener at 127.0.0.1/44023] INFO  ozone.MiniOzoneClusterImpl (MiniOzoneClusterImpl.java:stopDatanodes(524)) - Stopping the HddsDatanodes
2023-01-16 14:44:12,237 [Listener at 127.0.0.1/44023] INFO  ozoneimpl.OzoneContainer (OzoneContainer.java:stop(417)) - Attempting to stop container services.
2023-01-16 14:44:12,238 [Listener at 127.0.0.1/44023] INFO  server.RaftServer (RaftServerProxy.java:lambda$close$6(409)) - 5cd6f085-199f-4d86-8efd-dd16eb4c4197: close
2023-01-16 14:44:12,238 [ForkJoinPool.commonPool-worker-0] INFO  ozoneimpl.OzoneContainer (OzoneContainer.java:stop(417)) - Attempting to stop container services.
2023-01-16 14:44:12,241 [Listener at 127.0.0.1/44023] INFO  server.GrpcService (GrpcService.java:closeImpl(271)) - 5cd6f085-199f-4d86-8efd-dd16eb4c4197: shutdown server GrpcServerProtocolService now
2023-01-16 14:44:12,241 [5cd6f085-199f-4d86-8efd-dd16eb4c4197-impl-thread2] INFO  server.RaftServer$Division (RaftServerImpl.java:lambda$close$4(458)) - 5cd6f085-199f-4d86-8efd-dd16eb4c4197@group-014BD055F285: shutdown
2023-01-16 14:44:12,247 [5cd6f085-199f-4d86-8efd-dd16eb4c4197-impl-thread2] INFO  util.JmxRegister (JmxRegister.java:unregister(73)) - Successfully un-registered JMX Bean with object name Ratis:service=RaftServer,group=group-014BD055F285,id=5cd6f085-199f-4d86-8efd-dd16eb4c4197
2023-01-16 14:44:12,247 [5cd6f085-199f-4d86-8efd-dd16eb4c4197-impl-thread2] INFO  impl.RoleInfo (RoleInfo.java:shutdownFollowerState(110)) - 5cd6f085-199f-4d86-8efd-dd16eb4c4197: shutdown 5cd6f085-199f-4d86-8efd-dd16eb4c4197@group-014BD055F285-FollowerState
2023-01-16 14:44:12,247 [5cd6f085-199f-4d86-8efd-dd16eb4c4197@group-014BD055F285-FollowerState] INFO  impl.FollowerState (FollowerState.java:run(152)) - 5cd6f085-199f-4d86-8efd-dd16eb4c4197@group-014BD055F285-FollowerState was interrupted
2023-01-16 14:44:12,247 [5cd6f085-199f-4d86-8efd-dd16eb4c4197-impl-thread2] INFO  impl.StateMachineUpdater (StateMachineUpdater.java:stopAndJoin(153)) - 5cd6f085-199f-4d86-8efd-dd16eb4c4197@group-014BD055F285-StateMachineUpdater: set stopIndex = 0
2023-01-16 14:44:12,248 [5cd6f085-199f-4d86-8efd-dd16eb4c4197@group-014BD055F285-StateMachineUpdater] INFO  ratis.ContainerStateMachine (ContainerStateMachine.java:takeSnapshot(308)) - group-014BD055F285: Taking a snapshot at:(t:2, i:0) file /home/runner/work/ozone/ozone/hadoop-ozone/integration-test/target/test-dir/MiniOzoneClusterImpl-3631b34d-cc81-4479-8217-32b495b3d7e3/datanode-3/data/ratis/77fdc72e-c411-4c47-aa6e-014bd055f285/sm/snapshot.2_0
2023-01-16 14:44:12,243 [ForkJoinPool.commonPool-worker-0] INFO  server.RaftServer (RaftServerProxy.java:lambda$close$6(409)) - fe85205b-7d0e-4b68-96f2-42eee8168b18: close
2023-01-16 14:44:12,249 [ForkJoinPool.commonPool-worker-0] INFO  server.GrpcService (GrpcService.java:closeImpl(271)) - fe85205b-7d0e-4b68-96f2-42eee8168b18: shutdown server GrpcServerProtocolService now
2023-01-16 14:44:12,250 [Listener at 127.0.0.1/44023] INFO  server.GrpcServerProtocolClient (GrpcServerProtocolClient.java:close(101)) - 53290e67-17c3-4c90-996e-c8ad22d82667 Close channels
2023-01-16 14:44:12,250 [ForkJoinPool.commonPool-worker-0] INFO  server.GrpcServerProtocolClient (GrpcServerProtocolClient.java:close(101)) - b4158a24-f3b4-469a-87ed-87f7753bcb12 Close channels
2023-01-16 14:44:12,253 [grpc-default-executor-3] WARN  server.GrpcServerProtocolService (LogUtils.java:warn(122)) - 5cd6f085-199f-4d86-8efd-dd16eb4c4197: installSnapshot onError, lastRequest: null: org.apache.ratis.thirdparty.io.grpc.StatusRuntimeException: CANCELLED: client cancelled
2023-01-16 14:44:12,253 [grpc-default-executor-3] WARN  server.GrpcLogAppender (LogUtils.java:warn(122)) - 53290e67-17c3-4c90-996e-c8ad22d82667@group-014BD055F285->5cd6f085-199f-4d86-8efd-dd16eb4c4197-AppendLogResponseHandler: Failed appendEntries: org.apache.ratis.thirdparty.io.grpc.StatusRuntimeException: CANCELLED: RST_STREAM closed stream. HTTP/2 error code: CANCEL
2023-01-16 14:44:12,255 [5cd6f085-199f-4d86-8efd-dd16eb4c4197@group-014BD055F285-StateMachineUpdater] INFO  ratis.ContainerStateMachine (ContainerStateMachine.java:takeSnapshot(319)) - group-014BD055F285: Finished taking a snapshot at:(t:2, i:0) file:/home/runner/work/ozone/ozone/hadoop-ozone/integration-test/target/test-dir/MiniOzoneClusterImpl-3631b34d-cc81-4479-8217-32b495b3d7e3/datanode-3/data/ratis/77fdc72e-c411-4c47-aa6e-014bd055f285/sm/snapshot.2_0 took: 8 ms
2023-01-16 14:44:12,255 [5cd6f085-199f-4d86-8efd-dd16eb4c4197@group-014BD055F285-StateMachineUpdater] INFO  impl.StateMachineUpdater (StateMachineUpdater.java:takeSnapshot(287)) - 5cd6f085-199f-4d86-8efd-dd16eb4c4197@group-014BD055F285-StateMachineUpdater: Took a snapshot at index 0
2023-01-16 14:44:12,255 [5cd6f085-199f-4d86-8efd-dd16eb4c4197@group-014BD055F285-StateMachineUpdater] INFO  impl.StateMachineUpdater (StateMachineUpdater.java:lambda$new$0(92)) - 5cd6f085-199f-4d86-8efd-dd16eb4c4197@group-014BD055F285-StateMachineUpdater: snapshotIndex: updateIncreasingly -1 -> 0
2023-01-16 14:44:12,256 [grpc-default-executor-3] WARN  server.GrpcLogAppender (GrpcLogAppender.java:resetClient(131)) - 53290e67-17c3-4c90-996e-c8ad22d82667@group-014BD055F285->5cd6f085-199f-4d86-8efd-dd16eb4c4197-GrpcLogAppender: Leader has not got in touch with Follower 53290e67-17c3-4c90-996e-c8ad22d82667@group-014BD055F285->5cd6f085-199f-4d86-8efd-dd16eb4c4197(c0,m0,n1, attendVote=true, lastRpcSendTime=1709, lastRpcResponseTime=1708) yet, just keep nextIndex unchanged and retry.
2023-01-16 14:44:12,256 [ForkJoinPool.commonPool-worker-0] INFO  server.GrpcServerProtocolClient (GrpcServerProtocolClient.java:close(101)) - edaf4ec7-b5bd-443f-91da-280c30b6b0af Close channels
2023-01-16 14:44:12,258 [grpc-default-executor-1] WARN  server.GrpcServerProtocolService (LogUtils.java:warn(122)) - 5cd6f085-199f-4d86-8efd-dd16eb4c4197: installSnapshot onError, lastRequest: 53290e67-17c3-4c90-996e-c8ad22d82667->5cd6f085-199f-4d86-8efd-dd16eb4c4197#1-t2,previous=(t:0, i:0),leaderCommit=0,initializing? true,entries: size=1, first=(t:2, i:0), CONFIGURATIONENTRY(current:id: "53290e67-17c3-4c90-996e-c8ad22d82667"
address: "10.1.1.103:38457"
priority: 1
dataStreamAddress: "10.1.1.103:39377"
clientAddress: "10.1.1.103:38457"
adminAddress: "10.1.1.103:38457"
startupRole: FOLLOWER
,id: "ca7e3987-4d62-4f50-9818-34d949b95429"
address: "10.1.1.103:44861"
dataStreamAddress: "10.1.1.103:43889"
clientAddress: "10.1.1.103:44861"
adminAddress: "10.1.1.103:44861"
startupRole: FOLLOWER
,id: "5cd6f085-199f-4d86-8efd-dd16eb4c4197"
address: "10.1.1.103:38983"
dataStreamAddress: "10.1.1.103:38531"
clientAddress: "10.1.1.103:38983"
adminAddress: "10.1.1.103:38983"
startupRole: FOLLOWER
, old:): org.apache.ratis.thirdparty.io.grpc.StatusRuntimeException: CANCELLED: client cancelled
2023-01-16 14:44:12,258 [grpc-default-executor-3] WARN  server.GrpcLogAppender (LogUtils.java:warn(122)) - 53290e67-17c3-4c90-996e-c8ad22d82667@group-014BD055F285->5cd6f085-199f-4d86-8efd-dd16eb4c4197-AppendLogResponseHandler: Failed appendEntries: org.apache.ratis.thirdparty.io.grpc.StatusRuntimeException: CANCELLED: RST_STREAM closed stream. HTTP/2 error code: CANCEL
2023-01-16 14:44:12,258 [grpc-default-executor-3] WARN  server.GrpcLogAppender (GrpcLogAppender.java:resetClient(131)) - 53290e67-17c3-4c90-996e-c8ad22d82667@group-014BD055F285->5cd6f085-199f-4d86-8efd-dd16eb4c4197-GrpcLogAppender: Leader has not got in touch with Follower 53290e67-17c3-4c90-996e-c8ad22d82667@group-014BD055F285->5cd6f085-199f-4d86-8efd-dd16eb4c4197(c0,m0,n1, attendVote=true, lastRpcSendTime=1712, lastRpcResponseTime=1710) yet, just keep nextIndex unchanged and retry.
2023-01-16 14:44:12,260 [5cd6f085-199f-4d86-8efd-dd16eb4c4197-impl-thread2] INFO  server.RaftServer$Division (ServerState.java:close(466)) - 5cd6f085-199f-4d86-8efd-dd16eb4c4197@group-014BD055F285: closes. applyIndex: 0
2023-01-16 14:44:12,262 [5cd6f085-199f-4d86-8efd-dd16eb4c4197@group-014BD055F285-SegmentedRaftLogWorker] INFO  segmented.SegmentedRaftLogWorker (SegmentedRaftLogWorker.java:run(347)) - 5cd6f085-199f-4d86-8efd-dd16eb4c4197@group-014BD055F285-SegmentedRaftLogWorker was interrupted, exiting. There are 0 tasks remaining in the queue.
2023-01-16 14:44:12,262 [5cd6f085-199f-4d86-8efd-dd16eb4c4197-impl-thread2] INFO  segmented.SegmentedRaftLogWorker (SegmentedRaftLogWorker.java:close(257)) - 5cd6f085-199f-4d86-8efd-dd16eb4c4197@group-014BD055F285-SegmentedRaftLogWorker close()
2023-01-16 14:44:12,276 [Listener at 127.0.0.1/44023] INFO  server.GrpcServerProtocolClient (GrpcServerProtocolClient.java:close(101)) - ca7e3987-4d62-4f50-9818-34d949b95429 Close channels
2023-01-16 14:44:12,281 [Listener at 127.0.0.1/44023] INFO  server.GrpcService (GrpcService.java:closeImpl(280)) - 5cd6f085-199f-4d86-8efd-dd16eb4c4197: shutdown server GrpcServerProtocolService successfully
2023-01-16 14:44:12,281 [5cd6f085-199f-4d86-8efd-dd16eb4c4197-NettyServerStreamRpc-bossGroup--thread1] INFO  logging.LoggingHandler (AbstractInternalLogger.java:log(148)) - [id: 0xfe064b25, L:/0:0:0:0:0:0:0:0:38531] CLOSE
2023-01-16 14:44:12,281 [5cd6f085-199f-4d86-8efd-dd16eb4c4197-NettyServerStreamRpc-bossGroup--thread1] INFO  logging.LoggingHandler (AbstractInternalLogger.java:log(148)) - [id: 0xfe064b25, L:/0:0:0:0:0:0:0:0:38531] INACTIVE
2023-01-16 14:44:12,281 [5cd6f085-199f-4d86-8efd-dd16eb4c4197-NettyServerStreamRpc-bossGroup--thread1] INFO  logging.LoggingHandler (AbstractInternalLogger.java:log(148)) - [id: 0xfe064b25, L:/0:0:0:0:0:0:0:0:38531] UNREGISTERED
2023-01-16 14:44:12,281 [ForkJoinPool.commonPool-worker-0] INFO  server.GrpcService (GrpcService.java:closeImpl(280)) - fe85205b-7d0e-4b68-96f2-42eee8168b18: shutdown server GrpcServerProtocolService successfully
2023-01-16 14:44:12,281 [fe85205b-7d0e-4b68-96f2-42eee8168b18-NettyServerStreamRpc-bossGroup--thread1] INFO  logging.LoggingHandler (AbstractInternalLogger.java:log(148)) - [id: 0x754b3833, L:/0:0:0:0:0:0:0:0:43717] CLOSE
2023-01-16 14:44:12,281 [fe85205b-7d0e-4b68-96f2-42eee8168b18-NettyServerStreamRpc-bossGroup--thread1] INFO  logging.LoggingHandler (AbstractInternalLogger.java:log(148)) - [id: 0x754b3833, L:/0:0:0:0:0:0:0:0:43717] INACTIVE
2023-01-16 14:44:12,282 [fe85205b-7d0e-4b68-96f2-42eee8168b18-NettyServerStreamRpc-bossGroup--thread1] INFO  logging.LoggingHandler (AbstractInternalLogger.java:log(148)) - [id: 0x754b3833, L:/0:0:0:0:0:0:0:0:43717] UNREGISTERED
2023-01-16 14:44:12,298 [JvmPauseMonitor13] INFO  util.JvmPauseMonitor (JvmPauseMonitor.java:run(111)) - JvmPauseMonitor-fe85205b-7d0e-4b68-96f2-42eee8168b18: Stopped
2023-01-16 14:44:12,319 [JvmPauseMonitor15] INFO  util.JvmPauseMonitor (JvmPauseMonitor.java:run(111)) - JvmPauseMonitor-5cd6f085-199f-4d86-8efd-dd16eb4c4197: Stopped
2023-01-16 14:44:13,053 [grpc-default-executor-3] WARN  server.GrpcLogAppender (LogUtils.java:warn(122)) - 53290e67-17c3-4c90-996e-c8ad22d82667@group-014BD055F285->5cd6f085-199f-4d86-8efd-dd16eb4c4197-AppendLogResponseHandler: Failed appendEntries: org.apache.ratis.thirdparty.io.grpc.StatusRuntimeException: UNAVAILABLE: io exception
2023-01-16 14:44:13,056 [grpc-default-executor-1] WARN  server.GrpcLogAppender (LogUtils.java:warn(122)) - 53290e67-17c3-4c90-996e-c8ad22d82667@group-014BD055F285->5cd6f085-199f-4d86-8efd-dd16eb4c4197-AppendLogResponseHandler: Failed appendEntries: org.apache.ratis.thirdparty.io.grpc.StatusRuntimeException: UNAVAILABLE: io exception
2023-01-16 14:44:13,057 [grpc-default-executor-3] WARN  server.GrpcLogAppender (GrpcLogAppender.java:resetClient(131)) - 53290e67-17c3-4c90-996e-c8ad22d82667@group-014BD055F285->5cd6f085-199f-4d86-8efd-dd16eb4c4197-GrpcLogAppender: Leader has not got in touch with Follower 53290e67-17c3-4c90-996e-c8ad22d82667@group-014BD055F285->5cd6f085-199f-4d86-8efd-dd16eb4c4197(c0,m0,n1, attendVote=true, lastRpcSendTime=0, lastRpcResponseTime=2509) yet, just keep nextIndex unchanged and retry.
2023-01-16 14:44:13,057 [grpc-default-executor-1] WARN  server.GrpcLogAppender (GrpcLogAppender.java:resetClient(131)) - 53290e67-17c3-4c90-996e-c8ad22d82667@group-014BD055F285->5cd6f085-199f-4d86-8efd-dd16eb4c4197-GrpcLogAppender: Leader has not got in touch with Follower 53290e67-17c3-4c90-996e-c8ad22d82667@group-014BD055F285->5cd6f085-199f-4d86-8efd-dd16eb4c4197(c0,m0,n1, attendVote=true, lastRpcSendTime=1, lastRpcResponseTime=2509) yet, just keep nextIndex unchanged and retry.
2023-01-16 14:44:14,306 [grpc-default-executor-3] WARN  server.GrpcLogAppender (LogUtils.java:warn(122)) - 53290e67-17c3-4c90-996e-c8ad22d82667@group-014BD055F285->5cd6f085-199f-4d86-8efd-dd16eb4c4197-AppendLogResponseHandler: Failed appendEntries: org.apache.ratis.thirdparty.io.grpc.StatusRuntimeException: UNAVAILABLE: io exception
2023-01-16 14:44:14,306 [grpc-default-executor-1] WARN  server.GrpcLogAppender (LogUtils.java:warn(122)) - 53290e67-17c3-4c90-996e-c8ad22d82667@group-014BD055F285->5cd6f085-199f-4d86-8efd-dd16eb4c4197-AppendLogResponseHandler: Failed appendEntries: org.apache.ratis.thirdparty.io.grpc.StatusRuntimeException: UNAVAILABLE: io exception
2023-01-16 14:44:14,307 [grpc-default-executor-3] WARN  server.GrpcLogAppender (GrpcLogAppender.java:resetClient(131)) - 53290e67-17c3-4c90-996e-c8ad22d82667@group-014BD055F285->5cd6f085-199f-4d86-8efd-dd16eb4c4197-GrpcLogAppender: Leader has not got in touch with Follower 53290e67-17c3-4c90-996e-c8ad22d82667@group-014BD055F285->5cd6f085-199f-4d86-8efd-dd16eb4c4197(c0,m0,n1, attendVote=true, lastRpcSendTime=1251, lastRpcResponseTime=3759) yet, just keep nextIndex unchanged and retry.
2023-01-16 14:44:14,308 [grpc-default-executor-1] WARN  server.GrpcLogAppender (GrpcLogAppender.java:resetClient(131)) - 53290e67-17c3-4c90-996e-c8ad22d82667@group-014BD055F285->5cd6f085-199f-4d86-8efd-dd16eb4c4197-GrpcLogAppender: Leader has not got in touch with Follower 53290e67-17c3-4c90-996e-c8ad22d82667@group-014BD055F285->5cd6f085-199f-4d86-8efd-dd16eb4c4197(c0,m0,n1, attendVote=true, lastRpcSendTime=1251, lastRpcResponseTime=3760) yet, just keep nextIndex unchanged and retry.
2023-01-16 14:44:14,309 [grpc-default-executor-1] WARN  server.GrpcLogAppender (LogUtils.java:warn(122)) - 53290e67-17c3-4c90-996e-c8ad22d82667@group-014BD055F285->5cd6f085-199f-4d86-8efd-dd16eb4c4197-AppendLogResponseHandler: Failed appendEntries: org.apache.ratis.thirdparty.io.grpc.StatusRuntimeException: UNAVAILABLE: io exception
2023-01-16 14:44:14,309 [grpc-default-executor-1] WARN  server.GrpcLogAppender (GrpcLogAppender.java:resetClient(131)) - 53290e67-17c3-4c90-996e-c8ad22d82667@group-014BD055F285->5cd6f085-199f-4d86-8efd-dd16eb4c4197-GrpcLogAppender: Leader has not got in touch with Follower 53290e67-17c3-4c90-996e-c8ad22d82667@group-014BD055F285->5cd6f085-199f-4d86-8efd-dd16eb4c4197(c0,m0,n1, attendVote=true, lastRpcSendTime=1253, lastRpcResponseTime=3761) yet, just keep nextIndex unchanged and retry.
2023-01-16 14:44:14,309 [grpc-default-executor-3] WARN  server.GrpcLogAppender (LogUtils.java:warn(122)) - 53290e67-17c3-4c90-996e-c8ad22d82667@group-014BD055F285->5cd6f085-199f-4d86-8efd-dd16eb4c4197-AppendLogResponseHandler: Failed appendEntries: org.apache.ratis.thirdparty.io.grpc.StatusRuntimeException: UNAVAILABLE: io exception
2023-01-16 14:44:14,309 [grpc-default-executor-1] WARN  server.GrpcLogAppender (LogUtils.java:warn(122)) - 53290e67-17c3-4c90-996e-c8ad22d82667@group-014BD055F285->5cd6f085-199f-4d86-8efd-dd16eb4c4197-AppendLogResponseHandler: Failed appendEntries: org.apache.ratis.thirdparty.io.grpc.StatusRuntimeException: UNAVAILABLE: io exception
2023-01-16 14:44:14,310 [grpc-default-executor-3] WARN  server.GrpcLogAppender (GrpcLogAppender.java:resetClient(131)) - 53290e67-17c3-4c90-996e-c8ad22d82667@group-014BD055F285->5cd6f085-199f-4d86-8efd-dd16eb4c4197-GrpcLogAppender: Leader has not got in touch with Follower 53290e67-17c3-4c90-996e-c8ad22d82667@group-014BD055F285->5cd6f085-199f-4d86-8efd-dd16eb4c4197(c0,m0,n1, attendVote=true, lastRpcSendTime=1253, lastRpcResponseTime=3762) yet, just keep nextIndex unchanged and retry.
2023-01-16 14:44:14,310 [grpc-default-executor-1] WARN  server.GrpcLogAppender (GrpcLogAppender.java:resetClient(131)) - 53290e67-17c3-4c90-996e-c8ad22d82667@group-014BD055F285->5cd6f085-199f-4d86-8efd-dd16eb4c4197-GrpcLogAppender: Leader has not got in touch with Follower 53290e67-17c3-4c90-996e-c8ad22d82667@group-014BD055F285->5cd6f085-199f-4d86-8efd-dd16eb4c4197(c0,m0,n1, attendVote=true, lastRpcSendTime=1254, lastRpcResponseTime=3762) yet, just keep nextIndex unchanged and retry.
2023-01-16 14:44:14,310 [grpc-default-executor-3] WARN  server.GrpcLogAppender (LogUtils.java:warn(122)) - 53290e67-17c3-4c90-996e-c8ad22d82667@group-014BD055F285->5cd6f085-199f-4d86-8efd-dd16eb4c4197-AppendLogResponseHandler: Failed appendEntries: org.apache.ratis.thirdparty.io.grpc.StatusRuntimeException: UNAVAILABLE: io exception
2023-01-16 14:44:14,310 [grpc-default-executor-3] WARN  server.GrpcLogAppender (GrpcLogAppender.java:resetClient(131)) - 53290e67-17c3-4c90-996e-c8ad22d82667@group-014BD055F285->5cd6f085-199f-4d86-8efd-dd16eb4c4197-GrpcLogAppender: Leader has not got in touch with Follower 53290e67-17c3-4c90-996e-c8ad22d82667@group-014BD055F285->5cd6f085-199f-4d86-8efd-dd16eb4c4197(c0,m0,n1, attendVote=true, lastRpcSendTime=1254, lastRpcResponseTime=3762) yet, just keep nextIndex unchanged and retry.
2023-01-16 14:44:14,311 [grpc-default-executor-3] WARN  server.GrpcLogAppender (LogUtils.java:warn(122)) - 53290e67-17c3-4c90-996e-c8ad22d82667@group-014BD055F285->5cd6f085-199f-4d86-8efd-dd16eb4c4197-AppendLogResponseHandler: Failed appendEntries: org.apache.ratis.thirdparty.io.grpc.StatusRuntimeException: UNAVAILABLE: io exception
2023-01-16 14:44:14,316 [grpc-default-executor-3] WARN  server.GrpcLogAppender (GrpcLogAppender.java:resetClient(131)) - 53290e67-17c3-4c90-996e-c8ad22d82667@group-014BD055F285->5cd6f085-199f-4d86-8efd-dd16eb4c4197-GrpcLogAppender: Leader has not got in touch with Follower 53290e67-17c3-4c90-996e-c8ad22d82667@group-014BD055F285->5cd6f085-199f-4d86-8efd-dd16eb4c4197(c0,m0,n1, attendVote=true, lastRpcSendTime=1260, lastRpcResponseTime=3768) yet, just keep nextIndex unchanged and retry.
2023-01-16 14:44:14,317 [grpc-default-executor-3] WARN  server.GrpcLogAppender (LogUtils.java:warn(122)) - 53290e67-17c3-4c90-996e-c8ad22d82667@group-014BD055F285->5cd6f085-199f-4d86-8efd-dd16eb4c4197-AppendLogResponseHandler: Failed appendEntries: org.apache.ratis.thirdparty.io.grpc.StatusRuntimeException: UNAVAILABLE: io exception
2023-01-16 14:44:14,317 [grpc-default-executor-3] WARN  server.GrpcLogAppender (GrpcLogAppender.java:resetClient(131)) - 53290e67-17c3-4c90-996e-c8ad22d82667@group-014BD055F285->5cd6f085-199f-4d86-8efd-dd16eb4c4197-GrpcLogAppender: Leader has not got in touch with Follower 53290e67-17c3-4c90-996e-c8ad22d82667@group-014BD055F285->5cd6f085-199f-4d86-8efd-dd16eb4c4197(c0,m0,n1, attendVote=true, lastRpcSendTime=1261, lastRpcResponseTime=3769) yet, just keep nextIndex unchanged and retry.
2023-01-16 14:44:14,318 [grpc-default-executor-2] WARN  server.GrpcLogAppender (LogUtils.java:warn(122)) - 53290e67-17c3-4c90-996e-c8ad22d82667@group-014BD055F285->5cd6f085-199f-4d86-8efd-dd16eb4c4197-AppendLogResponseHandler: Failed appendEntries: org.apache.ratis.thirdparty.io.grpc.StatusRuntimeException: UNAVAILABLE: io exception
2023-01-16 14:44:14,318 [grpc-default-executor-5] WARN  server.GrpcLogAppender (LogUtils.java:warn(122)) - 53290e67-17c3-4c90-996e-c8ad22d82667@group-014BD055F285->5cd6f085-199f-4d86-8efd-dd16eb4c4197-AppendLogResponseHandler: Failed appendEntries: org.apache.ratis.thirdparty.io.grpc.StatusRuntimeException: UNAVAILABLE: io exception
2023-01-16 14:44:14,318 [grpc-default-executor-2] WARN  server.GrpcLogAppender (GrpcLogAppender.java:resetClient(131)) - 53290e67-17c3-4c90-996e-c8ad22d82667@group-014BD055F285->5cd6f085-199f-4d86-8efd-dd16eb4c4197-GrpcLogAppender: Leader has not got in touch with Follower 53290e67-17c3-4c90-996e-c8ad22d82667@group-014BD055F285->5cd6f085-199f-4d86-8efd-dd16eb4c4197(c0,m0,n1, attendVote=true, lastRpcSendTime=1262, lastRpcResponseTime=3770) yet, just keep nextIndex unchanged and retry.
2023-01-16 14:44:14,318 [grpc-default-executor-1] WARN  server.GrpcLogAppender (LogUtils.java:warn(122)) - 53290e67-17c3-4c90-996e-c8ad22d82667@group-014BD055F285->5cd6f085-199f-4d86-8efd-dd16eb4c4197-AppendLogResponseHandler: Failed appendEntries: org.apache.ratis.thirdparty.io.grpc.StatusRuntimeException: UNAVAILABLE: io exception
2023-01-16 14:44:14,318 [grpc-default-executor-3] WARN  server.GrpcLogAppender (LogUtils.java:warn(122)) - 53290e67-17c3-4c90-996e-c8ad22d82667@group-014BD055F285->5cd6f085-199f-4d86-8efd-dd16eb4c4197-AppendLogResponseHandler: Failed appendEntries: org.apache.ratis.thirdparty.io.grpc.StatusRuntimeException: UNAVAILABLE: io exception
2023-01-16 14:44:14,319 [grpc-default-executor-5] WARN  server.GrpcLogAppender (GrpcLogAppender.java:resetClient(131)) - 53290e67-17c3-4c90-996e-c8ad22d82667@group-014BD055F285->5cd6f085-199f-4d86-8efd-dd16eb4c4197-GrpcLogAppender: Leader has not got in touch with Follower 53290e67-17c3-4c90-996e-c8ad22d82667@group-014BD055F285->5cd6f085-199f-4d86-8efd-dd16eb4c4197(c0,m0,n1, attendVote=true, lastRpcSendTime=1262, lastRpcResponseTime=3771) yet, just keep nextIndex unchanged and retry.
2023-01-16 14:44:14,319 [grpc-default-executor-1] WARN  server.GrpcLogAppender (GrpcLogAppender.java:resetClient(131)) - 53290e67-17c3-4c90-996e-c8ad22d82667@group-014BD055F285->5cd6f085-199f-4d86-8efd-dd16eb4c4197-GrpcLogAppender: Leader has not got in touch with Follower 53290e67-17c3-4c90-996e-c8ad22d82667@group-014BD055F285->5cd6f085-199f-4d86-8efd-dd16eb4c4197(c0,m0,n1, attendVote=true, lastRpcSendTime=1262, lastRpcResponseTime=3771) yet, just keep nextIndex unchanged and retry.
2023-01-16 14:44:14,319 [grpc-default-executor-3] WARN  server.GrpcLogAppender (GrpcLogAppender.java:resetClient(131)) - 53290e67-17c3-4c90-996e-c8ad22d82667@group-014BD055F285->5cd6f085-199f-4d86-8efd-dd16eb4c4197-GrpcLogAppender: Leader has not got in touch with Follower 53290e67-17c3-4c90-996e-c8ad22d82667@group-014BD055F285->5cd6f085-199f-4d86-8efd-dd16eb4c4197(c0,m0,n1, attendVote=true, lastRpcSendTime=1262, lastRpcResponseTime=3771) yet, just keep nextIndex unchanged and retry.
2023-01-16 14:44:14,322 [grpc-default-executor-1] WARN  server.GrpcLogAppender (LogUtils.java:warn(122)) - 53290e67-17c3-4c90-996e-c8ad22d82667@group-014BD055F285->5cd6f085-199f-4d86-8efd-dd16eb4c4197-AppendLogResponseHandler: Failed appendEntries: org.apache.ratis.thirdparty.io.grpc.StatusRuntimeException: UNAVAILABLE: io exception
2023-01-16 14:44:14,322 [grpc-default-executor-1] WARN  server.GrpcLogAppender (GrpcLogAppender.java:resetClient(131)) - 53290e67-17c3-4c90-996e-c8ad22d82667@group-014BD055F285->5cd6f085-199f-4d86-8efd-dd16eb4c4197-GrpcLogAppender: Leader has not got in touch with Follower 53290e67-17c3-4c90-996e-c8ad22d82667@group-014BD055F285->5cd6f085-199f-4d86-8efd-dd16eb4c4197(c0,m0,n1, attendVote=true, lastRpcSendTime=0, lastRpcResponseTime=3774) yet, just keep nextIndex unchanged and retry.
2023-01-16 14:44:14,330 [grpc-default-executor-3] WARN  server.GrpcLogAppender (LogUtils.java:warn(122)) - 53290e67-17c3-4c90-996e-c8ad22d82667@group-014BD055F285->5cd6f085-199f-4d86-8efd-dd16eb4c4197-AppendLogResponseHandler: Failed appendEntries: org.apache.ratis.thirdparty.io.grpc.StatusRuntimeException: UNAVAILABLE: io exception
2023-01-16 14:44:14,331 [grpc-default-executor-3] WARN  server.GrpcLogAppender (GrpcLogAppender.java:resetClient(131)) - 53290e67-17c3-4c90-996e-c8ad22d82667@group-014BD055F285->5cd6f085-199f-4d86-8efd-dd16eb4c4197-GrpcLogAppender: Leader has not got in touch with Follower 53290e67-17c3-4c90-996e-c8ad22d82667@group-014BD055F285->5cd6f085-199f-4d86-8efd-dd16eb4c4197(c0,m0,n1, attendVote=true, lastRpcSendTime=9, lastRpcResponseTime=3783) yet, just keep nextIndex unchanged and retry.
2023-01-16 14:44:14,336 [ForkJoinPool.commonPool-worker-0] INFO  volume.HddsVolume (HddsVolume.java:closeDbStore(338)) - SchemaV3 db is stopped at /home/runner/work/ozone/ozone/hadoop-ozone/integration-test/target/test-dir/MiniOzoneClusterImpl-3631b34d-cc81-4479-8217-32b495b3d7e3/datanode-1/data-0/containers/hdds/3631b34d-cc81-4479-8217-32b495b3d7e3/DS-ef5dc1d9-853f-41ea-9380-8a014328c4f6/container.db for volume DS-ef5dc1d9-853f-41ea-9380-8a014328c4f6
2023-01-16 14:44:14,336 [ForkJoinPool.commonPool-worker-0] INFO  utils.BackgroundService (BackgroundService.java:shutdown(141)) - Shutting down service BlockDeletingService
2023-01-16 14:44:14,337 [ForkJoinPool.commonPool-worker-0] INFO  utils.BackgroundService (BackgroundService.java:shutdown(141)) - Shutting down service StaleRecoveringContainerScrubbingService
2023-01-16 14:44:14,337 [Listener at 127.0.0.1/44023] INFO  volume.HddsVolume (HddsVolume.java:closeDbStore(338)) - SchemaV3 db is stopped at /home/runner/work/ozone/ozone/hadoop-ozone/integration-test/target/test-dir/MiniOzoneClusterImpl-3631b34d-cc81-4479-8217-32b495b3d7e3/datanode-3/data-0/containers/hdds/3631b34d-cc81-4479-8217-32b495b3d7e3/DS-9dc99343-f3a7-4308-8acf-46568bf8eea3/container.db for volume DS-9dc99343-f3a7-4308-8acf-46568bf8eea3
2023-01-16 14:44:14,337 [Listener at 127.0.0.1/44023] INFO  utils.BackgroundService (BackgroundService.java:shutdown(141)) - Shutting down service BlockDeletingService
2023-01-16 14:44:14,338 [Listener at 127.0.0.1/44023] INFO  utils.BackgroundService (BackgroundService.java:shutdown(141)) - Shutting down service StaleRecoveringContainerScrubbingService
2023-01-16 14:44:14,340 [ForkJoinPool.commonPool-worker-0] INFO  statemachine.DatanodeStateMachine (DatanodeStateMachine.java:stopDaemon(596)) - Ozone container server stopped.
2023-01-16 14:44:14,340 [Listener at 127.0.0.1/44023] INFO  statemachine.DatanodeStateMachine (DatanodeStateMachine.java:stopDaemon(596)) - Ozone container server stopped.
2023-01-16 14:44:14,353 [Listener at 127.0.0.1/44023] INFO  handler.ContextHandler (ContextHandler.java:doStop(1159)) - Stopped o.e.j.w.WebAppContext@6f3f1cb9{hddsDatanode,/,null,STOPPED}{jar:file:/home/runner/.m2/repository/org/apache/ozone/hdds-container-service/1.4.0-SNAPSHOT/hdds-container-service-1.4.0-SNAPSHOT.jar!/webapps/hddsDatanode}
2023-01-16 14:44:14,356 [ForkJoinPool.commonPool-worker-0] INFO  handler.ContextHandler (ContextHandler.java:doStop(1159)) - Stopped o.e.j.w.WebAppContext@66a8dba9{hddsDatanode,/,null,STOPPED}{jar:file:/home/runner/.m2/repository/org/apache/ozone/hdds-container-service/1.4.0-SNAPSHOT/hdds-container-service-1.4.0-SNAPSHOT.jar!/webapps/hddsDatanode}
2023-01-16 14:44:14,357 [ForkJoinPool.commonPool-worker-0] INFO  server.AbstractConnector (AbstractConnector.java:doStop(383)) - Stopped ServerConnector@35fbebc7{HTTP/1.1, (http/1.1)}{0.0.0.0:0}
2023-01-16 14:44:14,357 [ForkJoinPool.commonPool-worker-0] INFO  server.session (HouseKeeper.java:stopScavenging(149)) - node0 Stopped scavenging
2023-01-16 14:44:14,357 [Listener at 127.0.0.1/44023] INFO  server.AbstractConnector (AbstractConnector.java:doStop(383)) - Stopped ServerConnector@5d0e4b9{HTTP/1.1, (http/1.1)}{0.0.0.0:0}
2023-01-16 14:44:14,358 [ForkJoinPool.commonPool-worker-0] INFO  handler.ContextHandler (ContextHandler.java:doStop(1159)) - Stopped o.e.j.s.ServletContextHandler@641ccc76{static,/static,jar:file:/home/runner/.m2/repository/org/apache/ozone/hdds-container-service/1.4.0-SNAPSHOT/hdds-container-service-1.4.0-SNAPSHOT.jar!/webapps/static,STOPPED}
2023-01-16 14:44:14,358 [Listener at 127.0.0.1/44023] INFO  server.session (HouseKeeper.java:stopScavenging(149)) - node0 Stopped scavenging
2023-01-16 14:44:14,359 [ForkJoinPool.commonPool-worker-0] INFO  handler.ContextHandler (ContextHandler.java:doStop(1159)) - Stopped o.e.j.s.ServletContextHandler@16c48d5a{logs,/logs,file:///home/runner/work/ozone/ozone/hadoop-ozone/integration-test/target/log,STOPPED}
2023-01-16 14:44:14,360 [Listener at 127.0.0.1/44023] INFO  handler.ContextHandler (ContextHandler.java:doStop(1159)) - Stopped o.e.j.s.ServletContextHandler@71bc94fa{static,/static,jar:file:/home/runner/.m2/repository/org/apache/ozone/hdds-container-service/1.4.0-SNAPSHOT/hdds-container-service-1.4.0-SNAPSHOT.jar!/webapps/static,STOPPED}
2023-01-16 14:44:14,360 [Listener at 127.0.0.1/44023] INFO  handler.ContextHandler (ContextHandler.java:doStop(1159)) - Stopped o.e.j.s.ServletContextHandler@67bc6d94{logs,/logs,file:///home/runner/work/ozone/ozone/hadoop-ozone/integration-test/target/log,STOPPED}
2023-01-16 14:44:14,362 [ForkJoinPool.commonPool-worker-0] INFO  ozoneimpl.OzoneContainer (OzoneContainer.java:stop(417)) - Attempting to stop container services.
2023-01-16 14:44:14,362 [ForkJoinPool.commonPool-worker-0] INFO  server.RaftServer (RaftServerProxy.java:lambda$close$6(409)) - b4158a24-f3b4-469a-87ed-87f7753bcb12: close
2023-01-16 14:44:14,363 [ForkJoinPool.commonPool-worker-0] INFO  server.GrpcService (GrpcService.java:closeImpl(271)) - b4158a24-f3b4-469a-87ed-87f7753bcb12: shutdown server GrpcServerProtocolService now
2023-01-16 14:44:14,366 [ForkJoinPool.commonPool-worker-0] INFO  server.GrpcServerProtocolClient (GrpcServerProtocolClient.java:close(101)) - edaf4ec7-b5bd-443f-91da-280c30b6b0af Close channels
2023-01-16 14:44:14,368 [ForkJoinPool.commonPool-worker-0] INFO  server.GrpcServerProtocolClient (GrpcServerProtocolClient.java:close(101)) - fe85205b-7d0e-4b68-96f2-42eee8168b18 Close channels
2023-01-16 14:44:14,368 [ForkJoinPool.commonPool-worker-0] INFO  server.GrpcService (GrpcService.java:closeImpl(280)) - b4158a24-f3b4-469a-87ed-87f7753bcb12: shutdown server GrpcServerProtocolService successfully
2023-01-16 14:44:14,369 [Listener at 127.0.0.1/44023] INFO  ozoneimpl.OzoneContainer (OzoneContainer.java:stop(417)) - Attempting to stop container services.
2023-01-16 14:44:14,369 [b4158a24-f3b4-469a-87ed-87f7753bcb12-NettyServerStreamRpc-bossGroup--thread1] INFO  logging.LoggingHandler (AbstractInternalLogger.java:log(148)) - [id: 0xb0c96804, L:/0:0:0:0:0:0:0:0:39137] CLOSE
2023-01-16 14:44:14,370 [b4158a24-f3b4-469a-87ed-87f7753bcb12-NettyServerStreamRpc-bossGroup--thread1] INFO  logging.LoggingHandler (AbstractInternalLogger.java:log(148)) - [id: 0xb0c96804, L:/0:0:0:0:0:0:0:0:39137] INACTIVE
2023-01-16 14:44:14,370 [b4158a24-f3b4-469a-87ed-87f7753bcb12-NettyServerStreamRpc-bossGroup--thread1] INFO  logging.LoggingHandler (AbstractInternalLogger.java:log(148)) - [id: 0xb0c96804, L:/0:0:0:0:0:0:0:0:39137] UNREGISTERED
2023-01-16 14:44:14,370 [Listener at 127.0.0.1/44023] INFO  server.RaftServer (RaftServerProxy.java:lambda$close$6(409)) - ca7e3987-4d62-4f50-9818-34d949b95429: close
2023-01-16 14:44:14,391 [Listener at 127.0.0.1/44023] INFO  server.GrpcService (GrpcService.java:closeImpl(271)) - ca7e3987-4d62-4f50-9818-34d949b95429: shutdown server GrpcServerProtocolService now
2023-01-16 14:44:14,396 [Listener at 127.0.0.1/44023] INFO  server.GrpcServerProtocolClient (GrpcServerProtocolClient.java:close(101)) - 53290e67-17c3-4c90-996e-c8ad22d82667 Close channels
2023-01-16 14:44:14,397 [JvmPauseMonitor14] INFO  util.JvmPauseMonitor (JvmPauseMonitor.java:run(111)) - JvmPauseMonitor-b4158a24-f3b4-469a-87ed-87f7753bcb12: Stopped
2023-01-16 14:44:14,397 [ca7e3987-4d62-4f50-9818-34d949b95429-impl-thread2] INFO  server.RaftServer$Division (RaftServerImpl.java:lambda$close$4(458)) - ca7e3987-4d62-4f50-9818-34d949b95429@group-014BD055F285: shutdown
2023-01-16 14:44:14,397 [grpc-default-executor-5] WARN  server.GrpcServerProtocolService (LogUtils.java:warn(122)) - ca7e3987-4d62-4f50-9818-34d949b95429: installSnapshot onError, lastRequest: null: org.apache.ratis.thirdparty.io.grpc.StatusRuntimeException: CANCELLED: client cancelled
2023-01-16 14:44:14,398 [ca7e3987-4d62-4f50-9818-34d949b95429-impl-thread2] INFO  util.JmxRegister (JmxRegister.java:unregister(73)) - Successfully un-registered JMX Bean with object name Ratis:service=RaftServer,group=group-014BD055F285,id=ca7e3987-4d62-4f50-9818-34d949b95429
2023-01-16 14:44:14,399 [ca7e3987-4d62-4f50-9818-34d949b95429-impl-thread2] INFO  impl.RoleInfo (RoleInfo.java:shutdownFollowerState(110)) - ca7e3987-4d62-4f50-9818-34d949b95429: shutdown ca7e3987-4d62-4f50-9818-34d949b95429@group-014BD055F285-FollowerState
2023-01-16 14:44:14,400 [ca7e3987-4d62-4f50-9818-34d949b95429-impl-thread2] INFO  impl.StateMachineUpdater (StateMachineUpdater.java:stopAndJoin(153)) - ca7e3987-4d62-4f50-9818-34d949b95429@group-014BD055F285-StateMachineUpdater: set stopIndex = 0
2023-01-16 14:44:14,402 [ca7e3987-4d62-4f50-9818-34d949b95429@group-014BD055F285-FollowerState] INFO  impl.FollowerState (FollowerState.java:run(152)) - ca7e3987-4d62-4f50-9818-34d949b95429@group-014BD055F285-FollowerState was interrupted
2023-01-16 14:44:14,403 [grpc-default-executor-3] WARN  server.GrpcServerProtocolService (LogUtils.java:warn(122)) - ca7e3987-4d62-4f50-9818-34d949b95429: installSnapshot onError, lastRequest: 53290e67-17c3-4c90-996e-c8ad22d82667->ca7e3987-4d62-4f50-9818-34d949b95429#1-t2,previous=(t:0, i:0),leaderCommit=0,initializing? true,entries: size=1, first=(t:2, i:0), CONFIGURATIONENTRY(current:id: "53290e67-17c3-4c90-996e-c8ad22d82667"
address: "10.1.1.103:38457"
priority: 1
dataStreamAddress: "10.1.1.103:39377"
clientAddress: "10.1.1.103:38457"
adminAddress: "10.1.1.103:38457"
startupRole: FOLLOWER
,id: "ca7e3987-4d62-4f50-9818-34d949b95429"
address: "10.1.1.103:44861"
dataStreamAddress: "10.1.1.103:43889"
clientAddress: "10.1.1.103:44861"
adminAddress: "10.1.1.103:44861"
startupRole: FOLLOWER
,id: "5cd6f085-199f-4d86-8efd-dd16eb4c4197"
address: "10.1.1.103:38983"
dataStreamAddress: "10.1.1.103:38531"
clientAddress: "10.1.1.103:38983"
adminAddress: "10.1.1.103:38983"
startupRole: FOLLOWER
, old:): org.apache.ratis.thirdparty.io.grpc.StatusRuntimeException: CANCELLED: client cancelled
2023-01-16 14:44:14,403 [grpc-default-executor-3] WARN  server.GrpcLogAppender (LogUtils.java:warn(122)) - 53290e67-17c3-4c90-996e-c8ad22d82667@group-014BD055F285->ca7e3987-4d62-4f50-9818-34d949b95429-AppendLogResponseHandler: Failed appendEntries: org.apache.ratis.thirdparty.io.grpc.StatusRuntimeException: CANCELLED: RST_STREAM closed stream. HTTP/2 error code: CANCEL
2023-01-16 14:44:14,404 [grpc-default-executor-3] WARN  server.GrpcLogAppender (GrpcLogAppender.java:resetClient(131)) - 53290e67-17c3-4c90-996e-c8ad22d82667@group-014BD055F285->ca7e3987-4d62-4f50-9818-34d949b95429-GrpcLogAppender: Leader has not got in touch with Follower 53290e67-17c3-4c90-996e-c8ad22d82667@group-014BD055F285->ca7e3987-4d62-4f50-9818-34d949b95429(c0,m0,n1, attendVote=true, lastRpcSendTime=1354, lastRpcResponseTime=1352) yet, just keep nextIndex unchanged and retry.
2023-01-16 14:44:14,408 [Listener at 127.0.0.1/44023] INFO  server.GrpcServerProtocolClient (GrpcServerProtocolClient.java:close(101)) - 5cd6f085-199f-4d86-8efd-dd16eb4c4197 Close channels
2023-01-16 14:44:14,408 [ca7e3987-4d62-4f50-9818-34d949b95429@group-014BD055F285-StateMachineUpdater] INFO  ratis.ContainerStateMachine (ContainerStateMachine.java:takeSnapshot(308)) - group-014BD055F285: Taking a snapshot at:(t:2, i:0) file /home/runner/work/ozone/ozone/hadoop-ozone/integration-test/target/test-dir/MiniOzoneClusterImpl-3631b34d-cc81-4479-8217-32b495b3d7e3/datanode-5/data/ratis/77fdc72e-c411-4c47-aa6e-014bd055f285/sm/snapshot.2_0
2023-01-16 14:44:14,408 [Listener at 127.0.0.1/44023] INFO  server.GrpcService (GrpcService.java:closeImpl(280)) - ca7e3987-4d62-4f50-9818-34d949b95429: shutdown server GrpcServerProtocolService successfully
2023-01-16 14:44:14,409 [ca7e3987-4d62-4f50-9818-34d949b95429-NettyServerStreamRpc-bossGroup--thread1] INFO  logging.LoggingHandler (AbstractInternalLogger.java:log(148)) - [id: 0x11c41c84, L:/0:0:0:0:0:0:0:0:43889] CLOSE
2023-01-16 14:44:14,409 [ca7e3987-4d62-4f50-9818-34d949b95429-NettyServerStreamRpc-bossGroup--thread1] INFO  logging.LoggingHandler (AbstractInternalLogger.java:log(148)) - [id: 0x11c41c84, L:/0:0:0:0:0:0:0:0:43889] INACTIVE
2023-01-16 14:44:14,409 [ca7e3987-4d62-4f50-9818-34d949b95429-NettyServerStreamRpc-bossGroup--thread1] INFO  logging.LoggingHandler (AbstractInternalLogger.java:log(148)) - [id: 0x11c41c84, L:/0:0:0:0:0:0:0:0:43889] UNREGISTERED
2023-01-16 14:44:14,410 [grpc-default-executor-3] WARN  server.GrpcLogAppender (LogUtils.java:warn(122)) - 53290e67-17c3-4c90-996e-c8ad22d82667@group-014BD055F285->ca7e3987-4d62-4f50-9818-34d949b95429-AppendLogResponseHandler: Failed appendEntries: org.apache.ratis.thirdparty.io.grpc.StatusRuntimeException: CANCELLED: RST_STREAM closed stream. HTTP/2 error code: CANCEL
2023-01-16 14:44:14,410 [grpc-default-executor-3] WARN  server.GrpcLogAppender (GrpcLogAppender.java:resetClient(131)) - 53290e67-17c3-4c90-996e-c8ad22d82667@group-014BD055F285->ca7e3987-4d62-4f50-9818-34d949b95429-GrpcLogAppender: Leader has not got in touch with Follower 53290e67-17c3-4c90-996e-c8ad22d82667@group-014BD055F285->ca7e3987-4d62-4f50-9818-34d949b95429(c0,m0,n1, attendVote=true, lastRpcSendTime=1361, lastRpcResponseTime=1359) yet, just keep nextIndex unchanged and retry.
2023-01-16 14:44:14,412 [ca7e3987-4d62-4f50-9818-34d949b95429@group-014BD055F285-StateMachineUpdater] INFO  ratis.ContainerStateMachine (ContainerStateMachine.java:takeSnapshot(319)) - group-014BD055F285: Finished taking a snapshot at:(t:2, i:0) file:/home/runner/work/ozone/ozone/hadoop-ozone/integration-test/target/test-dir/MiniOzoneClusterImpl-3631b34d-cc81-4479-8217-32b495b3d7e3/datanode-5/data/ratis/77fdc72e-c411-4c47-aa6e-014bd055f285/sm/snapshot.2_0 took: 9 ms
2023-01-16 14:44:14,412 [ca7e3987-4d62-4f50-9818-34d949b95429@group-014BD055F285-StateMachineUpdater] INFO  impl.StateMachineUpdater (StateMachineUpdater.java:takeSnapshot(287)) - ca7e3987-4d62-4f50-9818-34d949b95429@group-014BD055F285-StateMachineUpdater: Took a snapshot at index 0
2023-01-16 14:44:14,412 [ca7e3987-4d62-4f50-9818-34d949b95429@group-014BD055F285-StateMachineUpdater] INFO  impl.StateMachineUpdater (StateMachineUpdater.java:lambda$new$0(92)) - ca7e3987-4d62-4f50-9818-34d949b95429@group-014BD055F285-StateMachineUpdater: snapshotIndex: updateIncreasingly -1 -> 0
2023-01-16 14:44:14,413 [ca7e3987-4d62-4f50-9818-34d949b95429-impl-thread2] INFO  server.RaftServer$Division (ServerState.java:close(466)) - ca7e3987-4d62-4f50-9818-34d949b95429@group-014BD055F285: closes. applyIndex: 0
2023-01-16 14:44:14,427 [ca7e3987-4d62-4f50-9818-34d949b95429@group-014BD055F285-SegmentedRaftLogWorker] INFO  segmented.SegmentedRaftLogWorker (SegmentedRaftLogWorker.java:run(347)) - ca7e3987-4d62-4f50-9818-34d949b95429@group-014BD055F285-SegmentedRaftLogWorker was interrupted, exiting. There are 0 tasks remaining in the queue.
2023-01-16 14:44:14,427 [ca7e3987-4d62-4f50-9818-34d949b95429-impl-thread2] INFO  segmented.SegmentedRaftLogWorker (SegmentedRaftLogWorker.java:close(257)) - ca7e3987-4d62-4f50-9818-34d949b95429@group-014BD055F285-SegmentedRaftLogWorker close()
2023-01-16 14:44:14,432 [JvmPauseMonitor17] INFO  util.JvmPauseMonitor (JvmPauseMonitor.java:run(111)) - JvmPauseMonitor-ca7e3987-4d62-4f50-9818-34d949b95429: Stopped
2023-01-16 14:44:15,558 [grpc-default-executor-3] WARN  server.GrpcLogAppender (LogUtils.java:warn(122)) - 53290e67-17c3-4c90-996e-c8ad22d82667@group-014BD055F285->ca7e3987-4d62-4f50-9818-34d949b95429-AppendLogResponseHandler: Failed appendEntries: org.apache.ratis.thirdparty.io.grpc.StatusRuntimeException: UNAVAILABLE: io exception
2023-01-16 14:44:15,562 [grpc-default-executor-5] WARN  server.GrpcLogAppender (LogUtils.java:warn(122)) - 53290e67-17c3-4c90-996e-c8ad22d82667@group-014BD055F285->ca7e3987-4d62-4f50-9818-34d949b95429-AppendLogResponseHandler: Failed appendEntries: org.apache.ratis.thirdparty.io.grpc.StatusRuntimeException: UNAVAILABLE: io exception
2023-01-16 14:44:15,562 [grpc-default-executor-3] WARN  server.GrpcLogAppender (GrpcLogAppender.java:resetClient(131)) - 53290e67-17c3-4c90-996e-c8ad22d82667@group-014BD055F285->ca7e3987-4d62-4f50-9818-34d949b95429-GrpcLogAppender: Leader has not got in touch with Follower 53290e67-17c3-4c90-996e-c8ad22d82667@group-014BD055F285->ca7e3987-4d62-4f50-9818-34d949b95429(c0,m0,n1, attendVote=true, lastRpcSendTime=2513, lastRpcResponseTime=2511) yet, just keep nextIndex unchanged and retry.
2023-01-16 14:44:15,563 [grpc-default-executor-5] WARN  server.GrpcLogAppender (GrpcLogAppender.java:resetClient(131)) - 53290e67-17c3-4c90-996e-c8ad22d82667@group-014BD055F285->ca7e3987-4d62-4f50-9818-34d949b95429-GrpcLogAppender: Leader has not got in touch with Follower 53290e67-17c3-4c90-996e-c8ad22d82667@group-014BD055F285->ca7e3987-4d62-4f50-9818-34d949b95429(c0,m0,n1, attendVote=true, lastRpcSendTime=2514, lastRpcResponseTime=2512) yet, just keep nextIndex unchanged and retry.
2023-01-16 14:44:15,568 [grpc-default-executor-5] WARN  server.GrpcLogAppender (LogUtils.java:warn(122)) - 53290e67-17c3-4c90-996e-c8ad22d82667@group-014BD055F285->ca7e3987-4d62-4f50-9818-34d949b95429-AppendLogResponseHandler: Failed appendEntries: org.apache.ratis.thirdparty.io.grpc.StatusRuntimeException: UNAVAILABLE: io exception
2023-01-16 14:44:15,568 [grpc-default-executor-3] WARN  server.GrpcLogAppender (LogUtils.java:warn(122)) - 53290e67-17c3-4c90-996e-c8ad22d82667@group-014BD055F285->ca7e3987-4d62-4f50-9818-34d949b95429-AppendLogResponseHandler: Failed appendEntries: org.apache.ratis.thirdparty.io.grpc.StatusRuntimeException: UNAVAILABLE: io exception
2023-01-16 14:44:15,568 [grpc-default-executor-5] WARN  server.GrpcLogAppender (GrpcLogAppender.java:resetClient(131)) - 53290e67-17c3-4c90-996e-c8ad22d82667@group-014BD055F285->ca7e3987-4d62-4f50-9818-34d949b95429-GrpcLogAppender: Leader has not got in touch with Follower 53290e67-17c3-4c90-996e-c8ad22d82667@group-014BD055F285->ca7e3987-4d62-4f50-9818-34d949b95429(c0,m0,n1, attendVote=true, lastRpcSendTime=0, lastRpcResponseTime=2517) yet, just keep nextIndex unchanged and retry.
2023-01-16 14:44:15,569 [grpc-default-executor-3] WARN  server.GrpcLogAppender (GrpcLogAppender.java:resetClient(131)) - 53290e67-17c3-4c90-996e-c8ad22d82667@group-014BD055F285->ca7e3987-4d62-4f50-9818-34d949b95429-GrpcLogAppender: Leader has not got in touch with Follower 53290e67-17c3-4c90-996e-c8ad22d82667@group-014BD055F285->ca7e3987-4d62-4f50-9818-34d949b95429(c0,m0,n1, attendVote=true, lastRpcSendTime=1, lastRpcResponseTime=2518) yet, just keep nextIndex unchanged and retry.
2023-01-16 14:44:15,572 [grpc-default-executor-3] WARN  server.GrpcLogAppender (LogUtils.java:warn(122)) - 53290e67-17c3-4c90-996e-c8ad22d82667@group-014BD055F285->5cd6f085-199f-4d86-8efd-dd16eb4c4197-AppendLogResponseHandler: Failed appendEntries: org.apache.ratis.thirdparty.io.grpc.StatusRuntimeException: UNAVAILABLE: io exception
2023-01-16 14:44:15,572 [grpc-default-executor-3] WARN  server.GrpcLogAppender (GrpcLogAppender.java:resetClient(131)) - 53290e67-17c3-4c90-996e-c8ad22d82667@group-014BD055F285->5cd6f085-199f-4d86-8efd-dd16eb4c4197-GrpcLogAppender: Leader has not got in touch with Follower 53290e67-17c3-4c90-996e-c8ad22d82667@group-014BD055F285->5cd6f085-199f-4d86-8efd-dd16eb4c4197(c0,m0,n1, attendVote=true, lastRpcSendTime=0, lastRpcResponseTime=5024) yet, just keep nextIndex unchanged and retry.
2023-01-16 14:44:15,572 [grpc-default-executor-5] WARN  server.GrpcLogAppender (LogUtils.java:warn(122)) - 53290e67-17c3-4c90-996e-c8ad22d82667@group-014BD055F285->5cd6f085-199f-4d86-8efd-dd16eb4c4197-AppendLogResponseHandler: Failed appendEntries: org.apache.ratis.thirdparty.io.grpc.StatusRuntimeException: UNAVAILABLE: io exception
2023-01-16 14:44:15,573 [grpc-default-executor-5] WARN  server.GrpcLogAppender (GrpcLogAppender.java:resetClient(131)) - 53290e67-17c3-4c90-996e-c8ad22d82667@group-014BD055F285->5cd6f085-199f-4d86-8efd-dd16eb4c4197-GrpcLogAppender: Leader has not got in touch with Follower 53290e67-17c3-4c90-996e-c8ad22d82667@group-014BD055F285->5cd6f085-199f-4d86-8efd-dd16eb4c4197(c0,m0,n1, attendVote=true, lastRpcSendTime=0, lastRpcResponseTime=5024) yet, just keep nextIndex unchanged and retry.
2023-01-16 14:44:16,408 [ForkJoinPool.commonPool-worker-0] INFO  volume.HddsVolume (HddsVolume.java:closeDbStore(338)) - SchemaV3 db is stopped at /home/runner/work/ozone/ozone/hadoop-ozone/integration-test/target/test-dir/MiniOzoneClusterImpl-3631b34d-cc81-4479-8217-32b495b3d7e3/datanode-2/data-0/containers/hdds/3631b34d-cc81-4479-8217-32b495b3d7e3/DS-2d40b238-b112-442b-9d4d-dd10211472fb/container.db for volume DS-2d40b238-b112-442b-9d4d-dd10211472fb
2023-01-16 14:44:16,409 [ForkJoinPool.commonPool-worker-0] INFO  utils.BackgroundService (BackgroundService.java:shutdown(141)) - Shutting down service BlockDeletingService
2023-01-16 14:44:16,416 [ForkJoinPool.commonPool-worker-0] INFO  utils.BackgroundService (BackgroundService.java:shutdown(141)) - Shutting down service StaleRecoveringContainerScrubbingService
2023-01-16 14:44:16,427 [ForkJoinPool.commonPool-worker-0] INFO  statemachine.DatanodeStateMachine (DatanodeStateMachine.java:stopDaemon(596)) - Ozone container server stopped.
2023-01-16 14:44:16,443 [ForkJoinPool.commonPool-worker-0] INFO  handler.ContextHandler (ContextHandler.java:doStop(1159)) - Stopped o.e.j.w.WebAppContext@56b37ee9{hddsDatanode,/,null,STOPPED}{jar:file:/home/runner/.m2/repository/org/apache/ozone/hdds-container-service/1.4.0-SNAPSHOT/hdds-container-service-1.4.0-SNAPSHOT.jar!/webapps/hddsDatanode}
2023-01-16 14:44:16,443 [ForkJoinPool.commonPool-worker-0] INFO  server.AbstractConnector (AbstractConnector.java:doStop(383)) - Stopped ServerConnector@2cde0ff{HTTP/1.1, (http/1.1)}{0.0.0.0:0}
2023-01-16 14:44:16,443 [ForkJoinPool.commonPool-worker-0] INFO  server.session (HouseKeeper.java:stopScavenging(149)) - node0 Stopped scavenging
2023-01-16 14:44:16,445 [ForkJoinPool.commonPool-worker-0] INFO  handler.ContextHandler (ContextHandler.java:doStop(1159)) - Stopped o.e.j.s.ServletContextHandler@29a52d94{static,/static,jar:file:/home/runner/.m2/repository/org/apache/ozone/hdds-container-service/1.4.0-SNAPSHOT/hdds-container-service-1.4.0-SNAPSHOT.jar!/webapps/static,STOPPED}
2023-01-16 14:44:16,445 [ForkJoinPool.commonPool-worker-0] INFO  handler.ContextHandler (ContextHandler.java:doStop(1159)) - Stopped o.e.j.s.ServletContextHandler@3921f846{logs,/logs,file:///home/runner/work/ozone/ozone/hadoop-ozone/integration-test/target/log,STOPPED}
2023-01-16 14:44:16,448 [Listener at 127.0.0.1/44023] INFO  volume.HddsVolume (HddsVolume.java:closeDbStore(338)) - SchemaV3 db is stopped at /home/runner/work/ozone/ozone/hadoop-ozone/integration-test/target/test-dir/MiniOzoneClusterImpl-3631b34d-cc81-4479-8217-32b495b3d7e3/datanode-5/data-0/containers/hdds/3631b34d-cc81-4479-8217-32b495b3d7e3/DS-c3392326-a570-4d4b-8e20-cf10c6d0e02a/container.db for volume DS-c3392326-a570-4d4b-8e20-cf10c6d0e02a
2023-01-16 14:44:16,449 [Listener at 127.0.0.1/44023] INFO  utils.BackgroundService (BackgroundService.java:shutdown(141)) - Shutting down service BlockDeletingService
2023-01-16 14:44:16,449 [Listener at 127.0.0.1/44023] INFO  utils.BackgroundService (BackgroundService.java:shutdown(141)) - Shutting down service StaleRecoveringContainerScrubbingService
2023-01-16 14:44:16,449 [ForkJoinPool.commonPool-worker-0] INFO  ozoneimpl.OzoneContainer (OzoneContainer.java:stop(417)) - Attempting to stop container services.
2023-01-16 14:44:16,452 [ForkJoinPool.commonPool-worker-0] INFO  server.RaftServer (RaftServerProxy.java:lambda$close$6(409)) - edaf4ec7-b5bd-443f-91da-280c30b6b0af: close
2023-01-16 14:44:16,452 [ForkJoinPool.commonPool-worker-0] INFO  server.GrpcService (GrpcService.java:closeImpl(271)) - edaf4ec7-b5bd-443f-91da-280c30b6b0af: shutdown server GrpcServerProtocolService now
2023-01-16 14:44:16,454 [Listener at 127.0.0.1/44023] INFO  statemachine.DatanodeStateMachine (DatanodeStateMachine.java:stopDaemon(596)) - Ozone container server stopped.
2023-01-16 14:44:16,464 [ForkJoinPool.commonPool-worker-0] INFO  server.GrpcServerProtocolClient (GrpcServerProtocolClient.java:close(101)) - b4158a24-f3b4-469a-87ed-87f7753bcb12 Close channels
2023-01-16 14:44:16,466 [ForkJoinPool.commonPool-worker-0] INFO  server.GrpcServerProtocolClient (GrpcServerProtocolClient.java:close(101)) - fe85205b-7d0e-4b68-96f2-42eee8168b18 Close channels
2023-01-16 14:44:16,469 [ForkJoinPool.commonPool-worker-0] INFO  server.GrpcService (GrpcService.java:closeImpl(280)) - edaf4ec7-b5bd-443f-91da-280c30b6b0af: shutdown server GrpcServerProtocolService successfully
2023-01-16 14:44:16,472 [edaf4ec7-b5bd-443f-91da-280c30b6b0af-NettyServerStreamRpc-bossGroup--thread1] INFO  logging.LoggingHandler (AbstractInternalLogger.java:log(148)) - [id: 0x61349ea2, L:/0:0:0:0:0:0:0:0:44513] CLOSE
2023-01-16 14:44:16,472 [edaf4ec7-b5bd-443f-91da-280c30b6b0af-NettyServerStreamRpc-bossGroup--thread1] INFO  logging.LoggingHandler (AbstractInternalLogger.java:log(148)) - [id: 0x61349ea2, L:/0:0:0:0:0:0:0:0:44513] INACTIVE
2023-01-16 14:44:16,472 [edaf4ec7-b5bd-443f-91da-280c30b6b0af-NettyServerStreamRpc-bossGroup--thread1] INFO  logging.LoggingHandler (AbstractInternalLogger.java:log(148)) - [id: 0x61349ea2, L:/0:0:0:0:0:0:0:0:44513] UNREGISTERED
2023-01-16 14:44:16,474 [Listener at 127.0.0.1/44023] INFO  handler.ContextHandler (ContextHandler.java:doStop(1159)) - Stopped o.e.j.w.WebAppContext@13744188{hddsDatanode,/,null,STOPPED}{jar:file:/home/runner/.m2/repository/org/apache/ozone/hdds-container-service/1.4.0-SNAPSHOT/hdds-container-service-1.4.0-SNAPSHOT.jar!/webapps/hddsDatanode}
2023-01-16 14:44:16,475 [Listener at 127.0.0.1/44023] INFO  server.AbstractConnector (AbstractConnector.java:doStop(383)) - Stopped ServerConnector@6047906e{HTTP/1.1, (http/1.1)}{0.0.0.0:0}
2023-01-16 14:44:16,475 [Listener at 127.0.0.1/44023] INFO  server.session (HouseKeeper.java:stopScavenging(149)) - node0 Stopped scavenging
2023-01-16 14:44:16,482 [Listener at 127.0.0.1/44023] INFO  handler.ContextHandler (ContextHandler.java:doStop(1159)) - Stopped o.e.j.s.ServletContextHandler@3f120a6d{static,/static,jar:file:/home/runner/.m2/repository/org/apache/ozone/hdds-container-service/1.4.0-SNAPSHOT/hdds-container-service-1.4.0-SNAPSHOT.jar!/webapps/static,STOPPED}
2023-01-16 14:44:16,483 [Listener at 127.0.0.1/44023] INFO  handler.ContextHandler (ContextHandler.java:doStop(1159)) - Stopped o.e.j.s.ServletContextHandler@466e45bd{logs,/logs,file:///home/runner/work/ozone/ozone/hadoop-ozone/integration-test/target/log,STOPPED}
2023-01-16 14:44:16,484 [JvmPauseMonitor12] INFO  util.JvmPauseMonitor (JvmPauseMonitor.java:run(111)) - JvmPauseMonitor-edaf4ec7-b5bd-443f-91da-280c30b6b0af: Stopped
2023-01-16 14:44:16,486 [Listener at 127.0.0.1/44023] INFO  ozoneimpl.OzoneContainer (OzoneContainer.java:stop(417)) - Attempting to stop container services.
2023-01-16 14:44:16,487 [Listener at 127.0.0.1/44023] INFO  server.RaftServer (RaftServerProxy.java:lambda$close$6(409)) - 53290e67-17c3-4c90-996e-c8ad22d82667: close
2023-01-16 14:44:16,489 [Listener at 127.0.0.1/44023] INFO  server.GrpcService (GrpcService.java:closeImpl(271)) - 53290e67-17c3-4c90-996e-c8ad22d82667: shutdown server GrpcServerProtocolService now
2023-01-16 14:44:16,490 [53290e67-17c3-4c90-996e-c8ad22d82667-impl-thread2] INFO  server.RaftServer$Division (RaftServerImpl.java:lambda$close$4(458)) - 53290e67-17c3-4c90-996e-c8ad22d82667@group-014BD055F285: shutdown
2023-01-16 14:44:16,490 [53290e67-17c3-4c90-996e-c8ad22d82667-impl-thread2] INFO  util.JmxRegister (JmxRegister.java:unregister(73)) - Successfully un-registered JMX Bean with object name Ratis:service=RaftServer,group=group-014BD055F285,id=53290e67-17c3-4c90-996e-c8ad22d82667
2023-01-16 14:44:16,490 [53290e67-17c3-4c90-996e-c8ad22d82667-impl-thread2] INFO  impl.RoleInfo (RoleInfo.java:shutdownLeaderState(93)) - 53290e67-17c3-4c90-996e-c8ad22d82667: shutdown 53290e67-17c3-4c90-996e-c8ad22d82667@group-014BD055F285-LeaderStateImpl
2023-01-16 14:44:16,490 [53290e67-17c3-4c90-996e-c8ad22d82667-impl-thread2] INFO  impl.PendingRequests (PendingRequests.java:sendNotLeaderResponses(282)) - 53290e67-17c3-4c90-996e-c8ad22d82667@group-014BD055F285-PendingRequests: sendNotLeaderResponses
2023-01-16 14:44:16,497 [Listener at 127.0.0.1/44023] INFO  server.GrpcServerProtocolClient (GrpcServerProtocolClient.java:close(101)) - ca7e3987-4d62-4f50-9818-34d949b95429 Close channels
2023-01-16 14:44:16,498 [53290e67-17c3-4c90-996e-c8ad22d82667@group-014BD055F285-StateMachineUpdater] INFO  ratis.ContainerStateMachine (ContainerStateMachine.java:takeSnapshot(308)) - group-014BD055F285: Taking a snapshot at:(t:2, i:0) file /home/runner/work/ozone/ozone/hadoop-ozone/integration-test/target/test-dir/MiniOzoneClusterImpl-3631b34d-cc81-4479-8217-32b495b3d7e3/datanode-4/data/ratis/77fdc72e-c411-4c47-aa6e-014bd055f285/sm/snapshot.2_0
2023-01-16 14:44:16,499 [53290e67-17c3-4c90-996e-c8ad22d82667-impl-thread2] INFO  impl.StateMachineUpdater (StateMachineUpdater.java:stopAndJoin(153)) - 53290e67-17c3-4c90-996e-c8ad22d82667@group-014BD055F285-StateMachineUpdater: set stopIndex = 0
2023-01-16 14:44:16,500 [Listener at 127.0.0.1/44023] INFO  server.GrpcServerProtocolClient (GrpcServerProtocolClient.java:close(101)) - 5cd6f085-199f-4d86-8efd-dd16eb4c4197 Close channels
2023-01-16 14:44:16,500 [Listener at 127.0.0.1/44023] INFO  server.GrpcService (GrpcService.java:closeImpl(280)) - 53290e67-17c3-4c90-996e-c8ad22d82667: shutdown server GrpcServerProtocolService successfully
2023-01-16 14:44:16,501 [53290e67-17c3-4c90-996e-c8ad22d82667@group-014BD055F285-StateMachineUpdater] INFO  ratis.ContainerStateMachine (ContainerStateMachine.java:takeSnapshot(319)) - group-014BD055F285: Finished taking a snapshot at:(t:2, i:0) file:/home/runner/work/ozone/ozone/hadoop-ozone/integration-test/target/test-dir/MiniOzoneClusterImpl-3631b34d-cc81-4479-8217-32b495b3d7e3/datanode-4/data/ratis/77fdc72e-c411-4c47-aa6e-014bd055f285/sm/snapshot.2_0 took: 2 ms
2023-01-16 14:44:16,501 [53290e67-17c3-4c90-996e-c8ad22d82667-NettyServerStreamRpc-bossGroup--thread1] INFO  logging.LoggingHandler (AbstractInternalLogger.java:log(148)) - [id: 0xdf924b4e, L:/0:0:0:0:0:0:0:0:39377] CLOSE
2023-01-16 14:44:16,501 [53290e67-17c3-4c90-996e-c8ad22d82667-NettyServerStreamRpc-bossGroup--thread1] INFO  logging.LoggingHandler (AbstractInternalLogger.java:log(148)) - [id: 0xdf924b4e, L:/0:0:0:0:0:0:0:0:39377] INACTIVE
2023-01-16 14:44:16,501 [53290e67-17c3-4c90-996e-c8ad22d82667@group-014BD055F285-StateMachineUpdater] INFO  impl.StateMachineUpdater (StateMachineUpdater.java:takeSnapshot(287)) - 53290e67-17c3-4c90-996e-c8ad22d82667@group-014BD055F285-StateMachineUpdater: Took a snapshot at index 0
2023-01-16 14:44:16,501 [53290e67-17c3-4c90-996e-c8ad22d82667@group-014BD055F285-StateMachineUpdater] INFO  impl.StateMachineUpdater (StateMachineUpdater.java:lambda$new$0(92)) - 53290e67-17c3-4c90-996e-c8ad22d82667@group-014BD055F285-StateMachineUpdater: snapshotIndex: updateIncreasingly -1 -> 0
2023-01-16 14:44:16,501 [53290e67-17c3-4c90-996e-c8ad22d82667-NettyServerStreamRpc-bossGroup--thread1] INFO  logging.LoggingHandler (AbstractInternalLogger.java:log(148)) - [id: 0xdf924b4e, L:/0:0:0:0:0:0:0:0:39377] UNREGISTERED
2023-01-16 14:44:16,501 [53290e67-17c3-4c90-996e-c8ad22d82667-impl-thread2] INFO  server.RaftServer$Division (ServerState.java:close(466)) - 53290e67-17c3-4c90-996e-c8ad22d82667@group-014BD055F285: closes. applyIndex: 0
2023-01-16 14:44:16,509 [53290e67-17c3-4c90-996e-c8ad22d82667@group-014BD055F285-SegmentedRaftLogWorker] INFO  segmented.SegmentedRaftLogWorker (SegmentedRaftLogWorker.java:run(347)) - 53290e67-17c3-4c90-996e-c8ad22d82667@group-014BD055F285-SegmentedRaftLogWorker was interrupted, exiting. There are 0 tasks remaining in the queue.
2023-01-16 14:44:16,510 [53290e67-17c3-4c90-996e-c8ad22d82667-impl-thread2] INFO  segmented.SegmentedRaftLogWorker (SegmentedRaftLogWorker.java:close(257)) - 53290e67-17c3-4c90-996e-c8ad22d82667@group-014BD055F285-SegmentedRaftLogWorker close()
2023-01-16 14:44:16,510 [JvmPauseMonitor16] INFO  util.JvmPauseMonitor (JvmPauseMonitor.java:run(111)) - JvmPauseMonitor-53290e67-17c3-4c90-996e-c8ad22d82667: Stopped
2023-01-16 14:44:18,489 [ForkJoinPool.commonPool-worker-0] INFO  volume.HddsVolume (HddsVolume.java:closeDbStore(338)) - SchemaV3 db is stopped at /home/runner/work/ozone/ozone/hadoop-ozone/integration-test/target/test-dir/MiniOzoneClusterImpl-3631b34d-cc81-4479-8217-32b495b3d7e3/datanode-0/data-0/containers/hdds/3631b34d-cc81-4479-8217-32b495b3d7e3/DS-25376d39-dc6c-4af6-b434-e57f4ff729df/container.db for volume DS-25376d39-dc6c-4af6-b434-e57f4ff729df
2023-01-16 14:44:18,492 [ForkJoinPool.commonPool-worker-0] INFO  utils.BackgroundService (BackgroundService.java:shutdown(141)) - Shutting down service BlockDeletingService
2023-01-16 14:44:18,492 [ForkJoinPool.commonPool-worker-0] INFO  utils.BackgroundService (BackgroundService.java:shutdown(141)) - Shutting down service StaleRecoveringContainerScrubbingService
2023-01-16 14:44:18,493 [ForkJoinPool.commonPool-worker-0] INFO  statemachine.DatanodeStateMachine (DatanodeStateMachine.java:stopDaemon(596)) - Ozone container server stopped.
2023-01-16 14:44:18,502 [ForkJoinPool.commonPool-worker-0] INFO  handler.ContextHandler (ContextHandler.java:doStop(1159)) - Stopped o.e.j.w.WebAppContext@5e3979b9{hddsDatanode,/,null,STOPPED}{jar:file:/home/runner/.m2/repository/org/apache/ozone/hdds-container-service/1.4.0-SNAPSHOT/hdds-container-service-1.4.0-SNAPSHOT.jar!/webapps/hddsDatanode}
2023-01-16 14:44:18,503 [ForkJoinPool.commonPool-worker-0] INFO  server.AbstractConnector (AbstractConnector.java:doStop(383)) - Stopped ServerConnector@1e4a341{HTTP/1.1, (http/1.1)}{0.0.0.0:0}
2023-01-16 14:44:18,503 [ForkJoinPool.commonPool-worker-0] INFO  server.session (HouseKeeper.java:stopScavenging(149)) - node0 Stopped scavenging
2023-01-16 14:44:18,503 [ForkJoinPool.commonPool-worker-0] INFO  handler.ContextHandler (ContextHandler.java:doStop(1159)) - Stopped o.e.j.s.ServletContextHandler@478fcc24{static,/static,jar:file:/home/runner/.m2/repository/org/apache/ozone/hdds-container-service/1.4.0-SNAPSHOT/hdds-container-service-1.4.0-SNAPSHOT.jar!/webapps/static,STOPPED}
2023-01-16 14:44:18,503 [ForkJoinPool.commonPool-worker-0] INFO  handler.ContextHandler (ContextHandler.java:doStop(1159)) - Stopped o.e.j.s.ServletContextHandler@15b638bb{logs,/logs,file:///home/runner/work/ozone/ozone/hadoop-ozone/integration-test/target/log,STOPPED}
2023-01-16 14:44:18,515 [Listener at 127.0.0.1/44023] INFO  volume.HddsVolume (HddsVolume.java:closeDbStore(338)) - SchemaV3 db is stopped at /home/runner/work/ozone/ozone/hadoop-ozone/integration-test/target/test-dir/MiniOzoneClusterImpl-3631b34d-cc81-4479-8217-32b495b3d7e3/datanode-4/data-0/containers/hdds/3631b34d-cc81-4479-8217-32b495b3d7e3/DS-ef9c6323-22c8-443a-86dd-263ac1495cb1/container.db for volume DS-ef9c6323-22c8-443a-86dd-263ac1495cb1
2023-01-16 14:44:18,516 [Listener at 127.0.0.1/44023] INFO  utils.BackgroundService (BackgroundService.java:shutdown(141)) - Shutting down service BlockDeletingService
2023-01-16 14:44:18,516 [Listener at 127.0.0.1/44023] INFO  utils.BackgroundService (BackgroundService.java:shutdown(141)) - Shutting down service StaleRecoveringContainerScrubbingService
2023-01-16 14:44:18,517 [Listener at 127.0.0.1/44023] INFO  statemachine.DatanodeStateMachine (DatanodeStateMachine.java:stopDaemon(596)) - Ozone container server stopped.
2023-01-16 14:44:18,526 [Listener at 127.0.0.1/44023] INFO  handler.ContextHandler (ContextHandler.java:doStop(1159)) - Stopped o.e.j.w.WebAppContext@66e85a55{hddsDatanode,/,null,STOPPED}{jar:file:/home/runner/.m2/repository/org/apache/ozone/hdds-container-service/1.4.0-SNAPSHOT/hdds-container-service-1.4.0-SNAPSHOT.jar!/webapps/hddsDatanode}
2023-01-16 14:44:18,526 [Listener at 127.0.0.1/44023] INFO  server.AbstractConnector (AbstractConnector.java:doStop(383)) - Stopped ServerConnector@410c5e08{HTTP/1.1, (http/1.1)}{0.0.0.0:0}
2023-01-16 14:44:18,526 [Listener at 127.0.0.1/44023] INFO  server.session (HouseKeeper.java:stopScavenging(149)) - node0 Stopped scavenging
2023-01-16 14:44:18,527 [Listener at 127.0.0.1/44023] INFO  handler.ContextHandler (ContextHandler.java:doStop(1159)) - Stopped o.e.j.s.ServletContextHandler@79f40088{static,/static,jar:file:/home/runner/.m2/repository/org/apache/ozone/hdds-container-service/1.4.0-SNAPSHOT/hdds-container-service-1.4.0-SNAPSHOT.jar!/webapps/static,STOPPED}
2023-01-16 14:44:18,527 [Listener at 127.0.0.1/44023] INFO  handler.ContextHandler (ContextHandler.java:doStop(1159)) - Stopped o.e.j.s.ServletContextHandler@25d8d7ed{logs,/logs,file:///home/runner/work/ozone/ozone/hadoop-ozone/integration-test/target/log,STOPPED}
2023-01-16 14:44:18,528 [Listener at 127.0.0.1/44023] INFO  ozone.MiniOzoneClusterImpl (MiniOzoneClusterImpl.java:stopSCM(539)) - Stopping the StorageContainerManager
2023-01-16 14:44:18,528 [Listener at 127.0.0.1/44023] INFO  server.StorageContainerManager (StorageContainerManager.java:stop(1521)) - Container Balancer is not running.
2023-01-16 14:44:18,528 [Listener at 127.0.0.1/44023] INFO  server.StorageContainerManager (StorageContainerManager.java:stop(1528)) - Stopping Replication Manager Service.
2023-01-16 14:44:18,529 [Listener at 127.0.0.1/44023] INFO  replication.ReplicationManager (ReplicationManager.java:stop(296)) - Stopping Replication Monitor Thread.
2023-01-16 14:44:18,529 [Listener at 127.0.0.1/44023] INFO  server.StorageContainerManager (StorageContainerManager.java:stop(1535)) - Stopping the Datanode Admin Monitor.
2023-01-16 14:44:18,529 [Over Replicated Processor] WARN  replication.UnhealthyReplicationProcessor (UnhealthyReplicationProcessor.java:run(141)) - Over Replicated Processor interrupted. Exiting...
2023-01-16 14:44:18,529 [Listener at 127.0.0.1/44023] INFO  server.StorageContainerManager (StorageContainerManager.java:stop(1542)) - Stopping datanode service RPC server
2023-01-16 14:44:18,529 [Listener at 127.0.0.1/44023] INFO  server.SCMDatanodeProtocolServer (SCMDatanodeProtocolServer.java:stop(441)) - Stopping the RPC server for DataNodes
2023-01-16 14:44:18,529 [ReplicationMonitor] INFO  replication.ReplicationManager (ReplicationManager.java:run(667)) - Replication Monitor Thread is stopped
2023-01-16 14:44:18,529 [Under Replicated Processor] WARN  replication.UnhealthyReplicationProcessor (UnhealthyReplicationProcessor.java:run(141)) - Under Replicated Processor interrupted. Exiting...
2023-01-16 14:44:18,529 [Listener at 127.0.0.1/44023] INFO  ipc.Server (Server.java:stop(3428)) - Stopping server on 33251
2023-01-16 14:44:18,531 [IPC Server listener on 0] INFO  ipc.Server (Server.java:run(1384)) - Stopping IPC Server listener on 0
2023-01-16 14:44:18,536 [IPC Server Responder] INFO  ipc.Server (Server.java:run(1517)) - Stopping IPC Server Responder
2023-01-16 14:44:18,557 [SCM Heartbeat Processing Thread - 0] WARN  node.NodeStateManager (NodeStateManager.java:scheduleNextHealthCheck(870)) - Current Thread is interrupted, shutting down HB processing thread for Node Manager.
2023-01-16 14:44:18,557 [Listener at 127.0.0.1/44023] INFO  server.StorageContainerManager (StorageContainerManager.java:stop(1550)) - Stopping block service RPC server
2023-01-16 14:44:18,557 [Listener at 127.0.0.1/44023] INFO  server.SCMBlockProtocolServer (SCMBlockProtocolServer.java:stop(161)) - Stopping the RPC server for Block Protocol
2023-01-16 14:44:18,557 [Listener at 127.0.0.1/44023] INFO  ipc.Server (Server.java:stop(3428)) - Stopping server on 35879
2023-01-16 14:44:18,558 [IPC Server listener on 0] INFO  ipc.Server (Server.java:run(1384)) - Stopping IPC Server listener on 0
2023-01-16 14:44:18,560 [IPC Server Responder] INFO  ipc.Server (Server.java:run(1517)) - Stopping IPC Server Responder
2023-01-16 14:44:18,560 [Listener at 127.0.0.1/44023] INFO  server.StorageContainerManager (StorageContainerManager.java:stop(1557)) - Stopping the StorageContainerLocationProtocol RPC server
2023-01-16 14:44:18,560 [Listener at 127.0.0.1/44023] INFO  server.SCMClientProtocolServer (SCMClientProtocolServer.java:stop(179)) - Stopping the RPC server for Client Protocol
2023-01-16 14:44:18,560 [Listener at 127.0.0.1/44023] INFO  ipc.Server (Server.java:stop(3428)) - Stopping server on 46159
2023-01-16 14:44:18,561 [IPC Server listener on 0] INFO  ipc.Server (Server.java:run(1384)) - Stopping IPC Server listener on 0
2023-01-16 14:44:18,562 [IPC Server Responder] INFO  ipc.Server (Server.java:run(1517)) - Stopping IPC Server Responder
2023-01-16 14:44:18,562 [Listener at 127.0.0.1/44023] INFO  server.StorageContainerManager (StorageContainerManager.java:stop(1564)) - Stopping Storage Container Manager HTTP server.
2023-01-16 14:44:18,563 [Listener at 127.0.0.1/44023] INFO  handler.ContextHandler (ContextHandler.java:doStop(1159)) - Stopped o.e.j.w.WebAppContext@550f7896{scm,/,null,STOPPED}{file:/home/runner/work/ozone/ozone/hadoop-ozone/integration-test/target/test-classes/webapps/scm}
2023-01-16 14:44:18,563 [Listener at 127.0.0.1/44023] INFO  server.AbstractConnector (AbstractConnector.java:doStop(383)) - Stopped ServerConnector@3b6fa3f{HTTP/1.1, (http/1.1)}{0.0.0.0:0}
2023-01-16 14:44:18,564 [Listener at 127.0.0.1/44023] INFO  server.session (HouseKeeper.java:stopScavenging(149)) - node0 Stopped scavenging
2023-01-16 14:44:18,564 [Listener at 127.0.0.1/44023] INFO  handler.ContextHandler (ContextHandler.java:doStop(1159)) - Stopped o.e.j.s.ServletContextHandler@1029d19a{static,/static,file:///home/runner/work/ozone/ozone/hadoop-ozone/integration-test/target/test-classes/webapps/static,STOPPED}
2023-01-16 14:44:18,564 [Listener at 127.0.0.1/44023] INFO  handler.ContextHandler (ContextHandler.java:doStop(1159)) - Stopped o.e.j.s.ServletContextHandler@5933305{logs,/logs,file:///home/runner/work/ozone/ozone/hadoop-ozone/integration-test/target/log,STOPPED}
2023-01-16 14:44:18,565 [Listener at 127.0.0.1/44023] INFO  server.StorageContainerManager (StorageContainerManager.java:stop(1570)) - Stopping SCM LayoutVersionManager Service.
2023-01-16 14:44:18,565 [Listener at 127.0.0.1/44023] INFO  server.StorageContainerManager (StorageContainerManager.java:stop(1578)) - Stopping Block Manager Service.
2023-01-16 14:44:18,565 [Listener at 127.0.0.1/44023] INFO  utils.BackgroundService (BackgroundService.java:shutdown(141)) - Shutting down service SCMBlockDeletingService
2023-01-16 14:44:18,565 [Listener at 127.0.0.1/44023] INFO  utils.BackgroundService (BackgroundService.java:shutdown(141)) - Shutting down service SCMBlockDeletingService
2023-01-16 14:44:18,565 [Listener at 127.0.0.1/44023] INFO  server.StorageContainerManager (StorageContainerManager.java:stop(1600)) - Stopping SCM Event Queue.
2023-01-16 14:44:18,567 [Listener at 127.0.0.1/44023] INFO  server.StorageContainerManager (StorageContainerManager.java:stop(1611)) - Stopping SCM HA services.
2023-01-16 14:44:18,567 [Listener at 127.0.0.1/44023] INFO  pipeline.BackgroundPipelineCreator (BackgroundPipelineCreator.java:stop(149)) - Stopping RatisPipelineUtilsThread.
2023-01-16 14:44:18,567 [RatisPipelineUtilsThread - 0] WARN  pipeline.BackgroundPipelineCreator (BackgroundPipelineCreator.java:run(180)) - RatisPipelineUtilsThread is interrupted.
2023-01-16 14:44:18,567 [Listener at 127.0.0.1/44023] INFO  BackgroundPipelineScrubber (BackgroundSCMService.java:stop(131)) - Stopping BackgroundPipelineScrubber Service.
2023-01-16 14:44:18,567 [BackgroundPipelineScrubberThread] WARN  BackgroundPipelineScrubber (BackgroundSCMService.java:run(115)) - BackgroundPipelineScrubber is interrupted, exit
2023-01-16 14:44:18,568 [Listener at 127.0.0.1/44023] INFO  impl.MetricsSystemImpl (MetricsSystemImpl.java:stop(210)) - Stopping HddsDatanode metrics system...
2023-01-16 14:44:18,571 [prometheus] INFO  impl.MetricsSinkAdapter (MetricsSinkAdapter.java:publishMetricsFromQueue(141)) - prometheus thread interrupted.
2023-01-16 14:44:18,571 [Listener at 127.0.0.1/44023] INFO  impl.MetricsSystemImpl (MetricsSystemImpl.java:stop(216)) - HddsDatanode metrics system stopped.
2023-01-16 14:44:18,572 [Listener at 127.0.0.1/44023] WARN  pipeline.BackgroundPipelineCreator (BackgroundPipelineCreator.java:stop(145)) - RatisPipelineUtilsThread is not running, just ignore.
2023-01-16 14:44:18,572 [Listener at 127.0.0.1/44023] INFO  BackgroundPipelineScrubber (BackgroundSCMService.java:stop(126)) - BackgroundPipelineScrubber Service is not running, skip stop.
2023-01-16 14:44:18,572 [ExpiredContainerReplicaOpScrubberThread] WARN  ExpiredContainerReplicaOpScrubber (BackgroundSCMService.java:run(115)) - ExpiredContainerReplicaOpScrubber is interrupted, exit
2023-01-16 14:44:18,572 [Listener at 127.0.0.1/44023] INFO  ExpiredContainerReplicaOpScrubber (BackgroundSCMService.java:stop(131)) - Stopping ExpiredContainerReplicaOpScrubber Service.
2023-01-16 14:44:18,572 [Listener at 127.0.0.1/44023] INFO  utils.BackgroundService (BackgroundService.java:shutdown(141)) - Shutting down service SCMBlockDeletingService
2023-01-16 14:44:18,572 [Listener at 127.0.0.1/44023] INFO  replication.ReplicationManager (ReplicationManager.java:stop(304)) - Replication Monitor Thread is not running.
2023-01-16 14:44:18,572 [Listener at 127.0.0.1/44023] WARN  balancer.ContainerBalancer (ContainerBalancer.java:stop(322)) - Cannot stop Container Balancer because it's not running or stopping
2023-01-16 14:44:18,573 [Listener at 127.0.0.1/44023] INFO  server.StorageContainerManager (StorageContainerManager.java:stop(1629)) - Stopping SCM MetadataStore.
]]></system-out>
  </testcase>
</testsuite>