<?xml version="1.0" encoding="UTF-8"?>
<testsuite xmlns:xsi="http://www.w3.org/2001/XMLSchema-instance" xsi:noNamespaceSchemaLocation="https://maven.apache.org/surefire/maven-surefire-plugin/xsd/surefire-test-report-3.0.xsd" version="3.0" name="org.apache.hadoop.ozone.client.rpc.TestWatchForCommit" time="72.535" tests="2" errors="0" skipped="0" failures="0">
  <properties>
    <property name="awt.toolkit" value="sun.awt.X11.XToolkit"/>
    <property name="file.encoding.pkg" value="sun.io"/>
    <property name="java.specification.version" value="1.8"/>
    <property name="sun.cpu.isalist" value=""/>
    <property name="sun.jnu.encoding" value="UTF-8"/>
    <property name="gradle.enterprise.listener.surefire.forkId" value="1"/>
    <property name="java.class.path" value="/home/runner/work/ozone/ozone/hadoop-ozone/integration-test/target/test-classes:/home/runner/work/ozone/ozone/hadoop-ozone/integration-test/target/classes:/home/runner/.m2/repository/org/apache/ozone/ozone-common/1.5.0-SNAPSHOT/ozone-common-1.5.0-SNAPSHOT.jar:/home/runner/.m2/repository/io/grpc/grpc-netty/1.58.0/grpc-netty-1.58.0.jar:/home/runner/.m2/repository/io/grpc/grpc-core/1.58.0/grpc-core-1.58.0.jar:/home/runner/.m2/repository/com/google/android/annotations/4.1.1.4/annotations-4.1.1.4.jar:/home/runner/.m2/repository/org/codehaus/mojo/animal-sniffer-annotations/1.23/animal-sniffer-annotations-1.23.jar:/home/runner/.m2/repository/io/grpc/grpc-context/1.58.0/grpc-context-1.58.0.jar:/home/runner/.m2/repository/io/grpc/grpc-util/1.58.0/grpc-util-1.58.0.jar:/home/runner/.m2/repository/com/google/errorprone/error_prone_annotations/2.2.0/error_prone_annotations-2.2.0.jar:/home/runner/.m2/repository/io/perfmark/perfmark-api/0.26.0/perfmark-api-0.26.0.jar:/home/runner/.m2/repository/io/netty/netty-codec-http2/4.1.100.Final/netty-codec-http2-4.1.100.Final.jar:/home/runner/.m2/repository/io/netty/netty-common/4.1.100.Final/netty-common-4.1.100.Final.jar:/home/runner/.m2/repository/io/netty/netty-buffer/4.1.100.Final/netty-buffer-4.1.100.Final.jar:/home/runner/.m2/repository/io/netty/netty-codec-http/4.1.100.Final/netty-codec-http-4.1.100.Final.jar:/home/runner/.m2/repository/io/netty/netty-handler-proxy/4.1.100.Final/netty-handler-proxy-4.1.100.Final.jar:/home/runner/.m2/repository/io/netty/netty-codec-socks/4.1.100.Final/netty-codec-socks-4.1.100.Final.jar:/home/runner/.m2/repository/io/netty/netty-tcnative-boringssl-static/2.0.61.Final/netty-tcnative-boringssl-static-2.0.61.Final.jar:/home/runner/.m2/repository/io/netty/netty-tcnative-classes/2.0.61.Final/netty-tcnative-classes-2.0.61.Final.jar:/home/runner/.m2/repository/io/netty/netty-tcnative-boringssl-static/2.0.61.Final/netty-tcnative-boringssl-static-2.0.61.Final-linux-x86_64.jar:/home/runner/.m2/repository/io/netty/netty-tcnative-boringssl-static/2.0.61.Final/netty-tcnative-boringssl-static-2.0.61.Final-linux-aarch_64.jar:/home/runner/.m2/repository/io/netty/netty-tcnative-boringssl-static/2.0.61.Final/netty-tcnative-boringssl-static-2.0.61.Final-osx-x86_64.jar:/home/runner/.m2/repository/io/netty/netty-tcnative-boringssl-static/2.0.61.Final/netty-tcnative-boringssl-static-2.0.61.Final-osx-aarch_64.jar:/home/runner/.m2/repository/io/netty/netty-tcnative-boringssl-static/2.0.61.Final/netty-tcnative-boringssl-static-2.0.61.Final-windows-x86_64.jar:/home/runner/.m2/repository/org/apache/commons/commons-compress/1.25.0/commons-compress-1.25.0.jar:/home/runner/.m2/repository/org/apache/ozone/hdds-common/1.5.0-SNAPSHOT/hdds-common-1.5.0-SNAPSHOT.jar:/home/runner/.m2/repository/org/apache/ozone/hdds-client/1.5.0-SNAPSHOT/hdds-client-1.5.0-SNAPSHOT.jar:/home/runner/.m2/repository/org/apache/ozone/ozone-interface-client/1.5.0-SNAPSHOT/ozone-interface-client-1.5.0-SNAPSHOT.jar:/home/runner/.m2/repository/org/apache/hadoop/hadoop-hdfs-client/3.3.6/hadoop-hdfs-client-3.3.6.jar:/home/runner/.m2/repository/com/squareup/okhttp3/okhttp/4.12.0/okhttp-4.12.0.jar:/home/runner/.m2/repository/com/squareup/okio/okio/3.6.0/okio-3.6.0.jar:/home/runner/.m2/repository/com/squareup/okio/okio-jvm/3.6.0/okio-jvm-3.6.0.jar:/home/runner/.m2/repository/org/jetbrains/kotlin/kotlin-stdlib-jdk8/1.9.22/kotlin-stdlib-jdk8-1.9.22.jar:/home/runner/.m2/repository/org/jetbrains/kotlin/kotlin-stdlib-jdk7/1.9.22/kotlin-stdlib-jdk7-1.9.22.jar:/home/runner/.m2/repository/org/jetbrains/kotlin/kotlin-stdlib-common/1.9.22/kotlin-stdlib-common-1.9.22.jar:/home/runner/.m2/repository/org/apache/ozone/hdds-test-utils/1.5.0-SNAPSHOT/hdds-test-utils-1.5.0-SNAPSHOT.jar:/home/runner/.m2/repository/org/assertj/assertj-core/3.12.2/assertj-core-3.12.2.jar:/home/runner/.m2/repository/com/google/guava/guava/32.0.0-jre/guava-32.0.0-jre.jar:/home/runner/.m2/repository/com/google/guava/failureaccess/1.0.1/failureaccess-1.0.1.jar:/home/runner/.m2/repository/com/google/guava/listenablefuture/9999.0-empty-to-avoid-conflict-with-guava/listenablefuture-9999.0-empty-to-avoid-conflict-with-guava.jar:/home/runner/.m2/repository/com/google/code/findbugs/jsr305/3.0.0/jsr305-3.0.0.jar:/home/runner/.m2/repository/org/checkerframework/checker-qual/3.33.0/checker-qual-3.33.0.jar:/home/runner/.m2/repository/com/google/j2objc/j2objc-annotations/2.8/j2objc-annotations-2.8.jar:/home/runner/.m2/repository/commons-io/commons-io/2.11.0/commons-io-2.11.0.jar:/home/runner/.m2/repository/commons-logging/commons-logging/1.2/commons-logging-1.2.jar:/home/runner/.m2/repository/org/junit/jupiter/junit-jupiter-api/5.10.1/junit-jupiter-api-5.10.1.jar:/home/runner/.m2/repository/org/opentest4j/opentest4j/1.3.0/opentest4j-1.3.0.jar:/home/runner/.m2/repository/org/junit/platform/junit-platform-commons/1.10.1/junit-platform-commons-1.10.1.jar:/home/runner/.m2/repository/ch/qos/reload4j/reload4j/1.2.25/reload4j-1.2.25.jar:/home/runner/.m2/repository/org/slf4j/slf4j-api/2.0.10/slf4j-api-2.0.10.jar:/home/runner/.m2/repository/org/apache/logging/log4j/log4j-api/2.17.1/log4j-api-2.17.1.jar:/home/runner/.m2/repository/org/apache/ozone/hdds-server-scm/1.5.0-SNAPSHOT/hdds-server-scm-1.5.0-SNAPSHOT.jar:/home/runner/.m2/repository/com/google/protobuf/protobuf-java/2.5.0/protobuf-java-2.5.0.jar:/home/runner/.m2/repository/org/apache/ozone/hdds-container-service/1.5.0-SNAPSHOT/hdds-container-service-1.5.0-SNAPSHOT.jar:/home/runner/.m2/repository/org/apache/ozone/hdds-hadoop-dependency-server/1.5.0-SNAPSHOT/hdds-hadoop-dependency-server-1.5.0-SNAPSHOT.jar:/home/runner/.m2/repository/org/apache/hadoop/hadoop-hdfs/3.3.6/hadoop-hdfs-3.3.6.jar:/home/runner/.m2/repository/commons-daemon/commons-daemon/1.0.13/commons-daemon-1.0.13.jar:/home/runner/.m2/repository/org/apache/ozone/hdds-server-framework/1.5.0-SNAPSHOT/hdds-server-framework-1.5.0-SNAPSHOT.jar:/home/runner/.m2/repository/org/bouncycastle/bcprov-jdk15on/1.67/bcprov-jdk15on-1.67.jar:/home/runner/.m2/repository/io/dropwizard/metrics/metrics-core/3.2.4/metrics-core-3.2.4.jar:/home/runner/.m2/repository/org/apache/commons/commons-text/1.11.0/commons-text-1.11.0.jar:/home/runner/.m2/repository/org/apache/ozone/hdds-server-framework/1.5.0-SNAPSHOT/hdds-server-framework-1.5.0-SNAPSHOT-tests.jar:/home/runner/.m2/repository/org/apache/ozone/hdds-interface-server/1.5.0-SNAPSHOT/hdds-interface-server-1.5.0-SNAPSHOT.jar:/home/runner/.m2/repository/org/apache/ozone/hdds-interface-admin/1.5.0-SNAPSHOT/hdds-interface-admin-1.5.0-SNAPSHOT.jar:/home/runner/.m2/repository/org/apache/ozone/hdds-managed-rocksdb/1.5.0-SNAPSHOT/hdds-managed-rocksdb-1.5.0-SNAPSHOT.jar:/home/runner/.m2/repository/org/rocksdb/rocksdbjni/7.7.3/rocksdbjni-7.7.3.jar:/home/runner/.m2/repository/org/slf4j/slf4j-reload4j/2.0.10/slf4j-reload4j-2.0.10.jar:/home/runner/.m2/repository/org/apache/commons/commons-configuration2/2.8.0/commons-configuration2-2.8.0.jar:/home/runner/.m2/repository/commons-fileupload/commons-fileupload/1.5/commons-fileupload-1.5.jar:/home/runner/.m2/repository/org/apache/logging/log4j/log4j-core/2.17.1/log4j-core-2.17.1.jar:/home/runner/.m2/repository/com/lmax/disruptor/3.4.2/disruptor-3.4.2.jar:/home/runner/.m2/repository/org/eclipse/jetty/jetty-util/9.4.53.v20231009/jetty-util-9.4.53.v20231009.jar:/home/runner/.m2/repository/org/eclipse/jetty/jetty-server/9.4.53.v20231009/jetty-server-9.4.53.v20231009.jar:/home/runner/.m2/repository/org/eclipse/jetty/jetty-http/9.4.53.v20231009/jetty-http-9.4.53.v20231009.jar:/home/runner/.m2/repository/org/eclipse/jetty/jetty-io/9.4.53.v20231009/jetty-io-9.4.53.v20231009.jar:/home/runner/.m2/repository/org/eclipse/jetty/jetty-servlet/9.4.53.v20231009/jetty-servlet-9.4.53.v20231009.jar:/home/runner/.m2/repository/org/eclipse/jetty/jetty-security/9.4.53.v20231009/jetty-security-9.4.53.v20231009.jar:/home/runner/.m2/repository/org/eclipse/jetty/jetty-util-ajax/9.4.53.v20231009/jetty-util-ajax-9.4.53.v20231009.jar:/home/runner/.m2/repository/org/eclipse/jetty/jetty-webapp/9.4.53.v20231009/jetty-webapp-9.4.53.v20231009.jar:/home/runner/.m2/repository/org/eclipse/jetty/jetty-xml/9.4.53.v20231009/jetty-xml-9.4.53.v20231009.jar:/home/runner/.m2/repository/org/apache/ratis/ratis-server/3.0.1/ratis-server-3.0.1.jar:/home/runner/.m2/repository/org/apache/ratis/ratis-thirdparty-misc/1.0.5/ratis-thirdparty-misc-1.0.5.jar:/home/runner/.m2/repository/org/apache/ratis/ratis-proto/3.0.1/ratis-proto-3.0.1.jar:/home/runner/.m2/repository/org/apache/ratis/ratis-common/3.0.1/ratis-common-3.0.1.jar:/home/runner/.m2/repository/org/apache/ratis/ratis-client/3.0.1/ratis-client-3.0.1.jar:/home/runner/.m2/repository/org/apache/ratis/ratis-server-api/3.0.1/ratis-server-api-3.0.1.jar:/home/runner/.m2/repository/org/apache/ratis/ratis-metrics-api/3.0.1/ratis-metrics-api-3.0.1.jar:/home/runner/.m2/repository/org/apache/ratis/ratis-metrics-dropwizard3/3.0.1/ratis-metrics-dropwizard3-3.0.1.jar:/home/runner/.m2/repository/io/prometheus/simpleclient_dropwizard/0.16.0/simpleclient_dropwizard-0.16.0.jar:/home/runner/.m2/repository/io/prometheus/simpleclient/0.16.0/simpleclient-0.16.0.jar:/home/runner/.m2/repository/io/prometheus/simpleclient_common/0.16.0/simpleclient_common-0.16.0.jar:/home/runner/.m2/repository/com/fasterxml/jackson/datatype/jackson-datatype-jsr310/2.13.4/jackson-datatype-jsr310-2.13.4.jar:/home/runner/.m2/repository/com/fasterxml/jackson/core/jackson-core/2.13.4/jackson-core-2.13.4.jar:/home/runner/.m2/repository/org/apache/ozone/rocksdb-checkpoint-differ/1.5.0-SNAPSHOT/rocksdb-checkpoint-differ-1.5.0-SNAPSHOT.jar:/home/runner/.m2/repository/org/jgrapht/jgrapht-core/1.0.1/jgrapht-core-1.0.1.jar:/home/runner/.m2/repository/org/jgrapht/jgrapht-ext/1.0.1/jgrapht-ext-1.0.1.jar:/home/runner/.m2/repository/org/tinyjee/jgraphx/jgraphx/2.0.0.1/jgraphx-2.0.0.1.jar:/home/runner/.m2/repository/jgraph/jgraph/5.13.0.0/jgraph-5.13.0.0.jar:/home/runner/.m2/repository/org/antlr/antlr4-runtime/4.5.3/antlr4-runtime-4.5.3.jar:/home/runner/.m2/repository/org/apache/ozone/ozone-manager/1.5.0-SNAPSHOT/ozone-manager-1.5.0-SNAPSHOT.jar:/home/runner/.m2/repository/org/aspectj/aspectjrt/1.9.7/aspectjrt-1.9.7.jar:/home/runner/.m2/repository/org/aspectj/aspectjweaver/1.9.7/aspectjweaver-1.9.7.jar:/home/runner/.m2/repository/org/apache/ozone/hdds-interface-client/1.5.0-SNAPSHOT/hdds-interface-client-1.5.0-SNAPSHOT.jar:/home/runner/.m2/repository/org/apache/hadoop/thirdparty/hadoop-shaded-protobuf_3_7/1.1.1/hadoop-shaded-protobuf_3_7-1.1.1.jar:/home/runner/.m2/repository/org/apache/ozone/ozone-interface-storage/1.5.0-SNAPSHOT/ozone-interface-storage-1.5.0-SNAPSHOT.jar:/home/runner/.m2/repository/org/reflections/reflections/0.9.11/reflections-0.9.11.jar:/home/runner/.m2/repository/com/sun/jersey/jersey-client/1.19.4/jersey-client-1.19.4.jar:/home/runner/.m2/repository/org/codehaus/jackson/jackson-core-asl/1.9.13/jackson-core-asl-1.9.13.jar:/home/runner/.m2/repository/org/codehaus/jackson/jackson-mapper-asl/1.9.13/jackson-mapper-asl-1.9.13.jar:/home/runner/.m2/repository/org/codehaus/jackson/jackson-jaxrs/1.9.13/jackson-jaxrs-1.9.13.jar:/home/runner/.m2/repository/org/apache/ranger/ranger-intg/2.3.0/ranger-intg-2.3.0.jar:/home/runner/.m2/repository/org/apache/ranger/ranger-plugins-common/2.3.0/ranger-plugins-common-2.3.0.jar:/home/runner/.m2/repository/commons-lang/commons-lang/2.6/commons-lang-2.6.jar:/home/runner/.m2/repository/org/apache/ranger/ranger-plugins-cred/2.3.0/ranger-plugins-cred-2.3.0.jar:/home/runner/.m2/repository/org/apache/ranger/ranger-plugins-audit/2.3.0/ranger-plugins-audit-2.3.0.jar:/home/runner/.m2/repository/org/eclipse/jetty/jetty-client/9.4.53.v20231009/jetty-client-9.4.53.v20231009.jar:/home/runner/.m2/repository/org/apache/httpcomponents/httpmime/4.5.6/httpmime-4.5.6.jar:/home/runner/.m2/repository/org/apache/httpcomponents/httpcore-nio/4.4.16/httpcore-nio-4.4.16.jar:/home/runner/.m2/repository/org/apache/httpcomponents/httpasyncclient/4.1.3/httpasyncclient-4.1.3.jar:/home/runner/.m2/repository/com/carrotsearch/hppc/0.8.0/hppc-0.8.0.jar:/home/runner/.m2/repository/org/apache/orc/orc-core/1.5.8/orc-core-1.5.8.jar:/home/runner/.m2/repository/net/java/dev/jna/jna/5.2.0/jna-5.2.0.jar:/home/runner/.m2/repository/net/java/dev/jna/jna-platform/5.2.0/jna-platform-5.2.0.jar:/home/runner/.m2/repository/com/kstruct/gethostname4j/0.0.2/gethostname4j-0.0.2.jar:/home/runner/.m2/repository/org/apache/ranger/ranger-plugin-classloader/2.3.0/ranger-plugin-classloader-2.3.0.jar:/home/runner/.m2/repository/org/apache/ozone/hdds-rocks-native/1.5.0-SNAPSHOT/hdds-rocks-native-1.5.0-SNAPSHOT.jar:/home/runner/.m2/repository/org/apache/hadoop/hadoop-minikdc/3.3.6/hadoop-minikdc-3.3.6.jar:/home/runner/.m2/repository/org/apache/kerby/kerb-simplekdc/1.0.1/kerb-simplekdc-1.0.1.jar:/home/runner/.m2/repository/org/apache/kerby/kerb-client/1.0.1/kerb-client-1.0.1.jar:/home/runner/.m2/repository/org/apache/kerby/kerby-config/1.0.1/kerby-config-1.0.1.jar:/home/runner/.m2/repository/org/apache/kerby/kerb-common/1.0.1/kerb-common-1.0.1.jar:/home/runner/.m2/repository/org/apache/kerby/kerb-crypto/1.0.1/kerb-crypto-1.0.1.jar:/home/runner/.m2/repository/org/apache/kerby/kerb-util/1.0.1/kerb-util-1.0.1.jar:/home/runner/.m2/repository/org/apache/kerby/token-provider/1.0.1/token-provider-1.0.1.jar:/home/runner/.m2/repository/org/apache/kerby/kerb-admin/1.0.1/kerb-admin-1.0.1.jar:/home/runner/.m2/repository/org/apache/kerby/kerb-server/1.0.1/kerb-server-1.0.1.jar:/home/runner/.m2/repository/org/apache/kerby/kerb-identity/1.0.1/kerb-identity-1.0.1.jar:/home/runner/.m2/repository/org/apache/kerby/kerby-xdr/1.0.1/kerby-xdr-1.0.1.jar:/home/runner/.m2/repository/junit/junit/4.13.2/junit-4.13.2.jar:/home/runner/.m2/repository/org/hamcrest/hamcrest-core/1.3/hamcrest-core-1.3.jar:/home/runner/.m2/repository/org/apache/ozone/ozone-s3gateway/1.5.0-SNAPSHOT/ozone-s3gateway-1.5.0-SNAPSHOT.jar:/home/runner/.m2/repository/org/javassist/javassist/3.21.0-GA/javassist-3.21.0-GA.jar:/home/runner/.m2/repository/org/jboss/weld/servlet/weld-servlet-shaded/3.1.9.Final/weld-servlet-shaded-3.1.9.Final.jar:/home/runner/.m2/repository/org/glassfish/jersey/containers/jersey-container-servlet-core/2.41/jersey-container-servlet-core-2.41.jar:/home/runner/.m2/repository/org/glassfish/hk2/external/jakarta.inject/2.6.1/jakarta.inject-2.6.1.jar:/home/runner/.m2/repository/org/glassfish/jersey/core/jersey-common/2.41/jersey-common-2.41.jar:/home/runner/.m2/repository/jakarta/ws/rs/jakarta.ws.rs-api/2.1.6/jakarta.ws.rs-api-2.1.6.jar:/home/runner/.m2/repository/org/glassfish/jersey/ext/cdi/jersey-cdi1x/2.41/jersey-cdi1x-2.41.jar:/home/runner/.m2/repository/org/glassfish/jersey/inject/jersey-hk2/2.41/jersey-hk2-2.41.jar:/home/runner/.m2/repository/org/glassfish/hk2/hk2-locator/2.6.1/hk2-locator-2.6.1.jar:/home/runner/.m2/repository/org/glassfish/jersey/media/jersey-media-jaxb/2.41/jersey-media-jaxb-2.41.jar:/home/runner/.m2/repository/org/glassfish/hk2/osgi-resource-locator/1.0.3/osgi-resource-locator-1.0.3.jar:/home/runner/.m2/repository/org/glassfish/hk2/hk2-api/2.6.1/hk2-api-2.6.1.jar:/home/runner/.m2/repository/org/glassfish/hk2/hk2-utils/2.6.1/hk2-utils-2.6.1.jar:/home/runner/.m2/repository/org/glassfish/hk2/external/aopalliance-repackaged/2.6.1/aopalliance-repackaged-2.6.1.jar:/home/runner/.m2/repository/com/fasterxml/jackson/dataformat/jackson-dataformat-xml/2.13.4/jackson-dataformat-xml-2.13.4.jar:/home/runner/.m2/repository/org/codehaus/woodstox/stax2-api/4.2.2/stax2-api-4.2.2.jar:/home/runner/.m2/repository/com/fasterxml/woodstox/woodstox-core/5.4.0/woodstox-core-5.4.0.jar:/home/runner/.m2/repository/com/fasterxml/jackson/module/jackson-module-jaxb-annotations/2.13.4/jackson-module-jaxb-annotations-2.13.4.jar:/home/runner/.m2/repository/javax/enterprise/cdi-api/2.0/cdi-api-2.0.jar:/home/runner/.m2/repository/javax/el/javax.el-api/3.0.0/javax.el-api-3.0.0.jar:/home/runner/.m2/repository/javax/interceptor/javax.interceptor-api/1.2/javax.interceptor-api-1.2.jar:/home/runner/.m2/repository/javax/inject/javax.inject/1/javax.inject-1.jar:/home/runner/.m2/repository/jakarta/xml/bind/jakarta.xml.bind-api/2.3.3/jakarta.xml.bind-api-2.3.3.jar:/home/runner/.m2/repository/org/glassfish/jaxb/jaxb-runtime/2.3.9/jaxb-runtime-2.3.9.jar:/home/runner/.m2/repository/org/glassfish/jaxb/txw2/2.3.9/txw2-2.3.9.jar:/home/runner/.m2/repository/com/sun/istack/istack-commons-runtime/3.0.12/istack-commons-runtime-3.0.12.jar:/home/runner/.m2/repository/com/sun/activation/jakarta.activation/1.2.2/jakarta.activation-1.2.2.jar:/home/runner/.m2/repository/jakarta/activation/jakarta.activation-api/1.2.2/jakarta.activation-api-1.2.2.jar:/home/runner/.m2/repository/io/grpc/grpc-protobuf/1.58.0/grpc-protobuf-1.58.0.jar:/home/runner/.m2/repository/com/google/api/grpc/proto-google-common-protos/2.22.0/proto-google-common-protos-2.22.0.jar:/home/runner/.m2/repository/io/grpc/grpc-protobuf-lite/1.58.0/grpc-protobuf-lite-1.58.0.jar:/home/runner/.m2/repository/io/grpc/grpc-stub/1.58.0/grpc-stub-1.58.0.jar:/home/runner/.m2/repository/io/netty/netty-transport/4.1.100.Final/netty-transport-4.1.100.Final.jar:/home/runner/.m2/repository/io/netty/netty-resolver/4.1.100.Final/netty-resolver-4.1.100.Final.jar:/home/runner/.m2/repository/org/apache/ozone/ozone-csi/1.5.0-SNAPSHOT/ozone-csi-1.5.0-SNAPSHOT.jar:/home/runner/.m2/repository/com/google/protobuf/protobuf-java-util/3.19.6/protobuf-java-util-3.19.6.jar:/home/runner/.m2/repository/com/google/code/gson/gson/2.9.0/gson-2.9.0.jar:/home/runner/.m2/repository/org/apache/ozone/hdds-config/1.5.0-SNAPSHOT/hdds-config-1.5.0-SNAPSHOT.jar:/home/runner/.m2/repository/io/netty/netty-transport-native-epoll/4.1.100.Final/netty-transport-native-epoll-4.1.100.Final-linux-x86_64.jar:/home/runner/.m2/repository/io/netty/netty-transport-classes-epoll/4.1.100.Final/netty-transport-classes-epoll-4.1.100.Final.jar:/home/runner/.m2/repository/io/netty/netty-transport-native-unix-common/4.1.100.Final/netty-transport-native-unix-common-4.1.100.Final.jar:/home/runner/.m2/repository/org/apache/ozone/ozone-recon/1.5.0-SNAPSHOT/ozone-recon-1.5.0-SNAPSHOT.jar:/home/runner/.m2/repository/org/apache/ozone/ozone-reconcodegen/1.5.0-SNAPSHOT/ozone-reconcodegen-1.5.0-SNAPSHOT.jar:/home/runner/.m2/repository/com/google/inject/guice/5.1.0/guice-5.1.0.jar:/home/runner/.m2/repository/aopalliance/aopalliance/1.0/aopalliance-1.0.jar:/home/runner/.m2/repository/com/google/inject/extensions/guice-assistedinject/5.1.0/guice-assistedinject-5.1.0.jar:/home/runner/.m2/repository/com/google/inject/extensions/guice-servlet/5.1.0/guice-servlet-5.1.0.jar:/home/runner/.m2/repository/org/glassfish/jersey/containers/jersey-container-servlet/2.41/jersey-container-servlet-2.41.jar:/home/runner/.m2/repository/org/glassfish/hk2/guice-bridge/2.6.1/guice-bridge-2.6.1.jar:/home/runner/.m2/repository/org/glassfish/jersey/core/jersey-server/2.41/jersey-server-2.41.jar:/home/runner/.m2/repository/org/glassfish/jersey/core/jersey-client/2.41/jersey-client-2.41.jar:/home/runner/.m2/repository/jakarta/annotation/jakarta.annotation-api/1.3.5/jakarta.annotation-api-1.3.5.jar:/home/runner/.m2/repository/jakarta/validation/jakarta.validation-api/2.0.2/jakarta.validation-api-2.0.2.jar:/home/runner/.m2/repository/org/glassfish/jersey/media/jersey-media-json-jackson/2.41/jersey-media-json-jackson-2.41.jar:/home/runner/.m2/repository/org/glassfish/jersey/ext/jersey-entity-filtering/2.41/jersey-entity-filtering-2.41.jar:/home/runner/.m2/repository/org/jooq/jooq/3.11.10/jooq-3.11.10.jar:/home/runner/.m2/repository/org/jooq/jooq-meta/3.11.10/jooq-meta-3.11.10.jar:/home/runner/.m2/repository/org/jooq/jooq-codegen/3.11.10/jooq-codegen-3.11.10.jar:/home/runner/.m2/repository/com/jolbox/bonecp/0.8.0.RELEASE/bonecp-0.8.0.RELEASE.jar:/home/runner/.m2/repository/org/apache/derby/derby/10.14.2.0/derby-10.14.2.0.jar:/home/runner/.m2/repository/org/xerial/sqlite-jdbc/3.44.1.0/sqlite-jdbc-3.44.1.0.jar:/home/runner/.m2/repository/org/springframework/spring-jdbc/5.3.27/spring-jdbc-5.3.27.jar:/home/runner/.m2/repository/org/springframework/spring-beans/5.3.27/spring-beans-5.3.27.jar:/home/runner/.m2/repository/org/springframework/spring-core/5.3.27/spring-core-5.3.27.jar:/home/runner/.m2/repository/org/springframework/spring-tx/5.3.27/spring-tx-5.3.27.jar:/home/runner/.m2/repository/org/apache/ozone/ozone-client/1.5.0-SNAPSHOT/ozone-client-1.5.0-SNAPSHOT.jar:/home/runner/.m2/repository/org/apache/ozone/hdds-erasurecode/1.5.0-SNAPSHOT/hdds-erasurecode-1.5.0-SNAPSHOT.jar:/home/runner/.m2/repository/org/apache/ozone/ozone-filesystem/1.5.0-SNAPSHOT/ozone-filesystem-1.5.0-SNAPSHOT.jar:/home/runner/.m2/repository/org/apache/ozone/ozone-filesystem-common/1.5.0-SNAPSHOT/ozone-filesystem-common-1.5.0-SNAPSHOT.jar:/home/runner/.m2/repository/org/apache/ozone/ozone-tools/1.5.0-SNAPSHOT/ozone-tools-1.5.0-SNAPSHOT.jar:/home/runner/.m2/repository/com/amazonaws/aws-java-sdk-core/1.12.632/aws-java-sdk-core-1.12.632.jar:/home/runner/.m2/repository/org/apache/httpcomponents/httpclient/4.5.13/httpclient-4.5.13.jar:/home/runner/.m2/repository/org/apache/httpcomponents/httpcore/4.4.16/httpcore-4.4.16.jar:/home/runner/.m2/repository/software/amazon/ion/ion-java/1.0.2/ion-java-1.0.2.jar:/home/runner/.m2/repository/com/fasterxml/jackson/dataformat/jackson-dataformat-cbor/2.13.4/jackson-dataformat-cbor-2.13.4.jar:/home/runner/.m2/repository/joda-time/joda-time/2.12.5/joda-time-2.12.5.jar:/home/runner/.m2/repository/com/amazonaws/aws-java-sdk-s3/1.12.632/aws-java-sdk-s3-1.12.632.jar:/home/runner/.m2/repository/com/amazonaws/aws-java-sdk-kms/1.12.632/aws-java-sdk-kms-1.12.632.jar:/home/runner/.m2/repository/com/amazonaws/jmespath-java/1.12.632/jmespath-java-1.12.632.jar:/home/runner/.m2/repository/org/kohsuke/metainf-services/metainf-services/1.8/metainf-services-1.8.jar:/home/runner/.m2/repository/org/apache/ozone/hdds-tools/1.5.0-SNAPSHOT/hdds-tools-1.5.0-SNAPSHOT.jar:/home/runner/.m2/repository/org/apache/ratis/ratis-tools/3.0.1/ratis-tools-3.0.1.jar:/home/runner/.m2/repository/commons-cli/commons-cli/1.6.0/commons-cli-1.6.0.jar:/home/runner/.m2/repository/org/apache/commons/commons-lang3/3.14.0/commons-lang3-3.14.0.jar:/home/runner/.m2/repository/org/apache/ozone/ozone-manager/1.5.0-SNAPSHOT/ozone-manager-1.5.0-SNAPSHOT-tests.jar:/home/runner/.m2/repository/org/apache/ozone/hdds-common/1.5.0-SNAPSHOT/hdds-common-1.5.0-SNAPSHOT-tests.jar:/home/runner/.m2/repository/org/apache/ozone/hdds-hadoop-dependency-client/1.5.0-SNAPSHOT/hdds-hadoop-dependency-client-1.5.0-SNAPSHOT.jar:/home/runner/.m2/repository/info/picocli/picocli/4.7.5/picocli-4.7.5.jar:/home/runner/.m2/repository/com/fasterxml/jackson/core/jackson-annotations/2.13.4/jackson-annotations-2.13.4.jar:/home/runner/.m2/repository/org/apache/ozone/hdds-annotation-processing/1.5.0-SNAPSHOT/hdds-annotation-processing-1.5.0-SNAPSHOT.jar:/home/runner/.m2/repository/javax/annotation/javax.annotation-api/1.3.2/javax.annotation-api-1.3.2.jar:/home/runner/.m2/repository/org/apache/ratis/ratis-netty/3.0.1/ratis-netty-3.0.1.jar:/home/runner/.m2/repository/org/apache/ratis/ratis-grpc/3.0.1/ratis-grpc-3.0.1.jar:/home/runner/.m2/repository/org/apache/commons/commons-pool2/2.6.0/commons-pool2-2.6.0.jar:/home/runner/.m2/repository/org/bouncycastle/bcpkix-jdk15on/1.67/bcpkix-jdk15on-1.67.jar:/home/runner/.m2/repository/commons-validator/commons-validator/1.6/commons-validator-1.6.jar:/home/runner/.m2/repository/commons-beanutils/commons-beanutils/1.9.4/commons-beanutils-1.9.4.jar:/home/runner/.m2/repository/commons-digester/commons-digester/1.8.1/commons-digester-1.8.1.jar:/home/runner/.m2/repository/commons-collections/commons-collections/3.2.2/commons-collections-3.2.2.jar:/home/runner/.m2/repository/io/jaegertracing/jaeger-client/1.6.0/jaeger-client-1.6.0.jar:/home/runner/.m2/repository/io/jaegertracing/jaeger-thrift/1.6.0/jaeger-thrift-1.6.0.jar:/home/runner/.m2/repository/org/apache/thrift/libthrift/0.14.1/libthrift-0.14.1.jar:/home/runner/.m2/repository/io/jaegertracing/jaeger-core/1.6.0/jaeger-core-1.6.0.jar:/home/runner/.m2/repository/io/jaegertracing/jaeger-tracerresolver/1.6.0/jaeger-tracerresolver-1.6.0.jar:/home/runner/.m2/repository/io/opentracing/contrib/opentracing-tracerresolver/0.1.8/opentracing-tracerresolver-0.1.8.jar:/home/runner/.m2/repository/org/jetbrains/kotlin/kotlin-stdlib/1.9.22/kotlin-stdlib-1.9.22.jar:/home/runner/.m2/repository/org/jetbrains/annotations/13.0/annotations-13.0.jar:/home/runner/.m2/repository/io/opentracing/opentracing-util/0.33.0/opentracing-util-0.33.0.jar:/home/runner/.m2/repository/io/opentracing/opentracing-api/0.33.0/opentracing-api-0.33.0.jar:/home/runner/.m2/repository/io/opentracing/opentracing-noop/0.33.0/opentracing-noop-0.33.0.jar:/home/runner/.m2/repository/org/yaml/snakeyaml/2.0/snakeyaml-2.0.jar:/home/runner/.m2/repository/io/grpc/grpc-api/1.58.0/grpc-api-1.58.0.jar:/home/runner/.m2/repository/org/junit/jupiter/junit-jupiter-engine/5.10.1/junit-jupiter-engine-5.10.1.jar:/home/runner/.m2/repository/org/junit/platform/junit-platform-engine/1.10.1/junit-platform-engine-1.10.1.jar:/home/runner/.m2/repository/org/apiguardian/apiguardian-api/1.1.2/apiguardian-api-1.1.2.jar:/home/runner/.m2/repository/org/junit/platform/junit-platform-launcher/1.10.1/junit-platform-launcher-1.10.1.jar:/home/runner/.m2/repository/org/apache/hadoop/hadoop-kms/3.3.6/hadoop-kms-3.3.6.jar:/home/runner/.m2/repository/org/apache/hadoop/hadoop-auth/3.3.6/hadoop-auth-3.3.6.jar:/home/runner/.m2/repository/com/nimbusds/nimbus-jose-jwt/9.8.1/nimbus-jose-jwt-9.8.1.jar:/home/runner/.m2/repository/com/github/stephenc/jcip/jcip-annotations/1.0-1/jcip-annotations-1.0-1.jar:/home/runner/.m2/repository/org/apache/zookeeper/zookeeper/3.7.2/zookeeper-3.7.2.jar:/home/runner/.m2/repository/org/apache/zookeeper/zookeeper-jute/3.7.2/zookeeper-jute-3.7.2.jar:/home/runner/.m2/repository/org/apache/yetus/audience-annotations/0.12.0/audience-annotations-0.12.0.jar:/home/runner/.m2/repository/org/apache/curator/curator-framework/4.2.0/curator-framework-4.2.0.jar:/home/runner/.m2/repository/org/apache/hadoop/thirdparty/hadoop-shaded-guava/1.1.1/hadoop-shaded-guava-1.1.1.jar:/home/runner/.m2/repository/com/sun/jersey/jersey-core/1.19.4/jersey-core-1.19.4.jar:/home/runner/.m2/repository/javax/ws/rs/jsr311-api/1.1.1/jsr311-api-1.1.1.jar:/home/runner/.m2/repository/com/sun/jersey/jersey-server/1.19.4/jersey-server-1.19.4.jar:/home/runner/.m2/repository/javax/servlet/javax.servlet-api/3.1.0/javax.servlet-api-3.1.0.jar:/home/runner/.m2/repository/org/apache/hadoop/hadoop-common/3.3.6/hadoop-common-3.3.6.jar:/home/runner/.m2/repository/org/apache/commons/commons-math3/3.1.1/commons-math3-3.1.1.jar:/home/runner/.m2/repository/commons-net/commons-net/3.10.0/commons-net-3.10.0.jar:/home/runner/.m2/repository/com/sun/jersey/jersey-servlet/1.19.4/jersey-servlet-1.19.4.jar:/home/runner/.m2/repository/com/github/pjfanning/jersey-json/1.20/jersey-json-1.20.jar:/home/runner/.m2/repository/org/codehaus/jettison/jettison/1.1/jettison-1.1.jar:/home/runner/.m2/repository/com/sun/xml/bind/jaxb-impl/2.2.3-1/jaxb-impl-2.2.3-1.jar:/home/runner/.m2/repository/com/google/re2j/re2j/1.7/re2j-1.7.jar:/home/runner/.m2/repository/com/jcraft/jsch/0.1.54/jsch-0.1.54.jar:/home/runner/.m2/repository/org/apache/curator/curator-client/4.2.0/curator-client-4.2.0.jar:/home/runner/.m2/repository/org/apache/curator/curator-recipes/5.2.0/curator-recipes-5.2.0.jar:/home/runner/.m2/repository/org/apache/kerby/kerb-core/1.0.1/kerb-core-1.0.1.jar:/home/runner/.m2/repository/org/apache/kerby/kerby-pkix/1.0.1/kerby-pkix-1.0.1.jar:/home/runner/.m2/repository/org/apache/kerby/kerby-asn1/1.0.1/kerby-asn1-1.0.1.jar:/home/runner/.m2/repository/org/apache/kerby/kerby-util/1.0.1/kerby-util-1.0.1.jar:/home/runner/.m2/repository/dnsjava/dnsjava/2.1.7/dnsjava-2.1.7.jar:/home/runner/.m2/repository/org/xerial/snappy/snappy-java/1.1.8.2/snappy-java-1.1.8.2.jar:/home/runner/.m2/repository/com/fasterxml/jackson/core/jackson-databind/2.13.4.2/jackson-databind-2.13.4.2.jar:/home/runner/.m2/repository/org/apache/hadoop/hadoop-kms/3.3.6/hadoop-kms-3.3.6-tests.jar:/home/runner/.m2/repository/org/apache/ozone/hdds-server-scm/1.5.0-SNAPSHOT/hdds-server-scm-1.5.0-SNAPSHOT-tests.jar:/home/runner/.m2/repository/org/apache/ozone/hdds-container-service/1.5.0-SNAPSHOT/hdds-container-service-1.5.0-SNAPSHOT-tests.jar:/home/runner/.m2/repository/com/github/luben/zstd-jni/1.5.2-5/zstd-jni-1.5.2-5.jar:/home/runner/.m2/repository/commons-codec/commons-codec/1.15/commons-codec-1.15.jar:/home/runner/.m2/repository/io/netty/netty-codec/4.1.100.Final/netty-codec-4.1.100.Final.jar:/home/runner/.m2/repository/io/netty/netty-handler/4.1.100.Final/netty-handler-4.1.100.Final.jar:/home/runner/.m2/repository/org/apache/ozone/hdds-hadoop-dependency-test/1.5.0-SNAPSHOT/hdds-hadoop-dependency-test-1.5.0-SNAPSHOT.jar:/home/runner/.m2/repository/org/apache/hadoop/hadoop-common/3.3.6/hadoop-common-3.3.6-tests.jar:/home/runner/.m2/repository/org/apache/hadoop/hadoop-hdfs/3.3.6/hadoop-hdfs-3.3.6-tests.jar:/home/runner/.m2/repository/org/junit/jupiter/junit-jupiter-params/5.10.1/junit-jupiter-params-5.10.1.jar:/home/runner/.m2/repository/org/mockito/mockito-core/4.11.0/mockito-core-4.11.0.jar:/home/runner/.m2/repository/net/bytebuddy/byte-buddy/1.12.19/byte-buddy-1.12.19.jar:/home/runner/.m2/repository/net/bytebuddy/byte-buddy-agent/1.12.19/byte-buddy-agent-1.12.19.jar:/home/runner/.m2/repository/org/objenesis/objenesis/1.0/objenesis-1.0.jar:/home/runner/.m2/repository/org/mockito/mockito-junit-jupiter/4.11.0/mockito-junit-jupiter-4.11.0.jar:/home/runner/.m2/repository/org/apache/hadoop/hadoop-distcp/3.3.6/hadoop-distcp-3.3.6.jar:/home/runner/.m2/repository/org/apache/hadoop/hadoop-mapreduce-client-jobclient/3.3.6/hadoop-mapreduce-client-jobclient-3.3.6.jar:/home/runner/.m2/repository/org/apache/hadoop/hadoop-mapreduce-client-common/3.3.6/hadoop-mapreduce-client-common-3.3.6.jar:/home/runner/.m2/repository/org/apache/hadoop/hadoop-yarn-common/3.3.6/hadoop-yarn-common-3.3.6.jar:/home/runner/.m2/repository/org/apache/hadoop/hadoop-yarn-api/3.3.6/hadoop-yarn-api-3.3.6.jar:/home/runner/.m2/repository/javax/xml/bind/jaxb-api/2.2.11/jaxb-api-2.2.11.jar:/home/runner/.m2/repository/com/sun/jersey/contribs/jersey-guice/1.19.4/jersey-guice-1.19.4.jar:/home/runner/.m2/repository/com/fasterxml/jackson/jaxrs/jackson-jaxrs-json-provider/2.13.4/jackson-jaxrs-json-provider-2.13.4.jar:/home/runner/.m2/repository/com/fasterxml/jackson/jaxrs/jackson-jaxrs-base/2.13.4/jackson-jaxrs-base-2.13.4.jar:/home/runner/.m2/repository/org/apache/hadoop/hadoop-yarn-client/3.3.6/hadoop-yarn-client-3.3.6.jar:/home/runner/.m2/repository/org/eclipse/jetty/websocket/websocket-client/9.4.51.v20230217/websocket-client-9.4.51.v20230217.jar:/home/runner/.m2/repository/org/eclipse/jetty/websocket/websocket-common/9.4.51.v20230217/websocket-common-9.4.51.v20230217.jar:/home/runner/.m2/repository/org/eclipse/jetty/websocket/websocket-api/9.4.51.v20230217/websocket-api-9.4.51.v20230217.jar:/home/runner/.m2/repository/org/jline/jline/3.9.0/jline-3.9.0.jar:/home/runner/.m2/repository/org/apache/hadoop/hadoop-mapreduce-client-core/3.3.6/hadoop-mapreduce-client-core-3.3.6.jar:/home/runner/.m2/repository/org/apache/avro/avro/1.7.7/avro-1.7.7.jar:/home/runner/.m2/repository/com/thoughtworks/paranamer/paranamer/2.3/paranamer-2.3.jar:/home/runner/.m2/repository/org/apache/hadoop/hadoop-annotations/3.3.6/hadoop-annotations-3.3.6.jar:/usr/lib/jvm/temurin-8-jdk-amd64/jre/../lib/tools.jar:/home/runner/.m2/repository/io/netty/netty/3.10.6.Final/netty-3.10.6.Final.jar:/home/runner/.m2/repository/org/apache/hadoop/hadoop-distcp/3.3.6/hadoop-distcp-3.3.6-tests.jar:/home/runner/.m2/repository/org/hamcrest/hamcrest/2.2/hamcrest-2.2.jar:/home/runner/.m2/repository/org/slf4j/jul-to-slf4j/2.0.10/jul-to-slf4j-2.0.10.jar:/home/runner/work/ozone/ozone/hadoop-ozone/integration-test/target/gradle-enterprise/test-listeners.jar:"/>
    <property name="java.vm.vendor" value="Temurin"/>
    <property name="sun.arch.data.model" value="64"/>
    <property name="test.build.dir" value="/home/runner/work/ozone/ozone/hadoop-ozone/integration-test/target/test-dir"/>
    <property name="test.cache.data" value=""/>
    <property name="java.vendor.url" value="https://adoptium.net/"/>
    <property name="user.timezone" value="Etc/UTC"/>
    <property name="maven-surefire-plugin.argLineAccessArgs" value=""/>
    <property name="os.name" value="Linux"/>
    <property name="java.vm.specification.version" value="1.8"/>
    <property name="test.build.data" value="/home/runner/work/ozone/ozone/hadoop-ozone/integration-test/target/test-dir"/>
    <property name="sun.java.launcher" value="SUN_STANDARD"/>
    <property name="sun.boot.library.path" value="/usr/lib/jvm/temurin-8-jdk-amd64/jre/lib/amd64"/>
    <property name="sun.java.command" value="/home/runner/work/ozone/ozone/hadoop-ozone/integration-test/target/surefire/surefirebooter2829332600098209599.jar /home/runner/work/ozone/ozone/hadoop-ozone/integration-test/target/surefire 2024-01-26T13-05-16_071-jvmRun1 surefire6710184516394368371tmp surefire_127078650185233361457tmp"/>
    <property name="native.lib.tmp.dir" value="/tmp"/>
    <property name="surefire.test.class.path" value="/home/runner/work/ozone/ozone/hadoop-ozone/integration-test/target/test-classes:/home/runner/work/ozone/ozone/hadoop-ozone/integration-test/target/classes:/home/runner/.m2/repository/org/apache/ozone/ozone-common/1.5.0-SNAPSHOT/ozone-common-1.5.0-SNAPSHOT.jar:/home/runner/.m2/repository/io/grpc/grpc-netty/1.58.0/grpc-netty-1.58.0.jar:/home/runner/.m2/repository/io/grpc/grpc-core/1.58.0/grpc-core-1.58.0.jar:/home/runner/.m2/repository/com/google/android/annotations/4.1.1.4/annotations-4.1.1.4.jar:/home/runner/.m2/repository/org/codehaus/mojo/animal-sniffer-annotations/1.23/animal-sniffer-annotations-1.23.jar:/home/runner/.m2/repository/io/grpc/grpc-context/1.58.0/grpc-context-1.58.0.jar:/home/runner/.m2/repository/io/grpc/grpc-util/1.58.0/grpc-util-1.58.0.jar:/home/runner/.m2/repository/com/google/errorprone/error_prone_annotations/2.2.0/error_prone_annotations-2.2.0.jar:/home/runner/.m2/repository/io/perfmark/perfmark-api/0.26.0/perfmark-api-0.26.0.jar:/home/runner/.m2/repository/io/netty/netty-codec-http2/4.1.100.Final/netty-codec-http2-4.1.100.Final.jar:/home/runner/.m2/repository/io/netty/netty-common/4.1.100.Final/netty-common-4.1.100.Final.jar:/home/runner/.m2/repository/io/netty/netty-buffer/4.1.100.Final/netty-buffer-4.1.100.Final.jar:/home/runner/.m2/repository/io/netty/netty-codec-http/4.1.100.Final/netty-codec-http-4.1.100.Final.jar:/home/runner/.m2/repository/io/netty/netty-handler-proxy/4.1.100.Final/netty-handler-proxy-4.1.100.Final.jar:/home/runner/.m2/repository/io/netty/netty-codec-socks/4.1.100.Final/netty-codec-socks-4.1.100.Final.jar:/home/runner/.m2/repository/io/netty/netty-tcnative-boringssl-static/2.0.61.Final/netty-tcnative-boringssl-static-2.0.61.Final.jar:/home/runner/.m2/repository/io/netty/netty-tcnative-classes/2.0.61.Final/netty-tcnative-classes-2.0.61.Final.jar:/home/runner/.m2/repository/io/netty/netty-tcnative-boringssl-static/2.0.61.Final/netty-tcnative-boringssl-static-2.0.61.Final-linux-x86_64.jar:/home/runner/.m2/repository/io/netty/netty-tcnative-boringssl-static/2.0.61.Final/netty-tcnative-boringssl-static-2.0.61.Final-linux-aarch_64.jar:/home/runner/.m2/repository/io/netty/netty-tcnative-boringssl-static/2.0.61.Final/netty-tcnative-boringssl-static-2.0.61.Final-osx-x86_64.jar:/home/runner/.m2/repository/io/netty/netty-tcnative-boringssl-static/2.0.61.Final/netty-tcnative-boringssl-static-2.0.61.Final-osx-aarch_64.jar:/home/runner/.m2/repository/io/netty/netty-tcnative-boringssl-static/2.0.61.Final/netty-tcnative-boringssl-static-2.0.61.Final-windows-x86_64.jar:/home/runner/.m2/repository/org/apache/commons/commons-compress/1.25.0/commons-compress-1.25.0.jar:/home/runner/.m2/repository/org/apache/ozone/hdds-common/1.5.0-SNAPSHOT/hdds-common-1.5.0-SNAPSHOT.jar:/home/runner/.m2/repository/org/apache/ozone/hdds-client/1.5.0-SNAPSHOT/hdds-client-1.5.0-SNAPSHOT.jar:/home/runner/.m2/repository/org/apache/ozone/ozone-interface-client/1.5.0-SNAPSHOT/ozone-interface-client-1.5.0-SNAPSHOT.jar:/home/runner/.m2/repository/org/apache/hadoop/hadoop-hdfs-client/3.3.6/hadoop-hdfs-client-3.3.6.jar:/home/runner/.m2/repository/com/squareup/okhttp3/okhttp/4.12.0/okhttp-4.12.0.jar:/home/runner/.m2/repository/com/squareup/okio/okio/3.6.0/okio-3.6.0.jar:/home/runner/.m2/repository/com/squareup/okio/okio-jvm/3.6.0/okio-jvm-3.6.0.jar:/home/runner/.m2/repository/org/jetbrains/kotlin/kotlin-stdlib-jdk8/1.9.22/kotlin-stdlib-jdk8-1.9.22.jar:/home/runner/.m2/repository/org/jetbrains/kotlin/kotlin-stdlib-jdk7/1.9.22/kotlin-stdlib-jdk7-1.9.22.jar:/home/runner/.m2/repository/org/jetbrains/kotlin/kotlin-stdlib-common/1.9.22/kotlin-stdlib-common-1.9.22.jar:/home/runner/.m2/repository/org/apache/ozone/hdds-test-utils/1.5.0-SNAPSHOT/hdds-test-utils-1.5.0-SNAPSHOT.jar:/home/runner/.m2/repository/org/assertj/assertj-core/3.12.2/assertj-core-3.12.2.jar:/home/runner/.m2/repository/com/google/guava/guava/32.0.0-jre/guava-32.0.0-jre.jar:/home/runner/.m2/repository/com/google/guava/failureaccess/1.0.1/failureaccess-1.0.1.jar:/home/runner/.m2/repository/com/google/guava/listenablefuture/9999.0-empty-to-avoid-conflict-with-guava/listenablefuture-9999.0-empty-to-avoid-conflict-with-guava.jar:/home/runner/.m2/repository/com/google/code/findbugs/jsr305/3.0.0/jsr305-3.0.0.jar:/home/runner/.m2/repository/org/checkerframework/checker-qual/3.33.0/checker-qual-3.33.0.jar:/home/runner/.m2/repository/com/google/j2objc/j2objc-annotations/2.8/j2objc-annotations-2.8.jar:/home/runner/.m2/repository/commons-io/commons-io/2.11.0/commons-io-2.11.0.jar:/home/runner/.m2/repository/commons-logging/commons-logging/1.2/commons-logging-1.2.jar:/home/runner/.m2/repository/org/junit/jupiter/junit-jupiter-api/5.10.1/junit-jupiter-api-5.10.1.jar:/home/runner/.m2/repository/org/opentest4j/opentest4j/1.3.0/opentest4j-1.3.0.jar:/home/runner/.m2/repository/org/junit/platform/junit-platform-commons/1.10.1/junit-platform-commons-1.10.1.jar:/home/runner/.m2/repository/ch/qos/reload4j/reload4j/1.2.25/reload4j-1.2.25.jar:/home/runner/.m2/repository/org/slf4j/slf4j-api/2.0.10/slf4j-api-2.0.10.jar:/home/runner/.m2/repository/org/apache/logging/log4j/log4j-api/2.17.1/log4j-api-2.17.1.jar:/home/runner/.m2/repository/org/apache/ozone/hdds-server-scm/1.5.0-SNAPSHOT/hdds-server-scm-1.5.0-SNAPSHOT.jar:/home/runner/.m2/repository/com/google/protobuf/protobuf-java/2.5.0/protobuf-java-2.5.0.jar:/home/runner/.m2/repository/org/apache/ozone/hdds-container-service/1.5.0-SNAPSHOT/hdds-container-service-1.5.0-SNAPSHOT.jar:/home/runner/.m2/repository/org/apache/ozone/hdds-hadoop-dependency-server/1.5.0-SNAPSHOT/hdds-hadoop-dependency-server-1.5.0-SNAPSHOT.jar:/home/runner/.m2/repository/org/apache/hadoop/hadoop-hdfs/3.3.6/hadoop-hdfs-3.3.6.jar:/home/runner/.m2/repository/commons-daemon/commons-daemon/1.0.13/commons-daemon-1.0.13.jar:/home/runner/.m2/repository/org/apache/ozone/hdds-server-framework/1.5.0-SNAPSHOT/hdds-server-framework-1.5.0-SNAPSHOT.jar:/home/runner/.m2/repository/org/bouncycastle/bcprov-jdk15on/1.67/bcprov-jdk15on-1.67.jar:/home/runner/.m2/repository/io/dropwizard/metrics/metrics-core/3.2.4/metrics-core-3.2.4.jar:/home/runner/.m2/repository/org/apache/commons/commons-text/1.11.0/commons-text-1.11.0.jar:/home/runner/.m2/repository/org/apache/ozone/hdds-server-framework/1.5.0-SNAPSHOT/hdds-server-framework-1.5.0-SNAPSHOT-tests.jar:/home/runner/.m2/repository/org/apache/ozone/hdds-interface-server/1.5.0-SNAPSHOT/hdds-interface-server-1.5.0-SNAPSHOT.jar:/home/runner/.m2/repository/org/apache/ozone/hdds-interface-admin/1.5.0-SNAPSHOT/hdds-interface-admin-1.5.0-SNAPSHOT.jar:/home/runner/.m2/repository/org/apache/ozone/hdds-managed-rocksdb/1.5.0-SNAPSHOT/hdds-managed-rocksdb-1.5.0-SNAPSHOT.jar:/home/runner/.m2/repository/org/rocksdb/rocksdbjni/7.7.3/rocksdbjni-7.7.3.jar:/home/runner/.m2/repository/org/slf4j/slf4j-reload4j/2.0.10/slf4j-reload4j-2.0.10.jar:/home/runner/.m2/repository/org/apache/commons/commons-configuration2/2.8.0/commons-configuration2-2.8.0.jar:/home/runner/.m2/repository/commons-fileupload/commons-fileupload/1.5/commons-fileupload-1.5.jar:/home/runner/.m2/repository/org/apache/logging/log4j/log4j-core/2.17.1/log4j-core-2.17.1.jar:/home/runner/.m2/repository/com/lmax/disruptor/3.4.2/disruptor-3.4.2.jar:/home/runner/.m2/repository/org/eclipse/jetty/jetty-util/9.4.53.v20231009/jetty-util-9.4.53.v20231009.jar:/home/runner/.m2/repository/org/eclipse/jetty/jetty-server/9.4.53.v20231009/jetty-server-9.4.53.v20231009.jar:/home/runner/.m2/repository/org/eclipse/jetty/jetty-http/9.4.53.v20231009/jetty-http-9.4.53.v20231009.jar:/home/runner/.m2/repository/org/eclipse/jetty/jetty-io/9.4.53.v20231009/jetty-io-9.4.53.v20231009.jar:/home/runner/.m2/repository/org/eclipse/jetty/jetty-servlet/9.4.53.v20231009/jetty-servlet-9.4.53.v20231009.jar:/home/runner/.m2/repository/org/eclipse/jetty/jetty-security/9.4.53.v20231009/jetty-security-9.4.53.v20231009.jar:/home/runner/.m2/repository/org/eclipse/jetty/jetty-util-ajax/9.4.53.v20231009/jetty-util-ajax-9.4.53.v20231009.jar:/home/runner/.m2/repository/org/eclipse/jetty/jetty-webapp/9.4.53.v20231009/jetty-webapp-9.4.53.v20231009.jar:/home/runner/.m2/repository/org/eclipse/jetty/jetty-xml/9.4.53.v20231009/jetty-xml-9.4.53.v20231009.jar:/home/runner/.m2/repository/org/apache/ratis/ratis-server/3.0.1/ratis-server-3.0.1.jar:/home/runner/.m2/repository/org/apache/ratis/ratis-thirdparty-misc/1.0.5/ratis-thirdparty-misc-1.0.5.jar:/home/runner/.m2/repository/org/apache/ratis/ratis-proto/3.0.1/ratis-proto-3.0.1.jar:/home/runner/.m2/repository/org/apache/ratis/ratis-common/3.0.1/ratis-common-3.0.1.jar:/home/runner/.m2/repository/org/apache/ratis/ratis-client/3.0.1/ratis-client-3.0.1.jar:/home/runner/.m2/repository/org/apache/ratis/ratis-server-api/3.0.1/ratis-server-api-3.0.1.jar:/home/runner/.m2/repository/org/apache/ratis/ratis-metrics-api/3.0.1/ratis-metrics-api-3.0.1.jar:/home/runner/.m2/repository/org/apache/ratis/ratis-metrics-dropwizard3/3.0.1/ratis-metrics-dropwizard3-3.0.1.jar:/home/runner/.m2/repository/io/prometheus/simpleclient_dropwizard/0.16.0/simpleclient_dropwizard-0.16.0.jar:/home/runner/.m2/repository/io/prometheus/simpleclient/0.16.0/simpleclient-0.16.0.jar:/home/runner/.m2/repository/io/prometheus/simpleclient_common/0.16.0/simpleclient_common-0.16.0.jar:/home/runner/.m2/repository/com/fasterxml/jackson/datatype/jackson-datatype-jsr310/2.13.4/jackson-datatype-jsr310-2.13.4.jar:/home/runner/.m2/repository/com/fasterxml/jackson/core/jackson-core/2.13.4/jackson-core-2.13.4.jar:/home/runner/.m2/repository/org/apache/ozone/rocksdb-checkpoint-differ/1.5.0-SNAPSHOT/rocksdb-checkpoint-differ-1.5.0-SNAPSHOT.jar:/home/runner/.m2/repository/org/jgrapht/jgrapht-core/1.0.1/jgrapht-core-1.0.1.jar:/home/runner/.m2/repository/org/jgrapht/jgrapht-ext/1.0.1/jgrapht-ext-1.0.1.jar:/home/runner/.m2/repository/org/tinyjee/jgraphx/jgraphx/2.0.0.1/jgraphx-2.0.0.1.jar:/home/runner/.m2/repository/jgraph/jgraph/5.13.0.0/jgraph-5.13.0.0.jar:/home/runner/.m2/repository/org/antlr/antlr4-runtime/4.5.3/antlr4-runtime-4.5.3.jar:/home/runner/.m2/repository/org/apache/ozone/ozone-manager/1.5.0-SNAPSHOT/ozone-manager-1.5.0-SNAPSHOT.jar:/home/runner/.m2/repository/org/aspectj/aspectjrt/1.9.7/aspectjrt-1.9.7.jar:/home/runner/.m2/repository/org/aspectj/aspectjweaver/1.9.7/aspectjweaver-1.9.7.jar:/home/runner/.m2/repository/org/apache/ozone/hdds-interface-client/1.5.0-SNAPSHOT/hdds-interface-client-1.5.0-SNAPSHOT.jar:/home/runner/.m2/repository/org/apache/hadoop/thirdparty/hadoop-shaded-protobuf_3_7/1.1.1/hadoop-shaded-protobuf_3_7-1.1.1.jar:/home/runner/.m2/repository/org/apache/ozone/ozone-interface-storage/1.5.0-SNAPSHOT/ozone-interface-storage-1.5.0-SNAPSHOT.jar:/home/runner/.m2/repository/org/reflections/reflections/0.9.11/reflections-0.9.11.jar:/home/runner/.m2/repository/com/sun/jersey/jersey-client/1.19.4/jersey-client-1.19.4.jar:/home/runner/.m2/repository/org/codehaus/jackson/jackson-core-asl/1.9.13/jackson-core-asl-1.9.13.jar:/home/runner/.m2/repository/org/codehaus/jackson/jackson-mapper-asl/1.9.13/jackson-mapper-asl-1.9.13.jar:/home/runner/.m2/repository/org/codehaus/jackson/jackson-jaxrs/1.9.13/jackson-jaxrs-1.9.13.jar:/home/runner/.m2/repository/org/apache/ranger/ranger-intg/2.3.0/ranger-intg-2.3.0.jar:/home/runner/.m2/repository/org/apache/ranger/ranger-plugins-common/2.3.0/ranger-plugins-common-2.3.0.jar:/home/runner/.m2/repository/commons-lang/commons-lang/2.6/commons-lang-2.6.jar:/home/runner/.m2/repository/org/apache/ranger/ranger-plugins-cred/2.3.0/ranger-plugins-cred-2.3.0.jar:/home/runner/.m2/repository/org/apache/ranger/ranger-plugins-audit/2.3.0/ranger-plugins-audit-2.3.0.jar:/home/runner/.m2/repository/org/eclipse/jetty/jetty-client/9.4.53.v20231009/jetty-client-9.4.53.v20231009.jar:/home/runner/.m2/repository/org/apache/httpcomponents/httpmime/4.5.6/httpmime-4.5.6.jar:/home/runner/.m2/repository/org/apache/httpcomponents/httpcore-nio/4.4.16/httpcore-nio-4.4.16.jar:/home/runner/.m2/repository/org/apache/httpcomponents/httpasyncclient/4.1.3/httpasyncclient-4.1.3.jar:/home/runner/.m2/repository/com/carrotsearch/hppc/0.8.0/hppc-0.8.0.jar:/home/runner/.m2/repository/org/apache/orc/orc-core/1.5.8/orc-core-1.5.8.jar:/home/runner/.m2/repository/net/java/dev/jna/jna/5.2.0/jna-5.2.0.jar:/home/runner/.m2/repository/net/java/dev/jna/jna-platform/5.2.0/jna-platform-5.2.0.jar:/home/runner/.m2/repository/com/kstruct/gethostname4j/0.0.2/gethostname4j-0.0.2.jar:/home/runner/.m2/repository/org/apache/ranger/ranger-plugin-classloader/2.3.0/ranger-plugin-classloader-2.3.0.jar:/home/runner/.m2/repository/org/apache/ozone/hdds-rocks-native/1.5.0-SNAPSHOT/hdds-rocks-native-1.5.0-SNAPSHOT.jar:/home/runner/.m2/repository/org/apache/hadoop/hadoop-minikdc/3.3.6/hadoop-minikdc-3.3.6.jar:/home/runner/.m2/repository/org/apache/kerby/kerb-simplekdc/1.0.1/kerb-simplekdc-1.0.1.jar:/home/runner/.m2/repository/org/apache/kerby/kerb-client/1.0.1/kerb-client-1.0.1.jar:/home/runner/.m2/repository/org/apache/kerby/kerby-config/1.0.1/kerby-config-1.0.1.jar:/home/runner/.m2/repository/org/apache/kerby/kerb-common/1.0.1/kerb-common-1.0.1.jar:/home/runner/.m2/repository/org/apache/kerby/kerb-crypto/1.0.1/kerb-crypto-1.0.1.jar:/home/runner/.m2/repository/org/apache/kerby/kerb-util/1.0.1/kerb-util-1.0.1.jar:/home/runner/.m2/repository/org/apache/kerby/token-provider/1.0.1/token-provider-1.0.1.jar:/home/runner/.m2/repository/org/apache/kerby/kerb-admin/1.0.1/kerb-admin-1.0.1.jar:/home/runner/.m2/repository/org/apache/kerby/kerb-server/1.0.1/kerb-server-1.0.1.jar:/home/runner/.m2/repository/org/apache/kerby/kerb-identity/1.0.1/kerb-identity-1.0.1.jar:/home/runner/.m2/repository/org/apache/kerby/kerby-xdr/1.0.1/kerby-xdr-1.0.1.jar:/home/runner/.m2/repository/junit/junit/4.13.2/junit-4.13.2.jar:/home/runner/.m2/repository/org/hamcrest/hamcrest-core/1.3/hamcrest-core-1.3.jar:/home/runner/.m2/repository/org/apache/ozone/ozone-s3gateway/1.5.0-SNAPSHOT/ozone-s3gateway-1.5.0-SNAPSHOT.jar:/home/runner/.m2/repository/org/javassist/javassist/3.21.0-GA/javassist-3.21.0-GA.jar:/home/runner/.m2/repository/org/jboss/weld/servlet/weld-servlet-shaded/3.1.9.Final/weld-servlet-shaded-3.1.9.Final.jar:/home/runner/.m2/repository/org/glassfish/jersey/containers/jersey-container-servlet-core/2.41/jersey-container-servlet-core-2.41.jar:/home/runner/.m2/repository/org/glassfish/hk2/external/jakarta.inject/2.6.1/jakarta.inject-2.6.1.jar:/home/runner/.m2/repository/org/glassfish/jersey/core/jersey-common/2.41/jersey-common-2.41.jar:/home/runner/.m2/repository/jakarta/ws/rs/jakarta.ws.rs-api/2.1.6/jakarta.ws.rs-api-2.1.6.jar:/home/runner/.m2/repository/org/glassfish/jersey/ext/cdi/jersey-cdi1x/2.41/jersey-cdi1x-2.41.jar:/home/runner/.m2/repository/org/glassfish/jersey/inject/jersey-hk2/2.41/jersey-hk2-2.41.jar:/home/runner/.m2/repository/org/glassfish/hk2/hk2-locator/2.6.1/hk2-locator-2.6.1.jar:/home/runner/.m2/repository/org/glassfish/jersey/media/jersey-media-jaxb/2.41/jersey-media-jaxb-2.41.jar:/home/runner/.m2/repository/org/glassfish/hk2/osgi-resource-locator/1.0.3/osgi-resource-locator-1.0.3.jar:/home/runner/.m2/repository/org/glassfish/hk2/hk2-api/2.6.1/hk2-api-2.6.1.jar:/home/runner/.m2/repository/org/glassfish/hk2/hk2-utils/2.6.1/hk2-utils-2.6.1.jar:/home/runner/.m2/repository/org/glassfish/hk2/external/aopalliance-repackaged/2.6.1/aopalliance-repackaged-2.6.1.jar:/home/runner/.m2/repository/com/fasterxml/jackson/dataformat/jackson-dataformat-xml/2.13.4/jackson-dataformat-xml-2.13.4.jar:/home/runner/.m2/repository/org/codehaus/woodstox/stax2-api/4.2.2/stax2-api-4.2.2.jar:/home/runner/.m2/repository/com/fasterxml/woodstox/woodstox-core/5.4.0/woodstox-core-5.4.0.jar:/home/runner/.m2/repository/com/fasterxml/jackson/module/jackson-module-jaxb-annotations/2.13.4/jackson-module-jaxb-annotations-2.13.4.jar:/home/runner/.m2/repository/javax/enterprise/cdi-api/2.0/cdi-api-2.0.jar:/home/runner/.m2/repository/javax/el/javax.el-api/3.0.0/javax.el-api-3.0.0.jar:/home/runner/.m2/repository/javax/interceptor/javax.interceptor-api/1.2/javax.interceptor-api-1.2.jar:/home/runner/.m2/repository/javax/inject/javax.inject/1/javax.inject-1.jar:/home/runner/.m2/repository/jakarta/xml/bind/jakarta.xml.bind-api/2.3.3/jakarta.xml.bind-api-2.3.3.jar:/home/runner/.m2/repository/org/glassfish/jaxb/jaxb-runtime/2.3.9/jaxb-runtime-2.3.9.jar:/home/runner/.m2/repository/org/glassfish/jaxb/txw2/2.3.9/txw2-2.3.9.jar:/home/runner/.m2/repository/com/sun/istack/istack-commons-runtime/3.0.12/istack-commons-runtime-3.0.12.jar:/home/runner/.m2/repository/com/sun/activation/jakarta.activation/1.2.2/jakarta.activation-1.2.2.jar:/home/runner/.m2/repository/jakarta/activation/jakarta.activation-api/1.2.2/jakarta.activation-api-1.2.2.jar:/home/runner/.m2/repository/io/grpc/grpc-protobuf/1.58.0/grpc-protobuf-1.58.0.jar:/home/runner/.m2/repository/com/google/api/grpc/proto-google-common-protos/2.22.0/proto-google-common-protos-2.22.0.jar:/home/runner/.m2/repository/io/grpc/grpc-protobuf-lite/1.58.0/grpc-protobuf-lite-1.58.0.jar:/home/runner/.m2/repository/io/grpc/grpc-stub/1.58.0/grpc-stub-1.58.0.jar:/home/runner/.m2/repository/io/netty/netty-transport/4.1.100.Final/netty-transport-4.1.100.Final.jar:/home/runner/.m2/repository/io/netty/netty-resolver/4.1.100.Final/netty-resolver-4.1.100.Final.jar:/home/runner/.m2/repository/org/apache/ozone/ozone-csi/1.5.0-SNAPSHOT/ozone-csi-1.5.0-SNAPSHOT.jar:/home/runner/.m2/repository/com/google/protobuf/protobuf-java-util/3.19.6/protobuf-java-util-3.19.6.jar:/home/runner/.m2/repository/com/google/code/gson/gson/2.9.0/gson-2.9.0.jar:/home/runner/.m2/repository/org/apache/ozone/hdds-config/1.5.0-SNAPSHOT/hdds-config-1.5.0-SNAPSHOT.jar:/home/runner/.m2/repository/io/netty/netty-transport-native-epoll/4.1.100.Final/netty-transport-native-epoll-4.1.100.Final-linux-x86_64.jar:/home/runner/.m2/repository/io/netty/netty-transport-classes-epoll/4.1.100.Final/netty-transport-classes-epoll-4.1.100.Final.jar:/home/runner/.m2/repository/io/netty/netty-transport-native-unix-common/4.1.100.Final/netty-transport-native-unix-common-4.1.100.Final.jar:/home/runner/.m2/repository/org/apache/ozone/ozone-recon/1.5.0-SNAPSHOT/ozone-recon-1.5.0-SNAPSHOT.jar:/home/runner/.m2/repository/org/apache/ozone/ozone-reconcodegen/1.5.0-SNAPSHOT/ozone-reconcodegen-1.5.0-SNAPSHOT.jar:/home/runner/.m2/repository/com/google/inject/guice/5.1.0/guice-5.1.0.jar:/home/runner/.m2/repository/aopalliance/aopalliance/1.0/aopalliance-1.0.jar:/home/runner/.m2/repository/com/google/inject/extensions/guice-assistedinject/5.1.0/guice-assistedinject-5.1.0.jar:/home/runner/.m2/repository/com/google/inject/extensions/guice-servlet/5.1.0/guice-servlet-5.1.0.jar:/home/runner/.m2/repository/org/glassfish/jersey/containers/jersey-container-servlet/2.41/jersey-container-servlet-2.41.jar:/home/runner/.m2/repository/org/glassfish/hk2/guice-bridge/2.6.1/guice-bridge-2.6.1.jar:/home/runner/.m2/repository/org/glassfish/jersey/core/jersey-server/2.41/jersey-server-2.41.jar:/home/runner/.m2/repository/org/glassfish/jersey/core/jersey-client/2.41/jersey-client-2.41.jar:/home/runner/.m2/repository/jakarta/annotation/jakarta.annotation-api/1.3.5/jakarta.annotation-api-1.3.5.jar:/home/runner/.m2/repository/jakarta/validation/jakarta.validation-api/2.0.2/jakarta.validation-api-2.0.2.jar:/home/runner/.m2/repository/org/glassfish/jersey/media/jersey-media-json-jackson/2.41/jersey-media-json-jackson-2.41.jar:/home/runner/.m2/repository/org/glassfish/jersey/ext/jersey-entity-filtering/2.41/jersey-entity-filtering-2.41.jar:/home/runner/.m2/repository/org/jooq/jooq/3.11.10/jooq-3.11.10.jar:/home/runner/.m2/repository/org/jooq/jooq-meta/3.11.10/jooq-meta-3.11.10.jar:/home/runner/.m2/repository/org/jooq/jooq-codegen/3.11.10/jooq-codegen-3.11.10.jar:/home/runner/.m2/repository/com/jolbox/bonecp/0.8.0.RELEASE/bonecp-0.8.0.RELEASE.jar:/home/runner/.m2/repository/org/apache/derby/derby/10.14.2.0/derby-10.14.2.0.jar:/home/runner/.m2/repository/org/xerial/sqlite-jdbc/3.44.1.0/sqlite-jdbc-3.44.1.0.jar:/home/runner/.m2/repository/org/springframework/spring-jdbc/5.3.27/spring-jdbc-5.3.27.jar:/home/runner/.m2/repository/org/springframework/spring-beans/5.3.27/spring-beans-5.3.27.jar:/home/runner/.m2/repository/org/springframework/spring-core/5.3.27/spring-core-5.3.27.jar:/home/runner/.m2/repository/org/springframework/spring-tx/5.3.27/spring-tx-5.3.27.jar:/home/runner/.m2/repository/org/apache/ozone/ozone-client/1.5.0-SNAPSHOT/ozone-client-1.5.0-SNAPSHOT.jar:/home/runner/.m2/repository/org/apache/ozone/hdds-erasurecode/1.5.0-SNAPSHOT/hdds-erasurecode-1.5.0-SNAPSHOT.jar:/home/runner/.m2/repository/org/apache/ozone/ozone-filesystem/1.5.0-SNAPSHOT/ozone-filesystem-1.5.0-SNAPSHOT.jar:/home/runner/.m2/repository/org/apache/ozone/ozone-filesystem-common/1.5.0-SNAPSHOT/ozone-filesystem-common-1.5.0-SNAPSHOT.jar:/home/runner/.m2/repository/org/apache/ozone/ozone-tools/1.5.0-SNAPSHOT/ozone-tools-1.5.0-SNAPSHOT.jar:/home/runner/.m2/repository/com/amazonaws/aws-java-sdk-core/1.12.632/aws-java-sdk-core-1.12.632.jar:/home/runner/.m2/repository/org/apache/httpcomponents/httpclient/4.5.13/httpclient-4.5.13.jar:/home/runner/.m2/repository/org/apache/httpcomponents/httpcore/4.4.16/httpcore-4.4.16.jar:/home/runner/.m2/repository/software/amazon/ion/ion-java/1.0.2/ion-java-1.0.2.jar:/home/runner/.m2/repository/com/fasterxml/jackson/dataformat/jackson-dataformat-cbor/2.13.4/jackson-dataformat-cbor-2.13.4.jar:/home/runner/.m2/repository/joda-time/joda-time/2.12.5/joda-time-2.12.5.jar:/home/runner/.m2/repository/com/amazonaws/aws-java-sdk-s3/1.12.632/aws-java-sdk-s3-1.12.632.jar:/home/runner/.m2/repository/com/amazonaws/aws-java-sdk-kms/1.12.632/aws-java-sdk-kms-1.12.632.jar:/home/runner/.m2/repository/com/amazonaws/jmespath-java/1.12.632/jmespath-java-1.12.632.jar:/home/runner/.m2/repository/org/kohsuke/metainf-services/metainf-services/1.8/metainf-services-1.8.jar:/home/runner/.m2/repository/org/apache/ozone/hdds-tools/1.5.0-SNAPSHOT/hdds-tools-1.5.0-SNAPSHOT.jar:/home/runner/.m2/repository/org/apache/ratis/ratis-tools/3.0.1/ratis-tools-3.0.1.jar:/home/runner/.m2/repository/commons-cli/commons-cli/1.6.0/commons-cli-1.6.0.jar:/home/runner/.m2/repository/org/apache/commons/commons-lang3/3.14.0/commons-lang3-3.14.0.jar:/home/runner/.m2/repository/org/apache/ozone/ozone-manager/1.5.0-SNAPSHOT/ozone-manager-1.5.0-SNAPSHOT-tests.jar:/home/runner/.m2/repository/org/apache/ozone/hdds-common/1.5.0-SNAPSHOT/hdds-common-1.5.0-SNAPSHOT-tests.jar:/home/runner/.m2/repository/org/apache/ozone/hdds-hadoop-dependency-client/1.5.0-SNAPSHOT/hdds-hadoop-dependency-client-1.5.0-SNAPSHOT.jar:/home/runner/.m2/repository/info/picocli/picocli/4.7.5/picocli-4.7.5.jar:/home/runner/.m2/repository/com/fasterxml/jackson/core/jackson-annotations/2.13.4/jackson-annotations-2.13.4.jar:/home/runner/.m2/repository/org/apache/ozone/hdds-annotation-processing/1.5.0-SNAPSHOT/hdds-annotation-processing-1.5.0-SNAPSHOT.jar:/home/runner/.m2/repository/javax/annotation/javax.annotation-api/1.3.2/javax.annotation-api-1.3.2.jar:/home/runner/.m2/repository/org/apache/ratis/ratis-netty/3.0.1/ratis-netty-3.0.1.jar:/home/runner/.m2/repository/org/apache/ratis/ratis-grpc/3.0.1/ratis-grpc-3.0.1.jar:/home/runner/.m2/repository/org/apache/commons/commons-pool2/2.6.0/commons-pool2-2.6.0.jar:/home/runner/.m2/repository/org/bouncycastle/bcpkix-jdk15on/1.67/bcpkix-jdk15on-1.67.jar:/home/runner/.m2/repository/commons-validator/commons-validator/1.6/commons-validator-1.6.jar:/home/runner/.m2/repository/commons-beanutils/commons-beanutils/1.9.4/commons-beanutils-1.9.4.jar:/home/runner/.m2/repository/commons-digester/commons-digester/1.8.1/commons-digester-1.8.1.jar:/home/runner/.m2/repository/commons-collections/commons-collections/3.2.2/commons-collections-3.2.2.jar:/home/runner/.m2/repository/io/jaegertracing/jaeger-client/1.6.0/jaeger-client-1.6.0.jar:/home/runner/.m2/repository/io/jaegertracing/jaeger-thrift/1.6.0/jaeger-thrift-1.6.0.jar:/home/runner/.m2/repository/org/apache/thrift/libthrift/0.14.1/libthrift-0.14.1.jar:/home/runner/.m2/repository/io/jaegertracing/jaeger-core/1.6.0/jaeger-core-1.6.0.jar:/home/runner/.m2/repository/io/jaegertracing/jaeger-tracerresolver/1.6.0/jaeger-tracerresolver-1.6.0.jar:/home/runner/.m2/repository/io/opentracing/contrib/opentracing-tracerresolver/0.1.8/opentracing-tracerresolver-0.1.8.jar:/home/runner/.m2/repository/org/jetbrains/kotlin/kotlin-stdlib/1.9.22/kotlin-stdlib-1.9.22.jar:/home/runner/.m2/repository/org/jetbrains/annotations/13.0/annotations-13.0.jar:/home/runner/.m2/repository/io/opentracing/opentracing-util/0.33.0/opentracing-util-0.33.0.jar:/home/runner/.m2/repository/io/opentracing/opentracing-api/0.33.0/opentracing-api-0.33.0.jar:/home/runner/.m2/repository/io/opentracing/opentracing-noop/0.33.0/opentracing-noop-0.33.0.jar:/home/runner/.m2/repository/org/yaml/snakeyaml/2.0/snakeyaml-2.0.jar:/home/runner/.m2/repository/io/grpc/grpc-api/1.58.0/grpc-api-1.58.0.jar:/home/runner/.m2/repository/org/junit/jupiter/junit-jupiter-engine/5.10.1/junit-jupiter-engine-5.10.1.jar:/home/runner/.m2/repository/org/junit/platform/junit-platform-engine/1.10.1/junit-platform-engine-1.10.1.jar:/home/runner/.m2/repository/org/apiguardian/apiguardian-api/1.1.2/apiguardian-api-1.1.2.jar:/home/runner/.m2/repository/org/junit/platform/junit-platform-launcher/1.10.1/junit-platform-launcher-1.10.1.jar:/home/runner/.m2/repository/org/apache/hadoop/hadoop-kms/3.3.6/hadoop-kms-3.3.6.jar:/home/runner/.m2/repository/org/apache/hadoop/hadoop-auth/3.3.6/hadoop-auth-3.3.6.jar:/home/runner/.m2/repository/com/nimbusds/nimbus-jose-jwt/9.8.1/nimbus-jose-jwt-9.8.1.jar:/home/runner/.m2/repository/com/github/stephenc/jcip/jcip-annotations/1.0-1/jcip-annotations-1.0-1.jar:/home/runner/.m2/repository/org/apache/zookeeper/zookeeper/3.7.2/zookeeper-3.7.2.jar:/home/runner/.m2/repository/org/apache/zookeeper/zookeeper-jute/3.7.2/zookeeper-jute-3.7.2.jar:/home/runner/.m2/repository/org/apache/yetus/audience-annotations/0.12.0/audience-annotations-0.12.0.jar:/home/runner/.m2/repository/org/apache/curator/curator-framework/4.2.0/curator-framework-4.2.0.jar:/home/runner/.m2/repository/org/apache/hadoop/thirdparty/hadoop-shaded-guava/1.1.1/hadoop-shaded-guava-1.1.1.jar:/home/runner/.m2/repository/com/sun/jersey/jersey-core/1.19.4/jersey-core-1.19.4.jar:/home/runner/.m2/repository/javax/ws/rs/jsr311-api/1.1.1/jsr311-api-1.1.1.jar:/home/runner/.m2/repository/com/sun/jersey/jersey-server/1.19.4/jersey-server-1.19.4.jar:/home/runner/.m2/repository/javax/servlet/javax.servlet-api/3.1.0/javax.servlet-api-3.1.0.jar:/home/runner/.m2/repository/org/apache/hadoop/hadoop-common/3.3.6/hadoop-common-3.3.6.jar:/home/runner/.m2/repository/org/apache/commons/commons-math3/3.1.1/commons-math3-3.1.1.jar:/home/runner/.m2/repository/commons-net/commons-net/3.10.0/commons-net-3.10.0.jar:/home/runner/.m2/repository/com/sun/jersey/jersey-servlet/1.19.4/jersey-servlet-1.19.4.jar:/home/runner/.m2/repository/com/github/pjfanning/jersey-json/1.20/jersey-json-1.20.jar:/home/runner/.m2/repository/org/codehaus/jettison/jettison/1.1/jettison-1.1.jar:/home/runner/.m2/repository/com/sun/xml/bind/jaxb-impl/2.2.3-1/jaxb-impl-2.2.3-1.jar:/home/runner/.m2/repository/com/google/re2j/re2j/1.7/re2j-1.7.jar:/home/runner/.m2/repository/com/jcraft/jsch/0.1.54/jsch-0.1.54.jar:/home/runner/.m2/repository/org/apache/curator/curator-client/4.2.0/curator-client-4.2.0.jar:/home/runner/.m2/repository/org/apache/curator/curator-recipes/5.2.0/curator-recipes-5.2.0.jar:/home/runner/.m2/repository/org/apache/kerby/kerb-core/1.0.1/kerb-core-1.0.1.jar:/home/runner/.m2/repository/org/apache/kerby/kerby-pkix/1.0.1/kerby-pkix-1.0.1.jar:/home/runner/.m2/repository/org/apache/kerby/kerby-asn1/1.0.1/kerby-asn1-1.0.1.jar:/home/runner/.m2/repository/org/apache/kerby/kerby-util/1.0.1/kerby-util-1.0.1.jar:/home/runner/.m2/repository/dnsjava/dnsjava/2.1.7/dnsjava-2.1.7.jar:/home/runner/.m2/repository/org/xerial/snappy/snappy-java/1.1.8.2/snappy-java-1.1.8.2.jar:/home/runner/.m2/repository/com/fasterxml/jackson/core/jackson-databind/2.13.4.2/jackson-databind-2.13.4.2.jar:/home/runner/.m2/repository/org/apache/hadoop/hadoop-kms/3.3.6/hadoop-kms-3.3.6-tests.jar:/home/runner/.m2/repository/org/apache/ozone/hdds-server-scm/1.5.0-SNAPSHOT/hdds-server-scm-1.5.0-SNAPSHOT-tests.jar:/home/runner/.m2/repository/org/apache/ozone/hdds-container-service/1.5.0-SNAPSHOT/hdds-container-service-1.5.0-SNAPSHOT-tests.jar:/home/runner/.m2/repository/com/github/luben/zstd-jni/1.5.2-5/zstd-jni-1.5.2-5.jar:/home/runner/.m2/repository/commons-codec/commons-codec/1.15/commons-codec-1.15.jar:/home/runner/.m2/repository/io/netty/netty-codec/4.1.100.Final/netty-codec-4.1.100.Final.jar:/home/runner/.m2/repository/io/netty/netty-handler/4.1.100.Final/netty-handler-4.1.100.Final.jar:/home/runner/.m2/repository/org/apache/ozone/hdds-hadoop-dependency-test/1.5.0-SNAPSHOT/hdds-hadoop-dependency-test-1.5.0-SNAPSHOT.jar:/home/runner/.m2/repository/org/apache/hadoop/hadoop-common/3.3.6/hadoop-common-3.3.6-tests.jar:/home/runner/.m2/repository/org/apache/hadoop/hadoop-hdfs/3.3.6/hadoop-hdfs-3.3.6-tests.jar:/home/runner/.m2/repository/org/junit/jupiter/junit-jupiter-params/5.10.1/junit-jupiter-params-5.10.1.jar:/home/runner/.m2/repository/org/mockito/mockito-core/4.11.0/mockito-core-4.11.0.jar:/home/runner/.m2/repository/net/bytebuddy/byte-buddy/1.12.19/byte-buddy-1.12.19.jar:/home/runner/.m2/repository/net/bytebuddy/byte-buddy-agent/1.12.19/byte-buddy-agent-1.12.19.jar:/home/runner/.m2/repository/org/objenesis/objenesis/1.0/objenesis-1.0.jar:/home/runner/.m2/repository/org/mockito/mockito-junit-jupiter/4.11.0/mockito-junit-jupiter-4.11.0.jar:/home/runner/.m2/repository/org/apache/hadoop/hadoop-distcp/3.3.6/hadoop-distcp-3.3.6.jar:/home/runner/.m2/repository/org/apache/hadoop/hadoop-mapreduce-client-jobclient/3.3.6/hadoop-mapreduce-client-jobclient-3.3.6.jar:/home/runner/.m2/repository/org/apache/hadoop/hadoop-mapreduce-client-common/3.3.6/hadoop-mapreduce-client-common-3.3.6.jar:/home/runner/.m2/repository/org/apache/hadoop/hadoop-yarn-common/3.3.6/hadoop-yarn-common-3.3.6.jar:/home/runner/.m2/repository/org/apache/hadoop/hadoop-yarn-api/3.3.6/hadoop-yarn-api-3.3.6.jar:/home/runner/.m2/repository/javax/xml/bind/jaxb-api/2.2.11/jaxb-api-2.2.11.jar:/home/runner/.m2/repository/com/sun/jersey/contribs/jersey-guice/1.19.4/jersey-guice-1.19.4.jar:/home/runner/.m2/repository/com/fasterxml/jackson/jaxrs/jackson-jaxrs-json-provider/2.13.4/jackson-jaxrs-json-provider-2.13.4.jar:/home/runner/.m2/repository/com/fasterxml/jackson/jaxrs/jackson-jaxrs-base/2.13.4/jackson-jaxrs-base-2.13.4.jar:/home/runner/.m2/repository/org/apache/hadoop/hadoop-yarn-client/3.3.6/hadoop-yarn-client-3.3.6.jar:/home/runner/.m2/repository/org/eclipse/jetty/websocket/websocket-client/9.4.51.v20230217/websocket-client-9.4.51.v20230217.jar:/home/runner/.m2/repository/org/eclipse/jetty/websocket/websocket-common/9.4.51.v20230217/websocket-common-9.4.51.v20230217.jar:/home/runner/.m2/repository/org/eclipse/jetty/websocket/websocket-api/9.4.51.v20230217/websocket-api-9.4.51.v20230217.jar:/home/runner/.m2/repository/org/jline/jline/3.9.0/jline-3.9.0.jar:/home/runner/.m2/repository/org/apache/hadoop/hadoop-mapreduce-client-core/3.3.6/hadoop-mapreduce-client-core-3.3.6.jar:/home/runner/.m2/repository/org/apache/avro/avro/1.7.7/avro-1.7.7.jar:/home/runner/.m2/repository/com/thoughtworks/paranamer/paranamer/2.3/paranamer-2.3.jar:/home/runner/.m2/repository/org/apache/hadoop/hadoop-annotations/3.3.6/hadoop-annotations-3.3.6.jar:/usr/lib/jvm/temurin-8-jdk-amd64/jre/../lib/tools.jar:/home/runner/.m2/repository/io/netty/netty/3.10.6.Final/netty-3.10.6.Final.jar:/home/runner/.m2/repository/org/apache/hadoop/hadoop-distcp/3.3.6/hadoop-distcp-3.3.6-tests.jar:/home/runner/.m2/repository/org/hamcrest/hamcrest/2.2/hamcrest-2.2.jar:/home/runner/.m2/repository/org/slf4j/jul-to-slf4j/2.0.10/jul-to-slf4j-2.0.10.jar:/home/runner/work/ozone/ozone/hadoop-ozone/integration-test/target/gradle-enterprise/test-listeners.jar:"/>
    <property name="sun.cpu.endian" value="little"/>
    <property name="user.home" value="/home/runner"/>
    <property name="user.language" value="en"/>
    <property name="java.specification.vendor" value="Oracle Corporation"/>
    <property name="java.home" value="/usr/lib/jvm/temurin-8-jdk-amd64/jre"/>
    <property name="java.security.krb5.conf" value="/home/runner/work/ozone/ozone/hadoop-ozone/integration-test/target/test-classes/krb5.conf"/>
    <property name="file.separator" value="/"/>
    <property name="basedir" value="/home/runner/work/ozone/ozone/hadoop-ozone/integration-test"/>
    <property name="line.separator" value="&#10;"/>
    <property name="java.vm.specification.vendor" value="Oracle Corporation"/>
    <property name="java.specification.name" value="Java Platform API Specification"/>
    <property name="skip.installnpx" value="true"/>
    <property name="java.awt.graphicsenv" value="sun.awt.X11GraphicsEnvironment"/>
    <property name="surefire.fork.timeout" value="3600"/>
    <property name="surefire.real.class.path" value="/home/runner/work/ozone/ozone/hadoop-ozone/integration-test/target/surefire/surefirebooter2829332600098209599.jar:/home/runner/.m2/repository/org/jacoco/org.jacoco.agent/0.8.5/org.jacoco.agent-0.8.5-runtime.jar"/>
    <property name="sun.boot.class.path" value="/usr/lib/jvm/temurin-8-jdk-amd64/jre/lib/resources.jar:/usr/lib/jvm/temurin-8-jdk-amd64/jre/lib/rt.jar:/usr/lib/jvm/temurin-8-jdk-amd64/jre/lib/sunrsasign.jar:/usr/lib/jvm/temurin-8-jdk-amd64/jre/lib/jsse.jar:/usr/lib/jvm/temurin-8-jdk-amd64/jre/lib/jce.jar:/usr/lib/jvm/temurin-8-jdk-amd64/jre/lib/charsets.jar:/usr/lib/jvm/temurin-8-jdk-amd64/jre/lib/jfr.jar:/usr/lib/jvm/temurin-8-jdk-amd64/jre/classes"/>
    <property name="hadoop.log.dir" value="/home/runner/work/ozone/ozone/hadoop-ozone/integration-test/target/log"/>
    <property name="sun.management.compiler" value="HotSpot 64-Bit Tiered Compilers"/>
    <property name="java.runtime.version" value="1.8.0_392-b08"/>
    <property name="skip.npx" value="true"/>
    <property name="user.name" value="runner"/>
    <property name="java.net.preferIPv4Stack" value="true"/>
    <property name="path.separator" value=":"/>
    <property name="java.security.egd" value="file:///dev/urandom"/>
    <property name="os.version" value="5.15.0-1053-azure"/>
    <property name="java.endorsed.dirs" value="/usr/lib/jvm/temurin-8-jdk-amd64/jre/lib/endorsed"/>
    <property name="java.runtime.name" value="OpenJDK Runtime Environment"/>
    <property name="com.gradle.maven.scan.extension.test.listener.junitplatform.NestedExecutionSafeDelegatingTestExecutionListener" value="5cbda91d"/>
    <property name="file.encoding" value="UTF-8"/>
    <property name="java.vm.name" value="OpenJDK 64-Bit Server VM"/>
    <property name="test.build.webapps" value=""/>
    <property name="localRepository" value="/home/runner/.m2/repository"/>
    <property name="gradle.enterprise.listener.port" value="44931"/>
    <property name="jetty.git.hash" value="27bde00a0b95a1d5bbee0eae7984f891d2d0f8c9"/>
    <property name="java.vendor.url.bug" value="https://github.com/adoptium/adoptium-support/issues"/>
    <property name="require.test.libhadoop" value=""/>
    <property name="java.io.tmpdir" value="/tmp"/>
    <property name="java.version" value="1.8.0_392"/>
    <property name="surefire.rerunFailingTestsCount" value="5"/>
    <property name="user.dir" value="/home/runner/work/ozone/ozone/hadoop-ozone/integration-test"/>
    <property name="os.arch" value="amd64"/>
    <property name="test.build.classes" value="/home/runner/work/ozone/ozone/hadoop-ozone/integration-test/target/test-classes"/>
    <property name="java.vm.specification.name" value="Java Virtual Machine Specification"/>
    <property name="java.awt.printerjob" value="sun.print.PSPrinterJob"/>
    <property name="sun.os.patch.level" value="unknown"/>
    <property name="org.apache.ratis.thirdparty.io.netty.allocator.useCacheForAllThreads" value="false"/>
    <property name="hadoop.tmp.dir" value="/home/runner/work/ozone/ozone/hadoop-ozone/integration-test/target/tmp"/>
    <property name="java.library.path" value="/usr/java/packages/lib/amd64:/usr/lib64:/lib64:/lib:/usr/lib"/>
    <property name="java.vendor" value="Temurin"/>
    <property name="java.vm.info" value="mixed mode"/>
    <property name="java.vm.version" value="25.392-b08"/>
    <property name="java.specification.maintenance.version" value="5"/>
    <property name="sun.io.unicode.encoding" value="UnicodeLittle"/>
    <property name="java.ext.dirs" value="/usr/lib/jvm/temurin-8-jdk-amd64/jre/lib/ext:/usr/java/packages/lib/ext"/>
    <property name="java.class.version" value="52.0"/>
  </properties>
  <testcase name="testWatchForCommitWithKeyWrite" classname="org.apache.hadoop.ozone.client.rpc.TestWatchForCommit" time="41.608"/>
  <testcase name="testWatchForCommitForRetryfailure" classname="org.apache.hadoop.ozone.client.rpc.TestWatchForCommit" time="45.777">
    <flakyFailure type="java.lang.AssertionError">
      <stackTrace><![CDATA[java.lang.AssertionError: 

Expecting:
 <"org.apache.ratis.protocol.exceptions.RaftRetryFailureException: Failed RaftClientRequest:client-20D74A2DEF99->056f2df6-7490-4bed-a807-334fa85beb73@group-0B0F12EFC87E, cid=46, seq=null, Watch-MAJORITY_COMMITTED(90), null for 3 attempts with RequestTypeDependentRetryPolicy{WRITE->ExceptionDependentRetry(maxAttempts=2147483647; defaultPolicy=MultipleLinearRandomRetry[5x5s, 5x10s, 5x15s, 5x20s, 5x25s, 10x60s]; map={org.apache.ratis.protocol.exceptions.GroupMismatchException->NoRetry, org.apache.ratis.protocol.exceptions.NotReplicatedException->NoRetry, org.apache.ratis.protocol.exceptions.ResourceUnavailableException->org.apache.ratis.retry.ExponentialBackoffRetry@365bdb48, org.apache.ratis.protocol.exceptions.StateMachineException->NoRetry, org.apache.ratis.protocol.exceptions.TimeoutIOException->org.apache.ratis.retry.ExponentialBackoffRetry@365bdb48}), WATCH->ExceptionDependentRetry(maxAttempts=2147483647; defaultPolicy=MultipleLinearRandomRetry[5x5s, 5x10s, 5x15s, 5x20s, 5x25s, 10x60s]; map={org.apache.ratis.protocol.exceptions.GroupMismatchException->NoRetry, org.apache.ratis.protocol.exceptions.NotReplicatedException->NoRetry, org.apache.ratis.protocol.exceptions.ResourceUnavailableException->org.apache.ratis.retry.ExponentialBackoffRetry@365bdb48, org.apache.ratis.protocol.exceptions.StateMachineException->NoRetry, org.apache.ratis.protocol.exceptions.TimeoutIOException->NoRetry})}">
not to contain:
 <"Watch-MAJORITY_COMMITTED">

	at org.apache.hadoop.ozone.client.rpc.TestWatchForCommit.testWatchForCommitForRetryfailure(TestWatchForCommit.java:295)
	at java.lang.reflect.Method.invoke(Method.java:498)
	at java.util.ArrayList.forEach(ArrayList.java:1259)
	at java.util.ArrayList.forEach(ArrayList.java:1259)
]]></stackTrace>
      <system-out><![CDATA[2024-01-26 13:20:06,068 [main] WARN  server.ServerUtils (ServerUtils.java:getScmDbDir(155)) - ozone.scm.db.dirs is not configured. We recommend adding this setting. Falling back to ozone.metadata.dirs instead.
2024-01-26 13:20:06,072 [main] WARN  server.ServerUtils (ServerUtils.java:getScmDbDir(155)) - ozone.scm.db.dirs is not configured. We recommend adding this setting. Falling back to ozone.metadata.dirs instead.
2024-01-26 13:20:06,073 [main] INFO  ha.SCMHANodeDetails (SCMHANodeDetails.java:loadSCMHAConfig(207)) - ServiceID for StorageContainerManager is null
2024-01-26 13:20:06,073 [main] INFO  ha.SCMHANodeDetails (SCMHANodeDetails.java:loadSCMHAConfig(212)) - ozone.scm.default.service.id is not defined, falling back to ozone.scm.service.ids to find serviceID for StorageContainerManager if it is HA enabled cluster
2024-01-26 13:20:06,074 [main] WARN  utils.HAUtils (HAUtils.java:getMetaDir(339)) - ozone.scm.db.dirs is not configured. We recommend adding this setting. Falling back to ozone.metadata.dirs instead.
2024-01-26 13:20:06,074 [main] WARN  db.DBStoreBuilder (DBStoreBuilder.java:applyDBDefinition(170)) - ozone.scm.db.dirs is not configured. We recommend adding this setting. Falling back to ozone.metadata.dirs instead.
2024-01-26 13:20:06,160 [main] INFO  net.NodeSchemaLoader (NodeSchemaLoader.java:loadSchemaFromFile(129)) - Loading schema from [jar:file:/home/runner/.m2/repository/org/apache/ozone/hdds-common/1.5.0-SNAPSHOT/hdds-common-1.5.0-SNAPSHOT.jar!/network-topology-default.xml]
2024-01-26 13:20:06,161 [main] INFO  net.NodeSchemaLoader (NodeSchemaLoader.java:loadSchema(176)) - Loading network topology layer schema file
2024-01-26 13:20:06,163 [main] INFO  upgrade.AbstractLayoutVersionManager (AbstractLayoutVersionManager.java:init(83)) - Initializing Layout version manager with metadata layout = HADOOP_PRC_PORTS_IN_DATANODEDETAILS (version = 7), software layout = HADOOP_PRC_PORTS_IN_DATANODEDETAILS (version = 7)
2024-01-26 13:20:06,165 [main] INFO  ha.SequenceIdGenerator (SequenceIdGenerator.java:upgradeToSequenceId(370)) - upgrade localId to 113750153625600000
2024-01-26 13:20:06,166 [main] INFO  ha.SequenceIdGenerator (SequenceIdGenerator.java:upgradeToSequenceId(380)) - upgrade delTxnId to 0
2024-01-26 13:20:06,167 [main] INFO  ha.SequenceIdGenerator (SequenceIdGenerator.java:upgradeToSequenceId(397)) - upgrade containerId to 0
2024-01-26 13:20:06,168 [main] INFO  ha.SequenceIdGenerator (SequenceIdGenerator.java:upgradeToCertificateSequenceId(444)) - upgrade CertificateId to 2
2024-01-26 13:20:06,168 [main] INFO  ha.SequenceIdGenerator (SequenceIdGenerator.java:<init>(241)) - Init the HA SequenceIdGenerator.
2024-01-26 13:20:06,169 [main] INFO  node.SCMNodeManager (SCMNodeManager.java:<init>(177)) - Entering startup safe mode.
2024-01-26 13:20:06,170 [main] INFO  algorithms.ContainerPlacementPolicyFactory (ContainerPlacementPolicyFactory.java:getPolicyInternal(86)) - Create container placement policy of type org.apache.hadoop.hdds.scm.container.placement.algorithms.SCMContainerPlacementRackAware
2024-01-26 13:20:06,170 [main] INFO  algorithms.ContainerPlacementPolicyFactory (ContainerPlacementPolicyFactory.java:getPolicyInternal(86)) - Create container placement policy of type org.apache.hadoop.hdds.scm.container.placement.algorithms.SCMContainerPlacementRackScatter
2024-01-26 13:20:06,170 [main] INFO  pipeline.PipelineStateManagerImpl (PipelineStateManagerImpl.java:initialize(78)) - No pipeline exists in current db
2024-01-26 13:20:06,170 [main] INFO  algorithms.LeaderChoosePolicyFactory (LeaderChoosePolicyFactory.java:getPolicy(57)) - Create leader choose policy of type org.apache.hadoop.hdds.scm.pipeline.leader.choose.algorithms.MinLeaderCountChoosePolicy
2024-01-26 13:20:06,171 [main] INFO  algorithms.ContainerPlacementPolicyFactory (ContainerPlacementPolicyFactory.java:getPolicyInternal(86)) - Create container placement policy of type org.apache.hadoop.hdds.scm.container.placement.algorithms.SCMContainerPlacementRackScatter
2024-01-26 13:20:06,171 [main] INFO  ha.SCMServiceManager (SCMServiceManager.java:register(42)) - Registering service BackgroundPipelineCreator.
2024-01-26 13:20:06,171 [main] INFO  pipeline.BackgroundPipelineCreator (BackgroundPipelineCreator.java:start(127)) - Starting RatisPipelineUtilsThread.
2024-01-26 13:20:06,171 [main] INFO  BackgroundPipelineScrubber (BackgroundSCMService.java:start(68)) - Starting BackgroundPipelineScrubber Service.
2024-01-26 13:20:06,172 [main] INFO  ha.SCMServiceManager (SCMServiceManager.java:register(42)) - Registering service BackgroundPipelineScrubber.
2024-01-26 13:20:06,172 [main] INFO  ExpiredContainerReplicaOpScrubber (BackgroundSCMService.java:start(68)) - Starting ExpiredContainerReplicaOpScrubber Service.
2024-01-26 13:20:06,172 [main] INFO  ha.SCMServiceManager (SCMServiceManager.java:register(42)) - Registering service ExpiredContainerReplicaOpScrubber.
2024-01-26 13:20:06,173 [main] INFO  algorithms.PipelineChoosePolicyFactory (PipelineChoosePolicyFactory.java:createPipelineChoosePolicyFromClass(80)) - Create pipeline choose policy of type org.apache.hadoop.hdds.scm.pipeline.choose.algorithms.RandomPipelineChoosePolicy
2024-01-26 13:20:06,173 [main] INFO  algorithms.PipelineChoosePolicyFactory (PipelineChoosePolicyFactory.java:createPipelineChoosePolicyFromClass(80)) - Create pipeline choose policy of type org.apache.hadoop.hdds.scm.pipeline.choose.algorithms.RandomPipelineChoosePolicy
2024-01-26 13:20:06,173 [main] INFO  ha.SCMServiceManager (SCMServiceManager.java:register(42)) - Registering service SCMBlockDeletingService.
2024-01-26 13:20:06,174 [main] INFO  replication.ReplicationManager (ReplicationManager.java:start(294)) - Starting Replication Monitor Thread.
2024-01-26 13:20:06,175 [ReplicationMonitor] INFO  replication.ReplicationManager (ReplicationManager.java:processAll(369)) - Replication Manager is not ready to run until 3000ms after safemode exit
2024-01-26 13:20:06,175 [main] INFO  ha.SCMServiceManager (SCMServiceManager.java:register(42)) - Registering service ReplicationManager.
2024-01-26 13:20:06,175 [main] INFO  safemode.ContainerSafeModeRule (ContainerSafeModeRule.java:<init>(91)) - containers with one replica threshold count 0
2024-01-26 13:20:06,175 [main] INFO  safemode.HealthyPipelineSafeModeRule (HealthyPipelineSafeModeRule.java:initializeRule(176)) - Total pipeline count is 0, healthy pipeline threshold count is 1
2024-01-26 13:20:06,176 [main] INFO  safemode.OneReplicaPipelineSafeModeRule (OneReplicaPipelineSafeModeRule.java:initializeRule(193)) - Total pipeline count is 0, pipeline's with at least one datanode reported threshold count is 0
2024-01-26 13:20:06,176 [main] INFO  server.StorageContainerManager (StorageContainerManager.java:<init>(440)) - SCM start with adminUsers: [runner]
2024-01-26 13:20:06,176 [main] INFO  ipc.CallQueueManager (CallQueueManager.java:<init>(90)) - Using callQueue: class java.util.concurrent.LinkedBlockingQueue, queueCapacity: 10000, scheduler: class org.apache.hadoop.ipc.DefaultRpcScheduler, ipcBackoff: false.
2024-01-26 13:20:06,177 [main] INFO  ipc.Server (Server.java:<init>(1287)) - Listener at 0.0.0.0:15091
2024-01-26 13:20:06,177 [Socket Reader #1 for port 15091] INFO  ipc.Server (Server.java:run(1323)) - Starting Socket Reader #1 for port 15091
2024-01-26 13:20:06,181 [main] INFO  ipc.CallQueueManager (CallQueueManager.java:<init>(90)) - Using callQueue: class java.util.concurrent.LinkedBlockingQueue, queueCapacity: 10000, scheduler: class org.apache.hadoop.ipc.DefaultRpcScheduler, ipcBackoff: false.
2024-01-26 13:20:06,181 [main] INFO  ipc.Server (Server.java:<init>(1287)) - Listener at 0.0.0.0:15090
2024-01-26 13:20:06,181 [Socket Reader #1 for port 15090] INFO  ipc.Server (Server.java:run(1323)) - Starting Socket Reader #1 for port 15090
2024-01-26 13:20:06,183 [main] INFO  ipc.CallQueueManager (CallQueueManager.java:<init>(90)) - Using callQueue: class java.util.concurrent.LinkedBlockingQueue, queueCapacity: 10000, scheduler: class org.apache.hadoop.ipc.DefaultRpcScheduler, ipcBackoff: false.
2024-01-26 13:20:06,183 [main] INFO  ipc.Server (Server.java:<init>(1287)) - Listener at 0.0.0.0:15089
2024-01-26 13:20:06,183 [Socket Reader #1 for port 15089] INFO  ipc.Server (Server.java:run(1323)) - Starting Socket Reader #1 for port 15089
2024-01-26 13:20:06,187 [main] INFO  ha.SCMServiceManager (SCMServiceManager.java:register(42)) - Registering service ContainerBalancer.
2024-01-26 13:20:06,187 [main] INFO  server.StorageContainerManager (StorageContainerManager.java:<init>(453)) - 
Container Balancer status:
Key                            Value
Running                        false
Container Balancer Configuration values:
Key                                                Value
Threshold                                          10
Max Datanodes to Involve per Iteration(percent)    20
Max Size to Move per Iteration                     500GB
Max Size Entering Target per Iteration             26GB
Max Size Leaving Source per Iteration              26GB
Number of Iterations                               10
Time Limit for Single Container's Movement         65min
Time Limit for Single Container's Replication      50min
Interval between each Iteration                    70min
Whether to Enable Network Topology                 false
Whether to Trigger Refresh Datanode Usage Info     false
Container IDs to Exclude from Balancing            None
Datanodes Specified to be Balanced                 None
Datanodes Excluded from Balancing                  None

2024-01-26 13:20:06,187 [main] INFO  ha.SCMContext (SCMContext.java:updateSafeModeStatus(230)) - Update SafeModeStatus from SafeModeStatus{safeModeStatus=true, preCheckPassed=false} to SafeModeStatus{safeModeStatus=true, preCheckPassed=false}.
2024-01-26 13:20:06,187 [main] INFO  server.StorageContainerManager (StorageContainerManager.java:start(1546)) - StorageContainerLocationProtocol RPC server is listening at /0.0.0.0:15089
2024-01-26 13:20:06,189 [main] WARN  impl.MetricsConfig (MetricsConfig.java:loadFirst(136)) - Cannot locate configuration: tried hadoop-metrics2-storagecontainermanager.properties,hadoop-metrics2.properties
2024-01-26 13:20:06,190 [main] INFO  impl.MetricsSystemImpl (MetricsSystemImpl.java:startTimer(378)) - Scheduled Metric snapshot period at 10 second(s).
2024-01-26 13:20:06,190 [main] INFO  impl.MetricsSystemImpl (MetricsSystemImpl.java:start(191)) - StorageContainerManager metrics system started
2024-01-26 13:20:06,195 [main] INFO  impl.MetricsSinkAdapter (MetricsSinkAdapter.java:start(204)) - Sink prometheus started
2024-01-26 13:20:06,195 [main] INFO  impl.MetricsSystemImpl (MetricsSystemImpl.java:registerSink(305)) - Registered sink prometheus
2024-01-26 13:20:06,229 [main] INFO  server.SCMClientProtocolServer (SCMClientProtocolServer.java:start(203)) - RPC server for Client  is listening at /0.0.0.0:15089
2024-01-26 13:20:06,230 [IPC Server Responder] INFO  ipc.Server (Server.java:run(1562)) - IPC Server Responder: starting
2024-01-26 13:20:06,239 [IPC Server listener on 15089] INFO  ipc.Server (Server.java:run(1402)) - IPC Server listener on 15089: starting
2024-01-26 13:20:06,267 [main] INFO  server.StorageContainerManager (StorageContainerManager.java:start(1559)) - ScmBlockLocationProtocol RPC server is listening at /0.0.0.0:15090
2024-01-26 13:20:06,267 [main] INFO  server.SCMBlockProtocolServer (SCMBlockProtocolServer.java:start(160)) - RPC server for Block Protocol is listening at /0.0.0.0:15090
2024-01-26 13:20:06,268 [IPC Server Responder] INFO  ipc.Server (Server.java:run(1562)) - IPC Server Responder: starting
2024-01-26 13:20:06,268 [IPC Server listener on 15090] INFO  ipc.Server (Server.java:run(1402)) - IPC Server listener on 15090: starting
2024-01-26 13:20:06,287 [main] INFO  server.SCMDatanodeProtocolServer (SCMDatanodeProtocolServer.java:start(194)) - ScmDatanodeProtocol RPC server for DataNodes is listening at /0.0.0.0:15091
2024-01-26 13:20:06,287 [IPC Server Responder] INFO  ipc.Server (Server.java:run(1562)) - IPC Server Responder: starting
2024-01-26 13:20:06,288 [IPC Server listener on 15091] INFO  ipc.Server (Server.java:run(1402)) - IPC Server listener on 15091: starting
2024-01-26 13:20:06,296 [JvmPauseMonitor11] INFO  util.JvmPauseMonitor (JvmPauseMonitor.java:run(146)) - JvmPauseMonitor-d8f55d2c-4756-42f0-a9ac-f327e6ba165b: Started
2024-01-26 13:20:06,297 [main] INFO  http.BaseHttpServer (BaseHttpServer.java:newHttpServer2BuilderForOzone(223)) - Starting Web-server for scm at: http://0.0.0.0:15092
2024-01-26 13:20:06,297 [main] INFO  http.BaseHttpServer (BaseHttpServer.java:<init>(110)) - Hadoop Security Enabled: false Ozone Security Enabled: false Ozone HTTP Security Enabled: false 
2024-01-26 13:20:06,298 [main] WARN  server.AuthenticationFilter (AuthenticationFilter.java:constructSecretProvider(240)) - Unable to initialize FileSignerSecretProvider, falling back to use random secrets. Reason: Could not read signature secret file: /home/runner/hadoop-http-auth-signature-secret
2024-01-26 13:20:06,299 [main] INFO  http.HttpRequestLog (HttpRequestLog.java:getRequestLog(86)) - Http request log for http.requests.scm is not defined
2024-01-26 13:20:06,300 [main] INFO  http.HttpServer2 (HttpServer2.java:addGlobalFilter(1036)) - Added global filter 'safety' (class=org.apache.hadoop.hdds.server.http.HttpServer2$QuotingInputFilter)
2024-01-26 13:20:06,301 [main] INFO  http.HttpServer2 (HttpServer2.java:addFilter(1012)) - Added filter static_user_filter (class=org.apache.hadoop.http.lib.StaticUserWebFilter$StaticUserFilter) to context scm
2024-01-26 13:20:06,301 [main] INFO  http.HttpServer2 (HttpServer2.java:addFilter(1020)) - Added filter static_user_filter (class=org.apache.hadoop.http.lib.StaticUserWebFilter$StaticUserFilter) to context static
2024-01-26 13:20:06,301 [main] INFO  http.HttpServer2 (HttpServer2.java:addFilter(1020)) - Added filter static_user_filter (class=org.apache.hadoop.http.lib.StaticUserWebFilter$StaticUserFilter) to context logs
2024-01-26 13:20:06,302 [main] INFO  http.BaseHttpServer (BaseHttpServer.java:<init>(189)) - HTTP server of scm uses base directory /home/runner/work/ozone/ozone/hadoop-ozone/integration-test/target/test-dir/MiniOzoneClusterImpl-6bed2868-cd70-4a3d-a9ed-67052a48ddc2/ozone-meta/webserver
2024-01-26 13:20:06,302 [main] INFO  http.HttpServer2 (HttpServer2.java:bindListener(1236)) - Jetty bound to port 15092
2024-01-26 13:20:06,302 [main] INFO  server.Server (Server.java:doStart(375)) - jetty-9.4.53.v20231009; built: 2023-10-09T12:29:09.265Z; git: 27bde00a0b95a1d5bbee0eae7984f891d2d0f8c9; jvm 1.8.0_392-b08
2024-01-26 13:20:06,303 [main] INFO  server.session (DefaultSessionIdManager.java:doStart(334)) - DefaultSessionIdManager workerName=node0
2024-01-26 13:20:06,304 [main] INFO  server.session (DefaultSessionIdManager.java:doStart(339)) - No SessionScavenger set, using defaults
2024-01-26 13:20:06,304 [main] INFO  server.session (HouseKeeper.java:startScavenging(132)) - node0 Scavenging every 660000ms
2024-01-26 13:20:06,305 [main] INFO  handler.ContextHandler (ContextHandler.java:doStart(921)) - Started o.e.j.s.ServletContextHandler@34991ade{logs,/logs,file:///home/runner/work/ozone/ozone/hadoop-ozone/integration-test/target/log,AVAILABLE}
2024-01-26 13:20:06,305 [main] INFO  handler.ContextHandler (ContextHandler.java:doStart(921)) - Started o.e.j.s.ServletContextHandler@400cc92c{static,/static,file:///home/runner/work/ozone/ozone/hadoop-ozone/integration-test/target/test-classes/webapps/static,AVAILABLE}
2024-01-26 13:20:06,312 [main] INFO  handler.ContextHandler (ContextHandler.java:doStart(921)) - Started o.e.j.w.WebAppContext@6f208045{scm,/,file:///home/runner/work/ozone/ozone/hadoop-ozone/integration-test/target/test-classes/webapps/scm/,AVAILABLE}{file:/home/runner/work/ozone/ozone/hadoop-ozone/integration-test/target/test-classes/webapps/scm}
2024-01-26 13:20:06,313 [main] INFO  server.AbstractConnector (AbstractConnector.java:doStart(333)) - Started ServerConnector@374dc136{HTTP/1.1, (http/1.1)}{0.0.0.0:15092}
2024-01-26 13:20:06,313 [main] INFO  server.Server (Server.java:doStart(415)) - Started @42776ms
2024-01-26 13:20:06,313 [main] WARN  impl.MetricsSystemImpl (MetricsSystemImpl.java:register(279)) - Sink prometheus already exists!
2024-01-26 13:20:06,314 [main] INFO  http.BaseHttpServer (BaseHttpServer.java:updateConnectorAddress(354)) - HTTP server of scm listening at http://0.0.0.0:15092
2024-01-26 13:20:06,314 [main] WARN  server.ServerUtils (ServerUtils.java:getDBPath(311)) - ozone.om.db.dirs is not configured. We recommend adding this setting. Falling back to ozone.metadata.dirs instead.
2024-01-26 13:20:06,315 [main] INFO  ha.OMHANodeDetails (OMHANodeDetails.java:loadOMHAConfig(115)) - ozone.om.internal.service.id is not defined, falling back to ozone.om.service.ids to find serviceID for OzoneManager if it is HA enabled cluster
2024-01-26 13:20:06,316 [main] INFO  ha.OMHANodeDetails (OMHANodeDetails.java:loadOMHAConfig(226)) - Configuration does not have ozone.om.address set. Falling back to the default OM address /127.0.0.1:15093
2024-01-26 13:20:06,316 [main] INFO  ha.OMHANodeDetails (OMHANodeDetails.java:getOMNodeDetailsForNonHA(254)) - OM Service ID is not set. Setting it to the default ID: omServiceIdDefault
2024-01-26 13:20:06,316 [main] INFO  ha.OMHANodeDetails (OMHANodeDetails.java:getOMNodeDetailsForNonHA(261)) - OM Node ID is not set. Setting it to the default ID: om1
2024-01-26 13:20:06,316 [main] WARN  server.ServerUtils (ServerUtils.java:getDBPath(311)) - ozone.om.db.dirs is not configured. We recommend adding this setting. Falling back to ozone.metadata.dirs instead.
2024-01-26 13:20:06,319 [main] INFO  upgrade.AbstractLayoutVersionManager (AbstractLayoutVersionManager.java:init(83)) - Initializing Layout version manager with metadata layout = QUOTA (version = 6), software layout = QUOTA (version = 6)
2024-01-26 13:20:06,363 [main] INFO  upgrade.OMLayoutVersionManager (OMLayoutVersionManager.java:lambda$0(113)) - Skipping Upgrade Action QuotaRepairUpgradeAction since it has been finalized.
2024-01-26 13:20:06,363 [main] INFO  upgrade.OMLayoutVersionManager (OMLayoutVersionManager.java:lambda$0(113)) - Skipping Upgrade Action MockOmUpgradeAction since it has been finalized.
2024-01-26 13:20:06,364 [main] WARN  server.ServerUtils (ServerUtils.java:getDBPath(311)) - ozone.om.db.dirs is not configured. We recommend adding this setting. Falling back to ozone.metadata.dirs instead.
2024-01-26 13:20:06,364 [main] INFO  proxy.SCMBlockLocationFailoverProxyProvider (SCMBlockLocationFailoverProxyProvider.java:<init>(115)) - Created block location fail-over proxy with 1 nodes: [nodeId=scmNodeId,nodeAddress=/0.0.0.0:15090]
2024-01-26 13:20:06,366 [main] INFO  proxy.SCMBlockLocationFailoverProxyProvider (SCMBlockLocationFailoverProxyProvider.java:<init>(115)) - Created block location fail-over proxy with 1 nodes: [nodeId=scmNodeId,nodeAddress=/0.0.0.0:15090]
2024-01-26 13:20:06,375 [main] INFO  om.OzoneManager (OzoneManager.java:<init>(673)) - OM start with adminUsers: [runner]
2024-01-26 13:20:06,376 [main] WARN  server.ServerUtils (ServerUtils.java:getDBPath(311)) - ozone.om.db.dirs is not configured. We recommend adding this setting. Falling back to ozone.metadata.dirs instead.
2024-01-26 13:20:06,376 [main] INFO  helpers.OmKeyInfo (OmKeyInfo.java:getCodec(71)) - OmKeyInfo.getCodec ignorePipeline = true
2024-01-26 13:20:06,528 [main] INFO  om.OzoneManager (OzoneManager.java:instantiateServices(805)) - S3 Multi-Tenancy is disabled
2024-01-26 13:20:06,528 [main] INFO  om.OmSnapshotManager (OmSnapshotManager.java:<init>(176)) - Ozone filesystem snapshot feature is enabled.
2024-01-26 13:20:06,529 [main] WARN  server.ServerUtils (ServerUtils.java:getDBPath(311)) - ozone.om.snapshot.diff.db.dir is not configured. We recommend adding this setting. Falling back to ozone.metadata.dirs instead.
2024-01-26 13:20:06,556 [main] INFO  utils.NativeLibraryLoader (NativeLibraryLoader.java:loadLibrary(108)) - Loading Library: ozone_rocksdb_tools
2024-01-26 13:20:06,557 [main] INFO  snapshot.SnapshotDiffManager (SnapshotDiffManager.java:closeExecutorService(1688)) - Shutting down executorService: 'SstDumpToolExecutor'
2024-01-26 13:20:06,559 [main] INFO  om.OzoneManager (OzoneManager.java:addS3GVolumeToDB(4429)) - Created Volume s3v With Owner runner required for S3Gateway operations.
2024-01-26 13:20:06,559 [main] WARN  server.ServerUtils (ServerUtils.java:getDefaultRatisDirectory(323)) - Storage directory for Ratis is not configured. It is a good idea to map this to an SSD disk. Falling back to ozone.metadata.dirs
2024-01-26 13:20:06,559 [main] WARN  utils.OzoneManagerRatisUtils (OzoneManagerRatisUtils.java:getOMRatisSnapshotDirectory(473)) - ozone.om.ratis.snapshot.dir is not configured. Falling back to ozone.metadata.dirs config
2024-01-26 13:20:06,560 [main] WARN  server.ServerUtils (ServerUtils.java:getDefaultRatisDirectory(323)) - Storage directory for Ratis is not configured. It is a good idea to map this to an SSD disk. Falling back to ozone.metadata.dirs
2024-01-26 13:20:06,561 [main] INFO  ratis.OzoneManagerRatisServer (OzoneManagerRatisServer.java:<init>(167)) - Instantiating OM Ratis server with groupID: omServiceIdDefault and peers: localhost:15096
2024-01-26 13:20:06,561 [main] INFO  ratis.OzoneManagerStateMachine (OzoneManagerStateMachine.java:loadSnapshotInfoFromDB(576)) - TransactionInfo not found in OM DB.
2024-01-26 13:20:06,562 [main] INFO  server.RaftServer (ConfUtils.java:logGet(46)) - raft.rpc.type = GRPC (default)
2024-01-26 13:20:06,562 [main] INFO  grpc.GrpcConfigKeys (ConfUtils.java:logFallback(53)) - raft.grpc.admin.host = null (fallback to raft.grpc.server.host)
2024-01-26 13:20:06,562 [main] INFO  grpc.GrpcConfigKeys (ConfUtils.java:logFallback(53)) - raft.grpc.admin.port = 15096 (fallback to raft.grpc.server.port)
2024-01-26 13:20:06,562 [main] INFO  grpc.GrpcConfigKeys (ConfUtils.java:logFallback(53)) - raft.grpc.client.host = null (fallback to raft.grpc.server.host)
2024-01-26 13:20:06,562 [main] INFO  grpc.GrpcConfigKeys (ConfUtils.java:logFallback(53)) - raft.grpc.client.port = 15096 (fallback to raft.grpc.server.port)
2024-01-26 13:20:06,563 [main] INFO  grpc.GrpcConfigKeys (ConfUtils.java:logGet(46)) - raft.grpc.server.host = null (default)
2024-01-26 13:20:06,563 [main] INFO  grpc.GrpcConfigKeys (ConfUtils.java:logGet(46)) - raft.grpc.server.port = 15096 (custom)
2024-01-26 13:20:06,563 [main] INFO  server.GrpcService (ConfUtils.java:logGet(46)) - raft.grpc.message.size.max = 4194304 (custom)
2024-01-26 13:20:06,563 [main] INFO  server.RaftServerConfigKeys (ConfUtils.java:logGet(46)) - raft.server.log.appender.buffer.byte-limit = 4194304 (custom)
2024-01-26 13:20:06,563 [main] INFO  server.GrpcService (ConfUtils.java:logGet(46)) - raft.grpc.flow.control.window = 1MB (=1048576) (default)
2024-01-26 13:20:06,563 [main] INFO  server.RaftServerConfigKeys (ConfUtils.java:logGet(46)) - raft.server.rpc.request.timeout = 3000ms (default)
2024-01-26 13:20:06,563 [main] INFO  grpc.GrpcConfigKeys (ConfUtils.java:logGet(46)) - raft.grpc.server.heartbeat.channel = true (default)
2024-01-26 13:20:06,564 [main] INFO  grpc.GrpcConfigKeys (ConfUtils.java:logGet(46)) - raft.grpc.server.async.request.thread.pool.cached = true (default)
2024-01-26 13:20:06,564 [main] INFO  grpc.GrpcConfigKeys (ConfUtils.java:logGet(46)) - raft.grpc.server.async.request.thread.pool.size = 32 (default)
2024-01-26 13:20:06,565 [main] INFO  impl.DataStreamServerImpl (ConfUtils.java:logGet(46)) - raft.datastream.type = DISABLED (default)
2024-01-26 13:20:06,565 [main] INFO  server.RaftServerConfigKeys (ConfUtils.java:logGet(46)) - raft.server.sleep.deviation.threshold = 300ms (default)
2024-01-26 13:20:06,565 [main] INFO  server.RaftServerConfigKeys (ConfUtils.java:logGet(46)) - raft.server.close.threshold = 60s (default)
2024-01-26 13:20:06,565 [main] INFO  server.RaftServerConfigKeys (ConfUtils.java:logGet(46)) - raft.server.leaderelection.leader.step-down.wait-time = 10s (default)
2024-01-26 13:20:06,565 [main] INFO  server.RaftServerConfigKeys (ConfUtils.java:logGet(46)) - raft.server.storage.dir = [/home/runner/work/ozone/ozone/hadoop-ozone/integration-test/target/test-dir/MiniOzoneClusterImpl-6bed2868-cd70-4a3d-a9ed-67052a48ddc2/ozone-meta/ratis] (custom)
2024-01-26 13:20:06,566 [main] INFO  server.RaftServerConfigKeys (ConfUtils.java:logGet(46)) - raft.server.threadpool.proxy.cached = true (default)
2024-01-26 13:20:06,566 [main] INFO  server.RaftServerConfigKeys (ConfUtils.java:logGet(46)) - raft.server.threadpool.proxy.size = 0 (default)
2024-01-26 13:20:06,566 [main] INFO  server.RaftServer (RaftServerProxy.java:addNew(100)) - om1: addNew group-C5BA1605619E:[om1|localhost:15096] returns group-C5BA1605619E:java.util.concurrent.CompletableFuture@3f3ecfd4[Not completed]
2024-01-26 13:20:06,566 [om1-groupManagement] INFO  server.RaftServer$Division (RaftServerImpl.java:<init>(256)) - om1: new RaftServerImpl for group-C5BA1605619E:[om1|localhost:15096] with OzoneManagerStateMachine:uninitialized
2024-01-26 13:20:06,566 [main] INFO  om.OzoneManager (OzoneManager.java:initializeRatisServer(2141)) - OzoneManager Ratis server initialized at port 15096
2024-01-26 13:20:06,566 [om1-groupManagement] INFO  server.RaftServerConfigKeys (ConfUtils.java:logGet(46)) - raft.server.rpc.timeout.min = 1s (custom)
2024-01-26 13:20:06,567 [main] INFO  om.OzoneManager (OzoneManager.java:getRpcServer(1207)) - Creating RPC Server
2024-01-26 13:20:06,567 [om1-groupManagement] INFO  server.RaftServerConfigKeys (ConfUtils.java:logGet(46)) - raft.server.rpc.timeout.max = 1200ms (custom)
2024-01-26 13:20:06,567 [om1-groupManagement] INFO  server.RaftServerConfigKeys (ConfUtils.java:logGet(46)) - raft.server.rpc.sleep.time = 25ms (default)
2024-01-26 13:20:06,567 [om1-groupManagement] INFO  server.RaftServerConfigKeys (ConfUtils.java:logGet(46)) - raft.server.rpc.slowness.timeout = 120s (custom)
2024-01-26 13:20:06,567 [om1-groupManagement] INFO  server.RaftServerConfigKeys (ConfUtils.java:logGet(46)) - raft.server.leaderelection.leader.step-down.wait-time = 10s (default)
2024-01-26 13:20:06,567 [om1-groupManagement] INFO  server.RaftServerConfigKeys (ConfUtils.java:logGet(46)) - raft.server.leaderelection.member.majority-add = false (default)
2024-01-26 13:20:06,567 [om1-groupManagement] INFO  server.RaftServerConfigKeys (ConfUtils.java:logGet(46)) - raft.server.sleep.deviation.threshold = 300ms (default)
2024-01-26 13:20:06,567 [om1-groupManagement] INFO  server.RaftServer$Division (ServerState.java:<init>(113)) - om1@group-C5BA1605619E: ConfigurationManager, init=-1: peers:[om1|localhost:15096]|listeners:[], old=null, confs=<EMPTY_MAP>
2024-01-26 13:20:06,567 [om1-groupManagement] INFO  server.RaftServerConfigKeys (ConfUtils.java:logGet(46)) - raft.server.notification.no-leader.timeout = 120s (custom)
2024-01-26 13:20:06,567 [om1-groupManagement] INFO  server.RaftServerConfigKeys (ConfUtils.java:logGet(46)) - raft.server.read.timeout = 10s (default)
2024-01-26 13:20:06,568 [om1-groupManagement] INFO  server.RaftServerConfigKeys (ConfUtils.java:logGet(46)) - raft.server.retrycache.expirytime = 300s (custom)
2024-01-26 13:20:06,568 [om1-groupManagement] INFO  server.RaftServerConfigKeys (ConfUtils.java:logGet(46)) - raft.server.retrycache.statistics.expirytime = 100ms (default)
2024-01-26 13:20:06,568 [om1-groupManagement] INFO  server.RaftServerConfigKeys (ConfUtils.java:logGet(46)) - raft.server.read.option = DEFAULT (default)
2024-01-26 13:20:06,568 [om1-groupManagement] INFO  server.RaftServerConfigKeys (ConfUtils.java:logGet(46)) - raft.server.read.read-after-write-consistent.write-index-cache.expiry-time = 60s (default)
2024-01-26 13:20:06,569 [om1-groupManagement] INFO  server.RaftServerConfigKeys (ConfUtils.java:logGet(46)) - raft.server.rpc.request.timeout = 3000ms (default)
2024-01-26 13:20:06,569 [om1-groupManagement] INFO  server.RaftServerConfigKeys (ConfUtils.java:logGet(46)) - raft.server.log.appender.install.snapshot.enabled = false (custom)
2024-01-26 13:20:06,569 [om1-groupManagement] INFO  server.RaftServerConfigKeys (ConfUtils.java:logGet(46)) - raft.server.threadpool.server.cached = true (default)
2024-01-26 13:20:06,569 [om1-groupManagement] INFO  server.RaftServerConfigKeys (ConfUtils.java:logGet(46)) - raft.server.threadpool.server.size = 0 (default)
2024-01-26 13:20:06,569 [om1-groupManagement] INFO  server.RaftServerConfigKeys (ConfUtils.java:logGet(46)) - raft.server.threadpool.client.cached = true (default)
2024-01-26 13:20:06,569 [om1-groupManagement] INFO  server.RaftServerConfigKeys (ConfUtils.java:logGet(46)) - raft.server.threadpool.client.size = 0 (default)
2024-01-26 13:20:06,763 [main] INFO  ipc.CallQueueManager (CallQueueManager.java:<init>(90)) - Using callQueue: class java.util.concurrent.LinkedBlockingQueue, queueCapacity: 2000, scheduler: class org.apache.hadoop.ipc.DefaultRpcScheduler, ipcBackoff: false.
2024-01-26 13:20:06,764 [main] INFO  ipc.Server (Server.java:<init>(1287)) - Listener at 127.0.0.1:15093
2024-01-26 13:20:06,764 [Socket Reader #1 for port 15093] INFO  ipc.Server (Server.java:run(1323)) - Starting Socket Reader #1 for port 15093
2024-01-26 13:20:06,778 [main] INFO  impl.MetricsSystemImpl (MetricsSystemImpl.java:init(158)) - OzoneManager metrics system started (again)
2024-01-26 13:20:06,786 [main] INFO  om.OzoneManager (OzoneManager.java:start(1629)) - OzoneManager RPC server is listening at localhost/127.0.0.1:15093
2024-01-26 13:20:06,787 [main] INFO  ratis.OzoneManagerRatisServer (OzoneManagerRatisServer.java:start(588)) - Starting OzoneManagerRatisServer om1 at port 15096
2024-01-26 13:20:06,787 [om1-impl-thread1] INFO  server.RaftServerConfigKeys (ConfUtils.java:logGet(46)) - raft.server.storage.free-space.min = 0MB (=0) (default)
2024-01-26 13:20:06,787 [om1-impl-thread1] INFO  server.RaftServerConfigKeys (ConfUtils.java:logGet(46)) - raft.server.log.corruption.policy = EXCEPTION (default)
2024-01-26 13:20:06,787 [om1-impl-thread1] INFO  server.RaftServerConfigKeys (ConfUtils.java:logGet(46)) - raft.server.storage.dir = [/home/runner/work/ozone/ozone/hadoop-ozone/integration-test/target/test-dir/MiniOzoneClusterImpl-6bed2868-cd70-4a3d-a9ed-67052a48ddc2/ozone-meta/ratis] (custom)
2024-01-26 13:20:06,787 [om1-impl-thread1] INFO  storage.RaftStorageDirectory (RaftStorageDirectoryImpl.java:analyzeStorage(138)) - The storage directory /home/runner/work/ozone/ozone/hadoop-ozone/integration-test/target/test-dir/MiniOzoneClusterImpl-6bed2868-cd70-4a3d-a9ed-67052a48ddc2/ozone-meta/ratis/bf265839-605b-3f16-9796-c5ba1605619e does not exist. Creating ...
2024-01-26 13:20:06,788 [om1-impl-thread1] INFO  storage.RaftStorageDirectory (RaftStorageDirectoryImpl.java:tryLock(228)) - Lock on /home/runner/work/ozone/ozone/hadoop-ozone/integration-test/target/test-dir/MiniOzoneClusterImpl-6bed2868-cd70-4a3d-a9ed-67052a48ddc2/ozone-meta/ratis/bf265839-605b-3f16-9796-c5ba1605619e/in_use.lock acquired by nodename 73218@fv-az983-443
2024-01-26 13:20:06,789 [om1-impl-thread1] INFO  storage.RaftStorage (RaftStorageImpl.java:format(99)) - Storage directory /home/runner/work/ozone/ozone/hadoop-ozone/integration-test/target/test-dir/MiniOzoneClusterImpl-6bed2868-cd70-4a3d-a9ed-67052a48ddc2/ozone-meta/ratis/bf265839-605b-3f16-9796-c5ba1605619e has been successfully formatted.
2024-01-26 13:20:06,790 [om1-impl-thread1] WARN  util.FileUtils (LogUtils.java:supplyAndLog(63)) - Failed to Files.newInputStream /home/runner/work/ozone/ozone/hadoop-ozone/integration-test/target/test-dir/MiniOzoneClusterImpl-6bed2868-cd70-4a3d-a9ed-67052a48ddc2/ozone-meta/ratis/bf265839-605b-3f16-9796-c5ba1605619e/current/raft-meta.conf with options []: java.nio.file.NoSuchFileException: /home/runner/work/ozone/ozone/hadoop-ozone/integration-test/target/test-dir/MiniOzoneClusterImpl-6bed2868-cd70-4a3d-a9ed-67052a48ddc2/ozone-meta/ratis/bf265839-605b-3f16-9796-c5ba1605619e/current/raft-meta.conf
2024-01-26 13:20:06,790 [om1-impl-thread1] INFO  server.RaftServerConfigKeys (ConfUtils.java:logGet(46)) - raft.server.log.use.memory = false (default)
2024-01-26 13:20:06,790 [om1-impl-thread1] INFO  server.RaftServerConfigKeys (ConfUtils.java:logGet(46)) - raft.server.log.purge.gap = 1000000 (custom)
2024-01-26 13:20:06,790 [om1-impl-thread1] INFO  server.RaftServerConfigKeys (ConfUtils.java:logGet(46)) - raft.server.log.appender.buffer.byte-limit = 4194304 (custom)
2024-01-26 13:20:06,790 [om1-impl-thread1] INFO  server.RaftServerConfigKeys (ConfUtils.java:logGet(46)) - raft.server.log.statemachine.data.read.timeout = 1000ms (default)
2024-01-26 13:20:06,790 [om1-impl-thread1] INFO  server.RaftServerConfigKeys (ConfUtils.java:logGet(46)) - raft.server.log.purge.preservation.log.num = 0 (default)
2024-01-26 13:20:06,790 [om1-impl-thread1] INFO  server.RaftServerConfigKeys (ConfUtils.java:logGet(46)) - raft.server.log.segment.size.max = 4194304 (custom)
2024-01-26 13:20:06,790 [om1-impl-thread1] INFO  server.RaftServerConfigKeys (ConfUtils.java:logGet(46)) - raft.server.log.segment.cache.num.max = 2 (custom)
2024-01-26 13:20:06,790 [om1-impl-thread1] INFO  server.RaftServerConfigKeys (ConfUtils.java:logGet(46)) - raft.server.log.segment.cache.size.max = 200MB (=209715200) (default)
2024-01-26 13:20:06,791 [om1-impl-thread1] INFO  server.RaftServerConfigKeys (ConfUtils.java:logGet(46)) - raft.server.log.appender.buffer.byte-limit = 4194304 (custom)
2024-01-26 13:20:06,791 [om1-impl-thread1] INFO  util.AwaitToRun (AwaitToRun.java:start(81)) - Thread[om1@group-C5BA1605619E-cacheEviction-AwaitToRun,5,main] started
2024-01-26 13:20:06,791 [om1-impl-thread1] INFO  segmented.SegmentedRaftLogWorker (SegmentedRaftLogWorker.java:<init>(182)) - new om1@group-C5BA1605619E-SegmentedRaftLogWorker for RaftStorageImpl:Storage Directory /home/runner/work/ozone/ozone/hadoop-ozone/integration-test/target/test-dir/MiniOzoneClusterImpl-6bed2868-cd70-4a3d-a9ed-67052a48ddc2/ozone-meta/ratis/bf265839-605b-3f16-9796-c5ba1605619e
2024-01-26 13:20:06,791 [om1-impl-thread1] INFO  server.RaftServerConfigKeys (ConfUtils.java:logGet(46)) - raft.server.log.queue.byte-limit = 64MB (=67108864) (default)
2024-01-26 13:20:06,791 [om1-impl-thread1] INFO  server.RaftServerConfigKeys (ConfUtils.java:logGet(46)) - raft.server.log.queue.element-limit = 4096 (default)
2024-01-26 13:20:06,791 [om1-impl-thread1] INFO  server.RaftServerConfigKeys (ConfUtils.java:logGet(46)) - raft.server.log.segment.size.max = 4194304 (custom)
2024-01-26 13:20:06,791 [om1-impl-thread1] INFO  server.RaftServerConfigKeys (ConfUtils.java:logGet(46)) - raft.server.log.preallocated.size = 4194304 (custom)
2024-01-26 13:20:06,791 [om1-impl-thread1] INFO  server.RaftServerConfigKeys (ConfUtils.java:logGet(46)) - raft.server.log.force.sync.num = 128 (default)
2024-01-26 13:20:06,791 [om1-impl-thread1] INFO  server.RaftServerConfigKeys (ConfUtils.java:logGet(46)) - raft.server.log.statemachine.data.sync = true (default)
2024-01-26 13:20:06,791 [om1-impl-thread1] INFO  server.RaftServerConfigKeys (ConfUtils.java:logGet(46)) - raft.server.log.statemachine.data.sync.timeout = 10s (default)
2024-01-26 13:20:06,791 [om1-impl-thread1] INFO  server.RaftServerConfigKeys (ConfUtils.java:logGet(46)) - raft.server.log.statemachine.data.sync.timeout.retry = -1 (default)
2024-01-26 13:20:06,792 [om1-impl-thread1] INFO  server.RaftServerConfigKeys (ConfUtils.java:logGet(46)) - raft.server.log.write.buffer.size = 4194312 (custom)
2024-01-26 13:20:06,793 [om1-impl-thread1] INFO  server.RaftServerConfigKeys (ConfUtils.java:logGet(46)) - raft.server.log.appender.buffer.byte-limit = 4194304 (custom)
2024-01-26 13:20:06,793 [om1-impl-thread1] INFO  server.RaftServerConfigKeys (ConfUtils.java:logGet(46)) - raft.server.log.unsafe-flush.enabled = false (default)
2024-01-26 13:20:06,793 [om1-impl-thread1] INFO  server.RaftServerConfigKeys (ConfUtils.java:logGet(46)) - raft.server.log.async-flush.enabled = false (default)
2024-01-26 13:20:06,793 [om1-impl-thread1] INFO  server.RaftServerConfigKeys (ConfUtils.java:logGet(46)) - raft.server.log.statemachine.data.caching.enabled = false (default)
2024-01-26 13:20:06,793 [om1-impl-thread1] INFO  segmented.SegmentedRaftLogWorker (SegmentedRaftLogWorker.java:lambda$new$0(134)) - om1@group-C5BA1605619E-SegmentedRaftLogWorker: flushIndex: setUnconditionally 0 -> -1
2024-01-26 13:20:06,793 [om1-impl-thread1] INFO  segmented.SegmentedRaftLogWorker (SegmentedRaftLogWorker.java:lambda$new$0(134)) - om1@group-C5BA1605619E-SegmentedRaftLogWorker: safeCacheEvictIndex: setUnconditionally 0 -> -1
2024-01-26 13:20:06,794 [om1-impl-thread1] INFO  server.RaftServer$Division (RaftServerImpl.java:start(396)) - om1@group-C5BA1605619E: start as a follower, conf=-1: peers:[om1|localhost:15096]|listeners:[], old=null
2024-01-26 13:20:06,794 [om1-impl-thread1] INFO  server.RaftServer$Division (RaftServerImpl.java:setRole(383)) - om1@group-C5BA1605619E: changes role from      null to FOLLOWER at term 0 for startAsFollower
2024-01-26 13:20:06,794 [om1-impl-thread1] INFO  impl.RoleInfo (RoleInfo.java:updateAndGet(139)) - om1: start om1@group-C5BA1605619E-FollowerState
2024-01-26 13:20:06,794 [om1@group-C5BA1605619E-FollowerState] INFO  server.RaftServerConfigKeys (ConfUtils.java:logFallback(53)) - raft.server.rpc.first-election.timeout.min = 1s (fallback to raft.server.rpc.timeout.min)
2024-01-26 13:20:06,795 [om1-impl-thread1] INFO  util.JmxRegister (JmxRegister.java:tryRegister(44)) - Successfully registered JMX Bean with object name Ratis:service=RaftServer,group=group-C5BA1605619E,id=om1
2024-01-26 13:20:06,795 [om1@group-C5BA1605619E-FollowerState] INFO  server.RaftServerConfigKeys (ConfUtils.java:logFallback(53)) - raft.server.rpc.first-election.timeout.max = 1200ms (fallback to raft.server.rpc.timeout.max)
2024-01-26 13:20:06,795 [om1-impl-thread1] INFO  server.RaftServerConfigKeys (ConfUtils.java:logGet(46)) - raft.server.snapshot.trigger-when-stop.enabled = true (default)
2024-01-26 13:20:06,796 [om1-impl-thread1] INFO  server.RaftServerConfigKeys (ConfUtils.java:logGet(46)) - raft.server.snapshot.auto.trigger.enabled = true (custom)
2024-01-26 13:20:06,796 [om1-impl-thread1] INFO  server.RaftServerConfigKeys (ConfUtils.java:logGet(46)) - raft.server.snapshot.auto.trigger.threshold = 400000 (default)
2024-01-26 13:20:06,796 [om1-impl-thread1] INFO  server.RaftServerConfigKeys (ConfUtils.java:logGet(46)) - raft.server.snapshot.retention.file.num = -1 (default)
2024-01-26 13:20:06,796 [om1-impl-thread1] INFO  server.RaftServerConfigKeys (ConfUtils.java:logGet(46)) - raft.server.log.purge.upto.snapshot.index = true (custom)
2024-01-26 13:20:06,796 [main] INFO  server.RaftServer (RaftServerProxy.java:startImpl(406)) - om1: start RPC server
2024-01-26 13:20:06,797 [main] INFO  server.GrpcService (GrpcService.java:startImpl(302)) - om1: GrpcService started, listening on 15096
2024-01-26 13:20:06,797 [JvmPauseMonitor12] INFO  util.JvmPauseMonitor (JvmPauseMonitor.java:run(146)) - JvmPauseMonitor-om1: Started
2024-01-26 13:20:06,798 [main] INFO  om.OzoneManager (OzoneManager.java:start(1645)) - Version File has different layout version (6) than OM DB (null). That is expected if this OM has never been finalized to a newer layout version.
2024-01-26 13:20:06,800 [main] INFO  http.BaseHttpServer (BaseHttpServer.java:newHttpServer2BuilderForOzone(223)) - Starting Web-server for ozoneManager at: http://0.0.0.0:15094
2024-01-26 13:20:06,801 [main] INFO  http.BaseHttpServer (BaseHttpServer.java:<init>(110)) - Hadoop Security Enabled: false Ozone Security Enabled: false Ozone HTTP Security Enabled: false 
2024-01-26 13:20:06,802 [main] WARN  server.AuthenticationFilter (AuthenticationFilter.java:constructSecretProvider(240)) - Unable to initialize FileSignerSecretProvider, falling back to use random secrets. Reason: Could not read signature secret file: /home/runner/hadoop-http-auth-signature-secret
2024-01-26 13:20:06,802 [main] INFO  http.HttpRequestLog (HttpRequestLog.java:getRequestLog(86)) - Http request log for http.requests.ozoneManager is not defined
2024-01-26 13:20:06,804 [main] INFO  http.HttpServer2 (HttpServer2.java:addGlobalFilter(1036)) - Added global filter 'safety' (class=org.apache.hadoop.hdds.server.http.HttpServer2$QuotingInputFilter)
2024-01-26 13:20:06,804 [main] INFO  http.HttpServer2 (HttpServer2.java:addFilter(1012)) - Added filter static_user_filter (class=org.apache.hadoop.http.lib.StaticUserWebFilter$StaticUserFilter) to context ozoneManager
2024-01-26 13:20:06,805 [main] INFO  http.HttpServer2 (HttpServer2.java:addFilter(1020)) - Added filter static_user_filter (class=org.apache.hadoop.http.lib.StaticUserWebFilter$StaticUserFilter) to context logs
2024-01-26 13:20:06,805 [main] INFO  http.HttpServer2 (HttpServer2.java:addFilter(1020)) - Added filter static_user_filter (class=org.apache.hadoop.http.lib.StaticUserWebFilter$StaticUserFilter) to context static
2024-01-26 13:20:06,805 [main] INFO  http.BaseHttpServer (BaseHttpServer.java:<init>(189)) - HTTP server of ozoneManager uses base directory /home/runner/work/ozone/ozone/hadoop-ozone/integration-test/target/test-dir/MiniOzoneClusterImpl-6bed2868-cd70-4a3d-a9ed-67052a48ddc2/ozone-meta/webserver
2024-01-26 13:20:06,806 [main] INFO  http.HttpServer2 (HttpServer2.java:bindListener(1236)) - Jetty bound to port 15094
2024-01-26 13:20:06,806 [main] INFO  server.Server (Server.java:doStart(375)) - jetty-9.4.53.v20231009; built: 2023-10-09T12:29:09.265Z; git: 27bde00a0b95a1d5bbee0eae7984f891d2d0f8c9; jvm 1.8.0_392-b08
2024-01-26 13:20:06,807 [main] INFO  server.session (DefaultSessionIdManager.java:doStart(334)) - DefaultSessionIdManager workerName=node0
2024-01-26 13:20:06,807 [main] INFO  server.session (DefaultSessionIdManager.java:doStart(339)) - No SessionScavenger set, using defaults
2024-01-26 13:20:06,807 [main] INFO  server.session (HouseKeeper.java:startScavenging(132)) - node0 Scavenging every 600000ms
2024-01-26 13:20:06,807 [main] INFO  handler.ContextHandler (ContextHandler.java:doStart(921)) - Started o.e.j.s.ServletContextHandler@e2d03a8{logs,/logs,file:///home/runner/work/ozone/ozone/hadoop-ozone/integration-test/target/log,AVAILABLE}
2024-01-26 13:20:06,808 [main] INFO  handler.ContextHandler (ContextHandler.java:doStart(921)) - Started o.e.j.s.ServletContextHandler@4cf6bf0{static,/static,file:///home/runner/work/ozone/ozone/hadoop-ozone/integration-test/target/test-classes/webapps/static,AVAILABLE}
2024-01-26 13:20:06,811 [main] INFO  handler.ContextHandler (ContextHandler.java:doStart(921)) - Started o.e.j.w.WebAppContext@10679da{ozoneManager,/,file:///home/runner/work/ozone/ozone/hadoop-ozone/integration-test/target/test-classes/webapps/ozoneManager/,AVAILABLE}{file:/home/runner/work/ozone/ozone/hadoop-ozone/integration-test/target/test-classes/webapps/ozoneManager}
2024-01-26 13:20:06,812 [main] INFO  server.AbstractConnector (AbstractConnector.java:doStart(333)) - Started ServerConnector@68cb485e{HTTP/1.1, (http/1.1)}{0.0.0.0:15094}
2024-01-26 13:20:06,812 [main] INFO  server.Server (Server.java:doStart(415)) - Started @43275ms
2024-01-26 13:20:06,812 [main] WARN  impl.MetricsSystemImpl (MetricsSystemImpl.java:register(279)) - Sink prometheus already exists!
2024-01-26 13:20:06,813 [main] INFO  http.BaseHttpServer (BaseHttpServer.java:updateConnectorAddress(354)) - HTTP server of ozoneManager listening at http://0.0.0.0:15094
2024-01-26 13:20:06,813 [IPC Server Responder] INFO  ipc.Server (Server.java:run(1562)) - IPC Server Responder: starting
2024-01-26 13:20:06,813 [IPC Server listener on 15093] INFO  ipc.Server (Server.java:run(1402)) - IPC Server listener on 15093: starting
2024-01-26 13:20:06,817 [main] INFO  om.OzoneManager (OzoneManager.java:startTrashEmptier(2094)) - Trash Interval set to 0. Files deleted won't move to trash
2024-01-26 13:20:06,836 [main] WARN  dropwizard3.Dm3MetricRegistriesImpl (Dm3MetricRegistriesImpl.java:addReporterRegistration(113)) - New reporters are added after registries were created. Some metrics will be missing from the reporter. Please add reporter before adding any new registry.
2024-01-26 13:20:06,836 [main] WARN  dropwizard3.Dm3MetricRegistriesImpl (Dm3MetricRegistriesImpl.java:addReporterRegistration(113)) - New reporters are added after registries were created. Some metrics will be missing from the reporter. Please add reporter before adding any new registry.
2024-01-26 13:20:06,836 [main] INFO  impl.MetricsSystemImpl (MetricsSystemImpl.java:init(158)) - HddsDatanode metrics system started (again)
2024-01-26 13:20:06,868 [main] INFO  ozone.HddsDatanodeService (HddsDatanodeService.java:start(239)) - HddsDatanodeService host:fv-az983-443.a2pef1dptxmevgtwlerx3iae4a.cx.internal.cloudapp.net ip:10.1.0.20
2024-01-26 13:20:06,892 [main] INFO  upgrade.AbstractLayoutVersionManager (AbstractLayoutVersionManager.java:init(83)) - Initializing Layout version manager with metadata layout = HADOOP_PRC_PORTS_IN_DATANODEDETAILS (version = 7), software layout = HADOOP_PRC_PORTS_IN_DATANODEDETAILS (version = 7)
2024-01-26 13:20:06,893 [main] INFO  statemachine.DatanodeStateMachine (DatanodeStateMachine.java:getEndPointTaskThreadPoolSize(299)) - Datanode State Machine Task Thread Pool size 2
2024-01-26 13:20:06,894 [main] INFO  volume.HddsVolume (HddsVolume.java:<init>(125)) - Creating HddsVolume: /home/runner/work/ozone/ozone/hadoop-ozone/integration-test/target/test-dir/MiniOzoneClusterImpl-6bed2868-cd70-4a3d-a9ed-67052a48ddc2/datanode-0/data-0/containers/hdds of storage type : DISK capacity : 9223372036854775807
2024-01-26 13:20:06,895 [main] INFO  volume.MutableVolumeSet (MutableVolumeSet.java:initializeVolumeSet(173)) - Added Volume : /home/runner/work/ozone/ozone/hadoop-ozone/integration-test/target/test-dir/MiniOzoneClusterImpl-6bed2868-cd70-4a3d-a9ed-67052a48ddc2/datanode-0/data-0/containers/hdds to VolumeSet
2024-01-26 13:20:06,896 [main] INFO  volume.MutableVolumeSet (MutableVolumeSet.java:initializeVolumeSet(173)) - Added Volume : /home/runner/work/ozone/ozone/hadoop-ozone/integration-test/target/test-dir/MiniOzoneClusterImpl-6bed2868-cd70-4a3d-a9ed-67052a48ddc2/datanode-0/data/ratis to VolumeSet
2024-01-26 13:20:06,896 [main] INFO  ozoneimpl.OzoneContainer (HddsVolumeUtil.java:loadAllHddsVolumeDbStore(103)) - Load 1 volumes DbStore cost: 0ms
2024-01-26 13:20:06,900 [056f2df6-7490-4bed-a807-334fa85beb73-ContainerReader-0] INFO  ozoneimpl.ContainerReader (ContainerReader.java:readVolume(178)) - Finish verifying containers on volume /home/runner/work/ozone/ozone/hadoop-ozone/integration-test/target/test-dir/MiniOzoneClusterImpl-6bed2868-cd70-4a3d-a9ed-67052a48ddc2/datanode-0/data-0/containers/hdds
2024-01-26 13:20:06,901 [main] INFO  ozoneimpl.OzoneContainer (OzoneContainer.java:buildContainerSet(328)) - Build ContainerSet costs 0s
2024-01-26 13:20:06,903 [main] INFO  server.RaftServer (ConfUtils.java:logGet(46)) - raft.rpc.type = GRPC (default)
2024-01-26 13:20:06,904 [main] INFO  grpc.GrpcConfigKeys (ConfUtils.java:logFallback(53)) - raft.grpc.admin.host = null (fallback to raft.grpc.server.host)
2024-01-26 13:20:06,904 [main] INFO  grpc.GrpcConfigKeys (ConfUtils.java:logGet(46)) - raft.grpc.admin.port = 15102 (custom)
2024-01-26 13:20:06,904 [main] INFO  grpc.GrpcConfigKeys (ConfUtils.java:logFallback(53)) - raft.grpc.client.host = null (fallback to raft.grpc.server.host)
2024-01-26 13:20:06,904 [main] INFO  grpc.GrpcConfigKeys (ConfUtils.java:logGet(46)) - raft.grpc.client.port = 15101 (custom)
2024-01-26 13:20:06,904 [main] INFO  grpc.GrpcConfigKeys (ConfUtils.java:logGet(46)) - raft.grpc.server.host = null (default)
2024-01-26 13:20:06,905 [main] INFO  grpc.GrpcConfigKeys (ConfUtils.java:logGet(46)) - raft.grpc.server.port = 15103 (custom)
2024-01-26 13:20:06,905 [main] INFO  server.GrpcService (ConfUtils.java:logGet(46)) - raft.grpc.message.size.max = 32MB (=33554432) (custom)
2024-01-26 13:20:06,905 [main] INFO  server.RaftServerConfigKeys (ConfUtils.java:logGet(46)) - raft.server.log.appender.buffer.byte-limit = 8388608 (custom)
2024-01-26 13:20:06,905 [main] INFO  server.GrpcService (ConfUtils.java:logGet(46)) - raft.grpc.flow.control.window = 5MB (=5242880) (custom)
2024-01-26 13:20:06,906 [main] INFO  server.RaftServerConfigKeys (ConfUtils.java:logGet(46)) - raft.server.rpc.request.timeout = 3000ms (default)
2024-01-26 13:20:06,906 [main] INFO  grpc.GrpcConfigKeys (ConfUtils.java:logGet(46)) - raft.grpc.server.heartbeat.channel = true (default)
2024-01-26 13:20:06,906 [main] INFO  grpc.GrpcConfigKeys (ConfUtils.java:logGet(46)) - raft.grpc.server.async.request.thread.pool.cached = true (default)
2024-01-26 13:20:06,906 [main] INFO  grpc.GrpcConfigKeys (ConfUtils.java:logGet(46)) - raft.grpc.server.async.request.thread.pool.size = 32 (default)
2024-01-26 13:20:06,909 [main] INFO  impl.DataStreamServerImpl (ConfUtils.java:logGet(46)) - raft.datastream.type = NETTY (custom)
2024-01-26 13:20:06,909 [main] INFO  server.RaftServerConfigKeys (ConfUtils.java:logGet(46)) - raft.server.data-stream.async.request.thread.pool.cached = false (default)
2024-01-26 13:20:06,909 [main] INFO  server.RaftServerConfigKeys (ConfUtils.java:logGet(46)) - raft.server.data-stream.async.request.thread.pool.size = 20 (custom)
2024-01-26 13:20:06,910 [main] INFO  server.RaftServerConfigKeys (ConfUtils.java:logGet(46)) - raft.server.data-stream.async.write.thread.pool.size = 16 (default)
2024-01-26 13:20:06,910 [main] INFO  netty.NettyConfigKeys$DataStream (ConfUtils.java:logGet(46)) - raft.netty.dataStream.server.channel.inactive.grace-period = 10min (default)
2024-01-26 13:20:06,910 [main] INFO  server.RaftServerConfigKeys (ConfUtils.java:logGet(46)) - raft.server.data-stream.client.pool.size = 10 (default)
2024-01-26 13:20:06,910 [main] INFO  netty.NettyConfigKeys$DataStream (ConfUtils.java:logGet(46)) - raft.netty.dataStream.server.use-epoll = true (default)
2024-01-26 13:20:06,911 [main] INFO  netty.NettyConfigKeys$DataStream (ConfUtils.java:logGet(46)) - raft.netty.dataStream.server.boss-group.size = 0 (default)
2024-01-26 13:20:06,911 [main] INFO  netty.NettyUtils (NettyUtils.java:newEventLoopGroup(69)) - Create EpollEventLoopGroup for 056f2df6-7490-4bed-a807-334fa85beb73-NettyServerStreamRpc-bossGroup; Thread size is 0.
2024-01-26 13:20:06,911 [main] INFO  netty.NettyConfigKeys$DataStream (ConfUtils.java:logGet(46)) - raft.netty.dataStream.server.worker-group.size = 0 (default)
2024-01-26 13:20:06,912 [main] INFO  netty.NettyUtils (NettyUtils.java:newEventLoopGroup(69)) - Create EpollEventLoopGroup for 056f2df6-7490-4bed-a807-334fa85beb73-NettyServerStreamRpc-workerGroup; Thread size is 0.
2024-01-26 13:20:06,912 [main] INFO  netty.NettyConfigKeys$DataStream (ConfUtils.java:logGet(46)) - raft.netty.dataStream.server.tls.conf = null (default)
2024-01-26 13:20:06,912 [main] INFO  netty.NettyConfigKeys$DataStream (ConfUtils.java:logGet(46)) - raft.netty.dataStream.host = null (default)
2024-01-26 13:20:06,912 [main] INFO  netty.NettyConfigKeys$DataStream (ConfUtils.java:logGet(46)) - raft.netty.dataStream.port = 15104 (custom)
2024-01-26 13:20:06,913 [main] INFO  server.RaftServerConfigKeys (ConfUtils.java:logGet(46)) - raft.server.sleep.deviation.threshold = 300ms (default)
2024-01-26 13:20:06,913 [main] INFO  server.RaftServerConfigKeys (ConfUtils.java:logGet(46)) - raft.server.close.threshold = 60s (default)
2024-01-26 13:20:06,913 [main] INFO  server.RaftServerConfigKeys (ConfUtils.java:logGet(46)) - raft.server.leaderelection.leader.step-down.wait-time = 10s (default)
2024-01-26 13:20:06,913 [main] INFO  server.RaftServerConfigKeys (ConfUtils.java:logGet(46)) - raft.server.storage.dir = [/home/runner/work/ozone/ozone/hadoop-ozone/integration-test/target/test-dir/MiniOzoneClusterImpl-6bed2868-cd70-4a3d-a9ed-67052a48ddc2/datanode-0/data/ratis] (custom)
2024-01-26 13:20:06,914 [main] INFO  server.RaftServerConfigKeys (ConfUtils.java:logGet(46)) - raft.server.threadpool.proxy.cached = true (default)
2024-01-26 13:20:06,914 [main] INFO  server.RaftServerConfigKeys (ConfUtils.java:logGet(46)) - raft.server.threadpool.proxy.size = 0 (default)
2024-01-26 13:20:06,914 [056f2df6-7490-4bed-a807-334fa85beb73-NettyServerStreamRpc-bossGroup--thread1] INFO  logging.LoggingHandler (AbstractInternalLogger.java:log(148)) - [id: 0x25c5c10f] REGISTERED
2024-01-26 13:20:06,915 [056f2df6-7490-4bed-a807-334fa85beb73-NettyServerStreamRpc-bossGroup--thread1] INFO  logging.LoggingHandler (AbstractInternalLogger.java:log(148)) - [id: 0x25c5c10f] BIND: 0.0.0.0/0.0.0.0:15104
2024-01-26 13:20:06,915 [056f2df6-7490-4bed-a807-334fa85beb73-NettyServerStreamRpc-bossGroup--thread1] INFO  logging.LoggingHandler (AbstractInternalLogger.java:log(148)) - [id: 0x25c5c10f, L:/0.0.0.0:15104] ACTIVE
2024-01-26 13:20:06,915 [056f2df6-7490-4bed-a807-334fa85beb73-impl-thread1] INFO  server.RaftServer (RaftServerProxy.java:initGroupDir(264)) - 056f2df6-7490-4bed-a807-334fa85beb73: found a subdirectory /home/runner/work/ozone/ozone/hadoop-ozone/integration-test/target/test-dir/MiniOzoneClusterImpl-6bed2868-cd70-4a3d-a9ed-67052a48ddc2/datanode-0/data/ratis/tmp
2024-01-26 13:20:06,915 [056f2df6-7490-4bed-a807-334fa85beb73-impl-thread1] INFO  server.RaftServer (RaftServerProxy.java:initGroupDir(269)) - 056f2df6-7490-4bed-a807-334fa85beb73: The directory /home/runner/work/ozone/ozone/hadoop-ozone/integration-test/target/test-dir/MiniOzoneClusterImpl-6bed2868-cd70-4a3d-a9ed-67052a48ddc2/datanode-0/data/ratis/tmp is not a group directory; ignoring it. 
2024-01-26 13:20:06,915 [main] INFO  replication.ReplicationServer (ReplicationServer.java:<init>(85)) - Initializing replication server with thread count = 10 queue length = 4096
2024-01-26 13:20:06,916 [main] INFO  server.XceiverServerGrpc (XceiverServerGrpc.java:<init>(141)) - GrpcServer channel type EpollServerSocketChannel
2024-01-26 13:20:06,918 [main] INFO  replication.ReplicationSupervisor (ReplicationSupervisor.java:build(163)) - Initializing replication supervisor with thread count = 10
2024-01-26 13:20:06,918 [main] INFO  replication.ReplicationSupervisor (ReplicationSupervisor.java:nodeStateUpdated(317)) - Node state updated to IN_SERVICE, scaling executor pool size to 10
2024-01-26 13:20:06,920 [main] INFO  http.BaseHttpServer (BaseHttpServer.java:newHttpServer2BuilderForOzone(223)) - Starting Web-server for hddsDatanode at: http://0.0.0.0:15098
2024-01-26 13:20:06,920 [main] INFO  http.BaseHttpServer (BaseHttpServer.java:<init>(110)) - Hadoop Security Enabled: false Ozone Security Enabled: false Ozone HTTP Security Enabled: false 
2024-01-26 13:20:06,921 [main] WARN  server.AuthenticationFilter (AuthenticationFilter.java:constructSecretProvider(240)) - Unable to initialize FileSignerSecretProvider, falling back to use random secrets. Reason: Could not read signature secret file: /home/runner/hadoop-http-auth-signature-secret
2024-01-26 13:20:06,922 [main] INFO  http.HttpRequestLog (HttpRequestLog.java:getRequestLog(86)) - Http request log for http.requests.hddsDatanode is not defined
2024-01-26 13:20:06,923 [main] INFO  http.HttpServer2 (HttpServer2.java:addGlobalFilter(1036)) - Added global filter 'safety' (class=org.apache.hadoop.hdds.server.http.HttpServer2$QuotingInputFilter)
2024-01-26 13:20:06,923 [main] INFO  http.HttpServer2 (HttpServer2.java:addFilter(1012)) - Added filter static_user_filter (class=org.apache.hadoop.http.lib.StaticUserWebFilter$StaticUserFilter) to context hddsDatanode
2024-01-26 13:20:06,923 [main] INFO  http.HttpServer2 (HttpServer2.java:addFilter(1020)) - Added filter static_user_filter (class=org.apache.hadoop.http.lib.StaticUserWebFilter$StaticUserFilter) to context static
2024-01-26 13:20:06,924 [main] INFO  http.HttpServer2 (HttpServer2.java:addFilter(1020)) - Added filter static_user_filter (class=org.apache.hadoop.http.lib.StaticUserWebFilter$StaticUserFilter) to context logs
2024-01-26 13:20:06,924 [main] INFO  http.BaseHttpServer (BaseHttpServer.java:<init>(189)) - HTTP server of hddsDatanode uses base directory /home/runner/work/ozone/ozone/hadoop-ozone/integration-test/target/test-dir/MiniOzoneClusterImpl-6bed2868-cd70-4a3d-a9ed-67052a48ddc2/datanode-0/meta/webserver
2024-01-26 13:20:06,924 [main] INFO  http.HttpServer2 (HttpServer2.java:bindListener(1236)) - Jetty bound to port 15098
2024-01-26 13:20:06,924 [main] INFO  server.Server (Server.java:doStart(375)) - jetty-9.4.53.v20231009; built: 2023-10-09T12:29:09.265Z; git: 27bde00a0b95a1d5bbee0eae7984f891d2d0f8c9; jvm 1.8.0_392-b08
2024-01-26 13:20:06,925 [main] INFO  server.session (DefaultSessionIdManager.java:doStart(334)) - DefaultSessionIdManager workerName=node0
2024-01-26 13:20:06,925 [main] INFO  server.session (DefaultSessionIdManager.java:doStart(339)) - No SessionScavenger set, using defaults
2024-01-26 13:20:06,925 [main] INFO  server.session (HouseKeeper.java:startScavenging(132)) - node0 Scavenging every 600000ms
2024-01-26 13:20:06,926 [main] INFO  handler.ContextHandler (ContextHandler.java:doStart(921)) - Started o.e.j.s.ServletContextHandler@20424438{logs,/logs,file:///home/runner/work/ozone/ozone/hadoop-ozone/integration-test/target/log,AVAILABLE}
2024-01-26 13:20:06,926 [main] INFO  handler.ContextHandler (ContextHandler.java:doStart(921)) - Started o.e.j.s.ServletContextHandler@7652c711{static,/static,jar:file:/home/runner/.m2/repository/org/apache/ozone/hdds-container-service/1.5.0-SNAPSHOT/hdds-container-service-1.5.0-SNAPSHOT.jar!/webapps/static,AVAILABLE}
2024-01-26 13:20:06,957 [main] INFO  handler.ContextHandler (ContextHandler.java:doStart(921)) - Started o.e.j.w.WebAppContext@41770158{hddsDatanode,/,file:///home/runner/work/ozone/ozone/hadoop-ozone/integration-test/target/test-dir/MiniOzoneClusterImpl-6bed2868-cd70-4a3d-a9ed-67052a48ddc2/datanode-0/meta/webserver/jetty-0_0_0_0-15098-hdds-container-service-1_5_0-SNAPSHOT_jar-_-any-9145974497934360675/webapp/,AVAILABLE}{jar:file:/home/runner/.m2/repository/org/apache/ozone/hdds-container-service/1.5.0-SNAPSHOT/hdds-container-service-1.5.0-SNAPSHOT.jar!/webapps/hddsDatanode}
2024-01-26 13:20:06,959 [main] INFO  server.AbstractConnector (AbstractConnector.java:doStart(333)) - Started ServerConnector@5b401048{HTTP/1.1, (http/1.1)}{0.0.0.0:15098}
2024-01-26 13:20:06,959 [main] INFO  server.Server (Server.java:doStart(415)) - Started @43422ms
2024-01-26 13:20:06,959 [main] WARN  impl.MetricsSystemImpl (MetricsSystemImpl.java:register(279)) - Sink prometheus already exists!
2024-01-26 13:20:06,960 [main] INFO  http.BaseHttpServer (BaseHttpServer.java:updateConnectorAddress(354)) - HTTP server of hddsDatanode listening at http://0.0.0.0:15098
2024-01-26 13:20:06,960 [main] INFO  ipc.CallQueueManager (CallQueueManager.java:<init>(90)) - Using callQueue: class java.util.concurrent.LinkedBlockingQueue, queueCapacity: 100, scheduler: class org.apache.hadoop.ipc.DefaultRpcScheduler, ipcBackoff: false.
2024-01-26 13:20:06,960 [main] INFO  ipc.Server (Server.java:<init>(1287)) - Listener at 0.0.0.0:15099
2024-01-26 13:20:06,961 [Socket Reader #1 for port 15099] INFO  ipc.Server (Server.java:run(1323)) - Starting Socket Reader #1 for port 15099
2024-01-26 13:20:06,962 [main] INFO  ozone.HddsDatanodeService (HddsDatanodeService.java:start(324)) - Datanode start with admins: [runner]
2024-01-26 13:20:06,962 [main] INFO  ozone.HddsDatanodeClientProtocolServer (HddsDatanodeClientProtocolServer.java:start(72)) - RPC server for Client /0.0.0.0:15099
2024-01-26 13:20:06,963 [IPC Server Responder] INFO  ipc.Server (Server.java:run(1562)) - IPC Server Responder: starting
2024-01-26 13:20:06,963 [IPC Server listener on 15099] INFO  ipc.Server (Server.java:run(1402)) - IPC Server listener on 15099: starting
2024-01-26 13:20:06,964 [056f2df6-7490-4bed-a807-334fa85beb73-DatanodeStateMachineDaemonThread] INFO  statemachine.DatanodeStateMachine (DatanodeStateMachine.java:lambda$startDaemon$1(555)) - Ozone container server started.
2024-01-26 13:20:06,964 [main] WARN  dropwizard3.Dm3MetricRegistriesImpl (Dm3MetricRegistriesImpl.java:addReporterRegistration(113)) - New reporters are added after registries were created. Some metrics will be missing from the reporter. Please add reporter before adding any new registry.
2024-01-26 13:20:06,965 [main] WARN  dropwizard3.Dm3MetricRegistriesImpl (Dm3MetricRegistriesImpl.java:addReporterRegistration(113)) - New reporters are added after registries were created. Some metrics will be missing from the reporter. Please add reporter before adding any new registry.
2024-01-26 13:20:06,965 [main] INFO  impl.MetricsSystemImpl (MetricsSystemImpl.java:init(158)) - HddsDatanode metrics system started (again)
2024-01-26 13:20:06,969 [056f2df6-7490-4bed-a807-334fa85beb73-DatanodeStateMachineTaskThread-0] INFO  datanode.InitDatanodeState (InitDatanodeState.java:persistContainerDatanodeDetails(139)) - DatanodeDetails is persisted to /home/runner/work/ozone/ozone/hadoop-ozone/integration-test/target/test-dir/MiniOzoneClusterImpl-6bed2868-cd70-4a3d-a9ed-67052a48ddc2/datanode-0/meta/datanode.id
2024-01-26 13:20:06,974 [main] INFO  ozone.HddsDatanodeService (HddsDatanodeService.java:start(239)) - HddsDatanodeService host:fv-az983-443.a2pef1dptxmevgtwlerx3iae4a.cx.internal.cloudapp.net ip:10.1.0.20
2024-01-26 13:20:06,994 [main] INFO  upgrade.AbstractLayoutVersionManager (AbstractLayoutVersionManager.java:init(83)) - Initializing Layout version manager with metadata layout = HADOOP_PRC_PORTS_IN_DATANODEDETAILS (version = 7), software layout = HADOOP_PRC_PORTS_IN_DATANODEDETAILS (version = 7)
2024-01-26 13:20:06,994 [main] INFO  statemachine.DatanodeStateMachine (DatanodeStateMachine.java:getEndPointTaskThreadPoolSize(299)) - Datanode State Machine Task Thread Pool size 2
2024-01-26 13:20:06,995 [main] INFO  volume.HddsVolume (HddsVolume.java:<init>(125)) - Creating HddsVolume: /home/runner/work/ozone/ozone/hadoop-ozone/integration-test/target/test-dir/MiniOzoneClusterImpl-6bed2868-cd70-4a3d-a9ed-67052a48ddc2/datanode-1/data-0/containers/hdds of storage type : DISK capacity : 9223372036854775807
2024-01-26 13:20:06,996 [main] INFO  volume.MutableVolumeSet (MutableVolumeSet.java:initializeVolumeSet(173)) - Added Volume : /home/runner/work/ozone/ozone/hadoop-ozone/integration-test/target/test-dir/MiniOzoneClusterImpl-6bed2868-cd70-4a3d-a9ed-67052a48ddc2/datanode-1/data-0/containers/hdds to VolumeSet
2024-01-26 13:20:06,996 [main] INFO  volume.MutableVolumeSet (MutableVolumeSet.java:initializeVolumeSet(173)) - Added Volume : /home/runner/work/ozone/ozone/hadoop-ozone/integration-test/target/test-dir/MiniOzoneClusterImpl-6bed2868-cd70-4a3d-a9ed-67052a48ddc2/datanode-1/data/ratis to VolumeSet
2024-01-26 13:20:06,997 [main] INFO  ozoneimpl.OzoneContainer (HddsVolumeUtil.java:loadAllHddsVolumeDbStore(103)) - Load 1 volumes DbStore cost: 1ms
2024-01-26 13:20:06,997 [d656e8e6-3e99-480b-bf88-fcaebe65a6ea-ContainerReader-0] INFO  ozoneimpl.ContainerReader (ContainerReader.java:readVolume(178)) - Finish verifying containers on volume /home/runner/work/ozone/ozone/hadoop-ozone/integration-test/target/test-dir/MiniOzoneClusterImpl-6bed2868-cd70-4a3d-a9ed-67052a48ddc2/datanode-1/data-0/containers/hdds
2024-01-26 13:20:06,997 [main] INFO  ozoneimpl.OzoneContainer (OzoneContainer.java:buildContainerSet(328)) - Build ContainerSet costs 0s
2024-01-26 13:20:06,999 [main] INFO  server.RaftServer (ConfUtils.java:logGet(46)) - raft.rpc.type = GRPC (default)
2024-01-26 13:20:06,999 [main] INFO  grpc.GrpcConfigKeys (ConfUtils.java:logFallback(53)) - raft.grpc.admin.host = null (fallback to raft.grpc.server.host)
2024-01-26 13:20:06,999 [main] INFO  grpc.GrpcConfigKeys (ConfUtils.java:logGet(46)) - raft.grpc.admin.port = 15111 (custom)
2024-01-26 13:20:06,999 [main] INFO  grpc.GrpcConfigKeys (ConfUtils.java:logFallback(53)) - raft.grpc.client.host = null (fallback to raft.grpc.server.host)
2024-01-26 13:20:06,999 [main] INFO  grpc.GrpcConfigKeys (ConfUtils.java:logGet(46)) - raft.grpc.client.port = 15110 (custom)
2024-01-26 13:20:07,000 [main] INFO  grpc.GrpcConfigKeys (ConfUtils.java:logGet(46)) - raft.grpc.server.host = null (default)
2024-01-26 13:20:07,000 [main] INFO  grpc.GrpcConfigKeys (ConfUtils.java:logGet(46)) - raft.grpc.server.port = 15112 (custom)
2024-01-26 13:20:07,000 [main] INFO  server.GrpcService (ConfUtils.java:logGet(46)) - raft.grpc.message.size.max = 32MB (=33554432) (custom)
2024-01-26 13:20:07,000 [main] INFO  server.RaftServerConfigKeys (ConfUtils.java:logGet(46)) - raft.server.log.appender.buffer.byte-limit = 8388608 (custom)
2024-01-26 13:20:07,000 [main] INFO  server.GrpcService (ConfUtils.java:logGet(46)) - raft.grpc.flow.control.window = 5MB (=5242880) (custom)
2024-01-26 13:20:07,000 [main] INFO  server.RaftServerConfigKeys (ConfUtils.java:logGet(46)) - raft.server.rpc.request.timeout = 3000ms (default)
2024-01-26 13:20:07,001 [main] INFO  grpc.GrpcConfigKeys (ConfUtils.java:logGet(46)) - raft.grpc.server.heartbeat.channel = true (default)
2024-01-26 13:20:07,001 [main] INFO  grpc.GrpcConfigKeys (ConfUtils.java:logGet(46)) - raft.grpc.server.async.request.thread.pool.cached = true (default)
2024-01-26 13:20:07,001 [main] INFO  grpc.GrpcConfigKeys (ConfUtils.java:logGet(46)) - raft.grpc.server.async.request.thread.pool.size = 32 (default)
2024-01-26 13:20:07,003 [main] INFO  impl.DataStreamServerImpl (ConfUtils.java:logGet(46)) - raft.datastream.type = NETTY (custom)
2024-01-26 13:20:07,003 [main] INFO  server.RaftServerConfigKeys (ConfUtils.java:logGet(46)) - raft.server.data-stream.async.request.thread.pool.cached = false (default)
2024-01-26 13:20:07,003 [main] INFO  server.RaftServerConfigKeys (ConfUtils.java:logGet(46)) - raft.server.data-stream.async.request.thread.pool.size = 20 (custom)
2024-01-26 13:20:07,003 [main] INFO  server.RaftServerConfigKeys (ConfUtils.java:logGet(46)) - raft.server.data-stream.async.write.thread.pool.size = 16 (default)
2024-01-26 13:20:07,004 [main] INFO  netty.NettyConfigKeys$DataStream (ConfUtils.java:logGet(46)) - raft.netty.dataStream.server.channel.inactive.grace-period = 10min (default)
2024-01-26 13:20:07,004 [main] INFO  server.RaftServerConfigKeys (ConfUtils.java:logGet(46)) - raft.server.data-stream.client.pool.size = 10 (default)
2024-01-26 13:20:07,004 [main] INFO  netty.NettyConfigKeys$DataStream (ConfUtils.java:logGet(46)) - raft.netty.dataStream.server.use-epoll = true (default)
2024-01-26 13:20:07,004 [main] INFO  netty.NettyConfigKeys$DataStream (ConfUtils.java:logGet(46)) - raft.netty.dataStream.server.boss-group.size = 0 (default)
2024-01-26 13:20:07,005 [main] INFO  netty.NettyUtils (NettyUtils.java:newEventLoopGroup(69)) - Create EpollEventLoopGroup for d656e8e6-3e99-480b-bf88-fcaebe65a6ea-NettyServerStreamRpc-bossGroup; Thread size is 0.
2024-01-26 13:20:07,005 [main] INFO  netty.NettyConfigKeys$DataStream (ConfUtils.java:logGet(46)) - raft.netty.dataStream.server.worker-group.size = 0 (default)
2024-01-26 13:20:07,005 [main] INFO  netty.NettyUtils (NettyUtils.java:newEventLoopGroup(69)) - Create EpollEventLoopGroup for d656e8e6-3e99-480b-bf88-fcaebe65a6ea-NettyServerStreamRpc-workerGroup; Thread size is 0.
2024-01-26 13:20:07,006 [main] INFO  netty.NettyConfigKeys$DataStream (ConfUtils.java:logGet(46)) - raft.netty.dataStream.server.tls.conf = null (default)
2024-01-26 13:20:07,006 [main] INFO  netty.NettyConfigKeys$DataStream (ConfUtils.java:logGet(46)) - raft.netty.dataStream.host = null (default)
2024-01-26 13:20:07,006 [main] INFO  netty.NettyConfigKeys$DataStream (ConfUtils.java:logGet(46)) - raft.netty.dataStream.port = 15113 (custom)
2024-01-26 13:20:07,006 [main] INFO  server.RaftServerConfigKeys (ConfUtils.java:logGet(46)) - raft.server.sleep.deviation.threshold = 300ms (default)
2024-01-26 13:20:07,007 [main] INFO  server.RaftServerConfigKeys (ConfUtils.java:logGet(46)) - raft.server.close.threshold = 60s (default)
2024-01-26 13:20:07,007 [main] INFO  server.RaftServerConfigKeys (ConfUtils.java:logGet(46)) - raft.server.leaderelection.leader.step-down.wait-time = 10s (default)
2024-01-26 13:20:07,007 [main] INFO  server.RaftServerConfigKeys (ConfUtils.java:logGet(46)) - raft.server.storage.dir = [/home/runner/work/ozone/ozone/hadoop-ozone/integration-test/target/test-dir/MiniOzoneClusterImpl-6bed2868-cd70-4a3d-a9ed-67052a48ddc2/datanode-1/data/ratis] (custom)
2024-01-26 13:20:07,007 [main] INFO  server.RaftServerConfigKeys (ConfUtils.java:logGet(46)) - raft.server.threadpool.proxy.cached = true (default)
2024-01-26 13:20:07,007 [main] INFO  server.RaftServerConfigKeys (ConfUtils.java:logGet(46)) - raft.server.threadpool.proxy.size = 0 (default)
2024-01-26 13:20:07,007 [d656e8e6-3e99-480b-bf88-fcaebe65a6ea-NettyServerStreamRpc-bossGroup--thread1] INFO  logging.LoggingHandler (AbstractInternalLogger.java:log(148)) - [id: 0x113ed4d5] REGISTERED
2024-01-26 13:20:07,008 [d656e8e6-3e99-480b-bf88-fcaebe65a6ea-impl-thread1] INFO  server.RaftServer (RaftServerProxy.java:initGroupDir(264)) - d656e8e6-3e99-480b-bf88-fcaebe65a6ea: found a subdirectory /home/runner/work/ozone/ozone/hadoop-ozone/integration-test/target/test-dir/MiniOzoneClusterImpl-6bed2868-cd70-4a3d-a9ed-67052a48ddc2/datanode-1/data/ratis/tmp
2024-01-26 13:20:07,008 [d656e8e6-3e99-480b-bf88-fcaebe65a6ea-NettyServerStreamRpc-bossGroup--thread1] INFO  logging.LoggingHandler (AbstractInternalLogger.java:log(148)) - [id: 0x113ed4d5] BIND: 0.0.0.0/0.0.0.0:15113
2024-01-26 13:20:07,008 [d656e8e6-3e99-480b-bf88-fcaebe65a6ea-impl-thread1] INFO  server.RaftServer (RaftServerProxy.java:initGroupDir(269)) - d656e8e6-3e99-480b-bf88-fcaebe65a6ea: The directory /home/runner/work/ozone/ozone/hadoop-ozone/integration-test/target/test-dir/MiniOzoneClusterImpl-6bed2868-cd70-4a3d-a9ed-67052a48ddc2/datanode-1/data/ratis/tmp is not a group directory; ignoring it. 
2024-01-26 13:20:07,008 [d656e8e6-3e99-480b-bf88-fcaebe65a6ea-NettyServerStreamRpc-bossGroup--thread1] INFO  logging.LoggingHandler (AbstractInternalLogger.java:log(148)) - [id: 0x113ed4d5, L:/0.0.0.0:15113] ACTIVE
2024-01-26 13:20:07,008 [main] INFO  replication.ReplicationServer (ReplicationServer.java:<init>(85)) - Initializing replication server with thread count = 10 queue length = 4096
2024-01-26 13:20:07,009 [main] INFO  server.XceiverServerGrpc (XceiverServerGrpc.java:<init>(141)) - GrpcServer channel type EpollServerSocketChannel
2024-01-26 13:20:07,010 [main] INFO  replication.ReplicationSupervisor (ReplicationSupervisor.java:build(163)) - Initializing replication supervisor with thread count = 10
2024-01-26 13:20:07,010 [main] INFO  replication.ReplicationSupervisor (ReplicationSupervisor.java:nodeStateUpdated(317)) - Node state updated to IN_SERVICE, scaling executor pool size to 10
2024-01-26 13:20:07,012 [main] INFO  http.BaseHttpServer (BaseHttpServer.java:newHttpServer2BuilderForOzone(223)) - Starting Web-server for hddsDatanode at: http://0.0.0.0:15107
2024-01-26 13:20:07,012 [main] INFO  http.BaseHttpServer (BaseHttpServer.java:<init>(110)) - Hadoop Security Enabled: false Ozone Security Enabled: false Ozone HTTP Security Enabled: false 
2024-01-26 13:20:07,013 [main] WARN  server.AuthenticationFilter (AuthenticationFilter.java:constructSecretProvider(240)) - Unable to initialize FileSignerSecretProvider, falling back to use random secrets. Reason: Could not read signature secret file: /home/runner/hadoop-http-auth-signature-secret
2024-01-26 13:20:07,013 [main] INFO  http.HttpRequestLog (HttpRequestLog.java:getRequestLog(86)) - Http request log for http.requests.hddsDatanode is not defined
2024-01-26 13:20:07,014 [main] INFO  http.HttpServer2 (HttpServer2.java:addGlobalFilter(1036)) - Added global filter 'safety' (class=org.apache.hadoop.hdds.server.http.HttpServer2$QuotingInputFilter)
2024-01-26 13:20:07,015 [main] INFO  http.HttpServer2 (HttpServer2.java:addFilter(1012)) - Added filter static_user_filter (class=org.apache.hadoop.http.lib.StaticUserWebFilter$StaticUserFilter) to context hddsDatanode
2024-01-26 13:20:07,015 [main] INFO  http.HttpServer2 (HttpServer2.java:addFilter(1020)) - Added filter static_user_filter (class=org.apache.hadoop.http.lib.StaticUserWebFilter$StaticUserFilter) to context static
2024-01-26 13:20:07,015 [main] INFO  http.HttpServer2 (HttpServer2.java:addFilter(1020)) - Added filter static_user_filter (class=org.apache.hadoop.http.lib.StaticUserWebFilter$StaticUserFilter) to context logs
2024-01-26 13:20:07,015 [main] INFO  http.BaseHttpServer (BaseHttpServer.java:<init>(189)) - HTTP server of hddsDatanode uses base directory /home/runner/work/ozone/ozone/hadoop-ozone/integration-test/target/test-dir/MiniOzoneClusterImpl-6bed2868-cd70-4a3d-a9ed-67052a48ddc2/datanode-1/meta/webserver
2024-01-26 13:20:07,015 [main] INFO  http.HttpServer2 (HttpServer2.java:bindListener(1236)) - Jetty bound to port 15107
2024-01-26 13:20:07,016 [main] INFO  server.Server (Server.java:doStart(375)) - jetty-9.4.53.v20231009; built: 2023-10-09T12:29:09.265Z; git: 27bde00a0b95a1d5bbee0eae7984f891d2d0f8c9; jvm 1.8.0_392-b08
2024-01-26 13:20:07,016 [main] INFO  server.session (DefaultSessionIdManager.java:doStart(334)) - DefaultSessionIdManager workerName=node0
2024-01-26 13:20:07,017 [main] INFO  server.session (DefaultSessionIdManager.java:doStart(339)) - No SessionScavenger set, using defaults
2024-01-26 13:20:07,017 [main] INFO  server.session (HouseKeeper.java:startScavenging(132)) - node0 Scavenging every 600000ms
2024-01-26 13:20:07,017 [main] INFO  handler.ContextHandler (ContextHandler.java:doStart(921)) - Started o.e.j.s.ServletContextHandler@16bfbef0{logs,/logs,file:///home/runner/work/ozone/ozone/hadoop-ozone/integration-test/target/log,AVAILABLE}
2024-01-26 13:20:07,018 [main] INFO  handler.ContextHandler (ContextHandler.java:doStart(921)) - Started o.e.j.s.ServletContextHandler@696d34b5{static,/static,jar:file:/home/runner/.m2/repository/org/apache/ozone/hdds-container-service/1.5.0-SNAPSHOT/hdds-container-service-1.5.0-SNAPSHOT.jar!/webapps/static,AVAILABLE}
2024-01-26 13:20:07,051 [main] INFO  handler.ContextHandler (ContextHandler.java:doStart(921)) - Started o.e.j.w.WebAppContext@11e49af8{hddsDatanode,/,file:///home/runner/work/ozone/ozone/hadoop-ozone/integration-test/target/test-dir/MiniOzoneClusterImpl-6bed2868-cd70-4a3d-a9ed-67052a48ddc2/datanode-1/meta/webserver/jetty-0_0_0_0-15107-hdds-container-service-1_5_0-SNAPSHOT_jar-_-any-4924257337551272827/webapp/,AVAILABLE}{jar:file:/home/runner/.m2/repository/org/apache/ozone/hdds-container-service/1.5.0-SNAPSHOT/hdds-container-service-1.5.0-SNAPSHOT.jar!/webapps/hddsDatanode}
2024-01-26 13:20:07,052 [main] INFO  server.AbstractConnector (AbstractConnector.java:doStart(333)) - Started ServerConnector@79f4a9d1{HTTP/1.1, (http/1.1)}{0.0.0.0:15107}
2024-01-26 13:20:07,053 [main] INFO  server.Server (Server.java:doStart(415)) - Started @43515ms
2024-01-26 13:20:07,053 [main] WARN  impl.MetricsSystemImpl (MetricsSystemImpl.java:register(279)) - Sink prometheus already exists!
2024-01-26 13:20:07,053 [main] INFO  http.BaseHttpServer (BaseHttpServer.java:updateConnectorAddress(354)) - HTTP server of hddsDatanode listening at http://0.0.0.0:15107
2024-01-26 13:20:07,054 [main] INFO  ipc.CallQueueManager (CallQueueManager.java:<init>(90)) - Using callQueue: class java.util.concurrent.LinkedBlockingQueue, queueCapacity: 100, scheduler: class org.apache.hadoop.ipc.DefaultRpcScheduler, ipcBackoff: false.
2024-01-26 13:20:07,054 [main] INFO  ipc.Server (Server.java:<init>(1287)) - Listener at 0.0.0.0:15108
2024-01-26 13:20:07,054 [Socket Reader #1 for port 15108] INFO  ipc.Server (Server.java:run(1323)) - Starting Socket Reader #1 for port 15108
2024-01-26 13:20:07,056 [main] INFO  ozone.HddsDatanodeService (HddsDatanodeService.java:start(324)) - Datanode start with admins: [runner]
2024-01-26 13:20:07,056 [main] INFO  ozone.HddsDatanodeClientProtocolServer (HddsDatanodeClientProtocolServer.java:start(72)) - RPC server for Client /0.0.0.0:15108
2024-01-26 13:20:07,056 [IPC Server Responder] INFO  ipc.Server (Server.java:run(1562)) - IPC Server Responder: starting
2024-01-26 13:20:07,056 [IPC Server listener on 15108] INFO  ipc.Server (Server.java:run(1402)) - IPC Server listener on 15108: starting
2024-01-26 13:20:07,058 [d656e8e6-3e99-480b-bf88-fcaebe65a6ea-DatanodeStateMachineDaemonThread] INFO  statemachine.DatanodeStateMachine (DatanodeStateMachine.java:lambda$startDaemon$1(555)) - Ozone container server started.
2024-01-26 13:20:07,058 [main] WARN  dropwizard3.Dm3MetricRegistriesImpl (Dm3MetricRegistriesImpl.java:addReporterRegistration(113)) - New reporters are added after registries were created. Some metrics will be missing from the reporter. Please add reporter before adding any new registry.
2024-01-26 13:20:07,058 [main] WARN  dropwizard3.Dm3MetricRegistriesImpl (Dm3MetricRegistriesImpl.java:addReporterRegistration(113)) - New reporters are added after registries were created. Some metrics will be missing from the reporter. Please add reporter before adding any new registry.
2024-01-26 13:20:07,059 [main] INFO  impl.MetricsSystemImpl (MetricsSystemImpl.java:init(158)) - HddsDatanode metrics system started (again)
2024-01-26 13:20:07,061 [d656e8e6-3e99-480b-bf88-fcaebe65a6ea-DatanodeStateMachineTaskThread-0] INFO  datanode.InitDatanodeState (InitDatanodeState.java:persistContainerDatanodeDetails(139)) - DatanodeDetails is persisted to /home/runner/work/ozone/ozone/hadoop-ozone/integration-test/target/test-dir/MiniOzoneClusterImpl-6bed2868-cd70-4a3d-a9ed-67052a48ddc2/datanode-1/meta/datanode.id
2024-01-26 13:20:07,068 [main] INFO  ozone.HddsDatanodeService (HddsDatanodeService.java:start(239)) - HddsDatanodeService host:fv-az983-443.a2pef1dptxmevgtwlerx3iae4a.cx.internal.cloudapp.net ip:10.1.0.20
2024-01-26 13:20:07,085 [main] INFO  upgrade.AbstractLayoutVersionManager (AbstractLayoutVersionManager.java:init(83)) - Initializing Layout version manager with metadata layout = HADOOP_PRC_PORTS_IN_DATANODEDETAILS (version = 7), software layout = HADOOP_PRC_PORTS_IN_DATANODEDETAILS (version = 7)
2024-01-26 13:20:07,086 [main] INFO  statemachine.DatanodeStateMachine (DatanodeStateMachine.java:getEndPointTaskThreadPoolSize(299)) - Datanode State Machine Task Thread Pool size 2
2024-01-26 13:20:07,087 [main] INFO  volume.HddsVolume (HddsVolume.java:<init>(125)) - Creating HddsVolume: /home/runner/work/ozone/ozone/hadoop-ozone/integration-test/target/test-dir/MiniOzoneClusterImpl-6bed2868-cd70-4a3d-a9ed-67052a48ddc2/datanode-2/data-0/containers/hdds of storage type : DISK capacity : 9223372036854775807
2024-01-26 13:20:07,087 [main] INFO  volume.MutableVolumeSet (MutableVolumeSet.java:initializeVolumeSet(173)) - Added Volume : /home/runner/work/ozone/ozone/hadoop-ozone/integration-test/target/test-dir/MiniOzoneClusterImpl-6bed2868-cd70-4a3d-a9ed-67052a48ddc2/datanode-2/data-0/containers/hdds to VolumeSet
2024-01-26 13:20:07,088 [main] INFO  volume.MutableVolumeSet (MutableVolumeSet.java:initializeVolumeSet(173)) - Added Volume : /home/runner/work/ozone/ozone/hadoop-ozone/integration-test/target/test-dir/MiniOzoneClusterImpl-6bed2868-cd70-4a3d-a9ed-67052a48ddc2/datanode-2/data/ratis to VolumeSet
2024-01-26 13:20:07,088 [main] INFO  ozoneimpl.OzoneContainer (HddsVolumeUtil.java:loadAllHddsVolumeDbStore(103)) - Load 1 volumes DbStore cost: 0ms
2024-01-26 13:20:07,088 [2800087d-98cc-4731-8fb3-504dcca9d3e0-ContainerReader-0] INFO  ozoneimpl.ContainerReader (ContainerReader.java:readVolume(178)) - Finish verifying containers on volume /home/runner/work/ozone/ozone/hadoop-ozone/integration-test/target/test-dir/MiniOzoneClusterImpl-6bed2868-cd70-4a3d-a9ed-67052a48ddc2/datanode-2/data-0/containers/hdds
2024-01-26 13:20:07,089 [main] INFO  ozoneimpl.OzoneContainer (OzoneContainer.java:buildContainerSet(328)) - Build ContainerSet costs 0s
2024-01-26 13:20:07,092 [main] INFO  server.RaftServer (ConfUtils.java:logGet(46)) - raft.rpc.type = GRPC (default)
2024-01-26 13:20:07,092 [main] INFO  grpc.GrpcConfigKeys (ConfUtils.java:logFallback(53)) - raft.grpc.admin.host = null (fallback to raft.grpc.server.host)
2024-01-26 13:20:07,092 [main] INFO  grpc.GrpcConfigKeys (ConfUtils.java:logGet(46)) - raft.grpc.admin.port = 15120 (custom)
2024-01-26 13:20:07,092 [main] INFO  grpc.GrpcConfigKeys (ConfUtils.java:logFallback(53)) - raft.grpc.client.host = null (fallback to raft.grpc.server.host)
2024-01-26 13:20:07,093 [main] INFO  grpc.GrpcConfigKeys (ConfUtils.java:logGet(46)) - raft.grpc.client.port = 15119 (custom)
2024-01-26 13:20:07,093 [main] INFO  grpc.GrpcConfigKeys (ConfUtils.java:logGet(46)) - raft.grpc.server.host = null (default)
2024-01-26 13:20:07,093 [main] INFO  grpc.GrpcConfigKeys (ConfUtils.java:logGet(46)) - raft.grpc.server.port = 15121 (custom)
2024-01-26 13:20:07,093 [main] INFO  server.GrpcService (ConfUtils.java:logGet(46)) - raft.grpc.message.size.max = 32MB (=33554432) (custom)
2024-01-26 13:20:07,093 [main] INFO  server.RaftServerConfigKeys (ConfUtils.java:logGet(46)) - raft.server.log.appender.buffer.byte-limit = 8388608 (custom)
2024-01-26 13:20:07,093 [main] INFO  server.GrpcService (ConfUtils.java:logGet(46)) - raft.grpc.flow.control.window = 5MB (=5242880) (custom)
2024-01-26 13:20:07,094 [main] INFO  server.RaftServerConfigKeys (ConfUtils.java:logGet(46)) - raft.server.rpc.request.timeout = 3000ms (default)
2024-01-26 13:20:07,094 [main] INFO  grpc.GrpcConfigKeys (ConfUtils.java:logGet(46)) - raft.grpc.server.heartbeat.channel = true (default)
2024-01-26 13:20:07,094 [main] INFO  grpc.GrpcConfigKeys (ConfUtils.java:logGet(46)) - raft.grpc.server.async.request.thread.pool.cached = true (default)
2024-01-26 13:20:07,094 [main] INFO  grpc.GrpcConfigKeys (ConfUtils.java:logGet(46)) - raft.grpc.server.async.request.thread.pool.size = 32 (default)
2024-01-26 13:20:07,096 [main] INFO  impl.DataStreamServerImpl (ConfUtils.java:logGet(46)) - raft.datastream.type = NETTY (custom)
2024-01-26 13:20:07,096 [main] INFO  server.RaftServerConfigKeys (ConfUtils.java:logGet(46)) - raft.server.data-stream.async.request.thread.pool.cached = false (default)
2024-01-26 13:20:07,096 [main] INFO  server.RaftServerConfigKeys (ConfUtils.java:logGet(46)) - raft.server.data-stream.async.request.thread.pool.size = 20 (custom)
2024-01-26 13:20:07,096 [main] INFO  server.RaftServerConfigKeys (ConfUtils.java:logGet(46)) - raft.server.data-stream.async.write.thread.pool.size = 16 (default)
2024-01-26 13:20:07,097 [main] INFO  netty.NettyConfigKeys$DataStream (ConfUtils.java:logGet(46)) - raft.netty.dataStream.server.channel.inactive.grace-period = 10min (default)
2024-01-26 13:20:07,097 [main] INFO  server.RaftServerConfigKeys (ConfUtils.java:logGet(46)) - raft.server.data-stream.client.pool.size = 10 (default)
2024-01-26 13:20:07,097 [main] INFO  netty.NettyConfigKeys$DataStream (ConfUtils.java:logGet(46)) - raft.netty.dataStream.server.use-epoll = true (default)
2024-01-26 13:20:07,097 [main] INFO  netty.NettyConfigKeys$DataStream (ConfUtils.java:logGet(46)) - raft.netty.dataStream.server.boss-group.size = 0 (default)
2024-01-26 13:20:07,097 [main] INFO  netty.NettyUtils (NettyUtils.java:newEventLoopGroup(69)) - Create EpollEventLoopGroup for 2800087d-98cc-4731-8fb3-504dcca9d3e0-NettyServerStreamRpc-bossGroup; Thread size is 0.
2024-01-26 13:20:07,098 [main] INFO  netty.NettyConfigKeys$DataStream (ConfUtils.java:logGet(46)) - raft.netty.dataStream.server.worker-group.size = 0 (default)
2024-01-26 13:20:07,098 [main] INFO  netty.NettyUtils (NettyUtils.java:newEventLoopGroup(69)) - Create EpollEventLoopGroup for 2800087d-98cc-4731-8fb3-504dcca9d3e0-NettyServerStreamRpc-workerGroup; Thread size is 0.
2024-01-26 13:20:07,098 [main] INFO  netty.NettyConfigKeys$DataStream (ConfUtils.java:logGet(46)) - raft.netty.dataStream.server.tls.conf = null (default)
2024-01-26 13:20:07,098 [main] INFO  netty.NettyConfigKeys$DataStream (ConfUtils.java:logGet(46)) - raft.netty.dataStream.host = null (default)
2024-01-26 13:20:07,098 [main] INFO  netty.NettyConfigKeys$DataStream (ConfUtils.java:logGet(46)) - raft.netty.dataStream.port = 15122 (custom)
2024-01-26 13:20:07,099 [main] INFO  server.RaftServerConfigKeys (ConfUtils.java:logGet(46)) - raft.server.sleep.deviation.threshold = 300ms (default)
2024-01-26 13:20:07,099 [2800087d-98cc-4731-8fb3-504dcca9d3e0-NettyServerStreamRpc-bossGroup--thread1] INFO  logging.LoggingHandler (AbstractInternalLogger.java:log(148)) - [id: 0xe02af793] REGISTERED
2024-01-26 13:20:07,099 [main] INFO  server.RaftServerConfigKeys (ConfUtils.java:logGet(46)) - raft.server.close.threshold = 60s (default)
2024-01-26 13:20:07,099 [main] INFO  server.RaftServerConfigKeys (ConfUtils.java:logGet(46)) - raft.server.leaderelection.leader.step-down.wait-time = 10s (default)
2024-01-26 13:20:07,100 [main] INFO  server.RaftServerConfigKeys (ConfUtils.java:logGet(46)) - raft.server.storage.dir = [/home/runner/work/ozone/ozone/hadoop-ozone/integration-test/target/test-dir/MiniOzoneClusterImpl-6bed2868-cd70-4a3d-a9ed-67052a48ddc2/datanode-2/data/ratis] (custom)
2024-01-26 13:20:07,100 [main] INFO  server.RaftServerConfigKeys (ConfUtils.java:logGet(46)) - raft.server.threadpool.proxy.cached = true (default)
2024-01-26 13:20:07,100 [main] INFO  server.RaftServerConfigKeys (ConfUtils.java:logGet(46)) - raft.server.threadpool.proxy.size = 0 (default)
2024-01-26 13:20:07,099 [2800087d-98cc-4731-8fb3-504dcca9d3e0-NettyServerStreamRpc-bossGroup--thread1] INFO  logging.LoggingHandler (AbstractInternalLogger.java:log(148)) - [id: 0xe02af793] BIND: 0.0.0.0/0.0.0.0:15122
2024-01-26 13:20:07,101 [2800087d-98cc-4731-8fb3-504dcca9d3e0-NettyServerStreamRpc-bossGroup--thread1] INFO  logging.LoggingHandler (AbstractInternalLogger.java:log(148)) - [id: 0xe02af793, L:/0.0.0.0:15122] ACTIVE
2024-01-26 13:20:07,101 [2800087d-98cc-4731-8fb3-504dcca9d3e0-impl-thread1] INFO  server.RaftServer (RaftServerProxy.java:initGroupDir(264)) - 2800087d-98cc-4731-8fb3-504dcca9d3e0: found a subdirectory /home/runner/work/ozone/ozone/hadoop-ozone/integration-test/target/test-dir/MiniOzoneClusterImpl-6bed2868-cd70-4a3d-a9ed-67052a48ddc2/datanode-2/data/ratis/tmp
2024-01-26 13:20:07,101 [2800087d-98cc-4731-8fb3-504dcca9d3e0-impl-thread1] INFO  server.RaftServer (RaftServerProxy.java:initGroupDir(269)) - 2800087d-98cc-4731-8fb3-504dcca9d3e0: The directory /home/runner/work/ozone/ozone/hadoop-ozone/integration-test/target/test-dir/MiniOzoneClusterImpl-6bed2868-cd70-4a3d-a9ed-67052a48ddc2/datanode-2/data/ratis/tmp is not a group directory; ignoring it. 
2024-01-26 13:20:07,101 [main] INFO  replication.ReplicationServer (ReplicationServer.java:<init>(85)) - Initializing replication server with thread count = 10 queue length = 4096
2024-01-26 13:20:07,102 [main] INFO  server.XceiverServerGrpc (XceiverServerGrpc.java:<init>(141)) - GrpcServer channel type EpollServerSocketChannel
2024-01-26 13:20:07,103 [main] INFO  replication.ReplicationSupervisor (ReplicationSupervisor.java:build(163)) - Initializing replication supervisor with thread count = 10
2024-01-26 13:20:07,103 [main] INFO  replication.ReplicationSupervisor (ReplicationSupervisor.java:nodeStateUpdated(317)) - Node state updated to IN_SERVICE, scaling executor pool size to 10
2024-01-26 13:20:07,105 [main] INFO  http.BaseHttpServer (BaseHttpServer.java:newHttpServer2BuilderForOzone(223)) - Starting Web-server for hddsDatanode at: http://0.0.0.0:15116
2024-01-26 13:20:07,105 [main] INFO  http.BaseHttpServer (BaseHttpServer.java:<init>(110)) - Hadoop Security Enabled: false Ozone Security Enabled: false Ozone HTTP Security Enabled: false 
2024-01-26 13:20:07,107 [main] WARN  server.AuthenticationFilter (AuthenticationFilter.java:constructSecretProvider(240)) - Unable to initialize FileSignerSecretProvider, falling back to use random secrets. Reason: Could not read signature secret file: /home/runner/hadoop-http-auth-signature-secret
2024-01-26 13:20:07,107 [main] INFO  http.HttpRequestLog (HttpRequestLog.java:getRequestLog(86)) - Http request log for http.requests.hddsDatanode is not defined
2024-01-26 13:20:07,109 [main] INFO  http.HttpServer2 (HttpServer2.java:addGlobalFilter(1036)) - Added global filter 'safety' (class=org.apache.hadoop.hdds.server.http.HttpServer2$QuotingInputFilter)
2024-01-26 13:20:07,110 [main] INFO  http.HttpServer2 (HttpServer2.java:addFilter(1012)) - Added filter static_user_filter (class=org.apache.hadoop.http.lib.StaticUserWebFilter$StaticUserFilter) to context hddsDatanode
2024-01-26 13:20:07,110 [main] INFO  http.HttpServer2 (HttpServer2.java:addFilter(1020)) - Added filter static_user_filter (class=org.apache.hadoop.http.lib.StaticUserWebFilter$StaticUserFilter) to context static
2024-01-26 13:20:07,110 [main] INFO  http.HttpServer2 (HttpServer2.java:addFilter(1020)) - Added filter static_user_filter (class=org.apache.hadoop.http.lib.StaticUserWebFilter$StaticUserFilter) to context logs
2024-01-26 13:20:07,111 [main] INFO  http.BaseHttpServer (BaseHttpServer.java:<init>(189)) - HTTP server of hddsDatanode uses base directory /home/runner/work/ozone/ozone/hadoop-ozone/integration-test/target/test-dir/MiniOzoneClusterImpl-6bed2868-cd70-4a3d-a9ed-67052a48ddc2/datanode-2/meta/webserver
2024-01-26 13:20:07,111 [main] INFO  http.HttpServer2 (HttpServer2.java:bindListener(1236)) - Jetty bound to port 15116
2024-01-26 13:20:07,111 [main] INFO  server.Server (Server.java:doStart(375)) - jetty-9.4.53.v20231009; built: 2023-10-09T12:29:09.265Z; git: 27bde00a0b95a1d5bbee0eae7984f891d2d0f8c9; jvm 1.8.0_392-b08
2024-01-26 13:20:07,116 [main] INFO  server.session (DefaultSessionIdManager.java:doStart(334)) - DefaultSessionIdManager workerName=node0
2024-01-26 13:20:07,117 [main] INFO  server.session (DefaultSessionIdManager.java:doStart(339)) - No SessionScavenger set, using defaults
2024-01-26 13:20:07,117 [main] INFO  server.session (HouseKeeper.java:startScavenging(132)) - node0 Scavenging every 600000ms
2024-01-26 13:20:07,122 [main] INFO  handler.ContextHandler (ContextHandler.java:doStart(921)) - Started o.e.j.s.ServletContextHandler@9c5a78d{logs,/logs,file:///home/runner/work/ozone/ozone/hadoop-ozone/integration-test/target/log,AVAILABLE}
2024-01-26 13:20:07,122 [main] INFO  handler.ContextHandler (ContextHandler.java:doStart(921)) - Started o.e.j.s.ServletContextHandler@385429f2{static,/static,jar:file:/home/runner/.m2/repository/org/apache/ozone/hdds-container-service/1.5.0-SNAPSHOT/hdds-container-service-1.5.0-SNAPSHOT.jar!/webapps/static,AVAILABLE}
2024-01-26 13:20:07,170 [main] INFO  handler.ContextHandler (ContextHandler.java:doStart(921)) - Started o.e.j.w.WebAppContext@7c2f163f{hddsDatanode,/,file:///home/runner/work/ozone/ozone/hadoop-ozone/integration-test/target/test-dir/MiniOzoneClusterImpl-6bed2868-cd70-4a3d-a9ed-67052a48ddc2/datanode-2/meta/webserver/jetty-0_0_0_0-15116-hdds-container-service-1_5_0-SNAPSHOT_jar-_-any-8045867709303007876/webapp/,AVAILABLE}{jar:file:/home/runner/.m2/repository/org/apache/ozone/hdds-container-service/1.5.0-SNAPSHOT/hdds-container-service-1.5.0-SNAPSHOT.jar!/webapps/hddsDatanode}
2024-01-26 13:20:07,172 [main] INFO  server.AbstractConnector (AbstractConnector.java:doStart(333)) - Started ServerConnector@7a4822f2{HTTP/1.1, (http/1.1)}{0.0.0.0:15116}
2024-01-26 13:20:07,172 [main] INFO  server.Server (Server.java:doStart(415)) - Started @43635ms
2024-01-26 13:20:07,173 [main] WARN  impl.MetricsSystemImpl (MetricsSystemImpl.java:register(279)) - Sink prometheus already exists!
2024-01-26 13:20:07,173 [main] INFO  http.BaseHttpServer (BaseHttpServer.java:updateConnectorAddress(354)) - HTTP server of hddsDatanode listening at http://0.0.0.0:15116
2024-01-26 13:20:07,174 [main] INFO  ipc.CallQueueManager (CallQueueManager.java:<init>(90)) - Using callQueue: class java.util.concurrent.LinkedBlockingQueue, queueCapacity: 100, scheduler: class org.apache.hadoop.ipc.DefaultRpcScheduler, ipcBackoff: false.
2024-01-26 13:20:07,174 [main] INFO  ipc.Server (Server.java:<init>(1287)) - Listener at 0.0.0.0:15117
2024-01-26 13:20:07,175 [Socket Reader #1 for port 15117] INFO  ipc.Server (Server.java:run(1323)) - Starting Socket Reader #1 for port 15117
2024-01-26 13:20:07,180 [main] INFO  ozone.HddsDatanodeService (HddsDatanodeService.java:start(324)) - Datanode start with admins: [runner]
2024-01-26 13:20:07,180 [main] INFO  ozone.HddsDatanodeClientProtocolServer (HddsDatanodeClientProtocolServer.java:start(72)) - RPC server for Client /0.0.0.0:15117
2024-01-26 13:20:07,181 [IPC Server Responder] INFO  ipc.Server (Server.java:run(1562)) - IPC Server Responder: starting
2024-01-26 13:20:07,184 [IPC Server listener on 15117] INFO  ipc.Server (Server.java:run(1402)) - IPC Server listener on 15117: starting
2024-01-26 13:20:07,186 [2800087d-98cc-4731-8fb3-504dcca9d3e0-DatanodeStateMachineDaemonThread] INFO  statemachine.DatanodeStateMachine (DatanodeStateMachine.java:lambda$startDaemon$1(555)) - Ozone container server started.
2024-01-26 13:20:07,187 [main] WARN  dropwizard3.Dm3MetricRegistriesImpl (Dm3MetricRegistriesImpl.java:addReporterRegistration(113)) - New reporters are added after registries were created. Some metrics will be missing from the reporter. Please add reporter before adding any new registry.
2024-01-26 13:20:07,187 [main] WARN  dropwizard3.Dm3MetricRegistriesImpl (Dm3MetricRegistriesImpl.java:addReporterRegistration(113)) - New reporters are added after registries were created. Some metrics will be missing from the reporter. Please add reporter before adding any new registry.
2024-01-26 13:20:07,187 [main] INFO  impl.MetricsSystemImpl (MetricsSystemImpl.java:init(158)) - HddsDatanode metrics system started (again)
2024-01-26 13:20:07,199 [2800087d-98cc-4731-8fb3-504dcca9d3e0-DatanodeStateMachineTaskThread-0] INFO  datanode.InitDatanodeState (InitDatanodeState.java:persistContainerDatanodeDetails(139)) - DatanodeDetails is persisted to /home/runner/work/ozone/ozone/hadoop-ozone/integration-test/target/test-dir/MiniOzoneClusterImpl-6bed2868-cd70-4a3d-a9ed-67052a48ddc2/datanode-2/meta/datanode.id
2024-01-26 13:20:07,202 [main] INFO  ozone.HddsDatanodeService (HddsDatanodeService.java:start(239)) - HddsDatanodeService host:fv-az983-443.a2pef1dptxmevgtwlerx3iae4a.cx.internal.cloudapp.net ip:10.1.0.20
2024-01-26 13:20:07,220 [main] INFO  upgrade.AbstractLayoutVersionManager (AbstractLayoutVersionManager.java:init(83)) - Initializing Layout version manager with metadata layout = HADOOP_PRC_PORTS_IN_DATANODEDETAILS (version = 7), software layout = HADOOP_PRC_PORTS_IN_DATANODEDETAILS (version = 7)
2024-01-26 13:20:07,221 [main] INFO  statemachine.DatanodeStateMachine (DatanodeStateMachine.java:getEndPointTaskThreadPoolSize(299)) - Datanode State Machine Task Thread Pool size 2
2024-01-26 13:20:07,223 [main] INFO  volume.HddsVolume (HddsVolume.java:<init>(125)) - Creating HddsVolume: /home/runner/work/ozone/ozone/hadoop-ozone/integration-test/target/test-dir/MiniOzoneClusterImpl-6bed2868-cd70-4a3d-a9ed-67052a48ddc2/datanode-3/data-0/containers/hdds of storage type : DISK capacity : 9223372036854775807
2024-01-26 13:20:07,223 [main] INFO  volume.MutableVolumeSet (MutableVolumeSet.java:initializeVolumeSet(173)) - Added Volume : /home/runner/work/ozone/ozone/hadoop-ozone/integration-test/target/test-dir/MiniOzoneClusterImpl-6bed2868-cd70-4a3d-a9ed-67052a48ddc2/datanode-3/data-0/containers/hdds to VolumeSet
2024-01-26 13:20:07,224 [main] INFO  volume.MutableVolumeSet (MutableVolumeSet.java:initializeVolumeSet(173)) - Added Volume : /home/runner/work/ozone/ozone/hadoop-ozone/integration-test/target/test-dir/MiniOzoneClusterImpl-6bed2868-cd70-4a3d-a9ed-67052a48ddc2/datanode-3/data/ratis to VolumeSet
2024-01-26 13:20:07,224 [main] INFO  ozoneimpl.OzoneContainer (HddsVolumeUtil.java:loadAllHddsVolumeDbStore(103)) - Load 1 volumes DbStore cost: 0ms
2024-01-26 13:20:07,226 [97e940e6-23da-4943-8422-3d5ca177be46-ContainerReader-0] INFO  ozoneimpl.ContainerReader (ContainerReader.java:readVolume(178)) - Finish verifying containers on volume /home/runner/work/ozone/ozone/hadoop-ozone/integration-test/target/test-dir/MiniOzoneClusterImpl-6bed2868-cd70-4a3d-a9ed-67052a48ddc2/datanode-3/data-0/containers/hdds
2024-01-26 13:20:07,226 [main] INFO  ozoneimpl.OzoneContainer (OzoneContainer.java:buildContainerSet(328)) - Build ContainerSet costs 0s
2024-01-26 13:20:07,228 [main] INFO  server.RaftServer (ConfUtils.java:logGet(46)) - raft.rpc.type = GRPC (default)
2024-01-26 13:20:07,228 [main] INFO  grpc.GrpcConfigKeys (ConfUtils.java:logFallback(53)) - raft.grpc.admin.host = null (fallback to raft.grpc.server.host)
2024-01-26 13:20:07,228 [main] INFO  grpc.GrpcConfigKeys (ConfUtils.java:logGet(46)) - raft.grpc.admin.port = 15129 (custom)
2024-01-26 13:20:07,229 [main] INFO  grpc.GrpcConfigKeys (ConfUtils.java:logFallback(53)) - raft.grpc.client.host = null (fallback to raft.grpc.server.host)
2024-01-26 13:20:07,229 [main] INFO  grpc.GrpcConfigKeys (ConfUtils.java:logGet(46)) - raft.grpc.client.port = 15128 (custom)
2024-01-26 13:20:07,229 [main] INFO  grpc.GrpcConfigKeys (ConfUtils.java:logGet(46)) - raft.grpc.server.host = null (default)
2024-01-26 13:20:07,229 [main] INFO  grpc.GrpcConfigKeys (ConfUtils.java:logGet(46)) - raft.grpc.server.port = 15130 (custom)
2024-01-26 13:20:07,229 [main] INFO  server.GrpcService (ConfUtils.java:logGet(46)) - raft.grpc.message.size.max = 32MB (=33554432) (custom)
2024-01-26 13:20:07,229 [main] INFO  server.RaftServerConfigKeys (ConfUtils.java:logGet(46)) - raft.server.log.appender.buffer.byte-limit = 8388608 (custom)
2024-01-26 13:20:07,229 [main] INFO  server.GrpcService (ConfUtils.java:logGet(46)) - raft.grpc.flow.control.window = 5MB (=5242880) (custom)
2024-01-26 13:20:07,230 [main] INFO  server.RaftServerConfigKeys (ConfUtils.java:logGet(46)) - raft.server.rpc.request.timeout = 3000ms (default)
2024-01-26 13:20:07,230 [main] INFO  grpc.GrpcConfigKeys (ConfUtils.java:logGet(46)) - raft.grpc.server.heartbeat.channel = true (default)
2024-01-26 13:20:07,230 [main] INFO  grpc.GrpcConfigKeys (ConfUtils.java:logGet(46)) - raft.grpc.server.async.request.thread.pool.cached = true (default)
2024-01-26 13:20:07,230 [main] INFO  grpc.GrpcConfigKeys (ConfUtils.java:logGet(46)) - raft.grpc.server.async.request.thread.pool.size = 32 (default)
2024-01-26 13:20:07,232 [main] INFO  impl.DataStreamServerImpl (ConfUtils.java:logGet(46)) - raft.datastream.type = NETTY (custom)
2024-01-26 13:20:07,232 [main] INFO  server.RaftServerConfigKeys (ConfUtils.java:logGet(46)) - raft.server.data-stream.async.request.thread.pool.cached = false (default)
2024-01-26 13:20:07,232 [main] INFO  server.RaftServerConfigKeys (ConfUtils.java:logGet(46)) - raft.server.data-stream.async.request.thread.pool.size = 20 (custom)
2024-01-26 13:20:07,232 [main] INFO  server.RaftServerConfigKeys (ConfUtils.java:logGet(46)) - raft.server.data-stream.async.write.thread.pool.size = 16 (default)
2024-01-26 13:20:07,232 [main] INFO  netty.NettyConfigKeys$DataStream (ConfUtils.java:logGet(46)) - raft.netty.dataStream.server.channel.inactive.grace-period = 10min (default)
2024-01-26 13:20:07,233 [main] INFO  server.RaftServerConfigKeys (ConfUtils.java:logGet(46)) - raft.server.data-stream.client.pool.size = 10 (default)
2024-01-26 13:20:07,233 [main] INFO  netty.NettyConfigKeys$DataStream (ConfUtils.java:logGet(46)) - raft.netty.dataStream.server.use-epoll = true (default)
2024-01-26 13:20:07,233 [main] INFO  netty.NettyConfigKeys$DataStream (ConfUtils.java:logGet(46)) - raft.netty.dataStream.server.boss-group.size = 0 (default)
2024-01-26 13:20:07,233 [main] INFO  netty.NettyUtils (NettyUtils.java:newEventLoopGroup(69)) - Create EpollEventLoopGroup for 97e940e6-23da-4943-8422-3d5ca177be46-NettyServerStreamRpc-bossGroup; Thread size is 0.
2024-01-26 13:20:07,233 [main] INFO  netty.NettyConfigKeys$DataStream (ConfUtils.java:logGet(46)) - raft.netty.dataStream.server.worker-group.size = 0 (default)
2024-01-26 13:20:07,233 [main] INFO  netty.NettyUtils (NettyUtils.java:newEventLoopGroup(69)) - Create EpollEventLoopGroup for 97e940e6-23da-4943-8422-3d5ca177be46-NettyServerStreamRpc-workerGroup; Thread size is 0.
2024-01-26 13:20:07,234 [main] INFO  netty.NettyConfigKeys$DataStream (ConfUtils.java:logGet(46)) - raft.netty.dataStream.server.tls.conf = null (default)
2024-01-26 13:20:07,234 [main] INFO  netty.NettyConfigKeys$DataStream (ConfUtils.java:logGet(46)) - raft.netty.dataStream.host = null (default)
2024-01-26 13:20:07,234 [main] INFO  netty.NettyConfigKeys$DataStream (ConfUtils.java:logGet(46)) - raft.netty.dataStream.port = 15131 (custom)
2024-01-26 13:20:07,234 [main] INFO  server.RaftServerConfigKeys (ConfUtils.java:logGet(46)) - raft.server.sleep.deviation.threshold = 300ms (default)
2024-01-26 13:20:07,234 [main] INFO  server.RaftServerConfigKeys (ConfUtils.java:logGet(46)) - raft.server.close.threshold = 60s (default)
2024-01-26 13:20:07,234 [97e940e6-23da-4943-8422-3d5ca177be46-NettyServerStreamRpc-bossGroup--thread1] INFO  logging.LoggingHandler (AbstractInternalLogger.java:log(148)) - [id: 0x0539232d] REGISTERED
2024-01-26 13:20:07,234 [main] INFO  server.RaftServerConfigKeys (ConfUtils.java:logGet(46)) - raft.server.leaderelection.leader.step-down.wait-time = 10s (default)
2024-01-26 13:20:07,235 [97e940e6-23da-4943-8422-3d5ca177be46-NettyServerStreamRpc-bossGroup--thread1] INFO  logging.LoggingHandler (AbstractInternalLogger.java:log(148)) - [id: 0x0539232d] BIND: 0.0.0.0/0.0.0.0:15131
2024-01-26 13:20:07,235 [main] INFO  server.RaftServerConfigKeys (ConfUtils.java:logGet(46)) - raft.server.storage.dir = [/home/runner/work/ozone/ozone/hadoop-ozone/integration-test/target/test-dir/MiniOzoneClusterImpl-6bed2868-cd70-4a3d-a9ed-67052a48ddc2/datanode-3/data/ratis] (custom)
2024-01-26 13:20:07,235 [97e940e6-23da-4943-8422-3d5ca177be46-NettyServerStreamRpc-bossGroup--thread1] INFO  logging.LoggingHandler (AbstractInternalLogger.java:log(148)) - [id: 0x0539232d, L:/0.0.0.0:15131] ACTIVE
2024-01-26 13:20:07,235 [main] INFO  server.RaftServerConfigKeys (ConfUtils.java:logGet(46)) - raft.server.threadpool.proxy.cached = true (default)
2024-01-26 13:20:07,235 [main] INFO  server.RaftServerConfigKeys (ConfUtils.java:logGet(46)) - raft.server.threadpool.proxy.size = 0 (default)
2024-01-26 13:20:07,235 [97e940e6-23da-4943-8422-3d5ca177be46-impl-thread1] INFO  server.RaftServer (RaftServerProxy.java:initGroupDir(264)) - 97e940e6-23da-4943-8422-3d5ca177be46: found a subdirectory /home/runner/work/ozone/ozone/hadoop-ozone/integration-test/target/test-dir/MiniOzoneClusterImpl-6bed2868-cd70-4a3d-a9ed-67052a48ddc2/datanode-3/data/ratis/tmp
2024-01-26 13:20:07,236 [97e940e6-23da-4943-8422-3d5ca177be46-impl-thread1] INFO  server.RaftServer (RaftServerProxy.java:initGroupDir(269)) - 97e940e6-23da-4943-8422-3d5ca177be46: The directory /home/runner/work/ozone/ozone/hadoop-ozone/integration-test/target/test-dir/MiniOzoneClusterImpl-6bed2868-cd70-4a3d-a9ed-67052a48ddc2/datanode-3/data/ratis/tmp is not a group directory; ignoring it. 
2024-01-26 13:20:07,236 [main] INFO  replication.ReplicationServer (ReplicationServer.java:<init>(85)) - Initializing replication server with thread count = 10 queue length = 4096
2024-01-26 13:20:07,237 [main] INFO  server.XceiverServerGrpc (XceiverServerGrpc.java:<init>(141)) - GrpcServer channel type EpollServerSocketChannel
2024-01-26 13:20:07,238 [main] INFO  replication.ReplicationSupervisor (ReplicationSupervisor.java:build(163)) - Initializing replication supervisor with thread count = 10
2024-01-26 13:20:07,238 [main] INFO  replication.ReplicationSupervisor (ReplicationSupervisor.java:nodeStateUpdated(317)) - Node state updated to IN_SERVICE, scaling executor pool size to 10
2024-01-26 13:20:07,242 [main] INFO  http.BaseHttpServer (BaseHttpServer.java:newHttpServer2BuilderForOzone(223)) - Starting Web-server for hddsDatanode at: http://0.0.0.0:15125
2024-01-26 13:20:07,242 [main] INFO  http.BaseHttpServer (BaseHttpServer.java:<init>(110)) - Hadoop Security Enabled: false Ozone Security Enabled: false Ozone HTTP Security Enabled: false 
2024-01-26 13:20:07,243 [main] WARN  server.AuthenticationFilter (AuthenticationFilter.java:constructSecretProvider(240)) - Unable to initialize FileSignerSecretProvider, falling back to use random secrets. Reason: Could not read signature secret file: /home/runner/hadoop-http-auth-signature-secret
2024-01-26 13:20:07,244 [main] INFO  http.HttpRequestLog (HttpRequestLog.java:getRequestLog(86)) - Http request log for http.requests.hddsDatanode is not defined
2024-01-26 13:20:07,245 [main] INFO  http.HttpServer2 (HttpServer2.java:addGlobalFilter(1036)) - Added global filter 'safety' (class=org.apache.hadoop.hdds.server.http.HttpServer2$QuotingInputFilter)
2024-01-26 13:20:07,245 [main] INFO  http.HttpServer2 (HttpServer2.java:addFilter(1012)) - Added filter static_user_filter (class=org.apache.hadoop.http.lib.StaticUserWebFilter$StaticUserFilter) to context hddsDatanode
2024-01-26 13:20:07,245 [main] INFO  http.HttpServer2 (HttpServer2.java:addFilter(1020)) - Added filter static_user_filter (class=org.apache.hadoop.http.lib.StaticUserWebFilter$StaticUserFilter) to context logs
2024-01-26 13:20:07,249 [main] INFO  http.HttpServer2 (HttpServer2.java:addFilter(1020)) - Added filter static_user_filter (class=org.apache.hadoop.http.lib.StaticUserWebFilter$StaticUserFilter) to context static
2024-01-26 13:20:07,251 [main] INFO  http.BaseHttpServer (BaseHttpServer.java:<init>(189)) - HTTP server of hddsDatanode uses base directory /home/runner/work/ozone/ozone/hadoop-ozone/integration-test/target/test-dir/MiniOzoneClusterImpl-6bed2868-cd70-4a3d-a9ed-67052a48ddc2/datanode-3/meta/webserver
2024-01-26 13:20:07,251 [main] INFO  http.HttpServer2 (HttpServer2.java:bindListener(1236)) - Jetty bound to port 15125
2024-01-26 13:20:07,252 [main] INFO  server.Server (Server.java:doStart(375)) - jetty-9.4.53.v20231009; built: 2023-10-09T12:29:09.265Z; git: 27bde00a0b95a1d5bbee0eae7984f891d2d0f8c9; jvm 1.8.0_392-b08
2024-01-26 13:20:07,259 [main] INFO  server.session (DefaultSessionIdManager.java:doStart(334)) - DefaultSessionIdManager workerName=node0
2024-01-26 13:20:07,259 [main] INFO  server.session (DefaultSessionIdManager.java:doStart(339)) - No SessionScavenger set, using defaults
2024-01-26 13:20:07,260 [main] INFO  server.session (HouseKeeper.java:startScavenging(132)) - node0 Scavenging every 660000ms
2024-01-26 13:20:07,260 [main] INFO  handler.ContextHandler (ContextHandler.java:doStart(921)) - Started o.e.j.s.ServletContextHandler@101c9c6b{logs,/logs,file:///home/runner/work/ozone/ozone/hadoop-ozone/integration-test/target/log,AVAILABLE}
2024-01-26 13:20:07,261 [main] INFO  handler.ContextHandler (ContextHandler.java:doStart(921)) - Started o.e.j.s.ServletContextHandler@11a81db0{static,/static,jar:file:/home/runner/.m2/repository/org/apache/ozone/hdds-container-service/1.5.0-SNAPSHOT/hdds-container-service-1.5.0-SNAPSHOT.jar!/webapps/static,AVAILABLE}
2024-01-26 13:20:07,310 [main] INFO  handler.ContextHandler (ContextHandler.java:doStart(921)) - Started o.e.j.w.WebAppContext@698732f1{hddsDatanode,/,file:///home/runner/work/ozone/ozone/hadoop-ozone/integration-test/target/test-dir/MiniOzoneClusterImpl-6bed2868-cd70-4a3d-a9ed-67052a48ddc2/datanode-3/meta/webserver/jetty-0_0_0_0-15125-hdds-container-service-1_5_0-SNAPSHOT_jar-_-any-4524792549057390485/webapp/,AVAILABLE}{jar:file:/home/runner/.m2/repository/org/apache/ozone/hdds-container-service/1.5.0-SNAPSHOT/hdds-container-service-1.5.0-SNAPSHOT.jar!/webapps/hddsDatanode}
2024-01-26 13:20:07,312 [main] INFO  server.AbstractConnector (AbstractConnector.java:doStart(333)) - Started ServerConnector@aa22a6a{HTTP/1.1, (http/1.1)}{0.0.0.0:15125}
2024-01-26 13:20:07,312 [main] INFO  server.Server (Server.java:doStart(415)) - Started @43775ms
2024-01-26 13:20:07,312 [main] WARN  impl.MetricsSystemImpl (MetricsSystemImpl.java:register(279)) - Sink prometheus already exists!
2024-01-26 13:20:07,312 [main] INFO  http.BaseHttpServer (BaseHttpServer.java:updateConnectorAddress(354)) - HTTP server of hddsDatanode listening at http://0.0.0.0:15125
2024-01-26 13:20:07,313 [main] INFO  ipc.CallQueueManager (CallQueueManager.java:<init>(90)) - Using callQueue: class java.util.concurrent.LinkedBlockingQueue, queueCapacity: 100, scheduler: class org.apache.hadoop.ipc.DefaultRpcScheduler, ipcBackoff: false.
2024-01-26 13:20:07,313 [main] INFO  ipc.Server (Server.java:<init>(1287)) - Listener at 0.0.0.0:15126
2024-01-26 13:20:07,313 [Socket Reader #1 for port 15126] INFO  ipc.Server (Server.java:run(1323)) - Starting Socket Reader #1 for port 15126
2024-01-26 13:20:07,323 [main] INFO  ozone.HddsDatanodeService (HddsDatanodeService.java:start(324)) - Datanode start with admins: [runner]
2024-01-26 13:20:07,323 [main] INFO  ozone.HddsDatanodeClientProtocolServer (HddsDatanodeClientProtocolServer.java:start(72)) - RPC server for Client /0.0.0.0:15126
2024-01-26 13:20:07,323 [IPC Server Responder] INFO  ipc.Server (Server.java:run(1562)) - IPC Server Responder: starting
2024-01-26 13:20:07,324 [IPC Server listener on 15126] INFO  ipc.Server (Server.java:run(1402)) - IPC Server listener on 15126: starting
2024-01-26 13:20:07,328 [main] WARN  dropwizard3.Dm3MetricRegistriesImpl (Dm3MetricRegistriesImpl.java:addReporterRegistration(113)) - New reporters are added after registries were created. Some metrics will be missing from the reporter. Please add reporter before adding any new registry.
2024-01-26 13:20:07,329 [main] WARN  dropwizard3.Dm3MetricRegistriesImpl (Dm3MetricRegistriesImpl.java:addReporterRegistration(113)) - New reporters are added after registries were created. Some metrics will be missing from the reporter. Please add reporter before adding any new registry.
2024-01-26 13:20:07,330 [main] INFO  impl.MetricsSystemImpl (MetricsSystemImpl.java:init(158)) - HddsDatanode metrics system started (again)
2024-01-26 13:20:07,329 [97e940e6-23da-4943-8422-3d5ca177be46-DatanodeStateMachineDaemonThread] INFO  statemachine.DatanodeStateMachine (DatanodeStateMachine.java:lambda$startDaemon$1(555)) - Ozone container server started.
2024-01-26 13:20:07,337 [97e940e6-23da-4943-8422-3d5ca177be46-DatanodeStateMachineTaskThread-0] INFO  datanode.InitDatanodeState (InitDatanodeState.java:persistContainerDatanodeDetails(139)) - DatanodeDetails is persisted to /home/runner/work/ozone/ozone/hadoop-ozone/integration-test/target/test-dir/MiniOzoneClusterImpl-6bed2868-cd70-4a3d-a9ed-67052a48ddc2/datanode-3/meta/datanode.id
2024-01-26 13:20:07,340 [main] INFO  ozone.HddsDatanodeService (HddsDatanodeService.java:start(239)) - HddsDatanodeService host:fv-az983-443.a2pef1dptxmevgtwlerx3iae4a.cx.internal.cloudapp.net ip:10.1.0.20
2024-01-26 13:20:07,364 [main] INFO  upgrade.AbstractLayoutVersionManager (AbstractLayoutVersionManager.java:init(83)) - Initializing Layout version manager with metadata layout = HADOOP_PRC_PORTS_IN_DATANODEDETAILS (version = 7), software layout = HADOOP_PRC_PORTS_IN_DATANODEDETAILS (version = 7)
2024-01-26 13:20:07,365 [main] INFO  statemachine.DatanodeStateMachine (DatanodeStateMachine.java:getEndPointTaskThreadPoolSize(299)) - Datanode State Machine Task Thread Pool size 2
2024-01-26 13:20:07,366 [main] INFO  volume.HddsVolume (HddsVolume.java:<init>(125)) - Creating HddsVolume: /home/runner/work/ozone/ozone/hadoop-ozone/integration-test/target/test-dir/MiniOzoneClusterImpl-6bed2868-cd70-4a3d-a9ed-67052a48ddc2/datanode-4/data-0/containers/hdds of storage type : DISK capacity : 9223372036854775807
2024-01-26 13:20:07,366 [main] INFO  volume.MutableVolumeSet (MutableVolumeSet.java:initializeVolumeSet(173)) - Added Volume : /home/runner/work/ozone/ozone/hadoop-ozone/integration-test/target/test-dir/MiniOzoneClusterImpl-6bed2868-cd70-4a3d-a9ed-67052a48ddc2/datanode-4/data-0/containers/hdds to VolumeSet
2024-01-26 13:20:07,367 [main] INFO  volume.MutableVolumeSet (MutableVolumeSet.java:initializeVolumeSet(173)) - Added Volume : /home/runner/work/ozone/ozone/hadoop-ozone/integration-test/target/test-dir/MiniOzoneClusterImpl-6bed2868-cd70-4a3d-a9ed-67052a48ddc2/datanode-4/data/ratis to VolumeSet
2024-01-26 13:20:07,367 [main] INFO  ozoneimpl.OzoneContainer (HddsVolumeUtil.java:loadAllHddsVolumeDbStore(103)) - Load 1 volumes DbStore cost: 0ms
2024-01-26 13:20:07,368 [fed085ba-920d-45a3-8aa6-0ed8c2482a63-ContainerReader-0] INFO  ozoneimpl.ContainerReader (ContainerReader.java:readVolume(178)) - Finish verifying containers on volume /home/runner/work/ozone/ozone/hadoop-ozone/integration-test/target/test-dir/MiniOzoneClusterImpl-6bed2868-cd70-4a3d-a9ed-67052a48ddc2/datanode-4/data-0/containers/hdds
2024-01-26 13:20:07,368 [main] INFO  ozoneimpl.OzoneContainer (OzoneContainer.java:buildContainerSet(328)) - Build ContainerSet costs 0s
2024-01-26 13:20:07,371 [main] INFO  server.RaftServer (ConfUtils.java:logGet(46)) - raft.rpc.type = GRPC (default)
2024-01-26 13:20:07,371 [main] INFO  grpc.GrpcConfigKeys (ConfUtils.java:logFallback(53)) - raft.grpc.admin.host = null (fallback to raft.grpc.server.host)
2024-01-26 13:20:07,371 [main] INFO  grpc.GrpcConfigKeys (ConfUtils.java:logGet(46)) - raft.grpc.admin.port = 15138 (custom)
2024-01-26 13:20:07,372 [main] INFO  grpc.GrpcConfigKeys (ConfUtils.java:logFallback(53)) - raft.grpc.client.host = null (fallback to raft.grpc.server.host)
2024-01-26 13:20:07,372 [main] INFO  grpc.GrpcConfigKeys (ConfUtils.java:logGet(46)) - raft.grpc.client.port = 15137 (custom)
2024-01-26 13:20:07,372 [main] INFO  grpc.GrpcConfigKeys (ConfUtils.java:logGet(46)) - raft.grpc.server.host = null (default)
2024-01-26 13:20:07,372 [main] INFO  grpc.GrpcConfigKeys (ConfUtils.java:logGet(46)) - raft.grpc.server.port = 15139 (custom)
2024-01-26 13:20:07,373 [main] INFO  server.GrpcService (ConfUtils.java:logGet(46)) - raft.grpc.message.size.max = 32MB (=33554432) (custom)
2024-01-26 13:20:07,373 [main] INFO  server.RaftServerConfigKeys (ConfUtils.java:logGet(46)) - raft.server.log.appender.buffer.byte-limit = 8388608 (custom)
2024-01-26 13:20:07,373 [main] INFO  server.GrpcService (ConfUtils.java:logGet(46)) - raft.grpc.flow.control.window = 5MB (=5242880) (custom)
2024-01-26 13:20:07,373 [main] INFO  server.RaftServerConfigKeys (ConfUtils.java:logGet(46)) - raft.server.rpc.request.timeout = 3000ms (default)
2024-01-26 13:20:07,373 [main] INFO  grpc.GrpcConfigKeys (ConfUtils.java:logGet(46)) - raft.grpc.server.heartbeat.channel = true (default)
2024-01-26 13:20:07,374 [main] INFO  grpc.GrpcConfigKeys (ConfUtils.java:logGet(46)) - raft.grpc.server.async.request.thread.pool.cached = true (default)
2024-01-26 13:20:07,374 [main] INFO  grpc.GrpcConfigKeys (ConfUtils.java:logGet(46)) - raft.grpc.server.async.request.thread.pool.size = 32 (default)
2024-01-26 13:20:07,376 [main] INFO  impl.DataStreamServerImpl (ConfUtils.java:logGet(46)) - raft.datastream.type = NETTY (custom)
2024-01-26 13:20:07,377 [main] INFO  server.RaftServerConfigKeys (ConfUtils.java:logGet(46)) - raft.server.data-stream.async.request.thread.pool.cached = false (default)
2024-01-26 13:20:07,377 [main] INFO  server.RaftServerConfigKeys (ConfUtils.java:logGet(46)) - raft.server.data-stream.async.request.thread.pool.size = 20 (custom)
2024-01-26 13:20:07,377 [main] INFO  server.RaftServerConfigKeys (ConfUtils.java:logGet(46)) - raft.server.data-stream.async.write.thread.pool.size = 16 (default)
2024-01-26 13:20:07,377 [main] INFO  netty.NettyConfigKeys$DataStream (ConfUtils.java:logGet(46)) - raft.netty.dataStream.server.channel.inactive.grace-period = 10min (default)
2024-01-26 13:20:07,378 [main] INFO  server.RaftServerConfigKeys (ConfUtils.java:logGet(46)) - raft.server.data-stream.client.pool.size = 10 (default)
2024-01-26 13:20:07,378 [main] INFO  netty.NettyConfigKeys$DataStream (ConfUtils.java:logGet(46)) - raft.netty.dataStream.server.use-epoll = true (default)
2024-01-26 13:20:07,378 [main] INFO  netty.NettyConfigKeys$DataStream (ConfUtils.java:logGet(46)) - raft.netty.dataStream.server.boss-group.size = 0 (default)
2024-01-26 13:20:07,378 [main] INFO  netty.NettyUtils (NettyUtils.java:newEventLoopGroup(69)) - Create EpollEventLoopGroup for fed085ba-920d-45a3-8aa6-0ed8c2482a63-NettyServerStreamRpc-bossGroup; Thread size is 0.
2024-01-26 13:20:07,379 [main] INFO  netty.NettyConfigKeys$DataStream (ConfUtils.java:logGet(46)) - raft.netty.dataStream.server.worker-group.size = 0 (default)
2024-01-26 13:20:07,379 [main] INFO  netty.NettyUtils (NettyUtils.java:newEventLoopGroup(69)) - Create EpollEventLoopGroup for fed085ba-920d-45a3-8aa6-0ed8c2482a63-NettyServerStreamRpc-workerGroup; Thread size is 0.
2024-01-26 13:20:07,380 [main] INFO  netty.NettyConfigKeys$DataStream (ConfUtils.java:logGet(46)) - raft.netty.dataStream.server.tls.conf = null (default)
2024-01-26 13:20:07,380 [main] INFO  netty.NettyConfigKeys$DataStream (ConfUtils.java:logGet(46)) - raft.netty.dataStream.host = null (default)
2024-01-26 13:20:07,380 [main] INFO  netty.NettyConfigKeys$DataStream (ConfUtils.java:logGet(46)) - raft.netty.dataStream.port = 15140 (custom)
2024-01-26 13:20:07,380 [main] INFO  server.RaftServerConfigKeys (ConfUtils.java:logGet(46)) - raft.server.sleep.deviation.threshold = 300ms (default)
2024-01-26 13:20:07,381 [fed085ba-920d-45a3-8aa6-0ed8c2482a63-NettyServerStreamRpc-bossGroup--thread1] INFO  logging.LoggingHandler (AbstractInternalLogger.java:log(148)) - [id: 0xc9a55fa7] REGISTERED
2024-01-26 13:20:07,381 [main] INFO  server.RaftServerConfigKeys (ConfUtils.java:logGet(46)) - raft.server.close.threshold = 60s (default)
2024-01-26 13:20:07,381 [fed085ba-920d-45a3-8aa6-0ed8c2482a63-NettyServerStreamRpc-bossGroup--thread1] INFO  logging.LoggingHandler (AbstractInternalLogger.java:log(148)) - [id: 0xc9a55fa7] BIND: 0.0.0.0/0.0.0.0:15140
2024-01-26 13:20:07,381 [main] INFO  server.RaftServerConfigKeys (ConfUtils.java:logGet(46)) - raft.server.leaderelection.leader.step-down.wait-time = 10s (default)
2024-01-26 13:20:07,381 [fed085ba-920d-45a3-8aa6-0ed8c2482a63-NettyServerStreamRpc-bossGroup--thread1] INFO  logging.LoggingHandler (AbstractInternalLogger.java:log(148)) - [id: 0xc9a55fa7, L:/0.0.0.0:15140] ACTIVE
2024-01-26 13:20:07,381 [main] INFO  server.RaftServerConfigKeys (ConfUtils.java:logGet(46)) - raft.server.storage.dir = [/home/runner/work/ozone/ozone/hadoop-ozone/integration-test/target/test-dir/MiniOzoneClusterImpl-6bed2868-cd70-4a3d-a9ed-67052a48ddc2/datanode-4/data/ratis] (custom)
2024-01-26 13:20:07,382 [main] INFO  server.RaftServerConfigKeys (ConfUtils.java:logGet(46)) - raft.server.threadpool.proxy.cached = true (default)
2024-01-26 13:20:07,382 [main] INFO  server.RaftServerConfigKeys (ConfUtils.java:logGet(46)) - raft.server.threadpool.proxy.size = 0 (default)
2024-01-26 13:20:07,382 [fed085ba-920d-45a3-8aa6-0ed8c2482a63-impl-thread1] INFO  server.RaftServer (RaftServerProxy.java:initGroupDir(264)) - fed085ba-920d-45a3-8aa6-0ed8c2482a63: found a subdirectory /home/runner/work/ozone/ozone/hadoop-ozone/integration-test/target/test-dir/MiniOzoneClusterImpl-6bed2868-cd70-4a3d-a9ed-67052a48ddc2/datanode-4/data/ratis/tmp
2024-01-26 13:20:07,382 [fed085ba-920d-45a3-8aa6-0ed8c2482a63-impl-thread1] INFO  server.RaftServer (RaftServerProxy.java:initGroupDir(269)) - fed085ba-920d-45a3-8aa6-0ed8c2482a63: The directory /home/runner/work/ozone/ozone/hadoop-ozone/integration-test/target/test-dir/MiniOzoneClusterImpl-6bed2868-cd70-4a3d-a9ed-67052a48ddc2/datanode-4/data/ratis/tmp is not a group directory; ignoring it. 
2024-01-26 13:20:07,383 [main] INFO  replication.ReplicationServer (ReplicationServer.java:<init>(85)) - Initializing replication server with thread count = 10 queue length = 4096
2024-01-26 13:20:07,384 [main] INFO  server.XceiverServerGrpc (XceiverServerGrpc.java:<init>(141)) - GrpcServer channel type EpollServerSocketChannel
2024-01-26 13:20:07,385 [main] INFO  replication.ReplicationSupervisor (ReplicationSupervisor.java:build(163)) - Initializing replication supervisor with thread count = 10
2024-01-26 13:20:07,386 [main] INFO  replication.ReplicationSupervisor (ReplicationSupervisor.java:nodeStateUpdated(317)) - Node state updated to IN_SERVICE, scaling executor pool size to 10
2024-01-26 13:20:07,388 [main] INFO  http.BaseHttpServer (BaseHttpServer.java:newHttpServer2BuilderForOzone(223)) - Starting Web-server for hddsDatanode at: http://0.0.0.0:15134
2024-01-26 13:20:07,388 [main] INFO  http.BaseHttpServer (BaseHttpServer.java:<init>(110)) - Hadoop Security Enabled: false Ozone Security Enabled: false Ozone HTTP Security Enabled: false 
2024-01-26 13:20:07,389 [main] WARN  server.AuthenticationFilter (AuthenticationFilter.java:constructSecretProvider(240)) - Unable to initialize FileSignerSecretProvider, falling back to use random secrets. Reason: Could not read signature secret file: /home/runner/hadoop-http-auth-signature-secret
2024-01-26 13:20:07,390 [main] INFO  http.HttpRequestLog (HttpRequestLog.java:getRequestLog(86)) - Http request log for http.requests.hddsDatanode is not defined
2024-01-26 13:20:07,391 [main] INFO  http.HttpServer2 (HttpServer2.java:addGlobalFilter(1036)) - Added global filter 'safety' (class=org.apache.hadoop.hdds.server.http.HttpServer2$QuotingInputFilter)
2024-01-26 13:20:07,391 [main] INFO  http.HttpServer2 (HttpServer2.java:addFilter(1012)) - Added filter static_user_filter (class=org.apache.hadoop.http.lib.StaticUserWebFilter$StaticUserFilter) to context hddsDatanode
2024-01-26 13:20:07,391 [main] INFO  http.HttpServer2 (HttpServer2.java:addFilter(1020)) - Added filter static_user_filter (class=org.apache.hadoop.http.lib.StaticUserWebFilter$StaticUserFilter) to context static
2024-01-26 13:20:07,391 [main] INFO  http.HttpServer2 (HttpServer2.java:addFilter(1020)) - Added filter static_user_filter (class=org.apache.hadoop.http.lib.StaticUserWebFilter$StaticUserFilter) to context logs
2024-01-26 13:20:07,392 [main] INFO  http.BaseHttpServer (BaseHttpServer.java:<init>(189)) - HTTP server of hddsDatanode uses base directory /home/runner/work/ozone/ozone/hadoop-ozone/integration-test/target/test-dir/MiniOzoneClusterImpl-6bed2868-cd70-4a3d-a9ed-67052a48ddc2/datanode-4/meta/webserver
2024-01-26 13:20:07,392 [main] INFO  http.HttpServer2 (HttpServer2.java:bindListener(1236)) - Jetty bound to port 15134
2024-01-26 13:20:07,392 [main] INFO  server.Server (Server.java:doStart(375)) - jetty-9.4.53.v20231009; built: 2023-10-09T12:29:09.265Z; git: 27bde00a0b95a1d5bbee0eae7984f891d2d0f8c9; jvm 1.8.0_392-b08
2024-01-26 13:20:07,395 [main] INFO  server.session (DefaultSessionIdManager.java:doStart(334)) - DefaultSessionIdManager workerName=node0
2024-01-26 13:20:07,395 [main] INFO  server.session (DefaultSessionIdManager.java:doStart(339)) - No SessionScavenger set, using defaults
2024-01-26 13:20:07,395 [main] INFO  server.session (HouseKeeper.java:startScavenging(132)) - node0 Scavenging every 600000ms
2024-01-26 13:20:07,396 [main] INFO  handler.ContextHandler (ContextHandler.java:doStart(921)) - Started o.e.j.s.ServletContextHandler@3d2e59c{logs,/logs,file:///home/runner/work/ozone/ozone/hadoop-ozone/integration-test/target/log,AVAILABLE}
2024-01-26 13:20:07,396 [main] INFO  handler.ContextHandler (ContextHandler.java:doStart(921)) - Started o.e.j.s.ServletContextHandler@14cdf63b{static,/static,jar:file:/home/runner/.m2/repository/org/apache/ozone/hdds-container-service/1.5.0-SNAPSHOT/hdds-container-service-1.5.0-SNAPSHOT.jar!/webapps/static,AVAILABLE}
2024-01-26 13:20:07,430 [main] INFO  handler.ContextHandler (ContextHandler.java:doStart(921)) - Started o.e.j.w.WebAppContext@38dee549{hddsDatanode,/,file:///home/runner/work/ozone/ozone/hadoop-ozone/integration-test/target/test-dir/MiniOzoneClusterImpl-6bed2868-cd70-4a3d-a9ed-67052a48ddc2/datanode-4/meta/webserver/jetty-0_0_0_0-15134-hdds-container-service-1_5_0-SNAPSHOT_jar-_-any-5182854348327473275/webapp/,AVAILABLE}{jar:file:/home/runner/.m2/repository/org/apache/ozone/hdds-container-service/1.5.0-SNAPSHOT/hdds-container-service-1.5.0-SNAPSHOT.jar!/webapps/hddsDatanode}
2024-01-26 13:20:07,433 [main] INFO  server.AbstractConnector (AbstractConnector.java:doStart(333)) - Started ServerConnector@4c954f7d{HTTP/1.1, (http/1.1)}{0.0.0.0:15134}
2024-01-26 13:20:07,433 [main] INFO  server.Server (Server.java:doStart(415)) - Started @43896ms
2024-01-26 13:20:07,433 [main] WARN  impl.MetricsSystemImpl (MetricsSystemImpl.java:register(279)) - Sink prometheus already exists!
2024-01-26 13:20:07,433 [main] INFO  http.BaseHttpServer (BaseHttpServer.java:updateConnectorAddress(354)) - HTTP server of hddsDatanode listening at http://0.0.0.0:15134
2024-01-26 13:20:07,434 [main] INFO  ipc.CallQueueManager (CallQueueManager.java:<init>(90)) - Using callQueue: class java.util.concurrent.LinkedBlockingQueue, queueCapacity: 100, scheduler: class org.apache.hadoop.ipc.DefaultRpcScheduler, ipcBackoff: false.
2024-01-26 13:20:07,434 [main] INFO  ipc.Server (Server.java:<init>(1287)) - Listener at 0.0.0.0:15135
2024-01-26 13:20:07,434 [Socket Reader #1 for port 15135] INFO  ipc.Server (Server.java:run(1323)) - Starting Socket Reader #1 for port 15135
2024-01-26 13:20:07,437 [main] INFO  ozone.HddsDatanodeService (HddsDatanodeService.java:start(324)) - Datanode start with admins: [runner]
2024-01-26 13:20:07,437 [main] INFO  ozone.HddsDatanodeClientProtocolServer (HddsDatanodeClientProtocolServer.java:start(72)) - RPC server for Client /0.0.0.0:15135
2024-01-26 13:20:07,437 [IPC Server Responder] INFO  ipc.Server (Server.java:run(1562)) - IPC Server Responder: starting
2024-01-26 13:20:07,437 [IPC Server listener on 15135] INFO  ipc.Server (Server.java:run(1402)) - IPC Server listener on 15135: starting
2024-01-26 13:20:07,441 [fed085ba-920d-45a3-8aa6-0ed8c2482a63-DatanodeStateMachineDaemonThread] INFO  statemachine.DatanodeStateMachine (DatanodeStateMachine.java:lambda$startDaemon$1(555)) - Ozone container server started.
2024-01-26 13:20:07,441 [main] WARN  dropwizard3.Dm3MetricRegistriesImpl (Dm3MetricRegistriesImpl.java:addReporterRegistration(113)) - New reporters are added after registries were created. Some metrics will be missing from the reporter. Please add reporter before adding any new registry.
2024-01-26 13:20:07,442 [main] WARN  dropwizard3.Dm3MetricRegistriesImpl (Dm3MetricRegistriesImpl.java:addReporterRegistration(113)) - New reporters are added after registries were created. Some metrics will be missing from the reporter. Please add reporter before adding any new registry.
2024-01-26 13:20:07,442 [main] INFO  impl.MetricsSystemImpl (MetricsSystemImpl.java:init(158)) - HddsDatanode metrics system started (again)
2024-01-26 13:20:07,445 [fed085ba-920d-45a3-8aa6-0ed8c2482a63-DatanodeStateMachineTaskThread-0] INFO  datanode.InitDatanodeState (InitDatanodeState.java:persistContainerDatanodeDetails(139)) - DatanodeDetails is persisted to /home/runner/work/ozone/ozone/hadoop-ozone/integration-test/target/test-dir/MiniOzoneClusterImpl-6bed2868-cd70-4a3d-a9ed-67052a48ddc2/datanode-4/meta/datanode.id
2024-01-26 13:20:07,450 [main] INFO  ozone.HddsDatanodeService (HddsDatanodeService.java:start(239)) - HddsDatanodeService host:fv-az983-443.a2pef1dptxmevgtwlerx3iae4a.cx.internal.cloudapp.net ip:10.1.0.20
2024-01-26 13:20:07,468 [main] INFO  upgrade.AbstractLayoutVersionManager (AbstractLayoutVersionManager.java:init(83)) - Initializing Layout version manager with metadata layout = HADOOP_PRC_PORTS_IN_DATANODEDETAILS (version = 7), software layout = HADOOP_PRC_PORTS_IN_DATANODEDETAILS (version = 7)
2024-01-26 13:20:07,468 [main] INFO  statemachine.DatanodeStateMachine (DatanodeStateMachine.java:getEndPointTaskThreadPoolSize(299)) - Datanode State Machine Task Thread Pool size 2
2024-01-26 13:20:07,469 [main] INFO  volume.HddsVolume (HddsVolume.java:<init>(125)) - Creating HddsVolume: /home/runner/work/ozone/ozone/hadoop-ozone/integration-test/target/test-dir/MiniOzoneClusterImpl-6bed2868-cd70-4a3d-a9ed-67052a48ddc2/datanode-5/data-0/containers/hdds of storage type : DISK capacity : 9223372036854775807
2024-01-26 13:20:07,469 [main] INFO  volume.MutableVolumeSet (MutableVolumeSet.java:initializeVolumeSet(173)) - Added Volume : /home/runner/work/ozone/ozone/hadoop-ozone/integration-test/target/test-dir/MiniOzoneClusterImpl-6bed2868-cd70-4a3d-a9ed-67052a48ddc2/datanode-5/data-0/containers/hdds to VolumeSet
2024-01-26 13:20:07,470 [main] INFO  volume.MutableVolumeSet (MutableVolumeSet.java:initializeVolumeSet(173)) - Added Volume : /home/runner/work/ozone/ozone/hadoop-ozone/integration-test/target/test-dir/MiniOzoneClusterImpl-6bed2868-cd70-4a3d-a9ed-67052a48ddc2/datanode-5/data/ratis to VolumeSet
2024-01-26 13:20:07,470 [main] INFO  ozoneimpl.OzoneContainer (HddsVolumeUtil.java:loadAllHddsVolumeDbStore(103)) - Load 1 volumes DbStore cost: 0ms
2024-01-26 13:20:07,470 [3245821d-006a-4b2e-a5ee-2fe443b67b2f-ContainerReader-0] INFO  ozoneimpl.ContainerReader (ContainerReader.java:readVolume(178)) - Finish verifying containers on volume /home/runner/work/ozone/ozone/hadoop-ozone/integration-test/target/test-dir/MiniOzoneClusterImpl-6bed2868-cd70-4a3d-a9ed-67052a48ddc2/datanode-5/data-0/containers/hdds
2024-01-26 13:20:07,470 [main] INFO  ozoneimpl.OzoneContainer (OzoneContainer.java:buildContainerSet(328)) - Build ContainerSet costs 0s
2024-01-26 13:20:07,472 [main] INFO  server.RaftServer (ConfUtils.java:logGet(46)) - raft.rpc.type = GRPC (default)
2024-01-26 13:20:07,472 [main] INFO  grpc.GrpcConfigKeys (ConfUtils.java:logFallback(53)) - raft.grpc.admin.host = null (fallback to raft.grpc.server.host)
2024-01-26 13:20:07,472 [main] INFO  grpc.GrpcConfigKeys (ConfUtils.java:logGet(46)) - raft.grpc.admin.port = 15147 (custom)
2024-01-26 13:20:07,473 [main] INFO  grpc.GrpcConfigKeys (ConfUtils.java:logFallback(53)) - raft.grpc.client.host = null (fallback to raft.grpc.server.host)
2024-01-26 13:20:07,473 [main] INFO  grpc.GrpcConfigKeys (ConfUtils.java:logGet(46)) - raft.grpc.client.port = 15146 (custom)
2024-01-26 13:20:07,473 [main] INFO  grpc.GrpcConfigKeys (ConfUtils.java:logGet(46)) - raft.grpc.server.host = null (default)
2024-01-26 13:20:07,473 [main] INFO  grpc.GrpcConfigKeys (ConfUtils.java:logGet(46)) - raft.grpc.server.port = 15148 (custom)
2024-01-26 13:20:07,473 [main] INFO  server.GrpcService (ConfUtils.java:logGet(46)) - raft.grpc.message.size.max = 32MB (=33554432) (custom)
2024-01-26 13:20:07,473 [main] INFO  server.RaftServerConfigKeys (ConfUtils.java:logGet(46)) - raft.server.log.appender.buffer.byte-limit = 8388608 (custom)
2024-01-26 13:20:07,473 [main] INFO  server.GrpcService (ConfUtils.java:logGet(46)) - raft.grpc.flow.control.window = 5MB (=5242880) (custom)
2024-01-26 13:20:07,473 [main] INFO  server.RaftServerConfigKeys (ConfUtils.java:logGet(46)) - raft.server.rpc.request.timeout = 3000ms (default)
2024-01-26 13:20:07,473 [main] INFO  grpc.GrpcConfigKeys (ConfUtils.java:logGet(46)) - raft.grpc.server.heartbeat.channel = true (default)
2024-01-26 13:20:07,474 [main] INFO  grpc.GrpcConfigKeys (ConfUtils.java:logGet(46)) - raft.grpc.server.async.request.thread.pool.cached = true (default)
2024-01-26 13:20:07,474 [main] INFO  grpc.GrpcConfigKeys (ConfUtils.java:logGet(46)) - raft.grpc.server.async.request.thread.pool.size = 32 (default)
2024-01-26 13:20:07,475 [main] INFO  impl.DataStreamServerImpl (ConfUtils.java:logGet(46)) - raft.datastream.type = NETTY (custom)
2024-01-26 13:20:07,476 [main] INFO  server.RaftServerConfigKeys (ConfUtils.java:logGet(46)) - raft.server.data-stream.async.request.thread.pool.cached = false (default)
2024-01-26 13:20:07,476 [main] INFO  server.RaftServerConfigKeys (ConfUtils.java:logGet(46)) - raft.server.data-stream.async.request.thread.pool.size = 20 (custom)
2024-01-26 13:20:07,476 [main] INFO  server.RaftServerConfigKeys (ConfUtils.java:logGet(46)) - raft.server.data-stream.async.write.thread.pool.size = 16 (default)
2024-01-26 13:20:07,476 [main] INFO  netty.NettyConfigKeys$DataStream (ConfUtils.java:logGet(46)) - raft.netty.dataStream.server.channel.inactive.grace-period = 10min (default)
2024-01-26 13:20:07,476 [main] INFO  server.RaftServerConfigKeys (ConfUtils.java:logGet(46)) - raft.server.data-stream.client.pool.size = 10 (default)
2024-01-26 13:20:07,476 [main] INFO  netty.NettyConfigKeys$DataStream (ConfUtils.java:logGet(46)) - raft.netty.dataStream.server.use-epoll = true (default)
2024-01-26 13:20:07,476 [main] INFO  netty.NettyConfigKeys$DataStream (ConfUtils.java:logGet(46)) - raft.netty.dataStream.server.boss-group.size = 0 (default)
2024-01-26 13:20:07,476 [main] INFO  netty.NettyUtils (NettyUtils.java:newEventLoopGroup(69)) - Create EpollEventLoopGroup for 3245821d-006a-4b2e-a5ee-2fe443b67b2f-NettyServerStreamRpc-bossGroup; Thread size is 0.
2024-01-26 13:20:07,477 [main] INFO  netty.NettyConfigKeys$DataStream (ConfUtils.java:logGet(46)) - raft.netty.dataStream.server.worker-group.size = 0 (default)
2024-01-26 13:20:07,477 [main] INFO  netty.NettyUtils (NettyUtils.java:newEventLoopGroup(69)) - Create EpollEventLoopGroup for 3245821d-006a-4b2e-a5ee-2fe443b67b2f-NettyServerStreamRpc-workerGroup; Thread size is 0.
2024-01-26 13:20:07,477 [main] INFO  netty.NettyConfigKeys$DataStream (ConfUtils.java:logGet(46)) - raft.netty.dataStream.server.tls.conf = null (default)
2024-01-26 13:20:07,477 [main] INFO  netty.NettyConfigKeys$DataStream (ConfUtils.java:logGet(46)) - raft.netty.dataStream.host = null (default)
2024-01-26 13:20:07,478 [main] INFO  netty.NettyConfigKeys$DataStream (ConfUtils.java:logGet(46)) - raft.netty.dataStream.port = 15149 (custom)
2024-01-26 13:20:07,478 [main] INFO  server.RaftServerConfigKeys (ConfUtils.java:logGet(46)) - raft.server.sleep.deviation.threshold = 300ms (default)
2024-01-26 13:20:07,478 [main] INFO  server.RaftServerConfigKeys (ConfUtils.java:logGet(46)) - raft.server.close.threshold = 60s (default)
2024-01-26 13:20:07,478 [3245821d-006a-4b2e-a5ee-2fe443b67b2f-NettyServerStreamRpc-bossGroup--thread1] INFO  logging.LoggingHandler (AbstractInternalLogger.java:log(148)) - [id: 0x95042444] REGISTERED
2024-01-26 13:20:07,478 [main] INFO  server.RaftServerConfigKeys (ConfUtils.java:logGet(46)) - raft.server.leaderelection.leader.step-down.wait-time = 10s (default)
2024-01-26 13:20:07,478 [3245821d-006a-4b2e-a5ee-2fe443b67b2f-NettyServerStreamRpc-bossGroup--thread1] INFO  logging.LoggingHandler (AbstractInternalLogger.java:log(148)) - [id: 0x95042444] BIND: 0.0.0.0/0.0.0.0:15149
2024-01-26 13:20:07,478 [main] INFO  server.RaftServerConfigKeys (ConfUtils.java:logGet(46)) - raft.server.storage.dir = [/home/runner/work/ozone/ozone/hadoop-ozone/integration-test/target/test-dir/MiniOzoneClusterImpl-6bed2868-cd70-4a3d-a9ed-67052a48ddc2/datanode-5/data/ratis] (custom)
2024-01-26 13:20:07,478 [3245821d-006a-4b2e-a5ee-2fe443b67b2f-NettyServerStreamRpc-bossGroup--thread1] INFO  logging.LoggingHandler (AbstractInternalLogger.java:log(148)) - [id: 0x95042444, L:/0.0.0.0:15149] ACTIVE
2024-01-26 13:20:07,479 [main] INFO  server.RaftServerConfigKeys (ConfUtils.java:logGet(46)) - raft.server.threadpool.proxy.cached = true (default)
2024-01-26 13:20:07,479 [main] INFO  server.RaftServerConfigKeys (ConfUtils.java:logGet(46)) - raft.server.threadpool.proxy.size = 0 (default)
2024-01-26 13:20:07,479 [3245821d-006a-4b2e-a5ee-2fe443b67b2f-impl-thread1] INFO  server.RaftServer (RaftServerProxy.java:initGroupDir(264)) - 3245821d-006a-4b2e-a5ee-2fe443b67b2f: found a subdirectory /home/runner/work/ozone/ozone/hadoop-ozone/integration-test/target/test-dir/MiniOzoneClusterImpl-6bed2868-cd70-4a3d-a9ed-67052a48ddc2/datanode-5/data/ratis/tmp
2024-01-26 13:20:07,479 [3245821d-006a-4b2e-a5ee-2fe443b67b2f-impl-thread1] INFO  server.RaftServer (RaftServerProxy.java:initGroupDir(269)) - 3245821d-006a-4b2e-a5ee-2fe443b67b2f: The directory /home/runner/work/ozone/ozone/hadoop-ozone/integration-test/target/test-dir/MiniOzoneClusterImpl-6bed2868-cd70-4a3d-a9ed-67052a48ddc2/datanode-5/data/ratis/tmp is not a group directory; ignoring it. 
2024-01-26 13:20:07,479 [main] INFO  replication.ReplicationServer (ReplicationServer.java:<init>(85)) - Initializing replication server with thread count = 10 queue length = 4096
2024-01-26 13:20:07,481 [main] INFO  server.XceiverServerGrpc (XceiverServerGrpc.java:<init>(141)) - GrpcServer channel type EpollServerSocketChannel
2024-01-26 13:20:07,485 [main] INFO  replication.ReplicationSupervisor (ReplicationSupervisor.java:build(163)) - Initializing replication supervisor with thread count = 10
2024-01-26 13:20:07,485 [main] INFO  replication.ReplicationSupervisor (ReplicationSupervisor.java:nodeStateUpdated(317)) - Node state updated to IN_SERVICE, scaling executor pool size to 10
2024-01-26 13:20:07,488 [main] INFO  http.BaseHttpServer (BaseHttpServer.java:newHttpServer2BuilderForOzone(223)) - Starting Web-server for hddsDatanode at: http://0.0.0.0:15143
2024-01-26 13:20:07,488 [main] INFO  http.BaseHttpServer (BaseHttpServer.java:<init>(110)) - Hadoop Security Enabled: false Ozone Security Enabled: false Ozone HTTP Security Enabled: false 
2024-01-26 13:20:07,489 [main] WARN  server.AuthenticationFilter (AuthenticationFilter.java:constructSecretProvider(240)) - Unable to initialize FileSignerSecretProvider, falling back to use random secrets. Reason: Could not read signature secret file: /home/runner/hadoop-http-auth-signature-secret
2024-01-26 13:20:07,492 [main] INFO  http.HttpRequestLog (HttpRequestLog.java:getRequestLog(86)) - Http request log for http.requests.hddsDatanode is not defined
2024-01-26 13:20:07,493 [main] INFO  http.HttpServer2 (HttpServer2.java:addGlobalFilter(1036)) - Added global filter 'safety' (class=org.apache.hadoop.hdds.server.http.HttpServer2$QuotingInputFilter)
2024-01-26 13:20:07,494 [main] INFO  http.HttpServer2 (HttpServer2.java:addFilter(1012)) - Added filter static_user_filter (class=org.apache.hadoop.http.lib.StaticUserWebFilter$StaticUserFilter) to context hddsDatanode
2024-01-26 13:20:07,494 [main] INFO  http.HttpServer2 (HttpServer2.java:addFilter(1020)) - Added filter static_user_filter (class=org.apache.hadoop.http.lib.StaticUserWebFilter$StaticUserFilter) to context static
2024-01-26 13:20:07,494 [main] INFO  http.HttpServer2 (HttpServer2.java:addFilter(1020)) - Added filter static_user_filter (class=org.apache.hadoop.http.lib.StaticUserWebFilter$StaticUserFilter) to context logs
2024-01-26 13:20:07,495 [main] INFO  http.BaseHttpServer (BaseHttpServer.java:<init>(189)) - HTTP server of hddsDatanode uses base directory /home/runner/work/ozone/ozone/hadoop-ozone/integration-test/target/test-dir/MiniOzoneClusterImpl-6bed2868-cd70-4a3d-a9ed-67052a48ddc2/datanode-5/meta/webserver
2024-01-26 13:20:07,495 [main] INFO  http.HttpServer2 (HttpServer2.java:bindListener(1236)) - Jetty bound to port 15143
2024-01-26 13:20:07,495 [main] INFO  server.Server (Server.java:doStart(375)) - jetty-9.4.53.v20231009; built: 2023-10-09T12:29:09.265Z; git: 27bde00a0b95a1d5bbee0eae7984f891d2d0f8c9; jvm 1.8.0_392-b08
2024-01-26 13:20:07,496 [main] INFO  server.session (DefaultSessionIdManager.java:doStart(334)) - DefaultSessionIdManager workerName=node0
2024-01-26 13:20:07,496 [main] INFO  server.session (DefaultSessionIdManager.java:doStart(339)) - No SessionScavenger set, using defaults
2024-01-26 13:20:07,496 [main] INFO  server.session (HouseKeeper.java:startScavenging(132)) - node0 Scavenging every 660000ms
2024-01-26 13:20:07,497 [main] INFO  handler.ContextHandler (ContextHandler.java:doStart(921)) - Started o.e.j.s.ServletContextHandler@7ce29673{logs,/logs,file:///home/runner/work/ozone/ozone/hadoop-ozone/integration-test/target/log,AVAILABLE}
2024-01-26 13:20:07,498 [main] INFO  handler.ContextHandler (ContextHandler.java:doStart(921)) - Started o.e.j.s.ServletContextHandler@308bd8bb{static,/static,jar:file:/home/runner/.m2/repository/org/apache/ozone/hdds-container-service/1.5.0-SNAPSHOT/hdds-container-service-1.5.0-SNAPSHOT.jar!/webapps/static,AVAILABLE}
2024-01-26 13:20:07,532 [main] INFO  handler.ContextHandler (ContextHandler.java:doStart(921)) - Started o.e.j.w.WebAppContext@4ce65fa4{hddsDatanode,/,file:///home/runner/work/ozone/ozone/hadoop-ozone/integration-test/target/test-dir/MiniOzoneClusterImpl-6bed2868-cd70-4a3d-a9ed-67052a48ddc2/datanode-5/meta/webserver/jetty-0_0_0_0-15143-hdds-container-service-1_5_0-SNAPSHOT_jar-_-any-8342056036508486435/webapp/,AVAILABLE}{jar:file:/home/runner/.m2/repository/org/apache/ozone/hdds-container-service/1.5.0-SNAPSHOT/hdds-container-service-1.5.0-SNAPSHOT.jar!/webapps/hddsDatanode}
2024-01-26 13:20:07,533 [main] INFO  server.AbstractConnector (AbstractConnector.java:doStart(333)) - Started ServerConnector@34b998cf{HTTP/1.1, (http/1.1)}{0.0.0.0:15143}
2024-01-26 13:20:07,534 [main] INFO  server.Server (Server.java:doStart(415)) - Started @43997ms
2024-01-26 13:20:07,534 [main] WARN  impl.MetricsSystemImpl (MetricsSystemImpl.java:register(279)) - Sink prometheus already exists!
2024-01-26 13:20:07,534 [main] INFO  http.BaseHttpServer (BaseHttpServer.java:updateConnectorAddress(354)) - HTTP server of hddsDatanode listening at http://0.0.0.0:15143
2024-01-26 13:20:07,535 [main] INFO  ipc.CallQueueManager (CallQueueManager.java:<init>(90)) - Using callQueue: class java.util.concurrent.LinkedBlockingQueue, queueCapacity: 100, scheduler: class org.apache.hadoop.ipc.DefaultRpcScheduler, ipcBackoff: false.
2024-01-26 13:20:07,535 [main] INFO  ipc.Server (Server.java:<init>(1287)) - Listener at 0.0.0.0:15144
2024-01-26 13:20:07,535 [Socket Reader #1 for port 15144] INFO  ipc.Server (Server.java:run(1323)) - Starting Socket Reader #1 for port 15144
2024-01-26 13:20:07,543 [main] INFO  ozone.HddsDatanodeService (HddsDatanodeService.java:start(324)) - Datanode start with admins: [runner]
2024-01-26 13:20:07,543 [main] INFO  ozone.HddsDatanodeClientProtocolServer (HddsDatanodeClientProtocolServer.java:start(72)) - RPC server for Client /0.0.0.0:15144
2024-01-26 13:20:07,543 [IPC Server Responder] INFO  ipc.Server (Server.java:run(1562)) - IPC Server Responder: starting
2024-01-26 13:20:07,543 [IPC Server listener on 15144] INFO  ipc.Server (Server.java:run(1402)) - IPC Server listener on 15144: starting
2024-01-26 13:20:07,546 [3245821d-006a-4b2e-a5ee-2fe443b67b2f-DatanodeStateMachineDaemonThread] INFO  statemachine.DatanodeStateMachine (DatanodeStateMachine.java:lambda$startDaemon$1(555)) - Ozone container server started.
2024-01-26 13:20:07,546 [main] WARN  dropwizard3.Dm3MetricRegistriesImpl (Dm3MetricRegistriesImpl.java:addReporterRegistration(113)) - New reporters are added after registries were created. Some metrics will be missing from the reporter. Please add reporter before adding any new registry.
2024-01-26 13:20:07,548 [main] WARN  dropwizard3.Dm3MetricRegistriesImpl (Dm3MetricRegistriesImpl.java:addReporterRegistration(113)) - New reporters are added after registries were created. Some metrics will be missing from the reporter. Please add reporter before adding any new registry.
2024-01-26 13:20:07,548 [main] INFO  impl.MetricsSystemImpl (MetricsSystemImpl.java:init(158)) - HddsDatanode metrics system started (again)
2024-01-26 13:20:07,552 [3245821d-006a-4b2e-a5ee-2fe443b67b2f-DatanodeStateMachineTaskThread-0] INFO  datanode.InitDatanodeState (InitDatanodeState.java:persistContainerDatanodeDetails(139)) - DatanodeDetails is persisted to /home/runner/work/ozone/ozone/hadoop-ozone/integration-test/target/test-dir/MiniOzoneClusterImpl-6bed2868-cd70-4a3d-a9ed-67052a48ddc2/datanode-5/meta/datanode.id
2024-01-26 13:20:07,558 [main] INFO  ozone.HddsDatanodeService (HddsDatanodeService.java:start(239)) - HddsDatanodeService host:fv-az983-443.a2pef1dptxmevgtwlerx3iae4a.cx.internal.cloudapp.net ip:10.1.0.20
2024-01-26 13:20:07,576 [main] INFO  upgrade.AbstractLayoutVersionManager (AbstractLayoutVersionManager.java:init(83)) - Initializing Layout version manager with metadata layout = HADOOP_PRC_PORTS_IN_DATANODEDETAILS (version = 7), software layout = HADOOP_PRC_PORTS_IN_DATANODEDETAILS (version = 7)
2024-01-26 13:20:07,577 [main] INFO  statemachine.DatanodeStateMachine (DatanodeStateMachine.java:getEndPointTaskThreadPoolSize(299)) - Datanode State Machine Task Thread Pool size 2
2024-01-26 13:20:07,578 [main] INFO  volume.HddsVolume (HddsVolume.java:<init>(125)) - Creating HddsVolume: /home/runner/work/ozone/ozone/hadoop-ozone/integration-test/target/test-dir/MiniOzoneClusterImpl-6bed2868-cd70-4a3d-a9ed-67052a48ddc2/datanode-6/data-0/containers/hdds of storage type : DISK capacity : 9223372036854775807
2024-01-26 13:20:07,578 [main] INFO  volume.MutableVolumeSet (MutableVolumeSet.java:initializeVolumeSet(173)) - Added Volume : /home/runner/work/ozone/ozone/hadoop-ozone/integration-test/target/test-dir/MiniOzoneClusterImpl-6bed2868-cd70-4a3d-a9ed-67052a48ddc2/datanode-6/data-0/containers/hdds to VolumeSet
2024-01-26 13:20:07,578 [main] INFO  volume.MutableVolumeSet (MutableVolumeSet.java:initializeVolumeSet(173)) - Added Volume : /home/runner/work/ozone/ozone/hadoop-ozone/integration-test/target/test-dir/MiniOzoneClusterImpl-6bed2868-cd70-4a3d-a9ed-67052a48ddc2/datanode-6/data/ratis to VolumeSet
2024-01-26 13:20:07,579 [main] INFO  ozoneimpl.OzoneContainer (HddsVolumeUtil.java:loadAllHddsVolumeDbStore(103)) - Load 1 volumes DbStore cost: 0ms
2024-01-26 13:20:07,579 [75a8e9a7-4fdb-4573-b73d-655a6993b3e4-ContainerReader-0] INFO  ozoneimpl.ContainerReader (ContainerReader.java:readVolume(178)) - Finish verifying containers on volume /home/runner/work/ozone/ozone/hadoop-ozone/integration-test/target/test-dir/MiniOzoneClusterImpl-6bed2868-cd70-4a3d-a9ed-67052a48ddc2/datanode-6/data-0/containers/hdds
2024-01-26 13:20:07,579 [main] INFO  ozoneimpl.OzoneContainer (OzoneContainer.java:buildContainerSet(328)) - Build ContainerSet costs 0s
2024-01-26 13:20:07,581 [main] INFO  server.RaftServer (ConfUtils.java:logGet(46)) - raft.rpc.type = GRPC (default)
2024-01-26 13:20:07,581 [main] INFO  grpc.GrpcConfigKeys (ConfUtils.java:logFallback(53)) - raft.grpc.admin.host = null (fallback to raft.grpc.server.host)
2024-01-26 13:20:07,581 [main] INFO  grpc.GrpcConfigKeys (ConfUtils.java:logGet(46)) - raft.grpc.admin.port = 15156 (custom)
2024-01-26 13:20:07,581 [main] INFO  grpc.GrpcConfigKeys (ConfUtils.java:logFallback(53)) - raft.grpc.client.host = null (fallback to raft.grpc.server.host)
2024-01-26 13:20:07,581 [main] INFO  grpc.GrpcConfigKeys (ConfUtils.java:logGet(46)) - raft.grpc.client.port = 15155 (custom)
2024-01-26 13:20:07,582 [main] INFO  grpc.GrpcConfigKeys (ConfUtils.java:logGet(46)) - raft.grpc.server.host = null (default)
2024-01-26 13:20:07,582 [main] INFO  grpc.GrpcConfigKeys (ConfUtils.java:logGet(46)) - raft.grpc.server.port = 15157 (custom)
2024-01-26 13:20:07,582 [main] INFO  server.GrpcService (ConfUtils.java:logGet(46)) - raft.grpc.message.size.max = 32MB (=33554432) (custom)
2024-01-26 13:20:07,582 [main] INFO  server.RaftServerConfigKeys (ConfUtils.java:logGet(46)) - raft.server.log.appender.buffer.byte-limit = 8388608 (custom)
2024-01-26 13:20:07,582 [main] INFO  server.GrpcService (ConfUtils.java:logGet(46)) - raft.grpc.flow.control.window = 5MB (=5242880) (custom)
2024-01-26 13:20:07,582 [main] INFO  server.RaftServerConfigKeys (ConfUtils.java:logGet(46)) - raft.server.rpc.request.timeout = 3000ms (default)
2024-01-26 13:20:07,582 [main] INFO  grpc.GrpcConfigKeys (ConfUtils.java:logGet(46)) - raft.grpc.server.heartbeat.channel = true (default)
2024-01-26 13:20:07,582 [main] INFO  grpc.GrpcConfigKeys (ConfUtils.java:logGet(46)) - raft.grpc.server.async.request.thread.pool.cached = true (default)
2024-01-26 13:20:07,582 [main] INFO  grpc.GrpcConfigKeys (ConfUtils.java:logGet(46)) - raft.grpc.server.async.request.thread.pool.size = 32 (default)
2024-01-26 13:20:07,584 [main] INFO  impl.DataStreamServerImpl (ConfUtils.java:logGet(46)) - raft.datastream.type = NETTY (custom)
2024-01-26 13:20:07,584 [main] INFO  server.RaftServerConfigKeys (ConfUtils.java:logGet(46)) - raft.server.data-stream.async.request.thread.pool.cached = false (default)
2024-01-26 13:20:07,585 [main] INFO  server.RaftServerConfigKeys (ConfUtils.java:logGet(46)) - raft.server.data-stream.async.request.thread.pool.size = 20 (custom)
2024-01-26 13:20:07,585 [main] INFO  server.RaftServerConfigKeys (ConfUtils.java:logGet(46)) - raft.server.data-stream.async.write.thread.pool.size = 16 (default)
2024-01-26 13:20:07,585 [main] INFO  netty.NettyConfigKeys$DataStream (ConfUtils.java:logGet(46)) - raft.netty.dataStream.server.channel.inactive.grace-period = 10min (default)
2024-01-26 13:20:07,585 [main] INFO  server.RaftServerConfigKeys (ConfUtils.java:logGet(46)) - raft.server.data-stream.client.pool.size = 10 (default)
2024-01-26 13:20:07,585 [main] INFO  netty.NettyConfigKeys$DataStream (ConfUtils.java:logGet(46)) - raft.netty.dataStream.server.use-epoll = true (default)
2024-01-26 13:20:07,586 [main] INFO  netty.NettyConfigKeys$DataStream (ConfUtils.java:logGet(46)) - raft.netty.dataStream.server.boss-group.size = 0 (default)
2024-01-26 13:20:07,586 [main] INFO  netty.NettyUtils (NettyUtils.java:newEventLoopGroup(69)) - Create EpollEventLoopGroup for 75a8e9a7-4fdb-4573-b73d-655a6993b3e4-NettyServerStreamRpc-bossGroup; Thread size is 0.
2024-01-26 13:20:07,586 [main] INFO  netty.NettyConfigKeys$DataStream (ConfUtils.java:logGet(46)) - raft.netty.dataStream.server.worker-group.size = 0 (default)
2024-01-26 13:20:07,587 [main] INFO  netty.NettyUtils (NettyUtils.java:newEventLoopGroup(69)) - Create EpollEventLoopGroup for 75a8e9a7-4fdb-4573-b73d-655a6993b3e4-NettyServerStreamRpc-workerGroup; Thread size is 0.
2024-01-26 13:20:07,587 [main] INFO  netty.NettyConfigKeys$DataStream (ConfUtils.java:logGet(46)) - raft.netty.dataStream.server.tls.conf = null (default)
2024-01-26 13:20:07,587 [main] INFO  netty.NettyConfigKeys$DataStream (ConfUtils.java:logGet(46)) - raft.netty.dataStream.host = null (default)
2024-01-26 13:20:07,587 [main] INFO  netty.NettyConfigKeys$DataStream (ConfUtils.java:logGet(46)) - raft.netty.dataStream.port = 15158 (custom)
2024-01-26 13:20:07,588 [main] INFO  server.RaftServerConfigKeys (ConfUtils.java:logGet(46)) - raft.server.sleep.deviation.threshold = 300ms (default)
2024-01-26 13:20:07,588 [75a8e9a7-4fdb-4573-b73d-655a6993b3e4-NettyServerStreamRpc-bossGroup--thread1] INFO  logging.LoggingHandler (AbstractInternalLogger.java:log(148)) - [id: 0x1ec33b5b] REGISTERED
2024-01-26 13:20:07,588 [main] INFO  server.RaftServerConfigKeys (ConfUtils.java:logGet(46)) - raft.server.close.threshold = 60s (default)
2024-01-26 13:20:07,588 [75a8e9a7-4fdb-4573-b73d-655a6993b3e4-NettyServerStreamRpc-bossGroup--thread1] INFO  logging.LoggingHandler (AbstractInternalLogger.java:log(148)) - [id: 0x1ec33b5b] BIND: 0.0.0.0/0.0.0.0:15158
2024-01-26 13:20:07,588 [main] INFO  server.RaftServerConfigKeys (ConfUtils.java:logGet(46)) - raft.server.leaderelection.leader.step-down.wait-time = 10s (default)
2024-01-26 13:20:07,588 [75a8e9a7-4fdb-4573-b73d-655a6993b3e4-NettyServerStreamRpc-bossGroup--thread1] INFO  logging.LoggingHandler (AbstractInternalLogger.java:log(148)) - [id: 0x1ec33b5b, L:/0.0.0.0:15158] ACTIVE
2024-01-26 13:20:07,589 [main] INFO  server.RaftServerConfigKeys (ConfUtils.java:logGet(46)) - raft.server.storage.dir = [/home/runner/work/ozone/ozone/hadoop-ozone/integration-test/target/test-dir/MiniOzoneClusterImpl-6bed2868-cd70-4a3d-a9ed-67052a48ddc2/datanode-6/data/ratis] (custom)
2024-01-26 13:20:07,589 [main] INFO  server.RaftServerConfigKeys (ConfUtils.java:logGet(46)) - raft.server.threadpool.proxy.cached = true (default)
2024-01-26 13:20:07,589 [main] INFO  server.RaftServerConfigKeys (ConfUtils.java:logGet(46)) - raft.server.threadpool.proxy.size = 0 (default)
2024-01-26 13:20:07,589 [75a8e9a7-4fdb-4573-b73d-655a6993b3e4-impl-thread1] INFO  server.RaftServer (RaftServerProxy.java:initGroupDir(264)) - 75a8e9a7-4fdb-4573-b73d-655a6993b3e4: found a subdirectory /home/runner/work/ozone/ozone/hadoop-ozone/integration-test/target/test-dir/MiniOzoneClusterImpl-6bed2868-cd70-4a3d-a9ed-67052a48ddc2/datanode-6/data/ratis/tmp
2024-01-26 13:20:07,589 [75a8e9a7-4fdb-4573-b73d-655a6993b3e4-impl-thread1] INFO  server.RaftServer (RaftServerProxy.java:initGroupDir(269)) - 75a8e9a7-4fdb-4573-b73d-655a6993b3e4: The directory /home/runner/work/ozone/ozone/hadoop-ozone/integration-test/target/test-dir/MiniOzoneClusterImpl-6bed2868-cd70-4a3d-a9ed-67052a48ddc2/datanode-6/data/ratis/tmp is not a group directory; ignoring it. 
2024-01-26 13:20:07,589 [main] INFO  replication.ReplicationServer (ReplicationServer.java:<init>(85)) - Initializing replication server with thread count = 10 queue length = 4096
2024-01-26 13:20:07,590 [main] INFO  server.XceiverServerGrpc (XceiverServerGrpc.java:<init>(141)) - GrpcServer channel type EpollServerSocketChannel
2024-01-26 13:20:07,591 [main] INFO  replication.ReplicationSupervisor (ReplicationSupervisor.java:build(163)) - Initializing replication supervisor with thread count = 10
2024-01-26 13:20:07,591 [main] INFO  replication.ReplicationSupervisor (ReplicationSupervisor.java:nodeStateUpdated(317)) - Node state updated to IN_SERVICE, scaling executor pool size to 10
2024-01-26 13:20:07,594 [main] INFO  http.BaseHttpServer (BaseHttpServer.java:newHttpServer2BuilderForOzone(223)) - Starting Web-server for hddsDatanode at: http://0.0.0.0:15152
2024-01-26 13:20:07,594 [main] INFO  http.BaseHttpServer (BaseHttpServer.java:<init>(110)) - Hadoop Security Enabled: false Ozone Security Enabled: false Ozone HTTP Security Enabled: false 
2024-01-26 13:20:07,595 [main] WARN  server.AuthenticationFilter (AuthenticationFilter.java:constructSecretProvider(240)) - Unable to initialize FileSignerSecretProvider, falling back to use random secrets. Reason: Could not read signature secret file: /home/runner/hadoop-http-auth-signature-secret
2024-01-26 13:20:07,596 [main] INFO  http.HttpRequestLog (HttpRequestLog.java:getRequestLog(86)) - Http request log for http.requests.hddsDatanode is not defined
2024-01-26 13:20:07,597 [main] INFO  http.HttpServer2 (HttpServer2.java:addGlobalFilter(1036)) - Added global filter 'safety' (class=org.apache.hadoop.hdds.server.http.HttpServer2$QuotingInputFilter)
2024-01-26 13:20:07,597 [main] INFO  http.HttpServer2 (HttpServer2.java:addFilter(1012)) - Added filter static_user_filter (class=org.apache.hadoop.http.lib.StaticUserWebFilter$StaticUserFilter) to context hddsDatanode
2024-01-26 13:20:07,597 [main] INFO  http.HttpServer2 (HttpServer2.java:addFilter(1020)) - Added filter static_user_filter (class=org.apache.hadoop.http.lib.StaticUserWebFilter$StaticUserFilter) to context logs
2024-01-26 13:20:07,597 [main] INFO  http.HttpServer2 (HttpServer2.java:addFilter(1020)) - Added filter static_user_filter (class=org.apache.hadoop.http.lib.StaticUserWebFilter$StaticUserFilter) to context static
2024-01-26 13:20:07,598 [main] INFO  http.BaseHttpServer (BaseHttpServer.java:<init>(189)) - HTTP server of hddsDatanode uses base directory /home/runner/work/ozone/ozone/hadoop-ozone/integration-test/target/test-dir/MiniOzoneClusterImpl-6bed2868-cd70-4a3d-a9ed-67052a48ddc2/datanode-6/meta/webserver
2024-01-26 13:20:07,598 [main] INFO  http.HttpServer2 (HttpServer2.java:bindListener(1236)) - Jetty bound to port 15152
2024-01-26 13:20:07,598 [main] INFO  server.Server (Server.java:doStart(375)) - jetty-9.4.53.v20231009; built: 2023-10-09T12:29:09.265Z; git: 27bde00a0b95a1d5bbee0eae7984f891d2d0f8c9; jvm 1.8.0_392-b08
2024-01-26 13:20:07,599 [main] INFO  server.session (DefaultSessionIdManager.java:doStart(334)) - DefaultSessionIdManager workerName=node0
2024-01-26 13:20:07,599 [main] INFO  server.session (DefaultSessionIdManager.java:doStart(339)) - No SessionScavenger set, using defaults
2024-01-26 13:20:07,599 [main] INFO  server.session (HouseKeeper.java:startScavenging(132)) - node0 Scavenging every 600000ms
2024-01-26 13:20:07,600 [main] INFO  handler.ContextHandler (ContextHandler.java:doStart(921)) - Started o.e.j.s.ServletContextHandler@7de9d378{logs,/logs,file:///home/runner/work/ozone/ozone/hadoop-ozone/integration-test/target/log,AVAILABLE}
2024-01-26 13:20:07,600 [main] INFO  handler.ContextHandler (ContextHandler.java:doStart(921)) - Started o.e.j.s.ServletContextHandler@77ebc959{static,/static,jar:file:/home/runner/.m2/repository/org/apache/ozone/hdds-container-service/1.5.0-SNAPSHOT/hdds-container-service-1.5.0-SNAPSHOT.jar!/webapps/static,AVAILABLE}
2024-01-26 13:20:07,632 [main] INFO  handler.ContextHandler (ContextHandler.java:doStart(921)) - Started o.e.j.w.WebAppContext@31acf532{hddsDatanode,/,file:///home/runner/work/ozone/ozone/hadoop-ozone/integration-test/target/test-dir/MiniOzoneClusterImpl-6bed2868-cd70-4a3d-a9ed-67052a48ddc2/datanode-6/meta/webserver/jetty-0_0_0_0-15152-hdds-container-service-1_5_0-SNAPSHOT_jar-_-any-3119475090345447598/webapp/,AVAILABLE}{jar:file:/home/runner/.m2/repository/org/apache/ozone/hdds-container-service/1.5.0-SNAPSHOT/hdds-container-service-1.5.0-SNAPSHOT.jar!/webapps/hddsDatanode}
2024-01-26 13:20:07,633 [main] INFO  server.AbstractConnector (AbstractConnector.java:doStart(333)) - Started ServerConnector@4c2bfb2b{HTTP/1.1, (http/1.1)}{0.0.0.0:15152}
2024-01-26 13:20:07,634 [main] INFO  server.Server (Server.java:doStart(415)) - Started @44096ms
2024-01-26 13:20:07,634 [main] WARN  impl.MetricsSystemImpl (MetricsSystemImpl.java:register(279)) - Sink prometheus already exists!
2024-01-26 13:20:07,634 [main] INFO  http.BaseHttpServer (BaseHttpServer.java:updateConnectorAddress(354)) - HTTP server of hddsDatanode listening at http://0.0.0.0:15152
2024-01-26 13:20:07,634 [main] INFO  ipc.CallQueueManager (CallQueueManager.java:<init>(90)) - Using callQueue: class java.util.concurrent.LinkedBlockingQueue, queueCapacity: 100, scheduler: class org.apache.hadoop.ipc.DefaultRpcScheduler, ipcBackoff: false.
2024-01-26 13:20:07,635 [main] INFO  ipc.Server (Server.java:<init>(1287)) - Listener at 0.0.0.0:15153
2024-01-26 13:20:07,635 [Socket Reader #1 for port 15153] INFO  ipc.Server (Server.java:run(1323)) - Starting Socket Reader #1 for port 15153
2024-01-26 13:20:07,636 [main] INFO  ozone.HddsDatanodeService (HddsDatanodeService.java:start(324)) - Datanode start with admins: [runner]
2024-01-26 13:20:07,636 [main] INFO  ozone.HddsDatanodeClientProtocolServer (HddsDatanodeClientProtocolServer.java:start(72)) - RPC server for Client /0.0.0.0:15153
2024-01-26 13:20:07,637 [IPC Server Responder] INFO  ipc.Server (Server.java:run(1562)) - IPC Server Responder: starting
2024-01-26 13:20:07,637 [IPC Server listener on 15153] INFO  ipc.Server (Server.java:run(1402)) - IPC Server listener on 15153: starting
2024-01-26 13:20:07,638 [75a8e9a7-4fdb-4573-b73d-655a6993b3e4-DatanodeStateMachineDaemonThread] INFO  statemachine.DatanodeStateMachine (DatanodeStateMachine.java:lambda$startDaemon$1(555)) - Ozone container server started.
2024-01-26 13:20:07,638 [main] WARN  dropwizard3.Dm3MetricRegistriesImpl (Dm3MetricRegistriesImpl.java:addReporterRegistration(113)) - New reporters are added after registries were created. Some metrics will be missing from the reporter. Please add reporter before adding any new registry.
2024-01-26 13:20:07,639 [main] WARN  dropwizard3.Dm3MetricRegistriesImpl (Dm3MetricRegistriesImpl.java:addReporterRegistration(113)) - New reporters are added after registries were created. Some metrics will be missing from the reporter. Please add reporter before adding any new registry.
2024-01-26 13:20:07,639 [main] INFO  impl.MetricsSystemImpl (MetricsSystemImpl.java:init(158)) - HddsDatanode metrics system started (again)
2024-01-26 13:20:07,643 [75a8e9a7-4fdb-4573-b73d-655a6993b3e4-DatanodeStateMachineTaskThread-0] INFO  datanode.InitDatanodeState (InitDatanodeState.java:persistContainerDatanodeDetails(139)) - DatanodeDetails is persisted to /home/runner/work/ozone/ozone/hadoop-ozone/integration-test/target/test-dir/MiniOzoneClusterImpl-6bed2868-cd70-4a3d-a9ed-67052a48ddc2/datanode-6/meta/datanode.id
2024-01-26 13:20:07,648 [main] INFO  ozone.HddsDatanodeService (HddsDatanodeService.java:start(239)) - HddsDatanodeService host:fv-az983-443.a2pef1dptxmevgtwlerx3iae4a.cx.internal.cloudapp.net ip:10.1.0.20
2024-01-26 13:20:07,670 [main] INFO  upgrade.AbstractLayoutVersionManager (AbstractLayoutVersionManager.java:init(83)) - Initializing Layout version manager with metadata layout = HADOOP_PRC_PORTS_IN_DATANODEDETAILS (version = 7), software layout = HADOOP_PRC_PORTS_IN_DATANODEDETAILS (version = 7)
2024-01-26 13:20:07,670 [main] INFO  statemachine.DatanodeStateMachine (DatanodeStateMachine.java:getEndPointTaskThreadPoolSize(299)) - Datanode State Machine Task Thread Pool size 2
2024-01-26 13:20:07,671 [main] INFO  volume.HddsVolume (HddsVolume.java:<init>(125)) - Creating HddsVolume: /home/runner/work/ozone/ozone/hadoop-ozone/integration-test/target/test-dir/MiniOzoneClusterImpl-6bed2868-cd70-4a3d-a9ed-67052a48ddc2/datanode-7/data-0/containers/hdds of storage type : DISK capacity : 9223372036854775807
2024-01-26 13:20:07,671 [main] INFO  volume.MutableVolumeSet (MutableVolumeSet.java:initializeVolumeSet(173)) - Added Volume : /home/runner/work/ozone/ozone/hadoop-ozone/integration-test/target/test-dir/MiniOzoneClusterImpl-6bed2868-cd70-4a3d-a9ed-67052a48ddc2/datanode-7/data-0/containers/hdds to VolumeSet
2024-01-26 13:20:07,672 [main] INFO  volume.MutableVolumeSet (MutableVolumeSet.java:initializeVolumeSet(173)) - Added Volume : /home/runner/work/ozone/ozone/hadoop-ozone/integration-test/target/test-dir/MiniOzoneClusterImpl-6bed2868-cd70-4a3d-a9ed-67052a48ddc2/datanode-7/data/ratis to VolumeSet
2024-01-26 13:20:07,672 [main] INFO  ozoneimpl.OzoneContainer (HddsVolumeUtil.java:loadAllHddsVolumeDbStore(103)) - Load 1 volumes DbStore cost: 0ms
2024-01-26 13:20:07,673 [84594c31-4da7-47fb-86d6-9d5be6ec36d0-ContainerReader-0] INFO  ozoneimpl.ContainerReader (ContainerReader.java:readVolume(178)) - Finish verifying containers on volume /home/runner/work/ozone/ozone/hadoop-ozone/integration-test/target/test-dir/MiniOzoneClusterImpl-6bed2868-cd70-4a3d-a9ed-67052a48ddc2/datanode-7/data-0/containers/hdds
2024-01-26 13:20:07,673 [main] INFO  ozoneimpl.OzoneContainer (OzoneContainer.java:buildContainerSet(328)) - Build ContainerSet costs 0s
2024-01-26 13:20:07,675 [main] INFO  server.RaftServer (ConfUtils.java:logGet(46)) - raft.rpc.type = GRPC (default)
2024-01-26 13:20:07,675 [main] INFO  grpc.GrpcConfigKeys (ConfUtils.java:logFallback(53)) - raft.grpc.admin.host = null (fallback to raft.grpc.server.host)
2024-01-26 13:20:07,676 [main] INFO  grpc.GrpcConfigKeys (ConfUtils.java:logGet(46)) - raft.grpc.admin.port = 15165 (custom)
2024-01-26 13:20:07,676 [main] INFO  grpc.GrpcConfigKeys (ConfUtils.java:logFallback(53)) - raft.grpc.client.host = null (fallback to raft.grpc.server.host)
2024-01-26 13:20:07,676 [main] INFO  grpc.GrpcConfigKeys (ConfUtils.java:logGet(46)) - raft.grpc.client.port = 15164 (custom)
2024-01-26 13:20:07,676 [main] INFO  grpc.GrpcConfigKeys (ConfUtils.java:logGet(46)) - raft.grpc.server.host = null (default)
2024-01-26 13:20:07,676 [main] INFO  grpc.GrpcConfigKeys (ConfUtils.java:logGet(46)) - raft.grpc.server.port = 15166 (custom)
2024-01-26 13:20:07,677 [main] INFO  server.GrpcService (ConfUtils.java:logGet(46)) - raft.grpc.message.size.max = 32MB (=33554432) (custom)
2024-01-26 13:20:07,677 [main] INFO  server.RaftServerConfigKeys (ConfUtils.java:logGet(46)) - raft.server.log.appender.buffer.byte-limit = 8388608 (custom)
2024-01-26 13:20:07,677 [main] INFO  server.GrpcService (ConfUtils.java:logGet(46)) - raft.grpc.flow.control.window = 5MB (=5242880) (custom)
2024-01-26 13:20:07,677 [main] INFO  server.RaftServerConfigKeys (ConfUtils.java:logGet(46)) - raft.server.rpc.request.timeout = 3000ms (default)
2024-01-26 13:20:07,677 [main] INFO  grpc.GrpcConfigKeys (ConfUtils.java:logGet(46)) - raft.grpc.server.heartbeat.channel = true (default)
2024-01-26 13:20:07,677 [main] INFO  grpc.GrpcConfigKeys (ConfUtils.java:logGet(46)) - raft.grpc.server.async.request.thread.pool.cached = true (default)
2024-01-26 13:20:07,678 [main] INFO  grpc.GrpcConfigKeys (ConfUtils.java:logGet(46)) - raft.grpc.server.async.request.thread.pool.size = 32 (default)
2024-01-26 13:20:07,680 [main] INFO  impl.DataStreamServerImpl (ConfUtils.java:logGet(46)) - raft.datastream.type = NETTY (custom)
2024-01-26 13:20:07,680 [main] INFO  server.RaftServerConfigKeys (ConfUtils.java:logGet(46)) - raft.server.data-stream.async.request.thread.pool.cached = false (default)
2024-01-26 13:20:07,680 [main] INFO  server.RaftServerConfigKeys (ConfUtils.java:logGet(46)) - raft.server.data-stream.async.request.thread.pool.size = 20 (custom)
2024-01-26 13:20:07,681 [main] INFO  server.RaftServerConfigKeys (ConfUtils.java:logGet(46)) - raft.server.data-stream.async.write.thread.pool.size = 16 (default)
2024-01-26 13:20:07,681 [main] INFO  netty.NettyConfigKeys$DataStream (ConfUtils.java:logGet(46)) - raft.netty.dataStream.server.channel.inactive.grace-period = 10min (default)
2024-01-26 13:20:07,681 [main] INFO  server.RaftServerConfigKeys (ConfUtils.java:logGet(46)) - raft.server.data-stream.client.pool.size = 10 (default)
2024-01-26 13:20:07,681 [main] INFO  netty.NettyConfigKeys$DataStream (ConfUtils.java:logGet(46)) - raft.netty.dataStream.server.use-epoll = true (default)
2024-01-26 13:20:07,681 [main] INFO  netty.NettyConfigKeys$DataStream (ConfUtils.java:logGet(46)) - raft.netty.dataStream.server.boss-group.size = 0 (default)
2024-01-26 13:20:07,682 [main] INFO  netty.NettyUtils (NettyUtils.java:newEventLoopGroup(69)) - Create EpollEventLoopGroup for 84594c31-4da7-47fb-86d6-9d5be6ec36d0-NettyServerStreamRpc-bossGroup; Thread size is 0.
2024-01-26 13:20:07,682 [main] INFO  netty.NettyConfigKeys$DataStream (ConfUtils.java:logGet(46)) - raft.netty.dataStream.server.worker-group.size = 0 (default)
2024-01-26 13:20:07,682 [main] INFO  netty.NettyUtils (NettyUtils.java:newEventLoopGroup(69)) - Create EpollEventLoopGroup for 84594c31-4da7-47fb-86d6-9d5be6ec36d0-NettyServerStreamRpc-workerGroup; Thread size is 0.
2024-01-26 13:20:07,683 [main] INFO  netty.NettyConfigKeys$DataStream (ConfUtils.java:logGet(46)) - raft.netty.dataStream.server.tls.conf = null (default)
2024-01-26 13:20:07,683 [main] INFO  netty.NettyConfigKeys$DataStream (ConfUtils.java:logGet(46)) - raft.netty.dataStream.host = null (default)
2024-01-26 13:20:07,683 [main] INFO  netty.NettyConfigKeys$DataStream (ConfUtils.java:logGet(46)) - raft.netty.dataStream.port = 15167 (custom)
2024-01-26 13:20:07,684 [main] INFO  server.RaftServerConfigKeys (ConfUtils.java:logGet(46)) - raft.server.sleep.deviation.threshold = 300ms (default)
2024-01-26 13:20:07,684 [main] INFO  server.RaftServerConfigKeys (ConfUtils.java:logGet(46)) - raft.server.close.threshold = 60s (default)
2024-01-26 13:20:07,685 [main] INFO  server.RaftServerConfigKeys (ConfUtils.java:logGet(46)) - raft.server.leaderelection.leader.step-down.wait-time = 10s (default)
2024-01-26 13:20:07,685 [main] INFO  server.RaftServerConfigKeys (ConfUtils.java:logGet(46)) - raft.server.storage.dir = [/home/runner/work/ozone/ozone/hadoop-ozone/integration-test/target/test-dir/MiniOzoneClusterImpl-6bed2868-cd70-4a3d-a9ed-67052a48ddc2/datanode-7/data/ratis] (custom)
2024-01-26 13:20:07,685 [main] INFO  server.RaftServerConfigKeys (ConfUtils.java:logGet(46)) - raft.server.threadpool.proxy.cached = true (default)
2024-01-26 13:20:07,685 [main] INFO  server.RaftServerConfigKeys (ConfUtils.java:logGet(46)) - raft.server.threadpool.proxy.size = 0 (default)
2024-01-26 13:20:07,686 [84594c31-4da7-47fb-86d6-9d5be6ec36d0-NettyServerStreamRpc-bossGroup--thread1] INFO  logging.LoggingHandler (AbstractInternalLogger.java:log(148)) - [id: 0x37b798c3] REGISTERED
2024-01-26 13:20:07,686 [84594c31-4da7-47fb-86d6-9d5be6ec36d0-NettyServerStreamRpc-bossGroup--thread1] INFO  logging.LoggingHandler (AbstractInternalLogger.java:log(148)) - [id: 0x37b798c3] BIND: 0.0.0.0/0.0.0.0:15167
2024-01-26 13:20:07,686 [84594c31-4da7-47fb-86d6-9d5be6ec36d0-NettyServerStreamRpc-bossGroup--thread1] INFO  logging.LoggingHandler (AbstractInternalLogger.java:log(148)) - [id: 0x37b798c3, L:/0.0.0.0:15167] ACTIVE
2024-01-26 13:20:07,688 [84594c31-4da7-47fb-86d6-9d5be6ec36d0-impl-thread1] INFO  server.RaftServer (RaftServerProxy.java:initGroupDir(264)) - 84594c31-4da7-47fb-86d6-9d5be6ec36d0: found a subdirectory /home/runner/work/ozone/ozone/hadoop-ozone/integration-test/target/test-dir/MiniOzoneClusterImpl-6bed2868-cd70-4a3d-a9ed-67052a48ddc2/datanode-7/data/ratis/tmp
2024-01-26 13:20:07,689 [84594c31-4da7-47fb-86d6-9d5be6ec36d0-impl-thread1] INFO  server.RaftServer (RaftServerProxy.java:initGroupDir(269)) - 84594c31-4da7-47fb-86d6-9d5be6ec36d0: The directory /home/runner/work/ozone/ozone/hadoop-ozone/integration-test/target/test-dir/MiniOzoneClusterImpl-6bed2868-cd70-4a3d-a9ed-67052a48ddc2/datanode-7/data/ratis/tmp is not a group directory; ignoring it. 
2024-01-26 13:20:07,689 [main] INFO  replication.ReplicationServer (ReplicationServer.java:<init>(85)) - Initializing replication server with thread count = 10 queue length = 4096
2024-01-26 13:20:07,690 [main] INFO  server.XceiverServerGrpc (XceiverServerGrpc.java:<init>(141)) - GrpcServer channel type EpollServerSocketChannel
2024-01-26 13:20:07,691 [main] INFO  replication.ReplicationSupervisor (ReplicationSupervisor.java:build(163)) - Initializing replication supervisor with thread count = 10
2024-01-26 13:20:07,691 [main] INFO  replication.ReplicationSupervisor (ReplicationSupervisor.java:nodeStateUpdated(317)) - Node state updated to IN_SERVICE, scaling executor pool size to 10
2024-01-26 13:20:07,693 [main] INFO  http.BaseHttpServer (BaseHttpServer.java:newHttpServer2BuilderForOzone(223)) - Starting Web-server for hddsDatanode at: http://0.0.0.0:15161
2024-01-26 13:20:07,693 [main] INFO  http.BaseHttpServer (BaseHttpServer.java:<init>(110)) - Hadoop Security Enabled: false Ozone Security Enabled: false Ozone HTTP Security Enabled: false 
2024-01-26 13:20:07,696 [main] WARN  server.AuthenticationFilter (AuthenticationFilter.java:constructSecretProvider(240)) - Unable to initialize FileSignerSecretProvider, falling back to use random secrets. Reason: Could not read signature secret file: /home/runner/hadoop-http-auth-signature-secret
2024-01-26 13:20:07,696 [main] INFO  http.HttpRequestLog (HttpRequestLog.java:getRequestLog(86)) - Http request log for http.requests.hddsDatanode is not defined
2024-01-26 13:20:07,697 [main] INFO  http.HttpServer2 (HttpServer2.java:addGlobalFilter(1036)) - Added global filter 'safety' (class=org.apache.hadoop.hdds.server.http.HttpServer2$QuotingInputFilter)
2024-01-26 13:20:07,698 [main] INFO  http.HttpServer2 (HttpServer2.java:addFilter(1012)) - Added filter static_user_filter (class=org.apache.hadoop.http.lib.StaticUserWebFilter$StaticUserFilter) to context hddsDatanode
2024-01-26 13:20:07,698 [main] INFO  http.HttpServer2 (HttpServer2.java:addFilter(1020)) - Added filter static_user_filter (class=org.apache.hadoop.http.lib.StaticUserWebFilter$StaticUserFilter) to context static
2024-01-26 13:20:07,698 [main] INFO  http.HttpServer2 (HttpServer2.java:addFilter(1020)) - Added filter static_user_filter (class=org.apache.hadoop.http.lib.StaticUserWebFilter$StaticUserFilter) to context logs
2024-01-26 13:20:07,698 [main] INFO  http.BaseHttpServer (BaseHttpServer.java:<init>(189)) - HTTP server of hddsDatanode uses base directory /home/runner/work/ozone/ozone/hadoop-ozone/integration-test/target/test-dir/MiniOzoneClusterImpl-6bed2868-cd70-4a3d-a9ed-67052a48ddc2/datanode-7/meta/webserver
2024-01-26 13:20:07,699 [main] INFO  http.HttpServer2 (HttpServer2.java:bindListener(1236)) - Jetty bound to port 15161
2024-01-26 13:20:07,699 [main] INFO  server.Server (Server.java:doStart(375)) - jetty-9.4.53.v20231009; built: 2023-10-09T12:29:09.265Z; git: 27bde00a0b95a1d5bbee0eae7984f891d2d0f8c9; jvm 1.8.0_392-b08
2024-01-26 13:20:07,699 [main] INFO  server.session (DefaultSessionIdManager.java:doStart(334)) - DefaultSessionIdManager workerName=node0
2024-01-26 13:20:07,700 [main] INFO  server.session (DefaultSessionIdManager.java:doStart(339)) - No SessionScavenger set, using defaults
2024-01-26 13:20:07,701 [main] INFO  server.session (HouseKeeper.java:startScavenging(132)) - node0 Scavenging every 660000ms
2024-01-26 13:20:07,702 [main] INFO  handler.ContextHandler (ContextHandler.java:doStart(921)) - Started o.e.j.s.ServletContextHandler@2b1bbdad{logs,/logs,file:///home/runner/work/ozone/ozone/hadoop-ozone/integration-test/target/log,AVAILABLE}
2024-01-26 13:20:07,702 [main] INFO  handler.ContextHandler (ContextHandler.java:doStart(921)) - Started o.e.j.s.ServletContextHandler@787e589c{static,/static,jar:file:/home/runner/.m2/repository/org/apache/ozone/hdds-container-service/1.5.0-SNAPSHOT/hdds-container-service-1.5.0-SNAPSHOT.jar!/webapps/static,AVAILABLE}
2024-01-26 13:20:07,733 [main] INFO  handler.ContextHandler (ContextHandler.java:doStart(921)) - Started o.e.j.w.WebAppContext@46283e50{hddsDatanode,/,file:///home/runner/work/ozone/ozone/hadoop-ozone/integration-test/target/test-dir/MiniOzoneClusterImpl-6bed2868-cd70-4a3d-a9ed-67052a48ddc2/datanode-7/meta/webserver/jetty-0_0_0_0-15161-hdds-container-service-1_5_0-SNAPSHOT_jar-_-any-3334899452090507407/webapp/,AVAILABLE}{jar:file:/home/runner/.m2/repository/org/apache/ozone/hdds-container-service/1.5.0-SNAPSHOT/hdds-container-service-1.5.0-SNAPSHOT.jar!/webapps/hddsDatanode}
2024-01-26 13:20:07,736 [main] INFO  server.AbstractConnector (AbstractConnector.java:doStart(333)) - Started ServerConnector@51e24212{HTTP/1.1, (http/1.1)}{0.0.0.0:15161}
2024-01-26 13:20:07,736 [main] INFO  server.Server (Server.java:doStart(415)) - Started @44199ms
2024-01-26 13:20:07,736 [main] WARN  impl.MetricsSystemImpl (MetricsSystemImpl.java:register(279)) - Sink prometheus already exists!
2024-01-26 13:20:07,737 [main] INFO  http.BaseHttpServer (BaseHttpServer.java:updateConnectorAddress(354)) - HTTP server of hddsDatanode listening at http://0.0.0.0:15161
2024-01-26 13:20:07,737 [main] INFO  ipc.CallQueueManager (CallQueueManager.java:<init>(90)) - Using callQueue: class java.util.concurrent.LinkedBlockingQueue, queueCapacity: 100, scheduler: class org.apache.hadoop.ipc.DefaultRpcScheduler, ipcBackoff: false.
2024-01-26 13:20:07,737 [main] INFO  ipc.Server (Server.java:<init>(1287)) - Listener at 0.0.0.0:15162
2024-01-26 13:20:07,738 [Socket Reader #1 for port 15162] INFO  ipc.Server (Server.java:run(1323)) - Starting Socket Reader #1 for port 15162
2024-01-26 13:20:07,739 [main] INFO  ozone.HddsDatanodeService (HddsDatanodeService.java:start(324)) - Datanode start with admins: [runner]
2024-01-26 13:20:07,739 [main] INFO  ozone.HddsDatanodeClientProtocolServer (HddsDatanodeClientProtocolServer.java:start(72)) - RPC server for Client /0.0.0.0:15162
2024-01-26 13:20:07,740 [IPC Server Responder] INFO  ipc.Server (Server.java:run(1562)) - IPC Server Responder: starting
2024-01-26 13:20:07,740 [IPC Server listener on 15162] INFO  ipc.Server (Server.java:run(1402)) - IPC Server listener on 15162: starting
2024-01-26 13:20:07,740 [84594c31-4da7-47fb-86d6-9d5be6ec36d0-DatanodeStateMachineDaemonThread] INFO  statemachine.DatanodeStateMachine (DatanodeStateMachine.java:lambda$startDaemon$1(555)) - Ozone container server started.
2024-01-26 13:20:07,741 [main] WARN  dropwizard3.Dm3MetricRegistriesImpl (Dm3MetricRegistriesImpl.java:addReporterRegistration(113)) - New reporters are added after registries were created. Some metrics will be missing from the reporter. Please add reporter before adding any new registry.
2024-01-26 13:20:07,741 [main] WARN  dropwizard3.Dm3MetricRegistriesImpl (Dm3MetricRegistriesImpl.java:addReporterRegistration(113)) - New reporters are added after registries were created. Some metrics will be missing from the reporter. Please add reporter before adding any new registry.
2024-01-26 13:20:07,741 [main] INFO  impl.MetricsSystemImpl (MetricsSystemImpl.java:init(158)) - HddsDatanode metrics system started (again)
2024-01-26 13:20:07,745 [84594c31-4da7-47fb-86d6-9d5be6ec36d0-DatanodeStateMachineTaskThread-0] INFO  datanode.InitDatanodeState (InitDatanodeState.java:persistContainerDatanodeDetails(139)) - DatanodeDetails is persisted to /home/runner/work/ozone/ozone/hadoop-ozone/integration-test/target/test-dir/MiniOzoneClusterImpl-6bed2868-cd70-4a3d-a9ed-67052a48ddc2/datanode-7/meta/datanode.id
2024-01-26 13:20:07,751 [main] INFO  ozone.HddsDatanodeService (HddsDatanodeService.java:start(239)) - HddsDatanodeService host:fv-az983-443.a2pef1dptxmevgtwlerx3iae4a.cx.internal.cloudapp.net ip:10.1.0.20
2024-01-26 13:20:07,771 [main] INFO  upgrade.AbstractLayoutVersionManager (AbstractLayoutVersionManager.java:init(83)) - Initializing Layout version manager with metadata layout = HADOOP_PRC_PORTS_IN_DATANODEDETAILS (version = 7), software layout = HADOOP_PRC_PORTS_IN_DATANODEDETAILS (version = 7)
2024-01-26 13:20:07,772 [main] INFO  statemachine.DatanodeStateMachine (DatanodeStateMachine.java:getEndPointTaskThreadPoolSize(299)) - Datanode State Machine Task Thread Pool size 2
2024-01-26 13:20:07,773 [main] INFO  volume.HddsVolume (HddsVolume.java:<init>(125)) - Creating HddsVolume: /home/runner/work/ozone/ozone/hadoop-ozone/integration-test/target/test-dir/MiniOzoneClusterImpl-6bed2868-cd70-4a3d-a9ed-67052a48ddc2/datanode-8/data-0/containers/hdds of storage type : DISK capacity : 9223372036854775807
2024-01-26 13:20:07,773 [main] INFO  volume.MutableVolumeSet (MutableVolumeSet.java:initializeVolumeSet(173)) - Added Volume : /home/runner/work/ozone/ozone/hadoop-ozone/integration-test/target/test-dir/MiniOzoneClusterImpl-6bed2868-cd70-4a3d-a9ed-67052a48ddc2/datanode-8/data-0/containers/hdds to VolumeSet
2024-01-26 13:20:07,774 [main] INFO  volume.MutableVolumeSet (MutableVolumeSet.java:initializeVolumeSet(173)) - Added Volume : /home/runner/work/ozone/ozone/hadoop-ozone/integration-test/target/test-dir/MiniOzoneClusterImpl-6bed2868-cd70-4a3d-a9ed-67052a48ddc2/datanode-8/data/ratis to VolumeSet
2024-01-26 13:20:07,774 [main] INFO  ozoneimpl.OzoneContainer (HddsVolumeUtil.java:loadAllHddsVolumeDbStore(103)) - Load 1 volumes DbStore cost: 0ms
2024-01-26 13:20:07,775 [6f9a858c-5bc3-4795-8cf6-806e3c336a96-ContainerReader-0] INFO  ozoneimpl.ContainerReader (ContainerReader.java:readVolume(178)) - Finish verifying containers on volume /home/runner/work/ozone/ozone/hadoop-ozone/integration-test/target/test-dir/MiniOzoneClusterImpl-6bed2868-cd70-4a3d-a9ed-67052a48ddc2/datanode-8/data-0/containers/hdds
2024-01-26 13:20:07,775 [main] INFO  ozoneimpl.OzoneContainer (OzoneContainer.java:buildContainerSet(328)) - Build ContainerSet costs 0s
2024-01-26 13:20:07,777 [main] INFO  server.RaftServer (ConfUtils.java:logGet(46)) - raft.rpc.type = GRPC (default)
2024-01-26 13:20:07,777 [main] INFO  grpc.GrpcConfigKeys (ConfUtils.java:logFallback(53)) - raft.grpc.admin.host = null (fallback to raft.grpc.server.host)
2024-01-26 13:20:07,777 [main] INFO  grpc.GrpcConfigKeys (ConfUtils.java:logGet(46)) - raft.grpc.admin.port = 15174 (custom)
2024-01-26 13:20:07,777 [main] INFO  grpc.GrpcConfigKeys (ConfUtils.java:logFallback(53)) - raft.grpc.client.host = null (fallback to raft.grpc.server.host)
2024-01-26 13:20:07,778 [main] INFO  grpc.GrpcConfigKeys (ConfUtils.java:logGet(46)) - raft.grpc.client.port = 15173 (custom)
2024-01-26 13:20:07,778 [main] INFO  grpc.GrpcConfigKeys (ConfUtils.java:logGet(46)) - raft.grpc.server.host = null (default)
2024-01-26 13:20:07,778 [main] INFO  grpc.GrpcConfigKeys (ConfUtils.java:logGet(46)) - raft.grpc.server.port = 15175 (custom)
2024-01-26 13:20:07,778 [main] INFO  server.GrpcService (ConfUtils.java:logGet(46)) - raft.grpc.message.size.max = 32MB (=33554432) (custom)
2024-01-26 13:20:07,778 [main] INFO  server.RaftServerConfigKeys (ConfUtils.java:logGet(46)) - raft.server.log.appender.buffer.byte-limit = 8388608 (custom)
2024-01-26 13:20:07,778 [main] INFO  server.GrpcService (ConfUtils.java:logGet(46)) - raft.grpc.flow.control.window = 5MB (=5242880) (custom)
2024-01-26 13:20:07,779 [main] INFO  server.RaftServerConfigKeys (ConfUtils.java:logGet(46)) - raft.server.rpc.request.timeout = 3000ms (default)
2024-01-26 13:20:07,779 [main] INFO  grpc.GrpcConfigKeys (ConfUtils.java:logGet(46)) - raft.grpc.server.heartbeat.channel = true (default)
2024-01-26 13:20:07,779 [main] INFO  grpc.GrpcConfigKeys (ConfUtils.java:logGet(46)) - raft.grpc.server.async.request.thread.pool.cached = true (default)
2024-01-26 13:20:07,779 [main] INFO  grpc.GrpcConfigKeys (ConfUtils.java:logGet(46)) - raft.grpc.server.async.request.thread.pool.size = 32 (default)
2024-01-26 13:20:07,781 [main] INFO  impl.DataStreamServerImpl (ConfUtils.java:logGet(46)) - raft.datastream.type = NETTY (custom)
2024-01-26 13:20:07,781 [main] INFO  server.RaftServerConfigKeys (ConfUtils.java:logGet(46)) - raft.server.data-stream.async.request.thread.pool.cached = false (default)
2024-01-26 13:20:07,781 [main] INFO  server.RaftServerConfigKeys (ConfUtils.java:logGet(46)) - raft.server.data-stream.async.request.thread.pool.size = 20 (custom)
2024-01-26 13:20:07,781 [main] INFO  server.RaftServerConfigKeys (ConfUtils.java:logGet(46)) - raft.server.data-stream.async.write.thread.pool.size = 16 (default)
2024-01-26 13:20:07,781 [main] INFO  netty.NettyConfigKeys$DataStream (ConfUtils.java:logGet(46)) - raft.netty.dataStream.server.channel.inactive.grace-period = 10min (default)
2024-01-26 13:20:07,782 [main] INFO  server.RaftServerConfigKeys (ConfUtils.java:logGet(46)) - raft.server.data-stream.client.pool.size = 10 (default)
2024-01-26 13:20:07,782 [main] INFO  netty.NettyConfigKeys$DataStream (ConfUtils.java:logGet(46)) - raft.netty.dataStream.server.use-epoll = true (default)
2024-01-26 13:20:07,782 [main] INFO  netty.NettyConfigKeys$DataStream (ConfUtils.java:logGet(46)) - raft.netty.dataStream.server.boss-group.size = 0 (default)
2024-01-26 13:20:07,782 [main] INFO  netty.NettyUtils (NettyUtils.java:newEventLoopGroup(69)) - Create EpollEventLoopGroup for 6f9a858c-5bc3-4795-8cf6-806e3c336a96-NettyServerStreamRpc-bossGroup; Thread size is 0.
2024-01-26 13:20:07,782 [main] INFO  netty.NettyConfigKeys$DataStream (ConfUtils.java:logGet(46)) - raft.netty.dataStream.server.worker-group.size = 0 (default)
2024-01-26 13:20:07,783 [main] INFO  netty.NettyUtils (NettyUtils.java:newEventLoopGroup(69)) - Create EpollEventLoopGroup for 6f9a858c-5bc3-4795-8cf6-806e3c336a96-NettyServerStreamRpc-workerGroup; Thread size is 0.
2024-01-26 13:20:07,783 [main] INFO  netty.NettyConfigKeys$DataStream (ConfUtils.java:logGet(46)) - raft.netty.dataStream.server.tls.conf = null (default)
2024-01-26 13:20:07,783 [main] INFO  netty.NettyConfigKeys$DataStream (ConfUtils.java:logGet(46)) - raft.netty.dataStream.host = null (default)
2024-01-26 13:20:07,783 [main] INFO  netty.NettyConfigKeys$DataStream (ConfUtils.java:logGet(46)) - raft.netty.dataStream.port = 15176 (custom)
2024-01-26 13:20:07,784 [main] INFO  server.RaftServerConfigKeys (ConfUtils.java:logGet(46)) - raft.server.sleep.deviation.threshold = 300ms (default)
2024-01-26 13:20:07,784 [main] INFO  server.RaftServerConfigKeys (ConfUtils.java:logGet(46)) - raft.server.close.threshold = 60s (default)
2024-01-26 13:20:07,784 [6f9a858c-5bc3-4795-8cf6-806e3c336a96-NettyServerStreamRpc-bossGroup--thread1] INFO  logging.LoggingHandler (AbstractInternalLogger.java:log(148)) - [id: 0x859403ba] REGISTERED
2024-01-26 13:20:07,784 [main] INFO  server.RaftServerConfigKeys (ConfUtils.java:logGet(46)) - raft.server.leaderelection.leader.step-down.wait-time = 10s (default)
2024-01-26 13:20:07,784 [6f9a858c-5bc3-4795-8cf6-806e3c336a96-NettyServerStreamRpc-bossGroup--thread1] INFO  logging.LoggingHandler (AbstractInternalLogger.java:log(148)) - [id: 0x859403ba] BIND: 0.0.0.0/0.0.0.0:15176
2024-01-26 13:20:07,784 [main] INFO  server.RaftServerConfigKeys (ConfUtils.java:logGet(46)) - raft.server.storage.dir = [/home/runner/work/ozone/ozone/hadoop-ozone/integration-test/target/test-dir/MiniOzoneClusterImpl-6bed2868-cd70-4a3d-a9ed-67052a48ddc2/datanode-8/data/ratis] (custom)
2024-01-26 13:20:07,784 [6f9a858c-5bc3-4795-8cf6-806e3c336a96-NettyServerStreamRpc-bossGroup--thread1] INFO  logging.LoggingHandler (AbstractInternalLogger.java:log(148)) - [id: 0x859403ba, L:/0.0.0.0:15176] ACTIVE
2024-01-26 13:20:07,784 [main] INFO  server.RaftServerConfigKeys (ConfUtils.java:logGet(46)) - raft.server.threadpool.proxy.cached = true (default)
2024-01-26 13:20:07,785 [main] INFO  server.RaftServerConfigKeys (ConfUtils.java:logGet(46)) - raft.server.threadpool.proxy.size = 0 (default)
2024-01-26 13:20:07,785 [6f9a858c-5bc3-4795-8cf6-806e3c336a96-impl-thread1] INFO  server.RaftServer (RaftServerProxy.java:initGroupDir(264)) - 6f9a858c-5bc3-4795-8cf6-806e3c336a96: found a subdirectory /home/runner/work/ozone/ozone/hadoop-ozone/integration-test/target/test-dir/MiniOzoneClusterImpl-6bed2868-cd70-4a3d-a9ed-67052a48ddc2/datanode-8/data/ratis/tmp
2024-01-26 13:20:07,785 [6f9a858c-5bc3-4795-8cf6-806e3c336a96-impl-thread1] INFO  server.RaftServer (RaftServerProxy.java:initGroupDir(269)) - 6f9a858c-5bc3-4795-8cf6-806e3c336a96: The directory /home/runner/work/ozone/ozone/hadoop-ozone/integration-test/target/test-dir/MiniOzoneClusterImpl-6bed2868-cd70-4a3d-a9ed-67052a48ddc2/datanode-8/data/ratis/tmp is not a group directory; ignoring it. 
2024-01-26 13:20:07,785 [main] INFO  replication.ReplicationServer (ReplicationServer.java:<init>(85)) - Initializing replication server with thread count = 10 queue length = 4096
2024-01-26 13:20:07,786 [main] INFO  server.XceiverServerGrpc (XceiverServerGrpc.java:<init>(141)) - GrpcServer channel type EpollServerSocketChannel
2024-01-26 13:20:07,787 [main] INFO  replication.ReplicationSupervisor (ReplicationSupervisor.java:build(163)) - Initializing replication supervisor with thread count = 10
2024-01-26 13:20:07,787 [main] INFO  replication.ReplicationSupervisor (ReplicationSupervisor.java:nodeStateUpdated(317)) - Node state updated to IN_SERVICE, scaling executor pool size to 10
2024-01-26 13:20:07,789 [main] INFO  http.BaseHttpServer (BaseHttpServer.java:newHttpServer2BuilderForOzone(223)) - Starting Web-server for hddsDatanode at: http://0.0.0.0:15170
2024-01-26 13:20:07,789 [main] INFO  http.BaseHttpServer (BaseHttpServer.java:<init>(110)) - Hadoop Security Enabled: false Ozone Security Enabled: false Ozone HTTP Security Enabled: false 
2024-01-26 13:20:07,790 [main] WARN  server.AuthenticationFilter (AuthenticationFilter.java:constructSecretProvider(240)) - Unable to initialize FileSignerSecretProvider, falling back to use random secrets. Reason: Could not read signature secret file: /home/runner/hadoop-http-auth-signature-secret
2024-01-26 13:20:07,790 [main] INFO  http.HttpRequestLog (HttpRequestLog.java:getRequestLog(86)) - Http request log for http.requests.hddsDatanode is not defined
2024-01-26 13:20:07,791 [main] INFO  http.HttpServer2 (HttpServer2.java:addGlobalFilter(1036)) - Added global filter 'safety' (class=org.apache.hadoop.hdds.server.http.HttpServer2$QuotingInputFilter)
2024-01-26 13:20:07,792 [main] INFO  http.HttpServer2 (HttpServer2.java:addFilter(1012)) - Added filter static_user_filter (class=org.apache.hadoop.http.lib.StaticUserWebFilter$StaticUserFilter) to context hddsDatanode
2024-01-26 13:20:07,792 [main] INFO  http.HttpServer2 (HttpServer2.java:addFilter(1020)) - Added filter static_user_filter (class=org.apache.hadoop.http.lib.StaticUserWebFilter$StaticUserFilter) to context logs
2024-01-26 13:20:07,792 [main] INFO  http.HttpServer2 (HttpServer2.java:addFilter(1020)) - Added filter static_user_filter (class=org.apache.hadoop.http.lib.StaticUserWebFilter$StaticUserFilter) to context static
2024-01-26 13:20:07,792 [main] INFO  http.BaseHttpServer (BaseHttpServer.java:<init>(189)) - HTTP server of hddsDatanode uses base directory /home/runner/work/ozone/ozone/hadoop-ozone/integration-test/target/test-dir/MiniOzoneClusterImpl-6bed2868-cd70-4a3d-a9ed-67052a48ddc2/datanode-8/meta/webserver
2024-01-26 13:20:07,793 [main] INFO  http.HttpServer2 (HttpServer2.java:bindListener(1236)) - Jetty bound to port 15170
2024-01-26 13:20:07,793 [main] INFO  server.Server (Server.java:doStart(375)) - jetty-9.4.53.v20231009; built: 2023-10-09T12:29:09.265Z; git: 27bde00a0b95a1d5bbee0eae7984f891d2d0f8c9; jvm 1.8.0_392-b08
2024-01-26 13:20:07,794 [main] INFO  server.session (DefaultSessionIdManager.java:doStart(334)) - DefaultSessionIdManager workerName=node0
2024-01-26 13:20:07,794 [main] INFO  server.session (DefaultSessionIdManager.java:doStart(339)) - No SessionScavenger set, using defaults
2024-01-26 13:20:07,794 [main] INFO  server.session (HouseKeeper.java:startScavenging(132)) - node0 Scavenging every 660000ms
2024-01-26 13:20:07,795 [main] INFO  handler.ContextHandler (ContextHandler.java:doStart(921)) - Started o.e.j.s.ServletContextHandler@549929fa{logs,/logs,file:///home/runner/work/ozone/ozone/hadoop-ozone/integration-test/target/log,AVAILABLE}
2024-01-26 13:20:07,795 [main] INFO  handler.ContextHandler (ContextHandler.java:doStart(921)) - Started o.e.j.s.ServletContextHandler@30cb30b0{static,/static,jar:file:/home/runner/.m2/repository/org/apache/ozone/hdds-container-service/1.5.0-SNAPSHOT/hdds-container-service-1.5.0-SNAPSHOT.jar!/webapps/static,AVAILABLE}
2024-01-26 13:20:07,826 [main] INFO  handler.ContextHandler (ContextHandler.java:doStart(921)) - Started o.e.j.w.WebAppContext@37a0c2e0{hddsDatanode,/,file:///home/runner/work/ozone/ozone/hadoop-ozone/integration-test/target/test-dir/MiniOzoneClusterImpl-6bed2868-cd70-4a3d-a9ed-67052a48ddc2/datanode-8/meta/webserver/jetty-0_0_0_0-15170-hdds-container-service-1_5_0-SNAPSHOT_jar-_-any-7514973935596623901/webapp/,AVAILABLE}{jar:file:/home/runner/.m2/repository/org/apache/ozone/hdds-container-service/1.5.0-SNAPSHOT/hdds-container-service-1.5.0-SNAPSHOT.jar!/webapps/hddsDatanode}
2024-01-26 13:20:07,828 [main] INFO  server.AbstractConnector (AbstractConnector.java:doStart(333)) - Started ServerConnector@716e124a{HTTP/1.1, (http/1.1)}{0.0.0.0:15170}
2024-01-26 13:20:07,828 [main] INFO  server.Server (Server.java:doStart(415)) - Started @44291ms
2024-01-26 13:20:07,828 [main] WARN  impl.MetricsSystemImpl (MetricsSystemImpl.java:register(279)) - Sink prometheus already exists!
2024-01-26 13:20:07,829 [main] INFO  http.BaseHttpServer (BaseHttpServer.java:updateConnectorAddress(354)) - HTTP server of hddsDatanode listening at http://0.0.0.0:15170
2024-01-26 13:20:07,829 [main] INFO  ipc.CallQueueManager (CallQueueManager.java:<init>(90)) - Using callQueue: class java.util.concurrent.LinkedBlockingQueue, queueCapacity: 100, scheduler: class org.apache.hadoop.ipc.DefaultRpcScheduler, ipcBackoff: false.
2024-01-26 13:20:07,829 [main] INFO  ipc.Server (Server.java:<init>(1287)) - Listener at 0.0.0.0:15171
2024-01-26 13:20:07,829 [Socket Reader #1 for port 15171] INFO  ipc.Server (Server.java:run(1323)) - Starting Socket Reader #1 for port 15171
2024-01-26 13:20:07,833 [main] INFO  ozone.HddsDatanodeService (HddsDatanodeService.java:start(324)) - Datanode start with admins: [runner]
2024-01-26 13:20:07,834 [main] INFO  ozone.HddsDatanodeClientProtocolServer (HddsDatanodeClientProtocolServer.java:start(72)) - RPC server for Client /0.0.0.0:15171
2024-01-26 13:20:07,834 [IPC Server Responder] INFO  ipc.Server (Server.java:run(1562)) - IPC Server Responder: starting
2024-01-26 13:20:07,834 [IPC Server listener on 15171] INFO  ipc.Server (Server.java:run(1402)) - IPC Server listener on 15171: starting
2024-01-26 13:20:07,835 [6f9a858c-5bc3-4795-8cf6-806e3c336a96-DatanodeStateMachineDaemonThread] INFO  statemachine.DatanodeStateMachine (DatanodeStateMachine.java:lambda$startDaemon$1(555)) - Ozone container server started.
2024-01-26 13:20:07,835 [main] INFO  ozone.MiniOzoneClusterImpl (MiniOzoneClusterImpl.java:lambda$waitForClusterToBeReady$0(229)) - Waiting for nodes to be ready. Got 0 of 9 DN Heartbeats.
2024-01-26 13:20:07,835 [main] INFO  ozone.MiniOzoneClusterImpl (MiniOzoneClusterImpl.java:lambda$waitForClusterToBeReady$0(232)) - Waiting for cluster to exit safe mode
2024-01-26 13:20:07,835 [main] INFO  ozone.MiniOzoneClusterImpl (MiniOzoneClusterImpl.java:lambda$waitForClusterToBeReady$0(234)) - SCM became leader
2024-01-26 13:20:07,841 [6f9a858c-5bc3-4795-8cf6-806e3c336a96-DatanodeStateMachineTaskThread-0] INFO  datanode.InitDatanodeState (InitDatanodeState.java:persistContainerDatanodeDetails(139)) - DatanodeDetails is persisted to /home/runner/work/ozone/ozone/hadoop-ozone/integration-test/target/test-dir/MiniOzoneClusterImpl-6bed2868-cd70-4a3d-a9ed-67052a48ddc2/datanode-8/meta/datanode.id
2024-01-26 13:20:07,905 [om1@group-C5BA1605619E-FollowerState] INFO  impl.FollowerState (FollowerState.java:run(143)) - om1@group-C5BA1605619E-FollowerState: change to CANDIDATE, lastRpcElapsedTime:1110843736ns, electionTimeout:1109ms
2024-01-26 13:20:07,905 [om1@group-C5BA1605619E-FollowerState] INFO  impl.RoleInfo (RoleInfo.java:shutdownFollowerState(110)) - om1: shutdown om1@group-C5BA1605619E-FollowerState
2024-01-26 13:20:07,905 [om1@group-C5BA1605619E-FollowerState] INFO  server.RaftServer$Division (RaftServerImpl.java:setRole(383)) - om1@group-C5BA1605619E: changes role from  FOLLOWER to CANDIDATE at term 0 for changeToCandidate
2024-01-26 13:20:07,905 [om1@group-C5BA1605619E-FollowerState] INFO  server.RaftServerConfigKeys (ConfUtils.java:logGet(46)) - raft.server.leaderelection.pre-vote = true (default)
2024-01-26 13:20:07,905 [om1@group-C5BA1605619E-FollowerState] INFO  impl.RoleInfo (RoleInfo.java:updateAndGet(139)) - om1: start om1@group-C5BA1605619E-LeaderElection18
2024-01-26 13:20:07,908 [om1@group-C5BA1605619E-LeaderElection18] INFO  impl.LeaderElection (LeaderElection.java:askForVotes(321)) - om1@group-C5BA1605619E-LeaderElection18 PRE_VOTE round 0: submit vote requests at term 0 for -1: peers:[om1|localhost:15096]|listeners:[], old=null
2024-01-26 13:20:07,908 [om1@group-C5BA1605619E-LeaderElection18] INFO  impl.LeaderElection (LeaderElection.java:askForVotes(323)) - om1@group-C5BA1605619E-LeaderElection18 PRE_VOTE round 0: result PASSED (term=0)
2024-01-26 13:20:07,909 [om1@group-C5BA1605619E-LeaderElection18] INFO  impl.LeaderElection (LeaderElection.java:askForVotes(321)) - om1@group-C5BA1605619E-LeaderElection18 ELECTION round 0: submit vote requests at term 1 for -1: peers:[om1|localhost:15096]|listeners:[], old=null
2024-01-26 13:20:07,909 [om1@group-C5BA1605619E-LeaderElection18] INFO  impl.LeaderElection (LeaderElection.java:askForVotes(323)) - om1@group-C5BA1605619E-LeaderElection18 ELECTION round 0: result PASSED (term=1)
2024-01-26 13:20:07,909 [om1@group-C5BA1605619E-LeaderElection18] INFO  impl.RoleInfo (RoleInfo.java:shutdownLeaderElection(130)) - om1: shutdown om1@group-C5BA1605619E-LeaderElection18
2024-01-26 13:20:07,909 [om1@group-C5BA1605619E-LeaderElection18] INFO  server.RaftServer$Division (RaftServerImpl.java:setRole(383)) - om1@group-C5BA1605619E: changes role from CANDIDATE to LEADER at term 1 for changeToLeader
2024-01-26 13:20:07,909 [om1@group-C5BA1605619E-LeaderElection18] INFO  server.RaftServerConfigKeys (ConfUtils.java:logGet(46)) - raft.server.staging.catchup.gap = 1000 (default)
2024-01-26 13:20:07,910 [om1@group-C5BA1605619E-LeaderElection18] INFO  server.RaftServerConfigKeys (ConfUtils.java:logGet(46)) - raft.server.write.element-limit = 4096 (default)
2024-01-26 13:20:07,910 [om1@group-C5BA1605619E-LeaderElection18] INFO  server.RaftServerConfigKeys (ConfUtils.java:logGet(46)) - raft.server.write.byte-limit = 64MB (=67108864) (default)
2024-01-26 13:20:07,910 [om1@group-C5BA1605619E-LeaderElection18] INFO  server.RaftServerConfigKeys (ConfUtils.java:logGet(46)) - raft.server.watch.timeout = 10s (default)
2024-01-26 13:20:07,910 [om1@group-C5BA1605619E-LeaderElection18] INFO  server.RaftServerConfigKeys (ConfUtils.java:logGet(46)) - raft.server.watch.timeout.denomination = 1s (default)
2024-01-26 13:20:07,910 [om1@group-C5BA1605619E-LeaderElection18] INFO  server.RaftServerConfigKeys (ConfUtils.java:logGet(46)) - raft.server.watch.element-limit = 65536 (default)
2024-01-26 13:20:07,910 [om1@group-C5BA1605619E-LeaderElection18] INFO  server.RaftServerConfigKeys (ConfUtils.java:logGet(46)) - raft.server.read.leader.lease.enabled = false (default)
2024-01-26 13:20:07,910 [om1@group-C5BA1605619E-LeaderElection18] INFO  server.RaftServerConfigKeys (ConfUtils.java:logGet(46)) - raft.server.read.leader.lease.timeout.ratio = 0.9 (default)
2024-01-26 13:20:07,910 [om1@group-C5BA1605619E-LeaderElection18] INFO  server.RaftServerConfigKeys (ConfUtils.java:logGet(46)) - raft.server.rpc.timeout.min = 1s (custom)
2024-01-26 13:20:07,910 [om1@group-C5BA1605619E-LeaderElection18] INFO  server.RaftServerConfigKeys (ConfUtils.java:logGet(46)) - raft.server.write.element-limit = 4096 (default)
2024-01-26 13:20:07,910 [om1@group-C5BA1605619E-LeaderElection18] INFO  server.RaftServerConfigKeys (ConfUtils.java:logGet(46)) - raft.server.write.follower.gap.ratio.max = -1.0 (default)
2024-01-26 13:20:07,911 [om1@group-C5BA1605619E-LeaderElection18] INFO  impl.RoleInfo (RoleInfo.java:updateAndGet(139)) - om1: start om1@group-C5BA1605619E-LeaderStateImpl
2024-01-26 13:20:07,911 [om1@group-C5BA1605619E-LeaderElection18] INFO  server.RaftServer$Division (RaftServerImpl.java:setFirstElection(574)) - om1@group-C5BA1605619E: set firstElectionSinceStartup to false for becomeLeader
2024-01-26 13:20:07,911 [om1@group-C5BA1605619E-LeaderElection18] INFO  server.RaftServer$Division (ServerState.java:setLeader(269)) - om1@group-C5BA1605619E: change Leader from null to om1 at term 1 for becomeLeader, leader elected after 1343ms
2024-01-26 13:20:07,911 [om1@group-C5BA1605619E-LeaderElection18] INFO  segmented.SegmentedRaftLogWorker (SegmentedRaftLogWorker.java:startLogSegment(430)) - om1@group-C5BA1605619E-SegmentedRaftLogWorker: Starting segment from index:0
2024-01-26 13:20:07,911 [om1@group-C5BA1605619E-SegmentedRaftLogWorker] INFO  segmented.BufferedWriteChannel (BufferedWriteChannel.java:open(62)) - open log_inprogress_0 at position 0
2024-01-26 13:20:07,917 [om1@group-C5BA1605619E-LeaderElection18] INFO  server.RaftServer$Division (ServerState.java:setRaftConf(386)) - om1@group-C5BA1605619E: set configuration 0: peers:[om1|localhost:15096]|listeners:[], old=null
2024-01-26 13:20:07,920 [om1@group-C5BA1605619E-SegmentedRaftLogWorker] INFO  segmented.SegmentedRaftLogWorker (SegmentedRaftLogWorker.java:execute(634)) - om1@group-C5BA1605619E-SegmentedRaftLogWorker: created new log segment /home/runner/work/ozone/ozone/hadoop-ozone/integration-test/target/test-dir/MiniOzoneClusterImpl-6bed2868-cd70-4a3d-a9ed-67052a48ddc2/ozone-meta/ratis/bf265839-605b-3f16-9796-c5ba1605619e/current/log_inprogress_0
2024-01-26 13:20:07,922 [om1@group-C5BA1605619E-StateMachineUpdater] INFO  ratis.OzoneManagerStateMachine (OzoneManagerStateMachine.java:notifyConfigurationChanged(200)) - Received Configuration change notification from Ratis. New Peer list:
[id: "om1"
address: "localhost:15096"
startupRole: FOLLOWER
]
2024-01-26 13:20:07,922 [om1@group-C5BA1605619E-StateMachineUpdater] INFO  server.RaftServer$Division (LeaderStateImpl.java:isApplied(320)) - leader is ready since appliedIndex == 0 >= startIndex == 0
2024-01-26 13:20:08,000 [timer3] WARN  server.GrpcLogAppender (LogUtils.java:warn(121)) - 124a1474-2e46-4b4d-98c5-d4b40f3f55e2@group-62B5F4868766->c4d6ccb6-fe08-4a8b-a1d1-de4a14fb7bbe-AppendLogResponseHandler: Failed appendEntries (Repeated 2 times in the last 5.002s): org.apache.ratis.thirdparty.io.grpc.StatusRuntimeException: CANCELLED: RST_STREAM closed stream. HTTP/2 error code: CANCEL
2024-01-26 13:20:08,004 [timer4] WARN  server.GrpcLogAppender (GrpcLogAppender.java:lambda$resetClient$1(217)) - 124a1474-2e46-4b4d-98c5-d4b40f3f55e2@group-62B5F4868766->c4d6ccb6-fe08-4a8b-a1d1-de4a14fb7bbe-GrpcLogAppender: Follower failed (request=null, errorCount=2); keep nextIndex (1) unchanged and retry. (Repeated 2 times in the last 5.001s)
2024-01-26 13:20:08,006 [timer6] WARN  server.GrpcLogAppender (GrpcLogAppender.java:lambda$resetClient$1(217)) - ddb5f6b3-1f79-4d35-8e7a-53e7b1b0064f@group-832581ED9DF1->c0918d03-87a4-40b8-963f-8d1694f90ad2-GrpcLogAppender: Follower failed (request=null, errorCount=2); keep nextIndex (19) unchanged and retry. (Repeated 2 times in the last 5.001s)
2024-01-26 13:20:08,006 [timer0] WARN  server.GrpcLogAppender (GrpcLogAppender.java:lambda$resetClient$1(217)) - 124a1474-2e46-4b4d-98c5-d4b40f3f55e2@group-62B5F4868766->4174b929-c6e7-4e03-87c7-2b3266f21ec3-GrpcLogAppender: Follower failed (request=null, errorCount=2); keep nextIndex (1) unchanged and retry. (Repeated 2 times in the last 5.000s)
2024-01-26 13:20:08,006 [timer7] WARN  server.GrpcLogAppender (LogUtils.java:warn(121)) - 124a1474-2e46-4b4d-98c5-d4b40f3f55e2@group-62B5F4868766->4174b929-c6e7-4e03-87c7-2b3266f21ec3-AppendLogResponseHandler: Failed appendEntries (Repeated 2 times in the last 5.000s): org.apache.ratis.thirdparty.io.grpc.StatusRuntimeException: CANCELLED: RST_STREAM closed stream. HTTP/2 error code: CANCEL
2024-01-26 13:20:08,007 [timer5] WARN  server.GrpcLogAppender (LogUtils.java:warn(121)) - ddb5f6b3-1f79-4d35-8e7a-53e7b1b0064f@group-832581ED9DF1->c0918d03-87a4-40b8-963f-8d1694f90ad2-AppendLogResponseHandler: Failed appendEntries (Repeated 2 times in the last 5.002s): org.apache.ratis.thirdparty.io.grpc.StatusRuntimeException: CANCELLED: RST_STREAM closed stream. HTTP/2 error code: CANCEL
2024-01-26 13:20:08,835 [main] INFO  ozone.MiniOzoneClusterImpl (MiniOzoneClusterImpl.java:lambda$waitForClusterToBeReady$0(229)) - Waiting for nodes to be ready. Got 0 of 9 DN Heartbeats.
2024-01-26 13:20:08,836 [main] INFO  ozone.MiniOzoneClusterImpl (MiniOzoneClusterImpl.java:lambda$waitForClusterToBeReady$0(232)) - Waiting for cluster to exit safe mode
2024-01-26 13:20:08,836 [main] INFO  ozone.MiniOzoneClusterImpl (MiniOzoneClusterImpl.java:lambda$waitForClusterToBeReady$0(234)) - SCM became leader
2024-01-26 13:20:08,994 [056f2df6-7490-4bed-a807-334fa85beb73-EndpointStateMachineTaskThread-/0.0.0.0:15091-0 ] INFO  utils.DatanodeStoreCache (DatanodeStoreCache.java:addDB(72)) - Added db /home/runner/work/ozone/ozone/hadoop-ozone/integration-test/target/test-dir/MiniOzoneClusterImpl-6bed2868-cd70-4a3d-a9ed-67052a48ddc2/datanode-0/data-0/containers/hdds/6bed2868-cd70-4a3d-a9ed-67052a48ddc2/DS-10b93428-eeb4-445f-bc41-b6d1544efb97/container.db to cache
2024-01-26 13:20:08,994 [056f2df6-7490-4bed-a807-334fa85beb73-EndpointStateMachineTaskThread-/0.0.0.0:15091-0 ] INFO  volume.HddsVolume (HddsVolume.java:createDbStore(420)) - SchemaV3 db is created and loaded at /home/runner/work/ozone/ozone/hadoop-ozone/integration-test/target/test-dir/MiniOzoneClusterImpl-6bed2868-cd70-4a3d-a9ed-67052a48ddc2/datanode-0/data-0/containers/hdds/6bed2868-cd70-4a3d-a9ed-67052a48ddc2/DS-10b93428-eeb4-445f-bc41-b6d1544efb97/container.db for volume DS-10b93428-eeb4-445f-bc41-b6d1544efb97
2024-01-26 13:20:08,996 [056f2df6-7490-4bed-a807-334fa85beb73-EndpointStateMachineTaskThread-/0.0.0.0:15091-0 ] INFO  volume.ThrottledAsyncChecker (ThrottledAsyncChecker.java:schedule(141)) - Scheduling a check for /home/runner/work/ozone/ozone/hadoop-ozone/integration-test/target/test-dir/MiniOzoneClusterImpl-6bed2868-cd70-4a3d-a9ed-67052a48ddc2/datanode-0/data-0/containers/hdds
2024-01-26 13:20:08,996 [056f2df6-7490-4bed-a807-334fa85beb73-EndpointStateMachineTaskThread-/0.0.0.0:15091-0 ] INFO  volume.StorageVolumeChecker (StorageVolumeChecker.java:checkAllVolumes(218)) - Scheduled health check for volume /home/runner/work/ozone/ozone/hadoop-ozone/integration-test/target/test-dir/MiniOzoneClusterImpl-6bed2868-cd70-4a3d-a9ed-67052a48ddc2/datanode-0/data-0/containers/hdds
2024-01-26 13:20:09,000 [056f2df6-7490-4bed-a807-334fa85beb73-EndpointStateMachineTaskThread-/0.0.0.0:15091-0 ] INFO  volume.ThrottledAsyncChecker (ThrottledAsyncChecker.java:schedule(141)) - Scheduling a check for /home/runner/work/ozone/ozone/hadoop-ozone/integration-test/target/test-dir/MiniOzoneClusterImpl-6bed2868-cd70-4a3d-a9ed-67052a48ddc2/datanode-0/data/ratis
2024-01-26 13:20:09,000 [056f2df6-7490-4bed-a807-334fa85beb73-EndpointStateMachineTaskThread-/0.0.0.0:15091-0 ] INFO  volume.StorageVolumeChecker (StorageVolumeChecker.java:checkAllVolumes(218)) - Scheduled health check for volume /home/runner/work/ozone/ozone/hadoop-ozone/integration-test/target/test-dir/MiniOzoneClusterImpl-6bed2868-cd70-4a3d-a9ed-67052a48ddc2/datanode-0/data/ratis
2024-01-26 13:20:09,001 [056f2df6-7490-4bed-a807-334fa85beb73-EndpointStateMachineTaskThread-/0.0.0.0:15091-0 ] INFO  ozoneimpl.OzoneContainer (OzoneContainer.java:start(457)) - Attempting to start container services.
2024-01-26 13:20:09,001 [056f2df6-7490-4bed-a807-334fa85beb73-EndpointStateMachineTaskThread-/0.0.0.0:15091-0 ] INFO  ozoneimpl.OzoneContainer (OzoneContainer.java:startContainerScrub(339)) - Scheduled background container scanners and the on-demand container scanner have been disabled.
2024-01-26 13:20:09,001 [056f2df6-7490-4bed-a807-334fa85beb73-EndpointStateMachineTaskThread-/0.0.0.0:15091-0 ] INFO  replication.ReplicationServer (ReplicationServer.java:start(139)) - ReplicationServer is started using port 15105
2024-01-26 13:20:09,001 [056f2df6-7490-4bed-a807-334fa85beb73-EndpointStateMachineTaskThread-/0.0.0.0:15091-0 ] INFO  ratis.XceiverServerRatis (XceiverServerRatis.java:start(549)) - Starting XceiverServerRatis 056f2df6-7490-4bed-a807-334fa85beb73
2024-01-26 13:20:09,002 [056f2df6-7490-4bed-a807-334fa85beb73-EndpointStateMachineTaskThread-/0.0.0.0:15091-0 ] INFO  server.RaftServer (RaftServerProxy.java:startImpl(406)) - 056f2df6-7490-4bed-a807-334fa85beb73: start RPC server
2024-01-26 13:20:09,002 [056f2df6-7490-4bed-a807-334fa85beb73-EndpointStateMachineTaskThread-/0.0.0.0:15091-0 ] INFO  server.GrpcService (GrpcService.java:startImpl(302)) - 056f2df6-7490-4bed-a807-334fa85beb73: GrpcService started, listening on 15101
2024-01-26 13:20:09,003 [056f2df6-7490-4bed-a807-334fa85beb73-EndpointStateMachineTaskThread-/0.0.0.0:15091-0 ] INFO  server.GrpcService (GrpcService.java:startImpl(302)) - 056f2df6-7490-4bed-a807-334fa85beb73: GrpcService started, listening on 15103
2024-01-26 13:20:09,003 [056f2df6-7490-4bed-a807-334fa85beb73-EndpointStateMachineTaskThread-/0.0.0.0:15091-0 ] INFO  server.GrpcService (GrpcService.java:startImpl(302)) - 056f2df6-7490-4bed-a807-334fa85beb73: GrpcService started, listening on 15102
2024-01-26 13:20:09,003 [056f2df6-7490-4bed-a807-334fa85beb73-EndpointStateMachineTaskThread-/0.0.0.0:15091-0 ] INFO  ratis.XceiverServerRatis (XceiverServerRatis.java:getRealPort(575)) - XceiverServerRatis 056f2df6-7490-4bed-a807-334fa85beb73 is started using port 15101 for RATIS
2024-01-26 13:20:09,003 [056f2df6-7490-4bed-a807-334fa85beb73-EndpointStateMachineTaskThread-/0.0.0.0:15091-0 ] INFO  ratis.XceiverServerRatis (XceiverServerRatis.java:getRealPort(575)) - XceiverServerRatis 056f2df6-7490-4bed-a807-334fa85beb73 is started using port 15102 for RATIS_ADMIN
2024-01-26 13:20:09,003 [056f2df6-7490-4bed-a807-334fa85beb73-EndpointStateMachineTaskThread-/0.0.0.0:15091-0 ] INFO  ratis.XceiverServerRatis (XceiverServerRatis.java:getRealPort(575)) - XceiverServerRatis 056f2df6-7490-4bed-a807-334fa85beb73 is started using port 15103 for RATIS_SERVER
2024-01-26 13:20:09,003 [056f2df6-7490-4bed-a807-334fa85beb73-EndpointStateMachineTaskThread-/0.0.0.0:15091-0 ] INFO  ratis.XceiverServerRatis (XceiverServerRatis.java:getRealPort(575)) - XceiverServerRatis 056f2df6-7490-4bed-a807-334fa85beb73 is started using port 15104 for RATIS_DATASTREAM
2024-01-26 13:20:09,003 [JvmPauseMonitor13] INFO  util.JvmPauseMonitor (JvmPauseMonitor.java:run(146)) - JvmPauseMonitor-056f2df6-7490-4bed-a807-334fa85beb73: Started
2024-01-26 13:20:09,005 [056f2df6-7490-4bed-a807-334fa85beb73-BlockDeletingService#0] INFO  interfaces.ContainerDeletionChoosingPolicyTemplate (ContainerDeletionChoosingPolicyTemplate.java:chooseContainerForBlockDeletion(85)) - Chosen 0/5000 blocks from 0 candidate containers.
2024-01-26 13:20:09,082 [d656e8e6-3e99-480b-bf88-fcaebe65a6ea-EndpointStateMachineTaskThread-/0.0.0.0:15091-0 ] INFO  utils.DatanodeStoreCache (DatanodeStoreCache.java:addDB(72)) - Added db /home/runner/work/ozone/ozone/hadoop-ozone/integration-test/target/test-dir/MiniOzoneClusterImpl-6bed2868-cd70-4a3d-a9ed-67052a48ddc2/datanode-1/data-0/containers/hdds/6bed2868-cd70-4a3d-a9ed-67052a48ddc2/DS-8db924b1-029e-476a-b549-9a5b881e788b/container.db to cache
2024-01-26 13:20:09,083 [d656e8e6-3e99-480b-bf88-fcaebe65a6ea-EndpointStateMachineTaskThread-/0.0.0.0:15091-0 ] INFO  volume.HddsVolume (HddsVolume.java:createDbStore(420)) - SchemaV3 db is created and loaded at /home/runner/work/ozone/ozone/hadoop-ozone/integration-test/target/test-dir/MiniOzoneClusterImpl-6bed2868-cd70-4a3d-a9ed-67052a48ddc2/datanode-1/data-0/containers/hdds/6bed2868-cd70-4a3d-a9ed-67052a48ddc2/DS-8db924b1-029e-476a-b549-9a5b881e788b/container.db for volume DS-8db924b1-029e-476a-b549-9a5b881e788b
2024-01-26 13:20:09,084 [d656e8e6-3e99-480b-bf88-fcaebe65a6ea-EndpointStateMachineTaskThread-/0.0.0.0:15091-0 ] INFO  volume.ThrottledAsyncChecker (ThrottledAsyncChecker.java:schedule(141)) - Scheduling a check for /home/runner/work/ozone/ozone/hadoop-ozone/integration-test/target/test-dir/MiniOzoneClusterImpl-6bed2868-cd70-4a3d-a9ed-67052a48ddc2/datanode-1/data-0/containers/hdds
2024-01-26 13:20:09,084 [d656e8e6-3e99-480b-bf88-fcaebe65a6ea-EndpointStateMachineTaskThread-/0.0.0.0:15091-0 ] INFO  volume.StorageVolumeChecker (StorageVolumeChecker.java:checkAllVolumes(218)) - Scheduled health check for volume /home/runner/work/ozone/ozone/hadoop-ozone/integration-test/target/test-dir/MiniOzoneClusterImpl-6bed2868-cd70-4a3d-a9ed-67052a48ddc2/datanode-1/data-0/containers/hdds
2024-01-26 13:20:09,086 [d656e8e6-3e99-480b-bf88-fcaebe65a6ea-EndpointStateMachineTaskThread-/0.0.0.0:15091-0 ] INFO  volume.ThrottledAsyncChecker (ThrottledAsyncChecker.java:schedule(141)) - Scheduling a check for /home/runner/work/ozone/ozone/hadoop-ozone/integration-test/target/test-dir/MiniOzoneClusterImpl-6bed2868-cd70-4a3d-a9ed-67052a48ddc2/datanode-1/data/ratis
2024-01-26 13:20:09,086 [d656e8e6-3e99-480b-bf88-fcaebe65a6ea-EndpointStateMachineTaskThread-/0.0.0.0:15091-0 ] INFO  volume.StorageVolumeChecker (StorageVolumeChecker.java:checkAllVolumes(218)) - Scheduled health check for volume /home/runner/work/ozone/ozone/hadoop-ozone/integration-test/target/test-dir/MiniOzoneClusterImpl-6bed2868-cd70-4a3d-a9ed-67052a48ddc2/datanode-1/data/ratis
2024-01-26 13:20:09,087 [d656e8e6-3e99-480b-bf88-fcaebe65a6ea-EndpointStateMachineTaskThread-/0.0.0.0:15091-0 ] INFO  ozoneimpl.OzoneContainer (OzoneContainer.java:start(457)) - Attempting to start container services.
2024-01-26 13:20:09,087 [d656e8e6-3e99-480b-bf88-fcaebe65a6ea-EndpointStateMachineTaskThread-/0.0.0.0:15091-0 ] INFO  ozoneimpl.OzoneContainer (OzoneContainer.java:startContainerScrub(339)) - Scheduled background container scanners and the on-demand container scanner have been disabled.
2024-01-26 13:20:09,087 [d656e8e6-3e99-480b-bf88-fcaebe65a6ea-EndpointStateMachineTaskThread-/0.0.0.0:15091-0 ] INFO  replication.ReplicationServer (ReplicationServer.java:start(139)) - ReplicationServer is started using port 15114
2024-01-26 13:20:09,087 [d656e8e6-3e99-480b-bf88-fcaebe65a6ea-EndpointStateMachineTaskThread-/0.0.0.0:15091-0 ] INFO  ratis.XceiverServerRatis (XceiverServerRatis.java:start(549)) - Starting XceiverServerRatis d656e8e6-3e99-480b-bf88-fcaebe65a6ea
2024-01-26 13:20:09,088 [d656e8e6-3e99-480b-bf88-fcaebe65a6ea-EndpointStateMachineTaskThread-/0.0.0.0:15091-0 ] INFO  server.RaftServer (RaftServerProxy.java:startImpl(406)) - d656e8e6-3e99-480b-bf88-fcaebe65a6ea: start RPC server
2024-01-26 13:20:09,088 [d656e8e6-3e99-480b-bf88-fcaebe65a6ea-EndpointStateMachineTaskThread-/0.0.0.0:15091-0 ] INFO  server.GrpcService (GrpcService.java:startImpl(302)) - d656e8e6-3e99-480b-bf88-fcaebe65a6ea: GrpcService started, listening on 15110
2024-01-26 13:20:09,088 [d656e8e6-3e99-480b-bf88-fcaebe65a6ea-EndpointStateMachineTaskThread-/0.0.0.0:15091-0 ] INFO  server.GrpcService (GrpcService.java:startImpl(302)) - d656e8e6-3e99-480b-bf88-fcaebe65a6ea: GrpcService started, listening on 15112
2024-01-26 13:20:09,089 [d656e8e6-3e99-480b-bf88-fcaebe65a6ea-EndpointStateMachineTaskThread-/0.0.0.0:15091-0 ] INFO  server.GrpcService (GrpcService.java:startImpl(302)) - d656e8e6-3e99-480b-bf88-fcaebe65a6ea: GrpcService started, listening on 15111
2024-01-26 13:20:09,089 [d656e8e6-3e99-480b-bf88-fcaebe65a6ea-EndpointStateMachineTaskThread-/0.0.0.0:15091-0 ] INFO  ratis.XceiverServerRatis (XceiverServerRatis.java:getRealPort(575)) - XceiverServerRatis d656e8e6-3e99-480b-bf88-fcaebe65a6ea is started using port 15110 for RATIS
2024-01-26 13:20:09,089 [JvmPauseMonitor14] INFO  util.JvmPauseMonitor (JvmPauseMonitor.java:run(146)) - JvmPauseMonitor-d656e8e6-3e99-480b-bf88-fcaebe65a6ea: Started
2024-01-26 13:20:09,089 [d656e8e6-3e99-480b-bf88-fcaebe65a6ea-EndpointStateMachineTaskThread-/0.0.0.0:15091-0 ] INFO  ratis.XceiverServerRatis (XceiverServerRatis.java:getRealPort(575)) - XceiverServerRatis d656e8e6-3e99-480b-bf88-fcaebe65a6ea is started using port 15111 for RATIS_ADMIN
2024-01-26 13:20:09,090 [d656e8e6-3e99-480b-bf88-fcaebe65a6ea-EndpointStateMachineTaskThread-/0.0.0.0:15091-0 ] INFO  ratis.XceiverServerRatis (XceiverServerRatis.java:getRealPort(575)) - XceiverServerRatis d656e8e6-3e99-480b-bf88-fcaebe65a6ea is started using port 15112 for RATIS_SERVER
2024-01-26 13:20:09,090 [d656e8e6-3e99-480b-bf88-fcaebe65a6ea-EndpointStateMachineTaskThread-/0.0.0.0:15091-0 ] INFO  ratis.XceiverServerRatis (XceiverServerRatis.java:getRealPort(575)) - XceiverServerRatis d656e8e6-3e99-480b-bf88-fcaebe65a6ea is started using port 15113 for RATIS_DATASTREAM
2024-01-26 13:20:09,091 [d656e8e6-3e99-480b-bf88-fcaebe65a6ea-BlockDeletingService#0] INFO  interfaces.ContainerDeletionChoosingPolicyTemplate (ContainerDeletionChoosingPolicyTemplate.java:chooseContainerForBlockDeletion(85)) - Chosen 0/5000 blocks from 0 candidate containers.
2024-01-26 13:20:09,211 [2800087d-98cc-4731-8fb3-504dcca9d3e0-EndpointStateMachineTaskThread-/0.0.0.0:15091-0 ] INFO  utils.DatanodeStoreCache (DatanodeStoreCache.java:addDB(72)) - Added db /home/runner/work/ozone/ozone/hadoop-ozone/integration-test/target/test-dir/MiniOzoneClusterImpl-6bed2868-cd70-4a3d-a9ed-67052a48ddc2/datanode-2/data-0/containers/hdds/6bed2868-cd70-4a3d-a9ed-67052a48ddc2/DS-9871fc71-7d65-419d-9fd1-a0133b30a6ad/container.db to cache
2024-01-26 13:20:09,212 [2800087d-98cc-4731-8fb3-504dcca9d3e0-EndpointStateMachineTaskThread-/0.0.0.0:15091-0 ] INFO  volume.HddsVolume (HddsVolume.java:createDbStore(420)) - SchemaV3 db is created and loaded at /home/runner/work/ozone/ozone/hadoop-ozone/integration-test/target/test-dir/MiniOzoneClusterImpl-6bed2868-cd70-4a3d-a9ed-67052a48ddc2/datanode-2/data-0/containers/hdds/6bed2868-cd70-4a3d-a9ed-67052a48ddc2/DS-9871fc71-7d65-419d-9fd1-a0133b30a6ad/container.db for volume DS-9871fc71-7d65-419d-9fd1-a0133b30a6ad
2024-01-26 13:20:09,213 [2800087d-98cc-4731-8fb3-504dcca9d3e0-EndpointStateMachineTaskThread-/0.0.0.0:15091-0 ] INFO  volume.ThrottledAsyncChecker (ThrottledAsyncChecker.java:schedule(141)) - Scheduling a check for /home/runner/work/ozone/ozone/hadoop-ozone/integration-test/target/test-dir/MiniOzoneClusterImpl-6bed2868-cd70-4a3d-a9ed-67052a48ddc2/datanode-2/data-0/containers/hdds
2024-01-26 13:20:09,214 [2800087d-98cc-4731-8fb3-504dcca9d3e0-EndpointStateMachineTaskThread-/0.0.0.0:15091-0 ] INFO  volume.StorageVolumeChecker (StorageVolumeChecker.java:checkAllVolumes(218)) - Scheduled health check for volume /home/runner/work/ozone/ozone/hadoop-ozone/integration-test/target/test-dir/MiniOzoneClusterImpl-6bed2868-cd70-4a3d-a9ed-67052a48ddc2/datanode-2/data-0/containers/hdds
2024-01-26 13:20:09,215 [2800087d-98cc-4731-8fb3-504dcca9d3e0-EndpointStateMachineTaskThread-/0.0.0.0:15091-0 ] INFO  volume.ThrottledAsyncChecker (ThrottledAsyncChecker.java:schedule(141)) - Scheduling a check for /home/runner/work/ozone/ozone/hadoop-ozone/integration-test/target/test-dir/MiniOzoneClusterImpl-6bed2868-cd70-4a3d-a9ed-67052a48ddc2/datanode-2/data/ratis
2024-01-26 13:20:09,215 [2800087d-98cc-4731-8fb3-504dcca9d3e0-EndpointStateMachineTaskThread-/0.0.0.0:15091-0 ] INFO  volume.StorageVolumeChecker (StorageVolumeChecker.java:checkAllVolumes(218)) - Scheduled health check for volume /home/runner/work/ozone/ozone/hadoop-ozone/integration-test/target/test-dir/MiniOzoneClusterImpl-6bed2868-cd70-4a3d-a9ed-67052a48ddc2/datanode-2/data/ratis
2024-01-26 13:20:09,216 [2800087d-98cc-4731-8fb3-504dcca9d3e0-EndpointStateMachineTaskThread-/0.0.0.0:15091-0 ] INFO  ozoneimpl.OzoneContainer (OzoneContainer.java:start(457)) - Attempting to start container services.
2024-01-26 13:20:09,216 [2800087d-98cc-4731-8fb3-504dcca9d3e0-EndpointStateMachineTaskThread-/0.0.0.0:15091-0 ] INFO  ozoneimpl.OzoneContainer (OzoneContainer.java:startContainerScrub(339)) - Scheduled background container scanners and the on-demand container scanner have been disabled.
2024-01-26 13:20:09,217 [2800087d-98cc-4731-8fb3-504dcca9d3e0-EndpointStateMachineTaskThread-/0.0.0.0:15091-0 ] INFO  replication.ReplicationServer (ReplicationServer.java:start(139)) - ReplicationServer is started using port 15123
2024-01-26 13:20:09,217 [2800087d-98cc-4731-8fb3-504dcca9d3e0-EndpointStateMachineTaskThread-/0.0.0.0:15091-0 ] INFO  ratis.XceiverServerRatis (XceiverServerRatis.java:start(549)) - Starting XceiverServerRatis 2800087d-98cc-4731-8fb3-504dcca9d3e0
2024-01-26 13:20:09,217 [2800087d-98cc-4731-8fb3-504dcca9d3e0-EndpointStateMachineTaskThread-/0.0.0.0:15091-0 ] INFO  server.RaftServer (RaftServerProxy.java:startImpl(406)) - 2800087d-98cc-4731-8fb3-504dcca9d3e0: start RPC server
2024-01-26 13:20:09,217 [2800087d-98cc-4731-8fb3-504dcca9d3e0-EndpointStateMachineTaskThread-/0.0.0.0:15091-0 ] INFO  server.GrpcService (GrpcService.java:startImpl(302)) - 2800087d-98cc-4731-8fb3-504dcca9d3e0: GrpcService started, listening on 15119
2024-01-26 13:20:09,218 [2800087d-98cc-4731-8fb3-504dcca9d3e0-EndpointStateMachineTaskThread-/0.0.0.0:15091-0 ] INFO  server.GrpcService (GrpcService.java:startImpl(302)) - 2800087d-98cc-4731-8fb3-504dcca9d3e0: GrpcService started, listening on 15121
2024-01-26 13:20:09,218 [2800087d-98cc-4731-8fb3-504dcca9d3e0-EndpointStateMachineTaskThread-/0.0.0.0:15091-0 ] INFO  server.GrpcService (GrpcService.java:startImpl(302)) - 2800087d-98cc-4731-8fb3-504dcca9d3e0: GrpcService started, listening on 15120
2024-01-26 13:20:09,218 [2800087d-98cc-4731-8fb3-504dcca9d3e0-EndpointStateMachineTaskThread-/0.0.0.0:15091-0 ] INFO  ratis.XceiverServerRatis (XceiverServerRatis.java:getRealPort(575)) - XceiverServerRatis 2800087d-98cc-4731-8fb3-504dcca9d3e0 is started using port 15119 for RATIS
2024-01-26 13:20:09,218 [JvmPauseMonitor15] INFO  util.JvmPauseMonitor (JvmPauseMonitor.java:run(146)) - JvmPauseMonitor-2800087d-98cc-4731-8fb3-504dcca9d3e0: Started
2024-01-26 13:20:09,218 [2800087d-98cc-4731-8fb3-504dcca9d3e0-EndpointStateMachineTaskThread-/0.0.0.0:15091-0 ] INFO  ratis.XceiverServerRatis (XceiverServerRatis.java:getRealPort(575)) - XceiverServerRatis 2800087d-98cc-4731-8fb3-504dcca9d3e0 is started using port 15120 for RATIS_ADMIN
2024-01-26 13:20:09,218 [2800087d-98cc-4731-8fb3-504dcca9d3e0-EndpointStateMachineTaskThread-/0.0.0.0:15091-0 ] INFO  ratis.XceiverServerRatis (XceiverServerRatis.java:getRealPort(575)) - XceiverServerRatis 2800087d-98cc-4731-8fb3-504dcca9d3e0 is started using port 15121 for RATIS_SERVER
2024-01-26 13:20:09,218 [2800087d-98cc-4731-8fb3-504dcca9d3e0-EndpointStateMachineTaskThread-/0.0.0.0:15091-0 ] INFO  ratis.XceiverServerRatis (XceiverServerRatis.java:getRealPort(575)) - XceiverServerRatis 2800087d-98cc-4731-8fb3-504dcca9d3e0 is started using port 15122 for RATIS_DATASTREAM
2024-01-26 13:20:09,219 [2800087d-98cc-4731-8fb3-504dcca9d3e0-BlockDeletingService#0] INFO  interfaces.ContainerDeletionChoosingPolicyTemplate (ContainerDeletionChoosingPolicyTemplate.java:chooseContainerForBlockDeletion(85)) - Chosen 0/5000 blocks from 0 candidate containers.
2024-01-26 13:20:09,357 [97e940e6-23da-4943-8422-3d5ca177be46-EndpointStateMachineTaskThread-/0.0.0.0:15091-0 ] INFO  utils.DatanodeStoreCache (DatanodeStoreCache.java:addDB(72)) - Added db /home/runner/work/ozone/ozone/hadoop-ozone/integration-test/target/test-dir/MiniOzoneClusterImpl-6bed2868-cd70-4a3d-a9ed-67052a48ddc2/datanode-3/data-0/containers/hdds/6bed2868-cd70-4a3d-a9ed-67052a48ddc2/DS-9fc2fb7a-2d93-4654-9e8a-974d8821fb85/container.db to cache
2024-01-26 13:20:09,357 [97e940e6-23da-4943-8422-3d5ca177be46-EndpointStateMachineTaskThread-/0.0.0.0:15091-0 ] INFO  volume.HddsVolume (HddsVolume.java:createDbStore(420)) - SchemaV3 db is created and loaded at /home/runner/work/ozone/ozone/hadoop-ozone/integration-test/target/test-dir/MiniOzoneClusterImpl-6bed2868-cd70-4a3d-a9ed-67052a48ddc2/datanode-3/data-0/containers/hdds/6bed2868-cd70-4a3d-a9ed-67052a48ddc2/DS-9fc2fb7a-2d93-4654-9e8a-974d8821fb85/container.db for volume DS-9fc2fb7a-2d93-4654-9e8a-974d8821fb85
2024-01-26 13:20:09,358 [97e940e6-23da-4943-8422-3d5ca177be46-EndpointStateMachineTaskThread-/0.0.0.0:15091-0 ] INFO  volume.ThrottledAsyncChecker (ThrottledAsyncChecker.java:schedule(141)) - Scheduling a check for /home/runner/work/ozone/ozone/hadoop-ozone/integration-test/target/test-dir/MiniOzoneClusterImpl-6bed2868-cd70-4a3d-a9ed-67052a48ddc2/datanode-3/data-0/containers/hdds
2024-01-26 13:20:09,358 [97e940e6-23da-4943-8422-3d5ca177be46-EndpointStateMachineTaskThread-/0.0.0.0:15091-0 ] INFO  volume.StorageVolumeChecker (StorageVolumeChecker.java:checkAllVolumes(218)) - Scheduled health check for volume /home/runner/work/ozone/ozone/hadoop-ozone/integration-test/target/test-dir/MiniOzoneClusterImpl-6bed2868-cd70-4a3d-a9ed-67052a48ddc2/datanode-3/data-0/containers/hdds
2024-01-26 13:20:09,361 [97e940e6-23da-4943-8422-3d5ca177be46-EndpointStateMachineTaskThread-/0.0.0.0:15091-0 ] INFO  volume.ThrottledAsyncChecker (ThrottledAsyncChecker.java:schedule(141)) - Scheduling a check for /home/runner/work/ozone/ozone/hadoop-ozone/integration-test/target/test-dir/MiniOzoneClusterImpl-6bed2868-cd70-4a3d-a9ed-67052a48ddc2/datanode-3/data/ratis
2024-01-26 13:20:09,361 [97e940e6-23da-4943-8422-3d5ca177be46-EndpointStateMachineTaskThread-/0.0.0.0:15091-0 ] INFO  volume.StorageVolumeChecker (StorageVolumeChecker.java:checkAllVolumes(218)) - Scheduled health check for volume /home/runner/work/ozone/ozone/hadoop-ozone/integration-test/target/test-dir/MiniOzoneClusterImpl-6bed2868-cd70-4a3d-a9ed-67052a48ddc2/datanode-3/data/ratis
2024-01-26 13:20:09,362 [97e940e6-23da-4943-8422-3d5ca177be46-EndpointStateMachineTaskThread-/0.0.0.0:15091-0 ] INFO  ozoneimpl.OzoneContainer (OzoneContainer.java:start(457)) - Attempting to start container services.
2024-01-26 13:20:09,362 [97e940e6-23da-4943-8422-3d5ca177be46-EndpointStateMachineTaskThread-/0.0.0.0:15091-0 ] INFO  ozoneimpl.OzoneContainer (OzoneContainer.java:startContainerScrub(339)) - Scheduled background container scanners and the on-demand container scanner have been disabled.
2024-01-26 13:20:09,362 [97e940e6-23da-4943-8422-3d5ca177be46-EndpointStateMachineTaskThread-/0.0.0.0:15091-0 ] INFO  replication.ReplicationServer (ReplicationServer.java:start(139)) - ReplicationServer is started using port 15132
2024-01-26 13:20:09,362 [97e940e6-23da-4943-8422-3d5ca177be46-EndpointStateMachineTaskThread-/0.0.0.0:15091-0 ] INFO  ratis.XceiverServerRatis (XceiverServerRatis.java:start(549)) - Starting XceiverServerRatis 97e940e6-23da-4943-8422-3d5ca177be46
2024-01-26 13:20:09,363 [97e940e6-23da-4943-8422-3d5ca177be46-EndpointStateMachineTaskThread-/0.0.0.0:15091-0 ] INFO  server.RaftServer (RaftServerProxy.java:startImpl(406)) - 97e940e6-23da-4943-8422-3d5ca177be46: start RPC server
2024-01-26 13:20:09,363 [97e940e6-23da-4943-8422-3d5ca177be46-EndpointStateMachineTaskThread-/0.0.0.0:15091-0 ] INFO  server.GrpcService (GrpcService.java:startImpl(302)) - 97e940e6-23da-4943-8422-3d5ca177be46: GrpcService started, listening on 15128
2024-01-26 13:20:09,363 [97e940e6-23da-4943-8422-3d5ca177be46-EndpointStateMachineTaskThread-/0.0.0.0:15091-0 ] INFO  server.GrpcService (GrpcService.java:startImpl(302)) - 97e940e6-23da-4943-8422-3d5ca177be46: GrpcService started, listening on 15130
2024-01-26 13:20:09,364 [97e940e6-23da-4943-8422-3d5ca177be46-EndpointStateMachineTaskThread-/0.0.0.0:15091-0 ] INFO  server.GrpcService (GrpcService.java:startImpl(302)) - 97e940e6-23da-4943-8422-3d5ca177be46: GrpcService started, listening on 15129
2024-01-26 13:20:09,364 [97e940e6-23da-4943-8422-3d5ca177be46-EndpointStateMachineTaskThread-/0.0.0.0:15091-0 ] INFO  ratis.XceiverServerRatis (XceiverServerRatis.java:getRealPort(575)) - XceiverServerRatis 97e940e6-23da-4943-8422-3d5ca177be46 is started using port 15128 for RATIS
2024-01-26 13:20:09,364 [97e940e6-23da-4943-8422-3d5ca177be46-EndpointStateMachineTaskThread-/0.0.0.0:15091-0 ] INFO  ratis.XceiverServerRatis (XceiverServerRatis.java:getRealPort(575)) - XceiverServerRatis 97e940e6-23da-4943-8422-3d5ca177be46 is started using port 15129 for RATIS_ADMIN
2024-01-26 13:20:09,364 [97e940e6-23da-4943-8422-3d5ca177be46-EndpointStateMachineTaskThread-/0.0.0.0:15091-0 ] INFO  ratis.XceiverServerRatis (XceiverServerRatis.java:getRealPort(575)) - XceiverServerRatis 97e940e6-23da-4943-8422-3d5ca177be46 is started using port 15130 for RATIS_SERVER
2024-01-26 13:20:09,364 [97e940e6-23da-4943-8422-3d5ca177be46-EndpointStateMachineTaskThread-/0.0.0.0:15091-0 ] INFO  ratis.XceiverServerRatis (XceiverServerRatis.java:getRealPort(575)) - XceiverServerRatis 97e940e6-23da-4943-8422-3d5ca177be46 is started using port 15131 for RATIS_DATASTREAM
2024-01-26 13:20:09,364 [JvmPauseMonitor16] INFO  util.JvmPauseMonitor (JvmPauseMonitor.java:run(146)) - JvmPauseMonitor-97e940e6-23da-4943-8422-3d5ca177be46: Started
2024-01-26 13:20:09,365 [97e940e6-23da-4943-8422-3d5ca177be46-BlockDeletingService#0] INFO  interfaces.ContainerDeletionChoosingPolicyTemplate (ContainerDeletionChoosingPolicyTemplate.java:chooseContainerForBlockDeletion(85)) - Chosen 0/5000 blocks from 0 candidate containers.
2024-01-26 13:20:09,474 [fed085ba-920d-45a3-8aa6-0ed8c2482a63-EndpointStateMachineTaskThread-/0.0.0.0:15091-0 ] INFO  utils.DatanodeStoreCache (DatanodeStoreCache.java:addDB(72)) - Added db /home/runner/work/ozone/ozone/hadoop-ozone/integration-test/target/test-dir/MiniOzoneClusterImpl-6bed2868-cd70-4a3d-a9ed-67052a48ddc2/datanode-4/data-0/containers/hdds/6bed2868-cd70-4a3d-a9ed-67052a48ddc2/DS-fe5404e2-d6fd-46ac-85dc-6819d535cc51/container.db to cache
2024-01-26 13:20:09,474 [fed085ba-920d-45a3-8aa6-0ed8c2482a63-EndpointStateMachineTaskThread-/0.0.0.0:15091-0 ] INFO  volume.HddsVolume (HddsVolume.java:createDbStore(420)) - SchemaV3 db is created and loaded at /home/runner/work/ozone/ozone/hadoop-ozone/integration-test/target/test-dir/MiniOzoneClusterImpl-6bed2868-cd70-4a3d-a9ed-67052a48ddc2/datanode-4/data-0/containers/hdds/6bed2868-cd70-4a3d-a9ed-67052a48ddc2/DS-fe5404e2-d6fd-46ac-85dc-6819d535cc51/container.db for volume DS-fe5404e2-d6fd-46ac-85dc-6819d535cc51
2024-01-26 13:20:09,475 [fed085ba-920d-45a3-8aa6-0ed8c2482a63-EndpointStateMachineTaskThread-/0.0.0.0:15091-0 ] INFO  volume.ThrottledAsyncChecker (ThrottledAsyncChecker.java:schedule(141)) - Scheduling a check for /home/runner/work/ozone/ozone/hadoop-ozone/integration-test/target/test-dir/MiniOzoneClusterImpl-6bed2868-cd70-4a3d-a9ed-67052a48ddc2/datanode-4/data-0/containers/hdds
2024-01-26 13:20:09,475 [fed085ba-920d-45a3-8aa6-0ed8c2482a63-EndpointStateMachineTaskThread-/0.0.0.0:15091-0 ] INFO  volume.StorageVolumeChecker (StorageVolumeChecker.java:checkAllVolumes(218)) - Scheduled health check for volume /home/runner/work/ozone/ozone/hadoop-ozone/integration-test/target/test-dir/MiniOzoneClusterImpl-6bed2868-cd70-4a3d-a9ed-67052a48ddc2/datanode-4/data-0/containers/hdds
2024-01-26 13:20:09,478 [fed085ba-920d-45a3-8aa6-0ed8c2482a63-EndpointStateMachineTaskThread-/0.0.0.0:15091-0 ] INFO  volume.ThrottledAsyncChecker (ThrottledAsyncChecker.java:schedule(141)) - Scheduling a check for /home/runner/work/ozone/ozone/hadoop-ozone/integration-test/target/test-dir/MiniOzoneClusterImpl-6bed2868-cd70-4a3d-a9ed-67052a48ddc2/datanode-4/data/ratis
2024-01-26 13:20:09,478 [fed085ba-920d-45a3-8aa6-0ed8c2482a63-EndpointStateMachineTaskThread-/0.0.0.0:15091-0 ] INFO  volume.StorageVolumeChecker (StorageVolumeChecker.java:checkAllVolumes(218)) - Scheduled health check for volume /home/runner/work/ozone/ozone/hadoop-ozone/integration-test/target/test-dir/MiniOzoneClusterImpl-6bed2868-cd70-4a3d-a9ed-67052a48ddc2/datanode-4/data/ratis
2024-01-26 13:20:09,479 [fed085ba-920d-45a3-8aa6-0ed8c2482a63-EndpointStateMachineTaskThread-/0.0.0.0:15091-0 ] INFO  ozoneimpl.OzoneContainer (OzoneContainer.java:start(457)) - Attempting to start container services.
2024-01-26 13:20:09,479 [fed085ba-920d-45a3-8aa6-0ed8c2482a63-EndpointStateMachineTaskThread-/0.0.0.0:15091-0 ] INFO  ozoneimpl.OzoneContainer (OzoneContainer.java:startContainerScrub(339)) - Scheduled background container scanners and the on-demand container scanner have been disabled.
2024-01-26 13:20:09,479 [fed085ba-920d-45a3-8aa6-0ed8c2482a63-EndpointStateMachineTaskThread-/0.0.0.0:15091-0 ] INFO  replication.ReplicationServer (ReplicationServer.java:start(139)) - ReplicationServer is started using port 15141
2024-01-26 13:20:09,479 [fed085ba-920d-45a3-8aa6-0ed8c2482a63-EndpointStateMachineTaskThread-/0.0.0.0:15091-0 ] INFO  ratis.XceiverServerRatis (XceiverServerRatis.java:start(549)) - Starting XceiverServerRatis fed085ba-920d-45a3-8aa6-0ed8c2482a63
2024-01-26 13:20:09,480 [fed085ba-920d-45a3-8aa6-0ed8c2482a63-EndpointStateMachineTaskThread-/0.0.0.0:15091-0 ] INFO  server.RaftServer (RaftServerProxy.java:startImpl(406)) - fed085ba-920d-45a3-8aa6-0ed8c2482a63: start RPC server
2024-01-26 13:20:09,480 [fed085ba-920d-45a3-8aa6-0ed8c2482a63-EndpointStateMachineTaskThread-/0.0.0.0:15091-0 ] INFO  server.GrpcService (GrpcService.java:startImpl(302)) - fed085ba-920d-45a3-8aa6-0ed8c2482a63: GrpcService started, listening on 15137
2024-01-26 13:20:09,480 [fed085ba-920d-45a3-8aa6-0ed8c2482a63-EndpointStateMachineTaskThread-/0.0.0.0:15091-0 ] INFO  server.GrpcService (GrpcService.java:startImpl(302)) - fed085ba-920d-45a3-8aa6-0ed8c2482a63: GrpcService started, listening on 15139
2024-01-26 13:20:09,481 [fed085ba-920d-45a3-8aa6-0ed8c2482a63-EndpointStateMachineTaskThread-/0.0.0.0:15091-0 ] INFO  server.GrpcService (GrpcService.java:startImpl(302)) - fed085ba-920d-45a3-8aa6-0ed8c2482a63: GrpcService started, listening on 15138
2024-01-26 13:20:09,481 [fed085ba-920d-45a3-8aa6-0ed8c2482a63-EndpointStateMachineTaskThread-/0.0.0.0:15091-0 ] INFO  ratis.XceiverServerRatis (XceiverServerRatis.java:getRealPort(575)) - XceiverServerRatis fed085ba-920d-45a3-8aa6-0ed8c2482a63 is started using port 15137 for RATIS
2024-01-26 13:20:09,481 [JvmPauseMonitor17] INFO  util.JvmPauseMonitor (JvmPauseMonitor.java:run(146)) - JvmPauseMonitor-fed085ba-920d-45a3-8aa6-0ed8c2482a63: Started
2024-01-26 13:20:09,481 [fed085ba-920d-45a3-8aa6-0ed8c2482a63-EndpointStateMachineTaskThread-/0.0.0.0:15091-0 ] INFO  ratis.XceiverServerRatis (XceiverServerRatis.java:getRealPort(575)) - XceiverServerRatis fed085ba-920d-45a3-8aa6-0ed8c2482a63 is started using port 15138 for RATIS_ADMIN
2024-01-26 13:20:09,481 [fed085ba-920d-45a3-8aa6-0ed8c2482a63-EndpointStateMachineTaskThread-/0.0.0.0:15091-0 ] INFO  ratis.XceiverServerRatis (XceiverServerRatis.java:getRealPort(575)) - XceiverServerRatis fed085ba-920d-45a3-8aa6-0ed8c2482a63 is started using port 15139 for RATIS_SERVER
2024-01-26 13:20:09,481 [fed085ba-920d-45a3-8aa6-0ed8c2482a63-EndpointStateMachineTaskThread-/0.0.0.0:15091-0 ] INFO  ratis.XceiverServerRatis (XceiverServerRatis.java:getRealPort(575)) - XceiverServerRatis fed085ba-920d-45a3-8aa6-0ed8c2482a63 is started using port 15140 for RATIS_DATASTREAM
2024-01-26 13:20:09,493 [fed085ba-920d-45a3-8aa6-0ed8c2482a63-BlockDeletingService#0] INFO  interfaces.ContainerDeletionChoosingPolicyTemplate (ContainerDeletionChoosingPolicyTemplate.java:chooseContainerForBlockDeletion(85)) - Chosen 0/5000 blocks from 0 candidate containers.
2024-01-26 13:20:09,578 [3245821d-006a-4b2e-a5ee-2fe443b67b2f-EndpointStateMachineTaskThread-/0.0.0.0:15091-0 ] INFO  utils.DatanodeStoreCache (DatanodeStoreCache.java:addDB(72)) - Added db /home/runner/work/ozone/ozone/hadoop-ozone/integration-test/target/test-dir/MiniOzoneClusterImpl-6bed2868-cd70-4a3d-a9ed-67052a48ddc2/datanode-5/data-0/containers/hdds/6bed2868-cd70-4a3d-a9ed-67052a48ddc2/DS-e2a8bc51-3ff2-45b0-bff4-6bcf5a294fd8/container.db to cache
2024-01-26 13:20:09,578 [3245821d-006a-4b2e-a5ee-2fe443b67b2f-EndpointStateMachineTaskThread-/0.0.0.0:15091-0 ] INFO  volume.HddsVolume (HddsVolume.java:createDbStore(420)) - SchemaV3 db is created and loaded at /home/runner/work/ozone/ozone/hadoop-ozone/integration-test/target/test-dir/MiniOzoneClusterImpl-6bed2868-cd70-4a3d-a9ed-67052a48ddc2/datanode-5/data-0/containers/hdds/6bed2868-cd70-4a3d-a9ed-67052a48ddc2/DS-e2a8bc51-3ff2-45b0-bff4-6bcf5a294fd8/container.db for volume DS-e2a8bc51-3ff2-45b0-bff4-6bcf5a294fd8
2024-01-26 13:20:09,579 [3245821d-006a-4b2e-a5ee-2fe443b67b2f-EndpointStateMachineTaskThread-/0.0.0.0:15091-0 ] INFO  volume.ThrottledAsyncChecker (ThrottledAsyncChecker.java:schedule(141)) - Scheduling a check for /home/runner/work/ozone/ozone/hadoop-ozone/integration-test/target/test-dir/MiniOzoneClusterImpl-6bed2868-cd70-4a3d-a9ed-67052a48ddc2/datanode-5/data-0/containers/hdds
2024-01-26 13:20:09,580 [3245821d-006a-4b2e-a5ee-2fe443b67b2f-EndpointStateMachineTaskThread-/0.0.0.0:15091-0 ] INFO  volume.StorageVolumeChecker (StorageVolumeChecker.java:checkAllVolumes(218)) - Scheduled health check for volume /home/runner/work/ozone/ozone/hadoop-ozone/integration-test/target/test-dir/MiniOzoneClusterImpl-6bed2868-cd70-4a3d-a9ed-67052a48ddc2/datanode-5/data-0/containers/hdds
2024-01-26 13:20:09,581 [3245821d-006a-4b2e-a5ee-2fe443b67b2f-EndpointStateMachineTaskThread-/0.0.0.0:15091-0 ] INFO  volume.ThrottledAsyncChecker (ThrottledAsyncChecker.java:schedule(141)) - Scheduling a check for /home/runner/work/ozone/ozone/hadoop-ozone/integration-test/target/test-dir/MiniOzoneClusterImpl-6bed2868-cd70-4a3d-a9ed-67052a48ddc2/datanode-5/data/ratis
2024-01-26 13:20:09,581 [3245821d-006a-4b2e-a5ee-2fe443b67b2f-EndpointStateMachineTaskThread-/0.0.0.0:15091-0 ] INFO  volume.StorageVolumeChecker (StorageVolumeChecker.java:checkAllVolumes(218)) - Scheduled health check for volume /home/runner/work/ozone/ozone/hadoop-ozone/integration-test/target/test-dir/MiniOzoneClusterImpl-6bed2868-cd70-4a3d-a9ed-67052a48ddc2/datanode-5/data/ratis
2024-01-26 13:20:09,582 [3245821d-006a-4b2e-a5ee-2fe443b67b2f-EndpointStateMachineTaskThread-/0.0.0.0:15091-0 ] INFO  ozoneimpl.OzoneContainer (OzoneContainer.java:start(457)) - Attempting to start container services.
2024-01-26 13:20:09,582 [3245821d-006a-4b2e-a5ee-2fe443b67b2f-EndpointStateMachineTaskThread-/0.0.0.0:15091-0 ] INFO  ozoneimpl.OzoneContainer (OzoneContainer.java:startContainerScrub(339)) - Scheduled background container scanners and the on-demand container scanner have been disabled.
2024-01-26 13:20:09,583 [3245821d-006a-4b2e-a5ee-2fe443b67b2f-EndpointStateMachineTaskThread-/0.0.0.0:15091-0 ] INFO  replication.ReplicationServer (ReplicationServer.java:start(139)) - ReplicationServer is started using port 15150
2024-01-26 13:20:09,583 [3245821d-006a-4b2e-a5ee-2fe443b67b2f-EndpointStateMachineTaskThread-/0.0.0.0:15091-0 ] INFO  ratis.XceiverServerRatis (XceiverServerRatis.java:start(549)) - Starting XceiverServerRatis 3245821d-006a-4b2e-a5ee-2fe443b67b2f
2024-01-26 13:20:09,584 [3245821d-006a-4b2e-a5ee-2fe443b67b2f-EndpointStateMachineTaskThread-/0.0.0.0:15091-0 ] INFO  server.RaftServer (RaftServerProxy.java:startImpl(406)) - 3245821d-006a-4b2e-a5ee-2fe443b67b2f: start RPC server
2024-01-26 13:20:09,584 [3245821d-006a-4b2e-a5ee-2fe443b67b2f-EndpointStateMachineTaskThread-/0.0.0.0:15091-0 ] INFO  server.GrpcService (GrpcService.java:startImpl(302)) - 3245821d-006a-4b2e-a5ee-2fe443b67b2f: GrpcService started, listening on 15146
2024-01-26 13:20:09,584 [3245821d-006a-4b2e-a5ee-2fe443b67b2f-EndpointStateMachineTaskThread-/0.0.0.0:15091-0 ] INFO  server.GrpcService (GrpcService.java:startImpl(302)) - 3245821d-006a-4b2e-a5ee-2fe443b67b2f: GrpcService started, listening on 15148
2024-01-26 13:20:09,584 [3245821d-006a-4b2e-a5ee-2fe443b67b2f-EndpointStateMachineTaskThread-/0.0.0.0:15091-0 ] INFO  server.GrpcService (GrpcService.java:startImpl(302)) - 3245821d-006a-4b2e-a5ee-2fe443b67b2f: GrpcService started, listening on 15147
2024-01-26 13:20:09,585 [3245821d-006a-4b2e-a5ee-2fe443b67b2f-EndpointStateMachineTaskThread-/0.0.0.0:15091-0 ] INFO  ratis.XceiverServerRatis (XceiverServerRatis.java:getRealPort(575)) - XceiverServerRatis 3245821d-006a-4b2e-a5ee-2fe443b67b2f is started using port 15146 for RATIS
2024-01-26 13:20:09,585 [3245821d-006a-4b2e-a5ee-2fe443b67b2f-EndpointStateMachineTaskThread-/0.0.0.0:15091-0 ] INFO  ratis.XceiverServerRatis (XceiverServerRatis.java:getRealPort(575)) - XceiverServerRatis 3245821d-006a-4b2e-a5ee-2fe443b67b2f is started using port 15147 for RATIS_ADMIN
2024-01-26 13:20:09,585 [3245821d-006a-4b2e-a5ee-2fe443b67b2f-EndpointStateMachineTaskThread-/0.0.0.0:15091-0 ] INFO  ratis.XceiverServerRatis (XceiverServerRatis.java:getRealPort(575)) - XceiverServerRatis 3245821d-006a-4b2e-a5ee-2fe443b67b2f is started using port 15148 for RATIS_SERVER
2024-01-26 13:20:09,585 [3245821d-006a-4b2e-a5ee-2fe443b67b2f-EndpointStateMachineTaskThread-/0.0.0.0:15091-0 ] INFO  ratis.XceiverServerRatis (XceiverServerRatis.java:getRealPort(575)) - XceiverServerRatis 3245821d-006a-4b2e-a5ee-2fe443b67b2f is started using port 15149 for RATIS_DATASTREAM
2024-01-26 13:20:09,585 [JvmPauseMonitor18] INFO  util.JvmPauseMonitor (JvmPauseMonitor.java:run(146)) - JvmPauseMonitor-3245821d-006a-4b2e-a5ee-2fe443b67b2f: Started
2024-01-26 13:20:09,586 [3245821d-006a-4b2e-a5ee-2fe443b67b2f-BlockDeletingService#0] INFO  interfaces.ContainerDeletionChoosingPolicyTemplate (ContainerDeletionChoosingPolicyTemplate.java:chooseContainerForBlockDeletion(85)) - Chosen 0/5000 blocks from 0 candidate containers.
2024-01-26 13:20:09,663 [75a8e9a7-4fdb-4573-b73d-655a6993b3e4-EndpointStateMachineTaskThread-/0.0.0.0:15091-0 ] INFO  utils.DatanodeStoreCache (DatanodeStoreCache.java:addDB(72)) - Added db /home/runner/work/ozone/ozone/hadoop-ozone/integration-test/target/test-dir/MiniOzoneClusterImpl-6bed2868-cd70-4a3d-a9ed-67052a48ddc2/datanode-6/data-0/containers/hdds/6bed2868-cd70-4a3d-a9ed-67052a48ddc2/DS-5f67c661-6a99-486e-b94e-a3d2114588bf/container.db to cache
2024-01-26 13:20:09,664 [75a8e9a7-4fdb-4573-b73d-655a6993b3e4-EndpointStateMachineTaskThread-/0.0.0.0:15091-0 ] INFO  volume.HddsVolume (HddsVolume.java:createDbStore(420)) - SchemaV3 db is created and loaded at /home/runner/work/ozone/ozone/hadoop-ozone/integration-test/target/test-dir/MiniOzoneClusterImpl-6bed2868-cd70-4a3d-a9ed-67052a48ddc2/datanode-6/data-0/containers/hdds/6bed2868-cd70-4a3d-a9ed-67052a48ddc2/DS-5f67c661-6a99-486e-b94e-a3d2114588bf/container.db for volume DS-5f67c661-6a99-486e-b94e-a3d2114588bf
2024-01-26 13:20:09,665 [75a8e9a7-4fdb-4573-b73d-655a6993b3e4-EndpointStateMachineTaskThread-/0.0.0.0:15091-0 ] INFO  volume.ThrottledAsyncChecker (ThrottledAsyncChecker.java:schedule(141)) - Scheduling a check for /home/runner/work/ozone/ozone/hadoop-ozone/integration-test/target/test-dir/MiniOzoneClusterImpl-6bed2868-cd70-4a3d-a9ed-67052a48ddc2/datanode-6/data-0/containers/hdds
2024-01-26 13:20:09,665 [75a8e9a7-4fdb-4573-b73d-655a6993b3e4-EndpointStateMachineTaskThread-/0.0.0.0:15091-0 ] INFO  volume.StorageVolumeChecker (StorageVolumeChecker.java:checkAllVolumes(218)) - Scheduled health check for volume /home/runner/work/ozone/ozone/hadoop-ozone/integration-test/target/test-dir/MiniOzoneClusterImpl-6bed2868-cd70-4a3d-a9ed-67052a48ddc2/datanode-6/data-0/containers/hdds
2024-01-26 13:20:09,667 [75a8e9a7-4fdb-4573-b73d-655a6993b3e4-EndpointStateMachineTaskThread-/0.0.0.0:15091-0 ] INFO  volume.ThrottledAsyncChecker (ThrottledAsyncChecker.java:schedule(141)) - Scheduling a check for /home/runner/work/ozone/ozone/hadoop-ozone/integration-test/target/test-dir/MiniOzoneClusterImpl-6bed2868-cd70-4a3d-a9ed-67052a48ddc2/datanode-6/data/ratis
2024-01-26 13:20:09,667 [75a8e9a7-4fdb-4573-b73d-655a6993b3e4-EndpointStateMachineTaskThread-/0.0.0.0:15091-0 ] INFO  volume.StorageVolumeChecker (StorageVolumeChecker.java:checkAllVolumes(218)) - Scheduled health check for volume /home/runner/work/ozone/ozone/hadoop-ozone/integration-test/target/test-dir/MiniOzoneClusterImpl-6bed2868-cd70-4a3d-a9ed-67052a48ddc2/datanode-6/data/ratis
2024-01-26 13:20:09,669 [75a8e9a7-4fdb-4573-b73d-655a6993b3e4-EndpointStateMachineTaskThread-/0.0.0.0:15091-0 ] INFO  ozoneimpl.OzoneContainer (OzoneContainer.java:start(457)) - Attempting to start container services.
2024-01-26 13:20:09,669 [75a8e9a7-4fdb-4573-b73d-655a6993b3e4-EndpointStateMachineTaskThread-/0.0.0.0:15091-0 ] INFO  ozoneimpl.OzoneContainer (OzoneContainer.java:startContainerScrub(339)) - Scheduled background container scanners and the on-demand container scanner have been disabled.
2024-01-26 13:20:09,670 [75a8e9a7-4fdb-4573-b73d-655a6993b3e4-EndpointStateMachineTaskThread-/0.0.0.0:15091-0 ] INFO  replication.ReplicationServer (ReplicationServer.java:start(139)) - ReplicationServer is started using port 15159
2024-01-26 13:20:09,670 [75a8e9a7-4fdb-4573-b73d-655a6993b3e4-EndpointStateMachineTaskThread-/0.0.0.0:15091-0 ] INFO  ratis.XceiverServerRatis (XceiverServerRatis.java:start(549)) - Starting XceiverServerRatis 75a8e9a7-4fdb-4573-b73d-655a6993b3e4
2024-01-26 13:20:09,671 [75a8e9a7-4fdb-4573-b73d-655a6993b3e4-EndpointStateMachineTaskThread-/0.0.0.0:15091-0 ] INFO  server.RaftServer (RaftServerProxy.java:startImpl(406)) - 75a8e9a7-4fdb-4573-b73d-655a6993b3e4: start RPC server
2024-01-26 13:20:09,671 [75a8e9a7-4fdb-4573-b73d-655a6993b3e4-EndpointStateMachineTaskThread-/0.0.0.0:15091-0 ] INFO  server.GrpcService (GrpcService.java:startImpl(302)) - 75a8e9a7-4fdb-4573-b73d-655a6993b3e4: GrpcService started, listening on 15155
2024-01-26 13:20:09,671 [75a8e9a7-4fdb-4573-b73d-655a6993b3e4-EndpointStateMachineTaskThread-/0.0.0.0:15091-0 ] INFO  server.GrpcService (GrpcService.java:startImpl(302)) - 75a8e9a7-4fdb-4573-b73d-655a6993b3e4: GrpcService started, listening on 15157
2024-01-26 13:20:09,671 [75a8e9a7-4fdb-4573-b73d-655a6993b3e4-EndpointStateMachineTaskThread-/0.0.0.0:15091-0 ] INFO  server.GrpcService (GrpcService.java:startImpl(302)) - 75a8e9a7-4fdb-4573-b73d-655a6993b3e4: GrpcService started, listening on 15156
2024-01-26 13:20:09,672 [75a8e9a7-4fdb-4573-b73d-655a6993b3e4-EndpointStateMachineTaskThread-/0.0.0.0:15091-0 ] INFO  ratis.XceiverServerRatis (XceiverServerRatis.java:getRealPort(575)) - XceiverServerRatis 75a8e9a7-4fdb-4573-b73d-655a6993b3e4 is started using port 15155 for RATIS
2024-01-26 13:20:09,672 [JvmPauseMonitor19] INFO  util.JvmPauseMonitor (JvmPauseMonitor.java:run(146)) - JvmPauseMonitor-75a8e9a7-4fdb-4573-b73d-655a6993b3e4: Started
2024-01-26 13:20:09,672 [75a8e9a7-4fdb-4573-b73d-655a6993b3e4-EndpointStateMachineTaskThread-/0.0.0.0:15091-0 ] INFO  ratis.XceiverServerRatis (XceiverServerRatis.java:getRealPort(575)) - XceiverServerRatis 75a8e9a7-4fdb-4573-b73d-655a6993b3e4 is started using port 15156 for RATIS_ADMIN
2024-01-26 13:20:09,673 [75a8e9a7-4fdb-4573-b73d-655a6993b3e4-EndpointStateMachineTaskThread-/0.0.0.0:15091-0 ] INFO  ratis.XceiverServerRatis (XceiverServerRatis.java:getRealPort(575)) - XceiverServerRatis 75a8e9a7-4fdb-4573-b73d-655a6993b3e4 is started using port 15157 for RATIS_SERVER
2024-01-26 13:20:09,673 [75a8e9a7-4fdb-4573-b73d-655a6993b3e4-EndpointStateMachineTaskThread-/0.0.0.0:15091-0 ] INFO  ratis.XceiverServerRatis (XceiverServerRatis.java:getRealPort(575)) - XceiverServerRatis 75a8e9a7-4fdb-4573-b73d-655a6993b3e4 is started using port 15158 for RATIS_DATASTREAM
2024-01-26 13:20:09,676 [75a8e9a7-4fdb-4573-b73d-655a6993b3e4-BlockDeletingService#0] INFO  interfaces.ContainerDeletionChoosingPolicyTemplate (ContainerDeletionChoosingPolicyTemplate.java:chooseContainerForBlockDeletion(85)) - Chosen 0/5000 blocks from 0 candidate containers.
2024-01-26 13:20:09,766 [84594c31-4da7-47fb-86d6-9d5be6ec36d0-EndpointStateMachineTaskThread-/0.0.0.0:15091-0 ] INFO  utils.DatanodeStoreCache (DatanodeStoreCache.java:addDB(72)) - Added db /home/runner/work/ozone/ozone/hadoop-ozone/integration-test/target/test-dir/MiniOzoneClusterImpl-6bed2868-cd70-4a3d-a9ed-67052a48ddc2/datanode-7/data-0/containers/hdds/6bed2868-cd70-4a3d-a9ed-67052a48ddc2/DS-f17521f4-6ff5-4d62-987e-7a7ac809296d/container.db to cache
2024-01-26 13:20:09,766 [84594c31-4da7-47fb-86d6-9d5be6ec36d0-EndpointStateMachineTaskThread-/0.0.0.0:15091-0 ] INFO  volume.HddsVolume (HddsVolume.java:createDbStore(420)) - SchemaV3 db is created and loaded at /home/runner/work/ozone/ozone/hadoop-ozone/integration-test/target/test-dir/MiniOzoneClusterImpl-6bed2868-cd70-4a3d-a9ed-67052a48ddc2/datanode-7/data-0/containers/hdds/6bed2868-cd70-4a3d-a9ed-67052a48ddc2/DS-f17521f4-6ff5-4d62-987e-7a7ac809296d/container.db for volume DS-f17521f4-6ff5-4d62-987e-7a7ac809296d
2024-01-26 13:20:09,768 [84594c31-4da7-47fb-86d6-9d5be6ec36d0-EndpointStateMachineTaskThread-/0.0.0.0:15091-0 ] INFO  volume.ThrottledAsyncChecker (ThrottledAsyncChecker.java:schedule(141)) - Scheduling a check for /home/runner/work/ozone/ozone/hadoop-ozone/integration-test/target/test-dir/MiniOzoneClusterImpl-6bed2868-cd70-4a3d-a9ed-67052a48ddc2/datanode-7/data-0/containers/hdds
2024-01-26 13:20:09,768 [84594c31-4da7-47fb-86d6-9d5be6ec36d0-EndpointStateMachineTaskThread-/0.0.0.0:15091-0 ] INFO  volume.StorageVolumeChecker (StorageVolumeChecker.java:checkAllVolumes(218)) - Scheduled health check for volume /home/runner/work/ozone/ozone/hadoop-ozone/integration-test/target/test-dir/MiniOzoneClusterImpl-6bed2868-cd70-4a3d-a9ed-67052a48ddc2/datanode-7/data-0/containers/hdds
2024-01-26 13:20:09,770 [84594c31-4da7-47fb-86d6-9d5be6ec36d0-EndpointStateMachineTaskThread-/0.0.0.0:15091-0 ] INFO  volume.ThrottledAsyncChecker (ThrottledAsyncChecker.java:schedule(141)) - Scheduling a check for /home/runner/work/ozone/ozone/hadoop-ozone/integration-test/target/test-dir/MiniOzoneClusterImpl-6bed2868-cd70-4a3d-a9ed-67052a48ddc2/datanode-7/data/ratis
2024-01-26 13:20:09,770 [84594c31-4da7-47fb-86d6-9d5be6ec36d0-EndpointStateMachineTaskThread-/0.0.0.0:15091-0 ] INFO  volume.StorageVolumeChecker (StorageVolumeChecker.java:checkAllVolumes(218)) - Scheduled health check for volume /home/runner/work/ozone/ozone/hadoop-ozone/integration-test/target/test-dir/MiniOzoneClusterImpl-6bed2868-cd70-4a3d-a9ed-67052a48ddc2/datanode-7/data/ratis
2024-01-26 13:20:09,771 [84594c31-4da7-47fb-86d6-9d5be6ec36d0-EndpointStateMachineTaskThread-/0.0.0.0:15091-0 ] INFO  ozoneimpl.OzoneContainer (OzoneContainer.java:start(457)) - Attempting to start container services.
2024-01-26 13:20:09,771 [84594c31-4da7-47fb-86d6-9d5be6ec36d0-EndpointStateMachineTaskThread-/0.0.0.0:15091-0 ] INFO  ozoneimpl.OzoneContainer (OzoneContainer.java:startContainerScrub(339)) - Scheduled background container scanners and the on-demand container scanner have been disabled.
2024-01-26 13:20:09,771 [84594c31-4da7-47fb-86d6-9d5be6ec36d0-EndpointStateMachineTaskThread-/0.0.0.0:15091-0 ] INFO  replication.ReplicationServer (ReplicationServer.java:start(139)) - ReplicationServer is started using port 15168
2024-01-26 13:20:09,771 [84594c31-4da7-47fb-86d6-9d5be6ec36d0-EndpointStateMachineTaskThread-/0.0.0.0:15091-0 ] INFO  ratis.XceiverServerRatis (XceiverServerRatis.java:start(549)) - Starting XceiverServerRatis 84594c31-4da7-47fb-86d6-9d5be6ec36d0
2024-01-26 13:20:09,772 [84594c31-4da7-47fb-86d6-9d5be6ec36d0-EndpointStateMachineTaskThread-/0.0.0.0:15091-0 ] INFO  server.RaftServer (RaftServerProxy.java:startImpl(406)) - 84594c31-4da7-47fb-86d6-9d5be6ec36d0: start RPC server
2024-01-26 13:20:09,772 [84594c31-4da7-47fb-86d6-9d5be6ec36d0-EndpointStateMachineTaskThread-/0.0.0.0:15091-0 ] INFO  server.GrpcService (GrpcService.java:startImpl(302)) - 84594c31-4da7-47fb-86d6-9d5be6ec36d0: GrpcService started, listening on 15164
2024-01-26 13:20:09,773 [84594c31-4da7-47fb-86d6-9d5be6ec36d0-EndpointStateMachineTaskThread-/0.0.0.0:15091-0 ] INFO  server.GrpcService (GrpcService.java:startImpl(302)) - 84594c31-4da7-47fb-86d6-9d5be6ec36d0: GrpcService started, listening on 15166
2024-01-26 13:20:09,773 [84594c31-4da7-47fb-86d6-9d5be6ec36d0-EndpointStateMachineTaskThread-/0.0.0.0:15091-0 ] INFO  server.GrpcService (GrpcService.java:startImpl(302)) - 84594c31-4da7-47fb-86d6-9d5be6ec36d0: GrpcService started, listening on 15165
2024-01-26 13:20:09,773 [84594c31-4da7-47fb-86d6-9d5be6ec36d0-EndpointStateMachineTaskThread-/0.0.0.0:15091-0 ] INFO  ratis.XceiverServerRatis (XceiverServerRatis.java:getRealPort(575)) - XceiverServerRatis 84594c31-4da7-47fb-86d6-9d5be6ec36d0 is started using port 15164 for RATIS
2024-01-26 13:20:09,773 [84594c31-4da7-47fb-86d6-9d5be6ec36d0-EndpointStateMachineTaskThread-/0.0.0.0:15091-0 ] INFO  ratis.XceiverServerRatis (XceiverServerRatis.java:getRealPort(575)) - XceiverServerRatis 84594c31-4da7-47fb-86d6-9d5be6ec36d0 is started using port 15165 for RATIS_ADMIN
2024-01-26 13:20:09,773 [84594c31-4da7-47fb-86d6-9d5be6ec36d0-EndpointStateMachineTaskThread-/0.0.0.0:15091-0 ] INFO  ratis.XceiverServerRatis (XceiverServerRatis.java:getRealPort(575)) - XceiverServerRatis 84594c31-4da7-47fb-86d6-9d5be6ec36d0 is started using port 15166 for RATIS_SERVER
2024-01-26 13:20:09,773 [84594c31-4da7-47fb-86d6-9d5be6ec36d0-EndpointStateMachineTaskThread-/0.0.0.0:15091-0 ] INFO  ratis.XceiverServerRatis (XceiverServerRatis.java:getRealPort(575)) - XceiverServerRatis 84594c31-4da7-47fb-86d6-9d5be6ec36d0 is started using port 15167 for RATIS_DATASTREAM
2024-01-26 13:20:09,774 [JvmPauseMonitor20] INFO  util.JvmPauseMonitor (JvmPauseMonitor.java:run(146)) - JvmPauseMonitor-84594c31-4da7-47fb-86d6-9d5be6ec36d0: Started
2024-01-26 13:20:09,774 [84594c31-4da7-47fb-86d6-9d5be6ec36d0-BlockDeletingService#0] INFO  interfaces.ContainerDeletionChoosingPolicyTemplate (ContainerDeletionChoosingPolicyTemplate.java:chooseContainerForBlockDeletion(85)) - Chosen 0/5000 blocks from 0 candidate containers.
2024-01-26 13:20:09,836 [main] INFO  ozone.MiniOzoneClusterImpl (MiniOzoneClusterImpl.java:lambda$waitForClusterToBeReady$0(229)) - Waiting for nodes to be ready. Got 0 of 9 DN Heartbeats.
2024-01-26 13:20:09,836 [main] INFO  ozone.MiniOzoneClusterImpl (MiniOzoneClusterImpl.java:lambda$waitForClusterToBeReady$0(232)) - Waiting for cluster to exit safe mode
2024-01-26 13:20:09,836 [main] INFO  ozone.MiniOzoneClusterImpl (MiniOzoneClusterImpl.java:lambda$waitForClusterToBeReady$0(234)) - SCM became leader
2024-01-26 13:20:09,863 [6f9a858c-5bc3-4795-8cf6-806e3c336a96-EndpointStateMachineTaskThread-/0.0.0.0:15091-0 ] INFO  utils.DatanodeStoreCache (DatanodeStoreCache.java:addDB(72)) - Added db /home/runner/work/ozone/ozone/hadoop-ozone/integration-test/target/test-dir/MiniOzoneClusterImpl-6bed2868-cd70-4a3d-a9ed-67052a48ddc2/datanode-8/data-0/containers/hdds/6bed2868-cd70-4a3d-a9ed-67052a48ddc2/DS-24d13ff0-b221-439d-a2cb-241d7c1a8d30/container.db to cache
2024-01-26 13:20:09,863 [6f9a858c-5bc3-4795-8cf6-806e3c336a96-EndpointStateMachineTaskThread-/0.0.0.0:15091-0 ] INFO  volume.HddsVolume (HddsVolume.java:createDbStore(420)) - SchemaV3 db is created and loaded at /home/runner/work/ozone/ozone/hadoop-ozone/integration-test/target/test-dir/MiniOzoneClusterImpl-6bed2868-cd70-4a3d-a9ed-67052a48ddc2/datanode-8/data-0/containers/hdds/6bed2868-cd70-4a3d-a9ed-67052a48ddc2/DS-24d13ff0-b221-439d-a2cb-241d7c1a8d30/container.db for volume DS-24d13ff0-b221-439d-a2cb-241d7c1a8d30
2024-01-26 13:20:09,864 [6f9a858c-5bc3-4795-8cf6-806e3c336a96-EndpointStateMachineTaskThread-/0.0.0.0:15091-0 ] INFO  volume.ThrottledAsyncChecker (ThrottledAsyncChecker.java:schedule(141)) - Scheduling a check for /home/runner/work/ozone/ozone/hadoop-ozone/integration-test/target/test-dir/MiniOzoneClusterImpl-6bed2868-cd70-4a3d-a9ed-67052a48ddc2/datanode-8/data-0/containers/hdds
2024-01-26 13:20:09,865 [6f9a858c-5bc3-4795-8cf6-806e3c336a96-EndpointStateMachineTaskThread-/0.0.0.0:15091-0 ] INFO  volume.StorageVolumeChecker (StorageVolumeChecker.java:checkAllVolumes(218)) - Scheduled health check for volume /home/runner/work/ozone/ozone/hadoop-ozone/integration-test/target/test-dir/MiniOzoneClusterImpl-6bed2868-cd70-4a3d-a9ed-67052a48ddc2/datanode-8/data-0/containers/hdds
2024-01-26 13:20:09,866 [6f9a858c-5bc3-4795-8cf6-806e3c336a96-EndpointStateMachineTaskThread-/0.0.0.0:15091-0 ] INFO  volume.ThrottledAsyncChecker (ThrottledAsyncChecker.java:schedule(141)) - Scheduling a check for /home/runner/work/ozone/ozone/hadoop-ozone/integration-test/target/test-dir/MiniOzoneClusterImpl-6bed2868-cd70-4a3d-a9ed-67052a48ddc2/datanode-8/data/ratis
2024-01-26 13:20:09,867 [6f9a858c-5bc3-4795-8cf6-806e3c336a96-EndpointStateMachineTaskThread-/0.0.0.0:15091-0 ] INFO  volume.StorageVolumeChecker (StorageVolumeChecker.java:checkAllVolumes(218)) - Scheduled health check for volume /home/runner/work/ozone/ozone/hadoop-ozone/integration-test/target/test-dir/MiniOzoneClusterImpl-6bed2868-cd70-4a3d-a9ed-67052a48ddc2/datanode-8/data/ratis
2024-01-26 13:20:09,868 [6f9a858c-5bc3-4795-8cf6-806e3c336a96-EndpointStateMachineTaskThread-/0.0.0.0:15091-0 ] INFO  ozoneimpl.OzoneContainer (OzoneContainer.java:start(457)) - Attempting to start container services.
2024-01-26 13:20:09,868 [6f9a858c-5bc3-4795-8cf6-806e3c336a96-EndpointStateMachineTaskThread-/0.0.0.0:15091-0 ] INFO  ozoneimpl.OzoneContainer (OzoneContainer.java:startContainerScrub(339)) - Scheduled background container scanners and the on-demand container scanner have been disabled.
2024-01-26 13:20:09,868 [6f9a858c-5bc3-4795-8cf6-806e3c336a96-EndpointStateMachineTaskThread-/0.0.0.0:15091-0 ] INFO  replication.ReplicationServer (ReplicationServer.java:start(139)) - ReplicationServer is started using port 15177
2024-01-26 13:20:09,868 [6f9a858c-5bc3-4795-8cf6-806e3c336a96-EndpointStateMachineTaskThread-/0.0.0.0:15091-0 ] INFO  ratis.XceiverServerRatis (XceiverServerRatis.java:start(549)) - Starting XceiverServerRatis 6f9a858c-5bc3-4795-8cf6-806e3c336a96
2024-01-26 13:20:09,869 [6f9a858c-5bc3-4795-8cf6-806e3c336a96-EndpointStateMachineTaskThread-/0.0.0.0:15091-0 ] INFO  server.RaftServer (RaftServerProxy.java:startImpl(406)) - 6f9a858c-5bc3-4795-8cf6-806e3c336a96: start RPC server
2024-01-26 13:20:09,869 [6f9a858c-5bc3-4795-8cf6-806e3c336a96-EndpointStateMachineTaskThread-/0.0.0.0:15091-0 ] INFO  server.GrpcService (GrpcService.java:startImpl(302)) - 6f9a858c-5bc3-4795-8cf6-806e3c336a96: GrpcService started, listening on 15173
2024-01-26 13:20:09,869 [6f9a858c-5bc3-4795-8cf6-806e3c336a96-EndpointStateMachineTaskThread-/0.0.0.0:15091-0 ] INFO  server.GrpcService (GrpcService.java:startImpl(302)) - 6f9a858c-5bc3-4795-8cf6-806e3c336a96: GrpcService started, listening on 15175
2024-01-26 13:20:09,869 [6f9a858c-5bc3-4795-8cf6-806e3c336a96-EndpointStateMachineTaskThread-/0.0.0.0:15091-0 ] INFO  server.GrpcService (GrpcService.java:startImpl(302)) - 6f9a858c-5bc3-4795-8cf6-806e3c336a96: GrpcService started, listening on 15174
2024-01-26 13:20:09,870 [6f9a858c-5bc3-4795-8cf6-806e3c336a96-EndpointStateMachineTaskThread-/0.0.0.0:15091-0 ] INFO  ratis.XceiverServerRatis (XceiverServerRatis.java:getRealPort(575)) - XceiverServerRatis 6f9a858c-5bc3-4795-8cf6-806e3c336a96 is started using port 15173 for RATIS
2024-01-26 13:20:09,870 [JvmPauseMonitor21] INFO  util.JvmPauseMonitor (JvmPauseMonitor.java:run(146)) - JvmPauseMonitor-6f9a858c-5bc3-4795-8cf6-806e3c336a96: Started
2024-01-26 13:20:09,870 [6f9a858c-5bc3-4795-8cf6-806e3c336a96-EndpointStateMachineTaskThread-/0.0.0.0:15091-0 ] INFO  ratis.XceiverServerRatis (XceiverServerRatis.java:getRealPort(575)) - XceiverServerRatis 6f9a858c-5bc3-4795-8cf6-806e3c336a96 is started using port 15174 for RATIS_ADMIN
2024-01-26 13:20:09,870 [6f9a858c-5bc3-4795-8cf6-806e3c336a96-EndpointStateMachineTaskThread-/0.0.0.0:15091-0 ] INFO  ratis.XceiverServerRatis (XceiverServerRatis.java:getRealPort(575)) - XceiverServerRatis 6f9a858c-5bc3-4795-8cf6-806e3c336a96 is started using port 15175 for RATIS_SERVER
2024-01-26 13:20:09,870 [6f9a858c-5bc3-4795-8cf6-806e3c336a96-EndpointStateMachineTaskThread-/0.0.0.0:15091-0 ] INFO  ratis.XceiverServerRatis (XceiverServerRatis.java:getRealPort(575)) - XceiverServerRatis 6f9a858c-5bc3-4795-8cf6-806e3c336a96 is started using port 15176 for RATIS_DATASTREAM
2024-01-26 13:20:09,871 [6f9a858c-5bc3-4795-8cf6-806e3c336a96-BlockDeletingService#0] INFO  interfaces.ContainerDeletionChoosingPolicyTemplate (ContainerDeletionChoosingPolicyTemplate.java:chooseContainerForBlockDeletion(85)) - Chosen 0/5000 blocks from 0 candidate containers.
2024-01-26 13:20:10,836 [main] INFO  ozone.MiniOzoneClusterImpl (MiniOzoneClusterImpl.java:lambda$waitForClusterToBeReady$0(229)) - Waiting for nodes to be ready. Got 0 of 9 DN Heartbeats.
2024-01-26 13:20:10,837 [main] INFO  ozone.MiniOzoneClusterImpl (MiniOzoneClusterImpl.java:lambda$waitForClusterToBeReady$0(232)) - Waiting for cluster to exit safe mode
2024-01-26 13:20:10,837 [main] INFO  ozone.MiniOzoneClusterImpl (MiniOzoneClusterImpl.java:lambda$waitForClusterToBeReady$0(234)) - SCM became leader
2024-01-26 13:20:10,967 [IPC Server handler 6 on default port 15091] INFO  net.NetworkTopologyImpl (NetworkTopologyImpl.java:add(124)) - Added a new node: /default-rack/056f2df6-7490-4bed-a807-334fa85beb73
2024-01-26 13:20:10,967 [IPC Server handler 6 on default port 15091] INFO  node.SCMNodeManager (SCMNodeManager.java:register(421)) - Registered datanode: 056f2df6-7490-4bed-a807-334fa85beb73{ip: 10.1.0.20, host: fv-az983-443.a2pef1dptxmevgtwlerx3iae4a.cx.internal.cloudapp.net, ports: [HTTP=15098, CLIENT_RPC=15099, REPLICATION=15105, RATIS=15101, RATIS_ADMIN=15102, RATIS_SERVER=15103, RATIS_DATASTREAM=15104, STANDALONE=15100], networkLocation: /default-rack, certSerialId: null, persistedOpState: null, persistedOpStateExpiryEpochSec: 0}
2024-01-26 13:20:10,970 [EventQueue-NewNodeForNewNodeHandler] INFO  pipeline.BackgroundPipelineCreator (BackgroundPipelineCreator.java:notifyEventTriggered(280)) - trigger a one-shot run on RatisPipelineUtilsThread.
2024-01-26 13:20:10,970 [EventQueue-NodeRegistrationContainerReportForDataNodeSafeModeRule] INFO  safemode.SCMSafeModeManager (DataNodeSafeModeRule.java:process(71)) - SCM in safe mode. 1 DataNodes registered, 3 required.
2024-01-26 13:20:10,970 [RatisPipelineUtilsThread-0] INFO  pipeline.RatisPipelineProvider (RatisPipelineProvider.java:lambda$create$0(206)) - Sending CreatePipelineCommand for pipeline:PipelineID=cf181199-5f4a-4cff-9e77-55bff1f71540 to datanode:056f2df6-7490-4bed-a807-334fa85beb73
2024-01-26 13:20:10,970 [EventQueue-NodeRegistrationContainerReportForContainerSafeModeRule] INFO  safemode.SCMSafeModeManager (SCMSafeModeManager.java:validateSafeModeExitRules(200)) - ContainerSafeModeRule rule is successfully validated
2024-01-26 13:20:10,977 [EventQueue-PipelineReportForOneReplicaPipelineSafeModeRule] INFO  safemode.SCMSafeModeManager (SCMSafeModeManager.java:validateSafeModeExitRules(200)) - AtleastOneDatanodeReportedRule rule is successfully validated
2024-01-26 13:20:10,978 [RatisPipelineUtilsThread-0] INFO  pipeline.BackgroundPipelineCreator (BackgroundPipelineCreator.java:createPipelines(236)) - Created new pipeline Pipeline[ Id: cf181199-5f4a-4cff-9e77-55bff1f71540, Nodes: 056f2df6-7490-4bed-a807-334fa85beb73(fv-az983-443.a2pef1dptxmevgtwlerx3iae4a.cx.internal.cloudapp.net/10.1.0.20), ReplicationConfig: RATIS/ONE, State:ALLOCATED, leaderId:, CreationTimestamp2024-01-26T13:20:10.970Z[Etc/UTC]]
2024-01-26 13:20:11,060 [IPC Server handler 7 on default port 15091] INFO  net.NetworkTopologyImpl (NetworkTopologyImpl.java:add(124)) - Added a new node: /default-rack/d656e8e6-3e99-480b-bf88-fcaebe65a6ea
2024-01-26 13:20:11,060 [IPC Server handler 7 on default port 15091] INFO  node.SCMNodeManager (SCMNodeManager.java:register(421)) - Registered datanode: d656e8e6-3e99-480b-bf88-fcaebe65a6ea{ip: 10.1.0.20, host: fv-az983-443.a2pef1dptxmevgtwlerx3iae4a.cx.internal.cloudapp.net, ports: [HTTP=15107, CLIENT_RPC=15108, REPLICATION=15114, RATIS=15110, RATIS_ADMIN=15111, RATIS_SERVER=15112, RATIS_DATASTREAM=15113, STANDALONE=15109], networkLocation: /default-rack, certSerialId: null, persistedOpState: null, persistedOpStateExpiryEpochSec: 0}
2024-01-26 13:20:11,061 [EventQueue-NodeRegistrationContainerReportForDataNodeSafeModeRule] INFO  safemode.SCMSafeModeManager (DataNodeSafeModeRule.java:process(71)) - SCM in safe mode. 2 DataNodes registered, 3 required.
2024-01-26 13:20:11,062 [EventQueue-NewNodeForNewNodeHandler] INFO  pipeline.BackgroundPipelineCreator (BackgroundPipelineCreator.java:notifyEventTriggered(280)) - trigger a one-shot run on RatisPipelineUtilsThread.
2024-01-26 13:20:11,063 [RatisPipelineUtilsThread-0] INFO  pipeline.RatisPipelineProvider (RatisPipelineProvider.java:lambda$create$0(206)) - Sending CreatePipelineCommand for pipeline:PipelineID=4086c81e-29a8-41c6-9694-37d13398d4b1 to datanode:d656e8e6-3e99-480b-bf88-fcaebe65a6ea
2024-01-26 13:20:11,063 [RatisPipelineUtilsThread-0] INFO  pipeline.BackgroundPipelineCreator (BackgroundPipelineCreator.java:createPipelines(236)) - Created new pipeline Pipeline[ Id: 4086c81e-29a8-41c6-9694-37d13398d4b1, Nodes: d656e8e6-3e99-480b-bf88-fcaebe65a6ea(fv-az983-443.a2pef1dptxmevgtwlerx3iae4a.cx.internal.cloudapp.net/10.1.0.20), ReplicationConfig: RATIS/ONE, State:ALLOCATED, leaderId:, CreationTimestamp2024-01-26T13:20:11.063Z[Etc/UTC]]
2024-01-26 13:20:11,189 [IPC Server handler 8 on default port 15091] INFO  net.NetworkTopologyImpl (NetworkTopologyImpl.java:add(124)) - Added a new node: /default-rack/2800087d-98cc-4731-8fb3-504dcca9d3e0
2024-01-26 13:20:11,189 [IPC Server handler 8 on default port 15091] INFO  node.SCMNodeManager (SCMNodeManager.java:register(421)) - Registered datanode: 2800087d-98cc-4731-8fb3-504dcca9d3e0{ip: 10.1.0.20, host: fv-az983-443.a2pef1dptxmevgtwlerx3iae4a.cx.internal.cloudapp.net, ports: [HTTP=15116, CLIENT_RPC=15117, REPLICATION=15123, RATIS=15119, RATIS_ADMIN=15120, RATIS_SERVER=15121, RATIS_DATASTREAM=15122, STANDALONE=15118], networkLocation: /default-rack, certSerialId: null, persistedOpState: null, persistedOpStateExpiryEpochSec: 0}
2024-01-26 13:20:11,189 [EventQueue-NewNodeForNewNodeHandler] INFO  pipeline.BackgroundPipelineCreator (BackgroundPipelineCreator.java:notifyEventTriggered(280)) - trigger a one-shot run on RatisPipelineUtilsThread.
2024-01-26 13:20:11,189 [EventQueue-NodeRegistrationContainerReportForDataNodeSafeModeRule] INFO  safemode.SCMSafeModeManager (DataNodeSafeModeRule.java:process(71)) - SCM in safe mode. 3 DataNodes registered, 3 required.
2024-01-26 13:20:11,189 [EventQueue-NodeRegistrationContainerReportForDataNodeSafeModeRule] INFO  safemode.SCMSafeModeManager (SCMSafeModeManager.java:validateSafeModeExitRules(200)) - DataNodeSafeModeRule rule is successfully validated
2024-01-26 13:20:11,189 [EventQueue-NodeRegistrationContainerReportForDataNodeSafeModeRule] INFO  safemode.SCMSafeModeManager (SCMSafeModeManager.java:completePreCheck(229)) - All SCM safe mode pre check rules have passed
2024-01-26 13:20:11,189 [EventQueue-NodeRegistrationContainerReportForDataNodeSafeModeRule] INFO  ha.SCMContext (SCMContext.java:updateSafeModeStatus(230)) - Update SafeModeStatus from SafeModeStatus{safeModeStatus=true, preCheckPassed=false} to SafeModeStatus{safeModeStatus=true, preCheckPassed=true}.
2024-01-26 13:20:11,190 [EventQueue-NodeRegistrationContainerReportForDataNodeSafeModeRule] INFO  pipeline.BackgroundPipelineCreator (BackgroundPipelineCreator.java:notifyEventTriggered(280)) - trigger a one-shot run on RatisPipelineUtilsThread.
2024-01-26 13:20:11,190 [RatisPipelineUtilsThread-0] INFO  pipeline.RatisPipelineProvider (RatisPipelineProvider.java:lambda$create$0(206)) - Sending CreatePipelineCommand for pipeline:PipelineID=866ce5d9-50a6-4396-a164-049ae56a0932 to datanode:2800087d-98cc-4731-8fb3-504dcca9d3e0
2024-01-26 13:20:11,190 [RatisPipelineUtilsThread-0] INFO  pipeline.BackgroundPipelineCreator (BackgroundPipelineCreator.java:createPipelines(236)) - Created new pipeline Pipeline[ Id: 866ce5d9-50a6-4396-a164-049ae56a0932, Nodes: 2800087d-98cc-4731-8fb3-504dcca9d3e0(fv-az983-443.a2pef1dptxmevgtwlerx3iae4a.cx.internal.cloudapp.net/10.1.0.20), ReplicationConfig: RATIS/ONE, State:ALLOCATED, leaderId:, CreationTimestamp2024-01-26T13:20:11.189Z[Etc/UTC]]
2024-01-26 13:20:11,191 [RatisPipelineUtilsThread-0] INFO  pipeline.RatisPipelineProvider (RatisPipelineProvider.java:lambda$create$0(206)) - Sending CreatePipelineCommand for pipeline:PipelineID=3c010fba-05cc-4306-bf6e-0b0f12efc87e to datanode:2800087d-98cc-4731-8fb3-504dcca9d3e0
2024-01-26 13:20:11,191 [RatisPipelineUtilsThread-0] INFO  pipeline.RatisPipelineProvider (RatisPipelineProvider.java:lambda$create$0(206)) - Sending CreatePipelineCommand for pipeline:PipelineID=3c010fba-05cc-4306-bf6e-0b0f12efc87e to datanode:d656e8e6-3e99-480b-bf88-fcaebe65a6ea
2024-01-26 13:20:11,191 [RatisPipelineUtilsThread-0] INFO  pipeline.RatisPipelineProvider (RatisPipelineProvider.java:lambda$create$0(206)) - Sending CreatePipelineCommand for pipeline:PipelineID=3c010fba-05cc-4306-bf6e-0b0f12efc87e to datanode:056f2df6-7490-4bed-a807-334fa85beb73
2024-01-26 13:20:11,192 [RatisPipelineUtilsThread-0] INFO  pipeline.BackgroundPipelineCreator (BackgroundPipelineCreator.java:createPipelines(236)) - Created new pipeline Pipeline[ Id: 3c010fba-05cc-4306-bf6e-0b0f12efc87e, Nodes: 2800087d-98cc-4731-8fb3-504dcca9d3e0(fv-az983-443.a2pef1dptxmevgtwlerx3iae4a.cx.internal.cloudapp.net/10.1.0.20)d656e8e6-3e99-480b-bf88-fcaebe65a6ea(fv-az983-443.a2pef1dptxmevgtwlerx3iae4a.cx.internal.cloudapp.net/10.1.0.20)056f2df6-7490-4bed-a807-334fa85beb73(fv-az983-443.a2pef1dptxmevgtwlerx3iae4a.cx.internal.cloudapp.net/10.1.0.20), ReplicationConfig: RATIS/THREE, State:ALLOCATED, leaderId:, CreationTimestamp2024-01-26T13:20:11.191Z[Etc/UTC]]
2024-01-26 13:20:11,333 [IPC Server handler 1 on default port 15091] INFO  net.NetworkTopologyImpl (NetworkTopologyImpl.java:add(124)) - Added a new node: /default-rack/97e940e6-23da-4943-8422-3d5ca177be46
2024-01-26 13:20:11,333 [IPC Server handler 1 on default port 15091] INFO  node.SCMNodeManager (SCMNodeManager.java:register(421)) - Registered datanode: 97e940e6-23da-4943-8422-3d5ca177be46{ip: 10.1.0.20, host: fv-az983-443.a2pef1dptxmevgtwlerx3iae4a.cx.internal.cloudapp.net, ports: [HTTP=15125, CLIENT_RPC=15126, REPLICATION=15132, RATIS=15128, RATIS_ADMIN=15129, RATIS_SERVER=15130, RATIS_DATASTREAM=15131, STANDALONE=15127], networkLocation: /default-rack, certSerialId: null, persistedOpState: null, persistedOpStateExpiryEpochSec: 0}
2024-01-26 13:20:11,333 [EventQueue-NewNodeForNewNodeHandler] INFO  pipeline.BackgroundPipelineCreator (BackgroundPipelineCreator.java:notifyEventTriggered(280)) - trigger a one-shot run on RatisPipelineUtilsThread.
2024-01-26 13:20:11,334 [RatisPipelineUtilsThread-0] INFO  pipeline.RatisPipelineProvider (RatisPipelineProvider.java:lambda$create$0(206)) - Sending CreatePipelineCommand for pipeline:PipelineID=9f37c904-b19c-47af-a700-cb4b36940c79 to datanode:97e940e6-23da-4943-8422-3d5ca177be46
2024-01-26 13:20:11,335 [RatisPipelineUtilsThread-0] INFO  pipeline.BackgroundPipelineCreator (BackgroundPipelineCreator.java:createPipelines(236)) - Created new pipeline Pipeline[ Id: 9f37c904-b19c-47af-a700-cb4b36940c79, Nodes: 97e940e6-23da-4943-8422-3d5ca177be46(fv-az983-443.a2pef1dptxmevgtwlerx3iae4a.cx.internal.cloudapp.net/10.1.0.20), ReplicationConfig: RATIS/ONE, State:ALLOCATED, leaderId:, CreationTimestamp2024-01-26T13:20:11.334Z[Etc/UTC]]
2024-01-26 13:20:11,445 [IPC Server handler 0 on default port 15091] INFO  net.NetworkTopologyImpl (NetworkTopologyImpl.java:add(124)) - Added a new node: /default-rack/fed085ba-920d-45a3-8aa6-0ed8c2482a63
2024-01-26 13:20:11,445 [IPC Server handler 0 on default port 15091] INFO  node.SCMNodeManager (SCMNodeManager.java:register(421)) - Registered datanode: fed085ba-920d-45a3-8aa6-0ed8c2482a63{ip: 10.1.0.20, host: fv-az983-443.a2pef1dptxmevgtwlerx3iae4a.cx.internal.cloudapp.net, ports: [HTTP=15134, CLIENT_RPC=15135, REPLICATION=15141, RATIS=15137, RATIS_ADMIN=15138, RATIS_SERVER=15139, RATIS_DATASTREAM=15140, STANDALONE=15136], networkLocation: /default-rack, certSerialId: null, persistedOpState: null, persistedOpStateExpiryEpochSec: 0}
2024-01-26 13:20:11,447 [EventQueue-NewNodeForNewNodeHandler] INFO  pipeline.BackgroundPipelineCreator (BackgroundPipelineCreator.java:notifyEventTriggered(280)) - trigger a one-shot run on RatisPipelineUtilsThread.
2024-01-26 13:20:11,447 [RatisPipelineUtilsThread-0] INFO  pipeline.RatisPipelineProvider (RatisPipelineProvider.java:lambda$create$0(206)) - Sending CreatePipelineCommand for pipeline:PipelineID=c707d353-77f0-41d0-818a-d2c40393f55b to datanode:fed085ba-920d-45a3-8aa6-0ed8c2482a63
2024-01-26 13:20:11,448 [RatisPipelineUtilsThread-0] INFO  pipeline.BackgroundPipelineCreator (BackgroundPipelineCreator.java:createPipelines(236)) - Created new pipeline Pipeline[ Id: c707d353-77f0-41d0-818a-d2c40393f55b, Nodes: fed085ba-920d-45a3-8aa6-0ed8c2482a63(fv-az983-443.a2pef1dptxmevgtwlerx3iae4a.cx.internal.cloudapp.net/10.1.0.20), ReplicationConfig: RATIS/ONE, State:ALLOCATED, leaderId:, CreationTimestamp2024-01-26T13:20:11.447Z[Etc/UTC]]
2024-01-26 13:20:11,550 [IPC Server handler 2 on default port 15091] INFO  net.NetworkTopologyImpl (NetworkTopologyImpl.java:add(124)) - Added a new node: /default-rack/3245821d-006a-4b2e-a5ee-2fe443b67b2f
2024-01-26 13:20:11,550 [IPC Server handler 2 on default port 15091] INFO  node.SCMNodeManager (SCMNodeManager.java:register(421)) - Registered datanode: 3245821d-006a-4b2e-a5ee-2fe443b67b2f{ip: 10.1.0.20, host: fv-az983-443.a2pef1dptxmevgtwlerx3iae4a.cx.internal.cloudapp.net, ports: [HTTP=15143, CLIENT_RPC=15144, REPLICATION=15150, RATIS=15146, RATIS_ADMIN=15147, RATIS_SERVER=15148, RATIS_DATASTREAM=15149, STANDALONE=15145], networkLocation: /default-rack, certSerialId: null, persistedOpState: null, persistedOpStateExpiryEpochSec: 0}
2024-01-26 13:20:11,552 [EventQueue-NewNodeForNewNodeHandler] INFO  pipeline.BackgroundPipelineCreator (BackgroundPipelineCreator.java:notifyEventTriggered(280)) - trigger a one-shot run on RatisPipelineUtilsThread.
2024-01-26 13:20:11,552 [RatisPipelineUtilsThread-0] INFO  pipeline.RatisPipelineProvider (RatisPipelineProvider.java:lambda$create$0(206)) - Sending CreatePipelineCommand for pipeline:PipelineID=0ccba93a-1a09-4e59-b318-4322e11eb022 to datanode:3245821d-006a-4b2e-a5ee-2fe443b67b2f
2024-01-26 13:20:11,553 [RatisPipelineUtilsThread-0] INFO  pipeline.BackgroundPipelineCreator (BackgroundPipelineCreator.java:createPipelines(236)) - Created new pipeline Pipeline[ Id: 0ccba93a-1a09-4e59-b318-4322e11eb022, Nodes: 3245821d-006a-4b2e-a5ee-2fe443b67b2f(fv-az983-443.a2pef1dptxmevgtwlerx3iae4a.cx.internal.cloudapp.net/10.1.0.20), ReplicationConfig: RATIS/ONE, State:ALLOCATED, leaderId:, CreationTimestamp2024-01-26T13:20:11.552Z[Etc/UTC]]
2024-01-26 13:20:11,553 [RatisPipelineUtilsThread-0] INFO  pipeline.RatisPipelineProvider (RatisPipelineProvider.java:lambda$create$0(206)) - Sending CreatePipelineCommand for pipeline:PipelineID=576eb791-4d51-49ee-82d4-5be1fb646630 to datanode:fed085ba-920d-45a3-8aa6-0ed8c2482a63
2024-01-26 13:20:11,553 [RatisPipelineUtilsThread-0] INFO  pipeline.RatisPipelineProvider (RatisPipelineProvider.java:lambda$create$0(206)) - Sending CreatePipelineCommand for pipeline:PipelineID=576eb791-4d51-49ee-82d4-5be1fb646630 to datanode:97e940e6-23da-4943-8422-3d5ca177be46
2024-01-26 13:20:11,553 [RatisPipelineUtilsThread-0] INFO  pipeline.RatisPipelineProvider (RatisPipelineProvider.java:lambda$create$0(206)) - Sending CreatePipelineCommand for pipeline:PipelineID=576eb791-4d51-49ee-82d4-5be1fb646630 to datanode:3245821d-006a-4b2e-a5ee-2fe443b67b2f
2024-01-26 13:20:11,554 [RatisPipelineUtilsThread-0] INFO  pipeline.BackgroundPipelineCreator (BackgroundPipelineCreator.java:createPipelines(236)) - Created new pipeline Pipeline[ Id: 576eb791-4d51-49ee-82d4-5be1fb646630, Nodes: fed085ba-920d-45a3-8aa6-0ed8c2482a63(fv-az983-443.a2pef1dptxmevgtwlerx3iae4a.cx.internal.cloudapp.net/10.1.0.20)97e940e6-23da-4943-8422-3d5ca177be46(fv-az983-443.a2pef1dptxmevgtwlerx3iae4a.cx.internal.cloudapp.net/10.1.0.20)3245821d-006a-4b2e-a5ee-2fe443b67b2f(fv-az983-443.a2pef1dptxmevgtwlerx3iae4a.cx.internal.cloudapp.net/10.1.0.20), ReplicationConfig: RATIS/THREE, State:ALLOCATED, leaderId:, CreationTimestamp2024-01-26T13:20:11.553Z[Etc/UTC]]
2024-01-26 13:20:11,640 [IPC Server handler 3 on default port 15091] INFO  net.NetworkTopologyImpl (NetworkTopologyImpl.java:add(124)) - Added a new node: /default-rack/75a8e9a7-4fdb-4573-b73d-655a6993b3e4
2024-01-26 13:20:11,641 [IPC Server handler 3 on default port 15091] INFO  node.SCMNodeManager (SCMNodeManager.java:register(421)) - Registered datanode: 75a8e9a7-4fdb-4573-b73d-655a6993b3e4{ip: 10.1.0.20, host: fv-az983-443.a2pef1dptxmevgtwlerx3iae4a.cx.internal.cloudapp.net, ports: [HTTP=15152, CLIENT_RPC=15153, REPLICATION=15159, RATIS=15155, RATIS_ADMIN=15156, RATIS_SERVER=15157, RATIS_DATASTREAM=15158, STANDALONE=15154], networkLocation: /default-rack, certSerialId: null, persistedOpState: null, persistedOpStateExpiryEpochSec: 0}
2024-01-26 13:20:11,641 [EventQueue-NewNodeForNewNodeHandler] INFO  pipeline.BackgroundPipelineCreator (BackgroundPipelineCreator.java:notifyEventTriggered(280)) - trigger a one-shot run on RatisPipelineUtilsThread.
2024-01-26 13:20:11,641 [RatisPipelineUtilsThread-0] INFO  pipeline.RatisPipelineProvider (RatisPipelineProvider.java:lambda$create$0(206)) - Sending CreatePipelineCommand for pipeline:PipelineID=c6f2dfd4-1cc4-4f84-84c3-a3dbc710b8ec to datanode:75a8e9a7-4fdb-4573-b73d-655a6993b3e4
2024-01-26 13:20:11,642 [RatisPipelineUtilsThread-0] INFO  pipeline.BackgroundPipelineCreator (BackgroundPipelineCreator.java:createPipelines(236)) - Created new pipeline Pipeline[ Id: c6f2dfd4-1cc4-4f84-84c3-a3dbc710b8ec, Nodes: 75a8e9a7-4fdb-4573-b73d-655a6993b3e4(fv-az983-443.a2pef1dptxmevgtwlerx3iae4a.cx.internal.cloudapp.net/10.1.0.20), ReplicationConfig: RATIS/ONE, State:ALLOCATED, leaderId:, CreationTimestamp2024-01-26T13:20:11.641Z[Etc/UTC]]
2024-01-26 13:20:11,744 [IPC Server handler 4 on default port 15091] INFO  net.NetworkTopologyImpl (NetworkTopologyImpl.java:add(124)) - Added a new node: /default-rack/84594c31-4da7-47fb-86d6-9d5be6ec36d0
2024-01-26 13:20:11,744 [IPC Server handler 4 on default port 15091] INFO  node.SCMNodeManager (SCMNodeManager.java:register(421)) - Registered datanode: 84594c31-4da7-47fb-86d6-9d5be6ec36d0{ip: 10.1.0.20, host: fv-az983-443.a2pef1dptxmevgtwlerx3iae4a.cx.internal.cloudapp.net, ports: [HTTP=15161, CLIENT_RPC=15162, REPLICATION=15168, RATIS=15164, RATIS_ADMIN=15165, RATIS_SERVER=15166, RATIS_DATASTREAM=15167, STANDALONE=15163], networkLocation: /default-rack, certSerialId: null, persistedOpState: null, persistedOpStateExpiryEpochSec: 0}
2024-01-26 13:20:11,744 [EventQueue-NewNodeForNewNodeHandler] INFO  pipeline.BackgroundPipelineCreator (BackgroundPipelineCreator.java:notifyEventTriggered(280)) - trigger a one-shot run on RatisPipelineUtilsThread.
2024-01-26 13:20:11,746 [RatisPipelineUtilsThread-0] INFO  pipeline.RatisPipelineProvider (RatisPipelineProvider.java:lambda$create$0(206)) - Sending CreatePipelineCommand for pipeline:PipelineID=4d05220e-f77e-4080-8c1d-89bb3bb132ed to datanode:84594c31-4da7-47fb-86d6-9d5be6ec36d0
2024-01-26 13:20:11,746 [RatisPipelineUtilsThread-0] INFO  pipeline.BackgroundPipelineCreator (BackgroundPipelineCreator.java:createPipelines(236)) - Created new pipeline Pipeline[ Id: 4d05220e-f77e-4080-8c1d-89bb3bb132ed, Nodes: 84594c31-4da7-47fb-86d6-9d5be6ec36d0(fv-az983-443.a2pef1dptxmevgtwlerx3iae4a.cx.internal.cloudapp.net/10.1.0.20), ReplicationConfig: RATIS/ONE, State:ALLOCATED, leaderId:, CreationTimestamp2024-01-26T13:20:11.745Z[Etc/UTC]]
2024-01-26 13:20:11,837 [main] INFO  ozone.MiniOzoneClusterImpl (MiniOzoneClusterImpl.java:lambda$waitForClusterToBeReady$0(229)) - Waiting for nodes to be ready. Got 8 of 9 DN Heartbeats.
2024-01-26 13:20:11,837 [main] INFO  ozone.MiniOzoneClusterImpl (MiniOzoneClusterImpl.java:lambda$waitForClusterToBeReady$0(232)) - Waiting for cluster to exit safe mode
2024-01-26 13:20:11,837 [main] INFO  ozone.MiniOzoneClusterImpl (MiniOzoneClusterImpl.java:lambda$waitForClusterToBeReady$0(234)) - SCM became leader
2024-01-26 13:20:11,840 [IPC Server handler 5 on default port 15091] INFO  net.NetworkTopologyImpl (NetworkTopologyImpl.java:add(124)) - Added a new node: /default-rack/6f9a858c-5bc3-4795-8cf6-806e3c336a96
2024-01-26 13:20:11,840 [IPC Server handler 5 on default port 15091] INFO  node.SCMNodeManager (SCMNodeManager.java:register(421)) - Registered datanode: 6f9a858c-5bc3-4795-8cf6-806e3c336a96{ip: 10.1.0.20, host: fv-az983-443.a2pef1dptxmevgtwlerx3iae4a.cx.internal.cloudapp.net, ports: [HTTP=15170, CLIENT_RPC=15171, REPLICATION=15177, RATIS=15173, RATIS_ADMIN=15174, RATIS_SERVER=15175, RATIS_DATASTREAM=15176, STANDALONE=15172], networkLocation: /default-rack, certSerialId: null, persistedOpState: null, persistedOpStateExpiryEpochSec: 0}
2024-01-26 13:20:11,840 [EventQueue-NewNodeForNewNodeHandler] INFO  pipeline.BackgroundPipelineCreator (BackgroundPipelineCreator.java:notifyEventTriggered(280)) - trigger a one-shot run on RatisPipelineUtilsThread.
2024-01-26 13:20:11,842 [RatisPipelineUtilsThread-0] INFO  pipeline.RatisPipelineProvider (RatisPipelineProvider.java:lambda$create$0(206)) - Sending CreatePipelineCommand for pipeline:PipelineID=90cbaefc-edd9-43bb-9de7-359a7fefc33e to datanode:6f9a858c-5bc3-4795-8cf6-806e3c336a96
2024-01-26 13:20:11,842 [RatisPipelineUtilsThread-0] INFO  pipeline.BackgroundPipelineCreator (BackgroundPipelineCreator.java:createPipelines(236)) - Created new pipeline Pipeline[ Id: 90cbaefc-edd9-43bb-9de7-359a7fefc33e, Nodes: 6f9a858c-5bc3-4795-8cf6-806e3c336a96(fv-az983-443.a2pef1dptxmevgtwlerx3iae4a.cx.internal.cloudapp.net/10.1.0.20), ReplicationConfig: RATIS/ONE, State:ALLOCATED, leaderId:, CreationTimestamp2024-01-26T13:20:11.842Z[Etc/UTC]]
2024-01-26 13:20:11,843 [RatisPipelineUtilsThread-0] INFO  pipeline.RatisPipelineProvider (RatisPipelineProvider.java:lambda$create$0(206)) - Sending CreatePipelineCommand for pipeline:PipelineID=1628755e-068d-498d-af84-792f70b7eb65 to datanode:84594c31-4da7-47fb-86d6-9d5be6ec36d0
2024-01-26 13:20:11,843 [RatisPipelineUtilsThread-0] INFO  pipeline.RatisPipelineProvider (RatisPipelineProvider.java:lambda$create$0(206)) - Sending CreatePipelineCommand for pipeline:PipelineID=1628755e-068d-498d-af84-792f70b7eb65 to datanode:6f9a858c-5bc3-4795-8cf6-806e3c336a96
2024-01-26 13:20:11,843 [RatisPipelineUtilsThread-0] INFO  pipeline.RatisPipelineProvider (RatisPipelineProvider.java:lambda$create$0(206)) - Sending CreatePipelineCommand for pipeline:PipelineID=1628755e-068d-498d-af84-792f70b7eb65 to datanode:75a8e9a7-4fdb-4573-b73d-655a6993b3e4
2024-01-26 13:20:11,844 [RatisPipelineUtilsThread-0] INFO  pipeline.BackgroundPipelineCreator (BackgroundPipelineCreator.java:createPipelines(236)) - Created new pipeline Pipeline[ Id: 1628755e-068d-498d-af84-792f70b7eb65, Nodes: 84594c31-4da7-47fb-86d6-9d5be6ec36d0(fv-az983-443.a2pef1dptxmevgtwlerx3iae4a.cx.internal.cloudapp.net/10.1.0.20)6f9a858c-5bc3-4795-8cf6-806e3c336a96(fv-az983-443.a2pef1dptxmevgtwlerx3iae4a.cx.internal.cloudapp.net/10.1.0.20)75a8e9a7-4fdb-4573-b73d-655a6993b3e4(fv-az983-443.a2pef1dptxmevgtwlerx3iae4a.cx.internal.cloudapp.net/10.1.0.20), ReplicationConfig: RATIS/THREE, State:ALLOCATED, leaderId:, CreationTimestamp2024-01-26T13:20:11.843Z[Etc/UTC]]
2024-01-26 13:20:12,838 [main] INFO  ozone.MiniOzoneClusterImpl (MiniOzoneClusterImpl.java:lambda$waitForClusterToBeReady$0(229)) - Nodes are ready. Got 9 of 9 DN Heartbeats.
2024-01-26 13:20:12,838 [main] INFO  ozone.MiniOzoneClusterImpl (MiniOzoneClusterImpl.java:lambda$waitForClusterToBeReady$0(232)) - Waiting for cluster to exit safe mode
2024-01-26 13:20:12,838 [main] INFO  ozone.MiniOzoneClusterImpl (MiniOzoneClusterImpl.java:lambda$waitForClusterToBeReady$0(234)) - SCM became leader
2024-01-26 13:20:13,838 [main] INFO  ozone.MiniOzoneClusterImpl (MiniOzoneClusterImpl.java:lambda$waitForClusterToBeReady$0(229)) - Nodes are ready. Got 9 of 9 DN Heartbeats.
2024-01-26 13:20:13,839 [main] INFO  ozone.MiniOzoneClusterImpl (MiniOzoneClusterImpl.java:lambda$waitForClusterToBeReady$0(232)) - Waiting for cluster to exit safe mode
2024-01-26 13:20:13,839 [main] INFO  ozone.MiniOzoneClusterImpl (MiniOzoneClusterImpl.java:lambda$waitForClusterToBeReady$0(234)) - SCM became leader
2024-01-26 13:20:13,968 [056f2df6-7490-4bed-a807-334fa85beb73-PipelineCommandHandlerThread-0] INFO  server.RaftServer (RaftServerProxy.java:addNew(100)) - 056f2df6-7490-4bed-a807-334fa85beb73: addNew group-55BFF1F71540:[056f2df6-7490-4bed-a807-334fa85beb73|10.1.0.20:15103] returns group-55BFF1F71540:java.util.concurrent.CompletableFuture@707dedaa[Not completed]
2024-01-26 13:20:13,968 [056f2df6-7490-4bed-a807-334fa85beb73-groupManagement] INFO  server.RaftServer$Division (RaftServerImpl.java:<init>(256)) - 056f2df6-7490-4bed-a807-334fa85beb73: new RaftServerImpl for group-55BFF1F71540:[056f2df6-7490-4bed-a807-334fa85beb73|10.1.0.20:15103] with ContainerStateMachine:uninitialized
2024-01-26 13:20:13,969 [056f2df6-7490-4bed-a807-334fa85beb73-groupManagement] INFO  server.RaftServerConfigKeys (ConfUtils.java:logGet(46)) - raft.server.rpc.timeout.min = 5s (custom)
2024-01-26 13:20:13,969 [056f2df6-7490-4bed-a807-334fa85beb73-groupManagement] INFO  server.RaftServerConfigKeys (ConfUtils.java:logGet(46)) - raft.server.rpc.timeout.max = 5200ms (custom)
2024-01-26 13:20:13,969 [056f2df6-7490-4bed-a807-334fa85beb73-groupManagement] INFO  server.RaftServerConfigKeys (ConfUtils.java:logGet(46)) - raft.server.rpc.sleep.time = 25ms (default)
2024-01-26 13:20:13,969 [056f2df6-7490-4bed-a807-334fa85beb73-groupManagement] INFO  server.RaftServerConfigKeys (ConfUtils.java:logGet(46)) - raft.server.rpc.slowness.timeout = 300000ms (custom)
2024-01-26 13:20:13,969 [056f2df6-7490-4bed-a807-334fa85beb73-groupManagement] INFO  server.RaftServerConfigKeys (ConfUtils.java:logGet(46)) - raft.server.leaderelection.leader.step-down.wait-time = 10s (default)
2024-01-26 13:20:13,969 [056f2df6-7490-4bed-a807-334fa85beb73-groupManagement] INFO  server.RaftServerConfigKeys (ConfUtils.java:logGet(46)) - raft.server.leaderelection.member.majority-add = false (default)
2024-01-26 13:20:13,969 [056f2df6-7490-4bed-a807-334fa85beb73-groupManagement] INFO  server.RaftServerConfigKeys (ConfUtils.java:logGet(46)) - raft.server.sleep.deviation.threshold = 300ms (default)
2024-01-26 13:20:13,969 [056f2df6-7490-4bed-a807-334fa85beb73-groupManagement] INFO  server.RaftServer$Division (ServerState.java:<init>(113)) - 056f2df6-7490-4bed-a807-334fa85beb73@group-55BFF1F71540: ConfigurationManager, init=-1: peers:[056f2df6-7490-4bed-a807-334fa85beb73|10.1.0.20:15103]|listeners:[], old=null, confs=<EMPTY_MAP>
2024-01-26 13:20:13,969 [056f2df6-7490-4bed-a807-334fa85beb73-groupManagement] INFO  server.RaftServerConfigKeys (ConfUtils.java:logGet(46)) - raft.server.notification.no-leader.timeout = 300000ms (custom)
2024-01-26 13:20:13,969 [056f2df6-7490-4bed-a807-334fa85beb73-groupManagement] INFO  server.RaftServerConfigKeys (ConfUtils.java:logGet(46)) - raft.server.read.timeout = 10s (default)
2024-01-26 13:20:13,969 [056f2df6-7490-4bed-a807-334fa85beb73-groupManagement] INFO  server.RaftServerConfigKeys (ConfUtils.java:logGet(46)) - raft.server.retrycache.expirytime = 600000ms (custom)
2024-01-26 13:20:13,969 [056f2df6-7490-4bed-a807-334fa85beb73-groupManagement] INFO  server.RaftServerConfigKeys (ConfUtils.java:logGet(46)) - raft.server.retrycache.statistics.expirytime = 100ms (default)
2024-01-26 13:20:13,970 [056f2df6-7490-4bed-a807-334fa85beb73-groupManagement] INFO  server.RaftServerConfigKeys (ConfUtils.java:logGet(46)) - raft.server.read.option = DEFAULT (default)
2024-01-26 13:20:13,970 [056f2df6-7490-4bed-a807-334fa85beb73-groupManagement] INFO  server.RaftServerConfigKeys (ConfUtils.java:logGet(46)) - raft.server.read.read-after-write-consistent.write-index-cache.expiry-time = 60s (default)
2024-01-26 13:20:13,971 [056f2df6-7490-4bed-a807-334fa85beb73-groupManagement] INFO  server.RaftServerConfigKeys (ConfUtils.java:logGet(46)) - raft.server.rpc.request.timeout = 3000ms (default)
2024-01-26 13:20:13,971 [056f2df6-7490-4bed-a807-334fa85beb73-groupManagement] INFO  server.RaftServerConfigKeys (ConfUtils.java:logGet(46)) - raft.server.log.appender.install.snapshot.enabled = false (custom)
2024-01-26 13:20:13,972 [056f2df6-7490-4bed-a807-334fa85beb73-groupManagement] INFO  server.RaftServerConfigKeys (ConfUtils.java:logGet(46)) - raft.server.threadpool.server.cached = true (default)
2024-01-26 13:20:13,972 [056f2df6-7490-4bed-a807-334fa85beb73-groupManagement] INFO  server.RaftServerConfigKeys (ConfUtils.java:logGet(46)) - raft.server.threadpool.server.size = 0 (default)
2024-01-26 13:20:13,972 [056f2df6-7490-4bed-a807-334fa85beb73-groupManagement] INFO  server.RaftServerConfigKeys (ConfUtils.java:logGet(46)) - raft.server.threadpool.client.cached = true (default)
2024-01-26 13:20:13,972 [056f2df6-7490-4bed-a807-334fa85beb73-groupManagement] INFO  server.RaftServerConfigKeys (ConfUtils.java:logGet(46)) - raft.server.threadpool.client.size = 0 (default)
2024-01-26 13:20:13,972 [056f2df6-7490-4bed-a807-334fa85beb73-groupManagement] INFO  server.RaftServerConfigKeys (ConfUtils.java:logGet(46)) - raft.server.storage.free-space.min = 0MB (=0) (default)
2024-01-26 13:20:13,972 [056f2df6-7490-4bed-a807-334fa85beb73-groupManagement] INFO  server.RaftServerConfigKeys (ConfUtils.java:logGet(46)) - raft.server.log.corruption.policy = EXCEPTION (default)
2024-01-26 13:20:13,972 [056f2df6-7490-4bed-a807-334fa85beb73-groupManagement] INFO  server.RaftServerConfigKeys (ConfUtils.java:logGet(46)) - raft.server.storage.dir = [/home/runner/work/ozone/ozone/hadoop-ozone/integration-test/target/test-dir/MiniOzoneClusterImpl-6bed2868-cd70-4a3d-a9ed-67052a48ddc2/datanode-0/data/ratis] (custom)
2024-01-26 13:20:13,972 [056f2df6-7490-4bed-a807-334fa85beb73-groupManagement] INFO  storage.RaftStorageDirectory (RaftStorageDirectoryImpl.java:analyzeStorage(138)) - The storage directory /home/runner/work/ozone/ozone/hadoop-ozone/integration-test/target/test-dir/MiniOzoneClusterImpl-6bed2868-cd70-4a3d-a9ed-67052a48ddc2/datanode-0/data/ratis/cf181199-5f4a-4cff-9e77-55bff1f71540 does not exist. Creating ...
2024-01-26 13:20:13,973 [056f2df6-7490-4bed-a807-334fa85beb73-groupManagement] INFO  storage.RaftStorageDirectory (RaftStorageDirectoryImpl.java:tryLock(228)) - Lock on /home/runner/work/ozone/ozone/hadoop-ozone/integration-test/target/test-dir/MiniOzoneClusterImpl-6bed2868-cd70-4a3d-a9ed-67052a48ddc2/datanode-0/data/ratis/cf181199-5f4a-4cff-9e77-55bff1f71540/in_use.lock acquired by nodename 73218@fv-az983-443
2024-01-26 13:20:13,974 [056f2df6-7490-4bed-a807-334fa85beb73-groupManagement] INFO  storage.RaftStorage (RaftStorageImpl.java:format(99)) - Storage directory /home/runner/work/ozone/ozone/hadoop-ozone/integration-test/target/test-dir/MiniOzoneClusterImpl-6bed2868-cd70-4a3d-a9ed-67052a48ddc2/datanode-0/data/ratis/cf181199-5f4a-4cff-9e77-55bff1f71540 has been successfully formatted.
2024-01-26 13:20:13,974 [056f2df6-7490-4bed-a807-334fa85beb73-groupManagement] WARN  util.FileUtils (LogUtils.java:supplyAndLog(63)) - Failed to Files.newInputStream /home/runner/work/ozone/ozone/hadoop-ozone/integration-test/target/test-dir/MiniOzoneClusterImpl-6bed2868-cd70-4a3d-a9ed-67052a48ddc2/datanode-0/data/ratis/cf181199-5f4a-4cff-9e77-55bff1f71540/current/raft-meta.conf with options []: java.nio.file.NoSuchFileException: /home/runner/work/ozone/ozone/hadoop-ozone/integration-test/target/test-dir/MiniOzoneClusterImpl-6bed2868-cd70-4a3d-a9ed-67052a48ddc2/datanode-0/data/ratis/cf181199-5f4a-4cff-9e77-55bff1f71540/current/raft-meta.conf
2024-01-26 13:20:13,975 [056f2df6-7490-4bed-a807-334fa85beb73-groupManagement] INFO  ratis.ContainerStateMachine (ContainerStateMachine.java:loadSnapshot(287)) - group-55BFF1F71540: The snapshot info is null. Setting the last applied index to:(t:0, i:~)
2024-01-26 13:20:13,975 [056f2df6-7490-4bed-a807-334fa85beb73-groupManagement] INFO  server.RaftServerConfigKeys (ConfUtils.java:logGet(46)) - raft.server.log.use.memory = false (default)
2024-01-26 13:20:13,975 [056f2df6-7490-4bed-a807-334fa85beb73-groupManagement] INFO  server.RaftServerConfigKeys (ConfUtils.java:logGet(46)) - raft.server.log.purge.gap = 1000000 (custom)
2024-01-26 13:20:13,976 [056f2df6-7490-4bed-a807-334fa85beb73-groupManagement] INFO  server.RaftServerConfigKeys (ConfUtils.java:logGet(46)) - raft.server.log.appender.buffer.byte-limit = 8388608 (custom)
2024-01-26 13:20:13,976 [056f2df6-7490-4bed-a807-334fa85beb73-groupManagement] INFO  server.RaftServerConfigKeys (ConfUtils.java:logGet(46)) - raft.server.log.statemachine.data.read.timeout = 1000ms (default)
2024-01-26 13:20:13,976 [056f2df6-7490-4bed-a807-334fa85beb73-groupManagement] INFO  server.RaftServerConfigKeys (ConfUtils.java:logGet(46)) - raft.server.log.purge.preservation.log.num = 0 (default)
2024-01-26 13:20:13,977 [EventQueue-PipelineReportForPipelineReportHandler] INFO  pipeline.PipelineReportHandler (PipelineReportHandler.java:processPipelineReport(136)) - Opened pipeline PipelineID=cf181199-5f4a-4cff-9e77-55bff1f71540
2024-01-26 13:20:13,978 [056f2df6-7490-4bed-a807-334fa85beb73-groupManagement] INFO  server.RaftServerConfigKeys (ConfUtils.java:logGet(46)) - raft.server.log.segment.size.max = 67108864 (custom)
2024-01-26 13:20:13,979 [056f2df6-7490-4bed-a807-334fa85beb73-groupManagement] INFO  server.RaftServerConfigKeys (ConfUtils.java:logGet(46)) - raft.server.log.segment.cache.num.max = 2 (custom)
2024-01-26 13:20:13,979 [056f2df6-7490-4bed-a807-334fa85beb73-groupManagement] INFO  server.RaftServerConfigKeys (ConfUtils.java:logGet(46)) - raft.server.log.segment.cache.size.max = 200MB (=209715200) (default)
2024-01-26 13:20:13,979 [056f2df6-7490-4bed-a807-334fa85beb73-groupManagement] INFO  server.RaftServerConfigKeys (ConfUtils.java:logGet(46)) - raft.server.log.appender.buffer.byte-limit = 8388608 (custom)
2024-01-26 13:20:13,979 [056f2df6-7490-4bed-a807-334fa85beb73-groupManagement] INFO  util.AwaitToRun (AwaitToRun.java:start(81)) - Thread[056f2df6-7490-4bed-a807-334fa85beb73@group-55BFF1F71540-cacheEviction-AwaitToRun,5,main] started
2024-01-26 13:20:13,979 [EventQueue-OpenPipelineForHealthyPipelineSafeModeRule] INFO  safemode.SCMSafeModeManager (HealthyPipelineSafeModeRule.java:process(140)) - SCM in safe mode. Healthy pipelines reported count is 0, required healthy pipeline reported count is 1
2024-01-26 13:20:13,980 [056f2df6-7490-4bed-a807-334fa85beb73-groupManagement] INFO  segmented.SegmentedRaftLogWorker (SegmentedRaftLogWorker.java:<init>(182)) - new 056f2df6-7490-4bed-a807-334fa85beb73@group-55BFF1F71540-SegmentedRaftLogWorker for RaftStorageImpl:Storage Directory /home/runner/work/ozone/ozone/hadoop-ozone/integration-test/target/test-dir/MiniOzoneClusterImpl-6bed2868-cd70-4a3d-a9ed-67052a48ddc2/datanode-0/data/ratis/cf181199-5f4a-4cff-9e77-55bff1f71540
2024-01-26 13:20:13,981 [056f2df6-7490-4bed-a807-334fa85beb73-groupManagement] INFO  server.RaftServerConfigKeys (ConfUtils.java:logGet(46)) - raft.server.log.queue.byte-limit = 4294967296 (custom)
2024-01-26 13:20:13,981 [056f2df6-7490-4bed-a807-334fa85beb73-groupManagement] INFO  server.RaftServerConfigKeys (ConfUtils.java:logGet(46)) - raft.server.log.queue.element-limit = 1024 (custom)
2024-01-26 13:20:13,982 [056f2df6-7490-4bed-a807-334fa85beb73-groupManagement] INFO  server.RaftServerConfigKeys (ConfUtils.java:logGet(46)) - raft.server.log.segment.size.max = 67108864 (custom)
2024-01-26 13:20:13,982 [056f2df6-7490-4bed-a807-334fa85beb73-groupManagement] INFO  server.RaftServerConfigKeys (ConfUtils.java:logGet(46)) - raft.server.log.preallocated.size = 4194304 (custom)
2024-01-26 13:20:13,982 [056f2df6-7490-4bed-a807-334fa85beb73-groupManagement] INFO  server.RaftServerConfigKeys (ConfUtils.java:logGet(46)) - raft.server.log.force.sync.num = 128 (default)
2024-01-26 13:20:13,982 [056f2df6-7490-4bed-a807-334fa85beb73-groupManagement] INFO  server.RaftServerConfigKeys (ConfUtils.java:logGet(46)) - raft.server.log.statemachine.data.sync = true (default)
2024-01-26 13:20:13,982 [056f2df6-7490-4bed-a807-334fa85beb73-groupManagement] INFO  server.RaftServerConfigKeys (ConfUtils.java:logGet(46)) - raft.server.log.statemachine.data.sync.timeout = 10s (default)
2024-01-26 13:20:13,982 [056f2df6-7490-4bed-a807-334fa85beb73-groupManagement] INFO  server.RaftServerConfigKeys (ConfUtils.java:logGet(46)) - raft.server.log.statemachine.data.sync.timeout.retry = 0 (custom)
2024-01-26 13:20:13,982 [056f2df6-7490-4bed-a807-334fa85beb73-groupManagement] INFO  server.RaftServerConfigKeys (ConfUtils.java:logGet(46)) - raft.server.log.write.buffer.size = 8388616 (custom)
2024-01-26 13:20:13,984 [056f2df6-7490-4bed-a807-334fa85beb73-groupManagement] INFO  server.RaftServerConfigKeys (ConfUtils.java:logGet(46)) - raft.server.log.appender.buffer.byte-limit = 8388608 (custom)
2024-01-26 13:20:13,984 [056f2df6-7490-4bed-a807-334fa85beb73-groupManagement] INFO  server.RaftServerConfigKeys (ConfUtils.java:logGet(46)) - raft.server.log.unsafe-flush.enabled = false (default)
2024-01-26 13:20:13,985 [056f2df6-7490-4bed-a807-334fa85beb73-groupManagement] INFO  server.RaftServerConfigKeys (ConfUtils.java:logGet(46)) - raft.server.log.async-flush.enabled = false (default)
2024-01-26 13:20:13,985 [056f2df6-7490-4bed-a807-334fa85beb73-groupManagement] INFO  server.RaftServerConfigKeys (ConfUtils.java:logGet(46)) - raft.server.log.statemachine.data.caching.enabled = true (custom)
2024-01-26 13:20:13,985 [056f2df6-7490-4bed-a807-334fa85beb73-groupManagement] INFO  segmented.SegmentedRaftLogWorker (SegmentedRaftLogWorker.java:lambda$new$0(134)) - 056f2df6-7490-4bed-a807-334fa85beb73@group-55BFF1F71540-SegmentedRaftLogWorker: flushIndex: setUnconditionally 0 -> -1
2024-01-26 13:20:13,985 [056f2df6-7490-4bed-a807-334fa85beb73-groupManagement] INFO  segmented.SegmentedRaftLogWorker (SegmentedRaftLogWorker.java:lambda$new$0(134)) - 056f2df6-7490-4bed-a807-334fa85beb73@group-55BFF1F71540-SegmentedRaftLogWorker: safeCacheEvictIndex: setUnconditionally 0 -> -1
2024-01-26 13:20:13,985 [056f2df6-7490-4bed-a807-334fa85beb73-groupManagement] INFO  server.RaftServer$Division (RaftServerImpl.java:start(396)) - 056f2df6-7490-4bed-a807-334fa85beb73@group-55BFF1F71540: start as a follower, conf=-1: peers:[056f2df6-7490-4bed-a807-334fa85beb73|10.1.0.20:15103]|listeners:[], old=null
2024-01-26 13:20:13,985 [056f2df6-7490-4bed-a807-334fa85beb73-groupManagement] INFO  server.RaftServer$Division (RaftServerImpl.java:setRole(383)) - 056f2df6-7490-4bed-a807-334fa85beb73@group-55BFF1F71540: changes role from      null to FOLLOWER at term 0 for startAsFollower
2024-01-26 13:20:13,985 [056f2df6-7490-4bed-a807-334fa85beb73-groupManagement] INFO  impl.RoleInfo (RoleInfo.java:updateAndGet(139)) - 056f2df6-7490-4bed-a807-334fa85beb73: start 056f2df6-7490-4bed-a807-334fa85beb73@group-55BFF1F71540-FollowerState
2024-01-26 13:20:13,985 [056f2df6-7490-4bed-a807-334fa85beb73@group-55BFF1F71540-FollowerState] INFO  server.RaftServerConfigKeys (ConfUtils.java:logFallback(53)) - raft.server.rpc.first-election.timeout.min = 5s (fallback to raft.server.rpc.timeout.min)
2024-01-26 13:20:13,985 [056f2df6-7490-4bed-a807-334fa85beb73-groupManagement] INFO  util.JmxRegister (JmxRegister.java:tryRegister(44)) - Successfully registered JMX Bean with object name Ratis:service=RaftServer,group=group-55BFF1F71540,id=056f2df6-7490-4bed-a807-334fa85beb73
2024-01-26 13:20:13,986 [056f2df6-7490-4bed-a807-334fa85beb73@group-55BFF1F71540-FollowerState] INFO  server.RaftServerConfigKeys (ConfUtils.java:logFallback(53)) - raft.server.rpc.first-election.timeout.max = 5200ms (fallback to raft.server.rpc.timeout.max)
2024-01-26 13:20:13,986 [056f2df6-7490-4bed-a807-334fa85beb73-groupManagement] INFO  server.RaftServerConfigKeys (ConfUtils.java:logGet(46)) - raft.server.snapshot.trigger-when-stop.enabled = true (default)
2024-01-26 13:20:13,986 [056f2df6-7490-4bed-a807-334fa85beb73-groupManagement] INFO  server.RaftServerConfigKeys (ConfUtils.java:logGet(46)) - raft.server.snapshot.auto.trigger.enabled = true (custom)
2024-01-26 13:20:13,986 [056f2df6-7490-4bed-a807-334fa85beb73-groupManagement] INFO  server.RaftServerConfigKeys (ConfUtils.java:logGet(46)) - raft.server.snapshot.auto.trigger.threshold = 10000 (custom)
2024-01-26 13:20:13,986 [056f2df6-7490-4bed-a807-334fa85beb73-groupManagement] INFO  server.RaftServerConfigKeys (ConfUtils.java:logGet(46)) - raft.server.snapshot.retention.file.num = 5 (custom)
2024-01-26 13:20:13,986 [056f2df6-7490-4bed-a807-334fa85beb73-groupManagement] INFO  server.RaftServerConfigKeys (ConfUtils.java:logGet(46)) - raft.server.log.purge.upto.snapshot.index = false (default)
2024-01-26 13:20:13,986 [056f2df6-7490-4bed-a807-334fa85beb73-PipelineCommandHandlerThread-0] INFO  ratis.XceiverServerRatis (XceiverServerRatis.java:addGroup(842)) - Created group PipelineID=cf181199-5f4a-4cff-9e77-55bff1f71540
2024-01-26 13:20:13,986 [056f2df6-7490-4bed-a807-334fa85beb73-PipelineCommandHandlerThread-0] INFO  commandhandler.CreatePipelineCommandHandler (CreatePipelineCommandHandler.java:lambda$handle$2(124)) - Created Pipeline RATIS ONE PipelineID=cf181199-5f4a-4cff-9e77-55bff1f71540.
2024-01-26 13:20:13,987 [056f2df6-7490-4bed-a807-334fa85beb73-PipelineCommandHandlerThread-0] INFO  server.RaftServer (RaftServerProxy.java:addNew(100)) - 056f2df6-7490-4bed-a807-334fa85beb73: addNew group-0B0F12EFC87E:[2800087d-98cc-4731-8fb3-504dcca9d3e0|10.1.0.20:15121, d656e8e6-3e99-480b-bf88-fcaebe65a6ea|10.1.0.20:15112, 056f2df6-7490-4bed-a807-334fa85beb73|10.1.0.20:15103] returns group-0B0F12EFC87E:java.util.concurrent.CompletableFuture@7442677d[Not completed]
2024-01-26 13:20:13,988 [056f2df6-7490-4bed-a807-334fa85beb73-groupManagement] INFO  server.RaftServer$Division (RaftServerImpl.java:<init>(256)) - 056f2df6-7490-4bed-a807-334fa85beb73: new RaftServerImpl for group-0B0F12EFC87E:[2800087d-98cc-4731-8fb3-504dcca9d3e0|10.1.0.20:15121, d656e8e6-3e99-480b-bf88-fcaebe65a6ea|10.1.0.20:15112, 056f2df6-7490-4bed-a807-334fa85beb73|10.1.0.20:15103] with ContainerStateMachine:uninitialized
2024-01-26 13:20:13,988 [056f2df6-7490-4bed-a807-334fa85beb73-groupManagement] INFO  server.RaftServerConfigKeys (ConfUtils.java:logGet(46)) - raft.server.rpc.timeout.min = 5s (custom)
2024-01-26 13:20:13,988 [056f2df6-7490-4bed-a807-334fa85beb73-groupManagement] INFO  server.RaftServerConfigKeys (ConfUtils.java:logGet(46)) - raft.server.rpc.timeout.max = 5200ms (custom)
2024-01-26 13:20:13,988 [056f2df6-7490-4bed-a807-334fa85beb73-groupManagement] INFO  server.RaftServerConfigKeys (ConfUtils.java:logGet(46)) - raft.server.rpc.sleep.time = 25ms (default)
2024-01-26 13:20:13,988 [056f2df6-7490-4bed-a807-334fa85beb73-groupManagement] INFO  server.RaftServerConfigKeys (ConfUtils.java:logGet(46)) - raft.server.rpc.slowness.timeout = 300000ms (custom)
2024-01-26 13:20:13,988 [056f2df6-7490-4bed-a807-334fa85beb73-groupManagement] INFO  server.RaftServerConfigKeys (ConfUtils.java:logGet(46)) - raft.server.leaderelection.leader.step-down.wait-time = 10s (default)
2024-01-26 13:20:13,988 [056f2df6-7490-4bed-a807-334fa85beb73-groupManagement] INFO  server.RaftServerConfigKeys (ConfUtils.java:logGet(46)) - raft.server.leaderelection.member.majority-add = false (default)
2024-01-26 13:20:13,988 [056f2df6-7490-4bed-a807-334fa85beb73-groupManagement] INFO  server.RaftServerConfigKeys (ConfUtils.java:logGet(46)) - raft.server.sleep.deviation.threshold = 300ms (default)
2024-01-26 13:20:13,988 [056f2df6-7490-4bed-a807-334fa85beb73-groupManagement] INFO  server.RaftServer$Division (ServerState.java:<init>(113)) - 056f2df6-7490-4bed-a807-334fa85beb73@group-0B0F12EFC87E: ConfigurationManager, init=-1: peers:[2800087d-98cc-4731-8fb3-504dcca9d3e0|10.1.0.20:15121, d656e8e6-3e99-480b-bf88-fcaebe65a6ea|10.1.0.20:15112, 056f2df6-7490-4bed-a807-334fa85beb73|10.1.0.20:15103]|listeners:[], old=null, confs=<EMPTY_MAP>
2024-01-26 13:20:13,989 [056f2df6-7490-4bed-a807-334fa85beb73-groupManagement] INFO  server.RaftServerConfigKeys (ConfUtils.java:logGet(46)) - raft.server.notification.no-leader.timeout = 300000ms (custom)
2024-01-26 13:20:13,989 [056f2df6-7490-4bed-a807-334fa85beb73-groupManagement] INFO  server.RaftServerConfigKeys (ConfUtils.java:logGet(46)) - raft.server.read.timeout = 10s (default)
2024-01-26 13:20:13,989 [056f2df6-7490-4bed-a807-334fa85beb73-groupManagement] INFO  server.RaftServerConfigKeys (ConfUtils.java:logGet(46)) - raft.server.retrycache.expirytime = 600000ms (custom)
2024-01-26 13:20:13,989 [056f2df6-7490-4bed-a807-334fa85beb73-groupManagement] INFO  server.RaftServerConfigKeys (ConfUtils.java:logGet(46)) - raft.server.retrycache.statistics.expirytime = 100ms (default)
2024-01-26 13:20:13,989 [056f2df6-7490-4bed-a807-334fa85beb73-groupManagement] INFO  server.RaftServerConfigKeys (ConfUtils.java:logGet(46)) - raft.server.read.option = DEFAULT (default)
2024-01-26 13:20:13,989 [056f2df6-7490-4bed-a807-334fa85beb73-groupManagement] INFO  server.RaftServerConfigKeys (ConfUtils.java:logGet(46)) - raft.server.read.read-after-write-consistent.write-index-cache.expiry-time = 60s (default)
2024-01-26 13:20:13,991 [056f2df6-7490-4bed-a807-334fa85beb73-groupManagement] INFO  server.RaftServerConfigKeys (ConfUtils.java:logGet(46)) - raft.server.rpc.request.timeout = 3000ms (default)
2024-01-26 13:20:13,992 [056f2df6-7490-4bed-a807-334fa85beb73-groupManagement] INFO  server.RaftServerConfigKeys (ConfUtils.java:logGet(46)) - raft.server.log.appender.install.snapshot.enabled = false (custom)
2024-01-26 13:20:13,992 [056f2df6-7490-4bed-a807-334fa85beb73-groupManagement] INFO  server.RaftServerConfigKeys (ConfUtils.java:logGet(46)) - raft.server.threadpool.server.cached = true (default)
2024-01-26 13:20:13,992 [056f2df6-7490-4bed-a807-334fa85beb73-groupManagement] INFO  server.RaftServerConfigKeys (ConfUtils.java:logGet(46)) - raft.server.threadpool.server.size = 0 (default)
2024-01-26 13:20:13,992 [056f2df6-7490-4bed-a807-334fa85beb73-groupManagement] INFO  server.RaftServerConfigKeys (ConfUtils.java:logGet(46)) - raft.server.threadpool.client.cached = true (default)
2024-01-26 13:20:13,992 [056f2df6-7490-4bed-a807-334fa85beb73-groupManagement] INFO  server.RaftServerConfigKeys (ConfUtils.java:logGet(46)) - raft.server.threadpool.client.size = 0 (default)
2024-01-26 13:20:13,992 [056f2df6-7490-4bed-a807-334fa85beb73-groupManagement] INFO  server.RaftServerConfigKeys (ConfUtils.java:logGet(46)) - raft.server.storage.free-space.min = 0MB (=0) (default)
2024-01-26 13:20:13,992 [056f2df6-7490-4bed-a807-334fa85beb73-groupManagement] INFO  server.RaftServerConfigKeys (ConfUtils.java:logGet(46)) - raft.server.log.corruption.policy = EXCEPTION (default)
2024-01-26 13:20:13,992 [056f2df6-7490-4bed-a807-334fa85beb73-groupManagement] INFO  server.RaftServerConfigKeys (ConfUtils.java:logGet(46)) - raft.server.storage.dir = [/home/runner/work/ozone/ozone/hadoop-ozone/integration-test/target/test-dir/MiniOzoneClusterImpl-6bed2868-cd70-4a3d-a9ed-67052a48ddc2/datanode-0/data/ratis] (custom)
2024-01-26 13:20:13,992 [056f2df6-7490-4bed-a807-334fa85beb73-groupManagement] INFO  storage.RaftStorageDirectory (RaftStorageDirectoryImpl.java:analyzeStorage(138)) - The storage directory /home/runner/work/ozone/ozone/hadoop-ozone/integration-test/target/test-dir/MiniOzoneClusterImpl-6bed2868-cd70-4a3d-a9ed-67052a48ddc2/datanode-0/data/ratis/3c010fba-05cc-4306-bf6e-0b0f12efc87e does not exist. Creating ...
2024-01-26 13:20:13,993 [056f2df6-7490-4bed-a807-334fa85beb73-groupManagement] INFO  storage.RaftStorageDirectory (RaftStorageDirectoryImpl.java:tryLock(228)) - Lock on /home/runner/work/ozone/ozone/hadoop-ozone/integration-test/target/test-dir/MiniOzoneClusterImpl-6bed2868-cd70-4a3d-a9ed-67052a48ddc2/datanode-0/data/ratis/3c010fba-05cc-4306-bf6e-0b0f12efc87e/in_use.lock acquired by nodename 73218@fv-az983-443
2024-01-26 13:20:13,995 [056f2df6-7490-4bed-a807-334fa85beb73-groupManagement] INFO  storage.RaftStorage (RaftStorageImpl.java:format(99)) - Storage directory /home/runner/work/ozone/ozone/hadoop-ozone/integration-test/target/test-dir/MiniOzoneClusterImpl-6bed2868-cd70-4a3d-a9ed-67052a48ddc2/datanode-0/data/ratis/3c010fba-05cc-4306-bf6e-0b0f12efc87e has been successfully formatted.
2024-01-26 13:20:13,995 [056f2df6-7490-4bed-a807-334fa85beb73-groupManagement] WARN  util.FileUtils (LogUtils.java:supplyAndLog(63)) - Failed to Files.newInputStream /home/runner/work/ozone/ozone/hadoop-ozone/integration-test/target/test-dir/MiniOzoneClusterImpl-6bed2868-cd70-4a3d-a9ed-67052a48ddc2/datanode-0/data/ratis/3c010fba-05cc-4306-bf6e-0b0f12efc87e/current/raft-meta.conf with options []: java.nio.file.NoSuchFileException: /home/runner/work/ozone/ozone/hadoop-ozone/integration-test/target/test-dir/MiniOzoneClusterImpl-6bed2868-cd70-4a3d-a9ed-67052a48ddc2/datanode-0/data/ratis/3c010fba-05cc-4306-bf6e-0b0f12efc87e/current/raft-meta.conf
2024-01-26 13:20:13,995 [056f2df6-7490-4bed-a807-334fa85beb73-groupManagement] INFO  ratis.ContainerStateMachine (ContainerStateMachine.java:loadSnapshot(287)) - group-0B0F12EFC87E: The snapshot info is null. Setting the last applied index to:(t:0, i:~)
2024-01-26 13:20:13,995 [056f2df6-7490-4bed-a807-334fa85beb73-groupManagement] INFO  server.RaftServerConfigKeys (ConfUtils.java:logGet(46)) - raft.server.log.use.memory = false (default)
2024-01-26 13:20:13,995 [056f2df6-7490-4bed-a807-334fa85beb73-groupManagement] INFO  server.RaftServerConfigKeys (ConfUtils.java:logGet(46)) - raft.server.log.purge.gap = 1000000 (custom)
2024-01-26 13:20:13,995 [056f2df6-7490-4bed-a807-334fa85beb73-groupManagement] INFO  server.RaftServerConfigKeys (ConfUtils.java:logGet(46)) - raft.server.log.appender.buffer.byte-limit = 8388608 (custom)
2024-01-26 13:20:13,996 [056f2df6-7490-4bed-a807-334fa85beb73-groupManagement] INFO  server.RaftServerConfigKeys (ConfUtils.java:logGet(46)) - raft.server.log.statemachine.data.read.timeout = 1000ms (default)
2024-01-26 13:20:13,996 [056f2df6-7490-4bed-a807-334fa85beb73-groupManagement] INFO  server.RaftServerConfigKeys (ConfUtils.java:logGet(46)) - raft.server.log.purge.preservation.log.num = 0 (default)
2024-01-26 13:20:13,996 [EventQueue-OpenPipelineForHealthyPipelineSafeModeRule] INFO  safemode.SCMSafeModeManager (HealthyPipelineSafeModeRule.java:process(140)) - SCM in safe mode. Healthy pipelines reported count is 0, required healthy pipeline reported count is 1
2024-01-26 13:20:13,997 [056f2df6-7490-4bed-a807-334fa85beb73-groupManagement] INFO  server.RaftServerConfigKeys (ConfUtils.java:logGet(46)) - raft.server.log.segment.size.max = 67108864 (custom)
2024-01-26 13:20:13,997 [056f2df6-7490-4bed-a807-334fa85beb73-groupManagement] INFO  server.RaftServerConfigKeys (ConfUtils.java:logGet(46)) - raft.server.log.segment.cache.num.max = 2 (custom)
2024-01-26 13:20:13,997 [056f2df6-7490-4bed-a807-334fa85beb73-groupManagement] INFO  server.RaftServerConfigKeys (ConfUtils.java:logGet(46)) - raft.server.log.segment.cache.size.max = 200MB (=209715200) (default)
2024-01-26 13:20:13,997 [056f2df6-7490-4bed-a807-334fa85beb73-groupManagement] INFO  server.RaftServerConfigKeys (ConfUtils.java:logGet(46)) - raft.server.log.appender.buffer.byte-limit = 8388608 (custom)
2024-01-26 13:20:13,997 [056f2df6-7490-4bed-a807-334fa85beb73-groupManagement] INFO  util.AwaitToRun (AwaitToRun.java:start(81)) - Thread[056f2df6-7490-4bed-a807-334fa85beb73@group-0B0F12EFC87E-cacheEviction-AwaitToRun,5,main] started
2024-01-26 13:20:13,998 [056f2df6-7490-4bed-a807-334fa85beb73-groupManagement] INFO  segmented.SegmentedRaftLogWorker (SegmentedRaftLogWorker.java:<init>(182)) - new 056f2df6-7490-4bed-a807-334fa85beb73@group-0B0F12EFC87E-SegmentedRaftLogWorker for RaftStorageImpl:Storage Directory /home/runner/work/ozone/ozone/hadoop-ozone/integration-test/target/test-dir/MiniOzoneClusterImpl-6bed2868-cd70-4a3d-a9ed-67052a48ddc2/datanode-0/data/ratis/3c010fba-05cc-4306-bf6e-0b0f12efc87e
2024-01-26 13:20:13,998 [056f2df6-7490-4bed-a807-334fa85beb73-groupManagement] INFO  server.RaftServerConfigKeys (ConfUtils.java:logGet(46)) - raft.server.log.queue.byte-limit = 4294967296 (custom)
2024-01-26 13:20:13,998 [056f2df6-7490-4bed-a807-334fa85beb73-groupManagement] INFO  server.RaftServerConfigKeys (ConfUtils.java:logGet(46)) - raft.server.log.queue.element-limit = 1024 (custom)
2024-01-26 13:20:13,998 [056f2df6-7490-4bed-a807-334fa85beb73-groupManagement] INFO  server.RaftServerConfigKeys (ConfUtils.java:logGet(46)) - raft.server.log.segment.size.max = 67108864 (custom)
2024-01-26 13:20:13,998 [056f2df6-7490-4bed-a807-334fa85beb73-groupManagement] INFO  server.RaftServerConfigKeys (ConfUtils.java:logGet(46)) - raft.server.log.preallocated.size = 4194304 (custom)
2024-01-26 13:20:13,998 [056f2df6-7490-4bed-a807-334fa85beb73-groupManagement] INFO  server.RaftServerConfigKeys (ConfUtils.java:logGet(46)) - raft.server.log.force.sync.num = 128 (default)
2024-01-26 13:20:13,998 [056f2df6-7490-4bed-a807-334fa85beb73-groupManagement] INFO  server.RaftServerConfigKeys (ConfUtils.java:logGet(46)) - raft.server.log.statemachine.data.sync = true (default)
2024-01-26 13:20:13,998 [056f2df6-7490-4bed-a807-334fa85beb73-groupManagement] INFO  server.RaftServerConfigKeys (ConfUtils.java:logGet(46)) - raft.server.log.statemachine.data.sync.timeout = 10s (default)
2024-01-26 13:20:13,998 [056f2df6-7490-4bed-a807-334fa85beb73-groupManagement] INFO  server.RaftServerConfigKeys (ConfUtils.java:logGet(46)) - raft.server.log.statemachine.data.sync.timeout.retry = 0 (custom)
2024-01-26 13:20:13,999 [056f2df6-7490-4bed-a807-334fa85beb73-groupManagement] INFO  server.RaftServerConfigKeys (ConfUtils.java:logGet(46)) - raft.server.log.write.buffer.size = 8388616 (custom)
2024-01-26 13:20:14,000 [056f2df6-7490-4bed-a807-334fa85beb73-groupManagement] INFO  server.RaftServerConfigKeys (ConfUtils.java:logGet(46)) - raft.server.log.appender.buffer.byte-limit = 8388608 (custom)
2024-01-26 13:20:14,000 [056f2df6-7490-4bed-a807-334fa85beb73-groupManagement] INFO  server.RaftServerConfigKeys (ConfUtils.java:logGet(46)) - raft.server.log.unsafe-flush.enabled = false (default)
2024-01-26 13:20:14,000 [056f2df6-7490-4bed-a807-334fa85beb73-groupManagement] INFO  server.RaftServerConfigKeys (ConfUtils.java:logGet(46)) - raft.server.log.async-flush.enabled = false (default)
2024-01-26 13:20:14,000 [056f2df6-7490-4bed-a807-334fa85beb73-groupManagement] INFO  server.RaftServerConfigKeys (ConfUtils.java:logGet(46)) - raft.server.log.statemachine.data.caching.enabled = true (custom)
2024-01-26 13:20:14,001 [056f2df6-7490-4bed-a807-334fa85beb73-groupManagement] INFO  segmented.SegmentedRaftLogWorker (SegmentedRaftLogWorker.java:lambda$new$0(134)) - 056f2df6-7490-4bed-a807-334fa85beb73@group-0B0F12EFC87E-SegmentedRaftLogWorker: flushIndex: setUnconditionally 0 -> -1
2024-01-26 13:20:14,001 [056f2df6-7490-4bed-a807-334fa85beb73-groupManagement] INFO  segmented.SegmentedRaftLogWorker (SegmentedRaftLogWorker.java:lambda$new$0(134)) - 056f2df6-7490-4bed-a807-334fa85beb73@group-0B0F12EFC87E-SegmentedRaftLogWorker: safeCacheEvictIndex: setUnconditionally 0 -> -1
2024-01-26 13:20:14,001 [056f2df6-7490-4bed-a807-334fa85beb73-groupManagement] INFO  server.RaftServer$Division (RaftServerImpl.java:start(396)) - 056f2df6-7490-4bed-a807-334fa85beb73@group-0B0F12EFC87E: start as a follower, conf=-1: peers:[2800087d-98cc-4731-8fb3-504dcca9d3e0|10.1.0.20:15121, d656e8e6-3e99-480b-bf88-fcaebe65a6ea|10.1.0.20:15112, 056f2df6-7490-4bed-a807-334fa85beb73|10.1.0.20:15103]|listeners:[], old=null
2024-01-26 13:20:14,001 [056f2df6-7490-4bed-a807-334fa85beb73-groupManagement] INFO  server.RaftServer$Division (RaftServerImpl.java:setRole(383)) - 056f2df6-7490-4bed-a807-334fa85beb73@group-0B0F12EFC87E: changes role from      null to FOLLOWER at term 0 for startAsFollower
2024-01-26 13:20:14,002 [056f2df6-7490-4bed-a807-334fa85beb73-groupManagement] INFO  impl.RoleInfo (RoleInfo.java:updateAndGet(139)) - 056f2df6-7490-4bed-a807-334fa85beb73: start 056f2df6-7490-4bed-a807-334fa85beb73@group-0B0F12EFC87E-FollowerState
2024-01-26 13:20:14,002 [056f2df6-7490-4bed-a807-334fa85beb73@group-0B0F12EFC87E-FollowerState] INFO  server.RaftServerConfigKeys (ConfUtils.java:logFallback(53)) - raft.server.rpc.first-election.timeout.min = 5s (fallback to raft.server.rpc.timeout.min)
2024-01-26 13:20:14,002 [056f2df6-7490-4bed-a807-334fa85beb73@group-0B0F12EFC87E-FollowerState] INFO  server.RaftServerConfigKeys (ConfUtils.java:logFallback(53)) - raft.server.rpc.first-election.timeout.max = 5200ms (fallback to raft.server.rpc.timeout.max)
2024-01-26 13:20:14,002 [056f2df6-7490-4bed-a807-334fa85beb73-groupManagement] INFO  util.JmxRegister (JmxRegister.java:tryRegister(44)) - Successfully registered JMX Bean with object name Ratis:service=RaftServer,group=group-0B0F12EFC87E,id=056f2df6-7490-4bed-a807-334fa85beb73
2024-01-26 13:20:14,002 [056f2df6-7490-4bed-a807-334fa85beb73-groupManagement] INFO  server.RaftServerConfigKeys (ConfUtils.java:logGet(46)) - raft.server.snapshot.trigger-when-stop.enabled = true (default)
2024-01-26 13:20:14,002 [056f2df6-7490-4bed-a807-334fa85beb73-groupManagement] INFO  server.RaftServerConfigKeys (ConfUtils.java:logGet(46)) - raft.server.snapshot.auto.trigger.enabled = true (custom)
2024-01-26 13:20:14,002 [056f2df6-7490-4bed-a807-334fa85beb73-groupManagement] INFO  server.RaftServerConfigKeys (ConfUtils.java:logGet(46)) - raft.server.snapshot.auto.trigger.threshold = 10000 (custom)
2024-01-26 13:20:14,002 [056f2df6-7490-4bed-a807-334fa85beb73-groupManagement] INFO  server.RaftServerConfigKeys (ConfUtils.java:logGet(46)) - raft.server.snapshot.retention.file.num = 5 (custom)
2024-01-26 13:20:14,002 [056f2df6-7490-4bed-a807-334fa85beb73-groupManagement] INFO  server.RaftServerConfigKeys (ConfUtils.java:logGet(46)) - raft.server.log.purge.upto.snapshot.index = false (default)
2024-01-26 13:20:14,003 [056f2df6-7490-4bed-a807-334fa85beb73-PipelineCommandHandlerThread-0] INFO  ratis.XceiverServerRatis (XceiverServerRatis.java:addGroup(842)) - Created group PipelineID=3c010fba-05cc-4306-bf6e-0b0f12efc87e
2024-01-26 13:20:14,011 [grpc-default-executor-0] INFO  server.RaftServer (RaftServerProxy.java:addNew(100)) - 2800087d-98cc-4731-8fb3-504dcca9d3e0: addNew group-0B0F12EFC87E:[2800087d-98cc-4731-8fb3-504dcca9d3e0|10.1.0.20:15121, d656e8e6-3e99-480b-bf88-fcaebe65a6ea|10.1.0.20:15112, 056f2df6-7490-4bed-a807-334fa85beb73|10.1.0.20:15103] returns group-0B0F12EFC87E:java.util.concurrent.CompletableFuture@4786986[Not completed]
2024-01-26 13:20:14,011 [2800087d-98cc-4731-8fb3-504dcca9d3e0-groupManagement] INFO  server.RaftServer$Division (RaftServerImpl.java:<init>(256)) - 2800087d-98cc-4731-8fb3-504dcca9d3e0: new RaftServerImpl for group-0B0F12EFC87E:[2800087d-98cc-4731-8fb3-504dcca9d3e0|10.1.0.20:15121, d656e8e6-3e99-480b-bf88-fcaebe65a6ea|10.1.0.20:15112, 056f2df6-7490-4bed-a807-334fa85beb73|10.1.0.20:15103] with ContainerStateMachine:uninitialized
2024-01-26 13:20:14,011 [2800087d-98cc-4731-8fb3-504dcca9d3e0-groupManagement] INFO  server.RaftServerConfigKeys (ConfUtils.java:logGet(46)) - raft.server.rpc.timeout.min = 5s (custom)
2024-01-26 13:20:14,011 [2800087d-98cc-4731-8fb3-504dcca9d3e0-groupManagement] INFO  server.RaftServerConfigKeys (ConfUtils.java:logGet(46)) - raft.server.rpc.timeout.max = 5200ms (custom)
2024-01-26 13:20:14,011 [2800087d-98cc-4731-8fb3-504dcca9d3e0-groupManagement] INFO  server.RaftServerConfigKeys (ConfUtils.java:logGet(46)) - raft.server.rpc.sleep.time = 25ms (default)
2024-01-26 13:20:14,012 [2800087d-98cc-4731-8fb3-504dcca9d3e0-groupManagement] INFO  server.RaftServerConfigKeys (ConfUtils.java:logGet(46)) - raft.server.rpc.slowness.timeout = 300000ms (custom)
2024-01-26 13:20:14,012 [2800087d-98cc-4731-8fb3-504dcca9d3e0-groupManagement] INFO  server.RaftServerConfigKeys (ConfUtils.java:logGet(46)) - raft.server.leaderelection.leader.step-down.wait-time = 10s (default)
2024-01-26 13:20:14,012 [2800087d-98cc-4731-8fb3-504dcca9d3e0-groupManagement] INFO  server.RaftServerConfigKeys (ConfUtils.java:logGet(46)) - raft.server.leaderelection.member.majority-add = false (default)
2024-01-26 13:20:14,012 [2800087d-98cc-4731-8fb3-504dcca9d3e0-groupManagement] INFO  server.RaftServerConfigKeys (ConfUtils.java:logGet(46)) - raft.server.sleep.deviation.threshold = 300ms (default)
2024-01-26 13:20:14,012 [2800087d-98cc-4731-8fb3-504dcca9d3e0-groupManagement] INFO  server.RaftServer$Division (ServerState.java:<init>(113)) - 2800087d-98cc-4731-8fb3-504dcca9d3e0@group-0B0F12EFC87E: ConfigurationManager, init=-1: peers:[2800087d-98cc-4731-8fb3-504dcca9d3e0|10.1.0.20:15121, d656e8e6-3e99-480b-bf88-fcaebe65a6ea|10.1.0.20:15112, 056f2df6-7490-4bed-a807-334fa85beb73|10.1.0.20:15103]|listeners:[], old=null, confs=<EMPTY_MAP>
2024-01-26 13:20:14,012 [2800087d-98cc-4731-8fb3-504dcca9d3e0-groupManagement] INFO  server.RaftServerConfigKeys (ConfUtils.java:logGet(46)) - raft.server.notification.no-leader.timeout = 300000ms (custom)
2024-01-26 13:20:14,012 [2800087d-98cc-4731-8fb3-504dcca9d3e0-groupManagement] INFO  server.RaftServerConfigKeys (ConfUtils.java:logGet(46)) - raft.server.read.timeout = 10s (default)
2024-01-26 13:20:14,012 [2800087d-98cc-4731-8fb3-504dcca9d3e0-groupManagement] INFO  server.RaftServerConfigKeys (ConfUtils.java:logGet(46)) - raft.server.retrycache.expirytime = 600000ms (custom)
2024-01-26 13:20:14,012 [2800087d-98cc-4731-8fb3-504dcca9d3e0-groupManagement] INFO  server.RaftServerConfigKeys (ConfUtils.java:logGet(46)) - raft.server.retrycache.statistics.expirytime = 100ms (default)
2024-01-26 13:20:14,012 [2800087d-98cc-4731-8fb3-504dcca9d3e0-groupManagement] INFO  server.RaftServerConfigKeys (ConfUtils.java:logGet(46)) - raft.server.read.option = DEFAULT (default)
2024-01-26 13:20:14,012 [2800087d-98cc-4731-8fb3-504dcca9d3e0-groupManagement] INFO  server.RaftServerConfigKeys (ConfUtils.java:logGet(46)) - raft.server.read.read-after-write-consistent.write-index-cache.expiry-time = 60s (default)
2024-01-26 13:20:14,014 [2800087d-98cc-4731-8fb3-504dcca9d3e0-groupManagement] INFO  server.RaftServerConfigKeys (ConfUtils.java:logGet(46)) - raft.server.rpc.request.timeout = 3000ms (default)
2024-01-26 13:20:14,014 [2800087d-98cc-4731-8fb3-504dcca9d3e0-groupManagement] INFO  server.RaftServerConfigKeys (ConfUtils.java:logGet(46)) - raft.server.log.appender.install.snapshot.enabled = false (custom)
2024-01-26 13:20:14,014 [2800087d-98cc-4731-8fb3-504dcca9d3e0-groupManagement] INFO  server.RaftServerConfigKeys (ConfUtils.java:logGet(46)) - raft.server.threadpool.server.cached = true (default)
2024-01-26 13:20:14,014 [2800087d-98cc-4731-8fb3-504dcca9d3e0-groupManagement] INFO  server.RaftServerConfigKeys (ConfUtils.java:logGet(46)) - raft.server.threadpool.server.size = 0 (default)
2024-01-26 13:20:14,014 [2800087d-98cc-4731-8fb3-504dcca9d3e0-groupManagement] INFO  server.RaftServerConfigKeys (ConfUtils.java:logGet(46)) - raft.server.threadpool.client.cached = true (default)
2024-01-26 13:20:14,014 [2800087d-98cc-4731-8fb3-504dcca9d3e0-groupManagement] INFO  server.RaftServerConfigKeys (ConfUtils.java:logGet(46)) - raft.server.threadpool.client.size = 0 (default)
2024-01-26 13:20:14,014 [2800087d-98cc-4731-8fb3-504dcca9d3e0-groupManagement] INFO  server.RaftServerConfigKeys (ConfUtils.java:logGet(46)) - raft.server.storage.free-space.min = 0MB (=0) (default)
2024-01-26 13:20:14,014 [2800087d-98cc-4731-8fb3-504dcca9d3e0-groupManagement] INFO  server.RaftServerConfigKeys (ConfUtils.java:logGet(46)) - raft.server.log.corruption.policy = EXCEPTION (default)
2024-01-26 13:20:14,014 [2800087d-98cc-4731-8fb3-504dcca9d3e0-groupManagement] INFO  server.RaftServerConfigKeys (ConfUtils.java:logGet(46)) - raft.server.storage.dir = [/home/runner/work/ozone/ozone/hadoop-ozone/integration-test/target/test-dir/MiniOzoneClusterImpl-6bed2868-cd70-4a3d-a9ed-67052a48ddc2/datanode-2/data/ratis] (custom)
2024-01-26 13:20:14,015 [2800087d-98cc-4731-8fb3-504dcca9d3e0-groupManagement] INFO  storage.RaftStorageDirectory (RaftStorageDirectoryImpl.java:analyzeStorage(138)) - The storage directory /home/runner/work/ozone/ozone/hadoop-ozone/integration-test/target/test-dir/MiniOzoneClusterImpl-6bed2868-cd70-4a3d-a9ed-67052a48ddc2/datanode-2/data/ratis/3c010fba-05cc-4306-bf6e-0b0f12efc87e does not exist. Creating ...
2024-01-26 13:20:14,015 [2800087d-98cc-4731-8fb3-504dcca9d3e0-groupManagement] INFO  storage.RaftStorageDirectory (RaftStorageDirectoryImpl.java:tryLock(228)) - Lock on /home/runner/work/ozone/ozone/hadoop-ozone/integration-test/target/test-dir/MiniOzoneClusterImpl-6bed2868-cd70-4a3d-a9ed-67052a48ddc2/datanode-2/data/ratis/3c010fba-05cc-4306-bf6e-0b0f12efc87e/in_use.lock acquired by nodename 73218@fv-az983-443
2024-01-26 13:20:14,016 [2800087d-98cc-4731-8fb3-504dcca9d3e0-groupManagement] INFO  storage.RaftStorage (RaftStorageImpl.java:format(99)) - Storage directory /home/runner/work/ozone/ozone/hadoop-ozone/integration-test/target/test-dir/MiniOzoneClusterImpl-6bed2868-cd70-4a3d-a9ed-67052a48ddc2/datanode-2/data/ratis/3c010fba-05cc-4306-bf6e-0b0f12efc87e has been successfully formatted.
2024-01-26 13:20:14,017 [2800087d-98cc-4731-8fb3-504dcca9d3e0-groupManagement] WARN  util.FileUtils (LogUtils.java:supplyAndLog(63)) - Failed to Files.newInputStream /home/runner/work/ozone/ozone/hadoop-ozone/integration-test/target/test-dir/MiniOzoneClusterImpl-6bed2868-cd70-4a3d-a9ed-67052a48ddc2/datanode-2/data/ratis/3c010fba-05cc-4306-bf6e-0b0f12efc87e/current/raft-meta.conf with options []: java.nio.file.NoSuchFileException: /home/runner/work/ozone/ozone/hadoop-ozone/integration-test/target/test-dir/MiniOzoneClusterImpl-6bed2868-cd70-4a3d-a9ed-67052a48ddc2/datanode-2/data/ratis/3c010fba-05cc-4306-bf6e-0b0f12efc87e/current/raft-meta.conf
2024-01-26 13:20:14,017 [2800087d-98cc-4731-8fb3-504dcca9d3e0-groupManagement] INFO  ratis.ContainerStateMachine (ContainerStateMachine.java:loadSnapshot(287)) - group-0B0F12EFC87E: The snapshot info is null. Setting the last applied index to:(t:0, i:~)
2024-01-26 13:20:14,018 [2800087d-98cc-4731-8fb3-504dcca9d3e0-groupManagement] INFO  server.RaftServerConfigKeys (ConfUtils.java:logGet(46)) - raft.server.log.use.memory = false (default)
2024-01-26 13:20:14,018 [2800087d-98cc-4731-8fb3-504dcca9d3e0-groupManagement] INFO  server.RaftServerConfigKeys (ConfUtils.java:logGet(46)) - raft.server.log.purge.gap = 1000000 (custom)
2024-01-26 13:20:14,018 [2800087d-98cc-4731-8fb3-504dcca9d3e0-groupManagement] INFO  server.RaftServerConfigKeys (ConfUtils.java:logGet(46)) - raft.server.log.appender.buffer.byte-limit = 8388608 (custom)
2024-01-26 13:20:14,018 [2800087d-98cc-4731-8fb3-504dcca9d3e0-groupManagement] INFO  server.RaftServerConfigKeys (ConfUtils.java:logGet(46)) - raft.server.log.statemachine.data.read.timeout = 1000ms (default)
2024-01-26 13:20:14,018 [2800087d-98cc-4731-8fb3-504dcca9d3e0-groupManagement] INFO  server.RaftServerConfigKeys (ConfUtils.java:logGet(46)) - raft.server.log.purge.preservation.log.num = 0 (default)
2024-01-26 13:20:14,019 [2800087d-98cc-4731-8fb3-504dcca9d3e0-groupManagement] INFO  server.RaftServerConfigKeys (ConfUtils.java:logGet(46)) - raft.server.log.segment.size.max = 67108864 (custom)
2024-01-26 13:20:14,019 [2800087d-98cc-4731-8fb3-504dcca9d3e0-groupManagement] INFO  server.RaftServerConfigKeys (ConfUtils.java:logGet(46)) - raft.server.log.segment.cache.num.max = 2 (custom)
2024-01-26 13:20:14,019 [2800087d-98cc-4731-8fb3-504dcca9d3e0-groupManagement] INFO  server.RaftServerConfigKeys (ConfUtils.java:logGet(46)) - raft.server.log.segment.cache.size.max = 200MB (=209715200) (default)
2024-01-26 13:20:14,020 [2800087d-98cc-4731-8fb3-504dcca9d3e0-groupManagement] INFO  server.RaftServerConfigKeys (ConfUtils.java:logGet(46)) - raft.server.log.appender.buffer.byte-limit = 8388608 (custom)
2024-01-26 13:20:14,020 [2800087d-98cc-4731-8fb3-504dcca9d3e0-groupManagement] INFO  util.AwaitToRun (AwaitToRun.java:start(81)) - Thread[2800087d-98cc-4731-8fb3-504dcca9d3e0@group-0B0F12EFC87E-cacheEviction-AwaitToRun,5,main] started
2024-01-26 13:20:14,020 [2800087d-98cc-4731-8fb3-504dcca9d3e0-groupManagement] INFO  segmented.SegmentedRaftLogWorker (SegmentedRaftLogWorker.java:<init>(182)) - new 2800087d-98cc-4731-8fb3-504dcca9d3e0@group-0B0F12EFC87E-SegmentedRaftLogWorker for RaftStorageImpl:Storage Directory /home/runner/work/ozone/ozone/hadoop-ozone/integration-test/target/test-dir/MiniOzoneClusterImpl-6bed2868-cd70-4a3d-a9ed-67052a48ddc2/datanode-2/data/ratis/3c010fba-05cc-4306-bf6e-0b0f12efc87e
2024-01-26 13:20:14,021 [2800087d-98cc-4731-8fb3-504dcca9d3e0-groupManagement] INFO  server.RaftServerConfigKeys (ConfUtils.java:logGet(46)) - raft.server.log.queue.byte-limit = 4294967296 (custom)
2024-01-26 13:20:14,021 [2800087d-98cc-4731-8fb3-504dcca9d3e0-groupManagement] INFO  server.RaftServerConfigKeys (ConfUtils.java:logGet(46)) - raft.server.log.queue.element-limit = 1024 (custom)
2024-01-26 13:20:14,021 [2800087d-98cc-4731-8fb3-504dcca9d3e0-groupManagement] INFO  server.RaftServerConfigKeys (ConfUtils.java:logGet(46)) - raft.server.log.segment.size.max = 67108864 (custom)
2024-01-26 13:20:14,021 [2800087d-98cc-4731-8fb3-504dcca9d3e0-groupManagement] INFO  server.RaftServerConfigKeys (ConfUtils.java:logGet(46)) - raft.server.log.preallocated.size = 4194304 (custom)
2024-01-26 13:20:14,021 [2800087d-98cc-4731-8fb3-504dcca9d3e0-groupManagement] INFO  server.RaftServerConfigKeys (ConfUtils.java:logGet(46)) - raft.server.log.force.sync.num = 128 (default)
2024-01-26 13:20:14,021 [2800087d-98cc-4731-8fb3-504dcca9d3e0-groupManagement] INFO  server.RaftServerConfigKeys (ConfUtils.java:logGet(46)) - raft.server.log.statemachine.data.sync = true (default)
2024-01-26 13:20:14,021 [2800087d-98cc-4731-8fb3-504dcca9d3e0-groupManagement] INFO  server.RaftServerConfigKeys (ConfUtils.java:logGet(46)) - raft.server.log.statemachine.data.sync.timeout = 10s (default)
2024-01-26 13:20:14,021 [2800087d-98cc-4731-8fb3-504dcca9d3e0-groupManagement] INFO  server.RaftServerConfigKeys (ConfUtils.java:logGet(46)) - raft.server.log.statemachine.data.sync.timeout.retry = 0 (custom)
2024-01-26 13:20:14,022 [2800087d-98cc-4731-8fb3-504dcca9d3e0-groupManagement] INFO  server.RaftServerConfigKeys (ConfUtils.java:logGet(46)) - raft.server.log.write.buffer.size = 8388616 (custom)
2024-01-26 13:20:14,024 [2800087d-98cc-4731-8fb3-504dcca9d3e0-groupManagement] INFO  server.RaftServerConfigKeys (ConfUtils.java:logGet(46)) - raft.server.log.appender.buffer.byte-limit = 8388608 (custom)
2024-01-26 13:20:14,024 [2800087d-98cc-4731-8fb3-504dcca9d3e0-groupManagement] INFO  server.RaftServerConfigKeys (ConfUtils.java:logGet(46)) - raft.server.log.unsafe-flush.enabled = false (default)
2024-01-26 13:20:14,024 [2800087d-98cc-4731-8fb3-504dcca9d3e0-groupManagement] INFO  server.RaftServerConfigKeys (ConfUtils.java:logGet(46)) - raft.server.log.async-flush.enabled = false (default)
2024-01-26 13:20:14,024 [2800087d-98cc-4731-8fb3-504dcca9d3e0-groupManagement] INFO  server.RaftServerConfigKeys (ConfUtils.java:logGet(46)) - raft.server.log.statemachine.data.caching.enabled = true (custom)
2024-01-26 13:20:14,024 [2800087d-98cc-4731-8fb3-504dcca9d3e0-groupManagement] INFO  segmented.SegmentedRaftLogWorker (SegmentedRaftLogWorker.java:lambda$new$0(134)) - 2800087d-98cc-4731-8fb3-504dcca9d3e0@group-0B0F12EFC87E-SegmentedRaftLogWorker: flushIndex: setUnconditionally 0 -> -1
2024-01-26 13:20:14,024 [2800087d-98cc-4731-8fb3-504dcca9d3e0-groupManagement] INFO  segmented.SegmentedRaftLogWorker (SegmentedRaftLogWorker.java:lambda$new$0(134)) - 2800087d-98cc-4731-8fb3-504dcca9d3e0@group-0B0F12EFC87E-SegmentedRaftLogWorker: safeCacheEvictIndex: setUnconditionally 0 -> -1
2024-01-26 13:20:14,027 [2800087d-98cc-4731-8fb3-504dcca9d3e0-groupManagement] INFO  server.RaftServer$Division (RaftServerImpl.java:start(396)) - 2800087d-98cc-4731-8fb3-504dcca9d3e0@group-0B0F12EFC87E: start as a follower, conf=-1: peers:[2800087d-98cc-4731-8fb3-504dcca9d3e0|10.1.0.20:15121, d656e8e6-3e99-480b-bf88-fcaebe65a6ea|10.1.0.20:15112, 056f2df6-7490-4bed-a807-334fa85beb73|10.1.0.20:15103]|listeners:[], old=null
2024-01-26 13:20:14,027 [2800087d-98cc-4731-8fb3-504dcca9d3e0-groupManagement] INFO  server.RaftServer$Division (RaftServerImpl.java:setRole(383)) - 2800087d-98cc-4731-8fb3-504dcca9d3e0@group-0B0F12EFC87E: changes role from      null to FOLLOWER at term 0 for startAsFollower
2024-01-26 13:20:14,027 [2800087d-98cc-4731-8fb3-504dcca9d3e0-groupManagement] INFO  impl.RoleInfo (RoleInfo.java:updateAndGet(139)) - 2800087d-98cc-4731-8fb3-504dcca9d3e0: start 2800087d-98cc-4731-8fb3-504dcca9d3e0@group-0B0F12EFC87E-FollowerState
2024-01-26 13:20:14,028 [2800087d-98cc-4731-8fb3-504dcca9d3e0-groupManagement] INFO  util.JmxRegister (JmxRegister.java:tryRegister(44)) - Successfully registered JMX Bean with object name Ratis:service=RaftServer,group=group-0B0F12EFC87E,id=2800087d-98cc-4731-8fb3-504dcca9d3e0
2024-01-26 13:20:14,028 [2800087d-98cc-4731-8fb3-504dcca9d3e0-groupManagement] INFO  server.RaftServerConfigKeys (ConfUtils.java:logGet(46)) - raft.server.snapshot.trigger-when-stop.enabled = true (default)
2024-01-26 13:20:14,028 [2800087d-98cc-4731-8fb3-504dcca9d3e0-groupManagement] INFO  server.RaftServerConfigKeys (ConfUtils.java:logGet(46)) - raft.server.snapshot.auto.trigger.enabled = true (custom)
2024-01-26 13:20:14,028 [2800087d-98cc-4731-8fb3-504dcca9d3e0-groupManagement] INFO  server.RaftServerConfigKeys (ConfUtils.java:logGet(46)) - raft.server.snapshot.auto.trigger.threshold = 10000 (custom)
2024-01-26 13:20:14,029 [2800087d-98cc-4731-8fb3-504dcca9d3e0-groupManagement] INFO  server.RaftServerConfigKeys (ConfUtils.java:logGet(46)) - raft.server.snapshot.retention.file.num = 5 (custom)
2024-01-26 13:20:14,029 [2800087d-98cc-4731-8fb3-504dcca9d3e0-groupManagement] INFO  server.RaftServerConfigKeys (ConfUtils.java:logGet(46)) - raft.server.log.purge.upto.snapshot.index = false (default)
2024-01-26 13:20:14,028 [2800087d-98cc-4731-8fb3-504dcca9d3e0@group-0B0F12EFC87E-FollowerState] INFO  server.RaftServerConfigKeys (ConfUtils.java:logFallback(53)) - raft.server.rpc.first-election.timeout.min = 5s (fallback to raft.server.rpc.timeout.min)
2024-01-26 13:20:14,029 [2800087d-98cc-4731-8fb3-504dcca9d3e0@group-0B0F12EFC87E-FollowerState] INFO  server.RaftServerConfigKeys (ConfUtils.java:logFallback(53)) - raft.server.rpc.first-election.timeout.max = 5200ms (fallback to raft.server.rpc.timeout.max)
2024-01-26 13:20:14,044 [grpc-default-executor-0] INFO  server.RaftServer (RaftServerProxy.java:addNew(100)) - d656e8e6-3e99-480b-bf88-fcaebe65a6ea: addNew group-0B0F12EFC87E:[2800087d-98cc-4731-8fb3-504dcca9d3e0|10.1.0.20:15121, d656e8e6-3e99-480b-bf88-fcaebe65a6ea|10.1.0.20:15112, 056f2df6-7490-4bed-a807-334fa85beb73|10.1.0.20:15103] returns group-0B0F12EFC87E:java.util.concurrent.CompletableFuture@630b45e3[Not completed]
2024-01-26 13:20:14,044 [d656e8e6-3e99-480b-bf88-fcaebe65a6ea-groupManagement] INFO  server.RaftServer$Division (RaftServerImpl.java:<init>(256)) - d656e8e6-3e99-480b-bf88-fcaebe65a6ea: new RaftServerImpl for group-0B0F12EFC87E:[2800087d-98cc-4731-8fb3-504dcca9d3e0|10.1.0.20:15121, d656e8e6-3e99-480b-bf88-fcaebe65a6ea|10.1.0.20:15112, 056f2df6-7490-4bed-a807-334fa85beb73|10.1.0.20:15103] with ContainerStateMachine:uninitialized
2024-01-26 13:20:14,045 [d656e8e6-3e99-480b-bf88-fcaebe65a6ea-groupManagement] INFO  server.RaftServerConfigKeys (ConfUtils.java:logGet(46)) - raft.server.rpc.timeout.min = 5s (custom)
2024-01-26 13:20:14,045 [d656e8e6-3e99-480b-bf88-fcaebe65a6ea-groupManagement] INFO  server.RaftServerConfigKeys (ConfUtils.java:logGet(46)) - raft.server.rpc.timeout.max = 5200ms (custom)
2024-01-26 13:20:14,045 [d656e8e6-3e99-480b-bf88-fcaebe65a6ea-groupManagement] INFO  server.RaftServerConfigKeys (ConfUtils.java:logGet(46)) - raft.server.rpc.sleep.time = 25ms (default)
2024-01-26 13:20:14,045 [d656e8e6-3e99-480b-bf88-fcaebe65a6ea-groupManagement] INFO  server.RaftServerConfigKeys (ConfUtils.java:logGet(46)) - raft.server.rpc.slowness.timeout = 300000ms (custom)
2024-01-26 13:20:14,045 [d656e8e6-3e99-480b-bf88-fcaebe65a6ea-groupManagement] INFO  server.RaftServerConfigKeys (ConfUtils.java:logGet(46)) - raft.server.leaderelection.leader.step-down.wait-time = 10s (default)
2024-01-26 13:20:14,045 [d656e8e6-3e99-480b-bf88-fcaebe65a6ea-groupManagement] INFO  server.RaftServerConfigKeys (ConfUtils.java:logGet(46)) - raft.server.leaderelection.member.majority-add = false (default)
2024-01-26 13:20:14,045 [d656e8e6-3e99-480b-bf88-fcaebe65a6ea-groupManagement] INFO  server.RaftServerConfigKeys (ConfUtils.java:logGet(46)) - raft.server.sleep.deviation.threshold = 300ms (default)
2024-01-26 13:20:14,045 [d656e8e6-3e99-480b-bf88-fcaebe65a6ea-groupManagement] INFO  server.RaftServer$Division (ServerState.java:<init>(113)) - d656e8e6-3e99-480b-bf88-fcaebe65a6ea@group-0B0F12EFC87E: ConfigurationManager, init=-1: peers:[2800087d-98cc-4731-8fb3-504dcca9d3e0|10.1.0.20:15121, d656e8e6-3e99-480b-bf88-fcaebe65a6ea|10.1.0.20:15112, 056f2df6-7490-4bed-a807-334fa85beb73|10.1.0.20:15103]|listeners:[], old=null, confs=<EMPTY_MAP>
2024-01-26 13:20:14,045 [d656e8e6-3e99-480b-bf88-fcaebe65a6ea-groupManagement] INFO  server.RaftServerConfigKeys (ConfUtils.java:logGet(46)) - raft.server.notification.no-leader.timeout = 300000ms (custom)
2024-01-26 13:20:14,045 [d656e8e6-3e99-480b-bf88-fcaebe65a6ea-groupManagement] INFO  server.RaftServerConfigKeys (ConfUtils.java:logGet(46)) - raft.server.read.timeout = 10s (default)
2024-01-26 13:20:14,045 [d656e8e6-3e99-480b-bf88-fcaebe65a6ea-groupManagement] INFO  server.RaftServerConfigKeys (ConfUtils.java:logGet(46)) - raft.server.retrycache.expirytime = 600000ms (custom)
2024-01-26 13:20:14,045 [d656e8e6-3e99-480b-bf88-fcaebe65a6ea-groupManagement] INFO  server.RaftServerConfigKeys (ConfUtils.java:logGet(46)) - raft.server.retrycache.statistics.expirytime = 100ms (default)
2024-01-26 13:20:14,045 [d656e8e6-3e99-480b-bf88-fcaebe65a6ea-groupManagement] INFO  server.RaftServerConfigKeys (ConfUtils.java:logGet(46)) - raft.server.read.option = DEFAULT (default)
2024-01-26 13:20:14,045 [d656e8e6-3e99-480b-bf88-fcaebe65a6ea-groupManagement] INFO  server.RaftServerConfigKeys (ConfUtils.java:logGet(46)) - raft.server.read.read-after-write-consistent.write-index-cache.expiry-time = 60s (default)
2024-01-26 13:20:14,048 [d656e8e6-3e99-480b-bf88-fcaebe65a6ea-groupManagement] INFO  server.RaftServerConfigKeys (ConfUtils.java:logGet(46)) - raft.server.rpc.request.timeout = 3000ms (default)
2024-01-26 13:20:14,048 [d656e8e6-3e99-480b-bf88-fcaebe65a6ea-groupManagement] INFO  server.RaftServerConfigKeys (ConfUtils.java:logGet(46)) - raft.server.log.appender.install.snapshot.enabled = false (custom)
2024-01-26 13:20:14,048 [d656e8e6-3e99-480b-bf88-fcaebe65a6ea-groupManagement] INFO  server.RaftServerConfigKeys (ConfUtils.java:logGet(46)) - raft.server.threadpool.server.cached = true (default)
2024-01-26 13:20:14,048 [d656e8e6-3e99-480b-bf88-fcaebe65a6ea-groupManagement] INFO  server.RaftServerConfigKeys (ConfUtils.java:logGet(46)) - raft.server.threadpool.server.size = 0 (default)
2024-01-26 13:20:14,048 [d656e8e6-3e99-480b-bf88-fcaebe65a6ea-groupManagement] INFO  server.RaftServerConfigKeys (ConfUtils.java:logGet(46)) - raft.server.threadpool.client.cached = true (default)
2024-01-26 13:20:14,048 [d656e8e6-3e99-480b-bf88-fcaebe65a6ea-groupManagement] INFO  server.RaftServerConfigKeys (ConfUtils.java:logGet(46)) - raft.server.threadpool.client.size = 0 (default)
2024-01-26 13:20:14,048 [d656e8e6-3e99-480b-bf88-fcaebe65a6ea-groupManagement] INFO  server.RaftServerConfigKeys (ConfUtils.java:logGet(46)) - raft.server.storage.free-space.min = 0MB (=0) (default)
2024-01-26 13:20:14,048 [d656e8e6-3e99-480b-bf88-fcaebe65a6ea-groupManagement] INFO  server.RaftServerConfigKeys (ConfUtils.java:logGet(46)) - raft.server.log.corruption.policy = EXCEPTION (default)
2024-01-26 13:20:14,049 [d656e8e6-3e99-480b-bf88-fcaebe65a6ea-groupManagement] INFO  server.RaftServerConfigKeys (ConfUtils.java:logGet(46)) - raft.server.storage.dir = [/home/runner/work/ozone/ozone/hadoop-ozone/integration-test/target/test-dir/MiniOzoneClusterImpl-6bed2868-cd70-4a3d-a9ed-67052a48ddc2/datanode-1/data/ratis] (custom)
2024-01-26 13:20:14,049 [d656e8e6-3e99-480b-bf88-fcaebe65a6ea-groupManagement] INFO  storage.RaftStorageDirectory (RaftStorageDirectoryImpl.java:analyzeStorage(138)) - The storage directory /home/runner/work/ozone/ozone/hadoop-ozone/integration-test/target/test-dir/MiniOzoneClusterImpl-6bed2868-cd70-4a3d-a9ed-67052a48ddc2/datanode-1/data/ratis/3c010fba-05cc-4306-bf6e-0b0f12efc87e does not exist. Creating ...
2024-01-26 13:20:14,051 [d656e8e6-3e99-480b-bf88-fcaebe65a6ea-groupManagement] INFO  storage.RaftStorageDirectory (RaftStorageDirectoryImpl.java:tryLock(228)) - Lock on /home/runner/work/ozone/ozone/hadoop-ozone/integration-test/target/test-dir/MiniOzoneClusterImpl-6bed2868-cd70-4a3d-a9ed-67052a48ddc2/datanode-1/data/ratis/3c010fba-05cc-4306-bf6e-0b0f12efc87e/in_use.lock acquired by nodename 73218@fv-az983-443
2024-01-26 13:20:14,052 [d656e8e6-3e99-480b-bf88-fcaebe65a6ea-groupManagement] INFO  storage.RaftStorage (RaftStorageImpl.java:format(99)) - Storage directory /home/runner/work/ozone/ozone/hadoop-ozone/integration-test/target/test-dir/MiniOzoneClusterImpl-6bed2868-cd70-4a3d-a9ed-67052a48ddc2/datanode-1/data/ratis/3c010fba-05cc-4306-bf6e-0b0f12efc87e has been successfully formatted.
2024-01-26 13:20:14,053 [d656e8e6-3e99-480b-bf88-fcaebe65a6ea-groupManagement] WARN  util.FileUtils (LogUtils.java:supplyAndLog(63)) - Failed to Files.newInputStream /home/runner/work/ozone/ozone/hadoop-ozone/integration-test/target/test-dir/MiniOzoneClusterImpl-6bed2868-cd70-4a3d-a9ed-67052a48ddc2/datanode-1/data/ratis/3c010fba-05cc-4306-bf6e-0b0f12efc87e/current/raft-meta.conf with options []: java.nio.file.NoSuchFileException: /home/runner/work/ozone/ozone/hadoop-ozone/integration-test/target/test-dir/MiniOzoneClusterImpl-6bed2868-cd70-4a3d-a9ed-67052a48ddc2/datanode-1/data/ratis/3c010fba-05cc-4306-bf6e-0b0f12efc87e/current/raft-meta.conf
2024-01-26 13:20:14,054 [d656e8e6-3e99-480b-bf88-fcaebe65a6ea-groupManagement] INFO  ratis.ContainerStateMachine (ContainerStateMachine.java:loadSnapshot(287)) - group-0B0F12EFC87E: The snapshot info is null. Setting the last applied index to:(t:0, i:~)
2024-01-26 13:20:14,054 [d656e8e6-3e99-480b-bf88-fcaebe65a6ea-groupManagement] INFO  server.RaftServerConfigKeys (ConfUtils.java:logGet(46)) - raft.server.log.use.memory = false (default)
2024-01-26 13:20:14,054 [d656e8e6-3e99-480b-bf88-fcaebe65a6ea-groupManagement] INFO  server.RaftServerConfigKeys (ConfUtils.java:logGet(46)) - raft.server.log.purge.gap = 1000000 (custom)
2024-01-26 13:20:14,054 [d656e8e6-3e99-480b-bf88-fcaebe65a6ea-groupManagement] INFO  server.RaftServerConfigKeys (ConfUtils.java:logGet(46)) - raft.server.log.appender.buffer.byte-limit = 8388608 (custom)
2024-01-26 13:20:14,054 [d656e8e6-3e99-480b-bf88-fcaebe65a6ea-groupManagement] INFO  server.RaftServerConfigKeys (ConfUtils.java:logGet(46)) - raft.server.log.statemachine.data.read.timeout = 1000ms (default)
2024-01-26 13:20:14,054 [d656e8e6-3e99-480b-bf88-fcaebe65a6ea-groupManagement] INFO  server.RaftServerConfigKeys (ConfUtils.java:logGet(46)) - raft.server.log.purge.preservation.log.num = 0 (default)
2024-01-26 13:20:14,055 [d656e8e6-3e99-480b-bf88-fcaebe65a6ea-groupManagement] INFO  server.RaftServerConfigKeys (ConfUtils.java:logGet(46)) - raft.server.log.segment.size.max = 67108864 (custom)
2024-01-26 13:20:14,055 [d656e8e6-3e99-480b-bf88-fcaebe65a6ea-groupManagement] INFO  server.RaftServerConfigKeys (ConfUtils.java:logGet(46)) - raft.server.log.segment.cache.num.max = 2 (custom)
2024-01-26 13:20:14,055 [d656e8e6-3e99-480b-bf88-fcaebe65a6ea-groupManagement] INFO  server.RaftServerConfigKeys (ConfUtils.java:logGet(46)) - raft.server.log.segment.cache.size.max = 200MB (=209715200) (default)
2024-01-26 13:20:14,055 [d656e8e6-3e99-480b-bf88-fcaebe65a6ea-groupManagement] INFO  server.RaftServerConfigKeys (ConfUtils.java:logGet(46)) - raft.server.log.appender.buffer.byte-limit = 8388608 (custom)
2024-01-26 13:20:14,056 [d656e8e6-3e99-480b-bf88-fcaebe65a6ea-groupManagement] INFO  util.AwaitToRun (AwaitToRun.java:start(81)) - Thread[d656e8e6-3e99-480b-bf88-fcaebe65a6ea@group-0B0F12EFC87E-cacheEviction-AwaitToRun,5,main] started
2024-01-26 13:20:14,056 [d656e8e6-3e99-480b-bf88-fcaebe65a6ea-groupManagement] INFO  segmented.SegmentedRaftLogWorker (SegmentedRaftLogWorker.java:<init>(182)) - new d656e8e6-3e99-480b-bf88-fcaebe65a6ea@group-0B0F12EFC87E-SegmentedRaftLogWorker for RaftStorageImpl:Storage Directory /home/runner/work/ozone/ozone/hadoop-ozone/integration-test/target/test-dir/MiniOzoneClusterImpl-6bed2868-cd70-4a3d-a9ed-67052a48ddc2/datanode-1/data/ratis/3c010fba-05cc-4306-bf6e-0b0f12efc87e
2024-01-26 13:20:14,056 [d656e8e6-3e99-480b-bf88-fcaebe65a6ea-groupManagement] INFO  server.RaftServerConfigKeys (ConfUtils.java:logGet(46)) - raft.server.log.queue.byte-limit = 4294967296 (custom)
2024-01-26 13:20:14,056 [d656e8e6-3e99-480b-bf88-fcaebe65a6ea-groupManagement] INFO  server.RaftServerConfigKeys (ConfUtils.java:logGet(46)) - raft.server.log.queue.element-limit = 1024 (custom)
2024-01-26 13:20:14,056 [d656e8e6-3e99-480b-bf88-fcaebe65a6ea-groupManagement] INFO  server.RaftServerConfigKeys (ConfUtils.java:logGet(46)) - raft.server.log.segment.size.max = 67108864 (custom)
2024-01-26 13:20:14,056 [d656e8e6-3e99-480b-bf88-fcaebe65a6ea-groupManagement] INFO  server.RaftServerConfigKeys (ConfUtils.java:logGet(46)) - raft.server.log.preallocated.size = 4194304 (custom)
2024-01-26 13:20:14,056 [d656e8e6-3e99-480b-bf88-fcaebe65a6ea-groupManagement] INFO  server.RaftServerConfigKeys (ConfUtils.java:logGet(46)) - raft.server.log.force.sync.num = 128 (default)
2024-01-26 13:20:14,056 [d656e8e6-3e99-480b-bf88-fcaebe65a6ea-groupManagement] INFO  server.RaftServerConfigKeys (ConfUtils.java:logGet(46)) - raft.server.log.statemachine.data.sync = true (default)
2024-01-26 13:20:14,056 [d656e8e6-3e99-480b-bf88-fcaebe65a6ea-groupManagement] INFO  server.RaftServerConfigKeys (ConfUtils.java:logGet(46)) - raft.server.log.statemachine.data.sync.timeout = 10s (default)
2024-01-26 13:20:14,056 [d656e8e6-3e99-480b-bf88-fcaebe65a6ea-groupManagement] INFO  server.RaftServerConfigKeys (ConfUtils.java:logGet(46)) - raft.server.log.statemachine.data.sync.timeout.retry = 0 (custom)
2024-01-26 13:20:14,056 [d656e8e6-3e99-480b-bf88-fcaebe65a6ea-groupManagement] INFO  server.RaftServerConfigKeys (ConfUtils.java:logGet(46)) - raft.server.log.write.buffer.size = 8388616 (custom)
2024-01-26 13:20:14,058 [d656e8e6-3e99-480b-bf88-fcaebe65a6ea-groupManagement] INFO  server.RaftServerConfigKeys (ConfUtils.java:logGet(46)) - raft.server.log.appender.buffer.byte-limit = 8388608 (custom)
2024-01-26 13:20:14,058 [d656e8e6-3e99-480b-bf88-fcaebe65a6ea-groupManagement] INFO  server.RaftServerConfigKeys (ConfUtils.java:logGet(46)) - raft.server.log.unsafe-flush.enabled = false (default)
2024-01-26 13:20:14,058 [d656e8e6-3e99-480b-bf88-fcaebe65a6ea-groupManagement] INFO  server.RaftServerConfigKeys (ConfUtils.java:logGet(46)) - raft.server.log.async-flush.enabled = false (default)
2024-01-26 13:20:14,058 [d656e8e6-3e99-480b-bf88-fcaebe65a6ea-groupManagement] INFO  server.RaftServerConfigKeys (ConfUtils.java:logGet(46)) - raft.server.log.statemachine.data.caching.enabled = true (custom)
2024-01-26 13:20:14,058 [d656e8e6-3e99-480b-bf88-fcaebe65a6ea-groupManagement] INFO  segmented.SegmentedRaftLogWorker (SegmentedRaftLogWorker.java:lambda$new$0(134)) - d656e8e6-3e99-480b-bf88-fcaebe65a6ea@group-0B0F12EFC87E-SegmentedRaftLogWorker: flushIndex: setUnconditionally 0 -> -1
2024-01-26 13:20:14,058 [d656e8e6-3e99-480b-bf88-fcaebe65a6ea-groupManagement] INFO  segmented.SegmentedRaftLogWorker (SegmentedRaftLogWorker.java:lambda$new$0(134)) - d656e8e6-3e99-480b-bf88-fcaebe65a6ea@group-0B0F12EFC87E-SegmentedRaftLogWorker: safeCacheEvictIndex: setUnconditionally 0 -> -1
2024-01-26 13:20:14,058 [d656e8e6-3e99-480b-bf88-fcaebe65a6ea-groupManagement] INFO  server.RaftServer$Division (RaftServerImpl.java:start(396)) - d656e8e6-3e99-480b-bf88-fcaebe65a6ea@group-0B0F12EFC87E: start as a follower, conf=-1: peers:[2800087d-98cc-4731-8fb3-504dcca9d3e0|10.1.0.20:15121, d656e8e6-3e99-480b-bf88-fcaebe65a6ea|10.1.0.20:15112, 056f2df6-7490-4bed-a807-334fa85beb73|10.1.0.20:15103]|listeners:[], old=null
2024-01-26 13:20:14,059 [d656e8e6-3e99-480b-bf88-fcaebe65a6ea-groupManagement] INFO  server.RaftServer$Division (RaftServerImpl.java:setRole(383)) - d656e8e6-3e99-480b-bf88-fcaebe65a6ea@group-0B0F12EFC87E: changes role from      null to FOLLOWER at term 0 for startAsFollower
2024-01-26 13:20:14,059 [d656e8e6-3e99-480b-bf88-fcaebe65a6ea-groupManagement] INFO  impl.RoleInfo (RoleInfo.java:updateAndGet(139)) - d656e8e6-3e99-480b-bf88-fcaebe65a6ea: start d656e8e6-3e99-480b-bf88-fcaebe65a6ea@group-0B0F12EFC87E-FollowerState
2024-01-26 13:20:14,059 [d656e8e6-3e99-480b-bf88-fcaebe65a6ea@group-0B0F12EFC87E-FollowerState] INFO  server.RaftServerConfigKeys (ConfUtils.java:logFallback(53)) - raft.server.rpc.first-election.timeout.min = 5s (fallback to raft.server.rpc.timeout.min)
2024-01-26 13:20:14,059 [d656e8e6-3e99-480b-bf88-fcaebe65a6ea@group-0B0F12EFC87E-FollowerState] INFO  server.RaftServerConfigKeys (ConfUtils.java:logFallback(53)) - raft.server.rpc.first-election.timeout.max = 5200ms (fallback to raft.server.rpc.timeout.max)
2024-01-26 13:20:14,059 [d656e8e6-3e99-480b-bf88-fcaebe65a6ea-groupManagement] INFO  util.JmxRegister (JmxRegister.java:tryRegister(44)) - Successfully registered JMX Bean with object name Ratis:service=RaftServer,group=group-0B0F12EFC87E,id=d656e8e6-3e99-480b-bf88-fcaebe65a6ea
2024-01-26 13:20:14,059 [d656e8e6-3e99-480b-bf88-fcaebe65a6ea-groupManagement] INFO  server.RaftServerConfigKeys (ConfUtils.java:logGet(46)) - raft.server.snapshot.trigger-when-stop.enabled = true (default)
2024-01-26 13:20:14,059 [d656e8e6-3e99-480b-bf88-fcaebe65a6ea-groupManagement] INFO  server.RaftServerConfigKeys (ConfUtils.java:logGet(46)) - raft.server.snapshot.auto.trigger.enabled = true (custom)
2024-01-26 13:20:14,059 [d656e8e6-3e99-480b-bf88-fcaebe65a6ea-groupManagement] INFO  server.RaftServerConfigKeys (ConfUtils.java:logGet(46)) - raft.server.snapshot.auto.trigger.threshold = 10000 (custom)
2024-01-26 13:20:14,059 [d656e8e6-3e99-480b-bf88-fcaebe65a6ea-groupManagement] INFO  server.RaftServerConfigKeys (ConfUtils.java:logGet(46)) - raft.server.snapshot.retention.file.num = 5 (custom)
2024-01-26 13:20:14,059 [d656e8e6-3e99-480b-bf88-fcaebe65a6ea-groupManagement] INFO  server.RaftServerConfigKeys (ConfUtils.java:logGet(46)) - raft.server.log.purge.upto.snapshot.index = false (default)
2024-01-26 13:20:14,061 [d656e8e6-3e99-480b-bf88-fcaebe65a6ea-PipelineCommandHandlerThread-0] INFO  server.RaftServer (RaftServerProxy.java:addNew(100)) - d656e8e6-3e99-480b-bf88-fcaebe65a6ea: addNew group-37D13398D4B1:[d656e8e6-3e99-480b-bf88-fcaebe65a6ea|10.1.0.20:15112] returns group-37D13398D4B1:java.util.concurrent.CompletableFuture@71d32d31[Not completed]
2024-01-26 13:20:14,065 [d656e8e6-3e99-480b-bf88-fcaebe65a6ea-groupManagement] INFO  server.RaftServer$Division (RaftServerImpl.java:<init>(256)) - d656e8e6-3e99-480b-bf88-fcaebe65a6ea: new RaftServerImpl for group-37D13398D4B1:[d656e8e6-3e99-480b-bf88-fcaebe65a6ea|10.1.0.20:15112] with ContainerStateMachine:uninitialized
2024-01-26 13:20:14,065 [d656e8e6-3e99-480b-bf88-fcaebe65a6ea-groupManagement] INFO  server.RaftServerConfigKeys (ConfUtils.java:logGet(46)) - raft.server.rpc.timeout.min = 5s (custom)
2024-01-26 13:20:14,065 [d656e8e6-3e99-480b-bf88-fcaebe65a6ea-groupManagement] INFO  server.RaftServerConfigKeys (ConfUtils.java:logGet(46)) - raft.server.rpc.timeout.max = 5200ms (custom)
2024-01-26 13:20:14,065 [d656e8e6-3e99-480b-bf88-fcaebe65a6ea-groupManagement] INFO  server.RaftServerConfigKeys (ConfUtils.java:logGet(46)) - raft.server.rpc.sleep.time = 25ms (default)
2024-01-26 13:20:14,065 [d656e8e6-3e99-480b-bf88-fcaebe65a6ea-groupManagement] INFO  server.RaftServerConfigKeys (ConfUtils.java:logGet(46)) - raft.server.rpc.slowness.timeout = 300000ms (custom)
2024-01-26 13:20:14,065 [d656e8e6-3e99-480b-bf88-fcaebe65a6ea-groupManagement] INFO  server.RaftServerConfigKeys (ConfUtils.java:logGet(46)) - raft.server.leaderelection.leader.step-down.wait-time = 10s (default)
2024-01-26 13:20:14,066 [d656e8e6-3e99-480b-bf88-fcaebe65a6ea-groupManagement] INFO  server.RaftServerConfigKeys (ConfUtils.java:logGet(46)) - raft.server.leaderelection.member.majority-add = false (default)
2024-01-26 13:20:14,066 [d656e8e6-3e99-480b-bf88-fcaebe65a6ea-groupManagement] INFO  server.RaftServerConfigKeys (ConfUtils.java:logGet(46)) - raft.server.sleep.deviation.threshold = 300ms (default)
2024-01-26 13:20:14,066 [d656e8e6-3e99-480b-bf88-fcaebe65a6ea-groupManagement] INFO  server.RaftServer$Division (ServerState.java:<init>(113)) - d656e8e6-3e99-480b-bf88-fcaebe65a6ea@group-37D13398D4B1: ConfigurationManager, init=-1: peers:[d656e8e6-3e99-480b-bf88-fcaebe65a6ea|10.1.0.20:15112]|listeners:[], old=null, confs=<EMPTY_MAP>
2024-01-26 13:20:14,066 [d656e8e6-3e99-480b-bf88-fcaebe65a6ea-groupManagement] INFO  server.RaftServerConfigKeys (ConfUtils.java:logGet(46)) - raft.server.notification.no-leader.timeout = 300000ms (custom)
2024-01-26 13:20:14,066 [d656e8e6-3e99-480b-bf88-fcaebe65a6ea-groupManagement] INFO  server.RaftServerConfigKeys (ConfUtils.java:logGet(46)) - raft.server.read.timeout = 10s (default)
2024-01-26 13:20:14,066 [d656e8e6-3e99-480b-bf88-fcaebe65a6ea-groupManagement] INFO  server.RaftServerConfigKeys (ConfUtils.java:logGet(46)) - raft.server.retrycache.expirytime = 600000ms (custom)
2024-01-26 13:20:14,066 [d656e8e6-3e99-480b-bf88-fcaebe65a6ea-groupManagement] INFO  server.RaftServerConfigKeys (ConfUtils.java:logGet(46)) - raft.server.retrycache.statistics.expirytime = 100ms (default)
2024-01-26 13:20:14,066 [d656e8e6-3e99-480b-bf88-fcaebe65a6ea-groupManagement] INFO  server.RaftServerConfigKeys (ConfUtils.java:logGet(46)) - raft.server.read.option = DEFAULT (default)
2024-01-26 13:20:14,066 [d656e8e6-3e99-480b-bf88-fcaebe65a6ea-groupManagement] INFO  server.RaftServerConfigKeys (ConfUtils.java:logGet(46)) - raft.server.read.read-after-write-consistent.write-index-cache.expiry-time = 60s (default)
2024-01-26 13:20:14,068 [056f2df6-7490-4bed-a807-334fa85beb73-PipelineCommandHandlerThread-0] INFO  commandhandler.CreatePipelineCommandHandler (CreatePipelineCommandHandler.java:lambda$handle$2(124)) - Created Pipeline RATIS THREE PipelineID=3c010fba-05cc-4306-bf6e-0b0f12efc87e.
2024-01-26 13:20:14,069 [d656e8e6-3e99-480b-bf88-fcaebe65a6ea-groupManagement] INFO  server.RaftServerConfigKeys (ConfUtils.java:logGet(46)) - raft.server.rpc.request.timeout = 3000ms (default)
2024-01-26 13:20:14,069 [d656e8e6-3e99-480b-bf88-fcaebe65a6ea-groupManagement] INFO  server.RaftServerConfigKeys (ConfUtils.java:logGet(46)) - raft.server.log.appender.install.snapshot.enabled = false (custom)
2024-01-26 13:20:14,069 [d656e8e6-3e99-480b-bf88-fcaebe65a6ea-groupManagement] INFO  server.RaftServerConfigKeys (ConfUtils.java:logGet(46)) - raft.server.threadpool.server.cached = true (default)
2024-01-26 13:20:14,069 [d656e8e6-3e99-480b-bf88-fcaebe65a6ea-groupManagement] INFO  server.RaftServerConfigKeys (ConfUtils.java:logGet(46)) - raft.server.threadpool.server.size = 0 (default)
2024-01-26 13:20:14,069 [d656e8e6-3e99-480b-bf88-fcaebe65a6ea-groupManagement] INFO  server.RaftServerConfigKeys (ConfUtils.java:logGet(46)) - raft.server.threadpool.client.cached = true (default)
2024-01-26 13:20:14,069 [d656e8e6-3e99-480b-bf88-fcaebe65a6ea-groupManagement] INFO  server.RaftServerConfigKeys (ConfUtils.java:logGet(46)) - raft.server.threadpool.client.size = 0 (default)
2024-01-26 13:20:14,069 [d656e8e6-3e99-480b-bf88-fcaebe65a6ea-groupManagement] INFO  server.RaftServerConfigKeys (ConfUtils.java:logGet(46)) - raft.server.storage.free-space.min = 0MB (=0) (default)
2024-01-26 13:20:14,069 [d656e8e6-3e99-480b-bf88-fcaebe65a6ea-groupManagement] INFO  server.RaftServerConfigKeys (ConfUtils.java:logGet(46)) - raft.server.log.corruption.policy = EXCEPTION (default)
2024-01-26 13:20:14,069 [d656e8e6-3e99-480b-bf88-fcaebe65a6ea-groupManagement] INFO  server.RaftServerConfigKeys (ConfUtils.java:logGet(46)) - raft.server.storage.dir = [/home/runner/work/ozone/ozone/hadoop-ozone/integration-test/target/test-dir/MiniOzoneClusterImpl-6bed2868-cd70-4a3d-a9ed-67052a48ddc2/datanode-1/data/ratis] (custom)
2024-01-26 13:20:14,070 [d656e8e6-3e99-480b-bf88-fcaebe65a6ea-groupManagement] INFO  storage.RaftStorageDirectory (RaftStorageDirectoryImpl.java:analyzeStorage(138)) - The storage directory /home/runner/work/ozone/ozone/hadoop-ozone/integration-test/target/test-dir/MiniOzoneClusterImpl-6bed2868-cd70-4a3d-a9ed-67052a48ddc2/datanode-1/data/ratis/4086c81e-29a8-41c6-9694-37d13398d4b1 does not exist. Creating ...
2024-01-26 13:20:14,070 [d656e8e6-3e99-480b-bf88-fcaebe65a6ea-groupManagement] INFO  storage.RaftStorageDirectory (RaftStorageDirectoryImpl.java:tryLock(228)) - Lock on /home/runner/work/ozone/ozone/hadoop-ozone/integration-test/target/test-dir/MiniOzoneClusterImpl-6bed2868-cd70-4a3d-a9ed-67052a48ddc2/datanode-1/data/ratis/4086c81e-29a8-41c6-9694-37d13398d4b1/in_use.lock acquired by nodename 73218@fv-az983-443
2024-01-26 13:20:14,071 [d656e8e6-3e99-480b-bf88-fcaebe65a6ea-groupManagement] INFO  storage.RaftStorage (RaftStorageImpl.java:format(99)) - Storage directory /home/runner/work/ozone/ozone/hadoop-ozone/integration-test/target/test-dir/MiniOzoneClusterImpl-6bed2868-cd70-4a3d-a9ed-67052a48ddc2/datanode-1/data/ratis/4086c81e-29a8-41c6-9694-37d13398d4b1 has been successfully formatted.
2024-01-26 13:20:14,071 [d656e8e6-3e99-480b-bf88-fcaebe65a6ea-groupManagement] WARN  util.FileUtils (LogUtils.java:supplyAndLog(63)) - Failed to Files.newInputStream /home/runner/work/ozone/ozone/hadoop-ozone/integration-test/target/test-dir/MiniOzoneClusterImpl-6bed2868-cd70-4a3d-a9ed-67052a48ddc2/datanode-1/data/ratis/4086c81e-29a8-41c6-9694-37d13398d4b1/current/raft-meta.conf with options []: java.nio.file.NoSuchFileException: /home/runner/work/ozone/ozone/hadoop-ozone/integration-test/target/test-dir/MiniOzoneClusterImpl-6bed2868-cd70-4a3d-a9ed-67052a48ddc2/datanode-1/data/ratis/4086c81e-29a8-41c6-9694-37d13398d4b1/current/raft-meta.conf
2024-01-26 13:20:14,072 [d656e8e6-3e99-480b-bf88-fcaebe65a6ea-groupManagement] INFO  ratis.ContainerStateMachine (ContainerStateMachine.java:loadSnapshot(287)) - group-37D13398D4B1: The snapshot info is null. Setting the last applied index to:(t:0, i:~)
2024-01-26 13:20:14,072 [d656e8e6-3e99-480b-bf88-fcaebe65a6ea-groupManagement] INFO  server.RaftServerConfigKeys (ConfUtils.java:logGet(46)) - raft.server.log.use.memory = false (default)
2024-01-26 13:20:14,072 [d656e8e6-3e99-480b-bf88-fcaebe65a6ea-groupManagement] INFO  server.RaftServerConfigKeys (ConfUtils.java:logGet(46)) - raft.server.log.purge.gap = 1000000 (custom)
2024-01-26 13:20:14,072 [d656e8e6-3e99-480b-bf88-fcaebe65a6ea-groupManagement] INFO  server.RaftServerConfigKeys (ConfUtils.java:logGet(46)) - raft.server.log.appender.buffer.byte-limit = 8388608 (custom)
2024-01-26 13:20:14,072 [d656e8e6-3e99-480b-bf88-fcaebe65a6ea-groupManagement] INFO  server.RaftServerConfigKeys (ConfUtils.java:logGet(46)) - raft.server.log.statemachine.data.read.timeout = 1000ms (default)
2024-01-26 13:20:14,072 [d656e8e6-3e99-480b-bf88-fcaebe65a6ea-groupManagement] INFO  server.RaftServerConfigKeys (ConfUtils.java:logGet(46)) - raft.server.log.purge.preservation.log.num = 0 (default)
2024-01-26 13:20:14,073 [d656e8e6-3e99-480b-bf88-fcaebe65a6ea-groupManagement] INFO  server.RaftServerConfigKeys (ConfUtils.java:logGet(46)) - raft.server.log.segment.size.max = 67108864 (custom)
2024-01-26 13:20:14,073 [EventQueue-PipelineReportForPipelineReportHandler] INFO  pipeline.PipelineReportHandler (PipelineReportHandler.java:processPipelineReport(136)) - Opened pipeline PipelineID=4086c81e-29a8-41c6-9694-37d13398d4b1
2024-01-26 13:20:14,074 [EventQueue-OpenPipelineForHealthyPipelineSafeModeRule] INFO  safemode.SCMSafeModeManager (HealthyPipelineSafeModeRule.java:process(140)) - SCM in safe mode. Healthy pipelines reported count is 0, required healthy pipeline reported count is 1
2024-01-26 13:20:14,074 [d656e8e6-3e99-480b-bf88-fcaebe65a6ea-groupManagement] INFO  server.RaftServerConfigKeys (ConfUtils.java:logGet(46)) - raft.server.log.segment.cache.num.max = 2 (custom)
2024-01-26 13:20:14,074 [d656e8e6-3e99-480b-bf88-fcaebe65a6ea-groupManagement] INFO  server.RaftServerConfigKeys (ConfUtils.java:logGet(46)) - raft.server.log.segment.cache.size.max = 200MB (=209715200) (default)
2024-01-26 13:20:14,074 [d656e8e6-3e99-480b-bf88-fcaebe65a6ea-groupManagement] INFO  server.RaftServerConfigKeys (ConfUtils.java:logGet(46)) - raft.server.log.appender.buffer.byte-limit = 8388608 (custom)
2024-01-26 13:20:14,074 [d656e8e6-3e99-480b-bf88-fcaebe65a6ea-groupManagement] INFO  util.AwaitToRun (AwaitToRun.java:start(81)) - Thread[d656e8e6-3e99-480b-bf88-fcaebe65a6ea@group-37D13398D4B1-cacheEviction-AwaitToRun,5,main] started
2024-01-26 13:20:14,074 [d656e8e6-3e99-480b-bf88-fcaebe65a6ea-groupManagement] INFO  segmented.SegmentedRaftLogWorker (SegmentedRaftLogWorker.java:<init>(182)) - new d656e8e6-3e99-480b-bf88-fcaebe65a6ea@group-37D13398D4B1-SegmentedRaftLogWorker for RaftStorageImpl:Storage Directory /home/runner/work/ozone/ozone/hadoop-ozone/integration-test/target/test-dir/MiniOzoneClusterImpl-6bed2868-cd70-4a3d-a9ed-67052a48ddc2/datanode-1/data/ratis/4086c81e-29a8-41c6-9694-37d13398d4b1
2024-01-26 13:20:14,074 [d656e8e6-3e99-480b-bf88-fcaebe65a6ea-groupManagement] INFO  server.RaftServerConfigKeys (ConfUtils.java:logGet(46)) - raft.server.log.queue.byte-limit = 4294967296 (custom)
2024-01-26 13:20:14,074 [d656e8e6-3e99-480b-bf88-fcaebe65a6ea-groupManagement] INFO  server.RaftServerConfigKeys (ConfUtils.java:logGet(46)) - raft.server.log.queue.element-limit = 1024 (custom)
2024-01-26 13:20:14,074 [d656e8e6-3e99-480b-bf88-fcaebe65a6ea-groupManagement] INFO  server.RaftServerConfigKeys (ConfUtils.java:logGet(46)) - raft.server.log.segment.size.max = 67108864 (custom)
2024-01-26 13:20:14,074 [d656e8e6-3e99-480b-bf88-fcaebe65a6ea-groupManagement] INFO  server.RaftServerConfigKeys (ConfUtils.java:logGet(46)) - raft.server.log.preallocated.size = 4194304 (custom)
2024-01-26 13:20:14,074 [d656e8e6-3e99-480b-bf88-fcaebe65a6ea-groupManagement] INFO  server.RaftServerConfigKeys (ConfUtils.java:logGet(46)) - raft.server.log.force.sync.num = 128 (default)
2024-01-26 13:20:14,074 [d656e8e6-3e99-480b-bf88-fcaebe65a6ea-groupManagement] INFO  server.RaftServerConfigKeys (ConfUtils.java:logGet(46)) - raft.server.log.statemachine.data.sync = true (default)
2024-01-26 13:20:14,074 [d656e8e6-3e99-480b-bf88-fcaebe65a6ea-groupManagement] INFO  server.RaftServerConfigKeys (ConfUtils.java:logGet(46)) - raft.server.log.statemachine.data.sync.timeout = 10s (default)
2024-01-26 13:20:14,074 [d656e8e6-3e99-480b-bf88-fcaebe65a6ea-groupManagement] INFO  server.RaftServerConfigKeys (ConfUtils.java:logGet(46)) - raft.server.log.statemachine.data.sync.timeout.retry = 0 (custom)
2024-01-26 13:20:14,074 [d656e8e6-3e99-480b-bf88-fcaebe65a6ea-groupManagement] INFO  server.RaftServerConfigKeys (ConfUtils.java:logGet(46)) - raft.server.log.write.buffer.size = 8388616 (custom)
2024-01-26 13:20:14,076 [d656e8e6-3e99-480b-bf88-fcaebe65a6ea-groupManagement] INFO  server.RaftServerConfigKeys (ConfUtils.java:logGet(46)) - raft.server.log.appender.buffer.byte-limit = 8388608 (custom)
2024-01-26 13:20:14,076 [d656e8e6-3e99-480b-bf88-fcaebe65a6ea-groupManagement] INFO  server.RaftServerConfigKeys (ConfUtils.java:logGet(46)) - raft.server.log.unsafe-flush.enabled = false (default)
2024-01-26 13:20:14,076 [d656e8e6-3e99-480b-bf88-fcaebe65a6ea-groupManagement] INFO  server.RaftServerConfigKeys (ConfUtils.java:logGet(46)) - raft.server.log.async-flush.enabled = false (default)
2024-01-26 13:20:14,076 [d656e8e6-3e99-480b-bf88-fcaebe65a6ea-groupManagement] INFO  server.RaftServerConfigKeys (ConfUtils.java:logGet(46)) - raft.server.log.statemachine.data.caching.enabled = true (custom)
2024-01-26 13:20:14,076 [d656e8e6-3e99-480b-bf88-fcaebe65a6ea-groupManagement] INFO  segmented.SegmentedRaftLogWorker (SegmentedRaftLogWorker.java:lambda$new$0(134)) - d656e8e6-3e99-480b-bf88-fcaebe65a6ea@group-37D13398D4B1-SegmentedRaftLogWorker: flushIndex: setUnconditionally 0 -> -1
2024-01-26 13:20:14,076 [d656e8e6-3e99-480b-bf88-fcaebe65a6ea-groupManagement] INFO  segmented.SegmentedRaftLogWorker (SegmentedRaftLogWorker.java:lambda$new$0(134)) - d656e8e6-3e99-480b-bf88-fcaebe65a6ea@group-37D13398D4B1-SegmentedRaftLogWorker: safeCacheEvictIndex: setUnconditionally 0 -> -1
2024-01-26 13:20:14,076 [d656e8e6-3e99-480b-bf88-fcaebe65a6ea-groupManagement] INFO  server.RaftServer$Division (RaftServerImpl.java:start(396)) - d656e8e6-3e99-480b-bf88-fcaebe65a6ea@group-37D13398D4B1: start as a follower, conf=-1: peers:[d656e8e6-3e99-480b-bf88-fcaebe65a6ea|10.1.0.20:15112]|listeners:[], old=null
2024-01-26 13:20:14,076 [d656e8e6-3e99-480b-bf88-fcaebe65a6ea-groupManagement] INFO  server.RaftServer$Division (RaftServerImpl.java:setRole(383)) - d656e8e6-3e99-480b-bf88-fcaebe65a6ea@group-37D13398D4B1: changes role from      null to FOLLOWER at term 0 for startAsFollower
2024-01-26 13:20:14,076 [d656e8e6-3e99-480b-bf88-fcaebe65a6ea-groupManagement] INFO  impl.RoleInfo (RoleInfo.java:updateAndGet(139)) - d656e8e6-3e99-480b-bf88-fcaebe65a6ea: start d656e8e6-3e99-480b-bf88-fcaebe65a6ea@group-37D13398D4B1-FollowerState
2024-01-26 13:20:14,077 [d656e8e6-3e99-480b-bf88-fcaebe65a6ea@group-37D13398D4B1-FollowerState] INFO  server.RaftServerConfigKeys (ConfUtils.java:logFallback(53)) - raft.server.rpc.first-election.timeout.min = 5s (fallback to raft.server.rpc.timeout.min)
2024-01-26 13:20:14,077 [d656e8e6-3e99-480b-bf88-fcaebe65a6ea-groupManagement] INFO  util.JmxRegister (JmxRegister.java:tryRegister(44)) - Successfully registered JMX Bean with object name Ratis:service=RaftServer,group=group-37D13398D4B1,id=d656e8e6-3e99-480b-bf88-fcaebe65a6ea
2024-01-26 13:20:14,077 [d656e8e6-3e99-480b-bf88-fcaebe65a6ea@group-37D13398D4B1-FollowerState] INFO  server.RaftServerConfigKeys (ConfUtils.java:logFallback(53)) - raft.server.rpc.first-election.timeout.max = 5200ms (fallback to raft.server.rpc.timeout.max)
2024-01-26 13:20:14,077 [d656e8e6-3e99-480b-bf88-fcaebe65a6ea-groupManagement] INFO  server.RaftServerConfigKeys (ConfUtils.java:logGet(46)) - raft.server.snapshot.trigger-when-stop.enabled = true (default)
2024-01-26 13:20:14,077 [d656e8e6-3e99-480b-bf88-fcaebe65a6ea-groupManagement] INFO  server.RaftServerConfigKeys (ConfUtils.java:logGet(46)) - raft.server.snapshot.auto.trigger.enabled = true (custom)
2024-01-26 13:20:14,077 [d656e8e6-3e99-480b-bf88-fcaebe65a6ea-groupManagement] INFO  server.RaftServerConfigKeys (ConfUtils.java:logGet(46)) - raft.server.snapshot.auto.trigger.threshold = 10000 (custom)
2024-01-26 13:20:14,077 [d656e8e6-3e99-480b-bf88-fcaebe65a6ea-groupManagement] INFO  server.RaftServerConfigKeys (ConfUtils.java:logGet(46)) - raft.server.snapshot.retention.file.num = 5 (custom)
2024-01-26 13:20:14,077 [d656e8e6-3e99-480b-bf88-fcaebe65a6ea-groupManagement] INFO  server.RaftServerConfigKeys (ConfUtils.java:logGet(46)) - raft.server.log.purge.upto.snapshot.index = false (default)
2024-01-26 13:20:14,077 [d656e8e6-3e99-480b-bf88-fcaebe65a6ea-PipelineCommandHandlerThread-0] INFO  ratis.XceiverServerRatis (XceiverServerRatis.java:addGroup(842)) - Created group PipelineID=4086c81e-29a8-41c6-9694-37d13398d4b1
2024-01-26 13:20:14,077 [d656e8e6-3e99-480b-bf88-fcaebe65a6ea-PipelineCommandHandlerThread-0] INFO  commandhandler.CreatePipelineCommandHandler (CreatePipelineCommandHandler.java:lambda$handle$2(124)) - Created Pipeline RATIS ONE PipelineID=4086c81e-29a8-41c6-9694-37d13398d4b1.
2024-01-26 13:20:14,188 [2800087d-98cc-4731-8fb3-504dcca9d3e0-PipelineCommandHandlerThread-0] INFO  server.RaftServer (RaftServerProxy.java:addNew(100)) - 2800087d-98cc-4731-8fb3-504dcca9d3e0: addNew group-049AE56A0932:[2800087d-98cc-4731-8fb3-504dcca9d3e0|10.1.0.20:15121] returns group-049AE56A0932:java.util.concurrent.CompletableFuture@72a6c240[Not completed]
2024-01-26 13:20:14,189 [2800087d-98cc-4731-8fb3-504dcca9d3e0-groupManagement] INFO  server.RaftServer$Division (RaftServerImpl.java:<init>(256)) - 2800087d-98cc-4731-8fb3-504dcca9d3e0: new RaftServerImpl for group-049AE56A0932:[2800087d-98cc-4731-8fb3-504dcca9d3e0|10.1.0.20:15121] with ContainerStateMachine:uninitialized
2024-01-26 13:20:14,189 [2800087d-98cc-4731-8fb3-504dcca9d3e0-groupManagement] INFO  server.RaftServerConfigKeys (ConfUtils.java:logGet(46)) - raft.server.rpc.timeout.min = 5s (custom)
2024-01-26 13:20:14,189 [2800087d-98cc-4731-8fb3-504dcca9d3e0-groupManagement] INFO  server.RaftServerConfigKeys (ConfUtils.java:logGet(46)) - raft.server.rpc.timeout.max = 5200ms (custom)
2024-01-26 13:20:14,189 [2800087d-98cc-4731-8fb3-504dcca9d3e0-groupManagement] INFO  server.RaftServerConfigKeys (ConfUtils.java:logGet(46)) - raft.server.rpc.sleep.time = 25ms (default)
2024-01-26 13:20:14,189 [2800087d-98cc-4731-8fb3-504dcca9d3e0-groupManagement] INFO  server.RaftServerConfigKeys (ConfUtils.java:logGet(46)) - raft.server.rpc.slowness.timeout = 300000ms (custom)
2024-01-26 13:20:14,189 [2800087d-98cc-4731-8fb3-504dcca9d3e0-groupManagement] INFO  server.RaftServerConfigKeys (ConfUtils.java:logGet(46)) - raft.server.leaderelection.leader.step-down.wait-time = 10s (default)
2024-01-26 13:20:14,189 [2800087d-98cc-4731-8fb3-504dcca9d3e0-groupManagement] INFO  server.RaftServerConfigKeys (ConfUtils.java:logGet(46)) - raft.server.leaderelection.member.majority-add = false (default)
2024-01-26 13:20:14,189 [2800087d-98cc-4731-8fb3-504dcca9d3e0-groupManagement] INFO  server.RaftServerConfigKeys (ConfUtils.java:logGet(46)) - raft.server.sleep.deviation.threshold = 300ms (default)
2024-01-26 13:20:14,189 [2800087d-98cc-4731-8fb3-504dcca9d3e0-groupManagement] INFO  server.RaftServer$Division (ServerState.java:<init>(113)) - 2800087d-98cc-4731-8fb3-504dcca9d3e0@group-049AE56A0932: ConfigurationManager, init=-1: peers:[2800087d-98cc-4731-8fb3-504dcca9d3e0|10.1.0.20:15121]|listeners:[], old=null, confs=<EMPTY_MAP>
2024-01-26 13:20:14,189 [2800087d-98cc-4731-8fb3-504dcca9d3e0-groupManagement] INFO  server.RaftServerConfigKeys (ConfUtils.java:logGet(46)) - raft.server.notification.no-leader.timeout = 300000ms (custom)
2024-01-26 13:20:14,190 [2800087d-98cc-4731-8fb3-504dcca9d3e0-groupManagement] INFO  server.RaftServerConfigKeys (ConfUtils.java:logGet(46)) - raft.server.read.timeout = 10s (default)
2024-01-26 13:20:14,190 [2800087d-98cc-4731-8fb3-504dcca9d3e0-groupManagement] INFO  server.RaftServerConfigKeys (ConfUtils.java:logGet(46)) - raft.server.retrycache.expirytime = 600000ms (custom)
2024-01-26 13:20:14,190 [2800087d-98cc-4731-8fb3-504dcca9d3e0-groupManagement] INFO  server.RaftServerConfigKeys (ConfUtils.java:logGet(46)) - raft.server.retrycache.statistics.expirytime = 100ms (default)
2024-01-26 13:20:14,190 [2800087d-98cc-4731-8fb3-504dcca9d3e0-groupManagement] INFO  server.RaftServerConfigKeys (ConfUtils.java:logGet(46)) - raft.server.read.option = DEFAULT (default)
2024-01-26 13:20:14,190 [2800087d-98cc-4731-8fb3-504dcca9d3e0-groupManagement] INFO  server.RaftServerConfigKeys (ConfUtils.java:logGet(46)) - raft.server.read.read-after-write-consistent.write-index-cache.expiry-time = 60s (default)
2024-01-26 13:20:14,192 [2800087d-98cc-4731-8fb3-504dcca9d3e0-groupManagement] INFO  server.RaftServerConfigKeys (ConfUtils.java:logGet(46)) - raft.server.rpc.request.timeout = 3000ms (default)
2024-01-26 13:20:14,192 [2800087d-98cc-4731-8fb3-504dcca9d3e0-groupManagement] INFO  server.RaftServerConfigKeys (ConfUtils.java:logGet(46)) - raft.server.log.appender.install.snapshot.enabled = false (custom)
2024-01-26 13:20:14,192 [2800087d-98cc-4731-8fb3-504dcca9d3e0-groupManagement] INFO  server.RaftServerConfigKeys (ConfUtils.java:logGet(46)) - raft.server.threadpool.server.cached = true (default)
2024-01-26 13:20:14,192 [2800087d-98cc-4731-8fb3-504dcca9d3e0-groupManagement] INFO  server.RaftServerConfigKeys (ConfUtils.java:logGet(46)) - raft.server.threadpool.server.size = 0 (default)
2024-01-26 13:20:14,192 [2800087d-98cc-4731-8fb3-504dcca9d3e0-groupManagement] INFO  server.RaftServerConfigKeys (ConfUtils.java:logGet(46)) - raft.server.threadpool.client.cached = true (default)
2024-01-26 13:20:14,192 [2800087d-98cc-4731-8fb3-504dcca9d3e0-groupManagement] INFO  server.RaftServerConfigKeys (ConfUtils.java:logGet(46)) - raft.server.threadpool.client.size = 0 (default)
2024-01-26 13:20:14,192 [2800087d-98cc-4731-8fb3-504dcca9d3e0-groupManagement] INFO  server.RaftServerConfigKeys (ConfUtils.java:logGet(46)) - raft.server.storage.free-space.min = 0MB (=0) (default)
2024-01-26 13:20:14,193 [2800087d-98cc-4731-8fb3-504dcca9d3e0-groupManagement] INFO  server.RaftServerConfigKeys (ConfUtils.java:logGet(46)) - raft.server.log.corruption.policy = EXCEPTION (default)
2024-01-26 13:20:14,193 [2800087d-98cc-4731-8fb3-504dcca9d3e0-groupManagement] INFO  server.RaftServerConfigKeys (ConfUtils.java:logGet(46)) - raft.server.storage.dir = [/home/runner/work/ozone/ozone/hadoop-ozone/integration-test/target/test-dir/MiniOzoneClusterImpl-6bed2868-cd70-4a3d-a9ed-67052a48ddc2/datanode-2/data/ratis] (custom)
2024-01-26 13:20:14,193 [2800087d-98cc-4731-8fb3-504dcca9d3e0-groupManagement] INFO  storage.RaftStorageDirectory (RaftStorageDirectoryImpl.java:analyzeStorage(138)) - The storage directory /home/runner/work/ozone/ozone/hadoop-ozone/integration-test/target/test-dir/MiniOzoneClusterImpl-6bed2868-cd70-4a3d-a9ed-67052a48ddc2/datanode-2/data/ratis/866ce5d9-50a6-4396-a164-049ae56a0932 does not exist. Creating ...
2024-01-26 13:20:14,194 [2800087d-98cc-4731-8fb3-504dcca9d3e0-groupManagement] INFO  storage.RaftStorageDirectory (RaftStorageDirectoryImpl.java:tryLock(228)) - Lock on /home/runner/work/ozone/ozone/hadoop-ozone/integration-test/target/test-dir/MiniOzoneClusterImpl-6bed2868-cd70-4a3d-a9ed-67052a48ddc2/datanode-2/data/ratis/866ce5d9-50a6-4396-a164-049ae56a0932/in_use.lock acquired by nodename 73218@fv-az983-443
2024-01-26 13:20:14,195 [2800087d-98cc-4731-8fb3-504dcca9d3e0-groupManagement] INFO  storage.RaftStorage (RaftStorageImpl.java:format(99)) - Storage directory /home/runner/work/ozone/ozone/hadoop-ozone/integration-test/target/test-dir/MiniOzoneClusterImpl-6bed2868-cd70-4a3d-a9ed-67052a48ddc2/datanode-2/data/ratis/866ce5d9-50a6-4396-a164-049ae56a0932 has been successfully formatted.
2024-01-26 13:20:14,195 [2800087d-98cc-4731-8fb3-504dcca9d3e0-groupManagement] WARN  util.FileUtils (LogUtils.java:supplyAndLog(63)) - Failed to Files.newInputStream /home/runner/work/ozone/ozone/hadoop-ozone/integration-test/target/test-dir/MiniOzoneClusterImpl-6bed2868-cd70-4a3d-a9ed-67052a48ddc2/datanode-2/data/ratis/866ce5d9-50a6-4396-a164-049ae56a0932/current/raft-meta.conf with options []: java.nio.file.NoSuchFileException: /home/runner/work/ozone/ozone/hadoop-ozone/integration-test/target/test-dir/MiniOzoneClusterImpl-6bed2868-cd70-4a3d-a9ed-67052a48ddc2/datanode-2/data/ratis/866ce5d9-50a6-4396-a164-049ae56a0932/current/raft-meta.conf
2024-01-26 13:20:14,195 [2800087d-98cc-4731-8fb3-504dcca9d3e0-groupManagement] INFO  ratis.ContainerStateMachine (ContainerStateMachine.java:loadSnapshot(287)) - group-049AE56A0932: The snapshot info is null. Setting the last applied index to:(t:0, i:~)
2024-01-26 13:20:14,195 [2800087d-98cc-4731-8fb3-504dcca9d3e0-groupManagement] INFO  server.RaftServerConfigKeys (ConfUtils.java:logGet(46)) - raft.server.log.use.memory = false (default)
2024-01-26 13:20:14,195 [2800087d-98cc-4731-8fb3-504dcca9d3e0-groupManagement] INFO  server.RaftServerConfigKeys (ConfUtils.java:logGet(46)) - raft.server.log.purge.gap = 1000000 (custom)
2024-01-26 13:20:14,195 [2800087d-98cc-4731-8fb3-504dcca9d3e0-groupManagement] INFO  server.RaftServerConfigKeys (ConfUtils.java:logGet(46)) - raft.server.log.appender.buffer.byte-limit = 8388608 (custom)
2024-01-26 13:20:14,196 [2800087d-98cc-4731-8fb3-504dcca9d3e0-groupManagement] INFO  server.RaftServerConfigKeys (ConfUtils.java:logGet(46)) - raft.server.log.statemachine.data.read.timeout = 1000ms (default)
2024-01-26 13:20:14,196 [2800087d-98cc-4731-8fb3-504dcca9d3e0-groupManagement] INFO  server.RaftServerConfigKeys (ConfUtils.java:logGet(46)) - raft.server.log.purge.preservation.log.num = 0 (default)
2024-01-26 13:20:14,197 [EventQueue-PipelineReportForPipelineReportHandler] INFO  pipeline.PipelineReportHandler (PipelineReportHandler.java:processPipelineReport(136)) - Opened pipeline PipelineID=866ce5d9-50a6-4396-a164-049ae56a0932
2024-01-26 13:20:14,197 [EventQueue-OpenPipelineForHealthyPipelineSafeModeRule] INFO  safemode.SCMSafeModeManager (HealthyPipelineSafeModeRule.java:process(140)) - SCM in safe mode. Healthy pipelines reported count is 0, required healthy pipeline reported count is 1
2024-01-26 13:20:14,197 [2800087d-98cc-4731-8fb3-504dcca9d3e0-groupManagement] INFO  server.RaftServerConfigKeys (ConfUtils.java:logGet(46)) - raft.server.log.segment.size.max = 67108864 (custom)
2024-01-26 13:20:14,198 [2800087d-98cc-4731-8fb3-504dcca9d3e0-groupManagement] INFO  server.RaftServerConfigKeys (ConfUtils.java:logGet(46)) - raft.server.log.segment.cache.num.max = 2 (custom)
2024-01-26 13:20:14,198 [2800087d-98cc-4731-8fb3-504dcca9d3e0-groupManagement] INFO  server.RaftServerConfigKeys (ConfUtils.java:logGet(46)) - raft.server.log.segment.cache.size.max = 200MB (=209715200) (default)
2024-01-26 13:20:14,198 [2800087d-98cc-4731-8fb3-504dcca9d3e0-groupManagement] INFO  server.RaftServerConfigKeys (ConfUtils.java:logGet(46)) - raft.server.log.appender.buffer.byte-limit = 8388608 (custom)
2024-01-26 13:20:14,198 [2800087d-98cc-4731-8fb3-504dcca9d3e0-groupManagement] INFO  util.AwaitToRun (AwaitToRun.java:start(81)) - Thread[2800087d-98cc-4731-8fb3-504dcca9d3e0@group-049AE56A0932-cacheEviction-AwaitToRun,5,main] started
2024-01-26 13:20:14,198 [2800087d-98cc-4731-8fb3-504dcca9d3e0-groupManagement] INFO  segmented.SegmentedRaftLogWorker (SegmentedRaftLogWorker.java:<init>(182)) - new 2800087d-98cc-4731-8fb3-504dcca9d3e0@group-049AE56A0932-SegmentedRaftLogWorker for RaftStorageImpl:Storage Directory /home/runner/work/ozone/ozone/hadoop-ozone/integration-test/target/test-dir/MiniOzoneClusterImpl-6bed2868-cd70-4a3d-a9ed-67052a48ddc2/datanode-2/data/ratis/866ce5d9-50a6-4396-a164-049ae56a0932
2024-01-26 13:20:14,198 [2800087d-98cc-4731-8fb3-504dcca9d3e0-groupManagement] INFO  server.RaftServerConfigKeys (ConfUtils.java:logGet(46)) - raft.server.log.queue.byte-limit = 4294967296 (custom)
2024-01-26 13:20:14,198 [2800087d-98cc-4731-8fb3-504dcca9d3e0-groupManagement] INFO  server.RaftServerConfigKeys (ConfUtils.java:logGet(46)) - raft.server.log.queue.element-limit = 1024 (custom)
2024-01-26 13:20:14,198 [2800087d-98cc-4731-8fb3-504dcca9d3e0-groupManagement] INFO  server.RaftServerConfigKeys (ConfUtils.java:logGet(46)) - raft.server.log.segment.size.max = 67108864 (custom)
2024-01-26 13:20:14,199 [2800087d-98cc-4731-8fb3-504dcca9d3e0-groupManagement] INFO  server.RaftServerConfigKeys (ConfUtils.java:logGet(46)) - raft.server.log.preallocated.size = 4194304 (custom)
2024-01-26 13:20:14,199 [2800087d-98cc-4731-8fb3-504dcca9d3e0-groupManagement] INFO  server.RaftServerConfigKeys (ConfUtils.java:logGet(46)) - raft.server.log.force.sync.num = 128 (default)
2024-01-26 13:20:14,199 [2800087d-98cc-4731-8fb3-504dcca9d3e0-groupManagement] INFO  server.RaftServerConfigKeys (ConfUtils.java:logGet(46)) - raft.server.log.statemachine.data.sync = true (default)
2024-01-26 13:20:14,199 [2800087d-98cc-4731-8fb3-504dcca9d3e0-groupManagement] INFO  server.RaftServerConfigKeys (ConfUtils.java:logGet(46)) - raft.server.log.statemachine.data.sync.timeout = 10s (default)
2024-01-26 13:20:14,199 [2800087d-98cc-4731-8fb3-504dcca9d3e0-groupManagement] INFO  server.RaftServerConfigKeys (ConfUtils.java:logGet(46)) - raft.server.log.statemachine.data.sync.timeout.retry = 0 (custom)
2024-01-26 13:20:14,199 [2800087d-98cc-4731-8fb3-504dcca9d3e0-groupManagement] INFO  server.RaftServerConfigKeys (ConfUtils.java:logGet(46)) - raft.server.log.write.buffer.size = 8388616 (custom)
2024-01-26 13:20:14,201 [2800087d-98cc-4731-8fb3-504dcca9d3e0-groupManagement] INFO  server.RaftServerConfigKeys (ConfUtils.java:logGet(46)) - raft.server.log.appender.buffer.byte-limit = 8388608 (custom)
2024-01-26 13:20:14,201 [2800087d-98cc-4731-8fb3-504dcca9d3e0-groupManagement] INFO  server.RaftServerConfigKeys (ConfUtils.java:logGet(46)) - raft.server.log.unsafe-flush.enabled = false (default)
2024-01-26 13:20:14,201 [2800087d-98cc-4731-8fb3-504dcca9d3e0-groupManagement] INFO  server.RaftServerConfigKeys (ConfUtils.java:logGet(46)) - raft.server.log.async-flush.enabled = false (default)
2024-01-26 13:20:14,201 [2800087d-98cc-4731-8fb3-504dcca9d3e0-groupManagement] INFO  server.RaftServerConfigKeys (ConfUtils.java:logGet(46)) - raft.server.log.statemachine.data.caching.enabled = true (custom)
2024-01-26 13:20:14,202 [2800087d-98cc-4731-8fb3-504dcca9d3e0-groupManagement] INFO  segmented.SegmentedRaftLogWorker (SegmentedRaftLogWorker.java:lambda$new$0(134)) - 2800087d-98cc-4731-8fb3-504dcca9d3e0@group-049AE56A0932-SegmentedRaftLogWorker: flushIndex: setUnconditionally 0 -> -1
2024-01-26 13:20:14,202 [2800087d-98cc-4731-8fb3-504dcca9d3e0-groupManagement] INFO  segmented.SegmentedRaftLogWorker (SegmentedRaftLogWorker.java:lambda$new$0(134)) - 2800087d-98cc-4731-8fb3-504dcca9d3e0@group-049AE56A0932-SegmentedRaftLogWorker: safeCacheEvictIndex: setUnconditionally 0 -> -1
2024-01-26 13:20:14,202 [2800087d-98cc-4731-8fb3-504dcca9d3e0-groupManagement] INFO  server.RaftServer$Division (RaftServerImpl.java:start(396)) - 2800087d-98cc-4731-8fb3-504dcca9d3e0@group-049AE56A0932: start as a follower, conf=-1: peers:[2800087d-98cc-4731-8fb3-504dcca9d3e0|10.1.0.20:15121]|listeners:[], old=null
2024-01-26 13:20:14,202 [2800087d-98cc-4731-8fb3-504dcca9d3e0-groupManagement] INFO  server.RaftServer$Division (RaftServerImpl.java:setRole(383)) - 2800087d-98cc-4731-8fb3-504dcca9d3e0@group-049AE56A0932: changes role from      null to FOLLOWER at term 0 for startAsFollower
2024-01-26 13:20:14,202 [2800087d-98cc-4731-8fb3-504dcca9d3e0-groupManagement] INFO  impl.RoleInfo (RoleInfo.java:updateAndGet(139)) - 2800087d-98cc-4731-8fb3-504dcca9d3e0: start 2800087d-98cc-4731-8fb3-504dcca9d3e0@group-049AE56A0932-FollowerState
2024-01-26 13:20:14,202 [2800087d-98cc-4731-8fb3-504dcca9d3e0@group-049AE56A0932-FollowerState] INFO  server.RaftServerConfigKeys (ConfUtils.java:logFallback(53)) - raft.server.rpc.first-election.timeout.min = 5s (fallback to raft.server.rpc.timeout.min)
2024-01-26 13:20:14,202 [2800087d-98cc-4731-8fb3-504dcca9d3e0-groupManagement] INFO  util.JmxRegister (JmxRegister.java:tryRegister(44)) - Successfully registered JMX Bean with object name Ratis:service=RaftServer,group=group-049AE56A0932,id=2800087d-98cc-4731-8fb3-504dcca9d3e0
2024-01-26 13:20:14,202 [2800087d-98cc-4731-8fb3-504dcca9d3e0@group-049AE56A0932-FollowerState] INFO  server.RaftServerConfigKeys (ConfUtils.java:logFallback(53)) - raft.server.rpc.first-election.timeout.max = 5200ms (fallback to raft.server.rpc.timeout.max)
2024-01-26 13:20:14,202 [2800087d-98cc-4731-8fb3-504dcca9d3e0-groupManagement] INFO  server.RaftServerConfigKeys (ConfUtils.java:logGet(46)) - raft.server.snapshot.trigger-when-stop.enabled = true (default)
2024-01-26 13:20:14,203 [2800087d-98cc-4731-8fb3-504dcca9d3e0-groupManagement] INFO  server.RaftServerConfigKeys (ConfUtils.java:logGet(46)) - raft.server.snapshot.auto.trigger.enabled = true (custom)
2024-01-26 13:20:14,203 [2800087d-98cc-4731-8fb3-504dcca9d3e0-groupManagement] INFO  server.RaftServerConfigKeys (ConfUtils.java:logGet(46)) - raft.server.snapshot.auto.trigger.threshold = 10000 (custom)
2024-01-26 13:20:14,203 [2800087d-98cc-4731-8fb3-504dcca9d3e0-groupManagement] INFO  server.RaftServerConfigKeys (ConfUtils.java:logGet(46)) - raft.server.snapshot.retention.file.num = 5 (custom)
2024-01-26 13:20:14,203 [2800087d-98cc-4731-8fb3-504dcca9d3e0-groupManagement] INFO  server.RaftServerConfigKeys (ConfUtils.java:logGet(46)) - raft.server.log.purge.upto.snapshot.index = false (default)
2024-01-26 13:20:14,203 [2800087d-98cc-4731-8fb3-504dcca9d3e0-PipelineCommandHandlerThread-0] INFO  ratis.XceiverServerRatis (XceiverServerRatis.java:addGroup(842)) - Created group PipelineID=866ce5d9-50a6-4396-a164-049ae56a0932
2024-01-26 13:20:14,203 [2800087d-98cc-4731-8fb3-504dcca9d3e0-PipelineCommandHandlerThread-0] INFO  commandhandler.CreatePipelineCommandHandler (CreatePipelineCommandHandler.java:lambda$handle$2(124)) - Created Pipeline RATIS ONE PipelineID=866ce5d9-50a6-4396-a164-049ae56a0932.
2024-01-26 13:20:14,334 [97e940e6-23da-4943-8422-3d5ca177be46-PipelineCommandHandlerThread-0] INFO  server.RaftServer (RaftServerProxy.java:addNew(100)) - 97e940e6-23da-4943-8422-3d5ca177be46: addNew group-CB4B36940C79:[97e940e6-23da-4943-8422-3d5ca177be46|10.1.0.20:15130] returns group-CB4B36940C79:java.util.concurrent.CompletableFuture@766f1fb9[Not completed]
2024-01-26 13:20:14,335 [97e940e6-23da-4943-8422-3d5ca177be46-groupManagement] INFO  server.RaftServer$Division (RaftServerImpl.java:<init>(256)) - 97e940e6-23da-4943-8422-3d5ca177be46: new RaftServerImpl for group-CB4B36940C79:[97e940e6-23da-4943-8422-3d5ca177be46|10.1.0.20:15130] with ContainerStateMachine:uninitialized
2024-01-26 13:20:14,335 [97e940e6-23da-4943-8422-3d5ca177be46-groupManagement] INFO  server.RaftServerConfigKeys (ConfUtils.java:logGet(46)) - raft.server.rpc.timeout.min = 5s (custom)
2024-01-26 13:20:14,335 [97e940e6-23da-4943-8422-3d5ca177be46-groupManagement] INFO  server.RaftServerConfigKeys (ConfUtils.java:logGet(46)) - raft.server.rpc.timeout.max = 5200ms (custom)
2024-01-26 13:20:14,335 [97e940e6-23da-4943-8422-3d5ca177be46-groupManagement] INFO  server.RaftServerConfigKeys (ConfUtils.java:logGet(46)) - raft.server.rpc.sleep.time = 25ms (default)
2024-01-26 13:20:14,335 [97e940e6-23da-4943-8422-3d5ca177be46-groupManagement] INFO  server.RaftServerConfigKeys (ConfUtils.java:logGet(46)) - raft.server.rpc.slowness.timeout = 300000ms (custom)
2024-01-26 13:20:14,335 [97e940e6-23da-4943-8422-3d5ca177be46-groupManagement] INFO  server.RaftServerConfigKeys (ConfUtils.java:logGet(46)) - raft.server.leaderelection.leader.step-down.wait-time = 10s (default)
2024-01-26 13:20:14,335 [97e940e6-23da-4943-8422-3d5ca177be46-groupManagement] INFO  server.RaftServerConfigKeys (ConfUtils.java:logGet(46)) - raft.server.leaderelection.member.majority-add = false (default)
2024-01-26 13:20:14,335 [97e940e6-23da-4943-8422-3d5ca177be46-groupManagement] INFO  server.RaftServerConfigKeys (ConfUtils.java:logGet(46)) - raft.server.sleep.deviation.threshold = 300ms (default)
2024-01-26 13:20:14,336 [97e940e6-23da-4943-8422-3d5ca177be46-groupManagement] INFO  server.RaftServer$Division (ServerState.java:<init>(113)) - 97e940e6-23da-4943-8422-3d5ca177be46@group-CB4B36940C79: ConfigurationManager, init=-1: peers:[97e940e6-23da-4943-8422-3d5ca177be46|10.1.0.20:15130]|listeners:[], old=null, confs=<EMPTY_MAP>
2024-01-26 13:20:14,336 [97e940e6-23da-4943-8422-3d5ca177be46-groupManagement] INFO  server.RaftServerConfigKeys (ConfUtils.java:logGet(46)) - raft.server.notification.no-leader.timeout = 300000ms (custom)
2024-01-26 13:20:14,336 [97e940e6-23da-4943-8422-3d5ca177be46-groupManagement] INFO  server.RaftServerConfigKeys (ConfUtils.java:logGet(46)) - raft.server.read.timeout = 10s (default)
2024-01-26 13:20:14,336 [97e940e6-23da-4943-8422-3d5ca177be46-groupManagement] INFO  server.RaftServerConfigKeys (ConfUtils.java:logGet(46)) - raft.server.retrycache.expirytime = 600000ms (custom)
2024-01-26 13:20:14,336 [97e940e6-23da-4943-8422-3d5ca177be46-groupManagement] INFO  server.RaftServerConfigKeys (ConfUtils.java:logGet(46)) - raft.server.retrycache.statistics.expirytime = 100ms (default)
2024-01-26 13:20:14,336 [97e940e6-23da-4943-8422-3d5ca177be46-groupManagement] INFO  server.RaftServerConfigKeys (ConfUtils.java:logGet(46)) - raft.server.read.option = DEFAULT (default)
2024-01-26 13:20:14,336 [97e940e6-23da-4943-8422-3d5ca177be46-groupManagement] INFO  server.RaftServerConfigKeys (ConfUtils.java:logGet(46)) - raft.server.read.read-after-write-consistent.write-index-cache.expiry-time = 60s (default)
2024-01-26 13:20:14,339 [97e940e6-23da-4943-8422-3d5ca177be46-groupManagement] INFO  server.RaftServerConfigKeys (ConfUtils.java:logGet(46)) - raft.server.rpc.request.timeout = 3000ms (default)
2024-01-26 13:20:14,339 [97e940e6-23da-4943-8422-3d5ca177be46-groupManagement] INFO  server.RaftServerConfigKeys (ConfUtils.java:logGet(46)) - raft.server.log.appender.install.snapshot.enabled = false (custom)
2024-01-26 13:20:14,339 [97e940e6-23da-4943-8422-3d5ca177be46-groupManagement] INFO  server.RaftServerConfigKeys (ConfUtils.java:logGet(46)) - raft.server.threadpool.server.cached = true (default)
2024-01-26 13:20:14,339 [97e940e6-23da-4943-8422-3d5ca177be46-groupManagement] INFO  server.RaftServerConfigKeys (ConfUtils.java:logGet(46)) - raft.server.threadpool.server.size = 0 (default)
2024-01-26 13:20:14,339 [97e940e6-23da-4943-8422-3d5ca177be46-groupManagement] INFO  server.RaftServerConfigKeys (ConfUtils.java:logGet(46)) - raft.server.threadpool.client.cached = true (default)
2024-01-26 13:20:14,339 [97e940e6-23da-4943-8422-3d5ca177be46-groupManagement] INFO  server.RaftServerConfigKeys (ConfUtils.java:logGet(46)) - raft.server.threadpool.client.size = 0 (default)
2024-01-26 13:20:14,339 [97e940e6-23da-4943-8422-3d5ca177be46-groupManagement] INFO  server.RaftServerConfigKeys (ConfUtils.java:logGet(46)) - raft.server.storage.free-space.min = 0MB (=0) (default)
2024-01-26 13:20:14,339 [97e940e6-23da-4943-8422-3d5ca177be46-groupManagement] INFO  server.RaftServerConfigKeys (ConfUtils.java:logGet(46)) - raft.server.log.corruption.policy = EXCEPTION (default)
2024-01-26 13:20:14,339 [97e940e6-23da-4943-8422-3d5ca177be46-groupManagement] INFO  server.RaftServerConfigKeys (ConfUtils.java:logGet(46)) - raft.server.storage.dir = [/home/runner/work/ozone/ozone/hadoop-ozone/integration-test/target/test-dir/MiniOzoneClusterImpl-6bed2868-cd70-4a3d-a9ed-67052a48ddc2/datanode-3/data/ratis] (custom)
2024-01-26 13:20:14,340 [97e940e6-23da-4943-8422-3d5ca177be46-groupManagement] INFO  storage.RaftStorageDirectory (RaftStorageDirectoryImpl.java:analyzeStorage(138)) - The storage directory /home/runner/work/ozone/ozone/hadoop-ozone/integration-test/target/test-dir/MiniOzoneClusterImpl-6bed2868-cd70-4a3d-a9ed-67052a48ddc2/datanode-3/data/ratis/9f37c904-b19c-47af-a700-cb4b36940c79 does not exist. Creating ...
2024-01-26 13:20:14,341 [97e940e6-23da-4943-8422-3d5ca177be46-groupManagement] INFO  storage.RaftStorageDirectory (RaftStorageDirectoryImpl.java:tryLock(228)) - Lock on /home/runner/work/ozone/ozone/hadoop-ozone/integration-test/target/test-dir/MiniOzoneClusterImpl-6bed2868-cd70-4a3d-a9ed-67052a48ddc2/datanode-3/data/ratis/9f37c904-b19c-47af-a700-cb4b36940c79/in_use.lock acquired by nodename 73218@fv-az983-443
2024-01-26 13:20:14,342 [97e940e6-23da-4943-8422-3d5ca177be46-groupManagement] INFO  storage.RaftStorage (RaftStorageImpl.java:format(99)) - Storage directory /home/runner/work/ozone/ozone/hadoop-ozone/integration-test/target/test-dir/MiniOzoneClusterImpl-6bed2868-cd70-4a3d-a9ed-67052a48ddc2/datanode-3/data/ratis/9f37c904-b19c-47af-a700-cb4b36940c79 has been successfully formatted.
2024-01-26 13:20:14,342 [97e940e6-23da-4943-8422-3d5ca177be46-groupManagement] WARN  util.FileUtils (LogUtils.java:supplyAndLog(63)) - Failed to Files.newInputStream /home/runner/work/ozone/ozone/hadoop-ozone/integration-test/target/test-dir/MiniOzoneClusterImpl-6bed2868-cd70-4a3d-a9ed-67052a48ddc2/datanode-3/data/ratis/9f37c904-b19c-47af-a700-cb4b36940c79/current/raft-meta.conf with options []: java.nio.file.NoSuchFileException: /home/runner/work/ozone/ozone/hadoop-ozone/integration-test/target/test-dir/MiniOzoneClusterImpl-6bed2868-cd70-4a3d-a9ed-67052a48ddc2/datanode-3/data/ratis/9f37c904-b19c-47af-a700-cb4b36940c79/current/raft-meta.conf
2024-01-26 13:20:14,344 [97e940e6-23da-4943-8422-3d5ca177be46-groupManagement] INFO  ratis.ContainerStateMachine (ContainerStateMachine.java:loadSnapshot(287)) - group-CB4B36940C79: The snapshot info is null. Setting the last applied index to:(t:0, i:~)
2024-01-26 13:20:14,344 [97e940e6-23da-4943-8422-3d5ca177be46-groupManagement] INFO  server.RaftServerConfigKeys (ConfUtils.java:logGet(46)) - raft.server.log.use.memory = false (default)
2024-01-26 13:20:14,344 [97e940e6-23da-4943-8422-3d5ca177be46-groupManagement] INFO  server.RaftServerConfigKeys (ConfUtils.java:logGet(46)) - raft.server.log.purge.gap = 1000000 (custom)
2024-01-26 13:20:14,344 [97e940e6-23da-4943-8422-3d5ca177be46-groupManagement] INFO  server.RaftServerConfigKeys (ConfUtils.java:logGet(46)) - raft.server.log.appender.buffer.byte-limit = 8388608 (custom)
2024-01-26 13:20:14,344 [97e940e6-23da-4943-8422-3d5ca177be46-groupManagement] INFO  server.RaftServerConfigKeys (ConfUtils.java:logGet(46)) - raft.server.log.statemachine.data.read.timeout = 1000ms (default)
2024-01-26 13:20:14,344 [97e940e6-23da-4943-8422-3d5ca177be46-groupManagement] INFO  server.RaftServerConfigKeys (ConfUtils.java:logGet(46)) - raft.server.log.purge.preservation.log.num = 0 (default)
2024-01-26 13:20:14,345 [97e940e6-23da-4943-8422-3d5ca177be46-groupManagement] INFO  server.RaftServerConfigKeys (ConfUtils.java:logGet(46)) - raft.server.log.segment.size.max = 67108864 (custom)
2024-01-26 13:20:14,346 [EventQueue-PipelineReportForPipelineReportHandler] INFO  pipeline.PipelineReportHandler (PipelineReportHandler.java:processPipelineReport(136)) - Opened pipeline PipelineID=9f37c904-b19c-47af-a700-cb4b36940c79
2024-01-26 13:20:14,346 [EventQueue-OpenPipelineForHealthyPipelineSafeModeRule] INFO  safemode.SCMSafeModeManager (HealthyPipelineSafeModeRule.java:process(140)) - SCM in safe mode. Healthy pipelines reported count is 0, required healthy pipeline reported count is 1
2024-01-26 13:20:14,346 [97e940e6-23da-4943-8422-3d5ca177be46-groupManagement] INFO  server.RaftServerConfigKeys (ConfUtils.java:logGet(46)) - raft.server.log.segment.cache.num.max = 2 (custom)
2024-01-26 13:20:14,346 [97e940e6-23da-4943-8422-3d5ca177be46-groupManagement] INFO  server.RaftServerConfigKeys (ConfUtils.java:logGet(46)) - raft.server.log.segment.cache.size.max = 200MB (=209715200) (default)
2024-01-26 13:20:14,346 [97e940e6-23da-4943-8422-3d5ca177be46-groupManagement] INFO  server.RaftServerConfigKeys (ConfUtils.java:logGet(46)) - raft.server.log.appender.buffer.byte-limit = 8388608 (custom)
2024-01-26 13:20:14,346 [97e940e6-23da-4943-8422-3d5ca177be46-groupManagement] INFO  util.AwaitToRun (AwaitToRun.java:start(81)) - Thread[97e940e6-23da-4943-8422-3d5ca177be46@group-CB4B36940C79-cacheEviction-AwaitToRun,5,main] started
2024-01-26 13:20:14,346 [97e940e6-23da-4943-8422-3d5ca177be46-groupManagement] INFO  segmented.SegmentedRaftLogWorker (SegmentedRaftLogWorker.java:<init>(182)) - new 97e940e6-23da-4943-8422-3d5ca177be46@group-CB4B36940C79-SegmentedRaftLogWorker for RaftStorageImpl:Storage Directory /home/runner/work/ozone/ozone/hadoop-ozone/integration-test/target/test-dir/MiniOzoneClusterImpl-6bed2868-cd70-4a3d-a9ed-67052a48ddc2/datanode-3/data/ratis/9f37c904-b19c-47af-a700-cb4b36940c79
2024-01-26 13:20:14,346 [97e940e6-23da-4943-8422-3d5ca177be46-groupManagement] INFO  server.RaftServerConfigKeys (ConfUtils.java:logGet(46)) - raft.server.log.queue.byte-limit = 4294967296 (custom)
2024-01-26 13:20:14,346 [97e940e6-23da-4943-8422-3d5ca177be46-groupManagement] INFO  server.RaftServerConfigKeys (ConfUtils.java:logGet(46)) - raft.server.log.queue.element-limit = 1024 (custom)
2024-01-26 13:20:14,346 [97e940e6-23da-4943-8422-3d5ca177be46-groupManagement] INFO  server.RaftServerConfigKeys (ConfUtils.java:logGet(46)) - raft.server.log.segment.size.max = 67108864 (custom)
2024-01-26 13:20:14,346 [97e940e6-23da-4943-8422-3d5ca177be46-groupManagement] INFO  server.RaftServerConfigKeys (ConfUtils.java:logGet(46)) - raft.server.log.preallocated.size = 4194304 (custom)
2024-01-26 13:20:14,347 [97e940e6-23da-4943-8422-3d5ca177be46-groupManagement] INFO  server.RaftServerConfigKeys (ConfUtils.java:logGet(46)) - raft.server.log.force.sync.num = 128 (default)
2024-01-26 13:20:14,347 [97e940e6-23da-4943-8422-3d5ca177be46-groupManagement] INFO  server.RaftServerConfigKeys (ConfUtils.java:logGet(46)) - raft.server.log.statemachine.data.sync = true (default)
2024-01-26 13:20:14,347 [97e940e6-23da-4943-8422-3d5ca177be46-groupManagement] INFO  server.RaftServerConfigKeys (ConfUtils.java:logGet(46)) - raft.server.log.statemachine.data.sync.timeout = 10s (default)
2024-01-26 13:20:14,347 [97e940e6-23da-4943-8422-3d5ca177be46-groupManagement] INFO  server.RaftServerConfigKeys (ConfUtils.java:logGet(46)) - raft.server.log.statemachine.data.sync.timeout.retry = 0 (custom)
2024-01-26 13:20:14,347 [97e940e6-23da-4943-8422-3d5ca177be46-groupManagement] INFO  server.RaftServerConfigKeys (ConfUtils.java:logGet(46)) - raft.server.log.write.buffer.size = 8388616 (custom)
2024-01-26 13:20:14,349 [97e940e6-23da-4943-8422-3d5ca177be46-groupManagement] INFO  server.RaftServerConfigKeys (ConfUtils.java:logGet(46)) - raft.server.log.appender.buffer.byte-limit = 8388608 (custom)
2024-01-26 13:20:14,349 [97e940e6-23da-4943-8422-3d5ca177be46-groupManagement] INFO  server.RaftServerConfigKeys (ConfUtils.java:logGet(46)) - raft.server.log.unsafe-flush.enabled = false (default)
2024-01-26 13:20:14,349 [97e940e6-23da-4943-8422-3d5ca177be46-groupManagement] INFO  server.RaftServerConfigKeys (ConfUtils.java:logGet(46)) - raft.server.log.async-flush.enabled = false (default)
2024-01-26 13:20:14,349 [97e940e6-23da-4943-8422-3d5ca177be46-groupManagement] INFO  server.RaftServerConfigKeys (ConfUtils.java:logGet(46)) - raft.server.log.statemachine.data.caching.enabled = true (custom)
2024-01-26 13:20:14,349 [97e940e6-23da-4943-8422-3d5ca177be46-groupManagement] INFO  segmented.SegmentedRaftLogWorker (SegmentedRaftLogWorker.java:lambda$new$0(134)) - 97e940e6-23da-4943-8422-3d5ca177be46@group-CB4B36940C79-SegmentedRaftLogWorker: flushIndex: setUnconditionally 0 -> -1
2024-01-26 13:20:14,350 [97e940e6-23da-4943-8422-3d5ca177be46-groupManagement] INFO  segmented.SegmentedRaftLogWorker (SegmentedRaftLogWorker.java:lambda$new$0(134)) - 97e940e6-23da-4943-8422-3d5ca177be46@group-CB4B36940C79-SegmentedRaftLogWorker: safeCacheEvictIndex: setUnconditionally 0 -> -1
2024-01-26 13:20:14,350 [97e940e6-23da-4943-8422-3d5ca177be46-groupManagement] INFO  server.RaftServer$Division (RaftServerImpl.java:start(396)) - 97e940e6-23da-4943-8422-3d5ca177be46@group-CB4B36940C79: start as a follower, conf=-1: peers:[97e940e6-23da-4943-8422-3d5ca177be46|10.1.0.20:15130]|listeners:[], old=null
2024-01-26 13:20:14,350 [97e940e6-23da-4943-8422-3d5ca177be46-groupManagement] INFO  server.RaftServer$Division (RaftServerImpl.java:setRole(383)) - 97e940e6-23da-4943-8422-3d5ca177be46@group-CB4B36940C79: changes role from      null to FOLLOWER at term 0 for startAsFollower
2024-01-26 13:20:14,350 [97e940e6-23da-4943-8422-3d5ca177be46-groupManagement] INFO  impl.RoleInfo (RoleInfo.java:updateAndGet(139)) - 97e940e6-23da-4943-8422-3d5ca177be46: start 97e940e6-23da-4943-8422-3d5ca177be46@group-CB4B36940C79-FollowerState
2024-01-26 13:20:14,350 [97e940e6-23da-4943-8422-3d5ca177be46-groupManagement] INFO  util.JmxRegister (JmxRegister.java:tryRegister(44)) - Successfully registered JMX Bean with object name Ratis:service=RaftServer,group=group-CB4B36940C79,id=97e940e6-23da-4943-8422-3d5ca177be46
2024-01-26 13:20:14,350 [97e940e6-23da-4943-8422-3d5ca177be46-groupManagement] INFO  server.RaftServerConfigKeys (ConfUtils.java:logGet(46)) - raft.server.snapshot.trigger-when-stop.enabled = true (default)
2024-01-26 13:20:14,350 [97e940e6-23da-4943-8422-3d5ca177be46-groupManagement] INFO  server.RaftServerConfigKeys (ConfUtils.java:logGet(46)) - raft.server.snapshot.auto.trigger.enabled = true (custom)
2024-01-26 13:20:14,350 [97e940e6-23da-4943-8422-3d5ca177be46-groupManagement] INFO  server.RaftServerConfigKeys (ConfUtils.java:logGet(46)) - raft.server.snapshot.auto.trigger.threshold = 10000 (custom)
2024-01-26 13:20:14,350 [97e940e6-23da-4943-8422-3d5ca177be46-groupManagement] INFO  server.RaftServerConfigKeys (ConfUtils.java:logGet(46)) - raft.server.snapshot.retention.file.num = 5 (custom)
2024-01-26 13:20:14,351 [97e940e6-23da-4943-8422-3d5ca177be46-groupManagement] INFO  server.RaftServerConfigKeys (ConfUtils.java:logGet(46)) - raft.server.log.purge.upto.snapshot.index = false (default)
2024-01-26 13:20:14,351 [97e940e6-23da-4943-8422-3d5ca177be46@group-CB4B36940C79-FollowerState] INFO  server.RaftServerConfigKeys (ConfUtils.java:logFallback(53)) - raft.server.rpc.first-election.timeout.min = 5s (fallback to raft.server.rpc.timeout.min)
2024-01-26 13:20:14,351 [97e940e6-23da-4943-8422-3d5ca177be46@group-CB4B36940C79-FollowerState] INFO  server.RaftServerConfigKeys (ConfUtils.java:logFallback(53)) - raft.server.rpc.first-election.timeout.max = 5200ms (fallback to raft.server.rpc.timeout.max)
2024-01-26 13:20:14,356 [97e940e6-23da-4943-8422-3d5ca177be46-PipelineCommandHandlerThread-0] INFO  ratis.XceiverServerRatis (XceiverServerRatis.java:addGroup(842)) - Created group PipelineID=9f37c904-b19c-47af-a700-cb4b36940c79
2024-01-26 13:20:14,356 [97e940e6-23da-4943-8422-3d5ca177be46-PipelineCommandHandlerThread-0] INFO  commandhandler.CreatePipelineCommandHandler (CreatePipelineCommandHandler.java:lambda$handle$2(124)) - Created Pipeline RATIS ONE PipelineID=9f37c904-b19c-47af-a700-cb4b36940c79.
2024-01-26 13:20:14,357 [97e940e6-23da-4943-8422-3d5ca177be46-PipelineCommandHandlerThread-0] INFO  server.RaftServer (RaftServerProxy.java:addNew(100)) - 97e940e6-23da-4943-8422-3d5ca177be46: addNew group-5BE1FB646630:[fed085ba-920d-45a3-8aa6-0ed8c2482a63|10.1.0.20:15139, 3245821d-006a-4b2e-a5ee-2fe443b67b2f|10.1.0.20:15148, 97e940e6-23da-4943-8422-3d5ca177be46|10.1.0.20:15130] returns group-5BE1FB646630:java.util.concurrent.CompletableFuture@725095ac[Not completed]
2024-01-26 13:20:14,358 [97e940e6-23da-4943-8422-3d5ca177be46-groupManagement] INFO  server.RaftServer$Division (RaftServerImpl.java:<init>(256)) - 97e940e6-23da-4943-8422-3d5ca177be46: new RaftServerImpl for group-5BE1FB646630:[fed085ba-920d-45a3-8aa6-0ed8c2482a63|10.1.0.20:15139, 3245821d-006a-4b2e-a5ee-2fe443b67b2f|10.1.0.20:15148, 97e940e6-23da-4943-8422-3d5ca177be46|10.1.0.20:15130] with ContainerStateMachine:uninitialized
2024-01-26 13:20:14,358 [97e940e6-23da-4943-8422-3d5ca177be46-groupManagement] INFO  server.RaftServerConfigKeys (ConfUtils.java:logGet(46)) - raft.server.rpc.timeout.min = 5s (custom)
2024-01-26 13:20:14,358 [97e940e6-23da-4943-8422-3d5ca177be46-groupManagement] INFO  server.RaftServerConfigKeys (ConfUtils.java:logGet(46)) - raft.server.rpc.timeout.max = 5200ms (custom)
2024-01-26 13:20:14,358 [97e940e6-23da-4943-8422-3d5ca177be46-groupManagement] INFO  server.RaftServerConfigKeys (ConfUtils.java:logGet(46)) - raft.server.rpc.sleep.time = 25ms (default)
2024-01-26 13:20:14,358 [97e940e6-23da-4943-8422-3d5ca177be46-groupManagement] INFO  server.RaftServerConfigKeys (ConfUtils.java:logGet(46)) - raft.server.rpc.slowness.timeout = 300000ms (custom)
2024-01-26 13:20:14,358 [97e940e6-23da-4943-8422-3d5ca177be46-groupManagement] INFO  server.RaftServerConfigKeys (ConfUtils.java:logGet(46)) - raft.server.leaderelection.leader.step-down.wait-time = 10s (default)
2024-01-26 13:20:14,358 [97e940e6-23da-4943-8422-3d5ca177be46-groupManagement] INFO  server.RaftServerConfigKeys (ConfUtils.java:logGet(46)) - raft.server.leaderelection.member.majority-add = false (default)
2024-01-26 13:20:14,358 [97e940e6-23da-4943-8422-3d5ca177be46-groupManagement] INFO  server.RaftServerConfigKeys (ConfUtils.java:logGet(46)) - raft.server.sleep.deviation.threshold = 300ms (default)
2024-01-26 13:20:14,358 [97e940e6-23da-4943-8422-3d5ca177be46-groupManagement] INFO  server.RaftServer$Division (ServerState.java:<init>(113)) - 97e940e6-23da-4943-8422-3d5ca177be46@group-5BE1FB646630: ConfigurationManager, init=-1: peers:[fed085ba-920d-45a3-8aa6-0ed8c2482a63|10.1.0.20:15139, 3245821d-006a-4b2e-a5ee-2fe443b67b2f|10.1.0.20:15148, 97e940e6-23da-4943-8422-3d5ca177be46|10.1.0.20:15130]|listeners:[], old=null, confs=<EMPTY_MAP>
2024-01-26 13:20:14,358 [97e940e6-23da-4943-8422-3d5ca177be46-groupManagement] INFO  server.RaftServerConfigKeys (ConfUtils.java:logGet(46)) - raft.server.notification.no-leader.timeout = 300000ms (custom)
2024-01-26 13:20:14,358 [97e940e6-23da-4943-8422-3d5ca177be46-groupManagement] INFO  server.RaftServerConfigKeys (ConfUtils.java:logGet(46)) - raft.server.read.timeout = 10s (default)
2024-01-26 13:20:14,358 [97e940e6-23da-4943-8422-3d5ca177be46-groupManagement] INFO  server.RaftServerConfigKeys (ConfUtils.java:logGet(46)) - raft.server.retrycache.expirytime = 600000ms (custom)
2024-01-26 13:20:14,358 [97e940e6-23da-4943-8422-3d5ca177be46-groupManagement] INFO  server.RaftServerConfigKeys (ConfUtils.java:logGet(46)) - raft.server.retrycache.statistics.expirytime = 100ms (default)
2024-01-26 13:20:14,359 [97e940e6-23da-4943-8422-3d5ca177be46-groupManagement] INFO  server.RaftServerConfigKeys (ConfUtils.java:logGet(46)) - raft.server.read.option = DEFAULT (default)
2024-01-26 13:20:14,359 [97e940e6-23da-4943-8422-3d5ca177be46-groupManagement] INFO  server.RaftServerConfigKeys (ConfUtils.java:logGet(46)) - raft.server.read.read-after-write-consistent.write-index-cache.expiry-time = 60s (default)
2024-01-26 13:20:14,361 [97e940e6-23da-4943-8422-3d5ca177be46-groupManagement] INFO  server.RaftServerConfigKeys (ConfUtils.java:logGet(46)) - raft.server.rpc.request.timeout = 3000ms (default)
2024-01-26 13:20:14,361 [97e940e6-23da-4943-8422-3d5ca177be46-groupManagement] INFO  server.RaftServerConfigKeys (ConfUtils.java:logGet(46)) - raft.server.log.appender.install.snapshot.enabled = false (custom)
2024-01-26 13:20:14,361 [97e940e6-23da-4943-8422-3d5ca177be46-groupManagement] INFO  server.RaftServerConfigKeys (ConfUtils.java:logGet(46)) - raft.server.threadpool.server.cached = true (default)
2024-01-26 13:20:14,361 [97e940e6-23da-4943-8422-3d5ca177be46-groupManagement] INFO  server.RaftServerConfigKeys (ConfUtils.java:logGet(46)) - raft.server.threadpool.server.size = 0 (default)
2024-01-26 13:20:14,361 [97e940e6-23da-4943-8422-3d5ca177be46-groupManagement] INFO  server.RaftServerConfigKeys (ConfUtils.java:logGet(46)) - raft.server.threadpool.client.cached = true (default)
2024-01-26 13:20:14,361 [97e940e6-23da-4943-8422-3d5ca177be46-groupManagement] INFO  server.RaftServerConfigKeys (ConfUtils.java:logGet(46)) - raft.server.threadpool.client.size = 0 (default)
2024-01-26 13:20:14,361 [97e940e6-23da-4943-8422-3d5ca177be46-groupManagement] INFO  server.RaftServerConfigKeys (ConfUtils.java:logGet(46)) - raft.server.storage.free-space.min = 0MB (=0) (default)
2024-01-26 13:20:14,361 [97e940e6-23da-4943-8422-3d5ca177be46-groupManagement] INFO  server.RaftServerConfigKeys (ConfUtils.java:logGet(46)) - raft.server.log.corruption.policy = EXCEPTION (default)
2024-01-26 13:20:14,362 [97e940e6-23da-4943-8422-3d5ca177be46-groupManagement] INFO  server.RaftServerConfigKeys (ConfUtils.java:logGet(46)) - raft.server.storage.dir = [/home/runner/work/ozone/ozone/hadoop-ozone/integration-test/target/test-dir/MiniOzoneClusterImpl-6bed2868-cd70-4a3d-a9ed-67052a48ddc2/datanode-3/data/ratis] (custom)
2024-01-26 13:20:14,362 [97e940e6-23da-4943-8422-3d5ca177be46-groupManagement] INFO  storage.RaftStorageDirectory (RaftStorageDirectoryImpl.java:analyzeStorage(138)) - The storage directory /home/runner/work/ozone/ozone/hadoop-ozone/integration-test/target/test-dir/MiniOzoneClusterImpl-6bed2868-cd70-4a3d-a9ed-67052a48ddc2/datanode-3/data/ratis/576eb791-4d51-49ee-82d4-5be1fb646630 does not exist. Creating ...
2024-01-26 13:20:14,363 [97e940e6-23da-4943-8422-3d5ca177be46-groupManagement] INFO  storage.RaftStorageDirectory (RaftStorageDirectoryImpl.java:tryLock(228)) - Lock on /home/runner/work/ozone/ozone/hadoop-ozone/integration-test/target/test-dir/MiniOzoneClusterImpl-6bed2868-cd70-4a3d-a9ed-67052a48ddc2/datanode-3/data/ratis/576eb791-4d51-49ee-82d4-5be1fb646630/in_use.lock acquired by nodename 73218@fv-az983-443
2024-01-26 13:20:14,365 [97e940e6-23da-4943-8422-3d5ca177be46-groupManagement] INFO  storage.RaftStorage (RaftStorageImpl.java:format(99)) - Storage directory /home/runner/work/ozone/ozone/hadoop-ozone/integration-test/target/test-dir/MiniOzoneClusterImpl-6bed2868-cd70-4a3d-a9ed-67052a48ddc2/datanode-3/data/ratis/576eb791-4d51-49ee-82d4-5be1fb646630 has been successfully formatted.
2024-01-26 13:20:14,365 [97e940e6-23da-4943-8422-3d5ca177be46-groupManagement] WARN  util.FileUtils (LogUtils.java:supplyAndLog(63)) - Failed to Files.newInputStream /home/runner/work/ozone/ozone/hadoop-ozone/integration-test/target/test-dir/MiniOzoneClusterImpl-6bed2868-cd70-4a3d-a9ed-67052a48ddc2/datanode-3/data/ratis/576eb791-4d51-49ee-82d4-5be1fb646630/current/raft-meta.conf with options []: java.nio.file.NoSuchFileException: /home/runner/work/ozone/ozone/hadoop-ozone/integration-test/target/test-dir/MiniOzoneClusterImpl-6bed2868-cd70-4a3d-a9ed-67052a48ddc2/datanode-3/data/ratis/576eb791-4d51-49ee-82d4-5be1fb646630/current/raft-meta.conf
2024-01-26 13:20:14,365 [97e940e6-23da-4943-8422-3d5ca177be46-groupManagement] INFO  ratis.ContainerStateMachine (ContainerStateMachine.java:loadSnapshot(287)) - group-5BE1FB646630: The snapshot info is null. Setting the last applied index to:(t:0, i:~)
2024-01-26 13:20:14,365 [97e940e6-23da-4943-8422-3d5ca177be46-groupManagement] INFO  server.RaftServerConfigKeys (ConfUtils.java:logGet(46)) - raft.server.log.use.memory = false (default)
2024-01-26 13:20:14,366 [97e940e6-23da-4943-8422-3d5ca177be46-groupManagement] INFO  server.RaftServerConfigKeys (ConfUtils.java:logGet(46)) - raft.server.log.purge.gap = 1000000 (custom)
2024-01-26 13:20:14,366 [97e940e6-23da-4943-8422-3d5ca177be46-groupManagement] INFO  server.RaftServerConfigKeys (ConfUtils.java:logGet(46)) - raft.server.log.appender.buffer.byte-limit = 8388608 (custom)
2024-01-26 13:20:14,366 [97e940e6-23da-4943-8422-3d5ca177be46-groupManagement] INFO  server.RaftServerConfigKeys (ConfUtils.java:logGet(46)) - raft.server.log.statemachine.data.read.timeout = 1000ms (default)
2024-01-26 13:20:14,366 [97e940e6-23da-4943-8422-3d5ca177be46-groupManagement] INFO  server.RaftServerConfigKeys (ConfUtils.java:logGet(46)) - raft.server.log.purge.preservation.log.num = 0 (default)
2024-01-26 13:20:14,366 [EventQueue-OpenPipelineForHealthyPipelineSafeModeRule] INFO  safemode.SCMSafeModeManager (HealthyPipelineSafeModeRule.java:process(140)) - SCM in safe mode. Healthy pipelines reported count is 0, required healthy pipeline reported count is 1
2024-01-26 13:20:14,368 [97e940e6-23da-4943-8422-3d5ca177be46-groupManagement] INFO  server.RaftServerConfigKeys (ConfUtils.java:logGet(46)) - raft.server.log.segment.size.max = 67108864 (custom)
2024-01-26 13:20:14,368 [97e940e6-23da-4943-8422-3d5ca177be46-groupManagement] INFO  server.RaftServerConfigKeys (ConfUtils.java:logGet(46)) - raft.server.log.segment.cache.num.max = 2 (custom)
2024-01-26 13:20:14,368 [97e940e6-23da-4943-8422-3d5ca177be46-groupManagement] INFO  server.RaftServerConfigKeys (ConfUtils.java:logGet(46)) - raft.server.log.segment.cache.size.max = 200MB (=209715200) (default)
2024-01-26 13:20:14,368 [97e940e6-23da-4943-8422-3d5ca177be46-groupManagement] INFO  server.RaftServerConfigKeys (ConfUtils.java:logGet(46)) - raft.server.log.appender.buffer.byte-limit = 8388608 (custom)
2024-01-26 13:20:14,369 [97e940e6-23da-4943-8422-3d5ca177be46-groupManagement] INFO  util.AwaitToRun (AwaitToRun.java:start(81)) - Thread[97e940e6-23da-4943-8422-3d5ca177be46@group-5BE1FB646630-cacheEviction-AwaitToRun,5,main] started
2024-01-26 13:20:14,370 [97e940e6-23da-4943-8422-3d5ca177be46-groupManagement] INFO  segmented.SegmentedRaftLogWorker (SegmentedRaftLogWorker.java:<init>(182)) - new 97e940e6-23da-4943-8422-3d5ca177be46@group-5BE1FB646630-SegmentedRaftLogWorker for RaftStorageImpl:Storage Directory /home/runner/work/ozone/ozone/hadoop-ozone/integration-test/target/test-dir/MiniOzoneClusterImpl-6bed2868-cd70-4a3d-a9ed-67052a48ddc2/datanode-3/data/ratis/576eb791-4d51-49ee-82d4-5be1fb646630
2024-01-26 13:20:14,370 [97e940e6-23da-4943-8422-3d5ca177be46-groupManagement] INFO  server.RaftServerConfigKeys (ConfUtils.java:logGet(46)) - raft.server.log.queue.byte-limit = 4294967296 (custom)
2024-01-26 13:20:14,370 [97e940e6-23da-4943-8422-3d5ca177be46-groupManagement] INFO  server.RaftServerConfigKeys (ConfUtils.java:logGet(46)) - raft.server.log.queue.element-limit = 1024 (custom)
2024-01-26 13:20:14,370 [97e940e6-23da-4943-8422-3d5ca177be46-groupManagement] INFO  server.RaftServerConfigKeys (ConfUtils.java:logGet(46)) - raft.server.log.segment.size.max = 67108864 (custom)
2024-01-26 13:20:14,370 [97e940e6-23da-4943-8422-3d5ca177be46-groupManagement] INFO  server.RaftServerConfigKeys (ConfUtils.java:logGet(46)) - raft.server.log.preallocated.size = 4194304 (custom)
2024-01-26 13:20:14,370 [97e940e6-23da-4943-8422-3d5ca177be46-groupManagement] INFO  server.RaftServerConfigKeys (ConfUtils.java:logGet(46)) - raft.server.log.force.sync.num = 128 (default)
2024-01-26 13:20:14,370 [97e940e6-23da-4943-8422-3d5ca177be46-groupManagement] INFO  server.RaftServerConfigKeys (ConfUtils.java:logGet(46)) - raft.server.log.statemachine.data.sync = true (default)
2024-01-26 13:20:14,370 [97e940e6-23da-4943-8422-3d5ca177be46-groupManagement] INFO  server.RaftServerConfigKeys (ConfUtils.java:logGet(46)) - raft.server.log.statemachine.data.sync.timeout = 10s (default)
2024-01-26 13:20:14,370 [97e940e6-23da-4943-8422-3d5ca177be46-groupManagement] INFO  server.RaftServerConfigKeys (ConfUtils.java:logGet(46)) - raft.server.log.statemachine.data.sync.timeout.retry = 0 (custom)
2024-01-26 13:20:14,371 [97e940e6-23da-4943-8422-3d5ca177be46-groupManagement] INFO  server.RaftServerConfigKeys (ConfUtils.java:logGet(46)) - raft.server.log.write.buffer.size = 8388616 (custom)
2024-01-26 13:20:14,372 [97e940e6-23da-4943-8422-3d5ca177be46-groupManagement] INFO  server.RaftServerConfigKeys (ConfUtils.java:logGet(46)) - raft.server.log.appender.buffer.byte-limit = 8388608 (custom)
2024-01-26 13:20:14,372 [97e940e6-23da-4943-8422-3d5ca177be46-groupManagement] INFO  server.RaftServerConfigKeys (ConfUtils.java:logGet(46)) - raft.server.log.unsafe-flush.enabled = false (default)
2024-01-26 13:20:14,372 [97e940e6-23da-4943-8422-3d5ca177be46-groupManagement] INFO  server.RaftServerConfigKeys (ConfUtils.java:logGet(46)) - raft.server.log.async-flush.enabled = false (default)
2024-01-26 13:20:14,373 [97e940e6-23da-4943-8422-3d5ca177be46-groupManagement] INFO  server.RaftServerConfigKeys (ConfUtils.java:logGet(46)) - raft.server.log.statemachine.data.caching.enabled = true (custom)
2024-01-26 13:20:14,373 [97e940e6-23da-4943-8422-3d5ca177be46-groupManagement] INFO  segmented.SegmentedRaftLogWorker (SegmentedRaftLogWorker.java:lambda$new$0(134)) - 97e940e6-23da-4943-8422-3d5ca177be46@group-5BE1FB646630-SegmentedRaftLogWorker: flushIndex: setUnconditionally 0 -> -1
2024-01-26 13:20:14,373 [97e940e6-23da-4943-8422-3d5ca177be46-groupManagement] INFO  segmented.SegmentedRaftLogWorker (SegmentedRaftLogWorker.java:lambda$new$0(134)) - 97e940e6-23da-4943-8422-3d5ca177be46@group-5BE1FB646630-SegmentedRaftLogWorker: safeCacheEvictIndex: setUnconditionally 0 -> -1
2024-01-26 13:20:14,373 [97e940e6-23da-4943-8422-3d5ca177be46-groupManagement] INFO  server.RaftServer$Division (RaftServerImpl.java:start(396)) - 97e940e6-23da-4943-8422-3d5ca177be46@group-5BE1FB646630: start as a follower, conf=-1: peers:[fed085ba-920d-45a3-8aa6-0ed8c2482a63|10.1.0.20:15139, 3245821d-006a-4b2e-a5ee-2fe443b67b2f|10.1.0.20:15148, 97e940e6-23da-4943-8422-3d5ca177be46|10.1.0.20:15130]|listeners:[], old=null
2024-01-26 13:20:14,373 [97e940e6-23da-4943-8422-3d5ca177be46-groupManagement] INFO  server.RaftServer$Division (RaftServerImpl.java:setRole(383)) - 97e940e6-23da-4943-8422-3d5ca177be46@group-5BE1FB646630: changes role from      null to FOLLOWER at term 0 for startAsFollower
2024-01-26 13:20:14,373 [97e940e6-23da-4943-8422-3d5ca177be46-groupManagement] INFO  impl.RoleInfo (RoleInfo.java:updateAndGet(139)) - 97e940e6-23da-4943-8422-3d5ca177be46: start 97e940e6-23da-4943-8422-3d5ca177be46@group-5BE1FB646630-FollowerState
2024-01-26 13:20:14,373 [97e940e6-23da-4943-8422-3d5ca177be46-groupManagement] INFO  util.JmxRegister (JmxRegister.java:tryRegister(44)) - Successfully registered JMX Bean with object name Ratis:service=RaftServer,group=group-5BE1FB646630,id=97e940e6-23da-4943-8422-3d5ca177be46
2024-01-26 13:20:14,373 [97e940e6-23da-4943-8422-3d5ca177be46@group-5BE1FB646630-FollowerState] INFO  server.RaftServerConfigKeys (ConfUtils.java:logFallback(53)) - raft.server.rpc.first-election.timeout.min = 5s (fallback to raft.server.rpc.timeout.min)
2024-01-26 13:20:14,373 [97e940e6-23da-4943-8422-3d5ca177be46-groupManagement] INFO  server.RaftServerConfigKeys (ConfUtils.java:logGet(46)) - raft.server.snapshot.trigger-when-stop.enabled = true (default)
2024-01-26 13:20:14,373 [97e940e6-23da-4943-8422-3d5ca177be46@group-5BE1FB646630-FollowerState] INFO  server.RaftServerConfigKeys (ConfUtils.java:logFallback(53)) - raft.server.rpc.first-election.timeout.max = 5200ms (fallback to raft.server.rpc.timeout.max)
2024-01-26 13:20:14,374 [97e940e6-23da-4943-8422-3d5ca177be46-groupManagement] INFO  server.RaftServerConfigKeys (ConfUtils.java:logGet(46)) - raft.server.snapshot.auto.trigger.enabled = true (custom)
2024-01-26 13:20:14,374 [97e940e6-23da-4943-8422-3d5ca177be46-groupManagement] INFO  server.RaftServerConfigKeys (ConfUtils.java:logGet(46)) - raft.server.snapshot.auto.trigger.threshold = 10000 (custom)
2024-01-26 13:20:14,374 [97e940e6-23da-4943-8422-3d5ca177be46-groupManagement] INFO  server.RaftServerConfigKeys (ConfUtils.java:logGet(46)) - raft.server.snapshot.retention.file.num = 5 (custom)
2024-01-26 13:20:14,374 [97e940e6-23da-4943-8422-3d5ca177be46-groupManagement] INFO  server.RaftServerConfigKeys (ConfUtils.java:logGet(46)) - raft.server.log.purge.upto.snapshot.index = false (default)
2024-01-26 13:20:14,374 [97e940e6-23da-4943-8422-3d5ca177be46-PipelineCommandHandlerThread-0] INFO  ratis.XceiverServerRatis (XceiverServerRatis.java:addGroup(842)) - Created group PipelineID=576eb791-4d51-49ee-82d4-5be1fb646630
2024-01-26 13:20:14,381 [grpc-default-executor-0] INFO  server.RaftServer (RaftServerProxy.java:addNew(100)) - fed085ba-920d-45a3-8aa6-0ed8c2482a63: addNew group-5BE1FB646630:[fed085ba-920d-45a3-8aa6-0ed8c2482a63|10.1.0.20:15139, 3245821d-006a-4b2e-a5ee-2fe443b67b2f|10.1.0.20:15148, 97e940e6-23da-4943-8422-3d5ca177be46|10.1.0.20:15130] returns group-5BE1FB646630:java.util.concurrent.CompletableFuture@68bb3bf2[Not completed]
2024-01-26 13:20:14,382 [fed085ba-920d-45a3-8aa6-0ed8c2482a63-groupManagement] INFO  server.RaftServer$Division (RaftServerImpl.java:<init>(256)) - fed085ba-920d-45a3-8aa6-0ed8c2482a63: new RaftServerImpl for group-5BE1FB646630:[fed085ba-920d-45a3-8aa6-0ed8c2482a63|10.1.0.20:15139, 3245821d-006a-4b2e-a5ee-2fe443b67b2f|10.1.0.20:15148, 97e940e6-23da-4943-8422-3d5ca177be46|10.1.0.20:15130] with ContainerStateMachine:uninitialized
2024-01-26 13:20:14,382 [fed085ba-920d-45a3-8aa6-0ed8c2482a63-groupManagement] INFO  server.RaftServerConfigKeys (ConfUtils.java:logGet(46)) - raft.server.rpc.timeout.min = 5s (custom)
2024-01-26 13:20:14,382 [fed085ba-920d-45a3-8aa6-0ed8c2482a63-groupManagement] INFO  server.RaftServerConfigKeys (ConfUtils.java:logGet(46)) - raft.server.rpc.timeout.max = 5200ms (custom)
2024-01-26 13:20:14,382 [fed085ba-920d-45a3-8aa6-0ed8c2482a63-groupManagement] INFO  server.RaftServerConfigKeys (ConfUtils.java:logGet(46)) - raft.server.rpc.sleep.time = 25ms (default)
2024-01-26 13:20:14,382 [fed085ba-920d-45a3-8aa6-0ed8c2482a63-groupManagement] INFO  server.RaftServerConfigKeys (ConfUtils.java:logGet(46)) - raft.server.rpc.slowness.timeout = 300000ms (custom)
2024-01-26 13:20:14,382 [fed085ba-920d-45a3-8aa6-0ed8c2482a63-groupManagement] INFO  server.RaftServerConfigKeys (ConfUtils.java:logGet(46)) - raft.server.leaderelection.leader.step-down.wait-time = 10s (default)
2024-01-26 13:20:14,382 [fed085ba-920d-45a3-8aa6-0ed8c2482a63-groupManagement] INFO  server.RaftServerConfigKeys (ConfUtils.java:logGet(46)) - raft.server.leaderelection.member.majority-add = false (default)
2024-01-26 13:20:14,382 [fed085ba-920d-45a3-8aa6-0ed8c2482a63-groupManagement] INFO  server.RaftServerConfigKeys (ConfUtils.java:logGet(46)) - raft.server.sleep.deviation.threshold = 300ms (default)
2024-01-26 13:20:14,382 [fed085ba-920d-45a3-8aa6-0ed8c2482a63-groupManagement] INFO  server.RaftServer$Division (ServerState.java:<init>(113)) - fed085ba-920d-45a3-8aa6-0ed8c2482a63@group-5BE1FB646630: ConfigurationManager, init=-1: peers:[fed085ba-920d-45a3-8aa6-0ed8c2482a63|10.1.0.20:15139, 3245821d-006a-4b2e-a5ee-2fe443b67b2f|10.1.0.20:15148, 97e940e6-23da-4943-8422-3d5ca177be46|10.1.0.20:15130]|listeners:[], old=null, confs=<EMPTY_MAP>
2024-01-26 13:20:14,382 [fed085ba-920d-45a3-8aa6-0ed8c2482a63-groupManagement] INFO  server.RaftServerConfigKeys (ConfUtils.java:logGet(46)) - raft.server.notification.no-leader.timeout = 300000ms (custom)
2024-01-26 13:20:14,382 [fed085ba-920d-45a3-8aa6-0ed8c2482a63-groupManagement] INFO  server.RaftServerConfigKeys (ConfUtils.java:logGet(46)) - raft.server.read.timeout = 10s (default)
2024-01-26 13:20:14,382 [fed085ba-920d-45a3-8aa6-0ed8c2482a63-groupManagement] INFO  server.RaftServerConfigKeys (ConfUtils.java:logGet(46)) - raft.server.retrycache.expirytime = 600000ms (custom)
2024-01-26 13:20:14,382 [fed085ba-920d-45a3-8aa6-0ed8c2482a63-groupManagement] INFO  server.RaftServerConfigKeys (ConfUtils.java:logGet(46)) - raft.server.retrycache.statistics.expirytime = 100ms (default)
2024-01-26 13:20:14,383 [fed085ba-920d-45a3-8aa6-0ed8c2482a63-groupManagement] INFO  server.RaftServerConfigKeys (ConfUtils.java:logGet(46)) - raft.server.read.option = DEFAULT (default)
2024-01-26 13:20:14,383 [fed085ba-920d-45a3-8aa6-0ed8c2482a63-groupManagement] INFO  server.RaftServerConfigKeys (ConfUtils.java:logGet(46)) - raft.server.read.read-after-write-consistent.write-index-cache.expiry-time = 60s (default)
2024-01-26 13:20:14,384 [fed085ba-920d-45a3-8aa6-0ed8c2482a63-groupManagement] INFO  server.RaftServerConfigKeys (ConfUtils.java:logGet(46)) - raft.server.rpc.request.timeout = 3000ms (default)
2024-01-26 13:20:14,384 [fed085ba-920d-45a3-8aa6-0ed8c2482a63-groupManagement] INFO  server.RaftServerConfigKeys (ConfUtils.java:logGet(46)) - raft.server.log.appender.install.snapshot.enabled = false (custom)
2024-01-26 13:20:14,384 [fed085ba-920d-45a3-8aa6-0ed8c2482a63-groupManagement] INFO  server.RaftServerConfigKeys (ConfUtils.java:logGet(46)) - raft.server.threadpool.server.cached = true (default)
2024-01-26 13:20:14,384 [fed085ba-920d-45a3-8aa6-0ed8c2482a63-groupManagement] INFO  server.RaftServerConfigKeys (ConfUtils.java:logGet(46)) - raft.server.threadpool.server.size = 0 (default)
2024-01-26 13:20:14,384 [fed085ba-920d-45a3-8aa6-0ed8c2482a63-groupManagement] INFO  server.RaftServerConfigKeys (ConfUtils.java:logGet(46)) - raft.server.threadpool.client.cached = true (default)
2024-01-26 13:20:14,385 [fed085ba-920d-45a3-8aa6-0ed8c2482a63-groupManagement] INFO  server.RaftServerConfigKeys (ConfUtils.java:logGet(46)) - raft.server.threadpool.client.size = 0 (default)
2024-01-26 13:20:14,385 [fed085ba-920d-45a3-8aa6-0ed8c2482a63-groupManagement] INFO  server.RaftServerConfigKeys (ConfUtils.java:logGet(46)) - raft.server.storage.free-space.min = 0MB (=0) (default)
2024-01-26 13:20:14,385 [fed085ba-920d-45a3-8aa6-0ed8c2482a63-groupManagement] INFO  server.RaftServerConfigKeys (ConfUtils.java:logGet(46)) - raft.server.log.corruption.policy = EXCEPTION (default)
2024-01-26 13:20:14,385 [fed085ba-920d-45a3-8aa6-0ed8c2482a63-groupManagement] INFO  server.RaftServerConfigKeys (ConfUtils.java:logGet(46)) - raft.server.storage.dir = [/home/runner/work/ozone/ozone/hadoop-ozone/integration-test/target/test-dir/MiniOzoneClusterImpl-6bed2868-cd70-4a3d-a9ed-67052a48ddc2/datanode-4/data/ratis] (custom)
2024-01-26 13:20:14,385 [fed085ba-920d-45a3-8aa6-0ed8c2482a63-groupManagement] INFO  storage.RaftStorageDirectory (RaftStorageDirectoryImpl.java:analyzeStorage(138)) - The storage directory /home/runner/work/ozone/ozone/hadoop-ozone/integration-test/target/test-dir/MiniOzoneClusterImpl-6bed2868-cd70-4a3d-a9ed-67052a48ddc2/datanode-4/data/ratis/576eb791-4d51-49ee-82d4-5be1fb646630 does not exist. Creating ...
2024-01-26 13:20:14,386 [fed085ba-920d-45a3-8aa6-0ed8c2482a63-groupManagement] INFO  storage.RaftStorageDirectory (RaftStorageDirectoryImpl.java:tryLock(228)) - Lock on /home/runner/work/ozone/ozone/hadoop-ozone/integration-test/target/test-dir/MiniOzoneClusterImpl-6bed2868-cd70-4a3d-a9ed-67052a48ddc2/datanode-4/data/ratis/576eb791-4d51-49ee-82d4-5be1fb646630/in_use.lock acquired by nodename 73218@fv-az983-443
2024-01-26 13:20:14,387 [fed085ba-920d-45a3-8aa6-0ed8c2482a63-groupManagement] INFO  storage.RaftStorage (RaftStorageImpl.java:format(99)) - Storage directory /home/runner/work/ozone/ozone/hadoop-ozone/integration-test/target/test-dir/MiniOzoneClusterImpl-6bed2868-cd70-4a3d-a9ed-67052a48ddc2/datanode-4/data/ratis/576eb791-4d51-49ee-82d4-5be1fb646630 has been successfully formatted.
2024-01-26 13:20:14,387 [fed085ba-920d-45a3-8aa6-0ed8c2482a63-groupManagement] WARN  util.FileUtils (LogUtils.java:supplyAndLog(63)) - Failed to Files.newInputStream /home/runner/work/ozone/ozone/hadoop-ozone/integration-test/target/test-dir/MiniOzoneClusterImpl-6bed2868-cd70-4a3d-a9ed-67052a48ddc2/datanode-4/data/ratis/576eb791-4d51-49ee-82d4-5be1fb646630/current/raft-meta.conf with options []: java.nio.file.NoSuchFileException: /home/runner/work/ozone/ozone/hadoop-ozone/integration-test/target/test-dir/MiniOzoneClusterImpl-6bed2868-cd70-4a3d-a9ed-67052a48ddc2/datanode-4/data/ratis/576eb791-4d51-49ee-82d4-5be1fb646630/current/raft-meta.conf
2024-01-26 13:20:14,388 [fed085ba-920d-45a3-8aa6-0ed8c2482a63-groupManagement] INFO  ratis.ContainerStateMachine (ContainerStateMachine.java:loadSnapshot(287)) - group-5BE1FB646630: The snapshot info is null. Setting the last applied index to:(t:0, i:~)
2024-01-26 13:20:14,388 [fed085ba-920d-45a3-8aa6-0ed8c2482a63-groupManagement] INFO  server.RaftServerConfigKeys (ConfUtils.java:logGet(46)) - raft.server.log.use.memory = false (default)
2024-01-26 13:20:14,388 [fed085ba-920d-45a3-8aa6-0ed8c2482a63-groupManagement] INFO  server.RaftServerConfigKeys (ConfUtils.java:logGet(46)) - raft.server.log.purge.gap = 1000000 (custom)
2024-01-26 13:20:14,388 [fed085ba-920d-45a3-8aa6-0ed8c2482a63-groupManagement] INFO  server.RaftServerConfigKeys (ConfUtils.java:logGet(46)) - raft.server.log.appender.buffer.byte-limit = 8388608 (custom)
2024-01-26 13:20:14,389 [fed085ba-920d-45a3-8aa6-0ed8c2482a63-groupManagement] INFO  server.RaftServerConfigKeys (ConfUtils.java:logGet(46)) - raft.server.log.statemachine.data.read.timeout = 1000ms (default)
2024-01-26 13:20:14,389 [fed085ba-920d-45a3-8aa6-0ed8c2482a63-groupManagement] INFO  server.RaftServerConfigKeys (ConfUtils.java:logGet(46)) - raft.server.log.purge.preservation.log.num = 0 (default)
2024-01-26 13:20:14,390 [fed085ba-920d-45a3-8aa6-0ed8c2482a63-groupManagement] INFO  server.RaftServerConfigKeys (ConfUtils.java:logGet(46)) - raft.server.log.segment.size.max = 67108864 (custom)
2024-01-26 13:20:14,390 [fed085ba-920d-45a3-8aa6-0ed8c2482a63-groupManagement] INFO  server.RaftServerConfigKeys (ConfUtils.java:logGet(46)) - raft.server.log.segment.cache.num.max = 2 (custom)
2024-01-26 13:20:14,390 [fed085ba-920d-45a3-8aa6-0ed8c2482a63-groupManagement] INFO  server.RaftServerConfigKeys (ConfUtils.java:logGet(46)) - raft.server.log.segment.cache.size.max = 200MB (=209715200) (default)
2024-01-26 13:20:14,390 [fed085ba-920d-45a3-8aa6-0ed8c2482a63-groupManagement] INFO  server.RaftServerConfigKeys (ConfUtils.java:logGet(46)) - raft.server.log.appender.buffer.byte-limit = 8388608 (custom)
2024-01-26 13:20:14,390 [fed085ba-920d-45a3-8aa6-0ed8c2482a63-groupManagement] INFO  util.AwaitToRun (AwaitToRun.java:start(81)) - Thread[fed085ba-920d-45a3-8aa6-0ed8c2482a63@group-5BE1FB646630-cacheEviction-AwaitToRun,5,main] started
2024-01-26 13:20:14,390 [fed085ba-920d-45a3-8aa6-0ed8c2482a63-groupManagement] INFO  segmented.SegmentedRaftLogWorker (SegmentedRaftLogWorker.java:<init>(182)) - new fed085ba-920d-45a3-8aa6-0ed8c2482a63@group-5BE1FB646630-SegmentedRaftLogWorker for RaftStorageImpl:Storage Directory /home/runner/work/ozone/ozone/hadoop-ozone/integration-test/target/test-dir/MiniOzoneClusterImpl-6bed2868-cd70-4a3d-a9ed-67052a48ddc2/datanode-4/data/ratis/576eb791-4d51-49ee-82d4-5be1fb646630
2024-01-26 13:20:14,390 [fed085ba-920d-45a3-8aa6-0ed8c2482a63-groupManagement] INFO  server.RaftServerConfigKeys (ConfUtils.java:logGet(46)) - raft.server.log.queue.byte-limit = 4294967296 (custom)
2024-01-26 13:20:14,390 [fed085ba-920d-45a3-8aa6-0ed8c2482a63-groupManagement] INFO  server.RaftServerConfigKeys (ConfUtils.java:logGet(46)) - raft.server.log.queue.element-limit = 1024 (custom)
2024-01-26 13:20:14,390 [fed085ba-920d-45a3-8aa6-0ed8c2482a63-groupManagement] INFO  server.RaftServerConfigKeys (ConfUtils.java:logGet(46)) - raft.server.log.segment.size.max = 67108864 (custom)
2024-01-26 13:20:14,390 [fed085ba-920d-45a3-8aa6-0ed8c2482a63-groupManagement] INFO  server.RaftServerConfigKeys (ConfUtils.java:logGet(46)) - raft.server.log.preallocated.size = 4194304 (custom)
2024-01-26 13:20:14,390 [fed085ba-920d-45a3-8aa6-0ed8c2482a63-groupManagement] INFO  server.RaftServerConfigKeys (ConfUtils.java:logGet(46)) - raft.server.log.force.sync.num = 128 (default)
2024-01-26 13:20:14,391 [fed085ba-920d-45a3-8aa6-0ed8c2482a63-groupManagement] INFO  server.RaftServerConfigKeys (ConfUtils.java:logGet(46)) - raft.server.log.statemachine.data.sync = true (default)
2024-01-26 13:20:14,391 [fed085ba-920d-45a3-8aa6-0ed8c2482a63-groupManagement] INFO  server.RaftServerConfigKeys (ConfUtils.java:logGet(46)) - raft.server.log.statemachine.data.sync.timeout = 10s (default)
2024-01-26 13:20:14,391 [fed085ba-920d-45a3-8aa6-0ed8c2482a63-groupManagement] INFO  server.RaftServerConfigKeys (ConfUtils.java:logGet(46)) - raft.server.log.statemachine.data.sync.timeout.retry = 0 (custom)
2024-01-26 13:20:14,391 [fed085ba-920d-45a3-8aa6-0ed8c2482a63-groupManagement] INFO  server.RaftServerConfigKeys (ConfUtils.java:logGet(46)) - raft.server.log.write.buffer.size = 8388616 (custom)
2024-01-26 13:20:14,392 [fed085ba-920d-45a3-8aa6-0ed8c2482a63-groupManagement] INFO  server.RaftServerConfigKeys (ConfUtils.java:logGet(46)) - raft.server.log.appender.buffer.byte-limit = 8388608 (custom)
2024-01-26 13:20:14,392 [fed085ba-920d-45a3-8aa6-0ed8c2482a63-groupManagement] INFO  server.RaftServerConfigKeys (ConfUtils.java:logGet(46)) - raft.server.log.unsafe-flush.enabled = false (default)
2024-01-26 13:20:14,392 [fed085ba-920d-45a3-8aa6-0ed8c2482a63-groupManagement] INFO  server.RaftServerConfigKeys (ConfUtils.java:logGet(46)) - raft.server.log.async-flush.enabled = false (default)
2024-01-26 13:20:14,392 [fed085ba-920d-45a3-8aa6-0ed8c2482a63-groupManagement] INFO  server.RaftServerConfigKeys (ConfUtils.java:logGet(46)) - raft.server.log.statemachine.data.caching.enabled = true (custom)
2024-01-26 13:20:14,392 [fed085ba-920d-45a3-8aa6-0ed8c2482a63-groupManagement] INFO  segmented.SegmentedRaftLogWorker (SegmentedRaftLogWorker.java:lambda$new$0(134)) - fed085ba-920d-45a3-8aa6-0ed8c2482a63@group-5BE1FB646630-SegmentedRaftLogWorker: flushIndex: setUnconditionally 0 -> -1
2024-01-26 13:20:14,392 [fed085ba-920d-45a3-8aa6-0ed8c2482a63-groupManagement] INFO  segmented.SegmentedRaftLogWorker (SegmentedRaftLogWorker.java:lambda$new$0(134)) - fed085ba-920d-45a3-8aa6-0ed8c2482a63@group-5BE1FB646630-SegmentedRaftLogWorker: safeCacheEvictIndex: setUnconditionally 0 -> -1
2024-01-26 13:20:14,393 [fed085ba-920d-45a3-8aa6-0ed8c2482a63-groupManagement] INFO  server.RaftServer$Division (RaftServerImpl.java:start(396)) - fed085ba-920d-45a3-8aa6-0ed8c2482a63@group-5BE1FB646630: start as a follower, conf=-1: peers:[fed085ba-920d-45a3-8aa6-0ed8c2482a63|10.1.0.20:15139, 3245821d-006a-4b2e-a5ee-2fe443b67b2f|10.1.0.20:15148, 97e940e6-23da-4943-8422-3d5ca177be46|10.1.0.20:15130]|listeners:[], old=null
2024-01-26 13:20:14,393 [fed085ba-920d-45a3-8aa6-0ed8c2482a63-groupManagement] INFO  server.RaftServer$Division (RaftServerImpl.java:setRole(383)) - fed085ba-920d-45a3-8aa6-0ed8c2482a63@group-5BE1FB646630: changes role from      null to FOLLOWER at term 0 for startAsFollower
2024-01-26 13:20:14,393 [fed085ba-920d-45a3-8aa6-0ed8c2482a63-groupManagement] INFO  impl.RoleInfo (RoleInfo.java:updateAndGet(139)) - fed085ba-920d-45a3-8aa6-0ed8c2482a63: start fed085ba-920d-45a3-8aa6-0ed8c2482a63@group-5BE1FB646630-FollowerState
2024-01-26 13:20:14,393 [fed085ba-920d-45a3-8aa6-0ed8c2482a63-groupManagement] INFO  util.JmxRegister (JmxRegister.java:tryRegister(44)) - Successfully registered JMX Bean with object name Ratis:service=RaftServer,group=group-5BE1FB646630,id=fed085ba-920d-45a3-8aa6-0ed8c2482a63
2024-01-26 13:20:14,393 [fed085ba-920d-45a3-8aa6-0ed8c2482a63@group-5BE1FB646630-FollowerState] INFO  server.RaftServerConfigKeys (ConfUtils.java:logFallback(53)) - raft.server.rpc.first-election.timeout.min = 5s (fallback to raft.server.rpc.timeout.min)
2024-01-26 13:20:14,393 [fed085ba-920d-45a3-8aa6-0ed8c2482a63-groupManagement] INFO  server.RaftServerConfigKeys (ConfUtils.java:logGet(46)) - raft.server.snapshot.trigger-when-stop.enabled = true (default)
2024-01-26 13:20:14,393 [fed085ba-920d-45a3-8aa6-0ed8c2482a63@group-5BE1FB646630-FollowerState] INFO  server.RaftServerConfigKeys (ConfUtils.java:logFallback(53)) - raft.server.rpc.first-election.timeout.max = 5200ms (fallback to raft.server.rpc.timeout.max)
2024-01-26 13:20:14,393 [fed085ba-920d-45a3-8aa6-0ed8c2482a63-groupManagement] INFO  server.RaftServerConfigKeys (ConfUtils.java:logGet(46)) - raft.server.snapshot.auto.trigger.enabled = true (custom)
2024-01-26 13:20:14,393 [fed085ba-920d-45a3-8aa6-0ed8c2482a63-groupManagement] INFO  server.RaftServerConfigKeys (ConfUtils.java:logGet(46)) - raft.server.snapshot.auto.trigger.threshold = 10000 (custom)
2024-01-26 13:20:14,393 [fed085ba-920d-45a3-8aa6-0ed8c2482a63-groupManagement] INFO  server.RaftServerConfigKeys (ConfUtils.java:logGet(46)) - raft.server.snapshot.retention.file.num = 5 (custom)
2024-01-26 13:20:14,393 [fed085ba-920d-45a3-8aa6-0ed8c2482a63-groupManagement] INFO  server.RaftServerConfigKeys (ConfUtils.java:logGet(46)) - raft.server.log.purge.upto.snapshot.index = false (default)
2024-01-26 13:20:14,404 [grpc-default-executor-0] INFO  server.RaftServer (RaftServerProxy.java:addNew(100)) - 3245821d-006a-4b2e-a5ee-2fe443b67b2f: addNew group-5BE1FB646630:[fed085ba-920d-45a3-8aa6-0ed8c2482a63|10.1.0.20:15139, 3245821d-006a-4b2e-a5ee-2fe443b67b2f|10.1.0.20:15148, 97e940e6-23da-4943-8422-3d5ca177be46|10.1.0.20:15130] returns group-5BE1FB646630:java.util.concurrent.CompletableFuture@41b6c12b[Not completed]
2024-01-26 13:20:14,405 [3245821d-006a-4b2e-a5ee-2fe443b67b2f-groupManagement] INFO  server.RaftServer$Division (RaftServerImpl.java:<init>(256)) - 3245821d-006a-4b2e-a5ee-2fe443b67b2f: new RaftServerImpl for group-5BE1FB646630:[fed085ba-920d-45a3-8aa6-0ed8c2482a63|10.1.0.20:15139, 3245821d-006a-4b2e-a5ee-2fe443b67b2f|10.1.0.20:15148, 97e940e6-23da-4943-8422-3d5ca177be46|10.1.0.20:15130] with ContainerStateMachine:uninitialized
2024-01-26 13:20:14,405 [3245821d-006a-4b2e-a5ee-2fe443b67b2f-groupManagement] INFO  server.RaftServerConfigKeys (ConfUtils.java:logGet(46)) - raft.server.rpc.timeout.min = 5s (custom)
2024-01-26 13:20:14,405 [3245821d-006a-4b2e-a5ee-2fe443b67b2f-groupManagement] INFO  server.RaftServerConfigKeys (ConfUtils.java:logGet(46)) - raft.server.rpc.timeout.max = 5200ms (custom)
2024-01-26 13:20:14,405 [3245821d-006a-4b2e-a5ee-2fe443b67b2f-groupManagement] INFO  server.RaftServerConfigKeys (ConfUtils.java:logGet(46)) - raft.server.rpc.sleep.time = 25ms (default)
2024-01-26 13:20:14,405 [3245821d-006a-4b2e-a5ee-2fe443b67b2f-groupManagement] INFO  server.RaftServerConfigKeys (ConfUtils.java:logGet(46)) - raft.server.rpc.slowness.timeout = 300000ms (custom)
2024-01-26 13:20:14,405 [3245821d-006a-4b2e-a5ee-2fe443b67b2f-groupManagement] INFO  server.RaftServerConfigKeys (ConfUtils.java:logGet(46)) - raft.server.leaderelection.leader.step-down.wait-time = 10s (default)
2024-01-26 13:20:14,405 [3245821d-006a-4b2e-a5ee-2fe443b67b2f-groupManagement] INFO  server.RaftServerConfigKeys (ConfUtils.java:logGet(46)) - raft.server.leaderelection.member.majority-add = false (default)
2024-01-26 13:20:14,405 [3245821d-006a-4b2e-a5ee-2fe443b67b2f-groupManagement] INFO  server.RaftServerConfigKeys (ConfUtils.java:logGet(46)) - raft.server.sleep.deviation.threshold = 300ms (default)
2024-01-26 13:20:14,405 [3245821d-006a-4b2e-a5ee-2fe443b67b2f-groupManagement] INFO  server.RaftServer$Division (ServerState.java:<init>(113)) - 3245821d-006a-4b2e-a5ee-2fe443b67b2f@group-5BE1FB646630: ConfigurationManager, init=-1: peers:[fed085ba-920d-45a3-8aa6-0ed8c2482a63|10.1.0.20:15139, 3245821d-006a-4b2e-a5ee-2fe443b67b2f|10.1.0.20:15148, 97e940e6-23da-4943-8422-3d5ca177be46|10.1.0.20:15130]|listeners:[], old=null, confs=<EMPTY_MAP>
2024-01-26 13:20:14,406 [3245821d-006a-4b2e-a5ee-2fe443b67b2f-groupManagement] INFO  server.RaftServerConfigKeys (ConfUtils.java:logGet(46)) - raft.server.notification.no-leader.timeout = 300000ms (custom)
2024-01-26 13:20:14,406 [3245821d-006a-4b2e-a5ee-2fe443b67b2f-groupManagement] INFO  server.RaftServerConfigKeys (ConfUtils.java:logGet(46)) - raft.server.read.timeout = 10s (default)
2024-01-26 13:20:14,406 [3245821d-006a-4b2e-a5ee-2fe443b67b2f-groupManagement] INFO  server.RaftServerConfigKeys (ConfUtils.java:logGet(46)) - raft.server.retrycache.expirytime = 600000ms (custom)
2024-01-26 13:20:14,406 [3245821d-006a-4b2e-a5ee-2fe443b67b2f-groupManagement] INFO  server.RaftServerConfigKeys (ConfUtils.java:logGet(46)) - raft.server.retrycache.statistics.expirytime = 100ms (default)
2024-01-26 13:20:14,406 [3245821d-006a-4b2e-a5ee-2fe443b67b2f-groupManagement] INFO  server.RaftServerConfigKeys (ConfUtils.java:logGet(46)) - raft.server.read.option = DEFAULT (default)
2024-01-26 13:20:14,406 [3245821d-006a-4b2e-a5ee-2fe443b67b2f-groupManagement] INFO  server.RaftServerConfigKeys (ConfUtils.java:logGet(46)) - raft.server.read.read-after-write-consistent.write-index-cache.expiry-time = 60s (default)
2024-01-26 13:20:14,408 [3245821d-006a-4b2e-a5ee-2fe443b67b2f-groupManagement] INFO  server.RaftServerConfigKeys (ConfUtils.java:logGet(46)) - raft.server.rpc.request.timeout = 3000ms (default)
2024-01-26 13:20:14,408 [3245821d-006a-4b2e-a5ee-2fe443b67b2f-groupManagement] INFO  server.RaftServerConfigKeys (ConfUtils.java:logGet(46)) - raft.server.log.appender.install.snapshot.enabled = false (custom)
2024-01-26 13:20:14,408 [3245821d-006a-4b2e-a5ee-2fe443b67b2f-groupManagement] INFO  server.RaftServerConfigKeys (ConfUtils.java:logGet(46)) - raft.server.threadpool.server.cached = true (default)
2024-01-26 13:20:14,408 [3245821d-006a-4b2e-a5ee-2fe443b67b2f-groupManagement] INFO  server.RaftServerConfigKeys (ConfUtils.java:logGet(46)) - raft.server.threadpool.server.size = 0 (default)
2024-01-26 13:20:14,408 [3245821d-006a-4b2e-a5ee-2fe443b67b2f-groupManagement] INFO  server.RaftServerConfigKeys (ConfUtils.java:logGet(46)) - raft.server.threadpool.client.cached = true (default)
2024-01-26 13:20:14,408 [3245821d-006a-4b2e-a5ee-2fe443b67b2f-groupManagement] INFO  server.RaftServerConfigKeys (ConfUtils.java:logGet(46)) - raft.server.threadpool.client.size = 0 (default)
2024-01-26 13:20:14,408 [3245821d-006a-4b2e-a5ee-2fe443b67b2f-groupManagement] INFO  server.RaftServerConfigKeys (ConfUtils.java:logGet(46)) - raft.server.storage.free-space.min = 0MB (=0) (default)
2024-01-26 13:20:14,408 [3245821d-006a-4b2e-a5ee-2fe443b67b2f-groupManagement] INFO  server.RaftServerConfigKeys (ConfUtils.java:logGet(46)) - raft.server.log.corruption.policy = EXCEPTION (default)
2024-01-26 13:20:14,408 [3245821d-006a-4b2e-a5ee-2fe443b67b2f-groupManagement] INFO  server.RaftServerConfigKeys (ConfUtils.java:logGet(46)) - raft.server.storage.dir = [/home/runner/work/ozone/ozone/hadoop-ozone/integration-test/target/test-dir/MiniOzoneClusterImpl-6bed2868-cd70-4a3d-a9ed-67052a48ddc2/datanode-5/data/ratis] (custom)
2024-01-26 13:20:14,409 [3245821d-006a-4b2e-a5ee-2fe443b67b2f-groupManagement] INFO  storage.RaftStorageDirectory (RaftStorageDirectoryImpl.java:analyzeStorage(138)) - The storage directory /home/runner/work/ozone/ozone/hadoop-ozone/integration-test/target/test-dir/MiniOzoneClusterImpl-6bed2868-cd70-4a3d-a9ed-67052a48ddc2/datanode-5/data/ratis/576eb791-4d51-49ee-82d4-5be1fb646630 does not exist. Creating ...
2024-01-26 13:20:14,410 [3245821d-006a-4b2e-a5ee-2fe443b67b2f-groupManagement] INFO  storage.RaftStorageDirectory (RaftStorageDirectoryImpl.java:tryLock(228)) - Lock on /home/runner/work/ozone/ozone/hadoop-ozone/integration-test/target/test-dir/MiniOzoneClusterImpl-6bed2868-cd70-4a3d-a9ed-67052a48ddc2/datanode-5/data/ratis/576eb791-4d51-49ee-82d4-5be1fb646630/in_use.lock acquired by nodename 73218@fv-az983-443
2024-01-26 13:20:14,411 [3245821d-006a-4b2e-a5ee-2fe443b67b2f-groupManagement] INFO  storage.RaftStorage (RaftStorageImpl.java:format(99)) - Storage directory /home/runner/work/ozone/ozone/hadoop-ozone/integration-test/target/test-dir/MiniOzoneClusterImpl-6bed2868-cd70-4a3d-a9ed-67052a48ddc2/datanode-5/data/ratis/576eb791-4d51-49ee-82d4-5be1fb646630 has been successfully formatted.
2024-01-26 13:20:14,411 [3245821d-006a-4b2e-a5ee-2fe443b67b2f-groupManagement] WARN  util.FileUtils (LogUtils.java:supplyAndLog(63)) - Failed to Files.newInputStream /home/runner/work/ozone/ozone/hadoop-ozone/integration-test/target/test-dir/MiniOzoneClusterImpl-6bed2868-cd70-4a3d-a9ed-67052a48ddc2/datanode-5/data/ratis/576eb791-4d51-49ee-82d4-5be1fb646630/current/raft-meta.conf with options []: java.nio.file.NoSuchFileException: /home/runner/work/ozone/ozone/hadoop-ozone/integration-test/target/test-dir/MiniOzoneClusterImpl-6bed2868-cd70-4a3d-a9ed-67052a48ddc2/datanode-5/data/ratis/576eb791-4d51-49ee-82d4-5be1fb646630/current/raft-meta.conf
2024-01-26 13:20:14,413 [3245821d-006a-4b2e-a5ee-2fe443b67b2f-groupManagement] INFO  ratis.ContainerStateMachine (ContainerStateMachine.java:loadSnapshot(287)) - group-5BE1FB646630: The snapshot info is null. Setting the last applied index to:(t:0, i:~)
2024-01-26 13:20:14,413 [3245821d-006a-4b2e-a5ee-2fe443b67b2f-groupManagement] INFO  server.RaftServerConfigKeys (ConfUtils.java:logGet(46)) - raft.server.log.use.memory = false (default)
2024-01-26 13:20:14,413 [3245821d-006a-4b2e-a5ee-2fe443b67b2f-groupManagement] INFO  server.RaftServerConfigKeys (ConfUtils.java:logGet(46)) - raft.server.log.purge.gap = 1000000 (custom)
2024-01-26 13:20:14,413 [3245821d-006a-4b2e-a5ee-2fe443b67b2f-groupManagement] INFO  server.RaftServerConfigKeys (ConfUtils.java:logGet(46)) - raft.server.log.appender.buffer.byte-limit = 8388608 (custom)
2024-01-26 13:20:14,413 [3245821d-006a-4b2e-a5ee-2fe443b67b2f-groupManagement] INFO  server.RaftServerConfigKeys (ConfUtils.java:logGet(46)) - raft.server.log.statemachine.data.read.timeout = 1000ms (default)
2024-01-26 13:20:14,413 [3245821d-006a-4b2e-a5ee-2fe443b67b2f-groupManagement] INFO  server.RaftServerConfigKeys (ConfUtils.java:logGet(46)) - raft.server.log.purge.preservation.log.num = 0 (default)
2024-01-26 13:20:14,415 [3245821d-006a-4b2e-a5ee-2fe443b67b2f-groupManagement] INFO  server.RaftServerConfigKeys (ConfUtils.java:logGet(46)) - raft.server.log.segment.size.max = 67108864 (custom)
2024-01-26 13:20:14,415 [3245821d-006a-4b2e-a5ee-2fe443b67b2f-groupManagement] INFO  server.RaftServerConfigKeys (ConfUtils.java:logGet(46)) - raft.server.log.segment.cache.num.max = 2 (custom)
2024-01-26 13:20:14,415 [3245821d-006a-4b2e-a5ee-2fe443b67b2f-groupManagement] INFO  server.RaftServerConfigKeys (ConfUtils.java:logGet(46)) - raft.server.log.segment.cache.size.max = 200MB (=209715200) (default)
2024-01-26 13:20:14,415 [3245821d-006a-4b2e-a5ee-2fe443b67b2f-groupManagement] INFO  server.RaftServerConfigKeys (ConfUtils.java:logGet(46)) - raft.server.log.appender.buffer.byte-limit = 8388608 (custom)
2024-01-26 13:20:14,420 [3245821d-006a-4b2e-a5ee-2fe443b67b2f-groupManagement] INFO  util.AwaitToRun (AwaitToRun.java:start(81)) - Thread[3245821d-006a-4b2e-a5ee-2fe443b67b2f@group-5BE1FB646630-cacheEviction-AwaitToRun,5,main] started
2024-01-26 13:20:14,420 [3245821d-006a-4b2e-a5ee-2fe443b67b2f-groupManagement] INFO  segmented.SegmentedRaftLogWorker (SegmentedRaftLogWorker.java:<init>(182)) - new 3245821d-006a-4b2e-a5ee-2fe443b67b2f@group-5BE1FB646630-SegmentedRaftLogWorker for RaftStorageImpl:Storage Directory /home/runner/work/ozone/ozone/hadoop-ozone/integration-test/target/test-dir/MiniOzoneClusterImpl-6bed2868-cd70-4a3d-a9ed-67052a48ddc2/datanode-5/data/ratis/576eb791-4d51-49ee-82d4-5be1fb646630
2024-01-26 13:20:14,420 [3245821d-006a-4b2e-a5ee-2fe443b67b2f-groupManagement] INFO  server.RaftServerConfigKeys (ConfUtils.java:logGet(46)) - raft.server.log.queue.byte-limit = 4294967296 (custom)
2024-01-26 13:20:14,420 [3245821d-006a-4b2e-a5ee-2fe443b67b2f-groupManagement] INFO  server.RaftServerConfigKeys (ConfUtils.java:logGet(46)) - raft.server.log.queue.element-limit = 1024 (custom)
2024-01-26 13:20:14,421 [3245821d-006a-4b2e-a5ee-2fe443b67b2f-groupManagement] INFO  server.RaftServerConfigKeys (ConfUtils.java:logGet(46)) - raft.server.log.segment.size.max = 67108864 (custom)
2024-01-26 13:20:14,421 [3245821d-006a-4b2e-a5ee-2fe443b67b2f-groupManagement] INFO  server.RaftServerConfigKeys (ConfUtils.java:logGet(46)) - raft.server.log.preallocated.size = 4194304 (custom)
2024-01-26 13:20:14,421 [3245821d-006a-4b2e-a5ee-2fe443b67b2f-groupManagement] INFO  server.RaftServerConfigKeys (ConfUtils.java:logGet(46)) - raft.server.log.force.sync.num = 128 (default)
2024-01-26 13:20:14,421 [3245821d-006a-4b2e-a5ee-2fe443b67b2f-groupManagement] INFO  server.RaftServerConfigKeys (ConfUtils.java:logGet(46)) - raft.server.log.statemachine.data.sync = true (default)
2024-01-26 13:20:14,421 [3245821d-006a-4b2e-a5ee-2fe443b67b2f-groupManagement] INFO  server.RaftServerConfigKeys (ConfUtils.java:logGet(46)) - raft.server.log.statemachine.data.sync.timeout = 10s (default)
2024-01-26 13:20:14,421 [3245821d-006a-4b2e-a5ee-2fe443b67b2f-groupManagement] INFO  server.RaftServerConfigKeys (ConfUtils.java:logGet(46)) - raft.server.log.statemachine.data.sync.timeout.retry = 0 (custom)
2024-01-26 13:20:14,421 [3245821d-006a-4b2e-a5ee-2fe443b67b2f-groupManagement] INFO  server.RaftServerConfigKeys (ConfUtils.java:logGet(46)) - raft.server.log.write.buffer.size = 8388616 (custom)
2024-01-26 13:20:14,423 [3245821d-006a-4b2e-a5ee-2fe443b67b2f-groupManagement] INFO  server.RaftServerConfigKeys (ConfUtils.java:logGet(46)) - raft.server.log.appender.buffer.byte-limit = 8388608 (custom)
2024-01-26 13:20:14,424 [3245821d-006a-4b2e-a5ee-2fe443b67b2f-groupManagement] INFO  server.RaftServerConfigKeys (ConfUtils.java:logGet(46)) - raft.server.log.unsafe-flush.enabled = false (default)
2024-01-26 13:20:14,424 [3245821d-006a-4b2e-a5ee-2fe443b67b2f-groupManagement] INFO  server.RaftServerConfigKeys (ConfUtils.java:logGet(46)) - raft.server.log.async-flush.enabled = false (default)
2024-01-26 13:20:14,424 [3245821d-006a-4b2e-a5ee-2fe443b67b2f-groupManagement] INFO  server.RaftServerConfigKeys (ConfUtils.java:logGet(46)) - raft.server.log.statemachine.data.caching.enabled = true (custom)
2024-01-26 13:20:14,424 [3245821d-006a-4b2e-a5ee-2fe443b67b2f-groupManagement] INFO  segmented.SegmentedRaftLogWorker (SegmentedRaftLogWorker.java:lambda$new$0(134)) - 3245821d-006a-4b2e-a5ee-2fe443b67b2f@group-5BE1FB646630-SegmentedRaftLogWorker: flushIndex: setUnconditionally 0 -> -1
2024-01-26 13:20:14,424 [3245821d-006a-4b2e-a5ee-2fe443b67b2f-groupManagement] INFO  segmented.SegmentedRaftLogWorker (SegmentedRaftLogWorker.java:lambda$new$0(134)) - 3245821d-006a-4b2e-a5ee-2fe443b67b2f@group-5BE1FB646630-SegmentedRaftLogWorker: safeCacheEvictIndex: setUnconditionally 0 -> -1
2024-01-26 13:20:14,424 [3245821d-006a-4b2e-a5ee-2fe443b67b2f-groupManagement] INFO  server.RaftServer$Division (RaftServerImpl.java:start(396)) - 3245821d-006a-4b2e-a5ee-2fe443b67b2f@group-5BE1FB646630: start as a follower, conf=-1: peers:[fed085ba-920d-45a3-8aa6-0ed8c2482a63|10.1.0.20:15139, 3245821d-006a-4b2e-a5ee-2fe443b67b2f|10.1.0.20:15148, 97e940e6-23da-4943-8422-3d5ca177be46|10.1.0.20:15130]|listeners:[], old=null
2024-01-26 13:20:14,424 [3245821d-006a-4b2e-a5ee-2fe443b67b2f-groupManagement] INFO  server.RaftServer$Division (RaftServerImpl.java:setRole(383)) - 3245821d-006a-4b2e-a5ee-2fe443b67b2f@group-5BE1FB646630: changes role from      null to FOLLOWER at term 0 for startAsFollower
2024-01-26 13:20:14,424 [3245821d-006a-4b2e-a5ee-2fe443b67b2f-groupManagement] INFO  impl.RoleInfo (RoleInfo.java:updateAndGet(139)) - 3245821d-006a-4b2e-a5ee-2fe443b67b2f: start 3245821d-006a-4b2e-a5ee-2fe443b67b2f@group-5BE1FB646630-FollowerState
2024-01-26 13:20:14,425 [3245821d-006a-4b2e-a5ee-2fe443b67b2f@group-5BE1FB646630-FollowerState] INFO  server.RaftServerConfigKeys (ConfUtils.java:logFallback(53)) - raft.server.rpc.first-election.timeout.min = 5s (fallback to raft.server.rpc.timeout.min)
2024-01-26 13:20:14,425 [3245821d-006a-4b2e-a5ee-2fe443b67b2f-groupManagement] INFO  util.JmxRegister (JmxRegister.java:tryRegister(44)) - Successfully registered JMX Bean with object name Ratis:service=RaftServer,group=group-5BE1FB646630,id=3245821d-006a-4b2e-a5ee-2fe443b67b2f
2024-01-26 13:20:14,425 [3245821d-006a-4b2e-a5ee-2fe443b67b2f@group-5BE1FB646630-FollowerState] INFO  server.RaftServerConfigKeys (ConfUtils.java:logFallback(53)) - raft.server.rpc.first-election.timeout.max = 5200ms (fallback to raft.server.rpc.timeout.max)
2024-01-26 13:20:14,425 [3245821d-006a-4b2e-a5ee-2fe443b67b2f-groupManagement] INFO  server.RaftServerConfigKeys (ConfUtils.java:logGet(46)) - raft.server.snapshot.trigger-when-stop.enabled = true (default)
2024-01-26 13:20:14,425 [3245821d-006a-4b2e-a5ee-2fe443b67b2f-groupManagement] INFO  server.RaftServerConfigKeys (ConfUtils.java:logGet(46)) - raft.server.snapshot.auto.trigger.enabled = true (custom)
2024-01-26 13:20:14,425 [3245821d-006a-4b2e-a5ee-2fe443b67b2f-groupManagement] INFO  server.RaftServerConfigKeys (ConfUtils.java:logGet(46)) - raft.server.snapshot.auto.trigger.threshold = 10000 (custom)
2024-01-26 13:20:14,425 [3245821d-006a-4b2e-a5ee-2fe443b67b2f-groupManagement] INFO  server.RaftServerConfigKeys (ConfUtils.java:logGet(46)) - raft.server.snapshot.retention.file.num = 5 (custom)
2024-01-26 13:20:14,425 [3245821d-006a-4b2e-a5ee-2fe443b67b2f-groupManagement] INFO  server.RaftServerConfigKeys (ConfUtils.java:logGet(46)) - raft.server.log.purge.upto.snapshot.index = false (default)
2024-01-26 13:20:14,435 [97e940e6-23da-4943-8422-3d5ca177be46-PipelineCommandHandlerThread-0] INFO  commandhandler.CreatePipelineCommandHandler (CreatePipelineCommandHandler.java:lambda$handle$2(124)) - Created Pipeline RATIS THREE PipelineID=576eb791-4d51-49ee-82d4-5be1fb646630.
2024-01-26 13:20:14,444 [fed085ba-920d-45a3-8aa6-0ed8c2482a63-PipelineCommandHandlerThread-0] INFO  server.RaftServer (RaftServerProxy.java:addNew(100)) - fed085ba-920d-45a3-8aa6-0ed8c2482a63: addNew group-D2C40393F55B:[fed085ba-920d-45a3-8aa6-0ed8c2482a63|10.1.0.20:15139] returns group-D2C40393F55B:java.util.concurrent.CompletableFuture@2f555deb[Not completed]
2024-01-26 13:20:14,444 [fed085ba-920d-45a3-8aa6-0ed8c2482a63-groupManagement] INFO  server.RaftServer$Division (RaftServerImpl.java:<init>(256)) - fed085ba-920d-45a3-8aa6-0ed8c2482a63: new RaftServerImpl for group-D2C40393F55B:[fed085ba-920d-45a3-8aa6-0ed8c2482a63|10.1.0.20:15139] with ContainerStateMachine:uninitialized
2024-01-26 13:20:14,445 [fed085ba-920d-45a3-8aa6-0ed8c2482a63-groupManagement] INFO  server.RaftServerConfigKeys (ConfUtils.java:logGet(46)) - raft.server.rpc.timeout.min = 5s (custom)
2024-01-26 13:20:14,445 [fed085ba-920d-45a3-8aa6-0ed8c2482a63-groupManagement] INFO  server.RaftServerConfigKeys (ConfUtils.java:logGet(46)) - raft.server.rpc.timeout.max = 5200ms (custom)
2024-01-26 13:20:14,445 [fed085ba-920d-45a3-8aa6-0ed8c2482a63-groupManagement] INFO  server.RaftServerConfigKeys (ConfUtils.java:logGet(46)) - raft.server.rpc.sleep.time = 25ms (default)
2024-01-26 13:20:14,445 [fed085ba-920d-45a3-8aa6-0ed8c2482a63-groupManagement] INFO  server.RaftServerConfigKeys (ConfUtils.java:logGet(46)) - raft.server.rpc.slowness.timeout = 300000ms (custom)
2024-01-26 13:20:14,445 [fed085ba-920d-45a3-8aa6-0ed8c2482a63-groupManagement] INFO  server.RaftServerConfigKeys (ConfUtils.java:logGet(46)) - raft.server.leaderelection.leader.step-down.wait-time = 10s (default)
2024-01-26 13:20:14,445 [fed085ba-920d-45a3-8aa6-0ed8c2482a63-groupManagement] INFO  server.RaftServerConfigKeys (ConfUtils.java:logGet(46)) - raft.server.leaderelection.member.majority-add = false (default)
2024-01-26 13:20:14,445 [fed085ba-920d-45a3-8aa6-0ed8c2482a63-groupManagement] INFO  server.RaftServerConfigKeys (ConfUtils.java:logGet(46)) - raft.server.sleep.deviation.threshold = 300ms (default)
2024-01-26 13:20:14,445 [fed085ba-920d-45a3-8aa6-0ed8c2482a63-groupManagement] INFO  server.RaftServer$Division (ServerState.java:<init>(113)) - fed085ba-920d-45a3-8aa6-0ed8c2482a63@group-D2C40393F55B: ConfigurationManager, init=-1: peers:[fed085ba-920d-45a3-8aa6-0ed8c2482a63|10.1.0.20:15139]|listeners:[], old=null, confs=<EMPTY_MAP>
2024-01-26 13:20:14,445 [fed085ba-920d-45a3-8aa6-0ed8c2482a63-groupManagement] INFO  server.RaftServerConfigKeys (ConfUtils.java:logGet(46)) - raft.server.notification.no-leader.timeout = 300000ms (custom)
2024-01-26 13:20:14,445 [fed085ba-920d-45a3-8aa6-0ed8c2482a63-groupManagement] INFO  server.RaftServerConfigKeys (ConfUtils.java:logGet(46)) - raft.server.read.timeout = 10s (default)
2024-01-26 13:20:14,445 [fed085ba-920d-45a3-8aa6-0ed8c2482a63-groupManagement] INFO  server.RaftServerConfigKeys (ConfUtils.java:logGet(46)) - raft.server.retrycache.expirytime = 600000ms (custom)
2024-01-26 13:20:14,445 [fed085ba-920d-45a3-8aa6-0ed8c2482a63-groupManagement] INFO  server.RaftServerConfigKeys (ConfUtils.java:logGet(46)) - raft.server.retrycache.statistics.expirytime = 100ms (default)
2024-01-26 13:20:14,445 [fed085ba-920d-45a3-8aa6-0ed8c2482a63-groupManagement] INFO  server.RaftServerConfigKeys (ConfUtils.java:logGet(46)) - raft.server.read.option = DEFAULT (default)
2024-01-26 13:20:14,445 [fed085ba-920d-45a3-8aa6-0ed8c2482a63-groupManagement] INFO  server.RaftServerConfigKeys (ConfUtils.java:logGet(46)) - raft.server.read.read-after-write-consistent.write-index-cache.expiry-time = 60s (default)
2024-01-26 13:20:14,447 [fed085ba-920d-45a3-8aa6-0ed8c2482a63-groupManagement] INFO  server.RaftServerConfigKeys (ConfUtils.java:logGet(46)) - raft.server.rpc.request.timeout = 3000ms (default)
2024-01-26 13:20:14,447 [fed085ba-920d-45a3-8aa6-0ed8c2482a63-groupManagement] INFO  server.RaftServerConfigKeys (ConfUtils.java:logGet(46)) - raft.server.log.appender.install.snapshot.enabled = false (custom)
2024-01-26 13:20:14,447 [fed085ba-920d-45a3-8aa6-0ed8c2482a63-groupManagement] INFO  server.RaftServerConfigKeys (ConfUtils.java:logGet(46)) - raft.server.threadpool.server.cached = true (default)
2024-01-26 13:20:14,447 [fed085ba-920d-45a3-8aa6-0ed8c2482a63-groupManagement] INFO  server.RaftServerConfigKeys (ConfUtils.java:logGet(46)) - raft.server.threadpool.server.size = 0 (default)
2024-01-26 13:20:14,447 [fed085ba-920d-45a3-8aa6-0ed8c2482a63-groupManagement] INFO  server.RaftServerConfigKeys (ConfUtils.java:logGet(46)) - raft.server.threadpool.client.cached = true (default)
2024-01-26 13:20:14,447 [fed085ba-920d-45a3-8aa6-0ed8c2482a63-groupManagement] INFO  server.RaftServerConfigKeys (ConfUtils.java:logGet(46)) - raft.server.threadpool.client.size = 0 (default)
2024-01-26 13:20:14,447 [fed085ba-920d-45a3-8aa6-0ed8c2482a63-groupManagement] INFO  server.RaftServerConfigKeys (ConfUtils.java:logGet(46)) - raft.server.storage.free-space.min = 0MB (=0) (default)
2024-01-26 13:20:14,447 [fed085ba-920d-45a3-8aa6-0ed8c2482a63-groupManagement] INFO  server.RaftServerConfigKeys (ConfUtils.java:logGet(46)) - raft.server.log.corruption.policy = EXCEPTION (default)
2024-01-26 13:20:14,447 [fed085ba-920d-45a3-8aa6-0ed8c2482a63-groupManagement] INFO  server.RaftServerConfigKeys (ConfUtils.java:logGet(46)) - raft.server.storage.dir = [/home/runner/work/ozone/ozone/hadoop-ozone/integration-test/target/test-dir/MiniOzoneClusterImpl-6bed2868-cd70-4a3d-a9ed-67052a48ddc2/datanode-4/data/ratis] (custom)
2024-01-26 13:20:14,447 [fed085ba-920d-45a3-8aa6-0ed8c2482a63-groupManagement] INFO  storage.RaftStorageDirectory (RaftStorageDirectoryImpl.java:analyzeStorage(138)) - The storage directory /home/runner/work/ozone/ozone/hadoop-ozone/integration-test/target/test-dir/MiniOzoneClusterImpl-6bed2868-cd70-4a3d-a9ed-67052a48ddc2/datanode-4/data/ratis/c707d353-77f0-41d0-818a-d2c40393f55b does not exist. Creating ...
2024-01-26 13:20:14,448 [fed085ba-920d-45a3-8aa6-0ed8c2482a63-groupManagement] INFO  storage.RaftStorageDirectory (RaftStorageDirectoryImpl.java:tryLock(228)) - Lock on /home/runner/work/ozone/ozone/hadoop-ozone/integration-test/target/test-dir/MiniOzoneClusterImpl-6bed2868-cd70-4a3d-a9ed-67052a48ddc2/datanode-4/data/ratis/c707d353-77f0-41d0-818a-d2c40393f55b/in_use.lock acquired by nodename 73218@fv-az983-443
2024-01-26 13:20:14,449 [fed085ba-920d-45a3-8aa6-0ed8c2482a63-groupManagement] INFO  storage.RaftStorage (RaftStorageImpl.java:format(99)) - Storage directory /home/runner/work/ozone/ozone/hadoop-ozone/integration-test/target/test-dir/MiniOzoneClusterImpl-6bed2868-cd70-4a3d-a9ed-67052a48ddc2/datanode-4/data/ratis/c707d353-77f0-41d0-818a-d2c40393f55b has been successfully formatted.
2024-01-26 13:20:14,450 [fed085ba-920d-45a3-8aa6-0ed8c2482a63-groupManagement] WARN  util.FileUtils (LogUtils.java:supplyAndLog(63)) - Failed to Files.newInputStream /home/runner/work/ozone/ozone/hadoop-ozone/integration-test/target/test-dir/MiniOzoneClusterImpl-6bed2868-cd70-4a3d-a9ed-67052a48ddc2/datanode-4/data/ratis/c707d353-77f0-41d0-818a-d2c40393f55b/current/raft-meta.conf with options []: java.nio.file.NoSuchFileException: /home/runner/work/ozone/ozone/hadoop-ozone/integration-test/target/test-dir/MiniOzoneClusterImpl-6bed2868-cd70-4a3d-a9ed-67052a48ddc2/datanode-4/data/ratis/c707d353-77f0-41d0-818a-d2c40393f55b/current/raft-meta.conf
2024-01-26 13:20:14,450 [fed085ba-920d-45a3-8aa6-0ed8c2482a63-groupManagement] INFO  ratis.ContainerStateMachine (ContainerStateMachine.java:loadSnapshot(287)) - group-D2C40393F55B: The snapshot info is null. Setting the last applied index to:(t:0, i:~)
2024-01-26 13:20:14,450 [fed085ba-920d-45a3-8aa6-0ed8c2482a63-groupManagement] INFO  server.RaftServerConfigKeys (ConfUtils.java:logGet(46)) - raft.server.log.use.memory = false (default)
2024-01-26 13:20:14,450 [fed085ba-920d-45a3-8aa6-0ed8c2482a63-groupManagement] INFO  server.RaftServerConfigKeys (ConfUtils.java:logGet(46)) - raft.server.log.purge.gap = 1000000 (custom)
2024-01-26 13:20:14,450 [fed085ba-920d-45a3-8aa6-0ed8c2482a63-groupManagement] INFO  server.RaftServerConfigKeys (ConfUtils.java:logGet(46)) - raft.server.log.appender.buffer.byte-limit = 8388608 (custom)
2024-01-26 13:20:14,450 [fed085ba-920d-45a3-8aa6-0ed8c2482a63-groupManagement] INFO  server.RaftServerConfigKeys (ConfUtils.java:logGet(46)) - raft.server.log.statemachine.data.read.timeout = 1000ms (default)
2024-01-26 13:20:14,450 [fed085ba-920d-45a3-8aa6-0ed8c2482a63-groupManagement] INFO  server.RaftServerConfigKeys (ConfUtils.java:logGet(46)) - raft.server.log.purge.preservation.log.num = 0 (default)
2024-01-26 13:20:14,452 [EventQueue-PipelineReportForPipelineReportHandler] INFO  pipeline.PipelineReportHandler (PipelineReportHandler.java:processPipelineReport(136)) - Opened pipeline PipelineID=c707d353-77f0-41d0-818a-d2c40393f55b
2024-01-26 13:20:14,452 [fed085ba-920d-45a3-8aa6-0ed8c2482a63-groupManagement] INFO  server.RaftServerConfigKeys (ConfUtils.java:logGet(46)) - raft.server.log.segment.size.max = 67108864 (custom)
2024-01-26 13:20:14,452 [EventQueue-OpenPipelineForHealthyPipelineSafeModeRule] INFO  safemode.SCMSafeModeManager (HealthyPipelineSafeModeRule.java:process(140)) - SCM in safe mode. Healthy pipelines reported count is 0, required healthy pipeline reported count is 1
2024-01-26 13:20:14,452 [fed085ba-920d-45a3-8aa6-0ed8c2482a63-groupManagement] INFO  server.RaftServerConfigKeys (ConfUtils.java:logGet(46)) - raft.server.log.segment.cache.num.max = 2 (custom)
2024-01-26 13:20:14,452 [fed085ba-920d-45a3-8aa6-0ed8c2482a63-groupManagement] INFO  server.RaftServerConfigKeys (ConfUtils.java:logGet(46)) - raft.server.log.segment.cache.size.max = 200MB (=209715200) (default)
2024-01-26 13:20:14,452 [fed085ba-920d-45a3-8aa6-0ed8c2482a63-groupManagement] INFO  server.RaftServerConfigKeys (ConfUtils.java:logGet(46)) - raft.server.log.appender.buffer.byte-limit = 8388608 (custom)
2024-01-26 13:20:14,452 [fed085ba-920d-45a3-8aa6-0ed8c2482a63-groupManagement] INFO  util.AwaitToRun (AwaitToRun.java:start(81)) - Thread[fed085ba-920d-45a3-8aa6-0ed8c2482a63@group-D2C40393F55B-cacheEviction-AwaitToRun,5,main] started
2024-01-26 13:20:14,452 [fed085ba-920d-45a3-8aa6-0ed8c2482a63-groupManagement] INFO  segmented.SegmentedRaftLogWorker (SegmentedRaftLogWorker.java:<init>(182)) - new fed085ba-920d-45a3-8aa6-0ed8c2482a63@group-D2C40393F55B-SegmentedRaftLogWorker for RaftStorageImpl:Storage Directory /home/runner/work/ozone/ozone/hadoop-ozone/integration-test/target/test-dir/MiniOzoneClusterImpl-6bed2868-cd70-4a3d-a9ed-67052a48ddc2/datanode-4/data/ratis/c707d353-77f0-41d0-818a-d2c40393f55b
2024-01-26 13:20:14,452 [fed085ba-920d-45a3-8aa6-0ed8c2482a63-groupManagement] INFO  server.RaftServerConfigKeys (ConfUtils.java:logGet(46)) - raft.server.log.queue.byte-limit = 4294967296 (custom)
2024-01-26 13:20:14,452 [fed085ba-920d-45a3-8aa6-0ed8c2482a63-groupManagement] INFO  server.RaftServerConfigKeys (ConfUtils.java:logGet(46)) - raft.server.log.queue.element-limit = 1024 (custom)
2024-01-26 13:20:14,453 [fed085ba-920d-45a3-8aa6-0ed8c2482a63-groupManagement] INFO  server.RaftServerConfigKeys (ConfUtils.java:logGet(46)) - raft.server.log.segment.size.max = 67108864 (custom)
2024-01-26 13:20:14,453 [fed085ba-920d-45a3-8aa6-0ed8c2482a63-groupManagement] INFO  server.RaftServerConfigKeys (ConfUtils.java:logGet(46)) - raft.server.log.preallocated.size = 4194304 (custom)
2024-01-26 13:20:14,453 [fed085ba-920d-45a3-8aa6-0ed8c2482a63-groupManagement] INFO  server.RaftServerConfigKeys (ConfUtils.java:logGet(46)) - raft.server.log.force.sync.num = 128 (default)
2024-01-26 13:20:14,453 [fed085ba-920d-45a3-8aa6-0ed8c2482a63-groupManagement] INFO  server.RaftServerConfigKeys (ConfUtils.java:logGet(46)) - raft.server.log.statemachine.data.sync = true (default)
2024-01-26 13:20:14,453 [fed085ba-920d-45a3-8aa6-0ed8c2482a63-groupManagement] INFO  server.RaftServerConfigKeys (ConfUtils.java:logGet(46)) - raft.server.log.statemachine.data.sync.timeout = 10s (default)
2024-01-26 13:20:14,453 [fed085ba-920d-45a3-8aa6-0ed8c2482a63-groupManagement] INFO  server.RaftServerConfigKeys (ConfUtils.java:logGet(46)) - raft.server.log.statemachine.data.sync.timeout.retry = 0 (custom)
2024-01-26 13:20:14,453 [fed085ba-920d-45a3-8aa6-0ed8c2482a63-groupManagement] INFO  server.RaftServerConfigKeys (ConfUtils.java:logGet(46)) - raft.server.log.write.buffer.size = 8388616 (custom)
2024-01-26 13:20:14,455 [fed085ba-920d-45a3-8aa6-0ed8c2482a63-groupManagement] INFO  server.RaftServerConfigKeys (ConfUtils.java:logGet(46)) - raft.server.log.appender.buffer.byte-limit = 8388608 (custom)
2024-01-26 13:20:14,455 [fed085ba-920d-45a3-8aa6-0ed8c2482a63-groupManagement] INFO  server.RaftServerConfigKeys (ConfUtils.java:logGet(46)) - raft.server.log.unsafe-flush.enabled = false (default)
2024-01-26 13:20:14,455 [fed085ba-920d-45a3-8aa6-0ed8c2482a63-groupManagement] INFO  server.RaftServerConfigKeys (ConfUtils.java:logGet(46)) - raft.server.log.async-flush.enabled = false (default)
2024-01-26 13:20:14,455 [fed085ba-920d-45a3-8aa6-0ed8c2482a63-groupManagement] INFO  server.RaftServerConfigKeys (ConfUtils.java:logGet(46)) - raft.server.log.statemachine.data.caching.enabled = true (custom)
2024-01-26 13:20:14,455 [fed085ba-920d-45a3-8aa6-0ed8c2482a63-groupManagement] INFO  segmented.SegmentedRaftLogWorker (SegmentedRaftLogWorker.java:lambda$new$0(134)) - fed085ba-920d-45a3-8aa6-0ed8c2482a63@group-D2C40393F55B-SegmentedRaftLogWorker: flushIndex: setUnconditionally 0 -> -1
2024-01-26 13:20:14,455 [fed085ba-920d-45a3-8aa6-0ed8c2482a63-groupManagement] INFO  segmented.SegmentedRaftLogWorker (SegmentedRaftLogWorker.java:lambda$new$0(134)) - fed085ba-920d-45a3-8aa6-0ed8c2482a63@group-D2C40393F55B-SegmentedRaftLogWorker: safeCacheEvictIndex: setUnconditionally 0 -> -1
2024-01-26 13:20:14,455 [fed085ba-920d-45a3-8aa6-0ed8c2482a63-groupManagement] INFO  server.RaftServer$Division (RaftServerImpl.java:start(396)) - fed085ba-920d-45a3-8aa6-0ed8c2482a63@group-D2C40393F55B: start as a follower, conf=-1: peers:[fed085ba-920d-45a3-8aa6-0ed8c2482a63|10.1.0.20:15139]|listeners:[], old=null
2024-01-26 13:20:14,456 [fed085ba-920d-45a3-8aa6-0ed8c2482a63-groupManagement] INFO  server.RaftServer$Division (RaftServerImpl.java:setRole(383)) - fed085ba-920d-45a3-8aa6-0ed8c2482a63@group-D2C40393F55B: changes role from      null to FOLLOWER at term 0 for startAsFollower
2024-01-26 13:20:14,456 [fed085ba-920d-45a3-8aa6-0ed8c2482a63-groupManagement] INFO  impl.RoleInfo (RoleInfo.java:updateAndGet(139)) - fed085ba-920d-45a3-8aa6-0ed8c2482a63: start fed085ba-920d-45a3-8aa6-0ed8c2482a63@group-D2C40393F55B-FollowerState
2024-01-26 13:20:14,456 [fed085ba-920d-45a3-8aa6-0ed8c2482a63@group-D2C40393F55B-FollowerState] INFO  server.RaftServerConfigKeys (ConfUtils.java:logFallback(53)) - raft.server.rpc.first-election.timeout.min = 5s (fallback to raft.server.rpc.timeout.min)
2024-01-26 13:20:14,456 [fed085ba-920d-45a3-8aa6-0ed8c2482a63-groupManagement] INFO  util.JmxRegister (JmxRegister.java:tryRegister(44)) - Successfully registered JMX Bean with object name Ratis:service=RaftServer,group=group-D2C40393F55B,id=fed085ba-920d-45a3-8aa6-0ed8c2482a63
2024-01-26 13:20:14,456 [fed085ba-920d-45a3-8aa6-0ed8c2482a63@group-D2C40393F55B-FollowerState] INFO  server.RaftServerConfigKeys (ConfUtils.java:logFallback(53)) - raft.server.rpc.first-election.timeout.max = 5200ms (fallback to raft.server.rpc.timeout.max)
2024-01-26 13:20:14,456 [fed085ba-920d-45a3-8aa6-0ed8c2482a63-groupManagement] INFO  server.RaftServerConfigKeys (ConfUtils.java:logGet(46)) - raft.server.snapshot.trigger-when-stop.enabled = true (default)
2024-01-26 13:20:14,456 [fed085ba-920d-45a3-8aa6-0ed8c2482a63-groupManagement] INFO  server.RaftServerConfigKeys (ConfUtils.java:logGet(46)) - raft.server.snapshot.auto.trigger.enabled = true (custom)
2024-01-26 13:20:14,456 [fed085ba-920d-45a3-8aa6-0ed8c2482a63-groupManagement] INFO  server.RaftServerConfigKeys (ConfUtils.java:logGet(46)) - raft.server.snapshot.auto.trigger.threshold = 10000 (custom)
2024-01-26 13:20:14,456 [fed085ba-920d-45a3-8aa6-0ed8c2482a63-groupManagement] INFO  server.RaftServerConfigKeys (ConfUtils.java:logGet(46)) - raft.server.snapshot.retention.file.num = 5 (custom)
2024-01-26 13:20:14,456 [fed085ba-920d-45a3-8aa6-0ed8c2482a63-groupManagement] INFO  server.RaftServerConfigKeys (ConfUtils.java:logGet(46)) - raft.server.log.purge.upto.snapshot.index = false (default)
2024-01-26 13:20:14,457 [fed085ba-920d-45a3-8aa6-0ed8c2482a63-PipelineCommandHandlerThread-0] INFO  ratis.XceiverServerRatis (XceiverServerRatis.java:addGroup(842)) - Created group PipelineID=c707d353-77f0-41d0-818a-d2c40393f55b
2024-01-26 13:20:14,457 [fed085ba-920d-45a3-8aa6-0ed8c2482a63-PipelineCommandHandlerThread-0] INFO  commandhandler.CreatePipelineCommandHandler (CreatePipelineCommandHandler.java:lambda$handle$2(124)) - Created Pipeline RATIS ONE PipelineID=c707d353-77f0-41d0-818a-d2c40393f55b.
2024-01-26 13:20:14,550 [3245821d-006a-4b2e-a5ee-2fe443b67b2f-PipelineCommandHandlerThread-0] INFO  server.RaftServer (RaftServerProxy.java:addNew(100)) - 3245821d-006a-4b2e-a5ee-2fe443b67b2f: addNew group-4322E11EB022:[3245821d-006a-4b2e-a5ee-2fe443b67b2f|10.1.0.20:15148] returns group-4322E11EB022:java.util.concurrent.CompletableFuture@58043a26[Not completed]
2024-01-26 13:20:14,551 [3245821d-006a-4b2e-a5ee-2fe443b67b2f-groupManagement] INFO  server.RaftServer$Division (RaftServerImpl.java:<init>(256)) - 3245821d-006a-4b2e-a5ee-2fe443b67b2f: new RaftServerImpl for group-4322E11EB022:[3245821d-006a-4b2e-a5ee-2fe443b67b2f|10.1.0.20:15148] with ContainerStateMachine:uninitialized
2024-01-26 13:20:14,551 [3245821d-006a-4b2e-a5ee-2fe443b67b2f-groupManagement] INFO  server.RaftServerConfigKeys (ConfUtils.java:logGet(46)) - raft.server.rpc.timeout.min = 5s (custom)
2024-01-26 13:20:14,551 [3245821d-006a-4b2e-a5ee-2fe443b67b2f-groupManagement] INFO  server.RaftServerConfigKeys (ConfUtils.java:logGet(46)) - raft.server.rpc.timeout.max = 5200ms (custom)
2024-01-26 13:20:14,551 [3245821d-006a-4b2e-a5ee-2fe443b67b2f-groupManagement] INFO  server.RaftServerConfigKeys (ConfUtils.java:logGet(46)) - raft.server.rpc.sleep.time = 25ms (default)
2024-01-26 13:20:14,551 [3245821d-006a-4b2e-a5ee-2fe443b67b2f-groupManagement] INFO  server.RaftServerConfigKeys (ConfUtils.java:logGet(46)) - raft.server.rpc.slowness.timeout = 300000ms (custom)
2024-01-26 13:20:14,551 [3245821d-006a-4b2e-a5ee-2fe443b67b2f-groupManagement] INFO  server.RaftServerConfigKeys (ConfUtils.java:logGet(46)) - raft.server.leaderelection.leader.step-down.wait-time = 10s (default)
2024-01-26 13:20:14,551 [3245821d-006a-4b2e-a5ee-2fe443b67b2f-groupManagement] INFO  server.RaftServerConfigKeys (ConfUtils.java:logGet(46)) - raft.server.leaderelection.member.majority-add = false (default)
2024-01-26 13:20:14,552 [3245821d-006a-4b2e-a5ee-2fe443b67b2f-groupManagement] INFO  server.RaftServerConfigKeys (ConfUtils.java:logGet(46)) - raft.server.sleep.deviation.threshold = 300ms (default)
2024-01-26 13:20:14,552 [3245821d-006a-4b2e-a5ee-2fe443b67b2f-groupManagement] INFO  server.RaftServer$Division (ServerState.java:<init>(113)) - 3245821d-006a-4b2e-a5ee-2fe443b67b2f@group-4322E11EB022: ConfigurationManager, init=-1: peers:[3245821d-006a-4b2e-a5ee-2fe443b67b2f|10.1.0.20:15148]|listeners:[], old=null, confs=<EMPTY_MAP>
2024-01-26 13:20:14,552 [3245821d-006a-4b2e-a5ee-2fe443b67b2f-groupManagement] INFO  server.RaftServerConfigKeys (ConfUtils.java:logGet(46)) - raft.server.notification.no-leader.timeout = 300000ms (custom)
2024-01-26 13:20:14,552 [3245821d-006a-4b2e-a5ee-2fe443b67b2f-groupManagement] INFO  server.RaftServerConfigKeys (ConfUtils.java:logGet(46)) - raft.server.read.timeout = 10s (default)
2024-01-26 13:20:14,552 [3245821d-006a-4b2e-a5ee-2fe443b67b2f-groupManagement] INFO  server.RaftServerConfigKeys (ConfUtils.java:logGet(46)) - raft.server.retrycache.expirytime = 600000ms (custom)
2024-01-26 13:20:14,552 [3245821d-006a-4b2e-a5ee-2fe443b67b2f-groupManagement] INFO  server.RaftServerConfigKeys (ConfUtils.java:logGet(46)) - raft.server.retrycache.statistics.expirytime = 100ms (default)
2024-01-26 13:20:14,552 [3245821d-006a-4b2e-a5ee-2fe443b67b2f-groupManagement] INFO  server.RaftServerConfigKeys (ConfUtils.java:logGet(46)) - raft.server.read.option = DEFAULT (default)
2024-01-26 13:20:14,552 [3245821d-006a-4b2e-a5ee-2fe443b67b2f-groupManagement] INFO  server.RaftServerConfigKeys (ConfUtils.java:logGet(46)) - raft.server.read.read-after-write-consistent.write-index-cache.expiry-time = 60s (default)
2024-01-26 13:20:14,554 [3245821d-006a-4b2e-a5ee-2fe443b67b2f-groupManagement] INFO  server.RaftServerConfigKeys (ConfUtils.java:logGet(46)) - raft.server.rpc.request.timeout = 3000ms (default)
2024-01-26 13:20:14,554 [3245821d-006a-4b2e-a5ee-2fe443b67b2f-groupManagement] INFO  server.RaftServerConfigKeys (ConfUtils.java:logGet(46)) - raft.server.log.appender.install.snapshot.enabled = false (custom)
2024-01-26 13:20:14,554 [3245821d-006a-4b2e-a5ee-2fe443b67b2f-groupManagement] INFO  server.RaftServerConfigKeys (ConfUtils.java:logGet(46)) - raft.server.threadpool.server.cached = true (default)
2024-01-26 13:20:14,554 [3245821d-006a-4b2e-a5ee-2fe443b67b2f-groupManagement] INFO  server.RaftServerConfigKeys (ConfUtils.java:logGet(46)) - raft.server.threadpool.server.size = 0 (default)
2024-01-26 13:20:14,554 [3245821d-006a-4b2e-a5ee-2fe443b67b2f-groupManagement] INFO  server.RaftServerConfigKeys (ConfUtils.java:logGet(46)) - raft.server.threadpool.client.cached = true (default)
2024-01-26 13:20:14,554 [3245821d-006a-4b2e-a5ee-2fe443b67b2f-groupManagement] INFO  server.RaftServerConfigKeys (ConfUtils.java:logGet(46)) - raft.server.threadpool.client.size = 0 (default)
2024-01-26 13:20:14,555 [3245821d-006a-4b2e-a5ee-2fe443b67b2f-groupManagement] INFO  server.RaftServerConfigKeys (ConfUtils.java:logGet(46)) - raft.server.storage.free-space.min = 0MB (=0) (default)
2024-01-26 13:20:14,555 [3245821d-006a-4b2e-a5ee-2fe443b67b2f-groupManagement] INFO  server.RaftServerConfigKeys (ConfUtils.java:logGet(46)) - raft.server.log.corruption.policy = EXCEPTION (default)
2024-01-26 13:20:14,555 [3245821d-006a-4b2e-a5ee-2fe443b67b2f-groupManagement] INFO  server.RaftServerConfigKeys (ConfUtils.java:logGet(46)) - raft.server.storage.dir = [/home/runner/work/ozone/ozone/hadoop-ozone/integration-test/target/test-dir/MiniOzoneClusterImpl-6bed2868-cd70-4a3d-a9ed-67052a48ddc2/datanode-5/data/ratis] (custom)
2024-01-26 13:20:14,555 [3245821d-006a-4b2e-a5ee-2fe443b67b2f-groupManagement] INFO  storage.RaftStorageDirectory (RaftStorageDirectoryImpl.java:analyzeStorage(138)) - The storage directory /home/runner/work/ozone/ozone/hadoop-ozone/integration-test/target/test-dir/MiniOzoneClusterImpl-6bed2868-cd70-4a3d-a9ed-67052a48ddc2/datanode-5/data/ratis/0ccba93a-1a09-4e59-b318-4322e11eb022 does not exist. Creating ...
2024-01-26 13:20:14,556 [3245821d-006a-4b2e-a5ee-2fe443b67b2f-groupManagement] INFO  storage.RaftStorageDirectory (RaftStorageDirectoryImpl.java:tryLock(228)) - Lock on /home/runner/work/ozone/ozone/hadoop-ozone/integration-test/target/test-dir/MiniOzoneClusterImpl-6bed2868-cd70-4a3d-a9ed-67052a48ddc2/datanode-5/data/ratis/0ccba93a-1a09-4e59-b318-4322e11eb022/in_use.lock acquired by nodename 73218@fv-az983-443
2024-01-26 13:20:14,557 [3245821d-006a-4b2e-a5ee-2fe443b67b2f-groupManagement] INFO  storage.RaftStorage (RaftStorageImpl.java:format(99)) - Storage directory /home/runner/work/ozone/ozone/hadoop-ozone/integration-test/target/test-dir/MiniOzoneClusterImpl-6bed2868-cd70-4a3d-a9ed-67052a48ddc2/datanode-5/data/ratis/0ccba93a-1a09-4e59-b318-4322e11eb022 has been successfully formatted.
2024-01-26 13:20:14,557 [3245821d-006a-4b2e-a5ee-2fe443b67b2f-groupManagement] WARN  util.FileUtils (LogUtils.java:supplyAndLog(63)) - Failed to Files.newInputStream /home/runner/work/ozone/ozone/hadoop-ozone/integration-test/target/test-dir/MiniOzoneClusterImpl-6bed2868-cd70-4a3d-a9ed-67052a48ddc2/datanode-5/data/ratis/0ccba93a-1a09-4e59-b318-4322e11eb022/current/raft-meta.conf with options []: java.nio.file.NoSuchFileException: /home/runner/work/ozone/ozone/hadoop-ozone/integration-test/target/test-dir/MiniOzoneClusterImpl-6bed2868-cd70-4a3d-a9ed-67052a48ddc2/datanode-5/data/ratis/0ccba93a-1a09-4e59-b318-4322e11eb022/current/raft-meta.conf
2024-01-26 13:20:14,558 [3245821d-006a-4b2e-a5ee-2fe443b67b2f-groupManagement] INFO  ratis.ContainerStateMachine (ContainerStateMachine.java:loadSnapshot(287)) - group-4322E11EB022: The snapshot info is null. Setting the last applied index to:(t:0, i:~)
2024-01-26 13:20:14,558 [3245821d-006a-4b2e-a5ee-2fe443b67b2f-groupManagement] INFO  server.RaftServerConfigKeys (ConfUtils.java:logGet(46)) - raft.server.log.use.memory = false (default)
2024-01-26 13:20:14,558 [3245821d-006a-4b2e-a5ee-2fe443b67b2f-groupManagement] INFO  server.RaftServerConfigKeys (ConfUtils.java:logGet(46)) - raft.server.log.purge.gap = 1000000 (custom)
2024-01-26 13:20:14,558 [3245821d-006a-4b2e-a5ee-2fe443b67b2f-groupManagement] INFO  server.RaftServerConfigKeys (ConfUtils.java:logGet(46)) - raft.server.log.appender.buffer.byte-limit = 8388608 (custom)
2024-01-26 13:20:14,558 [3245821d-006a-4b2e-a5ee-2fe443b67b2f-groupManagement] INFO  server.RaftServerConfigKeys (ConfUtils.java:logGet(46)) - raft.server.log.statemachine.data.read.timeout = 1000ms (default)
2024-01-26 13:20:14,558 [3245821d-006a-4b2e-a5ee-2fe443b67b2f-groupManagement] INFO  server.RaftServerConfigKeys (ConfUtils.java:logGet(46)) - raft.server.log.purge.preservation.log.num = 0 (default)
2024-01-26 13:20:14,559 [3245821d-006a-4b2e-a5ee-2fe443b67b2f-groupManagement] INFO  server.RaftServerConfigKeys (ConfUtils.java:logGet(46)) - raft.server.log.segment.size.max = 67108864 (custom)
2024-01-26 13:20:14,559 [3245821d-006a-4b2e-a5ee-2fe443b67b2f-groupManagement] INFO  server.RaftServerConfigKeys (ConfUtils.java:logGet(46)) - raft.server.log.segment.cache.num.max = 2 (custom)
2024-01-26 13:20:14,559 [EventQueue-PipelineReportForPipelineReportHandler] INFO  pipeline.PipelineReportHandler (PipelineReportHandler.java:processPipelineReport(136)) - Opened pipeline PipelineID=0ccba93a-1a09-4e59-b318-4322e11eb022
2024-01-26 13:20:14,559 [3245821d-006a-4b2e-a5ee-2fe443b67b2f-groupManagement] INFO  server.RaftServerConfigKeys (ConfUtils.java:logGet(46)) - raft.server.log.segment.cache.size.max = 200MB (=209715200) (default)
2024-01-26 13:20:14,560 [EventQueue-OpenPipelineForHealthyPipelineSafeModeRule] INFO  safemode.SCMSafeModeManager (HealthyPipelineSafeModeRule.java:process(140)) - SCM in safe mode. Healthy pipelines reported count is 0, required healthy pipeline reported count is 1
2024-01-26 13:20:14,560 [3245821d-006a-4b2e-a5ee-2fe443b67b2f-groupManagement] INFO  server.RaftServerConfigKeys (ConfUtils.java:logGet(46)) - raft.server.log.appender.buffer.byte-limit = 8388608 (custom)
2024-01-26 13:20:14,560 [3245821d-006a-4b2e-a5ee-2fe443b67b2f-groupManagement] INFO  util.AwaitToRun (AwaitToRun.java:start(81)) - Thread[3245821d-006a-4b2e-a5ee-2fe443b67b2f@group-4322E11EB022-cacheEviction-AwaitToRun,5,main] started
2024-01-26 13:20:14,560 [3245821d-006a-4b2e-a5ee-2fe443b67b2f-groupManagement] INFO  segmented.SegmentedRaftLogWorker (SegmentedRaftLogWorker.java:<init>(182)) - new 3245821d-006a-4b2e-a5ee-2fe443b67b2f@group-4322E11EB022-SegmentedRaftLogWorker for RaftStorageImpl:Storage Directory /home/runner/work/ozone/ozone/hadoop-ozone/integration-test/target/test-dir/MiniOzoneClusterImpl-6bed2868-cd70-4a3d-a9ed-67052a48ddc2/datanode-5/data/ratis/0ccba93a-1a09-4e59-b318-4322e11eb022
2024-01-26 13:20:14,560 [3245821d-006a-4b2e-a5ee-2fe443b67b2f-groupManagement] INFO  server.RaftServerConfigKeys (ConfUtils.java:logGet(46)) - raft.server.log.queue.byte-limit = 4294967296 (custom)
2024-01-26 13:20:14,560 [3245821d-006a-4b2e-a5ee-2fe443b67b2f-groupManagement] INFO  server.RaftServerConfigKeys (ConfUtils.java:logGet(46)) - raft.server.log.queue.element-limit = 1024 (custom)
2024-01-26 13:20:14,560 [3245821d-006a-4b2e-a5ee-2fe443b67b2f-groupManagement] INFO  server.RaftServerConfigKeys (ConfUtils.java:logGet(46)) - raft.server.log.segment.size.max = 67108864 (custom)
2024-01-26 13:20:14,560 [3245821d-006a-4b2e-a5ee-2fe443b67b2f-groupManagement] INFO  server.RaftServerConfigKeys (ConfUtils.java:logGet(46)) - raft.server.log.preallocated.size = 4194304 (custom)
2024-01-26 13:20:14,560 [3245821d-006a-4b2e-a5ee-2fe443b67b2f-groupManagement] INFO  server.RaftServerConfigKeys (ConfUtils.java:logGet(46)) - raft.server.log.force.sync.num = 128 (default)
2024-01-26 13:20:14,560 [3245821d-006a-4b2e-a5ee-2fe443b67b2f-groupManagement] INFO  server.RaftServerConfigKeys (ConfUtils.java:logGet(46)) - raft.server.log.statemachine.data.sync = true (default)
2024-01-26 13:20:14,560 [3245821d-006a-4b2e-a5ee-2fe443b67b2f-groupManagement] INFO  server.RaftServerConfigKeys (ConfUtils.java:logGet(46)) - raft.server.log.statemachine.data.sync.timeout = 10s (default)
2024-01-26 13:20:14,561 [3245821d-006a-4b2e-a5ee-2fe443b67b2f-groupManagement] INFO  server.RaftServerConfigKeys (ConfUtils.java:logGet(46)) - raft.server.log.statemachine.data.sync.timeout.retry = 0 (custom)
2024-01-26 13:20:14,561 [3245821d-006a-4b2e-a5ee-2fe443b67b2f-groupManagement] INFO  server.RaftServerConfigKeys (ConfUtils.java:logGet(46)) - raft.server.log.write.buffer.size = 8388616 (custom)
2024-01-26 13:20:14,562 [3245821d-006a-4b2e-a5ee-2fe443b67b2f-groupManagement] INFO  server.RaftServerConfigKeys (ConfUtils.java:logGet(46)) - raft.server.log.appender.buffer.byte-limit = 8388608 (custom)
2024-01-26 13:20:14,562 [3245821d-006a-4b2e-a5ee-2fe443b67b2f-groupManagement] INFO  server.RaftServerConfigKeys (ConfUtils.java:logGet(46)) - raft.server.log.unsafe-flush.enabled = false (default)
2024-01-26 13:20:14,562 [3245821d-006a-4b2e-a5ee-2fe443b67b2f-groupManagement] INFO  server.RaftServerConfigKeys (ConfUtils.java:logGet(46)) - raft.server.log.async-flush.enabled = false (default)
2024-01-26 13:20:14,562 [3245821d-006a-4b2e-a5ee-2fe443b67b2f-groupManagement] INFO  server.RaftServerConfigKeys (ConfUtils.java:logGet(46)) - raft.server.log.statemachine.data.caching.enabled = true (custom)
2024-01-26 13:20:14,562 [3245821d-006a-4b2e-a5ee-2fe443b67b2f-groupManagement] INFO  segmented.SegmentedRaftLogWorker (SegmentedRaftLogWorker.java:lambda$new$0(134)) - 3245821d-006a-4b2e-a5ee-2fe443b67b2f@group-4322E11EB022-SegmentedRaftLogWorker: flushIndex: setUnconditionally 0 -> -1
2024-01-26 13:20:14,563 [3245821d-006a-4b2e-a5ee-2fe443b67b2f-groupManagement] INFO  segmented.SegmentedRaftLogWorker (SegmentedRaftLogWorker.java:lambda$new$0(134)) - 3245821d-006a-4b2e-a5ee-2fe443b67b2f@group-4322E11EB022-SegmentedRaftLogWorker: safeCacheEvictIndex: setUnconditionally 0 -> -1
2024-01-26 13:20:14,563 [3245821d-006a-4b2e-a5ee-2fe443b67b2f-groupManagement] INFO  server.RaftServer$Division (RaftServerImpl.java:start(396)) - 3245821d-006a-4b2e-a5ee-2fe443b67b2f@group-4322E11EB022: start as a follower, conf=-1: peers:[3245821d-006a-4b2e-a5ee-2fe443b67b2f|10.1.0.20:15148]|listeners:[], old=null
2024-01-26 13:20:14,563 [3245821d-006a-4b2e-a5ee-2fe443b67b2f-groupManagement] INFO  server.RaftServer$Division (RaftServerImpl.java:setRole(383)) - 3245821d-006a-4b2e-a5ee-2fe443b67b2f@group-4322E11EB022: changes role from      null to FOLLOWER at term 0 for startAsFollower
2024-01-26 13:20:14,563 [3245821d-006a-4b2e-a5ee-2fe443b67b2f-groupManagement] INFO  impl.RoleInfo (RoleInfo.java:updateAndGet(139)) - 3245821d-006a-4b2e-a5ee-2fe443b67b2f: start 3245821d-006a-4b2e-a5ee-2fe443b67b2f@group-4322E11EB022-FollowerState
2024-01-26 13:20:14,563 [3245821d-006a-4b2e-a5ee-2fe443b67b2f-groupManagement] INFO  util.JmxRegister (JmxRegister.java:tryRegister(44)) - Successfully registered JMX Bean with object name Ratis:service=RaftServer,group=group-4322E11EB022,id=3245821d-006a-4b2e-a5ee-2fe443b67b2f
2024-01-26 13:20:14,563 [3245821d-006a-4b2e-a5ee-2fe443b67b2f@group-4322E11EB022-FollowerState] INFO  server.RaftServerConfigKeys (ConfUtils.java:logFallback(53)) - raft.server.rpc.first-election.timeout.min = 5s (fallback to raft.server.rpc.timeout.min)
2024-01-26 13:20:14,563 [3245821d-006a-4b2e-a5ee-2fe443b67b2f-groupManagement] INFO  server.RaftServerConfigKeys (ConfUtils.java:logGet(46)) - raft.server.snapshot.trigger-when-stop.enabled = true (default)
2024-01-26 13:20:14,563 [3245821d-006a-4b2e-a5ee-2fe443b67b2f@group-4322E11EB022-FollowerState] INFO  server.RaftServerConfigKeys (ConfUtils.java:logFallback(53)) - raft.server.rpc.first-election.timeout.max = 5200ms (fallback to raft.server.rpc.timeout.max)
2024-01-26 13:20:14,563 [3245821d-006a-4b2e-a5ee-2fe443b67b2f-groupManagement] INFO  server.RaftServerConfigKeys (ConfUtils.java:logGet(46)) - raft.server.snapshot.auto.trigger.enabled = true (custom)
2024-01-26 13:20:14,563 [3245821d-006a-4b2e-a5ee-2fe443b67b2f-groupManagement] INFO  server.RaftServerConfigKeys (ConfUtils.java:logGet(46)) - raft.server.snapshot.auto.trigger.threshold = 10000 (custom)
2024-01-26 13:20:14,564 [3245821d-006a-4b2e-a5ee-2fe443b67b2f-groupManagement] INFO  server.RaftServerConfigKeys (ConfUtils.java:logGet(46)) - raft.server.snapshot.retention.file.num = 5 (custom)
2024-01-26 13:20:14,564 [3245821d-006a-4b2e-a5ee-2fe443b67b2f-groupManagement] INFO  server.RaftServerConfigKeys (ConfUtils.java:logGet(46)) - raft.server.log.purge.upto.snapshot.index = false (default)
2024-01-26 13:20:14,564 [3245821d-006a-4b2e-a5ee-2fe443b67b2f-PipelineCommandHandlerThread-0] INFO  ratis.XceiverServerRatis (XceiverServerRatis.java:addGroup(842)) - Created group PipelineID=0ccba93a-1a09-4e59-b318-4322e11eb022
2024-01-26 13:20:14,564 [3245821d-006a-4b2e-a5ee-2fe443b67b2f-PipelineCommandHandlerThread-0] INFO  commandhandler.CreatePipelineCommandHandler (CreatePipelineCommandHandler.java:lambda$handle$2(124)) - Created Pipeline RATIS ONE PipelineID=0ccba93a-1a09-4e59-b318-4322e11eb022.
2024-01-26 13:20:14,642 [75a8e9a7-4fdb-4573-b73d-655a6993b3e4-PipelineCommandHandlerThread-0] INFO  server.RaftServer (RaftServerProxy.java:addNew(100)) - 75a8e9a7-4fdb-4573-b73d-655a6993b3e4: addNew group-A3DBC710B8EC:[75a8e9a7-4fdb-4573-b73d-655a6993b3e4|10.1.0.20:15157] returns group-A3DBC710B8EC:java.util.concurrent.CompletableFuture@29750b21[Not completed]
2024-01-26 13:20:14,643 [75a8e9a7-4fdb-4573-b73d-655a6993b3e4-groupManagement] INFO  server.RaftServer$Division (RaftServerImpl.java:<init>(256)) - 75a8e9a7-4fdb-4573-b73d-655a6993b3e4: new RaftServerImpl for group-A3DBC710B8EC:[75a8e9a7-4fdb-4573-b73d-655a6993b3e4|10.1.0.20:15157] with ContainerStateMachine:uninitialized
2024-01-26 13:20:14,643 [75a8e9a7-4fdb-4573-b73d-655a6993b3e4-groupManagement] INFO  server.RaftServerConfigKeys (ConfUtils.java:logGet(46)) - raft.server.rpc.timeout.min = 5s (custom)
2024-01-26 13:20:14,643 [75a8e9a7-4fdb-4573-b73d-655a6993b3e4-groupManagement] INFO  server.RaftServerConfigKeys (ConfUtils.java:logGet(46)) - raft.server.rpc.timeout.max = 5200ms (custom)
2024-01-26 13:20:14,643 [75a8e9a7-4fdb-4573-b73d-655a6993b3e4-groupManagement] INFO  server.RaftServerConfigKeys (ConfUtils.java:logGet(46)) - raft.server.rpc.sleep.time = 25ms (default)
2024-01-26 13:20:14,643 [75a8e9a7-4fdb-4573-b73d-655a6993b3e4-groupManagement] INFO  server.RaftServerConfigKeys (ConfUtils.java:logGet(46)) - raft.server.rpc.slowness.timeout = 300000ms (custom)
2024-01-26 13:20:14,643 [75a8e9a7-4fdb-4573-b73d-655a6993b3e4-groupManagement] INFO  server.RaftServerConfigKeys (ConfUtils.java:logGet(46)) - raft.server.leaderelection.leader.step-down.wait-time = 10s (default)
2024-01-26 13:20:14,643 [75a8e9a7-4fdb-4573-b73d-655a6993b3e4-groupManagement] INFO  server.RaftServerConfigKeys (ConfUtils.java:logGet(46)) - raft.server.leaderelection.member.majority-add = false (default)
2024-01-26 13:20:14,643 [75a8e9a7-4fdb-4573-b73d-655a6993b3e4-groupManagement] INFO  server.RaftServerConfigKeys (ConfUtils.java:logGet(46)) - raft.server.sleep.deviation.threshold = 300ms (default)
2024-01-26 13:20:14,643 [75a8e9a7-4fdb-4573-b73d-655a6993b3e4-groupManagement] INFO  server.RaftServer$Division (ServerState.java:<init>(113)) - 75a8e9a7-4fdb-4573-b73d-655a6993b3e4@group-A3DBC710B8EC: ConfigurationManager, init=-1: peers:[75a8e9a7-4fdb-4573-b73d-655a6993b3e4|10.1.0.20:15157]|listeners:[], old=null, confs=<EMPTY_MAP>
2024-01-26 13:20:14,643 [75a8e9a7-4fdb-4573-b73d-655a6993b3e4-groupManagement] INFO  server.RaftServerConfigKeys (ConfUtils.java:logGet(46)) - raft.server.notification.no-leader.timeout = 300000ms (custom)
2024-01-26 13:20:14,643 [75a8e9a7-4fdb-4573-b73d-655a6993b3e4-groupManagement] INFO  server.RaftServerConfigKeys (ConfUtils.java:logGet(46)) - raft.server.read.timeout = 10s (default)
2024-01-26 13:20:14,643 [75a8e9a7-4fdb-4573-b73d-655a6993b3e4-groupManagement] INFO  server.RaftServerConfigKeys (ConfUtils.java:logGet(46)) - raft.server.retrycache.expirytime = 600000ms (custom)
2024-01-26 13:20:14,643 [75a8e9a7-4fdb-4573-b73d-655a6993b3e4-groupManagement] INFO  server.RaftServerConfigKeys (ConfUtils.java:logGet(46)) - raft.server.retrycache.statistics.expirytime = 100ms (default)
2024-01-26 13:20:14,644 [75a8e9a7-4fdb-4573-b73d-655a6993b3e4-groupManagement] INFO  server.RaftServerConfigKeys (ConfUtils.java:logGet(46)) - raft.server.read.option = DEFAULT (default)
2024-01-26 13:20:14,644 [75a8e9a7-4fdb-4573-b73d-655a6993b3e4-groupManagement] INFO  server.RaftServerConfigKeys (ConfUtils.java:logGet(46)) - raft.server.read.read-after-write-consistent.write-index-cache.expiry-time = 60s (default)
2024-01-26 13:20:14,645 [75a8e9a7-4fdb-4573-b73d-655a6993b3e4-groupManagement] INFO  server.RaftServerConfigKeys (ConfUtils.java:logGet(46)) - raft.server.rpc.request.timeout = 3000ms (default)
2024-01-26 13:20:14,645 [75a8e9a7-4fdb-4573-b73d-655a6993b3e4-groupManagement] INFO  server.RaftServerConfigKeys (ConfUtils.java:logGet(46)) - raft.server.log.appender.install.snapshot.enabled = false (custom)
2024-01-26 13:20:14,645 [75a8e9a7-4fdb-4573-b73d-655a6993b3e4-groupManagement] INFO  server.RaftServerConfigKeys (ConfUtils.java:logGet(46)) - raft.server.threadpool.server.cached = true (default)
2024-01-26 13:20:14,645 [75a8e9a7-4fdb-4573-b73d-655a6993b3e4-groupManagement] INFO  server.RaftServerConfigKeys (ConfUtils.java:logGet(46)) - raft.server.threadpool.server.size = 0 (default)
2024-01-26 13:20:14,645 [75a8e9a7-4fdb-4573-b73d-655a6993b3e4-groupManagement] INFO  server.RaftServerConfigKeys (ConfUtils.java:logGet(46)) - raft.server.threadpool.client.cached = true (default)
2024-01-26 13:20:14,646 [75a8e9a7-4fdb-4573-b73d-655a6993b3e4-groupManagement] INFO  server.RaftServerConfigKeys (ConfUtils.java:logGet(46)) - raft.server.threadpool.client.size = 0 (default)
2024-01-26 13:20:14,646 [75a8e9a7-4fdb-4573-b73d-655a6993b3e4-groupManagement] INFO  server.RaftServerConfigKeys (ConfUtils.java:logGet(46)) - raft.server.storage.free-space.min = 0MB (=0) (default)
2024-01-26 13:20:14,646 [75a8e9a7-4fdb-4573-b73d-655a6993b3e4-groupManagement] INFO  server.RaftServerConfigKeys (ConfUtils.java:logGet(46)) - raft.server.log.corruption.policy = EXCEPTION (default)
2024-01-26 13:20:14,646 [75a8e9a7-4fdb-4573-b73d-655a6993b3e4-groupManagement] INFO  server.RaftServerConfigKeys (ConfUtils.java:logGet(46)) - raft.server.storage.dir = [/home/runner/work/ozone/ozone/hadoop-ozone/integration-test/target/test-dir/MiniOzoneClusterImpl-6bed2868-cd70-4a3d-a9ed-67052a48ddc2/datanode-6/data/ratis] (custom)
2024-01-26 13:20:14,646 [75a8e9a7-4fdb-4573-b73d-655a6993b3e4-groupManagement] INFO  storage.RaftStorageDirectory (RaftStorageDirectoryImpl.java:analyzeStorage(138)) - The storage directory /home/runner/work/ozone/ozone/hadoop-ozone/integration-test/target/test-dir/MiniOzoneClusterImpl-6bed2868-cd70-4a3d-a9ed-67052a48ddc2/datanode-6/data/ratis/c6f2dfd4-1cc4-4f84-84c3-a3dbc710b8ec does not exist. Creating ...
2024-01-26 13:20:14,647 [75a8e9a7-4fdb-4573-b73d-655a6993b3e4-groupManagement] INFO  storage.RaftStorageDirectory (RaftStorageDirectoryImpl.java:tryLock(228)) - Lock on /home/runner/work/ozone/ozone/hadoop-ozone/integration-test/target/test-dir/MiniOzoneClusterImpl-6bed2868-cd70-4a3d-a9ed-67052a48ddc2/datanode-6/data/ratis/c6f2dfd4-1cc4-4f84-84c3-a3dbc710b8ec/in_use.lock acquired by nodename 73218@fv-az983-443
2024-01-26 13:20:14,648 [75a8e9a7-4fdb-4573-b73d-655a6993b3e4-groupManagement] INFO  storage.RaftStorage (RaftStorageImpl.java:format(99)) - Storage directory /home/runner/work/ozone/ozone/hadoop-ozone/integration-test/target/test-dir/MiniOzoneClusterImpl-6bed2868-cd70-4a3d-a9ed-67052a48ddc2/datanode-6/data/ratis/c6f2dfd4-1cc4-4f84-84c3-a3dbc710b8ec has been successfully formatted.
2024-01-26 13:20:14,649 [75a8e9a7-4fdb-4573-b73d-655a6993b3e4-groupManagement] WARN  util.FileUtils (LogUtils.java:supplyAndLog(63)) - Failed to Files.newInputStream /home/runner/work/ozone/ozone/hadoop-ozone/integration-test/target/test-dir/MiniOzoneClusterImpl-6bed2868-cd70-4a3d-a9ed-67052a48ddc2/datanode-6/data/ratis/c6f2dfd4-1cc4-4f84-84c3-a3dbc710b8ec/current/raft-meta.conf with options []: java.nio.file.NoSuchFileException: /home/runner/work/ozone/ozone/hadoop-ozone/integration-test/target/test-dir/MiniOzoneClusterImpl-6bed2868-cd70-4a3d-a9ed-67052a48ddc2/datanode-6/data/ratis/c6f2dfd4-1cc4-4f84-84c3-a3dbc710b8ec/current/raft-meta.conf
2024-01-26 13:20:14,650 [75a8e9a7-4fdb-4573-b73d-655a6993b3e4-groupManagement] INFO  ratis.ContainerStateMachine (ContainerStateMachine.java:loadSnapshot(287)) - group-A3DBC710B8EC: The snapshot info is null. Setting the last applied index to:(t:0, i:~)
2024-01-26 13:20:14,650 [75a8e9a7-4fdb-4573-b73d-655a6993b3e4-groupManagement] INFO  server.RaftServerConfigKeys (ConfUtils.java:logGet(46)) - raft.server.log.use.memory = false (default)
2024-01-26 13:20:14,650 [75a8e9a7-4fdb-4573-b73d-655a6993b3e4-groupManagement] INFO  server.RaftServerConfigKeys (ConfUtils.java:logGet(46)) - raft.server.log.purge.gap = 1000000 (custom)
2024-01-26 13:20:14,650 [75a8e9a7-4fdb-4573-b73d-655a6993b3e4-groupManagement] INFO  server.RaftServerConfigKeys (ConfUtils.java:logGet(46)) - raft.server.log.appender.buffer.byte-limit = 8388608 (custom)
2024-01-26 13:20:14,650 [75a8e9a7-4fdb-4573-b73d-655a6993b3e4-groupManagement] INFO  server.RaftServerConfigKeys (ConfUtils.java:logGet(46)) - raft.server.log.statemachine.data.read.timeout = 1000ms (default)
2024-01-26 13:20:14,650 [75a8e9a7-4fdb-4573-b73d-655a6993b3e4-groupManagement] INFO  server.RaftServerConfigKeys (ConfUtils.java:logGet(46)) - raft.server.log.purge.preservation.log.num = 0 (default)
2024-01-26 13:20:14,651 [EventQueue-PipelineReportForPipelineReportHandler] INFO  pipeline.PipelineReportHandler (PipelineReportHandler.java:processPipelineReport(136)) - Opened pipeline PipelineID=c6f2dfd4-1cc4-4f84-84c3-a3dbc710b8ec
2024-01-26 13:20:14,651 [EventQueue-OpenPipelineForHealthyPipelineSafeModeRule] INFO  safemode.SCMSafeModeManager (HealthyPipelineSafeModeRule.java:process(140)) - SCM in safe mode. Healthy pipelines reported count is 0, required healthy pipeline reported count is 1
2024-01-26 13:20:14,651 [75a8e9a7-4fdb-4573-b73d-655a6993b3e4-groupManagement] INFO  server.RaftServerConfigKeys (ConfUtils.java:logGet(46)) - raft.server.log.segment.size.max = 67108864 (custom)
2024-01-26 13:20:14,651 [75a8e9a7-4fdb-4573-b73d-655a6993b3e4-groupManagement] INFO  server.RaftServerConfigKeys (ConfUtils.java:logGet(46)) - raft.server.log.segment.cache.num.max = 2 (custom)
2024-01-26 13:20:14,651 [75a8e9a7-4fdb-4573-b73d-655a6993b3e4-groupManagement] INFO  server.RaftServerConfigKeys (ConfUtils.java:logGet(46)) - raft.server.log.segment.cache.size.max = 200MB (=209715200) (default)
2024-01-26 13:20:14,651 [75a8e9a7-4fdb-4573-b73d-655a6993b3e4-groupManagement] INFO  server.RaftServerConfigKeys (ConfUtils.java:logGet(46)) - raft.server.log.appender.buffer.byte-limit = 8388608 (custom)
2024-01-26 13:20:14,652 [75a8e9a7-4fdb-4573-b73d-655a6993b3e4-groupManagement] INFO  util.AwaitToRun (AwaitToRun.java:start(81)) - Thread[75a8e9a7-4fdb-4573-b73d-655a6993b3e4@group-A3DBC710B8EC-cacheEviction-AwaitToRun,5,main] started
2024-01-26 13:20:14,652 [75a8e9a7-4fdb-4573-b73d-655a6993b3e4-groupManagement] INFO  segmented.SegmentedRaftLogWorker (SegmentedRaftLogWorker.java:<init>(182)) - new 75a8e9a7-4fdb-4573-b73d-655a6993b3e4@group-A3DBC710B8EC-SegmentedRaftLogWorker for RaftStorageImpl:Storage Directory /home/runner/work/ozone/ozone/hadoop-ozone/integration-test/target/test-dir/MiniOzoneClusterImpl-6bed2868-cd70-4a3d-a9ed-67052a48ddc2/datanode-6/data/ratis/c6f2dfd4-1cc4-4f84-84c3-a3dbc710b8ec
2024-01-26 13:20:14,652 [75a8e9a7-4fdb-4573-b73d-655a6993b3e4-groupManagement] INFO  server.RaftServerConfigKeys (ConfUtils.java:logGet(46)) - raft.server.log.queue.byte-limit = 4294967296 (custom)
2024-01-26 13:20:14,652 [75a8e9a7-4fdb-4573-b73d-655a6993b3e4-groupManagement] INFO  server.RaftServerConfigKeys (ConfUtils.java:logGet(46)) - raft.server.log.queue.element-limit = 1024 (custom)
2024-01-26 13:20:14,652 [75a8e9a7-4fdb-4573-b73d-655a6993b3e4-groupManagement] INFO  server.RaftServerConfigKeys (ConfUtils.java:logGet(46)) - raft.server.log.segment.size.max = 67108864 (custom)
2024-01-26 13:20:14,652 [75a8e9a7-4fdb-4573-b73d-655a6993b3e4-groupManagement] INFO  server.RaftServerConfigKeys (ConfUtils.java:logGet(46)) - raft.server.log.preallocated.size = 4194304 (custom)
2024-01-26 13:20:14,652 [75a8e9a7-4fdb-4573-b73d-655a6993b3e4-groupManagement] INFO  server.RaftServerConfigKeys (ConfUtils.java:logGet(46)) - raft.server.log.force.sync.num = 128 (default)
2024-01-26 13:20:14,652 [75a8e9a7-4fdb-4573-b73d-655a6993b3e4-groupManagement] INFO  server.RaftServerConfigKeys (ConfUtils.java:logGet(46)) - raft.server.log.statemachine.data.sync = true (default)
2024-01-26 13:20:14,652 [75a8e9a7-4fdb-4573-b73d-655a6993b3e4-groupManagement] INFO  server.RaftServerConfigKeys (ConfUtils.java:logGet(46)) - raft.server.log.statemachine.data.sync.timeout = 10s (default)
2024-01-26 13:20:14,652 [75a8e9a7-4fdb-4573-b73d-655a6993b3e4-groupManagement] INFO  server.RaftServerConfigKeys (ConfUtils.java:logGet(46)) - raft.server.log.statemachine.data.sync.timeout.retry = 0 (custom)
2024-01-26 13:20:14,653 [75a8e9a7-4fdb-4573-b73d-655a6993b3e4-groupManagement] INFO  server.RaftServerConfigKeys (ConfUtils.java:logGet(46)) - raft.server.log.write.buffer.size = 8388616 (custom)
2024-01-26 13:20:14,655 [75a8e9a7-4fdb-4573-b73d-655a6993b3e4-groupManagement] INFO  server.RaftServerConfigKeys (ConfUtils.java:logGet(46)) - raft.server.log.appender.buffer.byte-limit = 8388608 (custom)
2024-01-26 13:20:14,655 [75a8e9a7-4fdb-4573-b73d-655a6993b3e4-groupManagement] INFO  server.RaftServerConfigKeys (ConfUtils.java:logGet(46)) - raft.server.log.unsafe-flush.enabled = false (default)
2024-01-26 13:20:14,655 [75a8e9a7-4fdb-4573-b73d-655a6993b3e4-groupManagement] INFO  server.RaftServerConfigKeys (ConfUtils.java:logGet(46)) - raft.server.log.async-flush.enabled = false (default)
2024-01-26 13:20:14,655 [75a8e9a7-4fdb-4573-b73d-655a6993b3e4-groupManagement] INFO  server.RaftServerConfigKeys (ConfUtils.java:logGet(46)) - raft.server.log.statemachine.data.caching.enabled = true (custom)
2024-01-26 13:20:14,655 [75a8e9a7-4fdb-4573-b73d-655a6993b3e4-groupManagement] INFO  segmented.SegmentedRaftLogWorker (SegmentedRaftLogWorker.java:lambda$new$0(134)) - 75a8e9a7-4fdb-4573-b73d-655a6993b3e4@group-A3DBC710B8EC-SegmentedRaftLogWorker: flushIndex: setUnconditionally 0 -> -1
2024-01-26 13:20:14,655 [75a8e9a7-4fdb-4573-b73d-655a6993b3e4-groupManagement] INFO  segmented.SegmentedRaftLogWorker (SegmentedRaftLogWorker.java:lambda$new$0(134)) - 75a8e9a7-4fdb-4573-b73d-655a6993b3e4@group-A3DBC710B8EC-SegmentedRaftLogWorker: safeCacheEvictIndex: setUnconditionally 0 -> -1
2024-01-26 13:20:14,655 [75a8e9a7-4fdb-4573-b73d-655a6993b3e4-groupManagement] INFO  server.RaftServer$Division (RaftServerImpl.java:start(396)) - 75a8e9a7-4fdb-4573-b73d-655a6993b3e4@group-A3DBC710B8EC: start as a follower, conf=-1: peers:[75a8e9a7-4fdb-4573-b73d-655a6993b3e4|10.1.0.20:15157]|listeners:[], old=null
2024-01-26 13:20:14,656 [75a8e9a7-4fdb-4573-b73d-655a6993b3e4-groupManagement] INFO  server.RaftServer$Division (RaftServerImpl.java:setRole(383)) - 75a8e9a7-4fdb-4573-b73d-655a6993b3e4@group-A3DBC710B8EC: changes role from      null to FOLLOWER at term 0 for startAsFollower
2024-01-26 13:20:14,656 [75a8e9a7-4fdb-4573-b73d-655a6993b3e4-groupManagement] INFO  impl.RoleInfo (RoleInfo.java:updateAndGet(139)) - 75a8e9a7-4fdb-4573-b73d-655a6993b3e4: start 75a8e9a7-4fdb-4573-b73d-655a6993b3e4@group-A3DBC710B8EC-FollowerState
2024-01-26 13:20:14,656 [75a8e9a7-4fdb-4573-b73d-655a6993b3e4@group-A3DBC710B8EC-FollowerState] INFO  server.RaftServerConfigKeys (ConfUtils.java:logFallback(53)) - raft.server.rpc.first-election.timeout.min = 5s (fallback to raft.server.rpc.timeout.min)
2024-01-26 13:20:14,656 [75a8e9a7-4fdb-4573-b73d-655a6993b3e4-groupManagement] INFO  util.JmxRegister (JmxRegister.java:tryRegister(44)) - Successfully registered JMX Bean with object name Ratis:service=RaftServer,group=group-A3DBC710B8EC,id=75a8e9a7-4fdb-4573-b73d-655a6993b3e4
2024-01-26 13:20:14,656 [75a8e9a7-4fdb-4573-b73d-655a6993b3e4-groupManagement] INFO  server.RaftServerConfigKeys (ConfUtils.java:logGet(46)) - raft.server.snapshot.trigger-when-stop.enabled = true (default)
2024-01-26 13:20:14,656 [75a8e9a7-4fdb-4573-b73d-655a6993b3e4-groupManagement] INFO  server.RaftServerConfigKeys (ConfUtils.java:logGet(46)) - raft.server.snapshot.auto.trigger.enabled = true (custom)
2024-01-26 13:20:14,656 [75a8e9a7-4fdb-4573-b73d-655a6993b3e4-groupManagement] INFO  server.RaftServerConfigKeys (ConfUtils.java:logGet(46)) - raft.server.snapshot.auto.trigger.threshold = 10000 (custom)
2024-01-26 13:20:14,656 [75a8e9a7-4fdb-4573-b73d-655a6993b3e4-groupManagement] INFO  server.RaftServerConfigKeys (ConfUtils.java:logGet(46)) - raft.server.snapshot.retention.file.num = 5 (custom)
2024-01-26 13:20:14,656 [75a8e9a7-4fdb-4573-b73d-655a6993b3e4-groupManagement] INFO  server.RaftServerConfigKeys (ConfUtils.java:logGet(46)) - raft.server.log.purge.upto.snapshot.index = false (default)
2024-01-26 13:20:14,657 [75a8e9a7-4fdb-4573-b73d-655a6993b3e4@group-A3DBC710B8EC-FollowerState] INFO  server.RaftServerConfigKeys (ConfUtils.java:logFallback(53)) - raft.server.rpc.first-election.timeout.max = 5200ms (fallback to raft.server.rpc.timeout.max)
2024-01-26 13:20:14,657 [75a8e9a7-4fdb-4573-b73d-655a6993b3e4-PipelineCommandHandlerThread-0] INFO  ratis.XceiverServerRatis (XceiverServerRatis.java:addGroup(842)) - Created group PipelineID=c6f2dfd4-1cc4-4f84-84c3-a3dbc710b8ec
2024-01-26 13:20:14,657 [75a8e9a7-4fdb-4573-b73d-655a6993b3e4-PipelineCommandHandlerThread-0] INFO  commandhandler.CreatePipelineCommandHandler (CreatePipelineCommandHandler.java:lambda$handle$2(124)) - Created Pipeline RATIS ONE PipelineID=c6f2dfd4-1cc4-4f84-84c3-a3dbc710b8ec.
2024-01-26 13:20:14,657 [75a8e9a7-4fdb-4573-b73d-655a6993b3e4-PipelineCommandHandlerThread-0] INFO  server.RaftServer (RaftServerProxy.java:addNew(100)) - 75a8e9a7-4fdb-4573-b73d-655a6993b3e4: addNew group-792F70B7EB65:[6f9a858c-5bc3-4795-8cf6-806e3c336a96|10.1.0.20:15175, 84594c31-4da7-47fb-86d6-9d5be6ec36d0|10.1.0.20:15166, 75a8e9a7-4fdb-4573-b73d-655a6993b3e4|10.1.0.20:15157] returns group-792F70B7EB65:java.util.concurrent.CompletableFuture@2d4a9ad7[Not completed]
2024-01-26 13:20:14,658 [75a8e9a7-4fdb-4573-b73d-655a6993b3e4-groupManagement] INFO  server.RaftServer$Division (RaftServerImpl.java:<init>(256)) - 75a8e9a7-4fdb-4573-b73d-655a6993b3e4: new RaftServerImpl for group-792F70B7EB65:[6f9a858c-5bc3-4795-8cf6-806e3c336a96|10.1.0.20:15175, 84594c31-4da7-47fb-86d6-9d5be6ec36d0|10.1.0.20:15166, 75a8e9a7-4fdb-4573-b73d-655a6993b3e4|10.1.0.20:15157] with ContainerStateMachine:uninitialized
2024-01-26 13:20:14,658 [75a8e9a7-4fdb-4573-b73d-655a6993b3e4-groupManagement] INFO  server.RaftServerConfigKeys (ConfUtils.java:logGet(46)) - raft.server.rpc.timeout.min = 5s (custom)
2024-01-26 13:20:14,658 [75a8e9a7-4fdb-4573-b73d-655a6993b3e4-groupManagement] INFO  server.RaftServerConfigKeys (ConfUtils.java:logGet(46)) - raft.server.rpc.timeout.max = 5200ms (custom)
2024-01-26 13:20:14,658 [75a8e9a7-4fdb-4573-b73d-655a6993b3e4-groupManagement] INFO  server.RaftServerConfigKeys (ConfUtils.java:logGet(46)) - raft.server.rpc.sleep.time = 25ms (default)
2024-01-26 13:20:14,658 [75a8e9a7-4fdb-4573-b73d-655a6993b3e4-groupManagement] INFO  server.RaftServerConfigKeys (ConfUtils.java:logGet(46)) - raft.server.rpc.slowness.timeout = 300000ms (custom)
2024-01-26 13:20:14,658 [75a8e9a7-4fdb-4573-b73d-655a6993b3e4-groupManagement] INFO  server.RaftServerConfigKeys (ConfUtils.java:logGet(46)) - raft.server.leaderelection.leader.step-down.wait-time = 10s (default)
2024-01-26 13:20:14,659 [75a8e9a7-4fdb-4573-b73d-655a6993b3e4-groupManagement] INFO  server.RaftServerConfigKeys (ConfUtils.java:logGet(46)) - raft.server.leaderelection.member.majority-add = false (default)
2024-01-26 13:20:14,659 [75a8e9a7-4fdb-4573-b73d-655a6993b3e4-groupManagement] INFO  server.RaftServerConfigKeys (ConfUtils.java:logGet(46)) - raft.server.sleep.deviation.threshold = 300ms (default)
2024-01-26 13:20:14,659 [75a8e9a7-4fdb-4573-b73d-655a6993b3e4-groupManagement] INFO  server.RaftServer$Division (ServerState.java:<init>(113)) - 75a8e9a7-4fdb-4573-b73d-655a6993b3e4@group-792F70B7EB65: ConfigurationManager, init=-1: peers:[6f9a858c-5bc3-4795-8cf6-806e3c336a96|10.1.0.20:15175, 84594c31-4da7-47fb-86d6-9d5be6ec36d0|10.1.0.20:15166, 75a8e9a7-4fdb-4573-b73d-655a6993b3e4|10.1.0.20:15157]|listeners:[], old=null, confs=<EMPTY_MAP>
2024-01-26 13:20:14,659 [75a8e9a7-4fdb-4573-b73d-655a6993b3e4-groupManagement] INFO  server.RaftServerConfigKeys (ConfUtils.java:logGet(46)) - raft.server.notification.no-leader.timeout = 300000ms (custom)
2024-01-26 13:20:14,659 [75a8e9a7-4fdb-4573-b73d-655a6993b3e4-groupManagement] INFO  server.RaftServerConfigKeys (ConfUtils.java:logGet(46)) - raft.server.read.timeout = 10s (default)
2024-01-26 13:20:14,659 [75a8e9a7-4fdb-4573-b73d-655a6993b3e4-groupManagement] INFO  server.RaftServerConfigKeys (ConfUtils.java:logGet(46)) - raft.server.retrycache.expirytime = 600000ms (custom)
2024-01-26 13:20:14,659 [75a8e9a7-4fdb-4573-b73d-655a6993b3e4-groupManagement] INFO  server.RaftServerConfigKeys (ConfUtils.java:logGet(46)) - raft.server.retrycache.statistics.expirytime = 100ms (default)
2024-01-26 13:20:14,659 [75a8e9a7-4fdb-4573-b73d-655a6993b3e4-groupManagement] INFO  server.RaftServerConfigKeys (ConfUtils.java:logGet(46)) - raft.server.read.option = DEFAULT (default)
2024-01-26 13:20:14,659 [75a8e9a7-4fdb-4573-b73d-655a6993b3e4-groupManagement] INFO  server.RaftServerConfigKeys (ConfUtils.java:logGet(46)) - raft.server.read.read-after-write-consistent.write-index-cache.expiry-time = 60s (default)
2024-01-26 13:20:14,661 [75a8e9a7-4fdb-4573-b73d-655a6993b3e4-groupManagement] INFO  server.RaftServerConfigKeys (ConfUtils.java:logGet(46)) - raft.server.rpc.request.timeout = 3000ms (default)
2024-01-26 13:20:14,661 [75a8e9a7-4fdb-4573-b73d-655a6993b3e4-groupManagement] INFO  server.RaftServerConfigKeys (ConfUtils.java:logGet(46)) - raft.server.log.appender.install.snapshot.enabled = false (custom)
2024-01-26 13:20:14,661 [75a8e9a7-4fdb-4573-b73d-655a6993b3e4-groupManagement] INFO  server.RaftServerConfigKeys (ConfUtils.java:logGet(46)) - raft.server.threadpool.server.cached = true (default)
2024-01-26 13:20:14,661 [75a8e9a7-4fdb-4573-b73d-655a6993b3e4-groupManagement] INFO  server.RaftServerConfigKeys (ConfUtils.java:logGet(46)) - raft.server.threadpool.server.size = 0 (default)
2024-01-26 13:20:14,661 [75a8e9a7-4fdb-4573-b73d-655a6993b3e4-groupManagement] INFO  server.RaftServerConfigKeys (ConfUtils.java:logGet(46)) - raft.server.threadpool.client.cached = true (default)
2024-01-26 13:20:14,661 [75a8e9a7-4fdb-4573-b73d-655a6993b3e4-groupManagement] INFO  server.RaftServerConfigKeys (ConfUtils.java:logGet(46)) - raft.server.threadpool.client.size = 0 (default)
2024-01-26 13:20:14,661 [75a8e9a7-4fdb-4573-b73d-655a6993b3e4-groupManagement] INFO  server.RaftServerConfigKeys (ConfUtils.java:logGet(46)) - raft.server.storage.free-space.min = 0MB (=0) (default)
2024-01-26 13:20:14,661 [75a8e9a7-4fdb-4573-b73d-655a6993b3e4-groupManagement] INFO  server.RaftServerConfigKeys (ConfUtils.java:logGet(46)) - raft.server.log.corruption.policy = EXCEPTION (default)
2024-01-26 13:20:14,661 [75a8e9a7-4fdb-4573-b73d-655a6993b3e4-groupManagement] INFO  server.RaftServerConfigKeys (ConfUtils.java:logGet(46)) - raft.server.storage.dir = [/home/runner/work/ozone/ozone/hadoop-ozone/integration-test/target/test-dir/MiniOzoneClusterImpl-6bed2868-cd70-4a3d-a9ed-67052a48ddc2/datanode-6/data/ratis] (custom)
2024-01-26 13:20:14,661 [75a8e9a7-4fdb-4573-b73d-655a6993b3e4-groupManagement] INFO  storage.RaftStorageDirectory (RaftStorageDirectoryImpl.java:analyzeStorage(138)) - The storage directory /home/runner/work/ozone/ozone/hadoop-ozone/integration-test/target/test-dir/MiniOzoneClusterImpl-6bed2868-cd70-4a3d-a9ed-67052a48ddc2/datanode-6/data/ratis/1628755e-068d-498d-af84-792f70b7eb65 does not exist. Creating ...
2024-01-26 13:20:14,662 [75a8e9a7-4fdb-4573-b73d-655a6993b3e4-groupManagement] INFO  storage.RaftStorageDirectory (RaftStorageDirectoryImpl.java:tryLock(228)) - Lock on /home/runner/work/ozone/ozone/hadoop-ozone/integration-test/target/test-dir/MiniOzoneClusterImpl-6bed2868-cd70-4a3d-a9ed-67052a48ddc2/datanode-6/data/ratis/1628755e-068d-498d-af84-792f70b7eb65/in_use.lock acquired by nodename 73218@fv-az983-443
2024-01-26 13:20:14,663 [75a8e9a7-4fdb-4573-b73d-655a6993b3e4-groupManagement] INFO  storage.RaftStorage (RaftStorageImpl.java:format(99)) - Storage directory /home/runner/work/ozone/ozone/hadoop-ozone/integration-test/target/test-dir/MiniOzoneClusterImpl-6bed2868-cd70-4a3d-a9ed-67052a48ddc2/datanode-6/data/ratis/1628755e-068d-498d-af84-792f70b7eb65 has been successfully formatted.
2024-01-26 13:20:14,663 [75a8e9a7-4fdb-4573-b73d-655a6993b3e4-groupManagement] WARN  util.FileUtils (LogUtils.java:supplyAndLog(63)) - Failed to Files.newInputStream /home/runner/work/ozone/ozone/hadoop-ozone/integration-test/target/test-dir/MiniOzoneClusterImpl-6bed2868-cd70-4a3d-a9ed-67052a48ddc2/datanode-6/data/ratis/1628755e-068d-498d-af84-792f70b7eb65/current/raft-meta.conf with options []: java.nio.file.NoSuchFileException: /home/runner/work/ozone/ozone/hadoop-ozone/integration-test/target/test-dir/MiniOzoneClusterImpl-6bed2868-cd70-4a3d-a9ed-67052a48ddc2/datanode-6/data/ratis/1628755e-068d-498d-af84-792f70b7eb65/current/raft-meta.conf
2024-01-26 13:20:14,664 [75a8e9a7-4fdb-4573-b73d-655a6993b3e4-groupManagement] INFO  ratis.ContainerStateMachine (ContainerStateMachine.java:loadSnapshot(287)) - group-792F70B7EB65: The snapshot info is null. Setting the last applied index to:(t:0, i:~)
2024-01-26 13:20:14,664 [75a8e9a7-4fdb-4573-b73d-655a6993b3e4-groupManagement] INFO  server.RaftServerConfigKeys (ConfUtils.java:logGet(46)) - raft.server.log.use.memory = false (default)
2024-01-26 13:20:14,664 [75a8e9a7-4fdb-4573-b73d-655a6993b3e4-groupManagement] INFO  server.RaftServerConfigKeys (ConfUtils.java:logGet(46)) - raft.server.log.purge.gap = 1000000 (custom)
2024-01-26 13:20:14,664 [75a8e9a7-4fdb-4573-b73d-655a6993b3e4-groupManagement] INFO  server.RaftServerConfigKeys (ConfUtils.java:logGet(46)) - raft.server.log.appender.buffer.byte-limit = 8388608 (custom)
2024-01-26 13:20:14,664 [75a8e9a7-4fdb-4573-b73d-655a6993b3e4-groupManagement] INFO  server.RaftServerConfigKeys (ConfUtils.java:logGet(46)) - raft.server.log.statemachine.data.read.timeout = 1000ms (default)
2024-01-26 13:20:14,664 [75a8e9a7-4fdb-4573-b73d-655a6993b3e4-groupManagement] INFO  server.RaftServerConfigKeys (ConfUtils.java:logGet(46)) - raft.server.log.purge.preservation.log.num = 0 (default)
2024-01-26 13:20:14,665 [EventQueue-OpenPipelineForHealthyPipelineSafeModeRule] INFO  safemode.SCMSafeModeManager (HealthyPipelineSafeModeRule.java:process(140)) - SCM in safe mode. Healthy pipelines reported count is 0, required healthy pipeline reported count is 1
2024-01-26 13:20:14,666 [75a8e9a7-4fdb-4573-b73d-655a6993b3e4-groupManagement] INFO  server.RaftServerConfigKeys (ConfUtils.java:logGet(46)) - raft.server.log.segment.size.max = 67108864 (custom)
2024-01-26 13:20:14,666 [75a8e9a7-4fdb-4573-b73d-655a6993b3e4-groupManagement] INFO  server.RaftServerConfigKeys (ConfUtils.java:logGet(46)) - raft.server.log.segment.cache.num.max = 2 (custom)
2024-01-26 13:20:14,666 [75a8e9a7-4fdb-4573-b73d-655a6993b3e4-groupManagement] INFO  server.RaftServerConfigKeys (ConfUtils.java:logGet(46)) - raft.server.log.segment.cache.size.max = 200MB (=209715200) (default)
2024-01-26 13:20:14,666 [75a8e9a7-4fdb-4573-b73d-655a6993b3e4-groupManagement] INFO  server.RaftServerConfigKeys (ConfUtils.java:logGet(46)) - raft.server.log.appender.buffer.byte-limit = 8388608 (custom)
2024-01-26 13:20:14,666 [75a8e9a7-4fdb-4573-b73d-655a6993b3e4-groupManagement] INFO  util.AwaitToRun (AwaitToRun.java:start(81)) - Thread[75a8e9a7-4fdb-4573-b73d-655a6993b3e4@group-792F70B7EB65-cacheEviction-AwaitToRun,5,main] started
2024-01-26 13:20:14,666 [75a8e9a7-4fdb-4573-b73d-655a6993b3e4-groupManagement] INFO  segmented.SegmentedRaftLogWorker (SegmentedRaftLogWorker.java:<init>(182)) - new 75a8e9a7-4fdb-4573-b73d-655a6993b3e4@group-792F70B7EB65-SegmentedRaftLogWorker for RaftStorageImpl:Storage Directory /home/runner/work/ozone/ozone/hadoop-ozone/integration-test/target/test-dir/MiniOzoneClusterImpl-6bed2868-cd70-4a3d-a9ed-67052a48ddc2/datanode-6/data/ratis/1628755e-068d-498d-af84-792f70b7eb65
2024-01-26 13:20:14,666 [75a8e9a7-4fdb-4573-b73d-655a6993b3e4-groupManagement] INFO  server.RaftServerConfigKeys (ConfUtils.java:logGet(46)) - raft.server.log.queue.byte-limit = 4294967296 (custom)
2024-01-26 13:20:14,666 [75a8e9a7-4fdb-4573-b73d-655a6993b3e4-groupManagement] INFO  server.RaftServerConfigKeys (ConfUtils.java:logGet(46)) - raft.server.log.queue.element-limit = 1024 (custom)
2024-01-26 13:20:14,666 [75a8e9a7-4fdb-4573-b73d-655a6993b3e4-groupManagement] INFO  server.RaftServerConfigKeys (ConfUtils.java:logGet(46)) - raft.server.log.segment.size.max = 67108864 (custom)
2024-01-26 13:20:14,667 [75a8e9a7-4fdb-4573-b73d-655a6993b3e4-groupManagement] INFO  server.RaftServerConfigKeys (ConfUtils.java:logGet(46)) - raft.server.log.preallocated.size = 4194304 (custom)
2024-01-26 13:20:14,667 [75a8e9a7-4fdb-4573-b73d-655a6993b3e4-groupManagement] INFO  server.RaftServerConfigKeys (ConfUtils.java:logGet(46)) - raft.server.log.force.sync.num = 128 (default)
2024-01-26 13:20:14,667 [75a8e9a7-4fdb-4573-b73d-655a6993b3e4-groupManagement] INFO  server.RaftServerConfigKeys (ConfUtils.java:logGet(46)) - raft.server.log.statemachine.data.sync = true (default)
2024-01-26 13:20:14,667 [75a8e9a7-4fdb-4573-b73d-655a6993b3e4-groupManagement] INFO  server.RaftServerConfigKeys (ConfUtils.java:logGet(46)) - raft.server.log.statemachine.data.sync.timeout = 10s (default)
2024-01-26 13:20:14,667 [75a8e9a7-4fdb-4573-b73d-655a6993b3e4-groupManagement] INFO  server.RaftServerConfigKeys (ConfUtils.java:logGet(46)) - raft.server.log.statemachine.data.sync.timeout.retry = 0 (custom)
2024-01-26 13:20:14,667 [75a8e9a7-4fdb-4573-b73d-655a6993b3e4-groupManagement] INFO  server.RaftServerConfigKeys (ConfUtils.java:logGet(46)) - raft.server.log.write.buffer.size = 8388616 (custom)
2024-01-26 13:20:14,669 [75a8e9a7-4fdb-4573-b73d-655a6993b3e4-groupManagement] INFO  server.RaftServerConfigKeys (ConfUtils.java:logGet(46)) - raft.server.log.appender.buffer.byte-limit = 8388608 (custom)
2024-01-26 13:20:14,669 [75a8e9a7-4fdb-4573-b73d-655a6993b3e4-groupManagement] INFO  server.RaftServerConfigKeys (ConfUtils.java:logGet(46)) - raft.server.log.unsafe-flush.enabled = false (default)
2024-01-26 13:20:14,669 [75a8e9a7-4fdb-4573-b73d-655a6993b3e4-groupManagement] INFO  server.RaftServerConfigKeys (ConfUtils.java:logGet(46)) - raft.server.log.async-flush.enabled = false (default)
2024-01-26 13:20:14,669 [75a8e9a7-4fdb-4573-b73d-655a6993b3e4-groupManagement] INFO  server.RaftServerConfigKeys (ConfUtils.java:logGet(46)) - raft.server.log.statemachine.data.caching.enabled = true (custom)
2024-01-26 13:20:14,669 [75a8e9a7-4fdb-4573-b73d-655a6993b3e4-groupManagement] INFO  segmented.SegmentedRaftLogWorker (SegmentedRaftLogWorker.java:lambda$new$0(134)) - 75a8e9a7-4fdb-4573-b73d-655a6993b3e4@group-792F70B7EB65-SegmentedRaftLogWorker: flushIndex: setUnconditionally 0 -> -1
2024-01-26 13:20:14,669 [75a8e9a7-4fdb-4573-b73d-655a6993b3e4-groupManagement] INFO  segmented.SegmentedRaftLogWorker (SegmentedRaftLogWorker.java:lambda$new$0(134)) - 75a8e9a7-4fdb-4573-b73d-655a6993b3e4@group-792F70B7EB65-SegmentedRaftLogWorker: safeCacheEvictIndex: setUnconditionally 0 -> -1
2024-01-26 13:20:14,669 [75a8e9a7-4fdb-4573-b73d-655a6993b3e4-groupManagement] INFO  server.RaftServer$Division (RaftServerImpl.java:start(396)) - 75a8e9a7-4fdb-4573-b73d-655a6993b3e4@group-792F70B7EB65: start as a follower, conf=-1: peers:[6f9a858c-5bc3-4795-8cf6-806e3c336a96|10.1.0.20:15175, 84594c31-4da7-47fb-86d6-9d5be6ec36d0|10.1.0.20:15166, 75a8e9a7-4fdb-4573-b73d-655a6993b3e4|10.1.0.20:15157]|listeners:[], old=null
2024-01-26 13:20:14,669 [75a8e9a7-4fdb-4573-b73d-655a6993b3e4-groupManagement] INFO  server.RaftServer$Division (RaftServerImpl.java:setRole(383)) - 75a8e9a7-4fdb-4573-b73d-655a6993b3e4@group-792F70B7EB65: changes role from      null to FOLLOWER at term 0 for startAsFollower
2024-01-26 13:20:14,670 [75a8e9a7-4fdb-4573-b73d-655a6993b3e4-groupManagement] INFO  impl.RoleInfo (RoleInfo.java:updateAndGet(139)) - 75a8e9a7-4fdb-4573-b73d-655a6993b3e4: start 75a8e9a7-4fdb-4573-b73d-655a6993b3e4@group-792F70B7EB65-FollowerState
2024-01-26 13:20:14,670 [75a8e9a7-4fdb-4573-b73d-655a6993b3e4@group-792F70B7EB65-FollowerState] INFO  server.RaftServerConfigKeys (ConfUtils.java:logFallback(53)) - raft.server.rpc.first-election.timeout.min = 5s (fallback to raft.server.rpc.timeout.min)
2024-01-26 13:20:14,670 [75a8e9a7-4fdb-4573-b73d-655a6993b3e4-groupManagement] INFO  util.JmxRegister (JmxRegister.java:tryRegister(44)) - Successfully registered JMX Bean with object name Ratis:service=RaftServer,group=group-792F70B7EB65,id=75a8e9a7-4fdb-4573-b73d-655a6993b3e4
2024-01-26 13:20:14,670 [75a8e9a7-4fdb-4573-b73d-655a6993b3e4@group-792F70B7EB65-FollowerState] INFO  server.RaftServerConfigKeys (ConfUtils.java:logFallback(53)) - raft.server.rpc.first-election.timeout.max = 5200ms (fallback to raft.server.rpc.timeout.max)
2024-01-26 13:20:14,670 [75a8e9a7-4fdb-4573-b73d-655a6993b3e4-groupManagement] INFO  server.RaftServerConfigKeys (ConfUtils.java:logGet(46)) - raft.server.snapshot.trigger-when-stop.enabled = true (default)
2024-01-26 13:20:14,670 [75a8e9a7-4fdb-4573-b73d-655a6993b3e4-groupManagement] INFO  server.RaftServerConfigKeys (ConfUtils.java:logGet(46)) - raft.server.snapshot.auto.trigger.enabled = true (custom)
2024-01-26 13:20:14,670 [75a8e9a7-4fdb-4573-b73d-655a6993b3e4-groupManagement] INFO  server.RaftServerConfigKeys (ConfUtils.java:logGet(46)) - raft.server.snapshot.auto.trigger.threshold = 10000 (custom)
2024-01-26 13:20:14,670 [75a8e9a7-4fdb-4573-b73d-655a6993b3e4-groupManagement] INFO  server.RaftServerConfigKeys (ConfUtils.java:logGet(46)) - raft.server.snapshot.retention.file.num = 5 (custom)
2024-01-26 13:20:14,670 [75a8e9a7-4fdb-4573-b73d-655a6993b3e4-groupManagement] INFO  server.RaftServerConfigKeys (ConfUtils.java:logGet(46)) - raft.server.log.purge.upto.snapshot.index = false (default)
2024-01-26 13:20:14,671 [75a8e9a7-4fdb-4573-b73d-655a6993b3e4-PipelineCommandHandlerThread-0] INFO  ratis.XceiverServerRatis (XceiverServerRatis.java:addGroup(842)) - Created group PipelineID=1628755e-068d-498d-af84-792f70b7eb65
2024-01-26 13:20:14,679 [grpc-default-executor-0] INFO  server.RaftServer (RaftServerProxy.java:addNew(100)) - 84594c31-4da7-47fb-86d6-9d5be6ec36d0: addNew group-792F70B7EB65:[6f9a858c-5bc3-4795-8cf6-806e3c336a96|10.1.0.20:15175, 84594c31-4da7-47fb-86d6-9d5be6ec36d0|10.1.0.20:15166, 75a8e9a7-4fdb-4573-b73d-655a6993b3e4|10.1.0.20:15157] returns group-792F70B7EB65:java.util.concurrent.CompletableFuture@7b60f941[Not completed]
2024-01-26 13:20:14,680 [84594c31-4da7-47fb-86d6-9d5be6ec36d0-groupManagement] INFO  server.RaftServer$Division (RaftServerImpl.java:<init>(256)) - 84594c31-4da7-47fb-86d6-9d5be6ec36d0: new RaftServerImpl for group-792F70B7EB65:[6f9a858c-5bc3-4795-8cf6-806e3c336a96|10.1.0.20:15175, 84594c31-4da7-47fb-86d6-9d5be6ec36d0|10.1.0.20:15166, 75a8e9a7-4fdb-4573-b73d-655a6993b3e4|10.1.0.20:15157] with ContainerStateMachine:uninitialized
2024-01-26 13:20:14,680 [84594c31-4da7-47fb-86d6-9d5be6ec36d0-groupManagement] INFO  server.RaftServerConfigKeys (ConfUtils.java:logGet(46)) - raft.server.rpc.timeout.min = 5s (custom)
2024-01-26 13:20:14,680 [84594c31-4da7-47fb-86d6-9d5be6ec36d0-groupManagement] INFO  server.RaftServerConfigKeys (ConfUtils.java:logGet(46)) - raft.server.rpc.timeout.max = 5200ms (custom)
2024-01-26 13:20:14,680 [84594c31-4da7-47fb-86d6-9d5be6ec36d0-groupManagement] INFO  server.RaftServerConfigKeys (ConfUtils.java:logGet(46)) - raft.server.rpc.sleep.time = 25ms (default)
2024-01-26 13:20:14,680 [84594c31-4da7-47fb-86d6-9d5be6ec36d0-groupManagement] INFO  server.RaftServerConfigKeys (ConfUtils.java:logGet(46)) - raft.server.rpc.slowness.timeout = 300000ms (custom)
2024-01-26 13:20:14,680 [84594c31-4da7-47fb-86d6-9d5be6ec36d0-groupManagement] INFO  server.RaftServerConfigKeys (ConfUtils.java:logGet(46)) - raft.server.leaderelection.leader.step-down.wait-time = 10s (default)
2024-01-26 13:20:14,680 [84594c31-4da7-47fb-86d6-9d5be6ec36d0-groupManagement] INFO  server.RaftServerConfigKeys (ConfUtils.java:logGet(46)) - raft.server.leaderelection.member.majority-add = false (default)
2024-01-26 13:20:14,680 [84594c31-4da7-47fb-86d6-9d5be6ec36d0-groupManagement] INFO  server.RaftServerConfigKeys (ConfUtils.java:logGet(46)) - raft.server.sleep.deviation.threshold = 300ms (default)
2024-01-26 13:20:14,680 [84594c31-4da7-47fb-86d6-9d5be6ec36d0-groupManagement] INFO  server.RaftServer$Division (ServerState.java:<init>(113)) - 84594c31-4da7-47fb-86d6-9d5be6ec36d0@group-792F70B7EB65: ConfigurationManager, init=-1: peers:[6f9a858c-5bc3-4795-8cf6-806e3c336a96|10.1.0.20:15175, 84594c31-4da7-47fb-86d6-9d5be6ec36d0|10.1.0.20:15166, 75a8e9a7-4fdb-4573-b73d-655a6993b3e4|10.1.0.20:15157]|listeners:[], old=null, confs=<EMPTY_MAP>
2024-01-26 13:20:14,680 [84594c31-4da7-47fb-86d6-9d5be6ec36d0-groupManagement] INFO  server.RaftServerConfigKeys (ConfUtils.java:logGet(46)) - raft.server.notification.no-leader.timeout = 300000ms (custom)
2024-01-26 13:20:14,680 [84594c31-4da7-47fb-86d6-9d5be6ec36d0-groupManagement] INFO  server.RaftServerConfigKeys (ConfUtils.java:logGet(46)) - raft.server.read.timeout = 10s (default)
2024-01-26 13:20:14,681 [84594c31-4da7-47fb-86d6-9d5be6ec36d0-groupManagement] INFO  server.RaftServerConfigKeys (ConfUtils.java:logGet(46)) - raft.server.retrycache.expirytime = 600000ms (custom)
2024-01-26 13:20:14,681 [84594c31-4da7-47fb-86d6-9d5be6ec36d0-groupManagement] INFO  server.RaftServerConfigKeys (ConfUtils.java:logGet(46)) - raft.server.retrycache.statistics.expirytime = 100ms (default)
2024-01-26 13:20:14,681 [84594c31-4da7-47fb-86d6-9d5be6ec36d0-groupManagement] INFO  server.RaftServerConfigKeys (ConfUtils.java:logGet(46)) - raft.server.read.option = DEFAULT (default)
2024-01-26 13:20:14,681 [84594c31-4da7-47fb-86d6-9d5be6ec36d0-groupManagement] INFO  server.RaftServerConfigKeys (ConfUtils.java:logGet(46)) - raft.server.read.read-after-write-consistent.write-index-cache.expiry-time = 60s (default)
2024-01-26 13:20:14,683 [84594c31-4da7-47fb-86d6-9d5be6ec36d0-groupManagement] INFO  server.RaftServerConfigKeys (ConfUtils.java:logGet(46)) - raft.server.rpc.request.timeout = 3000ms (default)
2024-01-26 13:20:14,683 [84594c31-4da7-47fb-86d6-9d5be6ec36d0-groupManagement] INFO  server.RaftServerConfigKeys (ConfUtils.java:logGet(46)) - raft.server.log.appender.install.snapshot.enabled = false (custom)
2024-01-26 13:20:14,683 [84594c31-4da7-47fb-86d6-9d5be6ec36d0-groupManagement] INFO  server.RaftServerConfigKeys (ConfUtils.java:logGet(46)) - raft.server.threadpool.server.cached = true (default)
2024-01-26 13:20:14,683 [84594c31-4da7-47fb-86d6-9d5be6ec36d0-groupManagement] INFO  server.RaftServerConfigKeys (ConfUtils.java:logGet(46)) - raft.server.threadpool.server.size = 0 (default)
2024-01-26 13:20:14,683 [84594c31-4da7-47fb-86d6-9d5be6ec36d0-groupManagement] INFO  server.RaftServerConfigKeys (ConfUtils.java:logGet(46)) - raft.server.threadpool.client.cached = true (default)
2024-01-26 13:20:14,683 [84594c31-4da7-47fb-86d6-9d5be6ec36d0-groupManagement] INFO  server.RaftServerConfigKeys (ConfUtils.java:logGet(46)) - raft.server.threadpool.client.size = 0 (default)
2024-01-26 13:20:14,683 [84594c31-4da7-47fb-86d6-9d5be6ec36d0-groupManagement] INFO  server.RaftServerConfigKeys (ConfUtils.java:logGet(46)) - raft.server.storage.free-space.min = 0MB (=0) (default)
2024-01-26 13:20:14,683 [84594c31-4da7-47fb-86d6-9d5be6ec36d0-groupManagement] INFO  server.RaftServerConfigKeys (ConfUtils.java:logGet(46)) - raft.server.log.corruption.policy = EXCEPTION (default)
2024-01-26 13:20:14,683 [84594c31-4da7-47fb-86d6-9d5be6ec36d0-groupManagement] INFO  server.RaftServerConfigKeys (ConfUtils.java:logGet(46)) - raft.server.storage.dir = [/home/runner/work/ozone/ozone/hadoop-ozone/integration-test/target/test-dir/MiniOzoneClusterImpl-6bed2868-cd70-4a3d-a9ed-67052a48ddc2/datanode-7/data/ratis] (custom)
2024-01-26 13:20:14,683 [84594c31-4da7-47fb-86d6-9d5be6ec36d0-groupManagement] INFO  storage.RaftStorageDirectory (RaftStorageDirectoryImpl.java:analyzeStorage(138)) - The storage directory /home/runner/work/ozone/ozone/hadoop-ozone/integration-test/target/test-dir/MiniOzoneClusterImpl-6bed2868-cd70-4a3d-a9ed-67052a48ddc2/datanode-7/data/ratis/1628755e-068d-498d-af84-792f70b7eb65 does not exist. Creating ...
2024-01-26 13:20:14,685 [84594c31-4da7-47fb-86d6-9d5be6ec36d0-groupManagement] INFO  storage.RaftStorageDirectory (RaftStorageDirectoryImpl.java:tryLock(228)) - Lock on /home/runner/work/ozone/ozone/hadoop-ozone/integration-test/target/test-dir/MiniOzoneClusterImpl-6bed2868-cd70-4a3d-a9ed-67052a48ddc2/datanode-7/data/ratis/1628755e-068d-498d-af84-792f70b7eb65/in_use.lock acquired by nodename 73218@fv-az983-443
2024-01-26 13:20:14,686 [84594c31-4da7-47fb-86d6-9d5be6ec36d0-groupManagement] INFO  storage.RaftStorage (RaftStorageImpl.java:format(99)) - Storage directory /home/runner/work/ozone/ozone/hadoop-ozone/integration-test/target/test-dir/MiniOzoneClusterImpl-6bed2868-cd70-4a3d-a9ed-67052a48ddc2/datanode-7/data/ratis/1628755e-068d-498d-af84-792f70b7eb65 has been successfully formatted.
2024-01-26 13:20:14,686 [84594c31-4da7-47fb-86d6-9d5be6ec36d0-groupManagement] WARN  util.FileUtils (LogUtils.java:supplyAndLog(63)) - Failed to Files.newInputStream /home/runner/work/ozone/ozone/hadoop-ozone/integration-test/target/test-dir/MiniOzoneClusterImpl-6bed2868-cd70-4a3d-a9ed-67052a48ddc2/datanode-7/data/ratis/1628755e-068d-498d-af84-792f70b7eb65/current/raft-meta.conf with options []: java.nio.file.NoSuchFileException: /home/runner/work/ozone/ozone/hadoop-ozone/integration-test/target/test-dir/MiniOzoneClusterImpl-6bed2868-cd70-4a3d-a9ed-67052a48ddc2/datanode-7/data/ratis/1628755e-068d-498d-af84-792f70b7eb65/current/raft-meta.conf
2024-01-26 13:20:14,687 [84594c31-4da7-47fb-86d6-9d5be6ec36d0-groupManagement] INFO  ratis.ContainerStateMachine (ContainerStateMachine.java:loadSnapshot(287)) - group-792F70B7EB65: The snapshot info is null. Setting the last applied index to:(t:0, i:~)
2024-01-26 13:20:14,687 [84594c31-4da7-47fb-86d6-9d5be6ec36d0-groupManagement] INFO  server.RaftServerConfigKeys (ConfUtils.java:logGet(46)) - raft.server.log.use.memory = false (default)
2024-01-26 13:20:14,687 [84594c31-4da7-47fb-86d6-9d5be6ec36d0-groupManagement] INFO  server.RaftServerConfigKeys (ConfUtils.java:logGet(46)) - raft.server.log.purge.gap = 1000000 (custom)
2024-01-26 13:20:14,688 [84594c31-4da7-47fb-86d6-9d5be6ec36d0-groupManagement] INFO  server.RaftServerConfigKeys (ConfUtils.java:logGet(46)) - raft.server.log.appender.buffer.byte-limit = 8388608 (custom)
2024-01-26 13:20:14,688 [84594c31-4da7-47fb-86d6-9d5be6ec36d0-groupManagement] INFO  server.RaftServerConfigKeys (ConfUtils.java:logGet(46)) - raft.server.log.statemachine.data.read.timeout = 1000ms (default)
2024-01-26 13:20:14,688 [84594c31-4da7-47fb-86d6-9d5be6ec36d0-groupManagement] INFO  server.RaftServerConfigKeys (ConfUtils.java:logGet(46)) - raft.server.log.purge.preservation.log.num = 0 (default)
2024-01-26 13:20:14,689 [84594c31-4da7-47fb-86d6-9d5be6ec36d0-groupManagement] INFO  server.RaftServerConfigKeys (ConfUtils.java:logGet(46)) - raft.server.log.segment.size.max = 67108864 (custom)
2024-01-26 13:20:14,690 [84594c31-4da7-47fb-86d6-9d5be6ec36d0-groupManagement] INFO  server.RaftServerConfigKeys (ConfUtils.java:logGet(46)) - raft.server.log.segment.cache.num.max = 2 (custom)
2024-01-26 13:20:14,690 [84594c31-4da7-47fb-86d6-9d5be6ec36d0-groupManagement] INFO  server.RaftServerConfigKeys (ConfUtils.java:logGet(46)) - raft.server.log.segment.cache.size.max = 200MB (=209715200) (default)
2024-01-26 13:20:14,690 [84594c31-4da7-47fb-86d6-9d5be6ec36d0-groupManagement] INFO  server.RaftServerConfigKeys (ConfUtils.java:logGet(46)) - raft.server.log.appender.buffer.byte-limit = 8388608 (custom)
2024-01-26 13:20:14,690 [84594c31-4da7-47fb-86d6-9d5be6ec36d0-groupManagement] INFO  util.AwaitToRun (AwaitToRun.java:start(81)) - Thread[84594c31-4da7-47fb-86d6-9d5be6ec36d0@group-792F70B7EB65-cacheEviction-AwaitToRun,5,main] started
2024-01-26 13:20:14,690 [84594c31-4da7-47fb-86d6-9d5be6ec36d0-groupManagement] INFO  segmented.SegmentedRaftLogWorker (SegmentedRaftLogWorker.java:<init>(182)) - new 84594c31-4da7-47fb-86d6-9d5be6ec36d0@group-792F70B7EB65-SegmentedRaftLogWorker for RaftStorageImpl:Storage Directory /home/runner/work/ozone/ozone/hadoop-ozone/integration-test/target/test-dir/MiniOzoneClusterImpl-6bed2868-cd70-4a3d-a9ed-67052a48ddc2/datanode-7/data/ratis/1628755e-068d-498d-af84-792f70b7eb65
2024-01-26 13:20:14,690 [84594c31-4da7-47fb-86d6-9d5be6ec36d0-groupManagement] INFO  server.RaftServerConfigKeys (ConfUtils.java:logGet(46)) - raft.server.log.queue.byte-limit = 4294967296 (custom)
2024-01-26 13:20:14,690 [84594c31-4da7-47fb-86d6-9d5be6ec36d0-groupManagement] INFO  server.RaftServerConfigKeys (ConfUtils.java:logGet(46)) - raft.server.log.queue.element-limit = 1024 (custom)
2024-01-26 13:20:14,690 [84594c31-4da7-47fb-86d6-9d5be6ec36d0-groupManagement] INFO  server.RaftServerConfigKeys (ConfUtils.java:logGet(46)) - raft.server.log.segment.size.max = 67108864 (custom)
2024-01-26 13:20:14,690 [84594c31-4da7-47fb-86d6-9d5be6ec36d0-groupManagement] INFO  server.RaftServerConfigKeys (ConfUtils.java:logGet(46)) - raft.server.log.preallocated.size = 4194304 (custom)
2024-01-26 13:20:14,690 [84594c31-4da7-47fb-86d6-9d5be6ec36d0-groupManagement] INFO  server.RaftServerConfigKeys (ConfUtils.java:logGet(46)) - raft.server.log.force.sync.num = 128 (default)
2024-01-26 13:20:14,690 [84594c31-4da7-47fb-86d6-9d5be6ec36d0-groupManagement] INFO  server.RaftServerConfigKeys (ConfUtils.java:logGet(46)) - raft.server.log.statemachine.data.sync = true (default)
2024-01-26 13:20:14,691 [84594c31-4da7-47fb-86d6-9d5be6ec36d0-groupManagement] INFO  server.RaftServerConfigKeys (ConfUtils.java:logGet(46)) - raft.server.log.statemachine.data.sync.timeout = 10s (default)
2024-01-26 13:20:14,691 [84594c31-4da7-47fb-86d6-9d5be6ec36d0-groupManagement] INFO  server.RaftServerConfigKeys (ConfUtils.java:logGet(46)) - raft.server.log.statemachine.data.sync.timeout.retry = 0 (custom)
2024-01-26 13:20:14,691 [84594c31-4da7-47fb-86d6-9d5be6ec36d0-groupManagement] INFO  server.RaftServerConfigKeys (ConfUtils.java:logGet(46)) - raft.server.log.write.buffer.size = 8388616 (custom)
2024-01-26 13:20:14,693 [84594c31-4da7-47fb-86d6-9d5be6ec36d0-groupManagement] INFO  server.RaftServerConfigKeys (ConfUtils.java:logGet(46)) - raft.server.log.appender.buffer.byte-limit = 8388608 (custom)
2024-01-26 13:20:14,693 [84594c31-4da7-47fb-86d6-9d5be6ec36d0-groupManagement] INFO  server.RaftServerConfigKeys (ConfUtils.java:logGet(46)) - raft.server.log.unsafe-flush.enabled = false (default)
2024-01-26 13:20:14,693 [84594c31-4da7-47fb-86d6-9d5be6ec36d0-groupManagement] INFO  server.RaftServerConfigKeys (ConfUtils.java:logGet(46)) - raft.server.log.async-flush.enabled = false (default)
2024-01-26 13:20:14,693 [84594c31-4da7-47fb-86d6-9d5be6ec36d0-groupManagement] INFO  server.RaftServerConfigKeys (ConfUtils.java:logGet(46)) - raft.server.log.statemachine.data.caching.enabled = true (custom)
2024-01-26 13:20:14,694 [84594c31-4da7-47fb-86d6-9d5be6ec36d0-groupManagement] INFO  segmented.SegmentedRaftLogWorker (SegmentedRaftLogWorker.java:lambda$new$0(134)) - 84594c31-4da7-47fb-86d6-9d5be6ec36d0@group-792F70B7EB65-SegmentedRaftLogWorker: flushIndex: setUnconditionally 0 -> -1
2024-01-26 13:20:14,694 [84594c31-4da7-47fb-86d6-9d5be6ec36d0-groupManagement] INFO  segmented.SegmentedRaftLogWorker (SegmentedRaftLogWorker.java:lambda$new$0(134)) - 84594c31-4da7-47fb-86d6-9d5be6ec36d0@group-792F70B7EB65-SegmentedRaftLogWorker: safeCacheEvictIndex: setUnconditionally 0 -> -1
2024-01-26 13:20:14,694 [84594c31-4da7-47fb-86d6-9d5be6ec36d0-groupManagement] INFO  server.RaftServer$Division (RaftServerImpl.java:start(396)) - 84594c31-4da7-47fb-86d6-9d5be6ec36d0@group-792F70B7EB65: start as a follower, conf=-1: peers:[6f9a858c-5bc3-4795-8cf6-806e3c336a96|10.1.0.20:15175, 84594c31-4da7-47fb-86d6-9d5be6ec36d0|10.1.0.20:15166, 75a8e9a7-4fdb-4573-b73d-655a6993b3e4|10.1.0.20:15157]|listeners:[], old=null
2024-01-26 13:20:14,694 [84594c31-4da7-47fb-86d6-9d5be6ec36d0-groupManagement] INFO  server.RaftServer$Division (RaftServerImpl.java:setRole(383)) - 84594c31-4da7-47fb-86d6-9d5be6ec36d0@group-792F70B7EB65: changes role from      null to FOLLOWER at term 0 for startAsFollower
2024-01-26 13:20:14,694 [84594c31-4da7-47fb-86d6-9d5be6ec36d0-groupManagement] INFO  impl.RoleInfo (RoleInfo.java:updateAndGet(139)) - 84594c31-4da7-47fb-86d6-9d5be6ec36d0: start 84594c31-4da7-47fb-86d6-9d5be6ec36d0@group-792F70B7EB65-FollowerState
2024-01-26 13:20:14,694 [84594c31-4da7-47fb-86d6-9d5be6ec36d0@group-792F70B7EB65-FollowerState] INFO  server.RaftServerConfigKeys (ConfUtils.java:logFallback(53)) - raft.server.rpc.first-election.timeout.min = 5s (fallback to raft.server.rpc.timeout.min)
2024-01-26 13:20:14,694 [84594c31-4da7-47fb-86d6-9d5be6ec36d0-groupManagement] INFO  util.JmxRegister (JmxRegister.java:tryRegister(44)) - Successfully registered JMX Bean with object name Ratis:service=RaftServer,group=group-792F70B7EB65,id=84594c31-4da7-47fb-86d6-9d5be6ec36d0
2024-01-26 13:20:14,694 [84594c31-4da7-47fb-86d6-9d5be6ec36d0@group-792F70B7EB65-FollowerState] INFO  server.RaftServerConfigKeys (ConfUtils.java:logFallback(53)) - raft.server.rpc.first-election.timeout.max = 5200ms (fallback to raft.server.rpc.timeout.max)
2024-01-26 13:20:14,695 [84594c31-4da7-47fb-86d6-9d5be6ec36d0-groupManagement] INFO  server.RaftServerConfigKeys (ConfUtils.java:logGet(46)) - raft.server.snapshot.trigger-when-stop.enabled = true (default)
2024-01-26 13:20:14,695 [84594c31-4da7-47fb-86d6-9d5be6ec36d0-groupManagement] INFO  server.RaftServerConfigKeys (ConfUtils.java:logGet(46)) - raft.server.snapshot.auto.trigger.enabled = true (custom)
2024-01-26 13:20:14,695 [84594c31-4da7-47fb-86d6-9d5be6ec36d0-groupManagement] INFO  server.RaftServerConfigKeys (ConfUtils.java:logGet(46)) - raft.server.snapshot.auto.trigger.threshold = 10000 (custom)
2024-01-26 13:20:14,695 [84594c31-4da7-47fb-86d6-9d5be6ec36d0-groupManagement] INFO  server.RaftServerConfigKeys (ConfUtils.java:logGet(46)) - raft.server.snapshot.retention.file.num = 5 (custom)
2024-01-26 13:20:14,695 [84594c31-4da7-47fb-86d6-9d5be6ec36d0-groupManagement] INFO  server.RaftServerConfigKeys (ConfUtils.java:logGet(46)) - raft.server.log.purge.upto.snapshot.index = false (default)
2024-01-26 13:20:14,708 [grpc-default-executor-0] INFO  server.RaftServer (RaftServerProxy.java:addNew(100)) - 6f9a858c-5bc3-4795-8cf6-806e3c336a96: addNew group-792F70B7EB65:[6f9a858c-5bc3-4795-8cf6-806e3c336a96|10.1.0.20:15175, 84594c31-4da7-47fb-86d6-9d5be6ec36d0|10.1.0.20:15166, 75a8e9a7-4fdb-4573-b73d-655a6993b3e4|10.1.0.20:15157] returns group-792F70B7EB65:java.util.concurrent.CompletableFuture@6263fa6c[Not completed]
2024-01-26 13:20:14,709 [6f9a858c-5bc3-4795-8cf6-806e3c336a96-groupManagement] INFO  server.RaftServer$Division (RaftServerImpl.java:<init>(256)) - 6f9a858c-5bc3-4795-8cf6-806e3c336a96: new RaftServerImpl for group-792F70B7EB65:[6f9a858c-5bc3-4795-8cf6-806e3c336a96|10.1.0.20:15175, 84594c31-4da7-47fb-86d6-9d5be6ec36d0|10.1.0.20:15166, 75a8e9a7-4fdb-4573-b73d-655a6993b3e4|10.1.0.20:15157] with ContainerStateMachine:uninitialized
2024-01-26 13:20:14,709 [6f9a858c-5bc3-4795-8cf6-806e3c336a96-groupManagement] INFO  server.RaftServerConfigKeys (ConfUtils.java:logGet(46)) - raft.server.rpc.timeout.min = 5s (custom)
2024-01-26 13:20:14,709 [6f9a858c-5bc3-4795-8cf6-806e3c336a96-groupManagement] INFO  server.RaftServerConfigKeys (ConfUtils.java:logGet(46)) - raft.server.rpc.timeout.max = 5200ms (custom)
2024-01-26 13:20:14,709 [6f9a858c-5bc3-4795-8cf6-806e3c336a96-groupManagement] INFO  server.RaftServerConfigKeys (ConfUtils.java:logGet(46)) - raft.server.rpc.sleep.time = 25ms (default)
2024-01-26 13:20:14,709 [6f9a858c-5bc3-4795-8cf6-806e3c336a96-groupManagement] INFO  server.RaftServerConfigKeys (ConfUtils.java:logGet(46)) - raft.server.rpc.slowness.timeout = 300000ms (custom)
2024-01-26 13:20:14,709 [6f9a858c-5bc3-4795-8cf6-806e3c336a96-groupManagement] INFO  server.RaftServerConfigKeys (ConfUtils.java:logGet(46)) - raft.server.leaderelection.leader.step-down.wait-time = 10s (default)
2024-01-26 13:20:14,710 [6f9a858c-5bc3-4795-8cf6-806e3c336a96-groupManagement] INFO  server.RaftServerConfigKeys (ConfUtils.java:logGet(46)) - raft.server.leaderelection.member.majority-add = false (default)
2024-01-26 13:20:14,710 [6f9a858c-5bc3-4795-8cf6-806e3c336a96-groupManagement] INFO  server.RaftServerConfigKeys (ConfUtils.java:logGet(46)) - raft.server.sleep.deviation.threshold = 300ms (default)
2024-01-26 13:20:14,710 [6f9a858c-5bc3-4795-8cf6-806e3c336a96-groupManagement] INFO  server.RaftServer$Division (ServerState.java:<init>(113)) - 6f9a858c-5bc3-4795-8cf6-806e3c336a96@group-792F70B7EB65: ConfigurationManager, init=-1: peers:[6f9a858c-5bc3-4795-8cf6-806e3c336a96|10.1.0.20:15175, 84594c31-4da7-47fb-86d6-9d5be6ec36d0|10.1.0.20:15166, 75a8e9a7-4fdb-4573-b73d-655a6993b3e4|10.1.0.20:15157]|listeners:[], old=null, confs=<EMPTY_MAP>
2024-01-26 13:20:14,710 [6f9a858c-5bc3-4795-8cf6-806e3c336a96-groupManagement] INFO  server.RaftServerConfigKeys (ConfUtils.java:logGet(46)) - raft.server.notification.no-leader.timeout = 300000ms (custom)
2024-01-26 13:20:14,710 [6f9a858c-5bc3-4795-8cf6-806e3c336a96-groupManagement] INFO  server.RaftServerConfigKeys (ConfUtils.java:logGet(46)) - raft.server.read.timeout = 10s (default)
2024-01-26 13:20:14,710 [6f9a858c-5bc3-4795-8cf6-806e3c336a96-groupManagement] INFO  server.RaftServerConfigKeys (ConfUtils.java:logGet(46)) - raft.server.retrycache.expirytime = 600000ms (custom)
2024-01-26 13:20:14,710 [6f9a858c-5bc3-4795-8cf6-806e3c336a96-groupManagement] INFO  server.RaftServerConfigKeys (ConfUtils.java:logGet(46)) - raft.server.retrycache.statistics.expirytime = 100ms (default)
2024-01-26 13:20:14,711 [6f9a858c-5bc3-4795-8cf6-806e3c336a96-groupManagement] INFO  server.RaftServerConfigKeys (ConfUtils.java:logGet(46)) - raft.server.read.option = DEFAULT (default)
2024-01-26 13:20:14,711 [6f9a858c-5bc3-4795-8cf6-806e3c336a96-groupManagement] INFO  server.RaftServerConfigKeys (ConfUtils.java:logGet(46)) - raft.server.read.read-after-write-consistent.write-index-cache.expiry-time = 60s (default)
2024-01-26 13:20:14,712 [6f9a858c-5bc3-4795-8cf6-806e3c336a96-groupManagement] INFO  server.RaftServerConfigKeys (ConfUtils.java:logGet(46)) - raft.server.rpc.request.timeout = 3000ms (default)
2024-01-26 13:20:14,713 [6f9a858c-5bc3-4795-8cf6-806e3c336a96-groupManagement] INFO  server.RaftServerConfigKeys (ConfUtils.java:logGet(46)) - raft.server.log.appender.install.snapshot.enabled = false (custom)
2024-01-26 13:20:14,713 [6f9a858c-5bc3-4795-8cf6-806e3c336a96-groupManagement] INFO  server.RaftServerConfigKeys (ConfUtils.java:logGet(46)) - raft.server.threadpool.server.cached = true (default)
2024-01-26 13:20:14,713 [6f9a858c-5bc3-4795-8cf6-806e3c336a96-groupManagement] INFO  server.RaftServerConfigKeys (ConfUtils.java:logGet(46)) - raft.server.threadpool.server.size = 0 (default)
2024-01-26 13:20:14,713 [6f9a858c-5bc3-4795-8cf6-806e3c336a96-groupManagement] INFO  server.RaftServerConfigKeys (ConfUtils.java:logGet(46)) - raft.server.threadpool.client.cached = true (default)
2024-01-26 13:20:14,713 [6f9a858c-5bc3-4795-8cf6-806e3c336a96-groupManagement] INFO  server.RaftServerConfigKeys (ConfUtils.java:logGet(46)) - raft.server.threadpool.client.size = 0 (default)
2024-01-26 13:20:14,713 [6f9a858c-5bc3-4795-8cf6-806e3c336a96-groupManagement] INFO  server.RaftServerConfigKeys (ConfUtils.java:logGet(46)) - raft.server.storage.free-space.min = 0MB (=0) (default)
2024-01-26 13:20:14,713 [6f9a858c-5bc3-4795-8cf6-806e3c336a96-groupManagement] INFO  server.RaftServerConfigKeys (ConfUtils.java:logGet(46)) - raft.server.log.corruption.policy = EXCEPTION (default)
2024-01-26 13:20:14,714 [6f9a858c-5bc3-4795-8cf6-806e3c336a96-groupManagement] INFO  server.RaftServerConfigKeys (ConfUtils.java:logGet(46)) - raft.server.storage.dir = [/home/runner/work/ozone/ozone/hadoop-ozone/integration-test/target/test-dir/MiniOzoneClusterImpl-6bed2868-cd70-4a3d-a9ed-67052a48ddc2/datanode-8/data/ratis] (custom)
2024-01-26 13:20:14,714 [6f9a858c-5bc3-4795-8cf6-806e3c336a96-groupManagement] INFO  storage.RaftStorageDirectory (RaftStorageDirectoryImpl.java:analyzeStorage(138)) - The storage directory /home/runner/work/ozone/ozone/hadoop-ozone/integration-test/target/test-dir/MiniOzoneClusterImpl-6bed2868-cd70-4a3d-a9ed-67052a48ddc2/datanode-8/data/ratis/1628755e-068d-498d-af84-792f70b7eb65 does not exist. Creating ...
2024-01-26 13:20:14,715 [6f9a858c-5bc3-4795-8cf6-806e3c336a96-groupManagement] INFO  storage.RaftStorageDirectory (RaftStorageDirectoryImpl.java:tryLock(228)) - Lock on /home/runner/work/ozone/ozone/hadoop-ozone/integration-test/target/test-dir/MiniOzoneClusterImpl-6bed2868-cd70-4a3d-a9ed-67052a48ddc2/datanode-8/data/ratis/1628755e-068d-498d-af84-792f70b7eb65/in_use.lock acquired by nodename 73218@fv-az983-443
2024-01-26 13:20:14,717 [6f9a858c-5bc3-4795-8cf6-806e3c336a96-groupManagement] INFO  storage.RaftStorage (RaftStorageImpl.java:format(99)) - Storage directory /home/runner/work/ozone/ozone/hadoop-ozone/integration-test/target/test-dir/MiniOzoneClusterImpl-6bed2868-cd70-4a3d-a9ed-67052a48ddc2/datanode-8/data/ratis/1628755e-068d-498d-af84-792f70b7eb65 has been successfully formatted.
2024-01-26 13:20:14,717 [6f9a858c-5bc3-4795-8cf6-806e3c336a96-groupManagement] WARN  util.FileUtils (LogUtils.java:supplyAndLog(63)) - Failed to Files.newInputStream /home/runner/work/ozone/ozone/hadoop-ozone/integration-test/target/test-dir/MiniOzoneClusterImpl-6bed2868-cd70-4a3d-a9ed-67052a48ddc2/datanode-8/data/ratis/1628755e-068d-498d-af84-792f70b7eb65/current/raft-meta.conf with options []: java.nio.file.NoSuchFileException: /home/runner/work/ozone/ozone/hadoop-ozone/integration-test/target/test-dir/MiniOzoneClusterImpl-6bed2868-cd70-4a3d-a9ed-67052a48ddc2/datanode-8/data/ratis/1628755e-068d-498d-af84-792f70b7eb65/current/raft-meta.conf
2024-01-26 13:20:14,718 [6f9a858c-5bc3-4795-8cf6-806e3c336a96-groupManagement] INFO  ratis.ContainerStateMachine (ContainerStateMachine.java:loadSnapshot(287)) - group-792F70B7EB65: The snapshot info is null. Setting the last applied index to:(t:0, i:~)
2024-01-26 13:20:14,718 [6f9a858c-5bc3-4795-8cf6-806e3c336a96-groupManagement] INFO  server.RaftServerConfigKeys (ConfUtils.java:logGet(46)) - raft.server.log.use.memory = false (default)
2024-01-26 13:20:14,718 [6f9a858c-5bc3-4795-8cf6-806e3c336a96-groupManagement] INFO  server.RaftServerConfigKeys (ConfUtils.java:logGet(46)) - raft.server.log.purge.gap = 1000000 (custom)
2024-01-26 13:20:14,718 [6f9a858c-5bc3-4795-8cf6-806e3c336a96-groupManagement] INFO  server.RaftServerConfigKeys (ConfUtils.java:logGet(46)) - raft.server.log.appender.buffer.byte-limit = 8388608 (custom)
2024-01-26 13:20:14,719 [6f9a858c-5bc3-4795-8cf6-806e3c336a96-groupManagement] INFO  server.RaftServerConfigKeys (ConfUtils.java:logGet(46)) - raft.server.log.statemachine.data.read.timeout = 1000ms (default)
2024-01-26 13:20:14,719 [6f9a858c-5bc3-4795-8cf6-806e3c336a96-groupManagement] INFO  server.RaftServerConfigKeys (ConfUtils.java:logGet(46)) - raft.server.log.purge.preservation.log.num = 0 (default)
2024-01-26 13:20:14,720 [6f9a858c-5bc3-4795-8cf6-806e3c336a96-groupManagement] INFO  server.RaftServerConfigKeys (ConfUtils.java:logGet(46)) - raft.server.log.segment.size.max = 67108864 (custom)
2024-01-26 13:20:14,720 [6f9a858c-5bc3-4795-8cf6-806e3c336a96-groupManagement] INFO  server.RaftServerConfigKeys (ConfUtils.java:logGet(46)) - raft.server.log.segment.cache.num.max = 2 (custom)
2024-01-26 13:20:14,720 [6f9a858c-5bc3-4795-8cf6-806e3c336a96-groupManagement] INFO  server.RaftServerConfigKeys (ConfUtils.java:logGet(46)) - raft.server.log.segment.cache.size.max = 200MB (=209715200) (default)
2024-01-26 13:20:14,720 [6f9a858c-5bc3-4795-8cf6-806e3c336a96-groupManagement] INFO  server.RaftServerConfigKeys (ConfUtils.java:logGet(46)) - raft.server.log.appender.buffer.byte-limit = 8388608 (custom)
2024-01-26 13:20:14,721 [6f9a858c-5bc3-4795-8cf6-806e3c336a96-groupManagement] INFO  util.AwaitToRun (AwaitToRun.java:start(81)) - Thread[6f9a858c-5bc3-4795-8cf6-806e3c336a96@group-792F70B7EB65-cacheEviction-AwaitToRun,5,main] started
2024-01-26 13:20:14,721 [6f9a858c-5bc3-4795-8cf6-806e3c336a96-groupManagement] INFO  segmented.SegmentedRaftLogWorker (SegmentedRaftLogWorker.java:<init>(182)) - new 6f9a858c-5bc3-4795-8cf6-806e3c336a96@group-792F70B7EB65-SegmentedRaftLogWorker for RaftStorageImpl:Storage Directory /home/runner/work/ozone/ozone/hadoop-ozone/integration-test/target/test-dir/MiniOzoneClusterImpl-6bed2868-cd70-4a3d-a9ed-67052a48ddc2/datanode-8/data/ratis/1628755e-068d-498d-af84-792f70b7eb65
2024-01-26 13:20:14,721 [6f9a858c-5bc3-4795-8cf6-806e3c336a96-groupManagement] INFO  server.RaftServerConfigKeys (ConfUtils.java:logGet(46)) - raft.server.log.queue.byte-limit = 4294967296 (custom)
2024-01-26 13:20:14,721 [6f9a858c-5bc3-4795-8cf6-806e3c336a96-groupManagement] INFO  server.RaftServerConfigKeys (ConfUtils.java:logGet(46)) - raft.server.log.queue.element-limit = 1024 (custom)
2024-01-26 13:20:14,721 [6f9a858c-5bc3-4795-8cf6-806e3c336a96-groupManagement] INFO  server.RaftServerConfigKeys (ConfUtils.java:logGet(46)) - raft.server.log.segment.size.max = 67108864 (custom)
2024-01-26 13:20:14,721 [6f9a858c-5bc3-4795-8cf6-806e3c336a96-groupManagement] INFO  server.RaftServerConfigKeys (ConfUtils.java:logGet(46)) - raft.server.log.preallocated.size = 4194304 (custom)
2024-01-26 13:20:14,721 [6f9a858c-5bc3-4795-8cf6-806e3c336a96-groupManagement] INFO  server.RaftServerConfigKeys (ConfUtils.java:logGet(46)) - raft.server.log.force.sync.num = 128 (default)
2024-01-26 13:20:14,721 [6f9a858c-5bc3-4795-8cf6-806e3c336a96-groupManagement] INFO  server.RaftServerConfigKeys (ConfUtils.java:logGet(46)) - raft.server.log.statemachine.data.sync = true (default)
2024-01-26 13:20:14,722 [6f9a858c-5bc3-4795-8cf6-806e3c336a96-groupManagement] INFO  server.RaftServerConfigKeys (ConfUtils.java:logGet(46)) - raft.server.log.statemachine.data.sync.timeout = 10s (default)
2024-01-26 13:20:14,722 [6f9a858c-5bc3-4795-8cf6-806e3c336a96-groupManagement] INFO  server.RaftServerConfigKeys (ConfUtils.java:logGet(46)) - raft.server.log.statemachine.data.sync.timeout.retry = 0 (custom)
2024-01-26 13:20:14,722 [6f9a858c-5bc3-4795-8cf6-806e3c336a96-groupManagement] INFO  server.RaftServerConfigKeys (ConfUtils.java:logGet(46)) - raft.server.log.write.buffer.size = 8388616 (custom)
2024-01-26 13:20:14,724 [6f9a858c-5bc3-4795-8cf6-806e3c336a96-groupManagement] INFO  server.RaftServerConfigKeys (ConfUtils.java:logGet(46)) - raft.server.log.appender.buffer.byte-limit = 8388608 (custom)
2024-01-26 13:20:14,724 [6f9a858c-5bc3-4795-8cf6-806e3c336a96-groupManagement] INFO  server.RaftServerConfigKeys (ConfUtils.java:logGet(46)) - raft.server.log.unsafe-flush.enabled = false (default)
2024-01-26 13:20:14,724 [6f9a858c-5bc3-4795-8cf6-806e3c336a96-groupManagement] INFO  server.RaftServerConfigKeys (ConfUtils.java:logGet(46)) - raft.server.log.async-flush.enabled = false (default)
2024-01-26 13:20:14,724 [6f9a858c-5bc3-4795-8cf6-806e3c336a96-groupManagement] INFO  server.RaftServerConfigKeys (ConfUtils.java:logGet(46)) - raft.server.log.statemachine.data.caching.enabled = true (custom)
2024-01-26 13:20:14,724 [6f9a858c-5bc3-4795-8cf6-806e3c336a96-groupManagement] INFO  segmented.SegmentedRaftLogWorker (SegmentedRaftLogWorker.java:lambda$new$0(134)) - 6f9a858c-5bc3-4795-8cf6-806e3c336a96@group-792F70B7EB65-SegmentedRaftLogWorker: flushIndex: setUnconditionally 0 -> -1
2024-01-26 13:20:14,724 [6f9a858c-5bc3-4795-8cf6-806e3c336a96-groupManagement] INFO  segmented.SegmentedRaftLogWorker (SegmentedRaftLogWorker.java:lambda$new$0(134)) - 6f9a858c-5bc3-4795-8cf6-806e3c336a96@group-792F70B7EB65-SegmentedRaftLogWorker: safeCacheEvictIndex: setUnconditionally 0 -> -1
2024-01-26 13:20:14,725 [6f9a858c-5bc3-4795-8cf6-806e3c336a96-groupManagement] INFO  server.RaftServer$Division (RaftServerImpl.java:start(396)) - 6f9a858c-5bc3-4795-8cf6-806e3c336a96@group-792F70B7EB65: start as a follower, conf=-1: peers:[6f9a858c-5bc3-4795-8cf6-806e3c336a96|10.1.0.20:15175, 84594c31-4da7-47fb-86d6-9d5be6ec36d0|10.1.0.20:15166, 75a8e9a7-4fdb-4573-b73d-655a6993b3e4|10.1.0.20:15157]|listeners:[], old=null
2024-01-26 13:20:14,725 [6f9a858c-5bc3-4795-8cf6-806e3c336a96-groupManagement] INFO  server.RaftServer$Division (RaftServerImpl.java:setRole(383)) - 6f9a858c-5bc3-4795-8cf6-806e3c336a96@group-792F70B7EB65: changes role from      null to FOLLOWER at term 0 for startAsFollower
2024-01-26 13:20:14,725 [6f9a858c-5bc3-4795-8cf6-806e3c336a96-groupManagement] INFO  impl.RoleInfo (RoleInfo.java:updateAndGet(139)) - 6f9a858c-5bc3-4795-8cf6-806e3c336a96: start 6f9a858c-5bc3-4795-8cf6-806e3c336a96@group-792F70B7EB65-FollowerState
2024-01-26 13:20:14,725 [6f9a858c-5bc3-4795-8cf6-806e3c336a96-groupManagement] INFO  util.JmxRegister (JmxRegister.java:tryRegister(44)) - Successfully registered JMX Bean with object name Ratis:service=RaftServer,group=group-792F70B7EB65,id=6f9a858c-5bc3-4795-8cf6-806e3c336a96
2024-01-26 13:20:14,725 [6f9a858c-5bc3-4795-8cf6-806e3c336a96-groupManagement] INFO  server.RaftServerConfigKeys (ConfUtils.java:logGet(46)) - raft.server.snapshot.trigger-when-stop.enabled = true (default)
2024-01-26 13:20:14,725 [6f9a858c-5bc3-4795-8cf6-806e3c336a96@group-792F70B7EB65-FollowerState] INFO  server.RaftServerConfigKeys (ConfUtils.java:logFallback(53)) - raft.server.rpc.first-election.timeout.min = 5s (fallback to raft.server.rpc.timeout.min)
2024-01-26 13:20:14,726 [6f9a858c-5bc3-4795-8cf6-806e3c336a96@group-792F70B7EB65-FollowerState] INFO  server.RaftServerConfigKeys (ConfUtils.java:logFallback(53)) - raft.server.rpc.first-election.timeout.max = 5200ms (fallback to raft.server.rpc.timeout.max)
2024-01-26 13:20:14,726 [6f9a858c-5bc3-4795-8cf6-806e3c336a96-groupManagement] INFO  server.RaftServerConfigKeys (ConfUtils.java:logGet(46)) - raft.server.snapshot.auto.trigger.enabled = true (custom)
2024-01-26 13:20:14,726 [6f9a858c-5bc3-4795-8cf6-806e3c336a96-groupManagement] INFO  server.RaftServerConfigKeys (ConfUtils.java:logGet(46)) - raft.server.snapshot.auto.trigger.threshold = 10000 (custom)
2024-01-26 13:20:14,726 [6f9a858c-5bc3-4795-8cf6-806e3c336a96-groupManagement] INFO  server.RaftServerConfigKeys (ConfUtils.java:logGet(46)) - raft.server.snapshot.retention.file.num = 5 (custom)
2024-01-26 13:20:14,726 [6f9a858c-5bc3-4795-8cf6-806e3c336a96-groupManagement] INFO  server.RaftServerConfigKeys (ConfUtils.java:logGet(46)) - raft.server.log.purge.upto.snapshot.index = false (default)
2024-01-26 13:20:14,732 [75a8e9a7-4fdb-4573-b73d-655a6993b3e4-PipelineCommandHandlerThread-0] INFO  commandhandler.CreatePipelineCommandHandler (CreatePipelineCommandHandler.java:lambda$handle$2(124)) - Created Pipeline RATIS THREE PipelineID=1628755e-068d-498d-af84-792f70b7eb65.
2024-01-26 13:20:14,743 [84594c31-4da7-47fb-86d6-9d5be6ec36d0-PipelineCommandHandlerThread-0] INFO  server.RaftServer (RaftServerProxy.java:addNew(100)) - 84594c31-4da7-47fb-86d6-9d5be6ec36d0: addNew group-89BB3BB132ED:[84594c31-4da7-47fb-86d6-9d5be6ec36d0|10.1.0.20:15166] returns group-89BB3BB132ED:java.util.concurrent.CompletableFuture@77b93960[Not completed]
2024-01-26 13:20:14,744 [84594c31-4da7-47fb-86d6-9d5be6ec36d0-groupManagement] INFO  server.RaftServer$Division (RaftServerImpl.java:<init>(256)) - 84594c31-4da7-47fb-86d6-9d5be6ec36d0: new RaftServerImpl for group-89BB3BB132ED:[84594c31-4da7-47fb-86d6-9d5be6ec36d0|10.1.0.20:15166] with ContainerStateMachine:uninitialized
2024-01-26 13:20:14,744 [84594c31-4da7-47fb-86d6-9d5be6ec36d0-groupManagement] INFO  server.RaftServerConfigKeys (ConfUtils.java:logGet(46)) - raft.server.rpc.timeout.min = 5s (custom)
2024-01-26 13:20:14,744 [84594c31-4da7-47fb-86d6-9d5be6ec36d0-groupManagement] INFO  server.RaftServerConfigKeys (ConfUtils.java:logGet(46)) - raft.server.rpc.timeout.max = 5200ms (custom)
2024-01-26 13:20:14,744 [84594c31-4da7-47fb-86d6-9d5be6ec36d0-groupManagement] INFO  server.RaftServerConfigKeys (ConfUtils.java:logGet(46)) - raft.server.rpc.sleep.time = 25ms (default)
2024-01-26 13:20:14,744 [84594c31-4da7-47fb-86d6-9d5be6ec36d0-groupManagement] INFO  server.RaftServerConfigKeys (ConfUtils.java:logGet(46)) - raft.server.rpc.slowness.timeout = 300000ms (custom)
2024-01-26 13:20:14,744 [84594c31-4da7-47fb-86d6-9d5be6ec36d0-groupManagement] INFO  server.RaftServerConfigKeys (ConfUtils.java:logGet(46)) - raft.server.leaderelection.leader.step-down.wait-time = 10s (default)
2024-01-26 13:20:14,744 [84594c31-4da7-47fb-86d6-9d5be6ec36d0-groupManagement] INFO  server.RaftServerConfigKeys (ConfUtils.java:logGet(46)) - raft.server.leaderelection.member.majority-add = false (default)
2024-01-26 13:20:14,744 [84594c31-4da7-47fb-86d6-9d5be6ec36d0-groupManagement] INFO  server.RaftServerConfigKeys (ConfUtils.java:logGet(46)) - raft.server.sleep.deviation.threshold = 300ms (default)
2024-01-26 13:20:14,744 [84594c31-4da7-47fb-86d6-9d5be6ec36d0-groupManagement] INFO  server.RaftServer$Division (ServerState.java:<init>(113)) - 84594c31-4da7-47fb-86d6-9d5be6ec36d0@group-89BB3BB132ED: ConfigurationManager, init=-1: peers:[84594c31-4da7-47fb-86d6-9d5be6ec36d0|10.1.0.20:15166]|listeners:[], old=null, confs=<EMPTY_MAP>
2024-01-26 13:20:14,744 [84594c31-4da7-47fb-86d6-9d5be6ec36d0-groupManagement] INFO  server.RaftServerConfigKeys (ConfUtils.java:logGet(46)) - raft.server.notification.no-leader.timeout = 300000ms (custom)
2024-01-26 13:20:14,744 [84594c31-4da7-47fb-86d6-9d5be6ec36d0-groupManagement] INFO  server.RaftServerConfigKeys (ConfUtils.java:logGet(46)) - raft.server.read.timeout = 10s (default)
2024-01-26 13:20:14,744 [84594c31-4da7-47fb-86d6-9d5be6ec36d0-groupManagement] INFO  server.RaftServerConfigKeys (ConfUtils.java:logGet(46)) - raft.server.retrycache.expirytime = 600000ms (custom)
2024-01-26 13:20:14,744 [84594c31-4da7-47fb-86d6-9d5be6ec36d0-groupManagement] INFO  server.RaftServerConfigKeys (ConfUtils.java:logGet(46)) - raft.server.retrycache.statistics.expirytime = 100ms (default)
2024-01-26 13:20:14,745 [84594c31-4da7-47fb-86d6-9d5be6ec36d0-groupManagement] INFO  server.RaftServerConfigKeys (ConfUtils.java:logGet(46)) - raft.server.read.option = DEFAULT (default)
2024-01-26 13:20:14,745 [84594c31-4da7-47fb-86d6-9d5be6ec36d0-groupManagement] INFO  server.RaftServerConfigKeys (ConfUtils.java:logGet(46)) - raft.server.read.read-after-write-consistent.write-index-cache.expiry-time = 60s (default)
2024-01-26 13:20:14,746 [84594c31-4da7-47fb-86d6-9d5be6ec36d0-groupManagement] INFO  server.RaftServerConfigKeys (ConfUtils.java:logGet(46)) - raft.server.rpc.request.timeout = 3000ms (default)
2024-01-26 13:20:14,746 [84594c31-4da7-47fb-86d6-9d5be6ec36d0-groupManagement] INFO  server.RaftServerConfigKeys (ConfUtils.java:logGet(46)) - raft.server.log.appender.install.snapshot.enabled = false (custom)
2024-01-26 13:20:14,746 [84594c31-4da7-47fb-86d6-9d5be6ec36d0-groupManagement] INFO  server.RaftServerConfigKeys (ConfUtils.java:logGet(46)) - raft.server.threadpool.server.cached = true (default)
2024-01-26 13:20:14,746 [84594c31-4da7-47fb-86d6-9d5be6ec36d0-groupManagement] INFO  server.RaftServerConfigKeys (ConfUtils.java:logGet(46)) - raft.server.threadpool.server.size = 0 (default)
2024-01-26 13:20:14,746 [84594c31-4da7-47fb-86d6-9d5be6ec36d0-groupManagement] INFO  server.RaftServerConfigKeys (ConfUtils.java:logGet(46)) - raft.server.threadpool.client.cached = true (default)
2024-01-26 13:20:14,746 [84594c31-4da7-47fb-86d6-9d5be6ec36d0-groupManagement] INFO  server.RaftServerConfigKeys (ConfUtils.java:logGet(46)) - raft.server.threadpool.client.size = 0 (default)
2024-01-26 13:20:14,746 [84594c31-4da7-47fb-86d6-9d5be6ec36d0-groupManagement] INFO  server.RaftServerConfigKeys (ConfUtils.java:logGet(46)) - raft.server.storage.free-space.min = 0MB (=0) (default)
2024-01-26 13:20:14,746 [84594c31-4da7-47fb-86d6-9d5be6ec36d0-groupManagement] INFO  server.RaftServerConfigKeys (ConfUtils.java:logGet(46)) - raft.server.log.corruption.policy = EXCEPTION (default)
2024-01-26 13:20:14,746 [84594c31-4da7-47fb-86d6-9d5be6ec36d0-groupManagement] INFO  server.RaftServerConfigKeys (ConfUtils.java:logGet(46)) - raft.server.storage.dir = [/home/runner/work/ozone/ozone/hadoop-ozone/integration-test/target/test-dir/MiniOzoneClusterImpl-6bed2868-cd70-4a3d-a9ed-67052a48ddc2/datanode-7/data/ratis] (custom)
2024-01-26 13:20:14,747 [84594c31-4da7-47fb-86d6-9d5be6ec36d0-groupManagement] INFO  storage.RaftStorageDirectory (RaftStorageDirectoryImpl.java:analyzeStorage(138)) - The storage directory /home/runner/work/ozone/ozone/hadoop-ozone/integration-test/target/test-dir/MiniOzoneClusterImpl-6bed2868-cd70-4a3d-a9ed-67052a48ddc2/datanode-7/data/ratis/4d05220e-f77e-4080-8c1d-89bb3bb132ed does not exist. Creating ...
2024-01-26 13:20:14,748 [84594c31-4da7-47fb-86d6-9d5be6ec36d0-groupManagement] INFO  storage.RaftStorageDirectory (RaftStorageDirectoryImpl.java:tryLock(228)) - Lock on /home/runner/work/ozone/ozone/hadoop-ozone/integration-test/target/test-dir/MiniOzoneClusterImpl-6bed2868-cd70-4a3d-a9ed-67052a48ddc2/datanode-7/data/ratis/4d05220e-f77e-4080-8c1d-89bb3bb132ed/in_use.lock acquired by nodename 73218@fv-az983-443
2024-01-26 13:20:14,749 [84594c31-4da7-47fb-86d6-9d5be6ec36d0-groupManagement] INFO  storage.RaftStorage (RaftStorageImpl.java:format(99)) - Storage directory /home/runner/work/ozone/ozone/hadoop-ozone/integration-test/target/test-dir/MiniOzoneClusterImpl-6bed2868-cd70-4a3d-a9ed-67052a48ddc2/datanode-7/data/ratis/4d05220e-f77e-4080-8c1d-89bb3bb132ed has been successfully formatted.
2024-01-26 13:20:14,749 [84594c31-4da7-47fb-86d6-9d5be6ec36d0-groupManagement] WARN  util.FileUtils (LogUtils.java:supplyAndLog(63)) - Failed to Files.newInputStream /home/runner/work/ozone/ozone/hadoop-ozone/integration-test/target/test-dir/MiniOzoneClusterImpl-6bed2868-cd70-4a3d-a9ed-67052a48ddc2/datanode-7/data/ratis/4d05220e-f77e-4080-8c1d-89bb3bb132ed/current/raft-meta.conf with options []: java.nio.file.NoSuchFileException: /home/runner/work/ozone/ozone/hadoop-ozone/integration-test/target/test-dir/MiniOzoneClusterImpl-6bed2868-cd70-4a3d-a9ed-67052a48ddc2/datanode-7/data/ratis/4d05220e-f77e-4080-8c1d-89bb3bb132ed/current/raft-meta.conf
2024-01-26 13:20:14,749 [84594c31-4da7-47fb-86d6-9d5be6ec36d0-groupManagement] INFO  ratis.ContainerStateMachine (ContainerStateMachine.java:loadSnapshot(287)) - group-89BB3BB132ED: The snapshot info is null. Setting the last applied index to:(t:0, i:~)
2024-01-26 13:20:14,749 [84594c31-4da7-47fb-86d6-9d5be6ec36d0-groupManagement] INFO  server.RaftServerConfigKeys (ConfUtils.java:logGet(46)) - raft.server.log.use.memory = false (default)
2024-01-26 13:20:14,749 [84594c31-4da7-47fb-86d6-9d5be6ec36d0-groupManagement] INFO  server.RaftServerConfigKeys (ConfUtils.java:logGet(46)) - raft.server.log.purge.gap = 1000000 (custom)
2024-01-26 13:20:14,749 [84594c31-4da7-47fb-86d6-9d5be6ec36d0-groupManagement] INFO  server.RaftServerConfigKeys (ConfUtils.java:logGet(46)) - raft.server.log.appender.buffer.byte-limit = 8388608 (custom)
2024-01-26 13:20:14,749 [84594c31-4da7-47fb-86d6-9d5be6ec36d0-groupManagement] INFO  server.RaftServerConfigKeys (ConfUtils.java:logGet(46)) - raft.server.log.statemachine.data.read.timeout = 1000ms (default)
2024-01-26 13:20:14,749 [84594c31-4da7-47fb-86d6-9d5be6ec36d0-groupManagement] INFO  server.RaftServerConfigKeys (ConfUtils.java:logGet(46)) - raft.server.log.purge.preservation.log.num = 0 (default)
2024-01-26 13:20:14,750 [84594c31-4da7-47fb-86d6-9d5be6ec36d0-groupManagement] INFO  server.RaftServerConfigKeys (ConfUtils.java:logGet(46)) - raft.server.log.segment.size.max = 67108864 (custom)
2024-01-26 13:20:14,751 [84594c31-4da7-47fb-86d6-9d5be6ec36d0-groupManagement] INFO  server.RaftServerConfigKeys (ConfUtils.java:logGet(46)) - raft.server.log.segment.cache.num.max = 2 (custom)
2024-01-26 13:20:14,751 [84594c31-4da7-47fb-86d6-9d5be6ec36d0-groupManagement] INFO  server.RaftServerConfigKeys (ConfUtils.java:logGet(46)) - raft.server.log.segment.cache.size.max = 200MB (=209715200) (default)
2024-01-26 13:20:14,751 [EventQueue-PipelineReportForPipelineReportHandler] INFO  pipeline.PipelineReportHandler (PipelineReportHandler.java:processPipelineReport(136)) - Opened pipeline PipelineID=4d05220e-f77e-4080-8c1d-89bb3bb132ed
2024-01-26 13:20:14,751 [EventQueue-OpenPipelineForHealthyPipelineSafeModeRule] INFO  safemode.SCMSafeModeManager (HealthyPipelineSafeModeRule.java:process(140)) - SCM in safe mode. Healthy pipelines reported count is 0, required healthy pipeline reported count is 1
2024-01-26 13:20:14,751 [84594c31-4da7-47fb-86d6-9d5be6ec36d0-groupManagement] INFO  server.RaftServerConfigKeys (ConfUtils.java:logGet(46)) - raft.server.log.appender.buffer.byte-limit = 8388608 (custom)
2024-01-26 13:20:14,751 [84594c31-4da7-47fb-86d6-9d5be6ec36d0-groupManagement] INFO  util.AwaitToRun (AwaitToRun.java:start(81)) - Thread[84594c31-4da7-47fb-86d6-9d5be6ec36d0@group-89BB3BB132ED-cacheEviction-AwaitToRun,5,main] started
2024-01-26 13:20:14,751 [84594c31-4da7-47fb-86d6-9d5be6ec36d0-groupManagement] INFO  segmented.SegmentedRaftLogWorker (SegmentedRaftLogWorker.java:<init>(182)) - new 84594c31-4da7-47fb-86d6-9d5be6ec36d0@group-89BB3BB132ED-SegmentedRaftLogWorker for RaftStorageImpl:Storage Directory /home/runner/work/ozone/ozone/hadoop-ozone/integration-test/target/test-dir/MiniOzoneClusterImpl-6bed2868-cd70-4a3d-a9ed-67052a48ddc2/datanode-7/data/ratis/4d05220e-f77e-4080-8c1d-89bb3bb132ed
2024-01-26 13:20:14,752 [84594c31-4da7-47fb-86d6-9d5be6ec36d0-groupManagement] INFO  server.RaftServerConfigKeys (ConfUtils.java:logGet(46)) - raft.server.log.queue.byte-limit = 4294967296 (custom)
2024-01-26 13:20:14,752 [84594c31-4da7-47fb-86d6-9d5be6ec36d0-groupManagement] INFO  server.RaftServerConfigKeys (ConfUtils.java:logGet(46)) - raft.server.log.queue.element-limit = 1024 (custom)
2024-01-26 13:20:14,752 [84594c31-4da7-47fb-86d6-9d5be6ec36d0-groupManagement] INFO  server.RaftServerConfigKeys (ConfUtils.java:logGet(46)) - raft.server.log.segment.size.max = 67108864 (custom)
2024-01-26 13:20:14,752 [84594c31-4da7-47fb-86d6-9d5be6ec36d0-groupManagement] INFO  server.RaftServerConfigKeys (ConfUtils.java:logGet(46)) - raft.server.log.preallocated.size = 4194304 (custom)
2024-01-26 13:20:14,752 [84594c31-4da7-47fb-86d6-9d5be6ec36d0-groupManagement] INFO  server.RaftServerConfigKeys (ConfUtils.java:logGet(46)) - raft.server.log.force.sync.num = 128 (default)
2024-01-26 13:20:14,752 [84594c31-4da7-47fb-86d6-9d5be6ec36d0-groupManagement] INFO  server.RaftServerConfigKeys (ConfUtils.java:logGet(46)) - raft.server.log.statemachine.data.sync = true (default)
2024-01-26 13:20:14,752 [84594c31-4da7-47fb-86d6-9d5be6ec36d0-groupManagement] INFO  server.RaftServerConfigKeys (ConfUtils.java:logGet(46)) - raft.server.log.statemachine.data.sync.timeout = 10s (default)
2024-01-26 13:20:14,752 [84594c31-4da7-47fb-86d6-9d5be6ec36d0-groupManagement] INFO  server.RaftServerConfigKeys (ConfUtils.java:logGet(46)) - raft.server.log.statemachine.data.sync.timeout.retry = 0 (custom)
2024-01-26 13:20:14,752 [84594c31-4da7-47fb-86d6-9d5be6ec36d0-groupManagement] INFO  server.RaftServerConfigKeys (ConfUtils.java:logGet(46)) - raft.server.log.write.buffer.size = 8388616 (custom)
2024-01-26 13:20:14,753 [84594c31-4da7-47fb-86d6-9d5be6ec36d0-groupManagement] INFO  server.RaftServerConfigKeys (ConfUtils.java:logGet(46)) - raft.server.log.appender.buffer.byte-limit = 8388608 (custom)
2024-01-26 13:20:14,753 [84594c31-4da7-47fb-86d6-9d5be6ec36d0-groupManagement] INFO  server.RaftServerConfigKeys (ConfUtils.java:logGet(46)) - raft.server.log.unsafe-flush.enabled = false (default)
2024-01-26 13:20:14,753 [84594c31-4da7-47fb-86d6-9d5be6ec36d0-groupManagement] INFO  server.RaftServerConfigKeys (ConfUtils.java:logGet(46)) - raft.server.log.async-flush.enabled = false (default)
2024-01-26 13:20:14,754 [84594c31-4da7-47fb-86d6-9d5be6ec36d0-groupManagement] INFO  server.RaftServerConfigKeys (ConfUtils.java:logGet(46)) - raft.server.log.statemachine.data.caching.enabled = true (custom)
2024-01-26 13:20:14,754 [84594c31-4da7-47fb-86d6-9d5be6ec36d0-groupManagement] INFO  segmented.SegmentedRaftLogWorker (SegmentedRaftLogWorker.java:lambda$new$0(134)) - 84594c31-4da7-47fb-86d6-9d5be6ec36d0@group-89BB3BB132ED-SegmentedRaftLogWorker: flushIndex: setUnconditionally 0 -> -1
2024-01-26 13:20:14,754 [84594c31-4da7-47fb-86d6-9d5be6ec36d0-groupManagement] INFO  segmented.SegmentedRaftLogWorker (SegmentedRaftLogWorker.java:lambda$new$0(134)) - 84594c31-4da7-47fb-86d6-9d5be6ec36d0@group-89BB3BB132ED-SegmentedRaftLogWorker: safeCacheEvictIndex: setUnconditionally 0 -> -1
2024-01-26 13:20:14,754 [84594c31-4da7-47fb-86d6-9d5be6ec36d0-groupManagement] INFO  server.RaftServer$Division (RaftServerImpl.java:start(396)) - 84594c31-4da7-47fb-86d6-9d5be6ec36d0@group-89BB3BB132ED: start as a follower, conf=-1: peers:[84594c31-4da7-47fb-86d6-9d5be6ec36d0|10.1.0.20:15166]|listeners:[], old=null
2024-01-26 13:20:14,754 [84594c31-4da7-47fb-86d6-9d5be6ec36d0-groupManagement] INFO  server.RaftServer$Division (RaftServerImpl.java:setRole(383)) - 84594c31-4da7-47fb-86d6-9d5be6ec36d0@group-89BB3BB132ED: changes role from      null to FOLLOWER at term 0 for startAsFollower
2024-01-26 13:20:14,754 [84594c31-4da7-47fb-86d6-9d5be6ec36d0-groupManagement] INFO  impl.RoleInfo (RoleInfo.java:updateAndGet(139)) - 84594c31-4da7-47fb-86d6-9d5be6ec36d0: start 84594c31-4da7-47fb-86d6-9d5be6ec36d0@group-89BB3BB132ED-FollowerState
2024-01-26 13:20:14,754 [84594c31-4da7-47fb-86d6-9d5be6ec36d0-groupManagement] INFO  util.JmxRegister (JmxRegister.java:tryRegister(44)) - Successfully registered JMX Bean with object name Ratis:service=RaftServer,group=group-89BB3BB132ED,id=84594c31-4da7-47fb-86d6-9d5be6ec36d0
2024-01-26 13:20:14,754 [84594c31-4da7-47fb-86d6-9d5be6ec36d0@group-89BB3BB132ED-FollowerState] INFO  server.RaftServerConfigKeys (ConfUtils.java:logFallback(53)) - raft.server.rpc.first-election.timeout.min = 5s (fallback to raft.server.rpc.timeout.min)
2024-01-26 13:20:14,755 [84594c31-4da7-47fb-86d6-9d5be6ec36d0@group-89BB3BB132ED-FollowerState] INFO  server.RaftServerConfigKeys (ConfUtils.java:logFallback(53)) - raft.server.rpc.first-election.timeout.max = 5200ms (fallback to raft.server.rpc.timeout.max)
2024-01-26 13:20:14,755 [84594c31-4da7-47fb-86d6-9d5be6ec36d0-groupManagement] INFO  server.RaftServerConfigKeys (ConfUtils.java:logGet(46)) - raft.server.snapshot.trigger-when-stop.enabled = true (default)
2024-01-26 13:20:14,755 [84594c31-4da7-47fb-86d6-9d5be6ec36d0-groupManagement] INFO  server.RaftServerConfigKeys (ConfUtils.java:logGet(46)) - raft.server.snapshot.auto.trigger.enabled = true (custom)
2024-01-26 13:20:14,755 [84594c31-4da7-47fb-86d6-9d5be6ec36d0-groupManagement] INFO  server.RaftServerConfigKeys (ConfUtils.java:logGet(46)) - raft.server.snapshot.auto.trigger.threshold = 10000 (custom)
2024-01-26 13:20:14,755 [84594c31-4da7-47fb-86d6-9d5be6ec36d0-groupManagement] INFO  server.RaftServerConfigKeys (ConfUtils.java:logGet(46)) - raft.server.snapshot.retention.file.num = 5 (custom)
2024-01-26 13:20:14,755 [84594c31-4da7-47fb-86d6-9d5be6ec36d0-groupManagement] INFO  server.RaftServerConfigKeys (ConfUtils.java:logGet(46)) - raft.server.log.purge.upto.snapshot.index = false (default)
2024-01-26 13:20:14,756 [84594c31-4da7-47fb-86d6-9d5be6ec36d0-PipelineCommandHandlerThread-0] INFO  ratis.XceiverServerRatis (XceiverServerRatis.java:addGroup(842)) - Created group PipelineID=4d05220e-f77e-4080-8c1d-89bb3bb132ed
2024-01-26 13:20:14,756 [84594c31-4da7-47fb-86d6-9d5be6ec36d0-PipelineCommandHandlerThread-0] INFO  commandhandler.CreatePipelineCommandHandler (CreatePipelineCommandHandler.java:lambda$handle$2(124)) - Created Pipeline RATIS ONE PipelineID=4d05220e-f77e-4080-8c1d-89bb3bb132ed.
2024-01-26 13:20:14,839 [main] INFO  ozone.MiniOzoneClusterImpl (MiniOzoneClusterImpl.java:lambda$waitForClusterToBeReady$0(229)) - Nodes are ready. Got 9 of 9 DN Heartbeats.
2024-01-26 13:20:14,839 [main] INFO  ozone.MiniOzoneClusterImpl (MiniOzoneClusterImpl.java:lambda$waitForClusterToBeReady$0(232)) - Waiting for cluster to exit safe mode
2024-01-26 13:20:14,839 [main] INFO  ozone.MiniOzoneClusterImpl (MiniOzoneClusterImpl.java:lambda$waitForClusterToBeReady$0(234)) - SCM became leader
2024-01-26 13:20:14,839 [6f9a858c-5bc3-4795-8cf6-806e3c336a96-PipelineCommandHandlerThread-0] INFO  server.RaftServer (RaftServerProxy.java:addNew(100)) - 6f9a858c-5bc3-4795-8cf6-806e3c336a96: addNew group-359A7FEFC33E:[6f9a858c-5bc3-4795-8cf6-806e3c336a96|10.1.0.20:15175] returns group-359A7FEFC33E:java.util.concurrent.CompletableFuture@3b9c342f[Not completed]
2024-01-26 13:20:14,842 [6f9a858c-5bc3-4795-8cf6-806e3c336a96-groupManagement] INFO  server.RaftServer$Division (RaftServerImpl.java:<init>(256)) - 6f9a858c-5bc3-4795-8cf6-806e3c336a96: new RaftServerImpl for group-359A7FEFC33E:[6f9a858c-5bc3-4795-8cf6-806e3c336a96|10.1.0.20:15175] with ContainerStateMachine:uninitialized
2024-01-26 13:20:14,842 [6f9a858c-5bc3-4795-8cf6-806e3c336a96-groupManagement] INFO  server.RaftServerConfigKeys (ConfUtils.java:logGet(46)) - raft.server.rpc.timeout.min = 5s (custom)
2024-01-26 13:20:14,842 [6f9a858c-5bc3-4795-8cf6-806e3c336a96-groupManagement] INFO  server.RaftServerConfigKeys (ConfUtils.java:logGet(46)) - raft.server.rpc.timeout.max = 5200ms (custom)
2024-01-26 13:20:14,842 [6f9a858c-5bc3-4795-8cf6-806e3c336a96-groupManagement] INFO  server.RaftServerConfigKeys (ConfUtils.java:logGet(46)) - raft.server.rpc.sleep.time = 25ms (default)
2024-01-26 13:20:14,842 [6f9a858c-5bc3-4795-8cf6-806e3c336a96-groupManagement] INFO  server.RaftServerConfigKeys (ConfUtils.java:logGet(46)) - raft.server.rpc.slowness.timeout = 300000ms (custom)
2024-01-26 13:20:14,842 [6f9a858c-5bc3-4795-8cf6-806e3c336a96-groupManagement] INFO  server.RaftServerConfigKeys (ConfUtils.java:logGet(46)) - raft.server.leaderelection.leader.step-down.wait-time = 10s (default)
2024-01-26 13:20:14,842 [6f9a858c-5bc3-4795-8cf6-806e3c336a96-groupManagement] INFO  server.RaftServerConfigKeys (ConfUtils.java:logGet(46)) - raft.server.leaderelection.member.majority-add = false (default)
2024-01-26 13:20:14,842 [6f9a858c-5bc3-4795-8cf6-806e3c336a96-groupManagement] INFO  server.RaftServerConfigKeys (ConfUtils.java:logGet(46)) - raft.server.sleep.deviation.threshold = 300ms (default)
2024-01-26 13:20:14,842 [6f9a858c-5bc3-4795-8cf6-806e3c336a96-groupManagement] INFO  server.RaftServer$Division (ServerState.java:<init>(113)) - 6f9a858c-5bc3-4795-8cf6-806e3c336a96@group-359A7FEFC33E: ConfigurationManager, init=-1: peers:[6f9a858c-5bc3-4795-8cf6-806e3c336a96|10.1.0.20:15175]|listeners:[], old=null, confs=<EMPTY_MAP>
2024-01-26 13:20:14,842 [6f9a858c-5bc3-4795-8cf6-806e3c336a96-groupManagement] INFO  server.RaftServerConfigKeys (ConfUtils.java:logGet(46)) - raft.server.notification.no-leader.timeout = 300000ms (custom)
2024-01-26 13:20:14,842 [6f9a858c-5bc3-4795-8cf6-806e3c336a96-groupManagement] INFO  server.RaftServerConfigKeys (ConfUtils.java:logGet(46)) - raft.server.read.timeout = 10s (default)
2024-01-26 13:20:14,842 [6f9a858c-5bc3-4795-8cf6-806e3c336a96-groupManagement] INFO  server.RaftServerConfigKeys (ConfUtils.java:logGet(46)) - raft.server.retrycache.expirytime = 600000ms (custom)
2024-01-26 13:20:14,842 [6f9a858c-5bc3-4795-8cf6-806e3c336a96-groupManagement] INFO  server.RaftServerConfigKeys (ConfUtils.java:logGet(46)) - raft.server.retrycache.statistics.expirytime = 100ms (default)
2024-01-26 13:20:14,843 [6f9a858c-5bc3-4795-8cf6-806e3c336a96-groupManagement] INFO  server.RaftServerConfigKeys (ConfUtils.java:logGet(46)) - raft.server.read.option = DEFAULT (default)
2024-01-26 13:20:14,843 [6f9a858c-5bc3-4795-8cf6-806e3c336a96-groupManagement] INFO  server.RaftServerConfigKeys (ConfUtils.java:logGet(46)) - raft.server.read.read-after-write-consistent.write-index-cache.expiry-time = 60s (default)
2024-01-26 13:20:14,845 [6f9a858c-5bc3-4795-8cf6-806e3c336a96-groupManagement] INFO  server.RaftServerConfigKeys (ConfUtils.java:logGet(46)) - raft.server.rpc.request.timeout = 3000ms (default)
2024-01-26 13:20:14,845 [6f9a858c-5bc3-4795-8cf6-806e3c336a96-groupManagement] INFO  server.RaftServerConfigKeys (ConfUtils.java:logGet(46)) - raft.server.log.appender.install.snapshot.enabled = false (custom)
2024-01-26 13:20:14,845 [6f9a858c-5bc3-4795-8cf6-806e3c336a96-groupManagement] INFO  server.RaftServerConfigKeys (ConfUtils.java:logGet(46)) - raft.server.threadpool.server.cached = true (default)
2024-01-26 13:20:14,845 [6f9a858c-5bc3-4795-8cf6-806e3c336a96-groupManagement] INFO  server.RaftServerConfigKeys (ConfUtils.java:logGet(46)) - raft.server.threadpool.server.size = 0 (default)
2024-01-26 13:20:14,845 [6f9a858c-5bc3-4795-8cf6-806e3c336a96-groupManagement] INFO  server.RaftServerConfigKeys (ConfUtils.java:logGet(46)) - raft.server.threadpool.client.cached = true (default)
2024-01-26 13:20:14,845 [6f9a858c-5bc3-4795-8cf6-806e3c336a96-groupManagement] INFO  server.RaftServerConfigKeys (ConfUtils.java:logGet(46)) - raft.server.threadpool.client.size = 0 (default)
2024-01-26 13:20:14,845 [6f9a858c-5bc3-4795-8cf6-806e3c336a96-groupManagement] INFO  server.RaftServerConfigKeys (ConfUtils.java:logGet(46)) - raft.server.storage.free-space.min = 0MB (=0) (default)
2024-01-26 13:20:14,845 [6f9a858c-5bc3-4795-8cf6-806e3c336a96-groupManagement] INFO  server.RaftServerConfigKeys (ConfUtils.java:logGet(46)) - raft.server.log.corruption.policy = EXCEPTION (default)
2024-01-26 13:20:14,845 [6f9a858c-5bc3-4795-8cf6-806e3c336a96-groupManagement] INFO  server.RaftServerConfigKeys (ConfUtils.java:logGet(46)) - raft.server.storage.dir = [/home/runner/work/ozone/ozone/hadoop-ozone/integration-test/target/test-dir/MiniOzoneClusterImpl-6bed2868-cd70-4a3d-a9ed-67052a48ddc2/datanode-8/data/ratis] (custom)
2024-01-26 13:20:14,846 [6f9a858c-5bc3-4795-8cf6-806e3c336a96-groupManagement] INFO  storage.RaftStorageDirectory (RaftStorageDirectoryImpl.java:analyzeStorage(138)) - The storage directory /home/runner/work/ozone/ozone/hadoop-ozone/integration-test/target/test-dir/MiniOzoneClusterImpl-6bed2868-cd70-4a3d-a9ed-67052a48ddc2/datanode-8/data/ratis/90cbaefc-edd9-43bb-9de7-359a7fefc33e does not exist. Creating ...
2024-01-26 13:20:14,846 [6f9a858c-5bc3-4795-8cf6-806e3c336a96-groupManagement] INFO  storage.RaftStorageDirectory (RaftStorageDirectoryImpl.java:tryLock(228)) - Lock on /home/runner/work/ozone/ozone/hadoop-ozone/integration-test/target/test-dir/MiniOzoneClusterImpl-6bed2868-cd70-4a3d-a9ed-67052a48ddc2/datanode-8/data/ratis/90cbaefc-edd9-43bb-9de7-359a7fefc33e/in_use.lock acquired by nodename 73218@fv-az983-443
2024-01-26 13:20:14,847 [6f9a858c-5bc3-4795-8cf6-806e3c336a96-groupManagement] INFO  storage.RaftStorage (RaftStorageImpl.java:format(99)) - Storage directory /home/runner/work/ozone/ozone/hadoop-ozone/integration-test/target/test-dir/MiniOzoneClusterImpl-6bed2868-cd70-4a3d-a9ed-67052a48ddc2/datanode-8/data/ratis/90cbaefc-edd9-43bb-9de7-359a7fefc33e has been successfully formatted.
2024-01-26 13:20:14,848 [6f9a858c-5bc3-4795-8cf6-806e3c336a96-groupManagement] WARN  util.FileUtils (LogUtils.java:supplyAndLog(63)) - Failed to Files.newInputStream /home/runner/work/ozone/ozone/hadoop-ozone/integration-test/target/test-dir/MiniOzoneClusterImpl-6bed2868-cd70-4a3d-a9ed-67052a48ddc2/datanode-8/data/ratis/90cbaefc-edd9-43bb-9de7-359a7fefc33e/current/raft-meta.conf with options []: java.nio.file.NoSuchFileException: /home/runner/work/ozone/ozone/hadoop-ozone/integration-test/target/test-dir/MiniOzoneClusterImpl-6bed2868-cd70-4a3d-a9ed-67052a48ddc2/datanode-8/data/ratis/90cbaefc-edd9-43bb-9de7-359a7fefc33e/current/raft-meta.conf
2024-01-26 13:20:14,848 [6f9a858c-5bc3-4795-8cf6-806e3c336a96-groupManagement] INFO  ratis.ContainerStateMachine (ContainerStateMachine.java:loadSnapshot(287)) - group-359A7FEFC33E: The snapshot info is null. Setting the last applied index to:(t:0, i:~)
2024-01-26 13:20:14,848 [6f9a858c-5bc3-4795-8cf6-806e3c336a96-groupManagement] INFO  server.RaftServerConfigKeys (ConfUtils.java:logGet(46)) - raft.server.log.use.memory = false (default)
2024-01-26 13:20:14,848 [6f9a858c-5bc3-4795-8cf6-806e3c336a96-groupManagement] INFO  server.RaftServerConfigKeys (ConfUtils.java:logGet(46)) - raft.server.log.purge.gap = 1000000 (custom)
2024-01-26 13:20:14,848 [6f9a858c-5bc3-4795-8cf6-806e3c336a96-groupManagement] INFO  server.RaftServerConfigKeys (ConfUtils.java:logGet(46)) - raft.server.log.appender.buffer.byte-limit = 8388608 (custom)
2024-01-26 13:20:14,848 [6f9a858c-5bc3-4795-8cf6-806e3c336a96-groupManagement] INFO  server.RaftServerConfigKeys (ConfUtils.java:logGet(46)) - raft.server.log.statemachine.data.read.timeout = 1000ms (default)
2024-01-26 13:20:14,849 [6f9a858c-5bc3-4795-8cf6-806e3c336a96-groupManagement] INFO  server.RaftServerConfigKeys (ConfUtils.java:logGet(46)) - raft.server.log.purge.preservation.log.num = 0 (default)
2024-01-26 13:20:14,850 [6f9a858c-5bc3-4795-8cf6-806e3c336a96-groupManagement] INFO  server.RaftServerConfigKeys (ConfUtils.java:logGet(46)) - raft.server.log.segment.size.max = 67108864 (custom)
2024-01-26 13:20:14,850 [EventQueue-PipelineReportForPipelineReportHandler] INFO  pipeline.PipelineReportHandler (PipelineReportHandler.java:processPipelineReport(136)) - Opened pipeline PipelineID=90cbaefc-edd9-43bb-9de7-359a7fefc33e
2024-01-26 13:20:14,850 [EventQueue-OpenPipelineForHealthyPipelineSafeModeRule] INFO  safemode.SCMSafeModeManager (HealthyPipelineSafeModeRule.java:process(140)) - SCM in safe mode. Healthy pipelines reported count is 0, required healthy pipeline reported count is 1
2024-01-26 13:20:14,850 [6f9a858c-5bc3-4795-8cf6-806e3c336a96-groupManagement] INFO  server.RaftServerConfigKeys (ConfUtils.java:logGet(46)) - raft.server.log.segment.cache.num.max = 2 (custom)
2024-01-26 13:20:14,850 [6f9a858c-5bc3-4795-8cf6-806e3c336a96-groupManagement] INFO  server.RaftServerConfigKeys (ConfUtils.java:logGet(46)) - raft.server.log.segment.cache.size.max = 200MB (=209715200) (default)
2024-01-26 13:20:14,850 [6f9a858c-5bc3-4795-8cf6-806e3c336a96-groupManagement] INFO  server.RaftServerConfigKeys (ConfUtils.java:logGet(46)) - raft.server.log.appender.buffer.byte-limit = 8388608 (custom)
2024-01-26 13:20:14,851 [6f9a858c-5bc3-4795-8cf6-806e3c336a96-groupManagement] INFO  util.AwaitToRun (AwaitToRun.java:start(81)) - Thread[6f9a858c-5bc3-4795-8cf6-806e3c336a96@group-359A7FEFC33E-cacheEviction-AwaitToRun,5,main] started
2024-01-26 13:20:14,851 [6f9a858c-5bc3-4795-8cf6-806e3c336a96-groupManagement] INFO  segmented.SegmentedRaftLogWorker (SegmentedRaftLogWorker.java:<init>(182)) - new 6f9a858c-5bc3-4795-8cf6-806e3c336a96@group-359A7FEFC33E-SegmentedRaftLogWorker for RaftStorageImpl:Storage Directory /home/runner/work/ozone/ozone/hadoop-ozone/integration-test/target/test-dir/MiniOzoneClusterImpl-6bed2868-cd70-4a3d-a9ed-67052a48ddc2/datanode-8/data/ratis/90cbaefc-edd9-43bb-9de7-359a7fefc33e
2024-01-26 13:20:14,851 [6f9a858c-5bc3-4795-8cf6-806e3c336a96-groupManagement] INFO  server.RaftServerConfigKeys (ConfUtils.java:logGet(46)) - raft.server.log.queue.byte-limit = 4294967296 (custom)
2024-01-26 13:20:14,851 [6f9a858c-5bc3-4795-8cf6-806e3c336a96-groupManagement] INFO  server.RaftServerConfigKeys (ConfUtils.java:logGet(46)) - raft.server.log.queue.element-limit = 1024 (custom)
2024-01-26 13:20:14,851 [6f9a858c-5bc3-4795-8cf6-806e3c336a96-groupManagement] INFO  server.RaftServerConfigKeys (ConfUtils.java:logGet(46)) - raft.server.log.segment.size.max = 67108864 (custom)
2024-01-26 13:20:14,851 [6f9a858c-5bc3-4795-8cf6-806e3c336a96-groupManagement] INFO  server.RaftServerConfigKeys (ConfUtils.java:logGet(46)) - raft.server.log.preallocated.size = 4194304 (custom)
2024-01-26 13:20:14,851 [6f9a858c-5bc3-4795-8cf6-806e3c336a96-groupManagement] INFO  server.RaftServerConfigKeys (ConfUtils.java:logGet(46)) - raft.server.log.force.sync.num = 128 (default)
2024-01-26 13:20:14,851 [6f9a858c-5bc3-4795-8cf6-806e3c336a96-groupManagement] INFO  server.RaftServerConfigKeys (ConfUtils.java:logGet(46)) - raft.server.log.statemachine.data.sync = true (default)
2024-01-26 13:20:14,851 [6f9a858c-5bc3-4795-8cf6-806e3c336a96-groupManagement] INFO  server.RaftServerConfigKeys (ConfUtils.java:logGet(46)) - raft.server.log.statemachine.data.sync.timeout = 10s (default)
2024-01-26 13:20:14,851 [6f9a858c-5bc3-4795-8cf6-806e3c336a96-groupManagement] INFO  server.RaftServerConfigKeys (ConfUtils.java:logGet(46)) - raft.server.log.statemachine.data.sync.timeout.retry = 0 (custom)
2024-01-26 13:20:14,852 [6f9a858c-5bc3-4795-8cf6-806e3c336a96-groupManagement] INFO  server.RaftServerConfigKeys (ConfUtils.java:logGet(46)) - raft.server.log.write.buffer.size = 8388616 (custom)
2024-01-26 13:20:14,853 [6f9a858c-5bc3-4795-8cf6-806e3c336a96-groupManagement] INFO  server.RaftServerConfigKeys (ConfUtils.java:logGet(46)) - raft.server.log.appender.buffer.byte-limit = 8388608 (custom)
2024-01-26 13:20:14,853 [6f9a858c-5bc3-4795-8cf6-806e3c336a96-groupManagement] INFO  server.RaftServerConfigKeys (ConfUtils.java:logGet(46)) - raft.server.log.unsafe-flush.enabled = false (default)
2024-01-26 13:20:14,853 [6f9a858c-5bc3-4795-8cf6-806e3c336a96-groupManagement] INFO  server.RaftServerConfigKeys (ConfUtils.java:logGet(46)) - raft.server.log.async-flush.enabled = false (default)
2024-01-26 13:20:14,853 [6f9a858c-5bc3-4795-8cf6-806e3c336a96-groupManagement] INFO  server.RaftServerConfigKeys (ConfUtils.java:logGet(46)) - raft.server.log.statemachine.data.caching.enabled = true (custom)
2024-01-26 13:20:14,854 [6f9a858c-5bc3-4795-8cf6-806e3c336a96-groupManagement] INFO  segmented.SegmentedRaftLogWorker (SegmentedRaftLogWorker.java:lambda$new$0(134)) - 6f9a858c-5bc3-4795-8cf6-806e3c336a96@group-359A7FEFC33E-SegmentedRaftLogWorker: flushIndex: setUnconditionally 0 -> -1
2024-01-26 13:20:14,854 [6f9a858c-5bc3-4795-8cf6-806e3c336a96-groupManagement] INFO  segmented.SegmentedRaftLogWorker (SegmentedRaftLogWorker.java:lambda$new$0(134)) - 6f9a858c-5bc3-4795-8cf6-806e3c336a96@group-359A7FEFC33E-SegmentedRaftLogWorker: safeCacheEvictIndex: setUnconditionally 0 -> -1
2024-01-26 13:20:14,854 [6f9a858c-5bc3-4795-8cf6-806e3c336a96-groupManagement] INFO  server.RaftServer$Division (RaftServerImpl.java:start(396)) - 6f9a858c-5bc3-4795-8cf6-806e3c336a96@group-359A7FEFC33E: start as a follower, conf=-1: peers:[6f9a858c-5bc3-4795-8cf6-806e3c336a96|10.1.0.20:15175]|listeners:[], old=null
2024-01-26 13:20:14,854 [6f9a858c-5bc3-4795-8cf6-806e3c336a96-groupManagement] INFO  server.RaftServer$Division (RaftServerImpl.java:setRole(383)) - 6f9a858c-5bc3-4795-8cf6-806e3c336a96@group-359A7FEFC33E: changes role from      null to FOLLOWER at term 0 for startAsFollower
2024-01-26 13:20:14,854 [6f9a858c-5bc3-4795-8cf6-806e3c336a96-groupManagement] INFO  impl.RoleInfo (RoleInfo.java:updateAndGet(139)) - 6f9a858c-5bc3-4795-8cf6-806e3c336a96: start 6f9a858c-5bc3-4795-8cf6-806e3c336a96@group-359A7FEFC33E-FollowerState
2024-01-26 13:20:14,854 [6f9a858c-5bc3-4795-8cf6-806e3c336a96@group-359A7FEFC33E-FollowerState] INFO  server.RaftServerConfigKeys (ConfUtils.java:logFallback(53)) - raft.server.rpc.first-election.timeout.min = 5s (fallback to raft.server.rpc.timeout.min)
2024-01-26 13:20:14,854 [6f9a858c-5bc3-4795-8cf6-806e3c336a96-groupManagement] INFO  util.JmxRegister (JmxRegister.java:tryRegister(44)) - Successfully registered JMX Bean with object name Ratis:service=RaftServer,group=group-359A7FEFC33E,id=6f9a858c-5bc3-4795-8cf6-806e3c336a96
2024-01-26 13:20:14,854 [6f9a858c-5bc3-4795-8cf6-806e3c336a96-groupManagement] INFO  server.RaftServerConfigKeys (ConfUtils.java:logGet(46)) - raft.server.snapshot.trigger-when-stop.enabled = true (default)
2024-01-26 13:20:14,854 [6f9a858c-5bc3-4795-8cf6-806e3c336a96-groupManagement] INFO  server.RaftServerConfigKeys (ConfUtils.java:logGet(46)) - raft.server.snapshot.auto.trigger.enabled = true (custom)
2024-01-26 13:20:14,854 [6f9a858c-5bc3-4795-8cf6-806e3c336a96-groupManagement] INFO  server.RaftServerConfigKeys (ConfUtils.java:logGet(46)) - raft.server.snapshot.auto.trigger.threshold = 10000 (custom)
2024-01-26 13:20:14,855 [6f9a858c-5bc3-4795-8cf6-806e3c336a96-groupManagement] INFO  server.RaftServerConfigKeys (ConfUtils.java:logGet(46)) - raft.server.snapshot.retention.file.num = 5 (custom)
2024-01-26 13:20:14,855 [6f9a858c-5bc3-4795-8cf6-806e3c336a96-groupManagement] INFO  server.RaftServerConfigKeys (ConfUtils.java:logGet(46)) - raft.server.log.purge.upto.snapshot.index = false (default)
2024-01-26 13:20:14,855 [6f9a858c-5bc3-4795-8cf6-806e3c336a96@group-359A7FEFC33E-FollowerState] INFO  server.RaftServerConfigKeys (ConfUtils.java:logFallback(53)) - raft.server.rpc.first-election.timeout.max = 5200ms (fallback to raft.server.rpc.timeout.max)
2024-01-26 13:20:14,856 [6f9a858c-5bc3-4795-8cf6-806e3c336a96-PipelineCommandHandlerThread-0] INFO  ratis.XceiverServerRatis (XceiverServerRatis.java:addGroup(842)) - Created group PipelineID=90cbaefc-edd9-43bb-9de7-359a7fefc33e
2024-01-26 13:20:14,856 [6f9a858c-5bc3-4795-8cf6-806e3c336a96-PipelineCommandHandlerThread-0] INFO  commandhandler.CreatePipelineCommandHandler (CreatePipelineCommandHandler.java:lambda$handle$2(124)) - Created Pipeline RATIS ONE PipelineID=90cbaefc-edd9-43bb-9de7-359a7fefc33e.
2024-01-26 13:20:15,840 [main] INFO  ozone.MiniOzoneClusterImpl (MiniOzoneClusterImpl.java:lambda$waitForClusterToBeReady$0(229)) - Nodes are ready. Got 9 of 9 DN Heartbeats.
2024-01-26 13:20:15,840 [main] INFO  ozone.MiniOzoneClusterImpl (MiniOzoneClusterImpl.java:lambda$waitForClusterToBeReady$0(232)) - Waiting for cluster to exit safe mode
2024-01-26 13:20:15,840 [main] INFO  ozone.MiniOzoneClusterImpl (MiniOzoneClusterImpl.java:lambda$waitForClusterToBeReady$0(234)) - SCM became leader
2024-01-26 13:20:16,840 [main] INFO  ozone.MiniOzoneClusterImpl (MiniOzoneClusterImpl.java:lambda$waitForClusterToBeReady$0(229)) - Nodes are ready. Got 9 of 9 DN Heartbeats.
2024-01-26 13:20:16,841 [main] INFO  ozone.MiniOzoneClusterImpl (MiniOzoneClusterImpl.java:lambda$waitForClusterToBeReady$0(232)) - Waiting for cluster to exit safe mode
2024-01-26 13:20:16,841 [main] INFO  ozone.MiniOzoneClusterImpl (MiniOzoneClusterImpl.java:lambda$waitForClusterToBeReady$0(234)) - SCM became leader
2024-01-26 13:20:17,841 [main] INFO  ozone.MiniOzoneClusterImpl (MiniOzoneClusterImpl.java:lambda$waitForClusterToBeReady$0(229)) - Nodes are ready. Got 9 of 9 DN Heartbeats.
2024-01-26 13:20:17,841 [main] INFO  ozone.MiniOzoneClusterImpl (MiniOzoneClusterImpl.java:lambda$waitForClusterToBeReady$0(232)) - Waiting for cluster to exit safe mode
2024-01-26 13:20:17,841 [main] INFO  ozone.MiniOzoneClusterImpl (MiniOzoneClusterImpl.java:lambda$waitForClusterToBeReady$0(234)) - SCM became leader
2024-01-26 13:20:18,842 [main] INFO  ozone.MiniOzoneClusterImpl (MiniOzoneClusterImpl.java:lambda$waitForClusterToBeReady$0(229)) - Nodes are ready. Got 9 of 9 DN Heartbeats.
2024-01-26 13:20:18,842 [main] INFO  ozone.MiniOzoneClusterImpl (MiniOzoneClusterImpl.java:lambda$waitForClusterToBeReady$0(232)) - Waiting for cluster to exit safe mode
2024-01-26 13:20:18,842 [main] INFO  ozone.MiniOzoneClusterImpl (MiniOzoneClusterImpl.java:lambda$waitForClusterToBeReady$0(234)) - SCM became leader
2024-01-26 13:20:19,080 [056f2df6-7490-4bed-a807-334fa85beb73@group-55BFF1F71540-FollowerState] INFO  impl.FollowerState (FollowerState.java:run(143)) - 056f2df6-7490-4bed-a807-334fa85beb73@group-55BFF1F71540-FollowerState: change to CANDIDATE, lastRpcElapsedTime:5094490437ns, electionTimeout:5094ms
2024-01-26 13:20:19,080 [056f2df6-7490-4bed-a807-334fa85beb73@group-55BFF1F71540-FollowerState] INFO  impl.RoleInfo (RoleInfo.java:shutdownFollowerState(110)) - 056f2df6-7490-4bed-a807-334fa85beb73: shutdown 056f2df6-7490-4bed-a807-334fa85beb73@group-55BFF1F71540-FollowerState
2024-01-26 13:20:19,080 [056f2df6-7490-4bed-a807-334fa85beb73@group-55BFF1F71540-FollowerState] INFO  server.RaftServer$Division (RaftServerImpl.java:setRole(383)) - 056f2df6-7490-4bed-a807-334fa85beb73@group-55BFF1F71540: changes role from  FOLLOWER to CANDIDATE at term 0 for changeToCandidate
2024-01-26 13:20:19,080 [056f2df6-7490-4bed-a807-334fa85beb73@group-55BFF1F71540-FollowerState] INFO  server.RaftServerConfigKeys (ConfUtils.java:logGet(46)) - raft.server.leaderelection.pre-vote = true (default)
2024-01-26 13:20:19,080 [056f2df6-7490-4bed-a807-334fa85beb73@group-55BFF1F71540-FollowerState] INFO  impl.RoleInfo (RoleInfo.java:updateAndGet(139)) - 056f2df6-7490-4bed-a807-334fa85beb73: start 056f2df6-7490-4bed-a807-334fa85beb73@group-55BFF1F71540-LeaderElection19
2024-01-26 13:20:19,082 [056f2df6-7490-4bed-a807-334fa85beb73@group-55BFF1F71540-LeaderElection19] INFO  impl.LeaderElection (LeaderElection.java:askForVotes(321)) - 056f2df6-7490-4bed-a807-334fa85beb73@group-55BFF1F71540-LeaderElection19 PRE_VOTE round 0: submit vote requests at term 0 for -1: peers:[056f2df6-7490-4bed-a807-334fa85beb73|10.1.0.20:15103]|listeners:[], old=null
2024-01-26 13:20:19,083 [056f2df6-7490-4bed-a807-334fa85beb73@group-55BFF1F71540-LeaderElection19] INFO  impl.LeaderElection (LeaderElection.java:askForVotes(323)) - 056f2df6-7490-4bed-a807-334fa85beb73@group-55BFF1F71540-LeaderElection19 PRE_VOTE round 0: result PASSED (term=0)
2024-01-26 13:20:19,084 [056f2df6-7490-4bed-a807-334fa85beb73@group-55BFF1F71540-LeaderElection19] INFO  impl.LeaderElection (LeaderElection.java:askForVotes(321)) - 056f2df6-7490-4bed-a807-334fa85beb73@group-55BFF1F71540-LeaderElection19 ELECTION round 0: submit vote requests at term 1 for -1: peers:[056f2df6-7490-4bed-a807-334fa85beb73|10.1.0.20:15103]|listeners:[], old=null
2024-01-26 13:20:19,084 [056f2df6-7490-4bed-a807-334fa85beb73@group-55BFF1F71540-LeaderElection19] INFO  impl.LeaderElection (LeaderElection.java:askForVotes(323)) - 056f2df6-7490-4bed-a807-334fa85beb73@group-55BFF1F71540-LeaderElection19 ELECTION round 0: result PASSED (term=1)
2024-01-26 13:20:19,084 [056f2df6-7490-4bed-a807-334fa85beb73@group-55BFF1F71540-LeaderElection19] INFO  impl.RoleInfo (RoleInfo.java:shutdownLeaderElection(130)) - 056f2df6-7490-4bed-a807-334fa85beb73: shutdown 056f2df6-7490-4bed-a807-334fa85beb73@group-55BFF1F71540-LeaderElection19
2024-01-26 13:20:19,084 [056f2df6-7490-4bed-a807-334fa85beb73@group-55BFF1F71540-LeaderElection19] INFO  server.RaftServer$Division (RaftServerImpl.java:setRole(383)) - 056f2df6-7490-4bed-a807-334fa85beb73@group-55BFF1F71540: changes role from CANDIDATE to LEADER at term 1 for changeToLeader
2024-01-26 13:20:19,084 [056f2df6-7490-4bed-a807-334fa85beb73@group-55BFF1F71540-LeaderElection19] INFO  server.RaftServerConfigKeys (ConfUtils.java:logGet(46)) - raft.server.staging.catchup.gap = 1000 (default)
2024-01-26 13:20:19,085 [056f2df6-7490-4bed-a807-334fa85beb73@group-55BFF1F71540-LeaderElection19] INFO  server.RaftServerConfigKeys (ConfUtils.java:logGet(46)) - raft.server.write.element-limit = 1024 (custom)
2024-01-26 13:20:19,085 [056f2df6-7490-4bed-a807-334fa85beb73@group-55BFF1F71540-LeaderElection19] INFO  server.RaftServerConfigKeys (ConfUtils.java:logGet(46)) - raft.server.write.byte-limit = 1024 M (=1073741824) (custom)
2024-01-26 13:20:19,085 [056f2df6-7490-4bed-a807-334fa85beb73@group-55BFF1F71540-LeaderElection19] INFO  server.RaftServerConfigKeys (ConfUtils.java:logGet(46)) - raft.server.watch.timeout = 3000ms (custom)
2024-01-26 13:20:19,085 [056f2df6-7490-4bed-a807-334fa85beb73@group-55BFF1F71540-LeaderElection19] INFO  server.RaftServerConfigKeys (ConfUtils.java:logGet(46)) - raft.server.watch.timeout.denomination = 1s (default)
2024-01-26 13:20:19,085 [056f2df6-7490-4bed-a807-334fa85beb73@group-55BFF1F71540-LeaderElection19] INFO  server.RaftServerConfigKeys (ConfUtils.java:logGet(46)) - raft.server.watch.element-limit = 65536 (default)
2024-01-26 13:20:19,085 [056f2df6-7490-4bed-a807-334fa85beb73@group-55BFF1F71540-LeaderElection19] INFO  server.RaftServerConfigKeys (ConfUtils.java:logGet(46)) - raft.server.read.leader.lease.enabled = false (default)
2024-01-26 13:20:19,085 [056f2df6-7490-4bed-a807-334fa85beb73@group-55BFF1F71540-LeaderElection19] INFO  server.RaftServerConfigKeys (ConfUtils.java:logGet(46)) - raft.server.read.leader.lease.timeout.ratio = 0.9 (default)
2024-01-26 13:20:19,085 [056f2df6-7490-4bed-a807-334fa85beb73@group-55BFF1F71540-LeaderElection19] INFO  server.RaftServerConfigKeys (ConfUtils.java:logGet(46)) - raft.server.rpc.timeout.min = 5s (custom)
2024-01-26 13:20:19,085 [056f2df6-7490-4bed-a807-334fa85beb73@group-55BFF1F71540-LeaderElection19] INFO  server.RaftServerConfigKeys (ConfUtils.java:logGet(46)) - raft.server.write.element-limit = 1024 (custom)
2024-01-26 13:20:19,086 [056f2df6-7490-4bed-a807-334fa85beb73@group-55BFF1F71540-LeaderElection19] INFO  server.RaftServerConfigKeys (ConfUtils.java:logGet(46)) - raft.server.write.follower.gap.ratio.max = -1.0 (default)
2024-01-26 13:20:19,086 [056f2df6-7490-4bed-a807-334fa85beb73@group-55BFF1F71540-LeaderElection19] INFO  impl.RoleInfo (RoleInfo.java:updateAndGet(139)) - 056f2df6-7490-4bed-a807-334fa85beb73: start 056f2df6-7490-4bed-a807-334fa85beb73@group-55BFF1F71540-LeaderStateImpl
2024-01-26 13:20:19,086 [056f2df6-7490-4bed-a807-334fa85beb73@group-55BFF1F71540-LeaderElection19] INFO  server.RaftServer$Division (RaftServerImpl.java:setFirstElection(574)) - 056f2df6-7490-4bed-a807-334fa85beb73@group-55BFF1F71540: set firstElectionSinceStartup to false for becomeLeader
2024-01-26 13:20:19,086 [056f2df6-7490-4bed-a807-334fa85beb73@group-55BFF1F71540-LeaderElection19] INFO  ratis.XceiverServerRatis (XceiverServerRatis.java:handleLeaderChangedNotification(945)) - Leader change notification received for group: group-55BFF1F71540 with new leaderId: 056f2df6-7490-4bed-a807-334fa85beb73
2024-01-26 13:20:19,086 [056f2df6-7490-4bed-a807-334fa85beb73@group-55BFF1F71540-LeaderElection19] INFO  server.RaftServer$Division (ServerState.java:setLeader(269)) - 056f2df6-7490-4bed-a807-334fa85beb73@group-55BFF1F71540: change Leader from null to 056f2df6-7490-4bed-a807-334fa85beb73 at term 1 for becomeLeader, leader elected after 5116ms
2024-01-26 13:20:19,086 [056f2df6-7490-4bed-a807-334fa85beb73@group-55BFF1F71540-LeaderElection19] INFO  segmented.SegmentedRaftLogWorker (SegmentedRaftLogWorker.java:startLogSegment(430)) - 056f2df6-7490-4bed-a807-334fa85beb73@group-55BFF1F71540-SegmentedRaftLogWorker: Starting segment from index:0
2024-01-26 13:20:19,086 [056f2df6-7490-4bed-a807-334fa85beb73@group-55BFF1F71540-SegmentedRaftLogWorker] INFO  segmented.BufferedWriteChannel (BufferedWriteChannel.java:open(62)) - open log_inprogress_0 at position 0
2024-01-26 13:20:19,088 [2800087d-98cc-4731-8fb3-504dcca9d3e0@group-0B0F12EFC87E-FollowerState] INFO  impl.FollowerState (FollowerState.java:run(143)) - 2800087d-98cc-4731-8fb3-504dcca9d3e0@group-0B0F12EFC87E-FollowerState: change to CANDIDATE, lastRpcElapsedTime:5061520254ns, electionTimeout:5059ms
2024-01-26 13:20:19,088 [2800087d-98cc-4731-8fb3-504dcca9d3e0@group-0B0F12EFC87E-FollowerState] INFO  impl.RoleInfo (RoleInfo.java:shutdownFollowerState(110)) - 2800087d-98cc-4731-8fb3-504dcca9d3e0: shutdown 2800087d-98cc-4731-8fb3-504dcca9d3e0@group-0B0F12EFC87E-FollowerState
2024-01-26 13:20:19,088 [2800087d-98cc-4731-8fb3-504dcca9d3e0@group-0B0F12EFC87E-FollowerState] INFO  server.RaftServer$Division (RaftServerImpl.java:setRole(383)) - 2800087d-98cc-4731-8fb3-504dcca9d3e0@group-0B0F12EFC87E: changes role from  FOLLOWER to CANDIDATE at term 0 for changeToCandidate
2024-01-26 13:20:19,089 [2800087d-98cc-4731-8fb3-504dcca9d3e0@group-0B0F12EFC87E-FollowerState] INFO  server.RaftServerConfigKeys (ConfUtils.java:logGet(46)) - raft.server.leaderelection.pre-vote = true (default)
2024-01-26 13:20:19,089 [2800087d-98cc-4731-8fb3-504dcca9d3e0@group-0B0F12EFC87E-FollowerState] INFO  impl.RoleInfo (RoleInfo.java:updateAndGet(139)) - 2800087d-98cc-4731-8fb3-504dcca9d3e0: start 2800087d-98cc-4731-8fb3-504dcca9d3e0@group-0B0F12EFC87E-LeaderElection20
2024-01-26 13:20:19,091 [EventQueue-OpenPipelineForHealthyPipelineSafeModeRule] INFO  safemode.SCMSafeModeManager (HealthyPipelineSafeModeRule.java:process(140)) - SCM in safe mode. Healthy pipelines reported count is 0, required healthy pipeline reported count is 1
2024-01-26 13:20:19,094 [2800087d-98cc-4731-8fb3-504dcca9d3e0@group-0B0F12EFC87E-LeaderElection20] INFO  impl.LeaderElection (LeaderElection.java:askForVotes(321)) - 2800087d-98cc-4731-8fb3-504dcca9d3e0@group-0B0F12EFC87E-LeaderElection20 PRE_VOTE round 0: submit vote requests at term 0 for -1: peers:[2800087d-98cc-4731-8fb3-504dcca9d3e0|10.1.0.20:15121, d656e8e6-3e99-480b-bf88-fcaebe65a6ea|10.1.0.20:15112, 056f2df6-7490-4bed-a807-334fa85beb73|10.1.0.20:15103]|listeners:[], old=null
2024-01-26 13:20:19,094 [056f2df6-7490-4bed-a807-334fa85beb73@group-55BFF1F71540-LeaderElection19] INFO  server.RaftServer$Division (ServerState.java:setRaftConf(386)) - 056f2df6-7490-4bed-a807-334fa85beb73@group-55BFF1F71540: set configuration 0: peers:[056f2df6-7490-4bed-a807-334fa85beb73|10.1.0.20:15103]|listeners:[], old=null
2024-01-26 13:20:19,095 [2800087d-98cc-4731-8fb3-504dcca9d3e0@group-0B0F12EFC87E-LeaderElection20-1] INFO  server.GrpcServerProtocolClient (GrpcServerProtocolClient.java:<init>(65)) - Build channel for d656e8e6-3e99-480b-bf88-fcaebe65a6ea|10.1.0.20:15112
2024-01-26 13:20:19,096 [056f2df6-7490-4bed-a807-334fa85beb73@group-55BFF1F71540-SegmentedRaftLogWorker] INFO  segmented.SegmentedRaftLogWorker (SegmentedRaftLogWorker.java:execute(634)) - 056f2df6-7490-4bed-a807-334fa85beb73@group-55BFF1F71540-SegmentedRaftLogWorker: created new log segment /home/runner/work/ozone/ozone/hadoop-ozone/integration-test/target/test-dir/MiniOzoneClusterImpl-6bed2868-cd70-4a3d-a9ed-67052a48ddc2/datanode-0/data/ratis/cf181199-5f4a-4cff-9e77-55bff1f71540/current/log_inprogress_0
2024-01-26 13:20:19,097 [2800087d-98cc-4731-8fb3-504dcca9d3e0@group-0B0F12EFC87E-LeaderElection20] INFO  server.RaftServerConfigKeys (ConfUtils.java:logFallback(53)) - raft.server.rpc.first-election.timeout.min = 5s (fallback to raft.server.rpc.timeout.min)
2024-01-26 13:20:19,097 [2800087d-98cc-4731-8fb3-504dcca9d3e0@group-0B0F12EFC87E-LeaderElection20] INFO  server.RaftServerConfigKeys (ConfUtils.java:logFallback(53)) - raft.server.rpc.first-election.timeout.max = 5200ms (fallback to raft.server.rpc.timeout.max)
2024-01-26 13:20:19,097 [2800087d-98cc-4731-8fb3-504dcca9d3e0@group-0B0F12EFC87E-LeaderElection20-2] INFO  server.GrpcServerProtocolClient (GrpcServerProtocolClient.java:<init>(65)) - Build channel for 056f2df6-7490-4bed-a807-334fa85beb73|10.1.0.20:15103
2024-01-26 13:20:19,102 [grpc-default-executor-1] INFO  server.RaftServer$Division (RaftServerImpl.java:requestVote(1389)) - d656e8e6-3e99-480b-bf88-fcaebe65a6ea@group-0B0F12EFC87E: receive requestVote(PRE_VOTE, 2800087d-98cc-4731-8fb3-504dcca9d3e0, group-0B0F12EFC87E, 0, (t:0, i:0))
2024-01-26 13:20:19,102 [056f2df6-7490-4bed-a807-334fa85beb73@group-55BFF1F71540-StateMachineUpdater] INFO  server.RaftServer$Division (LeaderStateImpl.java:isApplied(320)) - leader is ready since appliedIndex == 0 >= startIndex == 0
2024-01-26 13:20:19,102 [grpc-default-executor-1] INFO  impl.VoteContext (VoteContext.java:log(49)) - d656e8e6-3e99-480b-bf88-fcaebe65a6ea@group-0B0F12EFC87E-FOLLOWER: accept PRE_VOTE from 2800087d-98cc-4731-8fb3-504dcca9d3e0: our priority 0 <= candidate's priority 0
2024-01-26 13:20:19,105 [grpc-default-executor-1] INFO  server.RaftServer$Division (RaftServerImpl.java:requestVote(1422)) - d656e8e6-3e99-480b-bf88-fcaebe65a6ea@group-0B0F12EFC87E replies to PRE_VOTE vote request: 2800087d-98cc-4731-8fb3-504dcca9d3e0<-d656e8e6-3e99-480b-bf88-fcaebe65a6ea#0:OK-t0. Peer's state: d656e8e6-3e99-480b-bf88-fcaebe65a6ea@group-0B0F12EFC87E:t0, leader=null, voted=, raftlog=Memoized:d656e8e6-3e99-480b-bf88-fcaebe65a6ea@group-0B0F12EFC87E-SegmentedRaftLog:OPENED:c-1, conf=-1: peers:[2800087d-98cc-4731-8fb3-504dcca9d3e0|10.1.0.20:15121, d656e8e6-3e99-480b-bf88-fcaebe65a6ea|10.1.0.20:15112, 056f2df6-7490-4bed-a807-334fa85beb73|10.1.0.20:15103]|listeners:[], old=null
2024-01-26 13:20:19,107 [grpc-default-executor-1] INFO  server.RaftServer$Division (RaftServerImpl.java:requestVote(1389)) - 056f2df6-7490-4bed-a807-334fa85beb73@group-0B0F12EFC87E: receive requestVote(PRE_VOTE, 2800087d-98cc-4731-8fb3-504dcca9d3e0, group-0B0F12EFC87E, 0, (t:0, i:0))
2024-01-26 13:20:19,107 [grpc-default-executor-1] INFO  impl.VoteContext (VoteContext.java:log(49)) - 056f2df6-7490-4bed-a807-334fa85beb73@group-0B0F12EFC87E-FOLLOWER: reject PRE_VOTE from 2800087d-98cc-4731-8fb3-504dcca9d3e0: our priority 1 > candidate's priority 0
2024-01-26 13:20:19,107 [grpc-default-executor-1] INFO  server.RaftServer$Division (RaftServerImpl.java:requestVote(1422)) - 056f2df6-7490-4bed-a807-334fa85beb73@group-0B0F12EFC87E replies to PRE_VOTE vote request: 2800087d-98cc-4731-8fb3-504dcca9d3e0<-056f2df6-7490-4bed-a807-334fa85beb73#0:FAIL-t0. Peer's state: 056f2df6-7490-4bed-a807-334fa85beb73@group-0B0F12EFC87E:t0, leader=null, voted=, raftlog=Memoized:056f2df6-7490-4bed-a807-334fa85beb73@group-0B0F12EFC87E-SegmentedRaftLog:OPENED:c-1, conf=-1: peers:[2800087d-98cc-4731-8fb3-504dcca9d3e0|10.1.0.20:15121, d656e8e6-3e99-480b-bf88-fcaebe65a6ea|10.1.0.20:15112, 056f2df6-7490-4bed-a807-334fa85beb73|10.1.0.20:15103]|listeners:[], old=null
2024-01-26 13:20:19,111 [2800087d-98cc-4731-8fb3-504dcca9d3e0@group-0B0F12EFC87E-LeaderElection20] INFO  impl.LeaderElection (LeaderElection.java:logAndReturn(89)) - 2800087d-98cc-4731-8fb3-504dcca9d3e0@group-0B0F12EFC87E-LeaderElection20: PRE_VOTE REJECTED received 2 response(s) and 0 exception(s):
2024-01-26 13:20:19,111 [2800087d-98cc-4731-8fb3-504dcca9d3e0@group-0B0F12EFC87E-LeaderElection20] INFO  impl.LeaderElection (LeaderElection.java:logAndReturn(93)) -   Response 0: 2800087d-98cc-4731-8fb3-504dcca9d3e0<-d656e8e6-3e99-480b-bf88-fcaebe65a6ea#0:OK-t0
2024-01-26 13:20:19,111 [2800087d-98cc-4731-8fb3-504dcca9d3e0@group-0B0F12EFC87E-LeaderElection20] INFO  impl.LeaderElection (LeaderElection.java:logAndReturn(93)) -   Response 1: 2800087d-98cc-4731-8fb3-504dcca9d3e0<-056f2df6-7490-4bed-a807-334fa85beb73#0:FAIL-t0
2024-01-26 13:20:19,111 [2800087d-98cc-4731-8fb3-504dcca9d3e0@group-0B0F12EFC87E-LeaderElection20] INFO  impl.LeaderElection (LeaderElection.java:askForVotes(323)) - 2800087d-98cc-4731-8fb3-504dcca9d3e0@group-0B0F12EFC87E-LeaderElection20 PRE_VOTE round 0: result REJECTED
2024-01-26 13:20:19,111 [2800087d-98cc-4731-8fb3-504dcca9d3e0@group-0B0F12EFC87E-LeaderElection20] INFO  server.RaftServer$Division (RaftServerImpl.java:setRole(383)) - 2800087d-98cc-4731-8fb3-504dcca9d3e0@group-0B0F12EFC87E: changes role from CANDIDATE to FOLLOWER at term 0 for REJECTED
2024-01-26 13:20:19,111 [2800087d-98cc-4731-8fb3-504dcca9d3e0@group-0B0F12EFC87E-LeaderElection20] INFO  impl.RoleInfo (RoleInfo.java:shutdownLeaderElection(130)) - 2800087d-98cc-4731-8fb3-504dcca9d3e0: shutdown 2800087d-98cc-4731-8fb3-504dcca9d3e0@group-0B0F12EFC87E-LeaderElection20
2024-01-26 13:20:19,111 [2800087d-98cc-4731-8fb3-504dcca9d3e0@group-0B0F12EFC87E-LeaderElection20] INFO  impl.RoleInfo (RoleInfo.java:updateAndGet(139)) - 2800087d-98cc-4731-8fb3-504dcca9d3e0: start 2800087d-98cc-4731-8fb3-504dcca9d3e0@group-0B0F12EFC87E-FollowerState
2024-01-26 13:20:19,111 [2800087d-98cc-4731-8fb3-504dcca9d3e0@group-0B0F12EFC87E-LeaderElection20] INFO  server.RaftServer$Division (RaftServerImpl.java:setFirstElection(574)) - 2800087d-98cc-4731-8fb3-504dcca9d3e0@group-0B0F12EFC87E: set firstElectionSinceStartup to false for REJECTED
2024-01-26 13:20:19,136 [d656e8e6-3e99-480b-bf88-fcaebe65a6ea@group-0B0F12EFC87E-FollowerState] INFO  server.RaftServerConfigKeys (ConfUtils.java:logFallback(53)) - raft.server.rpc.first-election.timeout.min = 5s (fallback to raft.server.rpc.timeout.min)
2024-01-26 13:20:19,136 [d656e8e6-3e99-480b-bf88-fcaebe65a6ea@group-0B0F12EFC87E-FollowerState] INFO  server.RaftServerConfigKeys (ConfUtils.java:logFallback(53)) - raft.server.rpc.first-election.timeout.max = 5200ms (fallback to raft.server.rpc.timeout.max)
2024-01-26 13:20:19,158 [056f2df6-7490-4bed-a807-334fa85beb73@group-0B0F12EFC87E-FollowerState] INFO  impl.FollowerState (FollowerState.java:run(143)) - 056f2df6-7490-4bed-a807-334fa85beb73@group-0B0F12EFC87E-FollowerState: change to CANDIDATE, lastRpcElapsedTime:5156071941ns, electionTimeout:5155ms
2024-01-26 13:20:19,158 [056f2df6-7490-4bed-a807-334fa85beb73@group-0B0F12EFC87E-FollowerState] INFO  impl.RoleInfo (RoleInfo.java:shutdownFollowerState(110)) - 056f2df6-7490-4bed-a807-334fa85beb73: shutdown 056f2df6-7490-4bed-a807-334fa85beb73@group-0B0F12EFC87E-FollowerState
2024-01-26 13:20:19,158 [056f2df6-7490-4bed-a807-334fa85beb73@group-0B0F12EFC87E-FollowerState] INFO  server.RaftServer$Division (RaftServerImpl.java:setRole(383)) - 056f2df6-7490-4bed-a807-334fa85beb73@group-0B0F12EFC87E: changes role from  FOLLOWER to CANDIDATE at term 0 for changeToCandidate
2024-01-26 13:20:19,158 [056f2df6-7490-4bed-a807-334fa85beb73@group-0B0F12EFC87E-FollowerState] INFO  server.RaftServerConfigKeys (ConfUtils.java:logGet(46)) - raft.server.leaderelection.pre-vote = true (default)
2024-01-26 13:20:19,158 [056f2df6-7490-4bed-a807-334fa85beb73@group-0B0F12EFC87E-FollowerState] INFO  impl.RoleInfo (RoleInfo.java:updateAndGet(139)) - 056f2df6-7490-4bed-a807-334fa85beb73: start 056f2df6-7490-4bed-a807-334fa85beb73@group-0B0F12EFC87E-LeaderElection21
2024-01-26 13:20:19,159 [056f2df6-7490-4bed-a807-334fa85beb73@group-0B0F12EFC87E-LeaderElection21] INFO  impl.LeaderElection (LeaderElection.java:askForVotes(321)) - 056f2df6-7490-4bed-a807-334fa85beb73@group-0B0F12EFC87E-LeaderElection21 PRE_VOTE round 0: submit vote requests at term 0 for -1: peers:[2800087d-98cc-4731-8fb3-504dcca9d3e0|10.1.0.20:15121, d656e8e6-3e99-480b-bf88-fcaebe65a6ea|10.1.0.20:15112, 056f2df6-7490-4bed-a807-334fa85beb73|10.1.0.20:15103]|listeners:[], old=null
2024-01-26 13:20:19,159 [056f2df6-7490-4bed-a807-334fa85beb73@group-0B0F12EFC87E-LeaderElection21-1] INFO  server.GrpcServerProtocolClient (GrpcServerProtocolClient.java:<init>(65)) - Build channel for 2800087d-98cc-4731-8fb3-504dcca9d3e0|10.1.0.20:15121
2024-01-26 13:20:19,159 [056f2df6-7490-4bed-a807-334fa85beb73@group-0B0F12EFC87E-LeaderElection21-2] INFO  server.GrpcServerProtocolClient (GrpcServerProtocolClient.java:<init>(65)) - Build channel for d656e8e6-3e99-480b-bf88-fcaebe65a6ea|10.1.0.20:15112
2024-01-26 13:20:19,159 [056f2df6-7490-4bed-a807-334fa85beb73@group-0B0F12EFC87E-LeaderElection21] INFO  server.RaftServerConfigKeys (ConfUtils.java:logFallback(53)) - raft.server.rpc.first-election.timeout.min = 5s (fallback to raft.server.rpc.timeout.min)
2024-01-26 13:20:19,159 [056f2df6-7490-4bed-a807-334fa85beb73@group-0B0F12EFC87E-LeaderElection21] INFO  server.RaftServerConfigKeys (ConfUtils.java:logFallback(53)) - raft.server.rpc.first-election.timeout.max = 5200ms (fallback to raft.server.rpc.timeout.max)
2024-01-26 13:20:19,165 [grpc-default-executor-0] INFO  server.RaftServer$Division (RaftServerImpl.java:requestVote(1389)) - d656e8e6-3e99-480b-bf88-fcaebe65a6ea@group-0B0F12EFC87E: receive requestVote(PRE_VOTE, 056f2df6-7490-4bed-a807-334fa85beb73, group-0B0F12EFC87E, 0, (t:0, i:0))
2024-01-26 13:20:19,165 [grpc-default-executor-1] INFO  server.RaftServer$Division (RaftServerImpl.java:requestVote(1389)) - 2800087d-98cc-4731-8fb3-504dcca9d3e0@group-0B0F12EFC87E: receive requestVote(PRE_VOTE, 056f2df6-7490-4bed-a807-334fa85beb73, group-0B0F12EFC87E, 0, (t:0, i:0))
2024-01-26 13:20:19,165 [grpc-default-executor-0] INFO  impl.VoteContext (VoteContext.java:log(49)) - d656e8e6-3e99-480b-bf88-fcaebe65a6ea@group-0B0F12EFC87E-FOLLOWER: accept PRE_VOTE from 056f2df6-7490-4bed-a807-334fa85beb73: our priority 0 <= candidate's priority 1
2024-01-26 13:20:19,165 [grpc-default-executor-1] INFO  impl.VoteContext (VoteContext.java:log(49)) - 2800087d-98cc-4731-8fb3-504dcca9d3e0@group-0B0F12EFC87E-FOLLOWER: accept PRE_VOTE from 056f2df6-7490-4bed-a807-334fa85beb73: our priority 0 <= candidate's priority 1
2024-01-26 13:20:19,165 [grpc-default-executor-0] INFO  server.RaftServer$Division (RaftServerImpl.java:requestVote(1422)) - d656e8e6-3e99-480b-bf88-fcaebe65a6ea@group-0B0F12EFC87E replies to PRE_VOTE vote request: 056f2df6-7490-4bed-a807-334fa85beb73<-d656e8e6-3e99-480b-bf88-fcaebe65a6ea#0:OK-t0. Peer's state: d656e8e6-3e99-480b-bf88-fcaebe65a6ea@group-0B0F12EFC87E:t0, leader=null, voted=, raftlog=Memoized:d656e8e6-3e99-480b-bf88-fcaebe65a6ea@group-0B0F12EFC87E-SegmentedRaftLog:OPENED:c-1, conf=-1: peers:[2800087d-98cc-4731-8fb3-504dcca9d3e0|10.1.0.20:15121, d656e8e6-3e99-480b-bf88-fcaebe65a6ea|10.1.0.20:15112, 056f2df6-7490-4bed-a807-334fa85beb73|10.1.0.20:15103]|listeners:[], old=null
2024-01-26 13:20:19,166 [grpc-default-executor-1] INFO  server.RaftServer$Division (RaftServerImpl.java:requestVote(1422)) - 2800087d-98cc-4731-8fb3-504dcca9d3e0@group-0B0F12EFC87E replies to PRE_VOTE vote request: 056f2df6-7490-4bed-a807-334fa85beb73<-2800087d-98cc-4731-8fb3-504dcca9d3e0#0:OK-t0. Peer's state: 2800087d-98cc-4731-8fb3-504dcca9d3e0@group-0B0F12EFC87E:t0, leader=null, voted=, raftlog=Memoized:2800087d-98cc-4731-8fb3-504dcca9d3e0@group-0B0F12EFC87E-SegmentedRaftLog:OPENED:c-1, conf=-1: peers:[2800087d-98cc-4731-8fb3-504dcca9d3e0|10.1.0.20:15121, d656e8e6-3e99-480b-bf88-fcaebe65a6ea|10.1.0.20:15112, 056f2df6-7490-4bed-a807-334fa85beb73|10.1.0.20:15103]|listeners:[], old=null
2024-01-26 13:20:19,172 [056f2df6-7490-4bed-a807-334fa85beb73@group-0B0F12EFC87E-LeaderElection21] INFO  impl.LeaderElection (LeaderElection.java:logAndReturn(89)) - 056f2df6-7490-4bed-a807-334fa85beb73@group-0B0F12EFC87E-LeaderElection21: PRE_VOTE PASSED received 1 response(s) and 0 exception(s):
2024-01-26 13:20:19,172 [056f2df6-7490-4bed-a807-334fa85beb73@group-0B0F12EFC87E-LeaderElection21] INFO  impl.LeaderElection (LeaderElection.java:logAndReturn(93)) -   Response 0: 056f2df6-7490-4bed-a807-334fa85beb73<-2800087d-98cc-4731-8fb3-504dcca9d3e0#0:OK-t0
2024-01-26 13:20:19,172 [056f2df6-7490-4bed-a807-334fa85beb73@group-0B0F12EFC87E-LeaderElection21] INFO  impl.LeaderElection (LeaderElection.java:askForVotes(323)) - 056f2df6-7490-4bed-a807-334fa85beb73@group-0B0F12EFC87E-LeaderElection21 PRE_VOTE round 0: result PASSED
2024-01-26 13:20:19,174 [056f2df6-7490-4bed-a807-334fa85beb73@group-0B0F12EFC87E-LeaderElection21] INFO  impl.LeaderElection (LeaderElection.java:askForVotes(321)) - 056f2df6-7490-4bed-a807-334fa85beb73@group-0B0F12EFC87E-LeaderElection21 ELECTION round 0: submit vote requests at term 1 for -1: peers:[2800087d-98cc-4731-8fb3-504dcca9d3e0|10.1.0.20:15121, d656e8e6-3e99-480b-bf88-fcaebe65a6ea|10.1.0.20:15112, 056f2df6-7490-4bed-a807-334fa85beb73|10.1.0.20:15103]|listeners:[], old=null
2024-01-26 13:20:19,174 [056f2df6-7490-4bed-a807-334fa85beb73@group-0B0F12EFC87E-LeaderElection21] INFO  server.RaftServerConfigKeys (ConfUtils.java:logFallback(53)) - raft.server.rpc.first-election.timeout.min = 5s (fallback to raft.server.rpc.timeout.min)
2024-01-26 13:20:19,174 [056f2df6-7490-4bed-a807-334fa85beb73@group-0B0F12EFC87E-LeaderElection21] INFO  server.RaftServerConfigKeys (ConfUtils.java:logFallback(53)) - raft.server.rpc.first-election.timeout.max = 5200ms (fallback to raft.server.rpc.timeout.max)
2024-01-26 13:20:19,175 [grpc-default-executor-1] INFO  server.RaftServer$Division (RaftServerImpl.java:requestVote(1389)) - 2800087d-98cc-4731-8fb3-504dcca9d3e0@group-0B0F12EFC87E: receive requestVote(ELECTION, 056f2df6-7490-4bed-a807-334fa85beb73, group-0B0F12EFC87E, 1, (t:0, i:0))
2024-01-26 13:20:19,176 [grpc-default-executor-1] INFO  impl.VoteContext (VoteContext.java:log(49)) - 2800087d-98cc-4731-8fb3-504dcca9d3e0@group-0B0F12EFC87E-FOLLOWER: accept ELECTION from 056f2df6-7490-4bed-a807-334fa85beb73: our priority 0 <= candidate's priority 1
2024-01-26 13:20:19,176 [grpc-default-executor-0] INFO  server.RaftServer$Division (RaftServerImpl.java:requestVote(1389)) - d656e8e6-3e99-480b-bf88-fcaebe65a6ea@group-0B0F12EFC87E: receive requestVote(ELECTION, 056f2df6-7490-4bed-a807-334fa85beb73, group-0B0F12EFC87E, 1, (t:0, i:0))
2024-01-26 13:20:19,176 [grpc-default-executor-0] INFO  impl.VoteContext (VoteContext.java:log(49)) - d656e8e6-3e99-480b-bf88-fcaebe65a6ea@group-0B0F12EFC87E-FOLLOWER: accept ELECTION from 056f2df6-7490-4bed-a807-334fa85beb73: our priority 0 <= candidate's priority 1
2024-01-26 13:20:19,176 [grpc-default-executor-0] INFO  server.RaftServer$Division (RaftServerImpl.java:setRole(383)) - d656e8e6-3e99-480b-bf88-fcaebe65a6ea@group-0B0F12EFC87E: changes role from  FOLLOWER to FOLLOWER at term 1 for candidate:056f2df6-7490-4bed-a807-334fa85beb73
2024-01-26 13:20:19,176 [grpc-default-executor-0] INFO  impl.RoleInfo (RoleInfo.java:shutdownFollowerState(110)) - d656e8e6-3e99-480b-bf88-fcaebe65a6ea: shutdown d656e8e6-3e99-480b-bf88-fcaebe65a6ea@group-0B0F12EFC87E-FollowerState
2024-01-26 13:20:19,176 [grpc-default-executor-0] INFO  impl.RoleInfo (RoleInfo.java:updateAndGet(139)) - d656e8e6-3e99-480b-bf88-fcaebe65a6ea: start d656e8e6-3e99-480b-bf88-fcaebe65a6ea@group-0B0F12EFC87E-FollowerState
2024-01-26 13:20:19,176 [d656e8e6-3e99-480b-bf88-fcaebe65a6ea@group-0B0F12EFC87E-FollowerState] INFO  impl.FollowerState (FollowerState.java:run(152)) - d656e8e6-3e99-480b-bf88-fcaebe65a6ea@group-0B0F12EFC87E-FollowerState was interrupted
2024-01-26 13:20:19,176 [grpc-default-executor-1] INFO  server.RaftServer$Division (RaftServerImpl.java:setRole(383)) - 2800087d-98cc-4731-8fb3-504dcca9d3e0@group-0B0F12EFC87E: changes role from  FOLLOWER to FOLLOWER at term 1 for candidate:056f2df6-7490-4bed-a807-334fa85beb73
2024-01-26 13:20:19,176 [grpc-default-executor-1] INFO  impl.RoleInfo (RoleInfo.java:shutdownFollowerState(110)) - 2800087d-98cc-4731-8fb3-504dcca9d3e0: shutdown 2800087d-98cc-4731-8fb3-504dcca9d3e0@group-0B0F12EFC87E-FollowerState
2024-01-26 13:20:19,176 [grpc-default-executor-0] INFO  server.RaftServer$Division (RaftServerImpl.java:setFirstElection(574)) - d656e8e6-3e99-480b-bf88-fcaebe65a6ea@group-0B0F12EFC87E: set firstElectionSinceStartup to false for candidate:056f2df6-7490-4bed-a807-334fa85beb73
2024-01-26 13:20:19,181 [grpc-default-executor-1] INFO  impl.RoleInfo (RoleInfo.java:updateAndGet(139)) - 2800087d-98cc-4731-8fb3-504dcca9d3e0: start 2800087d-98cc-4731-8fb3-504dcca9d3e0@group-0B0F12EFC87E-FollowerState
2024-01-26 13:20:19,181 [2800087d-98cc-4731-8fb3-504dcca9d3e0@group-0B0F12EFC87E-FollowerState] INFO  impl.FollowerState (FollowerState.java:run(152)) - 2800087d-98cc-4731-8fb3-504dcca9d3e0@group-0B0F12EFC87E-FollowerState was interrupted
2024-01-26 13:20:19,181 [grpc-default-executor-0] INFO  server.RaftServer$Division (RaftServerImpl.java:requestVote(1422)) - d656e8e6-3e99-480b-bf88-fcaebe65a6ea@group-0B0F12EFC87E replies to ELECTION vote request: 056f2df6-7490-4bed-a807-334fa85beb73<-d656e8e6-3e99-480b-bf88-fcaebe65a6ea#0:OK-t1. Peer's state: d656e8e6-3e99-480b-bf88-fcaebe65a6ea@group-0B0F12EFC87E:t1, leader=null, voted=056f2df6-7490-4bed-a807-334fa85beb73, raftlog=Memoized:d656e8e6-3e99-480b-bf88-fcaebe65a6ea@group-0B0F12EFC87E-SegmentedRaftLog:OPENED:c-1, conf=-1: peers:[2800087d-98cc-4731-8fb3-504dcca9d3e0|10.1.0.20:15121, d656e8e6-3e99-480b-bf88-fcaebe65a6ea|10.1.0.20:15112, 056f2df6-7490-4bed-a807-334fa85beb73|10.1.0.20:15103]|listeners:[], old=null
2024-01-26 13:20:19,183 [056f2df6-7490-4bed-a807-334fa85beb73@group-0B0F12EFC87E-LeaderElection21] INFO  impl.LeaderElection (LeaderElection.java:logAndReturn(89)) - 056f2df6-7490-4bed-a807-334fa85beb73@group-0B0F12EFC87E-LeaderElection21: ELECTION PASSED received 1 response(s) and 0 exception(s):
2024-01-26 13:20:19,183 [056f2df6-7490-4bed-a807-334fa85beb73@group-0B0F12EFC87E-LeaderElection21] INFO  impl.LeaderElection (LeaderElection.java:logAndReturn(93)) -   Response 0: 056f2df6-7490-4bed-a807-334fa85beb73<-d656e8e6-3e99-480b-bf88-fcaebe65a6ea#0:OK-t1
2024-01-26 13:20:19,183 [056f2df6-7490-4bed-a807-334fa85beb73@group-0B0F12EFC87E-LeaderElection21] INFO  impl.LeaderElection (LeaderElection.java:askForVotes(323)) - 056f2df6-7490-4bed-a807-334fa85beb73@group-0B0F12EFC87E-LeaderElection21 ELECTION round 0: result PASSED
2024-01-26 13:20:19,183 [056f2df6-7490-4bed-a807-334fa85beb73@group-0B0F12EFC87E-LeaderElection21] INFO  impl.RoleInfo (RoleInfo.java:shutdownLeaderElection(130)) - 056f2df6-7490-4bed-a807-334fa85beb73: shutdown 056f2df6-7490-4bed-a807-334fa85beb73@group-0B0F12EFC87E-LeaderElection21
2024-01-26 13:20:19,183 [056f2df6-7490-4bed-a807-334fa85beb73@group-0B0F12EFC87E-LeaderElection21] INFO  server.RaftServer$Division (RaftServerImpl.java:setRole(383)) - 056f2df6-7490-4bed-a807-334fa85beb73@group-0B0F12EFC87E: changes role from CANDIDATE to LEADER at term 1 for changeToLeader
2024-01-26 13:20:19,183 [056f2df6-7490-4bed-a807-334fa85beb73@group-0B0F12EFC87E-LeaderElection21] INFO  server.RaftServerConfigKeys (ConfUtils.java:logGet(46)) - raft.server.staging.catchup.gap = 1000 (default)
2024-01-26 13:20:19,183 [056f2df6-7490-4bed-a807-334fa85beb73@group-0B0F12EFC87E-LeaderElection21] INFO  server.RaftServerConfigKeys (ConfUtils.java:logGet(46)) - raft.server.write.element-limit = 1024 (custom)
2024-01-26 13:20:19,183 [056f2df6-7490-4bed-a807-334fa85beb73@group-0B0F12EFC87E-LeaderElection21] INFO  server.RaftServerConfigKeys (ConfUtils.java:logGet(46)) - raft.server.write.byte-limit = 1024 M (=1073741824) (custom)
2024-01-26 13:20:19,183 [056f2df6-7490-4bed-a807-334fa85beb73@group-0B0F12EFC87E-LeaderElection21] INFO  server.RaftServerConfigKeys (ConfUtils.java:logGet(46)) - raft.server.watch.timeout = 3000ms (custom)
2024-01-26 13:20:19,183 [056f2df6-7490-4bed-a807-334fa85beb73@group-0B0F12EFC87E-LeaderElection21] INFO  server.RaftServerConfigKeys (ConfUtils.java:logGet(46)) - raft.server.watch.timeout.denomination = 1s (default)
2024-01-26 13:20:19,184 [056f2df6-7490-4bed-a807-334fa85beb73@group-0B0F12EFC87E-LeaderElection21] INFO  server.RaftServerConfigKeys (ConfUtils.java:logGet(46)) - raft.server.watch.element-limit = 65536 (default)
2024-01-26 13:20:19,184 [056f2df6-7490-4bed-a807-334fa85beb73@group-0B0F12EFC87E-LeaderElection21] INFO  server.RaftServerConfigKeys (ConfUtils.java:logGet(46)) - raft.server.read.leader.lease.enabled = false (default)
2024-01-26 13:20:19,184 [056f2df6-7490-4bed-a807-334fa85beb73@group-0B0F12EFC87E-LeaderElection21] INFO  server.RaftServerConfigKeys (ConfUtils.java:logGet(46)) - raft.server.read.leader.lease.timeout.ratio = 0.9 (default)
2024-01-26 13:20:19,184 [056f2df6-7490-4bed-a807-334fa85beb73@group-0B0F12EFC87E-LeaderElection21] INFO  server.RaftServerConfigKeys (ConfUtils.java:logGet(46)) - raft.server.rpc.timeout.min = 5s (custom)
2024-01-26 13:20:19,184 [056f2df6-7490-4bed-a807-334fa85beb73@group-0B0F12EFC87E-LeaderElection21] INFO  server.RaftServerConfigKeys (ConfUtils.java:logGet(46)) - raft.server.write.element-limit = 1024 (custom)
2024-01-26 13:20:19,184 [056f2df6-7490-4bed-a807-334fa85beb73@group-0B0F12EFC87E-LeaderElection21] INFO  server.RaftServerConfigKeys (ConfUtils.java:logGet(46)) - raft.server.write.follower.gap.ratio.max = -1.0 (default)
2024-01-26 13:20:19,184 [grpc-default-executor-1] INFO  server.RaftServer$Division (RaftServerImpl.java:requestVote(1422)) - 2800087d-98cc-4731-8fb3-504dcca9d3e0@group-0B0F12EFC87E replies to ELECTION vote request: 056f2df6-7490-4bed-a807-334fa85beb73<-2800087d-98cc-4731-8fb3-504dcca9d3e0#0:OK-t1. Peer's state: 2800087d-98cc-4731-8fb3-504dcca9d3e0@group-0B0F12EFC87E:t1, leader=null, voted=056f2df6-7490-4bed-a807-334fa85beb73, raftlog=Memoized:2800087d-98cc-4731-8fb3-504dcca9d3e0@group-0B0F12EFC87E-SegmentedRaftLog:OPENED:c-1, conf=-1: peers:[2800087d-98cc-4731-8fb3-504dcca9d3e0|10.1.0.20:15121, d656e8e6-3e99-480b-bf88-fcaebe65a6ea|10.1.0.20:15112, 056f2df6-7490-4bed-a807-334fa85beb73|10.1.0.20:15103]|listeners:[], old=null
2024-01-26 13:20:19,184 [056f2df6-7490-4bed-a807-334fa85beb73@group-0B0F12EFC87E-LeaderElection21] INFO  server.RaftServerConfigKeys (ConfUtils.java:logGet(46)) - raft.server.log.appender.snapshot.chunk.size.max = 16MB (=16777216) (default)
2024-01-26 13:20:19,184 [056f2df6-7490-4bed-a807-334fa85beb73@group-0B0F12EFC87E-LeaderElection21] INFO  server.RaftServerConfigKeys (ConfUtils.java:logGet(46)) - raft.server.log.appender.buffer.byte-limit = 8388608 (custom)
2024-01-26 13:20:19,185 [056f2df6-7490-4bed-a807-334fa85beb73@group-0B0F12EFC87E-LeaderElection21] INFO  server.RaftServerConfigKeys (ConfUtils.java:logGet(46)) - raft.server.log.appender.buffer.element-limit = 1 (custom)
2024-01-26 13:20:19,185 [056f2df6-7490-4bed-a807-334fa85beb73@group-0B0F12EFC87E-LeaderElection21] INFO  server.RaftServerConfigKeys (ConfUtils.java:logGet(46)) - raft.server.log.appender.wait-time.min = 0ms (custom)
2024-01-26 13:20:19,185 [056f2df6-7490-4bed-a807-334fa85beb73@group-0B0F12EFC87E-LeaderElection21] INFO  grpc.GrpcConfigKeys (ConfUtils.java:logGet(46)) - raft.grpc.server.leader.outstanding.appends.max = 8 (default)
2024-01-26 13:20:19,185 [056f2df6-7490-4bed-a807-334fa85beb73@group-0B0F12EFC87E-LeaderElection21] INFO  server.RaftServerConfigKeys (ConfUtils.java:logGet(46)) - raft.server.rpc.request.timeout = 3000ms (default)
2024-01-26 13:20:19,185 [056f2df6-7490-4bed-a807-334fa85beb73@group-0B0F12EFC87E-LeaderElection21] INFO  grpc.GrpcConfigKeys (ConfUtils.java:logGet(46)) - raft.grpc.server.install_snapshot.request.element-limit = 8 (default)
2024-01-26 13:20:19,185 [056f2df6-7490-4bed-a807-334fa85beb73@group-0B0F12EFC87E-LeaderElection21] INFO  grpc.GrpcConfigKeys (ConfUtils.java:logGet(46)) - raft.grpc.server.install_snapshot.request.timeout = 3000ms (default)
2024-01-26 13:20:19,185 [056f2df6-7490-4bed-a807-334fa85beb73@group-0B0F12EFC87E-LeaderElection21] INFO  grpc.GrpcConfigKeys (ConfUtils.java:logGet(46)) - raft.grpc.server.log-message.batch.duration = 5s (default)
2024-01-26 13:20:19,185 [056f2df6-7490-4bed-a807-334fa85beb73@group-0B0F12EFC87E-LeaderElection21] INFO  server.RaftServerConfigKeys (ConfUtils.java:logGet(46)) - raft.server.log.appender.install.snapshot.enabled = false (custom)
2024-01-26 13:20:19,185 [056f2df6-7490-4bed-a807-334fa85beb73@group-0B0F12EFC87E-LeaderElection21] INFO  grpc.GrpcConfigKeys (ConfUtils.java:logGet(46)) - raft.grpc.server.heartbeat.channel = true (default)
2024-01-26 13:20:19,186 [056f2df6-7490-4bed-a807-334fa85beb73@group-0B0F12EFC87E-LeaderElection21] INFO  server.RaftServerConfigKeys (ConfUtils.java:logGet(46)) - raft.server.log.appender.snapshot.chunk.size.max = 16MB (=16777216) (default)
2024-01-26 13:20:19,186 [056f2df6-7490-4bed-a807-334fa85beb73@group-0B0F12EFC87E-LeaderElection21] INFO  server.RaftServerConfigKeys (ConfUtils.java:logGet(46)) - raft.server.log.appender.buffer.byte-limit = 8388608 (custom)
2024-01-26 13:20:19,186 [056f2df6-7490-4bed-a807-334fa85beb73@group-0B0F12EFC87E-LeaderElection21] INFO  server.RaftServerConfigKeys (ConfUtils.java:logGet(46)) - raft.server.log.appender.buffer.element-limit = 1 (custom)
2024-01-26 13:20:19,187 [056f2df6-7490-4bed-a807-334fa85beb73@group-0B0F12EFC87E-LeaderElection21] INFO  server.RaftServerConfigKeys (ConfUtils.java:logGet(46)) - raft.server.log.appender.wait-time.min = 0ms (custom)
2024-01-26 13:20:19,187 [056f2df6-7490-4bed-a807-334fa85beb73@group-0B0F12EFC87E-LeaderElection21] INFO  grpc.GrpcConfigKeys (ConfUtils.java:logGet(46)) - raft.grpc.server.leader.outstanding.appends.max = 8 (default)
2024-01-26 13:20:19,187 [056f2df6-7490-4bed-a807-334fa85beb73@group-0B0F12EFC87E-LeaderElection21] INFO  server.RaftServerConfigKeys (ConfUtils.java:logGet(46)) - raft.server.rpc.request.timeout = 3000ms (default)
2024-01-26 13:20:19,187 [056f2df6-7490-4bed-a807-334fa85beb73@group-0B0F12EFC87E-LeaderElection21] INFO  grpc.GrpcConfigKeys (ConfUtils.java:logGet(46)) - raft.grpc.server.install_snapshot.request.element-limit = 8 (default)
2024-01-26 13:20:19,187 [056f2df6-7490-4bed-a807-334fa85beb73@group-0B0F12EFC87E-LeaderElection21] INFO  grpc.GrpcConfigKeys (ConfUtils.java:logGet(46)) - raft.grpc.server.install_snapshot.request.timeout = 3000ms (default)
2024-01-26 13:20:19,187 [056f2df6-7490-4bed-a807-334fa85beb73@group-0B0F12EFC87E-LeaderElection21] INFO  grpc.GrpcConfigKeys (ConfUtils.java:logGet(46)) - raft.grpc.server.log-message.batch.duration = 5s (default)
2024-01-26 13:20:19,187 [056f2df6-7490-4bed-a807-334fa85beb73@group-0B0F12EFC87E-LeaderElection21] INFO  server.RaftServerConfigKeys (ConfUtils.java:logGet(46)) - raft.server.log.appender.install.snapshot.enabled = false (custom)
2024-01-26 13:20:19,187 [056f2df6-7490-4bed-a807-334fa85beb73@group-0B0F12EFC87E-LeaderElection21] INFO  grpc.GrpcConfigKeys (ConfUtils.java:logGet(46)) - raft.grpc.server.heartbeat.channel = true (default)
2024-01-26 13:20:19,187 [056f2df6-7490-4bed-a807-334fa85beb73@group-0B0F12EFC87E-LeaderElection21] INFO  impl.RoleInfo (RoleInfo.java:updateAndGet(139)) - 056f2df6-7490-4bed-a807-334fa85beb73: start 056f2df6-7490-4bed-a807-334fa85beb73@group-0B0F12EFC87E-LeaderStateImpl
2024-01-26 13:20:19,187 [056f2df6-7490-4bed-a807-334fa85beb73@group-0B0F12EFC87E-LeaderElection21] INFO  server.RaftServer$Division (RaftServerImpl.java:setFirstElection(574)) - 056f2df6-7490-4bed-a807-334fa85beb73@group-0B0F12EFC87E: set firstElectionSinceStartup to false for becomeLeader
2024-01-26 13:20:19,187 [056f2df6-7490-4bed-a807-334fa85beb73@group-0B0F12EFC87E-LeaderElection21] INFO  ratis.XceiverServerRatis (XceiverServerRatis.java:handleLeaderChangedNotification(945)) - Leader change notification received for group: group-0B0F12EFC87E with new leaderId: 056f2df6-7490-4bed-a807-334fa85beb73
2024-01-26 13:20:19,187 [056f2df6-7490-4bed-a807-334fa85beb73@group-0B0F12EFC87E-LeaderElection21] INFO  server.RaftServer$Division (ServerState.java:setLeader(269)) - 056f2df6-7490-4bed-a807-334fa85beb73@group-0B0F12EFC87E: change Leader from null to 056f2df6-7490-4bed-a807-334fa85beb73 at term 1 for becomeLeader, leader elected after 5198ms
2024-01-26 13:20:19,188 [056f2df6-7490-4bed-a807-334fa85beb73@group-0B0F12EFC87E-LeaderElection21] INFO  segmented.SegmentedRaftLogWorker (SegmentedRaftLogWorker.java:startLogSegment(430)) - 056f2df6-7490-4bed-a807-334fa85beb73@group-0B0F12EFC87E-SegmentedRaftLogWorker: Starting segment from index:0
2024-01-26 13:20:19,188 [056f2df6-7490-4bed-a807-334fa85beb73@group-0B0F12EFC87E-SegmentedRaftLogWorker] INFO  segmented.BufferedWriteChannel (BufferedWriteChannel.java:open(62)) - open log_inprogress_0 at position 0
2024-01-26 13:20:19,193 [056f2df6-7490-4bed-a807-334fa85beb73@group-0B0F12EFC87E-LeaderElection21] INFO  server.RaftServer$Division (ServerState.java:setRaftConf(386)) - 056f2df6-7490-4bed-a807-334fa85beb73@group-0B0F12EFC87E: set configuration 0: peers:[2800087d-98cc-4731-8fb3-504dcca9d3e0|10.1.0.20:15121, d656e8e6-3e99-480b-bf88-fcaebe65a6ea|10.1.0.20:15112, 056f2df6-7490-4bed-a807-334fa85beb73|10.1.0.20:15103]|listeners:[], old=null
2024-01-26 13:20:19,193 [EventQueue-PipelineReportForPipelineReportHandler] INFO  pipeline.PipelineReportHandler (PipelineReportHandler.java:processPipelineReport(136)) - Opened pipeline PipelineID=3c010fba-05cc-4306-bf6e-0b0f12efc87e
2024-01-26 13:20:19,194 [EventQueue-OpenPipelineForHealthyPipelineSafeModeRule] INFO  safemode.SCMSafeModeManager (HealthyPipelineSafeModeRule.java:process(140)) - SCM in safe mode. Healthy pipelines reported count is 1, required healthy pipeline reported count is 1
2024-01-26 13:20:19,194 [EventQueue-OpenPipelineForHealthyPipelineSafeModeRule] INFO  safemode.SCMSafeModeManager (SCMSafeModeManager.java:validateSafeModeExitRules(200)) - HealthyPipelineSafeModeRule rule is successfully validated
2024-01-26 13:20:19,194 [EventQueue-OpenPipelineForHealthyPipelineSafeModeRule] INFO  safemode.SCMSafeModeManager (SCMSafeModeManager.java:validateSafeModeExitRules(215)) - ScmSafeModeManager, all rules are successfully validated
2024-01-26 13:20:19,194 [EventQueue-OpenPipelineForHealthyPipelineSafeModeRule] INFO  safemode.SCMSafeModeManager (SCMSafeModeManager.java:exitSafeMode(244)) - SCM exiting safe mode.
2024-01-26 13:20:19,194 [EventQueue-OpenPipelineForHealthyPipelineSafeModeRule] INFO  ha.SCMContext (SCMContext.java:updateSafeModeStatus(230)) - Update SafeModeStatus from SafeModeStatus{safeModeStatus=true, preCheckPassed=true} to SafeModeStatus{safeModeStatus=false, preCheckPassed=true}.
2024-01-26 13:20:19,194 [EventQueue-OpenPipelineForHealthyPipelineSafeModeRule] INFO  pipeline.BackgroundPipelineCreator (BackgroundPipelineCreator.java:notifyStatusChanged(258)) - Service BackgroundPipelineCreator transitions to RUNNING.
2024-01-26 13:20:19,194 [EventQueue-OpenPipelineForHealthyPipelineSafeModeRule] INFO  BackgroundPipelineScrubber (BackgroundSCMService.java:notifyStatusChanged(82)) - Service BackgroundPipelineScrubber transitions to RUNNING.
2024-01-26 13:20:19,194 [EventQueue-OpenPipelineForHealthyPipelineSafeModeRule] INFO  ExpiredContainerReplicaOpScrubber (BackgroundSCMService.java:notifyStatusChanged(82)) - Service ExpiredContainerReplicaOpScrubber transitions to RUNNING.
2024-01-26 13:20:19,194 [EventQueue-OpenPipelineForHealthyPipelineSafeModeRule] INFO  block.SCMBlockDeletingService (SCMBlockDeletingService.java:notifyStatusChanged(247)) - notifyStatusChanged:RUNNING
2024-01-26 13:20:19,194 [EventQueue-OpenPipelineForHealthyPipelineSafeModeRule] INFO  replication.ReplicationManager (ReplicationManager.java:notifyStatusChanged(1401)) - Service ReplicationManager transitions to RUNNING.
2024-01-26 13:20:19,194 [EventQueue-OpenPipelineForHealthyPipelineSafeModeRule] WARN  balancer.ContainerBalancer (ContainerBalancer.java:shouldRun(134)) - Could not find persisted configuration for ContainerBalancer when checking if ContainerBalancer should run. ContainerBalancer should not run now.
2024-01-26 13:20:19,196 [056f2df6-7490-4bed-a807-334fa85beb73@group-0B0F12EFC87E-SegmentedRaftLogWorker] INFO  segmented.SegmentedRaftLogWorker (SegmentedRaftLogWorker.java:execute(634)) - 056f2df6-7490-4bed-a807-334fa85beb73@group-0B0F12EFC87E-SegmentedRaftLogWorker: created new log segment /home/runner/work/ozone/ozone/hadoop-ozone/integration-test/target/test-dir/MiniOzoneClusterImpl-6bed2868-cd70-4a3d-a9ed-67052a48ddc2/datanode-0/data/ratis/3c010fba-05cc-4306-bf6e-0b0f12efc87e/current/log_inprogress_0
2024-01-26 13:20:19,201 [d656e8e6-3e99-480b-bf88-fcaebe65a6ea-server-thread2] INFO  ratis.XceiverServerRatis (XceiverServerRatis.java:handleLeaderChangedNotification(945)) - Leader change notification received for group: group-0B0F12EFC87E with new leaderId: 056f2df6-7490-4bed-a807-334fa85beb73
2024-01-26 13:20:19,207 [d656e8e6-3e99-480b-bf88-fcaebe65a6ea-server-thread2] INFO  server.RaftServer$Division (ServerState.java:setLeader(269)) - d656e8e6-3e99-480b-bf88-fcaebe65a6ea@group-0B0F12EFC87E: change Leader from null to 056f2df6-7490-4bed-a807-334fa85beb73 at term 1 for appendEntries, leader elected after 5156ms
2024-01-26 13:20:19,208 [d656e8e6-3e99-480b-bf88-fcaebe65a6ea-server-thread2] INFO  server.RaftServer$Division (ServerState.java:setRaftConf(386)) - d656e8e6-3e99-480b-bf88-fcaebe65a6ea@group-0B0F12EFC87E: set configuration 0: peers:[2800087d-98cc-4731-8fb3-504dcca9d3e0|10.1.0.20:15121, d656e8e6-3e99-480b-bf88-fcaebe65a6ea|10.1.0.20:15112, 056f2df6-7490-4bed-a807-334fa85beb73|10.1.0.20:15103]|listeners:[], old=null
2024-01-26 13:20:19,208 [d656e8e6-3e99-480b-bf88-fcaebe65a6ea-server-thread2] INFO  segmented.SegmentedRaftLogWorker (SegmentedRaftLogWorker.java:startLogSegment(430)) - d656e8e6-3e99-480b-bf88-fcaebe65a6ea@group-0B0F12EFC87E-SegmentedRaftLogWorker: Starting segment from index:0
2024-01-26 13:20:19,208 [2800087d-98cc-4731-8fb3-504dcca9d3e0-server-thread2] INFO  ratis.XceiverServerRatis (XceiverServerRatis.java:handleLeaderChangedNotification(945)) - Leader change notification received for group: group-0B0F12EFC87E with new leaderId: 056f2df6-7490-4bed-a807-334fa85beb73
2024-01-26 13:20:19,208 [2800087d-98cc-4731-8fb3-504dcca9d3e0-server-thread2] INFO  server.RaftServer$Division (ServerState.java:setLeader(269)) - 2800087d-98cc-4731-8fb3-504dcca9d3e0@group-0B0F12EFC87E: change Leader from null to 056f2df6-7490-4bed-a807-334fa85beb73 at term 1 for appendEntries, leader elected after 5196ms
2024-01-26 13:20:19,209 [d656e8e6-3e99-480b-bf88-fcaebe65a6ea@group-0B0F12EFC87E-SegmentedRaftLogWorker] INFO  segmented.BufferedWriteChannel (BufferedWriteChannel.java:open(62)) - open log_inprogress_0 at position 0
2024-01-26 13:20:19,210 [2800087d-98cc-4731-8fb3-504dcca9d3e0-server-thread2] INFO  server.RaftServer$Division (ServerState.java:setRaftConf(386)) - 2800087d-98cc-4731-8fb3-504dcca9d3e0@group-0B0F12EFC87E: set configuration 0: peers:[2800087d-98cc-4731-8fb3-504dcca9d3e0|10.1.0.20:15121, d656e8e6-3e99-480b-bf88-fcaebe65a6ea|10.1.0.20:15112, 056f2df6-7490-4bed-a807-334fa85beb73|10.1.0.20:15103]|listeners:[], old=null
2024-01-26 13:20:19,210 [2800087d-98cc-4731-8fb3-504dcca9d3e0-server-thread2] INFO  segmented.SegmentedRaftLogWorker (SegmentedRaftLogWorker.java:startLogSegment(430)) - 2800087d-98cc-4731-8fb3-504dcca9d3e0@group-0B0F12EFC87E-SegmentedRaftLogWorker: Starting segment from index:0
2024-01-26 13:20:19,213 [2800087d-98cc-4731-8fb3-504dcca9d3e0@group-0B0F12EFC87E-SegmentedRaftLogWorker] INFO  segmented.BufferedWriteChannel (BufferedWriteChannel.java:open(62)) - open log_inprogress_0 at position 0
2024-01-26 13:20:19,221 [d656e8e6-3e99-480b-bf88-fcaebe65a6ea@group-0B0F12EFC87E-SegmentedRaftLogWorker] INFO  segmented.SegmentedRaftLogWorker (SegmentedRaftLogWorker.java:execute(634)) - d656e8e6-3e99-480b-bf88-fcaebe65a6ea@group-0B0F12EFC87E-SegmentedRaftLogWorker: created new log segment /home/runner/work/ozone/ozone/hadoop-ozone/integration-test/target/test-dir/MiniOzoneClusterImpl-6bed2868-cd70-4a3d-a9ed-67052a48ddc2/datanode-1/data/ratis/3c010fba-05cc-4306-bf6e-0b0f12efc87e/current/log_inprogress_0
2024-01-26 13:20:19,221 [2800087d-98cc-4731-8fb3-504dcca9d3e0@group-0B0F12EFC87E-SegmentedRaftLogWorker] INFO  segmented.SegmentedRaftLogWorker (SegmentedRaftLogWorker.java:execute(634)) - 2800087d-98cc-4731-8fb3-504dcca9d3e0@group-0B0F12EFC87E-SegmentedRaftLogWorker: created new log segment /home/runner/work/ozone/ozone/hadoop-ozone/integration-test/target/test-dir/MiniOzoneClusterImpl-6bed2868-cd70-4a3d-a9ed-67052a48ddc2/datanode-2/data/ratis/3c010fba-05cc-4306-bf6e-0b0f12efc87e/current/log_inprogress_0
2024-01-26 13:20:19,224 [056f2df6-7490-4bed-a807-334fa85beb73@group-0B0F12EFC87E-StateMachineUpdater] INFO  server.RaftServer$Division (LeaderStateImpl.java:isApplied(320)) - leader is ready since appliedIndex == 0 >= startIndex == 0
2024-01-26 13:20:19,255 [d656e8e6-3e99-480b-bf88-fcaebe65a6ea@group-37D13398D4B1-FollowerState] INFO  impl.FollowerState (FollowerState.java:run(143)) - d656e8e6-3e99-480b-bf88-fcaebe65a6ea@group-37D13398D4B1-FollowerState: change to CANDIDATE, lastRpcElapsedTime:5178458760ns, electionTimeout:5178ms
2024-01-26 13:20:19,255 [d656e8e6-3e99-480b-bf88-fcaebe65a6ea@group-37D13398D4B1-FollowerState] INFO  impl.RoleInfo (RoleInfo.java:shutdownFollowerState(110)) - d656e8e6-3e99-480b-bf88-fcaebe65a6ea: shutdown d656e8e6-3e99-480b-bf88-fcaebe65a6ea@group-37D13398D4B1-FollowerState
2024-01-26 13:20:19,255 [d656e8e6-3e99-480b-bf88-fcaebe65a6ea@group-37D13398D4B1-FollowerState] INFO  server.RaftServer$Division (RaftServerImpl.java:setRole(383)) - d656e8e6-3e99-480b-bf88-fcaebe65a6ea@group-37D13398D4B1: changes role from  FOLLOWER to CANDIDATE at term 0 for changeToCandidate
2024-01-26 13:20:19,255 [d656e8e6-3e99-480b-bf88-fcaebe65a6ea@group-37D13398D4B1-FollowerState] INFO  server.RaftServerConfigKeys (ConfUtils.java:logGet(46)) - raft.server.leaderelection.pre-vote = true (default)
2024-01-26 13:20:19,255 [d656e8e6-3e99-480b-bf88-fcaebe65a6ea@group-37D13398D4B1-FollowerState] INFO  impl.RoleInfo (RoleInfo.java:updateAndGet(139)) - d656e8e6-3e99-480b-bf88-fcaebe65a6ea: start d656e8e6-3e99-480b-bf88-fcaebe65a6ea@group-37D13398D4B1-LeaderElection22
2024-01-26 13:20:19,257 [d656e8e6-3e99-480b-bf88-fcaebe65a6ea@group-37D13398D4B1-LeaderElection22] INFO  impl.LeaderElection (LeaderElection.java:askForVotes(321)) - d656e8e6-3e99-480b-bf88-fcaebe65a6ea@group-37D13398D4B1-LeaderElection22 PRE_VOTE round 0: submit vote requests at term 0 for -1: peers:[d656e8e6-3e99-480b-bf88-fcaebe65a6ea|10.1.0.20:15112]|listeners:[], old=null
2024-01-26 13:20:19,257 [d656e8e6-3e99-480b-bf88-fcaebe65a6ea@group-37D13398D4B1-LeaderElection22] INFO  impl.LeaderElection (LeaderElection.java:askForVotes(323)) - d656e8e6-3e99-480b-bf88-fcaebe65a6ea@group-37D13398D4B1-LeaderElection22 PRE_VOTE round 0: result PASSED (term=0)
2024-01-26 13:20:19,258 [d656e8e6-3e99-480b-bf88-fcaebe65a6ea@group-37D13398D4B1-LeaderElection22] INFO  impl.LeaderElection (LeaderElection.java:askForVotes(321)) - d656e8e6-3e99-480b-bf88-fcaebe65a6ea@group-37D13398D4B1-LeaderElection22 ELECTION round 0: submit vote requests at term 1 for -1: peers:[d656e8e6-3e99-480b-bf88-fcaebe65a6ea|10.1.0.20:15112]|listeners:[], old=null
2024-01-26 13:20:19,258 [d656e8e6-3e99-480b-bf88-fcaebe65a6ea@group-37D13398D4B1-LeaderElection22] INFO  impl.LeaderElection (LeaderElection.java:askForVotes(323)) - d656e8e6-3e99-480b-bf88-fcaebe65a6ea@group-37D13398D4B1-LeaderElection22 ELECTION round 0: result PASSED (term=1)
2024-01-26 13:20:19,258 [d656e8e6-3e99-480b-bf88-fcaebe65a6ea@group-37D13398D4B1-LeaderElection22] INFO  impl.RoleInfo (RoleInfo.java:shutdownLeaderElection(130)) - d656e8e6-3e99-480b-bf88-fcaebe65a6ea: shutdown d656e8e6-3e99-480b-bf88-fcaebe65a6ea@group-37D13398D4B1-LeaderElection22
2024-01-26 13:20:19,258 [d656e8e6-3e99-480b-bf88-fcaebe65a6ea@group-37D13398D4B1-LeaderElection22] INFO  server.RaftServer$Division (RaftServerImpl.java:setRole(383)) - d656e8e6-3e99-480b-bf88-fcaebe65a6ea@group-37D13398D4B1: changes role from CANDIDATE to LEADER at term 1 for changeToLeader
2024-01-26 13:20:19,258 [d656e8e6-3e99-480b-bf88-fcaebe65a6ea@group-37D13398D4B1-LeaderElection22] INFO  server.RaftServerConfigKeys (ConfUtils.java:logGet(46)) - raft.server.staging.catchup.gap = 1000 (default)
2024-01-26 13:20:19,258 [d656e8e6-3e99-480b-bf88-fcaebe65a6ea@group-37D13398D4B1-LeaderElection22] INFO  server.RaftServerConfigKeys (ConfUtils.java:logGet(46)) - raft.server.write.element-limit = 1024 (custom)
2024-01-26 13:20:19,259 [d656e8e6-3e99-480b-bf88-fcaebe65a6ea@group-37D13398D4B1-LeaderElection22] INFO  server.RaftServerConfigKeys (ConfUtils.java:logGet(46)) - raft.server.write.byte-limit = 1024 M (=1073741824) (custom)
2024-01-26 13:20:19,259 [d656e8e6-3e99-480b-bf88-fcaebe65a6ea@group-37D13398D4B1-LeaderElection22] INFO  server.RaftServerConfigKeys (ConfUtils.java:logGet(46)) - raft.server.watch.timeout = 3000ms (custom)
2024-01-26 13:20:19,259 [d656e8e6-3e99-480b-bf88-fcaebe65a6ea@group-37D13398D4B1-LeaderElection22] INFO  server.RaftServerConfigKeys (ConfUtils.java:logGet(46)) - raft.server.watch.timeout.denomination = 1s (default)
2024-01-26 13:20:19,259 [d656e8e6-3e99-480b-bf88-fcaebe65a6ea@group-37D13398D4B1-LeaderElection22] INFO  server.RaftServerConfigKeys (ConfUtils.java:logGet(46)) - raft.server.watch.element-limit = 65536 (default)
2024-01-26 13:20:19,259 [d656e8e6-3e99-480b-bf88-fcaebe65a6ea@group-37D13398D4B1-LeaderElection22] INFO  server.RaftServerConfigKeys (ConfUtils.java:logGet(46)) - raft.server.read.leader.lease.enabled = false (default)
2024-01-26 13:20:19,259 [d656e8e6-3e99-480b-bf88-fcaebe65a6ea@group-37D13398D4B1-LeaderElection22] INFO  server.RaftServerConfigKeys (ConfUtils.java:logGet(46)) - raft.server.read.leader.lease.timeout.ratio = 0.9 (default)
2024-01-26 13:20:19,259 [d656e8e6-3e99-480b-bf88-fcaebe65a6ea@group-37D13398D4B1-LeaderElection22] INFO  server.RaftServerConfigKeys (ConfUtils.java:logGet(46)) - raft.server.rpc.timeout.min = 5s (custom)
2024-01-26 13:20:19,259 [d656e8e6-3e99-480b-bf88-fcaebe65a6ea@group-37D13398D4B1-LeaderElection22] INFO  server.RaftServerConfigKeys (ConfUtils.java:logGet(46)) - raft.server.write.element-limit = 1024 (custom)
2024-01-26 13:20:19,259 [d656e8e6-3e99-480b-bf88-fcaebe65a6ea@group-37D13398D4B1-LeaderElection22] INFO  server.RaftServerConfigKeys (ConfUtils.java:logGet(46)) - raft.server.write.follower.gap.ratio.max = -1.0 (default)
2024-01-26 13:20:19,259 [d656e8e6-3e99-480b-bf88-fcaebe65a6ea@group-37D13398D4B1-LeaderElection22] INFO  impl.RoleInfo (RoleInfo.java:updateAndGet(139)) - d656e8e6-3e99-480b-bf88-fcaebe65a6ea: start d656e8e6-3e99-480b-bf88-fcaebe65a6ea@group-37D13398D4B1-LeaderStateImpl
2024-01-26 13:20:19,259 [d656e8e6-3e99-480b-bf88-fcaebe65a6ea@group-37D13398D4B1-LeaderElection22] INFO  server.RaftServer$Division (RaftServerImpl.java:setFirstElection(574)) - d656e8e6-3e99-480b-bf88-fcaebe65a6ea@group-37D13398D4B1: set firstElectionSinceStartup to false for becomeLeader
2024-01-26 13:20:19,259 [d656e8e6-3e99-480b-bf88-fcaebe65a6ea@group-37D13398D4B1-LeaderElection22] INFO  ratis.XceiverServerRatis (XceiverServerRatis.java:handleLeaderChangedNotification(945)) - Leader change notification received for group: group-37D13398D4B1 with new leaderId: d656e8e6-3e99-480b-bf88-fcaebe65a6ea
2024-01-26 13:20:19,259 [d656e8e6-3e99-480b-bf88-fcaebe65a6ea@group-37D13398D4B1-LeaderElection22] INFO  server.RaftServer$Division (ServerState.java:setLeader(269)) - d656e8e6-3e99-480b-bf88-fcaebe65a6ea@group-37D13398D4B1: change Leader from null to d656e8e6-3e99-480b-bf88-fcaebe65a6ea at term 1 for becomeLeader, leader elected after 5193ms
2024-01-26 13:20:19,259 [d656e8e6-3e99-480b-bf88-fcaebe65a6ea@group-37D13398D4B1-LeaderElection22] INFO  segmented.SegmentedRaftLogWorker (SegmentedRaftLogWorker.java:startLogSegment(430)) - d656e8e6-3e99-480b-bf88-fcaebe65a6ea@group-37D13398D4B1-SegmentedRaftLogWorker: Starting segment from index:0
2024-01-26 13:20:19,260 [d656e8e6-3e99-480b-bf88-fcaebe65a6ea@group-37D13398D4B1-SegmentedRaftLogWorker] INFO  segmented.BufferedWriteChannel (BufferedWriteChannel.java:open(62)) - open log_inprogress_0 at position 0
2024-01-26 13:20:19,264 [d656e8e6-3e99-480b-bf88-fcaebe65a6ea@group-37D13398D4B1-LeaderElection22] INFO  server.RaftServer$Division (ServerState.java:setRaftConf(386)) - d656e8e6-3e99-480b-bf88-fcaebe65a6ea@group-37D13398D4B1: set configuration 0: peers:[d656e8e6-3e99-480b-bf88-fcaebe65a6ea|10.1.0.20:15112]|listeners:[], old=null
2024-01-26 13:20:19,268 [d656e8e6-3e99-480b-bf88-fcaebe65a6ea@group-37D13398D4B1-SegmentedRaftLogWorker] INFO  segmented.SegmentedRaftLogWorker (SegmentedRaftLogWorker.java:execute(634)) - d656e8e6-3e99-480b-bf88-fcaebe65a6ea@group-37D13398D4B1-SegmentedRaftLogWorker: created new log segment /home/runner/work/ozone/ozone/hadoop-ozone/integration-test/target/test-dir/MiniOzoneClusterImpl-6bed2868-cd70-4a3d-a9ed-67052a48ddc2/datanode-1/data/ratis/4086c81e-29a8-41c6-9694-37d13398d4b1/current/log_inprogress_0
2024-01-26 13:20:19,269 [d656e8e6-3e99-480b-bf88-fcaebe65a6ea@group-37D13398D4B1-StateMachineUpdater] INFO  server.RaftServer$Division (LeaderStateImpl.java:isApplied(320)) - leader is ready since appliedIndex == 0 >= startIndex == 0
2024-01-26 13:20:19,333 [2800087d-98cc-4731-8fb3-504dcca9d3e0@group-049AE56A0932-FollowerState] INFO  impl.FollowerState (FollowerState.java:run(143)) - 2800087d-98cc-4731-8fb3-504dcca9d3e0@group-049AE56A0932-FollowerState: change to CANDIDATE, lastRpcElapsedTime:5130644609ns, electionTimeout:5130ms
2024-01-26 13:20:19,333 [2800087d-98cc-4731-8fb3-504dcca9d3e0@group-049AE56A0932-FollowerState] INFO  impl.RoleInfo (RoleInfo.java:shutdownFollowerState(110)) - 2800087d-98cc-4731-8fb3-504dcca9d3e0: shutdown 2800087d-98cc-4731-8fb3-504dcca9d3e0@group-049AE56A0932-FollowerState
2024-01-26 13:20:19,333 [2800087d-98cc-4731-8fb3-504dcca9d3e0@group-049AE56A0932-FollowerState] INFO  server.RaftServer$Division (RaftServerImpl.java:setRole(383)) - 2800087d-98cc-4731-8fb3-504dcca9d3e0@group-049AE56A0932: changes role from  FOLLOWER to CANDIDATE at term 0 for changeToCandidate
2024-01-26 13:20:19,333 [2800087d-98cc-4731-8fb3-504dcca9d3e0@group-049AE56A0932-FollowerState] INFO  server.RaftServerConfigKeys (ConfUtils.java:logGet(46)) - raft.server.leaderelection.pre-vote = true (default)
2024-01-26 13:20:19,333 [2800087d-98cc-4731-8fb3-504dcca9d3e0@group-049AE56A0932-FollowerState] INFO  impl.RoleInfo (RoleInfo.java:updateAndGet(139)) - 2800087d-98cc-4731-8fb3-504dcca9d3e0: start 2800087d-98cc-4731-8fb3-504dcca9d3e0@group-049AE56A0932-LeaderElection23
2024-01-26 13:20:19,335 [2800087d-98cc-4731-8fb3-504dcca9d3e0@group-049AE56A0932-LeaderElection23] INFO  impl.LeaderElection (LeaderElection.java:askForVotes(321)) - 2800087d-98cc-4731-8fb3-504dcca9d3e0@group-049AE56A0932-LeaderElection23 PRE_VOTE round 0: submit vote requests at term 0 for -1: peers:[2800087d-98cc-4731-8fb3-504dcca9d3e0|10.1.0.20:15121]|listeners:[], old=null
2024-01-26 13:20:19,335 [2800087d-98cc-4731-8fb3-504dcca9d3e0@group-049AE56A0932-LeaderElection23] INFO  impl.LeaderElection (LeaderElection.java:askForVotes(323)) - 2800087d-98cc-4731-8fb3-504dcca9d3e0@group-049AE56A0932-LeaderElection23 PRE_VOTE round 0: result PASSED (term=0)
2024-01-26 13:20:19,336 [2800087d-98cc-4731-8fb3-504dcca9d3e0@group-049AE56A0932-LeaderElection23] INFO  impl.LeaderElection (LeaderElection.java:askForVotes(321)) - 2800087d-98cc-4731-8fb3-504dcca9d3e0@group-049AE56A0932-LeaderElection23 ELECTION round 0: submit vote requests at term 1 for -1: peers:[2800087d-98cc-4731-8fb3-504dcca9d3e0|10.1.0.20:15121]|listeners:[], old=null
2024-01-26 13:20:19,336 [2800087d-98cc-4731-8fb3-504dcca9d3e0@group-049AE56A0932-LeaderElection23] INFO  impl.LeaderElection (LeaderElection.java:askForVotes(323)) - 2800087d-98cc-4731-8fb3-504dcca9d3e0@group-049AE56A0932-LeaderElection23 ELECTION round 0: result PASSED (term=1)
2024-01-26 13:20:19,336 [2800087d-98cc-4731-8fb3-504dcca9d3e0@group-049AE56A0932-LeaderElection23] INFO  impl.RoleInfo (RoleInfo.java:shutdownLeaderElection(130)) - 2800087d-98cc-4731-8fb3-504dcca9d3e0: shutdown 2800087d-98cc-4731-8fb3-504dcca9d3e0@group-049AE56A0932-LeaderElection23
2024-01-26 13:20:19,336 [2800087d-98cc-4731-8fb3-504dcca9d3e0@group-049AE56A0932-LeaderElection23] INFO  server.RaftServer$Division (RaftServerImpl.java:setRole(383)) - 2800087d-98cc-4731-8fb3-504dcca9d3e0@group-049AE56A0932: changes role from CANDIDATE to LEADER at term 1 for changeToLeader
2024-01-26 13:20:19,336 [2800087d-98cc-4731-8fb3-504dcca9d3e0@group-049AE56A0932-LeaderElection23] INFO  server.RaftServerConfigKeys (ConfUtils.java:logGet(46)) - raft.server.staging.catchup.gap = 1000 (default)
2024-01-26 13:20:19,337 [2800087d-98cc-4731-8fb3-504dcca9d3e0@group-049AE56A0932-LeaderElection23] INFO  server.RaftServerConfigKeys (ConfUtils.java:logGet(46)) - raft.server.write.element-limit = 1024 (custom)
2024-01-26 13:20:19,337 [2800087d-98cc-4731-8fb3-504dcca9d3e0@group-049AE56A0932-LeaderElection23] INFO  server.RaftServerConfigKeys (ConfUtils.java:logGet(46)) - raft.server.write.byte-limit = 1024 M (=1073741824) (custom)
2024-01-26 13:20:19,337 [2800087d-98cc-4731-8fb3-504dcca9d3e0@group-049AE56A0932-LeaderElection23] INFO  server.RaftServerConfigKeys (ConfUtils.java:logGet(46)) - raft.server.watch.timeout = 3000ms (custom)
2024-01-26 13:20:19,337 [2800087d-98cc-4731-8fb3-504dcca9d3e0@group-049AE56A0932-LeaderElection23] INFO  server.RaftServerConfigKeys (ConfUtils.java:logGet(46)) - raft.server.watch.timeout.denomination = 1s (default)
2024-01-26 13:20:19,337 [2800087d-98cc-4731-8fb3-504dcca9d3e0@group-049AE56A0932-LeaderElection23] INFO  server.RaftServerConfigKeys (ConfUtils.java:logGet(46)) - raft.server.watch.element-limit = 65536 (default)
2024-01-26 13:20:19,337 [2800087d-98cc-4731-8fb3-504dcca9d3e0@group-049AE56A0932-LeaderElection23] INFO  server.RaftServerConfigKeys (ConfUtils.java:logGet(46)) - raft.server.read.leader.lease.enabled = false (default)
2024-01-26 13:20:19,337 [2800087d-98cc-4731-8fb3-504dcca9d3e0@group-049AE56A0932-LeaderElection23] INFO  server.RaftServerConfigKeys (ConfUtils.java:logGet(46)) - raft.server.read.leader.lease.timeout.ratio = 0.9 (default)
2024-01-26 13:20:19,337 [2800087d-98cc-4731-8fb3-504dcca9d3e0@group-049AE56A0932-LeaderElection23] INFO  server.RaftServerConfigKeys (ConfUtils.java:logGet(46)) - raft.server.rpc.timeout.min = 5s (custom)
2024-01-26 13:20:19,337 [2800087d-98cc-4731-8fb3-504dcca9d3e0@group-049AE56A0932-LeaderElection23] INFO  server.RaftServerConfigKeys (ConfUtils.java:logGet(46)) - raft.server.write.element-limit = 1024 (custom)
2024-01-26 13:20:19,337 [2800087d-98cc-4731-8fb3-504dcca9d3e0@group-049AE56A0932-LeaderElection23] INFO  server.RaftServerConfigKeys (ConfUtils.java:logGet(46)) - raft.server.write.follower.gap.ratio.max = -1.0 (default)
2024-01-26 13:20:19,338 [2800087d-98cc-4731-8fb3-504dcca9d3e0@group-049AE56A0932-LeaderElection23] INFO  impl.RoleInfo (RoleInfo.java:updateAndGet(139)) - 2800087d-98cc-4731-8fb3-504dcca9d3e0: start 2800087d-98cc-4731-8fb3-504dcca9d3e0@group-049AE56A0932-LeaderStateImpl
2024-01-26 13:20:19,338 [2800087d-98cc-4731-8fb3-504dcca9d3e0@group-049AE56A0932-LeaderElection23] INFO  server.RaftServer$Division (RaftServerImpl.java:setFirstElection(574)) - 2800087d-98cc-4731-8fb3-504dcca9d3e0@group-049AE56A0932: set firstElectionSinceStartup to false for becomeLeader
2024-01-26 13:20:19,338 [2800087d-98cc-4731-8fb3-504dcca9d3e0@group-049AE56A0932-LeaderElection23] INFO  ratis.XceiverServerRatis (XceiverServerRatis.java:handleLeaderChangedNotification(945)) - Leader change notification received for group: group-049AE56A0932 with new leaderId: 2800087d-98cc-4731-8fb3-504dcca9d3e0
2024-01-26 13:20:19,338 [2800087d-98cc-4731-8fb3-504dcca9d3e0@group-049AE56A0932-LeaderElection23] INFO  server.RaftServer$Division (ServerState.java:setLeader(269)) - 2800087d-98cc-4731-8fb3-504dcca9d3e0@group-049AE56A0932: change Leader from null to 2800087d-98cc-4731-8fb3-504dcca9d3e0 at term 1 for becomeLeader, leader elected after 5148ms
2024-01-26 13:20:19,338 [2800087d-98cc-4731-8fb3-504dcca9d3e0@group-049AE56A0932-LeaderElection23] INFO  segmented.SegmentedRaftLogWorker (SegmentedRaftLogWorker.java:startLogSegment(430)) - 2800087d-98cc-4731-8fb3-504dcca9d3e0@group-049AE56A0932-SegmentedRaftLogWorker: Starting segment from index:0
2024-01-26 13:20:19,339 [2800087d-98cc-4731-8fb3-504dcca9d3e0@group-049AE56A0932-SegmentedRaftLogWorker] INFO  segmented.BufferedWriteChannel (BufferedWriteChannel.java:open(62)) - open log_inprogress_0 at position 0
2024-01-26 13:20:19,342 [2800087d-98cc-4731-8fb3-504dcca9d3e0@group-049AE56A0932-LeaderElection23] INFO  server.RaftServer$Division (ServerState.java:setRaftConf(386)) - 2800087d-98cc-4731-8fb3-504dcca9d3e0@group-049AE56A0932: set configuration 0: peers:[2800087d-98cc-4731-8fb3-504dcca9d3e0|10.1.0.20:15121]|listeners:[], old=null
2024-01-26 13:20:19,346 [2800087d-98cc-4731-8fb3-504dcca9d3e0@group-049AE56A0932-SegmentedRaftLogWorker] INFO  segmented.SegmentedRaftLogWorker (SegmentedRaftLogWorker.java:execute(634)) - 2800087d-98cc-4731-8fb3-504dcca9d3e0@group-049AE56A0932-SegmentedRaftLogWorker: created new log segment /home/runner/work/ozone/ozone/hadoop-ozone/integration-test/target/test-dir/MiniOzoneClusterImpl-6bed2868-cd70-4a3d-a9ed-67052a48ddc2/datanode-2/data/ratis/866ce5d9-50a6-4396-a164-049ae56a0932/current/log_inprogress_0
2024-01-26 13:20:19,348 [2800087d-98cc-4731-8fb3-504dcca9d3e0@group-049AE56A0932-StateMachineUpdater] INFO  server.RaftServer$Division (LeaderStateImpl.java:isApplied(320)) - leader is ready since appliedIndex == 0 >= startIndex == 0
2024-01-26 13:20:19,417 [97e940e6-23da-4943-8422-3d5ca177be46@group-CB4B36940C79-FollowerState] INFO  impl.FollowerState (FollowerState.java:run(143)) - 97e940e6-23da-4943-8422-3d5ca177be46@group-CB4B36940C79-FollowerState: change to CANDIDATE, lastRpcElapsedTime:5067520179ns, electionTimeout:5066ms
2024-01-26 13:20:19,418 [97e940e6-23da-4943-8422-3d5ca177be46@group-CB4B36940C79-FollowerState] INFO  impl.RoleInfo (RoleInfo.java:shutdownFollowerState(110)) - 97e940e6-23da-4943-8422-3d5ca177be46: shutdown 97e940e6-23da-4943-8422-3d5ca177be46@group-CB4B36940C79-FollowerState
2024-01-26 13:20:19,418 [97e940e6-23da-4943-8422-3d5ca177be46@group-CB4B36940C79-FollowerState] INFO  server.RaftServer$Division (RaftServerImpl.java:setRole(383)) - 97e940e6-23da-4943-8422-3d5ca177be46@group-CB4B36940C79: changes role from  FOLLOWER to CANDIDATE at term 0 for changeToCandidate
2024-01-26 13:20:19,418 [97e940e6-23da-4943-8422-3d5ca177be46@group-CB4B36940C79-FollowerState] INFO  server.RaftServerConfigKeys (ConfUtils.java:logGet(46)) - raft.server.leaderelection.pre-vote = true (default)
2024-01-26 13:20:19,418 [97e940e6-23da-4943-8422-3d5ca177be46@group-CB4B36940C79-FollowerState] INFO  impl.RoleInfo (RoleInfo.java:updateAndGet(139)) - 97e940e6-23da-4943-8422-3d5ca177be46: start 97e940e6-23da-4943-8422-3d5ca177be46@group-CB4B36940C79-LeaderElection24
2024-01-26 13:20:19,420 [97e940e6-23da-4943-8422-3d5ca177be46@group-CB4B36940C79-LeaderElection24] INFO  impl.LeaderElection (LeaderElection.java:askForVotes(321)) - 97e940e6-23da-4943-8422-3d5ca177be46@group-CB4B36940C79-LeaderElection24 PRE_VOTE round 0: submit vote requests at term 0 for -1: peers:[97e940e6-23da-4943-8422-3d5ca177be46|10.1.0.20:15130]|listeners:[], old=null
2024-01-26 13:20:19,420 [97e940e6-23da-4943-8422-3d5ca177be46@group-CB4B36940C79-LeaderElection24] INFO  impl.LeaderElection (LeaderElection.java:askForVotes(323)) - 97e940e6-23da-4943-8422-3d5ca177be46@group-CB4B36940C79-LeaderElection24 PRE_VOTE round 0: result PASSED (term=0)
2024-01-26 13:20:19,421 [97e940e6-23da-4943-8422-3d5ca177be46@group-CB4B36940C79-LeaderElection24] INFO  impl.LeaderElection (LeaderElection.java:askForVotes(321)) - 97e940e6-23da-4943-8422-3d5ca177be46@group-CB4B36940C79-LeaderElection24 ELECTION round 0: submit vote requests at term 1 for -1: peers:[97e940e6-23da-4943-8422-3d5ca177be46|10.1.0.20:15130]|listeners:[], old=null
2024-01-26 13:20:19,421 [97e940e6-23da-4943-8422-3d5ca177be46@group-CB4B36940C79-LeaderElection24] INFO  impl.LeaderElection (LeaderElection.java:askForVotes(323)) - 97e940e6-23da-4943-8422-3d5ca177be46@group-CB4B36940C79-LeaderElection24 ELECTION round 0: result PASSED (term=1)
2024-01-26 13:20:19,421 [97e940e6-23da-4943-8422-3d5ca177be46@group-CB4B36940C79-LeaderElection24] INFO  impl.RoleInfo (RoleInfo.java:shutdownLeaderElection(130)) - 97e940e6-23da-4943-8422-3d5ca177be46: shutdown 97e940e6-23da-4943-8422-3d5ca177be46@group-CB4B36940C79-LeaderElection24
2024-01-26 13:20:19,421 [97e940e6-23da-4943-8422-3d5ca177be46@group-CB4B36940C79-LeaderElection24] INFO  server.RaftServer$Division (RaftServerImpl.java:setRole(383)) - 97e940e6-23da-4943-8422-3d5ca177be46@group-CB4B36940C79: changes role from CANDIDATE to LEADER at term 1 for changeToLeader
2024-01-26 13:20:19,421 [97e940e6-23da-4943-8422-3d5ca177be46@group-CB4B36940C79-LeaderElection24] INFO  server.RaftServerConfigKeys (ConfUtils.java:logGet(46)) - raft.server.staging.catchup.gap = 1000 (default)
2024-01-26 13:20:19,422 [97e940e6-23da-4943-8422-3d5ca177be46@group-CB4B36940C79-LeaderElection24] INFO  server.RaftServerConfigKeys (ConfUtils.java:logGet(46)) - raft.server.write.element-limit = 1024 (custom)
2024-01-26 13:20:19,422 [97e940e6-23da-4943-8422-3d5ca177be46@group-CB4B36940C79-LeaderElection24] INFO  server.RaftServerConfigKeys (ConfUtils.java:logGet(46)) - raft.server.write.byte-limit = 1024 M (=1073741824) (custom)
2024-01-26 13:20:19,422 [97e940e6-23da-4943-8422-3d5ca177be46@group-CB4B36940C79-LeaderElection24] INFO  server.RaftServerConfigKeys (ConfUtils.java:logGet(46)) - raft.server.watch.timeout = 3000ms (custom)
2024-01-26 13:20:19,422 [97e940e6-23da-4943-8422-3d5ca177be46@group-CB4B36940C79-LeaderElection24] INFO  server.RaftServerConfigKeys (ConfUtils.java:logGet(46)) - raft.server.watch.timeout.denomination = 1s (default)
2024-01-26 13:20:19,422 [97e940e6-23da-4943-8422-3d5ca177be46@group-CB4B36940C79-LeaderElection24] INFO  server.RaftServerConfigKeys (ConfUtils.java:logGet(46)) - raft.server.watch.element-limit = 65536 (default)
2024-01-26 13:20:19,422 [97e940e6-23da-4943-8422-3d5ca177be46@group-CB4B36940C79-LeaderElection24] INFO  server.RaftServerConfigKeys (ConfUtils.java:logGet(46)) - raft.server.read.leader.lease.enabled = false (default)
2024-01-26 13:20:19,422 [97e940e6-23da-4943-8422-3d5ca177be46@group-CB4B36940C79-LeaderElection24] INFO  server.RaftServerConfigKeys (ConfUtils.java:logGet(46)) - raft.server.read.leader.lease.timeout.ratio = 0.9 (default)
2024-01-26 13:20:19,422 [97e940e6-23da-4943-8422-3d5ca177be46@group-CB4B36940C79-LeaderElection24] INFO  server.RaftServerConfigKeys (ConfUtils.java:logGet(46)) - raft.server.rpc.timeout.min = 5s (custom)
2024-01-26 13:20:19,422 [97e940e6-23da-4943-8422-3d5ca177be46@group-CB4B36940C79-LeaderElection24] INFO  server.RaftServerConfigKeys (ConfUtils.java:logGet(46)) - raft.server.write.element-limit = 1024 (custom)
2024-01-26 13:20:19,422 [97e940e6-23da-4943-8422-3d5ca177be46@group-CB4B36940C79-LeaderElection24] INFO  server.RaftServerConfigKeys (ConfUtils.java:logGet(46)) - raft.server.write.follower.gap.ratio.max = -1.0 (default)
2024-01-26 13:20:19,423 [97e940e6-23da-4943-8422-3d5ca177be46@group-CB4B36940C79-LeaderElection24] INFO  impl.RoleInfo (RoleInfo.java:updateAndGet(139)) - 97e940e6-23da-4943-8422-3d5ca177be46: start 97e940e6-23da-4943-8422-3d5ca177be46@group-CB4B36940C79-LeaderStateImpl
2024-01-26 13:20:19,423 [97e940e6-23da-4943-8422-3d5ca177be46@group-CB4B36940C79-LeaderElection24] INFO  server.RaftServer$Division (RaftServerImpl.java:setFirstElection(574)) - 97e940e6-23da-4943-8422-3d5ca177be46@group-CB4B36940C79: set firstElectionSinceStartup to false for becomeLeader
2024-01-26 13:20:19,423 [97e940e6-23da-4943-8422-3d5ca177be46@group-CB4B36940C79-LeaderElection24] INFO  ratis.XceiverServerRatis (XceiverServerRatis.java:handleLeaderChangedNotification(945)) - Leader change notification received for group: group-CB4B36940C79 with new leaderId: 97e940e6-23da-4943-8422-3d5ca177be46
2024-01-26 13:20:19,423 [97e940e6-23da-4943-8422-3d5ca177be46@group-CB4B36940C79-LeaderElection24] INFO  server.RaftServer$Division (ServerState.java:setLeader(269)) - 97e940e6-23da-4943-8422-3d5ca177be46@group-CB4B36940C79: change Leader from null to 97e940e6-23da-4943-8422-3d5ca177be46 at term 1 for becomeLeader, leader elected after 5087ms
2024-01-26 13:20:19,423 [97e940e6-23da-4943-8422-3d5ca177be46@group-CB4B36940C79-LeaderElection24] INFO  segmented.SegmentedRaftLogWorker (SegmentedRaftLogWorker.java:startLogSegment(430)) - 97e940e6-23da-4943-8422-3d5ca177be46@group-CB4B36940C79-SegmentedRaftLogWorker: Starting segment from index:0
2024-01-26 13:20:19,424 [97e940e6-23da-4943-8422-3d5ca177be46@group-CB4B36940C79-LeaderElection24] INFO  server.RaftServer$Division (ServerState.java:setRaftConf(386)) - 97e940e6-23da-4943-8422-3d5ca177be46@group-CB4B36940C79: set configuration 0: peers:[97e940e6-23da-4943-8422-3d5ca177be46|10.1.0.20:15130]|listeners:[], old=null
2024-01-26 13:20:19,425 [97e940e6-23da-4943-8422-3d5ca177be46@group-CB4B36940C79-SegmentedRaftLogWorker] INFO  segmented.BufferedWriteChannel (BufferedWriteChannel.java:open(62)) - open log_inprogress_0 at position 0
2024-01-26 13:20:19,432 [97e940e6-23da-4943-8422-3d5ca177be46@group-CB4B36940C79-SegmentedRaftLogWorker] INFO  segmented.SegmentedRaftLogWorker (SegmentedRaftLogWorker.java:execute(634)) - 97e940e6-23da-4943-8422-3d5ca177be46@group-CB4B36940C79-SegmentedRaftLogWorker: created new log segment /home/runner/work/ozone/ozone/hadoop-ozone/integration-test/target/test-dir/MiniOzoneClusterImpl-6bed2868-cd70-4a3d-a9ed-67052a48ddc2/datanode-3/data/ratis/9f37c904-b19c-47af-a700-cb4b36940c79/current/log_inprogress_0
2024-01-26 13:20:19,433 [97e940e6-23da-4943-8422-3d5ca177be46@group-CB4B36940C79-StateMachineUpdater] INFO  server.RaftServer$Division (LeaderStateImpl.java:isApplied(320)) - leader is ready since appliedIndex == 0 >= startIndex == 0
2024-01-26 13:20:19,435 [3245821d-006a-4b2e-a5ee-2fe443b67b2f@group-5BE1FB646630-FollowerState] INFO  impl.FollowerState (FollowerState.java:run(143)) - 3245821d-006a-4b2e-a5ee-2fe443b67b2f@group-5BE1FB646630-FollowerState: change to CANDIDATE, lastRpcElapsedTime:5010256315ns, electionTimeout:5009ms
2024-01-26 13:20:19,435 [3245821d-006a-4b2e-a5ee-2fe443b67b2f@group-5BE1FB646630-FollowerState] INFO  impl.RoleInfo (RoleInfo.java:shutdownFollowerState(110)) - 3245821d-006a-4b2e-a5ee-2fe443b67b2f: shutdown 3245821d-006a-4b2e-a5ee-2fe443b67b2f@group-5BE1FB646630-FollowerState
2024-01-26 13:20:19,435 [3245821d-006a-4b2e-a5ee-2fe443b67b2f@group-5BE1FB646630-FollowerState] INFO  server.RaftServer$Division (RaftServerImpl.java:setRole(383)) - 3245821d-006a-4b2e-a5ee-2fe443b67b2f@group-5BE1FB646630: changes role from  FOLLOWER to CANDIDATE at term 0 for changeToCandidate
2024-01-26 13:20:19,435 [3245821d-006a-4b2e-a5ee-2fe443b67b2f@group-5BE1FB646630-FollowerState] INFO  server.RaftServerConfigKeys (ConfUtils.java:logGet(46)) - raft.server.leaderelection.pre-vote = true (default)
2024-01-26 13:20:19,435 [3245821d-006a-4b2e-a5ee-2fe443b67b2f@group-5BE1FB646630-FollowerState] INFO  impl.RoleInfo (RoleInfo.java:updateAndGet(139)) - 3245821d-006a-4b2e-a5ee-2fe443b67b2f: start 3245821d-006a-4b2e-a5ee-2fe443b67b2f@group-5BE1FB646630-LeaderElection25
2024-01-26 13:20:19,437 [3245821d-006a-4b2e-a5ee-2fe443b67b2f@group-5BE1FB646630-LeaderElection25] INFO  impl.LeaderElection (LeaderElection.java:askForVotes(321)) - 3245821d-006a-4b2e-a5ee-2fe443b67b2f@group-5BE1FB646630-LeaderElection25 PRE_VOTE round 0: submit vote requests at term 0 for -1: peers:[fed085ba-920d-45a3-8aa6-0ed8c2482a63|10.1.0.20:15139, 3245821d-006a-4b2e-a5ee-2fe443b67b2f|10.1.0.20:15148, 97e940e6-23da-4943-8422-3d5ca177be46|10.1.0.20:15130]|listeners:[], old=null
2024-01-26 13:20:19,438 [3245821d-006a-4b2e-a5ee-2fe443b67b2f@group-5BE1FB646630-LeaderElection25] INFO  server.RaftServerConfigKeys (ConfUtils.java:logFallback(53)) - raft.server.rpc.first-election.timeout.min = 5s (fallback to raft.server.rpc.timeout.min)
2024-01-26 13:20:19,438 [3245821d-006a-4b2e-a5ee-2fe443b67b2f@group-5BE1FB646630-LeaderElection25-1] INFO  server.GrpcServerProtocolClient (GrpcServerProtocolClient.java:<init>(65)) - Build channel for fed085ba-920d-45a3-8aa6-0ed8c2482a63|10.1.0.20:15139
2024-01-26 13:20:19,438 [3245821d-006a-4b2e-a5ee-2fe443b67b2f@group-5BE1FB646630-LeaderElection25] INFO  server.RaftServerConfigKeys (ConfUtils.java:logFallback(53)) - raft.server.rpc.first-election.timeout.max = 5200ms (fallback to raft.server.rpc.timeout.max)
2024-01-26 13:20:19,439 [3245821d-006a-4b2e-a5ee-2fe443b67b2f@group-5BE1FB646630-LeaderElection25-2] INFO  server.GrpcServerProtocolClient (GrpcServerProtocolClient.java:<init>(65)) - Build channel for 97e940e6-23da-4943-8422-3d5ca177be46|10.1.0.20:15130
2024-01-26 13:20:19,444 [grpc-default-executor-3] INFO  server.RaftServer$Division (RaftServerImpl.java:requestVote(1389)) - 97e940e6-23da-4943-8422-3d5ca177be46@group-5BE1FB646630: receive requestVote(PRE_VOTE, 3245821d-006a-4b2e-a5ee-2fe443b67b2f, group-5BE1FB646630, 0, (t:0, i:0))
2024-01-26 13:20:19,444 [grpc-default-executor-3] INFO  impl.VoteContext (VoteContext.java:log(49)) - 97e940e6-23da-4943-8422-3d5ca177be46@group-5BE1FB646630-FOLLOWER: accept PRE_VOTE from 3245821d-006a-4b2e-a5ee-2fe443b67b2f: our priority 0 <= candidate's priority 0
2024-01-26 13:20:19,444 [grpc-default-executor-3] INFO  server.RaftServer$Division (RaftServerImpl.java:requestVote(1422)) - 97e940e6-23da-4943-8422-3d5ca177be46@group-5BE1FB646630 replies to PRE_VOTE vote request: 3245821d-006a-4b2e-a5ee-2fe443b67b2f<-97e940e6-23da-4943-8422-3d5ca177be46#0:OK-t0. Peer's state: 97e940e6-23da-4943-8422-3d5ca177be46@group-5BE1FB646630:t0, leader=null, voted=, raftlog=Memoized:97e940e6-23da-4943-8422-3d5ca177be46@group-5BE1FB646630-SegmentedRaftLog:OPENED:c-1, conf=-1: peers:[fed085ba-920d-45a3-8aa6-0ed8c2482a63|10.1.0.20:15139, 3245821d-006a-4b2e-a5ee-2fe443b67b2f|10.1.0.20:15148, 97e940e6-23da-4943-8422-3d5ca177be46|10.1.0.20:15130]|listeners:[], old=null
2024-01-26 13:20:19,447 [grpc-default-executor-3] INFO  server.RaftServer$Division (RaftServerImpl.java:requestVote(1389)) - fed085ba-920d-45a3-8aa6-0ed8c2482a63@group-5BE1FB646630: receive requestVote(PRE_VOTE, 3245821d-006a-4b2e-a5ee-2fe443b67b2f, group-5BE1FB646630, 0, (t:0, i:0))
2024-01-26 13:20:19,447 [grpc-default-executor-3] INFO  impl.VoteContext (VoteContext.java:log(49)) - fed085ba-920d-45a3-8aa6-0ed8c2482a63@group-5BE1FB646630-FOLLOWER: reject PRE_VOTE from 3245821d-006a-4b2e-a5ee-2fe443b67b2f: our priority 1 > candidate's priority 0
2024-01-26 13:20:19,447 [grpc-default-executor-3] INFO  server.RaftServer$Division (RaftServerImpl.java:requestVote(1422)) - fed085ba-920d-45a3-8aa6-0ed8c2482a63@group-5BE1FB646630 replies to PRE_VOTE vote request: 3245821d-006a-4b2e-a5ee-2fe443b67b2f<-fed085ba-920d-45a3-8aa6-0ed8c2482a63#0:FAIL-t0. Peer's state: fed085ba-920d-45a3-8aa6-0ed8c2482a63@group-5BE1FB646630:t0, leader=null, voted=, raftlog=Memoized:fed085ba-920d-45a3-8aa6-0ed8c2482a63@group-5BE1FB646630-SegmentedRaftLog:OPENED:c-1, conf=-1: peers:[fed085ba-920d-45a3-8aa6-0ed8c2482a63|10.1.0.20:15139, 3245821d-006a-4b2e-a5ee-2fe443b67b2f|10.1.0.20:15148, 97e940e6-23da-4943-8422-3d5ca177be46|10.1.0.20:15130]|listeners:[], old=null
2024-01-26 13:20:19,448 [3245821d-006a-4b2e-a5ee-2fe443b67b2f@group-5BE1FB646630-LeaderElection25] INFO  impl.LeaderElection (LeaderElection.java:logAndReturn(89)) - 3245821d-006a-4b2e-a5ee-2fe443b67b2f@group-5BE1FB646630-LeaderElection25: PRE_VOTE REJECTED received 2 response(s) and 0 exception(s):
2024-01-26 13:20:19,448 [3245821d-006a-4b2e-a5ee-2fe443b67b2f@group-5BE1FB646630-LeaderElection25] INFO  impl.LeaderElection (LeaderElection.java:logAndReturn(93)) -   Response 0: 3245821d-006a-4b2e-a5ee-2fe443b67b2f<-fed085ba-920d-45a3-8aa6-0ed8c2482a63#0:FAIL-t0
2024-01-26 13:20:19,448 [3245821d-006a-4b2e-a5ee-2fe443b67b2f@group-5BE1FB646630-LeaderElection25] INFO  impl.LeaderElection (LeaderElection.java:logAndReturn(93)) -   Response 1: 3245821d-006a-4b2e-a5ee-2fe443b67b2f<-97e940e6-23da-4943-8422-3d5ca177be46#0:OK-t0
2024-01-26 13:20:19,449 [3245821d-006a-4b2e-a5ee-2fe443b67b2f@group-5BE1FB646630-LeaderElection25] INFO  impl.LeaderElection (LeaderElection.java:askForVotes(323)) - 3245821d-006a-4b2e-a5ee-2fe443b67b2f@group-5BE1FB646630-LeaderElection25 PRE_VOTE round 0: result REJECTED
2024-01-26 13:20:19,449 [3245821d-006a-4b2e-a5ee-2fe443b67b2f@group-5BE1FB646630-LeaderElection25] INFO  server.RaftServer$Division (RaftServerImpl.java:setRole(383)) - 3245821d-006a-4b2e-a5ee-2fe443b67b2f@group-5BE1FB646630: changes role from CANDIDATE to FOLLOWER at term 0 for REJECTED
2024-01-26 13:20:19,449 [3245821d-006a-4b2e-a5ee-2fe443b67b2f@group-5BE1FB646630-LeaderElection25] INFO  impl.RoleInfo (RoleInfo.java:shutdownLeaderElection(130)) - 3245821d-006a-4b2e-a5ee-2fe443b67b2f: shutdown 3245821d-006a-4b2e-a5ee-2fe443b67b2f@group-5BE1FB646630-LeaderElection25
2024-01-26 13:20:19,449 [3245821d-006a-4b2e-a5ee-2fe443b67b2f@group-5BE1FB646630-LeaderElection25] INFO  impl.RoleInfo (RoleInfo.java:updateAndGet(139)) - 3245821d-006a-4b2e-a5ee-2fe443b67b2f: start 3245821d-006a-4b2e-a5ee-2fe443b67b2f@group-5BE1FB646630-FollowerState
2024-01-26 13:20:19,449 [3245821d-006a-4b2e-a5ee-2fe443b67b2f@group-5BE1FB646630-LeaderElection25] INFO  server.RaftServer$Division (RaftServerImpl.java:setFirstElection(574)) - 3245821d-006a-4b2e-a5ee-2fe443b67b2f@group-5BE1FB646630: set firstElectionSinceStartup to false for REJECTED
2024-01-26 13:20:19,485 [fed085ba-920d-45a3-8aa6-0ed8c2482a63@group-5BE1FB646630-FollowerState] INFO  impl.FollowerState (FollowerState.java:run(143)) - fed085ba-920d-45a3-8aa6-0ed8c2482a63@group-5BE1FB646630-FollowerState: change to CANDIDATE, lastRpcElapsedTime:5092236951ns, electionTimeout:5091ms
2024-01-26 13:20:19,485 [fed085ba-920d-45a3-8aa6-0ed8c2482a63@group-5BE1FB646630-FollowerState] INFO  impl.RoleInfo (RoleInfo.java:shutdownFollowerState(110)) - fed085ba-920d-45a3-8aa6-0ed8c2482a63: shutdown fed085ba-920d-45a3-8aa6-0ed8c2482a63@group-5BE1FB646630-FollowerState
2024-01-26 13:20:19,485 [fed085ba-920d-45a3-8aa6-0ed8c2482a63@group-5BE1FB646630-FollowerState] INFO  server.RaftServer$Division (RaftServerImpl.java:setRole(383)) - fed085ba-920d-45a3-8aa6-0ed8c2482a63@group-5BE1FB646630: changes role from  FOLLOWER to CANDIDATE at term 0 for changeToCandidate
2024-01-26 13:20:19,485 [fed085ba-920d-45a3-8aa6-0ed8c2482a63@group-5BE1FB646630-FollowerState] INFO  server.RaftServerConfigKeys (ConfUtils.java:logGet(46)) - raft.server.leaderelection.pre-vote = true (default)
2024-01-26 13:20:19,485 [fed085ba-920d-45a3-8aa6-0ed8c2482a63@group-5BE1FB646630-FollowerState] INFO  impl.RoleInfo (RoleInfo.java:updateAndGet(139)) - fed085ba-920d-45a3-8aa6-0ed8c2482a63: start fed085ba-920d-45a3-8aa6-0ed8c2482a63@group-5BE1FB646630-LeaderElection26
2024-01-26 13:20:19,486 [fed085ba-920d-45a3-8aa6-0ed8c2482a63@group-5BE1FB646630-LeaderElection26] INFO  impl.LeaderElection (LeaderElection.java:askForVotes(321)) - fed085ba-920d-45a3-8aa6-0ed8c2482a63@group-5BE1FB646630-LeaderElection26 PRE_VOTE round 0: submit vote requests at term 0 for -1: peers:[fed085ba-920d-45a3-8aa6-0ed8c2482a63|10.1.0.20:15139, 3245821d-006a-4b2e-a5ee-2fe443b67b2f|10.1.0.20:15148, 97e940e6-23da-4943-8422-3d5ca177be46|10.1.0.20:15130]|listeners:[], old=null
2024-01-26 13:20:19,486 [fed085ba-920d-45a3-8aa6-0ed8c2482a63@group-5BE1FB646630-LeaderElection26-1] INFO  server.GrpcServerProtocolClient (GrpcServerProtocolClient.java:<init>(65)) - Build channel for 3245821d-006a-4b2e-a5ee-2fe443b67b2f|10.1.0.20:15148
2024-01-26 13:20:19,486 [fed085ba-920d-45a3-8aa6-0ed8c2482a63@group-5BE1FB646630-LeaderElection26-2] INFO  server.GrpcServerProtocolClient (GrpcServerProtocolClient.java:<init>(65)) - Build channel for 97e940e6-23da-4943-8422-3d5ca177be46|10.1.0.20:15130
2024-01-26 13:20:19,486 [fed085ba-920d-45a3-8aa6-0ed8c2482a63@group-5BE1FB646630-LeaderElection26] INFO  server.RaftServerConfigKeys (ConfUtils.java:logFallback(53)) - raft.server.rpc.first-election.timeout.min = 5s (fallback to raft.server.rpc.timeout.min)
2024-01-26 13:20:19,487 [fed085ba-920d-45a3-8aa6-0ed8c2482a63@group-5BE1FB646630-LeaderElection26] INFO  server.RaftServerConfigKeys (ConfUtils.java:logFallback(53)) - raft.server.rpc.first-election.timeout.max = 5200ms (fallback to raft.server.rpc.timeout.max)
2024-01-26 13:20:19,495 [grpc-default-executor-0] INFO  server.RaftServer$Division (RaftServerImpl.java:requestVote(1389)) - 3245821d-006a-4b2e-a5ee-2fe443b67b2f@group-5BE1FB646630: receive requestVote(PRE_VOTE, fed085ba-920d-45a3-8aa6-0ed8c2482a63, group-5BE1FB646630, 0, (t:0, i:0))
2024-01-26 13:20:19,495 [grpc-default-executor-3] INFO  server.RaftServer$Division (RaftServerImpl.java:requestVote(1389)) - 97e940e6-23da-4943-8422-3d5ca177be46@group-5BE1FB646630: receive requestVote(PRE_VOTE, fed085ba-920d-45a3-8aa6-0ed8c2482a63, group-5BE1FB646630, 0, (t:0, i:0))
2024-01-26 13:20:19,495 [grpc-default-executor-0] INFO  impl.VoteContext (VoteContext.java:log(49)) - 3245821d-006a-4b2e-a5ee-2fe443b67b2f@group-5BE1FB646630-FOLLOWER: accept PRE_VOTE from fed085ba-920d-45a3-8aa6-0ed8c2482a63: our priority 0 <= candidate's priority 1
2024-01-26 13:20:19,495 [grpc-default-executor-3] INFO  impl.VoteContext (VoteContext.java:log(49)) - 97e940e6-23da-4943-8422-3d5ca177be46@group-5BE1FB646630-FOLLOWER: accept PRE_VOTE from fed085ba-920d-45a3-8aa6-0ed8c2482a63: our priority 0 <= candidate's priority 1
2024-01-26 13:20:19,495 [grpc-default-executor-0] INFO  server.RaftServer$Division (RaftServerImpl.java:requestVote(1422)) - 3245821d-006a-4b2e-a5ee-2fe443b67b2f@group-5BE1FB646630 replies to PRE_VOTE vote request: fed085ba-920d-45a3-8aa6-0ed8c2482a63<-3245821d-006a-4b2e-a5ee-2fe443b67b2f#0:OK-t0. Peer's state: 3245821d-006a-4b2e-a5ee-2fe443b67b2f@group-5BE1FB646630:t0, leader=null, voted=, raftlog=Memoized:3245821d-006a-4b2e-a5ee-2fe443b67b2f@group-5BE1FB646630-SegmentedRaftLog:OPENED:c-1, conf=-1: peers:[fed085ba-920d-45a3-8aa6-0ed8c2482a63|10.1.0.20:15139, 3245821d-006a-4b2e-a5ee-2fe443b67b2f|10.1.0.20:15148, 97e940e6-23da-4943-8422-3d5ca177be46|10.1.0.20:15130]|listeners:[], old=null
2024-01-26 13:20:19,495 [grpc-default-executor-3] INFO  server.RaftServer$Division (RaftServerImpl.java:requestVote(1422)) - 97e940e6-23da-4943-8422-3d5ca177be46@group-5BE1FB646630 replies to PRE_VOTE vote request: fed085ba-920d-45a3-8aa6-0ed8c2482a63<-97e940e6-23da-4943-8422-3d5ca177be46#0:OK-t0. Peer's state: 97e940e6-23da-4943-8422-3d5ca177be46@group-5BE1FB646630:t0, leader=null, voted=, raftlog=Memoized:97e940e6-23da-4943-8422-3d5ca177be46@group-5BE1FB646630-SegmentedRaftLog:OPENED:c-1, conf=-1: peers:[fed085ba-920d-45a3-8aa6-0ed8c2482a63|10.1.0.20:15139, 3245821d-006a-4b2e-a5ee-2fe443b67b2f|10.1.0.20:15148, 97e940e6-23da-4943-8422-3d5ca177be46|10.1.0.20:15130]|listeners:[], old=null
2024-01-26 13:20:19,496 [fed085ba-920d-45a3-8aa6-0ed8c2482a63@group-5BE1FB646630-LeaderElection26] INFO  impl.LeaderElection (LeaderElection.java:logAndReturn(89)) - fed085ba-920d-45a3-8aa6-0ed8c2482a63@group-5BE1FB646630-LeaderElection26: PRE_VOTE PASSED received 1 response(s) and 0 exception(s):
2024-01-26 13:20:19,497 [fed085ba-920d-45a3-8aa6-0ed8c2482a63@group-5BE1FB646630-LeaderElection26] INFO  impl.LeaderElection (LeaderElection.java:logAndReturn(93)) -   Response 0: fed085ba-920d-45a3-8aa6-0ed8c2482a63<-3245821d-006a-4b2e-a5ee-2fe443b67b2f#0:OK-t0
2024-01-26 13:20:19,497 [fed085ba-920d-45a3-8aa6-0ed8c2482a63@group-5BE1FB646630-LeaderElection26] INFO  impl.LeaderElection (LeaderElection.java:askForVotes(323)) - fed085ba-920d-45a3-8aa6-0ed8c2482a63@group-5BE1FB646630-LeaderElection26 PRE_VOTE round 0: result PASSED
2024-01-26 13:20:19,498 [fed085ba-920d-45a3-8aa6-0ed8c2482a63@group-5BE1FB646630-LeaderElection26] INFO  impl.LeaderElection (LeaderElection.java:askForVotes(321)) - fed085ba-920d-45a3-8aa6-0ed8c2482a63@group-5BE1FB646630-LeaderElection26 ELECTION round 0: submit vote requests at term 1 for -1: peers:[fed085ba-920d-45a3-8aa6-0ed8c2482a63|10.1.0.20:15139, 3245821d-006a-4b2e-a5ee-2fe443b67b2f|10.1.0.20:15148, 97e940e6-23da-4943-8422-3d5ca177be46|10.1.0.20:15130]|listeners:[], old=null
2024-01-26 13:20:19,498 [fed085ba-920d-45a3-8aa6-0ed8c2482a63@group-5BE1FB646630-LeaderElection26] INFO  server.RaftServerConfigKeys (ConfUtils.java:logFallback(53)) - raft.server.rpc.first-election.timeout.min = 5s (fallback to raft.server.rpc.timeout.min)
2024-01-26 13:20:19,498 [fed085ba-920d-45a3-8aa6-0ed8c2482a63@group-5BE1FB646630-LeaderElection26] INFO  server.RaftServerConfigKeys (ConfUtils.java:logFallback(53)) - raft.server.rpc.first-election.timeout.max = 5200ms (fallback to raft.server.rpc.timeout.max)
2024-01-26 13:20:19,499 [grpc-default-executor-0] INFO  server.RaftServer$Division (RaftServerImpl.java:requestVote(1389)) - 3245821d-006a-4b2e-a5ee-2fe443b67b2f@group-5BE1FB646630: receive requestVote(ELECTION, fed085ba-920d-45a3-8aa6-0ed8c2482a63, group-5BE1FB646630, 1, (t:0, i:0))
2024-01-26 13:20:19,499 [grpc-default-executor-0] INFO  impl.VoteContext (VoteContext.java:log(49)) - 3245821d-006a-4b2e-a5ee-2fe443b67b2f@group-5BE1FB646630-FOLLOWER: accept ELECTION from fed085ba-920d-45a3-8aa6-0ed8c2482a63: our priority 0 <= candidate's priority 1
2024-01-26 13:20:19,499 [grpc-default-executor-0] INFO  server.RaftServer$Division (RaftServerImpl.java:setRole(383)) - 3245821d-006a-4b2e-a5ee-2fe443b67b2f@group-5BE1FB646630: changes role from  FOLLOWER to FOLLOWER at term 1 for candidate:fed085ba-920d-45a3-8aa6-0ed8c2482a63
2024-01-26 13:20:19,499 [grpc-default-executor-0] INFO  impl.RoleInfo (RoleInfo.java:shutdownFollowerState(110)) - 3245821d-006a-4b2e-a5ee-2fe443b67b2f: shutdown 3245821d-006a-4b2e-a5ee-2fe443b67b2f@group-5BE1FB646630-FollowerState
2024-01-26 13:20:19,499 [grpc-default-executor-0] INFO  impl.RoleInfo (RoleInfo.java:updateAndGet(139)) - 3245821d-006a-4b2e-a5ee-2fe443b67b2f: start 3245821d-006a-4b2e-a5ee-2fe443b67b2f@group-5BE1FB646630-FollowerState
2024-01-26 13:20:19,499 [3245821d-006a-4b2e-a5ee-2fe443b67b2f@group-5BE1FB646630-FollowerState] INFO  impl.FollowerState (FollowerState.java:run(152)) - 3245821d-006a-4b2e-a5ee-2fe443b67b2f@group-5BE1FB646630-FollowerState was interrupted
2024-01-26 13:20:19,500 [grpc-default-executor-3] INFO  server.RaftServer$Division (RaftServerImpl.java:requestVote(1389)) - 97e940e6-23da-4943-8422-3d5ca177be46@group-5BE1FB646630: receive requestVote(ELECTION, fed085ba-920d-45a3-8aa6-0ed8c2482a63, group-5BE1FB646630, 1, (t:0, i:0))
2024-01-26 13:20:19,500 [grpc-default-executor-3] INFO  impl.VoteContext (VoteContext.java:log(49)) - 97e940e6-23da-4943-8422-3d5ca177be46@group-5BE1FB646630-FOLLOWER: accept ELECTION from fed085ba-920d-45a3-8aa6-0ed8c2482a63: our priority 0 <= candidate's priority 1
2024-01-26 13:20:19,500 [grpc-default-executor-3] INFO  server.RaftServer$Division (RaftServerImpl.java:setRole(383)) - 97e940e6-23da-4943-8422-3d5ca177be46@group-5BE1FB646630: changes role from  FOLLOWER to FOLLOWER at term 1 for candidate:fed085ba-920d-45a3-8aa6-0ed8c2482a63
2024-01-26 13:20:19,500 [grpc-default-executor-3] INFO  impl.RoleInfo (RoleInfo.java:shutdownFollowerState(110)) - 97e940e6-23da-4943-8422-3d5ca177be46: shutdown 97e940e6-23da-4943-8422-3d5ca177be46@group-5BE1FB646630-FollowerState
2024-01-26 13:20:19,501 [grpc-default-executor-3] INFO  impl.RoleInfo (RoleInfo.java:updateAndGet(139)) - 97e940e6-23da-4943-8422-3d5ca177be46: start 97e940e6-23da-4943-8422-3d5ca177be46@group-5BE1FB646630-FollowerState
2024-01-26 13:20:19,501 [97e940e6-23da-4943-8422-3d5ca177be46@group-5BE1FB646630-FollowerState] INFO  impl.FollowerState (FollowerState.java:run(152)) - 97e940e6-23da-4943-8422-3d5ca177be46@group-5BE1FB646630-FollowerState was interrupted
2024-01-26 13:20:19,501 [grpc-default-executor-3] INFO  server.RaftServer$Division (RaftServerImpl.java:setFirstElection(574)) - 97e940e6-23da-4943-8422-3d5ca177be46@group-5BE1FB646630: set firstElectionSinceStartup to false for candidate:fed085ba-920d-45a3-8aa6-0ed8c2482a63
2024-01-26 13:20:19,505 [grpc-default-executor-3] INFO  server.RaftServer$Division (RaftServerImpl.java:requestVote(1422)) - 97e940e6-23da-4943-8422-3d5ca177be46@group-5BE1FB646630 replies to ELECTION vote request: fed085ba-920d-45a3-8aa6-0ed8c2482a63<-97e940e6-23da-4943-8422-3d5ca177be46#0:OK-t1. Peer's state: 97e940e6-23da-4943-8422-3d5ca177be46@group-5BE1FB646630:t1, leader=null, voted=fed085ba-920d-45a3-8aa6-0ed8c2482a63, raftlog=Memoized:97e940e6-23da-4943-8422-3d5ca177be46@group-5BE1FB646630-SegmentedRaftLog:OPENED:c-1, conf=-1: peers:[fed085ba-920d-45a3-8aa6-0ed8c2482a63|10.1.0.20:15139, 3245821d-006a-4b2e-a5ee-2fe443b67b2f|10.1.0.20:15148, 97e940e6-23da-4943-8422-3d5ca177be46|10.1.0.20:15130]|listeners:[], old=null
2024-01-26 13:20:19,505 [grpc-default-executor-0] INFO  server.RaftServer$Division (RaftServerImpl.java:requestVote(1422)) - 3245821d-006a-4b2e-a5ee-2fe443b67b2f@group-5BE1FB646630 replies to ELECTION vote request: fed085ba-920d-45a3-8aa6-0ed8c2482a63<-3245821d-006a-4b2e-a5ee-2fe443b67b2f#0:OK-t1. Peer's state: 3245821d-006a-4b2e-a5ee-2fe443b67b2f@group-5BE1FB646630:t1, leader=null, voted=fed085ba-920d-45a3-8aa6-0ed8c2482a63, raftlog=Memoized:3245821d-006a-4b2e-a5ee-2fe443b67b2f@group-5BE1FB646630-SegmentedRaftLog:OPENED:c-1, conf=-1: peers:[fed085ba-920d-45a3-8aa6-0ed8c2482a63|10.1.0.20:15139, 3245821d-006a-4b2e-a5ee-2fe443b67b2f|10.1.0.20:15148, 97e940e6-23da-4943-8422-3d5ca177be46|10.1.0.20:15130]|listeners:[], old=null
2024-01-26 13:20:19,506 [fed085ba-920d-45a3-8aa6-0ed8c2482a63@group-5BE1FB646630-LeaderElection26] INFO  impl.LeaderElection (LeaderElection.java:logAndReturn(89)) - fed085ba-920d-45a3-8aa6-0ed8c2482a63@group-5BE1FB646630-LeaderElection26: ELECTION PASSED received 1 response(s) and 0 exception(s):
2024-01-26 13:20:19,506 [fed085ba-920d-45a3-8aa6-0ed8c2482a63@group-5BE1FB646630-LeaderElection26] INFO  impl.LeaderElection (LeaderElection.java:logAndReturn(93)) -   Response 0: fed085ba-920d-45a3-8aa6-0ed8c2482a63<-97e940e6-23da-4943-8422-3d5ca177be46#0:OK-t1
2024-01-26 13:20:19,506 [fed085ba-920d-45a3-8aa6-0ed8c2482a63@group-5BE1FB646630-LeaderElection26] INFO  impl.LeaderElection (LeaderElection.java:askForVotes(323)) - fed085ba-920d-45a3-8aa6-0ed8c2482a63@group-5BE1FB646630-LeaderElection26 ELECTION round 0: result PASSED
2024-01-26 13:20:19,506 [fed085ba-920d-45a3-8aa6-0ed8c2482a63@group-5BE1FB646630-LeaderElection26] INFO  impl.RoleInfo (RoleInfo.java:shutdownLeaderElection(130)) - fed085ba-920d-45a3-8aa6-0ed8c2482a63: shutdown fed085ba-920d-45a3-8aa6-0ed8c2482a63@group-5BE1FB646630-LeaderElection26
2024-01-26 13:20:19,506 [fed085ba-920d-45a3-8aa6-0ed8c2482a63@group-5BE1FB646630-LeaderElection26] INFO  server.RaftServer$Division (RaftServerImpl.java:setRole(383)) - fed085ba-920d-45a3-8aa6-0ed8c2482a63@group-5BE1FB646630: changes role from CANDIDATE to LEADER at term 1 for changeToLeader
2024-01-26 13:20:19,506 [fed085ba-920d-45a3-8aa6-0ed8c2482a63@group-5BE1FB646630-LeaderElection26] INFO  server.RaftServerConfigKeys (ConfUtils.java:logGet(46)) - raft.server.staging.catchup.gap = 1000 (default)
2024-01-26 13:20:19,506 [fed085ba-920d-45a3-8aa6-0ed8c2482a63@group-5BE1FB646630-LeaderElection26] INFO  server.RaftServerConfigKeys (ConfUtils.java:logGet(46)) - raft.server.write.element-limit = 1024 (custom)
2024-01-26 13:20:19,506 [fed085ba-920d-45a3-8aa6-0ed8c2482a63@group-5BE1FB646630-LeaderElection26] INFO  server.RaftServerConfigKeys (ConfUtils.java:logGet(46)) - raft.server.write.byte-limit = 1024 M (=1073741824) (custom)
2024-01-26 13:20:19,506 [fed085ba-920d-45a3-8aa6-0ed8c2482a63@group-5BE1FB646630-LeaderElection26] INFO  server.RaftServerConfigKeys (ConfUtils.java:logGet(46)) - raft.server.watch.timeout = 3000ms (custom)
2024-01-26 13:20:19,507 [fed085ba-920d-45a3-8aa6-0ed8c2482a63@group-5BE1FB646630-LeaderElection26] INFO  server.RaftServerConfigKeys (ConfUtils.java:logGet(46)) - raft.server.watch.timeout.denomination = 1s (default)
2024-01-26 13:20:19,507 [fed085ba-920d-45a3-8aa6-0ed8c2482a63@group-5BE1FB646630-LeaderElection26] INFO  server.RaftServerConfigKeys (ConfUtils.java:logGet(46)) - raft.server.watch.element-limit = 65536 (default)
2024-01-26 13:20:19,507 [fed085ba-920d-45a3-8aa6-0ed8c2482a63@group-5BE1FB646630-LeaderElection26] INFO  server.RaftServerConfigKeys (ConfUtils.java:logGet(46)) - raft.server.read.leader.lease.enabled = false (default)
2024-01-26 13:20:19,507 [fed085ba-920d-45a3-8aa6-0ed8c2482a63@group-5BE1FB646630-LeaderElection26] INFO  server.RaftServerConfigKeys (ConfUtils.java:logGet(46)) - raft.server.read.leader.lease.timeout.ratio = 0.9 (default)
2024-01-26 13:20:19,507 [fed085ba-920d-45a3-8aa6-0ed8c2482a63@group-5BE1FB646630-LeaderElection26] INFO  server.RaftServerConfigKeys (ConfUtils.java:logGet(46)) - raft.server.rpc.timeout.min = 5s (custom)
2024-01-26 13:20:19,507 [fed085ba-920d-45a3-8aa6-0ed8c2482a63@group-5BE1FB646630-LeaderElection26] INFO  server.RaftServerConfigKeys (ConfUtils.java:logGet(46)) - raft.server.write.element-limit = 1024 (custom)
2024-01-26 13:20:19,507 [fed085ba-920d-45a3-8aa6-0ed8c2482a63@group-5BE1FB646630-LeaderElection26] INFO  server.RaftServerConfigKeys (ConfUtils.java:logGet(46)) - raft.server.write.follower.gap.ratio.max = -1.0 (default)
2024-01-26 13:20:19,508 [fed085ba-920d-45a3-8aa6-0ed8c2482a63@group-5BE1FB646630-LeaderElection26] INFO  server.RaftServerConfigKeys (ConfUtils.java:logGet(46)) - raft.server.log.appender.snapshot.chunk.size.max = 16MB (=16777216) (default)
2024-01-26 13:20:19,508 [fed085ba-920d-45a3-8aa6-0ed8c2482a63@group-5BE1FB646630-LeaderElection26] INFO  server.RaftServerConfigKeys (ConfUtils.java:logGet(46)) - raft.server.log.appender.buffer.byte-limit = 8388608 (custom)
2024-01-26 13:20:19,508 [fed085ba-920d-45a3-8aa6-0ed8c2482a63@group-5BE1FB646630-LeaderElection26] INFO  server.RaftServerConfigKeys (ConfUtils.java:logGet(46)) - raft.server.log.appender.buffer.element-limit = 1 (custom)
2024-01-26 13:20:19,508 [fed085ba-920d-45a3-8aa6-0ed8c2482a63@group-5BE1FB646630-LeaderElection26] INFO  server.RaftServerConfigKeys (ConfUtils.java:logGet(46)) - raft.server.log.appender.wait-time.min = 0ms (custom)
2024-01-26 13:20:19,508 [fed085ba-920d-45a3-8aa6-0ed8c2482a63@group-5BE1FB646630-LeaderElection26] INFO  grpc.GrpcConfigKeys (ConfUtils.java:logGet(46)) - raft.grpc.server.leader.outstanding.appends.max = 8 (default)
2024-01-26 13:20:19,508 [fed085ba-920d-45a3-8aa6-0ed8c2482a63@group-5BE1FB646630-LeaderElection26] INFO  server.RaftServerConfigKeys (ConfUtils.java:logGet(46)) - raft.server.rpc.request.timeout = 3000ms (default)
2024-01-26 13:20:19,508 [fed085ba-920d-45a3-8aa6-0ed8c2482a63@group-5BE1FB646630-LeaderElection26] INFO  grpc.GrpcConfigKeys (ConfUtils.java:logGet(46)) - raft.grpc.server.install_snapshot.request.element-limit = 8 (default)
2024-01-26 13:20:19,508 [fed085ba-920d-45a3-8aa6-0ed8c2482a63@group-5BE1FB646630-LeaderElection26] INFO  grpc.GrpcConfigKeys (ConfUtils.java:logGet(46)) - raft.grpc.server.install_snapshot.request.timeout = 3000ms (default)
2024-01-26 13:20:19,508 [fed085ba-920d-45a3-8aa6-0ed8c2482a63@group-5BE1FB646630-LeaderElection26] INFO  grpc.GrpcConfigKeys (ConfUtils.java:logGet(46)) - raft.grpc.server.log-message.batch.duration = 5s (default)
2024-01-26 13:20:19,508 [fed085ba-920d-45a3-8aa6-0ed8c2482a63@group-5BE1FB646630-LeaderElection26] INFO  server.RaftServerConfigKeys (ConfUtils.java:logGet(46)) - raft.server.log.appender.install.snapshot.enabled = false (custom)
2024-01-26 13:20:19,508 [fed085ba-920d-45a3-8aa6-0ed8c2482a63@group-5BE1FB646630-LeaderElection26] INFO  grpc.GrpcConfigKeys (ConfUtils.java:logGet(46)) - raft.grpc.server.heartbeat.channel = true (default)
2024-01-26 13:20:19,509 [fed085ba-920d-45a3-8aa6-0ed8c2482a63@group-5BE1FB646630-LeaderElection26] INFO  server.RaftServerConfigKeys (ConfUtils.java:logGet(46)) - raft.server.log.appender.snapshot.chunk.size.max = 16MB (=16777216) (default)
2024-01-26 13:20:19,509 [fed085ba-920d-45a3-8aa6-0ed8c2482a63@group-5BE1FB646630-LeaderElection26] INFO  server.RaftServerConfigKeys (ConfUtils.java:logGet(46)) - raft.server.log.appender.buffer.byte-limit = 8388608 (custom)
2024-01-26 13:20:19,509 [fed085ba-920d-45a3-8aa6-0ed8c2482a63@group-5BE1FB646630-LeaderElection26] INFO  server.RaftServerConfigKeys (ConfUtils.java:logGet(46)) - raft.server.log.appender.buffer.element-limit = 1 (custom)
2024-01-26 13:20:19,509 [fed085ba-920d-45a3-8aa6-0ed8c2482a63@group-5BE1FB646630-LeaderElection26] INFO  server.RaftServerConfigKeys (ConfUtils.java:logGet(46)) - raft.server.log.appender.wait-time.min = 0ms (custom)
2024-01-26 13:20:19,509 [fed085ba-920d-45a3-8aa6-0ed8c2482a63@group-5BE1FB646630-LeaderElection26] INFO  grpc.GrpcConfigKeys (ConfUtils.java:logGet(46)) - raft.grpc.server.leader.outstanding.appends.max = 8 (default)
2024-01-26 13:20:19,509 [fed085ba-920d-45a3-8aa6-0ed8c2482a63@group-5BE1FB646630-LeaderElection26] INFO  server.RaftServerConfigKeys (ConfUtils.java:logGet(46)) - raft.server.rpc.request.timeout = 3000ms (default)
2024-01-26 13:20:19,509 [fed085ba-920d-45a3-8aa6-0ed8c2482a63@group-5BE1FB646630-LeaderElection26] INFO  grpc.GrpcConfigKeys (ConfUtils.java:logGet(46)) - raft.grpc.server.install_snapshot.request.element-limit = 8 (default)
2024-01-26 13:20:19,509 [fed085ba-920d-45a3-8aa6-0ed8c2482a63@group-5BE1FB646630-LeaderElection26] INFO  grpc.GrpcConfigKeys (ConfUtils.java:logGet(46)) - raft.grpc.server.install_snapshot.request.timeout = 3000ms (default)
2024-01-26 13:20:19,509 [fed085ba-920d-45a3-8aa6-0ed8c2482a63@group-5BE1FB646630-LeaderElection26] INFO  grpc.GrpcConfigKeys (ConfUtils.java:logGet(46)) - raft.grpc.server.log-message.batch.duration = 5s (default)
2024-01-26 13:20:19,509 [fed085ba-920d-45a3-8aa6-0ed8c2482a63@group-5BE1FB646630-LeaderElection26] INFO  server.RaftServerConfigKeys (ConfUtils.java:logGet(46)) - raft.server.log.appender.install.snapshot.enabled = false (custom)
2024-01-26 13:20:19,509 [fed085ba-920d-45a3-8aa6-0ed8c2482a63@group-5BE1FB646630-LeaderElection26] INFO  grpc.GrpcConfigKeys (ConfUtils.java:logGet(46)) - raft.grpc.server.heartbeat.channel = true (default)
2024-01-26 13:20:19,509 [fed085ba-920d-45a3-8aa6-0ed8c2482a63@group-5BE1FB646630-LeaderElection26] INFO  impl.RoleInfo (RoleInfo.java:updateAndGet(139)) - fed085ba-920d-45a3-8aa6-0ed8c2482a63: start fed085ba-920d-45a3-8aa6-0ed8c2482a63@group-5BE1FB646630-LeaderStateImpl
2024-01-26 13:20:19,510 [fed085ba-920d-45a3-8aa6-0ed8c2482a63@group-5BE1FB646630-LeaderElection26] INFO  server.RaftServer$Division (RaftServerImpl.java:setFirstElection(574)) - fed085ba-920d-45a3-8aa6-0ed8c2482a63@group-5BE1FB646630: set firstElectionSinceStartup to false for becomeLeader
2024-01-26 13:20:19,510 [fed085ba-920d-45a3-8aa6-0ed8c2482a63@group-5BE1FB646630-LeaderElection26] INFO  ratis.XceiverServerRatis (XceiverServerRatis.java:handleLeaderChangedNotification(945)) - Leader change notification received for group: group-5BE1FB646630 with new leaderId: fed085ba-920d-45a3-8aa6-0ed8c2482a63
2024-01-26 13:20:19,510 [fed085ba-920d-45a3-8aa6-0ed8c2482a63@group-5BE1FB646630-LeaderElection26] INFO  server.RaftServer$Division (ServerState.java:setLeader(269)) - fed085ba-920d-45a3-8aa6-0ed8c2482a63@group-5BE1FB646630: change Leader from null to fed085ba-920d-45a3-8aa6-0ed8c2482a63 at term 1 for becomeLeader, leader elected after 5127ms
2024-01-26 13:20:19,510 [fed085ba-920d-45a3-8aa6-0ed8c2482a63@group-5BE1FB646630-LeaderElection26] INFO  segmented.SegmentedRaftLogWorker (SegmentedRaftLogWorker.java:startLogSegment(430)) - fed085ba-920d-45a3-8aa6-0ed8c2482a63@group-5BE1FB646630-SegmentedRaftLogWorker: Starting segment from index:0
2024-01-26 13:20:19,510 [fed085ba-920d-45a3-8aa6-0ed8c2482a63@group-5BE1FB646630-SegmentedRaftLogWorker] INFO  segmented.BufferedWriteChannel (BufferedWriteChannel.java:open(62)) - open log_inprogress_0 at position 0
2024-01-26 13:20:19,511 [EventQueue-PipelineReportForPipelineReportHandler] INFO  pipeline.PipelineReportHandler (PipelineReportHandler.java:processPipelineReport(136)) - Opened pipeline PipelineID=576eb791-4d51-49ee-82d4-5be1fb646630
2024-01-26 13:20:19,513 [fed085ba-920d-45a3-8aa6-0ed8c2482a63@group-5BE1FB646630-LeaderElection26] INFO  server.RaftServer$Division (ServerState.java:setRaftConf(386)) - fed085ba-920d-45a3-8aa6-0ed8c2482a63@group-5BE1FB646630: set configuration 0: peers:[fed085ba-920d-45a3-8aa6-0ed8c2482a63|10.1.0.20:15139, 3245821d-006a-4b2e-a5ee-2fe443b67b2f|10.1.0.20:15148, 97e940e6-23da-4943-8422-3d5ca177be46|10.1.0.20:15130]|listeners:[], old=null
2024-01-26 13:20:19,518 [fed085ba-920d-45a3-8aa6-0ed8c2482a63@group-5BE1FB646630-SegmentedRaftLogWorker] INFO  segmented.SegmentedRaftLogWorker (SegmentedRaftLogWorker.java:execute(634)) - fed085ba-920d-45a3-8aa6-0ed8c2482a63@group-5BE1FB646630-SegmentedRaftLogWorker: created new log segment /home/runner/work/ozone/ozone/hadoop-ozone/integration-test/target/test-dir/MiniOzoneClusterImpl-6bed2868-cd70-4a3d-a9ed-67052a48ddc2/datanode-4/data/ratis/576eb791-4d51-49ee-82d4-5be1fb646630/current/log_inprogress_0
2024-01-26 13:20:19,520 [3245821d-006a-4b2e-a5ee-2fe443b67b2f-server-thread1] INFO  ratis.XceiverServerRatis (XceiverServerRatis.java:handleLeaderChangedNotification(945)) - Leader change notification received for group: group-5BE1FB646630 with new leaderId: fed085ba-920d-45a3-8aa6-0ed8c2482a63
2024-01-26 13:20:19,520 [3245821d-006a-4b2e-a5ee-2fe443b67b2f-server-thread1] INFO  server.RaftServer$Division (ServerState.java:setLeader(269)) - 3245821d-006a-4b2e-a5ee-2fe443b67b2f@group-5BE1FB646630: change Leader from null to fed085ba-920d-45a3-8aa6-0ed8c2482a63 at term 1 for appendEntries, leader elected after 5114ms
2024-01-26 13:20:19,520 [97e940e6-23da-4943-8422-3d5ca177be46-server-thread1] INFO  ratis.XceiverServerRatis (XceiverServerRatis.java:handleLeaderChangedNotification(945)) - Leader change notification received for group: group-5BE1FB646630 with new leaderId: fed085ba-920d-45a3-8aa6-0ed8c2482a63
2024-01-26 13:20:19,521 [3245821d-006a-4b2e-a5ee-2fe443b67b2f-server-thread2] INFO  server.RaftServer$Division (ServerState.java:setRaftConf(386)) - 3245821d-006a-4b2e-a5ee-2fe443b67b2f@group-5BE1FB646630: set configuration 0: peers:[fed085ba-920d-45a3-8aa6-0ed8c2482a63|10.1.0.20:15139, 3245821d-006a-4b2e-a5ee-2fe443b67b2f|10.1.0.20:15148, 97e940e6-23da-4943-8422-3d5ca177be46|10.1.0.20:15130]|listeners:[], old=null
2024-01-26 13:20:19,522 [3245821d-006a-4b2e-a5ee-2fe443b67b2f-server-thread2] INFO  segmented.SegmentedRaftLogWorker (SegmentedRaftLogWorker.java:startLogSegment(430)) - 3245821d-006a-4b2e-a5ee-2fe443b67b2f@group-5BE1FB646630-SegmentedRaftLogWorker: Starting segment from index:0
2024-01-26 13:20:19,523 [3245821d-006a-4b2e-a5ee-2fe443b67b2f@group-5BE1FB646630-SegmentedRaftLogWorker] INFO  segmented.BufferedWriteChannel (BufferedWriteChannel.java:open(62)) - open log_inprogress_0 at position 0
2024-01-26 13:20:19,524 [97e940e6-23da-4943-8422-3d5ca177be46-server-thread1] INFO  server.RaftServer$Division (ServerState.java:setLeader(269)) - 97e940e6-23da-4943-8422-3d5ca177be46@group-5BE1FB646630: change Leader from null to fed085ba-920d-45a3-8aa6-0ed8c2482a63 at term 1 for appendEntries, leader elected after 5161ms
2024-01-26 13:20:19,529 [97e940e6-23da-4943-8422-3d5ca177be46-server-thread2] INFO  server.RaftServer$Division (ServerState.java:setRaftConf(386)) - 97e940e6-23da-4943-8422-3d5ca177be46@group-5BE1FB646630: set configuration 0: peers:[fed085ba-920d-45a3-8aa6-0ed8c2482a63|10.1.0.20:15139, 3245821d-006a-4b2e-a5ee-2fe443b67b2f|10.1.0.20:15148, 97e940e6-23da-4943-8422-3d5ca177be46|10.1.0.20:15130]|listeners:[], old=null
2024-01-26 13:20:19,529 [97e940e6-23da-4943-8422-3d5ca177be46-server-thread2] INFO  segmented.SegmentedRaftLogWorker (SegmentedRaftLogWorker.java:startLogSegment(430)) - 97e940e6-23da-4943-8422-3d5ca177be46@group-5BE1FB646630-SegmentedRaftLogWorker: Starting segment from index:0
2024-01-26 13:20:19,529 [97e940e6-23da-4943-8422-3d5ca177be46@group-5BE1FB646630-SegmentedRaftLogWorker] INFO  segmented.BufferedWriteChannel (BufferedWriteChannel.java:open(62)) - open log_inprogress_0 at position 0
2024-01-26 13:20:19,532 [3245821d-006a-4b2e-a5ee-2fe443b67b2f@group-5BE1FB646630-SegmentedRaftLogWorker] INFO  segmented.SegmentedRaftLogWorker (SegmentedRaftLogWorker.java:execute(634)) - 3245821d-006a-4b2e-a5ee-2fe443b67b2f@group-5BE1FB646630-SegmentedRaftLogWorker: created new log segment /home/runner/work/ozone/ozone/hadoop-ozone/integration-test/target/test-dir/MiniOzoneClusterImpl-6bed2868-cd70-4a3d-a9ed-67052a48ddc2/datanode-5/data/ratis/576eb791-4d51-49ee-82d4-5be1fb646630/current/log_inprogress_0
2024-01-26 13:20:19,537 [fed085ba-920d-45a3-8aa6-0ed8c2482a63@group-5BE1FB646630-StateMachineUpdater] INFO  server.RaftServer$Division (LeaderStateImpl.java:isApplied(320)) - leader is ready since appliedIndex == 0 >= startIndex == 0
2024-01-26 13:20:19,538 [97e940e6-23da-4943-8422-3d5ca177be46@group-5BE1FB646630-SegmentedRaftLogWorker] INFO  segmented.SegmentedRaftLogWorker (SegmentedRaftLogWorker.java:execute(634)) - 97e940e6-23da-4943-8422-3d5ca177be46@group-5BE1FB646630-SegmentedRaftLogWorker: created new log segment /home/runner/work/ozone/ozone/hadoop-ozone/integration-test/target/test-dir/MiniOzoneClusterImpl-6bed2868-cd70-4a3d-a9ed-67052a48ddc2/datanode-3/data/ratis/576eb791-4d51-49ee-82d4-5be1fb646630/current/log_inprogress_0
2024-01-26 13:20:19,540 [fed085ba-920d-45a3-8aa6-0ed8c2482a63@group-D2C40393F55B-FollowerState] INFO  impl.FollowerState (FollowerState.java:run(143)) - fed085ba-920d-45a3-8aa6-0ed8c2482a63@group-D2C40393F55B-FollowerState: change to CANDIDATE, lastRpcElapsedTime:5084469397ns, electionTimeout:5084ms
2024-01-26 13:20:19,540 [fed085ba-920d-45a3-8aa6-0ed8c2482a63@group-D2C40393F55B-FollowerState] INFO  impl.RoleInfo (RoleInfo.java:shutdownFollowerState(110)) - fed085ba-920d-45a3-8aa6-0ed8c2482a63: shutdown fed085ba-920d-45a3-8aa6-0ed8c2482a63@group-D2C40393F55B-FollowerState
2024-01-26 13:20:19,540 [fed085ba-920d-45a3-8aa6-0ed8c2482a63@group-D2C40393F55B-FollowerState] INFO  server.RaftServer$Division (RaftServerImpl.java:setRole(383)) - fed085ba-920d-45a3-8aa6-0ed8c2482a63@group-D2C40393F55B: changes role from  FOLLOWER to CANDIDATE at term 0 for changeToCandidate
2024-01-26 13:20:19,540 [fed085ba-920d-45a3-8aa6-0ed8c2482a63@group-D2C40393F55B-FollowerState] INFO  server.RaftServerConfigKeys (ConfUtils.java:logGet(46)) - raft.server.leaderelection.pre-vote = true (default)
2024-01-26 13:20:19,540 [fed085ba-920d-45a3-8aa6-0ed8c2482a63@group-D2C40393F55B-FollowerState] INFO  impl.RoleInfo (RoleInfo.java:updateAndGet(139)) - fed085ba-920d-45a3-8aa6-0ed8c2482a63: start fed085ba-920d-45a3-8aa6-0ed8c2482a63@group-D2C40393F55B-LeaderElection27
2024-01-26 13:20:19,542 [fed085ba-920d-45a3-8aa6-0ed8c2482a63@group-D2C40393F55B-LeaderElection27] INFO  impl.LeaderElection (LeaderElection.java:askForVotes(321)) - fed085ba-920d-45a3-8aa6-0ed8c2482a63@group-D2C40393F55B-LeaderElection27 PRE_VOTE round 0: submit vote requests at term 0 for -1: peers:[fed085ba-920d-45a3-8aa6-0ed8c2482a63|10.1.0.20:15139]|listeners:[], old=null
2024-01-26 13:20:19,542 [fed085ba-920d-45a3-8aa6-0ed8c2482a63@group-D2C40393F55B-LeaderElection27] INFO  impl.LeaderElection (LeaderElection.java:askForVotes(323)) - fed085ba-920d-45a3-8aa6-0ed8c2482a63@group-D2C40393F55B-LeaderElection27 PRE_VOTE round 0: result PASSED (term=0)
2024-01-26 13:20:19,543 [fed085ba-920d-45a3-8aa6-0ed8c2482a63@group-D2C40393F55B-LeaderElection27] INFO  impl.LeaderElection (LeaderElection.java:askForVotes(321)) - fed085ba-920d-45a3-8aa6-0ed8c2482a63@group-D2C40393F55B-LeaderElection27 ELECTION round 0: submit vote requests at term 1 for -1: peers:[fed085ba-920d-45a3-8aa6-0ed8c2482a63|10.1.0.20:15139]|listeners:[], old=null
2024-01-26 13:20:19,543 [fed085ba-920d-45a3-8aa6-0ed8c2482a63@group-D2C40393F55B-LeaderElection27] INFO  impl.LeaderElection (LeaderElection.java:askForVotes(323)) - fed085ba-920d-45a3-8aa6-0ed8c2482a63@group-D2C40393F55B-LeaderElection27 ELECTION round 0: result PASSED (term=1)
2024-01-26 13:20:19,543 [fed085ba-920d-45a3-8aa6-0ed8c2482a63@group-D2C40393F55B-LeaderElection27] INFO  impl.RoleInfo (RoleInfo.java:shutdownLeaderElection(130)) - fed085ba-920d-45a3-8aa6-0ed8c2482a63: shutdown fed085ba-920d-45a3-8aa6-0ed8c2482a63@group-D2C40393F55B-LeaderElection27
2024-01-26 13:20:19,543 [fed085ba-920d-45a3-8aa6-0ed8c2482a63@group-D2C40393F55B-LeaderElection27] INFO  server.RaftServer$Division (RaftServerImpl.java:setRole(383)) - fed085ba-920d-45a3-8aa6-0ed8c2482a63@group-D2C40393F55B: changes role from CANDIDATE to LEADER at term 1 for changeToLeader
2024-01-26 13:20:19,543 [fed085ba-920d-45a3-8aa6-0ed8c2482a63@group-D2C40393F55B-LeaderElection27] INFO  server.RaftServerConfigKeys (ConfUtils.java:logGet(46)) - raft.server.staging.catchup.gap = 1000 (default)
2024-01-26 13:20:19,544 [fed085ba-920d-45a3-8aa6-0ed8c2482a63@group-D2C40393F55B-LeaderElection27] INFO  server.RaftServerConfigKeys (ConfUtils.java:logGet(46)) - raft.server.write.element-limit = 1024 (custom)
2024-01-26 13:20:19,544 [fed085ba-920d-45a3-8aa6-0ed8c2482a63@group-D2C40393F55B-LeaderElection27] INFO  server.RaftServerConfigKeys (ConfUtils.java:logGet(46)) - raft.server.write.byte-limit = 1024 M (=1073741824) (custom)
2024-01-26 13:20:19,544 [fed085ba-920d-45a3-8aa6-0ed8c2482a63@group-D2C40393F55B-LeaderElection27] INFO  server.RaftServerConfigKeys (ConfUtils.java:logGet(46)) - raft.server.watch.timeout = 3000ms (custom)
2024-01-26 13:20:19,544 [fed085ba-920d-45a3-8aa6-0ed8c2482a63@group-D2C40393F55B-LeaderElection27] INFO  server.RaftServerConfigKeys (ConfUtils.java:logGet(46)) - raft.server.watch.timeout.denomination = 1s (default)
2024-01-26 13:20:19,544 [fed085ba-920d-45a3-8aa6-0ed8c2482a63@group-D2C40393F55B-LeaderElection27] INFO  server.RaftServerConfigKeys (ConfUtils.java:logGet(46)) - raft.server.watch.element-limit = 65536 (default)
2024-01-26 13:20:19,544 [fed085ba-920d-45a3-8aa6-0ed8c2482a63@group-D2C40393F55B-LeaderElection27] INFO  server.RaftServerConfigKeys (ConfUtils.java:logGet(46)) - raft.server.read.leader.lease.enabled = false (default)
2024-01-26 13:20:19,544 [fed085ba-920d-45a3-8aa6-0ed8c2482a63@group-D2C40393F55B-LeaderElection27] INFO  server.RaftServerConfigKeys (ConfUtils.java:logGet(46)) - raft.server.read.leader.lease.timeout.ratio = 0.9 (default)
2024-01-26 13:20:19,544 [fed085ba-920d-45a3-8aa6-0ed8c2482a63@group-D2C40393F55B-LeaderElection27] INFO  server.RaftServerConfigKeys (ConfUtils.java:logGet(46)) - raft.server.rpc.timeout.min = 5s (custom)
2024-01-26 13:20:19,544 [fed085ba-920d-45a3-8aa6-0ed8c2482a63@group-D2C40393F55B-LeaderElection27] INFO  server.RaftServerConfigKeys (ConfUtils.java:logGet(46)) - raft.server.write.element-limit = 1024 (custom)
2024-01-26 13:20:19,544 [fed085ba-920d-45a3-8aa6-0ed8c2482a63@group-D2C40393F55B-LeaderElection27] INFO  server.RaftServerConfigKeys (ConfUtils.java:logGet(46)) - raft.server.write.follower.gap.ratio.max = -1.0 (default)
2024-01-26 13:20:19,545 [fed085ba-920d-45a3-8aa6-0ed8c2482a63@group-D2C40393F55B-LeaderElection27] INFO  impl.RoleInfo (RoleInfo.java:updateAndGet(139)) - fed085ba-920d-45a3-8aa6-0ed8c2482a63: start fed085ba-920d-45a3-8aa6-0ed8c2482a63@group-D2C40393F55B-LeaderStateImpl
2024-01-26 13:20:19,545 [fed085ba-920d-45a3-8aa6-0ed8c2482a63@group-D2C40393F55B-LeaderElection27] INFO  server.RaftServer$Division (RaftServerImpl.java:setFirstElection(574)) - fed085ba-920d-45a3-8aa6-0ed8c2482a63@group-D2C40393F55B: set firstElectionSinceStartup to false for becomeLeader
2024-01-26 13:20:19,545 [fed085ba-920d-45a3-8aa6-0ed8c2482a63@group-D2C40393F55B-LeaderElection27] INFO  ratis.XceiverServerRatis (XceiverServerRatis.java:handleLeaderChangedNotification(945)) - Leader change notification received for group: group-D2C40393F55B with new leaderId: fed085ba-920d-45a3-8aa6-0ed8c2482a63
2024-01-26 13:20:19,545 [fed085ba-920d-45a3-8aa6-0ed8c2482a63@group-D2C40393F55B-LeaderElection27] INFO  server.RaftServer$Division (ServerState.java:setLeader(269)) - fed085ba-920d-45a3-8aa6-0ed8c2482a63@group-D2C40393F55B: change Leader from null to fed085ba-920d-45a3-8aa6-0ed8c2482a63 at term 1 for becomeLeader, leader elected after 5099ms
2024-01-26 13:20:19,545 [fed085ba-920d-45a3-8aa6-0ed8c2482a63@group-D2C40393F55B-LeaderElection27] INFO  segmented.SegmentedRaftLogWorker (SegmentedRaftLogWorker.java:startLogSegment(430)) - fed085ba-920d-45a3-8aa6-0ed8c2482a63@group-D2C40393F55B-SegmentedRaftLogWorker: Starting segment from index:0
2024-01-26 13:20:19,547 [fed085ba-920d-45a3-8aa6-0ed8c2482a63@group-D2C40393F55B-LeaderElection27] INFO  server.RaftServer$Division (ServerState.java:setRaftConf(386)) - fed085ba-920d-45a3-8aa6-0ed8c2482a63@group-D2C40393F55B: set configuration 0: peers:[fed085ba-920d-45a3-8aa6-0ed8c2482a63|10.1.0.20:15139]|listeners:[], old=null
2024-01-26 13:20:19,547 [fed085ba-920d-45a3-8aa6-0ed8c2482a63@group-D2C40393F55B-SegmentedRaftLogWorker] INFO  segmented.BufferedWriteChannel (BufferedWriteChannel.java:open(62)) - open log_inprogress_0 at position 0
2024-01-26 13:20:19,555 [fed085ba-920d-45a3-8aa6-0ed8c2482a63@group-D2C40393F55B-SegmentedRaftLogWorker] INFO  segmented.SegmentedRaftLogWorker (SegmentedRaftLogWorker.java:execute(634)) - fed085ba-920d-45a3-8aa6-0ed8c2482a63@group-D2C40393F55B-SegmentedRaftLogWorker: created new log segment /home/runner/work/ozone/ozone/hadoop-ozone/integration-test/target/test-dir/MiniOzoneClusterImpl-6bed2868-cd70-4a3d-a9ed-67052a48ddc2/datanode-4/data/ratis/c707d353-77f0-41d0-818a-d2c40393f55b/current/log_inprogress_0
2024-01-26 13:20:19,557 [fed085ba-920d-45a3-8aa6-0ed8c2482a63@group-D2C40393F55B-StateMachineUpdater] INFO  server.RaftServer$Division (LeaderStateImpl.java:isApplied(320)) - leader is ready since appliedIndex == 0 >= startIndex == 0
2024-01-26 13:20:19,660 [75a8e9a7-4fdb-4573-b73d-655a6993b3e4@group-A3DBC710B8EC-FollowerState] INFO  impl.FollowerState (FollowerState.java:run(143)) - 75a8e9a7-4fdb-4573-b73d-655a6993b3e4@group-A3DBC710B8EC-FollowerState: change to CANDIDATE, lastRpcElapsedTime:5004372114ns, electionTimeout:5003ms
2024-01-26 13:20:19,660 [75a8e9a7-4fdb-4573-b73d-655a6993b3e4@group-A3DBC710B8EC-FollowerState] INFO  impl.RoleInfo (RoleInfo.java:shutdownFollowerState(110)) - 75a8e9a7-4fdb-4573-b73d-655a6993b3e4: shutdown 75a8e9a7-4fdb-4573-b73d-655a6993b3e4@group-A3DBC710B8EC-FollowerState
2024-01-26 13:20:19,660 [75a8e9a7-4fdb-4573-b73d-655a6993b3e4@group-A3DBC710B8EC-FollowerState] INFO  server.RaftServer$Division (RaftServerImpl.java:setRole(383)) - 75a8e9a7-4fdb-4573-b73d-655a6993b3e4@group-A3DBC710B8EC: changes role from  FOLLOWER to CANDIDATE at term 0 for changeToCandidate
2024-01-26 13:20:19,660 [75a8e9a7-4fdb-4573-b73d-655a6993b3e4@group-A3DBC710B8EC-FollowerState] INFO  server.RaftServerConfigKeys (ConfUtils.java:logGet(46)) - raft.server.leaderelection.pre-vote = true (default)
2024-01-26 13:20:19,660 [75a8e9a7-4fdb-4573-b73d-655a6993b3e4@group-A3DBC710B8EC-FollowerState] INFO  impl.RoleInfo (RoleInfo.java:updateAndGet(139)) - 75a8e9a7-4fdb-4573-b73d-655a6993b3e4: start 75a8e9a7-4fdb-4573-b73d-655a6993b3e4@group-A3DBC710B8EC-LeaderElection28
2024-01-26 13:20:19,663 [75a8e9a7-4fdb-4573-b73d-655a6993b3e4@group-A3DBC710B8EC-LeaderElection28] INFO  impl.LeaderElection (LeaderElection.java:askForVotes(321)) - 75a8e9a7-4fdb-4573-b73d-655a6993b3e4@group-A3DBC710B8EC-LeaderElection28 PRE_VOTE round 0: submit vote requests at term 0 for -1: peers:[75a8e9a7-4fdb-4573-b73d-655a6993b3e4|10.1.0.20:15157]|listeners:[], old=null
2024-01-26 13:20:19,663 [75a8e9a7-4fdb-4573-b73d-655a6993b3e4@group-A3DBC710B8EC-LeaderElection28] INFO  impl.LeaderElection (LeaderElection.java:askForVotes(323)) - 75a8e9a7-4fdb-4573-b73d-655a6993b3e4@group-A3DBC710B8EC-LeaderElection28 PRE_VOTE round 0: result PASSED (term=0)
2024-01-26 13:20:19,665 [75a8e9a7-4fdb-4573-b73d-655a6993b3e4@group-A3DBC710B8EC-LeaderElection28] INFO  impl.LeaderElection (LeaderElection.java:askForVotes(321)) - 75a8e9a7-4fdb-4573-b73d-655a6993b3e4@group-A3DBC710B8EC-LeaderElection28 ELECTION round 0: submit vote requests at term 1 for -1: peers:[75a8e9a7-4fdb-4573-b73d-655a6993b3e4|10.1.0.20:15157]|listeners:[], old=null
2024-01-26 13:20:19,665 [75a8e9a7-4fdb-4573-b73d-655a6993b3e4@group-A3DBC710B8EC-LeaderElection28] INFO  impl.LeaderElection (LeaderElection.java:askForVotes(323)) - 75a8e9a7-4fdb-4573-b73d-655a6993b3e4@group-A3DBC710B8EC-LeaderElection28 ELECTION round 0: result PASSED (term=1)
2024-01-26 13:20:19,665 [75a8e9a7-4fdb-4573-b73d-655a6993b3e4@group-A3DBC710B8EC-LeaderElection28] INFO  impl.RoleInfo (RoleInfo.java:shutdownLeaderElection(130)) - 75a8e9a7-4fdb-4573-b73d-655a6993b3e4: shutdown 75a8e9a7-4fdb-4573-b73d-655a6993b3e4@group-A3DBC710B8EC-LeaderElection28
2024-01-26 13:20:19,665 [75a8e9a7-4fdb-4573-b73d-655a6993b3e4@group-A3DBC710B8EC-LeaderElection28] INFO  server.RaftServer$Division (RaftServerImpl.java:setRole(383)) - 75a8e9a7-4fdb-4573-b73d-655a6993b3e4@group-A3DBC710B8EC: changes role from CANDIDATE to LEADER at term 1 for changeToLeader
2024-01-26 13:20:19,665 [75a8e9a7-4fdb-4573-b73d-655a6993b3e4@group-A3DBC710B8EC-LeaderElection28] INFO  server.RaftServerConfigKeys (ConfUtils.java:logGet(46)) - raft.server.staging.catchup.gap = 1000 (default)
2024-01-26 13:20:19,665 [75a8e9a7-4fdb-4573-b73d-655a6993b3e4@group-A3DBC710B8EC-LeaderElection28] INFO  server.RaftServerConfigKeys (ConfUtils.java:logGet(46)) - raft.server.write.element-limit = 1024 (custom)
2024-01-26 13:20:19,665 [75a8e9a7-4fdb-4573-b73d-655a6993b3e4@group-A3DBC710B8EC-LeaderElection28] INFO  server.RaftServerConfigKeys (ConfUtils.java:logGet(46)) - raft.server.write.byte-limit = 1024 M (=1073741824) (custom)
2024-01-26 13:20:19,666 [75a8e9a7-4fdb-4573-b73d-655a6993b3e4@group-A3DBC710B8EC-LeaderElection28] INFO  server.RaftServerConfigKeys (ConfUtils.java:logGet(46)) - raft.server.watch.timeout = 3000ms (custom)
2024-01-26 13:20:19,666 [75a8e9a7-4fdb-4573-b73d-655a6993b3e4@group-A3DBC710B8EC-LeaderElection28] INFO  server.RaftServerConfigKeys (ConfUtils.java:logGet(46)) - raft.server.watch.timeout.denomination = 1s (default)
2024-01-26 13:20:19,666 [75a8e9a7-4fdb-4573-b73d-655a6993b3e4@group-A3DBC710B8EC-LeaderElection28] INFO  server.RaftServerConfigKeys (ConfUtils.java:logGet(46)) - raft.server.watch.element-limit = 65536 (default)
2024-01-26 13:20:19,666 [75a8e9a7-4fdb-4573-b73d-655a6993b3e4@group-A3DBC710B8EC-LeaderElection28] INFO  server.RaftServerConfigKeys (ConfUtils.java:logGet(46)) - raft.server.read.leader.lease.enabled = false (default)
2024-01-26 13:20:19,666 [75a8e9a7-4fdb-4573-b73d-655a6993b3e4@group-A3DBC710B8EC-LeaderElection28] INFO  server.RaftServerConfigKeys (ConfUtils.java:logGet(46)) - raft.server.read.leader.lease.timeout.ratio = 0.9 (default)
2024-01-26 13:20:19,666 [75a8e9a7-4fdb-4573-b73d-655a6993b3e4@group-A3DBC710B8EC-LeaderElection28] INFO  server.RaftServerConfigKeys (ConfUtils.java:logGet(46)) - raft.server.rpc.timeout.min = 5s (custom)
2024-01-26 13:20:19,666 [75a8e9a7-4fdb-4573-b73d-655a6993b3e4@group-A3DBC710B8EC-LeaderElection28] INFO  server.RaftServerConfigKeys (ConfUtils.java:logGet(46)) - raft.server.write.element-limit = 1024 (custom)
2024-01-26 13:20:19,666 [75a8e9a7-4fdb-4573-b73d-655a6993b3e4@group-A3DBC710B8EC-LeaderElection28] INFO  server.RaftServerConfigKeys (ConfUtils.java:logGet(46)) - raft.server.write.follower.gap.ratio.max = -1.0 (default)
2024-01-26 13:20:19,666 [75a8e9a7-4fdb-4573-b73d-655a6993b3e4@group-A3DBC710B8EC-LeaderElection28] INFO  impl.RoleInfo (RoleInfo.java:updateAndGet(139)) - 75a8e9a7-4fdb-4573-b73d-655a6993b3e4: start 75a8e9a7-4fdb-4573-b73d-655a6993b3e4@group-A3DBC710B8EC-LeaderStateImpl
2024-01-26 13:20:19,666 [75a8e9a7-4fdb-4573-b73d-655a6993b3e4@group-A3DBC710B8EC-LeaderElection28] INFO  server.RaftServer$Division (RaftServerImpl.java:setFirstElection(574)) - 75a8e9a7-4fdb-4573-b73d-655a6993b3e4@group-A3DBC710B8EC: set firstElectionSinceStartup to false for becomeLeader
2024-01-26 13:20:19,666 [75a8e9a7-4fdb-4573-b73d-655a6993b3e4@group-A3DBC710B8EC-LeaderElection28] INFO  ratis.XceiverServerRatis (XceiverServerRatis.java:handleLeaderChangedNotification(945)) - Leader change notification received for group: group-A3DBC710B8EC with new leaderId: 75a8e9a7-4fdb-4573-b73d-655a6993b3e4
2024-01-26 13:20:19,666 [75a8e9a7-4fdb-4573-b73d-655a6993b3e4@group-A3DBC710B8EC-LeaderElection28] INFO  server.RaftServer$Division (ServerState.java:setLeader(269)) - 75a8e9a7-4fdb-4573-b73d-655a6993b3e4@group-A3DBC710B8EC: change Leader from null to 75a8e9a7-4fdb-4573-b73d-655a6993b3e4 at term 1 for becomeLeader, leader elected after 5023ms
2024-01-26 13:20:19,667 [75a8e9a7-4fdb-4573-b73d-655a6993b3e4@group-A3DBC710B8EC-LeaderElection28] INFO  segmented.SegmentedRaftLogWorker (SegmentedRaftLogWorker.java:startLogSegment(430)) - 75a8e9a7-4fdb-4573-b73d-655a6993b3e4@group-A3DBC710B8EC-SegmentedRaftLogWorker: Starting segment from index:0
2024-01-26 13:20:19,667 [75a8e9a7-4fdb-4573-b73d-655a6993b3e4@group-A3DBC710B8EC-SegmentedRaftLogWorker] INFO  segmented.BufferedWriteChannel (BufferedWriteChannel.java:open(62)) - open log_inprogress_0 at position 0
2024-01-26 13:20:19,672 [75a8e9a7-4fdb-4573-b73d-655a6993b3e4@group-A3DBC710B8EC-LeaderElection28] INFO  server.RaftServer$Division (ServerState.java:setRaftConf(386)) - 75a8e9a7-4fdb-4573-b73d-655a6993b3e4@group-A3DBC710B8EC: set configuration 0: peers:[75a8e9a7-4fdb-4573-b73d-655a6993b3e4|10.1.0.20:15157]|listeners:[], old=null
2024-01-26 13:20:19,675 [75a8e9a7-4fdb-4573-b73d-655a6993b3e4@group-A3DBC710B8EC-SegmentedRaftLogWorker] INFO  segmented.SegmentedRaftLogWorker (SegmentedRaftLogWorker.java:execute(634)) - 75a8e9a7-4fdb-4573-b73d-655a6993b3e4@group-A3DBC710B8EC-SegmentedRaftLogWorker: created new log segment /home/runner/work/ozone/ozone/hadoop-ozone/integration-test/target/test-dir/MiniOzoneClusterImpl-6bed2868-cd70-4a3d-a9ed-67052a48ddc2/datanode-6/data/ratis/c6f2dfd4-1cc4-4f84-84c3-a3dbc710b8ec/current/log_inprogress_0
2024-01-26 13:20:19,676 [75a8e9a7-4fdb-4573-b73d-655a6993b3e4@group-A3DBC710B8EC-StateMachineUpdater] INFO  server.RaftServer$Division (LeaderStateImpl.java:isApplied(320)) - leader is ready since appliedIndex == 0 >= startIndex == 0
2024-01-26 13:20:19,709 [3245821d-006a-4b2e-a5ee-2fe443b67b2f@group-4322E11EB022-FollowerState] INFO  impl.FollowerState (FollowerState.java:run(143)) - 3245821d-006a-4b2e-a5ee-2fe443b67b2f@group-4322E11EB022-FollowerState: change to CANDIDATE, lastRpcElapsedTime:5146562113ns, electionTimeout:5146ms
2024-01-26 13:20:19,709 [3245821d-006a-4b2e-a5ee-2fe443b67b2f@group-4322E11EB022-FollowerState] INFO  impl.RoleInfo (RoleInfo.java:shutdownFollowerState(110)) - 3245821d-006a-4b2e-a5ee-2fe443b67b2f: shutdown 3245821d-006a-4b2e-a5ee-2fe443b67b2f@group-4322E11EB022-FollowerState
2024-01-26 13:20:19,710 [3245821d-006a-4b2e-a5ee-2fe443b67b2f@group-4322E11EB022-FollowerState] INFO  server.RaftServer$Division (RaftServerImpl.java:setRole(383)) - 3245821d-006a-4b2e-a5ee-2fe443b67b2f@group-4322E11EB022: changes role from  FOLLOWER to CANDIDATE at term 0 for changeToCandidate
2024-01-26 13:20:19,710 [3245821d-006a-4b2e-a5ee-2fe443b67b2f@group-4322E11EB022-FollowerState] INFO  server.RaftServerConfigKeys (ConfUtils.java:logGet(46)) - raft.server.leaderelection.pre-vote = true (default)
2024-01-26 13:20:19,710 [3245821d-006a-4b2e-a5ee-2fe443b67b2f@group-4322E11EB022-FollowerState] INFO  impl.RoleInfo (RoleInfo.java:updateAndGet(139)) - 3245821d-006a-4b2e-a5ee-2fe443b67b2f: start 3245821d-006a-4b2e-a5ee-2fe443b67b2f@group-4322E11EB022-LeaderElection29
2024-01-26 13:20:19,711 [3245821d-006a-4b2e-a5ee-2fe443b67b2f@group-4322E11EB022-LeaderElection29] INFO  impl.LeaderElection (LeaderElection.java:askForVotes(321)) - 3245821d-006a-4b2e-a5ee-2fe443b67b2f@group-4322E11EB022-LeaderElection29 PRE_VOTE round 0: submit vote requests at term 0 for -1: peers:[3245821d-006a-4b2e-a5ee-2fe443b67b2f|10.1.0.20:15148]|listeners:[], old=null
2024-01-26 13:20:19,711 [3245821d-006a-4b2e-a5ee-2fe443b67b2f@group-4322E11EB022-LeaderElection29] INFO  impl.LeaderElection (LeaderElection.java:askForVotes(323)) - 3245821d-006a-4b2e-a5ee-2fe443b67b2f@group-4322E11EB022-LeaderElection29 PRE_VOTE round 0: result PASSED (term=0)
2024-01-26 13:20:19,712 [3245821d-006a-4b2e-a5ee-2fe443b67b2f@group-4322E11EB022-LeaderElection29] INFO  impl.LeaderElection (LeaderElection.java:askForVotes(321)) - 3245821d-006a-4b2e-a5ee-2fe443b67b2f@group-4322E11EB022-LeaderElection29 ELECTION round 0: submit vote requests at term 1 for -1: peers:[3245821d-006a-4b2e-a5ee-2fe443b67b2f|10.1.0.20:15148]|listeners:[], old=null
2024-01-26 13:20:19,713 [3245821d-006a-4b2e-a5ee-2fe443b67b2f@group-4322E11EB022-LeaderElection29] INFO  impl.LeaderElection (LeaderElection.java:askForVotes(323)) - 3245821d-006a-4b2e-a5ee-2fe443b67b2f@group-4322E11EB022-LeaderElection29 ELECTION round 0: result PASSED (term=1)
2024-01-26 13:20:19,713 [3245821d-006a-4b2e-a5ee-2fe443b67b2f@group-4322E11EB022-LeaderElection29] INFO  impl.RoleInfo (RoleInfo.java:shutdownLeaderElection(130)) - 3245821d-006a-4b2e-a5ee-2fe443b67b2f: shutdown 3245821d-006a-4b2e-a5ee-2fe443b67b2f@group-4322E11EB022-LeaderElection29
2024-01-26 13:20:19,713 [3245821d-006a-4b2e-a5ee-2fe443b67b2f@group-4322E11EB022-LeaderElection29] INFO  server.RaftServer$Division (RaftServerImpl.java:setRole(383)) - 3245821d-006a-4b2e-a5ee-2fe443b67b2f@group-4322E11EB022: changes role from CANDIDATE to LEADER at term 1 for changeToLeader
2024-01-26 13:20:19,713 [3245821d-006a-4b2e-a5ee-2fe443b67b2f@group-4322E11EB022-LeaderElection29] INFO  server.RaftServerConfigKeys (ConfUtils.java:logGet(46)) - raft.server.staging.catchup.gap = 1000 (default)
2024-01-26 13:20:19,713 [3245821d-006a-4b2e-a5ee-2fe443b67b2f@group-4322E11EB022-LeaderElection29] INFO  server.RaftServerConfigKeys (ConfUtils.java:logGet(46)) - raft.server.write.element-limit = 1024 (custom)
2024-01-26 13:20:19,713 [3245821d-006a-4b2e-a5ee-2fe443b67b2f@group-4322E11EB022-LeaderElection29] INFO  server.RaftServerConfigKeys (ConfUtils.java:logGet(46)) - raft.server.write.byte-limit = 1024 M (=1073741824) (custom)
2024-01-26 13:20:19,713 [3245821d-006a-4b2e-a5ee-2fe443b67b2f@group-4322E11EB022-LeaderElection29] INFO  server.RaftServerConfigKeys (ConfUtils.java:logGet(46)) - raft.server.watch.timeout = 3000ms (custom)
2024-01-26 13:20:19,713 [3245821d-006a-4b2e-a5ee-2fe443b67b2f@group-4322E11EB022-LeaderElection29] INFO  server.RaftServerConfigKeys (ConfUtils.java:logGet(46)) - raft.server.watch.timeout.denomination = 1s (default)
2024-01-26 13:20:19,713 [3245821d-006a-4b2e-a5ee-2fe443b67b2f@group-4322E11EB022-LeaderElection29] INFO  server.RaftServerConfigKeys (ConfUtils.java:logGet(46)) - raft.server.watch.element-limit = 65536 (default)
2024-01-26 13:20:19,714 [3245821d-006a-4b2e-a5ee-2fe443b67b2f@group-4322E11EB022-LeaderElection29] INFO  server.RaftServerConfigKeys (ConfUtils.java:logGet(46)) - raft.server.read.leader.lease.enabled = false (default)
2024-01-26 13:20:19,714 [3245821d-006a-4b2e-a5ee-2fe443b67b2f@group-4322E11EB022-LeaderElection29] INFO  server.RaftServerConfigKeys (ConfUtils.java:logGet(46)) - raft.server.read.leader.lease.timeout.ratio = 0.9 (default)
2024-01-26 13:20:19,714 [3245821d-006a-4b2e-a5ee-2fe443b67b2f@group-4322E11EB022-LeaderElection29] INFO  server.RaftServerConfigKeys (ConfUtils.java:logGet(46)) - raft.server.rpc.timeout.min = 5s (custom)
2024-01-26 13:20:19,714 [3245821d-006a-4b2e-a5ee-2fe443b67b2f@group-4322E11EB022-LeaderElection29] INFO  server.RaftServerConfigKeys (ConfUtils.java:logGet(46)) - raft.server.write.element-limit = 1024 (custom)
2024-01-26 13:20:19,714 [3245821d-006a-4b2e-a5ee-2fe443b67b2f@group-4322E11EB022-LeaderElection29] INFO  server.RaftServerConfigKeys (ConfUtils.java:logGet(46)) - raft.server.write.follower.gap.ratio.max = -1.0 (default)
2024-01-26 13:20:19,714 [3245821d-006a-4b2e-a5ee-2fe443b67b2f@group-4322E11EB022-LeaderElection29] INFO  impl.RoleInfo (RoleInfo.java:updateAndGet(139)) - 3245821d-006a-4b2e-a5ee-2fe443b67b2f: start 3245821d-006a-4b2e-a5ee-2fe443b67b2f@group-4322E11EB022-LeaderStateImpl
2024-01-26 13:20:19,714 [3245821d-006a-4b2e-a5ee-2fe443b67b2f@group-4322E11EB022-LeaderElection29] INFO  server.RaftServer$Division (RaftServerImpl.java:setFirstElection(574)) - 3245821d-006a-4b2e-a5ee-2fe443b67b2f@group-4322E11EB022: set firstElectionSinceStartup to false for becomeLeader
2024-01-26 13:20:19,714 [3245821d-006a-4b2e-a5ee-2fe443b67b2f@group-4322E11EB022-LeaderElection29] INFO  ratis.XceiverServerRatis (XceiverServerRatis.java:handleLeaderChangedNotification(945)) - Leader change notification received for group: group-4322E11EB022 with new leaderId: 3245821d-006a-4b2e-a5ee-2fe443b67b2f
2024-01-26 13:20:19,714 [3245821d-006a-4b2e-a5ee-2fe443b67b2f@group-4322E11EB022-LeaderElection29] INFO  server.RaftServer$Division (ServerState.java:setLeader(269)) - 3245821d-006a-4b2e-a5ee-2fe443b67b2f@group-4322E11EB022: change Leader from null to 3245821d-006a-4b2e-a5ee-2fe443b67b2f at term 1 for becomeLeader, leader elected after 5162ms
2024-01-26 13:20:19,714 [3245821d-006a-4b2e-a5ee-2fe443b67b2f@group-4322E11EB022-LeaderElection29] INFO  segmented.SegmentedRaftLogWorker (SegmentedRaftLogWorker.java:startLogSegment(430)) - 3245821d-006a-4b2e-a5ee-2fe443b67b2f@group-4322E11EB022-SegmentedRaftLogWorker: Starting segment from index:0
2024-01-26 13:20:19,715 [3245821d-006a-4b2e-a5ee-2fe443b67b2f@group-4322E11EB022-SegmentedRaftLogWorker] INFO  segmented.BufferedWriteChannel (BufferedWriteChannel.java:open(62)) - open log_inprogress_0 at position 0
2024-01-26 13:20:19,717 [3245821d-006a-4b2e-a5ee-2fe443b67b2f@group-4322E11EB022-LeaderElection29] INFO  server.RaftServer$Division (ServerState.java:setRaftConf(386)) - 3245821d-006a-4b2e-a5ee-2fe443b67b2f@group-4322E11EB022: set configuration 0: peers:[3245821d-006a-4b2e-a5ee-2fe443b67b2f|10.1.0.20:15148]|listeners:[], old=null
2024-01-26 13:20:19,722 [3245821d-006a-4b2e-a5ee-2fe443b67b2f@group-4322E11EB022-SegmentedRaftLogWorker] INFO  segmented.SegmentedRaftLogWorker (SegmentedRaftLogWorker.java:execute(634)) - 3245821d-006a-4b2e-a5ee-2fe443b67b2f@group-4322E11EB022-SegmentedRaftLogWorker: created new log segment /home/runner/work/ozone/ozone/hadoop-ozone/integration-test/target/test-dir/MiniOzoneClusterImpl-6bed2868-cd70-4a3d-a9ed-67052a48ddc2/datanode-5/data/ratis/0ccba93a-1a09-4e59-b318-4322e11eb022/current/log_inprogress_0
2024-01-26 13:20:19,724 [3245821d-006a-4b2e-a5ee-2fe443b67b2f@group-4322E11EB022-StateMachineUpdater] INFO  server.RaftServer$Division (LeaderStateImpl.java:isApplied(320)) - leader is ready since appliedIndex == 0 >= startIndex == 0
2024-01-26 13:20:19,766 [84594c31-4da7-47fb-86d6-9d5be6ec36d0@group-89BB3BB132ED-FollowerState] INFO  impl.FollowerState (FollowerState.java:run(143)) - 84594c31-4da7-47fb-86d6-9d5be6ec36d0@group-89BB3BB132ED-FollowerState: change to CANDIDATE, lastRpcElapsedTime:5011639310ns, electionTimeout:5011ms
2024-01-26 13:20:19,766 [84594c31-4da7-47fb-86d6-9d5be6ec36d0@group-89BB3BB132ED-FollowerState] INFO  impl.RoleInfo (RoleInfo.java:shutdownFollowerState(110)) - 84594c31-4da7-47fb-86d6-9d5be6ec36d0: shutdown 84594c31-4da7-47fb-86d6-9d5be6ec36d0@group-89BB3BB132ED-FollowerState
2024-01-26 13:20:19,766 [84594c31-4da7-47fb-86d6-9d5be6ec36d0@group-89BB3BB132ED-FollowerState] INFO  server.RaftServer$Division (RaftServerImpl.java:setRole(383)) - 84594c31-4da7-47fb-86d6-9d5be6ec36d0@group-89BB3BB132ED: changes role from  FOLLOWER to CANDIDATE at term 0 for changeToCandidate
2024-01-26 13:20:19,766 [84594c31-4da7-47fb-86d6-9d5be6ec36d0@group-89BB3BB132ED-FollowerState] INFO  server.RaftServerConfigKeys (ConfUtils.java:logGet(46)) - raft.server.leaderelection.pre-vote = true (default)
2024-01-26 13:20:19,766 [84594c31-4da7-47fb-86d6-9d5be6ec36d0@group-89BB3BB132ED-FollowerState] INFO  impl.RoleInfo (RoleInfo.java:updateAndGet(139)) - 84594c31-4da7-47fb-86d6-9d5be6ec36d0: start 84594c31-4da7-47fb-86d6-9d5be6ec36d0@group-89BB3BB132ED-LeaderElection30
2024-01-26 13:20:19,768 [84594c31-4da7-47fb-86d6-9d5be6ec36d0@group-89BB3BB132ED-LeaderElection30] INFO  impl.LeaderElection (LeaderElection.java:askForVotes(321)) - 84594c31-4da7-47fb-86d6-9d5be6ec36d0@group-89BB3BB132ED-LeaderElection30 PRE_VOTE round 0: submit vote requests at term 0 for -1: peers:[84594c31-4da7-47fb-86d6-9d5be6ec36d0|10.1.0.20:15166]|listeners:[], old=null
2024-01-26 13:20:19,768 [84594c31-4da7-47fb-86d6-9d5be6ec36d0@group-89BB3BB132ED-LeaderElection30] INFO  impl.LeaderElection (LeaderElection.java:askForVotes(323)) - 84594c31-4da7-47fb-86d6-9d5be6ec36d0@group-89BB3BB132ED-LeaderElection30 PRE_VOTE round 0: result PASSED (term=0)
2024-01-26 13:20:19,769 [84594c31-4da7-47fb-86d6-9d5be6ec36d0@group-89BB3BB132ED-LeaderElection30] INFO  impl.LeaderElection (LeaderElection.java:askForVotes(321)) - 84594c31-4da7-47fb-86d6-9d5be6ec36d0@group-89BB3BB132ED-LeaderElection30 ELECTION round 0: submit vote requests at term 1 for -1: peers:[84594c31-4da7-47fb-86d6-9d5be6ec36d0|10.1.0.20:15166]|listeners:[], old=null
2024-01-26 13:20:19,769 [84594c31-4da7-47fb-86d6-9d5be6ec36d0@group-89BB3BB132ED-LeaderElection30] INFO  impl.LeaderElection (LeaderElection.java:askForVotes(323)) - 84594c31-4da7-47fb-86d6-9d5be6ec36d0@group-89BB3BB132ED-LeaderElection30 ELECTION round 0: result PASSED (term=1)
2024-01-26 13:20:19,769 [84594c31-4da7-47fb-86d6-9d5be6ec36d0@group-89BB3BB132ED-LeaderElection30] INFO  impl.RoleInfo (RoleInfo.java:shutdownLeaderElection(130)) - 84594c31-4da7-47fb-86d6-9d5be6ec36d0: shutdown 84594c31-4da7-47fb-86d6-9d5be6ec36d0@group-89BB3BB132ED-LeaderElection30
2024-01-26 13:20:19,769 [84594c31-4da7-47fb-86d6-9d5be6ec36d0@group-89BB3BB132ED-LeaderElection30] INFO  server.RaftServer$Division (RaftServerImpl.java:setRole(383)) - 84594c31-4da7-47fb-86d6-9d5be6ec36d0@group-89BB3BB132ED: changes role from CANDIDATE to LEADER at term 1 for changeToLeader
2024-01-26 13:20:19,769 [84594c31-4da7-47fb-86d6-9d5be6ec36d0@group-89BB3BB132ED-LeaderElection30] INFO  server.RaftServerConfigKeys (ConfUtils.java:logGet(46)) - raft.server.staging.catchup.gap = 1000 (default)
2024-01-26 13:20:19,769 [84594c31-4da7-47fb-86d6-9d5be6ec36d0@group-89BB3BB132ED-LeaderElection30] INFO  server.RaftServerConfigKeys (ConfUtils.java:logGet(46)) - raft.server.write.element-limit = 1024 (custom)
2024-01-26 13:20:19,769 [84594c31-4da7-47fb-86d6-9d5be6ec36d0@group-89BB3BB132ED-LeaderElection30] INFO  server.RaftServerConfigKeys (ConfUtils.java:logGet(46)) - raft.server.write.byte-limit = 1024 M (=1073741824) (custom)
2024-01-26 13:20:19,769 [84594c31-4da7-47fb-86d6-9d5be6ec36d0@group-89BB3BB132ED-LeaderElection30] INFO  server.RaftServerConfigKeys (ConfUtils.java:logGet(46)) - raft.server.watch.timeout = 3000ms (custom)
2024-01-26 13:20:19,769 [84594c31-4da7-47fb-86d6-9d5be6ec36d0@group-89BB3BB132ED-LeaderElection30] INFO  server.RaftServerConfigKeys (ConfUtils.java:logGet(46)) - raft.server.watch.timeout.denomination = 1s (default)
2024-01-26 13:20:19,769 [84594c31-4da7-47fb-86d6-9d5be6ec36d0@group-89BB3BB132ED-LeaderElection30] INFO  server.RaftServerConfigKeys (ConfUtils.java:logGet(46)) - raft.server.watch.element-limit = 65536 (default)
2024-01-26 13:20:19,770 [84594c31-4da7-47fb-86d6-9d5be6ec36d0@group-89BB3BB132ED-LeaderElection30] INFO  server.RaftServerConfigKeys (ConfUtils.java:logGet(46)) - raft.server.read.leader.lease.enabled = false (default)
2024-01-26 13:20:19,770 [84594c31-4da7-47fb-86d6-9d5be6ec36d0@group-89BB3BB132ED-LeaderElection30] INFO  server.RaftServerConfigKeys (ConfUtils.java:logGet(46)) - raft.server.read.leader.lease.timeout.ratio = 0.9 (default)
2024-01-26 13:20:19,770 [84594c31-4da7-47fb-86d6-9d5be6ec36d0@group-89BB3BB132ED-LeaderElection30] INFO  server.RaftServerConfigKeys (ConfUtils.java:logGet(46)) - raft.server.rpc.timeout.min = 5s (custom)
2024-01-26 13:20:19,770 [84594c31-4da7-47fb-86d6-9d5be6ec36d0@group-89BB3BB132ED-LeaderElection30] INFO  server.RaftServerConfigKeys (ConfUtils.java:logGet(46)) - raft.server.write.element-limit = 1024 (custom)
2024-01-26 13:20:19,770 [84594c31-4da7-47fb-86d6-9d5be6ec36d0@group-89BB3BB132ED-LeaderElection30] INFO  server.RaftServerConfigKeys (ConfUtils.java:logGet(46)) - raft.server.write.follower.gap.ratio.max = -1.0 (default)
2024-01-26 13:20:19,770 [84594c31-4da7-47fb-86d6-9d5be6ec36d0@group-89BB3BB132ED-LeaderElection30] INFO  impl.RoleInfo (RoleInfo.java:updateAndGet(139)) - 84594c31-4da7-47fb-86d6-9d5be6ec36d0: start 84594c31-4da7-47fb-86d6-9d5be6ec36d0@group-89BB3BB132ED-LeaderStateImpl
2024-01-26 13:20:19,770 [84594c31-4da7-47fb-86d6-9d5be6ec36d0@group-89BB3BB132ED-LeaderElection30] INFO  server.RaftServer$Division (RaftServerImpl.java:setFirstElection(574)) - 84594c31-4da7-47fb-86d6-9d5be6ec36d0@group-89BB3BB132ED: set firstElectionSinceStartup to false for becomeLeader
2024-01-26 13:20:19,770 [84594c31-4da7-47fb-86d6-9d5be6ec36d0@group-89BB3BB132ED-LeaderElection30] INFO  ratis.XceiverServerRatis (XceiverServerRatis.java:handleLeaderChangedNotification(945)) - Leader change notification received for group: group-89BB3BB132ED with new leaderId: 84594c31-4da7-47fb-86d6-9d5be6ec36d0
2024-01-26 13:20:19,770 [84594c31-4da7-47fb-86d6-9d5be6ec36d0@group-89BB3BB132ED-LeaderElection30] INFO  server.RaftServer$Division (ServerState.java:setLeader(269)) - 84594c31-4da7-47fb-86d6-9d5be6ec36d0@group-89BB3BB132ED: change Leader from null to 84594c31-4da7-47fb-86d6-9d5be6ec36d0 at term 1 for becomeLeader, leader elected after 5025ms
2024-01-26 13:20:19,770 [84594c31-4da7-47fb-86d6-9d5be6ec36d0@group-89BB3BB132ED-LeaderElection30] INFO  segmented.SegmentedRaftLogWorker (SegmentedRaftLogWorker.java:startLogSegment(430)) - 84594c31-4da7-47fb-86d6-9d5be6ec36d0@group-89BB3BB132ED-SegmentedRaftLogWorker: Starting segment from index:0
2024-01-26 13:20:19,771 [84594c31-4da7-47fb-86d6-9d5be6ec36d0@group-89BB3BB132ED-LeaderElection30] INFO  server.RaftServer$Division (ServerState.java:setRaftConf(386)) - 84594c31-4da7-47fb-86d6-9d5be6ec36d0@group-89BB3BB132ED: set configuration 0: peers:[84594c31-4da7-47fb-86d6-9d5be6ec36d0|10.1.0.20:15166]|listeners:[], old=null
2024-01-26 13:20:19,771 [84594c31-4da7-47fb-86d6-9d5be6ec36d0@group-89BB3BB132ED-SegmentedRaftLogWorker] INFO  segmented.BufferedWriteChannel (BufferedWriteChannel.java:open(62)) - open log_inprogress_0 at position 0
2024-01-26 13:20:19,777 [75a8e9a7-4fdb-4573-b73d-655a6993b3e4@group-792F70B7EB65-FollowerState] INFO  impl.FollowerState (FollowerState.java:run(143)) - 75a8e9a7-4fdb-4573-b73d-655a6993b3e4@group-792F70B7EB65-FollowerState: change to CANDIDATE, lastRpcElapsedTime:5107470864ns, electionTimeout:5107ms
2024-01-26 13:20:19,777 [75a8e9a7-4fdb-4573-b73d-655a6993b3e4@group-792F70B7EB65-FollowerState] INFO  impl.RoleInfo (RoleInfo.java:shutdownFollowerState(110)) - 75a8e9a7-4fdb-4573-b73d-655a6993b3e4: shutdown 75a8e9a7-4fdb-4573-b73d-655a6993b3e4@group-792F70B7EB65-FollowerState
2024-01-26 13:20:19,777 [75a8e9a7-4fdb-4573-b73d-655a6993b3e4@group-792F70B7EB65-FollowerState] INFO  server.RaftServer$Division (RaftServerImpl.java:setRole(383)) - 75a8e9a7-4fdb-4573-b73d-655a6993b3e4@group-792F70B7EB65: changes role from  FOLLOWER to CANDIDATE at term 0 for changeToCandidate
2024-01-26 13:20:19,777 [75a8e9a7-4fdb-4573-b73d-655a6993b3e4@group-792F70B7EB65-FollowerState] INFO  server.RaftServerConfigKeys (ConfUtils.java:logGet(46)) - raft.server.leaderelection.pre-vote = true (default)
2024-01-26 13:20:19,777 [75a8e9a7-4fdb-4573-b73d-655a6993b3e4@group-792F70B7EB65-FollowerState] INFO  impl.RoleInfo (RoleInfo.java:updateAndGet(139)) - 75a8e9a7-4fdb-4573-b73d-655a6993b3e4: start 75a8e9a7-4fdb-4573-b73d-655a6993b3e4@group-792F70B7EB65-LeaderElection31
2024-01-26 13:20:19,779 [75a8e9a7-4fdb-4573-b73d-655a6993b3e4@group-792F70B7EB65-LeaderElection31] INFO  impl.LeaderElection (LeaderElection.java:askForVotes(321)) - 75a8e9a7-4fdb-4573-b73d-655a6993b3e4@group-792F70B7EB65-LeaderElection31 PRE_VOTE round 0: submit vote requests at term 0 for -1: peers:[6f9a858c-5bc3-4795-8cf6-806e3c336a96|10.1.0.20:15175, 84594c31-4da7-47fb-86d6-9d5be6ec36d0|10.1.0.20:15166, 75a8e9a7-4fdb-4573-b73d-655a6993b3e4|10.1.0.20:15157]|listeners:[], old=null
2024-01-26 13:20:19,779 [75a8e9a7-4fdb-4573-b73d-655a6993b3e4@group-792F70B7EB65-LeaderElection31-1] INFO  server.GrpcServerProtocolClient (GrpcServerProtocolClient.java:<init>(65)) - Build channel for 6f9a858c-5bc3-4795-8cf6-806e3c336a96|10.1.0.20:15175
2024-01-26 13:20:19,779 [75a8e9a7-4fdb-4573-b73d-655a6993b3e4@group-792F70B7EB65-LeaderElection31-2] INFO  server.GrpcServerProtocolClient (GrpcServerProtocolClient.java:<init>(65)) - Build channel for 84594c31-4da7-47fb-86d6-9d5be6ec36d0|10.1.0.20:15166
2024-01-26 13:20:19,779 [75a8e9a7-4fdb-4573-b73d-655a6993b3e4@group-792F70B7EB65-LeaderElection31] INFO  server.RaftServerConfigKeys (ConfUtils.java:logFallback(53)) - raft.server.rpc.first-election.timeout.min = 5s (fallback to raft.server.rpc.timeout.min)
2024-01-26 13:20:19,780 [75a8e9a7-4fdb-4573-b73d-655a6993b3e4@group-792F70B7EB65-LeaderElection31] INFO  server.RaftServerConfigKeys (ConfUtils.java:logFallback(53)) - raft.server.rpc.first-election.timeout.max = 5200ms (fallback to raft.server.rpc.timeout.max)
2024-01-26 13:20:19,783 [84594c31-4da7-47fb-86d6-9d5be6ec36d0@group-89BB3BB132ED-SegmentedRaftLogWorker] INFO  segmented.SegmentedRaftLogWorker (SegmentedRaftLogWorker.java:execute(634)) - 84594c31-4da7-47fb-86d6-9d5be6ec36d0@group-89BB3BB132ED-SegmentedRaftLogWorker: created new log segment /home/runner/work/ozone/ozone/hadoop-ozone/integration-test/target/test-dir/MiniOzoneClusterImpl-6bed2868-cd70-4a3d-a9ed-67052a48ddc2/datanode-7/data/ratis/4d05220e-f77e-4080-8c1d-89bb3bb132ed/current/log_inprogress_0
2024-01-26 13:20:19,784 [grpc-default-executor-5] INFO  server.RaftServer$Division (RaftServerImpl.java:requestVote(1389)) - 84594c31-4da7-47fb-86d6-9d5be6ec36d0@group-792F70B7EB65: receive requestVote(PRE_VOTE, 75a8e9a7-4fdb-4573-b73d-655a6993b3e4, group-792F70B7EB65, 0, (t:0, i:0))
2024-01-26 13:20:19,784 [grpc-default-executor-4] INFO  server.RaftServer$Division (RaftServerImpl.java:requestVote(1389)) - 6f9a858c-5bc3-4795-8cf6-806e3c336a96@group-792F70B7EB65: receive requestVote(PRE_VOTE, 75a8e9a7-4fdb-4573-b73d-655a6993b3e4, group-792F70B7EB65, 0, (t:0, i:0))
2024-01-26 13:20:19,784 [grpc-default-executor-5] INFO  impl.VoteContext (VoteContext.java:log(49)) - 84594c31-4da7-47fb-86d6-9d5be6ec36d0@group-792F70B7EB65-FOLLOWER: reject PRE_VOTE from 75a8e9a7-4fdb-4573-b73d-655a6993b3e4: our priority 1 > candidate's priority 0
2024-01-26 13:20:19,785 [grpc-default-executor-5] INFO  server.RaftServer$Division (RaftServerImpl.java:requestVote(1422)) - 84594c31-4da7-47fb-86d6-9d5be6ec36d0@group-792F70B7EB65 replies to PRE_VOTE vote request: 75a8e9a7-4fdb-4573-b73d-655a6993b3e4<-84594c31-4da7-47fb-86d6-9d5be6ec36d0#0:FAIL-t0. Peer's state: 84594c31-4da7-47fb-86d6-9d5be6ec36d0@group-792F70B7EB65:t0, leader=null, voted=, raftlog=Memoized:84594c31-4da7-47fb-86d6-9d5be6ec36d0@group-792F70B7EB65-SegmentedRaftLog:OPENED:c-1, conf=-1: peers:[6f9a858c-5bc3-4795-8cf6-806e3c336a96|10.1.0.20:15175, 84594c31-4da7-47fb-86d6-9d5be6ec36d0|10.1.0.20:15166, 75a8e9a7-4fdb-4573-b73d-655a6993b3e4|10.1.0.20:15157]|listeners:[], old=null
2024-01-26 13:20:19,784 [grpc-default-executor-4] INFO  impl.VoteContext (VoteContext.java:log(49)) - 6f9a858c-5bc3-4795-8cf6-806e3c336a96@group-792F70B7EB65-FOLLOWER: accept PRE_VOTE from 75a8e9a7-4fdb-4573-b73d-655a6993b3e4: our priority 0 <= candidate's priority 0
2024-01-26 13:20:19,785 [grpc-default-executor-4] INFO  server.RaftServer$Division (RaftServerImpl.java:requestVote(1422)) - 6f9a858c-5bc3-4795-8cf6-806e3c336a96@group-792F70B7EB65 replies to PRE_VOTE vote request: 75a8e9a7-4fdb-4573-b73d-655a6993b3e4<-6f9a858c-5bc3-4795-8cf6-806e3c336a96#0:OK-t0. Peer's state: 6f9a858c-5bc3-4795-8cf6-806e3c336a96@group-792F70B7EB65:t0, leader=null, voted=, raftlog=Memoized:6f9a858c-5bc3-4795-8cf6-806e3c336a96@group-792F70B7EB65-SegmentedRaftLog:OPENED:c-1, conf=-1: peers:[6f9a858c-5bc3-4795-8cf6-806e3c336a96|10.1.0.20:15175, 84594c31-4da7-47fb-86d6-9d5be6ec36d0|10.1.0.20:15166, 75a8e9a7-4fdb-4573-b73d-655a6993b3e4|10.1.0.20:15157]|listeners:[], old=null
2024-01-26 13:20:19,787 [75a8e9a7-4fdb-4573-b73d-655a6993b3e4@group-792F70B7EB65-LeaderElection31] INFO  impl.LeaderElection (LeaderElection.java:logAndReturn(89)) - 75a8e9a7-4fdb-4573-b73d-655a6993b3e4@group-792F70B7EB65-LeaderElection31: PRE_VOTE REJECTED received 1 response(s) and 0 exception(s):
2024-01-26 13:20:19,787 [75a8e9a7-4fdb-4573-b73d-655a6993b3e4@group-792F70B7EB65-LeaderElection31] INFO  impl.LeaderElection (LeaderElection.java:logAndReturn(93)) -   Response 0: 75a8e9a7-4fdb-4573-b73d-655a6993b3e4<-84594c31-4da7-47fb-86d6-9d5be6ec36d0#0:FAIL-t0
2024-01-26 13:20:19,787 [75a8e9a7-4fdb-4573-b73d-655a6993b3e4@group-792F70B7EB65-LeaderElection31] INFO  impl.LeaderElection (LeaderElection.java:askForVotes(323)) - 75a8e9a7-4fdb-4573-b73d-655a6993b3e4@group-792F70B7EB65-LeaderElection31 PRE_VOTE round 0: result REJECTED
2024-01-26 13:20:19,787 [75a8e9a7-4fdb-4573-b73d-655a6993b3e4@group-792F70B7EB65-LeaderElection31] INFO  server.RaftServer$Division (RaftServerImpl.java:setRole(383)) - 75a8e9a7-4fdb-4573-b73d-655a6993b3e4@group-792F70B7EB65: changes role from CANDIDATE to FOLLOWER at term 0 for REJECTED
2024-01-26 13:20:19,789 [75a8e9a7-4fdb-4573-b73d-655a6993b3e4@group-792F70B7EB65-LeaderElection31] INFO  impl.RoleInfo (RoleInfo.java:shutdownLeaderElection(130)) - 75a8e9a7-4fdb-4573-b73d-655a6993b3e4: shutdown 75a8e9a7-4fdb-4573-b73d-655a6993b3e4@group-792F70B7EB65-LeaderElection31
2024-01-26 13:20:19,788 [84594c31-4da7-47fb-86d6-9d5be6ec36d0@group-89BB3BB132ED-StateMachineUpdater] INFO  server.RaftServer$Division (LeaderStateImpl.java:isApplied(320)) - leader is ready since appliedIndex == 0 >= startIndex == 0
2024-01-26 13:20:19,789 [75a8e9a7-4fdb-4573-b73d-655a6993b3e4@group-792F70B7EB65-LeaderElection31] INFO  impl.RoleInfo (RoleInfo.java:updateAndGet(139)) - 75a8e9a7-4fdb-4573-b73d-655a6993b3e4: start 75a8e9a7-4fdb-4573-b73d-655a6993b3e4@group-792F70B7EB65-FollowerState
2024-01-26 13:20:19,790 [75a8e9a7-4fdb-4573-b73d-655a6993b3e4@group-792F70B7EB65-LeaderElection31] INFO  server.RaftServer$Division (RaftServerImpl.java:setFirstElection(574)) - 75a8e9a7-4fdb-4573-b73d-655a6993b3e4@group-792F70B7EB65: set firstElectionSinceStartup to false for REJECTED
2024-01-26 13:20:19,842 [main] INFO  ozone.MiniOzoneClusterImpl (MiniOzoneClusterImpl.java:lambda$waitForClusterToBeReady$0(229)) - Nodes are ready. Got 9 of 9 DN Heartbeats.
2024-01-26 13:20:19,842 [main] INFO  ozone.MiniOzoneClusterImpl (MiniOzoneClusterImpl.java:lambda$waitForClusterToBeReady$0(232)) - Cluster exits safe mode
2024-01-26 13:20:19,843 [main] INFO  ozone.MiniOzoneClusterImpl (MiniOzoneClusterImpl.java:lambda$waitForClusterToBeReady$0(234)) - SCM became leader
2024-01-26 13:20:19,843 [main] INFO  protocolPB.OmTransportFactory (OmTransportFactory.java:createFactory(62)) - Loading OM transport implementation org.apache.hadoop.ozone.om.protocolPB.Hadoop3OmTransportFactory as specified by configuration.
2024-01-26 13:20:19,850 [main] INFO  rpc.RpcClient (RpcClient.java:createVolume(456)) - Creating Volume: watchforcommithandlingtest, with runner as owner and space quota set to -1 bytes, counts quota set to -1
2024-01-26 13:20:19,854 [om1-OMStateMachineApplyTransactionThread - 0] INFO  volume.OMVolumeCreateRequest (OMVolumeCreateRequest.java:validateAndUpdateCache(198)) - created volume:watchforcommithandlingtest for user:runner
2024-01-26 13:20:19,858 [main] INFO  rpc.RpcClient (RpcClient.java:createBucket(683)) - Creating Bucket: watchforcommithandlingtest/watchforcommithandlingtest, with server-side default bucket layout, runner as owner, Versioning false, Storage Type set to DISK and Encryption set to false, Replication Type set to server-side default replication type, Namespace Quota set to -1, Space Quota set to -1 
2024-01-26 13:20:19,861 [om1-OMStateMachineApplyTransactionThread - 0] INFO  bucket.OMBucketCreateRequest (OMBucketCreateRequest.java:validateAndUpdateCache(292)) - created bucket: watchforcommithandlingtest of layout FILE_SYSTEM_OPTIMIZED in volume: watchforcommithandlingtest
2024-01-26 13:20:19,866 [6f9a858c-5bc3-4795-8cf6-806e3c336a96@group-792F70B7EB65-FollowerState] INFO  server.RaftServerConfigKeys (ConfUtils.java:logFallback(53)) - raft.server.rpc.first-election.timeout.min = 5s (fallback to raft.server.rpc.timeout.min)
2024-01-26 13:20:19,866 [6f9a858c-5bc3-4795-8cf6-806e3c336a96@group-792F70B7EB65-FollowerState] INFO  server.RaftServerConfigKeys (ConfUtils.java:logFallback(53)) - raft.server.rpc.first-election.timeout.max = 5200ms (fallback to raft.server.rpc.timeout.max)
2024-01-26 13:20:19,871 [IPC Server handler 0 on default port 15089] INFO  ha.SequenceIdGenerator (SequenceIdGenerator.java:getNextId(145)) - Allocate a batch for containerId, change lastId from 0 to 1000.
2024-01-26 13:20:19,873 [84594c31-4da7-47fb-86d6-9d5be6ec36d0@group-792F70B7EB65-FollowerState] INFO  impl.FollowerState (FollowerState.java:run(143)) - 84594c31-4da7-47fb-86d6-9d5be6ec36d0@group-792F70B7EB65-FollowerState: change to CANDIDATE, lastRpcElapsedTime:5179331046ns, electionTimeout:5178ms
2024-01-26 13:20:19,873 [84594c31-4da7-47fb-86d6-9d5be6ec36d0@group-792F70B7EB65-FollowerState] INFO  impl.RoleInfo (RoleInfo.java:shutdownFollowerState(110)) - 84594c31-4da7-47fb-86d6-9d5be6ec36d0: shutdown 84594c31-4da7-47fb-86d6-9d5be6ec36d0@group-792F70B7EB65-FollowerState
2024-01-26 13:20:19,873 [84594c31-4da7-47fb-86d6-9d5be6ec36d0@group-792F70B7EB65-FollowerState] INFO  server.RaftServer$Division (RaftServerImpl.java:setRole(383)) - 84594c31-4da7-47fb-86d6-9d5be6ec36d0@group-792F70B7EB65: changes role from  FOLLOWER to CANDIDATE at term 0 for changeToCandidate
2024-01-26 13:20:19,874 [84594c31-4da7-47fb-86d6-9d5be6ec36d0@group-792F70B7EB65-FollowerState] INFO  server.RaftServerConfigKeys (ConfUtils.java:logGet(46)) - raft.server.leaderelection.pre-vote = true (default)
2024-01-26 13:20:19,874 [84594c31-4da7-47fb-86d6-9d5be6ec36d0@group-792F70B7EB65-FollowerState] INFO  impl.RoleInfo (RoleInfo.java:updateAndGet(139)) - 84594c31-4da7-47fb-86d6-9d5be6ec36d0: start 84594c31-4da7-47fb-86d6-9d5be6ec36d0@group-792F70B7EB65-LeaderElection32
2024-01-26 13:20:19,875 [84594c31-4da7-47fb-86d6-9d5be6ec36d0@group-792F70B7EB65-LeaderElection32] INFO  impl.LeaderElection (LeaderElection.java:askForVotes(321)) - 84594c31-4da7-47fb-86d6-9d5be6ec36d0@group-792F70B7EB65-LeaderElection32 PRE_VOTE round 0: submit vote requests at term 0 for -1: peers:[6f9a858c-5bc3-4795-8cf6-806e3c336a96|10.1.0.20:15175, 84594c31-4da7-47fb-86d6-9d5be6ec36d0|10.1.0.20:15166, 75a8e9a7-4fdb-4573-b73d-655a6993b3e4|10.1.0.20:15157]|listeners:[], old=null
2024-01-26 13:20:19,875 [84594c31-4da7-47fb-86d6-9d5be6ec36d0@group-792F70B7EB65-LeaderElection32] INFO  server.RaftServerConfigKeys (ConfUtils.java:logFallback(53)) - raft.server.rpc.first-election.timeout.min = 5s (fallback to raft.server.rpc.timeout.min)
2024-01-26 13:20:19,875 [84594c31-4da7-47fb-86d6-9d5be6ec36d0@group-792F70B7EB65-LeaderElection32] INFO  server.RaftServerConfigKeys (ConfUtils.java:logFallback(53)) - raft.server.rpc.first-election.timeout.max = 5200ms (fallback to raft.server.rpc.timeout.max)
2024-01-26 13:20:19,875 [84594c31-4da7-47fb-86d6-9d5be6ec36d0@group-792F70B7EB65-LeaderElection32-1] INFO  server.GrpcServerProtocolClient (GrpcServerProtocolClient.java:<init>(65)) - Build channel for 6f9a858c-5bc3-4795-8cf6-806e3c336a96|10.1.0.20:15175
2024-01-26 13:20:19,875 [84594c31-4da7-47fb-86d6-9d5be6ec36d0@group-792F70B7EB65-LeaderElection32-2] INFO  server.GrpcServerProtocolClient (GrpcServerProtocolClient.java:<init>(65)) - Build channel for 75a8e9a7-4fdb-4573-b73d-655a6993b3e4|10.1.0.20:15157
2024-01-26 13:20:19,877 [6f9a858c-5bc3-4795-8cf6-806e3c336a96@group-359A7FEFC33E-FollowerState] INFO  impl.FollowerState (FollowerState.java:run(143)) - 6f9a858c-5bc3-4795-8cf6-806e3c336a96@group-359A7FEFC33E-FollowerState: change to CANDIDATE, lastRpcElapsedTime:5023134595ns, electionTimeout:5022ms
2024-01-26 13:20:19,877 [6f9a858c-5bc3-4795-8cf6-806e3c336a96@group-359A7FEFC33E-FollowerState] INFO  impl.RoleInfo (RoleInfo.java:shutdownFollowerState(110)) - 6f9a858c-5bc3-4795-8cf6-806e3c336a96: shutdown 6f9a858c-5bc3-4795-8cf6-806e3c336a96@group-359A7FEFC33E-FollowerState
2024-01-26 13:20:19,877 [6f9a858c-5bc3-4795-8cf6-806e3c336a96@group-359A7FEFC33E-FollowerState] INFO  server.RaftServer$Division (RaftServerImpl.java:setRole(383)) - 6f9a858c-5bc3-4795-8cf6-806e3c336a96@group-359A7FEFC33E: changes role from  FOLLOWER to CANDIDATE at term 0 for changeToCandidate
2024-01-26 13:20:19,877 [6f9a858c-5bc3-4795-8cf6-806e3c336a96@group-359A7FEFC33E-FollowerState] INFO  server.RaftServerConfigKeys (ConfUtils.java:logGet(46)) - raft.server.leaderelection.pre-vote = true (default)
2024-01-26 13:20:19,877 [6f9a858c-5bc3-4795-8cf6-806e3c336a96@group-359A7FEFC33E-FollowerState] INFO  impl.RoleInfo (RoleInfo.java:updateAndGet(139)) - 6f9a858c-5bc3-4795-8cf6-806e3c336a96: start 6f9a858c-5bc3-4795-8cf6-806e3c336a96@group-359A7FEFC33E-LeaderElection33
2024-01-26 13:20:19,880 [grpc-default-executor-4] INFO  server.RaftServer$Division (RaftServerImpl.java:requestVote(1389)) - 6f9a858c-5bc3-4795-8cf6-806e3c336a96@group-792F70B7EB65: receive requestVote(PRE_VOTE, 84594c31-4da7-47fb-86d6-9d5be6ec36d0, group-792F70B7EB65, 0, (t:0, i:0))
2024-01-26 13:20:19,880 [grpc-default-executor-4] INFO  impl.VoteContext (VoteContext.java:log(49)) - 6f9a858c-5bc3-4795-8cf6-806e3c336a96@group-792F70B7EB65-FOLLOWER: accept PRE_VOTE from 84594c31-4da7-47fb-86d6-9d5be6ec36d0: our priority 0 <= candidate's priority 1
2024-01-26 13:20:19,880 [grpc-default-executor-4] INFO  server.RaftServer$Division (RaftServerImpl.java:requestVote(1422)) - 6f9a858c-5bc3-4795-8cf6-806e3c336a96@group-792F70B7EB65 replies to PRE_VOTE vote request: 84594c31-4da7-47fb-86d6-9d5be6ec36d0<-6f9a858c-5bc3-4795-8cf6-806e3c336a96#0:OK-t0. Peer's state: 6f9a858c-5bc3-4795-8cf6-806e3c336a96@group-792F70B7EB65:t0, leader=null, voted=, raftlog=Memoized:6f9a858c-5bc3-4795-8cf6-806e3c336a96@group-792F70B7EB65-SegmentedRaftLog:OPENED:c-1, conf=-1: peers:[6f9a858c-5bc3-4795-8cf6-806e3c336a96|10.1.0.20:15175, 84594c31-4da7-47fb-86d6-9d5be6ec36d0|10.1.0.20:15166, 75a8e9a7-4fdb-4573-b73d-655a6993b3e4|10.1.0.20:15157]|listeners:[], old=null
2024-01-26 13:20:19,885 [84594c31-4da7-47fb-86d6-9d5be6ec36d0@group-792F70B7EB65-LeaderElection32] INFO  impl.LeaderElection (LeaderElection.java:logAndReturn(89)) - 84594c31-4da7-47fb-86d6-9d5be6ec36d0@group-792F70B7EB65-LeaderElection32: PRE_VOTE PASSED received 1 response(s) and 0 exception(s):
2024-01-26 13:20:19,885 [84594c31-4da7-47fb-86d6-9d5be6ec36d0@group-792F70B7EB65-LeaderElection32] INFO  impl.LeaderElection (LeaderElection.java:logAndReturn(93)) -   Response 0: 84594c31-4da7-47fb-86d6-9d5be6ec36d0<-6f9a858c-5bc3-4795-8cf6-806e3c336a96#0:OK-t0
2024-01-26 13:20:19,885 [84594c31-4da7-47fb-86d6-9d5be6ec36d0@group-792F70B7EB65-LeaderElection32] INFO  impl.LeaderElection (LeaderElection.java:askForVotes(323)) - 84594c31-4da7-47fb-86d6-9d5be6ec36d0@group-792F70B7EB65-LeaderElection32 PRE_VOTE round 0: result PASSED
2024-01-26 13:20:19,889 [6f9a858c-5bc3-4795-8cf6-806e3c336a96@group-359A7FEFC33E-LeaderElection33] INFO  impl.LeaderElection (LeaderElection.java:askForVotes(321)) - 6f9a858c-5bc3-4795-8cf6-806e3c336a96@group-359A7FEFC33E-LeaderElection33 PRE_VOTE round 0: submit vote requests at term 0 for -1: peers:[6f9a858c-5bc3-4795-8cf6-806e3c336a96|10.1.0.20:15175]|listeners:[], old=null
2024-01-26 13:20:19,889 [6f9a858c-5bc3-4795-8cf6-806e3c336a96@group-359A7FEFC33E-LeaderElection33] INFO  impl.LeaderElection (LeaderElection.java:askForVotes(323)) - 6f9a858c-5bc3-4795-8cf6-806e3c336a96@group-359A7FEFC33E-LeaderElection33 PRE_VOTE round 0: result PASSED (term=0)
2024-01-26 13:20:19,889 [84594c31-4da7-47fb-86d6-9d5be6ec36d0@group-792F70B7EB65-LeaderElection32] INFO  impl.LeaderElection (LeaderElection.java:askForVotes(321)) - 84594c31-4da7-47fb-86d6-9d5be6ec36d0@group-792F70B7EB65-LeaderElection32 ELECTION round 0: submit vote requests at term 1 for -1: peers:[6f9a858c-5bc3-4795-8cf6-806e3c336a96|10.1.0.20:15175, 84594c31-4da7-47fb-86d6-9d5be6ec36d0|10.1.0.20:15166, 75a8e9a7-4fdb-4573-b73d-655a6993b3e4|10.1.0.20:15157]|listeners:[], old=null
2024-01-26 13:20:19,891 [grpc-default-executor-1] INFO  server.RaftServer$Division (RaftServerImpl.java:requestVote(1389)) - 6f9a858c-5bc3-4795-8cf6-806e3c336a96@group-792F70B7EB65: receive requestVote(ELECTION, 84594c31-4da7-47fb-86d6-9d5be6ec36d0, group-792F70B7EB65, 1, (t:0, i:0))
2024-01-26 13:20:19,891 [grpc-default-executor-1] INFO  impl.VoteContext (VoteContext.java:log(49)) - 6f9a858c-5bc3-4795-8cf6-806e3c336a96@group-792F70B7EB65-FOLLOWER: accept ELECTION from 84594c31-4da7-47fb-86d6-9d5be6ec36d0: our priority 0 <= candidate's priority 1
2024-01-26 13:20:19,891 [grpc-default-executor-1] INFO  server.RaftServer$Division (RaftServerImpl.java:setRole(383)) - 6f9a858c-5bc3-4795-8cf6-806e3c336a96@group-792F70B7EB65: changes role from  FOLLOWER to FOLLOWER at term 1 for candidate:84594c31-4da7-47fb-86d6-9d5be6ec36d0
2024-01-26 13:20:19,891 [grpc-default-executor-1] INFO  impl.RoleInfo (RoleInfo.java:shutdownFollowerState(110)) - 6f9a858c-5bc3-4795-8cf6-806e3c336a96: shutdown 6f9a858c-5bc3-4795-8cf6-806e3c336a96@group-792F70B7EB65-FollowerState
2024-01-26 13:20:19,891 [84594c31-4da7-47fb-86d6-9d5be6ec36d0@group-792F70B7EB65-LeaderElection32] INFO  server.RaftServerConfigKeys (ConfUtils.java:logFallback(53)) - raft.server.rpc.first-election.timeout.min = 5s (fallback to raft.server.rpc.timeout.min)
2024-01-26 13:20:19,892 [84594c31-4da7-47fb-86d6-9d5be6ec36d0@group-792F70B7EB65-LeaderElection32] INFO  server.RaftServerConfigKeys (ConfUtils.java:logFallback(53)) - raft.server.rpc.first-election.timeout.max = 5200ms (fallback to raft.server.rpc.timeout.max)
2024-01-26 13:20:19,892 [grpc-default-executor-4] INFO  server.RaftServer$Division (RaftServerImpl.java:requestVote(1389)) - 75a8e9a7-4fdb-4573-b73d-655a6993b3e4@group-792F70B7EB65: receive requestVote(PRE_VOTE, 84594c31-4da7-47fb-86d6-9d5be6ec36d0, group-792F70B7EB65, 0, (t:0, i:0))
2024-01-26 13:20:19,892 [grpc-default-executor-4] INFO  impl.VoteContext (VoteContext.java:log(49)) - 75a8e9a7-4fdb-4573-b73d-655a6993b3e4@group-792F70B7EB65-FOLLOWER: accept PRE_VOTE from 84594c31-4da7-47fb-86d6-9d5be6ec36d0: our priority 0 <= candidate's priority 1
2024-01-26 13:20:19,892 [grpc-default-executor-4] INFO  server.RaftServer$Division (RaftServerImpl.java:requestVote(1422)) - 75a8e9a7-4fdb-4573-b73d-655a6993b3e4@group-792F70B7EB65 replies to PRE_VOTE vote request: 84594c31-4da7-47fb-86d6-9d5be6ec36d0<-75a8e9a7-4fdb-4573-b73d-655a6993b3e4#0:OK-t0. Peer's state: 75a8e9a7-4fdb-4573-b73d-655a6993b3e4@group-792F70B7EB65:t0, leader=null, voted=, raftlog=Memoized:75a8e9a7-4fdb-4573-b73d-655a6993b3e4@group-792F70B7EB65-SegmentedRaftLog:OPENED:c-1, conf=-1: peers:[6f9a858c-5bc3-4795-8cf6-806e3c336a96|10.1.0.20:15175, 84594c31-4da7-47fb-86d6-9d5be6ec36d0|10.1.0.20:15166, 75a8e9a7-4fdb-4573-b73d-655a6993b3e4|10.1.0.20:15157]|listeners:[], old=null
2024-01-26 13:20:19,897 [grpc-default-executor-1] INFO  impl.RoleInfo (RoleInfo.java:updateAndGet(139)) - 6f9a858c-5bc3-4795-8cf6-806e3c336a96: start 6f9a858c-5bc3-4795-8cf6-806e3c336a96@group-792F70B7EB65-FollowerState
2024-01-26 13:20:19,897 [6f9a858c-5bc3-4795-8cf6-806e3c336a96@group-792F70B7EB65-FollowerState] INFO  impl.FollowerState (FollowerState.java:run(152)) - 6f9a858c-5bc3-4795-8cf6-806e3c336a96@group-792F70B7EB65-FollowerState was interrupted
2024-01-26 13:20:19,897 [grpc-default-executor-1] INFO  server.RaftServer$Division (RaftServerImpl.java:setFirstElection(574)) - 6f9a858c-5bc3-4795-8cf6-806e3c336a96@group-792F70B7EB65: set firstElectionSinceStartup to false for candidate:84594c31-4da7-47fb-86d6-9d5be6ec36d0
2024-01-26 13:20:19,901 [grpc-default-executor-1] INFO  server.RaftServer$Division (RaftServerImpl.java:requestVote(1422)) - 6f9a858c-5bc3-4795-8cf6-806e3c336a96@group-792F70B7EB65 replies to ELECTION vote request: 84594c31-4da7-47fb-86d6-9d5be6ec36d0<-6f9a858c-5bc3-4795-8cf6-806e3c336a96#0:OK-t1. Peer's state: 6f9a858c-5bc3-4795-8cf6-806e3c336a96@group-792F70B7EB65:t1, leader=null, voted=84594c31-4da7-47fb-86d6-9d5be6ec36d0, raftlog=Memoized:6f9a858c-5bc3-4795-8cf6-806e3c336a96@group-792F70B7EB65-SegmentedRaftLog:OPENED:c-1, conf=-1: peers:[6f9a858c-5bc3-4795-8cf6-806e3c336a96|10.1.0.20:15175, 84594c31-4da7-47fb-86d6-9d5be6ec36d0|10.1.0.20:15166, 75a8e9a7-4fdb-4573-b73d-655a6993b3e4|10.1.0.20:15157]|listeners:[], old=null
2024-01-26 13:20:19,901 [grpc-default-executor-4] INFO  server.RaftServer$Division (RaftServerImpl.java:requestVote(1389)) - 75a8e9a7-4fdb-4573-b73d-655a6993b3e4@group-792F70B7EB65: receive requestVote(ELECTION, 84594c31-4da7-47fb-86d6-9d5be6ec36d0, group-792F70B7EB65, 1, (t:0, i:0))
2024-01-26 13:20:19,901 [6f9a858c-5bc3-4795-8cf6-806e3c336a96@group-359A7FEFC33E-LeaderElection33] INFO  impl.LeaderElection (LeaderElection.java:askForVotes(321)) - 6f9a858c-5bc3-4795-8cf6-806e3c336a96@group-359A7FEFC33E-LeaderElection33 ELECTION round 0: submit vote requests at term 1 for -1: peers:[6f9a858c-5bc3-4795-8cf6-806e3c336a96|10.1.0.20:15175]|listeners:[], old=null
2024-01-26 13:20:19,902 [grpc-default-executor-4] INFO  impl.VoteContext (VoteContext.java:log(49)) - 75a8e9a7-4fdb-4573-b73d-655a6993b3e4@group-792F70B7EB65-FOLLOWER: accept ELECTION from 84594c31-4da7-47fb-86d6-9d5be6ec36d0: our priority 0 <= candidate's priority 1
2024-01-26 13:20:19,902 [6f9a858c-5bc3-4795-8cf6-806e3c336a96@group-359A7FEFC33E-LeaderElection33] INFO  impl.LeaderElection (LeaderElection.java:askForVotes(323)) - 6f9a858c-5bc3-4795-8cf6-806e3c336a96@group-359A7FEFC33E-LeaderElection33 ELECTION round 0: result PASSED (term=1)
2024-01-26 13:20:19,902 [grpc-default-executor-4] INFO  server.RaftServer$Division (RaftServerImpl.java:setRole(383)) - 75a8e9a7-4fdb-4573-b73d-655a6993b3e4@group-792F70B7EB65: changes role from  FOLLOWER to FOLLOWER at term 1 for candidate:84594c31-4da7-47fb-86d6-9d5be6ec36d0
2024-01-26 13:20:19,902 [grpc-default-executor-4] INFO  impl.RoleInfo (RoleInfo.java:shutdownFollowerState(110)) - 75a8e9a7-4fdb-4573-b73d-655a6993b3e4: shutdown 75a8e9a7-4fdb-4573-b73d-655a6993b3e4@group-792F70B7EB65-FollowerState
2024-01-26 13:20:19,902 [6f9a858c-5bc3-4795-8cf6-806e3c336a96@group-359A7FEFC33E-LeaderElection33] INFO  impl.RoleInfo (RoleInfo.java:shutdownLeaderElection(130)) - 6f9a858c-5bc3-4795-8cf6-806e3c336a96: shutdown 6f9a858c-5bc3-4795-8cf6-806e3c336a96@group-359A7FEFC33E-LeaderElection33
2024-01-26 13:20:19,902 [75a8e9a7-4fdb-4573-b73d-655a6993b3e4@group-792F70B7EB65-FollowerState] INFO  impl.FollowerState (FollowerState.java:run(152)) - 75a8e9a7-4fdb-4573-b73d-655a6993b3e4@group-792F70B7EB65-FollowerState was interrupted
2024-01-26 13:20:19,902 [grpc-default-executor-4] INFO  impl.RoleInfo (RoleInfo.java:updateAndGet(139)) - 75a8e9a7-4fdb-4573-b73d-655a6993b3e4: start 75a8e9a7-4fdb-4573-b73d-655a6993b3e4@group-792F70B7EB65-FollowerState
2024-01-26 13:20:19,902 [6f9a858c-5bc3-4795-8cf6-806e3c336a96@group-359A7FEFC33E-LeaderElection33] INFO  server.RaftServer$Division (RaftServerImpl.java:setRole(383)) - 6f9a858c-5bc3-4795-8cf6-806e3c336a96@group-359A7FEFC33E: changes role from CANDIDATE to LEADER at term 1 for changeToLeader
2024-01-26 13:20:19,902 [6f9a858c-5bc3-4795-8cf6-806e3c336a96@group-359A7FEFC33E-LeaderElection33] INFO  server.RaftServerConfigKeys (ConfUtils.java:logGet(46)) - raft.server.staging.catchup.gap = 1000 (default)
2024-01-26 13:20:19,902 [84594c31-4da7-47fb-86d6-9d5be6ec36d0@group-792F70B7EB65-LeaderElection32] INFO  impl.LeaderElection (LeaderElection.java:logAndReturn(89)) - 84594c31-4da7-47fb-86d6-9d5be6ec36d0@group-792F70B7EB65-LeaderElection32: ELECTION PASSED received 1 response(s) and 0 exception(s):
2024-01-26 13:20:19,902 [84594c31-4da7-47fb-86d6-9d5be6ec36d0@group-792F70B7EB65-LeaderElection32] INFO  impl.LeaderElection (LeaderElection.java:logAndReturn(93)) -   Response 0: 84594c31-4da7-47fb-86d6-9d5be6ec36d0<-6f9a858c-5bc3-4795-8cf6-806e3c336a96#0:OK-t1
2024-01-26 13:20:19,902 [84594c31-4da7-47fb-86d6-9d5be6ec36d0@group-792F70B7EB65-LeaderElection32] INFO  impl.LeaderElection (LeaderElection.java:askForVotes(323)) - 84594c31-4da7-47fb-86d6-9d5be6ec36d0@group-792F70B7EB65-LeaderElection32 ELECTION round 0: result PASSED
2024-01-26 13:20:19,902 [84594c31-4da7-47fb-86d6-9d5be6ec36d0@group-792F70B7EB65-LeaderElection32] INFO  impl.RoleInfo (RoleInfo.java:shutdownLeaderElection(130)) - 84594c31-4da7-47fb-86d6-9d5be6ec36d0: shutdown 84594c31-4da7-47fb-86d6-9d5be6ec36d0@group-792F70B7EB65-LeaderElection32
2024-01-26 13:20:19,903 [84594c31-4da7-47fb-86d6-9d5be6ec36d0@group-792F70B7EB65-LeaderElection32] INFO  server.RaftServer$Division (RaftServerImpl.java:setRole(383)) - 84594c31-4da7-47fb-86d6-9d5be6ec36d0@group-792F70B7EB65: changes role from CANDIDATE to LEADER at term 1 for changeToLeader
2024-01-26 13:20:19,903 [6f9a858c-5bc3-4795-8cf6-806e3c336a96@group-359A7FEFC33E-LeaderElection33] INFO  server.RaftServerConfigKeys (ConfUtils.java:logGet(46)) - raft.server.write.element-limit = 1024 (custom)
2024-01-26 13:20:19,903 [84594c31-4da7-47fb-86d6-9d5be6ec36d0@group-792F70B7EB65-LeaderElection32] INFO  server.RaftServerConfigKeys (ConfUtils.java:logGet(46)) - raft.server.staging.catchup.gap = 1000 (default)
2024-01-26 13:20:19,903 [6f9a858c-5bc3-4795-8cf6-806e3c336a96@group-359A7FEFC33E-LeaderElection33] INFO  server.RaftServerConfigKeys (ConfUtils.java:logGet(46)) - raft.server.write.byte-limit = 1024 M (=1073741824) (custom)
2024-01-26 13:20:19,904 [grpc-default-executor-4] INFO  server.RaftServer$Division (RaftServerImpl.java:requestVote(1422)) - 75a8e9a7-4fdb-4573-b73d-655a6993b3e4@group-792F70B7EB65 replies to ELECTION vote request: 84594c31-4da7-47fb-86d6-9d5be6ec36d0<-75a8e9a7-4fdb-4573-b73d-655a6993b3e4#0:OK-t1. Peer's state: 75a8e9a7-4fdb-4573-b73d-655a6993b3e4@group-792F70B7EB65:t1, leader=null, voted=84594c31-4da7-47fb-86d6-9d5be6ec36d0, raftlog=Memoized:75a8e9a7-4fdb-4573-b73d-655a6993b3e4@group-792F70B7EB65-SegmentedRaftLog:OPENED:c-1, conf=-1: peers:[6f9a858c-5bc3-4795-8cf6-806e3c336a96|10.1.0.20:15175, 84594c31-4da7-47fb-86d6-9d5be6ec36d0|10.1.0.20:15166, 75a8e9a7-4fdb-4573-b73d-655a6993b3e4|10.1.0.20:15157]|listeners:[], old=null
2024-01-26 13:20:19,904 [84594c31-4da7-47fb-86d6-9d5be6ec36d0@group-792F70B7EB65-LeaderElection32] INFO  server.RaftServerConfigKeys (ConfUtils.java:logGet(46)) - raft.server.write.element-limit = 1024 (custom)
2024-01-26 13:20:19,904 [84594c31-4da7-47fb-86d6-9d5be6ec36d0@group-792F70B7EB65-LeaderElection32] INFO  server.RaftServerConfigKeys (ConfUtils.java:logGet(46)) - raft.server.write.byte-limit = 1024 M (=1073741824) (custom)
2024-01-26 13:20:19,904 [6f9a858c-5bc3-4795-8cf6-806e3c336a96@group-359A7FEFC33E-LeaderElection33] INFO  server.RaftServerConfigKeys (ConfUtils.java:logGet(46)) - raft.server.watch.timeout = 3000ms (custom)
2024-01-26 13:20:19,904 [6f9a858c-5bc3-4795-8cf6-806e3c336a96@group-359A7FEFC33E-LeaderElection33] INFO  server.RaftServerConfigKeys (ConfUtils.java:logGet(46)) - raft.server.watch.timeout.denomination = 1s (default)
2024-01-26 13:20:19,904 [6f9a858c-5bc3-4795-8cf6-806e3c336a96@group-359A7FEFC33E-LeaderElection33] INFO  server.RaftServerConfigKeys (ConfUtils.java:logGet(46)) - raft.server.watch.element-limit = 65536 (default)
2024-01-26 13:20:19,904 [84594c31-4da7-47fb-86d6-9d5be6ec36d0@group-792F70B7EB65-LeaderElection32] INFO  server.RaftServerConfigKeys (ConfUtils.java:logGet(46)) - raft.server.watch.timeout = 3000ms (custom)
2024-01-26 13:20:19,904 [6f9a858c-5bc3-4795-8cf6-806e3c336a96@group-359A7FEFC33E-LeaderElection33] INFO  server.RaftServerConfigKeys (ConfUtils.java:logGet(46)) - raft.server.read.leader.lease.enabled = false (default)
2024-01-26 13:20:19,904 [84594c31-4da7-47fb-86d6-9d5be6ec36d0@group-792F70B7EB65-LeaderElection32] INFO  server.RaftServerConfigKeys (ConfUtils.java:logGet(46)) - raft.server.watch.timeout.denomination = 1s (default)
2024-01-26 13:20:19,904 [84594c31-4da7-47fb-86d6-9d5be6ec36d0@group-792F70B7EB65-LeaderElection32] INFO  server.RaftServerConfigKeys (ConfUtils.java:logGet(46)) - raft.server.watch.element-limit = 65536 (default)
2024-01-26 13:20:19,904 [84594c31-4da7-47fb-86d6-9d5be6ec36d0@group-792F70B7EB65-LeaderElection32] INFO  server.RaftServerConfigKeys (ConfUtils.java:logGet(46)) - raft.server.read.leader.lease.enabled = false (default)
2024-01-26 13:20:19,904 [84594c31-4da7-47fb-86d6-9d5be6ec36d0@group-792F70B7EB65-LeaderElection32] INFO  server.RaftServerConfigKeys (ConfUtils.java:logGet(46)) - raft.server.read.leader.lease.timeout.ratio = 0.9 (default)
2024-01-26 13:20:19,904 [84594c31-4da7-47fb-86d6-9d5be6ec36d0@group-792F70B7EB65-LeaderElection32] INFO  server.RaftServerConfigKeys (ConfUtils.java:logGet(46)) - raft.server.rpc.timeout.min = 5s (custom)
2024-01-26 13:20:19,904 [84594c31-4da7-47fb-86d6-9d5be6ec36d0@group-792F70B7EB65-LeaderElection32] INFO  server.RaftServerConfigKeys (ConfUtils.java:logGet(46)) - raft.server.write.element-limit = 1024 (custom)
2024-01-26 13:20:19,905 [84594c31-4da7-47fb-86d6-9d5be6ec36d0@group-792F70B7EB65-LeaderElection32] INFO  server.RaftServerConfigKeys (ConfUtils.java:logGet(46)) - raft.server.write.follower.gap.ratio.max = -1.0 (default)
2024-01-26 13:20:19,905 [84594c31-4da7-47fb-86d6-9d5be6ec36d0@group-792F70B7EB65-LeaderElection32] INFO  server.RaftServerConfigKeys (ConfUtils.java:logGet(46)) - raft.server.log.appender.snapshot.chunk.size.max = 16MB (=16777216) (default)
2024-01-26 13:20:19,905 [84594c31-4da7-47fb-86d6-9d5be6ec36d0@group-792F70B7EB65-LeaderElection32] INFO  server.RaftServerConfigKeys (ConfUtils.java:logGet(46)) - raft.server.log.appender.buffer.byte-limit = 8388608 (custom)
2024-01-26 13:20:19,905 [84594c31-4da7-47fb-86d6-9d5be6ec36d0@group-792F70B7EB65-LeaderElection32] INFO  server.RaftServerConfigKeys (ConfUtils.java:logGet(46)) - raft.server.log.appender.buffer.element-limit = 1 (custom)
2024-01-26 13:20:19,905 [84594c31-4da7-47fb-86d6-9d5be6ec36d0@group-792F70B7EB65-LeaderElection32] INFO  server.RaftServerConfigKeys (ConfUtils.java:logGet(46)) - raft.server.log.appender.wait-time.min = 0ms (custom)
2024-01-26 13:20:19,905 [84594c31-4da7-47fb-86d6-9d5be6ec36d0@group-792F70B7EB65-LeaderElection32] INFO  grpc.GrpcConfigKeys (ConfUtils.java:logGet(46)) - raft.grpc.server.leader.outstanding.appends.max = 8 (default)
2024-01-26 13:20:19,905 [84594c31-4da7-47fb-86d6-9d5be6ec36d0@group-792F70B7EB65-LeaderElection32] INFO  server.RaftServerConfigKeys (ConfUtils.java:logGet(46)) - raft.server.rpc.request.timeout = 3000ms (default)
2024-01-26 13:20:19,906 [84594c31-4da7-47fb-86d6-9d5be6ec36d0@group-792F70B7EB65-LeaderElection32] INFO  grpc.GrpcConfigKeys (ConfUtils.java:logGet(46)) - raft.grpc.server.install_snapshot.request.element-limit = 8 (default)
2024-01-26 13:20:19,906 [84594c31-4da7-47fb-86d6-9d5be6ec36d0@group-792F70B7EB65-LeaderElection32] INFO  grpc.GrpcConfigKeys (ConfUtils.java:logGet(46)) - raft.grpc.server.install_snapshot.request.timeout = 3000ms (default)
2024-01-26 13:20:19,906 [84594c31-4da7-47fb-86d6-9d5be6ec36d0@group-792F70B7EB65-LeaderElection32] INFO  grpc.GrpcConfigKeys (ConfUtils.java:logGet(46)) - raft.grpc.server.log-message.batch.duration = 5s (default)
2024-01-26 13:20:19,906 [84594c31-4da7-47fb-86d6-9d5be6ec36d0@group-792F70B7EB65-LeaderElection32] INFO  server.RaftServerConfigKeys (ConfUtils.java:logGet(46)) - raft.server.log.appender.install.snapshot.enabled = false (custom)
2024-01-26 13:20:19,906 [84594c31-4da7-47fb-86d6-9d5be6ec36d0@group-792F70B7EB65-LeaderElection32] INFO  grpc.GrpcConfigKeys (ConfUtils.java:logGet(46)) - raft.grpc.server.heartbeat.channel = true (default)
2024-01-26 13:20:19,907 [84594c31-4da7-47fb-86d6-9d5be6ec36d0@group-792F70B7EB65-LeaderElection32] INFO  server.RaftServerConfigKeys (ConfUtils.java:logGet(46)) - raft.server.log.appender.snapshot.chunk.size.max = 16MB (=16777216) (default)
2024-01-26 13:20:19,907 [84594c31-4da7-47fb-86d6-9d5be6ec36d0@group-792F70B7EB65-LeaderElection32] INFO  server.RaftServerConfigKeys (ConfUtils.java:logGet(46)) - raft.server.log.appender.buffer.byte-limit = 8388608 (custom)
2024-01-26 13:20:19,907 [84594c31-4da7-47fb-86d6-9d5be6ec36d0@group-792F70B7EB65-LeaderElection32] INFO  server.RaftServerConfigKeys (ConfUtils.java:logGet(46)) - raft.server.log.appender.buffer.element-limit = 1 (custom)
2024-01-26 13:20:19,907 [84594c31-4da7-47fb-86d6-9d5be6ec36d0@group-792F70B7EB65-LeaderElection32] INFO  server.RaftServerConfigKeys (ConfUtils.java:logGet(46)) - raft.server.log.appender.wait-time.min = 0ms (custom)
2024-01-26 13:20:19,907 [84594c31-4da7-47fb-86d6-9d5be6ec36d0@group-792F70B7EB65-LeaderElection32] INFO  grpc.GrpcConfigKeys (ConfUtils.java:logGet(46)) - raft.grpc.server.leader.outstanding.appends.max = 8 (default)
2024-01-26 13:20:19,911 [84594c31-4da7-47fb-86d6-9d5be6ec36d0@group-792F70B7EB65-LeaderElection32] INFO  server.RaftServerConfigKeys (ConfUtils.java:logGet(46)) - raft.server.rpc.request.timeout = 3000ms (default)
2024-01-26 13:20:19,911 [84594c31-4da7-47fb-86d6-9d5be6ec36d0@group-792F70B7EB65-LeaderElection32] INFO  grpc.GrpcConfigKeys (ConfUtils.java:logGet(46)) - raft.grpc.server.install_snapshot.request.element-limit = 8 (default)
2024-01-26 13:20:19,911 [84594c31-4da7-47fb-86d6-9d5be6ec36d0@group-792F70B7EB65-LeaderElection32] INFO  grpc.GrpcConfigKeys (ConfUtils.java:logGet(46)) - raft.grpc.server.install_snapshot.request.timeout = 3000ms (default)
2024-01-26 13:20:19,911 [84594c31-4da7-47fb-86d6-9d5be6ec36d0@group-792F70B7EB65-LeaderElection32] INFO  grpc.GrpcConfigKeys (ConfUtils.java:logGet(46)) - raft.grpc.server.log-message.batch.duration = 5s (default)
2024-01-26 13:20:19,912 [84594c31-4da7-47fb-86d6-9d5be6ec36d0@group-792F70B7EB65-LeaderElection32] INFO  server.RaftServerConfigKeys (ConfUtils.java:logGet(46)) - raft.server.log.appender.install.snapshot.enabled = false (custom)
2024-01-26 13:20:19,912 [84594c31-4da7-47fb-86d6-9d5be6ec36d0@group-792F70B7EB65-LeaderElection32] INFO  grpc.GrpcConfigKeys (ConfUtils.java:logGet(46)) - raft.grpc.server.heartbeat.channel = true (default)
2024-01-26 13:20:19,912 [84594c31-4da7-47fb-86d6-9d5be6ec36d0@group-792F70B7EB65-LeaderElection32] INFO  impl.RoleInfo (RoleInfo.java:updateAndGet(139)) - 84594c31-4da7-47fb-86d6-9d5be6ec36d0: start 84594c31-4da7-47fb-86d6-9d5be6ec36d0@group-792F70B7EB65-LeaderStateImpl
2024-01-26 13:20:19,912 [84594c31-4da7-47fb-86d6-9d5be6ec36d0@group-792F70B7EB65-LeaderElection32] INFO  server.RaftServer$Division (RaftServerImpl.java:setFirstElection(574)) - 84594c31-4da7-47fb-86d6-9d5be6ec36d0@group-792F70B7EB65: set firstElectionSinceStartup to false for becomeLeader
2024-01-26 13:20:19,912 [84594c31-4da7-47fb-86d6-9d5be6ec36d0@group-792F70B7EB65-LeaderElection32] INFO  ratis.XceiverServerRatis (XceiverServerRatis.java:handleLeaderChangedNotification(945)) - Leader change notification received for group: group-792F70B7EB65 with new leaderId: 84594c31-4da7-47fb-86d6-9d5be6ec36d0
2024-01-26 13:20:19,912 [84594c31-4da7-47fb-86d6-9d5be6ec36d0@group-792F70B7EB65-LeaderElection32] INFO  server.RaftServer$Division (ServerState.java:setLeader(269)) - 84594c31-4da7-47fb-86d6-9d5be6ec36d0@group-792F70B7EB65: change Leader from null to 84594c31-4da7-47fb-86d6-9d5be6ec36d0 at term 1 for becomeLeader, leader elected after 5231ms
2024-01-26 13:20:19,913 [84594c31-4da7-47fb-86d6-9d5be6ec36d0@group-792F70B7EB65-LeaderElection32] INFO  segmented.SegmentedRaftLogWorker (SegmentedRaftLogWorker.java:startLogSegment(430)) - 84594c31-4da7-47fb-86d6-9d5be6ec36d0@group-792F70B7EB65-SegmentedRaftLogWorker: Starting segment from index:0
2024-01-26 13:20:19,913 [84594c31-4da7-47fb-86d6-9d5be6ec36d0@group-792F70B7EB65-SegmentedRaftLogWorker] INFO  segmented.BufferedWriteChannel (BufferedWriteChannel.java:open(62)) - open log_inprogress_0 at position 0
2024-01-26 13:20:19,904 [6f9a858c-5bc3-4795-8cf6-806e3c336a96@group-359A7FEFC33E-LeaderElection33] INFO  server.RaftServerConfigKeys (ConfUtils.java:logGet(46)) - raft.server.read.leader.lease.timeout.ratio = 0.9 (default)
2024-01-26 13:20:19,915 [6f9a858c-5bc3-4795-8cf6-806e3c336a96@group-359A7FEFC33E-LeaderElection33] INFO  server.RaftServerConfigKeys (ConfUtils.java:logGet(46)) - raft.server.rpc.timeout.min = 5s (custom)
2024-01-26 13:20:19,915 [6f9a858c-5bc3-4795-8cf6-806e3c336a96@group-359A7FEFC33E-LeaderElection33] INFO  server.RaftServerConfigKeys (ConfUtils.java:logGet(46)) - raft.server.write.element-limit = 1024 (custom)
2024-01-26 13:20:19,915 [6f9a858c-5bc3-4795-8cf6-806e3c336a96@group-359A7FEFC33E-LeaderElection33] INFO  server.RaftServerConfigKeys (ConfUtils.java:logGet(46)) - raft.server.write.follower.gap.ratio.max = -1.0 (default)
2024-01-26 13:20:19,915 [6f9a858c-5bc3-4795-8cf6-806e3c336a96@group-359A7FEFC33E-LeaderElection33] INFO  impl.RoleInfo (RoleInfo.java:updateAndGet(139)) - 6f9a858c-5bc3-4795-8cf6-806e3c336a96: start 6f9a858c-5bc3-4795-8cf6-806e3c336a96@group-359A7FEFC33E-LeaderStateImpl
2024-01-26 13:20:19,915 [6f9a858c-5bc3-4795-8cf6-806e3c336a96@group-359A7FEFC33E-LeaderElection33] INFO  server.RaftServer$Division (RaftServerImpl.java:setFirstElection(574)) - 6f9a858c-5bc3-4795-8cf6-806e3c336a96@group-359A7FEFC33E: set firstElectionSinceStartup to false for becomeLeader
2024-01-26 13:20:19,915 [6f9a858c-5bc3-4795-8cf6-806e3c336a96@group-359A7FEFC33E-LeaderElection33] INFO  ratis.XceiverServerRatis (XceiverServerRatis.java:handleLeaderChangedNotification(945)) - Leader change notification received for group: group-359A7FEFC33E with new leaderId: 6f9a858c-5bc3-4795-8cf6-806e3c336a96
2024-01-26 13:20:19,917 [84594c31-4da7-47fb-86d6-9d5be6ec36d0@group-792F70B7EB65-LeaderElection32] INFO  server.RaftServer$Division (ServerState.java:setRaftConf(386)) - 84594c31-4da7-47fb-86d6-9d5be6ec36d0@group-792F70B7EB65: set configuration 0: peers:[6f9a858c-5bc3-4795-8cf6-806e3c336a96|10.1.0.20:15175, 84594c31-4da7-47fb-86d6-9d5be6ec36d0|10.1.0.20:15166, 75a8e9a7-4fdb-4573-b73d-655a6993b3e4|10.1.0.20:15157]|listeners:[], old=null
2024-01-26 13:20:19,920 [EventQueue-PipelineReportForPipelineReportHandler] INFO  pipeline.PipelineReportHandler (PipelineReportHandler.java:processPipelineReport(136)) - Opened pipeline PipelineID=1628755e-068d-498d-af84-792f70b7eb65
2024-01-26 13:20:19,921 [6f9a858c-5bc3-4795-8cf6-806e3c336a96@group-359A7FEFC33E-LeaderElection33] INFO  server.RaftServer$Division (ServerState.java:setLeader(269)) - 6f9a858c-5bc3-4795-8cf6-806e3c336a96@group-359A7FEFC33E: change Leader from null to 6f9a858c-5bc3-4795-8cf6-806e3c336a96 at term 1 for becomeLeader, leader elected after 5072ms
2024-01-26 13:20:19,921 [6f9a858c-5bc3-4795-8cf6-806e3c336a96@group-359A7FEFC33E-LeaderElection33] INFO  segmented.SegmentedRaftLogWorker (SegmentedRaftLogWorker.java:startLogSegment(430)) - 6f9a858c-5bc3-4795-8cf6-806e3c336a96@group-359A7FEFC33E-SegmentedRaftLogWorker: Starting segment from index:0
2024-01-26 13:20:19,923 [84594c31-4da7-47fb-86d6-9d5be6ec36d0@group-792F70B7EB65-SegmentedRaftLogWorker] INFO  segmented.SegmentedRaftLogWorker (SegmentedRaftLogWorker.java:execute(634)) - 84594c31-4da7-47fb-86d6-9d5be6ec36d0@group-792F70B7EB65-SegmentedRaftLogWorker: created new log segment /home/runner/work/ozone/ozone/hadoop-ozone/integration-test/target/test-dir/MiniOzoneClusterImpl-6bed2868-cd70-4a3d-a9ed-67052a48ddc2/datanode-7/data/ratis/1628755e-068d-498d-af84-792f70b7eb65/current/log_inprogress_0
2024-01-26 13:20:19,923 [6f9a858c-5bc3-4795-8cf6-806e3c336a96@group-359A7FEFC33E-SegmentedRaftLogWorker] INFO  segmented.BufferedWriteChannel (BufferedWriteChannel.java:open(62)) - open log_inprogress_0 at position 0
2024-01-26 13:20:19,928 [6f9a858c-5bc3-4795-8cf6-806e3c336a96@group-359A7FEFC33E-LeaderElection33] INFO  server.RaftServer$Division (ServerState.java:setRaftConf(386)) - 6f9a858c-5bc3-4795-8cf6-806e3c336a96@group-359A7FEFC33E: set configuration 0: peers:[6f9a858c-5bc3-4795-8cf6-806e3c336a96|10.1.0.20:15175]|listeners:[], old=null
2024-01-26 13:20:19,931 [6f9a858c-5bc3-4795-8cf6-806e3c336a96@group-359A7FEFC33E-SegmentedRaftLogWorker] INFO  segmented.SegmentedRaftLogWorker (SegmentedRaftLogWorker.java:execute(634)) - 6f9a858c-5bc3-4795-8cf6-806e3c336a96@group-359A7FEFC33E-SegmentedRaftLogWorker: created new log segment /home/runner/work/ozone/ozone/hadoop-ozone/integration-test/target/test-dir/MiniOzoneClusterImpl-6bed2868-cd70-4a3d-a9ed-67052a48ddc2/datanode-8/data/ratis/90cbaefc-edd9-43bb-9de7-359a7fefc33e/current/log_inprogress_0
2024-01-26 13:20:19,932 [75a8e9a7-4fdb-4573-b73d-655a6993b3e4-server-thread1] INFO  ratis.XceiverServerRatis (XceiverServerRatis.java:handleLeaderChangedNotification(945)) - Leader change notification received for group: group-792F70B7EB65 with new leaderId: 84594c31-4da7-47fb-86d6-9d5be6ec36d0
2024-01-26 13:20:19,933 [75a8e9a7-4fdb-4573-b73d-655a6993b3e4-server-thread1] INFO  server.RaftServer$Division (ServerState.java:setLeader(269)) - 75a8e9a7-4fdb-4573-b73d-655a6993b3e4@group-792F70B7EB65: change Leader from null to 84594c31-4da7-47fb-86d6-9d5be6ec36d0 at term 1 for appendEntries, leader elected after 5273ms
2024-01-26 13:20:19,933 [6f9a858c-5bc3-4795-8cf6-806e3c336a96@group-359A7FEFC33E-StateMachineUpdater] INFO  server.RaftServer$Division (LeaderStateImpl.java:isApplied(320)) - leader is ready since appliedIndex == 0 >= startIndex == 0
2024-01-26 13:20:19,934 [6f9a858c-5bc3-4795-8cf6-806e3c336a96-server-thread1] INFO  ratis.XceiverServerRatis (XceiverServerRatis.java:handleLeaderChangedNotification(945)) - Leader change notification received for group: group-792F70B7EB65 with new leaderId: 84594c31-4da7-47fb-86d6-9d5be6ec36d0
2024-01-26 13:20:19,934 [6f9a858c-5bc3-4795-8cf6-806e3c336a96-server-thread1] INFO  server.RaftServer$Division (ServerState.java:setLeader(269)) - 6f9a858c-5bc3-4795-8cf6-806e3c336a96@group-792F70B7EB65: change Leader from null to 84594c31-4da7-47fb-86d6-9d5be6ec36d0 at term 1 for appendEntries, leader elected after 5223ms
2024-01-26 13:20:19,940 [75a8e9a7-4fdb-4573-b73d-655a6993b3e4-server-thread2] INFO  server.RaftServer$Division (ServerState.java:setRaftConf(386)) - 75a8e9a7-4fdb-4573-b73d-655a6993b3e4@group-792F70B7EB65: set configuration 0: peers:[6f9a858c-5bc3-4795-8cf6-806e3c336a96|10.1.0.20:15175, 84594c31-4da7-47fb-86d6-9d5be6ec36d0|10.1.0.20:15166, 75a8e9a7-4fdb-4573-b73d-655a6993b3e4|10.1.0.20:15157]|listeners:[], old=null
2024-01-26 13:20:19,940 [75a8e9a7-4fdb-4573-b73d-655a6993b3e4-server-thread2] INFO  segmented.SegmentedRaftLogWorker (SegmentedRaftLogWorker.java:startLogSegment(430)) - 75a8e9a7-4fdb-4573-b73d-655a6993b3e4@group-792F70B7EB65-SegmentedRaftLogWorker: Starting segment from index:0
2024-01-26 13:20:19,941 [75a8e9a7-4fdb-4573-b73d-655a6993b3e4@group-792F70B7EB65-SegmentedRaftLogWorker] INFO  segmented.BufferedWriteChannel (BufferedWriteChannel.java:open(62)) - open log_inprogress_0 at position 0
2024-01-26 13:20:19,946 [6f9a858c-5bc3-4795-8cf6-806e3c336a96-server-thread2] INFO  server.RaftServer$Division (ServerState.java:setRaftConf(386)) - 6f9a858c-5bc3-4795-8cf6-806e3c336a96@group-792F70B7EB65: set configuration 0: peers:[6f9a858c-5bc3-4795-8cf6-806e3c336a96|10.1.0.20:15175, 84594c31-4da7-47fb-86d6-9d5be6ec36d0|10.1.0.20:15166, 75a8e9a7-4fdb-4573-b73d-655a6993b3e4|10.1.0.20:15157]|listeners:[], old=null
2024-01-26 13:20:19,946 [6f9a858c-5bc3-4795-8cf6-806e3c336a96-server-thread2] INFO  segmented.SegmentedRaftLogWorker (SegmentedRaftLogWorker.java:startLogSegment(430)) - 6f9a858c-5bc3-4795-8cf6-806e3c336a96@group-792F70B7EB65-SegmentedRaftLogWorker: Starting segment from index:0
2024-01-26 13:20:19,949 [6f9a858c-5bc3-4795-8cf6-806e3c336a96@group-792F70B7EB65-SegmentedRaftLogWorker] INFO  segmented.BufferedWriteChannel (BufferedWriteChannel.java:open(62)) - open log_inprogress_0 at position 0
2024-01-26 13:20:19,952 [75a8e9a7-4fdb-4573-b73d-655a6993b3e4@group-792F70B7EB65-SegmentedRaftLogWorker] INFO  segmented.SegmentedRaftLogWorker (SegmentedRaftLogWorker.java:execute(634)) - 75a8e9a7-4fdb-4573-b73d-655a6993b3e4@group-792F70B7EB65-SegmentedRaftLogWorker: created new log segment /home/runner/work/ozone/ozone/hadoop-ozone/integration-test/target/test-dir/MiniOzoneClusterImpl-6bed2868-cd70-4a3d-a9ed-67052a48ddc2/datanode-6/data/ratis/1628755e-068d-498d-af84-792f70b7eb65/current/log_inprogress_0
2024-01-26 13:20:19,960 [main] INFO  ozoneimpl.OzoneContainer (OzoneContainer.java:stop(479)) - Attempting to stop container services.
2024-01-26 13:20:19,962 [main] INFO  server.RaftServer (RaftServerProxy.java:lambda$close$9(416)) - 2800087d-98cc-4731-8fb3-504dcca9d3e0: close
2024-01-26 13:20:19,962 [2800087d-98cc-4731-8fb3-504dcca9d3e0-impl-thread1] INFO  server.RaftServer$Division (RaftServerImpl.java:lambda$close$3(526)) - 2800087d-98cc-4731-8fb3-504dcca9d3e0@group-0B0F12EFC87E: shutdown
2024-01-26 13:20:19,962 [2800087d-98cc-4731-8fb3-504dcca9d3e0-impl-thread1] INFO  util.JmxRegister (JmxRegister.java:unregister(73)) - Successfully un-registered JMX Bean with object name Ratis:service=RaftServer,group=group-0B0F12EFC87E,id=2800087d-98cc-4731-8fb3-504dcca9d3e0
2024-01-26 13:20:19,963 [2800087d-98cc-4731-8fb3-504dcca9d3e0-impl-thread1] INFO  impl.RoleInfo (RoleInfo.java:shutdownFollowerState(110)) - 2800087d-98cc-4731-8fb3-504dcca9d3e0: shutdown 2800087d-98cc-4731-8fb3-504dcca9d3e0@group-0B0F12EFC87E-FollowerState
2024-01-26 13:20:19,963 [main] INFO  server.GrpcService (GrpcService.java:closeImpl(311)) - 2800087d-98cc-4731-8fb3-504dcca9d3e0: shutdown server org.apache.ratis.grpc.server.GrpcClientProtocolService now
2024-01-26 13:20:19,963 [2800087d-98cc-4731-8fb3-504dcca9d3e0@group-0B0F12EFC87E-FollowerState] INFO  impl.FollowerState (FollowerState.java:run(152)) - 2800087d-98cc-4731-8fb3-504dcca9d3e0@group-0B0F12EFC87E-FollowerState was interrupted
2024-01-26 13:20:19,963 [2800087d-98cc-4731-8fb3-504dcca9d3e0@group-0B0F12EFC87E-StateMachineUpdater] INFO  ratis.ContainerStateMachine (ContainerStateMachine.java:takeSnapshot(355)) - group-0B0F12EFC87E: Taking a snapshot at:(t:1, i:1) file /home/runner/work/ozone/ozone/hadoop-ozone/integration-test/target/test-dir/MiniOzoneClusterImpl-6bed2868-cd70-4a3d-a9ed-67052a48ddc2/datanode-2/data/ratis/3c010fba-05cc-4306-bf6e-0b0f12efc87e/sm/snapshot.1_1
2024-01-26 13:20:19,963 [2800087d-98cc-4731-8fb3-504dcca9d3e0-impl-thread1] INFO  impl.StateMachineUpdater (StateMachineUpdater.java:stopAndJoin(157)) - 2800087d-98cc-4731-8fb3-504dcca9d3e0@group-0B0F12EFC87E-StateMachineUpdater: set stopIndex = 1
2024-01-26 13:20:19,965 [2800087d-98cc-4731-8fb3-504dcca9d3e0-impl-thread2] INFO  server.RaftServer$Division (RaftServerImpl.java:lambda$close$3(526)) - 2800087d-98cc-4731-8fb3-504dcca9d3e0@group-049AE56A0932: shutdown
2024-01-26 13:20:19,966 [6f9a858c-5bc3-4795-8cf6-806e3c336a96@group-792F70B7EB65-SegmentedRaftLogWorker] INFO  segmented.SegmentedRaftLogWorker (SegmentedRaftLogWorker.java:execute(634)) - 6f9a858c-5bc3-4795-8cf6-806e3c336a96@group-792F70B7EB65-SegmentedRaftLogWorker: created new log segment /home/runner/work/ozone/ozone/hadoop-ozone/integration-test/target/test-dir/MiniOzoneClusterImpl-6bed2868-cd70-4a3d-a9ed-67052a48ddc2/datanode-8/data/ratis/1628755e-068d-498d-af84-792f70b7eb65/current/log_inprogress_0
2024-01-26 13:20:19,966 [2800087d-98cc-4731-8fb3-504dcca9d3e0-impl-thread2] INFO  util.JmxRegister (JmxRegister.java:unregister(73)) - Successfully un-registered JMX Bean with object name Ratis:service=RaftServer,group=group-049AE56A0932,id=2800087d-98cc-4731-8fb3-504dcca9d3e0
2024-01-26 13:20:19,966 [2800087d-98cc-4731-8fb3-504dcca9d3e0@group-0B0F12EFC87E-StateMachineUpdater] INFO  ratis.ContainerStateMachine (ContainerStateMachine.java:takeSnapshot(366)) - group-0B0F12EFC87E: Finished taking a snapshot at:(t:1, i:1) file:/home/runner/work/ozone/ozone/hadoop-ozone/integration-test/target/test-dir/MiniOzoneClusterImpl-6bed2868-cd70-4a3d-a9ed-67052a48ddc2/datanode-2/data/ratis/3c010fba-05cc-4306-bf6e-0b0f12efc87e/sm/snapshot.1_1 took: 3 ms
2024-01-26 13:20:19,967 [Thread-2040] INFO  server.GrpcServerProtocolClient (GrpcServerProtocolClient.java:close(103)) - d656e8e6-3e99-480b-bf88-fcaebe65a6ea Close channels
2024-01-26 13:20:19,968 [2800087d-98cc-4731-8fb3-504dcca9d3e0@group-0B0F12EFC87E-StateMachineUpdater] INFO  impl.StateMachineUpdater (StateMachineUpdater.java:takeSnapshot(295)) - 2800087d-98cc-4731-8fb3-504dcca9d3e0@group-0B0F12EFC87E-StateMachineUpdater: Took a snapshot at index 1
2024-01-26 13:20:19,968 [2800087d-98cc-4731-8fb3-504dcca9d3e0@group-0B0F12EFC87E-StateMachineUpdater] INFO  impl.StateMachineUpdater (StateMachineUpdater.java:lambda$new$0(98)) - 2800087d-98cc-4731-8fb3-504dcca9d3e0@group-0B0F12EFC87E-StateMachineUpdater: snapshotIndex: updateIncreasingly -1 -> 1
2024-01-26 13:20:19,970 [84594c31-4da7-47fb-86d6-9d5be6ec36d0@group-792F70B7EB65-StateMachineUpdater] INFO  server.RaftServer$Division (LeaderStateImpl.java:isApplied(320)) - leader is ready since appliedIndex == 0 >= startIndex == 0
2024-01-26 13:20:19,970 [2800087d-98cc-4731-8fb3-504dcca9d3e0-impl-thread1] INFO  server.RaftServer$Division (ServerState.java:close(427)) - 2800087d-98cc-4731-8fb3-504dcca9d3e0@group-0B0F12EFC87E: applyIndex: 1
2024-01-26 13:20:19,970 [2800087d-98cc-4731-8fb3-504dcca9d3e0@group-0B0F12EFC87E-cacheEviction-AwaitToRun] INFO  util.AwaitToRun (AwaitToRun.java:run(49)) - 2800087d-98cc-4731-8fb3-504dcca9d3e0@group-0B0F12EFC87E-cacheEviction-AwaitToRun-AwaitForSignal is interrupted
2024-01-26 13:20:19,973 [Thread-2042] INFO  server.GrpcServerProtocolClient (GrpcServerProtocolClient.java:close(103)) - 056f2df6-7490-4bed-a807-334fa85beb73 Close channels
2024-01-26 13:20:19,973 [2800087d-98cc-4731-8fb3-504dcca9d3e0-impl-thread2] INFO  impl.RoleInfo (RoleInfo.java:shutdownLeaderState(94)) - 2800087d-98cc-4731-8fb3-504dcca9d3e0: shutdown 2800087d-98cc-4731-8fb3-504dcca9d3e0@group-049AE56A0932-LeaderStateImpl
2024-01-26 13:20:19,974 [2800087d-98cc-4731-8fb3-504dcca9d3e0-impl-thread2] INFO  impl.PendingRequests (PendingRequests.java:sendNotLeaderResponses(289)) - 2800087d-98cc-4731-8fb3-504dcca9d3e0@group-049AE56A0932-PendingRequests: sendNotLeaderResponses
2024-01-26 13:20:19,975 [2800087d-98cc-4731-8fb3-504dcca9d3e0-impl-thread2] INFO  impl.StateMachineUpdater (StateMachineUpdater.java:stopAndJoin(157)) - 2800087d-98cc-4731-8fb3-504dcca9d3e0@group-049AE56A0932-StateMachineUpdater: set stopIndex = 0
2024-01-26 13:20:19,975 [2800087d-98cc-4731-8fb3-504dcca9d3e0@group-049AE56A0932-StateMachineUpdater] INFO  ratis.ContainerStateMachine (ContainerStateMachine.java:takeSnapshot(355)) - group-049AE56A0932: Taking a snapshot at:(t:1, i:0) file /home/runner/work/ozone/ozone/hadoop-ozone/integration-test/target/test-dir/MiniOzoneClusterImpl-6bed2868-cd70-4a3d-a9ed-67052a48ddc2/datanode-2/data/ratis/866ce5d9-50a6-4396-a164-049ae56a0932/sm/snapshot.1_0
2024-01-26 13:20:19,975 [main] INFO  server.GrpcService (GrpcService.java:closeImpl(320)) - 2800087d-98cc-4731-8fb3-504dcca9d3e0: shutdown server org.apache.ratis.grpc.server.GrpcClientProtocolService successfully
2024-01-26 13:20:19,976 [main] INFO  server.GrpcService (GrpcService.java:closeImpl(311)) - 2800087d-98cc-4731-8fb3-504dcca9d3e0: shutdown server GrpcServerProtocolService now
2024-01-26 13:20:19,976 [2800087d-98cc-4731-8fb3-504dcca9d3e0@group-049AE56A0932-StateMachineUpdater] INFO  ratis.ContainerStateMachine (ContainerStateMachine.java:takeSnapshot(366)) - group-049AE56A0932: Finished taking a snapshot at:(t:1, i:0) file:/home/runner/work/ozone/ozone/hadoop-ozone/integration-test/target/test-dir/MiniOzoneClusterImpl-6bed2868-cd70-4a3d-a9ed-67052a48ddc2/datanode-2/data/ratis/866ce5d9-50a6-4396-a164-049ae56a0932/sm/snapshot.1_0 took: 2 ms
2024-01-26 13:20:19,976 [2800087d-98cc-4731-8fb3-504dcca9d3e0@group-049AE56A0932-StateMachineUpdater] INFO  impl.StateMachineUpdater (StateMachineUpdater.java:takeSnapshot(295)) - 2800087d-98cc-4731-8fb3-504dcca9d3e0@group-049AE56A0932-StateMachineUpdater: Took a snapshot at index 0
2024-01-26 13:20:19,976 [2800087d-98cc-4731-8fb3-504dcca9d3e0@group-049AE56A0932-StateMachineUpdater] INFO  impl.StateMachineUpdater (StateMachineUpdater.java:lambda$new$0(98)) - 2800087d-98cc-4731-8fb3-504dcca9d3e0@group-049AE56A0932-StateMachineUpdater: snapshotIndex: updateIncreasingly -1 -> 0
2024-01-26 13:20:19,979 [2800087d-98cc-4731-8fb3-504dcca9d3e0-impl-thread2] INFO  server.RaftServer$Division (ServerState.java:close(427)) - 2800087d-98cc-4731-8fb3-504dcca9d3e0@group-049AE56A0932: applyIndex: 0
2024-01-26 13:20:19,979 [grpc-default-executor-0] WARN  server.GrpcServerProtocolService (LogUtils.java:warn(121)) - 2800087d-98cc-4731-8fb3-504dcca9d3e0: APPEND_ENTRIES onError, lastRequest: 056f2df6-7490-4bed-a807-334fa85beb73->2800087d-98cc-4731-8fb3-504dcca9d3e0#5-t1,previous=(t:1, i:1),leaderCommit=1,initializing? false,entries: size=1, first=(t:1, i:2), METADATAENTRY(c:1): org.apache.ratis.thirdparty.io.grpc.StatusRuntimeException: CANCELLED: client cancelled
2024-01-26 13:20:19,979 [2800087d-98cc-4731-8fb3-504dcca9d3e0@group-049AE56A0932-cacheEviction-AwaitToRun] INFO  util.AwaitToRun (AwaitToRun.java:run(49)) - 2800087d-98cc-4731-8fb3-504dcca9d3e0@group-049AE56A0932-cacheEviction-AwaitToRun-AwaitForSignal is interrupted
2024-01-26 13:20:19,979 [grpc-default-executor-0] WARN  server.GrpcLogAppender (LogUtils.java:warn(121)) - 056f2df6-7490-4bed-a807-334fa85beb73@group-0B0F12EFC87E->2800087d-98cc-4731-8fb3-504dcca9d3e0-AppendLogResponseHandler: Failed appendEntries: org.apache.ratis.thirdparty.io.grpc.StatusRuntimeException: CANCELLED: RST_STREAM closed stream. HTTP/2 error code: CANCEL
2024-01-26 13:20:19,980 [grpc-default-executor-0] WARN  server.GrpcLogAppender (GrpcLogAppender.java:lambda$resetClient$1(217)) - 056f2df6-7490-4bed-a807-334fa85beb73@group-0B0F12EFC87E->2800087d-98cc-4731-8fb3-504dcca9d3e0-GrpcLogAppender: Follower failed (request=null, errorCount=1); keep nextIndex (3) unchanged and retry.
2024-01-26 13:20:19,980 [grpc-default-executor-4] WARN  server.GrpcServerProtocolService (LogUtils.java:warn(121)) - 2800087d-98cc-4731-8fb3-504dcca9d3e0: APPEND_ENTRIES onError, lastRequest: null: org.apache.ratis.thirdparty.io.grpc.StatusRuntimeException: CANCELLED: client cancelled
2024-01-26 13:20:19,981 [main] INFO  server.GrpcService (GrpcService.java:closeImpl(320)) - 2800087d-98cc-4731-8fb3-504dcca9d3e0: shutdown server GrpcServerProtocolService successfully
2024-01-26 13:20:19,981 [main] INFO  server.GrpcService (GrpcService.java:closeImpl(311)) - 2800087d-98cc-4731-8fb3-504dcca9d3e0: shutdown server org.apache.ratis.grpc.server.GrpcAdminProtocolService now
2024-01-26 13:20:19,984 [main] INFO  server.GrpcService (GrpcService.java:closeImpl(320)) - 2800087d-98cc-4731-8fb3-504dcca9d3e0: shutdown server org.apache.ratis.grpc.server.GrpcAdminProtocolService successfully
2024-01-26 13:20:19,990 [2800087d-98cc-4731-8fb3-504dcca9d3e0-NettyServerStreamRpc-bossGroup--thread1] INFO  logging.LoggingHandler (AbstractInternalLogger.java:log(148)) - [id: 0xe02af793, L:/0.0.0.0:15122] CLOSE
2024-01-26 13:20:19,990 [2800087d-98cc-4731-8fb3-504dcca9d3e0-NettyServerStreamRpc-bossGroup--thread1] INFO  logging.LoggingHandler (AbstractInternalLogger.java:log(148)) - [id: 0xe02af793, L:/0.0.0.0:15122] INACTIVE
2024-01-26 13:20:19,990 [2800087d-98cc-4731-8fb3-504dcca9d3e0-NettyServerStreamRpc-bossGroup--thread1] INFO  logging.LoggingHandler (AbstractInternalLogger.java:log(148)) - [id: 0xe02af793, L:/0.0.0.0:15122] UNREGISTERED
2024-01-26 13:20:20,349 [2800087d-98cc-4731-8fb3-504dcca9d3e0-impl-thread2] INFO  segmented.SegmentedRaftLogWorker (SegmentedRaftLogWorker.java:close(245)) - 2800087d-98cc-4731-8fb3-504dcca9d3e0@group-049AE56A0932-SegmentedRaftLogWorker close()
2024-01-26 13:20:20,920 [2800087d-98cc-4731-8fb3-504dcca9d3e0-impl-thread1] INFO  segmented.SegmentedRaftLogWorker (SegmentedRaftLogWorker.java:close(245)) - 2800087d-98cc-4731-8fb3-504dcca9d3e0@group-0B0F12EFC87E-SegmentedRaftLogWorker close()
2024-01-26 13:20:20,924 [JvmPauseMonitor15] INFO  util.JvmPauseMonitor (JvmPauseMonitor.java:run(152)) - JvmPauseMonitor-2800087d-98cc-4731-8fb3-504dcca9d3e0: Stopped
2024-01-26 13:20:22,928 [main] INFO  utils.DatanodeStoreCache (DatanodeStoreCache.java:shutdownCache(116)) - Skip clearing cache in mini cluster mode. Entries left: [/home/runner/work/ozone/ozone/hadoop-ozone/integration-test/target/test-dir/MiniOzoneClusterImpl-6bed2868-cd70-4a3d-a9ed-67052a48ddc2/datanode-0/data-0/containers/hdds/6bed2868-cd70-4a3d-a9ed-67052a48ddc2/DS-10b93428-eeb4-445f-bc41-b6d1544efb97/container.db, /home/runner/work/ozone/ozone/hadoop-ozone/integration-test/target/test-dir/MiniOzoneClusterImpl-6bed2868-cd70-4a3d-a9ed-67052a48ddc2/datanode-1/data-0/containers/hdds/6bed2868-cd70-4a3d-a9ed-67052a48ddc2/DS-8db924b1-029e-476a-b549-9a5b881e788b/container.db, /home/runner/work/ozone/ozone/hadoop-ozone/integration-test/target/test-dir/MiniOzoneClusterImpl-6bed2868-cd70-4a3d-a9ed-67052a48ddc2/datanode-2/data-0/containers/hdds/6bed2868-cd70-4a3d-a9ed-67052a48ddc2/DS-9871fc71-7d65-419d-9fd1-a0133b30a6ad/container.db, /home/runner/work/ozone/ozone/hadoop-ozone/integration-test/target/test-dir/MiniOzoneClusterImpl-6bed2868-cd70-4a3d-a9ed-67052a48ddc2/datanode-3/data-0/containers/hdds/6bed2868-cd70-4a3d-a9ed-67052a48ddc2/DS-9fc2fb7a-2d93-4654-9e8a-974d8821fb85/container.db, /home/runner/work/ozone/ozone/hadoop-ozone/integration-test/target/test-dir/MiniOzoneClusterImpl-6bed2868-cd70-4a3d-a9ed-67052a48ddc2/datanode-4/data-0/containers/hdds/6bed2868-cd70-4a3d-a9ed-67052a48ddc2/DS-fe5404e2-d6fd-46ac-85dc-6819d535cc51/container.db, /home/runner/work/ozone/ozone/hadoop-ozone/integration-test/target/test-dir/MiniOzoneClusterImpl-6bed2868-cd70-4a3d-a9ed-67052a48ddc2/datanode-5/data-0/containers/hdds/6bed2868-cd70-4a3d-a9ed-67052a48ddc2/DS-e2a8bc51-3ff2-45b0-bff4-6bcf5a294fd8/container.db, /home/runner/work/ozone/ozone/hadoop-ozone/integration-test/target/test-dir/MiniOzoneClusterImpl-6bed2868-cd70-4a3d-a9ed-67052a48ddc2/datanode-6/data-0/containers/hdds/6bed2868-cd70-4a3d-a9ed-67052a48ddc2/DS-5f67c661-6a99-486e-b94e-a3d2114588bf/container.db, /home/runner/work/ozone/ozone/hadoop-ozone/integration-test/target/test-dir/MiniOzoneClusterImpl-6bed2868-cd70-4a3d-a9ed-67052a48ddc2/datanode-7/data-0/containers/hdds/6bed2868-cd70-4a3d-a9ed-67052a48ddc2/DS-f17521f4-6ff5-4d62-987e-7a7ac809296d/container.db, /home/runner/work/ozone/ozone/hadoop-ozone/integration-test/target/test-dir/MiniOzoneClusterImpl-6bed2868-cd70-4a3d-a9ed-67052a48ddc2/datanode-8/data-0/containers/hdds/6bed2868-cd70-4a3d-a9ed-67052a48ddc2/DS-24d13ff0-b221-439d-a2cb-241d7c1a8d30/container.db]
2024-01-26 13:20:22,930 [main] INFO  utils.DatanodeStoreCache (DatanodeStoreCache.java:removeDB(110)) - Removed db /home/runner/work/ozone/ozone/hadoop-ozone/integration-test/target/test-dir/MiniOzoneClusterImpl-6bed2868-cd70-4a3d-a9ed-67052a48ddc2/datanode-2/data-0/containers/hdds/6bed2868-cd70-4a3d-a9ed-67052a48ddc2/DS-9871fc71-7d65-419d-9fd1-a0133b30a6ad/container.db from cache
2024-01-26 13:20:22,930 [main] INFO  volume.HddsVolume (HddsVolume.java:closeDbStore(451)) - SchemaV3 db is stopped at /home/runner/work/ozone/ozone/hadoop-ozone/integration-test/target/test-dir/MiniOzoneClusterImpl-6bed2868-cd70-4a3d-a9ed-67052a48ddc2/datanode-2/data-0/containers/hdds/6bed2868-cd70-4a3d-a9ed-67052a48ddc2/DS-9871fc71-7d65-419d-9fd1-a0133b30a6ad/container.db for volume DS-9871fc71-7d65-419d-9fd1-a0133b30a6ad
2024-01-26 13:20:22,930 [main] INFO  utils.BackgroundService (BackgroundService.java:shutdown(160)) - Shutting down service BlockDeletingService
2024-01-26 13:20:22,931 [main] INFO  utils.BackgroundService (BackgroundService.java:shutdown(160)) - Shutting down service StaleRecoveringContainerScrubbingService
2024-01-26 13:20:22,931 [main] INFO  statemachine.DatanodeStateMachine (DatanodeStateMachine.java:stopDaemon(638)) - Ozone container server stopped.
2024-01-26 13:20:22,932 [main] INFO  handler.ContextHandler (ContextHandler.java:doStop(1159)) - Stopped o.e.j.w.WebAppContext@7c2f163f{hddsDatanode,/,null,STOPPED}{jar:file:/home/runner/.m2/repository/org/apache/ozone/hdds-container-service/1.5.0-SNAPSHOT/hdds-container-service-1.5.0-SNAPSHOT.jar!/webapps/hddsDatanode}
2024-01-26 13:20:22,932 [main] INFO  server.AbstractConnector (AbstractConnector.java:doStop(383)) - Stopped ServerConnector@7a4822f2{HTTP/1.1, (http/1.1)}{0.0.0.0:15116}
2024-01-26 13:20:22,932 [main] INFO  server.session (HouseKeeper.java:stopScavenging(149)) - node0 Stopped scavenging
2024-01-26 13:20:22,933 [main] INFO  handler.ContextHandler (ContextHandler.java:doStop(1159)) - Stopped o.e.j.s.ServletContextHandler@385429f2{static,/static,jar:file:/home/runner/.m2/repository/org/apache/ozone/hdds-container-service/1.5.0-SNAPSHOT/hdds-container-service-1.5.0-SNAPSHOT.jar!/webapps/static,STOPPED}
2024-01-26 13:20:22,933 [main] INFO  handler.ContextHandler (ContextHandler.java:doStop(1159)) - Stopped o.e.j.s.ServletContextHandler@9c5a78d{logs,/logs,file:///home/runner/work/ozone/ozone/hadoop-ozone/integration-test/target/log,STOPPED}
2024-01-26 13:20:22,934 [main] INFO  ozone.HddsDatanodeClientProtocolServer (HddsDatanodeClientProtocolServer.java:stop(78)) - Stopping the RPC server for Client Protocol
2024-01-26 13:20:22,934 [main] INFO  ipc.Server (Server.java:stop(3523)) - Stopping server on 15117
2024-01-26 13:20:22,935 [IPC Server listener on 15117] INFO  ipc.Server (Server.java:run(1434)) - Stopping IPC Server listener on 15117
2024-01-26 13:20:22,935 [IPC Server Responder] INFO  ipc.Server (Server.java:run(1567)) - Stopping IPC Server Responder
2024-01-26 13:20:22,937 [main] INFO  ozoneimpl.OzoneContainer (OzoneContainer.java:stop(479)) - Attempting to stop container services.
2024-01-26 13:20:22,937 [main] INFO  server.RaftServer (RaftServerProxy.java:lambda$close$9(416)) - d656e8e6-3e99-480b-bf88-fcaebe65a6ea: close
2024-01-26 13:20:22,938 [d656e8e6-3e99-480b-bf88-fcaebe65a6ea-impl-thread1] INFO  server.RaftServer$Division (RaftServerImpl.java:lambda$close$3(526)) - d656e8e6-3e99-480b-bf88-fcaebe65a6ea@group-0B0F12EFC87E: shutdown
2024-01-26 13:20:22,938 [d656e8e6-3e99-480b-bf88-fcaebe65a6ea-impl-thread1] INFO  util.JmxRegister (JmxRegister.java:unregister(73)) - Successfully un-registered JMX Bean with object name Ratis:service=RaftServer,group=group-0B0F12EFC87E,id=d656e8e6-3e99-480b-bf88-fcaebe65a6ea
2024-01-26 13:20:22,938 [main] INFO  server.GrpcService (GrpcService.java:closeImpl(311)) - d656e8e6-3e99-480b-bf88-fcaebe65a6ea: shutdown server org.apache.ratis.grpc.server.GrpcClientProtocolService now
2024-01-26 13:20:22,938 [d656e8e6-3e99-480b-bf88-fcaebe65a6ea-impl-thread1] INFO  impl.RoleInfo (RoleInfo.java:shutdownFollowerState(110)) - d656e8e6-3e99-480b-bf88-fcaebe65a6ea: shutdown d656e8e6-3e99-480b-bf88-fcaebe65a6ea@group-0B0F12EFC87E-FollowerState
2024-01-26 13:20:22,938 [d656e8e6-3e99-480b-bf88-fcaebe65a6ea-impl-thread2] INFO  server.RaftServer$Division (RaftServerImpl.java:lambda$close$3(526)) - d656e8e6-3e99-480b-bf88-fcaebe65a6ea@group-37D13398D4B1: shutdown
2024-01-26 13:20:22,938 [d656e8e6-3e99-480b-bf88-fcaebe65a6ea@group-0B0F12EFC87E-FollowerState] INFO  impl.FollowerState (FollowerState.java:run(152)) - d656e8e6-3e99-480b-bf88-fcaebe65a6ea@group-0B0F12EFC87E-FollowerState was interrupted
2024-01-26 13:20:22,938 [d656e8e6-3e99-480b-bf88-fcaebe65a6ea-impl-thread2] INFO  util.JmxRegister (JmxRegister.java:unregister(73)) - Successfully un-registered JMX Bean with object name Ratis:service=RaftServer,group=group-37D13398D4B1,id=d656e8e6-3e99-480b-bf88-fcaebe65a6ea
2024-01-26 13:20:22,938 [d656e8e6-3e99-480b-bf88-fcaebe65a6ea-impl-thread2] INFO  impl.RoleInfo (RoleInfo.java:shutdownLeaderState(94)) - d656e8e6-3e99-480b-bf88-fcaebe65a6ea: shutdown d656e8e6-3e99-480b-bf88-fcaebe65a6ea@group-37D13398D4B1-LeaderStateImpl
2024-01-26 13:20:22,938 [d656e8e6-3e99-480b-bf88-fcaebe65a6ea@group-0B0F12EFC87E-StateMachineUpdater] INFO  ratis.ContainerStateMachine (ContainerStateMachine.java:takeSnapshot(355)) - group-0B0F12EFC87E: Taking a snapshot at:(t:1, i:2) file /home/runner/work/ozone/ozone/hadoop-ozone/integration-test/target/test-dir/MiniOzoneClusterImpl-6bed2868-cd70-4a3d-a9ed-67052a48ddc2/datanode-1/data/ratis/3c010fba-05cc-4306-bf6e-0b0f12efc87e/sm/snapshot.1_2
2024-01-26 13:20:22,938 [d656e8e6-3e99-480b-bf88-fcaebe65a6ea-impl-thread1] INFO  impl.StateMachineUpdater (StateMachineUpdater.java:stopAndJoin(157)) - d656e8e6-3e99-480b-bf88-fcaebe65a6ea@group-0B0F12EFC87E-StateMachineUpdater: set stopIndex = 2
2024-01-26 13:20:22,938 [d656e8e6-3e99-480b-bf88-fcaebe65a6ea-impl-thread2] INFO  impl.PendingRequests (PendingRequests.java:sendNotLeaderResponses(289)) - d656e8e6-3e99-480b-bf88-fcaebe65a6ea@group-37D13398D4B1-PendingRequests: sendNotLeaderResponses
2024-01-26 13:20:22,939 [main] INFO  server.GrpcService (GrpcService.java:closeImpl(320)) - d656e8e6-3e99-480b-bf88-fcaebe65a6ea: shutdown server org.apache.ratis.grpc.server.GrpcClientProtocolService successfully
2024-01-26 13:20:22,939 [main] INFO  server.GrpcService (GrpcService.java:closeImpl(311)) - d656e8e6-3e99-480b-bf88-fcaebe65a6ea: shutdown server GrpcServerProtocolService now
2024-01-26 13:20:22,939 [d656e8e6-3e99-480b-bf88-fcaebe65a6ea@group-37D13398D4B1-StateMachineUpdater] INFO  ratis.ContainerStateMachine (ContainerStateMachine.java:takeSnapshot(355)) - group-37D13398D4B1: Taking a snapshot at:(t:1, i:0) file /home/runner/work/ozone/ozone/hadoop-ozone/integration-test/target/test-dir/MiniOzoneClusterImpl-6bed2868-cd70-4a3d-a9ed-67052a48ddc2/datanode-1/data/ratis/4086c81e-29a8-41c6-9694-37d13398d4b1/sm/snapshot.1_0
2024-01-26 13:20:22,939 [d656e8e6-3e99-480b-bf88-fcaebe65a6ea-impl-thread2] INFO  impl.StateMachineUpdater (StateMachineUpdater.java:stopAndJoin(157)) - d656e8e6-3e99-480b-bf88-fcaebe65a6ea@group-37D13398D4B1-StateMachineUpdater: set stopIndex = 0
2024-01-26 13:20:22,940 [d656e8e6-3e99-480b-bf88-fcaebe65a6ea@group-0B0F12EFC87E-StateMachineUpdater] INFO  ratis.ContainerStateMachine (ContainerStateMachine.java:takeSnapshot(366)) - group-0B0F12EFC87E: Finished taking a snapshot at:(t:1, i:2) file:/home/runner/work/ozone/ozone/hadoop-ozone/integration-test/target/test-dir/MiniOzoneClusterImpl-6bed2868-cd70-4a3d-a9ed-67052a48ddc2/datanode-1/data/ratis/3c010fba-05cc-4306-bf6e-0b0f12efc87e/sm/snapshot.1_2 took: 1 ms
2024-01-26 13:20:22,940 [d656e8e6-3e99-480b-bf88-fcaebe65a6ea@group-0B0F12EFC87E-StateMachineUpdater] INFO  impl.StateMachineUpdater (StateMachineUpdater.java:takeSnapshot(295)) - d656e8e6-3e99-480b-bf88-fcaebe65a6ea@group-0B0F12EFC87E-StateMachineUpdater: Took a snapshot at index 2
2024-01-26 13:20:22,940 [d656e8e6-3e99-480b-bf88-fcaebe65a6ea@group-0B0F12EFC87E-StateMachineUpdater] INFO  impl.StateMachineUpdater (StateMachineUpdater.java:lambda$new$0(98)) - d656e8e6-3e99-480b-bf88-fcaebe65a6ea@group-0B0F12EFC87E-StateMachineUpdater: snapshotIndex: updateIncreasingly -1 -> 2
2024-01-26 13:20:22,940 [d656e8e6-3e99-480b-bf88-fcaebe65a6ea@group-37D13398D4B1-StateMachineUpdater] INFO  ratis.ContainerStateMachine (ContainerStateMachine.java:takeSnapshot(366)) - group-37D13398D4B1: Finished taking a snapshot at:(t:1, i:0) file:/home/runner/work/ozone/ozone/hadoop-ozone/integration-test/target/test-dir/MiniOzoneClusterImpl-6bed2868-cd70-4a3d-a9ed-67052a48ddc2/datanode-1/data/ratis/4086c81e-29a8-41c6-9694-37d13398d4b1/sm/snapshot.1_0 took: 1 ms
2024-01-26 13:20:22,941 [d656e8e6-3e99-480b-bf88-fcaebe65a6ea-impl-thread1] INFO  server.RaftServer$Division (ServerState.java:close(427)) - d656e8e6-3e99-480b-bf88-fcaebe65a6ea@group-0B0F12EFC87E: applyIndex: 2
2024-01-26 13:20:22,941 [d656e8e6-3e99-480b-bf88-fcaebe65a6ea@group-37D13398D4B1-StateMachineUpdater] INFO  impl.StateMachineUpdater (StateMachineUpdater.java:takeSnapshot(295)) - d656e8e6-3e99-480b-bf88-fcaebe65a6ea@group-37D13398D4B1-StateMachineUpdater: Took a snapshot at index 0
2024-01-26 13:20:22,941 [d656e8e6-3e99-480b-bf88-fcaebe65a6ea@group-37D13398D4B1-StateMachineUpdater] INFO  impl.StateMachineUpdater (StateMachineUpdater.java:lambda$new$0(98)) - d656e8e6-3e99-480b-bf88-fcaebe65a6ea@group-37D13398D4B1-StateMachineUpdater: snapshotIndex: updateIncreasingly -1 -> 0
2024-01-26 13:20:22,941 [d656e8e6-3e99-480b-bf88-fcaebe65a6ea@group-0B0F12EFC87E-cacheEviction-AwaitToRun] INFO  util.AwaitToRun (AwaitToRun.java:run(49)) - d656e8e6-3e99-480b-bf88-fcaebe65a6ea@group-0B0F12EFC87E-cacheEviction-AwaitToRun-AwaitForSignal is interrupted
2024-01-26 13:20:22,941 [d656e8e6-3e99-480b-bf88-fcaebe65a6ea-impl-thread2] INFO  server.RaftServer$Division (ServerState.java:close(427)) - d656e8e6-3e99-480b-bf88-fcaebe65a6ea@group-37D13398D4B1: applyIndex: 0
2024-01-26 13:20:22,941 [d656e8e6-3e99-480b-bf88-fcaebe65a6ea@group-37D13398D4B1-cacheEviction-AwaitToRun] INFO  util.AwaitToRun (AwaitToRun.java:run(49)) - d656e8e6-3e99-480b-bf88-fcaebe65a6ea@group-37D13398D4B1-cacheEviction-AwaitToRun-AwaitForSignal is interrupted
2024-01-26 13:20:22,942 [grpc-default-executor-1] WARN  server.GrpcServerProtocolService (LogUtils.java:warn(121)) - d656e8e6-3e99-480b-bf88-fcaebe65a6ea: APPEND_ENTRIES onError, lastRequest: 056f2df6-7490-4bed-a807-334fa85beb73->d656e8e6-3e99-480b-bf88-fcaebe65a6ea#5-t1,previous=(t:1, i:1),leaderCommit=1,initializing? false,entries: size=1, first=(t:1, i:2), METADATAENTRY(c:1): org.apache.ratis.thirdparty.io.grpc.StatusRuntimeException: CANCELLED: client cancelled
2024-01-26 13:20:22,942 [grpc-default-executor-0] WARN  server.GrpcServerProtocolService (LogUtils.java:warn(121)) - d656e8e6-3e99-480b-bf88-fcaebe65a6ea: APPEND_ENTRIES onError, lastRequest: null: org.apache.ratis.thirdparty.io.grpc.StatusRuntimeException: CANCELLED: client cancelled
2024-01-26 13:20:22,942 [grpc-default-executor-1] WARN  server.GrpcLogAppender (LogUtils.java:warn(121)) - 056f2df6-7490-4bed-a807-334fa85beb73@group-0B0F12EFC87E->d656e8e6-3e99-480b-bf88-fcaebe65a6ea-AppendLogResponseHandler: Failed appendEntries: org.apache.ratis.thirdparty.io.grpc.StatusRuntimeException: CANCELLED: RST_STREAM closed stream. HTTP/2 error code: CANCEL
2024-01-26 13:20:22,944 [main] INFO  server.GrpcService (GrpcService.java:closeImpl(320)) - d656e8e6-3e99-480b-bf88-fcaebe65a6ea: shutdown server GrpcServerProtocolService successfully
2024-01-26 13:20:22,944 [main] INFO  server.GrpcService (GrpcService.java:closeImpl(311)) - d656e8e6-3e99-480b-bf88-fcaebe65a6ea: shutdown server org.apache.ratis.grpc.server.GrpcAdminProtocolService now
2024-01-26 13:20:22,944 [grpc-default-executor-0] WARN  server.GrpcLogAppender (GrpcLogAppender.java:lambda$resetClient$1(217)) - 056f2df6-7490-4bed-a807-334fa85beb73@group-0B0F12EFC87E->d656e8e6-3e99-480b-bf88-fcaebe65a6ea-GrpcLogAppender: Follower failed (request=null, errorCount=1); keep nextIndex (3) unchanged and retry.
2024-01-26 13:20:22,946 [main] INFO  server.GrpcService (GrpcService.java:closeImpl(320)) - d656e8e6-3e99-480b-bf88-fcaebe65a6ea: shutdown server org.apache.ratis.grpc.server.GrpcAdminProtocolService successfully
2024-01-26 13:20:22,949 [d656e8e6-3e99-480b-bf88-fcaebe65a6ea-NettyServerStreamRpc-bossGroup--thread1] INFO  logging.LoggingHandler (AbstractInternalLogger.java:log(148)) - [id: 0x113ed4d5, L:/0.0.0.0:15113] CLOSE
2024-01-26 13:20:22,949 [d656e8e6-3e99-480b-bf88-fcaebe65a6ea-NettyServerStreamRpc-bossGroup--thread1] INFO  logging.LoggingHandler (AbstractInternalLogger.java:log(148)) - [id: 0x113ed4d5, L:/0.0.0.0:15113] INACTIVE
2024-01-26 13:20:22,949 [d656e8e6-3e99-480b-bf88-fcaebe65a6ea-NettyServerStreamRpc-bossGroup--thread1] INFO  logging.LoggingHandler (AbstractInternalLogger.java:log(148)) - [id: 0x113ed4d5, L:/0.0.0.0:15113] UNREGISTERED
2024-01-26 13:20:23,270 [d656e8e6-3e99-480b-bf88-fcaebe65a6ea-impl-thread2] INFO  segmented.SegmentedRaftLogWorker (SegmentedRaftLogWorker.java:close(245)) - d656e8e6-3e99-480b-bf88-fcaebe65a6ea@group-37D13398D4B1-SegmentedRaftLogWorker close()
2024-01-26 13:20:23,926 [d656e8e6-3e99-480b-bf88-fcaebe65a6ea-impl-thread1] INFO  segmented.SegmentedRaftLogWorker (SegmentedRaftLogWorker.java:close(245)) - d656e8e6-3e99-480b-bf88-fcaebe65a6ea@group-0B0F12EFC87E-SegmentedRaftLogWorker close()
2024-01-26 13:20:23,928 [JvmPauseMonitor14] INFO  util.JvmPauseMonitor (JvmPauseMonitor.java:run(152)) - JvmPauseMonitor-d656e8e6-3e99-480b-bf88-fcaebe65a6ea: Stopped
2024-01-26 13:20:24,980 [timer4] WARN  server.GrpcLogAppender (GrpcLogAppender.java:lambda$resetClient$1(217)) - 056f2df6-7490-4bed-a807-334fa85beb73@group-0B0F12EFC87E->2800087d-98cc-4731-8fb3-504dcca9d3e0-GrpcLogAppender: Follower failed (request=null, errorCount=8); keep nextIndex (3) unchanged and retry. (Repeated 8 times in the last 5.001s)
2024-01-26 13:20:24,980 [timer3] WARN  server.GrpcLogAppender (LogUtils.java:warn(121)) - 056f2df6-7490-4bed-a807-334fa85beb73@group-0B0F12EFC87E->2800087d-98cc-4731-8fb3-504dcca9d3e0-AppendLogResponseHandler: Failed appendEntries (Repeated 8 times in the last 5.001s): org.apache.ratis.thirdparty.io.grpc.StatusRuntimeException: UNAVAILABLE: io exception
2024-01-26 13:20:25,931 [main] INFO  utils.DatanodeStoreCache (DatanodeStoreCache.java:shutdownCache(116)) - Skip clearing cache in mini cluster mode. Entries left: [/home/runner/work/ozone/ozone/hadoop-ozone/integration-test/target/test-dir/MiniOzoneClusterImpl-6bed2868-cd70-4a3d-a9ed-67052a48ddc2/datanode-0/data-0/containers/hdds/6bed2868-cd70-4a3d-a9ed-67052a48ddc2/DS-10b93428-eeb4-445f-bc41-b6d1544efb97/container.db, /home/runner/work/ozone/ozone/hadoop-ozone/integration-test/target/test-dir/MiniOzoneClusterImpl-6bed2868-cd70-4a3d-a9ed-67052a48ddc2/datanode-1/data-0/containers/hdds/6bed2868-cd70-4a3d-a9ed-67052a48ddc2/DS-8db924b1-029e-476a-b549-9a5b881e788b/container.db, /home/runner/work/ozone/ozone/hadoop-ozone/integration-test/target/test-dir/MiniOzoneClusterImpl-6bed2868-cd70-4a3d-a9ed-67052a48ddc2/datanode-3/data-0/containers/hdds/6bed2868-cd70-4a3d-a9ed-67052a48ddc2/DS-9fc2fb7a-2d93-4654-9e8a-974d8821fb85/container.db, /home/runner/work/ozone/ozone/hadoop-ozone/integration-test/target/test-dir/MiniOzoneClusterImpl-6bed2868-cd70-4a3d-a9ed-67052a48ddc2/datanode-4/data-0/containers/hdds/6bed2868-cd70-4a3d-a9ed-67052a48ddc2/DS-fe5404e2-d6fd-46ac-85dc-6819d535cc51/container.db, /home/runner/work/ozone/ozone/hadoop-ozone/integration-test/target/test-dir/MiniOzoneClusterImpl-6bed2868-cd70-4a3d-a9ed-67052a48ddc2/datanode-5/data-0/containers/hdds/6bed2868-cd70-4a3d-a9ed-67052a48ddc2/DS-e2a8bc51-3ff2-45b0-bff4-6bcf5a294fd8/container.db, /home/runner/work/ozone/ozone/hadoop-ozone/integration-test/target/test-dir/MiniOzoneClusterImpl-6bed2868-cd70-4a3d-a9ed-67052a48ddc2/datanode-6/data-0/containers/hdds/6bed2868-cd70-4a3d-a9ed-67052a48ddc2/DS-5f67c661-6a99-486e-b94e-a3d2114588bf/container.db, /home/runner/work/ozone/ozone/hadoop-ozone/integration-test/target/test-dir/MiniOzoneClusterImpl-6bed2868-cd70-4a3d-a9ed-67052a48ddc2/datanode-7/data-0/containers/hdds/6bed2868-cd70-4a3d-a9ed-67052a48ddc2/DS-f17521f4-6ff5-4d62-987e-7a7ac809296d/container.db, /home/runner/work/ozone/ozone/hadoop-ozone/integration-test/target/test-dir/MiniOzoneClusterImpl-6bed2868-cd70-4a3d-a9ed-67052a48ddc2/datanode-8/data-0/containers/hdds/6bed2868-cd70-4a3d-a9ed-67052a48ddc2/DS-24d13ff0-b221-439d-a2cb-241d7c1a8d30/container.db]
2024-01-26 13:20:25,933 [main] INFO  utils.DatanodeStoreCache (DatanodeStoreCache.java:removeDB(110)) - Removed db /home/runner/work/ozone/ozone/hadoop-ozone/integration-test/target/test-dir/MiniOzoneClusterImpl-6bed2868-cd70-4a3d-a9ed-67052a48ddc2/datanode-1/data-0/containers/hdds/6bed2868-cd70-4a3d-a9ed-67052a48ddc2/DS-8db924b1-029e-476a-b549-9a5b881e788b/container.db from cache
2024-01-26 13:20:25,933 [main] INFO  volume.HddsVolume (HddsVolume.java:closeDbStore(451)) - SchemaV3 db is stopped at /home/runner/work/ozone/ozone/hadoop-ozone/integration-test/target/test-dir/MiniOzoneClusterImpl-6bed2868-cd70-4a3d-a9ed-67052a48ddc2/datanode-1/data-0/containers/hdds/6bed2868-cd70-4a3d-a9ed-67052a48ddc2/DS-8db924b1-029e-476a-b549-9a5b881e788b/container.db for volume DS-8db924b1-029e-476a-b549-9a5b881e788b
2024-01-26 13:20:25,933 [main] INFO  utils.BackgroundService (BackgroundService.java:shutdown(160)) - Shutting down service BlockDeletingService
2024-01-26 13:20:25,933 [main] INFO  utils.BackgroundService (BackgroundService.java:shutdown(160)) - Shutting down service StaleRecoveringContainerScrubbingService
2024-01-26 13:20:25,934 [main] INFO  statemachine.DatanodeStateMachine (DatanodeStateMachine.java:stopDaemon(638)) - Ozone container server stopped.
2024-01-26 13:20:25,934 [main] INFO  handler.ContextHandler (ContextHandler.java:doStop(1159)) - Stopped o.e.j.w.WebAppContext@11e49af8{hddsDatanode,/,null,STOPPED}{jar:file:/home/runner/.m2/repository/org/apache/ozone/hdds-container-service/1.5.0-SNAPSHOT/hdds-container-service-1.5.0-SNAPSHOT.jar!/webapps/hddsDatanode}
2024-01-26 13:20:25,935 [main] INFO  server.AbstractConnector (AbstractConnector.java:doStop(383)) - Stopped ServerConnector@79f4a9d1{HTTP/1.1, (http/1.1)}{0.0.0.0:15107}
2024-01-26 13:20:25,935 [main] INFO  server.session (HouseKeeper.java:stopScavenging(149)) - node0 Stopped scavenging
2024-01-26 13:20:25,935 [main] INFO  handler.ContextHandler (ContextHandler.java:doStop(1159)) - Stopped o.e.j.s.ServletContextHandler@696d34b5{static,/static,jar:file:/home/runner/.m2/repository/org/apache/ozone/hdds-container-service/1.5.0-SNAPSHOT/hdds-container-service-1.5.0-SNAPSHOT.jar!/webapps/static,STOPPED}
2024-01-26 13:20:25,935 [main] INFO  handler.ContextHandler (ContextHandler.java:doStop(1159)) - Stopped o.e.j.s.ServletContextHandler@16bfbef0{logs,/logs,file:///home/runner/work/ozone/ozone/hadoop-ozone/integration-test/target/log,STOPPED}
2024-01-26 13:20:25,936 [main] INFO  ozone.HddsDatanodeClientProtocolServer (HddsDatanodeClientProtocolServer.java:stop(78)) - Stopping the RPC server for Client Protocol
2024-01-26 13:20:25,936 [main] INFO  ipc.Server (Server.java:stop(3523)) - Stopping server on 15108
2024-01-26 13:20:25,941 [IPC Server listener on 15108] INFO  ipc.Server (Server.java:run(1434)) - Stopping IPC Server listener on 15108
2024-01-26 13:20:25,941 [IPC Server Responder] INFO  ipc.Server (Server.java:run(1567)) - Stopping IPC Server Responder
2024-01-26 13:20:25,946 [main] INFO  pipeline.PipelineManagerImpl (PipelineManagerImpl.java:closeContainersForPipeline(484)) - Container #1 closed for pipeline=PipelineID=3c010fba-05cc-4306-bf6e-0b0f12efc87e
2024-01-26 13:20:25,946 [EventQueue-CloseContainerForCloseContainerEventHandler] INFO  container.CloseContainerEventHandler (CloseContainerEventHandler.java:onMessage(88)) - Close container Event triggered for container : #1, current state: CLOSING
2024-01-26 13:20:25,946 [main] INFO  pipeline.PipelineManagerImpl (PipelineManagerImpl.java:closePipeline(518)) - Pipeline PipelineID=3c010fba-05cc-4306-bf6e-0b0f12efc87e moved to CLOSED state
2024-01-26 13:20:26,184 [grpc-default-executor-1] WARN  server.GrpcLogAppender (LogUtils.java:warn(121)) - 056f2df6-7490-4bed-a807-334fa85beb73@group-0B0F12EFC87E->2800087d-98cc-4731-8fb3-504dcca9d3e0-AppendLogResponseHandler: Failed appendEntries: org.apache.ratis.thirdparty.io.grpc.StatusRuntimeException: UNAVAILABLE: io exception
2024-01-26 13:20:26,186 [grpc-default-executor-0] WARN  server.GrpcLogAppender (GrpcLogAppender.java:lambda$resetClient$1(217)) - 056f2df6-7490-4bed-a807-334fa85beb73@group-0B0F12EFC87E->2800087d-98cc-4731-8fb3-504dcca9d3e0-GrpcLogAppender: Follower failed (request=null, errorCount=9); keep nextIndex (3) unchanged and retry.
2024-01-26 13:20:27,945 [timer2] WARN  server.GrpcLogAppender (LogUtils.java:warn(121)) - 056f2df6-7490-4bed-a807-334fa85beb73@group-0B0F12EFC87E->d656e8e6-3e99-480b-bf88-fcaebe65a6ea-AppendLogResponseHandler: Failed appendEntries (Repeated 8 times in the last 5.002s): org.apache.ratis.thirdparty.io.grpc.StatusRuntimeException: UNAVAILABLE: io exception
2024-01-26 13:20:27,945 [timer3] WARN  server.GrpcLogAppender (GrpcLogAppender.java:lambda$resetClient$1(217)) - 056f2df6-7490-4bed-a807-334fa85beb73@group-0B0F12EFC87E->d656e8e6-3e99-480b-bf88-fcaebe65a6ea-GrpcLogAppender: Follower failed (request=null, errorCount=8); keep nextIndex (3) unchanged and retry. (Repeated 8 times in the last 5.000s)
2024-01-26 13:20:28,697 [grpc-default-executor-0] WARN  server.GrpcLogAppender (LogUtils.java:warn(121)) - 056f2df6-7490-4bed-a807-334fa85beb73@group-0B0F12EFC87E->d656e8e6-3e99-480b-bf88-fcaebe65a6ea-AppendLogResponseHandler: Failed appendEntries: org.apache.ratis.thirdparty.io.grpc.StatusRuntimeException: UNAVAILABLE: io exception
2024-01-26 13:20:28,699 [grpc-default-executor-1] WARN  server.GrpcLogAppender (GrpcLogAppender.java:lambda$resetClient$1(217)) - 056f2df6-7490-4bed-a807-334fa85beb73@group-0B0F12EFC87E->d656e8e6-3e99-480b-bf88-fcaebe65a6ea-GrpcLogAppender: Follower failed (request=null, errorCount=9); keep nextIndex (3) unchanged and retry.
2024-01-26 13:20:29,830 [null-request--thread1] INFO  server.GrpcClientProtocolService (GrpcClientProtocolService.java:lambda$processClientRequest$0(284)) - Failed RaftClientRequest:client-20D74A2DEF99->056f2df6-7490-4bed-a807-334fa85beb73@group-0B0F12EFC87E, cid=45, seq=null, Watch-ALL_COMMITTED(90), Message:<EMPTY>, reply=RaftClientReply:client-20D74A2DEF99->056f2df6-7490-4bed-a807-334fa85beb73@group-0B0F12EFC87E, cid=45, FAILED org.apache.ratis.protocol.exceptions.NotReplicatedException: Request with call Id 45 and log index 90 is not yet replicated to ALL_COMMITTED, logIndex=90, commits[056f2df6-7490-4bed-a807-334fa85beb73:c2, 2800087d-98cc-4731-8fb3-504dcca9d3e0:c1, d656e8e6-3e99-480b-bf88-fcaebe65a6ea:c2]
2024-01-26 13:20:29,836 [main] WARN  scm.XceiverClientRatis (XceiverClientRatis.java:watchForCommit(284)) - 3 way commit failed on pipeline Pipeline[ Id: 3c010fba-05cc-4306-bf6e-0b0f12efc87e, Nodes: 2800087d-98cc-4731-8fb3-504dcca9d3e0(fv-az983-443.a2pef1dptxmevgtwlerx3iae4a.cx.internal.cloudapp.net/10.1.0.20)d656e8e6-3e99-480b-bf88-fcaebe65a6ea(fv-az983-443.a2pef1dptxmevgtwlerx3iae4a.cx.internal.cloudapp.net/10.1.0.20)056f2df6-7490-4bed-a807-334fa85beb73(fv-az983-443.a2pef1dptxmevgtwlerx3iae4a.cx.internal.cloudapp.net/10.1.0.20), ReplicationConfig: RATIS/THREE, State:OPEN, leaderId:056f2df6-7490-4bed-a807-334fa85beb73, CreationTimestamp2024-01-26T13:20:11.191Z[Etc/UTC]]
java.util.concurrent.ExecutionException: org.apache.ratis.protocol.exceptions.NotReplicatedException: Request with call Id 45 and log index 90 is not yet replicated to ALL_COMMITTED
	at java.util.concurrent.CompletableFuture.reportGet(CompletableFuture.java:357)
	at java.util.concurrent.CompletableFuture.get(CompletableFuture.java:1908)
	at org.apache.hadoop.hdds.scm.XceiverClientRatis.watchForCommit(XceiverClientRatis.java:279)
	at org.apache.hadoop.ozone.client.rpc.TestWatchForCommit.testWatchForCommitForRetryfailure(TestWatchForCommit.java:283)
	at sun.reflect.NativeMethodAccessorImpl.invoke0(Native Method)
	at sun.reflect.NativeMethodAccessorImpl.invoke(NativeMethodAccessorImpl.java:62)
	at sun.reflect.DelegatingMethodAccessorImpl.invoke(DelegatingMethodAccessorImpl.java:43)
	at java.lang.reflect.Method.invoke(Method.java:498)
	at org.junit.platform.commons.util.ReflectionUtils.invokeMethod(ReflectionUtils.java:728)
	at org.junit.jupiter.engine.execution.MethodInvocation.proceed(MethodInvocation.java:60)
	at org.junit.jupiter.engine.execution.InvocationInterceptorChain$ValidatingInvocation.proceed(InvocationInterceptorChain.java:131)
	at org.junit.jupiter.engine.extension.TimeoutExtension.intercept(TimeoutExtension.java:156)
	at org.junit.jupiter.engine.extension.TimeoutExtension.interceptTestableMethod(TimeoutExtension.java:147)
	at org.junit.jupiter.engine.extension.TimeoutExtension.interceptTestMethod(TimeoutExtension.java:86)
	at org.junit.jupiter.engine.execution.InterceptingExecutableInvoker$ReflectiveInterceptorCall.lambda$ofVoidMethod$0(InterceptingExecutableInvoker.java:103)
	at org.junit.jupiter.engine.execution.InterceptingExecutableInvoker.lambda$invoke$0(InterceptingExecutableInvoker.java:93)
	at org.junit.jupiter.engine.execution.InvocationInterceptorChain$InterceptedInvocation.proceed(InvocationInterceptorChain.java:106)
	at org.junit.jupiter.engine.execution.InvocationInterceptorChain.proceed(InvocationInterceptorChain.java:64)
	at org.junit.jupiter.engine.execution.InvocationInterceptorChain.chainAndInvoke(InvocationInterceptorChain.java:45)
	at org.junit.jupiter.engine.execution.InvocationInterceptorChain.invoke(InvocationInterceptorChain.java:37)
	at org.junit.jupiter.engine.execution.InterceptingExecutableInvoker.invoke(InterceptingExecutableInvoker.java:92)
	at org.junit.jupiter.engine.execution.InterceptingExecutableInvoker.invoke(InterceptingExecutableInvoker.java:86)
	at org.junit.jupiter.engine.descriptor.TestMethodTestDescriptor.lambda$invokeTestMethod$7(TestMethodTestDescriptor.java:218)
	at org.junit.platform.engine.support.hierarchical.ThrowableCollector.execute(ThrowableCollector.java:73)
	at org.junit.jupiter.engine.descriptor.TestMethodTestDescriptor.invokeTestMethod(TestMethodTestDescriptor.java:214)
	at org.junit.jupiter.engine.descriptor.TestMethodTestDescriptor.execute(TestMethodTestDescriptor.java:139)
	at org.junit.jupiter.engine.descriptor.TestMethodTestDescriptor.execute(TestMethodTestDescriptor.java:69)
	at org.junit.platform.engine.support.hierarchical.NodeTestTask.lambda$executeRecursively$6(NodeTestTask.java:151)
	at org.junit.platform.engine.support.hierarchical.ThrowableCollector.execute(ThrowableCollector.java:73)
	at org.junit.platform.engine.support.hierarchical.NodeTestTask.lambda$executeRecursively$8(NodeTestTask.java:141)
	at org.junit.platform.engine.support.hierarchical.Node.around(Node.java:137)
	at org.junit.platform.engine.support.hierarchical.NodeTestTask.lambda$executeRecursively$9(NodeTestTask.java:139)
	at org.junit.platform.engine.support.hierarchical.ThrowableCollector.execute(ThrowableCollector.java:73)
	at org.junit.platform.engine.support.hierarchical.NodeTestTask.executeRecursively(NodeTestTask.java:138)
	at org.junit.platform.engine.support.hierarchical.NodeTestTask.execute(NodeTestTask.java:95)
	at java.util.ArrayList.forEach(ArrayList.java:1259)
	at org.junit.platform.engine.support.hierarchical.SameThreadHierarchicalTestExecutorService.invokeAll(SameThreadHierarchicalTestExecutorService.java:41)
	at org.junit.platform.engine.support.hierarchical.NodeTestTask.lambda$executeRecursively$6(NodeTestTask.java:155)
	at org.junit.platform.engine.support.hierarchical.ThrowableCollector.execute(ThrowableCollector.java:73)
	at org.junit.platform.engine.support.hierarchical.NodeTestTask.lambda$executeRecursively$8(NodeTestTask.java:141)
	at org.junit.platform.engine.support.hierarchical.Node.around(Node.java:137)
	at org.junit.platform.engine.support.hierarchical.NodeTestTask.lambda$executeRecursively$9(NodeTestTask.java:139)
	at org.junit.platform.engine.support.hierarchical.ThrowableCollector.execute(ThrowableCollector.java:73)
	at org.junit.platform.engine.support.hierarchical.NodeTestTask.executeRecursively(NodeTestTask.java:138)
	at org.junit.platform.engine.support.hierarchical.NodeTestTask.execute(NodeTestTask.java:95)
	at java.util.ArrayList.forEach(ArrayList.java:1259)
	at org.junit.platform.engine.support.hierarchical.SameThreadHierarchicalTestExecutorService.invokeAll(SameThreadHierarchicalTestExecutorService.java:41)
	at org.junit.platform.engine.support.hierarchical.NodeTestTask.lambda$executeRecursively$6(NodeTestTask.java:155)
	at org.junit.platform.engine.support.hierarchical.ThrowableCollector.execute(ThrowableCollector.java:73)
	at org.junit.platform.engine.support.hierarchical.NodeTestTask.lambda$executeRecursively$8(NodeTestTask.java:141)
	at org.junit.platform.engine.support.hierarchical.Node.around(Node.java:137)
	at org.junit.platform.engine.support.hierarchical.NodeTestTask.lambda$executeRecursively$9(NodeTestTask.java:139)
	at org.junit.platform.engine.support.hierarchical.ThrowableCollector.execute(ThrowableCollector.java:73)
	at org.junit.platform.engine.support.hierarchical.NodeTestTask.executeRecursively(NodeTestTask.java:138)
	at org.junit.platform.engine.support.hierarchical.NodeTestTask.execute(NodeTestTask.java:95)
	at org.junit.platform.engine.support.hierarchical.SameThreadHierarchicalTestExecutorService.submit(SameThreadHierarchicalTestExecutorService.java:35)
	at org.junit.platform.engine.support.hierarchical.HierarchicalTestExecutor.execute(HierarchicalTestExecutor.java:57)
	at org.junit.platform.engine.support.hierarchical.HierarchicalTestEngine.execute(HierarchicalTestEngine.java:54)
	at org.junit.platform.launcher.core.EngineExecutionOrchestrator.execute(EngineExecutionOrchestrator.java:198)
	at org.junit.platform.launcher.core.EngineExecutionOrchestrator.execute(EngineExecutionOrchestrator.java:169)
	at org.junit.platform.launcher.core.EngineExecutionOrchestrator.execute(EngineExecutionOrchestrator.java:93)
	at org.junit.platform.launcher.core.EngineExecutionOrchestrator.lambda$execute$0(EngineExecutionOrchestrator.java:58)
	at org.junit.platform.launcher.core.EngineExecutionOrchestrator.withInterceptedStreams(EngineExecutionOrchestrator.java:141)
	at org.junit.platform.launcher.core.EngineExecutionOrchestrator.execute(EngineExecutionOrchestrator.java:57)
	at org.junit.platform.launcher.core.DefaultLauncher.execute(DefaultLauncher.java:103)
	at org.junit.platform.launcher.core.DefaultLauncher.execute(DefaultLauncher.java:85)
	at org.junit.platform.launcher.core.DelegatingLauncher.execute(DelegatingLauncher.java:47)
	at org.junit.platform.launcher.core.SessionPerRequestLauncher.execute(SessionPerRequestLauncher.java:63)
	at org.apache.maven.surefire.junitplatform.JUnitPlatformProvider.execute(JUnitPlatformProvider.java:188)
	at org.apache.maven.surefire.junitplatform.JUnitPlatformProvider.invokeAllTests(JUnitPlatformProvider.java:154)
	at org.apache.maven.surefire.junitplatform.JUnitPlatformProvider.invoke(JUnitPlatformProvider.java:124)
	at org.apache.maven.surefire.booter.ForkedBooter.runSuitesInProcess(ForkedBooter.java:428)
	at org.apache.maven.surefire.booter.ForkedBooter.execute(ForkedBooter.java:162)
	at org.apache.maven.surefire.booter.ForkedBooter.run(ForkedBooter.java:562)
	at org.apache.maven.surefire.booter.ForkedBooter.main(ForkedBooter.java:548)
Caused by: org.apache.ratis.protocol.exceptions.NotReplicatedException: Request with call Id 45 and log index 90 is not yet replicated to ALL_COMMITTED
	at org.apache.ratis.client.impl.ClientProtoUtils.toRaftClientReply(ClientProtoUtils.java:400)
	at org.apache.ratis.grpc.client.GrpcClientProtocolClient$AsyncStreamObservers$1.onNext(GrpcClientProtocolClient.java:310)
	at org.apache.ratis.grpc.client.GrpcClientProtocolClient$AsyncStreamObservers$1.onNext(GrpcClientProtocolClient.java:305)
	at org.apache.ratis.thirdparty.io.grpc.stub.ClientCalls$StreamObserverToCallListenerAdapter.onMessage(ClientCalls.java:468)
	at org.apache.ratis.thirdparty.io.grpc.ForwardingClientCallListener.onMessage(ForwardingClientCallListener.java:33)
	at org.apache.ratis.thirdparty.io.grpc.internal.ClientCallImpl$ClientStreamListenerImpl$1MessagesAvailable.runInternal(ClientCallImpl.java:660)
	at org.apache.ratis.thirdparty.io.grpc.internal.ClientCallImpl$ClientStreamListenerImpl$1MessagesAvailable.runInContext(ClientCallImpl.java:647)
	at org.apache.ratis.thirdparty.io.grpc.internal.ContextRunnable.run(ContextRunnable.java:37)
	at org.apache.ratis.thirdparty.io.grpc.internal.SerializingExecutor.run(SerializingExecutor.java:133)
	at java.util.concurrent.ThreadPoolExecutor.runWorker(ThreadPoolExecutor.java:1149)
	at java.util.concurrent.ThreadPoolExecutor$Worker.run(ThreadPoolExecutor.java:624)
	at java.lang.Thread.run(Thread.java:750)
2024-01-26 13:20:30,331 [056f2df6-7490-4bed-a807-334fa85beb73@group-0B0F12EFC87E-LeaderStateImpl] WARN  server.RaftServer$Division (LeaderStateImpl.java:checkLeadership(1107)) - 056f2df6-7490-4bed-a807-334fa85beb73@group-0B0F12EFC87E-LeaderStateImpl: Lost leadership on term: 1. Election timeout: 5200ms. In charge for: 11147ms. Conf: 0: peers:[2800087d-98cc-4731-8fb3-504dcca9d3e0|10.1.0.20:15121, d656e8e6-3e99-480b-bf88-fcaebe65a6ea|10.1.0.20:15112, 056f2df6-7490-4bed-a807-334fa85beb73|10.1.0.20:15103]|listeners:[], old=null
2024-01-26 13:20:30,332 [056f2df6-7490-4bed-a807-334fa85beb73@group-0B0F12EFC87E-LeaderStateImpl] WARN  server.RaftServer$Division (LeaderStateImpl.java:lambda$checkLeadership$21(1111)) - Follower 056f2df6-7490-4bed-a807-334fa85beb73@group-0B0F12EFC87E->2800087d-98cc-4731-8fb3-504dcca9d3e0(c1,m2,n3, caughtUp=true, lastRpcSendTime=154, lastRpcResponseTime=10411)
2024-01-26 13:20:30,332 [056f2df6-7490-4bed-a807-334fa85beb73@group-0B0F12EFC87E-LeaderStateImpl] WARN  server.RaftServer$Division (LeaderStateImpl.java:lambda$checkLeadership$21(1111)) - Follower 056f2df6-7490-4bed-a807-334fa85beb73@group-0B0F12EFC87E->d656e8e6-3e99-480b-bf88-fcaebe65a6ea(c2,m2,n3, caughtUp=true, lastRpcSendTime=381, lastRpcResponseTime=7900)
2024-01-26 13:20:30,332 [056f2df6-7490-4bed-a807-334fa85beb73@group-0B0F12EFC87E-LeaderStateImpl] INFO  server.RaftServer$Division (RaftServerImpl.java:setRole(383)) - 056f2df6-7490-4bed-a807-334fa85beb73@group-0B0F12EFC87E: changes role from    LEADER to FOLLOWER at term 1 for StepDownReason:LOST_MAJORITY_HEARTBEATS
2024-01-26 13:20:30,332 [056f2df6-7490-4bed-a807-334fa85beb73@group-0B0F12EFC87E-LeaderStateImpl] INFO  impl.RoleInfo (RoleInfo.java:shutdownLeaderState(94)) - 056f2df6-7490-4bed-a807-334fa85beb73: shutdown 056f2df6-7490-4bed-a807-334fa85beb73@group-0B0F12EFC87E-LeaderStateImpl
2024-01-26 13:20:30,332 [056f2df6-7490-4bed-a807-334fa85beb73@group-0B0F12EFC87E->2800087d-98cc-4731-8fb3-504dcca9d3e0-GrpcLogAppender-LogAppenderDaemon] WARN  server.GrpcLogAppender (GrpcLogAppender.java:mayWait(289)) - 056f2df6-7490-4bed-a807-334fa85beb73@group-0B0F12EFC87E->2800087d-98cc-4731-8fb3-504dcca9d3e0-GrpcLogAppender: Wait interrupted by java.lang.InterruptedException
2024-01-26 13:20:30,332 [056f2df6-7490-4bed-a807-334fa85beb73@group-0B0F12EFC87E-LeaderStateImpl] INFO  impl.PendingRequests (PendingRequests.java:sendNotLeaderResponses(289)) - 056f2df6-7490-4bed-a807-334fa85beb73@group-0B0F12EFC87E-PendingRequests: sendNotLeaderResponses
2024-01-26 13:20:30,332 [056f2df6-7490-4bed-a807-334fa85beb73@group-0B0F12EFC87E->d656e8e6-3e99-480b-bf88-fcaebe65a6ea-GrpcLogAppender-LogAppenderDaemon] WARN  server.GrpcLogAppender (GrpcLogAppender.java:mayWait(289)) - 056f2df6-7490-4bed-a807-334fa85beb73@group-0B0F12EFC87E->d656e8e6-3e99-480b-bf88-fcaebe65a6ea-GrpcLogAppender: Wait interrupted by java.lang.InterruptedException
2024-01-26 13:20:30,334 [null-request--thread1] INFO  server.GrpcClientProtocolService (GrpcClientProtocolService.java:lambda$processClientRequest$0(284)) - Failed RaftClientRequest:client-20D74A2DEF99->056f2df6-7490-4bed-a807-334fa85beb73@group-0B0F12EFC87E, cid=46, seq=null, Watch-MAJORITY_COMMITTED(90), Message:<EMPTY>, reply=RaftClientReply:client-20D74A2DEF99->056f2df6-7490-4bed-a807-334fa85beb73@group-0B0F12EFC87E, cid=46, FAILED org.apache.ratis.protocol.exceptions.NotLeaderException: Server 056f2df6-7490-4bed-a807-334fa85beb73@group-0B0F12EFC87E is not the leader, logIndex=0, commits[056f2df6-7490-4bed-a807-334fa85beb73:c2, 2800087d-98cc-4731-8fb3-504dcca9d3e0:c1, d656e8e6-3e99-480b-bf88-fcaebe65a6ea:c2]
2024-01-26 13:20:30,335 [056f2df6-7490-4bed-a807-334fa85beb73@group-0B0F12EFC87E-LeaderStateImpl] INFO  server.RaftServer$Division (ServerState.java:setLeader(269)) - 056f2df6-7490-4bed-a807-334fa85beb73@group-0B0F12EFC87E: change Leader from 056f2df6-7490-4bed-a807-334fa85beb73 to null at term 1 for StepDownReason:LOST_MAJORITY_HEARTBEATS
2024-01-26 13:20:30,335 [056f2df6-7490-4bed-a807-334fa85beb73@group-0B0F12EFC87E-LeaderStateImpl] INFO  impl.RoleInfo (RoleInfo.java:updateAndGet(139)) - 056f2df6-7490-4bed-a807-334fa85beb73: start 056f2df6-7490-4bed-a807-334fa85beb73@group-0B0F12EFC87E-FollowerState
2024-01-26 13:20:30,948 [056f2df6-7490-4bed-a807-334fa85beb73-CloseContainerThread-0] INFO  commandhandler.CloseContainerCommandHandler (CloseContainerCommandHandler.java:lambda$handle$0(154)) - Follower cannot close container #1.
2024-01-26 13:20:31,186 [timer6] WARN  server.GrpcLogAppender (LogUtils.java:warn(121)) - 056f2df6-7490-4bed-a807-334fa85beb73@group-0B0F12EFC87E->2800087d-98cc-4731-8fb3-504dcca9d3e0-AppendLogResponseHandler: Failed appendEntries (Repeated 8 times in the last 5.001s): org.apache.ratis.thirdparty.io.grpc.StatusRuntimeException: UNAVAILABLE: io exception
2024-01-26 13:20:31,187 [timer7] WARN  server.GrpcLogAppender (GrpcLogAppender.java:lambda$resetClient$1(217)) - 056f2df6-7490-4bed-a807-334fa85beb73@group-0B0F12EFC87E->2800087d-98cc-4731-8fb3-504dcca9d3e0-GrpcLogAppender: Follower failed (request=null, errorCount=16); keep nextIndex (3) unchanged and retry. (Repeated 8 times in the last 5.001s)
2024-01-26 13:20:32,173 [BackgroundPipelineScrubber] INFO  pipeline.PipelineManagerImpl (PipelineManagerImpl.java:scrubPipelines(610)) - Scrubbing pipeline: id: PipelineID=3c010fba-05cc-4306-bf6e-0b0f12efc87e since it stays at CLOSED stage.
2024-01-26 13:20:32,174 [BackgroundPipelineScrubber] INFO  pipeline.RatisPipelineProvider (RatisPipelineProvider.java:lambda$close$4(272)) - Send pipeline:PipelineID=3c010fba-05cc-4306-bf6e-0b0f12efc87e close command to datanode 2800087d-98cc-4731-8fb3-504dcca9d3e0
2024-01-26 13:20:32,174 [BackgroundPipelineScrubber] INFO  pipeline.RatisPipelineProvider (RatisPipelineProvider.java:lambda$close$4(272)) - Send pipeline:PipelineID=3c010fba-05cc-4306-bf6e-0b0f12efc87e close command to datanode d656e8e6-3e99-480b-bf88-fcaebe65a6ea
2024-01-26 13:20:32,174 [BackgroundPipelineScrubber] INFO  pipeline.RatisPipelineProvider (RatisPipelineProvider.java:lambda$close$4(272)) - Send pipeline:PipelineID=3c010fba-05cc-4306-bf6e-0b0f12efc87e close command to datanode 056f2df6-7490-4bed-a807-334fa85beb73
2024-01-26 13:20:32,176 [BackgroundPipelineScrubber] INFO  pipeline.PipelineManagerImpl (PipelineManagerImpl.java:removePipeline(459)) - Pipeline Pipeline[ Id: 3c010fba-05cc-4306-bf6e-0b0f12efc87e, Nodes: 2800087d-98cc-4731-8fb3-504dcca9d3e0(fv-az983-443.a2pef1dptxmevgtwlerx3iae4a.cx.internal.cloudapp.net/10.1.0.20)d656e8e6-3e99-480b-bf88-fcaebe65a6ea(fv-az983-443.a2pef1dptxmevgtwlerx3iae4a.cx.internal.cloudapp.net/10.1.0.20)056f2df6-7490-4bed-a807-334fa85beb73(fv-az983-443.a2pef1dptxmevgtwlerx3iae4a.cx.internal.cloudapp.net/10.1.0.20), ReplicationConfig: RATIS/THREE, State:CLOSED, leaderId:056f2df6-7490-4bed-a807-334fa85beb73, CreationTimestamp2024-01-26T13:20:11.191Z[Etc/UTC]] removed.
2024-01-26 13:20:33,699 [timer6] WARN  server.GrpcLogAppender (LogUtils.java:warn(121)) - 056f2df6-7490-4bed-a807-334fa85beb73@group-0B0F12EFC87E->d656e8e6-3e99-480b-bf88-fcaebe65a6ea-AppendLogResponseHandler: Failed appendEntries (Repeated 4 times in the last 5.002s): org.apache.ratis.thirdparty.io.grpc.StatusRuntimeException: UNAVAILABLE: io exception
2024-01-26 13:20:33,699 [timer7] WARN  server.GrpcLogAppender (GrpcLogAppender.java:lambda$resetClient$1(217)) - 056f2df6-7490-4bed-a807-334fa85beb73@group-0B0F12EFC87E->d656e8e6-3e99-480b-bf88-fcaebe65a6ea-GrpcLogAppender: Follower failed (request=null, errorCount=12); keep nextIndex (3) unchanged and retry. (Repeated 4 times in the last 5.001s)
2024-01-26 13:20:33,947 [056f2df6-7490-4bed-a807-334fa85beb73-PipelineCommandHandlerThread-0] INFO  server.RaftServer (RaftServerProxy.java:remove(111)) - 056f2df6-7490-4bed-a807-334fa85beb73: remove  FOLLOWER 056f2df6-7490-4bed-a807-334fa85beb73@group-0B0F12EFC87E:t1, leader=null, voted=056f2df6-7490-4bed-a807-334fa85beb73, raftlog=Memoized:056f2df6-7490-4bed-a807-334fa85beb73@group-0B0F12EFC87E-SegmentedRaftLog:OPENED:c2, conf=0: peers:[2800087d-98cc-4731-8fb3-504dcca9d3e0|10.1.0.20:15121, d656e8e6-3e99-480b-bf88-fcaebe65a6ea|10.1.0.20:15112, 056f2df6-7490-4bed-a807-334fa85beb73|10.1.0.20:15103]|listeners:[], old=null RUNNING
2024-01-26 13:20:33,948 [056f2df6-7490-4bed-a807-334fa85beb73-PipelineCommandHandlerThread-0] INFO  server.RaftServer$Division (RaftServerImpl.java:lambda$close$3(526)) - 056f2df6-7490-4bed-a807-334fa85beb73@group-0B0F12EFC87E: shutdown
2024-01-26 13:20:33,948 [056f2df6-7490-4bed-a807-334fa85beb73-PipelineCommandHandlerThread-0] INFO  util.JmxRegister (JmxRegister.java:unregister(73)) - Successfully un-registered JMX Bean with object name Ratis:service=RaftServer,group=group-0B0F12EFC87E,id=056f2df6-7490-4bed-a807-334fa85beb73
2024-01-26 13:20:33,948 [056f2df6-7490-4bed-a807-334fa85beb73-PipelineCommandHandlerThread-0] INFO  impl.RoleInfo (RoleInfo.java:shutdownFollowerState(110)) - 056f2df6-7490-4bed-a807-334fa85beb73: shutdown 056f2df6-7490-4bed-a807-334fa85beb73@group-0B0F12EFC87E-FollowerState
2024-01-26 13:20:33,948 [056f2df6-7490-4bed-a807-334fa85beb73-PipelineCommandHandlerThread-0] INFO  impl.StateMachineUpdater (StateMachineUpdater.java:stopAndJoin(157)) - 056f2df6-7490-4bed-a807-334fa85beb73@group-0B0F12EFC87E-StateMachineUpdater: set stopIndex = 2
2024-01-26 13:20:33,948 [056f2df6-7490-4bed-a807-334fa85beb73@group-0B0F12EFC87E-StateMachineUpdater] INFO  ratis.ContainerStateMachine (ContainerStateMachine.java:takeSnapshot(355)) - group-0B0F12EFC87E: Taking a snapshot at:(t:1, i:2) file /home/runner/work/ozone/ozone/hadoop-ozone/integration-test/target/test-dir/MiniOzoneClusterImpl-6bed2868-cd70-4a3d-a9ed-67052a48ddc2/datanode-0/data/ratis/3c010fba-05cc-4306-bf6e-0b0f12efc87e/sm/snapshot.1_2
2024-01-26 13:20:33,948 [056f2df6-7490-4bed-a807-334fa85beb73@group-0B0F12EFC87E-FollowerState] INFO  impl.FollowerState (FollowerState.java:run(152)) - 056f2df6-7490-4bed-a807-334fa85beb73@group-0B0F12EFC87E-FollowerState was interrupted
2024-01-26 13:20:33,950 [056f2df6-7490-4bed-a807-334fa85beb73@group-0B0F12EFC87E-StateMachineUpdater] INFO  ratis.ContainerStateMachine (ContainerStateMachine.java:takeSnapshot(366)) - group-0B0F12EFC87E: Finished taking a snapshot at:(t:1, i:2) file:/home/runner/work/ozone/ozone/hadoop-ozone/integration-test/target/test-dir/MiniOzoneClusterImpl-6bed2868-cd70-4a3d-a9ed-67052a48ddc2/datanode-0/data/ratis/3c010fba-05cc-4306-bf6e-0b0f12efc87e/sm/snapshot.1_2 took: 3 ms
2024-01-26 13:20:33,951 [056f2df6-7490-4bed-a807-334fa85beb73@group-0B0F12EFC87E-StateMachineUpdater] INFO  impl.StateMachineUpdater (StateMachineUpdater.java:takeSnapshot(295)) - 056f2df6-7490-4bed-a807-334fa85beb73@group-0B0F12EFC87E-StateMachineUpdater: Took a snapshot at index 2
2024-01-26 13:20:33,951 [056f2df6-7490-4bed-a807-334fa85beb73@group-0B0F12EFC87E-StateMachineUpdater] INFO  impl.StateMachineUpdater (StateMachineUpdater.java:lambda$new$0(98)) - 056f2df6-7490-4bed-a807-334fa85beb73@group-0B0F12EFC87E-StateMachineUpdater: snapshotIndex: updateIncreasingly -1 -> 2
2024-01-26 13:20:33,951 [056f2df6-7490-4bed-a807-334fa85beb73-PipelineCommandHandlerThread-0] INFO  server.RaftServer$Division (ServerState.java:close(427)) - 056f2df6-7490-4bed-a807-334fa85beb73@group-0B0F12EFC87E: applyIndex: 2
2024-01-26 13:20:33,951 [056f2df6-7490-4bed-a807-334fa85beb73@group-0B0F12EFC87E-cacheEviction-AwaitToRun] INFO  util.AwaitToRun (AwaitToRun.java:run(49)) - 056f2df6-7490-4bed-a807-334fa85beb73@group-0B0F12EFC87E-cacheEviction-AwaitToRun-AwaitForSignal is interrupted
2024-01-26 13:20:34,920 [056f2df6-7490-4bed-a807-334fa85beb73-PipelineCommandHandlerThread-0] INFO  segmented.SegmentedRaftLogWorker (SegmentedRaftLogWorker.java:close(245)) - 056f2df6-7490-4bed-a807-334fa85beb73@group-0B0F12EFC87E-SegmentedRaftLogWorker close()
2024-01-26 13:20:34,922 [056f2df6-7490-4bed-a807-334fa85beb73-PipelineCommandHandlerThread-0] INFO  keyvalue.KeyValueContainer (KeyValueContainer.java:flushAndSyncDB(522)) - Container 1 is synced with bcsId 0.
2024-01-26 13:20:34,922 [056f2df6-7490-4bed-a807-334fa85beb73-PipelineCommandHandlerThread-0] INFO  keyvalue.KeyValueContainer (KeyValueContainer.java:flushAndSyncDB(522)) - Container 1 is synced with bcsId 0.
2024-01-26 13:20:34,924 [FixedThreadPoolWithAffinityExecutor-1-0] INFO  container.IncrementalContainerReportHandler (AbstractContainerReportHandler.java:updateContainerState(287)) - Moving container #1 to QUASI_CLOSED state, datanode 056f2df6-7490-4bed-a807-334fa85beb73(fv-az983-443.a2pef1dptxmevgtwlerx3iae4a.cx.internal.cloudapp.net/10.1.0.20) reported QUASI_CLOSED replica.
2024-01-26 13:20:34,929 [056f2df6-7490-4bed-a807-334fa85beb73-PipelineCommandHandlerThread-0] INFO  server.RaftServer$Division (RaftServerImpl.java:groupRemove(496)) - 056f2df6-7490-4bed-a807-334fa85beb73@group-0B0F12EFC87E: Succeed to remove RaftStorageDirectory Storage Directory /home/runner/work/ozone/ozone/hadoop-ozone/integration-test/target/test-dir/MiniOzoneClusterImpl-6bed2868-cd70-4a3d-a9ed-67052a48ddc2/datanode-0/data/ratis/3c010fba-05cc-4306-bf6e-0b0f12efc87e
2024-01-26 13:20:34,929 [056f2df6-7490-4bed-a807-334fa85beb73-PipelineCommandHandlerThread-0] ERROR commandhandler.ClosePipelineCommandHandler (ClosePipelineCommandHandler.java:lambda$handle$2(137)) - Can't close pipeline PipelineID=3c010fba-05cc-4306-bf6e-0b0f12efc87e
org.apache.ratis.protocol.exceptions.GroupMismatchException: 056f2df6-7490-4bed-a807-334fa85beb73: group-0B0F12EFC87E not found.
	at org.apache.ratis.server.impl.RaftServerProxy$ImplMap.get(RaftServerProxy.java:154)
	at org.apache.ratis.server.impl.RaftServerProxy.getImplFuture(RaftServerProxy.java:364)
	at org.apache.ratis.server.impl.RaftServerProxy.getImpl(RaftServerProxy.java:373)
	at org.apache.ratis.server.impl.RaftServerProxy.getDivision(RaftServerProxy.java:386)
	at org.apache.hadoop.ozone.container.common.transport.server.ratis.XceiverServerRatis.getRaftPeersInPipeline(XceiverServerRatis.java:929)
	at org.apache.hadoop.ozone.container.common.statemachine.commandhandler.ClosePipelineCommandHandler.lambda$handle$2(ClosePipelineCommandHandler.java:114)
	at java.util.concurrent.CompletableFuture$AsyncRun.run(CompletableFuture.java:1640)
	at java.util.concurrent.ThreadPoolExecutor.runWorker(ThreadPoolExecutor.java:1149)
	at java.util.concurrent.ThreadPoolExecutor$Worker.run(ThreadPoolExecutor.java:624)
	at java.lang.Thread.run(Thread.java:750)
2024-01-26 13:20:40,352 [main] INFO  ozone.MiniOzoneClusterImpl (MiniOzoneClusterImpl.java:shutdown(449)) - Shutting down the Mini Ozone Cluster
2024-01-26 13:20:40,353 [main] INFO  db.CodecTestUtil (CodecTestUtil.java:gc(50)) - gc 0
2024-01-26 13:20:40,665 [main] INFO  ozone.MiniOzoneClusterImpl (MiniOzoneClusterImpl.java:stop(465)) - Stopping the Mini Ozone Cluster
2024-01-26 13:20:40,666 [main] INFO  om.OzoneManager (OzoneManager.java:stop(2204)) - om1[localhost:15093]: Stopping Ozone Manager
2024-01-26 13:20:40,666 [main] INFO  ipc.Server (Server.java:stop(3523)) - Stopping server on 15093
2024-01-26 13:20:40,672 [IPC Server listener on 15093] INFO  ipc.Server (Server.java:run(1434)) - Stopping IPC Server listener on 15093
2024-01-26 13:20:40,672 [IPC Server Responder] INFO  ipc.Server (Server.java:run(1567)) - Stopping IPC Server Responder
2024-01-26 13:20:40,672 [main] INFO  ratis.OzoneManagerRatisServer (OzoneManagerRatisServer.java:stop(594)) - Stopping org.apache.hadoop.ozone.om.ratis.OzoneManagerRatisServer@31a9e442 at port 15096
2024-01-26 13:20:40,673 [main] INFO  server.RaftServer (RaftServerProxy.java:lambda$close$9(416)) - om1: close
2024-01-26 13:20:40,673 [main] INFO  server.GrpcService (GrpcService.java:closeImpl(311)) - om1: shutdown server GrpcServerProtocolService now
2024-01-26 13:20:40,673 [om1-impl-thread1] INFO  server.RaftServer$Division (RaftServerImpl.java:lambda$close$3(526)) - om1@group-C5BA1605619E: shutdown
2024-01-26 13:20:40,673 [om1-impl-thread1] INFO  util.JmxRegister (JmxRegister.java:unregister(73)) - Successfully un-registered JMX Bean with object name Ratis:service=RaftServer,group=group-C5BA1605619E,id=om1
2024-01-26 13:20:40,673 [om1-impl-thread1] INFO  impl.RoleInfo (RoleInfo.java:shutdownLeaderState(94)) - om1: shutdown om1@group-C5BA1605619E-LeaderStateImpl
2024-01-26 13:20:40,673 [om1-impl-thread1] INFO  impl.PendingRequests (PendingRequests.java:sendNotLeaderResponses(289)) - om1@group-C5BA1605619E-PendingRequests: sendNotLeaderResponses
2024-01-26 13:20:40,673 [main] INFO  server.GrpcService (GrpcService.java:closeImpl(320)) - om1: shutdown server GrpcServerProtocolService successfully
2024-01-26 13:20:40,676 [om1-impl-thread1] INFO  impl.StateMachineUpdater (StateMachineUpdater.java:stopAndJoin(157)) - om1@group-C5BA1605619E-StateMachineUpdater: set stopIndex = 4
2024-01-26 13:20:40,676 [om1@group-C5BA1605619E-StateMachineUpdater] INFO  ratis.OzoneManagerStateMachine (OzoneManagerStateMachine.java:takeSnapshotImpl(469)) -  applied = (t:1, i:3)
2024-01-26 13:20:40,676 [om1@group-C5BA1605619E-StateMachineUpdater] INFO  ratis.OzoneManagerStateMachine (OzoneManagerStateMachine.java:takeSnapshotImpl(470)) -  skipped = 3
2024-01-26 13:20:40,676 [om1@group-C5BA1605619E-StateMachineUpdater] INFO  ratis.OzoneManagerStateMachine (OzoneManagerStateMachine.java:takeSnapshotImpl(471)) - notified = (t:1, i:4)
2024-01-26 13:20:40,676 [om1@group-C5BA1605619E-StateMachineUpdater] INFO  ratis.OzoneManagerStateMachine (OzoneManagerStateMachine.java:takeSnapshotImpl(472)) - snapshot = (t:1, i:4)
2024-01-26 13:20:40,686 [om1@group-C5BA1605619E-StateMachineUpdater] INFO  impl.StateMachineUpdater (StateMachineUpdater.java:takeSnapshot(295)) - om1@group-C5BA1605619E-StateMachineUpdater: Took a snapshot at index 4
2024-01-26 13:20:40,686 [om1@group-C5BA1605619E-StateMachineUpdater] INFO  impl.StateMachineUpdater (StateMachineUpdater.java:lambda$new$0(98)) - om1@group-C5BA1605619E-StateMachineUpdater: snapshotIndex: updateIncreasingly -1 -> 4
2024-01-26 13:20:40,686 [om1@group-C5BA1605619E-StateMachineUpdater] INFO  ratis.OzoneManagerStateMachine (OzoneManagerStateMachine.java:close(515)) - Stopping OzoneManagerStateMachine:om1:group-C5BA1605619E.
2024-01-26 13:20:40,686 [om1@group-C5BA1605619E-StateMachineUpdater] INFO  ratis.OzoneManagerDoubleBuffer (OzoneManagerDoubleBuffer.java:stopDaemon(514)) - Stopping OMDoubleBuffer flush thread
2024-01-26 13:20:40,686 [om1-OMDoubleBufferFlushThread] INFO  ratis.OzoneManagerDoubleBuffer (OzoneManagerDoubleBuffer.java:canFlush(578)) - OMDoubleBuffer flush thread om1-OMDoubleBufferFlushThread is interrupted and will exit.
2024-01-26 13:20:40,687 [om1-impl-thread1] INFO  server.RaftServer$Division (ServerState.java:close(427)) - om1@group-C5BA1605619E: applyIndex: 3
2024-01-26 13:20:40,687 [om1@group-C5BA1605619E-cacheEviction-AwaitToRun] INFO  util.AwaitToRun (AwaitToRun.java:run(49)) - om1@group-C5BA1605619E-cacheEviction-AwaitToRun-AwaitForSignal is interrupted
2024-01-26 13:20:40,864 [om1-impl-thread1] INFO  segmented.SegmentedRaftLogWorker (SegmentedRaftLogWorker.java:close(245)) - om1@group-C5BA1605619E-SegmentedRaftLogWorker close()
2024-01-26 13:20:40,864 [JvmPauseMonitor12] INFO  util.JvmPauseMonitor (JvmPauseMonitor.java:run(152)) - JvmPauseMonitor-om1: Stopped
2024-01-26 13:20:40,865 [main] INFO  utils.BackgroundService (BackgroundService.java:shutdown(160)) - Shutting down service KeyDeletingService
2024-01-26 13:20:40,865 [main] INFO  utils.BackgroundService (BackgroundService.java:shutdown(160)) - Shutting down service DirectoryDeletingService
2024-01-26 13:20:40,866 [main] INFO  utils.BackgroundService (BackgroundService.java:shutdown(160)) - Shutting down service OpenKeyCleanupService
2024-01-26 13:20:40,866 [main] INFO  utils.BackgroundService (BackgroundService.java:shutdown(160)) - Shutting down service SstFilteringService
2024-01-26 13:20:40,866 [main] INFO  utils.BackgroundService (BackgroundService.java:shutdown(160)) - Shutting down service SnapshotDeletingService
2024-01-26 13:20:40,866 [main] INFO  utils.BackgroundService (BackgroundService.java:shutdown(160)) - Shutting down service MultipartUploadCleanupService
2024-01-26 13:20:40,867 [main] INFO  handler.ContextHandler (ContextHandler.java:doStop(1159)) - Stopped o.e.j.w.WebAppContext@10679da{ozoneManager,/,null,STOPPED}{file:/home/runner/work/ozone/ozone/hadoop-ozone/integration-test/target/test-classes/webapps/ozoneManager}
2024-01-26 13:20:40,868 [main] INFO  server.AbstractConnector (AbstractConnector.java:doStop(383)) - Stopped ServerConnector@68cb485e{HTTP/1.1, (http/1.1)}{0.0.0.0:15094}
2024-01-26 13:20:40,868 [main] INFO  server.session (HouseKeeper.java:stopScavenging(149)) - node0 Stopped scavenging
2024-01-26 13:20:40,868 [main] INFO  handler.ContextHandler (ContextHandler.java:doStop(1159)) - Stopped o.e.j.s.ServletContextHandler@4cf6bf0{static,/static,file:///home/runner/work/ozone/ozone/hadoop-ozone/integration-test/target/test-classes/webapps/static,STOPPED}
2024-01-26 13:20:40,868 [main] INFO  handler.ContextHandler (ContextHandler.java:doStop(1159)) - Stopped o.e.j.s.ServletContextHandler@e2d03a8{logs,/logs,file:///home/runner/work/ozone/ozone/hadoop-ozone/integration-test/target/log,STOPPED}
2024-01-26 13:20:40,869 [main] INFO  rocksdiff.RocksDBCheckpointDiffer (RocksDBCheckpointDiffer.java:close(310)) - Shutting down CompactionDagPruningService.
2024-01-26 13:20:40,870 [main] INFO  snapshot.SnapshotDiffManager (SnapshotDiffManager.java:closeExecutorService(1688)) - Shutting down executorService: 'SnapDiffExecutor'
2024-01-26 13:20:40,871 [main] INFO  snapshot.SnapshotDiffManager (SnapshotDiffManager.java:closeExecutorService(1688)) - Shutting down executorService: 'SstDumpToolExecutor'
2024-01-26 13:20:40,871 [main] INFO  utils.BackgroundService (BackgroundService.java:shutdown(160)) - Shutting down service SnapshotDiffCleanupService
2024-01-26 13:20:40,871 [main] INFO  ozone.MiniOzoneClusterImpl (MiniOzoneClusterImpl.java:stopDatanodes(535)) - Stopping the HddsDatanodes
2024-01-26 13:20:40,875 [ForkJoinPool.commonPool-worker-7] INFO  ozoneimpl.OzoneContainer (OzoneContainer.java:stop(479)) - Attempting to stop container services.
2024-01-26 13:20:40,876 [ForkJoinPool.commonPool-worker-7] INFO  server.RaftServer (RaftServerProxy.java:lambda$close$9(416)) - fed085ba-920d-45a3-8aa6-0ed8c2482a63: close
2024-01-26 13:20:40,876 [fed085ba-920d-45a3-8aa6-0ed8c2482a63-impl-thread1] INFO  server.RaftServer$Division (RaftServerImpl.java:lambda$close$3(526)) - fed085ba-920d-45a3-8aa6-0ed8c2482a63@group-5BE1FB646630: shutdown
2024-01-26 13:20:40,876 [main] INFO  ozoneimpl.OzoneContainer (OzoneContainer.java:stop(479)) - Attempting to stop container services.
2024-01-26 13:20:40,876 [ForkJoinPool.commonPool-worker-7] INFO  server.GrpcService (GrpcService.java:closeImpl(311)) - fed085ba-920d-45a3-8aa6-0ed8c2482a63: shutdown server org.apache.ratis.grpc.server.GrpcClientProtocolService now
2024-01-26 13:20:40,876 [fed085ba-920d-45a3-8aa6-0ed8c2482a63-impl-thread1] INFO  util.JmxRegister (JmxRegister.java:unregister(73)) - Successfully un-registered JMX Bean with object name Ratis:service=RaftServer,group=group-5BE1FB646630,id=fed085ba-920d-45a3-8aa6-0ed8c2482a63
2024-01-26 13:20:40,876 [fed085ba-920d-45a3-8aa6-0ed8c2482a63-impl-thread1] INFO  impl.RoleInfo (RoleInfo.java:shutdownLeaderState(94)) - fed085ba-920d-45a3-8aa6-0ed8c2482a63: shutdown fed085ba-920d-45a3-8aa6-0ed8c2482a63@group-5BE1FB646630-LeaderStateImpl
2024-01-26 13:20:40,877 [main] INFO  server.RaftServer (RaftServerProxy.java:lambda$close$9(416)) - 3245821d-006a-4b2e-a5ee-2fe443b67b2f: close
2024-01-26 13:20:40,877 [fed085ba-920d-45a3-8aa6-0ed8c2482a63-impl-thread2] INFO  server.RaftServer$Division (RaftServerImpl.java:lambda$close$3(526)) - fed085ba-920d-45a3-8aa6-0ed8c2482a63@group-D2C40393F55B: shutdown
2024-01-26 13:20:40,877 [fed085ba-920d-45a3-8aa6-0ed8c2482a63@group-5BE1FB646630->97e940e6-23da-4943-8422-3d5ca177be46-GrpcLogAppender-LogAppenderDaemon] WARN  server.GrpcLogAppender (GrpcLogAppender.java:mayWait(289)) - fed085ba-920d-45a3-8aa6-0ed8c2482a63@group-5BE1FB646630->97e940e6-23da-4943-8422-3d5ca177be46-GrpcLogAppender: Wait interrupted by java.lang.InterruptedException
2024-01-26 13:20:40,877 [fed085ba-920d-45a3-8aa6-0ed8c2482a63@group-5BE1FB646630->3245821d-006a-4b2e-a5ee-2fe443b67b2f-GrpcLogAppender-LogAppenderDaemon] WARN  server.GrpcLogAppender (GrpcLogAppender.java:mayWait(289)) - fed085ba-920d-45a3-8aa6-0ed8c2482a63@group-5BE1FB646630->3245821d-006a-4b2e-a5ee-2fe443b67b2f-GrpcLogAppender: Wait interrupted by java.lang.InterruptedException
2024-01-26 13:20:40,877 [fed085ba-920d-45a3-8aa6-0ed8c2482a63-impl-thread1] INFO  impl.PendingRequests (PendingRequests.java:sendNotLeaderResponses(289)) - fed085ba-920d-45a3-8aa6-0ed8c2482a63@group-5BE1FB646630-PendingRequests: sendNotLeaderResponses
2024-01-26 13:20:40,878 [fed085ba-920d-45a3-8aa6-0ed8c2482a63-impl-thread1] INFO  impl.StateMachineUpdater (StateMachineUpdater.java:stopAndJoin(157)) - fed085ba-920d-45a3-8aa6-0ed8c2482a63@group-5BE1FB646630-StateMachineUpdater: set stopIndex = 0
2024-01-26 13:20:40,878 [fed085ba-920d-45a3-8aa6-0ed8c2482a63@group-5BE1FB646630-StateMachineUpdater] INFO  ratis.ContainerStateMachine (ContainerStateMachine.java:takeSnapshot(355)) - group-5BE1FB646630: Taking a snapshot at:(t:1, i:0) file /home/runner/work/ozone/ozone/hadoop-ozone/integration-test/target/test-dir/MiniOzoneClusterImpl-6bed2868-cd70-4a3d-a9ed-67052a48ddc2/datanode-4/data/ratis/576eb791-4d51-49ee-82d4-5be1fb646630/sm/snapshot.1_0
2024-01-26 13:20:40,878 [fed085ba-920d-45a3-8aa6-0ed8c2482a63-impl-thread2] INFO  util.JmxRegister (JmxRegister.java:unregister(73)) - Successfully un-registered JMX Bean with object name Ratis:service=RaftServer,group=group-D2C40393F55B,id=fed085ba-920d-45a3-8aa6-0ed8c2482a63
2024-01-26 13:20:40,878 [fed085ba-920d-45a3-8aa6-0ed8c2482a63-impl-thread2] INFO  impl.RoleInfo (RoleInfo.java:shutdownLeaderState(94)) - fed085ba-920d-45a3-8aa6-0ed8c2482a63: shutdown fed085ba-920d-45a3-8aa6-0ed8c2482a63@group-D2C40393F55B-LeaderStateImpl
2024-01-26 13:20:40,878 [fed085ba-920d-45a3-8aa6-0ed8c2482a63-impl-thread2] INFO  impl.PendingRequests (PendingRequests.java:sendNotLeaderResponses(289)) - fed085ba-920d-45a3-8aa6-0ed8c2482a63@group-D2C40393F55B-PendingRequests: sendNotLeaderResponses
2024-01-26 13:20:40,878 [grpc-default-executor-5] INFO  server.GrpcServerProtocolService (GrpcServerProtocolService.java:onCompleted(157)) - 97e940e6-23da-4943-8422-3d5ca177be46: Completed APPEND_ENTRIES, lastRequest: null
2024-01-26 13:20:40,878 [fed085ba-920d-45a3-8aa6-0ed8c2482a63-impl-thread2] INFO  impl.StateMachineUpdater (StateMachineUpdater.java:stopAndJoin(157)) - fed085ba-920d-45a3-8aa6-0ed8c2482a63@group-D2C40393F55B-StateMachineUpdater: set stopIndex = 0
2024-01-26 13:20:40,878 [fed085ba-920d-45a3-8aa6-0ed8c2482a63@group-D2C40393F55B-StateMachineUpdater] INFO  ratis.ContainerStateMachine (ContainerStateMachine.java:takeSnapshot(355)) - group-D2C40393F55B: Taking a snapshot at:(t:1, i:0) file /home/runner/work/ozone/ozone/hadoop-ozone/integration-test/target/test-dir/MiniOzoneClusterImpl-6bed2868-cd70-4a3d-a9ed-67052a48ddc2/datanode-4/data/ratis/c707d353-77f0-41d0-818a-d2c40393f55b/sm/snapshot.1_0
2024-01-26 13:20:40,878 [grpc-default-executor-4] INFO  server.GrpcServerProtocolService (GrpcServerProtocolService.java:onCompleted(157)) - 3245821d-006a-4b2e-a5ee-2fe443b67b2f: Completed APPEND_ENTRIES, lastRequest: null
2024-01-26 13:20:40,879 [Thread-2182] INFO  server.GrpcServerProtocolClient (GrpcServerProtocolClient.java:close(103)) - 3245821d-006a-4b2e-a5ee-2fe443b67b2f Close channels
2024-01-26 13:20:40,879 [grpc-default-executor-4] INFO  server.GrpcServerProtocolService (GrpcServerProtocolService.java:lambda$onCompleted$5(159)) - 3245821d-006a-4b2e-a5ee-2fe443b67b2f: Completed APPEND_ENTRIES, lastReply: serverReply {
  requestorId: "fed085ba-920d-45a3-8aa6-0ed8c2482a63"
  replyId: "3245821d-006a-4b2e-a5ee-2fe443b67b2f"
  raftGroupId {
    id: "Wn\267\221MQI\356\202\324[\341\373df0"
  }
  callId: 10
  success: true
}
term: 1
nextIndex: 1
matchIndex: 18446744073709551615
isHearbeat: true

2024-01-26 13:20:40,879 [fed085ba-920d-45a3-8aa6-0ed8c2482a63@group-5BE1FB646630-StateMachineUpdater] INFO  ratis.ContainerStateMachine (ContainerStateMachine.java:takeSnapshot(366)) - group-5BE1FB646630: Finished taking a snapshot at:(t:1, i:0) file:/home/runner/work/ozone/ozone/hadoop-ozone/integration-test/target/test-dir/MiniOzoneClusterImpl-6bed2868-cd70-4a3d-a9ed-67052a48ddc2/datanode-4/data/ratis/576eb791-4d51-49ee-82d4-5be1fb646630/sm/snapshot.1_0 took: 1 ms
2024-01-26 13:20:40,879 [fed085ba-920d-45a3-8aa6-0ed8c2482a63@group-5BE1FB646630-StateMachineUpdater] INFO  impl.StateMachineUpdater (StateMachineUpdater.java:takeSnapshot(295)) - fed085ba-920d-45a3-8aa6-0ed8c2482a63@group-5BE1FB646630-StateMachineUpdater: Took a snapshot at index 0
2024-01-26 13:20:40,879 [fed085ba-920d-45a3-8aa6-0ed8c2482a63@group-5BE1FB646630-StateMachineUpdater] INFO  impl.StateMachineUpdater (StateMachineUpdater.java:lambda$new$0(98)) - fed085ba-920d-45a3-8aa6-0ed8c2482a63@group-5BE1FB646630-StateMachineUpdater: snapshotIndex: updateIncreasingly -1 -> 0
2024-01-26 13:20:40,880 [fed085ba-920d-45a3-8aa6-0ed8c2482a63@group-D2C40393F55B-StateMachineUpdater] INFO  ratis.ContainerStateMachine (ContainerStateMachine.java:takeSnapshot(366)) - group-D2C40393F55B: Finished taking a snapshot at:(t:1, i:0) file:/home/runner/work/ozone/ozone/hadoop-ozone/integration-test/target/test-dir/MiniOzoneClusterImpl-6bed2868-cd70-4a3d-a9ed-67052a48ddc2/datanode-4/data/ratis/c707d353-77f0-41d0-818a-d2c40393f55b/sm/snapshot.1_0 took: 1 ms
2024-01-26 13:20:40,880 [fed085ba-920d-45a3-8aa6-0ed8c2482a63@group-D2C40393F55B-StateMachineUpdater] INFO  impl.StateMachineUpdater (StateMachineUpdater.java:takeSnapshot(295)) - fed085ba-920d-45a3-8aa6-0ed8c2482a63@group-D2C40393F55B-StateMachineUpdater: Took a snapshot at index 0
2024-01-26 13:20:40,880 [fed085ba-920d-45a3-8aa6-0ed8c2482a63@group-D2C40393F55B-StateMachineUpdater] INFO  impl.StateMachineUpdater (StateMachineUpdater.java:lambda$new$0(98)) - fed085ba-920d-45a3-8aa6-0ed8c2482a63@group-D2C40393F55B-StateMachineUpdater: snapshotIndex: updateIncreasingly -1 -> 0
2024-01-26 13:20:40,880 [fed085ba-920d-45a3-8aa6-0ed8c2482a63-impl-thread2] INFO  server.RaftServer$Division (ServerState.java:close(427)) - fed085ba-920d-45a3-8aa6-0ed8c2482a63@group-D2C40393F55B: applyIndex: 0
2024-01-26 13:20:40,880 [Thread-2183] INFO  server.GrpcServerProtocolClient (GrpcServerProtocolClient.java:close(103)) - 97e940e6-23da-4943-8422-3d5ca177be46 Close channels
2024-01-26 13:20:40,880 [fed085ba-920d-45a3-8aa6-0ed8c2482a63@group-D2C40393F55B-cacheEviction-AwaitToRun] INFO  util.AwaitToRun (AwaitToRun.java:run(49)) - fed085ba-920d-45a3-8aa6-0ed8c2482a63@group-D2C40393F55B-cacheEviction-AwaitToRun-AwaitForSignal is interrupted
2024-01-26 13:20:40,881 [grpc-default-executor-1] INFO  server.GrpcServerProtocolService (GrpcServerProtocolService.java:onCompleted(157)) - 3245821d-006a-4b2e-a5ee-2fe443b67b2f: Completed APPEND_ENTRIES, lastRequest: fed085ba-920d-45a3-8aa6-0ed8c2482a63->3245821d-006a-4b2e-a5ee-2fe443b67b2f#1-t1,previous=(t:0, i:0),leaderCommit=-1,initializing? false,entries: size=1, first=(t:1, i:0), CONFIGURATIONENTRY(current:id: "fed085ba-920d-45a3-8aa6-0ed8c2482a63"
address: "10.1.0.20:15139"
priority: 1
dataStreamAddress: "10.1.0.20:15140"
clientAddress: "10.1.0.20:15137"
adminAddress: "10.1.0.20:15138"
startupRole: FOLLOWER
,id: "3245821d-006a-4b2e-a5ee-2fe443b67b2f"
address: "10.1.0.20:15148"
dataStreamAddress: "10.1.0.20:15149"
clientAddress: "10.1.0.20:15146"
adminAddress: "10.1.0.20:15147"
startupRole: FOLLOWER
,id: "97e940e6-23da-4943-8422-3d5ca177be46"
address: "10.1.0.20:15130"
dataStreamAddress: "10.1.0.20:15131"
clientAddress: "10.1.0.20:15128"
adminAddress: "10.1.0.20:15129"
startupRole: FOLLOWER
, old:)
2024-01-26 13:20:40,881 [grpc-default-executor-1] INFO  server.GrpcServerProtocolService (GrpcServerProtocolService.java:lambda$onCompleted$5(159)) - 3245821d-006a-4b2e-a5ee-2fe443b67b2f: Completed APPEND_ENTRIES, lastReply: null
2024-01-26 13:20:40,881 [grpc-default-executor-2] INFO  server.GrpcLogAppender (GrpcLogAppender.java:onCompleted(546)) - fed085ba-920d-45a3-8aa6-0ed8c2482a63@group-5BE1FB646630->3245821d-006a-4b2e-a5ee-2fe443b67b2f-AppendLogResponseHandler: follower responses appendEntries COMPLETED
2024-01-26 13:20:40,878 [grpc-default-executor-5] INFO  server.GrpcServerProtocolService (GrpcServerProtocolService.java:lambda$onCompleted$5(159)) - 97e940e6-23da-4943-8422-3d5ca177be46: Completed APPEND_ENTRIES, lastReply: serverReply {
  requestorId: "fed085ba-920d-45a3-8aa6-0ed8c2482a63"
  replyId: "97e940e6-23da-4943-8422-3d5ca177be46"
  raftGroupId {
    id: "Wn\267\221MQI\356\202\324[\341\373df0"
  }
  callId: 12
  success: true
}
term: 1
nextIndex: 1
matchIndex: 18446744073709551615
isHearbeat: true

2024-01-26 13:20:40,881 [grpc-default-executor-2] WARN  server.GrpcLogAppender (GrpcLogAppender.java:resetClient(226)) - fed085ba-920d-45a3-8aa6-0ed8c2482a63@group-5BE1FB646630->3245821d-006a-4b2e-a5ee-2fe443b67b2f-GrpcLogAppender: Failed to getClient for 3245821d-006a-4b2e-a5ee-2fe443b67b2f
org.apache.ratis.protocol.exceptions.AlreadyClosedException: fed085ba-920d-45a3-8aa6-0ed8c2482a63 is already CLOSED
	at org.apache.ratis.util.PeerProxyMap$PeerAndProxy.getProxy(PeerProxyMap.java:65)
	at org.apache.ratis.util.PeerProxyMap.getProxy(PeerProxyMap.java:114)
	at org.apache.ratis.grpc.server.GrpcLogAppender.getClient(GrpcLogAppender.java:196)
	at org.apache.ratis.grpc.server.GrpcLogAppender.resetClient(GrpcLogAppender.java:201)
	at org.apache.ratis.grpc.server.GrpcLogAppender.access$800(GrpcLogAppender.java:62)
	at org.apache.ratis.grpc.server.GrpcLogAppender$AppendLogResponseHandler.onCompleted(GrpcLogAppender.java:547)
	at org.apache.ratis.thirdparty.io.grpc.stub.ClientCalls$StreamObserverToCallListenerAdapter.onClose(ClientCalls.java:479)
	at org.apache.ratis.thirdparty.io.grpc.internal.ClientCallImpl.closeObserver(ClientCallImpl.java:567)
	at org.apache.ratis.thirdparty.io.grpc.internal.ClientCallImpl.access$300(ClientCallImpl.java:71)
	at org.apache.ratis.thirdparty.io.grpc.internal.ClientCallImpl$ClientStreamListenerImpl$1StreamClosed.runInternal(ClientCallImpl.java:735)
	at org.apache.ratis.thirdparty.io.grpc.internal.ClientCallImpl$ClientStreamListenerImpl$1StreamClosed.runInContext(ClientCallImpl.java:716)
	at org.apache.ratis.thirdparty.io.grpc.internal.ContextRunnable.run(ContextRunnable.java:37)
	at org.apache.ratis.thirdparty.io.grpc.internal.SerializingExecutor.run(SerializingExecutor.java:133)
	at java.util.concurrent.ThreadPoolExecutor.runWorker(ThreadPoolExecutor.java:1149)
	at java.util.concurrent.ThreadPoolExecutor$Worker.run(ThreadPoolExecutor.java:624)
	at java.lang.Thread.run(Thread.java:750)
2024-01-26 13:20:40,880 [fed085ba-920d-45a3-8aa6-0ed8c2482a63-impl-thread1] INFO  server.RaftServer$Division (ServerState.java:close(427)) - fed085ba-920d-45a3-8aa6-0ed8c2482a63@group-5BE1FB646630: applyIndex: 0
2024-01-26 13:20:40,882 [fed085ba-920d-45a3-8aa6-0ed8c2482a63@group-5BE1FB646630-cacheEviction-AwaitToRun] INFO  util.AwaitToRun (AwaitToRun.java:run(49)) - fed085ba-920d-45a3-8aa6-0ed8c2482a63@group-5BE1FB646630-cacheEviction-AwaitToRun-AwaitForSignal is interrupted
2024-01-26 13:20:40,879 [grpc-default-executor-0] INFO  server.GrpcServerProtocolService (GrpcServerProtocolService.java:onCompleted(157)) - 97e940e6-23da-4943-8422-3d5ca177be46: Completed APPEND_ENTRIES, lastRequest: fed085ba-920d-45a3-8aa6-0ed8c2482a63->97e940e6-23da-4943-8422-3d5ca177be46#1-t1,previous=(t:0, i:0),leaderCommit=-1,initializing? false,entries: size=1, first=(t:1, i:0), CONFIGURATIONENTRY(current:id: "fed085ba-920d-45a3-8aa6-0ed8c2482a63"
address: "10.1.0.20:15139"
priority: 1
dataStreamAddress: "10.1.0.20:15140"
clientAddress: "10.1.0.20:15137"
adminAddress: "10.1.0.20:15138"
startupRole: FOLLOWER
,id: "3245821d-006a-4b2e-a5ee-2fe443b67b2f"
address: "10.1.0.20:15148"
dataStreamAddress: "10.1.0.20:15149"
clientAddress: "10.1.0.20:15146"
adminAddress: "10.1.0.20:15147"
startupRole: FOLLOWER
,id: "97e940e6-23da-4943-8422-3d5ca177be46"
address: "10.1.0.20:15130"
dataStreamAddress: "10.1.0.20:15131"
clientAddress: "10.1.0.20:15128"
adminAddress: "10.1.0.20:15129"
startupRole: FOLLOWER
, old:)
2024-01-26 13:20:40,884 [grpc-default-executor-0] INFO  server.GrpcServerProtocolService (GrpcServerProtocolService.java:lambda$onCompleted$5(159)) - 97e940e6-23da-4943-8422-3d5ca177be46: Completed APPEND_ENTRIES, lastReply: null
2024-01-26 13:20:40,884 [grpc-default-executor-0] INFO  server.GrpcLogAppender (GrpcLogAppender.java:onCompleted(546)) - fed085ba-920d-45a3-8aa6-0ed8c2482a63@group-5BE1FB646630->97e940e6-23da-4943-8422-3d5ca177be46-AppendLogResponseHandler: follower responses appendEntries COMPLETED
2024-01-26 13:20:40,883 [main] INFO  server.GrpcService (GrpcService.java:closeImpl(311)) - 3245821d-006a-4b2e-a5ee-2fe443b67b2f: shutdown server org.apache.ratis.grpc.server.GrpcClientProtocolService now
2024-01-26 13:20:40,885 [grpc-default-executor-2] INFO  server.GrpcLogAppender (GrpcLogAppender.java:onCompleted(546)) - fed085ba-920d-45a3-8aa6-0ed8c2482a63@group-5BE1FB646630->97e940e6-23da-4943-8422-3d5ca177be46-AppendLogResponseHandler: follower responses appendEntries COMPLETED
2024-01-26 13:20:40,885 [grpc-default-executor-2] WARN  server.GrpcLogAppender (GrpcLogAppender.java:resetClient(226)) - fed085ba-920d-45a3-8aa6-0ed8c2482a63@group-5BE1FB646630->97e940e6-23da-4943-8422-3d5ca177be46-GrpcLogAppender: Failed to getClient for 97e940e6-23da-4943-8422-3d5ca177be46
org.apache.ratis.protocol.exceptions.AlreadyClosedException: fed085ba-920d-45a3-8aa6-0ed8c2482a63 is already CLOSED
	at org.apache.ratis.util.PeerProxyMap$PeerAndProxy.getProxy(PeerProxyMap.java:65)
	at org.apache.ratis.util.PeerProxyMap.getProxy(PeerProxyMap.java:114)
	at org.apache.ratis.grpc.server.GrpcLogAppender.getClient(GrpcLogAppender.java:196)
	at org.apache.ratis.grpc.server.GrpcLogAppender.resetClient(GrpcLogAppender.java:201)
	at org.apache.ratis.grpc.server.GrpcLogAppender.access$800(GrpcLogAppender.java:62)
	at org.apache.ratis.grpc.server.GrpcLogAppender$AppendLogResponseHandler.onCompleted(GrpcLogAppender.java:547)
	at org.apache.ratis.thirdparty.io.grpc.stub.ClientCalls$StreamObserverToCallListenerAdapter.onClose(ClientCalls.java:479)
	at org.apache.ratis.thirdparty.io.grpc.internal.ClientCallImpl.closeObserver(ClientCallImpl.java:567)
	at org.apache.ratis.thirdparty.io.grpc.internal.ClientCallImpl.access$300(ClientCallImpl.java:71)
	at org.apache.ratis.thirdparty.io.grpc.internal.ClientCallImpl$ClientStreamListenerImpl$1StreamClosed.runInternal(ClientCallImpl.java:735)
	at org.apache.ratis.thirdparty.io.grpc.internal.ClientCallImpl$ClientStreamListenerImpl$1StreamClosed.runInContext(ClientCallImpl.java:716)
	at org.apache.ratis.thirdparty.io.grpc.internal.ContextRunnable.run(ContextRunnable.java:37)
	at org.apache.ratis.thirdparty.io.grpc.internal.SerializingExecutor.run(SerializingExecutor.java:133)
	at java.util.concurrent.ThreadPoolExecutor.runWorker(ThreadPoolExecutor.java:1149)
	at java.util.concurrent.ThreadPoolExecutor$Worker.run(ThreadPoolExecutor.java:624)
	at java.lang.Thread.run(Thread.java:750)
2024-01-26 13:20:40,883 [3245821d-006a-4b2e-a5ee-2fe443b67b2f-impl-thread1] INFO  server.RaftServer$Division (RaftServerImpl.java:lambda$close$3(526)) - 3245821d-006a-4b2e-a5ee-2fe443b67b2f@group-5BE1FB646630: shutdown
2024-01-26 13:20:40,885 [3245821d-006a-4b2e-a5ee-2fe443b67b2f-impl-thread2] INFO  server.RaftServer$Division (RaftServerImpl.java:lambda$close$3(526)) - 3245821d-006a-4b2e-a5ee-2fe443b67b2f@group-4322E11EB022: shutdown
2024-01-26 13:20:40,883 [grpc-default-executor-4] INFO  server.GrpcLogAppender (GrpcLogAppender.java:onCompleted(546)) - fed085ba-920d-45a3-8aa6-0ed8c2482a63@group-5BE1FB646630->3245821d-006a-4b2e-a5ee-2fe443b67b2f-AppendLogResponseHandler: follower responses appendEntries COMPLETED
2024-01-26 13:20:40,885 [3245821d-006a-4b2e-a5ee-2fe443b67b2f-impl-thread2] INFO  util.JmxRegister (JmxRegister.java:unregister(73)) - Successfully un-registered JMX Bean with object name Ratis:service=RaftServer,group=group-4322E11EB022,id=3245821d-006a-4b2e-a5ee-2fe443b67b2f
2024-01-26 13:20:40,885 [grpc-default-executor-4] WARN  server.GrpcLogAppender (GrpcLogAppender.java:resetClient(226)) - fed085ba-920d-45a3-8aa6-0ed8c2482a63@group-5BE1FB646630->3245821d-006a-4b2e-a5ee-2fe443b67b2f-GrpcLogAppender: Failed to getClient for 3245821d-006a-4b2e-a5ee-2fe443b67b2f
org.apache.ratis.protocol.exceptions.AlreadyClosedException: fed085ba-920d-45a3-8aa6-0ed8c2482a63 is already CLOSED
	at org.apache.ratis.util.PeerProxyMap$PeerAndProxy.getProxy(PeerProxyMap.java:65)
	at org.apache.ratis.util.PeerProxyMap.getProxy(PeerProxyMap.java:114)
	at org.apache.ratis.grpc.server.GrpcLogAppender.getClient(GrpcLogAppender.java:196)
	at org.apache.ratis.grpc.server.GrpcLogAppender.resetClient(GrpcLogAppender.java:201)
	at org.apache.ratis.grpc.server.GrpcLogAppender.access$800(GrpcLogAppender.java:62)
	at org.apache.ratis.grpc.server.GrpcLogAppender$AppendLogResponseHandler.onCompleted(GrpcLogAppender.java:547)
	at org.apache.ratis.thirdparty.io.grpc.stub.ClientCalls$StreamObserverToCallListenerAdapter.onClose(ClientCalls.java:479)
	at org.apache.ratis.thirdparty.io.grpc.internal.DelayedClientCall$DelayedListener$3.run(DelayedClientCall.java:489)
	at org.apache.ratis.thirdparty.io.grpc.internal.DelayedClientCall$DelayedListener.delayOrExecute(DelayedClientCall.java:453)
	at org.apache.ratis.thirdparty.io.grpc.internal.DelayedClientCall$DelayedListener.onClose(DelayedClientCall.java:486)
	at org.apache.ratis.thirdparty.io.grpc.internal.ClientCallImpl.closeObserver(ClientCallImpl.java:567)
	at org.apache.ratis.thirdparty.io.grpc.internal.ClientCallImpl.access$300(ClientCallImpl.java:71)
	at org.apache.ratis.thirdparty.io.grpc.internal.ClientCallImpl$ClientStreamListenerImpl$1StreamClosed.runInternal(ClientCallImpl.java:735)
	at org.apache.ratis.thirdparty.io.grpc.internal.ClientCallImpl$ClientStreamListenerImpl$1StreamClosed.runInContext(ClientCallImpl.java:716)
	at org.apache.ratis.thirdparty.io.grpc.internal.ContextRunnable.run(ContextRunnable.java:37)
	at org.apache.ratis.thirdparty.io.grpc.internal.SerializingExecutor.run(SerializingExecutor.java:133)
	at java.util.concurrent.ThreadPoolExecutor.runWorker(ThreadPoolExecutor.java:1149)
	at java.util.concurrent.ThreadPoolExecutor$Worker.run(ThreadPoolExecutor.java:624)
	at java.lang.Thread.run(Thread.java:750)
2024-01-26 13:20:40,885 [3245821d-006a-4b2e-a5ee-2fe443b67b2f-impl-thread1] INFO  util.JmxRegister (JmxRegister.java:unregister(73)) - Successfully un-registered JMX Bean with object name Ratis:service=RaftServer,group=group-5BE1FB646630,id=3245821d-006a-4b2e-a5ee-2fe443b67b2f
2024-01-26 13:20:40,886 [3245821d-006a-4b2e-a5ee-2fe443b67b2f-impl-thread1] INFO  impl.RoleInfo (RoleInfo.java:shutdownFollowerState(110)) - 3245821d-006a-4b2e-a5ee-2fe443b67b2f: shutdown 3245821d-006a-4b2e-a5ee-2fe443b67b2f@group-5BE1FB646630-FollowerState
2024-01-26 13:20:40,885 [grpc-default-executor-0] WARN  server.GrpcLogAppender (GrpcLogAppender.java:resetClient(226)) - fed085ba-920d-45a3-8aa6-0ed8c2482a63@group-5BE1FB646630->97e940e6-23da-4943-8422-3d5ca177be46-GrpcLogAppender: Failed to getClient for 97e940e6-23da-4943-8422-3d5ca177be46
org.apache.ratis.protocol.exceptions.AlreadyClosedException: fed085ba-920d-45a3-8aa6-0ed8c2482a63 is already CLOSED
	at org.apache.ratis.util.PeerProxyMap$PeerAndProxy.getProxy(PeerProxyMap.java:65)
	at org.apache.ratis.util.PeerProxyMap.getProxy(PeerProxyMap.java:114)
	at org.apache.ratis.grpc.server.GrpcLogAppender.getClient(GrpcLogAppender.java:196)
	at org.apache.ratis.grpc.server.GrpcLogAppender.resetClient(GrpcLogAppender.java:201)
	at org.apache.ratis.grpc.server.GrpcLogAppender.access$800(GrpcLogAppender.java:62)
	at org.apache.ratis.grpc.server.GrpcLogAppender$AppendLogResponseHandler.onCompleted(GrpcLogAppender.java:547)
	at org.apache.ratis.thirdparty.io.grpc.stub.ClientCalls$StreamObserverToCallListenerAdapter.onClose(ClientCalls.java:479)
	at org.apache.ratis.thirdparty.io.grpc.internal.ClientCallImpl.closeObserver(ClientCallImpl.java:567)
	at org.apache.ratis.thirdparty.io.grpc.internal.ClientCallImpl.access$300(ClientCallImpl.java:71)
	at org.apache.ratis.thirdparty.io.grpc.internal.ClientCallImpl$ClientStreamListenerImpl$1StreamClosed.runInternal(ClientCallImpl.java:735)
	at org.apache.ratis.thirdparty.io.grpc.internal.ClientCallImpl$ClientStreamListenerImpl$1StreamClosed.runInContext(ClientCallImpl.java:716)
	at org.apache.ratis.thirdparty.io.grpc.internal.ContextRunnable.run(ContextRunnable.java:37)
	at org.apache.ratis.thirdparty.io.grpc.internal.SerializingExecutor.run(SerializingExecutor.java:133)
	at java.util.concurrent.ThreadPoolExecutor.runWorker(ThreadPoolExecutor.java:1149)
	at java.util.concurrent.ThreadPoolExecutor$Worker.run(ThreadPoolExecutor.java:624)
	at java.lang.Thread.run(Thread.java:750)
2024-01-26 13:20:40,885 [Thread-2185] INFO  server.GrpcServerProtocolClient (GrpcServerProtocolClient.java:close(103)) - fed085ba-920d-45a3-8aa6-0ed8c2482a63 Close channels
2024-01-26 13:20:40,885 [3245821d-006a-4b2e-a5ee-2fe443b67b2f-impl-thread2] INFO  impl.RoleInfo (RoleInfo.java:shutdownLeaderState(94)) - 3245821d-006a-4b2e-a5ee-2fe443b67b2f: shutdown 3245821d-006a-4b2e-a5ee-2fe443b67b2f@group-4322E11EB022-LeaderStateImpl
2024-01-26 13:20:40,886 [3245821d-006a-4b2e-a5ee-2fe443b67b2f-impl-thread2] INFO  impl.PendingRequests (PendingRequests.java:sendNotLeaderResponses(289)) - 3245821d-006a-4b2e-a5ee-2fe443b67b2f@group-4322E11EB022-PendingRequests: sendNotLeaderResponses
2024-01-26 13:20:40,886 [3245821d-006a-4b2e-a5ee-2fe443b67b2f-impl-thread2] INFO  impl.StateMachineUpdater (StateMachineUpdater.java:stopAndJoin(157)) - 3245821d-006a-4b2e-a5ee-2fe443b67b2f@group-4322E11EB022-StateMachineUpdater: set stopIndex = 0
2024-01-26 13:20:40,886 [3245821d-006a-4b2e-a5ee-2fe443b67b2f@group-4322E11EB022-StateMachineUpdater] INFO  ratis.ContainerStateMachine (ContainerStateMachine.java:takeSnapshot(355)) - group-4322E11EB022: Taking a snapshot at:(t:1, i:0) file /home/runner/work/ozone/ozone/hadoop-ozone/integration-test/target/test-dir/MiniOzoneClusterImpl-6bed2868-cd70-4a3d-a9ed-67052a48ddc2/datanode-5/data/ratis/0ccba93a-1a09-4e59-b318-4322e11eb022/sm/snapshot.1_0
2024-01-26 13:20:40,887 [3245821d-006a-4b2e-a5ee-2fe443b67b2f@group-4322E11EB022-StateMachineUpdater] INFO  ratis.ContainerStateMachine (ContainerStateMachine.java:takeSnapshot(366)) - group-4322E11EB022: Finished taking a snapshot at:(t:1, i:0) file:/home/runner/work/ozone/ozone/hadoop-ozone/integration-test/target/test-dir/MiniOzoneClusterImpl-6bed2868-cd70-4a3d-a9ed-67052a48ddc2/datanode-5/data/ratis/0ccba93a-1a09-4e59-b318-4322e11eb022/sm/snapshot.1_0 took: 0 ms
2024-01-26 13:20:40,887 [3245821d-006a-4b2e-a5ee-2fe443b67b2f@group-4322E11EB022-StateMachineUpdater] INFO  impl.StateMachineUpdater (StateMachineUpdater.java:takeSnapshot(295)) - 3245821d-006a-4b2e-a5ee-2fe443b67b2f@group-4322E11EB022-StateMachineUpdater: Took a snapshot at index 0
2024-01-26 13:20:40,887 [3245821d-006a-4b2e-a5ee-2fe443b67b2f@group-4322E11EB022-StateMachineUpdater] INFO  impl.StateMachineUpdater (StateMachineUpdater.java:lambda$new$0(98)) - 3245821d-006a-4b2e-a5ee-2fe443b67b2f@group-4322E11EB022-StateMachineUpdater: snapshotIndex: updateIncreasingly -1 -> 0
2024-01-26 13:20:40,887 [3245821d-006a-4b2e-a5ee-2fe443b67b2f-impl-thread2] INFO  server.RaftServer$Division (ServerState.java:close(427)) - 3245821d-006a-4b2e-a5ee-2fe443b67b2f@group-4322E11EB022: applyIndex: 0
2024-01-26 13:20:40,893 [ForkJoinPool.commonPool-worker-5] INFO  ozoneimpl.OzoneContainer (OzoneContainer.java:stop(479)) - Attempting to stop container services.
2024-01-26 13:20:40,893 [Thread-2187] INFO  server.GrpcServerProtocolClient (GrpcServerProtocolClient.java:close(103)) - 97e940e6-23da-4943-8422-3d5ca177be46 Close channels
2024-01-26 13:20:40,897 [3245821d-006a-4b2e-a5ee-2fe443b67b2f@group-4322E11EB022-cacheEviction-AwaitToRun] INFO  util.AwaitToRun (AwaitToRun.java:run(49)) - 3245821d-006a-4b2e-a5ee-2fe443b67b2f@group-4322E11EB022-cacheEviction-AwaitToRun-AwaitForSignal is interrupted
2024-01-26 13:20:40,897 [3245821d-006a-4b2e-a5ee-2fe443b67b2f-impl-thread1] INFO  impl.StateMachineUpdater (StateMachineUpdater.java:stopAndJoin(157)) - 3245821d-006a-4b2e-a5ee-2fe443b67b2f@group-5BE1FB646630-StateMachineUpdater: set stopIndex = 0
2024-01-26 13:20:40,897 [ForkJoinPool.commonPool-worker-6] INFO  ozoneimpl.OzoneContainer (OzoneContainer.java:stop(479)) - Attempting to stop container services.
2024-01-26 13:20:40,897 [ForkJoinPool.commonPool-worker-5] INFO  server.RaftServer (RaftServerProxy.java:lambda$close$9(416)) - 97e940e6-23da-4943-8422-3d5ca177be46: close
2024-01-26 13:20:40,897 [97e940e6-23da-4943-8422-3d5ca177be46-impl-thread1] INFO  server.RaftServer$Division (RaftServerImpl.java:lambda$close$3(526)) - 97e940e6-23da-4943-8422-3d5ca177be46@group-5BE1FB646630: shutdown
2024-01-26 13:20:40,897 [ForkJoinPool.commonPool-worker-5] INFO  server.GrpcService (GrpcService.java:closeImpl(311)) - 97e940e6-23da-4943-8422-3d5ca177be46: shutdown server org.apache.ratis.grpc.server.GrpcClientProtocolService now
2024-01-26 13:20:40,898 [ForkJoinPool.commonPool-worker-7] INFO  server.GrpcService (GrpcService.java:closeImpl(320)) - fed085ba-920d-45a3-8aa6-0ed8c2482a63: shutdown server org.apache.ratis.grpc.server.GrpcClientProtocolService successfully
2024-01-26 13:20:40,898 [ForkJoinPool.commonPool-worker-7] INFO  server.GrpcService (GrpcService.java:closeImpl(311)) - fed085ba-920d-45a3-8aa6-0ed8c2482a63: shutdown server GrpcServerProtocolService now
2024-01-26 13:20:40,897 [3245821d-006a-4b2e-a5ee-2fe443b67b2f@group-5BE1FB646630-StateMachineUpdater] INFO  ratis.ContainerStateMachine (ContainerStateMachine.java:takeSnapshot(355)) - group-5BE1FB646630: Taking a snapshot at:(t:1, i:0) file /home/runner/work/ozone/ozone/hadoop-ozone/integration-test/target/test-dir/MiniOzoneClusterImpl-6bed2868-cd70-4a3d-a9ed-67052a48ddc2/datanode-5/data/ratis/576eb791-4d51-49ee-82d4-5be1fb646630/sm/snapshot.1_0
2024-01-26 13:20:40,898 [97e940e6-23da-4943-8422-3d5ca177be46-impl-thread2] INFO  server.RaftServer$Division (RaftServerImpl.java:lambda$close$3(526)) - 97e940e6-23da-4943-8422-3d5ca177be46@group-CB4B36940C79: shutdown
2024-01-26 13:20:40,898 [97e940e6-23da-4943-8422-3d5ca177be46-impl-thread2] INFO  util.JmxRegister (JmxRegister.java:unregister(73)) - Successfully un-registered JMX Bean with object name Ratis:service=RaftServer,group=group-CB4B36940C79,id=97e940e6-23da-4943-8422-3d5ca177be46
2024-01-26 13:20:40,898 [97e940e6-23da-4943-8422-3d5ca177be46-impl-thread2] INFO  impl.RoleInfo (RoleInfo.java:shutdownLeaderState(94)) - 97e940e6-23da-4943-8422-3d5ca177be46: shutdown 97e940e6-23da-4943-8422-3d5ca177be46@group-CB4B36940C79-LeaderStateImpl
2024-01-26 13:20:40,898 [97e940e6-23da-4943-8422-3d5ca177be46-impl-thread2] INFO  impl.PendingRequests (PendingRequests.java:sendNotLeaderResponses(289)) - 97e940e6-23da-4943-8422-3d5ca177be46@group-CB4B36940C79-PendingRequests: sendNotLeaderResponses
2024-01-26 13:20:40,898 [3245821d-006a-4b2e-a5ee-2fe443b67b2f@group-5BE1FB646630-StateMachineUpdater] INFO  ratis.ContainerStateMachine (ContainerStateMachine.java:takeSnapshot(366)) - group-5BE1FB646630: Finished taking a snapshot at:(t:1, i:0) file:/home/runner/work/ozone/ozone/hadoop-ozone/integration-test/target/test-dir/MiniOzoneClusterImpl-6bed2868-cd70-4a3d-a9ed-67052a48ddc2/datanode-5/data/ratis/576eb791-4d51-49ee-82d4-5be1fb646630/sm/snapshot.1_0 took: 2 ms
2024-01-26 13:20:40,898 [3245821d-006a-4b2e-a5ee-2fe443b67b2f@group-5BE1FB646630-StateMachineUpdater] INFO  impl.StateMachineUpdater (StateMachineUpdater.java:takeSnapshot(295)) - 3245821d-006a-4b2e-a5ee-2fe443b67b2f@group-5BE1FB646630-StateMachineUpdater: Took a snapshot at index 0
2024-01-26 13:20:40,898 [97e940e6-23da-4943-8422-3d5ca177be46-impl-thread2] INFO  impl.StateMachineUpdater (StateMachineUpdater.java:stopAndJoin(157)) - 97e940e6-23da-4943-8422-3d5ca177be46@group-CB4B36940C79-StateMachineUpdater: set stopIndex = 0
2024-01-26 13:20:40,897 [3245821d-006a-4b2e-a5ee-2fe443b67b2f@group-5BE1FB646630-FollowerState] INFO  impl.FollowerState (FollowerState.java:run(152)) - 3245821d-006a-4b2e-a5ee-2fe443b67b2f@group-5BE1FB646630-FollowerState was interrupted
2024-01-26 13:20:40,898 [97e940e6-23da-4943-8422-3d5ca177be46@group-CB4B36940C79-StateMachineUpdater] INFO  ratis.ContainerStateMachine (ContainerStateMachine.java:takeSnapshot(355)) - group-CB4B36940C79: Taking a snapshot at:(t:1, i:0) file /home/runner/work/ozone/ozone/hadoop-ozone/integration-test/target/test-dir/MiniOzoneClusterImpl-6bed2868-cd70-4a3d-a9ed-67052a48ddc2/datanode-3/data/ratis/9f37c904-b19c-47af-a700-cb4b36940c79/sm/snapshot.1_0
2024-01-26 13:20:40,898 [3245821d-006a-4b2e-a5ee-2fe443b67b2f@group-5BE1FB646630-StateMachineUpdater] INFO  impl.StateMachineUpdater (StateMachineUpdater.java:lambda$new$0(98)) - 3245821d-006a-4b2e-a5ee-2fe443b67b2f@group-5BE1FB646630-StateMachineUpdater: snapshotIndex: updateIncreasingly -1 -> 0
2024-01-26 13:20:40,897 [97e940e6-23da-4943-8422-3d5ca177be46-impl-thread1] INFO  util.JmxRegister (JmxRegister.java:unregister(73)) - Successfully un-registered JMX Bean with object name Ratis:service=RaftServer,group=group-5BE1FB646630,id=97e940e6-23da-4943-8422-3d5ca177be46
2024-01-26 13:20:40,899 [97e940e6-23da-4943-8422-3d5ca177be46-impl-thread1] INFO  impl.RoleInfo (RoleInfo.java:shutdownFollowerState(110)) - 97e940e6-23da-4943-8422-3d5ca177be46: shutdown 97e940e6-23da-4943-8422-3d5ca177be46@group-5BE1FB646630-FollowerState
2024-01-26 13:20:40,899 [3245821d-006a-4b2e-a5ee-2fe443b67b2f-impl-thread1] INFO  server.RaftServer$Division (ServerState.java:close(427)) - 3245821d-006a-4b2e-a5ee-2fe443b67b2f@group-5BE1FB646630: applyIndex: 0
2024-01-26 13:20:40,899 [97e940e6-23da-4943-8422-3d5ca177be46@group-CB4B36940C79-StateMachineUpdater] INFO  ratis.ContainerStateMachine (ContainerStateMachine.java:takeSnapshot(366)) - group-CB4B36940C79: Finished taking a snapshot at:(t:1, i:0) file:/home/runner/work/ozone/ozone/hadoop-ozone/integration-test/target/test-dir/MiniOzoneClusterImpl-6bed2868-cd70-4a3d-a9ed-67052a48ddc2/datanode-3/data/ratis/9f37c904-b19c-47af-a700-cb4b36940c79/sm/snapshot.1_0 took: 1 ms
2024-01-26 13:20:40,899 [97e940e6-23da-4943-8422-3d5ca177be46@group-CB4B36940C79-StateMachineUpdater] INFO  impl.StateMachineUpdater (StateMachineUpdater.java:takeSnapshot(295)) - 97e940e6-23da-4943-8422-3d5ca177be46@group-CB4B36940C79-StateMachineUpdater: Took a snapshot at index 0
2024-01-26 13:20:40,899 [97e940e6-23da-4943-8422-3d5ca177be46@group-CB4B36940C79-StateMachineUpdater] INFO  impl.StateMachineUpdater (StateMachineUpdater.java:lambda$new$0(98)) - 97e940e6-23da-4943-8422-3d5ca177be46@group-CB4B36940C79-StateMachineUpdater: snapshotIndex: updateIncreasingly -1 -> 0
2024-01-26 13:20:40,900 [97e940e6-23da-4943-8422-3d5ca177be46-impl-thread2] INFO  server.RaftServer$Division (ServerState.java:close(427)) - 97e940e6-23da-4943-8422-3d5ca177be46@group-CB4B36940C79: applyIndex: 0
2024-01-26 13:20:40,900 [3245821d-006a-4b2e-a5ee-2fe443b67b2f@group-5BE1FB646630-cacheEviction-AwaitToRun] INFO  util.AwaitToRun (AwaitToRun.java:run(49)) - 3245821d-006a-4b2e-a5ee-2fe443b67b2f@group-5BE1FB646630-cacheEviction-AwaitToRun-AwaitForSignal is interrupted
2024-01-26 13:20:40,900 [97e940e6-23da-4943-8422-3d5ca177be46@group-5BE1FB646630-StateMachineUpdater] INFO  ratis.ContainerStateMachine (ContainerStateMachine.java:takeSnapshot(355)) - group-5BE1FB646630: Taking a snapshot at:(t:1, i:0) file /home/runner/work/ozone/ozone/hadoop-ozone/integration-test/target/test-dir/MiniOzoneClusterImpl-6bed2868-cd70-4a3d-a9ed-67052a48ddc2/datanode-3/data/ratis/576eb791-4d51-49ee-82d4-5be1fb646630/sm/snapshot.1_0
2024-01-26 13:20:40,900 [97e940e6-23da-4943-8422-3d5ca177be46@group-5BE1FB646630-FollowerState] INFO  impl.FollowerState (FollowerState.java:run(152)) - 97e940e6-23da-4943-8422-3d5ca177be46@group-5BE1FB646630-FollowerState was interrupted
2024-01-26 13:20:40,900 [97e940e6-23da-4943-8422-3d5ca177be46-impl-thread1] INFO  impl.StateMachineUpdater (StateMachineUpdater.java:stopAndJoin(157)) - 97e940e6-23da-4943-8422-3d5ca177be46@group-5BE1FB646630-StateMachineUpdater: set stopIndex = 0
2024-01-26 13:20:40,901 [97e940e6-23da-4943-8422-3d5ca177be46@group-5BE1FB646630-StateMachineUpdater] INFO  ratis.ContainerStateMachine (ContainerStateMachine.java:takeSnapshot(366)) - group-5BE1FB646630: Finished taking a snapshot at:(t:1, i:0) file:/home/runner/work/ozone/ozone/hadoop-ozone/integration-test/target/test-dir/MiniOzoneClusterImpl-6bed2868-cd70-4a3d-a9ed-67052a48ddc2/datanode-3/data/ratis/576eb791-4d51-49ee-82d4-5be1fb646630/sm/snapshot.1_0 took: 0 ms
2024-01-26 13:20:40,901 [97e940e6-23da-4943-8422-3d5ca177be46@group-5BE1FB646630-StateMachineUpdater] INFO  impl.StateMachineUpdater (StateMachineUpdater.java:takeSnapshot(295)) - 97e940e6-23da-4943-8422-3d5ca177be46@group-5BE1FB646630-StateMachineUpdater: Took a snapshot at index 0
2024-01-26 13:20:40,901 [97e940e6-23da-4943-8422-3d5ca177be46@group-5BE1FB646630-StateMachineUpdater] INFO  impl.StateMachineUpdater (StateMachineUpdater.java:lambda$new$0(98)) - 97e940e6-23da-4943-8422-3d5ca177be46@group-5BE1FB646630-StateMachineUpdater: snapshotIndex: updateIncreasingly -1 -> 0
2024-01-26 13:20:40,901 [97e940e6-23da-4943-8422-3d5ca177be46-impl-thread1] INFO  server.RaftServer$Division (ServerState.java:close(427)) - 97e940e6-23da-4943-8422-3d5ca177be46@group-5BE1FB646630: applyIndex: 0
2024-01-26 13:20:40,903 [main] INFO  server.GrpcService (GrpcService.java:closeImpl(320)) - 3245821d-006a-4b2e-a5ee-2fe443b67b2f: shutdown server org.apache.ratis.grpc.server.GrpcClientProtocolService successfully
2024-01-26 13:20:40,903 [main] INFO  server.GrpcService (GrpcService.java:closeImpl(311)) - 3245821d-006a-4b2e-a5ee-2fe443b67b2f: shutdown server GrpcServerProtocolService now
2024-01-26 13:20:40,903 [ForkJoinPool.commonPool-worker-7] INFO  server.GrpcService (GrpcService.java:closeImpl(320)) - fed085ba-920d-45a3-8aa6-0ed8c2482a63: shutdown server GrpcServerProtocolService successfully
2024-01-26 13:20:40,904 [ForkJoinPool.commonPool-worker-5] INFO  server.GrpcService (GrpcService.java:closeImpl(320)) - 97e940e6-23da-4943-8422-3d5ca177be46: shutdown server org.apache.ratis.grpc.server.GrpcClientProtocolService successfully
2024-01-26 13:20:40,903 [ForkJoinPool.commonPool-worker-6] INFO  server.RaftServer (RaftServerProxy.java:lambda$close$9(416)) - 84594c31-4da7-47fb-86d6-9d5be6ec36d0: close
2024-01-26 13:20:40,904 [97e940e6-23da-4943-8422-3d5ca177be46@group-5BE1FB646630-cacheEviction-AwaitToRun] INFO  util.AwaitToRun (AwaitToRun.java:run(49)) - 97e940e6-23da-4943-8422-3d5ca177be46@group-5BE1FB646630-cacheEviction-AwaitToRun-AwaitForSignal is interrupted
2024-01-26 13:20:40,904 [ForkJoinPool.commonPool-worker-5] INFO  server.GrpcService (GrpcService.java:closeImpl(311)) - 97e940e6-23da-4943-8422-3d5ca177be46: shutdown server GrpcServerProtocolService now
2024-01-26 13:20:40,904 [ForkJoinPool.commonPool-worker-7] INFO  server.GrpcService (GrpcService.java:closeImpl(311)) - fed085ba-920d-45a3-8aa6-0ed8c2482a63: shutdown server org.apache.ratis.grpc.server.GrpcAdminProtocolService now
2024-01-26 13:20:40,905 [97e940e6-23da-4943-8422-3d5ca177be46@group-CB4B36940C79-cacheEviction-AwaitToRun] INFO  util.AwaitToRun (AwaitToRun.java:run(49)) - 97e940e6-23da-4943-8422-3d5ca177be46@group-CB4B36940C79-cacheEviction-AwaitToRun-AwaitForSignal is interrupted
2024-01-26 13:20:40,905 [main] INFO  server.GrpcService (GrpcService.java:closeImpl(320)) - 3245821d-006a-4b2e-a5ee-2fe443b67b2f: shutdown server GrpcServerProtocolService successfully
2024-01-26 13:20:40,905 [main] INFO  server.GrpcService (GrpcService.java:closeImpl(311)) - 3245821d-006a-4b2e-a5ee-2fe443b67b2f: shutdown server org.apache.ratis.grpc.server.GrpcAdminProtocolService now
2024-01-26 13:20:40,905 [84594c31-4da7-47fb-86d6-9d5be6ec36d0-impl-thread1] INFO  server.RaftServer$Division (RaftServerImpl.java:lambda$close$3(526)) - 84594c31-4da7-47fb-86d6-9d5be6ec36d0@group-792F70B7EB65: shutdown
2024-01-26 13:20:40,905 [84594c31-4da7-47fb-86d6-9d5be6ec36d0-impl-thread1] INFO  util.JmxRegister (JmxRegister.java:unregister(73)) - Successfully un-registered JMX Bean with object name Ratis:service=RaftServer,group=group-792F70B7EB65,id=84594c31-4da7-47fb-86d6-9d5be6ec36d0
2024-01-26 13:20:40,906 [84594c31-4da7-47fb-86d6-9d5be6ec36d0-impl-thread1] INFO  impl.RoleInfo (RoleInfo.java:shutdownLeaderState(94)) - 84594c31-4da7-47fb-86d6-9d5be6ec36d0: shutdown 84594c31-4da7-47fb-86d6-9d5be6ec36d0@group-792F70B7EB65-LeaderStateImpl
2024-01-26 13:20:40,905 [ForkJoinPool.commonPool-worker-7] INFO  server.GrpcService (GrpcService.java:closeImpl(320)) - fed085ba-920d-45a3-8aa6-0ed8c2482a63: shutdown server org.apache.ratis.grpc.server.GrpcAdminProtocolService successfully
2024-01-26 13:20:40,906 [ForkJoinPool.commonPool-worker-6] INFO  server.GrpcService (GrpcService.java:closeImpl(311)) - 84594c31-4da7-47fb-86d6-9d5be6ec36d0: shutdown server org.apache.ratis.grpc.server.GrpcClientProtocolService now
2024-01-26 13:20:40,906 [84594c31-4da7-47fb-86d6-9d5be6ec36d0-impl-thread2] INFO  server.RaftServer$Division (RaftServerImpl.java:lambda$close$3(526)) - 84594c31-4da7-47fb-86d6-9d5be6ec36d0@group-89BB3BB132ED: shutdown
2024-01-26 13:20:40,906 [84594c31-4da7-47fb-86d6-9d5be6ec36d0-impl-thread2] INFO  util.JmxRegister (JmxRegister.java:unregister(73)) - Successfully un-registered JMX Bean with object name Ratis:service=RaftServer,group=group-89BB3BB132ED,id=84594c31-4da7-47fb-86d6-9d5be6ec36d0
2024-01-26 13:20:40,906 [84594c31-4da7-47fb-86d6-9d5be6ec36d0-impl-thread2] INFO  impl.RoleInfo (RoleInfo.java:shutdownLeaderState(94)) - 84594c31-4da7-47fb-86d6-9d5be6ec36d0: shutdown 84594c31-4da7-47fb-86d6-9d5be6ec36d0@group-89BB3BB132ED-LeaderStateImpl
2024-01-26 13:20:40,906 [ForkJoinPool.commonPool-worker-5] INFO  server.GrpcService (GrpcService.java:closeImpl(320)) - 97e940e6-23da-4943-8422-3d5ca177be46: shutdown server GrpcServerProtocolService successfully
2024-01-26 13:20:40,906 [ForkJoinPool.commonPool-worker-5] INFO  server.GrpcService (GrpcService.java:closeImpl(311)) - 97e940e6-23da-4943-8422-3d5ca177be46: shutdown server org.apache.ratis.grpc.server.GrpcAdminProtocolService now
2024-01-26 13:20:40,906 [84594c31-4da7-47fb-86d6-9d5be6ec36d0-impl-thread2] INFO  impl.PendingRequests (PendingRequests.java:sendNotLeaderResponses(289)) - 84594c31-4da7-47fb-86d6-9d5be6ec36d0@group-89BB3BB132ED-PendingRequests: sendNotLeaderResponses
2024-01-26 13:20:40,907 [84594c31-4da7-47fb-86d6-9d5be6ec36d0@group-89BB3BB132ED-StateMachineUpdater] INFO  ratis.ContainerStateMachine (ContainerStateMachine.java:takeSnapshot(355)) - group-89BB3BB132ED: Taking a snapshot at:(t:1, i:0) file /home/runner/work/ozone/ozone/hadoop-ozone/integration-test/target/test-dir/MiniOzoneClusterImpl-6bed2868-cd70-4a3d-a9ed-67052a48ddc2/datanode-7/data/ratis/4d05220e-f77e-4080-8c1d-89bb3bb132ed/sm/snapshot.1_0
2024-01-26 13:20:40,907 [84594c31-4da7-47fb-86d6-9d5be6ec36d0-impl-thread2] INFO  impl.StateMachineUpdater (StateMachineUpdater.java:stopAndJoin(157)) - 84594c31-4da7-47fb-86d6-9d5be6ec36d0@group-89BB3BB132ED-StateMachineUpdater: set stopIndex = 0
2024-01-26 13:20:40,908 [84594c31-4da7-47fb-86d6-9d5be6ec36d0@group-89BB3BB132ED-StateMachineUpdater] INFO  ratis.ContainerStateMachine (ContainerStateMachine.java:takeSnapshot(366)) - group-89BB3BB132ED: Finished taking a snapshot at:(t:1, i:0) file:/home/runner/work/ozone/ozone/hadoop-ozone/integration-test/target/test-dir/MiniOzoneClusterImpl-6bed2868-cd70-4a3d-a9ed-67052a48ddc2/datanode-7/data/ratis/4d05220e-f77e-4080-8c1d-89bb3bb132ed/sm/snapshot.1_0 took: 1 ms
2024-01-26 13:20:40,908 [84594c31-4da7-47fb-86d6-9d5be6ec36d0@group-89BB3BB132ED-StateMachineUpdater] INFO  impl.StateMachineUpdater (StateMachineUpdater.java:takeSnapshot(295)) - 84594c31-4da7-47fb-86d6-9d5be6ec36d0@group-89BB3BB132ED-StateMachineUpdater: Took a snapshot at index 0
2024-01-26 13:20:40,908 [84594c31-4da7-47fb-86d6-9d5be6ec36d0@group-89BB3BB132ED-StateMachineUpdater] INFO  impl.StateMachineUpdater (StateMachineUpdater.java:lambda$new$0(98)) - 84594c31-4da7-47fb-86d6-9d5be6ec36d0@group-89BB3BB132ED-StateMachineUpdater: snapshotIndex: updateIncreasingly -1 -> 0
2024-01-26 13:20:40,908 [84594c31-4da7-47fb-86d6-9d5be6ec36d0-impl-thread2] INFO  server.RaftServer$Division (ServerState.java:close(427)) - 84594c31-4da7-47fb-86d6-9d5be6ec36d0@group-89BB3BB132ED: applyIndex: 0
2024-01-26 13:20:40,909 [84594c31-4da7-47fb-86d6-9d5be6ec36d0@group-89BB3BB132ED-cacheEviction-AwaitToRun] INFO  util.AwaitToRun (AwaitToRun.java:run(49)) - 84594c31-4da7-47fb-86d6-9d5be6ec36d0@group-89BB3BB132ED-cacheEviction-AwaitToRun-AwaitForSignal is interrupted
2024-01-26 13:20:40,909 [main] INFO  server.GrpcService (GrpcService.java:closeImpl(320)) - 3245821d-006a-4b2e-a5ee-2fe443b67b2f: shutdown server org.apache.ratis.grpc.server.GrpcAdminProtocolService successfully
2024-01-26 13:20:40,909 [ForkJoinPool.commonPool-worker-5] INFO  server.GrpcService (GrpcService.java:closeImpl(320)) - 97e940e6-23da-4943-8422-3d5ca177be46: shutdown server org.apache.ratis.grpc.server.GrpcAdminProtocolService successfully
2024-01-26 13:20:40,910 [Thread-2207] INFO  server.GrpcServerProtocolClient (GrpcServerProtocolClient.java:close(103)) - 6f9a858c-5bc3-4795-8cf6-806e3c336a96 Close channels
2024-01-26 13:20:40,910 [84594c31-4da7-47fb-86d6-9d5be6ec36d0@group-792F70B7EB65->6f9a858c-5bc3-4795-8cf6-806e3c336a96-GrpcLogAppender-LogAppenderDaemon] WARN  server.GrpcLogAppender (GrpcLogAppender.java:mayWait(289)) - 84594c31-4da7-47fb-86d6-9d5be6ec36d0@group-792F70B7EB65->6f9a858c-5bc3-4795-8cf6-806e3c336a96-GrpcLogAppender: Wait interrupted by java.lang.InterruptedException
2024-01-26 13:20:40,911 [84594c31-4da7-47fb-86d6-9d5be6ec36d0@group-792F70B7EB65->75a8e9a7-4fdb-4573-b73d-655a6993b3e4-GrpcLogAppender-LogAppenderDaemon] WARN  server.GrpcLogAppender (GrpcLogAppender.java:mayWait(289)) - 84594c31-4da7-47fb-86d6-9d5be6ec36d0@group-792F70B7EB65->75a8e9a7-4fdb-4573-b73d-655a6993b3e4-GrpcLogAppender: Wait interrupted by java.lang.InterruptedException
2024-01-26 13:20:40,911 [84594c31-4da7-47fb-86d6-9d5be6ec36d0-impl-thread1] INFO  impl.PendingRequests (PendingRequests.java:sendNotLeaderResponses(289)) - 84594c31-4da7-47fb-86d6-9d5be6ec36d0@group-792F70B7EB65-PendingRequests: sendNotLeaderResponses
2024-01-26 13:20:40,911 [Thread-2227] INFO  server.GrpcServerProtocolClient (GrpcServerProtocolClient.java:close(103)) - 75a8e9a7-4fdb-4573-b73d-655a6993b3e4 Close channels
2024-01-26 13:20:40,911 [84594c31-4da7-47fb-86d6-9d5be6ec36d0-impl-thread1] INFO  impl.StateMachineUpdater (StateMachineUpdater.java:stopAndJoin(157)) - 84594c31-4da7-47fb-86d6-9d5be6ec36d0@group-792F70B7EB65-StateMachineUpdater: set stopIndex = 0
2024-01-26 13:20:40,911 [84594c31-4da7-47fb-86d6-9d5be6ec36d0@group-792F70B7EB65-StateMachineUpdater] INFO  ratis.ContainerStateMachine (ContainerStateMachine.java:takeSnapshot(355)) - group-792F70B7EB65: Taking a snapshot at:(t:1, i:0) file /home/runner/work/ozone/ozone/hadoop-ozone/integration-test/target/test-dir/MiniOzoneClusterImpl-6bed2868-cd70-4a3d-a9ed-67052a48ddc2/datanode-7/data/ratis/1628755e-068d-498d-af84-792f70b7eb65/sm/snapshot.1_0
2024-01-26 13:20:40,911 [grpc-default-executor-0] INFO  server.GrpcServerProtocolService (GrpcServerProtocolService.java:onCompleted(157)) - 6f9a858c-5bc3-4795-8cf6-806e3c336a96: Completed APPEND_ENTRIES, lastRequest: null
2024-01-26 13:20:40,911 [84594c31-4da7-47fb-86d6-9d5be6ec36d0@group-792F70B7EB65-StateMachineUpdater] INFO  ratis.ContainerStateMachine (ContainerStateMachine.java:takeSnapshot(366)) - group-792F70B7EB65: Finished taking a snapshot at:(t:1, i:0) file:/home/runner/work/ozone/ozone/hadoop-ozone/integration-test/target/test-dir/MiniOzoneClusterImpl-6bed2868-cd70-4a3d-a9ed-67052a48ddc2/datanode-7/data/ratis/1628755e-068d-498d-af84-792f70b7eb65/sm/snapshot.1_0 took: 1 ms
2024-01-26 13:20:40,912 [84594c31-4da7-47fb-86d6-9d5be6ec36d0@group-792F70B7EB65-StateMachineUpdater] INFO  impl.StateMachineUpdater (StateMachineUpdater.java:takeSnapshot(295)) - 84594c31-4da7-47fb-86d6-9d5be6ec36d0@group-792F70B7EB65-StateMachineUpdater: Took a snapshot at index 0
2024-01-26 13:20:40,912 [84594c31-4da7-47fb-86d6-9d5be6ec36d0@group-792F70B7EB65-StateMachineUpdater] INFO  impl.StateMachineUpdater (StateMachineUpdater.java:lambda$new$0(98)) - 84594c31-4da7-47fb-86d6-9d5be6ec36d0@group-792F70B7EB65-StateMachineUpdater: snapshotIndex: updateIncreasingly -1 -> 0
2024-01-26 13:20:40,912 [grpc-default-executor-0] INFO  server.GrpcServerProtocolService (GrpcServerProtocolService.java:lambda$onCompleted$5(159)) - 6f9a858c-5bc3-4795-8cf6-806e3c336a96: Completed APPEND_ENTRIES, lastReply: serverReply {
  requestorId: "84594c31-4da7-47fb-86d6-9d5be6ec36d0"
  replyId: "6f9a858c-5bc3-4795-8cf6-806e3c336a96"
  raftGroupId {
    id: "\026(u^\006\215I\215\257\204y/p\267\353e"
  }
  callId: 12
  success: true
}
term: 1
nextIndex: 1
matchIndex: 18446744073709551615
isHearbeat: true

2024-01-26 13:20:40,912 [grpc-default-executor-4] INFO  server.GrpcServerProtocolService (GrpcServerProtocolService.java:onCompleted(157)) - 6f9a858c-5bc3-4795-8cf6-806e3c336a96: Completed APPEND_ENTRIES, lastRequest: 84594c31-4da7-47fb-86d6-9d5be6ec36d0->6f9a858c-5bc3-4795-8cf6-806e3c336a96#1-t1,previous=(t:0, i:0),leaderCommit=-1,initializing? false,entries: size=1, first=(t:1, i:0), CONFIGURATIONENTRY(current:id: "6f9a858c-5bc3-4795-8cf6-806e3c336a96"
address: "10.1.0.20:15175"
dataStreamAddress: "10.1.0.20:15176"
clientAddress: "10.1.0.20:15173"
adminAddress: "10.1.0.20:15174"
startupRole: FOLLOWER
,id: "84594c31-4da7-47fb-86d6-9d5be6ec36d0"
address: "10.1.0.20:15166"
priority: 1
dataStreamAddress: "10.1.0.20:15167"
clientAddress: "10.1.0.20:15164"
adminAddress: "10.1.0.20:15165"
startupRole: FOLLOWER
,id: "75a8e9a7-4fdb-4573-b73d-655a6993b3e4"
address: "10.1.0.20:15157"
dataStreamAddress: "10.1.0.20:15158"
clientAddress: "10.1.0.20:15155"
adminAddress: "10.1.0.20:15156"
startupRole: FOLLOWER
, old:)
2024-01-26 13:20:40,912 [grpc-default-executor-4] INFO  server.GrpcServerProtocolService (GrpcServerProtocolService.java:lambda$onCompleted$5(159)) - 6f9a858c-5bc3-4795-8cf6-806e3c336a96: Completed APPEND_ENTRIES, lastReply: null
2024-01-26 13:20:40,912 [84594c31-4da7-47fb-86d6-9d5be6ec36d0-impl-thread1] INFO  server.RaftServer$Division (ServerState.java:close(427)) - 84594c31-4da7-47fb-86d6-9d5be6ec36d0@group-792F70B7EB65: applyIndex: 0
2024-01-26 13:20:40,913 [grpc-default-executor-0] INFO  server.GrpcLogAppender (GrpcLogAppender.java:onCompleted(546)) - 84594c31-4da7-47fb-86d6-9d5be6ec36d0@group-792F70B7EB65->6f9a858c-5bc3-4795-8cf6-806e3c336a96-AppendLogResponseHandler: follower responses appendEntries COMPLETED
2024-01-26 13:20:40,913 [grpc-default-executor-0] WARN  server.GrpcLogAppender (GrpcLogAppender.java:resetClient(226)) - 84594c31-4da7-47fb-86d6-9d5be6ec36d0@group-792F70B7EB65->6f9a858c-5bc3-4795-8cf6-806e3c336a96-GrpcLogAppender: Failed to getClient for 6f9a858c-5bc3-4795-8cf6-806e3c336a96
org.apache.ratis.protocol.exceptions.AlreadyClosedException: 84594c31-4da7-47fb-86d6-9d5be6ec36d0 is already CLOSED
	at org.apache.ratis.util.PeerProxyMap$PeerAndProxy.getProxy(PeerProxyMap.java:65)
	at org.apache.ratis.util.PeerProxyMap.getProxy(PeerProxyMap.java:114)
	at org.apache.ratis.grpc.server.GrpcLogAppender.getClient(GrpcLogAppender.java:196)
	at org.apache.ratis.grpc.server.GrpcLogAppender.resetClient(GrpcLogAppender.java:201)
	at org.apache.ratis.grpc.server.GrpcLogAppender.access$800(GrpcLogAppender.java:62)
	at org.apache.ratis.grpc.server.GrpcLogAppender$AppendLogResponseHandler.onCompleted(GrpcLogAppender.java:547)
	at org.apache.ratis.thirdparty.io.grpc.stub.ClientCalls$StreamObserverToCallListenerAdapter.onClose(ClientCalls.java:479)
	at org.apache.ratis.thirdparty.io.grpc.internal.ClientCallImpl.closeObserver(ClientCallImpl.java:567)
	at org.apache.ratis.thirdparty.io.grpc.internal.ClientCallImpl.access$300(ClientCallImpl.java:71)
	at org.apache.ratis.thirdparty.io.grpc.internal.ClientCallImpl$ClientStreamListenerImpl$1StreamClosed.runInternal(ClientCallImpl.java:735)
	at org.apache.ratis.thirdparty.io.grpc.internal.ClientCallImpl$ClientStreamListenerImpl$1StreamClosed.runInContext(ClientCallImpl.java:716)
	at org.apache.ratis.thirdparty.io.grpc.internal.ContextRunnable.run(ContextRunnable.java:37)
	at org.apache.ratis.thirdparty.io.grpc.internal.SerializingExecutor.run(SerializingExecutor.java:133)
	at java.util.concurrent.ThreadPoolExecutor.runWorker(ThreadPoolExecutor.java:1149)
	at java.util.concurrent.ThreadPoolExecutor$Worker.run(ThreadPoolExecutor.java:624)
	at java.lang.Thread.run(Thread.java:750)
2024-01-26 13:20:40,913 [grpc-default-executor-4] INFO  server.GrpcServerProtocolService (GrpcServerProtocolService.java:onCompleted(157)) - 75a8e9a7-4fdb-4573-b73d-655a6993b3e4: Completed APPEND_ENTRIES, lastRequest: null
2024-01-26 13:20:40,913 [grpc-default-executor-1] INFO  server.GrpcLogAppender (GrpcLogAppender.java:onCompleted(546)) - 84594c31-4da7-47fb-86d6-9d5be6ec36d0@group-792F70B7EB65->6f9a858c-5bc3-4795-8cf6-806e3c336a96-AppendLogResponseHandler: follower responses appendEntries COMPLETED
2024-01-26 13:20:40,913 [grpc-default-executor-4] INFO  server.GrpcServerProtocolService (GrpcServerProtocolService.java:lambda$onCompleted$5(159)) - 75a8e9a7-4fdb-4573-b73d-655a6993b3e4: Completed APPEND_ENTRIES, lastReply: serverReply {
  requestorId: "84594c31-4da7-47fb-86d6-9d5be6ec36d0"
  replyId: "75a8e9a7-4fdb-4573-b73d-655a6993b3e4"
  raftGroupId {
    id: "\026(u^\006\215I\215\257\204y/p\267\353e"
  }
  callId: 10
  success: true
}
term: 1
nextIndex: 1
matchIndex: 18446744073709551615
isHearbeat: true

2024-01-26 13:20:40,913 [grpc-default-executor-2] INFO  server.GrpcServerProtocolService (GrpcServerProtocolService.java:onCompleted(157)) - 75a8e9a7-4fdb-4573-b73d-655a6993b3e4: Completed APPEND_ENTRIES, lastRequest: 84594c31-4da7-47fb-86d6-9d5be6ec36d0->75a8e9a7-4fdb-4573-b73d-655a6993b3e4#1-t1,previous=(t:0, i:0),leaderCommit=-1,initializing? false,entries: size=1, first=(t:1, i:0), CONFIGURATIONENTRY(current:id: "6f9a858c-5bc3-4795-8cf6-806e3c336a96"
address: "10.1.0.20:15175"
dataStreamAddress: "10.1.0.20:15176"
clientAddress: "10.1.0.20:15173"
adminAddress: "10.1.0.20:15174"
startupRole: FOLLOWER
,id: "84594c31-4da7-47fb-86d6-9d5be6ec36d0"
address: "10.1.0.20:15166"
priority: 1
dataStreamAddress: "10.1.0.20:15167"
clientAddress: "10.1.0.20:15164"
adminAddress: "10.1.0.20:15165"
startupRole: FOLLOWER
,id: "75a8e9a7-4fdb-4573-b73d-655a6993b3e4"
address: "10.1.0.20:15157"
dataStreamAddress: "10.1.0.20:15158"
clientAddress: "10.1.0.20:15155"
adminAddress: "10.1.0.20:15156"
startupRole: FOLLOWER
, old:)
2024-01-26 13:20:40,913 [grpc-default-executor-2] INFO  server.GrpcServerProtocolService (GrpcServerProtocolService.java:lambda$onCompleted$5(159)) - 75a8e9a7-4fdb-4573-b73d-655a6993b3e4: Completed APPEND_ENTRIES, lastReply: null
2024-01-26 13:20:40,913 [grpc-default-executor-1] WARN  server.GrpcLogAppender (GrpcLogAppender.java:resetClient(226)) - 84594c31-4da7-47fb-86d6-9d5be6ec36d0@group-792F70B7EB65->6f9a858c-5bc3-4795-8cf6-806e3c336a96-GrpcLogAppender: Failed to getClient for 6f9a858c-5bc3-4795-8cf6-806e3c336a96
org.apache.ratis.protocol.exceptions.AlreadyClosedException: 84594c31-4da7-47fb-86d6-9d5be6ec36d0 is already CLOSED
	at org.apache.ratis.util.PeerProxyMap$PeerAndProxy.getProxy(PeerProxyMap.java:65)
	at org.apache.ratis.util.PeerProxyMap.getProxy(PeerProxyMap.java:114)
	at org.apache.ratis.grpc.server.GrpcLogAppender.getClient(GrpcLogAppender.java:196)
	at org.apache.ratis.grpc.server.GrpcLogAppender.resetClient(GrpcLogAppender.java:201)
	at org.apache.ratis.grpc.server.GrpcLogAppender.access$800(GrpcLogAppender.java:62)
	at org.apache.ratis.grpc.server.GrpcLogAppender$AppendLogResponseHandler.onCompleted(GrpcLogAppender.java:547)
	at org.apache.ratis.thirdparty.io.grpc.stub.ClientCalls$StreamObserverToCallListenerAdapter.onClose(ClientCalls.java:479)
	at org.apache.ratis.thirdparty.io.grpc.internal.ClientCallImpl.closeObserver(ClientCallImpl.java:567)
	at org.apache.ratis.thirdparty.io.grpc.internal.ClientCallImpl.access$300(ClientCallImpl.java:71)
	at org.apache.ratis.thirdparty.io.grpc.internal.ClientCallImpl$ClientStreamListenerImpl$1StreamClosed.runInternal(ClientCallImpl.java:735)
	at org.apache.ratis.thirdparty.io.grpc.internal.ClientCallImpl$ClientStreamListenerImpl$1StreamClosed.runInContext(ClientCallImpl.java:716)
	at org.apache.ratis.thirdparty.io.grpc.internal.ContextRunnable.run(ContextRunnable.java:37)
	at org.apache.ratis.thirdparty.io.grpc.internal.SerializingExecutor.run(SerializingExecutor.java:133)
	at java.util.concurrent.ThreadPoolExecutor.runWorker(ThreadPoolExecutor.java:1149)
	at java.util.concurrent.ThreadPoolExecutor$Worker.run(ThreadPoolExecutor.java:624)
	at java.lang.Thread.run(Thread.java:750)
2024-01-26 13:20:40,917 [84594c31-4da7-47fb-86d6-9d5be6ec36d0@group-792F70B7EB65-cacheEviction-AwaitToRun] INFO  util.AwaitToRun (AwaitToRun.java:run(49)) - 84594c31-4da7-47fb-86d6-9d5be6ec36d0@group-792F70B7EB65-cacheEviction-AwaitToRun-AwaitForSignal is interrupted
2024-01-26 13:20:40,918 [ForkJoinPool.commonPool-worker-1] INFO  ozoneimpl.OzoneContainer (OzoneContainer.java:stop(479)) - Attempting to stop container services.
2024-01-26 13:20:40,918 [ForkJoinPool.commonPool-worker-1] INFO  server.RaftServer (RaftServerProxy.java:lambda$close$9(416)) - 75a8e9a7-4fdb-4573-b73d-655a6993b3e4: close
2024-01-26 13:20:40,920 [grpc-default-executor-4] INFO  server.GrpcLogAppender (GrpcLogAppender.java:onCompleted(546)) - 84594c31-4da7-47fb-86d6-9d5be6ec36d0@group-792F70B7EB65->75a8e9a7-4fdb-4573-b73d-655a6993b3e4-AppendLogResponseHandler: follower responses appendEntries COMPLETED
2024-01-26 13:20:40,921 [grpc-default-executor-4] WARN  server.GrpcLogAppender (GrpcLogAppender.java:resetClient(226)) - 84594c31-4da7-47fb-86d6-9d5be6ec36d0@group-792F70B7EB65->75a8e9a7-4fdb-4573-b73d-655a6993b3e4-GrpcLogAppender: Failed to getClient for 75a8e9a7-4fdb-4573-b73d-655a6993b3e4
org.apache.ratis.protocol.exceptions.AlreadyClosedException: 84594c31-4da7-47fb-86d6-9d5be6ec36d0 is already CLOSED
	at org.apache.ratis.util.PeerProxyMap$PeerAndProxy.getProxy(PeerProxyMap.java:65)
	at org.apache.ratis.util.PeerProxyMap.getProxy(PeerProxyMap.java:114)
	at org.apache.ratis.grpc.server.GrpcLogAppender.getClient(GrpcLogAppender.java:196)
	at org.apache.ratis.grpc.server.GrpcLogAppender.resetClient(GrpcLogAppender.java:201)
	at org.apache.ratis.grpc.server.GrpcLogAppender.access$800(GrpcLogAppender.java:62)
	at org.apache.ratis.grpc.server.GrpcLogAppender$AppendLogResponseHandler.onCompleted(GrpcLogAppender.java:547)
	at org.apache.ratis.thirdparty.io.grpc.stub.ClientCalls$StreamObserverToCallListenerAdapter.onClose(ClientCalls.java:479)
	at org.apache.ratis.thirdparty.io.grpc.internal.ClientCallImpl.closeObserver(ClientCallImpl.java:567)
	at org.apache.ratis.thirdparty.io.grpc.internal.ClientCallImpl.access$300(ClientCallImpl.java:71)
	at org.apache.ratis.thirdparty.io.grpc.internal.ClientCallImpl$ClientStreamListenerImpl$1StreamClosed.runInternal(ClientCallImpl.java:735)
	at org.apache.ratis.thirdparty.io.grpc.internal.ClientCallImpl$ClientStreamListenerImpl$1StreamClosed.runInContext(ClientCallImpl.java:716)
	at org.apache.ratis.thirdparty.io.grpc.internal.ContextRunnable.run(ContextRunnable.java:37)
	at org.apache.ratis.thirdparty.io.grpc.internal.SerializingExecutor.run(SerializingExecutor.java:133)
	at java.util.concurrent.ThreadPoolExecutor.runWorker(ThreadPoolExecutor.java:1149)
	at java.util.concurrent.ThreadPoolExecutor$Worker.run(ThreadPoolExecutor.java:624)
	at java.lang.Thread.run(Thread.java:750)
2024-01-26 13:20:40,921 [ForkJoinPool.commonPool-worker-1] INFO  server.GrpcService (GrpcService.java:closeImpl(311)) - 75a8e9a7-4fdb-4573-b73d-655a6993b3e4: shutdown server org.apache.ratis.grpc.server.GrpcClientProtocolService now
2024-01-26 13:20:40,922 [Thread-2242] INFO  server.GrpcServerProtocolClient (GrpcServerProtocolClient.java:close(103)) - 6f9a858c-5bc3-4795-8cf6-806e3c336a96 Close channels
2024-01-26 13:20:40,922 [75a8e9a7-4fdb-4573-b73d-655a6993b3e4-impl-thread2] INFO  server.RaftServer$Division (RaftServerImpl.java:lambda$close$3(526)) - 75a8e9a7-4fdb-4573-b73d-655a6993b3e4@group-792F70B7EB65: shutdown
2024-01-26 13:20:40,922 [75a8e9a7-4fdb-4573-b73d-655a6993b3e4-impl-thread2] INFO  util.JmxRegister (JmxRegister.java:unregister(73)) - Successfully un-registered JMX Bean with object name Ratis:service=RaftServer,group=group-792F70B7EB65,id=75a8e9a7-4fdb-4573-b73d-655a6993b3e4
2024-01-26 13:20:40,922 [75a8e9a7-4fdb-4573-b73d-655a6993b3e4-impl-thread2] INFO  impl.RoleInfo (RoleInfo.java:shutdownFollowerState(110)) - 75a8e9a7-4fdb-4573-b73d-655a6993b3e4: shutdown 75a8e9a7-4fdb-4573-b73d-655a6993b3e4@group-792F70B7EB65-FollowerState
2024-01-26 13:20:40,924 [75a8e9a7-4fdb-4573-b73d-655a6993b3e4-impl-thread1] INFO  server.RaftServer$Division (RaftServerImpl.java:lambda$close$3(526)) - 75a8e9a7-4fdb-4573-b73d-655a6993b3e4@group-A3DBC710B8EC: shutdown
2024-01-26 13:20:40,924 [75a8e9a7-4fdb-4573-b73d-655a6993b3e4-impl-thread1] INFO  util.JmxRegister (JmxRegister.java:unregister(73)) - Successfully un-registered JMX Bean with object name Ratis:service=RaftServer,group=group-A3DBC710B8EC,id=75a8e9a7-4fdb-4573-b73d-655a6993b3e4
2024-01-26 13:20:40,924 [75a8e9a7-4fdb-4573-b73d-655a6993b3e4-impl-thread1] INFO  impl.RoleInfo (RoleInfo.java:shutdownLeaderState(94)) - 75a8e9a7-4fdb-4573-b73d-655a6993b3e4: shutdown 75a8e9a7-4fdb-4573-b73d-655a6993b3e4@group-A3DBC710B8EC-LeaderStateImpl
2024-01-26 13:20:40,924 [75a8e9a7-4fdb-4573-b73d-655a6993b3e4-impl-thread1] INFO  impl.PendingRequests (PendingRequests.java:sendNotLeaderResponses(289)) - 75a8e9a7-4fdb-4573-b73d-655a6993b3e4@group-A3DBC710B8EC-PendingRequests: sendNotLeaderResponses
2024-01-26 13:20:40,924 [75a8e9a7-4fdb-4573-b73d-655a6993b3e4-impl-thread1] INFO  impl.StateMachineUpdater (StateMachineUpdater.java:stopAndJoin(157)) - 75a8e9a7-4fdb-4573-b73d-655a6993b3e4@group-A3DBC710B8EC-StateMachineUpdater: set stopIndex = 0
2024-01-26 13:20:40,924 [97e940e6-23da-4943-8422-3d5ca177be46-NettyServerStreamRpc-bossGroup--thread1] INFO  logging.LoggingHandler (AbstractInternalLogger.java:log(148)) - [id: 0x0539232d, L:/0.0.0.0:15131] CLOSE
2024-01-26 13:20:40,925 [97e940e6-23da-4943-8422-3d5ca177be46-NettyServerStreamRpc-bossGroup--thread1] INFO  logging.LoggingHandler (AbstractInternalLogger.java:log(148)) - [id: 0x0539232d, L:/0.0.0.0:15131] INACTIVE
2024-01-26 13:20:40,925 [97e940e6-23da-4943-8422-3d5ca177be46-NettyServerStreamRpc-bossGroup--thread1] INFO  logging.LoggingHandler (AbstractInternalLogger.java:log(148)) - [id: 0x0539232d, L:/0.0.0.0:15131] UNREGISTERED
2024-01-26 13:20:40,925 [75a8e9a7-4fdb-4573-b73d-655a6993b3e4@group-A3DBC710B8EC-StateMachineUpdater] INFO  ratis.ContainerStateMachine (ContainerStateMachine.java:takeSnapshot(355)) - group-A3DBC710B8EC: Taking a snapshot at:(t:1, i:0) file /home/runner/work/ozone/ozone/hadoop-ozone/integration-test/target/test-dir/MiniOzoneClusterImpl-6bed2868-cd70-4a3d-a9ed-67052a48ddc2/datanode-6/data/ratis/c6f2dfd4-1cc4-4f84-84c3-a3dbc710b8ec/sm/snapshot.1_0
2024-01-26 13:20:40,925 [grpc-default-executor-1] INFO  server.GrpcLogAppender (GrpcLogAppender.java:onCompleted(546)) - 84594c31-4da7-47fb-86d6-9d5be6ec36d0@group-792F70B7EB65->75a8e9a7-4fdb-4573-b73d-655a6993b3e4-AppendLogResponseHandler: follower responses appendEntries COMPLETED
2024-01-26 13:20:40,925 [grpc-default-executor-1] WARN  server.GrpcLogAppender (GrpcLogAppender.java:resetClient(226)) - 84594c31-4da7-47fb-86d6-9d5be6ec36d0@group-792F70B7EB65->75a8e9a7-4fdb-4573-b73d-655a6993b3e4-GrpcLogAppender: Failed to getClient for 75a8e9a7-4fdb-4573-b73d-655a6993b3e4
org.apache.ratis.protocol.exceptions.AlreadyClosedException: 84594c31-4da7-47fb-86d6-9d5be6ec36d0 is already CLOSED
	at org.apache.ratis.util.PeerProxyMap$PeerAndProxy.getProxy(PeerProxyMap.java:65)
	at org.apache.ratis.util.PeerProxyMap.getProxy(PeerProxyMap.java:114)
	at org.apache.ratis.grpc.server.GrpcLogAppender.getClient(GrpcLogAppender.java:196)
	at org.apache.ratis.grpc.server.GrpcLogAppender.resetClient(GrpcLogAppender.java:201)
	at org.apache.ratis.grpc.server.GrpcLogAppender.access$800(GrpcLogAppender.java:62)
	at org.apache.ratis.grpc.server.GrpcLogAppender$AppendLogResponseHandler.onCompleted(GrpcLogAppender.java:547)
	at org.apache.ratis.thirdparty.io.grpc.stub.ClientCalls$StreamObserverToCallListenerAdapter.onClose(ClientCalls.java:479)
	at org.apache.ratis.thirdparty.io.grpc.internal.ClientCallImpl.closeObserver(ClientCallImpl.java:567)
	at org.apache.ratis.thirdparty.io.grpc.internal.ClientCallImpl.access$300(ClientCallImpl.java:71)
	at org.apache.ratis.thirdparty.io.grpc.internal.ClientCallImpl$ClientStreamListenerImpl$1StreamClosed.runInternal(ClientCallImpl.java:735)
	at org.apache.ratis.thirdparty.io.grpc.internal.ClientCallImpl$ClientStreamListenerImpl$1StreamClosed.runInContext(ClientCallImpl.java:716)
	at org.apache.ratis.thirdparty.io.grpc.internal.ContextRunnable.run(ContextRunnable.java:37)
	at org.apache.ratis.thirdparty.io.grpc.internal.SerializingExecutor.run(SerializingExecutor.java:133)
	at java.util.concurrent.ThreadPoolExecutor.runWorker(ThreadPoolExecutor.java:1149)
	at java.util.concurrent.ThreadPoolExecutor$Worker.run(ThreadPoolExecutor.java:624)
	at java.lang.Thread.run(Thread.java:750)
2024-01-26 13:20:40,925 [75a8e9a7-4fdb-4573-b73d-655a6993b3e4@group-A3DBC710B8EC-StateMachineUpdater] INFO  ratis.ContainerStateMachine (ContainerStateMachine.java:takeSnapshot(366)) - group-A3DBC710B8EC: Finished taking a snapshot at:(t:1, i:0) file:/home/runner/work/ozone/ozone/hadoop-ozone/integration-test/target/test-dir/MiniOzoneClusterImpl-6bed2868-cd70-4a3d-a9ed-67052a48ddc2/datanode-6/data/ratis/c6f2dfd4-1cc4-4f84-84c3-a3dbc710b8ec/sm/snapshot.1_0 took: 1 ms
2024-01-26 13:20:40,925 [75a8e9a7-4fdb-4573-b73d-655a6993b3e4@group-A3DBC710B8EC-StateMachineUpdater] INFO  impl.StateMachineUpdater (StateMachineUpdater.java:takeSnapshot(295)) - 75a8e9a7-4fdb-4573-b73d-655a6993b3e4@group-A3DBC710B8EC-StateMachineUpdater: Took a snapshot at index 0
2024-01-26 13:20:40,926 [75a8e9a7-4fdb-4573-b73d-655a6993b3e4@group-A3DBC710B8EC-StateMachineUpdater] INFO  impl.StateMachineUpdater (StateMachineUpdater.java:lambda$new$0(98)) - 75a8e9a7-4fdb-4573-b73d-655a6993b3e4@group-A3DBC710B8EC-StateMachineUpdater: snapshotIndex: updateIncreasingly -1 -> 0
2024-01-26 13:20:40,929 [ForkJoinPool.commonPool-worker-0] INFO  ozoneimpl.OzoneContainer (OzoneContainer.java:stop(479)) - Attempting to stop container services.
2024-01-26 13:20:40,929 [ForkJoinPool.commonPool-worker-0] INFO  server.RaftServer (RaftServerProxy.java:lambda$close$9(416)) - 056f2df6-7490-4bed-a807-334fa85beb73: close
2024-01-26 13:20:40,930 [75a8e9a7-4fdb-4573-b73d-655a6993b3e4-impl-thread1] INFO  server.RaftServer$Division (ServerState.java:close(427)) - 75a8e9a7-4fdb-4573-b73d-655a6993b3e4@group-A3DBC710B8EC: applyIndex: 0
2024-01-26 13:20:40,930 [75a8e9a7-4fdb-4573-b73d-655a6993b3e4-impl-thread2] INFO  impl.StateMachineUpdater (StateMachineUpdater.java:stopAndJoin(157)) - 75a8e9a7-4fdb-4573-b73d-655a6993b3e4@group-792F70B7EB65-StateMachineUpdater: set stopIndex = 0
2024-01-26 13:20:40,930 [75a8e9a7-4fdb-4573-b73d-655a6993b3e4@group-792F70B7EB65-FollowerState] INFO  impl.FollowerState (FollowerState.java:run(152)) - 75a8e9a7-4fdb-4573-b73d-655a6993b3e4@group-792F70B7EB65-FollowerState was interrupted
2024-01-26 13:20:40,931 [75a8e9a7-4fdb-4573-b73d-655a6993b3e4@group-792F70B7EB65-StateMachineUpdater] INFO  ratis.ContainerStateMachine (ContainerStateMachine.java:takeSnapshot(355)) - group-792F70B7EB65: Taking a snapshot at:(t:1, i:0) file /home/runner/work/ozone/ozone/hadoop-ozone/integration-test/target/test-dir/MiniOzoneClusterImpl-6bed2868-cd70-4a3d-a9ed-67052a48ddc2/datanode-6/data/ratis/1628755e-068d-498d-af84-792f70b7eb65/sm/snapshot.1_0
2024-01-26 13:20:40,937 [75a8e9a7-4fdb-4573-b73d-655a6993b3e4@group-A3DBC710B8EC-cacheEviction-AwaitToRun] INFO  util.AwaitToRun (AwaitToRun.java:run(49)) - 75a8e9a7-4fdb-4573-b73d-655a6993b3e4@group-A3DBC710B8EC-cacheEviction-AwaitToRun-AwaitForSignal is interrupted
2024-01-26 13:20:40,938 [84594c31-4da7-47fb-86d6-9d5be6ec36d0-impl-thread1] INFO  segmented.SegmentedRaftLogWorker (SegmentedRaftLogWorker.java:close(245)) - 84594c31-4da7-47fb-86d6-9d5be6ec36d0@group-792F70B7EB65-SegmentedRaftLogWorker close()
2024-01-26 13:20:40,938 [ForkJoinPool.commonPool-worker-0] INFO  server.GrpcService (GrpcService.java:closeImpl(311)) - 056f2df6-7490-4bed-a807-334fa85beb73: shutdown server org.apache.ratis.grpc.server.GrpcClientProtocolService now
2024-01-26 13:20:40,938 [056f2df6-7490-4bed-a807-334fa85beb73-impl-thread1] INFO  server.RaftServer$Division (RaftServerImpl.java:lambda$close$3(526)) - 056f2df6-7490-4bed-a807-334fa85beb73@group-55BFF1F71540: shutdown
2024-01-26 13:20:40,938 [056f2df6-7490-4bed-a807-334fa85beb73-impl-thread1] INFO  util.JmxRegister (JmxRegister.java:unregister(73)) - Successfully un-registered JMX Bean with object name Ratis:service=RaftServer,group=group-55BFF1F71540,id=056f2df6-7490-4bed-a807-334fa85beb73
2024-01-26 13:20:40,938 [056f2df6-7490-4bed-a807-334fa85beb73-impl-thread1] INFO  impl.RoleInfo (RoleInfo.java:shutdownLeaderState(94)) - 056f2df6-7490-4bed-a807-334fa85beb73: shutdown 056f2df6-7490-4bed-a807-334fa85beb73@group-55BFF1F71540-LeaderStateImpl
2024-01-26 13:20:40,938 [056f2df6-7490-4bed-a807-334fa85beb73-impl-thread1] INFO  impl.PendingRequests (PendingRequests.java:sendNotLeaderResponses(289)) - 056f2df6-7490-4bed-a807-334fa85beb73@group-55BFF1F71540-PendingRequests: sendNotLeaderResponses
2024-01-26 13:20:40,938 [056f2df6-7490-4bed-a807-334fa85beb73-impl-thread1] INFO  impl.StateMachineUpdater (StateMachineUpdater.java:stopAndJoin(157)) - 056f2df6-7490-4bed-a807-334fa85beb73@group-55BFF1F71540-StateMachineUpdater: set stopIndex = 0
2024-01-26 13:20:40,939 [056f2df6-7490-4bed-a807-334fa85beb73@group-55BFF1F71540-StateMachineUpdater] INFO  ratis.ContainerStateMachine (ContainerStateMachine.java:takeSnapshot(355)) - group-55BFF1F71540: Taking a snapshot at:(t:1, i:0) file /home/runner/work/ozone/ozone/hadoop-ozone/integration-test/target/test-dir/MiniOzoneClusterImpl-6bed2868-cd70-4a3d-a9ed-67052a48ddc2/datanode-0/data/ratis/cf181199-5f4a-4cff-9e77-55bff1f71540/sm/snapshot.1_0
2024-01-26 13:20:40,939 [056f2df6-7490-4bed-a807-334fa85beb73@group-55BFF1F71540-StateMachineUpdater] INFO  ratis.ContainerStateMachine (ContainerStateMachine.java:takeSnapshot(366)) - group-55BFF1F71540: Finished taking a snapshot at:(t:1, i:0) file:/home/runner/work/ozone/ozone/hadoop-ozone/integration-test/target/test-dir/MiniOzoneClusterImpl-6bed2868-cd70-4a3d-a9ed-67052a48ddc2/datanode-0/data/ratis/cf181199-5f4a-4cff-9e77-55bff1f71540/sm/snapshot.1_0 took: 0 ms
2024-01-26 13:20:40,939 [056f2df6-7490-4bed-a807-334fa85beb73@group-55BFF1F71540-StateMachineUpdater] INFO  impl.StateMachineUpdater (StateMachineUpdater.java:takeSnapshot(295)) - 056f2df6-7490-4bed-a807-334fa85beb73@group-55BFF1F71540-StateMachineUpdater: Took a snapshot at index 0
2024-01-26 13:20:40,939 [056f2df6-7490-4bed-a807-334fa85beb73@group-55BFF1F71540-StateMachineUpdater] INFO  impl.StateMachineUpdater (StateMachineUpdater.java:lambda$new$0(98)) - 056f2df6-7490-4bed-a807-334fa85beb73@group-55BFF1F71540-StateMachineUpdater: snapshotIndex: updateIncreasingly -1 -> 0
2024-01-26 13:20:40,939 [056f2df6-7490-4bed-a807-334fa85beb73-impl-thread1] INFO  server.RaftServer$Division (ServerState.java:close(427)) - 056f2df6-7490-4bed-a807-334fa85beb73@group-55BFF1F71540: applyIndex: 0
2024-01-26 13:20:40,940 [056f2df6-7490-4bed-a807-334fa85beb73@group-55BFF1F71540-cacheEviction-AwaitToRun] INFO  util.AwaitToRun (AwaitToRun.java:run(49)) - 056f2df6-7490-4bed-a807-334fa85beb73@group-55BFF1F71540-cacheEviction-AwaitToRun-AwaitForSignal is interrupted
2024-01-26 13:20:40,941 [ForkJoinPool.commonPool-worker-6] INFO  server.GrpcService (GrpcService.java:closeImpl(320)) - 84594c31-4da7-47fb-86d6-9d5be6ec36d0: shutdown server org.apache.ratis.grpc.server.GrpcClientProtocolService successfully
2024-01-26 13:20:40,941 [ForkJoinPool.commonPool-worker-6] INFO  server.GrpcService (GrpcService.java:closeImpl(311)) - 84594c31-4da7-47fb-86d6-9d5be6ec36d0: shutdown server GrpcServerProtocolService now
2024-01-26 13:20:40,944 [Thread-2244] INFO  server.GrpcServerProtocolClient (GrpcServerProtocolClient.java:close(103)) - 84594c31-4da7-47fb-86d6-9d5be6ec36d0 Close channels
2024-01-26 13:20:40,944 [75a8e9a7-4fdb-4573-b73d-655a6993b3e4@group-792F70B7EB65-StateMachineUpdater] INFO  ratis.ContainerStateMachine (ContainerStateMachine.java:takeSnapshot(366)) - group-792F70B7EB65: Finished taking a snapshot at:(t:1, i:0) file:/home/runner/work/ozone/ozone/hadoop-ozone/integration-test/target/test-dir/MiniOzoneClusterImpl-6bed2868-cd70-4a3d-a9ed-67052a48ddc2/datanode-6/data/ratis/1628755e-068d-498d-af84-792f70b7eb65/sm/snapshot.1_0 took: 14 ms
2024-01-26 13:20:40,945 [75a8e9a7-4fdb-4573-b73d-655a6993b3e4@group-792F70B7EB65-StateMachineUpdater] INFO  impl.StateMachineUpdater (StateMachineUpdater.java:takeSnapshot(295)) - 75a8e9a7-4fdb-4573-b73d-655a6993b3e4@group-792F70B7EB65-StateMachineUpdater: Took a snapshot at index 0
2024-01-26 13:20:40,945 [75a8e9a7-4fdb-4573-b73d-655a6993b3e4@group-792F70B7EB65-StateMachineUpdater] INFO  impl.StateMachineUpdater (StateMachineUpdater.java:lambda$new$0(98)) - 75a8e9a7-4fdb-4573-b73d-655a6993b3e4@group-792F70B7EB65-StateMachineUpdater: snapshotIndex: updateIncreasingly -1 -> 0
2024-01-26 13:20:40,945 [75a8e9a7-4fdb-4573-b73d-655a6993b3e4-impl-thread2] INFO  server.RaftServer$Division (ServerState.java:close(427)) - 75a8e9a7-4fdb-4573-b73d-655a6993b3e4@group-792F70B7EB65: applyIndex: 0
2024-01-26 13:20:40,945 [ForkJoinPool.commonPool-worker-6] INFO  server.GrpcService (GrpcService.java:closeImpl(320)) - 84594c31-4da7-47fb-86d6-9d5be6ec36d0: shutdown server GrpcServerProtocolService successfully
2024-01-26 13:20:40,945 [ForkJoinPool.commonPool-worker-6] INFO  server.GrpcService (GrpcService.java:closeImpl(311)) - 84594c31-4da7-47fb-86d6-9d5be6ec36d0: shutdown server org.apache.ratis.grpc.server.GrpcAdminProtocolService now
2024-01-26 13:20:40,947 [3245821d-006a-4b2e-a5ee-2fe443b67b2f-NettyServerStreamRpc-bossGroup--thread1] INFO  logging.LoggingHandler (AbstractInternalLogger.java:log(148)) - [id: 0x95042444, L:/0.0.0.0:15149] CLOSE
2024-01-26 13:20:40,947 [3245821d-006a-4b2e-a5ee-2fe443b67b2f-NettyServerStreamRpc-bossGroup--thread1] INFO  logging.LoggingHandler (AbstractInternalLogger.java:log(148)) - [id: 0x95042444, L:/0.0.0.0:15149] INACTIVE
2024-01-26 13:20:40,947 [3245821d-006a-4b2e-a5ee-2fe443b67b2f-NettyServerStreamRpc-bossGroup--thread1] INFO  logging.LoggingHandler (AbstractInternalLogger.java:log(148)) - [id: 0x95042444, L:/0.0.0.0:15149] UNREGISTERED
2024-01-26 13:20:40,948 [Thread-2269] INFO  server.GrpcServerProtocolClient (GrpcServerProtocolClient.java:close(103)) - 2800087d-98cc-4731-8fb3-504dcca9d3e0 Close channels
2024-01-26 13:20:40,949 [Thread-2308] INFO  server.GrpcServerProtocolClient (GrpcServerProtocolClient.java:close(103)) - d656e8e6-3e99-480b-bf88-fcaebe65a6ea Close channels
2024-01-26 13:20:40,949 [75a8e9a7-4fdb-4573-b73d-655a6993b3e4@group-792F70B7EB65-cacheEviction-AwaitToRun] INFO  util.AwaitToRun (AwaitToRun.java:run(49)) - 75a8e9a7-4fdb-4573-b73d-655a6993b3e4@group-792F70B7EB65-cacheEviction-AwaitToRun-AwaitForSignal is interrupted
2024-01-26 13:20:40,950 [ForkJoinPool.commonPool-worker-6] INFO  server.GrpcService (GrpcService.java:closeImpl(320)) - 84594c31-4da7-47fb-86d6-9d5be6ec36d0: shutdown server org.apache.ratis.grpc.server.GrpcAdminProtocolService successfully
2024-01-26 13:20:40,951 [ForkJoinPool.commonPool-worker-0] INFO  server.GrpcService (GrpcService.java:closeImpl(320)) - 056f2df6-7490-4bed-a807-334fa85beb73: shutdown server org.apache.ratis.grpc.server.GrpcClientProtocolService successfully
2024-01-26 13:20:40,952 [ForkJoinPool.commonPool-worker-0] INFO  server.GrpcService (GrpcService.java:closeImpl(311)) - 056f2df6-7490-4bed-a807-334fa85beb73: shutdown server GrpcServerProtocolService now
2024-01-26 13:20:40,952 [ForkJoinPool.commonPool-worker-1] INFO  server.GrpcService (GrpcService.java:closeImpl(320)) - 75a8e9a7-4fdb-4573-b73d-655a6993b3e4: shutdown server org.apache.ratis.grpc.server.GrpcClientProtocolService successfully
2024-01-26 13:20:40,952 [ForkJoinPool.commonPool-worker-1] INFO  server.GrpcService (GrpcService.java:closeImpl(311)) - 75a8e9a7-4fdb-4573-b73d-655a6993b3e4: shutdown server GrpcServerProtocolService now
2024-01-26 13:20:40,953 [ForkJoinPool.commonPool-worker-2] INFO  ozoneimpl.OzoneContainer (OzoneContainer.java:stop(479)) - Attempting to stop container services.
2024-01-26 13:20:40,953 [ForkJoinPool.commonPool-worker-0] INFO  server.GrpcService (GrpcService.java:closeImpl(320)) - 056f2df6-7490-4bed-a807-334fa85beb73: shutdown server GrpcServerProtocolService successfully
2024-01-26 13:20:40,953 [ForkJoinPool.commonPool-worker-0] INFO  server.GrpcService (GrpcService.java:closeImpl(311)) - 056f2df6-7490-4bed-a807-334fa85beb73: shutdown server org.apache.ratis.grpc.server.GrpcAdminProtocolService now
2024-01-26 13:20:40,953 [ForkJoinPool.commonPool-worker-2] INFO  server.RaftServer (RaftServerProxy.java:lambda$close$9(416)) - 6f9a858c-5bc3-4795-8cf6-806e3c336a96: close
2024-01-26 13:20:40,953 [6f9a858c-5bc3-4795-8cf6-806e3c336a96-impl-thread1] INFO  server.RaftServer$Division (RaftServerImpl.java:lambda$close$3(526)) - 6f9a858c-5bc3-4795-8cf6-806e3c336a96@group-359A7FEFC33E: shutdown
2024-01-26 13:20:40,953 [6f9a858c-5bc3-4795-8cf6-806e3c336a96-impl-thread1] INFO  util.JmxRegister (JmxRegister.java:unregister(73)) - Successfully un-registered JMX Bean with object name Ratis:service=RaftServer,group=group-359A7FEFC33E,id=6f9a858c-5bc3-4795-8cf6-806e3c336a96
2024-01-26 13:20:40,953 [6f9a858c-5bc3-4795-8cf6-806e3c336a96-impl-thread1] INFO  impl.RoleInfo (RoleInfo.java:shutdownLeaderState(94)) - 6f9a858c-5bc3-4795-8cf6-806e3c336a96: shutdown 6f9a858c-5bc3-4795-8cf6-806e3c336a96@group-359A7FEFC33E-LeaderStateImpl
2024-01-26 13:20:40,954 [6f9a858c-5bc3-4795-8cf6-806e3c336a96-impl-thread1] INFO  impl.PendingRequests (PendingRequests.java:sendNotLeaderResponses(289)) - 6f9a858c-5bc3-4795-8cf6-806e3c336a96@group-359A7FEFC33E-PendingRequests: sendNotLeaderResponses
2024-01-26 13:20:40,954 [6f9a858c-5bc3-4795-8cf6-806e3c336a96-impl-thread1] INFO  impl.StateMachineUpdater (StateMachineUpdater.java:stopAndJoin(157)) - 6f9a858c-5bc3-4795-8cf6-806e3c336a96@group-359A7FEFC33E-StateMachineUpdater: set stopIndex = 0
2024-01-26 13:20:40,954 [6f9a858c-5bc3-4795-8cf6-806e3c336a96@group-359A7FEFC33E-StateMachineUpdater] INFO  ratis.ContainerStateMachine (ContainerStateMachine.java:takeSnapshot(355)) - group-359A7FEFC33E: Taking a snapshot at:(t:1, i:0) file /home/runner/work/ozone/ozone/hadoop-ozone/integration-test/target/test-dir/MiniOzoneClusterImpl-6bed2868-cd70-4a3d-a9ed-67052a48ddc2/datanode-8/data/ratis/90cbaefc-edd9-43bb-9de7-359a7fefc33e/sm/snapshot.1_0
2024-01-26 13:20:40,956 [ForkJoinPool.commonPool-worker-0] INFO  server.GrpcService (GrpcService.java:closeImpl(320)) - 056f2df6-7490-4bed-a807-334fa85beb73: shutdown server org.apache.ratis.grpc.server.GrpcAdminProtocolService successfully
2024-01-26 13:20:40,956 [6f9a858c-5bc3-4795-8cf6-806e3c336a96@group-359A7FEFC33E-StateMachineUpdater] INFO  ratis.ContainerStateMachine (ContainerStateMachine.java:takeSnapshot(366)) - group-359A7FEFC33E: Finished taking a snapshot at:(t:1, i:0) file:/home/runner/work/ozone/ozone/hadoop-ozone/integration-test/target/test-dir/MiniOzoneClusterImpl-6bed2868-cd70-4a3d-a9ed-67052a48ddc2/datanode-8/data/ratis/90cbaefc-edd9-43bb-9de7-359a7fefc33e/sm/snapshot.1_0 took: 3 ms
2024-01-26 13:20:40,956 [6f9a858c-5bc3-4795-8cf6-806e3c336a96@group-359A7FEFC33E-StateMachineUpdater] INFO  impl.StateMachineUpdater (StateMachineUpdater.java:takeSnapshot(295)) - 6f9a858c-5bc3-4795-8cf6-806e3c336a96@group-359A7FEFC33E-StateMachineUpdater: Took a snapshot at index 0
2024-01-26 13:20:40,956 [6f9a858c-5bc3-4795-8cf6-806e3c336a96@group-359A7FEFC33E-StateMachineUpdater] INFO  impl.StateMachineUpdater (StateMachineUpdater.java:lambda$new$0(98)) - 6f9a858c-5bc3-4795-8cf6-806e3c336a96@group-359A7FEFC33E-StateMachineUpdater: snapshotIndex: updateIncreasingly -1 -> 0
2024-01-26 13:20:40,957 [6f9a858c-5bc3-4795-8cf6-806e3c336a96-impl-thread1] INFO  server.RaftServer$Division (ServerState.java:close(427)) - 6f9a858c-5bc3-4795-8cf6-806e3c336a96@group-359A7FEFC33E: applyIndex: 0
2024-01-26 13:20:40,957 [fed085ba-920d-45a3-8aa6-0ed8c2482a63-NettyServerStreamRpc-bossGroup--thread1] INFO  logging.LoggingHandler (AbstractInternalLogger.java:log(148)) - [id: 0xc9a55fa7, L:/0.0.0.0:15140] CLOSE
2024-01-26 13:20:40,958 [fed085ba-920d-45a3-8aa6-0ed8c2482a63-NettyServerStreamRpc-bossGroup--thread1] INFO  logging.LoggingHandler (AbstractInternalLogger.java:log(148)) - [id: 0xc9a55fa7, L:/0.0.0.0:15140] INACTIVE
2024-01-26 13:20:40,958 [fed085ba-920d-45a3-8aa6-0ed8c2482a63-NettyServerStreamRpc-bossGroup--thread1] INFO  logging.LoggingHandler (AbstractInternalLogger.java:log(148)) - [id: 0xc9a55fa7, L:/0.0.0.0:15140] UNREGISTERED
2024-01-26 13:20:40,958 [6f9a858c-5bc3-4795-8cf6-806e3c336a96@group-359A7FEFC33E-cacheEviction-AwaitToRun] INFO  util.AwaitToRun (AwaitToRun.java:run(49)) - 6f9a858c-5bc3-4795-8cf6-806e3c336a96@group-359A7FEFC33E-cacheEviction-AwaitToRun-AwaitForSignal is interrupted
2024-01-26 13:20:40,960 [84594c31-4da7-47fb-86d6-9d5be6ec36d0-NettyServerStreamRpc-bossGroup--thread1] INFO  logging.LoggingHandler (AbstractInternalLogger.java:log(148)) - [id: 0x37b798c3, L:/0.0.0.0:15167] CLOSE
2024-01-26 13:20:40,960 [84594c31-4da7-47fb-86d6-9d5be6ec36d0-NettyServerStreamRpc-bossGroup--thread1] INFO  logging.LoggingHandler (AbstractInternalLogger.java:log(148)) - [id: 0x37b798c3, L:/0.0.0.0:15167] INACTIVE
2024-01-26 13:20:40,960 [84594c31-4da7-47fb-86d6-9d5be6ec36d0-NettyServerStreamRpc-bossGroup--thread1] INFO  logging.LoggingHandler (AbstractInternalLogger.java:log(148)) - [id: 0x37b798c3, L:/0.0.0.0:15167] UNREGISTERED
2024-01-26 13:20:40,960 [ForkJoinPool.commonPool-worker-2] INFO  server.GrpcService (GrpcService.java:closeImpl(311)) - 6f9a858c-5bc3-4795-8cf6-806e3c336a96: shutdown server org.apache.ratis.grpc.server.GrpcClientProtocolService now
2024-01-26 13:20:40,961 [6f9a858c-5bc3-4795-8cf6-806e3c336a96-impl-thread2] INFO  server.RaftServer$Division (RaftServerImpl.java:lambda$close$3(526)) - 6f9a858c-5bc3-4795-8cf6-806e3c336a96@group-792F70B7EB65: shutdown
2024-01-26 13:20:40,961 [ForkJoinPool.commonPool-worker-1] INFO  server.GrpcService (GrpcService.java:closeImpl(320)) - 75a8e9a7-4fdb-4573-b73d-655a6993b3e4: shutdown server GrpcServerProtocolService successfully
2024-01-26 13:20:40,961 [ForkJoinPool.commonPool-worker-1] INFO  server.GrpcService (GrpcService.java:closeImpl(311)) - 75a8e9a7-4fdb-4573-b73d-655a6993b3e4: shutdown server org.apache.ratis.grpc.server.GrpcAdminProtocolService now
2024-01-26 13:20:40,961 [6f9a858c-5bc3-4795-8cf6-806e3c336a96-impl-thread2] INFO  util.JmxRegister (JmxRegister.java:unregister(73)) - Successfully un-registered JMX Bean with object name Ratis:service=RaftServer,group=group-792F70B7EB65,id=6f9a858c-5bc3-4795-8cf6-806e3c336a96
2024-01-26 13:20:40,961 [6f9a858c-5bc3-4795-8cf6-806e3c336a96-impl-thread2] INFO  impl.RoleInfo (RoleInfo.java:shutdownFollowerState(110)) - 6f9a858c-5bc3-4795-8cf6-806e3c336a96: shutdown 6f9a858c-5bc3-4795-8cf6-806e3c336a96@group-792F70B7EB65-FollowerState
2024-01-26 13:20:40,963 [ForkJoinPool.commonPool-worker-2] INFO  server.GrpcService (GrpcService.java:closeImpl(320)) - 6f9a858c-5bc3-4795-8cf6-806e3c336a96: shutdown server org.apache.ratis.grpc.server.GrpcClientProtocolService successfully
2024-01-26 13:20:40,963 [ForkJoinPool.commonPool-worker-2] INFO  server.GrpcService (GrpcService.java:closeImpl(311)) - 6f9a858c-5bc3-4795-8cf6-806e3c336a96: shutdown server GrpcServerProtocolService now
2024-01-26 13:20:40,964 [6f9a858c-5bc3-4795-8cf6-806e3c336a96-impl-thread2] INFO  impl.StateMachineUpdater (StateMachineUpdater.java:stopAndJoin(157)) - 6f9a858c-5bc3-4795-8cf6-806e3c336a96@group-792F70B7EB65-StateMachineUpdater: set stopIndex = 0
2024-01-26 13:20:40,964 [6f9a858c-5bc3-4795-8cf6-806e3c336a96@group-792F70B7EB65-StateMachineUpdater] INFO  ratis.ContainerStateMachine (ContainerStateMachine.java:takeSnapshot(355)) - group-792F70B7EB65: Taking a snapshot at:(t:1, i:0) file /home/runner/work/ozone/ozone/hadoop-ozone/integration-test/target/test-dir/MiniOzoneClusterImpl-6bed2868-cd70-4a3d-a9ed-67052a48ddc2/datanode-8/data/ratis/1628755e-068d-498d-af84-792f70b7eb65/sm/snapshot.1_0
2024-01-26 13:20:40,964 [6f9a858c-5bc3-4795-8cf6-806e3c336a96@group-792F70B7EB65-FollowerState] INFO  impl.FollowerState (FollowerState.java:run(152)) - 6f9a858c-5bc3-4795-8cf6-806e3c336a96@group-792F70B7EB65-FollowerState was interrupted
2024-01-26 13:20:40,965 [6f9a858c-5bc3-4795-8cf6-806e3c336a96@group-792F70B7EB65-StateMachineUpdater] INFO  ratis.ContainerStateMachine (ContainerStateMachine.java:takeSnapshot(366)) - group-792F70B7EB65: Finished taking a snapshot at:(t:1, i:0) file:/home/runner/work/ozone/ozone/hadoop-ozone/integration-test/target/test-dir/MiniOzoneClusterImpl-6bed2868-cd70-4a3d-a9ed-67052a48ddc2/datanode-8/data/ratis/1628755e-068d-498d-af84-792f70b7eb65/sm/snapshot.1_0 took: 0 ms
2024-01-26 13:20:40,965 [6f9a858c-5bc3-4795-8cf6-806e3c336a96@group-792F70B7EB65-StateMachineUpdater] INFO  impl.StateMachineUpdater (StateMachineUpdater.java:takeSnapshot(295)) - 6f9a858c-5bc3-4795-8cf6-806e3c336a96@group-792F70B7EB65-StateMachineUpdater: Took a snapshot at index 0
2024-01-26 13:20:40,965 [6f9a858c-5bc3-4795-8cf6-806e3c336a96@group-792F70B7EB65-StateMachineUpdater] INFO  impl.StateMachineUpdater (StateMachineUpdater.java:lambda$new$0(98)) - 6f9a858c-5bc3-4795-8cf6-806e3c336a96@group-792F70B7EB65-StateMachineUpdater: snapshotIndex: updateIncreasingly -1 -> 0
2024-01-26 13:20:40,965 [6f9a858c-5bc3-4795-8cf6-806e3c336a96-impl-thread2] INFO  server.RaftServer$Division (ServerState.java:close(427)) - 6f9a858c-5bc3-4795-8cf6-806e3c336a96@group-792F70B7EB65: applyIndex: 0
2024-01-26 13:20:40,966 [6f9a858c-5bc3-4795-8cf6-806e3c336a96@group-792F70B7EB65-cacheEviction-AwaitToRun] INFO  util.AwaitToRun (AwaitToRun.java:run(49)) - 6f9a858c-5bc3-4795-8cf6-806e3c336a96@group-792F70B7EB65-cacheEviction-AwaitToRun-AwaitForSignal is interrupted
2024-01-26 13:20:40,966 [ForkJoinPool.commonPool-worker-1] INFO  server.GrpcService (GrpcService.java:closeImpl(320)) - 75a8e9a7-4fdb-4573-b73d-655a6993b3e4: shutdown server org.apache.ratis.grpc.server.GrpcAdminProtocolService successfully
2024-01-26 13:20:40,968 [ForkJoinPool.commonPool-worker-2] INFO  server.GrpcService (GrpcService.java:closeImpl(320)) - 6f9a858c-5bc3-4795-8cf6-806e3c336a96: shutdown server GrpcServerProtocolService successfully
2024-01-26 13:20:40,968 [ForkJoinPool.commonPool-worker-2] INFO  server.GrpcService (GrpcService.java:closeImpl(311)) - 6f9a858c-5bc3-4795-8cf6-806e3c336a96: shutdown server org.apache.ratis.grpc.server.GrpcAdminProtocolService now
2024-01-26 13:20:40,968 [75a8e9a7-4fdb-4573-b73d-655a6993b3e4-impl-thread2] INFO  segmented.SegmentedRaftLogWorker (SegmentedRaftLogWorker.java:close(245)) - 75a8e9a7-4fdb-4573-b73d-655a6993b3e4@group-792F70B7EB65-SegmentedRaftLogWorker close()
2024-01-26 13:20:40,970 [056f2df6-7490-4bed-a807-334fa85beb73-NettyServerStreamRpc-bossGroup--thread1] INFO  logging.LoggingHandler (AbstractInternalLogger.java:log(148)) - [id: 0x25c5c10f, L:/0.0.0.0:15104] CLOSE
2024-01-26 13:20:40,970 [056f2df6-7490-4bed-a807-334fa85beb73-NettyServerStreamRpc-bossGroup--thread1] INFO  logging.LoggingHandler (AbstractInternalLogger.java:log(148)) - [id: 0x25c5c10f, L:/0.0.0.0:15104] INACTIVE
2024-01-26 13:20:40,970 [6f9a858c-5bc3-4795-8cf6-806e3c336a96-impl-thread2] INFO  segmented.SegmentedRaftLogWorker (SegmentedRaftLogWorker.java:close(245)) - 6f9a858c-5bc3-4795-8cf6-806e3c336a96@group-792F70B7EB65-SegmentedRaftLogWorker close()
2024-01-26 13:20:40,970 [056f2df6-7490-4bed-a807-334fa85beb73-NettyServerStreamRpc-bossGroup--thread1] INFO  logging.LoggingHandler (AbstractInternalLogger.java:log(148)) - [id: 0x25c5c10f, L:/0.0.0.0:15104] UNREGISTERED
2024-01-26 13:20:40,974 [ForkJoinPool.commonPool-worker-2] INFO  server.GrpcService (GrpcService.java:closeImpl(320)) - 6f9a858c-5bc3-4795-8cf6-806e3c336a96: shutdown server org.apache.ratis.grpc.server.GrpcAdminProtocolService successfully
2024-01-26 13:20:40,981 [75a8e9a7-4fdb-4573-b73d-655a6993b3e4-NettyServerStreamRpc-bossGroup--thread1] INFO  logging.LoggingHandler (AbstractInternalLogger.java:log(148)) - [id: 0x1ec33b5b, L:/0.0.0.0:15158] CLOSE
2024-01-26 13:20:40,981 [75a8e9a7-4fdb-4573-b73d-655a6993b3e4-NettyServerStreamRpc-bossGroup--thread1] INFO  logging.LoggingHandler (AbstractInternalLogger.java:log(148)) - [id: 0x1ec33b5b, L:/0.0.0.0:15158] INACTIVE
2024-01-26 13:20:40,981 [75a8e9a7-4fdb-4573-b73d-655a6993b3e4-NettyServerStreamRpc-bossGroup--thread1] INFO  logging.LoggingHandler (AbstractInternalLogger.java:log(148)) - [id: 0x1ec33b5b, L:/0.0.0.0:15158] UNREGISTERED
2024-01-26 13:20:40,981 [6f9a858c-5bc3-4795-8cf6-806e3c336a96-NettyServerStreamRpc-bossGroup--thread1] INFO  logging.LoggingHandler (AbstractInternalLogger.java:log(148)) - [id: 0x859403ba, L:/0.0.0.0:15176] CLOSE
2024-01-26 13:20:40,981 [6f9a858c-5bc3-4795-8cf6-806e3c336a96-NettyServerStreamRpc-bossGroup--thread1] INFO  logging.LoggingHandler (AbstractInternalLogger.java:log(148)) - [id: 0x859403ba, L:/0.0.0.0:15176] INACTIVE
2024-01-26 13:20:40,981 [6f9a858c-5bc3-4795-8cf6-806e3c336a96-NettyServerStreamRpc-bossGroup--thread1] INFO  logging.LoggingHandler (AbstractInternalLogger.java:log(148)) - [id: 0x859403ba, L:/0.0.0.0:15176] UNREGISTERED
2024-01-26 13:20:41,102 [056f2df6-7490-4bed-a807-334fa85beb73-impl-thread1] INFO  segmented.SegmentedRaftLogWorker (SegmentedRaftLogWorker.java:close(245)) - 056f2df6-7490-4bed-a807-334fa85beb73@group-55BFF1F71540-SegmentedRaftLogWorker close()
2024-01-26 13:20:41,102 [JvmPauseMonitor13] INFO  util.JvmPauseMonitor (JvmPauseMonitor.java:run(152)) - JvmPauseMonitor-056f2df6-7490-4bed-a807-334fa85beb73: Stopped
2024-01-26 13:20:41,567 [fed085ba-920d-45a3-8aa6-0ed8c2482a63-impl-thread2] INFO  segmented.SegmentedRaftLogWorker (SegmentedRaftLogWorker.java:close(245)) - fed085ba-920d-45a3-8aa6-0ed8c2482a63@group-D2C40393F55B-SegmentedRaftLogWorker close()
2024-01-26 13:20:41,568 [3245821d-006a-4b2e-a5ee-2fe443b67b2f-impl-thread1] INFO  segmented.SegmentedRaftLogWorker (SegmentedRaftLogWorker.java:close(245)) - 3245821d-006a-4b2e-a5ee-2fe443b67b2f@group-5BE1FB646630-SegmentedRaftLogWorker close()
2024-01-26 13:20:41,569 [97e940e6-23da-4943-8422-3d5ca177be46-impl-thread1] INFO  segmented.SegmentedRaftLogWorker (SegmentedRaftLogWorker.java:close(245)) - 97e940e6-23da-4943-8422-3d5ca177be46@group-5BE1FB646630-SegmentedRaftLogWorker close()
2024-01-26 13:20:41,569 [fed085ba-920d-45a3-8aa6-0ed8c2482a63-impl-thread1] INFO  segmented.SegmentedRaftLogWorker (SegmentedRaftLogWorker.java:close(245)) - fed085ba-920d-45a3-8aa6-0ed8c2482a63@group-5BE1FB646630-SegmentedRaftLogWorker close()
2024-01-26 13:20:41,572 [JvmPauseMonitor17] INFO  util.JvmPauseMonitor (JvmPauseMonitor.java:run(152)) - JvmPauseMonitor-fed085ba-920d-45a3-8aa6-0ed8c2482a63: Stopped
2024-01-26 13:20:41,573 [97e940e6-23da-4943-8422-3d5ca177be46-impl-thread2] INFO  segmented.SegmentedRaftLogWorker (SegmentedRaftLogWorker.java:close(245)) - 97e940e6-23da-4943-8422-3d5ca177be46@group-CB4B36940C79-SegmentedRaftLogWorker close()
2024-01-26 13:20:41,573 [JvmPauseMonitor16] INFO  util.JvmPauseMonitor (JvmPauseMonitor.java:run(152)) - JvmPauseMonitor-97e940e6-23da-4943-8422-3d5ca177be46: Stopped
2024-01-26 13:20:41,677 [75a8e9a7-4fdb-4573-b73d-655a6993b3e4-impl-thread1] INFO  segmented.SegmentedRaftLogWorker (SegmentedRaftLogWorker.java:close(245)) - 75a8e9a7-4fdb-4573-b73d-655a6993b3e4@group-A3DBC710B8EC-SegmentedRaftLogWorker close()
2024-01-26 13:20:41,678 [JvmPauseMonitor19] INFO  util.JvmPauseMonitor (JvmPauseMonitor.java:run(152)) - JvmPauseMonitor-75a8e9a7-4fdb-4573-b73d-655a6993b3e4: Stopped
2024-01-26 13:20:41,725 [3245821d-006a-4b2e-a5ee-2fe443b67b2f-impl-thread2] INFO  segmented.SegmentedRaftLogWorker (SegmentedRaftLogWorker.java:close(245)) - 3245821d-006a-4b2e-a5ee-2fe443b67b2f@group-4322E11EB022-SegmentedRaftLogWorker close()
2024-01-26 13:20:41,725 [JvmPauseMonitor18] INFO  util.JvmPauseMonitor (JvmPauseMonitor.java:run(152)) - JvmPauseMonitor-3245821d-006a-4b2e-a5ee-2fe443b67b2f: Stopped
2024-01-26 13:20:41,786 [84594c31-4da7-47fb-86d6-9d5be6ec36d0-impl-thread2] INFO  segmented.SegmentedRaftLogWorker (SegmentedRaftLogWorker.java:close(245)) - 84594c31-4da7-47fb-86d6-9d5be6ec36d0@group-89BB3BB132ED-SegmentedRaftLogWorker close()
2024-01-26 13:20:41,786 [JvmPauseMonitor20] INFO  util.JvmPauseMonitor (JvmPauseMonitor.java:run(152)) - JvmPauseMonitor-84594c31-4da7-47fb-86d6-9d5be6ec36d0: Stopped
2024-01-26 13:20:41,945 [6f9a858c-5bc3-4795-8cf6-806e3c336a96-impl-thread1] INFO  segmented.SegmentedRaftLogWorker (SegmentedRaftLogWorker.java:close(245)) - 6f9a858c-5bc3-4795-8cf6-806e3c336a96@group-359A7FEFC33E-SegmentedRaftLogWorker close()
2024-01-26 13:20:41,945 [JvmPauseMonitor21] INFO  util.JvmPauseMonitor (JvmPauseMonitor.java:run(152)) - JvmPauseMonitor-6f9a858c-5bc3-4795-8cf6-806e3c336a96: Stopped
2024-01-26 13:20:43,105 [ForkJoinPool.commonPool-worker-0] INFO  utils.DatanodeStoreCache (DatanodeStoreCache.java:shutdownCache(116)) - Skip clearing cache in mini cluster mode. Entries left: [/home/runner/work/ozone/ozone/hadoop-ozone/integration-test/target/test-dir/MiniOzoneClusterImpl-6bed2868-cd70-4a3d-a9ed-67052a48ddc2/datanode-0/data-0/containers/hdds/6bed2868-cd70-4a3d-a9ed-67052a48ddc2/DS-10b93428-eeb4-445f-bc41-b6d1544efb97/container.db, /home/runner/work/ozone/ozone/hadoop-ozone/integration-test/target/test-dir/MiniOzoneClusterImpl-6bed2868-cd70-4a3d-a9ed-67052a48ddc2/datanode-3/data-0/containers/hdds/6bed2868-cd70-4a3d-a9ed-67052a48ddc2/DS-9fc2fb7a-2d93-4654-9e8a-974d8821fb85/container.db, /home/runner/work/ozone/ozone/hadoop-ozone/integration-test/target/test-dir/MiniOzoneClusterImpl-6bed2868-cd70-4a3d-a9ed-67052a48ddc2/datanode-4/data-0/containers/hdds/6bed2868-cd70-4a3d-a9ed-67052a48ddc2/DS-fe5404e2-d6fd-46ac-85dc-6819d535cc51/container.db, /home/runner/work/ozone/ozone/hadoop-ozone/integration-test/target/test-dir/MiniOzoneClusterImpl-6bed2868-cd70-4a3d-a9ed-67052a48ddc2/datanode-5/data-0/containers/hdds/6bed2868-cd70-4a3d-a9ed-67052a48ddc2/DS-e2a8bc51-3ff2-45b0-bff4-6bcf5a294fd8/container.db, /home/runner/work/ozone/ozone/hadoop-ozone/integration-test/target/test-dir/MiniOzoneClusterImpl-6bed2868-cd70-4a3d-a9ed-67052a48ddc2/datanode-6/data-0/containers/hdds/6bed2868-cd70-4a3d-a9ed-67052a48ddc2/DS-5f67c661-6a99-486e-b94e-a3d2114588bf/container.db, /home/runner/work/ozone/ozone/hadoop-ozone/integration-test/target/test-dir/MiniOzoneClusterImpl-6bed2868-cd70-4a3d-a9ed-67052a48ddc2/datanode-7/data-0/containers/hdds/6bed2868-cd70-4a3d-a9ed-67052a48ddc2/DS-f17521f4-6ff5-4d62-987e-7a7ac809296d/container.db, /home/runner/work/ozone/ozone/hadoop-ozone/integration-test/target/test-dir/MiniOzoneClusterImpl-6bed2868-cd70-4a3d-a9ed-67052a48ddc2/datanode-8/data-0/containers/hdds/6bed2868-cd70-4a3d-a9ed-67052a48ddc2/DS-24d13ff0-b221-439d-a2cb-241d7c1a8d30/container.db]
2024-01-26 13:20:43,108 [ForkJoinPool.commonPool-worker-0] INFO  utils.DatanodeStoreCache (DatanodeStoreCache.java:removeDB(110)) - Removed db /home/runner/work/ozone/ozone/hadoop-ozone/integration-test/target/test-dir/MiniOzoneClusterImpl-6bed2868-cd70-4a3d-a9ed-67052a48ddc2/datanode-0/data-0/containers/hdds/6bed2868-cd70-4a3d-a9ed-67052a48ddc2/DS-10b93428-eeb4-445f-bc41-b6d1544efb97/container.db from cache
2024-01-26 13:20:43,108 [ForkJoinPool.commonPool-worker-0] INFO  volume.HddsVolume (HddsVolume.java:closeDbStore(451)) - SchemaV3 db is stopped at /home/runner/work/ozone/ozone/hadoop-ozone/integration-test/target/test-dir/MiniOzoneClusterImpl-6bed2868-cd70-4a3d-a9ed-67052a48ddc2/datanode-0/data-0/containers/hdds/6bed2868-cd70-4a3d-a9ed-67052a48ddc2/DS-10b93428-eeb4-445f-bc41-b6d1544efb97/container.db for volume DS-10b93428-eeb4-445f-bc41-b6d1544efb97
2024-01-26 13:20:43,109 [ForkJoinPool.commonPool-worker-0] INFO  utils.BackgroundService (BackgroundService.java:shutdown(160)) - Shutting down service BlockDeletingService
2024-01-26 13:20:43,109 [ForkJoinPool.commonPool-worker-0] INFO  utils.BackgroundService (BackgroundService.java:shutdown(160)) - Shutting down service StaleRecoveringContainerScrubbingService
2024-01-26 13:20:43,110 [ForkJoinPool.commonPool-worker-0] INFO  statemachine.DatanodeStateMachine (DatanodeStateMachine.java:stopDaemon(638)) - Ozone container server stopped.
2024-01-26 13:20:43,111 [ForkJoinPool.commonPool-worker-0] INFO  handler.ContextHandler (ContextHandler.java:doStop(1159)) - Stopped o.e.j.w.WebAppContext@41770158{hddsDatanode,/,null,STOPPED}{jar:file:/home/runner/.m2/repository/org/apache/ozone/hdds-container-service/1.5.0-SNAPSHOT/hdds-container-service-1.5.0-SNAPSHOT.jar!/webapps/hddsDatanode}
2024-01-26 13:20:43,112 [ForkJoinPool.commonPool-worker-0] INFO  server.AbstractConnector (AbstractConnector.java:doStop(383)) - Stopped ServerConnector@5b401048{HTTP/1.1, (http/1.1)}{0.0.0.0:15098}
2024-01-26 13:20:43,112 [ForkJoinPool.commonPool-worker-0] INFO  server.session (HouseKeeper.java:stopScavenging(149)) - node0 Stopped scavenging
2024-01-26 13:20:43,114 [ForkJoinPool.commonPool-worker-0] INFO  handler.ContextHandler (ContextHandler.java:doStop(1159)) - Stopped o.e.j.s.ServletContextHandler@7652c711{static,/static,jar:file:/home/runner/.m2/repository/org/apache/ozone/hdds-container-service/1.5.0-SNAPSHOT/hdds-container-service-1.5.0-SNAPSHOT.jar!/webapps/static,STOPPED}
2024-01-26 13:20:43,114 [ForkJoinPool.commonPool-worker-0] INFO  handler.ContextHandler (ContextHandler.java:doStop(1159)) - Stopped o.e.j.s.ServletContextHandler@20424438{logs,/logs,file:///home/runner/work/ozone/ozone/hadoop-ozone/integration-test/target/log,STOPPED}
2024-01-26 13:20:43,115 [ForkJoinPool.commonPool-worker-0] INFO  ozone.HddsDatanodeClientProtocolServer (HddsDatanodeClientProtocolServer.java:stop(78)) - Stopping the RPC server for Client Protocol
2024-01-26 13:20:43,115 [ForkJoinPool.commonPool-worker-0] INFO  ipc.Server (Server.java:stop(3523)) - Stopping server on 15099
2024-01-26 13:20:43,116 [IPC Server listener on 15099] INFO  ipc.Server (Server.java:run(1434)) - Stopping IPC Server listener on 15099
2024-01-26 13:20:43,116 [IPC Server Responder] INFO  ipc.Server (Server.java:run(1567)) - Stopping IPC Server Responder
2024-01-26 13:20:43,575 [ForkJoinPool.commonPool-worker-7] INFO  utils.DatanodeStoreCache (DatanodeStoreCache.java:shutdownCache(116)) - Skip clearing cache in mini cluster mode. Entries left: [/home/runner/work/ozone/ozone/hadoop-ozone/integration-test/target/test-dir/MiniOzoneClusterImpl-6bed2868-cd70-4a3d-a9ed-67052a48ddc2/datanode-3/data-0/containers/hdds/6bed2868-cd70-4a3d-a9ed-67052a48ddc2/DS-9fc2fb7a-2d93-4654-9e8a-974d8821fb85/container.db, /home/runner/work/ozone/ozone/hadoop-ozone/integration-test/target/test-dir/MiniOzoneClusterImpl-6bed2868-cd70-4a3d-a9ed-67052a48ddc2/datanode-4/data-0/containers/hdds/6bed2868-cd70-4a3d-a9ed-67052a48ddc2/DS-fe5404e2-d6fd-46ac-85dc-6819d535cc51/container.db, /home/runner/work/ozone/ozone/hadoop-ozone/integration-test/target/test-dir/MiniOzoneClusterImpl-6bed2868-cd70-4a3d-a9ed-67052a48ddc2/datanode-5/data-0/containers/hdds/6bed2868-cd70-4a3d-a9ed-67052a48ddc2/DS-e2a8bc51-3ff2-45b0-bff4-6bcf5a294fd8/container.db, /home/runner/work/ozone/ozone/hadoop-ozone/integration-test/target/test-dir/MiniOzoneClusterImpl-6bed2868-cd70-4a3d-a9ed-67052a48ddc2/datanode-6/data-0/containers/hdds/6bed2868-cd70-4a3d-a9ed-67052a48ddc2/DS-5f67c661-6a99-486e-b94e-a3d2114588bf/container.db, /home/runner/work/ozone/ozone/hadoop-ozone/integration-test/target/test-dir/MiniOzoneClusterImpl-6bed2868-cd70-4a3d-a9ed-67052a48ddc2/datanode-7/data-0/containers/hdds/6bed2868-cd70-4a3d-a9ed-67052a48ddc2/DS-f17521f4-6ff5-4d62-987e-7a7ac809296d/container.db, /home/runner/work/ozone/ozone/hadoop-ozone/integration-test/target/test-dir/MiniOzoneClusterImpl-6bed2868-cd70-4a3d-a9ed-67052a48ddc2/datanode-8/data-0/containers/hdds/6bed2868-cd70-4a3d-a9ed-67052a48ddc2/DS-24d13ff0-b221-439d-a2cb-241d7c1a8d30/container.db]
2024-01-26 13:20:43,575 [ForkJoinPool.commonPool-worker-5] INFO  utils.DatanodeStoreCache (DatanodeStoreCache.java:shutdownCache(116)) - Skip clearing cache in mini cluster mode. Entries left: [/home/runner/work/ozone/ozone/hadoop-ozone/integration-test/target/test-dir/MiniOzoneClusterImpl-6bed2868-cd70-4a3d-a9ed-67052a48ddc2/datanode-3/data-0/containers/hdds/6bed2868-cd70-4a3d-a9ed-67052a48ddc2/DS-9fc2fb7a-2d93-4654-9e8a-974d8821fb85/container.db, /home/runner/work/ozone/ozone/hadoop-ozone/integration-test/target/test-dir/MiniOzoneClusterImpl-6bed2868-cd70-4a3d-a9ed-67052a48ddc2/datanode-4/data-0/containers/hdds/6bed2868-cd70-4a3d-a9ed-67052a48ddc2/DS-fe5404e2-d6fd-46ac-85dc-6819d535cc51/container.db, /home/runner/work/ozone/ozone/hadoop-ozone/integration-test/target/test-dir/MiniOzoneClusterImpl-6bed2868-cd70-4a3d-a9ed-67052a48ddc2/datanode-5/data-0/containers/hdds/6bed2868-cd70-4a3d-a9ed-67052a48ddc2/DS-e2a8bc51-3ff2-45b0-bff4-6bcf5a294fd8/container.db, /home/runner/work/ozone/ozone/hadoop-ozone/integration-test/target/test-dir/MiniOzoneClusterImpl-6bed2868-cd70-4a3d-a9ed-67052a48ddc2/datanode-6/data-0/containers/hdds/6bed2868-cd70-4a3d-a9ed-67052a48ddc2/DS-5f67c661-6a99-486e-b94e-a3d2114588bf/container.db, /home/runner/work/ozone/ozone/hadoop-ozone/integration-test/target/test-dir/MiniOzoneClusterImpl-6bed2868-cd70-4a3d-a9ed-67052a48ddc2/datanode-7/data-0/containers/hdds/6bed2868-cd70-4a3d-a9ed-67052a48ddc2/DS-f17521f4-6ff5-4d62-987e-7a7ac809296d/container.db, /home/runner/work/ozone/ozone/hadoop-ozone/integration-test/target/test-dir/MiniOzoneClusterImpl-6bed2868-cd70-4a3d-a9ed-67052a48ddc2/datanode-8/data-0/containers/hdds/6bed2868-cd70-4a3d-a9ed-67052a48ddc2/DS-24d13ff0-b221-439d-a2cb-241d7c1a8d30/container.db]
2024-01-26 13:20:43,580 [ForkJoinPool.commonPool-worker-5] INFO  utils.DatanodeStoreCache (DatanodeStoreCache.java:removeDB(110)) - Removed db /home/runner/work/ozone/ozone/hadoop-ozone/integration-test/target/test-dir/MiniOzoneClusterImpl-6bed2868-cd70-4a3d-a9ed-67052a48ddc2/datanode-3/data-0/containers/hdds/6bed2868-cd70-4a3d-a9ed-67052a48ddc2/DS-9fc2fb7a-2d93-4654-9e8a-974d8821fb85/container.db from cache
2024-01-26 13:20:43,580 [ForkJoinPool.commonPool-worker-5] INFO  volume.HddsVolume (HddsVolume.java:closeDbStore(451)) - SchemaV3 db is stopped at /home/runner/work/ozone/ozone/hadoop-ozone/integration-test/target/test-dir/MiniOzoneClusterImpl-6bed2868-cd70-4a3d-a9ed-67052a48ddc2/datanode-3/data-0/containers/hdds/6bed2868-cd70-4a3d-a9ed-67052a48ddc2/DS-9fc2fb7a-2d93-4654-9e8a-974d8821fb85/container.db for volume DS-9fc2fb7a-2d93-4654-9e8a-974d8821fb85
2024-01-26 13:20:43,580 [ForkJoinPool.commonPool-worker-7] INFO  utils.DatanodeStoreCache (DatanodeStoreCache.java:removeDB(110)) - Removed db /home/runner/work/ozone/ozone/hadoop-ozone/integration-test/target/test-dir/MiniOzoneClusterImpl-6bed2868-cd70-4a3d-a9ed-67052a48ddc2/datanode-4/data-0/containers/hdds/6bed2868-cd70-4a3d-a9ed-67052a48ddc2/DS-fe5404e2-d6fd-46ac-85dc-6819d535cc51/container.db from cache
2024-01-26 13:20:43,581 [ForkJoinPool.commonPool-worker-7] INFO  volume.HddsVolume (HddsVolume.java:closeDbStore(451)) - SchemaV3 db is stopped at /home/runner/work/ozone/ozone/hadoop-ozone/integration-test/target/test-dir/MiniOzoneClusterImpl-6bed2868-cd70-4a3d-a9ed-67052a48ddc2/datanode-4/data-0/containers/hdds/6bed2868-cd70-4a3d-a9ed-67052a48ddc2/DS-fe5404e2-d6fd-46ac-85dc-6819d535cc51/container.db for volume DS-fe5404e2-d6fd-46ac-85dc-6819d535cc51
2024-01-26 13:20:43,581 [ForkJoinPool.commonPool-worker-5] INFO  utils.BackgroundService (BackgroundService.java:shutdown(160)) - Shutting down service BlockDeletingService
2024-01-26 13:20:43,581 [ForkJoinPool.commonPool-worker-7] INFO  utils.BackgroundService (BackgroundService.java:shutdown(160)) - Shutting down service BlockDeletingService
2024-01-26 13:20:43,582 [ForkJoinPool.commonPool-worker-7] INFO  utils.BackgroundService (BackgroundService.java:shutdown(160)) - Shutting down service StaleRecoveringContainerScrubbingService
2024-01-26 13:20:43,584 [ForkJoinPool.commonPool-worker-5] INFO  utils.BackgroundService (BackgroundService.java:shutdown(160)) - Shutting down service StaleRecoveringContainerScrubbingService
2024-01-26 13:20:43,584 [ForkJoinPool.commonPool-worker-5] INFO  statemachine.DatanodeStateMachine (DatanodeStateMachine.java:stopDaemon(638)) - Ozone container server stopped.
2024-01-26 13:20:43,584 [ForkJoinPool.commonPool-worker-7] INFO  statemachine.DatanodeStateMachine (DatanodeStateMachine.java:stopDaemon(638)) - Ozone container server stopped.
2024-01-26 13:20:43,586 [ForkJoinPool.commonPool-worker-5] INFO  handler.ContextHandler (ContextHandler.java:doStop(1159)) - Stopped o.e.j.w.WebAppContext@698732f1{hddsDatanode,/,null,STOPPED}{jar:file:/home/runner/.m2/repository/org/apache/ozone/hdds-container-service/1.5.0-SNAPSHOT/hdds-container-service-1.5.0-SNAPSHOT.jar!/webapps/hddsDatanode}
2024-01-26 13:20:43,586 [ForkJoinPool.commonPool-worker-7] INFO  handler.ContextHandler (ContextHandler.java:doStop(1159)) - Stopped o.e.j.w.WebAppContext@38dee549{hddsDatanode,/,null,STOPPED}{jar:file:/home/runner/.m2/repository/org/apache/ozone/hdds-container-service/1.5.0-SNAPSHOT/hdds-container-service-1.5.0-SNAPSHOT.jar!/webapps/hddsDatanode}
2024-01-26 13:20:43,587 [ForkJoinPool.commonPool-worker-5] INFO  server.AbstractConnector (AbstractConnector.java:doStop(383)) - Stopped ServerConnector@aa22a6a{HTTP/1.1, (http/1.1)}{0.0.0.0:15125}
2024-01-26 13:20:43,587 [ForkJoinPool.commonPool-worker-7] INFO  server.AbstractConnector (AbstractConnector.java:doStop(383)) - Stopped ServerConnector@4c954f7d{HTTP/1.1, (http/1.1)}{0.0.0.0:15134}
2024-01-26 13:20:43,587 [ForkJoinPool.commonPool-worker-7] INFO  server.session (HouseKeeper.java:stopScavenging(149)) - node0 Stopped scavenging
2024-01-26 13:20:43,587 [ForkJoinPool.commonPool-worker-7] INFO  handler.ContextHandler (ContextHandler.java:doStop(1159)) - Stopped o.e.j.s.ServletContextHandler@14cdf63b{static,/static,jar:file:/home/runner/.m2/repository/org/apache/ozone/hdds-container-service/1.5.0-SNAPSHOT/hdds-container-service-1.5.0-SNAPSHOT.jar!/webapps/static,STOPPED}
2024-01-26 13:20:43,587 [ForkJoinPool.commonPool-worker-7] INFO  handler.ContextHandler (ContextHandler.java:doStop(1159)) - Stopped o.e.j.s.ServletContextHandler@3d2e59c{logs,/logs,file:///home/runner/work/ozone/ozone/hadoop-ozone/integration-test/target/log,STOPPED}
2024-01-26 13:20:43,587 [ForkJoinPool.commonPool-worker-5] INFO  server.session (HouseKeeper.java:stopScavenging(149)) - node0 Stopped scavenging
2024-01-26 13:20:43,588 [ForkJoinPool.commonPool-worker-5] INFO  handler.ContextHandler (ContextHandler.java:doStop(1159)) - Stopped o.e.j.s.ServletContextHandler@11a81db0{static,/static,jar:file:/home/runner/.m2/repository/org/apache/ozone/hdds-container-service/1.5.0-SNAPSHOT/hdds-container-service-1.5.0-SNAPSHOT.jar!/webapps/static,STOPPED}
2024-01-26 13:20:43,588 [ForkJoinPool.commonPool-worker-5] INFO  handler.ContextHandler (ContextHandler.java:doStop(1159)) - Stopped o.e.j.s.ServletContextHandler@101c9c6b{logs,/logs,file:///home/runner/work/ozone/ozone/hadoop-ozone/integration-test/target/log,STOPPED}
2024-01-26 13:20:43,588 [ForkJoinPool.commonPool-worker-5] INFO  ozone.HddsDatanodeClientProtocolServer (HddsDatanodeClientProtocolServer.java:stop(78)) - Stopping the RPC server for Client Protocol
2024-01-26 13:20:43,589 [ForkJoinPool.commonPool-worker-5] INFO  ipc.Server (Server.java:stop(3523)) - Stopping server on 15126
2024-01-26 13:20:43,589 [ForkJoinPool.commonPool-worker-7] INFO  ozone.HddsDatanodeClientProtocolServer (HddsDatanodeClientProtocolServer.java:stop(78)) - Stopping the RPC server for Client Protocol
2024-01-26 13:20:43,589 [IPC Server listener on 15126] INFO  ipc.Server (Server.java:run(1434)) - Stopping IPC Server listener on 15126
2024-01-26 13:20:43,590 [ForkJoinPool.commonPool-worker-7] INFO  ipc.Server (Server.java:stop(3523)) - Stopping server on 15135
2024-01-26 13:20:43,591 [IPC Server Responder] INFO  ipc.Server (Server.java:run(1567)) - Stopping IPC Server Responder
2024-01-26 13:20:43,594 [IPC Server listener on 15135] INFO  ipc.Server (Server.java:run(1434)) - Stopping IPC Server listener on 15135
2024-01-26 13:20:43,594 [IPC Server Responder] INFO  ipc.Server (Server.java:run(1567)) - Stopping IPC Server Responder
2024-01-26 13:20:43,680 [ForkJoinPool.commonPool-worker-1] INFO  utils.DatanodeStoreCache (DatanodeStoreCache.java:shutdownCache(116)) - Skip clearing cache in mini cluster mode. Entries left: [/home/runner/work/ozone/ozone/hadoop-ozone/integration-test/target/test-dir/MiniOzoneClusterImpl-6bed2868-cd70-4a3d-a9ed-67052a48ddc2/datanode-5/data-0/containers/hdds/6bed2868-cd70-4a3d-a9ed-67052a48ddc2/DS-e2a8bc51-3ff2-45b0-bff4-6bcf5a294fd8/container.db, /home/runner/work/ozone/ozone/hadoop-ozone/integration-test/target/test-dir/MiniOzoneClusterImpl-6bed2868-cd70-4a3d-a9ed-67052a48ddc2/datanode-6/data-0/containers/hdds/6bed2868-cd70-4a3d-a9ed-67052a48ddc2/DS-5f67c661-6a99-486e-b94e-a3d2114588bf/container.db, /home/runner/work/ozone/ozone/hadoop-ozone/integration-test/target/test-dir/MiniOzoneClusterImpl-6bed2868-cd70-4a3d-a9ed-67052a48ddc2/datanode-7/data-0/containers/hdds/6bed2868-cd70-4a3d-a9ed-67052a48ddc2/DS-f17521f4-6ff5-4d62-987e-7a7ac809296d/container.db, /home/runner/work/ozone/ozone/hadoop-ozone/integration-test/target/test-dir/MiniOzoneClusterImpl-6bed2868-cd70-4a3d-a9ed-67052a48ddc2/datanode-8/data-0/containers/hdds/6bed2868-cd70-4a3d-a9ed-67052a48ddc2/DS-24d13ff0-b221-439d-a2cb-241d7c1a8d30/container.db]
2024-01-26 13:20:43,681 [ForkJoinPool.commonPool-worker-1] INFO  utils.DatanodeStoreCache (DatanodeStoreCache.java:removeDB(110)) - Removed db /home/runner/work/ozone/ozone/hadoop-ozone/integration-test/target/test-dir/MiniOzoneClusterImpl-6bed2868-cd70-4a3d-a9ed-67052a48ddc2/datanode-6/data-0/containers/hdds/6bed2868-cd70-4a3d-a9ed-67052a48ddc2/DS-5f67c661-6a99-486e-b94e-a3d2114588bf/container.db from cache
2024-01-26 13:20:43,681 [ForkJoinPool.commonPool-worker-1] INFO  volume.HddsVolume (HddsVolume.java:closeDbStore(451)) - SchemaV3 db is stopped at /home/runner/work/ozone/ozone/hadoop-ozone/integration-test/target/test-dir/MiniOzoneClusterImpl-6bed2868-cd70-4a3d-a9ed-67052a48ddc2/datanode-6/data-0/containers/hdds/6bed2868-cd70-4a3d-a9ed-67052a48ddc2/DS-5f67c661-6a99-486e-b94e-a3d2114588bf/container.db for volume DS-5f67c661-6a99-486e-b94e-a3d2114588bf
2024-01-26 13:20:43,683 [ForkJoinPool.commonPool-worker-1] INFO  utils.BackgroundService (BackgroundService.java:shutdown(160)) - Shutting down service BlockDeletingService
2024-01-26 13:20:43,683 [ForkJoinPool.commonPool-worker-1] INFO  utils.BackgroundService (BackgroundService.java:shutdown(160)) - Shutting down service StaleRecoveringContainerScrubbingService
2024-01-26 13:20:43,684 [ForkJoinPool.commonPool-worker-1] INFO  statemachine.DatanodeStateMachine (DatanodeStateMachine.java:stopDaemon(638)) - Ozone container server stopped.
2024-01-26 13:20:43,685 [ForkJoinPool.commonPool-worker-1] INFO  handler.ContextHandler (ContextHandler.java:doStop(1159)) - Stopped o.e.j.w.WebAppContext@31acf532{hddsDatanode,/,null,STOPPED}{jar:file:/home/runner/.m2/repository/org/apache/ozone/hdds-container-service/1.5.0-SNAPSHOT/hdds-container-service-1.5.0-SNAPSHOT.jar!/webapps/hddsDatanode}
2024-01-26 13:20:43,685 [ForkJoinPool.commonPool-worker-1] INFO  server.AbstractConnector (AbstractConnector.java:doStop(383)) - Stopped ServerConnector@4c2bfb2b{HTTP/1.1, (http/1.1)}{0.0.0.0:15152}
2024-01-26 13:20:43,685 [ForkJoinPool.commonPool-worker-1] INFO  server.session (HouseKeeper.java:stopScavenging(149)) - node0 Stopped scavenging
2024-01-26 13:20:43,686 [ForkJoinPool.commonPool-worker-1] INFO  handler.ContextHandler (ContextHandler.java:doStop(1159)) - Stopped o.e.j.s.ServletContextHandler@77ebc959{static,/static,jar:file:/home/runner/.m2/repository/org/apache/ozone/hdds-container-service/1.5.0-SNAPSHOT/hdds-container-service-1.5.0-SNAPSHOT.jar!/webapps/static,STOPPED}
2024-01-26 13:20:43,686 [ForkJoinPool.commonPool-worker-1] INFO  handler.ContextHandler (ContextHandler.java:doStop(1159)) - Stopped o.e.j.s.ServletContextHandler@7de9d378{logs,/logs,file:///home/runner/work/ozone/ozone/hadoop-ozone/integration-test/target/log,STOPPED}
2024-01-26 13:20:43,686 [ForkJoinPool.commonPool-worker-1] INFO  ozone.HddsDatanodeClientProtocolServer (HddsDatanodeClientProtocolServer.java:stop(78)) - Stopping the RPC server for Client Protocol
2024-01-26 13:20:43,692 [ForkJoinPool.commonPool-worker-1] INFO  ipc.Server (Server.java:stop(3523)) - Stopping server on 15153
2024-01-26 13:20:43,697 [IPC Server listener on 15153] INFO  ipc.Server (Server.java:run(1434)) - Stopping IPC Server listener on 15153
2024-01-26 13:20:43,697 [IPC Server Responder] INFO  ipc.Server (Server.java:run(1567)) - Stopping IPC Server Responder
2024-01-26 13:20:43,726 [main] INFO  utils.DatanodeStoreCache (DatanodeStoreCache.java:shutdownCache(116)) - Skip clearing cache in mini cluster mode. Entries left: [/home/runner/work/ozone/ozone/hadoop-ozone/integration-test/target/test-dir/MiniOzoneClusterImpl-6bed2868-cd70-4a3d-a9ed-67052a48ddc2/datanode-5/data-0/containers/hdds/6bed2868-cd70-4a3d-a9ed-67052a48ddc2/DS-e2a8bc51-3ff2-45b0-bff4-6bcf5a294fd8/container.db, /home/runner/work/ozone/ozone/hadoop-ozone/integration-test/target/test-dir/MiniOzoneClusterImpl-6bed2868-cd70-4a3d-a9ed-67052a48ddc2/datanode-7/data-0/containers/hdds/6bed2868-cd70-4a3d-a9ed-67052a48ddc2/DS-f17521f4-6ff5-4d62-987e-7a7ac809296d/container.db, /home/runner/work/ozone/ozone/hadoop-ozone/integration-test/target/test-dir/MiniOzoneClusterImpl-6bed2868-cd70-4a3d-a9ed-67052a48ddc2/datanode-8/data-0/containers/hdds/6bed2868-cd70-4a3d-a9ed-67052a48ddc2/DS-24d13ff0-b221-439d-a2cb-241d7c1a8d30/container.db]
2024-01-26 13:20:43,728 [main] INFO  utils.DatanodeStoreCache (DatanodeStoreCache.java:removeDB(110)) - Removed db /home/runner/work/ozone/ozone/hadoop-ozone/integration-test/target/test-dir/MiniOzoneClusterImpl-6bed2868-cd70-4a3d-a9ed-67052a48ddc2/datanode-5/data-0/containers/hdds/6bed2868-cd70-4a3d-a9ed-67052a48ddc2/DS-e2a8bc51-3ff2-45b0-bff4-6bcf5a294fd8/container.db from cache
2024-01-26 13:20:43,728 [main] INFO  volume.HddsVolume (HddsVolume.java:closeDbStore(451)) - SchemaV3 db is stopped at /home/runner/work/ozone/ozone/hadoop-ozone/integration-test/target/test-dir/MiniOzoneClusterImpl-6bed2868-cd70-4a3d-a9ed-67052a48ddc2/datanode-5/data-0/containers/hdds/6bed2868-cd70-4a3d-a9ed-67052a48ddc2/DS-e2a8bc51-3ff2-45b0-bff4-6bcf5a294fd8/container.db for volume DS-e2a8bc51-3ff2-45b0-bff4-6bcf5a294fd8
2024-01-26 13:20:43,728 [main] INFO  utils.BackgroundService (BackgroundService.java:shutdown(160)) - Shutting down service BlockDeletingService
2024-01-26 13:20:43,728 [main] INFO  utils.BackgroundService (BackgroundService.java:shutdown(160)) - Shutting down service StaleRecoveringContainerScrubbingService
2024-01-26 13:20:43,729 [main] INFO  statemachine.DatanodeStateMachine (DatanodeStateMachine.java:stopDaemon(638)) - Ozone container server stopped.
2024-01-26 13:20:43,730 [main] INFO  handler.ContextHandler (ContextHandler.java:doStop(1159)) - Stopped o.e.j.w.WebAppContext@4ce65fa4{hddsDatanode,/,null,STOPPED}{jar:file:/home/runner/.m2/repository/org/apache/ozone/hdds-container-service/1.5.0-SNAPSHOT/hdds-container-service-1.5.0-SNAPSHOT.jar!/webapps/hddsDatanode}
2024-01-26 13:20:43,730 [main] INFO  server.AbstractConnector (AbstractConnector.java:doStop(383)) - Stopped ServerConnector@34b998cf{HTTP/1.1, (http/1.1)}{0.0.0.0:15143}
2024-01-26 13:20:43,730 [main] INFO  server.session (HouseKeeper.java:stopScavenging(149)) - node0 Stopped scavenging
2024-01-26 13:20:43,730 [main] INFO  handler.ContextHandler (ContextHandler.java:doStop(1159)) - Stopped o.e.j.s.ServletContextHandler@308bd8bb{static,/static,jar:file:/home/runner/.m2/repository/org/apache/ozone/hdds-container-service/1.5.0-SNAPSHOT/hdds-container-service-1.5.0-SNAPSHOT.jar!/webapps/static,STOPPED}
2024-01-26 13:20:43,731 [main] INFO  handler.ContextHandler (ContextHandler.java:doStop(1159)) - Stopped o.e.j.s.ServletContextHandler@7ce29673{logs,/logs,file:///home/runner/work/ozone/ozone/hadoop-ozone/integration-test/target/log,STOPPED}
2024-01-26 13:20:43,731 [main] INFO  ozone.HddsDatanodeClientProtocolServer (HddsDatanodeClientProtocolServer.java:stop(78)) - Stopping the RPC server for Client Protocol
2024-01-26 13:20:43,731 [main] INFO  ipc.Server (Server.java:stop(3523)) - Stopping server on 15144
2024-01-26 13:20:43,732 [IPC Server listener on 15144] INFO  ipc.Server (Server.java:run(1434)) - Stopping IPC Server listener on 15144
2024-01-26 13:20:43,733 [IPC Server Responder] INFO  ipc.Server (Server.java:run(1567)) - Stopping IPC Server Responder
2024-01-26 13:20:43,788 [ForkJoinPool.commonPool-worker-6] INFO  utils.DatanodeStoreCache (DatanodeStoreCache.java:shutdownCache(116)) - Skip clearing cache in mini cluster mode. Entries left: [/home/runner/work/ozone/ozone/hadoop-ozone/integration-test/target/test-dir/MiniOzoneClusterImpl-6bed2868-cd70-4a3d-a9ed-67052a48ddc2/datanode-7/data-0/containers/hdds/6bed2868-cd70-4a3d-a9ed-67052a48ddc2/DS-f17521f4-6ff5-4d62-987e-7a7ac809296d/container.db, /home/runner/work/ozone/ozone/hadoop-ozone/integration-test/target/test-dir/MiniOzoneClusterImpl-6bed2868-cd70-4a3d-a9ed-67052a48ddc2/datanode-8/data-0/containers/hdds/6bed2868-cd70-4a3d-a9ed-67052a48ddc2/DS-24d13ff0-b221-439d-a2cb-241d7c1a8d30/container.db]
2024-01-26 13:20:43,789 [ForkJoinPool.commonPool-worker-6] INFO  utils.DatanodeStoreCache (DatanodeStoreCache.java:removeDB(110)) - Removed db /home/runner/work/ozone/ozone/hadoop-ozone/integration-test/target/test-dir/MiniOzoneClusterImpl-6bed2868-cd70-4a3d-a9ed-67052a48ddc2/datanode-7/data-0/containers/hdds/6bed2868-cd70-4a3d-a9ed-67052a48ddc2/DS-f17521f4-6ff5-4d62-987e-7a7ac809296d/container.db from cache
2024-01-26 13:20:43,789 [ForkJoinPool.commonPool-worker-6] INFO  volume.HddsVolume (HddsVolume.java:closeDbStore(451)) - SchemaV3 db is stopped at /home/runner/work/ozone/ozone/hadoop-ozone/integration-test/target/test-dir/MiniOzoneClusterImpl-6bed2868-cd70-4a3d-a9ed-67052a48ddc2/datanode-7/data-0/containers/hdds/6bed2868-cd70-4a3d-a9ed-67052a48ddc2/DS-f17521f4-6ff5-4d62-987e-7a7ac809296d/container.db for volume DS-f17521f4-6ff5-4d62-987e-7a7ac809296d
2024-01-26 13:20:43,789 [ForkJoinPool.commonPool-worker-6] INFO  utils.BackgroundService (BackgroundService.java:shutdown(160)) - Shutting down service BlockDeletingService
2024-01-26 13:20:43,789 [ForkJoinPool.commonPool-worker-6] INFO  utils.BackgroundService (BackgroundService.java:shutdown(160)) - Shutting down service StaleRecoveringContainerScrubbingService
2024-01-26 13:20:43,790 [ForkJoinPool.commonPool-worker-6] INFO  statemachine.DatanodeStateMachine (DatanodeStateMachine.java:stopDaemon(638)) - Ozone container server stopped.
2024-01-26 13:20:43,791 [ForkJoinPool.commonPool-worker-6] INFO  handler.ContextHandler (ContextHandler.java:doStop(1159)) - Stopped o.e.j.w.WebAppContext@46283e50{hddsDatanode,/,null,STOPPED}{jar:file:/home/runner/.m2/repository/org/apache/ozone/hdds-container-service/1.5.0-SNAPSHOT/hdds-container-service-1.5.0-SNAPSHOT.jar!/webapps/hddsDatanode}
2024-01-26 13:20:43,794 [ForkJoinPool.commonPool-worker-6] INFO  server.AbstractConnector (AbstractConnector.java:doStop(383)) - Stopped ServerConnector@51e24212{HTTP/1.1, (http/1.1)}{0.0.0.0:15161}
2024-01-26 13:20:43,794 [ForkJoinPool.commonPool-worker-6] INFO  server.session (HouseKeeper.java:stopScavenging(149)) - node0 Stopped scavenging
2024-01-26 13:20:43,794 [ForkJoinPool.commonPool-worker-6] INFO  handler.ContextHandler (ContextHandler.java:doStop(1159)) - Stopped o.e.j.s.ServletContextHandler@787e589c{static,/static,jar:file:/home/runner/.m2/repository/org/apache/ozone/hdds-container-service/1.5.0-SNAPSHOT/hdds-container-service-1.5.0-SNAPSHOT.jar!/webapps/static,STOPPED}
2024-01-26 13:20:43,794 [ForkJoinPool.commonPool-worker-6] INFO  handler.ContextHandler (ContextHandler.java:doStop(1159)) - Stopped o.e.j.s.ServletContextHandler@2b1bbdad{logs,/logs,file:///home/runner/work/ozone/ozone/hadoop-ozone/integration-test/target/log,STOPPED}
2024-01-26 13:20:43,794 [ForkJoinPool.commonPool-worker-6] INFO  ozone.HddsDatanodeClientProtocolServer (HddsDatanodeClientProtocolServer.java:stop(78)) - Stopping the RPC server for Client Protocol
2024-01-26 13:20:43,796 [ForkJoinPool.commonPool-worker-6] INFO  ipc.Server (Server.java:stop(3523)) - Stopping server on 15162
2024-01-26 13:20:43,800 [IPC Server listener on 15162] INFO  ipc.Server (Server.java:run(1434)) - Stopping IPC Server listener on 15162
2024-01-26 13:20:43,800 [IPC Server Responder] INFO  ipc.Server (Server.java:run(1567)) - Stopping IPC Server Responder
2024-01-26 13:20:43,947 [ForkJoinPool.commonPool-worker-2] INFO  utils.DatanodeStoreCache (DatanodeStoreCache.java:shutdownCache(116)) - Skip clearing cache in mini cluster mode. Entries left: [/home/runner/work/ozone/ozone/hadoop-ozone/integration-test/target/test-dir/MiniOzoneClusterImpl-6bed2868-cd70-4a3d-a9ed-67052a48ddc2/datanode-8/data-0/containers/hdds/6bed2868-cd70-4a3d-a9ed-67052a48ddc2/DS-24d13ff0-b221-439d-a2cb-241d7c1a8d30/container.db]
2024-01-26 13:20:43,948 [ForkJoinPool.commonPool-worker-2] INFO  utils.DatanodeStoreCache (DatanodeStoreCache.java:removeDB(110)) - Removed db /home/runner/work/ozone/ozone/hadoop-ozone/integration-test/target/test-dir/MiniOzoneClusterImpl-6bed2868-cd70-4a3d-a9ed-67052a48ddc2/datanode-8/data-0/containers/hdds/6bed2868-cd70-4a3d-a9ed-67052a48ddc2/DS-24d13ff0-b221-439d-a2cb-241d7c1a8d30/container.db from cache
2024-01-26 13:20:43,949 [ForkJoinPool.commonPool-worker-2] INFO  volume.HddsVolume (HddsVolume.java:closeDbStore(451)) - SchemaV3 db is stopped at /home/runner/work/ozone/ozone/hadoop-ozone/integration-test/target/test-dir/MiniOzoneClusterImpl-6bed2868-cd70-4a3d-a9ed-67052a48ddc2/datanode-8/data-0/containers/hdds/6bed2868-cd70-4a3d-a9ed-67052a48ddc2/DS-24d13ff0-b221-439d-a2cb-241d7c1a8d30/container.db for volume DS-24d13ff0-b221-439d-a2cb-241d7c1a8d30
2024-01-26 13:20:43,949 [ForkJoinPool.commonPool-worker-2] INFO  utils.BackgroundService (BackgroundService.java:shutdown(160)) - Shutting down service BlockDeletingService
2024-01-26 13:20:43,949 [ForkJoinPool.commonPool-worker-2] INFO  utils.BackgroundService (BackgroundService.java:shutdown(160)) - Shutting down service StaleRecoveringContainerScrubbingService
2024-01-26 13:20:43,949 [ForkJoinPool.commonPool-worker-2] INFO  statemachine.DatanodeStateMachine (DatanodeStateMachine.java:stopDaemon(638)) - Ozone container server stopped.
2024-01-26 13:20:43,950 [ForkJoinPool.commonPool-worker-2] INFO  handler.ContextHandler (ContextHandler.java:doStop(1159)) - Stopped o.e.j.w.WebAppContext@37a0c2e0{hddsDatanode,/,null,STOPPED}{jar:file:/home/runner/.m2/repository/org/apache/ozone/hdds-container-service/1.5.0-SNAPSHOT/hdds-container-service-1.5.0-SNAPSHOT.jar!/webapps/hddsDatanode}
2024-01-26 13:20:43,951 [ForkJoinPool.commonPool-worker-2] INFO  server.AbstractConnector (AbstractConnector.java:doStop(383)) - Stopped ServerConnector@716e124a{HTTP/1.1, (http/1.1)}{0.0.0.0:15170}
2024-01-26 13:20:43,951 [ForkJoinPool.commonPool-worker-2] INFO  server.session (HouseKeeper.java:stopScavenging(149)) - node0 Stopped scavenging
2024-01-26 13:20:43,951 [ForkJoinPool.commonPool-worker-2] INFO  handler.ContextHandler (ContextHandler.java:doStop(1159)) - Stopped o.e.j.s.ServletContextHandler@30cb30b0{static,/static,jar:file:/home/runner/.m2/repository/org/apache/ozone/hdds-container-service/1.5.0-SNAPSHOT/hdds-container-service-1.5.0-SNAPSHOT.jar!/webapps/static,STOPPED}
2024-01-26 13:20:43,951 [ForkJoinPool.commonPool-worker-2] INFO  handler.ContextHandler (ContextHandler.java:doStop(1159)) - Stopped o.e.j.s.ServletContextHandler@549929fa{logs,/logs,file:///home/runner/work/ozone/ozone/hadoop-ozone/integration-test/target/log,STOPPED}
2024-01-26 13:20:43,952 [ForkJoinPool.commonPool-worker-2] INFO  ozone.HddsDatanodeClientProtocolServer (HddsDatanodeClientProtocolServer.java:stop(78)) - Stopping the RPC server for Client Protocol
2024-01-26 13:20:43,953 [ForkJoinPool.commonPool-worker-2] INFO  ipc.Server (Server.java:stop(3523)) - Stopping server on 15171
2024-01-26 13:20:43,954 [IPC Server listener on 15171] INFO  ipc.Server (Server.java:run(1434)) - Stopping IPC Server listener on 15171
2024-01-26 13:20:43,954 [IPC Server Responder] INFO  ipc.Server (Server.java:run(1567)) - Stopping IPC Server Responder
2024-01-26 13:20:43,955 [main] INFO  ozone.MiniOzoneClusterImpl (MiniOzoneClusterImpl.java:stopSCM(550)) - Stopping the StorageContainerManager
2024-01-26 13:20:43,955 [main] INFO  server.StorageContainerManager (StorageContainerManager.java:stop(1654)) - Container Balancer is not running.
2024-01-26 13:20:43,955 [main] INFO  server.StorageContainerManager (StorageContainerManager.java:stopReplicationManager(1787)) - Stopping Replication Manager Service.
2024-01-26 13:20:43,955 [main] INFO  replication.ReplicationManager (ReplicationManager.java:stop(326)) - Stopping Replication Monitor Thread.
2024-01-26 13:20:43,955 [main] INFO  server.StorageContainerManager (StorageContainerManager.java:stop(1663)) - Stopping the Datanode Admin Monitor.
2024-01-26 13:20:43,955 [OverReplicatedProcessor] WARN  replication.UnhealthyReplicationProcessor (UnhealthyReplicationProcessor.java:run(180)) - OverReplicatedProcessor interrupted. Exiting...
2024-01-26 13:20:43,955 [ReplicationMonitor] INFO  replication.ReplicationManager (ReplicationManager.java:run(933)) - Replication Monitor Thread is stopped
2024-01-26 13:20:43,955 [UnderReplicatedProcessor] WARN  replication.UnhealthyReplicationProcessor (UnhealthyReplicationProcessor.java:run(180)) - UnderReplicatedProcessor interrupted. Exiting...
2024-01-26 13:20:43,955 [main] INFO  server.StorageContainerManager (StorageContainerManager.java:stop(1670)) - Stopping datanode service RPC server
2024-01-26 13:20:43,956 [main] INFO  server.SCMDatanodeProtocolServer (SCMDatanodeProtocolServer.java:stop(425)) - Stopping the RPC server for DataNodes
2024-01-26 13:20:43,956 [main] INFO  ipc.Server (Server.java:stop(3523)) - Stopping server on 15091
2024-01-26 13:20:43,957 [IPC Server listener on 15091] INFO  ipc.Server (Server.java:run(1434)) - Stopping IPC Server listener on 15091
2024-01-26 13:20:43,958 [IPC Server Responder] INFO  ipc.Server (Server.java:run(1567)) - Stopping IPC Server Responder
2024-01-26 13:20:43,974 [SCMHeartbeatProcessor-0] WARN  node.NodeStateManager (NodeStateManager.java:scheduleNextHealthCheck(878)) - Current Thread is interrupted, shutting down HB processing thread for Node Manager.
2024-01-26 13:20:43,974 [main] INFO  server.StorageContainerManager (StorageContainerManager.java:stop(1678)) - Stopping block service RPC server
2024-01-26 13:20:43,974 [main] INFO  server.SCMBlockProtocolServer (SCMBlockProtocolServer.java:stop(169)) - Stopping the RPC server for Block Protocol
2024-01-26 13:20:43,974 [main] INFO  ipc.Server (Server.java:stop(3523)) - Stopping server on 15090
2024-01-26 13:20:43,975 [IPC Server Responder] INFO  ipc.Server (Server.java:run(1567)) - Stopping IPC Server Responder
2024-01-26 13:20:43,976 [IPC Server listener on 15090] INFO  ipc.Server (Server.java:run(1434)) - Stopping IPC Server listener on 15090
2024-01-26 13:20:43,976 [main] INFO  server.StorageContainerManager (StorageContainerManager.java:stop(1685)) - Stopping the StorageContainerLocationProtocol RPC server
2024-01-26 13:20:43,976 [main] INFO  server.SCMClientProtocolServer (SCMClientProtocolServer.java:stop(212)) - Stopping the RPC server for Client Protocol
2024-01-26 13:20:43,976 [main] INFO  ipc.Server (Server.java:stop(3523)) - Stopping server on 15089
2024-01-26 13:20:43,979 [IPC Server listener on 15089] INFO  ipc.Server (Server.java:run(1434)) - Stopping IPC Server listener on 15089
2024-01-26 13:20:43,980 [IPC Server Responder] INFO  ipc.Server (Server.java:run(1567)) - Stopping IPC Server Responder
2024-01-26 13:20:43,980 [main] INFO  server.StorageContainerManager (StorageContainerManager.java:stop(1692)) - Stopping Storage Container Manager HTTP server.
2024-01-26 13:20:43,981 [main] INFO  handler.ContextHandler (ContextHandler.java:doStop(1159)) - Stopped o.e.j.w.WebAppContext@6f208045{scm,/,null,STOPPED}{file:/home/runner/work/ozone/ozone/hadoop-ozone/integration-test/target/test-classes/webapps/scm}
2024-01-26 13:20:43,982 [main] INFO  server.AbstractConnector (AbstractConnector.java:doStop(383)) - Stopped ServerConnector@374dc136{HTTP/1.1, (http/1.1)}{0.0.0.0:15092}
2024-01-26 13:20:43,983 [main] INFO  server.session (HouseKeeper.java:stopScavenging(149)) - node0 Stopped scavenging
2024-01-26 13:20:43,983 [main] INFO  handler.ContextHandler (ContextHandler.java:doStop(1159)) - Stopped o.e.j.s.ServletContextHandler@400cc92c{static,/static,file:///home/runner/work/ozone/ozone/hadoop-ozone/integration-test/target/test-classes/webapps/static,STOPPED}
2024-01-26 13:20:43,983 [main] INFO  handler.ContextHandler (ContextHandler.java:doStop(1159)) - Stopped o.e.j.s.ServletContextHandler@34991ade{logs,/logs,file:///home/runner/work/ozone/ozone/hadoop-ozone/integration-test/target/log,STOPPED}
2024-01-26 13:20:43,985 [main] INFO  server.StorageContainerManager (StorageContainerManager.java:stop(1700)) - Stopping SCM LayoutVersionManager Service.
2024-01-26 13:20:43,985 [main] INFO  server.StorageContainerManager (StorageContainerManager.java:stop(1712)) - Stopping Block Manager Service.
2024-01-26 13:20:43,985 [main] INFO  utils.BackgroundService (BackgroundService.java:shutdown(160)) - Shutting down service SCMBlockDeletingService
2024-01-26 13:20:43,986 [main] INFO  utils.BackgroundService (BackgroundService.java:shutdown(160)) - Shutting down service SCMBlockDeletingService
2024-01-26 13:20:43,986 [main] INFO  server.StorageContainerManager (StorageContainerManager.java:stop(1732)) - Stopping SCM Event Queue.
2024-01-26 13:20:43,987 [JvmPauseMonitor11] INFO  util.JvmPauseMonitor (JvmPauseMonitor.java:run(152)) - JvmPauseMonitor-d8f55d2c-4756-42f0-a9ac-f327e6ba165b: Stopped
2024-01-26 13:20:43,987 [main] INFO  server.StorageContainerManager (StorageContainerManager.java:stop(1743)) - Stopping SCM HA services.
2024-01-26 13:20:43,987 [main] INFO  pipeline.BackgroundPipelineCreator (BackgroundPipelineCreator.java:stop(152)) - Stopping RatisPipelineUtilsThread.
2024-01-26 13:20:43,987 [RatisPipelineUtilsThread-0] WARN  pipeline.BackgroundPipelineCreator (BackgroundPipelineCreator.java:run(183)) - RatisPipelineUtilsThread is interrupted.
2024-01-26 13:20:43,987 [main] INFO  BackgroundPipelineScrubber (BackgroundSCMService.java:stop(131)) - Stopping BackgroundPipelineScrubber Service.
2024-01-26 13:20:43,987 [BackgroundPipelineScrubber] WARN  BackgroundPipelineScrubber (BackgroundSCMService.java:run(115)) - BackgroundPipelineScrubber is interrupted, exit
2024-01-26 13:20:43,988 [main] INFO  impl.MetricsSystemImpl (MetricsSystemImpl.java:stop(210)) - Stopping HddsDatanode metrics system...
2024-01-26 13:20:43,989 [prometheus] INFO  impl.MetricsSinkAdapter (MetricsSinkAdapter.java:publishMetricsFromQueue(141)) - prometheus thread interrupted.
2024-01-26 13:20:43,989 [main] INFO  impl.MetricsSystemImpl (MetricsSystemImpl.java:stop(216)) - HddsDatanode metrics system stopped.
2024-01-26 13:20:43,989 [main] WARN  pipeline.BackgroundPipelineCreator (BackgroundPipelineCreator.java:stop(148)) - RatisPipelineUtilsThread is not running, just ignore.
2024-01-26 13:20:43,989 [main] INFO  BackgroundPipelineScrubber (BackgroundSCMService.java:stop(126)) - BackgroundPipelineScrubber Service is not running, skip stop.
2024-01-26 13:20:43,989 [main] INFO  ExpiredContainerReplicaOpScrubber (BackgroundSCMService.java:stop(131)) - Stopping ExpiredContainerReplicaOpScrubber Service.
2024-01-26 13:20:43,990 [main] INFO  utils.BackgroundService (BackgroundService.java:shutdown(160)) - Shutting down service SCMBlockDeletingService
2024-01-26 13:20:43,989 [ExpiredContainerReplicaOpScrubber] WARN  ExpiredContainerReplicaOpScrubber (BackgroundSCMService.java:run(115)) - ExpiredContainerReplicaOpScrubber is interrupted, exit
2024-01-26 13:20:43,990 [main] INFO  replication.ReplicationManager (ReplicationManager.java:stop(336)) - Replication Monitor Thread is not running.
2024-01-26 13:20:43,990 [main] WARN  balancer.ContainerBalancer (ContainerBalancer.java:stop(327)) - Cannot stop Container Balancer because it's not running or stopping
2024-01-26 13:20:43,990 [LeaseManager#LeaseMonitor] WARN  lease.LeaseManager (LeaseManager.java:run(287)) - Lease manager is interrupted. Shutting down...
java.lang.InterruptedException
	at java.util.concurrent.locks.AbstractQueuedSynchronizer.doAcquireSharedNanos(AbstractQueuedSynchronizer.java:1039)
	at java.util.concurrent.locks.AbstractQueuedSynchronizer.tryAcquireSharedNanos(AbstractQueuedSynchronizer.java:1328)
	at java.util.concurrent.Semaphore.tryAcquire(Semaphore.java:409)
	at org.apache.hadoop.ozone.lease.LeaseManager$LeaseMonitor.run(LeaseManager.java:285)
	at java.lang.Thread.run(Thread.java:750)
2024-01-26 13:20:43,990 [main] INFO  server.StorageContainerManager (StorageContainerManager.java:stop(1778)) - Stopping SCM MetadataStore.
]]></system-out>
    </flakyFailure>
  </testcase>
  <testcase name="testWatchForCommitForGroupMismatchException" classname="org.apache.hadoop.ozone.client.rpc.TestWatchForCommit" time="26.878"/>
  <testcase name="test2WayCommitForTimeoutException" classname="org.apache.hadoop.ozone.client.rpc.TestWatchForCommit" time="26.752">
    <flakyError type="java.util.concurrent.ExecutionException">
      <stackTrace><![CDATA[java.util.concurrent.ExecutionException: org.apache.ratis.protocol.exceptions.AlreadyClosedException: SlidingWindow$Client:client-1A4CDDBD1EE2->RAFT is closed.
	at java.util.concurrent.CompletableFuture.reportGet(CompletableFuture.java:357)
	at java.util.concurrent.CompletableFuture.get(CompletableFuture.java:1908)
	at org.apache.hadoop.ozone.client.rpc.TestWatchForCommit.test2WayCommitForTimeoutException(TestWatchForCommit.java:322)
	at java.lang.reflect.Method.invoke(Method.java:498)
	at java.util.ArrayList.forEach(ArrayList.java:1259)
	at java.util.ArrayList.forEach(ArrayList.java:1259)
Caused by: org.apache.ratis.protocol.exceptions.AlreadyClosedException: SlidingWindow$Client:client-1A4CDDBD1EE2->RAFT is closed.
	at org.apache.ratis.util.SlidingWindow$Client.alreadyClosed(SlidingWindow.java:406)
	at org.apache.ratis.util.SlidingWindow$Client.fail(SlidingWindow.java:394)
	at org.apache.ratis.client.impl.OrderedAsync.failAllAsyncRequests(OrderedAsync.java:149)
	at org.apache.ratis.client.impl.OrderedAsync.handleAsyncRetryFailure(OrderedAsync.java:153)
	at org.apache.ratis.client.impl.OrderedAsync.lambda$sendRequest$9(OrderedAsync.java:253)
	at java.util.concurrent.CompletableFuture.uniExceptionally(CompletableFuture.java:884)
	at java.util.concurrent.CompletableFuture$UniExceptionally.tryFire(CompletableFuture.java:866)
	at java.util.concurrent.CompletableFuture.postComplete(CompletableFuture.java:488)
	at java.util.concurrent.CompletableFuture.completeExceptionally(CompletableFuture.java:1990)
	at org.apache.ratis.grpc.client.GrpcClientProtocolClient$AsyncStreamObservers.completeReplyExceptionally(GrpcClientProtocolClient.java:394)
	at org.apache.ratis.grpc.client.GrpcClientProtocolClient$AsyncStreamObservers.access$000(GrpcClientProtocolClient.java:300)
	at org.apache.ratis.grpc.client.GrpcClientProtocolClient$AsyncStreamObservers$1.onNext(GrpcClientProtocolClient.java:314)
	at org.apache.ratis.grpc.client.GrpcClientProtocolClient$AsyncStreamObservers$1.onNext(GrpcClientProtocolClient.java:305)
	at org.apache.ratis.thirdparty.io.grpc.stub.ClientCalls$StreamObserverToCallListenerAdapter.onMessage(ClientCalls.java:468)
	at org.apache.ratis.thirdparty.io.grpc.ForwardingClientCallListener.onMessage(ForwardingClientCallListener.java:33)
	at org.apache.ratis.thirdparty.io.grpc.internal.DelayedClientCall$DelayedListener.onMessage(DelayedClientCall.java:473)
	at org.apache.ratis.thirdparty.io.grpc.internal.ClientCallImpl$ClientStreamListenerImpl$1MessagesAvailable.runInternal(ClientCallImpl.java:660)
	at org.apache.ratis.thirdparty.io.grpc.internal.ClientCallImpl$ClientStreamListenerImpl$1MessagesAvailable.runInContext(ClientCallImpl.java:647)
	at org.apache.ratis.thirdparty.io.grpc.internal.ContextRunnable.run(ContextRunnable.java:37)
	at org.apache.ratis.thirdparty.io.grpc.internal.SerializingExecutor.run(SerializingExecutor.java:133)
	at java.util.concurrent.ThreadPoolExecutor.runWorker(ThreadPoolExecutor.java:1149)
	at java.util.concurrent.ThreadPoolExecutor$Worker.run(ThreadPoolExecutor.java:624)
	at java.lang.Thread.run(Thread.java:750)
Caused by: org.apache.ratis.protocol.exceptions.RaftRetryFailureException: Failed RaftClientRequest:client-1A4CDDBD1EE2->8e7f399e-f7c5-430e-98c6-d19423f76280@group-9246EA52D491, cid=62, seq=1*, Watch(0), null for 3 attempts with RequestTypeDependentRetryPolicy{WRITE->ExceptionDependentRetry(maxAttempts=2147483647; defaultPolicy=MultipleLinearRandomRetry[5x5s, 5x10s, 5x15s, 5x20s, 5x25s, 10x60s]; map={org.apache.ratis.protocol.exceptions.GroupMismatchException->NoRetry, org.apache.ratis.protocol.exceptions.NotReplicatedException->NoRetry, org.apache.ratis.protocol.exceptions.ResourceUnavailableException->org.apache.ratis.retry.ExponentialBackoffRetry@7931a59c, org.apache.ratis.protocol.exceptions.StateMachineException->NoRetry, org.apache.ratis.protocol.exceptions.TimeoutIOException->org.apache.ratis.retry.ExponentialBackoffRetry@7931a59c}), WATCH->ExceptionDependentRetry(maxAttempts=2147483647; defaultPolicy=MultipleLinearRandomRetry[5x5s, 5x10s, 5x15s, 5x20s, 5x25s, 10x60s]; map={org.apache.ratis.protocol.exceptions.GroupMismatchException->NoRetry, org.apache.ratis.protocol.exceptions.NotReplicatedException->NoRetry, org.apache.ratis.protocol.exceptions.ResourceUnavailableException->org.apache.ratis.retry.ExponentialBackoffRetry@7931a59c, org.apache.ratis.protocol.exceptions.StateMachineException->NoRetry, org.apache.ratis.protocol.exceptions.TimeoutIOException->NoRetry})}
	at org.apache.ratis.client.impl.RaftClientImpl.noMoreRetries(RaftClientImpl.java:353)
	... 20 more
Caused by: org.apache.ratis.protocol.exceptions.NotLeaderException: Server 8e7f399e-f7c5-430e-98c6-d19423f76280@group-9246EA52D491 is not the leader 6765ae9a-8790-488a-a655-dfdac73b9f74|10.1.0.20:15353
	at org.apache.ratis.client.impl.ClientProtoUtils.toRaftClientReply(ClientProtoUtils.java:397)
	at org.apache.ratis.grpc.client.GrpcClientProtocolClient$AsyncStreamObservers$1.onNext(GrpcClientProtocolClient.java:310)
	... 11 more
]]></stackTrace>
      <system-out><![CDATA[2024-01-26 13:21:10,922 [main] WARN  server.ServerUtils (ServerUtils.java:getScmDbDir(155)) - ozone.scm.db.dirs is not configured. We recommend adding this setting. Falling back to ozone.metadata.dirs instead.
2024-01-26 13:21:10,924 [main] WARN  server.ServerUtils (ServerUtils.java:getScmDbDir(155)) - ozone.scm.db.dirs is not configured. We recommend adding this setting. Falling back to ozone.metadata.dirs instead.
2024-01-26 13:21:10,924 [main] INFO  ha.SCMHANodeDetails (SCMHANodeDetails.java:loadSCMHAConfig(207)) - ServiceID for StorageContainerManager is null
2024-01-26 13:21:10,924 [main] INFO  ha.SCMHANodeDetails (SCMHANodeDetails.java:loadSCMHAConfig(212)) - ozone.scm.default.service.id is not defined, falling back to ozone.scm.service.ids to find serviceID for StorageContainerManager if it is HA enabled cluster
2024-01-26 13:21:10,925 [main] WARN  utils.HAUtils (HAUtils.java:getMetaDir(339)) - ozone.scm.db.dirs is not configured. We recommend adding this setting. Falling back to ozone.metadata.dirs instead.
2024-01-26 13:21:10,925 [main] WARN  db.DBStoreBuilder (DBStoreBuilder.java:applyDBDefinition(170)) - ozone.scm.db.dirs is not configured. We recommend adding this setting. Falling back to ozone.metadata.dirs instead.
2024-01-26 13:21:11,012 [main] INFO  net.NodeSchemaLoader (NodeSchemaLoader.java:loadSchemaFromFile(129)) - Loading schema from [jar:file:/home/runner/.m2/repository/org/apache/ozone/hdds-common/1.5.0-SNAPSHOT/hdds-common-1.5.0-SNAPSHOT.jar!/network-topology-default.xml]
2024-01-26 13:21:11,013 [main] INFO  net.NodeSchemaLoader (NodeSchemaLoader.java:loadSchema(176)) - Loading network topology layer schema file
2024-01-26 13:21:11,015 [main] INFO  upgrade.AbstractLayoutVersionManager (AbstractLayoutVersionManager.java:init(83)) - Initializing Layout version manager with metadata layout = HADOOP_PRC_PORTS_IN_DATANODEDETAILS (version = 7), software layout = HADOOP_PRC_PORTS_IN_DATANODEDETAILS (version = 7)
2024-01-26 13:21:11,017 [main] INFO  ha.SequenceIdGenerator (SequenceIdGenerator.java:upgradeToSequenceId(370)) - upgrade localId to 113750153625600000
2024-01-26 13:21:11,018 [main] INFO  ha.SequenceIdGenerator (SequenceIdGenerator.java:upgradeToSequenceId(380)) - upgrade delTxnId to 0
2024-01-26 13:21:11,018 [main] INFO  ha.SequenceIdGenerator (SequenceIdGenerator.java:upgradeToSequenceId(397)) - upgrade containerId to 0
2024-01-26 13:21:11,019 [main] INFO  ha.SequenceIdGenerator (SequenceIdGenerator.java:upgradeToCertificateSequenceId(444)) - upgrade CertificateId to 2
2024-01-26 13:21:11,020 [main] INFO  ha.SequenceIdGenerator (SequenceIdGenerator.java:<init>(241)) - Init the HA SequenceIdGenerator.
2024-01-26 13:21:11,020 [main] INFO  node.SCMNodeManager (SCMNodeManager.java:<init>(177)) - Entering startup safe mode.
2024-01-26 13:21:11,020 [main] INFO  algorithms.ContainerPlacementPolicyFactory (ContainerPlacementPolicyFactory.java:getPolicyInternal(86)) - Create container placement policy of type org.apache.hadoop.hdds.scm.container.placement.algorithms.SCMContainerPlacementRackAware
2024-01-26 13:21:11,020 [main] INFO  algorithms.ContainerPlacementPolicyFactory (ContainerPlacementPolicyFactory.java:getPolicyInternal(86)) - Create container placement policy of type org.apache.hadoop.hdds.scm.container.placement.algorithms.SCMContainerPlacementRackScatter
2024-01-26 13:21:11,021 [main] INFO  pipeline.PipelineStateManagerImpl (PipelineStateManagerImpl.java:initialize(78)) - No pipeline exists in current db
2024-01-26 13:21:11,021 [main] INFO  algorithms.LeaderChoosePolicyFactory (LeaderChoosePolicyFactory.java:getPolicy(57)) - Create leader choose policy of type org.apache.hadoop.hdds.scm.pipeline.leader.choose.algorithms.MinLeaderCountChoosePolicy
2024-01-26 13:21:11,021 [main] INFO  algorithms.ContainerPlacementPolicyFactory (ContainerPlacementPolicyFactory.java:getPolicyInternal(86)) - Create container placement policy of type org.apache.hadoop.hdds.scm.container.placement.algorithms.SCMContainerPlacementRackScatter
2024-01-26 13:21:11,021 [main] INFO  ha.SCMServiceManager (SCMServiceManager.java:register(42)) - Registering service BackgroundPipelineCreator.
2024-01-26 13:21:11,021 [main] INFO  pipeline.BackgroundPipelineCreator (BackgroundPipelineCreator.java:start(127)) - Starting RatisPipelineUtilsThread.
2024-01-26 13:21:11,021 [main] INFO  BackgroundPipelineScrubber (BackgroundSCMService.java:start(68)) - Starting BackgroundPipelineScrubber Service.
2024-01-26 13:21:11,022 [main] INFO  ha.SCMServiceManager (SCMServiceManager.java:register(42)) - Registering service BackgroundPipelineScrubber.
2024-01-26 13:21:11,022 [main] INFO  ExpiredContainerReplicaOpScrubber (BackgroundSCMService.java:start(68)) - Starting ExpiredContainerReplicaOpScrubber Service.
2024-01-26 13:21:11,022 [main] INFO  ha.SCMServiceManager (SCMServiceManager.java:register(42)) - Registering service ExpiredContainerReplicaOpScrubber.
2024-01-26 13:21:11,022 [main] INFO  algorithms.PipelineChoosePolicyFactory (PipelineChoosePolicyFactory.java:createPipelineChoosePolicyFromClass(80)) - Create pipeline choose policy of type org.apache.hadoop.hdds.scm.pipeline.choose.algorithms.RandomPipelineChoosePolicy
2024-01-26 13:21:11,023 [main] INFO  algorithms.PipelineChoosePolicyFactory (PipelineChoosePolicyFactory.java:createPipelineChoosePolicyFromClass(80)) - Create pipeline choose policy of type org.apache.hadoop.hdds.scm.pipeline.choose.algorithms.RandomPipelineChoosePolicy
2024-01-26 13:21:11,023 [main] INFO  ha.SCMServiceManager (SCMServiceManager.java:register(42)) - Registering service SCMBlockDeletingService.
2024-01-26 13:21:11,024 [main] INFO  replication.ReplicationManager (ReplicationManager.java:start(294)) - Starting Replication Monitor Thread.
2024-01-26 13:21:11,024 [ReplicationMonitor] INFO  replication.ReplicationManager (ReplicationManager.java:processAll(369)) - Replication Manager is not ready to run until 3000ms after safemode exit
2024-01-26 13:21:11,024 [main] INFO  ha.SCMServiceManager (SCMServiceManager.java:register(42)) - Registering service ReplicationManager.
2024-01-26 13:21:11,025 [main] INFO  safemode.ContainerSafeModeRule (ContainerSafeModeRule.java:<init>(91)) - containers with one replica threshold count 0
2024-01-26 13:21:11,025 [main] INFO  safemode.HealthyPipelineSafeModeRule (HealthyPipelineSafeModeRule.java:initializeRule(176)) - Total pipeline count is 0, healthy pipeline threshold count is 1
2024-01-26 13:21:11,025 [main] INFO  safemode.OneReplicaPipelineSafeModeRule (OneReplicaPipelineSafeModeRule.java:initializeRule(193)) - Total pipeline count is 0, pipeline's with at least one datanode reported threshold count is 0
2024-01-26 13:21:11,025 [main] INFO  server.StorageContainerManager (StorageContainerManager.java:<init>(440)) - SCM start with adminUsers: [runner]
2024-01-26 13:21:11,026 [main] INFO  ipc.CallQueueManager (CallQueueManager.java:<init>(90)) - Using callQueue: class java.util.concurrent.LinkedBlockingQueue, queueCapacity: 10000, scheduler: class org.apache.hadoop.ipc.DefaultRpcScheduler, ipcBackoff: false.
2024-01-26 13:21:11,026 [main] INFO  ipc.Server (Server.java:<init>(1287)) - Listener at 0.0.0.0:15269
2024-01-26 13:21:11,026 [Socket Reader #1 for port 15269] INFO  ipc.Server (Server.java:run(1323)) - Starting Socket Reader #1 for port 15269
2024-01-26 13:21:11,029 [main] INFO  ipc.CallQueueManager (CallQueueManager.java:<init>(90)) - Using callQueue: class java.util.concurrent.LinkedBlockingQueue, queueCapacity: 10000, scheduler: class org.apache.hadoop.ipc.DefaultRpcScheduler, ipcBackoff: false.
2024-01-26 13:21:11,029 [main] INFO  ipc.Server (Server.java:<init>(1287)) - Listener at 0.0.0.0:15268
2024-01-26 13:21:11,030 [Socket Reader #1 for port 15268] INFO  ipc.Server (Server.java:run(1323)) - Starting Socket Reader #1 for port 15268
2024-01-26 13:21:11,030 [main] INFO  ipc.CallQueueManager (CallQueueManager.java:<init>(90)) - Using callQueue: class java.util.concurrent.LinkedBlockingQueue, queueCapacity: 10000, scheduler: class org.apache.hadoop.ipc.DefaultRpcScheduler, ipcBackoff: false.
2024-01-26 13:21:11,031 [main] INFO  ipc.Server (Server.java:<init>(1287)) - Listener at 0.0.0.0:15267
2024-01-26 13:21:11,031 [Socket Reader #1 for port 15267] INFO  ipc.Server (Server.java:run(1323)) - Starting Socket Reader #1 for port 15267
2024-01-26 13:21:11,034 [main] INFO  ha.SCMServiceManager (SCMServiceManager.java:register(42)) - Registering service ContainerBalancer.
2024-01-26 13:21:11,034 [main] INFO  server.StorageContainerManager (StorageContainerManager.java:<init>(453)) - 
Container Balancer status:
Key                            Value
Running                        false
Container Balancer Configuration values:
Key                                                Value
Threshold                                          10
Max Datanodes to Involve per Iteration(percent)    20
Max Size to Move per Iteration                     500GB
Max Size Entering Target per Iteration             26GB
Max Size Leaving Source per Iteration              26GB
Number of Iterations                               10
Time Limit for Single Container's Movement         65min
Time Limit for Single Container's Replication      50min
Interval between each Iteration                    70min
Whether to Enable Network Topology                 false
Whether to Trigger Refresh Datanode Usage Info     false
Container IDs to Exclude from Balancing            None
Datanodes Specified to be Balanced                 None
Datanodes Excluded from Balancing                  None

2024-01-26 13:21:11,034 [main] INFO  ha.SCMContext (SCMContext.java:updateSafeModeStatus(230)) - Update SafeModeStatus from SafeModeStatus{safeModeStatus=true, preCheckPassed=false} to SafeModeStatus{safeModeStatus=true, preCheckPassed=false}.
2024-01-26 13:21:11,034 [main] INFO  server.StorageContainerManager (StorageContainerManager.java:start(1546)) - StorageContainerLocationProtocol RPC server is listening at /0.0.0.0:15267
2024-01-26 13:21:11,036 [main] WARN  impl.MetricsConfig (MetricsConfig.java:loadFirst(136)) - Cannot locate configuration: tried hadoop-metrics2-storagecontainermanager.properties,hadoop-metrics2.properties
2024-01-26 13:21:11,037 [main] INFO  impl.MetricsSystemImpl (MetricsSystemImpl.java:startTimer(378)) - Scheduled Metric snapshot period at 10 second(s).
2024-01-26 13:21:11,037 [main] INFO  impl.MetricsSystemImpl (MetricsSystemImpl.java:start(191)) - StorageContainerManager metrics system started
2024-01-26 13:21:11,050 [main] INFO  impl.MetricsSinkAdapter (MetricsSinkAdapter.java:start(204)) - Sink prometheus started
2024-01-26 13:21:11,050 [main] INFO  impl.MetricsSystemImpl (MetricsSystemImpl.java:registerSink(305)) - Registered sink prometheus
2024-01-26 13:21:11,063 [main] INFO  server.SCMClientProtocolServer (SCMClientProtocolServer.java:start(203)) - RPC server for Client  is listening at /0.0.0.0:15267
2024-01-26 13:21:11,067 [IPC Server Responder] INFO  ipc.Server (Server.java:run(1562)) - IPC Server Responder: starting
2024-01-26 13:21:11,073 [IPC Server listener on 15267] INFO  ipc.Server (Server.java:run(1402)) - IPC Server listener on 15267: starting
2024-01-26 13:21:11,080 [main] INFO  server.StorageContainerManager (StorageContainerManager.java:start(1559)) - ScmBlockLocationProtocol RPC server is listening at /0.0.0.0:15268
2024-01-26 13:21:11,081 [main] INFO  server.SCMBlockProtocolServer (SCMBlockProtocolServer.java:start(160)) - RPC server for Block Protocol is listening at /0.0.0.0:15268
2024-01-26 13:21:11,081 [IPC Server Responder] INFO  ipc.Server (Server.java:run(1562)) - IPC Server Responder: starting
2024-01-26 13:21:11,081 [IPC Server listener on 15268] INFO  ipc.Server (Server.java:run(1402)) - IPC Server listener on 15268: starting
2024-01-26 13:21:11,089 [main] INFO  server.SCMDatanodeProtocolServer (SCMDatanodeProtocolServer.java:start(194)) - ScmDatanodeProtocol RPC server for DataNodes is listening at /0.0.0.0:15269
2024-01-26 13:21:11,090 [IPC Server Responder] INFO  ipc.Server (Server.java:run(1562)) - IPC Server Responder: starting
2024-01-26 13:21:11,090 [IPC Server listener on 15269] INFO  ipc.Server (Server.java:run(1402)) - IPC Server listener on 15269: starting
2024-01-26 13:21:11,096 [JvmPauseMonitor33] INFO  util.JvmPauseMonitor (JvmPauseMonitor.java:run(146)) - JvmPauseMonitor-4f66a68b-aa5e-4b3d-9218-f544bf1bc265: Started
2024-01-26 13:21:11,097 [main] INFO  http.BaseHttpServer (BaseHttpServer.java:newHttpServer2BuilderForOzone(223)) - Starting Web-server for scm at: http://0.0.0.0:15270
2024-01-26 13:21:11,097 [main] INFO  http.BaseHttpServer (BaseHttpServer.java:<init>(110)) - Hadoop Security Enabled: false Ozone Security Enabled: false Ozone HTTP Security Enabled: false 
2024-01-26 13:21:11,098 [main] WARN  server.AuthenticationFilter (AuthenticationFilter.java:constructSecretProvider(240)) - Unable to initialize FileSignerSecretProvider, falling back to use random secrets. Reason: Could not read signature secret file: /home/runner/hadoop-http-auth-signature-secret
2024-01-26 13:21:11,098 [main] INFO  http.HttpRequestLog (HttpRequestLog.java:getRequestLog(86)) - Http request log for http.requests.scm is not defined
2024-01-26 13:21:11,099 [main] INFO  http.HttpServer2 (HttpServer2.java:addGlobalFilter(1036)) - Added global filter 'safety' (class=org.apache.hadoop.hdds.server.http.HttpServer2$QuotingInputFilter)
2024-01-26 13:21:11,099 [main] INFO  http.HttpServer2 (HttpServer2.java:addFilter(1012)) - Added filter static_user_filter (class=org.apache.hadoop.http.lib.StaticUserWebFilter$StaticUserFilter) to context scm
2024-01-26 13:21:11,099 [main] INFO  http.HttpServer2 (HttpServer2.java:addFilter(1020)) - Added filter static_user_filter (class=org.apache.hadoop.http.lib.StaticUserWebFilter$StaticUserFilter) to context logs
2024-01-26 13:21:11,100 [main] INFO  http.HttpServer2 (HttpServer2.java:addFilter(1020)) - Added filter static_user_filter (class=org.apache.hadoop.http.lib.StaticUserWebFilter$StaticUserFilter) to context static
2024-01-26 13:21:11,100 [main] INFO  http.BaseHttpServer (BaseHttpServer.java:<init>(189)) - HTTP server of scm uses base directory /home/runner/work/ozone/ozone/hadoop-ozone/integration-test/target/test-dir/MiniOzoneClusterImpl-953fd8c5-ac00-44c9-baab-0887e32ba883/ozone-meta/webserver
2024-01-26 13:21:11,100 [main] INFO  http.HttpServer2 (HttpServer2.java:bindListener(1236)) - Jetty bound to port 15270
2024-01-26 13:21:11,100 [main] INFO  server.Server (Server.java:doStart(375)) - jetty-9.4.53.v20231009; built: 2023-10-09T12:29:09.265Z; git: 27bde00a0b95a1d5bbee0eae7984f891d2d0f8c9; jvm 1.8.0_392-b08
2024-01-26 13:21:11,101 [main] INFO  server.session (DefaultSessionIdManager.java:doStart(334)) - DefaultSessionIdManager workerName=node0
2024-01-26 13:21:11,101 [main] INFO  server.session (DefaultSessionIdManager.java:doStart(339)) - No SessionScavenger set, using defaults
2024-01-26 13:21:11,101 [main] INFO  server.session (HouseKeeper.java:startScavenging(132)) - node0 Scavenging every 600000ms
2024-01-26 13:21:11,102 [main] INFO  handler.ContextHandler (ContextHandler.java:doStart(921)) - Started o.e.j.s.ServletContextHandler@2e71bab1{logs,/logs,file:///home/runner/work/ozone/ozone/hadoop-ozone/integration-test/target/log,AVAILABLE}
2024-01-26 13:21:11,102 [main] INFO  handler.ContextHandler (ContextHandler.java:doStart(921)) - Started o.e.j.s.ServletContextHandler@270239f6{static,/static,file:///home/runner/work/ozone/ozone/hadoop-ozone/integration-test/target/test-classes/webapps/static,AVAILABLE}
2024-01-26 13:21:11,104 [main] INFO  handler.ContextHandler (ContextHandler.java:doStart(921)) - Started o.e.j.w.WebAppContext@4ab0e{scm,/,file:///home/runner/work/ozone/ozone/hadoop-ozone/integration-test/target/test-classes/webapps/scm/,AVAILABLE}{file:/home/runner/work/ozone/ozone/hadoop-ozone/integration-test/target/test-classes/webapps/scm}
2024-01-26 13:21:11,105 [main] INFO  server.AbstractConnector (AbstractConnector.java:doStart(333)) - Started ServerConnector@7e6ab107{HTTP/1.1, (http/1.1)}{0.0.0.0:15270}
2024-01-26 13:21:11,105 [main] INFO  server.Server (Server.java:doStart(415)) - Started @107568ms
2024-01-26 13:21:11,105 [main] WARN  impl.MetricsSystemImpl (MetricsSystemImpl.java:register(279)) - Sink prometheus already exists!
2024-01-26 13:21:11,106 [main] INFO  http.BaseHttpServer (BaseHttpServer.java:updateConnectorAddress(354)) - HTTP server of scm listening at http://0.0.0.0:15270
2024-01-26 13:21:11,106 [main] WARN  server.ServerUtils (ServerUtils.java:getDBPath(311)) - ozone.om.db.dirs is not configured. We recommend adding this setting. Falling back to ozone.metadata.dirs instead.
2024-01-26 13:21:11,107 [main] INFO  ha.OMHANodeDetails (OMHANodeDetails.java:loadOMHAConfig(115)) - ozone.om.internal.service.id is not defined, falling back to ozone.om.service.ids to find serviceID for OzoneManager if it is HA enabled cluster
2024-01-26 13:21:11,107 [main] INFO  ha.OMHANodeDetails (OMHANodeDetails.java:loadOMHAConfig(226)) - Configuration does not have ozone.om.address set. Falling back to the default OM address /127.0.0.1:15271
2024-01-26 13:21:11,107 [main] INFO  ha.OMHANodeDetails (OMHANodeDetails.java:getOMNodeDetailsForNonHA(254)) - OM Service ID is not set. Setting it to the default ID: omServiceIdDefault
2024-01-26 13:21:11,107 [main] INFO  ha.OMHANodeDetails (OMHANodeDetails.java:getOMNodeDetailsForNonHA(261)) - OM Node ID is not set. Setting it to the default ID: om1
2024-01-26 13:21:11,108 [main] WARN  server.ServerUtils (ServerUtils.java:getDBPath(311)) - ozone.om.db.dirs is not configured. We recommend adding this setting. Falling back to ozone.metadata.dirs instead.
2024-01-26 13:21:11,109 [main] INFO  upgrade.AbstractLayoutVersionManager (AbstractLayoutVersionManager.java:init(83)) - Initializing Layout version manager with metadata layout = QUOTA (version = 6), software layout = QUOTA (version = 6)
2024-01-26 13:21:11,147 [main] INFO  upgrade.OMLayoutVersionManager (OMLayoutVersionManager.java:lambda$0(113)) - Skipping Upgrade Action QuotaRepairUpgradeAction since it has been finalized.
2024-01-26 13:21:11,148 [main] INFO  upgrade.OMLayoutVersionManager (OMLayoutVersionManager.java:lambda$0(113)) - Skipping Upgrade Action MockOmUpgradeAction since it has been finalized.
2024-01-26 13:21:11,148 [main] WARN  server.ServerUtils (ServerUtils.java:getDBPath(311)) - ozone.om.db.dirs is not configured. We recommend adding this setting. Falling back to ozone.metadata.dirs instead.
2024-01-26 13:21:11,148 [main] INFO  proxy.SCMBlockLocationFailoverProxyProvider (SCMBlockLocationFailoverProxyProvider.java:<init>(115)) - Created block location fail-over proxy with 1 nodes: [nodeId=scmNodeId,nodeAddress=/0.0.0.0:15268]
2024-01-26 13:21:11,149 [main] INFO  proxy.SCMBlockLocationFailoverProxyProvider (SCMBlockLocationFailoverProxyProvider.java:<init>(115)) - Created block location fail-over proxy with 1 nodes: [nodeId=scmNodeId,nodeAddress=/0.0.0.0:15268]
2024-01-26 13:21:11,155 [main] INFO  om.OzoneManager (OzoneManager.java:<init>(673)) - OM start with adminUsers: [runner]
2024-01-26 13:21:11,156 [main] WARN  server.ServerUtils (ServerUtils.java:getDBPath(311)) - ozone.om.db.dirs is not configured. We recommend adding this setting. Falling back to ozone.metadata.dirs instead.
2024-01-26 13:21:11,156 [main] INFO  helpers.OmKeyInfo (OmKeyInfo.java:getCodec(71)) - OmKeyInfo.getCodec ignorePipeline = true
2024-01-26 13:21:11,329 [main] INFO  om.OzoneManager (OzoneManager.java:instantiateServices(805)) - S3 Multi-Tenancy is disabled
2024-01-26 13:21:11,329 [main] INFO  om.OmSnapshotManager (OmSnapshotManager.java:<init>(176)) - Ozone filesystem snapshot feature is enabled.
2024-01-26 13:21:11,329 [main] WARN  server.ServerUtils (ServerUtils.java:getDBPath(311)) - ozone.om.snapshot.diff.db.dir is not configured. We recommend adding this setting. Falling back to ozone.metadata.dirs instead.
2024-01-26 13:21:11,347 [main] INFO  utils.NativeLibraryLoader (NativeLibraryLoader.java:loadLibrary(108)) - Loading Library: ozone_rocksdb_tools
2024-01-26 13:21:11,348 [main] INFO  snapshot.SnapshotDiffManager (SnapshotDiffManager.java:closeExecutorService(1688)) - Shutting down executorService: 'SstDumpToolExecutor'
2024-01-26 13:21:11,350 [main] INFO  om.OzoneManager (OzoneManager.java:addS3GVolumeToDB(4429)) - Created Volume s3v With Owner runner required for S3Gateway operations.
2024-01-26 13:21:11,350 [main] WARN  server.ServerUtils (ServerUtils.java:getDefaultRatisDirectory(323)) - Storage directory for Ratis is not configured. It is a good idea to map this to an SSD disk. Falling back to ozone.metadata.dirs
2024-01-26 13:21:11,350 [main] WARN  utils.OzoneManagerRatisUtils (OzoneManagerRatisUtils.java:getOMRatisSnapshotDirectory(473)) - ozone.om.ratis.snapshot.dir is not configured. Falling back to ozone.metadata.dirs config
2024-01-26 13:21:11,351 [main] WARN  server.ServerUtils (ServerUtils.java:getDefaultRatisDirectory(323)) - Storage directory for Ratis is not configured. It is a good idea to map this to an SSD disk. Falling back to ozone.metadata.dirs
2024-01-26 13:21:11,351 [main] INFO  ratis.OzoneManagerRatisServer (OzoneManagerRatisServer.java:<init>(167)) - Instantiating OM Ratis server with groupID: omServiceIdDefault and peers: localhost:15274
2024-01-26 13:21:11,352 [main] INFO  ratis.OzoneManagerStateMachine (OzoneManagerStateMachine.java:loadSnapshotInfoFromDB(576)) - TransactionInfo not found in OM DB.
2024-01-26 13:21:11,352 [main] INFO  server.RaftServer (ConfUtils.java:logGet(46)) - raft.rpc.type = GRPC (default)
2024-01-26 13:21:11,352 [main] INFO  grpc.GrpcConfigKeys (ConfUtils.java:logFallback(53)) - raft.grpc.admin.host = null (fallback to raft.grpc.server.host)
2024-01-26 13:21:11,352 [main] INFO  grpc.GrpcConfigKeys (ConfUtils.java:logFallback(53)) - raft.grpc.admin.port = 15274 (fallback to raft.grpc.server.port)
2024-01-26 13:21:11,352 [main] INFO  grpc.GrpcConfigKeys (ConfUtils.java:logFallback(53)) - raft.grpc.client.host = null (fallback to raft.grpc.server.host)
2024-01-26 13:21:11,353 [main] INFO  grpc.GrpcConfigKeys (ConfUtils.java:logFallback(53)) - raft.grpc.client.port = 15274 (fallback to raft.grpc.server.port)
2024-01-26 13:21:11,353 [main] INFO  grpc.GrpcConfigKeys (ConfUtils.java:logGet(46)) - raft.grpc.server.host = null (default)
2024-01-26 13:21:11,353 [main] INFO  grpc.GrpcConfigKeys (ConfUtils.java:logGet(46)) - raft.grpc.server.port = 15274 (custom)
2024-01-26 13:21:11,353 [main] INFO  server.GrpcService (ConfUtils.java:logGet(46)) - raft.grpc.message.size.max = 4194304 (custom)
2024-01-26 13:21:11,353 [main] INFO  server.RaftServerConfigKeys (ConfUtils.java:logGet(46)) - raft.server.log.appender.buffer.byte-limit = 4194304 (custom)
2024-01-26 13:21:11,353 [main] INFO  server.GrpcService (ConfUtils.java:logGet(46)) - raft.grpc.flow.control.window = 1MB (=1048576) (default)
2024-01-26 13:21:11,353 [main] INFO  server.RaftServerConfigKeys (ConfUtils.java:logGet(46)) - raft.server.rpc.request.timeout = 3000ms (default)
2024-01-26 13:21:11,353 [main] INFO  grpc.GrpcConfigKeys (ConfUtils.java:logGet(46)) - raft.grpc.server.heartbeat.channel = true (default)
2024-01-26 13:21:11,354 [main] INFO  grpc.GrpcConfigKeys (ConfUtils.java:logGet(46)) - raft.grpc.server.async.request.thread.pool.cached = true (default)
2024-01-26 13:21:11,354 [main] INFO  grpc.GrpcConfigKeys (ConfUtils.java:logGet(46)) - raft.grpc.server.async.request.thread.pool.size = 32 (default)
2024-01-26 13:21:11,355 [main] INFO  impl.DataStreamServerImpl (ConfUtils.java:logGet(46)) - raft.datastream.type = DISABLED (default)
2024-01-26 13:21:11,355 [main] INFO  server.RaftServerConfigKeys (ConfUtils.java:logGet(46)) - raft.server.sleep.deviation.threshold = 300ms (default)
2024-01-26 13:21:11,355 [main] INFO  server.RaftServerConfigKeys (ConfUtils.java:logGet(46)) - raft.server.close.threshold = 60s (default)
2024-01-26 13:21:11,355 [main] INFO  server.RaftServerConfigKeys (ConfUtils.java:logGet(46)) - raft.server.leaderelection.leader.step-down.wait-time = 10s (default)
2024-01-26 13:21:11,355 [main] INFO  server.RaftServerConfigKeys (ConfUtils.java:logGet(46)) - raft.server.storage.dir = [/home/runner/work/ozone/ozone/hadoop-ozone/integration-test/target/test-dir/MiniOzoneClusterImpl-953fd8c5-ac00-44c9-baab-0887e32ba883/ozone-meta/ratis] (custom)
2024-01-26 13:21:11,355 [main] INFO  server.RaftServerConfigKeys (ConfUtils.java:logGet(46)) - raft.server.threadpool.proxy.cached = true (default)
2024-01-26 13:21:11,356 [main] INFO  server.RaftServerConfigKeys (ConfUtils.java:logGet(46)) - raft.server.threadpool.proxy.size = 0 (default)
2024-01-26 13:21:11,356 [main] INFO  server.RaftServer (RaftServerProxy.java:addNew(100)) - om1: addNew group-C5BA1605619E:[om1|localhost:15274] returns group-C5BA1605619E:java.util.concurrent.CompletableFuture@2c090bd2[Not completed]
2024-01-26 13:21:11,356 [main] INFO  om.OzoneManager (OzoneManager.java:initializeRatisServer(2141)) - OzoneManager Ratis server initialized at port 15274
2024-01-26 13:21:11,356 [om1-groupManagement] INFO  server.RaftServer$Division (RaftServerImpl.java:<init>(256)) - om1: new RaftServerImpl for group-C5BA1605619E:[om1|localhost:15274] with OzoneManagerStateMachine:uninitialized
2024-01-26 13:21:11,356 [main] INFO  om.OzoneManager (OzoneManager.java:getRpcServer(1207)) - Creating RPC Server
2024-01-26 13:21:11,356 [om1-groupManagement] INFO  server.RaftServerConfigKeys (ConfUtils.java:logGet(46)) - raft.server.rpc.timeout.min = 1s (custom)
2024-01-26 13:21:11,357 [om1-groupManagement] INFO  server.RaftServerConfigKeys (ConfUtils.java:logGet(46)) - raft.server.rpc.timeout.max = 1200ms (custom)
2024-01-26 13:21:11,357 [om1-groupManagement] INFO  server.RaftServerConfigKeys (ConfUtils.java:logGet(46)) - raft.server.rpc.sleep.time = 25ms (default)
2024-01-26 13:21:11,357 [om1-groupManagement] INFO  server.RaftServerConfigKeys (ConfUtils.java:logGet(46)) - raft.server.rpc.slowness.timeout = 120s (custom)
2024-01-26 13:21:11,357 [om1-groupManagement] INFO  server.RaftServerConfigKeys (ConfUtils.java:logGet(46)) - raft.server.leaderelection.leader.step-down.wait-time = 10s (default)
2024-01-26 13:21:11,357 [om1-groupManagement] INFO  server.RaftServerConfigKeys (ConfUtils.java:logGet(46)) - raft.server.leaderelection.member.majority-add = false (default)
2024-01-26 13:21:11,357 [om1-groupManagement] INFO  server.RaftServerConfigKeys (ConfUtils.java:logGet(46)) - raft.server.sleep.deviation.threshold = 300ms (default)
2024-01-26 13:21:11,357 [om1-groupManagement] INFO  server.RaftServer$Division (ServerState.java:<init>(113)) - om1@group-C5BA1605619E: ConfigurationManager, init=-1: peers:[om1|localhost:15274]|listeners:[], old=null, confs=<EMPTY_MAP>
2024-01-26 13:21:11,357 [om1-groupManagement] INFO  server.RaftServerConfigKeys (ConfUtils.java:logGet(46)) - raft.server.notification.no-leader.timeout = 120s (custom)
2024-01-26 13:21:11,357 [om1-groupManagement] INFO  server.RaftServerConfigKeys (ConfUtils.java:logGet(46)) - raft.server.read.timeout = 10s (default)
2024-01-26 13:21:11,357 [om1-groupManagement] INFO  server.RaftServerConfigKeys (ConfUtils.java:logGet(46)) - raft.server.retrycache.expirytime = 300s (custom)
2024-01-26 13:21:11,357 [om1-groupManagement] INFO  server.RaftServerConfigKeys (ConfUtils.java:logGet(46)) - raft.server.retrycache.statistics.expirytime = 100ms (default)
2024-01-26 13:21:11,357 [om1-groupManagement] INFO  server.RaftServerConfigKeys (ConfUtils.java:logGet(46)) - raft.server.read.option = DEFAULT (default)
2024-01-26 13:21:11,357 [om1-groupManagement] INFO  server.RaftServerConfigKeys (ConfUtils.java:logGet(46)) - raft.server.read.read-after-write-consistent.write-index-cache.expiry-time = 60s (default)
2024-01-26 13:21:11,358 [om1-groupManagement] INFO  server.RaftServerConfigKeys (ConfUtils.java:logGet(46)) - raft.server.rpc.request.timeout = 3000ms (default)
2024-01-26 13:21:11,358 [om1-groupManagement] INFO  server.RaftServerConfigKeys (ConfUtils.java:logGet(46)) - raft.server.log.appender.install.snapshot.enabled = false (custom)
2024-01-26 13:21:11,358 [om1-groupManagement] INFO  server.RaftServerConfigKeys (ConfUtils.java:logGet(46)) - raft.server.threadpool.server.cached = true (default)
2024-01-26 13:21:11,358 [om1-groupManagement] INFO  server.RaftServerConfigKeys (ConfUtils.java:logGet(46)) - raft.server.threadpool.server.size = 0 (default)
2024-01-26 13:21:11,358 [om1-groupManagement] INFO  server.RaftServerConfigKeys (ConfUtils.java:logGet(46)) - raft.server.threadpool.client.cached = true (default)
2024-01-26 13:21:11,358 [om1-groupManagement] INFO  server.RaftServerConfigKeys (ConfUtils.java:logGet(46)) - raft.server.threadpool.client.size = 0 (default)
2024-01-26 13:21:11,536 [main] INFO  ipc.CallQueueManager (CallQueueManager.java:<init>(90)) - Using callQueue: class java.util.concurrent.LinkedBlockingQueue, queueCapacity: 2000, scheduler: class org.apache.hadoop.ipc.DefaultRpcScheduler, ipcBackoff: false.
2024-01-26 13:21:11,536 [main] INFO  ipc.Server (Server.java:<init>(1287)) - Listener at 127.0.0.1:15271
2024-01-26 13:21:11,537 [Socket Reader #1 for port 15271] INFO  ipc.Server (Server.java:run(1323)) - Starting Socket Reader #1 for port 15271
2024-01-26 13:21:11,552 [main] INFO  impl.MetricsSystemImpl (MetricsSystemImpl.java:init(158)) - OzoneManager metrics system started (again)
2024-01-26 13:21:11,559 [main] INFO  om.OzoneManager (OzoneManager.java:start(1629)) - OzoneManager RPC server is listening at localhost/127.0.0.1:15271
2024-01-26 13:21:11,559 [main] INFO  ratis.OzoneManagerRatisServer (OzoneManagerRatisServer.java:start(588)) - Starting OzoneManagerRatisServer om1 at port 15274
2024-01-26 13:21:11,559 [om1-impl-thread1] INFO  server.RaftServerConfigKeys (ConfUtils.java:logGet(46)) - raft.server.storage.free-space.min = 0MB (=0) (default)
2024-01-26 13:21:11,559 [om1-impl-thread1] INFO  server.RaftServerConfigKeys (ConfUtils.java:logGet(46)) - raft.server.log.corruption.policy = EXCEPTION (default)
2024-01-26 13:21:11,559 [om1-impl-thread1] INFO  server.RaftServerConfigKeys (ConfUtils.java:logGet(46)) - raft.server.storage.dir = [/home/runner/work/ozone/ozone/hadoop-ozone/integration-test/target/test-dir/MiniOzoneClusterImpl-953fd8c5-ac00-44c9-baab-0887e32ba883/ozone-meta/ratis] (custom)
2024-01-26 13:21:11,560 [om1-impl-thread1] INFO  storage.RaftStorageDirectory (RaftStorageDirectoryImpl.java:analyzeStorage(138)) - The storage directory /home/runner/work/ozone/ozone/hadoop-ozone/integration-test/target/test-dir/MiniOzoneClusterImpl-953fd8c5-ac00-44c9-baab-0887e32ba883/ozone-meta/ratis/bf265839-605b-3f16-9796-c5ba1605619e does not exist. Creating ...
2024-01-26 13:21:11,561 [om1-impl-thread1] INFO  storage.RaftStorageDirectory (RaftStorageDirectoryImpl.java:tryLock(228)) - Lock on /home/runner/work/ozone/ozone/hadoop-ozone/integration-test/target/test-dir/MiniOzoneClusterImpl-953fd8c5-ac00-44c9-baab-0887e32ba883/ozone-meta/ratis/bf265839-605b-3f16-9796-c5ba1605619e/in_use.lock acquired by nodename 73218@fv-az983-443
2024-01-26 13:21:11,562 [om1-impl-thread1] INFO  storage.RaftStorage (RaftStorageImpl.java:format(99)) - Storage directory /home/runner/work/ozone/ozone/hadoop-ozone/integration-test/target/test-dir/MiniOzoneClusterImpl-953fd8c5-ac00-44c9-baab-0887e32ba883/ozone-meta/ratis/bf265839-605b-3f16-9796-c5ba1605619e has been successfully formatted.
2024-01-26 13:21:11,562 [om1-impl-thread1] WARN  util.FileUtils (LogUtils.java:supplyAndLog(63)) - Failed to Files.newInputStream /home/runner/work/ozone/ozone/hadoop-ozone/integration-test/target/test-dir/MiniOzoneClusterImpl-953fd8c5-ac00-44c9-baab-0887e32ba883/ozone-meta/ratis/bf265839-605b-3f16-9796-c5ba1605619e/current/raft-meta.conf with options []: java.nio.file.NoSuchFileException: /home/runner/work/ozone/ozone/hadoop-ozone/integration-test/target/test-dir/MiniOzoneClusterImpl-953fd8c5-ac00-44c9-baab-0887e32ba883/ozone-meta/ratis/bf265839-605b-3f16-9796-c5ba1605619e/current/raft-meta.conf
2024-01-26 13:21:11,562 [om1-impl-thread1] INFO  server.RaftServerConfigKeys (ConfUtils.java:logGet(46)) - raft.server.log.use.memory = false (default)
2024-01-26 13:21:11,563 [om1-impl-thread1] INFO  server.RaftServerConfigKeys (ConfUtils.java:logGet(46)) - raft.server.log.purge.gap = 1000000 (custom)
2024-01-26 13:21:11,563 [om1-impl-thread1] INFO  server.RaftServerConfigKeys (ConfUtils.java:logGet(46)) - raft.server.log.appender.buffer.byte-limit = 4194304 (custom)
2024-01-26 13:21:11,563 [om1-impl-thread1] INFO  server.RaftServerConfigKeys (ConfUtils.java:logGet(46)) - raft.server.log.statemachine.data.read.timeout = 1000ms (default)
2024-01-26 13:21:11,563 [om1-impl-thread1] INFO  server.RaftServerConfigKeys (ConfUtils.java:logGet(46)) - raft.server.log.purge.preservation.log.num = 0 (default)
2024-01-26 13:21:11,563 [om1-impl-thread1] INFO  server.RaftServerConfigKeys (ConfUtils.java:logGet(46)) - raft.server.log.segment.size.max = 4194304 (custom)
2024-01-26 13:21:11,563 [om1-impl-thread1] INFO  server.RaftServerConfigKeys (ConfUtils.java:logGet(46)) - raft.server.log.segment.cache.num.max = 2 (custom)
2024-01-26 13:21:11,563 [om1-impl-thread1] INFO  server.RaftServerConfigKeys (ConfUtils.java:logGet(46)) - raft.server.log.segment.cache.size.max = 200MB (=209715200) (default)
2024-01-26 13:21:11,563 [om1-impl-thread1] INFO  server.RaftServerConfigKeys (ConfUtils.java:logGet(46)) - raft.server.log.appender.buffer.byte-limit = 4194304 (custom)
2024-01-26 13:21:11,563 [om1-impl-thread1] INFO  util.AwaitToRun (AwaitToRun.java:start(81)) - Thread[om1@group-C5BA1605619E-cacheEviction-AwaitToRun,5,main] started
2024-01-26 13:21:11,563 [om1-impl-thread1] INFO  segmented.SegmentedRaftLogWorker (SegmentedRaftLogWorker.java:<init>(182)) - new om1@group-C5BA1605619E-SegmentedRaftLogWorker for RaftStorageImpl:Storage Directory /home/runner/work/ozone/ozone/hadoop-ozone/integration-test/target/test-dir/MiniOzoneClusterImpl-953fd8c5-ac00-44c9-baab-0887e32ba883/ozone-meta/ratis/bf265839-605b-3f16-9796-c5ba1605619e
2024-01-26 13:21:11,563 [om1-impl-thread1] INFO  server.RaftServerConfigKeys (ConfUtils.java:logGet(46)) - raft.server.log.queue.byte-limit = 64MB (=67108864) (default)
2024-01-26 13:21:11,564 [om1-impl-thread1] INFO  server.RaftServerConfigKeys (ConfUtils.java:logGet(46)) - raft.server.log.queue.element-limit = 4096 (default)
2024-01-26 13:21:11,564 [om1-impl-thread1] INFO  server.RaftServerConfigKeys (ConfUtils.java:logGet(46)) - raft.server.log.segment.size.max = 4194304 (custom)
2024-01-26 13:21:11,564 [om1-impl-thread1] INFO  server.RaftServerConfigKeys (ConfUtils.java:logGet(46)) - raft.server.log.preallocated.size = 4194304 (custom)
2024-01-26 13:21:11,564 [om1-impl-thread1] INFO  server.RaftServerConfigKeys (ConfUtils.java:logGet(46)) - raft.server.log.force.sync.num = 128 (default)
2024-01-26 13:21:11,564 [om1-impl-thread1] INFO  server.RaftServerConfigKeys (ConfUtils.java:logGet(46)) - raft.server.log.statemachine.data.sync = true (default)
2024-01-26 13:21:11,564 [om1-impl-thread1] INFO  server.RaftServerConfigKeys (ConfUtils.java:logGet(46)) - raft.server.log.statemachine.data.sync.timeout = 10s (default)
2024-01-26 13:21:11,564 [om1-impl-thread1] INFO  server.RaftServerConfigKeys (ConfUtils.java:logGet(46)) - raft.server.log.statemachine.data.sync.timeout.retry = -1 (default)
2024-01-26 13:21:11,564 [om1-impl-thread1] INFO  server.RaftServerConfigKeys (ConfUtils.java:logGet(46)) - raft.server.log.write.buffer.size = 4194312 (custom)
2024-01-26 13:21:11,565 [om1-impl-thread1] INFO  server.RaftServerConfigKeys (ConfUtils.java:logGet(46)) - raft.server.log.appender.buffer.byte-limit = 4194304 (custom)
2024-01-26 13:21:11,565 [om1-impl-thread1] INFO  server.RaftServerConfigKeys (ConfUtils.java:logGet(46)) - raft.server.log.unsafe-flush.enabled = false (default)
2024-01-26 13:21:11,565 [om1-impl-thread1] INFO  server.RaftServerConfigKeys (ConfUtils.java:logGet(46)) - raft.server.log.async-flush.enabled = false (default)
2024-01-26 13:21:11,565 [om1-impl-thread1] INFO  server.RaftServerConfigKeys (ConfUtils.java:logGet(46)) - raft.server.log.statemachine.data.caching.enabled = false (default)
2024-01-26 13:21:11,565 [om1-impl-thread1] INFO  segmented.SegmentedRaftLogWorker (SegmentedRaftLogWorker.java:lambda$new$0(134)) - om1@group-C5BA1605619E-SegmentedRaftLogWorker: flushIndex: setUnconditionally 0 -> -1
2024-01-26 13:21:11,565 [om1-impl-thread1] INFO  segmented.SegmentedRaftLogWorker (SegmentedRaftLogWorker.java:lambda$new$0(134)) - om1@group-C5BA1605619E-SegmentedRaftLogWorker: safeCacheEvictIndex: setUnconditionally 0 -> -1
2024-01-26 13:21:11,565 [om1-impl-thread1] INFO  server.RaftServer$Division (RaftServerImpl.java:start(396)) - om1@group-C5BA1605619E: start as a follower, conf=-1: peers:[om1|localhost:15274]|listeners:[], old=null
2024-01-26 13:21:11,565 [om1-impl-thread1] INFO  server.RaftServer$Division (RaftServerImpl.java:setRole(383)) - om1@group-C5BA1605619E: changes role from      null to FOLLOWER at term 0 for startAsFollower
2024-01-26 13:21:11,565 [om1-impl-thread1] INFO  impl.RoleInfo (RoleInfo.java:updateAndGet(139)) - om1: start om1@group-C5BA1605619E-FollowerState
2024-01-26 13:21:11,565 [om1@group-C5BA1605619E-FollowerState] INFO  server.RaftServerConfigKeys (ConfUtils.java:logFallback(53)) - raft.server.rpc.first-election.timeout.min = 1s (fallback to raft.server.rpc.timeout.min)
2024-01-26 13:21:11,567 [om1-impl-thread1] INFO  util.JmxRegister (JmxRegister.java:tryRegister(44)) - Successfully registered JMX Bean with object name Ratis:service=RaftServer,group=group-C5BA1605619E,id=om1
2024-01-26 13:21:11,567 [om1@group-C5BA1605619E-FollowerState] INFO  server.RaftServerConfigKeys (ConfUtils.java:logFallback(53)) - raft.server.rpc.first-election.timeout.max = 1200ms (fallback to raft.server.rpc.timeout.max)
2024-01-26 13:21:11,567 [om1-impl-thread1] INFO  server.RaftServerConfigKeys (ConfUtils.java:logGet(46)) - raft.server.snapshot.trigger-when-stop.enabled = true (default)
2024-01-26 13:21:11,567 [om1-impl-thread1] INFO  server.RaftServerConfigKeys (ConfUtils.java:logGet(46)) - raft.server.snapshot.auto.trigger.enabled = true (custom)
2024-01-26 13:21:11,567 [om1-impl-thread1] INFO  server.RaftServerConfigKeys (ConfUtils.java:logGet(46)) - raft.server.snapshot.auto.trigger.threshold = 400000 (default)
2024-01-26 13:21:11,567 [om1-impl-thread1] INFO  server.RaftServerConfigKeys (ConfUtils.java:logGet(46)) - raft.server.snapshot.retention.file.num = -1 (default)
2024-01-26 13:21:11,567 [om1-impl-thread1] INFO  server.RaftServerConfigKeys (ConfUtils.java:logGet(46)) - raft.server.log.purge.upto.snapshot.index = true (custom)
2024-01-26 13:21:11,568 [main] INFO  server.RaftServer (RaftServerProxy.java:startImpl(406)) - om1: start RPC server
2024-01-26 13:21:11,568 [main] INFO  server.GrpcService (GrpcService.java:startImpl(302)) - om1: GrpcService started, listening on 15274
2024-01-26 13:21:11,569 [JvmPauseMonitor34] INFO  util.JvmPauseMonitor (JvmPauseMonitor.java:run(146)) - JvmPauseMonitor-om1: Started
2024-01-26 13:21:11,569 [main] INFO  om.OzoneManager (OzoneManager.java:start(1645)) - Version File has different layout version (6) than OM DB (null). That is expected if this OM has never been finalized to a newer layout version.
2024-01-26 13:21:11,574 [main] INFO  http.BaseHttpServer (BaseHttpServer.java:newHttpServer2BuilderForOzone(223)) - Starting Web-server for ozoneManager at: http://0.0.0.0:15272
2024-01-26 13:21:11,574 [main] INFO  http.BaseHttpServer (BaseHttpServer.java:<init>(110)) - Hadoop Security Enabled: false Ozone Security Enabled: false Ozone HTTP Security Enabled: false 
2024-01-26 13:21:11,575 [main] WARN  server.AuthenticationFilter (AuthenticationFilter.java:constructSecretProvider(240)) - Unable to initialize FileSignerSecretProvider, falling back to use random secrets. Reason: Could not read signature secret file: /home/runner/hadoop-http-auth-signature-secret
2024-01-26 13:21:11,576 [main] INFO  http.HttpRequestLog (HttpRequestLog.java:getRequestLog(86)) - Http request log for http.requests.ozoneManager is not defined
2024-01-26 13:21:11,577 [main] INFO  http.HttpServer2 (HttpServer2.java:addGlobalFilter(1036)) - Added global filter 'safety' (class=org.apache.hadoop.hdds.server.http.HttpServer2$QuotingInputFilter)
2024-01-26 13:21:11,578 [main] INFO  http.HttpServer2 (HttpServer2.java:addFilter(1012)) - Added filter static_user_filter (class=org.apache.hadoop.http.lib.StaticUserWebFilter$StaticUserFilter) to context ozoneManager
2024-01-26 13:21:11,578 [main] INFO  http.HttpServer2 (HttpServer2.java:addFilter(1020)) - Added filter static_user_filter (class=org.apache.hadoop.http.lib.StaticUserWebFilter$StaticUserFilter) to context static
2024-01-26 13:21:11,578 [main] INFO  http.HttpServer2 (HttpServer2.java:addFilter(1020)) - Added filter static_user_filter (class=org.apache.hadoop.http.lib.StaticUserWebFilter$StaticUserFilter) to context logs
2024-01-26 13:21:11,579 [main] INFO  http.BaseHttpServer (BaseHttpServer.java:<init>(189)) - HTTP server of ozoneManager uses base directory /home/runner/work/ozone/ozone/hadoop-ozone/integration-test/target/test-dir/MiniOzoneClusterImpl-953fd8c5-ac00-44c9-baab-0887e32ba883/ozone-meta/webserver
2024-01-26 13:21:11,579 [main] INFO  http.HttpServer2 (HttpServer2.java:bindListener(1236)) - Jetty bound to port 15272
2024-01-26 13:21:11,579 [main] INFO  server.Server (Server.java:doStart(375)) - jetty-9.4.53.v20231009; built: 2023-10-09T12:29:09.265Z; git: 27bde00a0b95a1d5bbee0eae7984f891d2d0f8c9; jvm 1.8.0_392-b08
2024-01-26 13:21:11,580 [main] INFO  server.session (DefaultSessionIdManager.java:doStart(334)) - DefaultSessionIdManager workerName=node0
2024-01-26 13:21:11,581 [main] INFO  server.session (DefaultSessionIdManager.java:doStart(339)) - No SessionScavenger set, using defaults
2024-01-26 13:21:11,581 [main] INFO  server.session (HouseKeeper.java:startScavenging(132)) - node0 Scavenging every 600000ms
2024-01-26 13:21:11,581 [main] INFO  handler.ContextHandler (ContextHandler.java:doStart(921)) - Started o.e.j.s.ServletContextHandler@16e27e19{logs,/logs,file:///home/runner/work/ozone/ozone/hadoop-ozone/integration-test/target/log,AVAILABLE}
2024-01-26 13:21:11,582 [main] INFO  handler.ContextHandler (ContextHandler.java:doStart(921)) - Started o.e.j.s.ServletContextHandler@223574d1{static,/static,file:///home/runner/work/ozone/ozone/hadoop-ozone/integration-test/target/test-classes/webapps/static,AVAILABLE}
2024-01-26 13:21:11,584 [main] INFO  handler.ContextHandler (ContextHandler.java:doStart(921)) - Started o.e.j.w.WebAppContext@14ced6a2{ozoneManager,/,file:///home/runner/work/ozone/ozone/hadoop-ozone/integration-test/target/test-classes/webapps/ozoneManager/,AVAILABLE}{file:/home/runner/work/ozone/ozone/hadoop-ozone/integration-test/target/test-classes/webapps/ozoneManager}
2024-01-26 13:21:11,586 [main] INFO  server.AbstractConnector (AbstractConnector.java:doStart(333)) - Started ServerConnector@3b2162ab{HTTP/1.1, (http/1.1)}{0.0.0.0:15272}
2024-01-26 13:21:11,586 [main] INFO  server.Server (Server.java:doStart(415)) - Started @108049ms
2024-01-26 13:21:11,586 [main] WARN  impl.MetricsSystemImpl (MetricsSystemImpl.java:register(279)) - Sink prometheus already exists!
2024-01-26 13:21:11,587 [main] INFO  http.BaseHttpServer (BaseHttpServer.java:updateConnectorAddress(354)) - HTTP server of ozoneManager listening at http://0.0.0.0:15272
2024-01-26 13:21:11,587 [IPC Server Responder] INFO  ipc.Server (Server.java:run(1562)) - IPC Server Responder: starting
2024-01-26 13:21:11,587 [IPC Server listener on 15271] INFO  ipc.Server (Server.java:run(1402)) - IPC Server listener on 15271: starting
2024-01-26 13:21:11,594 [main] INFO  om.OzoneManager (OzoneManager.java:startTrashEmptier(2094)) - Trash Interval set to 0. Files deleted won't move to trash
2024-01-26 13:21:11,609 [main] WARN  dropwizard3.Dm3MetricRegistriesImpl (Dm3MetricRegistriesImpl.java:addReporterRegistration(113)) - New reporters are added after registries were created. Some metrics will be missing from the reporter. Please add reporter before adding any new registry.
2024-01-26 13:21:11,610 [main] WARN  dropwizard3.Dm3MetricRegistriesImpl (Dm3MetricRegistriesImpl.java:addReporterRegistration(113)) - New reporters are added after registries were created. Some metrics will be missing from the reporter. Please add reporter before adding any new registry.
2024-01-26 13:21:11,610 [main] INFO  impl.MetricsSystemImpl (MetricsSystemImpl.java:init(158)) - HddsDatanode metrics system started (again)
2024-01-26 13:21:11,618 [main] INFO  ozone.HddsDatanodeService (HddsDatanodeService.java:start(239)) - HddsDatanodeService host:fv-az983-443.a2pef1dptxmevgtwlerx3iae4a.cx.internal.cloudapp.net ip:10.1.0.20
2024-01-26 13:21:11,638 [main] INFO  upgrade.AbstractLayoutVersionManager (AbstractLayoutVersionManager.java:init(83)) - Initializing Layout version manager with metadata layout = HADOOP_PRC_PORTS_IN_DATANODEDETAILS (version = 7), software layout = HADOOP_PRC_PORTS_IN_DATANODEDETAILS (version = 7)
2024-01-26 13:21:11,638 [main] INFO  statemachine.DatanodeStateMachine (DatanodeStateMachine.java:getEndPointTaskThreadPoolSize(299)) - Datanode State Machine Task Thread Pool size 2
2024-01-26 13:21:11,640 [main] INFO  volume.HddsVolume (HddsVolume.java:<init>(125)) - Creating HddsVolume: /home/runner/work/ozone/ozone/hadoop-ozone/integration-test/target/test-dir/MiniOzoneClusterImpl-953fd8c5-ac00-44c9-baab-0887e32ba883/datanode-0/data-0/containers/hdds of storage type : DISK capacity : 9223372036854775807
2024-01-26 13:21:11,640 [main] INFO  volume.MutableVolumeSet (MutableVolumeSet.java:initializeVolumeSet(173)) - Added Volume : /home/runner/work/ozone/ozone/hadoop-ozone/integration-test/target/test-dir/MiniOzoneClusterImpl-953fd8c5-ac00-44c9-baab-0887e32ba883/datanode-0/data-0/containers/hdds to VolumeSet
2024-01-26 13:21:11,640 [main] INFO  volume.MutableVolumeSet (MutableVolumeSet.java:initializeVolumeSet(173)) - Added Volume : /home/runner/work/ozone/ozone/hadoop-ozone/integration-test/target/test-dir/MiniOzoneClusterImpl-953fd8c5-ac00-44c9-baab-0887e32ba883/datanode-0/data/ratis to VolumeSet
2024-01-26 13:21:11,641 [main] INFO  ozoneimpl.OzoneContainer (HddsVolumeUtil.java:loadAllHddsVolumeDbStore(103)) - Load 1 volumes DbStore cost: 0ms
2024-01-26 13:21:11,641 [2d827dc5-08e9-453f-94d7-4114e25c345f-ContainerReader-0] INFO  ozoneimpl.ContainerReader (ContainerReader.java:readVolume(178)) - Finish verifying containers on volume /home/runner/work/ozone/ozone/hadoop-ozone/integration-test/target/test-dir/MiniOzoneClusterImpl-953fd8c5-ac00-44c9-baab-0887e32ba883/datanode-0/data-0/containers/hdds
2024-01-26 13:21:11,641 [main] INFO  ozoneimpl.OzoneContainer (OzoneContainer.java:buildContainerSet(328)) - Build ContainerSet costs 0s
2024-01-26 13:21:11,643 [main] INFO  server.RaftServer (ConfUtils.java:logGet(46)) - raft.rpc.type = GRPC (default)
2024-01-26 13:21:11,643 [main] INFO  grpc.GrpcConfigKeys (ConfUtils.java:logFallback(53)) - raft.grpc.admin.host = null (fallback to raft.grpc.server.host)
2024-01-26 13:21:11,643 [main] INFO  grpc.GrpcConfigKeys (ConfUtils.java:logGet(46)) - raft.grpc.admin.port = 15280 (custom)
2024-01-26 13:21:11,643 [main] INFO  grpc.GrpcConfigKeys (ConfUtils.java:logFallback(53)) - raft.grpc.client.host = null (fallback to raft.grpc.server.host)
2024-01-26 13:21:11,643 [main] INFO  grpc.GrpcConfigKeys (ConfUtils.java:logGet(46)) - raft.grpc.client.port = 15279 (custom)
2024-01-26 13:21:11,643 [main] INFO  grpc.GrpcConfigKeys (ConfUtils.java:logGet(46)) - raft.grpc.server.host = null (default)
2024-01-26 13:21:11,643 [main] INFO  grpc.GrpcConfigKeys (ConfUtils.java:logGet(46)) - raft.grpc.server.port = 15281 (custom)
2024-01-26 13:21:11,643 [main] INFO  server.GrpcService (ConfUtils.java:logGet(46)) - raft.grpc.message.size.max = 32MB (=33554432) (custom)
2024-01-26 13:21:11,644 [main] INFO  server.RaftServerConfigKeys (ConfUtils.java:logGet(46)) - raft.server.log.appender.buffer.byte-limit = 8388608 (custom)
2024-01-26 13:21:11,644 [main] INFO  server.GrpcService (ConfUtils.java:logGet(46)) - raft.grpc.flow.control.window = 5MB (=5242880) (custom)
2024-01-26 13:21:11,644 [main] INFO  server.RaftServerConfigKeys (ConfUtils.java:logGet(46)) - raft.server.rpc.request.timeout = 3000ms (default)
2024-01-26 13:21:11,644 [main] INFO  grpc.GrpcConfigKeys (ConfUtils.java:logGet(46)) - raft.grpc.server.heartbeat.channel = true (default)
2024-01-26 13:21:11,644 [main] INFO  grpc.GrpcConfigKeys (ConfUtils.java:logGet(46)) - raft.grpc.server.async.request.thread.pool.cached = true (default)
2024-01-26 13:21:11,644 [main] INFO  grpc.GrpcConfigKeys (ConfUtils.java:logGet(46)) - raft.grpc.server.async.request.thread.pool.size = 32 (default)
2024-01-26 13:21:11,646 [main] INFO  impl.DataStreamServerImpl (ConfUtils.java:logGet(46)) - raft.datastream.type = NETTY (custom)
2024-01-26 13:21:11,646 [main] INFO  server.RaftServerConfigKeys (ConfUtils.java:logGet(46)) - raft.server.data-stream.async.request.thread.pool.cached = false (default)
2024-01-26 13:21:11,646 [main] INFO  server.RaftServerConfigKeys (ConfUtils.java:logGet(46)) - raft.server.data-stream.async.request.thread.pool.size = 20 (custom)
2024-01-26 13:21:11,646 [main] INFO  server.RaftServerConfigKeys (ConfUtils.java:logGet(46)) - raft.server.data-stream.async.write.thread.pool.size = 16 (default)
2024-01-26 13:21:11,647 [main] INFO  netty.NettyConfigKeys$DataStream (ConfUtils.java:logGet(46)) - raft.netty.dataStream.server.channel.inactive.grace-period = 10min (default)
2024-01-26 13:21:11,647 [main] INFO  server.RaftServerConfigKeys (ConfUtils.java:logGet(46)) - raft.server.data-stream.client.pool.size = 10 (default)
2024-01-26 13:21:11,647 [main] INFO  netty.NettyConfigKeys$DataStream (ConfUtils.java:logGet(46)) - raft.netty.dataStream.server.use-epoll = true (default)
2024-01-26 13:21:11,647 [main] INFO  netty.NettyConfigKeys$DataStream (ConfUtils.java:logGet(46)) - raft.netty.dataStream.server.boss-group.size = 0 (default)
2024-01-26 13:21:11,647 [main] INFO  netty.NettyUtils (NettyUtils.java:newEventLoopGroup(69)) - Create EpollEventLoopGroup for 2d827dc5-08e9-453f-94d7-4114e25c345f-NettyServerStreamRpc-bossGroup; Thread size is 0.
2024-01-26 13:21:11,647 [main] INFO  netty.NettyConfigKeys$DataStream (ConfUtils.java:logGet(46)) - raft.netty.dataStream.server.worker-group.size = 0 (default)
2024-01-26 13:21:11,647 [main] INFO  netty.NettyUtils (NettyUtils.java:newEventLoopGroup(69)) - Create EpollEventLoopGroup for 2d827dc5-08e9-453f-94d7-4114e25c345f-NettyServerStreamRpc-workerGroup; Thread size is 0.
2024-01-26 13:21:11,648 [main] INFO  netty.NettyConfigKeys$DataStream (ConfUtils.java:logGet(46)) - raft.netty.dataStream.server.tls.conf = null (default)
2024-01-26 13:21:11,648 [main] INFO  netty.NettyConfigKeys$DataStream (ConfUtils.java:logGet(46)) - raft.netty.dataStream.host = null (default)
2024-01-26 13:21:11,648 [main] INFO  netty.NettyConfigKeys$DataStream (ConfUtils.java:logGet(46)) - raft.netty.dataStream.port = 15282 (custom)
2024-01-26 13:21:11,648 [main] INFO  server.RaftServerConfigKeys (ConfUtils.java:logGet(46)) - raft.server.sleep.deviation.threshold = 300ms (default)
2024-01-26 13:21:11,648 [2d827dc5-08e9-453f-94d7-4114e25c345f-NettyServerStreamRpc-bossGroup--thread1] INFO  logging.LoggingHandler (AbstractInternalLogger.java:log(148)) - [id: 0x997e2e13] REGISTERED
2024-01-26 13:21:11,648 [main] INFO  server.RaftServerConfigKeys (ConfUtils.java:logGet(46)) - raft.server.close.threshold = 60s (default)
2024-01-26 13:21:11,649 [main] INFO  server.RaftServerConfigKeys (ConfUtils.java:logGet(46)) - raft.server.leaderelection.leader.step-down.wait-time = 10s (default)
2024-01-26 13:21:11,648 [2d827dc5-08e9-453f-94d7-4114e25c345f-NettyServerStreamRpc-bossGroup--thread1] INFO  logging.LoggingHandler (AbstractInternalLogger.java:log(148)) - [id: 0x997e2e13] BIND: 0.0.0.0/0.0.0.0:15282
2024-01-26 13:21:11,649 [main] INFO  server.RaftServerConfigKeys (ConfUtils.java:logGet(46)) - raft.server.storage.dir = [/home/runner/work/ozone/ozone/hadoop-ozone/integration-test/target/test-dir/MiniOzoneClusterImpl-953fd8c5-ac00-44c9-baab-0887e32ba883/datanode-0/data/ratis] (custom)
2024-01-26 13:21:11,649 [2d827dc5-08e9-453f-94d7-4114e25c345f-NettyServerStreamRpc-bossGroup--thread1] INFO  logging.LoggingHandler (AbstractInternalLogger.java:log(148)) - [id: 0x997e2e13, L:/0.0.0.0:15282] ACTIVE
2024-01-26 13:21:11,649 [main] INFO  server.RaftServerConfigKeys (ConfUtils.java:logGet(46)) - raft.server.threadpool.proxy.cached = true (default)
2024-01-26 13:21:11,649 [main] INFO  server.RaftServerConfigKeys (ConfUtils.java:logGet(46)) - raft.server.threadpool.proxy.size = 0 (default)
2024-01-26 13:21:11,649 [2d827dc5-08e9-453f-94d7-4114e25c345f-impl-thread1] INFO  server.RaftServer (RaftServerProxy.java:initGroupDir(264)) - 2d827dc5-08e9-453f-94d7-4114e25c345f: found a subdirectory /home/runner/work/ozone/ozone/hadoop-ozone/integration-test/target/test-dir/MiniOzoneClusterImpl-953fd8c5-ac00-44c9-baab-0887e32ba883/datanode-0/data/ratis/tmp
2024-01-26 13:21:11,649 [2d827dc5-08e9-453f-94d7-4114e25c345f-impl-thread1] INFO  server.RaftServer (RaftServerProxy.java:initGroupDir(269)) - 2d827dc5-08e9-453f-94d7-4114e25c345f: The directory /home/runner/work/ozone/ozone/hadoop-ozone/integration-test/target/test-dir/MiniOzoneClusterImpl-953fd8c5-ac00-44c9-baab-0887e32ba883/datanode-0/data/ratis/tmp is not a group directory; ignoring it. 
2024-01-26 13:21:11,650 [main] INFO  replication.ReplicationServer (ReplicationServer.java:<init>(85)) - Initializing replication server with thread count = 10 queue length = 4096
2024-01-26 13:21:11,650 [main] INFO  server.XceiverServerGrpc (XceiverServerGrpc.java:<init>(141)) - GrpcServer channel type EpollServerSocketChannel
2024-01-26 13:21:11,651 [main] INFO  replication.ReplicationSupervisor (ReplicationSupervisor.java:build(163)) - Initializing replication supervisor with thread count = 10
2024-01-26 13:21:11,651 [main] INFO  replication.ReplicationSupervisor (ReplicationSupervisor.java:nodeStateUpdated(317)) - Node state updated to IN_SERVICE, scaling executor pool size to 10
2024-01-26 13:21:11,653 [main] INFO  http.BaseHttpServer (BaseHttpServer.java:newHttpServer2BuilderForOzone(223)) - Starting Web-server for hddsDatanode at: http://0.0.0.0:15276
2024-01-26 13:21:11,653 [main] INFO  http.BaseHttpServer (BaseHttpServer.java:<init>(110)) - Hadoop Security Enabled: false Ozone Security Enabled: false Ozone HTTP Security Enabled: false 
2024-01-26 13:21:11,654 [main] WARN  server.AuthenticationFilter (AuthenticationFilter.java:constructSecretProvider(240)) - Unable to initialize FileSignerSecretProvider, falling back to use random secrets. Reason: Could not read signature secret file: /home/runner/hadoop-http-auth-signature-secret
2024-01-26 13:21:11,654 [main] INFO  http.HttpRequestLog (HttpRequestLog.java:getRequestLog(86)) - Http request log for http.requests.hddsDatanode is not defined
2024-01-26 13:21:11,655 [main] INFO  http.HttpServer2 (HttpServer2.java:addGlobalFilter(1036)) - Added global filter 'safety' (class=org.apache.hadoop.hdds.server.http.HttpServer2$QuotingInputFilter)
2024-01-26 13:21:11,655 [main] INFO  http.HttpServer2 (HttpServer2.java:addFilter(1012)) - Added filter static_user_filter (class=org.apache.hadoop.http.lib.StaticUserWebFilter$StaticUserFilter) to context hddsDatanode
2024-01-26 13:21:11,655 [main] INFO  http.HttpServer2 (HttpServer2.java:addFilter(1020)) - Added filter static_user_filter (class=org.apache.hadoop.http.lib.StaticUserWebFilter$StaticUserFilter) to context logs
2024-01-26 13:21:11,655 [main] INFO  http.HttpServer2 (HttpServer2.java:addFilter(1020)) - Added filter static_user_filter (class=org.apache.hadoop.http.lib.StaticUserWebFilter$StaticUserFilter) to context static
2024-01-26 13:21:11,655 [main] INFO  http.BaseHttpServer (BaseHttpServer.java:<init>(189)) - HTTP server of hddsDatanode uses base directory /home/runner/work/ozone/ozone/hadoop-ozone/integration-test/target/test-dir/MiniOzoneClusterImpl-953fd8c5-ac00-44c9-baab-0887e32ba883/datanode-0/meta/webserver
2024-01-26 13:21:11,656 [main] INFO  http.HttpServer2 (HttpServer2.java:bindListener(1236)) - Jetty bound to port 15276
2024-01-26 13:21:11,656 [main] INFO  server.Server (Server.java:doStart(375)) - jetty-9.4.53.v20231009; built: 2023-10-09T12:29:09.265Z; git: 27bde00a0b95a1d5bbee0eae7984f891d2d0f8c9; jvm 1.8.0_392-b08
2024-01-26 13:21:11,657 [main] INFO  server.session (DefaultSessionIdManager.java:doStart(334)) - DefaultSessionIdManager workerName=node0
2024-01-26 13:21:11,657 [main] INFO  server.session (DefaultSessionIdManager.java:doStart(339)) - No SessionScavenger set, using defaults
2024-01-26 13:21:11,657 [main] INFO  server.session (HouseKeeper.java:startScavenging(132)) - node0 Scavenging every 600000ms
2024-01-26 13:21:11,658 [main] INFO  handler.ContextHandler (ContextHandler.java:doStart(921)) - Started o.e.j.s.ServletContextHandler@310450cd{logs,/logs,file:///home/runner/work/ozone/ozone/hadoop-ozone/integration-test/target/log,AVAILABLE}
2024-01-26 13:21:11,658 [main] INFO  handler.ContextHandler (ContextHandler.java:doStart(921)) - Started o.e.j.s.ServletContextHandler@f15218e{static,/static,jar:file:/home/runner/.m2/repository/org/apache/ozone/hdds-container-service/1.5.0-SNAPSHOT/hdds-container-service-1.5.0-SNAPSHOT.jar!/webapps/static,AVAILABLE}
2024-01-26 13:21:11,689 [main] INFO  handler.ContextHandler (ContextHandler.java:doStart(921)) - Started o.e.j.w.WebAppContext@d744127{hddsDatanode,/,file:///home/runner/work/ozone/ozone/hadoop-ozone/integration-test/target/test-dir/MiniOzoneClusterImpl-953fd8c5-ac00-44c9-baab-0887e32ba883/datanode-0/meta/webserver/jetty-0_0_0_0-15276-hdds-container-service-1_5_0-SNAPSHOT_jar-_-any-3984453824772438426/webapp/,AVAILABLE}{jar:file:/home/runner/.m2/repository/org/apache/ozone/hdds-container-service/1.5.0-SNAPSHOT/hdds-container-service-1.5.0-SNAPSHOT.jar!/webapps/hddsDatanode}
2024-01-26 13:21:11,691 [main] INFO  server.AbstractConnector (AbstractConnector.java:doStart(333)) - Started ServerConnector@50ad67bd{HTTP/1.1, (http/1.1)}{0.0.0.0:15276}
2024-01-26 13:21:11,691 [main] INFO  server.Server (Server.java:doStart(415)) - Started @108154ms
2024-01-26 13:21:11,692 [main] WARN  impl.MetricsSystemImpl (MetricsSystemImpl.java:register(279)) - Sink prometheus already exists!
2024-01-26 13:21:11,692 [main] INFO  http.BaseHttpServer (BaseHttpServer.java:updateConnectorAddress(354)) - HTTP server of hddsDatanode listening at http://0.0.0.0:15276
2024-01-26 13:21:11,692 [main] INFO  ipc.CallQueueManager (CallQueueManager.java:<init>(90)) - Using callQueue: class java.util.concurrent.LinkedBlockingQueue, queueCapacity: 100, scheduler: class org.apache.hadoop.ipc.DefaultRpcScheduler, ipcBackoff: false.
2024-01-26 13:21:11,693 [main] INFO  ipc.Server (Server.java:<init>(1287)) - Listener at 0.0.0.0:15277
2024-01-26 13:21:11,693 [Socket Reader #1 for port 15277] INFO  ipc.Server (Server.java:run(1323)) - Starting Socket Reader #1 for port 15277
2024-01-26 13:21:11,694 [main] INFO  ozone.HddsDatanodeService (HddsDatanodeService.java:start(324)) - Datanode start with admins: [runner]
2024-01-26 13:21:11,695 [main] INFO  ozone.HddsDatanodeClientProtocolServer (HddsDatanodeClientProtocolServer.java:start(72)) - RPC server for Client /0.0.0.0:15277
2024-01-26 13:21:11,696 [IPC Server Responder] INFO  ipc.Server (Server.java:run(1562)) - IPC Server Responder: starting
2024-01-26 13:21:11,696 [IPC Server listener on 15277] INFO  ipc.Server (Server.java:run(1402)) - IPC Server listener on 15277: starting
2024-01-26 13:21:11,700 [2d827dc5-08e9-453f-94d7-4114e25c345f-DatanodeStateMachineDaemonThread] INFO  statemachine.DatanodeStateMachine (DatanodeStateMachine.java:lambda$startDaemon$1(555)) - Ozone container server started.
2024-01-26 13:21:11,700 [main] WARN  dropwizard3.Dm3MetricRegistriesImpl (Dm3MetricRegistriesImpl.java:addReporterRegistration(113)) - New reporters are added after registries were created. Some metrics will be missing from the reporter. Please add reporter before adding any new registry.
2024-01-26 13:21:11,702 [main] WARN  dropwizard3.Dm3MetricRegistriesImpl (Dm3MetricRegistriesImpl.java:addReporterRegistration(113)) - New reporters are added after registries were created. Some metrics will be missing from the reporter. Please add reporter before adding any new registry.
2024-01-26 13:21:11,702 [main] INFO  impl.MetricsSystemImpl (MetricsSystemImpl.java:init(158)) - HddsDatanode metrics system started (again)
2024-01-26 13:21:11,706 [2d827dc5-08e9-453f-94d7-4114e25c345f-DatanodeStateMachineTaskThread-0] INFO  datanode.InitDatanodeState (InitDatanodeState.java:persistContainerDatanodeDetails(139)) - DatanodeDetails is persisted to /home/runner/work/ozone/ozone/hadoop-ozone/integration-test/target/test-dir/MiniOzoneClusterImpl-953fd8c5-ac00-44c9-baab-0887e32ba883/datanode-0/meta/datanode.id
2024-01-26 13:21:11,711 [main] INFO  ozone.HddsDatanodeService (HddsDatanodeService.java:start(239)) - HddsDatanodeService host:fv-az983-443.a2pef1dptxmevgtwlerx3iae4a.cx.internal.cloudapp.net ip:10.1.0.20
2024-01-26 13:21:11,728 [main] INFO  upgrade.AbstractLayoutVersionManager (AbstractLayoutVersionManager.java:init(83)) - Initializing Layout version manager with metadata layout = HADOOP_PRC_PORTS_IN_DATANODEDETAILS (version = 7), software layout = HADOOP_PRC_PORTS_IN_DATANODEDETAILS (version = 7)
2024-01-26 13:21:11,729 [main] INFO  statemachine.DatanodeStateMachine (DatanodeStateMachine.java:getEndPointTaskThreadPoolSize(299)) - Datanode State Machine Task Thread Pool size 2
2024-01-26 13:21:11,730 [main] INFO  volume.HddsVolume (HddsVolume.java:<init>(125)) - Creating HddsVolume: /home/runner/work/ozone/ozone/hadoop-ozone/integration-test/target/test-dir/MiniOzoneClusterImpl-953fd8c5-ac00-44c9-baab-0887e32ba883/datanode-1/data-0/containers/hdds of storage type : DISK capacity : 9223372036854775807
2024-01-26 13:21:11,730 [main] INFO  volume.MutableVolumeSet (MutableVolumeSet.java:initializeVolumeSet(173)) - Added Volume : /home/runner/work/ozone/ozone/hadoop-ozone/integration-test/target/test-dir/MiniOzoneClusterImpl-953fd8c5-ac00-44c9-baab-0887e32ba883/datanode-1/data-0/containers/hdds to VolumeSet
2024-01-26 13:21:11,731 [main] INFO  volume.MutableVolumeSet (MutableVolumeSet.java:initializeVolumeSet(173)) - Added Volume : /home/runner/work/ozone/ozone/hadoop-ozone/integration-test/target/test-dir/MiniOzoneClusterImpl-953fd8c5-ac00-44c9-baab-0887e32ba883/datanode-1/data/ratis to VolumeSet
2024-01-26 13:21:11,731 [main] INFO  ozoneimpl.OzoneContainer (HddsVolumeUtil.java:loadAllHddsVolumeDbStore(103)) - Load 1 volumes DbStore cost: 0ms
2024-01-26 13:21:11,733 [cb54f49b-2271-401a-a078-0b164c9907dd-ContainerReader-0] INFO  ozoneimpl.ContainerReader (ContainerReader.java:readVolume(178)) - Finish verifying containers on volume /home/runner/work/ozone/ozone/hadoop-ozone/integration-test/target/test-dir/MiniOzoneClusterImpl-953fd8c5-ac00-44c9-baab-0887e32ba883/datanode-1/data-0/containers/hdds
2024-01-26 13:21:11,733 [main] INFO  ozoneimpl.OzoneContainer (OzoneContainer.java:buildContainerSet(328)) - Build ContainerSet costs 0s
2024-01-26 13:21:11,734 [main] INFO  server.RaftServer (ConfUtils.java:logGet(46)) - raft.rpc.type = GRPC (default)
2024-01-26 13:21:11,734 [main] INFO  grpc.GrpcConfigKeys (ConfUtils.java:logFallback(53)) - raft.grpc.admin.host = null (fallback to raft.grpc.server.host)
2024-01-26 13:21:11,734 [main] INFO  grpc.GrpcConfigKeys (ConfUtils.java:logGet(46)) - raft.grpc.admin.port = 15289 (custom)
2024-01-26 13:21:11,734 [main] INFO  grpc.GrpcConfigKeys (ConfUtils.java:logFallback(53)) - raft.grpc.client.host = null (fallback to raft.grpc.server.host)
2024-01-26 13:21:11,735 [main] INFO  grpc.GrpcConfigKeys (ConfUtils.java:logGet(46)) - raft.grpc.client.port = 15288 (custom)
2024-01-26 13:21:11,735 [main] INFO  grpc.GrpcConfigKeys (ConfUtils.java:logGet(46)) - raft.grpc.server.host = null (default)
2024-01-26 13:21:11,735 [main] INFO  grpc.GrpcConfigKeys (ConfUtils.java:logGet(46)) - raft.grpc.server.port = 15290 (custom)
2024-01-26 13:21:11,735 [main] INFO  server.GrpcService (ConfUtils.java:logGet(46)) - raft.grpc.message.size.max = 32MB (=33554432) (custom)
2024-01-26 13:21:11,735 [main] INFO  server.RaftServerConfigKeys (ConfUtils.java:logGet(46)) - raft.server.log.appender.buffer.byte-limit = 8388608 (custom)
2024-01-26 13:21:11,735 [main] INFO  server.GrpcService (ConfUtils.java:logGet(46)) - raft.grpc.flow.control.window = 5MB (=5242880) (custom)
2024-01-26 13:21:11,735 [main] INFO  server.RaftServerConfigKeys (ConfUtils.java:logGet(46)) - raft.server.rpc.request.timeout = 3000ms (default)
2024-01-26 13:21:11,736 [main] INFO  grpc.GrpcConfigKeys (ConfUtils.java:logGet(46)) - raft.grpc.server.heartbeat.channel = true (default)
2024-01-26 13:21:11,736 [main] INFO  grpc.GrpcConfigKeys (ConfUtils.java:logGet(46)) - raft.grpc.server.async.request.thread.pool.cached = true (default)
2024-01-26 13:21:11,736 [main] INFO  grpc.GrpcConfigKeys (ConfUtils.java:logGet(46)) - raft.grpc.server.async.request.thread.pool.size = 32 (default)
2024-01-26 13:21:11,738 [main] INFO  impl.DataStreamServerImpl (ConfUtils.java:logGet(46)) - raft.datastream.type = NETTY (custom)
2024-01-26 13:21:11,738 [main] INFO  server.RaftServerConfigKeys (ConfUtils.java:logGet(46)) - raft.server.data-stream.async.request.thread.pool.cached = false (default)
2024-01-26 13:21:11,738 [main] INFO  server.RaftServerConfigKeys (ConfUtils.java:logGet(46)) - raft.server.data-stream.async.request.thread.pool.size = 20 (custom)
2024-01-26 13:21:11,738 [main] INFO  server.RaftServerConfigKeys (ConfUtils.java:logGet(46)) - raft.server.data-stream.async.write.thread.pool.size = 16 (default)
2024-01-26 13:21:11,738 [main] INFO  netty.NettyConfigKeys$DataStream (ConfUtils.java:logGet(46)) - raft.netty.dataStream.server.channel.inactive.grace-period = 10min (default)
2024-01-26 13:21:11,738 [main] INFO  server.RaftServerConfigKeys (ConfUtils.java:logGet(46)) - raft.server.data-stream.client.pool.size = 10 (default)
2024-01-26 13:21:11,738 [main] INFO  netty.NettyConfigKeys$DataStream (ConfUtils.java:logGet(46)) - raft.netty.dataStream.server.use-epoll = true (default)
2024-01-26 13:21:11,738 [main] INFO  netty.NettyConfigKeys$DataStream (ConfUtils.java:logGet(46)) - raft.netty.dataStream.server.boss-group.size = 0 (default)
2024-01-26 13:21:11,739 [main] INFO  netty.NettyUtils (NettyUtils.java:newEventLoopGroup(69)) - Create EpollEventLoopGroup for cb54f49b-2271-401a-a078-0b164c9907dd-NettyServerStreamRpc-bossGroup; Thread size is 0.
2024-01-26 13:21:11,739 [main] INFO  netty.NettyConfigKeys$DataStream (ConfUtils.java:logGet(46)) - raft.netty.dataStream.server.worker-group.size = 0 (default)
2024-01-26 13:21:11,739 [main] INFO  netty.NettyUtils (NettyUtils.java:newEventLoopGroup(69)) - Create EpollEventLoopGroup for cb54f49b-2271-401a-a078-0b164c9907dd-NettyServerStreamRpc-workerGroup; Thread size is 0.
2024-01-26 13:21:11,739 [main] INFO  netty.NettyConfigKeys$DataStream (ConfUtils.java:logGet(46)) - raft.netty.dataStream.server.tls.conf = null (default)
2024-01-26 13:21:11,739 [main] INFO  netty.NettyConfigKeys$DataStream (ConfUtils.java:logGet(46)) - raft.netty.dataStream.host = null (default)
2024-01-26 13:21:11,739 [main] INFO  netty.NettyConfigKeys$DataStream (ConfUtils.java:logGet(46)) - raft.netty.dataStream.port = 15291 (custom)
2024-01-26 13:21:11,740 [main] INFO  server.RaftServerConfigKeys (ConfUtils.java:logGet(46)) - raft.server.sleep.deviation.threshold = 300ms (default)
2024-01-26 13:21:11,740 [cb54f49b-2271-401a-a078-0b164c9907dd-NettyServerStreamRpc-bossGroup--thread1] INFO  logging.LoggingHandler (AbstractInternalLogger.java:log(148)) - [id: 0x500abefa] REGISTERED
2024-01-26 13:21:11,740 [main] INFO  server.RaftServerConfigKeys (ConfUtils.java:logGet(46)) - raft.server.close.threshold = 60s (default)
2024-01-26 13:21:11,740 [cb54f49b-2271-401a-a078-0b164c9907dd-NettyServerStreamRpc-bossGroup--thread1] INFO  logging.LoggingHandler (AbstractInternalLogger.java:log(148)) - [id: 0x500abefa] BIND: 0.0.0.0/0.0.0.0:15291
2024-01-26 13:21:11,740 [main] INFO  server.RaftServerConfigKeys (ConfUtils.java:logGet(46)) - raft.server.leaderelection.leader.step-down.wait-time = 10s (default)
2024-01-26 13:21:11,740 [cb54f49b-2271-401a-a078-0b164c9907dd-NettyServerStreamRpc-bossGroup--thread1] INFO  logging.LoggingHandler (AbstractInternalLogger.java:log(148)) - [id: 0x500abefa, L:/0.0.0.0:15291] ACTIVE
2024-01-26 13:21:11,740 [main] INFO  server.RaftServerConfigKeys (ConfUtils.java:logGet(46)) - raft.server.storage.dir = [/home/runner/work/ozone/ozone/hadoop-ozone/integration-test/target/test-dir/MiniOzoneClusterImpl-953fd8c5-ac00-44c9-baab-0887e32ba883/datanode-1/data/ratis] (custom)
2024-01-26 13:21:11,741 [main] INFO  server.RaftServerConfigKeys (ConfUtils.java:logGet(46)) - raft.server.threadpool.proxy.cached = true (default)
2024-01-26 13:21:11,741 [main] INFO  server.RaftServerConfigKeys (ConfUtils.java:logGet(46)) - raft.server.threadpool.proxy.size = 0 (default)
2024-01-26 13:21:11,741 [cb54f49b-2271-401a-a078-0b164c9907dd-impl-thread1] INFO  server.RaftServer (RaftServerProxy.java:initGroupDir(264)) - cb54f49b-2271-401a-a078-0b164c9907dd: found a subdirectory /home/runner/work/ozone/ozone/hadoop-ozone/integration-test/target/test-dir/MiniOzoneClusterImpl-953fd8c5-ac00-44c9-baab-0887e32ba883/datanode-1/data/ratis/tmp
2024-01-26 13:21:11,741 [cb54f49b-2271-401a-a078-0b164c9907dd-impl-thread1] INFO  server.RaftServer (RaftServerProxy.java:initGroupDir(269)) - cb54f49b-2271-401a-a078-0b164c9907dd: The directory /home/runner/work/ozone/ozone/hadoop-ozone/integration-test/target/test-dir/MiniOzoneClusterImpl-953fd8c5-ac00-44c9-baab-0887e32ba883/datanode-1/data/ratis/tmp is not a group directory; ignoring it. 
2024-01-26 13:21:11,741 [main] INFO  replication.ReplicationServer (ReplicationServer.java:<init>(85)) - Initializing replication server with thread count = 10 queue length = 4096
2024-01-26 13:21:11,742 [main] INFO  server.XceiverServerGrpc (XceiverServerGrpc.java:<init>(141)) - GrpcServer channel type EpollServerSocketChannel
2024-01-26 13:21:11,743 [main] INFO  replication.ReplicationSupervisor (ReplicationSupervisor.java:build(163)) - Initializing replication supervisor with thread count = 10
2024-01-26 13:21:11,743 [main] INFO  replication.ReplicationSupervisor (ReplicationSupervisor.java:nodeStateUpdated(317)) - Node state updated to IN_SERVICE, scaling executor pool size to 10
2024-01-26 13:21:11,744 [main] INFO  http.BaseHttpServer (BaseHttpServer.java:newHttpServer2BuilderForOzone(223)) - Starting Web-server for hddsDatanode at: http://0.0.0.0:15285
2024-01-26 13:21:11,744 [main] INFO  http.BaseHttpServer (BaseHttpServer.java:<init>(110)) - Hadoop Security Enabled: false Ozone Security Enabled: false Ozone HTTP Security Enabled: false 
2024-01-26 13:21:11,745 [main] WARN  server.AuthenticationFilter (AuthenticationFilter.java:constructSecretProvider(240)) - Unable to initialize FileSignerSecretProvider, falling back to use random secrets. Reason: Could not read signature secret file: /home/runner/hadoop-http-auth-signature-secret
2024-01-26 13:21:11,745 [main] INFO  http.HttpRequestLog (HttpRequestLog.java:getRequestLog(86)) - Http request log for http.requests.hddsDatanode is not defined
2024-01-26 13:21:11,746 [main] INFO  http.HttpServer2 (HttpServer2.java:addGlobalFilter(1036)) - Added global filter 'safety' (class=org.apache.hadoop.hdds.server.http.HttpServer2$QuotingInputFilter)
2024-01-26 13:21:11,747 [main] INFO  http.HttpServer2 (HttpServer2.java:addFilter(1012)) - Added filter static_user_filter (class=org.apache.hadoop.http.lib.StaticUserWebFilter$StaticUserFilter) to context hddsDatanode
2024-01-26 13:21:11,747 [main] INFO  http.HttpServer2 (HttpServer2.java:addFilter(1020)) - Added filter static_user_filter (class=org.apache.hadoop.http.lib.StaticUserWebFilter$StaticUserFilter) to context static
2024-01-26 13:21:11,747 [main] INFO  http.HttpServer2 (HttpServer2.java:addFilter(1020)) - Added filter static_user_filter (class=org.apache.hadoop.http.lib.StaticUserWebFilter$StaticUserFilter) to context logs
2024-01-26 13:21:11,747 [main] INFO  http.BaseHttpServer (BaseHttpServer.java:<init>(189)) - HTTP server of hddsDatanode uses base directory /home/runner/work/ozone/ozone/hadoop-ozone/integration-test/target/test-dir/MiniOzoneClusterImpl-953fd8c5-ac00-44c9-baab-0887e32ba883/datanode-1/meta/webserver
2024-01-26 13:21:11,748 [main] INFO  http.HttpServer2 (HttpServer2.java:bindListener(1236)) - Jetty bound to port 15285
2024-01-26 13:21:11,748 [main] INFO  server.Server (Server.java:doStart(375)) - jetty-9.4.53.v20231009; built: 2023-10-09T12:29:09.265Z; git: 27bde00a0b95a1d5bbee0eae7984f891d2d0f8c9; jvm 1.8.0_392-b08
2024-01-26 13:21:11,749 [main] INFO  server.session (DefaultSessionIdManager.java:doStart(334)) - DefaultSessionIdManager workerName=node0
2024-01-26 13:21:11,749 [main] INFO  server.session (DefaultSessionIdManager.java:doStart(339)) - No SessionScavenger set, using defaults
2024-01-26 13:21:11,749 [main] INFO  server.session (HouseKeeper.java:startScavenging(132)) - node0 Scavenging every 600000ms
2024-01-26 13:21:11,749 [main] INFO  handler.ContextHandler (ContextHandler.java:doStart(921)) - Started o.e.j.s.ServletContextHandler@126d6f18{logs,/logs,file:///home/runner/work/ozone/ozone/hadoop-ozone/integration-test/target/log,AVAILABLE}
2024-01-26 13:21:11,749 [main] INFO  handler.ContextHandler (ContextHandler.java:doStart(921)) - Started o.e.j.s.ServletContextHandler@415d089d{static,/static,jar:file:/home/runner/.m2/repository/org/apache/ozone/hdds-container-service/1.5.0-SNAPSHOT/hdds-container-service-1.5.0-SNAPSHOT.jar!/webapps/static,AVAILABLE}
2024-01-26 13:21:11,780 [main] INFO  handler.ContextHandler (ContextHandler.java:doStart(921)) - Started o.e.j.w.WebAppContext@1131112f{hddsDatanode,/,file:///home/runner/work/ozone/ozone/hadoop-ozone/integration-test/target/test-dir/MiniOzoneClusterImpl-953fd8c5-ac00-44c9-baab-0887e32ba883/datanode-1/meta/webserver/jetty-0_0_0_0-15285-hdds-container-service-1_5_0-SNAPSHOT_jar-_-any-3167167546804113950/webapp/,AVAILABLE}{jar:file:/home/runner/.m2/repository/org/apache/ozone/hdds-container-service/1.5.0-SNAPSHOT/hdds-container-service-1.5.0-SNAPSHOT.jar!/webapps/hddsDatanode}
2024-01-26 13:21:11,782 [main] INFO  server.AbstractConnector (AbstractConnector.java:doStart(333)) - Started ServerConnector@3286f6eb{HTTP/1.1, (http/1.1)}{0.0.0.0:15285}
2024-01-26 13:21:11,782 [main] INFO  server.Server (Server.java:doStart(415)) - Started @108245ms
2024-01-26 13:21:11,782 [main] WARN  impl.MetricsSystemImpl (MetricsSystemImpl.java:register(279)) - Sink prometheus already exists!
2024-01-26 13:21:11,783 [main] INFO  http.BaseHttpServer (BaseHttpServer.java:updateConnectorAddress(354)) - HTTP server of hddsDatanode listening at http://0.0.0.0:15285
2024-01-26 13:21:11,783 [main] INFO  ipc.CallQueueManager (CallQueueManager.java:<init>(90)) - Using callQueue: class java.util.concurrent.LinkedBlockingQueue, queueCapacity: 100, scheduler: class org.apache.hadoop.ipc.DefaultRpcScheduler, ipcBackoff: false.
2024-01-26 13:21:11,784 [main] INFO  ipc.Server (Server.java:<init>(1287)) - Listener at 0.0.0.0:15286
2024-01-26 13:21:11,784 [Socket Reader #1 for port 15286] INFO  ipc.Server (Server.java:run(1323)) - Starting Socket Reader #1 for port 15286
2024-01-26 13:21:11,789 [main] INFO  ozone.HddsDatanodeService (HddsDatanodeService.java:start(324)) - Datanode start with admins: [runner]
2024-01-26 13:21:11,789 [main] INFO  ozone.HddsDatanodeClientProtocolServer (HddsDatanodeClientProtocolServer.java:start(72)) - RPC server for Client /0.0.0.0:15286
2024-01-26 13:21:11,789 [IPC Server Responder] INFO  ipc.Server (Server.java:run(1562)) - IPC Server Responder: starting
2024-01-26 13:21:11,789 [IPC Server listener on 15286] INFO  ipc.Server (Server.java:run(1402)) - IPC Server listener on 15286: starting
2024-01-26 13:21:11,793 [cb54f49b-2271-401a-a078-0b164c9907dd-DatanodeStateMachineDaemonThread] INFO  statemachine.DatanodeStateMachine (DatanodeStateMachine.java:lambda$startDaemon$1(555)) - Ozone container server started.
2024-01-26 13:21:11,793 [main] WARN  dropwizard3.Dm3MetricRegistriesImpl (Dm3MetricRegistriesImpl.java:addReporterRegistration(113)) - New reporters are added after registries were created. Some metrics will be missing from the reporter. Please add reporter before adding any new registry.
2024-01-26 13:21:11,793 [main] WARN  dropwizard3.Dm3MetricRegistriesImpl (Dm3MetricRegistriesImpl.java:addReporterRegistration(113)) - New reporters are added after registries were created. Some metrics will be missing from the reporter. Please add reporter before adding any new registry.
2024-01-26 13:21:11,793 [main] INFO  impl.MetricsSystemImpl (MetricsSystemImpl.java:init(158)) - HddsDatanode metrics system started (again)
2024-01-26 13:21:11,797 [cb54f49b-2271-401a-a078-0b164c9907dd-DatanodeStateMachineTaskThread-0] INFO  datanode.InitDatanodeState (InitDatanodeState.java:persistContainerDatanodeDetails(139)) - DatanodeDetails is persisted to /home/runner/work/ozone/ozone/hadoop-ozone/integration-test/target/test-dir/MiniOzoneClusterImpl-953fd8c5-ac00-44c9-baab-0887e32ba883/datanode-1/meta/datanode.id
2024-01-26 13:21:11,804 [main] INFO  ozone.HddsDatanodeService (HddsDatanodeService.java:start(239)) - HddsDatanodeService host:fv-az983-443.a2pef1dptxmevgtwlerx3iae4a.cx.internal.cloudapp.net ip:10.1.0.20
2024-01-26 13:21:11,821 [main] INFO  upgrade.AbstractLayoutVersionManager (AbstractLayoutVersionManager.java:init(83)) - Initializing Layout version manager with metadata layout = HADOOP_PRC_PORTS_IN_DATANODEDETAILS (version = 7), software layout = HADOOP_PRC_PORTS_IN_DATANODEDETAILS (version = 7)
2024-01-26 13:21:11,822 [main] INFO  statemachine.DatanodeStateMachine (DatanodeStateMachine.java:getEndPointTaskThreadPoolSize(299)) - Datanode State Machine Task Thread Pool size 2
2024-01-26 13:21:11,823 [main] INFO  volume.HddsVolume (HddsVolume.java:<init>(125)) - Creating HddsVolume: /home/runner/work/ozone/ozone/hadoop-ozone/integration-test/target/test-dir/MiniOzoneClusterImpl-953fd8c5-ac00-44c9-baab-0887e32ba883/datanode-2/data-0/containers/hdds of storage type : DISK capacity : 9223372036854775807
2024-01-26 13:21:11,823 [main] INFO  volume.MutableVolumeSet (MutableVolumeSet.java:initializeVolumeSet(173)) - Added Volume : /home/runner/work/ozone/ozone/hadoop-ozone/integration-test/target/test-dir/MiniOzoneClusterImpl-953fd8c5-ac00-44c9-baab-0887e32ba883/datanode-2/data-0/containers/hdds to VolumeSet
2024-01-26 13:21:11,823 [main] INFO  volume.MutableVolumeSet (MutableVolumeSet.java:initializeVolumeSet(173)) - Added Volume : /home/runner/work/ozone/ozone/hadoop-ozone/integration-test/target/test-dir/MiniOzoneClusterImpl-953fd8c5-ac00-44c9-baab-0887e32ba883/datanode-2/data/ratis to VolumeSet
2024-01-26 13:21:11,824 [main] INFO  ozoneimpl.OzoneContainer (HddsVolumeUtil.java:loadAllHddsVolumeDbStore(103)) - Load 1 volumes DbStore cost: 1ms
2024-01-26 13:21:11,824 [a1acbc51-0491-4521-9956-72ea0a3fcfae-ContainerReader-0] INFO  ozoneimpl.ContainerReader (ContainerReader.java:readVolume(178)) - Finish verifying containers on volume /home/runner/work/ozone/ozone/hadoop-ozone/integration-test/target/test-dir/MiniOzoneClusterImpl-953fd8c5-ac00-44c9-baab-0887e32ba883/datanode-2/data-0/containers/hdds
2024-01-26 13:21:11,824 [main] INFO  ozoneimpl.OzoneContainer (OzoneContainer.java:buildContainerSet(328)) - Build ContainerSet costs 0s
2024-01-26 13:21:11,826 [main] INFO  server.RaftServer (ConfUtils.java:logGet(46)) - raft.rpc.type = GRPC (default)
2024-01-26 13:21:11,826 [main] INFO  grpc.GrpcConfigKeys (ConfUtils.java:logFallback(53)) - raft.grpc.admin.host = null (fallback to raft.grpc.server.host)
2024-01-26 13:21:11,826 [main] INFO  grpc.GrpcConfigKeys (ConfUtils.java:logGet(46)) - raft.grpc.admin.port = 15298 (custom)
2024-01-26 13:21:11,826 [main] INFO  grpc.GrpcConfigKeys (ConfUtils.java:logFallback(53)) - raft.grpc.client.host = null (fallback to raft.grpc.server.host)
2024-01-26 13:21:11,827 [main] INFO  grpc.GrpcConfigKeys (ConfUtils.java:logGet(46)) - raft.grpc.client.port = 15297 (custom)
2024-01-26 13:21:11,827 [main] INFO  grpc.GrpcConfigKeys (ConfUtils.java:logGet(46)) - raft.grpc.server.host = null (default)
2024-01-26 13:21:11,827 [main] INFO  grpc.GrpcConfigKeys (ConfUtils.java:logGet(46)) - raft.grpc.server.port = 15299 (custom)
2024-01-26 13:21:11,827 [main] INFO  server.GrpcService (ConfUtils.java:logGet(46)) - raft.grpc.message.size.max = 32MB (=33554432) (custom)
2024-01-26 13:21:11,827 [main] INFO  server.RaftServerConfigKeys (ConfUtils.java:logGet(46)) - raft.server.log.appender.buffer.byte-limit = 8388608 (custom)
2024-01-26 13:21:11,828 [main] INFO  server.GrpcService (ConfUtils.java:logGet(46)) - raft.grpc.flow.control.window = 5MB (=5242880) (custom)
2024-01-26 13:21:11,828 [main] INFO  server.RaftServerConfigKeys (ConfUtils.java:logGet(46)) - raft.server.rpc.request.timeout = 3000ms (default)
2024-01-26 13:21:11,828 [main] INFO  grpc.GrpcConfigKeys (ConfUtils.java:logGet(46)) - raft.grpc.server.heartbeat.channel = true (default)
2024-01-26 13:21:11,828 [main] INFO  grpc.GrpcConfigKeys (ConfUtils.java:logGet(46)) - raft.grpc.server.async.request.thread.pool.cached = true (default)
2024-01-26 13:21:11,828 [main] INFO  grpc.GrpcConfigKeys (ConfUtils.java:logGet(46)) - raft.grpc.server.async.request.thread.pool.size = 32 (default)
2024-01-26 13:21:11,831 [main] INFO  impl.DataStreamServerImpl (ConfUtils.java:logGet(46)) - raft.datastream.type = NETTY (custom)
2024-01-26 13:21:11,831 [main] INFO  server.RaftServerConfigKeys (ConfUtils.java:logGet(46)) - raft.server.data-stream.async.request.thread.pool.cached = false (default)
2024-01-26 13:21:11,831 [main] INFO  server.RaftServerConfigKeys (ConfUtils.java:logGet(46)) - raft.server.data-stream.async.request.thread.pool.size = 20 (custom)
2024-01-26 13:21:11,831 [main] INFO  server.RaftServerConfigKeys (ConfUtils.java:logGet(46)) - raft.server.data-stream.async.write.thread.pool.size = 16 (default)
2024-01-26 13:21:11,831 [main] INFO  netty.NettyConfigKeys$DataStream (ConfUtils.java:logGet(46)) - raft.netty.dataStream.server.channel.inactive.grace-period = 10min (default)
2024-01-26 13:21:11,831 [main] INFO  server.RaftServerConfigKeys (ConfUtils.java:logGet(46)) - raft.server.data-stream.client.pool.size = 10 (default)
2024-01-26 13:21:11,831 [main] INFO  netty.NettyConfigKeys$DataStream (ConfUtils.java:logGet(46)) - raft.netty.dataStream.server.use-epoll = true (default)
2024-01-26 13:21:11,831 [main] INFO  netty.NettyConfigKeys$DataStream (ConfUtils.java:logGet(46)) - raft.netty.dataStream.server.boss-group.size = 0 (default)
2024-01-26 13:21:11,832 [main] INFO  netty.NettyUtils (NettyUtils.java:newEventLoopGroup(69)) - Create EpollEventLoopGroup for a1acbc51-0491-4521-9956-72ea0a3fcfae-NettyServerStreamRpc-bossGroup; Thread size is 0.
2024-01-26 13:21:11,832 [main] INFO  netty.NettyConfigKeys$DataStream (ConfUtils.java:logGet(46)) - raft.netty.dataStream.server.worker-group.size = 0 (default)
2024-01-26 13:21:11,832 [main] INFO  netty.NettyUtils (NettyUtils.java:newEventLoopGroup(69)) - Create EpollEventLoopGroup for a1acbc51-0491-4521-9956-72ea0a3fcfae-NettyServerStreamRpc-workerGroup; Thread size is 0.
2024-01-26 13:21:11,832 [main] INFO  netty.NettyConfigKeys$DataStream (ConfUtils.java:logGet(46)) - raft.netty.dataStream.server.tls.conf = null (default)
2024-01-26 13:21:11,833 [main] INFO  netty.NettyConfigKeys$DataStream (ConfUtils.java:logGet(46)) - raft.netty.dataStream.host = null (default)
2024-01-26 13:21:11,833 [main] INFO  netty.NettyConfigKeys$DataStream (ConfUtils.java:logGet(46)) - raft.netty.dataStream.port = 15300 (custom)
2024-01-26 13:21:11,833 [main] INFO  server.RaftServerConfigKeys (ConfUtils.java:logGet(46)) - raft.server.sleep.deviation.threshold = 300ms (default)
2024-01-26 13:21:11,833 [main] INFO  server.RaftServerConfigKeys (ConfUtils.java:logGet(46)) - raft.server.close.threshold = 60s (default)
2024-01-26 13:21:11,833 [main] INFO  server.RaftServerConfigKeys (ConfUtils.java:logGet(46)) - raft.server.leaderelection.leader.step-down.wait-time = 10s (default)
2024-01-26 13:21:11,834 [main] INFO  server.RaftServerConfigKeys (ConfUtils.java:logGet(46)) - raft.server.storage.dir = [/home/runner/work/ozone/ozone/hadoop-ozone/integration-test/target/test-dir/MiniOzoneClusterImpl-953fd8c5-ac00-44c9-baab-0887e32ba883/datanode-2/data/ratis] (custom)
2024-01-26 13:21:11,834 [main] INFO  server.RaftServerConfigKeys (ConfUtils.java:logGet(46)) - raft.server.threadpool.proxy.cached = true (default)
2024-01-26 13:21:11,834 [main] INFO  server.RaftServerConfigKeys (ConfUtils.java:logGet(46)) - raft.server.threadpool.proxy.size = 0 (default)
2024-01-26 13:21:11,833 [a1acbc51-0491-4521-9956-72ea0a3fcfae-NettyServerStreamRpc-bossGroup--thread1] INFO  logging.LoggingHandler (AbstractInternalLogger.java:log(148)) - [id: 0x3bb92982] REGISTERED
2024-01-26 13:21:11,834 [a1acbc51-0491-4521-9956-72ea0a3fcfae-NettyServerStreamRpc-bossGroup--thread1] INFO  logging.LoggingHandler (AbstractInternalLogger.java:log(148)) - [id: 0x3bb92982] BIND: 0.0.0.0/0.0.0.0:15300
2024-01-26 13:21:11,835 [a1acbc51-0491-4521-9956-72ea0a3fcfae-NettyServerStreamRpc-bossGroup--thread1] INFO  logging.LoggingHandler (AbstractInternalLogger.java:log(148)) - [id: 0x3bb92982, L:/0.0.0.0:15300] ACTIVE
2024-01-26 13:21:11,835 [a1acbc51-0491-4521-9956-72ea0a3fcfae-impl-thread1] INFO  server.RaftServer (RaftServerProxy.java:initGroupDir(264)) - a1acbc51-0491-4521-9956-72ea0a3fcfae: found a subdirectory /home/runner/work/ozone/ozone/hadoop-ozone/integration-test/target/test-dir/MiniOzoneClusterImpl-953fd8c5-ac00-44c9-baab-0887e32ba883/datanode-2/data/ratis/tmp
2024-01-26 13:21:11,835 [a1acbc51-0491-4521-9956-72ea0a3fcfae-impl-thread1] INFO  server.RaftServer (RaftServerProxy.java:initGroupDir(269)) - a1acbc51-0491-4521-9956-72ea0a3fcfae: The directory /home/runner/work/ozone/ozone/hadoop-ozone/integration-test/target/test-dir/MiniOzoneClusterImpl-953fd8c5-ac00-44c9-baab-0887e32ba883/datanode-2/data/ratis/tmp is not a group directory; ignoring it. 
2024-01-26 13:21:11,835 [main] INFO  replication.ReplicationServer (ReplicationServer.java:<init>(85)) - Initializing replication server with thread count = 10 queue length = 4096
2024-01-26 13:21:11,836 [main] INFO  server.XceiverServerGrpc (XceiverServerGrpc.java:<init>(141)) - GrpcServer channel type EpollServerSocketChannel
2024-01-26 13:21:11,837 [main] INFO  replication.ReplicationSupervisor (ReplicationSupervisor.java:build(163)) - Initializing replication supervisor with thread count = 10
2024-01-26 13:21:11,838 [main] INFO  replication.ReplicationSupervisor (ReplicationSupervisor.java:nodeStateUpdated(317)) - Node state updated to IN_SERVICE, scaling executor pool size to 10
2024-01-26 13:21:11,841 [main] INFO  http.BaseHttpServer (BaseHttpServer.java:newHttpServer2BuilderForOzone(223)) - Starting Web-server for hddsDatanode at: http://0.0.0.0:15294
2024-01-26 13:21:11,841 [main] INFO  http.BaseHttpServer (BaseHttpServer.java:<init>(110)) - Hadoop Security Enabled: false Ozone Security Enabled: false Ozone HTTP Security Enabled: false 
2024-01-26 13:21:11,842 [main] WARN  server.AuthenticationFilter (AuthenticationFilter.java:constructSecretProvider(240)) - Unable to initialize FileSignerSecretProvider, falling back to use random secrets. Reason: Could not read signature secret file: /home/runner/hadoop-http-auth-signature-secret
2024-01-26 13:21:11,842 [main] INFO  http.HttpRequestLog (HttpRequestLog.java:getRequestLog(86)) - Http request log for http.requests.hddsDatanode is not defined
2024-01-26 13:21:11,843 [main] INFO  http.HttpServer2 (HttpServer2.java:addGlobalFilter(1036)) - Added global filter 'safety' (class=org.apache.hadoop.hdds.server.http.HttpServer2$QuotingInputFilter)
2024-01-26 13:21:11,843 [main] INFO  http.HttpServer2 (HttpServer2.java:addFilter(1012)) - Added filter static_user_filter (class=org.apache.hadoop.http.lib.StaticUserWebFilter$StaticUserFilter) to context hddsDatanode
2024-01-26 13:21:11,844 [main] INFO  http.HttpServer2 (HttpServer2.java:addFilter(1020)) - Added filter static_user_filter (class=org.apache.hadoop.http.lib.StaticUserWebFilter$StaticUserFilter) to context static
2024-01-26 13:21:11,844 [main] INFO  http.HttpServer2 (HttpServer2.java:addFilter(1020)) - Added filter static_user_filter (class=org.apache.hadoop.http.lib.StaticUserWebFilter$StaticUserFilter) to context logs
2024-01-26 13:21:11,844 [main] INFO  http.BaseHttpServer (BaseHttpServer.java:<init>(189)) - HTTP server of hddsDatanode uses base directory /home/runner/work/ozone/ozone/hadoop-ozone/integration-test/target/test-dir/MiniOzoneClusterImpl-953fd8c5-ac00-44c9-baab-0887e32ba883/datanode-2/meta/webserver
2024-01-26 13:21:11,844 [main] INFO  http.HttpServer2 (HttpServer2.java:bindListener(1236)) - Jetty bound to port 15294
2024-01-26 13:21:11,844 [main] INFO  server.Server (Server.java:doStart(375)) - jetty-9.4.53.v20231009; built: 2023-10-09T12:29:09.265Z; git: 27bde00a0b95a1d5bbee0eae7984f891d2d0f8c9; jvm 1.8.0_392-b08
2024-01-26 13:21:11,845 [main] INFO  server.session (DefaultSessionIdManager.java:doStart(334)) - DefaultSessionIdManager workerName=node0
2024-01-26 13:21:11,845 [main] INFO  server.session (DefaultSessionIdManager.java:doStart(339)) - No SessionScavenger set, using defaults
2024-01-26 13:21:11,846 [main] INFO  server.session (HouseKeeper.java:startScavenging(132)) - node0 Scavenging every 660000ms
2024-01-26 13:21:11,846 [main] INFO  handler.ContextHandler (ContextHandler.java:doStart(921)) - Started o.e.j.s.ServletContextHandler@4e74a978{logs,/logs,file:///home/runner/work/ozone/ozone/hadoop-ozone/integration-test/target/log,AVAILABLE}
2024-01-26 13:21:11,846 [main] INFO  handler.ContextHandler (ContextHandler.java:doStart(921)) - Started o.e.j.s.ServletContextHandler@4e8d3f0b{static,/static,jar:file:/home/runner/.m2/repository/org/apache/ozone/hdds-container-service/1.5.0-SNAPSHOT/hdds-container-service-1.5.0-SNAPSHOT.jar!/webapps/static,AVAILABLE}
2024-01-26 13:21:11,878 [main] INFO  handler.ContextHandler (ContextHandler.java:doStart(921)) - Started o.e.j.w.WebAppContext@1dad2f1e{hddsDatanode,/,file:///home/runner/work/ozone/ozone/hadoop-ozone/integration-test/target/test-dir/MiniOzoneClusterImpl-953fd8c5-ac00-44c9-baab-0887e32ba883/datanode-2/meta/webserver/jetty-0_0_0_0-15294-hdds-container-service-1_5_0-SNAPSHOT_jar-_-any-4310287088609342046/webapp/,AVAILABLE}{jar:file:/home/runner/.m2/repository/org/apache/ozone/hdds-container-service/1.5.0-SNAPSHOT/hdds-container-service-1.5.0-SNAPSHOT.jar!/webapps/hddsDatanode}
2024-01-26 13:21:11,879 [main] INFO  server.AbstractConnector (AbstractConnector.java:doStart(333)) - Started ServerConnector@21eb6a00{HTTP/1.1, (http/1.1)}{0.0.0.0:15294}
2024-01-26 13:21:11,880 [main] INFO  server.Server (Server.java:doStart(415)) - Started @108342ms
2024-01-26 13:21:11,880 [main] WARN  impl.MetricsSystemImpl (MetricsSystemImpl.java:register(279)) - Sink prometheus already exists!
2024-01-26 13:21:11,880 [main] INFO  http.BaseHttpServer (BaseHttpServer.java:updateConnectorAddress(354)) - HTTP server of hddsDatanode listening at http://0.0.0.0:15294
2024-01-26 13:21:11,881 [main] INFO  ipc.CallQueueManager (CallQueueManager.java:<init>(90)) - Using callQueue: class java.util.concurrent.LinkedBlockingQueue, queueCapacity: 100, scheduler: class org.apache.hadoop.ipc.DefaultRpcScheduler, ipcBackoff: false.
2024-01-26 13:21:11,881 [main] INFO  ipc.Server (Server.java:<init>(1287)) - Listener at 0.0.0.0:15295
2024-01-26 13:21:11,881 [Socket Reader #1 for port 15295] INFO  ipc.Server (Server.java:run(1323)) - Starting Socket Reader #1 for port 15295
2024-01-26 13:21:11,885 [main] INFO  ozone.HddsDatanodeService (HddsDatanodeService.java:start(324)) - Datanode start with admins: [runner]
2024-01-26 13:21:11,886 [main] INFO  ozone.HddsDatanodeClientProtocolServer (HddsDatanodeClientProtocolServer.java:start(72)) - RPC server for Client /0.0.0.0:15295
2024-01-26 13:21:11,886 [IPC Server Responder] INFO  ipc.Server (Server.java:run(1562)) - IPC Server Responder: starting
2024-01-26 13:21:11,886 [IPC Server listener on 15295] INFO  ipc.Server (Server.java:run(1402)) - IPC Server listener on 15295: starting
2024-01-26 13:21:11,889 [a1acbc51-0491-4521-9956-72ea0a3fcfae-DatanodeStateMachineDaemonThread] INFO  statemachine.DatanodeStateMachine (DatanodeStateMachine.java:lambda$startDaemon$1(555)) - Ozone container server started.
2024-01-26 13:21:11,889 [main] WARN  dropwizard3.Dm3MetricRegistriesImpl (Dm3MetricRegistriesImpl.java:addReporterRegistration(113)) - New reporters are added after registries were created. Some metrics will be missing from the reporter. Please add reporter before adding any new registry.
2024-01-26 13:21:11,889 [main] WARN  dropwizard3.Dm3MetricRegistriesImpl (Dm3MetricRegistriesImpl.java:addReporterRegistration(113)) - New reporters are added after registries were created. Some metrics will be missing from the reporter. Please add reporter before adding any new registry.
2024-01-26 13:21:11,890 [main] INFO  impl.MetricsSystemImpl (MetricsSystemImpl.java:init(158)) - HddsDatanode metrics system started (again)
2024-01-26 13:21:11,898 [main] INFO  ozone.HddsDatanodeService (HddsDatanodeService.java:start(239)) - HddsDatanodeService host:fv-az983-443.a2pef1dptxmevgtwlerx3iae4a.cx.internal.cloudapp.net ip:10.1.0.20
2024-01-26 13:21:11,902 [a1acbc51-0491-4521-9956-72ea0a3fcfae-DatanodeStateMachineTaskThread-0] INFO  datanode.InitDatanodeState (InitDatanodeState.java:persistContainerDatanodeDetails(139)) - DatanodeDetails is persisted to /home/runner/work/ozone/ozone/hadoop-ozone/integration-test/target/test-dir/MiniOzoneClusterImpl-953fd8c5-ac00-44c9-baab-0887e32ba883/datanode-2/meta/datanode.id
2024-01-26 13:21:11,919 [main] INFO  upgrade.AbstractLayoutVersionManager (AbstractLayoutVersionManager.java:init(83)) - Initializing Layout version manager with metadata layout = HADOOP_PRC_PORTS_IN_DATANODEDETAILS (version = 7), software layout = HADOOP_PRC_PORTS_IN_DATANODEDETAILS (version = 7)
2024-01-26 13:21:11,920 [main] INFO  statemachine.DatanodeStateMachine (DatanodeStateMachine.java:getEndPointTaskThreadPoolSize(299)) - Datanode State Machine Task Thread Pool size 2
2024-01-26 13:21:11,921 [main] INFO  volume.HddsVolume (HddsVolume.java:<init>(125)) - Creating HddsVolume: /home/runner/work/ozone/ozone/hadoop-ozone/integration-test/target/test-dir/MiniOzoneClusterImpl-953fd8c5-ac00-44c9-baab-0887e32ba883/datanode-3/data-0/containers/hdds of storage type : DISK capacity : 9223372036854775807
2024-01-26 13:21:11,921 [main] INFO  volume.MutableVolumeSet (MutableVolumeSet.java:initializeVolumeSet(173)) - Added Volume : /home/runner/work/ozone/ozone/hadoop-ozone/integration-test/target/test-dir/MiniOzoneClusterImpl-953fd8c5-ac00-44c9-baab-0887e32ba883/datanode-3/data-0/containers/hdds to VolumeSet
2024-01-26 13:21:11,922 [main] INFO  volume.MutableVolumeSet (MutableVolumeSet.java:initializeVolumeSet(173)) - Added Volume : /home/runner/work/ozone/ozone/hadoop-ozone/integration-test/target/test-dir/MiniOzoneClusterImpl-953fd8c5-ac00-44c9-baab-0887e32ba883/datanode-3/data/ratis to VolumeSet
2024-01-26 13:21:11,922 [main] INFO  ozoneimpl.OzoneContainer (HddsVolumeUtil.java:loadAllHddsVolumeDbStore(103)) - Load 1 volumes DbStore cost: 0ms
2024-01-26 13:21:11,922 [061c5e1a-1095-4fef-ae35-bb2f1955fa47-ContainerReader-0] INFO  ozoneimpl.ContainerReader (ContainerReader.java:readVolume(178)) - Finish verifying containers on volume /home/runner/work/ozone/ozone/hadoop-ozone/integration-test/target/test-dir/MiniOzoneClusterImpl-953fd8c5-ac00-44c9-baab-0887e32ba883/datanode-3/data-0/containers/hdds
2024-01-26 13:21:11,922 [main] INFO  ozoneimpl.OzoneContainer (OzoneContainer.java:buildContainerSet(328)) - Build ContainerSet costs 0s
2024-01-26 13:21:11,924 [main] INFO  server.RaftServer (ConfUtils.java:logGet(46)) - raft.rpc.type = GRPC (default)
2024-01-26 13:21:11,924 [main] INFO  grpc.GrpcConfigKeys (ConfUtils.java:logFallback(53)) - raft.grpc.admin.host = null (fallback to raft.grpc.server.host)
2024-01-26 13:21:11,924 [main] INFO  grpc.GrpcConfigKeys (ConfUtils.java:logGet(46)) - raft.grpc.admin.port = 15307 (custom)
2024-01-26 13:21:11,924 [main] INFO  grpc.GrpcConfigKeys (ConfUtils.java:logFallback(53)) - raft.grpc.client.host = null (fallback to raft.grpc.server.host)
2024-01-26 13:21:11,925 [main] INFO  grpc.GrpcConfigKeys (ConfUtils.java:logGet(46)) - raft.grpc.client.port = 15306 (custom)
2024-01-26 13:21:11,925 [main] INFO  grpc.GrpcConfigKeys (ConfUtils.java:logGet(46)) - raft.grpc.server.host = null (default)
2024-01-26 13:21:11,925 [main] INFO  grpc.GrpcConfigKeys (ConfUtils.java:logGet(46)) - raft.grpc.server.port = 15308 (custom)
2024-01-26 13:21:11,925 [main] INFO  server.GrpcService (ConfUtils.java:logGet(46)) - raft.grpc.message.size.max = 32MB (=33554432) (custom)
2024-01-26 13:21:11,925 [main] INFO  server.RaftServerConfigKeys (ConfUtils.java:logGet(46)) - raft.server.log.appender.buffer.byte-limit = 8388608 (custom)
2024-01-26 13:21:11,926 [main] INFO  server.GrpcService (ConfUtils.java:logGet(46)) - raft.grpc.flow.control.window = 5MB (=5242880) (custom)
2024-01-26 13:21:11,926 [main] INFO  server.RaftServerConfigKeys (ConfUtils.java:logGet(46)) - raft.server.rpc.request.timeout = 3000ms (default)
2024-01-26 13:21:11,926 [main] INFO  grpc.GrpcConfigKeys (ConfUtils.java:logGet(46)) - raft.grpc.server.heartbeat.channel = true (default)
2024-01-26 13:21:11,926 [main] INFO  grpc.GrpcConfigKeys (ConfUtils.java:logGet(46)) - raft.grpc.server.async.request.thread.pool.cached = true (default)
2024-01-26 13:21:11,926 [main] INFO  grpc.GrpcConfigKeys (ConfUtils.java:logGet(46)) - raft.grpc.server.async.request.thread.pool.size = 32 (default)
2024-01-26 13:21:11,928 [main] INFO  impl.DataStreamServerImpl (ConfUtils.java:logGet(46)) - raft.datastream.type = NETTY (custom)
2024-01-26 13:21:11,929 [main] INFO  server.RaftServerConfigKeys (ConfUtils.java:logGet(46)) - raft.server.data-stream.async.request.thread.pool.cached = false (default)
2024-01-26 13:21:11,929 [main] INFO  server.RaftServerConfigKeys (ConfUtils.java:logGet(46)) - raft.server.data-stream.async.request.thread.pool.size = 20 (custom)
2024-01-26 13:21:11,929 [main] INFO  server.RaftServerConfigKeys (ConfUtils.java:logGet(46)) - raft.server.data-stream.async.write.thread.pool.size = 16 (default)
2024-01-26 13:21:11,929 [main] INFO  netty.NettyConfigKeys$DataStream (ConfUtils.java:logGet(46)) - raft.netty.dataStream.server.channel.inactive.grace-period = 10min (default)
2024-01-26 13:21:11,929 [main] INFO  server.RaftServerConfigKeys (ConfUtils.java:logGet(46)) - raft.server.data-stream.client.pool.size = 10 (default)
2024-01-26 13:21:11,930 [main] INFO  netty.NettyConfigKeys$DataStream (ConfUtils.java:logGet(46)) - raft.netty.dataStream.server.use-epoll = true (default)
2024-01-26 13:21:11,930 [main] INFO  netty.NettyConfigKeys$DataStream (ConfUtils.java:logGet(46)) - raft.netty.dataStream.server.boss-group.size = 0 (default)
2024-01-26 13:21:11,930 [main] INFO  netty.NettyUtils (NettyUtils.java:newEventLoopGroup(69)) - Create EpollEventLoopGroup for 061c5e1a-1095-4fef-ae35-bb2f1955fa47-NettyServerStreamRpc-bossGroup; Thread size is 0.
2024-01-26 13:21:11,930 [main] INFO  netty.NettyConfigKeys$DataStream (ConfUtils.java:logGet(46)) - raft.netty.dataStream.server.worker-group.size = 0 (default)
2024-01-26 13:21:11,931 [main] INFO  netty.NettyUtils (NettyUtils.java:newEventLoopGroup(69)) - Create EpollEventLoopGroup for 061c5e1a-1095-4fef-ae35-bb2f1955fa47-NettyServerStreamRpc-workerGroup; Thread size is 0.
2024-01-26 13:21:11,931 [main] INFO  netty.NettyConfigKeys$DataStream (ConfUtils.java:logGet(46)) - raft.netty.dataStream.server.tls.conf = null (default)
2024-01-26 13:21:11,931 [main] INFO  netty.NettyConfigKeys$DataStream (ConfUtils.java:logGet(46)) - raft.netty.dataStream.host = null (default)
2024-01-26 13:21:11,931 [main] INFO  netty.NettyConfigKeys$DataStream (ConfUtils.java:logGet(46)) - raft.netty.dataStream.port = 15309 (custom)
2024-01-26 13:21:11,932 [main] INFO  server.RaftServerConfigKeys (ConfUtils.java:logGet(46)) - raft.server.sleep.deviation.threshold = 300ms (default)
2024-01-26 13:21:11,932 [main] INFO  server.RaftServerConfigKeys (ConfUtils.java:logGet(46)) - raft.server.close.threshold = 60s (default)
2024-01-26 13:21:11,932 [061c5e1a-1095-4fef-ae35-bb2f1955fa47-NettyServerStreamRpc-bossGroup--thread1] INFO  logging.LoggingHandler (AbstractInternalLogger.java:log(148)) - [id: 0x97a9278c] REGISTERED
2024-01-26 13:21:11,932 [main] INFO  server.RaftServerConfigKeys (ConfUtils.java:logGet(46)) - raft.server.leaderelection.leader.step-down.wait-time = 10s (default)
2024-01-26 13:21:11,932 [061c5e1a-1095-4fef-ae35-bb2f1955fa47-NettyServerStreamRpc-bossGroup--thread1] INFO  logging.LoggingHandler (AbstractInternalLogger.java:log(148)) - [id: 0x97a9278c] BIND: 0.0.0.0/0.0.0.0:15309
2024-01-26 13:21:11,932 [main] INFO  server.RaftServerConfigKeys (ConfUtils.java:logGet(46)) - raft.server.storage.dir = [/home/runner/work/ozone/ozone/hadoop-ozone/integration-test/target/test-dir/MiniOzoneClusterImpl-953fd8c5-ac00-44c9-baab-0887e32ba883/datanode-3/data/ratis] (custom)
2024-01-26 13:21:11,932 [061c5e1a-1095-4fef-ae35-bb2f1955fa47-NettyServerStreamRpc-bossGroup--thread1] INFO  logging.LoggingHandler (AbstractInternalLogger.java:log(148)) - [id: 0x97a9278c, L:/0.0.0.0:15309] ACTIVE
2024-01-26 13:21:11,932 [main] INFO  server.RaftServerConfigKeys (ConfUtils.java:logGet(46)) - raft.server.threadpool.proxy.cached = true (default)
2024-01-26 13:21:11,933 [main] INFO  server.RaftServerConfigKeys (ConfUtils.java:logGet(46)) - raft.server.threadpool.proxy.size = 0 (default)
2024-01-26 13:21:11,933 [061c5e1a-1095-4fef-ae35-bb2f1955fa47-impl-thread1] INFO  server.RaftServer (RaftServerProxy.java:initGroupDir(264)) - 061c5e1a-1095-4fef-ae35-bb2f1955fa47: found a subdirectory /home/runner/work/ozone/ozone/hadoop-ozone/integration-test/target/test-dir/MiniOzoneClusterImpl-953fd8c5-ac00-44c9-baab-0887e32ba883/datanode-3/data/ratis/tmp
2024-01-26 13:21:11,933 [061c5e1a-1095-4fef-ae35-bb2f1955fa47-impl-thread1] INFO  server.RaftServer (RaftServerProxy.java:initGroupDir(269)) - 061c5e1a-1095-4fef-ae35-bb2f1955fa47: The directory /home/runner/work/ozone/ozone/hadoop-ozone/integration-test/target/test-dir/MiniOzoneClusterImpl-953fd8c5-ac00-44c9-baab-0887e32ba883/datanode-3/data/ratis/tmp is not a group directory; ignoring it. 
2024-01-26 13:21:11,933 [main] INFO  replication.ReplicationServer (ReplicationServer.java:<init>(85)) - Initializing replication server with thread count = 10 queue length = 4096
2024-01-26 13:21:11,934 [main] INFO  server.XceiverServerGrpc (XceiverServerGrpc.java:<init>(141)) - GrpcServer channel type EpollServerSocketChannel
2024-01-26 13:21:11,935 [main] INFO  replication.ReplicationSupervisor (ReplicationSupervisor.java:build(163)) - Initializing replication supervisor with thread count = 10
2024-01-26 13:21:11,935 [main] INFO  replication.ReplicationSupervisor (ReplicationSupervisor.java:nodeStateUpdated(317)) - Node state updated to IN_SERVICE, scaling executor pool size to 10
2024-01-26 13:21:11,936 [main] INFO  http.BaseHttpServer (BaseHttpServer.java:newHttpServer2BuilderForOzone(223)) - Starting Web-server for hddsDatanode at: http://0.0.0.0:15303
2024-01-26 13:21:11,936 [main] INFO  http.BaseHttpServer (BaseHttpServer.java:<init>(110)) - Hadoop Security Enabled: false Ozone Security Enabled: false Ozone HTTP Security Enabled: false 
2024-01-26 13:21:11,937 [main] WARN  server.AuthenticationFilter (AuthenticationFilter.java:constructSecretProvider(240)) - Unable to initialize FileSignerSecretProvider, falling back to use random secrets. Reason: Could not read signature secret file: /home/runner/hadoop-http-auth-signature-secret
2024-01-26 13:21:11,938 [main] INFO  http.HttpRequestLog (HttpRequestLog.java:getRequestLog(86)) - Http request log for http.requests.hddsDatanode is not defined
2024-01-26 13:21:11,938 [main] INFO  http.HttpServer2 (HttpServer2.java:addGlobalFilter(1036)) - Added global filter 'safety' (class=org.apache.hadoop.hdds.server.http.HttpServer2$QuotingInputFilter)
2024-01-26 13:21:11,939 [main] INFO  http.HttpServer2 (HttpServer2.java:addFilter(1012)) - Added filter static_user_filter (class=org.apache.hadoop.http.lib.StaticUserWebFilter$StaticUserFilter) to context hddsDatanode
2024-01-26 13:21:11,939 [main] INFO  http.HttpServer2 (HttpServer2.java:addFilter(1020)) - Added filter static_user_filter (class=org.apache.hadoop.http.lib.StaticUserWebFilter$StaticUserFilter) to context static
2024-01-26 13:21:11,939 [main] INFO  http.HttpServer2 (HttpServer2.java:addFilter(1020)) - Added filter static_user_filter (class=org.apache.hadoop.http.lib.StaticUserWebFilter$StaticUserFilter) to context logs
2024-01-26 13:21:11,939 [main] INFO  http.BaseHttpServer (BaseHttpServer.java:<init>(189)) - HTTP server of hddsDatanode uses base directory /home/runner/work/ozone/ozone/hadoop-ozone/integration-test/target/test-dir/MiniOzoneClusterImpl-953fd8c5-ac00-44c9-baab-0887e32ba883/datanode-3/meta/webserver
2024-01-26 13:21:11,939 [main] INFO  http.HttpServer2 (HttpServer2.java:bindListener(1236)) - Jetty bound to port 15303
2024-01-26 13:21:11,939 [main] INFO  server.Server (Server.java:doStart(375)) - jetty-9.4.53.v20231009; built: 2023-10-09T12:29:09.265Z; git: 27bde00a0b95a1d5bbee0eae7984f891d2d0f8c9; jvm 1.8.0_392-b08
2024-01-26 13:21:11,943 [main] INFO  server.session (DefaultSessionIdManager.java:doStart(334)) - DefaultSessionIdManager workerName=node0
2024-01-26 13:21:11,943 [main] INFO  server.session (DefaultSessionIdManager.java:doStart(339)) - No SessionScavenger set, using defaults
2024-01-26 13:21:11,943 [main] INFO  server.session (HouseKeeper.java:startScavenging(132)) - node0 Scavenging every 600000ms
2024-01-26 13:21:11,944 [main] INFO  handler.ContextHandler (ContextHandler.java:doStart(921)) - Started o.e.j.s.ServletContextHandler@6498919d{logs,/logs,file:///home/runner/work/ozone/ozone/hadoop-ozone/integration-test/target/log,AVAILABLE}
2024-01-26 13:21:11,944 [main] INFO  handler.ContextHandler (ContextHandler.java:doStart(921)) - Started o.e.j.s.ServletContextHandler@627dcc9f{static,/static,jar:file:/home/runner/.m2/repository/org/apache/ozone/hdds-container-service/1.5.0-SNAPSHOT/hdds-container-service-1.5.0-SNAPSHOT.jar!/webapps/static,AVAILABLE}
2024-01-26 13:21:11,977 [main] INFO  handler.ContextHandler (ContextHandler.java:doStart(921)) - Started o.e.j.w.WebAppContext@7edf3a1d{hddsDatanode,/,file:///home/runner/work/ozone/ozone/hadoop-ozone/integration-test/target/test-dir/MiniOzoneClusterImpl-953fd8c5-ac00-44c9-baab-0887e32ba883/datanode-3/meta/webserver/jetty-0_0_0_0-15303-hdds-container-service-1_5_0-SNAPSHOT_jar-_-any-2876660125394394520/webapp/,AVAILABLE}{jar:file:/home/runner/.m2/repository/org/apache/ozone/hdds-container-service/1.5.0-SNAPSHOT/hdds-container-service-1.5.0-SNAPSHOT.jar!/webapps/hddsDatanode}
2024-01-26 13:21:11,979 [main] INFO  server.AbstractConnector (AbstractConnector.java:doStart(333)) - Started ServerConnector@2d30f843{HTTP/1.1, (http/1.1)}{0.0.0.0:15303}
2024-01-26 13:21:11,979 [main] INFO  server.Server (Server.java:doStart(415)) - Started @108442ms
2024-01-26 13:21:11,979 [main] WARN  impl.MetricsSystemImpl (MetricsSystemImpl.java:register(279)) - Sink prometheus already exists!
2024-01-26 13:21:11,979 [main] INFO  http.BaseHttpServer (BaseHttpServer.java:updateConnectorAddress(354)) - HTTP server of hddsDatanode listening at http://0.0.0.0:15303
2024-01-26 13:21:11,980 [main] INFO  ipc.CallQueueManager (CallQueueManager.java:<init>(90)) - Using callQueue: class java.util.concurrent.LinkedBlockingQueue, queueCapacity: 100, scheduler: class org.apache.hadoop.ipc.DefaultRpcScheduler, ipcBackoff: false.
2024-01-26 13:21:11,980 [main] INFO  ipc.Server (Server.java:<init>(1287)) - Listener at 0.0.0.0:15304
2024-01-26 13:21:11,980 [Socket Reader #1 for port 15304] INFO  ipc.Server (Server.java:run(1323)) - Starting Socket Reader #1 for port 15304
2024-01-26 13:21:11,982 [main] INFO  ozone.HddsDatanodeService (HddsDatanodeService.java:start(324)) - Datanode start with admins: [runner]
2024-01-26 13:21:11,982 [main] INFO  ozone.HddsDatanodeClientProtocolServer (HddsDatanodeClientProtocolServer.java:start(72)) - RPC server for Client /0.0.0.0:15304
2024-01-26 13:21:11,982 [IPC Server Responder] INFO  ipc.Server (Server.java:run(1562)) - IPC Server Responder: starting
2024-01-26 13:21:11,982 [IPC Server listener on 15304] INFO  ipc.Server (Server.java:run(1402)) - IPC Server listener on 15304: starting
2024-01-26 13:21:11,982 [061c5e1a-1095-4fef-ae35-bb2f1955fa47-DatanodeStateMachineDaemonThread] INFO  statemachine.DatanodeStateMachine (DatanodeStateMachine.java:lambda$startDaemon$1(555)) - Ozone container server started.
2024-01-26 13:21:11,982 [main] WARN  dropwizard3.Dm3MetricRegistriesImpl (Dm3MetricRegistriesImpl.java:addReporterRegistration(113)) - New reporters are added after registries were created. Some metrics will be missing from the reporter. Please add reporter before adding any new registry.
2024-01-26 13:21:11,989 [main] WARN  dropwizard3.Dm3MetricRegistriesImpl (Dm3MetricRegistriesImpl.java:addReporterRegistration(113)) - New reporters are added after registries were created. Some metrics will be missing from the reporter. Please add reporter before adding any new registry.
2024-01-26 13:21:11,989 [main] INFO  impl.MetricsSystemImpl (MetricsSystemImpl.java:init(158)) - HddsDatanode metrics system started (again)
2024-01-26 13:21:11,998 [061c5e1a-1095-4fef-ae35-bb2f1955fa47-DatanodeStateMachineTaskThread-0] INFO  datanode.InitDatanodeState (InitDatanodeState.java:persistContainerDatanodeDetails(139)) - DatanodeDetails is persisted to /home/runner/work/ozone/ozone/hadoop-ozone/integration-test/target/test-dir/MiniOzoneClusterImpl-953fd8c5-ac00-44c9-baab-0887e32ba883/datanode-3/meta/datanode.id
2024-01-26 13:21:11,998 [main] INFO  ozone.HddsDatanodeService (HddsDatanodeService.java:start(239)) - HddsDatanodeService host:fv-az983-443.a2pef1dptxmevgtwlerx3iae4a.cx.internal.cloudapp.net ip:10.1.0.20
2024-01-26 13:21:12,017 [main] INFO  upgrade.AbstractLayoutVersionManager (AbstractLayoutVersionManager.java:init(83)) - Initializing Layout version manager with metadata layout = HADOOP_PRC_PORTS_IN_DATANODEDETAILS (version = 7), software layout = HADOOP_PRC_PORTS_IN_DATANODEDETAILS (version = 7)
2024-01-26 13:21:12,018 [main] INFO  statemachine.DatanodeStateMachine (DatanodeStateMachine.java:getEndPointTaskThreadPoolSize(299)) - Datanode State Machine Task Thread Pool size 2
2024-01-26 13:21:12,019 [main] INFO  volume.HddsVolume (HddsVolume.java:<init>(125)) - Creating HddsVolume: /home/runner/work/ozone/ozone/hadoop-ozone/integration-test/target/test-dir/MiniOzoneClusterImpl-953fd8c5-ac00-44c9-baab-0887e32ba883/datanode-4/data-0/containers/hdds of storage type : DISK capacity : 9223372036854775807
2024-01-26 13:21:12,019 [main] INFO  volume.MutableVolumeSet (MutableVolumeSet.java:initializeVolumeSet(173)) - Added Volume : /home/runner/work/ozone/ozone/hadoop-ozone/integration-test/target/test-dir/MiniOzoneClusterImpl-953fd8c5-ac00-44c9-baab-0887e32ba883/datanode-4/data-0/containers/hdds to VolumeSet
2024-01-26 13:21:12,020 [main] INFO  volume.MutableVolumeSet (MutableVolumeSet.java:initializeVolumeSet(173)) - Added Volume : /home/runner/work/ozone/ozone/hadoop-ozone/integration-test/target/test-dir/MiniOzoneClusterImpl-953fd8c5-ac00-44c9-baab-0887e32ba883/datanode-4/data/ratis to VolumeSet
2024-01-26 13:21:12,020 [main] INFO  ozoneimpl.OzoneContainer (HddsVolumeUtil.java:loadAllHddsVolumeDbStore(103)) - Load 1 volumes DbStore cost: 0ms
2024-01-26 13:21:12,020 [512d2126-5b92-4e29-85c7-4f085cf86b5e-ContainerReader-0] INFO  ozoneimpl.ContainerReader (ContainerReader.java:readVolume(178)) - Finish verifying containers on volume /home/runner/work/ozone/ozone/hadoop-ozone/integration-test/target/test-dir/MiniOzoneClusterImpl-953fd8c5-ac00-44c9-baab-0887e32ba883/datanode-4/data-0/containers/hdds
2024-01-26 13:21:12,020 [main] INFO  ozoneimpl.OzoneContainer (OzoneContainer.java:buildContainerSet(328)) - Build ContainerSet costs 0s
2024-01-26 13:21:12,022 [main] INFO  server.RaftServer (ConfUtils.java:logGet(46)) - raft.rpc.type = GRPC (default)
2024-01-26 13:21:12,022 [main] INFO  grpc.GrpcConfigKeys (ConfUtils.java:logFallback(53)) - raft.grpc.admin.host = null (fallback to raft.grpc.server.host)
2024-01-26 13:21:12,022 [main] INFO  grpc.GrpcConfigKeys (ConfUtils.java:logGet(46)) - raft.grpc.admin.port = 15316 (custom)
2024-01-26 13:21:12,022 [main] INFO  grpc.GrpcConfigKeys (ConfUtils.java:logFallback(53)) - raft.grpc.client.host = null (fallback to raft.grpc.server.host)
2024-01-26 13:21:12,022 [main] INFO  grpc.GrpcConfigKeys (ConfUtils.java:logGet(46)) - raft.grpc.client.port = 15315 (custom)
2024-01-26 13:21:12,023 [main] INFO  grpc.GrpcConfigKeys (ConfUtils.java:logGet(46)) - raft.grpc.server.host = null (default)
2024-01-26 13:21:12,023 [main] INFO  grpc.GrpcConfigKeys (ConfUtils.java:logGet(46)) - raft.grpc.server.port = 15317 (custom)
2024-01-26 13:21:12,023 [main] INFO  server.GrpcService (ConfUtils.java:logGet(46)) - raft.grpc.message.size.max = 32MB (=33554432) (custom)
2024-01-26 13:21:12,023 [main] INFO  server.RaftServerConfigKeys (ConfUtils.java:logGet(46)) - raft.server.log.appender.buffer.byte-limit = 8388608 (custom)
2024-01-26 13:21:12,023 [main] INFO  server.GrpcService (ConfUtils.java:logGet(46)) - raft.grpc.flow.control.window = 5MB (=5242880) (custom)
2024-01-26 13:21:12,023 [main] INFO  server.RaftServerConfigKeys (ConfUtils.java:logGet(46)) - raft.server.rpc.request.timeout = 3000ms (default)
2024-01-26 13:21:12,023 [main] INFO  grpc.GrpcConfigKeys (ConfUtils.java:logGet(46)) - raft.grpc.server.heartbeat.channel = true (default)
2024-01-26 13:21:12,023 [main] INFO  grpc.GrpcConfigKeys (ConfUtils.java:logGet(46)) - raft.grpc.server.async.request.thread.pool.cached = true (default)
2024-01-26 13:21:12,023 [main] INFO  grpc.GrpcConfigKeys (ConfUtils.java:logGet(46)) - raft.grpc.server.async.request.thread.pool.size = 32 (default)
2024-01-26 13:21:12,025 [main] INFO  impl.DataStreamServerImpl (ConfUtils.java:logGet(46)) - raft.datastream.type = NETTY (custom)
2024-01-26 13:21:12,025 [main] INFO  server.RaftServerConfigKeys (ConfUtils.java:logGet(46)) - raft.server.data-stream.async.request.thread.pool.cached = false (default)
2024-01-26 13:21:12,026 [main] INFO  server.RaftServerConfigKeys (ConfUtils.java:logGet(46)) - raft.server.data-stream.async.request.thread.pool.size = 20 (custom)
2024-01-26 13:21:12,026 [main] INFO  server.RaftServerConfigKeys (ConfUtils.java:logGet(46)) - raft.server.data-stream.async.write.thread.pool.size = 16 (default)
2024-01-26 13:21:12,026 [main] INFO  netty.NettyConfigKeys$DataStream (ConfUtils.java:logGet(46)) - raft.netty.dataStream.server.channel.inactive.grace-period = 10min (default)
2024-01-26 13:21:12,026 [main] INFO  server.RaftServerConfigKeys (ConfUtils.java:logGet(46)) - raft.server.data-stream.client.pool.size = 10 (default)
2024-01-26 13:21:12,026 [main] INFO  netty.NettyConfigKeys$DataStream (ConfUtils.java:logGet(46)) - raft.netty.dataStream.server.use-epoll = true (default)
2024-01-26 13:21:12,026 [main] INFO  netty.NettyConfigKeys$DataStream (ConfUtils.java:logGet(46)) - raft.netty.dataStream.server.boss-group.size = 0 (default)
2024-01-26 13:21:12,026 [main] INFO  netty.NettyUtils (NettyUtils.java:newEventLoopGroup(69)) - Create EpollEventLoopGroup for 512d2126-5b92-4e29-85c7-4f085cf86b5e-NettyServerStreamRpc-bossGroup; Thread size is 0.
2024-01-26 13:21:12,026 [main] INFO  netty.NettyConfigKeys$DataStream (ConfUtils.java:logGet(46)) - raft.netty.dataStream.server.worker-group.size = 0 (default)
2024-01-26 13:21:12,027 [main] INFO  netty.NettyUtils (NettyUtils.java:newEventLoopGroup(69)) - Create EpollEventLoopGroup for 512d2126-5b92-4e29-85c7-4f085cf86b5e-NettyServerStreamRpc-workerGroup; Thread size is 0.
2024-01-26 13:21:12,027 [main] INFO  netty.NettyConfigKeys$DataStream (ConfUtils.java:logGet(46)) - raft.netty.dataStream.server.tls.conf = null (default)
2024-01-26 13:21:12,027 [main] INFO  netty.NettyConfigKeys$DataStream (ConfUtils.java:logGet(46)) - raft.netty.dataStream.host = null (default)
2024-01-26 13:21:12,027 [main] INFO  netty.NettyConfigKeys$DataStream (ConfUtils.java:logGet(46)) - raft.netty.dataStream.port = 15318 (custom)
2024-01-26 13:21:12,027 [main] INFO  server.RaftServerConfigKeys (ConfUtils.java:logGet(46)) - raft.server.sleep.deviation.threshold = 300ms (default)
2024-01-26 13:21:12,027 [512d2126-5b92-4e29-85c7-4f085cf86b5e-NettyServerStreamRpc-bossGroup--thread1] INFO  logging.LoggingHandler (AbstractInternalLogger.java:log(148)) - [id: 0xb8a031ec] REGISTERED
2024-01-26 13:21:12,027 [main] INFO  server.RaftServerConfigKeys (ConfUtils.java:logGet(46)) - raft.server.close.threshold = 60s (default)
2024-01-26 13:21:12,028 [512d2126-5b92-4e29-85c7-4f085cf86b5e-NettyServerStreamRpc-bossGroup--thread1] INFO  logging.LoggingHandler (AbstractInternalLogger.java:log(148)) - [id: 0xb8a031ec] BIND: 0.0.0.0/0.0.0.0:15318
2024-01-26 13:21:12,028 [main] INFO  server.RaftServerConfigKeys (ConfUtils.java:logGet(46)) - raft.server.leaderelection.leader.step-down.wait-time = 10s (default)
2024-01-26 13:21:12,028 [512d2126-5b92-4e29-85c7-4f085cf86b5e-NettyServerStreamRpc-bossGroup--thread1] INFO  logging.LoggingHandler (AbstractInternalLogger.java:log(148)) - [id: 0xb8a031ec, L:/0.0.0.0:15318] ACTIVE
2024-01-26 13:21:12,028 [main] INFO  server.RaftServerConfigKeys (ConfUtils.java:logGet(46)) - raft.server.storage.dir = [/home/runner/work/ozone/ozone/hadoop-ozone/integration-test/target/test-dir/MiniOzoneClusterImpl-953fd8c5-ac00-44c9-baab-0887e32ba883/datanode-4/data/ratis] (custom)
2024-01-26 13:21:12,028 [main] INFO  server.RaftServerConfigKeys (ConfUtils.java:logGet(46)) - raft.server.threadpool.proxy.cached = true (default)
2024-01-26 13:21:12,028 [main] INFO  server.RaftServerConfigKeys (ConfUtils.java:logGet(46)) - raft.server.threadpool.proxy.size = 0 (default)
2024-01-26 13:21:12,029 [512d2126-5b92-4e29-85c7-4f085cf86b5e-impl-thread1] INFO  server.RaftServer (RaftServerProxy.java:initGroupDir(264)) - 512d2126-5b92-4e29-85c7-4f085cf86b5e: found a subdirectory /home/runner/work/ozone/ozone/hadoop-ozone/integration-test/target/test-dir/MiniOzoneClusterImpl-953fd8c5-ac00-44c9-baab-0887e32ba883/datanode-4/data/ratis/tmp
2024-01-26 13:21:12,029 [512d2126-5b92-4e29-85c7-4f085cf86b5e-impl-thread1] INFO  server.RaftServer (RaftServerProxy.java:initGroupDir(269)) - 512d2126-5b92-4e29-85c7-4f085cf86b5e: The directory /home/runner/work/ozone/ozone/hadoop-ozone/integration-test/target/test-dir/MiniOzoneClusterImpl-953fd8c5-ac00-44c9-baab-0887e32ba883/datanode-4/data/ratis/tmp is not a group directory; ignoring it. 
2024-01-26 13:21:12,029 [main] INFO  replication.ReplicationServer (ReplicationServer.java:<init>(85)) - Initializing replication server with thread count = 10 queue length = 4096
2024-01-26 13:21:12,029 [main] INFO  server.XceiverServerGrpc (XceiverServerGrpc.java:<init>(141)) - GrpcServer channel type EpollServerSocketChannel
2024-01-26 13:21:12,030 [main] INFO  replication.ReplicationSupervisor (ReplicationSupervisor.java:build(163)) - Initializing replication supervisor with thread count = 10
2024-01-26 13:21:12,030 [main] INFO  replication.ReplicationSupervisor (ReplicationSupervisor.java:nodeStateUpdated(317)) - Node state updated to IN_SERVICE, scaling executor pool size to 10
2024-01-26 13:21:12,037 [main] INFO  http.BaseHttpServer (BaseHttpServer.java:newHttpServer2BuilderForOzone(223)) - Starting Web-server for hddsDatanode at: http://0.0.0.0:15312
2024-01-26 13:21:12,037 [main] INFO  http.BaseHttpServer (BaseHttpServer.java:<init>(110)) - Hadoop Security Enabled: false Ozone Security Enabled: false Ozone HTTP Security Enabled: false 
2024-01-26 13:21:12,038 [main] WARN  server.AuthenticationFilter (AuthenticationFilter.java:constructSecretProvider(240)) - Unable to initialize FileSignerSecretProvider, falling back to use random secrets. Reason: Could not read signature secret file: /home/runner/hadoop-http-auth-signature-secret
2024-01-26 13:21:12,043 [main] INFO  http.HttpRequestLog (HttpRequestLog.java:getRequestLog(86)) - Http request log for http.requests.hddsDatanode is not defined
2024-01-26 13:21:12,044 [main] INFO  http.HttpServer2 (HttpServer2.java:addGlobalFilter(1036)) - Added global filter 'safety' (class=org.apache.hadoop.hdds.server.http.HttpServer2$QuotingInputFilter)
2024-01-26 13:21:12,044 [main] INFO  http.HttpServer2 (HttpServer2.java:addFilter(1012)) - Added filter static_user_filter (class=org.apache.hadoop.http.lib.StaticUserWebFilter$StaticUserFilter) to context hddsDatanode
2024-01-26 13:21:12,044 [main] INFO  http.HttpServer2 (HttpServer2.java:addFilter(1020)) - Added filter static_user_filter (class=org.apache.hadoop.http.lib.StaticUserWebFilter$StaticUserFilter) to context logs
2024-01-26 13:21:12,044 [main] INFO  http.HttpServer2 (HttpServer2.java:addFilter(1020)) - Added filter static_user_filter (class=org.apache.hadoop.http.lib.StaticUserWebFilter$StaticUserFilter) to context static
2024-01-26 13:21:12,045 [main] INFO  http.BaseHttpServer (BaseHttpServer.java:<init>(189)) - HTTP server of hddsDatanode uses base directory /home/runner/work/ozone/ozone/hadoop-ozone/integration-test/target/test-dir/MiniOzoneClusterImpl-953fd8c5-ac00-44c9-baab-0887e32ba883/datanode-4/meta/webserver
2024-01-26 13:21:12,045 [main] INFO  http.HttpServer2 (HttpServer2.java:bindListener(1236)) - Jetty bound to port 15312
2024-01-26 13:21:12,045 [main] INFO  server.Server (Server.java:doStart(375)) - jetty-9.4.53.v20231009; built: 2023-10-09T12:29:09.265Z; git: 27bde00a0b95a1d5bbee0eae7984f891d2d0f8c9; jvm 1.8.0_392-b08
2024-01-26 13:21:12,046 [main] INFO  server.session (DefaultSessionIdManager.java:doStart(334)) - DefaultSessionIdManager workerName=node0
2024-01-26 13:21:12,046 [main] INFO  server.session (DefaultSessionIdManager.java:doStart(339)) - No SessionScavenger set, using defaults
2024-01-26 13:21:12,046 [main] INFO  server.session (HouseKeeper.java:startScavenging(132)) - node0 Scavenging every 660000ms
2024-01-26 13:21:12,046 [main] INFO  handler.ContextHandler (ContextHandler.java:doStart(921)) - Started o.e.j.s.ServletContextHandler@4ce61b67{logs,/logs,file:///home/runner/work/ozone/ozone/hadoop-ozone/integration-test/target/log,AVAILABLE}
2024-01-26 13:21:12,047 [main] INFO  handler.ContextHandler (ContextHandler.java:doStart(921)) - Started o.e.j.s.ServletContextHandler@1c896d2c{static,/static,jar:file:/home/runner/.m2/repository/org/apache/ozone/hdds-container-service/1.5.0-SNAPSHOT/hdds-container-service-1.5.0-SNAPSHOT.jar!/webapps/static,AVAILABLE}
2024-01-26 13:21:12,079 [main] INFO  handler.ContextHandler (ContextHandler.java:doStart(921)) - Started o.e.j.w.WebAppContext@5bd4ecec{hddsDatanode,/,file:///home/runner/work/ozone/ozone/hadoop-ozone/integration-test/target/test-dir/MiniOzoneClusterImpl-953fd8c5-ac00-44c9-baab-0887e32ba883/datanode-4/meta/webserver/jetty-0_0_0_0-15312-hdds-container-service-1_5_0-SNAPSHOT_jar-_-any-1354072829814466304/webapp/,AVAILABLE}{jar:file:/home/runner/.m2/repository/org/apache/ozone/hdds-container-service/1.5.0-SNAPSHOT/hdds-container-service-1.5.0-SNAPSHOT.jar!/webapps/hddsDatanode}
2024-01-26 13:21:12,083 [main] INFO  server.AbstractConnector (AbstractConnector.java:doStart(333)) - Started ServerConnector@29af78e0{HTTP/1.1, (http/1.1)}{0.0.0.0:15312}
2024-01-26 13:21:12,083 [main] INFO  server.Server (Server.java:doStart(415)) - Started @108546ms
2024-01-26 13:21:12,083 [main] WARN  impl.MetricsSystemImpl (MetricsSystemImpl.java:register(279)) - Sink prometheus already exists!
2024-01-26 13:21:12,083 [main] INFO  http.BaseHttpServer (BaseHttpServer.java:updateConnectorAddress(354)) - HTTP server of hddsDatanode listening at http://0.0.0.0:15312
2024-01-26 13:21:12,084 [main] INFO  ipc.CallQueueManager (CallQueueManager.java:<init>(90)) - Using callQueue: class java.util.concurrent.LinkedBlockingQueue, queueCapacity: 100, scheduler: class org.apache.hadoop.ipc.DefaultRpcScheduler, ipcBackoff: false.
2024-01-26 13:21:12,084 [main] INFO  ipc.Server (Server.java:<init>(1287)) - Listener at 0.0.0.0:15313
2024-01-26 13:21:12,085 [Socket Reader #1 for port 15313] INFO  ipc.Server (Server.java:run(1323)) - Starting Socket Reader #1 for port 15313
2024-01-26 13:21:12,088 [main] INFO  ozone.HddsDatanodeService (HddsDatanodeService.java:start(324)) - Datanode start with admins: [runner]
2024-01-26 13:21:12,089 [main] INFO  ozone.HddsDatanodeClientProtocolServer (HddsDatanodeClientProtocolServer.java:start(72)) - RPC server for Client /0.0.0.0:15313
2024-01-26 13:21:12,089 [IPC Server Responder] INFO  ipc.Server (Server.java:run(1562)) - IPC Server Responder: starting
2024-01-26 13:21:12,089 [IPC Server listener on 15313] INFO  ipc.Server (Server.java:run(1402)) - IPC Server listener on 15313: starting
2024-01-26 13:21:12,090 [main] WARN  dropwizard3.Dm3MetricRegistriesImpl (Dm3MetricRegistriesImpl.java:addReporterRegistration(113)) - New reporters are added after registries were created. Some metrics will be missing from the reporter. Please add reporter before adding any new registry.
2024-01-26 13:21:12,090 [512d2126-5b92-4e29-85c7-4f085cf86b5e-DatanodeStateMachineDaemonThread] INFO  statemachine.DatanodeStateMachine (DatanodeStateMachine.java:lambda$startDaemon$1(555)) - Ozone container server started.
2024-01-26 13:21:12,091 [main] WARN  dropwizard3.Dm3MetricRegistriesImpl (Dm3MetricRegistriesImpl.java:addReporterRegistration(113)) - New reporters are added after registries were created. Some metrics will be missing from the reporter. Please add reporter before adding any new registry.
2024-01-26 13:21:12,091 [main] INFO  impl.MetricsSystemImpl (MetricsSystemImpl.java:init(158)) - HddsDatanode metrics system started (again)
2024-01-26 13:21:12,094 [512d2126-5b92-4e29-85c7-4f085cf86b5e-DatanodeStateMachineTaskThread-0] INFO  datanode.InitDatanodeState (InitDatanodeState.java:persistContainerDatanodeDetails(139)) - DatanodeDetails is persisted to /home/runner/work/ozone/ozone/hadoop-ozone/integration-test/target/test-dir/MiniOzoneClusterImpl-953fd8c5-ac00-44c9-baab-0887e32ba883/datanode-4/meta/datanode.id
2024-01-26 13:21:12,101 [main] INFO  ozone.HddsDatanodeService (HddsDatanodeService.java:start(239)) - HddsDatanodeService host:fv-az983-443.a2pef1dptxmevgtwlerx3iae4a.cx.internal.cloudapp.net ip:10.1.0.20
2024-01-26 13:21:12,121 [main] INFO  upgrade.AbstractLayoutVersionManager (AbstractLayoutVersionManager.java:init(83)) - Initializing Layout version manager with metadata layout = HADOOP_PRC_PORTS_IN_DATANODEDETAILS (version = 7), software layout = HADOOP_PRC_PORTS_IN_DATANODEDETAILS (version = 7)
2024-01-26 13:21:12,121 [main] INFO  statemachine.DatanodeStateMachine (DatanodeStateMachine.java:getEndPointTaskThreadPoolSize(299)) - Datanode State Machine Task Thread Pool size 2
2024-01-26 13:21:12,122 [main] INFO  volume.HddsVolume (HddsVolume.java:<init>(125)) - Creating HddsVolume: /home/runner/work/ozone/ozone/hadoop-ozone/integration-test/target/test-dir/MiniOzoneClusterImpl-953fd8c5-ac00-44c9-baab-0887e32ba883/datanode-5/data-0/containers/hdds of storage type : DISK capacity : 9223372036854775807
2024-01-26 13:21:12,122 [main] INFO  volume.MutableVolumeSet (MutableVolumeSet.java:initializeVolumeSet(173)) - Added Volume : /home/runner/work/ozone/ozone/hadoop-ozone/integration-test/target/test-dir/MiniOzoneClusterImpl-953fd8c5-ac00-44c9-baab-0887e32ba883/datanode-5/data-0/containers/hdds to VolumeSet
2024-01-26 13:21:12,123 [main] INFO  volume.MutableVolumeSet (MutableVolumeSet.java:initializeVolumeSet(173)) - Added Volume : /home/runner/work/ozone/ozone/hadoop-ozone/integration-test/target/test-dir/MiniOzoneClusterImpl-953fd8c5-ac00-44c9-baab-0887e32ba883/datanode-5/data/ratis to VolumeSet
2024-01-26 13:21:12,123 [main] INFO  ozoneimpl.OzoneContainer (HddsVolumeUtil.java:loadAllHddsVolumeDbStore(103)) - Load 1 volumes DbStore cost: 0ms
2024-01-26 13:21:12,123 [5f4f4713-a1cc-4bb1-a761-5c302a8e1427-ContainerReader-0] INFO  ozoneimpl.ContainerReader (ContainerReader.java:readVolume(178)) - Finish verifying containers on volume /home/runner/work/ozone/ozone/hadoop-ozone/integration-test/target/test-dir/MiniOzoneClusterImpl-953fd8c5-ac00-44c9-baab-0887e32ba883/datanode-5/data-0/containers/hdds
2024-01-26 13:21:12,123 [main] INFO  ozoneimpl.OzoneContainer (OzoneContainer.java:buildContainerSet(328)) - Build ContainerSet costs 0s
2024-01-26 13:21:12,125 [main] INFO  server.RaftServer (ConfUtils.java:logGet(46)) - raft.rpc.type = GRPC (default)
2024-01-26 13:21:12,125 [main] INFO  grpc.GrpcConfigKeys (ConfUtils.java:logFallback(53)) - raft.grpc.admin.host = null (fallback to raft.grpc.server.host)
2024-01-26 13:21:12,125 [main] INFO  grpc.GrpcConfigKeys (ConfUtils.java:logGet(46)) - raft.grpc.admin.port = 15325 (custom)
2024-01-26 13:21:12,125 [main] INFO  grpc.GrpcConfigKeys (ConfUtils.java:logFallback(53)) - raft.grpc.client.host = null (fallback to raft.grpc.server.host)
2024-01-26 13:21:12,125 [main] INFO  grpc.GrpcConfigKeys (ConfUtils.java:logGet(46)) - raft.grpc.client.port = 15324 (custom)
2024-01-26 13:21:12,125 [main] INFO  grpc.GrpcConfigKeys (ConfUtils.java:logGet(46)) - raft.grpc.server.host = null (default)
2024-01-26 13:21:12,125 [main] INFO  grpc.GrpcConfigKeys (ConfUtils.java:logGet(46)) - raft.grpc.server.port = 15326 (custom)
2024-01-26 13:21:12,125 [main] INFO  server.GrpcService (ConfUtils.java:logGet(46)) - raft.grpc.message.size.max = 32MB (=33554432) (custom)
2024-01-26 13:21:12,126 [main] INFO  server.RaftServerConfigKeys (ConfUtils.java:logGet(46)) - raft.server.log.appender.buffer.byte-limit = 8388608 (custom)
2024-01-26 13:21:12,126 [main] INFO  server.GrpcService (ConfUtils.java:logGet(46)) - raft.grpc.flow.control.window = 5MB (=5242880) (custom)
2024-01-26 13:21:12,126 [main] INFO  server.RaftServerConfigKeys (ConfUtils.java:logGet(46)) - raft.server.rpc.request.timeout = 3000ms (default)
2024-01-26 13:21:12,126 [main] INFO  grpc.GrpcConfigKeys (ConfUtils.java:logGet(46)) - raft.grpc.server.heartbeat.channel = true (default)
2024-01-26 13:21:12,126 [main] INFO  grpc.GrpcConfigKeys (ConfUtils.java:logGet(46)) - raft.grpc.server.async.request.thread.pool.cached = true (default)
2024-01-26 13:21:12,126 [main] INFO  grpc.GrpcConfigKeys (ConfUtils.java:logGet(46)) - raft.grpc.server.async.request.thread.pool.size = 32 (default)
2024-01-26 13:21:12,128 [main] INFO  impl.DataStreamServerImpl (ConfUtils.java:logGet(46)) - raft.datastream.type = NETTY (custom)
2024-01-26 13:21:12,128 [main] INFO  server.RaftServerConfigKeys (ConfUtils.java:logGet(46)) - raft.server.data-stream.async.request.thread.pool.cached = false (default)
2024-01-26 13:21:12,128 [main] INFO  server.RaftServerConfigKeys (ConfUtils.java:logGet(46)) - raft.server.data-stream.async.request.thread.pool.size = 20 (custom)
2024-01-26 13:21:12,128 [main] INFO  server.RaftServerConfigKeys (ConfUtils.java:logGet(46)) - raft.server.data-stream.async.write.thread.pool.size = 16 (default)
2024-01-26 13:21:12,128 [main] INFO  netty.NettyConfigKeys$DataStream (ConfUtils.java:logGet(46)) - raft.netty.dataStream.server.channel.inactive.grace-period = 10min (default)
2024-01-26 13:21:12,129 [main] INFO  server.RaftServerConfigKeys (ConfUtils.java:logGet(46)) - raft.server.data-stream.client.pool.size = 10 (default)
2024-01-26 13:21:12,129 [main] INFO  netty.NettyConfigKeys$DataStream (ConfUtils.java:logGet(46)) - raft.netty.dataStream.server.use-epoll = true (default)
2024-01-26 13:21:12,129 [main] INFO  netty.NettyConfigKeys$DataStream (ConfUtils.java:logGet(46)) - raft.netty.dataStream.server.boss-group.size = 0 (default)
2024-01-26 13:21:12,129 [main] INFO  netty.NettyUtils (NettyUtils.java:newEventLoopGroup(69)) - Create EpollEventLoopGroup for 5f4f4713-a1cc-4bb1-a761-5c302a8e1427-NettyServerStreamRpc-bossGroup; Thread size is 0.
2024-01-26 13:21:12,129 [main] INFO  netty.NettyConfigKeys$DataStream (ConfUtils.java:logGet(46)) - raft.netty.dataStream.server.worker-group.size = 0 (default)
2024-01-26 13:21:12,129 [main] INFO  netty.NettyUtils (NettyUtils.java:newEventLoopGroup(69)) - Create EpollEventLoopGroup for 5f4f4713-a1cc-4bb1-a761-5c302a8e1427-NettyServerStreamRpc-workerGroup; Thread size is 0.
2024-01-26 13:21:12,129 [main] INFO  netty.NettyConfigKeys$DataStream (ConfUtils.java:logGet(46)) - raft.netty.dataStream.server.tls.conf = null (default)
2024-01-26 13:21:12,130 [main] INFO  netty.NettyConfigKeys$DataStream (ConfUtils.java:logGet(46)) - raft.netty.dataStream.host = null (default)
2024-01-26 13:21:12,130 [main] INFO  netty.NettyConfigKeys$DataStream (ConfUtils.java:logGet(46)) - raft.netty.dataStream.port = 15327 (custom)
2024-01-26 13:21:12,130 [main] INFO  server.RaftServerConfigKeys (ConfUtils.java:logGet(46)) - raft.server.sleep.deviation.threshold = 300ms (default)
2024-01-26 13:21:12,130 [main] INFO  server.RaftServerConfigKeys (ConfUtils.java:logGet(46)) - raft.server.close.threshold = 60s (default)
2024-01-26 13:21:12,130 [main] INFO  server.RaftServerConfigKeys (ConfUtils.java:logGet(46)) - raft.server.leaderelection.leader.step-down.wait-time = 10s (default)
2024-01-26 13:21:12,130 [5f4f4713-a1cc-4bb1-a761-5c302a8e1427-NettyServerStreamRpc-bossGroup--thread1] INFO  logging.LoggingHandler (AbstractInternalLogger.java:log(148)) - [id: 0x1dc06f04] REGISTERED
2024-01-26 13:21:12,130 [main] INFO  server.RaftServerConfigKeys (ConfUtils.java:logGet(46)) - raft.server.storage.dir = [/home/runner/work/ozone/ozone/hadoop-ozone/integration-test/target/test-dir/MiniOzoneClusterImpl-953fd8c5-ac00-44c9-baab-0887e32ba883/datanode-5/data/ratis] (custom)
2024-01-26 13:21:12,130 [5f4f4713-a1cc-4bb1-a761-5c302a8e1427-NettyServerStreamRpc-bossGroup--thread1] INFO  logging.LoggingHandler (AbstractInternalLogger.java:log(148)) - [id: 0x1dc06f04] BIND: 0.0.0.0/0.0.0.0:15327
2024-01-26 13:21:12,131 [main] INFO  server.RaftServerConfigKeys (ConfUtils.java:logGet(46)) - raft.server.threadpool.proxy.cached = true (default)
2024-01-26 13:21:12,131 [5f4f4713-a1cc-4bb1-a761-5c302a8e1427-NettyServerStreamRpc-bossGroup--thread1] INFO  logging.LoggingHandler (AbstractInternalLogger.java:log(148)) - [id: 0x1dc06f04, L:/0.0.0.0:15327] ACTIVE
2024-01-26 13:21:12,131 [main] INFO  server.RaftServerConfigKeys (ConfUtils.java:logGet(46)) - raft.server.threadpool.proxy.size = 0 (default)
2024-01-26 13:21:12,131 [5f4f4713-a1cc-4bb1-a761-5c302a8e1427-impl-thread1] INFO  server.RaftServer (RaftServerProxy.java:initGroupDir(264)) - 5f4f4713-a1cc-4bb1-a761-5c302a8e1427: found a subdirectory /home/runner/work/ozone/ozone/hadoop-ozone/integration-test/target/test-dir/MiniOzoneClusterImpl-953fd8c5-ac00-44c9-baab-0887e32ba883/datanode-5/data/ratis/tmp
2024-01-26 13:21:12,131 [5f4f4713-a1cc-4bb1-a761-5c302a8e1427-impl-thread1] INFO  server.RaftServer (RaftServerProxy.java:initGroupDir(269)) - 5f4f4713-a1cc-4bb1-a761-5c302a8e1427: The directory /home/runner/work/ozone/ozone/hadoop-ozone/integration-test/target/test-dir/MiniOzoneClusterImpl-953fd8c5-ac00-44c9-baab-0887e32ba883/datanode-5/data/ratis/tmp is not a group directory; ignoring it. 
2024-01-26 13:21:12,131 [main] INFO  replication.ReplicationServer (ReplicationServer.java:<init>(85)) - Initializing replication server with thread count = 10 queue length = 4096
2024-01-26 13:21:12,132 [main] INFO  server.XceiverServerGrpc (XceiverServerGrpc.java:<init>(141)) - GrpcServer channel type EpollServerSocketChannel
2024-01-26 13:21:12,133 [main] INFO  replication.ReplicationSupervisor (ReplicationSupervisor.java:build(163)) - Initializing replication supervisor with thread count = 10
2024-01-26 13:21:12,133 [main] INFO  replication.ReplicationSupervisor (ReplicationSupervisor.java:nodeStateUpdated(317)) - Node state updated to IN_SERVICE, scaling executor pool size to 10
2024-01-26 13:21:12,134 [main] INFO  http.BaseHttpServer (BaseHttpServer.java:newHttpServer2BuilderForOzone(223)) - Starting Web-server for hddsDatanode at: http://0.0.0.0:15321
2024-01-26 13:21:12,134 [main] INFO  http.BaseHttpServer (BaseHttpServer.java:<init>(110)) - Hadoop Security Enabled: false Ozone Security Enabled: false Ozone HTTP Security Enabled: false 
2024-01-26 13:21:12,135 [main] WARN  server.AuthenticationFilter (AuthenticationFilter.java:constructSecretProvider(240)) - Unable to initialize FileSignerSecretProvider, falling back to use random secrets. Reason: Could not read signature secret file: /home/runner/hadoop-http-auth-signature-secret
2024-01-26 13:21:12,136 [main] INFO  http.HttpRequestLog (HttpRequestLog.java:getRequestLog(86)) - Http request log for http.requests.hddsDatanode is not defined
2024-01-26 13:21:12,137 [main] INFO  http.HttpServer2 (HttpServer2.java:addGlobalFilter(1036)) - Added global filter 'safety' (class=org.apache.hadoop.hdds.server.http.HttpServer2$QuotingInputFilter)
2024-01-26 13:21:12,137 [main] INFO  http.HttpServer2 (HttpServer2.java:addFilter(1012)) - Added filter static_user_filter (class=org.apache.hadoop.http.lib.StaticUserWebFilter$StaticUserFilter) to context hddsDatanode
2024-01-26 13:21:12,137 [main] INFO  http.HttpServer2 (HttpServer2.java:addFilter(1020)) - Added filter static_user_filter (class=org.apache.hadoop.http.lib.StaticUserWebFilter$StaticUserFilter) to context static
2024-01-26 13:21:12,137 [main] INFO  http.HttpServer2 (HttpServer2.java:addFilter(1020)) - Added filter static_user_filter (class=org.apache.hadoop.http.lib.StaticUserWebFilter$StaticUserFilter) to context logs
2024-01-26 13:21:12,138 [main] INFO  http.BaseHttpServer (BaseHttpServer.java:<init>(189)) - HTTP server of hddsDatanode uses base directory /home/runner/work/ozone/ozone/hadoop-ozone/integration-test/target/test-dir/MiniOzoneClusterImpl-953fd8c5-ac00-44c9-baab-0887e32ba883/datanode-5/meta/webserver
2024-01-26 13:21:12,138 [main] INFO  http.HttpServer2 (HttpServer2.java:bindListener(1236)) - Jetty bound to port 15321
2024-01-26 13:21:12,138 [main] INFO  server.Server (Server.java:doStart(375)) - jetty-9.4.53.v20231009; built: 2023-10-09T12:29:09.265Z; git: 27bde00a0b95a1d5bbee0eae7984f891d2d0f8c9; jvm 1.8.0_392-b08
2024-01-26 13:21:12,139 [main] INFO  server.session (DefaultSessionIdManager.java:doStart(334)) - DefaultSessionIdManager workerName=node0
2024-01-26 13:21:12,139 [main] INFO  server.session (DefaultSessionIdManager.java:doStart(339)) - No SessionScavenger set, using defaults
2024-01-26 13:21:12,139 [main] INFO  server.session (HouseKeeper.java:startScavenging(132)) - node0 Scavenging every 600000ms
2024-01-26 13:21:12,140 [main] INFO  handler.ContextHandler (ContextHandler.java:doStart(921)) - Started o.e.j.s.ServletContextHandler@43fe47a0{logs,/logs,file:///home/runner/work/ozone/ozone/hadoop-ozone/integration-test/target/log,AVAILABLE}
2024-01-26 13:21:12,140 [main] INFO  handler.ContextHandler (ContextHandler.java:doStart(921)) - Started o.e.j.s.ServletContextHandler@79df1964{static,/static,jar:file:/home/runner/.m2/repository/org/apache/ozone/hdds-container-service/1.5.0-SNAPSHOT/hdds-container-service-1.5.0-SNAPSHOT.jar!/webapps/static,AVAILABLE}
2024-01-26 13:21:12,171 [main] INFO  handler.ContextHandler (ContextHandler.java:doStart(921)) - Started o.e.j.w.WebAppContext@7f1c8291{hddsDatanode,/,file:///home/runner/work/ozone/ozone/hadoop-ozone/integration-test/target/test-dir/MiniOzoneClusterImpl-953fd8c5-ac00-44c9-baab-0887e32ba883/datanode-5/meta/webserver/jetty-0_0_0_0-15321-hdds-container-service-1_5_0-SNAPSHOT_jar-_-any-8684213843383416780/webapp/,AVAILABLE}{jar:file:/home/runner/.m2/repository/org/apache/ozone/hdds-container-service/1.5.0-SNAPSHOT/hdds-container-service-1.5.0-SNAPSHOT.jar!/webapps/hddsDatanode}
2024-01-26 13:21:12,173 [main] INFO  server.AbstractConnector (AbstractConnector.java:doStart(333)) - Started ServerConnector@74d36822{HTTP/1.1, (http/1.1)}{0.0.0.0:15321}
2024-01-26 13:21:12,173 [main] INFO  server.Server (Server.java:doStart(415)) - Started @108636ms
2024-01-26 13:21:12,173 [main] WARN  impl.MetricsSystemImpl (MetricsSystemImpl.java:register(279)) - Sink prometheus already exists!
2024-01-26 13:21:12,174 [main] INFO  http.BaseHttpServer (BaseHttpServer.java:updateConnectorAddress(354)) - HTTP server of hddsDatanode listening at http://0.0.0.0:15321
2024-01-26 13:21:12,174 [main] INFO  ipc.CallQueueManager (CallQueueManager.java:<init>(90)) - Using callQueue: class java.util.concurrent.LinkedBlockingQueue, queueCapacity: 100, scheduler: class org.apache.hadoop.ipc.DefaultRpcScheduler, ipcBackoff: false.
2024-01-26 13:21:12,174 [main] INFO  ipc.Server (Server.java:<init>(1287)) - Listener at 0.0.0.0:15322
2024-01-26 13:21:12,175 [Socket Reader #1 for port 15322] INFO  ipc.Server (Server.java:run(1323)) - Starting Socket Reader #1 for port 15322
2024-01-26 13:21:12,176 [main] INFO  ozone.HddsDatanodeService (HddsDatanodeService.java:start(324)) - Datanode start with admins: [runner]
2024-01-26 13:21:12,176 [main] INFO  ozone.HddsDatanodeClientProtocolServer (HddsDatanodeClientProtocolServer.java:start(72)) - RPC server for Client /0.0.0.0:15322
2024-01-26 13:21:12,176 [IPC Server Responder] INFO  ipc.Server (Server.java:run(1562)) - IPC Server Responder: starting
2024-01-26 13:21:12,176 [IPC Server listener on 15322] INFO  ipc.Server (Server.java:run(1402)) - IPC Server listener on 15322: starting
2024-01-26 13:21:12,178 [5f4f4713-a1cc-4bb1-a761-5c302a8e1427-DatanodeStateMachineDaemonThread] INFO  statemachine.DatanodeStateMachine (DatanodeStateMachine.java:lambda$startDaemon$1(555)) - Ozone container server started.
2024-01-26 13:21:12,178 [main] WARN  dropwizard3.Dm3MetricRegistriesImpl (Dm3MetricRegistriesImpl.java:addReporterRegistration(113)) - New reporters are added after registries were created. Some metrics will be missing from the reporter. Please add reporter before adding any new registry.
2024-01-26 13:21:12,179 [main] WARN  dropwizard3.Dm3MetricRegistriesImpl (Dm3MetricRegistriesImpl.java:addReporterRegistration(113)) - New reporters are added after registries were created. Some metrics will be missing from the reporter. Please add reporter before adding any new registry.
2024-01-26 13:21:12,179 [main] INFO  impl.MetricsSystemImpl (MetricsSystemImpl.java:init(158)) - HddsDatanode metrics system started (again)
2024-01-26 13:21:12,181 [5f4f4713-a1cc-4bb1-a761-5c302a8e1427-DatanodeStateMachineTaskThread-0] INFO  datanode.InitDatanodeState (InitDatanodeState.java:persistContainerDatanodeDetails(139)) - DatanodeDetails is persisted to /home/runner/work/ozone/ozone/hadoop-ozone/integration-test/target/test-dir/MiniOzoneClusterImpl-953fd8c5-ac00-44c9-baab-0887e32ba883/datanode-5/meta/datanode.id
2024-01-26 13:21:12,187 [main] INFO  ozone.HddsDatanodeService (HddsDatanodeService.java:start(239)) - HddsDatanodeService host:fv-az983-443.a2pef1dptxmevgtwlerx3iae4a.cx.internal.cloudapp.net ip:10.1.0.20
2024-01-26 13:21:12,206 [main] INFO  upgrade.AbstractLayoutVersionManager (AbstractLayoutVersionManager.java:init(83)) - Initializing Layout version manager with metadata layout = HADOOP_PRC_PORTS_IN_DATANODEDETAILS (version = 7), software layout = HADOOP_PRC_PORTS_IN_DATANODEDETAILS (version = 7)
2024-01-26 13:21:12,207 [main] INFO  statemachine.DatanodeStateMachine (DatanodeStateMachine.java:getEndPointTaskThreadPoolSize(299)) - Datanode State Machine Task Thread Pool size 2
2024-01-26 13:21:12,208 [main] INFO  volume.HddsVolume (HddsVolume.java:<init>(125)) - Creating HddsVolume: /home/runner/work/ozone/ozone/hadoop-ozone/integration-test/target/test-dir/MiniOzoneClusterImpl-953fd8c5-ac00-44c9-baab-0887e32ba883/datanode-6/data-0/containers/hdds of storage type : DISK capacity : 9223372036854775807
2024-01-26 13:21:12,208 [main] INFO  volume.MutableVolumeSet (MutableVolumeSet.java:initializeVolumeSet(173)) - Added Volume : /home/runner/work/ozone/ozone/hadoop-ozone/integration-test/target/test-dir/MiniOzoneClusterImpl-953fd8c5-ac00-44c9-baab-0887e32ba883/datanode-6/data-0/containers/hdds to VolumeSet
2024-01-26 13:21:12,209 [main] INFO  volume.MutableVolumeSet (MutableVolumeSet.java:initializeVolumeSet(173)) - Added Volume : /home/runner/work/ozone/ozone/hadoop-ozone/integration-test/target/test-dir/MiniOzoneClusterImpl-953fd8c5-ac00-44c9-baab-0887e32ba883/datanode-6/data/ratis to VolumeSet
2024-01-26 13:21:12,209 [main] INFO  ozoneimpl.OzoneContainer (HddsVolumeUtil.java:loadAllHddsVolumeDbStore(103)) - Load 1 volumes DbStore cost: 0ms
2024-01-26 13:21:12,209 [8e7f399e-f7c5-430e-98c6-d19423f76280-ContainerReader-0] INFO  ozoneimpl.ContainerReader (ContainerReader.java:readVolume(178)) - Finish verifying containers on volume /home/runner/work/ozone/ozone/hadoop-ozone/integration-test/target/test-dir/MiniOzoneClusterImpl-953fd8c5-ac00-44c9-baab-0887e32ba883/datanode-6/data-0/containers/hdds
2024-01-26 13:21:12,209 [main] INFO  ozoneimpl.OzoneContainer (OzoneContainer.java:buildContainerSet(328)) - Build ContainerSet costs 0s
2024-01-26 13:21:12,211 [main] INFO  server.RaftServer (ConfUtils.java:logGet(46)) - raft.rpc.type = GRPC (default)
2024-01-26 13:21:12,211 [main] INFO  grpc.GrpcConfigKeys (ConfUtils.java:logFallback(53)) - raft.grpc.admin.host = null (fallback to raft.grpc.server.host)
2024-01-26 13:21:12,211 [main] INFO  grpc.GrpcConfigKeys (ConfUtils.java:logGet(46)) - raft.grpc.admin.port = 15334 (custom)
2024-01-26 13:21:12,212 [main] INFO  grpc.GrpcConfigKeys (ConfUtils.java:logFallback(53)) - raft.grpc.client.host = null (fallback to raft.grpc.server.host)
2024-01-26 13:21:12,212 [main] INFO  grpc.GrpcConfigKeys (ConfUtils.java:logGet(46)) - raft.grpc.client.port = 15333 (custom)
2024-01-26 13:21:12,212 [main] INFO  grpc.GrpcConfigKeys (ConfUtils.java:logGet(46)) - raft.grpc.server.host = null (default)
2024-01-26 13:21:12,212 [main] INFO  grpc.GrpcConfigKeys (ConfUtils.java:logGet(46)) - raft.grpc.server.port = 15335 (custom)
2024-01-26 13:21:12,212 [main] INFO  server.GrpcService (ConfUtils.java:logGet(46)) - raft.grpc.message.size.max = 32MB (=33554432) (custom)
2024-01-26 13:21:12,213 [main] INFO  server.RaftServerConfigKeys (ConfUtils.java:logGet(46)) - raft.server.log.appender.buffer.byte-limit = 8388608 (custom)
2024-01-26 13:21:12,213 [main] INFO  server.GrpcService (ConfUtils.java:logGet(46)) - raft.grpc.flow.control.window = 5MB (=5242880) (custom)
2024-01-26 13:21:12,213 [main] INFO  server.RaftServerConfigKeys (ConfUtils.java:logGet(46)) - raft.server.rpc.request.timeout = 3000ms (default)
2024-01-26 13:21:12,213 [main] INFO  grpc.GrpcConfigKeys (ConfUtils.java:logGet(46)) - raft.grpc.server.heartbeat.channel = true (default)
2024-01-26 13:21:12,213 [main] INFO  grpc.GrpcConfigKeys (ConfUtils.java:logGet(46)) - raft.grpc.server.async.request.thread.pool.cached = true (default)
2024-01-26 13:21:12,214 [main] INFO  grpc.GrpcConfigKeys (ConfUtils.java:logGet(46)) - raft.grpc.server.async.request.thread.pool.size = 32 (default)
2024-01-26 13:21:12,215 [main] INFO  impl.DataStreamServerImpl (ConfUtils.java:logGet(46)) - raft.datastream.type = NETTY (custom)
2024-01-26 13:21:12,216 [main] INFO  server.RaftServerConfigKeys (ConfUtils.java:logGet(46)) - raft.server.data-stream.async.request.thread.pool.cached = false (default)
2024-01-26 13:21:12,216 [main] INFO  server.RaftServerConfigKeys (ConfUtils.java:logGet(46)) - raft.server.data-stream.async.request.thread.pool.size = 20 (custom)
2024-01-26 13:21:12,216 [main] INFO  server.RaftServerConfigKeys (ConfUtils.java:logGet(46)) - raft.server.data-stream.async.write.thread.pool.size = 16 (default)
2024-01-26 13:21:12,216 [main] INFO  netty.NettyConfigKeys$DataStream (ConfUtils.java:logGet(46)) - raft.netty.dataStream.server.channel.inactive.grace-period = 10min (default)
2024-01-26 13:21:12,217 [main] INFO  server.RaftServerConfigKeys (ConfUtils.java:logGet(46)) - raft.server.data-stream.client.pool.size = 10 (default)
2024-01-26 13:21:12,217 [main] INFO  netty.NettyConfigKeys$DataStream (ConfUtils.java:logGet(46)) - raft.netty.dataStream.server.use-epoll = true (default)
2024-01-26 13:21:12,217 [main] INFO  netty.NettyConfigKeys$DataStream (ConfUtils.java:logGet(46)) - raft.netty.dataStream.server.boss-group.size = 0 (default)
2024-01-26 13:21:12,217 [main] INFO  netty.NettyUtils (NettyUtils.java:newEventLoopGroup(69)) - Create EpollEventLoopGroup for 8e7f399e-f7c5-430e-98c6-d19423f76280-NettyServerStreamRpc-bossGroup; Thread size is 0.
2024-01-26 13:21:12,217 [main] INFO  netty.NettyConfigKeys$DataStream (ConfUtils.java:logGet(46)) - raft.netty.dataStream.server.worker-group.size = 0 (default)
2024-01-26 13:21:12,218 [main] INFO  netty.NettyUtils (NettyUtils.java:newEventLoopGroup(69)) - Create EpollEventLoopGroup for 8e7f399e-f7c5-430e-98c6-d19423f76280-NettyServerStreamRpc-workerGroup; Thread size is 0.
2024-01-26 13:21:12,218 [main] INFO  netty.NettyConfigKeys$DataStream (ConfUtils.java:logGet(46)) - raft.netty.dataStream.server.tls.conf = null (default)
2024-01-26 13:21:12,218 [main] INFO  netty.NettyConfigKeys$DataStream (ConfUtils.java:logGet(46)) - raft.netty.dataStream.host = null (default)
2024-01-26 13:21:12,218 [main] INFO  netty.NettyConfigKeys$DataStream (ConfUtils.java:logGet(46)) - raft.netty.dataStream.port = 15336 (custom)
2024-01-26 13:21:12,219 [main] INFO  server.RaftServerConfigKeys (ConfUtils.java:logGet(46)) - raft.server.sleep.deviation.threshold = 300ms (default)
2024-01-26 13:21:12,219 [main] INFO  server.RaftServerConfigKeys (ConfUtils.java:logGet(46)) - raft.server.close.threshold = 60s (default)
2024-01-26 13:21:12,219 [8e7f399e-f7c5-430e-98c6-d19423f76280-NettyServerStreamRpc-bossGroup--thread1] INFO  logging.LoggingHandler (AbstractInternalLogger.java:log(148)) - [id: 0x1f249a72] REGISTERED
2024-01-26 13:21:12,219 [main] INFO  server.RaftServerConfigKeys (ConfUtils.java:logGet(46)) - raft.server.leaderelection.leader.step-down.wait-time = 10s (default)
2024-01-26 13:21:12,219 [8e7f399e-f7c5-430e-98c6-d19423f76280-NettyServerStreamRpc-bossGroup--thread1] INFO  logging.LoggingHandler (AbstractInternalLogger.java:log(148)) - [id: 0x1f249a72] BIND: 0.0.0.0/0.0.0.0:15336
2024-01-26 13:21:12,219 [main] INFO  server.RaftServerConfigKeys (ConfUtils.java:logGet(46)) - raft.server.storage.dir = [/home/runner/work/ozone/ozone/hadoop-ozone/integration-test/target/test-dir/MiniOzoneClusterImpl-953fd8c5-ac00-44c9-baab-0887e32ba883/datanode-6/data/ratis] (custom)
2024-01-26 13:21:12,219 [8e7f399e-f7c5-430e-98c6-d19423f76280-NettyServerStreamRpc-bossGroup--thread1] INFO  logging.LoggingHandler (AbstractInternalLogger.java:log(148)) - [id: 0x1f249a72, L:/0.0.0.0:15336] ACTIVE
2024-01-26 13:21:12,219 [main] INFO  server.RaftServerConfigKeys (ConfUtils.java:logGet(46)) - raft.server.threadpool.proxy.cached = true (default)
2024-01-26 13:21:12,220 [main] INFO  server.RaftServerConfigKeys (ConfUtils.java:logGet(46)) - raft.server.threadpool.proxy.size = 0 (default)
2024-01-26 13:21:12,220 [8e7f399e-f7c5-430e-98c6-d19423f76280-impl-thread1] INFO  server.RaftServer (RaftServerProxy.java:initGroupDir(264)) - 8e7f399e-f7c5-430e-98c6-d19423f76280: found a subdirectory /home/runner/work/ozone/ozone/hadoop-ozone/integration-test/target/test-dir/MiniOzoneClusterImpl-953fd8c5-ac00-44c9-baab-0887e32ba883/datanode-6/data/ratis/tmp
2024-01-26 13:21:12,220 [8e7f399e-f7c5-430e-98c6-d19423f76280-impl-thread1] INFO  server.RaftServer (RaftServerProxy.java:initGroupDir(269)) - 8e7f399e-f7c5-430e-98c6-d19423f76280: The directory /home/runner/work/ozone/ozone/hadoop-ozone/integration-test/target/test-dir/MiniOzoneClusterImpl-953fd8c5-ac00-44c9-baab-0887e32ba883/datanode-6/data/ratis/tmp is not a group directory; ignoring it. 
2024-01-26 13:21:12,220 [main] INFO  replication.ReplicationServer (ReplicationServer.java:<init>(85)) - Initializing replication server with thread count = 10 queue length = 4096
2024-01-26 13:21:12,221 [main] INFO  server.XceiverServerGrpc (XceiverServerGrpc.java:<init>(141)) - GrpcServer channel type EpollServerSocketChannel
2024-01-26 13:21:12,222 [main] INFO  replication.ReplicationSupervisor (ReplicationSupervisor.java:build(163)) - Initializing replication supervisor with thread count = 10
2024-01-26 13:21:12,222 [main] INFO  replication.ReplicationSupervisor (ReplicationSupervisor.java:nodeStateUpdated(317)) - Node state updated to IN_SERVICE, scaling executor pool size to 10
2024-01-26 13:21:12,223 [main] INFO  http.BaseHttpServer (BaseHttpServer.java:newHttpServer2BuilderForOzone(223)) - Starting Web-server for hddsDatanode at: http://0.0.0.0:15330
2024-01-26 13:21:12,223 [main] INFO  http.BaseHttpServer (BaseHttpServer.java:<init>(110)) - Hadoop Security Enabled: false Ozone Security Enabled: false Ozone HTTP Security Enabled: false 
2024-01-26 13:21:12,226 [main] WARN  server.AuthenticationFilter (AuthenticationFilter.java:constructSecretProvider(240)) - Unable to initialize FileSignerSecretProvider, falling back to use random secrets. Reason: Could not read signature secret file: /home/runner/hadoop-http-auth-signature-secret
2024-01-26 13:21:12,227 [main] INFO  http.HttpRequestLog (HttpRequestLog.java:getRequestLog(86)) - Http request log for http.requests.hddsDatanode is not defined
2024-01-26 13:21:12,227 [main] INFO  http.HttpServer2 (HttpServer2.java:addGlobalFilter(1036)) - Added global filter 'safety' (class=org.apache.hadoop.hdds.server.http.HttpServer2$QuotingInputFilter)
2024-01-26 13:21:12,228 [main] INFO  http.HttpServer2 (HttpServer2.java:addFilter(1012)) - Added filter static_user_filter (class=org.apache.hadoop.http.lib.StaticUserWebFilter$StaticUserFilter) to context hddsDatanode
2024-01-26 13:21:12,228 [main] INFO  http.HttpServer2 (HttpServer2.java:addFilter(1020)) - Added filter static_user_filter (class=org.apache.hadoop.http.lib.StaticUserWebFilter$StaticUserFilter) to context logs
2024-01-26 13:21:12,228 [main] INFO  http.HttpServer2 (HttpServer2.java:addFilter(1020)) - Added filter static_user_filter (class=org.apache.hadoop.http.lib.StaticUserWebFilter$StaticUserFilter) to context static
2024-01-26 13:21:12,228 [main] INFO  http.BaseHttpServer (BaseHttpServer.java:<init>(189)) - HTTP server of hddsDatanode uses base directory /home/runner/work/ozone/ozone/hadoop-ozone/integration-test/target/test-dir/MiniOzoneClusterImpl-953fd8c5-ac00-44c9-baab-0887e32ba883/datanode-6/meta/webserver
2024-01-26 13:21:12,229 [main] INFO  http.HttpServer2 (HttpServer2.java:bindListener(1236)) - Jetty bound to port 15330
2024-01-26 13:21:12,229 [main] INFO  server.Server (Server.java:doStart(375)) - jetty-9.4.53.v20231009; built: 2023-10-09T12:29:09.265Z; git: 27bde00a0b95a1d5bbee0eae7984f891d2d0f8c9; jvm 1.8.0_392-b08
2024-01-26 13:21:12,230 [main] INFO  server.session (DefaultSessionIdManager.java:doStart(334)) - DefaultSessionIdManager workerName=node0
2024-01-26 13:21:12,230 [main] INFO  server.session (DefaultSessionIdManager.java:doStart(339)) - No SessionScavenger set, using defaults
2024-01-26 13:21:12,232 [main] INFO  server.session (HouseKeeper.java:startScavenging(132)) - node0 Scavenging every 600000ms
2024-01-26 13:21:12,233 [main] INFO  handler.ContextHandler (ContextHandler.java:doStart(921)) - Started o.e.j.s.ServletContextHandler@6383bbf5{logs,/logs,file:///home/runner/work/ozone/ozone/hadoop-ozone/integration-test/target/log,AVAILABLE}
2024-01-26 13:21:12,233 [main] INFO  handler.ContextHandler (ContextHandler.java:doStart(921)) - Started o.e.j.s.ServletContextHandler@2ec9a953{static,/static,jar:file:/home/runner/.m2/repository/org/apache/ozone/hdds-container-service/1.5.0-SNAPSHOT/hdds-container-service-1.5.0-SNAPSHOT.jar!/webapps/static,AVAILABLE}
2024-01-26 13:21:12,264 [main] INFO  handler.ContextHandler (ContextHandler.java:doStart(921)) - Started o.e.j.w.WebAppContext@40cb94e2{hddsDatanode,/,file:///home/runner/work/ozone/ozone/hadoop-ozone/integration-test/target/test-dir/MiniOzoneClusterImpl-953fd8c5-ac00-44c9-baab-0887e32ba883/datanode-6/meta/webserver/jetty-0_0_0_0-15330-hdds-container-service-1_5_0-SNAPSHOT_jar-_-any-4775135926340941636/webapp/,AVAILABLE}{jar:file:/home/runner/.m2/repository/org/apache/ozone/hdds-container-service/1.5.0-SNAPSHOT/hdds-container-service-1.5.0-SNAPSHOT.jar!/webapps/hddsDatanode}
2024-01-26 13:21:12,265 [main] INFO  server.AbstractConnector (AbstractConnector.java:doStart(333)) - Started ServerConnector@3561e0a{HTTP/1.1, (http/1.1)}{0.0.0.0:15330}
2024-01-26 13:21:12,266 [main] INFO  server.Server (Server.java:doStart(415)) - Started @108728ms
2024-01-26 13:21:12,266 [main] WARN  impl.MetricsSystemImpl (MetricsSystemImpl.java:register(279)) - Sink prometheus already exists!
2024-01-26 13:21:12,266 [main] INFO  http.BaseHttpServer (BaseHttpServer.java:updateConnectorAddress(354)) - HTTP server of hddsDatanode listening at http://0.0.0.0:15330
2024-01-26 13:21:12,267 [main] INFO  ipc.CallQueueManager (CallQueueManager.java:<init>(90)) - Using callQueue: class java.util.concurrent.LinkedBlockingQueue, queueCapacity: 100, scheduler: class org.apache.hadoop.ipc.DefaultRpcScheduler, ipcBackoff: false.
2024-01-26 13:21:12,267 [main] INFO  ipc.Server (Server.java:<init>(1287)) - Listener at 0.0.0.0:15331
2024-01-26 13:21:12,267 [Socket Reader #1 for port 15331] INFO  ipc.Server (Server.java:run(1323)) - Starting Socket Reader #1 for port 15331
2024-01-26 13:21:12,269 [main] INFO  ozone.HddsDatanodeService (HddsDatanodeService.java:start(324)) - Datanode start with admins: [runner]
2024-01-26 13:21:12,269 [main] INFO  ozone.HddsDatanodeClientProtocolServer (HddsDatanodeClientProtocolServer.java:start(72)) - RPC server for Client /0.0.0.0:15331
2024-01-26 13:21:12,270 [IPC Server Responder] INFO  ipc.Server (Server.java:run(1562)) - IPC Server Responder: starting
2024-01-26 13:21:12,270 [IPC Server listener on 15331] INFO  ipc.Server (Server.java:run(1402)) - IPC Server listener on 15331: starting
2024-01-26 13:21:12,271 [8e7f399e-f7c5-430e-98c6-d19423f76280-DatanodeStateMachineDaemonThread] INFO  statemachine.DatanodeStateMachine (DatanodeStateMachine.java:lambda$startDaemon$1(555)) - Ozone container server started.
2024-01-26 13:21:12,271 [main] WARN  dropwizard3.Dm3MetricRegistriesImpl (Dm3MetricRegistriesImpl.java:addReporterRegistration(113)) - New reporters are added after registries were created. Some metrics will be missing from the reporter. Please add reporter before adding any new registry.
2024-01-26 13:21:12,272 [main] WARN  dropwizard3.Dm3MetricRegistriesImpl (Dm3MetricRegistriesImpl.java:addReporterRegistration(113)) - New reporters are added after registries were created. Some metrics will be missing from the reporter. Please add reporter before adding any new registry.
2024-01-26 13:21:12,272 [main] INFO  impl.MetricsSystemImpl (MetricsSystemImpl.java:init(158)) - HddsDatanode metrics system started (again)
2024-01-26 13:21:12,274 [8e7f399e-f7c5-430e-98c6-d19423f76280-DatanodeStateMachineTaskThread-0] INFO  datanode.InitDatanodeState (InitDatanodeState.java:persistContainerDatanodeDetails(139)) - DatanodeDetails is persisted to /home/runner/work/ozone/ozone/hadoop-ozone/integration-test/target/test-dir/MiniOzoneClusterImpl-953fd8c5-ac00-44c9-baab-0887e32ba883/datanode-6/meta/datanode.id
2024-01-26 13:21:12,281 [main] INFO  ozone.HddsDatanodeService (HddsDatanodeService.java:start(239)) - HddsDatanodeService host:fv-az983-443.a2pef1dptxmevgtwlerx3iae4a.cx.internal.cloudapp.net ip:10.1.0.20
2024-01-26 13:21:12,298 [main] INFO  upgrade.AbstractLayoutVersionManager (AbstractLayoutVersionManager.java:init(83)) - Initializing Layout version manager with metadata layout = HADOOP_PRC_PORTS_IN_DATANODEDETAILS (version = 7), software layout = HADOOP_PRC_PORTS_IN_DATANODEDETAILS (version = 7)
2024-01-26 13:21:12,298 [main] INFO  statemachine.DatanodeStateMachine (DatanodeStateMachine.java:getEndPointTaskThreadPoolSize(299)) - Datanode State Machine Task Thread Pool size 2
2024-01-26 13:21:12,299 [main] INFO  volume.HddsVolume (HddsVolume.java:<init>(125)) - Creating HddsVolume: /home/runner/work/ozone/ozone/hadoop-ozone/integration-test/target/test-dir/MiniOzoneClusterImpl-953fd8c5-ac00-44c9-baab-0887e32ba883/datanode-7/data-0/containers/hdds of storage type : DISK capacity : 9223372036854775807
2024-01-26 13:21:12,299 [main] INFO  volume.MutableVolumeSet (MutableVolumeSet.java:initializeVolumeSet(173)) - Added Volume : /home/runner/work/ozone/ozone/hadoop-ozone/integration-test/target/test-dir/MiniOzoneClusterImpl-953fd8c5-ac00-44c9-baab-0887e32ba883/datanode-7/data-0/containers/hdds to VolumeSet
2024-01-26 13:21:12,299 [main] INFO  volume.MutableVolumeSet (MutableVolumeSet.java:initializeVolumeSet(173)) - Added Volume : /home/runner/work/ozone/ozone/hadoop-ozone/integration-test/target/test-dir/MiniOzoneClusterImpl-953fd8c5-ac00-44c9-baab-0887e32ba883/datanode-7/data/ratis to VolumeSet
2024-01-26 13:21:12,304 [main] INFO  ozoneimpl.OzoneContainer (HddsVolumeUtil.java:loadAllHddsVolumeDbStore(103)) - Load 1 volumes DbStore cost: 5ms
2024-01-26 13:21:12,305 [282c7661-760d-4a20-bf76-23fe8f9b2b08-ContainerReader-0] INFO  ozoneimpl.ContainerReader (ContainerReader.java:readVolume(178)) - Finish verifying containers on volume /home/runner/work/ozone/ozone/hadoop-ozone/integration-test/target/test-dir/MiniOzoneClusterImpl-953fd8c5-ac00-44c9-baab-0887e32ba883/datanode-7/data-0/containers/hdds
2024-01-26 13:21:12,305 [main] INFO  ozoneimpl.OzoneContainer (OzoneContainer.java:buildContainerSet(328)) - Build ContainerSet costs 0s
2024-01-26 13:21:12,306 [main] INFO  server.RaftServer (ConfUtils.java:logGet(46)) - raft.rpc.type = GRPC (default)
2024-01-26 13:21:12,306 [main] INFO  grpc.GrpcConfigKeys (ConfUtils.java:logFallback(53)) - raft.grpc.admin.host = null (fallback to raft.grpc.server.host)
2024-01-26 13:21:12,306 [main] INFO  grpc.GrpcConfigKeys (ConfUtils.java:logGet(46)) - raft.grpc.admin.port = 15343 (custom)
2024-01-26 13:21:12,307 [main] INFO  grpc.GrpcConfigKeys (ConfUtils.java:logFallback(53)) - raft.grpc.client.host = null (fallback to raft.grpc.server.host)
2024-01-26 13:21:12,307 [main] INFO  grpc.GrpcConfigKeys (ConfUtils.java:logGet(46)) - raft.grpc.client.port = 15342 (custom)
2024-01-26 13:21:12,307 [main] INFO  grpc.GrpcConfigKeys (ConfUtils.java:logGet(46)) - raft.grpc.server.host = null (default)
2024-01-26 13:21:12,307 [main] INFO  grpc.GrpcConfigKeys (ConfUtils.java:logGet(46)) - raft.grpc.server.port = 15344 (custom)
2024-01-26 13:21:12,307 [main] INFO  server.GrpcService (ConfUtils.java:logGet(46)) - raft.grpc.message.size.max = 32MB (=33554432) (custom)
2024-01-26 13:21:12,307 [main] INFO  server.RaftServerConfigKeys (ConfUtils.java:logGet(46)) - raft.server.log.appender.buffer.byte-limit = 8388608 (custom)
2024-01-26 13:21:12,307 [main] INFO  server.GrpcService (ConfUtils.java:logGet(46)) - raft.grpc.flow.control.window = 5MB (=5242880) (custom)
2024-01-26 13:21:12,307 [main] INFO  server.RaftServerConfigKeys (ConfUtils.java:logGet(46)) - raft.server.rpc.request.timeout = 3000ms (default)
2024-01-26 13:21:12,307 [main] INFO  grpc.GrpcConfigKeys (ConfUtils.java:logGet(46)) - raft.grpc.server.heartbeat.channel = true (default)
2024-01-26 13:21:12,308 [main] INFO  grpc.GrpcConfigKeys (ConfUtils.java:logGet(46)) - raft.grpc.server.async.request.thread.pool.cached = true (default)
2024-01-26 13:21:12,308 [main] INFO  grpc.GrpcConfigKeys (ConfUtils.java:logGet(46)) - raft.grpc.server.async.request.thread.pool.size = 32 (default)
2024-01-26 13:21:12,309 [main] INFO  impl.DataStreamServerImpl (ConfUtils.java:logGet(46)) - raft.datastream.type = NETTY (custom)
2024-01-26 13:21:12,310 [main] INFO  server.RaftServerConfigKeys (ConfUtils.java:logGet(46)) - raft.server.data-stream.async.request.thread.pool.cached = false (default)
2024-01-26 13:21:12,310 [main] INFO  server.RaftServerConfigKeys (ConfUtils.java:logGet(46)) - raft.server.data-stream.async.request.thread.pool.size = 20 (custom)
2024-01-26 13:21:12,310 [main] INFO  server.RaftServerConfigKeys (ConfUtils.java:logGet(46)) - raft.server.data-stream.async.write.thread.pool.size = 16 (default)
2024-01-26 13:21:12,310 [main] INFO  netty.NettyConfigKeys$DataStream (ConfUtils.java:logGet(46)) - raft.netty.dataStream.server.channel.inactive.grace-period = 10min (default)
2024-01-26 13:21:12,310 [main] INFO  server.RaftServerConfigKeys (ConfUtils.java:logGet(46)) - raft.server.data-stream.client.pool.size = 10 (default)
2024-01-26 13:21:12,310 [main] INFO  netty.NettyConfigKeys$DataStream (ConfUtils.java:logGet(46)) - raft.netty.dataStream.server.use-epoll = true (default)
2024-01-26 13:21:12,310 [main] INFO  netty.NettyConfigKeys$DataStream (ConfUtils.java:logGet(46)) - raft.netty.dataStream.server.boss-group.size = 0 (default)
2024-01-26 13:21:12,310 [main] INFO  netty.NettyUtils (NettyUtils.java:newEventLoopGroup(69)) - Create EpollEventLoopGroup for 282c7661-760d-4a20-bf76-23fe8f9b2b08-NettyServerStreamRpc-bossGroup; Thread size is 0.
2024-01-26 13:21:12,311 [main] INFO  netty.NettyConfigKeys$DataStream (ConfUtils.java:logGet(46)) - raft.netty.dataStream.server.worker-group.size = 0 (default)
2024-01-26 13:21:12,311 [main] INFO  netty.NettyUtils (NettyUtils.java:newEventLoopGroup(69)) - Create EpollEventLoopGroup for 282c7661-760d-4a20-bf76-23fe8f9b2b08-NettyServerStreamRpc-workerGroup; Thread size is 0.
2024-01-26 13:21:12,311 [main] INFO  netty.NettyConfigKeys$DataStream (ConfUtils.java:logGet(46)) - raft.netty.dataStream.server.tls.conf = null (default)
2024-01-26 13:21:12,311 [main] INFO  netty.NettyConfigKeys$DataStream (ConfUtils.java:logGet(46)) - raft.netty.dataStream.host = null (default)
2024-01-26 13:21:12,311 [main] INFO  netty.NettyConfigKeys$DataStream (ConfUtils.java:logGet(46)) - raft.netty.dataStream.port = 15345 (custom)
2024-01-26 13:21:12,311 [main] INFO  server.RaftServerConfigKeys (ConfUtils.java:logGet(46)) - raft.server.sleep.deviation.threshold = 300ms (default)
2024-01-26 13:21:12,312 [main] INFO  server.RaftServerConfigKeys (ConfUtils.java:logGet(46)) - raft.server.close.threshold = 60s (default)
2024-01-26 13:21:12,312 [282c7661-760d-4a20-bf76-23fe8f9b2b08-NettyServerStreamRpc-bossGroup--thread1] INFO  logging.LoggingHandler (AbstractInternalLogger.java:log(148)) - [id: 0x3d672d4a] REGISTERED
2024-01-26 13:21:12,312 [main] INFO  server.RaftServerConfigKeys (ConfUtils.java:logGet(46)) - raft.server.leaderelection.leader.step-down.wait-time = 10s (default)
2024-01-26 13:21:12,312 [282c7661-760d-4a20-bf76-23fe8f9b2b08-NettyServerStreamRpc-bossGroup--thread1] INFO  logging.LoggingHandler (AbstractInternalLogger.java:log(148)) - [id: 0x3d672d4a] BIND: 0.0.0.0/0.0.0.0:15345
2024-01-26 13:21:12,312 [main] INFO  server.RaftServerConfigKeys (ConfUtils.java:logGet(46)) - raft.server.storage.dir = [/home/runner/work/ozone/ozone/hadoop-ozone/integration-test/target/test-dir/MiniOzoneClusterImpl-953fd8c5-ac00-44c9-baab-0887e32ba883/datanode-7/data/ratis] (custom)
2024-01-26 13:21:12,312 [282c7661-760d-4a20-bf76-23fe8f9b2b08-NettyServerStreamRpc-bossGroup--thread1] INFO  logging.LoggingHandler (AbstractInternalLogger.java:log(148)) - [id: 0x3d672d4a, L:/0.0.0.0:15345] ACTIVE
2024-01-26 13:21:12,312 [main] INFO  server.RaftServerConfigKeys (ConfUtils.java:logGet(46)) - raft.server.threadpool.proxy.cached = true (default)
2024-01-26 13:21:12,312 [main] INFO  server.RaftServerConfigKeys (ConfUtils.java:logGet(46)) - raft.server.threadpool.proxy.size = 0 (default)
2024-01-26 13:21:12,313 [282c7661-760d-4a20-bf76-23fe8f9b2b08-impl-thread1] INFO  server.RaftServer (RaftServerProxy.java:initGroupDir(264)) - 282c7661-760d-4a20-bf76-23fe8f9b2b08: found a subdirectory /home/runner/work/ozone/ozone/hadoop-ozone/integration-test/target/test-dir/MiniOzoneClusterImpl-953fd8c5-ac00-44c9-baab-0887e32ba883/datanode-7/data/ratis/tmp
2024-01-26 13:21:12,313 [282c7661-760d-4a20-bf76-23fe8f9b2b08-impl-thread1] INFO  server.RaftServer (RaftServerProxy.java:initGroupDir(269)) - 282c7661-760d-4a20-bf76-23fe8f9b2b08: The directory /home/runner/work/ozone/ozone/hadoop-ozone/integration-test/target/test-dir/MiniOzoneClusterImpl-953fd8c5-ac00-44c9-baab-0887e32ba883/datanode-7/data/ratis/tmp is not a group directory; ignoring it. 
2024-01-26 13:21:12,313 [main] INFO  replication.ReplicationServer (ReplicationServer.java:<init>(85)) - Initializing replication server with thread count = 10 queue length = 4096
2024-01-26 13:21:12,314 [main] INFO  server.XceiverServerGrpc (XceiverServerGrpc.java:<init>(141)) - GrpcServer channel type EpollServerSocketChannel
2024-01-26 13:21:12,315 [main] INFO  replication.ReplicationSupervisor (ReplicationSupervisor.java:build(163)) - Initializing replication supervisor with thread count = 10
2024-01-26 13:21:12,315 [main] INFO  replication.ReplicationSupervisor (ReplicationSupervisor.java:nodeStateUpdated(317)) - Node state updated to IN_SERVICE, scaling executor pool size to 10
2024-01-26 13:21:12,316 [main] INFO  http.BaseHttpServer (BaseHttpServer.java:newHttpServer2BuilderForOzone(223)) - Starting Web-server for hddsDatanode at: http://0.0.0.0:15339
2024-01-26 13:21:12,316 [main] INFO  http.BaseHttpServer (BaseHttpServer.java:<init>(110)) - Hadoop Security Enabled: false Ozone Security Enabled: false Ozone HTTP Security Enabled: false 
2024-01-26 13:21:12,317 [main] WARN  server.AuthenticationFilter (AuthenticationFilter.java:constructSecretProvider(240)) - Unable to initialize FileSignerSecretProvider, falling back to use random secrets. Reason: Could not read signature secret file: /home/runner/hadoop-http-auth-signature-secret
2024-01-26 13:21:12,317 [main] INFO  http.HttpRequestLog (HttpRequestLog.java:getRequestLog(86)) - Http request log for http.requests.hddsDatanode is not defined
2024-01-26 13:21:12,318 [main] INFO  http.HttpServer2 (HttpServer2.java:addGlobalFilter(1036)) - Added global filter 'safety' (class=org.apache.hadoop.hdds.server.http.HttpServer2$QuotingInputFilter)
2024-01-26 13:21:12,319 [main] INFO  http.HttpServer2 (HttpServer2.java:addFilter(1012)) - Added filter static_user_filter (class=org.apache.hadoop.http.lib.StaticUserWebFilter$StaticUserFilter) to context hddsDatanode
2024-01-26 13:21:12,319 [main] INFO  http.HttpServer2 (HttpServer2.java:addFilter(1020)) - Added filter static_user_filter (class=org.apache.hadoop.http.lib.StaticUserWebFilter$StaticUserFilter) to context static
2024-01-26 13:21:12,319 [main] INFO  http.HttpServer2 (HttpServer2.java:addFilter(1020)) - Added filter static_user_filter (class=org.apache.hadoop.http.lib.StaticUserWebFilter$StaticUserFilter) to context logs
2024-01-26 13:21:12,319 [main] INFO  http.BaseHttpServer (BaseHttpServer.java:<init>(189)) - HTTP server of hddsDatanode uses base directory /home/runner/work/ozone/ozone/hadoop-ozone/integration-test/target/test-dir/MiniOzoneClusterImpl-953fd8c5-ac00-44c9-baab-0887e32ba883/datanode-7/meta/webserver
2024-01-26 13:21:12,320 [main] INFO  http.HttpServer2 (HttpServer2.java:bindListener(1236)) - Jetty bound to port 15339
2024-01-26 13:21:12,320 [main] INFO  server.Server (Server.java:doStart(375)) - jetty-9.4.53.v20231009; built: 2023-10-09T12:29:09.265Z; git: 27bde00a0b95a1d5bbee0eae7984f891d2d0f8c9; jvm 1.8.0_392-b08
2024-01-26 13:21:12,322 [main] INFO  server.session (DefaultSessionIdManager.java:doStart(334)) - DefaultSessionIdManager workerName=node0
2024-01-26 13:21:12,322 [main] INFO  server.session (DefaultSessionIdManager.java:doStart(339)) - No SessionScavenger set, using defaults
2024-01-26 13:21:12,322 [main] INFO  server.session (HouseKeeper.java:startScavenging(132)) - node0 Scavenging every 660000ms
2024-01-26 13:21:12,323 [main] INFO  handler.ContextHandler (ContextHandler.java:doStart(921)) - Started o.e.j.s.ServletContextHandler@331565c7{logs,/logs,file:///home/runner/work/ozone/ozone/hadoop-ozone/integration-test/target/log,AVAILABLE}
2024-01-26 13:21:12,323 [main] INFO  handler.ContextHandler (ContextHandler.java:doStart(921)) - Started o.e.j.s.ServletContextHandler@3e2e5d9e{static,/static,jar:file:/home/runner/.m2/repository/org/apache/ozone/hdds-container-service/1.5.0-SNAPSHOT/hdds-container-service-1.5.0-SNAPSHOT.jar!/webapps/static,AVAILABLE}
2024-01-26 13:21:12,355 [main] INFO  handler.ContextHandler (ContextHandler.java:doStart(921)) - Started o.e.j.w.WebAppContext@1e2ed757{hddsDatanode,/,file:///home/runner/work/ozone/ozone/hadoop-ozone/integration-test/target/test-dir/MiniOzoneClusterImpl-953fd8c5-ac00-44c9-baab-0887e32ba883/datanode-7/meta/webserver/jetty-0_0_0_0-15339-hdds-container-service-1_5_0-SNAPSHOT_jar-_-any-1352175902153775590/webapp/,AVAILABLE}{jar:file:/home/runner/.m2/repository/org/apache/ozone/hdds-container-service/1.5.0-SNAPSHOT/hdds-container-service-1.5.0-SNAPSHOT.jar!/webapps/hddsDatanode}
2024-01-26 13:21:12,358 [main] INFO  server.AbstractConnector (AbstractConnector.java:doStart(333)) - Started ServerConnector@14df6836{HTTP/1.1, (http/1.1)}{0.0.0.0:15339}
2024-01-26 13:21:12,358 [main] INFO  server.Server (Server.java:doStart(415)) - Started @108821ms
2024-01-26 13:21:12,359 [main] WARN  impl.MetricsSystemImpl (MetricsSystemImpl.java:register(279)) - Sink prometheus already exists!
2024-01-26 13:21:12,359 [main] INFO  http.BaseHttpServer (BaseHttpServer.java:updateConnectorAddress(354)) - HTTP server of hddsDatanode listening at http://0.0.0.0:15339
2024-01-26 13:21:12,359 [main] INFO  ipc.CallQueueManager (CallQueueManager.java:<init>(90)) - Using callQueue: class java.util.concurrent.LinkedBlockingQueue, queueCapacity: 100, scheduler: class org.apache.hadoop.ipc.DefaultRpcScheduler, ipcBackoff: false.
2024-01-26 13:21:12,360 [main] INFO  ipc.Server (Server.java:<init>(1287)) - Listener at 0.0.0.0:15340
2024-01-26 13:21:12,360 [Socket Reader #1 for port 15340] INFO  ipc.Server (Server.java:run(1323)) - Starting Socket Reader #1 for port 15340
2024-01-26 13:21:12,361 [main] INFO  ozone.HddsDatanodeService (HddsDatanodeService.java:start(324)) - Datanode start with admins: [runner]
2024-01-26 13:21:12,361 [main] INFO  ozone.HddsDatanodeClientProtocolServer (HddsDatanodeClientProtocolServer.java:start(72)) - RPC server for Client /0.0.0.0:15340
2024-01-26 13:21:12,362 [IPC Server Responder] INFO  ipc.Server (Server.java:run(1562)) - IPC Server Responder: starting
2024-01-26 13:21:12,362 [IPC Server listener on 15340] INFO  ipc.Server (Server.java:run(1402)) - IPC Server listener on 15340: starting
2024-01-26 13:21:12,362 [282c7661-760d-4a20-bf76-23fe8f9b2b08-DatanodeStateMachineDaemonThread] INFO  statemachine.DatanodeStateMachine (DatanodeStateMachine.java:lambda$startDaemon$1(555)) - Ozone container server started.
2024-01-26 13:21:12,362 [main] WARN  dropwizard3.Dm3MetricRegistriesImpl (Dm3MetricRegistriesImpl.java:addReporterRegistration(113)) - New reporters are added after registries were created. Some metrics will be missing from the reporter. Please add reporter before adding any new registry.
2024-01-26 13:21:12,362 [main] WARN  dropwizard3.Dm3MetricRegistriesImpl (Dm3MetricRegistriesImpl.java:addReporterRegistration(113)) - New reporters are added after registries were created. Some metrics will be missing from the reporter. Please add reporter before adding any new registry.
2024-01-26 13:21:12,362 [main] INFO  impl.MetricsSystemImpl (MetricsSystemImpl.java:init(158)) - HddsDatanode metrics system started (again)
2024-01-26 13:21:12,366 [282c7661-760d-4a20-bf76-23fe8f9b2b08-DatanodeStateMachineTaskThread-0] INFO  datanode.InitDatanodeState (InitDatanodeState.java:persistContainerDatanodeDetails(139)) - DatanodeDetails is persisted to /home/runner/work/ozone/ozone/hadoop-ozone/integration-test/target/test-dir/MiniOzoneClusterImpl-953fd8c5-ac00-44c9-baab-0887e32ba883/datanode-7/meta/datanode.id
2024-01-26 13:21:12,372 [main] INFO  ozone.HddsDatanodeService (HddsDatanodeService.java:start(239)) - HddsDatanodeService host:fv-az983-443.a2pef1dptxmevgtwlerx3iae4a.cx.internal.cloudapp.net ip:10.1.0.20
2024-01-26 13:21:12,389 [main] INFO  upgrade.AbstractLayoutVersionManager (AbstractLayoutVersionManager.java:init(83)) - Initializing Layout version manager with metadata layout = HADOOP_PRC_PORTS_IN_DATANODEDETAILS (version = 7), software layout = HADOOP_PRC_PORTS_IN_DATANODEDETAILS (version = 7)
2024-01-26 13:21:12,389 [main] INFO  statemachine.DatanodeStateMachine (DatanodeStateMachine.java:getEndPointTaskThreadPoolSize(299)) - Datanode State Machine Task Thread Pool size 2
2024-01-26 13:21:12,390 [main] INFO  volume.HddsVolume (HddsVolume.java:<init>(125)) - Creating HddsVolume: /home/runner/work/ozone/ozone/hadoop-ozone/integration-test/target/test-dir/MiniOzoneClusterImpl-953fd8c5-ac00-44c9-baab-0887e32ba883/datanode-8/data-0/containers/hdds of storage type : DISK capacity : 9223372036854775807
2024-01-26 13:21:12,390 [main] INFO  volume.MutableVolumeSet (MutableVolumeSet.java:initializeVolumeSet(173)) - Added Volume : /home/runner/work/ozone/ozone/hadoop-ozone/integration-test/target/test-dir/MiniOzoneClusterImpl-953fd8c5-ac00-44c9-baab-0887e32ba883/datanode-8/data-0/containers/hdds to VolumeSet
2024-01-26 13:21:12,391 [main] INFO  volume.MutableVolumeSet (MutableVolumeSet.java:initializeVolumeSet(173)) - Added Volume : /home/runner/work/ozone/ozone/hadoop-ozone/integration-test/target/test-dir/MiniOzoneClusterImpl-953fd8c5-ac00-44c9-baab-0887e32ba883/datanode-8/data/ratis to VolumeSet
2024-01-26 13:21:12,391 [main] INFO  ozoneimpl.OzoneContainer (HddsVolumeUtil.java:loadAllHddsVolumeDbStore(103)) - Load 1 volumes DbStore cost: 0ms
2024-01-26 13:21:12,391 [6765ae9a-8790-488a-a655-dfdac73b9f74-ContainerReader-0] INFO  ozoneimpl.ContainerReader (ContainerReader.java:readVolume(178)) - Finish verifying containers on volume /home/runner/work/ozone/ozone/hadoop-ozone/integration-test/target/test-dir/MiniOzoneClusterImpl-953fd8c5-ac00-44c9-baab-0887e32ba883/datanode-8/data-0/containers/hdds
2024-01-26 13:21:12,391 [main] INFO  ozoneimpl.OzoneContainer (OzoneContainer.java:buildContainerSet(328)) - Build ContainerSet costs 0s
2024-01-26 13:21:12,393 [main] INFO  server.RaftServer (ConfUtils.java:logGet(46)) - raft.rpc.type = GRPC (default)
2024-01-26 13:21:12,393 [main] INFO  grpc.GrpcConfigKeys (ConfUtils.java:logFallback(53)) - raft.grpc.admin.host = null (fallback to raft.grpc.server.host)
2024-01-26 13:21:12,393 [main] INFO  grpc.GrpcConfigKeys (ConfUtils.java:logGet(46)) - raft.grpc.admin.port = 15352 (custom)
2024-01-26 13:21:12,393 [main] INFO  grpc.GrpcConfigKeys (ConfUtils.java:logFallback(53)) - raft.grpc.client.host = null (fallback to raft.grpc.server.host)
2024-01-26 13:21:12,393 [main] INFO  grpc.GrpcConfigKeys (ConfUtils.java:logGet(46)) - raft.grpc.client.port = 15351 (custom)
2024-01-26 13:21:12,393 [main] INFO  grpc.GrpcConfigKeys (ConfUtils.java:logGet(46)) - raft.grpc.server.host = null (default)
2024-01-26 13:21:12,394 [main] INFO  grpc.GrpcConfigKeys (ConfUtils.java:logGet(46)) - raft.grpc.server.port = 15353 (custom)
2024-01-26 13:21:12,394 [main] INFO  server.GrpcService (ConfUtils.java:logGet(46)) - raft.grpc.message.size.max = 32MB (=33554432) (custom)
2024-01-26 13:21:12,394 [main] INFO  server.RaftServerConfigKeys (ConfUtils.java:logGet(46)) - raft.server.log.appender.buffer.byte-limit = 8388608 (custom)
2024-01-26 13:21:12,394 [main] INFO  server.GrpcService (ConfUtils.java:logGet(46)) - raft.grpc.flow.control.window = 5MB (=5242880) (custom)
2024-01-26 13:21:12,394 [main] INFO  server.RaftServerConfigKeys (ConfUtils.java:logGet(46)) - raft.server.rpc.request.timeout = 3000ms (default)
2024-01-26 13:21:12,394 [main] INFO  grpc.GrpcConfigKeys (ConfUtils.java:logGet(46)) - raft.grpc.server.heartbeat.channel = true (default)
2024-01-26 13:21:12,394 [main] INFO  grpc.GrpcConfigKeys (ConfUtils.java:logGet(46)) - raft.grpc.server.async.request.thread.pool.cached = true (default)
2024-01-26 13:21:12,394 [main] INFO  grpc.GrpcConfigKeys (ConfUtils.java:logGet(46)) - raft.grpc.server.async.request.thread.pool.size = 32 (default)
2024-01-26 13:21:12,396 [main] INFO  impl.DataStreamServerImpl (ConfUtils.java:logGet(46)) - raft.datastream.type = NETTY (custom)
2024-01-26 13:21:12,396 [main] INFO  server.RaftServerConfigKeys (ConfUtils.java:logGet(46)) - raft.server.data-stream.async.request.thread.pool.cached = false (default)
2024-01-26 13:21:12,396 [main] INFO  server.RaftServerConfigKeys (ConfUtils.java:logGet(46)) - raft.server.data-stream.async.request.thread.pool.size = 20 (custom)
2024-01-26 13:21:12,396 [main] INFO  server.RaftServerConfigKeys (ConfUtils.java:logGet(46)) - raft.server.data-stream.async.write.thread.pool.size = 16 (default)
2024-01-26 13:21:12,396 [main] INFO  netty.NettyConfigKeys$DataStream (ConfUtils.java:logGet(46)) - raft.netty.dataStream.server.channel.inactive.grace-period = 10min (default)
2024-01-26 13:21:12,397 [main] INFO  server.RaftServerConfigKeys (ConfUtils.java:logGet(46)) - raft.server.data-stream.client.pool.size = 10 (default)
2024-01-26 13:21:12,397 [main] INFO  netty.NettyConfigKeys$DataStream (ConfUtils.java:logGet(46)) - raft.netty.dataStream.server.use-epoll = true (default)
2024-01-26 13:21:12,397 [main] INFO  netty.NettyConfigKeys$DataStream (ConfUtils.java:logGet(46)) - raft.netty.dataStream.server.boss-group.size = 0 (default)
2024-01-26 13:21:12,397 [main] INFO  netty.NettyUtils (NettyUtils.java:newEventLoopGroup(69)) - Create EpollEventLoopGroup for 6765ae9a-8790-488a-a655-dfdac73b9f74-NettyServerStreamRpc-bossGroup; Thread size is 0.
2024-01-26 13:21:12,397 [main] INFO  netty.NettyConfigKeys$DataStream (ConfUtils.java:logGet(46)) - raft.netty.dataStream.server.worker-group.size = 0 (default)
2024-01-26 13:21:12,397 [main] INFO  netty.NettyUtils (NettyUtils.java:newEventLoopGroup(69)) - Create EpollEventLoopGroup for 6765ae9a-8790-488a-a655-dfdac73b9f74-NettyServerStreamRpc-workerGroup; Thread size is 0.
2024-01-26 13:21:12,398 [main] INFO  netty.NettyConfigKeys$DataStream (ConfUtils.java:logGet(46)) - raft.netty.dataStream.server.tls.conf = null (default)
2024-01-26 13:21:12,398 [main] INFO  netty.NettyConfigKeys$DataStream (ConfUtils.java:logGet(46)) - raft.netty.dataStream.host = null (default)
2024-01-26 13:21:12,398 [main] INFO  netty.NettyConfigKeys$DataStream (ConfUtils.java:logGet(46)) - raft.netty.dataStream.port = 15354 (custom)
2024-01-26 13:21:12,398 [main] INFO  server.RaftServerConfigKeys (ConfUtils.java:logGet(46)) - raft.server.sleep.deviation.threshold = 300ms (default)
2024-01-26 13:21:12,398 [6765ae9a-8790-488a-a655-dfdac73b9f74-NettyServerStreamRpc-bossGroup--thread1] INFO  logging.LoggingHandler (AbstractInternalLogger.java:log(148)) - [id: 0xb253e987] REGISTERED
2024-01-26 13:21:12,398 [main] INFO  server.RaftServerConfigKeys (ConfUtils.java:logGet(46)) - raft.server.close.threshold = 60s (default)
2024-01-26 13:21:12,399 [6765ae9a-8790-488a-a655-dfdac73b9f74-NettyServerStreamRpc-bossGroup--thread1] INFO  logging.LoggingHandler (AbstractInternalLogger.java:log(148)) - [id: 0xb253e987] BIND: 0.0.0.0/0.0.0.0:15354
2024-01-26 13:21:12,399 [main] INFO  server.RaftServerConfigKeys (ConfUtils.java:logGet(46)) - raft.server.leaderelection.leader.step-down.wait-time = 10s (default)
2024-01-26 13:21:12,399 [6765ae9a-8790-488a-a655-dfdac73b9f74-NettyServerStreamRpc-bossGroup--thread1] INFO  logging.LoggingHandler (AbstractInternalLogger.java:log(148)) - [id: 0xb253e987, L:/0.0.0.0:15354] ACTIVE
2024-01-26 13:21:12,399 [main] INFO  server.RaftServerConfigKeys (ConfUtils.java:logGet(46)) - raft.server.storage.dir = [/home/runner/work/ozone/ozone/hadoop-ozone/integration-test/target/test-dir/MiniOzoneClusterImpl-953fd8c5-ac00-44c9-baab-0887e32ba883/datanode-8/data/ratis] (custom)
2024-01-26 13:21:12,399 [main] INFO  server.RaftServerConfigKeys (ConfUtils.java:logGet(46)) - raft.server.threadpool.proxy.cached = true (default)
2024-01-26 13:21:12,399 [main] INFO  server.RaftServerConfigKeys (ConfUtils.java:logGet(46)) - raft.server.threadpool.proxy.size = 0 (default)
2024-01-26 13:21:12,399 [6765ae9a-8790-488a-a655-dfdac73b9f74-impl-thread1] INFO  server.RaftServer (RaftServerProxy.java:initGroupDir(264)) - 6765ae9a-8790-488a-a655-dfdac73b9f74: found a subdirectory /home/runner/work/ozone/ozone/hadoop-ozone/integration-test/target/test-dir/MiniOzoneClusterImpl-953fd8c5-ac00-44c9-baab-0887e32ba883/datanode-8/data/ratis/tmp
2024-01-26 13:21:12,400 [6765ae9a-8790-488a-a655-dfdac73b9f74-impl-thread1] INFO  server.RaftServer (RaftServerProxy.java:initGroupDir(269)) - 6765ae9a-8790-488a-a655-dfdac73b9f74: The directory /home/runner/work/ozone/ozone/hadoop-ozone/integration-test/target/test-dir/MiniOzoneClusterImpl-953fd8c5-ac00-44c9-baab-0887e32ba883/datanode-8/data/ratis/tmp is not a group directory; ignoring it. 
2024-01-26 13:21:12,400 [main] INFO  replication.ReplicationServer (ReplicationServer.java:<init>(85)) - Initializing replication server with thread count = 10 queue length = 4096
2024-01-26 13:21:12,400 [main] INFO  server.XceiverServerGrpc (XceiverServerGrpc.java:<init>(141)) - GrpcServer channel type EpollServerSocketChannel
2024-01-26 13:21:12,401 [main] INFO  replication.ReplicationSupervisor (ReplicationSupervisor.java:build(163)) - Initializing replication supervisor with thread count = 10
2024-01-26 13:21:12,401 [main] INFO  replication.ReplicationSupervisor (ReplicationSupervisor.java:nodeStateUpdated(317)) - Node state updated to IN_SERVICE, scaling executor pool size to 10
2024-01-26 13:21:12,403 [main] INFO  http.BaseHttpServer (BaseHttpServer.java:newHttpServer2BuilderForOzone(223)) - Starting Web-server for hddsDatanode at: http://0.0.0.0:15348
2024-01-26 13:21:12,403 [main] INFO  http.BaseHttpServer (BaseHttpServer.java:<init>(110)) - Hadoop Security Enabled: false Ozone Security Enabled: false Ozone HTTP Security Enabled: false 
2024-01-26 13:21:12,403 [main] WARN  server.AuthenticationFilter (AuthenticationFilter.java:constructSecretProvider(240)) - Unable to initialize FileSignerSecretProvider, falling back to use random secrets. Reason: Could not read signature secret file: /home/runner/hadoop-http-auth-signature-secret
2024-01-26 13:21:12,404 [main] INFO  http.HttpRequestLog (HttpRequestLog.java:getRequestLog(86)) - Http request log for http.requests.hddsDatanode is not defined
2024-01-26 13:21:12,405 [main] INFO  http.HttpServer2 (HttpServer2.java:addGlobalFilter(1036)) - Added global filter 'safety' (class=org.apache.hadoop.hdds.server.http.HttpServer2$QuotingInputFilter)
2024-01-26 13:21:12,405 [main] INFO  http.HttpServer2 (HttpServer2.java:addFilter(1012)) - Added filter static_user_filter (class=org.apache.hadoop.http.lib.StaticUserWebFilter$StaticUserFilter) to context hddsDatanode
2024-01-26 13:21:12,405 [main] INFO  http.HttpServer2 (HttpServer2.java:addFilter(1020)) - Added filter static_user_filter (class=org.apache.hadoop.http.lib.StaticUserWebFilter$StaticUserFilter) to context static
2024-01-26 13:21:12,405 [main] INFO  http.HttpServer2 (HttpServer2.java:addFilter(1020)) - Added filter static_user_filter (class=org.apache.hadoop.http.lib.StaticUserWebFilter$StaticUserFilter) to context logs
2024-01-26 13:21:12,405 [main] INFO  http.BaseHttpServer (BaseHttpServer.java:<init>(189)) - HTTP server of hddsDatanode uses base directory /home/runner/work/ozone/ozone/hadoop-ozone/integration-test/target/test-dir/MiniOzoneClusterImpl-953fd8c5-ac00-44c9-baab-0887e32ba883/datanode-8/meta/webserver
2024-01-26 13:21:12,406 [main] INFO  http.HttpServer2 (HttpServer2.java:bindListener(1236)) - Jetty bound to port 15348
2024-01-26 13:21:12,406 [main] INFO  server.Server (Server.java:doStart(375)) - jetty-9.4.53.v20231009; built: 2023-10-09T12:29:09.265Z; git: 27bde00a0b95a1d5bbee0eae7984f891d2d0f8c9; jvm 1.8.0_392-b08
2024-01-26 13:21:12,407 [main] INFO  server.session (DefaultSessionIdManager.java:doStart(334)) - DefaultSessionIdManager workerName=node0
2024-01-26 13:21:12,407 [main] INFO  server.session (DefaultSessionIdManager.java:doStart(339)) - No SessionScavenger set, using defaults
2024-01-26 13:21:12,407 [main] INFO  server.session (HouseKeeper.java:startScavenging(132)) - node0 Scavenging every 600000ms
2024-01-26 13:21:12,407 [main] INFO  handler.ContextHandler (ContextHandler.java:doStart(921)) - Started o.e.j.s.ServletContextHandler@7fd1ba2{logs,/logs,file:///home/runner/work/ozone/ozone/hadoop-ozone/integration-test/target/log,AVAILABLE}
2024-01-26 13:21:12,408 [main] INFO  handler.ContextHandler (ContextHandler.java:doStart(921)) - Started o.e.j.s.ServletContextHandler@bd6a817{static,/static,jar:file:/home/runner/.m2/repository/org/apache/ozone/hdds-container-service/1.5.0-SNAPSHOT/hdds-container-service-1.5.0-SNAPSHOT.jar!/webapps/static,AVAILABLE}
2024-01-26 13:21:12,439 [main] INFO  handler.ContextHandler (ContextHandler.java:doStart(921)) - Started o.e.j.w.WebAppContext@28b71fce{hddsDatanode,/,file:///home/runner/work/ozone/ozone/hadoop-ozone/integration-test/target/test-dir/MiniOzoneClusterImpl-953fd8c5-ac00-44c9-baab-0887e32ba883/datanode-8/meta/webserver/jetty-0_0_0_0-15348-hdds-container-service-1_5_0-SNAPSHOT_jar-_-any-8578574466956957848/webapp/,AVAILABLE}{jar:file:/home/runner/.m2/repository/org/apache/ozone/hdds-container-service/1.5.0-SNAPSHOT/hdds-container-service-1.5.0-SNAPSHOT.jar!/webapps/hddsDatanode}
2024-01-26 13:21:12,441 [main] INFO  server.AbstractConnector (AbstractConnector.java:doStart(333)) - Started ServerConnector@4939d03a{HTTP/1.1, (http/1.1)}{0.0.0.0:15348}
2024-01-26 13:21:12,441 [main] INFO  server.Server (Server.java:doStart(415)) - Started @108904ms
2024-01-26 13:21:12,441 [main] WARN  impl.MetricsSystemImpl (MetricsSystemImpl.java:register(279)) - Sink prometheus already exists!
2024-01-26 13:21:12,442 [main] INFO  http.BaseHttpServer (BaseHttpServer.java:updateConnectorAddress(354)) - HTTP server of hddsDatanode listening at http://0.0.0.0:15348
2024-01-26 13:21:12,442 [main] INFO  ipc.CallQueueManager (CallQueueManager.java:<init>(90)) - Using callQueue: class java.util.concurrent.LinkedBlockingQueue, queueCapacity: 100, scheduler: class org.apache.hadoop.ipc.DefaultRpcScheduler, ipcBackoff: false.
2024-01-26 13:21:12,442 [main] INFO  ipc.Server (Server.java:<init>(1287)) - Listener at 0.0.0.0:15349
2024-01-26 13:21:12,442 [Socket Reader #1 for port 15349] INFO  ipc.Server (Server.java:run(1323)) - Starting Socket Reader #1 for port 15349
2024-01-26 13:21:12,445 [main] INFO  ozone.HddsDatanodeService (HddsDatanodeService.java:start(324)) - Datanode start with admins: [runner]
2024-01-26 13:21:12,445 [main] INFO  ozone.HddsDatanodeClientProtocolServer (HddsDatanodeClientProtocolServer.java:start(72)) - RPC server for Client /0.0.0.0:15349
2024-01-26 13:21:12,446 [IPC Server Responder] INFO  ipc.Server (Server.java:run(1562)) - IPC Server Responder: starting
2024-01-26 13:21:12,449 [IPC Server listener on 15349] INFO  ipc.Server (Server.java:run(1402)) - IPC Server listener on 15349: starting
2024-01-26 13:21:12,450 [6765ae9a-8790-488a-a655-dfdac73b9f74-DatanodeStateMachineDaemonThread] INFO  statemachine.DatanodeStateMachine (DatanodeStateMachine.java:lambda$startDaemon$1(555)) - Ozone container server started.
2024-01-26 13:21:12,450 [main] INFO  ozone.MiniOzoneClusterImpl (MiniOzoneClusterImpl.java:lambda$waitForClusterToBeReady$0(229)) - Waiting for nodes to be ready. Got 0 of 9 DN Heartbeats.
2024-01-26 13:21:12,452 [main] INFO  ozone.MiniOzoneClusterImpl (MiniOzoneClusterImpl.java:lambda$waitForClusterToBeReady$0(232)) - Waiting for cluster to exit safe mode
2024-01-26 13:21:12,452 [main] INFO  ozone.MiniOzoneClusterImpl (MiniOzoneClusterImpl.java:lambda$waitForClusterToBeReady$0(234)) - SCM became leader
2024-01-26 13:21:12,455 [6765ae9a-8790-488a-a655-dfdac73b9f74-DatanodeStateMachineTaskThread-0] INFO  datanode.InitDatanodeState (InitDatanodeState.java:persistContainerDatanodeDetails(139)) - DatanodeDetails is persisted to /home/runner/work/ozone/ozone/hadoop-ozone/integration-test/target/test-dir/MiniOzoneClusterImpl-953fd8c5-ac00-44c9-baab-0887e32ba883/datanode-8/meta/datanode.id
2024-01-26 13:21:12,592 [om1@group-C5BA1605619E-FollowerState] INFO  impl.FollowerState (FollowerState.java:run(143)) - om1@group-C5BA1605619E-FollowerState: change to CANDIDATE, lastRpcElapsedTime:1026971762ns, electionTimeout:1025ms
2024-01-26 13:21:12,592 [om1@group-C5BA1605619E-FollowerState] INFO  impl.RoleInfo (RoleInfo.java:shutdownFollowerState(110)) - om1: shutdown om1@group-C5BA1605619E-FollowerState
2024-01-26 13:21:12,592 [om1@group-C5BA1605619E-FollowerState] INFO  server.RaftServer$Division (RaftServerImpl.java:setRole(383)) - om1@group-C5BA1605619E: changes role from  FOLLOWER to CANDIDATE at term 0 for changeToCandidate
2024-01-26 13:21:12,592 [om1@group-C5BA1605619E-FollowerState] INFO  server.RaftServerConfigKeys (ConfUtils.java:logGet(46)) - raft.server.leaderelection.pre-vote = true (default)
2024-01-26 13:21:12,592 [om1@group-C5BA1605619E-FollowerState] INFO  impl.RoleInfo (RoleInfo.java:updateAndGet(139)) - om1: start om1@group-C5BA1605619E-LeaderElection49
2024-01-26 13:21:12,596 [om1@group-C5BA1605619E-LeaderElection49] INFO  impl.LeaderElection (LeaderElection.java:askForVotes(321)) - om1@group-C5BA1605619E-LeaderElection49 PRE_VOTE round 0: submit vote requests at term 0 for -1: peers:[om1|localhost:15274]|listeners:[], old=null
2024-01-26 13:21:12,596 [om1@group-C5BA1605619E-LeaderElection49] INFO  impl.LeaderElection (LeaderElection.java:askForVotes(323)) - om1@group-C5BA1605619E-LeaderElection49 PRE_VOTE round 0: result PASSED (term=0)
2024-01-26 13:21:12,597 [om1@group-C5BA1605619E-LeaderElection49] INFO  impl.LeaderElection (LeaderElection.java:askForVotes(321)) - om1@group-C5BA1605619E-LeaderElection49 ELECTION round 0: submit vote requests at term 1 for -1: peers:[om1|localhost:15274]|listeners:[], old=null
2024-01-26 13:21:12,598 [om1@group-C5BA1605619E-LeaderElection49] INFO  impl.LeaderElection (LeaderElection.java:askForVotes(323)) - om1@group-C5BA1605619E-LeaderElection49 ELECTION round 0: result PASSED (term=1)
2024-01-26 13:21:12,598 [om1@group-C5BA1605619E-LeaderElection49] INFO  impl.RoleInfo (RoleInfo.java:shutdownLeaderElection(130)) - om1: shutdown om1@group-C5BA1605619E-LeaderElection49
2024-01-26 13:21:12,598 [om1@group-C5BA1605619E-LeaderElection49] INFO  server.RaftServer$Division (RaftServerImpl.java:setRole(383)) - om1@group-C5BA1605619E: changes role from CANDIDATE to LEADER at term 1 for changeToLeader
2024-01-26 13:21:12,598 [om1@group-C5BA1605619E-LeaderElection49] INFO  server.RaftServerConfigKeys (ConfUtils.java:logGet(46)) - raft.server.staging.catchup.gap = 1000 (default)
2024-01-26 13:21:12,598 [om1@group-C5BA1605619E-LeaderElection49] INFO  server.RaftServerConfigKeys (ConfUtils.java:logGet(46)) - raft.server.write.element-limit = 4096 (default)
2024-01-26 13:21:12,598 [om1@group-C5BA1605619E-LeaderElection49] INFO  server.RaftServerConfigKeys (ConfUtils.java:logGet(46)) - raft.server.write.byte-limit = 64MB (=67108864) (default)
2024-01-26 13:21:12,598 [om1@group-C5BA1605619E-LeaderElection49] INFO  server.RaftServerConfigKeys (ConfUtils.java:logGet(46)) - raft.server.watch.timeout = 10s (default)
2024-01-26 13:21:12,598 [om1@group-C5BA1605619E-LeaderElection49] INFO  server.RaftServerConfigKeys (ConfUtils.java:logGet(46)) - raft.server.watch.timeout.denomination = 1s (default)
2024-01-26 13:21:12,598 [om1@group-C5BA1605619E-LeaderElection49] INFO  server.RaftServerConfigKeys (ConfUtils.java:logGet(46)) - raft.server.watch.element-limit = 65536 (default)
2024-01-26 13:21:12,598 [om1@group-C5BA1605619E-LeaderElection49] INFO  server.RaftServerConfigKeys (ConfUtils.java:logGet(46)) - raft.server.read.leader.lease.enabled = false (default)
2024-01-26 13:21:12,598 [om1@group-C5BA1605619E-LeaderElection49] INFO  server.RaftServerConfigKeys (ConfUtils.java:logGet(46)) - raft.server.read.leader.lease.timeout.ratio = 0.9 (default)
2024-01-26 13:21:12,598 [om1@group-C5BA1605619E-LeaderElection49] INFO  server.RaftServerConfigKeys (ConfUtils.java:logGet(46)) - raft.server.rpc.timeout.min = 1s (custom)
2024-01-26 13:21:12,599 [om1@group-C5BA1605619E-LeaderElection49] INFO  server.RaftServerConfigKeys (ConfUtils.java:logGet(46)) - raft.server.write.element-limit = 4096 (default)
2024-01-26 13:21:12,599 [om1@group-C5BA1605619E-LeaderElection49] INFO  server.RaftServerConfigKeys (ConfUtils.java:logGet(46)) - raft.server.write.follower.gap.ratio.max = -1.0 (default)
2024-01-26 13:21:12,599 [om1@group-C5BA1605619E-LeaderElection49] INFO  impl.RoleInfo (RoleInfo.java:updateAndGet(139)) - om1: start om1@group-C5BA1605619E-LeaderStateImpl
2024-01-26 13:21:12,599 [om1@group-C5BA1605619E-LeaderElection49] INFO  server.RaftServer$Division (RaftServerImpl.java:setFirstElection(574)) - om1@group-C5BA1605619E: set firstElectionSinceStartup to false for becomeLeader
2024-01-26 13:21:12,599 [om1@group-C5BA1605619E-LeaderElection49] INFO  server.RaftServer$Division (ServerState.java:setLeader(269)) - om1@group-C5BA1605619E: change Leader from null to om1 at term 1 for becomeLeader, leader elected after 1241ms
2024-01-26 13:21:12,599 [om1@group-C5BA1605619E-LeaderElection49] INFO  segmented.SegmentedRaftLogWorker (SegmentedRaftLogWorker.java:startLogSegment(430)) - om1@group-C5BA1605619E-SegmentedRaftLogWorker: Starting segment from index:0
2024-01-26 13:21:12,599 [om1@group-C5BA1605619E-SegmentedRaftLogWorker] INFO  segmented.BufferedWriteChannel (BufferedWriteChannel.java:open(62)) - open log_inprogress_0 at position 0
2024-01-26 13:21:12,606 [om1@group-C5BA1605619E-LeaderElection49] INFO  server.RaftServer$Division (ServerState.java:setRaftConf(386)) - om1@group-C5BA1605619E: set configuration 0: peers:[om1|localhost:15274]|listeners:[], old=null
2024-01-26 13:21:12,606 [om1@group-C5BA1605619E-SegmentedRaftLogWorker] INFO  segmented.SegmentedRaftLogWorker (SegmentedRaftLogWorker.java:execute(634)) - om1@group-C5BA1605619E-SegmentedRaftLogWorker: created new log segment /home/runner/work/ozone/ozone/hadoop-ozone/integration-test/target/test-dir/MiniOzoneClusterImpl-953fd8c5-ac00-44c9-baab-0887e32ba883/ozone-meta/ratis/bf265839-605b-3f16-9796-c5ba1605619e/current/log_inprogress_0
2024-01-26 13:21:12,608 [om1@group-C5BA1605619E-StateMachineUpdater] INFO  ratis.OzoneManagerStateMachine (OzoneManagerStateMachine.java:notifyConfigurationChanged(200)) - Received Configuration change notification from Ratis. New Peer list:
[id: "om1"
address: "localhost:15274"
startupRole: FOLLOWER
]
2024-01-26 13:21:12,608 [om1@group-C5BA1605619E-StateMachineUpdater] INFO  server.RaftServer$Division (LeaderStateImpl.java:isApplied(320)) - leader is ready since appliedIndex == 0 >= startIndex == 0
2024-01-26 13:21:13,453 [main] INFO  ozone.MiniOzoneClusterImpl (MiniOzoneClusterImpl.java:lambda$waitForClusterToBeReady$0(229)) - Waiting for nodes to be ready. Got 0 of 9 DN Heartbeats.
2024-01-26 13:21:13,453 [main] INFO  ozone.MiniOzoneClusterImpl (MiniOzoneClusterImpl.java:lambda$waitForClusterToBeReady$0(232)) - Waiting for cluster to exit safe mode
2024-01-26 13:21:13,453 [main] INFO  ozone.MiniOzoneClusterImpl (MiniOzoneClusterImpl.java:lambda$waitForClusterToBeReady$0(234)) - SCM became leader
2024-01-26 13:21:13,728 [2d827dc5-08e9-453f-94d7-4114e25c345f-EndpointStateMachineTaskThread-/0.0.0.0:15269-0 ] INFO  utils.DatanodeStoreCache (DatanodeStoreCache.java:addDB(72)) - Added db /home/runner/work/ozone/ozone/hadoop-ozone/integration-test/target/test-dir/MiniOzoneClusterImpl-953fd8c5-ac00-44c9-baab-0887e32ba883/datanode-0/data-0/containers/hdds/953fd8c5-ac00-44c9-baab-0887e32ba883/DS-6d9569ae-321b-46c7-8678-cdb97487cd58/container.db to cache
2024-01-26 13:21:13,728 [2d827dc5-08e9-453f-94d7-4114e25c345f-EndpointStateMachineTaskThread-/0.0.0.0:15269-0 ] INFO  volume.HddsVolume (HddsVolume.java:createDbStore(420)) - SchemaV3 db is created and loaded at /home/runner/work/ozone/ozone/hadoop-ozone/integration-test/target/test-dir/MiniOzoneClusterImpl-953fd8c5-ac00-44c9-baab-0887e32ba883/datanode-0/data-0/containers/hdds/953fd8c5-ac00-44c9-baab-0887e32ba883/DS-6d9569ae-321b-46c7-8678-cdb97487cd58/container.db for volume DS-6d9569ae-321b-46c7-8678-cdb97487cd58
2024-01-26 13:21:13,730 [2d827dc5-08e9-453f-94d7-4114e25c345f-EndpointStateMachineTaskThread-/0.0.0.0:15269-0 ] INFO  volume.ThrottledAsyncChecker (ThrottledAsyncChecker.java:schedule(141)) - Scheduling a check for /home/runner/work/ozone/ozone/hadoop-ozone/integration-test/target/test-dir/MiniOzoneClusterImpl-953fd8c5-ac00-44c9-baab-0887e32ba883/datanode-0/data-0/containers/hdds
2024-01-26 13:21:13,730 [2d827dc5-08e9-453f-94d7-4114e25c345f-EndpointStateMachineTaskThread-/0.0.0.0:15269-0 ] INFO  volume.StorageVolumeChecker (StorageVolumeChecker.java:checkAllVolumes(218)) - Scheduled health check for volume /home/runner/work/ozone/ozone/hadoop-ozone/integration-test/target/test-dir/MiniOzoneClusterImpl-953fd8c5-ac00-44c9-baab-0887e32ba883/datanode-0/data-0/containers/hdds
2024-01-26 13:21:13,732 [2d827dc5-08e9-453f-94d7-4114e25c345f-EndpointStateMachineTaskThread-/0.0.0.0:15269-0 ] INFO  volume.ThrottledAsyncChecker (ThrottledAsyncChecker.java:schedule(141)) - Scheduling a check for /home/runner/work/ozone/ozone/hadoop-ozone/integration-test/target/test-dir/MiniOzoneClusterImpl-953fd8c5-ac00-44c9-baab-0887e32ba883/datanode-0/data/ratis
2024-01-26 13:21:13,732 [2d827dc5-08e9-453f-94d7-4114e25c345f-EndpointStateMachineTaskThread-/0.0.0.0:15269-0 ] INFO  volume.StorageVolumeChecker (StorageVolumeChecker.java:checkAllVolumes(218)) - Scheduled health check for volume /home/runner/work/ozone/ozone/hadoop-ozone/integration-test/target/test-dir/MiniOzoneClusterImpl-953fd8c5-ac00-44c9-baab-0887e32ba883/datanode-0/data/ratis
2024-01-26 13:21:13,732 [2d827dc5-08e9-453f-94d7-4114e25c345f-EndpointStateMachineTaskThread-/0.0.0.0:15269-0 ] INFO  ozoneimpl.OzoneContainer (OzoneContainer.java:start(457)) - Attempting to start container services.
2024-01-26 13:21:13,733 [2d827dc5-08e9-453f-94d7-4114e25c345f-EndpointStateMachineTaskThread-/0.0.0.0:15269-0 ] INFO  ozoneimpl.OzoneContainer (OzoneContainer.java:startContainerScrub(339)) - Scheduled background container scanners and the on-demand container scanner have been disabled.
2024-01-26 13:21:13,733 [2d827dc5-08e9-453f-94d7-4114e25c345f-EndpointStateMachineTaskThread-/0.0.0.0:15269-0 ] INFO  replication.ReplicationServer (ReplicationServer.java:start(139)) - ReplicationServer is started using port 15283
2024-01-26 13:21:13,733 [2d827dc5-08e9-453f-94d7-4114e25c345f-EndpointStateMachineTaskThread-/0.0.0.0:15269-0 ] INFO  ratis.XceiverServerRatis (XceiverServerRatis.java:start(549)) - Starting XceiverServerRatis 2d827dc5-08e9-453f-94d7-4114e25c345f
2024-01-26 13:21:13,733 [2d827dc5-08e9-453f-94d7-4114e25c345f-EndpointStateMachineTaskThread-/0.0.0.0:15269-0 ] INFO  server.RaftServer (RaftServerProxy.java:startImpl(406)) - 2d827dc5-08e9-453f-94d7-4114e25c345f: start RPC server
2024-01-26 13:21:13,734 [2d827dc5-08e9-453f-94d7-4114e25c345f-EndpointStateMachineTaskThread-/0.0.0.0:15269-0 ] INFO  server.GrpcService (GrpcService.java:startImpl(302)) - 2d827dc5-08e9-453f-94d7-4114e25c345f: GrpcService started, listening on 15279
2024-01-26 13:21:13,734 [2d827dc5-08e9-453f-94d7-4114e25c345f-EndpointStateMachineTaskThread-/0.0.0.0:15269-0 ] INFO  server.GrpcService (GrpcService.java:startImpl(302)) - 2d827dc5-08e9-453f-94d7-4114e25c345f: GrpcService started, listening on 15281
2024-01-26 13:21:13,734 [2d827dc5-08e9-453f-94d7-4114e25c345f-EndpointStateMachineTaskThread-/0.0.0.0:15269-0 ] INFO  server.GrpcService (GrpcService.java:startImpl(302)) - 2d827dc5-08e9-453f-94d7-4114e25c345f: GrpcService started, listening on 15280
2024-01-26 13:21:13,734 [2d827dc5-08e9-453f-94d7-4114e25c345f-EndpointStateMachineTaskThread-/0.0.0.0:15269-0 ] INFO  ratis.XceiverServerRatis (XceiverServerRatis.java:getRealPort(575)) - XceiverServerRatis 2d827dc5-08e9-453f-94d7-4114e25c345f is started using port 15279 for RATIS
2024-01-26 13:21:13,734 [2d827dc5-08e9-453f-94d7-4114e25c345f-EndpointStateMachineTaskThread-/0.0.0.0:15269-0 ] INFO  ratis.XceiverServerRatis (XceiverServerRatis.java:getRealPort(575)) - XceiverServerRatis 2d827dc5-08e9-453f-94d7-4114e25c345f is started using port 15280 for RATIS_ADMIN
2024-01-26 13:21:13,734 [2d827dc5-08e9-453f-94d7-4114e25c345f-EndpointStateMachineTaskThread-/0.0.0.0:15269-0 ] INFO  ratis.XceiverServerRatis (XceiverServerRatis.java:getRealPort(575)) - XceiverServerRatis 2d827dc5-08e9-453f-94d7-4114e25c345f is started using port 15281 for RATIS_SERVER
2024-01-26 13:21:13,734 [2d827dc5-08e9-453f-94d7-4114e25c345f-EndpointStateMachineTaskThread-/0.0.0.0:15269-0 ] INFO  ratis.XceiverServerRatis (XceiverServerRatis.java:getRealPort(575)) - XceiverServerRatis 2d827dc5-08e9-453f-94d7-4114e25c345f is started using port 15282 for RATIS_DATASTREAM
2024-01-26 13:21:13,734 [JvmPauseMonitor35] INFO  util.JvmPauseMonitor (JvmPauseMonitor.java:run(146)) - JvmPauseMonitor-2d827dc5-08e9-453f-94d7-4114e25c345f: Started
2024-01-26 13:21:13,736 [2d827dc5-08e9-453f-94d7-4114e25c345f-BlockDeletingService#0] INFO  interfaces.ContainerDeletionChoosingPolicyTemplate (ContainerDeletionChoosingPolicyTemplate.java:chooseContainerForBlockDeletion(85)) - Chosen 0/5000 blocks from 0 candidate containers.
2024-01-26 13:21:13,816 [cb54f49b-2271-401a-a078-0b164c9907dd-EndpointStateMachineTaskThread-/0.0.0.0:15269-0 ] INFO  utils.DatanodeStoreCache (DatanodeStoreCache.java:addDB(72)) - Added db /home/runner/work/ozone/ozone/hadoop-ozone/integration-test/target/test-dir/MiniOzoneClusterImpl-953fd8c5-ac00-44c9-baab-0887e32ba883/datanode-1/data-0/containers/hdds/953fd8c5-ac00-44c9-baab-0887e32ba883/DS-eaa309ef-ac87-4d3e-a675-e497743d40c3/container.db to cache
2024-01-26 13:21:13,816 [cb54f49b-2271-401a-a078-0b164c9907dd-EndpointStateMachineTaskThread-/0.0.0.0:15269-0 ] INFO  volume.HddsVolume (HddsVolume.java:createDbStore(420)) - SchemaV3 db is created and loaded at /home/runner/work/ozone/ozone/hadoop-ozone/integration-test/target/test-dir/MiniOzoneClusterImpl-953fd8c5-ac00-44c9-baab-0887e32ba883/datanode-1/data-0/containers/hdds/953fd8c5-ac00-44c9-baab-0887e32ba883/DS-eaa309ef-ac87-4d3e-a675-e497743d40c3/container.db for volume DS-eaa309ef-ac87-4d3e-a675-e497743d40c3
2024-01-26 13:21:13,817 [cb54f49b-2271-401a-a078-0b164c9907dd-EndpointStateMachineTaskThread-/0.0.0.0:15269-0 ] INFO  volume.ThrottledAsyncChecker (ThrottledAsyncChecker.java:schedule(141)) - Scheduling a check for /home/runner/work/ozone/ozone/hadoop-ozone/integration-test/target/test-dir/MiniOzoneClusterImpl-953fd8c5-ac00-44c9-baab-0887e32ba883/datanode-1/data-0/containers/hdds
2024-01-26 13:21:13,818 [cb54f49b-2271-401a-a078-0b164c9907dd-EndpointStateMachineTaskThread-/0.0.0.0:15269-0 ] INFO  volume.StorageVolumeChecker (StorageVolumeChecker.java:checkAllVolumes(218)) - Scheduled health check for volume /home/runner/work/ozone/ozone/hadoop-ozone/integration-test/target/test-dir/MiniOzoneClusterImpl-953fd8c5-ac00-44c9-baab-0887e32ba883/datanode-1/data-0/containers/hdds
2024-01-26 13:21:13,819 [cb54f49b-2271-401a-a078-0b164c9907dd-EndpointStateMachineTaskThread-/0.0.0.0:15269-0 ] INFO  volume.ThrottledAsyncChecker (ThrottledAsyncChecker.java:schedule(141)) - Scheduling a check for /home/runner/work/ozone/ozone/hadoop-ozone/integration-test/target/test-dir/MiniOzoneClusterImpl-953fd8c5-ac00-44c9-baab-0887e32ba883/datanode-1/data/ratis
2024-01-26 13:21:13,819 [cb54f49b-2271-401a-a078-0b164c9907dd-EndpointStateMachineTaskThread-/0.0.0.0:15269-0 ] INFO  volume.StorageVolumeChecker (StorageVolumeChecker.java:checkAllVolumes(218)) - Scheduled health check for volume /home/runner/work/ozone/ozone/hadoop-ozone/integration-test/target/test-dir/MiniOzoneClusterImpl-953fd8c5-ac00-44c9-baab-0887e32ba883/datanode-1/data/ratis
2024-01-26 13:21:13,820 [cb54f49b-2271-401a-a078-0b164c9907dd-EndpointStateMachineTaskThread-/0.0.0.0:15269-0 ] INFO  ozoneimpl.OzoneContainer (OzoneContainer.java:start(457)) - Attempting to start container services.
2024-01-26 13:21:13,820 [cb54f49b-2271-401a-a078-0b164c9907dd-EndpointStateMachineTaskThread-/0.0.0.0:15269-0 ] INFO  ozoneimpl.OzoneContainer (OzoneContainer.java:startContainerScrub(339)) - Scheduled background container scanners and the on-demand container scanner have been disabled.
2024-01-26 13:21:13,820 [cb54f49b-2271-401a-a078-0b164c9907dd-EndpointStateMachineTaskThread-/0.0.0.0:15269-0 ] INFO  replication.ReplicationServer (ReplicationServer.java:start(139)) - ReplicationServer is started using port 15292
2024-01-26 13:21:13,820 [cb54f49b-2271-401a-a078-0b164c9907dd-EndpointStateMachineTaskThread-/0.0.0.0:15269-0 ] INFO  ratis.XceiverServerRatis (XceiverServerRatis.java:start(549)) - Starting XceiverServerRatis cb54f49b-2271-401a-a078-0b164c9907dd
2024-01-26 13:21:13,820 [cb54f49b-2271-401a-a078-0b164c9907dd-EndpointStateMachineTaskThread-/0.0.0.0:15269-0 ] INFO  server.RaftServer (RaftServerProxy.java:startImpl(406)) - cb54f49b-2271-401a-a078-0b164c9907dd: start RPC server
2024-01-26 13:21:13,821 [cb54f49b-2271-401a-a078-0b164c9907dd-EndpointStateMachineTaskThread-/0.0.0.0:15269-0 ] INFO  server.GrpcService (GrpcService.java:startImpl(302)) - cb54f49b-2271-401a-a078-0b164c9907dd: GrpcService started, listening on 15288
2024-01-26 13:21:13,821 [cb54f49b-2271-401a-a078-0b164c9907dd-EndpointStateMachineTaskThread-/0.0.0.0:15269-0 ] INFO  server.GrpcService (GrpcService.java:startImpl(302)) - cb54f49b-2271-401a-a078-0b164c9907dd: GrpcService started, listening on 15290
2024-01-26 13:21:13,821 [cb54f49b-2271-401a-a078-0b164c9907dd-EndpointStateMachineTaskThread-/0.0.0.0:15269-0 ] INFO  server.GrpcService (GrpcService.java:startImpl(302)) - cb54f49b-2271-401a-a078-0b164c9907dd: GrpcService started, listening on 15289
2024-01-26 13:21:13,821 [cb54f49b-2271-401a-a078-0b164c9907dd-EndpointStateMachineTaskThread-/0.0.0.0:15269-0 ] INFO  ratis.XceiverServerRatis (XceiverServerRatis.java:getRealPort(575)) - XceiverServerRatis cb54f49b-2271-401a-a078-0b164c9907dd is started using port 15288 for RATIS
2024-01-26 13:21:13,821 [JvmPauseMonitor36] INFO  util.JvmPauseMonitor (JvmPauseMonitor.java:run(146)) - JvmPauseMonitor-cb54f49b-2271-401a-a078-0b164c9907dd: Started
2024-01-26 13:21:13,821 [cb54f49b-2271-401a-a078-0b164c9907dd-EndpointStateMachineTaskThread-/0.0.0.0:15269-0 ] INFO  ratis.XceiverServerRatis (XceiverServerRatis.java:getRealPort(575)) - XceiverServerRatis cb54f49b-2271-401a-a078-0b164c9907dd is started using port 15289 for RATIS_ADMIN
2024-01-26 13:21:13,821 [cb54f49b-2271-401a-a078-0b164c9907dd-EndpointStateMachineTaskThread-/0.0.0.0:15269-0 ] INFO  ratis.XceiverServerRatis (XceiverServerRatis.java:getRealPort(575)) - XceiverServerRatis cb54f49b-2271-401a-a078-0b164c9907dd is started using port 15290 for RATIS_SERVER
2024-01-26 13:21:13,821 [cb54f49b-2271-401a-a078-0b164c9907dd-EndpointStateMachineTaskThread-/0.0.0.0:15269-0 ] INFO  ratis.XceiverServerRatis (XceiverServerRatis.java:getRealPort(575)) - XceiverServerRatis cb54f49b-2271-401a-a078-0b164c9907dd is started using port 15291 for RATIS_DATASTREAM
2024-01-26 13:21:13,822 [cb54f49b-2271-401a-a078-0b164c9907dd-BlockDeletingService#0] INFO  interfaces.ContainerDeletionChoosingPolicyTemplate (ContainerDeletionChoosingPolicyTemplate.java:chooseContainerForBlockDeletion(85)) - Chosen 0/5000 blocks from 0 candidate containers.
2024-01-26 13:21:13,917 [a1acbc51-0491-4521-9956-72ea0a3fcfae-EndpointStateMachineTaskThread-/0.0.0.0:15269-0 ] INFO  utils.DatanodeStoreCache (DatanodeStoreCache.java:addDB(72)) - Added db /home/runner/work/ozone/ozone/hadoop-ozone/integration-test/target/test-dir/MiniOzoneClusterImpl-953fd8c5-ac00-44c9-baab-0887e32ba883/datanode-2/data-0/containers/hdds/953fd8c5-ac00-44c9-baab-0887e32ba883/DS-45bd49cb-bff4-4054-a54a-d56bfea1dfab/container.db to cache
2024-01-26 13:21:13,917 [a1acbc51-0491-4521-9956-72ea0a3fcfae-EndpointStateMachineTaskThread-/0.0.0.0:15269-0 ] INFO  volume.HddsVolume (HddsVolume.java:createDbStore(420)) - SchemaV3 db is created and loaded at /home/runner/work/ozone/ozone/hadoop-ozone/integration-test/target/test-dir/MiniOzoneClusterImpl-953fd8c5-ac00-44c9-baab-0887e32ba883/datanode-2/data-0/containers/hdds/953fd8c5-ac00-44c9-baab-0887e32ba883/DS-45bd49cb-bff4-4054-a54a-d56bfea1dfab/container.db for volume DS-45bd49cb-bff4-4054-a54a-d56bfea1dfab
2024-01-26 13:21:13,918 [a1acbc51-0491-4521-9956-72ea0a3fcfae-EndpointStateMachineTaskThread-/0.0.0.0:15269-0 ] INFO  volume.ThrottledAsyncChecker (ThrottledAsyncChecker.java:schedule(141)) - Scheduling a check for /home/runner/work/ozone/ozone/hadoop-ozone/integration-test/target/test-dir/MiniOzoneClusterImpl-953fd8c5-ac00-44c9-baab-0887e32ba883/datanode-2/data-0/containers/hdds
2024-01-26 13:21:13,920 [a1acbc51-0491-4521-9956-72ea0a3fcfae-EndpointStateMachineTaskThread-/0.0.0.0:15269-0 ] INFO  volume.StorageVolumeChecker (StorageVolumeChecker.java:checkAllVolumes(218)) - Scheduled health check for volume /home/runner/work/ozone/ozone/hadoop-ozone/integration-test/target/test-dir/MiniOzoneClusterImpl-953fd8c5-ac00-44c9-baab-0887e32ba883/datanode-2/data-0/containers/hdds
2024-01-26 13:21:13,921 [a1acbc51-0491-4521-9956-72ea0a3fcfae-EndpointStateMachineTaskThread-/0.0.0.0:15269-0 ] INFO  volume.ThrottledAsyncChecker (ThrottledAsyncChecker.java:schedule(141)) - Scheduling a check for /home/runner/work/ozone/ozone/hadoop-ozone/integration-test/target/test-dir/MiniOzoneClusterImpl-953fd8c5-ac00-44c9-baab-0887e32ba883/datanode-2/data/ratis
2024-01-26 13:21:13,921 [a1acbc51-0491-4521-9956-72ea0a3fcfae-EndpointStateMachineTaskThread-/0.0.0.0:15269-0 ] INFO  volume.StorageVolumeChecker (StorageVolumeChecker.java:checkAllVolumes(218)) - Scheduled health check for volume /home/runner/work/ozone/ozone/hadoop-ozone/integration-test/target/test-dir/MiniOzoneClusterImpl-953fd8c5-ac00-44c9-baab-0887e32ba883/datanode-2/data/ratis
2024-01-26 13:21:13,923 [a1acbc51-0491-4521-9956-72ea0a3fcfae-EndpointStateMachineTaskThread-/0.0.0.0:15269-0 ] INFO  ozoneimpl.OzoneContainer (OzoneContainer.java:start(457)) - Attempting to start container services.
2024-01-26 13:21:13,923 [a1acbc51-0491-4521-9956-72ea0a3fcfae-EndpointStateMachineTaskThread-/0.0.0.0:15269-0 ] INFO  ozoneimpl.OzoneContainer (OzoneContainer.java:startContainerScrub(339)) - Scheduled background container scanners and the on-demand container scanner have been disabled.
2024-01-26 13:21:13,923 [a1acbc51-0491-4521-9956-72ea0a3fcfae-EndpointStateMachineTaskThread-/0.0.0.0:15269-0 ] INFO  replication.ReplicationServer (ReplicationServer.java:start(139)) - ReplicationServer is started using port 15301
2024-01-26 13:21:13,923 [a1acbc51-0491-4521-9956-72ea0a3fcfae-EndpointStateMachineTaskThread-/0.0.0.0:15269-0 ] INFO  ratis.XceiverServerRatis (XceiverServerRatis.java:start(549)) - Starting XceiverServerRatis a1acbc51-0491-4521-9956-72ea0a3fcfae
2024-01-26 13:21:13,926 [a1acbc51-0491-4521-9956-72ea0a3fcfae-EndpointStateMachineTaskThread-/0.0.0.0:15269-0 ] INFO  server.RaftServer (RaftServerProxy.java:startImpl(406)) - a1acbc51-0491-4521-9956-72ea0a3fcfae: start RPC server
2024-01-26 13:21:13,926 [a1acbc51-0491-4521-9956-72ea0a3fcfae-EndpointStateMachineTaskThread-/0.0.0.0:15269-0 ] INFO  server.GrpcService (GrpcService.java:startImpl(302)) - a1acbc51-0491-4521-9956-72ea0a3fcfae: GrpcService started, listening on 15297
2024-01-26 13:21:13,926 [a1acbc51-0491-4521-9956-72ea0a3fcfae-EndpointStateMachineTaskThread-/0.0.0.0:15269-0 ] INFO  server.GrpcService (GrpcService.java:startImpl(302)) - a1acbc51-0491-4521-9956-72ea0a3fcfae: GrpcService started, listening on 15299
2024-01-26 13:21:13,926 [a1acbc51-0491-4521-9956-72ea0a3fcfae-EndpointStateMachineTaskThread-/0.0.0.0:15269-0 ] INFO  server.GrpcService (GrpcService.java:startImpl(302)) - a1acbc51-0491-4521-9956-72ea0a3fcfae: GrpcService started, listening on 15298
2024-01-26 13:21:13,927 [a1acbc51-0491-4521-9956-72ea0a3fcfae-EndpointStateMachineTaskThread-/0.0.0.0:15269-0 ] INFO  ratis.XceiverServerRatis (XceiverServerRatis.java:getRealPort(575)) - XceiverServerRatis a1acbc51-0491-4521-9956-72ea0a3fcfae is started using port 15297 for RATIS
2024-01-26 13:21:13,927 [JvmPauseMonitor37] INFO  util.JvmPauseMonitor (JvmPauseMonitor.java:run(146)) - JvmPauseMonitor-a1acbc51-0491-4521-9956-72ea0a3fcfae: Started
2024-01-26 13:21:13,927 [a1acbc51-0491-4521-9956-72ea0a3fcfae-EndpointStateMachineTaskThread-/0.0.0.0:15269-0 ] INFO  ratis.XceiverServerRatis (XceiverServerRatis.java:getRealPort(575)) - XceiverServerRatis a1acbc51-0491-4521-9956-72ea0a3fcfae is started using port 15298 for RATIS_ADMIN
2024-01-26 13:21:13,927 [a1acbc51-0491-4521-9956-72ea0a3fcfae-EndpointStateMachineTaskThread-/0.0.0.0:15269-0 ] INFO  ratis.XceiverServerRatis (XceiverServerRatis.java:getRealPort(575)) - XceiverServerRatis a1acbc51-0491-4521-9956-72ea0a3fcfae is started using port 15299 for RATIS_SERVER
2024-01-26 13:21:13,927 [a1acbc51-0491-4521-9956-72ea0a3fcfae-EndpointStateMachineTaskThread-/0.0.0.0:15269-0 ] INFO  ratis.XceiverServerRatis (XceiverServerRatis.java:getRealPort(575)) - XceiverServerRatis a1acbc51-0491-4521-9956-72ea0a3fcfae is started using port 15300 for RATIS_DATASTREAM
2024-01-26 13:21:13,928 [a1acbc51-0491-4521-9956-72ea0a3fcfae-BlockDeletingService#0] INFO  interfaces.ContainerDeletionChoosingPolicyTemplate (ContainerDeletionChoosingPolicyTemplate.java:chooseContainerForBlockDeletion(85)) - Chosen 0/5000 blocks from 0 candidate containers.
2024-01-26 13:21:14,019 [061c5e1a-1095-4fef-ae35-bb2f1955fa47-EndpointStateMachineTaskThread-/0.0.0.0:15269-0 ] INFO  utils.DatanodeStoreCache (DatanodeStoreCache.java:addDB(72)) - Added db /home/runner/work/ozone/ozone/hadoop-ozone/integration-test/target/test-dir/MiniOzoneClusterImpl-953fd8c5-ac00-44c9-baab-0887e32ba883/datanode-3/data-0/containers/hdds/953fd8c5-ac00-44c9-baab-0887e32ba883/DS-adc14eb5-aa44-4045-aa71-0178085e60ca/container.db to cache
2024-01-26 13:21:14,019 [061c5e1a-1095-4fef-ae35-bb2f1955fa47-EndpointStateMachineTaskThread-/0.0.0.0:15269-0 ] INFO  volume.HddsVolume (HddsVolume.java:createDbStore(420)) - SchemaV3 db is created and loaded at /home/runner/work/ozone/ozone/hadoop-ozone/integration-test/target/test-dir/MiniOzoneClusterImpl-953fd8c5-ac00-44c9-baab-0887e32ba883/datanode-3/data-0/containers/hdds/953fd8c5-ac00-44c9-baab-0887e32ba883/DS-adc14eb5-aa44-4045-aa71-0178085e60ca/container.db for volume DS-adc14eb5-aa44-4045-aa71-0178085e60ca
2024-01-26 13:21:14,021 [061c5e1a-1095-4fef-ae35-bb2f1955fa47-EndpointStateMachineTaskThread-/0.0.0.0:15269-0 ] INFO  volume.ThrottledAsyncChecker (ThrottledAsyncChecker.java:schedule(141)) - Scheduling a check for /home/runner/work/ozone/ozone/hadoop-ozone/integration-test/target/test-dir/MiniOzoneClusterImpl-953fd8c5-ac00-44c9-baab-0887e32ba883/datanode-3/data-0/containers/hdds
2024-01-26 13:21:14,021 [061c5e1a-1095-4fef-ae35-bb2f1955fa47-EndpointStateMachineTaskThread-/0.0.0.0:15269-0 ] INFO  volume.StorageVolumeChecker (StorageVolumeChecker.java:checkAllVolumes(218)) - Scheduled health check for volume /home/runner/work/ozone/ozone/hadoop-ozone/integration-test/target/test-dir/MiniOzoneClusterImpl-953fd8c5-ac00-44c9-baab-0887e32ba883/datanode-3/data-0/containers/hdds
2024-01-26 13:21:14,023 [061c5e1a-1095-4fef-ae35-bb2f1955fa47-EndpointStateMachineTaskThread-/0.0.0.0:15269-0 ] INFO  volume.ThrottledAsyncChecker (ThrottledAsyncChecker.java:schedule(141)) - Scheduling a check for /home/runner/work/ozone/ozone/hadoop-ozone/integration-test/target/test-dir/MiniOzoneClusterImpl-953fd8c5-ac00-44c9-baab-0887e32ba883/datanode-3/data/ratis
2024-01-26 13:21:14,023 [061c5e1a-1095-4fef-ae35-bb2f1955fa47-EndpointStateMachineTaskThread-/0.0.0.0:15269-0 ] INFO  volume.StorageVolumeChecker (StorageVolumeChecker.java:checkAllVolumes(218)) - Scheduled health check for volume /home/runner/work/ozone/ozone/hadoop-ozone/integration-test/target/test-dir/MiniOzoneClusterImpl-953fd8c5-ac00-44c9-baab-0887e32ba883/datanode-3/data/ratis
2024-01-26 13:21:14,024 [061c5e1a-1095-4fef-ae35-bb2f1955fa47-EndpointStateMachineTaskThread-/0.0.0.0:15269-0 ] INFO  ozoneimpl.OzoneContainer (OzoneContainer.java:start(457)) - Attempting to start container services.
2024-01-26 13:21:14,024 [061c5e1a-1095-4fef-ae35-bb2f1955fa47-EndpointStateMachineTaskThread-/0.0.0.0:15269-0 ] INFO  ozoneimpl.OzoneContainer (OzoneContainer.java:startContainerScrub(339)) - Scheduled background container scanners and the on-demand container scanner have been disabled.
2024-01-26 13:21:14,024 [061c5e1a-1095-4fef-ae35-bb2f1955fa47-EndpointStateMachineTaskThread-/0.0.0.0:15269-0 ] INFO  replication.ReplicationServer (ReplicationServer.java:start(139)) - ReplicationServer is started using port 15310
2024-01-26 13:21:14,024 [061c5e1a-1095-4fef-ae35-bb2f1955fa47-EndpointStateMachineTaskThread-/0.0.0.0:15269-0 ] INFO  ratis.XceiverServerRatis (XceiverServerRatis.java:start(549)) - Starting XceiverServerRatis 061c5e1a-1095-4fef-ae35-bb2f1955fa47
2024-01-26 13:21:14,025 [061c5e1a-1095-4fef-ae35-bb2f1955fa47-EndpointStateMachineTaskThread-/0.0.0.0:15269-0 ] INFO  server.RaftServer (RaftServerProxy.java:startImpl(406)) - 061c5e1a-1095-4fef-ae35-bb2f1955fa47: start RPC server
2024-01-26 13:21:14,025 [061c5e1a-1095-4fef-ae35-bb2f1955fa47-EndpointStateMachineTaskThread-/0.0.0.0:15269-0 ] INFO  server.GrpcService (GrpcService.java:startImpl(302)) - 061c5e1a-1095-4fef-ae35-bb2f1955fa47: GrpcService started, listening on 15306
2024-01-26 13:21:14,025 [061c5e1a-1095-4fef-ae35-bb2f1955fa47-EndpointStateMachineTaskThread-/0.0.0.0:15269-0 ] INFO  server.GrpcService (GrpcService.java:startImpl(302)) - 061c5e1a-1095-4fef-ae35-bb2f1955fa47: GrpcService started, listening on 15308
2024-01-26 13:21:14,025 [061c5e1a-1095-4fef-ae35-bb2f1955fa47-EndpointStateMachineTaskThread-/0.0.0.0:15269-0 ] INFO  server.GrpcService (GrpcService.java:startImpl(302)) - 061c5e1a-1095-4fef-ae35-bb2f1955fa47: GrpcService started, listening on 15307
2024-01-26 13:21:14,025 [061c5e1a-1095-4fef-ae35-bb2f1955fa47-EndpointStateMachineTaskThread-/0.0.0.0:15269-0 ] INFO  ratis.XceiverServerRatis (XceiverServerRatis.java:getRealPort(575)) - XceiverServerRatis 061c5e1a-1095-4fef-ae35-bb2f1955fa47 is started using port 15306 for RATIS
2024-01-26 13:21:14,025 [JvmPauseMonitor38] INFO  util.JvmPauseMonitor (JvmPauseMonitor.java:run(146)) - JvmPauseMonitor-061c5e1a-1095-4fef-ae35-bb2f1955fa47: Started
2024-01-26 13:21:14,025 [061c5e1a-1095-4fef-ae35-bb2f1955fa47-EndpointStateMachineTaskThread-/0.0.0.0:15269-0 ] INFO  ratis.XceiverServerRatis (XceiverServerRatis.java:getRealPort(575)) - XceiverServerRatis 061c5e1a-1095-4fef-ae35-bb2f1955fa47 is started using port 15307 for RATIS_ADMIN
2024-01-26 13:21:14,026 [061c5e1a-1095-4fef-ae35-bb2f1955fa47-EndpointStateMachineTaskThread-/0.0.0.0:15269-0 ] INFO  ratis.XceiverServerRatis (XceiverServerRatis.java:getRealPort(575)) - XceiverServerRatis 061c5e1a-1095-4fef-ae35-bb2f1955fa47 is started using port 15308 for RATIS_SERVER
2024-01-26 13:21:14,026 [061c5e1a-1095-4fef-ae35-bb2f1955fa47-EndpointStateMachineTaskThread-/0.0.0.0:15269-0 ] INFO  ratis.XceiverServerRatis (XceiverServerRatis.java:getRealPort(575)) - XceiverServerRatis 061c5e1a-1095-4fef-ae35-bb2f1955fa47 is started using port 15309 for RATIS_DATASTREAM
2024-01-26 13:21:14,026 [061c5e1a-1095-4fef-ae35-bb2f1955fa47-BlockDeletingService#0] INFO  interfaces.ContainerDeletionChoosingPolicyTemplate (ContainerDeletionChoosingPolicyTemplate.java:chooseContainerForBlockDeletion(85)) - Chosen 0/5000 blocks from 0 candidate containers.
2024-01-26 13:21:14,120 [512d2126-5b92-4e29-85c7-4f085cf86b5e-EndpointStateMachineTaskThread-/0.0.0.0:15269-0 ] INFO  utils.DatanodeStoreCache (DatanodeStoreCache.java:addDB(72)) - Added db /home/runner/work/ozone/ozone/hadoop-ozone/integration-test/target/test-dir/MiniOzoneClusterImpl-953fd8c5-ac00-44c9-baab-0887e32ba883/datanode-4/data-0/containers/hdds/953fd8c5-ac00-44c9-baab-0887e32ba883/DS-bd853a2e-7a00-444f-ac51-0a733d56e35a/container.db to cache
2024-01-26 13:21:14,120 [512d2126-5b92-4e29-85c7-4f085cf86b5e-EndpointStateMachineTaskThread-/0.0.0.0:15269-0 ] INFO  volume.HddsVolume (HddsVolume.java:createDbStore(420)) - SchemaV3 db is created and loaded at /home/runner/work/ozone/ozone/hadoop-ozone/integration-test/target/test-dir/MiniOzoneClusterImpl-953fd8c5-ac00-44c9-baab-0887e32ba883/datanode-4/data-0/containers/hdds/953fd8c5-ac00-44c9-baab-0887e32ba883/DS-bd853a2e-7a00-444f-ac51-0a733d56e35a/container.db for volume DS-bd853a2e-7a00-444f-ac51-0a733d56e35a
2024-01-26 13:21:14,121 [512d2126-5b92-4e29-85c7-4f085cf86b5e-EndpointStateMachineTaskThread-/0.0.0.0:15269-0 ] INFO  volume.ThrottledAsyncChecker (ThrottledAsyncChecker.java:schedule(141)) - Scheduling a check for /home/runner/work/ozone/ozone/hadoop-ozone/integration-test/target/test-dir/MiniOzoneClusterImpl-953fd8c5-ac00-44c9-baab-0887e32ba883/datanode-4/data-0/containers/hdds
2024-01-26 13:21:14,121 [512d2126-5b92-4e29-85c7-4f085cf86b5e-EndpointStateMachineTaskThread-/0.0.0.0:15269-0 ] INFO  volume.StorageVolumeChecker (StorageVolumeChecker.java:checkAllVolumes(218)) - Scheduled health check for volume /home/runner/work/ozone/ozone/hadoop-ozone/integration-test/target/test-dir/MiniOzoneClusterImpl-953fd8c5-ac00-44c9-baab-0887e32ba883/datanode-4/data-0/containers/hdds
2024-01-26 13:21:14,123 [512d2126-5b92-4e29-85c7-4f085cf86b5e-EndpointStateMachineTaskThread-/0.0.0.0:15269-0 ] INFO  volume.ThrottledAsyncChecker (ThrottledAsyncChecker.java:schedule(141)) - Scheduling a check for /home/runner/work/ozone/ozone/hadoop-ozone/integration-test/target/test-dir/MiniOzoneClusterImpl-953fd8c5-ac00-44c9-baab-0887e32ba883/datanode-4/data/ratis
2024-01-26 13:21:14,123 [512d2126-5b92-4e29-85c7-4f085cf86b5e-EndpointStateMachineTaskThread-/0.0.0.0:15269-0 ] INFO  volume.StorageVolumeChecker (StorageVolumeChecker.java:checkAllVolumes(218)) - Scheduled health check for volume /home/runner/work/ozone/ozone/hadoop-ozone/integration-test/target/test-dir/MiniOzoneClusterImpl-953fd8c5-ac00-44c9-baab-0887e32ba883/datanode-4/data/ratis
2024-01-26 13:21:14,124 [512d2126-5b92-4e29-85c7-4f085cf86b5e-EndpointStateMachineTaskThread-/0.0.0.0:15269-0 ] INFO  ozoneimpl.OzoneContainer (OzoneContainer.java:start(457)) - Attempting to start container services.
2024-01-26 13:21:14,124 [512d2126-5b92-4e29-85c7-4f085cf86b5e-EndpointStateMachineTaskThread-/0.0.0.0:15269-0 ] INFO  ozoneimpl.OzoneContainer (OzoneContainer.java:startContainerScrub(339)) - Scheduled background container scanners and the on-demand container scanner have been disabled.
2024-01-26 13:21:14,124 [512d2126-5b92-4e29-85c7-4f085cf86b5e-EndpointStateMachineTaskThread-/0.0.0.0:15269-0 ] INFO  replication.ReplicationServer (ReplicationServer.java:start(139)) - ReplicationServer is started using port 15319
2024-01-26 13:21:14,124 [512d2126-5b92-4e29-85c7-4f085cf86b5e-EndpointStateMachineTaskThread-/0.0.0.0:15269-0 ] INFO  ratis.XceiverServerRatis (XceiverServerRatis.java:start(549)) - Starting XceiverServerRatis 512d2126-5b92-4e29-85c7-4f085cf86b5e
2024-01-26 13:21:14,125 [512d2126-5b92-4e29-85c7-4f085cf86b5e-EndpointStateMachineTaskThread-/0.0.0.0:15269-0 ] INFO  server.RaftServer (RaftServerProxy.java:startImpl(406)) - 512d2126-5b92-4e29-85c7-4f085cf86b5e: start RPC server
2024-01-26 13:21:14,125 [512d2126-5b92-4e29-85c7-4f085cf86b5e-EndpointStateMachineTaskThread-/0.0.0.0:15269-0 ] INFO  server.GrpcService (GrpcService.java:startImpl(302)) - 512d2126-5b92-4e29-85c7-4f085cf86b5e: GrpcService started, listening on 15315
2024-01-26 13:21:14,125 [512d2126-5b92-4e29-85c7-4f085cf86b5e-EndpointStateMachineTaskThread-/0.0.0.0:15269-0 ] INFO  server.GrpcService (GrpcService.java:startImpl(302)) - 512d2126-5b92-4e29-85c7-4f085cf86b5e: GrpcService started, listening on 15317
2024-01-26 13:21:14,125 [512d2126-5b92-4e29-85c7-4f085cf86b5e-EndpointStateMachineTaskThread-/0.0.0.0:15269-0 ] INFO  server.GrpcService (GrpcService.java:startImpl(302)) - 512d2126-5b92-4e29-85c7-4f085cf86b5e: GrpcService started, listening on 15316
2024-01-26 13:21:14,126 [512d2126-5b92-4e29-85c7-4f085cf86b5e-EndpointStateMachineTaskThread-/0.0.0.0:15269-0 ] INFO  ratis.XceiverServerRatis (XceiverServerRatis.java:getRealPort(575)) - XceiverServerRatis 512d2126-5b92-4e29-85c7-4f085cf86b5e is started using port 15315 for RATIS
2024-01-26 13:21:14,126 [JvmPauseMonitor39] INFO  util.JvmPauseMonitor (JvmPauseMonitor.java:run(146)) - JvmPauseMonitor-512d2126-5b92-4e29-85c7-4f085cf86b5e: Started
2024-01-26 13:21:14,126 [512d2126-5b92-4e29-85c7-4f085cf86b5e-EndpointStateMachineTaskThread-/0.0.0.0:15269-0 ] INFO  ratis.XceiverServerRatis (XceiverServerRatis.java:getRealPort(575)) - XceiverServerRatis 512d2126-5b92-4e29-85c7-4f085cf86b5e is started using port 15316 for RATIS_ADMIN
2024-01-26 13:21:14,126 [512d2126-5b92-4e29-85c7-4f085cf86b5e-EndpointStateMachineTaskThread-/0.0.0.0:15269-0 ] INFO  ratis.XceiverServerRatis (XceiverServerRatis.java:getRealPort(575)) - XceiverServerRatis 512d2126-5b92-4e29-85c7-4f085cf86b5e is started using port 15317 for RATIS_SERVER
2024-01-26 13:21:14,126 [512d2126-5b92-4e29-85c7-4f085cf86b5e-EndpointStateMachineTaskThread-/0.0.0.0:15269-0 ] INFO  ratis.XceiverServerRatis (XceiverServerRatis.java:getRealPort(575)) - XceiverServerRatis 512d2126-5b92-4e29-85c7-4f085cf86b5e is started using port 15318 for RATIS_DATASTREAM
2024-01-26 13:21:14,127 [512d2126-5b92-4e29-85c7-4f085cf86b5e-BlockDeletingService#0] INFO  interfaces.ContainerDeletionChoosingPolicyTemplate (ContainerDeletionChoosingPolicyTemplate.java:chooseContainerForBlockDeletion(85)) - Chosen 0/5000 blocks from 0 candidate containers.
2024-01-26 13:21:14,204 [5f4f4713-a1cc-4bb1-a761-5c302a8e1427-EndpointStateMachineTaskThread-/0.0.0.0:15269-0 ] INFO  utils.DatanodeStoreCache (DatanodeStoreCache.java:addDB(72)) - Added db /home/runner/work/ozone/ozone/hadoop-ozone/integration-test/target/test-dir/MiniOzoneClusterImpl-953fd8c5-ac00-44c9-baab-0887e32ba883/datanode-5/data-0/containers/hdds/953fd8c5-ac00-44c9-baab-0887e32ba883/DS-6d84414c-c332-4d25-85e9-af5c0090c00c/container.db to cache
2024-01-26 13:21:14,204 [5f4f4713-a1cc-4bb1-a761-5c302a8e1427-EndpointStateMachineTaskThread-/0.0.0.0:15269-0 ] INFO  volume.HddsVolume (HddsVolume.java:createDbStore(420)) - SchemaV3 db is created and loaded at /home/runner/work/ozone/ozone/hadoop-ozone/integration-test/target/test-dir/MiniOzoneClusterImpl-953fd8c5-ac00-44c9-baab-0887e32ba883/datanode-5/data-0/containers/hdds/953fd8c5-ac00-44c9-baab-0887e32ba883/DS-6d84414c-c332-4d25-85e9-af5c0090c00c/container.db for volume DS-6d84414c-c332-4d25-85e9-af5c0090c00c
2024-01-26 13:21:14,205 [5f4f4713-a1cc-4bb1-a761-5c302a8e1427-EndpointStateMachineTaskThread-/0.0.0.0:15269-0 ] INFO  volume.ThrottledAsyncChecker (ThrottledAsyncChecker.java:schedule(141)) - Scheduling a check for /home/runner/work/ozone/ozone/hadoop-ozone/integration-test/target/test-dir/MiniOzoneClusterImpl-953fd8c5-ac00-44c9-baab-0887e32ba883/datanode-5/data-0/containers/hdds
2024-01-26 13:21:14,206 [5f4f4713-a1cc-4bb1-a761-5c302a8e1427-EndpointStateMachineTaskThread-/0.0.0.0:15269-0 ] INFO  volume.StorageVolumeChecker (StorageVolumeChecker.java:checkAllVolumes(218)) - Scheduled health check for volume /home/runner/work/ozone/ozone/hadoop-ozone/integration-test/target/test-dir/MiniOzoneClusterImpl-953fd8c5-ac00-44c9-baab-0887e32ba883/datanode-5/data-0/containers/hdds
2024-01-26 13:21:14,208 [5f4f4713-a1cc-4bb1-a761-5c302a8e1427-EndpointStateMachineTaskThread-/0.0.0.0:15269-0 ] INFO  volume.ThrottledAsyncChecker (ThrottledAsyncChecker.java:schedule(141)) - Scheduling a check for /home/runner/work/ozone/ozone/hadoop-ozone/integration-test/target/test-dir/MiniOzoneClusterImpl-953fd8c5-ac00-44c9-baab-0887e32ba883/datanode-5/data/ratis
2024-01-26 13:21:14,208 [5f4f4713-a1cc-4bb1-a761-5c302a8e1427-EndpointStateMachineTaskThread-/0.0.0.0:15269-0 ] INFO  volume.StorageVolumeChecker (StorageVolumeChecker.java:checkAllVolumes(218)) - Scheduled health check for volume /home/runner/work/ozone/ozone/hadoop-ozone/integration-test/target/test-dir/MiniOzoneClusterImpl-953fd8c5-ac00-44c9-baab-0887e32ba883/datanode-5/data/ratis
2024-01-26 13:21:14,209 [5f4f4713-a1cc-4bb1-a761-5c302a8e1427-EndpointStateMachineTaskThread-/0.0.0.0:15269-0 ] INFO  ozoneimpl.OzoneContainer (OzoneContainer.java:start(457)) - Attempting to start container services.
2024-01-26 13:21:14,209 [5f4f4713-a1cc-4bb1-a761-5c302a8e1427-EndpointStateMachineTaskThread-/0.0.0.0:15269-0 ] INFO  ozoneimpl.OzoneContainer (OzoneContainer.java:startContainerScrub(339)) - Scheduled background container scanners and the on-demand container scanner have been disabled.
2024-01-26 13:21:14,209 [5f4f4713-a1cc-4bb1-a761-5c302a8e1427-EndpointStateMachineTaskThread-/0.0.0.0:15269-0 ] INFO  replication.ReplicationServer (ReplicationServer.java:start(139)) - ReplicationServer is started using port 15328
2024-01-26 13:21:14,209 [5f4f4713-a1cc-4bb1-a761-5c302a8e1427-EndpointStateMachineTaskThread-/0.0.0.0:15269-0 ] INFO  ratis.XceiverServerRatis (XceiverServerRatis.java:start(549)) - Starting XceiverServerRatis 5f4f4713-a1cc-4bb1-a761-5c302a8e1427
2024-01-26 13:21:14,210 [5f4f4713-a1cc-4bb1-a761-5c302a8e1427-EndpointStateMachineTaskThread-/0.0.0.0:15269-0 ] INFO  server.RaftServer (RaftServerProxy.java:startImpl(406)) - 5f4f4713-a1cc-4bb1-a761-5c302a8e1427: start RPC server
2024-01-26 13:21:14,210 [5f4f4713-a1cc-4bb1-a761-5c302a8e1427-EndpointStateMachineTaskThread-/0.0.0.0:15269-0 ] INFO  server.GrpcService (GrpcService.java:startImpl(302)) - 5f4f4713-a1cc-4bb1-a761-5c302a8e1427: GrpcService started, listening on 15324
2024-01-26 13:21:14,210 [5f4f4713-a1cc-4bb1-a761-5c302a8e1427-EndpointStateMachineTaskThread-/0.0.0.0:15269-0 ] INFO  server.GrpcService (GrpcService.java:startImpl(302)) - 5f4f4713-a1cc-4bb1-a761-5c302a8e1427: GrpcService started, listening on 15326
2024-01-26 13:21:14,210 [5f4f4713-a1cc-4bb1-a761-5c302a8e1427-EndpointStateMachineTaskThread-/0.0.0.0:15269-0 ] INFO  server.GrpcService (GrpcService.java:startImpl(302)) - 5f4f4713-a1cc-4bb1-a761-5c302a8e1427: GrpcService started, listening on 15325
2024-01-26 13:21:14,210 [5f4f4713-a1cc-4bb1-a761-5c302a8e1427-EndpointStateMachineTaskThread-/0.0.0.0:15269-0 ] INFO  ratis.XceiverServerRatis (XceiverServerRatis.java:getRealPort(575)) - XceiverServerRatis 5f4f4713-a1cc-4bb1-a761-5c302a8e1427 is started using port 15324 for RATIS
2024-01-26 13:21:14,210 [JvmPauseMonitor40] INFO  util.JvmPauseMonitor (JvmPauseMonitor.java:run(146)) - JvmPauseMonitor-5f4f4713-a1cc-4bb1-a761-5c302a8e1427: Started
2024-01-26 13:21:14,210 [5f4f4713-a1cc-4bb1-a761-5c302a8e1427-EndpointStateMachineTaskThread-/0.0.0.0:15269-0 ] INFO  ratis.XceiverServerRatis (XceiverServerRatis.java:getRealPort(575)) - XceiverServerRatis 5f4f4713-a1cc-4bb1-a761-5c302a8e1427 is started using port 15325 for RATIS_ADMIN
2024-01-26 13:21:14,210 [5f4f4713-a1cc-4bb1-a761-5c302a8e1427-EndpointStateMachineTaskThread-/0.0.0.0:15269-0 ] INFO  ratis.XceiverServerRatis (XceiverServerRatis.java:getRealPort(575)) - XceiverServerRatis 5f4f4713-a1cc-4bb1-a761-5c302a8e1427 is started using port 15326 for RATIS_SERVER
2024-01-26 13:21:14,210 [5f4f4713-a1cc-4bb1-a761-5c302a8e1427-EndpointStateMachineTaskThread-/0.0.0.0:15269-0 ] INFO  ratis.XceiverServerRatis (XceiverServerRatis.java:getRealPort(575)) - XceiverServerRatis 5f4f4713-a1cc-4bb1-a761-5c302a8e1427 is started using port 15327 for RATIS_DATASTREAM
2024-01-26 13:21:14,211 [5f4f4713-a1cc-4bb1-a761-5c302a8e1427-BlockDeletingService#0] INFO  interfaces.ContainerDeletionChoosingPolicyTemplate (ContainerDeletionChoosingPolicyTemplate.java:chooseContainerForBlockDeletion(85)) - Chosen 0/5000 blocks from 0 candidate containers.
2024-01-26 13:21:14,295 [8e7f399e-f7c5-430e-98c6-d19423f76280-EndpointStateMachineTaskThread-/0.0.0.0:15269-0 ] INFO  utils.DatanodeStoreCache (DatanodeStoreCache.java:addDB(72)) - Added db /home/runner/work/ozone/ozone/hadoop-ozone/integration-test/target/test-dir/MiniOzoneClusterImpl-953fd8c5-ac00-44c9-baab-0887e32ba883/datanode-6/data-0/containers/hdds/953fd8c5-ac00-44c9-baab-0887e32ba883/DS-227570f2-6aa4-45b3-ab2a-eda8f2353697/container.db to cache
2024-01-26 13:21:14,295 [8e7f399e-f7c5-430e-98c6-d19423f76280-EndpointStateMachineTaskThread-/0.0.0.0:15269-0 ] INFO  volume.HddsVolume (HddsVolume.java:createDbStore(420)) - SchemaV3 db is created and loaded at /home/runner/work/ozone/ozone/hadoop-ozone/integration-test/target/test-dir/MiniOzoneClusterImpl-953fd8c5-ac00-44c9-baab-0887e32ba883/datanode-6/data-0/containers/hdds/953fd8c5-ac00-44c9-baab-0887e32ba883/DS-227570f2-6aa4-45b3-ab2a-eda8f2353697/container.db for volume DS-227570f2-6aa4-45b3-ab2a-eda8f2353697
2024-01-26 13:21:14,296 [8e7f399e-f7c5-430e-98c6-d19423f76280-EndpointStateMachineTaskThread-/0.0.0.0:15269-0 ] INFO  volume.ThrottledAsyncChecker (ThrottledAsyncChecker.java:schedule(141)) - Scheduling a check for /home/runner/work/ozone/ozone/hadoop-ozone/integration-test/target/test-dir/MiniOzoneClusterImpl-953fd8c5-ac00-44c9-baab-0887e32ba883/datanode-6/data-0/containers/hdds
2024-01-26 13:21:14,296 [8e7f399e-f7c5-430e-98c6-d19423f76280-EndpointStateMachineTaskThread-/0.0.0.0:15269-0 ] INFO  volume.StorageVolumeChecker (StorageVolumeChecker.java:checkAllVolumes(218)) - Scheduled health check for volume /home/runner/work/ozone/ozone/hadoop-ozone/integration-test/target/test-dir/MiniOzoneClusterImpl-953fd8c5-ac00-44c9-baab-0887e32ba883/datanode-6/data-0/containers/hdds
2024-01-26 13:21:14,298 [8e7f399e-f7c5-430e-98c6-d19423f76280-EndpointStateMachineTaskThread-/0.0.0.0:15269-0 ] INFO  volume.ThrottledAsyncChecker (ThrottledAsyncChecker.java:schedule(141)) - Scheduling a check for /home/runner/work/ozone/ozone/hadoop-ozone/integration-test/target/test-dir/MiniOzoneClusterImpl-953fd8c5-ac00-44c9-baab-0887e32ba883/datanode-6/data/ratis
2024-01-26 13:21:14,298 [8e7f399e-f7c5-430e-98c6-d19423f76280-EndpointStateMachineTaskThread-/0.0.0.0:15269-0 ] INFO  volume.StorageVolumeChecker (StorageVolumeChecker.java:checkAllVolumes(218)) - Scheduled health check for volume /home/runner/work/ozone/ozone/hadoop-ozone/integration-test/target/test-dir/MiniOzoneClusterImpl-953fd8c5-ac00-44c9-baab-0887e32ba883/datanode-6/data/ratis
2024-01-26 13:21:14,298 [8e7f399e-f7c5-430e-98c6-d19423f76280-EndpointStateMachineTaskThread-/0.0.0.0:15269-0 ] INFO  ozoneimpl.OzoneContainer (OzoneContainer.java:start(457)) - Attempting to start container services.
2024-01-26 13:21:14,299 [8e7f399e-f7c5-430e-98c6-d19423f76280-EndpointStateMachineTaskThread-/0.0.0.0:15269-0 ] INFO  ozoneimpl.OzoneContainer (OzoneContainer.java:startContainerScrub(339)) - Scheduled background container scanners and the on-demand container scanner have been disabled.
2024-01-26 13:21:14,299 [8e7f399e-f7c5-430e-98c6-d19423f76280-EndpointStateMachineTaskThread-/0.0.0.0:15269-0 ] INFO  replication.ReplicationServer (ReplicationServer.java:start(139)) - ReplicationServer is started using port 15337
2024-01-26 13:21:14,299 [8e7f399e-f7c5-430e-98c6-d19423f76280-EndpointStateMachineTaskThread-/0.0.0.0:15269-0 ] INFO  ratis.XceiverServerRatis (XceiverServerRatis.java:start(549)) - Starting XceiverServerRatis 8e7f399e-f7c5-430e-98c6-d19423f76280
2024-01-26 13:21:14,300 [8e7f399e-f7c5-430e-98c6-d19423f76280-EndpointStateMachineTaskThread-/0.0.0.0:15269-0 ] INFO  server.RaftServer (RaftServerProxy.java:startImpl(406)) - 8e7f399e-f7c5-430e-98c6-d19423f76280: start RPC server
2024-01-26 13:21:14,300 [8e7f399e-f7c5-430e-98c6-d19423f76280-EndpointStateMachineTaskThread-/0.0.0.0:15269-0 ] INFO  server.GrpcService (GrpcService.java:startImpl(302)) - 8e7f399e-f7c5-430e-98c6-d19423f76280: GrpcService started, listening on 15333
2024-01-26 13:21:14,300 [8e7f399e-f7c5-430e-98c6-d19423f76280-EndpointStateMachineTaskThread-/0.0.0.0:15269-0 ] INFO  server.GrpcService (GrpcService.java:startImpl(302)) - 8e7f399e-f7c5-430e-98c6-d19423f76280: GrpcService started, listening on 15335
2024-01-26 13:21:14,300 [8e7f399e-f7c5-430e-98c6-d19423f76280-EndpointStateMachineTaskThread-/0.0.0.0:15269-0 ] INFO  server.GrpcService (GrpcService.java:startImpl(302)) - 8e7f399e-f7c5-430e-98c6-d19423f76280: GrpcService started, listening on 15334
2024-01-26 13:21:14,300 [8e7f399e-f7c5-430e-98c6-d19423f76280-EndpointStateMachineTaskThread-/0.0.0.0:15269-0 ] INFO  ratis.XceiverServerRatis (XceiverServerRatis.java:getRealPort(575)) - XceiverServerRatis 8e7f399e-f7c5-430e-98c6-d19423f76280 is started using port 15333 for RATIS
2024-01-26 13:21:14,300 [JvmPauseMonitor41] INFO  util.JvmPauseMonitor (JvmPauseMonitor.java:run(146)) - JvmPauseMonitor-8e7f399e-f7c5-430e-98c6-d19423f76280: Started
2024-01-26 13:21:14,300 [8e7f399e-f7c5-430e-98c6-d19423f76280-EndpointStateMachineTaskThread-/0.0.0.0:15269-0 ] INFO  ratis.XceiverServerRatis (XceiverServerRatis.java:getRealPort(575)) - XceiverServerRatis 8e7f399e-f7c5-430e-98c6-d19423f76280 is started using port 15334 for RATIS_ADMIN
2024-01-26 13:21:14,300 [8e7f399e-f7c5-430e-98c6-d19423f76280-EndpointStateMachineTaskThread-/0.0.0.0:15269-0 ] INFO  ratis.XceiverServerRatis (XceiverServerRatis.java:getRealPort(575)) - XceiverServerRatis 8e7f399e-f7c5-430e-98c6-d19423f76280 is started using port 15335 for RATIS_SERVER
2024-01-26 13:21:14,301 [8e7f399e-f7c5-430e-98c6-d19423f76280-EndpointStateMachineTaskThread-/0.0.0.0:15269-0 ] INFO  ratis.XceiverServerRatis (XceiverServerRatis.java:getRealPort(575)) - XceiverServerRatis 8e7f399e-f7c5-430e-98c6-d19423f76280 is started using port 15336 for RATIS_DATASTREAM
2024-01-26 13:21:14,301 [8e7f399e-f7c5-430e-98c6-d19423f76280-BlockDeletingService#0] INFO  interfaces.ContainerDeletionChoosingPolicyTemplate (ContainerDeletionChoosingPolicyTemplate.java:chooseContainerForBlockDeletion(85)) - Chosen 0/5000 blocks from 0 candidate containers.
2024-01-26 13:21:14,387 [282c7661-760d-4a20-bf76-23fe8f9b2b08-EndpointStateMachineTaskThread-/0.0.0.0:15269-0 ] INFO  utils.DatanodeStoreCache (DatanodeStoreCache.java:addDB(72)) - Added db /home/runner/work/ozone/ozone/hadoop-ozone/integration-test/target/test-dir/MiniOzoneClusterImpl-953fd8c5-ac00-44c9-baab-0887e32ba883/datanode-7/data-0/containers/hdds/953fd8c5-ac00-44c9-baab-0887e32ba883/DS-f3ca8f06-8c08-484c-a85c-00fed940af43/container.db to cache
2024-01-26 13:21:14,387 [282c7661-760d-4a20-bf76-23fe8f9b2b08-EndpointStateMachineTaskThread-/0.0.0.0:15269-0 ] INFO  volume.HddsVolume (HddsVolume.java:createDbStore(420)) - SchemaV3 db is created and loaded at /home/runner/work/ozone/ozone/hadoop-ozone/integration-test/target/test-dir/MiniOzoneClusterImpl-953fd8c5-ac00-44c9-baab-0887e32ba883/datanode-7/data-0/containers/hdds/953fd8c5-ac00-44c9-baab-0887e32ba883/DS-f3ca8f06-8c08-484c-a85c-00fed940af43/container.db for volume DS-f3ca8f06-8c08-484c-a85c-00fed940af43
2024-01-26 13:21:14,388 [282c7661-760d-4a20-bf76-23fe8f9b2b08-EndpointStateMachineTaskThread-/0.0.0.0:15269-0 ] INFO  volume.ThrottledAsyncChecker (ThrottledAsyncChecker.java:schedule(141)) - Scheduling a check for /home/runner/work/ozone/ozone/hadoop-ozone/integration-test/target/test-dir/MiniOzoneClusterImpl-953fd8c5-ac00-44c9-baab-0887e32ba883/datanode-7/data-0/containers/hdds
2024-01-26 13:21:14,389 [282c7661-760d-4a20-bf76-23fe8f9b2b08-EndpointStateMachineTaskThread-/0.0.0.0:15269-0 ] INFO  volume.StorageVolumeChecker (StorageVolumeChecker.java:checkAllVolumes(218)) - Scheduled health check for volume /home/runner/work/ozone/ozone/hadoop-ozone/integration-test/target/test-dir/MiniOzoneClusterImpl-953fd8c5-ac00-44c9-baab-0887e32ba883/datanode-7/data-0/containers/hdds
2024-01-26 13:21:14,390 [282c7661-760d-4a20-bf76-23fe8f9b2b08-EndpointStateMachineTaskThread-/0.0.0.0:15269-0 ] INFO  volume.ThrottledAsyncChecker (ThrottledAsyncChecker.java:schedule(141)) - Scheduling a check for /home/runner/work/ozone/ozone/hadoop-ozone/integration-test/target/test-dir/MiniOzoneClusterImpl-953fd8c5-ac00-44c9-baab-0887e32ba883/datanode-7/data/ratis
2024-01-26 13:21:14,391 [282c7661-760d-4a20-bf76-23fe8f9b2b08-EndpointStateMachineTaskThread-/0.0.0.0:15269-0 ] INFO  volume.StorageVolumeChecker (StorageVolumeChecker.java:checkAllVolumes(218)) - Scheduled health check for volume /home/runner/work/ozone/ozone/hadoop-ozone/integration-test/target/test-dir/MiniOzoneClusterImpl-953fd8c5-ac00-44c9-baab-0887e32ba883/datanode-7/data/ratis
2024-01-26 13:21:14,392 [282c7661-760d-4a20-bf76-23fe8f9b2b08-EndpointStateMachineTaskThread-/0.0.0.0:15269-0 ] INFO  ozoneimpl.OzoneContainer (OzoneContainer.java:start(457)) - Attempting to start container services.
2024-01-26 13:21:14,392 [282c7661-760d-4a20-bf76-23fe8f9b2b08-EndpointStateMachineTaskThread-/0.0.0.0:15269-0 ] INFO  ozoneimpl.OzoneContainer (OzoneContainer.java:startContainerScrub(339)) - Scheduled background container scanners and the on-demand container scanner have been disabled.
2024-01-26 13:21:14,392 [282c7661-760d-4a20-bf76-23fe8f9b2b08-EndpointStateMachineTaskThread-/0.0.0.0:15269-0 ] INFO  replication.ReplicationServer (ReplicationServer.java:start(139)) - ReplicationServer is started using port 15346
2024-01-26 13:21:14,393 [282c7661-760d-4a20-bf76-23fe8f9b2b08-EndpointStateMachineTaskThread-/0.0.0.0:15269-0 ] INFO  ratis.XceiverServerRatis (XceiverServerRatis.java:start(549)) - Starting XceiverServerRatis 282c7661-760d-4a20-bf76-23fe8f9b2b08
2024-01-26 13:21:14,412 [282c7661-760d-4a20-bf76-23fe8f9b2b08-EndpointStateMachineTaskThread-/0.0.0.0:15269-0 ] INFO  server.RaftServer (RaftServerProxy.java:startImpl(406)) - 282c7661-760d-4a20-bf76-23fe8f9b2b08: start RPC server
2024-01-26 13:21:14,413 [282c7661-760d-4a20-bf76-23fe8f9b2b08-EndpointStateMachineTaskThread-/0.0.0.0:15269-0 ] INFO  server.GrpcService (GrpcService.java:startImpl(302)) - 282c7661-760d-4a20-bf76-23fe8f9b2b08: GrpcService started, listening on 15342
2024-01-26 13:21:14,413 [282c7661-760d-4a20-bf76-23fe8f9b2b08-EndpointStateMachineTaskThread-/0.0.0.0:15269-0 ] INFO  server.GrpcService (GrpcService.java:startImpl(302)) - 282c7661-760d-4a20-bf76-23fe8f9b2b08: GrpcService started, listening on 15344
2024-01-26 13:21:14,413 [282c7661-760d-4a20-bf76-23fe8f9b2b08-EndpointStateMachineTaskThread-/0.0.0.0:15269-0 ] INFO  server.GrpcService (GrpcService.java:startImpl(302)) - 282c7661-760d-4a20-bf76-23fe8f9b2b08: GrpcService started, listening on 15343
2024-01-26 13:21:14,416 [282c7661-760d-4a20-bf76-23fe8f9b2b08-EndpointStateMachineTaskThread-/0.0.0.0:15269-0 ] INFO  ratis.XceiverServerRatis (XceiverServerRatis.java:getRealPort(575)) - XceiverServerRatis 282c7661-760d-4a20-bf76-23fe8f9b2b08 is started using port 15342 for RATIS
2024-01-26 13:21:14,416 [282c7661-760d-4a20-bf76-23fe8f9b2b08-EndpointStateMachineTaskThread-/0.0.0.0:15269-0 ] INFO  ratis.XceiverServerRatis (XceiverServerRatis.java:getRealPort(575)) - XceiverServerRatis 282c7661-760d-4a20-bf76-23fe8f9b2b08 is started using port 15343 for RATIS_ADMIN
2024-01-26 13:21:14,416 [282c7661-760d-4a20-bf76-23fe8f9b2b08-EndpointStateMachineTaskThread-/0.0.0.0:15269-0 ] INFO  ratis.XceiverServerRatis (XceiverServerRatis.java:getRealPort(575)) - XceiverServerRatis 282c7661-760d-4a20-bf76-23fe8f9b2b08 is started using port 15344 for RATIS_SERVER
2024-01-26 13:21:14,416 [282c7661-760d-4a20-bf76-23fe8f9b2b08-EndpointStateMachineTaskThread-/0.0.0.0:15269-0 ] INFO  ratis.XceiverServerRatis (XceiverServerRatis.java:getRealPort(575)) - XceiverServerRatis 282c7661-760d-4a20-bf76-23fe8f9b2b08 is started using port 15345 for RATIS_DATASTREAM
2024-01-26 13:21:14,416 [JvmPauseMonitor42] INFO  util.JvmPauseMonitor (JvmPauseMonitor.java:run(146)) - JvmPauseMonitor-282c7661-760d-4a20-bf76-23fe8f9b2b08: Started
2024-01-26 13:21:14,422 [282c7661-760d-4a20-bf76-23fe8f9b2b08-BlockDeletingService#0] INFO  interfaces.ContainerDeletionChoosingPolicyTemplate (ContainerDeletionChoosingPolicyTemplate.java:chooseContainerForBlockDeletion(85)) - Chosen 0/5000 blocks from 0 candidate containers.
2024-01-26 13:21:14,453 [main] INFO  ozone.MiniOzoneClusterImpl (MiniOzoneClusterImpl.java:lambda$waitForClusterToBeReady$0(229)) - Waiting for nodes to be ready. Got 0 of 9 DN Heartbeats.
2024-01-26 13:21:14,453 [main] INFO  ozone.MiniOzoneClusterImpl (MiniOzoneClusterImpl.java:lambda$waitForClusterToBeReady$0(232)) - Waiting for cluster to exit safe mode
2024-01-26 13:21:14,453 [main] INFO  ozone.MiniOzoneClusterImpl (MiniOzoneClusterImpl.java:lambda$waitForClusterToBeReady$0(234)) - SCM became leader
2024-01-26 13:21:14,475 [6765ae9a-8790-488a-a655-dfdac73b9f74-EndpointStateMachineTaskThread-/0.0.0.0:15269-0 ] INFO  utils.DatanodeStoreCache (DatanodeStoreCache.java:addDB(72)) - Added db /home/runner/work/ozone/ozone/hadoop-ozone/integration-test/target/test-dir/MiniOzoneClusterImpl-953fd8c5-ac00-44c9-baab-0887e32ba883/datanode-8/data-0/containers/hdds/953fd8c5-ac00-44c9-baab-0887e32ba883/DS-d5993591-2afa-4eef-b901-8fbe5f06a2ec/container.db to cache
2024-01-26 13:21:14,475 [6765ae9a-8790-488a-a655-dfdac73b9f74-EndpointStateMachineTaskThread-/0.0.0.0:15269-0 ] INFO  volume.HddsVolume (HddsVolume.java:createDbStore(420)) - SchemaV3 db is created and loaded at /home/runner/work/ozone/ozone/hadoop-ozone/integration-test/target/test-dir/MiniOzoneClusterImpl-953fd8c5-ac00-44c9-baab-0887e32ba883/datanode-8/data-0/containers/hdds/953fd8c5-ac00-44c9-baab-0887e32ba883/DS-d5993591-2afa-4eef-b901-8fbe5f06a2ec/container.db for volume DS-d5993591-2afa-4eef-b901-8fbe5f06a2ec
2024-01-26 13:21:14,476 [6765ae9a-8790-488a-a655-dfdac73b9f74-EndpointStateMachineTaskThread-/0.0.0.0:15269-0 ] INFO  volume.ThrottledAsyncChecker (ThrottledAsyncChecker.java:schedule(141)) - Scheduling a check for /home/runner/work/ozone/ozone/hadoop-ozone/integration-test/target/test-dir/MiniOzoneClusterImpl-953fd8c5-ac00-44c9-baab-0887e32ba883/datanode-8/data-0/containers/hdds
2024-01-26 13:21:14,477 [6765ae9a-8790-488a-a655-dfdac73b9f74-EndpointStateMachineTaskThread-/0.0.0.0:15269-0 ] INFO  volume.StorageVolumeChecker (StorageVolumeChecker.java:checkAllVolumes(218)) - Scheduled health check for volume /home/runner/work/ozone/ozone/hadoop-ozone/integration-test/target/test-dir/MiniOzoneClusterImpl-953fd8c5-ac00-44c9-baab-0887e32ba883/datanode-8/data-0/containers/hdds
2024-01-26 13:21:14,479 [6765ae9a-8790-488a-a655-dfdac73b9f74-EndpointStateMachineTaskThread-/0.0.0.0:15269-0 ] INFO  volume.ThrottledAsyncChecker (ThrottledAsyncChecker.java:schedule(141)) - Scheduling a check for /home/runner/work/ozone/ozone/hadoop-ozone/integration-test/target/test-dir/MiniOzoneClusterImpl-953fd8c5-ac00-44c9-baab-0887e32ba883/datanode-8/data/ratis
2024-01-26 13:21:14,479 [6765ae9a-8790-488a-a655-dfdac73b9f74-EndpointStateMachineTaskThread-/0.0.0.0:15269-0 ] INFO  volume.StorageVolumeChecker (StorageVolumeChecker.java:checkAllVolumes(218)) - Scheduled health check for volume /home/runner/work/ozone/ozone/hadoop-ozone/integration-test/target/test-dir/MiniOzoneClusterImpl-953fd8c5-ac00-44c9-baab-0887e32ba883/datanode-8/data/ratis
2024-01-26 13:21:14,480 [6765ae9a-8790-488a-a655-dfdac73b9f74-EndpointStateMachineTaskThread-/0.0.0.0:15269-0 ] INFO  ozoneimpl.OzoneContainer (OzoneContainer.java:start(457)) - Attempting to start container services.
2024-01-26 13:21:14,480 [6765ae9a-8790-488a-a655-dfdac73b9f74-EndpointStateMachineTaskThread-/0.0.0.0:15269-0 ] INFO  ozoneimpl.OzoneContainer (OzoneContainer.java:startContainerScrub(339)) - Scheduled background container scanners and the on-demand container scanner have been disabled.
2024-01-26 13:21:14,480 [6765ae9a-8790-488a-a655-dfdac73b9f74-EndpointStateMachineTaskThread-/0.0.0.0:15269-0 ] INFO  replication.ReplicationServer (ReplicationServer.java:start(139)) - ReplicationServer is started using port 15355
2024-01-26 13:21:14,480 [6765ae9a-8790-488a-a655-dfdac73b9f74-EndpointStateMachineTaskThread-/0.0.0.0:15269-0 ] INFO  ratis.XceiverServerRatis (XceiverServerRatis.java:start(549)) - Starting XceiverServerRatis 6765ae9a-8790-488a-a655-dfdac73b9f74
2024-01-26 13:21:14,481 [6765ae9a-8790-488a-a655-dfdac73b9f74-EndpointStateMachineTaskThread-/0.0.0.0:15269-0 ] INFO  server.RaftServer (RaftServerProxy.java:startImpl(406)) - 6765ae9a-8790-488a-a655-dfdac73b9f74: start RPC server
2024-01-26 13:21:14,481 [6765ae9a-8790-488a-a655-dfdac73b9f74-EndpointStateMachineTaskThread-/0.0.0.0:15269-0 ] INFO  server.GrpcService (GrpcService.java:startImpl(302)) - 6765ae9a-8790-488a-a655-dfdac73b9f74: GrpcService started, listening on 15351
2024-01-26 13:21:14,481 [6765ae9a-8790-488a-a655-dfdac73b9f74-EndpointStateMachineTaskThread-/0.0.0.0:15269-0 ] INFO  server.GrpcService (GrpcService.java:startImpl(302)) - 6765ae9a-8790-488a-a655-dfdac73b9f74: GrpcService started, listening on 15353
2024-01-26 13:21:14,482 [6765ae9a-8790-488a-a655-dfdac73b9f74-EndpointStateMachineTaskThread-/0.0.0.0:15269-0 ] INFO  server.GrpcService (GrpcService.java:startImpl(302)) - 6765ae9a-8790-488a-a655-dfdac73b9f74: GrpcService started, listening on 15352
2024-01-26 13:21:14,482 [6765ae9a-8790-488a-a655-dfdac73b9f74-EndpointStateMachineTaskThread-/0.0.0.0:15269-0 ] INFO  ratis.XceiverServerRatis (XceiverServerRatis.java:getRealPort(575)) - XceiverServerRatis 6765ae9a-8790-488a-a655-dfdac73b9f74 is started using port 15351 for RATIS
2024-01-26 13:21:14,482 [6765ae9a-8790-488a-a655-dfdac73b9f74-EndpointStateMachineTaskThread-/0.0.0.0:15269-0 ] INFO  ratis.XceiverServerRatis (XceiverServerRatis.java:getRealPort(575)) - XceiverServerRatis 6765ae9a-8790-488a-a655-dfdac73b9f74 is started using port 15352 for RATIS_ADMIN
2024-01-26 13:21:14,482 [6765ae9a-8790-488a-a655-dfdac73b9f74-EndpointStateMachineTaskThread-/0.0.0.0:15269-0 ] INFO  ratis.XceiverServerRatis (XceiverServerRatis.java:getRealPort(575)) - XceiverServerRatis 6765ae9a-8790-488a-a655-dfdac73b9f74 is started using port 15353 for RATIS_SERVER
2024-01-26 13:21:14,482 [6765ae9a-8790-488a-a655-dfdac73b9f74-EndpointStateMachineTaskThread-/0.0.0.0:15269-0 ] INFO  ratis.XceiverServerRatis (XceiverServerRatis.java:getRealPort(575)) - XceiverServerRatis 6765ae9a-8790-488a-a655-dfdac73b9f74 is started using port 15354 for RATIS_DATASTREAM
2024-01-26 13:21:14,482 [JvmPauseMonitor43] INFO  util.JvmPauseMonitor (JvmPauseMonitor.java:run(146)) - JvmPauseMonitor-6765ae9a-8790-488a-a655-dfdac73b9f74: Started
2024-01-26 13:21:14,483 [6765ae9a-8790-488a-a655-dfdac73b9f74-BlockDeletingService#0] INFO  interfaces.ContainerDeletionChoosingPolicyTemplate (ContainerDeletionChoosingPolicyTemplate.java:chooseContainerForBlockDeletion(85)) - Chosen 0/5000 blocks from 0 candidate containers.
2024-01-26 13:21:15,454 [main] INFO  ozone.MiniOzoneClusterImpl (MiniOzoneClusterImpl.java:lambda$waitForClusterToBeReady$0(229)) - Waiting for nodes to be ready. Got 0 of 9 DN Heartbeats.
2024-01-26 13:21:15,454 [main] INFO  ozone.MiniOzoneClusterImpl (MiniOzoneClusterImpl.java:lambda$waitForClusterToBeReady$0(232)) - Waiting for cluster to exit safe mode
2024-01-26 13:21:15,454 [main] INFO  ozone.MiniOzoneClusterImpl (MiniOzoneClusterImpl.java:lambda$waitForClusterToBeReady$0(234)) - SCM became leader
2024-01-26 13:21:15,704 [IPC Server handler 2 on default port 15269] INFO  net.NetworkTopologyImpl (NetworkTopologyImpl.java:add(124)) - Added a new node: /default-rack/2d827dc5-08e9-453f-94d7-4114e25c345f
2024-01-26 13:21:15,704 [IPC Server handler 2 on default port 15269] INFO  node.SCMNodeManager (SCMNodeManager.java:register(421)) - Registered datanode: 2d827dc5-08e9-453f-94d7-4114e25c345f{ip: 10.1.0.20, host: fv-az983-443.a2pef1dptxmevgtwlerx3iae4a.cx.internal.cloudapp.net, ports: [HTTP=15276, CLIENT_RPC=15277, REPLICATION=15283, RATIS=15279, RATIS_ADMIN=15280, RATIS_SERVER=15281, RATIS_DATASTREAM=15282, STANDALONE=15278], networkLocation: /default-rack, certSerialId: null, persistedOpState: null, persistedOpStateExpiryEpochSec: 0}
2024-01-26 13:21:15,707 [EventQueue-NewNodeForNewNodeHandler] INFO  pipeline.BackgroundPipelineCreator (BackgroundPipelineCreator.java:notifyEventTriggered(280)) - trigger a one-shot run on RatisPipelineUtilsThread.
2024-01-26 13:21:15,707 [EventQueue-NodeRegistrationContainerReportForDataNodeSafeModeRule] INFO  safemode.SCMSafeModeManager (DataNodeSafeModeRule.java:process(71)) - SCM in safe mode. 1 DataNodes registered, 3 required.
2024-01-26 13:21:15,707 [EventQueue-NodeRegistrationContainerReportForContainerSafeModeRule] INFO  safemode.SCMSafeModeManager (SCMSafeModeManager.java:validateSafeModeExitRules(200)) - ContainerSafeModeRule rule is successfully validated
2024-01-26 13:21:15,707 [RatisPipelineUtilsThread-0] INFO  pipeline.RatisPipelineProvider (RatisPipelineProvider.java:lambda$create$0(206)) - Sending CreatePipelineCommand for pipeline:PipelineID=46cb867c-9aec-4dec-a243-6007680d8a09 to datanode:2d827dc5-08e9-453f-94d7-4114e25c345f
2024-01-26 13:21:15,708 [EventQueue-PipelineReportForOneReplicaPipelineSafeModeRule] INFO  safemode.SCMSafeModeManager (SCMSafeModeManager.java:validateSafeModeExitRules(200)) - AtleastOneDatanodeReportedRule rule is successfully validated
2024-01-26 13:21:15,709 [RatisPipelineUtilsThread-0] INFO  pipeline.BackgroundPipelineCreator (BackgroundPipelineCreator.java:createPipelines(236)) - Created new pipeline Pipeline[ Id: 46cb867c-9aec-4dec-a243-6007680d8a09, Nodes: 2d827dc5-08e9-453f-94d7-4114e25c345f(fv-az983-443.a2pef1dptxmevgtwlerx3iae4a.cx.internal.cloudapp.net/10.1.0.20), ReplicationConfig: RATIS/ONE, State:ALLOCATED, leaderId:, CreationTimestamp2024-01-26T13:21:15.707Z[Etc/UTC]]
2024-01-26 13:21:15,795 [IPC Server handler 5 on default port 15269] INFO  net.NetworkTopologyImpl (NetworkTopologyImpl.java:add(124)) - Added a new node: /default-rack/cb54f49b-2271-401a-a078-0b164c9907dd
2024-01-26 13:21:15,795 [IPC Server handler 5 on default port 15269] INFO  node.SCMNodeManager (SCMNodeManager.java:register(421)) - Registered datanode: cb54f49b-2271-401a-a078-0b164c9907dd{ip: 10.1.0.20, host: fv-az983-443.a2pef1dptxmevgtwlerx3iae4a.cx.internal.cloudapp.net, ports: [HTTP=15285, CLIENT_RPC=15286, REPLICATION=15292, RATIS=15288, RATIS_ADMIN=15289, RATIS_SERVER=15290, RATIS_DATASTREAM=15291, STANDALONE=15287], networkLocation: /default-rack, certSerialId: null, persistedOpState: null, persistedOpStateExpiryEpochSec: 0}
2024-01-26 13:21:15,796 [EventQueue-NodeRegistrationContainerReportForDataNodeSafeModeRule] INFO  safemode.SCMSafeModeManager (DataNodeSafeModeRule.java:process(71)) - SCM in safe mode. 2 DataNodes registered, 3 required.
2024-01-26 13:21:15,796 [EventQueue-NewNodeForNewNodeHandler] INFO  pipeline.BackgroundPipelineCreator (BackgroundPipelineCreator.java:notifyEventTriggered(280)) - trigger a one-shot run on RatisPipelineUtilsThread.
2024-01-26 13:21:15,797 [RatisPipelineUtilsThread-0] INFO  pipeline.RatisPipelineProvider (RatisPipelineProvider.java:lambda$create$0(206)) - Sending CreatePipelineCommand for pipeline:PipelineID=c671ec4f-e169-43d4-b773-caa3f149b9fb to datanode:cb54f49b-2271-401a-a078-0b164c9907dd
2024-01-26 13:21:15,797 [RatisPipelineUtilsThread-0] INFO  pipeline.BackgroundPipelineCreator (BackgroundPipelineCreator.java:createPipelines(236)) - Created new pipeline Pipeline[ Id: c671ec4f-e169-43d4-b773-caa3f149b9fb, Nodes: cb54f49b-2271-401a-a078-0b164c9907dd(fv-az983-443.a2pef1dptxmevgtwlerx3iae4a.cx.internal.cloudapp.net/10.1.0.20), ReplicationConfig: RATIS/ONE, State:ALLOCATED, leaderId:, CreationTimestamp2024-01-26T13:21:15.797Z[Etc/UTC]]
2024-01-26 13:21:15,893 [IPC Server handler 6 on default port 15269] INFO  net.NetworkTopologyImpl (NetworkTopologyImpl.java:add(124)) - Added a new node: /default-rack/a1acbc51-0491-4521-9956-72ea0a3fcfae
2024-01-26 13:21:15,894 [IPC Server handler 6 on default port 15269] INFO  node.SCMNodeManager (SCMNodeManager.java:register(421)) - Registered datanode: a1acbc51-0491-4521-9956-72ea0a3fcfae{ip: 10.1.0.20, host: fv-az983-443.a2pef1dptxmevgtwlerx3iae4a.cx.internal.cloudapp.net, ports: [HTTP=15294, CLIENT_RPC=15295, REPLICATION=15301, RATIS=15297, RATIS_ADMIN=15298, RATIS_SERVER=15299, RATIS_DATASTREAM=15300, STANDALONE=15296], networkLocation: /default-rack, certSerialId: null, persistedOpState: null, persistedOpStateExpiryEpochSec: 0}
2024-01-26 13:21:15,895 [EventQueue-NodeRegistrationContainerReportForDataNodeSafeModeRule] INFO  safemode.SCMSafeModeManager (DataNodeSafeModeRule.java:process(71)) - SCM in safe mode. 3 DataNodes registered, 3 required.
2024-01-26 13:21:15,895 [EventQueue-NodeRegistrationContainerReportForDataNodeSafeModeRule] INFO  safemode.SCMSafeModeManager (SCMSafeModeManager.java:validateSafeModeExitRules(200)) - DataNodeSafeModeRule rule is successfully validated
2024-01-26 13:21:15,895 [EventQueue-NodeRegistrationContainerReportForDataNodeSafeModeRule] INFO  safemode.SCMSafeModeManager (SCMSafeModeManager.java:completePreCheck(229)) - All SCM safe mode pre check rules have passed
2024-01-26 13:21:15,895 [EventQueue-NodeRegistrationContainerReportForDataNodeSafeModeRule] INFO  ha.SCMContext (SCMContext.java:updateSafeModeStatus(230)) - Update SafeModeStatus from SafeModeStatus{safeModeStatus=true, preCheckPassed=false} to SafeModeStatus{safeModeStatus=true, preCheckPassed=true}.
2024-01-26 13:21:15,924 [EventQueue-NewNodeForNewNodeHandler] INFO  pipeline.BackgroundPipelineCreator (BackgroundPipelineCreator.java:notifyEventTriggered(280)) - trigger a one-shot run on RatisPipelineUtilsThread.
2024-01-26 13:21:15,924 [EventQueue-NodeRegistrationContainerReportForDataNodeSafeModeRule] INFO  pipeline.BackgroundPipelineCreator (BackgroundPipelineCreator.java:notifyEventTriggered(280)) - trigger a one-shot run on RatisPipelineUtilsThread.
2024-01-26 13:21:15,924 [RatisPipelineUtilsThread-0] INFO  pipeline.RatisPipelineProvider (RatisPipelineProvider.java:lambda$create$0(206)) - Sending CreatePipelineCommand for pipeline:PipelineID=27e214a6-bcc1-4b24-a611-47dba195f5c4 to datanode:a1acbc51-0491-4521-9956-72ea0a3fcfae
2024-01-26 13:21:15,925 [RatisPipelineUtilsThread-0] INFO  pipeline.BackgroundPipelineCreator (BackgroundPipelineCreator.java:createPipelines(236)) - Created new pipeline Pipeline[ Id: 27e214a6-bcc1-4b24-a611-47dba195f5c4, Nodes: a1acbc51-0491-4521-9956-72ea0a3fcfae(fv-az983-443.a2pef1dptxmevgtwlerx3iae4a.cx.internal.cloudapp.net/10.1.0.20), ReplicationConfig: RATIS/ONE, State:ALLOCATED, leaderId:, CreationTimestamp2024-01-26T13:21:15.924Z[Etc/UTC]]
2024-01-26 13:21:15,925 [RatisPipelineUtilsThread-0] INFO  pipeline.RatisPipelineProvider (RatisPipelineProvider.java:lambda$create$0(206)) - Sending CreatePipelineCommand for pipeline:PipelineID=9c44c8cb-9d31-438d-8f48-8f301de41d58 to datanode:a1acbc51-0491-4521-9956-72ea0a3fcfae
2024-01-26 13:21:15,925 [RatisPipelineUtilsThread-0] INFO  pipeline.RatisPipelineProvider (RatisPipelineProvider.java:lambda$create$0(206)) - Sending CreatePipelineCommand for pipeline:PipelineID=9c44c8cb-9d31-438d-8f48-8f301de41d58 to datanode:cb54f49b-2271-401a-a078-0b164c9907dd
2024-01-26 13:21:15,925 [RatisPipelineUtilsThread-0] INFO  pipeline.RatisPipelineProvider (RatisPipelineProvider.java:lambda$create$0(206)) - Sending CreatePipelineCommand for pipeline:PipelineID=9c44c8cb-9d31-438d-8f48-8f301de41d58 to datanode:2d827dc5-08e9-453f-94d7-4114e25c345f
2024-01-26 13:21:15,925 [RatisPipelineUtilsThread-0] INFO  pipeline.BackgroundPipelineCreator (BackgroundPipelineCreator.java:createPipelines(236)) - Created new pipeline Pipeline[ Id: 9c44c8cb-9d31-438d-8f48-8f301de41d58, Nodes: a1acbc51-0491-4521-9956-72ea0a3fcfae(fv-az983-443.a2pef1dptxmevgtwlerx3iae4a.cx.internal.cloudapp.net/10.1.0.20)cb54f49b-2271-401a-a078-0b164c9907dd(fv-az983-443.a2pef1dptxmevgtwlerx3iae4a.cx.internal.cloudapp.net/10.1.0.20)2d827dc5-08e9-453f-94d7-4114e25c345f(fv-az983-443.a2pef1dptxmevgtwlerx3iae4a.cx.internal.cloudapp.net/10.1.0.20), ReplicationConfig: RATIS/THREE, State:ALLOCATED, leaderId:, CreationTimestamp2024-01-26T13:21:15.925Z[Etc/UTC]]
2024-01-26 13:21:15,994 [IPC Server handler 7 on default port 15269] INFO  net.NetworkTopologyImpl (NetworkTopologyImpl.java:add(124)) - Added a new node: /default-rack/061c5e1a-1095-4fef-ae35-bb2f1955fa47
2024-01-26 13:21:15,994 [IPC Server handler 7 on default port 15269] INFO  node.SCMNodeManager (SCMNodeManager.java:register(421)) - Registered datanode: 061c5e1a-1095-4fef-ae35-bb2f1955fa47{ip: 10.1.0.20, host: fv-az983-443.a2pef1dptxmevgtwlerx3iae4a.cx.internal.cloudapp.net, ports: [HTTP=15303, CLIENT_RPC=15304, REPLICATION=15310, RATIS=15306, RATIS_ADMIN=15307, RATIS_SERVER=15308, RATIS_DATASTREAM=15309, STANDALONE=15305], networkLocation: /default-rack, certSerialId: null, persistedOpState: null, persistedOpStateExpiryEpochSec: 0}
2024-01-26 13:21:15,995 [EventQueue-NewNodeForNewNodeHandler] INFO  pipeline.BackgroundPipelineCreator (BackgroundPipelineCreator.java:notifyEventTriggered(280)) - trigger a one-shot run on RatisPipelineUtilsThread.
2024-01-26 13:21:15,996 [RatisPipelineUtilsThread-0] INFO  pipeline.RatisPipelineProvider (RatisPipelineProvider.java:lambda$create$0(206)) - Sending CreatePipelineCommand for pipeline:PipelineID=d6987cee-5013-4ef3-a6ce-1a2f75127efb to datanode:061c5e1a-1095-4fef-ae35-bb2f1955fa47
2024-01-26 13:21:15,996 [RatisPipelineUtilsThread-0] INFO  pipeline.BackgroundPipelineCreator (BackgroundPipelineCreator.java:createPipelines(236)) - Created new pipeline Pipeline[ Id: d6987cee-5013-4ef3-a6ce-1a2f75127efb, Nodes: 061c5e1a-1095-4fef-ae35-bb2f1955fa47(fv-az983-443.a2pef1dptxmevgtwlerx3iae4a.cx.internal.cloudapp.net/10.1.0.20), ReplicationConfig: RATIS/ONE, State:ALLOCATED, leaderId:, CreationTimestamp2024-01-26T13:21:15.996Z[Etc/UTC]]
2024-01-26 13:21:16,094 [IPC Server handler 27 on default port 15269] INFO  net.NetworkTopologyImpl (NetworkTopologyImpl.java:add(124)) - Added a new node: /default-rack/512d2126-5b92-4e29-85c7-4f085cf86b5e
2024-01-26 13:21:16,094 [IPC Server handler 27 on default port 15269] INFO  node.SCMNodeManager (SCMNodeManager.java:register(421)) - Registered datanode: 512d2126-5b92-4e29-85c7-4f085cf86b5e{ip: 10.1.0.20, host: fv-az983-443.a2pef1dptxmevgtwlerx3iae4a.cx.internal.cloudapp.net, ports: [HTTP=15312, CLIENT_RPC=15313, REPLICATION=15319, RATIS=15315, RATIS_ADMIN=15316, RATIS_SERVER=15317, RATIS_DATASTREAM=15318, STANDALONE=15314], networkLocation: /default-rack, certSerialId: null, persistedOpState: null, persistedOpStateExpiryEpochSec: 0}
2024-01-26 13:21:16,094 [EventQueue-NewNodeForNewNodeHandler] INFO  pipeline.BackgroundPipelineCreator (BackgroundPipelineCreator.java:notifyEventTriggered(280)) - trigger a one-shot run on RatisPipelineUtilsThread.
2024-01-26 13:21:16,097 [RatisPipelineUtilsThread-0] INFO  pipeline.RatisPipelineProvider (RatisPipelineProvider.java:lambda$create$0(206)) - Sending CreatePipelineCommand for pipeline:PipelineID=ff6bf4e7-cfac-4ddb-9481-990a103404ec to datanode:512d2126-5b92-4e29-85c7-4f085cf86b5e
2024-01-26 13:21:16,097 [RatisPipelineUtilsThread-0] INFO  pipeline.BackgroundPipelineCreator (BackgroundPipelineCreator.java:createPipelines(236)) - Created new pipeline Pipeline[ Id: ff6bf4e7-cfac-4ddb-9481-990a103404ec, Nodes: 512d2126-5b92-4e29-85c7-4f085cf86b5e(fv-az983-443.a2pef1dptxmevgtwlerx3iae4a.cx.internal.cloudapp.net/10.1.0.20), ReplicationConfig: RATIS/ONE, State:ALLOCATED, leaderId:, CreationTimestamp2024-01-26T13:21:16.097Z[Etc/UTC]]
2024-01-26 13:21:16,180 [IPC Server handler 0 on default port 15269] INFO  net.NetworkTopologyImpl (NetworkTopologyImpl.java:add(124)) - Added a new node: /default-rack/5f4f4713-a1cc-4bb1-a761-5c302a8e1427
2024-01-26 13:21:16,180 [IPC Server handler 0 on default port 15269] INFO  node.SCMNodeManager (SCMNodeManager.java:register(421)) - Registered datanode: 5f4f4713-a1cc-4bb1-a761-5c302a8e1427{ip: 10.1.0.20, host: fv-az983-443.a2pef1dptxmevgtwlerx3iae4a.cx.internal.cloudapp.net, ports: [HTTP=15321, CLIENT_RPC=15322, REPLICATION=15328, RATIS=15324, RATIS_ADMIN=15325, RATIS_SERVER=15326, RATIS_DATASTREAM=15327, STANDALONE=15323], networkLocation: /default-rack, certSerialId: null, persistedOpState: null, persistedOpStateExpiryEpochSec: 0}
2024-01-26 13:21:16,180 [EventQueue-NewNodeForNewNodeHandler] INFO  pipeline.BackgroundPipelineCreator (BackgroundPipelineCreator.java:notifyEventTriggered(280)) - trigger a one-shot run on RatisPipelineUtilsThread.
2024-01-26 13:21:16,181 [RatisPipelineUtilsThread-0] INFO  pipeline.RatisPipelineProvider (RatisPipelineProvider.java:lambda$create$0(206)) - Sending CreatePipelineCommand for pipeline:PipelineID=5d7097c8-cb87-4897-a133-de7f60803fd5 to datanode:5f4f4713-a1cc-4bb1-a761-5c302a8e1427
2024-01-26 13:21:16,181 [RatisPipelineUtilsThread-0] INFO  pipeline.BackgroundPipelineCreator (BackgroundPipelineCreator.java:createPipelines(236)) - Created new pipeline Pipeline[ Id: 5d7097c8-cb87-4897-a133-de7f60803fd5, Nodes: 5f4f4713-a1cc-4bb1-a761-5c302a8e1427(fv-az983-443.a2pef1dptxmevgtwlerx3iae4a.cx.internal.cloudapp.net/10.1.0.20), ReplicationConfig: RATIS/ONE, State:ALLOCATED, leaderId:, CreationTimestamp2024-01-26T13:21:16.181Z[Etc/UTC]]
2024-01-26 13:21:16,182 [RatisPipelineUtilsThread-0] INFO  pipeline.RatisPipelineProvider (RatisPipelineProvider.java:lambda$create$0(206)) - Sending CreatePipelineCommand for pipeline:PipelineID=565c7106-4406-46e8-8d34-d2c280c44ec0 to datanode:5f4f4713-a1cc-4bb1-a761-5c302a8e1427
2024-01-26 13:21:16,182 [RatisPipelineUtilsThread-0] INFO  pipeline.RatisPipelineProvider (RatisPipelineProvider.java:lambda$create$0(206)) - Sending CreatePipelineCommand for pipeline:PipelineID=565c7106-4406-46e8-8d34-d2c280c44ec0 to datanode:512d2126-5b92-4e29-85c7-4f085cf86b5e
2024-01-26 13:21:16,182 [RatisPipelineUtilsThread-0] INFO  pipeline.RatisPipelineProvider (RatisPipelineProvider.java:lambda$create$0(206)) - Sending CreatePipelineCommand for pipeline:PipelineID=565c7106-4406-46e8-8d34-d2c280c44ec0 to datanode:061c5e1a-1095-4fef-ae35-bb2f1955fa47
2024-01-26 13:21:16,182 [RatisPipelineUtilsThread-0] INFO  pipeline.BackgroundPipelineCreator (BackgroundPipelineCreator.java:createPipelines(236)) - Created new pipeline Pipeline[ Id: 565c7106-4406-46e8-8d34-d2c280c44ec0, Nodes: 5f4f4713-a1cc-4bb1-a761-5c302a8e1427(fv-az983-443.a2pef1dptxmevgtwlerx3iae4a.cx.internal.cloudapp.net/10.1.0.20)512d2126-5b92-4e29-85c7-4f085cf86b5e(fv-az983-443.a2pef1dptxmevgtwlerx3iae4a.cx.internal.cloudapp.net/10.1.0.20)061c5e1a-1095-4fef-ae35-bb2f1955fa47(fv-az983-443.a2pef1dptxmevgtwlerx3iae4a.cx.internal.cloudapp.net/10.1.0.20), ReplicationConfig: RATIS/THREE, State:ALLOCATED, leaderId:, CreationTimestamp2024-01-26T13:21:16.182Z[Etc/UTC]]
2024-01-26 13:21:16,273 [IPC Server handler 1 on default port 15269] INFO  net.NetworkTopologyImpl (NetworkTopologyImpl.java:add(124)) - Added a new node: /default-rack/8e7f399e-f7c5-430e-98c6-d19423f76280
2024-01-26 13:21:16,273 [IPC Server handler 1 on default port 15269] INFO  node.SCMNodeManager (SCMNodeManager.java:register(421)) - Registered datanode: 8e7f399e-f7c5-430e-98c6-d19423f76280{ip: 10.1.0.20, host: fv-az983-443.a2pef1dptxmevgtwlerx3iae4a.cx.internal.cloudapp.net, ports: [HTTP=15330, CLIENT_RPC=15331, REPLICATION=15337, RATIS=15333, RATIS_ADMIN=15334, RATIS_SERVER=15335, RATIS_DATASTREAM=15336, STANDALONE=15332], networkLocation: /default-rack, certSerialId: null, persistedOpState: null, persistedOpStateExpiryEpochSec: 0}
2024-01-26 13:21:16,273 [EventQueue-NewNodeForNewNodeHandler] INFO  pipeline.BackgroundPipelineCreator (BackgroundPipelineCreator.java:notifyEventTriggered(280)) - trigger a one-shot run on RatisPipelineUtilsThread.
2024-01-26 13:21:16,275 [RatisPipelineUtilsThread-0] INFO  pipeline.RatisPipelineProvider (RatisPipelineProvider.java:lambda$create$0(206)) - Sending CreatePipelineCommand for pipeline:PipelineID=01b0cf5c-823a-4be4-b2b9-df6e1a3f0a63 to datanode:8e7f399e-f7c5-430e-98c6-d19423f76280
2024-01-26 13:21:16,275 [RatisPipelineUtilsThread-0] INFO  pipeline.BackgroundPipelineCreator (BackgroundPipelineCreator.java:createPipelines(236)) - Created new pipeline Pipeline[ Id: 01b0cf5c-823a-4be4-b2b9-df6e1a3f0a63, Nodes: 8e7f399e-f7c5-430e-98c6-d19423f76280(fv-az983-443.a2pef1dptxmevgtwlerx3iae4a.cx.internal.cloudapp.net/10.1.0.20), ReplicationConfig: RATIS/ONE, State:ALLOCATED, leaderId:, CreationTimestamp2024-01-26T13:21:16.275Z[Etc/UTC]]
2024-01-26 13:21:16,366 [IPC Server handler 4 on default port 15269] INFO  net.NetworkTopologyImpl (NetworkTopologyImpl.java:add(124)) - Added a new node: /default-rack/282c7661-760d-4a20-bf76-23fe8f9b2b08
2024-01-26 13:21:16,366 [IPC Server handler 4 on default port 15269] INFO  node.SCMNodeManager (SCMNodeManager.java:register(421)) - Registered datanode: 282c7661-760d-4a20-bf76-23fe8f9b2b08{ip: 10.1.0.20, host: fv-az983-443.a2pef1dptxmevgtwlerx3iae4a.cx.internal.cloudapp.net, ports: [HTTP=15339, CLIENT_RPC=15340, REPLICATION=15346, RATIS=15342, RATIS_ADMIN=15343, RATIS_SERVER=15344, RATIS_DATASTREAM=15345, STANDALONE=15341], networkLocation: /default-rack, certSerialId: null, persistedOpState: null, persistedOpStateExpiryEpochSec: 0}
2024-01-26 13:21:16,366 [EventQueue-NewNodeForNewNodeHandler] INFO  pipeline.BackgroundPipelineCreator (BackgroundPipelineCreator.java:notifyEventTriggered(280)) - trigger a one-shot run on RatisPipelineUtilsThread.
2024-01-26 13:21:16,366 [RatisPipelineUtilsThread-0] INFO  pipeline.RatisPipelineProvider (RatisPipelineProvider.java:lambda$create$0(206)) - Sending CreatePipelineCommand for pipeline:PipelineID=d8a7a786-5738-4bb9-b443-aedafcaf2672 to datanode:282c7661-760d-4a20-bf76-23fe8f9b2b08
2024-01-26 13:21:16,367 [RatisPipelineUtilsThread-0] INFO  pipeline.BackgroundPipelineCreator (BackgroundPipelineCreator.java:createPipelines(236)) - Created new pipeline Pipeline[ Id: d8a7a786-5738-4bb9-b443-aedafcaf2672, Nodes: 282c7661-760d-4a20-bf76-23fe8f9b2b08(fv-az983-443.a2pef1dptxmevgtwlerx3iae4a.cx.internal.cloudapp.net/10.1.0.20), ReplicationConfig: RATIS/ONE, State:ALLOCATED, leaderId:, CreationTimestamp2024-01-26T13:21:16.366Z[Etc/UTC]]
2024-01-26 13:21:16,454 [IPC Server handler 2 on default port 15269] INFO  net.NetworkTopologyImpl (NetworkTopologyImpl.java:add(124)) - Added a new node: /default-rack/6765ae9a-8790-488a-a655-dfdac73b9f74
2024-01-26 13:21:16,454 [IPC Server handler 2 on default port 15269] INFO  node.SCMNodeManager (SCMNodeManager.java:register(421)) - Registered datanode: 6765ae9a-8790-488a-a655-dfdac73b9f74{ip: 10.1.0.20, host: fv-az983-443.a2pef1dptxmevgtwlerx3iae4a.cx.internal.cloudapp.net, ports: [HTTP=15348, CLIENT_RPC=15349, REPLICATION=15355, RATIS=15351, RATIS_ADMIN=15352, RATIS_SERVER=15353, RATIS_DATASTREAM=15354, STANDALONE=15350], networkLocation: /default-rack, certSerialId: null, persistedOpState: null, persistedOpStateExpiryEpochSec: 0}
2024-01-26 13:21:16,454 [main] INFO  ozone.MiniOzoneClusterImpl (MiniOzoneClusterImpl.java:lambda$waitForClusterToBeReady$0(229)) - Nodes are ready. Got 9 of 9 DN Heartbeats.
2024-01-26 13:21:16,454 [main] INFO  ozone.MiniOzoneClusterImpl (MiniOzoneClusterImpl.java:lambda$waitForClusterToBeReady$0(232)) - Waiting for cluster to exit safe mode
2024-01-26 13:21:16,455 [EventQueue-NewNodeForNewNodeHandler] INFO  pipeline.BackgroundPipelineCreator (BackgroundPipelineCreator.java:notifyEventTriggered(280)) - trigger a one-shot run on RatisPipelineUtilsThread.
2024-01-26 13:21:16,455 [main] INFO  ozone.MiniOzoneClusterImpl (MiniOzoneClusterImpl.java:lambda$waitForClusterToBeReady$0(234)) - SCM became leader
2024-01-26 13:21:16,455 [RatisPipelineUtilsThread-0] INFO  pipeline.RatisPipelineProvider (RatisPipelineProvider.java:lambda$create$0(206)) - Sending CreatePipelineCommand for pipeline:PipelineID=86c19ba0-8766-4b28-9add-9c2507394fac to datanode:6765ae9a-8790-488a-a655-dfdac73b9f74
2024-01-26 13:21:16,455 [RatisPipelineUtilsThread-0] INFO  pipeline.BackgroundPipelineCreator (BackgroundPipelineCreator.java:createPipelines(236)) - Created new pipeline Pipeline[ Id: 86c19ba0-8766-4b28-9add-9c2507394fac, Nodes: 6765ae9a-8790-488a-a655-dfdac73b9f74(fv-az983-443.a2pef1dptxmevgtwlerx3iae4a.cx.internal.cloudapp.net/10.1.0.20), ReplicationConfig: RATIS/ONE, State:ALLOCATED, leaderId:, CreationTimestamp2024-01-26T13:21:16.455Z[Etc/UTC]]
2024-01-26 13:21:16,456 [RatisPipelineUtilsThread-0] INFO  pipeline.RatisPipelineProvider (RatisPipelineProvider.java:lambda$create$0(206)) - Sending CreatePipelineCommand for pipeline:PipelineID=c268dbf8-a06d-482b-bb17-9246ea52d491 to datanode:6765ae9a-8790-488a-a655-dfdac73b9f74
2024-01-26 13:21:16,456 [RatisPipelineUtilsThread-0] INFO  pipeline.RatisPipelineProvider (RatisPipelineProvider.java:lambda$create$0(206)) - Sending CreatePipelineCommand for pipeline:PipelineID=c268dbf8-a06d-482b-bb17-9246ea52d491 to datanode:282c7661-760d-4a20-bf76-23fe8f9b2b08
2024-01-26 13:21:16,456 [RatisPipelineUtilsThread-0] INFO  pipeline.RatisPipelineProvider (RatisPipelineProvider.java:lambda$create$0(206)) - Sending CreatePipelineCommand for pipeline:PipelineID=c268dbf8-a06d-482b-bb17-9246ea52d491 to datanode:8e7f399e-f7c5-430e-98c6-d19423f76280
2024-01-26 13:21:16,456 [RatisPipelineUtilsThread-0] INFO  pipeline.BackgroundPipelineCreator (BackgroundPipelineCreator.java:createPipelines(236)) - Created new pipeline Pipeline[ Id: c268dbf8-a06d-482b-bb17-9246ea52d491, Nodes: 6765ae9a-8790-488a-a655-dfdac73b9f74(fv-az983-443.a2pef1dptxmevgtwlerx3iae4a.cx.internal.cloudapp.net/10.1.0.20)282c7661-760d-4a20-bf76-23fe8f9b2b08(fv-az983-443.a2pef1dptxmevgtwlerx3iae4a.cx.internal.cloudapp.net/10.1.0.20)8e7f399e-f7c5-430e-98c6-d19423f76280(fv-az983-443.a2pef1dptxmevgtwlerx3iae4a.cx.internal.cloudapp.net/10.1.0.20), ReplicationConfig: RATIS/THREE, State:ALLOCATED, leaderId:, CreationTimestamp2024-01-26T13:21:16.456Z[Etc/UTC]]
2024-01-26 13:21:17,455 [main] INFO  ozone.MiniOzoneClusterImpl (MiniOzoneClusterImpl.java:lambda$waitForClusterToBeReady$0(229)) - Nodes are ready. Got 9 of 9 DN Heartbeats.
2024-01-26 13:21:17,455 [main] INFO  ozone.MiniOzoneClusterImpl (MiniOzoneClusterImpl.java:lambda$waitForClusterToBeReady$0(232)) - Waiting for cluster to exit safe mode
2024-01-26 13:21:17,455 [main] INFO  ozone.MiniOzoneClusterImpl (MiniOzoneClusterImpl.java:lambda$waitForClusterToBeReady$0(234)) - SCM became leader
2024-01-26 13:21:18,456 [main] INFO  ozone.MiniOzoneClusterImpl (MiniOzoneClusterImpl.java:lambda$waitForClusterToBeReady$0(229)) - Nodes are ready. Got 9 of 9 DN Heartbeats.
2024-01-26 13:21:18,456 [main] INFO  ozone.MiniOzoneClusterImpl (MiniOzoneClusterImpl.java:lambda$waitForClusterToBeReady$0(232)) - Waiting for cluster to exit safe mode
2024-01-26 13:21:18,456 [main] INFO  ozone.MiniOzoneClusterImpl (MiniOzoneClusterImpl.java:lambda$waitForClusterToBeReady$0(234)) - SCM became leader
2024-01-26 13:21:18,706 [2d827dc5-08e9-453f-94d7-4114e25c345f-PipelineCommandHandlerThread-0] INFO  server.RaftServer (RaftServerProxy.java:addNew(100)) - 2d827dc5-08e9-453f-94d7-4114e25c345f: addNew group-6007680D8A09:[2d827dc5-08e9-453f-94d7-4114e25c345f|10.1.0.20:15281] returns group-6007680D8A09:java.util.concurrent.CompletableFuture@6164cdfd[Not completed]
2024-01-26 13:21:18,707 [2d827dc5-08e9-453f-94d7-4114e25c345f-groupManagement] INFO  server.RaftServer$Division (RaftServerImpl.java:<init>(256)) - 2d827dc5-08e9-453f-94d7-4114e25c345f: new RaftServerImpl for group-6007680D8A09:[2d827dc5-08e9-453f-94d7-4114e25c345f|10.1.0.20:15281] with ContainerStateMachine:uninitialized
2024-01-26 13:21:18,707 [2d827dc5-08e9-453f-94d7-4114e25c345f-groupManagement] INFO  server.RaftServerConfigKeys (ConfUtils.java:logGet(46)) - raft.server.rpc.timeout.min = 5s (custom)
2024-01-26 13:21:18,707 [2d827dc5-08e9-453f-94d7-4114e25c345f-groupManagement] INFO  server.RaftServerConfigKeys (ConfUtils.java:logGet(46)) - raft.server.rpc.timeout.max = 5200ms (custom)
2024-01-26 13:21:18,707 [2d827dc5-08e9-453f-94d7-4114e25c345f-groupManagement] INFO  server.RaftServerConfigKeys (ConfUtils.java:logGet(46)) - raft.server.rpc.sleep.time = 25ms (default)
2024-01-26 13:21:18,707 [2d827dc5-08e9-453f-94d7-4114e25c345f-groupManagement] INFO  server.RaftServerConfigKeys (ConfUtils.java:logGet(46)) - raft.server.rpc.slowness.timeout = 300000ms (custom)
2024-01-26 13:21:18,707 [2d827dc5-08e9-453f-94d7-4114e25c345f-groupManagement] INFO  server.RaftServerConfigKeys (ConfUtils.java:logGet(46)) - raft.server.leaderelection.leader.step-down.wait-time = 10s (default)
2024-01-26 13:21:18,707 [2d827dc5-08e9-453f-94d7-4114e25c345f-groupManagement] INFO  server.RaftServerConfigKeys (ConfUtils.java:logGet(46)) - raft.server.leaderelection.member.majority-add = false (default)
2024-01-26 13:21:18,707 [2d827dc5-08e9-453f-94d7-4114e25c345f-groupManagement] INFO  server.RaftServerConfigKeys (ConfUtils.java:logGet(46)) - raft.server.sleep.deviation.threshold = 300ms (default)
2024-01-26 13:21:18,707 [2d827dc5-08e9-453f-94d7-4114e25c345f-groupManagement] INFO  server.RaftServer$Division (ServerState.java:<init>(113)) - 2d827dc5-08e9-453f-94d7-4114e25c345f@group-6007680D8A09: ConfigurationManager, init=-1: peers:[2d827dc5-08e9-453f-94d7-4114e25c345f|10.1.0.20:15281]|listeners:[], old=null, confs=<EMPTY_MAP>
2024-01-26 13:21:18,707 [2d827dc5-08e9-453f-94d7-4114e25c345f-groupManagement] INFO  server.RaftServerConfigKeys (ConfUtils.java:logGet(46)) - raft.server.notification.no-leader.timeout = 300000ms (custom)
2024-01-26 13:21:18,707 [2d827dc5-08e9-453f-94d7-4114e25c345f-groupManagement] INFO  server.RaftServerConfigKeys (ConfUtils.java:logGet(46)) - raft.server.read.timeout = 10s (default)
2024-01-26 13:21:18,707 [2d827dc5-08e9-453f-94d7-4114e25c345f-groupManagement] INFO  server.RaftServerConfigKeys (ConfUtils.java:logGet(46)) - raft.server.retrycache.expirytime = 600000ms (custom)
2024-01-26 13:21:18,707 [2d827dc5-08e9-453f-94d7-4114e25c345f-groupManagement] INFO  server.RaftServerConfigKeys (ConfUtils.java:logGet(46)) - raft.server.retrycache.statistics.expirytime = 100ms (default)
2024-01-26 13:21:18,708 [2d827dc5-08e9-453f-94d7-4114e25c345f-groupManagement] INFO  server.RaftServerConfigKeys (ConfUtils.java:logGet(46)) - raft.server.read.option = DEFAULT (default)
2024-01-26 13:21:18,708 [2d827dc5-08e9-453f-94d7-4114e25c345f-groupManagement] INFO  server.RaftServerConfigKeys (ConfUtils.java:logGet(46)) - raft.server.read.read-after-write-consistent.write-index-cache.expiry-time = 60s (default)
2024-01-26 13:21:18,710 [2d827dc5-08e9-453f-94d7-4114e25c345f-groupManagement] INFO  server.RaftServerConfigKeys (ConfUtils.java:logGet(46)) - raft.server.rpc.request.timeout = 3000ms (default)
2024-01-26 13:21:18,710 [2d827dc5-08e9-453f-94d7-4114e25c345f-groupManagement] INFO  server.RaftServerConfigKeys (ConfUtils.java:logGet(46)) - raft.server.log.appender.install.snapshot.enabled = false (custom)
2024-01-26 13:21:18,710 [2d827dc5-08e9-453f-94d7-4114e25c345f-groupManagement] INFO  server.RaftServerConfigKeys (ConfUtils.java:logGet(46)) - raft.server.threadpool.server.cached = true (default)
2024-01-26 13:21:18,710 [2d827dc5-08e9-453f-94d7-4114e25c345f-groupManagement] INFO  server.RaftServerConfigKeys (ConfUtils.java:logGet(46)) - raft.server.threadpool.server.size = 0 (default)
2024-01-26 13:21:18,710 [2d827dc5-08e9-453f-94d7-4114e25c345f-groupManagement] INFO  server.RaftServerConfigKeys (ConfUtils.java:logGet(46)) - raft.server.threadpool.client.cached = true (default)
2024-01-26 13:21:18,710 [2d827dc5-08e9-453f-94d7-4114e25c345f-groupManagement] INFO  server.RaftServerConfigKeys (ConfUtils.java:logGet(46)) - raft.server.threadpool.client.size = 0 (default)
2024-01-26 13:21:18,711 [2d827dc5-08e9-453f-94d7-4114e25c345f-groupManagement] INFO  server.RaftServerConfigKeys (ConfUtils.java:logGet(46)) - raft.server.storage.free-space.min = 0MB (=0) (default)
2024-01-26 13:21:18,711 [2d827dc5-08e9-453f-94d7-4114e25c345f-groupManagement] INFO  server.RaftServerConfigKeys (ConfUtils.java:logGet(46)) - raft.server.log.corruption.policy = EXCEPTION (default)
2024-01-26 13:21:18,711 [2d827dc5-08e9-453f-94d7-4114e25c345f-groupManagement] INFO  server.RaftServerConfigKeys (ConfUtils.java:logGet(46)) - raft.server.storage.dir = [/home/runner/work/ozone/ozone/hadoop-ozone/integration-test/target/test-dir/MiniOzoneClusterImpl-953fd8c5-ac00-44c9-baab-0887e32ba883/datanode-0/data/ratis] (custom)
2024-01-26 13:21:18,711 [2d827dc5-08e9-453f-94d7-4114e25c345f-groupManagement] INFO  storage.RaftStorageDirectory (RaftStorageDirectoryImpl.java:analyzeStorage(138)) - The storage directory /home/runner/work/ozone/ozone/hadoop-ozone/integration-test/target/test-dir/MiniOzoneClusterImpl-953fd8c5-ac00-44c9-baab-0887e32ba883/datanode-0/data/ratis/46cb867c-9aec-4dec-a243-6007680d8a09 does not exist. Creating ...
2024-01-26 13:21:18,712 [2d827dc5-08e9-453f-94d7-4114e25c345f-groupManagement] INFO  storage.RaftStorageDirectory (RaftStorageDirectoryImpl.java:tryLock(228)) - Lock on /home/runner/work/ozone/ozone/hadoop-ozone/integration-test/target/test-dir/MiniOzoneClusterImpl-953fd8c5-ac00-44c9-baab-0887e32ba883/datanode-0/data/ratis/46cb867c-9aec-4dec-a243-6007680d8a09/in_use.lock acquired by nodename 73218@fv-az983-443
2024-01-26 13:21:18,714 [2d827dc5-08e9-453f-94d7-4114e25c345f-groupManagement] INFO  storage.RaftStorage (RaftStorageImpl.java:format(99)) - Storage directory /home/runner/work/ozone/ozone/hadoop-ozone/integration-test/target/test-dir/MiniOzoneClusterImpl-953fd8c5-ac00-44c9-baab-0887e32ba883/datanode-0/data/ratis/46cb867c-9aec-4dec-a243-6007680d8a09 has been successfully formatted.
2024-01-26 13:21:18,714 [2d827dc5-08e9-453f-94d7-4114e25c345f-groupManagement] WARN  util.FileUtils (LogUtils.java:supplyAndLog(63)) - Failed to Files.newInputStream /home/runner/work/ozone/ozone/hadoop-ozone/integration-test/target/test-dir/MiniOzoneClusterImpl-953fd8c5-ac00-44c9-baab-0887e32ba883/datanode-0/data/ratis/46cb867c-9aec-4dec-a243-6007680d8a09/current/raft-meta.conf with options []: java.nio.file.NoSuchFileException: /home/runner/work/ozone/ozone/hadoop-ozone/integration-test/target/test-dir/MiniOzoneClusterImpl-953fd8c5-ac00-44c9-baab-0887e32ba883/datanode-0/data/ratis/46cb867c-9aec-4dec-a243-6007680d8a09/current/raft-meta.conf
2024-01-26 13:21:18,715 [2d827dc5-08e9-453f-94d7-4114e25c345f-groupManagement] INFO  ratis.ContainerStateMachine (ContainerStateMachine.java:loadSnapshot(287)) - group-6007680D8A09: The snapshot info is null. Setting the last applied index to:(t:0, i:~)
2024-01-26 13:21:18,715 [2d827dc5-08e9-453f-94d7-4114e25c345f-groupManagement] INFO  server.RaftServerConfigKeys (ConfUtils.java:logGet(46)) - raft.server.log.use.memory = false (default)
2024-01-26 13:21:18,715 [2d827dc5-08e9-453f-94d7-4114e25c345f-groupManagement] INFO  server.RaftServerConfigKeys (ConfUtils.java:logGet(46)) - raft.server.log.purge.gap = 1000000 (custom)
2024-01-26 13:21:18,716 [2d827dc5-08e9-453f-94d7-4114e25c345f-groupManagement] INFO  server.RaftServerConfigKeys (ConfUtils.java:logGet(46)) - raft.server.log.appender.buffer.byte-limit = 8388608 (custom)
2024-01-26 13:21:18,716 [2d827dc5-08e9-453f-94d7-4114e25c345f-groupManagement] INFO  server.RaftServerConfigKeys (ConfUtils.java:logGet(46)) - raft.server.log.statemachine.data.read.timeout = 1000ms (default)
2024-01-26 13:21:18,716 [2d827dc5-08e9-453f-94d7-4114e25c345f-groupManagement] INFO  server.RaftServerConfigKeys (ConfUtils.java:logGet(46)) - raft.server.log.purge.preservation.log.num = 0 (default)
2024-01-26 13:21:18,717 [2d827dc5-08e9-453f-94d7-4114e25c345f-groupManagement] INFO  server.RaftServerConfigKeys (ConfUtils.java:logGet(46)) - raft.server.log.segment.size.max = 67108864 (custom)
2024-01-26 13:21:18,717 [2d827dc5-08e9-453f-94d7-4114e25c345f-groupManagement] INFO  server.RaftServerConfigKeys (ConfUtils.java:logGet(46)) - raft.server.log.segment.cache.num.max = 2 (custom)
2024-01-26 13:21:18,717 [2d827dc5-08e9-453f-94d7-4114e25c345f-groupManagement] INFO  server.RaftServerConfigKeys (ConfUtils.java:logGet(46)) - raft.server.log.segment.cache.size.max = 200MB (=209715200) (default)
2024-01-26 13:21:18,717 [2d827dc5-08e9-453f-94d7-4114e25c345f-groupManagement] INFO  server.RaftServerConfigKeys (ConfUtils.java:logGet(46)) - raft.server.log.appender.buffer.byte-limit = 8388608 (custom)
2024-01-26 13:21:18,717 [2d827dc5-08e9-453f-94d7-4114e25c345f-groupManagement] INFO  util.AwaitToRun (AwaitToRun.java:start(81)) - Thread[2d827dc5-08e9-453f-94d7-4114e25c345f@group-6007680D8A09-cacheEviction-AwaitToRun,5,main] started
2024-01-26 13:21:18,717 [2d827dc5-08e9-453f-94d7-4114e25c345f-groupManagement] INFO  segmented.SegmentedRaftLogWorker (SegmentedRaftLogWorker.java:<init>(182)) - new 2d827dc5-08e9-453f-94d7-4114e25c345f@group-6007680D8A09-SegmentedRaftLogWorker for RaftStorageImpl:Storage Directory /home/runner/work/ozone/ozone/hadoop-ozone/integration-test/target/test-dir/MiniOzoneClusterImpl-953fd8c5-ac00-44c9-baab-0887e32ba883/datanode-0/data/ratis/46cb867c-9aec-4dec-a243-6007680d8a09
2024-01-26 13:21:18,717 [2d827dc5-08e9-453f-94d7-4114e25c345f-groupManagement] INFO  server.RaftServerConfigKeys (ConfUtils.java:logGet(46)) - raft.server.log.queue.byte-limit = 4294967296 (custom)
2024-01-26 13:21:18,718 [2d827dc5-08e9-453f-94d7-4114e25c345f-groupManagement] INFO  server.RaftServerConfigKeys (ConfUtils.java:logGet(46)) - raft.server.log.queue.element-limit = 1024 (custom)
2024-01-26 13:21:18,718 [2d827dc5-08e9-453f-94d7-4114e25c345f-groupManagement] INFO  server.RaftServerConfigKeys (ConfUtils.java:logGet(46)) - raft.server.log.segment.size.max = 67108864 (custom)
2024-01-26 13:21:18,718 [2d827dc5-08e9-453f-94d7-4114e25c345f-groupManagement] INFO  server.RaftServerConfigKeys (ConfUtils.java:logGet(46)) - raft.server.log.preallocated.size = 4194304 (custom)
2024-01-26 13:21:18,718 [2d827dc5-08e9-453f-94d7-4114e25c345f-groupManagement] INFO  server.RaftServerConfigKeys (ConfUtils.java:logGet(46)) - raft.server.log.force.sync.num = 128 (default)
2024-01-26 13:21:18,718 [2d827dc5-08e9-453f-94d7-4114e25c345f-groupManagement] INFO  server.RaftServerConfigKeys (ConfUtils.java:logGet(46)) - raft.server.log.statemachine.data.sync = true (default)
2024-01-26 13:21:18,718 [2d827dc5-08e9-453f-94d7-4114e25c345f-groupManagement] INFO  server.RaftServerConfigKeys (ConfUtils.java:logGet(46)) - raft.server.log.statemachine.data.sync.timeout = 10s (default)
2024-01-26 13:21:18,718 [2d827dc5-08e9-453f-94d7-4114e25c345f-groupManagement] INFO  server.RaftServerConfigKeys (ConfUtils.java:logGet(46)) - raft.server.log.statemachine.data.sync.timeout.retry = 0 (custom)
2024-01-26 13:21:18,718 [2d827dc5-08e9-453f-94d7-4114e25c345f-groupManagement] INFO  server.RaftServerConfigKeys (ConfUtils.java:logGet(46)) - raft.server.log.write.buffer.size = 8388616 (custom)
2024-01-26 13:21:18,720 [2d827dc5-08e9-453f-94d7-4114e25c345f-groupManagement] INFO  server.RaftServerConfigKeys (ConfUtils.java:logGet(46)) - raft.server.log.appender.buffer.byte-limit = 8388608 (custom)
2024-01-26 13:21:18,720 [2d827dc5-08e9-453f-94d7-4114e25c345f-groupManagement] INFO  server.RaftServerConfigKeys (ConfUtils.java:logGet(46)) - raft.server.log.unsafe-flush.enabled = false (default)
2024-01-26 13:21:18,720 [2d827dc5-08e9-453f-94d7-4114e25c345f-groupManagement] INFO  server.RaftServerConfigKeys (ConfUtils.java:logGet(46)) - raft.server.log.async-flush.enabled = false (default)
2024-01-26 13:21:18,720 [2d827dc5-08e9-453f-94d7-4114e25c345f-groupManagement] INFO  server.RaftServerConfigKeys (ConfUtils.java:logGet(46)) - raft.server.log.statemachine.data.caching.enabled = true (custom)
2024-01-26 13:21:18,720 [2d827dc5-08e9-453f-94d7-4114e25c345f-groupManagement] INFO  segmented.SegmentedRaftLogWorker (SegmentedRaftLogWorker.java:lambda$new$0(134)) - 2d827dc5-08e9-453f-94d7-4114e25c345f@group-6007680D8A09-SegmentedRaftLogWorker: flushIndex: setUnconditionally 0 -> -1
2024-01-26 13:21:18,720 [2d827dc5-08e9-453f-94d7-4114e25c345f-groupManagement] INFO  segmented.SegmentedRaftLogWorker (SegmentedRaftLogWorker.java:lambda$new$0(134)) - 2d827dc5-08e9-453f-94d7-4114e25c345f@group-6007680D8A09-SegmentedRaftLogWorker: safeCacheEvictIndex: setUnconditionally 0 -> -1
2024-01-26 13:21:18,720 [2d827dc5-08e9-453f-94d7-4114e25c345f-groupManagement] INFO  server.RaftServer$Division (RaftServerImpl.java:start(396)) - 2d827dc5-08e9-453f-94d7-4114e25c345f@group-6007680D8A09: start as a follower, conf=-1: peers:[2d827dc5-08e9-453f-94d7-4114e25c345f|10.1.0.20:15281]|listeners:[], old=null
2024-01-26 13:21:18,720 [2d827dc5-08e9-453f-94d7-4114e25c345f-groupManagement] INFO  server.RaftServer$Division (RaftServerImpl.java:setRole(383)) - 2d827dc5-08e9-453f-94d7-4114e25c345f@group-6007680D8A09: changes role from      null to FOLLOWER at term 0 for startAsFollower
2024-01-26 13:21:18,720 [2d827dc5-08e9-453f-94d7-4114e25c345f-groupManagement] INFO  impl.RoleInfo (RoleInfo.java:updateAndGet(139)) - 2d827dc5-08e9-453f-94d7-4114e25c345f: start 2d827dc5-08e9-453f-94d7-4114e25c345f@group-6007680D8A09-FollowerState
2024-01-26 13:21:18,725 [EventQueue-PipelineReportForPipelineReportHandler] INFO  pipeline.PipelineReportHandler (PipelineReportHandler.java:processPipelineReport(136)) - Opened pipeline PipelineID=46cb867c-9aec-4dec-a243-6007680d8a09
2024-01-26 13:21:18,731 [EventQueue-OpenPipelineForHealthyPipelineSafeModeRule] INFO  safemode.SCMSafeModeManager (HealthyPipelineSafeModeRule.java:process(140)) - SCM in safe mode. Healthy pipelines reported count is 0, required healthy pipeline reported count is 1
2024-01-26 13:21:18,731 [2d827dc5-08e9-453f-94d7-4114e25c345f-groupManagement] INFO  util.JmxRegister (JmxRegister.java:tryRegister(44)) - Successfully registered JMX Bean with object name Ratis:service=RaftServer,group=group-6007680D8A09,id=2d827dc5-08e9-453f-94d7-4114e25c345f
2024-01-26 13:21:18,731 [2d827dc5-08e9-453f-94d7-4114e25c345f-groupManagement] INFO  server.RaftServerConfigKeys (ConfUtils.java:logGet(46)) - raft.server.snapshot.trigger-when-stop.enabled = true (default)
2024-01-26 13:21:18,731 [2d827dc5-08e9-453f-94d7-4114e25c345f-groupManagement] INFO  server.RaftServerConfigKeys (ConfUtils.java:logGet(46)) - raft.server.snapshot.auto.trigger.enabled = true (custom)
2024-01-26 13:21:18,731 [2d827dc5-08e9-453f-94d7-4114e25c345f-groupManagement] INFO  server.RaftServerConfigKeys (ConfUtils.java:logGet(46)) - raft.server.snapshot.auto.trigger.threshold = 10000 (custom)
2024-01-26 13:21:18,731 [2d827dc5-08e9-453f-94d7-4114e25c345f-groupManagement] INFO  server.RaftServerConfigKeys (ConfUtils.java:logGet(46)) - raft.server.snapshot.retention.file.num = 5 (custom)
2024-01-26 13:21:18,731 [2d827dc5-08e9-453f-94d7-4114e25c345f-groupManagement] INFO  server.RaftServerConfigKeys (ConfUtils.java:logGet(46)) - raft.server.log.purge.upto.snapshot.index = false (default)
2024-01-26 13:21:18,732 [2d827dc5-08e9-453f-94d7-4114e25c345f-PipelineCommandHandlerThread-0] INFO  ratis.XceiverServerRatis (XceiverServerRatis.java:addGroup(842)) - Created group PipelineID=46cb867c-9aec-4dec-a243-6007680d8a09
2024-01-26 13:21:18,731 [2d827dc5-08e9-453f-94d7-4114e25c345f@group-6007680D8A09-FollowerState] INFO  server.RaftServerConfigKeys (ConfUtils.java:logFallback(53)) - raft.server.rpc.first-election.timeout.min = 5s (fallback to raft.server.rpc.timeout.min)
2024-01-26 13:21:18,732 [2d827dc5-08e9-453f-94d7-4114e25c345f-PipelineCommandHandlerThread-0] INFO  commandhandler.CreatePipelineCommandHandler (CreatePipelineCommandHandler.java:lambda$handle$2(124)) - Created Pipeline RATIS ONE PipelineID=46cb867c-9aec-4dec-a243-6007680d8a09.
2024-01-26 13:21:18,732 [2d827dc5-08e9-453f-94d7-4114e25c345f@group-6007680D8A09-FollowerState] INFO  server.RaftServerConfigKeys (ConfUtils.java:logFallback(53)) - raft.server.rpc.first-election.timeout.max = 5200ms (fallback to raft.server.rpc.timeout.max)
2024-01-26 13:21:18,732 [2d827dc5-08e9-453f-94d7-4114e25c345f-PipelineCommandHandlerThread-0] INFO  server.RaftServer (RaftServerProxy.java:addNew(100)) - 2d827dc5-08e9-453f-94d7-4114e25c345f: addNew group-8F301DE41D58:[cb54f49b-2271-401a-a078-0b164c9907dd|10.1.0.20:15290, a1acbc51-0491-4521-9956-72ea0a3fcfae|10.1.0.20:15299, 2d827dc5-08e9-453f-94d7-4114e25c345f|10.1.0.20:15281] returns group-8F301DE41D58:java.util.concurrent.CompletableFuture@655b5509[Not completed]
2024-01-26 13:21:18,733 [2d827dc5-08e9-453f-94d7-4114e25c345f-groupManagement] INFO  server.RaftServer$Division (RaftServerImpl.java:<init>(256)) - 2d827dc5-08e9-453f-94d7-4114e25c345f: new RaftServerImpl for group-8F301DE41D58:[cb54f49b-2271-401a-a078-0b164c9907dd|10.1.0.20:15290, a1acbc51-0491-4521-9956-72ea0a3fcfae|10.1.0.20:15299, 2d827dc5-08e9-453f-94d7-4114e25c345f|10.1.0.20:15281] with ContainerStateMachine:uninitialized
2024-01-26 13:21:18,733 [2d827dc5-08e9-453f-94d7-4114e25c345f-groupManagement] INFO  server.RaftServerConfigKeys (ConfUtils.java:logGet(46)) - raft.server.rpc.timeout.min = 5s (custom)
2024-01-26 13:21:18,733 [2d827dc5-08e9-453f-94d7-4114e25c345f-groupManagement] INFO  server.RaftServerConfigKeys (ConfUtils.java:logGet(46)) - raft.server.rpc.timeout.max = 5200ms (custom)
2024-01-26 13:21:18,733 [2d827dc5-08e9-453f-94d7-4114e25c345f-groupManagement] INFO  server.RaftServerConfigKeys (ConfUtils.java:logGet(46)) - raft.server.rpc.sleep.time = 25ms (default)
2024-01-26 13:21:18,733 [2d827dc5-08e9-453f-94d7-4114e25c345f-groupManagement] INFO  server.RaftServerConfigKeys (ConfUtils.java:logGet(46)) - raft.server.rpc.slowness.timeout = 300000ms (custom)
2024-01-26 13:21:18,733 [2d827dc5-08e9-453f-94d7-4114e25c345f-groupManagement] INFO  server.RaftServerConfigKeys (ConfUtils.java:logGet(46)) - raft.server.leaderelection.leader.step-down.wait-time = 10s (default)
2024-01-26 13:21:18,733 [2d827dc5-08e9-453f-94d7-4114e25c345f-groupManagement] INFO  server.RaftServerConfigKeys (ConfUtils.java:logGet(46)) - raft.server.leaderelection.member.majority-add = false (default)
2024-01-26 13:21:18,733 [2d827dc5-08e9-453f-94d7-4114e25c345f-groupManagement] INFO  server.RaftServerConfigKeys (ConfUtils.java:logGet(46)) - raft.server.sleep.deviation.threshold = 300ms (default)
2024-01-26 13:21:18,733 [2d827dc5-08e9-453f-94d7-4114e25c345f-groupManagement] INFO  server.RaftServer$Division (ServerState.java:<init>(113)) - 2d827dc5-08e9-453f-94d7-4114e25c345f@group-8F301DE41D58: ConfigurationManager, init=-1: peers:[cb54f49b-2271-401a-a078-0b164c9907dd|10.1.0.20:15290, a1acbc51-0491-4521-9956-72ea0a3fcfae|10.1.0.20:15299, 2d827dc5-08e9-453f-94d7-4114e25c345f|10.1.0.20:15281]|listeners:[], old=null, confs=<EMPTY_MAP>
2024-01-26 13:21:18,734 [2d827dc5-08e9-453f-94d7-4114e25c345f-groupManagement] INFO  server.RaftServerConfigKeys (ConfUtils.java:logGet(46)) - raft.server.notification.no-leader.timeout = 300000ms (custom)
2024-01-26 13:21:18,734 [2d827dc5-08e9-453f-94d7-4114e25c345f-groupManagement] INFO  server.RaftServerConfigKeys (ConfUtils.java:logGet(46)) - raft.server.read.timeout = 10s (default)
2024-01-26 13:21:18,734 [2d827dc5-08e9-453f-94d7-4114e25c345f-groupManagement] INFO  server.RaftServerConfigKeys (ConfUtils.java:logGet(46)) - raft.server.retrycache.expirytime = 600000ms (custom)
2024-01-26 13:21:18,734 [2d827dc5-08e9-453f-94d7-4114e25c345f-groupManagement] INFO  server.RaftServerConfigKeys (ConfUtils.java:logGet(46)) - raft.server.retrycache.statistics.expirytime = 100ms (default)
2024-01-26 13:21:18,734 [2d827dc5-08e9-453f-94d7-4114e25c345f-groupManagement] INFO  server.RaftServerConfigKeys (ConfUtils.java:logGet(46)) - raft.server.read.option = DEFAULT (default)
2024-01-26 13:21:18,734 [2d827dc5-08e9-453f-94d7-4114e25c345f-groupManagement] INFO  server.RaftServerConfigKeys (ConfUtils.java:logGet(46)) - raft.server.read.read-after-write-consistent.write-index-cache.expiry-time = 60s (default)
2024-01-26 13:21:18,736 [2d827dc5-08e9-453f-94d7-4114e25c345f-groupManagement] INFO  server.RaftServerConfigKeys (ConfUtils.java:logGet(46)) - raft.server.rpc.request.timeout = 3000ms (default)
2024-01-26 13:21:18,736 [2d827dc5-08e9-453f-94d7-4114e25c345f-groupManagement] INFO  server.RaftServerConfigKeys (ConfUtils.java:logGet(46)) - raft.server.log.appender.install.snapshot.enabled = false (custom)
2024-01-26 13:21:18,736 [2d827dc5-08e9-453f-94d7-4114e25c345f-groupManagement] INFO  server.RaftServerConfigKeys (ConfUtils.java:logGet(46)) - raft.server.threadpool.server.cached = true (default)
2024-01-26 13:21:18,736 [2d827dc5-08e9-453f-94d7-4114e25c345f-groupManagement] INFO  server.RaftServerConfigKeys (ConfUtils.java:logGet(46)) - raft.server.threadpool.server.size = 0 (default)
2024-01-26 13:21:18,736 [2d827dc5-08e9-453f-94d7-4114e25c345f-groupManagement] INFO  server.RaftServerConfigKeys (ConfUtils.java:logGet(46)) - raft.server.threadpool.client.cached = true (default)
2024-01-26 13:21:18,737 [2d827dc5-08e9-453f-94d7-4114e25c345f-groupManagement] INFO  server.RaftServerConfigKeys (ConfUtils.java:logGet(46)) - raft.server.threadpool.client.size = 0 (default)
2024-01-26 13:21:18,737 [2d827dc5-08e9-453f-94d7-4114e25c345f-groupManagement] INFO  server.RaftServerConfigKeys (ConfUtils.java:logGet(46)) - raft.server.storage.free-space.min = 0MB (=0) (default)
2024-01-26 13:21:18,737 [2d827dc5-08e9-453f-94d7-4114e25c345f-groupManagement] INFO  server.RaftServerConfigKeys (ConfUtils.java:logGet(46)) - raft.server.log.corruption.policy = EXCEPTION (default)
2024-01-26 13:21:18,737 [2d827dc5-08e9-453f-94d7-4114e25c345f-groupManagement] INFO  server.RaftServerConfigKeys (ConfUtils.java:logGet(46)) - raft.server.storage.dir = [/home/runner/work/ozone/ozone/hadoop-ozone/integration-test/target/test-dir/MiniOzoneClusterImpl-953fd8c5-ac00-44c9-baab-0887e32ba883/datanode-0/data/ratis] (custom)
2024-01-26 13:21:18,737 [2d827dc5-08e9-453f-94d7-4114e25c345f-groupManagement] INFO  storage.RaftStorageDirectory (RaftStorageDirectoryImpl.java:analyzeStorage(138)) - The storage directory /home/runner/work/ozone/ozone/hadoop-ozone/integration-test/target/test-dir/MiniOzoneClusterImpl-953fd8c5-ac00-44c9-baab-0887e32ba883/datanode-0/data/ratis/9c44c8cb-9d31-438d-8f48-8f301de41d58 does not exist. Creating ...
2024-01-26 13:21:18,738 [2d827dc5-08e9-453f-94d7-4114e25c345f-groupManagement] INFO  storage.RaftStorageDirectory (RaftStorageDirectoryImpl.java:tryLock(228)) - Lock on /home/runner/work/ozone/ozone/hadoop-ozone/integration-test/target/test-dir/MiniOzoneClusterImpl-953fd8c5-ac00-44c9-baab-0887e32ba883/datanode-0/data/ratis/9c44c8cb-9d31-438d-8f48-8f301de41d58/in_use.lock acquired by nodename 73218@fv-az983-443
2024-01-26 13:21:18,739 [2d827dc5-08e9-453f-94d7-4114e25c345f-groupManagement] INFO  storage.RaftStorage (RaftStorageImpl.java:format(99)) - Storage directory /home/runner/work/ozone/ozone/hadoop-ozone/integration-test/target/test-dir/MiniOzoneClusterImpl-953fd8c5-ac00-44c9-baab-0887e32ba883/datanode-0/data/ratis/9c44c8cb-9d31-438d-8f48-8f301de41d58 has been successfully formatted.
2024-01-26 13:21:18,739 [2d827dc5-08e9-453f-94d7-4114e25c345f-groupManagement] WARN  util.FileUtils (LogUtils.java:supplyAndLog(63)) - Failed to Files.newInputStream /home/runner/work/ozone/ozone/hadoop-ozone/integration-test/target/test-dir/MiniOzoneClusterImpl-953fd8c5-ac00-44c9-baab-0887e32ba883/datanode-0/data/ratis/9c44c8cb-9d31-438d-8f48-8f301de41d58/current/raft-meta.conf with options []: java.nio.file.NoSuchFileException: /home/runner/work/ozone/ozone/hadoop-ozone/integration-test/target/test-dir/MiniOzoneClusterImpl-953fd8c5-ac00-44c9-baab-0887e32ba883/datanode-0/data/ratis/9c44c8cb-9d31-438d-8f48-8f301de41d58/current/raft-meta.conf
2024-01-26 13:21:18,740 [2d827dc5-08e9-453f-94d7-4114e25c345f-groupManagement] INFO  ratis.ContainerStateMachine (ContainerStateMachine.java:loadSnapshot(287)) - group-8F301DE41D58: The snapshot info is null. Setting the last applied index to:(t:0, i:~)
2024-01-26 13:21:18,740 [2d827dc5-08e9-453f-94d7-4114e25c345f-groupManagement] INFO  server.RaftServerConfigKeys (ConfUtils.java:logGet(46)) - raft.server.log.use.memory = false (default)
2024-01-26 13:21:18,740 [2d827dc5-08e9-453f-94d7-4114e25c345f-groupManagement] INFO  server.RaftServerConfigKeys (ConfUtils.java:logGet(46)) - raft.server.log.purge.gap = 1000000 (custom)
2024-01-26 13:21:18,740 [2d827dc5-08e9-453f-94d7-4114e25c345f-groupManagement] INFO  server.RaftServerConfigKeys (ConfUtils.java:logGet(46)) - raft.server.log.appender.buffer.byte-limit = 8388608 (custom)
2024-01-26 13:21:18,740 [2d827dc5-08e9-453f-94d7-4114e25c345f-groupManagement] INFO  server.RaftServerConfigKeys (ConfUtils.java:logGet(46)) - raft.server.log.statemachine.data.read.timeout = 1000ms (default)
2024-01-26 13:21:18,740 [2d827dc5-08e9-453f-94d7-4114e25c345f-groupManagement] INFO  server.RaftServerConfigKeys (ConfUtils.java:logGet(46)) - raft.server.log.purge.preservation.log.num = 0 (default)
2024-01-26 13:21:18,742 [2d827dc5-08e9-453f-94d7-4114e25c345f-groupManagement] INFO  server.RaftServerConfigKeys (ConfUtils.java:logGet(46)) - raft.server.log.segment.size.max = 67108864 (custom)
2024-01-26 13:21:18,742 [2d827dc5-08e9-453f-94d7-4114e25c345f-groupManagement] INFO  server.RaftServerConfigKeys (ConfUtils.java:logGet(46)) - raft.server.log.segment.cache.num.max = 2 (custom)
2024-01-26 13:21:18,742 [2d827dc5-08e9-453f-94d7-4114e25c345f-groupManagement] INFO  server.RaftServerConfigKeys (ConfUtils.java:logGet(46)) - raft.server.log.segment.cache.size.max = 200MB (=209715200) (default)
2024-01-26 13:21:18,742 [2d827dc5-08e9-453f-94d7-4114e25c345f-groupManagement] INFO  server.RaftServerConfigKeys (ConfUtils.java:logGet(46)) - raft.server.log.appender.buffer.byte-limit = 8388608 (custom)
2024-01-26 13:21:18,742 [2d827dc5-08e9-453f-94d7-4114e25c345f-groupManagement] INFO  util.AwaitToRun (AwaitToRun.java:start(81)) - Thread[2d827dc5-08e9-453f-94d7-4114e25c345f@group-8F301DE41D58-cacheEviction-AwaitToRun,5,main] started
2024-01-26 13:21:18,742 [2d827dc5-08e9-453f-94d7-4114e25c345f-groupManagement] INFO  segmented.SegmentedRaftLogWorker (SegmentedRaftLogWorker.java:<init>(182)) - new 2d827dc5-08e9-453f-94d7-4114e25c345f@group-8F301DE41D58-SegmentedRaftLogWorker for RaftStorageImpl:Storage Directory /home/runner/work/ozone/ozone/hadoop-ozone/integration-test/target/test-dir/MiniOzoneClusterImpl-953fd8c5-ac00-44c9-baab-0887e32ba883/datanode-0/data/ratis/9c44c8cb-9d31-438d-8f48-8f301de41d58
2024-01-26 13:21:18,742 [2d827dc5-08e9-453f-94d7-4114e25c345f-groupManagement] INFO  server.RaftServerConfigKeys (ConfUtils.java:logGet(46)) - raft.server.log.queue.byte-limit = 4294967296 (custom)
2024-01-26 13:21:18,742 [2d827dc5-08e9-453f-94d7-4114e25c345f-groupManagement] INFO  server.RaftServerConfigKeys (ConfUtils.java:logGet(46)) - raft.server.log.queue.element-limit = 1024 (custom)
2024-01-26 13:21:18,743 [2d827dc5-08e9-453f-94d7-4114e25c345f-groupManagement] INFO  server.RaftServerConfigKeys (ConfUtils.java:logGet(46)) - raft.server.log.segment.size.max = 67108864 (custom)
2024-01-26 13:21:18,743 [2d827dc5-08e9-453f-94d7-4114e25c345f-groupManagement] INFO  server.RaftServerConfigKeys (ConfUtils.java:logGet(46)) - raft.server.log.preallocated.size = 4194304 (custom)
2024-01-26 13:21:18,743 [EventQueue-OpenPipelineForHealthyPipelineSafeModeRule] INFO  safemode.SCMSafeModeManager (HealthyPipelineSafeModeRule.java:process(140)) - SCM in safe mode. Healthy pipelines reported count is 0, required healthy pipeline reported count is 1
2024-01-26 13:21:18,743 [2d827dc5-08e9-453f-94d7-4114e25c345f-groupManagement] INFO  server.RaftServerConfigKeys (ConfUtils.java:logGet(46)) - raft.server.log.force.sync.num = 128 (default)
2024-01-26 13:21:18,743 [2d827dc5-08e9-453f-94d7-4114e25c345f-groupManagement] INFO  server.RaftServerConfigKeys (ConfUtils.java:logGet(46)) - raft.server.log.statemachine.data.sync = true (default)
2024-01-26 13:21:18,743 [2d827dc5-08e9-453f-94d7-4114e25c345f-groupManagement] INFO  server.RaftServerConfigKeys (ConfUtils.java:logGet(46)) - raft.server.log.statemachine.data.sync.timeout = 10s (default)
2024-01-26 13:21:18,743 [2d827dc5-08e9-453f-94d7-4114e25c345f-groupManagement] INFO  server.RaftServerConfigKeys (ConfUtils.java:logGet(46)) - raft.server.log.statemachine.data.sync.timeout.retry = 0 (custom)
2024-01-26 13:21:18,743 [2d827dc5-08e9-453f-94d7-4114e25c345f-groupManagement] INFO  server.RaftServerConfigKeys (ConfUtils.java:logGet(46)) - raft.server.log.write.buffer.size = 8388616 (custom)
2024-01-26 13:21:18,745 [2d827dc5-08e9-453f-94d7-4114e25c345f-groupManagement] INFO  server.RaftServerConfigKeys (ConfUtils.java:logGet(46)) - raft.server.log.appender.buffer.byte-limit = 8388608 (custom)
2024-01-26 13:21:18,745 [2d827dc5-08e9-453f-94d7-4114e25c345f-groupManagement] INFO  server.RaftServerConfigKeys (ConfUtils.java:logGet(46)) - raft.server.log.unsafe-flush.enabled = false (default)
2024-01-26 13:21:18,745 [2d827dc5-08e9-453f-94d7-4114e25c345f-groupManagement] INFO  server.RaftServerConfigKeys (ConfUtils.java:logGet(46)) - raft.server.log.async-flush.enabled = false (default)
2024-01-26 13:21:18,745 [2d827dc5-08e9-453f-94d7-4114e25c345f-groupManagement] INFO  server.RaftServerConfigKeys (ConfUtils.java:logGet(46)) - raft.server.log.statemachine.data.caching.enabled = true (custom)
2024-01-26 13:21:18,745 [2d827dc5-08e9-453f-94d7-4114e25c345f-groupManagement] INFO  segmented.SegmentedRaftLogWorker (SegmentedRaftLogWorker.java:lambda$new$0(134)) - 2d827dc5-08e9-453f-94d7-4114e25c345f@group-8F301DE41D58-SegmentedRaftLogWorker: flushIndex: setUnconditionally 0 -> -1
2024-01-26 13:21:18,746 [2d827dc5-08e9-453f-94d7-4114e25c345f-groupManagement] INFO  segmented.SegmentedRaftLogWorker (SegmentedRaftLogWorker.java:lambda$new$0(134)) - 2d827dc5-08e9-453f-94d7-4114e25c345f@group-8F301DE41D58-SegmentedRaftLogWorker: safeCacheEvictIndex: setUnconditionally 0 -> -1
2024-01-26 13:21:18,746 [2d827dc5-08e9-453f-94d7-4114e25c345f-groupManagement] INFO  server.RaftServer$Division (RaftServerImpl.java:start(396)) - 2d827dc5-08e9-453f-94d7-4114e25c345f@group-8F301DE41D58: start as a follower, conf=-1: peers:[cb54f49b-2271-401a-a078-0b164c9907dd|10.1.0.20:15290, a1acbc51-0491-4521-9956-72ea0a3fcfae|10.1.0.20:15299, 2d827dc5-08e9-453f-94d7-4114e25c345f|10.1.0.20:15281]|listeners:[], old=null
2024-01-26 13:21:18,746 [2d827dc5-08e9-453f-94d7-4114e25c345f-groupManagement] INFO  server.RaftServer$Division (RaftServerImpl.java:setRole(383)) - 2d827dc5-08e9-453f-94d7-4114e25c345f@group-8F301DE41D58: changes role from      null to FOLLOWER at term 0 for startAsFollower
2024-01-26 13:21:18,746 [2d827dc5-08e9-453f-94d7-4114e25c345f-groupManagement] INFO  impl.RoleInfo (RoleInfo.java:updateAndGet(139)) - 2d827dc5-08e9-453f-94d7-4114e25c345f: start 2d827dc5-08e9-453f-94d7-4114e25c345f@group-8F301DE41D58-FollowerState
2024-01-26 13:21:18,746 [2d827dc5-08e9-453f-94d7-4114e25c345f@group-8F301DE41D58-FollowerState] INFO  server.RaftServerConfigKeys (ConfUtils.java:logFallback(53)) - raft.server.rpc.first-election.timeout.min = 5s (fallback to raft.server.rpc.timeout.min)
2024-01-26 13:21:18,746 [2d827dc5-08e9-453f-94d7-4114e25c345f-groupManagement] INFO  util.JmxRegister (JmxRegister.java:tryRegister(44)) - Successfully registered JMX Bean with object name Ratis:service=RaftServer,group=group-8F301DE41D58,id=2d827dc5-08e9-453f-94d7-4114e25c345f
2024-01-26 13:21:18,746 [2d827dc5-08e9-453f-94d7-4114e25c345f@group-8F301DE41D58-FollowerState] INFO  server.RaftServerConfigKeys (ConfUtils.java:logFallback(53)) - raft.server.rpc.first-election.timeout.max = 5200ms (fallback to raft.server.rpc.timeout.max)
2024-01-26 13:21:18,746 [2d827dc5-08e9-453f-94d7-4114e25c345f-groupManagement] INFO  server.RaftServerConfigKeys (ConfUtils.java:logGet(46)) - raft.server.snapshot.trigger-when-stop.enabled = true (default)
2024-01-26 13:21:18,746 [2d827dc5-08e9-453f-94d7-4114e25c345f-groupManagement] INFO  server.RaftServerConfigKeys (ConfUtils.java:logGet(46)) - raft.server.snapshot.auto.trigger.enabled = true (custom)
2024-01-26 13:21:18,746 [2d827dc5-08e9-453f-94d7-4114e25c345f-groupManagement] INFO  server.RaftServerConfigKeys (ConfUtils.java:logGet(46)) - raft.server.snapshot.auto.trigger.threshold = 10000 (custom)
2024-01-26 13:21:18,746 [2d827dc5-08e9-453f-94d7-4114e25c345f-groupManagement] INFO  server.RaftServerConfigKeys (ConfUtils.java:logGet(46)) - raft.server.snapshot.retention.file.num = 5 (custom)
2024-01-26 13:21:18,747 [2d827dc5-08e9-453f-94d7-4114e25c345f-groupManagement] INFO  server.RaftServerConfigKeys (ConfUtils.java:logGet(46)) - raft.server.log.purge.upto.snapshot.index = false (default)
2024-01-26 13:21:18,747 [2d827dc5-08e9-453f-94d7-4114e25c345f-PipelineCommandHandlerThread-0] INFO  ratis.XceiverServerRatis (XceiverServerRatis.java:addGroup(842)) - Created group PipelineID=9c44c8cb-9d31-438d-8f48-8f301de41d58
2024-01-26 13:21:18,753 [grpc-default-executor-5] INFO  server.RaftServer (RaftServerProxy.java:addNew(100)) - a1acbc51-0491-4521-9956-72ea0a3fcfae: addNew group-8F301DE41D58:[cb54f49b-2271-401a-a078-0b164c9907dd|10.1.0.20:15290, a1acbc51-0491-4521-9956-72ea0a3fcfae|10.1.0.20:15299, 2d827dc5-08e9-453f-94d7-4114e25c345f|10.1.0.20:15281] returns group-8F301DE41D58:java.util.concurrent.CompletableFuture@cc73a[Not completed]
2024-01-26 13:21:18,754 [a1acbc51-0491-4521-9956-72ea0a3fcfae-groupManagement] INFO  server.RaftServer$Division (RaftServerImpl.java:<init>(256)) - a1acbc51-0491-4521-9956-72ea0a3fcfae: new RaftServerImpl for group-8F301DE41D58:[cb54f49b-2271-401a-a078-0b164c9907dd|10.1.0.20:15290, a1acbc51-0491-4521-9956-72ea0a3fcfae|10.1.0.20:15299, 2d827dc5-08e9-453f-94d7-4114e25c345f|10.1.0.20:15281] with ContainerStateMachine:uninitialized
2024-01-26 13:21:18,754 [a1acbc51-0491-4521-9956-72ea0a3fcfae-groupManagement] INFO  server.RaftServerConfigKeys (ConfUtils.java:logGet(46)) - raft.server.rpc.timeout.min = 5s (custom)
2024-01-26 13:21:18,754 [a1acbc51-0491-4521-9956-72ea0a3fcfae-groupManagement] INFO  server.RaftServerConfigKeys (ConfUtils.java:logGet(46)) - raft.server.rpc.timeout.max = 5200ms (custom)
2024-01-26 13:21:18,754 [a1acbc51-0491-4521-9956-72ea0a3fcfae-groupManagement] INFO  server.RaftServerConfigKeys (ConfUtils.java:logGet(46)) - raft.server.rpc.sleep.time = 25ms (default)
2024-01-26 13:21:18,755 [a1acbc51-0491-4521-9956-72ea0a3fcfae-groupManagement] INFO  server.RaftServerConfigKeys (ConfUtils.java:logGet(46)) - raft.server.rpc.slowness.timeout = 300000ms (custom)
2024-01-26 13:21:18,755 [a1acbc51-0491-4521-9956-72ea0a3fcfae-groupManagement] INFO  server.RaftServerConfigKeys (ConfUtils.java:logGet(46)) - raft.server.leaderelection.leader.step-down.wait-time = 10s (default)
2024-01-26 13:21:18,755 [a1acbc51-0491-4521-9956-72ea0a3fcfae-groupManagement] INFO  server.RaftServerConfigKeys (ConfUtils.java:logGet(46)) - raft.server.leaderelection.member.majority-add = false (default)
2024-01-26 13:21:18,755 [a1acbc51-0491-4521-9956-72ea0a3fcfae-groupManagement] INFO  server.RaftServerConfigKeys (ConfUtils.java:logGet(46)) - raft.server.sleep.deviation.threshold = 300ms (default)
2024-01-26 13:21:18,755 [a1acbc51-0491-4521-9956-72ea0a3fcfae-groupManagement] INFO  server.RaftServer$Division (ServerState.java:<init>(113)) - a1acbc51-0491-4521-9956-72ea0a3fcfae@group-8F301DE41D58: ConfigurationManager, init=-1: peers:[cb54f49b-2271-401a-a078-0b164c9907dd|10.1.0.20:15290, a1acbc51-0491-4521-9956-72ea0a3fcfae|10.1.0.20:15299, 2d827dc5-08e9-453f-94d7-4114e25c345f|10.1.0.20:15281]|listeners:[], old=null, confs=<EMPTY_MAP>
2024-01-26 13:21:18,755 [a1acbc51-0491-4521-9956-72ea0a3fcfae-groupManagement] INFO  server.RaftServerConfigKeys (ConfUtils.java:logGet(46)) - raft.server.notification.no-leader.timeout = 300000ms (custom)
2024-01-26 13:21:18,756 [a1acbc51-0491-4521-9956-72ea0a3fcfae-groupManagement] INFO  server.RaftServerConfigKeys (ConfUtils.java:logGet(46)) - raft.server.read.timeout = 10s (default)
2024-01-26 13:21:18,756 [a1acbc51-0491-4521-9956-72ea0a3fcfae-groupManagement] INFO  server.RaftServerConfigKeys (ConfUtils.java:logGet(46)) - raft.server.retrycache.expirytime = 600000ms (custom)
2024-01-26 13:21:18,756 [a1acbc51-0491-4521-9956-72ea0a3fcfae-groupManagement] INFO  server.RaftServerConfigKeys (ConfUtils.java:logGet(46)) - raft.server.retrycache.statistics.expirytime = 100ms (default)
2024-01-26 13:21:18,756 [a1acbc51-0491-4521-9956-72ea0a3fcfae-groupManagement] INFO  server.RaftServerConfigKeys (ConfUtils.java:logGet(46)) - raft.server.read.option = DEFAULT (default)
2024-01-26 13:21:18,756 [a1acbc51-0491-4521-9956-72ea0a3fcfae-groupManagement] INFO  server.RaftServerConfigKeys (ConfUtils.java:logGet(46)) - raft.server.read.read-after-write-consistent.write-index-cache.expiry-time = 60s (default)
2024-01-26 13:21:18,758 [a1acbc51-0491-4521-9956-72ea0a3fcfae-groupManagement] INFO  server.RaftServerConfigKeys (ConfUtils.java:logGet(46)) - raft.server.rpc.request.timeout = 3000ms (default)
2024-01-26 13:21:18,758 [a1acbc51-0491-4521-9956-72ea0a3fcfae-groupManagement] INFO  server.RaftServerConfigKeys (ConfUtils.java:logGet(46)) - raft.server.log.appender.install.snapshot.enabled = false (custom)
2024-01-26 13:21:18,758 [a1acbc51-0491-4521-9956-72ea0a3fcfae-groupManagement] INFO  server.RaftServerConfigKeys (ConfUtils.java:logGet(46)) - raft.server.threadpool.server.cached = true (default)
2024-01-26 13:21:18,758 [a1acbc51-0491-4521-9956-72ea0a3fcfae-groupManagement] INFO  server.RaftServerConfigKeys (ConfUtils.java:logGet(46)) - raft.server.threadpool.server.size = 0 (default)
2024-01-26 13:21:18,758 [a1acbc51-0491-4521-9956-72ea0a3fcfae-groupManagement] INFO  server.RaftServerConfigKeys (ConfUtils.java:logGet(46)) - raft.server.threadpool.client.cached = true (default)
2024-01-26 13:21:18,758 [a1acbc51-0491-4521-9956-72ea0a3fcfae-groupManagement] INFO  server.RaftServerConfigKeys (ConfUtils.java:logGet(46)) - raft.server.threadpool.client.size = 0 (default)
2024-01-26 13:21:18,758 [a1acbc51-0491-4521-9956-72ea0a3fcfae-groupManagement] INFO  server.RaftServerConfigKeys (ConfUtils.java:logGet(46)) - raft.server.storage.free-space.min = 0MB (=0) (default)
2024-01-26 13:21:18,758 [a1acbc51-0491-4521-9956-72ea0a3fcfae-groupManagement] INFO  server.RaftServerConfigKeys (ConfUtils.java:logGet(46)) - raft.server.log.corruption.policy = EXCEPTION (default)
2024-01-26 13:21:18,758 [a1acbc51-0491-4521-9956-72ea0a3fcfae-groupManagement] INFO  server.RaftServerConfigKeys (ConfUtils.java:logGet(46)) - raft.server.storage.dir = [/home/runner/work/ozone/ozone/hadoop-ozone/integration-test/target/test-dir/MiniOzoneClusterImpl-953fd8c5-ac00-44c9-baab-0887e32ba883/datanode-2/data/ratis] (custom)
2024-01-26 13:21:18,759 [a1acbc51-0491-4521-9956-72ea0a3fcfae-groupManagement] INFO  storage.RaftStorageDirectory (RaftStorageDirectoryImpl.java:analyzeStorage(138)) - The storage directory /home/runner/work/ozone/ozone/hadoop-ozone/integration-test/target/test-dir/MiniOzoneClusterImpl-953fd8c5-ac00-44c9-baab-0887e32ba883/datanode-2/data/ratis/9c44c8cb-9d31-438d-8f48-8f301de41d58 does not exist. Creating ...
2024-01-26 13:21:18,760 [a1acbc51-0491-4521-9956-72ea0a3fcfae-groupManagement] INFO  storage.RaftStorageDirectory (RaftStorageDirectoryImpl.java:tryLock(228)) - Lock on /home/runner/work/ozone/ozone/hadoop-ozone/integration-test/target/test-dir/MiniOzoneClusterImpl-953fd8c5-ac00-44c9-baab-0887e32ba883/datanode-2/data/ratis/9c44c8cb-9d31-438d-8f48-8f301de41d58/in_use.lock acquired by nodename 73218@fv-az983-443
2024-01-26 13:21:18,760 [a1acbc51-0491-4521-9956-72ea0a3fcfae-groupManagement] INFO  storage.RaftStorage (RaftStorageImpl.java:format(99)) - Storage directory /home/runner/work/ozone/ozone/hadoop-ozone/integration-test/target/test-dir/MiniOzoneClusterImpl-953fd8c5-ac00-44c9-baab-0887e32ba883/datanode-2/data/ratis/9c44c8cb-9d31-438d-8f48-8f301de41d58 has been successfully formatted.
2024-01-26 13:21:18,761 [a1acbc51-0491-4521-9956-72ea0a3fcfae-groupManagement] WARN  util.FileUtils (LogUtils.java:supplyAndLog(63)) - Failed to Files.newInputStream /home/runner/work/ozone/ozone/hadoop-ozone/integration-test/target/test-dir/MiniOzoneClusterImpl-953fd8c5-ac00-44c9-baab-0887e32ba883/datanode-2/data/ratis/9c44c8cb-9d31-438d-8f48-8f301de41d58/current/raft-meta.conf with options []: java.nio.file.NoSuchFileException: /home/runner/work/ozone/ozone/hadoop-ozone/integration-test/target/test-dir/MiniOzoneClusterImpl-953fd8c5-ac00-44c9-baab-0887e32ba883/datanode-2/data/ratis/9c44c8cb-9d31-438d-8f48-8f301de41d58/current/raft-meta.conf
2024-01-26 13:21:18,762 [a1acbc51-0491-4521-9956-72ea0a3fcfae-groupManagement] INFO  ratis.ContainerStateMachine (ContainerStateMachine.java:loadSnapshot(287)) - group-8F301DE41D58: The snapshot info is null. Setting the last applied index to:(t:0, i:~)
2024-01-26 13:21:18,762 [a1acbc51-0491-4521-9956-72ea0a3fcfae-groupManagement] INFO  server.RaftServerConfigKeys (ConfUtils.java:logGet(46)) - raft.server.log.use.memory = false (default)
2024-01-26 13:21:18,762 [a1acbc51-0491-4521-9956-72ea0a3fcfae-groupManagement] INFO  server.RaftServerConfigKeys (ConfUtils.java:logGet(46)) - raft.server.log.purge.gap = 1000000 (custom)
2024-01-26 13:21:18,762 [a1acbc51-0491-4521-9956-72ea0a3fcfae-groupManagement] INFO  server.RaftServerConfigKeys (ConfUtils.java:logGet(46)) - raft.server.log.appender.buffer.byte-limit = 8388608 (custom)
2024-01-26 13:21:18,762 [a1acbc51-0491-4521-9956-72ea0a3fcfae-groupManagement] INFO  server.RaftServerConfigKeys (ConfUtils.java:logGet(46)) - raft.server.log.statemachine.data.read.timeout = 1000ms (default)
2024-01-26 13:21:18,762 [a1acbc51-0491-4521-9956-72ea0a3fcfae-groupManagement] INFO  server.RaftServerConfigKeys (ConfUtils.java:logGet(46)) - raft.server.log.purge.preservation.log.num = 0 (default)
2024-01-26 13:21:18,763 [a1acbc51-0491-4521-9956-72ea0a3fcfae-groupManagement] INFO  server.RaftServerConfigKeys (ConfUtils.java:logGet(46)) - raft.server.log.segment.size.max = 67108864 (custom)
2024-01-26 13:21:18,763 [a1acbc51-0491-4521-9956-72ea0a3fcfae-groupManagement] INFO  server.RaftServerConfigKeys (ConfUtils.java:logGet(46)) - raft.server.log.segment.cache.num.max = 2 (custom)
2024-01-26 13:21:18,764 [a1acbc51-0491-4521-9956-72ea0a3fcfae-groupManagement] INFO  server.RaftServerConfigKeys (ConfUtils.java:logGet(46)) - raft.server.log.segment.cache.size.max = 200MB (=209715200) (default)
2024-01-26 13:21:18,764 [a1acbc51-0491-4521-9956-72ea0a3fcfae-groupManagement] INFO  server.RaftServerConfigKeys (ConfUtils.java:logGet(46)) - raft.server.log.appender.buffer.byte-limit = 8388608 (custom)
2024-01-26 13:21:18,764 [a1acbc51-0491-4521-9956-72ea0a3fcfae-groupManagement] INFO  util.AwaitToRun (AwaitToRun.java:start(81)) - Thread[a1acbc51-0491-4521-9956-72ea0a3fcfae@group-8F301DE41D58-cacheEviction-AwaitToRun,5,main] started
2024-01-26 13:21:18,764 [a1acbc51-0491-4521-9956-72ea0a3fcfae-groupManagement] INFO  segmented.SegmentedRaftLogWorker (SegmentedRaftLogWorker.java:<init>(182)) - new a1acbc51-0491-4521-9956-72ea0a3fcfae@group-8F301DE41D58-SegmentedRaftLogWorker for RaftStorageImpl:Storage Directory /home/runner/work/ozone/ozone/hadoop-ozone/integration-test/target/test-dir/MiniOzoneClusterImpl-953fd8c5-ac00-44c9-baab-0887e32ba883/datanode-2/data/ratis/9c44c8cb-9d31-438d-8f48-8f301de41d58
2024-01-26 13:21:18,764 [a1acbc51-0491-4521-9956-72ea0a3fcfae-groupManagement] INFO  server.RaftServerConfigKeys (ConfUtils.java:logGet(46)) - raft.server.log.queue.byte-limit = 4294967296 (custom)
2024-01-26 13:21:18,764 [a1acbc51-0491-4521-9956-72ea0a3fcfae-groupManagement] INFO  server.RaftServerConfigKeys (ConfUtils.java:logGet(46)) - raft.server.log.queue.element-limit = 1024 (custom)
2024-01-26 13:21:18,764 [a1acbc51-0491-4521-9956-72ea0a3fcfae-groupManagement] INFO  server.RaftServerConfigKeys (ConfUtils.java:logGet(46)) - raft.server.log.segment.size.max = 67108864 (custom)
2024-01-26 13:21:18,764 [a1acbc51-0491-4521-9956-72ea0a3fcfae-groupManagement] INFO  server.RaftServerConfigKeys (ConfUtils.java:logGet(46)) - raft.server.log.preallocated.size = 4194304 (custom)
2024-01-26 13:21:18,764 [a1acbc51-0491-4521-9956-72ea0a3fcfae-groupManagement] INFO  server.RaftServerConfigKeys (ConfUtils.java:logGet(46)) - raft.server.log.force.sync.num = 128 (default)
2024-01-26 13:21:18,764 [a1acbc51-0491-4521-9956-72ea0a3fcfae-groupManagement] INFO  server.RaftServerConfigKeys (ConfUtils.java:logGet(46)) - raft.server.log.statemachine.data.sync = true (default)
2024-01-26 13:21:18,764 [a1acbc51-0491-4521-9956-72ea0a3fcfae-groupManagement] INFO  server.RaftServerConfigKeys (ConfUtils.java:logGet(46)) - raft.server.log.statemachine.data.sync.timeout = 10s (default)
2024-01-26 13:21:18,764 [a1acbc51-0491-4521-9956-72ea0a3fcfae-groupManagement] INFO  server.RaftServerConfigKeys (ConfUtils.java:logGet(46)) - raft.server.log.statemachine.data.sync.timeout.retry = 0 (custom)
2024-01-26 13:21:18,765 [a1acbc51-0491-4521-9956-72ea0a3fcfae-groupManagement] INFO  server.RaftServerConfigKeys (ConfUtils.java:logGet(46)) - raft.server.log.write.buffer.size = 8388616 (custom)
2024-01-26 13:21:18,766 [a1acbc51-0491-4521-9956-72ea0a3fcfae-groupManagement] INFO  server.RaftServerConfigKeys (ConfUtils.java:logGet(46)) - raft.server.log.appender.buffer.byte-limit = 8388608 (custom)
2024-01-26 13:21:18,766 [a1acbc51-0491-4521-9956-72ea0a3fcfae-groupManagement] INFO  server.RaftServerConfigKeys (ConfUtils.java:logGet(46)) - raft.server.log.unsafe-flush.enabled = false (default)
2024-01-26 13:21:18,766 [a1acbc51-0491-4521-9956-72ea0a3fcfae-groupManagement] INFO  server.RaftServerConfigKeys (ConfUtils.java:logGet(46)) - raft.server.log.async-flush.enabled = false (default)
2024-01-26 13:21:18,766 [a1acbc51-0491-4521-9956-72ea0a3fcfae-groupManagement] INFO  server.RaftServerConfigKeys (ConfUtils.java:logGet(46)) - raft.server.log.statemachine.data.caching.enabled = true (custom)
2024-01-26 13:21:18,766 [a1acbc51-0491-4521-9956-72ea0a3fcfae-groupManagement] INFO  segmented.SegmentedRaftLogWorker (SegmentedRaftLogWorker.java:lambda$new$0(134)) - a1acbc51-0491-4521-9956-72ea0a3fcfae@group-8F301DE41D58-SegmentedRaftLogWorker: flushIndex: setUnconditionally 0 -> -1
2024-01-26 13:21:18,766 [a1acbc51-0491-4521-9956-72ea0a3fcfae-groupManagement] INFO  segmented.SegmentedRaftLogWorker (SegmentedRaftLogWorker.java:lambda$new$0(134)) - a1acbc51-0491-4521-9956-72ea0a3fcfae@group-8F301DE41D58-SegmentedRaftLogWorker: safeCacheEvictIndex: setUnconditionally 0 -> -1
2024-01-26 13:21:18,767 [a1acbc51-0491-4521-9956-72ea0a3fcfae-groupManagement] INFO  server.RaftServer$Division (RaftServerImpl.java:start(396)) - a1acbc51-0491-4521-9956-72ea0a3fcfae@group-8F301DE41D58: start as a follower, conf=-1: peers:[cb54f49b-2271-401a-a078-0b164c9907dd|10.1.0.20:15290, a1acbc51-0491-4521-9956-72ea0a3fcfae|10.1.0.20:15299, 2d827dc5-08e9-453f-94d7-4114e25c345f|10.1.0.20:15281]|listeners:[], old=null
2024-01-26 13:21:18,767 [a1acbc51-0491-4521-9956-72ea0a3fcfae-groupManagement] INFO  server.RaftServer$Division (RaftServerImpl.java:setRole(383)) - a1acbc51-0491-4521-9956-72ea0a3fcfae@group-8F301DE41D58: changes role from      null to FOLLOWER at term 0 for startAsFollower
2024-01-26 13:21:18,767 [a1acbc51-0491-4521-9956-72ea0a3fcfae-groupManagement] INFO  impl.RoleInfo (RoleInfo.java:updateAndGet(139)) - a1acbc51-0491-4521-9956-72ea0a3fcfae: start a1acbc51-0491-4521-9956-72ea0a3fcfae@group-8F301DE41D58-FollowerState
2024-01-26 13:21:18,767 [a1acbc51-0491-4521-9956-72ea0a3fcfae-groupManagement] INFO  util.JmxRegister (JmxRegister.java:tryRegister(44)) - Successfully registered JMX Bean with object name Ratis:service=RaftServer,group=group-8F301DE41D58,id=a1acbc51-0491-4521-9956-72ea0a3fcfae
2024-01-26 13:21:18,767 [a1acbc51-0491-4521-9956-72ea0a3fcfae@group-8F301DE41D58-FollowerState] INFO  server.RaftServerConfigKeys (ConfUtils.java:logFallback(53)) - raft.server.rpc.first-election.timeout.min = 5s (fallback to raft.server.rpc.timeout.min)
2024-01-26 13:21:18,767 [a1acbc51-0491-4521-9956-72ea0a3fcfae@group-8F301DE41D58-FollowerState] INFO  server.RaftServerConfigKeys (ConfUtils.java:logFallback(53)) - raft.server.rpc.first-election.timeout.max = 5200ms (fallback to raft.server.rpc.timeout.max)
2024-01-26 13:21:18,767 [a1acbc51-0491-4521-9956-72ea0a3fcfae-groupManagement] INFO  server.RaftServerConfigKeys (ConfUtils.java:logGet(46)) - raft.server.snapshot.trigger-when-stop.enabled = true (default)
2024-01-26 13:21:18,767 [a1acbc51-0491-4521-9956-72ea0a3fcfae-groupManagement] INFO  server.RaftServerConfigKeys (ConfUtils.java:logGet(46)) - raft.server.snapshot.auto.trigger.enabled = true (custom)
2024-01-26 13:21:18,768 [a1acbc51-0491-4521-9956-72ea0a3fcfae-groupManagement] INFO  server.RaftServerConfigKeys (ConfUtils.java:logGet(46)) - raft.server.snapshot.auto.trigger.threshold = 10000 (custom)
2024-01-26 13:21:18,768 [a1acbc51-0491-4521-9956-72ea0a3fcfae-groupManagement] INFO  server.RaftServerConfigKeys (ConfUtils.java:logGet(46)) - raft.server.snapshot.retention.file.num = 5 (custom)
2024-01-26 13:21:18,768 [a1acbc51-0491-4521-9956-72ea0a3fcfae-groupManagement] INFO  server.RaftServerConfigKeys (ConfUtils.java:logGet(46)) - raft.server.log.purge.upto.snapshot.index = false (default)
2024-01-26 13:21:18,776 [grpc-default-executor-5] INFO  server.RaftServer (RaftServerProxy.java:addNew(100)) - cb54f49b-2271-401a-a078-0b164c9907dd: addNew group-8F301DE41D58:[cb54f49b-2271-401a-a078-0b164c9907dd|10.1.0.20:15290, a1acbc51-0491-4521-9956-72ea0a3fcfae|10.1.0.20:15299, 2d827dc5-08e9-453f-94d7-4114e25c345f|10.1.0.20:15281] returns group-8F301DE41D58:java.util.concurrent.CompletableFuture@311bdec9[Not completed]
2024-01-26 13:21:18,777 [cb54f49b-2271-401a-a078-0b164c9907dd-groupManagement] INFO  server.RaftServer$Division (RaftServerImpl.java:<init>(256)) - cb54f49b-2271-401a-a078-0b164c9907dd: new RaftServerImpl for group-8F301DE41D58:[cb54f49b-2271-401a-a078-0b164c9907dd|10.1.0.20:15290, a1acbc51-0491-4521-9956-72ea0a3fcfae|10.1.0.20:15299, 2d827dc5-08e9-453f-94d7-4114e25c345f|10.1.0.20:15281] with ContainerStateMachine:uninitialized
2024-01-26 13:21:18,777 [cb54f49b-2271-401a-a078-0b164c9907dd-groupManagement] INFO  server.RaftServerConfigKeys (ConfUtils.java:logGet(46)) - raft.server.rpc.timeout.min = 5s (custom)
2024-01-26 13:21:18,777 [cb54f49b-2271-401a-a078-0b164c9907dd-groupManagement] INFO  server.RaftServerConfigKeys (ConfUtils.java:logGet(46)) - raft.server.rpc.timeout.max = 5200ms (custom)
2024-01-26 13:21:18,777 [cb54f49b-2271-401a-a078-0b164c9907dd-groupManagement] INFO  server.RaftServerConfigKeys (ConfUtils.java:logGet(46)) - raft.server.rpc.sleep.time = 25ms (default)
2024-01-26 13:21:18,777 [cb54f49b-2271-401a-a078-0b164c9907dd-groupManagement] INFO  server.RaftServerConfigKeys (ConfUtils.java:logGet(46)) - raft.server.rpc.slowness.timeout = 300000ms (custom)
2024-01-26 13:21:18,777 [cb54f49b-2271-401a-a078-0b164c9907dd-groupManagement] INFO  server.RaftServerConfigKeys (ConfUtils.java:logGet(46)) - raft.server.leaderelection.leader.step-down.wait-time = 10s (default)
2024-01-26 13:21:18,777 [cb54f49b-2271-401a-a078-0b164c9907dd-groupManagement] INFO  server.RaftServerConfigKeys (ConfUtils.java:logGet(46)) - raft.server.leaderelection.member.majority-add = false (default)
2024-01-26 13:21:18,777 [cb54f49b-2271-401a-a078-0b164c9907dd-groupManagement] INFO  server.RaftServerConfigKeys (ConfUtils.java:logGet(46)) - raft.server.sleep.deviation.threshold = 300ms (default)
2024-01-26 13:21:18,777 [cb54f49b-2271-401a-a078-0b164c9907dd-groupManagement] INFO  server.RaftServer$Division (ServerState.java:<init>(113)) - cb54f49b-2271-401a-a078-0b164c9907dd@group-8F301DE41D58: ConfigurationManager, init=-1: peers:[cb54f49b-2271-401a-a078-0b164c9907dd|10.1.0.20:15290, a1acbc51-0491-4521-9956-72ea0a3fcfae|10.1.0.20:15299, 2d827dc5-08e9-453f-94d7-4114e25c345f|10.1.0.20:15281]|listeners:[], old=null, confs=<EMPTY_MAP>
2024-01-26 13:21:18,777 [cb54f49b-2271-401a-a078-0b164c9907dd-groupManagement] INFO  server.RaftServerConfigKeys (ConfUtils.java:logGet(46)) - raft.server.notification.no-leader.timeout = 300000ms (custom)
2024-01-26 13:21:18,778 [cb54f49b-2271-401a-a078-0b164c9907dd-groupManagement] INFO  server.RaftServerConfigKeys (ConfUtils.java:logGet(46)) - raft.server.read.timeout = 10s (default)
2024-01-26 13:21:18,778 [cb54f49b-2271-401a-a078-0b164c9907dd-groupManagement] INFO  server.RaftServerConfigKeys (ConfUtils.java:logGet(46)) - raft.server.retrycache.expirytime = 600000ms (custom)
2024-01-26 13:21:18,778 [cb54f49b-2271-401a-a078-0b164c9907dd-groupManagement] INFO  server.RaftServerConfigKeys (ConfUtils.java:logGet(46)) - raft.server.retrycache.statistics.expirytime = 100ms (default)
2024-01-26 13:21:18,778 [cb54f49b-2271-401a-a078-0b164c9907dd-groupManagement] INFO  server.RaftServerConfigKeys (ConfUtils.java:logGet(46)) - raft.server.read.option = DEFAULT (default)
2024-01-26 13:21:18,778 [cb54f49b-2271-401a-a078-0b164c9907dd-groupManagement] INFO  server.RaftServerConfigKeys (ConfUtils.java:logGet(46)) - raft.server.read.read-after-write-consistent.write-index-cache.expiry-time = 60s (default)
2024-01-26 13:21:18,779 [cb54f49b-2271-401a-a078-0b164c9907dd-groupManagement] INFO  server.RaftServerConfigKeys (ConfUtils.java:logGet(46)) - raft.server.rpc.request.timeout = 3000ms (default)
2024-01-26 13:21:18,779 [cb54f49b-2271-401a-a078-0b164c9907dd-groupManagement] INFO  server.RaftServerConfigKeys (ConfUtils.java:logGet(46)) - raft.server.log.appender.install.snapshot.enabled = false (custom)
2024-01-26 13:21:18,779 [cb54f49b-2271-401a-a078-0b164c9907dd-groupManagement] INFO  server.RaftServerConfigKeys (ConfUtils.java:logGet(46)) - raft.server.threadpool.server.cached = true (default)
2024-01-26 13:21:18,779 [cb54f49b-2271-401a-a078-0b164c9907dd-groupManagement] INFO  server.RaftServerConfigKeys (ConfUtils.java:logGet(46)) - raft.server.threadpool.server.size = 0 (default)
2024-01-26 13:21:18,779 [cb54f49b-2271-401a-a078-0b164c9907dd-groupManagement] INFO  server.RaftServerConfigKeys (ConfUtils.java:logGet(46)) - raft.server.threadpool.client.cached = true (default)
2024-01-26 13:21:18,779 [cb54f49b-2271-401a-a078-0b164c9907dd-groupManagement] INFO  server.RaftServerConfigKeys (ConfUtils.java:logGet(46)) - raft.server.threadpool.client.size = 0 (default)
2024-01-26 13:21:18,779 [cb54f49b-2271-401a-a078-0b164c9907dd-groupManagement] INFO  server.RaftServerConfigKeys (ConfUtils.java:logGet(46)) - raft.server.storage.free-space.min = 0MB (=0) (default)
2024-01-26 13:21:18,779 [cb54f49b-2271-401a-a078-0b164c9907dd-groupManagement] INFO  server.RaftServerConfigKeys (ConfUtils.java:logGet(46)) - raft.server.log.corruption.policy = EXCEPTION (default)
2024-01-26 13:21:18,779 [cb54f49b-2271-401a-a078-0b164c9907dd-groupManagement] INFO  server.RaftServerConfigKeys (ConfUtils.java:logGet(46)) - raft.server.storage.dir = [/home/runner/work/ozone/ozone/hadoop-ozone/integration-test/target/test-dir/MiniOzoneClusterImpl-953fd8c5-ac00-44c9-baab-0887e32ba883/datanode-1/data/ratis] (custom)
2024-01-26 13:21:18,780 [cb54f49b-2271-401a-a078-0b164c9907dd-groupManagement] INFO  storage.RaftStorageDirectory (RaftStorageDirectoryImpl.java:analyzeStorage(138)) - The storage directory /home/runner/work/ozone/ozone/hadoop-ozone/integration-test/target/test-dir/MiniOzoneClusterImpl-953fd8c5-ac00-44c9-baab-0887e32ba883/datanode-1/data/ratis/9c44c8cb-9d31-438d-8f48-8f301de41d58 does not exist. Creating ...
2024-01-26 13:21:18,781 [cb54f49b-2271-401a-a078-0b164c9907dd-groupManagement] INFO  storage.RaftStorageDirectory (RaftStorageDirectoryImpl.java:tryLock(228)) - Lock on /home/runner/work/ozone/ozone/hadoop-ozone/integration-test/target/test-dir/MiniOzoneClusterImpl-953fd8c5-ac00-44c9-baab-0887e32ba883/datanode-1/data/ratis/9c44c8cb-9d31-438d-8f48-8f301de41d58/in_use.lock acquired by nodename 73218@fv-az983-443
2024-01-26 13:21:18,781 [cb54f49b-2271-401a-a078-0b164c9907dd-groupManagement] INFO  storage.RaftStorage (RaftStorageImpl.java:format(99)) - Storage directory /home/runner/work/ozone/ozone/hadoop-ozone/integration-test/target/test-dir/MiniOzoneClusterImpl-953fd8c5-ac00-44c9-baab-0887e32ba883/datanode-1/data/ratis/9c44c8cb-9d31-438d-8f48-8f301de41d58 has been successfully formatted.
2024-01-26 13:21:18,782 [cb54f49b-2271-401a-a078-0b164c9907dd-groupManagement] WARN  util.FileUtils (LogUtils.java:supplyAndLog(63)) - Failed to Files.newInputStream /home/runner/work/ozone/ozone/hadoop-ozone/integration-test/target/test-dir/MiniOzoneClusterImpl-953fd8c5-ac00-44c9-baab-0887e32ba883/datanode-1/data/ratis/9c44c8cb-9d31-438d-8f48-8f301de41d58/current/raft-meta.conf with options []: java.nio.file.NoSuchFileException: /home/runner/work/ozone/ozone/hadoop-ozone/integration-test/target/test-dir/MiniOzoneClusterImpl-953fd8c5-ac00-44c9-baab-0887e32ba883/datanode-1/data/ratis/9c44c8cb-9d31-438d-8f48-8f301de41d58/current/raft-meta.conf
2024-01-26 13:21:18,783 [cb54f49b-2271-401a-a078-0b164c9907dd-groupManagement] INFO  ratis.ContainerStateMachine (ContainerStateMachine.java:loadSnapshot(287)) - group-8F301DE41D58: The snapshot info is null. Setting the last applied index to:(t:0, i:~)
2024-01-26 13:21:18,783 [cb54f49b-2271-401a-a078-0b164c9907dd-groupManagement] INFO  server.RaftServerConfigKeys (ConfUtils.java:logGet(46)) - raft.server.log.use.memory = false (default)
2024-01-26 13:21:18,783 [cb54f49b-2271-401a-a078-0b164c9907dd-groupManagement] INFO  server.RaftServerConfigKeys (ConfUtils.java:logGet(46)) - raft.server.log.purge.gap = 1000000 (custom)
2024-01-26 13:21:18,783 [cb54f49b-2271-401a-a078-0b164c9907dd-groupManagement] INFO  server.RaftServerConfigKeys (ConfUtils.java:logGet(46)) - raft.server.log.appender.buffer.byte-limit = 8388608 (custom)
2024-01-26 13:21:18,783 [cb54f49b-2271-401a-a078-0b164c9907dd-groupManagement] INFO  server.RaftServerConfigKeys (ConfUtils.java:logGet(46)) - raft.server.log.statemachine.data.read.timeout = 1000ms (default)
2024-01-26 13:21:18,783 [cb54f49b-2271-401a-a078-0b164c9907dd-groupManagement] INFO  server.RaftServerConfigKeys (ConfUtils.java:logGet(46)) - raft.server.log.purge.preservation.log.num = 0 (default)
2024-01-26 13:21:18,784 [cb54f49b-2271-401a-a078-0b164c9907dd-groupManagement] INFO  server.RaftServerConfigKeys (ConfUtils.java:logGet(46)) - raft.server.log.segment.size.max = 67108864 (custom)
2024-01-26 13:21:18,784 [cb54f49b-2271-401a-a078-0b164c9907dd-groupManagement] INFO  server.RaftServerConfigKeys (ConfUtils.java:logGet(46)) - raft.server.log.segment.cache.num.max = 2 (custom)
2024-01-26 13:21:18,784 [cb54f49b-2271-401a-a078-0b164c9907dd-groupManagement] INFO  server.RaftServerConfigKeys (ConfUtils.java:logGet(46)) - raft.server.log.segment.cache.size.max = 200MB (=209715200) (default)
2024-01-26 13:21:18,785 [cb54f49b-2271-401a-a078-0b164c9907dd-groupManagement] INFO  server.RaftServerConfigKeys (ConfUtils.java:logGet(46)) - raft.server.log.appender.buffer.byte-limit = 8388608 (custom)
2024-01-26 13:21:18,785 [cb54f49b-2271-401a-a078-0b164c9907dd-groupManagement] INFO  util.AwaitToRun (AwaitToRun.java:start(81)) - Thread[cb54f49b-2271-401a-a078-0b164c9907dd@group-8F301DE41D58-cacheEviction-AwaitToRun,5,main] started
2024-01-26 13:21:18,785 [cb54f49b-2271-401a-a078-0b164c9907dd-groupManagement] INFO  segmented.SegmentedRaftLogWorker (SegmentedRaftLogWorker.java:<init>(182)) - new cb54f49b-2271-401a-a078-0b164c9907dd@group-8F301DE41D58-SegmentedRaftLogWorker for RaftStorageImpl:Storage Directory /home/runner/work/ozone/ozone/hadoop-ozone/integration-test/target/test-dir/MiniOzoneClusterImpl-953fd8c5-ac00-44c9-baab-0887e32ba883/datanode-1/data/ratis/9c44c8cb-9d31-438d-8f48-8f301de41d58
2024-01-26 13:21:18,785 [cb54f49b-2271-401a-a078-0b164c9907dd-groupManagement] INFO  server.RaftServerConfigKeys (ConfUtils.java:logGet(46)) - raft.server.log.queue.byte-limit = 4294967296 (custom)
2024-01-26 13:21:18,785 [cb54f49b-2271-401a-a078-0b164c9907dd-groupManagement] INFO  server.RaftServerConfigKeys (ConfUtils.java:logGet(46)) - raft.server.log.queue.element-limit = 1024 (custom)
2024-01-26 13:21:18,785 [cb54f49b-2271-401a-a078-0b164c9907dd-groupManagement] INFO  server.RaftServerConfigKeys (ConfUtils.java:logGet(46)) - raft.server.log.segment.size.max = 67108864 (custom)
2024-01-26 13:21:18,785 [cb54f49b-2271-401a-a078-0b164c9907dd-groupManagement] INFO  server.RaftServerConfigKeys (ConfUtils.java:logGet(46)) - raft.server.log.preallocated.size = 4194304 (custom)
2024-01-26 13:21:18,785 [cb54f49b-2271-401a-a078-0b164c9907dd-groupManagement] INFO  server.RaftServerConfigKeys (ConfUtils.java:logGet(46)) - raft.server.log.force.sync.num = 128 (default)
2024-01-26 13:21:18,785 [cb54f49b-2271-401a-a078-0b164c9907dd-groupManagement] INFO  server.RaftServerConfigKeys (ConfUtils.java:logGet(46)) - raft.server.log.statemachine.data.sync = true (default)
2024-01-26 13:21:18,785 [cb54f49b-2271-401a-a078-0b164c9907dd-groupManagement] INFO  server.RaftServerConfigKeys (ConfUtils.java:logGet(46)) - raft.server.log.statemachine.data.sync.timeout = 10s (default)
2024-01-26 13:21:18,785 [cb54f49b-2271-401a-a078-0b164c9907dd-groupManagement] INFO  server.RaftServerConfigKeys (ConfUtils.java:logGet(46)) - raft.server.log.statemachine.data.sync.timeout.retry = 0 (custom)
2024-01-26 13:21:18,786 [cb54f49b-2271-401a-a078-0b164c9907dd-groupManagement] INFO  server.RaftServerConfigKeys (ConfUtils.java:logGet(46)) - raft.server.log.write.buffer.size = 8388616 (custom)
2024-01-26 13:21:18,787 [cb54f49b-2271-401a-a078-0b164c9907dd-groupManagement] INFO  server.RaftServerConfigKeys (ConfUtils.java:logGet(46)) - raft.server.log.appender.buffer.byte-limit = 8388608 (custom)
2024-01-26 13:21:18,787 [cb54f49b-2271-401a-a078-0b164c9907dd-groupManagement] INFO  server.RaftServerConfigKeys (ConfUtils.java:logGet(46)) - raft.server.log.unsafe-flush.enabled = false (default)
2024-01-26 13:21:18,787 [cb54f49b-2271-401a-a078-0b164c9907dd-groupManagement] INFO  server.RaftServerConfigKeys (ConfUtils.java:logGet(46)) - raft.server.log.async-flush.enabled = false (default)
2024-01-26 13:21:18,787 [cb54f49b-2271-401a-a078-0b164c9907dd-groupManagement] INFO  server.RaftServerConfigKeys (ConfUtils.java:logGet(46)) - raft.server.log.statemachine.data.caching.enabled = true (custom)
2024-01-26 13:21:18,787 [cb54f49b-2271-401a-a078-0b164c9907dd-groupManagement] INFO  segmented.SegmentedRaftLogWorker (SegmentedRaftLogWorker.java:lambda$new$0(134)) - cb54f49b-2271-401a-a078-0b164c9907dd@group-8F301DE41D58-SegmentedRaftLogWorker: flushIndex: setUnconditionally 0 -> -1
2024-01-26 13:21:18,787 [cb54f49b-2271-401a-a078-0b164c9907dd-groupManagement] INFO  segmented.SegmentedRaftLogWorker (SegmentedRaftLogWorker.java:lambda$new$0(134)) - cb54f49b-2271-401a-a078-0b164c9907dd@group-8F301DE41D58-SegmentedRaftLogWorker: safeCacheEvictIndex: setUnconditionally 0 -> -1
2024-01-26 13:21:18,787 [cb54f49b-2271-401a-a078-0b164c9907dd-groupManagement] INFO  server.RaftServer$Division (RaftServerImpl.java:start(396)) - cb54f49b-2271-401a-a078-0b164c9907dd@group-8F301DE41D58: start as a follower, conf=-1: peers:[cb54f49b-2271-401a-a078-0b164c9907dd|10.1.0.20:15290, a1acbc51-0491-4521-9956-72ea0a3fcfae|10.1.0.20:15299, 2d827dc5-08e9-453f-94d7-4114e25c345f|10.1.0.20:15281]|listeners:[], old=null
2024-01-26 13:21:18,788 [cb54f49b-2271-401a-a078-0b164c9907dd-groupManagement] INFO  server.RaftServer$Division (RaftServerImpl.java:setRole(383)) - cb54f49b-2271-401a-a078-0b164c9907dd@group-8F301DE41D58: changes role from      null to FOLLOWER at term 0 for startAsFollower
2024-01-26 13:21:18,788 [cb54f49b-2271-401a-a078-0b164c9907dd-groupManagement] INFO  impl.RoleInfo (RoleInfo.java:updateAndGet(139)) - cb54f49b-2271-401a-a078-0b164c9907dd: start cb54f49b-2271-401a-a078-0b164c9907dd@group-8F301DE41D58-FollowerState
2024-01-26 13:21:18,788 [cb54f49b-2271-401a-a078-0b164c9907dd@group-8F301DE41D58-FollowerState] INFO  server.RaftServerConfigKeys (ConfUtils.java:logFallback(53)) - raft.server.rpc.first-election.timeout.min = 5s (fallback to raft.server.rpc.timeout.min)
2024-01-26 13:21:18,788 [cb54f49b-2271-401a-a078-0b164c9907dd-groupManagement] INFO  util.JmxRegister (JmxRegister.java:tryRegister(44)) - Successfully registered JMX Bean with object name Ratis:service=RaftServer,group=group-8F301DE41D58,id=cb54f49b-2271-401a-a078-0b164c9907dd
2024-01-26 13:21:18,788 [cb54f49b-2271-401a-a078-0b164c9907dd@group-8F301DE41D58-FollowerState] INFO  server.RaftServerConfigKeys (ConfUtils.java:logFallback(53)) - raft.server.rpc.first-election.timeout.max = 5200ms (fallback to raft.server.rpc.timeout.max)
2024-01-26 13:21:18,788 [cb54f49b-2271-401a-a078-0b164c9907dd-groupManagement] INFO  server.RaftServerConfigKeys (ConfUtils.java:logGet(46)) - raft.server.snapshot.trigger-when-stop.enabled = true (default)
2024-01-26 13:21:18,788 [cb54f49b-2271-401a-a078-0b164c9907dd-groupManagement] INFO  server.RaftServerConfigKeys (ConfUtils.java:logGet(46)) - raft.server.snapshot.auto.trigger.enabled = true (custom)
2024-01-26 13:21:18,788 [cb54f49b-2271-401a-a078-0b164c9907dd-groupManagement] INFO  server.RaftServerConfigKeys (ConfUtils.java:logGet(46)) - raft.server.snapshot.auto.trigger.threshold = 10000 (custom)
2024-01-26 13:21:18,788 [cb54f49b-2271-401a-a078-0b164c9907dd-groupManagement] INFO  server.RaftServerConfigKeys (ConfUtils.java:logGet(46)) - raft.server.snapshot.retention.file.num = 5 (custom)
2024-01-26 13:21:18,788 [cb54f49b-2271-401a-a078-0b164c9907dd-groupManagement] INFO  server.RaftServerConfigKeys (ConfUtils.java:logGet(46)) - raft.server.log.purge.upto.snapshot.index = false (default)
2024-01-26 13:21:18,792 [2d827dc5-08e9-453f-94d7-4114e25c345f-PipelineCommandHandlerThread-0] INFO  commandhandler.CreatePipelineCommandHandler (CreatePipelineCommandHandler.java:lambda$handle$2(124)) - Created Pipeline RATIS THREE PipelineID=9c44c8cb-9d31-438d-8f48-8f301de41d58.
2024-01-26 13:21:18,795 [cb54f49b-2271-401a-a078-0b164c9907dd-groupManagement] INFO  server.RaftServer$Division (RaftServerImpl.java:<init>(256)) - cb54f49b-2271-401a-a078-0b164c9907dd: new RaftServerImpl for group-CAA3F149B9FB:[cb54f49b-2271-401a-a078-0b164c9907dd|10.1.0.20:15290] with ContainerStateMachine:uninitialized
2024-01-26 13:21:18,795 [cb54f49b-2271-401a-a078-0b164c9907dd-groupManagement] INFO  server.RaftServerConfigKeys (ConfUtils.java:logGet(46)) - raft.server.rpc.timeout.min = 5s (custom)
2024-01-26 13:21:18,795 [cb54f49b-2271-401a-a078-0b164c9907dd-groupManagement] INFO  server.RaftServerConfigKeys (ConfUtils.java:logGet(46)) - raft.server.rpc.timeout.max = 5200ms (custom)
2024-01-26 13:21:18,795 [cb54f49b-2271-401a-a078-0b164c9907dd-groupManagement] INFO  server.RaftServerConfigKeys (ConfUtils.java:logGet(46)) - raft.server.rpc.sleep.time = 25ms (default)
2024-01-26 13:21:18,795 [cb54f49b-2271-401a-a078-0b164c9907dd-groupManagement] INFO  server.RaftServerConfigKeys (ConfUtils.java:logGet(46)) - raft.server.rpc.slowness.timeout = 300000ms (custom)
2024-01-26 13:21:18,795 [cb54f49b-2271-401a-a078-0b164c9907dd-groupManagement] INFO  server.RaftServerConfigKeys (ConfUtils.java:logGet(46)) - raft.server.leaderelection.leader.step-down.wait-time = 10s (default)
2024-01-26 13:21:18,795 [cb54f49b-2271-401a-a078-0b164c9907dd-groupManagement] INFO  server.RaftServerConfigKeys (ConfUtils.java:logGet(46)) - raft.server.leaderelection.member.majority-add = false (default)
2024-01-26 13:21:18,795 [cb54f49b-2271-401a-a078-0b164c9907dd-groupManagement] INFO  server.RaftServerConfigKeys (ConfUtils.java:logGet(46)) - raft.server.sleep.deviation.threshold = 300ms (default)
2024-01-26 13:21:18,795 [cb54f49b-2271-401a-a078-0b164c9907dd-groupManagement] INFO  server.RaftServer$Division (ServerState.java:<init>(113)) - cb54f49b-2271-401a-a078-0b164c9907dd@group-CAA3F149B9FB: ConfigurationManager, init=-1: peers:[cb54f49b-2271-401a-a078-0b164c9907dd|10.1.0.20:15290]|listeners:[], old=null, confs=<EMPTY_MAP>
2024-01-26 13:21:18,795 [cb54f49b-2271-401a-a078-0b164c9907dd-groupManagement] INFO  server.RaftServerConfigKeys (ConfUtils.java:logGet(46)) - raft.server.notification.no-leader.timeout = 300000ms (custom)
2024-01-26 13:21:18,796 [cb54f49b-2271-401a-a078-0b164c9907dd-groupManagement] INFO  server.RaftServerConfigKeys (ConfUtils.java:logGet(46)) - raft.server.read.timeout = 10s (default)
2024-01-26 13:21:18,796 [cb54f49b-2271-401a-a078-0b164c9907dd-groupManagement] INFO  server.RaftServerConfigKeys (ConfUtils.java:logGet(46)) - raft.server.retrycache.expirytime = 600000ms (custom)
2024-01-26 13:21:18,796 [cb54f49b-2271-401a-a078-0b164c9907dd-groupManagement] INFO  server.RaftServerConfigKeys (ConfUtils.java:logGet(46)) - raft.server.retrycache.statistics.expirytime = 100ms (default)
2024-01-26 13:21:18,796 [cb54f49b-2271-401a-a078-0b164c9907dd-groupManagement] INFO  server.RaftServerConfigKeys (ConfUtils.java:logGet(46)) - raft.server.read.option = DEFAULT (default)
2024-01-26 13:21:18,796 [cb54f49b-2271-401a-a078-0b164c9907dd-groupManagement] INFO  server.RaftServerConfigKeys (ConfUtils.java:logGet(46)) - raft.server.read.read-after-write-consistent.write-index-cache.expiry-time = 60s (default)
2024-01-26 13:21:18,796 [cb54f49b-2271-401a-a078-0b164c9907dd-PipelineCommandHandlerThread-0] INFO  server.RaftServer (RaftServerProxy.java:addNew(100)) - cb54f49b-2271-401a-a078-0b164c9907dd: addNew group-CAA3F149B9FB:[cb54f49b-2271-401a-a078-0b164c9907dd|10.1.0.20:15290] returns group-CAA3F149B9FB:java.util.concurrent.CompletableFuture@1506d65f[Not completed]
2024-01-26 13:21:18,797 [cb54f49b-2271-401a-a078-0b164c9907dd-groupManagement] INFO  server.RaftServerConfigKeys (ConfUtils.java:logGet(46)) - raft.server.rpc.request.timeout = 3000ms (default)
2024-01-26 13:21:18,797 [cb54f49b-2271-401a-a078-0b164c9907dd-groupManagement] INFO  server.RaftServerConfigKeys (ConfUtils.java:logGet(46)) - raft.server.log.appender.install.snapshot.enabled = false (custom)
2024-01-26 13:21:18,797 [cb54f49b-2271-401a-a078-0b164c9907dd-groupManagement] INFO  server.RaftServerConfigKeys (ConfUtils.java:logGet(46)) - raft.server.threadpool.server.cached = true (default)
2024-01-26 13:21:18,797 [cb54f49b-2271-401a-a078-0b164c9907dd-groupManagement] INFO  server.RaftServerConfigKeys (ConfUtils.java:logGet(46)) - raft.server.threadpool.server.size = 0 (default)
2024-01-26 13:21:18,797 [cb54f49b-2271-401a-a078-0b164c9907dd-groupManagement] INFO  server.RaftServerConfigKeys (ConfUtils.java:logGet(46)) - raft.server.threadpool.client.cached = true (default)
2024-01-26 13:21:18,797 [cb54f49b-2271-401a-a078-0b164c9907dd-groupManagement] INFO  server.RaftServerConfigKeys (ConfUtils.java:logGet(46)) - raft.server.threadpool.client.size = 0 (default)
2024-01-26 13:21:18,797 [cb54f49b-2271-401a-a078-0b164c9907dd-groupManagement] INFO  server.RaftServerConfigKeys (ConfUtils.java:logGet(46)) - raft.server.storage.free-space.min = 0MB (=0) (default)
2024-01-26 13:21:18,797 [cb54f49b-2271-401a-a078-0b164c9907dd-groupManagement] INFO  server.RaftServerConfigKeys (ConfUtils.java:logGet(46)) - raft.server.log.corruption.policy = EXCEPTION (default)
2024-01-26 13:21:18,797 [cb54f49b-2271-401a-a078-0b164c9907dd-groupManagement] INFO  server.RaftServerConfigKeys (ConfUtils.java:logGet(46)) - raft.server.storage.dir = [/home/runner/work/ozone/ozone/hadoop-ozone/integration-test/target/test-dir/MiniOzoneClusterImpl-953fd8c5-ac00-44c9-baab-0887e32ba883/datanode-1/data/ratis] (custom)
2024-01-26 13:21:18,798 [cb54f49b-2271-401a-a078-0b164c9907dd-groupManagement] INFO  storage.RaftStorageDirectory (RaftStorageDirectoryImpl.java:analyzeStorage(138)) - The storage directory /home/runner/work/ozone/ozone/hadoop-ozone/integration-test/target/test-dir/MiniOzoneClusterImpl-953fd8c5-ac00-44c9-baab-0887e32ba883/datanode-1/data/ratis/c671ec4f-e169-43d4-b773-caa3f149b9fb does not exist. Creating ...
2024-01-26 13:21:18,798 [cb54f49b-2271-401a-a078-0b164c9907dd-groupManagement] INFO  storage.RaftStorageDirectory (RaftStorageDirectoryImpl.java:tryLock(228)) - Lock on /home/runner/work/ozone/ozone/hadoop-ozone/integration-test/target/test-dir/MiniOzoneClusterImpl-953fd8c5-ac00-44c9-baab-0887e32ba883/datanode-1/data/ratis/c671ec4f-e169-43d4-b773-caa3f149b9fb/in_use.lock acquired by nodename 73218@fv-az983-443
2024-01-26 13:21:18,800 [cb54f49b-2271-401a-a078-0b164c9907dd-groupManagement] INFO  storage.RaftStorage (RaftStorageImpl.java:format(99)) - Storage directory /home/runner/work/ozone/ozone/hadoop-ozone/integration-test/target/test-dir/MiniOzoneClusterImpl-953fd8c5-ac00-44c9-baab-0887e32ba883/datanode-1/data/ratis/c671ec4f-e169-43d4-b773-caa3f149b9fb has been successfully formatted.
2024-01-26 13:21:18,800 [cb54f49b-2271-401a-a078-0b164c9907dd-groupManagement] WARN  util.FileUtils (LogUtils.java:supplyAndLog(63)) - Failed to Files.newInputStream /home/runner/work/ozone/ozone/hadoop-ozone/integration-test/target/test-dir/MiniOzoneClusterImpl-953fd8c5-ac00-44c9-baab-0887e32ba883/datanode-1/data/ratis/c671ec4f-e169-43d4-b773-caa3f149b9fb/current/raft-meta.conf with options []: java.nio.file.NoSuchFileException: /home/runner/work/ozone/ozone/hadoop-ozone/integration-test/target/test-dir/MiniOzoneClusterImpl-953fd8c5-ac00-44c9-baab-0887e32ba883/datanode-1/data/ratis/c671ec4f-e169-43d4-b773-caa3f149b9fb/current/raft-meta.conf
2024-01-26 13:21:18,800 [cb54f49b-2271-401a-a078-0b164c9907dd-groupManagement] INFO  ratis.ContainerStateMachine (ContainerStateMachine.java:loadSnapshot(287)) - group-CAA3F149B9FB: The snapshot info is null. Setting the last applied index to:(t:0, i:~)
2024-01-26 13:21:18,800 [cb54f49b-2271-401a-a078-0b164c9907dd-groupManagement] INFO  server.RaftServerConfigKeys (ConfUtils.java:logGet(46)) - raft.server.log.use.memory = false (default)
2024-01-26 13:21:18,800 [cb54f49b-2271-401a-a078-0b164c9907dd-groupManagement] INFO  server.RaftServerConfigKeys (ConfUtils.java:logGet(46)) - raft.server.log.purge.gap = 1000000 (custom)
2024-01-26 13:21:18,800 [cb54f49b-2271-401a-a078-0b164c9907dd-groupManagement] INFO  server.RaftServerConfigKeys (ConfUtils.java:logGet(46)) - raft.server.log.appender.buffer.byte-limit = 8388608 (custom)
2024-01-26 13:21:18,800 [cb54f49b-2271-401a-a078-0b164c9907dd-groupManagement] INFO  server.RaftServerConfigKeys (ConfUtils.java:logGet(46)) - raft.server.log.statemachine.data.read.timeout = 1000ms (default)
2024-01-26 13:21:18,800 [cb54f49b-2271-401a-a078-0b164c9907dd-groupManagement] INFO  server.RaftServerConfigKeys (ConfUtils.java:logGet(46)) - raft.server.log.purge.preservation.log.num = 0 (default)
2024-01-26 13:21:18,801 [EventQueue-PipelineReportForPipelineReportHandler] INFO  pipeline.PipelineReportHandler (PipelineReportHandler.java:processPipelineReport(136)) - Opened pipeline PipelineID=c671ec4f-e169-43d4-b773-caa3f149b9fb
2024-01-26 13:21:18,801 [EventQueue-OpenPipelineForHealthyPipelineSafeModeRule] INFO  safemode.SCMSafeModeManager (HealthyPipelineSafeModeRule.java:process(140)) - SCM in safe mode. Healthy pipelines reported count is 0, required healthy pipeline reported count is 1
2024-01-26 13:21:18,802 [cb54f49b-2271-401a-a078-0b164c9907dd-groupManagement] INFO  server.RaftServerConfigKeys (ConfUtils.java:logGet(46)) - raft.server.log.segment.size.max = 67108864 (custom)
2024-01-26 13:21:18,802 [cb54f49b-2271-401a-a078-0b164c9907dd-groupManagement] INFO  server.RaftServerConfigKeys (ConfUtils.java:logGet(46)) - raft.server.log.segment.cache.num.max = 2 (custom)
2024-01-26 13:21:18,802 [cb54f49b-2271-401a-a078-0b164c9907dd-groupManagement] INFO  server.RaftServerConfigKeys (ConfUtils.java:logGet(46)) - raft.server.log.segment.cache.size.max = 200MB (=209715200) (default)
2024-01-26 13:21:18,802 [cb54f49b-2271-401a-a078-0b164c9907dd-groupManagement] INFO  server.RaftServerConfigKeys (ConfUtils.java:logGet(46)) - raft.server.log.appender.buffer.byte-limit = 8388608 (custom)
2024-01-26 13:21:18,802 [cb54f49b-2271-401a-a078-0b164c9907dd-groupManagement] INFO  util.AwaitToRun (AwaitToRun.java:start(81)) - Thread[cb54f49b-2271-401a-a078-0b164c9907dd@group-CAA3F149B9FB-cacheEviction-AwaitToRun,5,main] started
2024-01-26 13:21:18,802 [cb54f49b-2271-401a-a078-0b164c9907dd-groupManagement] INFO  segmented.SegmentedRaftLogWorker (SegmentedRaftLogWorker.java:<init>(182)) - new cb54f49b-2271-401a-a078-0b164c9907dd@group-CAA3F149B9FB-SegmentedRaftLogWorker for RaftStorageImpl:Storage Directory /home/runner/work/ozone/ozone/hadoop-ozone/integration-test/target/test-dir/MiniOzoneClusterImpl-953fd8c5-ac00-44c9-baab-0887e32ba883/datanode-1/data/ratis/c671ec4f-e169-43d4-b773-caa3f149b9fb
2024-01-26 13:21:18,802 [cb54f49b-2271-401a-a078-0b164c9907dd-groupManagement] INFO  server.RaftServerConfigKeys (ConfUtils.java:logGet(46)) - raft.server.log.queue.byte-limit = 4294967296 (custom)
2024-01-26 13:21:18,802 [cb54f49b-2271-401a-a078-0b164c9907dd-groupManagement] INFO  server.RaftServerConfigKeys (ConfUtils.java:logGet(46)) - raft.server.log.queue.element-limit = 1024 (custom)
2024-01-26 13:21:18,802 [cb54f49b-2271-401a-a078-0b164c9907dd-groupManagement] INFO  server.RaftServerConfigKeys (ConfUtils.java:logGet(46)) - raft.server.log.segment.size.max = 67108864 (custom)
2024-01-26 13:21:18,803 [cb54f49b-2271-401a-a078-0b164c9907dd-groupManagement] INFO  server.RaftServerConfigKeys (ConfUtils.java:logGet(46)) - raft.server.log.preallocated.size = 4194304 (custom)
2024-01-26 13:21:18,803 [cb54f49b-2271-401a-a078-0b164c9907dd-groupManagement] INFO  server.RaftServerConfigKeys (ConfUtils.java:logGet(46)) - raft.server.log.force.sync.num = 128 (default)
2024-01-26 13:21:18,803 [cb54f49b-2271-401a-a078-0b164c9907dd-groupManagement] INFO  server.RaftServerConfigKeys (ConfUtils.java:logGet(46)) - raft.server.log.statemachine.data.sync = true (default)
2024-01-26 13:21:18,803 [cb54f49b-2271-401a-a078-0b164c9907dd-groupManagement] INFO  server.RaftServerConfigKeys (ConfUtils.java:logGet(46)) - raft.server.log.statemachine.data.sync.timeout = 10s (default)
2024-01-26 13:21:18,803 [cb54f49b-2271-401a-a078-0b164c9907dd-groupManagement] INFO  server.RaftServerConfigKeys (ConfUtils.java:logGet(46)) - raft.server.log.statemachine.data.sync.timeout.retry = 0 (custom)
2024-01-26 13:21:18,803 [cb54f49b-2271-401a-a078-0b164c9907dd-groupManagement] INFO  server.RaftServerConfigKeys (ConfUtils.java:logGet(46)) - raft.server.log.write.buffer.size = 8388616 (custom)
2024-01-26 13:21:18,804 [cb54f49b-2271-401a-a078-0b164c9907dd-groupManagement] INFO  server.RaftServerConfigKeys (ConfUtils.java:logGet(46)) - raft.server.log.appender.buffer.byte-limit = 8388608 (custom)
2024-01-26 13:21:18,805 [cb54f49b-2271-401a-a078-0b164c9907dd-groupManagement] INFO  server.RaftServerConfigKeys (ConfUtils.java:logGet(46)) - raft.server.log.unsafe-flush.enabled = false (default)
2024-01-26 13:21:18,805 [cb54f49b-2271-401a-a078-0b164c9907dd-groupManagement] INFO  server.RaftServerConfigKeys (ConfUtils.java:logGet(46)) - raft.server.log.async-flush.enabled = false (default)
2024-01-26 13:21:18,805 [cb54f49b-2271-401a-a078-0b164c9907dd-groupManagement] INFO  server.RaftServerConfigKeys (ConfUtils.java:logGet(46)) - raft.server.log.statemachine.data.caching.enabled = true (custom)
2024-01-26 13:21:18,805 [cb54f49b-2271-401a-a078-0b164c9907dd-groupManagement] INFO  segmented.SegmentedRaftLogWorker (SegmentedRaftLogWorker.java:lambda$new$0(134)) - cb54f49b-2271-401a-a078-0b164c9907dd@group-CAA3F149B9FB-SegmentedRaftLogWorker: flushIndex: setUnconditionally 0 -> -1
2024-01-26 13:21:18,805 [cb54f49b-2271-401a-a078-0b164c9907dd-groupManagement] INFO  segmented.SegmentedRaftLogWorker (SegmentedRaftLogWorker.java:lambda$new$0(134)) - cb54f49b-2271-401a-a078-0b164c9907dd@group-CAA3F149B9FB-SegmentedRaftLogWorker: safeCacheEvictIndex: setUnconditionally 0 -> -1
2024-01-26 13:21:18,805 [cb54f49b-2271-401a-a078-0b164c9907dd-groupManagement] INFO  server.RaftServer$Division (RaftServerImpl.java:start(396)) - cb54f49b-2271-401a-a078-0b164c9907dd@group-CAA3F149B9FB: start as a follower, conf=-1: peers:[cb54f49b-2271-401a-a078-0b164c9907dd|10.1.0.20:15290]|listeners:[], old=null
2024-01-26 13:21:18,805 [cb54f49b-2271-401a-a078-0b164c9907dd-groupManagement] INFO  server.RaftServer$Division (RaftServerImpl.java:setRole(383)) - cb54f49b-2271-401a-a078-0b164c9907dd@group-CAA3F149B9FB: changes role from      null to FOLLOWER at term 0 for startAsFollower
2024-01-26 13:21:18,805 [cb54f49b-2271-401a-a078-0b164c9907dd-groupManagement] INFO  impl.RoleInfo (RoleInfo.java:updateAndGet(139)) - cb54f49b-2271-401a-a078-0b164c9907dd: start cb54f49b-2271-401a-a078-0b164c9907dd@group-CAA3F149B9FB-FollowerState
2024-01-26 13:21:18,805 [cb54f49b-2271-401a-a078-0b164c9907dd@group-CAA3F149B9FB-FollowerState] INFO  server.RaftServerConfigKeys (ConfUtils.java:logFallback(53)) - raft.server.rpc.first-election.timeout.min = 5s (fallback to raft.server.rpc.timeout.min)
2024-01-26 13:21:18,805 [cb54f49b-2271-401a-a078-0b164c9907dd@group-CAA3F149B9FB-FollowerState] INFO  server.RaftServerConfigKeys (ConfUtils.java:logFallback(53)) - raft.server.rpc.first-election.timeout.max = 5200ms (fallback to raft.server.rpc.timeout.max)
2024-01-26 13:21:18,805 [cb54f49b-2271-401a-a078-0b164c9907dd-groupManagement] INFO  util.JmxRegister (JmxRegister.java:tryRegister(44)) - Successfully registered JMX Bean with object name Ratis:service=RaftServer,group=group-CAA3F149B9FB,id=cb54f49b-2271-401a-a078-0b164c9907dd
2024-01-26 13:21:18,806 [cb54f49b-2271-401a-a078-0b164c9907dd-groupManagement] INFO  server.RaftServerConfigKeys (ConfUtils.java:logGet(46)) - raft.server.snapshot.trigger-when-stop.enabled = true (default)
2024-01-26 13:21:18,806 [cb54f49b-2271-401a-a078-0b164c9907dd-groupManagement] INFO  server.RaftServerConfigKeys (ConfUtils.java:logGet(46)) - raft.server.snapshot.auto.trigger.enabled = true (custom)
2024-01-26 13:21:18,806 [cb54f49b-2271-401a-a078-0b164c9907dd-groupManagement] INFO  server.RaftServerConfigKeys (ConfUtils.java:logGet(46)) - raft.server.snapshot.auto.trigger.threshold = 10000 (custom)
2024-01-26 13:21:18,806 [cb54f49b-2271-401a-a078-0b164c9907dd-groupManagement] INFO  server.RaftServerConfigKeys (ConfUtils.java:logGet(46)) - raft.server.snapshot.retention.file.num = 5 (custom)
2024-01-26 13:21:18,806 [cb54f49b-2271-401a-a078-0b164c9907dd-groupManagement] INFO  server.RaftServerConfigKeys (ConfUtils.java:logGet(46)) - raft.server.log.purge.upto.snapshot.index = false (default)
2024-01-26 13:21:18,806 [cb54f49b-2271-401a-a078-0b164c9907dd-PipelineCommandHandlerThread-0] INFO  ratis.XceiverServerRatis (XceiverServerRatis.java:addGroup(842)) - Created group PipelineID=c671ec4f-e169-43d4-b773-caa3f149b9fb
2024-01-26 13:21:18,806 [cb54f49b-2271-401a-a078-0b164c9907dd-PipelineCommandHandlerThread-0] INFO  commandhandler.CreatePipelineCommandHandler (CreatePipelineCommandHandler.java:lambda$handle$2(124)) - Created Pipeline RATIS ONE PipelineID=c671ec4f-e169-43d4-b773-caa3f149b9fb.
2024-01-26 13:21:18,893 [a1acbc51-0491-4521-9956-72ea0a3fcfae-PipelineCommandHandlerThread-0] INFO  server.RaftServer (RaftServerProxy.java:addNew(100)) - a1acbc51-0491-4521-9956-72ea0a3fcfae: addNew group-47DBA195F5C4:[a1acbc51-0491-4521-9956-72ea0a3fcfae|10.1.0.20:15299] returns group-47DBA195F5C4:java.util.concurrent.CompletableFuture@2c441148[Not completed]
2024-01-26 13:21:18,893 [a1acbc51-0491-4521-9956-72ea0a3fcfae-groupManagement] INFO  server.RaftServer$Division (RaftServerImpl.java:<init>(256)) - a1acbc51-0491-4521-9956-72ea0a3fcfae: new RaftServerImpl for group-47DBA195F5C4:[a1acbc51-0491-4521-9956-72ea0a3fcfae|10.1.0.20:15299] with ContainerStateMachine:uninitialized
2024-01-26 13:21:18,893 [a1acbc51-0491-4521-9956-72ea0a3fcfae-groupManagement] INFO  server.RaftServerConfigKeys (ConfUtils.java:logGet(46)) - raft.server.rpc.timeout.min = 5s (custom)
2024-01-26 13:21:18,893 [a1acbc51-0491-4521-9956-72ea0a3fcfae-groupManagement] INFO  server.RaftServerConfigKeys (ConfUtils.java:logGet(46)) - raft.server.rpc.timeout.max = 5200ms (custom)
2024-01-26 13:21:18,894 [a1acbc51-0491-4521-9956-72ea0a3fcfae-groupManagement] INFO  server.RaftServerConfigKeys (ConfUtils.java:logGet(46)) - raft.server.rpc.sleep.time = 25ms (default)
2024-01-26 13:21:18,894 [a1acbc51-0491-4521-9956-72ea0a3fcfae-groupManagement] INFO  server.RaftServerConfigKeys (ConfUtils.java:logGet(46)) - raft.server.rpc.slowness.timeout = 300000ms (custom)
2024-01-26 13:21:18,894 [a1acbc51-0491-4521-9956-72ea0a3fcfae-groupManagement] INFO  server.RaftServerConfigKeys (ConfUtils.java:logGet(46)) - raft.server.leaderelection.leader.step-down.wait-time = 10s (default)
2024-01-26 13:21:18,894 [a1acbc51-0491-4521-9956-72ea0a3fcfae-groupManagement] INFO  server.RaftServerConfigKeys (ConfUtils.java:logGet(46)) - raft.server.leaderelection.member.majority-add = false (default)
2024-01-26 13:21:18,894 [a1acbc51-0491-4521-9956-72ea0a3fcfae-groupManagement] INFO  server.RaftServerConfigKeys (ConfUtils.java:logGet(46)) - raft.server.sleep.deviation.threshold = 300ms (default)
2024-01-26 13:21:18,894 [a1acbc51-0491-4521-9956-72ea0a3fcfae-groupManagement] INFO  server.RaftServer$Division (ServerState.java:<init>(113)) - a1acbc51-0491-4521-9956-72ea0a3fcfae@group-47DBA195F5C4: ConfigurationManager, init=-1: peers:[a1acbc51-0491-4521-9956-72ea0a3fcfae|10.1.0.20:15299]|listeners:[], old=null, confs=<EMPTY_MAP>
2024-01-26 13:21:18,894 [a1acbc51-0491-4521-9956-72ea0a3fcfae-groupManagement] INFO  server.RaftServerConfigKeys (ConfUtils.java:logGet(46)) - raft.server.notification.no-leader.timeout = 300000ms (custom)
2024-01-26 13:21:18,894 [a1acbc51-0491-4521-9956-72ea0a3fcfae-groupManagement] INFO  server.RaftServerConfigKeys (ConfUtils.java:logGet(46)) - raft.server.read.timeout = 10s (default)
2024-01-26 13:21:18,894 [a1acbc51-0491-4521-9956-72ea0a3fcfae-groupManagement] INFO  server.RaftServerConfigKeys (ConfUtils.java:logGet(46)) - raft.server.retrycache.expirytime = 600000ms (custom)
2024-01-26 13:21:18,894 [a1acbc51-0491-4521-9956-72ea0a3fcfae-groupManagement] INFO  server.RaftServerConfigKeys (ConfUtils.java:logGet(46)) - raft.server.retrycache.statistics.expirytime = 100ms (default)
2024-01-26 13:21:18,894 [a1acbc51-0491-4521-9956-72ea0a3fcfae-groupManagement] INFO  server.RaftServerConfigKeys (ConfUtils.java:logGet(46)) - raft.server.read.option = DEFAULT (default)
2024-01-26 13:21:18,894 [a1acbc51-0491-4521-9956-72ea0a3fcfae-groupManagement] INFO  server.RaftServerConfigKeys (ConfUtils.java:logGet(46)) - raft.server.read.read-after-write-consistent.write-index-cache.expiry-time = 60s (default)
2024-01-26 13:21:18,896 [a1acbc51-0491-4521-9956-72ea0a3fcfae-groupManagement] INFO  server.RaftServerConfigKeys (ConfUtils.java:logGet(46)) - raft.server.rpc.request.timeout = 3000ms (default)
2024-01-26 13:21:18,896 [a1acbc51-0491-4521-9956-72ea0a3fcfae-groupManagement] INFO  server.RaftServerConfigKeys (ConfUtils.java:logGet(46)) - raft.server.log.appender.install.snapshot.enabled = false (custom)
2024-01-26 13:21:18,896 [a1acbc51-0491-4521-9956-72ea0a3fcfae-groupManagement] INFO  server.RaftServerConfigKeys (ConfUtils.java:logGet(46)) - raft.server.threadpool.server.cached = true (default)
2024-01-26 13:21:18,896 [a1acbc51-0491-4521-9956-72ea0a3fcfae-groupManagement] INFO  server.RaftServerConfigKeys (ConfUtils.java:logGet(46)) - raft.server.threadpool.server.size = 0 (default)
2024-01-26 13:21:18,896 [a1acbc51-0491-4521-9956-72ea0a3fcfae-groupManagement] INFO  server.RaftServerConfigKeys (ConfUtils.java:logGet(46)) - raft.server.threadpool.client.cached = true (default)
2024-01-26 13:21:18,896 [a1acbc51-0491-4521-9956-72ea0a3fcfae-groupManagement] INFO  server.RaftServerConfigKeys (ConfUtils.java:logGet(46)) - raft.server.threadpool.client.size = 0 (default)
2024-01-26 13:21:18,896 [a1acbc51-0491-4521-9956-72ea0a3fcfae-groupManagement] INFO  server.RaftServerConfigKeys (ConfUtils.java:logGet(46)) - raft.server.storage.free-space.min = 0MB (=0) (default)
2024-01-26 13:21:18,896 [a1acbc51-0491-4521-9956-72ea0a3fcfae-groupManagement] INFO  server.RaftServerConfigKeys (ConfUtils.java:logGet(46)) - raft.server.log.corruption.policy = EXCEPTION (default)
2024-01-26 13:21:18,896 [a1acbc51-0491-4521-9956-72ea0a3fcfae-groupManagement] INFO  server.RaftServerConfigKeys (ConfUtils.java:logGet(46)) - raft.server.storage.dir = [/home/runner/work/ozone/ozone/hadoop-ozone/integration-test/target/test-dir/MiniOzoneClusterImpl-953fd8c5-ac00-44c9-baab-0887e32ba883/datanode-2/data/ratis] (custom)
2024-01-26 13:21:18,896 [a1acbc51-0491-4521-9956-72ea0a3fcfae-groupManagement] INFO  storage.RaftStorageDirectory (RaftStorageDirectoryImpl.java:analyzeStorage(138)) - The storage directory /home/runner/work/ozone/ozone/hadoop-ozone/integration-test/target/test-dir/MiniOzoneClusterImpl-953fd8c5-ac00-44c9-baab-0887e32ba883/datanode-2/data/ratis/27e214a6-bcc1-4b24-a611-47dba195f5c4 does not exist. Creating ...
2024-01-26 13:21:18,897 [a1acbc51-0491-4521-9956-72ea0a3fcfae-groupManagement] INFO  storage.RaftStorageDirectory (RaftStorageDirectoryImpl.java:tryLock(228)) - Lock on /home/runner/work/ozone/ozone/hadoop-ozone/integration-test/target/test-dir/MiniOzoneClusterImpl-953fd8c5-ac00-44c9-baab-0887e32ba883/datanode-2/data/ratis/27e214a6-bcc1-4b24-a611-47dba195f5c4/in_use.lock acquired by nodename 73218@fv-az983-443
2024-01-26 13:21:18,898 [a1acbc51-0491-4521-9956-72ea0a3fcfae-groupManagement] INFO  storage.RaftStorage (RaftStorageImpl.java:format(99)) - Storage directory /home/runner/work/ozone/ozone/hadoop-ozone/integration-test/target/test-dir/MiniOzoneClusterImpl-953fd8c5-ac00-44c9-baab-0887e32ba883/datanode-2/data/ratis/27e214a6-bcc1-4b24-a611-47dba195f5c4 has been successfully formatted.
2024-01-26 13:21:18,898 [a1acbc51-0491-4521-9956-72ea0a3fcfae-groupManagement] WARN  util.FileUtils (LogUtils.java:supplyAndLog(63)) - Failed to Files.newInputStream /home/runner/work/ozone/ozone/hadoop-ozone/integration-test/target/test-dir/MiniOzoneClusterImpl-953fd8c5-ac00-44c9-baab-0887e32ba883/datanode-2/data/ratis/27e214a6-bcc1-4b24-a611-47dba195f5c4/current/raft-meta.conf with options []: java.nio.file.NoSuchFileException: /home/runner/work/ozone/ozone/hadoop-ozone/integration-test/target/test-dir/MiniOzoneClusterImpl-953fd8c5-ac00-44c9-baab-0887e32ba883/datanode-2/data/ratis/27e214a6-bcc1-4b24-a611-47dba195f5c4/current/raft-meta.conf
2024-01-26 13:21:18,899 [a1acbc51-0491-4521-9956-72ea0a3fcfae-groupManagement] INFO  ratis.ContainerStateMachine (ContainerStateMachine.java:loadSnapshot(287)) - group-47DBA195F5C4: The snapshot info is null. Setting the last applied index to:(t:0, i:~)
2024-01-26 13:21:18,899 [a1acbc51-0491-4521-9956-72ea0a3fcfae-groupManagement] INFO  server.RaftServerConfigKeys (ConfUtils.java:logGet(46)) - raft.server.log.use.memory = false (default)
2024-01-26 13:21:18,899 [a1acbc51-0491-4521-9956-72ea0a3fcfae-groupManagement] INFO  server.RaftServerConfigKeys (ConfUtils.java:logGet(46)) - raft.server.log.purge.gap = 1000000 (custom)
2024-01-26 13:21:18,899 [a1acbc51-0491-4521-9956-72ea0a3fcfae-groupManagement] INFO  server.RaftServerConfigKeys (ConfUtils.java:logGet(46)) - raft.server.log.appender.buffer.byte-limit = 8388608 (custom)
2024-01-26 13:21:18,899 [a1acbc51-0491-4521-9956-72ea0a3fcfae-groupManagement] INFO  server.RaftServerConfigKeys (ConfUtils.java:logGet(46)) - raft.server.log.statemachine.data.read.timeout = 1000ms (default)
2024-01-26 13:21:18,899 [a1acbc51-0491-4521-9956-72ea0a3fcfae-groupManagement] INFO  server.RaftServerConfigKeys (ConfUtils.java:logGet(46)) - raft.server.log.purge.preservation.log.num = 0 (default)
2024-01-26 13:21:18,900 [EventQueue-PipelineReportForPipelineReportHandler] INFO  pipeline.PipelineReportHandler (PipelineReportHandler.java:processPipelineReport(136)) - Opened pipeline PipelineID=27e214a6-bcc1-4b24-a611-47dba195f5c4
2024-01-26 13:21:18,900 [EventQueue-OpenPipelineForHealthyPipelineSafeModeRule] INFO  safemode.SCMSafeModeManager (HealthyPipelineSafeModeRule.java:process(140)) - SCM in safe mode. Healthy pipelines reported count is 0, required healthy pipeline reported count is 1
2024-01-26 13:21:18,900 [a1acbc51-0491-4521-9956-72ea0a3fcfae-groupManagement] INFO  server.RaftServerConfigKeys (ConfUtils.java:logGet(46)) - raft.server.log.segment.size.max = 67108864 (custom)
2024-01-26 13:21:18,900 [a1acbc51-0491-4521-9956-72ea0a3fcfae-groupManagement] INFO  server.RaftServerConfigKeys (ConfUtils.java:logGet(46)) - raft.server.log.segment.cache.num.max = 2 (custom)
2024-01-26 13:21:18,900 [a1acbc51-0491-4521-9956-72ea0a3fcfae-groupManagement] INFO  server.RaftServerConfigKeys (ConfUtils.java:logGet(46)) - raft.server.log.segment.cache.size.max = 200MB (=209715200) (default)
2024-01-26 13:21:18,901 [a1acbc51-0491-4521-9956-72ea0a3fcfae-groupManagement] INFO  server.RaftServerConfigKeys (ConfUtils.java:logGet(46)) - raft.server.log.appender.buffer.byte-limit = 8388608 (custom)
2024-01-26 13:21:18,901 [a1acbc51-0491-4521-9956-72ea0a3fcfae-groupManagement] INFO  util.AwaitToRun (AwaitToRun.java:start(81)) - Thread[a1acbc51-0491-4521-9956-72ea0a3fcfae@group-47DBA195F5C4-cacheEviction-AwaitToRun,5,main] started
2024-01-26 13:21:18,901 [a1acbc51-0491-4521-9956-72ea0a3fcfae-groupManagement] INFO  segmented.SegmentedRaftLogWorker (SegmentedRaftLogWorker.java:<init>(182)) - new a1acbc51-0491-4521-9956-72ea0a3fcfae@group-47DBA195F5C4-SegmentedRaftLogWorker for RaftStorageImpl:Storage Directory /home/runner/work/ozone/ozone/hadoop-ozone/integration-test/target/test-dir/MiniOzoneClusterImpl-953fd8c5-ac00-44c9-baab-0887e32ba883/datanode-2/data/ratis/27e214a6-bcc1-4b24-a611-47dba195f5c4
2024-01-26 13:21:18,901 [a1acbc51-0491-4521-9956-72ea0a3fcfae-groupManagement] INFO  server.RaftServerConfigKeys (ConfUtils.java:logGet(46)) - raft.server.log.queue.byte-limit = 4294967296 (custom)
2024-01-26 13:21:18,901 [a1acbc51-0491-4521-9956-72ea0a3fcfae-groupManagement] INFO  server.RaftServerConfigKeys (ConfUtils.java:logGet(46)) - raft.server.log.queue.element-limit = 1024 (custom)
2024-01-26 13:21:18,901 [a1acbc51-0491-4521-9956-72ea0a3fcfae-groupManagement] INFO  server.RaftServerConfigKeys (ConfUtils.java:logGet(46)) - raft.server.log.segment.size.max = 67108864 (custom)
2024-01-26 13:21:18,901 [a1acbc51-0491-4521-9956-72ea0a3fcfae-groupManagement] INFO  server.RaftServerConfigKeys (ConfUtils.java:logGet(46)) - raft.server.log.preallocated.size = 4194304 (custom)
2024-01-26 13:21:18,901 [a1acbc51-0491-4521-9956-72ea0a3fcfae-groupManagement] INFO  server.RaftServerConfigKeys (ConfUtils.java:logGet(46)) - raft.server.log.force.sync.num = 128 (default)
2024-01-26 13:21:18,901 [a1acbc51-0491-4521-9956-72ea0a3fcfae-groupManagement] INFO  server.RaftServerConfigKeys (ConfUtils.java:logGet(46)) - raft.server.log.statemachine.data.sync = true (default)
2024-01-26 13:21:18,901 [a1acbc51-0491-4521-9956-72ea0a3fcfae-groupManagement] INFO  server.RaftServerConfigKeys (ConfUtils.java:logGet(46)) - raft.server.log.statemachine.data.sync.timeout = 10s (default)
2024-01-26 13:21:18,901 [a1acbc51-0491-4521-9956-72ea0a3fcfae-groupManagement] INFO  server.RaftServerConfigKeys (ConfUtils.java:logGet(46)) - raft.server.log.statemachine.data.sync.timeout.retry = 0 (custom)
2024-01-26 13:21:18,902 [a1acbc51-0491-4521-9956-72ea0a3fcfae-groupManagement] INFO  server.RaftServerConfigKeys (ConfUtils.java:logGet(46)) - raft.server.log.write.buffer.size = 8388616 (custom)
2024-01-26 13:21:18,903 [a1acbc51-0491-4521-9956-72ea0a3fcfae-groupManagement] INFO  server.RaftServerConfigKeys (ConfUtils.java:logGet(46)) - raft.server.log.appender.buffer.byte-limit = 8388608 (custom)
2024-01-26 13:21:18,903 [a1acbc51-0491-4521-9956-72ea0a3fcfae-groupManagement] INFO  server.RaftServerConfigKeys (ConfUtils.java:logGet(46)) - raft.server.log.unsafe-flush.enabled = false (default)
2024-01-26 13:21:18,903 [a1acbc51-0491-4521-9956-72ea0a3fcfae-groupManagement] INFO  server.RaftServerConfigKeys (ConfUtils.java:logGet(46)) - raft.server.log.async-flush.enabled = false (default)
2024-01-26 13:21:18,903 [a1acbc51-0491-4521-9956-72ea0a3fcfae-groupManagement] INFO  server.RaftServerConfigKeys (ConfUtils.java:logGet(46)) - raft.server.log.statemachine.data.caching.enabled = true (custom)
2024-01-26 13:21:18,904 [a1acbc51-0491-4521-9956-72ea0a3fcfae-groupManagement] INFO  segmented.SegmentedRaftLogWorker (SegmentedRaftLogWorker.java:lambda$new$0(134)) - a1acbc51-0491-4521-9956-72ea0a3fcfae@group-47DBA195F5C4-SegmentedRaftLogWorker: flushIndex: setUnconditionally 0 -> -1
2024-01-26 13:21:18,904 [a1acbc51-0491-4521-9956-72ea0a3fcfae-groupManagement] INFO  segmented.SegmentedRaftLogWorker (SegmentedRaftLogWorker.java:lambda$new$0(134)) - a1acbc51-0491-4521-9956-72ea0a3fcfae@group-47DBA195F5C4-SegmentedRaftLogWorker: safeCacheEvictIndex: setUnconditionally 0 -> -1
2024-01-26 13:21:18,904 [a1acbc51-0491-4521-9956-72ea0a3fcfae-groupManagement] INFO  server.RaftServer$Division (RaftServerImpl.java:start(396)) - a1acbc51-0491-4521-9956-72ea0a3fcfae@group-47DBA195F5C4: start as a follower, conf=-1: peers:[a1acbc51-0491-4521-9956-72ea0a3fcfae|10.1.0.20:15299]|listeners:[], old=null
2024-01-26 13:21:18,904 [a1acbc51-0491-4521-9956-72ea0a3fcfae-groupManagement] INFO  server.RaftServer$Division (RaftServerImpl.java:setRole(383)) - a1acbc51-0491-4521-9956-72ea0a3fcfae@group-47DBA195F5C4: changes role from      null to FOLLOWER at term 0 for startAsFollower
2024-01-26 13:21:18,904 [a1acbc51-0491-4521-9956-72ea0a3fcfae-groupManagement] INFO  impl.RoleInfo (RoleInfo.java:updateAndGet(139)) - a1acbc51-0491-4521-9956-72ea0a3fcfae: start a1acbc51-0491-4521-9956-72ea0a3fcfae@group-47DBA195F5C4-FollowerState
2024-01-26 13:21:18,904 [a1acbc51-0491-4521-9956-72ea0a3fcfae-groupManagement] INFO  util.JmxRegister (JmxRegister.java:tryRegister(44)) - Successfully registered JMX Bean with object name Ratis:service=RaftServer,group=group-47DBA195F5C4,id=a1acbc51-0491-4521-9956-72ea0a3fcfae
2024-01-26 13:21:18,904 [a1acbc51-0491-4521-9956-72ea0a3fcfae@group-47DBA195F5C4-FollowerState] INFO  server.RaftServerConfigKeys (ConfUtils.java:logFallback(53)) - raft.server.rpc.first-election.timeout.min = 5s (fallback to raft.server.rpc.timeout.min)
2024-01-26 13:21:18,904 [a1acbc51-0491-4521-9956-72ea0a3fcfae-groupManagement] INFO  server.RaftServerConfigKeys (ConfUtils.java:logGet(46)) - raft.server.snapshot.trigger-when-stop.enabled = true (default)
2024-01-26 13:21:18,904 [a1acbc51-0491-4521-9956-72ea0a3fcfae@group-47DBA195F5C4-FollowerState] INFO  server.RaftServerConfigKeys (ConfUtils.java:logFallback(53)) - raft.server.rpc.first-election.timeout.max = 5200ms (fallback to raft.server.rpc.timeout.max)
2024-01-26 13:21:18,904 [a1acbc51-0491-4521-9956-72ea0a3fcfae-groupManagement] INFO  server.RaftServerConfigKeys (ConfUtils.java:logGet(46)) - raft.server.snapshot.auto.trigger.enabled = true (custom)
2024-01-26 13:21:18,905 [a1acbc51-0491-4521-9956-72ea0a3fcfae-groupManagement] INFO  server.RaftServerConfigKeys (ConfUtils.java:logGet(46)) - raft.server.snapshot.auto.trigger.threshold = 10000 (custom)
2024-01-26 13:21:18,905 [a1acbc51-0491-4521-9956-72ea0a3fcfae-groupManagement] INFO  server.RaftServerConfigKeys (ConfUtils.java:logGet(46)) - raft.server.snapshot.retention.file.num = 5 (custom)
2024-01-26 13:21:18,905 [a1acbc51-0491-4521-9956-72ea0a3fcfae-groupManagement] INFO  server.RaftServerConfigKeys (ConfUtils.java:logGet(46)) - raft.server.log.purge.upto.snapshot.index = false (default)
2024-01-26 13:21:18,905 [a1acbc51-0491-4521-9956-72ea0a3fcfae-PipelineCommandHandlerThread-0] INFO  ratis.XceiverServerRatis (XceiverServerRatis.java:addGroup(842)) - Created group PipelineID=27e214a6-bcc1-4b24-a611-47dba195f5c4
2024-01-26 13:21:18,905 [a1acbc51-0491-4521-9956-72ea0a3fcfae-PipelineCommandHandlerThread-0] INFO  commandhandler.CreatePipelineCommandHandler (CreatePipelineCommandHandler.java:lambda$handle$2(124)) - Created Pipeline RATIS ONE PipelineID=27e214a6-bcc1-4b24-a611-47dba195f5c4.
2024-01-26 13:21:18,995 [061c5e1a-1095-4fef-ae35-bb2f1955fa47-PipelineCommandHandlerThread-0] INFO  server.RaftServer (RaftServerProxy.java:addNew(100)) - 061c5e1a-1095-4fef-ae35-bb2f1955fa47: addNew group-1A2F75127EFB:[061c5e1a-1095-4fef-ae35-bb2f1955fa47|10.1.0.20:15308] returns group-1A2F75127EFB:java.util.concurrent.CompletableFuture@69ade28c[Not completed]
2024-01-26 13:21:18,996 [061c5e1a-1095-4fef-ae35-bb2f1955fa47-groupManagement] INFO  server.RaftServer$Division (RaftServerImpl.java:<init>(256)) - 061c5e1a-1095-4fef-ae35-bb2f1955fa47: new RaftServerImpl for group-1A2F75127EFB:[061c5e1a-1095-4fef-ae35-bb2f1955fa47|10.1.0.20:15308] with ContainerStateMachine:uninitialized
2024-01-26 13:21:18,996 [061c5e1a-1095-4fef-ae35-bb2f1955fa47-groupManagement] INFO  server.RaftServerConfigKeys (ConfUtils.java:logGet(46)) - raft.server.rpc.timeout.min = 5s (custom)
2024-01-26 13:21:18,996 [061c5e1a-1095-4fef-ae35-bb2f1955fa47-groupManagement] INFO  server.RaftServerConfigKeys (ConfUtils.java:logGet(46)) - raft.server.rpc.timeout.max = 5200ms (custom)
2024-01-26 13:21:18,996 [061c5e1a-1095-4fef-ae35-bb2f1955fa47-groupManagement] INFO  server.RaftServerConfigKeys (ConfUtils.java:logGet(46)) - raft.server.rpc.sleep.time = 25ms (default)
2024-01-26 13:21:18,996 [061c5e1a-1095-4fef-ae35-bb2f1955fa47-groupManagement] INFO  server.RaftServerConfigKeys (ConfUtils.java:logGet(46)) - raft.server.rpc.slowness.timeout = 300000ms (custom)
2024-01-26 13:21:18,996 [061c5e1a-1095-4fef-ae35-bb2f1955fa47-groupManagement] INFO  server.RaftServerConfigKeys (ConfUtils.java:logGet(46)) - raft.server.leaderelection.leader.step-down.wait-time = 10s (default)
2024-01-26 13:21:18,996 [061c5e1a-1095-4fef-ae35-bb2f1955fa47-groupManagement] INFO  server.RaftServerConfigKeys (ConfUtils.java:logGet(46)) - raft.server.leaderelection.member.majority-add = false (default)
2024-01-26 13:21:18,996 [061c5e1a-1095-4fef-ae35-bb2f1955fa47-groupManagement] INFO  server.RaftServerConfigKeys (ConfUtils.java:logGet(46)) - raft.server.sleep.deviation.threshold = 300ms (default)
2024-01-26 13:21:18,996 [061c5e1a-1095-4fef-ae35-bb2f1955fa47-groupManagement] INFO  server.RaftServer$Division (ServerState.java:<init>(113)) - 061c5e1a-1095-4fef-ae35-bb2f1955fa47@group-1A2F75127EFB: ConfigurationManager, init=-1: peers:[061c5e1a-1095-4fef-ae35-bb2f1955fa47|10.1.0.20:15308]|listeners:[], old=null, confs=<EMPTY_MAP>
2024-01-26 13:21:18,996 [061c5e1a-1095-4fef-ae35-bb2f1955fa47-groupManagement] INFO  server.RaftServerConfigKeys (ConfUtils.java:logGet(46)) - raft.server.notification.no-leader.timeout = 300000ms (custom)
2024-01-26 13:21:18,996 [061c5e1a-1095-4fef-ae35-bb2f1955fa47-groupManagement] INFO  server.RaftServerConfigKeys (ConfUtils.java:logGet(46)) - raft.server.read.timeout = 10s (default)
2024-01-26 13:21:18,997 [061c5e1a-1095-4fef-ae35-bb2f1955fa47-groupManagement] INFO  server.RaftServerConfigKeys (ConfUtils.java:logGet(46)) - raft.server.retrycache.expirytime = 600000ms (custom)
2024-01-26 13:21:18,997 [061c5e1a-1095-4fef-ae35-bb2f1955fa47-groupManagement] INFO  server.RaftServerConfigKeys (ConfUtils.java:logGet(46)) - raft.server.retrycache.statistics.expirytime = 100ms (default)
2024-01-26 13:21:18,997 [061c5e1a-1095-4fef-ae35-bb2f1955fa47-groupManagement] INFO  server.RaftServerConfigKeys (ConfUtils.java:logGet(46)) - raft.server.read.option = DEFAULT (default)
2024-01-26 13:21:18,997 [061c5e1a-1095-4fef-ae35-bb2f1955fa47-groupManagement] INFO  server.RaftServerConfigKeys (ConfUtils.java:logGet(46)) - raft.server.read.read-after-write-consistent.write-index-cache.expiry-time = 60s (default)
2024-01-26 13:21:18,998 [061c5e1a-1095-4fef-ae35-bb2f1955fa47-groupManagement] INFO  server.RaftServerConfigKeys (ConfUtils.java:logGet(46)) - raft.server.rpc.request.timeout = 3000ms (default)
2024-01-26 13:21:18,998 [061c5e1a-1095-4fef-ae35-bb2f1955fa47-groupManagement] INFO  server.RaftServerConfigKeys (ConfUtils.java:logGet(46)) - raft.server.log.appender.install.snapshot.enabled = false (custom)
2024-01-26 13:21:18,998 [061c5e1a-1095-4fef-ae35-bb2f1955fa47-groupManagement] INFO  server.RaftServerConfigKeys (ConfUtils.java:logGet(46)) - raft.server.threadpool.server.cached = true (default)
2024-01-26 13:21:18,998 [061c5e1a-1095-4fef-ae35-bb2f1955fa47-groupManagement] INFO  server.RaftServerConfigKeys (ConfUtils.java:logGet(46)) - raft.server.threadpool.server.size = 0 (default)
2024-01-26 13:21:18,998 [061c5e1a-1095-4fef-ae35-bb2f1955fa47-groupManagement] INFO  server.RaftServerConfigKeys (ConfUtils.java:logGet(46)) - raft.server.threadpool.client.cached = true (default)
2024-01-26 13:21:18,998 [061c5e1a-1095-4fef-ae35-bb2f1955fa47-groupManagement] INFO  server.RaftServerConfigKeys (ConfUtils.java:logGet(46)) - raft.server.threadpool.client.size = 0 (default)
2024-01-26 13:21:18,998 [061c5e1a-1095-4fef-ae35-bb2f1955fa47-groupManagement] INFO  server.RaftServerConfigKeys (ConfUtils.java:logGet(46)) - raft.server.storage.free-space.min = 0MB (=0) (default)
2024-01-26 13:21:18,998 [061c5e1a-1095-4fef-ae35-bb2f1955fa47-groupManagement] INFO  server.RaftServerConfigKeys (ConfUtils.java:logGet(46)) - raft.server.log.corruption.policy = EXCEPTION (default)
2024-01-26 13:21:18,998 [061c5e1a-1095-4fef-ae35-bb2f1955fa47-groupManagement] INFO  server.RaftServerConfigKeys (ConfUtils.java:logGet(46)) - raft.server.storage.dir = [/home/runner/work/ozone/ozone/hadoop-ozone/integration-test/target/test-dir/MiniOzoneClusterImpl-953fd8c5-ac00-44c9-baab-0887e32ba883/datanode-3/data/ratis] (custom)
2024-01-26 13:21:18,999 [061c5e1a-1095-4fef-ae35-bb2f1955fa47-groupManagement] INFO  storage.RaftStorageDirectory (RaftStorageDirectoryImpl.java:analyzeStorage(138)) - The storage directory /home/runner/work/ozone/ozone/hadoop-ozone/integration-test/target/test-dir/MiniOzoneClusterImpl-953fd8c5-ac00-44c9-baab-0887e32ba883/datanode-3/data/ratis/d6987cee-5013-4ef3-a6ce-1a2f75127efb does not exist. Creating ...
2024-01-26 13:21:18,999 [061c5e1a-1095-4fef-ae35-bb2f1955fa47-groupManagement] INFO  storage.RaftStorageDirectory (RaftStorageDirectoryImpl.java:tryLock(228)) - Lock on /home/runner/work/ozone/ozone/hadoop-ozone/integration-test/target/test-dir/MiniOzoneClusterImpl-953fd8c5-ac00-44c9-baab-0887e32ba883/datanode-3/data/ratis/d6987cee-5013-4ef3-a6ce-1a2f75127efb/in_use.lock acquired by nodename 73218@fv-az983-443
2024-01-26 13:21:19,000 [061c5e1a-1095-4fef-ae35-bb2f1955fa47-groupManagement] INFO  storage.RaftStorage (RaftStorageImpl.java:format(99)) - Storage directory /home/runner/work/ozone/ozone/hadoop-ozone/integration-test/target/test-dir/MiniOzoneClusterImpl-953fd8c5-ac00-44c9-baab-0887e32ba883/datanode-3/data/ratis/d6987cee-5013-4ef3-a6ce-1a2f75127efb has been successfully formatted.
2024-01-26 13:21:19,001 [061c5e1a-1095-4fef-ae35-bb2f1955fa47-groupManagement] WARN  util.FileUtils (LogUtils.java:supplyAndLog(63)) - Failed to Files.newInputStream /home/runner/work/ozone/ozone/hadoop-ozone/integration-test/target/test-dir/MiniOzoneClusterImpl-953fd8c5-ac00-44c9-baab-0887e32ba883/datanode-3/data/ratis/d6987cee-5013-4ef3-a6ce-1a2f75127efb/current/raft-meta.conf with options []: java.nio.file.NoSuchFileException: /home/runner/work/ozone/ozone/hadoop-ozone/integration-test/target/test-dir/MiniOzoneClusterImpl-953fd8c5-ac00-44c9-baab-0887e32ba883/datanode-3/data/ratis/d6987cee-5013-4ef3-a6ce-1a2f75127efb/current/raft-meta.conf
2024-01-26 13:21:19,002 [061c5e1a-1095-4fef-ae35-bb2f1955fa47-groupManagement] INFO  ratis.ContainerStateMachine (ContainerStateMachine.java:loadSnapshot(287)) - group-1A2F75127EFB: The snapshot info is null. Setting the last applied index to:(t:0, i:~)
2024-01-26 13:21:19,002 [061c5e1a-1095-4fef-ae35-bb2f1955fa47-groupManagement] INFO  server.RaftServerConfigKeys (ConfUtils.java:logGet(46)) - raft.server.log.use.memory = false (default)
2024-01-26 13:21:19,002 [061c5e1a-1095-4fef-ae35-bb2f1955fa47-groupManagement] INFO  server.RaftServerConfigKeys (ConfUtils.java:logGet(46)) - raft.server.log.purge.gap = 1000000 (custom)
2024-01-26 13:21:19,002 [061c5e1a-1095-4fef-ae35-bb2f1955fa47-groupManagement] INFO  server.RaftServerConfigKeys (ConfUtils.java:logGet(46)) - raft.server.log.appender.buffer.byte-limit = 8388608 (custom)
2024-01-26 13:21:19,002 [061c5e1a-1095-4fef-ae35-bb2f1955fa47-groupManagement] INFO  server.RaftServerConfigKeys (ConfUtils.java:logGet(46)) - raft.server.log.statemachine.data.read.timeout = 1000ms (default)
2024-01-26 13:21:19,002 [061c5e1a-1095-4fef-ae35-bb2f1955fa47-groupManagement] INFO  server.RaftServerConfigKeys (ConfUtils.java:logGet(46)) - raft.server.log.purge.preservation.log.num = 0 (default)
2024-01-26 13:21:19,002 [EventQueue-PipelineReportForPipelineReportHandler] INFO  pipeline.PipelineReportHandler (PipelineReportHandler.java:processPipelineReport(136)) - Opened pipeline PipelineID=d6987cee-5013-4ef3-a6ce-1a2f75127efb
2024-01-26 13:21:19,002 [EventQueue-OpenPipelineForHealthyPipelineSafeModeRule] INFO  safemode.SCMSafeModeManager (HealthyPipelineSafeModeRule.java:process(140)) - SCM in safe mode. Healthy pipelines reported count is 0, required healthy pipeline reported count is 1
2024-01-26 13:21:19,003 [061c5e1a-1095-4fef-ae35-bb2f1955fa47-groupManagement] INFO  server.RaftServerConfigKeys (ConfUtils.java:logGet(46)) - raft.server.log.segment.size.max = 67108864 (custom)
2024-01-26 13:21:19,003 [061c5e1a-1095-4fef-ae35-bb2f1955fa47-groupManagement] INFO  server.RaftServerConfigKeys (ConfUtils.java:logGet(46)) - raft.server.log.segment.cache.num.max = 2 (custom)
2024-01-26 13:21:19,003 [061c5e1a-1095-4fef-ae35-bb2f1955fa47-groupManagement] INFO  server.RaftServerConfigKeys (ConfUtils.java:logGet(46)) - raft.server.log.segment.cache.size.max = 200MB (=209715200) (default)
2024-01-26 13:21:19,003 [061c5e1a-1095-4fef-ae35-bb2f1955fa47-groupManagement] INFO  server.RaftServerConfigKeys (ConfUtils.java:logGet(46)) - raft.server.log.appender.buffer.byte-limit = 8388608 (custom)
2024-01-26 13:21:19,004 [061c5e1a-1095-4fef-ae35-bb2f1955fa47-groupManagement] INFO  util.AwaitToRun (AwaitToRun.java:start(81)) - Thread[061c5e1a-1095-4fef-ae35-bb2f1955fa47@group-1A2F75127EFB-cacheEviction-AwaitToRun,5,main] started
2024-01-26 13:21:19,004 [061c5e1a-1095-4fef-ae35-bb2f1955fa47-groupManagement] INFO  segmented.SegmentedRaftLogWorker (SegmentedRaftLogWorker.java:<init>(182)) - new 061c5e1a-1095-4fef-ae35-bb2f1955fa47@group-1A2F75127EFB-SegmentedRaftLogWorker for RaftStorageImpl:Storage Directory /home/runner/work/ozone/ozone/hadoop-ozone/integration-test/target/test-dir/MiniOzoneClusterImpl-953fd8c5-ac00-44c9-baab-0887e32ba883/datanode-3/data/ratis/d6987cee-5013-4ef3-a6ce-1a2f75127efb
2024-01-26 13:21:19,004 [061c5e1a-1095-4fef-ae35-bb2f1955fa47-groupManagement] INFO  server.RaftServerConfigKeys (ConfUtils.java:logGet(46)) - raft.server.log.queue.byte-limit = 4294967296 (custom)
2024-01-26 13:21:19,004 [061c5e1a-1095-4fef-ae35-bb2f1955fa47-groupManagement] INFO  server.RaftServerConfigKeys (ConfUtils.java:logGet(46)) - raft.server.log.queue.element-limit = 1024 (custom)
2024-01-26 13:21:19,004 [061c5e1a-1095-4fef-ae35-bb2f1955fa47-groupManagement] INFO  server.RaftServerConfigKeys (ConfUtils.java:logGet(46)) - raft.server.log.segment.size.max = 67108864 (custom)
2024-01-26 13:21:19,004 [061c5e1a-1095-4fef-ae35-bb2f1955fa47-groupManagement] INFO  server.RaftServerConfigKeys (ConfUtils.java:logGet(46)) - raft.server.log.preallocated.size = 4194304 (custom)
2024-01-26 13:21:19,004 [061c5e1a-1095-4fef-ae35-bb2f1955fa47-groupManagement] INFO  server.RaftServerConfigKeys (ConfUtils.java:logGet(46)) - raft.server.log.force.sync.num = 128 (default)
2024-01-26 13:21:19,004 [061c5e1a-1095-4fef-ae35-bb2f1955fa47-groupManagement] INFO  server.RaftServerConfigKeys (ConfUtils.java:logGet(46)) - raft.server.log.statemachine.data.sync = true (default)
2024-01-26 13:21:19,004 [061c5e1a-1095-4fef-ae35-bb2f1955fa47-groupManagement] INFO  server.RaftServerConfigKeys (ConfUtils.java:logGet(46)) - raft.server.log.statemachine.data.sync.timeout = 10s (default)
2024-01-26 13:21:19,004 [061c5e1a-1095-4fef-ae35-bb2f1955fa47-groupManagement] INFO  server.RaftServerConfigKeys (ConfUtils.java:logGet(46)) - raft.server.log.statemachine.data.sync.timeout.retry = 0 (custom)
2024-01-26 13:21:19,004 [061c5e1a-1095-4fef-ae35-bb2f1955fa47-groupManagement] INFO  server.RaftServerConfigKeys (ConfUtils.java:logGet(46)) - raft.server.log.write.buffer.size = 8388616 (custom)
2024-01-26 13:21:19,006 [061c5e1a-1095-4fef-ae35-bb2f1955fa47-groupManagement] INFO  server.RaftServerConfigKeys (ConfUtils.java:logGet(46)) - raft.server.log.appender.buffer.byte-limit = 8388608 (custom)
2024-01-26 13:21:19,006 [061c5e1a-1095-4fef-ae35-bb2f1955fa47-groupManagement] INFO  server.RaftServerConfigKeys (ConfUtils.java:logGet(46)) - raft.server.log.unsafe-flush.enabled = false (default)
2024-01-26 13:21:19,006 [061c5e1a-1095-4fef-ae35-bb2f1955fa47-groupManagement] INFO  server.RaftServerConfigKeys (ConfUtils.java:logGet(46)) - raft.server.log.async-flush.enabled = false (default)
2024-01-26 13:21:19,006 [061c5e1a-1095-4fef-ae35-bb2f1955fa47-groupManagement] INFO  server.RaftServerConfigKeys (ConfUtils.java:logGet(46)) - raft.server.log.statemachine.data.caching.enabled = true (custom)
2024-01-26 13:21:19,006 [061c5e1a-1095-4fef-ae35-bb2f1955fa47-groupManagement] INFO  segmented.SegmentedRaftLogWorker (SegmentedRaftLogWorker.java:lambda$new$0(134)) - 061c5e1a-1095-4fef-ae35-bb2f1955fa47@group-1A2F75127EFB-SegmentedRaftLogWorker: flushIndex: setUnconditionally 0 -> -1
2024-01-26 13:21:19,006 [061c5e1a-1095-4fef-ae35-bb2f1955fa47-groupManagement] INFO  segmented.SegmentedRaftLogWorker (SegmentedRaftLogWorker.java:lambda$new$0(134)) - 061c5e1a-1095-4fef-ae35-bb2f1955fa47@group-1A2F75127EFB-SegmentedRaftLogWorker: safeCacheEvictIndex: setUnconditionally 0 -> -1
2024-01-26 13:21:19,007 [061c5e1a-1095-4fef-ae35-bb2f1955fa47-groupManagement] INFO  server.RaftServer$Division (RaftServerImpl.java:start(396)) - 061c5e1a-1095-4fef-ae35-bb2f1955fa47@group-1A2F75127EFB: start as a follower, conf=-1: peers:[061c5e1a-1095-4fef-ae35-bb2f1955fa47|10.1.0.20:15308]|listeners:[], old=null
2024-01-26 13:21:19,007 [061c5e1a-1095-4fef-ae35-bb2f1955fa47-groupManagement] INFO  server.RaftServer$Division (RaftServerImpl.java:setRole(383)) - 061c5e1a-1095-4fef-ae35-bb2f1955fa47@group-1A2F75127EFB: changes role from      null to FOLLOWER at term 0 for startAsFollower
2024-01-26 13:21:19,007 [061c5e1a-1095-4fef-ae35-bb2f1955fa47-groupManagement] INFO  impl.RoleInfo (RoleInfo.java:updateAndGet(139)) - 061c5e1a-1095-4fef-ae35-bb2f1955fa47: start 061c5e1a-1095-4fef-ae35-bb2f1955fa47@group-1A2F75127EFB-FollowerState
2024-01-26 13:21:19,007 [061c5e1a-1095-4fef-ae35-bb2f1955fa47@group-1A2F75127EFB-FollowerState] INFO  server.RaftServerConfigKeys (ConfUtils.java:logFallback(53)) - raft.server.rpc.first-election.timeout.min = 5s (fallback to raft.server.rpc.timeout.min)
2024-01-26 13:21:19,007 [061c5e1a-1095-4fef-ae35-bb2f1955fa47-groupManagement] INFO  util.JmxRegister (JmxRegister.java:tryRegister(44)) - Successfully registered JMX Bean with object name Ratis:service=RaftServer,group=group-1A2F75127EFB,id=061c5e1a-1095-4fef-ae35-bb2f1955fa47
2024-01-26 13:21:19,007 [061c5e1a-1095-4fef-ae35-bb2f1955fa47@group-1A2F75127EFB-FollowerState] INFO  server.RaftServerConfigKeys (ConfUtils.java:logFallback(53)) - raft.server.rpc.first-election.timeout.max = 5200ms (fallback to raft.server.rpc.timeout.max)
2024-01-26 13:21:19,007 [061c5e1a-1095-4fef-ae35-bb2f1955fa47-groupManagement] INFO  server.RaftServerConfigKeys (ConfUtils.java:logGet(46)) - raft.server.snapshot.trigger-when-stop.enabled = true (default)
2024-01-26 13:21:19,007 [061c5e1a-1095-4fef-ae35-bb2f1955fa47-groupManagement] INFO  server.RaftServerConfigKeys (ConfUtils.java:logGet(46)) - raft.server.snapshot.auto.trigger.enabled = true (custom)
2024-01-26 13:21:19,007 [061c5e1a-1095-4fef-ae35-bb2f1955fa47-groupManagement] INFO  server.RaftServerConfigKeys (ConfUtils.java:logGet(46)) - raft.server.snapshot.auto.trigger.threshold = 10000 (custom)
2024-01-26 13:21:19,007 [061c5e1a-1095-4fef-ae35-bb2f1955fa47-groupManagement] INFO  server.RaftServerConfigKeys (ConfUtils.java:logGet(46)) - raft.server.snapshot.retention.file.num = 5 (custom)
2024-01-26 13:21:19,007 [061c5e1a-1095-4fef-ae35-bb2f1955fa47-groupManagement] INFO  server.RaftServerConfigKeys (ConfUtils.java:logGet(46)) - raft.server.log.purge.upto.snapshot.index = false (default)
2024-01-26 13:21:19,008 [061c5e1a-1095-4fef-ae35-bb2f1955fa47-PipelineCommandHandlerThread-0] INFO  ratis.XceiverServerRatis (XceiverServerRatis.java:addGroup(842)) - Created group PipelineID=d6987cee-5013-4ef3-a6ce-1a2f75127efb
2024-01-26 13:21:19,008 [061c5e1a-1095-4fef-ae35-bb2f1955fa47-PipelineCommandHandlerThread-0] INFO  commandhandler.CreatePipelineCommandHandler (CreatePipelineCommandHandler.java:lambda$handle$2(124)) - Created Pipeline RATIS ONE PipelineID=d6987cee-5013-4ef3-a6ce-1a2f75127efb.
2024-01-26 13:21:19,008 [061c5e1a-1095-4fef-ae35-bb2f1955fa47-PipelineCommandHandlerThread-0] INFO  server.RaftServer (RaftServerProxy.java:addNew(100)) - 061c5e1a-1095-4fef-ae35-bb2f1955fa47: addNew group-D2C280C44EC0:[5f4f4713-a1cc-4bb1-a761-5c302a8e1427|10.1.0.20:15326, 512d2126-5b92-4e29-85c7-4f085cf86b5e|10.1.0.20:15317, 061c5e1a-1095-4fef-ae35-bb2f1955fa47|10.1.0.20:15308] returns group-D2C280C44EC0:java.util.concurrent.CompletableFuture@6d926b61[Not completed]
2024-01-26 13:21:19,009 [061c5e1a-1095-4fef-ae35-bb2f1955fa47-groupManagement] INFO  server.RaftServer$Division (RaftServerImpl.java:<init>(256)) - 061c5e1a-1095-4fef-ae35-bb2f1955fa47: new RaftServerImpl for group-D2C280C44EC0:[5f4f4713-a1cc-4bb1-a761-5c302a8e1427|10.1.0.20:15326, 512d2126-5b92-4e29-85c7-4f085cf86b5e|10.1.0.20:15317, 061c5e1a-1095-4fef-ae35-bb2f1955fa47|10.1.0.20:15308] with ContainerStateMachine:uninitialized
2024-01-26 13:21:19,009 [061c5e1a-1095-4fef-ae35-bb2f1955fa47-groupManagement] INFO  server.RaftServerConfigKeys (ConfUtils.java:logGet(46)) - raft.server.rpc.timeout.min = 5s (custom)
2024-01-26 13:21:19,009 [061c5e1a-1095-4fef-ae35-bb2f1955fa47-groupManagement] INFO  server.RaftServerConfigKeys (ConfUtils.java:logGet(46)) - raft.server.rpc.timeout.max = 5200ms (custom)
2024-01-26 13:21:19,009 [061c5e1a-1095-4fef-ae35-bb2f1955fa47-groupManagement] INFO  server.RaftServerConfigKeys (ConfUtils.java:logGet(46)) - raft.server.rpc.sleep.time = 25ms (default)
2024-01-26 13:21:19,009 [061c5e1a-1095-4fef-ae35-bb2f1955fa47-groupManagement] INFO  server.RaftServerConfigKeys (ConfUtils.java:logGet(46)) - raft.server.rpc.slowness.timeout = 300000ms (custom)
2024-01-26 13:21:19,009 [061c5e1a-1095-4fef-ae35-bb2f1955fa47-groupManagement] INFO  server.RaftServerConfigKeys (ConfUtils.java:logGet(46)) - raft.server.leaderelection.leader.step-down.wait-time = 10s (default)
2024-01-26 13:21:19,009 [061c5e1a-1095-4fef-ae35-bb2f1955fa47-groupManagement] INFO  server.RaftServerConfigKeys (ConfUtils.java:logGet(46)) - raft.server.leaderelection.member.majority-add = false (default)
2024-01-26 13:21:19,009 [061c5e1a-1095-4fef-ae35-bb2f1955fa47-groupManagement] INFO  server.RaftServerConfigKeys (ConfUtils.java:logGet(46)) - raft.server.sleep.deviation.threshold = 300ms (default)
2024-01-26 13:21:19,009 [061c5e1a-1095-4fef-ae35-bb2f1955fa47-groupManagement] INFO  server.RaftServer$Division (ServerState.java:<init>(113)) - 061c5e1a-1095-4fef-ae35-bb2f1955fa47@group-D2C280C44EC0: ConfigurationManager, init=-1: peers:[5f4f4713-a1cc-4bb1-a761-5c302a8e1427|10.1.0.20:15326, 512d2126-5b92-4e29-85c7-4f085cf86b5e|10.1.0.20:15317, 061c5e1a-1095-4fef-ae35-bb2f1955fa47|10.1.0.20:15308]|listeners:[], old=null, confs=<EMPTY_MAP>
2024-01-26 13:21:19,009 [061c5e1a-1095-4fef-ae35-bb2f1955fa47-groupManagement] INFO  server.RaftServerConfigKeys (ConfUtils.java:logGet(46)) - raft.server.notification.no-leader.timeout = 300000ms (custom)
2024-01-26 13:21:19,009 [061c5e1a-1095-4fef-ae35-bb2f1955fa47-groupManagement] INFO  server.RaftServerConfigKeys (ConfUtils.java:logGet(46)) - raft.server.read.timeout = 10s (default)
2024-01-26 13:21:19,009 [061c5e1a-1095-4fef-ae35-bb2f1955fa47-groupManagement] INFO  server.RaftServerConfigKeys (ConfUtils.java:logGet(46)) - raft.server.retrycache.expirytime = 600000ms (custom)
2024-01-26 13:21:19,009 [061c5e1a-1095-4fef-ae35-bb2f1955fa47-groupManagement] INFO  server.RaftServerConfigKeys (ConfUtils.java:logGet(46)) - raft.server.retrycache.statistics.expirytime = 100ms (default)
2024-01-26 13:21:19,009 [061c5e1a-1095-4fef-ae35-bb2f1955fa47-groupManagement] INFO  server.RaftServerConfigKeys (ConfUtils.java:logGet(46)) - raft.server.read.option = DEFAULT (default)
2024-01-26 13:21:19,009 [061c5e1a-1095-4fef-ae35-bb2f1955fa47-groupManagement] INFO  server.RaftServerConfigKeys (ConfUtils.java:logGet(46)) - raft.server.read.read-after-write-consistent.write-index-cache.expiry-time = 60s (default)
2024-01-26 13:21:19,011 [061c5e1a-1095-4fef-ae35-bb2f1955fa47-groupManagement] INFO  server.RaftServerConfigKeys (ConfUtils.java:logGet(46)) - raft.server.rpc.request.timeout = 3000ms (default)
2024-01-26 13:21:19,011 [061c5e1a-1095-4fef-ae35-bb2f1955fa47-groupManagement] INFO  server.RaftServerConfigKeys (ConfUtils.java:logGet(46)) - raft.server.log.appender.install.snapshot.enabled = false (custom)
2024-01-26 13:21:19,011 [061c5e1a-1095-4fef-ae35-bb2f1955fa47-groupManagement] INFO  server.RaftServerConfigKeys (ConfUtils.java:logGet(46)) - raft.server.threadpool.server.cached = true (default)
2024-01-26 13:21:19,011 [061c5e1a-1095-4fef-ae35-bb2f1955fa47-groupManagement] INFO  server.RaftServerConfigKeys (ConfUtils.java:logGet(46)) - raft.server.threadpool.server.size = 0 (default)
2024-01-26 13:21:19,011 [061c5e1a-1095-4fef-ae35-bb2f1955fa47-groupManagement] INFO  server.RaftServerConfigKeys (ConfUtils.java:logGet(46)) - raft.server.threadpool.client.cached = true (default)
2024-01-26 13:21:19,011 [061c5e1a-1095-4fef-ae35-bb2f1955fa47-groupManagement] INFO  server.RaftServerConfigKeys (ConfUtils.java:logGet(46)) - raft.server.threadpool.client.size = 0 (default)
2024-01-26 13:21:19,011 [061c5e1a-1095-4fef-ae35-bb2f1955fa47-groupManagement] INFO  server.RaftServerConfigKeys (ConfUtils.java:logGet(46)) - raft.server.storage.free-space.min = 0MB (=0) (default)
2024-01-26 13:21:19,011 [061c5e1a-1095-4fef-ae35-bb2f1955fa47-groupManagement] INFO  server.RaftServerConfigKeys (ConfUtils.java:logGet(46)) - raft.server.log.corruption.policy = EXCEPTION (default)
2024-01-26 13:21:19,011 [061c5e1a-1095-4fef-ae35-bb2f1955fa47-groupManagement] INFO  server.RaftServerConfigKeys (ConfUtils.java:logGet(46)) - raft.server.storage.dir = [/home/runner/work/ozone/ozone/hadoop-ozone/integration-test/target/test-dir/MiniOzoneClusterImpl-953fd8c5-ac00-44c9-baab-0887e32ba883/datanode-3/data/ratis] (custom)
2024-01-26 13:21:19,012 [061c5e1a-1095-4fef-ae35-bb2f1955fa47-groupManagement] INFO  storage.RaftStorageDirectory (RaftStorageDirectoryImpl.java:analyzeStorage(138)) - The storage directory /home/runner/work/ozone/ozone/hadoop-ozone/integration-test/target/test-dir/MiniOzoneClusterImpl-953fd8c5-ac00-44c9-baab-0887e32ba883/datanode-3/data/ratis/565c7106-4406-46e8-8d34-d2c280c44ec0 does not exist. Creating ...
2024-01-26 13:21:19,012 [061c5e1a-1095-4fef-ae35-bb2f1955fa47-groupManagement] INFO  storage.RaftStorageDirectory (RaftStorageDirectoryImpl.java:tryLock(228)) - Lock on /home/runner/work/ozone/ozone/hadoop-ozone/integration-test/target/test-dir/MiniOzoneClusterImpl-953fd8c5-ac00-44c9-baab-0887e32ba883/datanode-3/data/ratis/565c7106-4406-46e8-8d34-d2c280c44ec0/in_use.lock acquired by nodename 73218@fv-az983-443
2024-01-26 13:21:19,013 [061c5e1a-1095-4fef-ae35-bb2f1955fa47-groupManagement] INFO  storage.RaftStorage (RaftStorageImpl.java:format(99)) - Storage directory /home/runner/work/ozone/ozone/hadoop-ozone/integration-test/target/test-dir/MiniOzoneClusterImpl-953fd8c5-ac00-44c9-baab-0887e32ba883/datanode-3/data/ratis/565c7106-4406-46e8-8d34-d2c280c44ec0 has been successfully formatted.
2024-01-26 13:21:19,013 [061c5e1a-1095-4fef-ae35-bb2f1955fa47-groupManagement] WARN  util.FileUtils (LogUtils.java:supplyAndLog(63)) - Failed to Files.newInputStream /home/runner/work/ozone/ozone/hadoop-ozone/integration-test/target/test-dir/MiniOzoneClusterImpl-953fd8c5-ac00-44c9-baab-0887e32ba883/datanode-3/data/ratis/565c7106-4406-46e8-8d34-d2c280c44ec0/current/raft-meta.conf with options []: java.nio.file.NoSuchFileException: /home/runner/work/ozone/ozone/hadoop-ozone/integration-test/target/test-dir/MiniOzoneClusterImpl-953fd8c5-ac00-44c9-baab-0887e32ba883/datanode-3/data/ratis/565c7106-4406-46e8-8d34-d2c280c44ec0/current/raft-meta.conf
2024-01-26 13:21:19,014 [061c5e1a-1095-4fef-ae35-bb2f1955fa47-groupManagement] INFO  ratis.ContainerStateMachine (ContainerStateMachine.java:loadSnapshot(287)) - group-D2C280C44EC0: The snapshot info is null. Setting the last applied index to:(t:0, i:~)
2024-01-26 13:21:19,014 [061c5e1a-1095-4fef-ae35-bb2f1955fa47-groupManagement] INFO  server.RaftServerConfigKeys (ConfUtils.java:logGet(46)) - raft.server.log.use.memory = false (default)
2024-01-26 13:21:19,014 [061c5e1a-1095-4fef-ae35-bb2f1955fa47-groupManagement] INFO  server.RaftServerConfigKeys (ConfUtils.java:logGet(46)) - raft.server.log.purge.gap = 1000000 (custom)
2024-01-26 13:21:19,014 [061c5e1a-1095-4fef-ae35-bb2f1955fa47-groupManagement] INFO  server.RaftServerConfigKeys (ConfUtils.java:logGet(46)) - raft.server.log.appender.buffer.byte-limit = 8388608 (custom)
2024-01-26 13:21:19,014 [061c5e1a-1095-4fef-ae35-bb2f1955fa47-groupManagement] INFO  server.RaftServerConfigKeys (ConfUtils.java:logGet(46)) - raft.server.log.statemachine.data.read.timeout = 1000ms (default)
2024-01-26 13:21:19,014 [061c5e1a-1095-4fef-ae35-bb2f1955fa47-groupManagement] INFO  server.RaftServerConfigKeys (ConfUtils.java:logGet(46)) - raft.server.log.purge.preservation.log.num = 0 (default)
2024-01-26 13:21:19,014 [EventQueue-OpenPipelineForHealthyPipelineSafeModeRule] INFO  safemode.SCMSafeModeManager (HealthyPipelineSafeModeRule.java:process(140)) - SCM in safe mode. Healthy pipelines reported count is 0, required healthy pipeline reported count is 1
2024-01-26 13:21:19,015 [061c5e1a-1095-4fef-ae35-bb2f1955fa47-groupManagement] INFO  server.RaftServerConfigKeys (ConfUtils.java:logGet(46)) - raft.server.log.segment.size.max = 67108864 (custom)
2024-01-26 13:21:19,015 [061c5e1a-1095-4fef-ae35-bb2f1955fa47-groupManagement] INFO  server.RaftServerConfigKeys (ConfUtils.java:logGet(46)) - raft.server.log.segment.cache.num.max = 2 (custom)
2024-01-26 13:21:19,016 [061c5e1a-1095-4fef-ae35-bb2f1955fa47-groupManagement] INFO  server.RaftServerConfigKeys (ConfUtils.java:logGet(46)) - raft.server.log.segment.cache.size.max = 200MB (=209715200) (default)
2024-01-26 13:21:19,016 [061c5e1a-1095-4fef-ae35-bb2f1955fa47-groupManagement] INFO  server.RaftServerConfigKeys (ConfUtils.java:logGet(46)) - raft.server.log.appender.buffer.byte-limit = 8388608 (custom)
2024-01-26 13:21:19,016 [061c5e1a-1095-4fef-ae35-bb2f1955fa47-groupManagement] INFO  util.AwaitToRun (AwaitToRun.java:start(81)) - Thread[061c5e1a-1095-4fef-ae35-bb2f1955fa47@group-D2C280C44EC0-cacheEviction-AwaitToRun,5,main] started
2024-01-26 13:21:19,016 [061c5e1a-1095-4fef-ae35-bb2f1955fa47-groupManagement] INFO  segmented.SegmentedRaftLogWorker (SegmentedRaftLogWorker.java:<init>(182)) - new 061c5e1a-1095-4fef-ae35-bb2f1955fa47@group-D2C280C44EC0-SegmentedRaftLogWorker for RaftStorageImpl:Storage Directory /home/runner/work/ozone/ozone/hadoop-ozone/integration-test/target/test-dir/MiniOzoneClusterImpl-953fd8c5-ac00-44c9-baab-0887e32ba883/datanode-3/data/ratis/565c7106-4406-46e8-8d34-d2c280c44ec0
2024-01-26 13:21:19,016 [061c5e1a-1095-4fef-ae35-bb2f1955fa47-groupManagement] INFO  server.RaftServerConfigKeys (ConfUtils.java:logGet(46)) - raft.server.log.queue.byte-limit = 4294967296 (custom)
2024-01-26 13:21:19,016 [061c5e1a-1095-4fef-ae35-bb2f1955fa47-groupManagement] INFO  server.RaftServerConfigKeys (ConfUtils.java:logGet(46)) - raft.server.log.queue.element-limit = 1024 (custom)
2024-01-26 13:21:19,016 [061c5e1a-1095-4fef-ae35-bb2f1955fa47-groupManagement] INFO  server.RaftServerConfigKeys (ConfUtils.java:logGet(46)) - raft.server.log.segment.size.max = 67108864 (custom)
2024-01-26 13:21:19,016 [061c5e1a-1095-4fef-ae35-bb2f1955fa47-groupManagement] INFO  server.RaftServerConfigKeys (ConfUtils.java:logGet(46)) - raft.server.log.preallocated.size = 4194304 (custom)
2024-01-26 13:21:19,016 [061c5e1a-1095-4fef-ae35-bb2f1955fa47-groupManagement] INFO  server.RaftServerConfigKeys (ConfUtils.java:logGet(46)) - raft.server.log.force.sync.num = 128 (default)
2024-01-26 13:21:19,016 [061c5e1a-1095-4fef-ae35-bb2f1955fa47-groupManagement] INFO  server.RaftServerConfigKeys (ConfUtils.java:logGet(46)) - raft.server.log.statemachine.data.sync = true (default)
2024-01-26 13:21:19,016 [061c5e1a-1095-4fef-ae35-bb2f1955fa47-groupManagement] INFO  server.RaftServerConfigKeys (ConfUtils.java:logGet(46)) - raft.server.log.statemachine.data.sync.timeout = 10s (default)
2024-01-26 13:21:19,016 [061c5e1a-1095-4fef-ae35-bb2f1955fa47-groupManagement] INFO  server.RaftServerConfigKeys (ConfUtils.java:logGet(46)) - raft.server.log.statemachine.data.sync.timeout.retry = 0 (custom)
2024-01-26 13:21:19,017 [061c5e1a-1095-4fef-ae35-bb2f1955fa47-groupManagement] INFO  server.RaftServerConfigKeys (ConfUtils.java:logGet(46)) - raft.server.log.write.buffer.size = 8388616 (custom)
2024-01-26 13:21:19,018 [061c5e1a-1095-4fef-ae35-bb2f1955fa47-groupManagement] INFO  server.RaftServerConfigKeys (ConfUtils.java:logGet(46)) - raft.server.log.appender.buffer.byte-limit = 8388608 (custom)
2024-01-26 13:21:19,018 [061c5e1a-1095-4fef-ae35-bb2f1955fa47-groupManagement] INFO  server.RaftServerConfigKeys (ConfUtils.java:logGet(46)) - raft.server.log.unsafe-flush.enabled = false (default)
2024-01-26 13:21:19,018 [061c5e1a-1095-4fef-ae35-bb2f1955fa47-groupManagement] INFO  server.RaftServerConfigKeys (ConfUtils.java:logGet(46)) - raft.server.log.async-flush.enabled = false (default)
2024-01-26 13:21:19,018 [061c5e1a-1095-4fef-ae35-bb2f1955fa47-groupManagement] INFO  server.RaftServerConfigKeys (ConfUtils.java:logGet(46)) - raft.server.log.statemachine.data.caching.enabled = true (custom)
2024-01-26 13:21:19,019 [061c5e1a-1095-4fef-ae35-bb2f1955fa47-groupManagement] INFO  segmented.SegmentedRaftLogWorker (SegmentedRaftLogWorker.java:lambda$new$0(134)) - 061c5e1a-1095-4fef-ae35-bb2f1955fa47@group-D2C280C44EC0-SegmentedRaftLogWorker: flushIndex: setUnconditionally 0 -> -1
2024-01-26 13:21:19,019 [061c5e1a-1095-4fef-ae35-bb2f1955fa47-groupManagement] INFO  segmented.SegmentedRaftLogWorker (SegmentedRaftLogWorker.java:lambda$new$0(134)) - 061c5e1a-1095-4fef-ae35-bb2f1955fa47@group-D2C280C44EC0-SegmentedRaftLogWorker: safeCacheEvictIndex: setUnconditionally 0 -> -1
2024-01-26 13:21:19,019 [061c5e1a-1095-4fef-ae35-bb2f1955fa47-groupManagement] INFO  server.RaftServer$Division (RaftServerImpl.java:start(396)) - 061c5e1a-1095-4fef-ae35-bb2f1955fa47@group-D2C280C44EC0: start as a follower, conf=-1: peers:[5f4f4713-a1cc-4bb1-a761-5c302a8e1427|10.1.0.20:15326, 512d2126-5b92-4e29-85c7-4f085cf86b5e|10.1.0.20:15317, 061c5e1a-1095-4fef-ae35-bb2f1955fa47|10.1.0.20:15308]|listeners:[], old=null
2024-01-26 13:21:19,019 [061c5e1a-1095-4fef-ae35-bb2f1955fa47-groupManagement] INFO  server.RaftServer$Division (RaftServerImpl.java:setRole(383)) - 061c5e1a-1095-4fef-ae35-bb2f1955fa47@group-D2C280C44EC0: changes role from      null to FOLLOWER at term 0 for startAsFollower
2024-01-26 13:21:19,019 [061c5e1a-1095-4fef-ae35-bb2f1955fa47-groupManagement] INFO  impl.RoleInfo (RoleInfo.java:updateAndGet(139)) - 061c5e1a-1095-4fef-ae35-bb2f1955fa47: start 061c5e1a-1095-4fef-ae35-bb2f1955fa47@group-D2C280C44EC0-FollowerState
2024-01-26 13:21:19,019 [061c5e1a-1095-4fef-ae35-bb2f1955fa47-groupManagement] INFO  util.JmxRegister (JmxRegister.java:tryRegister(44)) - Successfully registered JMX Bean with object name Ratis:service=RaftServer,group=group-D2C280C44EC0,id=061c5e1a-1095-4fef-ae35-bb2f1955fa47
2024-01-26 13:21:19,019 [061c5e1a-1095-4fef-ae35-bb2f1955fa47-groupManagement] INFO  server.RaftServerConfigKeys (ConfUtils.java:logGet(46)) - raft.server.snapshot.trigger-when-stop.enabled = true (default)
2024-01-26 13:21:19,019 [061c5e1a-1095-4fef-ae35-bb2f1955fa47-groupManagement] INFO  server.RaftServerConfigKeys (ConfUtils.java:logGet(46)) - raft.server.snapshot.auto.trigger.enabled = true (custom)
2024-01-26 13:21:19,019 [061c5e1a-1095-4fef-ae35-bb2f1955fa47-groupManagement] INFO  server.RaftServerConfigKeys (ConfUtils.java:logGet(46)) - raft.server.snapshot.auto.trigger.threshold = 10000 (custom)
2024-01-26 13:21:19,019 [061c5e1a-1095-4fef-ae35-bb2f1955fa47-groupManagement] INFO  server.RaftServerConfigKeys (ConfUtils.java:logGet(46)) - raft.server.snapshot.retention.file.num = 5 (custom)
2024-01-26 13:21:19,020 [061c5e1a-1095-4fef-ae35-bb2f1955fa47-groupManagement] INFO  server.RaftServerConfigKeys (ConfUtils.java:logGet(46)) - raft.server.log.purge.upto.snapshot.index = false (default)
2024-01-26 13:21:19,020 [061c5e1a-1095-4fef-ae35-bb2f1955fa47@group-D2C280C44EC0-FollowerState] INFO  server.RaftServerConfigKeys (ConfUtils.java:logFallback(53)) - raft.server.rpc.first-election.timeout.min = 5s (fallback to raft.server.rpc.timeout.min)
2024-01-26 13:21:19,020 [061c5e1a-1095-4fef-ae35-bb2f1955fa47@group-D2C280C44EC0-FollowerState] INFO  server.RaftServerConfigKeys (ConfUtils.java:logFallback(53)) - raft.server.rpc.first-election.timeout.max = 5200ms (fallback to raft.server.rpc.timeout.max)
2024-01-26 13:21:19,020 [061c5e1a-1095-4fef-ae35-bb2f1955fa47-PipelineCommandHandlerThread-0] INFO  ratis.XceiverServerRatis (XceiverServerRatis.java:addGroup(842)) - Created group PipelineID=565c7106-4406-46e8-8d34-d2c280c44ec0
2024-01-26 13:21:19,026 [grpc-default-executor-5] INFO  server.RaftServer (RaftServerProxy.java:addNew(100)) - 5f4f4713-a1cc-4bb1-a761-5c302a8e1427: addNew group-D2C280C44EC0:[5f4f4713-a1cc-4bb1-a761-5c302a8e1427|10.1.0.20:15326, 512d2126-5b92-4e29-85c7-4f085cf86b5e|10.1.0.20:15317, 061c5e1a-1095-4fef-ae35-bb2f1955fa47|10.1.0.20:15308] returns group-D2C280C44EC0:java.util.concurrent.CompletableFuture@1877934a[Not completed]
2024-01-26 13:21:19,027 [5f4f4713-a1cc-4bb1-a761-5c302a8e1427-groupManagement] INFO  server.RaftServer$Division (RaftServerImpl.java:<init>(256)) - 5f4f4713-a1cc-4bb1-a761-5c302a8e1427: new RaftServerImpl for group-D2C280C44EC0:[5f4f4713-a1cc-4bb1-a761-5c302a8e1427|10.1.0.20:15326, 512d2126-5b92-4e29-85c7-4f085cf86b5e|10.1.0.20:15317, 061c5e1a-1095-4fef-ae35-bb2f1955fa47|10.1.0.20:15308] with ContainerStateMachine:uninitialized
2024-01-26 13:21:19,027 [5f4f4713-a1cc-4bb1-a761-5c302a8e1427-groupManagement] INFO  server.RaftServerConfigKeys (ConfUtils.java:logGet(46)) - raft.server.rpc.timeout.min = 5s (custom)
2024-01-26 13:21:19,027 [5f4f4713-a1cc-4bb1-a761-5c302a8e1427-groupManagement] INFO  server.RaftServerConfigKeys (ConfUtils.java:logGet(46)) - raft.server.rpc.timeout.max = 5200ms (custom)
2024-01-26 13:21:19,027 [5f4f4713-a1cc-4bb1-a761-5c302a8e1427-groupManagement] INFO  server.RaftServerConfigKeys (ConfUtils.java:logGet(46)) - raft.server.rpc.sleep.time = 25ms (default)
2024-01-26 13:21:19,027 [5f4f4713-a1cc-4bb1-a761-5c302a8e1427-groupManagement] INFO  server.RaftServerConfigKeys (ConfUtils.java:logGet(46)) - raft.server.rpc.slowness.timeout = 300000ms (custom)
2024-01-26 13:21:19,027 [5f4f4713-a1cc-4bb1-a761-5c302a8e1427-groupManagement] INFO  server.RaftServerConfigKeys (ConfUtils.java:logGet(46)) - raft.server.leaderelection.leader.step-down.wait-time = 10s (default)
2024-01-26 13:21:19,027 [5f4f4713-a1cc-4bb1-a761-5c302a8e1427-groupManagement] INFO  server.RaftServerConfigKeys (ConfUtils.java:logGet(46)) - raft.server.leaderelection.member.majority-add = false (default)
2024-01-26 13:21:19,027 [5f4f4713-a1cc-4bb1-a761-5c302a8e1427-groupManagement] INFO  server.RaftServerConfigKeys (ConfUtils.java:logGet(46)) - raft.server.sleep.deviation.threshold = 300ms (default)
2024-01-26 13:21:19,027 [5f4f4713-a1cc-4bb1-a761-5c302a8e1427-groupManagement] INFO  server.RaftServer$Division (ServerState.java:<init>(113)) - 5f4f4713-a1cc-4bb1-a761-5c302a8e1427@group-D2C280C44EC0: ConfigurationManager, init=-1: peers:[5f4f4713-a1cc-4bb1-a761-5c302a8e1427|10.1.0.20:15326, 512d2126-5b92-4e29-85c7-4f085cf86b5e|10.1.0.20:15317, 061c5e1a-1095-4fef-ae35-bb2f1955fa47|10.1.0.20:15308]|listeners:[], old=null, confs=<EMPTY_MAP>
2024-01-26 13:21:19,027 [5f4f4713-a1cc-4bb1-a761-5c302a8e1427-groupManagement] INFO  server.RaftServerConfigKeys (ConfUtils.java:logGet(46)) - raft.server.notification.no-leader.timeout = 300000ms (custom)
2024-01-26 13:21:19,027 [5f4f4713-a1cc-4bb1-a761-5c302a8e1427-groupManagement] INFO  server.RaftServerConfigKeys (ConfUtils.java:logGet(46)) - raft.server.read.timeout = 10s (default)
2024-01-26 13:21:19,027 [5f4f4713-a1cc-4bb1-a761-5c302a8e1427-groupManagement] INFO  server.RaftServerConfigKeys (ConfUtils.java:logGet(46)) - raft.server.retrycache.expirytime = 600000ms (custom)
2024-01-26 13:21:19,027 [5f4f4713-a1cc-4bb1-a761-5c302a8e1427-groupManagement] INFO  server.RaftServerConfigKeys (ConfUtils.java:logGet(46)) - raft.server.retrycache.statistics.expirytime = 100ms (default)
2024-01-26 13:21:19,027 [5f4f4713-a1cc-4bb1-a761-5c302a8e1427-groupManagement] INFO  server.RaftServerConfigKeys (ConfUtils.java:logGet(46)) - raft.server.read.option = DEFAULT (default)
2024-01-26 13:21:19,028 [5f4f4713-a1cc-4bb1-a761-5c302a8e1427-groupManagement] INFO  server.RaftServerConfigKeys (ConfUtils.java:logGet(46)) - raft.server.read.read-after-write-consistent.write-index-cache.expiry-time = 60s (default)
2024-01-26 13:21:19,029 [5f4f4713-a1cc-4bb1-a761-5c302a8e1427-groupManagement] INFO  server.RaftServerConfigKeys (ConfUtils.java:logGet(46)) - raft.server.rpc.request.timeout = 3000ms (default)
2024-01-26 13:21:19,029 [5f4f4713-a1cc-4bb1-a761-5c302a8e1427-groupManagement] INFO  server.RaftServerConfigKeys (ConfUtils.java:logGet(46)) - raft.server.log.appender.install.snapshot.enabled = false (custom)
2024-01-26 13:21:19,030 [5f4f4713-a1cc-4bb1-a761-5c302a8e1427-groupManagement] INFO  server.RaftServerConfigKeys (ConfUtils.java:logGet(46)) - raft.server.threadpool.server.cached = true (default)
2024-01-26 13:21:19,030 [5f4f4713-a1cc-4bb1-a761-5c302a8e1427-groupManagement] INFO  server.RaftServerConfigKeys (ConfUtils.java:logGet(46)) - raft.server.threadpool.server.size = 0 (default)
2024-01-26 13:21:19,030 [5f4f4713-a1cc-4bb1-a761-5c302a8e1427-groupManagement] INFO  server.RaftServerConfigKeys (ConfUtils.java:logGet(46)) - raft.server.threadpool.client.cached = true (default)
2024-01-26 13:21:19,030 [5f4f4713-a1cc-4bb1-a761-5c302a8e1427-groupManagement] INFO  server.RaftServerConfigKeys (ConfUtils.java:logGet(46)) - raft.server.threadpool.client.size = 0 (default)
2024-01-26 13:21:19,030 [5f4f4713-a1cc-4bb1-a761-5c302a8e1427-groupManagement] INFO  server.RaftServerConfigKeys (ConfUtils.java:logGet(46)) - raft.server.storage.free-space.min = 0MB (=0) (default)
2024-01-26 13:21:19,030 [5f4f4713-a1cc-4bb1-a761-5c302a8e1427-groupManagement] INFO  server.RaftServerConfigKeys (ConfUtils.java:logGet(46)) - raft.server.log.corruption.policy = EXCEPTION (default)
2024-01-26 13:21:19,030 [5f4f4713-a1cc-4bb1-a761-5c302a8e1427-groupManagement] INFO  server.RaftServerConfigKeys (ConfUtils.java:logGet(46)) - raft.server.storage.dir = [/home/runner/work/ozone/ozone/hadoop-ozone/integration-test/target/test-dir/MiniOzoneClusterImpl-953fd8c5-ac00-44c9-baab-0887e32ba883/datanode-5/data/ratis] (custom)
2024-01-26 13:21:19,030 [5f4f4713-a1cc-4bb1-a761-5c302a8e1427-groupManagement] INFO  storage.RaftStorageDirectory (RaftStorageDirectoryImpl.java:analyzeStorage(138)) - The storage directory /home/runner/work/ozone/ozone/hadoop-ozone/integration-test/target/test-dir/MiniOzoneClusterImpl-953fd8c5-ac00-44c9-baab-0887e32ba883/datanode-5/data/ratis/565c7106-4406-46e8-8d34-d2c280c44ec0 does not exist. Creating ...
2024-01-26 13:21:19,031 [5f4f4713-a1cc-4bb1-a761-5c302a8e1427-groupManagement] INFO  storage.RaftStorageDirectory (RaftStorageDirectoryImpl.java:tryLock(228)) - Lock on /home/runner/work/ozone/ozone/hadoop-ozone/integration-test/target/test-dir/MiniOzoneClusterImpl-953fd8c5-ac00-44c9-baab-0887e32ba883/datanode-5/data/ratis/565c7106-4406-46e8-8d34-d2c280c44ec0/in_use.lock acquired by nodename 73218@fv-az983-443
2024-01-26 13:21:19,031 [5f4f4713-a1cc-4bb1-a761-5c302a8e1427-groupManagement] INFO  storage.RaftStorage (RaftStorageImpl.java:format(99)) - Storage directory /home/runner/work/ozone/ozone/hadoop-ozone/integration-test/target/test-dir/MiniOzoneClusterImpl-953fd8c5-ac00-44c9-baab-0887e32ba883/datanode-5/data/ratis/565c7106-4406-46e8-8d34-d2c280c44ec0 has been successfully formatted.
2024-01-26 13:21:19,031 [5f4f4713-a1cc-4bb1-a761-5c302a8e1427-groupManagement] WARN  util.FileUtils (LogUtils.java:supplyAndLog(63)) - Failed to Files.newInputStream /home/runner/work/ozone/ozone/hadoop-ozone/integration-test/target/test-dir/MiniOzoneClusterImpl-953fd8c5-ac00-44c9-baab-0887e32ba883/datanode-5/data/ratis/565c7106-4406-46e8-8d34-d2c280c44ec0/current/raft-meta.conf with options []: java.nio.file.NoSuchFileException: /home/runner/work/ozone/ozone/hadoop-ozone/integration-test/target/test-dir/MiniOzoneClusterImpl-953fd8c5-ac00-44c9-baab-0887e32ba883/datanode-5/data/ratis/565c7106-4406-46e8-8d34-d2c280c44ec0/current/raft-meta.conf
2024-01-26 13:21:19,032 [5f4f4713-a1cc-4bb1-a761-5c302a8e1427-groupManagement] INFO  ratis.ContainerStateMachine (ContainerStateMachine.java:loadSnapshot(287)) - group-D2C280C44EC0: The snapshot info is null. Setting the last applied index to:(t:0, i:~)
2024-01-26 13:21:19,032 [5f4f4713-a1cc-4bb1-a761-5c302a8e1427-groupManagement] INFO  server.RaftServerConfigKeys (ConfUtils.java:logGet(46)) - raft.server.log.use.memory = false (default)
2024-01-26 13:21:19,033 [5f4f4713-a1cc-4bb1-a761-5c302a8e1427-groupManagement] INFO  server.RaftServerConfigKeys (ConfUtils.java:logGet(46)) - raft.server.log.purge.gap = 1000000 (custom)
2024-01-26 13:21:19,033 [5f4f4713-a1cc-4bb1-a761-5c302a8e1427-groupManagement] INFO  server.RaftServerConfigKeys (ConfUtils.java:logGet(46)) - raft.server.log.appender.buffer.byte-limit = 8388608 (custom)
2024-01-26 13:21:19,033 [5f4f4713-a1cc-4bb1-a761-5c302a8e1427-groupManagement] INFO  server.RaftServerConfigKeys (ConfUtils.java:logGet(46)) - raft.server.log.statemachine.data.read.timeout = 1000ms (default)
2024-01-26 13:21:19,033 [5f4f4713-a1cc-4bb1-a761-5c302a8e1427-groupManagement] INFO  server.RaftServerConfigKeys (ConfUtils.java:logGet(46)) - raft.server.log.purge.preservation.log.num = 0 (default)
2024-01-26 13:21:19,034 [5f4f4713-a1cc-4bb1-a761-5c302a8e1427-groupManagement] INFO  server.RaftServerConfigKeys (ConfUtils.java:logGet(46)) - raft.server.log.segment.size.max = 67108864 (custom)
2024-01-26 13:21:19,035 [5f4f4713-a1cc-4bb1-a761-5c302a8e1427-groupManagement] INFO  server.RaftServerConfigKeys (ConfUtils.java:logGet(46)) - raft.server.log.segment.cache.num.max = 2 (custom)
2024-01-26 13:21:19,035 [5f4f4713-a1cc-4bb1-a761-5c302a8e1427-groupManagement] INFO  server.RaftServerConfigKeys (ConfUtils.java:logGet(46)) - raft.server.log.segment.cache.size.max = 200MB (=209715200) (default)
2024-01-26 13:21:19,035 [5f4f4713-a1cc-4bb1-a761-5c302a8e1427-groupManagement] INFO  server.RaftServerConfigKeys (ConfUtils.java:logGet(46)) - raft.server.log.appender.buffer.byte-limit = 8388608 (custom)
2024-01-26 13:21:19,035 [5f4f4713-a1cc-4bb1-a761-5c302a8e1427-groupManagement] INFO  util.AwaitToRun (AwaitToRun.java:start(81)) - Thread[5f4f4713-a1cc-4bb1-a761-5c302a8e1427@group-D2C280C44EC0-cacheEviction-AwaitToRun,5,main] started
2024-01-26 13:21:19,035 [5f4f4713-a1cc-4bb1-a761-5c302a8e1427-groupManagement] INFO  segmented.SegmentedRaftLogWorker (SegmentedRaftLogWorker.java:<init>(182)) - new 5f4f4713-a1cc-4bb1-a761-5c302a8e1427@group-D2C280C44EC0-SegmentedRaftLogWorker for RaftStorageImpl:Storage Directory /home/runner/work/ozone/ozone/hadoop-ozone/integration-test/target/test-dir/MiniOzoneClusterImpl-953fd8c5-ac00-44c9-baab-0887e32ba883/datanode-5/data/ratis/565c7106-4406-46e8-8d34-d2c280c44ec0
2024-01-26 13:21:19,035 [5f4f4713-a1cc-4bb1-a761-5c302a8e1427-groupManagement] INFO  server.RaftServerConfigKeys (ConfUtils.java:logGet(46)) - raft.server.log.queue.byte-limit = 4294967296 (custom)
2024-01-26 13:21:19,035 [5f4f4713-a1cc-4bb1-a761-5c302a8e1427-groupManagement] INFO  server.RaftServerConfigKeys (ConfUtils.java:logGet(46)) - raft.server.log.queue.element-limit = 1024 (custom)
2024-01-26 13:21:19,035 [5f4f4713-a1cc-4bb1-a761-5c302a8e1427-groupManagement] INFO  server.RaftServerConfigKeys (ConfUtils.java:logGet(46)) - raft.server.log.segment.size.max = 67108864 (custom)
2024-01-26 13:21:19,035 [5f4f4713-a1cc-4bb1-a761-5c302a8e1427-groupManagement] INFO  server.RaftServerConfigKeys (ConfUtils.java:logGet(46)) - raft.server.log.preallocated.size = 4194304 (custom)
2024-01-26 13:21:19,035 [5f4f4713-a1cc-4bb1-a761-5c302a8e1427-groupManagement] INFO  server.RaftServerConfigKeys (ConfUtils.java:logGet(46)) - raft.server.log.force.sync.num = 128 (default)
2024-01-26 13:21:19,035 [5f4f4713-a1cc-4bb1-a761-5c302a8e1427-groupManagement] INFO  server.RaftServerConfigKeys (ConfUtils.java:logGet(46)) - raft.server.log.statemachine.data.sync = true (default)
2024-01-26 13:21:19,035 [5f4f4713-a1cc-4bb1-a761-5c302a8e1427-groupManagement] INFO  server.RaftServerConfigKeys (ConfUtils.java:logGet(46)) - raft.server.log.statemachine.data.sync.timeout = 10s (default)
2024-01-26 13:21:19,035 [5f4f4713-a1cc-4bb1-a761-5c302a8e1427-groupManagement] INFO  server.RaftServerConfigKeys (ConfUtils.java:logGet(46)) - raft.server.log.statemachine.data.sync.timeout.retry = 0 (custom)
2024-01-26 13:21:19,036 [5f4f4713-a1cc-4bb1-a761-5c302a8e1427-groupManagement] INFO  server.RaftServerConfigKeys (ConfUtils.java:logGet(46)) - raft.server.log.write.buffer.size = 8388616 (custom)
2024-01-26 13:21:19,037 [5f4f4713-a1cc-4bb1-a761-5c302a8e1427-groupManagement] INFO  server.RaftServerConfigKeys (ConfUtils.java:logGet(46)) - raft.server.log.appender.buffer.byte-limit = 8388608 (custom)
2024-01-26 13:21:19,037 [5f4f4713-a1cc-4bb1-a761-5c302a8e1427-groupManagement] INFO  server.RaftServerConfigKeys (ConfUtils.java:logGet(46)) - raft.server.log.unsafe-flush.enabled = false (default)
2024-01-26 13:21:19,037 [5f4f4713-a1cc-4bb1-a761-5c302a8e1427-groupManagement] INFO  server.RaftServerConfigKeys (ConfUtils.java:logGet(46)) - raft.server.log.async-flush.enabled = false (default)
2024-01-26 13:21:19,037 [5f4f4713-a1cc-4bb1-a761-5c302a8e1427-groupManagement] INFO  server.RaftServerConfigKeys (ConfUtils.java:logGet(46)) - raft.server.log.statemachine.data.caching.enabled = true (custom)
2024-01-26 13:21:19,037 [5f4f4713-a1cc-4bb1-a761-5c302a8e1427-groupManagement] INFO  segmented.SegmentedRaftLogWorker (SegmentedRaftLogWorker.java:lambda$new$0(134)) - 5f4f4713-a1cc-4bb1-a761-5c302a8e1427@group-D2C280C44EC0-SegmentedRaftLogWorker: flushIndex: setUnconditionally 0 -> -1
2024-01-26 13:21:19,037 [5f4f4713-a1cc-4bb1-a761-5c302a8e1427-groupManagement] INFO  segmented.SegmentedRaftLogWorker (SegmentedRaftLogWorker.java:lambda$new$0(134)) - 5f4f4713-a1cc-4bb1-a761-5c302a8e1427@group-D2C280C44EC0-SegmentedRaftLogWorker: safeCacheEvictIndex: setUnconditionally 0 -> -1
2024-01-26 13:21:19,037 [5f4f4713-a1cc-4bb1-a761-5c302a8e1427-groupManagement] INFO  server.RaftServer$Division (RaftServerImpl.java:start(396)) - 5f4f4713-a1cc-4bb1-a761-5c302a8e1427@group-D2C280C44EC0: start as a follower, conf=-1: peers:[5f4f4713-a1cc-4bb1-a761-5c302a8e1427|10.1.0.20:15326, 512d2126-5b92-4e29-85c7-4f085cf86b5e|10.1.0.20:15317, 061c5e1a-1095-4fef-ae35-bb2f1955fa47|10.1.0.20:15308]|listeners:[], old=null
2024-01-26 13:21:19,038 [5f4f4713-a1cc-4bb1-a761-5c302a8e1427-groupManagement] INFO  server.RaftServer$Division (RaftServerImpl.java:setRole(383)) - 5f4f4713-a1cc-4bb1-a761-5c302a8e1427@group-D2C280C44EC0: changes role from      null to FOLLOWER at term 0 for startAsFollower
2024-01-26 13:21:19,038 [5f4f4713-a1cc-4bb1-a761-5c302a8e1427-groupManagement] INFO  impl.RoleInfo (RoleInfo.java:updateAndGet(139)) - 5f4f4713-a1cc-4bb1-a761-5c302a8e1427: start 5f4f4713-a1cc-4bb1-a761-5c302a8e1427@group-D2C280C44EC0-FollowerState
2024-01-26 13:21:19,038 [5f4f4713-a1cc-4bb1-a761-5c302a8e1427-groupManagement] INFO  util.JmxRegister (JmxRegister.java:tryRegister(44)) - Successfully registered JMX Bean with object name Ratis:service=RaftServer,group=group-D2C280C44EC0,id=5f4f4713-a1cc-4bb1-a761-5c302a8e1427
2024-01-26 13:21:19,038 [5f4f4713-a1cc-4bb1-a761-5c302a8e1427@group-D2C280C44EC0-FollowerState] INFO  server.RaftServerConfigKeys (ConfUtils.java:logFallback(53)) - raft.server.rpc.first-election.timeout.min = 5s (fallback to raft.server.rpc.timeout.min)
2024-01-26 13:21:19,038 [5f4f4713-a1cc-4bb1-a761-5c302a8e1427@group-D2C280C44EC0-FollowerState] INFO  server.RaftServerConfigKeys (ConfUtils.java:logFallback(53)) - raft.server.rpc.first-election.timeout.max = 5200ms (fallback to raft.server.rpc.timeout.max)
2024-01-26 13:21:19,038 [5f4f4713-a1cc-4bb1-a761-5c302a8e1427-groupManagement] INFO  server.RaftServerConfigKeys (ConfUtils.java:logGet(46)) - raft.server.snapshot.trigger-when-stop.enabled = true (default)
2024-01-26 13:21:19,038 [5f4f4713-a1cc-4bb1-a761-5c302a8e1427-groupManagement] INFO  server.RaftServerConfigKeys (ConfUtils.java:logGet(46)) - raft.server.snapshot.auto.trigger.enabled = true (custom)
2024-01-26 13:21:19,038 [5f4f4713-a1cc-4bb1-a761-5c302a8e1427-groupManagement] INFO  server.RaftServerConfigKeys (ConfUtils.java:logGet(46)) - raft.server.snapshot.auto.trigger.threshold = 10000 (custom)
2024-01-26 13:21:19,038 [5f4f4713-a1cc-4bb1-a761-5c302a8e1427-groupManagement] INFO  server.RaftServerConfigKeys (ConfUtils.java:logGet(46)) - raft.server.snapshot.retention.file.num = 5 (custom)
2024-01-26 13:21:19,039 [5f4f4713-a1cc-4bb1-a761-5c302a8e1427-groupManagement] INFO  server.RaftServerConfigKeys (ConfUtils.java:logGet(46)) - raft.server.log.purge.upto.snapshot.index = false (default)
2024-01-26 13:21:19,046 [grpc-default-executor-5] INFO  server.RaftServer (RaftServerProxy.java:addNew(100)) - 512d2126-5b92-4e29-85c7-4f085cf86b5e: addNew group-D2C280C44EC0:[5f4f4713-a1cc-4bb1-a761-5c302a8e1427|10.1.0.20:15326, 512d2126-5b92-4e29-85c7-4f085cf86b5e|10.1.0.20:15317, 061c5e1a-1095-4fef-ae35-bb2f1955fa47|10.1.0.20:15308] returns group-D2C280C44EC0:java.util.concurrent.CompletableFuture@7d04d610[Not completed]
2024-01-26 13:21:19,047 [512d2126-5b92-4e29-85c7-4f085cf86b5e-groupManagement] INFO  server.RaftServer$Division (RaftServerImpl.java:<init>(256)) - 512d2126-5b92-4e29-85c7-4f085cf86b5e: new RaftServerImpl for group-D2C280C44EC0:[5f4f4713-a1cc-4bb1-a761-5c302a8e1427|10.1.0.20:15326, 512d2126-5b92-4e29-85c7-4f085cf86b5e|10.1.0.20:15317, 061c5e1a-1095-4fef-ae35-bb2f1955fa47|10.1.0.20:15308] with ContainerStateMachine:uninitialized
2024-01-26 13:21:19,047 [512d2126-5b92-4e29-85c7-4f085cf86b5e-groupManagement] INFO  server.RaftServerConfigKeys (ConfUtils.java:logGet(46)) - raft.server.rpc.timeout.min = 5s (custom)
2024-01-26 13:21:19,047 [512d2126-5b92-4e29-85c7-4f085cf86b5e-groupManagement] INFO  server.RaftServerConfigKeys (ConfUtils.java:logGet(46)) - raft.server.rpc.timeout.max = 5200ms (custom)
2024-01-26 13:21:19,047 [512d2126-5b92-4e29-85c7-4f085cf86b5e-groupManagement] INFO  server.RaftServerConfigKeys (ConfUtils.java:logGet(46)) - raft.server.rpc.sleep.time = 25ms (default)
2024-01-26 13:21:19,047 [512d2126-5b92-4e29-85c7-4f085cf86b5e-groupManagement] INFO  server.RaftServerConfigKeys (ConfUtils.java:logGet(46)) - raft.server.rpc.slowness.timeout = 300000ms (custom)
2024-01-26 13:21:19,047 [512d2126-5b92-4e29-85c7-4f085cf86b5e-groupManagement] INFO  server.RaftServerConfigKeys (ConfUtils.java:logGet(46)) - raft.server.leaderelection.leader.step-down.wait-time = 10s (default)
2024-01-26 13:21:19,047 [512d2126-5b92-4e29-85c7-4f085cf86b5e-groupManagement] INFO  server.RaftServerConfigKeys (ConfUtils.java:logGet(46)) - raft.server.leaderelection.member.majority-add = false (default)
2024-01-26 13:21:19,047 [512d2126-5b92-4e29-85c7-4f085cf86b5e-groupManagement] INFO  server.RaftServerConfigKeys (ConfUtils.java:logGet(46)) - raft.server.sleep.deviation.threshold = 300ms (default)
2024-01-26 13:21:19,047 [512d2126-5b92-4e29-85c7-4f085cf86b5e-groupManagement] INFO  server.RaftServer$Division (ServerState.java:<init>(113)) - 512d2126-5b92-4e29-85c7-4f085cf86b5e@group-D2C280C44EC0: ConfigurationManager, init=-1: peers:[5f4f4713-a1cc-4bb1-a761-5c302a8e1427|10.1.0.20:15326, 512d2126-5b92-4e29-85c7-4f085cf86b5e|10.1.0.20:15317, 061c5e1a-1095-4fef-ae35-bb2f1955fa47|10.1.0.20:15308]|listeners:[], old=null, confs=<EMPTY_MAP>
2024-01-26 13:21:19,047 [512d2126-5b92-4e29-85c7-4f085cf86b5e-groupManagement] INFO  server.RaftServerConfigKeys (ConfUtils.java:logGet(46)) - raft.server.notification.no-leader.timeout = 300000ms (custom)
2024-01-26 13:21:19,047 [512d2126-5b92-4e29-85c7-4f085cf86b5e-groupManagement] INFO  server.RaftServerConfigKeys (ConfUtils.java:logGet(46)) - raft.server.read.timeout = 10s (default)
2024-01-26 13:21:19,047 [512d2126-5b92-4e29-85c7-4f085cf86b5e-groupManagement] INFO  server.RaftServerConfigKeys (ConfUtils.java:logGet(46)) - raft.server.retrycache.expirytime = 600000ms (custom)
2024-01-26 13:21:19,048 [512d2126-5b92-4e29-85c7-4f085cf86b5e-groupManagement] INFO  server.RaftServerConfigKeys (ConfUtils.java:logGet(46)) - raft.server.retrycache.statistics.expirytime = 100ms (default)
2024-01-26 13:21:19,048 [512d2126-5b92-4e29-85c7-4f085cf86b5e-groupManagement] INFO  server.RaftServerConfigKeys (ConfUtils.java:logGet(46)) - raft.server.read.option = DEFAULT (default)
2024-01-26 13:21:19,048 [512d2126-5b92-4e29-85c7-4f085cf86b5e-groupManagement] INFO  server.RaftServerConfigKeys (ConfUtils.java:logGet(46)) - raft.server.read.read-after-write-consistent.write-index-cache.expiry-time = 60s (default)
2024-01-26 13:21:19,050 [512d2126-5b92-4e29-85c7-4f085cf86b5e-groupManagement] INFO  server.RaftServerConfigKeys (ConfUtils.java:logGet(46)) - raft.server.rpc.request.timeout = 3000ms (default)
2024-01-26 13:21:19,050 [512d2126-5b92-4e29-85c7-4f085cf86b5e-groupManagement] INFO  server.RaftServerConfigKeys (ConfUtils.java:logGet(46)) - raft.server.log.appender.install.snapshot.enabled = false (custom)
2024-01-26 13:21:19,050 [512d2126-5b92-4e29-85c7-4f085cf86b5e-groupManagement] INFO  server.RaftServerConfigKeys (ConfUtils.java:logGet(46)) - raft.server.threadpool.server.cached = true (default)
2024-01-26 13:21:19,050 [512d2126-5b92-4e29-85c7-4f085cf86b5e-groupManagement] INFO  server.RaftServerConfigKeys (ConfUtils.java:logGet(46)) - raft.server.threadpool.server.size = 0 (default)
2024-01-26 13:21:19,050 [512d2126-5b92-4e29-85c7-4f085cf86b5e-groupManagement] INFO  server.RaftServerConfigKeys (ConfUtils.java:logGet(46)) - raft.server.threadpool.client.cached = true (default)
2024-01-26 13:21:19,050 [512d2126-5b92-4e29-85c7-4f085cf86b5e-groupManagement] INFO  server.RaftServerConfigKeys (ConfUtils.java:logGet(46)) - raft.server.threadpool.client.size = 0 (default)
2024-01-26 13:21:19,050 [512d2126-5b92-4e29-85c7-4f085cf86b5e-groupManagement] INFO  server.RaftServerConfigKeys (ConfUtils.java:logGet(46)) - raft.server.storage.free-space.min = 0MB (=0) (default)
2024-01-26 13:21:19,050 [512d2126-5b92-4e29-85c7-4f085cf86b5e-groupManagement] INFO  server.RaftServerConfigKeys (ConfUtils.java:logGet(46)) - raft.server.log.corruption.policy = EXCEPTION (default)
2024-01-26 13:21:19,050 [512d2126-5b92-4e29-85c7-4f085cf86b5e-groupManagement] INFO  server.RaftServerConfigKeys (ConfUtils.java:logGet(46)) - raft.server.storage.dir = [/home/runner/work/ozone/ozone/hadoop-ozone/integration-test/target/test-dir/MiniOzoneClusterImpl-953fd8c5-ac00-44c9-baab-0887e32ba883/datanode-4/data/ratis] (custom)
2024-01-26 13:21:19,050 [512d2126-5b92-4e29-85c7-4f085cf86b5e-groupManagement] INFO  storage.RaftStorageDirectory (RaftStorageDirectoryImpl.java:analyzeStorage(138)) - The storage directory /home/runner/work/ozone/ozone/hadoop-ozone/integration-test/target/test-dir/MiniOzoneClusterImpl-953fd8c5-ac00-44c9-baab-0887e32ba883/datanode-4/data/ratis/565c7106-4406-46e8-8d34-d2c280c44ec0 does not exist. Creating ...
2024-01-26 13:21:19,051 [512d2126-5b92-4e29-85c7-4f085cf86b5e-groupManagement] INFO  storage.RaftStorageDirectory (RaftStorageDirectoryImpl.java:tryLock(228)) - Lock on /home/runner/work/ozone/ozone/hadoop-ozone/integration-test/target/test-dir/MiniOzoneClusterImpl-953fd8c5-ac00-44c9-baab-0887e32ba883/datanode-4/data/ratis/565c7106-4406-46e8-8d34-d2c280c44ec0/in_use.lock acquired by nodename 73218@fv-az983-443
2024-01-26 13:21:19,053 [512d2126-5b92-4e29-85c7-4f085cf86b5e-groupManagement] INFO  storage.RaftStorage (RaftStorageImpl.java:format(99)) - Storage directory /home/runner/work/ozone/ozone/hadoop-ozone/integration-test/target/test-dir/MiniOzoneClusterImpl-953fd8c5-ac00-44c9-baab-0887e32ba883/datanode-4/data/ratis/565c7106-4406-46e8-8d34-d2c280c44ec0 has been successfully formatted.
2024-01-26 13:21:19,053 [512d2126-5b92-4e29-85c7-4f085cf86b5e-groupManagement] WARN  util.FileUtils (LogUtils.java:supplyAndLog(63)) - Failed to Files.newInputStream /home/runner/work/ozone/ozone/hadoop-ozone/integration-test/target/test-dir/MiniOzoneClusterImpl-953fd8c5-ac00-44c9-baab-0887e32ba883/datanode-4/data/ratis/565c7106-4406-46e8-8d34-d2c280c44ec0/current/raft-meta.conf with options []: java.nio.file.NoSuchFileException: /home/runner/work/ozone/ozone/hadoop-ozone/integration-test/target/test-dir/MiniOzoneClusterImpl-953fd8c5-ac00-44c9-baab-0887e32ba883/datanode-4/data/ratis/565c7106-4406-46e8-8d34-d2c280c44ec0/current/raft-meta.conf
2024-01-26 13:21:19,057 [512d2126-5b92-4e29-85c7-4f085cf86b5e-groupManagement] INFO  ratis.ContainerStateMachine (ContainerStateMachine.java:loadSnapshot(287)) - group-D2C280C44EC0: The snapshot info is null. Setting the last applied index to:(t:0, i:~)
2024-01-26 13:21:19,057 [512d2126-5b92-4e29-85c7-4f085cf86b5e-groupManagement] INFO  server.RaftServerConfigKeys (ConfUtils.java:logGet(46)) - raft.server.log.use.memory = false (default)
2024-01-26 13:21:19,057 [512d2126-5b92-4e29-85c7-4f085cf86b5e-groupManagement] INFO  server.RaftServerConfigKeys (ConfUtils.java:logGet(46)) - raft.server.log.purge.gap = 1000000 (custom)
2024-01-26 13:21:19,057 [512d2126-5b92-4e29-85c7-4f085cf86b5e-groupManagement] INFO  server.RaftServerConfigKeys (ConfUtils.java:logGet(46)) - raft.server.log.appender.buffer.byte-limit = 8388608 (custom)
2024-01-26 13:21:19,057 [512d2126-5b92-4e29-85c7-4f085cf86b5e-groupManagement] INFO  server.RaftServerConfigKeys (ConfUtils.java:logGet(46)) - raft.server.log.statemachine.data.read.timeout = 1000ms (default)
2024-01-26 13:21:19,057 [512d2126-5b92-4e29-85c7-4f085cf86b5e-groupManagement] INFO  server.RaftServerConfigKeys (ConfUtils.java:logGet(46)) - raft.server.log.purge.preservation.log.num = 0 (default)
2024-01-26 13:21:19,058 [512d2126-5b92-4e29-85c7-4f085cf86b5e-groupManagement] INFO  server.RaftServerConfigKeys (ConfUtils.java:logGet(46)) - raft.server.log.segment.size.max = 67108864 (custom)
2024-01-26 13:21:19,058 [512d2126-5b92-4e29-85c7-4f085cf86b5e-groupManagement] INFO  server.RaftServerConfigKeys (ConfUtils.java:logGet(46)) - raft.server.log.segment.cache.num.max = 2 (custom)
2024-01-26 13:21:19,059 [512d2126-5b92-4e29-85c7-4f085cf86b5e-groupManagement] INFO  server.RaftServerConfigKeys (ConfUtils.java:logGet(46)) - raft.server.log.segment.cache.size.max = 200MB (=209715200) (default)
2024-01-26 13:21:19,059 [512d2126-5b92-4e29-85c7-4f085cf86b5e-groupManagement] INFO  server.RaftServerConfigKeys (ConfUtils.java:logGet(46)) - raft.server.log.appender.buffer.byte-limit = 8388608 (custom)
2024-01-26 13:21:19,059 [512d2126-5b92-4e29-85c7-4f085cf86b5e-groupManagement] INFO  util.AwaitToRun (AwaitToRun.java:start(81)) - Thread[512d2126-5b92-4e29-85c7-4f085cf86b5e@group-D2C280C44EC0-cacheEviction-AwaitToRun,5,main] started
2024-01-26 13:21:19,059 [512d2126-5b92-4e29-85c7-4f085cf86b5e-groupManagement] INFO  segmented.SegmentedRaftLogWorker (SegmentedRaftLogWorker.java:<init>(182)) - new 512d2126-5b92-4e29-85c7-4f085cf86b5e@group-D2C280C44EC0-SegmentedRaftLogWorker for RaftStorageImpl:Storage Directory /home/runner/work/ozone/ozone/hadoop-ozone/integration-test/target/test-dir/MiniOzoneClusterImpl-953fd8c5-ac00-44c9-baab-0887e32ba883/datanode-4/data/ratis/565c7106-4406-46e8-8d34-d2c280c44ec0
2024-01-26 13:21:19,059 [512d2126-5b92-4e29-85c7-4f085cf86b5e-groupManagement] INFO  server.RaftServerConfigKeys (ConfUtils.java:logGet(46)) - raft.server.log.queue.byte-limit = 4294967296 (custom)
2024-01-26 13:21:19,059 [512d2126-5b92-4e29-85c7-4f085cf86b5e-groupManagement] INFO  server.RaftServerConfigKeys (ConfUtils.java:logGet(46)) - raft.server.log.queue.element-limit = 1024 (custom)
2024-01-26 13:21:19,059 [512d2126-5b92-4e29-85c7-4f085cf86b5e-groupManagement] INFO  server.RaftServerConfigKeys (ConfUtils.java:logGet(46)) - raft.server.log.segment.size.max = 67108864 (custom)
2024-01-26 13:21:19,059 [512d2126-5b92-4e29-85c7-4f085cf86b5e-groupManagement] INFO  server.RaftServerConfigKeys (ConfUtils.java:logGet(46)) - raft.server.log.preallocated.size = 4194304 (custom)
2024-01-26 13:21:19,059 [512d2126-5b92-4e29-85c7-4f085cf86b5e-groupManagement] INFO  server.RaftServerConfigKeys (ConfUtils.java:logGet(46)) - raft.server.log.force.sync.num = 128 (default)
2024-01-26 13:21:19,059 [512d2126-5b92-4e29-85c7-4f085cf86b5e-groupManagement] INFO  server.RaftServerConfigKeys (ConfUtils.java:logGet(46)) - raft.server.log.statemachine.data.sync = true (default)
2024-01-26 13:21:19,059 [512d2126-5b92-4e29-85c7-4f085cf86b5e-groupManagement] INFO  server.RaftServerConfigKeys (ConfUtils.java:logGet(46)) - raft.server.log.statemachine.data.sync.timeout = 10s (default)
2024-01-26 13:21:19,060 [512d2126-5b92-4e29-85c7-4f085cf86b5e-groupManagement] INFO  server.RaftServerConfigKeys (ConfUtils.java:logGet(46)) - raft.server.log.statemachine.data.sync.timeout.retry = 0 (custom)
2024-01-26 13:21:19,060 [512d2126-5b92-4e29-85c7-4f085cf86b5e-groupManagement] INFO  server.RaftServerConfigKeys (ConfUtils.java:logGet(46)) - raft.server.log.write.buffer.size = 8388616 (custom)
2024-01-26 13:21:19,061 [512d2126-5b92-4e29-85c7-4f085cf86b5e-groupManagement] INFO  server.RaftServerConfigKeys (ConfUtils.java:logGet(46)) - raft.server.log.appender.buffer.byte-limit = 8388608 (custom)
2024-01-26 13:21:19,062 [512d2126-5b92-4e29-85c7-4f085cf86b5e-groupManagement] INFO  server.RaftServerConfigKeys (ConfUtils.java:logGet(46)) - raft.server.log.unsafe-flush.enabled = false (default)
2024-01-26 13:21:19,062 [512d2126-5b92-4e29-85c7-4f085cf86b5e-groupManagement] INFO  server.RaftServerConfigKeys (ConfUtils.java:logGet(46)) - raft.server.log.async-flush.enabled = false (default)
2024-01-26 13:21:19,062 [512d2126-5b92-4e29-85c7-4f085cf86b5e-groupManagement] INFO  server.RaftServerConfigKeys (ConfUtils.java:logGet(46)) - raft.server.log.statemachine.data.caching.enabled = true (custom)
2024-01-26 13:21:19,062 [512d2126-5b92-4e29-85c7-4f085cf86b5e-groupManagement] INFO  segmented.SegmentedRaftLogWorker (SegmentedRaftLogWorker.java:lambda$new$0(134)) - 512d2126-5b92-4e29-85c7-4f085cf86b5e@group-D2C280C44EC0-SegmentedRaftLogWorker: flushIndex: setUnconditionally 0 -> -1
2024-01-26 13:21:19,062 [512d2126-5b92-4e29-85c7-4f085cf86b5e-groupManagement] INFO  segmented.SegmentedRaftLogWorker (SegmentedRaftLogWorker.java:lambda$new$0(134)) - 512d2126-5b92-4e29-85c7-4f085cf86b5e@group-D2C280C44EC0-SegmentedRaftLogWorker: safeCacheEvictIndex: setUnconditionally 0 -> -1
2024-01-26 13:21:19,062 [512d2126-5b92-4e29-85c7-4f085cf86b5e-groupManagement] INFO  server.RaftServer$Division (RaftServerImpl.java:start(396)) - 512d2126-5b92-4e29-85c7-4f085cf86b5e@group-D2C280C44EC0: start as a follower, conf=-1: peers:[5f4f4713-a1cc-4bb1-a761-5c302a8e1427|10.1.0.20:15326, 512d2126-5b92-4e29-85c7-4f085cf86b5e|10.1.0.20:15317, 061c5e1a-1095-4fef-ae35-bb2f1955fa47|10.1.0.20:15308]|listeners:[], old=null
2024-01-26 13:21:19,062 [512d2126-5b92-4e29-85c7-4f085cf86b5e-groupManagement] INFO  server.RaftServer$Division (RaftServerImpl.java:setRole(383)) - 512d2126-5b92-4e29-85c7-4f085cf86b5e@group-D2C280C44EC0: changes role from      null to FOLLOWER at term 0 for startAsFollower
2024-01-26 13:21:19,063 [512d2126-5b92-4e29-85c7-4f085cf86b5e-groupManagement] INFO  impl.RoleInfo (RoleInfo.java:updateAndGet(139)) - 512d2126-5b92-4e29-85c7-4f085cf86b5e: start 512d2126-5b92-4e29-85c7-4f085cf86b5e@group-D2C280C44EC0-FollowerState
2024-01-26 13:21:19,063 [512d2126-5b92-4e29-85c7-4f085cf86b5e-groupManagement] INFO  util.JmxRegister (JmxRegister.java:tryRegister(44)) - Successfully registered JMX Bean with object name Ratis:service=RaftServer,group=group-D2C280C44EC0,id=512d2126-5b92-4e29-85c7-4f085cf86b5e
2024-01-26 13:21:19,063 [512d2126-5b92-4e29-85c7-4f085cf86b5e@group-D2C280C44EC0-FollowerState] INFO  server.RaftServerConfigKeys (ConfUtils.java:logFallback(53)) - raft.server.rpc.first-election.timeout.min = 5s (fallback to raft.server.rpc.timeout.min)
2024-01-26 13:21:19,063 [512d2126-5b92-4e29-85c7-4f085cf86b5e@group-D2C280C44EC0-FollowerState] INFO  server.RaftServerConfigKeys (ConfUtils.java:logFallback(53)) - raft.server.rpc.first-election.timeout.max = 5200ms (fallback to raft.server.rpc.timeout.max)
2024-01-26 13:21:19,063 [512d2126-5b92-4e29-85c7-4f085cf86b5e-groupManagement] INFO  server.RaftServerConfigKeys (ConfUtils.java:logGet(46)) - raft.server.snapshot.trigger-when-stop.enabled = true (default)
2024-01-26 13:21:19,063 [512d2126-5b92-4e29-85c7-4f085cf86b5e-groupManagement] INFO  server.RaftServerConfigKeys (ConfUtils.java:logGet(46)) - raft.server.snapshot.auto.trigger.enabled = true (custom)
2024-01-26 13:21:19,063 [512d2126-5b92-4e29-85c7-4f085cf86b5e-groupManagement] INFO  server.RaftServerConfigKeys (ConfUtils.java:logGet(46)) - raft.server.snapshot.auto.trigger.threshold = 10000 (custom)
2024-01-26 13:21:19,063 [512d2126-5b92-4e29-85c7-4f085cf86b5e-groupManagement] INFO  server.RaftServerConfigKeys (ConfUtils.java:logGet(46)) - raft.server.snapshot.retention.file.num = 5 (custom)
2024-01-26 13:21:19,064 [512d2126-5b92-4e29-85c7-4f085cf86b5e-groupManagement] INFO  server.RaftServerConfigKeys (ConfUtils.java:logGet(46)) - raft.server.log.purge.upto.snapshot.index = false (default)
2024-01-26 13:21:19,068 [061c5e1a-1095-4fef-ae35-bb2f1955fa47-PipelineCommandHandlerThread-0] INFO  commandhandler.CreatePipelineCommandHandler (CreatePipelineCommandHandler.java:lambda$handle$2(124)) - Created Pipeline RATIS THREE PipelineID=565c7106-4406-46e8-8d34-d2c280c44ec0.
2024-01-26 13:21:19,094 [512d2126-5b92-4e29-85c7-4f085cf86b5e-PipelineCommandHandlerThread-0] INFO  server.RaftServer (RaftServerProxy.java:addNew(100)) - 512d2126-5b92-4e29-85c7-4f085cf86b5e: addNew group-990A103404EC:[512d2126-5b92-4e29-85c7-4f085cf86b5e|10.1.0.20:15317] returns group-990A103404EC:java.util.concurrent.CompletableFuture@37867571[Not completed]
2024-01-26 13:21:19,095 [512d2126-5b92-4e29-85c7-4f085cf86b5e-groupManagement] INFO  server.RaftServer$Division (RaftServerImpl.java:<init>(256)) - 512d2126-5b92-4e29-85c7-4f085cf86b5e: new RaftServerImpl for group-990A103404EC:[512d2126-5b92-4e29-85c7-4f085cf86b5e|10.1.0.20:15317] with ContainerStateMachine:uninitialized
2024-01-26 13:21:19,095 [512d2126-5b92-4e29-85c7-4f085cf86b5e-groupManagement] INFO  server.RaftServerConfigKeys (ConfUtils.java:logGet(46)) - raft.server.rpc.timeout.min = 5s (custom)
2024-01-26 13:21:19,095 [512d2126-5b92-4e29-85c7-4f085cf86b5e-groupManagement] INFO  server.RaftServerConfigKeys (ConfUtils.java:logGet(46)) - raft.server.rpc.timeout.max = 5200ms (custom)
2024-01-26 13:21:19,095 [512d2126-5b92-4e29-85c7-4f085cf86b5e-groupManagement] INFO  server.RaftServerConfigKeys (ConfUtils.java:logGet(46)) - raft.server.rpc.sleep.time = 25ms (default)
2024-01-26 13:21:19,095 [512d2126-5b92-4e29-85c7-4f085cf86b5e-groupManagement] INFO  server.RaftServerConfigKeys (ConfUtils.java:logGet(46)) - raft.server.rpc.slowness.timeout = 300000ms (custom)
2024-01-26 13:21:19,095 [512d2126-5b92-4e29-85c7-4f085cf86b5e-groupManagement] INFO  server.RaftServerConfigKeys (ConfUtils.java:logGet(46)) - raft.server.leaderelection.leader.step-down.wait-time = 10s (default)
2024-01-26 13:21:19,095 [512d2126-5b92-4e29-85c7-4f085cf86b5e-groupManagement] INFO  server.RaftServerConfigKeys (ConfUtils.java:logGet(46)) - raft.server.leaderelection.member.majority-add = false (default)
2024-01-26 13:21:19,096 [512d2126-5b92-4e29-85c7-4f085cf86b5e-groupManagement] INFO  server.RaftServerConfigKeys (ConfUtils.java:logGet(46)) - raft.server.sleep.deviation.threshold = 300ms (default)
2024-01-26 13:21:19,096 [512d2126-5b92-4e29-85c7-4f085cf86b5e-groupManagement] INFO  server.RaftServer$Division (ServerState.java:<init>(113)) - 512d2126-5b92-4e29-85c7-4f085cf86b5e@group-990A103404EC: ConfigurationManager, init=-1: peers:[512d2126-5b92-4e29-85c7-4f085cf86b5e|10.1.0.20:15317]|listeners:[], old=null, confs=<EMPTY_MAP>
2024-01-26 13:21:19,096 [512d2126-5b92-4e29-85c7-4f085cf86b5e-groupManagement] INFO  server.RaftServerConfigKeys (ConfUtils.java:logGet(46)) - raft.server.notification.no-leader.timeout = 300000ms (custom)
2024-01-26 13:21:19,096 [512d2126-5b92-4e29-85c7-4f085cf86b5e-groupManagement] INFO  server.RaftServerConfigKeys (ConfUtils.java:logGet(46)) - raft.server.read.timeout = 10s (default)
2024-01-26 13:21:19,096 [512d2126-5b92-4e29-85c7-4f085cf86b5e-groupManagement] INFO  server.RaftServerConfigKeys (ConfUtils.java:logGet(46)) - raft.server.retrycache.expirytime = 600000ms (custom)
2024-01-26 13:21:19,096 [512d2126-5b92-4e29-85c7-4f085cf86b5e-groupManagement] INFO  server.RaftServerConfigKeys (ConfUtils.java:logGet(46)) - raft.server.retrycache.statistics.expirytime = 100ms (default)
2024-01-26 13:21:19,096 [512d2126-5b92-4e29-85c7-4f085cf86b5e-groupManagement] INFO  server.RaftServerConfigKeys (ConfUtils.java:logGet(46)) - raft.server.read.option = DEFAULT (default)
2024-01-26 13:21:19,096 [512d2126-5b92-4e29-85c7-4f085cf86b5e-groupManagement] INFO  server.RaftServerConfigKeys (ConfUtils.java:logGet(46)) - raft.server.read.read-after-write-consistent.write-index-cache.expiry-time = 60s (default)
2024-01-26 13:21:19,098 [512d2126-5b92-4e29-85c7-4f085cf86b5e-groupManagement] INFO  server.RaftServerConfigKeys (ConfUtils.java:logGet(46)) - raft.server.rpc.request.timeout = 3000ms (default)
2024-01-26 13:21:19,098 [512d2126-5b92-4e29-85c7-4f085cf86b5e-groupManagement] INFO  server.RaftServerConfigKeys (ConfUtils.java:logGet(46)) - raft.server.log.appender.install.snapshot.enabled = false (custom)
2024-01-26 13:21:19,098 [512d2126-5b92-4e29-85c7-4f085cf86b5e-groupManagement] INFO  server.RaftServerConfigKeys (ConfUtils.java:logGet(46)) - raft.server.threadpool.server.cached = true (default)
2024-01-26 13:21:19,098 [512d2126-5b92-4e29-85c7-4f085cf86b5e-groupManagement] INFO  server.RaftServerConfigKeys (ConfUtils.java:logGet(46)) - raft.server.threadpool.server.size = 0 (default)
2024-01-26 13:21:19,098 [512d2126-5b92-4e29-85c7-4f085cf86b5e-groupManagement] INFO  server.RaftServerConfigKeys (ConfUtils.java:logGet(46)) - raft.server.threadpool.client.cached = true (default)
2024-01-26 13:21:19,098 [512d2126-5b92-4e29-85c7-4f085cf86b5e-groupManagement] INFO  server.RaftServerConfigKeys (ConfUtils.java:logGet(46)) - raft.server.threadpool.client.size = 0 (default)
2024-01-26 13:21:19,098 [512d2126-5b92-4e29-85c7-4f085cf86b5e-groupManagement] INFO  server.RaftServerConfigKeys (ConfUtils.java:logGet(46)) - raft.server.storage.free-space.min = 0MB (=0) (default)
2024-01-26 13:21:19,099 [512d2126-5b92-4e29-85c7-4f085cf86b5e-groupManagement] INFO  server.RaftServerConfigKeys (ConfUtils.java:logGet(46)) - raft.server.log.corruption.policy = EXCEPTION (default)
2024-01-26 13:21:19,099 [512d2126-5b92-4e29-85c7-4f085cf86b5e-groupManagement] INFO  server.RaftServerConfigKeys (ConfUtils.java:logGet(46)) - raft.server.storage.dir = [/home/runner/work/ozone/ozone/hadoop-ozone/integration-test/target/test-dir/MiniOzoneClusterImpl-953fd8c5-ac00-44c9-baab-0887e32ba883/datanode-4/data/ratis] (custom)
2024-01-26 13:21:19,099 [512d2126-5b92-4e29-85c7-4f085cf86b5e-groupManagement] INFO  storage.RaftStorageDirectory (RaftStorageDirectoryImpl.java:analyzeStorage(138)) - The storage directory /home/runner/work/ozone/ozone/hadoop-ozone/integration-test/target/test-dir/MiniOzoneClusterImpl-953fd8c5-ac00-44c9-baab-0887e32ba883/datanode-4/data/ratis/ff6bf4e7-cfac-4ddb-9481-990a103404ec does not exist. Creating ...
2024-01-26 13:21:19,100 [512d2126-5b92-4e29-85c7-4f085cf86b5e-groupManagement] INFO  storage.RaftStorageDirectory (RaftStorageDirectoryImpl.java:tryLock(228)) - Lock on /home/runner/work/ozone/ozone/hadoop-ozone/integration-test/target/test-dir/MiniOzoneClusterImpl-953fd8c5-ac00-44c9-baab-0887e32ba883/datanode-4/data/ratis/ff6bf4e7-cfac-4ddb-9481-990a103404ec/in_use.lock acquired by nodename 73218@fv-az983-443
2024-01-26 13:21:19,101 [512d2126-5b92-4e29-85c7-4f085cf86b5e-groupManagement] INFO  storage.RaftStorage (RaftStorageImpl.java:format(99)) - Storage directory /home/runner/work/ozone/ozone/hadoop-ozone/integration-test/target/test-dir/MiniOzoneClusterImpl-953fd8c5-ac00-44c9-baab-0887e32ba883/datanode-4/data/ratis/ff6bf4e7-cfac-4ddb-9481-990a103404ec has been successfully formatted.
2024-01-26 13:21:19,101 [512d2126-5b92-4e29-85c7-4f085cf86b5e-groupManagement] WARN  util.FileUtils (LogUtils.java:supplyAndLog(63)) - Failed to Files.newInputStream /home/runner/work/ozone/ozone/hadoop-ozone/integration-test/target/test-dir/MiniOzoneClusterImpl-953fd8c5-ac00-44c9-baab-0887e32ba883/datanode-4/data/ratis/ff6bf4e7-cfac-4ddb-9481-990a103404ec/current/raft-meta.conf with options []: java.nio.file.NoSuchFileException: /home/runner/work/ozone/ozone/hadoop-ozone/integration-test/target/test-dir/MiniOzoneClusterImpl-953fd8c5-ac00-44c9-baab-0887e32ba883/datanode-4/data/ratis/ff6bf4e7-cfac-4ddb-9481-990a103404ec/current/raft-meta.conf
2024-01-26 13:21:19,101 [512d2126-5b92-4e29-85c7-4f085cf86b5e-groupManagement] INFO  ratis.ContainerStateMachine (ContainerStateMachine.java:loadSnapshot(287)) - group-990A103404EC: The snapshot info is null. Setting the last applied index to:(t:0, i:~)
2024-01-26 13:21:19,101 [512d2126-5b92-4e29-85c7-4f085cf86b5e-groupManagement] INFO  server.RaftServerConfigKeys (ConfUtils.java:logGet(46)) - raft.server.log.use.memory = false (default)
2024-01-26 13:21:19,101 [512d2126-5b92-4e29-85c7-4f085cf86b5e-groupManagement] INFO  server.RaftServerConfigKeys (ConfUtils.java:logGet(46)) - raft.server.log.purge.gap = 1000000 (custom)
2024-01-26 13:21:19,101 [512d2126-5b92-4e29-85c7-4f085cf86b5e-groupManagement] INFO  server.RaftServerConfigKeys (ConfUtils.java:logGet(46)) - raft.server.log.appender.buffer.byte-limit = 8388608 (custom)
2024-01-26 13:21:19,101 [512d2126-5b92-4e29-85c7-4f085cf86b5e-groupManagement] INFO  server.RaftServerConfigKeys (ConfUtils.java:logGet(46)) - raft.server.log.statemachine.data.read.timeout = 1000ms (default)
2024-01-26 13:21:19,102 [512d2126-5b92-4e29-85c7-4f085cf86b5e-groupManagement] INFO  server.RaftServerConfigKeys (ConfUtils.java:logGet(46)) - raft.server.log.purge.preservation.log.num = 0 (default)
2024-01-26 13:21:19,102 [EventQueue-PipelineReportForPipelineReportHandler] INFO  pipeline.PipelineReportHandler (PipelineReportHandler.java:processPipelineReport(136)) - Opened pipeline PipelineID=ff6bf4e7-cfac-4ddb-9481-990a103404ec
2024-01-26 13:21:19,103 [EventQueue-OpenPipelineForHealthyPipelineSafeModeRule] INFO  safemode.SCMSafeModeManager (HealthyPipelineSafeModeRule.java:process(140)) - SCM in safe mode. Healthy pipelines reported count is 0, required healthy pipeline reported count is 1
2024-01-26 13:21:19,103 [512d2126-5b92-4e29-85c7-4f085cf86b5e-groupManagement] INFO  server.RaftServerConfigKeys (ConfUtils.java:logGet(46)) - raft.server.log.segment.size.max = 67108864 (custom)
2024-01-26 13:21:19,103 [512d2126-5b92-4e29-85c7-4f085cf86b5e-groupManagement] INFO  server.RaftServerConfigKeys (ConfUtils.java:logGet(46)) - raft.server.log.segment.cache.num.max = 2 (custom)
2024-01-26 13:21:19,103 [512d2126-5b92-4e29-85c7-4f085cf86b5e-groupManagement] INFO  server.RaftServerConfigKeys (ConfUtils.java:logGet(46)) - raft.server.log.segment.cache.size.max = 200MB (=209715200) (default)
2024-01-26 13:21:19,103 [512d2126-5b92-4e29-85c7-4f085cf86b5e-groupManagement] INFO  server.RaftServerConfigKeys (ConfUtils.java:logGet(46)) - raft.server.log.appender.buffer.byte-limit = 8388608 (custom)
2024-01-26 13:21:19,103 [512d2126-5b92-4e29-85c7-4f085cf86b5e-groupManagement] INFO  util.AwaitToRun (AwaitToRun.java:start(81)) - Thread[512d2126-5b92-4e29-85c7-4f085cf86b5e@group-990A103404EC-cacheEviction-AwaitToRun,5,main] started
2024-01-26 13:21:19,104 [512d2126-5b92-4e29-85c7-4f085cf86b5e-groupManagement] INFO  segmented.SegmentedRaftLogWorker (SegmentedRaftLogWorker.java:<init>(182)) - new 512d2126-5b92-4e29-85c7-4f085cf86b5e@group-990A103404EC-SegmentedRaftLogWorker for RaftStorageImpl:Storage Directory /home/runner/work/ozone/ozone/hadoop-ozone/integration-test/target/test-dir/MiniOzoneClusterImpl-953fd8c5-ac00-44c9-baab-0887e32ba883/datanode-4/data/ratis/ff6bf4e7-cfac-4ddb-9481-990a103404ec
2024-01-26 13:21:19,104 [512d2126-5b92-4e29-85c7-4f085cf86b5e-groupManagement] INFO  server.RaftServerConfigKeys (ConfUtils.java:logGet(46)) - raft.server.log.queue.byte-limit = 4294967296 (custom)
2024-01-26 13:21:19,104 [512d2126-5b92-4e29-85c7-4f085cf86b5e-groupManagement] INFO  server.RaftServerConfigKeys (ConfUtils.java:logGet(46)) - raft.server.log.queue.element-limit = 1024 (custom)
2024-01-26 13:21:19,104 [512d2126-5b92-4e29-85c7-4f085cf86b5e-groupManagement] INFO  server.RaftServerConfigKeys (ConfUtils.java:logGet(46)) - raft.server.log.segment.size.max = 67108864 (custom)
2024-01-26 13:21:19,104 [512d2126-5b92-4e29-85c7-4f085cf86b5e-groupManagement] INFO  server.RaftServerConfigKeys (ConfUtils.java:logGet(46)) - raft.server.log.preallocated.size = 4194304 (custom)
2024-01-26 13:21:19,104 [512d2126-5b92-4e29-85c7-4f085cf86b5e-groupManagement] INFO  server.RaftServerConfigKeys (ConfUtils.java:logGet(46)) - raft.server.log.force.sync.num = 128 (default)
2024-01-26 13:21:19,104 [512d2126-5b92-4e29-85c7-4f085cf86b5e-groupManagement] INFO  server.RaftServerConfigKeys (ConfUtils.java:logGet(46)) - raft.server.log.statemachine.data.sync = true (default)
2024-01-26 13:21:19,104 [512d2126-5b92-4e29-85c7-4f085cf86b5e-groupManagement] INFO  server.RaftServerConfigKeys (ConfUtils.java:logGet(46)) - raft.server.log.statemachine.data.sync.timeout = 10s (default)
2024-01-26 13:21:19,104 [512d2126-5b92-4e29-85c7-4f085cf86b5e-groupManagement] INFO  server.RaftServerConfigKeys (ConfUtils.java:logGet(46)) - raft.server.log.statemachine.data.sync.timeout.retry = 0 (custom)
2024-01-26 13:21:19,104 [512d2126-5b92-4e29-85c7-4f085cf86b5e-groupManagement] INFO  server.RaftServerConfigKeys (ConfUtils.java:logGet(46)) - raft.server.log.write.buffer.size = 8388616 (custom)
2024-01-26 13:21:19,106 [512d2126-5b92-4e29-85c7-4f085cf86b5e-groupManagement] INFO  server.RaftServerConfigKeys (ConfUtils.java:logGet(46)) - raft.server.log.appender.buffer.byte-limit = 8388608 (custom)
2024-01-26 13:21:19,106 [512d2126-5b92-4e29-85c7-4f085cf86b5e-groupManagement] INFO  server.RaftServerConfigKeys (ConfUtils.java:logGet(46)) - raft.server.log.unsafe-flush.enabled = false (default)
2024-01-26 13:21:19,106 [512d2126-5b92-4e29-85c7-4f085cf86b5e-groupManagement] INFO  server.RaftServerConfigKeys (ConfUtils.java:logGet(46)) - raft.server.log.async-flush.enabled = false (default)
2024-01-26 13:21:19,106 [512d2126-5b92-4e29-85c7-4f085cf86b5e-groupManagement] INFO  server.RaftServerConfigKeys (ConfUtils.java:logGet(46)) - raft.server.log.statemachine.data.caching.enabled = true (custom)
2024-01-26 13:21:19,106 [512d2126-5b92-4e29-85c7-4f085cf86b5e-groupManagement] INFO  segmented.SegmentedRaftLogWorker (SegmentedRaftLogWorker.java:lambda$new$0(134)) - 512d2126-5b92-4e29-85c7-4f085cf86b5e@group-990A103404EC-SegmentedRaftLogWorker: flushIndex: setUnconditionally 0 -> -1
2024-01-26 13:21:19,106 [512d2126-5b92-4e29-85c7-4f085cf86b5e-groupManagement] INFO  segmented.SegmentedRaftLogWorker (SegmentedRaftLogWorker.java:lambda$new$0(134)) - 512d2126-5b92-4e29-85c7-4f085cf86b5e@group-990A103404EC-SegmentedRaftLogWorker: safeCacheEvictIndex: setUnconditionally 0 -> -1
2024-01-26 13:21:19,107 [512d2126-5b92-4e29-85c7-4f085cf86b5e-groupManagement] INFO  server.RaftServer$Division (RaftServerImpl.java:start(396)) - 512d2126-5b92-4e29-85c7-4f085cf86b5e@group-990A103404EC: start as a follower, conf=-1: peers:[512d2126-5b92-4e29-85c7-4f085cf86b5e|10.1.0.20:15317]|listeners:[], old=null
2024-01-26 13:21:19,107 [512d2126-5b92-4e29-85c7-4f085cf86b5e-groupManagement] INFO  server.RaftServer$Division (RaftServerImpl.java:setRole(383)) - 512d2126-5b92-4e29-85c7-4f085cf86b5e@group-990A103404EC: changes role from      null to FOLLOWER at term 0 for startAsFollower
2024-01-26 13:21:19,107 [512d2126-5b92-4e29-85c7-4f085cf86b5e-groupManagement] INFO  impl.RoleInfo (RoleInfo.java:updateAndGet(139)) - 512d2126-5b92-4e29-85c7-4f085cf86b5e: start 512d2126-5b92-4e29-85c7-4f085cf86b5e@group-990A103404EC-FollowerState
2024-01-26 13:21:19,107 [512d2126-5b92-4e29-85c7-4f085cf86b5e@group-990A103404EC-FollowerState] INFO  server.RaftServerConfigKeys (ConfUtils.java:logFallback(53)) - raft.server.rpc.first-election.timeout.min = 5s (fallback to raft.server.rpc.timeout.min)
2024-01-26 13:21:19,107 [512d2126-5b92-4e29-85c7-4f085cf86b5e-groupManagement] INFO  util.JmxRegister (JmxRegister.java:tryRegister(44)) - Successfully registered JMX Bean with object name Ratis:service=RaftServer,group=group-990A103404EC,id=512d2126-5b92-4e29-85c7-4f085cf86b5e
2024-01-26 13:21:19,107 [512d2126-5b92-4e29-85c7-4f085cf86b5e@group-990A103404EC-FollowerState] INFO  server.RaftServerConfigKeys (ConfUtils.java:logFallback(53)) - raft.server.rpc.first-election.timeout.max = 5200ms (fallback to raft.server.rpc.timeout.max)
2024-01-26 13:21:19,107 [512d2126-5b92-4e29-85c7-4f085cf86b5e-groupManagement] INFO  server.RaftServerConfigKeys (ConfUtils.java:logGet(46)) - raft.server.snapshot.trigger-when-stop.enabled = true (default)
2024-01-26 13:21:19,107 [512d2126-5b92-4e29-85c7-4f085cf86b5e-groupManagement] INFO  server.RaftServerConfigKeys (ConfUtils.java:logGet(46)) - raft.server.snapshot.auto.trigger.enabled = true (custom)
2024-01-26 13:21:19,107 [512d2126-5b92-4e29-85c7-4f085cf86b5e-groupManagement] INFO  server.RaftServerConfigKeys (ConfUtils.java:logGet(46)) - raft.server.snapshot.auto.trigger.threshold = 10000 (custom)
2024-01-26 13:21:19,107 [512d2126-5b92-4e29-85c7-4f085cf86b5e-groupManagement] INFO  server.RaftServerConfigKeys (ConfUtils.java:logGet(46)) - raft.server.snapshot.retention.file.num = 5 (custom)
2024-01-26 13:21:19,107 [512d2126-5b92-4e29-85c7-4f085cf86b5e-groupManagement] INFO  server.RaftServerConfigKeys (ConfUtils.java:logGet(46)) - raft.server.log.purge.upto.snapshot.index = false (default)
2024-01-26 13:21:19,108 [512d2126-5b92-4e29-85c7-4f085cf86b5e-PipelineCommandHandlerThread-0] INFO  ratis.XceiverServerRatis (XceiverServerRatis.java:addGroup(842)) - Created group PipelineID=ff6bf4e7-cfac-4ddb-9481-990a103404ec
2024-01-26 13:21:19,108 [512d2126-5b92-4e29-85c7-4f085cf86b5e-PipelineCommandHandlerThread-0] INFO  commandhandler.CreatePipelineCommandHandler (CreatePipelineCommandHandler.java:lambda$handle$2(124)) - Created Pipeline RATIS ONE PipelineID=ff6bf4e7-cfac-4ddb-9481-990a103404ec.
2024-01-26 13:21:19,180 [5f4f4713-a1cc-4bb1-a761-5c302a8e1427-PipelineCommandHandlerThread-0] INFO  server.RaftServer (RaftServerProxy.java:addNew(100)) - 5f4f4713-a1cc-4bb1-a761-5c302a8e1427: addNew group-DE7F60803FD5:[5f4f4713-a1cc-4bb1-a761-5c302a8e1427|10.1.0.20:15326] returns group-DE7F60803FD5:java.util.concurrent.CompletableFuture@4e91745b[Not completed]
2024-01-26 13:21:19,181 [5f4f4713-a1cc-4bb1-a761-5c302a8e1427-groupManagement] INFO  server.RaftServer$Division (RaftServerImpl.java:<init>(256)) - 5f4f4713-a1cc-4bb1-a761-5c302a8e1427: new RaftServerImpl for group-DE7F60803FD5:[5f4f4713-a1cc-4bb1-a761-5c302a8e1427|10.1.0.20:15326] with ContainerStateMachine:uninitialized
2024-01-26 13:21:19,181 [5f4f4713-a1cc-4bb1-a761-5c302a8e1427-groupManagement] INFO  server.RaftServerConfigKeys (ConfUtils.java:logGet(46)) - raft.server.rpc.timeout.min = 5s (custom)
2024-01-26 13:21:19,181 [5f4f4713-a1cc-4bb1-a761-5c302a8e1427-groupManagement] INFO  server.RaftServerConfigKeys (ConfUtils.java:logGet(46)) - raft.server.rpc.timeout.max = 5200ms (custom)
2024-01-26 13:21:19,181 [5f4f4713-a1cc-4bb1-a761-5c302a8e1427-groupManagement] INFO  server.RaftServerConfigKeys (ConfUtils.java:logGet(46)) - raft.server.rpc.sleep.time = 25ms (default)
2024-01-26 13:21:19,181 [5f4f4713-a1cc-4bb1-a761-5c302a8e1427-groupManagement] INFO  server.RaftServerConfigKeys (ConfUtils.java:logGet(46)) - raft.server.rpc.slowness.timeout = 300000ms (custom)
2024-01-26 13:21:19,181 [5f4f4713-a1cc-4bb1-a761-5c302a8e1427-groupManagement] INFO  server.RaftServerConfigKeys (ConfUtils.java:logGet(46)) - raft.server.leaderelection.leader.step-down.wait-time = 10s (default)
2024-01-26 13:21:19,181 [5f4f4713-a1cc-4bb1-a761-5c302a8e1427-groupManagement] INFO  server.RaftServerConfigKeys (ConfUtils.java:logGet(46)) - raft.server.leaderelection.member.majority-add = false (default)
2024-01-26 13:21:19,181 [5f4f4713-a1cc-4bb1-a761-5c302a8e1427-groupManagement] INFO  server.RaftServerConfigKeys (ConfUtils.java:logGet(46)) - raft.server.sleep.deviation.threshold = 300ms (default)
2024-01-26 13:21:19,181 [5f4f4713-a1cc-4bb1-a761-5c302a8e1427-groupManagement] INFO  server.RaftServer$Division (ServerState.java:<init>(113)) - 5f4f4713-a1cc-4bb1-a761-5c302a8e1427@group-DE7F60803FD5: ConfigurationManager, init=-1: peers:[5f4f4713-a1cc-4bb1-a761-5c302a8e1427|10.1.0.20:15326]|listeners:[], old=null, confs=<EMPTY_MAP>
2024-01-26 13:21:19,181 [5f4f4713-a1cc-4bb1-a761-5c302a8e1427-groupManagement] INFO  server.RaftServerConfigKeys (ConfUtils.java:logGet(46)) - raft.server.notification.no-leader.timeout = 300000ms (custom)
2024-01-26 13:21:19,181 [5f4f4713-a1cc-4bb1-a761-5c302a8e1427-groupManagement] INFO  server.RaftServerConfigKeys (ConfUtils.java:logGet(46)) - raft.server.read.timeout = 10s (default)
2024-01-26 13:21:19,181 [5f4f4713-a1cc-4bb1-a761-5c302a8e1427-groupManagement] INFO  server.RaftServerConfigKeys (ConfUtils.java:logGet(46)) - raft.server.retrycache.expirytime = 600000ms (custom)
2024-01-26 13:21:19,181 [5f4f4713-a1cc-4bb1-a761-5c302a8e1427-groupManagement] INFO  server.RaftServerConfigKeys (ConfUtils.java:logGet(46)) - raft.server.retrycache.statistics.expirytime = 100ms (default)
2024-01-26 13:21:19,181 [5f4f4713-a1cc-4bb1-a761-5c302a8e1427-groupManagement] INFO  server.RaftServerConfigKeys (ConfUtils.java:logGet(46)) - raft.server.read.option = DEFAULT (default)
2024-01-26 13:21:19,181 [5f4f4713-a1cc-4bb1-a761-5c302a8e1427-groupManagement] INFO  server.RaftServerConfigKeys (ConfUtils.java:logGet(46)) - raft.server.read.read-after-write-consistent.write-index-cache.expiry-time = 60s (default)
2024-01-26 13:21:19,183 [5f4f4713-a1cc-4bb1-a761-5c302a8e1427-groupManagement] INFO  server.RaftServerConfigKeys (ConfUtils.java:logGet(46)) - raft.server.rpc.request.timeout = 3000ms (default)
2024-01-26 13:21:19,183 [5f4f4713-a1cc-4bb1-a761-5c302a8e1427-groupManagement] INFO  server.RaftServerConfigKeys (ConfUtils.java:logGet(46)) - raft.server.log.appender.install.snapshot.enabled = false (custom)
2024-01-26 13:21:19,183 [5f4f4713-a1cc-4bb1-a761-5c302a8e1427-groupManagement] INFO  server.RaftServerConfigKeys (ConfUtils.java:logGet(46)) - raft.server.threadpool.server.cached = true (default)
2024-01-26 13:21:19,183 [5f4f4713-a1cc-4bb1-a761-5c302a8e1427-groupManagement] INFO  server.RaftServerConfigKeys (ConfUtils.java:logGet(46)) - raft.server.threadpool.server.size = 0 (default)
2024-01-26 13:21:19,183 [5f4f4713-a1cc-4bb1-a761-5c302a8e1427-groupManagement] INFO  server.RaftServerConfigKeys (ConfUtils.java:logGet(46)) - raft.server.threadpool.client.cached = true (default)
2024-01-26 13:21:19,183 [5f4f4713-a1cc-4bb1-a761-5c302a8e1427-groupManagement] INFO  server.RaftServerConfigKeys (ConfUtils.java:logGet(46)) - raft.server.threadpool.client.size = 0 (default)
2024-01-26 13:21:19,183 [5f4f4713-a1cc-4bb1-a761-5c302a8e1427-groupManagement] INFO  server.RaftServerConfigKeys (ConfUtils.java:logGet(46)) - raft.server.storage.free-space.min = 0MB (=0) (default)
2024-01-26 13:21:19,183 [5f4f4713-a1cc-4bb1-a761-5c302a8e1427-groupManagement] INFO  server.RaftServerConfigKeys (ConfUtils.java:logGet(46)) - raft.server.log.corruption.policy = EXCEPTION (default)
2024-01-26 13:21:19,183 [5f4f4713-a1cc-4bb1-a761-5c302a8e1427-groupManagement] INFO  server.RaftServerConfigKeys (ConfUtils.java:logGet(46)) - raft.server.storage.dir = [/home/runner/work/ozone/ozone/hadoop-ozone/integration-test/target/test-dir/MiniOzoneClusterImpl-953fd8c5-ac00-44c9-baab-0887e32ba883/datanode-5/data/ratis] (custom)
2024-01-26 13:21:19,183 [5f4f4713-a1cc-4bb1-a761-5c302a8e1427-groupManagement] INFO  storage.RaftStorageDirectory (RaftStorageDirectoryImpl.java:analyzeStorage(138)) - The storage directory /home/runner/work/ozone/ozone/hadoop-ozone/integration-test/target/test-dir/MiniOzoneClusterImpl-953fd8c5-ac00-44c9-baab-0887e32ba883/datanode-5/data/ratis/5d7097c8-cb87-4897-a133-de7f60803fd5 does not exist. Creating ...
2024-01-26 13:21:19,185 [5f4f4713-a1cc-4bb1-a761-5c302a8e1427-groupManagement] INFO  storage.RaftStorageDirectory (RaftStorageDirectoryImpl.java:tryLock(228)) - Lock on /home/runner/work/ozone/ozone/hadoop-ozone/integration-test/target/test-dir/MiniOzoneClusterImpl-953fd8c5-ac00-44c9-baab-0887e32ba883/datanode-5/data/ratis/5d7097c8-cb87-4897-a133-de7f60803fd5/in_use.lock acquired by nodename 73218@fv-az983-443
2024-01-26 13:21:19,186 [5f4f4713-a1cc-4bb1-a761-5c302a8e1427-groupManagement] INFO  storage.RaftStorage (RaftStorageImpl.java:format(99)) - Storage directory /home/runner/work/ozone/ozone/hadoop-ozone/integration-test/target/test-dir/MiniOzoneClusterImpl-953fd8c5-ac00-44c9-baab-0887e32ba883/datanode-5/data/ratis/5d7097c8-cb87-4897-a133-de7f60803fd5 has been successfully formatted.
2024-01-26 13:21:19,186 [5f4f4713-a1cc-4bb1-a761-5c302a8e1427-groupManagement] WARN  util.FileUtils (LogUtils.java:supplyAndLog(63)) - Failed to Files.newInputStream /home/runner/work/ozone/ozone/hadoop-ozone/integration-test/target/test-dir/MiniOzoneClusterImpl-953fd8c5-ac00-44c9-baab-0887e32ba883/datanode-5/data/ratis/5d7097c8-cb87-4897-a133-de7f60803fd5/current/raft-meta.conf with options []: java.nio.file.NoSuchFileException: /home/runner/work/ozone/ozone/hadoop-ozone/integration-test/target/test-dir/MiniOzoneClusterImpl-953fd8c5-ac00-44c9-baab-0887e32ba883/datanode-5/data/ratis/5d7097c8-cb87-4897-a133-de7f60803fd5/current/raft-meta.conf
2024-01-26 13:21:19,186 [5f4f4713-a1cc-4bb1-a761-5c302a8e1427-groupManagement] INFO  ratis.ContainerStateMachine (ContainerStateMachine.java:loadSnapshot(287)) - group-DE7F60803FD5: The snapshot info is null. Setting the last applied index to:(t:0, i:~)
2024-01-26 13:21:19,186 [5f4f4713-a1cc-4bb1-a761-5c302a8e1427-groupManagement] INFO  server.RaftServerConfigKeys (ConfUtils.java:logGet(46)) - raft.server.log.use.memory = false (default)
2024-01-26 13:21:19,186 [5f4f4713-a1cc-4bb1-a761-5c302a8e1427-groupManagement] INFO  server.RaftServerConfigKeys (ConfUtils.java:logGet(46)) - raft.server.log.purge.gap = 1000000 (custom)
2024-01-26 13:21:19,186 [5f4f4713-a1cc-4bb1-a761-5c302a8e1427-groupManagement] INFO  server.RaftServerConfigKeys (ConfUtils.java:logGet(46)) - raft.server.log.appender.buffer.byte-limit = 8388608 (custom)
2024-01-26 13:21:19,186 [5f4f4713-a1cc-4bb1-a761-5c302a8e1427-groupManagement] INFO  server.RaftServerConfigKeys (ConfUtils.java:logGet(46)) - raft.server.log.statemachine.data.read.timeout = 1000ms (default)
2024-01-26 13:21:19,187 [5f4f4713-a1cc-4bb1-a761-5c302a8e1427-groupManagement] INFO  server.RaftServerConfigKeys (ConfUtils.java:logGet(46)) - raft.server.log.purge.preservation.log.num = 0 (default)
2024-01-26 13:21:19,187 [5f4f4713-a1cc-4bb1-a761-5c302a8e1427-groupManagement] INFO  server.RaftServerConfigKeys (ConfUtils.java:logGet(46)) - raft.server.log.segment.size.max = 67108864 (custom)
2024-01-26 13:21:19,188 [5f4f4713-a1cc-4bb1-a761-5c302a8e1427-groupManagement] INFO  server.RaftServerConfigKeys (ConfUtils.java:logGet(46)) - raft.server.log.segment.cache.num.max = 2 (custom)
2024-01-26 13:21:19,188 [5f4f4713-a1cc-4bb1-a761-5c302a8e1427-groupManagement] INFO  server.RaftServerConfigKeys (ConfUtils.java:logGet(46)) - raft.server.log.segment.cache.size.max = 200MB (=209715200) (default)
2024-01-26 13:21:19,188 [5f4f4713-a1cc-4bb1-a761-5c302a8e1427-groupManagement] INFO  server.RaftServerConfigKeys (ConfUtils.java:logGet(46)) - raft.server.log.appender.buffer.byte-limit = 8388608 (custom)
2024-01-26 13:21:19,188 [5f4f4713-a1cc-4bb1-a761-5c302a8e1427-groupManagement] INFO  util.AwaitToRun (AwaitToRun.java:start(81)) - Thread[5f4f4713-a1cc-4bb1-a761-5c302a8e1427@group-DE7F60803FD5-cacheEviction-AwaitToRun,5,main] started
2024-01-26 13:21:19,188 [5f4f4713-a1cc-4bb1-a761-5c302a8e1427-groupManagement] INFO  segmented.SegmentedRaftLogWorker (SegmentedRaftLogWorker.java:<init>(182)) - new 5f4f4713-a1cc-4bb1-a761-5c302a8e1427@group-DE7F60803FD5-SegmentedRaftLogWorker for RaftStorageImpl:Storage Directory /home/runner/work/ozone/ozone/hadoop-ozone/integration-test/target/test-dir/MiniOzoneClusterImpl-953fd8c5-ac00-44c9-baab-0887e32ba883/datanode-5/data/ratis/5d7097c8-cb87-4897-a133-de7f60803fd5
2024-01-26 13:21:19,188 [5f4f4713-a1cc-4bb1-a761-5c302a8e1427-groupManagement] INFO  server.RaftServerConfigKeys (ConfUtils.java:logGet(46)) - raft.server.log.queue.byte-limit = 4294967296 (custom)
2024-01-26 13:21:19,188 [5f4f4713-a1cc-4bb1-a761-5c302a8e1427-groupManagement] INFO  server.RaftServerConfigKeys (ConfUtils.java:logGet(46)) - raft.server.log.queue.element-limit = 1024 (custom)
2024-01-26 13:21:19,188 [EventQueue-PipelineReportForPipelineReportHandler] INFO  pipeline.PipelineReportHandler (PipelineReportHandler.java:processPipelineReport(136)) - Opened pipeline PipelineID=5d7097c8-cb87-4897-a133-de7f60803fd5
2024-01-26 13:21:19,189 [EventQueue-OpenPipelineForHealthyPipelineSafeModeRule] INFO  safemode.SCMSafeModeManager (HealthyPipelineSafeModeRule.java:process(140)) - SCM in safe mode. Healthy pipelines reported count is 0, required healthy pipeline reported count is 1
2024-01-26 13:21:19,188 [5f4f4713-a1cc-4bb1-a761-5c302a8e1427-groupManagement] INFO  server.RaftServerConfigKeys (ConfUtils.java:logGet(46)) - raft.server.log.segment.size.max = 67108864 (custom)
2024-01-26 13:21:19,189 [5f4f4713-a1cc-4bb1-a761-5c302a8e1427-groupManagement] INFO  server.RaftServerConfigKeys (ConfUtils.java:logGet(46)) - raft.server.log.preallocated.size = 4194304 (custom)
2024-01-26 13:21:19,189 [5f4f4713-a1cc-4bb1-a761-5c302a8e1427-groupManagement] INFO  server.RaftServerConfigKeys (ConfUtils.java:logGet(46)) - raft.server.log.force.sync.num = 128 (default)
2024-01-26 13:21:19,189 [5f4f4713-a1cc-4bb1-a761-5c302a8e1427-groupManagement] INFO  server.RaftServerConfigKeys (ConfUtils.java:logGet(46)) - raft.server.log.statemachine.data.sync = true (default)
2024-01-26 13:21:19,189 [5f4f4713-a1cc-4bb1-a761-5c302a8e1427-groupManagement] INFO  server.RaftServerConfigKeys (ConfUtils.java:logGet(46)) - raft.server.log.statemachine.data.sync.timeout = 10s (default)
2024-01-26 13:21:19,189 [5f4f4713-a1cc-4bb1-a761-5c302a8e1427-groupManagement] INFO  server.RaftServerConfigKeys (ConfUtils.java:logGet(46)) - raft.server.log.statemachine.data.sync.timeout.retry = 0 (custom)
2024-01-26 13:21:19,189 [5f4f4713-a1cc-4bb1-a761-5c302a8e1427-groupManagement] INFO  server.RaftServerConfigKeys (ConfUtils.java:logGet(46)) - raft.server.log.write.buffer.size = 8388616 (custom)
2024-01-26 13:21:19,190 [5f4f4713-a1cc-4bb1-a761-5c302a8e1427-groupManagement] INFO  server.RaftServerConfigKeys (ConfUtils.java:logGet(46)) - raft.server.log.appender.buffer.byte-limit = 8388608 (custom)
2024-01-26 13:21:19,191 [5f4f4713-a1cc-4bb1-a761-5c302a8e1427-groupManagement] INFO  server.RaftServerConfigKeys (ConfUtils.java:logGet(46)) - raft.server.log.unsafe-flush.enabled = false (default)
2024-01-26 13:21:19,191 [5f4f4713-a1cc-4bb1-a761-5c302a8e1427-groupManagement] INFO  server.RaftServerConfigKeys (ConfUtils.java:logGet(46)) - raft.server.log.async-flush.enabled = false (default)
2024-01-26 13:21:19,191 [5f4f4713-a1cc-4bb1-a761-5c302a8e1427-groupManagement] INFO  server.RaftServerConfigKeys (ConfUtils.java:logGet(46)) - raft.server.log.statemachine.data.caching.enabled = true (custom)
2024-01-26 13:21:19,191 [5f4f4713-a1cc-4bb1-a761-5c302a8e1427-groupManagement] INFO  segmented.SegmentedRaftLogWorker (SegmentedRaftLogWorker.java:lambda$new$0(134)) - 5f4f4713-a1cc-4bb1-a761-5c302a8e1427@group-DE7F60803FD5-SegmentedRaftLogWorker: flushIndex: setUnconditionally 0 -> -1
2024-01-26 13:21:19,191 [5f4f4713-a1cc-4bb1-a761-5c302a8e1427-groupManagement] INFO  segmented.SegmentedRaftLogWorker (SegmentedRaftLogWorker.java:lambda$new$0(134)) - 5f4f4713-a1cc-4bb1-a761-5c302a8e1427@group-DE7F60803FD5-SegmentedRaftLogWorker: safeCacheEvictIndex: setUnconditionally 0 -> -1
2024-01-26 13:21:19,191 [5f4f4713-a1cc-4bb1-a761-5c302a8e1427-groupManagement] INFO  server.RaftServer$Division (RaftServerImpl.java:start(396)) - 5f4f4713-a1cc-4bb1-a761-5c302a8e1427@group-DE7F60803FD5: start as a follower, conf=-1: peers:[5f4f4713-a1cc-4bb1-a761-5c302a8e1427|10.1.0.20:15326]|listeners:[], old=null
2024-01-26 13:21:19,191 [5f4f4713-a1cc-4bb1-a761-5c302a8e1427-groupManagement] INFO  server.RaftServer$Division (RaftServerImpl.java:setRole(383)) - 5f4f4713-a1cc-4bb1-a761-5c302a8e1427@group-DE7F60803FD5: changes role from      null to FOLLOWER at term 0 for startAsFollower
2024-01-26 13:21:19,191 [5f4f4713-a1cc-4bb1-a761-5c302a8e1427-groupManagement] INFO  impl.RoleInfo (RoleInfo.java:updateAndGet(139)) - 5f4f4713-a1cc-4bb1-a761-5c302a8e1427: start 5f4f4713-a1cc-4bb1-a761-5c302a8e1427@group-DE7F60803FD5-FollowerState
2024-01-26 13:21:19,191 [5f4f4713-a1cc-4bb1-a761-5c302a8e1427-groupManagement] INFO  util.JmxRegister (JmxRegister.java:tryRegister(44)) - Successfully registered JMX Bean with object name Ratis:service=RaftServer,group=group-DE7F60803FD5,id=5f4f4713-a1cc-4bb1-a761-5c302a8e1427
2024-01-26 13:21:19,191 [5f4f4713-a1cc-4bb1-a761-5c302a8e1427-groupManagement] INFO  server.RaftServerConfigKeys (ConfUtils.java:logGet(46)) - raft.server.snapshot.trigger-when-stop.enabled = true (default)
2024-01-26 13:21:19,191 [5f4f4713-a1cc-4bb1-a761-5c302a8e1427@group-DE7F60803FD5-FollowerState] INFO  server.RaftServerConfigKeys (ConfUtils.java:logFallback(53)) - raft.server.rpc.first-election.timeout.min = 5s (fallback to raft.server.rpc.timeout.min)
2024-01-26 13:21:19,191 [5f4f4713-a1cc-4bb1-a761-5c302a8e1427-groupManagement] INFO  server.RaftServerConfigKeys (ConfUtils.java:logGet(46)) - raft.server.snapshot.auto.trigger.enabled = true (custom)
2024-01-26 13:21:19,192 [5f4f4713-a1cc-4bb1-a761-5c302a8e1427@group-DE7F60803FD5-FollowerState] INFO  server.RaftServerConfigKeys (ConfUtils.java:logFallback(53)) - raft.server.rpc.first-election.timeout.max = 5200ms (fallback to raft.server.rpc.timeout.max)
2024-01-26 13:21:19,192 [5f4f4713-a1cc-4bb1-a761-5c302a8e1427-groupManagement] INFO  server.RaftServerConfigKeys (ConfUtils.java:logGet(46)) - raft.server.snapshot.auto.trigger.threshold = 10000 (custom)
2024-01-26 13:21:19,192 [5f4f4713-a1cc-4bb1-a761-5c302a8e1427-groupManagement] INFO  server.RaftServerConfigKeys (ConfUtils.java:logGet(46)) - raft.server.snapshot.retention.file.num = 5 (custom)
2024-01-26 13:21:19,192 [5f4f4713-a1cc-4bb1-a761-5c302a8e1427-groupManagement] INFO  server.RaftServerConfigKeys (ConfUtils.java:logGet(46)) - raft.server.log.purge.upto.snapshot.index = false (default)
2024-01-26 13:21:19,192 [5f4f4713-a1cc-4bb1-a761-5c302a8e1427-PipelineCommandHandlerThread-0] INFO  ratis.XceiverServerRatis (XceiverServerRatis.java:addGroup(842)) - Created group PipelineID=5d7097c8-cb87-4897-a133-de7f60803fd5
2024-01-26 13:21:19,192 [5f4f4713-a1cc-4bb1-a761-5c302a8e1427-PipelineCommandHandlerThread-0] INFO  commandhandler.CreatePipelineCommandHandler (CreatePipelineCommandHandler.java:lambda$handle$2(124)) - Created Pipeline RATIS ONE PipelineID=5d7097c8-cb87-4897-a133-de7f60803fd5.
2024-01-26 13:21:19,275 [8e7f399e-f7c5-430e-98c6-d19423f76280-PipelineCommandHandlerThread-0] INFO  server.RaftServer (RaftServerProxy.java:addNew(100)) - 8e7f399e-f7c5-430e-98c6-d19423f76280: addNew group-DF6E1A3F0A63:[8e7f399e-f7c5-430e-98c6-d19423f76280|10.1.0.20:15335] returns group-DF6E1A3F0A63:java.util.concurrent.CompletableFuture@436f62c1[Not completed]
2024-01-26 13:21:19,275 [8e7f399e-f7c5-430e-98c6-d19423f76280-groupManagement] INFO  server.RaftServer$Division (RaftServerImpl.java:<init>(256)) - 8e7f399e-f7c5-430e-98c6-d19423f76280: new RaftServerImpl for group-DF6E1A3F0A63:[8e7f399e-f7c5-430e-98c6-d19423f76280|10.1.0.20:15335] with ContainerStateMachine:uninitialized
2024-01-26 13:21:19,275 [8e7f399e-f7c5-430e-98c6-d19423f76280-groupManagement] INFO  server.RaftServerConfigKeys (ConfUtils.java:logGet(46)) - raft.server.rpc.timeout.min = 5s (custom)
2024-01-26 13:21:19,275 [8e7f399e-f7c5-430e-98c6-d19423f76280-groupManagement] INFO  server.RaftServerConfigKeys (ConfUtils.java:logGet(46)) - raft.server.rpc.timeout.max = 5200ms (custom)
2024-01-26 13:21:19,275 [8e7f399e-f7c5-430e-98c6-d19423f76280-groupManagement] INFO  server.RaftServerConfigKeys (ConfUtils.java:logGet(46)) - raft.server.rpc.sleep.time = 25ms (default)
2024-01-26 13:21:19,276 [8e7f399e-f7c5-430e-98c6-d19423f76280-groupManagement] INFO  server.RaftServerConfigKeys (ConfUtils.java:logGet(46)) - raft.server.rpc.slowness.timeout = 300000ms (custom)
2024-01-26 13:21:19,276 [8e7f399e-f7c5-430e-98c6-d19423f76280-groupManagement] INFO  server.RaftServerConfigKeys (ConfUtils.java:logGet(46)) - raft.server.leaderelection.leader.step-down.wait-time = 10s (default)
2024-01-26 13:21:19,276 [8e7f399e-f7c5-430e-98c6-d19423f76280-groupManagement] INFO  server.RaftServerConfigKeys (ConfUtils.java:logGet(46)) - raft.server.leaderelection.member.majority-add = false (default)
2024-01-26 13:21:19,276 [8e7f399e-f7c5-430e-98c6-d19423f76280-groupManagement] INFO  server.RaftServerConfigKeys (ConfUtils.java:logGet(46)) - raft.server.sleep.deviation.threshold = 300ms (default)
2024-01-26 13:21:19,276 [8e7f399e-f7c5-430e-98c6-d19423f76280-groupManagement] INFO  server.RaftServer$Division (ServerState.java:<init>(113)) - 8e7f399e-f7c5-430e-98c6-d19423f76280@group-DF6E1A3F0A63: ConfigurationManager, init=-1: peers:[8e7f399e-f7c5-430e-98c6-d19423f76280|10.1.0.20:15335]|listeners:[], old=null, confs=<EMPTY_MAP>
2024-01-26 13:21:19,276 [8e7f399e-f7c5-430e-98c6-d19423f76280-groupManagement] INFO  server.RaftServerConfigKeys (ConfUtils.java:logGet(46)) - raft.server.notification.no-leader.timeout = 300000ms (custom)
2024-01-26 13:21:19,276 [8e7f399e-f7c5-430e-98c6-d19423f76280-groupManagement] INFO  server.RaftServerConfigKeys (ConfUtils.java:logGet(46)) - raft.server.read.timeout = 10s (default)
2024-01-26 13:21:19,276 [8e7f399e-f7c5-430e-98c6-d19423f76280-groupManagement] INFO  server.RaftServerConfigKeys (ConfUtils.java:logGet(46)) - raft.server.retrycache.expirytime = 600000ms (custom)
2024-01-26 13:21:19,276 [8e7f399e-f7c5-430e-98c6-d19423f76280-groupManagement] INFO  server.RaftServerConfigKeys (ConfUtils.java:logGet(46)) - raft.server.retrycache.statistics.expirytime = 100ms (default)
2024-01-26 13:21:19,276 [8e7f399e-f7c5-430e-98c6-d19423f76280-groupManagement] INFO  server.RaftServerConfigKeys (ConfUtils.java:logGet(46)) - raft.server.read.option = DEFAULT (default)
2024-01-26 13:21:19,276 [8e7f399e-f7c5-430e-98c6-d19423f76280-groupManagement] INFO  server.RaftServerConfigKeys (ConfUtils.java:logGet(46)) - raft.server.read.read-after-write-consistent.write-index-cache.expiry-time = 60s (default)
2024-01-26 13:21:19,278 [8e7f399e-f7c5-430e-98c6-d19423f76280-groupManagement] INFO  server.RaftServerConfigKeys (ConfUtils.java:logGet(46)) - raft.server.rpc.request.timeout = 3000ms (default)
2024-01-26 13:21:19,278 [8e7f399e-f7c5-430e-98c6-d19423f76280-groupManagement] INFO  server.RaftServerConfigKeys (ConfUtils.java:logGet(46)) - raft.server.log.appender.install.snapshot.enabled = false (custom)
2024-01-26 13:21:19,278 [8e7f399e-f7c5-430e-98c6-d19423f76280-groupManagement] INFO  server.RaftServerConfigKeys (ConfUtils.java:logGet(46)) - raft.server.threadpool.server.cached = true (default)
2024-01-26 13:21:19,278 [8e7f399e-f7c5-430e-98c6-d19423f76280-groupManagement] INFO  server.RaftServerConfigKeys (ConfUtils.java:logGet(46)) - raft.server.threadpool.server.size = 0 (default)
2024-01-26 13:21:19,278 [8e7f399e-f7c5-430e-98c6-d19423f76280-groupManagement] INFO  server.RaftServerConfigKeys (ConfUtils.java:logGet(46)) - raft.server.threadpool.client.cached = true (default)
2024-01-26 13:21:19,278 [8e7f399e-f7c5-430e-98c6-d19423f76280-groupManagement] INFO  server.RaftServerConfigKeys (ConfUtils.java:logGet(46)) - raft.server.threadpool.client.size = 0 (default)
2024-01-26 13:21:19,278 [8e7f399e-f7c5-430e-98c6-d19423f76280-groupManagement] INFO  server.RaftServerConfigKeys (ConfUtils.java:logGet(46)) - raft.server.storage.free-space.min = 0MB (=0) (default)
2024-01-26 13:21:19,278 [8e7f399e-f7c5-430e-98c6-d19423f76280-groupManagement] INFO  server.RaftServerConfigKeys (ConfUtils.java:logGet(46)) - raft.server.log.corruption.policy = EXCEPTION (default)
2024-01-26 13:21:19,278 [8e7f399e-f7c5-430e-98c6-d19423f76280-groupManagement] INFO  server.RaftServerConfigKeys (ConfUtils.java:logGet(46)) - raft.server.storage.dir = [/home/runner/work/ozone/ozone/hadoop-ozone/integration-test/target/test-dir/MiniOzoneClusterImpl-953fd8c5-ac00-44c9-baab-0887e32ba883/datanode-6/data/ratis] (custom)
2024-01-26 13:21:19,278 [8e7f399e-f7c5-430e-98c6-d19423f76280-groupManagement] INFO  storage.RaftStorageDirectory (RaftStorageDirectoryImpl.java:analyzeStorage(138)) - The storage directory /home/runner/work/ozone/ozone/hadoop-ozone/integration-test/target/test-dir/MiniOzoneClusterImpl-953fd8c5-ac00-44c9-baab-0887e32ba883/datanode-6/data/ratis/01b0cf5c-823a-4be4-b2b9-df6e1a3f0a63 does not exist. Creating ...
2024-01-26 13:21:19,279 [8e7f399e-f7c5-430e-98c6-d19423f76280-groupManagement] INFO  storage.RaftStorageDirectory (RaftStorageDirectoryImpl.java:tryLock(228)) - Lock on /home/runner/work/ozone/ozone/hadoop-ozone/integration-test/target/test-dir/MiniOzoneClusterImpl-953fd8c5-ac00-44c9-baab-0887e32ba883/datanode-6/data/ratis/01b0cf5c-823a-4be4-b2b9-df6e1a3f0a63/in_use.lock acquired by nodename 73218@fv-az983-443
2024-01-26 13:21:19,280 [8e7f399e-f7c5-430e-98c6-d19423f76280-groupManagement] INFO  storage.RaftStorage (RaftStorageImpl.java:format(99)) - Storage directory /home/runner/work/ozone/ozone/hadoop-ozone/integration-test/target/test-dir/MiniOzoneClusterImpl-953fd8c5-ac00-44c9-baab-0887e32ba883/datanode-6/data/ratis/01b0cf5c-823a-4be4-b2b9-df6e1a3f0a63 has been successfully formatted.
2024-01-26 13:21:19,281 [8e7f399e-f7c5-430e-98c6-d19423f76280-groupManagement] WARN  util.FileUtils (LogUtils.java:supplyAndLog(63)) - Failed to Files.newInputStream /home/runner/work/ozone/ozone/hadoop-ozone/integration-test/target/test-dir/MiniOzoneClusterImpl-953fd8c5-ac00-44c9-baab-0887e32ba883/datanode-6/data/ratis/01b0cf5c-823a-4be4-b2b9-df6e1a3f0a63/current/raft-meta.conf with options []: java.nio.file.NoSuchFileException: /home/runner/work/ozone/ozone/hadoop-ozone/integration-test/target/test-dir/MiniOzoneClusterImpl-953fd8c5-ac00-44c9-baab-0887e32ba883/datanode-6/data/ratis/01b0cf5c-823a-4be4-b2b9-df6e1a3f0a63/current/raft-meta.conf
2024-01-26 13:21:19,282 [8e7f399e-f7c5-430e-98c6-d19423f76280-groupManagement] INFO  ratis.ContainerStateMachine (ContainerStateMachine.java:loadSnapshot(287)) - group-DF6E1A3F0A63: The snapshot info is null. Setting the last applied index to:(t:0, i:~)
2024-01-26 13:21:19,282 [8e7f399e-f7c5-430e-98c6-d19423f76280-groupManagement] INFO  server.RaftServerConfigKeys (ConfUtils.java:logGet(46)) - raft.server.log.use.memory = false (default)
2024-01-26 13:21:19,282 [8e7f399e-f7c5-430e-98c6-d19423f76280-groupManagement] INFO  server.RaftServerConfigKeys (ConfUtils.java:logGet(46)) - raft.server.log.purge.gap = 1000000 (custom)
2024-01-26 13:21:19,282 [8e7f399e-f7c5-430e-98c6-d19423f76280-groupManagement] INFO  server.RaftServerConfigKeys (ConfUtils.java:logGet(46)) - raft.server.log.appender.buffer.byte-limit = 8388608 (custom)
2024-01-26 13:21:19,282 [8e7f399e-f7c5-430e-98c6-d19423f76280-groupManagement] INFO  server.RaftServerConfigKeys (ConfUtils.java:logGet(46)) - raft.server.log.statemachine.data.read.timeout = 1000ms (default)
2024-01-26 13:21:19,282 [8e7f399e-f7c5-430e-98c6-d19423f76280-groupManagement] INFO  server.RaftServerConfigKeys (ConfUtils.java:logGet(46)) - raft.server.log.purge.preservation.log.num = 0 (default)
2024-01-26 13:21:19,283 [EventQueue-PipelineReportForPipelineReportHandler] INFO  pipeline.PipelineReportHandler (PipelineReportHandler.java:processPipelineReport(136)) - Opened pipeline PipelineID=01b0cf5c-823a-4be4-b2b9-df6e1a3f0a63
2024-01-26 13:21:19,283 [EventQueue-OpenPipelineForHealthyPipelineSafeModeRule] INFO  safemode.SCMSafeModeManager (HealthyPipelineSafeModeRule.java:process(140)) - SCM in safe mode. Healthy pipelines reported count is 0, required healthy pipeline reported count is 1
2024-01-26 13:21:19,283 [8e7f399e-f7c5-430e-98c6-d19423f76280-groupManagement] INFO  server.RaftServerConfigKeys (ConfUtils.java:logGet(46)) - raft.server.log.segment.size.max = 67108864 (custom)
2024-01-26 13:21:19,283 [8e7f399e-f7c5-430e-98c6-d19423f76280-groupManagement] INFO  server.RaftServerConfigKeys (ConfUtils.java:logGet(46)) - raft.server.log.segment.cache.num.max = 2 (custom)
2024-01-26 13:21:19,283 [8e7f399e-f7c5-430e-98c6-d19423f76280-groupManagement] INFO  server.RaftServerConfigKeys (ConfUtils.java:logGet(46)) - raft.server.log.segment.cache.size.max = 200MB (=209715200) (default)
2024-01-26 13:21:19,283 [8e7f399e-f7c5-430e-98c6-d19423f76280-groupManagement] INFO  server.RaftServerConfigKeys (ConfUtils.java:logGet(46)) - raft.server.log.appender.buffer.byte-limit = 8388608 (custom)
2024-01-26 13:21:19,283 [8e7f399e-f7c5-430e-98c6-d19423f76280-groupManagement] INFO  util.AwaitToRun (AwaitToRun.java:start(81)) - Thread[8e7f399e-f7c5-430e-98c6-d19423f76280@group-DF6E1A3F0A63-cacheEviction-AwaitToRun,5,main] started
2024-01-26 13:21:19,283 [8e7f399e-f7c5-430e-98c6-d19423f76280-groupManagement] INFO  segmented.SegmentedRaftLogWorker (SegmentedRaftLogWorker.java:<init>(182)) - new 8e7f399e-f7c5-430e-98c6-d19423f76280@group-DF6E1A3F0A63-SegmentedRaftLogWorker for RaftStorageImpl:Storage Directory /home/runner/work/ozone/ozone/hadoop-ozone/integration-test/target/test-dir/MiniOzoneClusterImpl-953fd8c5-ac00-44c9-baab-0887e32ba883/datanode-6/data/ratis/01b0cf5c-823a-4be4-b2b9-df6e1a3f0a63
2024-01-26 13:21:19,283 [8e7f399e-f7c5-430e-98c6-d19423f76280-groupManagement] INFO  server.RaftServerConfigKeys (ConfUtils.java:logGet(46)) - raft.server.log.queue.byte-limit = 4294967296 (custom)
2024-01-26 13:21:19,283 [8e7f399e-f7c5-430e-98c6-d19423f76280-groupManagement] INFO  server.RaftServerConfigKeys (ConfUtils.java:logGet(46)) - raft.server.log.queue.element-limit = 1024 (custom)
2024-01-26 13:21:19,284 [8e7f399e-f7c5-430e-98c6-d19423f76280-groupManagement] INFO  server.RaftServerConfigKeys (ConfUtils.java:logGet(46)) - raft.server.log.segment.size.max = 67108864 (custom)
2024-01-26 13:21:19,284 [8e7f399e-f7c5-430e-98c6-d19423f76280-groupManagement] INFO  server.RaftServerConfigKeys (ConfUtils.java:logGet(46)) - raft.server.log.preallocated.size = 4194304 (custom)
2024-01-26 13:21:19,284 [8e7f399e-f7c5-430e-98c6-d19423f76280-groupManagement] INFO  server.RaftServerConfigKeys (ConfUtils.java:logGet(46)) - raft.server.log.force.sync.num = 128 (default)
2024-01-26 13:21:19,284 [8e7f399e-f7c5-430e-98c6-d19423f76280-groupManagement] INFO  server.RaftServerConfigKeys (ConfUtils.java:logGet(46)) - raft.server.log.statemachine.data.sync = true (default)
2024-01-26 13:21:19,284 [8e7f399e-f7c5-430e-98c6-d19423f76280-groupManagement] INFO  server.RaftServerConfigKeys (ConfUtils.java:logGet(46)) - raft.server.log.statemachine.data.sync.timeout = 10s (default)
2024-01-26 13:21:19,284 [8e7f399e-f7c5-430e-98c6-d19423f76280-groupManagement] INFO  server.RaftServerConfigKeys (ConfUtils.java:logGet(46)) - raft.server.log.statemachine.data.sync.timeout.retry = 0 (custom)
2024-01-26 13:21:19,284 [8e7f399e-f7c5-430e-98c6-d19423f76280-groupManagement] INFO  server.RaftServerConfigKeys (ConfUtils.java:logGet(46)) - raft.server.log.write.buffer.size = 8388616 (custom)
2024-01-26 13:21:19,285 [8e7f399e-f7c5-430e-98c6-d19423f76280-groupManagement] INFO  server.RaftServerConfigKeys (ConfUtils.java:logGet(46)) - raft.server.log.appender.buffer.byte-limit = 8388608 (custom)
2024-01-26 13:21:19,285 [8e7f399e-f7c5-430e-98c6-d19423f76280-groupManagement] INFO  server.RaftServerConfigKeys (ConfUtils.java:logGet(46)) - raft.server.log.unsafe-flush.enabled = false (default)
2024-01-26 13:21:19,285 [8e7f399e-f7c5-430e-98c6-d19423f76280-groupManagement] INFO  server.RaftServerConfigKeys (ConfUtils.java:logGet(46)) - raft.server.log.async-flush.enabled = false (default)
2024-01-26 13:21:19,285 [8e7f399e-f7c5-430e-98c6-d19423f76280-groupManagement] INFO  server.RaftServerConfigKeys (ConfUtils.java:logGet(46)) - raft.server.log.statemachine.data.caching.enabled = true (custom)
2024-01-26 13:21:19,286 [8e7f399e-f7c5-430e-98c6-d19423f76280-groupManagement] INFO  segmented.SegmentedRaftLogWorker (SegmentedRaftLogWorker.java:lambda$new$0(134)) - 8e7f399e-f7c5-430e-98c6-d19423f76280@group-DF6E1A3F0A63-SegmentedRaftLogWorker: flushIndex: setUnconditionally 0 -> -1
2024-01-26 13:21:19,286 [8e7f399e-f7c5-430e-98c6-d19423f76280-groupManagement] INFO  segmented.SegmentedRaftLogWorker (SegmentedRaftLogWorker.java:lambda$new$0(134)) - 8e7f399e-f7c5-430e-98c6-d19423f76280@group-DF6E1A3F0A63-SegmentedRaftLogWorker: safeCacheEvictIndex: setUnconditionally 0 -> -1
2024-01-26 13:21:19,286 [8e7f399e-f7c5-430e-98c6-d19423f76280-groupManagement] INFO  server.RaftServer$Division (RaftServerImpl.java:start(396)) - 8e7f399e-f7c5-430e-98c6-d19423f76280@group-DF6E1A3F0A63: start as a follower, conf=-1: peers:[8e7f399e-f7c5-430e-98c6-d19423f76280|10.1.0.20:15335]|listeners:[], old=null
2024-01-26 13:21:19,286 [8e7f399e-f7c5-430e-98c6-d19423f76280-groupManagement] INFO  server.RaftServer$Division (RaftServerImpl.java:setRole(383)) - 8e7f399e-f7c5-430e-98c6-d19423f76280@group-DF6E1A3F0A63: changes role from      null to FOLLOWER at term 0 for startAsFollower
2024-01-26 13:21:19,286 [8e7f399e-f7c5-430e-98c6-d19423f76280-groupManagement] INFO  impl.RoleInfo (RoleInfo.java:updateAndGet(139)) - 8e7f399e-f7c5-430e-98c6-d19423f76280: start 8e7f399e-f7c5-430e-98c6-d19423f76280@group-DF6E1A3F0A63-FollowerState
2024-01-26 13:21:19,286 [8e7f399e-f7c5-430e-98c6-d19423f76280-groupManagement] INFO  util.JmxRegister (JmxRegister.java:tryRegister(44)) - Successfully registered JMX Bean with object name Ratis:service=RaftServer,group=group-DF6E1A3F0A63,id=8e7f399e-f7c5-430e-98c6-d19423f76280
2024-01-26 13:21:19,286 [8e7f399e-f7c5-430e-98c6-d19423f76280@group-DF6E1A3F0A63-FollowerState] INFO  server.RaftServerConfigKeys (ConfUtils.java:logFallback(53)) - raft.server.rpc.first-election.timeout.min = 5s (fallback to raft.server.rpc.timeout.min)
2024-01-26 13:21:19,286 [8e7f399e-f7c5-430e-98c6-d19423f76280-groupManagement] INFO  server.RaftServerConfigKeys (ConfUtils.java:logGet(46)) - raft.server.snapshot.trigger-when-stop.enabled = true (default)
2024-01-26 13:21:19,286 [8e7f399e-f7c5-430e-98c6-d19423f76280@group-DF6E1A3F0A63-FollowerState] INFO  server.RaftServerConfigKeys (ConfUtils.java:logFallback(53)) - raft.server.rpc.first-election.timeout.max = 5200ms (fallback to raft.server.rpc.timeout.max)
2024-01-26 13:21:19,286 [8e7f399e-f7c5-430e-98c6-d19423f76280-groupManagement] INFO  server.RaftServerConfigKeys (ConfUtils.java:logGet(46)) - raft.server.snapshot.auto.trigger.enabled = true (custom)
2024-01-26 13:21:19,286 [8e7f399e-f7c5-430e-98c6-d19423f76280-groupManagement] INFO  server.RaftServerConfigKeys (ConfUtils.java:logGet(46)) - raft.server.snapshot.auto.trigger.threshold = 10000 (custom)
2024-01-26 13:21:19,286 [8e7f399e-f7c5-430e-98c6-d19423f76280-groupManagement] INFO  server.RaftServerConfigKeys (ConfUtils.java:logGet(46)) - raft.server.snapshot.retention.file.num = 5 (custom)
2024-01-26 13:21:19,287 [8e7f399e-f7c5-430e-98c6-d19423f76280-groupManagement] INFO  server.RaftServerConfigKeys (ConfUtils.java:logGet(46)) - raft.server.log.purge.upto.snapshot.index = false (default)
2024-01-26 13:21:19,287 [8e7f399e-f7c5-430e-98c6-d19423f76280-PipelineCommandHandlerThread-0] INFO  ratis.XceiverServerRatis (XceiverServerRatis.java:addGroup(842)) - Created group PipelineID=01b0cf5c-823a-4be4-b2b9-df6e1a3f0a63
2024-01-26 13:21:19,287 [8e7f399e-f7c5-430e-98c6-d19423f76280-PipelineCommandHandlerThread-0] INFO  commandhandler.CreatePipelineCommandHandler (CreatePipelineCommandHandler.java:lambda$handle$2(124)) - Created Pipeline RATIS ONE PipelineID=01b0cf5c-823a-4be4-b2b9-df6e1a3f0a63.
2024-01-26 13:21:19,287 [8e7f399e-f7c5-430e-98c6-d19423f76280-PipelineCommandHandlerThread-0] INFO  server.RaftServer (RaftServerProxy.java:addNew(100)) - 8e7f399e-f7c5-430e-98c6-d19423f76280: addNew group-9246EA52D491:[6765ae9a-8790-488a-a655-dfdac73b9f74|10.1.0.20:15353, 282c7661-760d-4a20-bf76-23fe8f9b2b08|10.1.0.20:15344, 8e7f399e-f7c5-430e-98c6-d19423f76280|10.1.0.20:15335] returns group-9246EA52D491:java.util.concurrent.CompletableFuture@4750ee74[Not completed]
2024-01-26 13:21:19,288 [8e7f399e-f7c5-430e-98c6-d19423f76280-groupManagement] INFO  server.RaftServer$Division (RaftServerImpl.java:<init>(256)) - 8e7f399e-f7c5-430e-98c6-d19423f76280: new RaftServerImpl for group-9246EA52D491:[6765ae9a-8790-488a-a655-dfdac73b9f74|10.1.0.20:15353, 282c7661-760d-4a20-bf76-23fe8f9b2b08|10.1.0.20:15344, 8e7f399e-f7c5-430e-98c6-d19423f76280|10.1.0.20:15335] with ContainerStateMachine:uninitialized
2024-01-26 13:21:19,288 [8e7f399e-f7c5-430e-98c6-d19423f76280-groupManagement] INFO  server.RaftServerConfigKeys (ConfUtils.java:logGet(46)) - raft.server.rpc.timeout.min = 5s (custom)
2024-01-26 13:21:19,288 [8e7f399e-f7c5-430e-98c6-d19423f76280-groupManagement] INFO  server.RaftServerConfigKeys (ConfUtils.java:logGet(46)) - raft.server.rpc.timeout.max = 5200ms (custom)
2024-01-26 13:21:19,288 [8e7f399e-f7c5-430e-98c6-d19423f76280-groupManagement] INFO  server.RaftServerConfigKeys (ConfUtils.java:logGet(46)) - raft.server.rpc.sleep.time = 25ms (default)
2024-01-26 13:21:19,288 [8e7f399e-f7c5-430e-98c6-d19423f76280-groupManagement] INFO  server.RaftServerConfigKeys (ConfUtils.java:logGet(46)) - raft.server.rpc.slowness.timeout = 300000ms (custom)
2024-01-26 13:21:19,288 [8e7f399e-f7c5-430e-98c6-d19423f76280-groupManagement] INFO  server.RaftServerConfigKeys (ConfUtils.java:logGet(46)) - raft.server.leaderelection.leader.step-down.wait-time = 10s (default)
2024-01-26 13:21:19,288 [8e7f399e-f7c5-430e-98c6-d19423f76280-groupManagement] INFO  server.RaftServerConfigKeys (ConfUtils.java:logGet(46)) - raft.server.leaderelection.member.majority-add = false (default)
2024-01-26 13:21:19,288 [8e7f399e-f7c5-430e-98c6-d19423f76280-groupManagement] INFO  server.RaftServerConfigKeys (ConfUtils.java:logGet(46)) - raft.server.sleep.deviation.threshold = 300ms (default)
2024-01-26 13:21:19,288 [8e7f399e-f7c5-430e-98c6-d19423f76280-groupManagement] INFO  server.RaftServer$Division (ServerState.java:<init>(113)) - 8e7f399e-f7c5-430e-98c6-d19423f76280@group-9246EA52D491: ConfigurationManager, init=-1: peers:[6765ae9a-8790-488a-a655-dfdac73b9f74|10.1.0.20:15353, 282c7661-760d-4a20-bf76-23fe8f9b2b08|10.1.0.20:15344, 8e7f399e-f7c5-430e-98c6-d19423f76280|10.1.0.20:15335]|listeners:[], old=null, confs=<EMPTY_MAP>
2024-01-26 13:21:19,288 [8e7f399e-f7c5-430e-98c6-d19423f76280-groupManagement] INFO  server.RaftServerConfigKeys (ConfUtils.java:logGet(46)) - raft.server.notification.no-leader.timeout = 300000ms (custom)
2024-01-26 13:21:19,288 [8e7f399e-f7c5-430e-98c6-d19423f76280-groupManagement] INFO  server.RaftServerConfigKeys (ConfUtils.java:logGet(46)) - raft.server.read.timeout = 10s (default)
2024-01-26 13:21:19,289 [8e7f399e-f7c5-430e-98c6-d19423f76280-groupManagement] INFO  server.RaftServerConfigKeys (ConfUtils.java:logGet(46)) - raft.server.retrycache.expirytime = 600000ms (custom)
2024-01-26 13:21:19,289 [8e7f399e-f7c5-430e-98c6-d19423f76280-groupManagement] INFO  server.RaftServerConfigKeys (ConfUtils.java:logGet(46)) - raft.server.retrycache.statistics.expirytime = 100ms (default)
2024-01-26 13:21:19,289 [8e7f399e-f7c5-430e-98c6-d19423f76280-groupManagement] INFO  server.RaftServerConfigKeys (ConfUtils.java:logGet(46)) - raft.server.read.option = DEFAULT (default)
2024-01-26 13:21:19,289 [8e7f399e-f7c5-430e-98c6-d19423f76280-groupManagement] INFO  server.RaftServerConfigKeys (ConfUtils.java:logGet(46)) - raft.server.read.read-after-write-consistent.write-index-cache.expiry-time = 60s (default)
2024-01-26 13:21:19,290 [8e7f399e-f7c5-430e-98c6-d19423f76280-groupManagement] INFO  server.RaftServerConfigKeys (ConfUtils.java:logGet(46)) - raft.server.rpc.request.timeout = 3000ms (default)
2024-01-26 13:21:19,290 [8e7f399e-f7c5-430e-98c6-d19423f76280-groupManagement] INFO  server.RaftServerConfigKeys (ConfUtils.java:logGet(46)) - raft.server.log.appender.install.snapshot.enabled = false (custom)
2024-01-26 13:21:19,290 [8e7f399e-f7c5-430e-98c6-d19423f76280-groupManagement] INFO  server.RaftServerConfigKeys (ConfUtils.java:logGet(46)) - raft.server.threadpool.server.cached = true (default)
2024-01-26 13:21:19,290 [8e7f399e-f7c5-430e-98c6-d19423f76280-groupManagement] INFO  server.RaftServerConfigKeys (ConfUtils.java:logGet(46)) - raft.server.threadpool.server.size = 0 (default)
2024-01-26 13:21:19,290 [8e7f399e-f7c5-430e-98c6-d19423f76280-groupManagement] INFO  server.RaftServerConfigKeys (ConfUtils.java:logGet(46)) - raft.server.threadpool.client.cached = true (default)
2024-01-26 13:21:19,290 [8e7f399e-f7c5-430e-98c6-d19423f76280-groupManagement] INFO  server.RaftServerConfigKeys (ConfUtils.java:logGet(46)) - raft.server.threadpool.client.size = 0 (default)
2024-01-26 13:21:19,290 [8e7f399e-f7c5-430e-98c6-d19423f76280-groupManagement] INFO  server.RaftServerConfigKeys (ConfUtils.java:logGet(46)) - raft.server.storage.free-space.min = 0MB (=0) (default)
2024-01-26 13:21:19,290 [8e7f399e-f7c5-430e-98c6-d19423f76280-groupManagement] INFO  server.RaftServerConfigKeys (ConfUtils.java:logGet(46)) - raft.server.log.corruption.policy = EXCEPTION (default)
2024-01-26 13:21:19,291 [8e7f399e-f7c5-430e-98c6-d19423f76280-groupManagement] INFO  server.RaftServerConfigKeys (ConfUtils.java:logGet(46)) - raft.server.storage.dir = [/home/runner/work/ozone/ozone/hadoop-ozone/integration-test/target/test-dir/MiniOzoneClusterImpl-953fd8c5-ac00-44c9-baab-0887e32ba883/datanode-6/data/ratis] (custom)
2024-01-26 13:21:19,291 [8e7f399e-f7c5-430e-98c6-d19423f76280-groupManagement] INFO  storage.RaftStorageDirectory (RaftStorageDirectoryImpl.java:analyzeStorage(138)) - The storage directory /home/runner/work/ozone/ozone/hadoop-ozone/integration-test/target/test-dir/MiniOzoneClusterImpl-953fd8c5-ac00-44c9-baab-0887e32ba883/datanode-6/data/ratis/c268dbf8-a06d-482b-bb17-9246ea52d491 does not exist. Creating ...
2024-01-26 13:21:19,292 [8e7f399e-f7c5-430e-98c6-d19423f76280-groupManagement] INFO  storage.RaftStorageDirectory (RaftStorageDirectoryImpl.java:tryLock(228)) - Lock on /home/runner/work/ozone/ozone/hadoop-ozone/integration-test/target/test-dir/MiniOzoneClusterImpl-953fd8c5-ac00-44c9-baab-0887e32ba883/datanode-6/data/ratis/c268dbf8-a06d-482b-bb17-9246ea52d491/in_use.lock acquired by nodename 73218@fv-az983-443
2024-01-26 13:21:19,292 [8e7f399e-f7c5-430e-98c6-d19423f76280-groupManagement] INFO  storage.RaftStorage (RaftStorageImpl.java:format(99)) - Storage directory /home/runner/work/ozone/ozone/hadoop-ozone/integration-test/target/test-dir/MiniOzoneClusterImpl-953fd8c5-ac00-44c9-baab-0887e32ba883/datanode-6/data/ratis/c268dbf8-a06d-482b-bb17-9246ea52d491 has been successfully formatted.
2024-01-26 13:21:19,292 [8e7f399e-f7c5-430e-98c6-d19423f76280-groupManagement] WARN  util.FileUtils (LogUtils.java:supplyAndLog(63)) - Failed to Files.newInputStream /home/runner/work/ozone/ozone/hadoop-ozone/integration-test/target/test-dir/MiniOzoneClusterImpl-953fd8c5-ac00-44c9-baab-0887e32ba883/datanode-6/data/ratis/c268dbf8-a06d-482b-bb17-9246ea52d491/current/raft-meta.conf with options []: java.nio.file.NoSuchFileException: /home/runner/work/ozone/ozone/hadoop-ozone/integration-test/target/test-dir/MiniOzoneClusterImpl-953fd8c5-ac00-44c9-baab-0887e32ba883/datanode-6/data/ratis/c268dbf8-a06d-482b-bb17-9246ea52d491/current/raft-meta.conf
2024-01-26 13:21:19,293 [8e7f399e-f7c5-430e-98c6-d19423f76280-groupManagement] INFO  ratis.ContainerStateMachine (ContainerStateMachine.java:loadSnapshot(287)) - group-9246EA52D491: The snapshot info is null. Setting the last applied index to:(t:0, i:~)
2024-01-26 13:21:19,293 [8e7f399e-f7c5-430e-98c6-d19423f76280-groupManagement] INFO  server.RaftServerConfigKeys (ConfUtils.java:logGet(46)) - raft.server.log.use.memory = false (default)
2024-01-26 13:21:19,293 [8e7f399e-f7c5-430e-98c6-d19423f76280-groupManagement] INFO  server.RaftServerConfigKeys (ConfUtils.java:logGet(46)) - raft.server.log.purge.gap = 1000000 (custom)
2024-01-26 13:21:19,293 [8e7f399e-f7c5-430e-98c6-d19423f76280-groupManagement] INFO  server.RaftServerConfigKeys (ConfUtils.java:logGet(46)) - raft.server.log.appender.buffer.byte-limit = 8388608 (custom)
2024-01-26 13:21:19,293 [8e7f399e-f7c5-430e-98c6-d19423f76280-groupManagement] INFO  server.RaftServerConfigKeys (ConfUtils.java:logGet(46)) - raft.server.log.statemachine.data.read.timeout = 1000ms (default)
2024-01-26 13:21:19,293 [8e7f399e-f7c5-430e-98c6-d19423f76280-groupManagement] INFO  server.RaftServerConfigKeys (ConfUtils.java:logGet(46)) - raft.server.log.purge.preservation.log.num = 0 (default)
2024-01-26 13:21:19,293 [EventQueue-OpenPipelineForHealthyPipelineSafeModeRule] INFO  safemode.SCMSafeModeManager (HealthyPipelineSafeModeRule.java:process(140)) - SCM in safe mode. Healthy pipelines reported count is 0, required healthy pipeline reported count is 1
2024-01-26 13:21:19,294 [8e7f399e-f7c5-430e-98c6-d19423f76280-groupManagement] INFO  server.RaftServerConfigKeys (ConfUtils.java:logGet(46)) - raft.server.log.segment.size.max = 67108864 (custom)
2024-01-26 13:21:19,294 [8e7f399e-f7c5-430e-98c6-d19423f76280-groupManagement] INFO  server.RaftServerConfigKeys (ConfUtils.java:logGet(46)) - raft.server.log.segment.cache.num.max = 2 (custom)
2024-01-26 13:21:19,294 [8e7f399e-f7c5-430e-98c6-d19423f76280-groupManagement] INFO  server.RaftServerConfigKeys (ConfUtils.java:logGet(46)) - raft.server.log.segment.cache.size.max = 200MB (=209715200) (default)
2024-01-26 13:21:19,294 [8e7f399e-f7c5-430e-98c6-d19423f76280-groupManagement] INFO  server.RaftServerConfigKeys (ConfUtils.java:logGet(46)) - raft.server.log.appender.buffer.byte-limit = 8388608 (custom)
2024-01-26 13:21:19,294 [8e7f399e-f7c5-430e-98c6-d19423f76280-groupManagement] INFO  util.AwaitToRun (AwaitToRun.java:start(81)) - Thread[8e7f399e-f7c5-430e-98c6-d19423f76280@group-9246EA52D491-cacheEviction-AwaitToRun,5,main] started
2024-01-26 13:21:19,295 [8e7f399e-f7c5-430e-98c6-d19423f76280-groupManagement] INFO  segmented.SegmentedRaftLogWorker (SegmentedRaftLogWorker.java:<init>(182)) - new 8e7f399e-f7c5-430e-98c6-d19423f76280@group-9246EA52D491-SegmentedRaftLogWorker for RaftStorageImpl:Storage Directory /home/runner/work/ozone/ozone/hadoop-ozone/integration-test/target/test-dir/MiniOzoneClusterImpl-953fd8c5-ac00-44c9-baab-0887e32ba883/datanode-6/data/ratis/c268dbf8-a06d-482b-bb17-9246ea52d491
2024-01-26 13:21:19,295 [8e7f399e-f7c5-430e-98c6-d19423f76280-groupManagement] INFO  server.RaftServerConfigKeys (ConfUtils.java:logGet(46)) - raft.server.log.queue.byte-limit = 4294967296 (custom)
2024-01-26 13:21:19,295 [8e7f399e-f7c5-430e-98c6-d19423f76280-groupManagement] INFO  server.RaftServerConfigKeys (ConfUtils.java:logGet(46)) - raft.server.log.queue.element-limit = 1024 (custom)
2024-01-26 13:21:19,295 [8e7f399e-f7c5-430e-98c6-d19423f76280-groupManagement] INFO  server.RaftServerConfigKeys (ConfUtils.java:logGet(46)) - raft.server.log.segment.size.max = 67108864 (custom)
2024-01-26 13:21:19,295 [8e7f399e-f7c5-430e-98c6-d19423f76280-groupManagement] INFO  server.RaftServerConfigKeys (ConfUtils.java:logGet(46)) - raft.server.log.preallocated.size = 4194304 (custom)
2024-01-26 13:21:19,295 [8e7f399e-f7c5-430e-98c6-d19423f76280-groupManagement] INFO  server.RaftServerConfigKeys (ConfUtils.java:logGet(46)) - raft.server.log.force.sync.num = 128 (default)
2024-01-26 13:21:19,295 [8e7f399e-f7c5-430e-98c6-d19423f76280-groupManagement] INFO  server.RaftServerConfigKeys (ConfUtils.java:logGet(46)) - raft.server.log.statemachine.data.sync = true (default)
2024-01-26 13:21:19,295 [8e7f399e-f7c5-430e-98c6-d19423f76280-groupManagement] INFO  server.RaftServerConfigKeys (ConfUtils.java:logGet(46)) - raft.server.log.statemachine.data.sync.timeout = 10s (default)
2024-01-26 13:21:19,295 [8e7f399e-f7c5-430e-98c6-d19423f76280-groupManagement] INFO  server.RaftServerConfigKeys (ConfUtils.java:logGet(46)) - raft.server.log.statemachine.data.sync.timeout.retry = 0 (custom)
2024-01-26 13:21:19,295 [8e7f399e-f7c5-430e-98c6-d19423f76280-groupManagement] INFO  server.RaftServerConfigKeys (ConfUtils.java:logGet(46)) - raft.server.log.write.buffer.size = 8388616 (custom)
2024-01-26 13:21:19,297 [8e7f399e-f7c5-430e-98c6-d19423f76280-groupManagement] INFO  server.RaftServerConfigKeys (ConfUtils.java:logGet(46)) - raft.server.log.appender.buffer.byte-limit = 8388608 (custom)
2024-01-26 13:21:19,297 [8e7f399e-f7c5-430e-98c6-d19423f76280-groupManagement] INFO  server.RaftServerConfigKeys (ConfUtils.java:logGet(46)) - raft.server.log.unsafe-flush.enabled = false (default)
2024-01-26 13:21:19,297 [8e7f399e-f7c5-430e-98c6-d19423f76280-groupManagement] INFO  server.RaftServerConfigKeys (ConfUtils.java:logGet(46)) - raft.server.log.async-flush.enabled = false (default)
2024-01-26 13:21:19,297 [8e7f399e-f7c5-430e-98c6-d19423f76280-groupManagement] INFO  server.RaftServerConfigKeys (ConfUtils.java:logGet(46)) - raft.server.log.statemachine.data.caching.enabled = true (custom)
2024-01-26 13:21:19,297 [8e7f399e-f7c5-430e-98c6-d19423f76280-groupManagement] INFO  segmented.SegmentedRaftLogWorker (SegmentedRaftLogWorker.java:lambda$new$0(134)) - 8e7f399e-f7c5-430e-98c6-d19423f76280@group-9246EA52D491-SegmentedRaftLogWorker: flushIndex: setUnconditionally 0 -> -1
2024-01-26 13:21:19,297 [8e7f399e-f7c5-430e-98c6-d19423f76280-groupManagement] INFO  segmented.SegmentedRaftLogWorker (SegmentedRaftLogWorker.java:lambda$new$0(134)) - 8e7f399e-f7c5-430e-98c6-d19423f76280@group-9246EA52D491-SegmentedRaftLogWorker: safeCacheEvictIndex: setUnconditionally 0 -> -1
2024-01-26 13:21:19,297 [8e7f399e-f7c5-430e-98c6-d19423f76280-groupManagement] INFO  server.RaftServer$Division (RaftServerImpl.java:start(396)) - 8e7f399e-f7c5-430e-98c6-d19423f76280@group-9246EA52D491: start as a follower, conf=-1: peers:[6765ae9a-8790-488a-a655-dfdac73b9f74|10.1.0.20:15353, 282c7661-760d-4a20-bf76-23fe8f9b2b08|10.1.0.20:15344, 8e7f399e-f7c5-430e-98c6-d19423f76280|10.1.0.20:15335]|listeners:[], old=null
2024-01-26 13:21:19,297 [8e7f399e-f7c5-430e-98c6-d19423f76280-groupManagement] INFO  server.RaftServer$Division (RaftServerImpl.java:setRole(383)) - 8e7f399e-f7c5-430e-98c6-d19423f76280@group-9246EA52D491: changes role from      null to FOLLOWER at term 0 for startAsFollower
2024-01-26 13:21:19,297 [8e7f399e-f7c5-430e-98c6-d19423f76280-groupManagement] INFO  impl.RoleInfo (RoleInfo.java:updateAndGet(139)) - 8e7f399e-f7c5-430e-98c6-d19423f76280: start 8e7f399e-f7c5-430e-98c6-d19423f76280@group-9246EA52D491-FollowerState
2024-01-26 13:21:19,297 [8e7f399e-f7c5-430e-98c6-d19423f76280-groupManagement] INFO  util.JmxRegister (JmxRegister.java:tryRegister(44)) - Successfully registered JMX Bean with object name Ratis:service=RaftServer,group=group-9246EA52D491,id=8e7f399e-f7c5-430e-98c6-d19423f76280
2024-01-26 13:21:19,297 [8e7f399e-f7c5-430e-98c6-d19423f76280@group-9246EA52D491-FollowerState] INFO  server.RaftServerConfigKeys (ConfUtils.java:logFallback(53)) - raft.server.rpc.first-election.timeout.min = 5s (fallback to raft.server.rpc.timeout.min)
2024-01-26 13:21:19,297 [8e7f399e-f7c5-430e-98c6-d19423f76280-groupManagement] INFO  server.RaftServerConfigKeys (ConfUtils.java:logGet(46)) - raft.server.snapshot.trigger-when-stop.enabled = true (default)
2024-01-26 13:21:19,298 [8e7f399e-f7c5-430e-98c6-d19423f76280-groupManagement] INFO  server.RaftServerConfigKeys (ConfUtils.java:logGet(46)) - raft.server.snapshot.auto.trigger.enabled = true (custom)
2024-01-26 13:21:19,298 [8e7f399e-f7c5-430e-98c6-d19423f76280@group-9246EA52D491-FollowerState] INFO  server.RaftServerConfigKeys (ConfUtils.java:logFallback(53)) - raft.server.rpc.first-election.timeout.max = 5200ms (fallback to raft.server.rpc.timeout.max)
2024-01-26 13:21:19,298 [8e7f399e-f7c5-430e-98c6-d19423f76280-groupManagement] INFO  server.RaftServerConfigKeys (ConfUtils.java:logGet(46)) - raft.server.snapshot.auto.trigger.threshold = 10000 (custom)
2024-01-26 13:21:19,298 [8e7f399e-f7c5-430e-98c6-d19423f76280-groupManagement] INFO  server.RaftServerConfigKeys (ConfUtils.java:logGet(46)) - raft.server.snapshot.retention.file.num = 5 (custom)
2024-01-26 13:21:19,298 [8e7f399e-f7c5-430e-98c6-d19423f76280-groupManagement] INFO  server.RaftServerConfigKeys (ConfUtils.java:logGet(46)) - raft.server.log.purge.upto.snapshot.index = false (default)
2024-01-26 13:21:19,298 [8e7f399e-f7c5-430e-98c6-d19423f76280-PipelineCommandHandlerThread-0] INFO  ratis.XceiverServerRatis (XceiverServerRatis.java:addGroup(842)) - Created group PipelineID=c268dbf8-a06d-482b-bb17-9246ea52d491
2024-01-26 13:21:19,304 [grpc-default-executor-5] INFO  server.RaftServer (RaftServerProxy.java:addNew(100)) - 6765ae9a-8790-488a-a655-dfdac73b9f74: addNew group-9246EA52D491:[6765ae9a-8790-488a-a655-dfdac73b9f74|10.1.0.20:15353, 282c7661-760d-4a20-bf76-23fe8f9b2b08|10.1.0.20:15344, 8e7f399e-f7c5-430e-98c6-d19423f76280|10.1.0.20:15335] returns group-9246EA52D491:java.util.concurrent.CompletableFuture@4b76ab84[Not completed]
2024-01-26 13:21:19,305 [6765ae9a-8790-488a-a655-dfdac73b9f74-groupManagement] INFO  server.RaftServer$Division (RaftServerImpl.java:<init>(256)) - 6765ae9a-8790-488a-a655-dfdac73b9f74: new RaftServerImpl for group-9246EA52D491:[6765ae9a-8790-488a-a655-dfdac73b9f74|10.1.0.20:15353, 282c7661-760d-4a20-bf76-23fe8f9b2b08|10.1.0.20:15344, 8e7f399e-f7c5-430e-98c6-d19423f76280|10.1.0.20:15335] with ContainerStateMachine:uninitialized
2024-01-26 13:21:19,305 [6765ae9a-8790-488a-a655-dfdac73b9f74-groupManagement] INFO  server.RaftServerConfigKeys (ConfUtils.java:logGet(46)) - raft.server.rpc.timeout.min = 5s (custom)
2024-01-26 13:21:19,305 [6765ae9a-8790-488a-a655-dfdac73b9f74-groupManagement] INFO  server.RaftServerConfigKeys (ConfUtils.java:logGet(46)) - raft.server.rpc.timeout.max = 5200ms (custom)
2024-01-26 13:21:19,305 [6765ae9a-8790-488a-a655-dfdac73b9f74-groupManagement] INFO  server.RaftServerConfigKeys (ConfUtils.java:logGet(46)) - raft.server.rpc.sleep.time = 25ms (default)
2024-01-26 13:21:19,305 [6765ae9a-8790-488a-a655-dfdac73b9f74-groupManagement] INFO  server.RaftServerConfigKeys (ConfUtils.java:logGet(46)) - raft.server.rpc.slowness.timeout = 300000ms (custom)
2024-01-26 13:21:19,305 [6765ae9a-8790-488a-a655-dfdac73b9f74-groupManagement] INFO  server.RaftServerConfigKeys (ConfUtils.java:logGet(46)) - raft.server.leaderelection.leader.step-down.wait-time = 10s (default)
2024-01-26 13:21:19,305 [6765ae9a-8790-488a-a655-dfdac73b9f74-groupManagement] INFO  server.RaftServerConfigKeys (ConfUtils.java:logGet(46)) - raft.server.leaderelection.member.majority-add = false (default)
2024-01-26 13:21:19,305 [6765ae9a-8790-488a-a655-dfdac73b9f74-groupManagement] INFO  server.RaftServerConfigKeys (ConfUtils.java:logGet(46)) - raft.server.sleep.deviation.threshold = 300ms (default)
2024-01-26 13:21:19,305 [6765ae9a-8790-488a-a655-dfdac73b9f74-groupManagement] INFO  server.RaftServer$Division (ServerState.java:<init>(113)) - 6765ae9a-8790-488a-a655-dfdac73b9f74@group-9246EA52D491: ConfigurationManager, init=-1: peers:[6765ae9a-8790-488a-a655-dfdac73b9f74|10.1.0.20:15353, 282c7661-760d-4a20-bf76-23fe8f9b2b08|10.1.0.20:15344, 8e7f399e-f7c5-430e-98c6-d19423f76280|10.1.0.20:15335]|listeners:[], old=null, confs=<EMPTY_MAP>
2024-01-26 13:21:19,305 [6765ae9a-8790-488a-a655-dfdac73b9f74-groupManagement] INFO  server.RaftServerConfigKeys (ConfUtils.java:logGet(46)) - raft.server.notification.no-leader.timeout = 300000ms (custom)
2024-01-26 13:21:19,305 [6765ae9a-8790-488a-a655-dfdac73b9f74-groupManagement] INFO  server.RaftServerConfigKeys (ConfUtils.java:logGet(46)) - raft.server.read.timeout = 10s (default)
2024-01-26 13:21:19,305 [6765ae9a-8790-488a-a655-dfdac73b9f74-groupManagement] INFO  server.RaftServerConfigKeys (ConfUtils.java:logGet(46)) - raft.server.retrycache.expirytime = 600000ms (custom)
2024-01-26 13:21:19,306 [6765ae9a-8790-488a-a655-dfdac73b9f74-groupManagement] INFO  server.RaftServerConfigKeys (ConfUtils.java:logGet(46)) - raft.server.retrycache.statistics.expirytime = 100ms (default)
2024-01-26 13:21:19,306 [6765ae9a-8790-488a-a655-dfdac73b9f74-groupManagement] INFO  server.RaftServerConfigKeys (ConfUtils.java:logGet(46)) - raft.server.read.option = DEFAULT (default)
2024-01-26 13:21:19,306 [6765ae9a-8790-488a-a655-dfdac73b9f74-groupManagement] INFO  server.RaftServerConfigKeys (ConfUtils.java:logGet(46)) - raft.server.read.read-after-write-consistent.write-index-cache.expiry-time = 60s (default)
2024-01-26 13:21:19,307 [6765ae9a-8790-488a-a655-dfdac73b9f74-groupManagement] INFO  server.RaftServerConfigKeys (ConfUtils.java:logGet(46)) - raft.server.rpc.request.timeout = 3000ms (default)
2024-01-26 13:21:19,307 [6765ae9a-8790-488a-a655-dfdac73b9f74-groupManagement] INFO  server.RaftServerConfigKeys (ConfUtils.java:logGet(46)) - raft.server.log.appender.install.snapshot.enabled = false (custom)
2024-01-26 13:21:19,307 [6765ae9a-8790-488a-a655-dfdac73b9f74-groupManagement] INFO  server.RaftServerConfigKeys (ConfUtils.java:logGet(46)) - raft.server.threadpool.server.cached = true (default)
2024-01-26 13:21:19,307 [6765ae9a-8790-488a-a655-dfdac73b9f74-groupManagement] INFO  server.RaftServerConfigKeys (ConfUtils.java:logGet(46)) - raft.server.threadpool.server.size = 0 (default)
2024-01-26 13:21:19,307 [6765ae9a-8790-488a-a655-dfdac73b9f74-groupManagement] INFO  server.RaftServerConfigKeys (ConfUtils.java:logGet(46)) - raft.server.threadpool.client.cached = true (default)
2024-01-26 13:21:19,307 [6765ae9a-8790-488a-a655-dfdac73b9f74-groupManagement] INFO  server.RaftServerConfigKeys (ConfUtils.java:logGet(46)) - raft.server.threadpool.client.size = 0 (default)
2024-01-26 13:21:19,307 [6765ae9a-8790-488a-a655-dfdac73b9f74-groupManagement] INFO  server.RaftServerConfigKeys (ConfUtils.java:logGet(46)) - raft.server.storage.free-space.min = 0MB (=0) (default)
2024-01-26 13:21:19,307 [6765ae9a-8790-488a-a655-dfdac73b9f74-groupManagement] INFO  server.RaftServerConfigKeys (ConfUtils.java:logGet(46)) - raft.server.log.corruption.policy = EXCEPTION (default)
2024-01-26 13:21:19,308 [6765ae9a-8790-488a-a655-dfdac73b9f74-groupManagement] INFO  server.RaftServerConfigKeys (ConfUtils.java:logGet(46)) - raft.server.storage.dir = [/home/runner/work/ozone/ozone/hadoop-ozone/integration-test/target/test-dir/MiniOzoneClusterImpl-953fd8c5-ac00-44c9-baab-0887e32ba883/datanode-8/data/ratis] (custom)
2024-01-26 13:21:19,308 [6765ae9a-8790-488a-a655-dfdac73b9f74-groupManagement] INFO  storage.RaftStorageDirectory (RaftStorageDirectoryImpl.java:analyzeStorage(138)) - The storage directory /home/runner/work/ozone/ozone/hadoop-ozone/integration-test/target/test-dir/MiniOzoneClusterImpl-953fd8c5-ac00-44c9-baab-0887e32ba883/datanode-8/data/ratis/c268dbf8-a06d-482b-bb17-9246ea52d491 does not exist. Creating ...
2024-01-26 13:21:19,309 [6765ae9a-8790-488a-a655-dfdac73b9f74-groupManagement] INFO  storage.RaftStorageDirectory (RaftStorageDirectoryImpl.java:tryLock(228)) - Lock on /home/runner/work/ozone/ozone/hadoop-ozone/integration-test/target/test-dir/MiniOzoneClusterImpl-953fd8c5-ac00-44c9-baab-0887e32ba883/datanode-8/data/ratis/c268dbf8-a06d-482b-bb17-9246ea52d491/in_use.lock acquired by nodename 73218@fv-az983-443
2024-01-26 13:21:19,310 [6765ae9a-8790-488a-a655-dfdac73b9f74-groupManagement] INFO  storage.RaftStorage (RaftStorageImpl.java:format(99)) - Storage directory /home/runner/work/ozone/ozone/hadoop-ozone/integration-test/target/test-dir/MiniOzoneClusterImpl-953fd8c5-ac00-44c9-baab-0887e32ba883/datanode-8/data/ratis/c268dbf8-a06d-482b-bb17-9246ea52d491 has been successfully formatted.
2024-01-26 13:21:19,310 [6765ae9a-8790-488a-a655-dfdac73b9f74-groupManagement] WARN  util.FileUtils (LogUtils.java:supplyAndLog(63)) - Failed to Files.newInputStream /home/runner/work/ozone/ozone/hadoop-ozone/integration-test/target/test-dir/MiniOzoneClusterImpl-953fd8c5-ac00-44c9-baab-0887e32ba883/datanode-8/data/ratis/c268dbf8-a06d-482b-bb17-9246ea52d491/current/raft-meta.conf with options []: java.nio.file.NoSuchFileException: /home/runner/work/ozone/ozone/hadoop-ozone/integration-test/target/test-dir/MiniOzoneClusterImpl-953fd8c5-ac00-44c9-baab-0887e32ba883/datanode-8/data/ratis/c268dbf8-a06d-482b-bb17-9246ea52d491/current/raft-meta.conf
2024-01-26 13:21:19,311 [6765ae9a-8790-488a-a655-dfdac73b9f74-groupManagement] INFO  ratis.ContainerStateMachine (ContainerStateMachine.java:loadSnapshot(287)) - group-9246EA52D491: The snapshot info is null. Setting the last applied index to:(t:0, i:~)
2024-01-26 13:21:19,311 [6765ae9a-8790-488a-a655-dfdac73b9f74-groupManagement] INFO  server.RaftServerConfigKeys (ConfUtils.java:logGet(46)) - raft.server.log.use.memory = false (default)
2024-01-26 13:21:19,311 [6765ae9a-8790-488a-a655-dfdac73b9f74-groupManagement] INFO  server.RaftServerConfigKeys (ConfUtils.java:logGet(46)) - raft.server.log.purge.gap = 1000000 (custom)
2024-01-26 13:21:19,311 [6765ae9a-8790-488a-a655-dfdac73b9f74-groupManagement] INFO  server.RaftServerConfigKeys (ConfUtils.java:logGet(46)) - raft.server.log.appender.buffer.byte-limit = 8388608 (custom)
2024-01-26 13:21:19,311 [6765ae9a-8790-488a-a655-dfdac73b9f74-groupManagement] INFO  server.RaftServerConfigKeys (ConfUtils.java:logGet(46)) - raft.server.log.statemachine.data.read.timeout = 1000ms (default)
2024-01-26 13:21:19,311 [6765ae9a-8790-488a-a655-dfdac73b9f74-groupManagement] INFO  server.RaftServerConfigKeys (ConfUtils.java:logGet(46)) - raft.server.log.purge.preservation.log.num = 0 (default)
2024-01-26 13:21:19,312 [6765ae9a-8790-488a-a655-dfdac73b9f74-groupManagement] INFO  server.RaftServerConfigKeys (ConfUtils.java:logGet(46)) - raft.server.log.segment.size.max = 67108864 (custom)
2024-01-26 13:21:19,312 [6765ae9a-8790-488a-a655-dfdac73b9f74-groupManagement] INFO  server.RaftServerConfigKeys (ConfUtils.java:logGet(46)) - raft.server.log.segment.cache.num.max = 2 (custom)
2024-01-26 13:21:19,313 [6765ae9a-8790-488a-a655-dfdac73b9f74-groupManagement] INFO  server.RaftServerConfigKeys (ConfUtils.java:logGet(46)) - raft.server.log.segment.cache.size.max = 200MB (=209715200) (default)
2024-01-26 13:21:19,313 [6765ae9a-8790-488a-a655-dfdac73b9f74-groupManagement] INFO  server.RaftServerConfigKeys (ConfUtils.java:logGet(46)) - raft.server.log.appender.buffer.byte-limit = 8388608 (custom)
2024-01-26 13:21:19,313 [6765ae9a-8790-488a-a655-dfdac73b9f74-groupManagement] INFO  util.AwaitToRun (AwaitToRun.java:start(81)) - Thread[6765ae9a-8790-488a-a655-dfdac73b9f74@group-9246EA52D491-cacheEviction-AwaitToRun,5,main] started
2024-01-26 13:21:19,313 [6765ae9a-8790-488a-a655-dfdac73b9f74-groupManagement] INFO  segmented.SegmentedRaftLogWorker (SegmentedRaftLogWorker.java:<init>(182)) - new 6765ae9a-8790-488a-a655-dfdac73b9f74@group-9246EA52D491-SegmentedRaftLogWorker for RaftStorageImpl:Storage Directory /home/runner/work/ozone/ozone/hadoop-ozone/integration-test/target/test-dir/MiniOzoneClusterImpl-953fd8c5-ac00-44c9-baab-0887e32ba883/datanode-8/data/ratis/c268dbf8-a06d-482b-bb17-9246ea52d491
2024-01-26 13:21:19,313 [6765ae9a-8790-488a-a655-dfdac73b9f74-groupManagement] INFO  server.RaftServerConfigKeys (ConfUtils.java:logGet(46)) - raft.server.log.queue.byte-limit = 4294967296 (custom)
2024-01-26 13:21:19,313 [6765ae9a-8790-488a-a655-dfdac73b9f74-groupManagement] INFO  server.RaftServerConfigKeys (ConfUtils.java:logGet(46)) - raft.server.log.queue.element-limit = 1024 (custom)
2024-01-26 13:21:19,313 [6765ae9a-8790-488a-a655-dfdac73b9f74-groupManagement] INFO  server.RaftServerConfigKeys (ConfUtils.java:logGet(46)) - raft.server.log.segment.size.max = 67108864 (custom)
2024-01-26 13:21:19,313 [6765ae9a-8790-488a-a655-dfdac73b9f74-groupManagement] INFO  server.RaftServerConfigKeys (ConfUtils.java:logGet(46)) - raft.server.log.preallocated.size = 4194304 (custom)
2024-01-26 13:21:19,313 [6765ae9a-8790-488a-a655-dfdac73b9f74-groupManagement] INFO  server.RaftServerConfigKeys (ConfUtils.java:logGet(46)) - raft.server.log.force.sync.num = 128 (default)
2024-01-26 13:21:19,313 [6765ae9a-8790-488a-a655-dfdac73b9f74-groupManagement] INFO  server.RaftServerConfigKeys (ConfUtils.java:logGet(46)) - raft.server.log.statemachine.data.sync = true (default)
2024-01-26 13:21:19,313 [6765ae9a-8790-488a-a655-dfdac73b9f74-groupManagement] INFO  server.RaftServerConfigKeys (ConfUtils.java:logGet(46)) - raft.server.log.statemachine.data.sync.timeout = 10s (default)
2024-01-26 13:21:19,313 [6765ae9a-8790-488a-a655-dfdac73b9f74-groupManagement] INFO  server.RaftServerConfigKeys (ConfUtils.java:logGet(46)) - raft.server.log.statemachine.data.sync.timeout.retry = 0 (custom)
2024-01-26 13:21:19,314 [6765ae9a-8790-488a-a655-dfdac73b9f74-groupManagement] INFO  server.RaftServerConfigKeys (ConfUtils.java:logGet(46)) - raft.server.log.write.buffer.size = 8388616 (custom)
2024-01-26 13:21:19,315 [6765ae9a-8790-488a-a655-dfdac73b9f74-groupManagement] INFO  server.RaftServerConfigKeys (ConfUtils.java:logGet(46)) - raft.server.log.appender.buffer.byte-limit = 8388608 (custom)
2024-01-26 13:21:19,315 [6765ae9a-8790-488a-a655-dfdac73b9f74-groupManagement] INFO  server.RaftServerConfigKeys (ConfUtils.java:logGet(46)) - raft.server.log.unsafe-flush.enabled = false (default)
2024-01-26 13:21:19,315 [6765ae9a-8790-488a-a655-dfdac73b9f74-groupManagement] INFO  server.RaftServerConfigKeys (ConfUtils.java:logGet(46)) - raft.server.log.async-flush.enabled = false (default)
2024-01-26 13:21:19,315 [6765ae9a-8790-488a-a655-dfdac73b9f74-groupManagement] INFO  server.RaftServerConfigKeys (ConfUtils.java:logGet(46)) - raft.server.log.statemachine.data.caching.enabled = true (custom)
2024-01-26 13:21:19,316 [6765ae9a-8790-488a-a655-dfdac73b9f74-groupManagement] INFO  segmented.SegmentedRaftLogWorker (SegmentedRaftLogWorker.java:lambda$new$0(134)) - 6765ae9a-8790-488a-a655-dfdac73b9f74@group-9246EA52D491-SegmentedRaftLogWorker: flushIndex: setUnconditionally 0 -> -1
2024-01-26 13:21:19,316 [6765ae9a-8790-488a-a655-dfdac73b9f74-groupManagement] INFO  segmented.SegmentedRaftLogWorker (SegmentedRaftLogWorker.java:lambda$new$0(134)) - 6765ae9a-8790-488a-a655-dfdac73b9f74@group-9246EA52D491-SegmentedRaftLogWorker: safeCacheEvictIndex: setUnconditionally 0 -> -1
2024-01-26 13:21:19,316 [6765ae9a-8790-488a-a655-dfdac73b9f74-groupManagement] INFO  server.RaftServer$Division (RaftServerImpl.java:start(396)) - 6765ae9a-8790-488a-a655-dfdac73b9f74@group-9246EA52D491: start as a follower, conf=-1: peers:[6765ae9a-8790-488a-a655-dfdac73b9f74|10.1.0.20:15353, 282c7661-760d-4a20-bf76-23fe8f9b2b08|10.1.0.20:15344, 8e7f399e-f7c5-430e-98c6-d19423f76280|10.1.0.20:15335]|listeners:[], old=null
2024-01-26 13:21:19,316 [6765ae9a-8790-488a-a655-dfdac73b9f74-groupManagement] INFO  server.RaftServer$Division (RaftServerImpl.java:setRole(383)) - 6765ae9a-8790-488a-a655-dfdac73b9f74@group-9246EA52D491: changes role from      null to FOLLOWER at term 0 for startAsFollower
2024-01-26 13:21:19,316 [6765ae9a-8790-488a-a655-dfdac73b9f74-groupManagement] INFO  impl.RoleInfo (RoleInfo.java:updateAndGet(139)) - 6765ae9a-8790-488a-a655-dfdac73b9f74: start 6765ae9a-8790-488a-a655-dfdac73b9f74@group-9246EA52D491-FollowerState
2024-01-26 13:21:19,316 [6765ae9a-8790-488a-a655-dfdac73b9f74@group-9246EA52D491-FollowerState] INFO  server.RaftServerConfigKeys (ConfUtils.java:logFallback(53)) - raft.server.rpc.first-election.timeout.min = 5s (fallback to raft.server.rpc.timeout.min)
2024-01-26 13:21:19,316 [6765ae9a-8790-488a-a655-dfdac73b9f74-groupManagement] INFO  util.JmxRegister (JmxRegister.java:tryRegister(44)) - Successfully registered JMX Bean with object name Ratis:service=RaftServer,group=group-9246EA52D491,id=6765ae9a-8790-488a-a655-dfdac73b9f74
2024-01-26 13:21:19,316 [6765ae9a-8790-488a-a655-dfdac73b9f74@group-9246EA52D491-FollowerState] INFO  server.RaftServerConfigKeys (ConfUtils.java:logFallback(53)) - raft.server.rpc.first-election.timeout.max = 5200ms (fallback to raft.server.rpc.timeout.max)
2024-01-26 13:21:19,316 [6765ae9a-8790-488a-a655-dfdac73b9f74-groupManagement] INFO  server.RaftServerConfigKeys (ConfUtils.java:logGet(46)) - raft.server.snapshot.trigger-when-stop.enabled = true (default)
2024-01-26 13:21:19,316 [6765ae9a-8790-488a-a655-dfdac73b9f74-groupManagement] INFO  server.RaftServerConfigKeys (ConfUtils.java:logGet(46)) - raft.server.snapshot.auto.trigger.enabled = true (custom)
2024-01-26 13:21:19,317 [6765ae9a-8790-488a-a655-dfdac73b9f74-groupManagement] INFO  server.RaftServerConfigKeys (ConfUtils.java:logGet(46)) - raft.server.snapshot.auto.trigger.threshold = 10000 (custom)
2024-01-26 13:21:19,317 [6765ae9a-8790-488a-a655-dfdac73b9f74-groupManagement] INFO  server.RaftServerConfigKeys (ConfUtils.java:logGet(46)) - raft.server.snapshot.retention.file.num = 5 (custom)
2024-01-26 13:21:19,317 [6765ae9a-8790-488a-a655-dfdac73b9f74-groupManagement] INFO  server.RaftServerConfigKeys (ConfUtils.java:logGet(46)) - raft.server.log.purge.upto.snapshot.index = false (default)
2024-01-26 13:21:19,324 [grpc-default-executor-5] INFO  server.RaftServer (RaftServerProxy.java:addNew(100)) - 282c7661-760d-4a20-bf76-23fe8f9b2b08: addNew group-9246EA52D491:[6765ae9a-8790-488a-a655-dfdac73b9f74|10.1.0.20:15353, 282c7661-760d-4a20-bf76-23fe8f9b2b08|10.1.0.20:15344, 8e7f399e-f7c5-430e-98c6-d19423f76280|10.1.0.20:15335] returns group-9246EA52D491:java.util.concurrent.CompletableFuture@d5c0235[Not completed]
2024-01-26 13:21:19,325 [282c7661-760d-4a20-bf76-23fe8f9b2b08-groupManagement] INFO  server.RaftServer$Division (RaftServerImpl.java:<init>(256)) - 282c7661-760d-4a20-bf76-23fe8f9b2b08: new RaftServerImpl for group-9246EA52D491:[6765ae9a-8790-488a-a655-dfdac73b9f74|10.1.0.20:15353, 282c7661-760d-4a20-bf76-23fe8f9b2b08|10.1.0.20:15344, 8e7f399e-f7c5-430e-98c6-d19423f76280|10.1.0.20:15335] with ContainerStateMachine:uninitialized
2024-01-26 13:21:19,325 [282c7661-760d-4a20-bf76-23fe8f9b2b08-groupManagement] INFO  server.RaftServerConfigKeys (ConfUtils.java:logGet(46)) - raft.server.rpc.timeout.min = 5s (custom)
2024-01-26 13:21:19,325 [282c7661-760d-4a20-bf76-23fe8f9b2b08-groupManagement] INFO  server.RaftServerConfigKeys (ConfUtils.java:logGet(46)) - raft.server.rpc.timeout.max = 5200ms (custom)
2024-01-26 13:21:19,325 [282c7661-760d-4a20-bf76-23fe8f9b2b08-groupManagement] INFO  server.RaftServerConfigKeys (ConfUtils.java:logGet(46)) - raft.server.rpc.sleep.time = 25ms (default)
2024-01-26 13:21:19,325 [282c7661-760d-4a20-bf76-23fe8f9b2b08-groupManagement] INFO  server.RaftServerConfigKeys (ConfUtils.java:logGet(46)) - raft.server.rpc.slowness.timeout = 300000ms (custom)
2024-01-26 13:21:19,325 [282c7661-760d-4a20-bf76-23fe8f9b2b08-groupManagement] INFO  server.RaftServerConfigKeys (ConfUtils.java:logGet(46)) - raft.server.leaderelection.leader.step-down.wait-time = 10s (default)
2024-01-26 13:21:19,326 [282c7661-760d-4a20-bf76-23fe8f9b2b08-groupManagement] INFO  server.RaftServerConfigKeys (ConfUtils.java:logGet(46)) - raft.server.leaderelection.member.majority-add = false (default)
2024-01-26 13:21:19,326 [282c7661-760d-4a20-bf76-23fe8f9b2b08-groupManagement] INFO  server.RaftServerConfigKeys (ConfUtils.java:logGet(46)) - raft.server.sleep.deviation.threshold = 300ms (default)
2024-01-26 13:21:19,326 [282c7661-760d-4a20-bf76-23fe8f9b2b08-groupManagement] INFO  server.RaftServer$Division (ServerState.java:<init>(113)) - 282c7661-760d-4a20-bf76-23fe8f9b2b08@group-9246EA52D491: ConfigurationManager, init=-1: peers:[6765ae9a-8790-488a-a655-dfdac73b9f74|10.1.0.20:15353, 282c7661-760d-4a20-bf76-23fe8f9b2b08|10.1.0.20:15344, 8e7f399e-f7c5-430e-98c6-d19423f76280|10.1.0.20:15335]|listeners:[], old=null, confs=<EMPTY_MAP>
2024-01-26 13:21:19,326 [282c7661-760d-4a20-bf76-23fe8f9b2b08-groupManagement] INFO  server.RaftServerConfigKeys (ConfUtils.java:logGet(46)) - raft.server.notification.no-leader.timeout = 300000ms (custom)
2024-01-26 13:21:19,326 [282c7661-760d-4a20-bf76-23fe8f9b2b08-groupManagement] INFO  server.RaftServerConfigKeys (ConfUtils.java:logGet(46)) - raft.server.read.timeout = 10s (default)
2024-01-26 13:21:19,326 [282c7661-760d-4a20-bf76-23fe8f9b2b08-groupManagement] INFO  server.RaftServerConfigKeys (ConfUtils.java:logGet(46)) - raft.server.retrycache.expirytime = 600000ms (custom)
2024-01-26 13:21:19,326 [282c7661-760d-4a20-bf76-23fe8f9b2b08-groupManagement] INFO  server.RaftServerConfigKeys (ConfUtils.java:logGet(46)) - raft.server.retrycache.statistics.expirytime = 100ms (default)
2024-01-26 13:21:19,326 [282c7661-760d-4a20-bf76-23fe8f9b2b08-groupManagement] INFO  server.RaftServerConfigKeys (ConfUtils.java:logGet(46)) - raft.server.read.option = DEFAULT (default)
2024-01-26 13:21:19,326 [282c7661-760d-4a20-bf76-23fe8f9b2b08-groupManagement] INFO  server.RaftServerConfigKeys (ConfUtils.java:logGet(46)) - raft.server.read.read-after-write-consistent.write-index-cache.expiry-time = 60s (default)
2024-01-26 13:21:19,328 [282c7661-760d-4a20-bf76-23fe8f9b2b08-groupManagement] INFO  server.RaftServerConfigKeys (ConfUtils.java:logGet(46)) - raft.server.rpc.request.timeout = 3000ms (default)
2024-01-26 13:21:19,328 [282c7661-760d-4a20-bf76-23fe8f9b2b08-groupManagement] INFO  server.RaftServerConfigKeys (ConfUtils.java:logGet(46)) - raft.server.log.appender.install.snapshot.enabled = false (custom)
2024-01-26 13:21:19,329 [282c7661-760d-4a20-bf76-23fe8f9b2b08-groupManagement] INFO  server.RaftServerConfigKeys (ConfUtils.java:logGet(46)) - raft.server.threadpool.server.cached = true (default)
2024-01-26 13:21:19,329 [282c7661-760d-4a20-bf76-23fe8f9b2b08-groupManagement] INFO  server.RaftServerConfigKeys (ConfUtils.java:logGet(46)) - raft.server.threadpool.server.size = 0 (default)
2024-01-26 13:21:19,329 [282c7661-760d-4a20-bf76-23fe8f9b2b08-groupManagement] INFO  server.RaftServerConfigKeys (ConfUtils.java:logGet(46)) - raft.server.threadpool.client.cached = true (default)
2024-01-26 13:21:19,329 [282c7661-760d-4a20-bf76-23fe8f9b2b08-groupManagement] INFO  server.RaftServerConfigKeys (ConfUtils.java:logGet(46)) - raft.server.threadpool.client.size = 0 (default)
2024-01-26 13:21:19,329 [282c7661-760d-4a20-bf76-23fe8f9b2b08-groupManagement] INFO  server.RaftServerConfigKeys (ConfUtils.java:logGet(46)) - raft.server.storage.free-space.min = 0MB (=0) (default)
2024-01-26 13:21:19,329 [282c7661-760d-4a20-bf76-23fe8f9b2b08-groupManagement] INFO  server.RaftServerConfigKeys (ConfUtils.java:logGet(46)) - raft.server.log.corruption.policy = EXCEPTION (default)
2024-01-26 13:21:19,329 [282c7661-760d-4a20-bf76-23fe8f9b2b08-groupManagement] INFO  server.RaftServerConfigKeys (ConfUtils.java:logGet(46)) - raft.server.storage.dir = [/home/runner/work/ozone/ozone/hadoop-ozone/integration-test/target/test-dir/MiniOzoneClusterImpl-953fd8c5-ac00-44c9-baab-0887e32ba883/datanode-7/data/ratis] (custom)
2024-01-26 13:21:19,329 [282c7661-760d-4a20-bf76-23fe8f9b2b08-groupManagement] INFO  storage.RaftStorageDirectory (RaftStorageDirectoryImpl.java:analyzeStorage(138)) - The storage directory /home/runner/work/ozone/ozone/hadoop-ozone/integration-test/target/test-dir/MiniOzoneClusterImpl-953fd8c5-ac00-44c9-baab-0887e32ba883/datanode-7/data/ratis/c268dbf8-a06d-482b-bb17-9246ea52d491 does not exist. Creating ...
2024-01-26 13:21:19,330 [282c7661-760d-4a20-bf76-23fe8f9b2b08-groupManagement] INFO  storage.RaftStorageDirectory (RaftStorageDirectoryImpl.java:tryLock(228)) - Lock on /home/runner/work/ozone/ozone/hadoop-ozone/integration-test/target/test-dir/MiniOzoneClusterImpl-953fd8c5-ac00-44c9-baab-0887e32ba883/datanode-7/data/ratis/c268dbf8-a06d-482b-bb17-9246ea52d491/in_use.lock acquired by nodename 73218@fv-az983-443
2024-01-26 13:21:19,331 [282c7661-760d-4a20-bf76-23fe8f9b2b08-groupManagement] INFO  storage.RaftStorage (RaftStorageImpl.java:format(99)) - Storage directory /home/runner/work/ozone/ozone/hadoop-ozone/integration-test/target/test-dir/MiniOzoneClusterImpl-953fd8c5-ac00-44c9-baab-0887e32ba883/datanode-7/data/ratis/c268dbf8-a06d-482b-bb17-9246ea52d491 has been successfully formatted.
2024-01-26 13:21:19,331 [282c7661-760d-4a20-bf76-23fe8f9b2b08-groupManagement] WARN  util.FileUtils (LogUtils.java:supplyAndLog(63)) - Failed to Files.newInputStream /home/runner/work/ozone/ozone/hadoop-ozone/integration-test/target/test-dir/MiniOzoneClusterImpl-953fd8c5-ac00-44c9-baab-0887e32ba883/datanode-7/data/ratis/c268dbf8-a06d-482b-bb17-9246ea52d491/current/raft-meta.conf with options []: java.nio.file.NoSuchFileException: /home/runner/work/ozone/ozone/hadoop-ozone/integration-test/target/test-dir/MiniOzoneClusterImpl-953fd8c5-ac00-44c9-baab-0887e32ba883/datanode-7/data/ratis/c268dbf8-a06d-482b-bb17-9246ea52d491/current/raft-meta.conf
2024-01-26 13:21:19,332 [282c7661-760d-4a20-bf76-23fe8f9b2b08-groupManagement] INFO  ratis.ContainerStateMachine (ContainerStateMachine.java:loadSnapshot(287)) - group-9246EA52D491: The snapshot info is null. Setting the last applied index to:(t:0, i:~)
2024-01-26 13:21:19,332 [282c7661-760d-4a20-bf76-23fe8f9b2b08-groupManagement] INFO  server.RaftServerConfigKeys (ConfUtils.java:logGet(46)) - raft.server.log.use.memory = false (default)
2024-01-26 13:21:19,332 [282c7661-760d-4a20-bf76-23fe8f9b2b08-groupManagement] INFO  server.RaftServerConfigKeys (ConfUtils.java:logGet(46)) - raft.server.log.purge.gap = 1000000 (custom)
2024-01-26 13:21:19,332 [282c7661-760d-4a20-bf76-23fe8f9b2b08-groupManagement] INFO  server.RaftServerConfigKeys (ConfUtils.java:logGet(46)) - raft.server.log.appender.buffer.byte-limit = 8388608 (custom)
2024-01-26 13:21:19,333 [282c7661-760d-4a20-bf76-23fe8f9b2b08-groupManagement] INFO  server.RaftServerConfigKeys (ConfUtils.java:logGet(46)) - raft.server.log.statemachine.data.read.timeout = 1000ms (default)
2024-01-26 13:21:19,333 [282c7661-760d-4a20-bf76-23fe8f9b2b08-groupManagement] INFO  server.RaftServerConfigKeys (ConfUtils.java:logGet(46)) - raft.server.log.purge.preservation.log.num = 0 (default)
2024-01-26 13:21:19,334 [282c7661-760d-4a20-bf76-23fe8f9b2b08-groupManagement] INFO  server.RaftServerConfigKeys (ConfUtils.java:logGet(46)) - raft.server.log.segment.size.max = 67108864 (custom)
2024-01-26 13:21:19,334 [282c7661-760d-4a20-bf76-23fe8f9b2b08-groupManagement] INFO  server.RaftServerConfigKeys (ConfUtils.java:logGet(46)) - raft.server.log.segment.cache.num.max = 2 (custom)
2024-01-26 13:21:19,334 [282c7661-760d-4a20-bf76-23fe8f9b2b08-groupManagement] INFO  server.RaftServerConfigKeys (ConfUtils.java:logGet(46)) - raft.server.log.segment.cache.size.max = 200MB (=209715200) (default)
2024-01-26 13:21:19,334 [282c7661-760d-4a20-bf76-23fe8f9b2b08-groupManagement] INFO  server.RaftServerConfigKeys (ConfUtils.java:logGet(46)) - raft.server.log.appender.buffer.byte-limit = 8388608 (custom)
2024-01-26 13:21:19,334 [282c7661-760d-4a20-bf76-23fe8f9b2b08-groupManagement] INFO  util.AwaitToRun (AwaitToRun.java:start(81)) - Thread[282c7661-760d-4a20-bf76-23fe8f9b2b08@group-9246EA52D491-cacheEviction-AwaitToRun,5,main] started
2024-01-26 13:21:19,334 [282c7661-760d-4a20-bf76-23fe8f9b2b08-groupManagement] INFO  segmented.SegmentedRaftLogWorker (SegmentedRaftLogWorker.java:<init>(182)) - new 282c7661-760d-4a20-bf76-23fe8f9b2b08@group-9246EA52D491-SegmentedRaftLogWorker for RaftStorageImpl:Storage Directory /home/runner/work/ozone/ozone/hadoop-ozone/integration-test/target/test-dir/MiniOzoneClusterImpl-953fd8c5-ac00-44c9-baab-0887e32ba883/datanode-7/data/ratis/c268dbf8-a06d-482b-bb17-9246ea52d491
2024-01-26 13:21:19,334 [282c7661-760d-4a20-bf76-23fe8f9b2b08-groupManagement] INFO  server.RaftServerConfigKeys (ConfUtils.java:logGet(46)) - raft.server.log.queue.byte-limit = 4294967296 (custom)
2024-01-26 13:21:19,334 [282c7661-760d-4a20-bf76-23fe8f9b2b08-groupManagement] INFO  server.RaftServerConfigKeys (ConfUtils.java:logGet(46)) - raft.server.log.queue.element-limit = 1024 (custom)
2024-01-26 13:21:19,334 [282c7661-760d-4a20-bf76-23fe8f9b2b08-groupManagement] INFO  server.RaftServerConfigKeys (ConfUtils.java:logGet(46)) - raft.server.log.segment.size.max = 67108864 (custom)
2024-01-26 13:21:19,335 [282c7661-760d-4a20-bf76-23fe8f9b2b08-groupManagement] INFO  server.RaftServerConfigKeys (ConfUtils.java:logGet(46)) - raft.server.log.preallocated.size = 4194304 (custom)
2024-01-26 13:21:19,335 [282c7661-760d-4a20-bf76-23fe8f9b2b08-groupManagement] INFO  server.RaftServerConfigKeys (ConfUtils.java:logGet(46)) - raft.server.log.force.sync.num = 128 (default)
2024-01-26 13:21:19,335 [282c7661-760d-4a20-bf76-23fe8f9b2b08-groupManagement] INFO  server.RaftServerConfigKeys (ConfUtils.java:logGet(46)) - raft.server.log.statemachine.data.sync = true (default)
2024-01-26 13:21:19,335 [282c7661-760d-4a20-bf76-23fe8f9b2b08-groupManagement] INFO  server.RaftServerConfigKeys (ConfUtils.java:logGet(46)) - raft.server.log.statemachine.data.sync.timeout = 10s (default)
2024-01-26 13:21:19,335 [282c7661-760d-4a20-bf76-23fe8f9b2b08-groupManagement] INFO  server.RaftServerConfigKeys (ConfUtils.java:logGet(46)) - raft.server.log.statemachine.data.sync.timeout.retry = 0 (custom)
2024-01-26 13:21:19,335 [282c7661-760d-4a20-bf76-23fe8f9b2b08-groupManagement] INFO  server.RaftServerConfigKeys (ConfUtils.java:logGet(46)) - raft.server.log.write.buffer.size = 8388616 (custom)
2024-01-26 13:21:19,337 [282c7661-760d-4a20-bf76-23fe8f9b2b08-groupManagement] INFO  server.RaftServerConfigKeys (ConfUtils.java:logGet(46)) - raft.server.log.appender.buffer.byte-limit = 8388608 (custom)
2024-01-26 13:21:19,337 [282c7661-760d-4a20-bf76-23fe8f9b2b08-groupManagement] INFO  server.RaftServerConfigKeys (ConfUtils.java:logGet(46)) - raft.server.log.unsafe-flush.enabled = false (default)
2024-01-26 13:21:19,337 [282c7661-760d-4a20-bf76-23fe8f9b2b08-groupManagement] INFO  server.RaftServerConfigKeys (ConfUtils.java:logGet(46)) - raft.server.log.async-flush.enabled = false (default)
2024-01-26 13:21:19,337 [282c7661-760d-4a20-bf76-23fe8f9b2b08-groupManagement] INFO  server.RaftServerConfigKeys (ConfUtils.java:logGet(46)) - raft.server.log.statemachine.data.caching.enabled = true (custom)
2024-01-26 13:21:19,337 [282c7661-760d-4a20-bf76-23fe8f9b2b08-groupManagement] INFO  segmented.SegmentedRaftLogWorker (SegmentedRaftLogWorker.java:lambda$new$0(134)) - 282c7661-760d-4a20-bf76-23fe8f9b2b08@group-9246EA52D491-SegmentedRaftLogWorker: flushIndex: setUnconditionally 0 -> -1
2024-01-26 13:21:19,337 [282c7661-760d-4a20-bf76-23fe8f9b2b08-groupManagement] INFO  segmented.SegmentedRaftLogWorker (SegmentedRaftLogWorker.java:lambda$new$0(134)) - 282c7661-760d-4a20-bf76-23fe8f9b2b08@group-9246EA52D491-SegmentedRaftLogWorker: safeCacheEvictIndex: setUnconditionally 0 -> -1
2024-01-26 13:21:19,338 [282c7661-760d-4a20-bf76-23fe8f9b2b08-groupManagement] INFO  server.RaftServer$Division (RaftServerImpl.java:start(396)) - 282c7661-760d-4a20-bf76-23fe8f9b2b08@group-9246EA52D491: start as a follower, conf=-1: peers:[6765ae9a-8790-488a-a655-dfdac73b9f74|10.1.0.20:15353, 282c7661-760d-4a20-bf76-23fe8f9b2b08|10.1.0.20:15344, 8e7f399e-f7c5-430e-98c6-d19423f76280|10.1.0.20:15335]|listeners:[], old=null
2024-01-26 13:21:19,338 [282c7661-760d-4a20-bf76-23fe8f9b2b08-groupManagement] INFO  server.RaftServer$Division (RaftServerImpl.java:setRole(383)) - 282c7661-760d-4a20-bf76-23fe8f9b2b08@group-9246EA52D491: changes role from      null to FOLLOWER at term 0 for startAsFollower
2024-01-26 13:21:19,338 [282c7661-760d-4a20-bf76-23fe8f9b2b08-groupManagement] INFO  impl.RoleInfo (RoleInfo.java:updateAndGet(139)) - 282c7661-760d-4a20-bf76-23fe8f9b2b08: start 282c7661-760d-4a20-bf76-23fe8f9b2b08@group-9246EA52D491-FollowerState
2024-01-26 13:21:19,340 [282c7661-760d-4a20-bf76-23fe8f9b2b08@group-9246EA52D491-FollowerState] INFO  server.RaftServerConfigKeys (ConfUtils.java:logFallback(53)) - raft.server.rpc.first-election.timeout.min = 5s (fallback to raft.server.rpc.timeout.min)
2024-01-26 13:21:19,340 [282c7661-760d-4a20-bf76-23fe8f9b2b08-groupManagement] INFO  util.JmxRegister (JmxRegister.java:tryRegister(44)) - Successfully registered JMX Bean with object name Ratis:service=RaftServer,group=group-9246EA52D491,id=282c7661-760d-4a20-bf76-23fe8f9b2b08
2024-01-26 13:21:19,340 [282c7661-760d-4a20-bf76-23fe8f9b2b08@group-9246EA52D491-FollowerState] INFO  server.RaftServerConfigKeys (ConfUtils.java:logFallback(53)) - raft.server.rpc.first-election.timeout.max = 5200ms (fallback to raft.server.rpc.timeout.max)
2024-01-26 13:21:19,340 [282c7661-760d-4a20-bf76-23fe8f9b2b08-groupManagement] INFO  server.RaftServerConfigKeys (ConfUtils.java:logGet(46)) - raft.server.snapshot.trigger-when-stop.enabled = true (default)
2024-01-26 13:21:19,340 [282c7661-760d-4a20-bf76-23fe8f9b2b08-groupManagement] INFO  server.RaftServerConfigKeys (ConfUtils.java:logGet(46)) - raft.server.snapshot.auto.trigger.enabled = true (custom)
2024-01-26 13:21:19,341 [282c7661-760d-4a20-bf76-23fe8f9b2b08-groupManagement] INFO  server.RaftServerConfigKeys (ConfUtils.java:logGet(46)) - raft.server.snapshot.auto.trigger.threshold = 10000 (custom)
2024-01-26 13:21:19,341 [282c7661-760d-4a20-bf76-23fe8f9b2b08-groupManagement] INFO  server.RaftServerConfigKeys (ConfUtils.java:logGet(46)) - raft.server.snapshot.retention.file.num = 5 (custom)
2024-01-26 13:21:19,341 [282c7661-760d-4a20-bf76-23fe8f9b2b08-groupManagement] INFO  server.RaftServerConfigKeys (ConfUtils.java:logGet(46)) - raft.server.log.purge.upto.snapshot.index = false (default)
2024-01-26 13:21:19,344 [8e7f399e-f7c5-430e-98c6-d19423f76280-PipelineCommandHandlerThread-0] INFO  commandhandler.CreatePipelineCommandHandler (CreatePipelineCommandHandler.java:lambda$handle$2(124)) - Created Pipeline RATIS THREE PipelineID=c268dbf8-a06d-482b-bb17-9246ea52d491.
2024-01-26 13:21:19,365 [282c7661-760d-4a20-bf76-23fe8f9b2b08-PipelineCommandHandlerThread-0] INFO  server.RaftServer (RaftServerProxy.java:addNew(100)) - 282c7661-760d-4a20-bf76-23fe8f9b2b08: addNew group-AEDAFCAF2672:[282c7661-760d-4a20-bf76-23fe8f9b2b08|10.1.0.20:15344] returns group-AEDAFCAF2672:java.util.concurrent.CompletableFuture@73ec0236[Not completed]
2024-01-26 13:21:19,366 [282c7661-760d-4a20-bf76-23fe8f9b2b08-groupManagement] INFO  server.RaftServer$Division (RaftServerImpl.java:<init>(256)) - 282c7661-760d-4a20-bf76-23fe8f9b2b08: new RaftServerImpl for group-AEDAFCAF2672:[282c7661-760d-4a20-bf76-23fe8f9b2b08|10.1.0.20:15344] with ContainerStateMachine:uninitialized
2024-01-26 13:21:19,366 [282c7661-760d-4a20-bf76-23fe8f9b2b08-groupManagement] INFO  server.RaftServerConfigKeys (ConfUtils.java:logGet(46)) - raft.server.rpc.timeout.min = 5s (custom)
2024-01-26 13:21:19,366 [282c7661-760d-4a20-bf76-23fe8f9b2b08-groupManagement] INFO  server.RaftServerConfigKeys (ConfUtils.java:logGet(46)) - raft.server.rpc.timeout.max = 5200ms (custom)
2024-01-26 13:21:19,366 [282c7661-760d-4a20-bf76-23fe8f9b2b08-groupManagement] INFO  server.RaftServerConfigKeys (ConfUtils.java:logGet(46)) - raft.server.rpc.sleep.time = 25ms (default)
2024-01-26 13:21:19,366 [282c7661-760d-4a20-bf76-23fe8f9b2b08-groupManagement] INFO  server.RaftServerConfigKeys (ConfUtils.java:logGet(46)) - raft.server.rpc.slowness.timeout = 300000ms (custom)
2024-01-26 13:21:19,366 [282c7661-760d-4a20-bf76-23fe8f9b2b08-groupManagement] INFO  server.RaftServerConfigKeys (ConfUtils.java:logGet(46)) - raft.server.leaderelection.leader.step-down.wait-time = 10s (default)
2024-01-26 13:21:19,366 [282c7661-760d-4a20-bf76-23fe8f9b2b08-groupManagement] INFO  server.RaftServerConfigKeys (ConfUtils.java:logGet(46)) - raft.server.leaderelection.member.majority-add = false (default)
2024-01-26 13:21:19,366 [282c7661-760d-4a20-bf76-23fe8f9b2b08-groupManagement] INFO  server.RaftServerConfigKeys (ConfUtils.java:logGet(46)) - raft.server.sleep.deviation.threshold = 300ms (default)
2024-01-26 13:21:19,366 [282c7661-760d-4a20-bf76-23fe8f9b2b08-groupManagement] INFO  server.RaftServer$Division (ServerState.java:<init>(113)) - 282c7661-760d-4a20-bf76-23fe8f9b2b08@group-AEDAFCAF2672: ConfigurationManager, init=-1: peers:[282c7661-760d-4a20-bf76-23fe8f9b2b08|10.1.0.20:15344]|listeners:[], old=null, confs=<EMPTY_MAP>
2024-01-26 13:21:19,366 [282c7661-760d-4a20-bf76-23fe8f9b2b08-groupManagement] INFO  server.RaftServerConfigKeys (ConfUtils.java:logGet(46)) - raft.server.notification.no-leader.timeout = 300000ms (custom)
2024-01-26 13:21:19,366 [282c7661-760d-4a20-bf76-23fe8f9b2b08-groupManagement] INFO  server.RaftServerConfigKeys (ConfUtils.java:logGet(46)) - raft.server.read.timeout = 10s (default)
2024-01-26 13:21:19,366 [282c7661-760d-4a20-bf76-23fe8f9b2b08-groupManagement] INFO  server.RaftServerConfigKeys (ConfUtils.java:logGet(46)) - raft.server.retrycache.expirytime = 600000ms (custom)
2024-01-26 13:21:19,366 [282c7661-760d-4a20-bf76-23fe8f9b2b08-groupManagement] INFO  server.RaftServerConfigKeys (ConfUtils.java:logGet(46)) - raft.server.retrycache.statistics.expirytime = 100ms (default)
2024-01-26 13:21:19,366 [282c7661-760d-4a20-bf76-23fe8f9b2b08-groupManagement] INFO  server.RaftServerConfigKeys (ConfUtils.java:logGet(46)) - raft.server.read.option = DEFAULT (default)
2024-01-26 13:21:19,366 [282c7661-760d-4a20-bf76-23fe8f9b2b08-groupManagement] INFO  server.RaftServerConfigKeys (ConfUtils.java:logGet(46)) - raft.server.read.read-after-write-consistent.write-index-cache.expiry-time = 60s (default)
2024-01-26 13:21:19,368 [282c7661-760d-4a20-bf76-23fe8f9b2b08-groupManagement] INFO  server.RaftServerConfigKeys (ConfUtils.java:logGet(46)) - raft.server.rpc.request.timeout = 3000ms (default)
2024-01-26 13:21:19,368 [282c7661-760d-4a20-bf76-23fe8f9b2b08-groupManagement] INFO  server.RaftServerConfigKeys (ConfUtils.java:logGet(46)) - raft.server.log.appender.install.snapshot.enabled = false (custom)
2024-01-26 13:21:19,368 [282c7661-760d-4a20-bf76-23fe8f9b2b08-groupManagement] INFO  server.RaftServerConfigKeys (ConfUtils.java:logGet(46)) - raft.server.threadpool.server.cached = true (default)
2024-01-26 13:21:19,368 [282c7661-760d-4a20-bf76-23fe8f9b2b08-groupManagement] INFO  server.RaftServerConfigKeys (ConfUtils.java:logGet(46)) - raft.server.threadpool.server.size = 0 (default)
2024-01-26 13:21:19,370 [282c7661-760d-4a20-bf76-23fe8f9b2b08-groupManagement] INFO  server.RaftServerConfigKeys (ConfUtils.java:logGet(46)) - raft.server.threadpool.client.cached = true (default)
2024-01-26 13:21:19,370 [282c7661-760d-4a20-bf76-23fe8f9b2b08-groupManagement] INFO  server.RaftServerConfigKeys (ConfUtils.java:logGet(46)) - raft.server.threadpool.client.size = 0 (default)
2024-01-26 13:21:19,370 [282c7661-760d-4a20-bf76-23fe8f9b2b08-groupManagement] INFO  server.RaftServerConfigKeys (ConfUtils.java:logGet(46)) - raft.server.storage.free-space.min = 0MB (=0) (default)
2024-01-26 13:21:19,370 [282c7661-760d-4a20-bf76-23fe8f9b2b08-groupManagement] INFO  server.RaftServerConfigKeys (ConfUtils.java:logGet(46)) - raft.server.log.corruption.policy = EXCEPTION (default)
2024-01-26 13:21:19,370 [282c7661-760d-4a20-bf76-23fe8f9b2b08-groupManagement] INFO  server.RaftServerConfigKeys (ConfUtils.java:logGet(46)) - raft.server.storage.dir = [/home/runner/work/ozone/ozone/hadoop-ozone/integration-test/target/test-dir/MiniOzoneClusterImpl-953fd8c5-ac00-44c9-baab-0887e32ba883/datanode-7/data/ratis] (custom)
2024-01-26 13:21:19,370 [282c7661-760d-4a20-bf76-23fe8f9b2b08-groupManagement] INFO  storage.RaftStorageDirectory (RaftStorageDirectoryImpl.java:analyzeStorage(138)) - The storage directory /home/runner/work/ozone/ozone/hadoop-ozone/integration-test/target/test-dir/MiniOzoneClusterImpl-953fd8c5-ac00-44c9-baab-0887e32ba883/datanode-7/data/ratis/d8a7a786-5738-4bb9-b443-aedafcaf2672 does not exist. Creating ...
2024-01-26 13:21:19,371 [282c7661-760d-4a20-bf76-23fe8f9b2b08-groupManagement] INFO  storage.RaftStorageDirectory (RaftStorageDirectoryImpl.java:tryLock(228)) - Lock on /home/runner/work/ozone/ozone/hadoop-ozone/integration-test/target/test-dir/MiniOzoneClusterImpl-953fd8c5-ac00-44c9-baab-0887e32ba883/datanode-7/data/ratis/d8a7a786-5738-4bb9-b443-aedafcaf2672/in_use.lock acquired by nodename 73218@fv-az983-443
2024-01-26 13:21:19,372 [282c7661-760d-4a20-bf76-23fe8f9b2b08-groupManagement] INFO  storage.RaftStorage (RaftStorageImpl.java:format(99)) - Storage directory /home/runner/work/ozone/ozone/hadoop-ozone/integration-test/target/test-dir/MiniOzoneClusterImpl-953fd8c5-ac00-44c9-baab-0887e32ba883/datanode-7/data/ratis/d8a7a786-5738-4bb9-b443-aedafcaf2672 has been successfully formatted.
2024-01-26 13:21:19,373 [282c7661-760d-4a20-bf76-23fe8f9b2b08-groupManagement] WARN  util.FileUtils (LogUtils.java:supplyAndLog(63)) - Failed to Files.newInputStream /home/runner/work/ozone/ozone/hadoop-ozone/integration-test/target/test-dir/MiniOzoneClusterImpl-953fd8c5-ac00-44c9-baab-0887e32ba883/datanode-7/data/ratis/d8a7a786-5738-4bb9-b443-aedafcaf2672/current/raft-meta.conf with options []: java.nio.file.NoSuchFileException: /home/runner/work/ozone/ozone/hadoop-ozone/integration-test/target/test-dir/MiniOzoneClusterImpl-953fd8c5-ac00-44c9-baab-0887e32ba883/datanode-7/data/ratis/d8a7a786-5738-4bb9-b443-aedafcaf2672/current/raft-meta.conf
2024-01-26 13:21:19,373 [282c7661-760d-4a20-bf76-23fe8f9b2b08-groupManagement] INFO  ratis.ContainerStateMachine (ContainerStateMachine.java:loadSnapshot(287)) - group-AEDAFCAF2672: The snapshot info is null. Setting the last applied index to:(t:0, i:~)
2024-01-26 13:21:19,373 [282c7661-760d-4a20-bf76-23fe8f9b2b08-groupManagement] INFO  server.RaftServerConfigKeys (ConfUtils.java:logGet(46)) - raft.server.log.use.memory = false (default)
2024-01-26 13:21:19,373 [282c7661-760d-4a20-bf76-23fe8f9b2b08-groupManagement] INFO  server.RaftServerConfigKeys (ConfUtils.java:logGet(46)) - raft.server.log.purge.gap = 1000000 (custom)
2024-01-26 13:21:19,373 [282c7661-760d-4a20-bf76-23fe8f9b2b08-groupManagement] INFO  server.RaftServerConfigKeys (ConfUtils.java:logGet(46)) - raft.server.log.appender.buffer.byte-limit = 8388608 (custom)
2024-01-26 13:21:19,373 [282c7661-760d-4a20-bf76-23fe8f9b2b08-groupManagement] INFO  server.RaftServerConfigKeys (ConfUtils.java:logGet(46)) - raft.server.log.statemachine.data.read.timeout = 1000ms (default)
2024-01-26 13:21:19,373 [282c7661-760d-4a20-bf76-23fe8f9b2b08-groupManagement] INFO  server.RaftServerConfigKeys (ConfUtils.java:logGet(46)) - raft.server.log.purge.preservation.log.num = 0 (default)
2024-01-26 13:21:19,374 [EventQueue-PipelineReportForPipelineReportHandler] INFO  pipeline.PipelineReportHandler (PipelineReportHandler.java:processPipelineReport(136)) - Opened pipeline PipelineID=d8a7a786-5738-4bb9-b443-aedafcaf2672
2024-01-26 13:21:19,374 [282c7661-760d-4a20-bf76-23fe8f9b2b08-groupManagement] INFO  server.RaftServerConfigKeys (ConfUtils.java:logGet(46)) - raft.server.log.segment.size.max = 67108864 (custom)
2024-01-26 13:21:19,374 [EventQueue-OpenPipelineForHealthyPipelineSafeModeRule] INFO  safemode.SCMSafeModeManager (HealthyPipelineSafeModeRule.java:process(140)) - SCM in safe mode. Healthy pipelines reported count is 0, required healthy pipeline reported count is 1
2024-01-26 13:21:19,375 [282c7661-760d-4a20-bf76-23fe8f9b2b08-groupManagement] INFO  server.RaftServerConfigKeys (ConfUtils.java:logGet(46)) - raft.server.log.segment.cache.num.max = 2 (custom)
2024-01-26 13:21:19,375 [282c7661-760d-4a20-bf76-23fe8f9b2b08-groupManagement] INFO  server.RaftServerConfigKeys (ConfUtils.java:logGet(46)) - raft.server.log.segment.cache.size.max = 200MB (=209715200) (default)
2024-01-26 13:21:19,375 [282c7661-760d-4a20-bf76-23fe8f9b2b08-groupManagement] INFO  server.RaftServerConfigKeys (ConfUtils.java:logGet(46)) - raft.server.log.appender.buffer.byte-limit = 8388608 (custom)
2024-01-26 13:21:19,375 [282c7661-760d-4a20-bf76-23fe8f9b2b08-groupManagement] INFO  util.AwaitToRun (AwaitToRun.java:start(81)) - Thread[282c7661-760d-4a20-bf76-23fe8f9b2b08@group-AEDAFCAF2672-cacheEviction-AwaitToRun,5,main] started
2024-01-26 13:21:19,375 [282c7661-760d-4a20-bf76-23fe8f9b2b08-groupManagement] INFO  segmented.SegmentedRaftLogWorker (SegmentedRaftLogWorker.java:<init>(182)) - new 282c7661-760d-4a20-bf76-23fe8f9b2b08@group-AEDAFCAF2672-SegmentedRaftLogWorker for RaftStorageImpl:Storage Directory /home/runner/work/ozone/ozone/hadoop-ozone/integration-test/target/test-dir/MiniOzoneClusterImpl-953fd8c5-ac00-44c9-baab-0887e32ba883/datanode-7/data/ratis/d8a7a786-5738-4bb9-b443-aedafcaf2672
2024-01-26 13:21:19,375 [282c7661-760d-4a20-bf76-23fe8f9b2b08-groupManagement] INFO  server.RaftServerConfigKeys (ConfUtils.java:logGet(46)) - raft.server.log.queue.byte-limit = 4294967296 (custom)
2024-01-26 13:21:19,375 [282c7661-760d-4a20-bf76-23fe8f9b2b08-groupManagement] INFO  server.RaftServerConfigKeys (ConfUtils.java:logGet(46)) - raft.server.log.queue.element-limit = 1024 (custom)
2024-01-26 13:21:19,375 [282c7661-760d-4a20-bf76-23fe8f9b2b08-groupManagement] INFO  server.RaftServerConfigKeys (ConfUtils.java:logGet(46)) - raft.server.log.segment.size.max = 67108864 (custom)
2024-01-26 13:21:19,375 [282c7661-760d-4a20-bf76-23fe8f9b2b08-groupManagement] INFO  server.RaftServerConfigKeys (ConfUtils.java:logGet(46)) - raft.server.log.preallocated.size = 4194304 (custom)
2024-01-26 13:21:19,375 [282c7661-760d-4a20-bf76-23fe8f9b2b08-groupManagement] INFO  server.RaftServerConfigKeys (ConfUtils.java:logGet(46)) - raft.server.log.force.sync.num = 128 (default)
2024-01-26 13:21:19,375 [282c7661-760d-4a20-bf76-23fe8f9b2b08-groupManagement] INFO  server.RaftServerConfigKeys (ConfUtils.java:logGet(46)) - raft.server.log.statemachine.data.sync = true (default)
2024-01-26 13:21:19,376 [282c7661-760d-4a20-bf76-23fe8f9b2b08-groupManagement] INFO  server.RaftServerConfigKeys (ConfUtils.java:logGet(46)) - raft.server.log.statemachine.data.sync.timeout = 10s (default)
2024-01-26 13:21:19,376 [282c7661-760d-4a20-bf76-23fe8f9b2b08-groupManagement] INFO  server.RaftServerConfigKeys (ConfUtils.java:logGet(46)) - raft.server.log.statemachine.data.sync.timeout.retry = 0 (custom)
2024-01-26 13:21:19,376 [282c7661-760d-4a20-bf76-23fe8f9b2b08-groupManagement] INFO  server.RaftServerConfigKeys (ConfUtils.java:logGet(46)) - raft.server.log.write.buffer.size = 8388616 (custom)
2024-01-26 13:21:19,377 [282c7661-760d-4a20-bf76-23fe8f9b2b08-groupManagement] INFO  server.RaftServerConfigKeys (ConfUtils.java:logGet(46)) - raft.server.log.appender.buffer.byte-limit = 8388608 (custom)
2024-01-26 13:21:19,377 [282c7661-760d-4a20-bf76-23fe8f9b2b08-groupManagement] INFO  server.RaftServerConfigKeys (ConfUtils.java:logGet(46)) - raft.server.log.unsafe-flush.enabled = false (default)
2024-01-26 13:21:19,378 [282c7661-760d-4a20-bf76-23fe8f9b2b08-groupManagement] INFO  server.RaftServerConfigKeys (ConfUtils.java:logGet(46)) - raft.server.log.async-flush.enabled = false (default)
2024-01-26 13:21:19,378 [282c7661-760d-4a20-bf76-23fe8f9b2b08-groupManagement] INFO  server.RaftServerConfigKeys (ConfUtils.java:logGet(46)) - raft.server.log.statemachine.data.caching.enabled = true (custom)
2024-01-26 13:21:19,378 [282c7661-760d-4a20-bf76-23fe8f9b2b08-groupManagement] INFO  segmented.SegmentedRaftLogWorker (SegmentedRaftLogWorker.java:lambda$new$0(134)) - 282c7661-760d-4a20-bf76-23fe8f9b2b08@group-AEDAFCAF2672-SegmentedRaftLogWorker: flushIndex: setUnconditionally 0 -> -1
2024-01-26 13:21:19,378 [282c7661-760d-4a20-bf76-23fe8f9b2b08-groupManagement] INFO  segmented.SegmentedRaftLogWorker (SegmentedRaftLogWorker.java:lambda$new$0(134)) - 282c7661-760d-4a20-bf76-23fe8f9b2b08@group-AEDAFCAF2672-SegmentedRaftLogWorker: safeCacheEvictIndex: setUnconditionally 0 -> -1
2024-01-26 13:21:19,378 [282c7661-760d-4a20-bf76-23fe8f9b2b08-groupManagement] INFO  server.RaftServer$Division (RaftServerImpl.java:start(396)) - 282c7661-760d-4a20-bf76-23fe8f9b2b08@group-AEDAFCAF2672: start as a follower, conf=-1: peers:[282c7661-760d-4a20-bf76-23fe8f9b2b08|10.1.0.20:15344]|listeners:[], old=null
2024-01-26 13:21:19,378 [282c7661-760d-4a20-bf76-23fe8f9b2b08-groupManagement] INFO  server.RaftServer$Division (RaftServerImpl.java:setRole(383)) - 282c7661-760d-4a20-bf76-23fe8f9b2b08@group-AEDAFCAF2672: changes role from      null to FOLLOWER at term 0 for startAsFollower
2024-01-26 13:21:19,378 [282c7661-760d-4a20-bf76-23fe8f9b2b08-groupManagement] INFO  impl.RoleInfo (RoleInfo.java:updateAndGet(139)) - 282c7661-760d-4a20-bf76-23fe8f9b2b08: start 282c7661-760d-4a20-bf76-23fe8f9b2b08@group-AEDAFCAF2672-FollowerState
2024-01-26 13:21:19,380 [282c7661-760d-4a20-bf76-23fe8f9b2b08@group-AEDAFCAF2672-FollowerState] INFO  server.RaftServerConfigKeys (ConfUtils.java:logFallback(53)) - raft.server.rpc.first-election.timeout.min = 5s (fallback to raft.server.rpc.timeout.min)
2024-01-26 13:21:19,380 [282c7661-760d-4a20-bf76-23fe8f9b2b08-groupManagement] INFO  util.JmxRegister (JmxRegister.java:tryRegister(44)) - Successfully registered JMX Bean with object name Ratis:service=RaftServer,group=group-AEDAFCAF2672,id=282c7661-760d-4a20-bf76-23fe8f9b2b08
2024-01-26 13:21:19,380 [282c7661-760d-4a20-bf76-23fe8f9b2b08@group-AEDAFCAF2672-FollowerState] INFO  server.RaftServerConfigKeys (ConfUtils.java:logFallback(53)) - raft.server.rpc.first-election.timeout.max = 5200ms (fallback to raft.server.rpc.timeout.max)
2024-01-26 13:21:19,380 [282c7661-760d-4a20-bf76-23fe8f9b2b08-groupManagement] INFO  server.RaftServerConfigKeys (ConfUtils.java:logGet(46)) - raft.server.snapshot.trigger-when-stop.enabled = true (default)
2024-01-26 13:21:19,381 [282c7661-760d-4a20-bf76-23fe8f9b2b08-groupManagement] INFO  server.RaftServerConfigKeys (ConfUtils.java:logGet(46)) - raft.server.snapshot.auto.trigger.enabled = true (custom)
2024-01-26 13:21:19,381 [282c7661-760d-4a20-bf76-23fe8f9b2b08-groupManagement] INFO  server.RaftServerConfigKeys (ConfUtils.java:logGet(46)) - raft.server.snapshot.auto.trigger.threshold = 10000 (custom)
2024-01-26 13:21:19,381 [282c7661-760d-4a20-bf76-23fe8f9b2b08-groupManagement] INFO  server.RaftServerConfigKeys (ConfUtils.java:logGet(46)) - raft.server.snapshot.retention.file.num = 5 (custom)
2024-01-26 13:21:19,381 [282c7661-760d-4a20-bf76-23fe8f9b2b08-groupManagement] INFO  server.RaftServerConfigKeys (ConfUtils.java:logGet(46)) - raft.server.log.purge.upto.snapshot.index = false (default)
2024-01-26 13:21:19,381 [282c7661-760d-4a20-bf76-23fe8f9b2b08-PipelineCommandHandlerThread-0] INFO  ratis.XceiverServerRatis (XceiverServerRatis.java:addGroup(842)) - Created group PipelineID=d8a7a786-5738-4bb9-b443-aedafcaf2672
2024-01-26 13:21:19,381 [282c7661-760d-4a20-bf76-23fe8f9b2b08-PipelineCommandHandlerThread-0] INFO  commandhandler.CreatePipelineCommandHandler (CreatePipelineCommandHandler.java:lambda$handle$2(124)) - Created Pipeline RATIS ONE PipelineID=d8a7a786-5738-4bb9-b443-aedafcaf2672.
2024-01-26 13:21:19,454 [6765ae9a-8790-488a-a655-dfdac73b9f74-PipelineCommandHandlerThread-0] INFO  server.RaftServer (RaftServerProxy.java:addNew(100)) - 6765ae9a-8790-488a-a655-dfdac73b9f74: addNew group-9C2507394FAC:[6765ae9a-8790-488a-a655-dfdac73b9f74|10.1.0.20:15353] returns group-9C2507394FAC:java.util.concurrent.CompletableFuture@6cfb0eeb[Not completed]
2024-01-26 13:21:19,455 [6765ae9a-8790-488a-a655-dfdac73b9f74-groupManagement] INFO  server.RaftServer$Division (RaftServerImpl.java:<init>(256)) - 6765ae9a-8790-488a-a655-dfdac73b9f74: new RaftServerImpl for group-9C2507394FAC:[6765ae9a-8790-488a-a655-dfdac73b9f74|10.1.0.20:15353] with ContainerStateMachine:uninitialized
2024-01-26 13:21:19,455 [6765ae9a-8790-488a-a655-dfdac73b9f74-groupManagement] INFO  server.RaftServerConfigKeys (ConfUtils.java:logGet(46)) - raft.server.rpc.timeout.min = 5s (custom)
2024-01-26 13:21:19,455 [6765ae9a-8790-488a-a655-dfdac73b9f74-groupManagement] INFO  server.RaftServerConfigKeys (ConfUtils.java:logGet(46)) - raft.server.rpc.timeout.max = 5200ms (custom)
2024-01-26 13:21:19,455 [6765ae9a-8790-488a-a655-dfdac73b9f74-groupManagement] INFO  server.RaftServerConfigKeys (ConfUtils.java:logGet(46)) - raft.server.rpc.sleep.time = 25ms (default)
2024-01-26 13:21:19,455 [6765ae9a-8790-488a-a655-dfdac73b9f74-groupManagement] INFO  server.RaftServerConfigKeys (ConfUtils.java:logGet(46)) - raft.server.rpc.slowness.timeout = 300000ms (custom)
2024-01-26 13:21:19,455 [6765ae9a-8790-488a-a655-dfdac73b9f74-groupManagement] INFO  server.RaftServerConfigKeys (ConfUtils.java:logGet(46)) - raft.server.leaderelection.leader.step-down.wait-time = 10s (default)
2024-01-26 13:21:19,455 [6765ae9a-8790-488a-a655-dfdac73b9f74-groupManagement] INFO  server.RaftServerConfigKeys (ConfUtils.java:logGet(46)) - raft.server.leaderelection.member.majority-add = false (default)
2024-01-26 13:21:19,455 [6765ae9a-8790-488a-a655-dfdac73b9f74-groupManagement] INFO  server.RaftServerConfigKeys (ConfUtils.java:logGet(46)) - raft.server.sleep.deviation.threshold = 300ms (default)
2024-01-26 13:21:19,455 [6765ae9a-8790-488a-a655-dfdac73b9f74-groupManagement] INFO  server.RaftServer$Division (ServerState.java:<init>(113)) - 6765ae9a-8790-488a-a655-dfdac73b9f74@group-9C2507394FAC: ConfigurationManager, init=-1: peers:[6765ae9a-8790-488a-a655-dfdac73b9f74|10.1.0.20:15353]|listeners:[], old=null, confs=<EMPTY_MAP>
2024-01-26 13:21:19,455 [6765ae9a-8790-488a-a655-dfdac73b9f74-groupManagement] INFO  server.RaftServerConfigKeys (ConfUtils.java:logGet(46)) - raft.server.notification.no-leader.timeout = 300000ms (custom)
2024-01-26 13:21:19,455 [6765ae9a-8790-488a-a655-dfdac73b9f74-groupManagement] INFO  server.RaftServerConfigKeys (ConfUtils.java:logGet(46)) - raft.server.read.timeout = 10s (default)
2024-01-26 13:21:19,456 [6765ae9a-8790-488a-a655-dfdac73b9f74-groupManagement] INFO  server.RaftServerConfigKeys (ConfUtils.java:logGet(46)) - raft.server.retrycache.expirytime = 600000ms (custom)
2024-01-26 13:21:19,456 [6765ae9a-8790-488a-a655-dfdac73b9f74-groupManagement] INFO  server.RaftServerConfigKeys (ConfUtils.java:logGet(46)) - raft.server.retrycache.statistics.expirytime = 100ms (default)
2024-01-26 13:21:19,456 [6765ae9a-8790-488a-a655-dfdac73b9f74-groupManagement] INFO  server.RaftServerConfigKeys (ConfUtils.java:logGet(46)) - raft.server.read.option = DEFAULT (default)
2024-01-26 13:21:19,456 [6765ae9a-8790-488a-a655-dfdac73b9f74-groupManagement] INFO  server.RaftServerConfigKeys (ConfUtils.java:logGet(46)) - raft.server.read.read-after-write-consistent.write-index-cache.expiry-time = 60s (default)
2024-01-26 13:21:19,457 [main] INFO  ozone.MiniOzoneClusterImpl (MiniOzoneClusterImpl.java:lambda$waitForClusterToBeReady$0(229)) - Nodes are ready. Got 9 of 9 DN Heartbeats.
2024-01-26 13:21:19,457 [main] INFO  ozone.MiniOzoneClusterImpl (MiniOzoneClusterImpl.java:lambda$waitForClusterToBeReady$0(232)) - Waiting for cluster to exit safe mode
2024-01-26 13:21:19,457 [main] INFO  ozone.MiniOzoneClusterImpl (MiniOzoneClusterImpl.java:lambda$waitForClusterToBeReady$0(234)) - SCM became leader
2024-01-26 13:21:19,457 [6765ae9a-8790-488a-a655-dfdac73b9f74-groupManagement] INFO  server.RaftServerConfigKeys (ConfUtils.java:logGet(46)) - raft.server.rpc.request.timeout = 3000ms (default)
2024-01-26 13:21:19,457 [6765ae9a-8790-488a-a655-dfdac73b9f74-groupManagement] INFO  server.RaftServerConfigKeys (ConfUtils.java:logGet(46)) - raft.server.log.appender.install.snapshot.enabled = false (custom)
2024-01-26 13:21:19,457 [6765ae9a-8790-488a-a655-dfdac73b9f74-groupManagement] INFO  server.RaftServerConfigKeys (ConfUtils.java:logGet(46)) - raft.server.threadpool.server.cached = true (default)
2024-01-26 13:21:19,457 [6765ae9a-8790-488a-a655-dfdac73b9f74-groupManagement] INFO  server.RaftServerConfigKeys (ConfUtils.java:logGet(46)) - raft.server.threadpool.server.size = 0 (default)
2024-01-26 13:21:19,458 [6765ae9a-8790-488a-a655-dfdac73b9f74-groupManagement] INFO  server.RaftServerConfigKeys (ConfUtils.java:logGet(46)) - raft.server.threadpool.client.cached = true (default)
2024-01-26 13:21:19,458 [6765ae9a-8790-488a-a655-dfdac73b9f74-groupManagement] INFO  server.RaftServerConfigKeys (ConfUtils.java:logGet(46)) - raft.server.threadpool.client.size = 0 (default)
2024-01-26 13:21:19,458 [6765ae9a-8790-488a-a655-dfdac73b9f74-groupManagement] INFO  server.RaftServerConfigKeys (ConfUtils.java:logGet(46)) - raft.server.storage.free-space.min = 0MB (=0) (default)
2024-01-26 13:21:19,458 [6765ae9a-8790-488a-a655-dfdac73b9f74-groupManagement] INFO  server.RaftServerConfigKeys (ConfUtils.java:logGet(46)) - raft.server.log.corruption.policy = EXCEPTION (default)
2024-01-26 13:21:19,458 [6765ae9a-8790-488a-a655-dfdac73b9f74-groupManagement] INFO  server.RaftServerConfigKeys (ConfUtils.java:logGet(46)) - raft.server.storage.dir = [/home/runner/work/ozone/ozone/hadoop-ozone/integration-test/target/test-dir/MiniOzoneClusterImpl-953fd8c5-ac00-44c9-baab-0887e32ba883/datanode-8/data/ratis] (custom)
2024-01-26 13:21:19,458 [6765ae9a-8790-488a-a655-dfdac73b9f74-groupManagement] INFO  storage.RaftStorageDirectory (RaftStorageDirectoryImpl.java:analyzeStorage(138)) - The storage directory /home/runner/work/ozone/ozone/hadoop-ozone/integration-test/target/test-dir/MiniOzoneClusterImpl-953fd8c5-ac00-44c9-baab-0887e32ba883/datanode-8/data/ratis/86c19ba0-8766-4b28-9add-9c2507394fac does not exist. Creating ...
2024-01-26 13:21:19,459 [6765ae9a-8790-488a-a655-dfdac73b9f74-groupManagement] INFO  storage.RaftStorageDirectory (RaftStorageDirectoryImpl.java:tryLock(228)) - Lock on /home/runner/work/ozone/ozone/hadoop-ozone/integration-test/target/test-dir/MiniOzoneClusterImpl-953fd8c5-ac00-44c9-baab-0887e32ba883/datanode-8/data/ratis/86c19ba0-8766-4b28-9add-9c2507394fac/in_use.lock acquired by nodename 73218@fv-az983-443
2024-01-26 13:21:19,460 [6765ae9a-8790-488a-a655-dfdac73b9f74-groupManagement] INFO  storage.RaftStorage (RaftStorageImpl.java:format(99)) - Storage directory /home/runner/work/ozone/ozone/hadoop-ozone/integration-test/target/test-dir/MiniOzoneClusterImpl-953fd8c5-ac00-44c9-baab-0887e32ba883/datanode-8/data/ratis/86c19ba0-8766-4b28-9add-9c2507394fac has been successfully formatted.
2024-01-26 13:21:19,460 [6765ae9a-8790-488a-a655-dfdac73b9f74-groupManagement] WARN  util.FileUtils (LogUtils.java:supplyAndLog(63)) - Failed to Files.newInputStream /home/runner/work/ozone/ozone/hadoop-ozone/integration-test/target/test-dir/MiniOzoneClusterImpl-953fd8c5-ac00-44c9-baab-0887e32ba883/datanode-8/data/ratis/86c19ba0-8766-4b28-9add-9c2507394fac/current/raft-meta.conf with options []: java.nio.file.NoSuchFileException: /home/runner/work/ozone/ozone/hadoop-ozone/integration-test/target/test-dir/MiniOzoneClusterImpl-953fd8c5-ac00-44c9-baab-0887e32ba883/datanode-8/data/ratis/86c19ba0-8766-4b28-9add-9c2507394fac/current/raft-meta.conf
2024-01-26 13:21:19,460 [6765ae9a-8790-488a-a655-dfdac73b9f74-groupManagement] INFO  ratis.ContainerStateMachine (ContainerStateMachine.java:loadSnapshot(287)) - group-9C2507394FAC: The snapshot info is null. Setting the last applied index to:(t:0, i:~)
2024-01-26 13:21:19,460 [6765ae9a-8790-488a-a655-dfdac73b9f74-groupManagement] INFO  server.RaftServerConfigKeys (ConfUtils.java:logGet(46)) - raft.server.log.use.memory = false (default)
2024-01-26 13:21:19,461 [6765ae9a-8790-488a-a655-dfdac73b9f74-groupManagement] INFO  server.RaftServerConfigKeys (ConfUtils.java:logGet(46)) - raft.server.log.purge.gap = 1000000 (custom)
2024-01-26 13:21:19,461 [6765ae9a-8790-488a-a655-dfdac73b9f74-groupManagement] INFO  server.RaftServerConfigKeys (ConfUtils.java:logGet(46)) - raft.server.log.appender.buffer.byte-limit = 8388608 (custom)
2024-01-26 13:21:19,461 [6765ae9a-8790-488a-a655-dfdac73b9f74-groupManagement] INFO  server.RaftServerConfigKeys (ConfUtils.java:logGet(46)) - raft.server.log.statemachine.data.read.timeout = 1000ms (default)
2024-01-26 13:21:19,461 [6765ae9a-8790-488a-a655-dfdac73b9f74-groupManagement] INFO  server.RaftServerConfigKeys (ConfUtils.java:logGet(46)) - raft.server.log.purge.preservation.log.num = 0 (default)
2024-01-26 13:21:19,461 [EventQueue-PipelineReportForPipelineReportHandler] INFO  pipeline.PipelineReportHandler (PipelineReportHandler.java:processPipelineReport(136)) - Opened pipeline PipelineID=86c19ba0-8766-4b28-9add-9c2507394fac
2024-01-26 13:21:19,462 [EventQueue-OpenPipelineForHealthyPipelineSafeModeRule] INFO  safemode.SCMSafeModeManager (HealthyPipelineSafeModeRule.java:process(140)) - SCM in safe mode. Healthy pipelines reported count is 0, required healthy pipeline reported count is 1
2024-01-26 13:21:19,462 [6765ae9a-8790-488a-a655-dfdac73b9f74-groupManagement] INFO  server.RaftServerConfigKeys (ConfUtils.java:logGet(46)) - raft.server.log.segment.size.max = 67108864 (custom)
2024-01-26 13:21:19,462 [6765ae9a-8790-488a-a655-dfdac73b9f74-groupManagement] INFO  server.RaftServerConfigKeys (ConfUtils.java:logGet(46)) - raft.server.log.segment.cache.num.max = 2 (custom)
2024-01-26 13:21:19,462 [6765ae9a-8790-488a-a655-dfdac73b9f74-groupManagement] INFO  server.RaftServerConfigKeys (ConfUtils.java:logGet(46)) - raft.server.log.segment.cache.size.max = 200MB (=209715200) (default)
2024-01-26 13:21:19,462 [6765ae9a-8790-488a-a655-dfdac73b9f74-groupManagement] INFO  server.RaftServerConfigKeys (ConfUtils.java:logGet(46)) - raft.server.log.appender.buffer.byte-limit = 8388608 (custom)
2024-01-26 13:21:19,462 [6765ae9a-8790-488a-a655-dfdac73b9f74-groupManagement] INFO  util.AwaitToRun (AwaitToRun.java:start(81)) - Thread[6765ae9a-8790-488a-a655-dfdac73b9f74@group-9C2507394FAC-cacheEviction-AwaitToRun,5,main] started
2024-01-26 13:21:19,462 [6765ae9a-8790-488a-a655-dfdac73b9f74-groupManagement] INFO  segmented.SegmentedRaftLogWorker (SegmentedRaftLogWorker.java:<init>(182)) - new 6765ae9a-8790-488a-a655-dfdac73b9f74@group-9C2507394FAC-SegmentedRaftLogWorker for RaftStorageImpl:Storage Directory /home/runner/work/ozone/ozone/hadoop-ozone/integration-test/target/test-dir/MiniOzoneClusterImpl-953fd8c5-ac00-44c9-baab-0887e32ba883/datanode-8/data/ratis/86c19ba0-8766-4b28-9add-9c2507394fac
2024-01-26 13:21:19,463 [6765ae9a-8790-488a-a655-dfdac73b9f74-groupManagement] INFO  server.RaftServerConfigKeys (ConfUtils.java:logGet(46)) - raft.server.log.queue.byte-limit = 4294967296 (custom)
2024-01-26 13:21:19,463 [6765ae9a-8790-488a-a655-dfdac73b9f74-groupManagement] INFO  server.RaftServerConfigKeys (ConfUtils.java:logGet(46)) - raft.server.log.queue.element-limit = 1024 (custom)
2024-01-26 13:21:19,463 [6765ae9a-8790-488a-a655-dfdac73b9f74-groupManagement] INFO  server.RaftServerConfigKeys (ConfUtils.java:logGet(46)) - raft.server.log.segment.size.max = 67108864 (custom)
2024-01-26 13:21:19,463 [6765ae9a-8790-488a-a655-dfdac73b9f74-groupManagement] INFO  server.RaftServerConfigKeys (ConfUtils.java:logGet(46)) - raft.server.log.preallocated.size = 4194304 (custom)
2024-01-26 13:21:19,463 [6765ae9a-8790-488a-a655-dfdac73b9f74-groupManagement] INFO  server.RaftServerConfigKeys (ConfUtils.java:logGet(46)) - raft.server.log.force.sync.num = 128 (default)
2024-01-26 13:21:19,463 [6765ae9a-8790-488a-a655-dfdac73b9f74-groupManagement] INFO  server.RaftServerConfigKeys (ConfUtils.java:logGet(46)) - raft.server.log.statemachine.data.sync = true (default)
2024-01-26 13:21:19,463 [6765ae9a-8790-488a-a655-dfdac73b9f74-groupManagement] INFO  server.RaftServerConfigKeys (ConfUtils.java:logGet(46)) - raft.server.log.statemachine.data.sync.timeout = 10s (default)
2024-01-26 13:21:19,463 [6765ae9a-8790-488a-a655-dfdac73b9f74-groupManagement] INFO  server.RaftServerConfigKeys (ConfUtils.java:logGet(46)) - raft.server.log.statemachine.data.sync.timeout.retry = 0 (custom)
2024-01-26 13:21:19,463 [6765ae9a-8790-488a-a655-dfdac73b9f74-groupManagement] INFO  server.RaftServerConfigKeys (ConfUtils.java:logGet(46)) - raft.server.log.write.buffer.size = 8388616 (custom)
2024-01-26 13:21:19,465 [6765ae9a-8790-488a-a655-dfdac73b9f74-groupManagement] INFO  server.RaftServerConfigKeys (ConfUtils.java:logGet(46)) - raft.server.log.appender.buffer.byte-limit = 8388608 (custom)
2024-01-26 13:21:19,465 [6765ae9a-8790-488a-a655-dfdac73b9f74-groupManagement] INFO  server.RaftServerConfigKeys (ConfUtils.java:logGet(46)) - raft.server.log.unsafe-flush.enabled = false (default)
2024-01-26 13:21:19,465 [6765ae9a-8790-488a-a655-dfdac73b9f74-groupManagement] INFO  server.RaftServerConfigKeys (ConfUtils.java:logGet(46)) - raft.server.log.async-flush.enabled = false (default)
2024-01-26 13:21:19,465 [6765ae9a-8790-488a-a655-dfdac73b9f74-groupManagement] INFO  server.RaftServerConfigKeys (ConfUtils.java:logGet(46)) - raft.server.log.statemachine.data.caching.enabled = true (custom)
2024-01-26 13:21:19,465 [6765ae9a-8790-488a-a655-dfdac73b9f74-groupManagement] INFO  segmented.SegmentedRaftLogWorker (SegmentedRaftLogWorker.java:lambda$new$0(134)) - 6765ae9a-8790-488a-a655-dfdac73b9f74@group-9C2507394FAC-SegmentedRaftLogWorker: flushIndex: setUnconditionally 0 -> -1
2024-01-26 13:21:19,465 [6765ae9a-8790-488a-a655-dfdac73b9f74-groupManagement] INFO  segmented.SegmentedRaftLogWorker (SegmentedRaftLogWorker.java:lambda$new$0(134)) - 6765ae9a-8790-488a-a655-dfdac73b9f74@group-9C2507394FAC-SegmentedRaftLogWorker: safeCacheEvictIndex: setUnconditionally 0 -> -1
2024-01-26 13:21:19,465 [6765ae9a-8790-488a-a655-dfdac73b9f74-groupManagement] INFO  server.RaftServer$Division (RaftServerImpl.java:start(396)) - 6765ae9a-8790-488a-a655-dfdac73b9f74@group-9C2507394FAC: start as a follower, conf=-1: peers:[6765ae9a-8790-488a-a655-dfdac73b9f74|10.1.0.20:15353]|listeners:[], old=null
2024-01-26 13:21:19,465 [6765ae9a-8790-488a-a655-dfdac73b9f74-groupManagement] INFO  server.RaftServer$Division (RaftServerImpl.java:setRole(383)) - 6765ae9a-8790-488a-a655-dfdac73b9f74@group-9C2507394FAC: changes role from      null to FOLLOWER at term 0 for startAsFollower
2024-01-26 13:21:19,465 [6765ae9a-8790-488a-a655-dfdac73b9f74-groupManagement] INFO  impl.RoleInfo (RoleInfo.java:updateAndGet(139)) - 6765ae9a-8790-488a-a655-dfdac73b9f74: start 6765ae9a-8790-488a-a655-dfdac73b9f74@group-9C2507394FAC-FollowerState
2024-01-26 13:21:19,466 [6765ae9a-8790-488a-a655-dfdac73b9f74@group-9C2507394FAC-FollowerState] INFO  server.RaftServerConfigKeys (ConfUtils.java:logFallback(53)) - raft.server.rpc.first-election.timeout.min = 5s (fallback to raft.server.rpc.timeout.min)
2024-01-26 13:21:19,466 [6765ae9a-8790-488a-a655-dfdac73b9f74-groupManagement] INFO  util.JmxRegister (JmxRegister.java:tryRegister(44)) - Successfully registered JMX Bean with object name Ratis:service=RaftServer,group=group-9C2507394FAC,id=6765ae9a-8790-488a-a655-dfdac73b9f74
2024-01-26 13:21:19,466 [6765ae9a-8790-488a-a655-dfdac73b9f74@group-9C2507394FAC-FollowerState] INFO  server.RaftServerConfigKeys (ConfUtils.java:logFallback(53)) - raft.server.rpc.first-election.timeout.max = 5200ms (fallback to raft.server.rpc.timeout.max)
2024-01-26 13:21:19,466 [6765ae9a-8790-488a-a655-dfdac73b9f74-groupManagement] INFO  server.RaftServerConfigKeys (ConfUtils.java:logGet(46)) - raft.server.snapshot.trigger-when-stop.enabled = true (default)
2024-01-26 13:21:19,466 [6765ae9a-8790-488a-a655-dfdac73b9f74-groupManagement] INFO  server.RaftServerConfigKeys (ConfUtils.java:logGet(46)) - raft.server.snapshot.auto.trigger.enabled = true (custom)
2024-01-26 13:21:19,466 [6765ae9a-8790-488a-a655-dfdac73b9f74-groupManagement] INFO  server.RaftServerConfigKeys (ConfUtils.java:logGet(46)) - raft.server.snapshot.auto.trigger.threshold = 10000 (custom)
2024-01-26 13:21:19,466 [6765ae9a-8790-488a-a655-dfdac73b9f74-groupManagement] INFO  server.RaftServerConfigKeys (ConfUtils.java:logGet(46)) - raft.server.snapshot.retention.file.num = 5 (custom)
2024-01-26 13:21:19,466 [6765ae9a-8790-488a-a655-dfdac73b9f74-groupManagement] INFO  server.RaftServerConfigKeys (ConfUtils.java:logGet(46)) - raft.server.log.purge.upto.snapshot.index = false (default)
2024-01-26 13:21:19,466 [6765ae9a-8790-488a-a655-dfdac73b9f74-PipelineCommandHandlerThread-0] INFO  ratis.XceiverServerRatis (XceiverServerRatis.java:addGroup(842)) - Created group PipelineID=86c19ba0-8766-4b28-9add-9c2507394fac
2024-01-26 13:21:19,467 [6765ae9a-8790-488a-a655-dfdac73b9f74-PipelineCommandHandlerThread-0] INFO  commandhandler.CreatePipelineCommandHandler (CreatePipelineCommandHandler.java:lambda$handle$2(124)) - Created Pipeline RATIS ONE PipelineID=86c19ba0-8766-4b28-9add-9c2507394fac.
2024-01-26 13:21:20,457 [main] INFO  ozone.MiniOzoneClusterImpl (MiniOzoneClusterImpl.java:lambda$waitForClusterToBeReady$0(229)) - Nodes are ready. Got 9 of 9 DN Heartbeats.
2024-01-26 13:21:20,457 [main] INFO  ozone.MiniOzoneClusterImpl (MiniOzoneClusterImpl.java:lambda$waitForClusterToBeReady$0(232)) - Waiting for cluster to exit safe mode
2024-01-26 13:21:20,457 [main] INFO  ozone.MiniOzoneClusterImpl (MiniOzoneClusterImpl.java:lambda$waitForClusterToBeReady$0(234)) - SCM became leader
2024-01-26 13:21:21,458 [main] INFO  ozone.MiniOzoneClusterImpl (MiniOzoneClusterImpl.java:lambda$waitForClusterToBeReady$0(229)) - Nodes are ready. Got 9 of 9 DN Heartbeats.
2024-01-26 13:21:21,458 [main] INFO  ozone.MiniOzoneClusterImpl (MiniOzoneClusterImpl.java:lambda$waitForClusterToBeReady$0(232)) - Waiting for cluster to exit safe mode
2024-01-26 13:21:21,458 [main] INFO  ozone.MiniOzoneClusterImpl (MiniOzoneClusterImpl.java:lambda$waitForClusterToBeReady$0(234)) - SCM became leader
2024-01-26 13:21:22,458 [main] INFO  ozone.MiniOzoneClusterImpl (MiniOzoneClusterImpl.java:lambda$waitForClusterToBeReady$0(229)) - Nodes are ready. Got 9 of 9 DN Heartbeats.
2024-01-26 13:21:22,459 [main] INFO  ozone.MiniOzoneClusterImpl (MiniOzoneClusterImpl.java:lambda$waitForClusterToBeReady$0(232)) - Waiting for cluster to exit safe mode
2024-01-26 13:21:22,459 [main] INFO  ozone.MiniOzoneClusterImpl (MiniOzoneClusterImpl.java:lambda$waitForClusterToBeReady$0(234)) - SCM became leader
2024-01-26 13:21:23,459 [main] INFO  ozone.MiniOzoneClusterImpl (MiniOzoneClusterImpl.java:lambda$waitForClusterToBeReady$0(229)) - Nodes are ready. Got 9 of 9 DN Heartbeats.
2024-01-26 13:21:23,459 [main] INFO  ozone.MiniOzoneClusterImpl (MiniOzoneClusterImpl.java:lambda$waitForClusterToBeReady$0(232)) - Waiting for cluster to exit safe mode
2024-01-26 13:21:23,459 [main] INFO  ozone.MiniOzoneClusterImpl (MiniOzoneClusterImpl.java:lambda$waitForClusterToBeReady$0(234)) - SCM became leader
2024-01-26 13:21:23,769 [2d827dc5-08e9-453f-94d7-4114e25c345f@group-8F301DE41D58-FollowerState] INFO  impl.FollowerState (FollowerState.java:run(143)) - 2d827dc5-08e9-453f-94d7-4114e25c345f@group-8F301DE41D58-FollowerState: change to CANDIDATE, lastRpcElapsedTime:5023459039ns, electionTimeout:5023ms
2024-01-26 13:21:23,769 [2d827dc5-08e9-453f-94d7-4114e25c345f@group-8F301DE41D58-FollowerState] INFO  impl.RoleInfo (RoleInfo.java:shutdownFollowerState(110)) - 2d827dc5-08e9-453f-94d7-4114e25c345f: shutdown 2d827dc5-08e9-453f-94d7-4114e25c345f@group-8F301DE41D58-FollowerState
2024-01-26 13:21:23,769 [2d827dc5-08e9-453f-94d7-4114e25c345f@group-8F301DE41D58-FollowerState] INFO  server.RaftServer$Division (RaftServerImpl.java:setRole(383)) - 2d827dc5-08e9-453f-94d7-4114e25c345f@group-8F301DE41D58: changes role from  FOLLOWER to CANDIDATE at term 0 for changeToCandidate
2024-01-26 13:21:23,770 [2d827dc5-08e9-453f-94d7-4114e25c345f@group-8F301DE41D58-FollowerState] INFO  server.RaftServerConfigKeys (ConfUtils.java:logGet(46)) - raft.server.leaderelection.pre-vote = true (default)
2024-01-26 13:21:23,770 [2d827dc5-08e9-453f-94d7-4114e25c345f@group-8F301DE41D58-FollowerState] INFO  impl.RoleInfo (RoleInfo.java:updateAndGet(139)) - 2d827dc5-08e9-453f-94d7-4114e25c345f: start 2d827dc5-08e9-453f-94d7-4114e25c345f@group-8F301DE41D58-LeaderElection50
2024-01-26 13:21:23,772 [2d827dc5-08e9-453f-94d7-4114e25c345f@group-8F301DE41D58-LeaderElection50] INFO  impl.LeaderElection (LeaderElection.java:askForVotes(321)) - 2d827dc5-08e9-453f-94d7-4114e25c345f@group-8F301DE41D58-LeaderElection50 PRE_VOTE round 0: submit vote requests at term 0 for -1: peers:[cb54f49b-2271-401a-a078-0b164c9907dd|10.1.0.20:15290, a1acbc51-0491-4521-9956-72ea0a3fcfae|10.1.0.20:15299, 2d827dc5-08e9-453f-94d7-4114e25c345f|10.1.0.20:15281]|listeners:[], old=null
2024-01-26 13:21:23,772 [2d827dc5-08e9-453f-94d7-4114e25c345f@group-8F301DE41D58-LeaderElection50-1] INFO  server.GrpcServerProtocolClient (GrpcServerProtocolClient.java:<init>(65)) - Build channel for cb54f49b-2271-401a-a078-0b164c9907dd|10.1.0.20:15290
2024-01-26 13:21:23,772 [2d827dc5-08e9-453f-94d7-4114e25c345f@group-8F301DE41D58-LeaderElection50-2] INFO  server.GrpcServerProtocolClient (GrpcServerProtocolClient.java:<init>(65)) - Build channel for a1acbc51-0491-4521-9956-72ea0a3fcfae|10.1.0.20:15299
2024-01-26 13:21:23,772 [2d827dc5-08e9-453f-94d7-4114e25c345f@group-8F301DE41D58-LeaderElection50] INFO  server.RaftServerConfigKeys (ConfUtils.java:logFallback(53)) - raft.server.rpc.first-election.timeout.min = 5s (fallback to raft.server.rpc.timeout.min)
2024-01-26 13:21:23,773 [2d827dc5-08e9-453f-94d7-4114e25c345f@group-8F301DE41D58-LeaderElection50] INFO  server.RaftServerConfigKeys (ConfUtils.java:logFallback(53)) - raft.server.rpc.first-election.timeout.max = 5200ms (fallback to raft.server.rpc.timeout.max)
2024-01-26 13:21:23,776 [grpc-default-executor-1] INFO  server.RaftServer$Division (RaftServerImpl.java:requestVote(1389)) - a1acbc51-0491-4521-9956-72ea0a3fcfae@group-8F301DE41D58: receive requestVote(PRE_VOTE, 2d827dc5-08e9-453f-94d7-4114e25c345f, group-8F301DE41D58, 0, (t:0, i:0))
2024-01-26 13:21:23,776 [grpc-default-executor-1] INFO  impl.VoteContext (VoteContext.java:log(49)) - a1acbc51-0491-4521-9956-72ea0a3fcfae@group-8F301DE41D58-FOLLOWER: reject PRE_VOTE from 2d827dc5-08e9-453f-94d7-4114e25c345f: our priority 1 > candidate's priority 0
2024-01-26 13:21:23,777 [grpc-default-executor-1] INFO  server.RaftServer$Division (RaftServerImpl.java:requestVote(1422)) - a1acbc51-0491-4521-9956-72ea0a3fcfae@group-8F301DE41D58 replies to PRE_VOTE vote request: 2d827dc5-08e9-453f-94d7-4114e25c345f<-a1acbc51-0491-4521-9956-72ea0a3fcfae#0:FAIL-t0. Peer's state: a1acbc51-0491-4521-9956-72ea0a3fcfae@group-8F301DE41D58:t0, leader=null, voted=, raftlog=Memoized:a1acbc51-0491-4521-9956-72ea0a3fcfae@group-8F301DE41D58-SegmentedRaftLog:OPENED:c-1, conf=-1: peers:[cb54f49b-2271-401a-a078-0b164c9907dd|10.1.0.20:15290, a1acbc51-0491-4521-9956-72ea0a3fcfae|10.1.0.20:15299, 2d827dc5-08e9-453f-94d7-4114e25c345f|10.1.0.20:15281]|listeners:[], old=null
2024-01-26 13:21:23,777 [grpc-default-executor-5] INFO  server.RaftServer$Division (RaftServerImpl.java:requestVote(1389)) - cb54f49b-2271-401a-a078-0b164c9907dd@group-8F301DE41D58: receive requestVote(PRE_VOTE, 2d827dc5-08e9-453f-94d7-4114e25c345f, group-8F301DE41D58, 0, (t:0, i:0))
2024-01-26 13:21:23,778 [grpc-default-executor-5] INFO  impl.VoteContext (VoteContext.java:log(49)) - cb54f49b-2271-401a-a078-0b164c9907dd@group-8F301DE41D58-FOLLOWER: accept PRE_VOTE from 2d827dc5-08e9-453f-94d7-4114e25c345f: our priority 0 <= candidate's priority 0
2024-01-26 13:21:23,778 [grpc-default-executor-5] INFO  server.RaftServer$Division (RaftServerImpl.java:requestVote(1422)) - cb54f49b-2271-401a-a078-0b164c9907dd@group-8F301DE41D58 replies to PRE_VOTE vote request: 2d827dc5-08e9-453f-94d7-4114e25c345f<-cb54f49b-2271-401a-a078-0b164c9907dd#0:OK-t0. Peer's state: cb54f49b-2271-401a-a078-0b164c9907dd@group-8F301DE41D58:t0, leader=null, voted=, raftlog=Memoized:cb54f49b-2271-401a-a078-0b164c9907dd@group-8F301DE41D58-SegmentedRaftLog:OPENED:c-1, conf=-1: peers:[cb54f49b-2271-401a-a078-0b164c9907dd|10.1.0.20:15290, a1acbc51-0491-4521-9956-72ea0a3fcfae|10.1.0.20:15299, 2d827dc5-08e9-453f-94d7-4114e25c345f|10.1.0.20:15281]|listeners:[], old=null
2024-01-26 13:21:23,779 [2d827dc5-08e9-453f-94d7-4114e25c345f@group-8F301DE41D58-LeaderElection50] INFO  impl.LeaderElection (LeaderElection.java:logAndReturn(89)) - 2d827dc5-08e9-453f-94d7-4114e25c345f@group-8F301DE41D58-LeaderElection50: PRE_VOTE REJECTED received 1 response(s) and 0 exception(s):
2024-01-26 13:21:23,779 [2d827dc5-08e9-453f-94d7-4114e25c345f@group-8F301DE41D58-LeaderElection50] INFO  impl.LeaderElection (LeaderElection.java:logAndReturn(93)) -   Response 0: 2d827dc5-08e9-453f-94d7-4114e25c345f<-a1acbc51-0491-4521-9956-72ea0a3fcfae#0:FAIL-t0
2024-01-26 13:21:23,779 [2d827dc5-08e9-453f-94d7-4114e25c345f@group-8F301DE41D58-LeaderElection50] INFO  impl.LeaderElection (LeaderElection.java:askForVotes(323)) - 2d827dc5-08e9-453f-94d7-4114e25c345f@group-8F301DE41D58-LeaderElection50 PRE_VOTE round 0: result REJECTED
2024-01-26 13:21:23,779 [2d827dc5-08e9-453f-94d7-4114e25c345f@group-8F301DE41D58-LeaderElection50] INFO  server.RaftServer$Division (RaftServerImpl.java:setRole(383)) - 2d827dc5-08e9-453f-94d7-4114e25c345f@group-8F301DE41D58: changes role from CANDIDATE to FOLLOWER at term 0 for REJECTED
2024-01-26 13:21:23,779 [2d827dc5-08e9-453f-94d7-4114e25c345f@group-8F301DE41D58-LeaderElection50] INFO  impl.RoleInfo (RoleInfo.java:shutdownLeaderElection(130)) - 2d827dc5-08e9-453f-94d7-4114e25c345f: shutdown 2d827dc5-08e9-453f-94d7-4114e25c345f@group-8F301DE41D58-LeaderElection50
2024-01-26 13:21:23,780 [2d827dc5-08e9-453f-94d7-4114e25c345f@group-8F301DE41D58-LeaderElection50] INFO  impl.RoleInfo (RoleInfo.java:updateAndGet(139)) - 2d827dc5-08e9-453f-94d7-4114e25c345f: start 2d827dc5-08e9-453f-94d7-4114e25c345f@group-8F301DE41D58-FollowerState
2024-01-26 13:21:23,780 [2d827dc5-08e9-453f-94d7-4114e25c345f@group-8F301DE41D58-LeaderElection50] INFO  server.RaftServer$Division (RaftServerImpl.java:setFirstElection(574)) - 2d827dc5-08e9-453f-94d7-4114e25c345f@group-8F301DE41D58: set firstElectionSinceStartup to false for REJECTED
2024-01-26 13:21:23,800 [a1acbc51-0491-4521-9956-72ea0a3fcfae@group-8F301DE41D58-FollowerState] INFO  impl.FollowerState (FollowerState.java:run(143)) - a1acbc51-0491-4521-9956-72ea0a3fcfae@group-8F301DE41D58-FollowerState: change to CANDIDATE, lastRpcElapsedTime:5033283312ns, electionTimeout:5032ms
2024-01-26 13:21:23,800 [a1acbc51-0491-4521-9956-72ea0a3fcfae@group-8F301DE41D58-FollowerState] INFO  impl.RoleInfo (RoleInfo.java:shutdownFollowerState(110)) - a1acbc51-0491-4521-9956-72ea0a3fcfae: shutdown a1acbc51-0491-4521-9956-72ea0a3fcfae@group-8F301DE41D58-FollowerState
2024-01-26 13:21:23,800 [a1acbc51-0491-4521-9956-72ea0a3fcfae@group-8F301DE41D58-FollowerState] INFO  server.RaftServer$Division (RaftServerImpl.java:setRole(383)) - a1acbc51-0491-4521-9956-72ea0a3fcfae@group-8F301DE41D58: changes role from  FOLLOWER to CANDIDATE at term 0 for changeToCandidate
2024-01-26 13:21:23,800 [a1acbc51-0491-4521-9956-72ea0a3fcfae@group-8F301DE41D58-FollowerState] INFO  server.RaftServerConfigKeys (ConfUtils.java:logGet(46)) - raft.server.leaderelection.pre-vote = true (default)
2024-01-26 13:21:23,800 [a1acbc51-0491-4521-9956-72ea0a3fcfae@group-8F301DE41D58-FollowerState] INFO  impl.RoleInfo (RoleInfo.java:updateAndGet(139)) - a1acbc51-0491-4521-9956-72ea0a3fcfae: start a1acbc51-0491-4521-9956-72ea0a3fcfae@group-8F301DE41D58-LeaderElection51
2024-01-26 13:21:23,801 [a1acbc51-0491-4521-9956-72ea0a3fcfae@group-8F301DE41D58-LeaderElection51] INFO  impl.LeaderElection (LeaderElection.java:askForVotes(321)) - a1acbc51-0491-4521-9956-72ea0a3fcfae@group-8F301DE41D58-LeaderElection51 PRE_VOTE round 0: submit vote requests at term 0 for -1: peers:[cb54f49b-2271-401a-a078-0b164c9907dd|10.1.0.20:15290, a1acbc51-0491-4521-9956-72ea0a3fcfae|10.1.0.20:15299, 2d827dc5-08e9-453f-94d7-4114e25c345f|10.1.0.20:15281]|listeners:[], old=null
2024-01-26 13:21:23,802 [a1acbc51-0491-4521-9956-72ea0a3fcfae@group-8F301DE41D58-LeaderElection51-1] INFO  server.GrpcServerProtocolClient (GrpcServerProtocolClient.java:<init>(65)) - Build channel for cb54f49b-2271-401a-a078-0b164c9907dd|10.1.0.20:15290
2024-01-26 13:21:23,802 [a1acbc51-0491-4521-9956-72ea0a3fcfae@group-8F301DE41D58-LeaderElection51] INFO  server.RaftServerConfigKeys (ConfUtils.java:logFallback(53)) - raft.server.rpc.first-election.timeout.min = 5s (fallback to raft.server.rpc.timeout.min)
2024-01-26 13:21:23,802 [a1acbc51-0491-4521-9956-72ea0a3fcfae@group-8F301DE41D58-LeaderElection51] INFO  server.RaftServerConfigKeys (ConfUtils.java:logFallback(53)) - raft.server.rpc.first-election.timeout.max = 5200ms (fallback to raft.server.rpc.timeout.max)
2024-01-26 13:21:23,802 [a1acbc51-0491-4521-9956-72ea0a3fcfae@group-8F301DE41D58-LeaderElection51-2] INFO  server.GrpcServerProtocolClient (GrpcServerProtocolClient.java:<init>(65)) - Build channel for 2d827dc5-08e9-453f-94d7-4114e25c345f|10.1.0.20:15281
2024-01-26 13:21:23,806 [grpc-default-executor-5] INFO  server.RaftServer$Division (RaftServerImpl.java:requestVote(1389)) - cb54f49b-2271-401a-a078-0b164c9907dd@group-8F301DE41D58: receive requestVote(PRE_VOTE, a1acbc51-0491-4521-9956-72ea0a3fcfae, group-8F301DE41D58, 0, (t:0, i:0))
2024-01-26 13:21:23,806 [grpc-default-executor-5] INFO  impl.VoteContext (VoteContext.java:log(49)) - cb54f49b-2271-401a-a078-0b164c9907dd@group-8F301DE41D58-FOLLOWER: accept PRE_VOTE from a1acbc51-0491-4521-9956-72ea0a3fcfae: our priority 0 <= candidate's priority 1
2024-01-26 13:21:23,806 [grpc-default-executor-5] INFO  server.RaftServer$Division (RaftServerImpl.java:requestVote(1422)) - cb54f49b-2271-401a-a078-0b164c9907dd@group-8F301DE41D58 replies to PRE_VOTE vote request: a1acbc51-0491-4521-9956-72ea0a3fcfae<-cb54f49b-2271-401a-a078-0b164c9907dd#0:OK-t0. Peer's state: cb54f49b-2271-401a-a078-0b164c9907dd@group-8F301DE41D58:t0, leader=null, voted=, raftlog=Memoized:cb54f49b-2271-401a-a078-0b164c9907dd@group-8F301DE41D58-SegmentedRaftLog:OPENED:c-1, conf=-1: peers:[cb54f49b-2271-401a-a078-0b164c9907dd|10.1.0.20:15290, a1acbc51-0491-4521-9956-72ea0a3fcfae|10.1.0.20:15299, 2d827dc5-08e9-453f-94d7-4114e25c345f|10.1.0.20:15281]|listeners:[], old=null
2024-01-26 13:21:23,808 [a1acbc51-0491-4521-9956-72ea0a3fcfae@group-8F301DE41D58-LeaderElection51] INFO  impl.LeaderElection (LeaderElection.java:logAndReturn(89)) - a1acbc51-0491-4521-9956-72ea0a3fcfae@group-8F301DE41D58-LeaderElection51: PRE_VOTE PASSED received 1 response(s) and 0 exception(s):
2024-01-26 13:21:23,808 [a1acbc51-0491-4521-9956-72ea0a3fcfae@group-8F301DE41D58-LeaderElection51] INFO  impl.LeaderElection (LeaderElection.java:logAndReturn(93)) -   Response 0: a1acbc51-0491-4521-9956-72ea0a3fcfae<-cb54f49b-2271-401a-a078-0b164c9907dd#0:OK-t0
2024-01-26 13:21:23,808 [a1acbc51-0491-4521-9956-72ea0a3fcfae@group-8F301DE41D58-LeaderElection51] INFO  impl.LeaderElection (LeaderElection.java:askForVotes(323)) - a1acbc51-0491-4521-9956-72ea0a3fcfae@group-8F301DE41D58-LeaderElection51 PRE_VOTE round 0: result PASSED
2024-01-26 13:21:23,808 [grpc-default-executor-1] INFO  server.RaftServer$Division (RaftServerImpl.java:requestVote(1389)) - 2d827dc5-08e9-453f-94d7-4114e25c345f@group-8F301DE41D58: receive requestVote(PRE_VOTE, a1acbc51-0491-4521-9956-72ea0a3fcfae, group-8F301DE41D58, 0, (t:0, i:0))
2024-01-26 13:21:23,808 [grpc-default-executor-1] INFO  impl.VoteContext (VoteContext.java:log(49)) - 2d827dc5-08e9-453f-94d7-4114e25c345f@group-8F301DE41D58-FOLLOWER: accept PRE_VOTE from a1acbc51-0491-4521-9956-72ea0a3fcfae: our priority 0 <= candidate's priority 1
2024-01-26 13:21:23,808 [grpc-default-executor-1] INFO  server.RaftServer$Division (RaftServerImpl.java:requestVote(1422)) - 2d827dc5-08e9-453f-94d7-4114e25c345f@group-8F301DE41D58 replies to PRE_VOTE vote request: a1acbc51-0491-4521-9956-72ea0a3fcfae<-2d827dc5-08e9-453f-94d7-4114e25c345f#0:OK-t0. Peer's state: 2d827dc5-08e9-453f-94d7-4114e25c345f@group-8F301DE41D58:t0, leader=null, voted=, raftlog=Memoized:2d827dc5-08e9-453f-94d7-4114e25c345f@group-8F301DE41D58-SegmentedRaftLog:OPENED:c-1, conf=-1: peers:[cb54f49b-2271-401a-a078-0b164c9907dd|10.1.0.20:15290, a1acbc51-0491-4521-9956-72ea0a3fcfae|10.1.0.20:15299, 2d827dc5-08e9-453f-94d7-4114e25c345f|10.1.0.20:15281]|listeners:[], old=null
2024-01-26 13:21:23,810 [a1acbc51-0491-4521-9956-72ea0a3fcfae@group-8F301DE41D58-LeaderElection51] INFO  impl.LeaderElection (LeaderElection.java:askForVotes(321)) - a1acbc51-0491-4521-9956-72ea0a3fcfae@group-8F301DE41D58-LeaderElection51 ELECTION round 0: submit vote requests at term 1 for -1: peers:[cb54f49b-2271-401a-a078-0b164c9907dd|10.1.0.20:15290, a1acbc51-0491-4521-9956-72ea0a3fcfae|10.1.0.20:15299, 2d827dc5-08e9-453f-94d7-4114e25c345f|10.1.0.20:15281]|listeners:[], old=null
2024-01-26 13:21:23,811 [a1acbc51-0491-4521-9956-72ea0a3fcfae@group-8F301DE41D58-LeaderElection51] INFO  server.RaftServerConfigKeys (ConfUtils.java:logFallback(53)) - raft.server.rpc.first-election.timeout.min = 5s (fallback to raft.server.rpc.timeout.min)
2024-01-26 13:21:23,811 [a1acbc51-0491-4521-9956-72ea0a3fcfae@group-8F301DE41D58-LeaderElection51] INFO  server.RaftServerConfigKeys (ConfUtils.java:logFallback(53)) - raft.server.rpc.first-election.timeout.max = 5200ms (fallback to raft.server.rpc.timeout.max)
2024-01-26 13:21:23,812 [grpc-default-executor-5] INFO  server.RaftServer$Division (RaftServerImpl.java:requestVote(1389)) - 2d827dc5-08e9-453f-94d7-4114e25c345f@group-8F301DE41D58: receive requestVote(ELECTION, a1acbc51-0491-4521-9956-72ea0a3fcfae, group-8F301DE41D58, 1, (t:0, i:0))
2024-01-26 13:21:23,812 [grpc-default-executor-1] INFO  server.RaftServer$Division (RaftServerImpl.java:requestVote(1389)) - cb54f49b-2271-401a-a078-0b164c9907dd@group-8F301DE41D58: receive requestVote(ELECTION, a1acbc51-0491-4521-9956-72ea0a3fcfae, group-8F301DE41D58, 1, (t:0, i:0))
2024-01-26 13:21:23,812 [grpc-default-executor-5] INFO  impl.VoteContext (VoteContext.java:log(49)) - 2d827dc5-08e9-453f-94d7-4114e25c345f@group-8F301DE41D58-FOLLOWER: accept ELECTION from a1acbc51-0491-4521-9956-72ea0a3fcfae: our priority 0 <= candidate's priority 1
2024-01-26 13:21:23,812 [grpc-default-executor-5] INFO  server.RaftServer$Division (RaftServerImpl.java:setRole(383)) - 2d827dc5-08e9-453f-94d7-4114e25c345f@group-8F301DE41D58: changes role from  FOLLOWER to FOLLOWER at term 1 for candidate:a1acbc51-0491-4521-9956-72ea0a3fcfae
2024-01-26 13:21:23,812 [grpc-default-executor-5] INFO  impl.RoleInfo (RoleInfo.java:shutdownFollowerState(110)) - 2d827dc5-08e9-453f-94d7-4114e25c345f: shutdown 2d827dc5-08e9-453f-94d7-4114e25c345f@group-8F301DE41D58-FollowerState
2024-01-26 13:21:23,812 [grpc-default-executor-5] INFO  impl.RoleInfo (RoleInfo.java:updateAndGet(139)) - 2d827dc5-08e9-453f-94d7-4114e25c345f: start 2d827dc5-08e9-453f-94d7-4114e25c345f@group-8F301DE41D58-FollowerState
2024-01-26 13:21:23,812 [2d827dc5-08e9-453f-94d7-4114e25c345f@group-8F301DE41D58-FollowerState] INFO  impl.FollowerState (FollowerState.java:run(152)) - 2d827dc5-08e9-453f-94d7-4114e25c345f@group-8F301DE41D58-FollowerState was interrupted
2024-01-26 13:21:23,817 [grpc-default-executor-1] INFO  impl.VoteContext (VoteContext.java:log(49)) - cb54f49b-2271-401a-a078-0b164c9907dd@group-8F301DE41D58-FOLLOWER: accept ELECTION from a1acbc51-0491-4521-9956-72ea0a3fcfae: our priority 0 <= candidate's priority 1
2024-01-26 13:21:23,817 [grpc-default-executor-1] INFO  server.RaftServer$Division (RaftServerImpl.java:setRole(383)) - cb54f49b-2271-401a-a078-0b164c9907dd@group-8F301DE41D58: changes role from  FOLLOWER to FOLLOWER at term 1 for candidate:a1acbc51-0491-4521-9956-72ea0a3fcfae
2024-01-26 13:21:23,817 [grpc-default-executor-1] INFO  impl.RoleInfo (RoleInfo.java:shutdownFollowerState(110)) - cb54f49b-2271-401a-a078-0b164c9907dd: shutdown cb54f49b-2271-401a-a078-0b164c9907dd@group-8F301DE41D58-FollowerState
2024-01-26 13:21:23,817 [grpc-default-executor-1] INFO  impl.RoleInfo (RoleInfo.java:updateAndGet(139)) - cb54f49b-2271-401a-a078-0b164c9907dd: start cb54f49b-2271-401a-a078-0b164c9907dd@group-8F301DE41D58-FollowerState
2024-01-26 13:21:23,817 [cb54f49b-2271-401a-a078-0b164c9907dd@group-8F301DE41D58-FollowerState] INFO  impl.FollowerState (FollowerState.java:run(152)) - cb54f49b-2271-401a-a078-0b164c9907dd@group-8F301DE41D58-FollowerState was interrupted
2024-01-26 13:21:23,817 [grpc-default-executor-1] INFO  server.RaftServer$Division (RaftServerImpl.java:setFirstElection(574)) - cb54f49b-2271-401a-a078-0b164c9907dd@group-8F301DE41D58: set firstElectionSinceStartup to false for candidate:a1acbc51-0491-4521-9956-72ea0a3fcfae
2024-01-26 13:21:23,819 [grpc-default-executor-5] INFO  server.RaftServer$Division (RaftServerImpl.java:requestVote(1422)) - 2d827dc5-08e9-453f-94d7-4114e25c345f@group-8F301DE41D58 replies to ELECTION vote request: a1acbc51-0491-4521-9956-72ea0a3fcfae<-2d827dc5-08e9-453f-94d7-4114e25c345f#0:OK-t1. Peer's state: 2d827dc5-08e9-453f-94d7-4114e25c345f@group-8F301DE41D58:t1, leader=null, voted=a1acbc51-0491-4521-9956-72ea0a3fcfae, raftlog=Memoized:2d827dc5-08e9-453f-94d7-4114e25c345f@group-8F301DE41D58-SegmentedRaftLog:OPENED:c-1, conf=-1: peers:[cb54f49b-2271-401a-a078-0b164c9907dd|10.1.0.20:15290, a1acbc51-0491-4521-9956-72ea0a3fcfae|10.1.0.20:15299, 2d827dc5-08e9-453f-94d7-4114e25c345f|10.1.0.20:15281]|listeners:[], old=null
2024-01-26 13:21:23,820 [a1acbc51-0491-4521-9956-72ea0a3fcfae@group-8F301DE41D58-LeaderElection51] INFO  impl.LeaderElection (LeaderElection.java:logAndReturn(89)) - a1acbc51-0491-4521-9956-72ea0a3fcfae@group-8F301DE41D58-LeaderElection51: ELECTION PASSED received 1 response(s) and 0 exception(s):
2024-01-26 13:21:23,820 [a1acbc51-0491-4521-9956-72ea0a3fcfae@group-8F301DE41D58-LeaderElection51] INFO  impl.LeaderElection (LeaderElection.java:logAndReturn(93)) -   Response 0: a1acbc51-0491-4521-9956-72ea0a3fcfae<-2d827dc5-08e9-453f-94d7-4114e25c345f#0:OK-t1
2024-01-26 13:21:23,820 [a1acbc51-0491-4521-9956-72ea0a3fcfae@group-8F301DE41D58-LeaderElection51] INFO  impl.LeaderElection (LeaderElection.java:askForVotes(323)) - a1acbc51-0491-4521-9956-72ea0a3fcfae@group-8F301DE41D58-LeaderElection51 ELECTION round 0: result PASSED
2024-01-26 13:21:23,820 [a1acbc51-0491-4521-9956-72ea0a3fcfae@group-8F301DE41D58-LeaderElection51] INFO  impl.RoleInfo (RoleInfo.java:shutdownLeaderElection(130)) - a1acbc51-0491-4521-9956-72ea0a3fcfae: shutdown a1acbc51-0491-4521-9956-72ea0a3fcfae@group-8F301DE41D58-LeaderElection51
2024-01-26 13:21:23,820 [a1acbc51-0491-4521-9956-72ea0a3fcfae@group-8F301DE41D58-LeaderElection51] INFO  server.RaftServer$Division (RaftServerImpl.java:setRole(383)) - a1acbc51-0491-4521-9956-72ea0a3fcfae@group-8F301DE41D58: changes role from CANDIDATE to LEADER at term 1 for changeToLeader
2024-01-26 13:21:23,820 [a1acbc51-0491-4521-9956-72ea0a3fcfae@group-8F301DE41D58-LeaderElection51] INFO  server.RaftServerConfigKeys (ConfUtils.java:logGet(46)) - raft.server.staging.catchup.gap = 1000 (default)
2024-01-26 13:21:23,820 [grpc-default-executor-1] INFO  server.RaftServer$Division (RaftServerImpl.java:requestVote(1422)) - cb54f49b-2271-401a-a078-0b164c9907dd@group-8F301DE41D58 replies to ELECTION vote request: a1acbc51-0491-4521-9956-72ea0a3fcfae<-cb54f49b-2271-401a-a078-0b164c9907dd#0:OK-t1. Peer's state: cb54f49b-2271-401a-a078-0b164c9907dd@group-8F301DE41D58:t1, leader=null, voted=a1acbc51-0491-4521-9956-72ea0a3fcfae, raftlog=Memoized:cb54f49b-2271-401a-a078-0b164c9907dd@group-8F301DE41D58-SegmentedRaftLog:OPENED:c-1, conf=-1: peers:[cb54f49b-2271-401a-a078-0b164c9907dd|10.1.0.20:15290, a1acbc51-0491-4521-9956-72ea0a3fcfae|10.1.0.20:15299, 2d827dc5-08e9-453f-94d7-4114e25c345f|10.1.0.20:15281]|listeners:[], old=null
2024-01-26 13:21:23,820 [a1acbc51-0491-4521-9956-72ea0a3fcfae@group-8F301DE41D58-LeaderElection51] INFO  server.RaftServerConfigKeys (ConfUtils.java:logGet(46)) - raft.server.write.element-limit = 1024 (custom)
2024-01-26 13:21:23,821 [a1acbc51-0491-4521-9956-72ea0a3fcfae@group-8F301DE41D58-LeaderElection51] INFO  server.RaftServerConfigKeys (ConfUtils.java:logGet(46)) - raft.server.write.byte-limit = 1024 M (=1073741824) (custom)
2024-01-26 13:21:23,821 [a1acbc51-0491-4521-9956-72ea0a3fcfae@group-8F301DE41D58-LeaderElection51] INFO  server.RaftServerConfigKeys (ConfUtils.java:logGet(46)) - raft.server.watch.timeout = 3000ms (custom)
2024-01-26 13:21:23,821 [a1acbc51-0491-4521-9956-72ea0a3fcfae@group-8F301DE41D58-LeaderElection51] INFO  server.RaftServerConfigKeys (ConfUtils.java:logGet(46)) - raft.server.watch.timeout.denomination = 1s (default)
2024-01-26 13:21:23,821 [a1acbc51-0491-4521-9956-72ea0a3fcfae@group-8F301DE41D58-LeaderElection51] INFO  server.RaftServerConfigKeys (ConfUtils.java:logGet(46)) - raft.server.watch.element-limit = 65536 (default)
2024-01-26 13:21:23,821 [a1acbc51-0491-4521-9956-72ea0a3fcfae@group-8F301DE41D58-LeaderElection51] INFO  server.RaftServerConfigKeys (ConfUtils.java:logGet(46)) - raft.server.read.leader.lease.enabled = false (default)
2024-01-26 13:21:23,821 [a1acbc51-0491-4521-9956-72ea0a3fcfae@group-8F301DE41D58-LeaderElection51] INFO  server.RaftServerConfigKeys (ConfUtils.java:logGet(46)) - raft.server.read.leader.lease.timeout.ratio = 0.9 (default)
2024-01-26 13:21:23,821 [a1acbc51-0491-4521-9956-72ea0a3fcfae@group-8F301DE41D58-LeaderElection51] INFO  server.RaftServerConfigKeys (ConfUtils.java:logGet(46)) - raft.server.rpc.timeout.min = 5s (custom)
2024-01-26 13:21:23,821 [a1acbc51-0491-4521-9956-72ea0a3fcfae@group-8F301DE41D58-LeaderElection51] INFO  server.RaftServerConfigKeys (ConfUtils.java:logGet(46)) - raft.server.write.element-limit = 1024 (custom)
2024-01-26 13:21:23,821 [a1acbc51-0491-4521-9956-72ea0a3fcfae@group-8F301DE41D58-LeaderElection51] INFO  server.RaftServerConfigKeys (ConfUtils.java:logGet(46)) - raft.server.write.follower.gap.ratio.max = -1.0 (default)
2024-01-26 13:21:23,822 [a1acbc51-0491-4521-9956-72ea0a3fcfae@group-8F301DE41D58-LeaderElection51] INFO  server.RaftServerConfigKeys (ConfUtils.java:logGet(46)) - raft.server.log.appender.snapshot.chunk.size.max = 16MB (=16777216) (default)
2024-01-26 13:21:23,822 [a1acbc51-0491-4521-9956-72ea0a3fcfae@group-8F301DE41D58-LeaderElection51] INFO  server.RaftServerConfigKeys (ConfUtils.java:logGet(46)) - raft.server.log.appender.buffer.byte-limit = 8388608 (custom)
2024-01-26 13:21:23,822 [a1acbc51-0491-4521-9956-72ea0a3fcfae@group-8F301DE41D58-LeaderElection51] INFO  server.RaftServerConfigKeys (ConfUtils.java:logGet(46)) - raft.server.log.appender.buffer.element-limit = 1 (custom)
2024-01-26 13:21:23,822 [a1acbc51-0491-4521-9956-72ea0a3fcfae@group-8F301DE41D58-LeaderElection51] INFO  server.RaftServerConfigKeys (ConfUtils.java:logGet(46)) - raft.server.log.appender.wait-time.min = 0ms (custom)
2024-01-26 13:21:23,822 [a1acbc51-0491-4521-9956-72ea0a3fcfae@group-8F301DE41D58-LeaderElection51] INFO  grpc.GrpcConfigKeys (ConfUtils.java:logGet(46)) - raft.grpc.server.leader.outstanding.appends.max = 8 (default)
2024-01-26 13:21:23,822 [a1acbc51-0491-4521-9956-72ea0a3fcfae@group-8F301DE41D58-LeaderElection51] INFO  server.RaftServerConfigKeys (ConfUtils.java:logGet(46)) - raft.server.rpc.request.timeout = 3000ms (default)
2024-01-26 13:21:23,822 [a1acbc51-0491-4521-9956-72ea0a3fcfae@group-8F301DE41D58-LeaderElection51] INFO  grpc.GrpcConfigKeys (ConfUtils.java:logGet(46)) - raft.grpc.server.install_snapshot.request.element-limit = 8 (default)
2024-01-26 13:21:23,822 [a1acbc51-0491-4521-9956-72ea0a3fcfae@group-8F301DE41D58-LeaderElection51] INFO  grpc.GrpcConfigKeys (ConfUtils.java:logGet(46)) - raft.grpc.server.install_snapshot.request.timeout = 3000ms (default)
2024-01-26 13:21:23,822 [a1acbc51-0491-4521-9956-72ea0a3fcfae@group-8F301DE41D58-LeaderElection51] INFO  grpc.GrpcConfigKeys (ConfUtils.java:logGet(46)) - raft.grpc.server.log-message.batch.duration = 5s (default)
2024-01-26 13:21:23,822 [a1acbc51-0491-4521-9956-72ea0a3fcfae@group-8F301DE41D58-LeaderElection51] INFO  server.RaftServerConfigKeys (ConfUtils.java:logGet(46)) - raft.server.log.appender.install.snapshot.enabled = false (custom)
2024-01-26 13:21:23,822 [a1acbc51-0491-4521-9956-72ea0a3fcfae@group-8F301DE41D58-LeaderElection51] INFO  grpc.GrpcConfigKeys (ConfUtils.java:logGet(46)) - raft.grpc.server.heartbeat.channel = true (default)
2024-01-26 13:21:23,823 [a1acbc51-0491-4521-9956-72ea0a3fcfae@group-8F301DE41D58-LeaderElection51] INFO  server.RaftServerConfigKeys (ConfUtils.java:logGet(46)) - raft.server.log.appender.snapshot.chunk.size.max = 16MB (=16777216) (default)
2024-01-26 13:21:23,823 [a1acbc51-0491-4521-9956-72ea0a3fcfae@group-8F301DE41D58-LeaderElection51] INFO  server.RaftServerConfigKeys (ConfUtils.java:logGet(46)) - raft.server.log.appender.buffer.byte-limit = 8388608 (custom)
2024-01-26 13:21:23,823 [a1acbc51-0491-4521-9956-72ea0a3fcfae@group-8F301DE41D58-LeaderElection51] INFO  server.RaftServerConfigKeys (ConfUtils.java:logGet(46)) - raft.server.log.appender.buffer.element-limit = 1 (custom)
2024-01-26 13:21:23,823 [a1acbc51-0491-4521-9956-72ea0a3fcfae@group-8F301DE41D58-LeaderElection51] INFO  server.RaftServerConfigKeys (ConfUtils.java:logGet(46)) - raft.server.log.appender.wait-time.min = 0ms (custom)
2024-01-26 13:21:23,823 [a1acbc51-0491-4521-9956-72ea0a3fcfae@group-8F301DE41D58-LeaderElection51] INFO  grpc.GrpcConfigKeys (ConfUtils.java:logGet(46)) - raft.grpc.server.leader.outstanding.appends.max = 8 (default)
2024-01-26 13:21:23,823 [a1acbc51-0491-4521-9956-72ea0a3fcfae@group-8F301DE41D58-LeaderElection51] INFO  server.RaftServerConfigKeys (ConfUtils.java:logGet(46)) - raft.server.rpc.request.timeout = 3000ms (default)
2024-01-26 13:21:23,823 [a1acbc51-0491-4521-9956-72ea0a3fcfae@group-8F301DE41D58-LeaderElection51] INFO  grpc.GrpcConfigKeys (ConfUtils.java:logGet(46)) - raft.grpc.server.install_snapshot.request.element-limit = 8 (default)
2024-01-26 13:21:23,823 [a1acbc51-0491-4521-9956-72ea0a3fcfae@group-8F301DE41D58-LeaderElection51] INFO  grpc.GrpcConfigKeys (ConfUtils.java:logGet(46)) - raft.grpc.server.install_snapshot.request.timeout = 3000ms (default)
2024-01-26 13:21:23,823 [a1acbc51-0491-4521-9956-72ea0a3fcfae@group-8F301DE41D58-LeaderElection51] INFO  grpc.GrpcConfigKeys (ConfUtils.java:logGet(46)) - raft.grpc.server.log-message.batch.duration = 5s (default)
2024-01-26 13:21:23,824 [a1acbc51-0491-4521-9956-72ea0a3fcfae@group-8F301DE41D58-LeaderElection51] INFO  server.RaftServerConfigKeys (ConfUtils.java:logGet(46)) - raft.server.log.appender.install.snapshot.enabled = false (custom)
2024-01-26 13:21:23,824 [a1acbc51-0491-4521-9956-72ea0a3fcfae@group-8F301DE41D58-LeaderElection51] INFO  grpc.GrpcConfigKeys (ConfUtils.java:logGet(46)) - raft.grpc.server.heartbeat.channel = true (default)
2024-01-26 13:21:23,824 [a1acbc51-0491-4521-9956-72ea0a3fcfae@group-8F301DE41D58-LeaderElection51] INFO  impl.RoleInfo (RoleInfo.java:updateAndGet(139)) - a1acbc51-0491-4521-9956-72ea0a3fcfae: start a1acbc51-0491-4521-9956-72ea0a3fcfae@group-8F301DE41D58-LeaderStateImpl
2024-01-26 13:21:23,824 [a1acbc51-0491-4521-9956-72ea0a3fcfae@group-8F301DE41D58-LeaderElection51] INFO  server.RaftServer$Division (RaftServerImpl.java:setFirstElection(574)) - a1acbc51-0491-4521-9956-72ea0a3fcfae@group-8F301DE41D58: set firstElectionSinceStartup to false for becomeLeader
2024-01-26 13:21:23,824 [a1acbc51-0491-4521-9956-72ea0a3fcfae@group-8F301DE41D58-LeaderElection51] INFO  ratis.XceiverServerRatis (XceiverServerRatis.java:handleLeaderChangedNotification(945)) - Leader change notification received for group: group-8F301DE41D58 with new leaderId: a1acbc51-0491-4521-9956-72ea0a3fcfae
2024-01-26 13:21:23,824 [a1acbc51-0491-4521-9956-72ea0a3fcfae@group-8F301DE41D58-LeaderElection51] INFO  server.RaftServer$Division (ServerState.java:setLeader(269)) - a1acbc51-0491-4521-9956-72ea0a3fcfae@group-8F301DE41D58: change Leader from null to a1acbc51-0491-4521-9956-72ea0a3fcfae at term 1 for becomeLeader, leader elected after 5068ms
2024-01-26 13:21:23,824 [a1acbc51-0491-4521-9956-72ea0a3fcfae@group-8F301DE41D58-LeaderElection51] INFO  segmented.SegmentedRaftLogWorker (SegmentedRaftLogWorker.java:startLogSegment(430)) - a1acbc51-0491-4521-9956-72ea0a3fcfae@group-8F301DE41D58-SegmentedRaftLogWorker: Starting segment from index:0
2024-01-26 13:21:23,825 [a1acbc51-0491-4521-9956-72ea0a3fcfae@group-8F301DE41D58-LeaderElection51] INFO  server.RaftServer$Division (ServerState.java:setRaftConf(386)) - a1acbc51-0491-4521-9956-72ea0a3fcfae@group-8F301DE41D58: set configuration 0: peers:[cb54f49b-2271-401a-a078-0b164c9907dd|10.1.0.20:15290, a1acbc51-0491-4521-9956-72ea0a3fcfae|10.1.0.20:15299, 2d827dc5-08e9-453f-94d7-4114e25c345f|10.1.0.20:15281]|listeners:[], old=null
2024-01-26 13:21:23,826 [EventQueue-PipelineReportForPipelineReportHandler] INFO  pipeline.PipelineReportHandler (PipelineReportHandler.java:processPipelineReport(136)) - Opened pipeline PipelineID=9c44c8cb-9d31-438d-8f48-8f301de41d58
2024-01-26 13:21:23,826 [EventQueue-OpenPipelineForHealthyPipelineSafeModeRule] INFO  safemode.SCMSafeModeManager (HealthyPipelineSafeModeRule.java:process(140)) - SCM in safe mode. Healthy pipelines reported count is 1, required healthy pipeline reported count is 1
2024-01-26 13:21:23,826 [EventQueue-OpenPipelineForHealthyPipelineSafeModeRule] INFO  safemode.SCMSafeModeManager (SCMSafeModeManager.java:validateSafeModeExitRules(200)) - HealthyPipelineSafeModeRule rule is successfully validated
2024-01-26 13:21:23,826 [EventQueue-OpenPipelineForHealthyPipelineSafeModeRule] INFO  safemode.SCMSafeModeManager (SCMSafeModeManager.java:validateSafeModeExitRules(215)) - ScmSafeModeManager, all rules are successfully validated
2024-01-26 13:21:23,826 [EventQueue-OpenPipelineForHealthyPipelineSafeModeRule] INFO  safemode.SCMSafeModeManager (SCMSafeModeManager.java:exitSafeMode(244)) - SCM exiting safe mode.
2024-01-26 13:21:23,826 [EventQueue-OpenPipelineForHealthyPipelineSafeModeRule] INFO  ha.SCMContext (SCMContext.java:updateSafeModeStatus(230)) - Update SafeModeStatus from SafeModeStatus{safeModeStatus=true, preCheckPassed=true} to SafeModeStatus{safeModeStatus=false, preCheckPassed=true}.
2024-01-26 13:21:23,826 [EventQueue-OpenPipelineForHealthyPipelineSafeModeRule] INFO  pipeline.BackgroundPipelineCreator (BackgroundPipelineCreator.java:notifyStatusChanged(258)) - Service BackgroundPipelineCreator transitions to RUNNING.
2024-01-26 13:21:23,826 [EventQueue-OpenPipelineForHealthyPipelineSafeModeRule] INFO  BackgroundPipelineScrubber (BackgroundSCMService.java:notifyStatusChanged(82)) - Service BackgroundPipelineScrubber transitions to RUNNING.
2024-01-26 13:21:23,826 [EventQueue-OpenPipelineForHealthyPipelineSafeModeRule] INFO  ExpiredContainerReplicaOpScrubber (BackgroundSCMService.java:notifyStatusChanged(82)) - Service ExpiredContainerReplicaOpScrubber transitions to RUNNING.
2024-01-26 13:21:23,826 [EventQueue-OpenPipelineForHealthyPipelineSafeModeRule] INFO  block.SCMBlockDeletingService (SCMBlockDeletingService.java:notifyStatusChanged(247)) - notifyStatusChanged:RUNNING
2024-01-26 13:21:23,826 [EventQueue-OpenPipelineForHealthyPipelineSafeModeRule] INFO  replication.ReplicationManager (ReplicationManager.java:notifyStatusChanged(1401)) - Service ReplicationManager transitions to RUNNING.
2024-01-26 13:21:23,827 [EventQueue-OpenPipelineForHealthyPipelineSafeModeRule] WARN  balancer.ContainerBalancer (ContainerBalancer.java:shouldRun(134)) - Could not find persisted configuration for ContainerBalancer when checking if ContainerBalancer should run. ContainerBalancer should not run now.
2024-01-26 13:21:23,829 [a1acbc51-0491-4521-9956-72ea0a3fcfae@group-8F301DE41D58-SegmentedRaftLogWorker] INFO  segmented.BufferedWriteChannel (BufferedWriteChannel.java:open(62)) - open log_inprogress_0 at position 0
2024-01-26 13:21:23,832 [cb54f49b-2271-401a-a078-0b164c9907dd-server-thread1] INFO  ratis.XceiverServerRatis (XceiverServerRatis.java:handleLeaderChangedNotification(945)) - Leader change notification received for group: group-8F301DE41D58 with new leaderId: a1acbc51-0491-4521-9956-72ea0a3fcfae
2024-01-26 13:21:23,832 [cb54f49b-2271-401a-a078-0b164c9907dd-server-thread1] INFO  server.RaftServer$Division (ServerState.java:setLeader(269)) - cb54f49b-2271-401a-a078-0b164c9907dd@group-8F301DE41D58: change Leader from null to a1acbc51-0491-4521-9956-72ea0a3fcfae at term 1 for appendEntries, leader elected after 5054ms
2024-01-26 13:21:23,837 [cb54f49b-2271-401a-a078-0b164c9907dd-server-thread2] INFO  server.RaftServer$Division (ServerState.java:setRaftConf(386)) - cb54f49b-2271-401a-a078-0b164c9907dd@group-8F301DE41D58: set configuration 0: peers:[cb54f49b-2271-401a-a078-0b164c9907dd|10.1.0.20:15290, a1acbc51-0491-4521-9956-72ea0a3fcfae|10.1.0.20:15299, 2d827dc5-08e9-453f-94d7-4114e25c345f|10.1.0.20:15281]|listeners:[], old=null
2024-01-26 13:21:23,837 [cb54f49b-2271-401a-a078-0b164c9907dd-server-thread2] INFO  segmented.SegmentedRaftLogWorker (SegmentedRaftLogWorker.java:startLogSegment(430)) - cb54f49b-2271-401a-a078-0b164c9907dd@group-8F301DE41D58-SegmentedRaftLogWorker: Starting segment from index:0
2024-01-26 13:21:23,837 [cb54f49b-2271-401a-a078-0b164c9907dd@group-8F301DE41D58-SegmentedRaftLogWorker] INFO  segmented.BufferedWriteChannel (BufferedWriteChannel.java:open(62)) - open log_inprogress_0 at position 0
2024-01-26 13:21:23,837 [a1acbc51-0491-4521-9956-72ea0a3fcfae@group-8F301DE41D58-SegmentedRaftLogWorker] INFO  segmented.SegmentedRaftLogWorker (SegmentedRaftLogWorker.java:execute(634)) - a1acbc51-0491-4521-9956-72ea0a3fcfae@group-8F301DE41D58-SegmentedRaftLogWorker: created new log segment /home/runner/work/ozone/ozone/hadoop-ozone/integration-test/target/test-dir/MiniOzoneClusterImpl-953fd8c5-ac00-44c9-baab-0887e32ba883/datanode-2/data/ratis/9c44c8cb-9d31-438d-8f48-8f301de41d58/current/log_inprogress_0
2024-01-26 13:21:23,843 [2d827dc5-08e9-453f-94d7-4114e25c345f-server-thread1] INFO  ratis.XceiverServerRatis (XceiverServerRatis.java:handleLeaderChangedNotification(945)) - Leader change notification received for group: group-8F301DE41D58 with new leaderId: a1acbc51-0491-4521-9956-72ea0a3fcfae
2024-01-26 13:21:23,844 [2d827dc5-08e9-453f-94d7-4114e25c345f-server-thread1] INFO  server.RaftServer$Division (ServerState.java:setLeader(269)) - 2d827dc5-08e9-453f-94d7-4114e25c345f@group-8F301DE41D58: change Leader from null to a1acbc51-0491-4521-9956-72ea0a3fcfae at term 1 for appendEntries, leader elected after 5109ms
2024-01-26 13:21:23,845 [cb54f49b-2271-401a-a078-0b164c9907dd@group-8F301DE41D58-SegmentedRaftLogWorker] INFO  segmented.SegmentedRaftLogWorker (SegmentedRaftLogWorker.java:execute(634)) - cb54f49b-2271-401a-a078-0b164c9907dd@group-8F301DE41D58-SegmentedRaftLogWorker: created new log segment /home/runner/work/ozone/ozone/hadoop-ozone/integration-test/target/test-dir/MiniOzoneClusterImpl-953fd8c5-ac00-44c9-baab-0887e32ba883/datanode-1/data/ratis/9c44c8cb-9d31-438d-8f48-8f301de41d58/current/log_inprogress_0
2024-01-26 13:21:23,845 [2d827dc5-08e9-453f-94d7-4114e25c345f-server-thread3] INFO  server.RaftServer$Division (ServerState.java:setRaftConf(386)) - 2d827dc5-08e9-453f-94d7-4114e25c345f@group-8F301DE41D58: set configuration 0: peers:[cb54f49b-2271-401a-a078-0b164c9907dd|10.1.0.20:15290, a1acbc51-0491-4521-9956-72ea0a3fcfae|10.1.0.20:15299, 2d827dc5-08e9-453f-94d7-4114e25c345f|10.1.0.20:15281]|listeners:[], old=null
2024-01-26 13:21:23,845 [2d827dc5-08e9-453f-94d7-4114e25c345f-server-thread3] INFO  segmented.SegmentedRaftLogWorker (SegmentedRaftLogWorker.java:startLogSegment(430)) - 2d827dc5-08e9-453f-94d7-4114e25c345f@group-8F301DE41D58-SegmentedRaftLogWorker: Starting segment from index:0
2024-01-26 13:21:23,846 [2d827dc5-08e9-453f-94d7-4114e25c345f@group-8F301DE41D58-SegmentedRaftLogWorker] INFO  segmented.BufferedWriteChannel (BufferedWriteChannel.java:open(62)) - open log_inprogress_0 at position 0
2024-01-26 13:21:23,853 [2d827dc5-08e9-453f-94d7-4114e25c345f@group-8F301DE41D58-SegmentedRaftLogWorker] INFO  segmented.SegmentedRaftLogWorker (SegmentedRaftLogWorker.java:execute(634)) - 2d827dc5-08e9-453f-94d7-4114e25c345f@group-8F301DE41D58-SegmentedRaftLogWorker: created new log segment /home/runner/work/ozone/ozone/hadoop-ozone/integration-test/target/test-dir/MiniOzoneClusterImpl-953fd8c5-ac00-44c9-baab-0887e32ba883/datanode-0/data/ratis/9c44c8cb-9d31-438d-8f48-8f301de41d58/current/log_inprogress_0
2024-01-26 13:21:23,854 [a1acbc51-0491-4521-9956-72ea0a3fcfae@group-8F301DE41D58-StateMachineUpdater] INFO  server.RaftServer$Division (LeaderStateImpl.java:isApplied(320)) - leader is ready since appliedIndex == 0 >= startIndex == 0
2024-01-26 13:21:23,899 [2d827dc5-08e9-453f-94d7-4114e25c345f@group-6007680D8A09-FollowerState] INFO  impl.FollowerState (FollowerState.java:run(143)) - 2d827dc5-08e9-453f-94d7-4114e25c345f@group-6007680D8A09-FollowerState: change to CANDIDATE, lastRpcElapsedTime:5178845528ns, electionTimeout:5167ms
2024-01-26 13:21:23,899 [2d827dc5-08e9-453f-94d7-4114e25c345f@group-6007680D8A09-FollowerState] INFO  impl.RoleInfo (RoleInfo.java:shutdownFollowerState(110)) - 2d827dc5-08e9-453f-94d7-4114e25c345f: shutdown 2d827dc5-08e9-453f-94d7-4114e25c345f@group-6007680D8A09-FollowerState
2024-01-26 13:21:23,899 [2d827dc5-08e9-453f-94d7-4114e25c345f@group-6007680D8A09-FollowerState] INFO  server.RaftServer$Division (RaftServerImpl.java:setRole(383)) - 2d827dc5-08e9-453f-94d7-4114e25c345f@group-6007680D8A09: changes role from  FOLLOWER to CANDIDATE at term 0 for changeToCandidate
2024-01-26 13:21:23,899 [2d827dc5-08e9-453f-94d7-4114e25c345f@group-6007680D8A09-FollowerState] INFO  server.RaftServerConfigKeys (ConfUtils.java:logGet(46)) - raft.server.leaderelection.pre-vote = true (default)
2024-01-26 13:21:23,899 [2d827dc5-08e9-453f-94d7-4114e25c345f@group-6007680D8A09-FollowerState] INFO  impl.RoleInfo (RoleInfo.java:updateAndGet(139)) - 2d827dc5-08e9-453f-94d7-4114e25c345f: start 2d827dc5-08e9-453f-94d7-4114e25c345f@group-6007680D8A09-LeaderElection52
2024-01-26 13:21:23,901 [2d827dc5-08e9-453f-94d7-4114e25c345f@group-6007680D8A09-LeaderElection52] INFO  impl.LeaderElection (LeaderElection.java:askForVotes(321)) - 2d827dc5-08e9-453f-94d7-4114e25c345f@group-6007680D8A09-LeaderElection52 PRE_VOTE round 0: submit vote requests at term 0 for -1: peers:[2d827dc5-08e9-453f-94d7-4114e25c345f|10.1.0.20:15281]|listeners:[], old=null
2024-01-26 13:21:23,901 [2d827dc5-08e9-453f-94d7-4114e25c345f@group-6007680D8A09-LeaderElection52] INFO  impl.LeaderElection (LeaderElection.java:askForVotes(323)) - 2d827dc5-08e9-453f-94d7-4114e25c345f@group-6007680D8A09-LeaderElection52 PRE_VOTE round 0: result PASSED (term=0)
2024-01-26 13:21:23,903 [2d827dc5-08e9-453f-94d7-4114e25c345f@group-6007680D8A09-LeaderElection52] INFO  impl.LeaderElection (LeaderElection.java:askForVotes(321)) - 2d827dc5-08e9-453f-94d7-4114e25c345f@group-6007680D8A09-LeaderElection52 ELECTION round 0: submit vote requests at term 1 for -1: peers:[2d827dc5-08e9-453f-94d7-4114e25c345f|10.1.0.20:15281]|listeners:[], old=null
2024-01-26 13:21:23,903 [2d827dc5-08e9-453f-94d7-4114e25c345f@group-6007680D8A09-LeaderElection52] INFO  impl.LeaderElection (LeaderElection.java:askForVotes(323)) - 2d827dc5-08e9-453f-94d7-4114e25c345f@group-6007680D8A09-LeaderElection52 ELECTION round 0: result PASSED (term=1)
2024-01-26 13:21:23,903 [2d827dc5-08e9-453f-94d7-4114e25c345f@group-6007680D8A09-LeaderElection52] INFO  impl.RoleInfo (RoleInfo.java:shutdownLeaderElection(130)) - 2d827dc5-08e9-453f-94d7-4114e25c345f: shutdown 2d827dc5-08e9-453f-94d7-4114e25c345f@group-6007680D8A09-LeaderElection52
2024-01-26 13:21:23,903 [2d827dc5-08e9-453f-94d7-4114e25c345f@group-6007680D8A09-LeaderElection52] INFO  server.RaftServer$Division (RaftServerImpl.java:setRole(383)) - 2d827dc5-08e9-453f-94d7-4114e25c345f@group-6007680D8A09: changes role from CANDIDATE to LEADER at term 1 for changeToLeader
2024-01-26 13:21:23,903 [2d827dc5-08e9-453f-94d7-4114e25c345f@group-6007680D8A09-LeaderElection52] INFO  server.RaftServerConfigKeys (ConfUtils.java:logGet(46)) - raft.server.staging.catchup.gap = 1000 (default)
2024-01-26 13:21:23,903 [2d827dc5-08e9-453f-94d7-4114e25c345f@group-6007680D8A09-LeaderElection52] INFO  server.RaftServerConfigKeys (ConfUtils.java:logGet(46)) - raft.server.write.element-limit = 1024 (custom)
2024-01-26 13:21:23,903 [2d827dc5-08e9-453f-94d7-4114e25c345f@group-6007680D8A09-LeaderElection52] INFO  server.RaftServerConfigKeys (ConfUtils.java:logGet(46)) - raft.server.write.byte-limit = 1024 M (=1073741824) (custom)
2024-01-26 13:21:23,903 [2d827dc5-08e9-453f-94d7-4114e25c345f@group-6007680D8A09-LeaderElection52] INFO  server.RaftServerConfigKeys (ConfUtils.java:logGet(46)) - raft.server.watch.timeout = 3000ms (custom)
2024-01-26 13:21:23,903 [2d827dc5-08e9-453f-94d7-4114e25c345f@group-6007680D8A09-LeaderElection52] INFO  server.RaftServerConfigKeys (ConfUtils.java:logGet(46)) - raft.server.watch.timeout.denomination = 1s (default)
2024-01-26 13:21:23,903 [2d827dc5-08e9-453f-94d7-4114e25c345f@group-6007680D8A09-LeaderElection52] INFO  server.RaftServerConfigKeys (ConfUtils.java:logGet(46)) - raft.server.watch.element-limit = 65536 (default)
2024-01-26 13:21:23,903 [2d827dc5-08e9-453f-94d7-4114e25c345f@group-6007680D8A09-LeaderElection52] INFO  server.RaftServerConfigKeys (ConfUtils.java:logGet(46)) - raft.server.read.leader.lease.enabled = false (default)
2024-01-26 13:21:23,903 [2d827dc5-08e9-453f-94d7-4114e25c345f@group-6007680D8A09-LeaderElection52] INFO  server.RaftServerConfigKeys (ConfUtils.java:logGet(46)) - raft.server.read.leader.lease.timeout.ratio = 0.9 (default)
2024-01-26 13:21:23,903 [2d827dc5-08e9-453f-94d7-4114e25c345f@group-6007680D8A09-LeaderElection52] INFO  server.RaftServerConfigKeys (ConfUtils.java:logGet(46)) - raft.server.rpc.timeout.min = 5s (custom)
2024-01-26 13:21:23,903 [2d827dc5-08e9-453f-94d7-4114e25c345f@group-6007680D8A09-LeaderElection52] INFO  server.RaftServerConfigKeys (ConfUtils.java:logGet(46)) - raft.server.write.element-limit = 1024 (custom)
2024-01-26 13:21:23,903 [2d827dc5-08e9-453f-94d7-4114e25c345f@group-6007680D8A09-LeaderElection52] INFO  server.RaftServerConfigKeys (ConfUtils.java:logGet(46)) - raft.server.write.follower.gap.ratio.max = -1.0 (default)
2024-01-26 13:21:23,904 [2d827dc5-08e9-453f-94d7-4114e25c345f@group-6007680D8A09-LeaderElection52] INFO  impl.RoleInfo (RoleInfo.java:updateAndGet(139)) - 2d827dc5-08e9-453f-94d7-4114e25c345f: start 2d827dc5-08e9-453f-94d7-4114e25c345f@group-6007680D8A09-LeaderStateImpl
2024-01-26 13:21:23,904 [2d827dc5-08e9-453f-94d7-4114e25c345f@group-6007680D8A09-LeaderElection52] INFO  server.RaftServer$Division (RaftServerImpl.java:setFirstElection(574)) - 2d827dc5-08e9-453f-94d7-4114e25c345f@group-6007680D8A09: set firstElectionSinceStartup to false for becomeLeader
2024-01-26 13:21:23,904 [2d827dc5-08e9-453f-94d7-4114e25c345f@group-6007680D8A09-LeaderElection52] INFO  ratis.XceiverServerRatis (XceiverServerRatis.java:handleLeaderChangedNotification(945)) - Leader change notification received for group: group-6007680D8A09 with new leaderId: 2d827dc5-08e9-453f-94d7-4114e25c345f
2024-01-26 13:21:23,904 [2d827dc5-08e9-453f-94d7-4114e25c345f@group-6007680D8A09-LeaderElection52] INFO  server.RaftServer$Division (ServerState.java:setLeader(269)) - 2d827dc5-08e9-453f-94d7-4114e25c345f@group-6007680D8A09: change Leader from null to 2d827dc5-08e9-453f-94d7-4114e25c345f at term 1 for becomeLeader, leader elected after 5196ms
2024-01-26 13:21:23,904 [2d827dc5-08e9-453f-94d7-4114e25c345f@group-6007680D8A09-LeaderElection52] INFO  segmented.SegmentedRaftLogWorker (SegmentedRaftLogWorker.java:startLogSegment(430)) - 2d827dc5-08e9-453f-94d7-4114e25c345f@group-6007680D8A09-SegmentedRaftLogWorker: Starting segment from index:0
2024-01-26 13:21:23,904 [2d827dc5-08e9-453f-94d7-4114e25c345f@group-6007680D8A09-SegmentedRaftLogWorker] INFO  segmented.BufferedWriteChannel (BufferedWriteChannel.java:open(62)) - open log_inprogress_0 at position 0
2024-01-26 13:21:23,906 [2d827dc5-08e9-453f-94d7-4114e25c345f@group-6007680D8A09-LeaderElection52] INFO  server.RaftServer$Division (ServerState.java:setRaftConf(386)) - 2d827dc5-08e9-453f-94d7-4114e25c345f@group-6007680D8A09: set configuration 0: peers:[2d827dc5-08e9-453f-94d7-4114e25c345f|10.1.0.20:15281]|listeners:[], old=null
2024-01-26 13:21:23,912 [2d827dc5-08e9-453f-94d7-4114e25c345f@group-6007680D8A09-SegmentedRaftLogWorker] INFO  segmented.SegmentedRaftLogWorker (SegmentedRaftLogWorker.java:execute(634)) - 2d827dc5-08e9-453f-94d7-4114e25c345f@group-6007680D8A09-SegmentedRaftLogWorker: created new log segment /home/runner/work/ozone/ozone/hadoop-ozone/integration-test/target/test-dir/MiniOzoneClusterImpl-953fd8c5-ac00-44c9-baab-0887e32ba883/datanode-0/data/ratis/46cb867c-9aec-4dec-a243-6007680d8a09/current/log_inprogress_0
2024-01-26 13:21:23,914 [2d827dc5-08e9-453f-94d7-4114e25c345f@group-6007680D8A09-StateMachineUpdater] INFO  server.RaftServer$Division (LeaderStateImpl.java:isApplied(320)) - leader is ready since appliedIndex == 0 >= startIndex == 0
2024-01-26 13:21:23,959 [cb54f49b-2271-401a-a078-0b164c9907dd@group-CAA3F149B9FB-FollowerState] INFO  impl.FollowerState (FollowerState.java:run(143)) - cb54f49b-2271-401a-a078-0b164c9907dd@group-CAA3F149B9FB-FollowerState: change to CANDIDATE, lastRpcElapsedTime:5153413274ns, electionTimeout:5153ms
2024-01-26 13:21:23,959 [cb54f49b-2271-401a-a078-0b164c9907dd@group-CAA3F149B9FB-FollowerState] INFO  impl.RoleInfo (RoleInfo.java:shutdownFollowerState(110)) - cb54f49b-2271-401a-a078-0b164c9907dd: shutdown cb54f49b-2271-401a-a078-0b164c9907dd@group-CAA3F149B9FB-FollowerState
2024-01-26 13:21:23,959 [cb54f49b-2271-401a-a078-0b164c9907dd@group-CAA3F149B9FB-FollowerState] INFO  server.RaftServer$Division (RaftServerImpl.java:setRole(383)) - cb54f49b-2271-401a-a078-0b164c9907dd@group-CAA3F149B9FB: changes role from  FOLLOWER to CANDIDATE at term 0 for changeToCandidate
2024-01-26 13:21:23,959 [cb54f49b-2271-401a-a078-0b164c9907dd@group-CAA3F149B9FB-FollowerState] INFO  server.RaftServerConfigKeys (ConfUtils.java:logGet(46)) - raft.server.leaderelection.pre-vote = true (default)
2024-01-26 13:21:23,959 [cb54f49b-2271-401a-a078-0b164c9907dd@group-CAA3F149B9FB-FollowerState] INFO  impl.RoleInfo (RoleInfo.java:updateAndGet(139)) - cb54f49b-2271-401a-a078-0b164c9907dd: start cb54f49b-2271-401a-a078-0b164c9907dd@group-CAA3F149B9FB-LeaderElection53
2024-01-26 13:21:23,961 [cb54f49b-2271-401a-a078-0b164c9907dd@group-CAA3F149B9FB-LeaderElection53] INFO  impl.LeaderElection (LeaderElection.java:askForVotes(321)) - cb54f49b-2271-401a-a078-0b164c9907dd@group-CAA3F149B9FB-LeaderElection53 PRE_VOTE round 0: submit vote requests at term 0 for -1: peers:[cb54f49b-2271-401a-a078-0b164c9907dd|10.1.0.20:15290]|listeners:[], old=null
2024-01-26 13:21:23,961 [cb54f49b-2271-401a-a078-0b164c9907dd@group-CAA3F149B9FB-LeaderElection53] INFO  impl.LeaderElection (LeaderElection.java:askForVotes(323)) - cb54f49b-2271-401a-a078-0b164c9907dd@group-CAA3F149B9FB-LeaderElection53 PRE_VOTE round 0: result PASSED (term=0)
2024-01-26 13:21:23,962 [cb54f49b-2271-401a-a078-0b164c9907dd@group-CAA3F149B9FB-LeaderElection53] INFO  impl.LeaderElection (LeaderElection.java:askForVotes(321)) - cb54f49b-2271-401a-a078-0b164c9907dd@group-CAA3F149B9FB-LeaderElection53 ELECTION round 0: submit vote requests at term 1 for -1: peers:[cb54f49b-2271-401a-a078-0b164c9907dd|10.1.0.20:15290]|listeners:[], old=null
2024-01-26 13:21:23,962 [cb54f49b-2271-401a-a078-0b164c9907dd@group-CAA3F149B9FB-LeaderElection53] INFO  impl.LeaderElection (LeaderElection.java:askForVotes(323)) - cb54f49b-2271-401a-a078-0b164c9907dd@group-CAA3F149B9FB-LeaderElection53 ELECTION round 0: result PASSED (term=1)
2024-01-26 13:21:23,962 [cb54f49b-2271-401a-a078-0b164c9907dd@group-CAA3F149B9FB-LeaderElection53] INFO  impl.RoleInfo (RoleInfo.java:shutdownLeaderElection(130)) - cb54f49b-2271-401a-a078-0b164c9907dd: shutdown cb54f49b-2271-401a-a078-0b164c9907dd@group-CAA3F149B9FB-LeaderElection53
2024-01-26 13:21:23,963 [cb54f49b-2271-401a-a078-0b164c9907dd@group-CAA3F149B9FB-LeaderElection53] INFO  server.RaftServer$Division (RaftServerImpl.java:setRole(383)) - cb54f49b-2271-401a-a078-0b164c9907dd@group-CAA3F149B9FB: changes role from CANDIDATE to LEADER at term 1 for changeToLeader
2024-01-26 13:21:23,963 [cb54f49b-2271-401a-a078-0b164c9907dd@group-CAA3F149B9FB-LeaderElection53] INFO  server.RaftServerConfigKeys (ConfUtils.java:logGet(46)) - raft.server.staging.catchup.gap = 1000 (default)
2024-01-26 13:21:23,963 [cb54f49b-2271-401a-a078-0b164c9907dd@group-CAA3F149B9FB-LeaderElection53] INFO  server.RaftServerConfigKeys (ConfUtils.java:logGet(46)) - raft.server.write.element-limit = 1024 (custom)
2024-01-26 13:21:23,963 [cb54f49b-2271-401a-a078-0b164c9907dd@group-CAA3F149B9FB-LeaderElection53] INFO  server.RaftServerConfigKeys (ConfUtils.java:logGet(46)) - raft.server.write.byte-limit = 1024 M (=1073741824) (custom)
2024-01-26 13:21:23,963 [cb54f49b-2271-401a-a078-0b164c9907dd@group-CAA3F149B9FB-LeaderElection53] INFO  server.RaftServerConfigKeys (ConfUtils.java:logGet(46)) - raft.server.watch.timeout = 3000ms (custom)
2024-01-26 13:21:23,963 [cb54f49b-2271-401a-a078-0b164c9907dd@group-CAA3F149B9FB-LeaderElection53] INFO  server.RaftServerConfigKeys (ConfUtils.java:logGet(46)) - raft.server.watch.timeout.denomination = 1s (default)
2024-01-26 13:21:23,963 [cb54f49b-2271-401a-a078-0b164c9907dd@group-CAA3F149B9FB-LeaderElection53] INFO  server.RaftServerConfigKeys (ConfUtils.java:logGet(46)) - raft.server.watch.element-limit = 65536 (default)
2024-01-26 13:21:23,963 [cb54f49b-2271-401a-a078-0b164c9907dd@group-CAA3F149B9FB-LeaderElection53] INFO  server.RaftServerConfigKeys (ConfUtils.java:logGet(46)) - raft.server.read.leader.lease.enabled = false (default)
2024-01-26 13:21:23,963 [cb54f49b-2271-401a-a078-0b164c9907dd@group-CAA3F149B9FB-LeaderElection53] INFO  server.RaftServerConfigKeys (ConfUtils.java:logGet(46)) - raft.server.read.leader.lease.timeout.ratio = 0.9 (default)
2024-01-26 13:21:23,963 [cb54f49b-2271-401a-a078-0b164c9907dd@group-CAA3F149B9FB-LeaderElection53] INFO  server.RaftServerConfigKeys (ConfUtils.java:logGet(46)) - raft.server.rpc.timeout.min = 5s (custom)
2024-01-26 13:21:23,964 [cb54f49b-2271-401a-a078-0b164c9907dd@group-CAA3F149B9FB-LeaderElection53] INFO  server.RaftServerConfigKeys (ConfUtils.java:logGet(46)) - raft.server.write.element-limit = 1024 (custom)
2024-01-26 13:21:23,964 [cb54f49b-2271-401a-a078-0b164c9907dd@group-CAA3F149B9FB-LeaderElection53] INFO  server.RaftServerConfigKeys (ConfUtils.java:logGet(46)) - raft.server.write.follower.gap.ratio.max = -1.0 (default)
2024-01-26 13:21:23,964 [cb54f49b-2271-401a-a078-0b164c9907dd@group-CAA3F149B9FB-LeaderElection53] INFO  impl.RoleInfo (RoleInfo.java:updateAndGet(139)) - cb54f49b-2271-401a-a078-0b164c9907dd: start cb54f49b-2271-401a-a078-0b164c9907dd@group-CAA3F149B9FB-LeaderStateImpl
2024-01-26 13:21:23,964 [cb54f49b-2271-401a-a078-0b164c9907dd@group-CAA3F149B9FB-LeaderElection53] INFO  server.RaftServer$Division (RaftServerImpl.java:setFirstElection(574)) - cb54f49b-2271-401a-a078-0b164c9907dd@group-CAA3F149B9FB: set firstElectionSinceStartup to false for becomeLeader
2024-01-26 13:21:23,964 [cb54f49b-2271-401a-a078-0b164c9907dd@group-CAA3F149B9FB-LeaderElection53] INFO  ratis.XceiverServerRatis (XceiverServerRatis.java:handleLeaderChangedNotification(945)) - Leader change notification received for group: group-CAA3F149B9FB with new leaderId: cb54f49b-2271-401a-a078-0b164c9907dd
2024-01-26 13:21:23,964 [cb54f49b-2271-401a-a078-0b164c9907dd@group-CAA3F149B9FB-LeaderElection53] INFO  server.RaftServer$Division (ServerState.java:setLeader(269)) - cb54f49b-2271-401a-a078-0b164c9907dd@group-CAA3F149B9FB: change Leader from null to cb54f49b-2271-401a-a078-0b164c9907dd at term 1 for becomeLeader, leader elected after 5168ms
2024-01-26 13:21:23,964 [cb54f49b-2271-401a-a078-0b164c9907dd@group-CAA3F149B9FB-LeaderElection53] INFO  segmented.SegmentedRaftLogWorker (SegmentedRaftLogWorker.java:startLogSegment(430)) - cb54f49b-2271-401a-a078-0b164c9907dd@group-CAA3F149B9FB-SegmentedRaftLogWorker: Starting segment from index:0
2024-01-26 13:21:23,965 [cb54f49b-2271-401a-a078-0b164c9907dd@group-CAA3F149B9FB-SegmentedRaftLogWorker] INFO  segmented.BufferedWriteChannel (BufferedWriteChannel.java:open(62)) - open log_inprogress_0 at position 0
2024-01-26 13:21:23,969 [cb54f49b-2271-401a-a078-0b164c9907dd@group-CAA3F149B9FB-LeaderElection53] INFO  server.RaftServer$Division (ServerState.java:setRaftConf(386)) - cb54f49b-2271-401a-a078-0b164c9907dd@group-CAA3F149B9FB: set configuration 0: peers:[cb54f49b-2271-401a-a078-0b164c9907dd|10.1.0.20:15290]|listeners:[], old=null
2024-01-26 13:21:23,972 [cb54f49b-2271-401a-a078-0b164c9907dd@group-CAA3F149B9FB-SegmentedRaftLogWorker] INFO  segmented.SegmentedRaftLogWorker (SegmentedRaftLogWorker.java:execute(634)) - cb54f49b-2271-401a-a078-0b164c9907dd@group-CAA3F149B9FB-SegmentedRaftLogWorker: created new log segment /home/runner/work/ozone/ozone/hadoop-ozone/integration-test/target/test-dir/MiniOzoneClusterImpl-953fd8c5-ac00-44c9-baab-0887e32ba883/datanode-1/data/ratis/c671ec4f-e169-43d4-b773-caa3f149b9fb/current/log_inprogress_0
2024-01-26 13:21:23,976 [cb54f49b-2271-401a-a078-0b164c9907dd@group-CAA3F149B9FB-StateMachineUpdater] INFO  server.RaftServer$Division (LeaderStateImpl.java:isApplied(320)) - leader is ready since appliedIndex == 0 >= startIndex == 0
2024-01-26 13:21:24,022 [061c5e1a-1095-4fef-ae35-bb2f1955fa47@group-1A2F75127EFB-FollowerState] INFO  impl.FollowerState (FollowerState.java:run(143)) - 061c5e1a-1095-4fef-ae35-bb2f1955fa47@group-1A2F75127EFB-FollowerState: change to CANDIDATE, lastRpcElapsedTime:5015435704ns, electionTimeout:5015ms
2024-01-26 13:21:24,022 [061c5e1a-1095-4fef-ae35-bb2f1955fa47@group-1A2F75127EFB-FollowerState] INFO  impl.RoleInfo (RoleInfo.java:shutdownFollowerState(110)) - 061c5e1a-1095-4fef-ae35-bb2f1955fa47: shutdown 061c5e1a-1095-4fef-ae35-bb2f1955fa47@group-1A2F75127EFB-FollowerState
2024-01-26 13:21:24,022 [061c5e1a-1095-4fef-ae35-bb2f1955fa47@group-1A2F75127EFB-FollowerState] INFO  server.RaftServer$Division (RaftServerImpl.java:setRole(383)) - 061c5e1a-1095-4fef-ae35-bb2f1955fa47@group-1A2F75127EFB: changes role from  FOLLOWER to CANDIDATE at term 0 for changeToCandidate
2024-01-26 13:21:24,022 [061c5e1a-1095-4fef-ae35-bb2f1955fa47@group-1A2F75127EFB-FollowerState] INFO  server.RaftServerConfigKeys (ConfUtils.java:logGet(46)) - raft.server.leaderelection.pre-vote = true (default)
2024-01-26 13:21:24,023 [061c5e1a-1095-4fef-ae35-bb2f1955fa47@group-1A2F75127EFB-FollowerState] INFO  impl.RoleInfo (RoleInfo.java:updateAndGet(139)) - 061c5e1a-1095-4fef-ae35-bb2f1955fa47: start 061c5e1a-1095-4fef-ae35-bb2f1955fa47@group-1A2F75127EFB-LeaderElection54
2024-01-26 13:21:24,024 [061c5e1a-1095-4fef-ae35-bb2f1955fa47@group-1A2F75127EFB-LeaderElection54] INFO  impl.LeaderElection (LeaderElection.java:askForVotes(321)) - 061c5e1a-1095-4fef-ae35-bb2f1955fa47@group-1A2F75127EFB-LeaderElection54 PRE_VOTE round 0: submit vote requests at term 0 for -1: peers:[061c5e1a-1095-4fef-ae35-bb2f1955fa47|10.1.0.20:15308]|listeners:[], old=null
2024-01-26 13:21:24,024 [061c5e1a-1095-4fef-ae35-bb2f1955fa47@group-1A2F75127EFB-LeaderElection54] INFO  impl.LeaderElection (LeaderElection.java:askForVotes(323)) - 061c5e1a-1095-4fef-ae35-bb2f1955fa47@group-1A2F75127EFB-LeaderElection54 PRE_VOTE round 0: result PASSED (term=0)
2024-01-26 13:21:24,026 [061c5e1a-1095-4fef-ae35-bb2f1955fa47@group-1A2F75127EFB-LeaderElection54] INFO  impl.LeaderElection (LeaderElection.java:askForVotes(321)) - 061c5e1a-1095-4fef-ae35-bb2f1955fa47@group-1A2F75127EFB-LeaderElection54 ELECTION round 0: submit vote requests at term 1 for -1: peers:[061c5e1a-1095-4fef-ae35-bb2f1955fa47|10.1.0.20:15308]|listeners:[], old=null
2024-01-26 13:21:24,026 [061c5e1a-1095-4fef-ae35-bb2f1955fa47@group-1A2F75127EFB-LeaderElection54] INFO  impl.LeaderElection (LeaderElection.java:askForVotes(323)) - 061c5e1a-1095-4fef-ae35-bb2f1955fa47@group-1A2F75127EFB-LeaderElection54 ELECTION round 0: result PASSED (term=1)
2024-01-26 13:21:24,026 [061c5e1a-1095-4fef-ae35-bb2f1955fa47@group-1A2F75127EFB-LeaderElection54] INFO  impl.RoleInfo (RoleInfo.java:shutdownLeaderElection(130)) - 061c5e1a-1095-4fef-ae35-bb2f1955fa47: shutdown 061c5e1a-1095-4fef-ae35-bb2f1955fa47@group-1A2F75127EFB-LeaderElection54
2024-01-26 13:21:24,026 [061c5e1a-1095-4fef-ae35-bb2f1955fa47@group-1A2F75127EFB-LeaderElection54] INFO  server.RaftServer$Division (RaftServerImpl.java:setRole(383)) - 061c5e1a-1095-4fef-ae35-bb2f1955fa47@group-1A2F75127EFB: changes role from CANDIDATE to LEADER at term 1 for changeToLeader
2024-01-26 13:21:24,026 [061c5e1a-1095-4fef-ae35-bb2f1955fa47@group-1A2F75127EFB-LeaderElection54] INFO  server.RaftServerConfigKeys (ConfUtils.java:logGet(46)) - raft.server.staging.catchup.gap = 1000 (default)
2024-01-26 13:21:24,026 [061c5e1a-1095-4fef-ae35-bb2f1955fa47@group-1A2F75127EFB-LeaderElection54] INFO  server.RaftServerConfigKeys (ConfUtils.java:logGet(46)) - raft.server.write.element-limit = 1024 (custom)
2024-01-26 13:21:24,026 [061c5e1a-1095-4fef-ae35-bb2f1955fa47@group-1A2F75127EFB-LeaderElection54] INFO  server.RaftServerConfigKeys (ConfUtils.java:logGet(46)) - raft.server.write.byte-limit = 1024 M (=1073741824) (custom)
2024-01-26 13:21:24,026 [061c5e1a-1095-4fef-ae35-bb2f1955fa47@group-1A2F75127EFB-LeaderElection54] INFO  server.RaftServerConfigKeys (ConfUtils.java:logGet(46)) - raft.server.watch.timeout = 3000ms (custom)
2024-01-26 13:21:24,026 [061c5e1a-1095-4fef-ae35-bb2f1955fa47@group-1A2F75127EFB-LeaderElection54] INFO  server.RaftServerConfigKeys (ConfUtils.java:logGet(46)) - raft.server.watch.timeout.denomination = 1s (default)
2024-01-26 13:21:24,026 [061c5e1a-1095-4fef-ae35-bb2f1955fa47@group-1A2F75127EFB-LeaderElection54] INFO  server.RaftServerConfigKeys (ConfUtils.java:logGet(46)) - raft.server.watch.element-limit = 65536 (default)
2024-01-26 13:21:24,026 [061c5e1a-1095-4fef-ae35-bb2f1955fa47@group-1A2F75127EFB-LeaderElection54] INFO  server.RaftServerConfigKeys (ConfUtils.java:logGet(46)) - raft.server.read.leader.lease.enabled = false (default)
2024-01-26 13:21:24,026 [061c5e1a-1095-4fef-ae35-bb2f1955fa47@group-1A2F75127EFB-LeaderElection54] INFO  server.RaftServerConfigKeys (ConfUtils.java:logGet(46)) - raft.server.read.leader.lease.timeout.ratio = 0.9 (default)
2024-01-26 13:21:24,027 [061c5e1a-1095-4fef-ae35-bb2f1955fa47@group-1A2F75127EFB-LeaderElection54] INFO  server.RaftServerConfigKeys (ConfUtils.java:logGet(46)) - raft.server.rpc.timeout.min = 5s (custom)
2024-01-26 13:21:24,027 [061c5e1a-1095-4fef-ae35-bb2f1955fa47@group-1A2F75127EFB-LeaderElection54] INFO  server.RaftServerConfigKeys (ConfUtils.java:logGet(46)) - raft.server.write.element-limit = 1024 (custom)
2024-01-26 13:21:24,027 [061c5e1a-1095-4fef-ae35-bb2f1955fa47@group-1A2F75127EFB-LeaderElection54] INFO  server.RaftServerConfigKeys (ConfUtils.java:logGet(46)) - raft.server.write.follower.gap.ratio.max = -1.0 (default)
2024-01-26 13:21:24,027 [061c5e1a-1095-4fef-ae35-bb2f1955fa47@group-1A2F75127EFB-LeaderElection54] INFO  impl.RoleInfo (RoleInfo.java:updateAndGet(139)) - 061c5e1a-1095-4fef-ae35-bb2f1955fa47: start 061c5e1a-1095-4fef-ae35-bb2f1955fa47@group-1A2F75127EFB-LeaderStateImpl
2024-01-26 13:21:24,027 [061c5e1a-1095-4fef-ae35-bb2f1955fa47@group-1A2F75127EFB-LeaderElection54] INFO  server.RaftServer$Division (RaftServerImpl.java:setFirstElection(574)) - 061c5e1a-1095-4fef-ae35-bb2f1955fa47@group-1A2F75127EFB: set firstElectionSinceStartup to false for becomeLeader
2024-01-26 13:21:24,027 [061c5e1a-1095-4fef-ae35-bb2f1955fa47@group-1A2F75127EFB-LeaderElection54] INFO  ratis.XceiverServerRatis (XceiverServerRatis.java:handleLeaderChangedNotification(945)) - Leader change notification received for group: group-1A2F75127EFB with new leaderId: 061c5e1a-1095-4fef-ae35-bb2f1955fa47
2024-01-26 13:21:24,027 [061c5e1a-1095-4fef-ae35-bb2f1955fa47@group-1A2F75127EFB-LeaderElection54] INFO  server.RaftServer$Division (ServerState.java:setLeader(269)) - 061c5e1a-1095-4fef-ae35-bb2f1955fa47@group-1A2F75127EFB: change Leader from null to 061c5e1a-1095-4fef-ae35-bb2f1955fa47 at term 1 for becomeLeader, leader elected after 5030ms
2024-01-26 13:21:24,027 [061c5e1a-1095-4fef-ae35-bb2f1955fa47@group-1A2F75127EFB-LeaderElection54] INFO  segmented.SegmentedRaftLogWorker (SegmentedRaftLogWorker.java:startLogSegment(430)) - 061c5e1a-1095-4fef-ae35-bb2f1955fa47@group-1A2F75127EFB-SegmentedRaftLogWorker: Starting segment from index:0
2024-01-26 13:21:24,028 [061c5e1a-1095-4fef-ae35-bb2f1955fa47@group-1A2F75127EFB-SegmentedRaftLogWorker] INFO  segmented.BufferedWriteChannel (BufferedWriteChannel.java:open(62)) - open log_inprogress_0 at position 0
2024-01-26 13:21:24,028 [061c5e1a-1095-4fef-ae35-bb2f1955fa47@group-1A2F75127EFB-LeaderElection54] INFO  server.RaftServer$Division (ServerState.java:setRaftConf(386)) - 061c5e1a-1095-4fef-ae35-bb2f1955fa47@group-1A2F75127EFB: set configuration 0: peers:[061c5e1a-1095-4fef-ae35-bb2f1955fa47|10.1.0.20:15308]|listeners:[], old=null
2024-01-26 13:21:24,035 [061c5e1a-1095-4fef-ae35-bb2f1955fa47@group-1A2F75127EFB-SegmentedRaftLogWorker] INFO  segmented.SegmentedRaftLogWorker (SegmentedRaftLogWorker.java:execute(634)) - 061c5e1a-1095-4fef-ae35-bb2f1955fa47@group-1A2F75127EFB-SegmentedRaftLogWorker: created new log segment /home/runner/work/ozone/ozone/hadoop-ozone/integration-test/target/test-dir/MiniOzoneClusterImpl-953fd8c5-ac00-44c9-baab-0887e32ba883/datanode-3/data/ratis/d6987cee-5013-4ef3-a6ce-1a2f75127efb/current/log_inprogress_0
2024-01-26 13:21:24,036 [061c5e1a-1095-4fef-ae35-bb2f1955fa47@group-1A2F75127EFB-StateMachineUpdater] INFO  server.RaftServer$Division (LeaderStateImpl.java:isApplied(320)) - leader is ready since appliedIndex == 0 >= startIndex == 0
2024-01-26 13:21:24,053 [a1acbc51-0491-4521-9956-72ea0a3fcfae@group-47DBA195F5C4-FollowerState] INFO  impl.FollowerState (FollowerState.java:run(143)) - a1acbc51-0491-4521-9956-72ea0a3fcfae@group-47DBA195F5C4-FollowerState: change to CANDIDATE, lastRpcElapsedTime:5148573698ns, electionTimeout:5148ms
2024-01-26 13:21:24,053 [a1acbc51-0491-4521-9956-72ea0a3fcfae@group-47DBA195F5C4-FollowerState] INFO  impl.RoleInfo (RoleInfo.java:shutdownFollowerState(110)) - a1acbc51-0491-4521-9956-72ea0a3fcfae: shutdown a1acbc51-0491-4521-9956-72ea0a3fcfae@group-47DBA195F5C4-FollowerState
2024-01-26 13:21:24,053 [a1acbc51-0491-4521-9956-72ea0a3fcfae@group-47DBA195F5C4-FollowerState] INFO  server.RaftServer$Division (RaftServerImpl.java:setRole(383)) - a1acbc51-0491-4521-9956-72ea0a3fcfae@group-47DBA195F5C4: changes role from  FOLLOWER to CANDIDATE at term 0 for changeToCandidate
2024-01-26 13:21:24,053 [a1acbc51-0491-4521-9956-72ea0a3fcfae@group-47DBA195F5C4-FollowerState] INFO  server.RaftServerConfigKeys (ConfUtils.java:logGet(46)) - raft.server.leaderelection.pre-vote = true (default)
2024-01-26 13:21:24,053 [a1acbc51-0491-4521-9956-72ea0a3fcfae@group-47DBA195F5C4-FollowerState] INFO  impl.RoleInfo (RoleInfo.java:updateAndGet(139)) - a1acbc51-0491-4521-9956-72ea0a3fcfae: start a1acbc51-0491-4521-9956-72ea0a3fcfae@group-47DBA195F5C4-LeaderElection55
2024-01-26 13:21:24,054 [a1acbc51-0491-4521-9956-72ea0a3fcfae@group-47DBA195F5C4-LeaderElection55] INFO  impl.LeaderElection (LeaderElection.java:askForVotes(321)) - a1acbc51-0491-4521-9956-72ea0a3fcfae@group-47DBA195F5C4-LeaderElection55 PRE_VOTE round 0: submit vote requests at term 0 for -1: peers:[a1acbc51-0491-4521-9956-72ea0a3fcfae|10.1.0.20:15299]|listeners:[], old=null
2024-01-26 13:21:24,054 [a1acbc51-0491-4521-9956-72ea0a3fcfae@group-47DBA195F5C4-LeaderElection55] INFO  impl.LeaderElection (LeaderElection.java:askForVotes(323)) - a1acbc51-0491-4521-9956-72ea0a3fcfae@group-47DBA195F5C4-LeaderElection55 PRE_VOTE round 0: result PASSED (term=0)
2024-01-26 13:21:24,055 [a1acbc51-0491-4521-9956-72ea0a3fcfae@group-47DBA195F5C4-LeaderElection55] INFO  impl.LeaderElection (LeaderElection.java:askForVotes(321)) - a1acbc51-0491-4521-9956-72ea0a3fcfae@group-47DBA195F5C4-LeaderElection55 ELECTION round 0: submit vote requests at term 1 for -1: peers:[a1acbc51-0491-4521-9956-72ea0a3fcfae|10.1.0.20:15299]|listeners:[], old=null
2024-01-26 13:21:24,055 [a1acbc51-0491-4521-9956-72ea0a3fcfae@group-47DBA195F5C4-LeaderElection55] INFO  impl.LeaderElection (LeaderElection.java:askForVotes(323)) - a1acbc51-0491-4521-9956-72ea0a3fcfae@group-47DBA195F5C4-LeaderElection55 ELECTION round 0: result PASSED (term=1)
2024-01-26 13:21:24,056 [a1acbc51-0491-4521-9956-72ea0a3fcfae@group-47DBA195F5C4-LeaderElection55] INFO  impl.RoleInfo (RoleInfo.java:shutdownLeaderElection(130)) - a1acbc51-0491-4521-9956-72ea0a3fcfae: shutdown a1acbc51-0491-4521-9956-72ea0a3fcfae@group-47DBA195F5C4-LeaderElection55
2024-01-26 13:21:24,056 [a1acbc51-0491-4521-9956-72ea0a3fcfae@group-47DBA195F5C4-LeaderElection55] INFO  server.RaftServer$Division (RaftServerImpl.java:setRole(383)) - a1acbc51-0491-4521-9956-72ea0a3fcfae@group-47DBA195F5C4: changes role from CANDIDATE to LEADER at term 1 for changeToLeader
2024-01-26 13:21:24,056 [a1acbc51-0491-4521-9956-72ea0a3fcfae@group-47DBA195F5C4-LeaderElection55] INFO  server.RaftServerConfigKeys (ConfUtils.java:logGet(46)) - raft.server.staging.catchup.gap = 1000 (default)
2024-01-26 13:21:24,056 [a1acbc51-0491-4521-9956-72ea0a3fcfae@group-47DBA195F5C4-LeaderElection55] INFO  server.RaftServerConfigKeys (ConfUtils.java:logGet(46)) - raft.server.write.element-limit = 1024 (custom)
2024-01-26 13:21:24,056 [a1acbc51-0491-4521-9956-72ea0a3fcfae@group-47DBA195F5C4-LeaderElection55] INFO  server.RaftServerConfigKeys (ConfUtils.java:logGet(46)) - raft.server.write.byte-limit = 1024 M (=1073741824) (custom)
2024-01-26 13:21:24,056 [a1acbc51-0491-4521-9956-72ea0a3fcfae@group-47DBA195F5C4-LeaderElection55] INFO  server.RaftServerConfigKeys (ConfUtils.java:logGet(46)) - raft.server.watch.timeout = 3000ms (custom)
2024-01-26 13:21:24,056 [a1acbc51-0491-4521-9956-72ea0a3fcfae@group-47DBA195F5C4-LeaderElection55] INFO  server.RaftServerConfigKeys (ConfUtils.java:logGet(46)) - raft.server.watch.timeout.denomination = 1s (default)
2024-01-26 13:21:24,056 [a1acbc51-0491-4521-9956-72ea0a3fcfae@group-47DBA195F5C4-LeaderElection55] INFO  server.RaftServerConfigKeys (ConfUtils.java:logGet(46)) - raft.server.watch.element-limit = 65536 (default)
2024-01-26 13:21:24,056 [a1acbc51-0491-4521-9956-72ea0a3fcfae@group-47DBA195F5C4-LeaderElection55] INFO  server.RaftServerConfigKeys (ConfUtils.java:logGet(46)) - raft.server.read.leader.lease.enabled = false (default)
2024-01-26 13:21:24,056 [a1acbc51-0491-4521-9956-72ea0a3fcfae@group-47DBA195F5C4-LeaderElection55] INFO  server.RaftServerConfigKeys (ConfUtils.java:logGet(46)) - raft.server.read.leader.lease.timeout.ratio = 0.9 (default)
2024-01-26 13:21:24,056 [a1acbc51-0491-4521-9956-72ea0a3fcfae@group-47DBA195F5C4-LeaderElection55] INFO  server.RaftServerConfigKeys (ConfUtils.java:logGet(46)) - raft.server.rpc.timeout.min = 5s (custom)
2024-01-26 13:21:24,057 [a1acbc51-0491-4521-9956-72ea0a3fcfae@group-47DBA195F5C4-LeaderElection55] INFO  server.RaftServerConfigKeys (ConfUtils.java:logGet(46)) - raft.server.write.element-limit = 1024 (custom)
2024-01-26 13:21:24,057 [a1acbc51-0491-4521-9956-72ea0a3fcfae@group-47DBA195F5C4-LeaderElection55] INFO  server.RaftServerConfigKeys (ConfUtils.java:logGet(46)) - raft.server.write.follower.gap.ratio.max = -1.0 (default)
2024-01-26 13:21:24,057 [a1acbc51-0491-4521-9956-72ea0a3fcfae@group-47DBA195F5C4-LeaderElection55] INFO  impl.RoleInfo (RoleInfo.java:updateAndGet(139)) - a1acbc51-0491-4521-9956-72ea0a3fcfae: start a1acbc51-0491-4521-9956-72ea0a3fcfae@group-47DBA195F5C4-LeaderStateImpl
2024-01-26 13:21:24,057 [a1acbc51-0491-4521-9956-72ea0a3fcfae@group-47DBA195F5C4-LeaderElection55] INFO  server.RaftServer$Division (RaftServerImpl.java:setFirstElection(574)) - a1acbc51-0491-4521-9956-72ea0a3fcfae@group-47DBA195F5C4: set firstElectionSinceStartup to false for becomeLeader
2024-01-26 13:21:24,057 [a1acbc51-0491-4521-9956-72ea0a3fcfae@group-47DBA195F5C4-LeaderElection55] INFO  ratis.XceiverServerRatis (XceiverServerRatis.java:handleLeaderChangedNotification(945)) - Leader change notification received for group: group-47DBA195F5C4 with new leaderId: a1acbc51-0491-4521-9956-72ea0a3fcfae
2024-01-26 13:21:24,057 [a1acbc51-0491-4521-9956-72ea0a3fcfae@group-47DBA195F5C4-LeaderElection55] INFO  server.RaftServer$Division (ServerState.java:setLeader(269)) - a1acbc51-0491-4521-9956-72ea0a3fcfae@group-47DBA195F5C4: change Leader from null to a1acbc51-0491-4521-9956-72ea0a3fcfae at term 1 for becomeLeader, leader elected after 5162ms
2024-01-26 13:21:24,057 [a1acbc51-0491-4521-9956-72ea0a3fcfae@group-47DBA195F5C4-LeaderElection55] INFO  segmented.SegmentedRaftLogWorker (SegmentedRaftLogWorker.java:startLogSegment(430)) - a1acbc51-0491-4521-9956-72ea0a3fcfae@group-47DBA195F5C4-SegmentedRaftLogWorker: Starting segment from index:0
2024-01-26 13:21:24,058 [a1acbc51-0491-4521-9956-72ea0a3fcfae@group-47DBA195F5C4-LeaderElection55] INFO  server.RaftServer$Division (ServerState.java:setRaftConf(386)) - a1acbc51-0491-4521-9956-72ea0a3fcfae@group-47DBA195F5C4: set configuration 0: peers:[a1acbc51-0491-4521-9956-72ea0a3fcfae|10.1.0.20:15299]|listeners:[], old=null
2024-01-26 13:21:24,058 [a1acbc51-0491-4521-9956-72ea0a3fcfae@group-47DBA195F5C4-SegmentedRaftLogWorker] INFO  segmented.BufferedWriteChannel (BufferedWriteChannel.java:open(62)) - open log_inprogress_0 at position 0
2024-01-26 13:21:24,065 [a1acbc51-0491-4521-9956-72ea0a3fcfae@group-47DBA195F5C4-SegmentedRaftLogWorker] INFO  segmented.SegmentedRaftLogWorker (SegmentedRaftLogWorker.java:execute(634)) - a1acbc51-0491-4521-9956-72ea0a3fcfae@group-47DBA195F5C4-SegmentedRaftLogWorker: created new log segment /home/runner/work/ozone/ozone/hadoop-ozone/integration-test/target/test-dir/MiniOzoneClusterImpl-953fd8c5-ac00-44c9-baab-0887e32ba883/datanode-2/data/ratis/27e214a6-bcc1-4b24-a611-47dba195f5c4/current/log_inprogress_0
2024-01-26 13:21:24,067 [a1acbc51-0491-4521-9956-72ea0a3fcfae@group-47DBA195F5C4-StateMachineUpdater] INFO  server.RaftServer$Division (LeaderStateImpl.java:isApplied(320)) - leader is ready since appliedIndex == 0 >= startIndex == 0
2024-01-26 13:21:24,138 [061c5e1a-1095-4fef-ae35-bb2f1955fa47@group-D2C280C44EC0-FollowerState] INFO  impl.FollowerState (FollowerState.java:run(143)) - 061c5e1a-1095-4fef-ae35-bb2f1955fa47@group-D2C280C44EC0-FollowerState: change to CANDIDATE, lastRpcElapsedTime:5119241610ns, electionTimeout:5118ms
2024-01-26 13:21:24,138 [061c5e1a-1095-4fef-ae35-bb2f1955fa47@group-D2C280C44EC0-FollowerState] INFO  impl.RoleInfo (RoleInfo.java:shutdownFollowerState(110)) - 061c5e1a-1095-4fef-ae35-bb2f1955fa47: shutdown 061c5e1a-1095-4fef-ae35-bb2f1955fa47@group-D2C280C44EC0-FollowerState
2024-01-26 13:21:24,138 [061c5e1a-1095-4fef-ae35-bb2f1955fa47@group-D2C280C44EC0-FollowerState] INFO  server.RaftServer$Division (RaftServerImpl.java:setRole(383)) - 061c5e1a-1095-4fef-ae35-bb2f1955fa47@group-D2C280C44EC0: changes role from  FOLLOWER to CANDIDATE at term 0 for changeToCandidate
2024-01-26 13:21:24,138 [061c5e1a-1095-4fef-ae35-bb2f1955fa47@group-D2C280C44EC0-FollowerState] INFO  server.RaftServerConfigKeys (ConfUtils.java:logGet(46)) - raft.server.leaderelection.pre-vote = true (default)
2024-01-26 13:21:24,138 [061c5e1a-1095-4fef-ae35-bb2f1955fa47@group-D2C280C44EC0-FollowerState] INFO  impl.RoleInfo (RoleInfo.java:updateAndGet(139)) - 061c5e1a-1095-4fef-ae35-bb2f1955fa47: start 061c5e1a-1095-4fef-ae35-bb2f1955fa47@group-D2C280C44EC0-LeaderElection56
2024-01-26 13:21:24,140 [061c5e1a-1095-4fef-ae35-bb2f1955fa47@group-D2C280C44EC0-LeaderElection56] INFO  impl.LeaderElection (LeaderElection.java:askForVotes(321)) - 061c5e1a-1095-4fef-ae35-bb2f1955fa47@group-D2C280C44EC0-LeaderElection56 PRE_VOTE round 0: submit vote requests at term 0 for -1: peers:[5f4f4713-a1cc-4bb1-a761-5c302a8e1427|10.1.0.20:15326, 512d2126-5b92-4e29-85c7-4f085cf86b5e|10.1.0.20:15317, 061c5e1a-1095-4fef-ae35-bb2f1955fa47|10.1.0.20:15308]|listeners:[], old=null
2024-01-26 13:21:24,140 [061c5e1a-1095-4fef-ae35-bb2f1955fa47@group-D2C280C44EC0-LeaderElection56-1] INFO  server.GrpcServerProtocolClient (GrpcServerProtocolClient.java:<init>(65)) - Build channel for 5f4f4713-a1cc-4bb1-a761-5c302a8e1427|10.1.0.20:15326
2024-01-26 13:21:24,140 [061c5e1a-1095-4fef-ae35-bb2f1955fa47@group-D2C280C44EC0-LeaderElection56] INFO  server.RaftServerConfigKeys (ConfUtils.java:logFallback(53)) - raft.server.rpc.first-election.timeout.min = 5s (fallback to raft.server.rpc.timeout.min)
2024-01-26 13:21:24,141 [061c5e1a-1095-4fef-ae35-bb2f1955fa47@group-D2C280C44EC0-LeaderElection56-2] INFO  server.GrpcServerProtocolClient (GrpcServerProtocolClient.java:<init>(65)) - Build channel for 512d2126-5b92-4e29-85c7-4f085cf86b5e|10.1.0.20:15317
2024-01-26 13:21:24,141 [061c5e1a-1095-4fef-ae35-bb2f1955fa47@group-D2C280C44EC0-LeaderElection56] INFO  server.RaftServerConfigKeys (ConfUtils.java:logFallback(53)) - raft.server.rpc.first-election.timeout.max = 5200ms (fallback to raft.server.rpc.timeout.max)
2024-01-26 13:21:24,145 [grpc-default-executor-2] INFO  server.RaftServer$Division (RaftServerImpl.java:requestVote(1389)) - 5f4f4713-a1cc-4bb1-a761-5c302a8e1427@group-D2C280C44EC0: receive requestVote(PRE_VOTE, 061c5e1a-1095-4fef-ae35-bb2f1955fa47, group-D2C280C44EC0, 0, (t:0, i:0))
2024-01-26 13:21:24,145 [grpc-default-executor-2] INFO  impl.VoteContext (VoteContext.java:log(49)) - 5f4f4713-a1cc-4bb1-a761-5c302a8e1427@group-D2C280C44EC0-FOLLOWER: accept PRE_VOTE from 061c5e1a-1095-4fef-ae35-bb2f1955fa47: our priority 0 <= candidate's priority 1
2024-01-26 13:21:24,145 [grpc-default-executor-0] INFO  server.RaftServer$Division (RaftServerImpl.java:requestVote(1389)) - 512d2126-5b92-4e29-85c7-4f085cf86b5e@group-D2C280C44EC0: receive requestVote(PRE_VOTE, 061c5e1a-1095-4fef-ae35-bb2f1955fa47, group-D2C280C44EC0, 0, (t:0, i:0))
2024-01-26 13:21:24,145 [grpc-default-executor-2] INFO  server.RaftServer$Division (RaftServerImpl.java:requestVote(1422)) - 5f4f4713-a1cc-4bb1-a761-5c302a8e1427@group-D2C280C44EC0 replies to PRE_VOTE vote request: 061c5e1a-1095-4fef-ae35-bb2f1955fa47<-5f4f4713-a1cc-4bb1-a761-5c302a8e1427#0:OK-t0. Peer's state: 5f4f4713-a1cc-4bb1-a761-5c302a8e1427@group-D2C280C44EC0:t0, leader=null, voted=, raftlog=Memoized:5f4f4713-a1cc-4bb1-a761-5c302a8e1427@group-D2C280C44EC0-SegmentedRaftLog:OPENED:c-1, conf=-1: peers:[5f4f4713-a1cc-4bb1-a761-5c302a8e1427|10.1.0.20:15326, 512d2126-5b92-4e29-85c7-4f085cf86b5e|10.1.0.20:15317, 061c5e1a-1095-4fef-ae35-bb2f1955fa47|10.1.0.20:15308]|listeners:[], old=null
2024-01-26 13:21:24,145 [grpc-default-executor-0] INFO  impl.VoteContext (VoteContext.java:log(49)) - 512d2126-5b92-4e29-85c7-4f085cf86b5e@group-D2C280C44EC0-FOLLOWER: accept PRE_VOTE from 061c5e1a-1095-4fef-ae35-bb2f1955fa47: our priority 0 <= candidate's priority 1
2024-01-26 13:21:24,146 [grpc-default-executor-0] INFO  server.RaftServer$Division (RaftServerImpl.java:requestVote(1422)) - 512d2126-5b92-4e29-85c7-4f085cf86b5e@group-D2C280C44EC0 replies to PRE_VOTE vote request: 061c5e1a-1095-4fef-ae35-bb2f1955fa47<-512d2126-5b92-4e29-85c7-4f085cf86b5e#0:OK-t0. Peer's state: 512d2126-5b92-4e29-85c7-4f085cf86b5e@group-D2C280C44EC0:t0, leader=null, voted=, raftlog=Memoized:512d2126-5b92-4e29-85c7-4f085cf86b5e@group-D2C280C44EC0-SegmentedRaftLog:OPENED:c-1, conf=-1: peers:[5f4f4713-a1cc-4bb1-a761-5c302a8e1427|10.1.0.20:15326, 512d2126-5b92-4e29-85c7-4f085cf86b5e|10.1.0.20:15317, 061c5e1a-1095-4fef-ae35-bb2f1955fa47|10.1.0.20:15308]|listeners:[], old=null
2024-01-26 13:21:24,147 [061c5e1a-1095-4fef-ae35-bb2f1955fa47@group-D2C280C44EC0-LeaderElection56] INFO  impl.LeaderElection (LeaderElection.java:logAndReturn(89)) - 061c5e1a-1095-4fef-ae35-bb2f1955fa47@group-D2C280C44EC0-LeaderElection56: PRE_VOTE PASSED received 1 response(s) and 0 exception(s):
2024-01-26 13:21:24,147 [061c5e1a-1095-4fef-ae35-bb2f1955fa47@group-D2C280C44EC0-LeaderElection56] INFO  impl.LeaderElection (LeaderElection.java:logAndReturn(93)) -   Response 0: 061c5e1a-1095-4fef-ae35-bb2f1955fa47<-5f4f4713-a1cc-4bb1-a761-5c302a8e1427#0:OK-t0
2024-01-26 13:21:24,147 [061c5e1a-1095-4fef-ae35-bb2f1955fa47@group-D2C280C44EC0-LeaderElection56] INFO  impl.LeaderElection (LeaderElection.java:askForVotes(323)) - 061c5e1a-1095-4fef-ae35-bb2f1955fa47@group-D2C280C44EC0-LeaderElection56 PRE_VOTE round 0: result PASSED
2024-01-26 13:21:24,148 [061c5e1a-1095-4fef-ae35-bb2f1955fa47@group-D2C280C44EC0-LeaderElection56] INFO  impl.LeaderElection (LeaderElection.java:askForVotes(321)) - 061c5e1a-1095-4fef-ae35-bb2f1955fa47@group-D2C280C44EC0-LeaderElection56 ELECTION round 0: submit vote requests at term 1 for -1: peers:[5f4f4713-a1cc-4bb1-a761-5c302a8e1427|10.1.0.20:15326, 512d2126-5b92-4e29-85c7-4f085cf86b5e|10.1.0.20:15317, 061c5e1a-1095-4fef-ae35-bb2f1955fa47|10.1.0.20:15308]|listeners:[], old=null
2024-01-26 13:21:24,149 [061c5e1a-1095-4fef-ae35-bb2f1955fa47@group-D2C280C44EC0-LeaderElection56] INFO  server.RaftServerConfigKeys (ConfUtils.java:logFallback(53)) - raft.server.rpc.first-election.timeout.min = 5s (fallback to raft.server.rpc.timeout.min)
2024-01-26 13:21:24,149 [061c5e1a-1095-4fef-ae35-bb2f1955fa47@group-D2C280C44EC0-LeaderElection56] INFO  server.RaftServerConfigKeys (ConfUtils.java:logFallback(53)) - raft.server.rpc.first-election.timeout.max = 5200ms (fallback to raft.server.rpc.timeout.max)
2024-01-26 13:21:24,149 [grpc-default-executor-2] INFO  server.RaftServer$Division (RaftServerImpl.java:requestVote(1389)) - 5f4f4713-a1cc-4bb1-a761-5c302a8e1427@group-D2C280C44EC0: receive requestVote(ELECTION, 061c5e1a-1095-4fef-ae35-bb2f1955fa47, group-D2C280C44EC0, 1, (t:0, i:0))
2024-01-26 13:21:24,150 [grpc-default-executor-2] INFO  impl.VoteContext (VoteContext.java:log(49)) - 5f4f4713-a1cc-4bb1-a761-5c302a8e1427@group-D2C280C44EC0-FOLLOWER: accept ELECTION from 061c5e1a-1095-4fef-ae35-bb2f1955fa47: our priority 0 <= candidate's priority 1
2024-01-26 13:21:24,150 [grpc-default-executor-0] INFO  server.RaftServer$Division (RaftServerImpl.java:requestVote(1389)) - 512d2126-5b92-4e29-85c7-4f085cf86b5e@group-D2C280C44EC0: receive requestVote(ELECTION, 061c5e1a-1095-4fef-ae35-bb2f1955fa47, group-D2C280C44EC0, 1, (t:0, i:0))
2024-01-26 13:21:24,150 [grpc-default-executor-0] INFO  impl.VoteContext (VoteContext.java:log(49)) - 512d2126-5b92-4e29-85c7-4f085cf86b5e@group-D2C280C44EC0-FOLLOWER: accept ELECTION from 061c5e1a-1095-4fef-ae35-bb2f1955fa47: our priority 0 <= candidate's priority 1
2024-01-26 13:21:24,150 [grpc-default-executor-0] INFO  server.RaftServer$Division (RaftServerImpl.java:setRole(383)) - 512d2126-5b92-4e29-85c7-4f085cf86b5e@group-D2C280C44EC0: changes role from  FOLLOWER to FOLLOWER at term 1 for candidate:061c5e1a-1095-4fef-ae35-bb2f1955fa47
2024-01-26 13:21:24,150 [grpc-default-executor-0] INFO  impl.RoleInfo (RoleInfo.java:shutdownFollowerState(110)) - 512d2126-5b92-4e29-85c7-4f085cf86b5e: shutdown 512d2126-5b92-4e29-85c7-4f085cf86b5e@group-D2C280C44EC0-FollowerState
2024-01-26 13:21:24,150 [grpc-default-executor-0] INFO  impl.RoleInfo (RoleInfo.java:updateAndGet(139)) - 512d2126-5b92-4e29-85c7-4f085cf86b5e: start 512d2126-5b92-4e29-85c7-4f085cf86b5e@group-D2C280C44EC0-FollowerState
2024-01-26 13:21:24,150 [grpc-default-executor-2] INFO  server.RaftServer$Division (RaftServerImpl.java:setRole(383)) - 5f4f4713-a1cc-4bb1-a761-5c302a8e1427@group-D2C280C44EC0: changes role from  FOLLOWER to FOLLOWER at term 1 for candidate:061c5e1a-1095-4fef-ae35-bb2f1955fa47
2024-01-26 13:21:24,150 [512d2126-5b92-4e29-85c7-4f085cf86b5e@group-D2C280C44EC0-FollowerState] INFO  impl.FollowerState (FollowerState.java:run(152)) - 512d2126-5b92-4e29-85c7-4f085cf86b5e@group-D2C280C44EC0-FollowerState was interrupted
2024-01-26 13:21:24,150 [grpc-default-executor-0] INFO  server.RaftServer$Division (RaftServerImpl.java:setFirstElection(574)) - 512d2126-5b92-4e29-85c7-4f085cf86b5e@group-D2C280C44EC0: set firstElectionSinceStartup to false for candidate:061c5e1a-1095-4fef-ae35-bb2f1955fa47
2024-01-26 13:21:24,150 [grpc-default-executor-2] INFO  impl.RoleInfo (RoleInfo.java:shutdownFollowerState(110)) - 5f4f4713-a1cc-4bb1-a761-5c302a8e1427: shutdown 5f4f4713-a1cc-4bb1-a761-5c302a8e1427@group-D2C280C44EC0-FollowerState
2024-01-26 13:21:24,151 [grpc-default-executor-2] INFO  impl.RoleInfo (RoleInfo.java:updateAndGet(139)) - 5f4f4713-a1cc-4bb1-a761-5c302a8e1427: start 5f4f4713-a1cc-4bb1-a761-5c302a8e1427@group-D2C280C44EC0-FollowerState
2024-01-26 13:21:24,151 [5f4f4713-a1cc-4bb1-a761-5c302a8e1427@group-D2C280C44EC0-FollowerState] INFO  impl.FollowerState (FollowerState.java:run(152)) - 5f4f4713-a1cc-4bb1-a761-5c302a8e1427@group-D2C280C44EC0-FollowerState was interrupted
2024-01-26 13:21:24,151 [grpc-default-executor-2] INFO  server.RaftServer$Division (RaftServerImpl.java:setFirstElection(574)) - 5f4f4713-a1cc-4bb1-a761-5c302a8e1427@group-D2C280C44EC0: set firstElectionSinceStartup to false for candidate:061c5e1a-1095-4fef-ae35-bb2f1955fa47
2024-01-26 13:21:24,153 [grpc-default-executor-0] INFO  server.RaftServer$Division (RaftServerImpl.java:requestVote(1422)) - 512d2126-5b92-4e29-85c7-4f085cf86b5e@group-D2C280C44EC0 replies to ELECTION vote request: 061c5e1a-1095-4fef-ae35-bb2f1955fa47<-512d2126-5b92-4e29-85c7-4f085cf86b5e#0:OK-t1. Peer's state: 512d2126-5b92-4e29-85c7-4f085cf86b5e@group-D2C280C44EC0:t1, leader=null, voted=061c5e1a-1095-4fef-ae35-bb2f1955fa47, raftlog=Memoized:512d2126-5b92-4e29-85c7-4f085cf86b5e@group-D2C280C44EC0-SegmentedRaftLog:OPENED:c-1, conf=-1: peers:[5f4f4713-a1cc-4bb1-a761-5c302a8e1427|10.1.0.20:15326, 512d2126-5b92-4e29-85c7-4f085cf86b5e|10.1.0.20:15317, 061c5e1a-1095-4fef-ae35-bb2f1955fa47|10.1.0.20:15308]|listeners:[], old=null
2024-01-26 13:21:24,154 [061c5e1a-1095-4fef-ae35-bb2f1955fa47@group-D2C280C44EC0-LeaderElection56] INFO  impl.LeaderElection (LeaderElection.java:logAndReturn(89)) - 061c5e1a-1095-4fef-ae35-bb2f1955fa47@group-D2C280C44EC0-LeaderElection56: ELECTION PASSED received 1 response(s) and 0 exception(s):
2024-01-26 13:21:24,154 [061c5e1a-1095-4fef-ae35-bb2f1955fa47@group-D2C280C44EC0-LeaderElection56] INFO  impl.LeaderElection (LeaderElection.java:logAndReturn(93)) -   Response 0: 061c5e1a-1095-4fef-ae35-bb2f1955fa47<-512d2126-5b92-4e29-85c7-4f085cf86b5e#0:OK-t1
2024-01-26 13:21:24,154 [061c5e1a-1095-4fef-ae35-bb2f1955fa47@group-D2C280C44EC0-LeaderElection56] INFO  impl.LeaderElection (LeaderElection.java:askForVotes(323)) - 061c5e1a-1095-4fef-ae35-bb2f1955fa47@group-D2C280C44EC0-LeaderElection56 ELECTION round 0: result PASSED
2024-01-26 13:21:24,154 [061c5e1a-1095-4fef-ae35-bb2f1955fa47@group-D2C280C44EC0-LeaderElection56] INFO  impl.RoleInfo (RoleInfo.java:shutdownLeaderElection(130)) - 061c5e1a-1095-4fef-ae35-bb2f1955fa47: shutdown 061c5e1a-1095-4fef-ae35-bb2f1955fa47@group-D2C280C44EC0-LeaderElection56
2024-01-26 13:21:24,154 [061c5e1a-1095-4fef-ae35-bb2f1955fa47@group-D2C280C44EC0-LeaderElection56] INFO  server.RaftServer$Division (RaftServerImpl.java:setRole(383)) - 061c5e1a-1095-4fef-ae35-bb2f1955fa47@group-D2C280C44EC0: changes role from CANDIDATE to LEADER at term 1 for changeToLeader
2024-01-26 13:21:24,154 [061c5e1a-1095-4fef-ae35-bb2f1955fa47@group-D2C280C44EC0-LeaderElection56] INFO  server.RaftServerConfigKeys (ConfUtils.java:logGet(46)) - raft.server.staging.catchup.gap = 1000 (default)
2024-01-26 13:21:24,154 [grpc-default-executor-2] INFO  server.RaftServer$Division (RaftServerImpl.java:requestVote(1422)) - 5f4f4713-a1cc-4bb1-a761-5c302a8e1427@group-D2C280C44EC0 replies to ELECTION vote request: 061c5e1a-1095-4fef-ae35-bb2f1955fa47<-5f4f4713-a1cc-4bb1-a761-5c302a8e1427#0:OK-t1. Peer's state: 5f4f4713-a1cc-4bb1-a761-5c302a8e1427@group-D2C280C44EC0:t1, leader=null, voted=061c5e1a-1095-4fef-ae35-bb2f1955fa47, raftlog=Memoized:5f4f4713-a1cc-4bb1-a761-5c302a8e1427@group-D2C280C44EC0-SegmentedRaftLog:OPENED:c-1, conf=-1: peers:[5f4f4713-a1cc-4bb1-a761-5c302a8e1427|10.1.0.20:15326, 512d2126-5b92-4e29-85c7-4f085cf86b5e|10.1.0.20:15317, 061c5e1a-1095-4fef-ae35-bb2f1955fa47|10.1.0.20:15308]|listeners:[], old=null
2024-01-26 13:21:24,154 [061c5e1a-1095-4fef-ae35-bb2f1955fa47@group-D2C280C44EC0-LeaderElection56] INFO  server.RaftServerConfigKeys (ConfUtils.java:logGet(46)) - raft.server.write.element-limit = 1024 (custom)
2024-01-26 13:21:24,154 [061c5e1a-1095-4fef-ae35-bb2f1955fa47@group-D2C280C44EC0-LeaderElection56] INFO  server.RaftServerConfigKeys (ConfUtils.java:logGet(46)) - raft.server.write.byte-limit = 1024 M (=1073741824) (custom)
2024-01-26 13:21:24,154 [061c5e1a-1095-4fef-ae35-bb2f1955fa47@group-D2C280C44EC0-LeaderElection56] INFO  server.RaftServerConfigKeys (ConfUtils.java:logGet(46)) - raft.server.watch.timeout = 3000ms (custom)
2024-01-26 13:21:24,154 [061c5e1a-1095-4fef-ae35-bb2f1955fa47@group-D2C280C44EC0-LeaderElection56] INFO  server.RaftServerConfigKeys (ConfUtils.java:logGet(46)) - raft.server.watch.timeout.denomination = 1s (default)
2024-01-26 13:21:24,154 [061c5e1a-1095-4fef-ae35-bb2f1955fa47@group-D2C280C44EC0-LeaderElection56] INFO  server.RaftServerConfigKeys (ConfUtils.java:logGet(46)) - raft.server.watch.element-limit = 65536 (default)
2024-01-26 13:21:24,154 [061c5e1a-1095-4fef-ae35-bb2f1955fa47@group-D2C280C44EC0-LeaderElection56] INFO  server.RaftServerConfigKeys (ConfUtils.java:logGet(46)) - raft.server.read.leader.lease.enabled = false (default)
2024-01-26 13:21:24,154 [061c5e1a-1095-4fef-ae35-bb2f1955fa47@group-D2C280C44EC0-LeaderElection56] INFO  server.RaftServerConfigKeys (ConfUtils.java:logGet(46)) - raft.server.read.leader.lease.timeout.ratio = 0.9 (default)
2024-01-26 13:21:24,155 [061c5e1a-1095-4fef-ae35-bb2f1955fa47@group-D2C280C44EC0-LeaderElection56] INFO  server.RaftServerConfigKeys (ConfUtils.java:logGet(46)) - raft.server.rpc.timeout.min = 5s (custom)
2024-01-26 13:21:24,155 [061c5e1a-1095-4fef-ae35-bb2f1955fa47@group-D2C280C44EC0-LeaderElection56] INFO  server.RaftServerConfigKeys (ConfUtils.java:logGet(46)) - raft.server.write.element-limit = 1024 (custom)
2024-01-26 13:21:24,155 [061c5e1a-1095-4fef-ae35-bb2f1955fa47@group-D2C280C44EC0-LeaderElection56] INFO  server.RaftServerConfigKeys (ConfUtils.java:logGet(46)) - raft.server.write.follower.gap.ratio.max = -1.0 (default)
2024-01-26 13:21:24,155 [061c5e1a-1095-4fef-ae35-bb2f1955fa47@group-D2C280C44EC0-LeaderElection56] INFO  server.RaftServerConfigKeys (ConfUtils.java:logGet(46)) - raft.server.log.appender.snapshot.chunk.size.max = 16MB (=16777216) (default)
2024-01-26 13:21:24,155 [061c5e1a-1095-4fef-ae35-bb2f1955fa47@group-D2C280C44EC0-LeaderElection56] INFO  server.RaftServerConfigKeys (ConfUtils.java:logGet(46)) - raft.server.log.appender.buffer.byte-limit = 8388608 (custom)
2024-01-26 13:21:24,155 [061c5e1a-1095-4fef-ae35-bb2f1955fa47@group-D2C280C44EC0-LeaderElection56] INFO  server.RaftServerConfigKeys (ConfUtils.java:logGet(46)) - raft.server.log.appender.buffer.element-limit = 1 (custom)
2024-01-26 13:21:24,155 [061c5e1a-1095-4fef-ae35-bb2f1955fa47@group-D2C280C44EC0-LeaderElection56] INFO  server.RaftServerConfigKeys (ConfUtils.java:logGet(46)) - raft.server.log.appender.wait-time.min = 0ms (custom)
2024-01-26 13:21:24,155 [061c5e1a-1095-4fef-ae35-bb2f1955fa47@group-D2C280C44EC0-LeaderElection56] INFO  grpc.GrpcConfigKeys (ConfUtils.java:logGet(46)) - raft.grpc.server.leader.outstanding.appends.max = 8 (default)
2024-01-26 13:21:24,155 [061c5e1a-1095-4fef-ae35-bb2f1955fa47@group-D2C280C44EC0-LeaderElection56] INFO  server.RaftServerConfigKeys (ConfUtils.java:logGet(46)) - raft.server.rpc.request.timeout = 3000ms (default)
2024-01-26 13:21:24,155 [061c5e1a-1095-4fef-ae35-bb2f1955fa47@group-D2C280C44EC0-LeaderElection56] INFO  grpc.GrpcConfigKeys (ConfUtils.java:logGet(46)) - raft.grpc.server.install_snapshot.request.element-limit = 8 (default)
2024-01-26 13:21:24,155 [061c5e1a-1095-4fef-ae35-bb2f1955fa47@group-D2C280C44EC0-LeaderElection56] INFO  grpc.GrpcConfigKeys (ConfUtils.java:logGet(46)) - raft.grpc.server.install_snapshot.request.timeout = 3000ms (default)
2024-01-26 13:21:24,156 [061c5e1a-1095-4fef-ae35-bb2f1955fa47@group-D2C280C44EC0-LeaderElection56] INFO  grpc.GrpcConfigKeys (ConfUtils.java:logGet(46)) - raft.grpc.server.log-message.batch.duration = 5s (default)
2024-01-26 13:21:24,156 [061c5e1a-1095-4fef-ae35-bb2f1955fa47@group-D2C280C44EC0-LeaderElection56] INFO  server.RaftServerConfigKeys (ConfUtils.java:logGet(46)) - raft.server.log.appender.install.snapshot.enabled = false (custom)
2024-01-26 13:21:24,156 [061c5e1a-1095-4fef-ae35-bb2f1955fa47@group-D2C280C44EC0-LeaderElection56] INFO  grpc.GrpcConfigKeys (ConfUtils.java:logGet(46)) - raft.grpc.server.heartbeat.channel = true (default)
2024-01-26 13:21:24,156 [061c5e1a-1095-4fef-ae35-bb2f1955fa47@group-D2C280C44EC0-LeaderElection56] INFO  server.RaftServerConfigKeys (ConfUtils.java:logGet(46)) - raft.server.log.appender.snapshot.chunk.size.max = 16MB (=16777216) (default)
2024-01-26 13:21:24,156 [061c5e1a-1095-4fef-ae35-bb2f1955fa47@group-D2C280C44EC0-LeaderElection56] INFO  server.RaftServerConfigKeys (ConfUtils.java:logGet(46)) - raft.server.log.appender.buffer.byte-limit = 8388608 (custom)
2024-01-26 13:21:24,156 [061c5e1a-1095-4fef-ae35-bb2f1955fa47@group-D2C280C44EC0-LeaderElection56] INFO  server.RaftServerConfigKeys (ConfUtils.java:logGet(46)) - raft.server.log.appender.buffer.element-limit = 1 (custom)
2024-01-26 13:21:24,156 [061c5e1a-1095-4fef-ae35-bb2f1955fa47@group-D2C280C44EC0-LeaderElection56] INFO  server.RaftServerConfigKeys (ConfUtils.java:logGet(46)) - raft.server.log.appender.wait-time.min = 0ms (custom)
2024-01-26 13:21:24,157 [061c5e1a-1095-4fef-ae35-bb2f1955fa47@group-D2C280C44EC0-LeaderElection56] INFO  grpc.GrpcConfigKeys (ConfUtils.java:logGet(46)) - raft.grpc.server.leader.outstanding.appends.max = 8 (default)
2024-01-26 13:21:24,157 [061c5e1a-1095-4fef-ae35-bb2f1955fa47@group-D2C280C44EC0-LeaderElection56] INFO  server.RaftServerConfigKeys (ConfUtils.java:logGet(46)) - raft.server.rpc.request.timeout = 3000ms (default)
2024-01-26 13:21:24,157 [061c5e1a-1095-4fef-ae35-bb2f1955fa47@group-D2C280C44EC0-LeaderElection56] INFO  grpc.GrpcConfigKeys (ConfUtils.java:logGet(46)) - raft.grpc.server.install_snapshot.request.element-limit = 8 (default)
2024-01-26 13:21:24,157 [061c5e1a-1095-4fef-ae35-bb2f1955fa47@group-D2C280C44EC0-LeaderElection56] INFO  grpc.GrpcConfigKeys (ConfUtils.java:logGet(46)) - raft.grpc.server.install_snapshot.request.timeout = 3000ms (default)
2024-01-26 13:21:24,157 [061c5e1a-1095-4fef-ae35-bb2f1955fa47@group-D2C280C44EC0-LeaderElection56] INFO  grpc.GrpcConfigKeys (ConfUtils.java:logGet(46)) - raft.grpc.server.log-message.batch.duration = 5s (default)
2024-01-26 13:21:24,157 [061c5e1a-1095-4fef-ae35-bb2f1955fa47@group-D2C280C44EC0-LeaderElection56] INFO  server.RaftServerConfigKeys (ConfUtils.java:logGet(46)) - raft.server.log.appender.install.snapshot.enabled = false (custom)
2024-01-26 13:21:24,157 [061c5e1a-1095-4fef-ae35-bb2f1955fa47@group-D2C280C44EC0-LeaderElection56] INFO  grpc.GrpcConfigKeys (ConfUtils.java:logGet(46)) - raft.grpc.server.heartbeat.channel = true (default)
2024-01-26 13:21:24,157 [061c5e1a-1095-4fef-ae35-bb2f1955fa47@group-D2C280C44EC0-LeaderElection56] INFO  impl.RoleInfo (RoleInfo.java:updateAndGet(139)) - 061c5e1a-1095-4fef-ae35-bb2f1955fa47: start 061c5e1a-1095-4fef-ae35-bb2f1955fa47@group-D2C280C44EC0-LeaderStateImpl
2024-01-26 13:21:24,157 [061c5e1a-1095-4fef-ae35-bb2f1955fa47@group-D2C280C44EC0-LeaderElection56] INFO  server.RaftServer$Division (RaftServerImpl.java:setFirstElection(574)) - 061c5e1a-1095-4fef-ae35-bb2f1955fa47@group-D2C280C44EC0: set firstElectionSinceStartup to false for becomeLeader
2024-01-26 13:21:24,157 [061c5e1a-1095-4fef-ae35-bb2f1955fa47@group-D2C280C44EC0-LeaderElection56] INFO  ratis.XceiverServerRatis (XceiverServerRatis.java:handleLeaderChangedNotification(945)) - Leader change notification received for group: group-D2C280C44EC0 with new leaderId: 061c5e1a-1095-4fef-ae35-bb2f1955fa47
2024-01-26 13:21:24,157 [061c5e1a-1095-4fef-ae35-bb2f1955fa47@group-D2C280C44EC0-LeaderElection56] INFO  server.RaftServer$Division (ServerState.java:setLeader(269)) - 061c5e1a-1095-4fef-ae35-bb2f1955fa47@group-D2C280C44EC0: change Leader from null to 061c5e1a-1095-4fef-ae35-bb2f1955fa47 at term 1 for becomeLeader, leader elected after 5147ms
2024-01-26 13:21:24,157 [061c5e1a-1095-4fef-ae35-bb2f1955fa47@group-D2C280C44EC0-LeaderElection56] INFO  segmented.SegmentedRaftLogWorker (SegmentedRaftLogWorker.java:startLogSegment(430)) - 061c5e1a-1095-4fef-ae35-bb2f1955fa47@group-D2C280C44EC0-SegmentedRaftLogWorker: Starting segment from index:0
2024-01-26 13:21:24,158 [061c5e1a-1095-4fef-ae35-bb2f1955fa47@group-D2C280C44EC0-LeaderElection56] INFO  server.RaftServer$Division (ServerState.java:setRaftConf(386)) - 061c5e1a-1095-4fef-ae35-bb2f1955fa47@group-D2C280C44EC0: set configuration 0: peers:[5f4f4713-a1cc-4bb1-a761-5c302a8e1427|10.1.0.20:15326, 512d2126-5b92-4e29-85c7-4f085cf86b5e|10.1.0.20:15317, 061c5e1a-1095-4fef-ae35-bb2f1955fa47|10.1.0.20:15308]|listeners:[], old=null
2024-01-26 13:21:24,158 [061c5e1a-1095-4fef-ae35-bb2f1955fa47@group-D2C280C44EC0-SegmentedRaftLogWorker] INFO  segmented.BufferedWriteChannel (BufferedWriteChannel.java:open(62)) - open log_inprogress_0 at position 0
2024-01-26 13:21:24,163 [EventQueue-PipelineReportForPipelineReportHandler] INFO  pipeline.PipelineReportHandler (PipelineReportHandler.java:processPipelineReport(136)) - Opened pipeline PipelineID=565c7106-4406-46e8-8d34-d2c280c44ec0
2024-01-26 13:21:24,169 [5f4f4713-a1cc-4bb1-a761-5c302a8e1427-server-thread1] INFO  ratis.XceiverServerRatis (XceiverServerRatis.java:handleLeaderChangedNotification(945)) - Leader change notification received for group: group-D2C280C44EC0 with new leaderId: 061c5e1a-1095-4fef-ae35-bb2f1955fa47
2024-01-26 13:21:24,169 [5f4f4713-a1cc-4bb1-a761-5c302a8e1427-server-thread1] INFO  server.RaftServer$Division (ServerState.java:setLeader(269)) - 5f4f4713-a1cc-4bb1-a761-5c302a8e1427@group-D2C280C44EC0: change Leader from null to 061c5e1a-1095-4fef-ae35-bb2f1955fa47 at term 1 for appendEntries, leader elected after 5141ms
2024-01-26 13:21:24,169 [061c5e1a-1095-4fef-ae35-bb2f1955fa47@group-D2C280C44EC0-SegmentedRaftLogWorker] INFO  segmented.SegmentedRaftLogWorker (SegmentedRaftLogWorker.java:execute(634)) - 061c5e1a-1095-4fef-ae35-bb2f1955fa47@group-D2C280C44EC0-SegmentedRaftLogWorker: created new log segment /home/runner/work/ozone/ozone/hadoop-ozone/integration-test/target/test-dir/MiniOzoneClusterImpl-953fd8c5-ac00-44c9-baab-0887e32ba883/datanode-3/data/ratis/565c7106-4406-46e8-8d34-d2c280c44ec0/current/log_inprogress_0
2024-01-26 13:21:24,172 [5f4f4713-a1cc-4bb1-a761-5c302a8e1427-server-thread1] INFO  server.RaftServer$Division (ServerState.java:setRaftConf(386)) - 5f4f4713-a1cc-4bb1-a761-5c302a8e1427@group-D2C280C44EC0: set configuration 0: peers:[5f4f4713-a1cc-4bb1-a761-5c302a8e1427|10.1.0.20:15326, 512d2126-5b92-4e29-85c7-4f085cf86b5e|10.1.0.20:15317, 061c5e1a-1095-4fef-ae35-bb2f1955fa47|10.1.0.20:15308]|listeners:[], old=null
2024-01-26 13:21:24,173 [5f4f4713-a1cc-4bb1-a761-5c302a8e1427-server-thread1] INFO  segmented.SegmentedRaftLogWorker (SegmentedRaftLogWorker.java:startLogSegment(430)) - 5f4f4713-a1cc-4bb1-a761-5c302a8e1427@group-D2C280C44EC0-SegmentedRaftLogWorker: Starting segment from index:0
2024-01-26 13:21:24,173 [5f4f4713-a1cc-4bb1-a761-5c302a8e1427@group-D2C280C44EC0-SegmentedRaftLogWorker] INFO  segmented.BufferedWriteChannel (BufferedWriteChannel.java:open(62)) - open log_inprogress_0 at position 0
2024-01-26 13:21:24,177 [512d2126-5b92-4e29-85c7-4f085cf86b5e-server-thread1] INFO  ratis.XceiverServerRatis (XceiverServerRatis.java:handleLeaderChangedNotification(945)) - Leader change notification received for group: group-D2C280C44EC0 with new leaderId: 061c5e1a-1095-4fef-ae35-bb2f1955fa47
2024-01-26 13:21:24,177 [512d2126-5b92-4e29-85c7-4f085cf86b5e-server-thread1] INFO  server.RaftServer$Division (ServerState.java:setLeader(269)) - 512d2126-5b92-4e29-85c7-4f085cf86b5e@group-D2C280C44EC0: change Leader from null to 061c5e1a-1095-4fef-ae35-bb2f1955fa47 at term 1 for appendEntries, leader elected after 5129ms
2024-01-26 13:21:24,179 [512d2126-5b92-4e29-85c7-4f085cf86b5e-server-thread2] INFO  server.RaftServer$Division (ServerState.java:setRaftConf(386)) - 512d2126-5b92-4e29-85c7-4f085cf86b5e@group-D2C280C44EC0: set configuration 0: peers:[5f4f4713-a1cc-4bb1-a761-5c302a8e1427|10.1.0.20:15326, 512d2126-5b92-4e29-85c7-4f085cf86b5e|10.1.0.20:15317, 061c5e1a-1095-4fef-ae35-bb2f1955fa47|10.1.0.20:15308]|listeners:[], old=null
2024-01-26 13:21:24,180 [512d2126-5b92-4e29-85c7-4f085cf86b5e-server-thread2] INFO  segmented.SegmentedRaftLogWorker (SegmentedRaftLogWorker.java:startLogSegment(430)) - 512d2126-5b92-4e29-85c7-4f085cf86b5e@group-D2C280C44EC0-SegmentedRaftLogWorker: Starting segment from index:0
2024-01-26 13:21:24,180 [512d2126-5b92-4e29-85c7-4f085cf86b5e@group-D2C280C44EC0-SegmentedRaftLogWorker] INFO  segmented.BufferedWriteChannel (BufferedWriteChannel.java:open(62)) - open log_inprogress_0 at position 0
2024-01-26 13:21:24,180 [5f4f4713-a1cc-4bb1-a761-5c302a8e1427@group-D2C280C44EC0-SegmentedRaftLogWorker] INFO  segmented.SegmentedRaftLogWorker (SegmentedRaftLogWorker.java:execute(634)) - 5f4f4713-a1cc-4bb1-a761-5c302a8e1427@group-D2C280C44EC0-SegmentedRaftLogWorker: created new log segment /home/runner/work/ozone/ozone/hadoop-ozone/integration-test/target/test-dir/MiniOzoneClusterImpl-953fd8c5-ac00-44c9-baab-0887e32ba883/datanode-5/data/ratis/565c7106-4406-46e8-8d34-d2c280c44ec0/current/log_inprogress_0
2024-01-26 13:21:24,189 [061c5e1a-1095-4fef-ae35-bb2f1955fa47@group-D2C280C44EC0-StateMachineUpdater] INFO  server.RaftServer$Division (LeaderStateImpl.java:isApplied(320)) - leader is ready since appliedIndex == 0 >= startIndex == 0
2024-01-26 13:21:24,189 [512d2126-5b92-4e29-85c7-4f085cf86b5e@group-D2C280C44EC0-SegmentedRaftLogWorker] INFO  segmented.SegmentedRaftLogWorker (SegmentedRaftLogWorker.java:execute(634)) - 512d2126-5b92-4e29-85c7-4f085cf86b5e@group-D2C280C44EC0-SegmentedRaftLogWorker: created new log segment /home/runner/work/ozone/ozone/hadoop-ozone/integration-test/target/test-dir/MiniOzoneClusterImpl-953fd8c5-ac00-44c9-baab-0887e32ba883/datanode-4/data/ratis/565c7106-4406-46e8-8d34-d2c280c44ec0/current/log_inprogress_0
2024-01-26 13:21:24,196 [512d2126-5b92-4e29-85c7-4f085cf86b5e@group-990A103404EC-FollowerState] INFO  impl.FollowerState (FollowerState.java:run(143)) - 512d2126-5b92-4e29-85c7-4f085cf86b5e@group-990A103404EC-FollowerState: change to CANDIDATE, lastRpcElapsedTime:5089478624ns, electionTimeout:5089ms
2024-01-26 13:21:24,196 [512d2126-5b92-4e29-85c7-4f085cf86b5e@group-990A103404EC-FollowerState] INFO  impl.RoleInfo (RoleInfo.java:shutdownFollowerState(110)) - 512d2126-5b92-4e29-85c7-4f085cf86b5e: shutdown 512d2126-5b92-4e29-85c7-4f085cf86b5e@group-990A103404EC-FollowerState
2024-01-26 13:21:24,196 [512d2126-5b92-4e29-85c7-4f085cf86b5e@group-990A103404EC-FollowerState] INFO  server.RaftServer$Division (RaftServerImpl.java:setRole(383)) - 512d2126-5b92-4e29-85c7-4f085cf86b5e@group-990A103404EC: changes role from  FOLLOWER to CANDIDATE at term 0 for changeToCandidate
2024-01-26 13:21:24,196 [512d2126-5b92-4e29-85c7-4f085cf86b5e@group-990A103404EC-FollowerState] INFO  server.RaftServerConfigKeys (ConfUtils.java:logGet(46)) - raft.server.leaderelection.pre-vote = true (default)
2024-01-26 13:21:24,196 [512d2126-5b92-4e29-85c7-4f085cf86b5e@group-990A103404EC-FollowerState] INFO  impl.RoleInfo (RoleInfo.java:updateAndGet(139)) - 512d2126-5b92-4e29-85c7-4f085cf86b5e: start 512d2126-5b92-4e29-85c7-4f085cf86b5e@group-990A103404EC-LeaderElection57
2024-01-26 13:21:24,198 [512d2126-5b92-4e29-85c7-4f085cf86b5e@group-990A103404EC-LeaderElection57] INFO  impl.LeaderElection (LeaderElection.java:askForVotes(321)) - 512d2126-5b92-4e29-85c7-4f085cf86b5e@group-990A103404EC-LeaderElection57 PRE_VOTE round 0: submit vote requests at term 0 for -1: peers:[512d2126-5b92-4e29-85c7-4f085cf86b5e|10.1.0.20:15317]|listeners:[], old=null
2024-01-26 13:21:24,198 [512d2126-5b92-4e29-85c7-4f085cf86b5e@group-990A103404EC-LeaderElection57] INFO  impl.LeaderElection (LeaderElection.java:askForVotes(323)) - 512d2126-5b92-4e29-85c7-4f085cf86b5e@group-990A103404EC-LeaderElection57 PRE_VOTE round 0: result PASSED (term=0)
2024-01-26 13:21:24,201 [512d2126-5b92-4e29-85c7-4f085cf86b5e@group-990A103404EC-LeaderElection57] INFO  impl.LeaderElection (LeaderElection.java:askForVotes(321)) - 512d2126-5b92-4e29-85c7-4f085cf86b5e@group-990A103404EC-LeaderElection57 ELECTION round 0: submit vote requests at term 1 for -1: peers:[512d2126-5b92-4e29-85c7-4f085cf86b5e|10.1.0.20:15317]|listeners:[], old=null
2024-01-26 13:21:24,201 [512d2126-5b92-4e29-85c7-4f085cf86b5e@group-990A103404EC-LeaderElection57] INFO  impl.LeaderElection (LeaderElection.java:askForVotes(323)) - 512d2126-5b92-4e29-85c7-4f085cf86b5e@group-990A103404EC-LeaderElection57 ELECTION round 0: result PASSED (term=1)
2024-01-26 13:21:24,201 [512d2126-5b92-4e29-85c7-4f085cf86b5e@group-990A103404EC-LeaderElection57] INFO  impl.RoleInfo (RoleInfo.java:shutdownLeaderElection(130)) - 512d2126-5b92-4e29-85c7-4f085cf86b5e: shutdown 512d2126-5b92-4e29-85c7-4f085cf86b5e@group-990A103404EC-LeaderElection57
2024-01-26 13:21:24,201 [512d2126-5b92-4e29-85c7-4f085cf86b5e@group-990A103404EC-LeaderElection57] INFO  server.RaftServer$Division (RaftServerImpl.java:setRole(383)) - 512d2126-5b92-4e29-85c7-4f085cf86b5e@group-990A103404EC: changes role from CANDIDATE to LEADER at term 1 for changeToLeader
2024-01-26 13:21:24,201 [512d2126-5b92-4e29-85c7-4f085cf86b5e@group-990A103404EC-LeaderElection57] INFO  server.RaftServerConfigKeys (ConfUtils.java:logGet(46)) - raft.server.staging.catchup.gap = 1000 (default)
2024-01-26 13:21:24,201 [512d2126-5b92-4e29-85c7-4f085cf86b5e@group-990A103404EC-LeaderElection57] INFO  server.RaftServerConfigKeys (ConfUtils.java:logGet(46)) - raft.server.write.element-limit = 1024 (custom)
2024-01-26 13:21:24,201 [512d2126-5b92-4e29-85c7-4f085cf86b5e@group-990A103404EC-LeaderElection57] INFO  server.RaftServerConfigKeys (ConfUtils.java:logGet(46)) - raft.server.write.byte-limit = 1024 M (=1073741824) (custom)
2024-01-26 13:21:24,202 [512d2126-5b92-4e29-85c7-4f085cf86b5e@group-990A103404EC-LeaderElection57] INFO  server.RaftServerConfigKeys (ConfUtils.java:logGet(46)) - raft.server.watch.timeout = 3000ms (custom)
2024-01-26 13:21:24,202 [512d2126-5b92-4e29-85c7-4f085cf86b5e@group-990A103404EC-LeaderElection57] INFO  server.RaftServerConfigKeys (ConfUtils.java:logGet(46)) - raft.server.watch.timeout.denomination = 1s (default)
2024-01-26 13:21:24,202 [512d2126-5b92-4e29-85c7-4f085cf86b5e@group-990A103404EC-LeaderElection57] INFO  server.RaftServerConfigKeys (ConfUtils.java:logGet(46)) - raft.server.watch.element-limit = 65536 (default)
2024-01-26 13:21:24,202 [512d2126-5b92-4e29-85c7-4f085cf86b5e@group-990A103404EC-LeaderElection57] INFO  server.RaftServerConfigKeys (ConfUtils.java:logGet(46)) - raft.server.read.leader.lease.enabled = false (default)
2024-01-26 13:21:24,202 [512d2126-5b92-4e29-85c7-4f085cf86b5e@group-990A103404EC-LeaderElection57] INFO  server.RaftServerConfigKeys (ConfUtils.java:logGet(46)) - raft.server.read.leader.lease.timeout.ratio = 0.9 (default)
2024-01-26 13:21:24,202 [512d2126-5b92-4e29-85c7-4f085cf86b5e@group-990A103404EC-LeaderElection57] INFO  server.RaftServerConfigKeys (ConfUtils.java:logGet(46)) - raft.server.rpc.timeout.min = 5s (custom)
2024-01-26 13:21:24,202 [512d2126-5b92-4e29-85c7-4f085cf86b5e@group-990A103404EC-LeaderElection57] INFO  server.RaftServerConfigKeys (ConfUtils.java:logGet(46)) - raft.server.write.element-limit = 1024 (custom)
2024-01-26 13:21:24,202 [512d2126-5b92-4e29-85c7-4f085cf86b5e@group-990A103404EC-LeaderElection57] INFO  server.RaftServerConfigKeys (ConfUtils.java:logGet(46)) - raft.server.write.follower.gap.ratio.max = -1.0 (default)
2024-01-26 13:21:24,202 [512d2126-5b92-4e29-85c7-4f085cf86b5e@group-990A103404EC-LeaderElection57] INFO  impl.RoleInfo (RoleInfo.java:updateAndGet(139)) - 512d2126-5b92-4e29-85c7-4f085cf86b5e: start 512d2126-5b92-4e29-85c7-4f085cf86b5e@group-990A103404EC-LeaderStateImpl
2024-01-26 13:21:24,202 [512d2126-5b92-4e29-85c7-4f085cf86b5e@group-990A103404EC-LeaderElection57] INFO  server.RaftServer$Division (RaftServerImpl.java:setFirstElection(574)) - 512d2126-5b92-4e29-85c7-4f085cf86b5e@group-990A103404EC: set firstElectionSinceStartup to false for becomeLeader
2024-01-26 13:21:24,202 [512d2126-5b92-4e29-85c7-4f085cf86b5e@group-990A103404EC-LeaderElection57] INFO  ratis.XceiverServerRatis (XceiverServerRatis.java:handleLeaderChangedNotification(945)) - Leader change notification received for group: group-990A103404EC with new leaderId: 512d2126-5b92-4e29-85c7-4f085cf86b5e
2024-01-26 13:21:24,202 [512d2126-5b92-4e29-85c7-4f085cf86b5e@group-990A103404EC-LeaderElection57] INFO  server.RaftServer$Division (ServerState.java:setLeader(269)) - 512d2126-5b92-4e29-85c7-4f085cf86b5e@group-990A103404EC: change Leader from null to 512d2126-5b92-4e29-85c7-4f085cf86b5e at term 1 for becomeLeader, leader elected after 5106ms
2024-01-26 13:21:24,202 [512d2126-5b92-4e29-85c7-4f085cf86b5e@group-990A103404EC-LeaderElection57] INFO  segmented.SegmentedRaftLogWorker (SegmentedRaftLogWorker.java:startLogSegment(430)) - 512d2126-5b92-4e29-85c7-4f085cf86b5e@group-990A103404EC-SegmentedRaftLogWorker: Starting segment from index:0
2024-01-26 13:21:24,203 [512d2126-5b92-4e29-85c7-4f085cf86b5e@group-990A103404EC-LeaderElection57] INFO  server.RaftServer$Division (ServerState.java:setRaftConf(386)) - 512d2126-5b92-4e29-85c7-4f085cf86b5e@group-990A103404EC: set configuration 0: peers:[512d2126-5b92-4e29-85c7-4f085cf86b5e|10.1.0.20:15317]|listeners:[], old=null
2024-01-26 13:21:24,204 [512d2126-5b92-4e29-85c7-4f085cf86b5e@group-990A103404EC-SegmentedRaftLogWorker] INFO  segmented.BufferedWriteChannel (BufferedWriteChannel.java:open(62)) - open log_inprogress_0 at position 0
2024-01-26 13:21:24,212 [512d2126-5b92-4e29-85c7-4f085cf86b5e@group-990A103404EC-SegmentedRaftLogWorker] INFO  segmented.SegmentedRaftLogWorker (SegmentedRaftLogWorker.java:execute(634)) - 512d2126-5b92-4e29-85c7-4f085cf86b5e@group-990A103404EC-SegmentedRaftLogWorker: created new log segment /home/runner/work/ozone/ozone/hadoop-ozone/integration-test/target/test-dir/MiniOzoneClusterImpl-953fd8c5-ac00-44c9-baab-0887e32ba883/datanode-4/data/ratis/ff6bf4e7-cfac-4ddb-9481-990a103404ec/current/log_inprogress_0
2024-01-26 13:21:24,214 [512d2126-5b92-4e29-85c7-4f085cf86b5e@group-990A103404EC-StateMachineUpdater] INFO  server.RaftServer$Division (LeaderStateImpl.java:isApplied(320)) - leader is ready since appliedIndex == 0 >= startIndex == 0
2024-01-26 13:21:24,271 [5f4f4713-a1cc-4bb1-a761-5c302a8e1427@group-DE7F60803FD5-FollowerState] INFO  impl.FollowerState (FollowerState.java:run(143)) - 5f4f4713-a1cc-4bb1-a761-5c302a8e1427@group-DE7F60803FD5-FollowerState: change to CANDIDATE, lastRpcElapsedTime:5079614678ns, electionTimeout:5079ms
2024-01-26 13:21:24,271 [5f4f4713-a1cc-4bb1-a761-5c302a8e1427@group-DE7F60803FD5-FollowerState] INFO  impl.RoleInfo (RoleInfo.java:shutdownFollowerState(110)) - 5f4f4713-a1cc-4bb1-a761-5c302a8e1427: shutdown 5f4f4713-a1cc-4bb1-a761-5c302a8e1427@group-DE7F60803FD5-FollowerState
2024-01-26 13:21:24,271 [5f4f4713-a1cc-4bb1-a761-5c302a8e1427@group-DE7F60803FD5-FollowerState] INFO  server.RaftServer$Division (RaftServerImpl.java:setRole(383)) - 5f4f4713-a1cc-4bb1-a761-5c302a8e1427@group-DE7F60803FD5: changes role from  FOLLOWER to CANDIDATE at term 0 for changeToCandidate
2024-01-26 13:21:24,271 [5f4f4713-a1cc-4bb1-a761-5c302a8e1427@group-DE7F60803FD5-FollowerState] INFO  server.RaftServerConfigKeys (ConfUtils.java:logGet(46)) - raft.server.leaderelection.pre-vote = true (default)
2024-01-26 13:21:24,271 [5f4f4713-a1cc-4bb1-a761-5c302a8e1427@group-DE7F60803FD5-FollowerState] INFO  impl.RoleInfo (RoleInfo.java:updateAndGet(139)) - 5f4f4713-a1cc-4bb1-a761-5c302a8e1427: start 5f4f4713-a1cc-4bb1-a761-5c302a8e1427@group-DE7F60803FD5-LeaderElection58
2024-01-26 13:21:24,273 [5f4f4713-a1cc-4bb1-a761-5c302a8e1427@group-DE7F60803FD5-LeaderElection58] INFO  impl.LeaderElection (LeaderElection.java:askForVotes(321)) - 5f4f4713-a1cc-4bb1-a761-5c302a8e1427@group-DE7F60803FD5-LeaderElection58 PRE_VOTE round 0: submit vote requests at term 0 for -1: peers:[5f4f4713-a1cc-4bb1-a761-5c302a8e1427|10.1.0.20:15326]|listeners:[], old=null
2024-01-26 13:21:24,273 [5f4f4713-a1cc-4bb1-a761-5c302a8e1427@group-DE7F60803FD5-LeaderElection58] INFO  impl.LeaderElection (LeaderElection.java:askForVotes(323)) - 5f4f4713-a1cc-4bb1-a761-5c302a8e1427@group-DE7F60803FD5-LeaderElection58 PRE_VOTE round 0: result PASSED (term=0)
2024-01-26 13:21:24,274 [5f4f4713-a1cc-4bb1-a761-5c302a8e1427@group-DE7F60803FD5-LeaderElection58] INFO  impl.LeaderElection (LeaderElection.java:askForVotes(321)) - 5f4f4713-a1cc-4bb1-a761-5c302a8e1427@group-DE7F60803FD5-LeaderElection58 ELECTION round 0: submit vote requests at term 1 for -1: peers:[5f4f4713-a1cc-4bb1-a761-5c302a8e1427|10.1.0.20:15326]|listeners:[], old=null
2024-01-26 13:21:24,274 [5f4f4713-a1cc-4bb1-a761-5c302a8e1427@group-DE7F60803FD5-LeaderElection58] INFO  impl.LeaderElection (LeaderElection.java:askForVotes(323)) - 5f4f4713-a1cc-4bb1-a761-5c302a8e1427@group-DE7F60803FD5-LeaderElection58 ELECTION round 0: result PASSED (term=1)
2024-01-26 13:21:24,274 [5f4f4713-a1cc-4bb1-a761-5c302a8e1427@group-DE7F60803FD5-LeaderElection58] INFO  impl.RoleInfo (RoleInfo.java:shutdownLeaderElection(130)) - 5f4f4713-a1cc-4bb1-a761-5c302a8e1427: shutdown 5f4f4713-a1cc-4bb1-a761-5c302a8e1427@group-DE7F60803FD5-LeaderElection58
2024-01-26 13:21:24,274 [5f4f4713-a1cc-4bb1-a761-5c302a8e1427@group-DE7F60803FD5-LeaderElection58] INFO  server.RaftServer$Division (RaftServerImpl.java:setRole(383)) - 5f4f4713-a1cc-4bb1-a761-5c302a8e1427@group-DE7F60803FD5: changes role from CANDIDATE to LEADER at term 1 for changeToLeader
2024-01-26 13:21:24,274 [5f4f4713-a1cc-4bb1-a761-5c302a8e1427@group-DE7F60803FD5-LeaderElection58] INFO  server.RaftServerConfigKeys (ConfUtils.java:logGet(46)) - raft.server.staging.catchup.gap = 1000 (default)
2024-01-26 13:21:24,274 [5f4f4713-a1cc-4bb1-a761-5c302a8e1427@group-DE7F60803FD5-LeaderElection58] INFO  server.RaftServerConfigKeys (ConfUtils.java:logGet(46)) - raft.server.write.element-limit = 1024 (custom)
2024-01-26 13:21:24,274 [5f4f4713-a1cc-4bb1-a761-5c302a8e1427@group-DE7F60803FD5-LeaderElection58] INFO  server.RaftServerConfigKeys (ConfUtils.java:logGet(46)) - raft.server.write.byte-limit = 1024 M (=1073741824) (custom)
2024-01-26 13:21:24,274 [5f4f4713-a1cc-4bb1-a761-5c302a8e1427@group-DE7F60803FD5-LeaderElection58] INFO  server.RaftServerConfigKeys (ConfUtils.java:logGet(46)) - raft.server.watch.timeout = 3000ms (custom)
2024-01-26 13:21:24,274 [5f4f4713-a1cc-4bb1-a761-5c302a8e1427@group-DE7F60803FD5-LeaderElection58] INFO  server.RaftServerConfigKeys (ConfUtils.java:logGet(46)) - raft.server.watch.timeout.denomination = 1s (default)
2024-01-26 13:21:24,274 [5f4f4713-a1cc-4bb1-a761-5c302a8e1427@group-DE7F60803FD5-LeaderElection58] INFO  server.RaftServerConfigKeys (ConfUtils.java:logGet(46)) - raft.server.watch.element-limit = 65536 (default)
2024-01-26 13:21:24,275 [5f4f4713-a1cc-4bb1-a761-5c302a8e1427@group-DE7F60803FD5-LeaderElection58] INFO  server.RaftServerConfigKeys (ConfUtils.java:logGet(46)) - raft.server.read.leader.lease.enabled = false (default)
2024-01-26 13:21:24,275 [5f4f4713-a1cc-4bb1-a761-5c302a8e1427@group-DE7F60803FD5-LeaderElection58] INFO  server.RaftServerConfigKeys (ConfUtils.java:logGet(46)) - raft.server.read.leader.lease.timeout.ratio = 0.9 (default)
2024-01-26 13:21:24,275 [5f4f4713-a1cc-4bb1-a761-5c302a8e1427@group-DE7F60803FD5-LeaderElection58] INFO  server.RaftServerConfigKeys (ConfUtils.java:logGet(46)) - raft.server.rpc.timeout.min = 5s (custom)
2024-01-26 13:21:24,275 [5f4f4713-a1cc-4bb1-a761-5c302a8e1427@group-DE7F60803FD5-LeaderElection58] INFO  server.RaftServerConfigKeys (ConfUtils.java:logGet(46)) - raft.server.write.element-limit = 1024 (custom)
2024-01-26 13:21:24,275 [5f4f4713-a1cc-4bb1-a761-5c302a8e1427@group-DE7F60803FD5-LeaderElection58] INFO  server.RaftServerConfigKeys (ConfUtils.java:logGet(46)) - raft.server.write.follower.gap.ratio.max = -1.0 (default)
2024-01-26 13:21:24,275 [5f4f4713-a1cc-4bb1-a761-5c302a8e1427@group-DE7F60803FD5-LeaderElection58] INFO  impl.RoleInfo (RoleInfo.java:updateAndGet(139)) - 5f4f4713-a1cc-4bb1-a761-5c302a8e1427: start 5f4f4713-a1cc-4bb1-a761-5c302a8e1427@group-DE7F60803FD5-LeaderStateImpl
2024-01-26 13:21:24,275 [5f4f4713-a1cc-4bb1-a761-5c302a8e1427@group-DE7F60803FD5-LeaderElection58] INFO  server.RaftServer$Division (RaftServerImpl.java:setFirstElection(574)) - 5f4f4713-a1cc-4bb1-a761-5c302a8e1427@group-DE7F60803FD5: set firstElectionSinceStartup to false for becomeLeader
2024-01-26 13:21:24,275 [5f4f4713-a1cc-4bb1-a761-5c302a8e1427@group-DE7F60803FD5-LeaderElection58] INFO  ratis.XceiverServerRatis (XceiverServerRatis.java:handleLeaderChangedNotification(945)) - Leader change notification received for group: group-DE7F60803FD5 with new leaderId: 5f4f4713-a1cc-4bb1-a761-5c302a8e1427
2024-01-26 13:21:24,275 [5f4f4713-a1cc-4bb1-a761-5c302a8e1427@group-DE7F60803FD5-LeaderElection58] INFO  server.RaftServer$Division (ServerState.java:setLeader(269)) - 5f4f4713-a1cc-4bb1-a761-5c302a8e1427@group-DE7F60803FD5: change Leader from null to 5f4f4713-a1cc-4bb1-a761-5c302a8e1427 at term 1 for becomeLeader, leader elected after 5093ms
2024-01-26 13:21:24,275 [5f4f4713-a1cc-4bb1-a761-5c302a8e1427@group-DE7F60803FD5-LeaderElection58] INFO  segmented.SegmentedRaftLogWorker (SegmentedRaftLogWorker.java:startLogSegment(430)) - 5f4f4713-a1cc-4bb1-a761-5c302a8e1427@group-DE7F60803FD5-SegmentedRaftLogWorker: Starting segment from index:0
2024-01-26 13:21:24,276 [5f4f4713-a1cc-4bb1-a761-5c302a8e1427@group-DE7F60803FD5-LeaderElection58] INFO  server.RaftServer$Division (ServerState.java:setRaftConf(386)) - 5f4f4713-a1cc-4bb1-a761-5c302a8e1427@group-DE7F60803FD5: set configuration 0: peers:[5f4f4713-a1cc-4bb1-a761-5c302a8e1427|10.1.0.20:15326]|listeners:[], old=null
2024-01-26 13:21:24,277 [5f4f4713-a1cc-4bb1-a761-5c302a8e1427@group-DE7F60803FD5-SegmentedRaftLogWorker] INFO  segmented.BufferedWriteChannel (BufferedWriteChannel.java:open(62)) - open log_inprogress_0 at position 0
2024-01-26 13:21:24,283 [5f4f4713-a1cc-4bb1-a761-5c302a8e1427@group-DE7F60803FD5-SegmentedRaftLogWorker] INFO  segmented.SegmentedRaftLogWorker (SegmentedRaftLogWorker.java:execute(634)) - 5f4f4713-a1cc-4bb1-a761-5c302a8e1427@group-DE7F60803FD5-SegmentedRaftLogWorker: created new log segment /home/runner/work/ozone/ozone/hadoop-ozone/integration-test/target/test-dir/MiniOzoneClusterImpl-953fd8c5-ac00-44c9-baab-0887e32ba883/datanode-5/data/ratis/5d7097c8-cb87-4897-a133-de7f60803fd5/current/log_inprogress_0
2024-01-26 13:21:24,285 [5f4f4713-a1cc-4bb1-a761-5c302a8e1427@group-DE7F60803FD5-StateMachineUpdater] INFO  server.RaftServer$Division (LeaderStateImpl.java:isApplied(320)) - leader is ready since appliedIndex == 0 >= startIndex == 0
2024-01-26 13:21:24,344 [8e7f399e-f7c5-430e-98c6-d19423f76280@group-DF6E1A3F0A63-FollowerState] INFO  impl.FollowerState (FollowerState.java:run(143)) - 8e7f399e-f7c5-430e-98c6-d19423f76280@group-DF6E1A3F0A63-FollowerState: change to CANDIDATE, lastRpcElapsedTime:5058489676ns, electionTimeout:5058ms
2024-01-26 13:21:24,345 [8e7f399e-f7c5-430e-98c6-d19423f76280@group-DF6E1A3F0A63-FollowerState] INFO  impl.RoleInfo (RoleInfo.java:shutdownFollowerState(110)) - 8e7f399e-f7c5-430e-98c6-d19423f76280: shutdown 8e7f399e-f7c5-430e-98c6-d19423f76280@group-DF6E1A3F0A63-FollowerState
2024-01-26 13:21:24,345 [8e7f399e-f7c5-430e-98c6-d19423f76280@group-DF6E1A3F0A63-FollowerState] INFO  server.RaftServer$Division (RaftServerImpl.java:setRole(383)) - 8e7f399e-f7c5-430e-98c6-d19423f76280@group-DF6E1A3F0A63: changes role from  FOLLOWER to CANDIDATE at term 0 for changeToCandidate
2024-01-26 13:21:24,345 [8e7f399e-f7c5-430e-98c6-d19423f76280@group-DF6E1A3F0A63-FollowerState] INFO  server.RaftServerConfigKeys (ConfUtils.java:logGet(46)) - raft.server.leaderelection.pre-vote = true (default)
2024-01-26 13:21:24,345 [8e7f399e-f7c5-430e-98c6-d19423f76280@group-DF6E1A3F0A63-FollowerState] INFO  impl.RoleInfo (RoleInfo.java:updateAndGet(139)) - 8e7f399e-f7c5-430e-98c6-d19423f76280: start 8e7f399e-f7c5-430e-98c6-d19423f76280@group-DF6E1A3F0A63-LeaderElection59
2024-01-26 13:21:24,346 [8e7f399e-f7c5-430e-98c6-d19423f76280@group-DF6E1A3F0A63-LeaderElection59] INFO  impl.LeaderElection (LeaderElection.java:askForVotes(321)) - 8e7f399e-f7c5-430e-98c6-d19423f76280@group-DF6E1A3F0A63-LeaderElection59 PRE_VOTE round 0: submit vote requests at term 0 for -1: peers:[8e7f399e-f7c5-430e-98c6-d19423f76280|10.1.0.20:15335]|listeners:[], old=null
2024-01-26 13:21:24,346 [8e7f399e-f7c5-430e-98c6-d19423f76280@group-DF6E1A3F0A63-LeaderElection59] INFO  impl.LeaderElection (LeaderElection.java:askForVotes(323)) - 8e7f399e-f7c5-430e-98c6-d19423f76280@group-DF6E1A3F0A63-LeaderElection59 PRE_VOTE round 0: result PASSED (term=0)
2024-01-26 13:21:24,348 [8e7f399e-f7c5-430e-98c6-d19423f76280@group-DF6E1A3F0A63-LeaderElection59] INFO  impl.LeaderElection (LeaderElection.java:askForVotes(321)) - 8e7f399e-f7c5-430e-98c6-d19423f76280@group-DF6E1A3F0A63-LeaderElection59 ELECTION round 0: submit vote requests at term 1 for -1: peers:[8e7f399e-f7c5-430e-98c6-d19423f76280|10.1.0.20:15335]|listeners:[], old=null
2024-01-26 13:21:24,348 [8e7f399e-f7c5-430e-98c6-d19423f76280@group-DF6E1A3F0A63-LeaderElection59] INFO  impl.LeaderElection (LeaderElection.java:askForVotes(323)) - 8e7f399e-f7c5-430e-98c6-d19423f76280@group-DF6E1A3F0A63-LeaderElection59 ELECTION round 0: result PASSED (term=1)
2024-01-26 13:21:24,348 [8e7f399e-f7c5-430e-98c6-d19423f76280@group-DF6E1A3F0A63-LeaderElection59] INFO  impl.RoleInfo (RoleInfo.java:shutdownLeaderElection(130)) - 8e7f399e-f7c5-430e-98c6-d19423f76280: shutdown 8e7f399e-f7c5-430e-98c6-d19423f76280@group-DF6E1A3F0A63-LeaderElection59
2024-01-26 13:21:24,348 [8e7f399e-f7c5-430e-98c6-d19423f76280@group-DF6E1A3F0A63-LeaderElection59] INFO  server.RaftServer$Division (RaftServerImpl.java:setRole(383)) - 8e7f399e-f7c5-430e-98c6-d19423f76280@group-DF6E1A3F0A63: changes role from CANDIDATE to LEADER at term 1 for changeToLeader
2024-01-26 13:21:24,348 [8e7f399e-f7c5-430e-98c6-d19423f76280@group-DF6E1A3F0A63-LeaderElection59] INFO  server.RaftServerConfigKeys (ConfUtils.java:logGet(46)) - raft.server.staging.catchup.gap = 1000 (default)
2024-01-26 13:21:24,349 [8e7f399e-f7c5-430e-98c6-d19423f76280@group-DF6E1A3F0A63-LeaderElection59] INFO  server.RaftServerConfigKeys (ConfUtils.java:logGet(46)) - raft.server.write.element-limit = 1024 (custom)
2024-01-26 13:21:24,349 [8e7f399e-f7c5-430e-98c6-d19423f76280@group-DF6E1A3F0A63-LeaderElection59] INFO  server.RaftServerConfigKeys (ConfUtils.java:logGet(46)) - raft.server.write.byte-limit = 1024 M (=1073741824) (custom)
2024-01-26 13:21:24,349 [8e7f399e-f7c5-430e-98c6-d19423f76280@group-DF6E1A3F0A63-LeaderElection59] INFO  server.RaftServerConfigKeys (ConfUtils.java:logGet(46)) - raft.server.watch.timeout = 3000ms (custom)
2024-01-26 13:21:24,349 [8e7f399e-f7c5-430e-98c6-d19423f76280@group-DF6E1A3F0A63-LeaderElection59] INFO  server.RaftServerConfigKeys (ConfUtils.java:logGet(46)) - raft.server.watch.timeout.denomination = 1s (default)
2024-01-26 13:21:24,349 [8e7f399e-f7c5-430e-98c6-d19423f76280@group-DF6E1A3F0A63-LeaderElection59] INFO  server.RaftServerConfigKeys (ConfUtils.java:logGet(46)) - raft.server.watch.element-limit = 65536 (default)
2024-01-26 13:21:24,349 [8e7f399e-f7c5-430e-98c6-d19423f76280@group-DF6E1A3F0A63-LeaderElection59] INFO  server.RaftServerConfigKeys (ConfUtils.java:logGet(46)) - raft.server.read.leader.lease.enabled = false (default)
2024-01-26 13:21:24,349 [8e7f399e-f7c5-430e-98c6-d19423f76280@group-DF6E1A3F0A63-LeaderElection59] INFO  server.RaftServerConfigKeys (ConfUtils.java:logGet(46)) - raft.server.read.leader.lease.timeout.ratio = 0.9 (default)
2024-01-26 13:21:24,349 [8e7f399e-f7c5-430e-98c6-d19423f76280@group-DF6E1A3F0A63-LeaderElection59] INFO  server.RaftServerConfigKeys (ConfUtils.java:logGet(46)) - raft.server.rpc.timeout.min = 5s (custom)
2024-01-26 13:21:24,349 [8e7f399e-f7c5-430e-98c6-d19423f76280@group-DF6E1A3F0A63-LeaderElection59] INFO  server.RaftServerConfigKeys (ConfUtils.java:logGet(46)) - raft.server.write.element-limit = 1024 (custom)
2024-01-26 13:21:24,349 [8e7f399e-f7c5-430e-98c6-d19423f76280@group-DF6E1A3F0A63-LeaderElection59] INFO  server.RaftServerConfigKeys (ConfUtils.java:logGet(46)) - raft.server.write.follower.gap.ratio.max = -1.0 (default)
2024-01-26 13:21:24,349 [8e7f399e-f7c5-430e-98c6-d19423f76280@group-DF6E1A3F0A63-LeaderElection59] INFO  impl.RoleInfo (RoleInfo.java:updateAndGet(139)) - 8e7f399e-f7c5-430e-98c6-d19423f76280: start 8e7f399e-f7c5-430e-98c6-d19423f76280@group-DF6E1A3F0A63-LeaderStateImpl
2024-01-26 13:21:24,349 [8e7f399e-f7c5-430e-98c6-d19423f76280@group-DF6E1A3F0A63-LeaderElection59] INFO  server.RaftServer$Division (RaftServerImpl.java:setFirstElection(574)) - 8e7f399e-f7c5-430e-98c6-d19423f76280@group-DF6E1A3F0A63: set firstElectionSinceStartup to false for becomeLeader
2024-01-26 13:21:24,349 [8e7f399e-f7c5-430e-98c6-d19423f76280@group-DF6E1A3F0A63-LeaderElection59] INFO  ratis.XceiverServerRatis (XceiverServerRatis.java:handleLeaderChangedNotification(945)) - Leader change notification received for group: group-DF6E1A3F0A63 with new leaderId: 8e7f399e-f7c5-430e-98c6-d19423f76280
2024-01-26 13:21:24,350 [8e7f399e-f7c5-430e-98c6-d19423f76280@group-DF6E1A3F0A63-LeaderElection59] INFO  server.RaftServer$Division (ServerState.java:setLeader(269)) - 8e7f399e-f7c5-430e-98c6-d19423f76280@group-DF6E1A3F0A63: change Leader from null to 8e7f399e-f7c5-430e-98c6-d19423f76280 at term 1 for becomeLeader, leader elected after 5073ms
2024-01-26 13:21:24,351 [8e7f399e-f7c5-430e-98c6-d19423f76280@group-DF6E1A3F0A63-LeaderElection59] INFO  segmented.SegmentedRaftLogWorker (SegmentedRaftLogWorker.java:startLogSegment(430)) - 8e7f399e-f7c5-430e-98c6-d19423f76280@group-DF6E1A3F0A63-SegmentedRaftLogWorker: Starting segment from index:0
2024-01-26 13:21:24,351 [8e7f399e-f7c5-430e-98c6-d19423f76280@group-DF6E1A3F0A63-SegmentedRaftLogWorker] INFO  segmented.BufferedWriteChannel (BufferedWriteChannel.java:open(62)) - open log_inprogress_0 at position 0
2024-01-26 13:21:24,353 [8e7f399e-f7c5-430e-98c6-d19423f76280@group-DF6E1A3F0A63-LeaderElection59] INFO  server.RaftServer$Division (ServerState.java:setRaftConf(386)) - 8e7f399e-f7c5-430e-98c6-d19423f76280@group-DF6E1A3F0A63: set configuration 0: peers:[8e7f399e-f7c5-430e-98c6-d19423f76280|10.1.0.20:15335]|listeners:[], old=null
2024-01-26 13:21:24,358 [8e7f399e-f7c5-430e-98c6-d19423f76280@group-DF6E1A3F0A63-SegmentedRaftLogWorker] INFO  segmented.SegmentedRaftLogWorker (SegmentedRaftLogWorker.java:execute(634)) - 8e7f399e-f7c5-430e-98c6-d19423f76280@group-DF6E1A3F0A63-SegmentedRaftLogWorker: created new log segment /home/runner/work/ozone/ozone/hadoop-ozone/integration-test/target/test-dir/MiniOzoneClusterImpl-953fd8c5-ac00-44c9-baab-0887e32ba883/datanode-6/data/ratis/01b0cf5c-823a-4be4-b2b9-df6e1a3f0a63/current/log_inprogress_0
2024-01-26 13:21:24,360 [8e7f399e-f7c5-430e-98c6-d19423f76280@group-DF6E1A3F0A63-StateMachineUpdater] INFO  server.RaftServer$Division (LeaderStateImpl.java:isApplied(320)) - leader is ready since appliedIndex == 0 >= startIndex == 0
2024-01-26 13:21:24,429 [282c7661-760d-4a20-bf76-23fe8f9b2b08@group-9246EA52D491-FollowerState] INFO  impl.FollowerState (FollowerState.java:run(143)) - 282c7661-760d-4a20-bf76-23fe8f9b2b08@group-9246EA52D491-FollowerState: change to CANDIDATE, lastRpcElapsedTime:5090779298ns, electionTimeout:5088ms
2024-01-26 13:21:24,429 [282c7661-760d-4a20-bf76-23fe8f9b2b08@group-9246EA52D491-FollowerState] INFO  impl.RoleInfo (RoleInfo.java:shutdownFollowerState(110)) - 282c7661-760d-4a20-bf76-23fe8f9b2b08: shutdown 282c7661-760d-4a20-bf76-23fe8f9b2b08@group-9246EA52D491-FollowerState
2024-01-26 13:21:24,429 [282c7661-760d-4a20-bf76-23fe8f9b2b08@group-9246EA52D491-FollowerState] INFO  server.RaftServer$Division (RaftServerImpl.java:setRole(383)) - 282c7661-760d-4a20-bf76-23fe8f9b2b08@group-9246EA52D491: changes role from  FOLLOWER to CANDIDATE at term 0 for changeToCandidate
2024-01-26 13:21:24,429 [282c7661-760d-4a20-bf76-23fe8f9b2b08@group-9246EA52D491-FollowerState] INFO  server.RaftServerConfigKeys (ConfUtils.java:logGet(46)) - raft.server.leaderelection.pre-vote = true (default)
2024-01-26 13:21:24,429 [282c7661-760d-4a20-bf76-23fe8f9b2b08@group-9246EA52D491-FollowerState] INFO  impl.RoleInfo (RoleInfo.java:updateAndGet(139)) - 282c7661-760d-4a20-bf76-23fe8f9b2b08: start 282c7661-760d-4a20-bf76-23fe8f9b2b08@group-9246EA52D491-LeaderElection60
2024-01-26 13:21:24,432 [282c7661-760d-4a20-bf76-23fe8f9b2b08@group-9246EA52D491-LeaderElection60] INFO  impl.LeaderElection (LeaderElection.java:askForVotes(321)) - 282c7661-760d-4a20-bf76-23fe8f9b2b08@group-9246EA52D491-LeaderElection60 PRE_VOTE round 0: submit vote requests at term 0 for -1: peers:[6765ae9a-8790-488a-a655-dfdac73b9f74|10.1.0.20:15353, 282c7661-760d-4a20-bf76-23fe8f9b2b08|10.1.0.20:15344, 8e7f399e-f7c5-430e-98c6-d19423f76280|10.1.0.20:15335]|listeners:[], old=null
2024-01-26 13:21:24,433 [282c7661-760d-4a20-bf76-23fe8f9b2b08@group-9246EA52D491-LeaderElection60] INFO  server.RaftServerConfigKeys (ConfUtils.java:logFallback(53)) - raft.server.rpc.first-election.timeout.min = 5s (fallback to raft.server.rpc.timeout.min)
2024-01-26 13:21:24,433 [282c7661-760d-4a20-bf76-23fe8f9b2b08@group-9246EA52D491-LeaderElection60-2] INFO  server.GrpcServerProtocolClient (GrpcServerProtocolClient.java:<init>(65)) - Build channel for 8e7f399e-f7c5-430e-98c6-d19423f76280|10.1.0.20:15335
2024-01-26 13:21:24,433 [282c7661-760d-4a20-bf76-23fe8f9b2b08@group-9246EA52D491-LeaderElection60-1] INFO  server.GrpcServerProtocolClient (GrpcServerProtocolClient.java:<init>(65)) - Build channel for 6765ae9a-8790-488a-a655-dfdac73b9f74|10.1.0.20:15353
2024-01-26 13:21:24,433 [282c7661-760d-4a20-bf76-23fe8f9b2b08@group-9246EA52D491-LeaderElection60] INFO  server.RaftServerConfigKeys (ConfUtils.java:logFallback(53)) - raft.server.rpc.first-election.timeout.max = 5200ms (fallback to raft.server.rpc.timeout.max)
2024-01-26 13:21:24,437 [grpc-default-executor-4] INFO  server.RaftServer$Division (RaftServerImpl.java:requestVote(1389)) - 8e7f399e-f7c5-430e-98c6-d19423f76280@group-9246EA52D491: receive requestVote(PRE_VOTE, 282c7661-760d-4a20-bf76-23fe8f9b2b08, group-9246EA52D491, 0, (t:0, i:0))
2024-01-26 13:21:24,437 [grpc-default-executor-4] INFO  impl.VoteContext (VoteContext.java:log(49)) - 8e7f399e-f7c5-430e-98c6-d19423f76280@group-9246EA52D491-FOLLOWER: accept PRE_VOTE from 282c7661-760d-4a20-bf76-23fe8f9b2b08: our priority 0 <= candidate's priority 0
2024-01-26 13:21:24,437 [grpc-default-executor-4] INFO  server.RaftServer$Division (RaftServerImpl.java:requestVote(1422)) - 8e7f399e-f7c5-430e-98c6-d19423f76280@group-9246EA52D491 replies to PRE_VOTE vote request: 282c7661-760d-4a20-bf76-23fe8f9b2b08<-8e7f399e-f7c5-430e-98c6-d19423f76280#0:OK-t0. Peer's state: 8e7f399e-f7c5-430e-98c6-d19423f76280@group-9246EA52D491:t0, leader=null, voted=, raftlog=Memoized:8e7f399e-f7c5-430e-98c6-d19423f76280@group-9246EA52D491-SegmentedRaftLog:OPENED:c-1, conf=-1: peers:[6765ae9a-8790-488a-a655-dfdac73b9f74|10.1.0.20:15353, 282c7661-760d-4a20-bf76-23fe8f9b2b08|10.1.0.20:15344, 8e7f399e-f7c5-430e-98c6-d19423f76280|10.1.0.20:15335]|listeners:[], old=null
2024-01-26 13:21:24,437 [grpc-default-executor-2] INFO  server.RaftServer$Division (RaftServerImpl.java:requestVote(1389)) - 6765ae9a-8790-488a-a655-dfdac73b9f74@group-9246EA52D491: receive requestVote(PRE_VOTE, 282c7661-760d-4a20-bf76-23fe8f9b2b08, group-9246EA52D491, 0, (t:0, i:0))
2024-01-26 13:21:24,437 [grpc-default-executor-2] INFO  impl.VoteContext (VoteContext.java:log(49)) - 6765ae9a-8790-488a-a655-dfdac73b9f74@group-9246EA52D491-FOLLOWER: reject PRE_VOTE from 282c7661-760d-4a20-bf76-23fe8f9b2b08: our priority 1 > candidate's priority 0
2024-01-26 13:21:24,438 [grpc-default-executor-2] INFO  server.RaftServer$Division (RaftServerImpl.java:requestVote(1422)) - 6765ae9a-8790-488a-a655-dfdac73b9f74@group-9246EA52D491 replies to PRE_VOTE vote request: 282c7661-760d-4a20-bf76-23fe8f9b2b08<-6765ae9a-8790-488a-a655-dfdac73b9f74#0:FAIL-t0. Peer's state: 6765ae9a-8790-488a-a655-dfdac73b9f74@group-9246EA52D491:t0, leader=null, voted=, raftlog=Memoized:6765ae9a-8790-488a-a655-dfdac73b9f74@group-9246EA52D491-SegmentedRaftLog:OPENED:c-1, conf=-1: peers:[6765ae9a-8790-488a-a655-dfdac73b9f74|10.1.0.20:15353, 282c7661-760d-4a20-bf76-23fe8f9b2b08|10.1.0.20:15344, 8e7f399e-f7c5-430e-98c6-d19423f76280|10.1.0.20:15335]|listeners:[], old=null
2024-01-26 13:21:24,440 [282c7661-760d-4a20-bf76-23fe8f9b2b08@group-9246EA52D491-LeaderElection60] INFO  impl.LeaderElection (LeaderElection.java:logAndReturn(89)) - 282c7661-760d-4a20-bf76-23fe8f9b2b08@group-9246EA52D491-LeaderElection60: PRE_VOTE REJECTED received 2 response(s) and 0 exception(s):
2024-01-26 13:21:24,440 [282c7661-760d-4a20-bf76-23fe8f9b2b08@group-9246EA52D491-LeaderElection60] INFO  impl.LeaderElection (LeaderElection.java:logAndReturn(93)) -   Response 0: 282c7661-760d-4a20-bf76-23fe8f9b2b08<-6765ae9a-8790-488a-a655-dfdac73b9f74#0:FAIL-t0
2024-01-26 13:21:24,440 [282c7661-760d-4a20-bf76-23fe8f9b2b08@group-9246EA52D491-LeaderElection60] INFO  impl.LeaderElection (LeaderElection.java:logAndReturn(93)) -   Response 1: 282c7661-760d-4a20-bf76-23fe8f9b2b08<-8e7f399e-f7c5-430e-98c6-d19423f76280#0:OK-t0
2024-01-26 13:21:24,440 [282c7661-760d-4a20-bf76-23fe8f9b2b08@group-9246EA52D491-LeaderElection60] INFO  impl.LeaderElection (LeaderElection.java:askForVotes(323)) - 282c7661-760d-4a20-bf76-23fe8f9b2b08@group-9246EA52D491-LeaderElection60 PRE_VOTE round 0: result REJECTED
2024-01-26 13:21:24,440 [282c7661-760d-4a20-bf76-23fe8f9b2b08@group-9246EA52D491-LeaderElection60] INFO  server.RaftServer$Division (RaftServerImpl.java:setRole(383)) - 282c7661-760d-4a20-bf76-23fe8f9b2b08@group-9246EA52D491: changes role from CANDIDATE to FOLLOWER at term 0 for REJECTED
2024-01-26 13:21:24,440 [282c7661-760d-4a20-bf76-23fe8f9b2b08@group-9246EA52D491-LeaderElection60] INFO  impl.RoleInfo (RoleInfo.java:shutdownLeaderElection(130)) - 282c7661-760d-4a20-bf76-23fe8f9b2b08: shutdown 282c7661-760d-4a20-bf76-23fe8f9b2b08@group-9246EA52D491-LeaderElection60
2024-01-26 13:21:24,440 [282c7661-760d-4a20-bf76-23fe8f9b2b08@group-9246EA52D491-LeaderElection60] INFO  impl.RoleInfo (RoleInfo.java:updateAndGet(139)) - 282c7661-760d-4a20-bf76-23fe8f9b2b08: start 282c7661-760d-4a20-bf76-23fe8f9b2b08@group-9246EA52D491-FollowerState
2024-01-26 13:21:24,440 [282c7661-760d-4a20-bf76-23fe8f9b2b08@group-9246EA52D491-LeaderElection60] INFO  server.RaftServer$Division (RaftServerImpl.java:setFirstElection(574)) - 282c7661-760d-4a20-bf76-23fe8f9b2b08@group-9246EA52D491: set firstElectionSinceStartup to false for REJECTED
2024-01-26 13:21:24,453 [282c7661-760d-4a20-bf76-23fe8f9b2b08@group-AEDAFCAF2672-FollowerState] INFO  impl.FollowerState (FollowerState.java:run(143)) - 282c7661-760d-4a20-bf76-23fe8f9b2b08@group-AEDAFCAF2672-FollowerState: change to CANDIDATE, lastRpcElapsedTime:5074386634ns, electionTimeout:5072ms
2024-01-26 13:21:24,453 [282c7661-760d-4a20-bf76-23fe8f9b2b08@group-AEDAFCAF2672-FollowerState] INFO  impl.RoleInfo (RoleInfo.java:shutdownFollowerState(110)) - 282c7661-760d-4a20-bf76-23fe8f9b2b08: shutdown 282c7661-760d-4a20-bf76-23fe8f9b2b08@group-AEDAFCAF2672-FollowerState
2024-01-26 13:21:24,453 [282c7661-760d-4a20-bf76-23fe8f9b2b08@group-AEDAFCAF2672-FollowerState] INFO  server.RaftServer$Division (RaftServerImpl.java:setRole(383)) - 282c7661-760d-4a20-bf76-23fe8f9b2b08@group-AEDAFCAF2672: changes role from  FOLLOWER to CANDIDATE at term 0 for changeToCandidate
2024-01-26 13:21:24,453 [282c7661-760d-4a20-bf76-23fe8f9b2b08@group-AEDAFCAF2672-FollowerState] INFO  server.RaftServerConfigKeys (ConfUtils.java:logGet(46)) - raft.server.leaderelection.pre-vote = true (default)
2024-01-26 13:21:24,453 [282c7661-760d-4a20-bf76-23fe8f9b2b08@group-AEDAFCAF2672-FollowerState] INFO  impl.RoleInfo (RoleInfo.java:updateAndGet(139)) - 282c7661-760d-4a20-bf76-23fe8f9b2b08: start 282c7661-760d-4a20-bf76-23fe8f9b2b08@group-AEDAFCAF2672-LeaderElection61
2024-01-26 13:21:24,454 [282c7661-760d-4a20-bf76-23fe8f9b2b08@group-AEDAFCAF2672-LeaderElection61] INFO  impl.LeaderElection (LeaderElection.java:askForVotes(321)) - 282c7661-760d-4a20-bf76-23fe8f9b2b08@group-AEDAFCAF2672-LeaderElection61 PRE_VOTE round 0: submit vote requests at term 0 for -1: peers:[282c7661-760d-4a20-bf76-23fe8f9b2b08|10.1.0.20:15344]|listeners:[], old=null
2024-01-26 13:21:24,454 [282c7661-760d-4a20-bf76-23fe8f9b2b08@group-AEDAFCAF2672-LeaderElection61] INFO  impl.LeaderElection (LeaderElection.java:askForVotes(323)) - 282c7661-760d-4a20-bf76-23fe8f9b2b08@group-AEDAFCAF2672-LeaderElection61 PRE_VOTE round 0: result PASSED (term=0)
2024-01-26 13:21:24,455 [282c7661-760d-4a20-bf76-23fe8f9b2b08@group-AEDAFCAF2672-LeaderElection61] INFO  impl.LeaderElection (LeaderElection.java:askForVotes(321)) - 282c7661-760d-4a20-bf76-23fe8f9b2b08@group-AEDAFCAF2672-LeaderElection61 ELECTION round 0: submit vote requests at term 1 for -1: peers:[282c7661-760d-4a20-bf76-23fe8f9b2b08|10.1.0.20:15344]|listeners:[], old=null
2024-01-26 13:21:24,455 [282c7661-760d-4a20-bf76-23fe8f9b2b08@group-AEDAFCAF2672-LeaderElection61] INFO  impl.LeaderElection (LeaderElection.java:askForVotes(323)) - 282c7661-760d-4a20-bf76-23fe8f9b2b08@group-AEDAFCAF2672-LeaderElection61 ELECTION round 0: result PASSED (term=1)
2024-01-26 13:21:24,455 [282c7661-760d-4a20-bf76-23fe8f9b2b08@group-AEDAFCAF2672-LeaderElection61] INFO  impl.RoleInfo (RoleInfo.java:shutdownLeaderElection(130)) - 282c7661-760d-4a20-bf76-23fe8f9b2b08: shutdown 282c7661-760d-4a20-bf76-23fe8f9b2b08@group-AEDAFCAF2672-LeaderElection61
2024-01-26 13:21:24,455 [282c7661-760d-4a20-bf76-23fe8f9b2b08@group-AEDAFCAF2672-LeaderElection61] INFO  server.RaftServer$Division (RaftServerImpl.java:setRole(383)) - 282c7661-760d-4a20-bf76-23fe8f9b2b08@group-AEDAFCAF2672: changes role from CANDIDATE to LEADER at term 1 for changeToLeader
2024-01-26 13:21:24,456 [6765ae9a-8790-488a-a655-dfdac73b9f74@group-9246EA52D491-FollowerState] INFO  impl.FollowerState (FollowerState.java:run(143)) - 6765ae9a-8790-488a-a655-dfdac73b9f74@group-9246EA52D491-FollowerState: change to CANDIDATE, lastRpcElapsedTime:5140069140ns, electionTimeout:5139ms
2024-01-26 13:21:24,456 [6765ae9a-8790-488a-a655-dfdac73b9f74@group-9246EA52D491-FollowerState] INFO  impl.RoleInfo (RoleInfo.java:shutdownFollowerState(110)) - 6765ae9a-8790-488a-a655-dfdac73b9f74: shutdown 6765ae9a-8790-488a-a655-dfdac73b9f74@group-9246EA52D491-FollowerState
2024-01-26 13:21:24,456 [282c7661-760d-4a20-bf76-23fe8f9b2b08@group-AEDAFCAF2672-LeaderElection61] INFO  server.RaftServerConfigKeys (ConfUtils.java:logGet(46)) - raft.server.staging.catchup.gap = 1000 (default)
2024-01-26 13:21:24,456 [6765ae9a-8790-488a-a655-dfdac73b9f74@group-9246EA52D491-FollowerState] INFO  server.RaftServer$Division (RaftServerImpl.java:setRole(383)) - 6765ae9a-8790-488a-a655-dfdac73b9f74@group-9246EA52D491: changes role from  FOLLOWER to CANDIDATE at term 0 for changeToCandidate
2024-01-26 13:21:24,456 [6765ae9a-8790-488a-a655-dfdac73b9f74@group-9246EA52D491-FollowerState] INFO  server.RaftServerConfigKeys (ConfUtils.java:logGet(46)) - raft.server.leaderelection.pre-vote = true (default)
2024-01-26 13:21:24,456 [282c7661-760d-4a20-bf76-23fe8f9b2b08@group-AEDAFCAF2672-LeaderElection61] INFO  server.RaftServerConfigKeys (ConfUtils.java:logGet(46)) - raft.server.write.element-limit = 1024 (custom)
2024-01-26 13:21:24,456 [6765ae9a-8790-488a-a655-dfdac73b9f74@group-9246EA52D491-FollowerState] INFO  impl.RoleInfo (RoleInfo.java:updateAndGet(139)) - 6765ae9a-8790-488a-a655-dfdac73b9f74: start 6765ae9a-8790-488a-a655-dfdac73b9f74@group-9246EA52D491-LeaderElection62
2024-01-26 13:21:24,457 [282c7661-760d-4a20-bf76-23fe8f9b2b08@group-AEDAFCAF2672-LeaderElection61] INFO  server.RaftServerConfigKeys (ConfUtils.java:logGet(46)) - raft.server.write.byte-limit = 1024 M (=1073741824) (custom)
2024-01-26 13:21:24,457 [6765ae9a-8790-488a-a655-dfdac73b9f74@group-9246EA52D491-LeaderElection62] INFO  impl.LeaderElection (LeaderElection.java:askForVotes(321)) - 6765ae9a-8790-488a-a655-dfdac73b9f74@group-9246EA52D491-LeaderElection62 PRE_VOTE round 0: submit vote requests at term 0 for -1: peers:[6765ae9a-8790-488a-a655-dfdac73b9f74|10.1.0.20:15353, 282c7661-760d-4a20-bf76-23fe8f9b2b08|10.1.0.20:15344, 8e7f399e-f7c5-430e-98c6-d19423f76280|10.1.0.20:15335]|listeners:[], old=null
2024-01-26 13:21:24,458 [282c7661-760d-4a20-bf76-23fe8f9b2b08@group-AEDAFCAF2672-LeaderElection61] INFO  server.RaftServerConfigKeys (ConfUtils.java:logGet(46)) - raft.server.watch.timeout = 3000ms (custom)
2024-01-26 13:21:24,458 [282c7661-760d-4a20-bf76-23fe8f9b2b08@group-AEDAFCAF2672-LeaderElection61] INFO  server.RaftServerConfigKeys (ConfUtils.java:logGet(46)) - raft.server.watch.timeout.denomination = 1s (default)
2024-01-26 13:21:24,458 [282c7661-760d-4a20-bf76-23fe8f9b2b08@group-AEDAFCAF2672-LeaderElection61] INFO  server.RaftServerConfigKeys (ConfUtils.java:logGet(46)) - raft.server.watch.element-limit = 65536 (default)
2024-01-26 13:21:24,458 [6765ae9a-8790-488a-a655-dfdac73b9f74@group-9246EA52D491-LeaderElection62-1] INFO  server.GrpcServerProtocolClient (GrpcServerProtocolClient.java:<init>(65)) - Build channel for 282c7661-760d-4a20-bf76-23fe8f9b2b08|10.1.0.20:15344
2024-01-26 13:21:24,458 [282c7661-760d-4a20-bf76-23fe8f9b2b08@group-AEDAFCAF2672-LeaderElection61] INFO  server.RaftServerConfigKeys (ConfUtils.java:logGet(46)) - raft.server.read.leader.lease.enabled = false (default)
2024-01-26 13:21:24,458 [282c7661-760d-4a20-bf76-23fe8f9b2b08@group-AEDAFCAF2672-LeaderElection61] INFO  server.RaftServerConfigKeys (ConfUtils.java:logGet(46)) - raft.server.read.leader.lease.timeout.ratio = 0.9 (default)
2024-01-26 13:21:24,458 [282c7661-760d-4a20-bf76-23fe8f9b2b08@group-AEDAFCAF2672-LeaderElection61] INFO  server.RaftServerConfigKeys (ConfUtils.java:logGet(46)) - raft.server.rpc.timeout.min = 5s (custom)
2024-01-26 13:21:24,458 [282c7661-760d-4a20-bf76-23fe8f9b2b08@group-AEDAFCAF2672-LeaderElection61] INFO  server.RaftServerConfigKeys (ConfUtils.java:logGet(46)) - raft.server.write.element-limit = 1024 (custom)
2024-01-26 13:21:24,458 [282c7661-760d-4a20-bf76-23fe8f9b2b08@group-AEDAFCAF2672-LeaderElection61] INFO  server.RaftServerConfigKeys (ConfUtils.java:logGet(46)) - raft.server.write.follower.gap.ratio.max = -1.0 (default)
2024-01-26 13:21:24,458 [282c7661-760d-4a20-bf76-23fe8f9b2b08@group-AEDAFCAF2672-LeaderElection61] INFO  impl.RoleInfo (RoleInfo.java:updateAndGet(139)) - 282c7661-760d-4a20-bf76-23fe8f9b2b08: start 282c7661-760d-4a20-bf76-23fe8f9b2b08@group-AEDAFCAF2672-LeaderStateImpl
2024-01-26 13:21:24,458 [282c7661-760d-4a20-bf76-23fe8f9b2b08@group-AEDAFCAF2672-LeaderElection61] INFO  server.RaftServer$Division (RaftServerImpl.java:setFirstElection(574)) - 282c7661-760d-4a20-bf76-23fe8f9b2b08@group-AEDAFCAF2672: set firstElectionSinceStartup to false for becomeLeader
2024-01-26 13:21:24,458 [282c7661-760d-4a20-bf76-23fe8f9b2b08@group-AEDAFCAF2672-LeaderElection61] INFO  ratis.XceiverServerRatis (XceiverServerRatis.java:handleLeaderChangedNotification(945)) - Leader change notification received for group: group-AEDAFCAF2672 with new leaderId: 282c7661-760d-4a20-bf76-23fe8f9b2b08
2024-01-26 13:21:24,458 [282c7661-760d-4a20-bf76-23fe8f9b2b08@group-AEDAFCAF2672-LeaderElection61] INFO  server.RaftServer$Division (ServerState.java:setLeader(269)) - 282c7661-760d-4a20-bf76-23fe8f9b2b08@group-AEDAFCAF2672: change Leader from null to 282c7661-760d-4a20-bf76-23fe8f9b2b08 at term 1 for becomeLeader, leader elected after 5092ms
2024-01-26 13:21:24,458 [6765ae9a-8790-488a-a655-dfdac73b9f74@group-9246EA52D491-LeaderElection62-2] INFO  server.GrpcServerProtocolClient (GrpcServerProtocolClient.java:<init>(65)) - Build channel for 8e7f399e-f7c5-430e-98c6-d19423f76280|10.1.0.20:15335
2024-01-26 13:21:24,459 [282c7661-760d-4a20-bf76-23fe8f9b2b08@group-AEDAFCAF2672-LeaderElection61] INFO  segmented.SegmentedRaftLogWorker (SegmentedRaftLogWorker.java:startLogSegment(430)) - 282c7661-760d-4a20-bf76-23fe8f9b2b08@group-AEDAFCAF2672-SegmentedRaftLogWorker: Starting segment from index:0
2024-01-26 13:21:24,458 [6765ae9a-8790-488a-a655-dfdac73b9f74@group-9246EA52D491-LeaderElection62] INFO  server.RaftServerConfigKeys (ConfUtils.java:logFallback(53)) - raft.server.rpc.first-election.timeout.min = 5s (fallback to raft.server.rpc.timeout.min)
2024-01-26 13:21:24,459 [6765ae9a-8790-488a-a655-dfdac73b9f74@group-9246EA52D491-LeaderElection62] INFO  server.RaftServerConfigKeys (ConfUtils.java:logFallback(53)) - raft.server.rpc.first-election.timeout.max = 5200ms (fallback to raft.server.rpc.timeout.max)
2024-01-26 13:21:24,459 [282c7661-760d-4a20-bf76-23fe8f9b2b08@group-AEDAFCAF2672-SegmentedRaftLogWorker] INFO  segmented.BufferedWriteChannel (BufferedWriteChannel.java:open(62)) - open log_inprogress_0 at position 0
2024-01-26 13:21:24,464 [282c7661-760d-4a20-bf76-23fe8f9b2b08@group-AEDAFCAF2672-LeaderElection61] INFO  server.RaftServer$Division (ServerState.java:setRaftConf(386)) - 282c7661-760d-4a20-bf76-23fe8f9b2b08@group-AEDAFCAF2672: set configuration 0: peers:[282c7661-760d-4a20-bf76-23fe8f9b2b08|10.1.0.20:15344]|listeners:[], old=null
2024-01-26 13:21:24,464 [main] INFO  ozone.MiniOzoneClusterImpl (MiniOzoneClusterImpl.java:lambda$waitForClusterToBeReady$0(229)) - Nodes are ready. Got 9 of 9 DN Heartbeats.
2024-01-26 13:21:24,464 [main] INFO  ozone.MiniOzoneClusterImpl (MiniOzoneClusterImpl.java:lambda$waitForClusterToBeReady$0(232)) - Cluster exits safe mode
2024-01-26 13:21:24,464 [main] INFO  ozone.MiniOzoneClusterImpl (MiniOzoneClusterImpl.java:lambda$waitForClusterToBeReady$0(234)) - SCM became leader
2024-01-26 13:21:24,465 [main] INFO  protocolPB.OmTransportFactory (OmTransportFactory.java:createFactory(62)) - Loading OM transport implementation org.apache.hadoop.ozone.om.protocolPB.Hadoop3OmTransportFactory as specified by configuration.
2024-01-26 13:21:24,474 [282c7661-760d-4a20-bf76-23fe8f9b2b08@group-AEDAFCAF2672-SegmentedRaftLogWorker] INFO  segmented.SegmentedRaftLogWorker (SegmentedRaftLogWorker.java:execute(634)) - 282c7661-760d-4a20-bf76-23fe8f9b2b08@group-AEDAFCAF2672-SegmentedRaftLogWorker: created new log segment /home/runner/work/ozone/ozone/hadoop-ozone/integration-test/target/test-dir/MiniOzoneClusterImpl-953fd8c5-ac00-44c9-baab-0887e32ba883/datanode-7/data/ratis/d8a7a786-5738-4bb9-b443-aedafcaf2672/current/log_inprogress_0
2024-01-26 13:21:24,477 [282c7661-760d-4a20-bf76-23fe8f9b2b08@group-AEDAFCAF2672-StateMachineUpdater] INFO  server.RaftServer$Division (LeaderStateImpl.java:isApplied(320)) - leader is ready since appliedIndex == 0 >= startIndex == 0
2024-01-26 13:21:24,478 [grpc-default-executor-2] INFO  server.RaftServer$Division (RaftServerImpl.java:requestVote(1389)) - 282c7661-760d-4a20-bf76-23fe8f9b2b08@group-9246EA52D491: receive requestVote(PRE_VOTE, 6765ae9a-8790-488a-a655-dfdac73b9f74, group-9246EA52D491, 0, (t:0, i:0))
2024-01-26 13:21:24,478 [grpc-default-executor-4] INFO  server.RaftServer$Division (RaftServerImpl.java:requestVote(1389)) - 8e7f399e-f7c5-430e-98c6-d19423f76280@group-9246EA52D491: receive requestVote(PRE_VOTE, 6765ae9a-8790-488a-a655-dfdac73b9f74, group-9246EA52D491, 0, (t:0, i:0))
2024-01-26 13:21:24,478 [grpc-default-executor-2] INFO  impl.VoteContext (VoteContext.java:log(49)) - 282c7661-760d-4a20-bf76-23fe8f9b2b08@group-9246EA52D491-FOLLOWER: accept PRE_VOTE from 6765ae9a-8790-488a-a655-dfdac73b9f74: our priority 0 <= candidate's priority 1
2024-01-26 13:21:24,478 [grpc-default-executor-4] INFO  impl.VoteContext (VoteContext.java:log(49)) - 8e7f399e-f7c5-430e-98c6-d19423f76280@group-9246EA52D491-FOLLOWER: accept PRE_VOTE from 6765ae9a-8790-488a-a655-dfdac73b9f74: our priority 0 <= candidate's priority 1
2024-01-26 13:21:24,478 [grpc-default-executor-2] INFO  server.RaftServer$Division (RaftServerImpl.java:requestVote(1422)) - 282c7661-760d-4a20-bf76-23fe8f9b2b08@group-9246EA52D491 replies to PRE_VOTE vote request: 6765ae9a-8790-488a-a655-dfdac73b9f74<-282c7661-760d-4a20-bf76-23fe8f9b2b08#0:OK-t0. Peer's state: 282c7661-760d-4a20-bf76-23fe8f9b2b08@group-9246EA52D491:t0, leader=null, voted=, raftlog=Memoized:282c7661-760d-4a20-bf76-23fe8f9b2b08@group-9246EA52D491-SegmentedRaftLog:OPENED:c-1, conf=-1: peers:[6765ae9a-8790-488a-a655-dfdac73b9f74|10.1.0.20:15353, 282c7661-760d-4a20-bf76-23fe8f9b2b08|10.1.0.20:15344, 8e7f399e-f7c5-430e-98c6-d19423f76280|10.1.0.20:15335]|listeners:[], old=null
2024-01-26 13:21:24,478 [grpc-default-executor-4] INFO  server.RaftServer$Division (RaftServerImpl.java:requestVote(1422)) - 8e7f399e-f7c5-430e-98c6-d19423f76280@group-9246EA52D491 replies to PRE_VOTE vote request: 6765ae9a-8790-488a-a655-dfdac73b9f74<-8e7f399e-f7c5-430e-98c6-d19423f76280#0:OK-t0. Peer's state: 8e7f399e-f7c5-430e-98c6-d19423f76280@group-9246EA52D491:t0, leader=null, voted=, raftlog=Memoized:8e7f399e-f7c5-430e-98c6-d19423f76280@group-9246EA52D491-SegmentedRaftLog:OPENED:c-1, conf=-1: peers:[6765ae9a-8790-488a-a655-dfdac73b9f74|10.1.0.20:15353, 282c7661-760d-4a20-bf76-23fe8f9b2b08|10.1.0.20:15344, 8e7f399e-f7c5-430e-98c6-d19423f76280|10.1.0.20:15335]|listeners:[], old=null
2024-01-26 13:21:24,480 [6765ae9a-8790-488a-a655-dfdac73b9f74@group-9246EA52D491-LeaderElection62] INFO  impl.LeaderElection (LeaderElection.java:logAndReturn(89)) - 6765ae9a-8790-488a-a655-dfdac73b9f74@group-9246EA52D491-LeaderElection62: PRE_VOTE PASSED received 1 response(s) and 0 exception(s):
2024-01-26 13:21:24,480 [6765ae9a-8790-488a-a655-dfdac73b9f74@group-9246EA52D491-LeaderElection62] INFO  impl.LeaderElection (LeaderElection.java:logAndReturn(93)) -   Response 0: 6765ae9a-8790-488a-a655-dfdac73b9f74<-8e7f399e-f7c5-430e-98c6-d19423f76280#0:OK-t0
2024-01-26 13:21:24,480 [6765ae9a-8790-488a-a655-dfdac73b9f74@group-9246EA52D491-LeaderElection62] INFO  impl.LeaderElection (LeaderElection.java:askForVotes(323)) - 6765ae9a-8790-488a-a655-dfdac73b9f74@group-9246EA52D491-LeaderElection62 PRE_VOTE round 0: result PASSED
2024-01-26 13:21:24,481 [6765ae9a-8790-488a-a655-dfdac73b9f74@group-9246EA52D491-LeaderElection62] INFO  impl.LeaderElection (LeaderElection.java:askForVotes(321)) - 6765ae9a-8790-488a-a655-dfdac73b9f74@group-9246EA52D491-LeaderElection62 ELECTION round 0: submit vote requests at term 1 for -1: peers:[6765ae9a-8790-488a-a655-dfdac73b9f74|10.1.0.20:15353, 282c7661-760d-4a20-bf76-23fe8f9b2b08|10.1.0.20:15344, 8e7f399e-f7c5-430e-98c6-d19423f76280|10.1.0.20:15335]|listeners:[], old=null
2024-01-26 13:21:24,482 [main] INFO  rpc.RpcClient (RpcClient.java:createVolume(456)) - Creating Volume: watchforcommithandlingtest, with runner as owner and space quota set to -1 bytes, counts quota set to -1
2024-01-26 13:21:24,482 [6765ae9a-8790-488a-a655-dfdac73b9f74@group-9246EA52D491-LeaderElection62] INFO  server.RaftServerConfigKeys (ConfUtils.java:logFallback(53)) - raft.server.rpc.first-election.timeout.min = 5s (fallback to raft.server.rpc.timeout.min)
2024-01-26 13:21:24,483 [6765ae9a-8790-488a-a655-dfdac73b9f74@group-9246EA52D491-LeaderElection62] INFO  server.RaftServerConfigKeys (ConfUtils.java:logFallback(53)) - raft.server.rpc.first-election.timeout.max = 5200ms (fallback to raft.server.rpc.timeout.max)
2024-01-26 13:21:24,483 [grpc-default-executor-2] INFO  server.RaftServer$Division (RaftServerImpl.java:requestVote(1389)) - 282c7661-760d-4a20-bf76-23fe8f9b2b08@group-9246EA52D491: receive requestVote(ELECTION, 6765ae9a-8790-488a-a655-dfdac73b9f74, group-9246EA52D491, 1, (t:0, i:0))
2024-01-26 13:21:24,483 [grpc-default-executor-2] INFO  impl.VoteContext (VoteContext.java:log(49)) - 282c7661-760d-4a20-bf76-23fe8f9b2b08@group-9246EA52D491-FOLLOWER: accept ELECTION from 6765ae9a-8790-488a-a655-dfdac73b9f74: our priority 0 <= candidate's priority 1
2024-01-26 13:21:24,483 [grpc-default-executor-2] INFO  server.RaftServer$Division (RaftServerImpl.java:setRole(383)) - 282c7661-760d-4a20-bf76-23fe8f9b2b08@group-9246EA52D491: changes role from  FOLLOWER to FOLLOWER at term 1 for candidate:6765ae9a-8790-488a-a655-dfdac73b9f74
2024-01-26 13:21:24,483 [grpc-default-executor-2] INFO  impl.RoleInfo (RoleInfo.java:shutdownFollowerState(110)) - 282c7661-760d-4a20-bf76-23fe8f9b2b08: shutdown 282c7661-760d-4a20-bf76-23fe8f9b2b08@group-9246EA52D491-FollowerState
2024-01-26 13:21:24,483 [grpc-default-executor-2] INFO  impl.RoleInfo (RoleInfo.java:updateAndGet(139)) - 282c7661-760d-4a20-bf76-23fe8f9b2b08: start 282c7661-760d-4a20-bf76-23fe8f9b2b08@group-9246EA52D491-FollowerState
2024-01-26 13:21:24,485 [282c7661-760d-4a20-bf76-23fe8f9b2b08@group-9246EA52D491-FollowerState] INFO  impl.FollowerState (FollowerState.java:run(152)) - 282c7661-760d-4a20-bf76-23fe8f9b2b08@group-9246EA52D491-FollowerState was interrupted
2024-01-26 13:21:24,489 [grpc-default-executor-4] INFO  server.RaftServer$Division (RaftServerImpl.java:requestVote(1389)) - 8e7f399e-f7c5-430e-98c6-d19423f76280@group-9246EA52D491: receive requestVote(ELECTION, 6765ae9a-8790-488a-a655-dfdac73b9f74, group-9246EA52D491, 1, (t:0, i:0))
2024-01-26 13:21:24,490 [grpc-default-executor-4] INFO  impl.VoteContext (VoteContext.java:log(49)) - 8e7f399e-f7c5-430e-98c6-d19423f76280@group-9246EA52D491-FOLLOWER: accept ELECTION from 6765ae9a-8790-488a-a655-dfdac73b9f74: our priority 0 <= candidate's priority 1
2024-01-26 13:21:24,490 [grpc-default-executor-4] INFO  server.RaftServer$Division (RaftServerImpl.java:setRole(383)) - 8e7f399e-f7c5-430e-98c6-d19423f76280@group-9246EA52D491: changes role from  FOLLOWER to FOLLOWER at term 1 for candidate:6765ae9a-8790-488a-a655-dfdac73b9f74
2024-01-26 13:21:24,491 [grpc-default-executor-4] INFO  impl.RoleInfo (RoleInfo.java:shutdownFollowerState(110)) - 8e7f399e-f7c5-430e-98c6-d19423f76280: shutdown 8e7f399e-f7c5-430e-98c6-d19423f76280@group-9246EA52D491-FollowerState
2024-01-26 13:21:24,491 [grpc-default-executor-4] INFO  impl.RoleInfo (RoleInfo.java:updateAndGet(139)) - 8e7f399e-f7c5-430e-98c6-d19423f76280: start 8e7f399e-f7c5-430e-98c6-d19423f76280@group-9246EA52D491-FollowerState
2024-01-26 13:21:24,491 [8e7f399e-f7c5-430e-98c6-d19423f76280@group-9246EA52D491-FollowerState] INFO  impl.FollowerState (FollowerState.java:run(152)) - 8e7f399e-f7c5-430e-98c6-d19423f76280@group-9246EA52D491-FollowerState was interrupted
2024-01-26 13:21:24,491 [grpc-default-executor-2] INFO  server.RaftServer$Division (RaftServerImpl.java:requestVote(1422)) - 282c7661-760d-4a20-bf76-23fe8f9b2b08@group-9246EA52D491 replies to ELECTION vote request: 6765ae9a-8790-488a-a655-dfdac73b9f74<-282c7661-760d-4a20-bf76-23fe8f9b2b08#0:OK-t1. Peer's state: 282c7661-760d-4a20-bf76-23fe8f9b2b08@group-9246EA52D491:t1, leader=null, voted=6765ae9a-8790-488a-a655-dfdac73b9f74, raftlog=Memoized:282c7661-760d-4a20-bf76-23fe8f9b2b08@group-9246EA52D491-SegmentedRaftLog:OPENED:c-1, conf=-1: peers:[6765ae9a-8790-488a-a655-dfdac73b9f74|10.1.0.20:15353, 282c7661-760d-4a20-bf76-23fe8f9b2b08|10.1.0.20:15344, 8e7f399e-f7c5-430e-98c6-d19423f76280|10.1.0.20:15335]|listeners:[], old=null
2024-01-26 13:21:24,491 [grpc-default-executor-4] INFO  server.RaftServer$Division (RaftServerImpl.java:setFirstElection(574)) - 8e7f399e-f7c5-430e-98c6-d19423f76280@group-9246EA52D491: set firstElectionSinceStartup to false for candidate:6765ae9a-8790-488a-a655-dfdac73b9f74
2024-01-26 13:21:24,492 [6765ae9a-8790-488a-a655-dfdac73b9f74@group-9246EA52D491-LeaderElection62] INFO  impl.LeaderElection (LeaderElection.java:logAndReturn(89)) - 6765ae9a-8790-488a-a655-dfdac73b9f74@group-9246EA52D491-LeaderElection62: ELECTION PASSED received 1 response(s) and 0 exception(s):
2024-01-26 13:21:24,492 [6765ae9a-8790-488a-a655-dfdac73b9f74@group-9246EA52D491-LeaderElection62] INFO  impl.LeaderElection (LeaderElection.java:logAndReturn(93)) -   Response 0: 6765ae9a-8790-488a-a655-dfdac73b9f74<-282c7661-760d-4a20-bf76-23fe8f9b2b08#0:OK-t1
2024-01-26 13:21:24,493 [6765ae9a-8790-488a-a655-dfdac73b9f74@group-9246EA52D491-LeaderElection62] INFO  impl.LeaderElection (LeaderElection.java:askForVotes(323)) - 6765ae9a-8790-488a-a655-dfdac73b9f74@group-9246EA52D491-LeaderElection62 ELECTION round 0: result PASSED
2024-01-26 13:21:24,493 [6765ae9a-8790-488a-a655-dfdac73b9f74@group-9246EA52D491-LeaderElection62] INFO  impl.RoleInfo (RoleInfo.java:shutdownLeaderElection(130)) - 6765ae9a-8790-488a-a655-dfdac73b9f74: shutdown 6765ae9a-8790-488a-a655-dfdac73b9f74@group-9246EA52D491-LeaderElection62
2024-01-26 13:21:24,493 [6765ae9a-8790-488a-a655-dfdac73b9f74@group-9246EA52D491-LeaderElection62] INFO  server.RaftServer$Division (RaftServerImpl.java:setRole(383)) - 6765ae9a-8790-488a-a655-dfdac73b9f74@group-9246EA52D491: changes role from CANDIDATE to LEADER at term 1 for changeToLeader
2024-01-26 13:21:24,493 [6765ae9a-8790-488a-a655-dfdac73b9f74@group-9246EA52D491-LeaderElection62] INFO  server.RaftServerConfigKeys (ConfUtils.java:logGet(46)) - raft.server.staging.catchup.gap = 1000 (default)
2024-01-26 13:21:24,493 [6765ae9a-8790-488a-a655-dfdac73b9f74@group-9246EA52D491-LeaderElection62] INFO  server.RaftServerConfigKeys (ConfUtils.java:logGet(46)) - raft.server.write.element-limit = 1024 (custom)
2024-01-26 13:21:24,493 [6765ae9a-8790-488a-a655-dfdac73b9f74@group-9246EA52D491-LeaderElection62] INFO  server.RaftServerConfigKeys (ConfUtils.java:logGet(46)) - raft.server.write.byte-limit = 1024 M (=1073741824) (custom)
2024-01-26 13:21:24,493 [6765ae9a-8790-488a-a655-dfdac73b9f74@group-9246EA52D491-LeaderElection62] INFO  server.RaftServerConfigKeys (ConfUtils.java:logGet(46)) - raft.server.watch.timeout = 3000ms (custom)
2024-01-26 13:21:24,493 [6765ae9a-8790-488a-a655-dfdac73b9f74@group-9246EA52D491-LeaderElection62] INFO  server.RaftServerConfigKeys (ConfUtils.java:logGet(46)) - raft.server.watch.timeout.denomination = 1s (default)
2024-01-26 13:21:24,493 [6765ae9a-8790-488a-a655-dfdac73b9f74@group-9246EA52D491-LeaderElection62] INFO  server.RaftServerConfigKeys (ConfUtils.java:logGet(46)) - raft.server.watch.element-limit = 65536 (default)
2024-01-26 13:21:24,493 [6765ae9a-8790-488a-a655-dfdac73b9f74@group-9246EA52D491-LeaderElection62] INFO  server.RaftServerConfigKeys (ConfUtils.java:logGet(46)) - raft.server.read.leader.lease.enabled = false (default)
2024-01-26 13:21:24,494 [6765ae9a-8790-488a-a655-dfdac73b9f74@group-9246EA52D491-LeaderElection62] INFO  server.RaftServerConfigKeys (ConfUtils.java:logGet(46)) - raft.server.read.leader.lease.timeout.ratio = 0.9 (default)
2024-01-26 13:21:24,494 [om1-OMStateMachineApplyTransactionThread - 0] INFO  volume.OMVolumeCreateRequest (OMVolumeCreateRequest.java:validateAndUpdateCache(198)) - created volume:watchforcommithandlingtest for user:runner
2024-01-26 13:21:24,494 [6765ae9a-8790-488a-a655-dfdac73b9f74@group-9246EA52D491-LeaderElection62] INFO  server.RaftServerConfigKeys (ConfUtils.java:logGet(46)) - raft.server.rpc.timeout.min = 5s (custom)
2024-01-26 13:21:24,494 [6765ae9a-8790-488a-a655-dfdac73b9f74@group-9246EA52D491-LeaderElection62] INFO  server.RaftServerConfigKeys (ConfUtils.java:logGet(46)) - raft.server.write.element-limit = 1024 (custom)
2024-01-26 13:21:24,495 [grpc-default-executor-4] INFO  server.RaftServer$Division (RaftServerImpl.java:requestVote(1422)) - 8e7f399e-f7c5-430e-98c6-d19423f76280@group-9246EA52D491 replies to ELECTION vote request: 6765ae9a-8790-488a-a655-dfdac73b9f74<-8e7f399e-f7c5-430e-98c6-d19423f76280#0:OK-t1. Peer's state: 8e7f399e-f7c5-430e-98c6-d19423f76280@group-9246EA52D491:t1, leader=null, voted=6765ae9a-8790-488a-a655-dfdac73b9f74, raftlog=Memoized:8e7f399e-f7c5-430e-98c6-d19423f76280@group-9246EA52D491-SegmentedRaftLog:OPENED:c-1, conf=-1: peers:[6765ae9a-8790-488a-a655-dfdac73b9f74|10.1.0.20:15353, 282c7661-760d-4a20-bf76-23fe8f9b2b08|10.1.0.20:15344, 8e7f399e-f7c5-430e-98c6-d19423f76280|10.1.0.20:15335]|listeners:[], old=null
2024-01-26 13:21:24,495 [6765ae9a-8790-488a-a655-dfdac73b9f74@group-9246EA52D491-LeaderElection62] INFO  server.RaftServerConfigKeys (ConfUtils.java:logGet(46)) - raft.server.write.follower.gap.ratio.max = -1.0 (default)
2024-01-26 13:21:24,495 [6765ae9a-8790-488a-a655-dfdac73b9f74@group-9246EA52D491-LeaderElection62] INFO  server.RaftServerConfigKeys (ConfUtils.java:logGet(46)) - raft.server.log.appender.snapshot.chunk.size.max = 16MB (=16777216) (default)
2024-01-26 13:21:24,495 [6765ae9a-8790-488a-a655-dfdac73b9f74@group-9246EA52D491-LeaderElection62] INFO  server.RaftServerConfigKeys (ConfUtils.java:logGet(46)) - raft.server.log.appender.buffer.byte-limit = 8388608 (custom)
2024-01-26 13:21:24,495 [6765ae9a-8790-488a-a655-dfdac73b9f74@group-9246EA52D491-LeaderElection62] INFO  server.RaftServerConfigKeys (ConfUtils.java:logGet(46)) - raft.server.log.appender.buffer.element-limit = 1 (custom)
2024-01-26 13:21:24,496 [6765ae9a-8790-488a-a655-dfdac73b9f74@group-9246EA52D491-LeaderElection62] INFO  server.RaftServerConfigKeys (ConfUtils.java:logGet(46)) - raft.server.log.appender.wait-time.min = 0ms (custom)
2024-01-26 13:21:24,496 [6765ae9a-8790-488a-a655-dfdac73b9f74@group-9246EA52D491-LeaderElection62] INFO  grpc.GrpcConfigKeys (ConfUtils.java:logGet(46)) - raft.grpc.server.leader.outstanding.appends.max = 8 (default)
2024-01-26 13:21:24,496 [6765ae9a-8790-488a-a655-dfdac73b9f74@group-9246EA52D491-LeaderElection62] INFO  server.RaftServerConfigKeys (ConfUtils.java:logGet(46)) - raft.server.rpc.request.timeout = 3000ms (default)
2024-01-26 13:21:24,496 [6765ae9a-8790-488a-a655-dfdac73b9f74@group-9246EA52D491-LeaderElection62] INFO  grpc.GrpcConfigKeys (ConfUtils.java:logGet(46)) - raft.grpc.server.install_snapshot.request.element-limit = 8 (default)
2024-01-26 13:21:24,496 [6765ae9a-8790-488a-a655-dfdac73b9f74@group-9246EA52D491-LeaderElection62] INFO  grpc.GrpcConfigKeys (ConfUtils.java:logGet(46)) - raft.grpc.server.install_snapshot.request.timeout = 3000ms (default)
2024-01-26 13:21:24,496 [6765ae9a-8790-488a-a655-dfdac73b9f74@group-9246EA52D491-LeaderElection62] INFO  grpc.GrpcConfigKeys (ConfUtils.java:logGet(46)) - raft.grpc.server.log-message.batch.duration = 5s (default)
2024-01-26 13:21:24,496 [6765ae9a-8790-488a-a655-dfdac73b9f74@group-9246EA52D491-LeaderElection62] INFO  server.RaftServerConfigKeys (ConfUtils.java:logGet(46)) - raft.server.log.appender.install.snapshot.enabled = false (custom)
2024-01-26 13:21:24,496 [6765ae9a-8790-488a-a655-dfdac73b9f74@group-9246EA52D491-LeaderElection62] INFO  grpc.GrpcConfigKeys (ConfUtils.java:logGet(46)) - raft.grpc.server.heartbeat.channel = true (default)
2024-01-26 13:21:24,497 [6765ae9a-8790-488a-a655-dfdac73b9f74@group-9246EA52D491-LeaderElection62] INFO  server.RaftServerConfigKeys (ConfUtils.java:logGet(46)) - raft.server.log.appender.snapshot.chunk.size.max = 16MB (=16777216) (default)
2024-01-26 13:21:24,497 [6765ae9a-8790-488a-a655-dfdac73b9f74@group-9246EA52D491-LeaderElection62] INFO  server.RaftServerConfigKeys (ConfUtils.java:logGet(46)) - raft.server.log.appender.buffer.byte-limit = 8388608 (custom)
2024-01-26 13:21:24,497 [6765ae9a-8790-488a-a655-dfdac73b9f74@group-9246EA52D491-LeaderElection62] INFO  server.RaftServerConfigKeys (ConfUtils.java:logGet(46)) - raft.server.log.appender.buffer.element-limit = 1 (custom)
2024-01-26 13:21:24,497 [6765ae9a-8790-488a-a655-dfdac73b9f74@group-9246EA52D491-LeaderElection62] INFO  server.RaftServerConfigKeys (ConfUtils.java:logGet(46)) - raft.server.log.appender.wait-time.min = 0ms (custom)
2024-01-26 13:21:24,497 [6765ae9a-8790-488a-a655-dfdac73b9f74@group-9246EA52D491-LeaderElection62] INFO  grpc.GrpcConfigKeys (ConfUtils.java:logGet(46)) - raft.grpc.server.leader.outstanding.appends.max = 8 (default)
2024-01-26 13:21:24,497 [6765ae9a-8790-488a-a655-dfdac73b9f74@group-9246EA52D491-LeaderElection62] INFO  server.RaftServerConfigKeys (ConfUtils.java:logGet(46)) - raft.server.rpc.request.timeout = 3000ms (default)
2024-01-26 13:21:24,498 [6765ae9a-8790-488a-a655-dfdac73b9f74@group-9246EA52D491-LeaderElection62] INFO  grpc.GrpcConfigKeys (ConfUtils.java:logGet(46)) - raft.grpc.server.install_snapshot.request.element-limit = 8 (default)
2024-01-26 13:21:24,498 [6765ae9a-8790-488a-a655-dfdac73b9f74@group-9246EA52D491-LeaderElection62] INFO  grpc.GrpcConfigKeys (ConfUtils.java:logGet(46)) - raft.grpc.server.install_snapshot.request.timeout = 3000ms (default)
2024-01-26 13:21:24,498 [6765ae9a-8790-488a-a655-dfdac73b9f74@group-9246EA52D491-LeaderElection62] INFO  grpc.GrpcConfigKeys (ConfUtils.java:logGet(46)) - raft.grpc.server.log-message.batch.duration = 5s (default)
2024-01-26 13:21:24,498 [6765ae9a-8790-488a-a655-dfdac73b9f74@group-9246EA52D491-LeaderElection62] INFO  server.RaftServerConfigKeys (ConfUtils.java:logGet(46)) - raft.server.log.appender.install.snapshot.enabled = false (custom)
2024-01-26 13:21:24,498 [6765ae9a-8790-488a-a655-dfdac73b9f74@group-9246EA52D491-LeaderElection62] INFO  grpc.GrpcConfigKeys (ConfUtils.java:logGet(46)) - raft.grpc.server.heartbeat.channel = true (default)
2024-01-26 13:21:24,498 [6765ae9a-8790-488a-a655-dfdac73b9f74@group-9246EA52D491-LeaderElection62] INFO  impl.RoleInfo (RoleInfo.java:updateAndGet(139)) - 6765ae9a-8790-488a-a655-dfdac73b9f74: start 6765ae9a-8790-488a-a655-dfdac73b9f74@group-9246EA52D491-LeaderStateImpl
2024-01-26 13:21:24,498 [6765ae9a-8790-488a-a655-dfdac73b9f74@group-9246EA52D491-LeaderElection62] INFO  server.RaftServer$Division (RaftServerImpl.java:setFirstElection(574)) - 6765ae9a-8790-488a-a655-dfdac73b9f74@group-9246EA52D491: set firstElectionSinceStartup to false for becomeLeader
2024-01-26 13:21:24,498 [6765ae9a-8790-488a-a655-dfdac73b9f74@group-9246EA52D491-LeaderElection62] INFO  ratis.XceiverServerRatis (XceiverServerRatis.java:handleLeaderChangedNotification(945)) - Leader change notification received for group: group-9246EA52D491 with new leaderId: 6765ae9a-8790-488a-a655-dfdac73b9f74
2024-01-26 13:21:24,498 [6765ae9a-8790-488a-a655-dfdac73b9f74@group-9246EA52D491-LeaderElection62] INFO  server.RaftServer$Division (ServerState.java:setLeader(269)) - 6765ae9a-8790-488a-a655-dfdac73b9f74@group-9246EA52D491: change Leader from null to 6765ae9a-8790-488a-a655-dfdac73b9f74 at term 1 for becomeLeader, leader elected after 5192ms
2024-01-26 13:21:24,498 [6765ae9a-8790-488a-a655-dfdac73b9f74@group-9246EA52D491-LeaderElection62] INFO  segmented.SegmentedRaftLogWorker (SegmentedRaftLogWorker.java:startLogSegment(430)) - 6765ae9a-8790-488a-a655-dfdac73b9f74@group-9246EA52D491-SegmentedRaftLogWorker: Starting segment from index:0
2024-01-26 13:21:24,504 [6765ae9a-8790-488a-a655-dfdac73b9f74@group-9246EA52D491-SegmentedRaftLogWorker] INFO  segmented.BufferedWriteChannel (BufferedWriteChannel.java:open(62)) - open log_inprogress_0 at position 0
2024-01-26 13:21:24,507 [EventQueue-PipelineReportForPipelineReportHandler] INFO  pipeline.PipelineReportHandler (PipelineReportHandler.java:processPipelineReport(136)) - Opened pipeline PipelineID=c268dbf8-a06d-482b-bb17-9246ea52d491
2024-01-26 13:21:24,507 [6765ae9a-8790-488a-a655-dfdac73b9f74@group-9246EA52D491-LeaderElection62] INFO  server.RaftServer$Division (ServerState.java:setRaftConf(386)) - 6765ae9a-8790-488a-a655-dfdac73b9f74@group-9246EA52D491: set configuration 0: peers:[6765ae9a-8790-488a-a655-dfdac73b9f74|10.1.0.20:15353, 282c7661-760d-4a20-bf76-23fe8f9b2b08|10.1.0.20:15344, 8e7f399e-f7c5-430e-98c6-d19423f76280|10.1.0.20:15335]|listeners:[], old=null
2024-01-26 13:21:24,509 [main] INFO  rpc.RpcClient (RpcClient.java:createBucket(683)) - Creating Bucket: watchforcommithandlingtest/watchforcommithandlingtest, with server-side default bucket layout, runner as owner, Versioning false, Storage Type set to DISK and Encryption set to false, Replication Type set to server-side default replication type, Namespace Quota set to -1, Space Quota set to -1 
2024-01-26 13:21:24,511 [6765ae9a-8790-488a-a655-dfdac73b9f74@group-9246EA52D491-SegmentedRaftLogWorker] INFO  segmented.SegmentedRaftLogWorker (SegmentedRaftLogWorker.java:execute(634)) - 6765ae9a-8790-488a-a655-dfdac73b9f74@group-9246EA52D491-SegmentedRaftLogWorker: created new log segment /home/runner/work/ozone/ozone/hadoop-ozone/integration-test/target/test-dir/MiniOzoneClusterImpl-953fd8c5-ac00-44c9-baab-0887e32ba883/datanode-8/data/ratis/c268dbf8-a06d-482b-bb17-9246ea52d491/current/log_inprogress_0
2024-01-26 13:21:24,518 [om1-OMStateMachineApplyTransactionThread - 0] INFO  bucket.OMBucketCreateRequest (OMBucketCreateRequest.java:validateAndUpdateCache(292)) - created bucket: watchforcommithandlingtest of layout FILE_SYSTEM_OPTIMIZED in volume: watchforcommithandlingtest
2024-01-26 13:21:24,529 [IPC Server handler 1 on default port 15267] INFO  ha.SequenceIdGenerator (SequenceIdGenerator.java:getNextId(145)) - Allocate a batch for containerId, change lastId from 0 to 1000.
2024-01-26 13:21:24,535 [282c7661-760d-4a20-bf76-23fe8f9b2b08-server-thread1] INFO  ratis.XceiverServerRatis (XceiverServerRatis.java:handleLeaderChangedNotification(945)) - Leader change notification received for group: group-9246EA52D491 with new leaderId: 6765ae9a-8790-488a-a655-dfdac73b9f74
2024-01-26 13:21:24,536 [282c7661-760d-4a20-bf76-23fe8f9b2b08-server-thread1] INFO  server.RaftServer$Division (ServerState.java:setLeader(269)) - 282c7661-760d-4a20-bf76-23fe8f9b2b08@group-9246EA52D491: change Leader from null to 6765ae9a-8790-488a-a655-dfdac73b9f74 at term 1 for appendEntries, leader elected after 5209ms
2024-01-26 13:21:24,537 [282c7661-760d-4a20-bf76-23fe8f9b2b08-server-thread2] INFO  server.RaftServer$Division (ServerState.java:setRaftConf(386)) - 282c7661-760d-4a20-bf76-23fe8f9b2b08@group-9246EA52D491: set configuration 0: peers:[6765ae9a-8790-488a-a655-dfdac73b9f74|10.1.0.20:15353, 282c7661-760d-4a20-bf76-23fe8f9b2b08|10.1.0.20:15344, 8e7f399e-f7c5-430e-98c6-d19423f76280|10.1.0.20:15335]|listeners:[], old=null
2024-01-26 13:21:24,537 [282c7661-760d-4a20-bf76-23fe8f9b2b08-server-thread2] INFO  segmented.SegmentedRaftLogWorker (SegmentedRaftLogWorker.java:startLogSegment(430)) - 282c7661-760d-4a20-bf76-23fe8f9b2b08@group-9246EA52D491-SegmentedRaftLogWorker: Starting segment from index:0
2024-01-26 13:21:24,543 [282c7661-760d-4a20-bf76-23fe8f9b2b08@group-9246EA52D491-SegmentedRaftLogWorker] INFO  segmented.BufferedWriteChannel (BufferedWriteChannel.java:open(62)) - open log_inprogress_0 at position 0
2024-01-26 13:21:24,538 [8e7f399e-f7c5-430e-98c6-d19423f76280-server-thread1] INFO  ratis.XceiverServerRatis (XceiverServerRatis.java:handleLeaderChangedNotification(945)) - Leader change notification received for group: group-9246EA52D491 with new leaderId: 6765ae9a-8790-488a-a655-dfdac73b9f74
2024-01-26 13:21:24,546 [8e7f399e-f7c5-430e-98c6-d19423f76280-server-thread1] INFO  server.RaftServer$Division (ServerState.java:setLeader(269)) - 8e7f399e-f7c5-430e-98c6-d19423f76280@group-9246EA52D491: change Leader from null to 6765ae9a-8790-488a-a655-dfdac73b9f74 at term 1 for appendEntries, leader elected after 5249ms
2024-01-26 13:21:24,549 [8e7f399e-f7c5-430e-98c6-d19423f76280-server-thread2] INFO  server.RaftServer$Division (ServerState.java:setRaftConf(386)) - 8e7f399e-f7c5-430e-98c6-d19423f76280@group-9246EA52D491: set configuration 0: peers:[6765ae9a-8790-488a-a655-dfdac73b9f74|10.1.0.20:15353, 282c7661-760d-4a20-bf76-23fe8f9b2b08|10.1.0.20:15344, 8e7f399e-f7c5-430e-98c6-d19423f76280|10.1.0.20:15335]|listeners:[], old=null
2024-01-26 13:21:24,549 [8e7f399e-f7c5-430e-98c6-d19423f76280-server-thread2] INFO  segmented.SegmentedRaftLogWorker (SegmentedRaftLogWorker.java:startLogSegment(430)) - 8e7f399e-f7c5-430e-98c6-d19423f76280@group-9246EA52D491-SegmentedRaftLogWorker: Starting segment from index:0
2024-01-26 13:21:24,549 [8e7f399e-f7c5-430e-98c6-d19423f76280@group-9246EA52D491-SegmentedRaftLogWorker] INFO  segmented.BufferedWriteChannel (BufferedWriteChannel.java:open(62)) - open log_inprogress_0 at position 0
2024-01-26 13:21:24,560 [282c7661-760d-4a20-bf76-23fe8f9b2b08@group-9246EA52D491-SegmentedRaftLogWorker] INFO  segmented.SegmentedRaftLogWorker (SegmentedRaftLogWorker.java:execute(634)) - 282c7661-760d-4a20-bf76-23fe8f9b2b08@group-9246EA52D491-SegmentedRaftLogWorker: created new log segment /home/runner/work/ozone/ozone/hadoop-ozone/integration-test/target/test-dir/MiniOzoneClusterImpl-953fd8c5-ac00-44c9-baab-0887e32ba883/datanode-7/data/ratis/c268dbf8-a06d-482b-bb17-9246ea52d491/current/log_inprogress_0
2024-01-26 13:21:24,560 [grpc-default-executor-2] ERROR impl.OrderedAsync (OrderedAsync.java:lambda$sendRequest$9(247)) - client-1A4CDDBD1EE2: Failed* RaftClientRequest:client-1A4CDDBD1EE2->6765ae9a-8790-488a-a655-dfdac73b9f74@group-9246EA52D491, cid=62, seq=1*, Watch(0), null
java.util.concurrent.CompletionException: org.apache.ratis.protocol.exceptions.LeaderNotReadyException: 6765ae9a-8790-488a-a655-dfdac73b9f74@group-9246EA52D491 is in LEADER state but not ready yet.
	at java.util.concurrent.CompletableFuture.encodeThrowable(CompletableFuture.java:292)
	at java.util.concurrent.CompletableFuture.completeThrowable(CompletableFuture.java:308)
	at java.util.concurrent.CompletableFuture.uniApply(CompletableFuture.java:607)
	at java.util.concurrent.CompletableFuture$UniApply.tryFire(CompletableFuture.java:591)
	at java.util.concurrent.CompletableFuture.postComplete(CompletableFuture.java:488)
	at java.util.concurrent.CompletableFuture.completeExceptionally(CompletableFuture.java:1990)
	at org.apache.ratis.grpc.client.GrpcClientProtocolClient$AsyncStreamObservers.completeReplyExceptionally(GrpcClientProtocolClient.java:394)
	at org.apache.ratis.grpc.client.GrpcClientProtocolClient$AsyncStreamObservers.access$000(GrpcClientProtocolClient.java:300)
	at org.apache.ratis.grpc.client.GrpcClientProtocolClient$AsyncStreamObservers$1.onNext(GrpcClientProtocolClient.java:319)
	at org.apache.ratis.grpc.client.GrpcClientProtocolClient$AsyncStreamObservers$1.onNext(GrpcClientProtocolClient.java:305)
	at org.apache.ratis.thirdparty.io.grpc.stub.ClientCalls$StreamObserverToCallListenerAdapter.onMessage(ClientCalls.java:468)
	at org.apache.ratis.thirdparty.io.grpc.ForwardingClientCallListener.onMessage(ForwardingClientCallListener.java:33)
	at org.apache.ratis.thirdparty.io.grpc.internal.DelayedClientCall$DelayedListener.onMessage(DelayedClientCall.java:473)
	at org.apache.ratis.thirdparty.io.grpc.internal.ClientCallImpl$ClientStreamListenerImpl$1MessagesAvailable.runInternal(ClientCallImpl.java:660)
	at org.apache.ratis.thirdparty.io.grpc.internal.ClientCallImpl$ClientStreamListenerImpl$1MessagesAvailable.runInContext(ClientCallImpl.java:647)
	at org.apache.ratis.thirdparty.io.grpc.internal.ContextRunnable.run(ContextRunnable.java:37)
	at org.apache.ratis.thirdparty.io.grpc.internal.SerializingExecutor.run(SerializingExecutor.java:133)
	at java.util.concurrent.ThreadPoolExecutor.runWorker(ThreadPoolExecutor.java:1149)
	at java.util.concurrent.ThreadPoolExecutor$Worker.run(ThreadPoolExecutor.java:624)
	at java.lang.Thread.run(Thread.java:750)
Caused by: org.apache.ratis.protocol.exceptions.LeaderNotReadyException: 6765ae9a-8790-488a-a655-dfdac73b9f74@group-9246EA52D491 is in LEADER state but not ready yet.
	at org.apache.ratis.client.impl.ClientProtoUtils.toRaftClientReply(ClientProtoUtils.java:407)
	at org.apache.ratis.grpc.client.GrpcClientProtocolClient$AsyncStreamObservers$1.onNext(GrpcClientProtocolClient.java:310)
	... 11 more
2024-01-26 13:21:24,562 [8e7f399e-f7c5-430e-98c6-d19423f76280@group-9246EA52D491-SegmentedRaftLogWorker] INFO  segmented.SegmentedRaftLogWorker (SegmentedRaftLogWorker.java:execute(634)) - 8e7f399e-f7c5-430e-98c6-d19423f76280@group-9246EA52D491-SegmentedRaftLogWorker: created new log segment /home/runner/work/ozone/ozone/hadoop-ozone/integration-test/target/test-dir/MiniOzoneClusterImpl-953fd8c5-ac00-44c9-baab-0887e32ba883/datanode-6/data/ratis/c268dbf8-a06d-482b-bb17-9246ea52d491/current/log_inprogress_0
2024-01-26 13:21:24,562 [6765ae9a-8790-488a-a655-dfdac73b9f74@group-9C2507394FAC-FollowerState] INFO  impl.FollowerState (FollowerState.java:run(143)) - 6765ae9a-8790-488a-a655-dfdac73b9f74@group-9C2507394FAC-FollowerState: change to CANDIDATE, lastRpcElapsedTime:5096850897ns, electionTimeout:5096ms
2024-01-26 13:21:24,562 [6765ae9a-8790-488a-a655-dfdac73b9f74@group-9C2507394FAC-FollowerState] INFO  impl.RoleInfo (RoleInfo.java:shutdownFollowerState(110)) - 6765ae9a-8790-488a-a655-dfdac73b9f74: shutdown 6765ae9a-8790-488a-a655-dfdac73b9f74@group-9C2507394FAC-FollowerState
2024-01-26 13:21:24,562 [6765ae9a-8790-488a-a655-dfdac73b9f74@group-9C2507394FAC-FollowerState] INFO  server.RaftServer$Division (RaftServerImpl.java:setRole(383)) - 6765ae9a-8790-488a-a655-dfdac73b9f74@group-9C2507394FAC: changes role from  FOLLOWER to CANDIDATE at term 0 for changeToCandidate
2024-01-26 13:21:24,562 [6765ae9a-8790-488a-a655-dfdac73b9f74@group-9C2507394FAC-FollowerState] INFO  server.RaftServerConfigKeys (ConfUtils.java:logGet(46)) - raft.server.leaderelection.pre-vote = true (default)
2024-01-26 13:21:24,563 [6765ae9a-8790-488a-a655-dfdac73b9f74@group-9C2507394FAC-FollowerState] INFO  impl.RoleInfo (RoleInfo.java:updateAndGet(139)) - 6765ae9a-8790-488a-a655-dfdac73b9f74: start 6765ae9a-8790-488a-a655-dfdac73b9f74@group-9C2507394FAC-LeaderElection63
2024-01-26 13:21:24,567 [6765ae9a-8790-488a-a655-dfdac73b9f74@group-9C2507394FAC-LeaderElection63] INFO  impl.LeaderElection (LeaderElection.java:askForVotes(321)) - 6765ae9a-8790-488a-a655-dfdac73b9f74@group-9C2507394FAC-LeaderElection63 PRE_VOTE round 0: submit vote requests at term 0 for -1: peers:[6765ae9a-8790-488a-a655-dfdac73b9f74|10.1.0.20:15353]|listeners:[], old=null
2024-01-26 13:21:24,567 [6765ae9a-8790-488a-a655-dfdac73b9f74@group-9246EA52D491-StateMachineUpdater] INFO  server.RaftServer$Division (LeaderStateImpl.java:isApplied(320)) - leader is ready since appliedIndex == 0 >= startIndex == 0
2024-01-26 13:21:24,567 [6765ae9a-8790-488a-a655-dfdac73b9f74@group-9C2507394FAC-LeaderElection63] INFO  impl.LeaderElection (LeaderElection.java:askForVotes(323)) - 6765ae9a-8790-488a-a655-dfdac73b9f74@group-9C2507394FAC-LeaderElection63 PRE_VOTE round 0: result PASSED (term=0)
2024-01-26 13:21:24,573 [6765ae9a-8790-488a-a655-dfdac73b9f74@group-9C2507394FAC-LeaderElection63] INFO  impl.LeaderElection (LeaderElection.java:askForVotes(321)) - 6765ae9a-8790-488a-a655-dfdac73b9f74@group-9C2507394FAC-LeaderElection63 ELECTION round 0: submit vote requests at term 1 for -1: peers:[6765ae9a-8790-488a-a655-dfdac73b9f74|10.1.0.20:15353]|listeners:[], old=null
2024-01-26 13:21:24,573 [6765ae9a-8790-488a-a655-dfdac73b9f74@group-9C2507394FAC-LeaderElection63] INFO  impl.LeaderElection (LeaderElection.java:askForVotes(323)) - 6765ae9a-8790-488a-a655-dfdac73b9f74@group-9C2507394FAC-LeaderElection63 ELECTION round 0: result PASSED (term=1)
2024-01-26 13:21:24,573 [6765ae9a-8790-488a-a655-dfdac73b9f74@group-9C2507394FAC-LeaderElection63] INFO  impl.RoleInfo (RoleInfo.java:shutdownLeaderElection(130)) - 6765ae9a-8790-488a-a655-dfdac73b9f74: shutdown 6765ae9a-8790-488a-a655-dfdac73b9f74@group-9C2507394FAC-LeaderElection63
2024-01-26 13:21:24,573 [6765ae9a-8790-488a-a655-dfdac73b9f74@group-9C2507394FAC-LeaderElection63] INFO  server.RaftServer$Division (RaftServerImpl.java:setRole(383)) - 6765ae9a-8790-488a-a655-dfdac73b9f74@group-9C2507394FAC: changes role from CANDIDATE to LEADER at term 1 for changeToLeader
2024-01-26 13:21:24,573 [6765ae9a-8790-488a-a655-dfdac73b9f74@group-9C2507394FAC-LeaderElection63] INFO  server.RaftServerConfigKeys (ConfUtils.java:logGet(46)) - raft.server.staging.catchup.gap = 1000 (default)
2024-01-26 13:21:24,573 [6765ae9a-8790-488a-a655-dfdac73b9f74@group-9C2507394FAC-LeaderElection63] INFO  server.RaftServerConfigKeys (ConfUtils.java:logGet(46)) - raft.server.write.element-limit = 1024 (custom)
2024-01-26 13:21:24,573 [6765ae9a-8790-488a-a655-dfdac73b9f74@group-9C2507394FAC-LeaderElection63] INFO  server.RaftServerConfigKeys (ConfUtils.java:logGet(46)) - raft.server.write.byte-limit = 1024 M (=1073741824) (custom)
2024-01-26 13:21:24,573 [6765ae9a-8790-488a-a655-dfdac73b9f74@group-9C2507394FAC-LeaderElection63] INFO  server.RaftServerConfigKeys (ConfUtils.java:logGet(46)) - raft.server.watch.timeout = 3000ms (custom)
2024-01-26 13:21:24,573 [6765ae9a-8790-488a-a655-dfdac73b9f74@group-9C2507394FAC-LeaderElection63] INFO  server.RaftServerConfigKeys (ConfUtils.java:logGet(46)) - raft.server.watch.timeout.denomination = 1s (default)
2024-01-26 13:21:24,573 [6765ae9a-8790-488a-a655-dfdac73b9f74@group-9C2507394FAC-LeaderElection63] INFO  server.RaftServerConfigKeys (ConfUtils.java:logGet(46)) - raft.server.watch.element-limit = 65536 (default)
2024-01-26 13:21:24,574 [6765ae9a-8790-488a-a655-dfdac73b9f74@group-9C2507394FAC-LeaderElection63] INFO  server.RaftServerConfigKeys (ConfUtils.java:logGet(46)) - raft.server.read.leader.lease.enabled = false (default)
2024-01-26 13:21:24,574 [6765ae9a-8790-488a-a655-dfdac73b9f74@group-9C2507394FAC-LeaderElection63] INFO  server.RaftServerConfigKeys (ConfUtils.java:logGet(46)) - raft.server.read.leader.lease.timeout.ratio = 0.9 (default)
2024-01-26 13:21:24,574 [6765ae9a-8790-488a-a655-dfdac73b9f74@group-9C2507394FAC-LeaderElection63] INFO  server.RaftServerConfigKeys (ConfUtils.java:logGet(46)) - raft.server.rpc.timeout.min = 5s (custom)
2024-01-26 13:21:24,574 [6765ae9a-8790-488a-a655-dfdac73b9f74@group-9C2507394FAC-LeaderElection63] INFO  server.RaftServerConfigKeys (ConfUtils.java:logGet(46)) - raft.server.write.element-limit = 1024 (custom)
2024-01-26 13:21:24,574 [6765ae9a-8790-488a-a655-dfdac73b9f74@group-9C2507394FAC-LeaderElection63] INFO  server.RaftServerConfigKeys (ConfUtils.java:logGet(46)) - raft.server.write.follower.gap.ratio.max = -1.0 (default)
2024-01-26 13:21:24,574 [6765ae9a-8790-488a-a655-dfdac73b9f74@group-9C2507394FAC-LeaderElection63] INFO  impl.RoleInfo (RoleInfo.java:updateAndGet(139)) - 6765ae9a-8790-488a-a655-dfdac73b9f74: start 6765ae9a-8790-488a-a655-dfdac73b9f74@group-9C2507394FAC-LeaderStateImpl
2024-01-26 13:21:24,574 [6765ae9a-8790-488a-a655-dfdac73b9f74@group-9C2507394FAC-LeaderElection63] INFO  server.RaftServer$Division (RaftServerImpl.java:setFirstElection(574)) - 6765ae9a-8790-488a-a655-dfdac73b9f74@group-9C2507394FAC: set firstElectionSinceStartup to false for becomeLeader
2024-01-26 13:21:24,574 [6765ae9a-8790-488a-a655-dfdac73b9f74@group-9C2507394FAC-LeaderElection63] INFO  ratis.XceiverServerRatis (XceiverServerRatis.java:handleLeaderChangedNotification(945)) - Leader change notification received for group: group-9C2507394FAC with new leaderId: 6765ae9a-8790-488a-a655-dfdac73b9f74
2024-01-26 13:21:24,574 [6765ae9a-8790-488a-a655-dfdac73b9f74@group-9C2507394FAC-LeaderElection63] INFO  server.RaftServer$Division (ServerState.java:setLeader(269)) - 6765ae9a-8790-488a-a655-dfdac73b9f74@group-9C2507394FAC: change Leader from null to 6765ae9a-8790-488a-a655-dfdac73b9f74 at term 1 for becomeLeader, leader elected after 5118ms
2024-01-26 13:21:24,574 [6765ae9a-8790-488a-a655-dfdac73b9f74@group-9C2507394FAC-LeaderElection63] INFO  segmented.SegmentedRaftLogWorker (SegmentedRaftLogWorker.java:startLogSegment(430)) - 6765ae9a-8790-488a-a655-dfdac73b9f74@group-9C2507394FAC-SegmentedRaftLogWorker: Starting segment from index:0
2024-01-26 13:21:24,575 [6765ae9a-8790-488a-a655-dfdac73b9f74@group-9C2507394FAC-SegmentedRaftLogWorker] INFO  segmented.BufferedWriteChannel (BufferedWriteChannel.java:open(62)) - open log_inprogress_0 at position 0
2024-01-26 13:21:24,576 [6765ae9a-8790-488a-a655-dfdac73b9f74@group-9C2507394FAC-LeaderElection63] INFO  server.RaftServer$Division (ServerState.java:setRaftConf(386)) - 6765ae9a-8790-488a-a655-dfdac73b9f74@group-9C2507394FAC: set configuration 0: peers:[6765ae9a-8790-488a-a655-dfdac73b9f74|10.1.0.20:15353]|listeners:[], old=null
2024-01-26 13:21:24,583 [6765ae9a-8790-488a-a655-dfdac73b9f74@group-9C2507394FAC-SegmentedRaftLogWorker] INFO  segmented.SegmentedRaftLogWorker (SegmentedRaftLogWorker.java:execute(634)) - 6765ae9a-8790-488a-a655-dfdac73b9f74@group-9C2507394FAC-SegmentedRaftLogWorker: created new log segment /home/runner/work/ozone/ozone/hadoop-ozone/integration-test/target/test-dir/MiniOzoneClusterImpl-953fd8c5-ac00-44c9-baab-0887e32ba883/datanode-8/data/ratis/86c19ba0-8766-4b28-9add-9c2507394fac/current/log_inprogress_0
2024-01-26 13:21:24,585 [6765ae9a-8790-488a-a655-dfdac73b9f74@group-9C2507394FAC-StateMachineUpdater] INFO  server.RaftServer$Division (LeaderStateImpl.java:isApplied(320)) - leader is ready since appliedIndex == 0 >= startIndex == 0
2024-01-26 13:21:30,203 [timer6] ERROR impl.OrderedAsync (OrderedAsync.java:lambda$sendRequest$9(247)) - client-1A4CDDBD1EE2: Failed* RaftClientRequest:client-1A4CDDBD1EE2->6765ae9a-8790-488a-a655-dfdac73b9f74@group-9246EA52D491, cid=62, seq=1*, Watch(0), null
java.util.concurrent.CompletionException: org.apache.ratis.protocol.exceptions.AlreadyClosedException: client-1A4CDDBD1EE2->6765ae9a-8790-488a-a655-dfdac73b9f74 is closed.
	at java.util.concurrent.CompletableFuture.encodeThrowable(CompletableFuture.java:292)
	at java.util.concurrent.CompletableFuture.completeThrowable(CompletableFuture.java:308)
	at java.util.concurrent.CompletableFuture.uniApply(CompletableFuture.java:607)
	at java.util.concurrent.CompletableFuture.uniApplyStage(CompletableFuture.java:628)
	at java.util.concurrent.CompletableFuture.thenApply(CompletableFuture.java:1996)
	at org.apache.ratis.client.impl.OrderedAsync.sendRequest(OrderedAsync.java:239)
	at org.apache.ratis.client.impl.OrderedAsync.sendRequestWithRetry(OrderedAsync.java:203)
	at org.apache.ratis.util.SlidingWindow$Client.sendOrDelayRequest(SlidingWindow.java:312)
	at org.apache.ratis.util.SlidingWindow$Client.retry(SlidingWindow.java:328)
	at org.apache.ratis.client.impl.OrderedAsync.lambda$scheduleWithTimeout$6(OrderedAsync.java:227)
	at org.apache.ratis.util.TimeoutTimer.lambda$onTimeout$2(TimeoutTimer.java:101)
	at org.apache.ratis.util.LogUtils.runAndLog(LogUtils.java:38)
	at org.apache.ratis.util.LogUtils$1.run(LogUtils.java:78)
	at org.apache.ratis.util.TimeoutTimer$Task.run(TimeoutTimer.java:55)
	at java.util.TimerThread.mainLoop(Timer.java:555)
	at java.util.TimerThread.run(Timer.java:505)
Caused by: org.apache.ratis.protocol.exceptions.AlreadyClosedException: client-1A4CDDBD1EE2->6765ae9a-8790-488a-a655-dfdac73b9f74 is closed.
	at org.apache.ratis.grpc.client.GrpcClientProtocolClient$AsyncStreamObservers.onNext(GrpcClientProtocolClient.java:349)
	at org.apache.ratis.grpc.client.GrpcClientRpc.sendRequestAsync(GrpcClientRpc.java:71)
	... 11 more
2024-01-26 13:21:34,996 [grpc-default-executor-6] ERROR impl.OrderedAsync (OrderedAsync.java:lambda$sendRequest$9(247)) - client-1A4CDDBD1EE2: Failed* RaftClientRequest:client-1A4CDDBD1EE2->8e7f399e-f7c5-430e-98c6-d19423f76280@group-9246EA52D491, cid=62, seq=1*, Watch(0), null
java.util.concurrent.CompletionException: org.apache.ratis.protocol.exceptions.NotLeaderException: Server 8e7f399e-f7c5-430e-98c6-d19423f76280@group-9246EA52D491 is not the leader 6765ae9a-8790-488a-a655-dfdac73b9f74|10.1.0.20:15353
	at java.util.concurrent.CompletableFuture.encodeThrowable(CompletableFuture.java:292)
	at java.util.concurrent.CompletableFuture.completeThrowable(CompletableFuture.java:308)
	at java.util.concurrent.CompletableFuture.uniApply(CompletableFuture.java:607)
	at java.util.concurrent.CompletableFuture$UniApply.tryFire(CompletableFuture.java:591)
	at java.util.concurrent.CompletableFuture.postComplete(CompletableFuture.java:488)
	at java.util.concurrent.CompletableFuture.completeExceptionally(CompletableFuture.java:1990)
	at org.apache.ratis.grpc.client.GrpcClientProtocolClient$AsyncStreamObservers.completeReplyExceptionally(GrpcClientProtocolClient.java:394)
	at org.apache.ratis.grpc.client.GrpcClientProtocolClient$AsyncStreamObservers.access$000(GrpcClientProtocolClient.java:300)
	at org.apache.ratis.grpc.client.GrpcClientProtocolClient$AsyncStreamObservers$1.onNext(GrpcClientProtocolClient.java:314)
	at org.apache.ratis.grpc.client.GrpcClientProtocolClient$AsyncStreamObservers$1.onNext(GrpcClientProtocolClient.java:305)
	at org.apache.ratis.thirdparty.io.grpc.stub.ClientCalls$StreamObserverToCallListenerAdapter.onMessage(ClientCalls.java:468)
	at org.apache.ratis.thirdparty.io.grpc.ForwardingClientCallListener.onMessage(ForwardingClientCallListener.java:33)
	at org.apache.ratis.thirdparty.io.grpc.internal.DelayedClientCall$DelayedListener.onMessage(DelayedClientCall.java:473)
	at org.apache.ratis.thirdparty.io.grpc.internal.ClientCallImpl$ClientStreamListenerImpl$1MessagesAvailable.runInternal(ClientCallImpl.java:660)
	at org.apache.ratis.thirdparty.io.grpc.internal.ClientCallImpl$ClientStreamListenerImpl$1MessagesAvailable.runInContext(ClientCallImpl.java:647)
	at org.apache.ratis.thirdparty.io.grpc.internal.ContextRunnable.run(ContextRunnable.java:37)
	at org.apache.ratis.thirdparty.io.grpc.internal.SerializingExecutor.run(SerializingExecutor.java:133)
	at java.util.concurrent.ThreadPoolExecutor.runWorker(ThreadPoolExecutor.java:1149)
	at java.util.concurrent.ThreadPoolExecutor$Worker.run(ThreadPoolExecutor.java:624)
	at java.lang.Thread.run(Thread.java:750)
Caused by: org.apache.ratis.protocol.exceptions.NotLeaderException: Server 8e7f399e-f7c5-430e-98c6-d19423f76280@group-9246EA52D491 is not the leader 6765ae9a-8790-488a-a655-dfdac73b9f74|10.1.0.20:15353
	at org.apache.ratis.client.impl.ClientProtoUtils.toRaftClientReply(ClientProtoUtils.java:397)
	at org.apache.ratis.grpc.client.GrpcClientProtocolClient$AsyncStreamObservers$1.onNext(GrpcClientProtocolClient.java:310)
	... 11 more
2024-01-26 13:21:34,997 [grpc-default-executor-6] ERROR impl.OrderedAsync (OrderedAsync.java:lambda$send$4(179)) - Failed to send request, message=null
java.util.concurrent.CompletionException: org.apache.ratis.protocol.exceptions.RaftRetryFailureException: Failed RaftClientRequest:client-1A4CDDBD1EE2->8e7f399e-f7c5-430e-98c6-d19423f76280@group-9246EA52D491, cid=62, seq=1*, Watch(0), null for 3 attempts with RequestTypeDependentRetryPolicy{WRITE->ExceptionDependentRetry(maxAttempts=2147483647; defaultPolicy=MultipleLinearRandomRetry[5x5s, 5x10s, 5x15s, 5x20s, 5x25s, 10x60s]; map={org.apache.ratis.protocol.exceptions.GroupMismatchException->NoRetry, org.apache.ratis.protocol.exceptions.NotReplicatedException->NoRetry, org.apache.ratis.protocol.exceptions.ResourceUnavailableException->org.apache.ratis.retry.ExponentialBackoffRetry@7931a59c, org.apache.ratis.protocol.exceptions.StateMachineException->NoRetry, org.apache.ratis.protocol.exceptions.TimeoutIOException->org.apache.ratis.retry.ExponentialBackoffRetry@7931a59c}), WATCH->ExceptionDependentRetry(maxAttempts=2147483647; defaultPolicy=MultipleLinearRandomRetry[5x5s, 5x10s, 5x15s, 5x20s, 5x25s, 10x60s]; map={org.apache.ratis.protocol.exceptions.GroupMismatchException->NoRetry, org.apache.ratis.protocol.exceptions.NotReplicatedException->NoRetry, org.apache.ratis.protocol.exceptions.ResourceUnavailableException->org.apache.ratis.retry.ExponentialBackoffRetry@7931a59c, org.apache.ratis.protocol.exceptions.StateMachineException->NoRetry, org.apache.ratis.protocol.exceptions.TimeoutIOException->NoRetry})}
	at java.util.concurrent.CompletableFuture.encodeThrowable(CompletableFuture.java:292)
	at java.util.concurrent.CompletableFuture.completeThrowable(CompletableFuture.java:308)
	at java.util.concurrent.CompletableFuture.uniApply(CompletableFuture.java:607)
	at java.util.concurrent.CompletableFuture$UniApply.tryFire(CompletableFuture.java:591)
	at java.util.concurrent.CompletableFuture.postComplete(CompletableFuture.java:488)
	at java.util.concurrent.CompletableFuture.completeExceptionally(CompletableFuture.java:1990)
	at org.apache.ratis.client.impl.OrderedAsync$PendingOrderedRequest.fail(OrderedAsync.java:105)
	at org.apache.ratis.util.SlidingWindow$Client.fail(SlidingWindow.java:392)
	at org.apache.ratis.client.impl.OrderedAsync.failAllAsyncRequests(OrderedAsync.java:149)
	at org.apache.ratis.client.impl.OrderedAsync.handleAsyncRetryFailure(OrderedAsync.java:153)
	at org.apache.ratis.client.impl.OrderedAsync.lambda$sendRequest$9(OrderedAsync.java:253)
	at java.util.concurrent.CompletableFuture.uniExceptionally(CompletableFuture.java:884)
	at java.util.concurrent.CompletableFuture$UniExceptionally.tryFire(CompletableFuture.java:866)
	at java.util.concurrent.CompletableFuture.postComplete(CompletableFuture.java:488)
	at java.util.concurrent.CompletableFuture.completeExceptionally(CompletableFuture.java:1990)
	at org.apache.ratis.grpc.client.GrpcClientProtocolClient$AsyncStreamObservers.completeReplyExceptionally(GrpcClientProtocolClient.java:394)
	at org.apache.ratis.grpc.client.GrpcClientProtocolClient$AsyncStreamObservers.access$000(GrpcClientProtocolClient.java:300)
	at org.apache.ratis.grpc.client.GrpcClientProtocolClient$AsyncStreamObservers$1.onNext(GrpcClientProtocolClient.java:314)
	at org.apache.ratis.grpc.client.GrpcClientProtocolClient$AsyncStreamObservers$1.onNext(GrpcClientProtocolClient.java:305)
	at org.apache.ratis.thirdparty.io.grpc.stub.ClientCalls$StreamObserverToCallListenerAdapter.onMessage(ClientCalls.java:468)
	at org.apache.ratis.thirdparty.io.grpc.ForwardingClientCallListener.onMessage(ForwardingClientCallListener.java:33)
	at org.apache.ratis.thirdparty.io.grpc.internal.DelayedClientCall$DelayedListener.onMessage(DelayedClientCall.java:473)
	at org.apache.ratis.thirdparty.io.grpc.internal.ClientCallImpl$ClientStreamListenerImpl$1MessagesAvailable.runInternal(ClientCallImpl.java:660)
	at org.apache.ratis.thirdparty.io.grpc.internal.ClientCallImpl$ClientStreamListenerImpl$1MessagesAvailable.runInContext(ClientCallImpl.java:647)
	at org.apache.ratis.thirdparty.io.grpc.internal.ContextRunnable.run(ContextRunnable.java:37)
	at org.apache.ratis.thirdparty.io.grpc.internal.SerializingExecutor.run(SerializingExecutor.java:133)
	at java.util.concurrent.ThreadPoolExecutor.runWorker(ThreadPoolExecutor.java:1149)
	at java.util.concurrent.ThreadPoolExecutor$Worker.run(ThreadPoolExecutor.java:624)
	at java.lang.Thread.run(Thread.java:750)
Caused by: org.apache.ratis.protocol.exceptions.RaftRetryFailureException: Failed RaftClientRequest:client-1A4CDDBD1EE2->8e7f399e-f7c5-430e-98c6-d19423f76280@group-9246EA52D491, cid=62, seq=1*, Watch(0), null for 3 attempts with RequestTypeDependentRetryPolicy{WRITE->ExceptionDependentRetry(maxAttempts=2147483647; defaultPolicy=MultipleLinearRandomRetry[5x5s, 5x10s, 5x15s, 5x20s, 5x25s, 10x60s]; map={org.apache.ratis.protocol.exceptions.GroupMismatchException->NoRetry, org.apache.ratis.protocol.exceptions.NotReplicatedException->NoRetry, org.apache.ratis.protocol.exceptions.ResourceUnavailableException->org.apache.ratis.retry.ExponentialBackoffRetry@7931a59c, org.apache.ratis.protocol.exceptions.StateMachineException->NoRetry, org.apache.ratis.protocol.exceptions.TimeoutIOException->org.apache.ratis.retry.ExponentialBackoffRetry@7931a59c}), WATCH->ExceptionDependentRetry(maxAttempts=2147483647; defaultPolicy=MultipleLinearRandomRetry[5x5s, 5x10s, 5x15s, 5x20s, 5x25s, 10x60s]; map={org.apache.ratis.protocol.exceptions.GroupMismatchException->NoRetry, org.apache.ratis.protocol.exceptions.NotReplicatedException->NoRetry, org.apache.ratis.protocol.exceptions.ResourceUnavailableException->org.apache.ratis.retry.ExponentialBackoffRetry@7931a59c, org.apache.ratis.protocol.exceptions.StateMachineException->NoRetry, org.apache.ratis.protocol.exceptions.TimeoutIOException->NoRetry})}
	at org.apache.ratis.client.impl.RaftClientImpl.noMoreRetries(RaftClientImpl.java:353)
	... 20 more
Caused by: org.apache.ratis.protocol.exceptions.NotLeaderException: Server 8e7f399e-f7c5-430e-98c6-d19423f76280@group-9246EA52D491 is not the leader 6765ae9a-8790-488a-a655-dfdac73b9f74|10.1.0.20:15353
	at org.apache.ratis.client.impl.ClientProtoUtils.toRaftClientReply(ClientProtoUtils.java:397)
	at org.apache.ratis.grpc.client.GrpcClientProtocolClient$AsyncStreamObservers$1.onNext(GrpcClientProtocolClient.java:310)
	... 11 more
2024-01-26 13:21:34,998 [grpc-default-executor-6] ERROR impl.OrderedAsync (OrderedAsync.java:lambda$send$4(177)) - Failed to send request, message=cmdType: CreateContainer
traceID: ""
containerID: 1
datanodeUuid: "6765ae9a-8790-488a-a655-dfdac73b9f74"
createContainer {
}
, data.size=0 due to java.util.concurrent.CompletionException: org.apache.ratis.protocol.exceptions.AlreadyClosedException: SlidingWindow$Client:client-1A4CDDBD1EE2->RAFT is closed.
2024-01-26 13:21:34,999 [main] INFO  ozone.MiniOzoneClusterImpl (MiniOzoneClusterImpl.java:shutdown(449)) - Shutting down the Mini Ozone Cluster
2024-01-26 13:21:34,999 [main] INFO  db.CodecTestUtil (CodecTestUtil.java:gc(50)) - gc 0
2024-01-26 13:21:35,329 [main] INFO  ozone.MiniOzoneClusterImpl (MiniOzoneClusterImpl.java:stop(465)) - Stopping the Mini Ozone Cluster
2024-01-26 13:21:35,329 [main] INFO  om.OzoneManager (OzoneManager.java:stop(2204)) - om1[localhost:15271]: Stopping Ozone Manager
2024-01-26 13:21:35,329 [main] INFO  ipc.Server (Server.java:stop(3523)) - Stopping server on 15271
2024-01-26 13:21:35,337 [IPC Server listener on 15271] INFO  ipc.Server (Server.java:run(1434)) - Stopping IPC Server listener on 15271
2024-01-26 13:21:35,340 [IPC Server Responder] INFO  ipc.Server (Server.java:run(1567)) - Stopping IPC Server Responder
2024-01-26 13:21:35,340 [main] INFO  ratis.OzoneManagerRatisServer (OzoneManagerRatisServer.java:stop(594)) - Stopping org.apache.hadoop.ozone.om.ratis.OzoneManagerRatisServer@39b7c9ea at port 15274
2024-01-26 13:21:35,341 [main] INFO  server.RaftServer (RaftServerProxy.java:lambda$close$9(416)) - om1: close
2024-01-26 13:21:35,341 [main] INFO  server.GrpcService (GrpcService.java:closeImpl(311)) - om1: shutdown server GrpcServerProtocolService now
2024-01-26 13:21:35,341 [om1-impl-thread1] INFO  server.RaftServer$Division (RaftServerImpl.java:lambda$close$3(526)) - om1@group-C5BA1605619E: shutdown
2024-01-26 13:21:35,341 [om1-impl-thread1] INFO  util.JmxRegister (JmxRegister.java:unregister(73)) - Successfully un-registered JMX Bean with object name Ratis:service=RaftServer,group=group-C5BA1605619E,id=om1
2024-01-26 13:21:35,341 [om1-impl-thread1] INFO  impl.RoleInfo (RoleInfo.java:shutdownLeaderState(94)) - om1: shutdown om1@group-C5BA1605619E-LeaderStateImpl
2024-01-26 13:21:35,341 [om1-impl-thread1] INFO  impl.PendingRequests (PendingRequests.java:sendNotLeaderResponses(289)) - om1@group-C5BA1605619E-PendingRequests: sendNotLeaderResponses
2024-01-26 13:21:35,343 [main] INFO  server.GrpcService (GrpcService.java:closeImpl(320)) - om1: shutdown server GrpcServerProtocolService successfully
2024-01-26 13:21:35,348 [om1-impl-thread1] INFO  impl.StateMachineUpdater (StateMachineUpdater.java:stopAndJoin(157)) - om1@group-C5BA1605619E-StateMachineUpdater: set stopIndex = 4
2024-01-26 13:21:35,348 [om1@group-C5BA1605619E-StateMachineUpdater] INFO  ratis.OzoneManagerStateMachine (OzoneManagerStateMachine.java:takeSnapshotImpl(469)) -  applied = (t:1, i:3)
2024-01-26 13:21:35,348 [om1@group-C5BA1605619E-StateMachineUpdater] INFO  ratis.OzoneManagerStateMachine (OzoneManagerStateMachine.java:takeSnapshotImpl(470)) -  skipped = 3
2024-01-26 13:21:35,348 [om1@group-C5BA1605619E-StateMachineUpdater] INFO  ratis.OzoneManagerStateMachine (OzoneManagerStateMachine.java:takeSnapshotImpl(471)) - notified = (t:1, i:4)
2024-01-26 13:21:35,349 [om1@group-C5BA1605619E-StateMachineUpdater] INFO  ratis.OzoneManagerStateMachine (OzoneManagerStateMachine.java:takeSnapshotImpl(472)) - snapshot = (t:1, i:4)
2024-01-26 13:21:35,360 [om1@group-C5BA1605619E-StateMachineUpdater] INFO  impl.StateMachineUpdater (StateMachineUpdater.java:takeSnapshot(295)) - om1@group-C5BA1605619E-StateMachineUpdater: Took a snapshot at index 4
2024-01-26 13:21:35,360 [om1@group-C5BA1605619E-StateMachineUpdater] INFO  impl.StateMachineUpdater (StateMachineUpdater.java:lambda$new$0(98)) - om1@group-C5BA1605619E-StateMachineUpdater: snapshotIndex: updateIncreasingly -1 -> 4
2024-01-26 13:21:35,360 [om1@group-C5BA1605619E-StateMachineUpdater] INFO  ratis.OzoneManagerStateMachine (OzoneManagerStateMachine.java:close(515)) - Stopping OzoneManagerStateMachine:om1:group-C5BA1605619E.
2024-01-26 13:21:35,360 [om1@group-C5BA1605619E-StateMachineUpdater] INFO  ratis.OzoneManagerDoubleBuffer (OzoneManagerDoubleBuffer.java:stopDaemon(514)) - Stopping OMDoubleBuffer flush thread
2024-01-26 13:21:35,360 [om1-OMDoubleBufferFlushThread] INFO  ratis.OzoneManagerDoubleBuffer (OzoneManagerDoubleBuffer.java:canFlush(578)) - OMDoubleBuffer flush thread om1-OMDoubleBufferFlushThread is interrupted and will exit.
2024-01-26 13:21:35,362 [om1-impl-thread1] INFO  server.RaftServer$Division (ServerState.java:close(427)) - om1@group-C5BA1605619E: applyIndex: 3
2024-01-26 13:21:35,362 [om1@group-C5BA1605619E-cacheEviction-AwaitToRun] INFO  util.AwaitToRun (AwaitToRun.java:run(49)) - om1@group-C5BA1605619E-cacheEviction-AwaitToRun-AwaitForSignal is interrupted
2024-01-26 13:21:35,515 [om1-impl-thread1] INFO  segmented.SegmentedRaftLogWorker (SegmentedRaftLogWorker.java:close(245)) - om1@group-C5BA1605619E-SegmentedRaftLogWorker close()
2024-01-26 13:21:35,516 [JvmPauseMonitor34] INFO  util.JvmPauseMonitor (JvmPauseMonitor.java:run(152)) - JvmPauseMonitor-om1: Stopped
2024-01-26 13:21:35,517 [main] INFO  utils.BackgroundService (BackgroundService.java:shutdown(160)) - Shutting down service KeyDeletingService
2024-01-26 13:21:35,517 [main] INFO  utils.BackgroundService (BackgroundService.java:shutdown(160)) - Shutting down service DirectoryDeletingService
2024-01-26 13:21:35,517 [main] INFO  utils.BackgroundService (BackgroundService.java:shutdown(160)) - Shutting down service OpenKeyCleanupService
2024-01-26 13:21:35,517 [main] INFO  utils.BackgroundService (BackgroundService.java:shutdown(160)) - Shutting down service SstFilteringService
2024-01-26 13:21:35,517 [main] INFO  utils.BackgroundService (BackgroundService.java:shutdown(160)) - Shutting down service SnapshotDeletingService
2024-01-26 13:21:35,517 [main] INFO  utils.BackgroundService (BackgroundService.java:shutdown(160)) - Shutting down service MultipartUploadCleanupService
2024-01-26 13:21:35,518 [main] INFO  handler.ContextHandler (ContextHandler.java:doStop(1159)) - Stopped o.e.j.w.WebAppContext@14ced6a2{ozoneManager,/,null,STOPPED}{file:/home/runner/work/ozone/ozone/hadoop-ozone/integration-test/target/test-classes/webapps/ozoneManager}
2024-01-26 13:21:35,518 [main] INFO  server.AbstractConnector (AbstractConnector.java:doStop(383)) - Stopped ServerConnector@3b2162ab{HTTP/1.1, (http/1.1)}{0.0.0.0:15272}
2024-01-26 13:21:35,518 [main] INFO  server.session (HouseKeeper.java:stopScavenging(149)) - node0 Stopped scavenging
2024-01-26 13:21:35,519 [main] INFO  handler.ContextHandler (ContextHandler.java:doStop(1159)) - Stopped o.e.j.s.ServletContextHandler@223574d1{static,/static,file:///home/runner/work/ozone/ozone/hadoop-ozone/integration-test/target/test-classes/webapps/static,STOPPED}
2024-01-26 13:21:35,519 [main] INFO  handler.ContextHandler (ContextHandler.java:doStop(1159)) - Stopped o.e.j.s.ServletContextHandler@16e27e19{logs,/logs,file:///home/runner/work/ozone/ozone/hadoop-ozone/integration-test/target/log,STOPPED}
2024-01-26 13:21:35,519 [main] INFO  rocksdiff.RocksDBCheckpointDiffer (RocksDBCheckpointDiffer.java:close(310)) - Shutting down CompactionDagPruningService.
2024-01-26 13:21:35,521 [main] INFO  snapshot.SnapshotDiffManager (SnapshotDiffManager.java:closeExecutorService(1688)) - Shutting down executorService: 'SnapDiffExecutor'
2024-01-26 13:21:35,521 [main] INFO  snapshot.SnapshotDiffManager (SnapshotDiffManager.java:closeExecutorService(1688)) - Shutting down executorService: 'SstDumpToolExecutor'
2024-01-26 13:21:35,521 [main] INFO  utils.BackgroundService (BackgroundService.java:shutdown(160)) - Shutting down service SnapshotDiffCleanupService
2024-01-26 13:21:35,521 [main] INFO  ozone.MiniOzoneClusterImpl (MiniOzoneClusterImpl.java:stopDatanodes(535)) - Stopping the HddsDatanodes
2024-01-26 13:21:35,525 [ForkJoinPool.commonPool-worker-4] INFO  ozoneimpl.OzoneContainer (OzoneContainer.java:stop(479)) - Attempting to stop container services.
2024-01-26 13:21:35,525 [ForkJoinPool.commonPool-worker-4] INFO  server.RaftServer (RaftServerProxy.java:lambda$close$9(416)) - 282c7661-760d-4a20-bf76-23fe8f9b2b08: close
2024-01-26 13:21:35,525 [main] INFO  ozoneimpl.OzoneContainer (OzoneContainer.java:stop(479)) - Attempting to stop container services.
2024-01-26 13:21:35,525 [282c7661-760d-4a20-bf76-23fe8f9b2b08-impl-thread1] INFO  server.RaftServer$Division (RaftServerImpl.java:lambda$close$3(526)) - 282c7661-760d-4a20-bf76-23fe8f9b2b08@group-9246EA52D491: shutdown
2024-01-26 13:21:35,525 [main] INFO  server.RaftServer (RaftServerProxy.java:lambda$close$9(416)) - 5f4f4713-a1cc-4bb1-a761-5c302a8e1427: close
2024-01-26 13:21:35,525 [282c7661-760d-4a20-bf76-23fe8f9b2b08-impl-thread1] INFO  util.JmxRegister (JmxRegister.java:unregister(73)) - Successfully un-registered JMX Bean with object name Ratis:service=RaftServer,group=group-9246EA52D491,id=282c7661-760d-4a20-bf76-23fe8f9b2b08
2024-01-26 13:21:35,526 [282c7661-760d-4a20-bf76-23fe8f9b2b08-impl-thread1] INFO  impl.RoleInfo (RoleInfo.java:shutdownFollowerState(110)) - 282c7661-760d-4a20-bf76-23fe8f9b2b08: shutdown 282c7661-760d-4a20-bf76-23fe8f9b2b08@group-9246EA52D491-FollowerState
2024-01-26 13:21:35,526 [ForkJoinPool.commonPool-worker-4] INFO  server.GrpcService (GrpcService.java:closeImpl(311)) - 282c7661-760d-4a20-bf76-23fe8f9b2b08: shutdown server org.apache.ratis.grpc.server.GrpcClientProtocolService now
2024-01-26 13:21:35,526 [282c7661-760d-4a20-bf76-23fe8f9b2b08-impl-thread2] INFO  server.RaftServer$Division (RaftServerImpl.java:lambda$close$3(526)) - 282c7661-760d-4a20-bf76-23fe8f9b2b08@group-AEDAFCAF2672: shutdown
2024-01-26 13:21:35,526 [282c7661-760d-4a20-bf76-23fe8f9b2b08-impl-thread2] INFO  util.JmxRegister (JmxRegister.java:unregister(73)) - Successfully un-registered JMX Bean with object name Ratis:service=RaftServer,group=group-AEDAFCAF2672,id=282c7661-760d-4a20-bf76-23fe8f9b2b08
2024-01-26 13:21:35,526 [282c7661-760d-4a20-bf76-23fe8f9b2b08-impl-thread2] INFO  impl.RoleInfo (RoleInfo.java:shutdownLeaderState(94)) - 282c7661-760d-4a20-bf76-23fe8f9b2b08: shutdown 282c7661-760d-4a20-bf76-23fe8f9b2b08@group-AEDAFCAF2672-LeaderStateImpl
2024-01-26 13:21:35,526 [282c7661-760d-4a20-bf76-23fe8f9b2b08-impl-thread2] INFO  impl.PendingRequests (PendingRequests.java:sendNotLeaderResponses(289)) - 282c7661-760d-4a20-bf76-23fe8f9b2b08@group-AEDAFCAF2672-PendingRequests: sendNotLeaderResponses
2024-01-26 13:21:35,526 [282c7661-760d-4a20-bf76-23fe8f9b2b08-impl-thread2] INFO  impl.StateMachineUpdater (StateMachineUpdater.java:stopAndJoin(157)) - 282c7661-760d-4a20-bf76-23fe8f9b2b08@group-AEDAFCAF2672-StateMachineUpdater: set stopIndex = 0
2024-01-26 13:21:35,526 [282c7661-760d-4a20-bf76-23fe8f9b2b08@group-AEDAFCAF2672-StateMachineUpdater] INFO  ratis.ContainerStateMachine (ContainerStateMachine.java:takeSnapshot(355)) - group-AEDAFCAF2672: Taking a snapshot at:(t:1, i:0) file /home/runner/work/ozone/ozone/hadoop-ozone/integration-test/target/test-dir/MiniOzoneClusterImpl-953fd8c5-ac00-44c9-baab-0887e32ba883/datanode-7/data/ratis/d8a7a786-5738-4bb9-b443-aedafcaf2672/sm/snapshot.1_0
2024-01-26 13:21:35,527 [5f4f4713-a1cc-4bb1-a761-5c302a8e1427-impl-thread1] INFO  server.RaftServer$Division (RaftServerImpl.java:lambda$close$3(526)) - 5f4f4713-a1cc-4bb1-a761-5c302a8e1427@group-DE7F60803FD5: shutdown
2024-01-26 13:21:35,527 [5f4f4713-a1cc-4bb1-a761-5c302a8e1427-impl-thread1] INFO  util.JmxRegister (JmxRegister.java:unregister(73)) - Successfully un-registered JMX Bean with object name Ratis:service=RaftServer,group=group-DE7F60803FD5,id=5f4f4713-a1cc-4bb1-a761-5c302a8e1427
2024-01-26 13:21:35,527 [5f4f4713-a1cc-4bb1-a761-5c302a8e1427-impl-thread1] INFO  impl.RoleInfo (RoleInfo.java:shutdownLeaderState(94)) - 5f4f4713-a1cc-4bb1-a761-5c302a8e1427: shutdown 5f4f4713-a1cc-4bb1-a761-5c302a8e1427@group-DE7F60803FD5-LeaderStateImpl
2024-01-26 13:21:35,527 [5f4f4713-a1cc-4bb1-a761-5c302a8e1427-impl-thread1] INFO  impl.PendingRequests (PendingRequests.java:sendNotLeaderResponses(289)) - 5f4f4713-a1cc-4bb1-a761-5c302a8e1427@group-DE7F60803FD5-PendingRequests: sendNotLeaderResponses
2024-01-26 13:21:35,527 [5f4f4713-a1cc-4bb1-a761-5c302a8e1427-impl-thread1] INFO  impl.StateMachineUpdater (StateMachineUpdater.java:stopAndJoin(157)) - 5f4f4713-a1cc-4bb1-a761-5c302a8e1427@group-DE7F60803FD5-StateMachineUpdater: set stopIndex = 0
2024-01-26 13:21:35,528 [5f4f4713-a1cc-4bb1-a761-5c302a8e1427@group-DE7F60803FD5-StateMachineUpdater] INFO  ratis.ContainerStateMachine (ContainerStateMachine.java:takeSnapshot(355)) - group-DE7F60803FD5: Taking a snapshot at:(t:1, i:0) file /home/runner/work/ozone/ozone/hadoop-ozone/integration-test/target/test-dir/MiniOzoneClusterImpl-953fd8c5-ac00-44c9-baab-0887e32ba883/datanode-5/data/ratis/5d7097c8-cb87-4897-a133-de7f60803fd5/sm/snapshot.1_0
2024-01-26 13:21:35,528 [main] INFO  server.GrpcService (GrpcService.java:closeImpl(311)) - 5f4f4713-a1cc-4bb1-a761-5c302a8e1427: shutdown server org.apache.ratis.grpc.server.GrpcClientProtocolService now
2024-01-26 13:21:35,528 [282c7661-760d-4a20-bf76-23fe8f9b2b08@group-9246EA52D491-FollowerState] INFO  impl.FollowerState (FollowerState.java:run(152)) - 282c7661-760d-4a20-bf76-23fe8f9b2b08@group-9246EA52D491-FollowerState was interrupted
2024-01-26 13:21:35,528 [282c7661-760d-4a20-bf76-23fe8f9b2b08@group-AEDAFCAF2672-StateMachineUpdater] INFO  ratis.ContainerStateMachine (ContainerStateMachine.java:takeSnapshot(366)) - group-AEDAFCAF2672: Finished taking a snapshot at:(t:1, i:0) file:/home/runner/work/ozone/ozone/hadoop-ozone/integration-test/target/test-dir/MiniOzoneClusterImpl-953fd8c5-ac00-44c9-baab-0887e32ba883/datanode-7/data/ratis/d8a7a786-5738-4bb9-b443-aedafcaf2672/sm/snapshot.1_0 took: 1 ms
2024-01-26 13:21:35,528 [282c7661-760d-4a20-bf76-23fe8f9b2b08@group-AEDAFCAF2672-StateMachineUpdater] INFO  impl.StateMachineUpdater (StateMachineUpdater.java:takeSnapshot(295)) - 282c7661-760d-4a20-bf76-23fe8f9b2b08@group-AEDAFCAF2672-StateMachineUpdater: Took a snapshot at index 0
2024-01-26 13:21:35,528 [282c7661-760d-4a20-bf76-23fe8f9b2b08@group-AEDAFCAF2672-StateMachineUpdater] INFO  impl.StateMachineUpdater (StateMachineUpdater.java:lambda$new$0(98)) - 282c7661-760d-4a20-bf76-23fe8f9b2b08@group-AEDAFCAF2672-StateMachineUpdater: snapshotIndex: updateIncreasingly -1 -> 0
2024-01-26 13:21:35,528 [5f4f4713-a1cc-4bb1-a761-5c302a8e1427@group-DE7F60803FD5-StateMachineUpdater] INFO  ratis.ContainerStateMachine (ContainerStateMachine.java:takeSnapshot(366)) - group-DE7F60803FD5: Finished taking a snapshot at:(t:1, i:0) file:/home/runner/work/ozone/ozone/hadoop-ozone/integration-test/target/test-dir/MiniOzoneClusterImpl-953fd8c5-ac00-44c9-baab-0887e32ba883/datanode-5/data/ratis/5d7097c8-cb87-4897-a133-de7f60803fd5/sm/snapshot.1_0 took: 0 ms
2024-01-26 13:21:35,528 [282c7661-760d-4a20-bf76-23fe8f9b2b08@group-9246EA52D491-StateMachineUpdater] INFO  ratis.ContainerStateMachine (ContainerStateMachine.java:takeSnapshot(355)) - group-9246EA52D491: Taking a snapshot at:(t:1, i:0) file /home/runner/work/ozone/ozone/hadoop-ozone/integration-test/target/test-dir/MiniOzoneClusterImpl-953fd8c5-ac00-44c9-baab-0887e32ba883/datanode-7/data/ratis/c268dbf8-a06d-482b-bb17-9246ea52d491/sm/snapshot.1_0
2024-01-26 13:21:35,529 [5f4f4713-a1cc-4bb1-a761-5c302a8e1427@group-DE7F60803FD5-StateMachineUpdater] INFO  impl.StateMachineUpdater (StateMachineUpdater.java:takeSnapshot(295)) - 5f4f4713-a1cc-4bb1-a761-5c302a8e1427@group-DE7F60803FD5-StateMachineUpdater: Took a snapshot at index 0
2024-01-26 13:21:35,529 [5f4f4713-a1cc-4bb1-a761-5c302a8e1427@group-DE7F60803FD5-StateMachineUpdater] INFO  impl.StateMachineUpdater (StateMachineUpdater.java:lambda$new$0(98)) - 5f4f4713-a1cc-4bb1-a761-5c302a8e1427@group-DE7F60803FD5-StateMachineUpdater: snapshotIndex: updateIncreasingly -1 -> 0
2024-01-26 13:21:35,528 [282c7661-760d-4a20-bf76-23fe8f9b2b08-impl-thread1] INFO  impl.StateMachineUpdater (StateMachineUpdater.java:stopAndJoin(157)) - 282c7661-760d-4a20-bf76-23fe8f9b2b08@group-9246EA52D491-StateMachineUpdater: set stopIndex = 0
2024-01-26 13:21:35,528 [5f4f4713-a1cc-4bb1-a761-5c302a8e1427-impl-thread2] INFO  server.RaftServer$Division (RaftServerImpl.java:lambda$close$3(526)) - 5f4f4713-a1cc-4bb1-a761-5c302a8e1427@group-D2C280C44EC0: shutdown
2024-01-26 13:21:35,529 [Thread-4509] INFO  server.GrpcServerProtocolClient (GrpcServerProtocolClient.java:close(103)) - 8e7f399e-f7c5-430e-98c6-d19423f76280 Close channels
2024-01-26 13:21:35,529 [5f4f4713-a1cc-4bb1-a761-5c302a8e1427-impl-thread1] INFO  server.RaftServer$Division (ServerState.java:close(427)) - 5f4f4713-a1cc-4bb1-a761-5c302a8e1427@group-DE7F60803FD5: applyIndex: 0
2024-01-26 13:21:35,529 [282c7661-760d-4a20-bf76-23fe8f9b2b08-impl-thread2] INFO  server.RaftServer$Division (ServerState.java:close(427)) - 282c7661-760d-4a20-bf76-23fe8f9b2b08@group-AEDAFCAF2672: applyIndex: 0
2024-01-26 13:21:35,528 [Thread-4506] INFO  server.GrpcServerProtocolClient (GrpcServerProtocolClient.java:close(103)) - 6765ae9a-8790-488a-a655-dfdac73b9f74 Close channels
2024-01-26 13:21:35,529 [5f4f4713-a1cc-4bb1-a761-5c302a8e1427-impl-thread2] INFO  util.JmxRegister (JmxRegister.java:unregister(73)) - Successfully un-registered JMX Bean with object name Ratis:service=RaftServer,group=group-D2C280C44EC0,id=5f4f4713-a1cc-4bb1-a761-5c302a8e1427
2024-01-26 13:21:35,530 [5f4f4713-a1cc-4bb1-a761-5c302a8e1427-impl-thread2] INFO  impl.RoleInfo (RoleInfo.java:shutdownFollowerState(110)) - 5f4f4713-a1cc-4bb1-a761-5c302a8e1427: shutdown 5f4f4713-a1cc-4bb1-a761-5c302a8e1427@group-D2C280C44EC0-FollowerState
2024-01-26 13:21:35,530 [282c7661-760d-4a20-bf76-23fe8f9b2b08@group-9246EA52D491-StateMachineUpdater] INFO  ratis.ContainerStateMachine (ContainerStateMachine.java:takeSnapshot(366)) - group-9246EA52D491: Finished taking a snapshot at:(t:1, i:0) file:/home/runner/work/ozone/ozone/hadoop-ozone/integration-test/target/test-dir/MiniOzoneClusterImpl-953fd8c5-ac00-44c9-baab-0887e32ba883/datanode-7/data/ratis/c268dbf8-a06d-482b-bb17-9246ea52d491/sm/snapshot.1_0 took: 2 ms
2024-01-26 13:21:35,530 [282c7661-760d-4a20-bf76-23fe8f9b2b08@group-9246EA52D491-StateMachineUpdater] INFO  impl.StateMachineUpdater (StateMachineUpdater.java:takeSnapshot(295)) - 282c7661-760d-4a20-bf76-23fe8f9b2b08@group-9246EA52D491-StateMachineUpdater: Took a snapshot at index 0
2024-01-26 13:21:35,530 [282c7661-760d-4a20-bf76-23fe8f9b2b08@group-9246EA52D491-StateMachineUpdater] INFO  impl.StateMachineUpdater (StateMachineUpdater.java:lambda$new$0(98)) - 282c7661-760d-4a20-bf76-23fe8f9b2b08@group-9246EA52D491-StateMachineUpdater: snapshotIndex: updateIncreasingly -1 -> 0
2024-01-26 13:21:35,530 [282c7661-760d-4a20-bf76-23fe8f9b2b08-impl-thread1] INFO  server.RaftServer$Division (ServerState.java:close(427)) - 282c7661-760d-4a20-bf76-23fe8f9b2b08@group-9246EA52D491: applyIndex: 0
2024-01-26 13:21:35,531 [282c7661-760d-4a20-bf76-23fe8f9b2b08@group-9246EA52D491-cacheEviction-AwaitToRun] INFO  util.AwaitToRun (AwaitToRun.java:run(49)) - 282c7661-760d-4a20-bf76-23fe8f9b2b08@group-9246EA52D491-cacheEviction-AwaitToRun-AwaitForSignal is interrupted
2024-01-26 13:21:35,531 [ForkJoinPool.commonPool-worker-4] INFO  server.GrpcService (GrpcService.java:closeImpl(320)) - 282c7661-760d-4a20-bf76-23fe8f9b2b08: shutdown server org.apache.ratis.grpc.server.GrpcClientProtocolService successfully
2024-01-26 13:21:35,531 [5f4f4713-a1cc-4bb1-a761-5c302a8e1427@group-D2C280C44EC0-FollowerState] INFO  impl.FollowerState (FollowerState.java:run(152)) - 5f4f4713-a1cc-4bb1-a761-5c302a8e1427@group-D2C280C44EC0-FollowerState was interrupted
2024-01-26 13:21:35,531 [5f4f4713-a1cc-4bb1-a761-5c302a8e1427@group-D2C280C44EC0-StateMachineUpdater] INFO  ratis.ContainerStateMachine (ContainerStateMachine.java:takeSnapshot(355)) - group-D2C280C44EC0: Taking a snapshot at:(t:1, i:0) file /home/runner/work/ozone/ozone/hadoop-ozone/integration-test/target/test-dir/MiniOzoneClusterImpl-953fd8c5-ac00-44c9-baab-0887e32ba883/datanode-5/data/ratis/565c7106-4406-46e8-8d34-d2c280c44ec0/sm/snapshot.1_0
2024-01-26 13:21:35,531 [282c7661-760d-4a20-bf76-23fe8f9b2b08@group-AEDAFCAF2672-cacheEviction-AwaitToRun] INFO  util.AwaitToRun (AwaitToRun.java:run(49)) - 282c7661-760d-4a20-bf76-23fe8f9b2b08@group-AEDAFCAF2672-cacheEviction-AwaitToRun-AwaitForSignal is interrupted
2024-01-26 13:21:35,531 [ForkJoinPool.commonPool-worker-4] INFO  server.GrpcService (GrpcService.java:closeImpl(311)) - 282c7661-760d-4a20-bf76-23fe8f9b2b08: shutdown server GrpcServerProtocolService now
2024-01-26 13:21:35,531 [5f4f4713-a1cc-4bb1-a761-5c302a8e1427-impl-thread2] INFO  impl.StateMachineUpdater (StateMachineUpdater.java:stopAndJoin(157)) - 5f4f4713-a1cc-4bb1-a761-5c302a8e1427@group-D2C280C44EC0-StateMachineUpdater: set stopIndex = 0
2024-01-26 13:21:35,533 [ForkJoinPool.commonPool-worker-3] INFO  ozoneimpl.OzoneContainer (OzoneContainer.java:stop(479)) - Attempting to stop container services.
2024-01-26 13:21:35,533 [main] INFO  server.GrpcService (GrpcService.java:closeImpl(320)) - 5f4f4713-a1cc-4bb1-a761-5c302a8e1427: shutdown server org.apache.ratis.grpc.server.GrpcClientProtocolService successfully
2024-01-26 13:21:35,534 [main] INFO  server.GrpcService (GrpcService.java:closeImpl(311)) - 5f4f4713-a1cc-4bb1-a761-5c302a8e1427: shutdown server GrpcServerProtocolService now
2024-01-26 13:21:35,533 [ForkJoinPool.commonPool-worker-5] INFO  ozoneimpl.OzoneContainer (OzoneContainer.java:stop(479)) - Attempting to stop container services.
2024-01-26 13:21:35,533 [5f4f4713-a1cc-4bb1-a761-5c302a8e1427@group-DE7F60803FD5-cacheEviction-AwaitToRun] INFO  util.AwaitToRun (AwaitToRun.java:run(49)) - 5f4f4713-a1cc-4bb1-a761-5c302a8e1427@group-DE7F60803FD5-cacheEviction-AwaitToRun-AwaitForSignal is interrupted
2024-01-26 13:21:35,532 [5f4f4713-a1cc-4bb1-a761-5c302a8e1427@group-D2C280C44EC0-StateMachineUpdater] INFO  ratis.ContainerStateMachine (ContainerStateMachine.java:takeSnapshot(366)) - group-D2C280C44EC0: Finished taking a snapshot at:(t:1, i:0) file:/home/runner/work/ozone/ozone/hadoop-ozone/integration-test/target/test-dir/MiniOzoneClusterImpl-953fd8c5-ac00-44c9-baab-0887e32ba883/datanode-5/data/ratis/565c7106-4406-46e8-8d34-d2c280c44ec0/sm/snapshot.1_0 took: 0 ms
2024-01-26 13:21:35,534 [5f4f4713-a1cc-4bb1-a761-5c302a8e1427@group-D2C280C44EC0-StateMachineUpdater] INFO  impl.StateMachineUpdater (StateMachineUpdater.java:takeSnapshot(295)) - 5f4f4713-a1cc-4bb1-a761-5c302a8e1427@group-D2C280C44EC0-StateMachineUpdater: Took a snapshot at index 0
2024-01-26 13:21:35,534 [5f4f4713-a1cc-4bb1-a761-5c302a8e1427@group-D2C280C44EC0-StateMachineUpdater] INFO  impl.StateMachineUpdater (StateMachineUpdater.java:lambda$new$0(98)) - 5f4f4713-a1cc-4bb1-a761-5c302a8e1427@group-D2C280C44EC0-StateMachineUpdater: snapshotIndex: updateIncreasingly -1 -> 0
2024-01-26 13:21:35,537 [ForkJoinPool.commonPool-worker-3] INFO  server.RaftServer (RaftServerProxy.java:lambda$close$9(416)) - a1acbc51-0491-4521-9956-72ea0a3fcfae: close
2024-01-26 13:21:35,537 [grpc-default-executor-2] WARN  server.GrpcServerProtocolService (LogUtils.java:warn(121)) - 282c7661-760d-4a20-bf76-23fe8f9b2b08: APPEND_ENTRIES onError, lastRequest: null: org.apache.ratis.thirdparty.io.grpc.StatusRuntimeException: CANCELLED: client cancelled
2024-01-26 13:21:35,537 [grpc-default-executor-5] WARN  server.GrpcLogAppender (LogUtils.java:warn(121)) - 6765ae9a-8790-488a-a655-dfdac73b9f74@group-9246EA52D491->282c7661-760d-4a20-bf76-23fe8f9b2b08-AppendLogResponseHandler: Failed appendEntries: org.apache.ratis.thirdparty.io.grpc.StatusRuntimeException: CANCELLED: RST_STREAM closed stream. HTTP/2 error code: CANCEL
2024-01-26 13:21:35,537 [ForkJoinPool.commonPool-worker-3] INFO  server.GrpcService (GrpcService.java:closeImpl(311)) - a1acbc51-0491-4521-9956-72ea0a3fcfae: shutdown server org.apache.ratis.grpc.server.GrpcClientProtocolService now
2024-01-26 13:21:35,537 [grpc-default-executor-5] WARN  server.GrpcLogAppender (GrpcLogAppender.java:lambda$resetClient$1(217)) - 6765ae9a-8790-488a-a655-dfdac73b9f74@group-9246EA52D491->282c7661-760d-4a20-bf76-23fe8f9b2b08-GrpcLogAppender: Follower failed (request=null, errorCount=1); keep nextIndex (1) unchanged and retry.
2024-01-26 13:21:35,538 [ForkJoinPool.commonPool-worker-5] INFO  server.RaftServer (RaftServerProxy.java:lambda$close$9(416)) - cb54f49b-2271-401a-a078-0b164c9907dd: close
2024-01-26 13:21:35,538 [a1acbc51-0491-4521-9956-72ea0a3fcfae-impl-thread2] INFO  server.RaftServer$Division (RaftServerImpl.java:lambda$close$3(526)) - a1acbc51-0491-4521-9956-72ea0a3fcfae@group-47DBA195F5C4: shutdown
2024-01-26 13:21:35,538 [a1acbc51-0491-4521-9956-72ea0a3fcfae-impl-thread2] INFO  util.JmxRegister (JmxRegister.java:unregister(73)) - Successfully un-registered JMX Bean with object name Ratis:service=RaftServer,group=group-47DBA195F5C4,id=a1acbc51-0491-4521-9956-72ea0a3fcfae
2024-01-26 13:21:35,538 [a1acbc51-0491-4521-9956-72ea0a3fcfae-impl-thread2] INFO  impl.RoleInfo (RoleInfo.java:shutdownLeaderState(94)) - a1acbc51-0491-4521-9956-72ea0a3fcfae: shutdown a1acbc51-0491-4521-9956-72ea0a3fcfae@group-47DBA195F5C4-LeaderStateImpl
2024-01-26 13:21:35,538 [a1acbc51-0491-4521-9956-72ea0a3fcfae-impl-thread2] INFO  impl.PendingRequests (PendingRequests.java:sendNotLeaderResponses(289)) - a1acbc51-0491-4521-9956-72ea0a3fcfae@group-47DBA195F5C4-PendingRequests: sendNotLeaderResponses
2024-01-26 13:21:35,538 [a1acbc51-0491-4521-9956-72ea0a3fcfae-impl-thread1] INFO  server.RaftServer$Division (RaftServerImpl.java:lambda$close$3(526)) - a1acbc51-0491-4521-9956-72ea0a3fcfae@group-8F301DE41D58: shutdown
2024-01-26 13:21:35,538 [grpc-default-executor-4] WARN  server.GrpcServerProtocolService (LogUtils.java:warn(121)) - 282c7661-760d-4a20-bf76-23fe8f9b2b08: APPEND_ENTRIES onError, lastRequest: 6765ae9a-8790-488a-a655-dfdac73b9f74->282c7661-760d-4a20-bf76-23fe8f9b2b08#1-t1,previous=(t:0, i:0),leaderCommit=-1,initializing? false,entries: size=1, first=(t:1, i:0), CONFIGURATIONENTRY(current:id: "6765ae9a-8790-488a-a655-dfdac73b9f74"
address: "10.1.0.20:15353"
priority: 1
dataStreamAddress: "10.1.0.20:15354"
clientAddress: "10.1.0.20:15351"
adminAddress: "10.1.0.20:15352"
startupRole: FOLLOWER
,id: "282c7661-760d-4a20-bf76-23fe8f9b2b08"
address: "10.1.0.20:15344"
dataStreamAddress: "10.1.0.20:15345"
clientAddress: "10.1.0.20:15342"
adminAddress: "10.1.0.20:15343"
startupRole: FOLLOWER
,id: "8e7f399e-f7c5-430e-98c6-d19423f76280"
address: "10.1.0.20:15335"
dataStreamAddress: "10.1.0.20:15336"
clientAddress: "10.1.0.20:15333"
adminAddress: "10.1.0.20:15334"
startupRole: FOLLOWER
, old:): org.apache.ratis.thirdparty.io.grpc.StatusRuntimeException: CANCELLED: client cancelled
2024-01-26 13:21:35,539 [a1acbc51-0491-4521-9956-72ea0a3fcfae-impl-thread1] INFO  util.JmxRegister (JmxRegister.java:unregister(73)) - Successfully un-registered JMX Bean with object name Ratis:service=RaftServer,group=group-8F301DE41D58,id=a1acbc51-0491-4521-9956-72ea0a3fcfae
2024-01-26 13:21:35,539 [a1acbc51-0491-4521-9956-72ea0a3fcfae-impl-thread1] INFO  impl.RoleInfo (RoleInfo.java:shutdownLeaderState(94)) - a1acbc51-0491-4521-9956-72ea0a3fcfae: shutdown a1acbc51-0491-4521-9956-72ea0a3fcfae@group-8F301DE41D58-LeaderStateImpl
2024-01-26 13:21:35,539 [a1acbc51-0491-4521-9956-72ea0a3fcfae@group-8F301DE41D58->cb54f49b-2271-401a-a078-0b164c9907dd-GrpcLogAppender-LogAppenderDaemon] WARN  server.GrpcLogAppender (GrpcLogAppender.java:mayWait(289)) - a1acbc51-0491-4521-9956-72ea0a3fcfae@group-8F301DE41D58->cb54f49b-2271-401a-a078-0b164c9907dd-GrpcLogAppender: Wait interrupted by java.lang.InterruptedException
2024-01-26 13:21:35,539 [Thread-4519] INFO  server.GrpcServerProtocolClient (GrpcServerProtocolClient.java:close(103)) - 2d827dc5-08e9-453f-94d7-4114e25c345f Close channels
2024-01-26 13:21:35,539 [grpc-default-executor-5] WARN  server.GrpcServerProtocolService (LogUtils.java:warn(121)) - 5f4f4713-a1cc-4bb1-a761-5c302a8e1427: APPEND_ENTRIES onError, lastRequest: null: org.apache.ratis.thirdparty.io.grpc.StatusRuntimeException: CANCELLED: client cancelled
2024-01-26 13:21:35,539 [a1acbc51-0491-4521-9956-72ea0a3fcfae-impl-thread2] INFO  impl.StateMachineUpdater (StateMachineUpdater.java:stopAndJoin(157)) - a1acbc51-0491-4521-9956-72ea0a3fcfae@group-47DBA195F5C4-StateMachineUpdater: set stopIndex = 0
2024-01-26 13:21:35,539 [grpc-default-executor-5] INFO  server.GrpcServerProtocolService (GrpcServerProtocolService.java:onCompleted(157)) - cb54f49b-2271-401a-a078-0b164c9907dd: Completed APPEND_ENTRIES, lastRequest: null
2024-01-26 13:21:35,539 [grpc-default-executor-5] INFO  server.GrpcServerProtocolService (GrpcServerProtocolService.java:lambda$onCompleted$5(159)) - cb54f49b-2271-401a-a078-0b164c9907dd: Completed APPEND_ENTRIES, lastReply: serverReply {
  requestorId: "a1acbc51-0491-4521-9956-72ea0a3fcfae"
  replyId: "cb54f49b-2271-401a-a078-0b164c9907dd"
  raftGroupId {
    id: "\234D\310\313\2351C\215\217H\2170\035\344\035X"
  }
  callId: 7
  success: true
}
term: 1
nextIndex: 1
matchIndex: 18446744073709551615
isHearbeat: true

2024-01-26 13:21:35,539 [grpc-default-executor-6] INFO  server.GrpcServerProtocolService (GrpcServerProtocolService.java:onCompleted(157)) - cb54f49b-2271-401a-a078-0b164c9907dd: Completed APPEND_ENTRIES, lastRequest: a1acbc51-0491-4521-9956-72ea0a3fcfae->cb54f49b-2271-401a-a078-0b164c9907dd#1-t1,previous=(t:0, i:0),leaderCommit=-1,initializing? false,entries: size=1, first=(t:1, i:0), CONFIGURATIONENTRY(current:id: "cb54f49b-2271-401a-a078-0b164c9907dd"
address: "10.1.0.20:15290"
dataStreamAddress: "10.1.0.20:15291"
clientAddress: "10.1.0.20:15288"
adminAddress: "10.1.0.20:15289"
startupRole: FOLLOWER
,id: "a1acbc51-0491-4521-9956-72ea0a3fcfae"
address: "10.1.0.20:15299"
priority: 1
dataStreamAddress: "10.1.0.20:15300"
clientAddress: "10.1.0.20:15297"
adminAddress: "10.1.0.20:15298"
startupRole: FOLLOWER
,id: "2d827dc5-08e9-453f-94d7-4114e25c345f"
address: "10.1.0.20:15281"
dataStreamAddress: "10.1.0.20:15282"
clientAddress: "10.1.0.20:15279"
adminAddress: "10.1.0.20:15280"
startupRole: FOLLOWER
, old:)
2024-01-26 13:21:35,540 [grpc-default-executor-6] INFO  server.GrpcServerProtocolService (GrpcServerProtocolService.java:lambda$onCompleted$5(159)) - cb54f49b-2271-401a-a078-0b164c9907dd: Completed APPEND_ENTRIES, lastReply: null
2024-01-26 13:21:35,540 [a1acbc51-0491-4521-9956-72ea0a3fcfae@group-8F301DE41D58->2d827dc5-08e9-453f-94d7-4114e25c345f-GrpcLogAppender-LogAppenderDaemon] WARN  server.GrpcLogAppender (GrpcLogAppender.java:mayWait(289)) - a1acbc51-0491-4521-9956-72ea0a3fcfae@group-8F301DE41D58->2d827dc5-08e9-453f-94d7-4114e25c345f-GrpcLogAppender: Wait interrupted by java.lang.InterruptedException
2024-01-26 13:21:35,540 [grpc-default-executor-1] WARN  server.GrpcLogAppender (LogUtils.java:warn(121)) - 061c5e1a-1095-4fef-ae35-bb2f1955fa47@group-D2C280C44EC0->5f4f4713-a1cc-4bb1-a761-5c302a8e1427-AppendLogResponseHandler: Failed appendEntries: org.apache.ratis.thirdparty.io.grpc.StatusRuntimeException: CANCELLED: RST_STREAM closed stream. HTTP/2 error code: CANCEL
2024-01-26 13:21:35,538 [Thread-4516] INFO  server.GrpcServerProtocolClient (GrpcServerProtocolClient.java:close(103)) - cb54f49b-2271-401a-a078-0b164c9907dd Close channels
2024-01-26 13:21:35,542 [cb54f49b-2271-401a-a078-0b164c9907dd-impl-thread2] INFO  server.RaftServer$Division (RaftServerImpl.java:lambda$close$3(526)) - cb54f49b-2271-401a-a078-0b164c9907dd@group-8F301DE41D58: shutdown
2024-01-26 13:21:35,541 [ForkJoinPool.commonPool-worker-4] INFO  server.GrpcService (GrpcService.java:closeImpl(320)) - 282c7661-760d-4a20-bf76-23fe8f9b2b08: shutdown server GrpcServerProtocolService successfully
2024-01-26 13:21:35,542 [ForkJoinPool.commonPool-worker-4] INFO  server.GrpcService (GrpcService.java:closeImpl(311)) - 282c7661-760d-4a20-bf76-23fe8f9b2b08: shutdown server org.apache.ratis.grpc.server.GrpcAdminProtocolService now
2024-01-26 13:21:35,541 [5f4f4713-a1cc-4bb1-a761-5c302a8e1427-impl-thread2] INFO  server.RaftServer$Division (ServerState.java:close(427)) - 5f4f4713-a1cc-4bb1-a761-5c302a8e1427@group-D2C280C44EC0: applyIndex: 0
2024-01-26 13:21:35,541 [ForkJoinPool.commonPool-worker-6] INFO  ozoneimpl.OzoneContainer (OzoneContainer.java:stop(479)) - Attempting to stop container services.
2024-01-26 13:21:35,541 [a1acbc51-0491-4521-9956-72ea0a3fcfae@group-47DBA195F5C4-StateMachineUpdater] INFO  ratis.ContainerStateMachine (ContainerStateMachine.java:takeSnapshot(355)) - group-47DBA195F5C4: Taking a snapshot at:(t:1, i:0) file /home/runner/work/ozone/ozone/hadoop-ozone/integration-test/target/test-dir/MiniOzoneClusterImpl-953fd8c5-ac00-44c9-baab-0887e32ba883/datanode-2/data/ratis/27e214a6-bcc1-4b24-a611-47dba195f5c4/sm/snapshot.1_0
2024-01-26 13:21:35,542 [grpc-default-executor-1] WARN  server.GrpcLogAppender (GrpcLogAppender.java:lambda$resetClient$1(217)) - 061c5e1a-1095-4fef-ae35-bb2f1955fa47@group-D2C280C44EC0->5f4f4713-a1cc-4bb1-a761-5c302a8e1427-GrpcLogAppender: Follower failed (request=null, errorCount=1); keep nextIndex (1) unchanged and retry.
2024-01-26 13:21:35,540 [ForkJoinPool.commonPool-worker-5] INFO  server.GrpcService (GrpcService.java:closeImpl(311)) - cb54f49b-2271-401a-a078-0b164c9907dd: shutdown server org.apache.ratis.grpc.server.GrpcClientProtocolService now
2024-01-26 13:21:35,542 [grpc-default-executor-2] INFO  server.GrpcServerProtocolService (GrpcServerProtocolService.java:onCompleted(157)) - 2d827dc5-08e9-453f-94d7-4114e25c345f: Completed APPEND_ENTRIES, lastRequest: a1acbc51-0491-4521-9956-72ea0a3fcfae->2d827dc5-08e9-453f-94d7-4114e25c345f#1-t1,previous=(t:0, i:0),leaderCommit=-1,initializing? false,entries: size=1, first=(t:1, i:0), CONFIGURATIONENTRY(current:id: "cb54f49b-2271-401a-a078-0b164c9907dd"
address: "10.1.0.20:15290"
dataStreamAddress: "10.1.0.20:15291"
clientAddress: "10.1.0.20:15288"
adminAddress: "10.1.0.20:15289"
startupRole: FOLLOWER
,id: "a1acbc51-0491-4521-9956-72ea0a3fcfae"
address: "10.1.0.20:15299"
priority: 1
dataStreamAddress: "10.1.0.20:15300"
clientAddress: "10.1.0.20:15297"
adminAddress: "10.1.0.20:15298"
startupRole: FOLLOWER
,id: "2d827dc5-08e9-453f-94d7-4114e25c345f"
address: "10.1.0.20:15281"
dataStreamAddress: "10.1.0.20:15282"
clientAddress: "10.1.0.20:15279"
adminAddress: "10.1.0.20:15280"
startupRole: FOLLOWER
, old:)
2024-01-26 13:21:35,542 [grpc-default-executor-2] INFO  server.GrpcServerProtocolService (GrpcServerProtocolService.java:lambda$onCompleted$5(159)) - 2d827dc5-08e9-453f-94d7-4114e25c345f: Completed APPEND_ENTRIES, lastReply: null
2024-01-26 13:21:35,539 [cb54f49b-2271-401a-a078-0b164c9907dd-impl-thread1] INFO  server.RaftServer$Division (RaftServerImpl.java:lambda$close$3(526)) - cb54f49b-2271-401a-a078-0b164c9907dd@group-CAA3F149B9FB: shutdown
2024-01-26 13:21:35,539 [a1acbc51-0491-4521-9956-72ea0a3fcfae-impl-thread1] INFO  impl.PendingRequests (PendingRequests.java:sendNotLeaderResponses(289)) - a1acbc51-0491-4521-9956-72ea0a3fcfae@group-8F301DE41D58-PendingRequests: sendNotLeaderResponses
2024-01-26 13:21:35,543 [cb54f49b-2271-401a-a078-0b164c9907dd-impl-thread1] INFO  util.JmxRegister (JmxRegister.java:unregister(73)) - Successfully un-registered JMX Bean with object name Ratis:service=RaftServer,group=group-CAA3F149B9FB,id=cb54f49b-2271-401a-a078-0b164c9907dd
2024-01-26 13:21:35,543 [cb54f49b-2271-401a-a078-0b164c9907dd-impl-thread1] INFO  impl.RoleInfo (RoleInfo.java:shutdownLeaderState(94)) - cb54f49b-2271-401a-a078-0b164c9907dd: shutdown cb54f49b-2271-401a-a078-0b164c9907dd@group-CAA3F149B9FB-LeaderStateImpl
2024-01-26 13:21:35,542 [a1acbc51-0491-4521-9956-72ea0a3fcfae@group-47DBA195F5C4-StateMachineUpdater] INFO  ratis.ContainerStateMachine (ContainerStateMachine.java:takeSnapshot(366)) - group-47DBA195F5C4: Finished taking a snapshot at:(t:1, i:0) file:/home/runner/work/ozone/ozone/hadoop-ozone/integration-test/target/test-dir/MiniOzoneClusterImpl-953fd8c5-ac00-44c9-baab-0887e32ba883/datanode-2/data/ratis/27e214a6-bcc1-4b24-a611-47dba195f5c4/sm/snapshot.1_0 took: 2 ms
2024-01-26 13:21:35,543 [cb54f49b-2271-401a-a078-0b164c9907dd-impl-thread1] INFO  impl.PendingRequests (PendingRequests.java:sendNotLeaderResponses(289)) - cb54f49b-2271-401a-a078-0b164c9907dd@group-CAA3F149B9FB-PendingRequests: sendNotLeaderResponses
2024-01-26 13:21:35,542 [ForkJoinPool.commonPool-worker-6] INFO  server.RaftServer (RaftServerProxy.java:lambda$close$9(416)) - 061c5e1a-1095-4fef-ae35-bb2f1955fa47: close
2024-01-26 13:21:35,543 [grpc-default-executor-5] INFO  server.GrpcLogAppender (GrpcLogAppender.java:onCompleted(546)) - a1acbc51-0491-4521-9956-72ea0a3fcfae@group-8F301DE41D58->cb54f49b-2271-401a-a078-0b164c9907dd-AppendLogResponseHandler: follower responses appendEntries COMPLETED
2024-01-26 13:21:35,542 [grpc-default-executor-0] WARN  server.GrpcServerProtocolService (LogUtils.java:warn(121)) - 5f4f4713-a1cc-4bb1-a761-5c302a8e1427: APPEND_ENTRIES onError, lastRequest: 061c5e1a-1095-4fef-ae35-bb2f1955fa47->5f4f4713-a1cc-4bb1-a761-5c302a8e1427#1-t1,previous=(t:0, i:0),leaderCommit=-1,initializing? false,entries: size=1, first=(t:1, i:0), CONFIGURATIONENTRY(current:id: "5f4f4713-a1cc-4bb1-a761-5c302a8e1427"
address: "10.1.0.20:15326"
dataStreamAddress: "10.1.0.20:15327"
clientAddress: "10.1.0.20:15324"
adminAddress: "10.1.0.20:15325"
startupRole: FOLLOWER
,id: "512d2126-5b92-4e29-85c7-4f085cf86b5e"
address: "10.1.0.20:15317"
dataStreamAddress: "10.1.0.20:15318"
clientAddress: "10.1.0.20:15315"
adminAddress: "10.1.0.20:15316"
startupRole: FOLLOWER
,id: "061c5e1a-1095-4fef-ae35-bb2f1955fa47"
address: "10.1.0.20:15308"
priority: 1
dataStreamAddress: "10.1.0.20:15309"
clientAddress: "10.1.0.20:15306"
adminAddress: "10.1.0.20:15307"
startupRole: FOLLOWER
, old:): org.apache.ratis.thirdparty.io.grpc.StatusRuntimeException: CANCELLED: client cancelled
2024-01-26 13:21:35,542 [5f4f4713-a1cc-4bb1-a761-5c302a8e1427@group-D2C280C44EC0-cacheEviction-AwaitToRun] INFO  util.AwaitToRun (AwaitToRun.java:run(49)) - 5f4f4713-a1cc-4bb1-a761-5c302a8e1427@group-D2C280C44EC0-cacheEviction-AwaitToRun-AwaitForSignal is interrupted
2024-01-26 13:21:35,542 [cb54f49b-2271-401a-a078-0b164c9907dd-impl-thread2] INFO  util.JmxRegister (JmxRegister.java:unregister(73)) - Successfully un-registered JMX Bean with object name Ratis:service=RaftServer,group=group-8F301DE41D58,id=cb54f49b-2271-401a-a078-0b164c9907dd
2024-01-26 13:21:35,543 [cb54f49b-2271-401a-a078-0b164c9907dd-impl-thread2] INFO  impl.RoleInfo (RoleInfo.java:shutdownFollowerState(110)) - cb54f49b-2271-401a-a078-0b164c9907dd: shutdown cb54f49b-2271-401a-a078-0b164c9907dd@group-8F301DE41D58-FollowerState
2024-01-26 13:21:35,543 [grpc-default-executor-5] WARN  server.GrpcLogAppender (GrpcLogAppender.java:resetClient(226)) - a1acbc51-0491-4521-9956-72ea0a3fcfae@group-8F301DE41D58->cb54f49b-2271-401a-a078-0b164c9907dd-GrpcLogAppender: Failed to getClient for cb54f49b-2271-401a-a078-0b164c9907dd
org.apache.ratis.protocol.exceptions.AlreadyClosedException: a1acbc51-0491-4521-9956-72ea0a3fcfae is already CLOSED
	at org.apache.ratis.util.PeerProxyMap$PeerAndProxy.getProxy(PeerProxyMap.java:65)
	at org.apache.ratis.util.PeerProxyMap.getProxy(PeerProxyMap.java:114)
	at org.apache.ratis.grpc.server.GrpcLogAppender.getClient(GrpcLogAppender.java:196)
	at org.apache.ratis.grpc.server.GrpcLogAppender.resetClient(GrpcLogAppender.java:201)
	at org.apache.ratis.grpc.server.GrpcLogAppender.access$800(GrpcLogAppender.java:62)
	at org.apache.ratis.grpc.server.GrpcLogAppender$AppendLogResponseHandler.onCompleted(GrpcLogAppender.java:547)
	at org.apache.ratis.thirdparty.io.grpc.stub.ClientCalls$StreamObserverToCallListenerAdapter.onClose(ClientCalls.java:479)
	at org.apache.ratis.thirdparty.io.grpc.internal.ClientCallImpl.closeObserver(ClientCallImpl.java:567)
	at org.apache.ratis.thirdparty.io.grpc.internal.ClientCallImpl.access$300(ClientCallImpl.java:71)
	at org.apache.ratis.thirdparty.io.grpc.internal.ClientCallImpl$ClientStreamListenerImpl$1StreamClosed.runInternal(ClientCallImpl.java:735)
	at org.apache.ratis.thirdparty.io.grpc.internal.ClientCallImpl$ClientStreamListenerImpl$1StreamClosed.runInContext(ClientCallImpl.java:716)
	at org.apache.ratis.thirdparty.io.grpc.internal.ContextRunnable.run(ContextRunnable.java:37)
	at org.apache.ratis.thirdparty.io.grpc.internal.SerializingExecutor.run(SerializingExecutor.java:133)
	at java.util.concurrent.ThreadPoolExecutor.runWorker(ThreadPoolExecutor.java:1149)
	at java.util.concurrent.ThreadPoolExecutor$Worker.run(ThreadPoolExecutor.java:624)
	at java.lang.Thread.run(Thread.java:750)
2024-01-26 13:21:35,543 [a1acbc51-0491-4521-9956-72ea0a3fcfae@group-47DBA195F5C4-StateMachineUpdater] INFO  impl.StateMachineUpdater (StateMachineUpdater.java:takeSnapshot(295)) - a1acbc51-0491-4521-9956-72ea0a3fcfae@group-47DBA195F5C4-StateMachineUpdater: Took a snapshot at index 0
2024-01-26 13:21:35,555 [a1acbc51-0491-4521-9956-72ea0a3fcfae@group-47DBA195F5C4-StateMachineUpdater] INFO  impl.StateMachineUpdater (StateMachineUpdater.java:lambda$new$0(98)) - a1acbc51-0491-4521-9956-72ea0a3fcfae@group-47DBA195F5C4-StateMachineUpdater: snapshotIndex: updateIncreasingly -1 -> 0
2024-01-26 13:21:35,556 [a1acbc51-0491-4521-9956-72ea0a3fcfae-impl-thread2] INFO  server.RaftServer$Division (ServerState.java:close(427)) - a1acbc51-0491-4521-9956-72ea0a3fcfae@group-47DBA195F5C4: applyIndex: 0
2024-01-26 13:21:35,555 [grpc-default-executor-1] INFO  server.GrpcLogAppender (GrpcLogAppender.java:onCompleted(546)) - a1acbc51-0491-4521-9956-72ea0a3fcfae@group-8F301DE41D58->cb54f49b-2271-401a-a078-0b164c9907dd-AppendLogResponseHandler: follower responses appendEntries COMPLETED
2024-01-26 13:21:35,552 [ForkJoinPool.commonPool-worker-6] INFO  server.GrpcService (GrpcService.java:closeImpl(311)) - 061c5e1a-1095-4fef-ae35-bb2f1955fa47: shutdown server org.apache.ratis.grpc.server.GrpcClientProtocolService now
2024-01-26 13:21:35,552 [061c5e1a-1095-4fef-ae35-bb2f1955fa47-impl-thread1] INFO  server.RaftServer$Division (RaftServerImpl.java:lambda$close$3(526)) - 061c5e1a-1095-4fef-ae35-bb2f1955fa47@group-D2C280C44EC0: shutdown
2024-01-26 13:21:35,552 [cb54f49b-2271-401a-a078-0b164c9907dd@group-8F301DE41D58-StateMachineUpdater] INFO  ratis.ContainerStateMachine (ContainerStateMachine.java:takeSnapshot(355)) - group-8F301DE41D58: Taking a snapshot at:(t:1, i:0) file /home/runner/work/ozone/ozone/hadoop-ozone/integration-test/target/test-dir/MiniOzoneClusterImpl-953fd8c5-ac00-44c9-baab-0887e32ba883/datanode-1/data/ratis/9c44c8cb-9d31-438d-8f48-8f301de41d58/sm/snapshot.1_0
2024-01-26 13:21:35,552 [cb54f49b-2271-401a-a078-0b164c9907dd@group-8F301DE41D58-FollowerState] INFO  impl.FollowerState (FollowerState.java:run(152)) - cb54f49b-2271-401a-a078-0b164c9907dd@group-8F301DE41D58-FollowerState was interrupted
2024-01-26 13:21:35,552 [cb54f49b-2271-401a-a078-0b164c9907dd-impl-thread2] INFO  impl.StateMachineUpdater (StateMachineUpdater.java:stopAndJoin(157)) - cb54f49b-2271-401a-a078-0b164c9907dd@group-8F301DE41D58-StateMachineUpdater: set stopIndex = 0
2024-01-26 13:21:35,551 [main] INFO  server.GrpcService (GrpcService.java:closeImpl(320)) - 5f4f4713-a1cc-4bb1-a761-5c302a8e1427: shutdown server GrpcServerProtocolService successfully
2024-01-26 13:21:35,557 [main] INFO  server.GrpcService (GrpcService.java:closeImpl(311)) - 5f4f4713-a1cc-4bb1-a761-5c302a8e1427: shutdown server org.apache.ratis.grpc.server.GrpcAdminProtocolService now
2024-01-26 13:21:35,557 [ForkJoinPool.commonPool-worker-5] INFO  server.GrpcService (GrpcService.java:closeImpl(320)) - cb54f49b-2271-401a-a078-0b164c9907dd: shutdown server org.apache.ratis.grpc.server.GrpcClientProtocolService successfully
2024-01-26 13:21:35,557 [ForkJoinPool.commonPool-worker-5] INFO  server.GrpcService (GrpcService.java:closeImpl(311)) - cb54f49b-2271-401a-a078-0b164c9907dd: shutdown server GrpcServerProtocolService now
2024-01-26 13:21:35,548 [ForkJoinPool.commonPool-worker-4] INFO  server.GrpcService (GrpcService.java:closeImpl(320)) - 282c7661-760d-4a20-bf76-23fe8f9b2b08: shutdown server org.apache.ratis.grpc.server.GrpcAdminProtocolService successfully
2024-01-26 13:21:35,548 [cb54f49b-2271-401a-a078-0b164c9907dd@group-CAA3F149B9FB-StateMachineUpdater] INFO  ratis.ContainerStateMachine (ContainerStateMachine.java:takeSnapshot(355)) - group-CAA3F149B9FB: Taking a snapshot at:(t:1, i:0) file /home/runner/work/ozone/ozone/hadoop-ozone/integration-test/target/test-dir/MiniOzoneClusterImpl-953fd8c5-ac00-44c9-baab-0887e32ba883/datanode-1/data/ratis/c671ec4f-e169-43d4-b773-caa3f149b9fb/sm/snapshot.1_0
2024-01-26 13:21:35,545 [a1acbc51-0491-4521-9956-72ea0a3fcfae@group-8F301DE41D58-StateMachineUpdater] INFO  ratis.ContainerStateMachine (ContainerStateMachine.java:takeSnapshot(355)) - group-8F301DE41D58: Taking a snapshot at:(t:1, i:0) file /home/runner/work/ozone/ozone/hadoop-ozone/integration-test/target/test-dir/MiniOzoneClusterImpl-953fd8c5-ac00-44c9-baab-0887e32ba883/datanode-2/data/ratis/9c44c8cb-9d31-438d-8f48-8f301de41d58/sm/snapshot.1_0
2024-01-26 13:21:35,545 [cb54f49b-2271-401a-a078-0b164c9907dd-impl-thread1] INFO  impl.StateMachineUpdater (StateMachineUpdater.java:stopAndJoin(157)) - cb54f49b-2271-401a-a078-0b164c9907dd@group-CAA3F149B9FB-StateMachineUpdater: set stopIndex = 0
2024-01-26 13:21:35,545 [a1acbc51-0491-4521-9956-72ea0a3fcfae-impl-thread1] INFO  impl.StateMachineUpdater (StateMachineUpdater.java:stopAndJoin(157)) - a1acbc51-0491-4521-9956-72ea0a3fcfae@group-8F301DE41D58-StateMachineUpdater: set stopIndex = 0
2024-01-26 13:21:35,558 [cb54f49b-2271-401a-a078-0b164c9907dd@group-CAA3F149B9FB-StateMachineUpdater] INFO  ratis.ContainerStateMachine (ContainerStateMachine.java:takeSnapshot(366)) - group-CAA3F149B9FB: Finished taking a snapshot at:(t:1, i:0) file:/home/runner/work/ozone/ozone/hadoop-ozone/integration-test/target/test-dir/MiniOzoneClusterImpl-953fd8c5-ac00-44c9-baab-0887e32ba883/datanode-1/data/ratis/c671ec4f-e169-43d4-b773-caa3f149b9fb/sm/snapshot.1_0 took: 9 ms
2024-01-26 13:21:35,558 [cb54f49b-2271-401a-a078-0b164c9907dd@group-CAA3F149B9FB-StateMachineUpdater] INFO  impl.StateMachineUpdater (StateMachineUpdater.java:takeSnapshot(295)) - cb54f49b-2271-401a-a078-0b164c9907dd@group-CAA3F149B9FB-StateMachineUpdater: Took a snapshot at index 0
2024-01-26 13:21:35,558 [cb54f49b-2271-401a-a078-0b164c9907dd@group-CAA3F149B9FB-StateMachineUpdater] INFO  impl.StateMachineUpdater (StateMachineUpdater.java:lambda$new$0(98)) - cb54f49b-2271-401a-a078-0b164c9907dd@group-CAA3F149B9FB-StateMachineUpdater: snapshotIndex: updateIncreasingly -1 -> 0
2024-01-26 13:21:35,557 [cb54f49b-2271-401a-a078-0b164c9907dd@group-8F301DE41D58-StateMachineUpdater] INFO  ratis.ContainerStateMachine (ContainerStateMachine.java:takeSnapshot(366)) - group-8F301DE41D58: Finished taking a snapshot at:(t:1, i:0) file:/home/runner/work/ozone/ozone/hadoop-ozone/integration-test/target/test-dir/MiniOzoneClusterImpl-953fd8c5-ac00-44c9-baab-0887e32ba883/datanode-1/data/ratis/9c44c8cb-9d31-438d-8f48-8f301de41d58/sm/snapshot.1_0 took: 4 ms
2024-01-26 13:21:35,558 [cb54f49b-2271-401a-a078-0b164c9907dd@group-8F301DE41D58-StateMachineUpdater] INFO  impl.StateMachineUpdater (StateMachineUpdater.java:takeSnapshot(295)) - cb54f49b-2271-401a-a078-0b164c9907dd@group-8F301DE41D58-StateMachineUpdater: Took a snapshot at index 0
2024-01-26 13:21:35,558 [cb54f49b-2271-401a-a078-0b164c9907dd@group-8F301DE41D58-StateMachineUpdater] INFO  impl.StateMachineUpdater (StateMachineUpdater.java:lambda$new$0(98)) - cb54f49b-2271-401a-a078-0b164c9907dd@group-8F301DE41D58-StateMachineUpdater: snapshotIndex: updateIncreasingly -1 -> 0
2024-01-26 13:21:35,556 [061c5e1a-1095-4fef-ae35-bb2f1955fa47-impl-thread1] INFO  util.JmxRegister (JmxRegister.java:unregister(73)) - Successfully un-registered JMX Bean with object name Ratis:service=RaftServer,group=group-D2C280C44EC0,id=061c5e1a-1095-4fef-ae35-bb2f1955fa47
2024-01-26 13:21:35,559 [061c5e1a-1095-4fef-ae35-bb2f1955fa47-impl-thread1] INFO  impl.RoleInfo (RoleInfo.java:shutdownLeaderState(94)) - 061c5e1a-1095-4fef-ae35-bb2f1955fa47: shutdown 061c5e1a-1095-4fef-ae35-bb2f1955fa47@group-D2C280C44EC0-LeaderStateImpl
2024-01-26 13:21:35,556 [grpc-default-executor-1] WARN  server.GrpcLogAppender (GrpcLogAppender.java:resetClient(226)) - a1acbc51-0491-4521-9956-72ea0a3fcfae@group-8F301DE41D58->cb54f49b-2271-401a-a078-0b164c9907dd-GrpcLogAppender: Failed to getClient for cb54f49b-2271-401a-a078-0b164c9907dd
org.apache.ratis.protocol.exceptions.AlreadyClosedException: a1acbc51-0491-4521-9956-72ea0a3fcfae is already CLOSED
	at org.apache.ratis.util.PeerProxyMap$PeerAndProxy.getProxy(PeerProxyMap.java:65)
	at org.apache.ratis.util.PeerProxyMap.getProxy(PeerProxyMap.java:114)
	at org.apache.ratis.grpc.server.GrpcLogAppender.getClient(GrpcLogAppender.java:196)
	at org.apache.ratis.grpc.server.GrpcLogAppender.resetClient(GrpcLogAppender.java:201)
	at org.apache.ratis.grpc.server.GrpcLogAppender.access$800(GrpcLogAppender.java:62)
	at org.apache.ratis.grpc.server.GrpcLogAppender$AppendLogResponseHandler.onCompleted(GrpcLogAppender.java:547)
	at org.apache.ratis.thirdparty.io.grpc.stub.ClientCalls$StreamObserverToCallListenerAdapter.onClose(ClientCalls.java:479)
	at org.apache.ratis.thirdparty.io.grpc.internal.DelayedClientCall$DelayedListener$3.run(DelayedClientCall.java:489)
	at org.apache.ratis.thirdparty.io.grpc.internal.DelayedClientCall$DelayedListener.delayOrExecute(DelayedClientCall.java:453)
	at org.apache.ratis.thirdparty.io.grpc.internal.DelayedClientCall$DelayedListener.onClose(DelayedClientCall.java:486)
	at org.apache.ratis.thirdparty.io.grpc.internal.ClientCallImpl.closeObserver(ClientCallImpl.java:567)
	at org.apache.ratis.thirdparty.io.grpc.internal.ClientCallImpl.access$300(ClientCallImpl.java:71)
	at org.apache.ratis.thirdparty.io.grpc.internal.ClientCallImpl$ClientStreamListenerImpl$1StreamClosed.runInternal(ClientCallImpl.java:735)
	at org.apache.ratis.thirdparty.io.grpc.internal.ClientCallImpl$ClientStreamListenerImpl$1StreamClosed.runInContext(ClientCallImpl.java:716)
	at org.apache.ratis.thirdparty.io.grpc.internal.ContextRunnable.run(ContextRunnable.java:37)
	at org.apache.ratis.thirdparty.io.grpc.internal.SerializingExecutor.run(SerializingExecutor.java:133)
	at java.util.concurrent.ThreadPoolExecutor.runWorker(ThreadPoolExecutor.java:1149)
	at java.util.concurrent.ThreadPoolExecutor$Worker.run(ThreadPoolExecutor.java:624)
	at java.lang.Thread.run(Thread.java:750)
2024-01-26 13:21:35,559 [cb54f49b-2271-401a-a078-0b164c9907dd-impl-thread2] INFO  server.RaftServer$Division (ServerState.java:close(427)) - cb54f49b-2271-401a-a078-0b164c9907dd@group-8F301DE41D58: applyIndex: 0
2024-01-26 13:21:35,558 [a1acbc51-0491-4521-9956-72ea0a3fcfae@group-8F301DE41D58-StateMachineUpdater] INFO  ratis.ContainerStateMachine (ContainerStateMachine.java:takeSnapshot(366)) - group-8F301DE41D58: Finished taking a snapshot at:(t:1, i:0) file:/home/runner/work/ozone/ozone/hadoop-ozone/integration-test/target/test-dir/MiniOzoneClusterImpl-953fd8c5-ac00-44c9-baab-0887e32ba883/datanode-2/data/ratis/9c44c8cb-9d31-438d-8f48-8f301de41d58/sm/snapshot.1_0 took: 13 ms
2024-01-26 13:21:35,558 [cb54f49b-2271-401a-a078-0b164c9907dd-impl-thread1] INFO  server.RaftServer$Division (ServerState.java:close(427)) - cb54f49b-2271-401a-a078-0b164c9907dd@group-CAA3F149B9FB: applyIndex: 0
2024-01-26 13:21:35,559 [a1acbc51-0491-4521-9956-72ea0a3fcfae@group-8F301DE41D58-StateMachineUpdater] INFO  impl.StateMachineUpdater (StateMachineUpdater.java:takeSnapshot(295)) - a1acbc51-0491-4521-9956-72ea0a3fcfae@group-8F301DE41D58-StateMachineUpdater: Took a snapshot at index 0
2024-01-26 13:21:35,559 [a1acbc51-0491-4521-9956-72ea0a3fcfae@group-8F301DE41D58-StateMachineUpdater] INFO  impl.StateMachineUpdater (StateMachineUpdater.java:lambda$new$0(98)) - a1acbc51-0491-4521-9956-72ea0a3fcfae@group-8F301DE41D58-StateMachineUpdater: snapshotIndex: updateIncreasingly -1 -> 0
2024-01-26 13:21:35,559 [a1acbc51-0491-4521-9956-72ea0a3fcfae-impl-thread1] INFO  server.RaftServer$Division (ServerState.java:close(427)) - a1acbc51-0491-4521-9956-72ea0a3fcfae@group-8F301DE41D58: applyIndex: 0
2024-01-26 13:21:35,560 [a1acbc51-0491-4521-9956-72ea0a3fcfae@group-47DBA195F5C4-cacheEviction-AwaitToRun] INFO  util.AwaitToRun (AwaitToRun.java:run(49)) - a1acbc51-0491-4521-9956-72ea0a3fcfae@group-47DBA195F5C4-cacheEviction-AwaitToRun-AwaitForSignal is interrupted
2024-01-26 13:21:35,561 [061c5e1a-1095-4fef-ae35-bb2f1955fa47-impl-thread2] INFO  server.RaftServer$Division (RaftServerImpl.java:lambda$close$3(526)) - 061c5e1a-1095-4fef-ae35-bb2f1955fa47@group-1A2F75127EFB: shutdown
2024-01-26 13:21:35,561 [061c5e1a-1095-4fef-ae35-bb2f1955fa47-impl-thread2] INFO  util.JmxRegister (JmxRegister.java:unregister(73)) - Successfully un-registered JMX Bean with object name Ratis:service=RaftServer,group=group-1A2F75127EFB,id=061c5e1a-1095-4fef-ae35-bb2f1955fa47
2024-01-26 13:21:35,561 [061c5e1a-1095-4fef-ae35-bb2f1955fa47-impl-thread2] INFO  impl.RoleInfo (RoleInfo.java:shutdownLeaderState(94)) - 061c5e1a-1095-4fef-ae35-bb2f1955fa47: shutdown 061c5e1a-1095-4fef-ae35-bb2f1955fa47@group-1A2F75127EFB-LeaderStateImpl
2024-01-26 13:21:35,561 [061c5e1a-1095-4fef-ae35-bb2f1955fa47-impl-thread2] INFO  impl.PendingRequests (PendingRequests.java:sendNotLeaderResponses(289)) - 061c5e1a-1095-4fef-ae35-bb2f1955fa47@group-1A2F75127EFB-PendingRequests: sendNotLeaderResponses
2024-01-26 13:21:35,561 [061c5e1a-1095-4fef-ae35-bb2f1955fa47-impl-thread2] INFO  impl.StateMachineUpdater (StateMachineUpdater.java:stopAndJoin(157)) - 061c5e1a-1095-4fef-ae35-bb2f1955fa47@group-1A2F75127EFB-StateMachineUpdater: set stopIndex = 0
2024-01-26 13:21:35,561 [061c5e1a-1095-4fef-ae35-bb2f1955fa47@group-1A2F75127EFB-StateMachineUpdater] INFO  ratis.ContainerStateMachine (ContainerStateMachine.java:takeSnapshot(355)) - group-1A2F75127EFB: Taking a snapshot at:(t:1, i:0) file /home/runner/work/ozone/ozone/hadoop-ozone/integration-test/target/test-dir/MiniOzoneClusterImpl-953fd8c5-ac00-44c9-baab-0887e32ba883/datanode-3/data/ratis/d6987cee-5013-4ef3-a6ce-1a2f75127efb/sm/snapshot.1_0
2024-01-26 13:21:35,562 [grpc-default-executor-5] INFO  server.GrpcServerProtocolService (GrpcServerProtocolService.java:onCompleted(157)) - 2d827dc5-08e9-453f-94d7-4114e25c345f: Completed APPEND_ENTRIES, lastRequest: null
2024-01-26 13:21:35,562 [grpc-default-executor-1] INFO  server.GrpcLogAppender (GrpcLogAppender.java:onCompleted(546)) - a1acbc51-0491-4521-9956-72ea0a3fcfae@group-8F301DE41D58->2d827dc5-08e9-453f-94d7-4114e25c345f-AppendLogResponseHandler: follower responses appendEntries COMPLETED
2024-01-26 13:21:35,566 [grpc-default-executor-1] WARN  server.GrpcLogAppender (GrpcLogAppender.java:resetClient(226)) - a1acbc51-0491-4521-9956-72ea0a3fcfae@group-8F301DE41D58->2d827dc5-08e9-453f-94d7-4114e25c345f-GrpcLogAppender: Failed to getClient for 2d827dc5-08e9-453f-94d7-4114e25c345f
org.apache.ratis.protocol.exceptions.AlreadyClosedException: a1acbc51-0491-4521-9956-72ea0a3fcfae is already CLOSED
	at org.apache.ratis.util.PeerProxyMap$PeerAndProxy.getProxy(PeerProxyMap.java:65)
	at org.apache.ratis.util.PeerProxyMap.getProxy(PeerProxyMap.java:114)
	at org.apache.ratis.grpc.server.GrpcLogAppender.getClient(GrpcLogAppender.java:196)
	at org.apache.ratis.grpc.server.GrpcLogAppender.resetClient(GrpcLogAppender.java:201)
	at org.apache.ratis.grpc.server.GrpcLogAppender.access$800(GrpcLogAppender.java:62)
	at org.apache.ratis.grpc.server.GrpcLogAppender$AppendLogResponseHandler.onCompleted(GrpcLogAppender.java:547)
	at org.apache.ratis.thirdparty.io.grpc.stub.ClientCalls$StreamObserverToCallListenerAdapter.onClose(ClientCalls.java:479)
	at org.apache.ratis.thirdparty.io.grpc.internal.ClientCallImpl.closeObserver(ClientCallImpl.java:567)
	at org.apache.ratis.thirdparty.io.grpc.internal.ClientCallImpl.access$300(ClientCallImpl.java:71)
	at org.apache.ratis.thirdparty.io.grpc.internal.ClientCallImpl$ClientStreamListenerImpl$1StreamClosed.runInternal(ClientCallImpl.java:735)
	at org.apache.ratis.thirdparty.io.grpc.internal.ClientCallImpl$ClientStreamListenerImpl$1StreamClosed.runInContext(ClientCallImpl.java:716)
	at org.apache.ratis.thirdparty.io.grpc.internal.ContextRunnable.run(ContextRunnable.java:37)
	at org.apache.ratis.thirdparty.io.grpc.internal.SerializingExecutor.run(SerializingExecutor.java:133)
	at java.util.concurrent.ThreadPoolExecutor.runWorker(ThreadPoolExecutor.java:1149)
	at java.util.concurrent.ThreadPoolExecutor$Worker.run(ThreadPoolExecutor.java:624)
	at java.lang.Thread.run(Thread.java:750)
2024-01-26 13:21:35,566 [061c5e1a-1095-4fef-ae35-bb2f1955fa47@group-1A2F75127EFB-StateMachineUpdater] INFO  ratis.ContainerStateMachine (ContainerStateMachine.java:takeSnapshot(366)) - group-1A2F75127EFB: Finished taking a snapshot at:(t:1, i:0) file:/home/runner/work/ozone/ozone/hadoop-ozone/integration-test/target/test-dir/MiniOzoneClusterImpl-953fd8c5-ac00-44c9-baab-0887e32ba883/datanode-3/data/ratis/d6987cee-5013-4ef3-a6ce-1a2f75127efb/sm/snapshot.1_0 took: 5 ms
2024-01-26 13:21:35,567 [061c5e1a-1095-4fef-ae35-bb2f1955fa47@group-1A2F75127EFB-StateMachineUpdater] INFO  impl.StateMachineUpdater (StateMachineUpdater.java:takeSnapshot(295)) - 061c5e1a-1095-4fef-ae35-bb2f1955fa47@group-1A2F75127EFB-StateMachineUpdater: Took a snapshot at index 0
2024-01-26 13:21:35,567 [061c5e1a-1095-4fef-ae35-bb2f1955fa47@group-1A2F75127EFB-StateMachineUpdater] INFO  impl.StateMachineUpdater (StateMachineUpdater.java:lambda$new$0(98)) - 061c5e1a-1095-4fef-ae35-bb2f1955fa47@group-1A2F75127EFB-StateMachineUpdater: snapshotIndex: updateIncreasingly -1 -> 0
2024-01-26 13:21:35,567 [061c5e1a-1095-4fef-ae35-bb2f1955fa47-impl-thread2] INFO  server.RaftServer$Division (ServerState.java:close(427)) - 061c5e1a-1095-4fef-ae35-bb2f1955fa47@group-1A2F75127EFB: applyIndex: 0
2024-01-26 13:21:35,566 [grpc-default-executor-5] INFO  server.GrpcServerProtocolService (GrpcServerProtocolService.java:lambda$onCompleted$5(159)) - 2d827dc5-08e9-453f-94d7-4114e25c345f: Completed APPEND_ENTRIES, lastReply: serverReply {
  requestorId: "a1acbc51-0491-4521-9956-72ea0a3fcfae"
  replyId: "2d827dc5-08e9-453f-94d7-4114e25c345f"
  raftGroupId {
    id: "\234D\310\313\2351C\215\217H\2170\035\344\035X"
  }
  callId: 8
  success: true
}
term: 1
nextIndex: 1
matchIndex: 18446744073709551615
isHearbeat: true

2024-01-26 13:21:35,566 [ForkJoinPool.commonPool-worker-5] INFO  server.GrpcService (GrpcService.java:closeImpl(320)) - cb54f49b-2271-401a-a078-0b164c9907dd: shutdown server GrpcServerProtocolService successfully
2024-01-26 13:21:35,567 [ForkJoinPool.commonPool-worker-5] INFO  server.GrpcService (GrpcService.java:closeImpl(311)) - cb54f49b-2271-401a-a078-0b164c9907dd: shutdown server org.apache.ratis.grpc.server.GrpcAdminProtocolService now
2024-01-26 13:21:35,566 [cb54f49b-2271-401a-a078-0b164c9907dd@group-8F301DE41D58-cacheEviction-AwaitToRun] INFO  util.AwaitToRun (AwaitToRun.java:run(49)) - cb54f49b-2271-401a-a078-0b164c9907dd@group-8F301DE41D58-cacheEviction-AwaitToRun-AwaitForSignal is interrupted
2024-01-26 13:21:35,566 [061c5e1a-1095-4fef-ae35-bb2f1955fa47-impl-thread1] INFO  impl.PendingRequests (PendingRequests.java:sendNotLeaderResponses(289)) - 061c5e1a-1095-4fef-ae35-bb2f1955fa47@group-D2C280C44EC0-PendingRequests: sendNotLeaderResponses
2024-01-26 13:21:35,566 [061c5e1a-1095-4fef-ae35-bb2f1955fa47@group-D2C280C44EC0->512d2126-5b92-4e29-85c7-4f085cf86b5e-GrpcLogAppender-LogAppenderDaemon] WARN  server.GrpcLogAppender (GrpcLogAppender.java:mayWait(289)) - 061c5e1a-1095-4fef-ae35-bb2f1955fa47@group-D2C280C44EC0->512d2126-5b92-4e29-85c7-4f085cf86b5e-GrpcLogAppender: Wait interrupted by java.lang.InterruptedException
2024-01-26 13:21:35,566 [061c5e1a-1095-4fef-ae35-bb2f1955fa47@group-D2C280C44EC0->5f4f4713-a1cc-4bb1-a761-5c302a8e1427-GrpcLogAppender-LogAppenderDaemon] WARN  server.GrpcLogAppender (GrpcLogAppender.java:mayWait(289)) - 061c5e1a-1095-4fef-ae35-bb2f1955fa47@group-D2C280C44EC0->5f4f4713-a1cc-4bb1-a761-5c302a8e1427-GrpcLogAppender: Wait interrupted by java.lang.InterruptedException
2024-01-26 13:21:35,566 [cb54f49b-2271-401a-a078-0b164c9907dd@group-CAA3F149B9FB-cacheEviction-AwaitToRun] INFO  util.AwaitToRun (AwaitToRun.java:run(49)) - cb54f49b-2271-401a-a078-0b164c9907dd@group-CAA3F149B9FB-cacheEviction-AwaitToRun-AwaitForSignal is interrupted
2024-01-26 13:21:35,565 [a1acbc51-0491-4521-9956-72ea0a3fcfae@group-8F301DE41D58-cacheEviction-AwaitToRun] INFO  util.AwaitToRun (AwaitToRun.java:run(49)) - a1acbc51-0491-4521-9956-72ea0a3fcfae@group-8F301DE41D58-cacheEviction-AwaitToRun-AwaitForSignal is interrupted
2024-01-26 13:21:35,565 [282c7661-760d-4a20-bf76-23fe8f9b2b08-impl-thread1] INFO  segmented.SegmentedRaftLogWorker (SegmentedRaftLogWorker.java:close(245)) - 282c7661-760d-4a20-bf76-23fe8f9b2b08@group-9246EA52D491-SegmentedRaftLogWorker close()
2024-01-26 13:21:35,565 [Thread-4530] INFO  server.GrpcServerProtocolClient (GrpcServerProtocolClient.java:close(103)) - 5f4f4713-a1cc-4bb1-a761-5c302a8e1427 Close channels
2024-01-26 13:21:35,565 [main] INFO  server.GrpcService (GrpcService.java:closeImpl(320)) - 5f4f4713-a1cc-4bb1-a761-5c302a8e1427: shutdown server org.apache.ratis.grpc.server.GrpcAdminProtocolService successfully
2024-01-26 13:21:35,565 [Thread-4536] INFO  server.GrpcServerProtocolClient (GrpcServerProtocolClient.java:close(103)) - 512d2126-5b92-4e29-85c7-4f085cf86b5e Close channels
2024-01-26 13:21:35,569 [grpc-default-executor-5] INFO  server.GrpcServerProtocolService (GrpcServerProtocolService.java:onCompleted(157)) - 512d2126-5b92-4e29-85c7-4f085cf86b5e: Completed APPEND_ENTRIES, lastRequest: null
2024-01-26 13:21:35,568 [061c5e1a-1095-4fef-ae35-bb2f1955fa47@group-D2C280C44EC0-StateMachineUpdater] INFO  ratis.ContainerStateMachine (ContainerStateMachine.java:takeSnapshot(355)) - group-D2C280C44EC0: Taking a snapshot at:(t:1, i:0) file /home/runner/work/ozone/ozone/hadoop-ozone/integration-test/target/test-dir/MiniOzoneClusterImpl-953fd8c5-ac00-44c9-baab-0887e32ba883/datanode-3/data/ratis/565c7106-4406-46e8-8d34-d2c280c44ec0/sm/snapshot.1_0
2024-01-26 13:21:35,568 [061c5e1a-1095-4fef-ae35-bb2f1955fa47-impl-thread1] INFO  impl.StateMachineUpdater (StateMachineUpdater.java:stopAndJoin(157)) - 061c5e1a-1095-4fef-ae35-bb2f1955fa47@group-D2C280C44EC0-StateMachineUpdater: set stopIndex = 0
2024-01-26 13:21:35,568 [grpc-default-executor-1] INFO  server.GrpcLogAppender (GrpcLogAppender.java:onCompleted(546)) - a1acbc51-0491-4521-9956-72ea0a3fcfae@group-8F301DE41D58->2d827dc5-08e9-453f-94d7-4114e25c345f-AppendLogResponseHandler: follower responses appendEntries COMPLETED
2024-01-26 13:21:35,569 [grpc-default-executor-1] WARN  server.GrpcLogAppender (GrpcLogAppender.java:resetClient(226)) - a1acbc51-0491-4521-9956-72ea0a3fcfae@group-8F301DE41D58->2d827dc5-08e9-453f-94d7-4114e25c345f-GrpcLogAppender: Failed to getClient for 2d827dc5-08e9-453f-94d7-4114e25c345f
org.apache.ratis.protocol.exceptions.AlreadyClosedException: a1acbc51-0491-4521-9956-72ea0a3fcfae is already CLOSED
	at org.apache.ratis.util.PeerProxyMap$PeerAndProxy.getProxy(PeerProxyMap.java:65)
	at org.apache.ratis.util.PeerProxyMap.getProxy(PeerProxyMap.java:114)
	at org.apache.ratis.grpc.server.GrpcLogAppender.getClient(GrpcLogAppender.java:196)
	at org.apache.ratis.grpc.server.GrpcLogAppender.resetClient(GrpcLogAppender.java:201)
	at org.apache.ratis.grpc.server.GrpcLogAppender.access$800(GrpcLogAppender.java:62)
	at org.apache.ratis.grpc.server.GrpcLogAppender$AppendLogResponseHandler.onCompleted(GrpcLogAppender.java:547)
	at org.apache.ratis.thirdparty.io.grpc.stub.ClientCalls$StreamObserverToCallListenerAdapter.onClose(ClientCalls.java:479)
	at org.apache.ratis.thirdparty.io.grpc.internal.ClientCallImpl.closeObserver(ClientCallImpl.java:567)
	at org.apache.ratis.thirdparty.io.grpc.internal.ClientCallImpl.access$300(ClientCallImpl.java:71)
	at org.apache.ratis.thirdparty.io.grpc.internal.ClientCallImpl$ClientStreamListenerImpl$1StreamClosed.runInternal(ClientCallImpl.java:735)
	at org.apache.ratis.thirdparty.io.grpc.internal.ClientCallImpl$ClientStreamListenerImpl$1StreamClosed.runInContext(ClientCallImpl.java:716)
	at org.apache.ratis.thirdparty.io.grpc.internal.ContextRunnable.run(ContextRunnable.java:37)
	at org.apache.ratis.thirdparty.io.grpc.internal.SerializingExecutor.run(SerializingExecutor.java:133)
	at java.util.concurrent.ThreadPoolExecutor.runWorker(ThreadPoolExecutor.java:1149)
	at java.util.concurrent.ThreadPoolExecutor$Worker.run(ThreadPoolExecutor.java:624)
	at java.lang.Thread.run(Thread.java:750)
2024-01-26 13:21:35,570 [061c5e1a-1095-4fef-ae35-bb2f1955fa47@group-D2C280C44EC0-StateMachineUpdater] INFO  ratis.ContainerStateMachine (ContainerStateMachine.java:takeSnapshot(366)) - group-D2C280C44EC0: Finished taking a snapshot at:(t:1, i:0) file:/home/runner/work/ozone/ozone/hadoop-ozone/integration-test/target/test-dir/MiniOzoneClusterImpl-953fd8c5-ac00-44c9-baab-0887e32ba883/datanode-3/data/ratis/565c7106-4406-46e8-8d34-d2c280c44ec0/sm/snapshot.1_0 took: 1 ms
2024-01-26 13:21:35,570 [061c5e1a-1095-4fef-ae35-bb2f1955fa47@group-D2C280C44EC0-StateMachineUpdater] INFO  impl.StateMachineUpdater (StateMachineUpdater.java:takeSnapshot(295)) - 061c5e1a-1095-4fef-ae35-bb2f1955fa47@group-D2C280C44EC0-StateMachineUpdater: Took a snapshot at index 0
2024-01-26 13:21:35,570 [061c5e1a-1095-4fef-ae35-bb2f1955fa47@group-D2C280C44EC0-StateMachineUpdater] INFO  impl.StateMachineUpdater (StateMachineUpdater.java:lambda$new$0(98)) - 061c5e1a-1095-4fef-ae35-bb2f1955fa47@group-D2C280C44EC0-StateMachineUpdater: snapshotIndex: updateIncreasingly -1 -> 0
2024-01-26 13:21:35,570 [061c5e1a-1095-4fef-ae35-bb2f1955fa47-impl-thread1] INFO  server.RaftServer$Division (ServerState.java:close(427)) - 061c5e1a-1095-4fef-ae35-bb2f1955fa47@group-D2C280C44EC0: applyIndex: 0
2024-01-26 13:21:35,571 [061c5e1a-1095-4fef-ae35-bb2f1955fa47@group-D2C280C44EC0-cacheEviction-AwaitToRun] INFO  util.AwaitToRun (AwaitToRun.java:run(49)) - 061c5e1a-1095-4fef-ae35-bb2f1955fa47@group-D2C280C44EC0-cacheEviction-AwaitToRun-AwaitForSignal is interrupted
2024-01-26 13:21:35,571 [grpc-default-executor-5] INFO  server.GrpcServerProtocolService (GrpcServerProtocolService.java:lambda$onCompleted$5(159)) - 512d2126-5b92-4e29-85c7-4f085cf86b5e: Completed APPEND_ENTRIES, lastReply: serverReply {
  requestorId: "061c5e1a-1095-4fef-ae35-bb2f1955fa47"
  replyId: "512d2126-5b92-4e29-85c7-4f085cf86b5e"
  raftGroupId {
    id: "V\\q\006D\006F\350\2154\322\302\200\304N\300"
  }
  callId: 8
  success: true
}
term: 1
nextIndex: 1
matchIndex: 18446744073709551615
isHearbeat: true

2024-01-26 13:21:35,573 [ForkJoinPool.commonPool-worker-0] INFO  ozoneimpl.OzoneContainer (OzoneContainer.java:stop(479)) - Attempting to stop container services.
2024-01-26 13:21:35,573 [ForkJoinPool.commonPool-worker-0] INFO  server.RaftServer (RaftServerProxy.java:lambda$close$9(416)) - 8e7f399e-f7c5-430e-98c6-d19423f76280: close
2024-01-26 13:21:35,573 [061c5e1a-1095-4fef-ae35-bb2f1955fa47@group-1A2F75127EFB-cacheEviction-AwaitToRun] INFO  util.AwaitToRun (AwaitToRun.java:run(49)) - 061c5e1a-1095-4fef-ae35-bb2f1955fa47@group-1A2F75127EFB-cacheEviction-AwaitToRun-AwaitForSignal is interrupted
2024-01-26 13:21:35,574 [8e7f399e-f7c5-430e-98c6-d19423f76280-impl-thread1] INFO  server.RaftServer$Division (RaftServerImpl.java:lambda$close$3(526)) - 8e7f399e-f7c5-430e-98c6-d19423f76280@group-9246EA52D491: shutdown
2024-01-26 13:21:35,574 [ForkJoinPool.commonPool-worker-3] INFO  server.GrpcService (GrpcService.java:closeImpl(320)) - a1acbc51-0491-4521-9956-72ea0a3fcfae: shutdown server org.apache.ratis.grpc.server.GrpcClientProtocolService successfully
2024-01-26 13:21:35,574 [ForkJoinPool.commonPool-worker-3] INFO  server.GrpcService (GrpcService.java:closeImpl(311)) - a1acbc51-0491-4521-9956-72ea0a3fcfae: shutdown server GrpcServerProtocolService now
2024-01-26 13:21:35,574 [8e7f399e-f7c5-430e-98c6-d19423f76280-impl-thread1] INFO  util.JmxRegister (JmxRegister.java:unregister(73)) - Successfully un-registered JMX Bean with object name Ratis:service=RaftServer,group=group-9246EA52D491,id=8e7f399e-f7c5-430e-98c6-d19423f76280
2024-01-26 13:21:35,574 [8e7f399e-f7c5-430e-98c6-d19423f76280-impl-thread1] INFO  impl.RoleInfo (RoleInfo.java:shutdownFollowerState(110)) - 8e7f399e-f7c5-430e-98c6-d19423f76280: shutdown 8e7f399e-f7c5-430e-98c6-d19423f76280@group-9246EA52D491-FollowerState
2024-01-26 13:21:35,574 [ForkJoinPool.commonPool-worker-0] INFO  server.GrpcService (GrpcService.java:closeImpl(311)) - 8e7f399e-f7c5-430e-98c6-d19423f76280: shutdown server org.apache.ratis.grpc.server.GrpcClientProtocolService now
2024-01-26 13:21:35,574 [8e7f399e-f7c5-430e-98c6-d19423f76280-impl-thread2] INFO  server.RaftServer$Division (RaftServerImpl.java:lambda$close$3(526)) - 8e7f399e-f7c5-430e-98c6-d19423f76280@group-DF6E1A3F0A63: shutdown
2024-01-26 13:21:35,575 [8e7f399e-f7c5-430e-98c6-d19423f76280-impl-thread2] INFO  util.JmxRegister (JmxRegister.java:unregister(73)) - Successfully un-registered JMX Bean with object name Ratis:service=RaftServer,group=group-DF6E1A3F0A63,id=8e7f399e-f7c5-430e-98c6-d19423f76280
2024-01-26 13:21:35,575 [8e7f399e-f7c5-430e-98c6-d19423f76280-impl-thread2] INFO  impl.RoleInfo (RoleInfo.java:shutdownLeaderState(94)) - 8e7f399e-f7c5-430e-98c6-d19423f76280: shutdown 8e7f399e-f7c5-430e-98c6-d19423f76280@group-DF6E1A3F0A63-LeaderStateImpl
2024-01-26 13:21:35,575 [ForkJoinPool.commonPool-worker-3] INFO  server.GrpcService (GrpcService.java:closeImpl(320)) - a1acbc51-0491-4521-9956-72ea0a3fcfae: shutdown server GrpcServerProtocolService successfully
2024-01-26 13:21:35,575 [ForkJoinPool.commonPool-worker-5] INFO  server.GrpcService (GrpcService.java:closeImpl(320)) - cb54f49b-2271-401a-a078-0b164c9907dd: shutdown server org.apache.ratis.grpc.server.GrpcAdminProtocolService successfully
2024-01-26 13:21:35,575 [8e7f399e-f7c5-430e-98c6-d19423f76280-impl-thread2] INFO  impl.PendingRequests (PendingRequests.java:sendNotLeaderResponses(289)) - 8e7f399e-f7c5-430e-98c6-d19423f76280@group-DF6E1A3F0A63-PendingRequests: sendNotLeaderResponses
2024-01-26 13:21:35,575 [grpc-default-executor-5] INFO  server.GrpcLogAppender (GrpcLogAppender.java:onCompleted(546)) - 061c5e1a-1095-4fef-ae35-bb2f1955fa47@group-D2C280C44EC0->512d2126-5b92-4e29-85c7-4f085cf86b5e-AppendLogResponseHandler: follower responses appendEntries COMPLETED
2024-01-26 13:21:35,575 [grpc-default-executor-5] WARN  server.GrpcLogAppender (GrpcLogAppender.java:resetClient(226)) - 061c5e1a-1095-4fef-ae35-bb2f1955fa47@group-D2C280C44EC0->512d2126-5b92-4e29-85c7-4f085cf86b5e-GrpcLogAppender: Failed to getClient for 512d2126-5b92-4e29-85c7-4f085cf86b5e
org.apache.ratis.protocol.exceptions.AlreadyClosedException: 061c5e1a-1095-4fef-ae35-bb2f1955fa47 is already CLOSED
	at org.apache.ratis.util.PeerProxyMap$PeerAndProxy.getProxy(PeerProxyMap.java:65)
	at org.apache.ratis.util.PeerProxyMap.getProxy(PeerProxyMap.java:114)
	at org.apache.ratis.grpc.server.GrpcLogAppender.getClient(GrpcLogAppender.java:196)
	at org.apache.ratis.grpc.server.GrpcLogAppender.resetClient(GrpcLogAppender.java:201)
	at org.apache.ratis.grpc.server.GrpcLogAppender.access$800(GrpcLogAppender.java:62)
	at org.apache.ratis.grpc.server.GrpcLogAppender$AppendLogResponseHandler.onCompleted(GrpcLogAppender.java:547)
	at org.apache.ratis.thirdparty.io.grpc.stub.ClientCalls$StreamObserverToCallListenerAdapter.onClose(ClientCalls.java:479)
	at org.apache.ratis.thirdparty.io.grpc.internal.ClientCallImpl.closeObserver(ClientCallImpl.java:567)
	at org.apache.ratis.thirdparty.io.grpc.internal.ClientCallImpl.access$300(ClientCallImpl.java:71)
	at org.apache.ratis.thirdparty.io.grpc.internal.ClientCallImpl$ClientStreamListenerImpl$1StreamClosed.runInternal(ClientCallImpl.java:735)
	at org.apache.ratis.thirdparty.io.grpc.internal.ClientCallImpl$ClientStreamListenerImpl$1StreamClosed.runInContext(ClientCallImpl.java:716)
	at org.apache.ratis.thirdparty.io.grpc.internal.ContextRunnable.run(ContextRunnable.java:37)
	at org.apache.ratis.thirdparty.io.grpc.internal.SerializingExecutor.run(SerializingExecutor.java:133)
	at java.util.concurrent.ThreadPoolExecutor.runWorker(ThreadPoolExecutor.java:1149)
	at java.util.concurrent.ThreadPoolExecutor$Worker.run(ThreadPoolExecutor.java:624)
	at java.lang.Thread.run(Thread.java:750)
2024-01-26 13:21:35,575 [8e7f399e-f7c5-430e-98c6-d19423f76280@group-DF6E1A3F0A63-StateMachineUpdater] INFO  ratis.ContainerStateMachine (ContainerStateMachine.java:takeSnapshot(355)) - group-DF6E1A3F0A63: Taking a snapshot at:(t:1, i:0) file /home/runner/work/ozone/ozone/hadoop-ozone/integration-test/target/test-dir/MiniOzoneClusterImpl-953fd8c5-ac00-44c9-baab-0887e32ba883/datanode-6/data/ratis/01b0cf5c-823a-4be4-b2b9-df6e1a3f0a63/sm/snapshot.1_0
2024-01-26 13:21:35,575 [ForkJoinPool.commonPool-worker-3] INFO  server.GrpcService (GrpcService.java:closeImpl(311)) - a1acbc51-0491-4521-9956-72ea0a3fcfae: shutdown server org.apache.ratis.grpc.server.GrpcAdminProtocolService now
2024-01-26 13:21:35,575 [8e7f399e-f7c5-430e-98c6-d19423f76280-impl-thread2] INFO  impl.StateMachineUpdater (StateMachineUpdater.java:stopAndJoin(157)) - 8e7f399e-f7c5-430e-98c6-d19423f76280@group-DF6E1A3F0A63-StateMachineUpdater: set stopIndex = 0
2024-01-26 13:21:35,576 [8e7f399e-f7c5-430e-98c6-d19423f76280@group-DF6E1A3F0A63-StateMachineUpdater] INFO  ratis.ContainerStateMachine (ContainerStateMachine.java:takeSnapshot(366)) - group-DF6E1A3F0A63: Finished taking a snapshot at:(t:1, i:0) file:/home/runner/work/ozone/ozone/hadoop-ozone/integration-test/target/test-dir/MiniOzoneClusterImpl-953fd8c5-ac00-44c9-baab-0887e32ba883/datanode-6/data/ratis/01b0cf5c-823a-4be4-b2b9-df6e1a3f0a63/sm/snapshot.1_0 took: 0 ms
2024-01-26 13:21:35,576 [8e7f399e-f7c5-430e-98c6-d19423f76280@group-DF6E1A3F0A63-StateMachineUpdater] INFO  impl.StateMachineUpdater (StateMachineUpdater.java:takeSnapshot(295)) - 8e7f399e-f7c5-430e-98c6-d19423f76280@group-DF6E1A3F0A63-StateMachineUpdater: Took a snapshot at index 0
2024-01-26 13:21:35,576 [8e7f399e-f7c5-430e-98c6-d19423f76280@group-DF6E1A3F0A63-StateMachineUpdater] INFO  impl.StateMachineUpdater (StateMachineUpdater.java:lambda$new$0(98)) - 8e7f399e-f7c5-430e-98c6-d19423f76280@group-DF6E1A3F0A63-StateMachineUpdater: snapshotIndex: updateIncreasingly -1 -> 0
2024-01-26 13:21:35,578 [grpc-default-executor-5] INFO  server.GrpcServerProtocolService (GrpcServerProtocolService.java:onCompleted(157)) - 512d2126-5b92-4e29-85c7-4f085cf86b5e: Completed APPEND_ENTRIES, lastRequest: 061c5e1a-1095-4fef-ae35-bb2f1955fa47->512d2126-5b92-4e29-85c7-4f085cf86b5e#1-t1,previous=(t:0, i:0),leaderCommit=-1,initializing? false,entries: size=1, first=(t:1, i:0), CONFIGURATIONENTRY(current:id: "5f4f4713-a1cc-4bb1-a761-5c302a8e1427"
address: "10.1.0.20:15326"
dataStreamAddress: "10.1.0.20:15327"
clientAddress: "10.1.0.20:15324"
adminAddress: "10.1.0.20:15325"
startupRole: FOLLOWER
,id: "512d2126-5b92-4e29-85c7-4f085cf86b5e"
address: "10.1.0.20:15317"
dataStreamAddress: "10.1.0.20:15318"
clientAddress: "10.1.0.20:15315"
adminAddress: "10.1.0.20:15316"
startupRole: FOLLOWER
,id: "061c5e1a-1095-4fef-ae35-bb2f1955fa47"
address: "10.1.0.20:15308"
priority: 1
dataStreamAddress: "10.1.0.20:15309"
clientAddress: "10.1.0.20:15306"
adminAddress: "10.1.0.20:15307"
startupRole: FOLLOWER
, old:)
2024-01-26 13:21:35,578 [grpc-default-executor-5] INFO  server.GrpcServerProtocolService (GrpcServerProtocolService.java:lambda$onCompleted$5(159)) - 512d2126-5b92-4e29-85c7-4f085cf86b5e: Completed APPEND_ENTRIES, lastReply: null
2024-01-26 13:21:35,578 [grpc-default-executor-1] INFO  server.GrpcLogAppender (GrpcLogAppender.java:onCompleted(546)) - 061c5e1a-1095-4fef-ae35-bb2f1955fa47@group-D2C280C44EC0->512d2126-5b92-4e29-85c7-4f085cf86b5e-AppendLogResponseHandler: follower responses appendEntries COMPLETED
2024-01-26 13:21:35,578 [grpc-default-executor-1] WARN  server.GrpcLogAppender (GrpcLogAppender.java:resetClient(226)) - 061c5e1a-1095-4fef-ae35-bb2f1955fa47@group-D2C280C44EC0->512d2126-5b92-4e29-85c7-4f085cf86b5e-GrpcLogAppender: Failed to getClient for 512d2126-5b92-4e29-85c7-4f085cf86b5e
org.apache.ratis.protocol.exceptions.AlreadyClosedException: 061c5e1a-1095-4fef-ae35-bb2f1955fa47 is already CLOSED
	at org.apache.ratis.util.PeerProxyMap$PeerAndProxy.getProxy(PeerProxyMap.java:65)
	at org.apache.ratis.util.PeerProxyMap.getProxy(PeerProxyMap.java:114)
	at org.apache.ratis.grpc.server.GrpcLogAppender.getClient(GrpcLogAppender.java:196)
	at org.apache.ratis.grpc.server.GrpcLogAppender.resetClient(GrpcLogAppender.java:201)
	at org.apache.ratis.grpc.server.GrpcLogAppender.access$800(GrpcLogAppender.java:62)
	at org.apache.ratis.grpc.server.GrpcLogAppender$AppendLogResponseHandler.onCompleted(GrpcLogAppender.java:547)
	at org.apache.ratis.thirdparty.io.grpc.stub.ClientCalls$StreamObserverToCallListenerAdapter.onClose(ClientCalls.java:479)
	at org.apache.ratis.thirdparty.io.grpc.internal.ClientCallImpl.closeObserver(ClientCallImpl.java:567)
	at org.apache.ratis.thirdparty.io.grpc.internal.ClientCallImpl.access$300(ClientCallImpl.java:71)
	at org.apache.ratis.thirdparty.io.grpc.internal.ClientCallImpl$ClientStreamListenerImpl$1StreamClosed.runInternal(ClientCallImpl.java:735)
	at org.apache.ratis.thirdparty.io.grpc.internal.ClientCallImpl$ClientStreamListenerImpl$1StreamClosed.runInContext(ClientCallImpl.java:716)
	at org.apache.ratis.thirdparty.io.grpc.internal.ContextRunnable.run(ContextRunnable.java:37)
	at org.apache.ratis.thirdparty.io.grpc.internal.SerializingExecutor.run(SerializingExecutor.java:133)
	at java.util.concurrent.ThreadPoolExecutor.runWorker(ThreadPoolExecutor.java:1149)
	at java.util.concurrent.ThreadPoolExecutor$Worker.run(ThreadPoolExecutor.java:624)
	at java.lang.Thread.run(Thread.java:750)
2024-01-26 13:21:35,578 [ForkJoinPool.commonPool-worker-6] INFO  server.GrpcService (GrpcService.java:closeImpl(320)) - 061c5e1a-1095-4fef-ae35-bb2f1955fa47: shutdown server org.apache.ratis.grpc.server.GrpcClientProtocolService successfully
2024-01-26 13:21:35,579 [ForkJoinPool.commonPool-worker-6] INFO  server.GrpcService (GrpcService.java:closeImpl(311)) - 061c5e1a-1095-4fef-ae35-bb2f1955fa47: shutdown server GrpcServerProtocolService now
2024-01-26 13:21:35,579 [8e7f399e-f7c5-430e-98c6-d19423f76280-impl-thread1] INFO  impl.StateMachineUpdater (StateMachineUpdater.java:stopAndJoin(157)) - 8e7f399e-f7c5-430e-98c6-d19423f76280@group-9246EA52D491-StateMachineUpdater: set stopIndex = 0
2024-01-26 13:21:35,579 [8e7f399e-f7c5-430e-98c6-d19423f76280@group-9246EA52D491-FollowerState] INFO  impl.FollowerState (FollowerState.java:run(152)) - 8e7f399e-f7c5-430e-98c6-d19423f76280@group-9246EA52D491-FollowerState was interrupted
2024-01-26 13:21:35,581 [8e7f399e-f7c5-430e-98c6-d19423f76280-impl-thread2] INFO  server.RaftServer$Division (ServerState.java:close(427)) - 8e7f399e-f7c5-430e-98c6-d19423f76280@group-DF6E1A3F0A63: applyIndex: 0
2024-01-26 13:21:35,582 [8e7f399e-f7c5-430e-98c6-d19423f76280@group-DF6E1A3F0A63-cacheEviction-AwaitToRun] INFO  util.AwaitToRun (AwaitToRun.java:run(49)) - 8e7f399e-f7c5-430e-98c6-d19423f76280@group-DF6E1A3F0A63-cacheEviction-AwaitToRun-AwaitForSignal is interrupted
2024-01-26 13:21:35,583 [8e7f399e-f7c5-430e-98c6-d19423f76280@group-9246EA52D491-StateMachineUpdater] INFO  ratis.ContainerStateMachine (ContainerStateMachine.java:takeSnapshot(355)) - group-9246EA52D491: Taking a snapshot at:(t:1, i:0) file /home/runner/work/ozone/ozone/hadoop-ozone/integration-test/target/test-dir/MiniOzoneClusterImpl-953fd8c5-ac00-44c9-baab-0887e32ba883/datanode-6/data/ratis/c268dbf8-a06d-482b-bb17-9246ea52d491/sm/snapshot.1_0
2024-01-26 13:21:35,583 [5f4f4713-a1cc-4bb1-a761-5c302a8e1427-NettyServerStreamRpc-bossGroup--thread1] INFO  logging.LoggingHandler (AbstractInternalLogger.java:log(148)) - [id: 0x1dc06f04, L:/0.0.0.0:15327] CLOSE
2024-01-26 13:21:35,583 [5f4f4713-a1cc-4bb1-a761-5c302a8e1427-NettyServerStreamRpc-bossGroup--thread1] INFO  logging.LoggingHandler (AbstractInternalLogger.java:log(148)) - [id: 0x1dc06f04, L:/0.0.0.0:15327] INACTIVE
2024-01-26 13:21:35,583 [5f4f4713-a1cc-4bb1-a761-5c302a8e1427-NettyServerStreamRpc-bossGroup--thread1] INFO  logging.LoggingHandler (AbstractInternalLogger.java:log(148)) - [id: 0x1dc06f04, L:/0.0.0.0:15327] UNREGISTERED
2024-01-26 13:21:35,583 [8e7f399e-f7c5-430e-98c6-d19423f76280@group-9246EA52D491-StateMachineUpdater] INFO  ratis.ContainerStateMachine (ContainerStateMachine.java:takeSnapshot(366)) - group-9246EA52D491: Finished taking a snapshot at:(t:1, i:0) file:/home/runner/work/ozone/ozone/hadoop-ozone/integration-test/target/test-dir/MiniOzoneClusterImpl-953fd8c5-ac00-44c9-baab-0887e32ba883/datanode-6/data/ratis/c268dbf8-a06d-482b-bb17-9246ea52d491/sm/snapshot.1_0 took: 1 ms
2024-01-26 13:21:35,584 [8e7f399e-f7c5-430e-98c6-d19423f76280@group-9246EA52D491-StateMachineUpdater] INFO  impl.StateMachineUpdater (StateMachineUpdater.java:takeSnapshot(295)) - 8e7f399e-f7c5-430e-98c6-d19423f76280@group-9246EA52D491-StateMachineUpdater: Took a snapshot at index 0
2024-01-26 13:21:35,584 [8e7f399e-f7c5-430e-98c6-d19423f76280@group-9246EA52D491-StateMachineUpdater] INFO  impl.StateMachineUpdater (StateMachineUpdater.java:lambda$new$0(98)) - 8e7f399e-f7c5-430e-98c6-d19423f76280@group-9246EA52D491-StateMachineUpdater: snapshotIndex: updateIncreasingly -1 -> 0
2024-01-26 13:21:35,584 [8e7f399e-f7c5-430e-98c6-d19423f76280-impl-thread1] INFO  server.RaftServer$Division (ServerState.java:close(427)) - 8e7f399e-f7c5-430e-98c6-d19423f76280@group-9246EA52D491: applyIndex: 0
2024-01-26 13:21:35,588 [ForkJoinPool.commonPool-worker-0] INFO  server.GrpcService (GrpcService.java:closeImpl(320)) - 8e7f399e-f7c5-430e-98c6-d19423f76280: shutdown server org.apache.ratis.grpc.server.GrpcClientProtocolService successfully
2024-01-26 13:21:35,588 [ForkJoinPool.commonPool-worker-0] INFO  server.GrpcService (GrpcService.java:closeImpl(311)) - 8e7f399e-f7c5-430e-98c6-d19423f76280: shutdown server GrpcServerProtocolService now
2024-01-26 13:21:35,589 [ForkJoinPool.commonPool-worker-6] INFO  server.GrpcService (GrpcService.java:closeImpl(320)) - 061c5e1a-1095-4fef-ae35-bb2f1955fa47: shutdown server GrpcServerProtocolService successfully
2024-01-26 13:21:35,589 [ForkJoinPool.commonPool-worker-6] INFO  server.GrpcService (GrpcService.java:closeImpl(311)) - 061c5e1a-1095-4fef-ae35-bb2f1955fa47: shutdown server org.apache.ratis.grpc.server.GrpcAdminProtocolService now
2024-01-26 13:21:35,589 [grpc-default-executor-6] WARN  server.GrpcServerProtocolService (LogUtils.java:warn(121)) - 8e7f399e-f7c5-430e-98c6-d19423f76280: APPEND_ENTRIES onError, lastRequest: 6765ae9a-8790-488a-a655-dfdac73b9f74->8e7f399e-f7c5-430e-98c6-d19423f76280#1-t1,previous=(t:0, i:0),leaderCommit=-1,initializing? false,entries: size=1, first=(t:1, i:0), CONFIGURATIONENTRY(current:id: "6765ae9a-8790-488a-a655-dfdac73b9f74"
address: "10.1.0.20:15353"
priority: 1
dataStreamAddress: "10.1.0.20:15354"
clientAddress: "10.1.0.20:15351"
adminAddress: "10.1.0.20:15352"
startupRole: FOLLOWER
,id: "282c7661-760d-4a20-bf76-23fe8f9b2b08"
address: "10.1.0.20:15344"
dataStreamAddress: "10.1.0.20:15345"
clientAddress: "10.1.0.20:15342"
adminAddress: "10.1.0.20:15343"
startupRole: FOLLOWER
,id: "8e7f399e-f7c5-430e-98c6-d19423f76280"
address: "10.1.0.20:15335"
dataStreamAddress: "10.1.0.20:15336"
clientAddress: "10.1.0.20:15333"
adminAddress: "10.1.0.20:15334"
startupRole: FOLLOWER
, old:): org.apache.ratis.thirdparty.io.grpc.StatusRuntimeException: CANCELLED: client cancelled
2024-01-26 13:21:35,589 [grpc-default-executor-0] WARN  server.GrpcServerProtocolService (LogUtils.java:warn(121)) - 8e7f399e-f7c5-430e-98c6-d19423f76280: APPEND_ENTRIES onError, lastRequest: null: org.apache.ratis.thirdparty.io.grpc.StatusRuntimeException: CANCELLED: client cancelled
2024-01-26 13:21:35,589 [ForkJoinPool.commonPool-worker-6] INFO  server.GrpcService (GrpcService.java:closeImpl(320)) - 061c5e1a-1095-4fef-ae35-bb2f1955fa47: shutdown server org.apache.ratis.grpc.server.GrpcAdminProtocolService successfully
2024-01-26 13:21:35,590 [grpc-default-executor-5] WARN  server.GrpcClientProtocolService (LogUtils.java:warn(121)) - 0-OrderedRequestStreamObserver0: onError: org.apache.ratis.thirdparty.io.grpc.StatusRuntimeException: CANCELLED: client cancelled
2024-01-26 13:21:35,590 [8e7f399e-f7c5-430e-98c6-d19423f76280@group-9246EA52D491-cacheEviction-AwaitToRun] INFO  util.AwaitToRun (AwaitToRun.java:run(49)) - 8e7f399e-f7c5-430e-98c6-d19423f76280@group-9246EA52D491-cacheEviction-AwaitToRun-AwaitForSignal is interrupted
2024-01-26 13:21:35,591 [ForkJoinPool.commonPool-worker-7] INFO  ozoneimpl.OzoneContainer (OzoneContainer.java:stop(479)) - Attempting to stop container services.
2024-01-26 13:21:35,591 [ForkJoinPool.commonPool-worker-1] INFO  ozoneimpl.OzoneContainer (OzoneContainer.java:stop(479)) - Attempting to stop container services.
2024-01-26 13:21:35,591 [ForkJoinPool.commonPool-worker-1] INFO  server.RaftServer (RaftServerProxy.java:lambda$close$9(416)) - 6765ae9a-8790-488a-a655-dfdac73b9f74: close
2024-01-26 13:21:35,591 [ForkJoinPool.commonPool-worker-7] INFO  server.RaftServer (RaftServerProxy.java:lambda$close$9(416)) - 512d2126-5b92-4e29-85c7-4f085cf86b5e: close
2024-01-26 13:21:35,591 [512d2126-5b92-4e29-85c7-4f085cf86b5e-impl-thread1] INFO  server.RaftServer$Division (RaftServerImpl.java:lambda$close$3(526)) - 512d2126-5b92-4e29-85c7-4f085cf86b5e@group-D2C280C44EC0: shutdown
2024-01-26 13:21:35,591 [512d2126-5b92-4e29-85c7-4f085cf86b5e-impl-thread1] INFO  util.JmxRegister (JmxRegister.java:unregister(73)) - Successfully un-registered JMX Bean with object name Ratis:service=RaftServer,group=group-D2C280C44EC0,id=512d2126-5b92-4e29-85c7-4f085cf86b5e
2024-01-26 13:21:35,591 [512d2126-5b92-4e29-85c7-4f085cf86b5e-impl-thread1] INFO  impl.RoleInfo (RoleInfo.java:shutdownFollowerState(110)) - 512d2126-5b92-4e29-85c7-4f085cf86b5e: shutdown 512d2126-5b92-4e29-85c7-4f085cf86b5e@group-D2C280C44EC0-FollowerState
2024-01-26 13:21:35,593 [grpc-default-executor-7] WARN  server.GrpcLogAppender (LogUtils.java:warn(121)) - 6765ae9a-8790-488a-a655-dfdac73b9f74@group-9246EA52D491->8e7f399e-f7c5-430e-98c6-d19423f76280-AppendLogResponseHandler: Failed appendEntries: org.apache.ratis.thirdparty.io.grpc.StatusRuntimeException: CANCELLED: RST_STREAM closed stream. HTTP/2 error code: CANCEL
2024-01-26 13:21:35,593 [grpc-default-executor-7] WARN  server.GrpcLogAppender (GrpcLogAppender.java:lambda$resetClient$1(217)) - 6765ae9a-8790-488a-a655-dfdac73b9f74@group-9246EA52D491->8e7f399e-f7c5-430e-98c6-d19423f76280-GrpcLogAppender: Follower failed (request=null, errorCount=1); keep nextIndex (1) unchanged and retry.
2024-01-26 13:21:35,594 [ForkJoinPool.commonPool-worker-3] INFO  server.GrpcService (GrpcService.java:closeImpl(320)) - a1acbc51-0491-4521-9956-72ea0a3fcfae: shutdown server org.apache.ratis.grpc.server.GrpcAdminProtocolService successfully
2024-01-26 13:21:35,594 [6765ae9a-8790-488a-a655-dfdac73b9f74-impl-thread1] INFO  server.RaftServer$Division (RaftServerImpl.java:lambda$close$3(526)) - 6765ae9a-8790-488a-a655-dfdac73b9f74@group-9C2507394FAC: shutdown
2024-01-26 13:21:35,594 [6765ae9a-8790-488a-a655-dfdac73b9f74-impl-thread1] INFO  util.JmxRegister (JmxRegister.java:unregister(73)) - Successfully un-registered JMX Bean with object name Ratis:service=RaftServer,group=group-9C2507394FAC,id=6765ae9a-8790-488a-a655-dfdac73b9f74
2024-01-26 13:21:35,595 [6765ae9a-8790-488a-a655-dfdac73b9f74-impl-thread1] INFO  impl.RoleInfo (RoleInfo.java:shutdownLeaderState(94)) - 6765ae9a-8790-488a-a655-dfdac73b9f74: shutdown 6765ae9a-8790-488a-a655-dfdac73b9f74@group-9C2507394FAC-LeaderStateImpl
2024-01-26 13:21:35,595 [ForkJoinPool.commonPool-worker-1] INFO  server.GrpcService (GrpcService.java:closeImpl(311)) - 6765ae9a-8790-488a-a655-dfdac73b9f74: shutdown server org.apache.ratis.grpc.server.GrpcClientProtocolService now
2024-01-26 13:21:35,595 [6765ae9a-8790-488a-a655-dfdac73b9f74-impl-thread2] INFO  server.RaftServer$Division (RaftServerImpl.java:lambda$close$3(526)) - 6765ae9a-8790-488a-a655-dfdac73b9f74@group-9246EA52D491: shutdown
2024-01-26 13:21:35,595 [6765ae9a-8790-488a-a655-dfdac73b9f74-impl-thread2] INFO  util.JmxRegister (JmxRegister.java:unregister(73)) - Successfully un-registered JMX Bean with object name Ratis:service=RaftServer,group=group-9246EA52D491,id=6765ae9a-8790-488a-a655-dfdac73b9f74
2024-01-26 13:21:35,595 [6765ae9a-8790-488a-a655-dfdac73b9f74-impl-thread2] INFO  impl.RoleInfo (RoleInfo.java:shutdownLeaderState(94)) - 6765ae9a-8790-488a-a655-dfdac73b9f74: shutdown 6765ae9a-8790-488a-a655-dfdac73b9f74@group-9246EA52D491-LeaderStateImpl
2024-01-26 13:21:35,595 [512d2126-5b92-4e29-85c7-4f085cf86b5e-impl-thread1] INFO  impl.StateMachineUpdater (StateMachineUpdater.java:stopAndJoin(157)) - 512d2126-5b92-4e29-85c7-4f085cf86b5e@group-D2C280C44EC0-StateMachineUpdater: set stopIndex = 0
2024-01-26 13:21:35,595 [512d2126-5b92-4e29-85c7-4f085cf86b5e@group-D2C280C44EC0-StateMachineUpdater] INFO  ratis.ContainerStateMachine (ContainerStateMachine.java:takeSnapshot(355)) - group-D2C280C44EC0: Taking a snapshot at:(t:1, i:0) file /home/runner/work/ozone/ozone/hadoop-ozone/integration-test/target/test-dir/MiniOzoneClusterImpl-953fd8c5-ac00-44c9-baab-0887e32ba883/datanode-4/data/ratis/565c7106-4406-46e8-8d34-d2c280c44ec0/sm/snapshot.1_0
2024-01-26 13:21:35,595 [6765ae9a-8790-488a-a655-dfdac73b9f74@group-9246EA52D491->282c7661-760d-4a20-bf76-23fe8f9b2b08-GrpcLogAppender-LogAppenderDaemon] WARN  server.GrpcLogAppender (GrpcLogAppender.java:mayWait(289)) - 6765ae9a-8790-488a-a655-dfdac73b9f74@group-9246EA52D491->282c7661-760d-4a20-bf76-23fe8f9b2b08-GrpcLogAppender: Wait interrupted by java.lang.InterruptedException
2024-01-26 13:21:35,595 [6765ae9a-8790-488a-a655-dfdac73b9f74@group-9246EA52D491->8e7f399e-f7c5-430e-98c6-d19423f76280-GrpcLogAppender-LogAppenderDaemon] WARN  server.GrpcLogAppender (GrpcLogAppender.java:mayWait(289)) - 6765ae9a-8790-488a-a655-dfdac73b9f74@group-9246EA52D491->8e7f399e-f7c5-430e-98c6-d19423f76280-GrpcLogAppender: Wait interrupted by java.lang.InterruptedException
2024-01-26 13:21:35,595 [512d2126-5b92-4e29-85c7-4f085cf86b5e-impl-thread2] INFO  server.RaftServer$Division (RaftServerImpl.java:lambda$close$3(526)) - 512d2126-5b92-4e29-85c7-4f085cf86b5e@group-990A103404EC: shutdown
2024-01-26 13:21:35,596 [512d2126-5b92-4e29-85c7-4f085cf86b5e-impl-thread2] INFO  util.JmxRegister (JmxRegister.java:unregister(73)) - Successfully un-registered JMX Bean with object name Ratis:service=RaftServer,group=group-990A103404EC,id=512d2126-5b92-4e29-85c7-4f085cf86b5e
2024-01-26 13:21:35,596 [512d2126-5b92-4e29-85c7-4f085cf86b5e-impl-thread2] INFO  impl.RoleInfo (RoleInfo.java:shutdownLeaderState(94)) - 512d2126-5b92-4e29-85c7-4f085cf86b5e: shutdown 512d2126-5b92-4e29-85c7-4f085cf86b5e@group-990A103404EC-LeaderStateImpl
2024-01-26 13:21:35,595 [6765ae9a-8790-488a-a655-dfdac73b9f74-impl-thread1] INFO  impl.PendingRequests (PendingRequests.java:sendNotLeaderResponses(289)) - 6765ae9a-8790-488a-a655-dfdac73b9f74@group-9C2507394FAC-PendingRequests: sendNotLeaderResponses
2024-01-26 13:21:35,596 [512d2126-5b92-4e29-85c7-4f085cf86b5e-impl-thread2] INFO  impl.PendingRequests (PendingRequests.java:sendNotLeaderResponses(289)) - 512d2126-5b92-4e29-85c7-4f085cf86b5e@group-990A103404EC-PendingRequests: sendNotLeaderResponses
2024-01-26 13:21:35,596 [Thread-4639] INFO  server.GrpcServerProtocolClient (GrpcServerProtocolClient.java:close(103)) - 282c7661-760d-4a20-bf76-23fe8f9b2b08 Close channels
2024-01-26 13:21:35,596 [512d2126-5b92-4e29-85c7-4f085cf86b5e@group-D2C280C44EC0-StateMachineUpdater] INFO  ratis.ContainerStateMachine (ContainerStateMachine.java:takeSnapshot(366)) - group-D2C280C44EC0: Finished taking a snapshot at:(t:1, i:0) file:/home/runner/work/ozone/ozone/hadoop-ozone/integration-test/target/test-dir/MiniOzoneClusterImpl-953fd8c5-ac00-44c9-baab-0887e32ba883/datanode-4/data/ratis/565c7106-4406-46e8-8d34-d2c280c44ec0/sm/snapshot.1_0 took: 1 ms
2024-01-26 13:21:35,595 [6765ae9a-8790-488a-a655-dfdac73b9f74-impl-thread2] INFO  impl.PendingRequests (PendingRequests.java:sendNotLeaderResponses(289)) - 6765ae9a-8790-488a-a655-dfdac73b9f74@group-9246EA52D491-PendingRequests: sendNotLeaderResponses
2024-01-26 13:21:35,596 [512d2126-5b92-4e29-85c7-4f085cf86b5e@group-D2C280C44EC0-StateMachineUpdater] INFO  impl.StateMachineUpdater (StateMachineUpdater.java:takeSnapshot(295)) - 512d2126-5b92-4e29-85c7-4f085cf86b5e@group-D2C280C44EC0-StateMachineUpdater: Took a snapshot at index 0
2024-01-26 13:21:35,596 [6765ae9a-8790-488a-a655-dfdac73b9f74-impl-thread1] INFO  impl.StateMachineUpdater (StateMachineUpdater.java:stopAndJoin(157)) - 6765ae9a-8790-488a-a655-dfdac73b9f74@group-9C2507394FAC-StateMachineUpdater: set stopIndex = 0
2024-01-26 13:21:35,595 [ForkJoinPool.commonPool-worker-7] INFO  server.GrpcService (GrpcService.java:closeImpl(311)) - 512d2126-5b92-4e29-85c7-4f085cf86b5e: shutdown server org.apache.ratis.grpc.server.GrpcClientProtocolService now
2024-01-26 13:21:35,596 [6765ae9a-8790-488a-a655-dfdac73b9f74-impl-thread2] INFO  impl.StateMachineUpdater (StateMachineUpdater.java:stopAndJoin(157)) - 6765ae9a-8790-488a-a655-dfdac73b9f74@group-9246EA52D491-StateMachineUpdater: set stopIndex = 0
2024-01-26 13:21:35,595 [512d2126-5b92-4e29-85c7-4f085cf86b5e@group-D2C280C44EC0-FollowerState] INFO  impl.FollowerState (FollowerState.java:run(152)) - 512d2126-5b92-4e29-85c7-4f085cf86b5e@group-D2C280C44EC0-FollowerState was interrupted
2024-01-26 13:21:35,596 [6765ae9a-8790-488a-a655-dfdac73b9f74@group-9C2507394FAC-StateMachineUpdater] INFO  ratis.ContainerStateMachine (ContainerStateMachine.java:takeSnapshot(355)) - group-9C2507394FAC: Taking a snapshot at:(t:1, i:0) file /home/runner/work/ozone/ozone/hadoop-ozone/integration-test/target/test-dir/MiniOzoneClusterImpl-953fd8c5-ac00-44c9-baab-0887e32ba883/datanode-8/data/ratis/86c19ba0-8766-4b28-9add-9c2507394fac/sm/snapshot.1_0
2024-01-26 13:21:35,596 [6765ae9a-8790-488a-a655-dfdac73b9f74@group-9246EA52D491-StateMachineUpdater] INFO  ratis.ContainerStateMachine (ContainerStateMachine.java:takeSnapshot(355)) - group-9246EA52D491: Taking a snapshot at:(t:1, i:0) file /home/runner/work/ozone/ozone/hadoop-ozone/integration-test/target/test-dir/MiniOzoneClusterImpl-953fd8c5-ac00-44c9-baab-0887e32ba883/datanode-8/data/ratis/c268dbf8-a06d-482b-bb17-9246ea52d491/sm/snapshot.1_0
2024-01-26 13:21:35,596 [512d2126-5b92-4e29-85c7-4f085cf86b5e@group-990A103404EC-StateMachineUpdater] INFO  ratis.ContainerStateMachine (ContainerStateMachine.java:takeSnapshot(355)) - group-990A103404EC: Taking a snapshot at:(t:1, i:0) file /home/runner/work/ozone/ozone/hadoop-ozone/integration-test/target/test-dir/MiniOzoneClusterImpl-953fd8c5-ac00-44c9-baab-0887e32ba883/datanode-4/data/ratis/ff6bf4e7-cfac-4ddb-9481-990a103404ec/sm/snapshot.1_0
2024-01-26 13:21:35,596 [512d2126-5b92-4e29-85c7-4f085cf86b5e@group-D2C280C44EC0-StateMachineUpdater] INFO  impl.StateMachineUpdater (StateMachineUpdater.java:lambda$new$0(98)) - 512d2126-5b92-4e29-85c7-4f085cf86b5e@group-D2C280C44EC0-StateMachineUpdater: snapshotIndex: updateIncreasingly -1 -> 0
2024-01-26 13:21:35,596 [512d2126-5b92-4e29-85c7-4f085cf86b5e-impl-thread2] INFO  impl.StateMachineUpdater (StateMachineUpdater.java:stopAndJoin(157)) - 512d2126-5b92-4e29-85c7-4f085cf86b5e@group-990A103404EC-StateMachineUpdater: set stopIndex = 0
2024-01-26 13:21:35,597 [512d2126-5b92-4e29-85c7-4f085cf86b5e-impl-thread1] INFO  server.RaftServer$Division (ServerState.java:close(427)) - 512d2126-5b92-4e29-85c7-4f085cf86b5e@group-D2C280C44EC0: applyIndex: 0
2024-01-26 13:21:35,597 [6765ae9a-8790-488a-a655-dfdac73b9f74@group-9C2507394FAC-StateMachineUpdater] INFO  ratis.ContainerStateMachine (ContainerStateMachine.java:takeSnapshot(366)) - group-9C2507394FAC: Finished taking a snapshot at:(t:1, i:0) file:/home/runner/work/ozone/ozone/hadoop-ozone/integration-test/target/test-dir/MiniOzoneClusterImpl-953fd8c5-ac00-44c9-baab-0887e32ba883/datanode-8/data/ratis/86c19ba0-8766-4b28-9add-9c2507394fac/sm/snapshot.1_0 took: 0 ms
2024-01-26 13:21:35,597 [Thread-4644] INFO  server.GrpcServerProtocolClient (GrpcServerProtocolClient.java:close(103)) - 8e7f399e-f7c5-430e-98c6-d19423f76280 Close channels
2024-01-26 13:21:35,597 [6765ae9a-8790-488a-a655-dfdac73b9f74@group-9C2507394FAC-StateMachineUpdater] INFO  impl.StateMachineUpdater (StateMachineUpdater.java:takeSnapshot(295)) - 6765ae9a-8790-488a-a655-dfdac73b9f74@group-9C2507394FAC-StateMachineUpdater: Took a snapshot at index 0
2024-01-26 13:21:35,597 [6765ae9a-8790-488a-a655-dfdac73b9f74@group-9C2507394FAC-StateMachineUpdater] INFO  impl.StateMachineUpdater (StateMachineUpdater.java:lambda$new$0(98)) - 6765ae9a-8790-488a-a655-dfdac73b9f74@group-9C2507394FAC-StateMachineUpdater: snapshotIndex: updateIncreasingly -1 -> 0
2024-01-26 13:21:35,597 [6765ae9a-8790-488a-a655-dfdac73b9f74@group-9246EA52D491-StateMachineUpdater] INFO  ratis.ContainerStateMachine (ContainerStateMachine.java:takeSnapshot(366)) - group-9246EA52D491: Finished taking a snapshot at:(t:1, i:0) file:/home/runner/work/ozone/ozone/hadoop-ozone/integration-test/target/test-dir/MiniOzoneClusterImpl-953fd8c5-ac00-44c9-baab-0887e32ba883/datanode-8/data/ratis/c268dbf8-a06d-482b-bb17-9246ea52d491/sm/snapshot.1_0 took: 1 ms
2024-01-26 13:21:35,597 [6765ae9a-8790-488a-a655-dfdac73b9f74@group-9246EA52D491-StateMachineUpdater] INFO  impl.StateMachineUpdater (StateMachineUpdater.java:takeSnapshot(295)) - 6765ae9a-8790-488a-a655-dfdac73b9f74@group-9246EA52D491-StateMachineUpdater: Took a snapshot at index 0
2024-01-26 13:21:35,597 [6765ae9a-8790-488a-a655-dfdac73b9f74@group-9246EA52D491-StateMachineUpdater] INFO  impl.StateMachineUpdater (StateMachineUpdater.java:lambda$new$0(98)) - 6765ae9a-8790-488a-a655-dfdac73b9f74@group-9246EA52D491-StateMachineUpdater: snapshotIndex: updateIncreasingly -1 -> 0
2024-01-26 13:21:35,597 [6765ae9a-8790-488a-a655-dfdac73b9f74-impl-thread1] INFO  server.RaftServer$Division (ServerState.java:close(427)) - 6765ae9a-8790-488a-a655-dfdac73b9f74@group-9C2507394FAC: applyIndex: 0
2024-01-26 13:21:35,597 [6765ae9a-8790-488a-a655-dfdac73b9f74-impl-thread2] INFO  server.RaftServer$Division (ServerState.java:close(427)) - 6765ae9a-8790-488a-a655-dfdac73b9f74@group-9246EA52D491: applyIndex: 0
2024-01-26 13:21:35,597 [512d2126-5b92-4e29-85c7-4f085cf86b5e@group-990A103404EC-StateMachineUpdater] INFO  ratis.ContainerStateMachine (ContainerStateMachine.java:takeSnapshot(366)) - group-990A103404EC: Finished taking a snapshot at:(t:1, i:0) file:/home/runner/work/ozone/ozone/hadoop-ozone/integration-test/target/test-dir/MiniOzoneClusterImpl-953fd8c5-ac00-44c9-baab-0887e32ba883/datanode-4/data/ratis/ff6bf4e7-cfac-4ddb-9481-990a103404ec/sm/snapshot.1_0 took: 2 ms
2024-01-26 13:21:35,598 [512d2126-5b92-4e29-85c7-4f085cf86b5e@group-990A103404EC-StateMachineUpdater] INFO  impl.StateMachineUpdater (StateMachineUpdater.java:takeSnapshot(295)) - 512d2126-5b92-4e29-85c7-4f085cf86b5e@group-990A103404EC-StateMachineUpdater: Took a snapshot at index 0
2024-01-26 13:21:35,598 [512d2126-5b92-4e29-85c7-4f085cf86b5e@group-990A103404EC-StateMachineUpdater] INFO  impl.StateMachineUpdater (StateMachineUpdater.java:lambda$new$0(98)) - 512d2126-5b92-4e29-85c7-4f085cf86b5e@group-990A103404EC-StateMachineUpdater: snapshotIndex: updateIncreasingly -1 -> 0
2024-01-26 13:21:35,601 [ForkJoinPool.commonPool-worker-0] INFO  server.GrpcService (GrpcService.java:closeImpl(320)) - 8e7f399e-f7c5-430e-98c6-d19423f76280: shutdown server GrpcServerProtocolService successfully
2024-01-26 13:21:35,601 [512d2126-5b92-4e29-85c7-4f085cf86b5e-impl-thread2] INFO  server.RaftServer$Division (ServerState.java:close(427)) - 512d2126-5b92-4e29-85c7-4f085cf86b5e@group-990A103404EC: applyIndex: 0
2024-01-26 13:21:35,601 [ForkJoinPool.commonPool-worker-0] INFO  server.GrpcService (GrpcService.java:closeImpl(311)) - 8e7f399e-f7c5-430e-98c6-d19423f76280: shutdown server org.apache.ratis.grpc.server.GrpcAdminProtocolService now
2024-01-26 13:21:35,601 [ForkJoinPool.commonPool-worker-2] INFO  ozoneimpl.OzoneContainer (OzoneContainer.java:stop(479)) - Attempting to stop container services.
2024-01-26 13:21:35,601 [6765ae9a-8790-488a-a655-dfdac73b9f74@group-9246EA52D491-cacheEviction-AwaitToRun] INFO  util.AwaitToRun (AwaitToRun.java:run(49)) - 6765ae9a-8790-488a-a655-dfdac73b9f74@group-9246EA52D491-cacheEviction-AwaitToRun-AwaitForSignal is interrupted
2024-01-26 13:21:35,601 [512d2126-5b92-4e29-85c7-4f085cf86b5e@group-D2C280C44EC0-cacheEviction-AwaitToRun] INFO  util.AwaitToRun (AwaitToRun.java:run(49)) - 512d2126-5b92-4e29-85c7-4f085cf86b5e@group-D2C280C44EC0-cacheEviction-AwaitToRun-AwaitForSignal is interrupted
2024-01-26 13:21:35,601 [512d2126-5b92-4e29-85c7-4f085cf86b5e@group-990A103404EC-cacheEviction-AwaitToRun] INFO  util.AwaitToRun (AwaitToRun.java:run(49)) - 512d2126-5b92-4e29-85c7-4f085cf86b5e@group-990A103404EC-cacheEviction-AwaitToRun-AwaitForSignal is interrupted
2024-01-26 13:21:35,601 [6765ae9a-8790-488a-a655-dfdac73b9f74@group-9C2507394FAC-cacheEviction-AwaitToRun] INFO  util.AwaitToRun (AwaitToRun.java:run(49)) - 6765ae9a-8790-488a-a655-dfdac73b9f74@group-9C2507394FAC-cacheEviction-AwaitToRun-AwaitForSignal is interrupted
2024-01-26 13:21:35,602 [ForkJoinPool.commonPool-worker-1] INFO  server.GrpcService (GrpcService.java:closeImpl(320)) - 6765ae9a-8790-488a-a655-dfdac73b9f74: shutdown server org.apache.ratis.grpc.server.GrpcClientProtocolService successfully
2024-01-26 13:21:35,602 [ForkJoinPool.commonPool-worker-2] INFO  server.RaftServer (RaftServerProxy.java:lambda$close$9(416)) - 2d827dc5-08e9-453f-94d7-4114e25c345f: close
2024-01-26 13:21:35,602 [ForkJoinPool.commonPool-worker-1] INFO  server.GrpcService (GrpcService.java:closeImpl(311)) - 6765ae9a-8790-488a-a655-dfdac73b9f74: shutdown server GrpcServerProtocolService now
2024-01-26 13:21:35,603 [ForkJoinPool.commonPool-worker-1] INFO  server.GrpcService (GrpcService.java:closeImpl(320)) - 6765ae9a-8790-488a-a655-dfdac73b9f74: shutdown server GrpcServerProtocolService successfully
2024-01-26 13:21:35,603 [ForkJoinPool.commonPool-worker-1] INFO  server.GrpcService (GrpcService.java:closeImpl(311)) - 6765ae9a-8790-488a-a655-dfdac73b9f74: shutdown server org.apache.ratis.grpc.server.GrpcAdminProtocolService now
2024-01-26 13:21:35,603 [ForkJoinPool.commonPool-worker-7] INFO  server.GrpcService (GrpcService.java:closeImpl(320)) - 512d2126-5b92-4e29-85c7-4f085cf86b5e: shutdown server org.apache.ratis.grpc.server.GrpcClientProtocolService successfully
2024-01-26 13:21:35,603 [ForkJoinPool.commonPool-worker-7] INFO  server.GrpcService (GrpcService.java:closeImpl(311)) - 512d2126-5b92-4e29-85c7-4f085cf86b5e: shutdown server GrpcServerProtocolService now
2024-01-26 13:21:35,603 [2d827dc5-08e9-453f-94d7-4114e25c345f-impl-thread1] INFO  server.RaftServer$Division (RaftServerImpl.java:lambda$close$3(526)) - 2d827dc5-08e9-453f-94d7-4114e25c345f@group-6007680D8A09: shutdown
2024-01-26 13:21:35,604 [2d827dc5-08e9-453f-94d7-4114e25c345f-impl-thread1] INFO  util.JmxRegister (JmxRegister.java:unregister(73)) - Successfully un-registered JMX Bean with object name Ratis:service=RaftServer,group=group-6007680D8A09,id=2d827dc5-08e9-453f-94d7-4114e25c345f
2024-01-26 13:21:35,604 [2d827dc5-08e9-453f-94d7-4114e25c345f-impl-thread1] INFO  impl.RoleInfo (RoleInfo.java:shutdownLeaderState(94)) - 2d827dc5-08e9-453f-94d7-4114e25c345f: shutdown 2d827dc5-08e9-453f-94d7-4114e25c345f@group-6007680D8A09-LeaderStateImpl
2024-01-26 13:21:35,604 [2d827dc5-08e9-453f-94d7-4114e25c345f-impl-thread1] INFO  impl.PendingRequests (PendingRequests.java:sendNotLeaderResponses(289)) - 2d827dc5-08e9-453f-94d7-4114e25c345f@group-6007680D8A09-PendingRequests: sendNotLeaderResponses
2024-01-26 13:21:35,604 [2d827dc5-08e9-453f-94d7-4114e25c345f-impl-thread1] INFO  impl.StateMachineUpdater (StateMachineUpdater.java:stopAndJoin(157)) - 2d827dc5-08e9-453f-94d7-4114e25c345f@group-6007680D8A09-StateMachineUpdater: set stopIndex = 0
2024-01-26 13:21:35,604 [2d827dc5-08e9-453f-94d7-4114e25c345f@group-6007680D8A09-StateMachineUpdater] INFO  ratis.ContainerStateMachine (ContainerStateMachine.java:takeSnapshot(355)) - group-6007680D8A09: Taking a snapshot at:(t:1, i:0) file /home/runner/work/ozone/ozone/hadoop-ozone/integration-test/target/test-dir/MiniOzoneClusterImpl-953fd8c5-ac00-44c9-baab-0887e32ba883/datanode-0/data/ratis/46cb867c-9aec-4dec-a243-6007680d8a09/sm/snapshot.1_0
2024-01-26 13:21:35,605 [cb54f49b-2271-401a-a078-0b164c9907dd-NettyServerStreamRpc-bossGroup--thread1] INFO  logging.LoggingHandler (AbstractInternalLogger.java:log(148)) - [id: 0x500abefa, L:/0.0.0.0:15291] CLOSE
2024-01-26 13:21:35,605 [cb54f49b-2271-401a-a078-0b164c9907dd-NettyServerStreamRpc-bossGroup--thread1] INFO  logging.LoggingHandler (AbstractInternalLogger.java:log(148)) - [id: 0x500abefa, L:/0.0.0.0:15291] INACTIVE
2024-01-26 13:21:35,605 [cb54f49b-2271-401a-a078-0b164c9907dd-NettyServerStreamRpc-bossGroup--thread1] INFO  logging.LoggingHandler (AbstractInternalLogger.java:log(148)) - [id: 0x500abefa, L:/0.0.0.0:15291] UNREGISTERED
2024-01-26 13:21:35,605 [2d827dc5-08e9-453f-94d7-4114e25c345f@group-6007680D8A09-StateMachineUpdater] INFO  ratis.ContainerStateMachine (ContainerStateMachine.java:takeSnapshot(366)) - group-6007680D8A09: Finished taking a snapshot at:(t:1, i:0) file:/home/runner/work/ozone/ozone/hadoop-ozone/integration-test/target/test-dir/MiniOzoneClusterImpl-953fd8c5-ac00-44c9-baab-0887e32ba883/datanode-0/data/ratis/46cb867c-9aec-4dec-a243-6007680d8a09/sm/snapshot.1_0 took: 1 ms
2024-01-26 13:21:35,605 [2d827dc5-08e9-453f-94d7-4114e25c345f@group-6007680D8A09-StateMachineUpdater] INFO  impl.StateMachineUpdater (StateMachineUpdater.java:takeSnapshot(295)) - 2d827dc5-08e9-453f-94d7-4114e25c345f@group-6007680D8A09-StateMachineUpdater: Took a snapshot at index 0
2024-01-26 13:21:35,605 [2d827dc5-08e9-453f-94d7-4114e25c345f@group-6007680D8A09-StateMachineUpdater] INFO  impl.StateMachineUpdater (StateMachineUpdater.java:lambda$new$0(98)) - 2d827dc5-08e9-453f-94d7-4114e25c345f@group-6007680D8A09-StateMachineUpdater: snapshotIndex: updateIncreasingly -1 -> 0
2024-01-26 13:21:35,605 [2d827dc5-08e9-453f-94d7-4114e25c345f-impl-thread1] INFO  server.RaftServer$Division (ServerState.java:close(427)) - 2d827dc5-08e9-453f-94d7-4114e25c345f@group-6007680D8A09: applyIndex: 0
2024-01-26 13:21:35,606 [ForkJoinPool.commonPool-worker-2] INFO  server.GrpcService (GrpcService.java:closeImpl(311)) - 2d827dc5-08e9-453f-94d7-4114e25c345f: shutdown server org.apache.ratis.grpc.server.GrpcClientProtocolService now
2024-01-26 13:21:35,607 [ForkJoinPool.commonPool-worker-0] INFO  server.GrpcService (GrpcService.java:closeImpl(320)) - 8e7f399e-f7c5-430e-98c6-d19423f76280: shutdown server org.apache.ratis.grpc.server.GrpcAdminProtocolService successfully
2024-01-26 13:21:35,607 [282c7661-760d-4a20-bf76-23fe8f9b2b08-NettyServerStreamRpc-bossGroup--thread1] INFO  logging.LoggingHandler (AbstractInternalLogger.java:log(148)) - [id: 0x3d672d4a, L:/0.0.0.0:15345] CLOSE
2024-01-26 13:21:35,607 [2d827dc5-08e9-453f-94d7-4114e25c345f@group-6007680D8A09-cacheEviction-AwaitToRun] INFO  util.AwaitToRun (AwaitToRun.java:run(49)) - 2d827dc5-08e9-453f-94d7-4114e25c345f@group-6007680D8A09-cacheEviction-AwaitToRun-AwaitForSignal is interrupted
2024-01-26 13:21:35,608 [ForkJoinPool.commonPool-worker-7] INFO  server.GrpcService (GrpcService.java:closeImpl(320)) - 512d2126-5b92-4e29-85c7-4f085cf86b5e: shutdown server GrpcServerProtocolService successfully
2024-01-26 13:21:35,608 [ForkJoinPool.commonPool-worker-7] INFO  server.GrpcService (GrpcService.java:closeImpl(311)) - 512d2126-5b92-4e29-85c7-4f085cf86b5e: shutdown server org.apache.ratis.grpc.server.GrpcAdminProtocolService now
2024-01-26 13:21:35,608 [ForkJoinPool.commonPool-worker-1] INFO  server.GrpcService (GrpcService.java:closeImpl(320)) - 6765ae9a-8790-488a-a655-dfdac73b9f74: shutdown server org.apache.ratis.grpc.server.GrpcAdminProtocolService successfully
2024-01-26 13:21:35,607 [282c7661-760d-4a20-bf76-23fe8f9b2b08-NettyServerStreamRpc-bossGroup--thread1] INFO  logging.LoggingHandler (AbstractInternalLogger.java:log(148)) - [id: 0x3d672d4a, L:/0.0.0.0:15345] INACTIVE
2024-01-26 13:21:35,608 [282c7661-760d-4a20-bf76-23fe8f9b2b08-NettyServerStreamRpc-bossGroup--thread1] INFO  logging.LoggingHandler (AbstractInternalLogger.java:log(148)) - [id: 0x3d672d4a, L:/0.0.0.0:15345] UNREGISTERED
2024-01-26 13:21:35,610 [ForkJoinPool.commonPool-worker-7] INFO  server.GrpcService (GrpcService.java:closeImpl(320)) - 512d2126-5b92-4e29-85c7-4f085cf86b5e: shutdown server org.apache.ratis.grpc.server.GrpcAdminProtocolService successfully
2024-01-26 13:21:35,610 [Thread-4693] INFO  server.GrpcServerProtocolClient (GrpcServerProtocolClient.java:close(103)) - a1acbc51-0491-4521-9956-72ea0a3fcfae Close channels
2024-01-26 13:21:35,610 [2d827dc5-08e9-453f-94d7-4114e25c345f-impl-thread2] INFO  server.RaftServer$Division (RaftServerImpl.java:lambda$close$3(526)) - 2d827dc5-08e9-453f-94d7-4114e25c345f@group-8F301DE41D58: shutdown
2024-01-26 13:21:35,611 [2d827dc5-08e9-453f-94d7-4114e25c345f-impl-thread2] INFO  util.JmxRegister (JmxRegister.java:unregister(73)) - Successfully un-registered JMX Bean with object name Ratis:service=RaftServer,group=group-8F301DE41D58,id=2d827dc5-08e9-453f-94d7-4114e25c345f
2024-01-26 13:21:35,611 [2d827dc5-08e9-453f-94d7-4114e25c345f-impl-thread2] INFO  impl.RoleInfo (RoleInfo.java:shutdownFollowerState(110)) - 2d827dc5-08e9-453f-94d7-4114e25c345f: shutdown 2d827dc5-08e9-453f-94d7-4114e25c345f@group-8F301DE41D58-FollowerState
2024-01-26 13:21:35,611 [2d827dc5-08e9-453f-94d7-4114e25c345f-impl-thread2] INFO  impl.StateMachineUpdater (StateMachineUpdater.java:stopAndJoin(157)) - 2d827dc5-08e9-453f-94d7-4114e25c345f@group-8F301DE41D58-StateMachineUpdater: set stopIndex = 0
2024-01-26 13:21:35,611 [2d827dc5-08e9-453f-94d7-4114e25c345f@group-8F301DE41D58-FollowerState] INFO  impl.FollowerState (FollowerState.java:run(152)) - 2d827dc5-08e9-453f-94d7-4114e25c345f@group-8F301DE41D58-FollowerState was interrupted
2024-01-26 13:21:35,611 [2d827dc5-08e9-453f-94d7-4114e25c345f@group-8F301DE41D58-StateMachineUpdater] INFO  ratis.ContainerStateMachine (ContainerStateMachine.java:takeSnapshot(355)) - group-8F301DE41D58: Taking a snapshot at:(t:1, i:0) file /home/runner/work/ozone/ozone/hadoop-ozone/integration-test/target/test-dir/MiniOzoneClusterImpl-953fd8c5-ac00-44c9-baab-0887e32ba883/datanode-0/data/ratis/9c44c8cb-9d31-438d-8f48-8f301de41d58/sm/snapshot.1_0
2024-01-26 13:21:35,611 [2d827dc5-08e9-453f-94d7-4114e25c345f@group-8F301DE41D58-StateMachineUpdater] INFO  ratis.ContainerStateMachine (ContainerStateMachine.java:takeSnapshot(366)) - group-8F301DE41D58: Finished taking a snapshot at:(t:1, i:0) file:/home/runner/work/ozone/ozone/hadoop-ozone/integration-test/target/test-dir/MiniOzoneClusterImpl-953fd8c5-ac00-44c9-baab-0887e32ba883/datanode-0/data/ratis/9c44c8cb-9d31-438d-8f48-8f301de41d58/sm/snapshot.1_0 took: 1 ms
2024-01-26 13:21:35,612 [2d827dc5-08e9-453f-94d7-4114e25c345f@group-8F301DE41D58-StateMachineUpdater] INFO  impl.StateMachineUpdater (StateMachineUpdater.java:takeSnapshot(295)) - 2d827dc5-08e9-453f-94d7-4114e25c345f@group-8F301DE41D58-StateMachineUpdater: Took a snapshot at index 0
2024-01-26 13:21:35,612 [2d827dc5-08e9-453f-94d7-4114e25c345f@group-8F301DE41D58-StateMachineUpdater] INFO  impl.StateMachineUpdater (StateMachineUpdater.java:lambda$new$0(98)) - 2d827dc5-08e9-453f-94d7-4114e25c345f@group-8F301DE41D58-StateMachineUpdater: snapshotIndex: updateIncreasingly -1 -> 0
2024-01-26 13:21:35,612 [2d827dc5-08e9-453f-94d7-4114e25c345f-impl-thread2] INFO  server.RaftServer$Division (ServerState.java:close(427)) - 2d827dc5-08e9-453f-94d7-4114e25c345f@group-8F301DE41D58: applyIndex: 0
2024-01-26 13:21:35,613 [061c5e1a-1095-4fef-ae35-bb2f1955fa47-NettyServerStreamRpc-bossGroup--thread1] INFO  logging.LoggingHandler (AbstractInternalLogger.java:log(148)) - [id: 0x97a9278c, L:/0.0.0.0:15309] CLOSE
2024-01-26 13:21:35,613 [061c5e1a-1095-4fef-ae35-bb2f1955fa47-NettyServerStreamRpc-bossGroup--thread1] INFO  logging.LoggingHandler (AbstractInternalLogger.java:log(148)) - [id: 0x97a9278c, L:/0.0.0.0:15309] INACTIVE
2024-01-26 13:21:35,613 [061c5e1a-1095-4fef-ae35-bb2f1955fa47-NettyServerStreamRpc-bossGroup--thread1] INFO  logging.LoggingHandler (AbstractInternalLogger.java:log(148)) - [id: 0x97a9278c, L:/0.0.0.0:15309] UNREGISTERED
2024-01-26 13:21:35,613 [2d827dc5-08e9-453f-94d7-4114e25c345f@group-8F301DE41D58-cacheEviction-AwaitToRun] INFO  util.AwaitToRun (AwaitToRun.java:run(49)) - 2d827dc5-08e9-453f-94d7-4114e25c345f@group-8F301DE41D58-cacheEviction-AwaitToRun-AwaitForSignal is interrupted
2024-01-26 13:21:35,614 [Thread-4690] INFO  server.GrpcServerProtocolClient (GrpcServerProtocolClient.java:close(103)) - cb54f49b-2271-401a-a078-0b164c9907dd Close channels
2024-01-26 13:21:35,614 [ForkJoinPool.commonPool-worker-2] INFO  server.GrpcService (GrpcService.java:closeImpl(320)) - 2d827dc5-08e9-453f-94d7-4114e25c345f: shutdown server org.apache.ratis.grpc.server.GrpcClientProtocolService successfully
2024-01-26 13:21:35,614 [ForkJoinPool.commonPool-worker-2] INFO  server.GrpcService (GrpcService.java:closeImpl(311)) - 2d827dc5-08e9-453f-94d7-4114e25c345f: shutdown server GrpcServerProtocolService now
2024-01-26 13:21:35,618 [ForkJoinPool.commonPool-worker-2] INFO  server.GrpcService (GrpcService.java:closeImpl(320)) - 2d827dc5-08e9-453f-94d7-4114e25c345f: shutdown server GrpcServerProtocolService successfully
2024-01-26 13:21:35,618 [ForkJoinPool.commonPool-worker-2] INFO  server.GrpcService (GrpcService.java:closeImpl(311)) - 2d827dc5-08e9-453f-94d7-4114e25c345f: shutdown server org.apache.ratis.grpc.server.GrpcAdminProtocolService now
2024-01-26 13:21:35,619 [ForkJoinPool.commonPool-worker-2] INFO  server.GrpcService (GrpcService.java:closeImpl(320)) - 2d827dc5-08e9-453f-94d7-4114e25c345f: shutdown server org.apache.ratis.grpc.server.GrpcAdminProtocolService successfully
2024-01-26 13:21:35,621 [a1acbc51-0491-4521-9956-72ea0a3fcfae-NettyServerStreamRpc-bossGroup--thread1] INFO  logging.LoggingHandler (AbstractInternalLogger.java:log(148)) - [id: 0x3bb92982, L:/0.0.0.0:15300] CLOSE
2024-01-26 13:21:35,621 [a1acbc51-0491-4521-9956-72ea0a3fcfae-NettyServerStreamRpc-bossGroup--thread1] INFO  logging.LoggingHandler (AbstractInternalLogger.java:log(148)) - [id: 0x3bb92982, L:/0.0.0.0:15300] INACTIVE
2024-01-26 13:21:35,621 [a1acbc51-0491-4521-9956-72ea0a3fcfae-NettyServerStreamRpc-bossGroup--thread1] INFO  logging.LoggingHandler (AbstractInternalLogger.java:log(148)) - [id: 0x3bb92982, L:/0.0.0.0:15300] UNREGISTERED
2024-01-26 13:21:35,624 [512d2126-5b92-4e29-85c7-4f085cf86b5e-NettyServerStreamRpc-bossGroup--thread1] INFO  logging.LoggingHandler (AbstractInternalLogger.java:log(148)) - [id: 0xb8a031ec, L:/0.0.0.0:15318] CLOSE
2024-01-26 13:21:35,625 [512d2126-5b92-4e29-85c7-4f085cf86b5e-NettyServerStreamRpc-bossGroup--thread1] INFO  logging.LoggingHandler (AbstractInternalLogger.java:log(148)) - [id: 0xb8a031ec, L:/0.0.0.0:15318] INACTIVE
2024-01-26 13:21:35,625 [512d2126-5b92-4e29-85c7-4f085cf86b5e-NettyServerStreamRpc-bossGroup--thread1] INFO  logging.LoggingHandler (AbstractInternalLogger.java:log(148)) - [id: 0xb8a031ec, L:/0.0.0.0:15318] UNREGISTERED
2024-01-26 13:21:35,625 [8e7f399e-f7c5-430e-98c6-d19423f76280-NettyServerStreamRpc-bossGroup--thread1] INFO  logging.LoggingHandler (AbstractInternalLogger.java:log(148)) - [id: 0x1f249a72, L:/0.0.0.0:15336] CLOSE
2024-01-26 13:21:35,625 [8e7f399e-f7c5-430e-98c6-d19423f76280-NettyServerStreamRpc-bossGroup--thread1] INFO  logging.LoggingHandler (AbstractInternalLogger.java:log(148)) - [id: 0x1f249a72, L:/0.0.0.0:15336] INACTIVE
2024-01-26 13:21:35,625 [8e7f399e-f7c5-430e-98c6-d19423f76280-NettyServerStreamRpc-bossGroup--thread1] INFO  logging.LoggingHandler (AbstractInternalLogger.java:log(148)) - [id: 0x1f249a72, L:/0.0.0.0:15336] UNREGISTERED
2024-01-26 13:21:35,625 [6765ae9a-8790-488a-a655-dfdac73b9f74-NettyServerStreamRpc-bossGroup--thread1] INFO  logging.LoggingHandler (AbstractInternalLogger.java:log(148)) - [id: 0xb253e987, L:/0.0.0.0:15354] CLOSE
2024-01-26 13:21:35,625 [6765ae9a-8790-488a-a655-dfdac73b9f74-NettyServerStreamRpc-bossGroup--thread1] INFO  logging.LoggingHandler (AbstractInternalLogger.java:log(148)) - [id: 0xb253e987, L:/0.0.0.0:15354] INACTIVE
2024-01-26 13:21:35,625 [6765ae9a-8790-488a-a655-dfdac73b9f74-NettyServerStreamRpc-bossGroup--thread1] INFO  logging.LoggingHandler (AbstractInternalLogger.java:log(148)) - [id: 0xb253e987, L:/0.0.0.0:15354] UNREGISTERED
2024-01-26 13:21:35,630 [2d827dc5-08e9-453f-94d7-4114e25c345f-NettyServerStreamRpc-bossGroup--thread1] INFO  logging.LoggingHandler (AbstractInternalLogger.java:log(148)) - [id: 0x997e2e13, L:/0.0.0.0:15282] CLOSE
2024-01-26 13:21:35,630 [2d827dc5-08e9-453f-94d7-4114e25c345f-NettyServerStreamRpc-bossGroup--thread1] INFO  logging.LoggingHandler (AbstractInternalLogger.java:log(148)) - [id: 0x997e2e13, L:/0.0.0.0:15282] INACTIVE
2024-01-26 13:21:35,630 [2d827dc5-08e9-453f-94d7-4114e25c345f-NettyServerStreamRpc-bossGroup--thread1] INFO  logging.LoggingHandler (AbstractInternalLogger.java:log(148)) - [id: 0x997e2e13, L:/0.0.0.0:15282] UNREGISTERED
2024-01-26 13:21:35,847 [a1acbc51-0491-4521-9956-72ea0a3fcfae-impl-thread1] INFO  segmented.SegmentedRaftLogWorker (SegmentedRaftLogWorker.java:close(245)) - a1acbc51-0491-4521-9956-72ea0a3fcfae@group-8F301DE41D58-SegmentedRaftLogWorker close()
2024-01-26 13:21:35,854 [cb54f49b-2271-401a-a078-0b164c9907dd-impl-thread2] INFO  segmented.SegmentedRaftLogWorker (SegmentedRaftLogWorker.java:close(245)) - cb54f49b-2271-401a-a078-0b164c9907dd@group-8F301DE41D58-SegmentedRaftLogWorker close()
2024-01-26 13:21:35,855 [2d827dc5-08e9-453f-94d7-4114e25c345f-impl-thread2] INFO  segmented.SegmentedRaftLogWorker (SegmentedRaftLogWorker.java:close(245)) - 2d827dc5-08e9-453f-94d7-4114e25c345f@group-8F301DE41D58-SegmentedRaftLogWorker close()
2024-01-26 13:21:35,914 [2d827dc5-08e9-453f-94d7-4114e25c345f-impl-thread1] INFO  segmented.SegmentedRaftLogWorker (SegmentedRaftLogWorker.java:close(245)) - 2d827dc5-08e9-453f-94d7-4114e25c345f@group-6007680D8A09-SegmentedRaftLogWorker close()
2024-01-26 13:21:35,915 [JvmPauseMonitor35] INFO  util.JvmPauseMonitor (JvmPauseMonitor.java:run(152)) - JvmPauseMonitor-2d827dc5-08e9-453f-94d7-4114e25c345f: Stopped
2024-01-26 13:21:35,974 [cb54f49b-2271-401a-a078-0b164c9907dd-impl-thread1] INFO  segmented.SegmentedRaftLogWorker (SegmentedRaftLogWorker.java:close(245)) - cb54f49b-2271-401a-a078-0b164c9907dd@group-CAA3F149B9FB-SegmentedRaftLogWorker close()
2024-01-26 13:21:35,975 [JvmPauseMonitor36] INFO  util.JvmPauseMonitor (JvmPauseMonitor.java:run(152)) - JvmPauseMonitor-cb54f49b-2271-401a-a078-0b164c9907dd: Stopped
2024-01-26 13:21:36,231 [512d2126-5b92-4e29-85c7-4f085cf86b5e-impl-thread1] INFO  segmented.SegmentedRaftLogWorker (SegmentedRaftLogWorker.java:close(245)) - 512d2126-5b92-4e29-85c7-4f085cf86b5e@group-D2C280C44EC0-SegmentedRaftLogWorker close()
2024-01-26 13:21:36,231 [512d2126-5b92-4e29-85c7-4f085cf86b5e-impl-thread2] INFO  segmented.SegmentedRaftLogWorker (SegmentedRaftLogWorker.java:close(245)) - 512d2126-5b92-4e29-85c7-4f085cf86b5e@group-990A103404EC-SegmentedRaftLogWorker close()
2024-01-26 13:21:36,233 [061c5e1a-1095-4fef-ae35-bb2f1955fa47-impl-thread1] INFO  segmented.SegmentedRaftLogWorker (SegmentedRaftLogWorker.java:close(245)) - 061c5e1a-1095-4fef-ae35-bb2f1955fa47@group-D2C280C44EC0-SegmentedRaftLogWorker close()
2024-01-26 13:21:36,234 [JvmPauseMonitor39] INFO  util.JvmPauseMonitor (JvmPauseMonitor.java:run(152)) - JvmPauseMonitor-512d2126-5b92-4e29-85c7-4f085cf86b5e: Stopped
2024-01-26 13:21:36,239 [5f4f4713-a1cc-4bb1-a761-5c302a8e1427-impl-thread2] INFO  segmented.SegmentedRaftLogWorker (SegmentedRaftLogWorker.java:close(245)) - 5f4f4713-a1cc-4bb1-a761-5c302a8e1427@group-D2C280C44EC0-SegmentedRaftLogWorker close()
2024-01-26 13:21:36,237 [a1acbc51-0491-4521-9956-72ea0a3fcfae-impl-thread2] INFO  segmented.SegmentedRaftLogWorker (SegmentedRaftLogWorker.java:close(245)) - a1acbc51-0491-4521-9956-72ea0a3fcfae@group-47DBA195F5C4-SegmentedRaftLogWorker close()
2024-01-26 13:21:36,237 [061c5e1a-1095-4fef-ae35-bb2f1955fa47-impl-thread2] INFO  segmented.SegmentedRaftLogWorker (SegmentedRaftLogWorker.java:close(245)) - 061c5e1a-1095-4fef-ae35-bb2f1955fa47@group-1A2F75127EFB-SegmentedRaftLogWorker close()
2024-01-26 13:21:36,240 [JvmPauseMonitor37] INFO  util.JvmPauseMonitor (JvmPauseMonitor.java:run(152)) - JvmPauseMonitor-a1acbc51-0491-4521-9956-72ea0a3fcfae: Stopped
2024-01-26 13:21:36,240 [JvmPauseMonitor38] INFO  util.JvmPauseMonitor (JvmPauseMonitor.java:run(152)) - JvmPauseMonitor-061c5e1a-1095-4fef-ae35-bb2f1955fa47: Stopped
2024-01-26 13:21:36,285 [5f4f4713-a1cc-4bb1-a761-5c302a8e1427-impl-thread1] INFO  segmented.SegmentedRaftLogWorker (SegmentedRaftLogWorker.java:close(245)) - 5f4f4713-a1cc-4bb1-a761-5c302a8e1427@group-DE7F60803FD5-SegmentedRaftLogWorker close()
2024-01-26 13:21:36,285 [JvmPauseMonitor40] INFO  util.JvmPauseMonitor (JvmPauseMonitor.java:run(152)) - JvmPauseMonitor-5f4f4713-a1cc-4bb1-a761-5c302a8e1427: Stopped
2024-01-26 13:21:36,360 [8e7f399e-f7c5-430e-98c6-d19423f76280-impl-thread2] INFO  segmented.SegmentedRaftLogWorker (SegmentedRaftLogWorker.java:close(245)) - 8e7f399e-f7c5-430e-98c6-d19423f76280@group-DF6E1A3F0A63-SegmentedRaftLogWorker close()
2024-01-26 13:21:36,477 [282c7661-760d-4a20-bf76-23fe8f9b2b08-impl-thread2] INFO  segmented.SegmentedRaftLogWorker (SegmentedRaftLogWorker.java:close(245)) - 282c7661-760d-4a20-bf76-23fe8f9b2b08@group-AEDAFCAF2672-SegmentedRaftLogWorker close()
2024-01-26 13:21:36,478 [JvmPauseMonitor42] INFO  util.JvmPauseMonitor (JvmPauseMonitor.java:run(152)) - JvmPauseMonitor-282c7661-760d-4a20-bf76-23fe8f9b2b08: Stopped
2024-01-26 13:21:36,513 [6765ae9a-8790-488a-a655-dfdac73b9f74-impl-thread2] INFO  segmented.SegmentedRaftLogWorker (SegmentedRaftLogWorker.java:close(245)) - 6765ae9a-8790-488a-a655-dfdac73b9f74@group-9246EA52D491-SegmentedRaftLogWorker close()
2024-01-26 13:21:36,565 [8e7f399e-f7c5-430e-98c6-d19423f76280-impl-thread1] INFO  segmented.SegmentedRaftLogWorker (SegmentedRaftLogWorker.java:close(245)) - 8e7f399e-f7c5-430e-98c6-d19423f76280@group-9246EA52D491-SegmentedRaftLogWorker close()
2024-01-26 13:21:36,566 [JvmPauseMonitor41] INFO  util.JvmPauseMonitor (JvmPauseMonitor.java:run(152)) - JvmPauseMonitor-8e7f399e-f7c5-430e-98c6-d19423f76280: Stopped
2024-01-26 13:21:36,585 [6765ae9a-8790-488a-a655-dfdac73b9f74-impl-thread1] INFO  segmented.SegmentedRaftLogWorker (SegmentedRaftLogWorker.java:close(245)) - 6765ae9a-8790-488a-a655-dfdac73b9f74@group-9C2507394FAC-SegmentedRaftLogWorker close()
2024-01-26 13:21:36,585 [JvmPauseMonitor43] INFO  util.JvmPauseMonitor (JvmPauseMonitor.java:run(152)) - JvmPauseMonitor-6765ae9a-8790-488a-a655-dfdac73b9f74: Stopped
2024-01-26 13:21:37,917 [ForkJoinPool.commonPool-worker-2] INFO  utils.DatanodeStoreCache (DatanodeStoreCache.java:shutdownCache(116)) - Skip clearing cache in mini cluster mode. Entries left: [/home/runner/work/ozone/ozone/hadoop-ozone/integration-test/target/test-dir/MiniOzoneClusterImpl-953fd8c5-ac00-44c9-baab-0887e32ba883/datanode-0/data-0/containers/hdds/953fd8c5-ac00-44c9-baab-0887e32ba883/DS-6d9569ae-321b-46c7-8678-cdb97487cd58/container.db, /home/runner/work/ozone/ozone/hadoop-ozone/integration-test/target/test-dir/MiniOzoneClusterImpl-953fd8c5-ac00-44c9-baab-0887e32ba883/datanode-1/data-0/containers/hdds/953fd8c5-ac00-44c9-baab-0887e32ba883/DS-eaa309ef-ac87-4d3e-a675-e497743d40c3/container.db, /home/runner/work/ozone/ozone/hadoop-ozone/integration-test/target/test-dir/MiniOzoneClusterImpl-953fd8c5-ac00-44c9-baab-0887e32ba883/datanode-2/data-0/containers/hdds/953fd8c5-ac00-44c9-baab-0887e32ba883/DS-45bd49cb-bff4-4054-a54a-d56bfea1dfab/container.db, /home/runner/work/ozone/ozone/hadoop-ozone/integration-test/target/test-dir/MiniOzoneClusterImpl-953fd8c5-ac00-44c9-baab-0887e32ba883/datanode-3/data-0/containers/hdds/953fd8c5-ac00-44c9-baab-0887e32ba883/DS-adc14eb5-aa44-4045-aa71-0178085e60ca/container.db, /home/runner/work/ozone/ozone/hadoop-ozone/integration-test/target/test-dir/MiniOzoneClusterImpl-953fd8c5-ac00-44c9-baab-0887e32ba883/datanode-4/data-0/containers/hdds/953fd8c5-ac00-44c9-baab-0887e32ba883/DS-bd853a2e-7a00-444f-ac51-0a733d56e35a/container.db, /home/runner/work/ozone/ozone/hadoop-ozone/integration-test/target/test-dir/MiniOzoneClusterImpl-953fd8c5-ac00-44c9-baab-0887e32ba883/datanode-5/data-0/containers/hdds/953fd8c5-ac00-44c9-baab-0887e32ba883/DS-6d84414c-c332-4d25-85e9-af5c0090c00c/container.db, /home/runner/work/ozone/ozone/hadoop-ozone/integration-test/target/test-dir/MiniOzoneClusterImpl-953fd8c5-ac00-44c9-baab-0887e32ba883/datanode-6/data-0/containers/hdds/953fd8c5-ac00-44c9-baab-0887e32ba883/DS-227570f2-6aa4-45b3-ab2a-eda8f2353697/container.db, /home/runner/work/ozone/ozone/hadoop-ozone/integration-test/target/test-dir/MiniOzoneClusterImpl-953fd8c5-ac00-44c9-baab-0887e32ba883/datanode-7/data-0/containers/hdds/953fd8c5-ac00-44c9-baab-0887e32ba883/DS-f3ca8f06-8c08-484c-a85c-00fed940af43/container.db, /home/runner/work/ozone/ozone/hadoop-ozone/integration-test/target/test-dir/MiniOzoneClusterImpl-953fd8c5-ac00-44c9-baab-0887e32ba883/datanode-8/data-0/containers/hdds/953fd8c5-ac00-44c9-baab-0887e32ba883/DS-d5993591-2afa-4eef-b901-8fbe5f06a2ec/container.db]
2024-01-26 13:21:37,921 [ForkJoinPool.commonPool-worker-2] INFO  utils.DatanodeStoreCache (DatanodeStoreCache.java:removeDB(110)) - Removed db /home/runner/work/ozone/ozone/hadoop-ozone/integration-test/target/test-dir/MiniOzoneClusterImpl-953fd8c5-ac00-44c9-baab-0887e32ba883/datanode-0/data-0/containers/hdds/953fd8c5-ac00-44c9-baab-0887e32ba883/DS-6d9569ae-321b-46c7-8678-cdb97487cd58/container.db from cache
2024-01-26 13:21:37,921 [ForkJoinPool.commonPool-worker-2] INFO  volume.HddsVolume (HddsVolume.java:closeDbStore(451)) - SchemaV3 db is stopped at /home/runner/work/ozone/ozone/hadoop-ozone/integration-test/target/test-dir/MiniOzoneClusterImpl-953fd8c5-ac00-44c9-baab-0887e32ba883/datanode-0/data-0/containers/hdds/953fd8c5-ac00-44c9-baab-0887e32ba883/DS-6d9569ae-321b-46c7-8678-cdb97487cd58/container.db for volume DS-6d9569ae-321b-46c7-8678-cdb97487cd58
2024-01-26 13:21:37,922 [ForkJoinPool.commonPool-worker-2] INFO  utils.BackgroundService (BackgroundService.java:shutdown(160)) - Shutting down service BlockDeletingService
2024-01-26 13:21:37,922 [ForkJoinPool.commonPool-worker-2] INFO  utils.BackgroundService (BackgroundService.java:shutdown(160)) - Shutting down service StaleRecoveringContainerScrubbingService
2024-01-26 13:21:37,924 [ForkJoinPool.commonPool-worker-2] INFO  statemachine.DatanodeStateMachine (DatanodeStateMachine.java:stopDaemon(638)) - Ozone container server stopped.
2024-01-26 13:21:37,926 [ForkJoinPool.commonPool-worker-2] INFO  handler.ContextHandler (ContextHandler.java:doStop(1159)) - Stopped o.e.j.w.WebAppContext@d744127{hddsDatanode,/,null,STOPPED}{jar:file:/home/runner/.m2/repository/org/apache/ozone/hdds-container-service/1.5.0-SNAPSHOT/hdds-container-service-1.5.0-SNAPSHOT.jar!/webapps/hddsDatanode}
2024-01-26 13:21:37,927 [ForkJoinPool.commonPool-worker-2] INFO  server.AbstractConnector (AbstractConnector.java:doStop(383)) - Stopped ServerConnector@50ad67bd{HTTP/1.1, (http/1.1)}{0.0.0.0:15276}
2024-01-26 13:21:37,927 [ForkJoinPool.commonPool-worker-2] INFO  server.session (HouseKeeper.java:stopScavenging(149)) - node0 Stopped scavenging
2024-01-26 13:21:37,928 [ForkJoinPool.commonPool-worker-2] INFO  handler.ContextHandler (ContextHandler.java:doStop(1159)) - Stopped o.e.j.s.ServletContextHandler@f15218e{static,/static,jar:file:/home/runner/.m2/repository/org/apache/ozone/hdds-container-service/1.5.0-SNAPSHOT/hdds-container-service-1.5.0-SNAPSHOT.jar!/webapps/static,STOPPED}
2024-01-26 13:21:37,929 [ForkJoinPool.commonPool-worker-2] INFO  handler.ContextHandler (ContextHandler.java:doStop(1159)) - Stopped o.e.j.s.ServletContextHandler@310450cd{logs,/logs,file:///home/runner/work/ozone/ozone/hadoop-ozone/integration-test/target/log,STOPPED}
2024-01-26 13:21:37,929 [ForkJoinPool.commonPool-worker-2] INFO  ozone.HddsDatanodeClientProtocolServer (HddsDatanodeClientProtocolServer.java:stop(78)) - Stopping the RPC server for Client Protocol
2024-01-26 13:21:37,930 [ForkJoinPool.commonPool-worker-2] INFO  ipc.Server (Server.java:stop(3523)) - Stopping server on 15277
2024-01-26 13:21:37,931 [IPC Server listener on 15277] INFO  ipc.Server (Server.java:run(1434)) - Stopping IPC Server listener on 15277
2024-01-26 13:21:37,931 [IPC Server Responder] INFO  ipc.Server (Server.java:run(1567)) - Stopping IPC Server Responder
2024-01-26 13:21:37,976 [ForkJoinPool.commonPool-worker-5] INFO  utils.DatanodeStoreCache (DatanodeStoreCache.java:shutdownCache(116)) - Skip clearing cache in mini cluster mode. Entries left: [/home/runner/work/ozone/ozone/hadoop-ozone/integration-test/target/test-dir/MiniOzoneClusterImpl-953fd8c5-ac00-44c9-baab-0887e32ba883/datanode-1/data-0/containers/hdds/953fd8c5-ac00-44c9-baab-0887e32ba883/DS-eaa309ef-ac87-4d3e-a675-e497743d40c3/container.db, /home/runner/work/ozone/ozone/hadoop-ozone/integration-test/target/test-dir/MiniOzoneClusterImpl-953fd8c5-ac00-44c9-baab-0887e32ba883/datanode-2/data-0/containers/hdds/953fd8c5-ac00-44c9-baab-0887e32ba883/DS-45bd49cb-bff4-4054-a54a-d56bfea1dfab/container.db, /home/runner/work/ozone/ozone/hadoop-ozone/integration-test/target/test-dir/MiniOzoneClusterImpl-953fd8c5-ac00-44c9-baab-0887e32ba883/datanode-3/data-0/containers/hdds/953fd8c5-ac00-44c9-baab-0887e32ba883/DS-adc14eb5-aa44-4045-aa71-0178085e60ca/container.db, /home/runner/work/ozone/ozone/hadoop-ozone/integration-test/target/test-dir/MiniOzoneClusterImpl-953fd8c5-ac00-44c9-baab-0887e32ba883/datanode-4/data-0/containers/hdds/953fd8c5-ac00-44c9-baab-0887e32ba883/DS-bd853a2e-7a00-444f-ac51-0a733d56e35a/container.db, /home/runner/work/ozone/ozone/hadoop-ozone/integration-test/target/test-dir/MiniOzoneClusterImpl-953fd8c5-ac00-44c9-baab-0887e32ba883/datanode-5/data-0/containers/hdds/953fd8c5-ac00-44c9-baab-0887e32ba883/DS-6d84414c-c332-4d25-85e9-af5c0090c00c/container.db, /home/runner/work/ozone/ozone/hadoop-ozone/integration-test/target/test-dir/MiniOzoneClusterImpl-953fd8c5-ac00-44c9-baab-0887e32ba883/datanode-6/data-0/containers/hdds/953fd8c5-ac00-44c9-baab-0887e32ba883/DS-227570f2-6aa4-45b3-ab2a-eda8f2353697/container.db, /home/runner/work/ozone/ozone/hadoop-ozone/integration-test/target/test-dir/MiniOzoneClusterImpl-953fd8c5-ac00-44c9-baab-0887e32ba883/datanode-7/data-0/containers/hdds/953fd8c5-ac00-44c9-baab-0887e32ba883/DS-f3ca8f06-8c08-484c-a85c-00fed940af43/container.db, /home/runner/work/ozone/ozone/hadoop-ozone/integration-test/target/test-dir/MiniOzoneClusterImpl-953fd8c5-ac00-44c9-baab-0887e32ba883/datanode-8/data-0/containers/hdds/953fd8c5-ac00-44c9-baab-0887e32ba883/DS-d5993591-2afa-4eef-b901-8fbe5f06a2ec/container.db]
2024-01-26 13:21:37,978 [ForkJoinPool.commonPool-worker-5] INFO  utils.DatanodeStoreCache (DatanodeStoreCache.java:removeDB(110)) - Removed db /home/runner/work/ozone/ozone/hadoop-ozone/integration-test/target/test-dir/MiniOzoneClusterImpl-953fd8c5-ac00-44c9-baab-0887e32ba883/datanode-1/data-0/containers/hdds/953fd8c5-ac00-44c9-baab-0887e32ba883/DS-eaa309ef-ac87-4d3e-a675-e497743d40c3/container.db from cache
2024-01-26 13:21:37,978 [ForkJoinPool.commonPool-worker-5] INFO  volume.HddsVolume (HddsVolume.java:closeDbStore(451)) - SchemaV3 db is stopped at /home/runner/work/ozone/ozone/hadoop-ozone/integration-test/target/test-dir/MiniOzoneClusterImpl-953fd8c5-ac00-44c9-baab-0887e32ba883/datanode-1/data-0/containers/hdds/953fd8c5-ac00-44c9-baab-0887e32ba883/DS-eaa309ef-ac87-4d3e-a675-e497743d40c3/container.db for volume DS-eaa309ef-ac87-4d3e-a675-e497743d40c3
2024-01-26 13:21:37,980 [ForkJoinPool.commonPool-worker-5] INFO  utils.BackgroundService (BackgroundService.java:shutdown(160)) - Shutting down service BlockDeletingService
2024-01-26 13:21:37,980 [ForkJoinPool.commonPool-worker-5] INFO  utils.BackgroundService (BackgroundService.java:shutdown(160)) - Shutting down service StaleRecoveringContainerScrubbingService
2024-01-26 13:21:37,980 [ForkJoinPool.commonPool-worker-5] INFO  statemachine.DatanodeStateMachine (DatanodeStateMachine.java:stopDaemon(638)) - Ozone container server stopped.
2024-01-26 13:21:37,982 [ForkJoinPool.commonPool-worker-5] INFO  handler.ContextHandler (ContextHandler.java:doStop(1159)) - Stopped o.e.j.w.WebAppContext@1131112f{hddsDatanode,/,null,STOPPED}{jar:file:/home/runner/.m2/repository/org/apache/ozone/hdds-container-service/1.5.0-SNAPSHOT/hdds-container-service-1.5.0-SNAPSHOT.jar!/webapps/hddsDatanode}
2024-01-26 13:21:37,983 [ForkJoinPool.commonPool-worker-5] INFO  server.AbstractConnector (AbstractConnector.java:doStop(383)) - Stopped ServerConnector@3286f6eb{HTTP/1.1, (http/1.1)}{0.0.0.0:15285}
2024-01-26 13:21:37,983 [ForkJoinPool.commonPool-worker-5] INFO  server.session (HouseKeeper.java:stopScavenging(149)) - node0 Stopped scavenging
2024-01-26 13:21:37,983 [ForkJoinPool.commonPool-worker-5] INFO  handler.ContextHandler (ContextHandler.java:doStop(1159)) - Stopped o.e.j.s.ServletContextHandler@415d089d{static,/static,jar:file:/home/runner/.m2/repository/org/apache/ozone/hdds-container-service/1.5.0-SNAPSHOT/hdds-container-service-1.5.0-SNAPSHOT.jar!/webapps/static,STOPPED}
2024-01-26 13:21:37,984 [ForkJoinPool.commonPool-worker-5] INFO  handler.ContextHandler (ContextHandler.java:doStop(1159)) - Stopped o.e.j.s.ServletContextHandler@126d6f18{logs,/logs,file:///home/runner/work/ozone/ozone/hadoop-ozone/integration-test/target/log,STOPPED}
2024-01-26 13:21:37,984 [ForkJoinPool.commonPool-worker-5] INFO  ozone.HddsDatanodeClientProtocolServer (HddsDatanodeClientProtocolServer.java:stop(78)) - Stopping the RPC server for Client Protocol
2024-01-26 13:21:37,985 [ForkJoinPool.commonPool-worker-5] INFO  ipc.Server (Server.java:stop(3523)) - Stopping server on 15286
2024-01-26 13:21:37,985 [IPC Server listener on 15286] INFO  ipc.Server (Server.java:run(1434)) - Stopping IPC Server listener on 15286
2024-01-26 13:21:37,986 [IPC Server Responder] INFO  ipc.Server (Server.java:run(1567)) - Stopping IPC Server Responder
2024-01-26 13:21:38,241 [ForkJoinPool.commonPool-worker-7] INFO  utils.DatanodeStoreCache (DatanodeStoreCache.java:shutdownCache(116)) - Skip clearing cache in mini cluster mode. Entries left: [/home/runner/work/ozone/ozone/hadoop-ozone/integration-test/target/test-dir/MiniOzoneClusterImpl-953fd8c5-ac00-44c9-baab-0887e32ba883/datanode-2/data-0/containers/hdds/953fd8c5-ac00-44c9-baab-0887e32ba883/DS-45bd49cb-bff4-4054-a54a-d56bfea1dfab/container.db, /home/runner/work/ozone/ozone/hadoop-ozone/integration-test/target/test-dir/MiniOzoneClusterImpl-953fd8c5-ac00-44c9-baab-0887e32ba883/datanode-3/data-0/containers/hdds/953fd8c5-ac00-44c9-baab-0887e32ba883/DS-adc14eb5-aa44-4045-aa71-0178085e60ca/container.db, /home/runner/work/ozone/ozone/hadoop-ozone/integration-test/target/test-dir/MiniOzoneClusterImpl-953fd8c5-ac00-44c9-baab-0887e32ba883/datanode-4/data-0/containers/hdds/953fd8c5-ac00-44c9-baab-0887e32ba883/DS-bd853a2e-7a00-444f-ac51-0a733d56e35a/container.db, /home/runner/work/ozone/ozone/hadoop-ozone/integration-test/target/test-dir/MiniOzoneClusterImpl-953fd8c5-ac00-44c9-baab-0887e32ba883/datanode-5/data-0/containers/hdds/953fd8c5-ac00-44c9-baab-0887e32ba883/DS-6d84414c-c332-4d25-85e9-af5c0090c00c/container.db, /home/runner/work/ozone/ozone/hadoop-ozone/integration-test/target/test-dir/MiniOzoneClusterImpl-953fd8c5-ac00-44c9-baab-0887e32ba883/datanode-6/data-0/containers/hdds/953fd8c5-ac00-44c9-baab-0887e32ba883/DS-227570f2-6aa4-45b3-ab2a-eda8f2353697/container.db, /home/runner/work/ozone/ozone/hadoop-ozone/integration-test/target/test-dir/MiniOzoneClusterImpl-953fd8c5-ac00-44c9-baab-0887e32ba883/datanode-7/data-0/containers/hdds/953fd8c5-ac00-44c9-baab-0887e32ba883/DS-f3ca8f06-8c08-484c-a85c-00fed940af43/container.db, /home/runner/work/ozone/ozone/hadoop-ozone/integration-test/target/test-dir/MiniOzoneClusterImpl-953fd8c5-ac00-44c9-baab-0887e32ba883/datanode-8/data-0/containers/hdds/953fd8c5-ac00-44c9-baab-0887e32ba883/DS-d5993591-2afa-4eef-b901-8fbe5f06a2ec/container.db]
2024-01-26 13:21:38,242 [ForkJoinPool.commonPool-worker-3] INFO  utils.DatanodeStoreCache (DatanodeStoreCache.java:shutdownCache(116)) - Skip clearing cache in mini cluster mode. Entries left: [/home/runner/work/ozone/ozone/hadoop-ozone/integration-test/target/test-dir/MiniOzoneClusterImpl-953fd8c5-ac00-44c9-baab-0887e32ba883/datanode-2/data-0/containers/hdds/953fd8c5-ac00-44c9-baab-0887e32ba883/DS-45bd49cb-bff4-4054-a54a-d56bfea1dfab/container.db, /home/runner/work/ozone/ozone/hadoop-ozone/integration-test/target/test-dir/MiniOzoneClusterImpl-953fd8c5-ac00-44c9-baab-0887e32ba883/datanode-3/data-0/containers/hdds/953fd8c5-ac00-44c9-baab-0887e32ba883/DS-adc14eb5-aa44-4045-aa71-0178085e60ca/container.db, /home/runner/work/ozone/ozone/hadoop-ozone/integration-test/target/test-dir/MiniOzoneClusterImpl-953fd8c5-ac00-44c9-baab-0887e32ba883/datanode-4/data-0/containers/hdds/953fd8c5-ac00-44c9-baab-0887e32ba883/DS-bd853a2e-7a00-444f-ac51-0a733d56e35a/container.db, /home/runner/work/ozone/ozone/hadoop-ozone/integration-test/target/test-dir/MiniOzoneClusterImpl-953fd8c5-ac00-44c9-baab-0887e32ba883/datanode-5/data-0/containers/hdds/953fd8c5-ac00-44c9-baab-0887e32ba883/DS-6d84414c-c332-4d25-85e9-af5c0090c00c/container.db, /home/runner/work/ozone/ozone/hadoop-ozone/integration-test/target/test-dir/MiniOzoneClusterImpl-953fd8c5-ac00-44c9-baab-0887e32ba883/datanode-6/data-0/containers/hdds/953fd8c5-ac00-44c9-baab-0887e32ba883/DS-227570f2-6aa4-45b3-ab2a-eda8f2353697/container.db, /home/runner/work/ozone/ozone/hadoop-ozone/integration-test/target/test-dir/MiniOzoneClusterImpl-953fd8c5-ac00-44c9-baab-0887e32ba883/datanode-7/data-0/containers/hdds/953fd8c5-ac00-44c9-baab-0887e32ba883/DS-f3ca8f06-8c08-484c-a85c-00fed940af43/container.db, /home/runner/work/ozone/ozone/hadoop-ozone/integration-test/target/test-dir/MiniOzoneClusterImpl-953fd8c5-ac00-44c9-baab-0887e32ba883/datanode-8/data-0/containers/hdds/953fd8c5-ac00-44c9-baab-0887e32ba883/DS-d5993591-2afa-4eef-b901-8fbe5f06a2ec/container.db]
2024-01-26 13:21:38,242 [ForkJoinPool.commonPool-worker-3] INFO  utils.DatanodeStoreCache (DatanodeStoreCache.java:removeDB(110)) - Removed db /home/runner/work/ozone/ozone/hadoop-ozone/integration-test/target/test-dir/MiniOzoneClusterImpl-953fd8c5-ac00-44c9-baab-0887e32ba883/datanode-2/data-0/containers/hdds/953fd8c5-ac00-44c9-baab-0887e32ba883/DS-45bd49cb-bff4-4054-a54a-d56bfea1dfab/container.db from cache
2024-01-26 13:21:38,242 [ForkJoinPool.commonPool-worker-3] INFO  volume.HddsVolume (HddsVolume.java:closeDbStore(451)) - SchemaV3 db is stopped at /home/runner/work/ozone/ozone/hadoop-ozone/integration-test/target/test-dir/MiniOzoneClusterImpl-953fd8c5-ac00-44c9-baab-0887e32ba883/datanode-2/data-0/containers/hdds/953fd8c5-ac00-44c9-baab-0887e32ba883/DS-45bd49cb-bff4-4054-a54a-d56bfea1dfab/container.db for volume DS-45bd49cb-bff4-4054-a54a-d56bfea1dfab
2024-01-26 13:21:38,243 [ForkJoinPool.commonPool-worker-3] INFO  utils.BackgroundService (BackgroundService.java:shutdown(160)) - Shutting down service BlockDeletingService
2024-01-26 13:21:38,243 [ForkJoinPool.commonPool-worker-3] INFO  utils.BackgroundService (BackgroundService.java:shutdown(160)) - Shutting down service StaleRecoveringContainerScrubbingService
2024-01-26 13:21:38,242 [ForkJoinPool.commonPool-worker-7] INFO  utils.DatanodeStoreCache (DatanodeStoreCache.java:removeDB(110)) - Removed db /home/runner/work/ozone/ozone/hadoop-ozone/integration-test/target/test-dir/MiniOzoneClusterImpl-953fd8c5-ac00-44c9-baab-0887e32ba883/datanode-4/data-0/containers/hdds/953fd8c5-ac00-44c9-baab-0887e32ba883/DS-bd853a2e-7a00-444f-ac51-0a733d56e35a/container.db from cache
2024-01-26 13:21:38,243 [ForkJoinPool.commonPool-worker-7] INFO  volume.HddsVolume (HddsVolume.java:closeDbStore(451)) - SchemaV3 db is stopped at /home/runner/work/ozone/ozone/hadoop-ozone/integration-test/target/test-dir/MiniOzoneClusterImpl-953fd8c5-ac00-44c9-baab-0887e32ba883/datanode-4/data-0/containers/hdds/953fd8c5-ac00-44c9-baab-0887e32ba883/DS-bd853a2e-7a00-444f-ac51-0a733d56e35a/container.db for volume DS-bd853a2e-7a00-444f-ac51-0a733d56e35a
2024-01-26 13:21:38,243 [ForkJoinPool.commonPool-worker-7] INFO  utils.BackgroundService (BackgroundService.java:shutdown(160)) - Shutting down service BlockDeletingService
2024-01-26 13:21:38,243 [ForkJoinPool.commonPool-worker-7] INFO  utils.BackgroundService (BackgroundService.java:shutdown(160)) - Shutting down service StaleRecoveringContainerScrubbingService
2024-01-26 13:21:38,244 [ForkJoinPool.commonPool-worker-6] INFO  utils.DatanodeStoreCache (DatanodeStoreCache.java:shutdownCache(116)) - Skip clearing cache in mini cluster mode. Entries left: [/home/runner/work/ozone/ozone/hadoop-ozone/integration-test/target/test-dir/MiniOzoneClusterImpl-953fd8c5-ac00-44c9-baab-0887e32ba883/datanode-3/data-0/containers/hdds/953fd8c5-ac00-44c9-baab-0887e32ba883/DS-adc14eb5-aa44-4045-aa71-0178085e60ca/container.db, /home/runner/work/ozone/ozone/hadoop-ozone/integration-test/target/test-dir/MiniOzoneClusterImpl-953fd8c5-ac00-44c9-baab-0887e32ba883/datanode-5/data-0/containers/hdds/953fd8c5-ac00-44c9-baab-0887e32ba883/DS-6d84414c-c332-4d25-85e9-af5c0090c00c/container.db, /home/runner/work/ozone/ozone/hadoop-ozone/integration-test/target/test-dir/MiniOzoneClusterImpl-953fd8c5-ac00-44c9-baab-0887e32ba883/datanode-6/data-0/containers/hdds/953fd8c5-ac00-44c9-baab-0887e32ba883/DS-227570f2-6aa4-45b3-ab2a-eda8f2353697/container.db, /home/runner/work/ozone/ozone/hadoop-ozone/integration-test/target/test-dir/MiniOzoneClusterImpl-953fd8c5-ac00-44c9-baab-0887e32ba883/datanode-7/data-0/containers/hdds/953fd8c5-ac00-44c9-baab-0887e32ba883/DS-f3ca8f06-8c08-484c-a85c-00fed940af43/container.db, /home/runner/work/ozone/ozone/hadoop-ozone/integration-test/target/test-dir/MiniOzoneClusterImpl-953fd8c5-ac00-44c9-baab-0887e32ba883/datanode-8/data-0/containers/hdds/953fd8c5-ac00-44c9-baab-0887e32ba883/DS-d5993591-2afa-4eef-b901-8fbe5f06a2ec/container.db]
2024-01-26 13:21:38,244 [ForkJoinPool.commonPool-worker-3] INFO  statemachine.DatanodeStateMachine (DatanodeStateMachine.java:stopDaemon(638)) - Ozone container server stopped.
2024-01-26 13:21:38,245 [ForkJoinPool.commonPool-worker-6] INFO  utils.DatanodeStoreCache (DatanodeStoreCache.java:removeDB(110)) - Removed db /home/runner/work/ozone/ozone/hadoop-ozone/integration-test/target/test-dir/MiniOzoneClusterImpl-953fd8c5-ac00-44c9-baab-0887e32ba883/datanode-3/data-0/containers/hdds/953fd8c5-ac00-44c9-baab-0887e32ba883/DS-adc14eb5-aa44-4045-aa71-0178085e60ca/container.db from cache
2024-01-26 13:21:38,245 [ForkJoinPool.commonPool-worker-6] INFO  volume.HddsVolume (HddsVolume.java:closeDbStore(451)) - SchemaV3 db is stopped at /home/runner/work/ozone/ozone/hadoop-ozone/integration-test/target/test-dir/MiniOzoneClusterImpl-953fd8c5-ac00-44c9-baab-0887e32ba883/datanode-3/data-0/containers/hdds/953fd8c5-ac00-44c9-baab-0887e32ba883/DS-adc14eb5-aa44-4045-aa71-0178085e60ca/container.db for volume DS-adc14eb5-aa44-4045-aa71-0178085e60ca
2024-01-26 13:21:38,245 [ForkJoinPool.commonPool-worker-6] INFO  utils.BackgroundService (BackgroundService.java:shutdown(160)) - Shutting down service BlockDeletingService
2024-01-26 13:21:38,246 [ForkJoinPool.commonPool-worker-6] INFO  utils.BackgroundService (BackgroundService.java:shutdown(160)) - Shutting down service StaleRecoveringContainerScrubbingService
2024-01-26 13:21:38,248 [ForkJoinPool.commonPool-worker-7] INFO  statemachine.DatanodeStateMachine (DatanodeStateMachine.java:stopDaemon(638)) - Ozone container server stopped.
2024-01-26 13:21:38,250 [ForkJoinPool.commonPool-worker-3] INFO  handler.ContextHandler (ContextHandler.java:doStop(1159)) - Stopped o.e.j.w.WebAppContext@1dad2f1e{hddsDatanode,/,null,STOPPED}{jar:file:/home/runner/.m2/repository/org/apache/ozone/hdds-container-service/1.5.0-SNAPSHOT/hdds-container-service-1.5.0-SNAPSHOT.jar!/webapps/hddsDatanode}
2024-01-26 13:21:38,250 [ForkJoinPool.commonPool-worker-6] INFO  statemachine.DatanodeStateMachine (DatanodeStateMachine.java:stopDaemon(638)) - Ozone container server stopped.
2024-01-26 13:21:38,252 [ForkJoinPool.commonPool-worker-7] INFO  handler.ContextHandler (ContextHandler.java:doStop(1159)) - Stopped o.e.j.w.WebAppContext@5bd4ecec{hddsDatanode,/,null,STOPPED}{jar:file:/home/runner/.m2/repository/org/apache/ozone/hdds-container-service/1.5.0-SNAPSHOT/hdds-container-service-1.5.0-SNAPSHOT.jar!/webapps/hddsDatanode}
2024-01-26 13:21:38,252 [ForkJoinPool.commonPool-worker-3] INFO  server.AbstractConnector (AbstractConnector.java:doStop(383)) - Stopped ServerConnector@21eb6a00{HTTP/1.1, (http/1.1)}{0.0.0.0:15294}
2024-01-26 13:21:38,252 [ForkJoinPool.commonPool-worker-3] INFO  server.session (HouseKeeper.java:stopScavenging(149)) - node0 Stopped scavenging
2024-01-26 13:21:38,253 [ForkJoinPool.commonPool-worker-6] INFO  handler.ContextHandler (ContextHandler.java:doStop(1159)) - Stopped o.e.j.w.WebAppContext@7edf3a1d{hddsDatanode,/,null,STOPPED}{jar:file:/home/runner/.m2/repository/org/apache/ozone/hdds-container-service/1.5.0-SNAPSHOT/hdds-container-service-1.5.0-SNAPSHOT.jar!/webapps/hddsDatanode}
2024-01-26 13:21:38,253 [ForkJoinPool.commonPool-worker-3] INFO  handler.ContextHandler (ContextHandler.java:doStop(1159)) - Stopped o.e.j.s.ServletContextHandler@4e8d3f0b{static,/static,jar:file:/home/runner/.m2/repository/org/apache/ozone/hdds-container-service/1.5.0-SNAPSHOT/hdds-container-service-1.5.0-SNAPSHOT.jar!/webapps/static,STOPPED}
2024-01-26 13:21:38,254 [ForkJoinPool.commonPool-worker-6] INFO  server.AbstractConnector (AbstractConnector.java:doStop(383)) - Stopped ServerConnector@2d30f843{HTTP/1.1, (http/1.1)}{0.0.0.0:15303}
2024-01-26 13:21:38,254 [ForkJoinPool.commonPool-worker-6] INFO  server.session (HouseKeeper.java:stopScavenging(149)) - node0 Stopped scavenging
2024-01-26 13:21:38,254 [ForkJoinPool.commonPool-worker-3] INFO  handler.ContextHandler (ContextHandler.java:doStop(1159)) - Stopped o.e.j.s.ServletContextHandler@4e74a978{logs,/logs,file:///home/runner/work/ozone/ozone/hadoop-ozone/integration-test/target/log,STOPPED}
2024-01-26 13:21:38,254 [ForkJoinPool.commonPool-worker-6] INFO  handler.ContextHandler (ContextHandler.java:doStop(1159)) - Stopped o.e.j.s.ServletContextHandler@627dcc9f{static,/static,jar:file:/home/runner/.m2/repository/org/apache/ozone/hdds-container-service/1.5.0-SNAPSHOT/hdds-container-service-1.5.0-SNAPSHOT.jar!/webapps/static,STOPPED}
2024-01-26 13:21:38,255 [ForkJoinPool.commonPool-worker-6] INFO  handler.ContextHandler (ContextHandler.java:doStop(1159)) - Stopped o.e.j.s.ServletContextHandler@6498919d{logs,/logs,file:///home/runner/work/ozone/ozone/hadoop-ozone/integration-test/target/log,STOPPED}
2024-01-26 13:21:38,255 [ForkJoinPool.commonPool-worker-7] INFO  server.AbstractConnector (AbstractConnector.java:doStop(383)) - Stopped ServerConnector@29af78e0{HTTP/1.1, (http/1.1)}{0.0.0.0:15312}
2024-01-26 13:21:38,256 [ForkJoinPool.commonPool-worker-7] INFO  server.session (HouseKeeper.java:stopScavenging(149)) - node0 Stopped scavenging
2024-01-26 13:21:38,256 [ForkJoinPool.commonPool-worker-3] INFO  ozone.HddsDatanodeClientProtocolServer (HddsDatanodeClientProtocolServer.java:stop(78)) - Stopping the RPC server for Client Protocol
2024-01-26 13:21:38,256 [ForkJoinPool.commonPool-worker-7] INFO  handler.ContextHandler (ContextHandler.java:doStop(1159)) - Stopped o.e.j.s.ServletContextHandler@1c896d2c{static,/static,jar:file:/home/runner/.m2/repository/org/apache/ozone/hdds-container-service/1.5.0-SNAPSHOT/hdds-container-service-1.5.0-SNAPSHOT.jar!/webapps/static,STOPPED}
2024-01-26 13:21:38,257 [ForkJoinPool.commonPool-worker-3] INFO  ipc.Server (Server.java:stop(3523)) - Stopping server on 15295
2024-01-26 13:21:38,258 [ForkJoinPool.commonPool-worker-6] INFO  ozone.HddsDatanodeClientProtocolServer (HddsDatanodeClientProtocolServer.java:stop(78)) - Stopping the RPC server for Client Protocol
2024-01-26 13:21:38,257 [ForkJoinPool.commonPool-worker-7] INFO  handler.ContextHandler (ContextHandler.java:doStop(1159)) - Stopped o.e.j.s.ServletContextHandler@4ce61b67{logs,/logs,file:///home/runner/work/ozone/ozone/hadoop-ozone/integration-test/target/log,STOPPED}
2024-01-26 13:21:38,258 [ForkJoinPool.commonPool-worker-7] INFO  ozone.HddsDatanodeClientProtocolServer (HddsDatanodeClientProtocolServer.java:stop(78)) - Stopping the RPC server for Client Protocol
2024-01-26 13:21:38,260 [ForkJoinPool.commonPool-worker-6] INFO  ipc.Server (Server.java:stop(3523)) - Stopping server on 15304
2024-01-26 13:21:38,260 [ForkJoinPool.commonPool-worker-7] INFO  ipc.Server (Server.java:stop(3523)) - Stopping server on 15313
2024-01-26 13:21:38,260 [IPC Server listener on 15295] INFO  ipc.Server (Server.java:run(1434)) - Stopping IPC Server listener on 15295
2024-01-26 13:21:38,260 [IPC Server Responder] INFO  ipc.Server (Server.java:run(1567)) - Stopping IPC Server Responder
2024-01-26 13:21:38,261 [IPC Server listener on 15304] INFO  ipc.Server (Server.java:run(1434)) - Stopping IPC Server listener on 15304
2024-01-26 13:21:38,261 [IPC Server Responder] INFO  ipc.Server (Server.java:run(1567)) - Stopping IPC Server Responder
2024-01-26 13:21:38,262 [IPC Server listener on 15313] INFO  ipc.Server (Server.java:run(1434)) - Stopping IPC Server listener on 15313
2024-01-26 13:21:38,262 [IPC Server Responder] INFO  ipc.Server (Server.java:run(1567)) - Stopping IPC Server Responder
2024-01-26 13:21:38,287 [main] INFO  utils.DatanodeStoreCache (DatanodeStoreCache.java:shutdownCache(116)) - Skip clearing cache in mini cluster mode. Entries left: [/home/runner/work/ozone/ozone/hadoop-ozone/integration-test/target/test-dir/MiniOzoneClusterImpl-953fd8c5-ac00-44c9-baab-0887e32ba883/datanode-5/data-0/containers/hdds/953fd8c5-ac00-44c9-baab-0887e32ba883/DS-6d84414c-c332-4d25-85e9-af5c0090c00c/container.db, /home/runner/work/ozone/ozone/hadoop-ozone/integration-test/target/test-dir/MiniOzoneClusterImpl-953fd8c5-ac00-44c9-baab-0887e32ba883/datanode-6/data-0/containers/hdds/953fd8c5-ac00-44c9-baab-0887e32ba883/DS-227570f2-6aa4-45b3-ab2a-eda8f2353697/container.db, /home/runner/work/ozone/ozone/hadoop-ozone/integration-test/target/test-dir/MiniOzoneClusterImpl-953fd8c5-ac00-44c9-baab-0887e32ba883/datanode-7/data-0/containers/hdds/953fd8c5-ac00-44c9-baab-0887e32ba883/DS-f3ca8f06-8c08-484c-a85c-00fed940af43/container.db, /home/runner/work/ozone/ozone/hadoop-ozone/integration-test/target/test-dir/MiniOzoneClusterImpl-953fd8c5-ac00-44c9-baab-0887e32ba883/datanode-8/data-0/containers/hdds/953fd8c5-ac00-44c9-baab-0887e32ba883/DS-d5993591-2afa-4eef-b901-8fbe5f06a2ec/container.db]
2024-01-26 13:21:38,288 [main] INFO  utils.DatanodeStoreCache (DatanodeStoreCache.java:removeDB(110)) - Removed db /home/runner/work/ozone/ozone/hadoop-ozone/integration-test/target/test-dir/MiniOzoneClusterImpl-953fd8c5-ac00-44c9-baab-0887e32ba883/datanode-5/data-0/containers/hdds/953fd8c5-ac00-44c9-baab-0887e32ba883/DS-6d84414c-c332-4d25-85e9-af5c0090c00c/container.db from cache
2024-01-26 13:21:38,288 [main] INFO  volume.HddsVolume (HddsVolume.java:closeDbStore(451)) - SchemaV3 db is stopped at /home/runner/work/ozone/ozone/hadoop-ozone/integration-test/target/test-dir/MiniOzoneClusterImpl-953fd8c5-ac00-44c9-baab-0887e32ba883/datanode-5/data-0/containers/hdds/953fd8c5-ac00-44c9-baab-0887e32ba883/DS-6d84414c-c332-4d25-85e9-af5c0090c00c/container.db for volume DS-6d84414c-c332-4d25-85e9-af5c0090c00c
2024-01-26 13:21:38,288 [main] INFO  utils.BackgroundService (BackgroundService.java:shutdown(160)) - Shutting down service BlockDeletingService
2024-01-26 13:21:38,289 [main] INFO  utils.BackgroundService (BackgroundService.java:shutdown(160)) - Shutting down service StaleRecoveringContainerScrubbingService
2024-01-26 13:21:38,289 [main] INFO  statemachine.DatanodeStateMachine (DatanodeStateMachine.java:stopDaemon(638)) - Ozone container server stopped.
2024-01-26 13:21:38,289 [main] INFO  handler.ContextHandler (ContextHandler.java:doStop(1159)) - Stopped o.e.j.w.WebAppContext@7f1c8291{hddsDatanode,/,null,STOPPED}{jar:file:/home/runner/.m2/repository/org/apache/ozone/hdds-container-service/1.5.0-SNAPSHOT/hdds-container-service-1.5.0-SNAPSHOT.jar!/webapps/hddsDatanode}
2024-01-26 13:21:38,292 [main] INFO  server.AbstractConnector (AbstractConnector.java:doStop(383)) - Stopped ServerConnector@74d36822{HTTP/1.1, (http/1.1)}{0.0.0.0:15321}
2024-01-26 13:21:38,292 [main] INFO  server.session (HouseKeeper.java:stopScavenging(149)) - node0 Stopped scavenging
2024-01-26 13:21:38,293 [main] INFO  handler.ContextHandler (ContextHandler.java:doStop(1159)) - Stopped o.e.j.s.ServletContextHandler@79df1964{static,/static,jar:file:/home/runner/.m2/repository/org/apache/ozone/hdds-container-service/1.5.0-SNAPSHOT/hdds-container-service-1.5.0-SNAPSHOT.jar!/webapps/static,STOPPED}
2024-01-26 13:21:38,293 [main] INFO  handler.ContextHandler (ContextHandler.java:doStop(1159)) - Stopped o.e.j.s.ServletContextHandler@43fe47a0{logs,/logs,file:///home/runner/work/ozone/ozone/hadoop-ozone/integration-test/target/log,STOPPED}
2024-01-26 13:21:38,293 [main] INFO  ozone.HddsDatanodeClientProtocolServer (HddsDatanodeClientProtocolServer.java:stop(78)) - Stopping the RPC server for Client Protocol
2024-01-26 13:21:38,294 [main] INFO  ipc.Server (Server.java:stop(3523)) - Stopping server on 15322
2024-01-26 13:21:38,294 [IPC Server listener on 15322] INFO  ipc.Server (Server.java:run(1434)) - Stopping IPC Server listener on 15322
2024-01-26 13:21:38,294 [IPC Server Responder] INFO  ipc.Server (Server.java:run(1567)) - Stopping IPC Server Responder
2024-01-26 13:21:38,480 [ForkJoinPool.commonPool-worker-4] INFO  utils.DatanodeStoreCache (DatanodeStoreCache.java:shutdownCache(116)) - Skip clearing cache in mini cluster mode. Entries left: [/home/runner/work/ozone/ozone/hadoop-ozone/integration-test/target/test-dir/MiniOzoneClusterImpl-953fd8c5-ac00-44c9-baab-0887e32ba883/datanode-6/data-0/containers/hdds/953fd8c5-ac00-44c9-baab-0887e32ba883/DS-227570f2-6aa4-45b3-ab2a-eda8f2353697/container.db, /home/runner/work/ozone/ozone/hadoop-ozone/integration-test/target/test-dir/MiniOzoneClusterImpl-953fd8c5-ac00-44c9-baab-0887e32ba883/datanode-7/data-0/containers/hdds/953fd8c5-ac00-44c9-baab-0887e32ba883/DS-f3ca8f06-8c08-484c-a85c-00fed940af43/container.db, /home/runner/work/ozone/ozone/hadoop-ozone/integration-test/target/test-dir/MiniOzoneClusterImpl-953fd8c5-ac00-44c9-baab-0887e32ba883/datanode-8/data-0/containers/hdds/953fd8c5-ac00-44c9-baab-0887e32ba883/DS-d5993591-2afa-4eef-b901-8fbe5f06a2ec/container.db]
2024-01-26 13:21:38,481 [ForkJoinPool.commonPool-worker-4] INFO  utils.DatanodeStoreCache (DatanodeStoreCache.java:removeDB(110)) - Removed db /home/runner/work/ozone/ozone/hadoop-ozone/integration-test/target/test-dir/MiniOzoneClusterImpl-953fd8c5-ac00-44c9-baab-0887e32ba883/datanode-7/data-0/containers/hdds/953fd8c5-ac00-44c9-baab-0887e32ba883/DS-f3ca8f06-8c08-484c-a85c-00fed940af43/container.db from cache
2024-01-26 13:21:38,481 [ForkJoinPool.commonPool-worker-4] INFO  volume.HddsVolume (HddsVolume.java:closeDbStore(451)) - SchemaV3 db is stopped at /home/runner/work/ozone/ozone/hadoop-ozone/integration-test/target/test-dir/MiniOzoneClusterImpl-953fd8c5-ac00-44c9-baab-0887e32ba883/datanode-7/data-0/containers/hdds/953fd8c5-ac00-44c9-baab-0887e32ba883/DS-f3ca8f06-8c08-484c-a85c-00fed940af43/container.db for volume DS-f3ca8f06-8c08-484c-a85c-00fed940af43
2024-01-26 13:21:38,481 [ForkJoinPool.commonPool-worker-4] INFO  utils.BackgroundService (BackgroundService.java:shutdown(160)) - Shutting down service BlockDeletingService
2024-01-26 13:21:38,481 [ForkJoinPool.commonPool-worker-4] INFO  utils.BackgroundService (BackgroundService.java:shutdown(160)) - Shutting down service StaleRecoveringContainerScrubbingService
2024-01-26 13:21:38,482 [ForkJoinPool.commonPool-worker-4] INFO  statemachine.DatanodeStateMachine (DatanodeStateMachine.java:stopDaemon(638)) - Ozone container server stopped.
2024-01-26 13:21:38,483 [ForkJoinPool.commonPool-worker-4] INFO  handler.ContextHandler (ContextHandler.java:doStop(1159)) - Stopped o.e.j.w.WebAppContext@1e2ed757{hddsDatanode,/,null,STOPPED}{jar:file:/home/runner/.m2/repository/org/apache/ozone/hdds-container-service/1.5.0-SNAPSHOT/hdds-container-service-1.5.0-SNAPSHOT.jar!/webapps/hddsDatanode}
2024-01-26 13:21:38,485 [ForkJoinPool.commonPool-worker-4] INFO  server.AbstractConnector (AbstractConnector.java:doStop(383)) - Stopped ServerConnector@14df6836{HTTP/1.1, (http/1.1)}{0.0.0.0:15339}
2024-01-26 13:21:38,485 [ForkJoinPool.commonPool-worker-4] INFO  server.session (HouseKeeper.java:stopScavenging(149)) - node0 Stopped scavenging
2024-01-26 13:21:38,485 [ForkJoinPool.commonPool-worker-4] INFO  handler.ContextHandler (ContextHandler.java:doStop(1159)) - Stopped o.e.j.s.ServletContextHandler@3e2e5d9e{static,/static,jar:file:/home/runner/.m2/repository/org/apache/ozone/hdds-container-service/1.5.0-SNAPSHOT/hdds-container-service-1.5.0-SNAPSHOT.jar!/webapps/static,STOPPED}
2024-01-26 13:21:38,486 [ForkJoinPool.commonPool-worker-4] INFO  handler.ContextHandler (ContextHandler.java:doStop(1159)) - Stopped o.e.j.s.ServletContextHandler@331565c7{logs,/logs,file:///home/runner/work/ozone/ozone/hadoop-ozone/integration-test/target/log,STOPPED}
2024-01-26 13:21:38,486 [ForkJoinPool.commonPool-worker-4] INFO  ozone.HddsDatanodeClientProtocolServer (HddsDatanodeClientProtocolServer.java:stop(78)) - Stopping the RPC server for Client Protocol
2024-01-26 13:21:38,488 [ForkJoinPool.commonPool-worker-4] INFO  ipc.Server (Server.java:stop(3523)) - Stopping server on 15340
2024-01-26 13:21:38,489 [IPC Server listener on 15340] INFO  ipc.Server (Server.java:run(1434)) - Stopping IPC Server listener on 15340
2024-01-26 13:21:38,489 [IPC Server Responder] INFO  ipc.Server (Server.java:run(1567)) - Stopping IPC Server Responder
2024-01-26 13:21:38,567 [ForkJoinPool.commonPool-worker-0] INFO  utils.DatanodeStoreCache (DatanodeStoreCache.java:shutdownCache(116)) - Skip clearing cache in mini cluster mode. Entries left: [/home/runner/work/ozone/ozone/hadoop-ozone/integration-test/target/test-dir/MiniOzoneClusterImpl-953fd8c5-ac00-44c9-baab-0887e32ba883/datanode-6/data-0/containers/hdds/953fd8c5-ac00-44c9-baab-0887e32ba883/DS-227570f2-6aa4-45b3-ab2a-eda8f2353697/container.db, /home/runner/work/ozone/ozone/hadoop-ozone/integration-test/target/test-dir/MiniOzoneClusterImpl-953fd8c5-ac00-44c9-baab-0887e32ba883/datanode-8/data-0/containers/hdds/953fd8c5-ac00-44c9-baab-0887e32ba883/DS-d5993591-2afa-4eef-b901-8fbe5f06a2ec/container.db]
2024-01-26 13:21:38,568 [ForkJoinPool.commonPool-worker-0] INFO  utils.DatanodeStoreCache (DatanodeStoreCache.java:removeDB(110)) - Removed db /home/runner/work/ozone/ozone/hadoop-ozone/integration-test/target/test-dir/MiniOzoneClusterImpl-953fd8c5-ac00-44c9-baab-0887e32ba883/datanode-6/data-0/containers/hdds/953fd8c5-ac00-44c9-baab-0887e32ba883/DS-227570f2-6aa4-45b3-ab2a-eda8f2353697/container.db from cache
2024-01-26 13:21:38,568 [ForkJoinPool.commonPool-worker-0] INFO  volume.HddsVolume (HddsVolume.java:closeDbStore(451)) - SchemaV3 db is stopped at /home/runner/work/ozone/ozone/hadoop-ozone/integration-test/target/test-dir/MiniOzoneClusterImpl-953fd8c5-ac00-44c9-baab-0887e32ba883/datanode-6/data-0/containers/hdds/953fd8c5-ac00-44c9-baab-0887e32ba883/DS-227570f2-6aa4-45b3-ab2a-eda8f2353697/container.db for volume DS-227570f2-6aa4-45b3-ab2a-eda8f2353697
2024-01-26 13:21:38,568 [ForkJoinPool.commonPool-worker-0] INFO  utils.BackgroundService (BackgroundService.java:shutdown(160)) - Shutting down service BlockDeletingService
2024-01-26 13:21:38,568 [ForkJoinPool.commonPool-worker-0] INFO  utils.BackgroundService (BackgroundService.java:shutdown(160)) - Shutting down service StaleRecoveringContainerScrubbingService
2024-01-26 13:21:38,569 [ForkJoinPool.commonPool-worker-0] INFO  statemachine.DatanodeStateMachine (DatanodeStateMachine.java:stopDaemon(638)) - Ozone container server stopped.
2024-01-26 13:21:38,570 [ForkJoinPool.commonPool-worker-0] INFO  handler.ContextHandler (ContextHandler.java:doStop(1159)) - Stopped o.e.j.w.WebAppContext@40cb94e2{hddsDatanode,/,null,STOPPED}{jar:file:/home/runner/.m2/repository/org/apache/ozone/hdds-container-service/1.5.0-SNAPSHOT/hdds-container-service-1.5.0-SNAPSHOT.jar!/webapps/hddsDatanode}
2024-01-26 13:21:38,571 [ForkJoinPool.commonPool-worker-0] INFO  server.AbstractConnector (AbstractConnector.java:doStop(383)) - Stopped ServerConnector@3561e0a{HTTP/1.1, (http/1.1)}{0.0.0.0:15330}
2024-01-26 13:21:38,571 [ForkJoinPool.commonPool-worker-0] INFO  server.session (HouseKeeper.java:stopScavenging(149)) - node0 Stopped scavenging
2024-01-26 13:21:38,572 [ForkJoinPool.commonPool-worker-0] INFO  handler.ContextHandler (ContextHandler.java:doStop(1159)) - Stopped o.e.j.s.ServletContextHandler@2ec9a953{static,/static,jar:file:/home/runner/.m2/repository/org/apache/ozone/hdds-container-service/1.5.0-SNAPSHOT/hdds-container-service-1.5.0-SNAPSHOT.jar!/webapps/static,STOPPED}
2024-01-26 13:21:38,573 [ForkJoinPool.commonPool-worker-0] INFO  handler.ContextHandler (ContextHandler.java:doStop(1159)) - Stopped o.e.j.s.ServletContextHandler@6383bbf5{logs,/logs,file:///home/runner/work/ozone/ozone/hadoop-ozone/integration-test/target/log,STOPPED}
2024-01-26 13:21:38,573 [ForkJoinPool.commonPool-worker-0] INFO  ozone.HddsDatanodeClientProtocolServer (HddsDatanodeClientProtocolServer.java:stop(78)) - Stopping the RPC server for Client Protocol
2024-01-26 13:21:38,573 [ForkJoinPool.commonPool-worker-0] INFO  ipc.Server (Server.java:stop(3523)) - Stopping server on 15331
2024-01-26 13:21:38,577 [IPC Server listener on 15331] INFO  ipc.Server (Server.java:run(1434)) - Stopping IPC Server listener on 15331
2024-01-26 13:21:38,577 [IPC Server Responder] INFO  ipc.Server (Server.java:run(1567)) - Stopping IPC Server Responder
2024-01-26 13:21:38,588 [ForkJoinPool.commonPool-worker-1] INFO  utils.DatanodeStoreCache (DatanodeStoreCache.java:shutdownCache(116)) - Skip clearing cache in mini cluster mode. Entries left: [/home/runner/work/ozone/ozone/hadoop-ozone/integration-test/target/test-dir/MiniOzoneClusterImpl-953fd8c5-ac00-44c9-baab-0887e32ba883/datanode-8/data-0/containers/hdds/953fd8c5-ac00-44c9-baab-0887e32ba883/DS-d5993591-2afa-4eef-b901-8fbe5f06a2ec/container.db]
2024-01-26 13:21:38,588 [ForkJoinPool.commonPool-worker-1] INFO  utils.DatanodeStoreCache (DatanodeStoreCache.java:removeDB(110)) - Removed db /home/runner/work/ozone/ozone/hadoop-ozone/integration-test/target/test-dir/MiniOzoneClusterImpl-953fd8c5-ac00-44c9-baab-0887e32ba883/datanode-8/data-0/containers/hdds/953fd8c5-ac00-44c9-baab-0887e32ba883/DS-d5993591-2afa-4eef-b901-8fbe5f06a2ec/container.db from cache
2024-01-26 13:21:38,589 [ForkJoinPool.commonPool-worker-1] INFO  volume.HddsVolume (HddsVolume.java:closeDbStore(451)) - SchemaV3 db is stopped at /home/runner/work/ozone/ozone/hadoop-ozone/integration-test/target/test-dir/MiniOzoneClusterImpl-953fd8c5-ac00-44c9-baab-0887e32ba883/datanode-8/data-0/containers/hdds/953fd8c5-ac00-44c9-baab-0887e32ba883/DS-d5993591-2afa-4eef-b901-8fbe5f06a2ec/container.db for volume DS-d5993591-2afa-4eef-b901-8fbe5f06a2ec
2024-01-26 13:21:38,589 [ForkJoinPool.commonPool-worker-1] INFO  utils.BackgroundService (BackgroundService.java:shutdown(160)) - Shutting down service BlockDeletingService
2024-01-26 13:21:38,589 [ForkJoinPool.commonPool-worker-1] INFO  utils.BackgroundService (BackgroundService.java:shutdown(160)) - Shutting down service StaleRecoveringContainerScrubbingService
2024-01-26 13:21:38,589 [ForkJoinPool.commonPool-worker-1] INFO  statemachine.DatanodeStateMachine (DatanodeStateMachine.java:stopDaemon(638)) - Ozone container server stopped.
2024-01-26 13:21:38,590 [ForkJoinPool.commonPool-worker-1] INFO  handler.ContextHandler (ContextHandler.java:doStop(1159)) - Stopped o.e.j.w.WebAppContext@28b71fce{hddsDatanode,/,null,STOPPED}{jar:file:/home/runner/.m2/repository/org/apache/ozone/hdds-container-service/1.5.0-SNAPSHOT/hdds-container-service-1.5.0-SNAPSHOT.jar!/webapps/hddsDatanode}
2024-01-26 13:21:38,591 [ForkJoinPool.commonPool-worker-1] INFO  server.AbstractConnector (AbstractConnector.java:doStop(383)) - Stopped ServerConnector@4939d03a{HTTP/1.1, (http/1.1)}{0.0.0.0:15348}
2024-01-26 13:21:38,591 [ForkJoinPool.commonPool-worker-1] INFO  server.session (HouseKeeper.java:stopScavenging(149)) - node0 Stopped scavenging
2024-01-26 13:21:38,591 [ForkJoinPool.commonPool-worker-1] INFO  handler.ContextHandler (ContextHandler.java:doStop(1159)) - Stopped o.e.j.s.ServletContextHandler@bd6a817{static,/static,jar:file:/home/runner/.m2/repository/org/apache/ozone/hdds-container-service/1.5.0-SNAPSHOT/hdds-container-service-1.5.0-SNAPSHOT.jar!/webapps/static,STOPPED}
2024-01-26 13:21:38,591 [ForkJoinPool.commonPool-worker-1] INFO  handler.ContextHandler (ContextHandler.java:doStop(1159)) - Stopped o.e.j.s.ServletContextHandler@7fd1ba2{logs,/logs,file:///home/runner/work/ozone/ozone/hadoop-ozone/integration-test/target/log,STOPPED}
2024-01-26 13:21:38,592 [ForkJoinPool.commonPool-worker-1] INFO  ozone.HddsDatanodeClientProtocolServer (HddsDatanodeClientProtocolServer.java:stop(78)) - Stopping the RPC server for Client Protocol
2024-01-26 13:21:38,592 [ForkJoinPool.commonPool-worker-1] INFO  ipc.Server (Server.java:stop(3523)) - Stopping server on 15349
2024-01-26 13:21:38,593 [IPC Server listener on 15349] INFO  ipc.Server (Server.java:run(1434)) - Stopping IPC Server listener on 15349
2024-01-26 13:21:38,593 [IPC Server Responder] INFO  ipc.Server (Server.java:run(1567)) - Stopping IPC Server Responder
2024-01-26 13:21:38,593 [main] INFO  ozone.MiniOzoneClusterImpl (MiniOzoneClusterImpl.java:stopSCM(550)) - Stopping the StorageContainerManager
2024-01-26 13:21:38,593 [main] INFO  server.StorageContainerManager (StorageContainerManager.java:stop(1654)) - Container Balancer is not running.
2024-01-26 13:21:38,593 [main] INFO  server.StorageContainerManager (StorageContainerManager.java:stopReplicationManager(1787)) - Stopping Replication Manager Service.
2024-01-26 13:21:38,594 [main] INFO  replication.ReplicationManager (ReplicationManager.java:stop(326)) - Stopping Replication Monitor Thread.
2024-01-26 13:21:38,594 [UnderReplicatedProcessor] WARN  replication.UnhealthyReplicationProcessor (UnhealthyReplicationProcessor.java:run(180)) - UnderReplicatedProcessor interrupted. Exiting...
2024-01-26 13:21:38,594 [OverReplicatedProcessor] WARN  replication.UnhealthyReplicationProcessor (UnhealthyReplicationProcessor.java:run(180)) - OverReplicatedProcessor interrupted. Exiting...
2024-01-26 13:21:38,594 [main] INFO  server.StorageContainerManager (StorageContainerManager.java:stop(1663)) - Stopping the Datanode Admin Monitor.
2024-01-26 13:21:38,594 [main] INFO  server.StorageContainerManager (StorageContainerManager.java:stop(1670)) - Stopping datanode service RPC server
2024-01-26 13:21:38,594 [main] INFO  server.SCMDatanodeProtocolServer (SCMDatanodeProtocolServer.java:stop(425)) - Stopping the RPC server for DataNodes
2024-01-26 13:21:38,594 [main] INFO  ipc.Server (Server.java:stop(3523)) - Stopping server on 15269
2024-01-26 13:21:38,594 [ReplicationMonitor] INFO  replication.ReplicationManager (ReplicationManager.java:run(933)) - Replication Monitor Thread is stopped
2024-01-26 13:21:38,597 [IPC Server listener on 15269] INFO  ipc.Server (Server.java:run(1434)) - Stopping IPC Server listener on 15269
2024-01-26 13:21:38,597 [IPC Server Responder] INFO  ipc.Server (Server.java:run(1567)) - Stopping IPC Server Responder
2024-01-26 13:21:38,643 [SCMHeartbeatProcessor-0] WARN  node.NodeStateManager (NodeStateManager.java:scheduleNextHealthCheck(878)) - Current Thread is interrupted, shutting down HB processing thread for Node Manager.
2024-01-26 13:21:38,643 [main] INFO  server.StorageContainerManager (StorageContainerManager.java:stop(1678)) - Stopping block service RPC server
2024-01-26 13:21:38,643 [main] INFO  server.SCMBlockProtocolServer (SCMBlockProtocolServer.java:stop(169)) - Stopping the RPC server for Block Protocol
2024-01-26 13:21:38,643 [main] INFO  ipc.Server (Server.java:stop(3523)) - Stopping server on 15268
2024-01-26 13:21:38,645 [IPC Server Responder] INFO  ipc.Server (Server.java:run(1567)) - Stopping IPC Server Responder
2024-01-26 13:21:38,645 [main] INFO  server.StorageContainerManager (StorageContainerManager.java:stop(1685)) - Stopping the StorageContainerLocationProtocol RPC server
2024-01-26 13:21:38,646 [IPC Server listener on 15268] INFO  ipc.Server (Server.java:run(1434)) - Stopping IPC Server listener on 15268
2024-01-26 13:21:38,646 [main] INFO  server.SCMClientProtocolServer (SCMClientProtocolServer.java:stop(212)) - Stopping the RPC server for Client Protocol
2024-01-26 13:21:38,646 [main] INFO  ipc.Server (Server.java:stop(3523)) - Stopping server on 15267
2024-01-26 13:21:38,648 [IPC Server listener on 15267] INFO  ipc.Server (Server.java:run(1434)) - Stopping IPC Server listener on 15267
2024-01-26 13:21:38,648 [IPC Server Responder] INFO  ipc.Server (Server.java:run(1567)) - Stopping IPC Server Responder
2024-01-26 13:21:38,649 [main] INFO  server.StorageContainerManager (StorageContainerManager.java:stop(1692)) - Stopping Storage Container Manager HTTP server.
2024-01-26 13:21:38,649 [main] INFO  handler.ContextHandler (ContextHandler.java:doStop(1159)) - Stopped o.e.j.w.WebAppContext@4ab0e{scm,/,null,STOPPED}{file:/home/runner/work/ozone/ozone/hadoop-ozone/integration-test/target/test-classes/webapps/scm}
2024-01-26 13:21:38,650 [main] INFO  server.AbstractConnector (AbstractConnector.java:doStop(383)) - Stopped ServerConnector@7e6ab107{HTTP/1.1, (http/1.1)}{0.0.0.0:15270}
2024-01-26 13:21:38,651 [main] INFO  server.session (HouseKeeper.java:stopScavenging(149)) - node0 Stopped scavenging
2024-01-26 13:21:38,651 [main] INFO  handler.ContextHandler (ContextHandler.java:doStop(1159)) - Stopped o.e.j.s.ServletContextHandler@270239f6{static,/static,file:///home/runner/work/ozone/ozone/hadoop-ozone/integration-test/target/test-classes/webapps/static,STOPPED}
2024-01-26 13:21:38,651 [main] INFO  handler.ContextHandler (ContextHandler.java:doStop(1159)) - Stopped o.e.j.s.ServletContextHandler@2e71bab1{logs,/logs,file:///home/runner/work/ozone/ozone/hadoop-ozone/integration-test/target/log,STOPPED}
2024-01-26 13:21:38,652 [main] INFO  server.StorageContainerManager (StorageContainerManager.java:stop(1700)) - Stopping SCM LayoutVersionManager Service.
2024-01-26 13:21:38,652 [main] INFO  server.StorageContainerManager (StorageContainerManager.java:stop(1712)) - Stopping Block Manager Service.
2024-01-26 13:21:38,652 [main] INFO  utils.BackgroundService (BackgroundService.java:shutdown(160)) - Shutting down service SCMBlockDeletingService
2024-01-26 13:21:38,652 [main] INFO  utils.BackgroundService (BackgroundService.java:shutdown(160)) - Shutting down service SCMBlockDeletingService
2024-01-26 13:21:38,653 [main] INFO  server.StorageContainerManager (StorageContainerManager.java:stop(1732)) - Stopping SCM Event Queue.
2024-01-26 13:21:38,653 [JvmPauseMonitor33] INFO  util.JvmPauseMonitor (JvmPauseMonitor.java:run(152)) - JvmPauseMonitor-4f66a68b-aa5e-4b3d-9218-f544bf1bc265: Stopped
2024-01-26 13:21:38,653 [main] INFO  server.StorageContainerManager (StorageContainerManager.java:stop(1743)) - Stopping SCM HA services.
2024-01-26 13:21:38,653 [main] INFO  pipeline.BackgroundPipelineCreator (BackgroundPipelineCreator.java:stop(152)) - Stopping RatisPipelineUtilsThread.
2024-01-26 13:21:38,654 [RatisPipelineUtilsThread-0] WARN  pipeline.BackgroundPipelineCreator (BackgroundPipelineCreator.java:run(183)) - RatisPipelineUtilsThread is interrupted.
2024-01-26 13:21:38,654 [main] INFO  BackgroundPipelineScrubber (BackgroundSCMService.java:stop(131)) - Stopping BackgroundPipelineScrubber Service.
2024-01-26 13:21:38,654 [BackgroundPipelineScrubber] WARN  BackgroundPipelineScrubber (BackgroundSCMService.java:run(115)) - BackgroundPipelineScrubber is interrupted, exit
2024-01-26 13:21:38,654 [main] INFO  impl.MetricsSystemImpl (MetricsSystemImpl.java:stop(210)) - Stopping HddsDatanode metrics system...
2024-01-26 13:21:38,657 [prometheus] INFO  impl.MetricsSinkAdapter (MetricsSinkAdapter.java:publishMetricsFromQueue(141)) - prometheus thread interrupted.
2024-01-26 13:21:38,657 [main] INFO  impl.MetricsSystemImpl (MetricsSystemImpl.java:stop(216)) - HddsDatanode metrics system stopped.
2024-01-26 13:21:38,657 [main] WARN  pipeline.BackgroundPipelineCreator (BackgroundPipelineCreator.java:stop(148)) - RatisPipelineUtilsThread is not running, just ignore.
2024-01-26 13:21:38,657 [main] INFO  BackgroundPipelineScrubber (BackgroundSCMService.java:stop(126)) - BackgroundPipelineScrubber Service is not running, skip stop.
2024-01-26 13:21:38,657 [main] INFO  ExpiredContainerReplicaOpScrubber (BackgroundSCMService.java:stop(131)) - Stopping ExpiredContainerReplicaOpScrubber Service.
2024-01-26 13:21:38,657 [main] INFO  utils.BackgroundService (BackgroundService.java:shutdown(160)) - Shutting down service SCMBlockDeletingService
2024-01-26 13:21:38,657 [ExpiredContainerReplicaOpScrubber] WARN  ExpiredContainerReplicaOpScrubber (BackgroundSCMService.java:run(115)) - ExpiredContainerReplicaOpScrubber is interrupted, exit
2024-01-26 13:21:38,657 [main] INFO  replication.ReplicationManager (ReplicationManager.java:stop(336)) - Replication Monitor Thread is not running.
2024-01-26 13:21:38,658 [main] WARN  balancer.ContainerBalancer (ContainerBalancer.java:stop(327)) - Cannot stop Container Balancer because it's not running or stopping
2024-01-26 13:21:38,658 [LeaseManager#LeaseMonitor] WARN  lease.LeaseManager (LeaseManager.java:run(287)) - Lease manager is interrupted. Shutting down...
java.lang.InterruptedException
	at java.util.concurrent.locks.AbstractQueuedSynchronizer.doAcquireSharedNanos(AbstractQueuedSynchronizer.java:1039)
	at java.util.concurrent.locks.AbstractQueuedSynchronizer.tryAcquireSharedNanos(AbstractQueuedSynchronizer.java:1328)
	at java.util.concurrent.Semaphore.tryAcquire(Semaphore.java:409)
	at org.apache.hadoop.ozone.lease.LeaseManager$LeaseMonitor.run(LeaseManager.java:285)
	at java.lang.Thread.run(Thread.java:750)
2024-01-26 13:21:38,658 [main] INFO  server.StorageContainerManager (StorageContainerManager.java:stop(1778)) - Stopping SCM MetadataStore.
]]></system-out>
    </flakyError>
  </testcase>
</testsuite>